<?xml version="1.0" encoding="UTF-8"?>
<testsuite xmlns:xsi="http://www.w3.org/2001/XMLSchema-instance" xsi:noNamespaceSchemaLocation="https://maven.apache.org/surefire/maven-surefire-plugin/xsd/surefire-test-report.xsd" name="org.apache.hadoop.ozone.client.rpc.TestDeleteWithSlowFollower" time="133.792" tests="1" errors="0" skipped="0" failures="1">
  <properties>
    <property name="awt.toolkit" value="sun.awt.X11.XToolkit"/>
    <property name="file.encoding.pkg" value="sun.io"/>
    <property name="java.specification.version" value="1.8"/>
    <property name="sun.cpu.isalist" value=""/>
    <property name="sun.jnu.encoding" value="ANSI_X3.4-1968"/>
    <property name="java.class.path" value="/workdir/hadoop-ozone/integration-test/target/test-classes:/workdir/hadoop-ozone/integration-test/target/classes:/home/user/.m2/repository/org/apache/hadoop/hadoop-ozone-common/0.5.0-SNAPSHOT/hadoop-ozone-common-0.5.0-SNAPSHOT.jar:/home/user/.m2/repository/org/apache/commons/commons-compress/1.4.1/commons-compress-1.4.1.jar:/home/user/.m2/repository/org/tukaani/xz/1.0/xz-1.0.jar:/home/user/.m2/repository/org/apache/hadoop/hadoop-common/3.2.0/hadoop-common-3.2.0.jar:/home/user/.m2/repository/org/apache/hadoop/hadoop-hdfs/3.2.0/hadoop-hdfs-3.2.0.jar:/home/user/.m2/repository/org/apache/hadoop/hadoop-hdfs-client/3.2.0/hadoop-hdfs-client-3.2.0.jar:/home/user/.m2/repository/com/fasterxml/jackson/core/jackson-annotations/2.9.9/jackson-annotations-2.9.9.jar:/home/user/.m2/repository/org/apache/hadoop/hadoop-hdds-common/0.5.0-SNAPSHOT/hadoop-hdds-common-0.5.0-SNAPSHOT.jar:/home/user/.m2/repository/javax/annotation/javax.annotation-api/1.2/javax.annotation-api-1.2.jar:/home/user/.m2/repository/org/apache/ratis/ratis-server/0.5.0-3f446aa-SNAPSHOT/ratis-server-0.5.0-3f446aa-SNAPSHOT.jar:/home/user/.m2/repository/org/apache/ratis/ratis-thirdparty-misc/0.2.0/ratis-thirdparty-misc-0.2.0.jar:/home/user/.m2/repository/org/apache/ratis/ratis-proto/0.5.0-3f446aa-SNAPSHOT/ratis-proto-0.5.0-3f446aa-SNAPSHOT.jar:/home/user/.m2/repository/org/apache/ratis/ratis-common/0.5.0-3f446aa-SNAPSHOT/ratis-common-0.5.0-3f446aa-SNAPSHOT.jar:/home/user/.m2/repository/org/apache/ratis/ratis-client/0.5.0-3f446aa-SNAPSHOT/ratis-client-0.5.0-3f446aa-SNAPSHOT.jar:/home/user/.m2/repository/org/apache/ratis/ratis-metrics/0.5.0-3f446aa-SNAPSHOT/ratis-metrics-0.5.0-3f446aa-SNAPSHOT.jar:/home/user/.m2/repository/com/github/joshelser/dropwizard-metrics-hadoop-metrics2-reporter/0.1.2/dropwizard-metrics-hadoop-metrics2-reporter-0.1.2.jar:/home/user/.m2/repository/io/dropwizard/metrics/metrics-jvm/3.2.5/metrics-jvm-3.2.5.jar:/home/user/.m2/repository/io/dropwizard/metrics/metrics-ganglia/3.2.5/metrics-ganglia-3.2.5.jar:/home/user/.m2/repository/info/ganglia/gmetric4j/gmetric4j/1.0.7/gmetric4j-1.0.7.jar:/home/user/.m2/repository/org/apache/ratis/ratis-netty/0.5.0-3f446aa-SNAPSHOT/ratis-netty-0.5.0-3f446aa-SNAPSHOT.jar:/home/user/.m2/repository/org/apache/ratis/ratis-grpc/0.5.0-3f446aa-SNAPSHOT/ratis-grpc-0.5.0-3f446aa-SNAPSHOT.jar:/home/user/.m2/repository/org/rocksdb/rocksdbjni/6.0.1/rocksdbjni-6.0.1.jar:/home/user/.m2/repository/org/apache/logging/log4j/log4j-api/2.11.0/log4j-api-2.11.0.jar:/home/user/.m2/repository/org/apache/logging/log4j/log4j-core/2.11.0/log4j-core-2.11.0.jar:/home/user/.m2/repository/com/lmax/disruptor/3.4.2/disruptor-3.4.2.jar:/home/user/.m2/repository/org/apache/commons/commons-pool2/2.6.0/commons-pool2-2.6.0.jar:/home/user/.m2/repository/org/bouncycastle/bcpkix-jdk15on/1.60/bcpkix-jdk15on-1.60.jar:/home/user/.m2/repository/commons-validator/commons-validator/1.6/commons-validator-1.6.jar:/home/user/.m2/repository/commons-digester/commons-digester/1.8.1/commons-digester-1.8.1.jar:/home/user/.m2/repository/io/jaegertracing/jaeger-client/0.34.0/jaeger-client-0.34.0.jar:/home/user/.m2/repository/io/jaegertracing/jaeger-thrift/0.34.0/jaeger-thrift-0.34.0.jar:/home/user/.m2/repository/org/apache/thrift/libthrift/0.12.0/libthrift-0.12.0.jar:/home/user/.m2/repository/com/squareup/okhttp3/okhttp/3.9.0/okhttp-3.9.0.jar:/home/user/.m2/repository/com/squareup/okio/okio/1.13.0/okio-1.13.0.jar:/home/user/.m2/repository/io/jaegertracing/jaeger-core/0.34.0/jaeger-core-0.34.0.jar:/home/user/.m2/repository/io/jaegertracing/jaeger-tracerresolver/0.34.0/jaeger-tracerresolver-0.34.0.jar:/home/user/.m2/repository/io/opentracing/contrib/opentracing-tracerresolver/0.1.5/opentracing-tracerresolver-0.1.5.jar:/home/user/.m2/repository/io/opentracing/opentracing-util/0.31.0/opentracing-util-0.31.0.jar:/home/user/.m2/repository/io/opentracing/opentracing-api/0.31.0/opentracing-api-0.31.0.jar:/home/user/.m2/repository/io/opentracing/opentracing-noop/0.31.0/opentracing-noop-0.31.0.jar:/home/user/.m2/repository/org/apache/hadoop/hadoop-hdds-server-framework/0.5.0-SNAPSHOT/hadoop-hdds-server-framework-0.5.0-SNAPSHOT.jar:/home/user/.m2/repository/org/apache/hadoop/hadoop-hdds-container-service/0.5.0-SNAPSHOT/hadoop-hdds-container-service-0.5.0-SNAPSHOT.jar:/home/user/.m2/repository/org/apache/hadoop/hadoop-hdds-client/0.5.0-SNAPSHOT/hadoop-hdds-client-0.5.0-SNAPSHOT.jar:/home/user/.m2/repository/org/apache/hadoop/hadoop-hdds-tools/0.5.0-SNAPSHOT/hadoop-hdds-tools-0.5.0-SNAPSHOT.jar:/home/user/.m2/repository/org/apache/hadoop/hadoop-hdds-server-scm/0.5.0-SNAPSHOT/hadoop-hdds-server-scm-0.5.0-SNAPSHOT.jar:/home/user/.m2/repository/org/apache/hadoop/hadoop-hdds-docs/0.5.0-SNAPSHOT/hadoop-hdds-docs-0.5.0-SNAPSHOT.jar:/home/user/.m2/repository/io/dropwizard/metrics/metrics-core/3.2.4/metrics-core-3.2.4.jar:/home/user/.m2/repository/org/hamcrest/hamcrest-all/1.3/hamcrest-all-1.3.jar:/home/user/.m2/repository/org/bouncycastle/bcprov-jdk15on/1.60/bcprov-jdk15on-1.60.jar:/home/user/.m2/repository/info/picocli/picocli/3.9.6/picocli-3.9.6.jar:/home/user/.m2/repository/com/google/protobuf/protobuf-java/2.5.0/protobuf-java-2.5.0.jar:/home/user/.m2/repository/com/google/guava/guava/11.0.2/guava-11.0.2.jar:/home/user/.m2/repository/org/apache/hadoop/hadoop-ozone-ozone-manager/0.5.0-SNAPSHOT/hadoop-ozone-ozone-manager-0.5.0-SNAPSHOT.jar:/home/user/.m2/repository/org/apache/hadoop/hadoop-minikdc/3.2.0/hadoop-minikdc-3.2.0.jar:/home/user/.m2/repository/commons-io/commons-io/2.5/commons-io-2.5.jar:/home/user/.m2/repository/org/apache/kerby/kerb-simplekdc/1.0.1/kerb-simplekdc-1.0.1.jar:/home/user/.m2/repository/org/apache/kerby/kerb-client/1.0.1/kerb-client-1.0.1.jar:/home/user/.m2/repository/org/apache/kerby/kerby-config/1.0.1/kerby-config-1.0.1.jar:/home/user/.m2/repository/org/apache/kerby/kerb-core/1.0.1/kerb-core-1.0.1.jar:/home/user/.m2/repository/org/apache/kerby/kerby-pkix/1.0.1/kerby-pkix-1.0.1.jar:/home/user/.m2/repository/org/apache/kerby/kerby-asn1/1.0.1/kerby-asn1-1.0.1.jar:/home/user/.m2/repository/org/apache/kerby/kerby-util/1.0.1/kerby-util-1.0.1.jar:/home/user/.m2/repository/org/apache/kerby/kerb-common/1.0.1/kerb-common-1.0.1.jar:/home/user/.m2/repository/org/apache/kerby/kerb-crypto/1.0.1/kerb-crypto-1.0.1.jar:/home/user/.m2/repository/org/apache/kerby/kerb-util/1.0.1/kerb-util-1.0.1.jar:/home/user/.m2/repository/org/apache/kerby/token-provider/1.0.1/token-provider-1.0.1.jar:/home/user/.m2/repository/org/apache/kerby/kerb-admin/1.0.1/kerb-admin-1.0.1.jar:/home/user/.m2/repository/org/apache/kerby/kerb-server/1.0.1/kerb-server-1.0.1.jar:/home/user/.m2/repository/org/apache/kerby/kerb-identity/1.0.1/kerb-identity-1.0.1.jar:/home/user/.m2/repository/org/apache/kerby/kerby-xdr/1.0.1/kerby-xdr-1.0.1.jar:/home/user/.m2/repository/org/slf4j/slf4j-log4j12/1.7.25/slf4j-log4j12-1.7.25.jar:/home/user/.m2/repository/org/apache/hadoop/hadoop-ozone-s3gateway/0.5.0-SNAPSHOT/hadoop-ozone-s3gateway-0.5.0-SNAPSHOT.jar:/home/user/.m2/repository/org/jboss/weld/servlet/weld-servlet/2.4.7.Final/weld-servlet-2.4.7.Final.jar:/home/user/.m2/repository/org/glassfish/jersey/containers/jersey-container-servlet-core/2.27/jersey-container-servlet-core-2.27.jar:/home/user/.m2/repository/org/glassfish/hk2/external/javax.inject/2.5.0-b42/javax.inject-2.5.0-b42.jar:/home/user/.m2/repository/org/glassfish/jersey/core/jersey-common/2.27/jersey-common-2.27.jar:/home/user/.m2/repository/org/glassfish/hk2/osgi-resource-locator/1.0.1/osgi-resource-locator-1.0.1.jar:/home/user/.m2/repository/javax/ws/rs/javax.ws.rs-api/2.1/javax.ws.rs-api-2.1.jar:/home/user/.m2/repository/org/glassfish/jersey/ext/cdi/jersey-cdi1x/2.27/jersey-cdi1x-2.27.jar:/home/user/.m2/repository/org/glassfish/jersey/inject/jersey-hk2/2.27/jersey-hk2-2.27.jar:/home/user/.m2/repository/org/glassfish/hk2/hk2-locator/2.5.0-b42/hk2-locator-2.5.0-b42.jar:/home/user/.m2/repository/org/javassist/javassist/3.22.0-CR2/javassist-3.22.0-CR2.jar:/home/user/.m2/repository/org/glassfish/hk2/hk2-api/2.5.0/hk2-api-2.5.0.jar:/home/user/.m2/repository/org/glassfish/hk2/external/jakarta.inject/2.5.0/jakarta.inject-2.5.0.jar:/home/user/.m2/repository/org/glassfish/hk2/hk2-utils/2.5.0/hk2-utils-2.5.0.jar:/home/user/.m2/repository/jakarta/annotation/jakarta.annotation-api/1.3.4/jakarta.annotation-api-1.3.4.jar:/home/user/.m2/repository/org/glassfish/hk2/external/aopalliance-repackaged/2.5.0/aopalliance-repackaged-2.5.0.jar:/home/user/.m2/repository/com/fasterxml/jackson/dataformat/jackson-dataformat-xml/2.9.0/jackson-dataformat-xml-2.9.0.jar:/home/user/.m2/repository/com/fasterxml/jackson/core/jackson-core/2.9.9/jackson-core-2.9.9.jar:/home/user/.m2/repository/com/fasterxml/jackson/module/jackson-module-jaxb-annotations/2.9.9/jackson-module-jaxb-annotations-2.9.9.jar:/home/user/.m2/repository/javax/enterprise/cdi-api/1.2/cdi-api-1.2.jar:/home/user/.m2/repository/javax/el/javax.el-api/3.0.0/javax.el-api-3.0.0.jar:/home/user/.m2/repository/javax/interceptor/javax.interceptor-api/1.2/javax.interceptor-api-1.2.jar:/home/user/.m2/repository/javax/inject/javax.inject/1/javax.inject-1.jar:/home/user/.m2/repository/com/sun/xml/bind/jaxb-impl/2.3.0.1/jaxb-impl-2.3.0.1.jar:/home/user/.m2/repository/com/sun/xml/bind/jaxb-core/2.3.0.1/jaxb-core-2.3.0.1.jar:/home/user/.m2/repository/javax/xml/bind/jaxb-api/2.3.0/jaxb-api-2.3.0.jar:/home/user/.m2/repository/javax/activation/activation/1.1.1/activation-1.1.1.jar:/home/user/.m2/repository/org/apache/hadoop/hadoop-ozone-csi/0.5.0-SNAPSHOT/hadoop-ozone-csi-0.5.0-SNAPSHOT.jar:/home/user/.m2/repository/com/google/protobuf/protobuf-java-util/3.5.1/protobuf-java-util-3.5.1.jar:/home/user/.m2/repository/org/apache/hadoop/hadoop-hdds-config/0.5.0-SNAPSHOT/hadoop-hdds-config-0.5.0-SNAPSHOT.jar:/home/user/.m2/repository/io/grpc/grpc-netty/1.17.1/grpc-netty-1.17.1.jar:/home/user/.m2/repository/io/grpc/grpc-core/1.17.1/grpc-core-1.17.1.jar:/home/user/.m2/repository/io/grpc/grpc-context/1.17.1/grpc-context-1.17.1.jar:/home/user/.m2/repository/com/google/errorprone/error_prone_annotations/2.2.0/error_prone_annotations-2.2.0.jar:/home/user/.m2/repository/org/codehaus/mojo/animal-sniffer-annotations/1.17/animal-sniffer-annotations-1.17.jar:/home/user/.m2/repository/io/opencensus/opencensus-api/0.17.0/opencensus-api-0.17.0.jar:/home/user/.m2/repository/io/opencensus/opencensus-contrib-grpc-metrics/0.17.0/opencensus-contrib-grpc-metrics-0.17.0.jar:/home/user/.m2/repository/io/netty/netty-codec-http2/4.1.30.Final/netty-codec-http2-4.1.30.Final.jar:/home/user/.m2/repository/io/netty/netty-codec-http/4.1.30.Final/netty-codec-http-4.1.30.Final.jar:/home/user/.m2/repository/io/netty/netty-codec/4.1.30.Final/netty-codec-4.1.30.Final.jar:/home/user/.m2/repository/io/netty/netty-handler/4.1.30.Final/netty-handler-4.1.30.Final.jar:/home/user/.m2/repository/io/netty/netty-handler-proxy/4.1.30.Final/netty-handler-proxy-4.1.30.Final.jar:/home/user/.m2/repository/io/netty/netty-codec-socks/4.1.30.Final/netty-codec-socks-4.1.30.Final.jar:/home/user/.m2/repository/io/netty/netty-transport-native-epoll/4.1.30.Final/netty-transport-native-epoll-4.1.30.Final.jar:/home/user/.m2/repository/io/netty/netty-common/4.1.30.Final/netty-common-4.1.30.Final.jar:/home/user/.m2/repository/io/netty/netty-buffer/4.1.30.Final/netty-buffer-4.1.30.Final.jar:/home/user/.m2/repository/io/netty/netty-transport/4.1.30.Final/netty-transport-4.1.30.Final.jar:/home/user/.m2/repository/io/netty/netty-resolver/4.1.30.Final/netty-resolver-4.1.30.Final.jar:/home/user/.m2/repository/io/netty/netty-transport-native-unix-common/4.1.30.Final/netty-transport-native-unix-common-4.1.30.Final.jar:/home/user/.m2/repository/io/grpc/grpc-protobuf/1.17.1/grpc-protobuf-1.17.1.jar:/home/user/.m2/repository/com/google/api/grpc/proto-google-common-protos/1.0.0/proto-google-common-protos-1.0.0.jar:/home/user/.m2/repository/io/grpc/grpc-protobuf-lite/1.17.1/grpc-protobuf-lite-1.17.1.jar:/home/user/.m2/repository/io/grpc/grpc-stub/1.17.1/grpc-stub-1.17.1.jar:/home/user/.m2/repository/org/apache/hadoop/hadoop-ozone-recon/0.5.0-SNAPSHOT/hadoop-ozone-recon-0.5.0-SNAPSHOT.jar:/home/user/.m2/repository/org/apache/hadoop/hadoop-ozone-reconcodegen/0.5.0-SNAPSHOT/hadoop-ozone-reconcodegen-0.5.0-SNAPSHOT.jar:/home/user/.m2/repository/com/google/inject/extensions/guice-multibindings/4.0/guice-multibindings-4.0.jar:/home/user/.m2/repository/com/google/inject/guice/4.0/guice-4.0.jar:/home/user/.m2/repository/aopalliance/aopalliance/1.0/aopalliance-1.0.jar:/home/user/.m2/repository/com/google/inject/extensions/guice-servlet/4.0/guice-servlet-4.0.jar:/home/user/.m2/repository/org/glassfish/jersey/containers/jersey-container-servlet/2.27/jersey-container-servlet-2.27.jar:/home/user/.m2/repository/org/glassfish/hk2/guice-bridge/2.5.0/guice-bridge-2.5.0.jar:/home/user/.m2/repository/org/glassfish/jersey/core/jersey-server/2.27/jersey-server-2.27.jar:/home/user/.m2/repository/org/glassfish/jersey/core/jersey-client/2.27/jersey-client-2.27.jar:/home/user/.m2/repository/org/glassfish/jersey/media/jersey-media-jaxb/2.27/jersey-media-jaxb-2.27.jar:/home/user/.m2/repository/javax/validation/validation-api/1.1.0.Final/validation-api-1.1.0.Final.jar:/home/user/.m2/repository/org/glassfish/jersey/media/jersey-media-json-jackson/2.27/jersey-media-json-jackson-2.27.jar:/home/user/.m2/repository/org/glassfish/jersey/ext/jersey-entity-filtering/2.27/jersey-entity-filtering-2.27.jar:/home/user/.m2/repository/com/google/inject/extensions/guice-assistedinject/4.0/guice-assistedinject-4.0.jar:/home/user/.m2/repository/org/jooq/jooq/3.11.10/jooq-3.11.10.jar:/home/user/.m2/repository/org/jooq/jooq-meta/3.11.10/jooq-meta-3.11.10.jar:/home/user/.m2/repository/org/jooq/jooq-codegen/3.11.10/jooq-codegen-3.11.10.jar:/home/user/.m2/repository/com/jolbox/bonecp/0.8.0.RELEASE/bonecp-0.8.0.RELEASE.jar:/home/user/.m2/repository/org/xerial/sqlite-jdbc/3.25.2/sqlite-jdbc-3.25.2.jar:/home/user/.m2/repository/org/springframework/spring-jdbc/5.1.3.RELEASE/spring-jdbc-5.1.3.RELEASE.jar:/home/user/.m2/repository/org/springframework/spring-beans/5.1.3.RELEASE/spring-beans-5.1.3.RELEASE.jar:/home/user/.m2/repository/org/springframework/spring-core/5.1.3.RELEASE/spring-core-5.1.3.RELEASE.jar:/home/user/.m2/repository/org/springframework/spring-jcl/5.1.3.RELEASE/spring-jcl-5.1.3.RELEASE.jar:/home/user/.m2/repository/org/springframework/spring-tx/5.1.3.RELEASE/spring-tx-5.1.3.RELEASE.jar:/home/user/.m2/repository/org/apache/hadoop/hadoop-ozone-client/0.5.0-SNAPSHOT/hadoop-ozone-client-0.5.0-SNAPSHOT.jar:/home/user/.m2/repository/commons-lang/commons-lang/2.6/commons-lang-2.6.jar:/home/user/.m2/repository/org/apache/hadoop/hadoop-ozone-ozone-manager/0.5.0-SNAPSHOT/hadoop-ozone-ozone-manager-0.5.0-SNAPSHOT-tests.jar:/home/user/.m2/repository/junit/junit/4.11/junit-4.11.jar:/home/user/.m2/repository/org/hamcrest/hamcrest-core/1.3/hamcrest-core-1.3.jar:/home/user/.m2/repository/org/openjdk/jmh/jmh-core/1.19/jmh-core-1.19.jar:/home/user/.m2/repository/net/sf/jopt-simple/jopt-simple/4.6/jopt-simple-4.6.jar:/home/user/.m2/repository/org/apache/commons/commons-math3/3.1.1/commons-math3-3.1.1.jar:/home/user/.m2/repository/org/openjdk/jmh/jmh-generator-annprocess/1.19/jmh-generator-annprocess-1.19.jar:/home/user/.m2/repository/org/mockito/mockito-all/1.8.5/mockito-all-1.8.5.jar:/home/user/.m2/repository/org/apache/hadoop/hadoop-kms/3.2.0/hadoop-kms-3.2.0.jar:/home/user/.m2/repository/org/apache/hadoop/hadoop-auth/3.2.0/hadoop-auth-3.2.0.jar:/home/user/.m2/repository/com/nimbusds/nimbus-jose-jwt/4.41.1/nimbus-jose-jwt-4.41.1.jar:/home/user/.m2/repository/com/github/stephenc/jcip/jcip-annotations/1.0-1/jcip-annotations-1.0-1.jar:/home/user/.m2/repository/net/minidev/json-smart/2.3/json-smart-2.3.jar:/home/user/.m2/repository/net/minidev/accessors-smart/1.2/accessors-smart-1.2.jar:/home/user/.m2/repository/org/ow2/asm/asm/5.0.4/asm-5.0.4.jar:/home/user/.m2/repository/org/apache/curator/curator-framework/2.12.0/curator-framework-2.12.0.jar:/home/user/.m2/repository/com/sun/jersey/jersey-core/1.19/jersey-core-1.19.jar:/home/user/.m2/repository/javax/ws/rs/jsr311-api/1.1.1/jsr311-api-1.1.1.jar:/home/user/.m2/repository/com/sun/jersey/jersey-server/1.19/jersey-server-1.19.jar:/home/user/.m2/repository/javax/servlet/javax.servlet-api/3.1.0/javax.servlet-api-3.1.0.jar:/home/user/.m2/repository/org/eclipse/jetty/jetty-server/9.3.25.v20180904/jetty-server-9.3.25.v20180904.jar:/home/user/.m2/repository/org/eclipse/jetty/jetty-http/9.3.25.v20180904/jetty-http-9.3.25.v20180904.jar:/home/user/.m2/repository/org/eclipse/jetty/jetty-io/9.3.25.v20180904/jetty-io-9.3.25.v20180904.jar:/home/user/.m2/repository/org/eclipse/jetty/jetty-webapp/9.3.25.v20180904/jetty-webapp-9.3.25.v20180904.jar:/home/user/.m2/repository/org/eclipse/jetty/jetty-xml/9.3.25.v20180904/jetty-xml-9.3.25.v20180904.jar:/home/user/.m2/repository/log4j/log4j/1.2.17/log4j-1.2.17.jar:/home/user/.m2/repository/org/slf4j/slf4j-api/1.7.25/slf4j-api-1.7.25.jar:/home/user/.m2/repository/org/slf4j/jul-to-slf4j/1.7.25/jul-to-slf4j-1.7.25.jar:/home/user/.m2/repository/org/eclipse/jetty/jetty-util/9.3.25.v20180904/jetty-util-9.3.25.v20180904.jar:/home/user/.m2/repository/com/fasterxml/jackson/core/jackson-databind/2.9.9/jackson-databind-2.9.9.jar:/home/user/.m2/repository/org/apache/hadoop/hadoop-kms/3.2.0/hadoop-kms-3.2.0-tests.jar:/home/user/.m2/repository/org/apache/hadoop/hadoop-hdds-server-scm/0.5.0-SNAPSHOT/hadoop-hdds-server-scm-0.5.0-SNAPSHOT-tests.jar:/home/user/.m2/repository/org/apache/hadoop/hadoop-hdds-container-service/0.5.0-SNAPSHOT/hadoop-hdds-container-service-0.5.0-SNAPSHOT-tests.jar:/home/user/.m2/repository/org/yaml/snakeyaml/1.16/snakeyaml-1.16.jar:/home/user/.m2/repository/org/apache/hadoop/hadoop-common/3.2.0/hadoop-common-3.2.0-tests.jar:/home/user/.m2/repository/org/apache/hadoop/hadoop-annotations/3.2.0/hadoop-annotations-3.2.0.jar:/usr/lib/jvm/java-1.8.0-openjdk-1.8.0.222.b10-1.el7_7.x86_64/jre/../lib/tools.jar:/home/user/.m2/repository/commons-cli/commons-cli/1.2/commons-cli-1.2.jar:/home/user/.m2/repository/org/apache/httpcomponents/httpclient/4.5.2/httpclient-4.5.2.jar:/home/user/.m2/repository/org/apache/httpcomponents/httpcore/4.4.4/httpcore-4.4.4.jar:/home/user/.m2/repository/commons-codec/commons-codec/1.11/commons-codec-1.11.jar:/home/user/.m2/repository/commons-net/commons-net/3.6/commons-net-3.6.jar:/home/user/.m2/repository/commons-collections/commons-collections/3.2.2/commons-collections-3.2.2.jar:/home/user/.m2/repository/org/eclipse/jetty/jetty-servlet/9.3.25.v20180904/jetty-servlet-9.3.25.v20180904.jar:/home/user/.m2/repository/org/eclipse/jetty/jetty-security/9.3.25.v20180904/jetty-security-9.3.25.v20180904.jar:/home/user/.m2/repository/javax/servlet/jsp/jsp-api/2.1/jsp-api-2.1.jar:/home/user/.m2/repository/com/sun/jersey/jersey-servlet/1.19/jersey-servlet-1.19.jar:/home/user/.m2/repository/com/sun/jersey/jersey-json/1.19/jersey-json-1.19.jar:/home/user/.m2/repository/org/codehaus/jettison/jettison/1.1/jettison-1.1.jar:/home/user/.m2/repository/org/codehaus/jackson/jackson-core-asl/1.9.13/jackson-core-asl-1.9.13.jar:/home/user/.m2/repository/org/codehaus/jackson/jackson-mapper-asl/1.9.13/jackson-mapper-asl-1.9.13.jar:/home/user/.m2/repository/org/codehaus/jackson/jackson-jaxrs/1.9.13/jackson-jaxrs-1.9.13.jar:/home/user/.m2/repository/org/codehaus/jackson/jackson-xc/1.9.13/jackson-xc-1.9.13.jar:/home/user/.m2/repository/commons-logging/commons-logging/1.1.3/commons-logging-1.1.3.jar:/home/user/.m2/repository/commons-beanutils/commons-beanutils/1.9.4/commons-beanutils-1.9.4.jar:/home/user/.m2/repository/org/apache/commons/commons-configuration2/2.1.1/commons-configuration2-2.1.1.jar:/home/user/.m2/repository/org/apache/commons/commons-lang3/3.7/commons-lang3-3.7.jar:/home/user/.m2/repository/org/apache/commons/commons-text/1.4/commons-text-1.4.jar:/home/user/.m2/repository/org/apache/avro/avro/1.7.7/avro-1.7.7.jar:/home/user/.m2/repository/com/thoughtworks/paranamer/paranamer/2.3/paranamer-2.3.jar:/home/user/.m2/repository/org/xerial/snappy/snappy-java/1.0.5/snappy-java-1.0.5.jar:/home/user/.m2/repository/com/google/re2j/re2j/1.1/re2j-1.1.jar:/home/user/.m2/repository/com/google/code/gson/gson/2.2.4/gson-2.2.4.jar:/home/user/.m2/repository/com/jcraft/jsch/0.1.54/jsch-0.1.54.jar:/home/user/.m2/repository/org/apache/curator/curator-client/2.12.0/curator-client-2.12.0.jar:/home/user/.m2/repository/org/apache/curator/curator-recipes/2.12.0/curator-recipes-2.12.0.jar:/home/user/.m2/repository/com/google/code/findbugs/jsr305/3.0.0/jsr305-3.0.0.jar:/home/user/.m2/repository/org/apache/htrace/htrace-core4/4.1.0-incubating/htrace-core4-4.1.0-incubating.jar:/home/user/.m2/repository/org/apache/zookeeper/zookeeper/3.4.13/zookeeper-3.4.13.jar:/home/user/.m2/repository/jline/jline/0.9.94/jline-0.9.94.jar:/home/user/.m2/repository/org/apache/yetus/audience-annotations/0.5.0/audience-annotations-0.5.0.jar:/home/user/.m2/repository/org/codehaus/woodstox/stax2-api/3.1.4/stax2-api-3.1.4.jar:/home/user/.m2/repository/com/fasterxml/woodstox/woodstox-core/5.0.3/woodstox-core-5.0.3.jar:/home/user/.m2/repository/dnsjava/dnsjava/2.1.7/dnsjava-2.1.7.jar:/home/user/.m2/repository/org/apache/hadoop/hadoop-hdfs/3.2.0/hadoop-hdfs-3.2.0-tests.jar:/home/user/.m2/repository/org/eclipse/jetty/jetty-util-ajax/9.3.25.v20180904/jetty-util-ajax-9.3.25.v20180904.jar:/home/user/.m2/repository/commons-daemon/commons-daemon/1.0.13/commons-daemon-1.0.13.jar:/home/user/.m2/repository/io/netty/netty/3.10.5.Final/netty-3.10.5.Final.jar:/home/user/.m2/repository/io/netty/netty-all/4.0.52.Final/netty-all-4.0.52.Final.jar:/home/user/.m2/repository/org/fusesource/leveldbjni/leveldbjni-all/1.8/leveldbjni-all-1.8.jar:"/>
    <property name="java.vm.vendor" value="Oracle Corporation"/>
    <property name="sun.arch.data.model" value="64"/>
    <property name="test.build.dir" value="/workdir/hadoop-ozone/integration-test/target/test-dir"/>
    <property name="test.cache.data" value=""/>
    <property name="java.vendor.url" value="http://java.oracle.com/"/>
    <property name="user.timezone" value=""/>
    <property name="java.vm.specification.version" value="1.8"/>
    <property name="os.name" value="Linux"/>
    <property name="test.build.data" value="/workdir/hadoop-ozone/integration-test/target/test-dir"/>
    <property name="user.country" value="US"/>
    <property name="sun.java.launcher" value="SUN_STANDARD"/>
    <property name="sun.boot.library.path" value="/usr/lib/jvm/java-1.8.0-openjdk-1.8.0.222.b10-1.el7_7.x86_64/jre/lib/amd64"/>
    <property name="sun.java.command" value="/workdir/hadoop-ozone/integration-test/target/surefire/surefirebooter5033328879617700912.jar /workdir/hadoop-ozone/integration-test/target/surefire 2019-10-15T13-15-09_617-jvmRun1 surefire3436500007353654288tmp surefire_487929841328062503016tmp"/>
    <property name="surefire.test.class.path" value="/workdir/hadoop-ozone/integration-test/target/test-classes:/workdir/hadoop-ozone/integration-test/target/classes:/home/user/.m2/repository/org/apache/hadoop/hadoop-ozone-common/0.5.0-SNAPSHOT/hadoop-ozone-common-0.5.0-SNAPSHOT.jar:/home/user/.m2/repository/org/apache/commons/commons-compress/1.4.1/commons-compress-1.4.1.jar:/home/user/.m2/repository/org/tukaani/xz/1.0/xz-1.0.jar:/home/user/.m2/repository/org/apache/hadoop/hadoop-common/3.2.0/hadoop-common-3.2.0.jar:/home/user/.m2/repository/org/apache/hadoop/hadoop-hdfs/3.2.0/hadoop-hdfs-3.2.0.jar:/home/user/.m2/repository/org/apache/hadoop/hadoop-hdfs-client/3.2.0/hadoop-hdfs-client-3.2.0.jar:/home/user/.m2/repository/com/fasterxml/jackson/core/jackson-annotations/2.9.9/jackson-annotations-2.9.9.jar:/home/user/.m2/repository/org/apache/hadoop/hadoop-hdds-common/0.5.0-SNAPSHOT/hadoop-hdds-common-0.5.0-SNAPSHOT.jar:/home/user/.m2/repository/javax/annotation/javax.annotation-api/1.2/javax.annotation-api-1.2.jar:/home/user/.m2/repository/org/apache/ratis/ratis-server/0.5.0-3f446aa-SNAPSHOT/ratis-server-0.5.0-3f446aa-SNAPSHOT.jar:/home/user/.m2/repository/org/apache/ratis/ratis-thirdparty-misc/0.2.0/ratis-thirdparty-misc-0.2.0.jar:/home/user/.m2/repository/org/apache/ratis/ratis-proto/0.5.0-3f446aa-SNAPSHOT/ratis-proto-0.5.0-3f446aa-SNAPSHOT.jar:/home/user/.m2/repository/org/apache/ratis/ratis-common/0.5.0-3f446aa-SNAPSHOT/ratis-common-0.5.0-3f446aa-SNAPSHOT.jar:/home/user/.m2/repository/org/apache/ratis/ratis-client/0.5.0-3f446aa-SNAPSHOT/ratis-client-0.5.0-3f446aa-SNAPSHOT.jar:/home/user/.m2/repository/org/apache/ratis/ratis-metrics/0.5.0-3f446aa-SNAPSHOT/ratis-metrics-0.5.0-3f446aa-SNAPSHOT.jar:/home/user/.m2/repository/com/github/joshelser/dropwizard-metrics-hadoop-metrics2-reporter/0.1.2/dropwizard-metrics-hadoop-metrics2-reporter-0.1.2.jar:/home/user/.m2/repository/io/dropwizard/metrics/metrics-jvm/3.2.5/metrics-jvm-3.2.5.jar:/home/user/.m2/repository/io/dropwizard/metrics/metrics-ganglia/3.2.5/metrics-ganglia-3.2.5.jar:/home/user/.m2/repository/info/ganglia/gmetric4j/gmetric4j/1.0.7/gmetric4j-1.0.7.jar:/home/user/.m2/repository/org/apache/ratis/ratis-netty/0.5.0-3f446aa-SNAPSHOT/ratis-netty-0.5.0-3f446aa-SNAPSHOT.jar:/home/user/.m2/repository/org/apache/ratis/ratis-grpc/0.5.0-3f446aa-SNAPSHOT/ratis-grpc-0.5.0-3f446aa-SNAPSHOT.jar:/home/user/.m2/repository/org/rocksdb/rocksdbjni/6.0.1/rocksdbjni-6.0.1.jar:/home/user/.m2/repository/org/apache/logging/log4j/log4j-api/2.11.0/log4j-api-2.11.0.jar:/home/user/.m2/repository/org/apache/logging/log4j/log4j-core/2.11.0/log4j-core-2.11.0.jar:/home/user/.m2/repository/com/lmax/disruptor/3.4.2/disruptor-3.4.2.jar:/home/user/.m2/repository/org/apache/commons/commons-pool2/2.6.0/commons-pool2-2.6.0.jar:/home/user/.m2/repository/org/bouncycastle/bcpkix-jdk15on/1.60/bcpkix-jdk15on-1.60.jar:/home/user/.m2/repository/commons-validator/commons-validator/1.6/commons-validator-1.6.jar:/home/user/.m2/repository/commons-digester/commons-digester/1.8.1/commons-digester-1.8.1.jar:/home/user/.m2/repository/io/jaegertracing/jaeger-client/0.34.0/jaeger-client-0.34.0.jar:/home/user/.m2/repository/io/jaegertracing/jaeger-thrift/0.34.0/jaeger-thrift-0.34.0.jar:/home/user/.m2/repository/org/apache/thrift/libthrift/0.12.0/libthrift-0.12.0.jar:/home/user/.m2/repository/com/squareup/okhttp3/okhttp/3.9.0/okhttp-3.9.0.jar:/home/user/.m2/repository/com/squareup/okio/okio/1.13.0/okio-1.13.0.jar:/home/user/.m2/repository/io/jaegertracing/jaeger-core/0.34.0/jaeger-core-0.34.0.jar:/home/user/.m2/repository/io/jaegertracing/jaeger-tracerresolver/0.34.0/jaeger-tracerresolver-0.34.0.jar:/home/user/.m2/repository/io/opentracing/contrib/opentracing-tracerresolver/0.1.5/opentracing-tracerresolver-0.1.5.jar:/home/user/.m2/repository/io/opentracing/opentracing-util/0.31.0/opentracing-util-0.31.0.jar:/home/user/.m2/repository/io/opentracing/opentracing-api/0.31.0/opentracing-api-0.31.0.jar:/home/user/.m2/repository/io/opentracing/opentracing-noop/0.31.0/opentracing-noop-0.31.0.jar:/home/user/.m2/repository/org/apache/hadoop/hadoop-hdds-server-framework/0.5.0-SNAPSHOT/hadoop-hdds-server-framework-0.5.0-SNAPSHOT.jar:/home/user/.m2/repository/org/apache/hadoop/hadoop-hdds-container-service/0.5.0-SNAPSHOT/hadoop-hdds-container-service-0.5.0-SNAPSHOT.jar:/home/user/.m2/repository/org/apache/hadoop/hadoop-hdds-client/0.5.0-SNAPSHOT/hadoop-hdds-client-0.5.0-SNAPSHOT.jar:/home/user/.m2/repository/org/apache/hadoop/hadoop-hdds-tools/0.5.0-SNAPSHOT/hadoop-hdds-tools-0.5.0-SNAPSHOT.jar:/home/user/.m2/repository/org/apache/hadoop/hadoop-hdds-server-scm/0.5.0-SNAPSHOT/hadoop-hdds-server-scm-0.5.0-SNAPSHOT.jar:/home/user/.m2/repository/org/apache/hadoop/hadoop-hdds-docs/0.5.0-SNAPSHOT/hadoop-hdds-docs-0.5.0-SNAPSHOT.jar:/home/user/.m2/repository/io/dropwizard/metrics/metrics-core/3.2.4/metrics-core-3.2.4.jar:/home/user/.m2/repository/org/hamcrest/hamcrest-all/1.3/hamcrest-all-1.3.jar:/home/user/.m2/repository/org/bouncycastle/bcprov-jdk15on/1.60/bcprov-jdk15on-1.60.jar:/home/user/.m2/repository/info/picocli/picocli/3.9.6/picocli-3.9.6.jar:/home/user/.m2/repository/com/google/protobuf/protobuf-java/2.5.0/protobuf-java-2.5.0.jar:/home/user/.m2/repository/com/google/guava/guava/11.0.2/guava-11.0.2.jar:/home/user/.m2/repository/org/apache/hadoop/hadoop-ozone-ozone-manager/0.5.0-SNAPSHOT/hadoop-ozone-ozone-manager-0.5.0-SNAPSHOT.jar:/home/user/.m2/repository/org/apache/hadoop/hadoop-minikdc/3.2.0/hadoop-minikdc-3.2.0.jar:/home/user/.m2/repository/commons-io/commons-io/2.5/commons-io-2.5.jar:/home/user/.m2/repository/org/apache/kerby/kerb-simplekdc/1.0.1/kerb-simplekdc-1.0.1.jar:/home/user/.m2/repository/org/apache/kerby/kerb-client/1.0.1/kerb-client-1.0.1.jar:/home/user/.m2/repository/org/apache/kerby/kerby-config/1.0.1/kerby-config-1.0.1.jar:/home/user/.m2/repository/org/apache/kerby/kerb-core/1.0.1/kerb-core-1.0.1.jar:/home/user/.m2/repository/org/apache/kerby/kerby-pkix/1.0.1/kerby-pkix-1.0.1.jar:/home/user/.m2/repository/org/apache/kerby/kerby-asn1/1.0.1/kerby-asn1-1.0.1.jar:/home/user/.m2/repository/org/apache/kerby/kerby-util/1.0.1/kerby-util-1.0.1.jar:/home/user/.m2/repository/org/apache/kerby/kerb-common/1.0.1/kerb-common-1.0.1.jar:/home/user/.m2/repository/org/apache/kerby/kerb-crypto/1.0.1/kerb-crypto-1.0.1.jar:/home/user/.m2/repository/org/apache/kerby/kerb-util/1.0.1/kerb-util-1.0.1.jar:/home/user/.m2/repository/org/apache/kerby/token-provider/1.0.1/token-provider-1.0.1.jar:/home/user/.m2/repository/org/apache/kerby/kerb-admin/1.0.1/kerb-admin-1.0.1.jar:/home/user/.m2/repository/org/apache/kerby/kerb-server/1.0.1/kerb-server-1.0.1.jar:/home/user/.m2/repository/org/apache/kerby/kerb-identity/1.0.1/kerb-identity-1.0.1.jar:/home/user/.m2/repository/org/apache/kerby/kerby-xdr/1.0.1/kerby-xdr-1.0.1.jar:/home/user/.m2/repository/org/slf4j/slf4j-log4j12/1.7.25/slf4j-log4j12-1.7.25.jar:/home/user/.m2/repository/org/apache/hadoop/hadoop-ozone-s3gateway/0.5.0-SNAPSHOT/hadoop-ozone-s3gateway-0.5.0-SNAPSHOT.jar:/home/user/.m2/repository/org/jboss/weld/servlet/weld-servlet/2.4.7.Final/weld-servlet-2.4.7.Final.jar:/home/user/.m2/repository/org/glassfish/jersey/containers/jersey-container-servlet-core/2.27/jersey-container-servlet-core-2.27.jar:/home/user/.m2/repository/org/glassfish/hk2/external/javax.inject/2.5.0-b42/javax.inject-2.5.0-b42.jar:/home/user/.m2/repository/org/glassfish/jersey/core/jersey-common/2.27/jersey-common-2.27.jar:/home/user/.m2/repository/org/glassfish/hk2/osgi-resource-locator/1.0.1/osgi-resource-locator-1.0.1.jar:/home/user/.m2/repository/javax/ws/rs/javax.ws.rs-api/2.1/javax.ws.rs-api-2.1.jar:/home/user/.m2/repository/org/glassfish/jersey/ext/cdi/jersey-cdi1x/2.27/jersey-cdi1x-2.27.jar:/home/user/.m2/repository/org/glassfish/jersey/inject/jersey-hk2/2.27/jersey-hk2-2.27.jar:/home/user/.m2/repository/org/glassfish/hk2/hk2-locator/2.5.0-b42/hk2-locator-2.5.0-b42.jar:/home/user/.m2/repository/org/javassist/javassist/3.22.0-CR2/javassist-3.22.0-CR2.jar:/home/user/.m2/repository/org/glassfish/hk2/hk2-api/2.5.0/hk2-api-2.5.0.jar:/home/user/.m2/repository/org/glassfish/hk2/external/jakarta.inject/2.5.0/jakarta.inject-2.5.0.jar:/home/user/.m2/repository/org/glassfish/hk2/hk2-utils/2.5.0/hk2-utils-2.5.0.jar:/home/user/.m2/repository/jakarta/annotation/jakarta.annotation-api/1.3.4/jakarta.annotation-api-1.3.4.jar:/home/user/.m2/repository/org/glassfish/hk2/external/aopalliance-repackaged/2.5.0/aopalliance-repackaged-2.5.0.jar:/home/user/.m2/repository/com/fasterxml/jackson/dataformat/jackson-dataformat-xml/2.9.0/jackson-dataformat-xml-2.9.0.jar:/home/user/.m2/repository/com/fasterxml/jackson/core/jackson-core/2.9.9/jackson-core-2.9.9.jar:/home/user/.m2/repository/com/fasterxml/jackson/module/jackson-module-jaxb-annotations/2.9.9/jackson-module-jaxb-annotations-2.9.9.jar:/home/user/.m2/repository/javax/enterprise/cdi-api/1.2/cdi-api-1.2.jar:/home/user/.m2/repository/javax/el/javax.el-api/3.0.0/javax.el-api-3.0.0.jar:/home/user/.m2/repository/javax/interceptor/javax.interceptor-api/1.2/javax.interceptor-api-1.2.jar:/home/user/.m2/repository/javax/inject/javax.inject/1/javax.inject-1.jar:/home/user/.m2/repository/com/sun/xml/bind/jaxb-impl/2.3.0.1/jaxb-impl-2.3.0.1.jar:/home/user/.m2/repository/com/sun/xml/bind/jaxb-core/2.3.0.1/jaxb-core-2.3.0.1.jar:/home/user/.m2/repository/javax/xml/bind/jaxb-api/2.3.0/jaxb-api-2.3.0.jar:/home/user/.m2/repository/javax/activation/activation/1.1.1/activation-1.1.1.jar:/home/user/.m2/repository/org/apache/hadoop/hadoop-ozone-csi/0.5.0-SNAPSHOT/hadoop-ozone-csi-0.5.0-SNAPSHOT.jar:/home/user/.m2/repository/com/google/protobuf/protobuf-java-util/3.5.1/protobuf-java-util-3.5.1.jar:/home/user/.m2/repository/org/apache/hadoop/hadoop-hdds-config/0.5.0-SNAPSHOT/hadoop-hdds-config-0.5.0-SNAPSHOT.jar:/home/user/.m2/repository/io/grpc/grpc-netty/1.17.1/grpc-netty-1.17.1.jar:/home/user/.m2/repository/io/grpc/grpc-core/1.17.1/grpc-core-1.17.1.jar:/home/user/.m2/repository/io/grpc/grpc-context/1.17.1/grpc-context-1.17.1.jar:/home/user/.m2/repository/com/google/errorprone/error_prone_annotations/2.2.0/error_prone_annotations-2.2.0.jar:/home/user/.m2/repository/org/codehaus/mojo/animal-sniffer-annotations/1.17/animal-sniffer-annotations-1.17.jar:/home/user/.m2/repository/io/opencensus/opencensus-api/0.17.0/opencensus-api-0.17.0.jar:/home/user/.m2/repository/io/opencensus/opencensus-contrib-grpc-metrics/0.17.0/opencensus-contrib-grpc-metrics-0.17.0.jar:/home/user/.m2/repository/io/netty/netty-codec-http2/4.1.30.Final/netty-codec-http2-4.1.30.Final.jar:/home/user/.m2/repository/io/netty/netty-codec-http/4.1.30.Final/netty-codec-http-4.1.30.Final.jar:/home/user/.m2/repository/io/netty/netty-codec/4.1.30.Final/netty-codec-4.1.30.Final.jar:/home/user/.m2/repository/io/netty/netty-handler/4.1.30.Final/netty-handler-4.1.30.Final.jar:/home/user/.m2/repository/io/netty/netty-handler-proxy/4.1.30.Final/netty-handler-proxy-4.1.30.Final.jar:/home/user/.m2/repository/io/netty/netty-codec-socks/4.1.30.Final/netty-codec-socks-4.1.30.Final.jar:/home/user/.m2/repository/io/netty/netty-transport-native-epoll/4.1.30.Final/netty-transport-native-epoll-4.1.30.Final.jar:/home/user/.m2/repository/io/netty/netty-common/4.1.30.Final/netty-common-4.1.30.Final.jar:/home/user/.m2/repository/io/netty/netty-buffer/4.1.30.Final/netty-buffer-4.1.30.Final.jar:/home/user/.m2/repository/io/netty/netty-transport/4.1.30.Final/netty-transport-4.1.30.Final.jar:/home/user/.m2/repository/io/netty/netty-resolver/4.1.30.Final/netty-resolver-4.1.30.Final.jar:/home/user/.m2/repository/io/netty/netty-transport-native-unix-common/4.1.30.Final/netty-transport-native-unix-common-4.1.30.Final.jar:/home/user/.m2/repository/io/grpc/grpc-protobuf/1.17.1/grpc-protobuf-1.17.1.jar:/home/user/.m2/repository/com/google/api/grpc/proto-google-common-protos/1.0.0/proto-google-common-protos-1.0.0.jar:/home/user/.m2/repository/io/grpc/grpc-protobuf-lite/1.17.1/grpc-protobuf-lite-1.17.1.jar:/home/user/.m2/repository/io/grpc/grpc-stub/1.17.1/grpc-stub-1.17.1.jar:/home/user/.m2/repository/org/apache/hadoop/hadoop-ozone-recon/0.5.0-SNAPSHOT/hadoop-ozone-recon-0.5.0-SNAPSHOT.jar:/home/user/.m2/repository/org/apache/hadoop/hadoop-ozone-reconcodegen/0.5.0-SNAPSHOT/hadoop-ozone-reconcodegen-0.5.0-SNAPSHOT.jar:/home/user/.m2/repository/com/google/inject/extensions/guice-multibindings/4.0/guice-multibindings-4.0.jar:/home/user/.m2/repository/com/google/inject/guice/4.0/guice-4.0.jar:/home/user/.m2/repository/aopalliance/aopalliance/1.0/aopalliance-1.0.jar:/home/user/.m2/repository/com/google/inject/extensions/guice-servlet/4.0/guice-servlet-4.0.jar:/home/user/.m2/repository/org/glassfish/jersey/containers/jersey-container-servlet/2.27/jersey-container-servlet-2.27.jar:/home/user/.m2/repository/org/glassfish/hk2/guice-bridge/2.5.0/guice-bridge-2.5.0.jar:/home/user/.m2/repository/org/glassfish/jersey/core/jersey-server/2.27/jersey-server-2.27.jar:/home/user/.m2/repository/org/glassfish/jersey/core/jersey-client/2.27/jersey-client-2.27.jar:/home/user/.m2/repository/org/glassfish/jersey/media/jersey-media-jaxb/2.27/jersey-media-jaxb-2.27.jar:/home/user/.m2/repository/javax/validation/validation-api/1.1.0.Final/validation-api-1.1.0.Final.jar:/home/user/.m2/repository/org/glassfish/jersey/media/jersey-media-json-jackson/2.27/jersey-media-json-jackson-2.27.jar:/home/user/.m2/repository/org/glassfish/jersey/ext/jersey-entity-filtering/2.27/jersey-entity-filtering-2.27.jar:/home/user/.m2/repository/com/google/inject/extensions/guice-assistedinject/4.0/guice-assistedinject-4.0.jar:/home/user/.m2/repository/org/jooq/jooq/3.11.10/jooq-3.11.10.jar:/home/user/.m2/repository/org/jooq/jooq-meta/3.11.10/jooq-meta-3.11.10.jar:/home/user/.m2/repository/org/jooq/jooq-codegen/3.11.10/jooq-codegen-3.11.10.jar:/home/user/.m2/repository/com/jolbox/bonecp/0.8.0.RELEASE/bonecp-0.8.0.RELEASE.jar:/home/user/.m2/repository/org/xerial/sqlite-jdbc/3.25.2/sqlite-jdbc-3.25.2.jar:/home/user/.m2/repository/org/springframework/spring-jdbc/5.1.3.RELEASE/spring-jdbc-5.1.3.RELEASE.jar:/home/user/.m2/repository/org/springframework/spring-beans/5.1.3.RELEASE/spring-beans-5.1.3.RELEASE.jar:/home/user/.m2/repository/org/springframework/spring-core/5.1.3.RELEASE/spring-core-5.1.3.RELEASE.jar:/home/user/.m2/repository/org/springframework/spring-jcl/5.1.3.RELEASE/spring-jcl-5.1.3.RELEASE.jar:/home/user/.m2/repository/org/springframework/spring-tx/5.1.3.RELEASE/spring-tx-5.1.3.RELEASE.jar:/home/user/.m2/repository/org/apache/hadoop/hadoop-ozone-client/0.5.0-SNAPSHOT/hadoop-ozone-client-0.5.0-SNAPSHOT.jar:/home/user/.m2/repository/commons-lang/commons-lang/2.6/commons-lang-2.6.jar:/home/user/.m2/repository/org/apache/hadoop/hadoop-ozone-ozone-manager/0.5.0-SNAPSHOT/hadoop-ozone-ozone-manager-0.5.0-SNAPSHOT-tests.jar:/home/user/.m2/repository/junit/junit/4.11/junit-4.11.jar:/home/user/.m2/repository/org/hamcrest/hamcrest-core/1.3/hamcrest-core-1.3.jar:/home/user/.m2/repository/org/openjdk/jmh/jmh-core/1.19/jmh-core-1.19.jar:/home/user/.m2/repository/net/sf/jopt-simple/jopt-simple/4.6/jopt-simple-4.6.jar:/home/user/.m2/repository/org/apache/commons/commons-math3/3.1.1/commons-math3-3.1.1.jar:/home/user/.m2/repository/org/openjdk/jmh/jmh-generator-annprocess/1.19/jmh-generator-annprocess-1.19.jar:/home/user/.m2/repository/org/mockito/mockito-all/1.8.5/mockito-all-1.8.5.jar:/home/user/.m2/repository/org/apache/hadoop/hadoop-kms/3.2.0/hadoop-kms-3.2.0.jar:/home/user/.m2/repository/org/apache/hadoop/hadoop-auth/3.2.0/hadoop-auth-3.2.0.jar:/home/user/.m2/repository/com/nimbusds/nimbus-jose-jwt/4.41.1/nimbus-jose-jwt-4.41.1.jar:/home/user/.m2/repository/com/github/stephenc/jcip/jcip-annotations/1.0-1/jcip-annotations-1.0-1.jar:/home/user/.m2/repository/net/minidev/json-smart/2.3/json-smart-2.3.jar:/home/user/.m2/repository/net/minidev/accessors-smart/1.2/accessors-smart-1.2.jar:/home/user/.m2/repository/org/ow2/asm/asm/5.0.4/asm-5.0.4.jar:/home/user/.m2/repository/org/apache/curator/curator-framework/2.12.0/curator-framework-2.12.0.jar:/home/user/.m2/repository/com/sun/jersey/jersey-core/1.19/jersey-core-1.19.jar:/home/user/.m2/repository/javax/ws/rs/jsr311-api/1.1.1/jsr311-api-1.1.1.jar:/home/user/.m2/repository/com/sun/jersey/jersey-server/1.19/jersey-server-1.19.jar:/home/user/.m2/repository/javax/servlet/javax.servlet-api/3.1.0/javax.servlet-api-3.1.0.jar:/home/user/.m2/repository/org/eclipse/jetty/jetty-server/9.3.25.v20180904/jetty-server-9.3.25.v20180904.jar:/home/user/.m2/repository/org/eclipse/jetty/jetty-http/9.3.25.v20180904/jetty-http-9.3.25.v20180904.jar:/home/user/.m2/repository/org/eclipse/jetty/jetty-io/9.3.25.v20180904/jetty-io-9.3.25.v20180904.jar:/home/user/.m2/repository/org/eclipse/jetty/jetty-webapp/9.3.25.v20180904/jetty-webapp-9.3.25.v20180904.jar:/home/user/.m2/repository/org/eclipse/jetty/jetty-xml/9.3.25.v20180904/jetty-xml-9.3.25.v20180904.jar:/home/user/.m2/repository/log4j/log4j/1.2.17/log4j-1.2.17.jar:/home/user/.m2/repository/org/slf4j/slf4j-api/1.7.25/slf4j-api-1.7.25.jar:/home/user/.m2/repository/org/slf4j/jul-to-slf4j/1.7.25/jul-to-slf4j-1.7.25.jar:/home/user/.m2/repository/org/eclipse/jetty/jetty-util/9.3.25.v20180904/jetty-util-9.3.25.v20180904.jar:/home/user/.m2/repository/com/fasterxml/jackson/core/jackson-databind/2.9.9/jackson-databind-2.9.9.jar:/home/user/.m2/repository/org/apache/hadoop/hadoop-kms/3.2.0/hadoop-kms-3.2.0-tests.jar:/home/user/.m2/repository/org/apache/hadoop/hadoop-hdds-server-scm/0.5.0-SNAPSHOT/hadoop-hdds-server-scm-0.5.0-SNAPSHOT-tests.jar:/home/user/.m2/repository/org/apache/hadoop/hadoop-hdds-container-service/0.5.0-SNAPSHOT/hadoop-hdds-container-service-0.5.0-SNAPSHOT-tests.jar:/home/user/.m2/repository/org/yaml/snakeyaml/1.16/snakeyaml-1.16.jar:/home/user/.m2/repository/org/apache/hadoop/hadoop-common/3.2.0/hadoop-common-3.2.0-tests.jar:/home/user/.m2/repository/org/apache/hadoop/hadoop-annotations/3.2.0/hadoop-annotations-3.2.0.jar:/usr/lib/jvm/java-1.8.0-openjdk-1.8.0.222.b10-1.el7_7.x86_64/jre/../lib/tools.jar:/home/user/.m2/repository/commons-cli/commons-cli/1.2/commons-cli-1.2.jar:/home/user/.m2/repository/org/apache/httpcomponents/httpclient/4.5.2/httpclient-4.5.2.jar:/home/user/.m2/repository/org/apache/httpcomponents/httpcore/4.4.4/httpcore-4.4.4.jar:/home/user/.m2/repository/commons-codec/commons-codec/1.11/commons-codec-1.11.jar:/home/user/.m2/repository/commons-net/commons-net/3.6/commons-net-3.6.jar:/home/user/.m2/repository/commons-collections/commons-collections/3.2.2/commons-collections-3.2.2.jar:/home/user/.m2/repository/org/eclipse/jetty/jetty-servlet/9.3.25.v20180904/jetty-servlet-9.3.25.v20180904.jar:/home/user/.m2/repository/org/eclipse/jetty/jetty-security/9.3.25.v20180904/jetty-security-9.3.25.v20180904.jar:/home/user/.m2/repository/javax/servlet/jsp/jsp-api/2.1/jsp-api-2.1.jar:/home/user/.m2/repository/com/sun/jersey/jersey-servlet/1.19/jersey-servlet-1.19.jar:/home/user/.m2/repository/com/sun/jersey/jersey-json/1.19/jersey-json-1.19.jar:/home/user/.m2/repository/org/codehaus/jettison/jettison/1.1/jettison-1.1.jar:/home/user/.m2/repository/org/codehaus/jackson/jackson-core-asl/1.9.13/jackson-core-asl-1.9.13.jar:/home/user/.m2/repository/org/codehaus/jackson/jackson-mapper-asl/1.9.13/jackson-mapper-asl-1.9.13.jar:/home/user/.m2/repository/org/codehaus/jackson/jackson-jaxrs/1.9.13/jackson-jaxrs-1.9.13.jar:/home/user/.m2/repository/org/codehaus/jackson/jackson-xc/1.9.13/jackson-xc-1.9.13.jar:/home/user/.m2/repository/commons-logging/commons-logging/1.1.3/commons-logging-1.1.3.jar:/home/user/.m2/repository/commons-beanutils/commons-beanutils/1.9.4/commons-beanutils-1.9.4.jar:/home/user/.m2/repository/org/apache/commons/commons-configuration2/2.1.1/commons-configuration2-2.1.1.jar:/home/user/.m2/repository/org/apache/commons/commons-lang3/3.7/commons-lang3-3.7.jar:/home/user/.m2/repository/org/apache/commons/commons-text/1.4/commons-text-1.4.jar:/home/user/.m2/repository/org/apache/avro/avro/1.7.7/avro-1.7.7.jar:/home/user/.m2/repository/com/thoughtworks/paranamer/paranamer/2.3/paranamer-2.3.jar:/home/user/.m2/repository/org/xerial/snappy/snappy-java/1.0.5/snappy-java-1.0.5.jar:/home/user/.m2/repository/com/google/re2j/re2j/1.1/re2j-1.1.jar:/home/user/.m2/repository/com/google/code/gson/gson/2.2.4/gson-2.2.4.jar:/home/user/.m2/repository/com/jcraft/jsch/0.1.54/jsch-0.1.54.jar:/home/user/.m2/repository/org/apache/curator/curator-client/2.12.0/curator-client-2.12.0.jar:/home/user/.m2/repository/org/apache/curator/curator-recipes/2.12.0/curator-recipes-2.12.0.jar:/home/user/.m2/repository/com/google/code/findbugs/jsr305/3.0.0/jsr305-3.0.0.jar:/home/user/.m2/repository/org/apache/htrace/htrace-core4/4.1.0-incubating/htrace-core4-4.1.0-incubating.jar:/home/user/.m2/repository/org/apache/zookeeper/zookeeper/3.4.13/zookeeper-3.4.13.jar:/home/user/.m2/repository/jline/jline/0.9.94/jline-0.9.94.jar:/home/user/.m2/repository/org/apache/yetus/audience-annotations/0.5.0/audience-annotations-0.5.0.jar:/home/user/.m2/repository/org/codehaus/woodstox/stax2-api/3.1.4/stax2-api-3.1.4.jar:/home/user/.m2/repository/com/fasterxml/woodstox/woodstox-core/5.0.3/woodstox-core-5.0.3.jar:/home/user/.m2/repository/dnsjava/dnsjava/2.1.7/dnsjava-2.1.7.jar:/home/user/.m2/repository/org/apache/hadoop/hadoop-hdfs/3.2.0/hadoop-hdfs-3.2.0-tests.jar:/home/user/.m2/repository/org/eclipse/jetty/jetty-util-ajax/9.3.25.v20180904/jetty-util-ajax-9.3.25.v20180904.jar:/home/user/.m2/repository/commons-daemon/commons-daemon/1.0.13/commons-daemon-1.0.13.jar:/home/user/.m2/repository/io/netty/netty/3.10.5.Final/netty-3.10.5.Final.jar:/home/user/.m2/repository/io/netty/netty-all/4.0.52.Final/netty-all-4.0.52.Final.jar:/home/user/.m2/repository/org/fusesource/leveldbjni/leveldbjni-all/1.8/leveldbjni-all-1.8.jar:"/>
    <property name="sun.cpu.endian" value="little"/>
    <property name="user.home" value="/home/user"/>
    <property name="user.language" value="en"/>
    <property name="java.specification.vendor" value="Oracle Corporation"/>
    <property name="java.home" value="/usr/lib/jvm/java-1.8.0-openjdk-1.8.0.222.b10-1.el7_7.x86_64/jre"/>
    <property name="surefire.excludesFile" value="/tools/ozone-bad-unit-tests"/>
    <property name="java.security.krb5.conf" value="/workdir/hadoop-ozone/integration-test/target/test-classes/krb5.conf"/>
    <property name="basedir" value="/workdir/hadoop-ozone/integration-test"/>
    <property name="file.separator" value="/"/>
    <property name="line.separator" value="&#10;"/>
    <property name="java.vm.specification.vendor" value="Oracle Corporation"/>
    <property name="java.specification.name" value="Java Platform API Specification"/>
    <property name="java.awt.graphicsenv" value="sun.awt.X11GraphicsEnvironment"/>
    <property name="surefire.real.class.path" value="/workdir/hadoop-ozone/integration-test/target/surefire/surefirebooter5033328879617700912.jar"/>
    <property name="hadoop.log.dir" value="/workdir/hadoop-ozone/integration-test/target/log"/>
    <property name="sun.boot.class.path" value="/usr/lib/jvm/java-1.8.0-openjdk-1.8.0.222.b10-1.el7_7.x86_64/jre/lib/resources.jar:/usr/lib/jvm/java-1.8.0-openjdk-1.8.0.222.b10-1.el7_7.x86_64/jre/lib/rt.jar:/usr/lib/jvm/java-1.8.0-openjdk-1.8.0.222.b10-1.el7_7.x86_64/jre/lib/sunrsasign.jar:/usr/lib/jvm/java-1.8.0-openjdk-1.8.0.222.b10-1.el7_7.x86_64/jre/lib/jsse.jar:/usr/lib/jvm/java-1.8.0-openjdk-1.8.0.222.b10-1.el7_7.x86_64/jre/lib/jce.jar:/usr/lib/jvm/java-1.8.0-openjdk-1.8.0.222.b10-1.el7_7.x86_64/jre/lib/charsets.jar:/usr/lib/jvm/java-1.8.0-openjdk-1.8.0.222.b10-1.el7_7.x86_64/jre/lib/jfr.jar:/usr/lib/jvm/java-1.8.0-openjdk-1.8.0.222.b10-1.el7_7.x86_64/jre/classes"/>
    <property name="sun.management.compiler" value="HotSpot 64-Bit Tiered Compilers"/>
    <property name="java.runtime.version" value="1.8.0_222-b10"/>
    <property name="java.net.preferIPv4Stack" value="true"/>
    <property name="user.name" value="jenkins1000"/>
    <property name="path.separator" value=":"/>
    <property name="java.security.egd" value="file:///dev/urandom"/>
    <property name="os.version" value="3.10.0-957.12.2.el7.x86_64"/>
    <property name="java.endorsed.dirs" value="/usr/lib/jvm/java-1.8.0-openjdk-1.8.0.222.b10-1.el7_7.x86_64/jre/lib/endorsed"/>
    <property name="java.runtime.name" value="OpenJDK Runtime Environment"/>
    <property name="file.encoding" value="ANSI_X3.4-1968"/>
    <property name="java.vm.name" value="OpenJDK 64-Bit Server VM"/>
    <property name="test.build.webapps" value=""/>
    <property name="localRepository" value="/home/user/.m2/repository"/>
    <property name="java.vendor.url.bug" value="http://bugreport.sun.com/bugreport/"/>
    <property name="java.io.tmpdir" value="/tmp"/>
    <property name="require.test.libhadoop" value=""/>
    <property name="java.version" value="1.8.0_222"/>
    <property name="user.dir" value="/workdir/hadoop-ozone/integration-test"/>
    <property name="os.arch" value="amd64"/>
    <property name="java.vm.specification.name" value="Java Virtual Machine Specification"/>
    <property name="test.build.classes" value="/workdir/hadoop-ozone/integration-test/target/test-classes"/>
    <property name="java.awt.printerjob" value="sun.print.PSPrinterJob"/>
    <property name="sun.os.patch.level" value="unknown"/>
    <property name="hadoop.tmp.dir" value="/workdir/hadoop-ozone/integration-test/target/tmp"/>
    <property name="java.library.path" value="/usr/lib:/workdir/hadoop-ozone/integration-test/target/native/target/usr/local/lib:/workdir/hadoop-ozone/integration-test/../../hadoop-common-project/hadoop-common/target/native/target/usr/local/lib:/usr/java/packages/lib/amd64:/usr/lib64:/lib64:/lib:/usr/lib"/>
    <property name="java.vm.info" value="mixed mode"/>
    <property name="java.vendor" value="Oracle Corporation"/>
    <property name="java.vm.version" value="25.222-b10"/>
    <property name="java.ext.dirs" value="/usr/lib/jvm/java-1.8.0-openjdk-1.8.0.222.b10-1.el7_7.x86_64/jre/lib/ext:/usr/java/packages/lib/ext"/>
    <property name="sun.io.unicode.encoding" value="UnicodeLittle"/>
    <property name="java.class.version" value="52.0"/>
  </properties>
  <testcase name="testDeleteKeyWithSlowFollower" classname="org.apache.hadoop.ozone.client.rpc.TestDeleteWithSlowFollower" time="111.441">
    <failure type="java.lang.AssertionError">java.lang.AssertionError
	at org.junit.Assert.fail(Assert.java:86)
	at org.junit.Assert.assertTrue(Assert.java:41)
	at org.junit.Assert.assertTrue(Assert.java:52)
	at org.apache.hadoop.ozone.client.rpc.TestDeleteWithSlowFollower.testDeleteKeyWithSlowFollower(TestDeleteWithSlowFollower.java:265)
	at sun.reflect.NativeMethodAccessorImpl.invoke0(Native Method)
	at sun.reflect.NativeMethodAccessorImpl.invoke(NativeMethodAccessorImpl.java:62)
	at sun.reflect.DelegatingMethodAccessorImpl.invoke(DelegatingMethodAccessorImpl.java:43)
	at java.lang.reflect.Method.invoke(Method.java:498)
	at org.junit.runners.model.FrameworkMethod$1.runReflectiveCall(FrameworkMethod.java:47)
	at org.junit.internal.runners.model.ReflectiveCallable.run(ReflectiveCallable.java:12)
	at org.junit.runners.model.FrameworkMethod.invokeExplosively(FrameworkMethod.java:44)
	at org.junit.internal.runners.statements.InvokeMethod.evaluate(InvokeMethod.java:17)
	at org.junit.runners.ParentRunner.runLeaf(ParentRunner.java:271)
	at org.junit.runners.BlockJUnit4ClassRunner.runChild(BlockJUnit4ClassRunner.java:70)
	at org.junit.runners.BlockJUnit4ClassRunner.runChild(BlockJUnit4ClassRunner.java:50)
	at org.junit.runners.ParentRunner$3.run(ParentRunner.java:238)
	at org.junit.runners.ParentRunner$1.schedule(ParentRunner.java:63)
	at org.junit.runners.ParentRunner.runChildren(ParentRunner.java:236)
	at org.junit.runners.ParentRunner.access$000(ParentRunner.java:53)
	at org.junit.runners.ParentRunner$2.evaluate(ParentRunner.java:229)
	at org.junit.internal.runners.statements.RunBefores.evaluate(RunBefores.java:26)
	at org.junit.internal.runners.statements.RunAfters.evaluate(RunAfters.java:27)
	at org.junit.runners.ParentRunner.run(ParentRunner.java:309)
	at org.apache.maven.surefire.junit4.JUnit4Provider.execute(JUnit4Provider.java:365)
	at org.apache.maven.surefire.junit4.JUnit4Provider.executeWithRerun(JUnit4Provider.java:273)
	at org.apache.maven.surefire.junit4.JUnit4Provider.executeTestSet(JUnit4Provider.java:238)
	at org.apache.maven.surefire.junit4.JUnit4Provider.invoke(JUnit4Provider.java:159)
	at org.apache.maven.surefire.booter.ForkedBooter.invokeProviderInSameClassLoader(ForkedBooter.java:384)
	at org.apache.maven.surefire.booter.ForkedBooter.runSuitesInProcess(ForkedBooter.java:345)
	at org.apache.maven.surefire.booter.ForkedBooter.execute(ForkedBooter.java:126)
	at org.apache.maven.surefire.booter.ForkedBooter.main(ForkedBooter.java:418)
</failure>
    <system-out><![CDATA[2019-10-15 14:14:32,487 [main] WARN  server.ServerUtils (ServerUtils.java:getScmDbDir(145)) - ozone.scm.db.dirs is not configured. We recommend adding this setting. Falling back to ozone.metadata.dirs instead.
2019-10-15 14:14:32,609 [main] WARN  server.ServerUtils (ServerUtils.java:getScmDbDir(145)) - ozone.scm.db.dirs is not configured. We recommend adding this setting. Falling back to ozone.metadata.dirs instead.
2019-10-15 14:14:32,612 [main] WARN  server.ServerUtils (ServerUtils.java:getScmDbDir(145)) - ozone.scm.db.dirs is not configured. We recommend adding this setting. Falling back to ozone.metadata.dirs instead.
2019-10-15 14:14:32,637 [main] INFO  util.log (Log.java:initialized(192)) - Logging initialized @912ms
2019-10-15 14:14:32,732 [main] INFO  db.DBStoreBuilder (DBStoreBuilder.java:addTable(117)) - using custom profile for table: deletedBlocks
2019-10-15 14:14:32,733 [main] INFO  db.DBStoreBuilder (DBStoreBuilder.java:processTables(168)) - Using default column profile:DBProfile.DISK for Table:deletedBlocks
2019-10-15 14:14:32,733 [main] INFO  db.DBStoreBuilder (DBStoreBuilder.java:addTable(117)) - using custom profile for table: validCerts
2019-10-15 14:14:32,733 [main] INFO  db.DBStoreBuilder (DBStoreBuilder.java:processTables(168)) - Using default column profile:DBProfile.DISK for Table:validCerts
2019-10-15 14:14:32,734 [main] INFO  db.DBStoreBuilder (DBStoreBuilder.java:addTable(117)) - using custom profile for table: revokedCerts
2019-10-15 14:14:32,734 [main] INFO  db.DBStoreBuilder (DBStoreBuilder.java:processTables(168)) - Using default column profile:DBProfile.DISK for Table:revokedCerts
2019-10-15 14:14:32,745 [main] INFO  db.DBStoreBuilder (DBStoreBuilder.java:addTable(117)) - using custom profile for table: default
2019-10-15 14:14:32,745 [main] INFO  db.DBStoreBuilder (DBStoreBuilder.java:processTables(174)) - Using default column profile:DBProfile.DISK for Table:default
2019-10-15 14:14:32,746 [main] INFO  db.DBStoreBuilder (DBStoreBuilder.java:getDbProfile(205)) - Using default options. DBProfile.DISK
2019-10-15 14:14:33,170 [main] INFO  net.NodeSchemaLoader (NodeSchemaLoader.java:loadSchemaFromFile(125)) - Loading file from sun.misc.CompoundEnumeration@74235045
2019-10-15 14:14:33,173 [main] INFO  net.NodeSchemaLoader (NodeSchemaLoader.java:loadSchema(171)) - Loading network topology layer schema file
2019-10-15 14:14:33,234 [main] WARN  server.ServerUtils (ServerUtils.java:sanitizeUserArgs(70)) - ozone.scm.stale.node.interval value = 1000000 is larger than max = 100000 based on the key value of ozone.scm.heartbeat.thread.interval, reset to the max value 100000.
2019-10-15 14:14:33,236 [main] WARN  server.ServerUtils (ServerUtils.java:sanitizeUserArgs(70)) - ozone.scm.stale.node.interval value = 1000000 is larger than max = 100000 based on the key value of ozone.scm.heartbeat.thread.interval, reset to the max value 100000.
2019-10-15 14:14:33,238 [main] INFO  node.SCMNodeManager (SCMNodeManager.java:<init>(116)) - Entering startup safe mode.
2019-10-15 14:14:33,309 [main] INFO  algorithms.ContainerPlacementPolicyFactory (ContainerPlacementPolicyFactory.java:getPolicy(57)) - Create container placement policy of type org.apache.hadoop.hdds.scm.container.placement.algorithms.SCMContainerPlacementRandom
2019-10-15 14:14:33,327 [main] WARN  server.ServerUtils (ServerUtils.java:getScmDbDir(145)) - ozone.scm.db.dirs is not configured. We recommend adding this setting. Falling back to ozone.metadata.dirs instead.
2019-10-15 14:14:33,483 [main] INFO  pipeline.SCMPipelineManager (SCMPipelineManager.java:initializePipelineState(132)) - No pipeline exists in current db
2019-10-15 14:14:33,486 [main] WARN  server.ServerUtils (ServerUtils.java:getScmDbDir(145)) - ozone.scm.db.dirs is not configured. We recommend adding this setting. Falling back to ozone.metadata.dirs instead.
2019-10-15 14:14:33,687 [main] WARN  events.EventQueue (EventQueue.java:fireEvent(183)) - No event handler registered for event TypedEvent{payloadType=SafeModeStatus, name='SafeModeStatus'}
2019-10-15 14:14:34,088 [main] INFO  ipc.CallQueueManager (CallQueueManager.java:<init>(84)) - Using callQueue: class java.util.concurrent.LinkedBlockingQueue, queueCapacity: 2000, scheduler: class org.apache.hadoop.ipc.DefaultRpcScheduler, ipcBackoff: false.
2019-10-15 14:14:34,211 [Socket Reader #1 for port 40511] INFO  ipc.Server (Server.java:run(1074)) - Starting Socket Reader #1 for port 40511
2019-10-15 14:14:34,242 [main] INFO  ipc.CallQueueManager (CallQueueManager.java:<init>(84)) - Using callQueue: class java.util.concurrent.LinkedBlockingQueue, queueCapacity: 2000, scheduler: class org.apache.hadoop.ipc.DefaultRpcScheduler, ipcBackoff: false.
2019-10-15 14:14:34,243 [Socket Reader #1 for port 34346] INFO  ipc.Server (Server.java:run(1074)) - Starting Socket Reader #1 for port 34346
2019-10-15 14:14:34,252 [main] INFO  ipc.CallQueueManager (CallQueueManager.java:<init>(84)) - Using callQueue: class java.util.concurrent.LinkedBlockingQueue, queueCapacity: 2000, scheduler: class org.apache.hadoop.ipc.DefaultRpcScheduler, ipcBackoff: false.
2019-10-15 14:14:34,253 [Socket Reader #1 for port 39490] INFO  ipc.Server (Server.java:run(1074)) - Starting Socket Reader #1 for port 39490
2019-10-15 14:14:34,275 [main] INFO  hdfs.DFSUtil (DFSUtil.java:httpServerTemplateForNNAndJN(1641)) - Starting Web-server for scm at: http://0.0.0.0:0
2019-10-15 14:14:34,434 [main] INFO  server.AuthenticationFilter (AuthenticationFilter.java:constructSecretProvider(240)) - Unable to initialize FileSignerSecretProvider, falling back to use random secrets.
2019-10-15 14:14:34,443 [main] WARN  http.HttpRequestLog (HttpRequestLog.java:getRequestLog(97)) - Jetty request log can only be enabled using Log4j
2019-10-15 14:14:34,452 [main] INFO  http.HttpServer2 (HttpServer2.java:addGlobalFilter(975)) - Added global filter 'safety' (class=org.apache.hadoop.http.HttpServer2$QuotingInputFilter)
2019-10-15 14:14:34,456 [main] INFO  http.HttpServer2 (HttpServer2.java:addFilter(948)) - Added filter static_user_filter (class=org.apache.hadoop.http.lib.StaticUserWebFilter$StaticUserFilter) to context scm
2019-10-15 14:14:34,456 [main] INFO  http.HttpServer2 (HttpServer2.java:addFilter(958)) - Added filter static_user_filter (class=org.apache.hadoop.http.lib.StaticUserWebFilter$StaticUserFilter) to context logs
2019-10-15 14:14:34,456 [main] INFO  http.HttpServer2 (HttpServer2.java:addFilter(958)) - Added filter static_user_filter (class=org.apache.hadoop.http.lib.StaticUserWebFilter$StaticUserFilter) to context static
2019-10-15 14:14:34,492 [main] INFO  server.StorageContainerManager (StorageContainerManager.java:start(772)) - StorageContainerLocationProtocol RPC server is listening at /0.0.0.0:39490
2019-10-15 14:14:34,566 [main] WARN  impl.MetricsConfig (MetricsConfig.java:loadFirst(134)) - Cannot locate configuration: tried hadoop-metrics2-storagecontainermanager.properties,hadoop-metrics2.properties
2019-10-15 14:14:34,580 [main] INFO  impl.MetricsSystemImpl (MetricsSystemImpl.java:startTimer(374)) - Scheduled Metric snapshot period at 10 second(s).
2019-10-15 14:14:34,580 [main] INFO  impl.MetricsSystemImpl (MetricsSystemImpl.java:start(191)) - StorageContainerManager metrics system started
2019-10-15 14:14:34,802 [main] INFO  server.SCMClientProtocolServer (SCMClientProtocolServer.java:start(159)) - RPC server for Client  is listening at /0.0.0.0:39490
2019-10-15 14:14:34,803 [IPC Server Responder] INFO  ipc.Server (Server.java:run(1314)) - IPC Server Responder: starting
2019-10-15 14:14:34,803 [IPC Server listener on 39490] INFO  ipc.Server (Server.java:run(1153)) - IPC Server listener on 39490: starting
2019-10-15 14:14:34,806 [main] INFO  server.StorageContainerManager (StorageContainerManager.java:start(782)) - ScmBlockLocationProtocol RPC server is listening at /0.0.0.0:34346
2019-10-15 14:14:34,807 [main] INFO  server.SCMBlockProtocolServer (SCMBlockProtocolServer.java:start(146)) - RPC server for Block Protocol is listening at /0.0.0.0:34346
2019-10-15 14:14:34,807 [IPC Server Responder] INFO  ipc.Server (Server.java:run(1314)) - IPC Server Responder: starting
2019-10-15 14:14:34,807 [IPC Server listener on 34346] INFO  ipc.Server (Server.java:run(1153)) - IPC Server listener on 34346: starting
2019-10-15 14:14:34,809 [main] INFO  server.StorageContainerManager (StorageContainerManager.java:start(786)) - ScmDatanodeProtocl RPC server is listening at /0.0.0.0:40511
2019-10-15 14:14:34,810 [main] INFO  server.SCMDatanodeProtocolServer (SCMDatanodeProtocolServer.java:start(169)) - RPC server for DataNodes is listening at /0.0.0.0:40511
2019-10-15 14:14:34,811 [IPC Server listener on 40511] INFO  ipc.Server (Server.java:run(1153)) - IPC Server listener on 40511: starting
2019-10-15 14:14:34,811 [IPC Server Responder] INFO  ipc.Server (Server.java:run(1314)) - IPC Server Responder: starting
2019-10-15 14:14:34,814 [main] INFO  http.HttpServer2 (HttpServer2.java:bindListener(1191)) - Jetty bound to port 46037
2019-10-15 14:14:34,816 [main] INFO  server.Server (Server.java:doStart(351)) - jetty-9.3.25.v20180904, build timestamp: 2018-09-04T21:11:46Z, git hash: 3ce520221d0240229c862b122d2b06c12a625732
2019-10-15 14:14:34,852 [main] INFO  handler.ContextHandler (ContextHandler.java:doStart(781)) - Started o.e.j.s.ServletContextHandler@42f8285e{/logs,file:///workdir/hadoop-ozone/integration-test/target/log,AVAILABLE}
2019-10-15 14:14:34,853 [main] INFO  handler.ContextHandler (ContextHandler.java:doStart(781)) - Started o.e.j.s.ServletContextHandler@3724af13{/static,file:///workdir/hadoop-ozone/integration-test/target/test-classes/webapps/static,AVAILABLE}
2019-10-15 14:14:34,884 [main] INFO  handler.ContextHandler (ContextHandler.java:doStart(781)) - Started o.e.j.w.WebAppContext@24a1c17f{/,file:///workdir/hadoop-ozone/integration-test/target/test-classes/webapps/scm/,AVAILABLE}{/scm}
2019-10-15 14:14:34,890 [main] INFO  server.AbstractConnector (AbstractConnector.java:doStart(278)) - Started ServerConnector@4d63b624{HTTP/1.1,[http/1.1]}{0.0.0.0:46037}
2019-10-15 14:14:34,890 [main] INFO  server.Server (Server.java:doStart(419)) - Started @3165ms
2019-10-15 14:14:34,892 [main] INFO  impl.MetricsSinkAdapter (MetricsSinkAdapter.java:start(204)) - Sink prometheus started
2019-10-15 14:14:34,893 [main] INFO  impl.MetricsSystemImpl (MetricsSystemImpl.java:registerSink(301)) - Registered sink prometheus
2019-10-15 14:14:34,895 [main] INFO  server.BaseHttpServer (BaseHttpServer.java:updateConnectorAddress(215)) - HTTP server of SCM is listening at http://0.0.0.0:46037
2019-10-15 14:14:34,902 [org.apache.hadoop.util.JvmPauseMonitor$Monitor@4b629f13] INFO  util.JvmPauseMonitor (JvmPauseMonitor.java:run(188)) - Starting JVM pause monitor
2019-10-15 14:14:34,907 [main] WARN  server.ServerUtils (ServerUtils.java:getDBPath(222)) - ozone.om.db.dirs is not configured. We recommend adding this setting. Falling back to ozone.metadata.dirs instead.
2019-10-15 14:14:35,049 [main] INFO  ha.OMHANodeDetails (OMHANodeDetails.java:loadOMHAConfig(190)) - Configuration either no ozone.om.address set. Falling back to the default OM address /127.0.0.1:0
2019-10-15 14:14:35,049 [main] INFO  ha.OMHANodeDetails (OMHANodeDetails.java:getOMNodeDetails(220)) - OM Service ID is not set. Setting it to the default ID: omServiceIdDefault
2019-10-15 14:14:35,052 [main] WARN  server.ServerUtils (ServerUtils.java:getDBPath(222)) - ozone.om.db.dirs is not configured. We recommend adding this setting. Falling back to ozone.metadata.dirs instead.
2019-10-15 14:14:35,053 [main] WARN  server.ServerUtils (ServerUtils.java:getDBPath(222)) - ozone.om.db.dirs is not configured. We recommend adding this setting. Falling back to ozone.metadata.dirs instead.
2019-10-15 14:14:35,747 [main] WARN  server.ServerUtils (ServerUtils.java:getDBPath(222)) - ozone.om.db.dirs is not configured. We recommend adding this setting. Falling back to ozone.metadata.dirs instead.
2019-10-15 14:14:35,755 [main] INFO  db.DBStoreBuilder (DBStoreBuilder.java:addTable(117)) - using custom profile for table: userTable
2019-10-15 14:14:35,755 [main] INFO  db.DBStoreBuilder (DBStoreBuilder.java:processTables(168)) - Using default column profile:DBProfile.DISK for Table:userTable
2019-10-15 14:14:35,755 [main] INFO  db.DBStoreBuilder (DBStoreBuilder.java:addTable(117)) - using custom profile for table: volumeTable
2019-10-15 14:14:35,755 [main] INFO  db.DBStoreBuilder (DBStoreBuilder.java:processTables(168)) - Using default column profile:DBProfile.DISK for Table:volumeTable
2019-10-15 14:14:35,756 [main] INFO  db.DBStoreBuilder (DBStoreBuilder.java:addTable(117)) - using custom profile for table: bucketTable
2019-10-15 14:14:35,756 [main] INFO  db.DBStoreBuilder (DBStoreBuilder.java:processTables(168)) - Using default column profile:DBProfile.DISK for Table:bucketTable
2019-10-15 14:14:35,756 [main] INFO  db.DBStoreBuilder (DBStoreBuilder.java:addTable(117)) - using custom profile for table: keyTable
2019-10-15 14:14:35,756 [main] INFO  db.DBStoreBuilder (DBStoreBuilder.java:processTables(168)) - Using default column profile:DBProfile.DISK for Table:keyTable
2019-10-15 14:14:35,757 [main] INFO  db.DBStoreBuilder (DBStoreBuilder.java:addTable(117)) - using custom profile for table: deletedTable
2019-10-15 14:14:35,757 [main] INFO  db.DBStoreBuilder (DBStoreBuilder.java:processTables(168)) - Using default column profile:DBProfile.DISK for Table:deletedTable
2019-10-15 14:14:35,757 [main] INFO  db.DBStoreBuilder (DBStoreBuilder.java:addTable(117)) - using custom profile for table: openKeyTable
2019-10-15 14:14:35,757 [main] INFO  db.DBStoreBuilder (DBStoreBuilder.java:processTables(168)) - Using default column profile:DBProfile.DISK for Table:openKeyTable
2019-10-15 14:14:35,758 [main] INFO  db.DBStoreBuilder (DBStoreBuilder.java:addTable(117)) - using custom profile for table: s3Table
2019-10-15 14:14:35,758 [main] INFO  db.DBStoreBuilder (DBStoreBuilder.java:processTables(168)) - Using default column profile:DBProfile.DISK for Table:s3Table
2019-10-15 14:14:35,758 [main] INFO  db.DBStoreBuilder (DBStoreBuilder.java:addTable(117)) - using custom profile for table: multipartInfoTable
2019-10-15 14:14:35,758 [main] INFO  db.DBStoreBuilder (DBStoreBuilder.java:processTables(168)) - Using default column profile:DBProfile.DISK for Table:multipartInfoTable
2019-10-15 14:14:35,758 [main] INFO  db.DBStoreBuilder (DBStoreBuilder.java:addTable(117)) - using custom profile for table: dTokenTable
2019-10-15 14:14:35,759 [main] INFO  db.DBStoreBuilder (DBStoreBuilder.java:processTables(168)) - Using default column profile:DBProfile.DISK for Table:dTokenTable
2019-10-15 14:14:35,759 [main] INFO  db.DBStoreBuilder (DBStoreBuilder.java:addTable(117)) - using custom profile for table: s3SecretTable
2019-10-15 14:14:35,759 [main] INFO  db.DBStoreBuilder (DBStoreBuilder.java:processTables(168)) - Using default column profile:DBProfile.DISK for Table:s3SecretTable
2019-10-15 14:14:35,759 [main] INFO  db.DBStoreBuilder (DBStoreBuilder.java:addTable(117)) - using custom profile for table: prefixTable
2019-10-15 14:14:35,760 [main] INFO  db.DBStoreBuilder (DBStoreBuilder.java:processTables(168)) - Using default column profile:DBProfile.DISK for Table:prefixTable
2019-10-15 14:14:35,760 [main] INFO  db.DBStoreBuilder (DBStoreBuilder.java:addTable(117)) - using custom profile for table: default
2019-10-15 14:14:35,760 [main] INFO  db.DBStoreBuilder (DBStoreBuilder.java:processTables(174)) - Using default column profile:DBProfile.DISK for Table:default
2019-10-15 14:14:35,760 [main] INFO  db.DBStoreBuilder (DBStoreBuilder.java:getDbProfile(205)) - Using default options. DBProfile.DISK
2019-10-15 14:14:36,598 [main] INFO  ipc.CallQueueManager (CallQueueManager.java:<init>(84)) - Using callQueue: class java.util.concurrent.LinkedBlockingQueue, queueCapacity: 2000, scheduler: class org.apache.hadoop.ipc.DefaultRpcScheduler, ipcBackoff: false.
2019-10-15 14:14:36,600 [Socket Reader #1 for port 34114] INFO  ipc.Server (Server.java:run(1074)) - Starting Socket Reader #1 for port 34114
2019-10-15 14:14:36,623 [main] INFO  om.OzoneManager (OzoneManager.java:start(1071)) - OzoneManager RPC server is listening at localhost/127.0.0.1:34114
2019-10-15 14:14:36,623 [main] INFO  impl.MetricsSystemImpl (MetricsSystemImpl.java:init(158)) - OzoneManager metrics system started (again)
2019-10-15 14:14:36,631 [IPC Server Responder] INFO  ipc.Server (Server.java:run(1314)) - IPC Server Responder: starting
2019-10-15 14:14:36,631 [IPC Server listener on 34114] INFO  ipc.Server (Server.java:run(1153)) - IPC Server listener on 34114: starting
2019-10-15 14:14:36,638 [main] INFO  hdfs.DFSUtil (DFSUtil.java:httpServerTemplateForNNAndJN(1641)) - Starting Web-server for ozoneManager at: http://0.0.0.0:0
2019-10-15 14:14:36,639 [main] INFO  server.AuthenticationFilter (AuthenticationFilter.java:constructSecretProvider(240)) - Unable to initialize FileSignerSecretProvider, falling back to use random secrets.
2019-10-15 14:14:36,640 [main] WARN  http.HttpRequestLog (HttpRequestLog.java:getRequestLog(97)) - Jetty request log can only be enabled using Log4j
2019-10-15 14:14:36,643 [main] INFO  http.HttpServer2 (HttpServer2.java:addGlobalFilter(975)) - Added global filter 'safety' (class=org.apache.hadoop.http.HttpServer2$QuotingInputFilter)
2019-10-15 14:14:36,644 [main] INFO  http.HttpServer2 (HttpServer2.java:addFilter(948)) - Added filter static_user_filter (class=org.apache.hadoop.http.lib.StaticUserWebFilter$StaticUserFilter) to context ozoneManager
2019-10-15 14:14:36,644 [main] INFO  http.HttpServer2 (HttpServer2.java:addFilter(958)) - Added filter static_user_filter (class=org.apache.hadoop.http.lib.StaticUserWebFilter$StaticUserFilter) to context static
2019-10-15 14:14:36,644 [main] INFO  http.HttpServer2 (HttpServer2.java:addFilter(958)) - Added filter static_user_filter (class=org.apache.hadoop.http.lib.StaticUserWebFilter$StaticUserFilter) to context logs
2019-10-15 14:14:36,647 [main] INFO  http.HttpServer2 (HttpServer2.java:bindListener(1191)) - Jetty bound to port 37072
2019-10-15 14:14:36,647 [main] INFO  server.Server (Server.java:doStart(351)) - jetty-9.3.25.v20180904, build timestamp: 2018-09-04T21:11:46Z, git hash: 3ce520221d0240229c862b122d2b06c12a625732
2019-10-15 14:14:36,649 [main] INFO  handler.ContextHandler (ContextHandler.java:doStart(781)) - Started o.e.j.s.ServletContextHandler@aa10649{/logs,file:///workdir/hadoop-ozone/integration-test/target/log,AVAILABLE}
2019-10-15 14:14:36,650 [main] INFO  handler.ContextHandler (ContextHandler.java:doStart(781)) - Started o.e.j.s.ServletContextHandler@37095ded{/static,file:///workdir/hadoop-ozone/integration-test/target/test-classes/webapps/static,AVAILABLE}
2019-10-15 14:14:36,655 [main] INFO  handler.ContextHandler (ContextHandler.java:doStart(781)) - Started o.e.j.w.WebAppContext@75b3673{/,file:///workdir/hadoop-ozone/integration-test/target/test-classes/webapps/ozoneManager/,AVAILABLE}{/ozoneManager}
2019-10-15 14:14:36,655 [main] INFO  server.AbstractConnector (AbstractConnector.java:doStart(278)) - Started ServerConnector@1bcb79c2{HTTP/1.1,[http/1.1]}{0.0.0.0:37072}
2019-10-15 14:14:36,656 [main] INFO  server.Server (Server.java:doStart(419)) - Started @4931ms
2019-10-15 14:14:36,656 [main] WARN  impl.MetricsSystemImpl (MetricsSystemImpl.java:register(276)) - Sink prometheus already exists!
2019-10-15 14:14:36,657 [main] INFO  server.BaseHttpServer (BaseHttpServer.java:updateConnectorAddress(215)) - HTTP server of OZONEMANAGER is listening at http://0.0.0.0:37072
2019-10-15 14:14:36,979 [main] INFO  impl.MetricsSystemImpl (MetricsSystemImpl.java:init(158)) - HddsDatanode metrics system started (again)
2019-10-15 14:14:37,022 [main] INFO  ozone.HddsDatanodeService (HddsDatanodeService.java:start(184)) - HddsDatanodeService host:dev-nightly-20191015-67qjk-1482321572 ip:192.168.164.232
2019-10-15 14:14:37,053 [main] INFO  volume.HddsVolume (HddsVolume.java:<init>(176)) - Creating Volume: /workdir/hadoop-ozone/integration-test/target/test-dir/MiniOzoneClusterImpl-29d02a71-48e9-4ad5-9cfb-48d574ca0fa8/datanode-0/data/containers/hdds of  storage type : DISK and capacity : 1482555576320
2019-10-15 14:14:37,055 [main] INFO  volume.VolumeSet (VolumeSet.java:initializeVolumeSet(170)) - Added Volume : /workdir/hadoop-ozone/integration-test/target/test-dir/MiniOzoneClusterImpl-29d02a71-48e9-4ad5-9cfb-48d574ca0fa8/datanode-0/data/containers/hdds to VolumeSet
2019-10-15 14:14:37,057 [main] INFO  volume.ThrottledAsyncChecker (ThrottledAsyncChecker.java:schedule(141)) - Scheduling a check for /workdir/hadoop-ozone/integration-test/target/test-dir/MiniOzoneClusterImpl-29d02a71-48e9-4ad5-9cfb-48d574ca0fa8/datanode-0/data/containers/hdds
2019-10-15 14:14:37,073 [main] INFO  volume.HddsVolumeChecker (HddsVolumeChecker.java:checkAllVolumes(204)) - Scheduled health check for volume /workdir/hadoop-ozone/integration-test/target/test-dir/MiniOzoneClusterImpl-29d02a71-48e9-4ad5-9cfb-48d574ca0fa8/datanode-0/data/containers/hdds
2019-10-15 14:14:37,181 [main] INFO  impl.RaftServerProxy (ConfUtils.java:logGet(43)) - raft.rpc.type = GRPC (default)
2019-10-15 14:14:37,248 [main] INFO  grpc.GrpcFactory (GrpcFactory.java:checkPooledByteBufAllocatorUseCacheForAllThreads(45)) - PERFORMANCE WARNING: useCacheForAllThreads is true that may cause Netty to create a lot garbage objects and, as a result, trigger GC.
	It is recommended to disable useCacheForAllThreads by setting -Dorg.apache.ratis.thirdparty.io.netty.allocator.useCacheForAllThreads=false in command line.
2019-10-15 14:14:37,254 [main] INFO  grpc.GrpcConfigKeys$Server (ConfUtils.java:logGet(43)) - raft.grpc.server.port = 0 (default)
2019-10-15 14:14:37,255 [main] INFO  server.GrpcService (ConfUtils.java:logGet(43)) - raft.grpc.message.size.max = 33570816 (custom)
2019-10-15 14:14:37,259 [main] INFO  server.RaftServerConfigKeys (ConfUtils.java:logGet(43)) - raft.server.log.appender.buffer.byte-limit = 33554432 (custom)
2019-10-15 14:14:37,260 [main] INFO  server.GrpcService (ConfUtils.java:logGet(43)) - raft.grpc.flow.control.window = 1MB (=1048576) (default)
2019-10-15 14:14:37,261 [main] INFO  server.RaftServerConfigKeys (ConfUtils.java:logGet(43)) - raft.server.rpc.request.timeout = 3000ms (default)
2019-10-15 14:14:37,422 [main] INFO  server.RaftServerConfigKeys (ConfUtils.java:logGet(43)) - raft.server.storage.dir = [/workdir/hadoop-ozone/integration-test/target/test-dir/MiniOzoneClusterImpl-29d02a71-48e9-4ad5-9cfb-48d574ca0fa8/datanode-0/data/ratis] (custom)
2019-10-15 14:14:37,470 [main] INFO  hdfs.DFSUtil (DFSUtil.java:httpServerTemplateForNNAndJN(1641)) - Starting Web-server for hddsDatanode at: http://0.0.0.0:0
2019-10-15 14:14:37,472 [main] INFO  server.AuthenticationFilter (AuthenticationFilter.java:constructSecretProvider(240)) - Unable to initialize FileSignerSecretProvider, falling back to use random secrets.
2019-10-15 14:14:37,473 [main] WARN  http.HttpRequestLog (HttpRequestLog.java:getRequestLog(97)) - Jetty request log can only be enabled using Log4j
2019-10-15 14:14:37,475 [main] INFO  http.HttpServer2 (HttpServer2.java:addGlobalFilter(975)) - Added global filter 'safety' (class=org.apache.hadoop.http.HttpServer2$QuotingInputFilter)
2019-10-15 14:14:37,476 [main] INFO  http.HttpServer2 (HttpServer2.java:addFilter(948)) - Added filter static_user_filter (class=org.apache.hadoop.http.lib.StaticUserWebFilter$StaticUserFilter) to context hddsDatanode
2019-10-15 14:14:37,476 [main] INFO  http.HttpServer2 (HttpServer2.java:addFilter(958)) - Added filter static_user_filter (class=org.apache.hadoop.http.lib.StaticUserWebFilter$StaticUserFilter) to context logs
2019-10-15 14:14:37,476 [main] INFO  http.HttpServer2 (HttpServer2.java:addFilter(958)) - Added filter static_user_filter (class=org.apache.hadoop.http.lib.StaticUserWebFilter$StaticUserFilter) to context static
2019-10-15 14:14:37,478 [main] INFO  http.HttpServer2 (HttpServer2.java:bindListener(1191)) - Jetty bound to port 46708
2019-10-15 14:14:37,478 [main] INFO  server.Server (Server.java:doStart(351)) - jetty-9.3.25.v20180904, build timestamp: 2018-09-04T21:11:46Z, git hash: 3ce520221d0240229c862b122d2b06c12a625732
2019-10-15 14:14:37,481 [main] INFO  handler.ContextHandler (ContextHandler.java:doStart(781)) - Started o.e.j.s.ServletContextHandler@60cf62ad{/logs,file:///workdir/hadoop-ozone/integration-test/target/log,AVAILABLE}
2019-10-15 14:14:37,482 [main] INFO  handler.ContextHandler (ContextHandler.java:doStart(781)) - Started o.e.j.s.ServletContextHandler@1ac4ccad{/static,jar:file:/home/user/.m2/repository/org/apache/hadoop/hadoop-hdds-container-service/0.5.0-SNAPSHOT/hadoop-hdds-container-service-0.5.0-SNAPSHOT.jar!/webapps/static,AVAILABLE}
2019-10-15 14:14:37,521 [main] INFO  handler.ContextHandler (ContextHandler.java:doStart(781)) - Started o.e.j.w.WebAppContext@de8039f{/,file:///tmp/jetty-0.0.0.0-46708-hddsDatanode-_-any-5111888698900202119.dir/webapp/,AVAILABLE}{/hddsDatanode}
2019-10-15 14:14:37,521 [main] INFO  server.AbstractConnector (AbstractConnector.java:doStart(278)) - Started ServerConnector@1deceb67{HTTP/1.1,[http/1.1]}{0.0.0.0:46708}
2019-10-15 14:14:37,522 [main] INFO  server.Server (Server.java:doStart(419)) - Started @5797ms
2019-10-15 14:14:37,522 [main] WARN  impl.MetricsSystemImpl (MetricsSystemImpl.java:register(276)) - Sink prometheus already exists!
2019-10-15 14:14:37,524 [main] INFO  server.BaseHttpServer (BaseHttpServer.java:updateConnectorAddress(215)) - HTTP server of HDDSDATANODE is listening at http://0.0.0.0:46708
2019-10-15 14:14:37,525 [main] INFO  impl.MetricsSystemImpl (MetricsSystemImpl.java:init(158)) - HddsDatanode metrics system started (again)
2019-10-15 14:14:37,527 [main] INFO  ozone.HddsDatanodeService (HddsDatanodeService.java:start(184)) - HddsDatanodeService host:dev-nightly-20191015-67qjk-1482321572 ip:192.168.164.232
2019-10-15 14:14:37,530 [org.apache.hadoop.util.JvmPauseMonitor$Monitor@64d29275] INFO  util.JvmPauseMonitor (JvmPauseMonitor.java:run(188)) - Starting JVM pause monitor
2019-10-15 14:14:37,537 [main] INFO  volume.HddsVolume (HddsVolume.java:<init>(176)) - Creating Volume: /workdir/hadoop-ozone/integration-test/target/test-dir/MiniOzoneClusterImpl-29d02a71-48e9-4ad5-9cfb-48d574ca0fa8/datanode-1/data/containers/hdds of  storage type : DISK and capacity : 1482555576320
2019-10-15 14:14:37,538 [main] INFO  volume.VolumeSet (VolumeSet.java:initializeVolumeSet(170)) - Added Volume : /workdir/hadoop-ozone/integration-test/target/test-dir/MiniOzoneClusterImpl-29d02a71-48e9-4ad5-9cfb-48d574ca0fa8/datanode-1/data/containers/hdds to VolumeSet
2019-10-15 14:14:37,538 [main] INFO  volume.ThrottledAsyncChecker (ThrottledAsyncChecker.java:schedule(141)) - Scheduling a check for /workdir/hadoop-ozone/integration-test/target/test-dir/MiniOzoneClusterImpl-29d02a71-48e9-4ad5-9cfb-48d574ca0fa8/datanode-1/data/containers/hdds
2019-10-15 14:14:37,538 [main] INFO  volume.HddsVolumeChecker (HddsVolumeChecker.java:checkAllVolumes(204)) - Scheduled health check for volume /workdir/hadoop-ozone/integration-test/target/test-dir/MiniOzoneClusterImpl-29d02a71-48e9-4ad5-9cfb-48d574ca0fa8/datanode-1/data/containers/hdds
2019-10-15 14:14:37,552 [main] INFO  impl.RaftServerProxy (ConfUtils.java:logGet(43)) - raft.rpc.type = GRPC (default)
2019-10-15 14:14:37,552 [main] INFO  grpc.GrpcFactory (GrpcFactory.java:checkPooledByteBufAllocatorUseCacheForAllThreads(45)) - PERFORMANCE WARNING: useCacheForAllThreads is true that may cause Netty to create a lot garbage objects and, as a result, trigger GC.
	It is recommended to disable useCacheForAllThreads by setting -Dorg.apache.ratis.thirdparty.io.netty.allocator.useCacheForAllThreads=false in command line.
2019-10-15 14:14:37,552 [main] INFO  grpc.GrpcConfigKeys$Server (ConfUtils.java:logGet(43)) - raft.grpc.server.port = 0 (default)
2019-10-15 14:14:37,552 [main] INFO  server.GrpcService (ConfUtils.java:logGet(43)) - raft.grpc.message.size.max = 33570816 (custom)
2019-10-15 14:14:37,553 [main] INFO  server.RaftServerConfigKeys (ConfUtils.java:logGet(43)) - raft.server.log.appender.buffer.byte-limit = 33554432 (custom)
2019-10-15 14:14:37,553 [main] INFO  server.GrpcService (ConfUtils.java:logGet(43)) - raft.grpc.flow.control.window = 1MB (=1048576) (default)
2019-10-15 14:14:37,553 [main] INFO  server.RaftServerConfigKeys (ConfUtils.java:logGet(43)) - raft.server.rpc.request.timeout = 3000ms (default)
2019-10-15 14:14:37,554 [main] INFO  server.RaftServerConfigKeys (ConfUtils.java:logGet(43)) - raft.server.storage.dir = [/workdir/hadoop-ozone/integration-test/target/test-dir/MiniOzoneClusterImpl-29d02a71-48e9-4ad5-9cfb-48d574ca0fa8/datanode-1/data/ratis] (custom)
2019-10-15 14:14:37,555 [main] INFO  hdfs.DFSUtil (DFSUtil.java:httpServerTemplateForNNAndJN(1641)) - Starting Web-server for hddsDatanode at: http://0.0.0.0:0
2019-10-15 14:14:37,557 [main] INFO  server.AuthenticationFilter (AuthenticationFilter.java:constructSecretProvider(240)) - Unable to initialize FileSignerSecretProvider, falling back to use random secrets.
2019-10-15 14:14:37,557 [main] WARN  http.HttpRequestLog (HttpRequestLog.java:getRequestLog(97)) - Jetty request log can only be enabled using Log4j
2019-10-15 14:14:37,559 [main] INFO  http.HttpServer2 (HttpServer2.java:addGlobalFilter(975)) - Added global filter 'safety' (class=org.apache.hadoop.http.HttpServer2$QuotingInputFilter)
2019-10-15 14:14:37,559 [main] INFO  http.HttpServer2 (HttpServer2.java:addFilter(948)) - Added filter static_user_filter (class=org.apache.hadoop.http.lib.StaticUserWebFilter$StaticUserFilter) to context hddsDatanode
2019-10-15 14:14:37,559 [main] INFO  http.HttpServer2 (HttpServer2.java:addFilter(958)) - Added filter static_user_filter (class=org.apache.hadoop.http.lib.StaticUserWebFilter$StaticUserFilter) to context logs
2019-10-15 14:14:37,559 [main] INFO  http.HttpServer2 (HttpServer2.java:addFilter(958)) - Added filter static_user_filter (class=org.apache.hadoop.http.lib.StaticUserWebFilter$StaticUserFilter) to context static
2019-10-15 14:14:37,560 [main] INFO  http.HttpServer2 (HttpServer2.java:bindListener(1191)) - Jetty bound to port 40300
2019-10-15 14:14:37,561 [main] INFO  server.Server (Server.java:doStart(351)) - jetty-9.3.25.v20180904, build timestamp: 2018-09-04T21:11:46Z, git hash: 3ce520221d0240229c862b122d2b06c12a625732
2019-10-15 14:14:37,565 [main] INFO  handler.ContextHandler (ContextHandler.java:doStart(781)) - Started o.e.j.s.ServletContextHandler@1907874b{/logs,file:///workdir/hadoop-ozone/integration-test/target/log,AVAILABLE}
2019-10-15 14:14:37,565 [main] INFO  handler.ContextHandler (ContextHandler.java:doStart(781)) - Started o.e.j.s.ServletContextHandler@5b3a7ef5{/static,jar:file:/home/user/.m2/repository/org/apache/hadoop/hadoop-hdds-container-service/0.5.0-SNAPSHOT/hadoop-hdds-container-service-0.5.0-SNAPSHOT.jar!/webapps/static,AVAILABLE}
2019-10-15 14:14:37,596 [main] INFO  handler.ContextHandler (ContextHandler.java:doStart(781)) - Started o.e.j.w.WebAppContext@660f0c{/,file:///tmp/jetty-0.0.0.0-40300-hddsDatanode-_-any-7106174387956656510.dir/webapp/,AVAILABLE}{/hddsDatanode}
2019-10-15 14:14:37,596 [main] INFO  server.AbstractConnector (AbstractConnector.java:doStart(278)) - Started ServerConnector@7a0ef219{HTTP/1.1,[http/1.1]}{0.0.0.0:40300}
2019-10-15 14:14:37,597 [main] INFO  server.Server (Server.java:doStart(419)) - Started @5872ms
2019-10-15 14:14:37,597 [main] WARN  impl.MetricsSystemImpl (MetricsSystemImpl.java:register(276)) - Sink prometheus already exists!
2019-10-15 14:14:37,599 [main] INFO  server.BaseHttpServer (BaseHttpServer.java:updateConnectorAddress(215)) - HTTP server of HDDSDATANODE is listening at http://0.0.0.0:40300
2019-10-15 14:14:37,599 [main] INFO  impl.MetricsSystemImpl (MetricsSystemImpl.java:init(158)) - HddsDatanode metrics system started (again)
2019-10-15 14:14:37,602 [main] INFO  ozone.HddsDatanodeService (HddsDatanodeService.java:start(184)) - HddsDatanodeService host:dev-nightly-20191015-67qjk-1482321572 ip:192.168.164.232
2019-10-15 14:14:37,602 [org.apache.hadoop.util.JvmPauseMonitor$Monitor@25270b01] INFO  util.JvmPauseMonitor (JvmPauseMonitor.java:run(188)) - Starting JVM pause monitor
2019-10-15 14:14:37,611 [main] INFO  volume.HddsVolume (HddsVolume.java:<init>(176)) - Creating Volume: /workdir/hadoop-ozone/integration-test/target/test-dir/MiniOzoneClusterImpl-29d02a71-48e9-4ad5-9cfb-48d574ca0fa8/datanode-2/data/containers/hdds of  storage type : DISK and capacity : 1482555576320
2019-10-15 14:14:37,611 [main] INFO  volume.VolumeSet (VolumeSet.java:initializeVolumeSet(170)) - Added Volume : /workdir/hadoop-ozone/integration-test/target/test-dir/MiniOzoneClusterImpl-29d02a71-48e9-4ad5-9cfb-48d574ca0fa8/datanode-2/data/containers/hdds to VolumeSet
2019-10-15 14:14:37,612 [main] INFO  volume.ThrottledAsyncChecker (ThrottledAsyncChecker.java:schedule(141)) - Scheduling a check for /workdir/hadoop-ozone/integration-test/target/test-dir/MiniOzoneClusterImpl-29d02a71-48e9-4ad5-9cfb-48d574ca0fa8/datanode-2/data/containers/hdds
2019-10-15 14:14:37,612 [main] INFO  volume.HddsVolumeChecker (HddsVolumeChecker.java:checkAllVolumes(204)) - Scheduled health check for volume /workdir/hadoop-ozone/integration-test/target/test-dir/MiniOzoneClusterImpl-29d02a71-48e9-4ad5-9cfb-48d574ca0fa8/datanode-2/data/containers/hdds
2019-10-15 14:14:37,625 [main] INFO  impl.RaftServerProxy (ConfUtils.java:logGet(43)) - raft.rpc.type = GRPC (default)
2019-10-15 14:14:37,625 [main] INFO  grpc.GrpcFactory (GrpcFactory.java:checkPooledByteBufAllocatorUseCacheForAllThreads(45)) - PERFORMANCE WARNING: useCacheForAllThreads is true that may cause Netty to create a lot garbage objects and, as a result, trigger GC.
	It is recommended to disable useCacheForAllThreads by setting -Dorg.apache.ratis.thirdparty.io.netty.allocator.useCacheForAllThreads=false in command line.
2019-10-15 14:14:37,626 [main] INFO  grpc.GrpcConfigKeys$Server (ConfUtils.java:logGet(43)) - raft.grpc.server.port = 0 (default)
2019-10-15 14:14:37,626 [main] INFO  server.GrpcService (ConfUtils.java:logGet(43)) - raft.grpc.message.size.max = 33570816 (custom)
2019-10-15 14:14:37,626 [main] INFO  server.RaftServerConfigKeys (ConfUtils.java:logGet(43)) - raft.server.log.appender.buffer.byte-limit = 33554432 (custom)
2019-10-15 14:14:37,626 [main] INFO  server.GrpcService (ConfUtils.java:logGet(43)) - raft.grpc.flow.control.window = 1MB (=1048576) (default)
2019-10-15 14:14:37,626 [main] INFO  server.RaftServerConfigKeys (ConfUtils.java:logGet(43)) - raft.server.rpc.request.timeout = 3000ms (default)
2019-10-15 14:14:37,627 [main] INFO  server.RaftServerConfigKeys (ConfUtils.java:logGet(43)) - raft.server.storage.dir = [/workdir/hadoop-ozone/integration-test/target/test-dir/MiniOzoneClusterImpl-29d02a71-48e9-4ad5-9cfb-48d574ca0fa8/datanode-2/data/ratis] (custom)
2019-10-15 14:14:37,629 [main] INFO  hdfs.DFSUtil (DFSUtil.java:httpServerTemplateForNNAndJN(1641)) - Starting Web-server for hddsDatanode at: http://0.0.0.0:0
2019-10-15 14:14:37,632 [main] INFO  server.AuthenticationFilter (AuthenticationFilter.java:constructSecretProvider(240)) - Unable to initialize FileSignerSecretProvider, falling back to use random secrets.
2019-10-15 14:14:37,633 [main] WARN  http.HttpRequestLog (HttpRequestLog.java:getRequestLog(97)) - Jetty request log can only be enabled using Log4j
2019-10-15 14:14:37,636 [main] INFO  http.HttpServer2 (HttpServer2.java:addGlobalFilter(975)) - Added global filter 'safety' (class=org.apache.hadoop.http.HttpServer2$QuotingInputFilter)
2019-10-15 14:14:37,637 [main] INFO  http.HttpServer2 (HttpServer2.java:addFilter(948)) - Added filter static_user_filter (class=org.apache.hadoop.http.lib.StaticUserWebFilter$StaticUserFilter) to context hddsDatanode
2019-10-15 14:14:37,637 [main] INFO  http.HttpServer2 (HttpServer2.java:addFilter(958)) - Added filter static_user_filter (class=org.apache.hadoop.http.lib.StaticUserWebFilter$StaticUserFilter) to context logs
2019-10-15 14:14:37,638 [main] INFO  http.HttpServer2 (HttpServer2.java:addFilter(958)) - Added filter static_user_filter (class=org.apache.hadoop.http.lib.StaticUserWebFilter$StaticUserFilter) to context static
2019-10-15 14:14:37,639 [main] INFO  http.HttpServer2 (HttpServer2.java:bindListener(1191)) - Jetty bound to port 46135
2019-10-15 14:14:37,639 [main] INFO  server.Server (Server.java:doStart(351)) - jetty-9.3.25.v20180904, build timestamp: 2018-09-04T21:11:46Z, git hash: 3ce520221d0240229c862b122d2b06c12a625732
2019-10-15 14:14:37,642 [main] INFO  handler.ContextHandler (ContextHandler.java:doStart(781)) - Started o.e.j.s.ServletContextHandler@6069dd38{/logs,file:///workdir/hadoop-ozone/integration-test/target/log,AVAILABLE}
2019-10-15 14:14:37,643 [main] INFO  handler.ContextHandler (ContextHandler.java:doStart(781)) - Started o.e.j.s.ServletContextHandler@558756be{/static,jar:file:/home/user/.m2/repository/org/apache/hadoop/hadoop-hdds-container-service/0.5.0-SNAPSHOT/hadoop-hdds-container-service-0.5.0-SNAPSHOT.jar!/webapps/static,AVAILABLE}
2019-10-15 14:14:37,652 [Datanode State Machine Thread - 0] INFO  datanode.InitDatanodeState (InitDatanodeState.java:persistContainerDatanodeDetails(140)) - DatanodeDetails is persisted to /workdir/hadoop-ozone/integration-test/target/test-dir/MiniOzoneClusterImpl-29d02a71-48e9-4ad5-9cfb-48d574ca0fa8/datanode-0/meta/datanode.id
2019-10-15 14:14:37,657 [Datanode State Machine Thread - 0] INFO  datanode.InitDatanodeState (InitDatanodeState.java:persistContainerDatanodeDetails(140)) - DatanodeDetails is persisted to /workdir/hadoop-ozone/integration-test/target/test-dir/MiniOzoneClusterImpl-29d02a71-48e9-4ad5-9cfb-48d574ca0fa8/datanode-1/meta/datanode.id
2019-10-15 14:14:37,677 [main] INFO  handler.ContextHandler (ContextHandler.java:doStart(781)) - Started o.e.j.w.WebAppContext@54e3658c{/,file:///tmp/jetty-0.0.0.0-46135-hddsDatanode-_-any-7065643346053570646.dir/webapp/,AVAILABLE}{/hddsDatanode}
2019-10-15 14:14:37,677 [main] INFO  server.AbstractConnector (AbstractConnector.java:doStart(278)) - Started ServerConnector@43e9089{HTTP/1.1,[http/1.1]}{0.0.0.0:46135}
2019-10-15 14:14:37,678 [main] INFO  server.Server (Server.java:doStart(419)) - Started @5953ms
2019-10-15 14:14:37,678 [main] WARN  impl.MetricsSystemImpl (MetricsSystemImpl.java:register(276)) - Sink prometheus already exists!
2019-10-15 14:14:37,680 [main] INFO  server.BaseHttpServer (BaseHttpServer.java:updateConnectorAddress(215)) - HTTP server of HDDSDATANODE is listening at http://0.0.0.0:46135
2019-10-15 14:14:37,682 [main] INFO  ozone.MiniOzoneClusterImpl (MiniOzoneClusterImpl.java:lambda$waitForClusterToBeReady$0(147)) - Waiting for cluster to be ready. Got 0 of 3 DN Heartbeats.
2019-10-15 14:14:37,683 [org.apache.hadoop.util.JvmPauseMonitor$Monitor@5a008d88] INFO  util.JvmPauseMonitor (JvmPauseMonitor.java:run(188)) - Starting JVM pause monitor
2019-10-15 14:14:37,687 [Datanode State Machine Thread - 0] INFO  datanode.InitDatanodeState (InitDatanodeState.java:persistContainerDatanodeDetails(140)) - DatanodeDetails is persisted to /workdir/hadoop-ozone/integration-test/target/test-dir/MiniOzoneClusterImpl-29d02a71-48e9-4ad5-9cfb-48d574ca0fa8/datanode-2/meta/datanode.id
2019-10-15 14:14:38,682 [main] INFO  ozone.MiniOzoneClusterImpl (MiniOzoneClusterImpl.java:lambda$waitForClusterToBeReady$0(147)) - Waiting for cluster to be ready. Got 0 of 3 DN Heartbeats.
2019-10-15 14:14:39,642 [Datanode State Machine Thread - 0] INFO  ozoneimpl.OzoneContainer (OzoneContainer.java:start(213)) - Attempting to start container services.
2019-10-15 14:14:39,642 [Datanode State Machine Thread - 0] INFO  ozoneimpl.OzoneContainer (OzoneContainer.java:start(213)) - Attempting to start container services.
2019-10-15 14:14:39,645 [Datanode State Machine Thread - 0] INFO  ozoneimpl.OzoneContainer (OzoneContainer.java:startContainerScrub(177)) - Background container scanner has been disabled.
2019-10-15 14:14:39,645 [Datanode State Machine Thread - 0] INFO  ozoneimpl.OzoneContainer (OzoneContainer.java:startContainerScrub(177)) - Background container scanner has been disabled.
2019-10-15 14:14:39,645 [Datanode State Machine Thread - 0] INFO  ratis.XceiverServerRatis (XceiverServerRatis.java:start(418)) - Starting XceiverServerRatis 4e1c66a4-792a-4350-b244-4dedea3f57a8 at port 0
2019-10-15 14:14:39,646 [Datanode State Machine Thread - 0] INFO  ratis.XceiverServerRatis (XceiverServerRatis.java:start(418)) - Starting XceiverServerRatis 350dd957-6baf-44a5-98e5-a3496d7a986b at port 0
2019-10-15 14:14:39,683 [main] INFO  ozone.MiniOzoneClusterImpl (MiniOzoneClusterImpl.java:lambda$waitForClusterToBeReady$0(147)) - Waiting for cluster to be ready. Got 0 of 3 DN Heartbeats.
2019-10-15 14:14:39,684 [Datanode State Machine Thread - 0] INFO  impl.RaftServerProxy (RaftServerProxy.java:lambda$start$3(299)) - 350dd957-6baf-44a5-98e5-a3496d7a986b: start RPC server
2019-10-15 14:14:39,684 [Datanode State Machine Thread - 0] INFO  impl.RaftServerProxy (RaftServerProxy.java:lambda$start$3(299)) - 4e1c66a4-792a-4350-b244-4dedea3f57a8: start RPC server
2019-10-15 14:14:39,717 [Datanode State Machine Thread - 0] INFO  ozoneimpl.OzoneContainer (OzoneContainer.java:start(213)) - Attempting to start container services.
2019-10-15 14:14:39,722 [Datanode State Machine Thread - 0] INFO  ozoneimpl.OzoneContainer (OzoneContainer.java:startContainerScrub(177)) - Background container scanner has been disabled.
2019-10-15 14:14:39,723 [Datanode State Machine Thread - 0] INFO  ratis.XceiverServerRatis (XceiverServerRatis.java:start(418)) - Starting XceiverServerRatis 2ac0d02e-9e70-4102-8ecc-87abf8a9c7ab at port 0
2019-10-15 14:14:39,735 [Datanode State Machine Thread - 0] INFO  impl.RaftServerProxy (RaftServerProxy.java:lambda$start$3(299)) - 2ac0d02e-9e70-4102-8ecc-87abf8a9c7ab: start RPC server
2019-10-15 14:14:39,825 [Datanode State Machine Thread - 0] INFO  server.GrpcService (GrpcService.java:startImpl(158)) - 350dd957-6baf-44a5-98e5-a3496d7a986b: GrpcService started, listening on 0.0.0.0/0.0.0.0:34256
2019-10-15 14:14:39,825 [Datanode State Machine Thread - 0] INFO  server.GrpcService (GrpcService.java:startImpl(158)) - 2ac0d02e-9e70-4102-8ecc-87abf8a9c7ab: GrpcService started, listening on 0.0.0.0/0.0.0.0:40013
2019-10-15 14:14:39,825 [Datanode State Machine Thread - 0] INFO  server.GrpcService (GrpcService.java:startImpl(158)) - 4e1c66a4-792a-4350-b244-4dedea3f57a8: GrpcService started, listening on 0.0.0.0/0.0.0.0:41177
2019-10-15 14:14:39,826 [Datanode State Machine Thread - 0] INFO  ratis.XceiverServerRatis (XceiverServerRatis.java:start(428)) - XceiverServerRatis 2ac0d02e-9e70-4102-8ecc-87abf8a9c7ab is started using port 40013
2019-10-15 14:14:39,826 [Datanode State Machine Thread - 0] INFO  ratis.XceiverServerRatis (XceiverServerRatis.java:start(428)) - XceiverServerRatis 350dd957-6baf-44a5-98e5-a3496d7a986b is started using port 34256
2019-10-15 14:14:39,827 [Datanode State Machine Thread - 0] INFO  ratis.XceiverServerRatis (XceiverServerRatis.java:start(428)) - XceiverServerRatis 4e1c66a4-792a-4350-b244-4dedea3f57a8 is started using port 41177
2019-10-15 14:14:39,831 [Datanode State Machine Thread - 0] INFO  server.XceiverServerGrpc (XceiverServerGrpc.java:start(149)) - XceiverServerGrpc 350dd957-6baf-44a5-98e5-a3496d7a986b is started using port 39904
2019-10-15 14:14:39,831 [Datanode State Machine Thread - 0] INFO  server.XceiverServerGrpc (XceiverServerGrpc.java:start(149)) - XceiverServerGrpc 2ac0d02e-9e70-4102-8ecc-87abf8a9c7ab is started using port 35822
2019-10-15 14:14:39,831 [Datanode State Machine Thread - 0] INFO  server.XceiverServerGrpc (XceiverServerGrpc.java:start(149)) - XceiverServerGrpc 4e1c66a4-792a-4350-b244-4dedea3f57a8 is started using port 42246
2019-10-15 14:14:40,684 [main] INFO  ozone.MiniOzoneClusterImpl (MiniOzoneClusterImpl.java:lambda$waitForClusterToBeReady$0(147)) - Waiting for cluster to be ready. Got 0 of 3 DN Heartbeats.
2019-10-15 14:14:41,568 [IPC Server handler 19 on 40511] INFO  net.NetworkTopology (NetworkTopologyImpl.java:add(111)) - Added a new node: /default-rack/350dd957-6baf-44a5-98e5-a3496d7a986b
2019-10-15 14:14:41,568 [IPC Server handler 19 on 40511] INFO  node.SCMNodeManager (SCMNodeManager.java:register(268)) - Registered Data node : 350dd957-6baf-44a5-98e5-a3496d7a986b{ip: 192.168.164.232, host: dev-nightly-20191015-67qjk-1482321572, networkLocation: /default-rack, certSerialId: null}
2019-10-15 14:14:41,572 [EventQueue-NodeRegistrationContainerReportForDataNodeSafeModeRule] INFO  safemode.SCMSafeModeManager (DataNodeSafeModeRule.java:process(71)) - SCM in safe mode. 1 DataNodes registered, 1 required.
2019-10-15 14:14:41,573 [EventQueue-NodeRegistrationContainerReportForDataNodeSafeModeRule] INFO  safemode.SCMSafeModeManager (SCMSafeModeManager.java:validateSafeModeExitRules(177)) - ScmSafeModeManager, all rules are successfully validated
2019-10-15 14:14:41,573 [EventQueue-NodeRegistrationContainerReportForDataNodeSafeModeRule] INFO  safemode.SCMSafeModeManager (SCMSafeModeManager.java:exitSafeMode(193)) - SCM exiting safe mode.
2019-10-15 14:14:41,605 [IPC Server handler 18 on 40511] INFO  net.NetworkTopology (NetworkTopologyImpl.java:add(111)) - Added a new node: /default-rack/4e1c66a4-792a-4350-b244-4dedea3f57a8
2019-10-15 14:14:41,606 [IPC Server handler 18 on 40511] INFO  node.SCMNodeManager (SCMNodeManager.java:register(268)) - Registered Data node : 4e1c66a4-792a-4350-b244-4dedea3f57a8{ip: 192.168.164.232, host: dev-nightly-20191015-67qjk-1482321572, networkLocation: /default-rack, certSerialId: null}
2019-10-15 14:14:41,685 [main] INFO  ozone.MiniOzoneClusterImpl (MiniOzoneClusterImpl.java:lambda$waitForClusterToBeReady$0(147)) - Waiting for cluster to be ready. Got 2 of 3 DN Heartbeats.
2019-10-15 14:14:41,686 [IPC Server handler 17 on 40511] INFO  net.NetworkTopology (NetworkTopologyImpl.java:add(111)) - Added a new node: /default-rack/2ac0d02e-9e70-4102-8ecc-87abf8a9c7ab
2019-10-15 14:14:41,686 [IPC Server handler 17 on 40511] INFO  node.SCMNodeManager (SCMNodeManager.java:register(268)) - Registered Data node : 2ac0d02e-9e70-4102-8ecc-87abf8a9c7ab{ip: 192.168.164.232, host: dev-nightly-20191015-67qjk-1482321572, networkLocation: /default-rack, certSerialId: null}
2019-10-15 14:14:42,103 [grpc-default-executor-0] INFO  impl.RaftServerProxy (RaftServerProxy.java:addNew(89)) - 350dd957-6baf-44a5-98e5-a3496d7a986b: addNew group-E0ABEE0FF9B0:[350dd957-6baf-44a5-98e5-a3496d7a986b:192.168.164.232:34256] returns group-E0ABEE0FF9B0:java.util.concurrent.CompletableFuture@79af9dae[Not completed]
2019-10-15 14:14:42,121 [pool-27-thread-1] INFO  impl.RaftServerImpl (RaftServerImpl.java:<init>(104)) - 350dd957-6baf-44a5-98e5-a3496d7a986b: new RaftServerImpl for group-E0ABEE0FF9B0:[350dd957-6baf-44a5-98e5-a3496d7a986b:192.168.164.232:34256] with ContainerStateMachine:uninitialized
2019-10-15 14:14:42,124 [pool-27-thread-1] INFO  server.RaftServerConfigKeys (ConfUtils.java:logGet(43)) - raft.server.rpc.timeout.min = 5s (custom)
2019-10-15 14:14:42,125 [pool-27-thread-1] INFO  server.RaftServerConfigKeys (ConfUtils.java:logGet(43)) - raft.server.rpc.timeout.max = 5200ms (custom)
2019-10-15 14:14:42,126 [pool-27-thread-1] INFO  server.RaftServerConfigKeys (ConfUtils.java:logGet(43)) - raft.server.rpcslowness.timeout = 1000s (custom)
2019-10-15 14:14:42,127 [pool-27-thread-1] INFO  server.RaftServerConfigKeys (ConfUtils.java:logGet(43)) - raft.server.sleep.deviation.threshold = 300 (default)
2019-10-15 14:14:42,128 [pool-27-thread-1] INFO  server.RaftServerConfigKeys (ConfUtils.java:logGet(43)) - raft.server.log.appender.install.snapshot.enabled = false (custom)
2019-10-15 14:14:42,137 [pool-27-thread-1] INFO  impl.RaftServerImpl (ServerState.java:<init>(103)) - 350dd957-6baf-44a5-98e5-a3496d7a986b@group-E0ABEE0FF9B0: ConfigurationManager, init=-1: [350dd957-6baf-44a5-98e5-a3496d7a986b:192.168.164.232:34256], old=null, confs=<EMPTY_MAP>
2019-10-15 14:14:42,137 [pool-27-thread-1] INFO  server.RaftServerConfigKeys (ConfUtils.java:logGet(43)) - raft.server.storage.dir = [/workdir/hadoop-ozone/integration-test/target/test-dir/MiniOzoneClusterImpl-29d02a71-48e9-4ad5-9cfb-48d574ca0fa8/datanode-0/data/ratis] (custom)
2019-10-15 14:14:42,146 [pool-27-thread-1] INFO  server.RaftServerConfigKeys (ConfUtils.java:logGet(43)) - raft.server.log.corruption.policy = EXCEPTION (default)
2019-10-15 14:14:42,148 [pool-27-thread-1] INFO  storage.RaftStorageDirectory (RaftStorageDirectory.java:analyzeStorage(246)) - The storage directory /workdir/hadoop-ozone/integration-test/target/test-dir/MiniOzoneClusterImpl-29d02a71-48e9-4ad5-9cfb-48d574ca0fa8/datanode-0/data/ratis/e4e33147-b46f-4049-be9a-e0abee0ff9b0 does not exist. Creating ...
2019-10-15 14:14:42,184 [pool-27-thread-1] INFO  storage.RaftStorageDirectory (RaftStorageDirectory.java:tryLock(328)) - Lock on /workdir/hadoop-ozone/integration-test/target/test-dir/MiniOzoneClusterImpl-29d02a71-48e9-4ad5-9cfb-48d574ca0fa8/datanode-0/data/ratis/e4e33147-b46f-4049-be9a-e0abee0ff9b0/in_use.lock acquired by nodename 14818@dev-nightly-20191015-67qjk-1482321572
2019-10-15 14:14:42,210 [pool-27-thread-1] INFO  storage.RaftStorage (RaftStorage.java:format(84)) - Storage directory /workdir/hadoop-ozone/integration-test/target/test-dir/MiniOzoneClusterImpl-29d02a71-48e9-4ad5-9cfb-48d574ca0fa8/datanode-0/data/ratis/e4e33147-b46f-4049-be9a-e0abee0ff9b0 has been successfully formatted.
2019-10-15 14:14:42,214 [pool-27-thread-1] INFO  ratis.ContainerStateMachine (ContainerStateMachine.java:loadSnapshot(231)) - group-E0ABEE0FF9B0: The snapshot info is null. Setting the last applied indexto:(t:0, i:~)
2019-10-15 14:14:42,214 [pool-27-thread-1] INFO  server.RaftServerConfigKeys (ConfUtils.java:logGet(43)) - raft.server.notification.no-leader.timeout = 1000s (custom)
2019-10-15 14:14:42,216 [pool-27-thread-1] INFO  server.RaftServerConfigKeys (ConfUtils.java:logGet(43)) - raft.server.log.use.memory = false (default)
2019-10-15 14:14:42,221 [pool-27-thread-1] INFO  server.RaftServerConfigKeys (ConfUtils.java:logGet(43)) - raft.server.log.purge.gap = 1000000 (custom)
2019-10-15 14:14:42,222 [pool-27-thread-1] INFO  server.RaftServerConfigKeys (ConfUtils.java:logGet(43)) - raft.server.log.appender.buffer.byte-limit = 33554432 (custom)
2019-10-15 14:14:42,223 [pool-27-thread-1] INFO  server.RaftServerConfigKeys (ConfUtils.java:logGet(43)) - raft.server.log.segment.size.max = 1048576 (custom)
2019-10-15 14:14:42,225 [pool-27-thread-1] INFO  impl.MetricsSystemImpl (MetricsSystemImpl.java:init(158)) - ratis metrics system started (again)
2019-10-15 14:14:42,230 [pool-27-thread-1] INFO  metrics.MetricRegistries (MetricRegistriesLoader.java:load(64)) - Loaded MetricRegistries class org.apache.ratis.metrics.impl.MetricRegistriesImpl
2019-10-15 14:14:42,273 [pool-27-thread-1] INFO  server.RaftServerConfigKeys (ConfUtils.java:logGet(43)) - raft.server.log.segment.cache.num.max = 2 (custom)
2019-10-15 14:14:42,279 [pool-27-thread-1] INFO  segmented.SegmentedRaftLogWorker (SegmentedRaftLogWorker.java:<init>(173)) - new 350dd957-6baf-44a5-98e5-a3496d7a986b@group-E0ABEE0FF9B0-SegmentedRaftLogWorker for RaftStorage:Storage Directory /workdir/hadoop-ozone/integration-test/target/test-dir/MiniOzoneClusterImpl-29d02a71-48e9-4ad5-9cfb-48d574ca0fa8/datanode-0/data/ratis/e4e33147-b46f-4049-be9a-e0abee0ff9b0
2019-10-15 14:14:42,280 [pool-27-thread-1] INFO  server.RaftServerConfigKeys (ConfUtils.java:logGet(43)) - raft.server.log.queue.byte-limit = 2147483647 (custom)
2019-10-15 14:14:42,280 [pool-27-thread-1] INFO  server.RaftServerConfigKeys (ConfUtils.java:logGet(43)) - raft.server.log.queue.element-limit = 1024 (custom)
2019-10-15 14:14:42,282 [pool-27-thread-1] INFO  server.RaftServerConfigKeys (ConfUtils.java:logGet(43)) - raft.server.log.segment.size.max = 1048576 (custom)
2019-10-15 14:14:42,282 [pool-27-thread-1] INFO  server.RaftServerConfigKeys (ConfUtils.java:logGet(43)) - raft.server.log.preallocated.size = 16384 (custom)
2019-10-15 14:14:42,283 [pool-27-thread-1] INFO  server.RaftServerConfigKeys (ConfUtils.java:logGet(43)) - raft.server.log.write.buffer.size = 33554432 (custom)
2019-10-15 14:14:42,283 [pool-27-thread-1] INFO  server.RaftServerConfigKeys (ConfUtils.java:logGet(43)) - raft.server.log.force.sync.num = 128 (default)
2019-10-15 14:14:42,284 [pool-27-thread-1] INFO  server.RaftServerConfigKeys (ConfUtils.java:logGet(43)) - raft.server.log.statemachine.data.sync = true (default)
2019-10-15 14:14:42,284 [pool-27-thread-1] INFO  server.RaftServerConfigKeys (ConfUtils.java:logGet(43)) - raft.server.log.statemachine.data.sync.timeout = 10s (default)
2019-10-15 14:14:42,285 [pool-27-thread-1] INFO  server.RaftServerConfigKeys (ConfUtils.java:logGet(43)) - raft.server.log.statemachine.data.sync.timeout.retry = -1 (default)
2019-10-15 14:14:42,296 [pool-27-thread-1] INFO  server.RaftServerConfigKeys (ConfUtils.java:logGet(43)) - raft.server.log.statemachine.data.caching.enabled = true (custom)
2019-10-15 14:14:42,301 [pool-27-thread-1] INFO  segmented.SegmentedRaftLogWorker (SegmentedRaftLogWorker.java:lambda$new$0(128)) - 350dd957-6baf-44a5-98e5-a3496d7a986b@group-E0ABEE0FF9B0-SegmentedRaftLogWorker: flushIndex: setUnconditionally 0 -> -1
2019-10-15 14:14:42,305 [pool-27-thread-1] INFO  server.RaftServerConfigKeys (ConfUtils.java:logGet(43)) - raft.server.snapshot.auto.trigger.enabled = true (custom)
2019-10-15 14:14:42,306 [pool-27-thread-1] INFO  server.RaftServerConfigKeys (ConfUtils.java:logGet(43)) - raft.server.snapshot.auto.trigger.threshold = 10000 (custom)
2019-10-15 14:14:42,306 [pool-27-thread-1] INFO  server.RaftServerConfigKeys (ConfUtils.java:logGet(43)) - raft.server.snapshot.retention.file.num = 5 (custom)
2019-10-15 14:14:42,307 [pool-27-thread-1] INFO  server.RaftServerConfigKeys (ConfUtils.java:logGet(43)) - raft.server.retrycache.expirytime = 600000ms (custom)
2019-10-15 14:14:42,342 [pool-27-thread-1] INFO  impl.RaftServerImpl (RaftServerImpl.java:start(195)) - 350dd957-6baf-44a5-98e5-a3496d7a986b@group-E0ABEE0FF9B0: start as a follower, conf=-1: [350dd957-6baf-44a5-98e5-a3496d7a986b:192.168.164.232:34256], old=null
2019-10-15 14:14:42,343 [pool-27-thread-1] INFO  impl.RaftServerImpl (RaftServerImpl.java:setRole(184)) - 350dd957-6baf-44a5-98e5-a3496d7a986b@group-E0ABEE0FF9B0: changes role from      null to FOLLOWER at term 0 for startAsFollower
2019-10-15 14:14:42,345 [pool-27-thread-1] INFO  impl.RoleInfo (RoleInfo.java:updateAndGet(143)) - 350dd957-6baf-44a5-98e5-a3496d7a986b: start FollowerState
2019-10-15 14:14:42,347 [pool-27-thread-1] INFO  util.JmxRegister (JmxRegister.java:tryRegister(44)) - Successfully registered JMX Bean with object name Ratis:service=RaftServer,group=group-E0ABEE0FF9B0,id=350dd957-6baf-44a5-98e5-a3496d7a986b
2019-10-15 14:14:42,384 [Thread-186] INFO  impl.FollowerState (FollowerState.java:run(108)) - 350dd957-6baf-44a5-98e5-a3496d7a986b@group-E0ABEE0FF9B0-FollowerState: change to CANDIDATE, lastRpcTime:39ms, electionTimeout:38ms
2019-10-15 14:14:42,388 [Thread-186] INFO  impl.RoleInfo (RoleInfo.java:shutdownFollowerState(121)) - 350dd957-6baf-44a5-98e5-a3496d7a986b: shutdown FollowerState
2019-10-15 14:14:42,389 [Thread-186] INFO  impl.RaftServerImpl (RaftServerImpl.java:setRole(184)) - 350dd957-6baf-44a5-98e5-a3496d7a986b@group-E0ABEE0FF9B0: changes role from  FOLLOWER to CANDIDATE at term 0 for changeToCandidate
2019-10-15 14:14:42,394 [Thread-186] INFO  impl.RoleInfo (RoleInfo.java:updateAndGet(143)) - 350dd957-6baf-44a5-98e5-a3496d7a986b: start LeaderElection
2019-10-15 14:14:42,415 [RatisPipelineUtilsThread] INFO  pipeline.PipelineStateManager (PipelineStateManager.java:addPipeline(56)) - Created pipeline Pipeline[ Id: e4e33147-b46f-4049-be9a-e0abee0ff9b0, Nodes: 350dd957-6baf-44a5-98e5-a3496d7a986b{ip: 192.168.164.232, host: dev-nightly-20191015-67qjk-1482321572, networkLocation: /default-rack, certSerialId: null}, Type:RATIS, Factor:ONE, State:OPEN]
2019-10-15 14:14:42,426 [350dd957-6baf-44a5-98e5-a3496d7a986b@group-E0ABEE0FF9B0-LeaderElection1] INFO  impl.LeaderElection (LeaderElection.java:askForVotes(178)) - 350dd957-6baf-44a5-98e5-a3496d7a986b@group-E0ABEE0FF9B0-LeaderElection1: begin an election at term 1 for -1: [350dd957-6baf-44a5-98e5-a3496d7a986b:192.168.164.232:34256], old=null
2019-10-15 14:14:42,430 [350dd957-6baf-44a5-98e5-a3496d7a986b@group-E0ABEE0FF9B0-LeaderElection1] INFO  impl.RoleInfo (RoleInfo.java:shutdownLeaderElection(134)) - 350dd957-6baf-44a5-98e5-a3496d7a986b: shutdown LeaderElection
2019-10-15 14:14:42,431 [350dd957-6baf-44a5-98e5-a3496d7a986b@group-E0ABEE0FF9B0-LeaderElection1] INFO  impl.RaftServerImpl (RaftServerImpl.java:setRole(184)) - 350dd957-6baf-44a5-98e5-a3496d7a986b@group-E0ABEE0FF9B0: changes role from CANDIDATE to LEADER at term 1 for changeToLeader
2019-10-15 14:14:42,431 [350dd957-6baf-44a5-98e5-a3496d7a986b@group-E0ABEE0FF9B0-LeaderElection1] INFO  impl.RaftServerImpl (ServerState.java:setLeader(256)) - 350dd957-6baf-44a5-98e5-a3496d7a986b@group-E0ABEE0FF9B0: change Leader from null to 350dd957-6baf-44a5-98e5-a3496d7a986b at term 1 for becomeLeader, leader elected after 217ms
2019-10-15 14:14:42,433 [grpc-default-executor-0] INFO  impl.RaftServerProxy (RaftServerProxy.java:addNew(89)) - 2ac0d02e-9e70-4102-8ecc-87abf8a9c7ab: addNew group-BCF0B42EC694:[2ac0d02e-9e70-4102-8ecc-87abf8a9c7ab:192.168.164.232:40013] returns group-BCF0B42EC694:java.util.concurrent.CompletableFuture@2dfccabd[Not completed]
2019-10-15 14:14:42,459 [pool-47-thread-1] INFO  impl.RaftServerImpl (RaftServerImpl.java:<init>(104)) - 2ac0d02e-9e70-4102-8ecc-87abf8a9c7ab: new RaftServerImpl for group-BCF0B42EC694:[2ac0d02e-9e70-4102-8ecc-87abf8a9c7ab:192.168.164.232:40013] with ContainerStateMachine:uninitialized
2019-10-15 14:14:42,460 [350dd957-6baf-44a5-98e5-a3496d7a986b@group-E0ABEE0FF9B0-LeaderElection1] INFO  server.RaftServerConfigKeys (ConfUtils.java:logGet(43)) - raft.server.staging.catchup.gap = 1000 (default)
2019-10-15 14:14:42,460 [pool-47-thread-1] INFO  server.RaftServerConfigKeys (ConfUtils.java:logGet(43)) - raft.server.rpc.timeout.min = 5s (custom)
2019-10-15 14:14:42,461 [350dd957-6baf-44a5-98e5-a3496d7a986b@group-E0ABEE0FF9B0-LeaderElection1] INFO  server.RaftServerConfigKeys (ConfUtils.java:logGet(43)) - raft.server.rpc.sleep.time = 25ms (default)
2019-10-15 14:14:42,461 [pool-47-thread-1] INFO  server.RaftServerConfigKeys (ConfUtils.java:logGet(43)) - raft.server.rpc.timeout.max = 5200ms (custom)
2019-10-15 14:14:42,461 [pool-47-thread-1] INFO  server.RaftServerConfigKeys (ConfUtils.java:logGet(43)) - raft.server.rpcslowness.timeout = 1000s (custom)
2019-10-15 14:14:42,461 [pool-47-thread-1] INFO  server.RaftServerConfigKeys (ConfUtils.java:logGet(43)) - raft.server.sleep.deviation.threshold = 300 (default)
2019-10-15 14:14:42,461 [pool-47-thread-1] INFO  server.RaftServerConfigKeys (ConfUtils.java:logGet(43)) - raft.server.log.appender.install.snapshot.enabled = false (custom)
2019-10-15 14:14:42,462 [pool-47-thread-1] INFO  impl.RaftServerImpl (ServerState.java:<init>(103)) - 2ac0d02e-9e70-4102-8ecc-87abf8a9c7ab@group-BCF0B42EC694: ConfigurationManager, init=-1: [2ac0d02e-9e70-4102-8ecc-87abf8a9c7ab:192.168.164.232:40013], old=null, confs=<EMPTY_MAP>
2019-10-15 14:14:42,462 [pool-47-thread-1] INFO  server.RaftServerConfigKeys (ConfUtils.java:logGet(43)) - raft.server.storage.dir = [/workdir/hadoop-ozone/integration-test/target/test-dir/MiniOzoneClusterImpl-29d02a71-48e9-4ad5-9cfb-48d574ca0fa8/datanode-2/data/ratis] (custom)
2019-10-15 14:14:42,462 [pool-47-thread-1] INFO  server.RaftServerConfigKeys (ConfUtils.java:logGet(43)) - raft.server.log.corruption.policy = EXCEPTION (default)
2019-10-15 14:14:42,463 [pool-47-thread-1] INFO  storage.RaftStorageDirectory (RaftStorageDirectory.java:analyzeStorage(246)) - The storage directory /workdir/hadoop-ozone/integration-test/target/test-dir/MiniOzoneClusterImpl-29d02a71-48e9-4ad5-9cfb-48d574ca0fa8/datanode-2/data/ratis/b51cd0f6-efea-43c6-9bfa-bcf0b42ec694 does not exist. Creating ...
2019-10-15 14:14:42,466 [350dd957-6baf-44a5-98e5-a3496d7a986b@group-E0ABEE0FF9B0-LeaderElection1] INFO  server.RaftServerConfigKeys (ConfUtils.java:logGet(43)) - raft.server.write.element-limit = 4096 (default)
2019-10-15 14:14:42,469 [350dd957-6baf-44a5-98e5-a3496d7a986b@group-E0ABEE0FF9B0-LeaderElection1] INFO  server.RaftServerConfigKeys (ConfUtils.java:logGet(43)) - raft.server.watch.timeout = 10s (default)
2019-10-15 14:14:42,470 [350dd957-6baf-44a5-98e5-a3496d7a986b@group-E0ABEE0FF9B0-LeaderElection1] INFO  server.RaftServerConfigKeys (ConfUtils.java:logGet(43)) - raft.server.watch.timeout.denomination = 1s (default)
2019-10-15 14:14:42,471 [350dd957-6baf-44a5-98e5-a3496d7a986b@group-E0ABEE0FF9B0-LeaderElection1] INFO  server.RaftServerConfigKeys (ConfUtils.java:logGet(43)) - raft.server.watch.element-limit = 65536 (default)
2019-10-15 14:14:42,486 [350dd957-6baf-44a5-98e5-a3496d7a986b@group-E0ABEE0FF9B0-LeaderElection1] INFO  impl.RoleInfo (RoleInfo.java:updateAndGet(143)) - 350dd957-6baf-44a5-98e5-a3496d7a986b: start LeaderState
2019-10-15 14:14:42,493 [pool-47-thread-1] INFO  storage.RaftStorageDirectory (RaftStorageDirectory.java:tryLock(328)) - Lock on /workdir/hadoop-ozone/integration-test/target/test-dir/MiniOzoneClusterImpl-29d02a71-48e9-4ad5-9cfb-48d574ca0fa8/datanode-2/data/ratis/b51cd0f6-efea-43c6-9bfa-bcf0b42ec694/in_use.lock acquired by nodename 14818@dev-nightly-20191015-67qjk-1482321572
2019-10-15 14:14:42,506 [350dd957-6baf-44a5-98e5-a3496d7a986b@group-E0ABEE0FF9B0-LeaderElection1] INFO  segmented.SegmentedRaftLogWorker (SegmentedRaftLogWorker.java:startLogSegment(385)) - 350dd957-6baf-44a5-98e5-a3496d7a986b@group-E0ABEE0FF9B0-SegmentedRaftLogWorker: Starting segment from index:0
2019-10-15 14:14:42,517 [350dd957-6baf-44a5-98e5-a3496d7a986b@group-E0ABEE0FF9B0-LeaderElection1] INFO  impl.RaftServerImpl (ServerState.java:setRaftConf(357)) - 350dd957-6baf-44a5-98e5-a3496d7a986b@group-E0ABEE0FF9B0: set configuration 0: [350dd957-6baf-44a5-98e5-a3496d7a986b:192.168.164.232:34256], old=null at 0
2019-10-15 14:14:42,519 [pool-47-thread-1] INFO  storage.RaftStorage (RaftStorage.java:format(84)) - Storage directory /workdir/hadoop-ozone/integration-test/target/test-dir/MiniOzoneClusterImpl-29d02a71-48e9-4ad5-9cfb-48d574ca0fa8/datanode-2/data/ratis/b51cd0f6-efea-43c6-9bfa-bcf0b42ec694 has been successfully formatted.
2019-10-15 14:14:42,520 [pool-47-thread-1] INFO  ratis.ContainerStateMachine (ContainerStateMachine.java:loadSnapshot(231)) - group-BCF0B42EC694: The snapshot info is null. Setting the last applied indexto:(t:0, i:~)
2019-10-15 14:14:42,521 [pool-47-thread-1] INFO  server.RaftServerConfigKeys (ConfUtils.java:logGet(43)) - raft.server.notification.no-leader.timeout = 1000s (custom)
2019-10-15 14:14:42,521 [pool-47-thread-1] INFO  server.RaftServerConfigKeys (ConfUtils.java:logGet(43)) - raft.server.log.use.memory = false (default)
2019-10-15 14:14:42,521 [pool-47-thread-1] INFO  server.RaftServerConfigKeys (ConfUtils.java:logGet(43)) - raft.server.log.purge.gap = 1000000 (custom)
2019-10-15 14:14:42,521 [pool-47-thread-1] INFO  server.RaftServerConfigKeys (ConfUtils.java:logGet(43)) - raft.server.log.appender.buffer.byte-limit = 33554432 (custom)
2019-10-15 14:14:42,521 [pool-47-thread-1] INFO  server.RaftServerConfigKeys (ConfUtils.java:logGet(43)) - raft.server.log.segment.size.max = 1048576 (custom)
2019-10-15 14:14:42,553 [pool-47-thread-1] INFO  server.RaftServerConfigKeys (ConfUtils.java:logGet(43)) - raft.server.log.segment.cache.num.max = 2 (custom)
2019-10-15 14:14:42,553 [pool-47-thread-1] INFO  segmented.SegmentedRaftLogWorker (SegmentedRaftLogWorker.java:<init>(173)) - new 2ac0d02e-9e70-4102-8ecc-87abf8a9c7ab@group-BCF0B42EC694-SegmentedRaftLogWorker for RaftStorage:Storage Directory /workdir/hadoop-ozone/integration-test/target/test-dir/MiniOzoneClusterImpl-29d02a71-48e9-4ad5-9cfb-48d574ca0fa8/datanode-2/data/ratis/b51cd0f6-efea-43c6-9bfa-bcf0b42ec694
2019-10-15 14:14:42,553 [pool-47-thread-1] INFO  server.RaftServerConfigKeys (ConfUtils.java:logGet(43)) - raft.server.log.queue.byte-limit = 2147483647 (custom)
2019-10-15 14:14:42,554 [pool-47-thread-1] INFO  server.RaftServerConfigKeys (ConfUtils.java:logGet(43)) - raft.server.log.queue.element-limit = 1024 (custom)
2019-10-15 14:14:42,554 [pool-47-thread-1] INFO  server.RaftServerConfigKeys (ConfUtils.java:logGet(43)) - raft.server.log.segment.size.max = 1048576 (custom)
2019-10-15 14:14:42,554 [pool-47-thread-1] INFO  server.RaftServerConfigKeys (ConfUtils.java:logGet(43)) - raft.server.log.preallocated.size = 16384 (custom)
2019-10-15 14:14:42,554 [pool-47-thread-1] INFO  server.RaftServerConfigKeys (ConfUtils.java:logGet(43)) - raft.server.log.write.buffer.size = 33554432 (custom)
2019-10-15 14:14:42,555 [pool-47-thread-1] INFO  server.RaftServerConfigKeys (ConfUtils.java:logGet(43)) - raft.server.log.force.sync.num = 128 (default)
2019-10-15 14:14:42,555 [pool-47-thread-1] INFO  server.RaftServerConfigKeys (ConfUtils.java:logGet(43)) - raft.server.log.statemachine.data.sync = true (default)
2019-10-15 14:14:42,555 [pool-47-thread-1] INFO  server.RaftServerConfigKeys (ConfUtils.java:logGet(43)) - raft.server.log.statemachine.data.sync.timeout = 10s (default)
2019-10-15 14:14:42,555 [pool-47-thread-1] INFO  server.RaftServerConfigKeys (ConfUtils.java:logGet(43)) - raft.server.log.statemachine.data.sync.timeout.retry = -1 (default)
2019-10-15 14:14:42,556 [pool-47-thread-1] INFO  server.RaftServerConfigKeys (ConfUtils.java:logGet(43)) - raft.server.log.statemachine.data.caching.enabled = true (custom)
2019-10-15 14:14:42,557 [pool-47-thread-1] INFO  segmented.SegmentedRaftLogWorker (SegmentedRaftLogWorker.java:lambda$new$0(128)) - 2ac0d02e-9e70-4102-8ecc-87abf8a9c7ab@group-BCF0B42EC694-SegmentedRaftLogWorker: flushIndex: setUnconditionally 0 -> -1
2019-10-15 14:14:42,557 [pool-47-thread-1] INFO  server.RaftServerConfigKeys (ConfUtils.java:logGet(43)) - raft.server.snapshot.auto.trigger.enabled = true (custom)
2019-10-15 14:14:42,557 [pool-47-thread-1] INFO  server.RaftServerConfigKeys (ConfUtils.java:logGet(43)) - raft.server.snapshot.auto.trigger.threshold = 10000 (custom)
2019-10-15 14:14:42,558 [pool-47-thread-1] INFO  server.RaftServerConfigKeys (ConfUtils.java:logGet(43)) - raft.server.snapshot.retention.file.num = 5 (custom)
2019-10-15 14:14:42,558 [pool-47-thread-1] INFO  server.RaftServerConfigKeys (ConfUtils.java:logGet(43)) - raft.server.retrycache.expirytime = 600000ms (custom)
2019-10-15 14:14:42,568 [pool-47-thread-1] INFO  impl.RaftServerImpl (RaftServerImpl.java:start(195)) - 2ac0d02e-9e70-4102-8ecc-87abf8a9c7ab@group-BCF0B42EC694: start as a follower, conf=-1: [2ac0d02e-9e70-4102-8ecc-87abf8a9c7ab:192.168.164.232:40013], old=null
2019-10-15 14:14:42,568 [pool-47-thread-1] INFO  impl.RaftServerImpl (RaftServerImpl.java:setRole(184)) - 2ac0d02e-9e70-4102-8ecc-87abf8a9c7ab@group-BCF0B42EC694: changes role from      null to FOLLOWER at term 0 for startAsFollower
2019-10-15 14:14:42,568 [pool-47-thread-1] INFO  impl.RoleInfo (RoleInfo.java:updateAndGet(143)) - 2ac0d02e-9e70-4102-8ecc-87abf8a9c7ab: start FollowerState
2019-10-15 14:14:42,569 [pool-47-thread-1] INFO  util.JmxRegister (JmxRegister.java:tryRegister(44)) - Successfully registered JMX Bean with object name Ratis:service=RaftServer,group=group-BCF0B42EC694,id=2ac0d02e-9e70-4102-8ecc-87abf8a9c7ab
2019-10-15 14:14:42,584 [RatisPipelineUtilsThread] INFO  pipeline.PipelineStateManager (PipelineStateManager.java:addPipeline(56)) - Created pipeline Pipeline[ Id: b51cd0f6-efea-43c6-9bfa-bcf0b42ec694, Nodes: 2ac0d02e-9e70-4102-8ecc-87abf8a9c7ab{ip: 192.168.164.232, host: dev-nightly-20191015-67qjk-1482321572, networkLocation: /default-rack, certSerialId: null}, Type:RATIS, Factor:ONE, State:OPEN]
2019-10-15 14:14:42,601 [grpc-default-executor-0] INFO  impl.RaftServerProxy (RaftServerProxy.java:addNew(89)) - 4e1c66a4-792a-4350-b244-4dedea3f57a8: addNew group-765C4EA9BC12:[4e1c66a4-792a-4350-b244-4dedea3f57a8:192.168.164.232:41177] returns group-765C4EA9BC12:java.util.concurrent.CompletableFuture@6f16efd2[Not completed]
2019-10-15 14:14:42,604 [pool-37-thread-1] INFO  impl.RaftServerImpl (RaftServerImpl.java:<init>(104)) - 4e1c66a4-792a-4350-b244-4dedea3f57a8: new RaftServerImpl for group-765C4EA9BC12:[4e1c66a4-792a-4350-b244-4dedea3f57a8:192.168.164.232:41177] with ContainerStateMachine:uninitialized
2019-10-15 14:14:42,605 [pool-37-thread-1] INFO  server.RaftServerConfigKeys (ConfUtils.java:logGet(43)) - raft.server.rpc.timeout.min = 5s (custom)
2019-10-15 14:14:42,605 [pool-37-thread-1] INFO  server.RaftServerConfigKeys (ConfUtils.java:logGet(43)) - raft.server.rpc.timeout.max = 5200ms (custom)
2019-10-15 14:14:42,605 [pool-37-thread-1] INFO  server.RaftServerConfigKeys (ConfUtils.java:logGet(43)) - raft.server.rpcslowness.timeout = 1000s (custom)
2019-10-15 14:14:42,606 [pool-37-thread-1] INFO  server.RaftServerConfigKeys (ConfUtils.java:logGet(43)) - raft.server.sleep.deviation.threshold = 300 (default)
2019-10-15 14:14:42,606 [pool-37-thread-1] INFO  server.RaftServerConfigKeys (ConfUtils.java:logGet(43)) - raft.server.log.appender.install.snapshot.enabled = false (custom)
2019-10-15 14:14:42,606 [pool-37-thread-1] INFO  impl.RaftServerImpl (ServerState.java:<init>(103)) - 4e1c66a4-792a-4350-b244-4dedea3f57a8@group-765C4EA9BC12: ConfigurationManager, init=-1: [4e1c66a4-792a-4350-b244-4dedea3f57a8:192.168.164.232:41177], old=null, confs=<EMPTY_MAP>
2019-10-15 14:14:42,606 [pool-37-thread-1] INFO  server.RaftServerConfigKeys (ConfUtils.java:logGet(43)) - raft.server.storage.dir = [/workdir/hadoop-ozone/integration-test/target/test-dir/MiniOzoneClusterImpl-29d02a71-48e9-4ad5-9cfb-48d574ca0fa8/datanode-1/data/ratis] (custom)
2019-10-15 14:14:42,607 [pool-37-thread-1] INFO  server.RaftServerConfigKeys (ConfUtils.java:logGet(43)) - raft.server.log.corruption.policy = EXCEPTION (default)
2019-10-15 14:14:42,607 [pool-37-thread-1] INFO  storage.RaftStorageDirectory (RaftStorageDirectory.java:analyzeStorage(246)) - The storage directory /workdir/hadoop-ozone/integration-test/target/test-dir/MiniOzoneClusterImpl-29d02a71-48e9-4ad5-9cfb-48d574ca0fa8/datanode-1/data/ratis/251e80a9-2262-4e5a-8df6-765c4ea9bc12 does not exist. Creating ...
2019-10-15 14:14:42,644 [pool-37-thread-1] INFO  storage.RaftStorageDirectory (RaftStorageDirectory.java:tryLock(328)) - Lock on /workdir/hadoop-ozone/integration-test/target/test-dir/MiniOzoneClusterImpl-29d02a71-48e9-4ad5-9cfb-48d574ca0fa8/datanode-1/data/ratis/251e80a9-2262-4e5a-8df6-765c4ea9bc12/in_use.lock acquired by nodename 14818@dev-nightly-20191015-67qjk-1482321572
2019-10-15 14:14:42,661 [pool-37-thread-1] INFO  storage.RaftStorage (RaftStorage.java:format(84)) - Storage directory /workdir/hadoop-ozone/integration-test/target/test-dir/MiniOzoneClusterImpl-29d02a71-48e9-4ad5-9cfb-48d574ca0fa8/datanode-1/data/ratis/251e80a9-2262-4e5a-8df6-765c4ea9bc12 has been successfully formatted.
2019-10-15 14:14:42,662 [pool-37-thread-1] INFO  ratis.ContainerStateMachine (ContainerStateMachine.java:loadSnapshot(231)) - group-765C4EA9BC12: The snapshot info is null. Setting the last applied indexto:(t:0, i:~)
2019-10-15 14:14:42,662 [pool-37-thread-1] INFO  server.RaftServerConfigKeys (ConfUtils.java:logGet(43)) - raft.server.notification.no-leader.timeout = 1000s (custom)
2019-10-15 14:14:42,662 [pool-37-thread-1] INFO  server.RaftServerConfigKeys (ConfUtils.java:logGet(43)) - raft.server.log.use.memory = false (default)
2019-10-15 14:14:42,662 [pool-37-thread-1] INFO  server.RaftServerConfigKeys (ConfUtils.java:logGet(43)) - raft.server.log.purge.gap = 1000000 (custom)
2019-10-15 14:14:42,663 [pool-37-thread-1] INFO  server.RaftServerConfigKeys (ConfUtils.java:logGet(43)) - raft.server.log.appender.buffer.byte-limit = 33554432 (custom)
2019-10-15 14:14:42,663 [pool-37-thread-1] INFO  server.RaftServerConfigKeys (ConfUtils.java:logGet(43)) - raft.server.log.segment.size.max = 1048576 (custom)
2019-10-15 14:14:42,667 [pool-37-thread-1] INFO  server.RaftServerConfigKeys (ConfUtils.java:logGet(43)) - raft.server.log.segment.cache.num.max = 2 (custom)
2019-10-15 14:14:42,668 [pool-37-thread-1] INFO  segmented.SegmentedRaftLogWorker (SegmentedRaftLogWorker.java:<init>(173)) - new 4e1c66a4-792a-4350-b244-4dedea3f57a8@group-765C4EA9BC12-SegmentedRaftLogWorker for RaftStorage:Storage Directory /workdir/hadoop-ozone/integration-test/target/test-dir/MiniOzoneClusterImpl-29d02a71-48e9-4ad5-9cfb-48d574ca0fa8/datanode-1/data/ratis/251e80a9-2262-4e5a-8df6-765c4ea9bc12
2019-10-15 14:14:42,668 [pool-37-thread-1] INFO  server.RaftServerConfigKeys (ConfUtils.java:logGet(43)) - raft.server.log.queue.byte-limit = 2147483647 (custom)
2019-10-15 14:14:42,668 [pool-37-thread-1] INFO  server.RaftServerConfigKeys (ConfUtils.java:logGet(43)) - raft.server.log.queue.element-limit = 1024 (custom)
2019-10-15 14:14:42,668 [Thread-191] INFO  impl.FollowerState (FollowerState.java:run(108)) - 2ac0d02e-9e70-4102-8ecc-87abf8a9c7ab@group-BCF0B42EC694-FollowerState: change to CANDIDATE, lastRpcTime:99ms, electionTimeout:99ms
2019-10-15 14:14:42,670 [pool-37-thread-1] INFO  server.RaftServerConfigKeys (ConfUtils.java:logGet(43)) - raft.server.log.segment.size.max = 1048576 (custom)
2019-10-15 14:14:42,670 [Thread-191] INFO  impl.RoleInfo (RoleInfo.java:shutdownFollowerState(121)) - 2ac0d02e-9e70-4102-8ecc-87abf8a9c7ab: shutdown FollowerState
2019-10-15 14:14:42,670 [pool-37-thread-1] INFO  server.RaftServerConfigKeys (ConfUtils.java:logGet(43)) - raft.server.log.preallocated.size = 16384 (custom)
2019-10-15 14:14:42,670 [Thread-191] INFO  impl.RaftServerImpl (RaftServerImpl.java:setRole(184)) - 2ac0d02e-9e70-4102-8ecc-87abf8a9c7ab@group-BCF0B42EC694: changes role from  FOLLOWER to CANDIDATE at term 0 for changeToCandidate
2019-10-15 14:14:42,670 [pool-37-thread-1] INFO  server.RaftServerConfigKeys (ConfUtils.java:logGet(43)) - raft.server.log.write.buffer.size = 33554432 (custom)
2019-10-15 14:14:42,671 [Thread-191] INFO  impl.RoleInfo (RoleInfo.java:updateAndGet(143)) - 2ac0d02e-9e70-4102-8ecc-87abf8a9c7ab: start LeaderElection
2019-10-15 14:14:42,671 [pool-37-thread-1] INFO  server.RaftServerConfigKeys (ConfUtils.java:logGet(43)) - raft.server.log.force.sync.num = 128 (default)
2019-10-15 14:14:42,671 [pool-37-thread-1] INFO  server.RaftServerConfigKeys (ConfUtils.java:logGet(43)) - raft.server.log.statemachine.data.sync = true (default)
2019-10-15 14:14:42,672 [pool-37-thread-1] INFO  server.RaftServerConfigKeys (ConfUtils.java:logGet(43)) - raft.server.log.statemachine.data.sync.timeout = 10s (default)
2019-10-15 14:14:42,672 [pool-37-thread-1] INFO  server.RaftServerConfigKeys (ConfUtils.java:logGet(43)) - raft.server.log.statemachine.data.sync.timeout.retry = -1 (default)
2019-10-15 14:14:42,673 [pool-37-thread-1] INFO  server.RaftServerConfigKeys (ConfUtils.java:logGet(43)) - raft.server.log.statemachine.data.caching.enabled = true (custom)
2019-10-15 14:14:42,674 [pool-37-thread-1] INFO  segmented.SegmentedRaftLogWorker (SegmentedRaftLogWorker.java:lambda$new$0(128)) - 4e1c66a4-792a-4350-b244-4dedea3f57a8@group-765C4EA9BC12-SegmentedRaftLogWorker: flushIndex: setUnconditionally 0 -> -1
2019-10-15 14:14:42,674 [pool-37-thread-1] INFO  server.RaftServerConfigKeys (ConfUtils.java:logGet(43)) - raft.server.snapshot.auto.trigger.enabled = true (custom)
2019-10-15 14:14:42,674 [pool-37-thread-1] INFO  server.RaftServerConfigKeys (ConfUtils.java:logGet(43)) - raft.server.snapshot.auto.trigger.threshold = 10000 (custom)
2019-10-15 14:14:42,675 [pool-37-thread-1] INFO  server.RaftServerConfigKeys (ConfUtils.java:logGet(43)) - raft.server.snapshot.retention.file.num = 5 (custom)
2019-10-15 14:14:42,675 [pool-37-thread-1] INFO  server.RaftServerConfigKeys (ConfUtils.java:logGet(43)) - raft.server.retrycache.expirytime = 600000ms (custom)
2019-10-15 14:14:42,681 [pool-37-thread-1] INFO  impl.RaftServerImpl (RaftServerImpl.java:start(195)) - 4e1c66a4-792a-4350-b244-4dedea3f57a8@group-765C4EA9BC12: start as a follower, conf=-1: [4e1c66a4-792a-4350-b244-4dedea3f57a8:192.168.164.232:41177], old=null
2019-10-15 14:14:42,681 [pool-37-thread-1] INFO  impl.RaftServerImpl (RaftServerImpl.java:setRole(184)) - 4e1c66a4-792a-4350-b244-4dedea3f57a8@group-765C4EA9BC12: changes role from      null to FOLLOWER at term 0 for startAsFollower
2019-10-15 14:14:42,682 [pool-37-thread-1] INFO  impl.RoleInfo (RoleInfo.java:updateAndGet(143)) - 4e1c66a4-792a-4350-b244-4dedea3f57a8: start FollowerState
2019-10-15 14:14:42,682 [pool-37-thread-1] INFO  util.JmxRegister (JmxRegister.java:tryRegister(44)) - Successfully registered JMX Bean with object name Ratis:service=RaftServer,group=group-765C4EA9BC12,id=4e1c66a4-792a-4350-b244-4dedea3f57a8
2019-10-15 14:14:42,685 [main] INFO  ozone.MiniOzoneClusterImpl (MiniOzoneClusterImpl.java:lambda$waitForClusterToBeReady$0(147)) - Cluster is ready. Got 3 of 3 DN Heartbeats.
2019-10-15 14:14:42,688 [2ac0d02e-9e70-4102-8ecc-87abf8a9c7ab@group-BCF0B42EC694-LeaderElection2] INFO  impl.LeaderElection (LeaderElection.java:askForVotes(178)) - 2ac0d02e-9e70-4102-8ecc-87abf8a9c7ab@group-BCF0B42EC694-LeaderElection2: begin an election at term 1 for -1: [2ac0d02e-9e70-4102-8ecc-87abf8a9c7ab:192.168.164.232:40013], old=null
2019-10-15 14:14:42,691 [2ac0d02e-9e70-4102-8ecc-87abf8a9c7ab@group-BCF0B42EC694-LeaderElection2] INFO  impl.RoleInfo (RoleInfo.java:shutdownLeaderElection(134)) - 2ac0d02e-9e70-4102-8ecc-87abf8a9c7ab: shutdown LeaderElection
2019-10-15 14:14:42,692 [2ac0d02e-9e70-4102-8ecc-87abf8a9c7ab@group-BCF0B42EC694-LeaderElection2] INFO  impl.RaftServerImpl (RaftServerImpl.java:setRole(184)) - 2ac0d02e-9e70-4102-8ecc-87abf8a9c7ab@group-BCF0B42EC694: changes role from CANDIDATE to LEADER at term 1 for changeToLeader
2019-10-15 14:14:42,692 [2ac0d02e-9e70-4102-8ecc-87abf8a9c7ab@group-BCF0B42EC694-LeaderElection2] INFO  impl.RaftServerImpl (ServerState.java:setLeader(256)) - 2ac0d02e-9e70-4102-8ecc-87abf8a9c7ab@group-BCF0B42EC694: change Leader from null to 2ac0d02e-9e70-4102-8ecc-87abf8a9c7ab at term 1 for becomeLeader, leader elected after 171ms
2019-10-15 14:14:42,692 [2ac0d02e-9e70-4102-8ecc-87abf8a9c7ab@group-BCF0B42EC694-LeaderElection2] INFO  server.RaftServerConfigKeys (ConfUtils.java:logGet(43)) - raft.server.staging.catchup.gap = 1000 (default)
2019-10-15 14:14:42,692 [2ac0d02e-9e70-4102-8ecc-87abf8a9c7ab@group-BCF0B42EC694-LeaderElection2] INFO  server.RaftServerConfigKeys (ConfUtils.java:logGet(43)) - raft.server.rpc.sleep.time = 25ms (default)
2019-10-15 14:14:42,692 [2ac0d02e-9e70-4102-8ecc-87abf8a9c7ab@group-BCF0B42EC694-LeaderElection2] INFO  server.RaftServerConfigKeys (ConfUtils.java:logGet(43)) - raft.server.write.element-limit = 4096 (default)
2019-10-15 14:14:42,693 [2ac0d02e-9e70-4102-8ecc-87abf8a9c7ab@group-BCF0B42EC694-LeaderElection2] INFO  server.RaftServerConfigKeys (ConfUtils.java:logGet(43)) - raft.server.watch.timeout = 10s (default)
2019-10-15 14:14:42,693 [2ac0d02e-9e70-4102-8ecc-87abf8a9c7ab@group-BCF0B42EC694-LeaderElection2] INFO  server.RaftServerConfigKeys (ConfUtils.java:logGet(43)) - raft.server.watch.timeout.denomination = 1s (default)
2019-10-15 14:14:42,693 [2ac0d02e-9e70-4102-8ecc-87abf8a9c7ab@group-BCF0B42EC694-LeaderElection2] INFO  server.RaftServerConfigKeys (ConfUtils.java:logGet(43)) - raft.server.watch.element-limit = 65536 (default)
2019-10-15 14:14:42,696 [2ac0d02e-9e70-4102-8ecc-87abf8a9c7ab@group-BCF0B42EC694-LeaderElection2] INFO  impl.RoleInfo (RoleInfo.java:updateAndGet(143)) - 2ac0d02e-9e70-4102-8ecc-87abf8a9c7ab: start LeaderState
2019-10-15 14:14:42,699 [2ac0d02e-9e70-4102-8ecc-87abf8a9c7ab@group-BCF0B42EC694-LeaderElection2] INFO  segmented.SegmentedRaftLogWorker (SegmentedRaftLogWorker.java:startLogSegment(385)) - 2ac0d02e-9e70-4102-8ecc-87abf8a9c7ab@group-BCF0B42EC694-SegmentedRaftLogWorker: Starting segment from index:0
2019-10-15 14:14:42,701 [2ac0d02e-9e70-4102-8ecc-87abf8a9c7ab@group-BCF0B42EC694-LeaderElection2] INFO  impl.RaftServerImpl (ServerState.java:setRaftConf(357)) - 2ac0d02e-9e70-4102-8ecc-87abf8a9c7ab@group-BCF0B42EC694: set configuration 0: [2ac0d02e-9e70-4102-8ecc-87abf8a9c7ab:192.168.164.232:40013], old=null at 0
2019-10-15 14:14:42,703 [RatisPipelineUtilsThread] INFO  pipeline.PipelineStateManager (PipelineStateManager.java:addPipeline(56)) - Created pipeline Pipeline[ Id: 251e80a9-2262-4e5a-8df6-765c4ea9bc12, Nodes: 4e1c66a4-792a-4350-b244-4dedea3f57a8{ip: 192.168.164.232, host: dev-nightly-20191015-67qjk-1482321572, networkLocation: /default-rack, certSerialId: null}, Type:RATIS, Factor:ONE, State:OPEN]
2019-10-15 14:14:42,740 [grpc-default-executor-2] INFO  impl.RaftServerProxy (RaftServerProxy.java:addNew(89)) - 2ac0d02e-9e70-4102-8ecc-87abf8a9c7ab: addNew group-488DD1D6D11B:[2ac0d02e-9e70-4102-8ecc-87abf8a9c7ab:192.168.164.232:40013, 4e1c66a4-792a-4350-b244-4dedea3f57a8:192.168.164.232:41177, 350dd957-6baf-44a5-98e5-a3496d7a986b:192.168.164.232:34256] returns group-488DD1D6D11B:java.util.concurrent.CompletableFuture@76cf2272[Not completed]
2019-10-15 14:14:42,740 [grpc-default-executor-1] INFO  impl.RaftServerProxy (RaftServerProxy.java:addNew(89)) - 4e1c66a4-792a-4350-b244-4dedea3f57a8: addNew group-488DD1D6D11B:[2ac0d02e-9e70-4102-8ecc-87abf8a9c7ab:192.168.164.232:40013, 4e1c66a4-792a-4350-b244-4dedea3f57a8:192.168.164.232:41177, 350dd957-6baf-44a5-98e5-a3496d7a986b:192.168.164.232:34256] returns group-488DD1D6D11B:java.util.concurrent.CompletableFuture@36d1a57d[Not completed]
2019-10-15 14:14:42,742 [grpc-default-executor-1] INFO  impl.RaftServerProxy (RaftServerProxy.java:addNew(89)) - 350dd957-6baf-44a5-98e5-a3496d7a986b: addNew group-488DD1D6D11B:[2ac0d02e-9e70-4102-8ecc-87abf8a9c7ab:192.168.164.232:40013, 4e1c66a4-792a-4350-b244-4dedea3f57a8:192.168.164.232:41177, 350dd957-6baf-44a5-98e5-a3496d7a986b:192.168.164.232:34256] returns group-488DD1D6D11B:java.util.concurrent.CompletableFuture@77ecaf46[Not completed]
2019-10-15 14:14:42,743 [pool-47-thread-1] INFO  impl.RaftServerImpl (RaftServerImpl.java:<init>(104)) - 2ac0d02e-9e70-4102-8ecc-87abf8a9c7ab: new RaftServerImpl for group-488DD1D6D11B:[2ac0d02e-9e70-4102-8ecc-87abf8a9c7ab:192.168.164.232:40013, 4e1c66a4-792a-4350-b244-4dedea3f57a8:192.168.164.232:41177, 350dd957-6baf-44a5-98e5-a3496d7a986b:192.168.164.232:34256] with ContainerStateMachine:uninitialized
2019-10-15 14:14:42,743 [pool-47-thread-1] INFO  server.RaftServerConfigKeys (ConfUtils.java:logGet(43)) - raft.server.rpc.timeout.min = 5s (custom)
2019-10-15 14:14:42,744 [pool-47-thread-1] INFO  server.RaftServerConfigKeys (ConfUtils.java:logGet(43)) - raft.server.rpc.timeout.max = 5200ms (custom)
2019-10-15 14:14:42,744 [pool-47-thread-1] INFO  server.RaftServerConfigKeys (ConfUtils.java:logGet(43)) - raft.server.rpcslowness.timeout = 1000s (custom)
2019-10-15 14:14:42,744 [pool-47-thread-1] INFO  server.RaftServerConfigKeys (ConfUtils.java:logGet(43)) - raft.server.sleep.deviation.threshold = 300 (default)
2019-10-15 14:14:42,744 [pool-47-thread-1] INFO  server.RaftServerConfigKeys (ConfUtils.java:logGet(43)) - raft.server.log.appender.install.snapshot.enabled = false (custom)
2019-10-15 14:14:42,744 [Thread-195] INFO  impl.FollowerState (FollowerState.java:run(108)) - 4e1c66a4-792a-4350-b244-4dedea3f57a8@group-765C4EA9BC12-FollowerState: change to CANDIDATE, lastRpcTime:62ms, electionTimeout:62ms
2019-10-15 14:14:42,744 [pool-47-thread-1] INFO  impl.RaftServerImpl (ServerState.java:<init>(103)) - 2ac0d02e-9e70-4102-8ecc-87abf8a9c7ab@group-488DD1D6D11B: ConfigurationManager, init=-1: [2ac0d02e-9e70-4102-8ecc-87abf8a9c7ab:192.168.164.232:40013, 4e1c66a4-792a-4350-b244-4dedea3f57a8:192.168.164.232:41177, 350dd957-6baf-44a5-98e5-a3496d7a986b:192.168.164.232:34256], old=null, confs=<EMPTY_MAP>
2019-10-15 14:14:42,744 [Thread-195] INFO  impl.RoleInfo (RoleInfo.java:shutdownFollowerState(121)) - 4e1c66a4-792a-4350-b244-4dedea3f57a8: shutdown FollowerState
2019-10-15 14:14:42,744 [pool-47-thread-1] INFO  server.RaftServerConfigKeys (ConfUtils.java:logGet(43)) - raft.server.storage.dir = [/workdir/hadoop-ozone/integration-test/target/test-dir/MiniOzoneClusterImpl-29d02a71-48e9-4ad5-9cfb-48d574ca0fa8/datanode-2/data/ratis] (custom)
2019-10-15 14:14:42,745 [Thread-195] INFO  impl.RaftServerImpl (RaftServerImpl.java:setRole(184)) - 4e1c66a4-792a-4350-b244-4dedea3f57a8@group-765C4EA9BC12: changes role from  FOLLOWER to CANDIDATE at term 0 for changeToCandidate
2019-10-15 14:14:42,745 [pool-27-thread-1] INFO  impl.RaftServerImpl (RaftServerImpl.java:<init>(104)) - 350dd957-6baf-44a5-98e5-a3496d7a986b: new RaftServerImpl for group-488DD1D6D11B:[2ac0d02e-9e70-4102-8ecc-87abf8a9c7ab:192.168.164.232:40013, 4e1c66a4-792a-4350-b244-4dedea3f57a8:192.168.164.232:41177, 350dd957-6baf-44a5-98e5-a3496d7a986b:192.168.164.232:34256] with ContainerStateMachine:uninitialized
2019-10-15 14:14:42,745 [Thread-195] INFO  impl.RoleInfo (RoleInfo.java:updateAndGet(143)) - 4e1c66a4-792a-4350-b244-4dedea3f57a8: start LeaderElection
2019-10-15 14:14:42,745 [pool-47-thread-1] INFO  server.RaftServerConfigKeys (ConfUtils.java:logGet(43)) - raft.server.log.corruption.policy = EXCEPTION (default)
2019-10-15 14:14:42,745 [pool-27-thread-1] INFO  server.RaftServerConfigKeys (ConfUtils.java:logGet(43)) - raft.server.rpc.timeout.min = 5s (custom)
2019-10-15 14:14:42,745 [pool-47-thread-1] INFO  storage.RaftStorageDirectory (RaftStorageDirectory.java:analyzeStorage(246)) - The storage directory /workdir/hadoop-ozone/integration-test/target/test-dir/MiniOzoneClusterImpl-29d02a71-48e9-4ad5-9cfb-48d574ca0fa8/datanode-2/data/ratis/af09b2c2-cc5c-4d70-8ada-488dd1d6d11b does not exist. Creating ...
2019-10-15 14:14:42,778 [pool-27-thread-1] INFO  server.RaftServerConfigKeys (ConfUtils.java:logGet(43)) - raft.server.rpc.timeout.max = 5200ms (custom)
2019-10-15 14:14:42,780 [pool-27-thread-1] INFO  server.RaftServerConfigKeys (ConfUtils.java:logGet(43)) - raft.server.rpcslowness.timeout = 1000s (custom)
2019-10-15 14:14:42,780 [pool-37-thread-1] INFO  impl.RaftServerImpl (RaftServerImpl.java:<init>(104)) - 4e1c66a4-792a-4350-b244-4dedea3f57a8: new RaftServerImpl for group-488DD1D6D11B:[2ac0d02e-9e70-4102-8ecc-87abf8a9c7ab:192.168.164.232:40013, 4e1c66a4-792a-4350-b244-4dedea3f57a8:192.168.164.232:41177, 350dd957-6baf-44a5-98e5-a3496d7a986b:192.168.164.232:34256] with ContainerStateMachine:uninitialized
2019-10-15 14:14:42,780 [pool-27-thread-1] INFO  server.RaftServerConfigKeys (ConfUtils.java:logGet(43)) - raft.server.sleep.deviation.threshold = 300 (default)
2019-10-15 14:14:42,781 [pool-37-thread-1] INFO  server.RaftServerConfigKeys (ConfUtils.java:logGet(43)) - raft.server.rpc.timeout.min = 5s (custom)
2019-10-15 14:14:42,781 [pool-27-thread-1] INFO  server.RaftServerConfigKeys (ConfUtils.java:logGet(43)) - raft.server.log.appender.install.snapshot.enabled = false (custom)
2019-10-15 14:14:42,781 [pool-37-thread-1] INFO  server.RaftServerConfigKeys (ConfUtils.java:logGet(43)) - raft.server.rpc.timeout.max = 5200ms (custom)
2019-10-15 14:14:42,781 [pool-27-thread-1] INFO  impl.RaftServerImpl (ServerState.java:<init>(103)) - 350dd957-6baf-44a5-98e5-a3496d7a986b@group-488DD1D6D11B: ConfigurationManager, init=-1: [2ac0d02e-9e70-4102-8ecc-87abf8a9c7ab:192.168.164.232:40013, 4e1c66a4-792a-4350-b244-4dedea3f57a8:192.168.164.232:41177, 350dd957-6baf-44a5-98e5-a3496d7a986b:192.168.164.232:34256], old=null, confs=<EMPTY_MAP>
2019-10-15 14:14:42,781 [pool-37-thread-1] INFO  server.RaftServerConfigKeys (ConfUtils.java:logGet(43)) - raft.server.rpcslowness.timeout = 1000s (custom)
2019-10-15 14:14:42,781 [pool-27-thread-1] INFO  server.RaftServerConfigKeys (ConfUtils.java:logGet(43)) - raft.server.storage.dir = [/workdir/hadoop-ozone/integration-test/target/test-dir/MiniOzoneClusterImpl-29d02a71-48e9-4ad5-9cfb-48d574ca0fa8/datanode-0/data/ratis] (custom)
2019-10-15 14:14:42,781 [pool-37-thread-1] INFO  server.RaftServerConfigKeys (ConfUtils.java:logGet(43)) - raft.server.sleep.deviation.threshold = 300 (default)
2019-10-15 14:14:42,782 [pool-37-thread-1] INFO  server.RaftServerConfigKeys (ConfUtils.java:logGet(43)) - raft.server.log.appender.install.snapshot.enabled = false (custom)
2019-10-15 14:14:42,782 [pool-27-thread-1] INFO  server.RaftServerConfigKeys (ConfUtils.java:logGet(43)) - raft.server.log.corruption.policy = EXCEPTION (default)
2019-10-15 14:14:42,782 [pool-37-thread-1] INFO  impl.RaftServerImpl (ServerState.java:<init>(103)) - 4e1c66a4-792a-4350-b244-4dedea3f57a8@group-488DD1D6D11B: ConfigurationManager, init=-1: [2ac0d02e-9e70-4102-8ecc-87abf8a9c7ab:192.168.164.232:40013, 4e1c66a4-792a-4350-b244-4dedea3f57a8:192.168.164.232:41177, 350dd957-6baf-44a5-98e5-a3496d7a986b:192.168.164.232:34256], old=null, confs=<EMPTY_MAP>
2019-10-15 14:14:42,782 [pool-27-thread-1] INFO  storage.RaftStorageDirectory (RaftStorageDirectory.java:analyzeStorage(246)) - The storage directory /workdir/hadoop-ozone/integration-test/target/test-dir/MiniOzoneClusterImpl-29d02a71-48e9-4ad5-9cfb-48d574ca0fa8/datanode-0/data/ratis/af09b2c2-cc5c-4d70-8ada-488dd1d6d11b does not exist. Creating ...
2019-10-15 14:14:42,782 [pool-37-thread-1] INFO  server.RaftServerConfigKeys (ConfUtils.java:logGet(43)) - raft.server.storage.dir = [/workdir/hadoop-ozone/integration-test/target/test-dir/MiniOzoneClusterImpl-29d02a71-48e9-4ad5-9cfb-48d574ca0fa8/datanode-1/data/ratis] (custom)
2019-10-15 14:14:42,783 [pool-37-thread-1] INFO  server.RaftServerConfigKeys (ConfUtils.java:logGet(43)) - raft.server.log.corruption.policy = EXCEPTION (default)
2019-10-15 14:14:42,783 [pool-37-thread-1] INFO  storage.RaftStorageDirectory (RaftStorageDirectory.java:analyzeStorage(246)) - The storage directory /workdir/hadoop-ozone/integration-test/target/test-dir/MiniOzoneClusterImpl-29d02a71-48e9-4ad5-9cfb-48d574ca0fa8/datanode-1/data/ratis/af09b2c2-cc5c-4d70-8ada-488dd1d6d11b does not exist. Creating ...
2019-10-15 14:14:42,804 [pool-37-thread-1] INFO  storage.RaftStorageDirectory (RaftStorageDirectory.java:tryLock(328)) - Lock on /workdir/hadoop-ozone/integration-test/target/test-dir/MiniOzoneClusterImpl-29d02a71-48e9-4ad5-9cfb-48d574ca0fa8/datanode-1/data/ratis/af09b2c2-cc5c-4d70-8ada-488dd1d6d11b/in_use.lock acquired by nodename 14818@dev-nightly-20191015-67qjk-1482321572
2019-10-15 14:14:42,804 [350dd957-6baf-44a5-98e5-a3496d7a986b@group-E0ABEE0FF9B0-SegmentedRaftLogWorker] INFO  segmented.SegmentedRaftLogWorker (SegmentedRaftLogWorker.java:execute(576)) - 350dd957-6baf-44a5-98e5-a3496d7a986b@group-E0ABEE0FF9B0-SegmentedRaftLogWorker: created new log segment /workdir/hadoop-ozone/integration-test/target/test-dir/MiniOzoneClusterImpl-29d02a71-48e9-4ad5-9cfb-48d574ca0fa8/datanode-0/data/ratis/e4e33147-b46f-4049-be9a-e0abee0ff9b0/current/log_inprogress_0
2019-10-15 14:14:42,804 [4e1c66a4-792a-4350-b244-4dedea3f57a8@group-765C4EA9BC12-LeaderElection3] INFO  impl.LeaderElection (LeaderElection.java:askForVotes(178)) - 4e1c66a4-792a-4350-b244-4dedea3f57a8@group-765C4EA9BC12-LeaderElection3: begin an election at term 1 for -1: [4e1c66a4-792a-4350-b244-4dedea3f57a8:192.168.164.232:41177], old=null
2019-10-15 14:14:42,804 [pool-27-thread-1] INFO  storage.RaftStorageDirectory (RaftStorageDirectory.java:tryLock(328)) - Lock on /workdir/hadoop-ozone/integration-test/target/test-dir/MiniOzoneClusterImpl-29d02a71-48e9-4ad5-9cfb-48d574ca0fa8/datanode-0/data/ratis/af09b2c2-cc5c-4d70-8ada-488dd1d6d11b/in_use.lock acquired by nodename 14818@dev-nightly-20191015-67qjk-1482321572
2019-10-15 14:14:42,804 [pool-47-thread-1] INFO  storage.RaftStorageDirectory (RaftStorageDirectory.java:tryLock(328)) - Lock on /workdir/hadoop-ozone/integration-test/target/test-dir/MiniOzoneClusterImpl-29d02a71-48e9-4ad5-9cfb-48d574ca0fa8/datanode-2/data/ratis/af09b2c2-cc5c-4d70-8ada-488dd1d6d11b/in_use.lock acquired by nodename 14818@dev-nightly-20191015-67qjk-1482321572
2019-10-15 14:14:42,805 [4e1c66a4-792a-4350-b244-4dedea3f57a8@group-765C4EA9BC12-LeaderElection3] INFO  impl.RoleInfo (RoleInfo.java:shutdownLeaderElection(134)) - 4e1c66a4-792a-4350-b244-4dedea3f57a8: shutdown LeaderElection
2019-10-15 14:14:42,804 [2ac0d02e-9e70-4102-8ecc-87abf8a9c7ab@group-BCF0B42EC694-SegmentedRaftLogWorker] INFO  segmented.SegmentedRaftLogWorker (SegmentedRaftLogWorker.java:execute(576)) - 2ac0d02e-9e70-4102-8ecc-87abf8a9c7ab@group-BCF0B42EC694-SegmentedRaftLogWorker: created new log segment /workdir/hadoop-ozone/integration-test/target/test-dir/MiniOzoneClusterImpl-29d02a71-48e9-4ad5-9cfb-48d574ca0fa8/datanode-2/data/ratis/b51cd0f6-efea-43c6-9bfa-bcf0b42ec694/current/log_inprogress_0
2019-10-15 14:14:42,806 [4e1c66a4-792a-4350-b244-4dedea3f57a8@group-765C4EA9BC12-LeaderElection3] INFO  impl.RaftServerImpl (RaftServerImpl.java:setRole(184)) - 4e1c66a4-792a-4350-b244-4dedea3f57a8@group-765C4EA9BC12: changes role from CANDIDATE to LEADER at term 1 for changeToLeader
2019-10-15 14:14:42,806 [4e1c66a4-792a-4350-b244-4dedea3f57a8@group-765C4EA9BC12-LeaderElection3] INFO  impl.RaftServerImpl (ServerState.java:setLeader(256)) - 4e1c66a4-792a-4350-b244-4dedea3f57a8@group-765C4EA9BC12: change Leader from null to 4e1c66a4-792a-4350-b244-4dedea3f57a8 at term 1 for becomeLeader, leader elected after 144ms
2019-10-15 14:14:42,806 [4e1c66a4-792a-4350-b244-4dedea3f57a8@group-765C4EA9BC12-LeaderElection3] INFO  server.RaftServerConfigKeys (ConfUtils.java:logGet(43)) - raft.server.staging.catchup.gap = 1000 (default)
2019-10-15 14:14:42,806 [4e1c66a4-792a-4350-b244-4dedea3f57a8@group-765C4EA9BC12-LeaderElection3] INFO  server.RaftServerConfigKeys (ConfUtils.java:logGet(43)) - raft.server.rpc.sleep.time = 25ms (default)
2019-10-15 14:14:42,807 [4e1c66a4-792a-4350-b244-4dedea3f57a8@group-765C4EA9BC12-LeaderElection3] INFO  server.RaftServerConfigKeys (ConfUtils.java:logGet(43)) - raft.server.write.element-limit = 4096 (default)
2019-10-15 14:14:42,807 [4e1c66a4-792a-4350-b244-4dedea3f57a8@group-765C4EA9BC12-LeaderElection3] INFO  server.RaftServerConfigKeys (ConfUtils.java:logGet(43)) - raft.server.watch.timeout = 10s (default)
2019-10-15 14:14:42,807 [4e1c66a4-792a-4350-b244-4dedea3f57a8@group-765C4EA9BC12-LeaderElection3] INFO  server.RaftServerConfigKeys (ConfUtils.java:logGet(43)) - raft.server.watch.timeout.denomination = 1s (default)
2019-10-15 14:14:42,807 [4e1c66a4-792a-4350-b244-4dedea3f57a8@group-765C4EA9BC12-LeaderElection3] INFO  server.RaftServerConfigKeys (ConfUtils.java:logGet(43)) - raft.server.watch.element-limit = 65536 (default)
2019-10-15 14:14:42,811 [4e1c66a4-792a-4350-b244-4dedea3f57a8@group-765C4EA9BC12-LeaderElection3] INFO  impl.RoleInfo (RoleInfo.java:updateAndGet(143)) - 4e1c66a4-792a-4350-b244-4dedea3f57a8: start LeaderState
2019-10-15 14:14:42,811 [4e1c66a4-792a-4350-b244-4dedea3f57a8@group-765C4EA9BC12-LeaderElection3] INFO  segmented.SegmentedRaftLogWorker (SegmentedRaftLogWorker.java:startLogSegment(385)) - 4e1c66a4-792a-4350-b244-4dedea3f57a8@group-765C4EA9BC12-SegmentedRaftLogWorker: Starting segment from index:0
2019-10-15 14:14:42,812 [4e1c66a4-792a-4350-b244-4dedea3f57a8@group-765C4EA9BC12-LeaderElection3] INFO  impl.RaftServerImpl (ServerState.java:setRaftConf(357)) - 4e1c66a4-792a-4350-b244-4dedea3f57a8@group-765C4EA9BC12: set configuration 0: [4e1c66a4-792a-4350-b244-4dedea3f57a8:192.168.164.232:41177], old=null at 0
2019-10-15 14:14:42,853 [pool-47-thread-1] INFO  storage.RaftStorage (RaftStorage.java:format(84)) - Storage directory /workdir/hadoop-ozone/integration-test/target/test-dir/MiniOzoneClusterImpl-29d02a71-48e9-4ad5-9cfb-48d574ca0fa8/datanode-2/data/ratis/af09b2c2-cc5c-4d70-8ada-488dd1d6d11b has been successfully formatted.
2019-10-15 14:14:42,853 [pool-37-thread-1] INFO  storage.RaftStorage (RaftStorage.java:format(84)) - Storage directory /workdir/hadoop-ozone/integration-test/target/test-dir/MiniOzoneClusterImpl-29d02a71-48e9-4ad5-9cfb-48d574ca0fa8/datanode-1/data/ratis/af09b2c2-cc5c-4d70-8ada-488dd1d6d11b has been successfully formatted.
2019-10-15 14:14:42,854 [pool-27-thread-1] INFO  storage.RaftStorage (RaftStorage.java:format(84)) - Storage directory /workdir/hadoop-ozone/integration-test/target/test-dir/MiniOzoneClusterImpl-29d02a71-48e9-4ad5-9cfb-48d574ca0fa8/datanode-0/data/ratis/af09b2c2-cc5c-4d70-8ada-488dd1d6d11b has been successfully formatted.
2019-10-15 14:14:42,854 [pool-37-thread-1] INFO  ratis.ContainerStateMachine (ContainerStateMachine.java:loadSnapshot(231)) - group-488DD1D6D11B: The snapshot info is null. Setting the last applied indexto:(t:0, i:~)
2019-10-15 14:14:42,854 [pool-47-thread-1] INFO  ratis.ContainerStateMachine (ContainerStateMachine.java:loadSnapshot(231)) - group-488DD1D6D11B: The snapshot info is null. Setting the last applied indexto:(t:0, i:~)
2019-10-15 14:14:42,854 [pool-37-thread-1] INFO  server.RaftServerConfigKeys (ConfUtils.java:logGet(43)) - raft.server.notification.no-leader.timeout = 1000s (custom)
2019-10-15 14:14:42,855 [pool-27-thread-1] INFO  ratis.ContainerStateMachine (ContainerStateMachine.java:loadSnapshot(231)) - group-488DD1D6D11B: The snapshot info is null. Setting the last applied indexto:(t:0, i:~)
2019-10-15 14:14:42,855 [pool-47-thread-1] INFO  server.RaftServerConfigKeys (ConfUtils.java:logGet(43)) - raft.server.notification.no-leader.timeout = 1000s (custom)
2019-10-15 14:14:42,855 [pool-27-thread-1] INFO  server.RaftServerConfigKeys (ConfUtils.java:logGet(43)) - raft.server.notification.no-leader.timeout = 1000s (custom)
2019-10-15 14:14:42,855 [pool-37-thread-1] INFO  server.RaftServerConfigKeys (ConfUtils.java:logGet(43)) - raft.server.log.use.memory = false (default)
2019-10-15 14:14:42,855 [pool-27-thread-1] INFO  server.RaftServerConfigKeys (ConfUtils.java:logGet(43)) - raft.server.log.use.memory = false (default)
2019-10-15 14:14:42,855 [pool-47-thread-1] INFO  server.RaftServerConfigKeys (ConfUtils.java:logGet(43)) - raft.server.log.use.memory = false (default)
2019-10-15 14:14:42,856 [pool-27-thread-1] INFO  server.RaftServerConfigKeys (ConfUtils.java:logGet(43)) - raft.server.log.purge.gap = 1000000 (custom)
2019-10-15 14:14:42,855 [pool-37-thread-1] INFO  server.RaftServerConfigKeys (ConfUtils.java:logGet(43)) - raft.server.log.purge.gap = 1000000 (custom)
2019-10-15 14:14:42,856 [pool-27-thread-1] INFO  server.RaftServerConfigKeys (ConfUtils.java:logGet(43)) - raft.server.log.appender.buffer.byte-limit = 33554432 (custom)
2019-10-15 14:14:42,856 [pool-47-thread-1] INFO  server.RaftServerConfigKeys (ConfUtils.java:logGet(43)) - raft.server.log.purge.gap = 1000000 (custom)
2019-10-15 14:14:42,856 [pool-27-thread-1] INFO  server.RaftServerConfigKeys (ConfUtils.java:logGet(43)) - raft.server.log.segment.size.max = 1048576 (custom)
2019-10-15 14:14:42,856 [pool-37-thread-1] INFO  server.RaftServerConfigKeys (ConfUtils.java:logGet(43)) - raft.server.log.appender.buffer.byte-limit = 33554432 (custom)
2019-10-15 14:14:42,856 [pool-27-thread-1] INFO  server.RaftServerConfigKeys (ConfUtils.java:logGet(43)) - raft.server.log.segment.cache.num.max = 2 (custom)
2019-10-15 14:14:42,856 [pool-47-thread-1] INFO  server.RaftServerConfigKeys (ConfUtils.java:logGet(43)) - raft.server.log.appender.buffer.byte-limit = 33554432 (custom)
2019-10-15 14:14:42,857 [pool-27-thread-1] INFO  segmented.SegmentedRaftLogWorker (SegmentedRaftLogWorker.java:<init>(173)) - new 350dd957-6baf-44a5-98e5-a3496d7a986b@group-488DD1D6D11B-SegmentedRaftLogWorker for RaftStorage:Storage Directory /workdir/hadoop-ozone/integration-test/target/test-dir/MiniOzoneClusterImpl-29d02a71-48e9-4ad5-9cfb-48d574ca0fa8/datanode-0/data/ratis/af09b2c2-cc5c-4d70-8ada-488dd1d6d11b
2019-10-15 14:14:42,857 [pool-37-thread-1] INFO  server.RaftServerConfigKeys (ConfUtils.java:logGet(43)) - raft.server.log.segment.size.max = 1048576 (custom)
2019-10-15 14:14:42,857 [pool-27-thread-1] INFO  server.RaftServerConfigKeys (ConfUtils.java:logGet(43)) - raft.server.log.queue.byte-limit = 2147483647 (custom)
2019-10-15 14:14:42,857 [pool-47-thread-1] INFO  server.RaftServerConfigKeys (ConfUtils.java:logGet(43)) - raft.server.log.segment.size.max = 1048576 (custom)
2019-10-15 14:14:42,857 [pool-27-thread-1] INFO  server.RaftServerConfigKeys (ConfUtils.java:logGet(43)) - raft.server.log.queue.element-limit = 1024 (custom)
2019-10-15 14:14:42,857 [pool-37-thread-1] INFO  server.RaftServerConfigKeys (ConfUtils.java:logGet(43)) - raft.server.log.segment.cache.num.max = 2 (custom)
2019-10-15 14:14:42,858 [pool-27-thread-1] INFO  server.RaftServerConfigKeys (ConfUtils.java:logGet(43)) - raft.server.log.segment.size.max = 1048576 (custom)
2019-10-15 14:14:42,857 [pool-47-thread-1] INFO  server.RaftServerConfigKeys (ConfUtils.java:logGet(43)) - raft.server.log.segment.cache.num.max = 2 (custom)
2019-10-15 14:14:42,858 [pool-27-thread-1] INFO  server.RaftServerConfigKeys (ConfUtils.java:logGet(43)) - raft.server.log.preallocated.size = 16384 (custom)
2019-10-15 14:14:42,858 [pool-37-thread-1] INFO  segmented.SegmentedRaftLogWorker (SegmentedRaftLogWorker.java:<init>(173)) - new 4e1c66a4-792a-4350-b244-4dedea3f57a8@group-488DD1D6D11B-SegmentedRaftLogWorker for RaftStorage:Storage Directory /workdir/hadoop-ozone/integration-test/target/test-dir/MiniOzoneClusterImpl-29d02a71-48e9-4ad5-9cfb-48d574ca0fa8/datanode-1/data/ratis/af09b2c2-cc5c-4d70-8ada-488dd1d6d11b
2019-10-15 14:14:42,858 [pool-27-thread-1] INFO  server.RaftServerConfigKeys (ConfUtils.java:logGet(43)) - raft.server.log.write.buffer.size = 33554432 (custom)
2019-10-15 14:14:42,858 [pool-47-thread-1] INFO  segmented.SegmentedRaftLogWorker (SegmentedRaftLogWorker.java:<init>(173)) - new 2ac0d02e-9e70-4102-8ecc-87abf8a9c7ab@group-488DD1D6D11B-SegmentedRaftLogWorker for RaftStorage:Storage Directory /workdir/hadoop-ozone/integration-test/target/test-dir/MiniOzoneClusterImpl-29d02a71-48e9-4ad5-9cfb-48d574ca0fa8/datanode-2/data/ratis/af09b2c2-cc5c-4d70-8ada-488dd1d6d11b
2019-10-15 14:14:42,859 [pool-27-thread-1] INFO  server.RaftServerConfigKeys (ConfUtils.java:logGet(43)) - raft.server.log.force.sync.num = 128 (default)
2019-10-15 14:14:42,858 [pool-37-thread-1] INFO  server.RaftServerConfigKeys (ConfUtils.java:logGet(43)) - raft.server.log.queue.byte-limit = 2147483647 (custom)
2019-10-15 14:14:42,859 [pool-27-thread-1] INFO  server.RaftServerConfigKeys (ConfUtils.java:logGet(43)) - raft.server.log.statemachine.data.sync = true (default)
2019-10-15 14:14:42,859 [pool-47-thread-1] INFO  server.RaftServerConfigKeys (ConfUtils.java:logGet(43)) - raft.server.log.queue.byte-limit = 2147483647 (custom)
2019-10-15 14:14:42,859 [pool-27-thread-1] INFO  server.RaftServerConfigKeys (ConfUtils.java:logGet(43)) - raft.server.log.statemachine.data.sync.timeout = 10s (default)
2019-10-15 14:14:42,859 [pool-27-thread-1] INFO  server.RaftServerConfigKeys (ConfUtils.java:logGet(43)) - raft.server.log.statemachine.data.sync.timeout.retry = -1 (default)
2019-10-15 14:14:42,860 [pool-27-thread-1] INFO  server.RaftServerConfigKeys (ConfUtils.java:logGet(43)) - raft.server.log.statemachine.data.caching.enabled = true (custom)
2019-10-15 14:14:42,859 [pool-37-thread-1] INFO  server.RaftServerConfigKeys (ConfUtils.java:logGet(43)) - raft.server.log.queue.element-limit = 1024 (custom)
2019-10-15 14:14:42,859 [pool-47-thread-1] INFO  server.RaftServerConfigKeys (ConfUtils.java:logGet(43)) - raft.server.log.queue.element-limit = 1024 (custom)
2019-10-15 14:14:42,861 [pool-37-thread-1] INFO  server.RaftServerConfigKeys (ConfUtils.java:logGet(43)) - raft.server.log.segment.size.max = 1048576 (custom)
2019-10-15 14:14:42,861 [pool-47-thread-1] INFO  server.RaftServerConfigKeys (ConfUtils.java:logGet(43)) - raft.server.log.segment.size.max = 1048576 (custom)
2019-10-15 14:14:42,861 [pool-37-thread-1] INFO  server.RaftServerConfigKeys (ConfUtils.java:logGet(43)) - raft.server.log.preallocated.size = 16384 (custom)
2019-10-15 14:14:42,861 [pool-47-thread-1] INFO  server.RaftServerConfigKeys (ConfUtils.java:logGet(43)) - raft.server.log.preallocated.size = 16384 (custom)
2019-10-15 14:14:42,861 [pool-37-thread-1] INFO  server.RaftServerConfigKeys (ConfUtils.java:logGet(43)) - raft.server.log.write.buffer.size = 33554432 (custom)
2019-10-15 14:14:42,861 [pool-47-thread-1] INFO  server.RaftServerConfigKeys (ConfUtils.java:logGet(43)) - raft.server.log.write.buffer.size = 33554432 (custom)
2019-10-15 14:14:42,861 [pool-37-thread-1] INFO  server.RaftServerConfigKeys (ConfUtils.java:logGet(43)) - raft.server.log.force.sync.num = 128 (default)
2019-10-15 14:14:42,862 [pool-47-thread-1] INFO  server.RaftServerConfigKeys (ConfUtils.java:logGet(43)) - raft.server.log.force.sync.num = 128 (default)
2019-10-15 14:14:42,862 [pool-37-thread-1] INFO  server.RaftServerConfigKeys (ConfUtils.java:logGet(43)) - raft.server.log.statemachine.data.sync = true (default)
2019-10-15 14:14:42,862 [pool-47-thread-1] INFO  server.RaftServerConfigKeys (ConfUtils.java:logGet(43)) - raft.server.log.statemachine.data.sync = true (default)
2019-10-15 14:14:42,862 [pool-37-thread-1] INFO  server.RaftServerConfigKeys (ConfUtils.java:logGet(43)) - raft.server.log.statemachine.data.sync.timeout = 10s (default)
2019-10-15 14:14:42,862 [pool-47-thread-1] INFO  server.RaftServerConfigKeys (ConfUtils.java:logGet(43)) - raft.server.log.statemachine.data.sync.timeout = 10s (default)
2019-10-15 14:14:42,862 [pool-37-thread-1] INFO  server.RaftServerConfigKeys (ConfUtils.java:logGet(43)) - raft.server.log.statemachine.data.sync.timeout.retry = -1 (default)
2019-10-15 14:14:42,862 [pool-47-thread-1] INFO  server.RaftServerConfigKeys (ConfUtils.java:logGet(43)) - raft.server.log.statemachine.data.sync.timeout.retry = -1 (default)
2019-10-15 14:14:42,863 [pool-37-thread-1] INFO  server.RaftServerConfigKeys (ConfUtils.java:logGet(43)) - raft.server.log.statemachine.data.caching.enabled = true (custom)
2019-10-15 14:14:42,863 [pool-47-thread-1] INFO  server.RaftServerConfigKeys (ConfUtils.java:logGet(43)) - raft.server.log.statemachine.data.caching.enabled = true (custom)
2019-10-15 14:14:42,863 [pool-27-thread-1] INFO  segmented.SegmentedRaftLogWorker (SegmentedRaftLogWorker.java:lambda$new$0(128)) - 350dd957-6baf-44a5-98e5-a3496d7a986b@group-488DD1D6D11B-SegmentedRaftLogWorker: flushIndex: setUnconditionally 0 -> -1
2019-10-15 14:14:42,863 [pool-47-thread-1] INFO  segmented.SegmentedRaftLogWorker (SegmentedRaftLogWorker.java:lambda$new$0(128)) - 2ac0d02e-9e70-4102-8ecc-87abf8a9c7ab@group-488DD1D6D11B-SegmentedRaftLogWorker: flushIndex: setUnconditionally 0 -> -1
2019-10-15 14:14:42,863 [pool-37-thread-1] INFO  segmented.SegmentedRaftLogWorker (SegmentedRaftLogWorker.java:lambda$new$0(128)) - 4e1c66a4-792a-4350-b244-4dedea3f57a8@group-488DD1D6D11B-SegmentedRaftLogWorker: flushIndex: setUnconditionally 0 -> -1
2019-10-15 14:14:42,864 [pool-27-thread-1] INFO  server.RaftServerConfigKeys (ConfUtils.java:logGet(43)) - raft.server.snapshot.auto.trigger.enabled = true (custom)
2019-10-15 14:14:42,864 [pool-47-thread-1] INFO  server.RaftServerConfigKeys (ConfUtils.java:logGet(43)) - raft.server.snapshot.auto.trigger.enabled = true (custom)
2019-10-15 14:14:42,864 [pool-27-thread-1] INFO  server.RaftServerConfigKeys (ConfUtils.java:logGet(43)) - raft.server.snapshot.auto.trigger.threshold = 10000 (custom)
2019-10-15 14:14:42,864 [pool-37-thread-1] INFO  server.RaftServerConfigKeys (ConfUtils.java:logGet(43)) - raft.server.snapshot.auto.trigger.enabled = true (custom)
2019-10-15 14:14:42,864 [pool-47-thread-1] INFO  server.RaftServerConfigKeys (ConfUtils.java:logGet(43)) - raft.server.snapshot.auto.trigger.threshold = 10000 (custom)
2019-10-15 14:14:42,864 [pool-37-thread-1] INFO  server.RaftServerConfigKeys (ConfUtils.java:logGet(43)) - raft.server.snapshot.auto.trigger.threshold = 10000 (custom)
2019-10-15 14:14:42,864 [pool-27-thread-1] INFO  server.RaftServerConfigKeys (ConfUtils.java:logGet(43)) - raft.server.snapshot.retention.file.num = 5 (custom)
2019-10-15 14:14:42,865 [pool-37-thread-1] INFO  server.RaftServerConfigKeys (ConfUtils.java:logGet(43)) - raft.server.snapshot.retention.file.num = 5 (custom)
2019-10-15 14:14:42,865 [pool-47-thread-1] INFO  server.RaftServerConfigKeys (ConfUtils.java:logGet(43)) - raft.server.snapshot.retention.file.num = 5 (custom)
2019-10-15 14:14:42,865 [pool-27-thread-1] INFO  server.RaftServerConfigKeys (ConfUtils.java:logGet(43)) - raft.server.retrycache.expirytime = 600000ms (custom)
2019-10-15 14:14:42,865 [pool-47-thread-1] INFO  server.RaftServerConfigKeys (ConfUtils.java:logGet(43)) - raft.server.retrycache.expirytime = 600000ms (custom)
2019-10-15 14:14:42,865 [pool-37-thread-1] INFO  server.RaftServerConfigKeys (ConfUtils.java:logGet(43)) - raft.server.retrycache.expirytime = 600000ms (custom)
2019-10-15 14:14:42,871 [pool-27-thread-1] INFO  impl.RaftServerImpl (RaftServerImpl.java:start(195)) - 350dd957-6baf-44a5-98e5-a3496d7a986b@group-488DD1D6D11B: start as a follower, conf=-1: [2ac0d02e-9e70-4102-8ecc-87abf8a9c7ab:192.168.164.232:40013, 4e1c66a4-792a-4350-b244-4dedea3f57a8:192.168.164.232:41177, 350dd957-6baf-44a5-98e5-a3496d7a986b:192.168.164.232:34256], old=null
2019-10-15 14:14:42,871 [pool-27-thread-1] INFO  impl.RaftServerImpl (RaftServerImpl.java:setRole(184)) - 350dd957-6baf-44a5-98e5-a3496d7a986b@group-488DD1D6D11B: changes role from      null to FOLLOWER at term 0 for startAsFollower
2019-10-15 14:14:42,871 [pool-27-thread-1] INFO  impl.RoleInfo (RoleInfo.java:updateAndGet(143)) - 350dd957-6baf-44a5-98e5-a3496d7a986b: start FollowerState
2019-10-15 14:14:42,871 [pool-37-thread-1] INFO  impl.RaftServerImpl (RaftServerImpl.java:start(195)) - 4e1c66a4-792a-4350-b244-4dedea3f57a8@group-488DD1D6D11B: start as a follower, conf=-1: [2ac0d02e-9e70-4102-8ecc-87abf8a9c7ab:192.168.164.232:40013, 4e1c66a4-792a-4350-b244-4dedea3f57a8:192.168.164.232:41177, 350dd957-6baf-44a5-98e5-a3496d7a986b:192.168.164.232:34256], old=null
2019-10-15 14:14:42,872 [pool-27-thread-1] INFO  util.JmxRegister (JmxRegister.java:tryRegister(44)) - Successfully registered JMX Bean with object name Ratis:service=RaftServer,group=group-488DD1D6D11B,id=350dd957-6baf-44a5-98e5-a3496d7a986b
2019-10-15 14:14:42,872 [4e1c66a4-792a-4350-b244-4dedea3f57a8@group-765C4EA9BC12-SegmentedRaftLogWorker] INFO  segmented.SegmentedRaftLogWorker (SegmentedRaftLogWorker.java:execute(576)) - 4e1c66a4-792a-4350-b244-4dedea3f57a8@group-765C4EA9BC12-SegmentedRaftLogWorker: created new log segment /workdir/hadoop-ozone/integration-test/target/test-dir/MiniOzoneClusterImpl-29d02a71-48e9-4ad5-9cfb-48d574ca0fa8/datanode-1/data/ratis/251e80a9-2262-4e5a-8df6-765c4ea9bc12/current/log_inprogress_0
2019-10-15 14:14:42,872 [pool-37-thread-1] INFO  impl.RaftServerImpl (RaftServerImpl.java:setRole(184)) - 4e1c66a4-792a-4350-b244-4dedea3f57a8@group-488DD1D6D11B: changes role from      null to FOLLOWER at term 0 for startAsFollower
2019-10-15 14:14:42,872 [pool-47-thread-1] INFO  impl.RaftServerImpl (RaftServerImpl.java:start(195)) - 2ac0d02e-9e70-4102-8ecc-87abf8a9c7ab@group-488DD1D6D11B: start as a follower, conf=-1: [2ac0d02e-9e70-4102-8ecc-87abf8a9c7ab:192.168.164.232:40013, 4e1c66a4-792a-4350-b244-4dedea3f57a8:192.168.164.232:41177, 350dd957-6baf-44a5-98e5-a3496d7a986b:192.168.164.232:34256], old=null
2019-10-15 14:14:42,872 [pool-37-thread-1] INFO  impl.RoleInfo (RoleInfo.java:updateAndGet(143)) - 4e1c66a4-792a-4350-b244-4dedea3f57a8: start FollowerState
2019-10-15 14:14:42,872 [pool-47-thread-1] INFO  impl.RaftServerImpl (RaftServerImpl.java:setRole(184)) - 2ac0d02e-9e70-4102-8ecc-87abf8a9c7ab@group-488DD1D6D11B: changes role from      null to FOLLOWER at term 0 for startAsFollower
2019-10-15 14:14:42,872 [pool-47-thread-1] INFO  impl.RoleInfo (RoleInfo.java:updateAndGet(143)) - 2ac0d02e-9e70-4102-8ecc-87abf8a9c7ab: start FollowerState
2019-10-15 14:14:42,873 [pool-37-thread-1] INFO  util.JmxRegister (JmxRegister.java:tryRegister(44)) - Successfully registered JMX Bean with object name Ratis:service=RaftServer,group=group-488DD1D6D11B,id=4e1c66a4-792a-4350-b244-4dedea3f57a8
2019-10-15 14:14:42,873 [pool-47-thread-1] INFO  util.JmxRegister (JmxRegister.java:tryRegister(44)) - Successfully registered JMX Bean with object name Ratis:service=RaftServer,group=group-488DD1D6D11B,id=2ac0d02e-9e70-4102-8ecc-87abf8a9c7ab
2019-10-15 14:14:42,876 [Thread-207] INFO  impl.FollowerState (FollowerState.java:run(108)) - 4e1c66a4-792a-4350-b244-4dedea3f57a8@group-488DD1D6D11B-FollowerState: change to CANDIDATE, lastRpcTime:3ms, electionTimeout:3ms
2019-10-15 14:14:42,876 [Thread-207] INFO  impl.RoleInfo (RoleInfo.java:shutdownFollowerState(121)) - 4e1c66a4-792a-4350-b244-4dedea3f57a8: shutdown FollowerState
2019-10-15 14:14:42,876 [Thread-207] INFO  impl.RaftServerImpl (RaftServerImpl.java:setRole(184)) - 4e1c66a4-792a-4350-b244-4dedea3f57a8@group-488DD1D6D11B: changes role from  FOLLOWER to CANDIDATE at term 0 for changeToCandidate
2019-10-15 14:14:42,876 [Thread-207] INFO  impl.RoleInfo (RoleInfo.java:updateAndGet(143)) - 4e1c66a4-792a-4350-b244-4dedea3f57a8: start LeaderElection
2019-10-15 14:14:42,877 [Thread-206] INFO  impl.FollowerState (FollowerState.java:run(108)) - 350dd957-6baf-44a5-98e5-a3496d7a986b@group-488DD1D6D11B-FollowerState: change to CANDIDATE, lastRpcTime:5ms, electionTimeout:5ms
2019-10-15 14:14:42,880 [Thread-206] INFO  impl.RoleInfo (RoleInfo.java:shutdownFollowerState(121)) - 350dd957-6baf-44a5-98e5-a3496d7a986b: shutdown FollowerState
2019-10-15 14:14:42,880 [Thread-206] INFO  impl.RaftServerImpl (RaftServerImpl.java:setRole(184)) - 350dd957-6baf-44a5-98e5-a3496d7a986b@group-488DD1D6D11B: changes role from  FOLLOWER to CANDIDATE at term 0 for changeToCandidate
2019-10-15 14:14:42,881 [Thread-206] INFO  impl.RoleInfo (RoleInfo.java:updateAndGet(143)) - 350dd957-6baf-44a5-98e5-a3496d7a986b: start LeaderElection
2019-10-15 14:14:42,897 [4e1c66a4-792a-4350-b244-4dedea3f57a8@group-488DD1D6D11B-LeaderElection4] INFO  impl.LeaderElection (LeaderElection.java:askForVotes(178)) - 4e1c66a4-792a-4350-b244-4dedea3f57a8@group-488DD1D6D11B-LeaderElection4: begin an election at term 1 for -1: [2ac0d02e-9e70-4102-8ecc-87abf8a9c7ab:192.168.164.232:40013, 4e1c66a4-792a-4350-b244-4dedea3f57a8:192.168.164.232:41177, 350dd957-6baf-44a5-98e5-a3496d7a986b:192.168.164.232:34256], old=null
2019-10-15 14:14:42,904 [RatisPipelineUtilsThread] INFO  pipeline.PipelineStateManager (PipelineStateManager.java:addPipeline(56)) - Created pipeline Pipeline[ Id: af09b2c2-cc5c-4d70-8ada-488dd1d6d11b, Nodes: 2ac0d02e-9e70-4102-8ecc-87abf8a9c7ab{ip: 192.168.164.232, host: dev-nightly-20191015-67qjk-1482321572, networkLocation: /default-rack, certSerialId: null}4e1c66a4-792a-4350-b244-4dedea3f57a8{ip: 192.168.164.232, host: dev-nightly-20191015-67qjk-1482321572, networkLocation: /default-rack, certSerialId: null}350dd957-6baf-44a5-98e5-a3496d7a986b{ip: 192.168.164.232, host: dev-nightly-20191015-67qjk-1482321572, networkLocation: /default-rack, certSerialId: null}, Type:RATIS, Factor:THREE, State:OPEN]
2019-10-15 14:14:42,917 [350dd957-6baf-44a5-98e5-a3496d7a986b@group-488DD1D6D11B-LeaderElection5] INFO  impl.LeaderElection (LeaderElection.java:askForVotes(178)) - 350dd957-6baf-44a5-98e5-a3496d7a986b@group-488DD1D6D11B-LeaderElection5: begin an election at term 1 for -1: [2ac0d02e-9e70-4102-8ecc-87abf8a9c7ab:192.168.164.232:40013, 4e1c66a4-792a-4350-b244-4dedea3f57a8:192.168.164.232:41177, 350dd957-6baf-44a5-98e5-a3496d7a986b:192.168.164.232:34256], old=null
2019-10-15 14:14:42,938 [grpc-default-executor-1] INFO  impl.RaftServerImpl (RaftServerImpl.java:setRole(184)) - 2ac0d02e-9e70-4102-8ecc-87abf8a9c7ab@group-488DD1D6D11B: changes role from  FOLLOWER to FOLLOWER at term 1 for recognizeCandidate:4e1c66a4-792a-4350-b244-4dedea3f57a8
2019-10-15 14:14:42,939 [grpc-default-executor-1] INFO  impl.RoleInfo (RoleInfo.java:shutdownFollowerState(121)) - 2ac0d02e-9e70-4102-8ecc-87abf8a9c7ab: shutdown FollowerState
2019-10-15 14:14:42,939 [grpc-default-executor-1] INFO  impl.RoleInfo (RoleInfo.java:updateAndGet(143)) - 2ac0d02e-9e70-4102-8ecc-87abf8a9c7ab: start FollowerState
2019-10-15 14:14:42,939 [Thread-208] INFO  impl.FollowerState (FollowerState.java:run(117)) - 2ac0d02e-9e70-4102-8ecc-87abf8a9c7ab@group-488DD1D6D11B-FollowerState was interrupted: java.lang.InterruptedException: sleep interrupted
2019-10-15 14:14:42,985 [4e1c66a4-792a-4350-b244-4dedea3f57a8@group-488DD1D6D11B-LeaderElection4] INFO  impl.LeaderElection (LeaderElection.java:logAndReturn(56)) - 4e1c66a4-792a-4350-b244-4dedea3f57a8@group-488DD1D6D11B-LeaderElection4: Election PASSED; received 2 response(s) [4e1c66a4-792a-4350-b244-4dedea3f57a8<-2ac0d02e-9e70-4102-8ecc-87abf8a9c7ab#0:OK-t1, 4e1c66a4-792a-4350-b244-4dedea3f57a8<-350dd957-6baf-44a5-98e5-a3496d7a986b#0:FAIL-t1] and 0 exception(s); 4e1c66a4-792a-4350-b244-4dedea3f57a8@group-488DD1D6D11B:t1, leader=null, voted=4e1c66a4-792a-4350-b244-4dedea3f57a8, raftlog=4e1c66a4-792a-4350-b244-4dedea3f57a8@group-488DD1D6D11B-SegmentedRaftLog:OPENED:c-1,f-1,i0, conf=-1: [2ac0d02e-9e70-4102-8ecc-87abf8a9c7ab:192.168.164.232:40013, 4e1c66a4-792a-4350-b244-4dedea3f57a8:192.168.164.232:41177, 350dd957-6baf-44a5-98e5-a3496d7a986b:192.168.164.232:34256], old=null
2019-10-15 14:14:42,985 [350dd957-6baf-44a5-98e5-a3496d7a986b@group-488DD1D6D11B-LeaderElection5] INFO  impl.LeaderElection (LeaderElection.java:logAndReturn(56)) - 350dd957-6baf-44a5-98e5-a3496d7a986b@group-488DD1D6D11B-LeaderElection5: Election REJECTED; received 2 response(s) [350dd957-6baf-44a5-98e5-a3496d7a986b<-2ac0d02e-9e70-4102-8ecc-87abf8a9c7ab#0:FAIL-t1, 350dd957-6baf-44a5-98e5-a3496d7a986b<-4e1c66a4-792a-4350-b244-4dedea3f57a8#0:FAIL-t1] and 0 exception(s); 350dd957-6baf-44a5-98e5-a3496d7a986b@group-488DD1D6D11B:t1, leader=null, voted=350dd957-6baf-44a5-98e5-a3496d7a986b, raftlog=350dd957-6baf-44a5-98e5-a3496d7a986b@group-488DD1D6D11B-SegmentedRaftLog:OPENED:c-1,f-1,i0, conf=-1: [2ac0d02e-9e70-4102-8ecc-87abf8a9c7ab:192.168.164.232:40013, 4e1c66a4-792a-4350-b244-4dedea3f57a8:192.168.164.232:41177, 350dd957-6baf-44a5-98e5-a3496d7a986b:192.168.164.232:34256], old=null
2019-10-15 14:14:42,985 [4e1c66a4-792a-4350-b244-4dedea3f57a8@group-488DD1D6D11B-LeaderElection4] INFO  impl.RoleInfo (RoleInfo.java:shutdownLeaderElection(134)) - 4e1c66a4-792a-4350-b244-4dedea3f57a8: shutdown LeaderElection
2019-10-15 14:14:42,988 [4e1c66a4-792a-4350-b244-4dedea3f57a8@group-488DD1D6D11B-LeaderElection4] INFO  impl.RaftServerImpl (RaftServerImpl.java:setRole(184)) - 4e1c66a4-792a-4350-b244-4dedea3f57a8@group-488DD1D6D11B: changes role from CANDIDATE to LEADER at term 1 for changeToLeader
2019-10-15 14:14:42,990 [350dd957-6baf-44a5-98e5-a3496d7a986b@group-488DD1D6D11B-LeaderElection5] INFO  impl.RaftServerImpl (RaftServerImpl.java:setRole(184)) - 350dd957-6baf-44a5-98e5-a3496d7a986b@group-488DD1D6D11B: changes role from CANDIDATE to FOLLOWER at term 1 for DISCOVERED_A_NEW_TERM
2019-10-15 14:14:42,990 [4e1c66a4-792a-4350-b244-4dedea3f57a8@group-488DD1D6D11B-LeaderElection4] INFO  impl.RaftServerImpl (ServerState.java:setLeader(256)) - 4e1c66a4-792a-4350-b244-4dedea3f57a8@group-488DD1D6D11B: change Leader from null to 4e1c66a4-792a-4350-b244-4dedea3f57a8 at term 1 for becomeLeader, leader elected after 135ms
2019-10-15 14:14:42,991 [350dd957-6baf-44a5-98e5-a3496d7a986b@group-488DD1D6D11B-LeaderElection5] INFO  impl.RoleInfo (RoleInfo.java:shutdownLeaderElection(134)) - 350dd957-6baf-44a5-98e5-a3496d7a986b: shutdown LeaderElection
2019-10-15 14:14:42,991 [4e1c66a4-792a-4350-b244-4dedea3f57a8@group-488DD1D6D11B-LeaderElection4] INFO  server.RaftServerConfigKeys (ConfUtils.java:logGet(43)) - raft.server.staging.catchup.gap = 1000 (default)
2019-10-15 14:14:42,991 [350dd957-6baf-44a5-98e5-a3496d7a986b@group-488DD1D6D11B-LeaderElection5] INFO  impl.RoleInfo (RoleInfo.java:updateAndGet(143)) - 350dd957-6baf-44a5-98e5-a3496d7a986b: start FollowerState
2019-10-15 14:14:42,991 [4e1c66a4-792a-4350-b244-4dedea3f57a8@group-488DD1D6D11B-LeaderElection4] INFO  server.RaftServerConfigKeys (ConfUtils.java:logGet(43)) - raft.server.rpc.sleep.time = 25ms (default)
2019-10-15 14:14:42,993 [4e1c66a4-792a-4350-b244-4dedea3f57a8@group-488DD1D6D11B-LeaderElection4] INFO  server.RaftServerConfigKeys (ConfUtils.java:logGet(43)) - raft.server.write.element-limit = 4096 (default)
2019-10-15 14:14:42,993 [4e1c66a4-792a-4350-b244-4dedea3f57a8@group-488DD1D6D11B-LeaderElection4] INFO  server.RaftServerConfigKeys (ConfUtils.java:logGet(43)) - raft.server.watch.timeout = 10s (default)
2019-10-15 14:14:42,993 [4e1c66a4-792a-4350-b244-4dedea3f57a8@group-488DD1D6D11B-LeaderElection4] INFO  server.RaftServerConfigKeys (ConfUtils.java:logGet(43)) - raft.server.watch.timeout.denomination = 1s (default)
2019-10-15 14:14:42,993 [4e1c66a4-792a-4350-b244-4dedea3f57a8@group-488DD1D6D11B-LeaderElection4] INFO  server.RaftServerConfigKeys (ConfUtils.java:logGet(43)) - raft.server.watch.element-limit = 65536 (default)
2019-10-15 14:14:43,000 [4e1c66a4-792a-4350-b244-4dedea3f57a8@group-488DD1D6D11B-LeaderElection4] INFO  server.RaftServerConfigKeys (ConfUtils.java:logGet(43)) - raft.server.log.appender.snapshot.chunk.size.max = 16MB (=16777216) (default)
2019-10-15 14:14:43,000 [4e1c66a4-792a-4350-b244-4dedea3f57a8@group-488DD1D6D11B-LeaderElection4] INFO  server.RaftServerConfigKeys (ConfUtils.java:logGet(43)) - raft.server.log.appender.buffer.byte-limit = 33554432 (custom)
2019-10-15 14:14:43,000 [4e1c66a4-792a-4350-b244-4dedea3f57a8@group-488DD1D6D11B-LeaderElection4] INFO  server.RaftServerConfigKeys (ConfUtils.java:logGet(43)) - raft.server.log.appender.buffer.element-limit = 1 (custom)
2019-10-15 14:14:43,005 [4e1c66a4-792a-4350-b244-4dedea3f57a8@group-488DD1D6D11B-LeaderElection4] INFO  grpc.GrpcConfigKeys$Server (ConfUtils.java:logGet(43)) - raft.grpc.server.leader.outstanding.appends.max = 128 (default)
2019-10-15 14:14:43,005 [4e1c66a4-792a-4350-b244-4dedea3f57a8@group-488DD1D6D11B-LeaderElection4] INFO  server.RaftServerConfigKeys (ConfUtils.java:logGet(43)) - raft.server.rpc.request.timeout = 3000ms (default)
2019-10-15 14:14:43,005 [4e1c66a4-792a-4350-b244-4dedea3f57a8@group-488DD1D6D11B-LeaderElection4] INFO  server.RaftServerConfigKeys (ConfUtils.java:logGet(43)) - raft.server.log.appender.install.snapshot.enabled = false (custom)
2019-10-15 14:14:43,010 [4e1c66a4-792a-4350-b244-4dedea3f57a8@group-488DD1D6D11B-LeaderElection4] INFO  server.RaftServerConfigKeys (ConfUtils.java:logGet(43)) - raft.server.log.appender.snapshot.chunk.size.max = 16MB (=16777216) (default)
2019-10-15 14:14:43,010 [4e1c66a4-792a-4350-b244-4dedea3f57a8@group-488DD1D6D11B-LeaderElection4] INFO  server.RaftServerConfigKeys (ConfUtils.java:logGet(43)) - raft.server.log.appender.buffer.byte-limit = 33554432 (custom)
2019-10-15 14:14:43,010 [4e1c66a4-792a-4350-b244-4dedea3f57a8@group-488DD1D6D11B-LeaderElection4] INFO  server.RaftServerConfigKeys (ConfUtils.java:logGet(43)) - raft.server.log.appender.buffer.element-limit = 1 (custom)
2019-10-15 14:14:43,011 [4e1c66a4-792a-4350-b244-4dedea3f57a8@group-488DD1D6D11B-LeaderElection4] INFO  grpc.GrpcConfigKeys$Server (ConfUtils.java:logGet(43)) - raft.grpc.server.leader.outstanding.appends.max = 128 (default)
2019-10-15 14:14:43,011 [4e1c66a4-792a-4350-b244-4dedea3f57a8@group-488DD1D6D11B-LeaderElection4] INFO  server.RaftServerConfigKeys (ConfUtils.java:logGet(43)) - raft.server.rpc.request.timeout = 3000ms (default)
2019-10-15 14:14:43,011 [4e1c66a4-792a-4350-b244-4dedea3f57a8@group-488DD1D6D11B-LeaderElection4] INFO  server.RaftServerConfigKeys (ConfUtils.java:logGet(43)) - raft.server.log.appender.install.snapshot.enabled = false (custom)
2019-10-15 14:14:43,017 [4e1c66a4-792a-4350-b244-4dedea3f57a8@group-488DD1D6D11B-LeaderElection4] INFO  impl.RoleInfo (RoleInfo.java:updateAndGet(143)) - 4e1c66a4-792a-4350-b244-4dedea3f57a8: start LeaderState
2019-10-15 14:14:43,017 [4e1c66a4-792a-4350-b244-4dedea3f57a8@group-488DD1D6D11B-LeaderElection4] INFO  segmented.SegmentedRaftLogWorker (SegmentedRaftLogWorker.java:startLogSegment(385)) - 4e1c66a4-792a-4350-b244-4dedea3f57a8@group-488DD1D6D11B-SegmentedRaftLogWorker: Starting segment from index:0
2019-10-15 14:14:43,018 [4e1c66a4-792a-4350-b244-4dedea3f57a8@group-488DD1D6D11B-LeaderElection4] INFO  impl.RaftServerImpl (ServerState.java:setRaftConf(357)) - 4e1c66a4-792a-4350-b244-4dedea3f57a8@group-488DD1D6D11B: set configuration 0: [2ac0d02e-9e70-4102-8ecc-87abf8a9c7ab:192.168.164.232:40013, 4e1c66a4-792a-4350-b244-4dedea3f57a8:192.168.164.232:41177, 350dd957-6baf-44a5-98e5-a3496d7a986b:192.168.164.232:34256], old=null at 0
2019-10-15 14:14:43,050 [Thread-219] INFO  impl.FollowerState (FollowerState.java:run(108)) - 350dd957-6baf-44a5-98e5-a3496d7a986b@group-488DD1D6D11B-FollowerState: change to CANDIDATE, lastRpcTime:58ms, electionTimeout:36ms
2019-10-15 14:14:43,050 [Thread-218] INFO  impl.FollowerState (FollowerState.java:run(108)) - 2ac0d02e-9e70-4102-8ecc-87abf8a9c7ab@group-488DD1D6D11B-FollowerState: change to CANDIDATE, lastRpcTime:110ms, electionTimeout:103ms
2019-10-15 14:14:43,050 [Thread-219] INFO  impl.RoleInfo (RoleInfo.java:shutdownFollowerState(121)) - 350dd957-6baf-44a5-98e5-a3496d7a986b: shutdown FollowerState
2019-10-15 14:14:43,051 [Thread-219] INFO  impl.RaftServerImpl (RaftServerImpl.java:setRole(184)) - 350dd957-6baf-44a5-98e5-a3496d7a986b@group-488DD1D6D11B: changes role from  FOLLOWER to CANDIDATE at term 1 for changeToCandidate
2019-10-15 14:14:43,051 [Thread-218] INFO  impl.RoleInfo (RoleInfo.java:shutdownFollowerState(121)) - 2ac0d02e-9e70-4102-8ecc-87abf8a9c7ab: shutdown FollowerState
2019-10-15 14:14:43,051 [Thread-218] INFO  impl.RaftServerImpl (RaftServerImpl.java:setRole(184)) - 2ac0d02e-9e70-4102-8ecc-87abf8a9c7ab@group-488DD1D6D11B: changes role from  FOLLOWER to CANDIDATE at term 1 for changeToCandidate
2019-10-15 14:14:43,051 [Thread-219] INFO  impl.RoleInfo (RoleInfo.java:updateAndGet(143)) - 350dd957-6baf-44a5-98e5-a3496d7a986b: start LeaderElection
2019-10-15 14:14:43,051 [Thread-218] INFO  impl.RoleInfo (RoleInfo.java:updateAndGet(143)) - 2ac0d02e-9e70-4102-8ecc-87abf8a9c7ab: start LeaderElection
2019-10-15 14:14:43,073 [4e1c66a4-792a-4350-b244-4dedea3f57a8@group-488DD1D6D11B-SegmentedRaftLogWorker] INFO  segmented.SegmentedRaftLogWorker (SegmentedRaftLogWorker.java:execute(576)) - 4e1c66a4-792a-4350-b244-4dedea3f57a8@group-488DD1D6D11B-SegmentedRaftLogWorker: created new log segment /workdir/hadoop-ozone/integration-test/target/test-dir/MiniOzoneClusterImpl-29d02a71-48e9-4ad5-9cfb-48d574ca0fa8/datanode-1/data/ratis/af09b2c2-cc5c-4d70-8ada-488dd1d6d11b/current/log_inprogress_0
2019-10-15 14:14:43,073 [350dd957-6baf-44a5-98e5-a3496d7a986b@group-488DD1D6D11B-LeaderElection6] INFO  impl.LeaderElection (LeaderElection.java:askForVotes(178)) - 350dd957-6baf-44a5-98e5-a3496d7a986b@group-488DD1D6D11B-LeaderElection6: begin an election at term 2 for -1: [2ac0d02e-9e70-4102-8ecc-87abf8a9c7ab:192.168.164.232:40013, 4e1c66a4-792a-4350-b244-4dedea3f57a8:192.168.164.232:41177, 350dd957-6baf-44a5-98e5-a3496d7a986b:192.168.164.232:34256], old=null
2019-10-15 14:14:43,073 [2ac0d02e-9e70-4102-8ecc-87abf8a9c7ab@group-488DD1D6D11B-LeaderElection7] INFO  impl.LeaderElection (LeaderElection.java:askForVotes(178)) - 2ac0d02e-9e70-4102-8ecc-87abf8a9c7ab@group-488DD1D6D11B-LeaderElection7: begin an election at term 2 for -1: [2ac0d02e-9e70-4102-8ecc-87abf8a9c7ab:192.168.164.232:40013, 4e1c66a4-792a-4350-b244-4dedea3f57a8:192.168.164.232:41177, 350dd957-6baf-44a5-98e5-a3496d7a986b:192.168.164.232:34256], old=null
2019-10-15 14:14:43,089 [grpc-default-executor-2] INFO  impl.RaftServerImpl (ServerState.java:setLeader(256)) - 4e1c66a4-792a-4350-b244-4dedea3f57a8@group-488DD1D6D11B: change Leader from 4e1c66a4-792a-4350-b244-4dedea3f57a8 to null at term 2 for updateCurrentTerm
2019-10-15 14:14:43,089 [grpc-default-executor-2] INFO  impl.RaftServerImpl (RaftServerImpl.java:setRole(184)) - 4e1c66a4-792a-4350-b244-4dedea3f57a8@group-488DD1D6D11B: changes role from    LEADER to FOLLOWER at term 2 for recognizeCandidate:350dd957-6baf-44a5-98e5-a3496d7a986b
2019-10-15 14:14:43,089 [grpc-default-executor-2] INFO  impl.RoleInfo (RoleInfo.java:shutdownLeaderState(104)) - 4e1c66a4-792a-4350-b244-4dedea3f57a8: shutdown LeaderState
2019-10-15 14:14:43,091 [org.apache.ratis.server.impl.LogAppender$AppenderDaemon$$Lambda$418/283505551@38f82ef4] WARN  server.GrpcLogAppender (GrpcLogAppender.java:mayWait(149)) - 4e1c66a4-792a-4350-b244-4dedea3f57a8@group-488DD1D6D11B->350dd957-6baf-44a5-98e5-a3496d7a986b-GrpcLogAppender: Wait interrupted by java.lang.InterruptedException
2019-10-15 14:14:43,091 [org.apache.ratis.server.impl.LogAppender$AppenderDaemon$$Lambda$418/283505551@58824ccd] WARN  server.GrpcLogAppender (GrpcLogAppender.java:mayWait(149)) - 4e1c66a4-792a-4350-b244-4dedea3f57a8@group-488DD1D6D11B->2ac0d02e-9e70-4102-8ecc-87abf8a9c7ab-GrpcLogAppender: Wait interrupted by java.lang.InterruptedException
2019-10-15 14:14:43,093 [2ac0d02e-9e70-4102-8ecc-87abf8a9c7ab@group-488DD1D6D11B-LeaderElection7] INFO  impl.LeaderElection (LeaderElection.java:logAndReturn(56)) - 2ac0d02e-9e70-4102-8ecc-87abf8a9c7ab@group-488DD1D6D11B-LeaderElection7: Election TIMEOUT; received 0 response(s) [] and 0 exception(s); 2ac0d02e-9e70-4102-8ecc-87abf8a9c7ab@group-488DD1D6D11B:t2, leader=null, voted=2ac0d02e-9e70-4102-8ecc-87abf8a9c7ab, raftlog=2ac0d02e-9e70-4102-8ecc-87abf8a9c7ab@group-488DD1D6D11B-SegmentedRaftLog:OPENED:c-1,f-1,i0, conf=-1: [2ac0d02e-9e70-4102-8ecc-87abf8a9c7ab:192.168.164.232:40013, 4e1c66a4-792a-4350-b244-4dedea3f57a8:192.168.164.232:41177, 350dd957-6baf-44a5-98e5-a3496d7a986b:192.168.164.232:34256], old=null
2019-10-15 14:14:43,093 [grpc-default-executor-2] INFO  impl.PendingRequests (PendingRequests.java:sendNotLeaderResponses(202)) - 4e1c66a4-792a-4350-b244-4dedea3f57a8@group-488DD1D6D11B-PendingRequests: sendNotLeaderResponses
2019-10-15 14:14:43,097 [grpc-default-executor-1] INFO  server.GrpcServerProtocolService (GrpcServerProtocolService.java:onCompleted(113)) - 350dd957-6baf-44a5-98e5-a3496d7a986b: Completed APPEND_ENTRIES, lastRequest: 4e1c66a4-792a-4350-b244-4dedea3f57a8->350dd957-6baf-44a5-98e5-a3496d7a986b#0-t1, previous=(t:0, i:0), leaderCommit=-1, initializing? false, entries: <empty>
2019-10-15 14:14:43,098 [grpc-default-executor-2] INFO  impl.RoleInfo (RoleInfo.java:updateAndGet(143)) - 4e1c66a4-792a-4350-b244-4dedea3f57a8: start FollowerState
2019-10-15 14:14:43,099 [grpc-default-executor-3] INFO  server.GrpcServerProtocolService (GrpcServerProtocolService.java:onCompleted(113)) - 2ac0d02e-9e70-4102-8ecc-87abf8a9c7ab: Completed APPEND_ENTRIES, lastRequest: 4e1c66a4-792a-4350-b244-4dedea3f57a8->2ac0d02e-9e70-4102-8ecc-87abf8a9c7ab#0-t1, previous=(t:0, i:0), leaderCommit=-1, initializing? false, entries: <empty>
2019-10-15 14:14:43,124 [2ac0d02e-9e70-4102-8ecc-87abf8a9c7ab@group-488DD1D6D11B-LeaderElection7] INFO  impl.LeaderElection (LeaderElection.java:askForVotes(178)) - 2ac0d02e-9e70-4102-8ecc-87abf8a9c7ab@group-488DD1D6D11B-LeaderElection7: begin an election at term 3 for -1: [2ac0d02e-9e70-4102-8ecc-87abf8a9c7ab:192.168.164.232:40013, 4e1c66a4-792a-4350-b244-4dedea3f57a8:192.168.164.232:41177, 350dd957-6baf-44a5-98e5-a3496d7a986b:192.168.164.232:34256], old=null
2019-10-15 14:14:43,124 [grpc-default-executor-1] INFO  impl.RaftServerImpl (RaftServerImpl.java:setRole(184)) - 4e1c66a4-792a-4350-b244-4dedea3f57a8@group-488DD1D6D11B: changes role from  FOLLOWER to FOLLOWER at term 2 for recognizeCandidate:2ac0d02e-9e70-4102-8ecc-87abf8a9c7ab
2019-10-15 14:14:43,124 [grpc-default-executor-1] INFO  impl.RoleInfo (RoleInfo.java:shutdownFollowerState(121)) - 4e1c66a4-792a-4350-b244-4dedea3f57a8: shutdown FollowerState
2019-10-15 14:14:43,124 [Thread-231] INFO  impl.FollowerState (FollowerState.java:run(117)) - 4e1c66a4-792a-4350-b244-4dedea3f57a8@group-488DD1D6D11B-FollowerState was interrupted: java.lang.InterruptedException: sleep interrupted
2019-10-15 14:14:43,124 [grpc-default-executor-1] INFO  impl.RoleInfo (RoleInfo.java:updateAndGet(143)) - 4e1c66a4-792a-4350-b244-4dedea3f57a8: start FollowerState
2019-10-15 14:14:43,126 [grpc-default-executor-3] INFO  server.GrpcLogAppender (GrpcLogAppender.java:onCompleted(308)) - 4e1c66a4-792a-4350-b244-4dedea3f57a8@group-488DD1D6D11B->350dd957-6baf-44a5-98e5-a3496d7a986b-AppendLogResponseHandler: follower responses appendEntries COMPLETED
2019-10-15 14:14:43,126 [grpc-default-executor-0] INFO  server.GrpcLogAppender (GrpcLogAppender.java:onCompleted(308)) - 4e1c66a4-792a-4350-b244-4dedea3f57a8@group-488DD1D6D11B->2ac0d02e-9e70-4102-8ecc-87abf8a9c7ab-AppendLogResponseHandler: follower responses appendEntries COMPLETED
2019-10-15 14:14:43,128 [350dd957-6baf-44a5-98e5-a3496d7a986b@group-488DD1D6D11B-LeaderElection6] INFO  impl.LeaderElection (LeaderElection.java:logAndReturn(56)) - 350dd957-6baf-44a5-98e5-a3496d7a986b@group-488DD1D6D11B-LeaderElection6: Election REJECTED; received 2 response(s) [350dd957-6baf-44a5-98e5-a3496d7a986b<-2ac0d02e-9e70-4102-8ecc-87abf8a9c7ab#0:FAIL-t2, 350dd957-6baf-44a5-98e5-a3496d7a986b<-4e1c66a4-792a-4350-b244-4dedea3f57a8#0:FAIL-t2] and 0 exception(s); 350dd957-6baf-44a5-98e5-a3496d7a986b@group-488DD1D6D11B:t2, leader=null, voted=350dd957-6baf-44a5-98e5-a3496d7a986b, raftlog=350dd957-6baf-44a5-98e5-a3496d7a986b@group-488DD1D6D11B-SegmentedRaftLog:OPENED:c-1,f-1,i0, conf=-1: [2ac0d02e-9e70-4102-8ecc-87abf8a9c7ab:192.168.164.232:40013, 4e1c66a4-792a-4350-b244-4dedea3f57a8:192.168.164.232:41177, 350dd957-6baf-44a5-98e5-a3496d7a986b:192.168.164.232:34256], old=null
2019-10-15 14:14:43,128 [350dd957-6baf-44a5-98e5-a3496d7a986b@group-488DD1D6D11B-LeaderElection6] INFO  impl.RaftServerImpl (RaftServerImpl.java:setRole(184)) - 350dd957-6baf-44a5-98e5-a3496d7a986b@group-488DD1D6D11B: changes role from CANDIDATE to FOLLOWER at term 2 for DISCOVERED_A_NEW_TERM
2019-10-15 14:14:43,132 [350dd957-6baf-44a5-98e5-a3496d7a986b@group-488DD1D6D11B-LeaderElection6] INFO  impl.RoleInfo (RoleInfo.java:shutdownLeaderElection(134)) - 350dd957-6baf-44a5-98e5-a3496d7a986b: shutdown LeaderElection
2019-10-15 14:14:43,132 [350dd957-6baf-44a5-98e5-a3496d7a986b@group-488DD1D6D11B-LeaderElection6] INFO  impl.RoleInfo (RoleInfo.java:updateAndGet(143)) - 350dd957-6baf-44a5-98e5-a3496d7a986b: start FollowerState
2019-10-15 14:14:43,138 [grpc-default-executor-1] INFO  impl.RaftServerImpl (RaftServerImpl.java:setRole(184)) - 350dd957-6baf-44a5-98e5-a3496d7a986b@group-488DD1D6D11B: changes role from  FOLLOWER to FOLLOWER at term 3 for recognizeCandidate:2ac0d02e-9e70-4102-8ecc-87abf8a9c7ab
2019-10-15 14:14:43,140 [grpc-default-executor-1] INFO  impl.RoleInfo (RoleInfo.java:shutdownFollowerState(121)) - 350dd957-6baf-44a5-98e5-a3496d7a986b: shutdown FollowerState
2019-10-15 14:14:43,140 [grpc-default-executor-1] INFO  impl.RoleInfo (RoleInfo.java:updateAndGet(143)) - 350dd957-6baf-44a5-98e5-a3496d7a986b: start FollowerState
2019-10-15 14:14:43,140 [Thread-236] INFO  impl.FollowerState (FollowerState.java:run(117)) - 350dd957-6baf-44a5-98e5-a3496d7a986b@group-488DD1D6D11B-FollowerState was interrupted: java.lang.InterruptedException: sleep interrupted
2019-10-15 14:14:43,146 [grpc-default-executor-3] INFO  impl.FollowerInfo (FollowerInfo.java:lambda$new$0(51)) - 4e1c66a4-792a-4350-b244-4dedea3f57a8@group-488DD1D6D11B->350dd957-6baf-44a5-98e5-a3496d7a986b: nextIndex: updateUnconditionally 0 -> 0
2019-10-15 14:14:43,146 [grpc-default-executor-0] INFO  impl.FollowerInfo (FollowerInfo.java:lambda$new$0(51)) - 4e1c66a4-792a-4350-b244-4dedea3f57a8@group-488DD1D6D11B->2ac0d02e-9e70-4102-8ecc-87abf8a9c7ab: nextIndex: updateUnconditionally 0 -> 0
2019-10-15 14:14:43,149 [grpc-default-executor-0] INFO  impl.RaftServerImpl (RaftServerImpl.java:setRole(184)) - 4e1c66a4-792a-4350-b244-4dedea3f57a8@group-488DD1D6D11B: changes role from  FOLLOWER to FOLLOWER at term 3 for recognizeCandidate:2ac0d02e-9e70-4102-8ecc-87abf8a9c7ab
2019-10-15 14:14:43,149 [grpc-default-executor-0] INFO  impl.RoleInfo (RoleInfo.java:shutdownFollowerState(121)) - 4e1c66a4-792a-4350-b244-4dedea3f57a8: shutdown FollowerState
2019-10-15 14:14:43,150 [grpc-default-executor-0] INFO  impl.RoleInfo (RoleInfo.java:updateAndGet(143)) - 4e1c66a4-792a-4350-b244-4dedea3f57a8: start FollowerState
2019-10-15 14:14:43,150 [Thread-234] INFO  impl.FollowerState (FollowerState.java:run(117)) - 4e1c66a4-792a-4350-b244-4dedea3f57a8@group-488DD1D6D11B-FollowerState was interrupted: java.lang.InterruptedException: sleep interrupted
2019-10-15 14:14:43,181 [2ac0d02e-9e70-4102-8ecc-87abf8a9c7ab@group-488DD1D6D11B-LeaderElection7] INFO  impl.LeaderElection (LeaderElection.java:logAndReturn(56)) - 2ac0d02e-9e70-4102-8ecc-87abf8a9c7ab@group-488DD1D6D11B-LeaderElection7: Election PASSED; received 1 response(s) [2ac0d02e-9e70-4102-8ecc-87abf8a9c7ab<-350dd957-6baf-44a5-98e5-a3496d7a986b#0:OK-t3] and 0 exception(s); 2ac0d02e-9e70-4102-8ecc-87abf8a9c7ab@group-488DD1D6D11B:t3, leader=null, voted=2ac0d02e-9e70-4102-8ecc-87abf8a9c7ab, raftlog=2ac0d02e-9e70-4102-8ecc-87abf8a9c7ab@group-488DD1D6D11B-SegmentedRaftLog:OPENED:c-1,f-1,i0, conf=-1: [2ac0d02e-9e70-4102-8ecc-87abf8a9c7ab:192.168.164.232:40013, 4e1c66a4-792a-4350-b244-4dedea3f57a8:192.168.164.232:41177, 350dd957-6baf-44a5-98e5-a3496d7a986b:192.168.164.232:34256], old=null
2019-10-15 14:14:43,181 [2ac0d02e-9e70-4102-8ecc-87abf8a9c7ab@group-488DD1D6D11B-LeaderElection7] INFO  impl.RoleInfo (RoleInfo.java:shutdownLeaderElection(134)) - 2ac0d02e-9e70-4102-8ecc-87abf8a9c7ab: shutdown LeaderElection
2019-10-15 14:14:43,182 [2ac0d02e-9e70-4102-8ecc-87abf8a9c7ab@group-488DD1D6D11B-LeaderElection7] INFO  impl.RaftServerImpl (RaftServerImpl.java:setRole(184)) - 2ac0d02e-9e70-4102-8ecc-87abf8a9c7ab@group-488DD1D6D11B: changes role from CANDIDATE to LEADER at term 3 for changeToLeader
2019-10-15 14:14:43,184 [2ac0d02e-9e70-4102-8ecc-87abf8a9c7ab@group-488DD1D6D11B-LeaderElection7] INFO  impl.RaftServerImpl (ServerState.java:setLeader(256)) - 2ac0d02e-9e70-4102-8ecc-87abf8a9c7ab@group-488DD1D6D11B: change Leader from null to 2ac0d02e-9e70-4102-8ecc-87abf8a9c7ab at term 3 for becomeLeader, leader elected after 327ms
2019-10-15 14:14:43,184 [2ac0d02e-9e70-4102-8ecc-87abf8a9c7ab@group-488DD1D6D11B-LeaderElection7] INFO  server.RaftServerConfigKeys (ConfUtils.java:logGet(43)) - raft.server.staging.catchup.gap = 1000 (default)
2019-10-15 14:14:43,184 [2ac0d02e-9e70-4102-8ecc-87abf8a9c7ab@group-488DD1D6D11B-LeaderElection7] INFO  server.RaftServerConfigKeys (ConfUtils.java:logGet(43)) - raft.server.rpc.sleep.time = 25ms (default)
2019-10-15 14:14:43,184 [2ac0d02e-9e70-4102-8ecc-87abf8a9c7ab@group-488DD1D6D11B-LeaderElection7] INFO  server.RaftServerConfigKeys (ConfUtils.java:logGet(43)) - raft.server.write.element-limit = 4096 (default)
2019-10-15 14:14:43,185 [2ac0d02e-9e70-4102-8ecc-87abf8a9c7ab@group-488DD1D6D11B-LeaderElection7] INFO  server.RaftServerConfigKeys (ConfUtils.java:logGet(43)) - raft.server.watch.timeout = 10s (default)
2019-10-15 14:14:43,185 [2ac0d02e-9e70-4102-8ecc-87abf8a9c7ab@group-488DD1D6D11B-LeaderElection7] INFO  server.RaftServerConfigKeys (ConfUtils.java:logGet(43)) - raft.server.watch.timeout.denomination = 1s (default)
2019-10-15 14:14:43,185 [2ac0d02e-9e70-4102-8ecc-87abf8a9c7ab@group-488DD1D6D11B-LeaderElection7] INFO  server.RaftServerConfigKeys (ConfUtils.java:logGet(43)) - raft.server.watch.element-limit = 65536 (default)
2019-10-15 14:14:43,188 [2ac0d02e-9e70-4102-8ecc-87abf8a9c7ab@group-488DD1D6D11B-LeaderElection7] INFO  server.RaftServerConfigKeys (ConfUtils.java:logGet(43)) - raft.server.log.appender.snapshot.chunk.size.max = 16MB (=16777216) (default)
2019-10-15 14:14:43,188 [2ac0d02e-9e70-4102-8ecc-87abf8a9c7ab@group-488DD1D6D11B-LeaderElection7] INFO  server.RaftServerConfigKeys (ConfUtils.java:logGet(43)) - raft.server.log.appender.buffer.byte-limit = 33554432 (custom)
2019-10-15 14:14:43,188 [2ac0d02e-9e70-4102-8ecc-87abf8a9c7ab@group-488DD1D6D11B-LeaderElection7] INFO  server.RaftServerConfigKeys (ConfUtils.java:logGet(43)) - raft.server.log.appender.buffer.element-limit = 1 (custom)
2019-10-15 14:14:43,188 [2ac0d02e-9e70-4102-8ecc-87abf8a9c7ab@group-488DD1D6D11B-LeaderElection7] INFO  grpc.GrpcConfigKeys$Server (ConfUtils.java:logGet(43)) - raft.grpc.server.leader.outstanding.appends.max = 128 (default)
2019-10-15 14:14:43,193 [2ac0d02e-9e70-4102-8ecc-87abf8a9c7ab@group-488DD1D6D11B-LeaderElection7] INFO  server.RaftServerConfigKeys (ConfUtils.java:logGet(43)) - raft.server.rpc.request.timeout = 3000ms (default)
2019-10-15 14:14:43,193 [2ac0d02e-9e70-4102-8ecc-87abf8a9c7ab@group-488DD1D6D11B-LeaderElection7] INFO  server.RaftServerConfigKeys (ConfUtils.java:logGet(43)) - raft.server.log.appender.install.snapshot.enabled = false (custom)
2019-10-15 14:14:43,198 [2ac0d02e-9e70-4102-8ecc-87abf8a9c7ab@group-488DD1D6D11B-LeaderElection7] INFO  server.RaftServerConfigKeys (ConfUtils.java:logGet(43)) - raft.server.log.appender.snapshot.chunk.size.max = 16MB (=16777216) (default)
2019-10-15 14:14:43,198 [2ac0d02e-9e70-4102-8ecc-87abf8a9c7ab@group-488DD1D6D11B-LeaderElection7] INFO  server.RaftServerConfigKeys (ConfUtils.java:logGet(43)) - raft.server.log.appender.buffer.byte-limit = 33554432 (custom)
2019-10-15 14:14:43,198 [2ac0d02e-9e70-4102-8ecc-87abf8a9c7ab@group-488DD1D6D11B-LeaderElection7] INFO  server.RaftServerConfigKeys (ConfUtils.java:logGet(43)) - raft.server.log.appender.buffer.element-limit = 1 (custom)
2019-10-15 14:14:43,199 [2ac0d02e-9e70-4102-8ecc-87abf8a9c7ab@group-488DD1D6D11B-LeaderElection7] INFO  grpc.GrpcConfigKeys$Server (ConfUtils.java:logGet(43)) - raft.grpc.server.leader.outstanding.appends.max = 128 (default)
2019-10-15 14:14:43,199 [2ac0d02e-9e70-4102-8ecc-87abf8a9c7ab@group-488DD1D6D11B-LeaderElection7] INFO  server.RaftServerConfigKeys (ConfUtils.java:logGet(43)) - raft.server.rpc.request.timeout = 3000ms (default)
2019-10-15 14:14:43,199 [2ac0d02e-9e70-4102-8ecc-87abf8a9c7ab@group-488DD1D6D11B-LeaderElection7] INFO  server.RaftServerConfigKeys (ConfUtils.java:logGet(43)) - raft.server.log.appender.install.snapshot.enabled = false (custom)
2019-10-15 14:14:43,202 [2ac0d02e-9e70-4102-8ecc-87abf8a9c7ab@group-488DD1D6D11B-LeaderElection7] INFO  impl.RoleInfo (RoleInfo.java:updateAndGet(143)) - 2ac0d02e-9e70-4102-8ecc-87abf8a9c7ab: start LeaderState
2019-10-15 14:14:43,202 [2ac0d02e-9e70-4102-8ecc-87abf8a9c7ab@group-488DD1D6D11B-LeaderElection7] INFO  segmented.SegmentedRaftLogWorker (SegmentedRaftLogWorker.java:startLogSegment(385)) - 2ac0d02e-9e70-4102-8ecc-87abf8a9c7ab@group-488DD1D6D11B-SegmentedRaftLogWorker: Starting segment from index:0
2019-10-15 14:14:43,204 [2ac0d02e-9e70-4102-8ecc-87abf8a9c7ab@group-488DD1D6D11B-LeaderElection7] INFO  impl.RaftServerImpl (ServerState.java:setRaftConf(357)) - 2ac0d02e-9e70-4102-8ecc-87abf8a9c7ab@group-488DD1D6D11B: set configuration 0: [2ac0d02e-9e70-4102-8ecc-87abf8a9c7ab:192.168.164.232:40013, 4e1c66a4-792a-4350-b244-4dedea3f57a8:192.168.164.232:41177, 350dd957-6baf-44a5-98e5-a3496d7a986b:192.168.164.232:34256], old=null at 0
2019-10-15 14:14:43,250 [grpc-default-executor-0] INFO  impl.RaftServerImpl (ServerState.java:setLeader(256)) - 4e1c66a4-792a-4350-b244-4dedea3f57a8@group-488DD1D6D11B: change Leader from null to 2ac0d02e-9e70-4102-8ecc-87abf8a9c7ab at term 3 for appendEntries, leader elected after 161ms
2019-10-15 14:14:43,250 [grpc-default-executor-1] INFO  impl.RaftServerImpl (ServerState.java:setLeader(256)) - 350dd957-6baf-44a5-98e5-a3496d7a986b@group-488DD1D6D11B: change Leader from null to 2ac0d02e-9e70-4102-8ecc-87abf8a9c7ab at term 3 for appendEntries, leader elected after 395ms
2019-10-15 14:14:43,276 [grpc-default-executor-1] INFO  impl.RaftServerImpl (ServerState.java:setRaftConf(357)) - 350dd957-6baf-44a5-98e5-a3496d7a986b@group-488DD1D6D11B: set configuration 0: [2ac0d02e-9e70-4102-8ecc-87abf8a9c7ab:192.168.164.232:40013, 4e1c66a4-792a-4350-b244-4dedea3f57a8:192.168.164.232:41177, 350dd957-6baf-44a5-98e5-a3496d7a986b:192.168.164.232:34256], old=null at 0
2019-10-15 14:14:43,276 [grpc-default-executor-0] INFO  impl.RaftServerImpl (ServerState.java:setRaftConf(357)) - 4e1c66a4-792a-4350-b244-4dedea3f57a8@group-488DD1D6D11B: set configuration 0: [2ac0d02e-9e70-4102-8ecc-87abf8a9c7ab:192.168.164.232:40013, 4e1c66a4-792a-4350-b244-4dedea3f57a8:192.168.164.232:41177, 350dd957-6baf-44a5-98e5-a3496d7a986b:192.168.164.232:34256], old=null at 0
2019-10-15 14:14:43,276 [grpc-default-executor-1] INFO  segmented.SegmentedRaftLogWorker (SegmentedRaftLogWorker.java:startLogSegment(385)) - 350dd957-6baf-44a5-98e5-a3496d7a986b@group-488DD1D6D11B-SegmentedRaftLogWorker: Starting segment from index:0
2019-10-15 14:14:43,281 [grpc-default-executor-0] INFO  segmented.SegmentedRaftLogWorker (SegmentedRaftLogWorker.java:truncate(401)) - 4e1c66a4-792a-4350-b244-4dedea3f57a8@group-488DD1D6D11B-SegmentedRaftLogWorker: Truncating segments toTruncate: null
  toDelete: [(0, 0) isOpen? true, length=0, newEndIndex=-1], start index 0
2019-10-15 14:14:43,282 [grpc-default-executor-0] INFO  segmented.SegmentedRaftLogWorker (SegmentedRaftLogWorker.java:startLogSegment(385)) - 4e1c66a4-792a-4350-b244-4dedea3f57a8@group-488DD1D6D11B-SegmentedRaftLogWorker: Starting segment from index:0
2019-10-15 14:14:43,284 [2ac0d02e-9e70-4102-8ecc-87abf8a9c7ab@group-488DD1D6D11B-SegmentedRaftLogWorker] INFO  segmented.SegmentedRaftLogWorker (SegmentedRaftLogWorker.java:execute(576)) - 2ac0d02e-9e70-4102-8ecc-87abf8a9c7ab@group-488DD1D6D11B-SegmentedRaftLogWorker: created new log segment /workdir/hadoop-ozone/integration-test/target/test-dir/MiniOzoneClusterImpl-29d02a71-48e9-4ad5-9cfb-48d574ca0fa8/datanode-2/data/ratis/af09b2c2-cc5c-4d70-8ada-488dd1d6d11b/current/log_inprogress_0
2019-10-15 14:14:43,284 [4e1c66a4-792a-4350-b244-4dedea3f57a8@group-488DD1D6D11B-SegmentedRaftLogWorker] INFO  segmented.SegmentedRaftLogWorker (SegmentedRaftLogWorker.java:execute(640)) - 4e1c66a4-792a-4350-b244-4dedea3f57a8@group-488DD1D6D11B-SegmentedRaftLogWorker: Deleted log file /workdir/hadoop-ozone/integration-test/target/test-dir/MiniOzoneClusterImpl-29d02a71-48e9-4ad5-9cfb-48d574ca0fa8/datanode-1/data/ratis/af09b2c2-cc5c-4d70-8ada-488dd1d6d11b/current/log_inprogress_0
2019-10-15 14:14:43,285 [4e1c66a4-792a-4350-b244-4dedea3f57a8@group-488DD1D6D11B-SegmentedRaftLogWorker] INFO  segmented.SegmentedRaftLogWorker (SegmentedRaftLogWorker.java:lambda$new$0(128)) - 4e1c66a4-792a-4350-b244-4dedea3f57a8@group-488DD1D6D11B-SegmentedRaftLogWorker: flushIndex: setUnconditionally 0 -> -1
2019-10-15 14:14:43,354 [4e1c66a4-792a-4350-b244-4dedea3f57a8@group-488DD1D6D11B-SegmentedRaftLogWorker] INFO  segmented.SegmentedRaftLogWorker (SegmentedRaftLogWorker.java:execute(576)) - 4e1c66a4-792a-4350-b244-4dedea3f57a8@group-488DD1D6D11B-SegmentedRaftLogWorker: created new log segment /workdir/hadoop-ozone/integration-test/target/test-dir/MiniOzoneClusterImpl-29d02a71-48e9-4ad5-9cfb-48d574ca0fa8/datanode-1/data/ratis/af09b2c2-cc5c-4d70-8ada-488dd1d6d11b/current/log_inprogress_0
2019-10-15 14:14:43,354 [350dd957-6baf-44a5-98e5-a3496d7a986b@group-488DD1D6D11B-SegmentedRaftLogWorker] INFO  segmented.SegmentedRaftLogWorker (SegmentedRaftLogWorker.java:execute(576)) - 350dd957-6baf-44a5-98e5-a3496d7a986b@group-488DD1D6D11B-SegmentedRaftLogWorker: created new log segment /workdir/hadoop-ozone/integration-test/target/test-dir/MiniOzoneClusterImpl-29d02a71-48e9-4ad5-9cfb-48d574ca0fa8/datanode-0/data/ratis/af09b2c2-cc5c-4d70-8ada-488dd1d6d11b/current/log_inprogress_0
2019-10-15 14:14:43,882 [main] INFO  rpc.RpcClient (RpcClient.java:createVolume(272)) - Creating Volume: testcontainerstatemachinefailures, with jenkins1000 as owner.
2019-10-15 14:14:43,967 [IPC Server handler 18 on 34114] INFO  volume.OMVolumeCreateRequest (OMVolumeCreateRequest.java:validateAndUpdateCache(193)) - created volume:testcontainerstatemachinefailures for user:jenkins1000
2019-10-15 14:14:43,998 [main] INFO  rpc.RpcClient (RpcClient.java:createBucket(411)) - Creating Bucket: testcontainerstatemachinefailures/testcontainerstatemachinefailures, with Versioning false and Storage Type set to DISK and Encryption set to false 
2019-10-15 14:14:44,154 [main] INFO  impl.MetricsSystemImpl (MetricsSystemImpl.java:init(158)) - XceiverClientMetrics metrics system started (again)
2019-10-15 14:14:44,578 [Thread-181] INFO  container.ReplicationManager (ReplicationManager.java:start(162)) - Starting Replication Monitor Thread.
2019-10-15 14:14:44,580 [ReplicationMonitor] INFO  container.ReplicationManager (ReplicationManager.java:run(225)) - Replication Monitor Thread took 1 milliseconds for processing 1 containers.
2019-10-15 14:14:44,796 [Datanode State Machine Thread - 0] INFO  statemachine.DatanodeStateMachine (DatanodeStateMachine.java:lambda$startDaemon$0(350)) - Ozone container server started.
2019-10-15 14:14:49,757 [main] INFO  ozoneimpl.OzoneContainer (OzoneContainer.java:stop(227)) - Attempting to stop container services.
2019-10-15 14:14:49,758 [main] INFO  impl.RaftServerProxy (RaftServerProxy.java:lambda$close$4(314)) - 4e1c66a4-792a-4350-b244-4dedea3f57a8: close
2019-10-15 14:14:49,760 [main] INFO  impl.RaftServerImpl (RaftServerImpl.java:lambda$shutdown$3(261)) - 4e1c66a4-792a-4350-b244-4dedea3f57a8@group-488DD1D6D11B: shutdown
2019-10-15 14:14:49,760 [main] INFO  util.JmxRegister (JmxRegister.java:unregister(73)) - Successfully un-registered JMX Bean with object name Ratis:service=RaftServer,group=group-488DD1D6D11B,id=4e1c66a4-792a-4350-b244-4dedea3f57a8
2019-10-15 14:14:49,761 [main] INFO  impl.RoleInfo (RoleInfo.java:shutdownFollowerState(121)) - 4e1c66a4-792a-4350-b244-4dedea3f57a8: shutdown FollowerState
2019-10-15 14:14:49,761 [main] INFO  impl.StateMachineUpdater (StateMachineUpdater.java:stopAndJoin(136)) - 4e1c66a4-792a-4350-b244-4dedea3f57a8@group-488DD1D6D11B-StateMachineUpdater: set stopIndex = 4
2019-10-15 14:14:49,761 [4e1c66a4-792a-4350-b244-4dedea3f57a8@group-488DD1D6D11B-StateMachineUpdater] INFO  ratis.ContainerStateMachine (ContainerStateMachine.java:takeSnapshot(294)) - group-488DD1D6D11B: Taking a snapshot at:(t:3, i:3) file /workdir/hadoop-ozone/integration-test/target/test-dir/MiniOzoneClusterImpl-29d02a71-48e9-4ad5-9cfb-48d574ca0fa8/datanode-1/data/ratis/af09b2c2-cc5c-4d70-8ada-488dd1d6d11b/sm/snapshot.3_3
2019-10-15 14:14:49,761 [Thread-238] INFO  impl.FollowerState (FollowerState.java:run(117)) - 4e1c66a4-792a-4350-b244-4dedea3f57a8@group-488DD1D6D11B-FollowerState was interrupted: java.lang.InterruptedException: sleep interrupted
2019-10-15 14:14:49,882 [4e1c66a4-792a-4350-b244-4dedea3f57a8@group-488DD1D6D11B-StateMachineUpdater] INFO  ratis.ContainerStateMachine (ContainerStateMachine.java:takeSnapshot(305)) - group-488DD1D6D11B: Finished taking a snapshot at:(t:3, i:3) file:/workdir/hadoop-ozone/integration-test/target/test-dir/MiniOzoneClusterImpl-29d02a71-48e9-4ad5-9cfb-48d574ca0fa8/datanode-1/data/ratis/af09b2c2-cc5c-4d70-8ada-488dd1d6d11b/sm/snapshot.3_3 time:121
2019-10-15 14:14:49,883 [4e1c66a4-792a-4350-b244-4dedea3f57a8@group-488DD1D6D11B-StateMachineUpdater] INFO  impl.StateMachineUpdater (StateMachineUpdater.java:takeSnapshot(269)) - 4e1c66a4-792a-4350-b244-4dedea3f57a8@group-488DD1D6D11B-StateMachineUpdater: Took a snapshot at index 3
2019-10-15 14:14:49,885 [4e1c66a4-792a-4350-b244-4dedea3f57a8@group-488DD1D6D11B-StateMachineUpdater] INFO  impl.StateMachineUpdater (StateMachineUpdater.java:lambda$new$0(84)) - 4e1c66a4-792a-4350-b244-4dedea3f57a8@group-488DD1D6D11B-StateMachineUpdater: snapshotIndex: updateIncreasingly -1 -> 3
2019-10-15 14:14:49,889 [4e1c66a4-792a-4350-b244-4dedea3f57a8@group-488DD1D6D11B-StateMachineUpdater] INFO  ratis.ContainerStateMachine (ContainerStateMachine.java:takeSnapshot(294)) - group-488DD1D6D11B: Taking a snapshot at:(t:3, i:3) file /workdir/hadoop-ozone/integration-test/target/test-dir/MiniOzoneClusterImpl-29d02a71-48e9-4ad5-9cfb-48d574ca0fa8/datanode-1/data/ratis/af09b2c2-cc5c-4d70-8ada-488dd1d6d11b/sm/snapshot.3_3
2019-10-15 14:14:49,912 [4e1c66a4-792a-4350-b244-4dedea3f57a8@group-488DD1D6D11B-StateMachineUpdater] INFO  ratis.ContainerStateMachine (ContainerStateMachine.java:takeSnapshot(305)) - group-488DD1D6D11B: Finished taking a snapshot at:(t:3, i:3) file:/workdir/hadoop-ozone/integration-test/target/test-dir/MiniOzoneClusterImpl-29d02a71-48e9-4ad5-9cfb-48d574ca0fa8/datanode-1/data/ratis/af09b2c2-cc5c-4d70-8ada-488dd1d6d11b/sm/snapshot.3_3 time:23
2019-10-15 14:14:49,913 [4e1c66a4-792a-4350-b244-4dedea3f57a8@group-488DD1D6D11B-StateMachineUpdater] INFO  impl.StateMachineUpdater (StateMachineUpdater.java:takeSnapshot(269)) - 4e1c66a4-792a-4350-b244-4dedea3f57a8@group-488DD1D6D11B-StateMachineUpdater: Took a snapshot at index 3
2019-10-15 14:14:49,913 [4e1c66a4-792a-4350-b244-4dedea3f57a8@group-488DD1D6D11B-StateMachineUpdater] INFO  impl.StateMachineUpdater (StateMachineUpdater.java:lambda$new$0(84)) - 4e1c66a4-792a-4350-b244-4dedea3f57a8@group-488DD1D6D11B-StateMachineUpdater: snapshotIndex: updateIncreasingly 3 -> 3
2019-10-15 14:14:49,913 [main] INFO  impl.RaftServerImpl (ServerState.java:close(388)) - 4e1c66a4-792a-4350-b244-4dedea3f57a8@group-488DD1D6D11B: closes. applyIndex: 4
2019-10-15 14:14:49,915 [4e1c66a4-792a-4350-b244-4dedea3f57a8@group-488DD1D6D11B-SegmentedRaftLogWorker] INFO  segmented.SegmentedRaftLogWorker (SegmentedRaftLogWorker.java:run(316)) - 4e1c66a4-792a-4350-b244-4dedea3f57a8@group-488DD1D6D11B-SegmentedRaftLogWorker was interrupted, exiting. There are 0 tasks remaining in the queue.
2019-10-15 14:14:49,917 [main] INFO  segmented.SegmentedRaftLogWorker (SegmentedRaftLogWorker.java:close(224)) - 4e1c66a4-792a-4350-b244-4dedea3f57a8@group-488DD1D6D11B-SegmentedRaftLogWorker close()
2019-10-15 14:14:49,918 [main] INFO  impl.RaftServerImpl (RaftServerImpl.java:lambda$shutdown$3(261)) - 4e1c66a4-792a-4350-b244-4dedea3f57a8@group-765C4EA9BC12: shutdown
2019-10-15 14:14:49,919 [main] INFO  util.JmxRegister (JmxRegister.java:unregister(73)) - Successfully un-registered JMX Bean with object name Ratis:service=RaftServer,group=group-765C4EA9BC12,id=4e1c66a4-792a-4350-b244-4dedea3f57a8
2019-10-15 14:14:49,919 [main] INFO  impl.RoleInfo (RoleInfo.java:shutdownLeaderState(104)) - 4e1c66a4-792a-4350-b244-4dedea3f57a8: shutdown LeaderState
2019-10-15 14:14:49,919 [main] INFO  impl.PendingRequests (PendingRequests.java:sendNotLeaderResponses(202)) - 4e1c66a4-792a-4350-b244-4dedea3f57a8@group-765C4EA9BC12-PendingRequests: sendNotLeaderResponses
2019-10-15 14:14:49,920 [main] INFO  impl.StateMachineUpdater (StateMachineUpdater.java:stopAndJoin(136)) - 4e1c66a4-792a-4350-b244-4dedea3f57a8@group-765C4EA9BC12-StateMachineUpdater: set stopIndex = 0
2019-10-15 14:14:49,921 [main] INFO  impl.RaftServerImpl (ServerState.java:close(388)) - 4e1c66a4-792a-4350-b244-4dedea3f57a8@group-765C4EA9BC12: closes. applyIndex: 0
2019-10-15 14:14:49,921 [4e1c66a4-792a-4350-b244-4dedea3f57a8@group-765C4EA9BC12-SegmentedRaftLogWorker] INFO  segmented.SegmentedRaftLogWorker (SegmentedRaftLogWorker.java:run(316)) - 4e1c66a4-792a-4350-b244-4dedea3f57a8@group-765C4EA9BC12-SegmentedRaftLogWorker was interrupted, exiting. There are 0 tasks remaining in the queue.
2019-10-15 14:14:49,922 [main] INFO  segmented.SegmentedRaftLogWorker (SegmentedRaftLogWorker.java:close(224)) - 4e1c66a4-792a-4350-b244-4dedea3f57a8@group-765C4EA9BC12-SegmentedRaftLogWorker close()
2019-10-15 14:14:49,925 [main] INFO  server.GrpcService (GrpcService.java:closeImpl(164)) - 4e1c66a4-792a-4350-b244-4dedea3f57a8: shutdown server with port 41177 now
2019-10-15 14:14:49,931 [grpc-default-executor-1] WARN  server.GrpcServerProtocolService (LogUtils.java:warn(134)) - 4e1c66a4-792a-4350-b244-4dedea3f57a8: installSnapshot onError, lastRequest: 2ac0d02e-9e70-4102-8ecc-87abf8a9c7ab->4e1c66a4-792a-4350-b244-4dedea3f57a8#7-t3, previous=(t:3, i:4), leaderCommit=4, initializing? false, entries: <empty>: org.apache.ratis.thirdparty.io.grpc.StatusRuntimeException: CANCELLED: cancelled before receiving half close
2019-10-15 14:14:49,932 [main] INFO  server.GrpcService (GrpcService.java:closeImpl(172)) - 4e1c66a4-792a-4350-b244-4dedea3f57a8: shutdown server with port 41177 successfully
2019-10-15 14:14:49,935 [refreshUsed-/workdir/hadoop-ozone/integration-test/target/test-dir/MiniOzoneClusterImpl-29d02a71-48e9-4ad5-9cfb-48d574ca0fa8/datanode-1/data/containers] WARN  fs.CachingGetSpaceUsed (CachingGetSpaceUsed.java:run(183)) - Thread Interrupted waiting to refresh disk information: sleep interrupted
2019-10-15 14:14:49,935 [grpc-default-executor-0] WARN  server.GrpcLogAppender (LogUtils.java:warn(134)) - 2ac0d02e-9e70-4102-8ecc-87abf8a9c7ab@group-488DD1D6D11B->4e1c66a4-792a-4350-b244-4dedea3f57a8-AppendLogResponseHandler: Failed appendEntries: org.apache.ratis.thirdparty.io.grpc.StatusRuntimeException: CANCELLED: HTTP/2 error code: CANCEL
Received Rst Stream
2019-10-15 14:14:49,955 [main] INFO  utils.BackgroundService (BackgroundService.java:shutdown(151)) - Shutting down service BlockDeletingService
2019-10-15 14:14:49,958 [main] INFO  statemachine.DatanodeStateMachine (DatanodeStateMachine.java:stopDaemon(395)) - Ozone container server stopped.
2019-10-15 14:14:49,962 [main] INFO  handler.ContextHandler (ContextHandler.java:doStop(910)) - Stopped o.e.j.w.WebAppContext@660f0c{/,null,UNAVAILABLE}{/hddsDatanode}
2019-10-15 14:14:49,967 [main] INFO  server.AbstractConnector (AbstractConnector.java:doStop(318)) - Stopped ServerConnector@7a0ef219{HTTP/1.1,[http/1.1]}{0.0.0.0:0}
2019-10-15 14:14:49,968 [main] INFO  handler.ContextHandler (ContextHandler.java:doStop(910)) - Stopped o.e.j.s.ServletContextHandler@5b3a7ef5{/static,jar:file:/home/user/.m2/repository/org/apache/hadoop/hadoop-hdds-container-service/0.5.0-SNAPSHOT/hadoop-hdds-container-service-0.5.0-SNAPSHOT.jar!/webapps/static,UNAVAILABLE}
2019-10-15 14:14:49,968 [main] INFO  handler.ContextHandler (ContextHandler.java:doStop(910)) - Stopped o.e.j.s.ServletContextHandler@1907874b{/logs,file:///workdir/hadoop-ozone/integration-test/target/log,UNAVAILABLE}
2019-10-15 14:14:52,975 [java.util.concurrent.ThreadPoolExecutor$Worker@2009095b[State = -1, empty queue]] WARN  server.GrpcLogAppender (GrpcLogAppender.java:timeoutAppendRequest(209)) - 2ac0d02e-9e70-4102-8ecc-87abf8a9c7ab@group-488DD1D6D11B->4e1c66a4-792a-4350-b244-4dedea3f57a8-GrpcLogAppender: appendEntries Timeout, request=2ac0d02e-9e70-4102-8ecc-87abf8a9c7ab->4e1c66a4-792a-4350-b244-4dedea3f57a8#8-t3, previous=(t:3, i:4), leaderCommit=4, initializing? false, entries: size=1, first=(t:3, i:5), STATEMACHINELOGENTRY, client-E8AF2CDF2BB3, cid=8
2019-10-15 14:14:52,976 [java.util.concurrent.ThreadPoolExecutor$Worker@2009095b[State = -1, empty queue]] WARN  server.GrpcLogAppender (GrpcLogAppender.java:timeoutAppendRequest(209)) - 2ac0d02e-9e70-4102-8ecc-87abf8a9c7ab@group-488DD1D6D11B->4e1c66a4-792a-4350-b244-4dedea3f57a8-GrpcLogAppender: appendEntries Timeout, request=2ac0d02e-9e70-4102-8ecc-87abf8a9c7ab->4e1c66a4-792a-4350-b244-4dedea3f57a8#9-t3, previous=(t:3, i:5), leaderCommit=4, initializing? false, entries: size=1, first=(t:3, i:6), STATEMACHINELOGENTRY, client-E8AF2CDF2BB3, cid=9
2019-10-15 14:14:52,989 [java.util.concurrent.ThreadPoolExecutor$Worker@2009095b[State = -1, empty queue]] WARN  server.GrpcLogAppender (GrpcLogAppender.java:timeoutAppendRequest(209)) - 2ac0d02e-9e70-4102-8ecc-87abf8a9c7ab@group-488DD1D6D11B->4e1c66a4-792a-4350-b244-4dedea3f57a8-GrpcLogAppender: appendEntries Timeout, request=2ac0d02e-9e70-4102-8ecc-87abf8a9c7ab->4e1c66a4-792a-4350-b244-4dedea3f57a8#10-t3, previous=(t:3, i:6), leaderCommit=6, initializing? false, entries: size=1, first=(t:3, i:7), METADATAENTRY(c5)
2019-10-15 14:14:52,990 [java.util.concurrent.ThreadPoolExecutor$Worker@2009095b[State = -1, empty queue]] WARN  server.GrpcLogAppender (GrpcLogAppender.java:timeoutAppendRequest(209)) - 2ac0d02e-9e70-4102-8ecc-87abf8a9c7ab@group-488DD1D6D11B->4e1c66a4-792a-4350-b244-4dedea3f57a8-GrpcLogAppender: appendEntries Timeout, request=2ac0d02e-9e70-4102-8ecc-87abf8a9c7ab->4e1c66a4-792a-4350-b244-4dedea3f57a8#11-t3, previous=(t:3, i:7), leaderCommit=6, initializing? false, entries: size=1, first=(t:3, i:8), METADATAENTRY(c6)
2019-10-15 14:14:55,491 [java.util.concurrent.ThreadPoolExecutor$Worker@2009095b[State = -1, empty queue]] WARN  server.GrpcLogAppender (GrpcLogAppender.java:timeoutAppendRequest(209)) - 2ac0d02e-9e70-4102-8ecc-87abf8a9c7ab@group-488DD1D6D11B->4e1c66a4-792a-4350-b244-4dedea3f57a8-GrpcLogAppender: appendEntries Timeout, request=2ac0d02e-9e70-4102-8ecc-87abf8a9c7ab->4e1c66a4-792a-4350-b244-4dedea3f57a8#12-t3, previous=(t:3, i:8), leaderCommit=8, initializing? false, entries: <empty>
2019-10-15 14:14:57,992 [java.util.concurrent.ThreadPoolExecutor$Worker@2009095b[State = -1, empty queue]] WARN  server.GrpcLogAppender (GrpcLogAppender.java:timeoutAppendRequest(209)) - 2ac0d02e-9e70-4102-8ecc-87abf8a9c7ab@group-488DD1D6D11B->4e1c66a4-792a-4350-b244-4dedea3f57a8-GrpcLogAppender: appendEntries Timeout, request=2ac0d02e-9e70-4102-8ecc-87abf8a9c7ab->4e1c66a4-792a-4350-b244-4dedea3f57a8#13-t3, previous=(t:3, i:8), leaderCommit=8, initializing? false, entries: <empty>
2019-10-15 14:15:00,042 [Thread-301] INFO  client.GrpcClientProtocolService (GrpcClientProtocolService.java:lambda$processClientRequest$0(278)) - Failed RaftClientRequest:client-E8AF2CDF2BB3->350dd957-6baf-44a5-98e5-a3496d7a986b@group-488DD1D6D11B, cid=10, seq=0, Watch-ALL_COMMITTED(6), Message:<EMPTY>, reply=RaftClientReply:client-E8AF2CDF2BB3->350dd957-6baf-44a5-98e5-a3496d7a986b@group-488DD1D6D11B, cid=10, FAILED org.apache.ratis.protocol.NotLeaderException: Server 350dd957-6baf-44a5-98e5-a3496d7a986b@group-488DD1D6D11B is not the leader 2ac0d02e-9e70-4102-8ecc-87abf8a9c7ab:192.168.164.232:40013, logIndex=0, commits[350dd957-6baf-44a5-98e5-a3496d7a986b:c8, 2ac0d02e-9e70-4102-8ecc-87abf8a9c7ab:c8, 4e1c66a4-792a-4350-b244-4dedea3f57a8:c4]
2019-10-15 14:15:00,493 [java.util.concurrent.ThreadPoolExecutor$Worker@2009095b[State = -1, empty queue]] WARN  server.GrpcLogAppender (GrpcLogAppender.java:timeoutAppendRequest(209)) - 2ac0d02e-9e70-4102-8ecc-87abf8a9c7ab@group-488DD1D6D11B->4e1c66a4-792a-4350-b244-4dedea3f57a8-GrpcLogAppender: appendEntries Timeout, request=2ac0d02e-9e70-4102-8ecc-87abf8a9c7ab->4e1c66a4-792a-4350-b244-4dedea3f57a8#14-t3, previous=(t:3, i:8), leaderCommit=8, initializing? false, entries: <empty>
2019-10-15 14:15:00,686 [Thread-304] INFO  client.GrpcClientProtocolService (GrpcClientProtocolService.java:lambda$processClientRequest$0(278)) - Failed RaftClientRequest:client-E8AF2CDF2BB3->2ac0d02e-9e70-4102-8ecc-87abf8a9c7ab@group-488DD1D6D11B, cid=10, seq=0, Watch-ALL_COMMITTED(6), Message:<EMPTY>, reply=RaftClientReply:client-E8AF2CDF2BB3->2ac0d02e-9e70-4102-8ecc-87abf8a9c7ab@group-488DD1D6D11B, cid=10, FAILED org.apache.ratis.protocol.NotReplicatedException: Request with call Id 10 and log index 6 is not yet replicated to ALL_COMMITTED, logIndex=6, commits[2ac0d02e-9e70-4102-8ecc-87abf8a9c7ab:c8, 4e1c66a4-792a-4350-b244-4dedea3f57a8:c4, 350dd957-6baf-44a5-98e5-a3496d7a986b:c8]
2019-10-15 14:15:02,994 [java.util.concurrent.ThreadPoolExecutor$Worker@2009095b[State = -1, empty queue]] WARN  server.GrpcLogAppender (GrpcLogAppender.java:timeoutAppendRequest(209)) - 2ac0d02e-9e70-4102-8ecc-87abf8a9c7ab@group-488DD1D6D11B->4e1c66a4-792a-4350-b244-4dedea3f57a8-GrpcLogAppender: appendEntries Timeout, request=2ac0d02e-9e70-4102-8ecc-87abf8a9c7ab->4e1c66a4-792a-4350-b244-4dedea3f57a8#15-t3, previous=(t:3, i:8), leaderCommit=8, initializing? false, entries: <empty>
2019-10-15 14:15:05,495 [java.util.concurrent.ThreadPoolExecutor$Worker@2009095b[State = -1, empty queue]] WARN  server.GrpcLogAppender (GrpcLogAppender.java:timeoutAppendRequest(209)) - 2ac0d02e-9e70-4102-8ecc-87abf8a9c7ab@group-488DD1D6D11B->4e1c66a4-792a-4350-b244-4dedea3f57a8-GrpcLogAppender: appendEntries Timeout, request=2ac0d02e-9e70-4102-8ecc-87abf8a9c7ab->4e1c66a4-792a-4350-b244-4dedea3f57a8#16-t3, previous=(t:3, i:8), leaderCommit=8, initializing? false, entries: <empty>
2019-10-15 14:15:08,001 [java.util.concurrent.ThreadPoolExecutor$Worker@2009095b[State = -1, empty queue]] WARN  server.GrpcLogAppender (GrpcLogAppender.java:timeoutAppendRequest(209)) - 2ac0d02e-9e70-4102-8ecc-87abf8a9c7ab@group-488DD1D6D11B->4e1c66a4-792a-4350-b244-4dedea3f57a8-GrpcLogAppender: appendEntries Timeout, request=2ac0d02e-9e70-4102-8ecc-87abf8a9c7ab->4e1c66a4-792a-4350-b244-4dedea3f57a8#17-t3, previous=(t:3, i:8), leaderCommit=8, initializing? false, entries: <empty>
2019-10-15 14:15:09,078 [Thread-310] INFO  client.GrpcClientProtocolService (GrpcClientProtocolService.java:lambda$processClientRequest$0(278)) - Failed RaftClientRequest:client-E8AF2CDF2BB3->350dd957-6baf-44a5-98e5-a3496d7a986b@group-488DD1D6D11B, cid=10, seq=0, Watch-ALL_COMMITTED(6), Message:<EMPTY>, reply=RaftClientReply:client-E8AF2CDF2BB3->350dd957-6baf-44a5-98e5-a3496d7a986b@group-488DD1D6D11B, cid=10, FAILED org.apache.ratis.protocol.NotLeaderException: Server 350dd957-6baf-44a5-98e5-a3496d7a986b@group-488DD1D6D11B is not the leader 2ac0d02e-9e70-4102-8ecc-87abf8a9c7ab:192.168.164.232:40013, logIndex=0, commits[350dd957-6baf-44a5-98e5-a3496d7a986b:c8, 2ac0d02e-9e70-4102-8ecc-87abf8a9c7ab:c8, 4e1c66a4-792a-4350-b244-4dedea3f57a8:c4]
2019-10-15 14:15:10,502 [java.util.concurrent.ThreadPoolExecutor$Worker@2009095b[State = -1, empty queue]] WARN  server.GrpcLogAppender (GrpcLogAppender.java:timeoutAppendRequest(209)) - 2ac0d02e-9e70-4102-8ecc-87abf8a9c7ab@group-488DD1D6D11B->4e1c66a4-792a-4350-b244-4dedea3f57a8-GrpcLogAppender: appendEntries Timeout, request=2ac0d02e-9e70-4102-8ecc-87abf8a9c7ab->4e1c66a4-792a-4350-b244-4dedea3f57a8#18-t3, previous=(t:3, i:8), leaderCommit=8, initializing? false, entries: <empty>
2019-10-15 14:15:10,683 [Thread-314] INFO  client.GrpcClientProtocolService (GrpcClientProtocolService.java:lambda$processClientRequest$0(278)) - Failed RaftClientRequest:client-E8AF2CDF2BB3->2ac0d02e-9e70-4102-8ecc-87abf8a9c7ab@group-488DD1D6D11B, cid=10, seq=0, Watch-ALL_COMMITTED(6), Message:<EMPTY>, reply=RaftClientReply:client-E8AF2CDF2BB3->2ac0d02e-9e70-4102-8ecc-87abf8a9c7ab@group-488DD1D6D11B, cid=10, FAILED org.apache.ratis.protocol.NotReplicatedException: Request with call Id 10 and log index 6 is not yet replicated to ALL_COMMITTED, logIndex=6, commits[2ac0d02e-9e70-4102-8ecc-87abf8a9c7ab:c8, 4e1c66a4-792a-4350-b244-4dedea3f57a8:c4, 350dd957-6baf-44a5-98e5-a3496d7a986b:c8]
2019-10-15 14:15:13,003 [java.util.concurrent.ThreadPoolExecutor$Worker@2009095b[State = -1, empty queue]] WARN  server.GrpcLogAppender (GrpcLogAppender.java:timeoutAppendRequest(209)) - 2ac0d02e-9e70-4102-8ecc-87abf8a9c7ab@group-488DD1D6D11B->4e1c66a4-792a-4350-b244-4dedea3f57a8-GrpcLogAppender: appendEntries Timeout, request=2ac0d02e-9e70-4102-8ecc-87abf8a9c7ab->4e1c66a4-792a-4350-b244-4dedea3f57a8#19-t3, previous=(t:3, i:8), leaderCommit=8, initializing? false, entries: <empty>
2019-10-15 14:15:15,503 [java.util.concurrent.ThreadPoolExecutor$Worker@2009095b[State = -1, empty queue]] WARN  server.GrpcLogAppender (GrpcLogAppender.java:timeoutAppendRequest(209)) - 2ac0d02e-9e70-4102-8ecc-87abf8a9c7ab@group-488DD1D6D11B->4e1c66a4-792a-4350-b244-4dedea3f57a8-GrpcLogAppender: appendEntries Timeout, request=2ac0d02e-9e70-4102-8ecc-87abf8a9c7ab->4e1c66a4-792a-4350-b244-4dedea3f57a8#20-t3, previous=(t:3, i:8), leaderCommit=8, initializing? false, entries: <empty>
2019-10-15 14:15:18,007 [java.util.concurrent.ThreadPoolExecutor$Worker@2009095b[State = -1, empty queue]] WARN  server.GrpcLogAppender (GrpcLogAppender.java:timeoutAppendRequest(209)) - 2ac0d02e-9e70-4102-8ecc-87abf8a9c7ab@group-488DD1D6D11B->4e1c66a4-792a-4350-b244-4dedea3f57a8-GrpcLogAppender: appendEntries Timeout, request=2ac0d02e-9e70-4102-8ecc-87abf8a9c7ab->4e1c66a4-792a-4350-b244-4dedea3f57a8#21-t3, previous=(t:3, i:8), leaderCommit=8, initializing? false, entries: <empty>
2019-10-15 14:15:18,121 [Thread-320] INFO  client.GrpcClientProtocolService (GrpcClientProtocolService.java:lambda$processClientRequest$0(278)) - Failed RaftClientRequest:client-E8AF2CDF2BB3->350dd957-6baf-44a5-98e5-a3496d7a986b@group-488DD1D6D11B, cid=10, seq=0, Watch-ALL_COMMITTED(6), Message:<EMPTY>, reply=RaftClientReply:client-E8AF2CDF2BB3->350dd957-6baf-44a5-98e5-a3496d7a986b@group-488DD1D6D11B, cid=10, FAILED org.apache.ratis.protocol.NotLeaderException: Server 350dd957-6baf-44a5-98e5-a3496d7a986b@group-488DD1D6D11B is not the leader 2ac0d02e-9e70-4102-8ecc-87abf8a9c7ab:192.168.164.232:40013, logIndex=0, commits[350dd957-6baf-44a5-98e5-a3496d7a986b:c8, 2ac0d02e-9e70-4102-8ecc-87abf8a9c7ab:c8, 4e1c66a4-792a-4350-b244-4dedea3f57a8:c4]
2019-10-15 14:15:19,684 [Thread-323] INFO  client.GrpcClientProtocolService (GrpcClientProtocolService.java:lambda$processClientRequest$0(278)) - Failed RaftClientRequest:client-E8AF2CDF2BB3->2ac0d02e-9e70-4102-8ecc-87abf8a9c7ab@group-488DD1D6D11B, cid=10, seq=0, Watch-ALL_COMMITTED(6), Message:<EMPTY>, reply=RaftClientReply:client-E8AF2CDF2BB3->2ac0d02e-9e70-4102-8ecc-87abf8a9c7ab@group-488DD1D6D11B, cid=10, FAILED org.apache.ratis.protocol.NotReplicatedException: Request with call Id 10 and log index 6 is not yet replicated to ALL_COMMITTED, logIndex=6, commits[2ac0d02e-9e70-4102-8ecc-87abf8a9c7ab:c8, 4e1c66a4-792a-4350-b244-4dedea3f57a8:c4, 350dd957-6baf-44a5-98e5-a3496d7a986b:c8]
2019-10-15 14:15:20,011 [main] WARN  scm.XceiverClientRatis (XceiverClientRatis.java:watchForCommit(277)) - 3 way commit failed on pipeline Pipeline[ Id: af09b2c2-cc5c-4d70-8ada-488dd1d6d11b, Nodes: 2ac0d02e-9e70-4102-8ecc-87abf8a9c7ab{ip: 192.168.164.232, host: dev-nightly-20191015-67qjk-1482321572, networkLocation: /default-rack, certSerialId: null}4e1c66a4-792a-4350-b244-4dedea3f57a8{ip: 192.168.164.232, host: dev-nightly-20191015-67qjk-1482321572, networkLocation: /default-rack, certSerialId: null}350dd957-6baf-44a5-98e5-a3496d7a986b{ip: 192.168.164.232, host: dev-nightly-20191015-67qjk-1482321572, networkLocation: /default-rack, certSerialId: null}, Type:RATIS, Factor:THREE, State:OPEN]
java.util.concurrent.TimeoutException
	at java.util.concurrent.CompletableFuture.timedGet(CompletableFuture.java:1771)
	at java.util.concurrent.CompletableFuture.get(CompletableFuture.java:1915)
	at org.apache.hadoop.hdds.scm.XceiverClientRatis.watchForCommit(XceiverClientRatis.java:274)
	at org.apache.hadoop.hdds.scm.storage.CommitWatcher.watchForCommit(CommitWatcher.java:198)
	at org.apache.hadoop.hdds.scm.storage.CommitWatcher.watchOnLastIndex(CommitWatcher.java:161)
	at org.apache.hadoop.hdds.scm.storage.BlockOutputStream.watchForCommit(BlockOutputStream.java:346)
	at org.apache.hadoop.hdds.scm.storage.BlockOutputStream.handleFlush(BlockOutputStream.java:482)
	at org.apache.hadoop.hdds.scm.storage.BlockOutputStream.close(BlockOutputStream.java:496)
	at org.apache.hadoop.ozone.client.io.BlockOutputStreamEntry.close(BlockOutputStreamEntry.java:143)
	at org.apache.hadoop.ozone.client.io.KeyOutputStream.handleFlushOrClose(KeyOutputStream.java:435)
	at org.apache.hadoop.ozone.client.io.KeyOutputStream.close(KeyOutputStream.java:473)
	at org.apache.hadoop.ozone.client.io.OzoneOutputStream.close(OzoneOutputStream.java:60)
	at org.apache.hadoop.ozone.client.rpc.TestDeleteWithSlowFollower.testDeleteKeyWithSlowFollower(TestDeleteWithSlowFollower.java:193)
	at sun.reflect.NativeMethodAccessorImpl.invoke0(Native Method)
	at sun.reflect.NativeMethodAccessorImpl.invoke(NativeMethodAccessorImpl.java:62)
	at sun.reflect.DelegatingMethodAccessorImpl.invoke(DelegatingMethodAccessorImpl.java:43)
	at java.lang.reflect.Method.invoke(Method.java:498)
	at org.junit.runners.model.FrameworkMethod$1.runReflectiveCall(FrameworkMethod.java:47)
	at org.junit.internal.runners.model.ReflectiveCallable.run(ReflectiveCallable.java:12)
	at org.junit.runners.model.FrameworkMethod.invokeExplosively(FrameworkMethod.java:44)
	at org.junit.internal.runners.statements.InvokeMethod.evaluate(InvokeMethod.java:17)
	at org.junit.runners.ParentRunner.runLeaf(ParentRunner.java:271)
	at org.junit.runners.BlockJUnit4ClassRunner.runChild(BlockJUnit4ClassRunner.java:70)
	at org.junit.runners.BlockJUnit4ClassRunner.runChild(BlockJUnit4ClassRunner.java:50)
	at org.junit.runners.ParentRunner$3.run(ParentRunner.java:238)
	at org.junit.runners.ParentRunner$1.schedule(ParentRunner.java:63)
	at org.junit.runners.ParentRunner.runChildren(ParentRunner.java:236)
	at org.junit.runners.ParentRunner.access$000(ParentRunner.java:53)
	at org.junit.runners.ParentRunner$2.evaluate(ParentRunner.java:229)
	at org.junit.internal.runners.statements.RunBefores.evaluate(RunBefores.java:26)
	at org.junit.internal.runners.statements.RunAfters.evaluate(RunAfters.java:27)
	at org.junit.runners.ParentRunner.run(ParentRunner.java:309)
	at org.apache.maven.surefire.junit4.JUnit4Provider.execute(JUnit4Provider.java:365)
	at org.apache.maven.surefire.junit4.JUnit4Provider.executeWithRerun(JUnit4Provider.java:273)
	at org.apache.maven.surefire.junit4.JUnit4Provider.executeTestSet(JUnit4Provider.java:238)
	at org.apache.maven.surefire.junit4.JUnit4Provider.invoke(JUnit4Provider.java:159)
	at org.apache.maven.surefire.booter.ForkedBooter.invokeProviderInSameClassLoader(ForkedBooter.java:384)
	at org.apache.maven.surefire.booter.ForkedBooter.runSuitesInProcess(ForkedBooter.java:345)
	at org.apache.maven.surefire.booter.ForkedBooter.execute(ForkedBooter.java:126)
	at org.apache.maven.surefire.booter.ForkedBooter.main(ForkedBooter.java:418)
2019-10-15 14:15:20,032 [main] INFO  scm.XceiverClientRatis (XceiverClientRatis.java:lambda$watchForCommit$5(295)) - Could not commit index 6 on pipeline Pipeline[ Id: af09b2c2-cc5c-4d70-8ada-488dd1d6d11b, Nodes: 2ac0d02e-9e70-4102-8ecc-87abf8a9c7ab{ip: 192.168.164.232, host: dev-nightly-20191015-67qjk-1482321572, networkLocation: /default-rack, certSerialId: null}4e1c66a4-792a-4350-b244-4dedea3f57a8{ip: 192.168.164.232, host: dev-nightly-20191015-67qjk-1482321572, networkLocation: /default-rack, certSerialId: null}350dd957-6baf-44a5-98e5-a3496d7a986b{ip: 192.168.164.232, host: dev-nightly-20191015-67qjk-1482321572, networkLocation: /default-rack, certSerialId: null}, Type:RATIS, Factor:THREE, State:OPEN] to all the nodes. Server 4e1c66a4-792a-4350-b244-4dedea3f57a8 has failed. Committed by majority.
2019-10-15 14:15:20,032 [main] WARN  storage.BlockOutputStream (BlockOutputStream.java:watchForCommit(352)) - Failed to commit BlockId conID: 1 locID: 102966813266083840 bcsId: 6 on Pipeline[ Id: af09b2c2-cc5c-4d70-8ada-488dd1d6d11b, Nodes: 2ac0d02e-9e70-4102-8ecc-87abf8a9c7ab{ip: 192.168.164.232, host: dev-nightly-20191015-67qjk-1482321572, networkLocation: /default-rack, certSerialId: null}4e1c66a4-792a-4350-b244-4dedea3f57a8{ip: 192.168.164.232, host: dev-nightly-20191015-67qjk-1482321572, networkLocation: /default-rack, certSerialId: null}350dd957-6baf-44a5-98e5-a3496d7a986b{ip: 192.168.164.232, host: dev-nightly-20191015-67qjk-1482321572, networkLocation: /default-rack, certSerialId: null}, Type:RATIS, Factor:THREE, State:OPEN]. Failed nodes: [4e1c66a4-792a-4350-b244-4dedea3f57a8{ip: null, host: null, networkLocation: /default-rack, certSerialId: null}]
2019-10-15 14:15:20,136 [EventQueue-IncrementalContainerReportForIncrementalContainerReportHandler] WARN  container.IncrementalContainerReportHandler (AbstractContainerReportHandler.java:updateContainerState(145)) - Container #1 is in OPEN state, but the datanode 2ac0d02e-9e70-4102-8ecc-87abf8a9c7ab{ip: 192.168.164.232, host: dev-nightly-20191015-67qjk-1482321572, networkLocation: /default-rack, certSerialId: null} reports an CLOSING replica.
2019-10-15 14:15:20,152 [EventQueue-IncrementalContainerReportForIncrementalContainerReportHandler] WARN  container.IncrementalContainerReportHandler (AbstractContainerReportHandler.java:updateContainerState(145)) - Container #1 is in OPEN state, but the datanode 350dd957-6baf-44a5-98e5-a3496d7a986b{ip: 192.168.164.232, host: dev-nightly-20191015-67qjk-1482321572, networkLocation: /default-rack, certSerialId: null} reports an CLOSING replica.
2019-10-15 14:15:20,160 [RatisApplyTransactionExecutor 1] INFO  interfaces.Container (KeyValueContainer.java:flushAndSyncDB(386)) - Container 1 is synced with bcsId 6.
2019-10-15 14:15:20,161 [RatisApplyTransactionExecutor 1] INFO  interfaces.Container (KeyValueContainer.java:flushAndSyncDB(386)) - Container 1 is synced with bcsId 6.
2019-10-15 14:15:20,176 [RatisApplyTransactionExecutor 1] INFO  interfaces.Container (KeyValueContainer.java:flushAndSyncDB(386)) - Container 1 is synced with bcsId 6.
2019-10-15 14:15:20,178 [RatisApplyTransactionExecutor 1] INFO  interfaces.Container (KeyValueContainer.java:flushAndSyncDB(386)) - Container 1 is synced with bcsId 6.
2019-10-15 14:15:20,194 [RatisApplyTransactionExecutor 1] INFO  interfaces.Container (KeyValueContainer.java:close(335)) - Container 1 is closed with bcsId 6.
2019-10-15 14:15:20,194 [RatisApplyTransactionExecutor 1] INFO  interfaces.Container (KeyValueContainer.java:close(335)) - Container 1 is closed with bcsId 6.
2019-10-15 14:15:20,197 [EventQueue-IncrementalContainerReportForIncrementalContainerReportHandler] WARN  container.IncrementalContainerReportHandler (AbstractContainerReportHandler.java:updateContainerState(145)) - Container #1 is in OPEN state, but the datanode 350dd957-6baf-44a5-98e5-a3496d7a986b{ip: 192.168.164.232, host: dev-nightly-20191015-67qjk-1482321572, networkLocation: /default-rack, certSerialId: null} reports an CLOSED replica.
2019-10-15 14:15:20,197 [EventQueue-IncrementalContainerReportForIncrementalContainerReportHandler] WARN  container.IncrementalContainerReportHandler (AbstractContainerReportHandler.java:updateContainerState(145)) - Container #1 is in OPEN state, but the datanode 2ac0d02e-9e70-4102-8ecc-87abf8a9c7ab{ip: 192.168.164.232, host: dev-nightly-20191015-67qjk-1482321572, networkLocation: /default-rack, certSerialId: null} reports an CLOSED replica.
2019-10-15 14:15:20,395 [EventQueue-ContainerReportForContainerReportHandler] WARN  container.ContainerReportHandler (AbstractContainerReportHandler.java:updateContainerState(145)) - Container #1 is in OPEN state, but the datanode 2ac0d02e-9e70-4102-8ecc-87abf8a9c7ab{ip: 192.168.164.232, host: dev-nightly-20191015-67qjk-1482321572, networkLocation: /default-rack, certSerialId: null} reports an CLOSED replica.
2019-10-15 14:15:20,395 [EventQueue-ContainerReportForContainerReportHandler] WARN  container.ContainerReportHandler (AbstractContainerReportHandler.java:updateContainerState(145)) - Container #1 is in OPEN state, but the datanode 350dd957-6baf-44a5-98e5-a3496d7a986b{ip: 192.168.164.232, host: dev-nightly-20191015-67qjk-1482321572, networkLocation: /default-rack, certSerialId: null} reports an CLOSED replica.
2019-10-15 14:15:20,511 [java.util.concurrent.ThreadPoolExecutor$Worker@2009095b[State = -1, empty queue]] WARN  server.GrpcLogAppender (GrpcLogAppender.java:timeoutAppendRequest(209)) - 2ac0d02e-9e70-4102-8ecc-87abf8a9c7ab@group-488DD1D6D11B->4e1c66a4-792a-4350-b244-4dedea3f57a8-GrpcLogAppender: appendEntries Timeout, request=2ac0d02e-9e70-4102-8ecc-87abf8a9c7ab->4e1c66a4-792a-4350-b244-4dedea3f57a8#22-t3, previous=(t:3, i:8), leaderCommit=8, initializing? false, entries: <empty>
2019-10-15 14:15:20,696 [EventQueue-ContainerReportForContainerReportHandler] WARN  container.ContainerReportHandler (AbstractContainerReportHandler.java:updateContainerState(145)) - Container #1 is in OPEN state, but the datanode 350dd957-6baf-44a5-98e5-a3496d7a986b{ip: 192.168.164.232, host: dev-nightly-20191015-67qjk-1482321572, networkLocation: /default-rack, certSerialId: null} reports an CLOSED replica.
2019-10-15 14:15:20,696 [EventQueue-ContainerReportForContainerReportHandler] WARN  container.ContainerReportHandler (AbstractContainerReportHandler.java:updateContainerState(145)) - Container #1 is in OPEN state, but the datanode 2ac0d02e-9e70-4102-8ecc-87abf8a9c7ab{ip: 192.168.164.232, host: dev-nightly-20191015-67qjk-1482321572, networkLocation: /default-rack, certSerialId: null} reports an CLOSED replica.
2019-10-15 14:15:20,810 [IPC Server handler 3 on 34346] INFO  server.SCMBlockProtocolServer (SCMBlockProtocolServer.java:deleteKeyBlocks(212)) - SCM is informed by OM to delete 1 blocks
2019-10-15 14:15:20,811 [IPC Server handler 3 on 34346] INFO  block.BlockManagerImpl (BlockManagerImpl.java:deleteBlocks(285)) - Deleting blocks conID: 1 locID: 102966813266083840 bcsId: 0
2019-10-15 14:15:20,884 [BlockDeletingService#2] WARN  background.BlockDeletingService (BlockDeletingService.java:isDeletionAllowed(187)) - Close Container log Index 6 is not replicated across allthe servers in the pipeline af09b2c2-cc5c-4d70-8ada-488dd1d6d11b as the min replicated index is 4. Deletion is not allowed in this container yet.
2019-10-15 14:15:20,885 [BlockDeletingService#2] WARN  background.BlockDeletingService (BlockDeletingService.java:isDeletionAllowed(187)) - Close Container log Index 6 is not replicated across allthe servers in the pipeline af09b2c2-cc5c-4d70-8ada-488dd1d6d11b as the min replicated index is 4. Deletion is not allowed in this container yet.
2019-10-15 14:15:20,996 [EventQueue-ContainerReportForContainerReportHandler] WARN  container.ContainerReportHandler (AbstractContainerReportHandler.java:updateContainerState(145)) - Container #1 is in OPEN state, but the datanode 2ac0d02e-9e70-4102-8ecc-87abf8a9c7ab{ip: 192.168.164.232, host: dev-nightly-20191015-67qjk-1482321572, networkLocation: /default-rack, certSerialId: null} reports an CLOSED replica.
2019-10-15 14:15:20,996 [EventQueue-ContainerReportForContainerReportHandler] WARN  container.ContainerReportHandler (AbstractContainerReportHandler.java:updateContainerState(145)) - Container #1 is in OPEN state, but the datanode 350dd957-6baf-44a5-98e5-a3496d7a986b{ip: 192.168.164.232, host: dev-nightly-20191015-67qjk-1482321572, networkLocation: /default-rack, certSerialId: null} reports an CLOSED replica.
2019-10-15 14:15:21,296 [EventQueue-ContainerReportForContainerReportHandler] WARN  container.ContainerReportHandler (AbstractContainerReportHandler.java:updateContainerState(145)) - Container #1 is in OPEN state, but the datanode 2ac0d02e-9e70-4102-8ecc-87abf8a9c7ab{ip: 192.168.164.232, host: dev-nightly-20191015-67qjk-1482321572, networkLocation: /default-rack, certSerialId: null} reports an CLOSED replica.
2019-10-15 14:15:21,396 [EventQueue-ContainerReportForContainerReportHandler] WARN  container.ContainerReportHandler (AbstractContainerReportHandler.java:updateContainerState(145)) - Container #1 is in OPEN state, but the datanode 350dd957-6baf-44a5-98e5-a3496d7a986b{ip: 192.168.164.232, host: dev-nightly-20191015-67qjk-1482321572, networkLocation: /default-rack, certSerialId: null} reports an CLOSED replica.
2019-10-15 14:15:21,597 [EventQueue-ContainerReportForContainerReportHandler] WARN  container.ContainerReportHandler (AbstractContainerReportHandler.java:updateContainerState(145)) - Container #1 is in OPEN state, but the datanode 2ac0d02e-9e70-4102-8ecc-87abf8a9c7ab{ip: 192.168.164.232, host: dev-nightly-20191015-67qjk-1482321572, networkLocation: /default-rack, certSerialId: null} reports an CLOSED replica.
2019-10-15 14:15:21,697 [EventQueue-ContainerReportForContainerReportHandler] WARN  container.ContainerReportHandler (AbstractContainerReportHandler.java:updateContainerState(145)) - Container #1 is in OPEN state, but the datanode 350dd957-6baf-44a5-98e5-a3496d7a986b{ip: 192.168.164.232, host: dev-nightly-20191015-67qjk-1482321572, networkLocation: /default-rack, certSerialId: null} reports an CLOSED replica.
2019-10-15 14:15:21,885 [BlockDeletingService#2] WARN  background.BlockDeletingService (BlockDeletingService.java:isDeletionAllowed(187)) - Close Container log Index 6 is not replicated across allthe servers in the pipeline af09b2c2-cc5c-4d70-8ada-488dd1d6d11b as the min replicated index is 4. Deletion is not allowed in this container yet.
2019-10-15 14:15:21,888 [BlockDeletingService#2] WARN  background.BlockDeletingService (BlockDeletingService.java:isDeletionAllowed(187)) - Close Container log Index 6 is not replicated across allthe servers in the pipeline af09b2c2-cc5c-4d70-8ada-488dd1d6d11b as the min replicated index is 4. Deletion is not allowed in this container yet.
2019-10-15 14:15:21,997 [EventQueue-ContainerReportForContainerReportHandler] WARN  container.ContainerReportHandler (AbstractContainerReportHandler.java:updateContainerState(145)) - Container #1 is in OPEN state, but the datanode 2ac0d02e-9e70-4102-8ecc-87abf8a9c7ab{ip: 192.168.164.232, host: dev-nightly-20191015-67qjk-1482321572, networkLocation: /default-rack, certSerialId: null} reports an CLOSED replica.
2019-10-15 14:15:22,098 [EventQueue-ContainerReportForContainerReportHandler] WARN  container.ContainerReportHandler (AbstractContainerReportHandler.java:updateContainerState(145)) - Container #1 is in OPEN state, but the datanode 350dd957-6baf-44a5-98e5-a3496d7a986b{ip: 192.168.164.232, host: dev-nightly-20191015-67qjk-1482321572, networkLocation: /default-rack, certSerialId: null} reports an CLOSED replica.
2019-10-15 14:15:22,297 [EventQueue-ContainerReportForContainerReportHandler] WARN  container.ContainerReportHandler (AbstractContainerReportHandler.java:updateContainerState(145)) - Container #1 is in OPEN state, but the datanode 2ac0d02e-9e70-4102-8ecc-87abf8a9c7ab{ip: 192.168.164.232, host: dev-nightly-20191015-67qjk-1482321572, networkLocation: /default-rack, certSerialId: null} reports an CLOSED replica.
2019-10-15 14:15:22,398 [EventQueue-ContainerReportForContainerReportHandler] WARN  container.ContainerReportHandler (AbstractContainerReportHandler.java:updateContainerState(145)) - Container #1 is in OPEN state, but the datanode 350dd957-6baf-44a5-98e5-a3496d7a986b{ip: 192.168.164.232, host: dev-nightly-20191015-67qjk-1482321572, networkLocation: /default-rack, certSerialId: null} reports an CLOSED replica.
2019-10-15 14:15:22,598 [EventQueue-ContainerReportForContainerReportHandler] WARN  container.ContainerReportHandler (AbstractContainerReportHandler.java:updateContainerState(145)) - Container #1 is in OPEN state, but the datanode 2ac0d02e-9e70-4102-8ecc-87abf8a9c7ab{ip: 192.168.164.232, host: dev-nightly-20191015-67qjk-1482321572, networkLocation: /default-rack, certSerialId: null} reports an CLOSED replica.
2019-10-15 14:15:22,798 [EventQueue-ContainerReportForContainerReportHandler] WARN  container.ContainerReportHandler (AbstractContainerReportHandler.java:updateContainerState(145)) - Container #1 is in OPEN state, but the datanode 2ac0d02e-9e70-4102-8ecc-87abf8a9c7ab{ip: 192.168.164.232, host: dev-nightly-20191015-67qjk-1482321572, networkLocation: /default-rack, certSerialId: null} reports an CLOSED replica.
2019-10-15 14:15:22,799 [EventQueue-ContainerReportForContainerReportHandler] WARN  container.ContainerReportHandler (AbstractContainerReportHandler.java:updateContainerState(145)) - Container #1 is in OPEN state, but the datanode 350dd957-6baf-44a5-98e5-a3496d7a986b{ip: 192.168.164.232, host: dev-nightly-20191015-67qjk-1482321572, networkLocation: /default-rack, certSerialId: null} reports an CLOSED replica.
2019-10-15 14:15:22,889 [BlockDeletingService#2] WARN  background.BlockDeletingService (BlockDeletingService.java:isDeletionAllowed(187)) - Close Container log Index 6 is not replicated across allthe servers in the pipeline af09b2c2-cc5c-4d70-8ada-488dd1d6d11b as the min replicated index is 4. Deletion is not allowed in this container yet.
2019-10-15 14:15:22,889 [BlockDeletingService#2] WARN  background.BlockDeletingService (BlockDeletingService.java:isDeletionAllowed(187)) - Close Container log Index 6 is not replicated across allthe servers in the pipeline af09b2c2-cc5c-4d70-8ada-488dd1d6d11b as the min replicated index is 4. Deletion is not allowed in this container yet.
2019-10-15 14:15:23,000 [EventQueue-ContainerReportForContainerReportHandler] WARN  container.ContainerReportHandler (AbstractContainerReportHandler.java:updateContainerState(145)) - Container #1 is in OPEN state, but the datanode 2ac0d02e-9e70-4102-8ecc-87abf8a9c7ab{ip: 192.168.164.232, host: dev-nightly-20191015-67qjk-1482321572, networkLocation: /default-rack, certSerialId: null} reports an CLOSED replica.
2019-10-15 14:15:23,015 [java.util.concurrent.ThreadPoolExecutor$Worker@2009095b[State = -1, empty queue]] WARN  server.GrpcLogAppender (GrpcLogAppender.java:timeoutAppendRequest(209)) - 2ac0d02e-9e70-4102-8ecc-87abf8a9c7ab@group-488DD1D6D11B->4e1c66a4-792a-4350-b244-4dedea3f57a8-GrpcLogAppender: appendEntries Timeout, request=2ac0d02e-9e70-4102-8ecc-87abf8a9c7ab->4e1c66a4-792a-4350-b244-4dedea3f57a8#23-t3, previous=(t:3, i:8), leaderCommit=8, initializing? false, entries: <empty>
2019-10-15 14:15:23,074 [java.util.concurrent.ThreadPoolExecutor$Worker@2009095b[State = -1, empty queue]] WARN  server.GrpcLogAppender (GrpcLogAppender.java:timeoutAppendRequest(209)) - 2ac0d02e-9e70-4102-8ecc-87abf8a9c7ab@group-488DD1D6D11B->4e1c66a4-792a-4350-b244-4dedea3f57a8-GrpcLogAppender: appendEntries Timeout, request=2ac0d02e-9e70-4102-8ecc-87abf8a9c7ab->4e1c66a4-792a-4350-b244-4dedea3f57a8#24-t3, previous=(t:3, i:8), leaderCommit=8, initializing? false, entries: size=1, first=(t:3, i:9), STATEMACHINELOGENTRY, client-BA4EAA20A8FB, cid=12
2019-10-15 14:15:23,089 [java.util.concurrent.ThreadPoolExecutor$Worker@2009095b[State = -1, empty queue]] WARN  server.GrpcLogAppender (GrpcLogAppender.java:timeoutAppendRequest(209)) - 2ac0d02e-9e70-4102-8ecc-87abf8a9c7ab@group-488DD1D6D11B->4e1c66a4-792a-4350-b244-4dedea3f57a8-GrpcLogAppender: appendEntries Timeout, request=2ac0d02e-9e70-4102-8ecc-87abf8a9c7ab->4e1c66a4-792a-4350-b244-4dedea3f57a8#25-t3, previous=(t:3, i:9), leaderCommit=9, initializing? false, entries: size=1, first=(t:3, i:10), METADATAENTRY(c9)
2019-10-15 14:15:23,199 [EventQueue-ContainerReportForContainerReportHandler] WARN  container.ContainerReportHandler (AbstractContainerReportHandler.java:updateContainerState(145)) - Container #1 is in OPEN state, but the datanode 350dd957-6baf-44a5-98e5-a3496d7a986b{ip: 192.168.164.232, host: dev-nightly-20191015-67qjk-1482321572, networkLocation: /default-rack, certSerialId: null} reports an CLOSED replica.
2019-10-15 14:15:23,299 [EventQueue-ContainerReportForContainerReportHandler] WARN  container.ContainerReportHandler (AbstractContainerReportHandler.java:updateContainerState(145)) - Container #1 is in OPEN state, but the datanode 2ac0d02e-9e70-4102-8ecc-87abf8a9c7ab{ip: 192.168.164.232, host: dev-nightly-20191015-67qjk-1482321572, networkLocation: /default-rack, certSerialId: null} reports an CLOSED replica.
2019-10-15 14:15:23,399 [EventQueue-ContainerReportForContainerReportHandler] WARN  container.ContainerReportHandler (AbstractContainerReportHandler.java:updateContainerState(145)) - Container #1 is in OPEN state, but the datanode 350dd957-6baf-44a5-98e5-a3496d7a986b{ip: 192.168.164.232, host: dev-nightly-20191015-67qjk-1482321572, networkLocation: /default-rack, certSerialId: null} reports an CLOSED replica.
2019-10-15 14:15:23,500 [EventQueue-ContainerReportForContainerReportHandler] WARN  container.ContainerReportHandler (AbstractContainerReportHandler.java:updateContainerState(145)) - Container #1 is in OPEN state, but the datanode 2ac0d02e-9e70-4102-8ecc-87abf8a9c7ab{ip: 192.168.164.232, host: dev-nightly-20191015-67qjk-1482321572, networkLocation: /default-rack, certSerialId: null} reports an CLOSED replica.
2019-10-15 14:15:23,800 [EventQueue-ContainerReportForContainerReportHandler] WARN  container.ContainerReportHandler (AbstractContainerReportHandler.java:updateContainerState(145)) - Container #1 is in OPEN state, but the datanode 350dd957-6baf-44a5-98e5-a3496d7a986b{ip: 192.168.164.232, host: dev-nightly-20191015-67qjk-1482321572, networkLocation: /default-rack, certSerialId: null} reports an CLOSED replica.
2019-10-15 14:15:23,800 [EventQueue-ContainerReportForContainerReportHandler] WARN  container.ContainerReportHandler (AbstractContainerReportHandler.java:updateContainerState(145)) - Container #1 is in OPEN state, but the datanode 2ac0d02e-9e70-4102-8ecc-87abf8a9c7ab{ip: 192.168.164.232, host: dev-nightly-20191015-67qjk-1482321572, networkLocation: /default-rack, certSerialId: null} reports an CLOSED replica.
2019-10-15 14:15:23,892 [BlockDeletingService#2] WARN  background.BlockDeletingService (BlockDeletingService.java:isDeletionAllowed(187)) - Close Container log Index 6 is not replicated across allthe servers in the pipeline af09b2c2-cc5c-4d70-8ada-488dd1d6d11b as the min replicated index is 4. Deletion is not allowed in this container yet.
2019-10-15 14:15:23,892 [BlockDeletingService#2] WARN  background.BlockDeletingService (BlockDeletingService.java:isDeletionAllowed(187)) - Close Container log Index 6 is not replicated across allthe servers in the pipeline af09b2c2-cc5c-4d70-8ada-488dd1d6d11b as the min replicated index is 4. Deletion is not allowed in this container yet.
2019-10-15 14:15:24,000 [EventQueue-ContainerReportForContainerReportHandler] WARN  container.ContainerReportHandler (AbstractContainerReportHandler.java:updateContainerState(145)) - Container #1 is in OPEN state, but the datanode 2ac0d02e-9e70-4102-8ecc-87abf8a9c7ab{ip: 192.168.164.232, host: dev-nightly-20191015-67qjk-1482321572, networkLocation: /default-rack, certSerialId: null} reports an CLOSED replica.
2019-10-15 14:15:24,100 [EventQueue-ContainerReportForContainerReportHandler] WARN  container.ContainerReportHandler (AbstractContainerReportHandler.java:updateContainerState(145)) - Container #1 is in OPEN state, but the datanode 350dd957-6baf-44a5-98e5-a3496d7a986b{ip: 192.168.164.232, host: dev-nightly-20191015-67qjk-1482321572, networkLocation: /default-rack, certSerialId: null} reports an CLOSED replica.
2019-10-15 14:15:24,400 [EventQueue-ContainerReportForContainerReportHandler] WARN  container.ContainerReportHandler (AbstractContainerReportHandler.java:updateContainerState(145)) - Container #1 is in OPEN state, but the datanode 2ac0d02e-9e70-4102-8ecc-87abf8a9c7ab{ip: 192.168.164.232, host: dev-nightly-20191015-67qjk-1482321572, networkLocation: /default-rack, certSerialId: null} reports an CLOSED replica.
2019-10-15 14:15:24,499 [EventQueue-ContainerReportForContainerReportHandler] WARN  container.ContainerReportHandler (AbstractContainerReportHandler.java:updateContainerState(145)) - Container #1 is in OPEN state, but the datanode 350dd957-6baf-44a5-98e5-a3496d7a986b{ip: 192.168.164.232, host: dev-nightly-20191015-67qjk-1482321572, networkLocation: /default-rack, certSerialId: null} reports an CLOSED replica.
2019-10-15 14:15:24,701 [EventQueue-ContainerReportForContainerReportHandler] WARN  container.ContainerReportHandler (AbstractContainerReportHandler.java:updateContainerState(145)) - Container #1 is in OPEN state, but the datanode 2ac0d02e-9e70-4102-8ecc-87abf8a9c7ab{ip: 192.168.164.232, host: dev-nightly-20191015-67qjk-1482321572, networkLocation: /default-rack, certSerialId: null} reports an CLOSED replica.
2019-10-15 14:15:24,800 [EventQueue-ContainerReportForContainerReportHandler] WARN  container.ContainerReportHandler (AbstractContainerReportHandler.java:updateContainerState(145)) - Container #1 is in OPEN state, but the datanode 350dd957-6baf-44a5-98e5-a3496d7a986b{ip: 192.168.164.232, host: dev-nightly-20191015-67qjk-1482321572, networkLocation: /default-rack, certSerialId: null} reports an CLOSED replica.
2019-10-15 14:15:24,896 [BlockDeletingService#2] WARN  background.BlockDeletingService (BlockDeletingService.java:isDeletionAllowed(187)) - Close Container log Index 6 is not replicated across allthe servers in the pipeline af09b2c2-cc5c-4d70-8ada-488dd1d6d11b as the min replicated index is 4. Deletion is not allowed in this container yet.
2019-10-15 14:15:24,896 [BlockDeletingService#2] WARN  background.BlockDeletingService (BlockDeletingService.java:isDeletionAllowed(187)) - Close Container log Index 6 is not replicated across allthe servers in the pipeline af09b2c2-cc5c-4d70-8ada-488dd1d6d11b as the min replicated index is 4. Deletion is not allowed in this container yet.
2019-10-15 14:15:25,101 [EventQueue-ContainerReportForContainerReportHandler] WARN  container.ContainerReportHandler (AbstractContainerReportHandler.java:updateContainerState(145)) - Container #1 is in OPEN state, but the datanode 2ac0d02e-9e70-4102-8ecc-87abf8a9c7ab{ip: 192.168.164.232, host: dev-nightly-20191015-67qjk-1482321572, networkLocation: /default-rack, certSerialId: null} reports an CLOSED replica.
2019-10-15 14:15:25,202 [EventQueue-ContainerReportForContainerReportHandler] WARN  container.ContainerReportHandler (AbstractContainerReportHandler.java:updateContainerState(145)) - Container #1 is in OPEN state, but the datanode 350dd957-6baf-44a5-98e5-a3496d7a986b{ip: 192.168.164.232, host: dev-nightly-20191015-67qjk-1482321572, networkLocation: /default-rack, certSerialId: null} reports an CLOSED replica.
2019-10-15 14:15:25,403 [EventQueue-ContainerReportForContainerReportHandler] WARN  container.ContainerReportHandler (AbstractContainerReportHandler.java:updateContainerState(145)) - Container #1 is in OPEN state, but the datanode 350dd957-6baf-44a5-98e5-a3496d7a986b{ip: 192.168.164.232, host: dev-nightly-20191015-67qjk-1482321572, networkLocation: /default-rack, certSerialId: null} reports an CLOSED replica.
2019-10-15 14:15:25,505 [EventQueue-ContainerReportForContainerReportHandler] WARN  container.ContainerReportHandler (AbstractContainerReportHandler.java:updateContainerState(145)) - Container #1 is in OPEN state, but the datanode 2ac0d02e-9e70-4102-8ecc-87abf8a9c7ab{ip: 192.168.164.232, host: dev-nightly-20191015-67qjk-1482321572, networkLocation: /default-rack, certSerialId: null} reports an CLOSED replica.
2019-10-15 14:15:25,591 [java.util.concurrent.ThreadPoolExecutor$Worker@2009095b[State = -1, empty queue]] WARN  server.GrpcLogAppender (GrpcLogAppender.java:timeoutAppendRequest(209)) - 2ac0d02e-9e70-4102-8ecc-87abf8a9c7ab@group-488DD1D6D11B->4e1c66a4-792a-4350-b244-4dedea3f57a8-GrpcLogAppender: appendEntries Timeout, request=2ac0d02e-9e70-4102-8ecc-87abf8a9c7ab->4e1c66a4-792a-4350-b244-4dedea3f57a8#26-t3, previous=(t:3, i:10), leaderCommit=10, initializing? false, entries: <empty>
2019-10-15 14:15:25,802 [EventQueue-ContainerReportForContainerReportHandler] WARN  container.ContainerReportHandler (AbstractContainerReportHandler.java:updateContainerState(145)) - Container #1 is in OPEN state, but the datanode 350dd957-6baf-44a5-98e5-a3496d7a986b{ip: 192.168.164.232, host: dev-nightly-20191015-67qjk-1482321572, networkLocation: /default-rack, certSerialId: null} reports an CLOSED replica.
2019-10-15 14:15:25,805 [EventQueue-ContainerReportForContainerReportHandler] WARN  container.ContainerReportHandler (AbstractContainerReportHandler.java:updateContainerState(145)) - Container #1 is in OPEN state, but the datanode 2ac0d02e-9e70-4102-8ecc-87abf8a9c7ab{ip: 192.168.164.232, host: dev-nightly-20191015-67qjk-1482321572, networkLocation: /default-rack, certSerialId: null} reports an CLOSED replica.
2019-10-15 14:15:25,899 [BlockDeletingService#2] WARN  background.BlockDeletingService (BlockDeletingService.java:isDeletionAllowed(187)) - Close Container log Index 6 is not replicated across allthe servers in the pipeline af09b2c2-cc5c-4d70-8ada-488dd1d6d11b as the min replicated index is 4. Deletion is not allowed in this container yet.
2019-10-15 14:15:25,899 [BlockDeletingService#2] WARN  background.BlockDeletingService (BlockDeletingService.java:isDeletionAllowed(187)) - Close Container log Index 6 is not replicated across allthe servers in the pipeline af09b2c2-cc5c-4d70-8ada-488dd1d6d11b as the min replicated index is 4. Deletion is not allowed in this container yet.
2019-10-15 14:15:26,002 [EventQueue-ContainerReportForContainerReportHandler] WARN  container.ContainerReportHandler (AbstractContainerReportHandler.java:updateContainerState(145)) - Container #1 is in OPEN state, but the datanode 350dd957-6baf-44a5-98e5-a3496d7a986b{ip: 192.168.164.232, host: dev-nightly-20191015-67qjk-1482321572, networkLocation: /default-rack, certSerialId: null} reports an CLOSED replica.
2019-10-15 14:15:26,106 [EventQueue-ContainerReportForContainerReportHandler] WARN  container.ContainerReportHandler (AbstractContainerReportHandler.java:updateContainerState(145)) - Container #1 is in OPEN state, but the datanode 2ac0d02e-9e70-4102-8ecc-87abf8a9c7ab{ip: 192.168.164.232, host: dev-nightly-20191015-67qjk-1482321572, networkLocation: /default-rack, certSerialId: null} reports an CLOSED replica.
2019-10-15 14:15:26,403 [EventQueue-ContainerReportForContainerReportHandler] WARN  container.ContainerReportHandler (AbstractContainerReportHandler.java:updateContainerState(145)) - Container #1 is in OPEN state, but the datanode 350dd957-6baf-44a5-98e5-a3496d7a986b{ip: 192.168.164.232, host: dev-nightly-20191015-67qjk-1482321572, networkLocation: /default-rack, certSerialId: null} reports an CLOSED replica.
2019-10-15 14:15:26,506 [EventQueue-ContainerReportForContainerReportHandler] WARN  container.ContainerReportHandler (AbstractContainerReportHandler.java:updateContainerState(145)) - Container #1 is in OPEN state, but the datanode 2ac0d02e-9e70-4102-8ecc-87abf8a9c7ab{ip: 192.168.164.232, host: dev-nightly-20191015-67qjk-1482321572, networkLocation: /default-rack, certSerialId: null} reports an CLOSED replica.
2019-10-15 14:15:26,702 [EventQueue-ContainerReportForContainerReportHandler] WARN  container.ContainerReportHandler (AbstractContainerReportHandler.java:updateContainerState(145)) - Container #1 is in OPEN state, but the datanode 350dd957-6baf-44a5-98e5-a3496d7a986b{ip: 192.168.164.232, host: dev-nightly-20191015-67qjk-1482321572, networkLocation: /default-rack, certSerialId: null} reports an CLOSED replica.
2019-10-15 14:15:26,806 [EventQueue-ContainerReportForContainerReportHandler] WARN  container.ContainerReportHandler (AbstractContainerReportHandler.java:updateContainerState(145)) - Container #1 is in OPEN state, but the datanode 2ac0d02e-9e70-4102-8ecc-87abf8a9c7ab{ip: 192.168.164.232, host: dev-nightly-20191015-67qjk-1482321572, networkLocation: /default-rack, certSerialId: null} reports an CLOSED replica.
2019-10-15 14:15:26,903 [BlockDeletingService#2] WARN  background.BlockDeletingService (BlockDeletingService.java:isDeletionAllowed(187)) - Close Container log Index 6 is not replicated across allthe servers in the pipeline af09b2c2-cc5c-4d70-8ada-488dd1d6d11b as the min replicated index is 4. Deletion is not allowed in this container yet.
2019-10-15 14:15:26,903 [BlockDeletingService#2] WARN  background.BlockDeletingService (BlockDeletingService.java:isDeletionAllowed(187)) - Close Container log Index 6 is not replicated across allthe servers in the pipeline af09b2c2-cc5c-4d70-8ada-488dd1d6d11b as the min replicated index is 4. Deletion is not allowed in this container yet.
2019-10-15 14:15:27,003 [EventQueue-ContainerReportForContainerReportHandler] WARN  container.ContainerReportHandler (AbstractContainerReportHandler.java:updateContainerState(145)) - Container #1 is in OPEN state, but the datanode 350dd957-6baf-44a5-98e5-a3496d7a986b{ip: 192.168.164.232, host: dev-nightly-20191015-67qjk-1482321572, networkLocation: /default-rack, certSerialId: null} reports an CLOSED replica.
2019-10-15 14:15:27,158 [Thread-351] INFO  client.GrpcClientProtocolService (GrpcClientProtocolService.java:lambda$processClientRequest$0(278)) - Failed RaftClientRequest:client-E8AF2CDF2BB3->350dd957-6baf-44a5-98e5-a3496d7a986b@group-488DD1D6D11B, cid=10, seq=0, Watch-ALL_COMMITTED(6), Message:<EMPTY>, reply=RaftClientReply:client-E8AF2CDF2BB3->350dd957-6baf-44a5-98e5-a3496d7a986b@group-488DD1D6D11B, cid=10, FAILED org.apache.ratis.protocol.NotLeaderException: Server 350dd957-6baf-44a5-98e5-a3496d7a986b@group-488DD1D6D11B is not the leader 2ac0d02e-9e70-4102-8ecc-87abf8a9c7ab:192.168.164.232:40013, logIndex=0, commits[350dd957-6baf-44a5-98e5-a3496d7a986b:c10, 2ac0d02e-9e70-4102-8ecc-87abf8a9c7ab:c10, 4e1c66a4-792a-4350-b244-4dedea3f57a8:c4]
2019-10-15 14:15:27,203 [EventQueue-ContainerReportForContainerReportHandler] WARN  container.ContainerReportHandler (AbstractContainerReportHandler.java:updateContainerState(145)) - Container #1 is in OPEN state, but the datanode 350dd957-6baf-44a5-98e5-a3496d7a986b{ip: 192.168.164.232, host: dev-nightly-20191015-67qjk-1482321572, networkLocation: /default-rack, certSerialId: null} reports an CLOSED replica.
2019-10-15 14:15:27,206 [EventQueue-ContainerReportForContainerReportHandler] WARN  container.ContainerReportHandler (AbstractContainerReportHandler.java:updateContainerState(145)) - Container #1 is in OPEN state, but the datanode 2ac0d02e-9e70-4102-8ecc-87abf8a9c7ab{ip: 192.168.164.232, host: dev-nightly-20191015-67qjk-1482321572, networkLocation: /default-rack, certSerialId: null} reports an CLOSED replica.
2019-10-15 14:15:27,503 [EventQueue-ContainerReportForContainerReportHandler] WARN  container.ContainerReportHandler (AbstractContainerReportHandler.java:updateContainerState(145)) - Container #1 is in OPEN state, but the datanode 350dd957-6baf-44a5-98e5-a3496d7a986b{ip: 192.168.164.232, host: dev-nightly-20191015-67qjk-1482321572, networkLocation: /default-rack, certSerialId: null} reports an CLOSED replica.
2019-10-15 14:15:27,607 [EventQueue-ContainerReportForContainerReportHandler] WARN  container.ContainerReportHandler (AbstractContainerReportHandler.java:updateContainerState(145)) - Container #1 is in OPEN state, but the datanode 2ac0d02e-9e70-4102-8ecc-87abf8a9c7ab{ip: 192.168.164.232, host: dev-nightly-20191015-67qjk-1482321572, networkLocation: /default-rack, certSerialId: null} reports an CLOSED replica.
2019-10-15 14:15:27,803 [EventQueue-ContainerReportForContainerReportHandler] WARN  container.ContainerReportHandler (AbstractContainerReportHandler.java:updateContainerState(145)) - Container #1 is in OPEN state, but the datanode 350dd957-6baf-44a5-98e5-a3496d7a986b{ip: 192.168.164.232, host: dev-nightly-20191015-67qjk-1482321572, networkLocation: /default-rack, certSerialId: null} reports an CLOSED replica.
2019-10-15 14:15:27,905 [BlockDeletingService#2] WARN  background.BlockDeletingService (BlockDeletingService.java:isDeletionAllowed(187)) - Close Container log Index 6 is not replicated across allthe servers in the pipeline af09b2c2-cc5c-4d70-8ada-488dd1d6d11b as the min replicated index is 4. Deletion is not allowed in this container yet.
2019-10-15 14:15:27,905 [BlockDeletingService#2] WARN  background.BlockDeletingService (BlockDeletingService.java:isDeletionAllowed(187)) - Close Container log Index 6 is not replicated across allthe servers in the pipeline af09b2c2-cc5c-4d70-8ada-488dd1d6d11b as the min replicated index is 4. Deletion is not allowed in this container yet.
2019-10-15 14:15:27,908 [EventQueue-ContainerReportForContainerReportHandler] WARN  container.ContainerReportHandler (AbstractContainerReportHandler.java:updateContainerState(145)) - Container #1 is in OPEN state, but the datanode 2ac0d02e-9e70-4102-8ecc-87abf8a9c7ab{ip: 192.168.164.232, host: dev-nightly-20191015-67qjk-1482321572, networkLocation: /default-rack, certSerialId: null} reports an CLOSED replica.
2019-10-15 14:15:28,092 [java.util.concurrent.ThreadPoolExecutor$Worker@2009095b[State = -1, empty queue]] WARN  server.GrpcLogAppender (GrpcLogAppender.java:timeoutAppendRequest(209)) - 2ac0d02e-9e70-4102-8ecc-87abf8a9c7ab@group-488DD1D6D11B->4e1c66a4-792a-4350-b244-4dedea3f57a8-GrpcLogAppender: appendEntries Timeout, request=2ac0d02e-9e70-4102-8ecc-87abf8a9c7ab->4e1c66a4-792a-4350-b244-4dedea3f57a8#27-t3, previous=(t:3, i:10), leaderCommit=10, initializing? false, entries: <empty>
2019-10-15 14:15:28,104 [EventQueue-ContainerReportForContainerReportHandler] WARN  container.ContainerReportHandler (AbstractContainerReportHandler.java:updateContainerState(145)) - Container #1 is in OPEN state, but the datanode 350dd957-6baf-44a5-98e5-a3496d7a986b{ip: 192.168.164.232, host: dev-nightly-20191015-67qjk-1482321572, networkLocation: /default-rack, certSerialId: null} reports an CLOSED replica.
2019-10-15 14:15:28,108 [EventQueue-ContainerReportForContainerReportHandler] WARN  container.ContainerReportHandler (AbstractContainerReportHandler.java:updateContainerState(145)) - Container #1 is in OPEN state, but the datanode 2ac0d02e-9e70-4102-8ecc-87abf8a9c7ab{ip: 192.168.164.232, host: dev-nightly-20191015-67qjk-1482321572, networkLocation: /default-rack, certSerialId: null} reports an CLOSED replica.
2019-10-15 14:15:28,404 [EventQueue-ContainerReportForContainerReportHandler] WARN  container.ContainerReportHandler (AbstractContainerReportHandler.java:updateContainerState(145)) - Container #1 is in OPEN state, but the datanode 350dd957-6baf-44a5-98e5-a3496d7a986b{ip: 192.168.164.232, host: dev-nightly-20191015-67qjk-1482321572, networkLocation: /default-rack, certSerialId: null} reports an CLOSED replica.
2019-10-15 14:15:28,407 [EventQueue-ContainerReportForContainerReportHandler] WARN  container.ContainerReportHandler (AbstractContainerReportHandler.java:updateContainerState(145)) - Container #1 is in OPEN state, but the datanode 2ac0d02e-9e70-4102-8ecc-87abf8a9c7ab{ip: 192.168.164.232, host: dev-nightly-20191015-67qjk-1482321572, networkLocation: /default-rack, certSerialId: null} reports an CLOSED replica.
2019-10-15 14:15:28,683 [Thread-357] INFO  client.GrpcClientProtocolService (GrpcClientProtocolService.java:lambda$processClientRequest$0(278)) - Failed RaftClientRequest:client-E8AF2CDF2BB3->2ac0d02e-9e70-4102-8ecc-87abf8a9c7ab@group-488DD1D6D11B, cid=10, seq=0, Watch-ALL_COMMITTED(6), Message:<EMPTY>, reply=RaftClientReply:client-E8AF2CDF2BB3->2ac0d02e-9e70-4102-8ecc-87abf8a9c7ab@group-488DD1D6D11B, cid=10, FAILED org.apache.ratis.protocol.NotReplicatedException: Request with call Id 10 and log index 6 is not yet replicated to ALL_COMMITTED, logIndex=6, commits[2ac0d02e-9e70-4102-8ecc-87abf8a9c7ab:c10, 4e1c66a4-792a-4350-b244-4dedea3f57a8:c4, 350dd957-6baf-44a5-98e5-a3496d7a986b:c10]
2019-10-15 14:15:28,704 [EventQueue-ContainerReportForContainerReportHandler] WARN  container.ContainerReportHandler (AbstractContainerReportHandler.java:updateContainerState(145)) - Container #1 is in OPEN state, but the datanode 350dd957-6baf-44a5-98e5-a3496d7a986b{ip: 192.168.164.232, host: dev-nightly-20191015-67qjk-1482321572, networkLocation: /default-rack, certSerialId: null} reports an CLOSED replica.
2019-10-15 14:15:28,808 [EventQueue-ContainerReportForContainerReportHandler] WARN  container.ContainerReportHandler (AbstractContainerReportHandler.java:updateContainerState(145)) - Container #1 is in OPEN state, but the datanode 2ac0d02e-9e70-4102-8ecc-87abf8a9c7ab{ip: 192.168.164.232, host: dev-nightly-20191015-67qjk-1482321572, networkLocation: /default-rack, certSerialId: null} reports an CLOSED replica.
2019-10-15 14:15:28,911 [BlockDeletingService#2] WARN  background.BlockDeletingService (BlockDeletingService.java:isDeletionAllowed(187)) - Close Container log Index 6 is not replicated across allthe servers in the pipeline af09b2c2-cc5c-4d70-8ada-488dd1d6d11b as the min replicated index is 4. Deletion is not allowed in this container yet.
2019-10-15 14:15:28,911 [BlockDeletingService#2] WARN  background.BlockDeletingService (BlockDeletingService.java:isDeletionAllowed(187)) - Close Container log Index 6 is not replicated across allthe servers in the pipeline af09b2c2-cc5c-4d70-8ada-488dd1d6d11b as the min replicated index is 4. Deletion is not allowed in this container yet.
2019-10-15 14:15:29,005 [EventQueue-ContainerReportForContainerReportHandler] WARN  container.ContainerReportHandler (AbstractContainerReportHandler.java:updateContainerState(145)) - Container #1 is in OPEN state, but the datanode 350dd957-6baf-44a5-98e5-a3496d7a986b{ip: 192.168.164.232, host: dev-nightly-20191015-67qjk-1482321572, networkLocation: /default-rack, certSerialId: null} reports an CLOSED replica.
2019-10-15 14:15:29,109 [EventQueue-ContainerReportForContainerReportHandler] WARN  container.ContainerReportHandler (AbstractContainerReportHandler.java:updateContainerState(145)) - Container #1 is in OPEN state, but the datanode 2ac0d02e-9e70-4102-8ecc-87abf8a9c7ab{ip: 192.168.164.232, host: dev-nightly-20191015-67qjk-1482321572, networkLocation: /default-rack, certSerialId: null} reports an CLOSED replica.
2019-10-15 14:15:29,306 [EventQueue-ContainerReportForContainerReportHandler] WARN  container.ContainerReportHandler (AbstractContainerReportHandler.java:updateContainerState(145)) - Container #1 is in OPEN state, but the datanode 350dd957-6baf-44a5-98e5-a3496d7a986b{ip: 192.168.164.232, host: dev-nightly-20191015-67qjk-1482321572, networkLocation: /default-rack, certSerialId: null} reports an CLOSED replica.
2019-10-15 14:15:29,409 [EventQueue-ContainerReportForContainerReportHandler] WARN  container.ContainerReportHandler (AbstractContainerReportHandler.java:updateContainerState(145)) - Container #1 is in OPEN state, but the datanode 2ac0d02e-9e70-4102-8ecc-87abf8a9c7ab{ip: 192.168.164.232, host: dev-nightly-20191015-67qjk-1482321572, networkLocation: /default-rack, certSerialId: null} reports an CLOSED replica.
2019-10-15 14:15:29,607 [EventQueue-ContainerReportForContainerReportHandler] WARN  container.ContainerReportHandler (AbstractContainerReportHandler.java:updateContainerState(145)) - Container #1 is in OPEN state, but the datanode 350dd957-6baf-44a5-98e5-a3496d7a986b{ip: 192.168.164.232, host: dev-nightly-20191015-67qjk-1482321572, networkLocation: /default-rack, certSerialId: null} reports an CLOSED replica.
2019-10-15 14:15:29,810 [EventQueue-ContainerReportForContainerReportHandler] WARN  container.ContainerReportHandler (AbstractContainerReportHandler.java:updateContainerState(145)) - Container #1 is in OPEN state, but the datanode 2ac0d02e-9e70-4102-8ecc-87abf8a9c7ab{ip: 192.168.164.232, host: dev-nightly-20191015-67qjk-1482321572, networkLocation: /default-rack, certSerialId: null} reports an CLOSED replica.
2019-10-15 14:15:29,916 [BlockDeletingService#2] WARN  background.BlockDeletingService (BlockDeletingService.java:isDeletionAllowed(187)) - Close Container log Index 6 is not replicated across allthe servers in the pipeline af09b2c2-cc5c-4d70-8ada-488dd1d6d11b as the min replicated index is 4. Deletion is not allowed in this container yet.
2019-10-15 14:15:29,916 [BlockDeletingService#2] WARN  background.BlockDeletingService (BlockDeletingService.java:isDeletionAllowed(187)) - Close Container log Index 6 is not replicated across allthe servers in the pipeline af09b2c2-cc5c-4d70-8ada-488dd1d6d11b as the min replicated index is 4. Deletion is not allowed in this container yet.
2019-10-15 14:15:30,008 [EventQueue-ContainerReportForContainerReportHandler] WARN  container.ContainerReportHandler (AbstractContainerReportHandler.java:updateContainerState(145)) - Container #1 is in OPEN state, but the datanode 350dd957-6baf-44a5-98e5-a3496d7a986b{ip: 192.168.164.232, host: dev-nightly-20191015-67qjk-1482321572, networkLocation: /default-rack, certSerialId: null} reports an CLOSED replica.
2019-10-15 14:15:30,210 [EventQueue-ContainerReportForContainerReportHandler] WARN  container.ContainerReportHandler (AbstractContainerReportHandler.java:updateContainerState(145)) - Container #1 is in OPEN state, but the datanode 2ac0d02e-9e70-4102-8ecc-87abf8a9c7ab{ip: 192.168.164.232, host: dev-nightly-20191015-67qjk-1482321572, networkLocation: /default-rack, certSerialId: null} reports an CLOSED replica.
2019-10-15 14:15:30,307 [EventQueue-ContainerReportForContainerReportHandler] WARN  container.ContainerReportHandler (AbstractContainerReportHandler.java:updateContainerState(145)) - Container #1 is in OPEN state, but the datanode 350dd957-6baf-44a5-98e5-a3496d7a986b{ip: 192.168.164.232, host: dev-nightly-20191015-67qjk-1482321572, networkLocation: /default-rack, certSerialId: null} reports an CLOSED replica.
2019-10-15 14:15:30,410 [EventQueue-ContainerReportForContainerReportHandler] WARN  container.ContainerReportHandler (AbstractContainerReportHandler.java:updateContainerState(145)) - Container #1 is in OPEN state, but the datanode 2ac0d02e-9e70-4102-8ecc-87abf8a9c7ab{ip: 192.168.164.232, host: dev-nightly-20191015-67qjk-1482321572, networkLocation: /default-rack, certSerialId: null} reports an CLOSED replica.
2019-10-15 14:15:30,507 [EventQueue-ContainerReportForContainerReportHandler] WARN  container.ContainerReportHandler (AbstractContainerReportHandler.java:updateContainerState(145)) - Container #1 is in OPEN state, but the datanode 350dd957-6baf-44a5-98e5-a3496d7a986b{ip: 192.168.164.232, host: dev-nightly-20191015-67qjk-1482321572, networkLocation: /default-rack, certSerialId: null} reports an CLOSED replica.
2019-10-15 14:15:30,593 [java.util.concurrent.ThreadPoolExecutor$Worker@2009095b[State = -1, empty queue]] WARN  server.GrpcLogAppender (GrpcLogAppender.java:timeoutAppendRequest(209)) - 2ac0d02e-9e70-4102-8ecc-87abf8a9c7ab@group-488DD1D6D11B->4e1c66a4-792a-4350-b244-4dedea3f57a8-GrpcLogAppender: appendEntries Timeout, request=2ac0d02e-9e70-4102-8ecc-87abf8a9c7ab->4e1c66a4-792a-4350-b244-4dedea3f57a8#28-t3, previous=(t:3, i:10), leaderCommit=10, initializing? false, entries: <empty>
2019-10-15 14:15:30,711 [EventQueue-ContainerReportForContainerReportHandler] WARN  container.ContainerReportHandler (AbstractContainerReportHandler.java:updateContainerState(145)) - Container #1 is in OPEN state, but the datanode 2ac0d02e-9e70-4102-8ecc-87abf8a9c7ab{ip: 192.168.164.232, host: dev-nightly-20191015-67qjk-1482321572, networkLocation: /default-rack, certSerialId: null} reports an CLOSED replica.
2019-10-15 14:15:30,807 [EventQueue-ContainerReportForContainerReportHandler] WARN  container.ContainerReportHandler (AbstractContainerReportHandler.java:updateContainerState(145)) - Container #1 is in OPEN state, but the datanode 350dd957-6baf-44a5-98e5-a3496d7a986b{ip: 192.168.164.232, host: dev-nightly-20191015-67qjk-1482321572, networkLocation: /default-rack, certSerialId: null} reports an CLOSED replica.
2019-10-15 14:15:30,918 [BlockDeletingService#2] WARN  background.BlockDeletingService (BlockDeletingService.java:isDeletionAllowed(187)) - Close Container log Index 6 is not replicated across allthe servers in the pipeline af09b2c2-cc5c-4d70-8ada-488dd1d6d11b as the min replicated index is 4. Deletion is not allowed in this container yet.
2019-10-15 14:15:30,918 [BlockDeletingService#2] WARN  background.BlockDeletingService (BlockDeletingService.java:isDeletionAllowed(187)) - Close Container log Index 6 is not replicated across allthe servers in the pipeline af09b2c2-cc5c-4d70-8ada-488dd1d6d11b as the min replicated index is 4. Deletion is not allowed in this container yet.
2019-10-15 14:15:31,011 [EventQueue-ContainerReportForContainerReportHandler] WARN  container.ContainerReportHandler (AbstractContainerReportHandler.java:updateContainerState(145)) - Container #1 is in OPEN state, but the datanode 2ac0d02e-9e70-4102-8ecc-87abf8a9c7ab{ip: 192.168.164.232, host: dev-nightly-20191015-67qjk-1482321572, networkLocation: /default-rack, certSerialId: null} reports an CLOSED replica.
2019-10-15 14:15:31,208 [EventQueue-ContainerReportForContainerReportHandler] WARN  container.ContainerReportHandler (AbstractContainerReportHandler.java:updateContainerState(145)) - Container #1 is in OPEN state, but the datanode 350dd957-6baf-44a5-98e5-a3496d7a986b{ip: 192.168.164.232, host: dev-nightly-20191015-67qjk-1482321572, networkLocation: /default-rack, certSerialId: null} reports an CLOSED replica.
2019-10-15 14:15:31,408 [EventQueue-ContainerReportForContainerReportHandler] WARN  container.ContainerReportHandler (AbstractContainerReportHandler.java:updateContainerState(145)) - Container #1 is in OPEN state, but the datanode 350dd957-6baf-44a5-98e5-a3496d7a986b{ip: 192.168.164.232, host: dev-nightly-20191015-67qjk-1482321572, networkLocation: /default-rack, certSerialId: null} reports an CLOSED replica.
2019-10-15 14:15:31,410 [EventQueue-ContainerReportForContainerReportHandler] WARN  container.ContainerReportHandler (AbstractContainerReportHandler.java:updateContainerState(145)) - Container #1 is in OPEN state, but the datanode 2ac0d02e-9e70-4102-8ecc-87abf8a9c7ab{ip: 192.168.164.232, host: dev-nightly-20191015-67qjk-1482321572, networkLocation: /default-rack, certSerialId: null} reports an CLOSED replica.
2019-10-15 14:15:31,708 [EventQueue-ContainerReportForContainerReportHandler] WARN  container.ContainerReportHandler (AbstractContainerReportHandler.java:updateContainerState(145)) - Container #1 is in OPEN state, but the datanode 350dd957-6baf-44a5-98e5-a3496d7a986b{ip: 192.168.164.232, host: dev-nightly-20191015-67qjk-1482321572, networkLocation: /default-rack, certSerialId: null} reports an CLOSED replica.
2019-10-15 14:15:31,711 [EventQueue-ContainerReportForContainerReportHandler] WARN  container.ContainerReportHandler (AbstractContainerReportHandler.java:updateContainerState(145)) - Container #1 is in OPEN state, but the datanode 2ac0d02e-9e70-4102-8ecc-87abf8a9c7ab{ip: 192.168.164.232, host: dev-nightly-20191015-67qjk-1482321572, networkLocation: /default-rack, certSerialId: null} reports an CLOSED replica.
2019-10-15 14:15:31,926 [BlockDeletingService#2] WARN  background.BlockDeletingService (BlockDeletingService.java:isDeletionAllowed(187)) - Close Container log Index 6 is not replicated across allthe servers in the pipeline af09b2c2-cc5c-4d70-8ada-488dd1d6d11b as the min replicated index is 4. Deletion is not allowed in this container yet.
2019-10-15 14:15:31,926 [BlockDeletingService#2] WARN  background.BlockDeletingService (BlockDeletingService.java:isDeletionAllowed(187)) - Close Container log Index 6 is not replicated across allthe servers in the pipeline af09b2c2-cc5c-4d70-8ada-488dd1d6d11b as the min replicated index is 4. Deletion is not allowed in this container yet.
2019-10-15 14:15:32,011 [EventQueue-ContainerReportForContainerReportHandler] WARN  container.ContainerReportHandler (AbstractContainerReportHandler.java:updateContainerState(145)) - Container #1 is in OPEN state, but the datanode 2ac0d02e-9e70-4102-8ecc-87abf8a9c7ab{ip: 192.168.164.232, host: dev-nightly-20191015-67qjk-1482321572, networkLocation: /default-rack, certSerialId: null} reports an CLOSED replica.
2019-10-15 14:15:32,109 [EventQueue-ContainerReportForContainerReportHandler] WARN  container.ContainerReportHandler (AbstractContainerReportHandler.java:updateContainerState(145)) - Container #1 is in OPEN state, but the datanode 350dd957-6baf-44a5-98e5-a3496d7a986b{ip: 192.168.164.232, host: dev-nightly-20191015-67qjk-1482321572, networkLocation: /default-rack, certSerialId: null} reports an CLOSED replica.
2019-10-15 14:15:32,308 [EventQueue-ContainerReportForContainerReportHandler] WARN  container.ContainerReportHandler (AbstractContainerReportHandler.java:updateContainerState(145)) - Container #1 is in OPEN state, but the datanode 350dd957-6baf-44a5-98e5-a3496d7a986b{ip: 192.168.164.232, host: dev-nightly-20191015-67qjk-1482321572, networkLocation: /default-rack, certSerialId: null} reports an CLOSED replica.
2019-10-15 14:15:32,411 [EventQueue-ContainerReportForContainerReportHandler] WARN  container.ContainerReportHandler (AbstractContainerReportHandler.java:updateContainerState(145)) - Container #1 is in OPEN state, but the datanode 2ac0d02e-9e70-4102-8ecc-87abf8a9c7ab{ip: 192.168.164.232, host: dev-nightly-20191015-67qjk-1482321572, networkLocation: /default-rack, certSerialId: null} reports an CLOSED replica.
2019-10-15 14:15:32,608 [EventQueue-ContainerReportForContainerReportHandler] WARN  container.ContainerReportHandler (AbstractContainerReportHandler.java:updateContainerState(145)) - Container #1 is in OPEN state, but the datanode 350dd957-6baf-44a5-98e5-a3496d7a986b{ip: 192.168.164.232, host: dev-nightly-20191015-67qjk-1482321572, networkLocation: /default-rack, certSerialId: null} reports an CLOSED replica.
2019-10-15 14:15:32,611 [EventQueue-ContainerReportForContainerReportHandler] WARN  container.ContainerReportHandler (AbstractContainerReportHandler.java:updateContainerState(145)) - Container #1 is in OPEN state, but the datanode 2ac0d02e-9e70-4102-8ecc-87abf8a9c7ab{ip: 192.168.164.232, host: dev-nightly-20191015-67qjk-1482321572, networkLocation: /default-rack, certSerialId: null} reports an CLOSED replica.
2019-10-15 14:15:32,908 [EventQueue-ContainerReportForContainerReportHandler] WARN  container.ContainerReportHandler (AbstractContainerReportHandler.java:updateContainerState(145)) - Container #1 is in OPEN state, but the datanode 350dd957-6baf-44a5-98e5-a3496d7a986b{ip: 192.168.164.232, host: dev-nightly-20191015-67qjk-1482321572, networkLocation: /default-rack, certSerialId: null} reports an CLOSED replica.
2019-10-15 14:15:32,912 [EventQueue-ContainerReportForContainerReportHandler] WARN  container.ContainerReportHandler (AbstractContainerReportHandler.java:updateContainerState(145)) - Container #1 is in OPEN state, but the datanode 2ac0d02e-9e70-4102-8ecc-87abf8a9c7ab{ip: 192.168.164.232, host: dev-nightly-20191015-67qjk-1482321572, networkLocation: /default-rack, certSerialId: null} reports an CLOSED replica.
2019-10-15 14:15:32,928 [BlockDeletingService#2] WARN  background.BlockDeletingService (BlockDeletingService.java:isDeletionAllowed(187)) - Close Container log Index 6 is not replicated across allthe servers in the pipeline af09b2c2-cc5c-4d70-8ada-488dd1d6d11b as the min replicated index is 4. Deletion is not allowed in this container yet.
2019-10-15 14:15:32,928 [BlockDeletingService#2] WARN  background.BlockDeletingService (BlockDeletingService.java:isDeletionAllowed(187)) - Close Container log Index 6 is not replicated across allthe servers in the pipeline af09b2c2-cc5c-4d70-8ada-488dd1d6d11b as the min replicated index is 4. Deletion is not allowed in this container yet.
2019-10-15 14:15:33,095 [java.util.concurrent.ThreadPoolExecutor$Worker@2009095b[State = -1, empty queue]] WARN  server.GrpcLogAppender (GrpcLogAppender.java:timeoutAppendRequest(209)) - 2ac0d02e-9e70-4102-8ecc-87abf8a9c7ab@group-488DD1D6D11B->4e1c66a4-792a-4350-b244-4dedea3f57a8-GrpcLogAppender: appendEntries Timeout, request=2ac0d02e-9e70-4102-8ecc-87abf8a9c7ab->4e1c66a4-792a-4350-b244-4dedea3f57a8#29-t3, previous=(t:3, i:10), leaderCommit=10, initializing? false, entries: <empty>
2019-10-15 14:15:33,109 [EventQueue-ContainerReportForContainerReportHandler] WARN  container.ContainerReportHandler (AbstractContainerReportHandler.java:updateContainerState(145)) - Container #1 is in OPEN state, but the datanode 350dd957-6baf-44a5-98e5-a3496d7a986b{ip: 192.168.164.232, host: dev-nightly-20191015-67qjk-1482321572, networkLocation: /default-rack, certSerialId: null} reports an CLOSED replica.
2019-10-15 14:15:33,112 [EventQueue-ContainerReportForContainerReportHandler] WARN  container.ContainerReportHandler (AbstractContainerReportHandler.java:updateContainerState(145)) - Container #1 is in OPEN state, but the datanode 2ac0d02e-9e70-4102-8ecc-87abf8a9c7ab{ip: 192.168.164.232, host: dev-nightly-20191015-67qjk-1482321572, networkLocation: /default-rack, certSerialId: null} reports an CLOSED replica.
2019-10-15 14:15:33,312 [EventQueue-ContainerReportForContainerReportHandler] WARN  container.ContainerReportHandler (AbstractContainerReportHandler.java:updateContainerState(145)) - Container #1 is in OPEN state, but the datanode 2ac0d02e-9e70-4102-8ecc-87abf8a9c7ab{ip: 192.168.164.232, host: dev-nightly-20191015-67qjk-1482321572, networkLocation: /default-rack, certSerialId: null} reports an CLOSED replica.
2019-10-15 14:15:33,511 [EventQueue-ContainerReportForContainerReportHandler] WARN  container.ContainerReportHandler (AbstractContainerReportHandler.java:updateContainerState(145)) - Container #1 is in OPEN state, but the datanode 350dd957-6baf-44a5-98e5-a3496d7a986b{ip: 192.168.164.232, host: dev-nightly-20191015-67qjk-1482321572, networkLocation: /default-rack, certSerialId: null} reports an CLOSED replica.
2019-10-15 14:15:33,615 [EventQueue-ContainerReportForContainerReportHandler] WARN  container.ContainerReportHandler (AbstractContainerReportHandler.java:updateContainerState(145)) - Container #1 is in OPEN state, but the datanode 2ac0d02e-9e70-4102-8ecc-87abf8a9c7ab{ip: 192.168.164.232, host: dev-nightly-20191015-67qjk-1482321572, networkLocation: /default-rack, certSerialId: null} reports an CLOSED replica.
2019-10-15 14:15:33,712 [EventQueue-ContainerReportForContainerReportHandler] WARN  container.ContainerReportHandler (AbstractContainerReportHandler.java:updateContainerState(145)) - Container #1 is in OPEN state, but the datanode 350dd957-6baf-44a5-98e5-a3496d7a986b{ip: 192.168.164.232, host: dev-nightly-20191015-67qjk-1482321572, networkLocation: /default-rack, certSerialId: null} reports an CLOSED replica.
2019-10-15 14:15:33,915 [EventQueue-ContainerReportForContainerReportHandler] WARN  container.ContainerReportHandler (AbstractContainerReportHandler.java:updateContainerState(145)) - Container #1 is in OPEN state, but the datanode 2ac0d02e-9e70-4102-8ecc-87abf8a9c7ab{ip: 192.168.164.232, host: dev-nightly-20191015-67qjk-1482321572, networkLocation: /default-rack, certSerialId: null} reports an CLOSED replica.
2019-10-15 14:15:33,931 [BlockDeletingService#2] WARN  background.BlockDeletingService (BlockDeletingService.java:isDeletionAllowed(187)) - Close Container log Index 6 is not replicated across allthe servers in the pipeline af09b2c2-cc5c-4d70-8ada-488dd1d6d11b as the min replicated index is 4. Deletion is not allowed in this container yet.
2019-10-15 14:15:33,931 [BlockDeletingService#2] WARN  background.BlockDeletingService (BlockDeletingService.java:isDeletionAllowed(187)) - Close Container log Index 6 is not replicated across allthe servers in the pipeline af09b2c2-cc5c-4d70-8ada-488dd1d6d11b as the min replicated index is 4. Deletion is not allowed in this container yet.
2019-10-15 14:15:34,011 [EventQueue-ContainerReportForContainerReportHandler] WARN  container.ContainerReportHandler (AbstractContainerReportHandler.java:updateContainerState(145)) - Container #1 is in OPEN state, but the datanode 350dd957-6baf-44a5-98e5-a3496d7a986b{ip: 192.168.164.232, host: dev-nightly-20191015-67qjk-1482321572, networkLocation: /default-rack, certSerialId: null} reports an CLOSED replica.
2019-10-15 14:15:34,216 [EventQueue-ContainerReportForContainerReportHandler] WARN  container.ContainerReportHandler (AbstractContainerReportHandler.java:updateContainerState(145)) - Container #1 is in OPEN state, but the datanode 2ac0d02e-9e70-4102-8ecc-87abf8a9c7ab{ip: 192.168.164.232, host: dev-nightly-20191015-67qjk-1482321572, networkLocation: /default-rack, certSerialId: null} reports an CLOSED replica.
2019-10-15 14:15:34,310 [EventQueue-ContainerReportForContainerReportHandler] WARN  container.ContainerReportHandler (AbstractContainerReportHandler.java:updateContainerState(145)) - Container #1 is in OPEN state, but the datanode 350dd957-6baf-44a5-98e5-a3496d7a986b{ip: 192.168.164.232, host: dev-nightly-20191015-67qjk-1482321572, networkLocation: /default-rack, certSerialId: null} reports an CLOSED replica.
2019-10-15 14:15:34,516 [EventQueue-ContainerReportForContainerReportHandler] WARN  container.ContainerReportHandler (AbstractContainerReportHandler.java:updateContainerState(145)) - Container #1 is in OPEN state, but the datanode 2ac0d02e-9e70-4102-8ecc-87abf8a9c7ab{ip: 192.168.164.232, host: dev-nightly-20191015-67qjk-1482321572, networkLocation: /default-rack, certSerialId: null} reports an CLOSED replica.
2019-10-15 14:15:34,611 [EventQueue-ContainerReportForContainerReportHandler] WARN  container.ContainerReportHandler (AbstractContainerReportHandler.java:updateContainerState(145)) - Container #1 is in OPEN state, but the datanode 350dd957-6baf-44a5-98e5-a3496d7a986b{ip: 192.168.164.232, host: dev-nightly-20191015-67qjk-1482321572, networkLocation: /default-rack, certSerialId: null} reports an CLOSED replica.
2019-10-15 14:15:34,911 [EventQueue-ContainerReportForContainerReportHandler] WARN  container.ContainerReportHandler (AbstractContainerReportHandler.java:updateContainerState(145)) - Container #1 is in OPEN state, but the datanode 350dd957-6baf-44a5-98e5-a3496d7a986b{ip: 192.168.164.232, host: dev-nightly-20191015-67qjk-1482321572, networkLocation: /default-rack, certSerialId: null} reports an CLOSED replica.
2019-10-15 14:15:34,916 [EventQueue-ContainerReportForContainerReportHandler] WARN  container.ContainerReportHandler (AbstractContainerReportHandler.java:updateContainerState(145)) - Container #1 is in OPEN state, but the datanode 2ac0d02e-9e70-4102-8ecc-87abf8a9c7ab{ip: 192.168.164.232, host: dev-nightly-20191015-67qjk-1482321572, networkLocation: /default-rack, certSerialId: null} reports an CLOSED replica.
2019-10-15 14:15:34,933 [BlockDeletingService#2] WARN  background.BlockDeletingService (BlockDeletingService.java:isDeletionAllowed(187)) - Close Container log Index 6 is not replicated across allthe servers in the pipeline af09b2c2-cc5c-4d70-8ada-488dd1d6d11b as the min replicated index is 4. Deletion is not allowed in this container yet.
2019-10-15 14:15:34,933 [BlockDeletingService#2] WARN  background.BlockDeletingService (BlockDeletingService.java:isDeletionAllowed(187)) - Close Container log Index 6 is not replicated across allthe servers in the pipeline af09b2c2-cc5c-4d70-8ada-488dd1d6d11b as the min replicated index is 4. Deletion is not allowed in this container yet.
2019-10-15 14:15:35,210 [EventQueue-ContainerReportForContainerReportHandler] WARN  container.ContainerReportHandler (AbstractContainerReportHandler.java:updateContainerState(145)) - Container #1 is in OPEN state, but the datanode 350dd957-6baf-44a5-98e5-a3496d7a986b{ip: 192.168.164.232, host: dev-nightly-20191015-67qjk-1482321572, networkLocation: /default-rack, certSerialId: null} reports an CLOSED replica.
2019-10-15 14:15:35,217 [EventQueue-ContainerReportForContainerReportHandler] WARN  container.ContainerReportHandler (AbstractContainerReportHandler.java:updateContainerState(145)) - Container #1 is in OPEN state, but the datanode 2ac0d02e-9e70-4102-8ecc-87abf8a9c7ab{ip: 192.168.164.232, host: dev-nightly-20191015-67qjk-1482321572, networkLocation: /default-rack, certSerialId: null} reports an CLOSED replica.
2019-10-15 14:15:35,417 [EventQueue-ContainerReportForContainerReportHandler] WARN  container.ContainerReportHandler (AbstractContainerReportHandler.java:updateContainerState(145)) - Container #1 is in OPEN state, but the datanode 2ac0d02e-9e70-4102-8ecc-87abf8a9c7ab{ip: 192.168.164.232, host: dev-nightly-20191015-67qjk-1482321572, networkLocation: /default-rack, certSerialId: null} reports an CLOSED replica.
2019-10-15 14:15:35,597 [java.util.concurrent.ThreadPoolExecutor$Worker@2009095b[State = -1, empty queue]] WARN  server.GrpcLogAppender (GrpcLogAppender.java:timeoutAppendRequest(209)) - 2ac0d02e-9e70-4102-8ecc-87abf8a9c7ab@group-488DD1D6D11B->4e1c66a4-792a-4350-b244-4dedea3f57a8-GrpcLogAppender: appendEntries Timeout, request=2ac0d02e-9e70-4102-8ecc-87abf8a9c7ab->4e1c66a4-792a-4350-b244-4dedea3f57a8#30-t3, previous=(t:3, i:10), leaderCommit=10, initializing? false, entries: <empty>
2019-10-15 14:15:35,612 [EventQueue-ContainerReportForContainerReportHandler] WARN  container.ContainerReportHandler (AbstractContainerReportHandler.java:updateContainerState(145)) - Container #1 is in OPEN state, but the datanode 350dd957-6baf-44a5-98e5-a3496d7a986b{ip: 192.168.164.232, host: dev-nightly-20191015-67qjk-1482321572, networkLocation: /default-rack, certSerialId: null} reports an CLOSED replica.
2019-10-15 14:15:35,812 [EventQueue-ContainerReportForContainerReportHandler] WARN  container.ContainerReportHandler (AbstractContainerReportHandler.java:updateContainerState(145)) - Container #1 is in OPEN state, but the datanode 350dd957-6baf-44a5-98e5-a3496d7a986b{ip: 192.168.164.232, host: dev-nightly-20191015-67qjk-1482321572, networkLocation: /default-rack, certSerialId: null} reports an CLOSED replica.
2019-10-15 14:15:35,818 [EventQueue-ContainerReportForContainerReportHandler] WARN  container.ContainerReportHandler (AbstractContainerReportHandler.java:updateContainerState(145)) - Container #1 is in OPEN state, but the datanode 2ac0d02e-9e70-4102-8ecc-87abf8a9c7ab{ip: 192.168.164.232, host: dev-nightly-20191015-67qjk-1482321572, networkLocation: /default-rack, certSerialId: null} reports an CLOSED replica.
2019-10-15 14:15:35,935 [BlockDeletingService#2] WARN  background.BlockDeletingService (BlockDeletingService.java:isDeletionAllowed(187)) - Close Container log Index 6 is not replicated across allthe servers in the pipeline af09b2c2-cc5c-4d70-8ada-488dd1d6d11b as the min replicated index is 4. Deletion is not allowed in this container yet.
2019-10-15 14:15:35,935 [BlockDeletingService#2] WARN  background.BlockDeletingService (BlockDeletingService.java:isDeletionAllowed(187)) - Close Container log Index 6 is not replicated across allthe servers in the pipeline af09b2c2-cc5c-4d70-8ada-488dd1d6d11b as the min replicated index is 4. Deletion is not allowed in this container yet.
2019-10-15 14:15:36,112 [EventQueue-ContainerReportForContainerReportHandler] WARN  container.ContainerReportHandler (AbstractContainerReportHandler.java:updateContainerState(145)) - Container #1 is in OPEN state, but the datanode 350dd957-6baf-44a5-98e5-a3496d7a986b{ip: 192.168.164.232, host: dev-nightly-20191015-67qjk-1482321572, networkLocation: /default-rack, certSerialId: null} reports an CLOSED replica.
2019-10-15 14:15:36,117 [EventQueue-ContainerReportForContainerReportHandler] WARN  container.ContainerReportHandler (AbstractContainerReportHandler.java:updateContainerState(145)) - Container #1 is in OPEN state, but the datanode 2ac0d02e-9e70-4102-8ecc-87abf8a9c7ab{ip: 192.168.164.232, host: dev-nightly-20191015-67qjk-1482321572, networkLocation: /default-rack, certSerialId: null} reports an CLOSED replica.
2019-10-15 14:15:36,191 [Thread-379] INFO  client.GrpcClientProtocolService (GrpcClientProtocolService.java:lambda$processClientRequest$0(278)) - Failed RaftClientRequest:client-E8AF2CDF2BB3->350dd957-6baf-44a5-98e5-a3496d7a986b@group-488DD1D6D11B, cid=10, seq=0, Watch-ALL_COMMITTED(6), Message:<EMPTY>, reply=RaftClientReply:client-E8AF2CDF2BB3->350dd957-6baf-44a5-98e5-a3496d7a986b@group-488DD1D6D11B, cid=10, FAILED org.apache.ratis.protocol.NotLeaderException: Server 350dd957-6baf-44a5-98e5-a3496d7a986b@group-488DD1D6D11B is not the leader 2ac0d02e-9e70-4102-8ecc-87abf8a9c7ab:192.168.164.232:40013, logIndex=0, commits[350dd957-6baf-44a5-98e5-a3496d7a986b:c10, 2ac0d02e-9e70-4102-8ecc-87abf8a9c7ab:c10, 4e1c66a4-792a-4350-b244-4dedea3f57a8:c4]
2019-10-15 14:15:36,413 [EventQueue-ContainerReportForContainerReportHandler] WARN  container.ContainerReportHandler (AbstractContainerReportHandler.java:updateContainerState(145)) - Container #1 is in OPEN state, but the datanode 350dd957-6baf-44a5-98e5-a3496d7a986b{ip: 192.168.164.232, host: dev-nightly-20191015-67qjk-1482321572, networkLocation: /default-rack, certSerialId: null} reports an CLOSED replica.
2019-10-15 14:15:36,418 [EventQueue-ContainerReportForContainerReportHandler] WARN  container.ContainerReportHandler (AbstractContainerReportHandler.java:updateContainerState(145)) - Container #1 is in OPEN state, but the datanode 2ac0d02e-9e70-4102-8ecc-87abf8a9c7ab{ip: 192.168.164.232, host: dev-nightly-20191015-67qjk-1482321572, networkLocation: /default-rack, certSerialId: null} reports an CLOSED replica.
2019-10-15 14:15:36,719 [EventQueue-ContainerReportForContainerReportHandler] WARN  container.ContainerReportHandler (AbstractContainerReportHandler.java:updateContainerState(145)) - Container #1 is in OPEN state, but the datanode 2ac0d02e-9e70-4102-8ecc-87abf8a9c7ab{ip: 192.168.164.232, host: dev-nightly-20191015-67qjk-1482321572, networkLocation: /default-rack, certSerialId: null} reports an CLOSED replica.
2019-10-15 14:15:36,814 [EventQueue-ContainerReportForContainerReportHandler] WARN  container.ContainerReportHandler (AbstractContainerReportHandler.java:updateContainerState(145)) - Container #1 is in OPEN state, but the datanode 350dd957-6baf-44a5-98e5-a3496d7a986b{ip: 192.168.164.232, host: dev-nightly-20191015-67qjk-1482321572, networkLocation: /default-rack, certSerialId: null} reports an CLOSED replica.
2019-10-15 14:15:36,937 [BlockDeletingService#2] WARN  background.BlockDeletingService (BlockDeletingService.java:isDeletionAllowed(187)) - Close Container log Index 6 is not replicated across allthe servers in the pipeline af09b2c2-cc5c-4d70-8ada-488dd1d6d11b as the min replicated index is 4. Deletion is not allowed in this container yet.
2019-10-15 14:15:36,937 [BlockDeletingService#2] WARN  background.BlockDeletingService (BlockDeletingService.java:isDeletionAllowed(187)) - Close Container log Index 6 is not replicated across allthe servers in the pipeline af09b2c2-cc5c-4d70-8ada-488dd1d6d11b as the min replicated index is 4. Deletion is not allowed in this container yet.
2019-10-15 14:15:37,013 [EventQueue-ContainerReportForContainerReportHandler] WARN  container.ContainerReportHandler (AbstractContainerReportHandler.java:updateContainerState(145)) - Container #1 is in OPEN state, but the datanode 350dd957-6baf-44a5-98e5-a3496d7a986b{ip: 192.168.164.232, host: dev-nightly-20191015-67qjk-1482321572, networkLocation: /default-rack, certSerialId: null} reports an CLOSED replica.
2019-10-15 14:15:37,020 [EventQueue-ContainerReportForContainerReportHandler] WARN  container.ContainerReportHandler (AbstractContainerReportHandler.java:updateContainerState(145)) - Container #1 is in OPEN state, but the datanode 2ac0d02e-9e70-4102-8ecc-87abf8a9c7ab{ip: 192.168.164.232, host: dev-nightly-20191015-67qjk-1482321572, networkLocation: /default-rack, certSerialId: null} reports an CLOSED replica.
2019-10-15 14:15:37,213 [EventQueue-ContainerReportForContainerReportHandler] WARN  container.ContainerReportHandler (AbstractContainerReportHandler.java:updateContainerState(145)) - Container #1 is in OPEN state, but the datanode 350dd957-6baf-44a5-98e5-a3496d7a986b{ip: 192.168.164.232, host: dev-nightly-20191015-67qjk-1482321572, networkLocation: /default-rack, certSerialId: null} reports an CLOSED replica.
2019-10-15 14:15:37,220 [EventQueue-ContainerReportForContainerReportHandler] WARN  container.ContainerReportHandler (AbstractContainerReportHandler.java:updateContainerState(145)) - Container #1 is in OPEN state, but the datanode 2ac0d02e-9e70-4102-8ecc-87abf8a9c7ab{ip: 192.168.164.232, host: dev-nightly-20191015-67qjk-1482321572, networkLocation: /default-rack, certSerialId: null} reports an CLOSED replica.
2019-10-15 14:15:37,516 [EventQueue-ContainerReportForContainerReportHandler] WARN  container.ContainerReportHandler (AbstractContainerReportHandler.java:updateContainerState(145)) - Container #1 is in OPEN state, but the datanode 350dd957-6baf-44a5-98e5-a3496d7a986b{ip: 192.168.164.232, host: dev-nightly-20191015-67qjk-1482321572, networkLocation: /default-rack, certSerialId: null} reports an CLOSED replica.
2019-10-15 14:15:37,521 [EventQueue-ContainerReportForContainerReportHandler] WARN  container.ContainerReportHandler (AbstractContainerReportHandler.java:updateContainerState(145)) - Container #1 is in OPEN state, but the datanode 2ac0d02e-9e70-4102-8ecc-87abf8a9c7ab{ip: 192.168.164.232, host: dev-nightly-20191015-67qjk-1482321572, networkLocation: /default-rack, certSerialId: null} reports an CLOSED replica.
2019-10-15 14:15:37,682 [Thread-386] INFO  client.GrpcClientProtocolService (GrpcClientProtocolService.java:lambda$processClientRequest$0(278)) - Failed RaftClientRequest:client-E8AF2CDF2BB3->2ac0d02e-9e70-4102-8ecc-87abf8a9c7ab@group-488DD1D6D11B, cid=10, seq=0, Watch-ALL_COMMITTED(6), Message:<EMPTY>, reply=RaftClientReply:client-E8AF2CDF2BB3->2ac0d02e-9e70-4102-8ecc-87abf8a9c7ab@group-488DD1D6D11B, cid=10, FAILED org.apache.ratis.protocol.NotReplicatedException: Request with call Id 10 and log index 6 is not yet replicated to ALL_COMMITTED, logIndex=6, commits[2ac0d02e-9e70-4102-8ecc-87abf8a9c7ab:c10, 4e1c66a4-792a-4350-b244-4dedea3f57a8:c4, 350dd957-6baf-44a5-98e5-a3496d7a986b:c10]
2019-10-15 14:15:37,721 [EventQueue-ContainerReportForContainerReportHandler] WARN  container.ContainerReportHandler (AbstractContainerReportHandler.java:updateContainerState(145)) - Container #1 is in OPEN state, but the datanode 2ac0d02e-9e70-4102-8ecc-87abf8a9c7ab{ip: 192.168.164.232, host: dev-nightly-20191015-67qjk-1482321572, networkLocation: /default-rack, certSerialId: null} reports an CLOSED replica.
2019-10-15 14:15:37,817 [EventQueue-ContainerReportForContainerReportHandler] WARN  container.ContainerReportHandler (AbstractContainerReportHandler.java:updateContainerState(145)) - Container #1 is in OPEN state, but the datanode 350dd957-6baf-44a5-98e5-a3496d7a986b{ip: 192.168.164.232, host: dev-nightly-20191015-67qjk-1482321572, networkLocation: /default-rack, certSerialId: null} reports an CLOSED replica.
2019-10-15 14:15:37,940 [BlockDeletingService#2] WARN  background.BlockDeletingService (BlockDeletingService.java:isDeletionAllowed(187)) - Close Container log Index 6 is not replicated across allthe servers in the pipeline af09b2c2-cc5c-4d70-8ada-488dd1d6d11b as the min replicated index is 4. Deletion is not allowed in this container yet.
2019-10-15 14:15:37,940 [BlockDeletingService#2] WARN  background.BlockDeletingService (BlockDeletingService.java:isDeletionAllowed(187)) - Close Container log Index 6 is not replicated across allthe servers in the pipeline af09b2c2-cc5c-4d70-8ada-488dd1d6d11b as the min replicated index is 4. Deletion is not allowed in this container yet.
2019-10-15 14:15:38,021 [EventQueue-ContainerReportForContainerReportHandler] WARN  container.ContainerReportHandler (AbstractContainerReportHandler.java:updateContainerState(145)) - Container #1 is in OPEN state, but the datanode 2ac0d02e-9e70-4102-8ecc-87abf8a9c7ab{ip: 192.168.164.232, host: dev-nightly-20191015-67qjk-1482321572, networkLocation: /default-rack, certSerialId: null} reports an CLOSED replica.
2019-10-15 14:15:38,100 [java.util.concurrent.ThreadPoolExecutor$Worker@2009095b[State = -1, empty queue]] WARN  server.GrpcLogAppender (GrpcLogAppender.java:timeoutAppendRequest(209)) - 2ac0d02e-9e70-4102-8ecc-87abf8a9c7ab@group-488DD1D6D11B->4e1c66a4-792a-4350-b244-4dedea3f57a8-GrpcLogAppender: appendEntries Timeout, request=2ac0d02e-9e70-4102-8ecc-87abf8a9c7ab->4e1c66a4-792a-4350-b244-4dedea3f57a8#31-t3, previous=(t:3, i:10), leaderCommit=10, initializing? false, entries: <empty>
2019-10-15 14:15:38,218 [EventQueue-ContainerReportForContainerReportHandler] WARN  container.ContainerReportHandler (AbstractContainerReportHandler.java:updateContainerState(145)) - Container #1 is in OPEN state, but the datanode 350dd957-6baf-44a5-98e5-a3496d7a986b{ip: 192.168.164.232, host: dev-nightly-20191015-67qjk-1482321572, networkLocation: /default-rack, certSerialId: null} reports an CLOSED replica.
2019-10-15 14:15:38,420 [EventQueue-ContainerReportForContainerReportHandler] WARN  container.ContainerReportHandler (AbstractContainerReportHandler.java:updateContainerState(145)) - Container #1 is in OPEN state, but the datanode 2ac0d02e-9e70-4102-8ecc-87abf8a9c7ab{ip: 192.168.164.232, host: dev-nightly-20191015-67qjk-1482321572, networkLocation: /default-rack, certSerialId: null} reports an CLOSED replica.
2019-10-15 14:15:38,518 [EventQueue-ContainerReportForContainerReportHandler] WARN  container.ContainerReportHandler (AbstractContainerReportHandler.java:updateContainerState(145)) - Container #1 is in OPEN state, but the datanode 350dd957-6baf-44a5-98e5-a3496d7a986b{ip: 192.168.164.232, host: dev-nightly-20191015-67qjk-1482321572, networkLocation: /default-rack, certSerialId: null} reports an CLOSED replica.
2019-10-15 14:15:38,720 [EventQueue-ContainerReportForContainerReportHandler] WARN  container.ContainerReportHandler (AbstractContainerReportHandler.java:updateContainerState(145)) - Container #1 is in OPEN state, but the datanode 2ac0d02e-9e70-4102-8ecc-87abf8a9c7ab{ip: 192.168.164.232, host: dev-nightly-20191015-67qjk-1482321572, networkLocation: /default-rack, certSerialId: null} reports an CLOSED replica.
2019-10-15 14:15:38,820 [EventQueue-ContainerReportForContainerReportHandler] WARN  container.ContainerReportHandler (AbstractContainerReportHandler.java:updateContainerState(145)) - Container #1 is in OPEN state, but the datanode 350dd957-6baf-44a5-98e5-a3496d7a986b{ip: 192.168.164.232, host: dev-nightly-20191015-67qjk-1482321572, networkLocation: /default-rack, certSerialId: null} reports an CLOSED replica.
2019-10-15 14:15:38,948 [BlockDeletingService#2] WARN  background.BlockDeletingService (BlockDeletingService.java:isDeletionAllowed(187)) - Close Container log Index 6 is not replicated across allthe servers in the pipeline af09b2c2-cc5c-4d70-8ada-488dd1d6d11b as the min replicated index is 4. Deletion is not allowed in this container yet.
2019-10-15 14:15:38,948 [BlockDeletingService#2] WARN  background.BlockDeletingService (BlockDeletingService.java:isDeletionAllowed(187)) - Close Container log Index 6 is not replicated across allthe servers in the pipeline af09b2c2-cc5c-4d70-8ada-488dd1d6d11b as the min replicated index is 4. Deletion is not allowed in this container yet.
2019-10-15 14:15:39,020 [EventQueue-ContainerReportForContainerReportHandler] WARN  container.ContainerReportHandler (AbstractContainerReportHandler.java:updateContainerState(145)) - Container #1 is in OPEN state, but the datanode 350dd957-6baf-44a5-98e5-a3496d7a986b{ip: 192.168.164.232, host: dev-nightly-20191015-67qjk-1482321572, networkLocation: /default-rack, certSerialId: null} reports an CLOSED replica.
2019-10-15 14:15:39,121 [EventQueue-ContainerReportForContainerReportHandler] WARN  container.ContainerReportHandler (AbstractContainerReportHandler.java:updateContainerState(145)) - Container #1 is in OPEN state, but the datanode 2ac0d02e-9e70-4102-8ecc-87abf8a9c7ab{ip: 192.168.164.232, host: dev-nightly-20191015-67qjk-1482321572, networkLocation: /default-rack, certSerialId: null} reports an CLOSED replica.
2019-10-15 14:15:39,321 [EventQueue-ContainerReportForContainerReportHandler] WARN  container.ContainerReportHandler (AbstractContainerReportHandler.java:updateContainerState(145)) - Container #1 is in OPEN state, but the datanode 350dd957-6baf-44a5-98e5-a3496d7a986b{ip: 192.168.164.232, host: dev-nightly-20191015-67qjk-1482321572, networkLocation: /default-rack, certSerialId: null} reports an CLOSED replica.
2019-10-15 14:15:39,421 [EventQueue-ContainerReportForContainerReportHandler] WARN  container.ContainerReportHandler (AbstractContainerReportHandler.java:updateContainerState(145)) - Container #1 is in OPEN state, but the datanode 2ac0d02e-9e70-4102-8ecc-87abf8a9c7ab{ip: 192.168.164.232, host: dev-nightly-20191015-67qjk-1482321572, networkLocation: /default-rack, certSerialId: null} reports an CLOSED replica.
2019-10-15 14:15:39,721 [EventQueue-ContainerReportForContainerReportHandler] WARN  container.ContainerReportHandler (AbstractContainerReportHandler.java:updateContainerState(145)) - Container #1 is in OPEN state, but the datanode 2ac0d02e-9e70-4102-8ecc-87abf8a9c7ab{ip: 192.168.164.232, host: dev-nightly-20191015-67qjk-1482321572, networkLocation: /default-rack, certSerialId: null} reports an CLOSED replica.
2019-10-15 14:15:39,722 [EventQueue-ContainerReportForContainerReportHandler] WARN  container.ContainerReportHandler (AbstractContainerReportHandler.java:updateContainerState(145)) - Container #1 is in OPEN state, but the datanode 350dd957-6baf-44a5-98e5-a3496d7a986b{ip: 192.168.164.232, host: dev-nightly-20191015-67qjk-1482321572, networkLocation: /default-rack, certSerialId: null} reports an CLOSED replica.
2019-10-15 14:15:39,923 [EventQueue-ContainerReportForContainerReportHandler] WARN  container.ContainerReportHandler (AbstractContainerReportHandler.java:updateContainerState(145)) - Container #1 is in OPEN state, but the datanode 350dd957-6baf-44a5-98e5-a3496d7a986b{ip: 192.168.164.232, host: dev-nightly-20191015-67qjk-1482321572, networkLocation: /default-rack, certSerialId: null} reports an CLOSED replica.
2019-10-15 14:15:39,950 [BlockDeletingService#2] WARN  background.BlockDeletingService (BlockDeletingService.java:isDeletionAllowed(187)) - Close Container log Index 6 is not replicated across allthe servers in the pipeline af09b2c2-cc5c-4d70-8ada-488dd1d6d11b as the min replicated index is 4. Deletion is not allowed in this container yet.
2019-10-15 14:15:39,950 [BlockDeletingService#2] WARN  background.BlockDeletingService (BlockDeletingService.java:isDeletionAllowed(187)) - Close Container log Index 6 is not replicated across allthe servers in the pipeline af09b2c2-cc5c-4d70-8ada-488dd1d6d11b as the min replicated index is 4. Deletion is not allowed in this container yet.
2019-10-15 14:15:40,122 [EventQueue-ContainerReportForContainerReportHandler] WARN  container.ContainerReportHandler (AbstractContainerReportHandler.java:updateContainerState(145)) - Container #1 is in OPEN state, but the datanode 2ac0d02e-9e70-4102-8ecc-87abf8a9c7ab{ip: 192.168.164.232, host: dev-nightly-20191015-67qjk-1482321572, networkLocation: /default-rack, certSerialId: null} reports an CLOSED replica.
2019-10-15 14:15:40,224 [EventQueue-ContainerReportForContainerReportHandler] WARN  container.ContainerReportHandler (AbstractContainerReportHandler.java:updateContainerState(145)) - Container #1 is in OPEN state, but the datanode 350dd957-6baf-44a5-98e5-a3496d7a986b{ip: 192.168.164.232, host: dev-nightly-20191015-67qjk-1482321572, networkLocation: /default-rack, certSerialId: null} reports an CLOSED replica.
2019-10-15 14:15:40,422 [EventQueue-ContainerReportForContainerReportHandler] WARN  container.ContainerReportHandler (AbstractContainerReportHandler.java:updateContainerState(145)) - Container #1 is in OPEN state, but the datanode 2ac0d02e-9e70-4102-8ecc-87abf8a9c7ab{ip: 192.168.164.232, host: dev-nightly-20191015-67qjk-1482321572, networkLocation: /default-rack, certSerialId: null} reports an CLOSED replica.
2019-10-15 14:15:40,600 [java.util.concurrent.ThreadPoolExecutor$Worker@2009095b[State = -1, empty queue]] WARN  server.GrpcLogAppender (GrpcLogAppender.java:timeoutAppendRequest(209)) - 2ac0d02e-9e70-4102-8ecc-87abf8a9c7ab@group-488DD1D6D11B->4e1c66a4-792a-4350-b244-4dedea3f57a8-GrpcLogAppender: appendEntries Timeout, request=2ac0d02e-9e70-4102-8ecc-87abf8a9c7ab->4e1c66a4-792a-4350-b244-4dedea3f57a8#32-t3, previous=(t:3, i:10), leaderCommit=10, initializing? false, entries: <empty>
2019-10-15 14:15:40,624 [EventQueue-ContainerReportForContainerReportHandler] WARN  container.ContainerReportHandler (AbstractContainerReportHandler.java:updateContainerState(145)) - Container #1 is in OPEN state, but the datanode 350dd957-6baf-44a5-98e5-a3496d7a986b{ip: 192.168.164.232, host: dev-nightly-20191015-67qjk-1482321572, networkLocation: /default-rack, certSerialId: null} reports an CLOSED replica.
2019-10-15 14:15:40,722 [EventQueue-ContainerReportForContainerReportHandler] WARN  container.ContainerReportHandler (AbstractContainerReportHandler.java:updateContainerState(145)) - Container #1 is in OPEN state, but the datanode 2ac0d02e-9e70-4102-8ecc-87abf8a9c7ab{ip: 192.168.164.232, host: dev-nightly-20191015-67qjk-1482321572, networkLocation: /default-rack, certSerialId: null} reports an CLOSED replica.
2019-10-15 14:15:40,922 [EventQueue-ContainerReportForContainerReportHandler] WARN  container.ContainerReportHandler (AbstractContainerReportHandler.java:updateContainerState(145)) - Container #1 is in OPEN state, but the datanode 2ac0d02e-9e70-4102-8ecc-87abf8a9c7ab{ip: 192.168.164.232, host: dev-nightly-20191015-67qjk-1482321572, networkLocation: /default-rack, certSerialId: null} reports an CLOSED replica.
2019-10-15 14:15:40,924 [EventQueue-ContainerReportForContainerReportHandler] WARN  container.ContainerReportHandler (AbstractContainerReportHandler.java:updateContainerState(145)) - Container #1 is in OPEN state, but the datanode 350dd957-6baf-44a5-98e5-a3496d7a986b{ip: 192.168.164.232, host: dev-nightly-20191015-67qjk-1482321572, networkLocation: /default-rack, certSerialId: null} reports an CLOSED replica.
2019-10-15 14:15:40,953 [BlockDeletingService#2] WARN  background.BlockDeletingService (BlockDeletingService.java:isDeletionAllowed(187)) - Close Container log Index 6 is not replicated across allthe servers in the pipeline af09b2c2-cc5c-4d70-8ada-488dd1d6d11b as the min replicated index is 4. Deletion is not allowed in this container yet.
2019-10-15 14:15:40,953 [BlockDeletingService#2] WARN  background.BlockDeletingService (BlockDeletingService.java:isDeletionAllowed(187)) - Close Container log Index 6 is not replicated across allthe servers in the pipeline af09b2c2-cc5c-4d70-8ada-488dd1d6d11b as the min replicated index is 4. Deletion is not allowed in this container yet.
2019-10-15 14:15:41,223 [EventQueue-ContainerReportForContainerReportHandler] WARN  container.ContainerReportHandler (AbstractContainerReportHandler.java:updateContainerState(145)) - Container #1 is in OPEN state, but the datanode 2ac0d02e-9e70-4102-8ecc-87abf8a9c7ab{ip: 192.168.164.232, host: dev-nightly-20191015-67qjk-1482321572, networkLocation: /default-rack, certSerialId: null} reports an CLOSED replica.
2019-10-15 14:15:41,326 [EventQueue-ContainerReportForContainerReportHandler] WARN  container.ContainerReportHandler (AbstractContainerReportHandler.java:updateContainerState(145)) - Container #1 is in OPEN state, but the datanode 350dd957-6baf-44a5-98e5-a3496d7a986b{ip: 192.168.164.232, host: dev-nightly-20191015-67qjk-1482321572, networkLocation: /default-rack, certSerialId: null} reports an CLOSED replica.
2019-10-15 14:15:41,623 [EventQueue-ContainerReportForContainerReportHandler] WARN  container.ContainerReportHandler (AbstractContainerReportHandler.java:updateContainerState(145)) - Container #1 is in OPEN state, but the datanode 2ac0d02e-9e70-4102-8ecc-87abf8a9c7ab{ip: 192.168.164.232, host: dev-nightly-20191015-67qjk-1482321572, networkLocation: /default-rack, certSerialId: null} reports an CLOSED replica.
2019-10-15 14:15:41,723 [EventQueue-ContainerReportForContainerReportHandler] WARN  container.ContainerReportHandler (AbstractContainerReportHandler.java:updateContainerState(145)) - Container #1 is in OPEN state, but the datanode 350dd957-6baf-44a5-98e5-a3496d7a986b{ip: 192.168.164.232, host: dev-nightly-20191015-67qjk-1482321572, networkLocation: /default-rack, certSerialId: null} reports an CLOSED replica.
2019-10-15 14:15:41,923 [EventQueue-ContainerReportForContainerReportHandler] WARN  container.ContainerReportHandler (AbstractContainerReportHandler.java:updateContainerState(145)) - Container #1 is in OPEN state, but the datanode 2ac0d02e-9e70-4102-8ecc-87abf8a9c7ab{ip: 192.168.164.232, host: dev-nightly-20191015-67qjk-1482321572, networkLocation: /default-rack, certSerialId: null} reports an CLOSED replica.
2019-10-15 14:15:41,956 [BlockDeletingService#2] WARN  background.BlockDeletingService (BlockDeletingService.java:isDeletionAllowed(187)) - Close Container log Index 6 is not replicated across allthe servers in the pipeline af09b2c2-cc5c-4d70-8ada-488dd1d6d11b as the min replicated index is 4. Deletion is not allowed in this container yet.
2019-10-15 14:15:41,956 [BlockDeletingService#2] WARN  background.BlockDeletingService (BlockDeletingService.java:isDeletionAllowed(187)) - Close Container log Index 6 is not replicated across allthe servers in the pipeline af09b2c2-cc5c-4d70-8ada-488dd1d6d11b as the min replicated index is 4. Deletion is not allowed in this container yet.
2019-10-15 14:15:42,024 [EventQueue-ContainerReportForContainerReportHandler] WARN  container.ContainerReportHandler (AbstractContainerReportHandler.java:updateContainerState(145)) - Container #1 is in OPEN state, but the datanode 350dd957-6baf-44a5-98e5-a3496d7a986b{ip: 192.168.164.232, host: dev-nightly-20191015-67qjk-1482321572, networkLocation: /default-rack, certSerialId: null} reports an CLOSED replica.
2019-10-15 14:15:42,223 [EventQueue-ContainerReportForContainerReportHandler] WARN  container.ContainerReportHandler (AbstractContainerReportHandler.java:updateContainerState(145)) - Container #1 is in OPEN state, but the datanode 2ac0d02e-9e70-4102-8ecc-87abf8a9c7ab{ip: 192.168.164.232, host: dev-nightly-20191015-67qjk-1482321572, networkLocation: /default-rack, certSerialId: null} reports an CLOSED replica.
2019-10-15 14:15:42,323 [EventQueue-ContainerReportForContainerReportHandler] WARN  container.ContainerReportHandler (AbstractContainerReportHandler.java:updateContainerState(145)) - Container #1 is in OPEN state, but the datanode 350dd957-6baf-44a5-98e5-a3496d7a986b{ip: 192.168.164.232, host: dev-nightly-20191015-67qjk-1482321572, networkLocation: /default-rack, certSerialId: null} reports an CLOSED replica.
2019-10-15 14:15:42,422 [EventQueue-ContainerReportForContainerReportHandler] WARN  container.ContainerReportHandler (AbstractContainerReportHandler.java:updateContainerState(145)) - Container #1 is in OPEN state, but the datanode 2ac0d02e-9e70-4102-8ecc-87abf8a9c7ab{ip: 192.168.164.232, host: dev-nightly-20191015-67qjk-1482321572, networkLocation: /default-rack, certSerialId: null} reports an CLOSED replica.
2019-10-15 14:15:42,623 [EventQueue-ContainerReportForContainerReportHandler] WARN  container.ContainerReportHandler (AbstractContainerReportHandler.java:updateContainerState(145)) - Container #1 is in OPEN state, but the datanode 2ac0d02e-9e70-4102-8ecc-87abf8a9c7ab{ip: 192.168.164.232, host: dev-nightly-20191015-67qjk-1482321572, networkLocation: /default-rack, certSerialId: null} reports an CLOSED replica.
2019-10-15 14:15:42,624 [EventQueue-ContainerReportForContainerReportHandler] WARN  container.ContainerReportHandler (AbstractContainerReportHandler.java:updateContainerState(145)) - Container #1 is in OPEN state, but the datanode 350dd957-6baf-44a5-98e5-a3496d7a986b{ip: 192.168.164.232, host: dev-nightly-20191015-67qjk-1482321572, networkLocation: /default-rack, certSerialId: null} reports an CLOSED replica.
2019-10-15 14:15:42,824 [EventQueue-ContainerReportForContainerReportHandler] WARN  container.ContainerReportHandler (AbstractContainerReportHandler.java:updateContainerState(145)) - Container #1 is in OPEN state, but the datanode 350dd957-6baf-44a5-98e5-a3496d7a986b{ip: 192.168.164.232, host: dev-nightly-20191015-67qjk-1482321572, networkLocation: /default-rack, certSerialId: null} reports an CLOSED replica.
2019-10-15 14:15:42,923 [EventQueue-ContainerReportForContainerReportHandler] WARN  container.ContainerReportHandler (AbstractContainerReportHandler.java:updateContainerState(145)) - Container #1 is in OPEN state, but the datanode 2ac0d02e-9e70-4102-8ecc-87abf8a9c7ab{ip: 192.168.164.232, host: dev-nightly-20191015-67qjk-1482321572, networkLocation: /default-rack, certSerialId: null} reports an CLOSED replica.
2019-10-15 14:15:42,958 [BlockDeletingService#2] WARN  background.BlockDeletingService (BlockDeletingService.java:isDeletionAllowed(187)) - Close Container log Index 6 is not replicated across allthe servers in the pipeline af09b2c2-cc5c-4d70-8ada-488dd1d6d11b as the min replicated index is 4. Deletion is not allowed in this container yet.
2019-10-15 14:15:42,958 [BlockDeletingService#2] WARN  background.BlockDeletingService (BlockDeletingService.java:isDeletionAllowed(187)) - Close Container log Index 6 is not replicated across allthe servers in the pipeline af09b2c2-cc5c-4d70-8ada-488dd1d6d11b as the min replicated index is 4. Deletion is not allowed in this container yet.
2019-10-15 14:15:43,101 [java.util.concurrent.ThreadPoolExecutor$Worker@2009095b[State = -1, empty queue]] WARN  server.GrpcLogAppender (GrpcLogAppender.java:timeoutAppendRequest(209)) - 2ac0d02e-9e70-4102-8ecc-87abf8a9c7ab@group-488DD1D6D11B->4e1c66a4-792a-4350-b244-4dedea3f57a8-GrpcLogAppender: appendEntries Timeout, request=2ac0d02e-9e70-4102-8ecc-87abf8a9c7ab->4e1c66a4-792a-4350-b244-4dedea3f57a8#33-t3, previous=(t:3, i:10), leaderCommit=10, initializing? false, entries: <empty>
2019-10-15 14:15:43,123 [EventQueue-ContainerReportForContainerReportHandler] WARN  container.ContainerReportHandler (AbstractContainerReportHandler.java:updateContainerState(145)) - Container #1 is in OPEN state, but the datanode 350dd957-6baf-44a5-98e5-a3496d7a986b{ip: 192.168.164.232, host: dev-nightly-20191015-67qjk-1482321572, networkLocation: /default-rack, certSerialId: null} reports an CLOSED replica.
2019-10-15 14:15:43,225 [EventQueue-ContainerReportForContainerReportHandler] WARN  container.ContainerReportHandler (AbstractContainerReportHandler.java:updateContainerState(145)) - Container #1 is in OPEN state, but the datanode 2ac0d02e-9e70-4102-8ecc-87abf8a9c7ab{ip: 192.168.164.232, host: dev-nightly-20191015-67qjk-1482321572, networkLocation: /default-rack, certSerialId: null} reports an CLOSED replica.
2019-10-15 14:15:43,423 [EventQueue-ContainerReportForContainerReportHandler] WARN  container.ContainerReportHandler (AbstractContainerReportHandler.java:updateContainerState(145)) - Container #1 is in OPEN state, but the datanode 350dd957-6baf-44a5-98e5-a3496d7a986b{ip: 192.168.164.232, host: dev-nightly-20191015-67qjk-1482321572, networkLocation: /default-rack, certSerialId: null} reports an CLOSED replica.
2019-10-15 14:15:43,625 [EventQueue-ContainerReportForContainerReportHandler] WARN  container.ContainerReportHandler (AbstractContainerReportHandler.java:updateContainerState(145)) - Container #1 is in OPEN state, but the datanode 2ac0d02e-9e70-4102-8ecc-87abf8a9c7ab{ip: 192.168.164.232, host: dev-nightly-20191015-67qjk-1482321572, networkLocation: /default-rack, certSerialId: null} reports an CLOSED replica.
2019-10-15 14:15:43,724 [EventQueue-ContainerReportForContainerReportHandler] WARN  container.ContainerReportHandler (AbstractContainerReportHandler.java:updateContainerState(145)) - Container #1 is in OPEN state, but the datanode 350dd957-6baf-44a5-98e5-a3496d7a986b{ip: 192.168.164.232, host: dev-nightly-20191015-67qjk-1482321572, networkLocation: /default-rack, certSerialId: null} reports an CLOSED replica.
2019-10-15 14:15:43,924 [EventQueue-ContainerReportForContainerReportHandler] WARN  container.ContainerReportHandler (AbstractContainerReportHandler.java:updateContainerState(145)) - Container #1 is in OPEN state, but the datanode 2ac0d02e-9e70-4102-8ecc-87abf8a9c7ab{ip: 192.168.164.232, host: dev-nightly-20191015-67qjk-1482321572, networkLocation: /default-rack, certSerialId: null} reports an CLOSED replica.
2019-10-15 14:15:43,964 [BlockDeletingService#2] WARN  background.BlockDeletingService (BlockDeletingService.java:isDeletionAllowed(187)) - Close Container log Index 6 is not replicated across allthe servers in the pipeline af09b2c2-cc5c-4d70-8ada-488dd1d6d11b as the min replicated index is 4. Deletion is not allowed in this container yet.
2019-10-15 14:15:43,964 [BlockDeletingService#2] WARN  background.BlockDeletingService (BlockDeletingService.java:isDeletionAllowed(187)) - Close Container log Index 6 is not replicated across allthe servers in the pipeline af09b2c2-cc5c-4d70-8ada-488dd1d6d11b as the min replicated index is 4. Deletion is not allowed in this container yet.
2019-10-15 14:15:44,024 [EventQueue-ContainerReportForContainerReportHandler] WARN  container.ContainerReportHandler (AbstractContainerReportHandler.java:updateContainerState(145)) - Container #1 is in OPEN state, but the datanode 350dd957-6baf-44a5-98e5-a3496d7a986b{ip: 192.168.164.232, host: dev-nightly-20191015-67qjk-1482321572, networkLocation: /default-rack, certSerialId: null} reports an CLOSED replica.
2019-10-15 14:15:44,223 [EventQueue-ContainerReportForContainerReportHandler] WARN  container.ContainerReportHandler (AbstractContainerReportHandler.java:updateContainerState(145)) - Container #1 is in OPEN state, but the datanode 350dd957-6baf-44a5-98e5-a3496d7a986b{ip: 192.168.164.232, host: dev-nightly-20191015-67qjk-1482321572, networkLocation: /default-rack, certSerialId: null} reports an CLOSED replica.
2019-10-15 14:15:44,225 [EventQueue-ContainerReportForContainerReportHandler] WARN  container.ContainerReportHandler (AbstractContainerReportHandler.java:updateContainerState(145)) - Container #1 is in OPEN state, but the datanode 2ac0d02e-9e70-4102-8ecc-87abf8a9c7ab{ip: 192.168.164.232, host: dev-nightly-20191015-67qjk-1482321572, networkLocation: /default-rack, certSerialId: null} reports an CLOSED replica.
2019-10-15 14:15:44,426 [EventQueue-ContainerReportForContainerReportHandler] WARN  container.ContainerReportHandler (AbstractContainerReportHandler.java:updateContainerState(145)) - Container #1 is in OPEN state, but the datanode 2ac0d02e-9e70-4102-8ecc-87abf8a9c7ab{ip: 192.168.164.232, host: dev-nightly-20191015-67qjk-1482321572, networkLocation: /default-rack, certSerialId: null} reports an CLOSED replica.
2019-10-15 14:15:44,524 [EventQueue-ContainerReportForContainerReportHandler] WARN  container.ContainerReportHandler (AbstractContainerReportHandler.java:updateContainerState(145)) - Container #1 is in OPEN state, but the datanode 350dd957-6baf-44a5-98e5-a3496d7a986b{ip: 192.168.164.232, host: dev-nightly-20191015-67qjk-1482321572, networkLocation: /default-rack, certSerialId: null} reports an CLOSED replica.
2019-10-15 14:15:44,824 [EventQueue-ContainerReportForContainerReportHandler] WARN  container.ContainerReportHandler (AbstractContainerReportHandler.java:updateContainerState(145)) - Container #1 is in OPEN state, but the datanode 350dd957-6baf-44a5-98e5-a3496d7a986b{ip: 192.168.164.232, host: dev-nightly-20191015-67qjk-1482321572, networkLocation: /default-rack, certSerialId: null} reports an CLOSED replica.
2019-10-15 14:15:44,826 [EventQueue-ContainerReportForContainerReportHandler] WARN  container.ContainerReportHandler (AbstractContainerReportHandler.java:updateContainerState(145)) - Container #1 is in OPEN state, but the datanode 2ac0d02e-9e70-4102-8ecc-87abf8a9c7ab{ip: 192.168.164.232, host: dev-nightly-20191015-67qjk-1482321572, networkLocation: /default-rack, certSerialId: null} reports an CLOSED replica.
2019-10-15 14:15:44,967 [BlockDeletingService#2] WARN  background.BlockDeletingService (BlockDeletingService.java:isDeletionAllowed(187)) - Close Container log Index 6 is not replicated across allthe servers in the pipeline af09b2c2-cc5c-4d70-8ada-488dd1d6d11b as the min replicated index is 4. Deletion is not allowed in this container yet.
2019-10-15 14:15:44,967 [BlockDeletingService#2] WARN  background.BlockDeletingService (BlockDeletingService.java:isDeletionAllowed(187)) - Close Container log Index 6 is not replicated across allthe servers in the pipeline af09b2c2-cc5c-4d70-8ada-488dd1d6d11b as the min replicated index is 4. Deletion is not allowed in this container yet.
2019-10-15 14:15:45,025 [EventQueue-ContainerReportForContainerReportHandler] WARN  container.ContainerReportHandler (AbstractContainerReportHandler.java:updateContainerState(145)) - Container #1 is in OPEN state, but the datanode 350dd957-6baf-44a5-98e5-a3496d7a986b{ip: 192.168.164.232, host: dev-nightly-20191015-67qjk-1482321572, networkLocation: /default-rack, certSerialId: null} reports an CLOSED replica.
2019-10-15 14:15:45,127 [EventQueue-ContainerReportForContainerReportHandler] WARN  container.ContainerReportHandler (AbstractContainerReportHandler.java:updateContainerState(145)) - Container #1 is in OPEN state, but the datanode 2ac0d02e-9e70-4102-8ecc-87abf8a9c7ab{ip: 192.168.164.232, host: dev-nightly-20191015-67qjk-1482321572, networkLocation: /default-rack, certSerialId: null} reports an CLOSED replica.
2019-10-15 14:15:45,233 [Thread-408] INFO  client.GrpcClientProtocolService (GrpcClientProtocolService.java:lambda$processClientRequest$0(278)) - Failed RaftClientRequest:client-E8AF2CDF2BB3->350dd957-6baf-44a5-98e5-a3496d7a986b@group-488DD1D6D11B, cid=10, seq=0, Watch-ALL_COMMITTED(6), Message:<EMPTY>, reply=RaftClientReply:client-E8AF2CDF2BB3->350dd957-6baf-44a5-98e5-a3496d7a986b@group-488DD1D6D11B, cid=10, FAILED org.apache.ratis.protocol.NotLeaderException: Server 350dd957-6baf-44a5-98e5-a3496d7a986b@group-488DD1D6D11B is not the leader 2ac0d02e-9e70-4102-8ecc-87abf8a9c7ab:192.168.164.232:40013, logIndex=0, commits[350dd957-6baf-44a5-98e5-a3496d7a986b:c10, 2ac0d02e-9e70-4102-8ecc-87abf8a9c7ab:c10, 4e1c66a4-792a-4350-b244-4dedea3f57a8:c4]
2019-10-15 14:15:45,430 [EventQueue-ContainerReportForContainerReportHandler] WARN  container.ContainerReportHandler (AbstractContainerReportHandler.java:updateContainerState(145)) - Container #1 is in OPEN state, but the datanode 350dd957-6baf-44a5-98e5-a3496d7a986b{ip: 192.168.164.232, host: dev-nightly-20191015-67qjk-1482321572, networkLocation: /default-rack, certSerialId: null} reports an CLOSED replica.
2019-10-15 14:15:45,530 [EventQueue-ContainerReportForContainerReportHandler] WARN  container.ContainerReportHandler (AbstractContainerReportHandler.java:updateContainerState(145)) - Container #1 is in OPEN state, but the datanode 2ac0d02e-9e70-4102-8ecc-87abf8a9c7ab{ip: 192.168.164.232, host: dev-nightly-20191015-67qjk-1482321572, networkLocation: /default-rack, certSerialId: null} reports an CLOSED replica.
2019-10-15 14:15:45,604 [java.util.concurrent.ThreadPoolExecutor$Worker@2009095b[State = -1, empty queue]] WARN  server.GrpcLogAppender (GrpcLogAppender.java:timeoutAppendRequest(209)) - 2ac0d02e-9e70-4102-8ecc-87abf8a9c7ab@group-488DD1D6D11B->4e1c66a4-792a-4350-b244-4dedea3f57a8-GrpcLogAppender: appendEntries Timeout, request=2ac0d02e-9e70-4102-8ecc-87abf8a9c7ab->4e1c66a4-792a-4350-b244-4dedea3f57a8#34-t3, previous=(t:3, i:10), leaderCommit=10, initializing? false, entries: <empty>
2019-10-15 14:15:45,730 [EventQueue-ContainerReportForContainerReportHandler] WARN  container.ContainerReportHandler (AbstractContainerReportHandler.java:updateContainerState(145)) - Container #1 is in OPEN state, but the datanode 350dd957-6baf-44a5-98e5-a3496d7a986b{ip: 192.168.164.232, host: dev-nightly-20191015-67qjk-1482321572, networkLocation: /default-rack, certSerialId: null} reports an CLOSED replica.
2019-10-15 14:15:45,832 [EventQueue-ContainerReportForContainerReportHandler] WARN  container.ContainerReportHandler (AbstractContainerReportHandler.java:updateContainerState(145)) - Container #1 is in OPEN state, but the datanode 2ac0d02e-9e70-4102-8ecc-87abf8a9c7ab{ip: 192.168.164.232, host: dev-nightly-20191015-67qjk-1482321572, networkLocation: /default-rack, certSerialId: null} reports an CLOSED replica.
2019-10-15 14:15:45,970 [BlockDeletingService#2] WARN  background.BlockDeletingService (BlockDeletingService.java:isDeletionAllowed(187)) - Close Container log Index 6 is not replicated across allthe servers in the pipeline af09b2c2-cc5c-4d70-8ada-488dd1d6d11b as the min replicated index is 4. Deletion is not allowed in this container yet.
2019-10-15 14:15:45,970 [BlockDeletingService#2] WARN  background.BlockDeletingService (BlockDeletingService.java:isDeletionAllowed(187)) - Close Container log Index 6 is not replicated across allthe servers in the pipeline af09b2c2-cc5c-4d70-8ada-488dd1d6d11b as the min replicated index is 4. Deletion is not allowed in this container yet.
2019-10-15 14:15:46,030 [EventQueue-ContainerReportForContainerReportHandler] WARN  container.ContainerReportHandler (AbstractContainerReportHandler.java:updateContainerState(145)) - Container #1 is in OPEN state, but the datanode 350dd957-6baf-44a5-98e5-a3496d7a986b{ip: 192.168.164.232, host: dev-nightly-20191015-67qjk-1482321572, networkLocation: /default-rack, certSerialId: null} reports an CLOSED replica.
2019-10-15 14:15:46,032 [EventQueue-ContainerReportForContainerReportHandler] WARN  container.ContainerReportHandler (AbstractContainerReportHandler.java:updateContainerState(145)) - Container #1 is in OPEN state, but the datanode 2ac0d02e-9e70-4102-8ecc-87abf8a9c7ab{ip: 192.168.164.232, host: dev-nightly-20191015-67qjk-1482321572, networkLocation: /default-rack, certSerialId: null} reports an CLOSED replica.
2019-10-15 14:15:46,330 [EventQueue-ContainerReportForContainerReportHandler] WARN  container.ContainerReportHandler (AbstractContainerReportHandler.java:updateContainerState(145)) - Container #1 is in OPEN state, but the datanode 350dd957-6baf-44a5-98e5-a3496d7a986b{ip: 192.168.164.232, host: dev-nightly-20191015-67qjk-1482321572, networkLocation: /default-rack, certSerialId: null} reports an CLOSED replica.
2019-10-15 14:15:46,433 [EventQueue-ContainerReportForContainerReportHandler] WARN  container.ContainerReportHandler (AbstractContainerReportHandler.java:updateContainerState(145)) - Container #1 is in OPEN state, but the datanode 2ac0d02e-9e70-4102-8ecc-87abf8a9c7ab{ip: 192.168.164.232, host: dev-nightly-20191015-67qjk-1482321572, networkLocation: /default-rack, certSerialId: null} reports an CLOSED replica.
2019-10-15 14:15:46,530 [EventQueue-ContainerReportForContainerReportHandler] WARN  container.ContainerReportHandler (AbstractContainerReportHandler.java:updateContainerState(145)) - Container #1 is in OPEN state, but the datanode 350dd957-6baf-44a5-98e5-a3496d7a986b{ip: 192.168.164.232, host: dev-nightly-20191015-67qjk-1482321572, networkLocation: /default-rack, certSerialId: null} reports an CLOSED replica.
2019-10-15 14:15:46,633 [EventQueue-ContainerReportForContainerReportHandler] WARN  container.ContainerReportHandler (AbstractContainerReportHandler.java:updateContainerState(145)) - Container #1 is in OPEN state, but the datanode 2ac0d02e-9e70-4102-8ecc-87abf8a9c7ab{ip: 192.168.164.232, host: dev-nightly-20191015-67qjk-1482321572, networkLocation: /default-rack, certSerialId: null} reports an CLOSED replica.
2019-10-15 14:15:46,683 [Thread-413] INFO  client.GrpcClientProtocolService (GrpcClientProtocolService.java:lambda$processClientRequest$0(278)) - Failed RaftClientRequest:client-E8AF2CDF2BB3->2ac0d02e-9e70-4102-8ecc-87abf8a9c7ab@group-488DD1D6D11B, cid=10, seq=0, Watch-ALL_COMMITTED(6), Message:<EMPTY>, reply=RaftClientReply:client-E8AF2CDF2BB3->2ac0d02e-9e70-4102-8ecc-87abf8a9c7ab@group-488DD1D6D11B, cid=10, FAILED org.apache.ratis.protocol.NotReplicatedException: Request with call Id 10 and log index 6 is not yet replicated to ALL_COMMITTED, logIndex=6, commits[2ac0d02e-9e70-4102-8ecc-87abf8a9c7ab:c10, 4e1c66a4-792a-4350-b244-4dedea3f57a8:c4, 350dd957-6baf-44a5-98e5-a3496d7a986b:c10]
2019-10-15 14:15:46,930 [EventQueue-ContainerReportForContainerReportHandler] WARN  container.ContainerReportHandler (AbstractContainerReportHandler.java:updateContainerState(145)) - Container #1 is in OPEN state, but the datanode 350dd957-6baf-44a5-98e5-a3496d7a986b{ip: 192.168.164.232, host: dev-nightly-20191015-67qjk-1482321572, networkLocation: /default-rack, certSerialId: null} reports an CLOSED replica.
2019-10-15 14:15:46,971 [BlockDeletingService#2] WARN  background.BlockDeletingService (BlockDeletingService.java:isDeletionAllowed(187)) - Close Container log Index 6 is not replicated across allthe servers in the pipeline af09b2c2-cc5c-4d70-8ada-488dd1d6d11b as the min replicated index is 4. Deletion is not allowed in this container yet.
2019-10-15 14:15:46,973 [BlockDeletingService#2] WARN  background.BlockDeletingService (BlockDeletingService.java:isDeletionAllowed(187)) - Close Container log Index 6 is not replicated across allthe servers in the pipeline af09b2c2-cc5c-4d70-8ada-488dd1d6d11b as the min replicated index is 4. Deletion is not allowed in this container yet.
2019-10-15 14:15:47,032 [EventQueue-ContainerReportForContainerReportHandler] WARN  container.ContainerReportHandler (AbstractContainerReportHandler.java:updateContainerState(145)) - Container #1 is in OPEN state, but the datanode 2ac0d02e-9e70-4102-8ecc-87abf8a9c7ab{ip: 192.168.164.232, host: dev-nightly-20191015-67qjk-1482321572, networkLocation: /default-rack, certSerialId: null} reports an CLOSED replica.
2019-10-15 14:15:47,232 [EventQueue-ContainerReportForContainerReportHandler] WARN  container.ContainerReportHandler (AbstractContainerReportHandler.java:updateContainerState(145)) - Container #1 is in OPEN state, but the datanode 2ac0d02e-9e70-4102-8ecc-87abf8a9c7ab{ip: 192.168.164.232, host: dev-nightly-20191015-67qjk-1482321572, networkLocation: /default-rack, certSerialId: null} reports an CLOSED replica.
2019-10-15 14:15:47,331 [EventQueue-ContainerReportForContainerReportHandler] WARN  container.ContainerReportHandler (AbstractContainerReportHandler.java:updateContainerState(145)) - Container #1 is in OPEN state, but the datanode 350dd957-6baf-44a5-98e5-a3496d7a986b{ip: 192.168.164.232, host: dev-nightly-20191015-67qjk-1482321572, networkLocation: /default-rack, certSerialId: null} reports an CLOSED replica.
2019-10-15 14:15:47,632 [EventQueue-ContainerReportForContainerReportHandler] WARN  container.ContainerReportHandler (AbstractContainerReportHandler.java:updateContainerState(145)) - Container #1 is in OPEN state, but the datanode 350dd957-6baf-44a5-98e5-a3496d7a986b{ip: 192.168.164.232, host: dev-nightly-20191015-67qjk-1482321572, networkLocation: /default-rack, certSerialId: null} reports an CLOSED replica.
2019-10-15 14:15:47,632 [EventQueue-ContainerReportForContainerReportHandler] WARN  container.ContainerReportHandler (AbstractContainerReportHandler.java:updateContainerState(145)) - Container #1 is in OPEN state, but the datanode 2ac0d02e-9e70-4102-8ecc-87abf8a9c7ab{ip: 192.168.164.232, host: dev-nightly-20191015-67qjk-1482321572, networkLocation: /default-rack, certSerialId: null} reports an CLOSED replica.
2019-10-15 14:15:47,833 [EventQueue-ContainerReportForContainerReportHandler] WARN  container.ContainerReportHandler (AbstractContainerReportHandler.java:updateContainerState(145)) - Container #1 is in OPEN state, but the datanode 2ac0d02e-9e70-4102-8ecc-87abf8a9c7ab{ip: 192.168.164.232, host: dev-nightly-20191015-67qjk-1482321572, networkLocation: /default-rack, certSerialId: null} reports an CLOSED replica.
2019-10-15 14:15:47,974 [BlockDeletingService#2] WARN  background.BlockDeletingService (BlockDeletingService.java:isDeletionAllowed(187)) - Close Container log Index 6 is not replicated across allthe servers in the pipeline af09b2c2-cc5c-4d70-8ada-488dd1d6d11b as the min replicated index is 4. Deletion is not allowed in this container yet.
2019-10-15 14:15:47,974 [BlockDeletingService#2] WARN  background.BlockDeletingService (BlockDeletingService.java:isDeletionAllowed(187)) - Close Container log Index 6 is not replicated across allthe servers in the pipeline af09b2c2-cc5c-4d70-8ada-488dd1d6d11b as the min replicated index is 4. Deletion is not allowed in this container yet.
2019-10-15 14:15:48,031 [EventQueue-ContainerReportForContainerReportHandler] WARN  container.ContainerReportHandler (AbstractContainerReportHandler.java:updateContainerState(145)) - Container #1 is in OPEN state, but the datanode 350dd957-6baf-44a5-98e5-a3496d7a986b{ip: 192.168.164.232, host: dev-nightly-20191015-67qjk-1482321572, networkLocation: /default-rack, certSerialId: null} reports an CLOSED replica.
2019-10-15 14:15:48,106 [java.util.concurrent.ThreadPoolExecutor$Worker@2009095b[State = -1, empty queue]] WARN  server.GrpcLogAppender (GrpcLogAppender.java:timeoutAppendRequest(209)) - 2ac0d02e-9e70-4102-8ecc-87abf8a9c7ab@group-488DD1D6D11B->4e1c66a4-792a-4350-b244-4dedea3f57a8-GrpcLogAppender: appendEntries Timeout, request=2ac0d02e-9e70-4102-8ecc-87abf8a9c7ab->4e1c66a4-792a-4350-b244-4dedea3f57a8#35-t3, previous=(t:3, i:10), leaderCommit=10, initializing? false, entries: <empty>
2019-10-15 14:15:48,133 [EventQueue-ContainerReportForContainerReportHandler] WARN  container.ContainerReportHandler (AbstractContainerReportHandler.java:updateContainerState(145)) - Container #1 is in OPEN state, but the datanode 2ac0d02e-9e70-4102-8ecc-87abf8a9c7ab{ip: 192.168.164.232, host: dev-nightly-20191015-67qjk-1482321572, networkLocation: /default-rack, certSerialId: null} reports an CLOSED replica.
2019-10-15 14:15:48,432 [EventQueue-ContainerReportForContainerReportHandler] WARN  container.ContainerReportHandler (AbstractContainerReportHandler.java:updateContainerState(145)) - Container #1 is in OPEN state, but the datanode 350dd957-6baf-44a5-98e5-a3496d7a986b{ip: 192.168.164.232, host: dev-nightly-20191015-67qjk-1482321572, networkLocation: /default-rack, certSerialId: null} reports an CLOSED replica.
2019-10-15 14:15:48,432 [EventQueue-ContainerReportForContainerReportHandler] WARN  container.ContainerReportHandler (AbstractContainerReportHandler.java:updateContainerState(145)) - Container #1 is in OPEN state, but the datanode 2ac0d02e-9e70-4102-8ecc-87abf8a9c7ab{ip: 192.168.164.232, host: dev-nightly-20191015-67qjk-1482321572, networkLocation: /default-rack, certSerialId: null} reports an CLOSED replica.
2019-10-15 14:15:48,632 [EventQueue-ContainerReportForContainerReportHandler] WARN  container.ContainerReportHandler (AbstractContainerReportHandler.java:updateContainerState(145)) - Container #1 is in OPEN state, but the datanode 350dd957-6baf-44a5-98e5-a3496d7a986b{ip: 192.168.164.232, host: dev-nightly-20191015-67qjk-1482321572, networkLocation: /default-rack, certSerialId: null} reports an CLOSED replica.
2019-10-15 14:15:48,734 [EventQueue-ContainerReportForContainerReportHandler] WARN  container.ContainerReportHandler (AbstractContainerReportHandler.java:updateContainerState(145)) - Container #1 is in OPEN state, but the datanode 2ac0d02e-9e70-4102-8ecc-87abf8a9c7ab{ip: 192.168.164.232, host: dev-nightly-20191015-67qjk-1482321572, networkLocation: /default-rack, certSerialId: null} reports an CLOSED replica.
2019-10-15 14:15:48,932 [EventQueue-ContainerReportForContainerReportHandler] WARN  container.ContainerReportHandler (AbstractContainerReportHandler.java:updateContainerState(145)) - Container #1 is in OPEN state, but the datanode 350dd957-6baf-44a5-98e5-a3496d7a986b{ip: 192.168.164.232, host: dev-nightly-20191015-67qjk-1482321572, networkLocation: /default-rack, certSerialId: null} reports an CLOSED replica.
2019-10-15 14:15:48,933 [EventQueue-ContainerReportForContainerReportHandler] WARN  container.ContainerReportHandler (AbstractContainerReportHandler.java:updateContainerState(145)) - Container #1 is in OPEN state, but the datanode 2ac0d02e-9e70-4102-8ecc-87abf8a9c7ab{ip: 192.168.164.232, host: dev-nightly-20191015-67qjk-1482321572, networkLocation: /default-rack, certSerialId: null} reports an CLOSED replica.
2019-10-15 14:15:48,977 [BlockDeletingService#2] WARN  background.BlockDeletingService (BlockDeletingService.java:isDeletionAllowed(187)) - Close Container log Index 6 is not replicated across allthe servers in the pipeline af09b2c2-cc5c-4d70-8ada-488dd1d6d11b as the min replicated index is 4. Deletion is not allowed in this container yet.
2019-10-15 14:15:48,977 [BlockDeletingService#2] WARN  background.BlockDeletingService (BlockDeletingService.java:isDeletionAllowed(187)) - Close Container log Index 6 is not replicated across allthe servers in the pipeline af09b2c2-cc5c-4d70-8ada-488dd1d6d11b as the min replicated index is 4. Deletion is not allowed in this container yet.
2019-10-15 14:15:49,232 [EventQueue-ContainerReportForContainerReportHandler] WARN  container.ContainerReportHandler (AbstractContainerReportHandler.java:updateContainerState(145)) - Container #1 is in OPEN state, but the datanode 350dd957-6baf-44a5-98e5-a3496d7a986b{ip: 192.168.164.232, host: dev-nightly-20191015-67qjk-1482321572, networkLocation: /default-rack, certSerialId: null} reports an CLOSED replica.
2019-10-15 14:15:49,233 [EventQueue-ContainerReportForContainerReportHandler] WARN  container.ContainerReportHandler (AbstractContainerReportHandler.java:updateContainerState(145)) - Container #1 is in OPEN state, but the datanode 2ac0d02e-9e70-4102-8ecc-87abf8a9c7ab{ip: 192.168.164.232, host: dev-nightly-20191015-67qjk-1482321572, networkLocation: /default-rack, certSerialId: null} reports an CLOSED replica.
2019-10-15 14:15:49,532 [EventQueue-ContainerReportForContainerReportHandler] WARN  container.ContainerReportHandler (AbstractContainerReportHandler.java:updateContainerState(145)) - Container #1 is in OPEN state, but the datanode 350dd957-6baf-44a5-98e5-a3496d7a986b{ip: 192.168.164.232, host: dev-nightly-20191015-67qjk-1482321572, networkLocation: /default-rack, certSerialId: null} reports an CLOSED replica.
2019-10-15 14:15:49,533 [EventQueue-ContainerReportForContainerReportHandler] WARN  container.ContainerReportHandler (AbstractContainerReportHandler.java:updateContainerState(145)) - Container #1 is in OPEN state, but the datanode 2ac0d02e-9e70-4102-8ecc-87abf8a9c7ab{ip: 192.168.164.232, host: dev-nightly-20191015-67qjk-1482321572, networkLocation: /default-rack, certSerialId: null} reports an CLOSED replica.
2019-10-15 14:15:49,734 [EventQueue-ContainerReportForContainerReportHandler] WARN  container.ContainerReportHandler (AbstractContainerReportHandler.java:updateContainerState(145)) - Container #1 is in OPEN state, but the datanode 2ac0d02e-9e70-4102-8ecc-87abf8a9c7ab{ip: 192.168.164.232, host: dev-nightly-20191015-67qjk-1482321572, networkLocation: /default-rack, certSerialId: null} reports an CLOSED replica.
2019-10-15 14:15:49,933 [EventQueue-ContainerReportForContainerReportHandler] WARN  container.ContainerReportHandler (AbstractContainerReportHandler.java:updateContainerState(145)) - Container #1 is in OPEN state, but the datanode 350dd957-6baf-44a5-98e5-a3496d7a986b{ip: 192.168.164.232, host: dev-nightly-20191015-67qjk-1482321572, networkLocation: /default-rack, certSerialId: null} reports an CLOSED replica.
2019-10-15 14:15:49,980 [BlockDeletingService#2] WARN  background.BlockDeletingService (BlockDeletingService.java:isDeletionAllowed(187)) - Close Container log Index 6 is not replicated across allthe servers in the pipeline af09b2c2-cc5c-4d70-8ada-488dd1d6d11b as the min replicated index is 4. Deletion is not allowed in this container yet.
2019-10-15 14:15:49,980 [BlockDeletingService#2] WARN  background.BlockDeletingService (BlockDeletingService.java:isDeletionAllowed(187)) - Close Container log Index 6 is not replicated across allthe servers in the pipeline af09b2c2-cc5c-4d70-8ada-488dd1d6d11b as the min replicated index is 4. Deletion is not allowed in this container yet.
2019-10-15 14:15:50,034 [EventQueue-ContainerReportForContainerReportHandler] WARN  container.ContainerReportHandler (AbstractContainerReportHandler.java:updateContainerState(145)) - Container #1 is in OPEN state, but the datanode 2ac0d02e-9e70-4102-8ecc-87abf8a9c7ab{ip: 192.168.164.232, host: dev-nightly-20191015-67qjk-1482321572, networkLocation: /default-rack, certSerialId: null} reports an CLOSED replica.
2019-10-15 14:15:50,133 [EventQueue-ContainerReportForContainerReportHandler] WARN  container.ContainerReportHandler (AbstractContainerReportHandler.java:updateContainerState(145)) - Container #1 is in OPEN state, but the datanode 350dd957-6baf-44a5-98e5-a3496d7a986b{ip: 192.168.164.232, host: dev-nightly-20191015-67qjk-1482321572, networkLocation: /default-rack, certSerialId: null} reports an CLOSED replica.
2019-10-15 14:15:50,335 [EventQueue-ContainerReportForContainerReportHandler] WARN  container.ContainerReportHandler (AbstractContainerReportHandler.java:updateContainerState(145)) - Container #1 is in OPEN state, but the datanode 2ac0d02e-9e70-4102-8ecc-87abf8a9c7ab{ip: 192.168.164.232, host: dev-nightly-20191015-67qjk-1482321572, networkLocation: /default-rack, certSerialId: null} reports an CLOSED replica.
2019-10-15 14:15:50,533 [EventQueue-ContainerReportForContainerReportHandler] WARN  container.ContainerReportHandler (AbstractContainerReportHandler.java:updateContainerState(145)) - Container #1 is in OPEN state, but the datanode 350dd957-6baf-44a5-98e5-a3496d7a986b{ip: 192.168.164.232, host: dev-nightly-20191015-67qjk-1482321572, networkLocation: /default-rack, certSerialId: null} reports an CLOSED replica.
2019-10-15 14:15:50,533 [EventQueue-ContainerReportForContainerReportHandler] WARN  container.ContainerReportHandler (AbstractContainerReportHandler.java:updateContainerState(145)) - Container #1 is in OPEN state, but the datanode 2ac0d02e-9e70-4102-8ecc-87abf8a9c7ab{ip: 192.168.164.232, host: dev-nightly-20191015-67qjk-1482321572, networkLocation: /default-rack, certSerialId: null} reports an CLOSED replica.
2019-10-15 14:15:50,608 [java.util.concurrent.ThreadPoolExecutor$Worker@2009095b[State = -1, empty queue]] WARN  server.GrpcLogAppender (GrpcLogAppender.java:timeoutAppendRequest(209)) - 2ac0d02e-9e70-4102-8ecc-87abf8a9c7ab@group-488DD1D6D11B->4e1c66a4-792a-4350-b244-4dedea3f57a8-GrpcLogAppender: appendEntries Timeout, request=2ac0d02e-9e70-4102-8ecc-87abf8a9c7ab->4e1c66a4-792a-4350-b244-4dedea3f57a8#36-t3, previous=(t:3, i:10), leaderCommit=10, initializing? false, entries: <empty>
2019-10-15 14:15:50,833 [EventQueue-ContainerReportForContainerReportHandler] WARN  container.ContainerReportHandler (AbstractContainerReportHandler.java:updateContainerState(145)) - Container #1 is in OPEN state, but the datanode 350dd957-6baf-44a5-98e5-a3496d7a986b{ip: 192.168.164.232, host: dev-nightly-20191015-67qjk-1482321572, networkLocation: /default-rack, certSerialId: null} reports an CLOSED replica.
2019-10-15 14:15:50,834 [EventQueue-ContainerReportForContainerReportHandler] WARN  container.ContainerReportHandler (AbstractContainerReportHandler.java:updateContainerState(145)) - Container #1 is in OPEN state, but the datanode 2ac0d02e-9e70-4102-8ecc-87abf8a9c7ab{ip: 192.168.164.232, host: dev-nightly-20191015-67qjk-1482321572, networkLocation: /default-rack, certSerialId: null} reports an CLOSED replica.
2019-10-15 14:15:50,982 [BlockDeletingService#2] WARN  background.BlockDeletingService (BlockDeletingService.java:isDeletionAllowed(187)) - Close Container log Index 6 is not replicated across allthe servers in the pipeline af09b2c2-cc5c-4d70-8ada-488dd1d6d11b as the min replicated index is 4. Deletion is not allowed in this container yet.
2019-10-15 14:15:50,982 [BlockDeletingService#2] WARN  background.BlockDeletingService (BlockDeletingService.java:isDeletionAllowed(187)) - Close Container log Index 6 is not replicated across allthe servers in the pipeline af09b2c2-cc5c-4d70-8ada-488dd1d6d11b as the min replicated index is 4. Deletion is not allowed in this container yet.
2019-10-15 14:15:51,033 [EventQueue-ContainerReportForContainerReportHandler] WARN  container.ContainerReportHandler (AbstractContainerReportHandler.java:updateContainerState(145)) - Container #1 is in OPEN state, but the datanode 350dd957-6baf-44a5-98e5-a3496d7a986b{ip: 192.168.164.232, host: dev-nightly-20191015-67qjk-1482321572, networkLocation: /default-rack, certSerialId: null} reports an CLOSED replica.
2019-10-15 14:15:51,134 [EventQueue-ContainerReportForContainerReportHandler] WARN  container.ContainerReportHandler (AbstractContainerReportHandler.java:updateContainerState(145)) - Container #1 is in OPEN state, but the datanode 2ac0d02e-9e70-4102-8ecc-87abf8a9c7ab{ip: 192.168.164.232, host: dev-nightly-20191015-67qjk-1482321572, networkLocation: /default-rack, certSerialId: null} reports an CLOSED replica.
2019-10-15 14:15:51,233 [EventQueue-ContainerReportForContainerReportHandler] WARN  container.ContainerReportHandler (AbstractContainerReportHandler.java:updateContainerState(145)) - Container #1 is in OPEN state, but the datanode 350dd957-6baf-44a5-98e5-a3496d7a986b{ip: 192.168.164.232, host: dev-nightly-20191015-67qjk-1482321572, networkLocation: /default-rack, certSerialId: null} reports an CLOSED replica.
2019-10-15 14:15:51,434 [EventQueue-ContainerReportForContainerReportHandler] WARN  container.ContainerReportHandler (AbstractContainerReportHandler.java:updateContainerState(145)) - Container #1 is in OPEN state, but the datanode 2ac0d02e-9e70-4102-8ecc-87abf8a9c7ab{ip: 192.168.164.232, host: dev-nightly-20191015-67qjk-1482321572, networkLocation: /default-rack, certSerialId: null} reports an CLOSED replica.
2019-10-15 14:15:51,533 [EventQueue-ContainerReportForContainerReportHandler] WARN  container.ContainerReportHandler (AbstractContainerReportHandler.java:updateContainerState(145)) - Container #1 is in OPEN state, but the datanode 350dd957-6baf-44a5-98e5-a3496d7a986b{ip: 192.168.164.232, host: dev-nightly-20191015-67qjk-1482321572, networkLocation: /default-rack, certSerialId: null} reports an CLOSED replica.
2019-10-15 14:15:51,834 [EventQueue-ContainerReportForContainerReportHandler] WARN  container.ContainerReportHandler (AbstractContainerReportHandler.java:updateContainerState(145)) - Container #1 is in OPEN state, but the datanode 350dd957-6baf-44a5-98e5-a3496d7a986b{ip: 192.168.164.232, host: dev-nightly-20191015-67qjk-1482321572, networkLocation: /default-rack, certSerialId: null} reports an CLOSED replica.
2019-10-15 14:15:51,834 [EventQueue-ContainerReportForContainerReportHandler] WARN  container.ContainerReportHandler (AbstractContainerReportHandler.java:updateContainerState(145)) - Container #1 is in OPEN state, but the datanode 2ac0d02e-9e70-4102-8ecc-87abf8a9c7ab{ip: 192.168.164.232, host: dev-nightly-20191015-67qjk-1482321572, networkLocation: /default-rack, certSerialId: null} reports an CLOSED replica.
2019-10-15 14:15:51,984 [BlockDeletingService#2] WARN  background.BlockDeletingService (BlockDeletingService.java:isDeletionAllowed(187)) - Close Container log Index 6 is not replicated across allthe servers in the pipeline af09b2c2-cc5c-4d70-8ada-488dd1d6d11b as the min replicated index is 4. Deletion is not allowed in this container yet.
2019-10-15 14:15:51,984 [BlockDeletingService#2] WARN  background.BlockDeletingService (BlockDeletingService.java:isDeletionAllowed(187)) - Close Container log Index 6 is not replicated across allthe servers in the pipeline af09b2c2-cc5c-4d70-8ada-488dd1d6d11b as the min replicated index is 4. Deletion is not allowed in this container yet.
2019-10-15 14:15:52,034 [EventQueue-ContainerReportForContainerReportHandler] WARN  container.ContainerReportHandler (AbstractContainerReportHandler.java:updateContainerState(145)) - Container #1 is in OPEN state, but the datanode 350dd957-6baf-44a5-98e5-a3496d7a986b{ip: 192.168.164.232, host: dev-nightly-20191015-67qjk-1482321572, networkLocation: /default-rack, certSerialId: null} reports an CLOSED replica.
2019-10-15 14:15:52,235 [EventQueue-ContainerReportForContainerReportHandler] WARN  container.ContainerReportHandler (AbstractContainerReportHandler.java:updateContainerState(145)) - Container #1 is in OPEN state, but the datanode 2ac0d02e-9e70-4102-8ecc-87abf8a9c7ab{ip: 192.168.164.232, host: dev-nightly-20191015-67qjk-1482321572, networkLocation: /default-rack, certSerialId: null} reports an CLOSED replica.
2019-10-15 14:15:52,335 [EventQueue-ContainerReportForContainerReportHandler] WARN  container.ContainerReportHandler (AbstractContainerReportHandler.java:updateContainerState(145)) - Container #1 is in OPEN state, but the datanode 350dd957-6baf-44a5-98e5-a3496d7a986b{ip: 192.168.164.232, host: dev-nightly-20191015-67qjk-1482321572, networkLocation: /default-rack, certSerialId: null} reports an CLOSED replica.
2019-10-15 14:15:52,535 [EventQueue-ContainerReportForContainerReportHandler] WARN  container.ContainerReportHandler (AbstractContainerReportHandler.java:updateContainerState(145)) - Container #1 is in OPEN state, but the datanode 2ac0d02e-9e70-4102-8ecc-87abf8a9c7ab{ip: 192.168.164.232, host: dev-nightly-20191015-67qjk-1482321572, networkLocation: /default-rack, certSerialId: null} reports an CLOSED replica.
2019-10-15 14:15:52,736 [EventQueue-ContainerReportForContainerReportHandler] WARN  container.ContainerReportHandler (AbstractContainerReportHandler.java:updateContainerState(145)) - Container #1 is in OPEN state, but the datanode 350dd957-6baf-44a5-98e5-a3496d7a986b{ip: 192.168.164.232, host: dev-nightly-20191015-67qjk-1482321572, networkLocation: /default-rack, certSerialId: null} reports an CLOSED replica.
2019-10-15 14:15:52,935 [EventQueue-ContainerReportForContainerReportHandler] WARN  container.ContainerReportHandler (AbstractContainerReportHandler.java:updateContainerState(145)) - Container #1 is in OPEN state, but the datanode 2ac0d02e-9e70-4102-8ecc-87abf8a9c7ab{ip: 192.168.164.232, host: dev-nightly-20191015-67qjk-1482321572, networkLocation: /default-rack, certSerialId: null} reports an CLOSED replica.
2019-10-15 14:15:52,986 [BlockDeletingService#2] WARN  background.BlockDeletingService (BlockDeletingService.java:isDeletionAllowed(187)) - Close Container log Index 6 is not replicated across allthe servers in the pipeline af09b2c2-cc5c-4d70-8ada-488dd1d6d11b as the min replicated index is 4. Deletion is not allowed in this container yet.
2019-10-15 14:15:52,986 [BlockDeletingService#2] WARN  background.BlockDeletingService (BlockDeletingService.java:isDeletionAllowed(187)) - Close Container log Index 6 is not replicated across allthe servers in the pipeline af09b2c2-cc5c-4d70-8ada-488dd1d6d11b as the min replicated index is 4. Deletion is not allowed in this container yet.
2019-10-15 14:15:53,038 [EventQueue-ContainerReportForContainerReportHandler] WARN  container.ContainerReportHandler (AbstractContainerReportHandler.java:updateContainerState(145)) - Container #1 is in OPEN state, but the datanode 350dd957-6baf-44a5-98e5-a3496d7a986b{ip: 192.168.164.232, host: dev-nightly-20191015-67qjk-1482321572, networkLocation: /default-rack, certSerialId: null} reports an CLOSED replica.
2019-10-15 14:15:53,109 [java.util.concurrent.ThreadPoolExecutor$Worker@2009095b[State = -1, empty queue]] WARN  server.GrpcLogAppender (GrpcLogAppender.java:timeoutAppendRequest(209)) - 2ac0d02e-9e70-4102-8ecc-87abf8a9c7ab@group-488DD1D6D11B->4e1c66a4-792a-4350-b244-4dedea3f57a8-GrpcLogAppender: appendEntries Timeout, request=2ac0d02e-9e70-4102-8ecc-87abf8a9c7ab->4e1c66a4-792a-4350-b244-4dedea3f57a8#37-t3, previous=(t:3, i:10), leaderCommit=10, initializing? false, entries: <empty>
2019-10-15 14:15:53,237 [EventQueue-ContainerReportForContainerReportHandler] WARN  container.ContainerReportHandler (AbstractContainerReportHandler.java:updateContainerState(145)) - Container #1 is in OPEN state, but the datanode 2ac0d02e-9e70-4102-8ecc-87abf8a9c7ab{ip: 192.168.164.232, host: dev-nightly-20191015-67qjk-1482321572, networkLocation: /default-rack, certSerialId: null} reports an CLOSED replica.
2019-10-15 14:15:53,239 [EventQueue-ContainerReportForContainerReportHandler] WARN  container.ContainerReportHandler (AbstractContainerReportHandler.java:updateContainerState(145)) - Container #1 is in OPEN state, but the datanode 350dd957-6baf-44a5-98e5-a3496d7a986b{ip: 192.168.164.232, host: dev-nightly-20191015-67qjk-1482321572, networkLocation: /default-rack, certSerialId: null} reports an CLOSED replica.
2019-10-15 14:15:53,439 [EventQueue-ContainerReportForContainerReportHandler] WARN  container.ContainerReportHandler (AbstractContainerReportHandler.java:updateContainerState(145)) - Container #1 is in OPEN state, but the datanode 350dd957-6baf-44a5-98e5-a3496d7a986b{ip: 192.168.164.232, host: dev-nightly-20191015-67qjk-1482321572, networkLocation: /default-rack, certSerialId: null} reports an CLOSED replica.
2019-10-15 14:15:53,535 [EventQueue-ContainerReportForContainerReportHandler] WARN  container.ContainerReportHandler (AbstractContainerReportHandler.java:updateContainerState(145)) - Container #1 is in OPEN state, but the datanode 2ac0d02e-9e70-4102-8ecc-87abf8a9c7ab{ip: 192.168.164.232, host: dev-nightly-20191015-67qjk-1482321572, networkLocation: /default-rack, certSerialId: null} reports an CLOSED replica.
2019-10-15 14:15:53,839 [EventQueue-ContainerReportForContainerReportHandler] WARN  container.ContainerReportHandler (AbstractContainerReportHandler.java:updateContainerState(145)) - Container #1 is in OPEN state, but the datanode 350dd957-6baf-44a5-98e5-a3496d7a986b{ip: 192.168.164.232, host: dev-nightly-20191015-67qjk-1482321572, networkLocation: /default-rack, certSerialId: null} reports an CLOSED replica.
2019-10-15 14:15:53,936 [EventQueue-ContainerReportForContainerReportHandler] WARN  container.ContainerReportHandler (AbstractContainerReportHandler.java:updateContainerState(145)) - Container #1 is in OPEN state, but the datanode 2ac0d02e-9e70-4102-8ecc-87abf8a9c7ab{ip: 192.168.164.232, host: dev-nightly-20191015-67qjk-1482321572, networkLocation: /default-rack, certSerialId: null} reports an CLOSED replica.
2019-10-15 14:15:53,989 [BlockDeletingService#2] WARN  background.BlockDeletingService (BlockDeletingService.java:isDeletionAllowed(187)) - Close Container log Index 6 is not replicated across allthe servers in the pipeline af09b2c2-cc5c-4d70-8ada-488dd1d6d11b as the min replicated index is 4. Deletion is not allowed in this container yet.
2019-10-15 14:15:53,989 [BlockDeletingService#2] WARN  background.BlockDeletingService (BlockDeletingService.java:isDeletionAllowed(187)) - Close Container log Index 6 is not replicated across allthe servers in the pipeline af09b2c2-cc5c-4d70-8ada-488dd1d6d11b as the min replicated index is 4. Deletion is not allowed in this container yet.
2019-10-15 14:15:54,240 [EventQueue-ContainerReportForContainerReportHandler] WARN  container.ContainerReportHandler (AbstractContainerReportHandler.java:updateContainerState(145)) - Container #1 is in OPEN state, but the datanode 350dd957-6baf-44a5-98e5-a3496d7a986b{ip: 192.168.164.232, host: dev-nightly-20191015-67qjk-1482321572, networkLocation: /default-rack, certSerialId: null} reports an CLOSED replica.
2019-10-15 14:15:54,266 [Thread-435] INFO  client.GrpcClientProtocolService (GrpcClientProtocolService.java:lambda$processClientRequest$0(278)) - Failed RaftClientRequest:client-E8AF2CDF2BB3->350dd957-6baf-44a5-98e5-a3496d7a986b@group-488DD1D6D11B, cid=10, seq=0, Watch-ALL_COMMITTED(6), Message:<EMPTY>, reply=RaftClientReply:client-E8AF2CDF2BB3->350dd957-6baf-44a5-98e5-a3496d7a986b@group-488DD1D6D11B, cid=10, FAILED org.apache.ratis.protocol.NotLeaderException: Server 350dd957-6baf-44a5-98e5-a3496d7a986b@group-488DD1D6D11B is not the leader 2ac0d02e-9e70-4102-8ecc-87abf8a9c7ab:192.168.164.232:40013, logIndex=0, commits[350dd957-6baf-44a5-98e5-a3496d7a986b:c10, 2ac0d02e-9e70-4102-8ecc-87abf8a9c7ab:c10, 4e1c66a4-792a-4350-b244-4dedea3f57a8:c4]
2019-10-15 14:15:54,336 [EventQueue-ContainerReportForContainerReportHandler] WARN  container.ContainerReportHandler (AbstractContainerReportHandler.java:updateContainerState(145)) - Container #1 is in OPEN state, but the datanode 2ac0d02e-9e70-4102-8ecc-87abf8a9c7ab{ip: 192.168.164.232, host: dev-nightly-20191015-67qjk-1482321572, networkLocation: /default-rack, certSerialId: null} reports an CLOSED replica.
2019-10-15 14:15:54,540 [EventQueue-ContainerReportForContainerReportHandler] WARN  container.ContainerReportHandler (AbstractContainerReportHandler.java:updateContainerState(145)) - Container #1 is in OPEN state, but the datanode 350dd957-6baf-44a5-98e5-a3496d7a986b{ip: 192.168.164.232, host: dev-nightly-20191015-67qjk-1482321572, networkLocation: /default-rack, certSerialId: null} reports an CLOSED replica.
2019-10-15 14:15:54,636 [EventQueue-ContainerReportForContainerReportHandler] WARN  container.ContainerReportHandler (AbstractContainerReportHandler.java:updateContainerState(145)) - Container #1 is in OPEN state, but the datanode 2ac0d02e-9e70-4102-8ecc-87abf8a9c7ab{ip: 192.168.164.232, host: dev-nightly-20191015-67qjk-1482321572, networkLocation: /default-rack, certSerialId: null} reports an CLOSED replica.
2019-10-15 14:15:54,836 [EventQueue-ContainerReportForContainerReportHandler] WARN  container.ContainerReportHandler (AbstractContainerReportHandler.java:updateContainerState(145)) - Container #1 is in OPEN state, but the datanode 2ac0d02e-9e70-4102-8ecc-87abf8a9c7ab{ip: 192.168.164.232, host: dev-nightly-20191015-67qjk-1482321572, networkLocation: /default-rack, certSerialId: null} reports an CLOSED replica.
2019-10-15 14:15:54,840 [EventQueue-ContainerReportForContainerReportHandler] WARN  container.ContainerReportHandler (AbstractContainerReportHandler.java:updateContainerState(145)) - Container #1 is in OPEN state, but the datanode 350dd957-6baf-44a5-98e5-a3496d7a986b{ip: 192.168.164.232, host: dev-nightly-20191015-67qjk-1482321572, networkLocation: /default-rack, certSerialId: null} reports an CLOSED replica.
2019-10-15 14:15:54,991 [BlockDeletingService#2] WARN  background.BlockDeletingService (BlockDeletingService.java:isDeletionAllowed(187)) - Close Container log Index 6 is not replicated across allthe servers in the pipeline af09b2c2-cc5c-4d70-8ada-488dd1d6d11b as the min replicated index is 4. Deletion is not allowed in this container yet.
2019-10-15 14:15:54,992 [BlockDeletingService#2] WARN  background.BlockDeletingService (BlockDeletingService.java:isDeletionAllowed(187)) - Close Container log Index 6 is not replicated across allthe servers in the pipeline af09b2c2-cc5c-4d70-8ada-488dd1d6d11b as the min replicated index is 4. Deletion is not allowed in this container yet.
2019-10-15 14:15:55,037 [EventQueue-ContainerReportForContainerReportHandler] WARN  container.ContainerReportHandler (AbstractContainerReportHandler.java:updateContainerState(145)) - Container #1 is in OPEN state, but the datanode 2ac0d02e-9e70-4102-8ecc-87abf8a9c7ab{ip: 192.168.164.232, host: dev-nightly-20191015-67qjk-1482321572, networkLocation: /default-rack, certSerialId: null} reports an CLOSED replica.
2019-10-15 14:15:55,140 [EventQueue-ContainerReportForContainerReportHandler] WARN  container.ContainerReportHandler (AbstractContainerReportHandler.java:updateContainerState(145)) - Container #1 is in OPEN state, but the datanode 350dd957-6baf-44a5-98e5-a3496d7a986b{ip: 192.168.164.232, host: dev-nightly-20191015-67qjk-1482321572, networkLocation: /default-rack, certSerialId: null} reports an CLOSED replica.
2019-10-15 14:15:55,439 [EventQueue-ContainerReportForContainerReportHandler] WARN  container.ContainerReportHandler (AbstractContainerReportHandler.java:updateContainerState(145)) - Container #1 is in OPEN state, but the datanode 2ac0d02e-9e70-4102-8ecc-87abf8a9c7ab{ip: 192.168.164.232, host: dev-nightly-20191015-67qjk-1482321572, networkLocation: /default-rack, certSerialId: null} reports an CLOSED replica.
2019-10-15 14:15:55,541 [EventQueue-ContainerReportForContainerReportHandler] WARN  container.ContainerReportHandler (AbstractContainerReportHandler.java:updateContainerState(145)) - Container #1 is in OPEN state, but the datanode 350dd957-6baf-44a5-98e5-a3496d7a986b{ip: 192.168.164.232, host: dev-nightly-20191015-67qjk-1482321572, networkLocation: /default-rack, certSerialId: null} reports an CLOSED replica.
2019-10-15 14:15:55,611 [java.util.concurrent.ThreadPoolExecutor$Worker@2009095b[State = -1, empty queue]] WARN  server.GrpcLogAppender (GrpcLogAppender.java:timeoutAppendRequest(209)) - 2ac0d02e-9e70-4102-8ecc-87abf8a9c7ab@group-488DD1D6D11B->4e1c66a4-792a-4350-b244-4dedea3f57a8-GrpcLogAppender: appendEntries Timeout, request=2ac0d02e-9e70-4102-8ecc-87abf8a9c7ab->4e1c66a4-792a-4350-b244-4dedea3f57a8#38-t3, previous=(t:3, i:10), leaderCommit=10, initializing? false, entries: <empty>
2019-10-15 14:15:55,683 [Thread-441] INFO  client.GrpcClientProtocolService (GrpcClientProtocolService.java:lambda$processClientRequest$0(278)) - Failed RaftClientRequest:client-E8AF2CDF2BB3->2ac0d02e-9e70-4102-8ecc-87abf8a9c7ab@group-488DD1D6D11B, cid=10, seq=0, Watch-ALL_COMMITTED(6), Message:<EMPTY>, reply=RaftClientReply:client-E8AF2CDF2BB3->2ac0d02e-9e70-4102-8ecc-87abf8a9c7ab@group-488DD1D6D11B, cid=10, FAILED org.apache.ratis.protocol.NotReplicatedException: Request with call Id 10 and log index 6 is not yet replicated to ALL_COMMITTED, logIndex=6, commits[2ac0d02e-9e70-4102-8ecc-87abf8a9c7ab:c10, 4e1c66a4-792a-4350-b244-4dedea3f57a8:c4, 350dd957-6baf-44a5-98e5-a3496d7a986b:c10]
2019-10-15 14:15:55,740 [EventQueue-ContainerReportForContainerReportHandler] WARN  container.ContainerReportHandler (AbstractContainerReportHandler.java:updateContainerState(145)) - Container #1 is in OPEN state, but the datanode 2ac0d02e-9e70-4102-8ecc-87abf8a9c7ab{ip: 192.168.164.232, host: dev-nightly-20191015-67qjk-1482321572, networkLocation: /default-rack, certSerialId: null} reports an CLOSED replica.
2019-10-15 14:15:55,940 [EventQueue-ContainerReportForContainerReportHandler] WARN  container.ContainerReportHandler (AbstractContainerReportHandler.java:updateContainerState(145)) - Container #1 is in OPEN state, but the datanode 350dd957-6baf-44a5-98e5-a3496d7a986b{ip: 192.168.164.232, host: dev-nightly-20191015-67qjk-1482321572, networkLocation: /default-rack, certSerialId: null} reports an CLOSED replica.
2019-10-15 14:15:55,994 [BlockDeletingService#2] WARN  background.BlockDeletingService (BlockDeletingService.java:isDeletionAllowed(187)) - Close Container log Index 6 is not replicated across allthe servers in the pipeline af09b2c2-cc5c-4d70-8ada-488dd1d6d11b as the min replicated index is 4. Deletion is not allowed in this container yet.
2019-10-15 14:15:55,996 [BlockDeletingService#2] WARN  background.BlockDeletingService (BlockDeletingService.java:isDeletionAllowed(187)) - Close Container log Index 6 is not replicated across allthe servers in the pipeline af09b2c2-cc5c-4d70-8ada-488dd1d6d11b as the min replicated index is 4. Deletion is not allowed in this container yet.
2019-10-15 14:15:56,040 [EventQueue-ContainerReportForContainerReportHandler] WARN  container.ContainerReportHandler (AbstractContainerReportHandler.java:updateContainerState(145)) - Container #1 is in OPEN state, but the datanode 2ac0d02e-9e70-4102-8ecc-87abf8a9c7ab{ip: 192.168.164.232, host: dev-nightly-20191015-67qjk-1482321572, networkLocation: /default-rack, certSerialId: null} reports an CLOSED replica.
2019-10-15 14:15:56,142 [EventQueue-ContainerReportForContainerReportHandler] WARN  container.ContainerReportHandler (AbstractContainerReportHandler.java:updateContainerState(145)) - Container #1 is in OPEN state, but the datanode 350dd957-6baf-44a5-98e5-a3496d7a986b{ip: 192.168.164.232, host: dev-nightly-20191015-67qjk-1482321572, networkLocation: /default-rack, certSerialId: null} reports an CLOSED replica.
2019-10-15 14:15:56,440 [EventQueue-ContainerReportForContainerReportHandler] WARN  container.ContainerReportHandler (AbstractContainerReportHandler.java:updateContainerState(145)) - Container #1 is in OPEN state, but the datanode 2ac0d02e-9e70-4102-8ecc-87abf8a9c7ab{ip: 192.168.164.232, host: dev-nightly-20191015-67qjk-1482321572, networkLocation: /default-rack, certSerialId: null} reports an CLOSED replica.
2019-10-15 14:15:56,541 [EventQueue-ContainerReportForContainerReportHandler] WARN  container.ContainerReportHandler (AbstractContainerReportHandler.java:updateContainerState(145)) - Container #1 is in OPEN state, but the datanode 350dd957-6baf-44a5-98e5-a3496d7a986b{ip: 192.168.164.232, host: dev-nightly-20191015-67qjk-1482321572, networkLocation: /default-rack, certSerialId: null} reports an CLOSED replica.
2019-10-15 14:15:56,642 [EventQueue-ContainerReportForContainerReportHandler] WARN  container.ContainerReportHandler (AbstractContainerReportHandler.java:updateContainerState(145)) - Container #1 is in OPEN state, but the datanode 2ac0d02e-9e70-4102-8ecc-87abf8a9c7ab{ip: 192.168.164.232, host: dev-nightly-20191015-67qjk-1482321572, networkLocation: /default-rack, certSerialId: null} reports an CLOSED replica.
2019-10-15 14:15:56,842 [EventQueue-ContainerReportForContainerReportHandler] WARN  container.ContainerReportHandler (AbstractContainerReportHandler.java:updateContainerState(145)) - Container #1 is in OPEN state, but the datanode 350dd957-6baf-44a5-98e5-a3496d7a986b{ip: 192.168.164.232, host: dev-nightly-20191015-67qjk-1482321572, networkLocation: /default-rack, certSerialId: null} reports an CLOSED replica.
2019-10-15 14:15:56,942 [EventQueue-ContainerReportForContainerReportHandler] WARN  container.ContainerReportHandler (AbstractContainerReportHandler.java:updateContainerState(145)) - Container #1 is in OPEN state, but the datanode 2ac0d02e-9e70-4102-8ecc-87abf8a9c7ab{ip: 192.168.164.232, host: dev-nightly-20191015-67qjk-1482321572, networkLocation: /default-rack, certSerialId: null} reports an CLOSED replica.
2019-10-15 14:15:56,999 [BlockDeletingService#2] WARN  background.BlockDeletingService (BlockDeletingService.java:isDeletionAllowed(187)) - Close Container log Index 6 is not replicated across allthe servers in the pipeline af09b2c2-cc5c-4d70-8ada-488dd1d6d11b as the min replicated index is 4. Deletion is not allowed in this container yet.
2019-10-15 14:15:56,999 [BlockDeletingService#2] WARN  background.BlockDeletingService (BlockDeletingService.java:isDeletionAllowed(187)) - Close Container log Index 6 is not replicated across allthe servers in the pipeline af09b2c2-cc5c-4d70-8ada-488dd1d6d11b as the min replicated index is 4. Deletion is not allowed in this container yet.
2019-10-15 14:15:57,142 [EventQueue-ContainerReportForContainerReportHandler] WARN  container.ContainerReportHandler (AbstractContainerReportHandler.java:updateContainerState(145)) - Container #1 is in OPEN state, but the datanode 350dd957-6baf-44a5-98e5-a3496d7a986b{ip: 192.168.164.232, host: dev-nightly-20191015-67qjk-1482321572, networkLocation: /default-rack, certSerialId: null} reports an CLOSED replica.
2019-10-15 14:15:57,341 [EventQueue-ContainerReportForContainerReportHandler] WARN  container.ContainerReportHandler (AbstractContainerReportHandler.java:updateContainerState(145)) - Container #1 is in OPEN state, but the datanode 2ac0d02e-9e70-4102-8ecc-87abf8a9c7ab{ip: 192.168.164.232, host: dev-nightly-20191015-67qjk-1482321572, networkLocation: /default-rack, certSerialId: null} reports an CLOSED replica.
2019-10-15 14:15:57,341 [EventQueue-ContainerReportForContainerReportHandler] WARN  container.ContainerReportHandler (AbstractContainerReportHandler.java:updateContainerState(145)) - Container #1 is in OPEN state, but the datanode 350dd957-6baf-44a5-98e5-a3496d7a986b{ip: 192.168.164.232, host: dev-nightly-20191015-67qjk-1482321572, networkLocation: /default-rack, certSerialId: null} reports an CLOSED replica.
2019-10-15 14:15:57,542 [EventQueue-ContainerReportForContainerReportHandler] WARN  container.ContainerReportHandler (AbstractContainerReportHandler.java:updateContainerState(145)) - Container #1 is in OPEN state, but the datanode 2ac0d02e-9e70-4102-8ecc-87abf8a9c7ab{ip: 192.168.164.232, host: dev-nightly-20191015-67qjk-1482321572, networkLocation: /default-rack, certSerialId: null} reports an CLOSED replica.
2019-10-15 14:15:57,543 [EventQueue-ContainerReportForContainerReportHandler] WARN  container.ContainerReportHandler (AbstractContainerReportHandler.java:updateContainerState(145)) - Container #1 is in OPEN state, but the datanode 350dd957-6baf-44a5-98e5-a3496d7a986b{ip: 192.168.164.232, host: dev-nightly-20191015-67qjk-1482321572, networkLocation: /default-rack, certSerialId: null} reports an CLOSED replica.
2019-10-15 14:15:57,842 [EventQueue-ContainerReportForContainerReportHandler] WARN  container.ContainerReportHandler (AbstractContainerReportHandler.java:updateContainerState(145)) - Container #1 is in OPEN state, but the datanode 2ac0d02e-9e70-4102-8ecc-87abf8a9c7ab{ip: 192.168.164.232, host: dev-nightly-20191015-67qjk-1482321572, networkLocation: /default-rack, certSerialId: null} reports an CLOSED replica.
2019-10-15 14:15:57,843 [EventQueue-ContainerReportForContainerReportHandler] WARN  container.ContainerReportHandler (AbstractContainerReportHandler.java:updateContainerState(145)) - Container #1 is in OPEN state, but the datanode 350dd957-6baf-44a5-98e5-a3496d7a986b{ip: 192.168.164.232, host: dev-nightly-20191015-67qjk-1482321572, networkLocation: /default-rack, certSerialId: null} reports an CLOSED replica.
2019-10-15 14:15:58,002 [BlockDeletingService#2] WARN  background.BlockDeletingService (BlockDeletingService.java:isDeletionAllowed(187)) - Close Container log Index 6 is not replicated across allthe servers in the pipeline af09b2c2-cc5c-4d70-8ada-488dd1d6d11b as the min replicated index is 4. Deletion is not allowed in this container yet.
2019-10-15 14:15:58,002 [BlockDeletingService#2] WARN  background.BlockDeletingService (BlockDeletingService.java:isDeletionAllowed(187)) - Close Container log Index 6 is not replicated across allthe servers in the pipeline af09b2c2-cc5c-4d70-8ada-488dd1d6d11b as the min replicated index is 4. Deletion is not allowed in this container yet.
2019-10-15 14:15:58,043 [EventQueue-ContainerReportForContainerReportHandler] WARN  container.ContainerReportHandler (AbstractContainerReportHandler.java:updateContainerState(145)) - Container #1 is in OPEN state, but the datanode 350dd957-6baf-44a5-98e5-a3496d7a986b{ip: 192.168.164.232, host: dev-nightly-20191015-67qjk-1482321572, networkLocation: /default-rack, certSerialId: null} reports an CLOSED replica.
2019-10-15 14:15:58,112 [java.util.concurrent.ThreadPoolExecutor$Worker@2009095b[State = -1, empty queue]] WARN  server.GrpcLogAppender (GrpcLogAppender.java:timeoutAppendRequest(209)) - 2ac0d02e-9e70-4102-8ecc-87abf8a9c7ab@group-488DD1D6D11B->4e1c66a4-792a-4350-b244-4dedea3f57a8-GrpcLogAppender: appendEntries Timeout, request=2ac0d02e-9e70-4102-8ecc-87abf8a9c7ab->4e1c66a4-792a-4350-b244-4dedea3f57a8#39-t3, previous=(t:3, i:10), leaderCommit=10, initializing? false, entries: <empty>
2019-10-15 14:15:58,243 [EventQueue-ContainerReportForContainerReportHandler] WARN  container.ContainerReportHandler (AbstractContainerReportHandler.java:updateContainerState(145)) - Container #1 is in OPEN state, but the datanode 2ac0d02e-9e70-4102-8ecc-87abf8a9c7ab{ip: 192.168.164.232, host: dev-nightly-20191015-67qjk-1482321572, networkLocation: /default-rack, certSerialId: null} reports an CLOSED replica.
2019-10-15 14:15:58,342 [EventQueue-ContainerReportForContainerReportHandler] WARN  container.ContainerReportHandler (AbstractContainerReportHandler.java:updateContainerState(145)) - Container #1 is in OPEN state, but the datanode 350dd957-6baf-44a5-98e5-a3496d7a986b{ip: 192.168.164.232, host: dev-nightly-20191015-67qjk-1482321572, networkLocation: /default-rack, certSerialId: null} reports an CLOSED replica.
2019-10-15 14:15:58,543 [EventQueue-ContainerReportForContainerReportHandler] WARN  container.ContainerReportHandler (AbstractContainerReportHandler.java:updateContainerState(145)) - Container #1 is in OPEN state, but the datanode 2ac0d02e-9e70-4102-8ecc-87abf8a9c7ab{ip: 192.168.164.232, host: dev-nightly-20191015-67qjk-1482321572, networkLocation: /default-rack, certSerialId: null} reports an CLOSED replica.
2019-10-15 14:15:58,643 [EventQueue-ContainerReportForContainerReportHandler] WARN  container.ContainerReportHandler (AbstractContainerReportHandler.java:updateContainerState(145)) - Container #1 is in OPEN state, but the datanode 350dd957-6baf-44a5-98e5-a3496d7a986b{ip: 192.168.164.232, host: dev-nightly-20191015-67qjk-1482321572, networkLocation: /default-rack, certSerialId: null} reports an CLOSED replica.
2019-10-15 14:15:58,843 [EventQueue-ContainerReportForContainerReportHandler] WARN  container.ContainerReportHandler (AbstractContainerReportHandler.java:updateContainerState(145)) - Container #1 is in OPEN state, but the datanode 2ac0d02e-9e70-4102-8ecc-87abf8a9c7ab{ip: 192.168.164.232, host: dev-nightly-20191015-67qjk-1482321572, networkLocation: /default-rack, certSerialId: null} reports an CLOSED replica.
2019-10-15 14:15:58,944 [EventQueue-ContainerReportForContainerReportHandler] WARN  container.ContainerReportHandler (AbstractContainerReportHandler.java:updateContainerState(145)) - Container #1 is in OPEN state, but the datanode 350dd957-6baf-44a5-98e5-a3496d7a986b{ip: 192.168.164.232, host: dev-nightly-20191015-67qjk-1482321572, networkLocation: /default-rack, certSerialId: null} reports an CLOSED replica.
2019-10-15 14:15:59,005 [BlockDeletingService#2] WARN  background.BlockDeletingService (BlockDeletingService.java:isDeletionAllowed(187)) - Close Container log Index 6 is not replicated across allthe servers in the pipeline af09b2c2-cc5c-4d70-8ada-488dd1d6d11b as the min replicated index is 4. Deletion is not allowed in this container yet.
2019-10-15 14:15:59,005 [BlockDeletingService#2] WARN  background.BlockDeletingService (BlockDeletingService.java:isDeletionAllowed(187)) - Close Container log Index 6 is not replicated across allthe servers in the pipeline af09b2c2-cc5c-4d70-8ada-488dd1d6d11b as the min replicated index is 4. Deletion is not allowed in this container yet.
2019-10-15 14:15:59,144 [EventQueue-ContainerReportForContainerReportHandler] WARN  container.ContainerReportHandler (AbstractContainerReportHandler.java:updateContainerState(145)) - Container #1 is in OPEN state, but the datanode 2ac0d02e-9e70-4102-8ecc-87abf8a9c7ab{ip: 192.168.164.232, host: dev-nightly-20191015-67qjk-1482321572, networkLocation: /default-rack, certSerialId: null} reports an CLOSED replica.
2019-10-15 14:15:59,244 [EventQueue-ContainerReportForContainerReportHandler] WARN  container.ContainerReportHandler (AbstractContainerReportHandler.java:updateContainerState(145)) - Container #1 is in OPEN state, but the datanode 350dd957-6baf-44a5-98e5-a3496d7a986b{ip: 192.168.164.232, host: dev-nightly-20191015-67qjk-1482321572, networkLocation: /default-rack, certSerialId: null} reports an CLOSED replica.
2019-10-15 14:15:59,443 [EventQueue-ContainerReportForContainerReportHandler] WARN  container.ContainerReportHandler (AbstractContainerReportHandler.java:updateContainerState(145)) - Container #1 is in OPEN state, but the datanode 350dd957-6baf-44a5-98e5-a3496d7a986b{ip: 192.168.164.232, host: dev-nightly-20191015-67qjk-1482321572, networkLocation: /default-rack, certSerialId: null} reports an CLOSED replica.
2019-10-15 14:15:59,543 [EventQueue-ContainerReportForContainerReportHandler] WARN  container.ContainerReportHandler (AbstractContainerReportHandler.java:updateContainerState(145)) - Container #1 is in OPEN state, but the datanode 2ac0d02e-9e70-4102-8ecc-87abf8a9c7ab{ip: 192.168.164.232, host: dev-nightly-20191015-67qjk-1482321572, networkLocation: /default-rack, certSerialId: null} reports an CLOSED replica.
2019-10-15 14:15:59,744 [EventQueue-ContainerReportForContainerReportHandler] WARN  container.ContainerReportHandler (AbstractContainerReportHandler.java:updateContainerState(145)) - Container #1 is in OPEN state, but the datanode 350dd957-6baf-44a5-98e5-a3496d7a986b{ip: 192.168.164.232, host: dev-nightly-20191015-67qjk-1482321572, networkLocation: /default-rack, certSerialId: null} reports an CLOSED replica.
2019-10-15 14:15:59,744 [EventQueue-ContainerReportForContainerReportHandler] WARN  container.ContainerReportHandler (AbstractContainerReportHandler.java:updateContainerState(145)) - Container #1 is in OPEN state, but the datanode 2ac0d02e-9e70-4102-8ecc-87abf8a9c7ab{ip: 192.168.164.232, host: dev-nightly-20191015-67qjk-1482321572, networkLocation: /default-rack, certSerialId: null} reports an CLOSED replica.
2019-10-15 14:16:00,007 [BlockDeletingService#2] WARN  background.BlockDeletingService (BlockDeletingService.java:isDeletionAllowed(187)) - Close Container log Index 6 is not replicated across allthe servers in the pipeline af09b2c2-cc5c-4d70-8ada-488dd1d6d11b as the min replicated index is 4. Deletion is not allowed in this container yet.
2019-10-15 14:16:00,007 [BlockDeletingService#2] WARN  background.BlockDeletingService (BlockDeletingService.java:isDeletionAllowed(187)) - Close Container log Index 6 is not replicated across allthe servers in the pipeline af09b2c2-cc5c-4d70-8ada-488dd1d6d11b as the min replicated index is 4. Deletion is not allowed in this container yet.
2019-10-15 14:16:00,044 [EventQueue-ContainerReportForContainerReportHandler] WARN  container.ContainerReportHandler (AbstractContainerReportHandler.java:updateContainerState(145)) - Container #1 is in OPEN state, but the datanode 2ac0d02e-9e70-4102-8ecc-87abf8a9c7ab{ip: 192.168.164.232, host: dev-nightly-20191015-67qjk-1482321572, networkLocation: /default-rack, certSerialId: null} reports an CLOSED replica.
2019-10-15 14:16:00,044 [EventQueue-ContainerReportForContainerReportHandler] WARN  container.ContainerReportHandler (AbstractContainerReportHandler.java:updateContainerState(145)) - Container #1 is in OPEN state, but the datanode 350dd957-6baf-44a5-98e5-a3496d7a986b{ip: 192.168.164.232, host: dev-nightly-20191015-67qjk-1482321572, networkLocation: /default-rack, certSerialId: null} reports an CLOSED replica.
2019-10-15 14:16:00,344 [EventQueue-ContainerReportForContainerReportHandler] WARN  container.ContainerReportHandler (AbstractContainerReportHandler.java:updateContainerState(145)) - Container #1 is in OPEN state, but the datanode 350dd957-6baf-44a5-98e5-a3496d7a986b{ip: 192.168.164.232, host: dev-nightly-20191015-67qjk-1482321572, networkLocation: /default-rack, certSerialId: null} reports an CLOSED replica.
2019-10-15 14:16:00,446 [EventQueue-ContainerReportForContainerReportHandler] WARN  container.ContainerReportHandler (AbstractContainerReportHandler.java:updateContainerState(145)) - Container #1 is in OPEN state, but the datanode 2ac0d02e-9e70-4102-8ecc-87abf8a9c7ab{ip: 192.168.164.232, host: dev-nightly-20191015-67qjk-1482321572, networkLocation: /default-rack, certSerialId: null} reports an CLOSED replica.
2019-10-15 14:16:00,613 [java.util.concurrent.ThreadPoolExecutor$Worker@2009095b[State = -1, empty queue]] WARN  server.GrpcLogAppender (GrpcLogAppender.java:timeoutAppendRequest(209)) - 2ac0d02e-9e70-4102-8ecc-87abf8a9c7ab@group-488DD1D6D11B->4e1c66a4-792a-4350-b244-4dedea3f57a8-GrpcLogAppender: appendEntries Timeout, request=2ac0d02e-9e70-4102-8ecc-87abf8a9c7ab->4e1c66a4-792a-4350-b244-4dedea3f57a8#40-t3, previous=(t:3, i:10), leaderCommit=10, initializing? false, entries: <empty>
2019-10-15 14:16:00,645 [EventQueue-ContainerReportForContainerReportHandler] WARN  container.ContainerReportHandler (AbstractContainerReportHandler.java:updateContainerState(145)) - Container #1 is in OPEN state, but the datanode 350dd957-6baf-44a5-98e5-a3496d7a986b{ip: 192.168.164.232, host: dev-nightly-20191015-67qjk-1482321572, networkLocation: /default-rack, certSerialId: null} reports an CLOSED replica.
2019-10-15 14:16:00,744 [EventQueue-ContainerReportForContainerReportHandler] WARN  container.ContainerReportHandler (AbstractContainerReportHandler.java:updateContainerState(145)) - Container #1 is in OPEN state, but the datanode 2ac0d02e-9e70-4102-8ecc-87abf8a9c7ab{ip: 192.168.164.232, host: dev-nightly-20191015-67qjk-1482321572, networkLocation: /default-rack, certSerialId: null} reports an CLOSED replica.
2019-10-15 14:16:00,946 [EventQueue-ContainerReportForContainerReportHandler] WARN  container.ContainerReportHandler (AbstractContainerReportHandler.java:updateContainerState(145)) - Container #1 is in OPEN state, but the datanode 350dd957-6baf-44a5-98e5-a3496d7a986b{ip: 192.168.164.232, host: dev-nightly-20191015-67qjk-1482321572, networkLocation: /default-rack, certSerialId: null} reports an CLOSED replica.
2019-10-15 14:16:01,009 [BlockDeletingService#2] WARN  background.BlockDeletingService (BlockDeletingService.java:isDeletionAllowed(187)) - Close Container log Index 6 is not replicated across allthe servers in the pipeline af09b2c2-cc5c-4d70-8ada-488dd1d6d11b as the min replicated index is 4. Deletion is not allowed in this container yet.
2019-10-15 14:16:01,009 [BlockDeletingService#2] WARN  background.BlockDeletingService (BlockDeletingService.java:isDeletionAllowed(187)) - Close Container log Index 6 is not replicated across allthe servers in the pipeline af09b2c2-cc5c-4d70-8ada-488dd1d6d11b as the min replicated index is 4. Deletion is not allowed in this container yet.
2019-10-15 14:16:01,044 [EventQueue-ContainerReportForContainerReportHandler] WARN  container.ContainerReportHandler (AbstractContainerReportHandler.java:updateContainerState(145)) - Container #1 is in OPEN state, but the datanode 2ac0d02e-9e70-4102-8ecc-87abf8a9c7ab{ip: 192.168.164.232, host: dev-nightly-20191015-67qjk-1482321572, networkLocation: /default-rack, certSerialId: null} reports an CLOSED replica.
2019-10-15 14:16:01,345 [EventQueue-ContainerReportForContainerReportHandler] WARN  container.ContainerReportHandler (AbstractContainerReportHandler.java:updateContainerState(145)) - Container #1 is in OPEN state, but the datanode 350dd957-6baf-44a5-98e5-a3496d7a986b{ip: 192.168.164.232, host: dev-nightly-20191015-67qjk-1482321572, networkLocation: /default-rack, certSerialId: null} reports an CLOSED replica.
2019-10-15 14:16:01,346 [EventQueue-ContainerReportForContainerReportHandler] WARN  container.ContainerReportHandler (AbstractContainerReportHandler.java:updateContainerState(145)) - Container #1 is in OPEN state, but the datanode 2ac0d02e-9e70-4102-8ecc-87abf8a9c7ab{ip: 192.168.164.232, host: dev-nightly-20191015-67qjk-1482321572, networkLocation: /default-rack, certSerialId: null} reports an CLOSED replica.
2019-10-15 14:16:01,647 [EventQueue-ContainerReportForContainerReportHandler] WARN  container.ContainerReportHandler (AbstractContainerReportHandler.java:updateContainerState(145)) - Container #1 is in OPEN state, but the datanode 350dd957-6baf-44a5-98e5-a3496d7a986b{ip: 192.168.164.232, host: dev-nightly-20191015-67qjk-1482321572, networkLocation: /default-rack, certSerialId: null} reports an CLOSED replica.
2019-10-15 14:16:01,744 [EventQueue-ContainerReportForContainerReportHandler] WARN  container.ContainerReportHandler (AbstractContainerReportHandler.java:updateContainerState(145)) - Container #1 is in OPEN state, but the datanode 2ac0d02e-9e70-4102-8ecc-87abf8a9c7ab{ip: 192.168.164.232, host: dev-nightly-20191015-67qjk-1482321572, networkLocation: /default-rack, certSerialId: null} reports an CLOSED replica.
2019-10-15 14:16:01,946 [EventQueue-ContainerReportForContainerReportHandler] WARN  container.ContainerReportHandler (AbstractContainerReportHandler.java:updateContainerState(145)) - Container #1 is in OPEN state, but the datanode 2ac0d02e-9e70-4102-8ecc-87abf8a9c7ab{ip: 192.168.164.232, host: dev-nightly-20191015-67qjk-1482321572, networkLocation: /default-rack, certSerialId: null} reports an CLOSED replica.
2019-10-15 14:16:01,947 [EventQueue-ContainerReportForContainerReportHandler] WARN  container.ContainerReportHandler (AbstractContainerReportHandler.java:updateContainerState(145)) - Container #1 is in OPEN state, but the datanode 350dd957-6baf-44a5-98e5-a3496d7a986b{ip: 192.168.164.232, host: dev-nightly-20191015-67qjk-1482321572, networkLocation: /default-rack, certSerialId: null} reports an CLOSED replica.
2019-10-15 14:16:02,011 [BlockDeletingService#2] WARN  background.BlockDeletingService (BlockDeletingService.java:isDeletionAllowed(187)) - Close Container log Index 6 is not replicated across allthe servers in the pipeline af09b2c2-cc5c-4d70-8ada-488dd1d6d11b as the min replicated index is 4. Deletion is not allowed in this container yet.
2019-10-15 14:16:02,011 [BlockDeletingService#2] WARN  background.BlockDeletingService (BlockDeletingService.java:isDeletionAllowed(187)) - Close Container log Index 6 is not replicated across allthe servers in the pipeline af09b2c2-cc5c-4d70-8ada-488dd1d6d11b as the min replicated index is 4. Deletion is not allowed in this container yet.
2019-10-15 14:16:02,345 [EventQueue-ContainerReportForContainerReportHandler] WARN  container.ContainerReportHandler (AbstractContainerReportHandler.java:updateContainerState(145)) - Container #1 is in OPEN state, but the datanode 2ac0d02e-9e70-4102-8ecc-87abf8a9c7ab{ip: 192.168.164.232, host: dev-nightly-20191015-67qjk-1482321572, networkLocation: /default-rack, certSerialId: null} reports an CLOSED replica.
2019-10-15 14:16:02,346 [EventQueue-ContainerReportForContainerReportHandler] WARN  container.ContainerReportHandler (AbstractContainerReportHandler.java:updateContainerState(145)) - Container #1 is in OPEN state, but the datanode 350dd957-6baf-44a5-98e5-a3496d7a986b{ip: 192.168.164.232, host: dev-nightly-20191015-67qjk-1482321572, networkLocation: /default-rack, certSerialId: null} reports an CLOSED replica.
2019-10-15 14:16:02,645 [EventQueue-ContainerReportForContainerReportHandler] WARN  container.ContainerReportHandler (AbstractContainerReportHandler.java:updateContainerState(145)) - Container #1 is in OPEN state, but the datanode 2ac0d02e-9e70-4102-8ecc-87abf8a9c7ab{ip: 192.168.164.232, host: dev-nightly-20191015-67qjk-1482321572, networkLocation: /default-rack, certSerialId: null} reports an CLOSED replica.
2019-10-15 14:16:02,748 [EventQueue-ContainerReportForContainerReportHandler] WARN  container.ContainerReportHandler (AbstractContainerReportHandler.java:updateContainerState(145)) - Container #1 is in OPEN state, but the datanode 350dd957-6baf-44a5-98e5-a3496d7a986b{ip: 192.168.164.232, host: dev-nightly-20191015-67qjk-1482321572, networkLocation: /default-rack, certSerialId: null} reports an CLOSED replica.
2019-10-15 14:16:02,945 [EventQueue-ContainerReportForContainerReportHandler] WARN  container.ContainerReportHandler (AbstractContainerReportHandler.java:updateContainerState(145)) - Container #1 is in OPEN state, but the datanode 2ac0d02e-9e70-4102-8ecc-87abf8a9c7ab{ip: 192.168.164.232, host: dev-nightly-20191015-67qjk-1482321572, networkLocation: /default-rack, certSerialId: null} reports an CLOSED replica.
2019-10-15 14:16:03,014 [BlockDeletingService#2] WARN  background.BlockDeletingService (BlockDeletingService.java:isDeletionAllowed(187)) - Close Container log Index 6 is not replicated across allthe servers in the pipeline af09b2c2-cc5c-4d70-8ada-488dd1d6d11b as the min replicated index is 4. Deletion is not allowed in this container yet.
2019-10-15 14:16:03,014 [BlockDeletingService#2] WARN  background.BlockDeletingService (BlockDeletingService.java:isDeletionAllowed(187)) - Close Container log Index 6 is not replicated across allthe servers in the pipeline af09b2c2-cc5c-4d70-8ada-488dd1d6d11b as the min replicated index is 4. Deletion is not allowed in this container yet.
2019-10-15 14:16:03,115 [java.util.concurrent.ThreadPoolExecutor$Worker@2009095b[State = -1, empty queue]] WARN  server.GrpcLogAppender (GrpcLogAppender.java:timeoutAppendRequest(209)) - 2ac0d02e-9e70-4102-8ecc-87abf8a9c7ab@group-488DD1D6D11B->4e1c66a4-792a-4350-b244-4dedea3f57a8-GrpcLogAppender: appendEntries Timeout, request=2ac0d02e-9e70-4102-8ecc-87abf8a9c7ab->4e1c66a4-792a-4350-b244-4dedea3f57a8#41-t3, previous=(t:3, i:10), leaderCommit=10, initializing? false, entries: <empty>
2019-10-15 14:16:03,147 [EventQueue-ContainerReportForContainerReportHandler] WARN  container.ContainerReportHandler (AbstractContainerReportHandler.java:updateContainerState(145)) - Container #1 is in OPEN state, but the datanode 350dd957-6baf-44a5-98e5-a3496d7a986b{ip: 192.168.164.232, host: dev-nightly-20191015-67qjk-1482321572, networkLocation: /default-rack, certSerialId: null} reports an CLOSED replica.
2019-10-15 14:16:03,245 [EventQueue-ContainerReportForContainerReportHandler] WARN  container.ContainerReportHandler (AbstractContainerReportHandler.java:updateContainerState(145)) - Container #1 is in OPEN state, but the datanode 2ac0d02e-9e70-4102-8ecc-87abf8a9c7ab{ip: 192.168.164.232, host: dev-nightly-20191015-67qjk-1482321572, networkLocation: /default-rack, certSerialId: null} reports an CLOSED replica.
2019-10-15 14:16:03,301 [Thread-463] INFO  client.GrpcClientProtocolService (GrpcClientProtocolService.java:lambda$processClientRequest$0(278)) - Failed RaftClientRequest:client-E8AF2CDF2BB3->350dd957-6baf-44a5-98e5-a3496d7a986b@group-488DD1D6D11B, cid=10, seq=0, Watch-ALL_COMMITTED(6), Message:<EMPTY>, reply=RaftClientReply:client-E8AF2CDF2BB3->350dd957-6baf-44a5-98e5-a3496d7a986b@group-488DD1D6D11B, cid=10, FAILED org.apache.ratis.protocol.NotLeaderException: Server 350dd957-6baf-44a5-98e5-a3496d7a986b@group-488DD1D6D11B is not the leader 2ac0d02e-9e70-4102-8ecc-87abf8a9c7ab:192.168.164.232:40013, logIndex=0, commits[350dd957-6baf-44a5-98e5-a3496d7a986b:c10, 2ac0d02e-9e70-4102-8ecc-87abf8a9c7ab:c10, 4e1c66a4-792a-4350-b244-4dedea3f57a8:c4]
2019-10-15 14:16:03,447 [EventQueue-ContainerReportForContainerReportHandler] WARN  container.ContainerReportHandler (AbstractContainerReportHandler.java:updateContainerState(145)) - Container #1 is in OPEN state, but the datanode 350dd957-6baf-44a5-98e5-a3496d7a986b{ip: 192.168.164.232, host: dev-nightly-20191015-67qjk-1482321572, networkLocation: /default-rack, certSerialId: null} reports an CLOSED replica.
2019-10-15 14:16:03,545 [EventQueue-ContainerReportForContainerReportHandler] WARN  container.ContainerReportHandler (AbstractContainerReportHandler.java:updateContainerState(145)) - Container #1 is in OPEN state, but the datanode 2ac0d02e-9e70-4102-8ecc-87abf8a9c7ab{ip: 192.168.164.232, host: dev-nightly-20191015-67qjk-1482321572, networkLocation: /default-rack, certSerialId: null} reports an CLOSED replica.
2019-10-15 14:16:03,747 [EventQueue-ContainerReportForContainerReportHandler] WARN  container.ContainerReportHandler (AbstractContainerReportHandler.java:updateContainerState(145)) - Container #1 is in OPEN state, but the datanode 350dd957-6baf-44a5-98e5-a3496d7a986b{ip: 192.168.164.232, host: dev-nightly-20191015-67qjk-1482321572, networkLocation: /default-rack, certSerialId: null} reports an CLOSED replica.
2019-10-15 14:16:03,946 [EventQueue-ContainerReportForContainerReportHandler] WARN  container.ContainerReportHandler (AbstractContainerReportHandler.java:updateContainerState(145)) - Container #1 is in OPEN state, but the datanode 2ac0d02e-9e70-4102-8ecc-87abf8a9c7ab{ip: 192.168.164.232, host: dev-nightly-20191015-67qjk-1482321572, networkLocation: /default-rack, certSerialId: null} reports an CLOSED replica.
2019-10-15 14:16:04,016 [BlockDeletingService#2] WARN  background.BlockDeletingService (BlockDeletingService.java:isDeletionAllowed(187)) - Close Container log Index 6 is not replicated across allthe servers in the pipeline af09b2c2-cc5c-4d70-8ada-488dd1d6d11b as the min replicated index is 4. Deletion is not allowed in this container yet.
2019-10-15 14:16:04,016 [BlockDeletingService#2] WARN  background.BlockDeletingService (BlockDeletingService.java:isDeletionAllowed(187)) - Close Container log Index 6 is not replicated across allthe servers in the pipeline af09b2c2-cc5c-4d70-8ada-488dd1d6d11b as the min replicated index is 4. Deletion is not allowed in this container yet.
2019-10-15 14:16:04,047 [EventQueue-ContainerReportForContainerReportHandler] WARN  container.ContainerReportHandler (AbstractContainerReportHandler.java:updateContainerState(145)) - Container #1 is in OPEN state, but the datanode 350dd957-6baf-44a5-98e5-a3496d7a986b{ip: 192.168.164.232, host: dev-nightly-20191015-67qjk-1482321572, networkLocation: /default-rack, certSerialId: null} reports an CLOSED replica.
2019-10-15 14:16:04,246 [EventQueue-ContainerReportForContainerReportHandler] WARN  container.ContainerReportHandler (AbstractContainerReportHandler.java:updateContainerState(145)) - Container #1 is in OPEN state, but the datanode 2ac0d02e-9e70-4102-8ecc-87abf8a9c7ab{ip: 192.168.164.232, host: dev-nightly-20191015-67qjk-1482321572, networkLocation: /default-rack, certSerialId: null} reports an CLOSED replica.
2019-10-15 14:16:04,447 [EventQueue-ContainerReportForContainerReportHandler] WARN  container.ContainerReportHandler (AbstractContainerReportHandler.java:updateContainerState(145)) - Container #1 is in OPEN state, but the datanode 2ac0d02e-9e70-4102-8ecc-87abf8a9c7ab{ip: 192.168.164.232, host: dev-nightly-20191015-67qjk-1482321572, networkLocation: /default-rack, certSerialId: null} reports an CLOSED replica.
2019-10-15 14:16:04,447 [EventQueue-ContainerReportForContainerReportHandler] WARN  container.ContainerReportHandler (AbstractContainerReportHandler.java:updateContainerState(145)) - Container #1 is in OPEN state, but the datanode 350dd957-6baf-44a5-98e5-a3496d7a986b{ip: 192.168.164.232, host: dev-nightly-20191015-67qjk-1482321572, networkLocation: /default-rack, certSerialId: null} reports an CLOSED replica.
2019-10-15 14:16:04,648 [EventQueue-ContainerReportForContainerReportHandler] WARN  container.ContainerReportHandler (AbstractContainerReportHandler.java:updateContainerState(145)) - Container #1 is in OPEN state, but the datanode 350dd957-6baf-44a5-98e5-a3496d7a986b{ip: 192.168.164.232, host: dev-nightly-20191015-67qjk-1482321572, networkLocation: /default-rack, certSerialId: null} reports an CLOSED replica.
2019-10-15 14:16:04,682 [Thread-468] INFO  client.GrpcClientProtocolService (GrpcClientProtocolService.java:lambda$processClientRequest$0(278)) - Failed RaftClientRequest:client-E8AF2CDF2BB3->2ac0d02e-9e70-4102-8ecc-87abf8a9c7ab@group-488DD1D6D11B, cid=10, seq=0, Watch-ALL_COMMITTED(6), Message:<EMPTY>, reply=RaftClientReply:client-E8AF2CDF2BB3->2ac0d02e-9e70-4102-8ecc-87abf8a9c7ab@group-488DD1D6D11B, cid=10, FAILED org.apache.ratis.protocol.NotReplicatedException: Request with call Id 10 and log index 6 is not yet replicated to ALL_COMMITTED, logIndex=6, commits[2ac0d02e-9e70-4102-8ecc-87abf8a9c7ab:c10, 4e1c66a4-792a-4350-b244-4dedea3f57a8:c4, 350dd957-6baf-44a5-98e5-a3496d7a986b:c10]
2019-10-15 14:16:04,747 [EventQueue-ContainerReportForContainerReportHandler] WARN  container.ContainerReportHandler (AbstractContainerReportHandler.java:updateContainerState(145)) - Container #1 is in OPEN state, but the datanode 2ac0d02e-9e70-4102-8ecc-87abf8a9c7ab{ip: 192.168.164.232, host: dev-nightly-20191015-67qjk-1482321572, networkLocation: /default-rack, certSerialId: null} reports an CLOSED replica.
2019-10-15 14:16:04,948 [EventQueue-ContainerReportForContainerReportHandler] WARN  container.ContainerReportHandler (AbstractContainerReportHandler.java:updateContainerState(145)) - Container #1 is in OPEN state, but the datanode 2ac0d02e-9e70-4102-8ecc-87abf8a9c7ab{ip: 192.168.164.232, host: dev-nightly-20191015-67qjk-1482321572, networkLocation: /default-rack, certSerialId: null} reports an CLOSED replica.
2019-10-15 14:16:04,949 [EventQueue-ContainerReportForContainerReportHandler] WARN  container.ContainerReportHandler (AbstractContainerReportHandler.java:updateContainerState(145)) - Container #1 is in OPEN state, but the datanode 350dd957-6baf-44a5-98e5-a3496d7a986b{ip: 192.168.164.232, host: dev-nightly-20191015-67qjk-1482321572, networkLocation: /default-rack, certSerialId: null} reports an CLOSED replica.
2019-10-15 14:16:05,020 [BlockDeletingService#2] WARN  background.BlockDeletingService (BlockDeletingService.java:isDeletionAllowed(187)) - Close Container log Index 6 is not replicated across allthe servers in the pipeline af09b2c2-cc5c-4d70-8ada-488dd1d6d11b as the min replicated index is 4. Deletion is not allowed in this container yet.
2019-10-15 14:16:05,020 [BlockDeletingService#2] WARN  background.BlockDeletingService (BlockDeletingService.java:isDeletionAllowed(187)) - Close Container log Index 6 is not replicated across allthe servers in the pipeline af09b2c2-cc5c-4d70-8ada-488dd1d6d11b as the min replicated index is 4. Deletion is not allowed in this container yet.
2019-10-15 14:16:05,148 [EventQueue-ContainerReportForContainerReportHandler] WARN  container.ContainerReportHandler (AbstractContainerReportHandler.java:updateContainerState(145)) - Container #1 is in OPEN state, but the datanode 2ac0d02e-9e70-4102-8ecc-87abf8a9c7ab{ip: 192.168.164.232, host: dev-nightly-20191015-67qjk-1482321572, networkLocation: /default-rack, certSerialId: null} reports an CLOSED replica.
2019-10-15 14:16:05,248 [EventQueue-ContainerReportForContainerReportHandler] WARN  container.ContainerReportHandler (AbstractContainerReportHandler.java:updateContainerState(145)) - Container #1 is in OPEN state, but the datanode 350dd957-6baf-44a5-98e5-a3496d7a986b{ip: 192.168.164.232, host: dev-nightly-20191015-67qjk-1482321572, networkLocation: /default-rack, certSerialId: null} reports an CLOSED replica.
2019-10-15 14:16:05,348 [EventQueue-ContainerReportForContainerReportHandler] WARN  container.ContainerReportHandler (AbstractContainerReportHandler.java:updateContainerState(145)) - Container #1 is in OPEN state, but the datanode 2ac0d02e-9e70-4102-8ecc-87abf8a9c7ab{ip: 192.168.164.232, host: dev-nightly-20191015-67qjk-1482321572, networkLocation: /default-rack, certSerialId: null} reports an CLOSED replica.
2019-10-15 14:16:05,548 [EventQueue-ContainerReportForContainerReportHandler] WARN  container.ContainerReportHandler (AbstractContainerReportHandler.java:updateContainerState(145)) - Container #1 is in OPEN state, but the datanode 350dd957-6baf-44a5-98e5-a3496d7a986b{ip: 192.168.164.232, host: dev-nightly-20191015-67qjk-1482321572, networkLocation: /default-rack, certSerialId: null} reports an CLOSED replica.
2019-10-15 14:16:05,617 [java.util.concurrent.ThreadPoolExecutor$Worker@2009095b[State = -1, empty queue]] WARN  server.GrpcLogAppender (GrpcLogAppender.java:timeoutAppendRequest(209)) - 2ac0d02e-9e70-4102-8ecc-87abf8a9c7ab@group-488DD1D6D11B->4e1c66a4-792a-4350-b244-4dedea3f57a8-GrpcLogAppender: appendEntries Timeout, request=2ac0d02e-9e70-4102-8ecc-87abf8a9c7ab->4e1c66a4-792a-4350-b244-4dedea3f57a8#42-t3, previous=(t:3, i:10), leaderCommit=10, initializing? false, entries: <empty>
2019-10-15 14:16:05,649 [EventQueue-ContainerReportForContainerReportHandler] WARN  container.ContainerReportHandler (AbstractContainerReportHandler.java:updateContainerState(145)) - Container #1 is in OPEN state, but the datanode 2ac0d02e-9e70-4102-8ecc-87abf8a9c7ab{ip: 192.168.164.232, host: dev-nightly-20191015-67qjk-1482321572, networkLocation: /default-rack, certSerialId: null} reports an CLOSED replica.
2019-10-15 14:16:05,748 [EventQueue-ContainerReportForContainerReportHandler] WARN  container.ContainerReportHandler (AbstractContainerReportHandler.java:updateContainerState(145)) - Container #1 is in OPEN state, but the datanode 350dd957-6baf-44a5-98e5-a3496d7a986b{ip: 192.168.164.232, host: dev-nightly-20191015-67qjk-1482321572, networkLocation: /default-rack, certSerialId: null} reports an CLOSED replica.
2019-10-15 14:16:05,848 [EventQueue-ContainerReportForContainerReportHandler] WARN  container.ContainerReportHandler (AbstractContainerReportHandler.java:updateContainerState(145)) - Container #1 is in OPEN state, but the datanode 2ac0d02e-9e70-4102-8ecc-87abf8a9c7ab{ip: 192.168.164.232, host: dev-nightly-20191015-67qjk-1482321572, networkLocation: /default-rack, certSerialId: null} reports an CLOSED replica.
2019-10-15 14:16:06,025 [BlockDeletingService#2] WARN  background.BlockDeletingService (BlockDeletingService.java:isDeletionAllowed(187)) - Close Container log Index 6 is not replicated across allthe servers in the pipeline af09b2c2-cc5c-4d70-8ada-488dd1d6d11b as the min replicated index is 4. Deletion is not allowed in this container yet.
2019-10-15 14:16:06,025 [BlockDeletingService#2] WARN  background.BlockDeletingService (BlockDeletingService.java:isDeletionAllowed(187)) - Close Container log Index 6 is not replicated across allthe servers in the pipeline af09b2c2-cc5c-4d70-8ada-488dd1d6d11b as the min replicated index is 4. Deletion is not allowed in this container yet.
2019-10-15 14:16:06,048 [EventQueue-ContainerReportForContainerReportHandler] WARN  container.ContainerReportHandler (AbstractContainerReportHandler.java:updateContainerState(145)) - Container #1 is in OPEN state, but the datanode 2ac0d02e-9e70-4102-8ecc-87abf8a9c7ab{ip: 192.168.164.232, host: dev-nightly-20191015-67qjk-1482321572, networkLocation: /default-rack, certSerialId: null} reports an CLOSED replica.
2019-10-15 14:16:06,049 [EventQueue-ContainerReportForContainerReportHandler] WARN  container.ContainerReportHandler (AbstractContainerReportHandler.java:updateContainerState(145)) - Container #1 is in OPEN state, but the datanode 350dd957-6baf-44a5-98e5-a3496d7a986b{ip: 192.168.164.232, host: dev-nightly-20191015-67qjk-1482321572, networkLocation: /default-rack, certSerialId: null} reports an CLOSED replica.
2019-10-15 14:16:06,349 [EventQueue-ContainerReportForContainerReportHandler] WARN  container.ContainerReportHandler (AbstractContainerReportHandler.java:updateContainerState(145)) - Container #1 is in OPEN state, but the datanode 350dd957-6baf-44a5-98e5-a3496d7a986b{ip: 192.168.164.232, host: dev-nightly-20191015-67qjk-1482321572, networkLocation: /default-rack, certSerialId: null} reports an CLOSED replica.
2019-10-15 14:16:06,449 [EventQueue-ContainerReportForContainerReportHandler] WARN  container.ContainerReportHandler (AbstractContainerReportHandler.java:updateContainerState(145)) - Container #1 is in OPEN state, but the datanode 2ac0d02e-9e70-4102-8ecc-87abf8a9c7ab{ip: 192.168.164.232, host: dev-nightly-20191015-67qjk-1482321572, networkLocation: /default-rack, certSerialId: null} reports an CLOSED replica.
2019-10-15 14:16:06,649 [EventQueue-ContainerReportForContainerReportHandler] WARN  container.ContainerReportHandler (AbstractContainerReportHandler.java:updateContainerState(145)) - Container #1 is in OPEN state, but the datanode 350dd957-6baf-44a5-98e5-a3496d7a986b{ip: 192.168.164.232, host: dev-nightly-20191015-67qjk-1482321572, networkLocation: /default-rack, certSerialId: null} reports an CLOSED replica.
2019-10-15 14:16:06,749 [EventQueue-ContainerReportForContainerReportHandler] WARN  container.ContainerReportHandler (AbstractContainerReportHandler.java:updateContainerState(145)) - Container #1 is in OPEN state, but the datanode 2ac0d02e-9e70-4102-8ecc-87abf8a9c7ab{ip: 192.168.164.232, host: dev-nightly-20191015-67qjk-1482321572, networkLocation: /default-rack, certSerialId: null} reports an CLOSED replica.
2019-10-15 14:16:06,950 [EventQueue-ContainerReportForContainerReportHandler] WARN  container.ContainerReportHandler (AbstractContainerReportHandler.java:updateContainerState(145)) - Container #1 is in OPEN state, but the datanode 350dd957-6baf-44a5-98e5-a3496d7a986b{ip: 192.168.164.232, host: dev-nightly-20191015-67qjk-1482321572, networkLocation: /default-rack, certSerialId: null} reports an CLOSED replica.
2019-10-15 14:16:07,027 [BlockDeletingService#2] WARN  background.BlockDeletingService (BlockDeletingService.java:isDeletionAllowed(187)) - Close Container log Index 6 is not replicated across allthe servers in the pipeline af09b2c2-cc5c-4d70-8ada-488dd1d6d11b as the min replicated index is 4. Deletion is not allowed in this container yet.
2019-10-15 14:16:07,027 [BlockDeletingService#2] WARN  background.BlockDeletingService (BlockDeletingService.java:isDeletionAllowed(187)) - Close Container log Index 6 is not replicated across allthe servers in the pipeline af09b2c2-cc5c-4d70-8ada-488dd1d6d11b as the min replicated index is 4. Deletion is not allowed in this container yet.
2019-10-15 14:16:07,050 [EventQueue-ContainerReportForContainerReportHandler] WARN  container.ContainerReportHandler (AbstractContainerReportHandler.java:updateContainerState(145)) - Container #1 is in OPEN state, but the datanode 2ac0d02e-9e70-4102-8ecc-87abf8a9c7ab{ip: 192.168.164.232, host: dev-nightly-20191015-67qjk-1482321572, networkLocation: /default-rack, certSerialId: null} reports an CLOSED replica.
2019-10-15 14:16:07,150 [EventQueue-ContainerReportForContainerReportHandler] WARN  container.ContainerReportHandler (AbstractContainerReportHandler.java:updateContainerState(145)) - Container #1 is in OPEN state, but the datanode 350dd957-6baf-44a5-98e5-a3496d7a986b{ip: 192.168.164.232, host: dev-nightly-20191015-67qjk-1482321572, networkLocation: /default-rack, certSerialId: null} reports an CLOSED replica.
2019-10-15 14:16:07,350 [EventQueue-ContainerReportForContainerReportHandler] WARN  container.ContainerReportHandler (AbstractContainerReportHandler.java:updateContainerState(145)) - Container #1 is in OPEN state, but the datanode 2ac0d02e-9e70-4102-8ecc-87abf8a9c7ab{ip: 192.168.164.232, host: dev-nightly-20191015-67qjk-1482321572, networkLocation: /default-rack, certSerialId: null} reports an CLOSED replica.
2019-10-15 14:16:07,549 [EventQueue-ContainerReportForContainerReportHandler] WARN  container.ContainerReportHandler (AbstractContainerReportHandler.java:updateContainerState(145)) - Container #1 is in OPEN state, but the datanode 350dd957-6baf-44a5-98e5-a3496d7a986b{ip: 192.168.164.232, host: dev-nightly-20191015-67qjk-1482321572, networkLocation: /default-rack, certSerialId: null} reports an CLOSED replica.
2019-10-15 14:16:07,650 [EventQueue-ContainerReportForContainerReportHandler] WARN  container.ContainerReportHandler (AbstractContainerReportHandler.java:updateContainerState(145)) - Container #1 is in OPEN state, but the datanode 2ac0d02e-9e70-4102-8ecc-87abf8a9c7ab{ip: 192.168.164.232, host: dev-nightly-20191015-67qjk-1482321572, networkLocation: /default-rack, certSerialId: null} reports an CLOSED replica.
2019-10-15 14:16:07,850 [EventQueue-ContainerReportForContainerReportHandler] WARN  container.ContainerReportHandler (AbstractContainerReportHandler.java:updateContainerState(145)) - Container #1 is in OPEN state, but the datanode 2ac0d02e-9e70-4102-8ecc-87abf8a9c7ab{ip: 192.168.164.232, host: dev-nightly-20191015-67qjk-1482321572, networkLocation: /default-rack, certSerialId: null} reports an CLOSED replica.
2019-10-15 14:16:07,950 [EventQueue-ContainerReportForContainerReportHandler] WARN  container.ContainerReportHandler (AbstractContainerReportHandler.java:updateContainerState(145)) - Container #1 is in OPEN state, but the datanode 350dd957-6baf-44a5-98e5-a3496d7a986b{ip: 192.168.164.232, host: dev-nightly-20191015-67qjk-1482321572, networkLocation: /default-rack, certSerialId: null} reports an CLOSED replica.
2019-10-15 14:16:08,029 [BlockDeletingService#2] WARN  background.BlockDeletingService (BlockDeletingService.java:isDeletionAllowed(187)) - Close Container log Index 6 is not replicated across allthe servers in the pipeline af09b2c2-cc5c-4d70-8ada-488dd1d6d11b as the min replicated index is 4. Deletion is not allowed in this container yet.
2019-10-15 14:16:08,029 [BlockDeletingService#2] WARN  background.BlockDeletingService (BlockDeletingService.java:isDeletionAllowed(187)) - Close Container log Index 6 is not replicated across allthe servers in the pipeline af09b2c2-cc5c-4d70-8ada-488dd1d6d11b as the min replicated index is 4. Deletion is not allowed in this container yet.
2019-10-15 14:16:08,118 [java.util.concurrent.ThreadPoolExecutor$Worker@2009095b[State = -1, empty queue]] WARN  server.GrpcLogAppender (GrpcLogAppender.java:timeoutAppendRequest(209)) - 2ac0d02e-9e70-4102-8ecc-87abf8a9c7ab@group-488DD1D6D11B->4e1c66a4-792a-4350-b244-4dedea3f57a8-GrpcLogAppender: appendEntries Timeout, request=2ac0d02e-9e70-4102-8ecc-87abf8a9c7ab->4e1c66a4-792a-4350-b244-4dedea3f57a8#43-t3, previous=(t:3, i:10), leaderCommit=10, initializing? false, entries: <empty>
2019-10-15 14:16:08,151 [EventQueue-ContainerReportForContainerReportHandler] WARN  container.ContainerReportHandler (AbstractContainerReportHandler.java:updateContainerState(145)) - Container #1 is in OPEN state, but the datanode 2ac0d02e-9e70-4102-8ecc-87abf8a9c7ab{ip: 192.168.164.232, host: dev-nightly-20191015-67qjk-1482321572, networkLocation: /default-rack, certSerialId: null} reports an CLOSED replica.
2019-10-15 14:16:08,249 [EventQueue-ContainerReportForContainerReportHandler] WARN  container.ContainerReportHandler (AbstractContainerReportHandler.java:updateContainerState(145)) - Container #1 is in OPEN state, but the datanode 350dd957-6baf-44a5-98e5-a3496d7a986b{ip: 192.168.164.232, host: dev-nightly-20191015-67qjk-1482321572, networkLocation: /default-rack, certSerialId: null} reports an CLOSED replica.
2019-10-15 14:16:08,451 [EventQueue-ContainerReportForContainerReportHandler] WARN  container.ContainerReportHandler (AbstractContainerReportHandler.java:updateContainerState(145)) - Container #1 is in OPEN state, but the datanode 2ac0d02e-9e70-4102-8ecc-87abf8a9c7ab{ip: 192.168.164.232, host: dev-nightly-20191015-67qjk-1482321572, networkLocation: /default-rack, certSerialId: null} reports an CLOSED replica.
2019-10-15 14:16:08,550 [EventQueue-ContainerReportForContainerReportHandler] WARN  container.ContainerReportHandler (AbstractContainerReportHandler.java:updateContainerState(145)) - Container #1 is in OPEN state, but the datanode 350dd957-6baf-44a5-98e5-a3496d7a986b{ip: 192.168.164.232, host: dev-nightly-20191015-67qjk-1482321572, networkLocation: /default-rack, certSerialId: null} reports an CLOSED replica.
2019-10-15 14:16:08,651 [EventQueue-ContainerReportForContainerReportHandler] WARN  container.ContainerReportHandler (AbstractContainerReportHandler.java:updateContainerState(145)) - Container #1 is in OPEN state, but the datanode 2ac0d02e-9e70-4102-8ecc-87abf8a9c7ab{ip: 192.168.164.232, host: dev-nightly-20191015-67qjk-1482321572, networkLocation: /default-rack, certSerialId: null} reports an CLOSED replica.
2019-10-15 14:16:08,851 [EventQueue-ContainerReportForContainerReportHandler] WARN  container.ContainerReportHandler (AbstractContainerReportHandler.java:updateContainerState(145)) - Container #1 is in OPEN state, but the datanode 350dd957-6baf-44a5-98e5-a3496d7a986b{ip: 192.168.164.232, host: dev-nightly-20191015-67qjk-1482321572, networkLocation: /default-rack, certSerialId: null} reports an CLOSED replica.
2019-10-15 14:16:08,951 [EventQueue-ContainerReportForContainerReportHandler] WARN  container.ContainerReportHandler (AbstractContainerReportHandler.java:updateContainerState(145)) - Container #1 is in OPEN state, but the datanode 2ac0d02e-9e70-4102-8ecc-87abf8a9c7ab{ip: 192.168.164.232, host: dev-nightly-20191015-67qjk-1482321572, networkLocation: /default-rack, certSerialId: null} reports an CLOSED replica.
2019-10-15 14:16:09,030 [BlockDeletingService#2] WARN  background.BlockDeletingService (BlockDeletingService.java:isDeletionAllowed(187)) - Close Container log Index 6 is not replicated across allthe servers in the pipeline af09b2c2-cc5c-4d70-8ada-488dd1d6d11b as the min replicated index is 4. Deletion is not allowed in this container yet.
2019-10-15 14:16:09,030 [BlockDeletingService#2] WARN  background.BlockDeletingService (BlockDeletingService.java:isDeletionAllowed(187)) - Close Container log Index 6 is not replicated across allthe servers in the pipeline af09b2c2-cc5c-4d70-8ada-488dd1d6d11b as the min replicated index is 4. Deletion is not allowed in this container yet.
2019-10-15 14:16:09,051 [EventQueue-ContainerReportForContainerReportHandler] WARN  container.ContainerReportHandler (AbstractContainerReportHandler.java:updateContainerState(145)) - Container #1 is in OPEN state, but the datanode 350dd957-6baf-44a5-98e5-a3496d7a986b{ip: 192.168.164.232, host: dev-nightly-20191015-67qjk-1482321572, networkLocation: /default-rack, certSerialId: null} reports an CLOSED replica.
2019-10-15 14:16:09,251 [EventQueue-ContainerReportForContainerReportHandler] WARN  container.ContainerReportHandler (AbstractContainerReportHandler.java:updateContainerState(145)) - Container #1 is in OPEN state, but the datanode 350dd957-6baf-44a5-98e5-a3496d7a986b{ip: 192.168.164.232, host: dev-nightly-20191015-67qjk-1482321572, networkLocation: /default-rack, certSerialId: null} reports an CLOSED replica.
2019-10-15 14:16:09,351 [EventQueue-ContainerReportForContainerReportHandler] WARN  container.ContainerReportHandler (AbstractContainerReportHandler.java:updateContainerState(145)) - Container #1 is in OPEN state, but the datanode 2ac0d02e-9e70-4102-8ecc-87abf8a9c7ab{ip: 192.168.164.232, host: dev-nightly-20191015-67qjk-1482321572, networkLocation: /default-rack, certSerialId: null} reports an CLOSED replica.
2019-10-15 14:16:09,552 [EventQueue-ContainerReportForContainerReportHandler] WARN  container.ContainerReportHandler (AbstractContainerReportHandler.java:updateContainerState(145)) - Container #1 is in OPEN state, but the datanode 350dd957-6baf-44a5-98e5-a3496d7a986b{ip: 192.168.164.232, host: dev-nightly-20191015-67qjk-1482321572, networkLocation: /default-rack, certSerialId: null} reports an CLOSED replica.
2019-10-15 14:16:09,652 [EventQueue-ContainerReportForContainerReportHandler] WARN  container.ContainerReportHandler (AbstractContainerReportHandler.java:updateContainerState(145)) - Container #1 is in OPEN state, but the datanode 2ac0d02e-9e70-4102-8ecc-87abf8a9c7ab{ip: 192.168.164.232, host: dev-nightly-20191015-67qjk-1482321572, networkLocation: /default-rack, certSerialId: null} reports an CLOSED replica.
2019-10-15 14:16:09,851 [EventQueue-ContainerReportForContainerReportHandler] WARN  container.ContainerReportHandler (AbstractContainerReportHandler.java:updateContainerState(145)) - Container #1 is in OPEN state, but the datanode 350dd957-6baf-44a5-98e5-a3496d7a986b{ip: 192.168.164.232, host: dev-nightly-20191015-67qjk-1482321572, networkLocation: /default-rack, certSerialId: null} reports an CLOSED replica.
2019-10-15 14:16:09,852 [EventQueue-ContainerReportForContainerReportHandler] WARN  container.ContainerReportHandler (AbstractContainerReportHandler.java:updateContainerState(145)) - Container #1 is in OPEN state, but the datanode 2ac0d02e-9e70-4102-8ecc-87abf8a9c7ab{ip: 192.168.164.232, host: dev-nightly-20191015-67qjk-1482321572, networkLocation: /default-rack, certSerialId: null} reports an CLOSED replica.
2019-10-15 14:16:10,032 [BlockDeletingService#2] WARN  background.BlockDeletingService (BlockDeletingService.java:isDeletionAllowed(187)) - Close Container log Index 6 is not replicated across allthe servers in the pipeline af09b2c2-cc5c-4d70-8ada-488dd1d6d11b as the min replicated index is 4. Deletion is not allowed in this container yet.
2019-10-15 14:16:10,032 [BlockDeletingService#2] WARN  background.BlockDeletingService (BlockDeletingService.java:isDeletionAllowed(187)) - Close Container log Index 6 is not replicated across allthe servers in the pipeline af09b2c2-cc5c-4d70-8ada-488dd1d6d11b as the min replicated index is 4. Deletion is not allowed in this container yet.
2019-10-15 14:16:10,052 [EventQueue-ContainerReportForContainerReportHandler] WARN  container.ContainerReportHandler (AbstractContainerReportHandler.java:updateContainerState(145)) - Container #1 is in OPEN state, but the datanode 350dd957-6baf-44a5-98e5-a3496d7a986b{ip: 192.168.164.232, host: dev-nightly-20191015-67qjk-1482321572, networkLocation: /default-rack, certSerialId: null} reports an CLOSED replica.
2019-10-15 14:16:10,252 [EventQueue-ContainerReportForContainerReportHandler] WARN  container.ContainerReportHandler (AbstractContainerReportHandler.java:updateContainerState(145)) - Container #1 is in OPEN state, but the datanode 2ac0d02e-9e70-4102-8ecc-87abf8a9c7ab{ip: 192.168.164.232, host: dev-nightly-20191015-67qjk-1482321572, networkLocation: /default-rack, certSerialId: null} reports an CLOSED replica.
2019-10-15 14:16:10,452 [EventQueue-ContainerReportForContainerReportHandler] WARN  container.ContainerReportHandler (AbstractContainerReportHandler.java:updateContainerState(145)) - Container #1 is in OPEN state, but the datanode 350dd957-6baf-44a5-98e5-a3496d7a986b{ip: 192.168.164.232, host: dev-nightly-20191015-67qjk-1482321572, networkLocation: /default-rack, certSerialId: null} reports an CLOSED replica.
2019-10-15 14:16:10,620 [java.util.concurrent.ThreadPoolExecutor$Worker@2009095b[State = -1, empty queue]] WARN  server.GrpcLogAppender (GrpcLogAppender.java:timeoutAppendRequest(209)) - 2ac0d02e-9e70-4102-8ecc-87abf8a9c7ab@group-488DD1D6D11B->4e1c66a4-792a-4350-b244-4dedea3f57a8-GrpcLogAppender: appendEntries Timeout, request=2ac0d02e-9e70-4102-8ecc-87abf8a9c7ab->4e1c66a4-792a-4350-b244-4dedea3f57a8#44-t3, previous=(t:3, i:10), leaderCommit=10, initializing? false, entries: <empty>
2019-10-15 14:16:10,652 [EventQueue-ContainerReportForContainerReportHandler] WARN  container.ContainerReportHandler (AbstractContainerReportHandler.java:updateContainerState(145)) - Container #1 is in OPEN state, but the datanode 2ac0d02e-9e70-4102-8ecc-87abf8a9c7ab{ip: 192.168.164.232, host: dev-nightly-20191015-67qjk-1482321572, networkLocation: /default-rack, certSerialId: null} reports an CLOSED replica.
2019-10-15 14:16:10,652 [EventQueue-ContainerReportForContainerReportHandler] WARN  container.ContainerReportHandler (AbstractContainerReportHandler.java:updateContainerState(145)) - Container #1 is in OPEN state, but the datanode 350dd957-6baf-44a5-98e5-a3496d7a986b{ip: 192.168.164.232, host: dev-nightly-20191015-67qjk-1482321572, networkLocation: /default-rack, certSerialId: null} reports an CLOSED replica.
2019-10-15 14:16:10,852 [EventQueue-ContainerReportForContainerReportHandler] WARN  container.ContainerReportHandler (AbstractContainerReportHandler.java:updateContainerState(145)) - Container #1 is in OPEN state, but the datanode 2ac0d02e-9e70-4102-8ecc-87abf8a9c7ab{ip: 192.168.164.232, host: dev-nightly-20191015-67qjk-1482321572, networkLocation: /default-rack, certSerialId: null} reports an CLOSED replica.
2019-10-15 14:16:10,953 [EventQueue-ContainerReportForContainerReportHandler] WARN  container.ContainerReportHandler (AbstractContainerReportHandler.java:updateContainerState(145)) - Container #1 is in OPEN state, but the datanode 350dd957-6baf-44a5-98e5-a3496d7a986b{ip: 192.168.164.232, host: dev-nightly-20191015-67qjk-1482321572, networkLocation: /default-rack, certSerialId: null} reports an CLOSED replica.
2019-10-15 14:16:11,033 [BlockDeletingService#2] WARN  background.BlockDeletingService (BlockDeletingService.java:isDeletionAllowed(187)) - Close Container log Index 6 is not replicated across allthe servers in the pipeline af09b2c2-cc5c-4d70-8ada-488dd1d6d11b as the min replicated index is 4. Deletion is not allowed in this container yet.
2019-10-15 14:16:11,033 [BlockDeletingService#2] WARN  background.BlockDeletingService (BlockDeletingService.java:isDeletionAllowed(187)) - Close Container log Index 6 is not replicated across allthe servers in the pipeline af09b2c2-cc5c-4d70-8ada-488dd1d6d11b as the min replicated index is 4. Deletion is not allowed in this container yet.
2019-10-15 14:16:11,255 [EventQueue-ContainerReportForContainerReportHandler] WARN  container.ContainerReportHandler (AbstractContainerReportHandler.java:updateContainerState(145)) - Container #1 is in OPEN state, but the datanode 2ac0d02e-9e70-4102-8ecc-87abf8a9c7ab{ip: 192.168.164.232, host: dev-nightly-20191015-67qjk-1482321572, networkLocation: /default-rack, certSerialId: null} reports an CLOSED replica.
2019-10-15 14:16:11,353 [EventQueue-ContainerReportForContainerReportHandler] WARN  container.ContainerReportHandler (AbstractContainerReportHandler.java:updateContainerState(145)) - Container #1 is in OPEN state, but the datanode 350dd957-6baf-44a5-98e5-a3496d7a986b{ip: 192.168.164.232, host: dev-nightly-20191015-67qjk-1482321572, networkLocation: /default-rack, certSerialId: null} reports an CLOSED replica.
2019-10-15 14:16:11,556 [EventQueue-ContainerReportForContainerReportHandler] WARN  container.ContainerReportHandler (AbstractContainerReportHandler.java:updateContainerState(145)) - Container #1 is in OPEN state, but the datanode 2ac0d02e-9e70-4102-8ecc-87abf8a9c7ab{ip: 192.168.164.232, host: dev-nightly-20191015-67qjk-1482321572, networkLocation: /default-rack, certSerialId: null} reports an CLOSED replica.
2019-10-15 14:16:11,653 [EventQueue-ContainerReportForContainerReportHandler] WARN  container.ContainerReportHandler (AbstractContainerReportHandler.java:updateContainerState(145)) - Container #1 is in OPEN state, but the datanode 350dd957-6baf-44a5-98e5-a3496d7a986b{ip: 192.168.164.232, host: dev-nightly-20191015-67qjk-1482321572, networkLocation: /default-rack, certSerialId: null} reports an CLOSED replica.
2019-10-15 14:16:11,954 [EventQueue-ContainerReportForContainerReportHandler] WARN  container.ContainerReportHandler (AbstractContainerReportHandler.java:updateContainerState(145)) - Container #1 is in OPEN state, but the datanode 350dd957-6baf-44a5-98e5-a3496d7a986b{ip: 192.168.164.232, host: dev-nightly-20191015-67qjk-1482321572, networkLocation: /default-rack, certSerialId: null} reports an CLOSED replica.
2019-10-15 14:16:11,955 [EventQueue-ContainerReportForContainerReportHandler] WARN  container.ContainerReportHandler (AbstractContainerReportHandler.java:updateContainerState(145)) - Container #1 is in OPEN state, but the datanode 2ac0d02e-9e70-4102-8ecc-87abf8a9c7ab{ip: 192.168.164.232, host: dev-nightly-20191015-67qjk-1482321572, networkLocation: /default-rack, certSerialId: null} reports an CLOSED replica.
2019-10-15 14:16:12,035 [BlockDeletingService#2] WARN  background.BlockDeletingService (BlockDeletingService.java:isDeletionAllowed(187)) - Close Container log Index 6 is not replicated across allthe servers in the pipeline af09b2c2-cc5c-4d70-8ada-488dd1d6d11b as the min replicated index is 4. Deletion is not allowed in this container yet.
2019-10-15 14:16:12,035 [BlockDeletingService#2] WARN  background.BlockDeletingService (BlockDeletingService.java:isDeletionAllowed(187)) - Close Container log Index 6 is not replicated across allthe servers in the pipeline af09b2c2-cc5c-4d70-8ada-488dd1d6d11b as the min replicated index is 4. Deletion is not allowed in this container yet.
2019-10-15 14:16:12,255 [EventQueue-ContainerReportForContainerReportHandler] WARN  container.ContainerReportHandler (AbstractContainerReportHandler.java:updateContainerState(145)) - Container #1 is in OPEN state, but the datanode 2ac0d02e-9e70-4102-8ecc-87abf8a9c7ab{ip: 192.168.164.232, host: dev-nightly-20191015-67qjk-1482321572, networkLocation: /default-rack, certSerialId: null} reports an CLOSED replica.
2019-10-15 14:16:12,354 [EventQueue-ContainerReportForContainerReportHandler] WARN  container.ContainerReportHandler (AbstractContainerReportHandler.java:updateContainerState(145)) - Container #1 is in OPEN state, but the datanode 350dd957-6baf-44a5-98e5-a3496d7a986b{ip: 192.168.164.232, host: dev-nightly-20191015-67qjk-1482321572, networkLocation: /default-rack, certSerialId: null} reports an CLOSED replica.
2019-10-15 14:16:12,554 [EventQueue-ContainerReportForContainerReportHandler] WARN  container.ContainerReportHandler (AbstractContainerReportHandler.java:updateContainerState(145)) - Container #1 is in OPEN state, but the datanode 350dd957-6baf-44a5-98e5-a3496d7a986b{ip: 192.168.164.232, host: dev-nightly-20191015-67qjk-1482321572, networkLocation: /default-rack, certSerialId: null} reports an CLOSED replica.
2019-10-15 14:16:12,556 [EventQueue-ContainerReportForContainerReportHandler] WARN  container.ContainerReportHandler (AbstractContainerReportHandler.java:updateContainerState(145)) - Container #1 is in OPEN state, but the datanode 2ac0d02e-9e70-4102-8ecc-87abf8a9c7ab{ip: 192.168.164.232, host: dev-nightly-20191015-67qjk-1482321572, networkLocation: /default-rack, certSerialId: null} reports an CLOSED replica.
2019-10-15 14:16:12,955 [EventQueue-ContainerReportForContainerReportHandler] WARN  container.ContainerReportHandler (AbstractContainerReportHandler.java:updateContainerState(145)) - Container #1 is in OPEN state, but the datanode 350dd957-6baf-44a5-98e5-a3496d7a986b{ip: 192.168.164.232, host: dev-nightly-20191015-67qjk-1482321572, networkLocation: /default-rack, certSerialId: null} reports an CLOSED replica.
2019-10-15 14:16:12,957 [EventQueue-ContainerReportForContainerReportHandler] WARN  container.ContainerReportHandler (AbstractContainerReportHandler.java:updateContainerState(145)) - Container #1 is in OPEN state, but the datanode 2ac0d02e-9e70-4102-8ecc-87abf8a9c7ab{ip: 192.168.164.232, host: dev-nightly-20191015-67qjk-1482321572, networkLocation: /default-rack, certSerialId: null} reports an CLOSED replica.
2019-10-15 14:16:13,036 [BlockDeletingService#2] WARN  background.BlockDeletingService (BlockDeletingService.java:isDeletionAllowed(187)) - Close Container log Index 6 is not replicated across allthe servers in the pipeline af09b2c2-cc5c-4d70-8ada-488dd1d6d11b as the min replicated index is 4. Deletion is not allowed in this container yet.
2019-10-15 14:16:13,037 [BlockDeletingService#2] WARN  background.BlockDeletingService (BlockDeletingService.java:isDeletionAllowed(187)) - Close Container log Index 6 is not replicated across allthe servers in the pipeline af09b2c2-cc5c-4d70-8ada-488dd1d6d11b as the min replicated index is 4. Deletion is not allowed in this container yet.
2019-10-15 14:16:13,121 [java.util.concurrent.ThreadPoolExecutor$Worker@2009095b[State = -1, empty queue]] WARN  server.GrpcLogAppender (GrpcLogAppender.java:timeoutAppendRequest(209)) - 2ac0d02e-9e70-4102-8ecc-87abf8a9c7ab@group-488DD1D6D11B->4e1c66a4-792a-4350-b244-4dedea3f57a8-GrpcLogAppender: appendEntries Timeout, request=2ac0d02e-9e70-4102-8ecc-87abf8a9c7ab->4e1c66a4-792a-4350-b244-4dedea3f57a8#45-t3, previous=(t:3, i:10), leaderCommit=10, initializing? false, entries: <empty>
2019-10-15 14:16:13,158 [EventQueue-ContainerReportForContainerReportHandler] WARN  container.ContainerReportHandler (AbstractContainerReportHandler.java:updateContainerState(145)) - Container #1 is in OPEN state, but the datanode 2ac0d02e-9e70-4102-8ecc-87abf8a9c7ab{ip: 192.168.164.232, host: dev-nightly-20191015-67qjk-1482321572, networkLocation: /default-rack, certSerialId: null} reports an CLOSED replica.
2019-10-15 14:16:13,255 [EventQueue-ContainerReportForContainerReportHandler] WARN  container.ContainerReportHandler (AbstractContainerReportHandler.java:updateContainerState(145)) - Container #1 is in OPEN state, but the datanode 350dd957-6baf-44a5-98e5-a3496d7a986b{ip: 192.168.164.232, host: dev-nightly-20191015-67qjk-1482321572, networkLocation: /default-rack, certSerialId: null} reports an CLOSED replica.
2019-10-15 14:16:13,356 [Thread-495] INFO  client.GrpcClientProtocolService (GrpcClientProtocolService.java:lambda$processClientRequest$0(278)) - Failed RaftClientRequest:client-E8AF2CDF2BB3->350dd957-6baf-44a5-98e5-a3496d7a986b@group-488DD1D6D11B, cid=10, seq=0, Watch-ALL_COMMITTED(6), Message:<EMPTY>, reply=RaftClientReply:client-E8AF2CDF2BB3->350dd957-6baf-44a5-98e5-a3496d7a986b@group-488DD1D6D11B, cid=10, FAILED org.apache.ratis.protocol.NotLeaderException: Server 350dd957-6baf-44a5-98e5-a3496d7a986b@group-488DD1D6D11B is not the leader 2ac0d02e-9e70-4102-8ecc-87abf8a9c7ab:192.168.164.232:40013, logIndex=0, commits[350dd957-6baf-44a5-98e5-a3496d7a986b:c10, 2ac0d02e-9e70-4102-8ecc-87abf8a9c7ab:c10, 4e1c66a4-792a-4350-b244-4dedea3f57a8:c4]
2019-10-15 14:16:13,459 [EventQueue-ContainerReportForContainerReportHandler] WARN  container.ContainerReportHandler (AbstractContainerReportHandler.java:updateContainerState(145)) - Container #1 is in OPEN state, but the datanode 2ac0d02e-9e70-4102-8ecc-87abf8a9c7ab{ip: 192.168.164.232, host: dev-nightly-20191015-67qjk-1482321572, networkLocation: /default-rack, certSerialId: null} reports an CLOSED replica.
2019-10-15 14:16:13,557 [EventQueue-ContainerReportForContainerReportHandler] WARN  container.ContainerReportHandler (AbstractContainerReportHandler.java:updateContainerState(145)) - Container #1 is in OPEN state, but the datanode 350dd957-6baf-44a5-98e5-a3496d7a986b{ip: 192.168.164.232, host: dev-nightly-20191015-67qjk-1482321572, networkLocation: /default-rack, certSerialId: null} reports an CLOSED replica.
2019-10-15 14:16:13,658 [EventQueue-ContainerReportForContainerReportHandler] WARN  container.ContainerReportHandler (AbstractContainerReportHandler.java:updateContainerState(145)) - Container #1 is in OPEN state, but the datanode 2ac0d02e-9e70-4102-8ecc-87abf8a9c7ab{ip: 192.168.164.232, host: dev-nightly-20191015-67qjk-1482321572, networkLocation: /default-rack, certSerialId: null} reports an CLOSED replica.
2019-10-15 14:16:13,682 [Thread-498] INFO  client.GrpcClientProtocolService (GrpcClientProtocolService.java:lambda$processClientRequest$0(278)) - Failed RaftClientRequest:client-E8AF2CDF2BB3->2ac0d02e-9e70-4102-8ecc-87abf8a9c7ab@group-488DD1D6D11B, cid=10, seq=0, Watch-ALL_COMMITTED(6), Message:<EMPTY>, reply=RaftClientReply:client-E8AF2CDF2BB3->2ac0d02e-9e70-4102-8ecc-87abf8a9c7ab@group-488DD1D6D11B, cid=10, FAILED org.apache.ratis.protocol.NotReplicatedException: Request with call Id 10 and log index 6 is not yet replicated to ALL_COMMITTED, logIndex=6, commits[2ac0d02e-9e70-4102-8ecc-87abf8a9c7ab:c10, 4e1c66a4-792a-4350-b244-4dedea3f57a8:c4, 350dd957-6baf-44a5-98e5-a3496d7a986b:c10]
2019-10-15 14:16:13,957 [EventQueue-ContainerReportForContainerReportHandler] WARN  container.ContainerReportHandler (AbstractContainerReportHandler.java:updateContainerState(145)) - Container #1 is in OPEN state, but the datanode 350dd957-6baf-44a5-98e5-a3496d7a986b{ip: 192.168.164.232, host: dev-nightly-20191015-67qjk-1482321572, networkLocation: /default-rack, certSerialId: null} reports an CLOSED replica.
2019-10-15 14:16:14,038 [BlockDeletingService#2] WARN  background.BlockDeletingService (BlockDeletingService.java:isDeletionAllowed(187)) - Close Container log Index 6 is not replicated across allthe servers in the pipeline af09b2c2-cc5c-4d70-8ada-488dd1d6d11b as the min replicated index is 4. Deletion is not allowed in this container yet.
2019-10-15 14:16:14,039 [BlockDeletingService#2] WARN  background.BlockDeletingService (BlockDeletingService.java:isDeletionAllowed(187)) - Close Container log Index 6 is not replicated across allthe servers in the pipeline af09b2c2-cc5c-4d70-8ada-488dd1d6d11b as the min replicated index is 4. Deletion is not allowed in this container yet.
2019-10-15 14:16:14,059 [EventQueue-ContainerReportForContainerReportHandler] WARN  container.ContainerReportHandler (AbstractContainerReportHandler.java:updateContainerState(145)) - Container #1 is in OPEN state, but the datanode 2ac0d02e-9e70-4102-8ecc-87abf8a9c7ab{ip: 192.168.164.232, host: dev-nightly-20191015-67qjk-1482321572, networkLocation: /default-rack, certSerialId: null} reports an CLOSED replica.
2019-10-15 14:16:14,157 [EventQueue-ContainerReportForContainerReportHandler] WARN  container.ContainerReportHandler (AbstractContainerReportHandler.java:updateContainerState(145)) - Container #1 is in OPEN state, but the datanode 350dd957-6baf-44a5-98e5-a3496d7a986b{ip: 192.168.164.232, host: dev-nightly-20191015-67qjk-1482321572, networkLocation: /default-rack, certSerialId: null} reports an CLOSED replica.
2019-10-15 14:16:14,459 [EventQueue-ContainerReportForContainerReportHandler] WARN  container.ContainerReportHandler (AbstractContainerReportHandler.java:updateContainerState(145)) - Container #1 is in OPEN state, but the datanode 2ac0d02e-9e70-4102-8ecc-87abf8a9c7ab{ip: 192.168.164.232, host: dev-nightly-20191015-67qjk-1482321572, networkLocation: /default-rack, certSerialId: null} reports an CLOSED replica.
2019-10-15 14:16:14,557 [EventQueue-ContainerReportForContainerReportHandler] WARN  container.ContainerReportHandler (AbstractContainerReportHandler.java:updateContainerState(145)) - Container #1 is in OPEN state, but the datanode 350dd957-6baf-44a5-98e5-a3496d7a986b{ip: 192.168.164.232, host: dev-nightly-20191015-67qjk-1482321572, networkLocation: /default-rack, certSerialId: null} reports an CLOSED replica.
2019-10-15 14:16:14,660 [EventQueue-ContainerReportForContainerReportHandler] WARN  container.ContainerReportHandler (AbstractContainerReportHandler.java:updateContainerState(145)) - Container #1 is in OPEN state, but the datanode 2ac0d02e-9e70-4102-8ecc-87abf8a9c7ab{ip: 192.168.164.232, host: dev-nightly-20191015-67qjk-1482321572, networkLocation: /default-rack, certSerialId: null} reports an CLOSED replica.
2019-10-15 14:16:14,758 [EventQueue-ContainerReportForContainerReportHandler] WARN  container.ContainerReportHandler (AbstractContainerReportHandler.java:updateContainerState(145)) - Container #1 is in OPEN state, but the datanode 350dd957-6baf-44a5-98e5-a3496d7a986b{ip: 192.168.164.232, host: dev-nightly-20191015-67qjk-1482321572, networkLocation: /default-rack, certSerialId: null} reports an CLOSED replica.
2019-10-15 14:16:14,960 [EventQueue-ContainerReportForContainerReportHandler] WARN  container.ContainerReportHandler (AbstractContainerReportHandler.java:updateContainerState(145)) - Container #1 is in OPEN state, but the datanode 2ac0d02e-9e70-4102-8ecc-87abf8a9c7ab{ip: 192.168.164.232, host: dev-nightly-20191015-67qjk-1482321572, networkLocation: /default-rack, certSerialId: null} reports an CLOSED replica.
2019-10-15 14:16:15,041 [BlockDeletingService#2] WARN  background.BlockDeletingService (BlockDeletingService.java:isDeletionAllowed(187)) - Close Container log Index 6 is not replicated across allthe servers in the pipeline af09b2c2-cc5c-4d70-8ada-488dd1d6d11b as the min replicated index is 4. Deletion is not allowed in this container yet.
2019-10-15 14:16:15,041 [BlockDeletingService#2] WARN  background.BlockDeletingService (BlockDeletingService.java:isDeletionAllowed(187)) - Close Container log Index 6 is not replicated across allthe servers in the pipeline af09b2c2-cc5c-4d70-8ada-488dd1d6d11b as the min replicated index is 4. Deletion is not allowed in this container yet.
2019-10-15 14:16:15,057 [EventQueue-ContainerReportForContainerReportHandler] WARN  container.ContainerReportHandler (AbstractContainerReportHandler.java:updateContainerState(145)) - Container #1 is in OPEN state, but the datanode 350dd957-6baf-44a5-98e5-a3496d7a986b{ip: 192.168.164.232, host: dev-nightly-20191015-67qjk-1482321572, networkLocation: /default-rack, certSerialId: null} reports an CLOSED replica.
2019-10-15 14:16:15,162 [EventQueue-ContainerReportForContainerReportHandler] WARN  container.ContainerReportHandler (AbstractContainerReportHandler.java:updateContainerState(145)) - Container #1 is in OPEN state, but the datanode 2ac0d02e-9e70-4102-8ecc-87abf8a9c7ab{ip: 192.168.164.232, host: dev-nightly-20191015-67qjk-1482321572, networkLocation: /default-rack, certSerialId: null} reports an CLOSED replica.
2019-10-15 14:16:15,458 [EventQueue-ContainerReportForContainerReportHandler] WARN  container.ContainerReportHandler (AbstractContainerReportHandler.java:updateContainerState(145)) - Container #1 is in OPEN state, but the datanode 350dd957-6baf-44a5-98e5-a3496d7a986b{ip: 192.168.164.232, host: dev-nightly-20191015-67qjk-1482321572, networkLocation: /default-rack, certSerialId: null} reports an CLOSED replica.
2019-10-15 14:16:15,462 [EventQueue-ContainerReportForContainerReportHandler] WARN  container.ContainerReportHandler (AbstractContainerReportHandler.java:updateContainerState(145)) - Container #1 is in OPEN state, but the datanode 2ac0d02e-9e70-4102-8ecc-87abf8a9c7ab{ip: 192.168.164.232, host: dev-nightly-20191015-67qjk-1482321572, networkLocation: /default-rack, certSerialId: null} reports an CLOSED replica.
2019-10-15 14:16:15,621 [java.util.concurrent.ThreadPoolExecutor$Worker@2009095b[State = -1, empty queue]] WARN  server.GrpcLogAppender (GrpcLogAppender.java:timeoutAppendRequest(209)) - 2ac0d02e-9e70-4102-8ecc-87abf8a9c7ab@group-488DD1D6D11B->4e1c66a4-792a-4350-b244-4dedea3f57a8-GrpcLogAppender: appendEntries Timeout, request=2ac0d02e-9e70-4102-8ecc-87abf8a9c7ab->4e1c66a4-792a-4350-b244-4dedea3f57a8#46-t3, previous=(t:3, i:10), leaderCommit=10, initializing? false, entries: <empty>
2019-10-15 14:16:15,662 [EventQueue-ContainerReportForContainerReportHandler] WARN  container.ContainerReportHandler (AbstractContainerReportHandler.java:updateContainerState(145)) - Container #1 is in OPEN state, but the datanode 2ac0d02e-9e70-4102-8ecc-87abf8a9c7ab{ip: 192.168.164.232, host: dev-nightly-20191015-67qjk-1482321572, networkLocation: /default-rack, certSerialId: null} reports an CLOSED replica.
2019-10-15 14:16:15,858 [EventQueue-ContainerReportForContainerReportHandler] WARN  container.ContainerReportHandler (AbstractContainerReportHandler.java:updateContainerState(145)) - Container #1 is in OPEN state, but the datanode 350dd957-6baf-44a5-98e5-a3496d7a986b{ip: 192.168.164.232, host: dev-nightly-20191015-67qjk-1482321572, networkLocation: /default-rack, certSerialId: null} reports an CLOSED replica.
2019-10-15 14:16:15,962 [EventQueue-ContainerReportForContainerReportHandler] WARN  container.ContainerReportHandler (AbstractContainerReportHandler.java:updateContainerState(145)) - Container #1 is in OPEN state, but the datanode 2ac0d02e-9e70-4102-8ecc-87abf8a9c7ab{ip: 192.168.164.232, host: dev-nightly-20191015-67qjk-1482321572, networkLocation: /default-rack, certSerialId: null} reports an CLOSED replica.
2019-10-15 14:16:16,043 [BlockDeletingService#2] WARN  background.BlockDeletingService (BlockDeletingService.java:isDeletionAllowed(187)) - Close Container log Index 6 is not replicated across allthe servers in the pipeline af09b2c2-cc5c-4d70-8ada-488dd1d6d11b as the min replicated index is 4. Deletion is not allowed in this container yet.
2019-10-15 14:16:16,043 [BlockDeletingService#2] WARN  background.BlockDeletingService (BlockDeletingService.java:isDeletionAllowed(187)) - Close Container log Index 6 is not replicated across allthe servers in the pipeline af09b2c2-cc5c-4d70-8ada-488dd1d6d11b as the min replicated index is 4. Deletion is not allowed in this container yet.
2019-10-15 14:16:16,058 [EventQueue-ContainerReportForContainerReportHandler] WARN  container.ContainerReportHandler (AbstractContainerReportHandler.java:updateContainerState(145)) - Container #1 is in OPEN state, but the datanode 350dd957-6baf-44a5-98e5-a3496d7a986b{ip: 192.168.164.232, host: dev-nightly-20191015-67qjk-1482321572, networkLocation: /default-rack, certSerialId: null} reports an CLOSED replica.
2019-10-15 14:16:16,258 [EventQueue-ContainerReportForContainerReportHandler] WARN  container.ContainerReportHandler (AbstractContainerReportHandler.java:updateContainerState(145)) - Container #1 is in OPEN state, but the datanode 350dd957-6baf-44a5-98e5-a3496d7a986b{ip: 192.168.164.232, host: dev-nightly-20191015-67qjk-1482321572, networkLocation: /default-rack, certSerialId: null} reports an CLOSED replica.
2019-10-15 14:16:16,262 [EventQueue-ContainerReportForContainerReportHandler] WARN  container.ContainerReportHandler (AbstractContainerReportHandler.java:updateContainerState(145)) - Container #1 is in OPEN state, but the datanode 2ac0d02e-9e70-4102-8ecc-87abf8a9c7ab{ip: 192.168.164.232, host: dev-nightly-20191015-67qjk-1482321572, networkLocation: /default-rack, certSerialId: null} reports an CLOSED replica.
2019-10-15 14:16:16,462 [EventQueue-ContainerReportForContainerReportHandler] WARN  container.ContainerReportHandler (AbstractContainerReportHandler.java:updateContainerState(145)) - Container #1 is in OPEN state, but the datanode 2ac0d02e-9e70-4102-8ecc-87abf8a9c7ab{ip: 192.168.164.232, host: dev-nightly-20191015-67qjk-1482321572, networkLocation: /default-rack, certSerialId: null} reports an CLOSED replica.
2019-10-15 14:16:16,658 [EventQueue-ContainerReportForContainerReportHandler] WARN  container.ContainerReportHandler (AbstractContainerReportHandler.java:updateContainerState(145)) - Container #1 is in OPEN state, but the datanode 350dd957-6baf-44a5-98e5-a3496d7a986b{ip: 192.168.164.232, host: dev-nightly-20191015-67qjk-1482321572, networkLocation: /default-rack, certSerialId: null} reports an CLOSED replica.
2019-10-15 14:16:16,662 [EventQueue-ContainerReportForContainerReportHandler] WARN  container.ContainerReportHandler (AbstractContainerReportHandler.java:updateContainerState(145)) - Container #1 is in OPEN state, but the datanode 2ac0d02e-9e70-4102-8ecc-87abf8a9c7ab{ip: 192.168.164.232, host: dev-nightly-20191015-67qjk-1482321572, networkLocation: /default-rack, certSerialId: null} reports an CLOSED replica.
2019-10-15 14:16:16,960 [EventQueue-ContainerReportForContainerReportHandler] WARN  container.ContainerReportHandler (AbstractContainerReportHandler.java:updateContainerState(145)) - Container #1 is in OPEN state, but the datanode 350dd957-6baf-44a5-98e5-a3496d7a986b{ip: 192.168.164.232, host: dev-nightly-20191015-67qjk-1482321572, networkLocation: /default-rack, certSerialId: null} reports an CLOSED replica.
2019-10-15 14:16:16,962 [EventQueue-ContainerReportForContainerReportHandler] WARN  container.ContainerReportHandler (AbstractContainerReportHandler.java:updateContainerState(145)) - Container #1 is in OPEN state, but the datanode 2ac0d02e-9e70-4102-8ecc-87abf8a9c7ab{ip: 192.168.164.232, host: dev-nightly-20191015-67qjk-1482321572, networkLocation: /default-rack, certSerialId: null} reports an CLOSED replica.
2019-10-15 14:16:17,044 [BlockDeletingService#2] WARN  background.BlockDeletingService (BlockDeletingService.java:isDeletionAllowed(187)) - Close Container log Index 6 is not replicated across allthe servers in the pipeline af09b2c2-cc5c-4d70-8ada-488dd1d6d11b as the min replicated index is 4. Deletion is not allowed in this container yet.
2019-10-15 14:16:17,044 [BlockDeletingService#2] WARN  background.BlockDeletingService (BlockDeletingService.java:isDeletionAllowed(187)) - Close Container log Index 6 is not replicated across allthe servers in the pipeline af09b2c2-cc5c-4d70-8ada-488dd1d6d11b as the min replicated index is 4. Deletion is not allowed in this container yet.
2019-10-15 14:16:17,259 [EventQueue-ContainerReportForContainerReportHandler] WARN  container.ContainerReportHandler (AbstractContainerReportHandler.java:updateContainerState(145)) - Container #1 is in OPEN state, but the datanode 350dd957-6baf-44a5-98e5-a3496d7a986b{ip: 192.168.164.232, host: dev-nightly-20191015-67qjk-1482321572, networkLocation: /default-rack, certSerialId: null} reports an CLOSED replica.
2019-10-15 14:16:17,263 [EventQueue-ContainerReportForContainerReportHandler] WARN  container.ContainerReportHandler (AbstractContainerReportHandler.java:updateContainerState(145)) - Container #1 is in OPEN state, but the datanode 2ac0d02e-9e70-4102-8ecc-87abf8a9c7ab{ip: 192.168.164.232, host: dev-nightly-20191015-67qjk-1482321572, networkLocation: /default-rack, certSerialId: null} reports an CLOSED replica.
2019-10-15 14:16:17,459 [EventQueue-ContainerReportForContainerReportHandler] WARN  container.ContainerReportHandler (AbstractContainerReportHandler.java:updateContainerState(145)) - Container #1 is in OPEN state, but the datanode 350dd957-6baf-44a5-98e5-a3496d7a986b{ip: 192.168.164.232, host: dev-nightly-20191015-67qjk-1482321572, networkLocation: /default-rack, certSerialId: null} reports an CLOSED replica.
2019-10-15 14:16:17,562 [EventQueue-ContainerReportForContainerReportHandler] WARN  container.ContainerReportHandler (AbstractContainerReportHandler.java:updateContainerState(145)) - Container #1 is in OPEN state, but the datanode 2ac0d02e-9e70-4102-8ecc-87abf8a9c7ab{ip: 192.168.164.232, host: dev-nightly-20191015-67qjk-1482321572, networkLocation: /default-rack, certSerialId: null} reports an CLOSED replica.
2019-10-15 14:16:17,760 [EventQueue-ContainerReportForContainerReportHandler] WARN  container.ContainerReportHandler (AbstractContainerReportHandler.java:updateContainerState(145)) - Container #1 is in OPEN state, but the datanode 350dd957-6baf-44a5-98e5-a3496d7a986b{ip: 192.168.164.232, host: dev-nightly-20191015-67qjk-1482321572, networkLocation: /default-rack, certSerialId: null} reports an CLOSED replica.
2019-10-15 14:16:17,961 [EventQueue-ContainerReportForContainerReportHandler] WARN  container.ContainerReportHandler (AbstractContainerReportHandler.java:updateContainerState(145)) - Container #1 is in OPEN state, but the datanode 350dd957-6baf-44a5-98e5-a3496d7a986b{ip: 192.168.164.232, host: dev-nightly-20191015-67qjk-1482321572, networkLocation: /default-rack, certSerialId: null} reports an CLOSED replica.
2019-10-15 14:16:17,963 [EventQueue-ContainerReportForContainerReportHandler] WARN  container.ContainerReportHandler (AbstractContainerReportHandler.java:updateContainerState(145)) - Container #1 is in OPEN state, but the datanode 2ac0d02e-9e70-4102-8ecc-87abf8a9c7ab{ip: 192.168.164.232, host: dev-nightly-20191015-67qjk-1482321572, networkLocation: /default-rack, certSerialId: null} reports an CLOSED replica.
2019-10-15 14:16:18,046 [BlockDeletingService#2] WARN  background.BlockDeletingService (BlockDeletingService.java:isDeletionAllowed(187)) - Close Container log Index 6 is not replicated across allthe servers in the pipeline af09b2c2-cc5c-4d70-8ada-488dd1d6d11b as the min replicated index is 4. Deletion is not allowed in this container yet.
2019-10-15 14:16:18,046 [BlockDeletingService#2] WARN  background.BlockDeletingService (BlockDeletingService.java:isDeletionAllowed(187)) - Close Container log Index 6 is not replicated across allthe servers in the pipeline af09b2c2-cc5c-4d70-8ada-488dd1d6d11b as the min replicated index is 4. Deletion is not allowed in this container yet.
2019-10-15 14:16:18,122 [java.util.concurrent.ThreadPoolExecutor$Worker@2009095b[State = -1, empty queue]] WARN  server.GrpcLogAppender (GrpcLogAppender.java:timeoutAppendRequest(209)) - 2ac0d02e-9e70-4102-8ecc-87abf8a9c7ab@group-488DD1D6D11B->4e1c66a4-792a-4350-b244-4dedea3f57a8-GrpcLogAppender: appendEntries Timeout, request=2ac0d02e-9e70-4102-8ecc-87abf8a9c7ab->4e1c66a4-792a-4350-b244-4dedea3f57a8#47-t3, previous=(t:3, i:10), leaderCommit=10, initializing? false, entries: <empty>
2019-10-15 14:16:18,262 [EventQueue-ContainerReportForContainerReportHandler] WARN  container.ContainerReportHandler (AbstractContainerReportHandler.java:updateContainerState(145)) - Container #1 is in OPEN state, but the datanode 2ac0d02e-9e70-4102-8ecc-87abf8a9c7ab{ip: 192.168.164.232, host: dev-nightly-20191015-67qjk-1482321572, networkLocation: /default-rack, certSerialId: null} reports an CLOSED replica.
2019-10-15 14:16:18,362 [EventQueue-ContainerReportForContainerReportHandler] WARN  container.ContainerReportHandler (AbstractContainerReportHandler.java:updateContainerState(145)) - Container #1 is in OPEN state, but the datanode 350dd957-6baf-44a5-98e5-a3496d7a986b{ip: 192.168.164.232, host: dev-nightly-20191015-67qjk-1482321572, networkLocation: /default-rack, certSerialId: null} reports an CLOSED replica.
2019-10-15 14:16:18,563 [EventQueue-ContainerReportForContainerReportHandler] WARN  container.ContainerReportHandler (AbstractContainerReportHandler.java:updateContainerState(145)) - Container #1 is in OPEN state, but the datanode 2ac0d02e-9e70-4102-8ecc-87abf8a9c7ab{ip: 192.168.164.232, host: dev-nightly-20191015-67qjk-1482321572, networkLocation: /default-rack, certSerialId: null} reports an CLOSED replica.
2019-10-15 14:16:18,662 [EventQueue-ContainerReportForContainerReportHandler] WARN  container.ContainerReportHandler (AbstractContainerReportHandler.java:updateContainerState(145)) - Container #1 is in OPEN state, but the datanode 350dd957-6baf-44a5-98e5-a3496d7a986b{ip: 192.168.164.232, host: dev-nightly-20191015-67qjk-1482321572, networkLocation: /default-rack, certSerialId: null} reports an CLOSED replica.
2019-10-15 14:16:18,762 [EventQueue-ContainerReportForContainerReportHandler] WARN  container.ContainerReportHandler (AbstractContainerReportHandler.java:updateContainerState(145)) - Container #1 is in OPEN state, but the datanode 2ac0d02e-9e70-4102-8ecc-87abf8a9c7ab{ip: 192.168.164.232, host: dev-nightly-20191015-67qjk-1482321572, networkLocation: /default-rack, certSerialId: null} reports an CLOSED replica.
2019-10-15 14:16:19,047 [BlockDeletingService#2] WARN  background.BlockDeletingService (BlockDeletingService.java:isDeletionAllowed(187)) - Close Container log Index 6 is not replicated across allthe servers in the pipeline af09b2c2-cc5c-4d70-8ada-488dd1d6d11b as the min replicated index is 4. Deletion is not allowed in this container yet.
2019-10-15 14:16:19,047 [BlockDeletingService#2] WARN  background.BlockDeletingService (BlockDeletingService.java:isDeletionAllowed(187)) - Close Container log Index 6 is not replicated across allthe servers in the pipeline af09b2c2-cc5c-4d70-8ada-488dd1d6d11b as the min replicated index is 4. Deletion is not allowed in this container yet.
2019-10-15 14:16:19,062 [EventQueue-ContainerReportForContainerReportHandler] WARN  container.ContainerReportHandler (AbstractContainerReportHandler.java:updateContainerState(145)) - Container #1 is in OPEN state, but the datanode 2ac0d02e-9e70-4102-8ecc-87abf8a9c7ab{ip: 192.168.164.232, host: dev-nightly-20191015-67qjk-1482321572, networkLocation: /default-rack, certSerialId: null} reports an CLOSED replica.
2019-10-15 14:16:19,063 [EventQueue-ContainerReportForContainerReportHandler] WARN  container.ContainerReportHandler (AbstractContainerReportHandler.java:updateContainerState(145)) - Container #1 is in OPEN state, but the datanode 350dd957-6baf-44a5-98e5-a3496d7a986b{ip: 192.168.164.232, host: dev-nightly-20191015-67qjk-1482321572, networkLocation: /default-rack, certSerialId: null} reports an CLOSED replica.
2019-10-15 14:16:19,262 [EventQueue-ContainerReportForContainerReportHandler] WARN  container.ContainerReportHandler (AbstractContainerReportHandler.java:updateContainerState(145)) - Container #1 is in OPEN state, but the datanode 2ac0d02e-9e70-4102-8ecc-87abf8a9c7ab{ip: 192.168.164.232, host: dev-nightly-20191015-67qjk-1482321572, networkLocation: /default-rack, certSerialId: null} reports an CLOSED replica.
2019-10-15 14:16:19,365 [EventQueue-ContainerReportForContainerReportHandler] WARN  container.ContainerReportHandler (AbstractContainerReportHandler.java:updateContainerState(145)) - Container #1 is in OPEN state, but the datanode 350dd957-6baf-44a5-98e5-a3496d7a986b{ip: 192.168.164.232, host: dev-nightly-20191015-67qjk-1482321572, networkLocation: /default-rack, certSerialId: null} reports an CLOSED replica.
2019-10-15 14:16:19,662 [EventQueue-ContainerReportForContainerReportHandler] WARN  container.ContainerReportHandler (AbstractContainerReportHandler.java:updateContainerState(145)) - Container #1 is in OPEN state, but the datanode 2ac0d02e-9e70-4102-8ecc-87abf8a9c7ab{ip: 192.168.164.232, host: dev-nightly-20191015-67qjk-1482321572, networkLocation: /default-rack, certSerialId: null} reports an CLOSED replica.
2019-10-15 14:16:19,664 [EventQueue-ContainerReportForContainerReportHandler] WARN  container.ContainerReportHandler (AbstractContainerReportHandler.java:updateContainerState(145)) - Container #1 is in OPEN state, but the datanode 350dd957-6baf-44a5-98e5-a3496d7a986b{ip: 192.168.164.232, host: dev-nightly-20191015-67qjk-1482321572, networkLocation: /default-rack, certSerialId: null} reports an CLOSED replica.
2019-10-15 14:16:19,863 [EventQueue-ContainerReportForContainerReportHandler] WARN  container.ContainerReportHandler (AbstractContainerReportHandler.java:updateContainerState(145)) - Container #1 is in OPEN state, but the datanode 2ac0d02e-9e70-4102-8ecc-87abf8a9c7ab{ip: 192.168.164.232, host: dev-nightly-20191015-67qjk-1482321572, networkLocation: /default-rack, certSerialId: null} reports an CLOSED replica.
2019-10-15 14:16:19,964 [EventQueue-ContainerReportForContainerReportHandler] WARN  container.ContainerReportHandler (AbstractContainerReportHandler.java:updateContainerState(145)) - Container #1 is in OPEN state, but the datanode 350dd957-6baf-44a5-98e5-a3496d7a986b{ip: 192.168.164.232, host: dev-nightly-20191015-67qjk-1482321572, networkLocation: /default-rack, certSerialId: null} reports an CLOSED replica.
2019-10-15 14:16:20,049 [BlockDeletingService#2] WARN  background.BlockDeletingService (BlockDeletingService.java:isDeletionAllowed(187)) - Close Container log Index 6 is not replicated across allthe servers in the pipeline af09b2c2-cc5c-4d70-8ada-488dd1d6d11b as the min replicated index is 4. Deletion is not allowed in this container yet.
2019-10-15 14:16:20,049 [BlockDeletingService#2] WARN  background.BlockDeletingService (BlockDeletingService.java:isDeletionAllowed(187)) - Close Container log Index 6 is not replicated across allthe servers in the pipeline af09b2c2-cc5c-4d70-8ada-488dd1d6d11b as the min replicated index is 4. Deletion is not allowed in this container yet.
2019-10-15 14:16:20,164 [EventQueue-ContainerReportForContainerReportHandler] WARN  container.ContainerReportHandler (AbstractContainerReportHandler.java:updateContainerState(145)) - Container #1 is in OPEN state, but the datanode 2ac0d02e-9e70-4102-8ecc-87abf8a9c7ab{ip: 192.168.164.232, host: dev-nightly-20191015-67qjk-1482321572, networkLocation: /default-rack, certSerialId: null} reports an CLOSED replica.
2019-10-15 14:16:20,265 [EventQueue-ContainerReportForContainerReportHandler] WARN  container.ContainerReportHandler (AbstractContainerReportHandler.java:updateContainerState(145)) - Container #1 is in OPEN state, but the datanode 350dd957-6baf-44a5-98e5-a3496d7a986b{ip: 192.168.164.232, host: dev-nightly-20191015-67qjk-1482321572, networkLocation: /default-rack, certSerialId: null} reports an CLOSED replica.
2019-10-15 14:16:20,465 [EventQueue-ContainerReportForContainerReportHandler] WARN  container.ContainerReportHandler (AbstractContainerReportHandler.java:updateContainerState(145)) - Container #1 is in OPEN state, but the datanode 350dd957-6baf-44a5-98e5-a3496d7a986b{ip: 192.168.164.232, host: dev-nightly-20191015-67qjk-1482321572, networkLocation: /default-rack, certSerialId: null} reports an CLOSED replica.
2019-10-15 14:16:20,564 [EventQueue-ContainerReportForContainerReportHandler] WARN  container.ContainerReportHandler (AbstractContainerReportHandler.java:updateContainerState(145)) - Container #1 is in OPEN state, but the datanode 2ac0d02e-9e70-4102-8ecc-87abf8a9c7ab{ip: 192.168.164.232, host: dev-nightly-20191015-67qjk-1482321572, networkLocation: /default-rack, certSerialId: null} reports an CLOSED replica.
2019-10-15 14:16:20,623 [java.util.concurrent.ThreadPoolExecutor$Worker@2009095b[State = -1, empty queue]] WARN  server.GrpcLogAppender (GrpcLogAppender.java:timeoutAppendRequest(209)) - 2ac0d02e-9e70-4102-8ecc-87abf8a9c7ab@group-488DD1D6D11B->4e1c66a4-792a-4350-b244-4dedea3f57a8-GrpcLogAppender: appendEntries Timeout, request=2ac0d02e-9e70-4102-8ecc-87abf8a9c7ab->4e1c66a4-792a-4350-b244-4dedea3f57a8#48-t3, previous=(t:3, i:10), leaderCommit=10, initializing? false, entries: <empty>
2019-10-15 14:16:20,864 [EventQueue-ContainerReportForContainerReportHandler] WARN  container.ContainerReportHandler (AbstractContainerReportHandler.java:updateContainerState(145)) - Container #1 is in OPEN state, but the datanode 2ac0d02e-9e70-4102-8ecc-87abf8a9c7ab{ip: 192.168.164.232, host: dev-nightly-20191015-67qjk-1482321572, networkLocation: /default-rack, certSerialId: null} reports an CLOSED replica.
2019-10-15 14:16:20,865 [EventQueue-ContainerReportForContainerReportHandler] WARN  container.ContainerReportHandler (AbstractContainerReportHandler.java:updateContainerState(145)) - Container #1 is in OPEN state, but the datanode 350dd957-6baf-44a5-98e5-a3496d7a986b{ip: 192.168.164.232, host: dev-nightly-20191015-67qjk-1482321572, networkLocation: /default-rack, certSerialId: null} reports an CLOSED replica.
2019-10-15 14:16:21,051 [BlockDeletingService#2] WARN  background.BlockDeletingService (BlockDeletingService.java:isDeletionAllowed(187)) - Close Container log Index 6 is not replicated across allthe servers in the pipeline af09b2c2-cc5c-4d70-8ada-488dd1d6d11b as the min replicated index is 4. Deletion is not allowed in this container yet.
2019-10-15 14:16:21,051 [BlockDeletingService#2] WARN  background.BlockDeletingService (BlockDeletingService.java:isDeletionAllowed(187)) - Close Container log Index 6 is not replicated across allthe servers in the pipeline af09b2c2-cc5c-4d70-8ada-488dd1d6d11b as the min replicated index is 4. Deletion is not allowed in this container yet.
2019-10-15 14:16:21,165 [EventQueue-ContainerReportForContainerReportHandler] WARN  container.ContainerReportHandler (AbstractContainerReportHandler.java:updateContainerState(145)) - Container #1 is in OPEN state, but the datanode 350dd957-6baf-44a5-98e5-a3496d7a986b{ip: 192.168.164.232, host: dev-nightly-20191015-67qjk-1482321572, networkLocation: /default-rack, certSerialId: null} reports an CLOSED replica.
2019-10-15 14:16:21,264 [EventQueue-ContainerReportForContainerReportHandler] WARN  container.ContainerReportHandler (AbstractContainerReportHandler.java:updateContainerState(145)) - Container #1 is in OPEN state, but the datanode 2ac0d02e-9e70-4102-8ecc-87abf8a9c7ab{ip: 192.168.164.232, host: dev-nightly-20191015-67qjk-1482321572, networkLocation: /default-rack, certSerialId: null} reports an CLOSED replica.
2019-10-15 14:16:21,365 [EventQueue-ContainerReportForContainerReportHandler] WARN  container.ContainerReportHandler (AbstractContainerReportHandler.java:updateContainerState(145)) - Container #1 is in OPEN state, but the datanode 350dd957-6baf-44a5-98e5-a3496d7a986b{ip: 192.168.164.232, host: dev-nightly-20191015-67qjk-1482321572, networkLocation: /default-rack, certSerialId: null} reports an CLOSED replica.
2019-10-15 14:16:21,465 [EventQueue-ContainerReportForContainerReportHandler] WARN  container.ContainerReportHandler (AbstractContainerReportHandler.java:updateContainerState(145)) - Container #1 is in OPEN state, but the datanode 2ac0d02e-9e70-4102-8ecc-87abf8a9c7ab{ip: 192.168.164.232, host: dev-nightly-20191015-67qjk-1482321572, networkLocation: /default-rack, certSerialId: null} reports an CLOSED replica.
2019-10-15 14:16:21,667 [EventQueue-ContainerReportForContainerReportHandler] WARN  container.ContainerReportHandler (AbstractContainerReportHandler.java:updateContainerState(145)) - Container #1 is in OPEN state, but the datanode 350dd957-6baf-44a5-98e5-a3496d7a986b{ip: 192.168.164.232, host: dev-nightly-20191015-67qjk-1482321572, networkLocation: /default-rack, certSerialId: null} reports an CLOSED replica.
2019-10-15 14:16:21,765 [EventQueue-ContainerReportForContainerReportHandler] WARN  container.ContainerReportHandler (AbstractContainerReportHandler.java:updateContainerState(145)) - Container #1 is in OPEN state, but the datanode 2ac0d02e-9e70-4102-8ecc-87abf8a9c7ab{ip: 192.168.164.232, host: dev-nightly-20191015-67qjk-1482321572, networkLocation: /default-rack, certSerialId: null} reports an CLOSED replica.
2019-10-15 14:16:22,052 [BlockDeletingService#2] WARN  background.BlockDeletingService (BlockDeletingService.java:isDeletionAllowed(187)) - Close Container log Index 6 is not replicated across allthe servers in the pipeline af09b2c2-cc5c-4d70-8ada-488dd1d6d11b as the min replicated index is 4. Deletion is not allowed in this container yet.
2019-10-15 14:16:22,052 [BlockDeletingService#2] WARN  background.BlockDeletingService (BlockDeletingService.java:isDeletionAllowed(187)) - Close Container log Index 6 is not replicated across allthe servers in the pipeline af09b2c2-cc5c-4d70-8ada-488dd1d6d11b as the min replicated index is 4. Deletion is not allowed in this container yet.
2019-10-15 14:16:22,070 [EventQueue-ContainerReportForContainerReportHandler] WARN  container.ContainerReportHandler (AbstractContainerReportHandler.java:updateContainerState(145)) - Container #1 is in OPEN state, but the datanode 350dd957-6baf-44a5-98e5-a3496d7a986b{ip: 192.168.164.232, host: dev-nightly-20191015-67qjk-1482321572, networkLocation: /default-rack, certSerialId: null} reports an CLOSED replica.
2019-10-15 14:16:22,165 [EventQueue-ContainerReportForContainerReportHandler] WARN  container.ContainerReportHandler (AbstractContainerReportHandler.java:updateContainerState(145)) - Container #1 is in OPEN state, but the datanode 2ac0d02e-9e70-4102-8ecc-87abf8a9c7ab{ip: 192.168.164.232, host: dev-nightly-20191015-67qjk-1482321572, networkLocation: /default-rack, certSerialId: null} reports an CLOSED replica.
2019-10-15 14:16:22,366 [EventQueue-ContainerReportForContainerReportHandler] WARN  container.ContainerReportHandler (AbstractContainerReportHandler.java:updateContainerState(145)) - Container #1 is in OPEN state, but the datanode 2ac0d02e-9e70-4102-8ecc-87abf8a9c7ab{ip: 192.168.164.232, host: dev-nightly-20191015-67qjk-1482321572, networkLocation: /default-rack, certSerialId: null} reports an CLOSED replica.
2019-10-15 14:16:22,472 [EventQueue-ContainerReportForContainerReportHandler] WARN  container.ContainerReportHandler (AbstractContainerReportHandler.java:updateContainerState(145)) - Container #1 is in OPEN state, but the datanode 350dd957-6baf-44a5-98e5-a3496d7a986b{ip: 192.168.164.232, host: dev-nightly-20191015-67qjk-1482321572, networkLocation: /default-rack, certSerialId: null} reports an CLOSED replica.
2019-10-15 14:16:22,672 [EventQueue-ContainerReportForContainerReportHandler] WARN  container.ContainerReportHandler (AbstractContainerReportHandler.java:updateContainerState(145)) - Container #1 is in OPEN state, but the datanode 350dd957-6baf-44a5-98e5-a3496d7a986b{ip: 192.168.164.232, host: dev-nightly-20191015-67qjk-1482321572, networkLocation: /default-rack, certSerialId: null} reports an CLOSED replica.
2019-10-15 14:16:22,767 [EventQueue-ContainerReportForContainerReportHandler] WARN  container.ContainerReportHandler (AbstractContainerReportHandler.java:updateContainerState(145)) - Container #1 is in OPEN state, but the datanode 2ac0d02e-9e70-4102-8ecc-87abf8a9c7ab{ip: 192.168.164.232, host: dev-nightly-20191015-67qjk-1482321572, networkLocation: /default-rack, certSerialId: null} reports an CLOSED replica.
2019-10-15 14:16:22,872 [EventQueue-ContainerReportForContainerReportHandler] WARN  container.ContainerReportHandler (AbstractContainerReportHandler.java:updateContainerState(145)) - Container #1 is in OPEN state, but the datanode 350dd957-6baf-44a5-98e5-a3496d7a986b{ip: 192.168.164.232, host: dev-nightly-20191015-67qjk-1482321572, networkLocation: /default-rack, certSerialId: null} reports an CLOSED replica.
2019-10-15 14:16:23,054 [BlockDeletingService#2] WARN  background.BlockDeletingService (BlockDeletingService.java:isDeletionAllowed(187)) - Close Container log Index 6 is not replicated across allthe servers in the pipeline af09b2c2-cc5c-4d70-8ada-488dd1d6d11b as the min replicated index is 4. Deletion is not allowed in this container yet.
2019-10-15 14:16:23,054 [BlockDeletingService#2] WARN  background.BlockDeletingService (BlockDeletingService.java:isDeletionAllowed(187)) - Close Container log Index 6 is not replicated across allthe servers in the pipeline af09b2c2-cc5c-4d70-8ada-488dd1d6d11b as the min replicated index is 4. Deletion is not allowed in this container yet.
2019-10-15 14:16:23,123 [java.util.concurrent.ThreadPoolExecutor$Worker@2009095b[State = -1, empty queue]] WARN  server.GrpcLogAppender (GrpcLogAppender.java:timeoutAppendRequest(209)) - 2ac0d02e-9e70-4102-8ecc-87abf8a9c7ab@group-488DD1D6D11B->4e1c66a4-792a-4350-b244-4dedea3f57a8-GrpcLogAppender: appendEntries Timeout, request=2ac0d02e-9e70-4102-8ecc-87abf8a9c7ab->4e1c66a4-792a-4350-b244-4dedea3f57a8#49-t3, previous=(t:3, i:10), leaderCommit=10, initializing? false, entries: <empty>
2019-10-15 14:16:23,167 [EventQueue-ContainerReportForContainerReportHandler] WARN  container.ContainerReportHandler (AbstractContainerReportHandler.java:updateContainerState(145)) - Container #1 is in OPEN state, but the datanode 2ac0d02e-9e70-4102-8ecc-87abf8a9c7ab{ip: 192.168.164.232, host: dev-nightly-20191015-67qjk-1482321572, networkLocation: /default-rack, certSerialId: null} reports an CLOSED replica.
2019-10-15 14:16:23,171 [EventQueue-ContainerReportForContainerReportHandler] WARN  container.ContainerReportHandler (AbstractContainerReportHandler.java:updateContainerState(145)) - Container #1 is in OPEN state, but the datanode 350dd957-6baf-44a5-98e5-a3496d7a986b{ip: 192.168.164.232, host: dev-nightly-20191015-67qjk-1482321572, networkLocation: /default-rack, certSerialId: null} reports an CLOSED replica.
2019-10-15 14:16:23,389 [Thread-527] INFO  client.GrpcClientProtocolService (GrpcClientProtocolService.java:lambda$processClientRequest$0(278)) - Failed RaftClientRequest:client-E8AF2CDF2BB3->350dd957-6baf-44a5-98e5-a3496d7a986b@group-488DD1D6D11B, cid=10, seq=0, Watch-ALL_COMMITTED(6), Message:<EMPTY>, reply=RaftClientReply:client-E8AF2CDF2BB3->350dd957-6baf-44a5-98e5-a3496d7a986b@group-488DD1D6D11B, cid=10, FAILED org.apache.ratis.protocol.NotLeaderException: Server 350dd957-6baf-44a5-98e5-a3496d7a986b@group-488DD1D6D11B is not the leader 2ac0d02e-9e70-4102-8ecc-87abf8a9c7ab:192.168.164.232:40013, logIndex=0, commits[350dd957-6baf-44a5-98e5-a3496d7a986b:c10, 2ac0d02e-9e70-4102-8ecc-87abf8a9c7ab:c10, 4e1c66a4-792a-4350-b244-4dedea3f57a8:c4]
2019-10-15 14:16:23,467 [EventQueue-ContainerReportForContainerReportHandler] WARN  container.ContainerReportHandler (AbstractContainerReportHandler.java:updateContainerState(145)) - Container #1 is in OPEN state, but the datanode 2ac0d02e-9e70-4102-8ecc-87abf8a9c7ab{ip: 192.168.164.232, host: dev-nightly-20191015-67qjk-1482321572, networkLocation: /default-rack, certSerialId: null} reports an CLOSED replica.
2019-10-15 14:16:23,573 [EventQueue-ContainerReportForContainerReportHandler] WARN  container.ContainerReportHandler (AbstractContainerReportHandler.java:updateContainerState(145)) - Container #1 is in OPEN state, but the datanode 350dd957-6baf-44a5-98e5-a3496d7a986b{ip: 192.168.164.232, host: dev-nightly-20191015-67qjk-1482321572, networkLocation: /default-rack, certSerialId: null} reports an CLOSED replica.
2019-10-15 14:16:23,682 [Thread-530] INFO  client.GrpcClientProtocolService (GrpcClientProtocolService.java:lambda$processClientRequest$0(278)) - Failed RaftClientRequest:client-E8AF2CDF2BB3->2ac0d02e-9e70-4102-8ecc-87abf8a9c7ab@group-488DD1D6D11B, cid=10, seq=0, Watch-ALL_COMMITTED(6), Message:<EMPTY>, reply=RaftClientReply:client-E8AF2CDF2BB3->2ac0d02e-9e70-4102-8ecc-87abf8a9c7ab@group-488DD1D6D11B, cid=10, FAILED org.apache.ratis.protocol.NotReplicatedException: Request with call Id 10 and log index 6 is not yet replicated to ALL_COMMITTED, logIndex=6, commits[2ac0d02e-9e70-4102-8ecc-87abf8a9c7ab:c10, 4e1c66a4-792a-4350-b244-4dedea3f57a8:c4, 350dd957-6baf-44a5-98e5-a3496d7a986b:c10]
2019-10-15 14:16:23,767 [EventQueue-ContainerReportForContainerReportHandler] WARN  container.ContainerReportHandler (AbstractContainerReportHandler.java:updateContainerState(145)) - Container #1 is in OPEN state, but the datanode 2ac0d02e-9e70-4102-8ecc-87abf8a9c7ab{ip: 192.168.164.232, host: dev-nightly-20191015-67qjk-1482321572, networkLocation: /default-rack, certSerialId: null} reports an CLOSED replica.
2019-10-15 14:16:23,775 [EventQueue-ContainerReportForContainerReportHandler] WARN  container.ContainerReportHandler (AbstractContainerReportHandler.java:updateContainerState(145)) - Container #1 is in OPEN state, but the datanode 350dd957-6baf-44a5-98e5-a3496d7a986b{ip: 192.168.164.232, host: dev-nightly-20191015-67qjk-1482321572, networkLocation: /default-rack, certSerialId: null} reports an CLOSED replica.
2019-10-15 14:16:24,056 [BlockDeletingService#2] WARN  background.BlockDeletingService (BlockDeletingService.java:isDeletionAllowed(187)) - Close Container log Index 6 is not replicated across allthe servers in the pipeline af09b2c2-cc5c-4d70-8ada-488dd1d6d11b as the min replicated index is 4. Deletion is not allowed in this container yet.
2019-10-15 14:16:24,056 [BlockDeletingService#2] WARN  background.BlockDeletingService (BlockDeletingService.java:isDeletionAllowed(187)) - Close Container log Index 6 is not replicated across allthe servers in the pipeline af09b2c2-cc5c-4d70-8ada-488dd1d6d11b as the min replicated index is 4. Deletion is not allowed in this container yet.
2019-10-15 14:16:24,068 [EventQueue-ContainerReportForContainerReportHandler] WARN  container.ContainerReportHandler (AbstractContainerReportHandler.java:updateContainerState(145)) - Container #1 is in OPEN state, but the datanode 2ac0d02e-9e70-4102-8ecc-87abf8a9c7ab{ip: 192.168.164.232, host: dev-nightly-20191015-67qjk-1482321572, networkLocation: /default-rack, certSerialId: null} reports an CLOSED replica.
2019-10-15 14:16:24,077 [EventQueue-ContainerReportForContainerReportHandler] WARN  container.ContainerReportHandler (AbstractContainerReportHandler.java:updateContainerState(145)) - Container #1 is in OPEN state, but the datanode 350dd957-6baf-44a5-98e5-a3496d7a986b{ip: 192.168.164.232, host: dev-nightly-20191015-67qjk-1482321572, networkLocation: /default-rack, certSerialId: null} reports an CLOSED replica.
2019-10-15 14:16:24,378 [EventQueue-ContainerReportForContainerReportHandler] WARN  container.ContainerReportHandler (AbstractContainerReportHandler.java:updateContainerState(145)) - Container #1 is in OPEN state, but the datanode 350dd957-6baf-44a5-98e5-a3496d7a986b{ip: 192.168.164.232, host: dev-nightly-20191015-67qjk-1482321572, networkLocation: /default-rack, certSerialId: null} reports an CLOSED replica.
2019-10-15 14:16:24,468 [EventQueue-ContainerReportForContainerReportHandler] WARN  container.ContainerReportHandler (AbstractContainerReportHandler.java:updateContainerState(145)) - Container #1 is in OPEN state, but the datanode 2ac0d02e-9e70-4102-8ecc-87abf8a9c7ab{ip: 192.168.164.232, host: dev-nightly-20191015-67qjk-1482321572, networkLocation: /default-rack, certSerialId: null} reports an CLOSED replica.
2019-10-15 14:16:24,668 [EventQueue-ContainerReportForContainerReportHandler] WARN  container.ContainerReportHandler (AbstractContainerReportHandler.java:updateContainerState(145)) - Container #1 is in OPEN state, but the datanode 2ac0d02e-9e70-4102-8ecc-87abf8a9c7ab{ip: 192.168.164.232, host: dev-nightly-20191015-67qjk-1482321572, networkLocation: /default-rack, certSerialId: null} reports an CLOSED replica.
2019-10-15 14:16:24,733 [EventQueue-StaleNodeForStaleNodeHandler] INFO  node.StaleNodeHandler (StaleNodeHandler.java:onMessage(58)) - Datanode 4e1c66a4-792a-4350-b244-4dedea3f57a8{ip: 192.168.164.232, host: dev-nightly-20191015-67qjk-1482321572, networkLocation: /default-rack, certSerialId: null} moved to stale state. Finalizing its pipelines [PipelineID=af09b2c2-cc5c-4d70-8ada-488dd1d6d11b, PipelineID=251e80a9-2262-4e5a-8df6-765c4ea9bc12]
2019-10-15 14:16:24,734 [EventQueue-StaleNodeForStaleNodeHandler] INFO  pipeline.SCMPipelineManager (SCMPipelineManager.java:finalizeAndDestroyPipeline(315)) - destroying pipeline:Pipeline[ Id: af09b2c2-cc5c-4d70-8ada-488dd1d6d11b, Nodes: 2ac0d02e-9e70-4102-8ecc-87abf8a9c7ab{ip: 192.168.164.232, host: dev-nightly-20191015-67qjk-1482321572, networkLocation: /default-rack, certSerialId: null}4e1c66a4-792a-4350-b244-4dedea3f57a8{ip: 192.168.164.232, host: dev-nightly-20191015-67qjk-1482321572, networkLocation: /default-rack, certSerialId: null}350dd957-6baf-44a5-98e5-a3496d7a986b{ip: 192.168.164.232, host: dev-nightly-20191015-67qjk-1482321572, networkLocation: /default-rack, certSerialId: null}, Type:RATIS, Factor:THREE, State:OPEN]
2019-10-15 14:16:24,736 [EventQueue-StaleNodeForStaleNodeHandler] INFO  pipeline.PipelineStateManager (PipelineStateManager.java:finalizePipeline(123)) - Pipeline Pipeline[ Id: af09b2c2-cc5c-4d70-8ada-488dd1d6d11b, Nodes: 2ac0d02e-9e70-4102-8ecc-87abf8a9c7ab{ip: 192.168.164.232, host: dev-nightly-20191015-67qjk-1482321572, networkLocation: /default-rack, certSerialId: null}4e1c66a4-792a-4350-b244-4dedea3f57a8{ip: 192.168.164.232, host: dev-nightly-20191015-67qjk-1482321572, networkLocation: /default-rack, certSerialId: null}350dd957-6baf-44a5-98e5-a3496d7a986b{ip: 192.168.164.232, host: dev-nightly-20191015-67qjk-1482321572, networkLocation: /default-rack, certSerialId: null}, Type:RATIS, Factor:THREE, State:CLOSED] moved to CLOSED state
2019-10-15 14:16:24,737 [EventQueue-CloseContainerForCloseContainerEventHandler] INFO  container.CloseContainerEventHandler (CloseContainerEventHandler.java:onMessage(61)) - Close container Event triggered for container : #1
2019-10-15 14:16:24,739 [EventQueue-StaleNodeForStaleNodeHandler] INFO  pipeline.SCMPipelineManager (SCMPipelineManager.java:finalizeAndDestroyPipeline(315)) - destroying pipeline:Pipeline[ Id: 251e80a9-2262-4e5a-8df6-765c4ea9bc12, Nodes: 4e1c66a4-792a-4350-b244-4dedea3f57a8{ip: 192.168.164.232, host: dev-nightly-20191015-67qjk-1482321572, networkLocation: /default-rack, certSerialId: null}, Type:RATIS, Factor:ONE, State:OPEN]
2019-10-15 14:16:24,740 [EventQueue-StaleNodeForStaleNodeHandler] INFO  pipeline.PipelineStateManager (PipelineStateManager.java:finalizePipeline(123)) - Pipeline Pipeline[ Id: 251e80a9-2262-4e5a-8df6-765c4ea9bc12, Nodes: 4e1c66a4-792a-4350-b244-4dedea3f57a8{ip: 192.168.164.232, host: dev-nightly-20191015-67qjk-1482321572, networkLocation: /default-rack, certSerialId: null}, Type:RATIS, Factor:ONE, State:CLOSED] moved to CLOSED state
2019-10-15 14:16:24,777 [EventQueue-ContainerReportForContainerReportHandler] INFO  container.ContainerReportHandler (AbstractContainerReportHandler.java:updateContainerState(178)) - Moving container #1 to CLOSED state, datanode 350dd957-6baf-44a5-98e5-a3496d7a986b{ip: 192.168.164.232, host: dev-nightly-20191015-67qjk-1482321572, networkLocation: /default-rack, certSerialId: null} reported CLOSED replica.
2019-10-15 14:16:24,989 [SCMBlockDeletingService#0] INFO  block.SCMBlockDeletingService (SCMBlockDeletingService.java:call(184)) - Totally added 3 delete blocks command for 3 datanodes, task elapsed time: 5ms
2019-10-15 14:16:25,060 [BlockDeletingService#2] WARN  background.BlockDeletingService (BlockDeletingService.java:isDeletionAllowed(187)) - Close Container log Index 6 is not replicated across allthe servers in the pipeline af09b2c2-cc5c-4d70-8ada-488dd1d6d11b as the min replicated index is 4. Deletion is not allowed in this container yet.
2019-10-15 14:16:25,060 [BlockDeletingService#2] WARN  background.BlockDeletingService (BlockDeletingService.java:isDeletionAllowed(187)) - Close Container log Index 6 is not replicated across allthe servers in the pipeline af09b2c2-cc5c-4d70-8ada-488dd1d6d11b as the min replicated index is 4. Deletion is not allowed in this container yet.
2019-10-15 14:16:25,070 [EventQueue-PendingDeleteStatusForPendingDeleteHandler] INFO  block.SCMBlockDeletingService (SCMBlockDeletingService.java:handlePendingDeletes(115)) - Block deletion txnID mismatch in datanode 2ac0d02e-9e70-4102-8ecc-87abf8a9c7ab for containerID 1. Datanode delete txnID: 0, SCM txnID: 1
2019-10-15 14:16:25,077 [EventQueue-PendingDeleteStatusForPendingDeleteHandler] INFO  block.SCMBlockDeletingService (SCMBlockDeletingService.java:handlePendingDeletes(115)) - Block deletion txnID mismatch in datanode 350dd957-6baf-44a5-98e5-a3496d7a986b for containerID 1. Datanode delete txnID: 0, SCM txnID: 1
2019-10-15 14:16:25,171 [Command processor thread] INFO  commandhandler.DeleteBlocksCommandHandler (DeleteBlocksCommandHandler.java:handle(106)) - Start to delete container blocks, TXIDs=[1(0)], numOfContainers=1, numOfBlocks=1
2019-10-15 14:16:25,252 [main] INFO  impl.MetricsSystemImpl (MetricsSystemImpl.java:init(158)) - HddsDatanode metrics system started (again)
2019-10-15 14:16:25,302 [main] INFO  ozone.HddsDatanodeService (HddsDatanodeService.java:start(184)) - HddsDatanodeService host:dev-nightly-20191015-67qjk-1482321572 ip:192.168.164.232
2019-10-15 14:16:25,306 [main] INFO  volume.VolumeUsage (VolumeUsage.java:loadScmUsed(144)) - Cached ScmUsed found for /workdir/hadoop-ozone/integration-test/target/test-dir/MiniOzoneClusterImpl-29d02a71-48e9-4ad5-9cfb-48d574ca0fa8/datanode-1/data/containers : 4096 
2019-10-15 14:16:25,307 [main] INFO  volume.HddsVolume (HddsVolume.java:<init>(176)) - Creating Volume: /workdir/hadoop-ozone/integration-test/target/test-dir/MiniOzoneClusterImpl-29d02a71-48e9-4ad5-9cfb-48d574ca0fa8/datanode-1/data/containers/hdds of  storage type : DISK and capacity : 1482555576320
2019-10-15 14:16:25,307 [main] INFO  volume.VolumeSet (VolumeSet.java:initializeVolumeSet(170)) - Added Volume : /workdir/hadoop-ozone/integration-test/target/test-dir/MiniOzoneClusterImpl-29d02a71-48e9-4ad5-9cfb-48d574ca0fa8/datanode-1/data/containers/hdds to VolumeSet
2019-10-15 14:16:25,308 [main] INFO  volume.ThrottledAsyncChecker (ThrottledAsyncChecker.java:schedule(141)) - Scheduling a check for /workdir/hadoop-ozone/integration-test/target/test-dir/MiniOzoneClusterImpl-29d02a71-48e9-4ad5-9cfb-48d574ca0fa8/datanode-1/data/containers/hdds
2019-10-15 14:16:25,308 [main] INFO  volume.HddsVolumeChecker (HddsVolumeChecker.java:checkAllVolumes(204)) - Scheduled health check for volume /workdir/hadoop-ozone/integration-test/target/test-dir/MiniOzoneClusterImpl-29d02a71-48e9-4ad5-9cfb-48d574ca0fa8/datanode-1/data/containers/hdds
2019-10-15 14:16:25,359 [main] INFO  impl.RaftServerProxy (ConfUtils.java:logGet(43)) - raft.rpc.type = GRPC (default)
2019-10-15 14:16:25,359 [main] INFO  grpc.GrpcFactory (GrpcFactory.java:checkPooledByteBufAllocatorUseCacheForAllThreads(45)) - PERFORMANCE WARNING: useCacheForAllThreads is true that may cause Netty to create a lot garbage objects and, as a result, trigger GC.
	It is recommended to disable useCacheForAllThreads by setting -Dorg.apache.ratis.thirdparty.io.netty.allocator.useCacheForAllThreads=false in command line.
2019-10-15 14:16:25,360 [main] INFO  grpc.GrpcConfigKeys$Server (ConfUtils.java:logGet(43)) - raft.grpc.server.port = 41177 (custom)
2019-10-15 14:16:25,360 [main] INFO  server.GrpcService (ConfUtils.java:logGet(43)) - raft.grpc.message.size.max = 33570816 (custom)
2019-10-15 14:16:25,360 [main] INFO  server.RaftServerConfigKeys (ConfUtils.java:logGet(43)) - raft.server.log.appender.buffer.byte-limit = 33554432 (custom)
2019-10-15 14:16:25,360 [main] INFO  server.GrpcService (ConfUtils.java:logGet(43)) - raft.grpc.flow.control.window = 1MB (=1048576) (default)
2019-10-15 14:16:25,361 [main] INFO  server.RaftServerConfigKeys (ConfUtils.java:logGet(43)) - raft.server.rpc.request.timeout = 3000ms (default)
2019-10-15 14:16:25,362 [main] INFO  server.RaftServerConfigKeys (ConfUtils.java:logGet(43)) - raft.server.storage.dir = [/workdir/hadoop-ozone/integration-test/target/test-dir/MiniOzoneClusterImpl-29d02a71-48e9-4ad5-9cfb-48d574ca0fa8/datanode-1/data/ratis] (custom)
2019-10-15 14:16:25,362 [main] INFO  impl.RaftServerProxy (RaftServerProxy.java:lambda$null$0(191)) - 4e1c66a4-792a-4350-b244-4dedea3f57a8: found a subdirectory /workdir/hadoop-ozone/integration-test/target/test-dir/MiniOzoneClusterImpl-29d02a71-48e9-4ad5-9cfb-48d574ca0fa8/datanode-1/data/ratis/af09b2c2-cc5c-4d70-8ada-488dd1d6d11b
2019-10-15 14:16:25,363 [main] INFO  impl.RaftServerProxy (RaftServerProxy.java:addNew(89)) - 4e1c66a4-792a-4350-b244-4dedea3f57a8: addNew group-488DD1D6D11B:[] returns group-488DD1D6D11B:java.util.concurrent.CompletableFuture@6ca8fcf3[Not completed]
2019-10-15 14:16:25,364 [main] INFO  impl.RaftServerProxy (RaftServerProxy.java:lambda$null$0(191)) - 4e1c66a4-792a-4350-b244-4dedea3f57a8: found a subdirectory /workdir/hadoop-ozone/integration-test/target/test-dir/MiniOzoneClusterImpl-29d02a71-48e9-4ad5-9cfb-48d574ca0fa8/datanode-1/data/ratis/251e80a9-2262-4e5a-8df6-765c4ea9bc12
2019-10-15 14:16:25,364 [main] INFO  impl.RaftServerProxy (RaftServerProxy.java:addNew(89)) - 4e1c66a4-792a-4350-b244-4dedea3f57a8: addNew group-765C4EA9BC12:[] returns group-765C4EA9BC12:java.util.concurrent.CompletableFuture@69f0b0f4[Not completed]
2019-10-15 14:16:25,367 [pool-59-thread-1] INFO  impl.RaftServerImpl (RaftServerImpl.java:<init>(104)) - 4e1c66a4-792a-4350-b244-4dedea3f57a8: new RaftServerImpl for group-488DD1D6D11B:[] with ContainerStateMachine:uninitialized
2019-10-15 14:16:25,369 [pool-59-thread-1] INFO  server.RaftServerConfigKeys (ConfUtils.java:logGet(43)) - raft.server.rpc.timeout.min = 5s (custom)
2019-10-15 14:16:25,369 [pool-59-thread-1] INFO  server.RaftServerConfigKeys (ConfUtils.java:logGet(43)) - raft.server.rpc.timeout.max = 5200ms (custom)
2019-10-15 14:16:25,370 [pool-59-thread-1] INFO  server.RaftServerConfigKeys (ConfUtils.java:logGet(43)) - raft.server.rpcslowness.timeout = 1000s (custom)
2019-10-15 14:16:25,370 [pool-59-thread-1] INFO  server.RaftServerConfigKeys (ConfUtils.java:logGet(43)) - raft.server.sleep.deviation.threshold = 300 (default)
2019-10-15 14:16:25,370 [pool-59-thread-1] INFO  server.RaftServerConfigKeys (ConfUtils.java:logGet(43)) - raft.server.log.appender.install.snapshot.enabled = false (custom)
2019-10-15 14:16:25,370 [pool-59-thread-1] INFO  impl.RaftServerImpl (ServerState.java:<init>(103)) - 4e1c66a4-792a-4350-b244-4dedea3f57a8@group-488DD1D6D11B: ConfigurationManager, init=-1: [], old=null, confs=<EMPTY_MAP>
2019-10-15 14:16:25,370 [pool-59-thread-1] INFO  server.RaftServerConfigKeys (ConfUtils.java:logGet(43)) - raft.server.storage.dir = [/workdir/hadoop-ozone/integration-test/target/test-dir/MiniOzoneClusterImpl-29d02a71-48e9-4ad5-9cfb-48d574ca0fa8/datanode-1/data/ratis] (custom)
2019-10-15 14:16:25,371 [pool-59-thread-1] INFO  server.RaftServerConfigKeys (ConfUtils.java:logGet(43)) - raft.server.log.corruption.policy = EXCEPTION (default)
2019-10-15 14:16:25,372 [main] INFO  hdfs.DFSUtil (DFSUtil.java:httpServerTemplateForNNAndJN(1641)) - Starting Web-server for hddsDatanode at: http://0.0.0.0:40300
2019-10-15 14:16:25,375 [main] INFO  server.AuthenticationFilter (AuthenticationFilter.java:constructSecretProvider(240)) - Unable to initialize FileSignerSecretProvider, falling back to use random secrets.
2019-10-15 14:16:25,376 [main] WARN  http.HttpRequestLog (HttpRequestLog.java:getRequestLog(97)) - Jetty request log can only be enabled using Log4j
2019-10-15 14:16:25,378 [EventQueue-PendingDeleteStatusForPendingDeleteHandler] INFO  block.SCMBlockDeletingService (SCMBlockDeletingService.java:handlePendingDeletes(115)) - Block deletion txnID mismatch in datanode 350dd957-6baf-44a5-98e5-a3496d7a986b for containerID 1. Datanode delete txnID: 0, SCM txnID: 1
2019-10-15 14:16:25,378 [main] INFO  http.HttpServer2 (HttpServer2.java:addGlobalFilter(975)) - Added global filter 'safety' (class=org.apache.hadoop.http.HttpServer2$QuotingInputFilter)
2019-10-15 14:16:25,379 [main] INFO  http.HttpServer2 (HttpServer2.java:addFilter(948)) - Added filter static_user_filter (class=org.apache.hadoop.http.lib.StaticUserWebFilter$StaticUserFilter) to context hddsDatanode
2019-10-15 14:16:25,379 [main] INFO  http.HttpServer2 (HttpServer2.java:addFilter(958)) - Added filter static_user_filter (class=org.apache.hadoop.http.lib.StaticUserWebFilter$StaticUserFilter) to context static
2019-10-15 14:16:25,380 [main] INFO  http.HttpServer2 (HttpServer2.java:addFilter(958)) - Added filter static_user_filter (class=org.apache.hadoop.http.lib.StaticUserWebFilter$StaticUserFilter) to context logs
2019-10-15 14:16:25,381 [main] INFO  http.HttpServer2 (HttpServer2.java:bindListener(1191)) - Jetty bound to port 40300
2019-10-15 14:16:25,381 [main] INFO  server.Server (Server.java:doStart(351)) - jetty-9.3.25.v20180904, build timestamp: 2018-09-04T21:11:46Z, git hash: 3ce520221d0240229c862b122d2b06c12a625732
2019-10-15 14:16:25,383 [main] INFO  handler.ContextHandler (ContextHandler.java:doStart(781)) - Started o.e.j.s.ServletContextHandler@4f327096{/logs,file:///workdir/hadoop-ozone/integration-test/target/log,AVAILABLE}
2019-10-15 14:16:25,384 [main] INFO  handler.ContextHandler (ContextHandler.java:doStart(781)) - Started o.e.j.s.ServletContextHandler@78a515e4{/static,jar:file:/home/user/.m2/repository/org/apache/hadoop/hadoop-hdds-container-service/0.5.0-SNAPSHOT/hadoop-hdds-container-service-0.5.0-SNAPSHOT.jar!/webapps/static,AVAILABLE}
2019-10-15 14:16:25,395 [pool-59-thread-1] INFO  storage.RaftStorageDirectory (RaftStorageDirectory.java:tryLock(328)) - Lock on /workdir/hadoop-ozone/integration-test/target/test-dir/MiniOzoneClusterImpl-29d02a71-48e9-4ad5-9cfb-48d574ca0fa8/datanode-1/data/ratis/af09b2c2-cc5c-4d70-8ada-488dd1d6d11b/in_use.lock acquired by nodename 14818@dev-nightly-20191015-67qjk-1482321572
2019-10-15 14:16:25,398 [pool-59-thread-1] INFO  ratis.ContainerStateMachine (ContainerStateMachine.java:loadSnapshot(240)) - group-488DD1D6D11B: Setting the last applied index to (t:3, i:3)
2019-10-15 14:16:25,404 [pool-59-thread-1] INFO  impl.RaftServerImpl (ServerState.java:setRaftConf(357)) - 4e1c66a4-792a-4350-b244-4dedea3f57a8@group-488DD1D6D11B: set configuration 0: [2ac0d02e-9e70-4102-8ecc-87abf8a9c7ab:192.168.164.232:40013, 4e1c66a4-792a-4350-b244-4dedea3f57a8:192.168.164.232:41177, 350dd957-6baf-44a5-98e5-a3496d7a986b:192.168.164.232:34256], old=null at 0
2019-10-15 14:16:25,404 [pool-59-thread-1] INFO  server.RaftServerConfigKeys (ConfUtils.java:logGet(43)) - raft.server.notification.no-leader.timeout = 1000s (custom)
2019-10-15 14:16:25,405 [pool-59-thread-1] INFO  server.RaftServerConfigKeys (ConfUtils.java:logGet(43)) - raft.server.log.use.memory = false (default)
2019-10-15 14:16:25,405 [pool-59-thread-1] INFO  server.RaftServerConfigKeys (ConfUtils.java:logGet(43)) - raft.server.log.purge.gap = 1000000 (custom)
2019-10-15 14:16:25,405 [pool-59-thread-1] INFO  server.RaftServerConfigKeys (ConfUtils.java:logGet(43)) - raft.server.log.appender.buffer.byte-limit = 33554432 (custom)
2019-10-15 14:16:25,405 [pool-59-thread-1] INFO  server.RaftServerConfigKeys (ConfUtils.java:logGet(43)) - raft.server.log.segment.size.max = 1048576 (custom)
2019-10-15 14:16:25,405 [pool-59-thread-1] INFO  server.RaftServerConfigKeys (ConfUtils.java:logGet(43)) - raft.server.log.segment.cache.num.max = 2 (custom)
2019-10-15 14:16:25,405 [pool-59-thread-1] INFO  segmented.SegmentedRaftLogWorker (SegmentedRaftLogWorker.java:<init>(173)) - new 4e1c66a4-792a-4350-b244-4dedea3f57a8@group-488DD1D6D11B-SegmentedRaftLogWorker for RaftStorage:Storage Directory /workdir/hadoop-ozone/integration-test/target/test-dir/MiniOzoneClusterImpl-29d02a71-48e9-4ad5-9cfb-48d574ca0fa8/datanode-1/data/ratis/af09b2c2-cc5c-4d70-8ada-488dd1d6d11b
2019-10-15 14:16:25,405 [pool-59-thread-1] INFO  server.RaftServerConfigKeys (ConfUtils.java:logGet(43)) - raft.server.log.queue.byte-limit = 2147483647 (custom)
2019-10-15 14:16:25,406 [pool-59-thread-1] INFO  server.RaftServerConfigKeys (ConfUtils.java:logGet(43)) - raft.server.log.queue.element-limit = 1024 (custom)
2019-10-15 14:16:25,406 [pool-59-thread-1] INFO  server.RaftServerConfigKeys (ConfUtils.java:logGet(43)) - raft.server.log.segment.size.max = 1048576 (custom)
2019-10-15 14:16:25,406 [pool-59-thread-1] INFO  server.RaftServerConfigKeys (ConfUtils.java:logGet(43)) - raft.server.log.preallocated.size = 16384 (custom)
2019-10-15 14:16:25,406 [pool-59-thread-1] INFO  server.RaftServerConfigKeys (ConfUtils.java:logGet(43)) - raft.server.log.write.buffer.size = 33554432 (custom)
2019-10-15 14:16:25,406 [pool-59-thread-1] INFO  server.RaftServerConfigKeys (ConfUtils.java:logGet(43)) - raft.server.log.force.sync.num = 128 (default)
2019-10-15 14:16:25,406 [pool-59-thread-1] INFO  server.RaftServerConfigKeys (ConfUtils.java:logGet(43)) - raft.server.log.statemachine.data.sync = true (default)
2019-10-15 14:16:25,407 [pool-59-thread-1] INFO  server.RaftServerConfigKeys (ConfUtils.java:logGet(43)) - raft.server.log.statemachine.data.sync.timeout = 10s (default)
2019-10-15 14:16:25,407 [pool-59-thread-1] INFO  server.RaftServerConfigKeys (ConfUtils.java:logGet(43)) - raft.server.log.statemachine.data.sync.timeout.retry = -1 (default)
2019-10-15 14:16:25,407 [pool-59-thread-1] INFO  server.RaftServerConfigKeys (ConfUtils.java:logGet(43)) - raft.server.log.statemachine.data.caching.enabled = true (custom)
2019-10-15 14:16:25,413 [pool-59-thread-1] INFO  impl.RaftServerImpl (ServerState.java:setRaftConf(357)) - 4e1c66a4-792a-4350-b244-4dedea3f57a8@group-488DD1D6D11B: set configuration 0: [2ac0d02e-9e70-4102-8ecc-87abf8a9c7ab:192.168.164.232:40013, 4e1c66a4-792a-4350-b244-4dedea3f57a8:192.168.164.232:41177, 350dd957-6baf-44a5-98e5-a3496d7a986b:192.168.164.232:34256], old=null at 0
2019-10-15 14:16:25,414 [pool-59-thread-1] INFO  segmented.LogSegment (LogSegment.java:loadSegment(140)) - Successfully read 5 entries from segment file /workdir/hadoop-ozone/integration-test/target/test-dir/MiniOzoneClusterImpl-29d02a71-48e9-4ad5-9cfb-48d574ca0fa8/datanode-1/data/ratis/af09b2c2-cc5c-4d70-8ada-488dd1d6d11b/current/log_inprogress_0
2019-10-15 14:16:25,415 [pool-59-thread-1] INFO  segmented.SegmentedRaftLogWorker (SegmentedRaftLogWorker.java:lambda$new$0(128)) - 4e1c66a4-792a-4350-b244-4dedea3f57a8@group-488DD1D6D11B-SegmentedRaftLogWorker: flushIndex: setUnconditionally 0 -> 4
2019-10-15 14:16:25,427 [main] INFO  handler.ContextHandler (ContextHandler.java:doStart(781)) - Started o.e.j.w.WebAppContext@3c91530d{/,file:///tmp/jetty-0.0.0.0-40300-hddsDatanode-_-any-285438504029689171.dir/webapp/,AVAILABLE}{/hddsDatanode}
2019-10-15 14:16:25,428 [main] INFO  server.AbstractConnector (AbstractConnector.java:doStart(278)) - Started ServerConnector@7d70638{HTTP/1.1,[http/1.1]}{0.0.0.0:40300}
2019-10-15 14:16:25,442 [pool-59-thread-1] INFO  raftlog.RaftLog (RaftLog.java:lambda$new$0(61)) - 4e1c66a4-792a-4350-b244-4dedea3f57a8@group-488DD1D6D11B-SegmentedRaftLog: commitIndex: updateToMax old=3, new=3, updated? false
2019-10-15 14:16:25,443 [main] INFO  server.Server (Server.java:doStart(419)) - Started @113718ms
2019-10-15 14:16:25,443 [main] WARN  impl.MetricsSystemImpl (MetricsSystemImpl.java:register(276)) - Sink prometheus already exists!
2019-10-15 14:16:25,443 [pool-59-thread-1] INFO  server.RaftServerConfigKeys (ConfUtils.java:logGet(43)) - raft.server.snapshot.auto.trigger.enabled = true (custom)
2019-10-15 14:16:25,443 [pool-59-thread-1] INFO  server.RaftServerConfigKeys (ConfUtils.java:logGet(43)) - raft.server.snapshot.auto.trigger.threshold = 10000 (custom)
2019-10-15 14:16:25,443 [pool-59-thread-1] INFO  server.RaftServerConfigKeys (ConfUtils.java:logGet(43)) - raft.server.snapshot.retention.file.num = 5 (custom)
2019-10-15 14:16:25,444 [pool-59-thread-1] INFO  server.RaftServerConfigKeys (ConfUtils.java:logGet(43)) - raft.server.retrycache.expirytime = 600000ms (custom)
2019-10-15 14:16:25,444 [main] INFO  server.BaseHttpServer (BaseHttpServer.java:updateConnectorAddress(215)) - HTTP server of HDDSDATANODE is listening at http://0.0.0.0:40300
2019-10-15 14:16:25,446 [org.apache.hadoop.util.JvmPauseMonitor$Monitor@4f5d3ae2] INFO  util.JvmPauseMonitor (JvmPauseMonitor.java:run(188)) - Starting JVM pause monitor
2019-10-15 14:16:25,446 [pool-59-thread-1] INFO  impl.RaftServerImpl (RaftServerImpl.java:<init>(104)) - 4e1c66a4-792a-4350-b244-4dedea3f57a8: new RaftServerImpl for group-765C4EA9BC12:[] with ContainerStateMachine:uninitialized
2019-10-15 14:16:25,446 [pool-59-thread-1] INFO  server.RaftServerConfigKeys (ConfUtils.java:logGet(43)) - raft.server.rpc.timeout.min = 5s (custom)
2019-10-15 14:16:25,446 [pool-59-thread-1] INFO  server.RaftServerConfigKeys (ConfUtils.java:logGet(43)) - raft.server.rpc.timeout.max = 5200ms (custom)
2019-10-15 14:16:25,446 [pool-59-thread-1] INFO  server.RaftServerConfigKeys (ConfUtils.java:logGet(43)) - raft.server.rpcslowness.timeout = 1000s (custom)
2019-10-15 14:16:25,446 [pool-59-thread-1] INFO  server.RaftServerConfigKeys (ConfUtils.java:logGet(43)) - raft.server.sleep.deviation.threshold = 300 (default)
2019-10-15 14:16:25,446 [pool-59-thread-1] INFO  server.RaftServerConfigKeys (ConfUtils.java:logGet(43)) - raft.server.log.appender.install.snapshot.enabled = false (custom)
2019-10-15 14:16:25,447 [pool-59-thread-1] INFO  impl.RaftServerImpl (ServerState.java:<init>(103)) - 4e1c66a4-792a-4350-b244-4dedea3f57a8@group-765C4EA9BC12: ConfigurationManager, init=-1: [], old=null, confs=<EMPTY_MAP>
2019-10-15 14:16:25,447 [pool-59-thread-1] INFO  server.RaftServerConfigKeys (ConfUtils.java:logGet(43)) - raft.server.storage.dir = [/workdir/hadoop-ozone/integration-test/target/test-dir/MiniOzoneClusterImpl-29d02a71-48e9-4ad5-9cfb-48d574ca0fa8/datanode-1/data/ratis] (custom)
2019-10-15 14:16:25,447 [pool-59-thread-1] INFO  server.RaftServerConfigKeys (ConfUtils.java:logGet(43)) - raft.server.log.corruption.policy = EXCEPTION (default)
2019-10-15 14:16:25,469 [pool-59-thread-1] INFO  storage.RaftStorageDirectory (RaftStorageDirectory.java:tryLock(328)) - Lock on /workdir/hadoop-ozone/integration-test/target/test-dir/MiniOzoneClusterImpl-29d02a71-48e9-4ad5-9cfb-48d574ca0fa8/datanode-1/data/ratis/251e80a9-2262-4e5a-8df6-765c4ea9bc12/in_use.lock acquired by nodename 14818@dev-nightly-20191015-67qjk-1482321572
2019-10-15 14:16:25,470 [pool-59-thread-1] INFO  ratis.ContainerStateMachine (ContainerStateMachine.java:loadSnapshot(231)) - group-765C4EA9BC12: The snapshot info is null. Setting the last applied indexto:(t:0, i:~)
2019-10-15 14:16:25,470 [pool-59-thread-1] INFO  server.RaftServerConfigKeys (ConfUtils.java:logGet(43)) - raft.server.notification.no-leader.timeout = 1000s (custom)
2019-10-15 14:16:25,470 [pool-59-thread-1] INFO  server.RaftServerConfigKeys (ConfUtils.java:logGet(43)) - raft.server.log.use.memory = false (default)
2019-10-15 14:16:25,470 [pool-59-thread-1] INFO  server.RaftServerConfigKeys (ConfUtils.java:logGet(43)) - raft.server.log.purge.gap = 1000000 (custom)
2019-10-15 14:16:25,470 [pool-59-thread-1] INFO  server.RaftServerConfigKeys (ConfUtils.java:logGet(43)) - raft.server.log.appender.buffer.byte-limit = 33554432 (custom)
2019-10-15 14:16:25,470 [pool-59-thread-1] INFO  server.RaftServerConfigKeys (ConfUtils.java:logGet(43)) - raft.server.log.segment.size.max = 1048576 (custom)
2019-10-15 14:16:25,470 [pool-59-thread-1] INFO  server.RaftServerConfigKeys (ConfUtils.java:logGet(43)) - raft.server.log.segment.cache.num.max = 2 (custom)
2019-10-15 14:16:25,470 [pool-59-thread-1] INFO  segmented.SegmentedRaftLogWorker (SegmentedRaftLogWorker.java:<init>(173)) - new 4e1c66a4-792a-4350-b244-4dedea3f57a8@group-765C4EA9BC12-SegmentedRaftLogWorker for RaftStorage:Storage Directory /workdir/hadoop-ozone/integration-test/target/test-dir/MiniOzoneClusterImpl-29d02a71-48e9-4ad5-9cfb-48d574ca0fa8/datanode-1/data/ratis/251e80a9-2262-4e5a-8df6-765c4ea9bc12
2019-10-15 14:16:25,471 [pool-59-thread-1] INFO  server.RaftServerConfigKeys (ConfUtils.java:logGet(43)) - raft.server.log.queue.byte-limit = 2147483647 (custom)
2019-10-15 14:16:25,471 [pool-59-thread-1] INFO  server.RaftServerConfigKeys (ConfUtils.java:logGet(43)) - raft.server.log.queue.element-limit = 1024 (custom)
2019-10-15 14:16:25,471 [pool-59-thread-1] INFO  server.RaftServerConfigKeys (ConfUtils.java:logGet(43)) - raft.server.log.segment.size.max = 1048576 (custom)
2019-10-15 14:16:25,471 [pool-59-thread-1] INFO  server.RaftServerConfigKeys (ConfUtils.java:logGet(43)) - raft.server.log.preallocated.size = 16384 (custom)
2019-10-15 14:16:25,471 [pool-59-thread-1] INFO  server.RaftServerConfigKeys (ConfUtils.java:logGet(43)) - raft.server.log.write.buffer.size = 33554432 (custom)
2019-10-15 14:16:25,471 [pool-59-thread-1] INFO  server.RaftServerConfigKeys (ConfUtils.java:logGet(43)) - raft.server.log.force.sync.num = 128 (default)
2019-10-15 14:16:25,471 [pool-59-thread-1] INFO  server.RaftServerConfigKeys (ConfUtils.java:logGet(43)) - raft.server.log.statemachine.data.sync = true (default)
2019-10-15 14:16:25,471 [pool-59-thread-1] INFO  server.RaftServerConfigKeys (ConfUtils.java:logGet(43)) - raft.server.log.statemachine.data.sync.timeout = 10s (default)
2019-10-15 14:16:25,471 [pool-59-thread-1] INFO  server.RaftServerConfigKeys (ConfUtils.java:logGet(43)) - raft.server.log.statemachine.data.sync.timeout.retry = -1 (default)
2019-10-15 14:16:25,471 [pool-59-thread-1] INFO  server.RaftServerConfigKeys (ConfUtils.java:logGet(43)) - raft.server.log.statemachine.data.caching.enabled = true (custom)
2019-10-15 14:16:25,472 [pool-59-thread-1] INFO  impl.RaftServerImpl (ServerState.java:setRaftConf(357)) - 4e1c66a4-792a-4350-b244-4dedea3f57a8@group-765C4EA9BC12: set configuration 0: [4e1c66a4-792a-4350-b244-4dedea3f57a8:192.168.164.232:41177], old=null at 0
2019-10-15 14:16:25,472 [pool-59-thread-1] INFO  segmented.LogSegment (LogSegment.java:loadSegment(140)) - Successfully read 1 entries from segment file /workdir/hadoop-ozone/integration-test/target/test-dir/MiniOzoneClusterImpl-29d02a71-48e9-4ad5-9cfb-48d574ca0fa8/datanode-1/data/ratis/251e80a9-2262-4e5a-8df6-765c4ea9bc12/current/log_inprogress_0
2019-10-15 14:16:25,472 [pool-59-thread-1] INFO  segmented.SegmentedRaftLogWorker (SegmentedRaftLogWorker.java:lambda$new$0(128)) - 4e1c66a4-792a-4350-b244-4dedea3f57a8@group-765C4EA9BC12-SegmentedRaftLogWorker: flushIndex: setUnconditionally 0 -> 0
2019-10-15 14:16:25,495 [pool-59-thread-1] INFO  server.RaftServerConfigKeys (ConfUtils.java:logGet(43)) - raft.server.snapshot.auto.trigger.enabled = true (custom)
2019-10-15 14:16:25,495 [pool-59-thread-1] INFO  server.RaftServerConfigKeys (ConfUtils.java:logGet(43)) - raft.server.snapshot.auto.trigger.threshold = 10000 (custom)
2019-10-15 14:16:25,495 [pool-59-thread-1] INFO  server.RaftServerConfigKeys (ConfUtils.java:logGet(43)) - raft.server.snapshot.retention.file.num = 5 (custom)
2019-10-15 14:16:25,495 [pool-59-thread-1] INFO  server.RaftServerConfigKeys (ConfUtils.java:logGet(43)) - raft.server.retrycache.expirytime = 600000ms (custom)
2019-10-15 14:16:25,624 [java.util.concurrent.ThreadPoolExecutor$Worker@2009095b[State = -1, empty queue]] WARN  server.GrpcLogAppender (GrpcLogAppender.java:timeoutAppendRequest(209)) - 2ac0d02e-9e70-4102-8ecc-87abf8a9c7ab@group-488DD1D6D11B->4e1c66a4-792a-4350-b244-4dedea3f57a8-GrpcLogAppender: appendEntries Timeout, request=2ac0d02e-9e70-4102-8ecc-87abf8a9c7ab->4e1c66a4-792a-4350-b244-4dedea3f57a8#50-t3, previous=(t:3, i:10), leaderCommit=10, initializing? false, entries: <empty>
2019-10-15 14:16:25,677 [Command processor thread] INFO  commandhandler.DeleteBlocksCommandHandler (DeleteBlocksCommandHandler.java:handle(106)) - Start to delete container blocks, TXIDs=[1(0)], numOfContainers=1, numOfBlocks=1
2019-10-15 14:16:25,679 [EventQueue-PendingDeleteStatusForPendingDeleteHandler] INFO  block.SCMBlockDeletingService (SCMBlockDeletingService.java:handlePendingDeletes(115)) - Block deletion txnID mismatch in datanode 350dd957-6baf-44a5-98e5-a3496d7a986b for containerID 1. Datanode delete txnID: 0, SCM txnID: 1
2019-10-15 14:16:25,991 [SCMBlockDeletingService#0] INFO  block.SCMBlockDeletingService (SCMBlockDeletingService.java:call(184)) - Totally added 1 delete blocks command for 1 datanodes, task elapsed time: 1ms
2019-10-15 14:16:25,992 [pool-7-thread-1] INFO  commands.RetriableDatanodeEventWatcher (RetriableDatanodeEventWatcher.java:onTimeout(47)) - RetriableDatanodeCommand type=deleteBlocksCommand with id=1571148984990 timed out. Retrying.
2019-10-15 14:16:26,062 [BlockDeletingService#2] WARN  background.BlockDeletingService (BlockDeletingService.java:isDeletionAllowed(187)) - Close Container log Index 6 is not replicated across allthe servers in the pipeline af09b2c2-cc5c-4d70-8ada-488dd1d6d11b as the min replicated index is 4. Deletion is not allowed in this container yet.
2019-10-15 14:16:26,062 [BlockDeletingService#2] WARN  background.BlockDeletingService (BlockDeletingService.java:isDeletionAllowed(187)) - Close Container log Index 6 is not replicated across allthe servers in the pipeline af09b2c2-cc5c-4d70-8ada-488dd1d6d11b as the min replicated index is 4. Deletion is not allowed in this container yet.
2019-10-15 14:16:26,991 [pool-7-thread-1] INFO  commands.RetriableDatanodeEventWatcher (RetriableDatanodeEventWatcher.java:onTimeout(47)) - RetriableDatanodeCommand type=deleteBlocksCommand with id=1571148984992 timed out. Retrying.
2019-10-15 14:16:26,992 [SCMBlockDeletingService#0] INFO  block.SCMBlockDeletingService (SCMBlockDeletingService.java:call(184)) - Totally added 1 delete blocks command for 1 datanodes, task elapsed time: 1ms
2019-10-15 14:16:26,993 [pool-7-thread-1] INFO  commands.RetriableDatanodeEventWatcher (RetriableDatanodeEventWatcher.java:onTimeout(47)) - RetriableDatanodeCommand type=deleteBlocksCommand with id=1571148984990 timed out. Retrying.
2019-10-15 14:16:27,063 [BlockDeletingService#2] WARN  background.BlockDeletingService (BlockDeletingService.java:isDeletionAllowed(187)) - Close Container log Index 6 is not replicated across allthe servers in the pipeline af09b2c2-cc5c-4d70-8ada-488dd1d6d11b as the min replicated index is 4. Deletion is not allowed in this container yet.
2019-10-15 14:16:27,064 [BlockDeletingService#2] WARN  background.BlockDeletingService (BlockDeletingService.java:isDeletionAllowed(187)) - Close Container log Index 6 is not replicated across allthe servers in the pipeline af09b2c2-cc5c-4d70-8ada-488dd1d6d11b as the min replicated index is 4. Deletion is not allowed in this container yet.
2019-10-15 14:16:27,449 [Datanode State Machine Thread - 0] INFO  ozoneimpl.OzoneContainer (OzoneContainer.java:start(213)) - Attempting to start container services.
2019-10-15 14:16:27,449 [Datanode State Machine Thread - 0] INFO  ozoneimpl.OzoneContainer (OzoneContainer.java:startContainerScrub(177)) - Background container scanner has been disabled.
2019-10-15 14:16:27,449 [Datanode State Machine Thread - 0] INFO  ratis.XceiverServerRatis (XceiverServerRatis.java:start(418)) - Starting XceiverServerRatis 4e1c66a4-792a-4350-b244-4dedea3f57a8 at port 41177
2019-10-15 14:16:27,459 [Datanode State Machine Thread - 0] INFO  impl.RaftServerImpl (RaftServerImpl.java:start(195)) - 4e1c66a4-792a-4350-b244-4dedea3f57a8@group-765C4EA9BC12: start as a follower, conf=0: [4e1c66a4-792a-4350-b244-4dedea3f57a8:192.168.164.232:41177], old=null
2019-10-15 14:16:27,460 [Datanode State Machine Thread - 0] INFO  impl.RaftServerImpl (RaftServerImpl.java:setRole(184)) - 4e1c66a4-792a-4350-b244-4dedea3f57a8@group-765C4EA9BC12: changes role from      null to FOLLOWER at term 1 for startAsFollower
2019-10-15 14:16:27,460 [ForkJoinPool.commonPool-worker-0] INFO  impl.RaftServerImpl (RaftServerImpl.java:start(195)) - 4e1c66a4-792a-4350-b244-4dedea3f57a8@group-488DD1D6D11B: start as a follower, conf=0: [2ac0d02e-9e70-4102-8ecc-87abf8a9c7ab:192.168.164.232:40013, 4e1c66a4-792a-4350-b244-4dedea3f57a8:192.168.164.232:41177, 350dd957-6baf-44a5-98e5-a3496d7a986b:192.168.164.232:34256], old=null
2019-10-15 14:16:27,460 [Datanode State Machine Thread - 0] INFO  impl.RoleInfo (RoleInfo.java:updateAndGet(143)) - 4e1c66a4-792a-4350-b244-4dedea3f57a8: start FollowerState
2019-10-15 14:16:27,460 [ForkJoinPool.commonPool-worker-0] INFO  impl.RaftServerImpl (RaftServerImpl.java:setRole(184)) - 4e1c66a4-792a-4350-b244-4dedea3f57a8@group-488DD1D6D11B: changes role from      null to FOLLOWER at term 3 for startAsFollower
2019-10-15 14:16:27,460 [ForkJoinPool.commonPool-worker-0] INFO  impl.RoleInfo (RoleInfo.java:updateAndGet(143)) - 4e1c66a4-792a-4350-b244-4dedea3f57a8: start FollowerState
2019-10-15 14:16:27,461 [Datanode State Machine Thread - 0] INFO  util.JmxRegister (JmxRegister.java:tryRegister(44)) - Successfully registered JMX Bean with object name Ratis:service=RaftServer,group=group-765C4EA9BC12,id=4e1c66a4-792a-4350-b244-4dedea3f57a8
2019-10-15 14:16:27,461 [ForkJoinPool.commonPool-worker-0] INFO  util.JmxRegister (JmxRegister.java:tryRegister(44)) - Successfully registered JMX Bean with object name Ratis:service=RaftServer,group=group-488DD1D6D11B,id=4e1c66a4-792a-4350-b244-4dedea3f57a8
2019-10-15 14:16:27,465 [Datanode State Machine Thread - 0] INFO  impl.RaftServerProxy (RaftServerProxy.java:lambda$start$3(299)) - 4e1c66a4-792a-4350-b244-4dedea3f57a8: start RPC server
2019-10-15 14:16:27,467 [Datanode State Machine Thread - 0] INFO  server.GrpcService (GrpcService.java:startImpl(158)) - 4e1c66a4-792a-4350-b244-4dedea3f57a8: GrpcService started, listening on 0.0.0.0/0.0.0.0:41177
2019-10-15 14:16:27,485 [Thread-564] INFO  impl.FollowerState (FollowerState.java:run(108)) - 4e1c66a4-792a-4350-b244-4dedea3f57a8@group-765C4EA9BC12-FollowerState: change to CANDIDATE, lastRpcTime:24ms, electionTimeout:24ms
2019-10-15 14:16:27,485 [Thread-564] INFO  impl.RoleInfo (RoleInfo.java:shutdownFollowerState(121)) - 4e1c66a4-792a-4350-b244-4dedea3f57a8: shutdown FollowerState
2019-10-15 14:16:27,485 [Thread-564] INFO  impl.RaftServerImpl (RaftServerImpl.java:setRole(184)) - 4e1c66a4-792a-4350-b244-4dedea3f57a8@group-765C4EA9BC12: changes role from  FOLLOWER to CANDIDATE at term 1 for changeToCandidate
2019-10-15 14:16:27,485 [Thread-564] INFO  impl.RoleInfo (RoleInfo.java:updateAndGet(143)) - 4e1c66a4-792a-4350-b244-4dedea3f57a8: start LeaderElection
2019-10-15 14:16:27,517 [4e1c66a4-792a-4350-b244-4dedea3f57a8@group-765C4EA9BC12-LeaderElection8] INFO  impl.LeaderElection (LeaderElection.java:askForVotes(178)) - 4e1c66a4-792a-4350-b244-4dedea3f57a8@group-765C4EA9BC12-LeaderElection8: begin an election at term 2 for 0: [4e1c66a4-792a-4350-b244-4dedea3f57a8:192.168.164.232:41177], old=null
2019-10-15 14:16:27,517 [4e1c66a4-792a-4350-b244-4dedea3f57a8@group-765C4EA9BC12-LeaderElection8] INFO  impl.RoleInfo (RoleInfo.java:shutdownLeaderElection(134)) - 4e1c66a4-792a-4350-b244-4dedea3f57a8: shutdown LeaderElection
2019-10-15 14:16:27,517 [4e1c66a4-792a-4350-b244-4dedea3f57a8@group-765C4EA9BC12-LeaderElection8] INFO  impl.RaftServerImpl (RaftServerImpl.java:setRole(184)) - 4e1c66a4-792a-4350-b244-4dedea3f57a8@group-765C4EA9BC12: changes role from CANDIDATE to LEADER at term 2 for changeToLeader
2019-10-15 14:16:27,518 [4e1c66a4-792a-4350-b244-4dedea3f57a8@group-765C4EA9BC12-LeaderElection8] INFO  impl.RaftServerImpl (ServerState.java:setLeader(256)) - 4e1c66a4-792a-4350-b244-4dedea3f57a8@group-765C4EA9BC12: change Leader from null to 4e1c66a4-792a-4350-b244-4dedea3f57a8 at term 2 for becomeLeader, leader elected after 2047ms
2019-10-15 14:16:27,519 [4e1c66a4-792a-4350-b244-4dedea3f57a8@group-765C4EA9BC12-LeaderElection8] INFO  server.RaftServerConfigKeys (ConfUtils.java:logGet(43)) - raft.server.staging.catchup.gap = 1000 (default)
2019-10-15 14:16:27,519 [4e1c66a4-792a-4350-b244-4dedea3f57a8@group-765C4EA9BC12-LeaderElection8] INFO  server.RaftServerConfigKeys (ConfUtils.java:logGet(43)) - raft.server.rpc.sleep.time = 25ms (default)
2019-10-15 14:16:27,519 [4e1c66a4-792a-4350-b244-4dedea3f57a8@group-765C4EA9BC12-LeaderElection8] INFO  server.RaftServerConfigKeys (ConfUtils.java:logGet(43)) - raft.server.write.element-limit = 4096 (default)
2019-10-15 14:16:27,519 [4e1c66a4-792a-4350-b244-4dedea3f57a8@group-765C4EA9BC12-LeaderElection8] INFO  server.RaftServerConfigKeys (ConfUtils.java:logGet(43)) - raft.server.watch.timeout = 10s (default)
2019-10-15 14:16:27,520 [4e1c66a4-792a-4350-b244-4dedea3f57a8@group-765C4EA9BC12-LeaderElection8] INFO  server.RaftServerConfigKeys (ConfUtils.java:logGet(43)) - raft.server.watch.timeout.denomination = 1s (default)
2019-10-15 14:16:27,520 [4e1c66a4-792a-4350-b244-4dedea3f57a8@group-765C4EA9BC12-LeaderElection8] INFO  server.RaftServerConfigKeys (ConfUtils.java:logGet(43)) - raft.server.watch.element-limit = 65536 (default)
2019-10-15 14:16:27,520 [4e1c66a4-792a-4350-b244-4dedea3f57a8@group-765C4EA9BC12-LeaderElection8] INFO  impl.RoleInfo (RoleInfo.java:updateAndGet(143)) - 4e1c66a4-792a-4350-b244-4dedea3f57a8: start LeaderState
2019-10-15 14:16:27,521 [4e1c66a4-792a-4350-b244-4dedea3f57a8@group-765C4EA9BC12-LeaderElection8] INFO  segmented.SegmentedRaftLogWorker (SegmentedRaftLogWorker.java:rollLogSegment(390)) - 4e1c66a4-792a-4350-b244-4dedea3f57a8@group-765C4EA9BC12-SegmentedRaftLogWorker: Rolling segment log-0_0 to index:0
2019-10-15 14:16:27,524 [4e1c66a4-792a-4350-b244-4dedea3f57a8@group-765C4EA9BC12-LeaderElection8] INFO  impl.RaftServerImpl (ServerState.java:setRaftConf(357)) - 4e1c66a4-792a-4350-b244-4dedea3f57a8@group-765C4EA9BC12: set configuration 1: [4e1c66a4-792a-4350-b244-4dedea3f57a8:192.168.164.232:41177], old=null at 1
2019-10-15 14:16:27,526 [4e1c66a4-792a-4350-b244-4dedea3f57a8@group-765C4EA9BC12-SegmentedRaftLogWorker] INFO  segmented.SegmentedRaftLogWorker (SegmentedRaftLogWorker.java:execute(533)) - 4e1c66a4-792a-4350-b244-4dedea3f57a8@group-765C4EA9BC12-SegmentedRaftLogWorker: Rolled log segment from /workdir/hadoop-ozone/integration-test/target/test-dir/MiniOzoneClusterImpl-29d02a71-48e9-4ad5-9cfb-48d574ca0fa8/datanode-1/data/ratis/251e80a9-2262-4e5a-8df6-765c4ea9bc12/current/log_inprogress_0 to /workdir/hadoop-ozone/integration-test/target/test-dir/MiniOzoneClusterImpl-29d02a71-48e9-4ad5-9cfb-48d574ca0fa8/datanode-1/data/ratis/251e80a9-2262-4e5a-8df6-765c4ea9bc12/current/log_0-0
2019-10-15 14:16:27,584 [4e1c66a4-792a-4350-b244-4dedea3f57a8@group-765C4EA9BC12-SegmentedRaftLogWorker] INFO  segmented.SegmentedRaftLogWorker (SegmentedRaftLogWorker.java:execute(576)) - 4e1c66a4-792a-4350-b244-4dedea3f57a8@group-765C4EA9BC12-SegmentedRaftLogWorker: created new log segment /workdir/hadoop-ozone/integration-test/target/test-dir/MiniOzoneClusterImpl-29d02a71-48e9-4ad5-9cfb-48d574ca0fa8/datanode-1/data/ratis/251e80a9-2262-4e5a-8df6-765c4ea9bc12/current/log_inprogress_1
2019-10-15 14:16:27,634 [Thread-565] INFO  impl.FollowerState (FollowerState.java:run(108)) - 4e1c66a4-792a-4350-b244-4dedea3f57a8@group-488DD1D6D11B-FollowerState: change to CANDIDATE, lastRpcTime:173ms, electionTimeout:173ms
2019-10-15 14:16:27,635 [Thread-565] INFO  impl.RoleInfo (RoleInfo.java:shutdownFollowerState(121)) - 4e1c66a4-792a-4350-b244-4dedea3f57a8: shutdown FollowerState
2019-10-15 14:16:27,636 [Thread-565] INFO  impl.RaftServerImpl (RaftServerImpl.java:setRole(184)) - 4e1c66a4-792a-4350-b244-4dedea3f57a8@group-488DD1D6D11B: changes role from  FOLLOWER to CANDIDATE at term 3 for changeToCandidate
2019-10-15 14:16:27,636 [Thread-565] INFO  impl.RoleInfo (RoleInfo.java:updateAndGet(143)) - 4e1c66a4-792a-4350-b244-4dedea3f57a8: start LeaderElection
2019-10-15 14:16:27,659 [4e1c66a4-792a-4350-b244-4dedea3f57a8@group-488DD1D6D11B-LeaderElection9] INFO  impl.LeaderElection (LeaderElection.java:askForVotes(178)) - 4e1c66a4-792a-4350-b244-4dedea3f57a8@group-488DD1D6D11B-LeaderElection9: begin an election at term 4 for 0: [2ac0d02e-9e70-4102-8ecc-87abf8a9c7ab:192.168.164.232:40013, 4e1c66a4-792a-4350-b244-4dedea3f57a8:192.168.164.232:41177, 350dd957-6baf-44a5-98e5-a3496d7a986b:192.168.164.232:34256], old=null
2019-10-15 14:16:27,673 [grpc-default-executor-0] INFO  impl.RaftServerImpl (ServerState.java:setLeader(256)) - 350dd957-6baf-44a5-98e5-a3496d7a986b@group-488DD1D6D11B: change Leader from 2ac0d02e-9e70-4102-8ecc-87abf8a9c7ab to null at term 4 for updateCurrentTerm
2019-10-15 14:16:27,673 [grpc-default-executor-1] INFO  impl.RaftServerImpl (ServerState.java:setLeader(256)) - 2ac0d02e-9e70-4102-8ecc-87abf8a9c7ab@group-488DD1D6D11B: change Leader from 2ac0d02e-9e70-4102-8ecc-87abf8a9c7ab to null at term 4 for updateCurrentTerm
2019-10-15 14:16:27,673 [grpc-default-executor-0] INFO  impl.RaftServerImpl (RaftServerImpl.java:setRole(184)) - 350dd957-6baf-44a5-98e5-a3496d7a986b@group-488DD1D6D11B: changes role from  FOLLOWER to FOLLOWER at term 4 for recognizeCandidate:4e1c66a4-792a-4350-b244-4dedea3f57a8
2019-10-15 14:16:27,673 [grpc-default-executor-0] INFO  impl.RoleInfo (RoleInfo.java:shutdownFollowerState(121)) - 350dd957-6baf-44a5-98e5-a3496d7a986b: shutdown FollowerState
2019-10-15 14:16:27,673 [grpc-default-executor-1] INFO  impl.RaftServerImpl (RaftServerImpl.java:setRole(184)) - 2ac0d02e-9e70-4102-8ecc-87abf8a9c7ab@group-488DD1D6D11B: changes role from    LEADER to FOLLOWER at term 4 for recognizeCandidate:4e1c66a4-792a-4350-b244-4dedea3f57a8
2019-10-15 14:16:27,673 [Thread-237] INFO  impl.FollowerState (FollowerState.java:run(117)) - 350dd957-6baf-44a5-98e5-a3496d7a986b@group-488DD1D6D11B-FollowerState was interrupted: java.lang.InterruptedException: sleep interrupted
2019-10-15 14:16:27,673 [grpc-default-executor-0] INFO  impl.RoleInfo (RoleInfo.java:updateAndGet(143)) - 350dd957-6baf-44a5-98e5-a3496d7a986b: start FollowerState
2019-10-15 14:16:27,673 [grpc-default-executor-1] INFO  impl.RoleInfo (RoleInfo.java:shutdownLeaderState(104)) - 2ac0d02e-9e70-4102-8ecc-87abf8a9c7ab: shutdown LeaderState
2019-10-15 14:16:27,676 [org.apache.ratis.server.impl.LogAppender$AppenderDaemon$$Lambda$418/283505551@60186f7a] WARN  server.GrpcLogAppender (GrpcLogAppender.java:mayWait(149)) - 2ac0d02e-9e70-4102-8ecc-87abf8a9c7ab@group-488DD1D6D11B->350dd957-6baf-44a5-98e5-a3496d7a986b-GrpcLogAppender: Wait interrupted by java.lang.InterruptedException
2019-10-15 14:16:27,676 [grpc-default-executor-1] INFO  impl.PendingRequests (PendingRequests.java:sendNotLeaderResponses(202)) - 2ac0d02e-9e70-4102-8ecc-87abf8a9c7ab@group-488DD1D6D11B-PendingRequests: sendNotLeaderResponses
2019-10-15 14:16:27,676 [org.apache.ratis.server.impl.LogAppender$AppenderDaemon$$Lambda$418/283505551@31fd5093] WARN  server.GrpcLogAppender (GrpcLogAppender.java:mayWait(149)) - 2ac0d02e-9e70-4102-8ecc-87abf8a9c7ab@group-488DD1D6D11B->4e1c66a4-792a-4350-b244-4dedea3f57a8-GrpcLogAppender: Wait interrupted by java.lang.InterruptedException
2019-10-15 14:16:27,678 [grpc-default-executor-4] INFO  server.GrpcServerProtocolService (GrpcServerProtocolService.java:onCompleted(113)) - 350dd957-6baf-44a5-98e5-a3496d7a986b: Completed APPEND_ENTRIES, lastRequest: 2ac0d02e-9e70-4102-8ecc-87abf8a9c7ab->350dd957-6baf-44a5-98e5-a3496d7a986b#51-t3, previous=(t:3, i:10), leaderCommit=10, initializing? false, entries: <empty>
2019-10-15 14:16:27,680 [Thread-574] INFO  client.GrpcClientProtocolService (GrpcClientProtocolService.java:lambda$processClientRequest$0(278)) - Failed RaftClientRequest:client-E8AF2CDF2BB3->2ac0d02e-9e70-4102-8ecc-87abf8a9c7ab@group-488DD1D6D11B, cid=10, seq=0, Watch-ALL_COMMITTED(6), Message:<EMPTY>, reply=RaftClientReply:client-E8AF2CDF2BB3->2ac0d02e-9e70-4102-8ecc-87abf8a9c7ab@group-488DD1D6D11B, cid=10, FAILED org.apache.ratis.protocol.NotLeaderException: Server 2ac0d02e-9e70-4102-8ecc-87abf8a9c7ab@group-488DD1D6D11B is not the leader, logIndex=0, commits[2ac0d02e-9e70-4102-8ecc-87abf8a9c7ab:c10, 4e1c66a4-792a-4350-b244-4dedea3f57a8:c4, 350dd957-6baf-44a5-98e5-a3496d7a986b:c10]
2019-10-15 14:16:27,680 [grpc-default-executor-1] INFO  impl.RoleInfo (RoleInfo.java:updateAndGet(143)) - 2ac0d02e-9e70-4102-8ecc-87abf8a9c7ab: start FollowerState
2019-10-15 14:16:27,680 [grpc-default-executor-4] INFO  server.GrpcLogAppender (GrpcLogAppender.java:onCompleted(308)) - 2ac0d02e-9e70-4102-8ecc-87abf8a9c7ab@group-488DD1D6D11B->350dd957-6baf-44a5-98e5-a3496d7a986b-AppendLogResponseHandler: follower responses appendEntries COMPLETED
2019-10-15 14:16:27,682 [grpc-default-executor-4] INFO  impl.FollowerInfo (FollowerInfo.java:lambda$new$0(51)) - 2ac0d02e-9e70-4102-8ecc-87abf8a9c7ab@group-488DD1D6D11B->350dd957-6baf-44a5-98e5-a3496d7a986b: nextIndex: updateUnconditionally 11 -> 10
2019-10-15 14:16:27,705 [4e1c66a4-792a-4350-b244-4dedea3f57a8@group-488DD1D6D11B-LeaderElection9] INFO  impl.LeaderElection (LeaderElection.java:logAndReturn(56)) - 4e1c66a4-792a-4350-b244-4dedea3f57a8@group-488DD1D6D11B-LeaderElection9: Election REJECTED; received 2 response(s) [4e1c66a4-792a-4350-b244-4dedea3f57a8<-2ac0d02e-9e70-4102-8ecc-87abf8a9c7ab#0:FAIL-t4, 4e1c66a4-792a-4350-b244-4dedea3f57a8<-350dd957-6baf-44a5-98e5-a3496d7a986b#0:FAIL-t4] and 0 exception(s); 4e1c66a4-792a-4350-b244-4dedea3f57a8@group-488DD1D6D11B:t4, leader=null, voted=4e1c66a4-792a-4350-b244-4dedea3f57a8, raftlog=4e1c66a4-792a-4350-b244-4dedea3f57a8@group-488DD1D6D11B-SegmentedRaftLog:OPENED:c3,f4,i4, conf=0: [2ac0d02e-9e70-4102-8ecc-87abf8a9c7ab:192.168.164.232:40013, 4e1c66a4-792a-4350-b244-4dedea3f57a8:192.168.164.232:41177, 350dd957-6baf-44a5-98e5-a3496d7a986b:192.168.164.232:34256], old=null
2019-10-15 14:16:27,705 [4e1c66a4-792a-4350-b244-4dedea3f57a8@group-488DD1D6D11B-LeaderElection9] INFO  impl.RaftServerImpl (RaftServerImpl.java:setRole(184)) - 4e1c66a4-792a-4350-b244-4dedea3f57a8@group-488DD1D6D11B: changes role from CANDIDATE to FOLLOWER at term 4 for DISCOVERED_A_NEW_TERM
2019-10-15 14:16:27,705 [4e1c66a4-792a-4350-b244-4dedea3f57a8@group-488DD1D6D11B-LeaderElection9] INFO  impl.RoleInfo (RoleInfo.java:shutdownLeaderElection(134)) - 4e1c66a4-792a-4350-b244-4dedea3f57a8: shutdown LeaderElection
2019-10-15 14:16:27,707 [4e1c66a4-792a-4350-b244-4dedea3f57a8@group-488DD1D6D11B-LeaderElection9] INFO  impl.RoleInfo (RoleInfo.java:updateAndGet(143)) - 4e1c66a4-792a-4350-b244-4dedea3f57a8: start FollowerState
2019-10-15 14:16:27,835 [Thread-576] INFO  impl.FollowerState (FollowerState.java:run(108)) - 4e1c66a4-792a-4350-b244-4dedea3f57a8@group-488DD1D6D11B-FollowerState: change to CANDIDATE, lastRpcTime:128ms, electionTimeout:127ms
2019-10-15 14:16:27,837 [Thread-576] INFO  impl.RoleInfo (RoleInfo.java:shutdownFollowerState(121)) - 4e1c66a4-792a-4350-b244-4dedea3f57a8: shutdown FollowerState
2019-10-15 14:16:27,837 [Thread-576] INFO  impl.RaftServerImpl (RaftServerImpl.java:setRole(184)) - 4e1c66a4-792a-4350-b244-4dedea3f57a8@group-488DD1D6D11B: changes role from  FOLLOWER to CANDIDATE at term 4 for changeToCandidate
2019-10-15 14:16:27,837 [Thread-576] INFO  impl.RoleInfo (RoleInfo.java:updateAndGet(143)) - 4e1c66a4-792a-4350-b244-4dedea3f57a8: start LeaderElection
2019-10-15 14:16:27,862 [4e1c66a4-792a-4350-b244-4dedea3f57a8@group-488DD1D6D11B-LeaderElection10] INFO  impl.LeaderElection (LeaderElection.java:askForVotes(178)) - 4e1c66a4-792a-4350-b244-4dedea3f57a8@group-488DD1D6D11B-LeaderElection10: begin an election at term 5 for 0: [2ac0d02e-9e70-4102-8ecc-87abf8a9c7ab:192.168.164.232:40013, 4e1c66a4-792a-4350-b244-4dedea3f57a8:192.168.164.232:41177, 350dd957-6baf-44a5-98e5-a3496d7a986b:192.168.164.232:34256], old=null
2019-10-15 14:16:27,867 [grpc-default-executor-0] INFO  impl.RaftServerImpl (RaftServerImpl.java:setRole(184)) - 2ac0d02e-9e70-4102-8ecc-87abf8a9c7ab@group-488DD1D6D11B: changes role from  FOLLOWER to FOLLOWER at term 5 for recognizeCandidate:4e1c66a4-792a-4350-b244-4dedea3f57a8
2019-10-15 14:16:27,867 [grpc-default-executor-1] INFO  impl.RaftServerImpl (RaftServerImpl.java:setRole(184)) - 350dd957-6baf-44a5-98e5-a3496d7a986b@group-488DD1D6D11B: changes role from  FOLLOWER to FOLLOWER at term 5 for recognizeCandidate:4e1c66a4-792a-4350-b244-4dedea3f57a8
2019-10-15 14:16:27,867 [grpc-default-executor-0] INFO  impl.RoleInfo (RoleInfo.java:shutdownFollowerState(121)) - 2ac0d02e-9e70-4102-8ecc-87abf8a9c7ab: shutdown FollowerState
2019-10-15 14:16:27,867 [grpc-default-executor-1] INFO  impl.RoleInfo (RoleInfo.java:shutdownFollowerState(121)) - 350dd957-6baf-44a5-98e5-a3496d7a986b: shutdown FollowerState
2019-10-15 14:16:27,868 [Thread-575] INFO  impl.FollowerState (FollowerState.java:run(117)) - 2ac0d02e-9e70-4102-8ecc-87abf8a9c7ab@group-488DD1D6D11B-FollowerState was interrupted: java.lang.InterruptedException: sleep interrupted
2019-10-15 14:16:27,868 [grpc-default-executor-1] INFO  impl.RoleInfo (RoleInfo.java:updateAndGet(143)) - 350dd957-6baf-44a5-98e5-a3496d7a986b: start FollowerState
2019-10-15 14:16:27,868 [grpc-default-executor-0] INFO  impl.RoleInfo (RoleInfo.java:updateAndGet(143)) - 2ac0d02e-9e70-4102-8ecc-87abf8a9c7ab: start FollowerState
2019-10-15 14:16:27,868 [Thread-573] INFO  impl.FollowerState (FollowerState.java:run(117)) - 350dd957-6baf-44a5-98e5-a3496d7a986b@group-488DD1D6D11B-FollowerState was interrupted: java.lang.InterruptedException: sleep interrupted
2019-10-15 14:16:27,886 [4e1c66a4-792a-4350-b244-4dedea3f57a8@group-488DD1D6D11B-LeaderElection10] INFO  impl.LeaderElection (LeaderElection.java:logAndReturn(56)) - 4e1c66a4-792a-4350-b244-4dedea3f57a8@group-488DD1D6D11B-LeaderElection10: Election TIMEOUT; received 0 response(s) [] and 0 exception(s); 4e1c66a4-792a-4350-b244-4dedea3f57a8@group-488DD1D6D11B:t5, leader=null, voted=4e1c66a4-792a-4350-b244-4dedea3f57a8, raftlog=4e1c66a4-792a-4350-b244-4dedea3f57a8@group-488DD1D6D11B-SegmentedRaftLog:OPENED:c3,f4,i4, conf=0: [2ac0d02e-9e70-4102-8ecc-87abf8a9c7ab:192.168.164.232:40013, 4e1c66a4-792a-4350-b244-4dedea3f57a8:192.168.164.232:41177, 350dd957-6baf-44a5-98e5-a3496d7a986b:192.168.164.232:34256], old=null
2019-10-15 14:16:27,964 [4e1c66a4-792a-4350-b244-4dedea3f57a8@group-488DD1D6D11B-LeaderElection10] INFO  impl.LeaderElection (LeaderElection.java:askForVotes(178)) - 4e1c66a4-792a-4350-b244-4dedea3f57a8@group-488DD1D6D11B-LeaderElection10: begin an election at term 6 for 0: [2ac0d02e-9e70-4102-8ecc-87abf8a9c7ab:192.168.164.232:40013, 4e1c66a4-792a-4350-b244-4dedea3f57a8:192.168.164.232:41177, 350dd957-6baf-44a5-98e5-a3496d7a986b:192.168.164.232:34256], old=null
2019-10-15 14:16:28,062 [4e1c66a4-792a-4350-b244-4dedea3f57a8@group-488DD1D6D11B-LeaderElection10] INFO  impl.LeaderElection (LeaderElection.java:logAndReturn(56)) - 4e1c66a4-792a-4350-b244-4dedea3f57a8@group-488DD1D6D11B-LeaderElection10: Election TIMEOUT; received 0 response(s) [] and 0 exception(s); 4e1c66a4-792a-4350-b244-4dedea3f57a8@group-488DD1D6D11B:t6, leader=null, voted=4e1c66a4-792a-4350-b244-4dedea3f57a8, raftlog=4e1c66a4-792a-4350-b244-4dedea3f57a8@group-488DD1D6D11B-SegmentedRaftLog:OPENED:c3,f4,i4, conf=0: [2ac0d02e-9e70-4102-8ecc-87abf8a9c7ab:192.168.164.232:40013, 4e1c66a4-792a-4350-b244-4dedea3f57a8:192.168.164.232:41177, 350dd957-6baf-44a5-98e5-a3496d7a986b:192.168.164.232:34256], old=null
2019-10-15 14:16:28,062 [pool-7-thread-1] INFO  commands.RetriableDatanodeEventWatcher (RetriableDatanodeEventWatcher.java:onTimeout(47)) - RetriableDatanodeCommand type=deleteBlocksCommand with id=1571148984990 timed out. Retrying.
2019-10-15 14:16:28,064 [pool-7-thread-2] INFO  commands.RetriableDatanodeEventWatcher (RetriableDatanodeEventWatcher.java:onTimeout(47)) - RetriableDatanodeCommand type=deleteBlocksCommand with id=1571148984993 timed out. Retrying.
2019-10-15 14:16:28,066 [pool-7-thread-3] INFO  commands.RetriableDatanodeEventWatcher (RetriableDatanodeEventWatcher.java:onTimeout(47)) - RetriableDatanodeCommand type=deleteBlocksCommand with id=1571148984992 timed out. Retrying.
2019-10-15 14:16:28,066 [SCMBlockDeletingService#0] INFO  block.SCMBlockDeletingService (SCMBlockDeletingService.java:call(184)) - Totally added 1 delete blocks command for 1 datanodes, task elapsed time: 4ms
2019-10-15 14:16:28,066 [BlockDeletingService#2] WARN  background.BlockDeletingService (BlockDeletingService.java:isDeletionAllowed(187)) - Close Container log Index 6 is not replicated across allthe servers in the pipeline af09b2c2-cc5c-4d70-8ada-488dd1d6d11b as the min replicated index is 4. Deletion is not allowed in this container yet.
2019-10-15 14:16:28,072 [BlockDeletingService#2] WARN  background.BlockDeletingService (BlockDeletingService.java:isDeletionAllowed(187)) - Close Container log Index 6 is not replicated across allthe servers in the pipeline af09b2c2-cc5c-4d70-8ada-488dd1d6d11b as the min replicated index is 4. Deletion is not allowed in this container yet.
2019-10-15 14:16:28,074 [grpc-default-executor-1] INFO  impl.RaftServerImpl (RaftServerImpl.java:setRole(184)) - 2ac0d02e-9e70-4102-8ecc-87abf8a9c7ab@group-488DD1D6D11B: changes role from  FOLLOWER to FOLLOWER at term 6 for recognizeCandidate:4e1c66a4-792a-4350-b244-4dedea3f57a8
2019-10-15 14:16:28,074 [grpc-default-executor-1] INFO  impl.RoleInfo (RoleInfo.java:shutdownFollowerState(121)) - 2ac0d02e-9e70-4102-8ecc-87abf8a9c7ab: shutdown FollowerState
2019-10-15 14:16:28,074 [grpc-default-executor-0] INFO  impl.RaftServerImpl (RaftServerImpl.java:setRole(184)) - 350dd957-6baf-44a5-98e5-a3496d7a986b@group-488DD1D6D11B: changes role from  FOLLOWER to FOLLOWER at term 6 for recognizeCandidate:4e1c66a4-792a-4350-b244-4dedea3f57a8
2019-10-15 14:16:28,074 [grpc-default-executor-1] INFO  impl.RoleInfo (RoleInfo.java:updateAndGet(143)) - 2ac0d02e-9e70-4102-8ecc-87abf8a9c7ab: start FollowerState
2019-10-15 14:16:28,074 [Thread-580] INFO  impl.FollowerState (FollowerState.java:run(117)) - 2ac0d02e-9e70-4102-8ecc-87abf8a9c7ab@group-488DD1D6D11B-FollowerState was interrupted: java.lang.InterruptedException: sleep interrupted
2019-10-15 14:16:28,074 [grpc-default-executor-0] INFO  impl.RoleInfo (RoleInfo.java:shutdownFollowerState(121)) - 350dd957-6baf-44a5-98e5-a3496d7a986b: shutdown FollowerState
2019-10-15 14:16:28,076 [Thread-581] INFO  impl.FollowerState (FollowerState.java:run(117)) - 350dd957-6baf-44a5-98e5-a3496d7a986b@group-488DD1D6D11B-FollowerState was interrupted: java.lang.InterruptedException: sleep interrupted
2019-10-15 14:16:28,076 [grpc-default-executor-0] INFO  impl.RoleInfo (RoleInfo.java:updateAndGet(143)) - 350dd957-6baf-44a5-98e5-a3496d7a986b: start FollowerState
2019-10-15 14:16:28,099 [4e1c66a4-792a-4350-b244-4dedea3f57a8@group-488DD1D6D11B-LeaderElection10] INFO  impl.LeaderElection (LeaderElection.java:askForVotes(178)) - 4e1c66a4-792a-4350-b244-4dedea3f57a8@group-488DD1D6D11B-LeaderElection10: begin an election at term 7 for 0: [2ac0d02e-9e70-4102-8ecc-87abf8a9c7ab:192.168.164.232:40013, 4e1c66a4-792a-4350-b244-4dedea3f57a8:192.168.164.232:41177, 350dd957-6baf-44a5-98e5-a3496d7a986b:192.168.164.232:34256], old=null
2019-10-15 14:16:28,108 [grpc-default-executor-6] INFO  impl.RaftServerImpl (RaftServerImpl.java:setRole(184)) - 350dd957-6baf-44a5-98e5-a3496d7a986b@group-488DD1D6D11B: changes role from  FOLLOWER to FOLLOWER at term 7 for recognizeCandidate:4e1c66a4-792a-4350-b244-4dedea3f57a8
2019-10-15 14:16:28,108 [grpc-default-executor-4] INFO  impl.RaftServerImpl (RaftServerImpl.java:setRole(184)) - 2ac0d02e-9e70-4102-8ecc-87abf8a9c7ab@group-488DD1D6D11B: changes role from  FOLLOWER to FOLLOWER at term 7 for recognizeCandidate:4e1c66a4-792a-4350-b244-4dedea3f57a8
2019-10-15 14:16:28,108 [grpc-default-executor-6] INFO  impl.RoleInfo (RoleInfo.java:shutdownFollowerState(121)) - 350dd957-6baf-44a5-98e5-a3496d7a986b: shutdown FollowerState
2019-10-15 14:16:28,108 [grpc-default-executor-4] INFO  impl.RoleInfo (RoleInfo.java:shutdownFollowerState(121)) - 2ac0d02e-9e70-4102-8ecc-87abf8a9c7ab: shutdown FollowerState
2019-10-15 14:16:28,108 [Thread-587] INFO  impl.FollowerState (FollowerState.java:run(117)) - 350dd957-6baf-44a5-98e5-a3496d7a986b@group-488DD1D6D11B-FollowerState was interrupted: java.lang.InterruptedException: sleep interrupted
2019-10-15 14:16:28,108 [grpc-default-executor-4] INFO  impl.RoleInfo (RoleInfo.java:updateAndGet(143)) - 2ac0d02e-9e70-4102-8ecc-87abf8a9c7ab: start FollowerState
2019-10-15 14:16:28,108 [grpc-default-executor-6] INFO  impl.RoleInfo (RoleInfo.java:updateAndGet(143)) - 350dd957-6baf-44a5-98e5-a3496d7a986b: start FollowerState
2019-10-15 14:16:28,108 [Thread-586] INFO  impl.FollowerState (FollowerState.java:run(117)) - 2ac0d02e-9e70-4102-8ecc-87abf8a9c7ab@group-488DD1D6D11B-FollowerState was interrupted: java.lang.InterruptedException: sleep interrupted
2019-10-15 14:16:28,125 [java.util.concurrent.ThreadPoolExecutor$Worker@2009095b[State = -1, empty queue]] WARN  server.GrpcLogAppender (GrpcLogAppender.java:timeoutAppendRequest(209)) - 2ac0d02e-9e70-4102-8ecc-87abf8a9c7ab@group-488DD1D6D11B->4e1c66a4-792a-4350-b244-4dedea3f57a8-GrpcLogAppender: appendEntries Timeout, request=2ac0d02e-9e70-4102-8ecc-87abf8a9c7ab->4e1c66a4-792a-4350-b244-4dedea3f57a8#51-t3, previous=(t:3, i:10), leaderCommit=10, initializing? false, entries: <empty>
2019-10-15 14:16:28,126 [4e1c66a4-792a-4350-b244-4dedea3f57a8@group-488DD1D6D11B-LeaderElection10] INFO  impl.LeaderElection (LeaderElection.java:logAndReturn(56)) - 4e1c66a4-792a-4350-b244-4dedea3f57a8@group-488DD1D6D11B-LeaderElection10: Election REJECTED; received 2 response(s) [4e1c66a4-792a-4350-b244-4dedea3f57a8<-2ac0d02e-9e70-4102-8ecc-87abf8a9c7ab#0:FAIL-t7, 4e1c66a4-792a-4350-b244-4dedea3f57a8<-350dd957-6baf-44a5-98e5-a3496d7a986b#0:FAIL-t7] and 0 exception(s); 4e1c66a4-792a-4350-b244-4dedea3f57a8@group-488DD1D6D11B:t7, leader=null, voted=4e1c66a4-792a-4350-b244-4dedea3f57a8, raftlog=4e1c66a4-792a-4350-b244-4dedea3f57a8@group-488DD1D6D11B-SegmentedRaftLog:OPENED:c3,f4,i4, conf=0: [2ac0d02e-9e70-4102-8ecc-87abf8a9c7ab:192.168.164.232:40013, 4e1c66a4-792a-4350-b244-4dedea3f57a8:192.168.164.232:41177, 350dd957-6baf-44a5-98e5-a3496d7a986b:192.168.164.232:34256], old=null
2019-10-15 14:16:28,126 [4e1c66a4-792a-4350-b244-4dedea3f57a8@group-488DD1D6D11B-LeaderElection10] INFO  impl.RaftServerImpl (RaftServerImpl.java:setRole(184)) - 4e1c66a4-792a-4350-b244-4dedea3f57a8@group-488DD1D6D11B: changes role from CANDIDATE to FOLLOWER at term 7 for DISCOVERED_A_NEW_TERM
2019-10-15 14:16:28,127 [4e1c66a4-792a-4350-b244-4dedea3f57a8@group-488DD1D6D11B-LeaderElection10] INFO  impl.RoleInfo (RoleInfo.java:shutdownLeaderElection(134)) - 4e1c66a4-792a-4350-b244-4dedea3f57a8: shutdown LeaderElection
2019-10-15 14:16:28,128 [4e1c66a4-792a-4350-b244-4dedea3f57a8@group-488DD1D6D11B-LeaderElection10] INFO  impl.RoleInfo (RoleInfo.java:updateAndGet(143)) - 4e1c66a4-792a-4350-b244-4dedea3f57a8: start FollowerState
2019-10-15 14:16:28,246 [Thread-592] INFO  impl.FollowerState (FollowerState.java:run(108)) - 4e1c66a4-792a-4350-b244-4dedea3f57a8@group-488DD1D6D11B-FollowerState: change to CANDIDATE, lastRpcTime:118ms, electionTimeout:117ms
2019-10-15 14:16:28,248 [Thread-592] INFO  impl.RoleInfo (RoleInfo.java:shutdownFollowerState(121)) - 4e1c66a4-792a-4350-b244-4dedea3f57a8: shutdown FollowerState
2019-10-15 14:16:28,248 [Thread-592] INFO  impl.RaftServerImpl (RaftServerImpl.java:setRole(184)) - 4e1c66a4-792a-4350-b244-4dedea3f57a8@group-488DD1D6D11B: changes role from  FOLLOWER to CANDIDATE at term 7 for changeToCandidate
2019-10-15 14:16:28,248 [Thread-592] INFO  impl.RoleInfo (RoleInfo.java:updateAndGet(143)) - 4e1c66a4-792a-4350-b244-4dedea3f57a8: start LeaderElection
2019-10-15 14:16:28,275 [4e1c66a4-792a-4350-b244-4dedea3f57a8@group-488DD1D6D11B-LeaderElection11] INFO  impl.LeaderElection (LeaderElection.java:askForVotes(178)) - 4e1c66a4-792a-4350-b244-4dedea3f57a8@group-488DD1D6D11B-LeaderElection11: begin an election at term 8 for 0: [2ac0d02e-9e70-4102-8ecc-87abf8a9c7ab:192.168.164.232:40013, 4e1c66a4-792a-4350-b244-4dedea3f57a8:192.168.164.232:41177, 350dd957-6baf-44a5-98e5-a3496d7a986b:192.168.164.232:34256], old=null
2019-10-15 14:16:28,281 [grpc-default-executor-6] INFO  impl.RaftServerImpl (RaftServerImpl.java:setRole(184)) - 2ac0d02e-9e70-4102-8ecc-87abf8a9c7ab@group-488DD1D6D11B: changes role from  FOLLOWER to FOLLOWER at term 8 for recognizeCandidate:4e1c66a4-792a-4350-b244-4dedea3f57a8
2019-10-15 14:16:28,281 [grpc-default-executor-4] INFO  impl.RaftServerImpl (RaftServerImpl.java:setRole(184)) - 350dd957-6baf-44a5-98e5-a3496d7a986b@group-488DD1D6D11B: changes role from  FOLLOWER to FOLLOWER at term 8 for recognizeCandidate:4e1c66a4-792a-4350-b244-4dedea3f57a8
2019-10-15 14:16:28,281 [grpc-default-executor-6] INFO  impl.RoleInfo (RoleInfo.java:shutdownFollowerState(121)) - 2ac0d02e-9e70-4102-8ecc-87abf8a9c7ab: shutdown FollowerState
2019-10-15 14:16:28,281 [grpc-default-executor-4] INFO  impl.RoleInfo (RoleInfo.java:shutdownFollowerState(121)) - 350dd957-6baf-44a5-98e5-a3496d7a986b: shutdown FollowerState
2019-10-15 14:16:28,281 [Thread-591] INFO  impl.FollowerState (FollowerState.java:run(117)) - 2ac0d02e-9e70-4102-8ecc-87abf8a9c7ab@group-488DD1D6D11B-FollowerState was interrupted: java.lang.InterruptedException: sleep interrupted
2019-10-15 14:16:28,281 [grpc-default-executor-4] INFO  impl.RoleInfo (RoleInfo.java:updateAndGet(143)) - 350dd957-6baf-44a5-98e5-a3496d7a986b: start FollowerState
2019-10-15 14:16:28,281 [Thread-590] INFO  impl.FollowerState (FollowerState.java:run(117)) - 350dd957-6baf-44a5-98e5-a3496d7a986b@group-488DD1D6D11B-FollowerState was interrupted: java.lang.InterruptedException: sleep interrupted
2019-10-15 14:16:28,281 [grpc-default-executor-6] INFO  impl.RoleInfo (RoleInfo.java:updateAndGet(143)) - 2ac0d02e-9e70-4102-8ecc-87abf8a9c7ab: start FollowerState
2019-10-15 14:16:28,311 [4e1c66a4-792a-4350-b244-4dedea3f57a8@group-488DD1D6D11B-LeaderElection11] INFO  impl.LeaderElection (LeaderElection.java:logAndReturn(56)) - 4e1c66a4-792a-4350-b244-4dedea3f57a8@group-488DD1D6D11B-LeaderElection11: Election REJECTED; received 2 response(s) [4e1c66a4-792a-4350-b244-4dedea3f57a8<-2ac0d02e-9e70-4102-8ecc-87abf8a9c7ab#0:FAIL-t8, 4e1c66a4-792a-4350-b244-4dedea3f57a8<-350dd957-6baf-44a5-98e5-a3496d7a986b#0:FAIL-t8] and 0 exception(s); 4e1c66a4-792a-4350-b244-4dedea3f57a8@group-488DD1D6D11B:t8, leader=null, voted=4e1c66a4-792a-4350-b244-4dedea3f57a8, raftlog=4e1c66a4-792a-4350-b244-4dedea3f57a8@group-488DD1D6D11B-SegmentedRaftLog:OPENED:c3,f4,i4, conf=0: [2ac0d02e-9e70-4102-8ecc-87abf8a9c7ab:192.168.164.232:40013, 4e1c66a4-792a-4350-b244-4dedea3f57a8:192.168.164.232:41177, 350dd957-6baf-44a5-98e5-a3496d7a986b:192.168.164.232:34256], old=null
2019-10-15 14:16:28,311 [4e1c66a4-792a-4350-b244-4dedea3f57a8@group-488DD1D6D11B-LeaderElection11] INFO  impl.RaftServerImpl (RaftServerImpl.java:setRole(184)) - 4e1c66a4-792a-4350-b244-4dedea3f57a8@group-488DD1D6D11B: changes role from CANDIDATE to FOLLOWER at term 8 for DISCOVERED_A_NEW_TERM
2019-10-15 14:16:28,311 [4e1c66a4-792a-4350-b244-4dedea3f57a8@group-488DD1D6D11B-LeaderElection11] INFO  impl.RoleInfo (RoleInfo.java:shutdownLeaderElection(134)) - 4e1c66a4-792a-4350-b244-4dedea3f57a8: shutdown LeaderElection
2019-10-15 14:16:28,313 [4e1c66a4-792a-4350-b244-4dedea3f57a8@group-488DD1D6D11B-LeaderElection11] INFO  impl.RoleInfo (RoleInfo.java:updateAndGet(143)) - 4e1c66a4-792a-4350-b244-4dedea3f57a8: start FollowerState
2019-10-15 14:16:28,319 [Thread-598] INFO  impl.FollowerState (FollowerState.java:run(108)) - 4e1c66a4-792a-4350-b244-4dedea3f57a8@group-488DD1D6D11B-FollowerState: change to CANDIDATE, lastRpcTime:6ms, electionTimeout:5ms
2019-10-15 14:16:28,320 [Thread-598] INFO  impl.RoleInfo (RoleInfo.java:shutdownFollowerState(121)) - 4e1c66a4-792a-4350-b244-4dedea3f57a8: shutdown FollowerState
2019-10-15 14:16:28,320 [Thread-598] INFO  impl.RaftServerImpl (RaftServerImpl.java:setRole(184)) - 4e1c66a4-792a-4350-b244-4dedea3f57a8@group-488DD1D6D11B: changes role from  FOLLOWER to CANDIDATE at term 8 for changeToCandidate
2019-10-15 14:16:28,320 [Thread-598] INFO  impl.RoleInfo (RoleInfo.java:updateAndGet(143)) - 4e1c66a4-792a-4350-b244-4dedea3f57a8: start LeaderElection
2019-10-15 14:16:28,343 [4e1c66a4-792a-4350-b244-4dedea3f57a8@group-488DD1D6D11B-LeaderElection12] INFO  impl.LeaderElection (LeaderElection.java:askForVotes(178)) - 4e1c66a4-792a-4350-b244-4dedea3f57a8@group-488DD1D6D11B-LeaderElection12: begin an election at term 9 for 0: [2ac0d02e-9e70-4102-8ecc-87abf8a9c7ab:192.168.164.232:40013, 4e1c66a4-792a-4350-b244-4dedea3f57a8:192.168.164.232:41177, 350dd957-6baf-44a5-98e5-a3496d7a986b:192.168.164.232:34256], old=null
2019-10-15 14:16:28,349 [grpc-default-executor-4] INFO  impl.RaftServerImpl (RaftServerImpl.java:setRole(184)) - 2ac0d02e-9e70-4102-8ecc-87abf8a9c7ab@group-488DD1D6D11B: changes role from  FOLLOWER to FOLLOWER at term 9 for recognizeCandidate:4e1c66a4-792a-4350-b244-4dedea3f57a8
2019-10-15 14:16:28,349 [grpc-default-executor-6] INFO  impl.RaftServerImpl (RaftServerImpl.java:setRole(184)) - 350dd957-6baf-44a5-98e5-a3496d7a986b@group-488DD1D6D11B: changes role from  FOLLOWER to FOLLOWER at term 9 for recognizeCandidate:4e1c66a4-792a-4350-b244-4dedea3f57a8
2019-10-15 14:16:28,349 [grpc-default-executor-4] INFO  impl.RoleInfo (RoleInfo.java:shutdownFollowerState(121)) - 2ac0d02e-9e70-4102-8ecc-87abf8a9c7ab: shutdown FollowerState
2019-10-15 14:16:28,349 [grpc-default-executor-6] INFO  impl.RoleInfo (RoleInfo.java:shutdownFollowerState(121)) - 350dd957-6baf-44a5-98e5-a3496d7a986b: shutdown FollowerState
2019-10-15 14:16:28,349 [Thread-596] INFO  impl.FollowerState (FollowerState.java:run(117)) - 2ac0d02e-9e70-4102-8ecc-87abf8a9c7ab@group-488DD1D6D11B-FollowerState was interrupted: java.lang.InterruptedException: sleep interrupted
2019-10-15 14:16:28,349 [grpc-default-executor-4] INFO  impl.RoleInfo (RoleInfo.java:updateAndGet(143)) - 2ac0d02e-9e70-4102-8ecc-87abf8a9c7ab: start FollowerState
2019-10-15 14:16:28,350 [grpc-default-executor-6] INFO  impl.RoleInfo (RoleInfo.java:updateAndGet(143)) - 350dd957-6baf-44a5-98e5-a3496d7a986b: start FollowerState
2019-10-15 14:16:28,350 [Thread-597] INFO  impl.FollowerState (FollowerState.java:run(117)) - 350dd957-6baf-44a5-98e5-a3496d7a986b@group-488DD1D6D11B-FollowerState was interrupted: java.lang.InterruptedException: sleep interrupted
2019-10-15 14:16:28,375 [4e1c66a4-792a-4350-b244-4dedea3f57a8@group-488DD1D6D11B-LeaderElection12] INFO  impl.LeaderElection (LeaderElection.java:logAndReturn(56)) - 4e1c66a4-792a-4350-b244-4dedea3f57a8@group-488DD1D6D11B-LeaderElection12: Election TIMEOUT; received 0 response(s) [] and 0 exception(s); 4e1c66a4-792a-4350-b244-4dedea3f57a8@group-488DD1D6D11B:t9, leader=null, voted=4e1c66a4-792a-4350-b244-4dedea3f57a8, raftlog=4e1c66a4-792a-4350-b244-4dedea3f57a8@group-488DD1D6D11B-SegmentedRaftLog:OPENED:c3,f4,i4, conf=0: [2ac0d02e-9e70-4102-8ecc-87abf8a9c7ab:192.168.164.232:40013, 4e1c66a4-792a-4350-b244-4dedea3f57a8:192.168.164.232:41177, 350dd957-6baf-44a5-98e5-a3496d7a986b:192.168.164.232:34256], old=null
2019-10-15 14:16:28,402 [4e1c66a4-792a-4350-b244-4dedea3f57a8@group-488DD1D6D11B-LeaderElection12] INFO  impl.LeaderElection (LeaderElection.java:askForVotes(178)) - 4e1c66a4-792a-4350-b244-4dedea3f57a8@group-488DD1D6D11B-LeaderElection12: begin an election at term 10 for 0: [2ac0d02e-9e70-4102-8ecc-87abf8a9c7ab:192.168.164.232:40013, 4e1c66a4-792a-4350-b244-4dedea3f57a8:192.168.164.232:41177, 350dd957-6baf-44a5-98e5-a3496d7a986b:192.168.164.232:34256], old=null
2019-10-15 14:16:28,406 [grpc-default-executor-4] INFO  impl.RaftServerImpl (RaftServerImpl.java:setRole(184)) - 2ac0d02e-9e70-4102-8ecc-87abf8a9c7ab@group-488DD1D6D11B: changes role from  FOLLOWER to FOLLOWER at term 10 for recognizeCandidate:4e1c66a4-792a-4350-b244-4dedea3f57a8
2019-10-15 14:16:28,407 [grpc-default-executor-4] INFO  impl.RoleInfo (RoleInfo.java:shutdownFollowerState(121)) - 2ac0d02e-9e70-4102-8ecc-87abf8a9c7ab: shutdown FollowerState
2019-10-15 14:16:28,408 [grpc-default-executor-6] INFO  impl.RaftServerImpl (RaftServerImpl.java:setRole(184)) - 350dd957-6baf-44a5-98e5-a3496d7a986b@group-488DD1D6D11B: changes role from  FOLLOWER to FOLLOWER at term 10 for recognizeCandidate:4e1c66a4-792a-4350-b244-4dedea3f57a8
2019-10-15 14:16:28,408 [Thread-602] INFO  impl.FollowerState (FollowerState.java:run(117)) - 2ac0d02e-9e70-4102-8ecc-87abf8a9c7ab@group-488DD1D6D11B-FollowerState was interrupted: java.lang.InterruptedException: sleep interrupted
2019-10-15 14:16:28,408 [grpc-default-executor-6] INFO  impl.RoleInfo (RoleInfo.java:shutdownFollowerState(121)) - 350dd957-6baf-44a5-98e5-a3496d7a986b: shutdown FollowerState
2019-10-15 14:16:28,408 [grpc-default-executor-4] INFO  impl.RoleInfo (RoleInfo.java:updateAndGet(143)) - 2ac0d02e-9e70-4102-8ecc-87abf8a9c7ab: start FollowerState
2019-10-15 14:16:28,409 [grpc-default-executor-6] INFO  impl.RoleInfo (RoleInfo.java:updateAndGet(143)) - 350dd957-6baf-44a5-98e5-a3496d7a986b: start FollowerState
2019-10-15 14:16:28,409 [Thread-603] INFO  impl.FollowerState (FollowerState.java:run(117)) - 350dd957-6baf-44a5-98e5-a3496d7a986b@group-488DD1D6D11B-FollowerState was interrupted: java.lang.InterruptedException: sleep interrupted
2019-10-15 14:16:28,438 [4e1c66a4-792a-4350-b244-4dedea3f57a8@group-488DD1D6D11B-LeaderElection12] INFO  impl.LeaderElection (LeaderElection.java:logAndReturn(56)) - 4e1c66a4-792a-4350-b244-4dedea3f57a8@group-488DD1D6D11B-LeaderElection12: Election REJECTED; received 2 response(s) [4e1c66a4-792a-4350-b244-4dedea3f57a8<-2ac0d02e-9e70-4102-8ecc-87abf8a9c7ab#0:FAIL-t10, 4e1c66a4-792a-4350-b244-4dedea3f57a8<-350dd957-6baf-44a5-98e5-a3496d7a986b#0:FAIL-t10] and 0 exception(s); 4e1c66a4-792a-4350-b244-4dedea3f57a8@group-488DD1D6D11B:t10, leader=null, voted=4e1c66a4-792a-4350-b244-4dedea3f57a8, raftlog=4e1c66a4-792a-4350-b244-4dedea3f57a8@group-488DD1D6D11B-SegmentedRaftLog:OPENED:c3,f4,i4, conf=0: [2ac0d02e-9e70-4102-8ecc-87abf8a9c7ab:192.168.164.232:40013, 4e1c66a4-792a-4350-b244-4dedea3f57a8:192.168.164.232:41177, 350dd957-6baf-44a5-98e5-a3496d7a986b:192.168.164.232:34256], old=null
2019-10-15 14:16:28,438 [4e1c66a4-792a-4350-b244-4dedea3f57a8@group-488DD1D6D11B-LeaderElection12] INFO  impl.RaftServerImpl (RaftServerImpl.java:setRole(184)) - 4e1c66a4-792a-4350-b244-4dedea3f57a8@group-488DD1D6D11B: changes role from CANDIDATE to FOLLOWER at term 10 for DISCOVERED_A_NEW_TERM
2019-10-15 14:16:28,439 [4e1c66a4-792a-4350-b244-4dedea3f57a8@group-488DD1D6D11B-LeaderElection12] INFO  impl.RoleInfo (RoleInfo.java:shutdownLeaderElection(134)) - 4e1c66a4-792a-4350-b244-4dedea3f57a8: shutdown LeaderElection
2019-10-15 14:16:28,439 [4e1c66a4-792a-4350-b244-4dedea3f57a8@group-488DD1D6D11B-LeaderElection12] INFO  impl.RoleInfo (RoleInfo.java:updateAndGet(143)) - 4e1c66a4-792a-4350-b244-4dedea3f57a8: start FollowerState
2019-10-15 14:16:28,581 [Thread-608] INFO  impl.FollowerState (FollowerState.java:run(108)) - 4e1c66a4-792a-4350-b244-4dedea3f57a8@group-488DD1D6D11B-FollowerState: change to CANDIDATE, lastRpcTime:141ms, electionTimeout:141ms
2019-10-15 14:16:28,583 [Thread-608] INFO  impl.RoleInfo (RoleInfo.java:shutdownFollowerState(121)) - 4e1c66a4-792a-4350-b244-4dedea3f57a8: shutdown FollowerState
2019-10-15 14:16:28,583 [Thread-608] INFO  impl.RaftServerImpl (RaftServerImpl.java:setRole(184)) - 4e1c66a4-792a-4350-b244-4dedea3f57a8@group-488DD1D6D11B: changes role from  FOLLOWER to CANDIDATE at term 10 for changeToCandidate
2019-10-15 14:16:28,583 [Thread-608] INFO  impl.RoleInfo (RoleInfo.java:updateAndGet(143)) - 4e1c66a4-792a-4350-b244-4dedea3f57a8: start LeaderElection
2019-10-15 14:16:28,613 [4e1c66a4-792a-4350-b244-4dedea3f57a8@group-488DD1D6D11B-LeaderElection13] INFO  impl.LeaderElection (LeaderElection.java:askForVotes(178)) - 4e1c66a4-792a-4350-b244-4dedea3f57a8@group-488DD1D6D11B-LeaderElection13: begin an election at term 11 for 0: [2ac0d02e-9e70-4102-8ecc-87abf8a9c7ab:192.168.164.232:40013, 4e1c66a4-792a-4350-b244-4dedea3f57a8:192.168.164.232:41177, 350dd957-6baf-44a5-98e5-a3496d7a986b:192.168.164.232:34256], old=null
2019-10-15 14:16:28,620 [grpc-default-executor-6] INFO  impl.RaftServerImpl (RaftServerImpl.java:setRole(184)) - 2ac0d02e-9e70-4102-8ecc-87abf8a9c7ab@group-488DD1D6D11B: changes role from  FOLLOWER to FOLLOWER at term 11 for recognizeCandidate:4e1c66a4-792a-4350-b244-4dedea3f57a8
2019-10-15 14:16:28,620 [grpc-default-executor-4] INFO  impl.RaftServerImpl (RaftServerImpl.java:setRole(184)) - 350dd957-6baf-44a5-98e5-a3496d7a986b@group-488DD1D6D11B: changes role from  FOLLOWER to FOLLOWER at term 11 for recognizeCandidate:4e1c66a4-792a-4350-b244-4dedea3f57a8
2019-10-15 14:16:28,620 [grpc-default-executor-6] INFO  impl.RoleInfo (RoleInfo.java:shutdownFollowerState(121)) - 2ac0d02e-9e70-4102-8ecc-87abf8a9c7ab: shutdown FollowerState
2019-10-15 14:16:28,620 [grpc-default-executor-4] INFO  impl.RoleInfo (RoleInfo.java:shutdownFollowerState(121)) - 350dd957-6baf-44a5-98e5-a3496d7a986b: shutdown FollowerState
2019-10-15 14:16:28,620 [Thread-606] INFO  impl.FollowerState (FollowerState.java:run(117)) - 2ac0d02e-9e70-4102-8ecc-87abf8a9c7ab@group-488DD1D6D11B-FollowerState was interrupted: java.lang.InterruptedException: sleep interrupted
2019-10-15 14:16:28,621 [grpc-default-executor-6] INFO  impl.RoleInfo (RoleInfo.java:updateAndGet(143)) - 2ac0d02e-9e70-4102-8ecc-87abf8a9c7ab: start FollowerState
2019-10-15 14:16:28,621 [grpc-default-executor-4] INFO  impl.RoleInfo (RoleInfo.java:updateAndGet(143)) - 350dd957-6baf-44a5-98e5-a3496d7a986b: start FollowerState
2019-10-15 14:16:28,621 [Thread-607] INFO  impl.FollowerState (FollowerState.java:run(117)) - 350dd957-6baf-44a5-98e5-a3496d7a986b@group-488DD1D6D11B-FollowerState was interrupted: java.lang.InterruptedException: sleep interrupted
2019-10-15 14:16:28,648 [4e1c66a4-792a-4350-b244-4dedea3f57a8@group-488DD1D6D11B-LeaderElection13] INFO  impl.LeaderElection (LeaderElection.java:logAndReturn(56)) - 4e1c66a4-792a-4350-b244-4dedea3f57a8@group-488DD1D6D11B-LeaderElection13: Election REJECTED; received 2 response(s) [4e1c66a4-792a-4350-b244-4dedea3f57a8<-2ac0d02e-9e70-4102-8ecc-87abf8a9c7ab#0:FAIL-t11, 4e1c66a4-792a-4350-b244-4dedea3f57a8<-350dd957-6baf-44a5-98e5-a3496d7a986b#0:FAIL-t11] and 0 exception(s); 4e1c66a4-792a-4350-b244-4dedea3f57a8@group-488DD1D6D11B:t11, leader=null, voted=4e1c66a4-792a-4350-b244-4dedea3f57a8, raftlog=4e1c66a4-792a-4350-b244-4dedea3f57a8@group-488DD1D6D11B-SegmentedRaftLog:OPENED:c3,f4,i4, conf=0: [2ac0d02e-9e70-4102-8ecc-87abf8a9c7ab:192.168.164.232:40013, 4e1c66a4-792a-4350-b244-4dedea3f57a8:192.168.164.232:41177, 350dd957-6baf-44a5-98e5-a3496d7a986b:192.168.164.232:34256], old=null
2019-10-15 14:16:28,649 [4e1c66a4-792a-4350-b244-4dedea3f57a8@group-488DD1D6D11B-LeaderElection13] INFO  impl.RaftServerImpl (RaftServerImpl.java:setRole(184)) - 4e1c66a4-792a-4350-b244-4dedea3f57a8@group-488DD1D6D11B: changes role from CANDIDATE to FOLLOWER at term 11 for DISCOVERED_A_NEW_TERM
2019-10-15 14:16:28,652 [4e1c66a4-792a-4350-b244-4dedea3f57a8@group-488DD1D6D11B-LeaderElection13] INFO  impl.RoleInfo (RoleInfo.java:shutdownLeaderElection(134)) - 4e1c66a4-792a-4350-b244-4dedea3f57a8: shutdown LeaderElection
2019-10-15 14:16:28,652 [4e1c66a4-792a-4350-b244-4dedea3f57a8@group-488DD1D6D11B-LeaderElection13] INFO  impl.RoleInfo (RoleInfo.java:updateAndGet(143)) - 4e1c66a4-792a-4350-b244-4dedea3f57a8: start FollowerState
2019-10-15 14:16:28,695 [Thread-617] INFO  client.GrpcClientProtocolService (GrpcClientProtocolService.java:lambda$processClientRequest$0(278)) - Failed RaftClientRequest:client-E8AF2CDF2BB3->4e1c66a4-792a-4350-b244-4dedea3f57a8@group-488DD1D6D11B, cid=10, seq=0, Watch-ALL_COMMITTED(6), Message:<EMPTY>, reply=RaftClientReply:client-E8AF2CDF2BB3->4e1c66a4-792a-4350-b244-4dedea3f57a8@group-488DD1D6D11B, cid=10, FAILED org.apache.ratis.protocol.NotLeaderException: Server 4e1c66a4-792a-4350-b244-4dedea3f57a8@group-488DD1D6D11B is not the leader, logIndex=0, commits[4e1c66a4-792a-4350-b244-4dedea3f57a8:c3]
2019-10-15 14:16:28,781 [Thread-615] INFO  impl.FollowerState (FollowerState.java:run(108)) - 4e1c66a4-792a-4350-b244-4dedea3f57a8@group-488DD1D6D11B-FollowerState: change to CANDIDATE, lastRpcTime:128ms, electionTimeout:128ms
2019-10-15 14:16:28,781 [Thread-615] INFO  impl.RoleInfo (RoleInfo.java:shutdownFollowerState(121)) - 4e1c66a4-792a-4350-b244-4dedea3f57a8: shutdown FollowerState
2019-10-15 14:16:28,781 [Thread-615] INFO  impl.RaftServerImpl (RaftServerImpl.java:setRole(184)) - 4e1c66a4-792a-4350-b244-4dedea3f57a8@group-488DD1D6D11B: changes role from  FOLLOWER to CANDIDATE at term 11 for changeToCandidate
2019-10-15 14:16:28,781 [Thread-615] INFO  impl.RoleInfo (RoleInfo.java:updateAndGet(143)) - 4e1c66a4-792a-4350-b244-4dedea3f57a8: start LeaderElection
2019-10-15 14:16:28,814 [4e1c66a4-792a-4350-b244-4dedea3f57a8@group-488DD1D6D11B-LeaderElection14] INFO  impl.LeaderElection (LeaderElection.java:askForVotes(178)) - 4e1c66a4-792a-4350-b244-4dedea3f57a8@group-488DD1D6D11B-LeaderElection14: begin an election at term 12 for 0: [2ac0d02e-9e70-4102-8ecc-87abf8a9c7ab:192.168.164.232:40013, 4e1c66a4-792a-4350-b244-4dedea3f57a8:192.168.164.232:41177, 350dd957-6baf-44a5-98e5-a3496d7a986b:192.168.164.232:34256], old=null
2019-10-15 14:16:28,819 [grpc-default-executor-4] INFO  impl.RaftServerImpl (RaftServerImpl.java:setRole(184)) - 350dd957-6baf-44a5-98e5-a3496d7a986b@group-488DD1D6D11B: changes role from  FOLLOWER to FOLLOWER at term 12 for recognizeCandidate:4e1c66a4-792a-4350-b244-4dedea3f57a8
2019-10-15 14:16:28,819 [grpc-default-executor-6] INFO  impl.RaftServerImpl (RaftServerImpl.java:setRole(184)) - 2ac0d02e-9e70-4102-8ecc-87abf8a9c7ab@group-488DD1D6D11B: changes role from  FOLLOWER to FOLLOWER at term 12 for recognizeCandidate:4e1c66a4-792a-4350-b244-4dedea3f57a8
2019-10-15 14:16:28,819 [grpc-default-executor-4] INFO  impl.RoleInfo (RoleInfo.java:shutdownFollowerState(121)) - 350dd957-6baf-44a5-98e5-a3496d7a986b: shutdown FollowerState
2019-10-15 14:16:28,819 [grpc-default-executor-6] INFO  impl.RoleInfo (RoleInfo.java:shutdownFollowerState(121)) - 2ac0d02e-9e70-4102-8ecc-87abf8a9c7ab: shutdown FollowerState
2019-10-15 14:16:28,820 [grpc-default-executor-4] INFO  impl.RoleInfo (RoleInfo.java:updateAndGet(143)) - 350dd957-6baf-44a5-98e5-a3496d7a986b: start FollowerState
2019-10-15 14:16:28,820 [Thread-614] INFO  impl.FollowerState (FollowerState.java:run(117)) - 350dd957-6baf-44a5-98e5-a3496d7a986b@group-488DD1D6D11B-FollowerState was interrupted: java.lang.InterruptedException: sleep interrupted
2019-10-15 14:16:28,820 [grpc-default-executor-6] INFO  impl.RoleInfo (RoleInfo.java:updateAndGet(143)) - 2ac0d02e-9e70-4102-8ecc-87abf8a9c7ab: start FollowerState
2019-10-15 14:16:28,820 [Thread-613] INFO  impl.FollowerState (FollowerState.java:run(117)) - 2ac0d02e-9e70-4102-8ecc-87abf8a9c7ab@group-488DD1D6D11B-FollowerState was interrupted: java.lang.InterruptedException: sleep interrupted
2019-10-15 14:16:28,849 [4e1c66a4-792a-4350-b244-4dedea3f57a8@group-488DD1D6D11B-LeaderElection14] INFO  impl.LeaderElection (LeaderElection.java:logAndReturn(56)) - 4e1c66a4-792a-4350-b244-4dedea3f57a8@group-488DD1D6D11B-LeaderElection14: Election REJECTED; received 2 response(s) [4e1c66a4-792a-4350-b244-4dedea3f57a8<-2ac0d02e-9e70-4102-8ecc-87abf8a9c7ab#0:FAIL-t12, 4e1c66a4-792a-4350-b244-4dedea3f57a8<-350dd957-6baf-44a5-98e5-a3496d7a986b#0:FAIL-t12] and 0 exception(s); 4e1c66a4-792a-4350-b244-4dedea3f57a8@group-488DD1D6D11B:t12, leader=null, voted=4e1c66a4-792a-4350-b244-4dedea3f57a8, raftlog=4e1c66a4-792a-4350-b244-4dedea3f57a8@group-488DD1D6D11B-SegmentedRaftLog:OPENED:c3,f4,i4, conf=0: [2ac0d02e-9e70-4102-8ecc-87abf8a9c7ab:192.168.164.232:40013, 4e1c66a4-792a-4350-b244-4dedea3f57a8:192.168.164.232:41177, 350dd957-6baf-44a5-98e5-a3496d7a986b:192.168.164.232:34256], old=null
2019-10-15 14:16:28,849 [4e1c66a4-792a-4350-b244-4dedea3f57a8@group-488DD1D6D11B-LeaderElection14] INFO  impl.RaftServerImpl (RaftServerImpl.java:setRole(184)) - 4e1c66a4-792a-4350-b244-4dedea3f57a8@group-488DD1D6D11B: changes role from CANDIDATE to FOLLOWER at term 12 for DISCOVERED_A_NEW_TERM
2019-10-15 14:16:28,849 [4e1c66a4-792a-4350-b244-4dedea3f57a8@group-488DD1D6D11B-LeaderElection14] INFO  impl.RoleInfo (RoleInfo.java:shutdownLeaderElection(134)) - 4e1c66a4-792a-4350-b244-4dedea3f57a8: shutdown LeaderElection
2019-10-15 14:16:28,849 [4e1c66a4-792a-4350-b244-4dedea3f57a8@group-488DD1D6D11B-LeaderElection14] INFO  impl.RoleInfo (RoleInfo.java:updateAndGet(143)) - 4e1c66a4-792a-4350-b244-4dedea3f57a8: start FollowerState
2019-10-15 14:16:29,018 [Thread-624] INFO  impl.FollowerState (FollowerState.java:run(108)) - 4e1c66a4-792a-4350-b244-4dedea3f57a8@group-488DD1D6D11B-FollowerState: change to CANDIDATE, lastRpcTime:168ms, electionTimeout:168ms
2019-10-15 14:16:29,023 [Thread-624] INFO  impl.RoleInfo (RoleInfo.java:shutdownFollowerState(121)) - 4e1c66a4-792a-4350-b244-4dedea3f57a8: shutdown FollowerState
2019-10-15 14:16:29,023 [Thread-624] INFO  impl.RaftServerImpl (RaftServerImpl.java:setRole(184)) - 4e1c66a4-792a-4350-b244-4dedea3f57a8@group-488DD1D6D11B: changes role from  FOLLOWER to CANDIDATE at term 12 for changeToCandidate
2019-10-15 14:16:29,023 [Thread-624] INFO  impl.RoleInfo (RoleInfo.java:updateAndGet(143)) - 4e1c66a4-792a-4350-b244-4dedea3f57a8: start LeaderElection
2019-10-15 14:16:29,048 [4e1c66a4-792a-4350-b244-4dedea3f57a8@group-488DD1D6D11B-LeaderElection15] INFO  impl.LeaderElection (LeaderElection.java:askForVotes(178)) - 4e1c66a4-792a-4350-b244-4dedea3f57a8@group-488DD1D6D11B-LeaderElection15: begin an election at term 13 for 0: [2ac0d02e-9e70-4102-8ecc-87abf8a9c7ab:192.168.164.232:40013, 4e1c66a4-792a-4350-b244-4dedea3f57a8:192.168.164.232:41177, 350dd957-6baf-44a5-98e5-a3496d7a986b:192.168.164.232:34256], old=null
2019-10-15 14:16:29,053 [grpc-default-executor-6] INFO  impl.RaftServerImpl (RaftServerImpl.java:setRole(184)) - 2ac0d02e-9e70-4102-8ecc-87abf8a9c7ab@group-488DD1D6D11B: changes role from  FOLLOWER to FOLLOWER at term 13 for recognizeCandidate:4e1c66a4-792a-4350-b244-4dedea3f57a8
2019-10-15 14:16:29,053 [grpc-default-executor-1] INFO  impl.RaftServerImpl (RaftServerImpl.java:setRole(184)) - 350dd957-6baf-44a5-98e5-a3496d7a986b@group-488DD1D6D11B: changes role from  FOLLOWER to FOLLOWER at term 13 for recognizeCandidate:4e1c66a4-792a-4350-b244-4dedea3f57a8
2019-10-15 14:16:29,053 [grpc-default-executor-6] INFO  impl.RoleInfo (RoleInfo.java:shutdownFollowerState(121)) - 2ac0d02e-9e70-4102-8ecc-87abf8a9c7ab: shutdown FollowerState
2019-10-15 14:16:29,054 [grpc-default-executor-1] INFO  impl.RoleInfo (RoleInfo.java:shutdownFollowerState(121)) - 350dd957-6baf-44a5-98e5-a3496d7a986b: shutdown FollowerState
2019-10-15 14:16:29,054 [Thread-623] INFO  impl.FollowerState (FollowerState.java:run(117)) - 2ac0d02e-9e70-4102-8ecc-87abf8a9c7ab@group-488DD1D6D11B-FollowerState was interrupted: java.lang.InterruptedException: sleep interrupted
2019-10-15 14:16:29,055 [grpc-default-executor-1] INFO  impl.RoleInfo (RoleInfo.java:updateAndGet(143)) - 350dd957-6baf-44a5-98e5-a3496d7a986b: start FollowerState
2019-10-15 14:16:29,055 [Thread-622] INFO  impl.FollowerState (FollowerState.java:run(117)) - 350dd957-6baf-44a5-98e5-a3496d7a986b@group-488DD1D6D11B-FollowerState was interrupted: java.lang.InterruptedException: sleep interrupted
2019-10-15 14:16:29,055 [grpc-default-executor-6] INFO  impl.RoleInfo (RoleInfo.java:updateAndGet(143)) - 2ac0d02e-9e70-4102-8ecc-87abf8a9c7ab: start FollowerState
2019-10-15 14:16:29,066 [pool-7-thread-1] INFO  commands.RetriableDatanodeEventWatcher (RetriableDatanodeEventWatcher.java:onTimeout(47)) - RetriableDatanodeCommand type=deleteBlocksCommand with id=1571148984993 timed out. Retrying.
2019-10-15 14:16:29,066 [pool-7-thread-3] INFO  commands.RetriableDatanodeEventWatcher (RetriableDatanodeEventWatcher.java:onTimeout(47)) - RetriableDatanodeCommand type=deleteBlocksCommand with id=1571148984990 timed out. Retrying.
2019-10-15 14:16:29,066 [pool-7-thread-2] INFO  commands.RetriableDatanodeEventWatcher (RetriableDatanodeEventWatcher.java:onTimeout(47)) - RetriableDatanodeCommand type=deleteBlocksCommand with id=1571148984994 timed out. Retrying.
2019-10-15 14:16:29,073 [pool-7-thread-2] INFO  commands.RetriableDatanodeEventWatcher (RetriableDatanodeEventWatcher.java:onTimeout(47)) - RetriableDatanodeCommand type=deleteBlocksCommand with id=1571148984992 timed out. Retrying.
2019-10-15 14:16:29,075 [BlockDeletingService#2] WARN  background.BlockDeletingService (BlockDeletingService.java:isDeletionAllowed(187)) - Close Container log Index 6 is not replicated across allthe servers in the pipeline af09b2c2-cc5c-4d70-8ada-488dd1d6d11b as the min replicated index is 4. Deletion is not allowed in this container yet.
2019-10-15 14:16:29,075 [BlockDeletingService#2] WARN  background.BlockDeletingService (BlockDeletingService.java:isDeletionAllowed(187)) - Close Container log Index 6 is not replicated across allthe servers in the pipeline af09b2c2-cc5c-4d70-8ada-488dd1d6d11b as the min replicated index is 4. Deletion is not allowed in this container yet.
2019-10-15 14:16:29,076 [SCMBlockDeletingService#0] INFO  block.SCMBlockDeletingService (SCMBlockDeletingService.java:call(184)) - Totally added 1 delete blocks command for 1 datanodes, task elapsed time: 3ms
2019-10-15 14:16:29,092 [4e1c66a4-792a-4350-b244-4dedea3f57a8@group-488DD1D6D11B-LeaderElection15] INFO  impl.LeaderElection (LeaderElection.java:logAndReturn(56)) - 4e1c66a4-792a-4350-b244-4dedea3f57a8@group-488DD1D6D11B-LeaderElection15: Election REJECTED; received 2 response(s) [4e1c66a4-792a-4350-b244-4dedea3f57a8<-2ac0d02e-9e70-4102-8ecc-87abf8a9c7ab#0:FAIL-t13, 4e1c66a4-792a-4350-b244-4dedea3f57a8<-350dd957-6baf-44a5-98e5-a3496d7a986b#0:FAIL-t13] and 0 exception(s); 4e1c66a4-792a-4350-b244-4dedea3f57a8@group-488DD1D6D11B:t13, leader=null, voted=4e1c66a4-792a-4350-b244-4dedea3f57a8, raftlog=4e1c66a4-792a-4350-b244-4dedea3f57a8@group-488DD1D6D11B-SegmentedRaftLog:OPENED:c3,f4,i4, conf=0: [2ac0d02e-9e70-4102-8ecc-87abf8a9c7ab:192.168.164.232:40013, 4e1c66a4-792a-4350-b244-4dedea3f57a8:192.168.164.232:41177, 350dd957-6baf-44a5-98e5-a3496d7a986b:192.168.164.232:34256], old=null
2019-10-15 14:16:29,092 [4e1c66a4-792a-4350-b244-4dedea3f57a8@group-488DD1D6D11B-LeaderElection15] INFO  impl.RaftServerImpl (RaftServerImpl.java:setRole(184)) - 4e1c66a4-792a-4350-b244-4dedea3f57a8@group-488DD1D6D11B: changes role from CANDIDATE to FOLLOWER at term 13 for DISCOVERED_A_NEW_TERM
2019-10-15 14:16:29,092 [4e1c66a4-792a-4350-b244-4dedea3f57a8@group-488DD1D6D11B-LeaderElection15] INFO  impl.RoleInfo (RoleInfo.java:shutdownLeaderElection(134)) - 4e1c66a4-792a-4350-b244-4dedea3f57a8: shutdown LeaderElection
2019-10-15 14:16:29,092 [4e1c66a4-792a-4350-b244-4dedea3f57a8@group-488DD1D6D11B-LeaderElection15] INFO  impl.RoleInfo (RoleInfo.java:updateAndGet(143)) - 4e1c66a4-792a-4350-b244-4dedea3f57a8: start FollowerState
2019-10-15 14:16:29,132 [Thread-632] INFO  impl.FollowerState (FollowerState.java:run(108)) - 4e1c66a4-792a-4350-b244-4dedea3f57a8@group-488DD1D6D11B-FollowerState: change to CANDIDATE, lastRpcTime:39ms, electionTimeout:39ms
2019-10-15 14:16:29,133 [Thread-632] INFO  impl.RoleInfo (RoleInfo.java:shutdownFollowerState(121)) - 4e1c66a4-792a-4350-b244-4dedea3f57a8: shutdown FollowerState
2019-10-15 14:16:29,133 [Thread-632] INFO  impl.RaftServerImpl (RaftServerImpl.java:setRole(184)) - 4e1c66a4-792a-4350-b244-4dedea3f57a8@group-488DD1D6D11B: changes role from  FOLLOWER to CANDIDATE at term 13 for changeToCandidate
2019-10-15 14:16:29,133 [Thread-632] INFO  impl.RoleInfo (RoleInfo.java:updateAndGet(143)) - 4e1c66a4-792a-4350-b244-4dedea3f57a8: start LeaderElection
2019-10-15 14:16:29,157 [4e1c66a4-792a-4350-b244-4dedea3f57a8@group-488DD1D6D11B-LeaderElection16] INFO  impl.LeaderElection (LeaderElection.java:askForVotes(178)) - 4e1c66a4-792a-4350-b244-4dedea3f57a8@group-488DD1D6D11B-LeaderElection16: begin an election at term 14 for 0: [2ac0d02e-9e70-4102-8ecc-87abf8a9c7ab:192.168.164.232:40013, 4e1c66a4-792a-4350-b244-4dedea3f57a8:192.168.164.232:41177, 350dd957-6baf-44a5-98e5-a3496d7a986b:192.168.164.232:34256], old=null
2019-10-15 14:16:29,161 [grpc-default-executor-1] INFO  impl.RaftServerImpl (RaftServerImpl.java:setRole(184)) - 2ac0d02e-9e70-4102-8ecc-87abf8a9c7ab@group-488DD1D6D11B: changes role from  FOLLOWER to FOLLOWER at term 14 for recognizeCandidate:4e1c66a4-792a-4350-b244-4dedea3f57a8
2019-10-15 14:16:29,161 [grpc-default-executor-1] INFO  impl.RoleInfo (RoleInfo.java:shutdownFollowerState(121)) - 2ac0d02e-9e70-4102-8ecc-87abf8a9c7ab: shutdown FollowerState
2019-10-15 14:16:29,161 [grpc-default-executor-6] INFO  impl.RaftServerImpl (RaftServerImpl.java:setRole(184)) - 350dd957-6baf-44a5-98e5-a3496d7a986b@group-488DD1D6D11B: changes role from  FOLLOWER to FOLLOWER at term 14 for recognizeCandidate:4e1c66a4-792a-4350-b244-4dedea3f57a8
2019-10-15 14:16:29,161 [grpc-default-executor-1] INFO  impl.RoleInfo (RoleInfo.java:updateAndGet(143)) - 2ac0d02e-9e70-4102-8ecc-87abf8a9c7ab: start FollowerState
2019-10-15 14:16:29,161 [Thread-628] INFO  impl.FollowerState (FollowerState.java:run(117)) - 2ac0d02e-9e70-4102-8ecc-87abf8a9c7ab@group-488DD1D6D11B-FollowerState was interrupted: java.lang.InterruptedException: sleep interrupted
2019-10-15 14:16:29,161 [grpc-default-executor-6] INFO  impl.RoleInfo (RoleInfo.java:shutdownFollowerState(121)) - 350dd957-6baf-44a5-98e5-a3496d7a986b: shutdown FollowerState
2019-10-15 14:16:29,165 [Thread-629] INFO  impl.FollowerState (FollowerState.java:run(117)) - 350dd957-6baf-44a5-98e5-a3496d7a986b@group-488DD1D6D11B-FollowerState was interrupted: java.lang.InterruptedException: sleep interrupted
2019-10-15 14:16:29,165 [grpc-default-executor-6] INFO  impl.RoleInfo (RoleInfo.java:updateAndGet(143)) - 350dd957-6baf-44a5-98e5-a3496d7a986b: start FollowerState
2019-10-15 14:16:29,192 [4e1c66a4-792a-4350-b244-4dedea3f57a8@group-488DD1D6D11B-LeaderElection16] INFO  impl.LeaderElection (LeaderElection.java:logAndReturn(56)) - 4e1c66a4-792a-4350-b244-4dedea3f57a8@group-488DD1D6D11B-LeaderElection16: Election REJECTED; received 2 response(s) [4e1c66a4-792a-4350-b244-4dedea3f57a8<-2ac0d02e-9e70-4102-8ecc-87abf8a9c7ab#0:FAIL-t14, 4e1c66a4-792a-4350-b244-4dedea3f57a8<-350dd957-6baf-44a5-98e5-a3496d7a986b#0:FAIL-t14] and 0 exception(s); 4e1c66a4-792a-4350-b244-4dedea3f57a8@group-488DD1D6D11B:t14, leader=null, voted=4e1c66a4-792a-4350-b244-4dedea3f57a8, raftlog=4e1c66a4-792a-4350-b244-4dedea3f57a8@group-488DD1D6D11B-SegmentedRaftLog:OPENED:c3,f4,i4, conf=0: [2ac0d02e-9e70-4102-8ecc-87abf8a9c7ab:192.168.164.232:40013, 4e1c66a4-792a-4350-b244-4dedea3f57a8:192.168.164.232:41177, 350dd957-6baf-44a5-98e5-a3496d7a986b:192.168.164.232:34256], old=null
2019-10-15 14:16:29,192 [4e1c66a4-792a-4350-b244-4dedea3f57a8@group-488DD1D6D11B-LeaderElection16] INFO  impl.RaftServerImpl (RaftServerImpl.java:setRole(184)) - 4e1c66a4-792a-4350-b244-4dedea3f57a8@group-488DD1D6D11B: changes role from CANDIDATE to FOLLOWER at term 14 for DISCOVERED_A_NEW_TERM
2019-10-15 14:16:29,192 [4e1c66a4-792a-4350-b244-4dedea3f57a8@group-488DD1D6D11B-LeaderElection16] INFO  impl.RoleInfo (RoleInfo.java:shutdownLeaderElection(134)) - 4e1c66a4-792a-4350-b244-4dedea3f57a8: shutdown LeaderElection
2019-10-15 14:16:29,193 [4e1c66a4-792a-4350-b244-4dedea3f57a8@group-488DD1D6D11B-LeaderElection16] INFO  impl.RoleInfo (RoleInfo.java:updateAndGet(143)) - 4e1c66a4-792a-4350-b244-4dedea3f57a8: start FollowerState
2019-10-15 14:16:29,380 [Thread-638] INFO  impl.FollowerState (FollowerState.java:run(108)) - 4e1c66a4-792a-4350-b244-4dedea3f57a8@group-488DD1D6D11B-FollowerState: change to CANDIDATE, lastRpcTime:187ms, electionTimeout:187ms
2019-10-15 14:16:29,382 [Thread-638] INFO  impl.RoleInfo (RoleInfo.java:shutdownFollowerState(121)) - 4e1c66a4-792a-4350-b244-4dedea3f57a8: shutdown FollowerState
2019-10-15 14:16:29,382 [Thread-638] INFO  impl.RaftServerImpl (RaftServerImpl.java:setRole(184)) - 4e1c66a4-792a-4350-b244-4dedea3f57a8@group-488DD1D6D11B: changes role from  FOLLOWER to CANDIDATE at term 14 for changeToCandidate
2019-10-15 14:16:29,382 [Thread-638] INFO  impl.RoleInfo (RoleInfo.java:updateAndGet(143)) - 4e1c66a4-792a-4350-b244-4dedea3f57a8: start LeaderElection
2019-10-15 14:16:29,408 [4e1c66a4-792a-4350-b244-4dedea3f57a8@group-488DD1D6D11B-LeaderElection17] INFO  impl.LeaderElection (LeaderElection.java:askForVotes(178)) - 4e1c66a4-792a-4350-b244-4dedea3f57a8@group-488DD1D6D11B-LeaderElection17: begin an election at term 15 for 0: [2ac0d02e-9e70-4102-8ecc-87abf8a9c7ab:192.168.164.232:40013, 4e1c66a4-792a-4350-b244-4dedea3f57a8:192.168.164.232:41177, 350dd957-6baf-44a5-98e5-a3496d7a986b:192.168.164.232:34256], old=null
2019-10-15 14:16:29,413 [grpc-default-executor-6] INFO  impl.RaftServerImpl (RaftServerImpl.java:setRole(184)) - 2ac0d02e-9e70-4102-8ecc-87abf8a9c7ab@group-488DD1D6D11B: changes role from  FOLLOWER to FOLLOWER at term 15 for recognizeCandidate:4e1c66a4-792a-4350-b244-4dedea3f57a8
2019-10-15 14:16:29,413 [grpc-default-executor-1] INFO  impl.RaftServerImpl (RaftServerImpl.java:setRole(184)) - 350dd957-6baf-44a5-98e5-a3496d7a986b@group-488DD1D6D11B: changes role from  FOLLOWER to FOLLOWER at term 15 for recognizeCandidate:4e1c66a4-792a-4350-b244-4dedea3f57a8
2019-10-15 14:16:29,413 [grpc-default-executor-6] INFO  impl.RoleInfo (RoleInfo.java:shutdownFollowerState(121)) - 2ac0d02e-9e70-4102-8ecc-87abf8a9c7ab: shutdown FollowerState
2019-10-15 14:16:29,414 [grpc-default-executor-1] INFO  impl.RoleInfo (RoleInfo.java:shutdownFollowerState(121)) - 350dd957-6baf-44a5-98e5-a3496d7a986b: shutdown FollowerState
2019-10-15 14:16:29,414 [grpc-default-executor-6] INFO  impl.RoleInfo (RoleInfo.java:updateAndGet(143)) - 2ac0d02e-9e70-4102-8ecc-87abf8a9c7ab: start FollowerState
2019-10-15 14:16:29,414 [Thread-636] INFO  impl.FollowerState (FollowerState.java:run(117)) - 2ac0d02e-9e70-4102-8ecc-87abf8a9c7ab@group-488DD1D6D11B-FollowerState was interrupted: java.lang.InterruptedException: sleep interrupted
2019-10-15 14:16:29,414 [grpc-default-executor-1] INFO  impl.RoleInfo (RoleInfo.java:updateAndGet(143)) - 350dd957-6baf-44a5-98e5-a3496d7a986b: start FollowerState
2019-10-15 14:16:29,414 [Thread-637] INFO  impl.FollowerState (FollowerState.java:run(117)) - 350dd957-6baf-44a5-98e5-a3496d7a986b@group-488DD1D6D11B-FollowerState was interrupted: java.lang.InterruptedException: sleep interrupted
2019-10-15 14:16:29,419 [4e1c66a4-792a-4350-b244-4dedea3f57a8@group-488DD1D6D11B-LeaderElection17] INFO  impl.LeaderElection (LeaderElection.java:logAndReturn(56)) - 4e1c66a4-792a-4350-b244-4dedea3f57a8@group-488DD1D6D11B-LeaderElection17: Election TIMEOUT; received 0 response(s) [] and 0 exception(s); 4e1c66a4-792a-4350-b244-4dedea3f57a8@group-488DD1D6D11B:t15, leader=null, voted=4e1c66a4-792a-4350-b244-4dedea3f57a8, raftlog=4e1c66a4-792a-4350-b244-4dedea3f57a8@group-488DD1D6D11B-SegmentedRaftLog:OPENED:c3,f4,i4, conf=0: [2ac0d02e-9e70-4102-8ecc-87abf8a9c7ab:192.168.164.232:40013, 4e1c66a4-792a-4350-b244-4dedea3f57a8:192.168.164.232:41177, 350dd957-6baf-44a5-98e5-a3496d7a986b:192.168.164.232:34256], old=null
2019-10-15 14:16:29,442 [4e1c66a4-792a-4350-b244-4dedea3f57a8@group-488DD1D6D11B-LeaderElection17] INFO  impl.LeaderElection (LeaderElection.java:askForVotes(178)) - 4e1c66a4-792a-4350-b244-4dedea3f57a8@group-488DD1D6D11B-LeaderElection17: begin an election at term 16 for 0: [2ac0d02e-9e70-4102-8ecc-87abf8a9c7ab:192.168.164.232:40013, 4e1c66a4-792a-4350-b244-4dedea3f57a8:192.168.164.232:41177, 350dd957-6baf-44a5-98e5-a3496d7a986b:192.168.164.232:34256], old=null
2019-10-15 14:16:29,446 [grpc-default-executor-6] INFO  impl.RaftServerImpl (RaftServerImpl.java:setRole(184)) - 2ac0d02e-9e70-4102-8ecc-87abf8a9c7ab@group-488DD1D6D11B: changes role from  FOLLOWER to FOLLOWER at term 16 for recognizeCandidate:4e1c66a4-792a-4350-b244-4dedea3f57a8
2019-10-15 14:16:29,447 [grpc-default-executor-1] INFO  impl.RaftServerImpl (RaftServerImpl.java:setRole(184)) - 350dd957-6baf-44a5-98e5-a3496d7a986b@group-488DD1D6D11B: changes role from  FOLLOWER to FOLLOWER at term 16 for recognizeCandidate:4e1c66a4-792a-4350-b244-4dedea3f57a8
2019-10-15 14:16:29,447 [grpc-default-executor-6] INFO  impl.RoleInfo (RoleInfo.java:shutdownFollowerState(121)) - 2ac0d02e-9e70-4102-8ecc-87abf8a9c7ab: shutdown FollowerState
2019-10-15 14:16:29,447 [grpc-default-executor-1] INFO  impl.RoleInfo (RoleInfo.java:shutdownFollowerState(121)) - 350dd957-6baf-44a5-98e5-a3496d7a986b: shutdown FollowerState
2019-10-15 14:16:29,447 [grpc-default-executor-6] INFO  impl.RoleInfo (RoleInfo.java:updateAndGet(143)) - 2ac0d02e-9e70-4102-8ecc-87abf8a9c7ab: start FollowerState
2019-10-15 14:16:29,447 [Thread-642] INFO  impl.FollowerState (FollowerState.java:run(117)) - 2ac0d02e-9e70-4102-8ecc-87abf8a9c7ab@group-488DD1D6D11B-FollowerState was interrupted: java.lang.InterruptedException: sleep interrupted
2019-10-15 14:16:29,447 [Thread-643] INFO  impl.FollowerState (FollowerState.java:run(117)) - 350dd957-6baf-44a5-98e5-a3496d7a986b@group-488DD1D6D11B-FollowerState was interrupted: java.lang.InterruptedException: sleep interrupted
2019-10-15 14:16:29,447 [grpc-default-executor-1] INFO  impl.RoleInfo (RoleInfo.java:updateAndGet(143)) - 350dd957-6baf-44a5-98e5-a3496d7a986b: start FollowerState
2019-10-15 14:16:29,450 [EventQueue-PendingDeleteStatusForPendingDeleteHandler] INFO  block.SCMBlockDeletingService (SCMBlockDeletingService.java:handlePendingDeletes(115)) - Block deletion txnID mismatch in datanode 4e1c66a4-792a-4350-b244-4dedea3f57a8 for containerID 1. Datanode delete txnID: 0, SCM txnID: 1
2019-10-15 14:16:29,476 [4e1c66a4-792a-4350-b244-4dedea3f57a8@group-488DD1D6D11B-LeaderElection17] INFO  impl.LeaderElection (LeaderElection.java:logAndReturn(56)) - 4e1c66a4-792a-4350-b244-4dedea3f57a8@group-488DD1D6D11B-LeaderElection17: Election REJECTED; received 2 response(s) [4e1c66a4-792a-4350-b244-4dedea3f57a8<-2ac0d02e-9e70-4102-8ecc-87abf8a9c7ab#0:FAIL-t16, 4e1c66a4-792a-4350-b244-4dedea3f57a8<-350dd957-6baf-44a5-98e5-a3496d7a986b#0:FAIL-t16] and 0 exception(s); 4e1c66a4-792a-4350-b244-4dedea3f57a8@group-488DD1D6D11B:t16, leader=null, voted=4e1c66a4-792a-4350-b244-4dedea3f57a8, raftlog=4e1c66a4-792a-4350-b244-4dedea3f57a8@group-488DD1D6D11B-SegmentedRaftLog:OPENED:c3,f4,i4, conf=0: [2ac0d02e-9e70-4102-8ecc-87abf8a9c7ab:192.168.164.232:40013, 4e1c66a4-792a-4350-b244-4dedea3f57a8:192.168.164.232:41177, 350dd957-6baf-44a5-98e5-a3496d7a986b:192.168.164.232:34256], old=null
2019-10-15 14:16:29,477 [4e1c66a4-792a-4350-b244-4dedea3f57a8@group-488DD1D6D11B-LeaderElection17] INFO  impl.RaftServerImpl (RaftServerImpl.java:setRole(184)) - 4e1c66a4-792a-4350-b244-4dedea3f57a8@group-488DD1D6D11B: changes role from CANDIDATE to FOLLOWER at term 16 for DISCOVERED_A_NEW_TERM
2019-10-15 14:16:29,477 [4e1c66a4-792a-4350-b244-4dedea3f57a8@group-488DD1D6D11B-LeaderElection17] INFO  impl.RoleInfo (RoleInfo.java:shutdownLeaderElection(134)) - 4e1c66a4-792a-4350-b244-4dedea3f57a8: shutdown LeaderElection
2019-10-15 14:16:29,477 [4e1c66a4-792a-4350-b244-4dedea3f57a8@group-488DD1D6D11B-LeaderElection17] INFO  impl.RoleInfo (RoleInfo.java:updateAndGet(143)) - 4e1c66a4-792a-4350-b244-4dedea3f57a8: start FollowerState
2019-10-15 14:16:29,644 [Thread-649] INFO  impl.FollowerState (FollowerState.java:run(108)) - 4e1c66a4-792a-4350-b244-4dedea3f57a8@group-488DD1D6D11B-FollowerState: change to CANDIDATE, lastRpcTime:167ms, electionTimeout:167ms
2019-10-15 14:16:29,646 [Thread-649] INFO  impl.RoleInfo (RoleInfo.java:shutdownFollowerState(121)) - 4e1c66a4-792a-4350-b244-4dedea3f57a8: shutdown FollowerState
2019-10-15 14:16:29,646 [Thread-649] INFO  impl.RaftServerImpl (RaftServerImpl.java:setRole(184)) - 4e1c66a4-792a-4350-b244-4dedea3f57a8@group-488DD1D6D11B: changes role from  FOLLOWER to CANDIDATE at term 16 for changeToCandidate
2019-10-15 14:16:29,646 [Thread-649] INFO  impl.RoleInfo (RoleInfo.java:updateAndGet(143)) - 4e1c66a4-792a-4350-b244-4dedea3f57a8: start LeaderElection
2019-10-15 14:16:29,676 [4e1c66a4-792a-4350-b244-4dedea3f57a8@group-488DD1D6D11B-LeaderElection18] INFO  impl.LeaderElection (LeaderElection.java:askForVotes(178)) - 4e1c66a4-792a-4350-b244-4dedea3f57a8@group-488DD1D6D11B-LeaderElection18: begin an election at term 17 for 0: [2ac0d02e-9e70-4102-8ecc-87abf8a9c7ab:192.168.164.232:40013, 4e1c66a4-792a-4350-b244-4dedea3f57a8:192.168.164.232:41177, 350dd957-6baf-44a5-98e5-a3496d7a986b:192.168.164.232:34256], old=null
2019-10-15 14:16:29,680 [grpc-default-executor-1] INFO  impl.RaftServerImpl (RaftServerImpl.java:setRole(184)) - 2ac0d02e-9e70-4102-8ecc-87abf8a9c7ab@group-488DD1D6D11B: changes role from  FOLLOWER to FOLLOWER at term 17 for recognizeCandidate:4e1c66a4-792a-4350-b244-4dedea3f57a8
2019-10-15 14:16:29,681 [grpc-default-executor-1] INFO  impl.RoleInfo (RoleInfo.java:shutdownFollowerState(121)) - 2ac0d02e-9e70-4102-8ecc-87abf8a9c7ab: shutdown FollowerState
2019-10-15 14:16:29,681 [grpc-default-executor-6] INFO  impl.RaftServerImpl (RaftServerImpl.java:setRole(184)) - 350dd957-6baf-44a5-98e5-a3496d7a986b@group-488DD1D6D11B: changes role from  FOLLOWER to FOLLOWER at term 17 for recognizeCandidate:4e1c66a4-792a-4350-b244-4dedea3f57a8
2019-10-15 14:16:29,681 [grpc-default-executor-1] INFO  impl.RoleInfo (RoleInfo.java:updateAndGet(143)) - 2ac0d02e-9e70-4102-8ecc-87abf8a9c7ab: start FollowerState
2019-10-15 14:16:29,682 [grpc-default-executor-6] INFO  impl.RoleInfo (RoleInfo.java:shutdownFollowerState(121)) - 350dd957-6baf-44a5-98e5-a3496d7a986b: shutdown FollowerState
2019-10-15 14:16:29,681 [Thread-646] INFO  impl.FollowerState (FollowerState.java:run(117)) - 2ac0d02e-9e70-4102-8ecc-87abf8a9c7ab@group-488DD1D6D11B-FollowerState was interrupted: java.lang.InterruptedException: sleep interrupted
2019-10-15 14:16:29,682 [Thread-647] INFO  impl.FollowerState (FollowerState.java:run(117)) - 350dd957-6baf-44a5-98e5-a3496d7a986b@group-488DD1D6D11B-FollowerState was interrupted: java.lang.InterruptedException: sleep interrupted
2019-10-15 14:16:29,682 [grpc-default-executor-6] INFO  impl.RoleInfo (RoleInfo.java:updateAndGet(143)) - 350dd957-6baf-44a5-98e5-a3496d7a986b: start FollowerState
2019-10-15 14:16:29,716 [4e1c66a4-792a-4350-b244-4dedea3f57a8@group-488DD1D6D11B-LeaderElection18] INFO  impl.LeaderElection (LeaderElection.java:logAndReturn(56)) - 4e1c66a4-792a-4350-b244-4dedea3f57a8@group-488DD1D6D11B-LeaderElection18: Election REJECTED; received 2 response(s) [4e1c66a4-792a-4350-b244-4dedea3f57a8<-2ac0d02e-9e70-4102-8ecc-87abf8a9c7ab#0:FAIL-t17, 4e1c66a4-792a-4350-b244-4dedea3f57a8<-350dd957-6baf-44a5-98e5-a3496d7a986b#0:FAIL-t17] and 0 exception(s); 4e1c66a4-792a-4350-b244-4dedea3f57a8@group-488DD1D6D11B:t17, leader=null, voted=4e1c66a4-792a-4350-b244-4dedea3f57a8, raftlog=4e1c66a4-792a-4350-b244-4dedea3f57a8@group-488DD1D6D11B-SegmentedRaftLog:OPENED:c3,f4,i4, conf=0: [2ac0d02e-9e70-4102-8ecc-87abf8a9c7ab:192.168.164.232:40013, 4e1c66a4-792a-4350-b244-4dedea3f57a8:192.168.164.232:41177, 350dd957-6baf-44a5-98e5-a3496d7a986b:192.168.164.232:34256], old=null
2019-10-15 14:16:29,716 [4e1c66a4-792a-4350-b244-4dedea3f57a8@group-488DD1D6D11B-LeaderElection18] INFO  impl.RaftServerImpl (RaftServerImpl.java:setRole(184)) - 4e1c66a4-792a-4350-b244-4dedea3f57a8@group-488DD1D6D11B: changes role from CANDIDATE to FOLLOWER at term 17 for DISCOVERED_A_NEW_TERM
2019-10-15 14:16:29,717 [4e1c66a4-792a-4350-b244-4dedea3f57a8@group-488DD1D6D11B-LeaderElection18] INFO  impl.RoleInfo (RoleInfo.java:shutdownLeaderElection(134)) - 4e1c66a4-792a-4350-b244-4dedea3f57a8: shutdown LeaderElection
2019-10-15 14:16:29,717 [4e1c66a4-792a-4350-b244-4dedea3f57a8@group-488DD1D6D11B-LeaderElection18] INFO  impl.RoleInfo (RoleInfo.java:updateAndGet(143)) - 4e1c66a4-792a-4350-b244-4dedea3f57a8: start FollowerState
2019-10-15 14:16:29,718 [Thread-657] INFO  client.GrpcClientProtocolService (GrpcClientProtocolService.java:lambda$processClientRequest$0(278)) - Failed RaftClientRequest:client-E8AF2CDF2BB3->350dd957-6baf-44a5-98e5-a3496d7a986b@group-488DD1D6D11B, cid=10, seq=0, Watch-ALL_COMMITTED(6), Message:<EMPTY>, reply=RaftClientReply:client-E8AF2CDF2BB3->350dd957-6baf-44a5-98e5-a3496d7a986b@group-488DD1D6D11B, cid=10, FAILED org.apache.ratis.protocol.NotLeaderException: Server 350dd957-6baf-44a5-98e5-a3496d7a986b@group-488DD1D6D11B is not the leader, logIndex=0, commits[350dd957-6baf-44a5-98e5-a3496d7a986b:c10, 2ac0d02e-9e70-4102-8ecc-87abf8a9c7ab:c10, 4e1c66a4-792a-4350-b244-4dedea3f57a8:c4]
2019-10-15 14:16:29,851 [Thread-656] INFO  impl.FollowerState (FollowerState.java:run(108)) - 4e1c66a4-792a-4350-b244-4dedea3f57a8@group-488DD1D6D11B-FollowerState: change to CANDIDATE, lastRpcTime:134ms, electionTimeout:134ms
2019-10-15 14:16:29,853 [Thread-656] INFO  impl.RoleInfo (RoleInfo.java:shutdownFollowerState(121)) - 4e1c66a4-792a-4350-b244-4dedea3f57a8: shutdown FollowerState
2019-10-15 14:16:29,853 [Thread-656] INFO  impl.RaftServerImpl (RaftServerImpl.java:setRole(184)) - 4e1c66a4-792a-4350-b244-4dedea3f57a8@group-488DD1D6D11B: changes role from  FOLLOWER to CANDIDATE at term 17 for changeToCandidate
2019-10-15 14:16:29,853 [Thread-656] INFO  impl.RoleInfo (RoleInfo.java:updateAndGet(143)) - 4e1c66a4-792a-4350-b244-4dedea3f57a8: start LeaderElection
2019-10-15 14:16:29,890 [4e1c66a4-792a-4350-b244-4dedea3f57a8@group-488DD1D6D11B-LeaderElection19] INFO  impl.LeaderElection (LeaderElection.java:askForVotes(178)) - 4e1c66a4-792a-4350-b244-4dedea3f57a8@group-488DD1D6D11B-LeaderElection19: begin an election at term 18 for 0: [2ac0d02e-9e70-4102-8ecc-87abf8a9c7ab:192.168.164.232:40013, 4e1c66a4-792a-4350-b244-4dedea3f57a8:192.168.164.232:41177, 350dd957-6baf-44a5-98e5-a3496d7a986b:192.168.164.232:34256], old=null
2019-10-15 14:16:29,896 [grpc-default-executor-6] INFO  impl.RaftServerImpl (RaftServerImpl.java:setRole(184)) - 2ac0d02e-9e70-4102-8ecc-87abf8a9c7ab@group-488DD1D6D11B: changes role from  FOLLOWER to FOLLOWER at term 18 for recognizeCandidate:4e1c66a4-792a-4350-b244-4dedea3f57a8
2019-10-15 14:16:29,896 [grpc-default-executor-1] INFO  impl.RaftServerImpl (RaftServerImpl.java:setRole(184)) - 350dd957-6baf-44a5-98e5-a3496d7a986b@group-488DD1D6D11B: changes role from  FOLLOWER to FOLLOWER at term 18 for recognizeCandidate:4e1c66a4-792a-4350-b244-4dedea3f57a8
2019-10-15 14:16:29,896 [grpc-default-executor-6] INFO  impl.RoleInfo (RoleInfo.java:shutdownFollowerState(121)) - 2ac0d02e-9e70-4102-8ecc-87abf8a9c7ab: shutdown FollowerState
2019-10-15 14:16:29,896 [grpc-default-executor-1] INFO  impl.RoleInfo (RoleInfo.java:shutdownFollowerState(121)) - 350dd957-6baf-44a5-98e5-a3496d7a986b: shutdown FollowerState
2019-10-15 14:16:29,897 [grpc-default-executor-6] INFO  impl.RoleInfo (RoleInfo.java:updateAndGet(143)) - 2ac0d02e-9e70-4102-8ecc-87abf8a9c7ab: start FollowerState
2019-10-15 14:16:29,897 [Thread-653] INFO  impl.FollowerState (FollowerState.java:run(117)) - 2ac0d02e-9e70-4102-8ecc-87abf8a9c7ab@group-488DD1D6D11B-FollowerState was interrupted: java.lang.InterruptedException: sleep interrupted
2019-10-15 14:16:29,897 [Thread-654] INFO  impl.FollowerState (FollowerState.java:run(117)) - 350dd957-6baf-44a5-98e5-a3496d7a986b@group-488DD1D6D11B-FollowerState was interrupted: java.lang.InterruptedException: sleep interrupted
2019-10-15 14:16:29,897 [grpc-default-executor-1] INFO  impl.RoleInfo (RoleInfo.java:updateAndGet(143)) - 350dd957-6baf-44a5-98e5-a3496d7a986b: start FollowerState
2019-10-15 14:16:29,916 [4e1c66a4-792a-4350-b244-4dedea3f57a8@group-488DD1D6D11B-LeaderElection19] INFO  impl.LeaderElection (LeaderElection.java:logAndReturn(56)) - 4e1c66a4-792a-4350-b244-4dedea3f57a8@group-488DD1D6D11B-LeaderElection19: Election REJECTED; received 2 response(s) [4e1c66a4-792a-4350-b244-4dedea3f57a8<-2ac0d02e-9e70-4102-8ecc-87abf8a9c7ab#0:FAIL-t18, 4e1c66a4-792a-4350-b244-4dedea3f57a8<-350dd957-6baf-44a5-98e5-a3496d7a986b#0:FAIL-t18] and 0 exception(s); 4e1c66a4-792a-4350-b244-4dedea3f57a8@group-488DD1D6D11B:t18, leader=null, voted=4e1c66a4-792a-4350-b244-4dedea3f57a8, raftlog=4e1c66a4-792a-4350-b244-4dedea3f57a8@group-488DD1D6D11B-SegmentedRaftLog:OPENED:c3,f4,i4, conf=0: [2ac0d02e-9e70-4102-8ecc-87abf8a9c7ab:192.168.164.232:40013, 4e1c66a4-792a-4350-b244-4dedea3f57a8:192.168.164.232:41177, 350dd957-6baf-44a5-98e5-a3496d7a986b:192.168.164.232:34256], old=null
2019-10-15 14:16:29,917 [4e1c66a4-792a-4350-b244-4dedea3f57a8@group-488DD1D6D11B-LeaderElection19] INFO  impl.RaftServerImpl (RaftServerImpl.java:setRole(184)) - 4e1c66a4-792a-4350-b244-4dedea3f57a8@group-488DD1D6D11B: changes role from CANDIDATE to FOLLOWER at term 18 for DISCOVERED_A_NEW_TERM
2019-10-15 14:16:29,917 [4e1c66a4-792a-4350-b244-4dedea3f57a8@group-488DD1D6D11B-LeaderElection19] INFO  impl.RoleInfo (RoleInfo.java:shutdownLeaderElection(134)) - 4e1c66a4-792a-4350-b244-4dedea3f57a8: shutdown LeaderElection
2019-10-15 14:16:29,917 [4e1c66a4-792a-4350-b244-4dedea3f57a8@group-488DD1D6D11B-LeaderElection19] INFO  impl.RoleInfo (RoleInfo.java:updateAndGet(143)) - 4e1c66a4-792a-4350-b244-4dedea3f57a8: start FollowerState
2019-10-15 14:16:30,021 [Thread-664] INFO  impl.FollowerState (FollowerState.java:run(108)) - 4e1c66a4-792a-4350-b244-4dedea3f57a8@group-488DD1D6D11B-FollowerState: change to CANDIDATE, lastRpcTime:104ms, electionTimeout:104ms
2019-10-15 14:16:30,024 [Thread-664] INFO  impl.RoleInfo (RoleInfo.java:shutdownFollowerState(121)) - 4e1c66a4-792a-4350-b244-4dedea3f57a8: shutdown FollowerState
2019-10-15 14:16:30,024 [Thread-664] INFO  impl.RaftServerImpl (RaftServerImpl.java:setRole(184)) - 4e1c66a4-792a-4350-b244-4dedea3f57a8@group-488DD1D6D11B: changes role from  FOLLOWER to CANDIDATE at term 18 for changeToCandidate
2019-10-15 14:16:30,024 [Thread-664] INFO  impl.RoleInfo (RoleInfo.java:updateAndGet(143)) - 4e1c66a4-792a-4350-b244-4dedea3f57a8: start LeaderElection
2019-10-15 14:16:30,049 [4e1c66a4-792a-4350-b244-4dedea3f57a8@group-488DD1D6D11B-LeaderElection20] INFO  impl.LeaderElection (LeaderElection.java:askForVotes(178)) - 4e1c66a4-792a-4350-b244-4dedea3f57a8@group-488DD1D6D11B-LeaderElection20: begin an election at term 19 for 0: [2ac0d02e-9e70-4102-8ecc-87abf8a9c7ab:192.168.164.232:40013, 4e1c66a4-792a-4350-b244-4dedea3f57a8:192.168.164.232:41177, 350dd957-6baf-44a5-98e5-a3496d7a986b:192.168.164.232:34256], old=null
2019-10-15 14:16:30,056 [grpc-default-executor-6] INFO  impl.RaftServerImpl (RaftServerImpl.java:setRole(184)) - 2ac0d02e-9e70-4102-8ecc-87abf8a9c7ab@group-488DD1D6D11B: changes role from  FOLLOWER to FOLLOWER at term 19 for recognizeCandidate:4e1c66a4-792a-4350-b244-4dedea3f57a8
2019-10-15 14:16:30,056 [grpc-default-executor-1] INFO  impl.RaftServerImpl (RaftServerImpl.java:setRole(184)) - 350dd957-6baf-44a5-98e5-a3496d7a986b@group-488DD1D6D11B: changes role from  FOLLOWER to FOLLOWER at term 19 for recognizeCandidate:4e1c66a4-792a-4350-b244-4dedea3f57a8
2019-10-15 14:16:30,057 [grpc-default-executor-6] INFO  impl.RoleInfo (RoleInfo.java:shutdownFollowerState(121)) - 2ac0d02e-9e70-4102-8ecc-87abf8a9c7ab: shutdown FollowerState
2019-10-15 14:16:30,057 [grpc-default-executor-1] INFO  impl.RoleInfo (RoleInfo.java:shutdownFollowerState(121)) - 350dd957-6baf-44a5-98e5-a3496d7a986b: shutdown FollowerState
2019-10-15 14:16:30,057 [grpc-default-executor-6] INFO  impl.RoleInfo (RoleInfo.java:updateAndGet(143)) - 2ac0d02e-9e70-4102-8ecc-87abf8a9c7ab: start FollowerState
2019-10-15 14:16:30,057 [Thread-663] INFO  impl.FollowerState (FollowerState.java:run(117)) - 350dd957-6baf-44a5-98e5-a3496d7a986b@group-488DD1D6D11B-FollowerState was interrupted: java.lang.InterruptedException: sleep interrupted
2019-10-15 14:16:30,057 [Thread-662] INFO  impl.FollowerState (FollowerState.java:run(117)) - 2ac0d02e-9e70-4102-8ecc-87abf8a9c7ab@group-488DD1D6D11B-FollowerState was interrupted: java.lang.InterruptedException: sleep interrupted
2019-10-15 14:16:30,057 [grpc-default-executor-1] INFO  impl.RoleInfo (RoleInfo.java:updateAndGet(143)) - 350dd957-6baf-44a5-98e5-a3496d7a986b: start FollowerState
2019-10-15 14:16:30,067 [pool-7-thread-1] INFO  commands.RetriableDatanodeEventWatcher (RetriableDatanodeEventWatcher.java:onTimeout(47)) - RetriableDatanodeCommand type=deleteBlocksCommand with id=1571148984993 timed out. Retrying.
2019-10-15 14:16:30,067 [pool-7-thread-2] INFO  commands.RetriableDatanodeEventWatcher (RetriableDatanodeEventWatcher.java:onTimeout(47)) - RetriableDatanodeCommand type=deleteBlocksCommand with id=1571148984990 timed out. Retrying.
2019-10-15 14:16:30,067 [pool-7-thread-3] INFO  commands.RetriableDatanodeEventWatcher (RetriableDatanodeEventWatcher.java:onTimeout(47)) - RetriableDatanodeCommand type=deleteBlocksCommand with id=1571148984994 timed out. Retrying.
2019-10-15 14:16:30,073 [pool-7-thread-3] INFO  commands.RetriableDatanodeEventWatcher (RetriableDatanodeEventWatcher.java:onTimeout(47)) - RetriableDatanodeCommand type=deleteBlocksCommand with id=1571148984992 timed out. Retrying.
2019-10-15 14:16:30,076 [pool-7-thread-3] INFO  commands.RetriableDatanodeEventWatcher (RetriableDatanodeEventWatcher.java:onTimeout(47)) - RetriableDatanodeCommand type=deleteBlocksCommand with id=1571148984995 timed out. Retrying.
2019-10-15 14:16:30,076 [BlockDeletingService#2] WARN  background.BlockDeletingService (BlockDeletingService.java:isDeletionAllowed(187)) - Close Container log Index 6 is not replicated across allthe servers in the pipeline af09b2c2-cc5c-4d70-8ada-488dd1d6d11b as the min replicated index is 4. Deletion is not allowed in this container yet.
2019-10-15 14:16:30,077 [BlockDeletingService#2] WARN  background.BlockDeletingService (BlockDeletingService.java:isDeletionAllowed(187)) - Close Container log Index 6 is not replicated across allthe servers in the pipeline af09b2c2-cc5c-4d70-8ada-488dd1d6d11b as the min replicated index is 4. Deletion is not allowed in this container yet.
2019-10-15 14:16:30,077 [SCMBlockDeletingService#0] INFO  block.SCMBlockDeletingService (SCMBlockDeletingService.java:call(184)) - Totally added 1 delete blocks command for 1 datanodes, task elapsed time: 1ms
2019-10-15 14:16:30,082 [4e1c66a4-792a-4350-b244-4dedea3f57a8@group-488DD1D6D11B-LeaderElection20] INFO  impl.LeaderElection (LeaderElection.java:logAndReturn(56)) - 4e1c66a4-792a-4350-b244-4dedea3f57a8@group-488DD1D6D11B-LeaderElection20: Election REJECTED; received 2 response(s) [4e1c66a4-792a-4350-b244-4dedea3f57a8<-2ac0d02e-9e70-4102-8ecc-87abf8a9c7ab#0:FAIL-t19, 4e1c66a4-792a-4350-b244-4dedea3f57a8<-350dd957-6baf-44a5-98e5-a3496d7a986b#0:FAIL-t19] and 0 exception(s); 4e1c66a4-792a-4350-b244-4dedea3f57a8@group-488DD1D6D11B:t19, leader=null, voted=4e1c66a4-792a-4350-b244-4dedea3f57a8, raftlog=4e1c66a4-792a-4350-b244-4dedea3f57a8@group-488DD1D6D11B-SegmentedRaftLog:OPENED:c3,f4,i4, conf=0: [2ac0d02e-9e70-4102-8ecc-87abf8a9c7ab:192.168.164.232:40013, 4e1c66a4-792a-4350-b244-4dedea3f57a8:192.168.164.232:41177, 350dd957-6baf-44a5-98e5-a3496d7a986b:192.168.164.232:34256], old=null
2019-10-15 14:16:30,082 [4e1c66a4-792a-4350-b244-4dedea3f57a8@group-488DD1D6D11B-LeaderElection20] INFO  impl.RaftServerImpl (RaftServerImpl.java:setRole(184)) - 4e1c66a4-792a-4350-b244-4dedea3f57a8@group-488DD1D6D11B: changes role from CANDIDATE to FOLLOWER at term 19 for DISCOVERED_A_NEW_TERM
2019-10-15 14:16:30,082 [4e1c66a4-792a-4350-b244-4dedea3f57a8@group-488DD1D6D11B-LeaderElection20] INFO  impl.RoleInfo (RoleInfo.java:shutdownLeaderElection(134)) - 4e1c66a4-792a-4350-b244-4dedea3f57a8: shutdown LeaderElection
2019-10-15 14:16:30,082 [4e1c66a4-792a-4350-b244-4dedea3f57a8@group-488DD1D6D11B-LeaderElection20] INFO  impl.RoleInfo (RoleInfo.java:updateAndGet(143)) - 4e1c66a4-792a-4350-b244-4dedea3f57a8: start FollowerState
2019-10-15 14:16:30,263 [Thread-672] INFO  impl.FollowerState (FollowerState.java:run(108)) - 4e1c66a4-792a-4350-b244-4dedea3f57a8@group-488DD1D6D11B-FollowerState: change to CANDIDATE, lastRpcTime:180ms, electionTimeout:180ms
2019-10-15 14:16:30,264 [Thread-672] INFO  impl.RoleInfo (RoleInfo.java:shutdownFollowerState(121)) - 4e1c66a4-792a-4350-b244-4dedea3f57a8: shutdown FollowerState
2019-10-15 14:16:30,265 [Thread-672] INFO  impl.RaftServerImpl (RaftServerImpl.java:setRole(184)) - 4e1c66a4-792a-4350-b244-4dedea3f57a8@group-488DD1D6D11B: changes role from  FOLLOWER to CANDIDATE at term 19 for changeToCandidate
2019-10-15 14:16:30,265 [Thread-672] INFO  impl.RoleInfo (RoleInfo.java:updateAndGet(143)) - 4e1c66a4-792a-4350-b244-4dedea3f57a8: start LeaderElection
2019-10-15 14:16:30,289 [4e1c66a4-792a-4350-b244-4dedea3f57a8@group-488DD1D6D11B-LeaderElection21] INFO  impl.LeaderElection (LeaderElection.java:askForVotes(178)) - 4e1c66a4-792a-4350-b244-4dedea3f57a8@group-488DD1D6D11B-LeaderElection21: begin an election at term 20 for 0: [2ac0d02e-9e70-4102-8ecc-87abf8a9c7ab:192.168.164.232:40013, 4e1c66a4-792a-4350-b244-4dedea3f57a8:192.168.164.232:41177, 350dd957-6baf-44a5-98e5-a3496d7a986b:192.168.164.232:34256], old=null
2019-10-15 14:16:30,292 [grpc-default-executor-1] INFO  impl.RaftServerImpl (RaftServerImpl.java:setRole(184)) - 2ac0d02e-9e70-4102-8ecc-87abf8a9c7ab@group-488DD1D6D11B: changes role from  FOLLOWER to FOLLOWER at term 20 for recognizeCandidate:4e1c66a4-792a-4350-b244-4dedea3f57a8
2019-10-15 14:16:30,292 [grpc-default-executor-1] INFO  impl.RoleInfo (RoleInfo.java:shutdownFollowerState(121)) - 2ac0d02e-9e70-4102-8ecc-87abf8a9c7ab: shutdown FollowerState
2019-10-15 14:16:30,292 [grpc-default-executor-6] INFO  impl.RaftServerImpl (RaftServerImpl.java:setRole(184)) - 350dd957-6baf-44a5-98e5-a3496d7a986b@group-488DD1D6D11B: changes role from  FOLLOWER to FOLLOWER at term 20 for recognizeCandidate:4e1c66a4-792a-4350-b244-4dedea3f57a8
2019-10-15 14:16:30,292 [grpc-default-executor-1] INFO  impl.RoleInfo (RoleInfo.java:updateAndGet(143)) - 2ac0d02e-9e70-4102-8ecc-87abf8a9c7ab: start FollowerState
2019-10-15 14:16:30,292 [Thread-668] INFO  impl.FollowerState (FollowerState.java:run(117)) - 2ac0d02e-9e70-4102-8ecc-87abf8a9c7ab@group-488DD1D6D11B-FollowerState was interrupted: java.lang.InterruptedException: sleep interrupted
2019-10-15 14:16:30,292 [grpc-default-executor-6] INFO  impl.RoleInfo (RoleInfo.java:shutdownFollowerState(121)) - 350dd957-6baf-44a5-98e5-a3496d7a986b: shutdown FollowerState
2019-10-15 14:16:30,293 [grpc-default-executor-6] INFO  impl.RoleInfo (RoleInfo.java:updateAndGet(143)) - 350dd957-6baf-44a5-98e5-a3496d7a986b: start FollowerState
2019-10-15 14:16:30,293 [Thread-669] INFO  impl.FollowerState (FollowerState.java:run(117)) - 350dd957-6baf-44a5-98e5-a3496d7a986b@group-488DD1D6D11B-FollowerState was interrupted: java.lang.InterruptedException: sleep interrupted
2019-10-15 14:16:30,317 [4e1c66a4-792a-4350-b244-4dedea3f57a8@group-488DD1D6D11B-LeaderElection21] INFO  impl.LeaderElection (LeaderElection.java:logAndReturn(56)) - 4e1c66a4-792a-4350-b244-4dedea3f57a8@group-488DD1D6D11B-LeaderElection21: Election REJECTED; received 2 response(s) [4e1c66a4-792a-4350-b244-4dedea3f57a8<-2ac0d02e-9e70-4102-8ecc-87abf8a9c7ab#0:FAIL-t20, 4e1c66a4-792a-4350-b244-4dedea3f57a8<-350dd957-6baf-44a5-98e5-a3496d7a986b#0:FAIL-t20] and 0 exception(s); 4e1c66a4-792a-4350-b244-4dedea3f57a8@group-488DD1D6D11B:t20, leader=null, voted=4e1c66a4-792a-4350-b244-4dedea3f57a8, raftlog=4e1c66a4-792a-4350-b244-4dedea3f57a8@group-488DD1D6D11B-SegmentedRaftLog:OPENED:c3,f4,i4, conf=0: [2ac0d02e-9e70-4102-8ecc-87abf8a9c7ab:192.168.164.232:40013, 4e1c66a4-792a-4350-b244-4dedea3f57a8:192.168.164.232:41177, 350dd957-6baf-44a5-98e5-a3496d7a986b:192.168.164.232:34256], old=null
2019-10-15 14:16:30,317 [4e1c66a4-792a-4350-b244-4dedea3f57a8@group-488DD1D6D11B-LeaderElection21] INFO  impl.RaftServerImpl (RaftServerImpl.java:setRole(184)) - 4e1c66a4-792a-4350-b244-4dedea3f57a8@group-488DD1D6D11B: changes role from CANDIDATE to FOLLOWER at term 20 for DISCOVERED_A_NEW_TERM
2019-10-15 14:16:30,318 [4e1c66a4-792a-4350-b244-4dedea3f57a8@group-488DD1D6D11B-LeaderElection21] INFO  impl.RoleInfo (RoleInfo.java:shutdownLeaderElection(134)) - 4e1c66a4-792a-4350-b244-4dedea3f57a8: shutdown LeaderElection
2019-10-15 14:16:30,318 [4e1c66a4-792a-4350-b244-4dedea3f57a8@group-488DD1D6D11B-LeaderElection21] INFO  impl.RoleInfo (RoleInfo.java:updateAndGet(143)) - 4e1c66a4-792a-4350-b244-4dedea3f57a8: start FollowerState
2019-10-15 14:16:30,487 [Thread-678] INFO  impl.FollowerState (FollowerState.java:run(108)) - 4e1c66a4-792a-4350-b244-4dedea3f57a8@group-488DD1D6D11B-FollowerState: change to CANDIDATE, lastRpcTime:169ms, electionTimeout:169ms
2019-10-15 14:16:30,489 [Thread-678] INFO  impl.RoleInfo (RoleInfo.java:shutdownFollowerState(121)) - 4e1c66a4-792a-4350-b244-4dedea3f57a8: shutdown FollowerState
2019-10-15 14:16:30,489 [Thread-678] INFO  impl.RaftServerImpl (RaftServerImpl.java:setRole(184)) - 4e1c66a4-792a-4350-b244-4dedea3f57a8@group-488DD1D6D11B: changes role from  FOLLOWER to CANDIDATE at term 20 for changeToCandidate
2019-10-15 14:16:30,489 [Thread-678] INFO  impl.RoleInfo (RoleInfo.java:updateAndGet(143)) - 4e1c66a4-792a-4350-b244-4dedea3f57a8: start LeaderElection
2019-10-15 14:16:30,515 [4e1c66a4-792a-4350-b244-4dedea3f57a8@group-488DD1D6D11B-LeaderElection22] INFO  impl.LeaderElection (LeaderElection.java:askForVotes(178)) - 4e1c66a4-792a-4350-b244-4dedea3f57a8@group-488DD1D6D11B-LeaderElection22: begin an election at term 21 for 0: [2ac0d02e-9e70-4102-8ecc-87abf8a9c7ab:192.168.164.232:40013, 4e1c66a4-792a-4350-b244-4dedea3f57a8:192.168.164.232:41177, 350dd957-6baf-44a5-98e5-a3496d7a986b:192.168.164.232:34256], old=null
2019-10-15 14:16:30,519 [grpc-default-executor-6] INFO  impl.RaftServerImpl (RaftServerImpl.java:setRole(184)) - 350dd957-6baf-44a5-98e5-a3496d7a986b@group-488DD1D6D11B: changes role from  FOLLOWER to FOLLOWER at term 21 for recognizeCandidate:4e1c66a4-792a-4350-b244-4dedea3f57a8
2019-10-15 14:16:30,519 [grpc-default-executor-1] INFO  impl.RaftServerImpl (RaftServerImpl.java:setRole(184)) - 2ac0d02e-9e70-4102-8ecc-87abf8a9c7ab@group-488DD1D6D11B: changes role from  FOLLOWER to FOLLOWER at term 21 for recognizeCandidate:4e1c66a4-792a-4350-b244-4dedea3f57a8
2019-10-15 14:16:30,519 [grpc-default-executor-6] INFO  impl.RoleInfo (RoleInfo.java:shutdownFollowerState(121)) - 350dd957-6baf-44a5-98e5-a3496d7a986b: shutdown FollowerState
2019-10-15 14:16:30,519 [grpc-default-executor-1] INFO  impl.RoleInfo (RoleInfo.java:shutdownFollowerState(121)) - 2ac0d02e-9e70-4102-8ecc-87abf8a9c7ab: shutdown FollowerState
2019-10-15 14:16:30,519 [grpc-default-executor-6] INFO  impl.RoleInfo (RoleInfo.java:updateAndGet(143)) - 350dd957-6baf-44a5-98e5-a3496d7a986b: start FollowerState
2019-10-15 14:16:30,519 [Thread-677] INFO  impl.FollowerState (FollowerState.java:run(117)) - 350dd957-6baf-44a5-98e5-a3496d7a986b@group-488DD1D6D11B-FollowerState was interrupted: java.lang.InterruptedException: sleep interrupted
2019-10-15 14:16:30,520 [grpc-default-executor-1] INFO  impl.RoleInfo (RoleInfo.java:updateAndGet(143)) - 2ac0d02e-9e70-4102-8ecc-87abf8a9c7ab: start FollowerState
2019-10-15 14:16:30,520 [Thread-676] INFO  impl.FollowerState (FollowerState.java:run(117)) - 2ac0d02e-9e70-4102-8ecc-87abf8a9c7ab@group-488DD1D6D11B-FollowerState was interrupted: java.lang.InterruptedException: sleep interrupted
2019-10-15 14:16:30,550 [4e1c66a4-792a-4350-b244-4dedea3f57a8@group-488DD1D6D11B-LeaderElection22] INFO  impl.LeaderElection (LeaderElection.java:logAndReturn(56)) - 4e1c66a4-792a-4350-b244-4dedea3f57a8@group-488DD1D6D11B-LeaderElection22: Election REJECTED; received 2 response(s) [4e1c66a4-792a-4350-b244-4dedea3f57a8<-2ac0d02e-9e70-4102-8ecc-87abf8a9c7ab#0:FAIL-t21, 4e1c66a4-792a-4350-b244-4dedea3f57a8<-350dd957-6baf-44a5-98e5-a3496d7a986b#0:FAIL-t21] and 0 exception(s); 4e1c66a4-792a-4350-b244-4dedea3f57a8@group-488DD1D6D11B:t21, leader=null, voted=4e1c66a4-792a-4350-b244-4dedea3f57a8, raftlog=4e1c66a4-792a-4350-b244-4dedea3f57a8@group-488DD1D6D11B-SegmentedRaftLog:OPENED:c3,f4,i4, conf=0: [2ac0d02e-9e70-4102-8ecc-87abf8a9c7ab:192.168.164.232:40013, 4e1c66a4-792a-4350-b244-4dedea3f57a8:192.168.164.232:41177, 350dd957-6baf-44a5-98e5-a3496d7a986b:192.168.164.232:34256], old=null
2019-10-15 14:16:30,551 [4e1c66a4-792a-4350-b244-4dedea3f57a8@group-488DD1D6D11B-LeaderElection22] INFO  impl.RaftServerImpl (RaftServerImpl.java:setRole(184)) - 4e1c66a4-792a-4350-b244-4dedea3f57a8@group-488DD1D6D11B: changes role from CANDIDATE to FOLLOWER at term 21 for DISCOVERED_A_NEW_TERM
2019-10-15 14:16:30,551 [4e1c66a4-792a-4350-b244-4dedea3f57a8@group-488DD1D6D11B-LeaderElection22] INFO  impl.RoleInfo (RoleInfo.java:shutdownLeaderElection(134)) - 4e1c66a4-792a-4350-b244-4dedea3f57a8: shutdown LeaderElection
2019-10-15 14:16:30,551 [4e1c66a4-792a-4350-b244-4dedea3f57a8@group-488DD1D6D11B-LeaderElection22] INFO  impl.RoleInfo (RoleInfo.java:updateAndGet(143)) - 4e1c66a4-792a-4350-b244-4dedea3f57a8: start FollowerState
2019-10-15 14:16:30,626 [java.util.concurrent.ThreadPoolExecutor$Worker@2009095b[State = -1, empty queue]] WARN  server.GrpcLogAppender (GrpcLogAppender.java:timeoutAppendRequest(209)) - 2ac0d02e-9e70-4102-8ecc-87abf8a9c7ab@group-488DD1D6D11B->4e1c66a4-792a-4350-b244-4dedea3f57a8-GrpcLogAppender: appendEntries Timeout, request=2ac0d02e-9e70-4102-8ecc-87abf8a9c7ab->4e1c66a4-792a-4350-b244-4dedea3f57a8#52-t3, previous=(t:3, i:10), leaderCommit=10, initializing? false, entries: <empty>
2019-10-15 14:16:30,734 [Thread-685] INFO  impl.FollowerState (FollowerState.java:run(108)) - 4e1c66a4-792a-4350-b244-4dedea3f57a8@group-488DD1D6D11B-FollowerState: change to CANDIDATE, lastRpcTime:183ms, electionTimeout:183ms
2019-10-15 14:16:30,735 [Thread-685] INFO  impl.RoleInfo (RoleInfo.java:shutdownFollowerState(121)) - 4e1c66a4-792a-4350-b244-4dedea3f57a8: shutdown FollowerState
2019-10-15 14:16:30,735 [Thread-685] INFO  impl.RaftServerImpl (RaftServerImpl.java:setRole(184)) - 4e1c66a4-792a-4350-b244-4dedea3f57a8@group-488DD1D6D11B: changes role from  FOLLOWER to CANDIDATE at term 21 for changeToCandidate
2019-10-15 14:16:30,735 [Thread-685] INFO  impl.RoleInfo (RoleInfo.java:updateAndGet(143)) - 4e1c66a4-792a-4350-b244-4dedea3f57a8: start LeaderElection
2019-10-15 14:16:30,736 [Thread-688] INFO  client.GrpcClientProtocolService (GrpcClientProtocolService.java:lambda$processClientRequest$0(278)) - Failed RaftClientRequest:client-E8AF2CDF2BB3->4e1c66a4-792a-4350-b244-4dedea3f57a8@group-488DD1D6D11B, cid=10, seq=0, Watch-ALL_COMMITTED(6), Message:<EMPTY>, reply=RaftClientReply:client-E8AF2CDF2BB3->4e1c66a4-792a-4350-b244-4dedea3f57a8@group-488DD1D6D11B, cid=10, FAILED org.apache.ratis.protocol.NotLeaderException: Server 4e1c66a4-792a-4350-b244-4dedea3f57a8@group-488DD1D6D11B is not the leader, logIndex=0, commits[4e1c66a4-792a-4350-b244-4dedea3f57a8:c3]
2019-10-15 14:16:30,776 [4e1c66a4-792a-4350-b244-4dedea3f57a8@group-488DD1D6D11B-LeaderElection23] INFO  impl.LeaderElection (LeaderElection.java:askForVotes(178)) - 4e1c66a4-792a-4350-b244-4dedea3f57a8@group-488DD1D6D11B-LeaderElection23: begin an election at term 22 for 0: [2ac0d02e-9e70-4102-8ecc-87abf8a9c7ab:192.168.164.232:40013, 4e1c66a4-792a-4350-b244-4dedea3f57a8:192.168.164.232:41177, 350dd957-6baf-44a5-98e5-a3496d7a986b:192.168.164.232:34256], old=null
2019-10-15 14:16:30,778 [grpc-default-executor-1] INFO  impl.RaftServerImpl (RaftServerImpl.java:setRole(184)) - 2ac0d02e-9e70-4102-8ecc-87abf8a9c7ab@group-488DD1D6D11B: changes role from  FOLLOWER to FOLLOWER at term 22 for recognizeCandidate:4e1c66a4-792a-4350-b244-4dedea3f57a8
2019-10-15 14:16:30,780 [grpc-default-executor-1] INFO  impl.RoleInfo (RoleInfo.java:shutdownFollowerState(121)) - 2ac0d02e-9e70-4102-8ecc-87abf8a9c7ab: shutdown FollowerState
2019-10-15 14:16:30,780 [grpc-default-executor-1] INFO  impl.RoleInfo (RoleInfo.java:updateAndGet(143)) - 2ac0d02e-9e70-4102-8ecc-87abf8a9c7ab: start FollowerState
2019-10-15 14:16:30,780 [Thread-684] INFO  impl.FollowerState (FollowerState.java:run(117)) - 2ac0d02e-9e70-4102-8ecc-87abf8a9c7ab@group-488DD1D6D11B-FollowerState was interrupted: java.lang.InterruptedException: sleep interrupted
2019-10-15 14:16:30,780 [grpc-default-executor-6] INFO  impl.RaftServerImpl (RaftServerImpl.java:setRole(184)) - 350dd957-6baf-44a5-98e5-a3496d7a986b@group-488DD1D6D11B: changes role from  FOLLOWER to FOLLOWER at term 22 for recognizeCandidate:4e1c66a4-792a-4350-b244-4dedea3f57a8
2019-10-15 14:16:30,780 [grpc-default-executor-6] INFO  impl.RoleInfo (RoleInfo.java:shutdownFollowerState(121)) - 350dd957-6baf-44a5-98e5-a3496d7a986b: shutdown FollowerState
2019-10-15 14:16:30,780 [grpc-default-executor-6] INFO  impl.RoleInfo (RoleInfo.java:updateAndGet(143)) - 350dd957-6baf-44a5-98e5-a3496d7a986b: start FollowerState
2019-10-15 14:16:30,780 [Thread-683] INFO  impl.FollowerState (FollowerState.java:run(117)) - 350dd957-6baf-44a5-98e5-a3496d7a986b@group-488DD1D6D11B-FollowerState was interrupted: java.lang.InterruptedException: sleep interrupted
2019-10-15 14:16:30,811 [4e1c66a4-792a-4350-b244-4dedea3f57a8@group-488DD1D6D11B-LeaderElection23] INFO  impl.LeaderElection (LeaderElection.java:logAndReturn(56)) - 4e1c66a4-792a-4350-b244-4dedea3f57a8@group-488DD1D6D11B-LeaderElection23: Election REJECTED; received 2 response(s) [4e1c66a4-792a-4350-b244-4dedea3f57a8<-2ac0d02e-9e70-4102-8ecc-87abf8a9c7ab#0:FAIL-t22, 4e1c66a4-792a-4350-b244-4dedea3f57a8<-350dd957-6baf-44a5-98e5-a3496d7a986b#0:FAIL-t22] and 0 exception(s); 4e1c66a4-792a-4350-b244-4dedea3f57a8@group-488DD1D6D11B:t22, leader=null, voted=4e1c66a4-792a-4350-b244-4dedea3f57a8, raftlog=4e1c66a4-792a-4350-b244-4dedea3f57a8@group-488DD1D6D11B-SegmentedRaftLog:OPENED:c3,f4,i4, conf=0: [2ac0d02e-9e70-4102-8ecc-87abf8a9c7ab:192.168.164.232:40013, 4e1c66a4-792a-4350-b244-4dedea3f57a8:192.168.164.232:41177, 350dd957-6baf-44a5-98e5-a3496d7a986b:192.168.164.232:34256], old=null
2019-10-15 14:16:30,812 [4e1c66a4-792a-4350-b244-4dedea3f57a8@group-488DD1D6D11B-LeaderElection23] INFO  impl.RaftServerImpl (RaftServerImpl.java:setRole(184)) - 4e1c66a4-792a-4350-b244-4dedea3f57a8@group-488DD1D6D11B: changes role from CANDIDATE to FOLLOWER at term 22 for DISCOVERED_A_NEW_TERM
2019-10-15 14:16:30,812 [4e1c66a4-792a-4350-b244-4dedea3f57a8@group-488DD1D6D11B-LeaderElection23] INFO  impl.RoleInfo (RoleInfo.java:shutdownLeaderElection(134)) - 4e1c66a4-792a-4350-b244-4dedea3f57a8: shutdown LeaderElection
2019-10-15 14:16:30,812 [4e1c66a4-792a-4350-b244-4dedea3f57a8@group-488DD1D6D11B-LeaderElection23] INFO  impl.RoleInfo (RoleInfo.java:updateAndGet(143)) - 4e1c66a4-792a-4350-b244-4dedea3f57a8: start FollowerState
2019-10-15 14:16:30,901 [Thread-694] INFO  impl.FollowerState (FollowerState.java:run(108)) - 4e1c66a4-792a-4350-b244-4dedea3f57a8@group-488DD1D6D11B-FollowerState: change to CANDIDATE, lastRpcTime:89ms, electionTimeout:89ms
2019-10-15 14:16:30,903 [Thread-694] INFO  impl.RoleInfo (RoleInfo.java:shutdownFollowerState(121)) - 4e1c66a4-792a-4350-b244-4dedea3f57a8: shutdown FollowerState
2019-10-15 14:16:30,903 [Thread-694] INFO  impl.RaftServerImpl (RaftServerImpl.java:setRole(184)) - 4e1c66a4-792a-4350-b244-4dedea3f57a8@group-488DD1D6D11B: changes role from  FOLLOWER to CANDIDATE at term 22 for changeToCandidate
2019-10-15 14:16:30,903 [Thread-694] INFO  impl.RoleInfo (RoleInfo.java:updateAndGet(143)) - 4e1c66a4-792a-4350-b244-4dedea3f57a8: start LeaderElection
2019-10-15 14:16:30,928 [4e1c66a4-792a-4350-b244-4dedea3f57a8@group-488DD1D6D11B-LeaderElection24] INFO  impl.LeaderElection (LeaderElection.java:askForVotes(178)) - 4e1c66a4-792a-4350-b244-4dedea3f57a8@group-488DD1D6D11B-LeaderElection24: begin an election at term 23 for 0: [2ac0d02e-9e70-4102-8ecc-87abf8a9c7ab:192.168.164.232:40013, 4e1c66a4-792a-4350-b244-4dedea3f57a8:192.168.164.232:41177, 350dd957-6baf-44a5-98e5-a3496d7a986b:192.168.164.232:34256], old=null
2019-10-15 14:16:30,931 [grpc-default-executor-1] INFO  impl.RaftServerImpl (RaftServerImpl.java:setRole(184)) - 2ac0d02e-9e70-4102-8ecc-87abf8a9c7ab@group-488DD1D6D11B: changes role from  FOLLOWER to FOLLOWER at term 23 for recognizeCandidate:4e1c66a4-792a-4350-b244-4dedea3f57a8
2019-10-15 14:16:30,931 [grpc-default-executor-6] INFO  impl.RaftServerImpl (RaftServerImpl.java:setRole(184)) - 350dd957-6baf-44a5-98e5-a3496d7a986b@group-488DD1D6D11B: changes role from  FOLLOWER to FOLLOWER at term 23 for recognizeCandidate:4e1c66a4-792a-4350-b244-4dedea3f57a8
2019-10-15 14:16:30,932 [grpc-default-executor-1] INFO  impl.RoleInfo (RoleInfo.java:shutdownFollowerState(121)) - 2ac0d02e-9e70-4102-8ecc-87abf8a9c7ab: shutdown FollowerState
2019-10-15 14:16:30,932 [grpc-default-executor-6] INFO  impl.RoleInfo (RoleInfo.java:shutdownFollowerState(121)) - 350dd957-6baf-44a5-98e5-a3496d7a986b: shutdown FollowerState
2019-10-15 14:16:30,932 [grpc-default-executor-1] INFO  impl.RoleInfo (RoleInfo.java:updateAndGet(143)) - 2ac0d02e-9e70-4102-8ecc-87abf8a9c7ab: start FollowerState
2019-10-15 14:16:30,932 [Thread-692] INFO  impl.FollowerState (FollowerState.java:run(117)) - 2ac0d02e-9e70-4102-8ecc-87abf8a9c7ab@group-488DD1D6D11B-FollowerState was interrupted: java.lang.InterruptedException: sleep interrupted
2019-10-15 14:16:30,932 [grpc-default-executor-6] INFO  impl.RoleInfo (RoleInfo.java:updateAndGet(143)) - 350dd957-6baf-44a5-98e5-a3496d7a986b: start FollowerState
2019-10-15 14:16:30,932 [Thread-693] INFO  impl.FollowerState (FollowerState.java:run(117)) - 350dd957-6baf-44a5-98e5-a3496d7a986b@group-488DD1D6D11B-FollowerState was interrupted: java.lang.InterruptedException: sleep interrupted
2019-10-15 14:16:30,955 [4e1c66a4-792a-4350-b244-4dedea3f57a8@group-488DD1D6D11B-LeaderElection24] INFO  impl.LeaderElection (LeaderElection.java:logAndReturn(56)) - 4e1c66a4-792a-4350-b244-4dedea3f57a8@group-488DD1D6D11B-LeaderElection24: Election REJECTED; received 2 response(s) [4e1c66a4-792a-4350-b244-4dedea3f57a8<-2ac0d02e-9e70-4102-8ecc-87abf8a9c7ab#0:FAIL-t23, 4e1c66a4-792a-4350-b244-4dedea3f57a8<-350dd957-6baf-44a5-98e5-a3496d7a986b#0:FAIL-t23] and 0 exception(s); 4e1c66a4-792a-4350-b244-4dedea3f57a8@group-488DD1D6D11B:t23, leader=null, voted=4e1c66a4-792a-4350-b244-4dedea3f57a8, raftlog=4e1c66a4-792a-4350-b244-4dedea3f57a8@group-488DD1D6D11B-SegmentedRaftLog:OPENED:c3,f4,i4, conf=0: [2ac0d02e-9e70-4102-8ecc-87abf8a9c7ab:192.168.164.232:40013, 4e1c66a4-792a-4350-b244-4dedea3f57a8:192.168.164.232:41177, 350dd957-6baf-44a5-98e5-a3496d7a986b:192.168.164.232:34256], old=null
2019-10-15 14:16:30,955 [4e1c66a4-792a-4350-b244-4dedea3f57a8@group-488DD1D6D11B-LeaderElection24] INFO  impl.RaftServerImpl (RaftServerImpl.java:setRole(184)) - 4e1c66a4-792a-4350-b244-4dedea3f57a8@group-488DD1D6D11B: changes role from CANDIDATE to FOLLOWER at term 23 for DISCOVERED_A_NEW_TERM
2019-10-15 14:16:30,955 [4e1c66a4-792a-4350-b244-4dedea3f57a8@group-488DD1D6D11B-LeaderElection24] INFO  impl.RoleInfo (RoleInfo.java:shutdownLeaderElection(134)) - 4e1c66a4-792a-4350-b244-4dedea3f57a8: shutdown LeaderElection
2019-10-15 14:16:30,956 [4e1c66a4-792a-4350-b244-4dedea3f57a8@group-488DD1D6D11B-LeaderElection24] INFO  impl.RoleInfo (RoleInfo.java:updateAndGet(143)) - 4e1c66a4-792a-4350-b244-4dedea3f57a8: start FollowerState
2019-10-15 14:16:31,067 [pool-7-thread-2] INFO  commands.RetriableDatanodeEventWatcher (RetriableDatanodeEventWatcher.java:onTimeout(47)) - RetriableDatanodeCommand type=deleteBlocksCommand with id=1571148984993 timed out. Retrying.
2019-10-15 14:16:31,068 [pool-7-thread-1] INFO  commands.RetriableDatanodeEventWatcher (RetriableDatanodeEventWatcher.java:onTimeout(47)) - RetriableDatanodeCommand type=deleteBlocksCommand with id=1571148984994 timed out. Retrying.
2019-10-15 14:16:31,069 [pool-7-thread-3] INFO  commands.RetriableDatanodeEventWatcher (RetriableDatanodeEventWatcher.java:onTimeout(47)) - RetriableDatanodeCommand type=deleteBlocksCommand with id=1571148984990 timed out. Retrying.
2019-10-15 14:16:31,073 [pool-7-thread-3] INFO  commands.RetriableDatanodeEventWatcher (RetriableDatanodeEventWatcher.java:onTimeout(47)) - RetriableDatanodeCommand type=deleteBlocksCommand with id=1571148984992 timed out. Retrying.
2019-10-15 14:16:31,077 [pool-7-thread-3] INFO  commands.RetriableDatanodeEventWatcher (RetriableDatanodeEventWatcher.java:onTimeout(47)) - RetriableDatanodeCommand type=deleteBlocksCommand with id=1571148984995 timed out. Retrying.
2019-10-15 14:16:31,077 [pool-7-thread-1] INFO  commands.RetriableDatanodeEventWatcher (RetriableDatanodeEventWatcher.java:onTimeout(47)) - RetriableDatanodeCommand type=deleteBlocksCommand with id=1571148984996 timed out. Retrying.
2019-10-15 14:16:31,078 [BlockDeletingService#2] WARN  background.BlockDeletingService (BlockDeletingService.java:isDeletionAllowed(187)) - Close Container log Index 6 is not replicated across allthe servers in the pipeline af09b2c2-cc5c-4d70-8ada-488dd1d6d11b as the min replicated index is 4. Deletion is not allowed in this container yet.
2019-10-15 14:16:31,078 [SCMBlockDeletingService#0] INFO  block.SCMBlockDeletingService (SCMBlockDeletingService.java:call(184)) - Totally added 1 delete blocks command for 1 datanodes, task elapsed time: 0ms
2019-10-15 14:16:31,078 [BlockDeletingService#2] WARN  background.BlockDeletingService (BlockDeletingService.java:isDeletionAllowed(187)) - Close Container log Index 6 is not replicated across allthe servers in the pipeline af09b2c2-cc5c-4d70-8ada-488dd1d6d11b as the min replicated index is 4. Deletion is not allowed in this container yet.
2019-10-15 14:16:31,139 [Thread-700] INFO  impl.FollowerState (FollowerState.java:run(108)) - 4e1c66a4-792a-4350-b244-4dedea3f57a8@group-488DD1D6D11B-FollowerState: change to CANDIDATE, lastRpcTime:183ms, electionTimeout:183ms
2019-10-15 14:16:31,139 [Thread-700] INFO  impl.RoleInfo (RoleInfo.java:shutdownFollowerState(121)) - 4e1c66a4-792a-4350-b244-4dedea3f57a8: shutdown FollowerState
2019-10-15 14:16:31,139 [Thread-700] INFO  impl.RaftServerImpl (RaftServerImpl.java:setRole(184)) - 4e1c66a4-792a-4350-b244-4dedea3f57a8@group-488DD1D6D11B: changes role from  FOLLOWER to CANDIDATE at term 23 for changeToCandidate
2019-10-15 14:16:31,140 [Thread-700] INFO  impl.RoleInfo (RoleInfo.java:updateAndGet(143)) - 4e1c66a4-792a-4350-b244-4dedea3f57a8: start LeaderElection
2019-10-15 14:16:31,157 [4e1c66a4-792a-4350-b244-4dedea3f57a8@group-488DD1D6D11B-LeaderElection25] INFO  impl.LeaderElection (LeaderElection.java:askForVotes(178)) - 4e1c66a4-792a-4350-b244-4dedea3f57a8@group-488DD1D6D11B-LeaderElection25: begin an election at term 24 for 0: [2ac0d02e-9e70-4102-8ecc-87abf8a9c7ab:192.168.164.232:40013, 4e1c66a4-792a-4350-b244-4dedea3f57a8:192.168.164.232:41177, 350dd957-6baf-44a5-98e5-a3496d7a986b:192.168.164.232:34256], old=null
2019-10-15 14:16:31,160 [grpc-default-executor-1] INFO  impl.RaftServerImpl (RaftServerImpl.java:setRole(184)) - 2ac0d02e-9e70-4102-8ecc-87abf8a9c7ab@group-488DD1D6D11B: changes role from  FOLLOWER to FOLLOWER at term 24 for recognizeCandidate:4e1c66a4-792a-4350-b244-4dedea3f57a8
2019-10-15 14:16:31,160 [grpc-default-executor-6] INFO  impl.RaftServerImpl (RaftServerImpl.java:setRole(184)) - 350dd957-6baf-44a5-98e5-a3496d7a986b@group-488DD1D6D11B: changes role from  FOLLOWER to FOLLOWER at term 24 for recognizeCandidate:4e1c66a4-792a-4350-b244-4dedea3f57a8
2019-10-15 14:16:31,160 [grpc-default-executor-1] INFO  impl.RoleInfo (RoleInfo.java:shutdownFollowerState(121)) - 2ac0d02e-9e70-4102-8ecc-87abf8a9c7ab: shutdown FollowerState
2019-10-15 14:16:31,161 [grpc-default-executor-6] INFO  impl.RoleInfo (RoleInfo.java:shutdownFollowerState(121)) - 350dd957-6baf-44a5-98e5-a3496d7a986b: shutdown FollowerState
2019-10-15 14:16:31,161 [Thread-698] INFO  impl.FollowerState (FollowerState.java:run(117)) - 2ac0d02e-9e70-4102-8ecc-87abf8a9c7ab@group-488DD1D6D11B-FollowerState was interrupted: java.lang.InterruptedException: sleep interrupted
2019-10-15 14:16:31,161 [Thread-699] INFO  impl.FollowerState (FollowerState.java:run(117)) - 350dd957-6baf-44a5-98e5-a3496d7a986b@group-488DD1D6D11B-FollowerState was interrupted: java.lang.InterruptedException: sleep interrupted
2019-10-15 14:16:31,161 [grpc-default-executor-1] INFO  impl.RoleInfo (RoleInfo.java:updateAndGet(143)) - 2ac0d02e-9e70-4102-8ecc-87abf8a9c7ab: start FollowerState
2019-10-15 14:16:31,161 [grpc-default-executor-6] INFO  impl.RoleInfo (RoleInfo.java:updateAndGet(143)) - 350dd957-6baf-44a5-98e5-a3496d7a986b: start FollowerState
2019-10-15 14:16:31,192 [4e1c66a4-792a-4350-b244-4dedea3f57a8@group-488DD1D6D11B-LeaderElection25] INFO  impl.LeaderElection (LeaderElection.java:logAndReturn(56)) - 4e1c66a4-792a-4350-b244-4dedea3f57a8@group-488DD1D6D11B-LeaderElection25: Election REJECTED; received 2 response(s) [4e1c66a4-792a-4350-b244-4dedea3f57a8<-2ac0d02e-9e70-4102-8ecc-87abf8a9c7ab#0:FAIL-t24, 4e1c66a4-792a-4350-b244-4dedea3f57a8<-350dd957-6baf-44a5-98e5-a3496d7a986b#0:FAIL-t24] and 0 exception(s); 4e1c66a4-792a-4350-b244-4dedea3f57a8@group-488DD1D6D11B:t24, leader=null, voted=4e1c66a4-792a-4350-b244-4dedea3f57a8, raftlog=4e1c66a4-792a-4350-b244-4dedea3f57a8@group-488DD1D6D11B-SegmentedRaftLog:OPENED:c3,f4,i4, conf=0: [2ac0d02e-9e70-4102-8ecc-87abf8a9c7ab:192.168.164.232:40013, 4e1c66a4-792a-4350-b244-4dedea3f57a8:192.168.164.232:41177, 350dd957-6baf-44a5-98e5-a3496d7a986b:192.168.164.232:34256], old=null
2019-10-15 14:16:31,192 [4e1c66a4-792a-4350-b244-4dedea3f57a8@group-488DD1D6D11B-LeaderElection25] INFO  impl.RaftServerImpl (RaftServerImpl.java:setRole(184)) - 4e1c66a4-792a-4350-b244-4dedea3f57a8@group-488DD1D6D11B: changes role from CANDIDATE to FOLLOWER at term 24 for DISCOVERED_A_NEW_TERM
2019-10-15 14:16:31,192 [4e1c66a4-792a-4350-b244-4dedea3f57a8@group-488DD1D6D11B-LeaderElection25] INFO  impl.RoleInfo (RoleInfo.java:shutdownLeaderElection(134)) - 4e1c66a4-792a-4350-b244-4dedea3f57a8: shutdown LeaderElection
2019-10-15 14:16:31,192 [4e1c66a4-792a-4350-b244-4dedea3f57a8@group-488DD1D6D11B-LeaderElection25] INFO  impl.RoleInfo (RoleInfo.java:updateAndGet(143)) - 4e1c66a4-792a-4350-b244-4dedea3f57a8: start FollowerState
2019-10-15 14:16:31,365 [Thread-708] INFO  impl.FollowerState (FollowerState.java:run(108)) - 4e1c66a4-792a-4350-b244-4dedea3f57a8@group-488DD1D6D11B-FollowerState: change to CANDIDATE, lastRpcTime:172ms, electionTimeout:172ms
2019-10-15 14:16:31,367 [Thread-708] INFO  impl.RoleInfo (RoleInfo.java:shutdownFollowerState(121)) - 4e1c66a4-792a-4350-b244-4dedea3f57a8: shutdown FollowerState
2019-10-15 14:16:31,367 [Thread-708] INFO  impl.RaftServerImpl (RaftServerImpl.java:setRole(184)) - 4e1c66a4-792a-4350-b244-4dedea3f57a8@group-488DD1D6D11B: changes role from  FOLLOWER to CANDIDATE at term 24 for changeToCandidate
2019-10-15 14:16:31,367 [Thread-708] INFO  impl.RoleInfo (RoleInfo.java:updateAndGet(143)) - 4e1c66a4-792a-4350-b244-4dedea3f57a8: start LeaderElection
2019-10-15 14:16:31,393 [4e1c66a4-792a-4350-b244-4dedea3f57a8@group-488DD1D6D11B-LeaderElection26] INFO  impl.LeaderElection (LeaderElection.java:askForVotes(178)) - 4e1c66a4-792a-4350-b244-4dedea3f57a8@group-488DD1D6D11B-LeaderElection26: begin an election at term 25 for 0: [2ac0d02e-9e70-4102-8ecc-87abf8a9c7ab:192.168.164.232:40013, 4e1c66a4-792a-4350-b244-4dedea3f57a8:192.168.164.232:41177, 350dd957-6baf-44a5-98e5-a3496d7a986b:192.168.164.232:34256], old=null
2019-10-15 14:16:31,396 [grpc-default-executor-6] INFO  impl.RaftServerImpl (RaftServerImpl.java:setRole(184)) - 350dd957-6baf-44a5-98e5-a3496d7a986b@group-488DD1D6D11B: changes role from  FOLLOWER to FOLLOWER at term 25 for recognizeCandidate:4e1c66a4-792a-4350-b244-4dedea3f57a8
2019-10-15 14:16:31,396 [grpc-default-executor-1] INFO  impl.RaftServerImpl (RaftServerImpl.java:setRole(184)) - 2ac0d02e-9e70-4102-8ecc-87abf8a9c7ab@group-488DD1D6D11B: changes role from  FOLLOWER to FOLLOWER at term 25 for recognizeCandidate:4e1c66a4-792a-4350-b244-4dedea3f57a8
2019-10-15 14:16:31,396 [grpc-default-executor-6] INFO  impl.RoleInfo (RoleInfo.java:shutdownFollowerState(121)) - 350dd957-6baf-44a5-98e5-a3496d7a986b: shutdown FollowerState
2019-10-15 14:16:31,396 [grpc-default-executor-1] INFO  impl.RoleInfo (RoleInfo.java:shutdownFollowerState(121)) - 2ac0d02e-9e70-4102-8ecc-87abf8a9c7ab: shutdown FollowerState
2019-10-15 14:16:31,397 [Thread-707] INFO  impl.FollowerState (FollowerState.java:run(117)) - 350dd957-6baf-44a5-98e5-a3496d7a986b@group-488DD1D6D11B-FollowerState was interrupted: java.lang.InterruptedException: sleep interrupted
2019-10-15 14:16:31,397 [grpc-default-executor-6] INFO  impl.RoleInfo (RoleInfo.java:updateAndGet(143)) - 350dd957-6baf-44a5-98e5-a3496d7a986b: start FollowerState
2019-10-15 14:16:31,397 [Thread-706] INFO  impl.FollowerState (FollowerState.java:run(117)) - 2ac0d02e-9e70-4102-8ecc-87abf8a9c7ab@group-488DD1D6D11B-FollowerState was interrupted: java.lang.InterruptedException: sleep interrupted
2019-10-15 14:16:31,397 [grpc-default-executor-1] INFO  impl.RoleInfo (RoleInfo.java:updateAndGet(143)) - 2ac0d02e-9e70-4102-8ecc-87abf8a9c7ab: start FollowerState
2019-10-15 14:16:31,420 [4e1c66a4-792a-4350-b244-4dedea3f57a8@group-488DD1D6D11B-LeaderElection26] INFO  impl.LeaderElection (LeaderElection.java:logAndReturn(56)) - 4e1c66a4-792a-4350-b244-4dedea3f57a8@group-488DD1D6D11B-LeaderElection26: Election REJECTED; received 2 response(s) [4e1c66a4-792a-4350-b244-4dedea3f57a8<-2ac0d02e-9e70-4102-8ecc-87abf8a9c7ab#0:FAIL-t25, 4e1c66a4-792a-4350-b244-4dedea3f57a8<-350dd957-6baf-44a5-98e5-a3496d7a986b#0:FAIL-t25] and 0 exception(s); 4e1c66a4-792a-4350-b244-4dedea3f57a8@group-488DD1D6D11B:t25, leader=null, voted=4e1c66a4-792a-4350-b244-4dedea3f57a8, raftlog=4e1c66a4-792a-4350-b244-4dedea3f57a8@group-488DD1D6D11B-SegmentedRaftLog:OPENED:c3,f4,i4, conf=0: [2ac0d02e-9e70-4102-8ecc-87abf8a9c7ab:192.168.164.232:40013, 4e1c66a4-792a-4350-b244-4dedea3f57a8:192.168.164.232:41177, 350dd957-6baf-44a5-98e5-a3496d7a986b:192.168.164.232:34256], old=null
2019-10-15 14:16:31,420 [4e1c66a4-792a-4350-b244-4dedea3f57a8@group-488DD1D6D11B-LeaderElection26] INFO  impl.RaftServerImpl (RaftServerImpl.java:setRole(184)) - 4e1c66a4-792a-4350-b244-4dedea3f57a8@group-488DD1D6D11B: changes role from CANDIDATE to FOLLOWER at term 25 for DISCOVERED_A_NEW_TERM
2019-10-15 14:16:31,420 [4e1c66a4-792a-4350-b244-4dedea3f57a8@group-488DD1D6D11B-LeaderElection26] INFO  impl.RoleInfo (RoleInfo.java:shutdownLeaderElection(134)) - 4e1c66a4-792a-4350-b244-4dedea3f57a8: shutdown LeaderElection
2019-10-15 14:16:31,420 [4e1c66a4-792a-4350-b244-4dedea3f57a8@group-488DD1D6D11B-LeaderElection26] INFO  impl.RoleInfo (RoleInfo.java:updateAndGet(143)) - 4e1c66a4-792a-4350-b244-4dedea3f57a8: start FollowerState
2019-10-15 14:16:31,429 [Thread-714] INFO  impl.FollowerState (FollowerState.java:run(108)) - 4e1c66a4-792a-4350-b244-4dedea3f57a8@group-488DD1D6D11B-FollowerState: change to CANDIDATE, lastRpcTime:8ms, electionTimeout:8ms
2019-10-15 14:16:31,430 [Thread-714] INFO  impl.RoleInfo (RoleInfo.java:shutdownFollowerState(121)) - 4e1c66a4-792a-4350-b244-4dedea3f57a8: shutdown FollowerState
2019-10-15 14:16:31,430 [Thread-714] INFO  impl.RaftServerImpl (RaftServerImpl.java:setRole(184)) - 4e1c66a4-792a-4350-b244-4dedea3f57a8@group-488DD1D6D11B: changes role from  FOLLOWER to CANDIDATE at term 25 for changeToCandidate
2019-10-15 14:16:31,430 [Thread-714] INFO  impl.RoleInfo (RoleInfo.java:updateAndGet(143)) - 4e1c66a4-792a-4350-b244-4dedea3f57a8: start LeaderElection
2019-10-15 14:16:31,448 [EventQueue-PendingDeleteStatusForPendingDeleteHandler] INFO  block.SCMBlockDeletingService (SCMBlockDeletingService.java:handlePendingDeletes(115)) - Block deletion txnID mismatch in datanode 4e1c66a4-792a-4350-b244-4dedea3f57a8 for containerID 1. Datanode delete txnID: 0, SCM txnID: 1
2019-10-15 14:16:31,452 [4e1c66a4-792a-4350-b244-4dedea3f57a8@group-488DD1D6D11B-LeaderElection27] INFO  impl.LeaderElection (LeaderElection.java:askForVotes(178)) - 4e1c66a4-792a-4350-b244-4dedea3f57a8@group-488DD1D6D11B-LeaderElection27: begin an election at term 26 for 0: [2ac0d02e-9e70-4102-8ecc-87abf8a9c7ab:192.168.164.232:40013, 4e1c66a4-792a-4350-b244-4dedea3f57a8:192.168.164.232:41177, 350dd957-6baf-44a5-98e5-a3496d7a986b:192.168.164.232:34256], old=null
2019-10-15 14:16:31,455 [grpc-default-executor-6] INFO  impl.RaftServerImpl (RaftServerImpl.java:setRole(184)) - 350dd957-6baf-44a5-98e5-a3496d7a986b@group-488DD1D6D11B: changes role from  FOLLOWER to FOLLOWER at term 26 for recognizeCandidate:4e1c66a4-792a-4350-b244-4dedea3f57a8
2019-10-15 14:16:31,455 [grpc-default-executor-6] INFO  impl.RoleInfo (RoleInfo.java:shutdownFollowerState(121)) - 350dd957-6baf-44a5-98e5-a3496d7a986b: shutdown FollowerState
2019-10-15 14:16:31,455 [grpc-default-executor-1] INFO  impl.RaftServerImpl (RaftServerImpl.java:setRole(184)) - 2ac0d02e-9e70-4102-8ecc-87abf8a9c7ab@group-488DD1D6D11B: changes role from  FOLLOWER to FOLLOWER at term 26 for recognizeCandidate:4e1c66a4-792a-4350-b244-4dedea3f57a8
2019-10-15 14:16:31,455 [grpc-default-executor-6] INFO  impl.RoleInfo (RoleInfo.java:updateAndGet(143)) - 350dd957-6baf-44a5-98e5-a3496d7a986b: start FollowerState
2019-10-15 14:16:31,455 [Thread-712] INFO  impl.FollowerState (FollowerState.java:run(117)) - 350dd957-6baf-44a5-98e5-a3496d7a986b@group-488DD1D6D11B-FollowerState was interrupted: java.lang.InterruptedException: sleep interrupted
2019-10-15 14:16:31,456 [grpc-default-executor-1] INFO  impl.RoleInfo (RoleInfo.java:shutdownFollowerState(121)) - 2ac0d02e-9e70-4102-8ecc-87abf8a9c7ab: shutdown FollowerState
2019-10-15 14:16:31,456 [grpc-default-executor-1] INFO  impl.RoleInfo (RoleInfo.java:updateAndGet(143)) - 2ac0d02e-9e70-4102-8ecc-87abf8a9c7ab: start FollowerState
2019-10-15 14:16:31,456 [Thread-713] INFO  impl.FollowerState (FollowerState.java:run(117)) - 2ac0d02e-9e70-4102-8ecc-87abf8a9c7ab@group-488DD1D6D11B-FollowerState was interrupted: java.lang.InterruptedException: sleep interrupted
2019-10-15 14:16:31,472 [4e1c66a4-792a-4350-b244-4dedea3f57a8@group-488DD1D6D11B-LeaderElection27] INFO  impl.LeaderElection (LeaderElection.java:logAndReturn(56)) - 4e1c66a4-792a-4350-b244-4dedea3f57a8@group-488DD1D6D11B-LeaderElection27: Election REJECTED; received 2 response(s) [4e1c66a4-792a-4350-b244-4dedea3f57a8<-2ac0d02e-9e70-4102-8ecc-87abf8a9c7ab#0:FAIL-t26, 4e1c66a4-792a-4350-b244-4dedea3f57a8<-350dd957-6baf-44a5-98e5-a3496d7a986b#0:FAIL-t26] and 0 exception(s); 4e1c66a4-792a-4350-b244-4dedea3f57a8@group-488DD1D6D11B:t26, leader=null, voted=4e1c66a4-792a-4350-b244-4dedea3f57a8, raftlog=4e1c66a4-792a-4350-b244-4dedea3f57a8@group-488DD1D6D11B-SegmentedRaftLog:OPENED:c3,f4,i4, conf=0: [2ac0d02e-9e70-4102-8ecc-87abf8a9c7ab:192.168.164.232:40013, 4e1c66a4-792a-4350-b244-4dedea3f57a8:192.168.164.232:41177, 350dd957-6baf-44a5-98e5-a3496d7a986b:192.168.164.232:34256], old=null
2019-10-15 14:16:31,472 [4e1c66a4-792a-4350-b244-4dedea3f57a8@group-488DD1D6D11B-LeaderElection27] INFO  impl.RaftServerImpl (RaftServerImpl.java:setRole(184)) - 4e1c66a4-792a-4350-b244-4dedea3f57a8@group-488DD1D6D11B: changes role from CANDIDATE to FOLLOWER at term 26 for DISCOVERED_A_NEW_TERM
2019-10-15 14:16:31,473 [4e1c66a4-792a-4350-b244-4dedea3f57a8@group-488DD1D6D11B-LeaderElection27] INFO  impl.RoleInfo (RoleInfo.java:shutdownLeaderElection(134)) - 4e1c66a4-792a-4350-b244-4dedea3f57a8: shutdown LeaderElection
2019-10-15 14:16:31,473 [4e1c66a4-792a-4350-b244-4dedea3f57a8@group-488DD1D6D11B-LeaderElection27] INFO  impl.RoleInfo (RoleInfo.java:updateAndGet(143)) - 4e1c66a4-792a-4350-b244-4dedea3f57a8: start FollowerState
2019-10-15 14:16:31,474 [grpc-default-executor-6] INFO  impl.RaftServerProxy (RaftServerProxy.java:addNew(89)) - 4e1c66a4-792a-4350-b244-4dedea3f57a8: addNew group-7B151949387E:[4e1c66a4-792a-4350-b244-4dedea3f57a8:192.168.164.232:41177] returns group-7B151949387E:java.util.concurrent.CompletableFuture@2451e90c[Not completed]
2019-10-15 14:16:31,477 [pool-59-thread-1] INFO  impl.RaftServerImpl (RaftServerImpl.java:<init>(104)) - 4e1c66a4-792a-4350-b244-4dedea3f57a8: new RaftServerImpl for group-7B151949387E:[4e1c66a4-792a-4350-b244-4dedea3f57a8:192.168.164.232:41177] with ContainerStateMachine:uninitialized
2019-10-15 14:16:31,477 [pool-59-thread-1] INFO  server.RaftServerConfigKeys (ConfUtils.java:logGet(43)) - raft.server.rpc.timeout.min = 5s (custom)
2019-10-15 14:16:31,477 [pool-59-thread-1] INFO  server.RaftServerConfigKeys (ConfUtils.java:logGet(43)) - raft.server.rpc.timeout.max = 5200ms (custom)
2019-10-15 14:16:31,478 [pool-59-thread-1] INFO  server.RaftServerConfigKeys (ConfUtils.java:logGet(43)) - raft.server.rpcslowness.timeout = 1000s (custom)
2019-10-15 14:16:31,478 [pool-59-thread-1] INFO  server.RaftServerConfigKeys (ConfUtils.java:logGet(43)) - raft.server.sleep.deviation.threshold = 300 (default)
2019-10-15 14:16:31,478 [pool-59-thread-1] INFO  server.RaftServerConfigKeys (ConfUtils.java:logGet(43)) - raft.server.log.appender.install.snapshot.enabled = false (custom)
2019-10-15 14:16:31,478 [pool-59-thread-1] INFO  impl.RaftServerImpl (ServerState.java:<init>(103)) - 4e1c66a4-792a-4350-b244-4dedea3f57a8@group-7B151949387E: ConfigurationManager, init=-1: [4e1c66a4-792a-4350-b244-4dedea3f57a8:192.168.164.232:41177], old=null, confs=<EMPTY_MAP>
2019-10-15 14:16:31,478 [pool-59-thread-1] INFO  server.RaftServerConfigKeys (ConfUtils.java:logGet(43)) - raft.server.storage.dir = [/workdir/hadoop-ozone/integration-test/target/test-dir/MiniOzoneClusterImpl-29d02a71-48e9-4ad5-9cfb-48d574ca0fa8/datanode-1/data/ratis] (custom)
2019-10-15 14:16:31,479 [pool-59-thread-1] INFO  server.RaftServerConfigKeys (ConfUtils.java:logGet(43)) - raft.server.log.corruption.policy = EXCEPTION (default)
2019-10-15 14:16:31,479 [pool-59-thread-1] INFO  storage.RaftStorageDirectory (RaftStorageDirectory.java:analyzeStorage(246)) - The storage directory /workdir/hadoop-ozone/integration-test/target/test-dir/MiniOzoneClusterImpl-29d02a71-48e9-4ad5-9cfb-48d574ca0fa8/datanode-1/data/ratis/81b2f205-02b7-4a3b-9599-7b151949387e does not exist. Creating ...
2019-10-15 14:16:31,503 [pool-59-thread-1] INFO  storage.RaftStorageDirectory (RaftStorageDirectory.java:tryLock(328)) - Lock on /workdir/hadoop-ozone/integration-test/target/test-dir/MiniOzoneClusterImpl-29d02a71-48e9-4ad5-9cfb-48d574ca0fa8/datanode-1/data/ratis/81b2f205-02b7-4a3b-9599-7b151949387e/in_use.lock acquired by nodename 14818@dev-nightly-20191015-67qjk-1482321572
2019-10-15 14:16:31,537 [pool-59-thread-1] INFO  storage.RaftStorage (RaftStorage.java:format(84)) - Storage directory /workdir/hadoop-ozone/integration-test/target/test-dir/MiniOzoneClusterImpl-29d02a71-48e9-4ad5-9cfb-48d574ca0fa8/datanode-1/data/ratis/81b2f205-02b7-4a3b-9599-7b151949387e has been successfully formatted.
2019-10-15 14:16:31,538 [pool-59-thread-1] INFO  ratis.ContainerStateMachine (ContainerStateMachine.java:loadSnapshot(231)) - group-7B151949387E: The snapshot info is null. Setting the last applied indexto:(t:0, i:~)
2019-10-15 14:16:31,538 [pool-59-thread-1] INFO  server.RaftServerConfigKeys (ConfUtils.java:logGet(43)) - raft.server.notification.no-leader.timeout = 1000s (custom)
2019-10-15 14:16:31,538 [pool-59-thread-1] INFO  server.RaftServerConfigKeys (ConfUtils.java:logGet(43)) - raft.server.log.use.memory = false (default)
2019-10-15 14:16:31,538 [pool-59-thread-1] INFO  server.RaftServerConfigKeys (ConfUtils.java:logGet(43)) - raft.server.log.purge.gap = 1000000 (custom)
2019-10-15 14:16:31,538 [pool-59-thread-1] INFO  server.RaftServerConfigKeys (ConfUtils.java:logGet(43)) - raft.server.log.appender.buffer.byte-limit = 33554432 (custom)
2019-10-15 14:16:31,538 [pool-59-thread-1] INFO  server.RaftServerConfigKeys (ConfUtils.java:logGet(43)) - raft.server.log.segment.size.max = 1048576 (custom)
2019-10-15 14:16:31,538 [pool-59-thread-1] INFO  server.RaftServerConfigKeys (ConfUtils.java:logGet(43)) - raft.server.log.segment.cache.num.max = 2 (custom)
2019-10-15 14:16:31,539 [pool-59-thread-1] INFO  segmented.SegmentedRaftLogWorker (SegmentedRaftLogWorker.java:<init>(173)) - new 4e1c66a4-792a-4350-b244-4dedea3f57a8@group-7B151949387E-SegmentedRaftLogWorker for RaftStorage:Storage Directory /workdir/hadoop-ozone/integration-test/target/test-dir/MiniOzoneClusterImpl-29d02a71-48e9-4ad5-9cfb-48d574ca0fa8/datanode-1/data/ratis/81b2f205-02b7-4a3b-9599-7b151949387e
2019-10-15 14:16:31,539 [pool-59-thread-1] INFO  server.RaftServerConfigKeys (ConfUtils.java:logGet(43)) - raft.server.log.queue.byte-limit = 2147483647 (custom)
2019-10-15 14:16:31,539 [pool-59-thread-1] INFO  server.RaftServerConfigKeys (ConfUtils.java:logGet(43)) - raft.server.log.queue.element-limit = 1024 (custom)
2019-10-15 14:16:31,539 [pool-59-thread-1] INFO  server.RaftServerConfigKeys (ConfUtils.java:logGet(43)) - raft.server.log.segment.size.max = 1048576 (custom)
2019-10-15 14:16:31,539 [pool-59-thread-1] INFO  server.RaftServerConfigKeys (ConfUtils.java:logGet(43)) - raft.server.log.preallocated.size = 16384 (custom)
2019-10-15 14:16:31,539 [pool-59-thread-1] INFO  server.RaftServerConfigKeys (ConfUtils.java:logGet(43)) - raft.server.log.write.buffer.size = 33554432 (custom)
2019-10-15 14:16:31,539 [pool-59-thread-1] INFO  server.RaftServerConfigKeys (ConfUtils.java:logGet(43)) - raft.server.log.force.sync.num = 128 (default)
2019-10-15 14:16:31,539 [pool-59-thread-1] INFO  server.RaftServerConfigKeys (ConfUtils.java:logGet(43)) - raft.server.log.statemachine.data.sync = true (default)
2019-10-15 14:16:31,540 [pool-59-thread-1] INFO  server.RaftServerConfigKeys (ConfUtils.java:logGet(43)) - raft.server.log.statemachine.data.sync.timeout = 10s (default)
2019-10-15 14:16:31,540 [pool-59-thread-1] INFO  server.RaftServerConfigKeys (ConfUtils.java:logGet(43)) - raft.server.log.statemachine.data.sync.timeout.retry = -1 (default)
2019-10-15 14:16:31,540 [pool-59-thread-1] INFO  server.RaftServerConfigKeys (ConfUtils.java:logGet(43)) - raft.server.log.statemachine.data.caching.enabled = true (custom)
2019-10-15 14:16:31,540 [pool-59-thread-1] INFO  segmented.SegmentedRaftLogWorker (SegmentedRaftLogWorker.java:lambda$new$0(128)) - 4e1c66a4-792a-4350-b244-4dedea3f57a8@group-7B151949387E-SegmentedRaftLogWorker: flushIndex: setUnconditionally 0 -> -1
2019-10-15 14:16:31,541 [pool-59-thread-1] INFO  server.RaftServerConfigKeys (ConfUtils.java:logGet(43)) - raft.server.snapshot.auto.trigger.enabled = true (custom)
2019-10-15 14:16:31,541 [pool-59-thread-1] INFO  server.RaftServerConfigKeys (ConfUtils.java:logGet(43)) - raft.server.snapshot.auto.trigger.threshold = 10000 (custom)
2019-10-15 14:16:31,541 [pool-59-thread-1] INFO  server.RaftServerConfigKeys (ConfUtils.java:logGet(43)) - raft.server.snapshot.retention.file.num = 5 (custom)
2019-10-15 14:16:31,541 [pool-59-thread-1] INFO  server.RaftServerConfigKeys (ConfUtils.java:logGet(43)) - raft.server.retrycache.expirytime = 600000ms (custom)
2019-10-15 14:16:31,545 [pool-59-thread-1] INFO  impl.RaftServerImpl (RaftServerImpl.java:start(195)) - 4e1c66a4-792a-4350-b244-4dedea3f57a8@group-7B151949387E: start as a follower, conf=-1: [4e1c66a4-792a-4350-b244-4dedea3f57a8:192.168.164.232:41177], old=null
2019-10-15 14:16:31,545 [pool-59-thread-1] INFO  impl.RaftServerImpl (RaftServerImpl.java:setRole(184)) - 4e1c66a4-792a-4350-b244-4dedea3f57a8@group-7B151949387E: changes role from      null to FOLLOWER at term 0 for startAsFollower
2019-10-15 14:16:31,545 [pool-59-thread-1] INFO  impl.RoleInfo (RoleInfo.java:updateAndGet(143)) - 4e1c66a4-792a-4350-b244-4dedea3f57a8: start FollowerState
2019-10-15 14:16:31,546 [pool-59-thread-1] INFO  util.JmxRegister (JmxRegister.java:tryRegister(44)) - Successfully registered JMX Bean with object name Ratis:service=RaftServer,group=group-7B151949387E,id=4e1c66a4-792a-4350-b244-4dedea3f57a8
2019-10-15 14:16:31,553 [RatisPipelineUtilsThread] INFO  pipeline.PipelineStateManager (PipelineStateManager.java:addPipeline(56)) - Created pipeline Pipeline[ Id: 81b2f205-02b7-4a3b-9599-7b151949387e, Nodes: 4e1c66a4-792a-4350-b244-4dedea3f57a8{ip: 192.168.164.232, host: dev-nightly-20191015-67qjk-1482321572, networkLocation: /default-rack, certSerialId: null}, Type:RATIS, Factor:ONE, State:OPEN]
2019-10-15 14:16:31,573 [grpc-default-executor-6] INFO  impl.RaftServerProxy (RaftServerProxy.java:addNew(89)) - 4e1c66a4-792a-4350-b244-4dedea3f57a8: addNew group-F1BA4E877FDC:[2ac0d02e-9e70-4102-8ecc-87abf8a9c7ab:192.168.164.232:40013, 4e1c66a4-792a-4350-b244-4dedea3f57a8:192.168.164.232:41177, 350dd957-6baf-44a5-98e5-a3496d7a986b:192.168.164.232:34256] returns group-F1BA4E877FDC:java.util.concurrent.CompletableFuture@656ce337[Not completed]
2019-10-15 14:16:31,573 [grpc-default-executor-4] INFO  impl.RaftServerProxy (RaftServerProxy.java:addNew(89)) - 350dd957-6baf-44a5-98e5-a3496d7a986b: addNew group-F1BA4E877FDC:[2ac0d02e-9e70-4102-8ecc-87abf8a9c7ab:192.168.164.232:40013, 4e1c66a4-792a-4350-b244-4dedea3f57a8:192.168.164.232:41177, 350dd957-6baf-44a5-98e5-a3496d7a986b:192.168.164.232:34256] returns group-F1BA4E877FDC:java.util.concurrent.CompletableFuture@3629395d[Not completed]
2019-10-15 14:16:31,573 [grpc-default-executor-6] INFO  impl.RaftServerProxy (RaftServerProxy.java:addNew(89)) - 2ac0d02e-9e70-4102-8ecc-87abf8a9c7ab: addNew group-F1BA4E877FDC:[2ac0d02e-9e70-4102-8ecc-87abf8a9c7ab:192.168.164.232:40013, 4e1c66a4-792a-4350-b244-4dedea3f57a8:192.168.164.232:41177, 350dd957-6baf-44a5-98e5-a3496d7a986b:192.168.164.232:34256] returns group-F1BA4E877FDC:java.util.concurrent.CompletableFuture@7ff11ac6[Not completed]
2019-10-15 14:16:31,574 [pool-27-thread-1] INFO  impl.RaftServerImpl (RaftServerImpl.java:<init>(104)) - 350dd957-6baf-44a5-98e5-a3496d7a986b: new RaftServerImpl for group-F1BA4E877FDC:[2ac0d02e-9e70-4102-8ecc-87abf8a9c7ab:192.168.164.232:40013, 4e1c66a4-792a-4350-b244-4dedea3f57a8:192.168.164.232:41177, 350dd957-6baf-44a5-98e5-a3496d7a986b:192.168.164.232:34256] with ContainerStateMachine:uninitialized
2019-10-15 14:16:31,574 [pool-27-thread-1] INFO  server.RaftServerConfigKeys (ConfUtils.java:logGet(43)) - raft.server.rpc.timeout.min = 5s (custom)
2019-10-15 14:16:31,574 [pool-27-thread-1] INFO  server.RaftServerConfigKeys (ConfUtils.java:logGet(43)) - raft.server.rpc.timeout.max = 5200ms (custom)
2019-10-15 14:16:31,574 [pool-27-thread-1] INFO  server.RaftServerConfigKeys (ConfUtils.java:logGet(43)) - raft.server.rpcslowness.timeout = 1000s (custom)
2019-10-15 14:16:31,575 [pool-27-thread-1] INFO  server.RaftServerConfigKeys (ConfUtils.java:logGet(43)) - raft.server.sleep.deviation.threshold = 300 (default)
2019-10-15 14:16:31,575 [pool-27-thread-1] INFO  server.RaftServerConfigKeys (ConfUtils.java:logGet(43)) - raft.server.log.appender.install.snapshot.enabled = false (custom)
2019-10-15 14:16:31,575 [pool-27-thread-1] INFO  impl.RaftServerImpl (ServerState.java:<init>(103)) - 350dd957-6baf-44a5-98e5-a3496d7a986b@group-F1BA4E877FDC: ConfigurationManager, init=-1: [2ac0d02e-9e70-4102-8ecc-87abf8a9c7ab:192.168.164.232:40013, 4e1c66a4-792a-4350-b244-4dedea3f57a8:192.168.164.232:41177, 350dd957-6baf-44a5-98e5-a3496d7a986b:192.168.164.232:34256], old=null, confs=<EMPTY_MAP>
2019-10-15 14:16:31,575 [pool-27-thread-1] INFO  server.RaftServerConfigKeys (ConfUtils.java:logGet(43)) - raft.server.storage.dir = [/workdir/hadoop-ozone/integration-test/target/test-dir/MiniOzoneClusterImpl-29d02a71-48e9-4ad5-9cfb-48d574ca0fa8/datanode-0/data/ratis] (custom)
2019-10-15 14:16:31,575 [pool-47-thread-1] INFO  impl.RaftServerImpl (RaftServerImpl.java:<init>(104)) - 2ac0d02e-9e70-4102-8ecc-87abf8a9c7ab: new RaftServerImpl for group-F1BA4E877FDC:[2ac0d02e-9e70-4102-8ecc-87abf8a9c7ab:192.168.164.232:40013, 4e1c66a4-792a-4350-b244-4dedea3f57a8:192.168.164.232:41177, 350dd957-6baf-44a5-98e5-a3496d7a986b:192.168.164.232:34256] with ContainerStateMachine:uninitialized
2019-10-15 14:16:31,575 [pool-27-thread-1] INFO  server.RaftServerConfigKeys (ConfUtils.java:logGet(43)) - raft.server.log.corruption.policy = EXCEPTION (default)
2019-10-15 14:16:31,575 [pool-47-thread-1] INFO  server.RaftServerConfigKeys (ConfUtils.java:logGet(43)) - raft.server.rpc.timeout.min = 5s (custom)
2019-10-15 14:16:31,575 [pool-27-thread-1] INFO  storage.RaftStorageDirectory (RaftStorageDirectory.java:analyzeStorage(246)) - The storage directory /workdir/hadoop-ozone/integration-test/target/test-dir/MiniOzoneClusterImpl-29d02a71-48e9-4ad5-9cfb-48d574ca0fa8/datanode-0/data/ratis/1a32bc3d-7500-47b7-bcd1-f1ba4e877fdc does not exist. Creating ...
2019-10-15 14:16:31,575 [pool-47-thread-1] INFO  server.RaftServerConfigKeys (ConfUtils.java:logGet(43)) - raft.server.rpc.timeout.max = 5200ms (custom)
2019-10-15 14:16:31,575 [pool-47-thread-1] INFO  server.RaftServerConfigKeys (ConfUtils.java:logGet(43)) - raft.server.rpcslowness.timeout = 1000s (custom)
2019-10-15 14:16:31,576 [pool-47-thread-1] INFO  server.RaftServerConfigKeys (ConfUtils.java:logGet(43)) - raft.server.sleep.deviation.threshold = 300 (default)
2019-10-15 14:16:31,576 [pool-47-thread-1] INFO  server.RaftServerConfigKeys (ConfUtils.java:logGet(43)) - raft.server.log.appender.install.snapshot.enabled = false (custom)
2019-10-15 14:16:31,576 [pool-47-thread-1] INFO  impl.RaftServerImpl (ServerState.java:<init>(103)) - 2ac0d02e-9e70-4102-8ecc-87abf8a9c7ab@group-F1BA4E877FDC: ConfigurationManager, init=-1: [2ac0d02e-9e70-4102-8ecc-87abf8a9c7ab:192.168.164.232:40013, 4e1c66a4-792a-4350-b244-4dedea3f57a8:192.168.164.232:41177, 350dd957-6baf-44a5-98e5-a3496d7a986b:192.168.164.232:34256], old=null, confs=<EMPTY_MAP>
2019-10-15 14:16:31,576 [pool-59-thread-1] INFO  impl.RaftServerImpl (RaftServerImpl.java:<init>(104)) - 4e1c66a4-792a-4350-b244-4dedea3f57a8: new RaftServerImpl for group-F1BA4E877FDC:[2ac0d02e-9e70-4102-8ecc-87abf8a9c7ab:192.168.164.232:40013, 4e1c66a4-792a-4350-b244-4dedea3f57a8:192.168.164.232:41177, 350dd957-6baf-44a5-98e5-a3496d7a986b:192.168.164.232:34256] with ContainerStateMachine:uninitialized
2019-10-15 14:16:31,576 [pool-47-thread-1] INFO  server.RaftServerConfigKeys (ConfUtils.java:logGet(43)) - raft.server.storage.dir = [/workdir/hadoop-ozone/integration-test/target/test-dir/MiniOzoneClusterImpl-29d02a71-48e9-4ad5-9cfb-48d574ca0fa8/datanode-2/data/ratis] (custom)
2019-10-15 14:16:31,576 [pool-59-thread-1] INFO  server.RaftServerConfigKeys (ConfUtils.java:logGet(43)) - raft.server.rpc.timeout.min = 5s (custom)
2019-10-15 14:16:31,576 [pool-59-thread-1] INFO  server.RaftServerConfigKeys (ConfUtils.java:logGet(43)) - raft.server.rpc.timeout.max = 5200ms (custom)
2019-10-15 14:16:31,576 [pool-47-thread-1] INFO  server.RaftServerConfigKeys (ConfUtils.java:logGet(43)) - raft.server.log.corruption.policy = EXCEPTION (default)
2019-10-15 14:16:31,576 [pool-59-thread-1] INFO  server.RaftServerConfigKeys (ConfUtils.java:logGet(43)) - raft.server.rpcslowness.timeout = 1000s (custom)
2019-10-15 14:16:31,576 [pool-47-thread-1] INFO  storage.RaftStorageDirectory (RaftStorageDirectory.java:analyzeStorage(246)) - The storage directory /workdir/hadoop-ozone/integration-test/target/test-dir/MiniOzoneClusterImpl-29d02a71-48e9-4ad5-9cfb-48d574ca0fa8/datanode-2/data/ratis/1a32bc3d-7500-47b7-bcd1-f1ba4e877fdc does not exist. Creating ...
2019-10-15 14:16:31,577 [pool-59-thread-1] INFO  server.RaftServerConfigKeys (ConfUtils.java:logGet(43)) - raft.server.sleep.deviation.threshold = 300 (default)
2019-10-15 14:16:31,577 [pool-59-thread-1] INFO  server.RaftServerConfigKeys (ConfUtils.java:logGet(43)) - raft.server.log.appender.install.snapshot.enabled = false (custom)
2019-10-15 14:16:31,577 [pool-59-thread-1] INFO  impl.RaftServerImpl (ServerState.java:<init>(103)) - 4e1c66a4-792a-4350-b244-4dedea3f57a8@group-F1BA4E877FDC: ConfigurationManager, init=-1: [2ac0d02e-9e70-4102-8ecc-87abf8a9c7ab:192.168.164.232:40013, 4e1c66a4-792a-4350-b244-4dedea3f57a8:192.168.164.232:41177, 350dd957-6baf-44a5-98e5-a3496d7a986b:192.168.164.232:34256], old=null, confs=<EMPTY_MAP>
2019-10-15 14:16:31,577 [pool-59-thread-1] INFO  server.RaftServerConfigKeys (ConfUtils.java:logGet(43)) - raft.server.storage.dir = [/workdir/hadoop-ozone/integration-test/target/test-dir/MiniOzoneClusterImpl-29d02a71-48e9-4ad5-9cfb-48d574ca0fa8/datanode-1/data/ratis] (custom)
2019-10-15 14:16:31,577 [pool-59-thread-1] INFO  server.RaftServerConfigKeys (ConfUtils.java:logGet(43)) - raft.server.log.corruption.policy = EXCEPTION (default)
2019-10-15 14:16:31,578 [pool-59-thread-1] INFO  storage.RaftStorageDirectory (RaftStorageDirectory.java:analyzeStorage(246)) - The storage directory /workdir/hadoop-ozone/integration-test/target/test-dir/MiniOzoneClusterImpl-29d02a71-48e9-4ad5-9cfb-48d574ca0fa8/datanode-1/data/ratis/1a32bc3d-7500-47b7-bcd1-f1ba4e877fdc does not exist. Creating ...
2019-10-15 14:16:31,613 [pool-47-thread-1] INFO  storage.RaftStorageDirectory (RaftStorageDirectory.java:tryLock(328)) - Lock on /workdir/hadoop-ozone/integration-test/target/test-dir/MiniOzoneClusterImpl-29d02a71-48e9-4ad5-9cfb-48d574ca0fa8/datanode-2/data/ratis/1a32bc3d-7500-47b7-bcd1-f1ba4e877fdc/in_use.lock acquired by nodename 14818@dev-nightly-20191015-67qjk-1482321572
2019-10-15 14:16:31,613 [pool-59-thread-1] INFO  storage.RaftStorageDirectory (RaftStorageDirectory.java:tryLock(328)) - Lock on /workdir/hadoop-ozone/integration-test/target/test-dir/MiniOzoneClusterImpl-29d02a71-48e9-4ad5-9cfb-48d574ca0fa8/datanode-1/data/ratis/1a32bc3d-7500-47b7-bcd1-f1ba4e877fdc/in_use.lock acquired by nodename 14818@dev-nightly-20191015-67qjk-1482321572
2019-10-15 14:16:31,613 [pool-27-thread-1] INFO  storage.RaftStorageDirectory (RaftStorageDirectory.java:tryLock(328)) - Lock on /workdir/hadoop-ozone/integration-test/target/test-dir/MiniOzoneClusterImpl-29d02a71-48e9-4ad5-9cfb-48d574ca0fa8/datanode-0/data/ratis/1a32bc3d-7500-47b7-bcd1-f1ba4e877fdc/in_use.lock acquired by nodename 14818@dev-nightly-20191015-67qjk-1482321572
2019-10-15 14:16:31,624 [Thread-722] INFO  impl.FollowerState (FollowerState.java:run(108)) - 4e1c66a4-792a-4350-b244-4dedea3f57a8@group-488DD1D6D11B-FollowerState: change to CANDIDATE, lastRpcTime:151ms, electionTimeout:151ms
2019-10-15 14:16:31,624 [Thread-722] INFO  impl.RoleInfo (RoleInfo.java:shutdownFollowerState(121)) - 4e1c66a4-792a-4350-b244-4dedea3f57a8: shutdown FollowerState
2019-10-15 14:16:31,624 [Thread-722] INFO  impl.RaftServerImpl (RaftServerImpl.java:setRole(184)) - 4e1c66a4-792a-4350-b244-4dedea3f57a8@group-488DD1D6D11B: changes role from  FOLLOWER to CANDIDATE at term 26 for changeToCandidate
2019-10-15 14:16:31,625 [Thread-722] INFO  impl.RoleInfo (RoleInfo.java:updateAndGet(143)) - 4e1c66a4-792a-4350-b244-4dedea3f57a8: start LeaderElection
2019-10-15 14:16:31,625 [Thread-724] INFO  impl.FollowerState (FollowerState.java:run(108)) - 4e1c66a4-792a-4350-b244-4dedea3f57a8@group-7B151949387E-FollowerState: change to CANDIDATE, lastRpcTime:80ms, electionTimeout:80ms
2019-10-15 14:16:31,626 [Thread-724] INFO  impl.RoleInfo (RoleInfo.java:shutdownFollowerState(121)) - 4e1c66a4-792a-4350-b244-4dedea3f57a8: shutdown FollowerState
2019-10-15 14:16:31,626 [Thread-724] INFO  impl.RaftServerImpl (RaftServerImpl.java:setRole(184)) - 4e1c66a4-792a-4350-b244-4dedea3f57a8@group-7B151949387E: changes role from  FOLLOWER to CANDIDATE at term 0 for changeToCandidate
2019-10-15 14:16:31,626 [Thread-724] INFO  impl.RoleInfo (RoleInfo.java:updateAndGet(143)) - 4e1c66a4-792a-4350-b244-4dedea3f57a8: start LeaderElection
2019-10-15 14:16:31,639 [pool-27-thread-1] INFO  storage.RaftStorage (RaftStorage.java:format(84)) - Storage directory /workdir/hadoop-ozone/integration-test/target/test-dir/MiniOzoneClusterImpl-29d02a71-48e9-4ad5-9cfb-48d574ca0fa8/datanode-0/data/ratis/1a32bc3d-7500-47b7-bcd1-f1ba4e877fdc has been successfully formatted.
2019-10-15 14:16:31,639 [pool-59-thread-1] INFO  storage.RaftStorage (RaftStorage.java:format(84)) - Storage directory /workdir/hadoop-ozone/integration-test/target/test-dir/MiniOzoneClusterImpl-29d02a71-48e9-4ad5-9cfb-48d574ca0fa8/datanode-1/data/ratis/1a32bc3d-7500-47b7-bcd1-f1ba4e877fdc has been successfully formatted.
2019-10-15 14:16:31,639 [pool-47-thread-1] INFO  storage.RaftStorage (RaftStorage.java:format(84)) - Storage directory /workdir/hadoop-ozone/integration-test/target/test-dir/MiniOzoneClusterImpl-29d02a71-48e9-4ad5-9cfb-48d574ca0fa8/datanode-2/data/ratis/1a32bc3d-7500-47b7-bcd1-f1ba4e877fdc has been successfully formatted.
2019-10-15 14:16:31,639 [pool-27-thread-1] INFO  ratis.ContainerStateMachine (ContainerStateMachine.java:loadSnapshot(231)) - group-F1BA4E877FDC: The snapshot info is null. Setting the last applied indexto:(t:0, i:~)
2019-10-15 14:16:31,639 [pool-59-thread-1] INFO  ratis.ContainerStateMachine (ContainerStateMachine.java:loadSnapshot(231)) - group-F1BA4E877FDC: The snapshot info is null. Setting the last applied indexto:(t:0, i:~)
2019-10-15 14:16:31,639 [pool-27-thread-1] INFO  server.RaftServerConfigKeys (ConfUtils.java:logGet(43)) - raft.server.notification.no-leader.timeout = 1000s (custom)
2019-10-15 14:16:31,639 [pool-47-thread-1] INFO  ratis.ContainerStateMachine (ContainerStateMachine.java:loadSnapshot(231)) - group-F1BA4E877FDC: The snapshot info is null. Setting the last applied indexto:(t:0, i:~)
2019-10-15 14:16:31,640 [pool-27-thread-1] INFO  server.RaftServerConfigKeys (ConfUtils.java:logGet(43)) - raft.server.log.use.memory = false (default)
2019-10-15 14:16:31,640 [pool-59-thread-1] INFO  server.RaftServerConfigKeys (ConfUtils.java:logGet(43)) - raft.server.notification.no-leader.timeout = 1000s (custom)
2019-10-15 14:16:31,640 [pool-27-thread-1] INFO  server.RaftServerConfigKeys (ConfUtils.java:logGet(43)) - raft.server.log.purge.gap = 1000000 (custom)
2019-10-15 14:16:31,640 [pool-47-thread-1] INFO  server.RaftServerConfigKeys (ConfUtils.java:logGet(43)) - raft.server.notification.no-leader.timeout = 1000s (custom)
2019-10-15 14:16:31,640 [pool-27-thread-1] INFO  server.RaftServerConfigKeys (ConfUtils.java:logGet(43)) - raft.server.log.appender.buffer.byte-limit = 33554432 (custom)
2019-10-15 14:16:31,640 [pool-59-thread-1] INFO  server.RaftServerConfigKeys (ConfUtils.java:logGet(43)) - raft.server.log.use.memory = false (default)
2019-10-15 14:16:31,640 [pool-27-thread-1] INFO  server.RaftServerConfigKeys (ConfUtils.java:logGet(43)) - raft.server.log.segment.size.max = 1048576 (custom)
2019-10-15 14:16:31,640 [pool-47-thread-1] INFO  server.RaftServerConfigKeys (ConfUtils.java:logGet(43)) - raft.server.log.use.memory = false (default)
2019-10-15 14:16:31,641 [pool-27-thread-1] INFO  server.RaftServerConfigKeys (ConfUtils.java:logGet(43)) - raft.server.log.segment.cache.num.max = 2 (custom)
2019-10-15 14:16:31,641 [pool-59-thread-1] INFO  server.RaftServerConfigKeys (ConfUtils.java:logGet(43)) - raft.server.log.purge.gap = 1000000 (custom)
2019-10-15 14:16:31,641 [pool-27-thread-1] INFO  segmented.SegmentedRaftLogWorker (SegmentedRaftLogWorker.java:<init>(173)) - new 350dd957-6baf-44a5-98e5-a3496d7a986b@group-F1BA4E877FDC-SegmentedRaftLogWorker for RaftStorage:Storage Directory /workdir/hadoop-ozone/integration-test/target/test-dir/MiniOzoneClusterImpl-29d02a71-48e9-4ad5-9cfb-48d574ca0fa8/datanode-0/data/ratis/1a32bc3d-7500-47b7-bcd1-f1ba4e877fdc
2019-10-15 14:16:31,641 [pool-47-thread-1] INFO  server.RaftServerConfigKeys (ConfUtils.java:logGet(43)) - raft.server.log.purge.gap = 1000000 (custom)
2019-10-15 14:16:31,641 [pool-27-thread-1] INFO  server.RaftServerConfigKeys (ConfUtils.java:logGet(43)) - raft.server.log.queue.byte-limit = 2147483647 (custom)
2019-10-15 14:16:31,641 [pool-59-thread-1] INFO  server.RaftServerConfigKeys (ConfUtils.java:logGet(43)) - raft.server.log.appender.buffer.byte-limit = 33554432 (custom)
2019-10-15 14:16:31,641 [pool-27-thread-1] INFO  server.RaftServerConfigKeys (ConfUtils.java:logGet(43)) - raft.server.log.queue.element-limit = 1024 (custom)
2019-10-15 14:16:31,641 [pool-47-thread-1] INFO  server.RaftServerConfigKeys (ConfUtils.java:logGet(43)) - raft.server.log.appender.buffer.byte-limit = 33554432 (custom)
2019-10-15 14:16:31,641 [pool-27-thread-1] INFO  server.RaftServerConfigKeys (ConfUtils.java:logGet(43)) - raft.server.log.segment.size.max = 1048576 (custom)
2019-10-15 14:16:31,641 [pool-59-thread-1] INFO  server.RaftServerConfigKeys (ConfUtils.java:logGet(43)) - raft.server.log.segment.size.max = 1048576 (custom)
2019-10-15 14:16:31,642 [pool-27-thread-1] INFO  server.RaftServerConfigKeys (ConfUtils.java:logGet(43)) - raft.server.log.preallocated.size = 16384 (custom)
2019-10-15 14:16:31,642 [pool-27-thread-1] INFO  server.RaftServerConfigKeys (ConfUtils.java:logGet(43)) - raft.server.log.write.buffer.size = 33554432 (custom)
2019-10-15 14:16:31,642 [pool-47-thread-1] INFO  server.RaftServerConfigKeys (ConfUtils.java:logGet(43)) - raft.server.log.segment.size.max = 1048576 (custom)
2019-10-15 14:16:31,642 [pool-27-thread-1] INFO  server.RaftServerConfigKeys (ConfUtils.java:logGet(43)) - raft.server.log.force.sync.num = 128 (default)
2019-10-15 14:16:31,642 [pool-59-thread-1] INFO  server.RaftServerConfigKeys (ConfUtils.java:logGet(43)) - raft.server.log.segment.cache.num.max = 2 (custom)
2019-10-15 14:16:31,642 [pool-27-thread-1] INFO  server.RaftServerConfigKeys (ConfUtils.java:logGet(43)) - raft.server.log.statemachine.data.sync = true (default)
2019-10-15 14:16:31,642 [pool-47-thread-1] INFO  server.RaftServerConfigKeys (ConfUtils.java:logGet(43)) - raft.server.log.segment.cache.num.max = 2 (custom)
2019-10-15 14:16:31,642 [pool-27-thread-1] INFO  server.RaftServerConfigKeys (ConfUtils.java:logGet(43)) - raft.server.log.statemachine.data.sync.timeout = 10s (default)
2019-10-15 14:16:31,642 [pool-59-thread-1] INFO  segmented.SegmentedRaftLogWorker (SegmentedRaftLogWorker.java:<init>(173)) - new 4e1c66a4-792a-4350-b244-4dedea3f57a8@group-F1BA4E877FDC-SegmentedRaftLogWorker for RaftStorage:Storage Directory /workdir/hadoop-ozone/integration-test/target/test-dir/MiniOzoneClusterImpl-29d02a71-48e9-4ad5-9cfb-48d574ca0fa8/datanode-1/data/ratis/1a32bc3d-7500-47b7-bcd1-f1ba4e877fdc
2019-10-15 14:16:31,643 [pool-27-thread-1] INFO  server.RaftServerConfigKeys (ConfUtils.java:logGet(43)) - raft.server.log.statemachine.data.sync.timeout.retry = -1 (default)
2019-10-15 14:16:31,643 [pool-47-thread-1] INFO  segmented.SegmentedRaftLogWorker (SegmentedRaftLogWorker.java:<init>(173)) - new 2ac0d02e-9e70-4102-8ecc-87abf8a9c7ab@group-F1BA4E877FDC-SegmentedRaftLogWorker for RaftStorage:Storage Directory /workdir/hadoop-ozone/integration-test/target/test-dir/MiniOzoneClusterImpl-29d02a71-48e9-4ad5-9cfb-48d574ca0fa8/datanode-2/data/ratis/1a32bc3d-7500-47b7-bcd1-f1ba4e877fdc
2019-10-15 14:16:31,643 [pool-27-thread-1] INFO  server.RaftServerConfigKeys (ConfUtils.java:logGet(43)) - raft.server.log.statemachine.data.caching.enabled = true (custom)
2019-10-15 14:16:31,643 [pool-59-thread-1] INFO  server.RaftServerConfigKeys (ConfUtils.java:logGet(43)) - raft.server.log.queue.byte-limit = 2147483647 (custom)
2019-10-15 14:16:31,643 [pool-47-thread-1] INFO  server.RaftServerConfigKeys (ConfUtils.java:logGet(43)) - raft.server.log.queue.byte-limit = 2147483647 (custom)
2019-10-15 14:16:31,643 [pool-59-thread-1] INFO  server.RaftServerConfigKeys (ConfUtils.java:logGet(43)) - raft.server.log.queue.element-limit = 1024 (custom)
2019-10-15 14:16:31,643 [pool-47-thread-1] INFO  server.RaftServerConfigKeys (ConfUtils.java:logGet(43)) - raft.server.log.queue.element-limit = 1024 (custom)
2019-10-15 14:16:31,644 [pool-59-thread-1] INFO  server.RaftServerConfigKeys (ConfUtils.java:logGet(43)) - raft.server.log.segment.size.max = 1048576 (custom)
2019-10-15 14:16:31,644 [pool-47-thread-1] INFO  server.RaftServerConfigKeys (ConfUtils.java:logGet(43)) - raft.server.log.segment.size.max = 1048576 (custom)
2019-10-15 14:16:31,644 [pool-59-thread-1] INFO  server.RaftServerConfigKeys (ConfUtils.java:logGet(43)) - raft.server.log.preallocated.size = 16384 (custom)
2019-10-15 14:16:31,644 [pool-47-thread-1] INFO  server.RaftServerConfigKeys (ConfUtils.java:logGet(43)) - raft.server.log.preallocated.size = 16384 (custom)
2019-10-15 14:16:31,644 [pool-59-thread-1] INFO  server.RaftServerConfigKeys (ConfUtils.java:logGet(43)) - raft.server.log.write.buffer.size = 33554432 (custom)
2019-10-15 14:16:31,644 [pool-47-thread-1] INFO  server.RaftServerConfigKeys (ConfUtils.java:logGet(43)) - raft.server.log.write.buffer.size = 33554432 (custom)
2019-10-15 14:16:31,644 [pool-59-thread-1] INFO  server.RaftServerConfigKeys (ConfUtils.java:logGet(43)) - raft.server.log.force.sync.num = 128 (default)
2019-10-15 14:16:31,644 [pool-47-thread-1] INFO  server.RaftServerConfigKeys (ConfUtils.java:logGet(43)) - raft.server.log.force.sync.num = 128 (default)
2019-10-15 14:16:31,645 [pool-59-thread-1] INFO  server.RaftServerConfigKeys (ConfUtils.java:logGet(43)) - raft.server.log.statemachine.data.sync = true (default)
2019-10-15 14:16:31,645 [pool-47-thread-1] INFO  server.RaftServerConfigKeys (ConfUtils.java:logGet(43)) - raft.server.log.statemachine.data.sync = true (default)
2019-10-15 14:16:31,645 [pool-59-thread-1] INFO  server.RaftServerConfigKeys (ConfUtils.java:logGet(43)) - raft.server.log.statemachine.data.sync.timeout = 10s (default)
2019-10-15 14:16:31,645 [pool-47-thread-1] INFO  server.RaftServerConfigKeys (ConfUtils.java:logGet(43)) - raft.server.log.statemachine.data.sync.timeout = 10s (default)
2019-10-15 14:16:31,645 [pool-59-thread-1] INFO  server.RaftServerConfigKeys (ConfUtils.java:logGet(43)) - raft.server.log.statemachine.data.sync.timeout.retry = -1 (default)
2019-10-15 14:16:31,645 [pool-47-thread-1] INFO  server.RaftServerConfigKeys (ConfUtils.java:logGet(43)) - raft.server.log.statemachine.data.sync.timeout.retry = -1 (default)
2019-10-15 14:16:31,645 [pool-59-thread-1] INFO  server.RaftServerConfigKeys (ConfUtils.java:logGet(43)) - raft.server.log.statemachine.data.caching.enabled = true (custom)
2019-10-15 14:16:31,645 [pool-47-thread-1] INFO  server.RaftServerConfigKeys (ConfUtils.java:logGet(43)) - raft.server.log.statemachine.data.caching.enabled = true (custom)
2019-10-15 14:16:31,648 [pool-27-thread-1] INFO  segmented.SegmentedRaftLogWorker (SegmentedRaftLogWorker.java:lambda$new$0(128)) - 350dd957-6baf-44a5-98e5-a3496d7a986b@group-F1BA4E877FDC-SegmentedRaftLogWorker: flushIndex: setUnconditionally 0 -> -1
2019-10-15 14:16:31,648 [pool-59-thread-1] INFO  segmented.SegmentedRaftLogWorker (SegmentedRaftLogWorker.java:lambda$new$0(128)) - 4e1c66a4-792a-4350-b244-4dedea3f57a8@group-F1BA4E877FDC-SegmentedRaftLogWorker: flushIndex: setUnconditionally 0 -> -1
2019-10-15 14:16:31,648 [pool-47-thread-1] INFO  segmented.SegmentedRaftLogWorker (SegmentedRaftLogWorker.java:lambda$new$0(128)) - 2ac0d02e-9e70-4102-8ecc-87abf8a9c7ab@group-F1BA4E877FDC-SegmentedRaftLogWorker: flushIndex: setUnconditionally 0 -> -1
2019-10-15 14:16:31,648 [pool-27-thread-1] INFO  server.RaftServerConfigKeys (ConfUtils.java:logGet(43)) - raft.server.snapshot.auto.trigger.enabled = true (custom)
2019-10-15 14:16:31,648 [pool-59-thread-1] INFO  server.RaftServerConfigKeys (ConfUtils.java:logGet(43)) - raft.server.snapshot.auto.trigger.enabled = true (custom)
2019-10-15 14:16:31,648 [pool-27-thread-1] INFO  server.RaftServerConfigKeys (ConfUtils.java:logGet(43)) - raft.server.snapshot.auto.trigger.threshold = 10000 (custom)
2019-10-15 14:16:31,648 [pool-59-thread-1] INFO  server.RaftServerConfigKeys (ConfUtils.java:logGet(43)) - raft.server.snapshot.auto.trigger.threshold = 10000 (custom)
2019-10-15 14:16:31,648 [pool-47-thread-1] INFO  server.RaftServerConfigKeys (ConfUtils.java:logGet(43)) - raft.server.snapshot.auto.trigger.enabled = true (custom)
2019-10-15 14:16:31,649 [pool-59-thread-1] INFO  server.RaftServerConfigKeys (ConfUtils.java:logGet(43)) - raft.server.snapshot.retention.file.num = 5 (custom)
2019-10-15 14:16:31,648 [EventQueue-PendingDeleteStatusForPendingDeleteHandler] INFO  block.SCMBlockDeletingService (SCMBlockDeletingService.java:handlePendingDeletes(115)) - Block deletion txnID mismatch in datanode 4e1c66a4-792a-4350-b244-4dedea3f57a8 for containerID 1. Datanode delete txnID: 0, SCM txnID: 1
2019-10-15 14:16:31,648 [pool-27-thread-1] INFO  server.RaftServerConfigKeys (ConfUtils.java:logGet(43)) - raft.server.snapshot.retention.file.num = 5 (custom)
2019-10-15 14:16:31,649 [pool-59-thread-1] INFO  server.RaftServerConfigKeys (ConfUtils.java:logGet(43)) - raft.server.retrycache.expirytime = 600000ms (custom)
2019-10-15 14:16:31,649 [pool-47-thread-1] INFO  server.RaftServerConfigKeys (ConfUtils.java:logGet(43)) - raft.server.snapshot.auto.trigger.threshold = 10000 (custom)
2019-10-15 14:16:31,649 [pool-27-thread-1] INFO  server.RaftServerConfigKeys (ConfUtils.java:logGet(43)) - raft.server.retrycache.expirytime = 600000ms (custom)
2019-10-15 14:16:31,649 [pool-47-thread-1] INFO  server.RaftServerConfigKeys (ConfUtils.java:logGet(43)) - raft.server.snapshot.retention.file.num = 5 (custom)
2019-10-15 14:16:31,649 [pool-47-thread-1] INFO  server.RaftServerConfigKeys (ConfUtils.java:logGet(43)) - raft.server.retrycache.expirytime = 600000ms (custom)
2019-10-15 14:16:31,653 [pool-59-thread-1] INFO  impl.RaftServerImpl (RaftServerImpl.java:start(195)) - 4e1c66a4-792a-4350-b244-4dedea3f57a8@group-F1BA4E877FDC: start as a follower, conf=-1: [2ac0d02e-9e70-4102-8ecc-87abf8a9c7ab:192.168.164.232:40013, 4e1c66a4-792a-4350-b244-4dedea3f57a8:192.168.164.232:41177, 350dd957-6baf-44a5-98e5-a3496d7a986b:192.168.164.232:34256], old=null
2019-10-15 14:16:31,653 [pool-59-thread-1] INFO  impl.RaftServerImpl (RaftServerImpl.java:setRole(184)) - 4e1c66a4-792a-4350-b244-4dedea3f57a8@group-F1BA4E877FDC: changes role from      null to FOLLOWER at term 0 for startAsFollower
2019-10-15 14:16:31,654 [pool-59-thread-1] INFO  impl.RoleInfo (RoleInfo.java:updateAndGet(143)) - 4e1c66a4-792a-4350-b244-4dedea3f57a8: start FollowerState
2019-10-15 14:16:31,654 [pool-59-thread-1] INFO  util.JmxRegister (JmxRegister.java:tryRegister(44)) - Successfully registered JMX Bean with object name Ratis:service=RaftServer,group=group-F1BA4E877FDC,id=4e1c66a4-792a-4350-b244-4dedea3f57a8
2019-10-15 14:16:31,654 [pool-47-thread-1] INFO  impl.RaftServerImpl (RaftServerImpl.java:start(195)) - 2ac0d02e-9e70-4102-8ecc-87abf8a9c7ab@group-F1BA4E877FDC: start as a follower, conf=-1: [2ac0d02e-9e70-4102-8ecc-87abf8a9c7ab:192.168.164.232:40013, 4e1c66a4-792a-4350-b244-4dedea3f57a8:192.168.164.232:41177, 350dd957-6baf-44a5-98e5-a3496d7a986b:192.168.164.232:34256], old=null
2019-10-15 14:16:31,654 [pool-27-thread-1] INFO  impl.RaftServerImpl (RaftServerImpl.java:start(195)) - 350dd957-6baf-44a5-98e5-a3496d7a986b@group-F1BA4E877FDC: start as a follower, conf=-1: [2ac0d02e-9e70-4102-8ecc-87abf8a9c7ab:192.168.164.232:40013, 4e1c66a4-792a-4350-b244-4dedea3f57a8:192.168.164.232:41177, 350dd957-6baf-44a5-98e5-a3496d7a986b:192.168.164.232:34256], old=null
2019-10-15 14:16:31,654 [pool-47-thread-1] INFO  impl.RaftServerImpl (RaftServerImpl.java:setRole(184)) - 2ac0d02e-9e70-4102-8ecc-87abf8a9c7ab@group-F1BA4E877FDC: changes role from      null to FOLLOWER at term 0 for startAsFollower
2019-10-15 14:16:31,654 [pool-27-thread-1] INFO  impl.RaftServerImpl (RaftServerImpl.java:setRole(184)) - 350dd957-6baf-44a5-98e5-a3496d7a986b@group-F1BA4E877FDC: changes role from      null to FOLLOWER at term 0 for startAsFollower
2019-10-15 14:16:31,654 [pool-47-thread-1] INFO  impl.RoleInfo (RoleInfo.java:updateAndGet(143)) - 2ac0d02e-9e70-4102-8ecc-87abf8a9c7ab: start FollowerState
2019-10-15 14:16:31,655 [pool-27-thread-1] INFO  impl.RoleInfo (RoleInfo.java:updateAndGet(143)) - 350dd957-6baf-44a5-98e5-a3496d7a986b: start FollowerState
2019-10-15 14:16:31,655 [pool-47-thread-1] INFO  util.JmxRegister (JmxRegister.java:tryRegister(44)) - Successfully registered JMX Bean with object name Ratis:service=RaftServer,group=group-F1BA4E877FDC,id=2ac0d02e-9e70-4102-8ecc-87abf8a9c7ab
2019-10-15 14:16:31,655 [pool-27-thread-1] INFO  util.JmxRegister (JmxRegister.java:tryRegister(44)) - Successfully registered JMX Bean with object name Ratis:service=RaftServer,group=group-F1BA4E877FDC,id=350dd957-6baf-44a5-98e5-a3496d7a986b
2019-10-15 14:16:31,656 [4e1c66a4-792a-4350-b244-4dedea3f57a8@group-7B151949387E-LeaderElection29] INFO  impl.LeaderElection (LeaderElection.java:askForVotes(178)) - 4e1c66a4-792a-4350-b244-4dedea3f57a8@group-7B151949387E-LeaderElection29: begin an election at term 1 for -1: [4e1c66a4-792a-4350-b244-4dedea3f57a8:192.168.164.232:41177], old=null
2019-10-15 14:16:31,656 [4e1c66a4-792a-4350-b244-4dedea3f57a8@group-488DD1D6D11B-LeaderElection28] INFO  impl.LeaderElection (LeaderElection.java:askForVotes(178)) - 4e1c66a4-792a-4350-b244-4dedea3f57a8@group-488DD1D6D11B-LeaderElection28: begin an election at term 27 for 0: [2ac0d02e-9e70-4102-8ecc-87abf8a9c7ab:192.168.164.232:40013, 4e1c66a4-792a-4350-b244-4dedea3f57a8:192.168.164.232:41177, 350dd957-6baf-44a5-98e5-a3496d7a986b:192.168.164.232:34256], old=null
2019-10-15 14:16:31,656 [4e1c66a4-792a-4350-b244-4dedea3f57a8@group-7B151949387E-LeaderElection29] INFO  impl.RoleInfo (RoleInfo.java:shutdownLeaderElection(134)) - 4e1c66a4-792a-4350-b244-4dedea3f57a8: shutdown LeaderElection
2019-10-15 14:16:31,656 [4e1c66a4-792a-4350-b244-4dedea3f57a8@group-7B151949387E-LeaderElection29] INFO  impl.RaftServerImpl (RaftServerImpl.java:setRole(184)) - 4e1c66a4-792a-4350-b244-4dedea3f57a8@group-7B151949387E: changes role from CANDIDATE to LEADER at term 1 for changeToLeader
2019-10-15 14:16:31,656 [4e1c66a4-792a-4350-b244-4dedea3f57a8@group-7B151949387E-LeaderElection29] INFO  impl.RaftServerImpl (ServerState.java:setLeader(256)) - 4e1c66a4-792a-4350-b244-4dedea3f57a8@group-7B151949387E: change Leader from null to 4e1c66a4-792a-4350-b244-4dedea3f57a8 at term 1 for becomeLeader, leader elected after 118ms
2019-10-15 14:16:31,657 [4e1c66a4-792a-4350-b244-4dedea3f57a8@group-7B151949387E-LeaderElection29] INFO  server.RaftServerConfigKeys (ConfUtils.java:logGet(43)) - raft.server.staging.catchup.gap = 1000 (default)
2019-10-15 14:16:31,657 [4e1c66a4-792a-4350-b244-4dedea3f57a8@group-7B151949387E-LeaderElection29] INFO  server.RaftServerConfigKeys (ConfUtils.java:logGet(43)) - raft.server.rpc.sleep.time = 25ms (default)
2019-10-15 14:16:31,657 [4e1c66a4-792a-4350-b244-4dedea3f57a8@group-7B151949387E-LeaderElection29] INFO  server.RaftServerConfigKeys (ConfUtils.java:logGet(43)) - raft.server.write.element-limit = 4096 (default)
2019-10-15 14:16:31,657 [4e1c66a4-792a-4350-b244-4dedea3f57a8@group-7B151949387E-LeaderElection29] INFO  server.RaftServerConfigKeys (ConfUtils.java:logGet(43)) - raft.server.watch.timeout = 10s (default)
2019-10-15 14:16:31,657 [4e1c66a4-792a-4350-b244-4dedea3f57a8@group-7B151949387E-LeaderElection29] INFO  server.RaftServerConfigKeys (ConfUtils.java:logGet(43)) - raft.server.watch.timeout.denomination = 1s (default)
2019-10-15 14:16:31,657 [4e1c66a4-792a-4350-b244-4dedea3f57a8@group-7B151949387E-LeaderElection29] INFO  server.RaftServerConfigKeys (ConfUtils.java:logGet(43)) - raft.server.watch.element-limit = 65536 (default)
2019-10-15 14:16:31,660 [grpc-default-executor-6] INFO  impl.RaftServerImpl (RaftServerImpl.java:setRole(184)) - 2ac0d02e-9e70-4102-8ecc-87abf8a9c7ab@group-488DD1D6D11B: changes role from  FOLLOWER to FOLLOWER at term 27 for recognizeCandidate:4e1c66a4-792a-4350-b244-4dedea3f57a8
2019-10-15 14:16:31,660 [grpc-default-executor-4] INFO  impl.RaftServerImpl (RaftServerImpl.java:setRole(184)) - 350dd957-6baf-44a5-98e5-a3496d7a986b@group-488DD1D6D11B: changes role from  FOLLOWER to FOLLOWER at term 27 for recognizeCandidate:4e1c66a4-792a-4350-b244-4dedea3f57a8
2019-10-15 14:16:31,661 [grpc-default-executor-6] INFO  impl.RoleInfo (RoleInfo.java:shutdownFollowerState(121)) - 2ac0d02e-9e70-4102-8ecc-87abf8a9c7ab: shutdown FollowerState
2019-10-15 14:16:31,661 [grpc-default-executor-4] INFO  impl.RoleInfo (RoleInfo.java:shutdownFollowerState(121)) - 350dd957-6baf-44a5-98e5-a3496d7a986b: shutdown FollowerState
2019-10-15 14:16:31,661 [Thread-719] INFO  impl.FollowerState (FollowerState.java:run(117)) - 2ac0d02e-9e70-4102-8ecc-87abf8a9c7ab@group-488DD1D6D11B-FollowerState was interrupted: java.lang.InterruptedException: sleep interrupted
2019-10-15 14:16:31,661 [grpc-default-executor-6] INFO  impl.RoleInfo (RoleInfo.java:updateAndGet(143)) - 2ac0d02e-9e70-4102-8ecc-87abf8a9c7ab: start FollowerState
2019-10-15 14:16:31,661 [Thread-718] INFO  impl.FollowerState (FollowerState.java:run(117)) - 350dd957-6baf-44a5-98e5-a3496d7a986b@group-488DD1D6D11B-FollowerState was interrupted: java.lang.InterruptedException: sleep interrupted
2019-10-15 14:16:31,661 [grpc-default-executor-4] INFO  impl.RoleInfo (RoleInfo.java:updateAndGet(143)) - 350dd957-6baf-44a5-98e5-a3496d7a986b: start FollowerState
2019-10-15 14:16:31,665 [4e1c66a4-792a-4350-b244-4dedea3f57a8@group-7B151949387E-LeaderElection29] INFO  impl.RoleInfo (RoleInfo.java:updateAndGet(143)) - 4e1c66a4-792a-4350-b244-4dedea3f57a8: start LeaderState
2019-10-15 14:16:31,670 [4e1c66a4-792a-4350-b244-4dedea3f57a8@group-7B151949387E-LeaderElection29] INFO  segmented.SegmentedRaftLogWorker (SegmentedRaftLogWorker.java:startLogSegment(385)) - 4e1c66a4-792a-4350-b244-4dedea3f57a8@group-7B151949387E-SegmentedRaftLogWorker: Starting segment from index:0
2019-10-15 14:16:31,671 [4e1c66a4-792a-4350-b244-4dedea3f57a8@group-7B151949387E-LeaderElection29] INFO  impl.RaftServerImpl (ServerState.java:setRaftConf(357)) - 4e1c66a4-792a-4350-b244-4dedea3f57a8@group-7B151949387E: set configuration 0: [4e1c66a4-792a-4350-b244-4dedea3f57a8:192.168.164.232:41177], old=null at 0
2019-10-15 14:16:31,672 [RatisPipelineUtilsThread] INFO  pipeline.PipelineStateManager (PipelineStateManager.java:addPipeline(56)) - Created pipeline Pipeline[ Id: 1a32bc3d-7500-47b7-bcd1-f1ba4e877fdc, Nodes: 2ac0d02e-9e70-4102-8ecc-87abf8a9c7ab{ip: 192.168.164.232, host: dev-nightly-20191015-67qjk-1482321572, networkLocation: /default-rack, certSerialId: null}4e1c66a4-792a-4350-b244-4dedea3f57a8{ip: 192.168.164.232, host: dev-nightly-20191015-67qjk-1482321572, networkLocation: /default-rack, certSerialId: null}350dd957-6baf-44a5-98e5-a3496d7a986b{ip: 192.168.164.232, host: dev-nightly-20191015-67qjk-1482321572, networkLocation: /default-rack, certSerialId: null}, Type:RATIS, Factor:THREE, State:OPEN]
2019-10-15 14:16:31,692 [4e1c66a4-792a-4350-b244-4dedea3f57a8@group-488DD1D6D11B-LeaderElection28] INFO  impl.LeaderElection (LeaderElection.java:logAndReturn(56)) - 4e1c66a4-792a-4350-b244-4dedea3f57a8@group-488DD1D6D11B-LeaderElection28: Election REJECTED; received 2 response(s) [4e1c66a4-792a-4350-b244-4dedea3f57a8<-2ac0d02e-9e70-4102-8ecc-87abf8a9c7ab#0:FAIL-t27, 4e1c66a4-792a-4350-b244-4dedea3f57a8<-350dd957-6baf-44a5-98e5-a3496d7a986b#0:FAIL-t27] and 0 exception(s); 4e1c66a4-792a-4350-b244-4dedea3f57a8@group-488DD1D6D11B:t27, leader=null, voted=4e1c66a4-792a-4350-b244-4dedea3f57a8, raftlog=4e1c66a4-792a-4350-b244-4dedea3f57a8@group-488DD1D6D11B-SegmentedRaftLog:OPENED:c3,f4,i4, conf=0: [2ac0d02e-9e70-4102-8ecc-87abf8a9c7ab:192.168.164.232:40013, 4e1c66a4-792a-4350-b244-4dedea3f57a8:192.168.164.232:41177, 350dd957-6baf-44a5-98e5-a3496d7a986b:192.168.164.232:34256], old=null
2019-10-15 14:16:31,693 [4e1c66a4-792a-4350-b244-4dedea3f57a8@group-488DD1D6D11B-LeaderElection28] INFO  impl.RaftServerImpl (RaftServerImpl.java:setRole(184)) - 4e1c66a4-792a-4350-b244-4dedea3f57a8@group-488DD1D6D11B: changes role from CANDIDATE to FOLLOWER at term 27 for DISCOVERED_A_NEW_TERM
2019-10-15 14:16:31,693 [4e1c66a4-792a-4350-b244-4dedea3f57a8@group-488DD1D6D11B-LeaderElection28] INFO  impl.RoleInfo (RoleInfo.java:shutdownLeaderElection(134)) - 4e1c66a4-792a-4350-b244-4dedea3f57a8: shutdown LeaderElection
2019-10-15 14:16:31,693 [4e1c66a4-792a-4350-b244-4dedea3f57a8@group-488DD1D6D11B-LeaderElection28] INFO  impl.RoleInfo (RoleInfo.java:updateAndGet(143)) - 4e1c66a4-792a-4350-b244-4dedea3f57a8: start FollowerState
2019-10-15 14:16:31,708 [Thread-742] INFO  impl.FollowerState (FollowerState.java:run(108)) - 4e1c66a4-792a-4350-b244-4dedea3f57a8@group-488DD1D6D11B-FollowerState: change to CANDIDATE, lastRpcTime:15ms, electionTimeout:15ms
2019-10-15 14:16:31,710 [Thread-733] INFO  impl.FollowerState (FollowerState.java:run(108)) - 350dd957-6baf-44a5-98e5-a3496d7a986b@group-F1BA4E877FDC-FollowerState: change to CANDIDATE, lastRpcTime:55ms, electionTimeout:55ms
2019-10-15 14:16:31,710 [Thread-742] INFO  impl.RoleInfo (RoleInfo.java:shutdownFollowerState(121)) - 4e1c66a4-792a-4350-b244-4dedea3f57a8: shutdown FollowerState
2019-10-15 14:16:31,711 [Thread-742] INFO  impl.RaftServerImpl (RaftServerImpl.java:setRole(184)) - 4e1c66a4-792a-4350-b244-4dedea3f57a8@group-488DD1D6D11B: changes role from  FOLLOWER to CANDIDATE at term 27 for changeToCandidate
2019-10-15 14:16:31,711 [Thread-733] INFO  impl.RoleInfo (RoleInfo.java:shutdownFollowerState(121)) - 350dd957-6baf-44a5-98e5-a3496d7a986b: shutdown FollowerState
2019-10-15 14:16:31,711 [Thread-742] INFO  impl.RoleInfo (RoleInfo.java:updateAndGet(143)) - 4e1c66a4-792a-4350-b244-4dedea3f57a8: start LeaderElection
2019-10-15 14:16:31,711 [Thread-733] INFO  impl.RaftServerImpl (RaftServerImpl.java:setRole(184)) - 350dd957-6baf-44a5-98e5-a3496d7a986b@group-F1BA4E877FDC: changes role from  FOLLOWER to CANDIDATE at term 0 for changeToCandidate
2019-10-15 14:16:31,711 [Thread-733] INFO  impl.RoleInfo (RoleInfo.java:updateAndGet(143)) - 350dd957-6baf-44a5-98e5-a3496d7a986b: start LeaderElection
2019-10-15 14:16:31,725 [4e1c66a4-792a-4350-b244-4dedea3f57a8@group-7B151949387E-SegmentedRaftLogWorker] INFO  segmented.SegmentedRaftLogWorker (SegmentedRaftLogWorker.java:execute(576)) - 4e1c66a4-792a-4350-b244-4dedea3f57a8@group-7B151949387E-SegmentedRaftLogWorker: created new log segment /workdir/hadoop-ozone/integration-test/target/test-dir/MiniOzoneClusterImpl-29d02a71-48e9-4ad5-9cfb-48d574ca0fa8/datanode-1/data/ratis/81b2f205-02b7-4a3b-9599-7b151949387e/current/log_inprogress_0
2019-10-15 14:16:31,742 [4e1c66a4-792a-4350-b244-4dedea3f57a8@group-488DD1D6D11B-LeaderElection30] INFO  impl.LeaderElection (LeaderElection.java:askForVotes(178)) - 4e1c66a4-792a-4350-b244-4dedea3f57a8@group-488DD1D6D11B-LeaderElection30: begin an election at term 28 for 0: [2ac0d02e-9e70-4102-8ecc-87abf8a9c7ab:192.168.164.232:40013, 4e1c66a4-792a-4350-b244-4dedea3f57a8:192.168.164.232:41177, 350dd957-6baf-44a5-98e5-a3496d7a986b:192.168.164.232:34256], old=null
2019-10-15 14:16:31,742 [350dd957-6baf-44a5-98e5-a3496d7a986b@group-F1BA4E877FDC-LeaderElection31] INFO  impl.LeaderElection (LeaderElection.java:askForVotes(178)) - 350dd957-6baf-44a5-98e5-a3496d7a986b@group-F1BA4E877FDC-LeaderElection31: begin an election at term 1 for -1: [2ac0d02e-9e70-4102-8ecc-87abf8a9c7ab:192.168.164.232:40013, 4e1c66a4-792a-4350-b244-4dedea3f57a8:192.168.164.232:41177, 350dd957-6baf-44a5-98e5-a3496d7a986b:192.168.164.232:34256], old=null
2019-10-15 14:16:31,748 [grpc-default-executor-4] INFO  impl.RaftServerImpl (RaftServerImpl.java:setRole(184)) - 2ac0d02e-9e70-4102-8ecc-87abf8a9c7ab@group-F1BA4E877FDC: changes role from  FOLLOWER to FOLLOWER at term 1 for recognizeCandidate:350dd957-6baf-44a5-98e5-a3496d7a986b
2019-10-15 14:16:31,749 [grpc-default-executor-4] INFO  impl.RoleInfo (RoleInfo.java:shutdownFollowerState(121)) - 2ac0d02e-9e70-4102-8ecc-87abf8a9c7ab: shutdown FollowerState
2019-10-15 14:16:31,749 [grpc-default-executor-6] INFO  impl.RaftServerImpl (RaftServerImpl.java:setRole(184)) - 2ac0d02e-9e70-4102-8ecc-87abf8a9c7ab@group-488DD1D6D11B: changes role from  FOLLOWER to FOLLOWER at term 28 for recognizeCandidate:4e1c66a4-792a-4350-b244-4dedea3f57a8
2019-10-15 14:16:31,751 [grpc-default-executor-6] INFO  impl.RoleInfo (RoleInfo.java:shutdownFollowerState(121)) - 2ac0d02e-9e70-4102-8ecc-87abf8a9c7ab: shutdown FollowerState
2019-10-15 14:16:31,749 [Thread-732] INFO  impl.FollowerState (FollowerState.java:run(117)) - 2ac0d02e-9e70-4102-8ecc-87abf8a9c7ab@group-F1BA4E877FDC-FollowerState was interrupted: java.lang.InterruptedException: sleep interrupted
2019-10-15 14:16:31,751 [Thread-739] INFO  impl.FollowerState (FollowerState.java:run(117)) - 2ac0d02e-9e70-4102-8ecc-87abf8a9c7ab@group-488DD1D6D11B-FollowerState was interrupted: java.lang.InterruptedException: sleep interrupted
2019-10-15 14:16:31,751 [grpc-default-executor-0] INFO  impl.RaftServerImpl (RaftServerImpl.java:setRole(184)) - 350dd957-6baf-44a5-98e5-a3496d7a986b@group-488DD1D6D11B: changes role from  FOLLOWER to FOLLOWER at term 28 for recognizeCandidate:4e1c66a4-792a-4350-b244-4dedea3f57a8
2019-10-15 14:16:31,753 [grpc-default-executor-0] INFO  impl.RoleInfo (RoleInfo.java:shutdownFollowerState(121)) - 350dd957-6baf-44a5-98e5-a3496d7a986b: shutdown FollowerState
2019-10-15 14:16:31,751 [grpc-default-executor-6] INFO  impl.RoleInfo (RoleInfo.java:updateAndGet(143)) - 2ac0d02e-9e70-4102-8ecc-87abf8a9c7ab: start FollowerState
2019-10-15 14:16:31,751 [grpc-default-executor-4] INFO  impl.RoleInfo (RoleInfo.java:updateAndGet(143)) - 2ac0d02e-9e70-4102-8ecc-87abf8a9c7ab: start FollowerState
2019-10-15 14:16:31,754 [grpc-default-executor-0] INFO  impl.RoleInfo (RoleInfo.java:updateAndGet(143)) - 350dd957-6baf-44a5-98e5-a3496d7a986b: start FollowerState
2019-10-15 14:16:31,754 [Thread-740] INFO  impl.FollowerState (FollowerState.java:run(117)) - 350dd957-6baf-44a5-98e5-a3496d7a986b@group-488DD1D6D11B-FollowerState was interrupted: java.lang.InterruptedException: sleep interrupted
2019-10-15 14:16:31,758 [grpc-default-executor-1] INFO  impl.RaftServerImpl (RaftServerImpl.java:setRole(184)) - 4e1c66a4-792a-4350-b244-4dedea3f57a8@group-F1BA4E877FDC: changes role from  FOLLOWER to FOLLOWER at term 1 for recognizeCandidate:350dd957-6baf-44a5-98e5-a3496d7a986b
2019-10-15 14:16:31,758 [grpc-default-executor-1] INFO  impl.RoleInfo (RoleInfo.java:shutdownFollowerState(121)) - 4e1c66a4-792a-4350-b244-4dedea3f57a8: shutdown FollowerState
2019-10-15 14:16:31,758 [grpc-default-executor-1] INFO  impl.RoleInfo (RoleInfo.java:updateAndGet(143)) - 4e1c66a4-792a-4350-b244-4dedea3f57a8: start FollowerState
2019-10-15 14:16:31,759 [Thread-754] INFO  client.GrpcClientProtocolService (GrpcClientProtocolService.java:lambda$processClientRequest$0(278)) - Failed RaftClientRequest:client-E8AF2CDF2BB3->2ac0d02e-9e70-4102-8ecc-87abf8a9c7ab@group-488DD1D6D11B, cid=10, seq=0, Watch-ALL_COMMITTED(6), Message:<EMPTY>, reply=RaftClientReply:client-E8AF2CDF2BB3->2ac0d02e-9e70-4102-8ecc-87abf8a9c7ab@group-488DD1D6D11B, cid=10, FAILED org.apache.ratis.protocol.NotLeaderException: Server 2ac0d02e-9e70-4102-8ecc-87abf8a9c7ab@group-488DD1D6D11B is not the leader, logIndex=0, commits[2ac0d02e-9e70-4102-8ecc-87abf8a9c7ab:c10, 4e1c66a4-792a-4350-b244-4dedea3f57a8:c4, 350dd957-6baf-44a5-98e5-a3496d7a986b:c10]
2019-10-15 14:16:31,793 [Thread-753] INFO  impl.FollowerState (FollowerState.java:run(108)) - 4e1c66a4-792a-4350-b244-4dedea3f57a8@group-F1BA4E877FDC-FollowerState: change to CANDIDATE, lastRpcTime:34ms, electionTimeout:7ms
2019-10-15 14:16:31,793 [Thread-753] INFO  impl.RoleInfo (RoleInfo.java:shutdownFollowerState(121)) - 4e1c66a4-792a-4350-b244-4dedea3f57a8: shutdown FollowerState
2019-10-15 14:16:31,793 [Thread-753] INFO  impl.RaftServerImpl (RaftServerImpl.java:setRole(184)) - 4e1c66a4-792a-4350-b244-4dedea3f57a8@group-F1BA4E877FDC: changes role from  FOLLOWER to CANDIDATE at term 1 for changeToCandidate
2019-10-15 14:16:31,794 [Thread-753] INFO  impl.RoleInfo (RoleInfo.java:updateAndGet(143)) - 4e1c66a4-792a-4350-b244-4dedea3f57a8: start LeaderElection
2019-10-15 14:16:31,797 [4e1c66a4-792a-4350-b244-4dedea3f57a8@group-488DD1D6D11B-LeaderElection30] INFO  impl.LeaderElection (LeaderElection.java:logAndReturn(56)) - 4e1c66a4-792a-4350-b244-4dedea3f57a8@group-488DD1D6D11B-LeaderElection30: Election REJECTED; received 2 response(s) [4e1c66a4-792a-4350-b244-4dedea3f57a8<-2ac0d02e-9e70-4102-8ecc-87abf8a9c7ab#0:FAIL-t28, 4e1c66a4-792a-4350-b244-4dedea3f57a8<-350dd957-6baf-44a5-98e5-a3496d7a986b#0:FAIL-t28] and 0 exception(s); 4e1c66a4-792a-4350-b244-4dedea3f57a8@group-488DD1D6D11B:t28, leader=null, voted=4e1c66a4-792a-4350-b244-4dedea3f57a8, raftlog=4e1c66a4-792a-4350-b244-4dedea3f57a8@group-488DD1D6D11B-SegmentedRaftLog:OPENED:c3,f4,i4, conf=0: [2ac0d02e-9e70-4102-8ecc-87abf8a9c7ab:192.168.164.232:40013, 4e1c66a4-792a-4350-b244-4dedea3f57a8:192.168.164.232:41177, 350dd957-6baf-44a5-98e5-a3496d7a986b:192.168.164.232:34256], old=null
2019-10-15 14:16:31,799 [350dd957-6baf-44a5-98e5-a3496d7a986b@group-F1BA4E877FDC-LeaderElection31] INFO  impl.LeaderElection (LeaderElection.java:logAndReturn(56)) - 350dd957-6baf-44a5-98e5-a3496d7a986b@group-F1BA4E877FDC-LeaderElection31: Election PASSED; received 1 response(s) [350dd957-6baf-44a5-98e5-a3496d7a986b<-4e1c66a4-792a-4350-b244-4dedea3f57a8#0:OK-t1] and 0 exception(s); 350dd957-6baf-44a5-98e5-a3496d7a986b@group-F1BA4E877FDC:t1, leader=null, voted=350dd957-6baf-44a5-98e5-a3496d7a986b, raftlog=350dd957-6baf-44a5-98e5-a3496d7a986b@group-F1BA4E877FDC-SegmentedRaftLog:OPENED:c-1,f-1,i0, conf=-1: [2ac0d02e-9e70-4102-8ecc-87abf8a9c7ab:192.168.164.232:40013, 4e1c66a4-792a-4350-b244-4dedea3f57a8:192.168.164.232:41177, 350dd957-6baf-44a5-98e5-a3496d7a986b:192.168.164.232:34256], old=null
2019-10-15 14:16:31,799 [Thread-750] INFO  impl.FollowerState (FollowerState.java:run(108)) - 2ac0d02e-9e70-4102-8ecc-87abf8a9c7ab@group-F1BA4E877FDC-FollowerState: change to CANDIDATE, lastRpcTime:50ms, electionTimeout:43ms
2019-10-15 14:16:31,800 [4e1c66a4-792a-4350-b244-4dedea3f57a8@group-488DD1D6D11B-LeaderElection30] INFO  impl.RaftServerImpl (RaftServerImpl.java:setRole(184)) - 4e1c66a4-792a-4350-b244-4dedea3f57a8@group-488DD1D6D11B: changes role from CANDIDATE to FOLLOWER at term 28 for DISCOVERED_A_NEW_TERM
2019-10-15 14:16:31,806 [Thread-750] INFO  impl.RoleInfo (RoleInfo.java:shutdownFollowerState(121)) - 2ac0d02e-9e70-4102-8ecc-87abf8a9c7ab: shutdown FollowerState
2019-10-15 14:16:31,806 [350dd957-6baf-44a5-98e5-a3496d7a986b@group-F1BA4E877FDC-LeaderElection31] INFO  impl.RoleInfo (RoleInfo.java:shutdownLeaderElection(134)) - 350dd957-6baf-44a5-98e5-a3496d7a986b: shutdown LeaderElection
2019-10-15 14:16:31,806 [4e1c66a4-792a-4350-b244-4dedea3f57a8@group-488DD1D6D11B-LeaderElection30] INFO  impl.RoleInfo (RoleInfo.java:shutdownLeaderElection(134)) - 4e1c66a4-792a-4350-b244-4dedea3f57a8: shutdown LeaderElection
2019-10-15 14:16:31,806 [350dd957-6baf-44a5-98e5-a3496d7a986b@group-F1BA4E877FDC-LeaderElection31] INFO  impl.RaftServerImpl (RaftServerImpl.java:setRole(184)) - 350dd957-6baf-44a5-98e5-a3496d7a986b@group-F1BA4E877FDC: changes role from CANDIDATE to LEADER at term 1 for changeToLeader
2019-10-15 14:16:31,806 [Thread-750] INFO  impl.RaftServerImpl (RaftServerImpl.java:setRole(184)) - 2ac0d02e-9e70-4102-8ecc-87abf8a9c7ab@group-F1BA4E877FDC: changes role from  FOLLOWER to CANDIDATE at term 1 for changeToCandidate
2019-10-15 14:16:31,806 [350dd957-6baf-44a5-98e5-a3496d7a986b@group-F1BA4E877FDC-LeaderElection31] INFO  impl.RaftServerImpl (ServerState.java:setLeader(256)) - 350dd957-6baf-44a5-98e5-a3496d7a986b@group-F1BA4E877FDC: change Leader from null to 350dd957-6baf-44a5-98e5-a3496d7a986b at term 1 for becomeLeader, leader elected after 166ms
2019-10-15 14:16:31,806 [4e1c66a4-792a-4350-b244-4dedea3f57a8@group-488DD1D6D11B-LeaderElection30] INFO  impl.RoleInfo (RoleInfo.java:updateAndGet(143)) - 4e1c66a4-792a-4350-b244-4dedea3f57a8: start FollowerState
2019-10-15 14:16:31,806 [350dd957-6baf-44a5-98e5-a3496d7a986b@group-F1BA4E877FDC-LeaderElection31] INFO  server.RaftServerConfigKeys (ConfUtils.java:logGet(43)) - raft.server.staging.catchup.gap = 1000 (default)
2019-10-15 14:16:31,806 [Thread-750] INFO  impl.RoleInfo (RoleInfo.java:updateAndGet(143)) - 2ac0d02e-9e70-4102-8ecc-87abf8a9c7ab: start LeaderElection
2019-10-15 14:16:31,807 [350dd957-6baf-44a5-98e5-a3496d7a986b@group-F1BA4E877FDC-LeaderElection31] INFO  server.RaftServerConfigKeys (ConfUtils.java:logGet(43)) - raft.server.rpc.sleep.time = 25ms (default)
2019-10-15 14:16:31,807 [350dd957-6baf-44a5-98e5-a3496d7a986b@group-F1BA4E877FDC-LeaderElection31] INFO  server.RaftServerConfigKeys (ConfUtils.java:logGet(43)) - raft.server.write.element-limit = 4096 (default)
2019-10-15 14:16:31,807 [350dd957-6baf-44a5-98e5-a3496d7a986b@group-F1BA4E877FDC-LeaderElection31] INFO  server.RaftServerConfigKeys (ConfUtils.java:logGet(43)) - raft.server.watch.timeout = 10s (default)
2019-10-15 14:16:31,807 [350dd957-6baf-44a5-98e5-a3496d7a986b@group-F1BA4E877FDC-LeaderElection31] INFO  server.RaftServerConfigKeys (ConfUtils.java:logGet(43)) - raft.server.watch.timeout.denomination = 1s (default)
2019-10-15 14:16:31,807 [350dd957-6baf-44a5-98e5-a3496d7a986b@group-F1BA4E877FDC-LeaderElection31] INFO  server.RaftServerConfigKeys (ConfUtils.java:logGet(43)) - raft.server.watch.element-limit = 65536 (default)
2019-10-15 14:16:31,811 [350dd957-6baf-44a5-98e5-a3496d7a986b@group-F1BA4E877FDC-LeaderElection31] INFO  server.RaftServerConfigKeys (ConfUtils.java:logGet(43)) - raft.server.log.appender.snapshot.chunk.size.max = 16MB (=16777216) (default)
2019-10-15 14:16:31,811 [350dd957-6baf-44a5-98e5-a3496d7a986b@group-F1BA4E877FDC-LeaderElection31] INFO  server.RaftServerConfigKeys (ConfUtils.java:logGet(43)) - raft.server.log.appender.buffer.byte-limit = 33554432 (custom)
2019-10-15 14:16:31,812 [350dd957-6baf-44a5-98e5-a3496d7a986b@group-F1BA4E877FDC-LeaderElection31] INFO  server.RaftServerConfigKeys (ConfUtils.java:logGet(43)) - raft.server.log.appender.buffer.element-limit = 1 (custom)
2019-10-15 14:16:31,812 [350dd957-6baf-44a5-98e5-a3496d7a986b@group-F1BA4E877FDC-LeaderElection31] INFO  grpc.GrpcConfigKeys$Server (ConfUtils.java:logGet(43)) - raft.grpc.server.leader.outstanding.appends.max = 128 (default)
2019-10-15 14:16:31,812 [350dd957-6baf-44a5-98e5-a3496d7a986b@group-F1BA4E877FDC-LeaderElection31] INFO  server.RaftServerConfigKeys (ConfUtils.java:logGet(43)) - raft.server.rpc.request.timeout = 3000ms (default)
2019-10-15 14:16:31,812 [350dd957-6baf-44a5-98e5-a3496d7a986b@group-F1BA4E877FDC-LeaderElection31] INFO  server.RaftServerConfigKeys (ConfUtils.java:logGet(43)) - raft.server.log.appender.install.snapshot.enabled = false (custom)
2019-10-15 14:16:31,816 [350dd957-6baf-44a5-98e5-a3496d7a986b@group-F1BA4E877FDC-LeaderElection31] INFO  server.RaftServerConfigKeys (ConfUtils.java:logGet(43)) - raft.server.log.appender.snapshot.chunk.size.max = 16MB (=16777216) (default)
2019-10-15 14:16:31,816 [350dd957-6baf-44a5-98e5-a3496d7a986b@group-F1BA4E877FDC-LeaderElection31] INFO  server.RaftServerConfigKeys (ConfUtils.java:logGet(43)) - raft.server.log.appender.buffer.byte-limit = 33554432 (custom)
2019-10-15 14:16:31,816 [350dd957-6baf-44a5-98e5-a3496d7a986b@group-F1BA4E877FDC-LeaderElection31] INFO  server.RaftServerConfigKeys (ConfUtils.java:logGet(43)) - raft.server.log.appender.buffer.element-limit = 1 (custom)
2019-10-15 14:16:31,817 [350dd957-6baf-44a5-98e5-a3496d7a986b@group-F1BA4E877FDC-LeaderElection31] INFO  grpc.GrpcConfigKeys$Server (ConfUtils.java:logGet(43)) - raft.grpc.server.leader.outstanding.appends.max = 128 (default)
2019-10-15 14:16:31,817 [350dd957-6baf-44a5-98e5-a3496d7a986b@group-F1BA4E877FDC-LeaderElection31] INFO  server.RaftServerConfigKeys (ConfUtils.java:logGet(43)) - raft.server.rpc.request.timeout = 3000ms (default)
2019-10-15 14:16:31,817 [350dd957-6baf-44a5-98e5-a3496d7a986b@group-F1BA4E877FDC-LeaderElection31] INFO  server.RaftServerConfigKeys (ConfUtils.java:logGet(43)) - raft.server.log.appender.install.snapshot.enabled = false (custom)
2019-10-15 14:16:31,820 [350dd957-6baf-44a5-98e5-a3496d7a986b@group-F1BA4E877FDC-LeaderElection31] INFO  impl.RoleInfo (RoleInfo.java:updateAndGet(143)) - 350dd957-6baf-44a5-98e5-a3496d7a986b: start LeaderState
2019-10-15 14:16:31,821 [350dd957-6baf-44a5-98e5-a3496d7a986b@group-F1BA4E877FDC-LeaderElection31] INFO  segmented.SegmentedRaftLogWorker (SegmentedRaftLogWorker.java:startLogSegment(385)) - 350dd957-6baf-44a5-98e5-a3496d7a986b@group-F1BA4E877FDC-SegmentedRaftLogWorker: Starting segment from index:0
2019-10-15 14:16:31,822 [350dd957-6baf-44a5-98e5-a3496d7a986b@group-F1BA4E877FDC-LeaderElection31] INFO  impl.RaftServerImpl (ServerState.java:setRaftConf(357)) - 350dd957-6baf-44a5-98e5-a3496d7a986b@group-F1BA4E877FDC: set configuration 0: [2ac0d02e-9e70-4102-8ecc-87abf8a9c7ab:192.168.164.232:40013, 4e1c66a4-792a-4350-b244-4dedea3f57a8:192.168.164.232:41177, 350dd957-6baf-44a5-98e5-a3496d7a986b:192.168.164.232:34256], old=null at 0
2019-10-15 14:16:31,853 [2ac0d02e-9e70-4102-8ecc-87abf8a9c7ab@group-F1BA4E877FDC-LeaderElection33] INFO  impl.LeaderElection (LeaderElection.java:askForVotes(178)) - 2ac0d02e-9e70-4102-8ecc-87abf8a9c7ab@group-F1BA4E877FDC-LeaderElection33: begin an election at term 2 for -1: [2ac0d02e-9e70-4102-8ecc-87abf8a9c7ab:192.168.164.232:40013, 4e1c66a4-792a-4350-b244-4dedea3f57a8:192.168.164.232:41177, 350dd957-6baf-44a5-98e5-a3496d7a986b:192.168.164.232:34256], old=null
2019-10-15 14:16:31,853 [4e1c66a4-792a-4350-b244-4dedea3f57a8@group-F1BA4E877FDC-LeaderElection32] INFO  impl.LeaderElection (LeaderElection.java:askForVotes(178)) - 4e1c66a4-792a-4350-b244-4dedea3f57a8@group-F1BA4E877FDC-LeaderElection32: begin an election at term 2 for -1: [2ac0d02e-9e70-4102-8ecc-87abf8a9c7ab:192.168.164.232:40013, 4e1c66a4-792a-4350-b244-4dedea3f57a8:192.168.164.232:41177, 350dd957-6baf-44a5-98e5-a3496d7a986b:192.168.164.232:34256], old=null
2019-10-15 14:16:31,860 [grpc-default-executor-1] INFO  impl.RaftServerImpl (ServerState.java:setLeader(256)) - 350dd957-6baf-44a5-98e5-a3496d7a986b@group-F1BA4E877FDC: change Leader from 350dd957-6baf-44a5-98e5-a3496d7a986b to null at term 2 for updateCurrentTerm
2019-10-15 14:16:31,861 [grpc-default-executor-1] INFO  impl.RaftServerImpl (RaftServerImpl.java:setRole(184)) - 350dd957-6baf-44a5-98e5-a3496d7a986b@group-F1BA4E877FDC: changes role from    LEADER to FOLLOWER at term 2 for recognizeCandidate:4e1c66a4-792a-4350-b244-4dedea3f57a8
2019-10-15 14:16:31,861 [grpc-default-executor-1] INFO  impl.RoleInfo (RoleInfo.java:shutdownLeaderState(104)) - 350dd957-6baf-44a5-98e5-a3496d7a986b: shutdown LeaderState
2019-10-15 14:16:31,862 [org.apache.ratis.server.impl.LogAppender$AppenderDaemon$$Lambda$418/283505551@41406e6c] WARN  server.GrpcLogAppender (GrpcLogAppender.java:mayWait(149)) - 350dd957-6baf-44a5-98e5-a3496d7a986b@group-F1BA4E877FDC->4e1c66a4-792a-4350-b244-4dedea3f57a8-GrpcLogAppender: Wait interrupted by java.lang.InterruptedException
2019-10-15 14:16:31,862 [grpc-default-executor-1] INFO  impl.PendingRequests (PendingRequests.java:sendNotLeaderResponses(202)) - 350dd957-6baf-44a5-98e5-a3496d7a986b@group-F1BA4E877FDC-PendingRequests: sendNotLeaderResponses
2019-10-15 14:16:31,863 [grpc-default-executor-1] INFO  impl.RoleInfo (RoleInfo.java:updateAndGet(143)) - 350dd957-6baf-44a5-98e5-a3496d7a986b: start FollowerState
2019-10-15 14:16:31,863 [org.apache.ratis.server.impl.LogAppender$AppenderDaemon$$Lambda$418/283505551@707a1b1a] WARN  server.GrpcLogAppender (GrpcLogAppender.java:mayWait(149)) - 350dd957-6baf-44a5-98e5-a3496d7a986b@group-F1BA4E877FDC->2ac0d02e-9e70-4102-8ecc-87abf8a9c7ab-GrpcLogAppender: Wait interrupted by java.lang.InterruptedException
2019-10-15 14:16:31,863 [grpc-default-executor-0] INFO  server.GrpcServerProtocolService (GrpcServerProtocolService.java:onCompleted(113)) - 4e1c66a4-792a-4350-b244-4dedea3f57a8: Completed APPEND_ENTRIES, lastRequest: 350dd957-6baf-44a5-98e5-a3496d7a986b->4e1c66a4-792a-4350-b244-4dedea3f57a8#0-t1, previous=(t:0, i:0), leaderCommit=-1, initializing? false, entries: <empty>
2019-10-15 14:16:31,864 [grpc-default-executor-0] INFO  server.GrpcServerProtocolService (GrpcServerProtocolService.java:onCompleted(113)) - 2ac0d02e-9e70-4102-8ecc-87abf8a9c7ab: Completed APPEND_ENTRIES, lastRequest: 350dd957-6baf-44a5-98e5-a3496d7a986b->2ac0d02e-9e70-4102-8ecc-87abf8a9c7ab#0-t1, previous=(t:0, i:0), leaderCommit=-1, initializing? false, entries: <empty>
2019-10-15 14:16:31,864 [grpc-default-executor-0] INFO  server.GrpcLogAppender (GrpcLogAppender.java:onCompleted(308)) - 350dd957-6baf-44a5-98e5-a3496d7a986b@group-F1BA4E877FDC->2ac0d02e-9e70-4102-8ecc-87abf8a9c7ab-AppendLogResponseHandler: follower responses appendEntries COMPLETED
2019-10-15 14:16:31,865 [grpc-default-executor-0] INFO  impl.FollowerInfo (FollowerInfo.java:lambda$new$0(51)) - 350dd957-6baf-44a5-98e5-a3496d7a986b@group-F1BA4E877FDC->2ac0d02e-9e70-4102-8ecc-87abf8a9c7ab: nextIndex: updateUnconditionally 0 -> 0
2019-10-15 14:16:31,868 [4e1c66a4-792a-4350-b244-4dedea3f57a8@group-F1BA4E877FDC-LeaderElection32] INFO  impl.LeaderElection (LeaderElection.java:logAndReturn(56)) - 4e1c66a4-792a-4350-b244-4dedea3f57a8@group-F1BA4E877FDC-LeaderElection32: Election TIMEOUT; received 1 response(s) [4e1c66a4-792a-4350-b244-4dedea3f57a8<-2ac0d02e-9e70-4102-8ecc-87abf8a9c7ab#0:FAIL-t2] and 0 exception(s); 4e1c66a4-792a-4350-b244-4dedea3f57a8@group-F1BA4E877FDC:t2, leader=null, voted=4e1c66a4-792a-4350-b244-4dedea3f57a8, raftlog=4e1c66a4-792a-4350-b244-4dedea3f57a8@group-F1BA4E877FDC-SegmentedRaftLog:OPENED:c-1,f-1,i0, conf=-1: [2ac0d02e-9e70-4102-8ecc-87abf8a9c7ab:192.168.164.232:40013, 4e1c66a4-792a-4350-b244-4dedea3f57a8:192.168.164.232:41177, 350dd957-6baf-44a5-98e5-a3496d7a986b:192.168.164.232:34256], old=null
2019-10-15 14:16:31,877 [350dd957-6baf-44a5-98e5-a3496d7a986b@group-F1BA4E877FDC-SegmentedRaftLogWorker] INFO  segmented.SegmentedRaftLogWorker (SegmentedRaftLogWorker.java:execute(576)) - 350dd957-6baf-44a5-98e5-a3496d7a986b@group-F1BA4E877FDC-SegmentedRaftLogWorker: created new log segment /workdir/hadoop-ozone/integration-test/target/test-dir/MiniOzoneClusterImpl-29d02a71-48e9-4ad5-9cfb-48d574ca0fa8/datanode-0/data/ratis/1a32bc3d-7500-47b7-bcd1-f1ba4e877fdc/current/log_inprogress_0
2019-10-15 14:16:31,894 [4e1c66a4-792a-4350-b244-4dedea3f57a8@group-F1BA4E877FDC-LeaderElection32] INFO  impl.LeaderElection (LeaderElection.java:askForVotes(178)) - 4e1c66a4-792a-4350-b244-4dedea3f57a8@group-F1BA4E877FDC-LeaderElection32: begin an election at term 3 for -1: [2ac0d02e-9e70-4102-8ecc-87abf8a9c7ab:192.168.164.232:40013, 4e1c66a4-792a-4350-b244-4dedea3f57a8:192.168.164.232:41177, 350dd957-6baf-44a5-98e5-a3496d7a986b:192.168.164.232:34256], old=null
2019-10-15 14:16:31,894 [grpc-default-executor-4] INFO  server.GrpcLogAppender (GrpcLogAppender.java:onCompleted(308)) - 350dd957-6baf-44a5-98e5-a3496d7a986b@group-F1BA4E877FDC->4e1c66a4-792a-4350-b244-4dedea3f57a8-AppendLogResponseHandler: follower responses appendEntries COMPLETED
2019-10-15 14:16:31,894 [grpc-default-executor-6] INFO  impl.RaftServerImpl (RaftServerImpl.java:setRole(184)) - 350dd957-6baf-44a5-98e5-a3496d7a986b@group-F1BA4E877FDC: changes role from  FOLLOWER to FOLLOWER at term 2 for recognizeCandidate:2ac0d02e-9e70-4102-8ecc-87abf8a9c7ab
2019-10-15 14:16:31,894 [grpc-default-executor-6] INFO  impl.RoleInfo (RoleInfo.java:shutdownFollowerState(121)) - 350dd957-6baf-44a5-98e5-a3496d7a986b: shutdown FollowerState
2019-10-15 14:16:31,895 [Thread-768] INFO  impl.FollowerState (FollowerState.java:run(117)) - 350dd957-6baf-44a5-98e5-a3496d7a986b@group-F1BA4E877FDC-FollowerState was interrupted: java.lang.InterruptedException: sleep interrupted
2019-10-15 14:16:31,895 [grpc-default-executor-6] INFO  impl.RoleInfo (RoleInfo.java:updateAndGet(143)) - 350dd957-6baf-44a5-98e5-a3496d7a986b: start FollowerState
2019-10-15 14:16:31,897 [grpc-default-executor-4] INFO  impl.FollowerInfo (FollowerInfo.java:lambda$new$0(51)) - 350dd957-6baf-44a5-98e5-a3496d7a986b@group-F1BA4E877FDC->4e1c66a4-792a-4350-b244-4dedea3f57a8: nextIndex: updateUnconditionally 0 -> 0
2019-10-15 14:16:31,899 [2ac0d02e-9e70-4102-8ecc-87abf8a9c7ab@group-F1BA4E877FDC-LeaderElection33] INFO  impl.LeaderElection (LeaderElection.java:logAndReturn(56)) - 2ac0d02e-9e70-4102-8ecc-87abf8a9c7ab@group-F1BA4E877FDC-LeaderElection33: Election REJECTED; received 2 response(s) [2ac0d02e-9e70-4102-8ecc-87abf8a9c7ab<-4e1c66a4-792a-4350-b244-4dedea3f57a8#0:FAIL-t2, 2ac0d02e-9e70-4102-8ecc-87abf8a9c7ab<-350dd957-6baf-44a5-98e5-a3496d7a986b#0:FAIL-t2] and 0 exception(s); 2ac0d02e-9e70-4102-8ecc-87abf8a9c7ab@group-F1BA4E877FDC:t2, leader=null, voted=2ac0d02e-9e70-4102-8ecc-87abf8a9c7ab, raftlog=2ac0d02e-9e70-4102-8ecc-87abf8a9c7ab@group-F1BA4E877FDC-SegmentedRaftLog:OPENED:c-1,f-1,i0, conf=-1: [2ac0d02e-9e70-4102-8ecc-87abf8a9c7ab:192.168.164.232:40013, 4e1c66a4-792a-4350-b244-4dedea3f57a8:192.168.164.232:41177, 350dd957-6baf-44a5-98e5-a3496d7a986b:192.168.164.232:34256], old=null
2019-10-15 14:16:31,899 [2ac0d02e-9e70-4102-8ecc-87abf8a9c7ab@group-F1BA4E877FDC-LeaderElection33] INFO  impl.RaftServerImpl (RaftServerImpl.java:setRole(184)) - 2ac0d02e-9e70-4102-8ecc-87abf8a9c7ab@group-F1BA4E877FDC: changes role from CANDIDATE to FOLLOWER at term 2 for DISCOVERED_A_NEW_TERM
2019-10-15 14:16:31,899 [grpc-default-executor-6] INFO  impl.RaftServerImpl (RaftServerImpl.java:setRole(184)) - 350dd957-6baf-44a5-98e5-a3496d7a986b@group-F1BA4E877FDC: changes role from  FOLLOWER to FOLLOWER at term 3 for recognizeCandidate:4e1c66a4-792a-4350-b244-4dedea3f57a8
2019-10-15 14:16:31,899 [2ac0d02e-9e70-4102-8ecc-87abf8a9c7ab@group-F1BA4E877FDC-LeaderElection33] INFO  impl.RoleInfo (RoleInfo.java:shutdownLeaderElection(134)) - 2ac0d02e-9e70-4102-8ecc-87abf8a9c7ab: shutdown LeaderElection
2019-10-15 14:16:31,900 [grpc-default-executor-6] INFO  impl.RoleInfo (RoleInfo.java:shutdownFollowerState(121)) - 350dd957-6baf-44a5-98e5-a3496d7a986b: shutdown FollowerState
2019-10-15 14:16:31,900 [2ac0d02e-9e70-4102-8ecc-87abf8a9c7ab@group-F1BA4E877FDC-LeaderElection33] INFO  impl.RoleInfo (RoleInfo.java:updateAndGet(143)) - 2ac0d02e-9e70-4102-8ecc-87abf8a9c7ab: start FollowerState
2019-10-15 14:16:31,900 [grpc-default-executor-6] INFO  impl.RoleInfo (RoleInfo.java:updateAndGet(143)) - 350dd957-6baf-44a5-98e5-a3496d7a986b: start FollowerState
2019-10-15 14:16:31,900 [Thread-771] INFO  impl.FollowerState (FollowerState.java:run(117)) - 350dd957-6baf-44a5-98e5-a3496d7a986b@group-F1BA4E877FDC-FollowerState was interrupted: java.lang.InterruptedException: sleep interrupted
2019-10-15 14:16:31,900 [grpc-default-executor-4] INFO  impl.RaftServerImpl (RaftServerImpl.java:setRole(184)) - 2ac0d02e-9e70-4102-8ecc-87abf8a9c7ab@group-F1BA4E877FDC: changes role from  FOLLOWER to FOLLOWER at term 3 for recognizeCandidate:4e1c66a4-792a-4350-b244-4dedea3f57a8
2019-10-15 14:16:31,900 [grpc-default-executor-4] INFO  impl.RoleInfo (RoleInfo.java:shutdownFollowerState(121)) - 2ac0d02e-9e70-4102-8ecc-87abf8a9c7ab: shutdown FollowerState
2019-10-15 14:16:31,900 [Thread-772] INFO  impl.FollowerState (FollowerState.java:run(117)) - 2ac0d02e-9e70-4102-8ecc-87abf8a9c7ab@group-F1BA4E877FDC-FollowerState was interrupted: java.lang.InterruptedException: sleep interrupted
2019-10-15 14:16:31,900 [grpc-default-executor-4] INFO  impl.RoleInfo (RoleInfo.java:updateAndGet(143)) - 2ac0d02e-9e70-4102-8ecc-87abf8a9c7ab: start FollowerState
2019-10-15 14:16:31,921 [4e1c66a4-792a-4350-b244-4dedea3f57a8@group-F1BA4E877FDC-LeaderElection32] INFO  impl.LeaderElection (LeaderElection.java:logAndReturn(56)) - 4e1c66a4-792a-4350-b244-4dedea3f57a8@group-F1BA4E877FDC-LeaderElection32: Election TIMEOUT; received 0 response(s) [] and 0 exception(s); 4e1c66a4-792a-4350-b244-4dedea3f57a8@group-F1BA4E877FDC:t3, leader=null, voted=4e1c66a4-792a-4350-b244-4dedea3f57a8, raftlog=4e1c66a4-792a-4350-b244-4dedea3f57a8@group-F1BA4E877FDC-SegmentedRaftLog:OPENED:c-1,f-1,i0, conf=-1: [2ac0d02e-9e70-4102-8ecc-87abf8a9c7ab:192.168.164.232:40013, 4e1c66a4-792a-4350-b244-4dedea3f57a8:192.168.164.232:41177, 350dd957-6baf-44a5-98e5-a3496d7a986b:192.168.164.232:34256], old=null
2019-10-15 14:16:31,928 [Thread-774] INFO  impl.FollowerState (FollowerState.java:run(108)) - 2ac0d02e-9e70-4102-8ecc-87abf8a9c7ab@group-F1BA4E877FDC-FollowerState: change to CANDIDATE, lastRpcTime:27ms, electionTimeout:16ms
2019-10-15 14:16:31,928 [Thread-774] INFO  impl.RoleInfo (RoleInfo.java:shutdownFollowerState(121)) - 2ac0d02e-9e70-4102-8ecc-87abf8a9c7ab: shutdown FollowerState
2019-10-15 14:16:31,928 [Thread-774] INFO  impl.RaftServerImpl (RaftServerImpl.java:setRole(184)) - 2ac0d02e-9e70-4102-8ecc-87abf8a9c7ab@group-F1BA4E877FDC: changes role from  FOLLOWER to CANDIDATE at term 3 for changeToCandidate
2019-10-15 14:16:31,928 [Thread-774] INFO  impl.RoleInfo (RoleInfo.java:updateAndGet(143)) - 2ac0d02e-9e70-4102-8ecc-87abf8a9c7ab: start LeaderElection
2019-10-15 14:16:31,940 [Thread-757] INFO  impl.FollowerState (FollowerState.java:run(108)) - 4e1c66a4-792a-4350-b244-4dedea3f57a8@group-488DD1D6D11B-FollowerState: change to CANDIDATE, lastRpcTime:133ms, electionTimeout:133ms
2019-10-15 14:16:31,940 [Thread-757] INFO  impl.RoleInfo (RoleInfo.java:shutdownFollowerState(121)) - 4e1c66a4-792a-4350-b244-4dedea3f57a8: shutdown FollowerState
2019-10-15 14:16:31,940 [Thread-757] INFO  impl.RaftServerImpl (RaftServerImpl.java:setRole(184)) - 4e1c66a4-792a-4350-b244-4dedea3f57a8@group-488DD1D6D11B: changes role from  FOLLOWER to CANDIDATE at term 28 for changeToCandidate
2019-10-15 14:16:31,940 [Thread-757] INFO  impl.RoleInfo (RoleInfo.java:updateAndGet(143)) - 4e1c66a4-792a-4350-b244-4dedea3f57a8: start LeaderElection
2019-10-15 14:16:31,945 [2ac0d02e-9e70-4102-8ecc-87abf8a9c7ab@group-F1BA4E877FDC-LeaderElection34] INFO  impl.LeaderElection (LeaderElection.java:askForVotes(178)) - 2ac0d02e-9e70-4102-8ecc-87abf8a9c7ab@group-F1BA4E877FDC-LeaderElection34: begin an election at term 4 for -1: [2ac0d02e-9e70-4102-8ecc-87abf8a9c7ab:192.168.164.232:40013, 4e1c66a4-792a-4350-b244-4dedea3f57a8:192.168.164.232:41177, 350dd957-6baf-44a5-98e5-a3496d7a986b:192.168.164.232:34256], old=null
2019-10-15 14:16:31,945 [4e1c66a4-792a-4350-b244-4dedea3f57a8@group-F1BA4E877FDC-LeaderElection32] INFO  impl.LeaderElection (LeaderElection.java:askForVotes(178)) - 4e1c66a4-792a-4350-b244-4dedea3f57a8@group-F1BA4E877FDC-LeaderElection32: begin an election at term 4 for -1: [2ac0d02e-9e70-4102-8ecc-87abf8a9c7ab:192.168.164.232:40013, 4e1c66a4-792a-4350-b244-4dedea3f57a8:192.168.164.232:41177, 350dd957-6baf-44a5-98e5-a3496d7a986b:192.168.164.232:34256], old=null
2019-10-15 14:16:31,947 [grpc-default-executor-4] INFO  impl.RaftServerImpl (RaftServerImpl.java:setRole(184)) - 350dd957-6baf-44a5-98e5-a3496d7a986b@group-F1BA4E877FDC: changes role from  FOLLOWER to FOLLOWER at term 4 for recognizeCandidate:2ac0d02e-9e70-4102-8ecc-87abf8a9c7ab
2019-10-15 14:16:31,947 [grpc-default-executor-4] INFO  impl.RoleInfo (RoleInfo.java:shutdownFollowerState(121)) - 350dd957-6baf-44a5-98e5-a3496d7a986b: shutdown FollowerState
2019-10-15 14:16:31,947 [Thread-773] INFO  impl.FollowerState (FollowerState.java:run(117)) - 350dd957-6baf-44a5-98e5-a3496d7a986b@group-F1BA4E877FDC-FollowerState was interrupted: java.lang.InterruptedException: sleep interrupted
2019-10-15 14:16:31,947 [grpc-default-executor-4] INFO  impl.RoleInfo (RoleInfo.java:updateAndGet(143)) - 350dd957-6baf-44a5-98e5-a3496d7a986b: start FollowerState
2019-10-15 14:16:31,954 [EventQueue-PendingDeleteStatusForPendingDeleteHandler] INFO  block.SCMBlockDeletingService (SCMBlockDeletingService.java:handlePendingDeletes(115)) - Block deletion txnID mismatch in datanode 4e1c66a4-792a-4350-b244-4dedea3f57a8 for containerID 1. Datanode delete txnID: 0, SCM txnID: 1
2019-10-15 14:16:31,962 [4e1c66a4-792a-4350-b244-4dedea3f57a8@group-488DD1D6D11B-LeaderElection35] INFO  impl.LeaderElection (LeaderElection.java:askForVotes(178)) - 4e1c66a4-792a-4350-b244-4dedea3f57a8@group-488DD1D6D11B-LeaderElection35: begin an election at term 29 for 0: [2ac0d02e-9e70-4102-8ecc-87abf8a9c7ab:192.168.164.232:40013, 4e1c66a4-792a-4350-b244-4dedea3f57a8:192.168.164.232:41177, 350dd957-6baf-44a5-98e5-a3496d7a986b:192.168.164.232:34256], old=null
2019-10-15 14:16:31,962 [grpc-default-executor-1] INFO  impl.RaftServerImpl (RaftServerImpl.java:setRole(184)) - 350dd957-6baf-44a5-98e5-a3496d7a986b@group-F1BA4E877FDC: changes role from  FOLLOWER to FOLLOWER at term 4 for recognizeCandidate:4e1c66a4-792a-4350-b244-4dedea3f57a8
2019-10-15 14:16:31,962 [grpc-default-executor-1] INFO  impl.RoleInfo (RoleInfo.java:shutdownFollowerState(121)) - 350dd957-6baf-44a5-98e5-a3496d7a986b: shutdown FollowerState
2019-10-15 14:16:31,962 [Thread-781] INFO  impl.FollowerState (FollowerState.java:run(117)) - 350dd957-6baf-44a5-98e5-a3496d7a986b@group-F1BA4E877FDC-FollowerState was interrupted: java.lang.InterruptedException: sleep interrupted
2019-10-15 14:16:31,962 [grpc-default-executor-1] INFO  impl.RoleInfo (RoleInfo.java:updateAndGet(143)) - 350dd957-6baf-44a5-98e5-a3496d7a986b: start FollowerState
2019-10-15 14:16:31,963 [2ac0d02e-9e70-4102-8ecc-87abf8a9c7ab@group-F1BA4E877FDC-LeaderElection34] INFO  impl.LeaderElection (LeaderElection.java:logAndReturn(56)) - 2ac0d02e-9e70-4102-8ecc-87abf8a9c7ab@group-F1BA4E877FDC-LeaderElection34: Election REJECTED; received 2 response(s) [2ac0d02e-9e70-4102-8ecc-87abf8a9c7ab<-4e1c66a4-792a-4350-b244-4dedea3f57a8#0:FAIL-t4, 2ac0d02e-9e70-4102-8ecc-87abf8a9c7ab<-350dd957-6baf-44a5-98e5-a3496d7a986b#0:FAIL-t4] and 0 exception(s); 2ac0d02e-9e70-4102-8ecc-87abf8a9c7ab@group-F1BA4E877FDC:t4, leader=null, voted=2ac0d02e-9e70-4102-8ecc-87abf8a9c7ab, raftlog=2ac0d02e-9e70-4102-8ecc-87abf8a9c7ab@group-F1BA4E877FDC-SegmentedRaftLog:OPENED:c-1,f-1,i0, conf=-1: [2ac0d02e-9e70-4102-8ecc-87abf8a9c7ab:192.168.164.232:40013, 4e1c66a4-792a-4350-b244-4dedea3f57a8:192.168.164.232:41177, 350dd957-6baf-44a5-98e5-a3496d7a986b:192.168.164.232:34256], old=null
2019-10-15 14:16:31,963 [2ac0d02e-9e70-4102-8ecc-87abf8a9c7ab@group-F1BA4E877FDC-LeaderElection34] INFO  impl.RaftServerImpl (RaftServerImpl.java:setRole(184)) - 2ac0d02e-9e70-4102-8ecc-87abf8a9c7ab@group-F1BA4E877FDC: changes role from CANDIDATE to FOLLOWER at term 4 for DISCOVERED_A_NEW_TERM
2019-10-15 14:16:31,963 [2ac0d02e-9e70-4102-8ecc-87abf8a9c7ab@group-F1BA4E877FDC-LeaderElection34] INFO  impl.RoleInfo (RoleInfo.java:shutdownLeaderElection(134)) - 2ac0d02e-9e70-4102-8ecc-87abf8a9c7ab: shutdown LeaderElection
2019-10-15 14:16:31,963 [2ac0d02e-9e70-4102-8ecc-87abf8a9c7ab@group-F1BA4E877FDC-LeaderElection34] INFO  impl.RoleInfo (RoleInfo.java:updateAndGet(143)) - 2ac0d02e-9e70-4102-8ecc-87abf8a9c7ab: start FollowerState
2019-10-15 14:16:31,964 [4e1c66a4-792a-4350-b244-4dedea3f57a8@group-F1BA4E877FDC-LeaderElection32] INFO  impl.LeaderElection (LeaderElection.java:logAndReturn(56)) - 4e1c66a4-792a-4350-b244-4dedea3f57a8@group-F1BA4E877FDC-LeaderElection32: Election REJECTED; received 2 response(s) [4e1c66a4-792a-4350-b244-4dedea3f57a8<-2ac0d02e-9e70-4102-8ecc-87abf8a9c7ab#0:FAIL-t4, 4e1c66a4-792a-4350-b244-4dedea3f57a8<-350dd957-6baf-44a5-98e5-a3496d7a986b#0:FAIL-t4] and 0 exception(s); 4e1c66a4-792a-4350-b244-4dedea3f57a8@group-F1BA4E877FDC:t4, leader=null, voted=4e1c66a4-792a-4350-b244-4dedea3f57a8, raftlog=4e1c66a4-792a-4350-b244-4dedea3f57a8@group-F1BA4E877FDC-SegmentedRaftLog:OPENED:c-1,f-1,i0, conf=-1: [2ac0d02e-9e70-4102-8ecc-87abf8a9c7ab:192.168.164.232:40013, 4e1c66a4-792a-4350-b244-4dedea3f57a8:192.168.164.232:41177, 350dd957-6baf-44a5-98e5-a3496d7a986b:192.168.164.232:34256], old=null
2019-10-15 14:16:31,964 [4e1c66a4-792a-4350-b244-4dedea3f57a8@group-F1BA4E877FDC-LeaderElection32] INFO  impl.RaftServerImpl (RaftServerImpl.java:setRole(184)) - 4e1c66a4-792a-4350-b244-4dedea3f57a8@group-F1BA4E877FDC: changes role from CANDIDATE to FOLLOWER at term 4 for DISCOVERED_A_NEW_TERM
2019-10-15 14:16:31,964 [4e1c66a4-792a-4350-b244-4dedea3f57a8@group-F1BA4E877FDC-LeaderElection32] INFO  impl.RoleInfo (RoleInfo.java:shutdownLeaderElection(134)) - 4e1c66a4-792a-4350-b244-4dedea3f57a8: shutdown LeaderElection
2019-10-15 14:16:31,964 [grpc-default-executor-4] INFO  impl.RaftServerImpl (RaftServerImpl.java:setRole(184)) - 350dd957-6baf-44a5-98e5-a3496d7a986b@group-488DD1D6D11B: changes role from  FOLLOWER to FOLLOWER at term 29 for recognizeCandidate:4e1c66a4-792a-4350-b244-4dedea3f57a8
2019-10-15 14:16:31,964 [grpc-default-executor-1] INFO  impl.RaftServerImpl (RaftServerImpl.java:setRole(184)) - 2ac0d02e-9e70-4102-8ecc-87abf8a9c7ab@group-488DD1D6D11B: changes role from  FOLLOWER to FOLLOWER at term 29 for recognizeCandidate:4e1c66a4-792a-4350-b244-4dedea3f57a8
2019-10-15 14:16:31,964 [grpc-default-executor-4] INFO  impl.RoleInfo (RoleInfo.java:shutdownFollowerState(121)) - 350dd957-6baf-44a5-98e5-a3496d7a986b: shutdown FollowerState
2019-10-15 14:16:31,964 [4e1c66a4-792a-4350-b244-4dedea3f57a8@group-F1BA4E877FDC-LeaderElection32] INFO  impl.RoleInfo (RoleInfo.java:updateAndGet(143)) - 4e1c66a4-792a-4350-b244-4dedea3f57a8: start FollowerState
2019-10-15 14:16:31,964 [Thread-752] INFO  impl.FollowerState (FollowerState.java:run(117)) - 350dd957-6baf-44a5-98e5-a3496d7a986b@group-488DD1D6D11B-FollowerState was interrupted: java.lang.InterruptedException: sleep interrupted
2019-10-15 14:16:31,964 [grpc-default-executor-1] INFO  impl.RoleInfo (RoleInfo.java:shutdownFollowerState(121)) - 2ac0d02e-9e70-4102-8ecc-87abf8a9c7ab: shutdown FollowerState
2019-10-15 14:16:31,964 [grpc-default-executor-4] INFO  impl.RoleInfo (RoleInfo.java:updateAndGet(143)) - 350dd957-6baf-44a5-98e5-a3496d7a986b: start FollowerState
2019-10-15 14:16:31,965 [grpc-default-executor-1] INFO  impl.RoleInfo (RoleInfo.java:updateAndGet(143)) - 2ac0d02e-9e70-4102-8ecc-87abf8a9c7ab: start FollowerState
2019-10-15 14:16:31,965 [Thread-751] INFO  impl.FollowerState (FollowerState.java:run(117)) - 2ac0d02e-9e70-4102-8ecc-87abf8a9c7ab@group-488DD1D6D11B-FollowerState was interrupted: java.lang.InterruptedException: sleep interrupted
2019-10-15 14:16:31,981 [4e1c66a4-792a-4350-b244-4dedea3f57a8@group-488DD1D6D11B-LeaderElection35] INFO  impl.LeaderElection (LeaderElection.java:logAndReturn(56)) - 4e1c66a4-792a-4350-b244-4dedea3f57a8@group-488DD1D6D11B-LeaderElection35: Election TIMEOUT; received 0 response(s) [] and 0 exception(s); 4e1c66a4-792a-4350-b244-4dedea3f57a8@group-488DD1D6D11B:t29, leader=null, voted=4e1c66a4-792a-4350-b244-4dedea3f57a8, raftlog=4e1c66a4-792a-4350-b244-4dedea3f57a8@group-488DD1D6D11B-SegmentedRaftLog:OPENED:c3,f4,i4, conf=0: [2ac0d02e-9e70-4102-8ecc-87abf8a9c7ab:192.168.164.232:40013, 4e1c66a4-792a-4350-b244-4dedea3f57a8:192.168.164.232:41177, 350dd957-6baf-44a5-98e5-a3496d7a986b:192.168.164.232:34256], old=null
2019-10-15 14:16:32,006 [4e1c66a4-792a-4350-b244-4dedea3f57a8@group-488DD1D6D11B-LeaderElection35] INFO  impl.LeaderElection (LeaderElection.java:askForVotes(178)) - 4e1c66a4-792a-4350-b244-4dedea3f57a8@group-488DD1D6D11B-LeaderElection35: begin an election at term 30 for 0: [2ac0d02e-9e70-4102-8ecc-87abf8a9c7ab:192.168.164.232:40013, 4e1c66a4-792a-4350-b244-4dedea3f57a8:192.168.164.232:41177, 350dd957-6baf-44a5-98e5-a3496d7a986b:192.168.164.232:34256], old=null
2019-10-15 14:16:32,009 [grpc-default-executor-4] INFO  impl.RaftServerImpl (RaftServerImpl.java:setRole(184)) - 2ac0d02e-9e70-4102-8ecc-87abf8a9c7ab@group-488DD1D6D11B: changes role from  FOLLOWER to FOLLOWER at term 30 for recognizeCandidate:4e1c66a4-792a-4350-b244-4dedea3f57a8
2019-10-15 14:16:32,009 [grpc-default-executor-1] INFO  impl.RaftServerImpl (RaftServerImpl.java:setRole(184)) - 350dd957-6baf-44a5-98e5-a3496d7a986b@group-488DD1D6D11B: changes role from  FOLLOWER to FOLLOWER at term 30 for recognizeCandidate:4e1c66a4-792a-4350-b244-4dedea3f57a8
2019-10-15 14:16:32,009 [grpc-default-executor-4] INFO  impl.RoleInfo (RoleInfo.java:shutdownFollowerState(121)) - 2ac0d02e-9e70-4102-8ecc-87abf8a9c7ab: shutdown FollowerState
2019-10-15 14:16:32,010 [grpc-default-executor-1] INFO  impl.RoleInfo (RoleInfo.java:shutdownFollowerState(121)) - 350dd957-6baf-44a5-98e5-a3496d7a986b: shutdown FollowerState
2019-10-15 14:16:32,010 [grpc-default-executor-4] INFO  impl.RoleInfo (RoleInfo.java:updateAndGet(143)) - 2ac0d02e-9e70-4102-8ecc-87abf8a9c7ab: start FollowerState
2019-10-15 14:16:32,010 [Thread-788] INFO  impl.FollowerState (FollowerState.java:run(117)) - 2ac0d02e-9e70-4102-8ecc-87abf8a9c7ab@group-488DD1D6D11B-FollowerState was interrupted: java.lang.InterruptedException: sleep interrupted
2019-10-15 14:16:32,010 [grpc-default-executor-1] INFO  impl.RoleInfo (RoleInfo.java:updateAndGet(143)) - 350dd957-6baf-44a5-98e5-a3496d7a986b: start FollowerState
2019-10-15 14:16:32,010 [Thread-787] INFO  impl.FollowerState (FollowerState.java:run(117)) - 350dd957-6baf-44a5-98e5-a3496d7a986b@group-488DD1D6D11B-FollowerState was interrupted: java.lang.InterruptedException: sleep interrupted
2019-10-15 14:16:32,025 [Thread-785] INFO  impl.FollowerState (FollowerState.java:run(108)) - 2ac0d02e-9e70-4102-8ecc-87abf8a9c7ab@group-F1BA4E877FDC-FollowerState: change to CANDIDATE, lastRpcTime:61ms, electionTimeout:61ms
2019-10-15 14:16:32,025 [Thread-785] INFO  impl.RoleInfo (RoleInfo.java:shutdownFollowerState(121)) - 2ac0d02e-9e70-4102-8ecc-87abf8a9c7ab: shutdown FollowerState
2019-10-15 14:16:32,025 [Thread-785] INFO  impl.RaftServerImpl (RaftServerImpl.java:setRole(184)) - 2ac0d02e-9e70-4102-8ecc-87abf8a9c7ab@group-F1BA4E877FDC: changes role from  FOLLOWER to CANDIDATE at term 4 for changeToCandidate
2019-10-15 14:16:32,025 [Thread-785] INFO  impl.RoleInfo (RoleInfo.java:updateAndGet(143)) - 2ac0d02e-9e70-4102-8ecc-87abf8a9c7ab: start LeaderElection
2019-10-15 14:16:32,040 [4e1c66a4-792a-4350-b244-4dedea3f57a8@group-488DD1D6D11B-LeaderElection35] INFO  impl.LeaderElection (LeaderElection.java:logAndReturn(56)) - 4e1c66a4-792a-4350-b244-4dedea3f57a8@group-488DD1D6D11B-LeaderElection35: Election REJECTED; received 2 response(s) [4e1c66a4-792a-4350-b244-4dedea3f57a8<-2ac0d02e-9e70-4102-8ecc-87abf8a9c7ab#0:FAIL-t30, 4e1c66a4-792a-4350-b244-4dedea3f57a8<-350dd957-6baf-44a5-98e5-a3496d7a986b#0:FAIL-t30] and 0 exception(s); 4e1c66a4-792a-4350-b244-4dedea3f57a8@group-488DD1D6D11B:t30, leader=null, voted=4e1c66a4-792a-4350-b244-4dedea3f57a8, raftlog=4e1c66a4-792a-4350-b244-4dedea3f57a8@group-488DD1D6D11B-SegmentedRaftLog:OPENED:c3,f4,i4, conf=0: [2ac0d02e-9e70-4102-8ecc-87abf8a9c7ab:192.168.164.232:40013, 4e1c66a4-792a-4350-b244-4dedea3f57a8:192.168.164.232:41177, 350dd957-6baf-44a5-98e5-a3496d7a986b:192.168.164.232:34256], old=null
2019-10-15 14:16:32,041 [4e1c66a4-792a-4350-b244-4dedea3f57a8@group-488DD1D6D11B-LeaderElection35] INFO  impl.RaftServerImpl (RaftServerImpl.java:setRole(184)) - 4e1c66a4-792a-4350-b244-4dedea3f57a8@group-488DD1D6D11B: changes role from CANDIDATE to FOLLOWER at term 30 for DISCOVERED_A_NEW_TERM
2019-10-15 14:16:32,041 [4e1c66a4-792a-4350-b244-4dedea3f57a8@group-488DD1D6D11B-LeaderElection35] INFO  impl.RoleInfo (RoleInfo.java:shutdownLeaderElection(134)) - 4e1c66a4-792a-4350-b244-4dedea3f57a8: shutdown LeaderElection
2019-10-15 14:16:32,041 [4e1c66a4-792a-4350-b244-4dedea3f57a8@group-488DD1D6D11B-LeaderElection35] INFO  impl.RoleInfo (RoleInfo.java:updateAndGet(143)) - 4e1c66a4-792a-4350-b244-4dedea3f57a8: start FollowerState
2019-10-15 14:16:32,045 [Thread-794] INFO  impl.FollowerState (FollowerState.java:run(108)) - 4e1c66a4-792a-4350-b244-4dedea3f57a8@group-488DD1D6D11B-FollowerState: change to CANDIDATE, lastRpcTime:4ms, electionTimeout:4ms
2019-10-15 14:16:32,045 [Thread-794] INFO  impl.RoleInfo (RoleInfo.java:shutdownFollowerState(121)) - 4e1c66a4-792a-4350-b244-4dedea3f57a8: shutdown FollowerState
2019-10-15 14:16:32,045 [Thread-794] INFO  impl.RaftServerImpl (RaftServerImpl.java:setRole(184)) - 4e1c66a4-792a-4350-b244-4dedea3f57a8@group-488DD1D6D11B: changes role from  FOLLOWER to CANDIDATE at term 30 for changeToCandidate
2019-10-15 14:16:32,046 [Thread-794] INFO  impl.RoleInfo (RoleInfo.java:updateAndGet(143)) - 4e1c66a4-792a-4350-b244-4dedea3f57a8: start LeaderElection
2019-10-15 14:16:32,069 [pool-7-thread-1] INFO  commands.RetriableDatanodeEventWatcher (RetriableDatanodeEventWatcher.java:onTimeout(47)) - RetriableDatanodeCommand type=deleteBlocksCommand with id=1571148984990 timed out. Retrying.
2019-10-15 14:16:32,069 [pool-7-thread-2] INFO  commands.RetriableDatanodeEventWatcher (RetriableDatanodeEventWatcher.java:onTimeout(47)) - RetriableDatanodeCommand type=deleteBlocksCommand with id=1571148984993 timed out. Retrying.
2019-10-15 14:16:32,069 [pool-7-thread-3] INFO  commands.RetriableDatanodeEventWatcher (RetriableDatanodeEventWatcher.java:onTimeout(47)) - RetriableDatanodeCommand type=deleteBlocksCommand with id=1571148984994 timed out. Retrying.
2019-10-15 14:16:32,073 [2ac0d02e-9e70-4102-8ecc-87abf8a9c7ab@group-F1BA4E877FDC-LeaderElection36] INFO  impl.LeaderElection (LeaderElection.java:askForVotes(178)) - 2ac0d02e-9e70-4102-8ecc-87abf8a9c7ab@group-F1BA4E877FDC-LeaderElection36: begin an election at term 5 for -1: [2ac0d02e-9e70-4102-8ecc-87abf8a9c7ab:192.168.164.232:40013, 4e1c66a4-792a-4350-b244-4dedea3f57a8:192.168.164.232:41177, 350dd957-6baf-44a5-98e5-a3496d7a986b:192.168.164.232:34256], old=null
2019-10-15 14:16:32,074 [pool-7-thread-3] INFO  commands.RetriableDatanodeEventWatcher (RetriableDatanodeEventWatcher.java:onTimeout(47)) - RetriableDatanodeCommand type=deleteBlocksCommand with id=1571148984992 timed out. Retrying.
2019-10-15 14:16:32,076 [grpc-default-executor-4] INFO  impl.RaftServerImpl (RaftServerImpl.java:setRole(184)) - 4e1c66a4-792a-4350-b244-4dedea3f57a8@group-F1BA4E877FDC: changes role from  FOLLOWER to FOLLOWER at term 5 for recognizeCandidate:2ac0d02e-9e70-4102-8ecc-87abf8a9c7ab
2019-10-15 14:16:32,076 [grpc-default-executor-1] INFO  impl.RaftServerImpl (RaftServerImpl.java:setRole(184)) - 350dd957-6baf-44a5-98e5-a3496d7a986b@group-F1BA4E877FDC: changes role from  FOLLOWER to FOLLOWER at term 5 for recognizeCandidate:2ac0d02e-9e70-4102-8ecc-87abf8a9c7ab
2019-10-15 14:16:32,076 [grpc-default-executor-1] INFO  impl.RoleInfo (RoleInfo.java:shutdownFollowerState(121)) - 350dd957-6baf-44a5-98e5-a3496d7a986b: shutdown FollowerState
2019-10-15 14:16:32,076 [grpc-default-executor-4] INFO  impl.RoleInfo (RoleInfo.java:shutdownFollowerState(121)) - 4e1c66a4-792a-4350-b244-4dedea3f57a8: shutdown FollowerState
2019-10-15 14:16:32,076 [Thread-783] INFO  impl.FollowerState (FollowerState.java:run(117)) - 350dd957-6baf-44a5-98e5-a3496d7a986b@group-F1BA4E877FDC-FollowerState was interrupted: java.lang.InterruptedException: sleep interrupted
2019-10-15 14:16:32,076 [grpc-default-executor-1] INFO  impl.RoleInfo (RoleInfo.java:updateAndGet(143)) - 350dd957-6baf-44a5-98e5-a3496d7a986b: start FollowerState
2019-10-15 14:16:32,076 [grpc-default-executor-4] INFO  impl.RoleInfo (RoleInfo.java:updateAndGet(143)) - 4e1c66a4-792a-4350-b244-4dedea3f57a8: start FollowerState
2019-10-15 14:16:32,076 [Thread-786] INFO  impl.FollowerState (FollowerState.java:run(117)) - 4e1c66a4-792a-4350-b244-4dedea3f57a8@group-F1BA4E877FDC-FollowerState was interrupted: java.lang.InterruptedException: sleep interrupted
2019-10-15 14:16:32,077 [pool-7-thread-3] INFO  commands.RetriableDatanodeEventWatcher (RetriableDatanodeEventWatcher.java:onTimeout(47)) - RetriableDatanodeCommand type=deleteBlocksCommand with id=1571148984995 timed out. Retrying.
2019-10-15 14:16:32,077 [pool-7-thread-1] INFO  commands.RetriableDatanodeEventWatcher (RetriableDatanodeEventWatcher.java:onTimeout(47)) - RetriableDatanodeCommand type=deleteBlocksCommand with id=1571148984996 timed out. Retrying.
2019-10-15 14:16:32,078 [pool-7-thread-2] INFO  commands.RetriableDatanodeEventWatcher (RetriableDatanodeEventWatcher.java:onTimeout(47)) - RetriableDatanodeCommand type=deleteBlocksCommand with id=1571148984997 timed out. Retrying.
2019-10-15 14:16:32,079 [BlockDeletingService#2] WARN  background.BlockDeletingService (BlockDeletingService.java:isDeletionAllowed(187)) - Close Container log Index 6 is not replicated across allthe servers in the pipeline af09b2c2-cc5c-4d70-8ada-488dd1d6d11b as the min replicated index is 4. Deletion is not allowed in this container yet.
2019-10-15 14:16:32,079 [SCMBlockDeletingService#0] INFO  block.SCMBlockDeletingService (SCMBlockDeletingService.java:call(184)) - Totally added 1 delete blocks command for 1 datanodes, task elapsed time: 0ms
2019-10-15 14:16:32,079 [BlockDeletingService#2] WARN  background.BlockDeletingService (BlockDeletingService.java:isDeletionAllowed(187)) - Close Container log Index 6 is not replicated across allthe servers in the pipeline af09b2c2-cc5c-4d70-8ada-488dd1d6d11b as the min replicated index is 4. Deletion is not allowed in this container yet.
2019-10-15 14:16:32,090 [4e1c66a4-792a-4350-b244-4dedea3f57a8@group-488DD1D6D11B-LeaderElection37] INFO  impl.LeaderElection (LeaderElection.java:askForVotes(178)) - 4e1c66a4-792a-4350-b244-4dedea3f57a8@group-488DD1D6D11B-LeaderElection37: begin an election at term 31 for 0: [2ac0d02e-9e70-4102-8ecc-87abf8a9c7ab:192.168.164.232:40013, 4e1c66a4-792a-4350-b244-4dedea3f57a8:192.168.164.232:41177, 350dd957-6baf-44a5-98e5-a3496d7a986b:192.168.164.232:34256], old=null
2019-10-15 14:16:32,093 [grpc-default-executor-6] INFO  impl.RaftServerImpl (RaftServerImpl.java:setRole(184)) - 2ac0d02e-9e70-4102-8ecc-87abf8a9c7ab@group-488DD1D6D11B: changes role from  FOLLOWER to FOLLOWER at term 31 for recognizeCandidate:4e1c66a4-792a-4350-b244-4dedea3f57a8
2019-10-15 14:16:32,093 [grpc-default-executor-0] INFO  impl.RaftServerImpl (RaftServerImpl.java:setRole(184)) - 350dd957-6baf-44a5-98e5-a3496d7a986b@group-488DD1D6D11B: changes role from  FOLLOWER to FOLLOWER at term 31 for recognizeCandidate:4e1c66a4-792a-4350-b244-4dedea3f57a8
2019-10-15 14:16:32,093 [grpc-default-executor-6] INFO  impl.RoleInfo (RoleInfo.java:shutdownFollowerState(121)) - 2ac0d02e-9e70-4102-8ecc-87abf8a9c7ab: shutdown FollowerState
2019-10-15 14:16:32,093 [grpc-default-executor-0] INFO  impl.RoleInfo (RoleInfo.java:shutdownFollowerState(121)) - 350dd957-6baf-44a5-98e5-a3496d7a986b: shutdown FollowerState
2019-10-15 14:16:32,093 [Thread-791] INFO  impl.FollowerState (FollowerState.java:run(117)) - 2ac0d02e-9e70-4102-8ecc-87abf8a9c7ab@group-488DD1D6D11B-FollowerState was interrupted: java.lang.InterruptedException: sleep interrupted
2019-10-15 14:16:32,093 [grpc-default-executor-6] INFO  impl.RoleInfo (RoleInfo.java:updateAndGet(143)) - 2ac0d02e-9e70-4102-8ecc-87abf8a9c7ab: start FollowerState
2019-10-15 14:16:32,094 [grpc-default-executor-0] INFO  impl.RoleInfo (RoleInfo.java:updateAndGet(143)) - 350dd957-6baf-44a5-98e5-a3496d7a986b: start FollowerState
2019-10-15 14:16:32,094 [Thread-792] INFO  impl.FollowerState (FollowerState.java:run(117)) - 350dd957-6baf-44a5-98e5-a3496d7a986b@group-488DD1D6D11B-FollowerState was interrupted: java.lang.InterruptedException: sleep interrupted
2019-10-15 14:16:32,108 [Thread-799] INFO  impl.FollowerState (FollowerState.java:run(108)) - 4e1c66a4-792a-4350-b244-4dedea3f57a8@group-F1BA4E877FDC-FollowerState: change to CANDIDATE, lastRpcTime:31ms, electionTimeout:21ms
2019-10-15 14:16:32,108 [Thread-799] INFO  impl.RoleInfo (RoleInfo.java:shutdownFollowerState(121)) - 4e1c66a4-792a-4350-b244-4dedea3f57a8: shutdown FollowerState
2019-10-15 14:16:32,108 [Thread-799] INFO  impl.RaftServerImpl (RaftServerImpl.java:setRole(184)) - 4e1c66a4-792a-4350-b244-4dedea3f57a8@group-F1BA4E877FDC: changes role from  FOLLOWER to CANDIDATE at term 5 for changeToCandidate
2019-10-15 14:16:32,108 [Thread-799] INFO  impl.RoleInfo (RoleInfo.java:updateAndGet(143)) - 4e1c66a4-792a-4350-b244-4dedea3f57a8: start LeaderElection
2019-10-15 14:16:32,109 [2ac0d02e-9e70-4102-8ecc-87abf8a9c7ab@group-F1BA4E877FDC-LeaderElection36] INFO  impl.LeaderElection (LeaderElection.java:logAndReturn(56)) - 2ac0d02e-9e70-4102-8ecc-87abf8a9c7ab@group-F1BA4E877FDC-LeaderElection36: Election PASSED; received 2 response(s) [2ac0d02e-9e70-4102-8ecc-87abf8a9c7ab<-4e1c66a4-792a-4350-b244-4dedea3f57a8#0:OK-t5, 2ac0d02e-9e70-4102-8ecc-87abf8a9c7ab<-350dd957-6baf-44a5-98e5-a3496d7a986b#0:FAIL-t5] and 0 exception(s); 2ac0d02e-9e70-4102-8ecc-87abf8a9c7ab@group-F1BA4E877FDC:t5, leader=null, voted=2ac0d02e-9e70-4102-8ecc-87abf8a9c7ab, raftlog=2ac0d02e-9e70-4102-8ecc-87abf8a9c7ab@group-F1BA4E877FDC-SegmentedRaftLog:OPENED:c-1,f-1,i0, conf=-1: [2ac0d02e-9e70-4102-8ecc-87abf8a9c7ab:192.168.164.232:40013, 4e1c66a4-792a-4350-b244-4dedea3f57a8:192.168.164.232:41177, 350dd957-6baf-44a5-98e5-a3496d7a986b:192.168.164.232:34256], old=null
2019-10-15 14:16:32,109 [2ac0d02e-9e70-4102-8ecc-87abf8a9c7ab@group-F1BA4E877FDC-LeaderElection36] INFO  impl.RoleInfo (RoleInfo.java:shutdownLeaderElection(134)) - 2ac0d02e-9e70-4102-8ecc-87abf8a9c7ab: shutdown LeaderElection
2019-10-15 14:16:32,109 [2ac0d02e-9e70-4102-8ecc-87abf8a9c7ab@group-F1BA4E877FDC-LeaderElection36] INFO  impl.RaftServerImpl (RaftServerImpl.java:setRole(184)) - 2ac0d02e-9e70-4102-8ecc-87abf8a9c7ab@group-F1BA4E877FDC: changes role from CANDIDATE to LEADER at term 5 for changeToLeader
2019-10-15 14:16:32,109 [2ac0d02e-9e70-4102-8ecc-87abf8a9c7ab@group-F1BA4E877FDC-LeaderElection36] INFO  impl.RaftServerImpl (ServerState.java:setLeader(256)) - 2ac0d02e-9e70-4102-8ecc-87abf8a9c7ab@group-F1BA4E877FDC: change Leader from null to 2ac0d02e-9e70-4102-8ecc-87abf8a9c7ab at term 5 for becomeLeader, leader elected after 469ms
2019-10-15 14:16:32,109 [2ac0d02e-9e70-4102-8ecc-87abf8a9c7ab@group-F1BA4E877FDC-LeaderElection36] INFO  server.RaftServerConfigKeys (ConfUtils.java:logGet(43)) - raft.server.staging.catchup.gap = 1000 (default)
2019-10-15 14:16:32,109 [2ac0d02e-9e70-4102-8ecc-87abf8a9c7ab@group-F1BA4E877FDC-LeaderElection36] INFO  server.RaftServerConfigKeys (ConfUtils.java:logGet(43)) - raft.server.rpc.sleep.time = 25ms (default)
2019-10-15 14:16:32,109 [2ac0d02e-9e70-4102-8ecc-87abf8a9c7ab@group-F1BA4E877FDC-LeaderElection36] INFO  server.RaftServerConfigKeys (ConfUtils.java:logGet(43)) - raft.server.write.element-limit = 4096 (default)
2019-10-15 14:16:32,109 [2ac0d02e-9e70-4102-8ecc-87abf8a9c7ab@group-F1BA4E877FDC-LeaderElection36] INFO  server.RaftServerConfigKeys (ConfUtils.java:logGet(43)) - raft.server.watch.timeout = 10s (default)
2019-10-15 14:16:32,110 [2ac0d02e-9e70-4102-8ecc-87abf8a9c7ab@group-F1BA4E877FDC-LeaderElection36] INFO  server.RaftServerConfigKeys (ConfUtils.java:logGet(43)) - raft.server.watch.timeout.denomination = 1s (default)
2019-10-15 14:16:32,110 [2ac0d02e-9e70-4102-8ecc-87abf8a9c7ab@group-F1BA4E877FDC-LeaderElection36] INFO  server.RaftServerConfigKeys (ConfUtils.java:logGet(43)) - raft.server.watch.element-limit = 65536 (default)
2019-10-15 14:16:32,111 [2ac0d02e-9e70-4102-8ecc-87abf8a9c7ab@group-F1BA4E877FDC-LeaderElection36] INFO  server.RaftServerConfigKeys (ConfUtils.java:logGet(43)) - raft.server.log.appender.snapshot.chunk.size.max = 16MB (=16777216) (default)
2019-10-15 14:16:32,112 [2ac0d02e-9e70-4102-8ecc-87abf8a9c7ab@group-F1BA4E877FDC-LeaderElection36] INFO  server.RaftServerConfigKeys (ConfUtils.java:logGet(43)) - raft.server.log.appender.buffer.byte-limit = 33554432 (custom)
2019-10-15 14:16:32,112 [2ac0d02e-9e70-4102-8ecc-87abf8a9c7ab@group-F1BA4E877FDC-LeaderElection36] INFO  server.RaftServerConfigKeys (ConfUtils.java:logGet(43)) - raft.server.log.appender.buffer.element-limit = 1 (custom)
2019-10-15 14:16:32,112 [2ac0d02e-9e70-4102-8ecc-87abf8a9c7ab@group-F1BA4E877FDC-LeaderElection36] INFO  grpc.GrpcConfigKeys$Server (ConfUtils.java:logGet(43)) - raft.grpc.server.leader.outstanding.appends.max = 128 (default)
2019-10-15 14:16:32,112 [2ac0d02e-9e70-4102-8ecc-87abf8a9c7ab@group-F1BA4E877FDC-LeaderElection36] INFO  server.RaftServerConfigKeys (ConfUtils.java:logGet(43)) - raft.server.rpc.request.timeout = 3000ms (default)
2019-10-15 14:16:32,112 [2ac0d02e-9e70-4102-8ecc-87abf8a9c7ab@group-F1BA4E877FDC-LeaderElection36] INFO  server.RaftServerConfigKeys (ConfUtils.java:logGet(43)) - raft.server.log.appender.install.snapshot.enabled = false (custom)
2019-10-15 14:16:32,114 [2ac0d02e-9e70-4102-8ecc-87abf8a9c7ab@group-F1BA4E877FDC-LeaderElection36] INFO  server.RaftServerConfigKeys (ConfUtils.java:logGet(43)) - raft.server.log.appender.snapshot.chunk.size.max = 16MB (=16777216) (default)
2019-10-15 14:16:32,114 [2ac0d02e-9e70-4102-8ecc-87abf8a9c7ab@group-F1BA4E877FDC-LeaderElection36] INFO  server.RaftServerConfigKeys (ConfUtils.java:logGet(43)) - raft.server.log.appender.buffer.byte-limit = 33554432 (custom)
2019-10-15 14:16:32,114 [2ac0d02e-9e70-4102-8ecc-87abf8a9c7ab@group-F1BA4E877FDC-LeaderElection36] INFO  server.RaftServerConfigKeys (ConfUtils.java:logGet(43)) - raft.server.log.appender.buffer.element-limit = 1 (custom)
2019-10-15 14:16:32,114 [2ac0d02e-9e70-4102-8ecc-87abf8a9c7ab@group-F1BA4E877FDC-LeaderElection36] INFO  grpc.GrpcConfigKeys$Server (ConfUtils.java:logGet(43)) - raft.grpc.server.leader.outstanding.appends.max = 128 (default)
2019-10-15 14:16:32,114 [2ac0d02e-9e70-4102-8ecc-87abf8a9c7ab@group-F1BA4E877FDC-LeaderElection36] INFO  server.RaftServerConfigKeys (ConfUtils.java:logGet(43)) - raft.server.rpc.request.timeout = 3000ms (default)
2019-10-15 14:16:32,114 [2ac0d02e-9e70-4102-8ecc-87abf8a9c7ab@group-F1BA4E877FDC-LeaderElection36] INFO  server.RaftServerConfigKeys (ConfUtils.java:logGet(43)) - raft.server.log.appender.install.snapshot.enabled = false (custom)
2019-10-15 14:16:32,116 [2ac0d02e-9e70-4102-8ecc-87abf8a9c7ab@group-F1BA4E877FDC-LeaderElection36] INFO  impl.RoleInfo (RoleInfo.java:updateAndGet(143)) - 2ac0d02e-9e70-4102-8ecc-87abf8a9c7ab: start LeaderState
2019-10-15 14:16:32,116 [2ac0d02e-9e70-4102-8ecc-87abf8a9c7ab@group-F1BA4E877FDC-LeaderElection36] INFO  segmented.SegmentedRaftLogWorker (SegmentedRaftLogWorker.java:startLogSegment(385)) - 2ac0d02e-9e70-4102-8ecc-87abf8a9c7ab@group-F1BA4E877FDC-SegmentedRaftLogWorker: Starting segment from index:0
2019-10-15 14:16:32,116 [2ac0d02e-9e70-4102-8ecc-87abf8a9c7ab@group-F1BA4E877FDC-LeaderElection36] INFO  impl.RaftServerImpl (ServerState.java:setRaftConf(357)) - 2ac0d02e-9e70-4102-8ecc-87abf8a9c7ab@group-F1BA4E877FDC: set configuration 0: [2ac0d02e-9e70-4102-8ecc-87abf8a9c7ab:192.168.164.232:40013, 4e1c66a4-792a-4350-b244-4dedea3f57a8:192.168.164.232:41177, 350dd957-6baf-44a5-98e5-a3496d7a986b:192.168.164.232:34256], old=null at 0
2019-10-15 14:16:32,118 [grpc-default-executor-4] INFO  impl.RaftServerImpl (ServerState.java:setLeader(256)) - 350dd957-6baf-44a5-98e5-a3496d7a986b@group-F1BA4E877FDC: change Leader from null to 2ac0d02e-9e70-4102-8ecc-87abf8a9c7ab at term 5 for appendEntries, leader elected after 258ms
2019-10-15 14:16:32,121 [grpc-default-executor-4] INFO  impl.RaftServerImpl (ServerState.java:setRaftConf(357)) - 350dd957-6baf-44a5-98e5-a3496d7a986b@group-F1BA4E877FDC: set configuration 0: [2ac0d02e-9e70-4102-8ecc-87abf8a9c7ab:192.168.164.232:40013, 4e1c66a4-792a-4350-b244-4dedea3f57a8:192.168.164.232:41177, 350dd957-6baf-44a5-98e5-a3496d7a986b:192.168.164.232:34256], old=null at 0
2019-10-15 14:16:32,122 [grpc-default-executor-4] INFO  segmented.SegmentedRaftLogWorker (SegmentedRaftLogWorker.java:truncate(401)) - 350dd957-6baf-44a5-98e5-a3496d7a986b@group-F1BA4E877FDC-SegmentedRaftLogWorker: Truncating segments toTruncate: null
  toDelete: [(0, 0) isOpen? true, length=0, newEndIndex=-1], start index 0
2019-10-15 14:16:32,122 [grpc-default-executor-4] INFO  segmented.SegmentedRaftLogWorker (SegmentedRaftLogWorker.java:startLogSegment(385)) - 350dd957-6baf-44a5-98e5-a3496d7a986b@group-F1BA4E877FDC-SegmentedRaftLogWorker: Starting segment from index:0
2019-10-15 14:16:32,122 [350dd957-6baf-44a5-98e5-a3496d7a986b@group-F1BA4E877FDC-SegmentedRaftLogWorker] INFO  segmented.SegmentedRaftLogWorker (SegmentedRaftLogWorker.java:execute(640)) - 350dd957-6baf-44a5-98e5-a3496d7a986b@group-F1BA4E877FDC-SegmentedRaftLogWorker: Deleted log file /workdir/hadoop-ozone/integration-test/target/test-dir/MiniOzoneClusterImpl-29d02a71-48e9-4ad5-9cfb-48d574ca0fa8/datanode-0/data/ratis/1a32bc3d-7500-47b7-bcd1-f1ba4e877fdc/current/log_inprogress_0
2019-10-15 14:16:32,123 [350dd957-6baf-44a5-98e5-a3496d7a986b@group-F1BA4E877FDC-SegmentedRaftLogWorker] INFO  segmented.SegmentedRaftLogWorker (SegmentedRaftLogWorker.java:lambda$new$0(128)) - 350dd957-6baf-44a5-98e5-a3496d7a986b@group-F1BA4E877FDC-SegmentedRaftLogWorker: flushIndex: setUnconditionally 0 -> -1
2019-10-15 14:16:32,126 [4e1c66a4-792a-4350-b244-4dedea3f57a8@group-F1BA4E877FDC-LeaderElection38] INFO  impl.LeaderElection (LeaderElection.java:askForVotes(178)) - 4e1c66a4-792a-4350-b244-4dedea3f57a8@group-F1BA4E877FDC-LeaderElection38: begin an election at term 6 for -1: [2ac0d02e-9e70-4102-8ecc-87abf8a9c7ab:192.168.164.232:40013, 4e1c66a4-792a-4350-b244-4dedea3f57a8:192.168.164.232:41177, 350dd957-6baf-44a5-98e5-a3496d7a986b:192.168.164.232:34256], old=null
2019-10-15 14:16:32,127 [Thread-807] INFO  impl.RaftServerImpl (ServerState.java:setLeader(256)) - 2ac0d02e-9e70-4102-8ecc-87abf8a9c7ab@group-F1BA4E877FDC: change Leader from 2ac0d02e-9e70-4102-8ecc-87abf8a9c7ab to null at term 6 for updateCurrentTerm
2019-10-15 14:16:32,127 [4e1c66a4-792a-4350-b244-4dedea3f57a8@group-488DD1D6D11B-LeaderElection37] INFO  impl.LeaderElection (LeaderElection.java:logAndReturn(56)) - 4e1c66a4-792a-4350-b244-4dedea3f57a8@group-488DD1D6D11B-LeaderElection37: Election REJECTED; received 2 response(s) [4e1c66a4-792a-4350-b244-4dedea3f57a8<-2ac0d02e-9e70-4102-8ecc-87abf8a9c7ab#0:FAIL-t31, 4e1c66a4-792a-4350-b244-4dedea3f57a8<-350dd957-6baf-44a5-98e5-a3496d7a986b#0:FAIL-t31] and 0 exception(s); 4e1c66a4-792a-4350-b244-4dedea3f57a8@group-488DD1D6D11B:t31, leader=null, voted=4e1c66a4-792a-4350-b244-4dedea3f57a8, raftlog=4e1c66a4-792a-4350-b244-4dedea3f57a8@group-488DD1D6D11B-SegmentedRaftLog:OPENED:c3,f4,i4, conf=0: [2ac0d02e-9e70-4102-8ecc-87abf8a9c7ab:192.168.164.232:40013, 4e1c66a4-792a-4350-b244-4dedea3f57a8:192.168.164.232:41177, 350dd957-6baf-44a5-98e5-a3496d7a986b:192.168.164.232:34256], old=null
2019-10-15 14:16:32,127 [Thread-807] INFO  impl.RaftServerImpl (RaftServerImpl.java:setRole(184)) - 2ac0d02e-9e70-4102-8ecc-87abf8a9c7ab@group-F1BA4E877FDC: changes role from    LEADER to FOLLOWER at term 6 for stepDown
2019-10-15 14:16:32,128 [4e1c66a4-792a-4350-b244-4dedea3f57a8@group-488DD1D6D11B-LeaderElection37] INFO  impl.RaftServerImpl (RaftServerImpl.java:setRole(184)) - 4e1c66a4-792a-4350-b244-4dedea3f57a8@group-488DD1D6D11B: changes role from CANDIDATE to FOLLOWER at term 31 for DISCOVERED_A_NEW_TERM
2019-10-15 14:16:32,128 [grpc-default-executor-1] INFO  impl.RaftServerImpl (ServerState.java:setLeader(256)) - 350dd957-6baf-44a5-98e5-a3496d7a986b@group-F1BA4E877FDC: change Leader from 2ac0d02e-9e70-4102-8ecc-87abf8a9c7ab to null at term 6 for updateCurrentTerm
2019-10-15 14:16:32,128 [Thread-807] INFO  impl.RoleInfo (RoleInfo.java:shutdownLeaderState(104)) - 2ac0d02e-9e70-4102-8ecc-87abf8a9c7ab: shutdown LeaderState
2019-10-15 14:16:32,128 [grpc-default-executor-1] INFO  impl.RaftServerImpl (RaftServerImpl.java:setRole(184)) - 350dd957-6baf-44a5-98e5-a3496d7a986b@group-F1BA4E877FDC: changes role from  FOLLOWER to FOLLOWER at term 6 for recognizeCandidate:4e1c66a4-792a-4350-b244-4dedea3f57a8
2019-10-15 14:16:32,128 [4e1c66a4-792a-4350-b244-4dedea3f57a8@group-488DD1D6D11B-LeaderElection37] INFO  impl.RoleInfo (RoleInfo.java:shutdownLeaderElection(134)) - 4e1c66a4-792a-4350-b244-4dedea3f57a8: shutdown LeaderElection
2019-10-15 14:16:32,156 [org.apache.ratis.server.impl.LogAppender$AppenderDaemon$$Lambda$418/283505551@be53241] WARN  server.GrpcLogAppender (GrpcLogAppender.java:mayWait(149)) - 2ac0d02e-9e70-4102-8ecc-87abf8a9c7ab@group-F1BA4E877FDC->350dd957-6baf-44a5-98e5-a3496d7a986b-GrpcLogAppender: Wait interrupted by java.lang.InterruptedException
2019-10-15 14:16:32,156 [4e1c66a4-792a-4350-b244-4dedea3f57a8@group-488DD1D6D11B-LeaderElection37] INFO  impl.RoleInfo (RoleInfo.java:updateAndGet(143)) - 4e1c66a4-792a-4350-b244-4dedea3f57a8: start FollowerState
2019-10-15 14:16:32,155 [grpc-default-executor-1] INFO  impl.RoleInfo (RoleInfo.java:shutdownFollowerState(121)) - 350dd957-6baf-44a5-98e5-a3496d7a986b: shutdown FollowerState
2019-10-15 14:16:32,155 [org.apache.ratis.server.impl.LogAppender$AppenderDaemon$$Lambda$418/283505551@3a95ea28] WARN  server.GrpcLogAppender (GrpcLogAppender.java:mayWait(149)) - 2ac0d02e-9e70-4102-8ecc-87abf8a9c7ab@group-F1BA4E877FDC->4e1c66a4-792a-4350-b244-4dedea3f57a8-GrpcLogAppender: Wait interrupted by java.lang.InterruptedException
2019-10-15 14:16:32,158 [grpc-default-executor-1] INFO  impl.RoleInfo (RoleInfo.java:updateAndGet(143)) - 350dd957-6baf-44a5-98e5-a3496d7a986b: start FollowerState
2019-10-15 14:16:32,158 [Thread-798] INFO  impl.FollowerState (FollowerState.java:run(117)) - 350dd957-6baf-44a5-98e5-a3496d7a986b@group-F1BA4E877FDC-FollowerState was interrupted: java.lang.InterruptedException: sleep interrupted
2019-10-15 14:16:32,156 [Thread-807] INFO  impl.PendingRequests (PendingRequests.java:sendNotLeaderResponses(202)) - 2ac0d02e-9e70-4102-8ecc-87abf8a9c7ab@group-F1BA4E877FDC-PendingRequests: sendNotLeaderResponses
2019-10-15 14:16:32,158 [grpc-default-executor-6] INFO  server.GrpcServerProtocolService (GrpcServerProtocolService.java:onCompleted(113)) - 350dd957-6baf-44a5-98e5-a3496d7a986b: Completed APPEND_ENTRIES, lastRequest: 2ac0d02e-9e70-4102-8ecc-87abf8a9c7ab->350dd957-6baf-44a5-98e5-a3496d7a986b#1-t5, previous=(t:0, i:0), leaderCommit=-1, initializing? false, entries: size=1, first=(t:5, i:0), CONFIGURATIONENTRY
2019-10-15 14:16:32,158 [Thread-807] INFO  impl.RoleInfo (RoleInfo.java:updateAndGet(143)) - 2ac0d02e-9e70-4102-8ecc-87abf8a9c7ab: start FollowerState
2019-10-15 14:16:32,158 [grpc-default-executor-4] INFO  server.GrpcServerProtocolService (GrpcServerProtocolService.java:onCompleted(113)) - 4e1c66a4-792a-4350-b244-4dedea3f57a8: Completed APPEND_ENTRIES, lastRequest: 2ac0d02e-9e70-4102-8ecc-87abf8a9c7ab->4e1c66a4-792a-4350-b244-4dedea3f57a8#0-t5, previous=(t:0, i:0), leaderCommit=-1, initializing? false, entries: <empty>
2019-10-15 14:16:32,159 [grpc-default-executor-6] INFO  server.GrpcLogAppender (GrpcLogAppender.java:onCompleted(308)) - 2ac0d02e-9e70-4102-8ecc-87abf8a9c7ab@group-F1BA4E877FDC->350dd957-6baf-44a5-98e5-a3496d7a986b-AppendLogResponseHandler: follower responses appendEntries COMPLETED
2019-10-15 14:16:32,159 [grpc-default-executor-4] INFO  server.GrpcLogAppender (GrpcLogAppender.java:onCompleted(308)) - 2ac0d02e-9e70-4102-8ecc-87abf8a9c7ab@group-F1BA4E877FDC->4e1c66a4-792a-4350-b244-4dedea3f57a8-AppendLogResponseHandler: follower responses appendEntries COMPLETED
2019-10-15 14:16:32,161 [grpc-default-executor-6] INFO  impl.FollowerInfo (FollowerInfo.java:lambda$new$0(51)) - 2ac0d02e-9e70-4102-8ecc-87abf8a9c7ab@group-F1BA4E877FDC->350dd957-6baf-44a5-98e5-a3496d7a986b: nextIndex: updateUnconditionally 1 -> 0
2019-10-15 14:16:32,161 [grpc-default-executor-4] INFO  impl.FollowerInfo (FollowerInfo.java:lambda$new$0(51)) - 2ac0d02e-9e70-4102-8ecc-87abf8a9c7ab@group-F1BA4E877FDC->4e1c66a4-792a-4350-b244-4dedea3f57a8: nextIndex: updateUnconditionally 0 -> 0
2019-10-15 14:16:32,193 [350dd957-6baf-44a5-98e5-a3496d7a986b@group-F1BA4E877FDC-SegmentedRaftLogWorker] INFO  segmented.SegmentedRaftLogWorker (SegmentedRaftLogWorker.java:execute(576)) - 350dd957-6baf-44a5-98e5-a3496d7a986b@group-F1BA4E877FDC-SegmentedRaftLogWorker: created new log segment /workdir/hadoop-ozone/integration-test/target/test-dir/MiniOzoneClusterImpl-29d02a71-48e9-4ad5-9cfb-48d574ca0fa8/datanode-0/data/ratis/1a32bc3d-7500-47b7-bcd1-f1ba4e877fdc/current/log_inprogress_0
2019-10-15 14:16:32,194 [grpc-default-executor-0] INFO  impl.RaftServerImpl (RaftServerImpl.java:setRole(184)) - 2ac0d02e-9e70-4102-8ecc-87abf8a9c7ab@group-F1BA4E877FDC: changes role from  FOLLOWER to FOLLOWER at term 6 for recognizeCandidate:4e1c66a4-792a-4350-b244-4dedea3f57a8
2019-10-15 14:16:32,193 [2ac0d02e-9e70-4102-8ecc-87abf8a9c7ab@group-F1BA4E877FDC-SegmentedRaftLogWorker] INFO  segmented.SegmentedRaftLogWorker (SegmentedRaftLogWorker.java:execute(576)) - 2ac0d02e-9e70-4102-8ecc-87abf8a9c7ab@group-F1BA4E877FDC-SegmentedRaftLogWorker: created new log segment /workdir/hadoop-ozone/integration-test/target/test-dir/MiniOzoneClusterImpl-29d02a71-48e9-4ad5-9cfb-48d574ca0fa8/datanode-2/data/ratis/1a32bc3d-7500-47b7-bcd1-f1ba4e877fdc/current/log_inprogress_0
2019-10-15 14:16:32,195 [grpc-default-executor-0] INFO  impl.RoleInfo (RoleInfo.java:shutdownFollowerState(121)) - 2ac0d02e-9e70-4102-8ecc-87abf8a9c7ab: shutdown FollowerState
2019-10-15 14:16:32,195 [grpc-default-executor-0] INFO  impl.RoleInfo (RoleInfo.java:updateAndGet(143)) - 2ac0d02e-9e70-4102-8ecc-87abf8a9c7ab: start FollowerState
2019-10-15 14:16:32,195 [Thread-817] INFO  impl.FollowerState (FollowerState.java:run(117)) - 2ac0d02e-9e70-4102-8ecc-87abf8a9c7ab@group-F1BA4E877FDC-FollowerState was interrupted: java.lang.InterruptedException: sleep interrupted
2019-10-15 14:16:32,196 [4e1c66a4-792a-4350-b244-4dedea3f57a8@group-F1BA4E877FDC-LeaderElection38] INFO  impl.LeaderElection (LeaderElection.java:logAndReturn(56)) - 4e1c66a4-792a-4350-b244-4dedea3f57a8@group-F1BA4E877FDC-LeaderElection38: Election REJECTED; received 2 response(s) [4e1c66a4-792a-4350-b244-4dedea3f57a8<-2ac0d02e-9e70-4102-8ecc-87abf8a9c7ab#0:FAIL-t6, 4e1c66a4-792a-4350-b244-4dedea3f57a8<-350dd957-6baf-44a5-98e5-a3496d7a986b#0:FAIL-t6] and 0 exception(s); 4e1c66a4-792a-4350-b244-4dedea3f57a8@group-F1BA4E877FDC:t6, leader=null, voted=4e1c66a4-792a-4350-b244-4dedea3f57a8, raftlog=4e1c66a4-792a-4350-b244-4dedea3f57a8@group-F1BA4E877FDC-SegmentedRaftLog:OPENED:c-1,f-1,i0, conf=-1: [2ac0d02e-9e70-4102-8ecc-87abf8a9c7ab:192.168.164.232:40013, 4e1c66a4-792a-4350-b244-4dedea3f57a8:192.168.164.232:41177, 350dd957-6baf-44a5-98e5-a3496d7a986b:192.168.164.232:34256], old=null
2019-10-15 14:16:32,196 [4e1c66a4-792a-4350-b244-4dedea3f57a8@group-F1BA4E877FDC-LeaderElection38] INFO  impl.RaftServerImpl (RaftServerImpl.java:setRole(184)) - 4e1c66a4-792a-4350-b244-4dedea3f57a8@group-F1BA4E877FDC: changes role from CANDIDATE to FOLLOWER at term 6 for DISCOVERED_A_NEW_TERM
2019-10-15 14:16:32,196 [4e1c66a4-792a-4350-b244-4dedea3f57a8@group-F1BA4E877FDC-LeaderElection38] INFO  impl.RoleInfo (RoleInfo.java:shutdownLeaderElection(134)) - 4e1c66a4-792a-4350-b244-4dedea3f57a8: shutdown LeaderElection
2019-10-15 14:16:32,197 [4e1c66a4-792a-4350-b244-4dedea3f57a8@group-F1BA4E877FDC-LeaderElection38] INFO  impl.RoleInfo (RoleInfo.java:updateAndGet(143)) - 4e1c66a4-792a-4350-b244-4dedea3f57a8: start FollowerState
2019-10-15 14:16:32,330 [Thread-819] INFO  impl.FollowerState (FollowerState.java:run(108)) - 4e1c66a4-792a-4350-b244-4dedea3f57a8@group-F1BA4E877FDC-FollowerState: change to CANDIDATE, lastRpcTime:133ms, electionTimeout:133ms
2019-10-15 14:16:32,330 [Thread-819] INFO  impl.RoleInfo (RoleInfo.java:shutdownFollowerState(121)) - 4e1c66a4-792a-4350-b244-4dedea3f57a8: shutdown FollowerState
2019-10-15 14:16:32,330 [Thread-819] INFO  impl.RaftServerImpl (RaftServerImpl.java:setRole(184)) - 4e1c66a4-792a-4350-b244-4dedea3f57a8@group-F1BA4E877FDC: changes role from  FOLLOWER to CANDIDATE at term 6 for changeToCandidate
2019-10-15 14:16:32,331 [Thread-819] INFO  impl.RoleInfo (RoleInfo.java:updateAndGet(143)) - 4e1c66a4-792a-4350-b244-4dedea3f57a8: start LeaderElection
2019-10-15 14:16:32,344 [Thread-815] INFO  impl.FollowerState (FollowerState.java:run(108)) - 4e1c66a4-792a-4350-b244-4dedea3f57a8@group-488DD1D6D11B-FollowerState: change to CANDIDATE, lastRpcTime:187ms, electionTimeout:186ms
2019-10-15 14:16:32,344 [Thread-815] INFO  impl.RoleInfo (RoleInfo.java:shutdownFollowerState(121)) - 4e1c66a4-792a-4350-b244-4dedea3f57a8: shutdown FollowerState
2019-10-15 14:16:32,344 [Thread-815] INFO  impl.RaftServerImpl (RaftServerImpl.java:setRole(184)) - 4e1c66a4-792a-4350-b244-4dedea3f57a8@group-488DD1D6D11B: changes role from  FOLLOWER to CANDIDATE at term 31 for changeToCandidate
2019-10-15 14:16:32,344 [Thread-815] INFO  impl.RoleInfo (RoleInfo.java:updateAndGet(143)) - 4e1c66a4-792a-4350-b244-4dedea3f57a8: start LeaderElection
2019-10-15 14:16:32,357 [EventQueue-PendingDeleteStatusForPendingDeleteHandler] INFO  block.SCMBlockDeletingService (SCMBlockDeletingService.java:handlePendingDeletes(115)) - Block deletion txnID mismatch in datanode 4e1c66a4-792a-4350-b244-4dedea3f57a8 for containerID 1. Datanode delete txnID: 0, SCM txnID: 1
2019-10-15 14:16:32,369 [4e1c66a4-792a-4350-b244-4dedea3f57a8@group-F1BA4E877FDC-LeaderElection39] INFO  impl.LeaderElection (LeaderElection.java:askForVotes(178)) - 4e1c66a4-792a-4350-b244-4dedea3f57a8@group-F1BA4E877FDC-LeaderElection39: begin an election at term 7 for -1: [2ac0d02e-9e70-4102-8ecc-87abf8a9c7ab:192.168.164.232:40013, 4e1c66a4-792a-4350-b244-4dedea3f57a8:192.168.164.232:41177, 350dd957-6baf-44a5-98e5-a3496d7a986b:192.168.164.232:34256], old=null
2019-10-15 14:16:32,372 [grpc-default-executor-1] INFO  impl.RaftServerImpl (RaftServerImpl.java:setRole(184)) - 2ac0d02e-9e70-4102-8ecc-87abf8a9c7ab@group-F1BA4E877FDC: changes role from  FOLLOWER to FOLLOWER at term 7 for recognizeCandidate:4e1c66a4-792a-4350-b244-4dedea3f57a8
2019-10-15 14:16:32,372 [grpc-default-executor-0] INFO  impl.RaftServerImpl (RaftServerImpl.java:setRole(184)) - 350dd957-6baf-44a5-98e5-a3496d7a986b@group-F1BA4E877FDC: changes role from  FOLLOWER to FOLLOWER at term 7 for recognizeCandidate:4e1c66a4-792a-4350-b244-4dedea3f57a8
2019-10-15 14:16:32,372 [grpc-default-executor-1] INFO  impl.RoleInfo (RoleInfo.java:shutdownFollowerState(121)) - 2ac0d02e-9e70-4102-8ecc-87abf8a9c7ab: shutdown FollowerState
2019-10-15 14:16:32,373 [grpc-default-executor-0] INFO  impl.RoleInfo (RoleInfo.java:shutdownFollowerState(121)) - 350dd957-6baf-44a5-98e5-a3496d7a986b: shutdown FollowerState
2019-10-15 14:16:32,373 [Thread-818] INFO  impl.FollowerState (FollowerState.java:run(117)) - 2ac0d02e-9e70-4102-8ecc-87abf8a9c7ab@group-F1BA4E877FDC-FollowerState was interrupted: java.lang.InterruptedException: sleep interrupted
2019-10-15 14:16:32,373 [grpc-default-executor-1] INFO  impl.RoleInfo (RoleInfo.java:updateAndGet(143)) - 2ac0d02e-9e70-4102-8ecc-87abf8a9c7ab: start FollowerState
2019-10-15 14:16:32,373 [Thread-816] INFO  impl.FollowerState (FollowerState.java:run(117)) - 350dd957-6baf-44a5-98e5-a3496d7a986b@group-F1BA4E877FDC-FollowerState was interrupted: java.lang.InterruptedException: sleep interrupted
2019-10-15 14:16:32,373 [grpc-default-executor-0] INFO  impl.RoleInfo (RoleInfo.java:updateAndGet(143)) - 350dd957-6baf-44a5-98e5-a3496d7a986b: start FollowerState
2019-10-15 14:16:32,386 [4e1c66a4-792a-4350-b244-4dedea3f57a8@group-488DD1D6D11B-LeaderElection40] INFO  impl.LeaderElection (LeaderElection.java:askForVotes(178)) - 4e1c66a4-792a-4350-b244-4dedea3f57a8@group-488DD1D6D11B-LeaderElection40: begin an election at term 32 for 0: [2ac0d02e-9e70-4102-8ecc-87abf8a9c7ab:192.168.164.232:40013, 4e1c66a4-792a-4350-b244-4dedea3f57a8:192.168.164.232:41177, 350dd957-6baf-44a5-98e5-a3496d7a986b:192.168.164.232:34256], old=null
2019-10-15 14:16:32,388 [grpc-default-executor-4] INFO  impl.RaftServerImpl (RaftServerImpl.java:setRole(184)) - 350dd957-6baf-44a5-98e5-a3496d7a986b@group-488DD1D6D11B: changes role from  FOLLOWER to FOLLOWER at term 32 for recognizeCandidate:4e1c66a4-792a-4350-b244-4dedea3f57a8
2019-10-15 14:16:32,388 [grpc-default-executor-6] INFO  impl.RaftServerImpl (RaftServerImpl.java:setRole(184)) - 2ac0d02e-9e70-4102-8ecc-87abf8a9c7ab@group-488DD1D6D11B: changes role from  FOLLOWER to FOLLOWER at term 32 for recognizeCandidate:4e1c66a4-792a-4350-b244-4dedea3f57a8
2019-10-15 14:16:32,388 [grpc-default-executor-4] INFO  impl.RoleInfo (RoleInfo.java:shutdownFollowerState(121)) - 350dd957-6baf-44a5-98e5-a3496d7a986b: shutdown FollowerState
2019-10-15 14:16:32,388 [grpc-default-executor-6] INFO  impl.RoleInfo (RoleInfo.java:shutdownFollowerState(121)) - 2ac0d02e-9e70-4102-8ecc-87abf8a9c7ab: shutdown FollowerState
2019-10-15 14:16:32,388 [grpc-default-executor-4] INFO  impl.RoleInfo (RoleInfo.java:updateAndGet(143)) - 350dd957-6baf-44a5-98e5-a3496d7a986b: start FollowerState
2019-10-15 14:16:32,389 [Thread-804] INFO  impl.FollowerState (FollowerState.java:run(117)) - 2ac0d02e-9e70-4102-8ecc-87abf8a9c7ab@group-488DD1D6D11B-FollowerState was interrupted: java.lang.InterruptedException: sleep interrupted
2019-10-15 14:16:32,389 [grpc-default-executor-6] INFO  impl.RoleInfo (RoleInfo.java:updateAndGet(143)) - 2ac0d02e-9e70-4102-8ecc-87abf8a9c7ab: start FollowerState
2019-10-15 14:16:32,389 [Thread-805] INFO  impl.FollowerState (FollowerState.java:run(117)) - 350dd957-6baf-44a5-98e5-a3496d7a986b@group-488DD1D6D11B-FollowerState was interrupted: java.lang.InterruptedException: sleep interrupted
2019-10-15 14:16:32,404 [4e1c66a4-792a-4350-b244-4dedea3f57a8@group-F1BA4E877FDC-LeaderElection39] INFO  impl.LeaderElection (LeaderElection.java:logAndReturn(56)) - 4e1c66a4-792a-4350-b244-4dedea3f57a8@group-F1BA4E877FDC-LeaderElection39: Election REJECTED; received 2 response(s) [4e1c66a4-792a-4350-b244-4dedea3f57a8<-2ac0d02e-9e70-4102-8ecc-87abf8a9c7ab#0:FAIL-t7, 4e1c66a4-792a-4350-b244-4dedea3f57a8<-350dd957-6baf-44a5-98e5-a3496d7a986b#0:FAIL-t7] and 0 exception(s); 4e1c66a4-792a-4350-b244-4dedea3f57a8@group-F1BA4E877FDC:t7, leader=null, voted=4e1c66a4-792a-4350-b244-4dedea3f57a8, raftlog=4e1c66a4-792a-4350-b244-4dedea3f57a8@group-F1BA4E877FDC-SegmentedRaftLog:OPENED:c-1,f-1,i0, conf=-1: [2ac0d02e-9e70-4102-8ecc-87abf8a9c7ab:192.168.164.232:40013, 4e1c66a4-792a-4350-b244-4dedea3f57a8:192.168.164.232:41177, 350dd957-6baf-44a5-98e5-a3496d7a986b:192.168.164.232:34256], old=null
2019-10-15 14:16:32,404 [4e1c66a4-792a-4350-b244-4dedea3f57a8@group-F1BA4E877FDC-LeaderElection39] INFO  impl.RaftServerImpl (RaftServerImpl.java:setRole(184)) - 4e1c66a4-792a-4350-b244-4dedea3f57a8@group-F1BA4E877FDC: changes role from CANDIDATE to FOLLOWER at term 7 for DISCOVERED_A_NEW_TERM
2019-10-15 14:16:32,404 [4e1c66a4-792a-4350-b244-4dedea3f57a8@group-F1BA4E877FDC-LeaderElection39] INFO  impl.RoleInfo (RoleInfo.java:shutdownLeaderElection(134)) - 4e1c66a4-792a-4350-b244-4dedea3f57a8: shutdown LeaderElection
2019-10-15 14:16:32,404 [4e1c66a4-792a-4350-b244-4dedea3f57a8@group-F1BA4E877FDC-LeaderElection39] INFO  impl.RoleInfo (RoleInfo.java:updateAndGet(143)) - 4e1c66a4-792a-4350-b244-4dedea3f57a8: start FollowerState
2019-10-15 14:16:32,421 [4e1c66a4-792a-4350-b244-4dedea3f57a8@group-488DD1D6D11B-LeaderElection40] INFO  impl.LeaderElection (LeaderElection.java:logAndReturn(56)) - 4e1c66a4-792a-4350-b244-4dedea3f57a8@group-488DD1D6D11B-LeaderElection40: Election REJECTED; received 2 response(s) [4e1c66a4-792a-4350-b244-4dedea3f57a8<-2ac0d02e-9e70-4102-8ecc-87abf8a9c7ab#0:FAIL-t32, 4e1c66a4-792a-4350-b244-4dedea3f57a8<-350dd957-6baf-44a5-98e5-a3496d7a986b#0:FAIL-t32] and 0 exception(s); 4e1c66a4-792a-4350-b244-4dedea3f57a8@group-488DD1D6D11B:t32, leader=null, voted=4e1c66a4-792a-4350-b244-4dedea3f57a8, raftlog=4e1c66a4-792a-4350-b244-4dedea3f57a8@group-488DD1D6D11B-SegmentedRaftLog:OPENED:c3,f4,i4, conf=0: [2ac0d02e-9e70-4102-8ecc-87abf8a9c7ab:192.168.164.232:40013, 4e1c66a4-792a-4350-b244-4dedea3f57a8:192.168.164.232:41177, 350dd957-6baf-44a5-98e5-a3496d7a986b:192.168.164.232:34256], old=null
2019-10-15 14:16:32,421 [4e1c66a4-792a-4350-b244-4dedea3f57a8@group-488DD1D6D11B-LeaderElection40] INFO  impl.RaftServerImpl (RaftServerImpl.java:setRole(184)) - 4e1c66a4-792a-4350-b244-4dedea3f57a8@group-488DD1D6D11B: changes role from CANDIDATE to FOLLOWER at term 32 for DISCOVERED_A_NEW_TERM
2019-10-15 14:16:32,421 [4e1c66a4-792a-4350-b244-4dedea3f57a8@group-488DD1D6D11B-LeaderElection40] INFO  impl.RoleInfo (RoleInfo.java:shutdownLeaderElection(134)) - 4e1c66a4-792a-4350-b244-4dedea3f57a8: shutdown LeaderElection
2019-10-15 14:16:32,422 [4e1c66a4-792a-4350-b244-4dedea3f57a8@group-488DD1D6D11B-LeaderElection40] INFO  impl.RoleInfo (RoleInfo.java:updateAndGet(143)) - 4e1c66a4-792a-4350-b244-4dedea3f57a8: start FollowerState
2019-10-15 14:16:32,453 [Thread-831] INFO  impl.FollowerState (FollowerState.java:run(108)) - 4e1c66a4-792a-4350-b244-4dedea3f57a8@group-F1BA4E877FDC-FollowerState: change to CANDIDATE, lastRpcTime:48ms, electionTimeout:48ms
2019-10-15 14:16:32,453 [Thread-831] INFO  impl.RoleInfo (RoleInfo.java:shutdownFollowerState(121)) - 4e1c66a4-792a-4350-b244-4dedea3f57a8: shutdown FollowerState
2019-10-15 14:16:32,453 [Thread-831] INFO  impl.RaftServerImpl (RaftServerImpl.java:setRole(184)) - 4e1c66a4-792a-4350-b244-4dedea3f57a8@group-F1BA4E877FDC: changes role from  FOLLOWER to CANDIDATE at term 7 for changeToCandidate
2019-10-15 14:16:32,453 [Thread-831] INFO  impl.RoleInfo (RoleInfo.java:updateAndGet(143)) - 4e1c66a4-792a-4350-b244-4dedea3f57a8: start LeaderElection
2019-10-15 14:16:32,479 [4e1c66a4-792a-4350-b244-4dedea3f57a8@group-F1BA4E877FDC-LeaderElection41] INFO  impl.LeaderElection (LeaderElection.java:askForVotes(178)) - 4e1c66a4-792a-4350-b244-4dedea3f57a8@group-F1BA4E877FDC-LeaderElection41: begin an election at term 8 for -1: [2ac0d02e-9e70-4102-8ecc-87abf8a9c7ab:192.168.164.232:40013, 4e1c66a4-792a-4350-b244-4dedea3f57a8:192.168.164.232:41177, 350dd957-6baf-44a5-98e5-a3496d7a986b:192.168.164.232:34256], old=null
2019-10-15 14:16:32,480 [Command processor thread] INFO  commandhandler.DeleteBlocksCommandHandler (DeleteBlocksCommandHandler.java:handle(106)) - Start to delete container blocks, TXIDs=[1(0)], numOfContainers=1, numOfBlocks=1
2019-10-15 14:16:32,481 [Command processor thread] INFO  commandhandler.DeleteBlocksCommandHandler (DeleteBlocksCommandHandler.java:handle(106)) - Start to delete container blocks, TXIDs=[1(2)], numOfContainers=1, numOfBlocks=1
2019-10-15 14:16:32,481 [Command processor thread] INFO  commandhandler.DeleteBlocksCommandHandler (DeleteBlocksCommandHandler.java:handle(106)) - Start to delete container blocks, TXIDs=[1(0)], numOfContainers=1, numOfBlocks=1
2019-10-15 14:16:32,481 [Command processor thread] INFO  commandhandler.DeleteBlocksCommandHandler (DeleteBlocksCommandHandler.java:handle(106)) - Start to delete container blocks, TXIDs=[1(2)], numOfContainers=1, numOfBlocks=1
2019-10-15 14:16:32,481 [Command processor thread] INFO  commandhandler.DeleteBlocksCommandHandler (DeleteBlocksCommandHandler.java:handle(106)) - Start to delete container blocks, TXIDs=[1(2)], numOfContainers=1, numOfBlocks=1
2019-10-15 14:16:32,482 [Command processor thread] INFO  commandhandler.DeleteBlocksCommandHandler (DeleteBlocksCommandHandler.java:handle(106)) - Start to delete container blocks, TXIDs=[1(0)], numOfContainers=1, numOfBlocks=1
2019-10-15 14:16:32,482 [Command processor thread] INFO  commandhandler.DeleteBlocksCommandHandler (DeleteBlocksCommandHandler.java:handle(106)) - Start to delete container blocks, TXIDs=[1(2)], numOfContainers=1, numOfBlocks=1
2019-10-15 14:16:32,482 [grpc-default-executor-4] INFO  impl.RaftServerImpl (RaftServerImpl.java:setRole(184)) - 2ac0d02e-9e70-4102-8ecc-87abf8a9c7ab@group-F1BA4E877FDC: changes role from  FOLLOWER to FOLLOWER at term 8 for recognizeCandidate:4e1c66a4-792a-4350-b244-4dedea3f57a8
2019-10-15 14:16:32,482 [grpc-default-executor-6] INFO  impl.RaftServerImpl (RaftServerImpl.java:setRole(184)) - 350dd957-6baf-44a5-98e5-a3496d7a986b@group-F1BA4E877FDC: changes role from  FOLLOWER to FOLLOWER at term 8 for recognizeCandidate:4e1c66a4-792a-4350-b244-4dedea3f57a8
2019-10-15 14:16:32,482 [grpc-default-executor-4] INFO  impl.RoleInfo (RoleInfo.java:shutdownFollowerState(121)) - 2ac0d02e-9e70-4102-8ecc-87abf8a9c7ab: shutdown FollowerState
2019-10-15 14:16:32,482 [Command processor thread] INFO  commandhandler.DeleteBlocksCommandHandler (DeleteBlocksCommandHandler.java:handle(106)) - Start to delete container blocks, TXIDs=[1(0)], numOfContainers=1, numOfBlocks=1
2019-10-15 14:16:32,482 [Thread-825] INFO  impl.FollowerState (FollowerState.java:run(117)) - 2ac0d02e-9e70-4102-8ecc-87abf8a9c7ab@group-F1BA4E877FDC-FollowerState was interrupted: java.lang.InterruptedException: sleep interrupted
2019-10-15 14:16:32,482 [grpc-default-executor-4] INFO  impl.RoleInfo (RoleInfo.java:updateAndGet(143)) - 2ac0d02e-9e70-4102-8ecc-87abf8a9c7ab: start FollowerState
2019-10-15 14:16:32,482 [grpc-default-executor-6] INFO  impl.RoleInfo (RoleInfo.java:shutdownFollowerState(121)) - 350dd957-6baf-44a5-98e5-a3496d7a986b: shutdown FollowerState
2019-10-15 14:16:32,482 [Command processor thread] INFO  commandhandler.DeleteBlocksCommandHandler (DeleteBlocksCommandHandler.java:handle(106)) - Start to delete container blocks, TXIDs=[1(2)], numOfContainers=1, numOfBlocks=1
2019-10-15 14:16:32,483 [Thread-826] INFO  impl.FollowerState (FollowerState.java:run(117)) - 350dd957-6baf-44a5-98e5-a3496d7a986b@group-F1BA4E877FDC-FollowerState was interrupted: java.lang.InterruptedException: sleep interrupted
2019-10-15 14:16:32,483 [grpc-default-executor-6] INFO  impl.RoleInfo (RoleInfo.java:updateAndGet(143)) - 350dd957-6baf-44a5-98e5-a3496d7a986b: start FollowerState
2019-10-15 14:16:32,483 [Command processor thread] INFO  commandhandler.DeleteBlocksCommandHandler (DeleteBlocksCommandHandler.java:handle(106)) - Start to delete container blocks, TXIDs=[1(2)], numOfContainers=1, numOfBlocks=1
2019-10-15 14:16:32,483 [Command processor thread] INFO  commandhandler.DeleteBlocksCommandHandler (DeleteBlocksCommandHandler.java:handle(106)) - Start to delete container blocks, TXIDs=[1(2)], numOfContainers=1, numOfBlocks=1
2019-10-15 14:16:32,484 [Command processor thread] INFO  commandhandler.DeleteBlocksCommandHandler (DeleteBlocksCommandHandler.java:handle(106)) - Start to delete container blocks, TXIDs=[1(0)], numOfContainers=1, numOfBlocks=1
2019-10-15 14:16:32,484 [Command processor thread] INFO  commandhandler.DeleteBlocksCommandHandler (DeleteBlocksCommandHandler.java:handle(106)) - Start to delete container blocks, TXIDs=[1(2)], numOfContainers=1, numOfBlocks=1
2019-10-15 14:16:32,484 [Command processor thread] INFO  commandhandler.DeleteBlocksCommandHandler (DeleteBlocksCommandHandler.java:handle(106)) - Start to delete container blocks, TXIDs=[1(2)], numOfContainers=1, numOfBlocks=1
2019-10-15 14:16:32,485 [Command processor thread] INFO  commandhandler.DeleteBlocksCommandHandler (DeleteBlocksCommandHandler.java:handle(106)) - Start to delete container blocks, TXIDs=[1(2)], numOfContainers=1, numOfBlocks=1
2019-10-15 14:16:32,485 [Command processor thread] INFO  commandhandler.DeleteBlocksCommandHandler (DeleteBlocksCommandHandler.java:handle(106)) - Start to delete container blocks, TXIDs=[1(2)], numOfContainers=1, numOfBlocks=1
2019-10-15 14:16:32,485 [Command processor thread] INFO  commandhandler.DeleteBlocksCommandHandler (DeleteBlocksCommandHandler.java:handle(106)) - Start to delete container blocks, TXIDs=[1(0)], numOfContainers=1, numOfBlocks=1
2019-10-15 14:16:32,485 [Command processor thread] INFO  commandhandler.DeleteBlocksCommandHandler (DeleteBlocksCommandHandler.java:handle(106)) - Start to delete container blocks, TXIDs=[1(2)], numOfContainers=1, numOfBlocks=1
2019-10-15 14:16:32,486 [Command processor thread] INFO  commandhandler.DeleteBlocksCommandHandler (DeleteBlocksCommandHandler.java:handle(106)) - Start to delete container blocks, TXIDs=[1(2)], numOfContainers=1, numOfBlocks=1
2019-10-15 14:16:32,486 [Command processor thread] INFO  commandhandler.DeleteBlocksCommandHandler (DeleteBlocksCommandHandler.java:handle(106)) - Start to delete container blocks, TXIDs=[1(2)], numOfContainers=1, numOfBlocks=1
2019-10-15 14:16:32,486 [Command processor thread] INFO  commandhandler.DeleteBlocksCommandHandler (DeleteBlocksCommandHandler.java:handle(106)) - Start to delete container blocks, TXIDs=[1(2)], numOfContainers=1, numOfBlocks=1
2019-10-15 14:16:32,486 [Command processor thread] INFO  commandhandler.DeleteBlocksCommandHandler (DeleteBlocksCommandHandler.java:handle(106)) - Start to delete container blocks, TXIDs=[1(2)], numOfContainers=1, numOfBlocks=1
2019-10-15 14:16:32,487 [Command processor thread] INFO  commandhandler.DeleteBlocksCommandHandler (DeleteBlocksCommandHandler.java:handle(106)) - Start to delete container blocks, TXIDs=[1(2)], numOfContainers=1, numOfBlocks=1
2019-10-15 14:16:32,487 [Command processor thread] INFO  commandhandler.DeleteBlocksCommandHandler (DeleteBlocksCommandHandler.java:handle(106)) - Start to delete container blocks, TXIDs=[1(0)], numOfContainers=1, numOfBlocks=1
2019-10-15 14:16:32,487 [Command processor thread] INFO  commandhandler.DeleteBlocksCommandHandler (DeleteBlocksCommandHandler.java:handle(106)) - Start to delete container blocks, TXIDs=[1(2)], numOfContainers=1, numOfBlocks=1
2019-10-15 14:16:32,487 [Command processor thread] INFO  commandhandler.DeleteBlocksCommandHandler (DeleteBlocksCommandHandler.java:handle(106)) - Start to delete container blocks, TXIDs=[1(2)], numOfContainers=1, numOfBlocks=1
2019-10-15 14:16:32,488 [Command processor thread] INFO  commandhandler.DeleteBlocksCommandHandler (DeleteBlocksCommandHandler.java:handle(106)) - Start to delete container blocks, TXIDs=[1(2)], numOfContainers=1, numOfBlocks=1
2019-10-15 14:16:32,488 [Command processor thread] INFO  commandhandler.DeleteBlocksCommandHandler (DeleteBlocksCommandHandler.java:handle(106)) - Start to delete container blocks, TXIDs=[1(2)], numOfContainers=1, numOfBlocks=1
2019-10-15 14:16:32,488 [Command processor thread] INFO  commandhandler.DeleteBlocksCommandHandler (DeleteBlocksCommandHandler.java:handle(106)) - Start to delete container blocks, TXIDs=[1(0)], numOfContainers=1, numOfBlocks=1
2019-10-15 14:16:32,488 [Command processor thread] INFO  commandhandler.DeleteBlocksCommandHandler (DeleteBlocksCommandHandler.java:handle(106)) - Start to delete container blocks, TXIDs=[1(2)], numOfContainers=1, numOfBlocks=1
2019-10-15 14:16:32,489 [Command processor thread] INFO  commandhandler.DeleteBlocksCommandHandler (DeleteBlocksCommandHandler.java:handle(106)) - Start to delete container blocks, TXIDs=[1(2)], numOfContainers=1, numOfBlocks=1
2019-10-15 14:16:32,489 [Command processor thread] INFO  commandhandler.DeleteBlocksCommandHandler (DeleteBlocksCommandHandler.java:handle(106)) - Start to delete container blocks, TXIDs=[1(2)], numOfContainers=1, numOfBlocks=1
2019-10-15 14:16:32,489 [Command processor thread] INFO  commandhandler.DeleteBlocksCommandHandler (DeleteBlocksCommandHandler.java:handle(106)) - Start to delete container blocks, TXIDs=[1(2)], numOfContainers=1, numOfBlocks=1
2019-10-15 14:16:32,489 [Command processor thread] INFO  commandhandler.DeleteBlocksCommandHandler (DeleteBlocksCommandHandler.java:handle(106)) - Start to delete container blocks, TXIDs=[1(2)], numOfContainers=1, numOfBlocks=1
2019-10-15 14:16:32,490 [Command processor thread] INFO  commandhandler.DeleteBlocksCommandHandler (DeleteBlocksCommandHandler.java:handle(106)) - Start to delete container blocks, TXIDs=[1(2)], numOfContainers=1, numOfBlocks=1
2019-10-15 14:16:32,490 [Command processor thread] INFO  commandhandler.DeleteBlocksCommandHandler (DeleteBlocksCommandHandler.java:handle(106)) - Start to delete container blocks, TXIDs=[1(30)], numOfContainers=1, numOfBlocks=1
2019-10-15 14:16:32,506 [4e1c66a4-792a-4350-b244-4dedea3f57a8@group-F1BA4E877FDC-LeaderElection41] INFO  impl.LeaderElection (LeaderElection.java:logAndReturn(56)) - 4e1c66a4-792a-4350-b244-4dedea3f57a8@group-F1BA4E877FDC-LeaderElection41: Election REJECTED; received 2 response(s) [4e1c66a4-792a-4350-b244-4dedea3f57a8<-2ac0d02e-9e70-4102-8ecc-87abf8a9c7ab#0:FAIL-t8, 4e1c66a4-792a-4350-b244-4dedea3f57a8<-350dd957-6baf-44a5-98e5-a3496d7a986b#0:FAIL-t8] and 0 exception(s); 4e1c66a4-792a-4350-b244-4dedea3f57a8@group-F1BA4E877FDC:t8, leader=null, voted=4e1c66a4-792a-4350-b244-4dedea3f57a8, raftlog=4e1c66a4-792a-4350-b244-4dedea3f57a8@group-F1BA4E877FDC-SegmentedRaftLog:OPENED:c-1,f-1,i0, conf=-1: [2ac0d02e-9e70-4102-8ecc-87abf8a9c7ab:192.168.164.232:40013, 4e1c66a4-792a-4350-b244-4dedea3f57a8:192.168.164.232:41177, 350dd957-6baf-44a5-98e5-a3496d7a986b:192.168.164.232:34256], old=null
2019-10-15 14:16:32,506 [4e1c66a4-792a-4350-b244-4dedea3f57a8@group-F1BA4E877FDC-LeaderElection41] INFO  impl.RaftServerImpl (RaftServerImpl.java:setRole(184)) - 4e1c66a4-792a-4350-b244-4dedea3f57a8@group-F1BA4E877FDC: changes role from CANDIDATE to FOLLOWER at term 8 for DISCOVERED_A_NEW_TERM
2019-10-15 14:16:32,506 [4e1c66a4-792a-4350-b244-4dedea3f57a8@group-F1BA4E877FDC-LeaderElection41] INFO  impl.RoleInfo (RoleInfo.java:shutdownLeaderElection(134)) - 4e1c66a4-792a-4350-b244-4dedea3f57a8: shutdown LeaderElection
2019-10-15 14:16:32,506 [4e1c66a4-792a-4350-b244-4dedea3f57a8@group-F1BA4E877FDC-LeaderElection41] INFO  impl.RoleInfo (RoleInfo.java:updateAndGet(143)) - 4e1c66a4-792a-4350-b244-4dedea3f57a8: start FollowerState
2019-10-15 14:16:32,581 [Thread-832] INFO  impl.FollowerState (FollowerState.java:run(108)) - 4e1c66a4-792a-4350-b244-4dedea3f57a8@group-488DD1D6D11B-FollowerState: change to CANDIDATE, lastRpcTime:159ms, electionTimeout:159ms
2019-10-15 14:16:32,581 [Thread-832] INFO  impl.RoleInfo (RoleInfo.java:shutdownFollowerState(121)) - 4e1c66a4-792a-4350-b244-4dedea3f57a8: shutdown FollowerState
2019-10-15 14:16:32,581 [Thread-832] INFO  impl.RaftServerImpl (RaftServerImpl.java:setRole(184)) - 4e1c66a4-792a-4350-b244-4dedea3f57a8@group-488DD1D6D11B: changes role from  FOLLOWER to CANDIDATE at term 32 for changeToCandidate
2019-10-15 14:16:32,581 [Thread-832] INFO  impl.RoleInfo (RoleInfo.java:updateAndGet(143)) - 4e1c66a4-792a-4350-b244-4dedea3f57a8: start LeaderElection
2019-10-15 14:16:32,613 [4e1c66a4-792a-4350-b244-4dedea3f57a8@group-488DD1D6D11B-LeaderElection42] INFO  impl.LeaderElection (LeaderElection.java:askForVotes(178)) - 4e1c66a4-792a-4350-b244-4dedea3f57a8@group-488DD1D6D11B-LeaderElection42: begin an election at term 33 for 0: [2ac0d02e-9e70-4102-8ecc-87abf8a9c7ab:192.168.164.232:40013, 4e1c66a4-792a-4350-b244-4dedea3f57a8:192.168.164.232:41177, 350dd957-6baf-44a5-98e5-a3496d7a986b:192.168.164.232:34256], old=null
2019-10-15 14:16:32,618 [grpc-default-executor-6] INFO  impl.RaftServerImpl (RaftServerImpl.java:setRole(184)) - 350dd957-6baf-44a5-98e5-a3496d7a986b@group-488DD1D6D11B: changes role from  FOLLOWER to FOLLOWER at term 33 for recognizeCandidate:4e1c66a4-792a-4350-b244-4dedea3f57a8
2019-10-15 14:16:32,618 [grpc-default-executor-4] INFO  impl.RaftServerImpl (RaftServerImpl.java:setRole(184)) - 2ac0d02e-9e70-4102-8ecc-87abf8a9c7ab@group-488DD1D6D11B: changes role from  FOLLOWER to FOLLOWER at term 33 for recognizeCandidate:4e1c66a4-792a-4350-b244-4dedea3f57a8
2019-10-15 14:16:32,618 [grpc-default-executor-6] INFO  impl.RoleInfo (RoleInfo.java:shutdownFollowerState(121)) - 350dd957-6baf-44a5-98e5-a3496d7a986b: shutdown FollowerState
2019-10-15 14:16:32,618 [grpc-default-executor-4] INFO  impl.RoleInfo (RoleInfo.java:shutdownFollowerState(121)) - 2ac0d02e-9e70-4102-8ecc-87abf8a9c7ab: shutdown FollowerState
2019-10-15 14:16:32,619 [Thread-829] INFO  impl.FollowerState (FollowerState.java:run(117)) - 350dd957-6baf-44a5-98e5-a3496d7a986b@group-488DD1D6D11B-FollowerState was interrupted: java.lang.InterruptedException: sleep interrupted
2019-10-15 14:16:32,619 [grpc-default-executor-6] INFO  impl.RoleInfo (RoleInfo.java:updateAndGet(143)) - 350dd957-6baf-44a5-98e5-a3496d7a986b: start FollowerState
2019-10-15 14:16:32,619 [Thread-830] INFO  impl.FollowerState (FollowerState.java:run(117)) - 2ac0d02e-9e70-4102-8ecc-87abf8a9c7ab@group-488DD1D6D11B-FollowerState was interrupted: java.lang.InterruptedException: sleep interrupted
2019-10-15 14:16:32,619 [grpc-default-executor-4] INFO  impl.RoleInfo (RoleInfo.java:updateAndGet(143)) - 2ac0d02e-9e70-4102-8ecc-87abf8a9c7ab: start FollowerState
2019-10-15 14:16:32,637 [Thread-839] INFO  impl.FollowerState (FollowerState.java:run(108)) - 4e1c66a4-792a-4350-b244-4dedea3f57a8@group-F1BA4E877FDC-FollowerState: change to CANDIDATE, lastRpcTime:131ms, electionTimeout:131ms
2019-10-15 14:16:32,637 [Thread-839] INFO  impl.RoleInfo (RoleInfo.java:shutdownFollowerState(121)) - 4e1c66a4-792a-4350-b244-4dedea3f57a8: shutdown FollowerState
2019-10-15 14:16:32,638 [Thread-839] INFO  impl.RaftServerImpl (RaftServerImpl.java:setRole(184)) - 4e1c66a4-792a-4350-b244-4dedea3f57a8@group-F1BA4E877FDC: changes role from  FOLLOWER to CANDIDATE at term 8 for changeToCandidate
2019-10-15 14:16:32,638 [Thread-839] INFO  impl.RoleInfo (RoleInfo.java:updateAndGet(143)) - 4e1c66a4-792a-4350-b244-4dedea3f57a8: start LeaderElection
2019-10-15 14:16:32,648 [4e1c66a4-792a-4350-b244-4dedea3f57a8@group-488DD1D6D11B-LeaderElection42] INFO  impl.LeaderElection (LeaderElection.java:logAndReturn(56)) - 4e1c66a4-792a-4350-b244-4dedea3f57a8@group-488DD1D6D11B-LeaderElection42: Election REJECTED; received 2 response(s) [4e1c66a4-792a-4350-b244-4dedea3f57a8<-2ac0d02e-9e70-4102-8ecc-87abf8a9c7ab#0:FAIL-t33, 4e1c66a4-792a-4350-b244-4dedea3f57a8<-350dd957-6baf-44a5-98e5-a3496d7a986b#0:FAIL-t33] and 0 exception(s); 4e1c66a4-792a-4350-b244-4dedea3f57a8@group-488DD1D6D11B:t33, leader=null, voted=4e1c66a4-792a-4350-b244-4dedea3f57a8, raftlog=4e1c66a4-792a-4350-b244-4dedea3f57a8@group-488DD1D6D11B-SegmentedRaftLog:OPENED:c3,f4,i4, conf=0: [2ac0d02e-9e70-4102-8ecc-87abf8a9c7ab:192.168.164.232:40013, 4e1c66a4-792a-4350-b244-4dedea3f57a8:192.168.164.232:41177, 350dd957-6baf-44a5-98e5-a3496d7a986b:192.168.164.232:34256], old=null
2019-10-15 14:16:32,649 [4e1c66a4-792a-4350-b244-4dedea3f57a8@group-488DD1D6D11B-LeaderElection42] INFO  impl.RaftServerImpl (RaftServerImpl.java:setRole(184)) - 4e1c66a4-792a-4350-b244-4dedea3f57a8@group-488DD1D6D11B: changes role from CANDIDATE to FOLLOWER at term 33 for DISCOVERED_A_NEW_TERM
2019-10-15 14:16:32,649 [4e1c66a4-792a-4350-b244-4dedea3f57a8@group-488DD1D6D11B-LeaderElection42] INFO  impl.RoleInfo (RoleInfo.java:shutdownLeaderElection(134)) - 4e1c66a4-792a-4350-b244-4dedea3f57a8: shutdown LeaderElection
2019-10-15 14:16:32,649 [4e1c66a4-792a-4350-b244-4dedea3f57a8@group-488DD1D6D11B-LeaderElection42] INFO  impl.RoleInfo (RoleInfo.java:updateAndGet(143)) - 4e1c66a4-792a-4350-b244-4dedea3f57a8: start FollowerState
2019-10-15 14:16:32,664 [4e1c66a4-792a-4350-b244-4dedea3f57a8@group-F1BA4E877FDC-LeaderElection43] INFO  impl.LeaderElection (LeaderElection.java:askForVotes(178)) - 4e1c66a4-792a-4350-b244-4dedea3f57a8@group-F1BA4E877FDC-LeaderElection43: begin an election at term 9 for -1: [2ac0d02e-9e70-4102-8ecc-87abf8a9c7ab:192.168.164.232:40013, 4e1c66a4-792a-4350-b244-4dedea3f57a8:192.168.164.232:41177, 350dd957-6baf-44a5-98e5-a3496d7a986b:192.168.164.232:34256], old=null
2019-10-15 14:16:32,667 [grpc-default-executor-4] INFO  impl.RaftServerImpl (RaftServerImpl.java:setRole(184)) - 350dd957-6baf-44a5-98e5-a3496d7a986b@group-F1BA4E877FDC: changes role from  FOLLOWER to FOLLOWER at term 9 for recognizeCandidate:4e1c66a4-792a-4350-b244-4dedea3f57a8
2019-10-15 14:16:32,667 [grpc-default-executor-6] INFO  impl.RaftServerImpl (RaftServerImpl.java:setRole(184)) - 2ac0d02e-9e70-4102-8ecc-87abf8a9c7ab@group-F1BA4E877FDC: changes role from  FOLLOWER to FOLLOWER at term 9 for recognizeCandidate:4e1c66a4-792a-4350-b244-4dedea3f57a8
2019-10-15 14:16:32,667 [grpc-default-executor-4] INFO  impl.RoleInfo (RoleInfo.java:shutdownFollowerState(121)) - 350dd957-6baf-44a5-98e5-a3496d7a986b: shutdown FollowerState
2019-10-15 14:16:32,668 [grpc-default-executor-6] INFO  impl.RoleInfo (RoleInfo.java:shutdownFollowerState(121)) - 2ac0d02e-9e70-4102-8ecc-87abf8a9c7ab: shutdown FollowerState
2019-10-15 14:16:32,668 [Thread-838] INFO  impl.FollowerState (FollowerState.java:run(117)) - 350dd957-6baf-44a5-98e5-a3496d7a986b@group-F1BA4E877FDC-FollowerState was interrupted: java.lang.InterruptedException: sleep interrupted
2019-10-15 14:16:32,668 [grpc-default-executor-6] INFO  impl.RoleInfo (RoleInfo.java:updateAndGet(143)) - 2ac0d02e-9e70-4102-8ecc-87abf8a9c7ab: start FollowerState
2019-10-15 14:16:32,668 [grpc-default-executor-4] INFO  impl.RoleInfo (RoleInfo.java:updateAndGet(143)) - 350dd957-6baf-44a5-98e5-a3496d7a986b: start FollowerState
2019-10-15 14:16:32,668 [Thread-837] INFO  impl.FollowerState (FollowerState.java:run(117)) - 2ac0d02e-9e70-4102-8ecc-87abf8a9c7ab@group-F1BA4E877FDC-FollowerState was interrupted: java.lang.InterruptedException: sleep interrupted
2019-10-15 14:16:32,683 [EventQueue-DeleteBlockStatusForDeletedBlockLogImpl] WARN  block.DeletedBlockLogImpl (DeletedBlockLogImpl.java:commitTransactions(205)) - Transaction txId=1 commit by dnId=4e1c66a4-792a-4350-b244-4dedea3f57a8 for containerID=#1 failed. Corresponding entry not found.
2019-10-15 14:16:32,683 [EventQueue-DeleteBlockStatusForDeletedBlockLogImpl] WARN  block.DeletedBlockLogImpl (DeletedBlockLogImpl.java:commitTransactions(205)) - Transaction txId=1 commit by dnId=4e1c66a4-792a-4350-b244-4dedea3f57a8 for containerID=#1 failed. Corresponding entry not found.
2019-10-15 14:16:32,684 [EventQueue-DeleteBlockStatusForDeletedBlockLogImpl] WARN  block.DeletedBlockLogImpl (DeletedBlockLogImpl.java:commitTransactions(205)) - Transaction txId=1 commit by dnId=4e1c66a4-792a-4350-b244-4dedea3f57a8 for containerID=#1 failed. Corresponding entry not found.
2019-10-15 14:16:32,684 [EventQueue-DeleteBlockStatusForDeletedBlockLogImpl] WARN  block.DeletedBlockLogImpl (DeletedBlockLogImpl.java:commitTransactions(205)) - Transaction txId=1 commit by dnId=4e1c66a4-792a-4350-b244-4dedea3f57a8 for containerID=#1 failed. Corresponding entry not found.
2019-10-15 14:16:32,684 [EventQueue-DeleteBlockStatusForDeletedBlockLogImpl] WARN  block.DeletedBlockLogImpl (DeletedBlockLogImpl.java:commitTransactions(205)) - Transaction txId=1 commit by dnId=4e1c66a4-792a-4350-b244-4dedea3f57a8 for containerID=#1 failed. Corresponding entry not found.
2019-10-15 14:16:32,684 [EventQueue-DeleteBlockStatusForDeletedBlockLogImpl] WARN  block.DeletedBlockLogImpl (DeletedBlockLogImpl.java:commitTransactions(205)) - Transaction txId=1 commit by dnId=4e1c66a4-792a-4350-b244-4dedea3f57a8 for containerID=#1 failed. Corresponding entry not found.
2019-10-15 14:16:32,684 [EventQueue-DeleteBlockStatusForDeletedBlockLogImpl] WARN  block.DeletedBlockLogImpl (DeletedBlockLogImpl.java:commitTransactions(205)) - Transaction txId=1 commit by dnId=4e1c66a4-792a-4350-b244-4dedea3f57a8 for containerID=#1 failed. Corresponding entry not found.
2019-10-15 14:16:32,699 [4e1c66a4-792a-4350-b244-4dedea3f57a8@group-F1BA4E877FDC-LeaderElection43] INFO  impl.LeaderElection (LeaderElection.java:logAndReturn(56)) - 4e1c66a4-792a-4350-b244-4dedea3f57a8@group-F1BA4E877FDC-LeaderElection43: Election REJECTED; received 2 response(s) [4e1c66a4-792a-4350-b244-4dedea3f57a8<-2ac0d02e-9e70-4102-8ecc-87abf8a9c7ab#0:FAIL-t9, 4e1c66a4-792a-4350-b244-4dedea3f57a8<-350dd957-6baf-44a5-98e5-a3496d7a986b#0:FAIL-t9] and 0 exception(s); 4e1c66a4-792a-4350-b244-4dedea3f57a8@group-F1BA4E877FDC:t9, leader=null, voted=4e1c66a4-792a-4350-b244-4dedea3f57a8, raftlog=4e1c66a4-792a-4350-b244-4dedea3f57a8@group-F1BA4E877FDC-SegmentedRaftLog:OPENED:c-1,f-1,i0, conf=-1: [2ac0d02e-9e70-4102-8ecc-87abf8a9c7ab:192.168.164.232:40013, 4e1c66a4-792a-4350-b244-4dedea3f57a8:192.168.164.232:41177, 350dd957-6baf-44a5-98e5-a3496d7a986b:192.168.164.232:34256], old=null
2019-10-15 14:16:32,700 [4e1c66a4-792a-4350-b244-4dedea3f57a8@group-F1BA4E877FDC-LeaderElection43] INFO  impl.RaftServerImpl (RaftServerImpl.java:setRole(184)) - 4e1c66a4-792a-4350-b244-4dedea3f57a8@group-F1BA4E877FDC: changes role from CANDIDATE to FOLLOWER at term 9 for DISCOVERED_A_NEW_TERM
2019-10-15 14:16:32,700 [4e1c66a4-792a-4350-b244-4dedea3f57a8@group-F1BA4E877FDC-LeaderElection43] INFO  impl.RoleInfo (RoleInfo.java:shutdownLeaderElection(134)) - 4e1c66a4-792a-4350-b244-4dedea3f57a8: shutdown LeaderElection
2019-10-15 14:16:32,700 [4e1c66a4-792a-4350-b244-4dedea3f57a8@group-F1BA4E877FDC-LeaderElection43] INFO  impl.RoleInfo (RoleInfo.java:updateAndGet(143)) - 4e1c66a4-792a-4350-b244-4dedea3f57a8: start FollowerState
2019-10-15 14:16:32,707 [Thread-846] INFO  impl.FollowerState (FollowerState.java:run(108)) - 4e1c66a4-792a-4350-b244-4dedea3f57a8@group-488DD1D6D11B-FollowerState: change to CANDIDATE, lastRpcTime:58ms, electionTimeout:58ms
2019-10-15 14:16:32,708 [Thread-846] INFO  impl.RoleInfo (RoleInfo.java:shutdownFollowerState(121)) - 4e1c66a4-792a-4350-b244-4dedea3f57a8: shutdown FollowerState
2019-10-15 14:16:32,708 [Thread-846] INFO  impl.RaftServerImpl (RaftServerImpl.java:setRole(184)) - 4e1c66a4-792a-4350-b244-4dedea3f57a8@group-488DD1D6D11B: changes role from  FOLLOWER to CANDIDATE at term 33 for changeToCandidate
2019-10-15 14:16:32,708 [Thread-846] INFO  impl.RoleInfo (RoleInfo.java:updateAndGet(143)) - 4e1c66a4-792a-4350-b244-4dedea3f57a8: start LeaderElection
2019-10-15 14:16:32,732 [4e1c66a4-792a-4350-b244-4dedea3f57a8@group-488DD1D6D11B-LeaderElection44] INFO  impl.LeaderElection (LeaderElection.java:askForVotes(178)) - 4e1c66a4-792a-4350-b244-4dedea3f57a8@group-488DD1D6D11B-LeaderElection44: begin an election at term 34 for 0: [2ac0d02e-9e70-4102-8ecc-87abf8a9c7ab:192.168.164.232:40013, 4e1c66a4-792a-4350-b244-4dedea3f57a8:192.168.164.232:41177, 350dd957-6baf-44a5-98e5-a3496d7a986b:192.168.164.232:34256], old=null
2019-10-15 14:16:32,735 [grpc-default-executor-6] INFO  impl.RaftServerImpl (RaftServerImpl.java:setRole(184)) - 350dd957-6baf-44a5-98e5-a3496d7a986b@group-488DD1D6D11B: changes role from  FOLLOWER to FOLLOWER at term 34 for recognizeCandidate:4e1c66a4-792a-4350-b244-4dedea3f57a8
2019-10-15 14:16:32,735 [grpc-default-executor-4] INFO  impl.RaftServerImpl (RaftServerImpl.java:setRole(184)) - 2ac0d02e-9e70-4102-8ecc-87abf8a9c7ab@group-488DD1D6D11B: changes role from  FOLLOWER to FOLLOWER at term 34 for recognizeCandidate:4e1c66a4-792a-4350-b244-4dedea3f57a8
2019-10-15 14:16:32,735 [grpc-default-executor-6] INFO  impl.RoleInfo (RoleInfo.java:shutdownFollowerState(121)) - 350dd957-6baf-44a5-98e5-a3496d7a986b: shutdown FollowerState
2019-10-15 14:16:32,735 [grpc-default-executor-4] INFO  impl.RoleInfo (RoleInfo.java:shutdownFollowerState(121)) - 2ac0d02e-9e70-4102-8ecc-87abf8a9c7ab: shutdown FollowerState
2019-10-15 14:16:32,735 [grpc-default-executor-6] INFO  impl.RoleInfo (RoleInfo.java:updateAndGet(143)) - 350dd957-6baf-44a5-98e5-a3496d7a986b: start FollowerState
2019-10-15 14:16:32,735 [Thread-843] INFO  impl.FollowerState (FollowerState.java:run(117)) - 350dd957-6baf-44a5-98e5-a3496d7a986b@group-488DD1D6D11B-FollowerState was interrupted: java.lang.InterruptedException: sleep interrupted
2019-10-15 14:16:32,735 [Thread-844] INFO  impl.FollowerState (FollowerState.java:run(117)) - 2ac0d02e-9e70-4102-8ecc-87abf8a9c7ab@group-488DD1D6D11B-FollowerState was interrupted: java.lang.InterruptedException: sleep interrupted
2019-10-15 14:16:32,735 [grpc-default-executor-4] INFO  impl.RoleInfo (RoleInfo.java:updateAndGet(143)) - 2ac0d02e-9e70-4102-8ecc-87abf8a9c7ab: start FollowerState
2019-10-15 14:16:32,759 [4e1c66a4-792a-4350-b244-4dedea3f57a8@group-488DD1D6D11B-LeaderElection44] INFO  impl.LeaderElection (LeaderElection.java:logAndReturn(56)) - 4e1c66a4-792a-4350-b244-4dedea3f57a8@group-488DD1D6D11B-LeaderElection44: Election REJECTED; received 2 response(s) [4e1c66a4-792a-4350-b244-4dedea3f57a8<-2ac0d02e-9e70-4102-8ecc-87abf8a9c7ab#0:FAIL-t34, 4e1c66a4-792a-4350-b244-4dedea3f57a8<-350dd957-6baf-44a5-98e5-a3496d7a986b#0:FAIL-t34] and 0 exception(s); 4e1c66a4-792a-4350-b244-4dedea3f57a8@group-488DD1D6D11B:t34, leader=null, voted=4e1c66a4-792a-4350-b244-4dedea3f57a8, raftlog=4e1c66a4-792a-4350-b244-4dedea3f57a8@group-488DD1D6D11B-SegmentedRaftLog:OPENED:c3,f4,i4, conf=0: [2ac0d02e-9e70-4102-8ecc-87abf8a9c7ab:192.168.164.232:40013, 4e1c66a4-792a-4350-b244-4dedea3f57a8:192.168.164.232:41177, 350dd957-6baf-44a5-98e5-a3496d7a986b:192.168.164.232:34256], old=null
2019-10-15 14:16:32,760 [4e1c66a4-792a-4350-b244-4dedea3f57a8@group-488DD1D6D11B-LeaderElection44] INFO  impl.RaftServerImpl (RaftServerImpl.java:setRole(184)) - 4e1c66a4-792a-4350-b244-4dedea3f57a8@group-488DD1D6D11B: changes role from CANDIDATE to FOLLOWER at term 34 for DISCOVERED_A_NEW_TERM
2019-10-15 14:16:32,760 [4e1c66a4-792a-4350-b244-4dedea3f57a8@group-488DD1D6D11B-LeaderElection44] INFO  impl.RoleInfo (RoleInfo.java:shutdownLeaderElection(134)) - 4e1c66a4-792a-4350-b244-4dedea3f57a8: shutdown LeaderElection
2019-10-15 14:16:32,760 [4e1c66a4-792a-4350-b244-4dedea3f57a8@group-488DD1D6D11B-LeaderElection44] INFO  impl.RoleInfo (RoleInfo.java:updateAndGet(143)) - 4e1c66a4-792a-4350-b244-4dedea3f57a8: start FollowerState
2019-10-15 14:16:32,778 [Thread-857] INFO  impl.FollowerState (FollowerState.java:run(108)) - 4e1c66a4-792a-4350-b244-4dedea3f57a8@group-488DD1D6D11B-FollowerState: change to CANDIDATE, lastRpcTime:17ms, electionTimeout:15ms
2019-10-15 14:16:32,778 [Thread-857] INFO  impl.RoleInfo (RoleInfo.java:shutdownFollowerState(121)) - 4e1c66a4-792a-4350-b244-4dedea3f57a8: shutdown FollowerState
2019-10-15 14:16:32,778 [Thread-857] INFO  impl.RaftServerImpl (RaftServerImpl.java:setRole(184)) - 4e1c66a4-792a-4350-b244-4dedea3f57a8@group-488DD1D6D11B: changes role from  FOLLOWER to CANDIDATE at term 34 for changeToCandidate
2019-10-15 14:16:32,778 [Thread-857] INFO  impl.RoleInfo (RoleInfo.java:updateAndGet(143)) - 4e1c66a4-792a-4350-b244-4dedea3f57a8: start LeaderElection
2019-10-15 14:16:32,780 [Thread-860] INFO  client.GrpcClientProtocolService (GrpcClientProtocolService.java:lambda$processClientRequest$0(278)) - Failed RaftClientRequest:client-E8AF2CDF2BB3->350dd957-6baf-44a5-98e5-a3496d7a986b@group-488DD1D6D11B, cid=10, seq=0, Watch-ALL_COMMITTED(6), Message:<EMPTY>, reply=RaftClientReply:client-E8AF2CDF2BB3->350dd957-6baf-44a5-98e5-a3496d7a986b@group-488DD1D6D11B, cid=10, FAILED org.apache.ratis.protocol.NotLeaderException: Server 350dd957-6baf-44a5-98e5-a3496d7a986b@group-488DD1D6D11B is not the leader, logIndex=0, commits[350dd957-6baf-44a5-98e5-a3496d7a986b:c10, 2ac0d02e-9e70-4102-8ecc-87abf8a9c7ab:c10, 4e1c66a4-792a-4350-b244-4dedea3f57a8:c4]
2019-10-15 14:16:32,801 [Thread-851] INFO  impl.FollowerState (FollowerState.java:run(108)) - 4e1c66a4-792a-4350-b244-4dedea3f57a8@group-F1BA4E877FDC-FollowerState: change to CANDIDATE, lastRpcTime:101ms, electionTimeout:101ms
2019-10-15 14:16:32,801 [Thread-851] INFO  impl.RoleInfo (RoleInfo.java:shutdownFollowerState(121)) - 4e1c66a4-792a-4350-b244-4dedea3f57a8: shutdown FollowerState
2019-10-15 14:16:32,802 [Thread-851] INFO  impl.RaftServerImpl (RaftServerImpl.java:setRole(184)) - 4e1c66a4-792a-4350-b244-4dedea3f57a8@group-F1BA4E877FDC: changes role from  FOLLOWER to CANDIDATE at term 9 for changeToCandidate
2019-10-15 14:16:32,802 [Thread-851] INFO  impl.RoleInfo (RoleInfo.java:updateAndGet(143)) - 4e1c66a4-792a-4350-b244-4dedea3f57a8: start LeaderElection
2019-10-15 14:16:32,809 [4e1c66a4-792a-4350-b244-4dedea3f57a8@group-488DD1D6D11B-LeaderElection45] INFO  impl.LeaderElection (LeaderElection.java:askForVotes(178)) - 4e1c66a4-792a-4350-b244-4dedea3f57a8@group-488DD1D6D11B-LeaderElection45: begin an election at term 35 for 0: [2ac0d02e-9e70-4102-8ecc-87abf8a9c7ab:192.168.164.232:40013, 4e1c66a4-792a-4350-b244-4dedea3f57a8:192.168.164.232:41177, 350dd957-6baf-44a5-98e5-a3496d7a986b:192.168.164.232:34256], old=null
2019-10-15 14:16:32,811 [grpc-default-executor-4] INFO  impl.RaftServerImpl (RaftServerImpl.java:setRole(184)) - 350dd957-6baf-44a5-98e5-a3496d7a986b@group-488DD1D6D11B: changes role from  FOLLOWER to FOLLOWER at term 35 for recognizeCandidate:4e1c66a4-792a-4350-b244-4dedea3f57a8
2019-10-15 14:16:32,811 [grpc-default-executor-4] INFO  impl.RoleInfo (RoleInfo.java:shutdownFollowerState(121)) - 350dd957-6baf-44a5-98e5-a3496d7a986b: shutdown FollowerState
2019-10-15 14:16:32,811 [grpc-default-executor-4] INFO  impl.RoleInfo (RoleInfo.java:updateAndGet(143)) - 350dd957-6baf-44a5-98e5-a3496d7a986b: start FollowerState
2019-10-15 14:16:32,811 [Thread-855] INFO  impl.FollowerState (FollowerState.java:run(117)) - 350dd957-6baf-44a5-98e5-a3496d7a986b@group-488DD1D6D11B-FollowerState was interrupted: java.lang.InterruptedException: sleep interrupted
2019-10-15 14:16:32,812 [grpc-default-executor-6] INFO  impl.RaftServerImpl (RaftServerImpl.java:setRole(184)) - 2ac0d02e-9e70-4102-8ecc-87abf8a9c7ab@group-488DD1D6D11B: changes role from  FOLLOWER to FOLLOWER at term 35 for recognizeCandidate:4e1c66a4-792a-4350-b244-4dedea3f57a8
2019-10-15 14:16:32,812 [grpc-default-executor-6] INFO  impl.RoleInfo (RoleInfo.java:shutdownFollowerState(121)) - 2ac0d02e-9e70-4102-8ecc-87abf8a9c7ab: shutdown FollowerState
2019-10-15 14:16:32,812 [Thread-856] INFO  impl.FollowerState (FollowerState.java:run(117)) - 2ac0d02e-9e70-4102-8ecc-87abf8a9c7ab@group-488DD1D6D11B-FollowerState was interrupted: java.lang.InterruptedException: sleep interrupted
2019-10-15 14:16:32,812 [grpc-default-executor-6] INFO  impl.RoleInfo (RoleInfo.java:updateAndGet(143)) - 2ac0d02e-9e70-4102-8ecc-87abf8a9c7ab: start FollowerState
2019-10-15 14:16:32,827 [4e1c66a4-792a-4350-b244-4dedea3f57a8@group-F1BA4E877FDC-LeaderElection46] INFO  impl.LeaderElection (LeaderElection.java:askForVotes(178)) - 4e1c66a4-792a-4350-b244-4dedea3f57a8@group-F1BA4E877FDC-LeaderElection46: begin an election at term 10 for -1: [2ac0d02e-9e70-4102-8ecc-87abf8a9c7ab:192.168.164.232:40013, 4e1c66a4-792a-4350-b244-4dedea3f57a8:192.168.164.232:41177, 350dd957-6baf-44a5-98e5-a3496d7a986b:192.168.164.232:34256], old=null
2019-10-15 14:16:32,828 [4e1c66a4-792a-4350-b244-4dedea3f57a8@group-488DD1D6D11B-LeaderElection45] INFO  impl.LeaderElection (LeaderElection.java:logAndReturn(56)) - 4e1c66a4-792a-4350-b244-4dedea3f57a8@group-488DD1D6D11B-LeaderElection45: Election REJECTED; received 2 response(s) [4e1c66a4-792a-4350-b244-4dedea3f57a8<-2ac0d02e-9e70-4102-8ecc-87abf8a9c7ab#0:FAIL-t35, 4e1c66a4-792a-4350-b244-4dedea3f57a8<-350dd957-6baf-44a5-98e5-a3496d7a986b#0:FAIL-t35] and 0 exception(s); 4e1c66a4-792a-4350-b244-4dedea3f57a8@group-488DD1D6D11B:t35, leader=null, voted=4e1c66a4-792a-4350-b244-4dedea3f57a8, raftlog=4e1c66a4-792a-4350-b244-4dedea3f57a8@group-488DD1D6D11B-SegmentedRaftLog:OPENED:c3,f4,i4, conf=0: [2ac0d02e-9e70-4102-8ecc-87abf8a9c7ab:192.168.164.232:40013, 4e1c66a4-792a-4350-b244-4dedea3f57a8:192.168.164.232:41177, 350dd957-6baf-44a5-98e5-a3496d7a986b:192.168.164.232:34256], old=null
2019-10-15 14:16:32,828 [4e1c66a4-792a-4350-b244-4dedea3f57a8@group-488DD1D6D11B-LeaderElection45] INFO  impl.RaftServerImpl (RaftServerImpl.java:setRole(184)) - 4e1c66a4-792a-4350-b244-4dedea3f57a8@group-488DD1D6D11B: changes role from CANDIDATE to FOLLOWER at term 35 for DISCOVERED_A_NEW_TERM
2019-10-15 14:16:32,828 [4e1c66a4-792a-4350-b244-4dedea3f57a8@group-488DD1D6D11B-LeaderElection45] INFO  impl.RoleInfo (RoleInfo.java:shutdownLeaderElection(134)) - 4e1c66a4-792a-4350-b244-4dedea3f57a8: shutdown LeaderElection
2019-10-15 14:16:32,828 [4e1c66a4-792a-4350-b244-4dedea3f57a8@group-488DD1D6D11B-LeaderElection45] INFO  impl.RoleInfo (RoleInfo.java:updateAndGet(143)) - 4e1c66a4-792a-4350-b244-4dedea3f57a8: start FollowerState
2019-10-15 14:16:32,829 [grpc-default-executor-4] INFO  impl.RaftServerImpl (RaftServerImpl.java:setRole(184)) - 2ac0d02e-9e70-4102-8ecc-87abf8a9c7ab@group-F1BA4E877FDC: changes role from  FOLLOWER to FOLLOWER at term 10 for recognizeCandidate:4e1c66a4-792a-4350-b244-4dedea3f57a8
2019-10-15 14:16:32,830 [grpc-default-executor-4] INFO  impl.RoleInfo (RoleInfo.java:shutdownFollowerState(121)) - 2ac0d02e-9e70-4102-8ecc-87abf8a9c7ab: shutdown FollowerState
2019-10-15 14:16:32,830 [grpc-default-executor-6] INFO  impl.RaftServerImpl (RaftServerImpl.java:setRole(184)) - 350dd957-6baf-44a5-98e5-a3496d7a986b@group-F1BA4E877FDC: changes role from  FOLLOWER to FOLLOWER at term 10 for recognizeCandidate:4e1c66a4-792a-4350-b244-4dedea3f57a8
2019-10-15 14:16:32,830 [Thread-850] INFO  impl.FollowerState (FollowerState.java:run(117)) - 2ac0d02e-9e70-4102-8ecc-87abf8a9c7ab@group-F1BA4E877FDC-FollowerState was interrupted: java.lang.InterruptedException: sleep interrupted
2019-10-15 14:16:32,830 [grpc-default-executor-4] INFO  impl.RoleInfo (RoleInfo.java:updateAndGet(143)) - 2ac0d02e-9e70-4102-8ecc-87abf8a9c7ab: start FollowerState
2019-10-15 14:16:32,830 [grpc-default-executor-6] INFO  impl.RoleInfo (RoleInfo.java:shutdownFollowerState(121)) - 350dd957-6baf-44a5-98e5-a3496d7a986b: shutdown FollowerState
2019-10-15 14:16:32,830 [Thread-849] INFO  impl.FollowerState (FollowerState.java:run(117)) - 350dd957-6baf-44a5-98e5-a3496d7a986b@group-F1BA4E877FDC-FollowerState was interrupted: java.lang.InterruptedException: sleep interrupted
2019-10-15 14:16:32,830 [grpc-default-executor-6] INFO  impl.RoleInfo (RoleInfo.java:updateAndGet(143)) - 350dd957-6baf-44a5-98e5-a3496d7a986b: start FollowerState
2019-10-15 14:16:32,857 [Thread-869] INFO  impl.FollowerState (FollowerState.java:run(108)) - 4e1c66a4-792a-4350-b244-4dedea3f57a8@group-488DD1D6D11B-FollowerState: change to CANDIDATE, lastRpcTime:28ms, electionTimeout:28ms
2019-10-15 14:16:32,857 [Thread-869] INFO  impl.RoleInfo (RoleInfo.java:shutdownFollowerState(121)) - 4e1c66a4-792a-4350-b244-4dedea3f57a8: shutdown FollowerState
2019-10-15 14:16:32,857 [Thread-869] INFO  impl.RaftServerImpl (RaftServerImpl.java:setRole(184)) - 4e1c66a4-792a-4350-b244-4dedea3f57a8@group-488DD1D6D11B: changes role from  FOLLOWER to CANDIDATE at term 35 for changeToCandidate
2019-10-15 14:16:32,857 [Thread-869] INFO  impl.RoleInfo (RoleInfo.java:updateAndGet(143)) - 4e1c66a4-792a-4350-b244-4dedea3f57a8: start LeaderElection
2019-10-15 14:16:32,879 [4e1c66a4-792a-4350-b244-4dedea3f57a8@group-F1BA4E877FDC-LeaderElection46] INFO  impl.LeaderElection (LeaderElection.java:logAndReturn(56)) - 4e1c66a4-792a-4350-b244-4dedea3f57a8@group-F1BA4E877FDC-LeaderElection46: Election REJECTED; received 2 response(s) [4e1c66a4-792a-4350-b244-4dedea3f57a8<-2ac0d02e-9e70-4102-8ecc-87abf8a9c7ab#0:FAIL-t10, 4e1c66a4-792a-4350-b244-4dedea3f57a8<-350dd957-6baf-44a5-98e5-a3496d7a986b#0:FAIL-t10] and 0 exception(s); 4e1c66a4-792a-4350-b244-4dedea3f57a8@group-F1BA4E877FDC:t10, leader=null, voted=4e1c66a4-792a-4350-b244-4dedea3f57a8, raftlog=4e1c66a4-792a-4350-b244-4dedea3f57a8@group-F1BA4E877FDC-SegmentedRaftLog:OPENED:c-1,f-1,i0, conf=-1: [2ac0d02e-9e70-4102-8ecc-87abf8a9c7ab:192.168.164.232:40013, 4e1c66a4-792a-4350-b244-4dedea3f57a8:192.168.164.232:41177, 350dd957-6baf-44a5-98e5-a3496d7a986b:192.168.164.232:34256], old=null
2019-10-15 14:16:32,879 [4e1c66a4-792a-4350-b244-4dedea3f57a8@group-F1BA4E877FDC-LeaderElection46] INFO  impl.RaftServerImpl (RaftServerImpl.java:setRole(184)) - 4e1c66a4-792a-4350-b244-4dedea3f57a8@group-F1BA4E877FDC: changes role from CANDIDATE to FOLLOWER at term 10 for DISCOVERED_A_NEW_TERM
2019-10-15 14:16:32,879 [4e1c66a4-792a-4350-b244-4dedea3f57a8@group-F1BA4E877FDC-LeaderElection46] INFO  impl.RoleInfo (RoleInfo.java:shutdownLeaderElection(134)) - 4e1c66a4-792a-4350-b244-4dedea3f57a8: shutdown LeaderElection
2019-10-15 14:16:32,879 [4e1c66a4-792a-4350-b244-4dedea3f57a8@group-F1BA4E877FDC-LeaderElection46] INFO  impl.RoleInfo (RoleInfo.java:updateAndGet(143)) - 4e1c66a4-792a-4350-b244-4dedea3f57a8: start FollowerState
2019-10-15 14:16:32,945 [4e1c66a4-792a-4350-b244-4dedea3f57a8@group-488DD1D6D11B-LeaderElection47] INFO  impl.LeaderElection (LeaderElection.java:askForVotes(178)) - 4e1c66a4-792a-4350-b244-4dedea3f57a8@group-488DD1D6D11B-LeaderElection47: begin an election at term 36 for 0: [2ac0d02e-9e70-4102-8ecc-87abf8a9c7ab:192.168.164.232:40013, 4e1c66a4-792a-4350-b244-4dedea3f57a8:192.168.164.232:41177, 350dd957-6baf-44a5-98e5-a3496d7a986b:192.168.164.232:34256], old=null
2019-10-15 14:16:32,947 [grpc-default-executor-6] INFO  impl.RaftServerImpl (RaftServerImpl.java:setRole(184)) - 2ac0d02e-9e70-4102-8ecc-87abf8a9c7ab@group-488DD1D6D11B: changes role from  FOLLOWER to FOLLOWER at term 36 for recognizeCandidate:4e1c66a4-792a-4350-b244-4dedea3f57a8
2019-10-15 14:16:32,947 [grpc-default-executor-4] INFO  impl.RaftServerImpl (RaftServerImpl.java:setRole(184)) - 350dd957-6baf-44a5-98e5-a3496d7a986b@group-488DD1D6D11B: changes role from  FOLLOWER to FOLLOWER at term 36 for recognizeCandidate:4e1c66a4-792a-4350-b244-4dedea3f57a8
2019-10-15 14:16:32,948 [grpc-default-executor-6] INFO  impl.RoleInfo (RoleInfo.java:shutdownFollowerState(121)) - 2ac0d02e-9e70-4102-8ecc-87abf8a9c7ab: shutdown FollowerState
2019-10-15 14:16:32,948 [grpc-default-executor-4] INFO  impl.RoleInfo (RoleInfo.java:shutdownFollowerState(121)) - 350dd957-6baf-44a5-98e5-a3496d7a986b: shutdown FollowerState
2019-10-15 14:16:32,948 [Thread-866] INFO  impl.FollowerState (FollowerState.java:run(117)) - 2ac0d02e-9e70-4102-8ecc-87abf8a9c7ab@group-488DD1D6D11B-FollowerState was interrupted: java.lang.InterruptedException: sleep interrupted
2019-10-15 14:16:32,948 [grpc-default-executor-6] INFO  impl.RoleInfo (RoleInfo.java:updateAndGet(143)) - 2ac0d02e-9e70-4102-8ecc-87abf8a9c7ab: start FollowerState
2019-10-15 14:16:32,948 [grpc-default-executor-4] INFO  impl.RoleInfo (RoleInfo.java:updateAndGet(143)) - 350dd957-6baf-44a5-98e5-a3496d7a986b: start FollowerState
2019-10-15 14:16:32,948 [Thread-865] INFO  impl.FollowerState (FollowerState.java:run(117)) - 350dd957-6baf-44a5-98e5-a3496d7a986b@group-488DD1D6D11B-FollowerState was interrupted: java.lang.InterruptedException: sleep interrupted
2019-10-15 14:16:32,971 [4e1c66a4-792a-4350-b244-4dedea3f57a8@group-488DD1D6D11B-LeaderElection47] INFO  impl.LeaderElection (LeaderElection.java:logAndReturn(56)) - 4e1c66a4-792a-4350-b244-4dedea3f57a8@group-488DD1D6D11B-LeaderElection47: Election REJECTED; received 2 response(s) [4e1c66a4-792a-4350-b244-4dedea3f57a8<-2ac0d02e-9e70-4102-8ecc-87abf8a9c7ab#0:FAIL-t36, 4e1c66a4-792a-4350-b244-4dedea3f57a8<-350dd957-6baf-44a5-98e5-a3496d7a986b#0:FAIL-t36] and 0 exception(s); 4e1c66a4-792a-4350-b244-4dedea3f57a8@group-488DD1D6D11B:t36, leader=null, voted=4e1c66a4-792a-4350-b244-4dedea3f57a8, raftlog=4e1c66a4-792a-4350-b244-4dedea3f57a8@group-488DD1D6D11B-SegmentedRaftLog:OPENED:c3,f4,i4, conf=0: [2ac0d02e-9e70-4102-8ecc-87abf8a9c7ab:192.168.164.232:40013, 4e1c66a4-792a-4350-b244-4dedea3f57a8:192.168.164.232:41177, 350dd957-6baf-44a5-98e5-a3496d7a986b:192.168.164.232:34256], old=null
2019-10-15 14:16:32,972 [4e1c66a4-792a-4350-b244-4dedea3f57a8@group-488DD1D6D11B-LeaderElection47] INFO  impl.RaftServerImpl (RaftServerImpl.java:setRole(184)) - 4e1c66a4-792a-4350-b244-4dedea3f57a8@group-488DD1D6D11B: changes role from CANDIDATE to FOLLOWER at term 36 for DISCOVERED_A_NEW_TERM
2019-10-15 14:16:32,972 [4e1c66a4-792a-4350-b244-4dedea3f57a8@group-488DD1D6D11B-LeaderElection47] INFO  impl.RoleInfo (RoleInfo.java:shutdownLeaderElection(134)) - 4e1c66a4-792a-4350-b244-4dedea3f57a8: shutdown LeaderElection
2019-10-15 14:16:32,972 [4e1c66a4-792a-4350-b244-4dedea3f57a8@group-488DD1D6D11B-LeaderElection47] INFO  impl.RoleInfo (RoleInfo.java:updateAndGet(143)) - 4e1c66a4-792a-4350-b244-4dedea3f57a8: start FollowerState
2019-10-15 14:16:32,989 [Thread-873] INFO  impl.FollowerState (FollowerState.java:run(108)) - 4e1c66a4-792a-4350-b244-4dedea3f57a8@group-F1BA4E877FDC-FollowerState: change to CANDIDATE, lastRpcTime:109ms, electionTimeout:109ms
2019-10-15 14:16:32,989 [Thread-873] INFO  impl.RoleInfo (RoleInfo.java:shutdownFollowerState(121)) - 4e1c66a4-792a-4350-b244-4dedea3f57a8: shutdown FollowerState
2019-10-15 14:16:32,989 [Thread-873] INFO  impl.RaftServerImpl (RaftServerImpl.java:setRole(184)) - 4e1c66a4-792a-4350-b244-4dedea3f57a8@group-F1BA4E877FDC: changes role from  FOLLOWER to CANDIDATE at term 10 for changeToCandidate
2019-10-15 14:16:32,989 [Thread-873] INFO  impl.RoleInfo (RoleInfo.java:updateAndGet(143)) - 4e1c66a4-792a-4350-b244-4dedea3f57a8: start LeaderElection
2019-10-15 14:16:33,013 [4e1c66a4-792a-4350-b244-4dedea3f57a8@group-F1BA4E877FDC-LeaderElection48] INFO  impl.LeaderElection (LeaderElection.java:askForVotes(178)) - 4e1c66a4-792a-4350-b244-4dedea3f57a8@group-F1BA4E877FDC-LeaderElection48: begin an election at term 11 for -1: [2ac0d02e-9e70-4102-8ecc-87abf8a9c7ab:192.168.164.232:40013, 4e1c66a4-792a-4350-b244-4dedea3f57a8:192.168.164.232:41177, 350dd957-6baf-44a5-98e5-a3496d7a986b:192.168.164.232:34256], old=null
2019-10-15 14:16:33,015 [grpc-default-executor-4] INFO  impl.RaftServerImpl (RaftServerImpl.java:setRole(184)) - 2ac0d02e-9e70-4102-8ecc-87abf8a9c7ab@group-F1BA4E877FDC: changes role from  FOLLOWER to FOLLOWER at term 11 for recognizeCandidate:4e1c66a4-792a-4350-b244-4dedea3f57a8
2019-10-15 14:16:33,015 [grpc-default-executor-6] INFO  impl.RaftServerImpl (RaftServerImpl.java:setRole(184)) - 350dd957-6baf-44a5-98e5-a3496d7a986b@group-F1BA4E877FDC: changes role from  FOLLOWER to FOLLOWER at term 11 for recognizeCandidate:4e1c66a4-792a-4350-b244-4dedea3f57a8
2019-10-15 14:16:33,015 [grpc-default-executor-4] INFO  impl.RoleInfo (RoleInfo.java:shutdownFollowerState(121)) - 2ac0d02e-9e70-4102-8ecc-87abf8a9c7ab: shutdown FollowerState
2019-10-15 14:16:33,016 [grpc-default-executor-6] INFO  impl.RoleInfo (RoleInfo.java:shutdownFollowerState(121)) - 350dd957-6baf-44a5-98e5-a3496d7a986b: shutdown FollowerState
2019-10-15 14:16:33,016 [Thread-870] INFO  impl.FollowerState (FollowerState.java:run(117)) - 2ac0d02e-9e70-4102-8ecc-87abf8a9c7ab@group-F1BA4E877FDC-FollowerState was interrupted: java.lang.InterruptedException: sleep interrupted
2019-10-15 14:16:33,016 [grpc-default-executor-4] INFO  impl.RoleInfo (RoleInfo.java:updateAndGet(143)) - 2ac0d02e-9e70-4102-8ecc-87abf8a9c7ab: start FollowerState
2019-10-15 14:16:33,016 [Thread-871] INFO  impl.FollowerState (FollowerState.java:run(117)) - 350dd957-6baf-44a5-98e5-a3496d7a986b@group-F1BA4E877FDC-FollowerState was interrupted: java.lang.InterruptedException: sleep interrupted
2019-10-15 14:16:33,016 [grpc-default-executor-6] INFO  impl.RoleInfo (RoleInfo.java:updateAndGet(143)) - 350dd957-6baf-44a5-98e5-a3496d7a986b: start FollowerState
2019-10-15 14:16:33,039 [4e1c66a4-792a-4350-b244-4dedea3f57a8@group-F1BA4E877FDC-LeaderElection48] INFO  impl.LeaderElection (LeaderElection.java:logAndReturn(56)) - 4e1c66a4-792a-4350-b244-4dedea3f57a8@group-F1BA4E877FDC-LeaderElection48: Election REJECTED; received 2 response(s) [4e1c66a4-792a-4350-b244-4dedea3f57a8<-2ac0d02e-9e70-4102-8ecc-87abf8a9c7ab#0:FAIL-t11, 4e1c66a4-792a-4350-b244-4dedea3f57a8<-350dd957-6baf-44a5-98e5-a3496d7a986b#0:FAIL-t11] and 0 exception(s); 4e1c66a4-792a-4350-b244-4dedea3f57a8@group-F1BA4E877FDC:t11, leader=null, voted=4e1c66a4-792a-4350-b244-4dedea3f57a8, raftlog=4e1c66a4-792a-4350-b244-4dedea3f57a8@group-F1BA4E877FDC-SegmentedRaftLog:OPENED:c-1,f-1,i0, conf=-1: [2ac0d02e-9e70-4102-8ecc-87abf8a9c7ab:192.168.164.232:40013, 4e1c66a4-792a-4350-b244-4dedea3f57a8:192.168.164.232:41177, 350dd957-6baf-44a5-98e5-a3496d7a986b:192.168.164.232:34256], old=null
2019-10-15 14:16:33,039 [4e1c66a4-792a-4350-b244-4dedea3f57a8@group-F1BA4E877FDC-LeaderElection48] INFO  impl.RaftServerImpl (RaftServerImpl.java:setRole(184)) - 4e1c66a4-792a-4350-b244-4dedea3f57a8@group-F1BA4E877FDC: changes role from CANDIDATE to FOLLOWER at term 11 for DISCOVERED_A_NEW_TERM
2019-10-15 14:16:33,039 [4e1c66a4-792a-4350-b244-4dedea3f57a8@group-F1BA4E877FDC-LeaderElection48] INFO  impl.RoleInfo (RoleInfo.java:shutdownLeaderElection(134)) - 4e1c66a4-792a-4350-b244-4dedea3f57a8: shutdown LeaderElection
2019-10-15 14:16:33,040 [4e1c66a4-792a-4350-b244-4dedea3f57a8@group-F1BA4E877FDC-LeaderElection48] INFO  impl.RoleInfo (RoleInfo.java:updateAndGet(143)) - 4e1c66a4-792a-4350-b244-4dedea3f57a8: start FollowerState
2019-10-15 14:16:33,080 [BlockDeletingService#2] WARN  background.BlockDeletingService (BlockDeletingService.java:isDeletionAllowed(187)) - Close Container log Index 6 is not replicated across allthe servers in the pipeline af09b2c2-cc5c-4d70-8ada-488dd1d6d11b as the min replicated index is 4. Deletion is not allowed in this container yet.
2019-10-15 14:16:33,080 [BlockDeletingService#2] WARN  background.BlockDeletingService (BlockDeletingService.java:isDeletionAllowed(187)) - Close Container log Index 6 is not replicated across allthe servers in the pipeline af09b2c2-cc5c-4d70-8ada-488dd1d6d11b as the min replicated index is 4. Deletion is not allowed in this container yet.
2019-10-15 14:16:33,097 [Thread-878] INFO  impl.FollowerState (FollowerState.java:run(108)) - 4e1c66a4-792a-4350-b244-4dedea3f57a8@group-488DD1D6D11B-FollowerState: change to CANDIDATE, lastRpcTime:125ms, electionTimeout:125ms
2019-10-15 14:16:33,097 [Thread-878] INFO  impl.RoleInfo (RoleInfo.java:shutdownFollowerState(121)) - 4e1c66a4-792a-4350-b244-4dedea3f57a8: shutdown FollowerState
2019-10-15 14:16:33,098 [Thread-878] INFO  impl.RaftServerImpl (RaftServerImpl.java:setRole(184)) - 4e1c66a4-792a-4350-b244-4dedea3f57a8@group-488DD1D6D11B: changes role from  FOLLOWER to CANDIDATE at term 36 for changeToCandidate
2019-10-15 14:16:33,098 [Thread-878] INFO  impl.RoleInfo (RoleInfo.java:updateAndGet(143)) - 4e1c66a4-792a-4350-b244-4dedea3f57a8: start LeaderElection
2019-10-15 14:16:33,122 [4e1c66a4-792a-4350-b244-4dedea3f57a8@group-488DD1D6D11B-LeaderElection49] INFO  impl.LeaderElection (LeaderElection.java:askForVotes(178)) - 4e1c66a4-792a-4350-b244-4dedea3f57a8@group-488DD1D6D11B-LeaderElection49: begin an election at term 37 for 0: [2ac0d02e-9e70-4102-8ecc-87abf8a9c7ab:192.168.164.232:40013, 4e1c66a4-792a-4350-b244-4dedea3f57a8:192.168.164.232:41177, 350dd957-6baf-44a5-98e5-a3496d7a986b:192.168.164.232:34256], old=null
2019-10-15 14:16:33,125 [grpc-default-executor-6] INFO  impl.RaftServerImpl (RaftServerImpl.java:setRole(184)) - 2ac0d02e-9e70-4102-8ecc-87abf8a9c7ab@group-488DD1D6D11B: changes role from  FOLLOWER to FOLLOWER at term 37 for recognizeCandidate:4e1c66a4-792a-4350-b244-4dedea3f57a8
2019-10-15 14:16:33,125 [grpc-default-executor-6] INFO  impl.RoleInfo (RoleInfo.java:shutdownFollowerState(121)) - 2ac0d02e-9e70-4102-8ecc-87abf8a9c7ab: shutdown FollowerState
2019-10-15 14:16:33,125 [grpc-default-executor-4] INFO  impl.RaftServerImpl (RaftServerImpl.java:setRole(184)) - 350dd957-6baf-44a5-98e5-a3496d7a986b@group-488DD1D6D11B: changes role from  FOLLOWER to FOLLOWER at term 37 for recognizeCandidate:4e1c66a4-792a-4350-b244-4dedea3f57a8
2019-10-15 14:16:33,126 [grpc-default-executor-4] INFO  impl.RoleInfo (RoleInfo.java:shutdownFollowerState(121)) - 350dd957-6baf-44a5-98e5-a3496d7a986b: shutdown FollowerState
2019-10-15 14:16:33,126 [Thread-876] INFO  impl.FollowerState (FollowerState.java:run(117)) - 2ac0d02e-9e70-4102-8ecc-87abf8a9c7ab@group-488DD1D6D11B-FollowerState was interrupted: java.lang.InterruptedException: sleep interrupted
2019-10-15 14:16:33,126 [grpc-default-executor-6] INFO  impl.RoleInfo (RoleInfo.java:updateAndGet(143)) - 2ac0d02e-9e70-4102-8ecc-87abf8a9c7ab: start FollowerState
2019-10-15 14:16:33,126 [Thread-877] INFO  impl.FollowerState (FollowerState.java:run(117)) - 350dd957-6baf-44a5-98e5-a3496d7a986b@group-488DD1D6D11B-FollowerState was interrupted: java.lang.InterruptedException: sleep interrupted
2019-10-15 14:16:33,126 [grpc-default-executor-4] INFO  impl.RoleInfo (RoleInfo.java:updateAndGet(143)) - 350dd957-6baf-44a5-98e5-a3496d7a986b: start FollowerState
2019-10-15 14:16:33,152 [Thread-884] INFO  impl.FollowerState (FollowerState.java:run(108)) - 4e1c66a4-792a-4350-b244-4dedea3f57a8@group-F1BA4E877FDC-FollowerState: change to CANDIDATE, lastRpcTime:112ms, electionTimeout:112ms
2019-10-15 14:16:33,152 [Thread-884] INFO  impl.RoleInfo (RoleInfo.java:shutdownFollowerState(121)) - 4e1c66a4-792a-4350-b244-4dedea3f57a8: shutdown FollowerState
2019-10-15 14:16:33,152 [Thread-884] INFO  impl.RaftServerImpl (RaftServerImpl.java:setRole(184)) - 4e1c66a4-792a-4350-b244-4dedea3f57a8@group-F1BA4E877FDC: changes role from  FOLLOWER to CANDIDATE at term 11 for changeToCandidate
2019-10-15 14:16:33,152 [Thread-884] INFO  impl.RoleInfo (RoleInfo.java:updateAndGet(143)) - 4e1c66a4-792a-4350-b244-4dedea3f57a8: start LeaderElection
2019-10-15 14:16:33,157 [4e1c66a4-792a-4350-b244-4dedea3f57a8@group-488DD1D6D11B-LeaderElection49] INFO  impl.LeaderElection (LeaderElection.java:logAndReturn(56)) - 4e1c66a4-792a-4350-b244-4dedea3f57a8@group-488DD1D6D11B-LeaderElection49: Election REJECTED; received 2 response(s) [4e1c66a4-792a-4350-b244-4dedea3f57a8<-2ac0d02e-9e70-4102-8ecc-87abf8a9c7ab#0:FAIL-t37, 4e1c66a4-792a-4350-b244-4dedea3f57a8<-350dd957-6baf-44a5-98e5-a3496d7a986b#0:FAIL-t37] and 0 exception(s); 4e1c66a4-792a-4350-b244-4dedea3f57a8@group-488DD1D6D11B:t37, leader=null, voted=4e1c66a4-792a-4350-b244-4dedea3f57a8, raftlog=4e1c66a4-792a-4350-b244-4dedea3f57a8@group-488DD1D6D11B-SegmentedRaftLog:OPENED:c3,f4,i4, conf=0: [2ac0d02e-9e70-4102-8ecc-87abf8a9c7ab:192.168.164.232:40013, 4e1c66a4-792a-4350-b244-4dedea3f57a8:192.168.164.232:41177, 350dd957-6baf-44a5-98e5-a3496d7a986b:192.168.164.232:34256], old=null
2019-10-15 14:16:33,157 [4e1c66a4-792a-4350-b244-4dedea3f57a8@group-488DD1D6D11B-LeaderElection49] INFO  impl.RaftServerImpl (RaftServerImpl.java:setRole(184)) - 4e1c66a4-792a-4350-b244-4dedea3f57a8@group-488DD1D6D11B: changes role from CANDIDATE to FOLLOWER at term 37 for DISCOVERED_A_NEW_TERM
2019-10-15 14:16:33,157 [4e1c66a4-792a-4350-b244-4dedea3f57a8@group-488DD1D6D11B-LeaderElection49] INFO  impl.RoleInfo (RoleInfo.java:shutdownLeaderElection(134)) - 4e1c66a4-792a-4350-b244-4dedea3f57a8: shutdown LeaderElection
2019-10-15 14:16:33,158 [4e1c66a4-792a-4350-b244-4dedea3f57a8@group-488DD1D6D11B-LeaderElection49] INFO  impl.RoleInfo (RoleInfo.java:updateAndGet(143)) - 4e1c66a4-792a-4350-b244-4dedea3f57a8: start FollowerState
2019-10-15 14:16:33,180 [Thread-893] INFO  impl.FollowerState (FollowerState.java:run(108)) - 4e1c66a4-792a-4350-b244-4dedea3f57a8@group-488DD1D6D11B-FollowerState: change to CANDIDATE, lastRpcTime:22ms, electionTimeout:22ms
2019-10-15 14:16:33,180 [Thread-893] INFO  impl.RoleInfo (RoleInfo.java:shutdownFollowerState(121)) - 4e1c66a4-792a-4350-b244-4dedea3f57a8: shutdown FollowerState
2019-10-15 14:16:33,180 [Thread-893] INFO  impl.RaftServerImpl (RaftServerImpl.java:setRole(184)) - 4e1c66a4-792a-4350-b244-4dedea3f57a8@group-488DD1D6D11B: changes role from  FOLLOWER to CANDIDATE at term 37 for changeToCandidate
2019-10-15 14:16:33,181 [Thread-893] INFO  impl.RoleInfo (RoleInfo.java:updateAndGet(143)) - 4e1c66a4-792a-4350-b244-4dedea3f57a8: start LeaderElection
2019-10-15 14:16:33,190 [4e1c66a4-792a-4350-b244-4dedea3f57a8@group-F1BA4E877FDC-LeaderElection50] INFO  impl.LeaderElection (LeaderElection.java:askForVotes(178)) - 4e1c66a4-792a-4350-b244-4dedea3f57a8@group-F1BA4E877FDC-LeaderElection50: begin an election at term 12 for -1: [2ac0d02e-9e70-4102-8ecc-87abf8a9c7ab:192.168.164.232:40013, 4e1c66a4-792a-4350-b244-4dedea3f57a8:192.168.164.232:41177, 350dd957-6baf-44a5-98e5-a3496d7a986b:192.168.164.232:34256], old=null
2019-10-15 14:16:33,192 [grpc-default-executor-4] INFO  impl.RaftServerImpl (RaftServerImpl.java:setRole(184)) - 2ac0d02e-9e70-4102-8ecc-87abf8a9c7ab@group-F1BA4E877FDC: changes role from  FOLLOWER to FOLLOWER at term 12 for recognizeCandidate:4e1c66a4-792a-4350-b244-4dedea3f57a8
2019-10-15 14:16:33,192 [grpc-default-executor-4] INFO  impl.RoleInfo (RoleInfo.java:shutdownFollowerState(121)) - 2ac0d02e-9e70-4102-8ecc-87abf8a9c7ab: shutdown FollowerState
2019-10-15 14:16:33,192 [grpc-default-executor-4] INFO  impl.RoleInfo (RoleInfo.java:updateAndGet(143)) - 2ac0d02e-9e70-4102-8ecc-87abf8a9c7ab: start FollowerState
2019-10-15 14:16:33,192 [Thread-882] INFO  impl.FollowerState (FollowerState.java:run(117)) - 2ac0d02e-9e70-4102-8ecc-87abf8a9c7ab@group-F1BA4E877FDC-FollowerState was interrupted: java.lang.InterruptedException: sleep interrupted
2019-10-15 14:16:33,193 [grpc-default-executor-6] INFO  impl.RaftServerImpl (RaftServerImpl.java:setRole(184)) - 350dd957-6baf-44a5-98e5-a3496d7a986b@group-F1BA4E877FDC: changes role from  FOLLOWER to FOLLOWER at term 12 for recognizeCandidate:4e1c66a4-792a-4350-b244-4dedea3f57a8
2019-10-15 14:16:33,193 [grpc-default-executor-6] INFO  impl.RoleInfo (RoleInfo.java:shutdownFollowerState(121)) - 350dd957-6baf-44a5-98e5-a3496d7a986b: shutdown FollowerState
2019-10-15 14:16:33,193 [grpc-default-executor-6] INFO  impl.RoleInfo (RoleInfo.java:updateAndGet(143)) - 350dd957-6baf-44a5-98e5-a3496d7a986b: start FollowerState
2019-10-15 14:16:33,193 [Thread-883] INFO  impl.FollowerState (FollowerState.java:run(117)) - 350dd957-6baf-44a5-98e5-a3496d7a986b@group-F1BA4E877FDC-FollowerState was interrupted: java.lang.InterruptedException: sleep interrupted
2019-10-15 14:16:33,215 [4e1c66a4-792a-4350-b244-4dedea3f57a8@group-488DD1D6D11B-LeaderElection51] INFO  impl.LeaderElection (LeaderElection.java:askForVotes(178)) - 4e1c66a4-792a-4350-b244-4dedea3f57a8@group-488DD1D6D11B-LeaderElection51: begin an election at term 38 for 0: [2ac0d02e-9e70-4102-8ecc-87abf8a9c7ab:192.168.164.232:40013, 4e1c66a4-792a-4350-b244-4dedea3f57a8:192.168.164.232:41177, 350dd957-6baf-44a5-98e5-a3496d7a986b:192.168.164.232:34256], old=null
2019-10-15 14:16:33,218 [grpc-default-executor-1] INFO  impl.RaftServerImpl (RaftServerImpl.java:setRole(184)) - 2ac0d02e-9e70-4102-8ecc-87abf8a9c7ab@group-488DD1D6D11B: changes role from  FOLLOWER to FOLLOWER at term 38 for recognizeCandidate:4e1c66a4-792a-4350-b244-4dedea3f57a8
2019-10-15 14:16:33,218 [grpc-default-executor-1] INFO  impl.RoleInfo (RoleInfo.java:shutdownFollowerState(121)) - 2ac0d02e-9e70-4102-8ecc-87abf8a9c7ab: shutdown FollowerState
2019-10-15 14:16:33,218 [grpc-default-executor-0] INFO  impl.RaftServerImpl (RaftServerImpl.java:setRole(184)) - 350dd957-6baf-44a5-98e5-a3496d7a986b@group-488DD1D6D11B: changes role from  FOLLOWER to FOLLOWER at term 38 for recognizeCandidate:4e1c66a4-792a-4350-b244-4dedea3f57a8
2019-10-15 14:16:33,218 [Thread-890] INFO  impl.FollowerState (FollowerState.java:run(117)) - 2ac0d02e-9e70-4102-8ecc-87abf8a9c7ab@group-488DD1D6D11B-FollowerState was interrupted: java.lang.InterruptedException: sleep interrupted
2019-10-15 14:16:33,218 [grpc-default-executor-1] INFO  impl.RoleInfo (RoleInfo.java:updateAndGet(143)) - 2ac0d02e-9e70-4102-8ecc-87abf8a9c7ab: start FollowerState
2019-10-15 14:16:33,218 [grpc-default-executor-0] INFO  impl.RoleInfo (RoleInfo.java:shutdownFollowerState(121)) - 350dd957-6baf-44a5-98e5-a3496d7a986b: shutdown FollowerState
2019-10-15 14:16:33,219 [grpc-default-executor-0] INFO  impl.RoleInfo (RoleInfo.java:updateAndGet(143)) - 350dd957-6baf-44a5-98e5-a3496d7a986b: start FollowerState
2019-10-15 14:16:33,219 [Thread-891] INFO  impl.FollowerState (FollowerState.java:run(117)) - 350dd957-6baf-44a5-98e5-a3496d7a986b@group-488DD1D6D11B-FollowerState was interrupted: java.lang.InterruptedException: sleep interrupted
2019-10-15 14:16:33,225 [4e1c66a4-792a-4350-b244-4dedea3f57a8@group-F1BA4E877FDC-LeaderElection50] INFO  impl.LeaderElection (LeaderElection.java:logAndReturn(56)) - 4e1c66a4-792a-4350-b244-4dedea3f57a8@group-F1BA4E877FDC-LeaderElection50: Election REJECTED; received 2 response(s) [4e1c66a4-792a-4350-b244-4dedea3f57a8<-2ac0d02e-9e70-4102-8ecc-87abf8a9c7ab#0:FAIL-t12, 4e1c66a4-792a-4350-b244-4dedea3f57a8<-350dd957-6baf-44a5-98e5-a3496d7a986b#0:FAIL-t12] and 0 exception(s); 4e1c66a4-792a-4350-b244-4dedea3f57a8@group-F1BA4E877FDC:t12, leader=null, voted=4e1c66a4-792a-4350-b244-4dedea3f57a8, raftlog=4e1c66a4-792a-4350-b244-4dedea3f57a8@group-F1BA4E877FDC-SegmentedRaftLog:OPENED:c-1,f-1,i0, conf=-1: [2ac0d02e-9e70-4102-8ecc-87abf8a9c7ab:192.168.164.232:40013, 4e1c66a4-792a-4350-b244-4dedea3f57a8:192.168.164.232:41177, 350dd957-6baf-44a5-98e5-a3496d7a986b:192.168.164.232:34256], old=null
2019-10-15 14:16:33,225 [4e1c66a4-792a-4350-b244-4dedea3f57a8@group-F1BA4E877FDC-LeaderElection50] INFO  impl.RaftServerImpl (RaftServerImpl.java:setRole(184)) - 4e1c66a4-792a-4350-b244-4dedea3f57a8@group-F1BA4E877FDC: changes role from CANDIDATE to FOLLOWER at term 12 for DISCOVERED_A_NEW_TERM
2019-10-15 14:16:33,225 [4e1c66a4-792a-4350-b244-4dedea3f57a8@group-F1BA4E877FDC-LeaderElection50] INFO  impl.RoleInfo (RoleInfo.java:shutdownLeaderElection(134)) - 4e1c66a4-792a-4350-b244-4dedea3f57a8: shutdown LeaderElection
2019-10-15 14:16:33,225 [4e1c66a4-792a-4350-b244-4dedea3f57a8@group-F1BA4E877FDC-LeaderElection50] INFO  impl.RoleInfo (RoleInfo.java:updateAndGet(143)) - 4e1c66a4-792a-4350-b244-4dedea3f57a8: start FollowerState
2019-10-15 14:16:33,229 [4e1c66a4-792a-4350-b244-4dedea3f57a8@group-488DD1D6D11B-LeaderElection51] INFO  impl.LeaderElection (LeaderElection.java:logAndReturn(56)) - 4e1c66a4-792a-4350-b244-4dedea3f57a8@group-488DD1D6D11B-LeaderElection51: Election TIMEOUT; received 0 response(s) [] and 0 exception(s); 4e1c66a4-792a-4350-b244-4dedea3f57a8@group-488DD1D6D11B:t38, leader=null, voted=4e1c66a4-792a-4350-b244-4dedea3f57a8, raftlog=4e1c66a4-792a-4350-b244-4dedea3f57a8@group-488DD1D6D11B-SegmentedRaftLog:OPENED:c3,f4,i4, conf=0: [2ac0d02e-9e70-4102-8ecc-87abf8a9c7ab:192.168.164.232:40013, 4e1c66a4-792a-4350-b244-4dedea3f57a8:192.168.164.232:41177, 350dd957-6baf-44a5-98e5-a3496d7a986b:192.168.164.232:34256], old=null
2019-10-15 14:16:33,241 [4e1c66a4-792a-4350-b244-4dedea3f57a8@group-488DD1D6D11B-LeaderElection51] INFO  impl.LeaderElection (LeaderElection.java:askForVotes(178)) - 4e1c66a4-792a-4350-b244-4dedea3f57a8@group-488DD1D6D11B-LeaderElection51: begin an election at term 39 for 0: [2ac0d02e-9e70-4102-8ecc-87abf8a9c7ab:192.168.164.232:40013, 4e1c66a4-792a-4350-b244-4dedea3f57a8:192.168.164.232:41177, 350dd957-6baf-44a5-98e5-a3496d7a986b:192.168.164.232:34256], old=null
2019-10-15 14:16:33,243 [grpc-default-executor-0] INFO  impl.RaftServerImpl (RaftServerImpl.java:setRole(184)) - 2ac0d02e-9e70-4102-8ecc-87abf8a9c7ab@group-488DD1D6D11B: changes role from  FOLLOWER to FOLLOWER at term 39 for recognizeCandidate:4e1c66a4-792a-4350-b244-4dedea3f57a8
2019-10-15 14:16:33,243 [grpc-default-executor-1] INFO  impl.RaftServerImpl (RaftServerImpl.java:setRole(184)) - 350dd957-6baf-44a5-98e5-a3496d7a986b@group-488DD1D6D11B: changes role from  FOLLOWER to FOLLOWER at term 39 for recognizeCandidate:4e1c66a4-792a-4350-b244-4dedea3f57a8
2019-10-15 14:16:33,243 [grpc-default-executor-0] INFO  impl.RoleInfo (RoleInfo.java:shutdownFollowerState(121)) - 2ac0d02e-9e70-4102-8ecc-87abf8a9c7ab: shutdown FollowerState
2019-10-15 14:16:33,244 [grpc-default-executor-1] INFO  impl.RoleInfo (RoleInfo.java:shutdownFollowerState(121)) - 350dd957-6baf-44a5-98e5-a3496d7a986b: shutdown FollowerState
2019-10-15 14:16:33,244 [Thread-901] INFO  impl.FollowerState (FollowerState.java:run(117)) - 2ac0d02e-9e70-4102-8ecc-87abf8a9c7ab@group-488DD1D6D11B-FollowerState was interrupted: java.lang.InterruptedException: sleep interrupted
2019-10-15 14:16:33,244 [grpc-default-executor-0] INFO  impl.RoleInfo (RoleInfo.java:updateAndGet(143)) - 2ac0d02e-9e70-4102-8ecc-87abf8a9c7ab: start FollowerState
2019-10-15 14:16:33,244 [Thread-902] INFO  impl.FollowerState (FollowerState.java:run(117)) - 350dd957-6baf-44a5-98e5-a3496d7a986b@group-488DD1D6D11B-FollowerState was interrupted: java.lang.InterruptedException: sleep interrupted
2019-10-15 14:16:33,244 [grpc-default-executor-1] INFO  impl.RoleInfo (RoleInfo.java:updateAndGet(143)) - 350dd957-6baf-44a5-98e5-a3496d7a986b: start FollowerState
2019-10-15 14:16:33,268 [4e1c66a4-792a-4350-b244-4dedea3f57a8@group-488DD1D6D11B-LeaderElection51] INFO  impl.LeaderElection (LeaderElection.java:logAndReturn(56)) - 4e1c66a4-792a-4350-b244-4dedea3f57a8@group-488DD1D6D11B-LeaderElection51: Election REJECTED; received 2 response(s) [4e1c66a4-792a-4350-b244-4dedea3f57a8<-2ac0d02e-9e70-4102-8ecc-87abf8a9c7ab#0:FAIL-t39, 4e1c66a4-792a-4350-b244-4dedea3f57a8<-350dd957-6baf-44a5-98e5-a3496d7a986b#0:FAIL-t39] and 0 exception(s); 4e1c66a4-792a-4350-b244-4dedea3f57a8@group-488DD1D6D11B:t39, leader=null, voted=4e1c66a4-792a-4350-b244-4dedea3f57a8, raftlog=4e1c66a4-792a-4350-b244-4dedea3f57a8@group-488DD1D6D11B-SegmentedRaftLog:OPENED:c3,f4,i4, conf=0: [2ac0d02e-9e70-4102-8ecc-87abf8a9c7ab:192.168.164.232:40013, 4e1c66a4-792a-4350-b244-4dedea3f57a8:192.168.164.232:41177, 350dd957-6baf-44a5-98e5-a3496d7a986b:192.168.164.232:34256], old=null
2019-10-15 14:16:33,268 [4e1c66a4-792a-4350-b244-4dedea3f57a8@group-488DD1D6D11B-LeaderElection51] INFO  impl.RaftServerImpl (RaftServerImpl.java:setRole(184)) - 4e1c66a4-792a-4350-b244-4dedea3f57a8@group-488DD1D6D11B: changes role from CANDIDATE to FOLLOWER at term 39 for DISCOVERED_A_NEW_TERM
2019-10-15 14:16:33,268 [4e1c66a4-792a-4350-b244-4dedea3f57a8@group-488DD1D6D11B-LeaderElection51] INFO  impl.RoleInfo (RoleInfo.java:shutdownLeaderElection(134)) - 4e1c66a4-792a-4350-b244-4dedea3f57a8: shutdown LeaderElection
2019-10-15 14:16:33,268 [4e1c66a4-792a-4350-b244-4dedea3f57a8@group-488DD1D6D11B-LeaderElection51] INFO  impl.RoleInfo (RoleInfo.java:updateAndGet(143)) - 4e1c66a4-792a-4350-b244-4dedea3f57a8: start FollowerState
2019-10-15 14:16:33,305 [Thread-908] INFO  impl.FollowerState (FollowerState.java:run(108)) - 4e1c66a4-792a-4350-b244-4dedea3f57a8@group-488DD1D6D11B-FollowerState: change to CANDIDATE, lastRpcTime:36ms, electionTimeout:36ms
2019-10-15 14:16:33,305 [Thread-908] INFO  impl.RoleInfo (RoleInfo.java:shutdownFollowerState(121)) - 4e1c66a4-792a-4350-b244-4dedea3f57a8: shutdown FollowerState
2019-10-15 14:16:33,305 [Thread-908] INFO  impl.RaftServerImpl (RaftServerImpl.java:setRole(184)) - 4e1c66a4-792a-4350-b244-4dedea3f57a8@group-488DD1D6D11B: changes role from  FOLLOWER to CANDIDATE at term 39 for changeToCandidate
2019-10-15 14:16:33,305 [Thread-908] INFO  impl.RoleInfo (RoleInfo.java:updateAndGet(143)) - 4e1c66a4-792a-4350-b244-4dedea3f57a8: start LeaderElection
2019-10-15 14:16:33,314 [Thread-903] INFO  impl.FollowerState (FollowerState.java:run(108)) - 4e1c66a4-792a-4350-b244-4dedea3f57a8@group-F1BA4E877FDC-FollowerState: change to CANDIDATE, lastRpcTime:88ms, electionTimeout:88ms
2019-10-15 14:16:33,314 [Thread-903] INFO  impl.RoleInfo (RoleInfo.java:shutdownFollowerState(121)) - 4e1c66a4-792a-4350-b244-4dedea3f57a8: shutdown FollowerState
2019-10-15 14:16:33,314 [Thread-903] INFO  impl.RaftServerImpl (RaftServerImpl.java:setRole(184)) - 4e1c66a4-792a-4350-b244-4dedea3f57a8@group-F1BA4E877FDC: changes role from  FOLLOWER to CANDIDATE at term 12 for changeToCandidate
2019-10-15 14:16:33,314 [Thread-903] INFO  impl.RoleInfo (RoleInfo.java:updateAndGet(143)) - 4e1c66a4-792a-4350-b244-4dedea3f57a8: start LeaderElection
2019-10-15 14:16:33,334 [4e1c66a4-792a-4350-b244-4dedea3f57a8@group-F1BA4E877FDC-LeaderElection53] INFO  impl.LeaderElection (LeaderElection.java:askForVotes(178)) - 4e1c66a4-792a-4350-b244-4dedea3f57a8@group-F1BA4E877FDC-LeaderElection53: begin an election at term 13 for -1: [2ac0d02e-9e70-4102-8ecc-87abf8a9c7ab:192.168.164.232:40013, 4e1c66a4-792a-4350-b244-4dedea3f57a8:192.168.164.232:41177, 350dd957-6baf-44a5-98e5-a3496d7a986b:192.168.164.232:34256], old=null
2019-10-15 14:16:33,334 [4e1c66a4-792a-4350-b244-4dedea3f57a8@group-488DD1D6D11B-LeaderElection52] INFO  impl.LeaderElection (LeaderElection.java:askForVotes(178)) - 4e1c66a4-792a-4350-b244-4dedea3f57a8@group-488DD1D6D11B-LeaderElection52: begin an election at term 40 for 0: [2ac0d02e-9e70-4102-8ecc-87abf8a9c7ab:192.168.164.232:40013, 4e1c66a4-792a-4350-b244-4dedea3f57a8:192.168.164.232:41177, 350dd957-6baf-44a5-98e5-a3496d7a986b:192.168.164.232:34256], old=null
2019-10-15 14:16:33,337 [grpc-default-executor-0] INFO  impl.RaftServerImpl (RaftServerImpl.java:setRole(184)) - 2ac0d02e-9e70-4102-8ecc-87abf8a9c7ab@group-F1BA4E877FDC: changes role from  FOLLOWER to FOLLOWER at term 13 for recognizeCandidate:4e1c66a4-792a-4350-b244-4dedea3f57a8
2019-10-15 14:16:33,337 [grpc-default-executor-4] INFO  impl.RaftServerImpl (RaftServerImpl.java:setRole(184)) - 2ac0d02e-9e70-4102-8ecc-87abf8a9c7ab@group-488DD1D6D11B: changes role from  FOLLOWER to FOLLOWER at term 40 for recognizeCandidate:4e1c66a4-792a-4350-b244-4dedea3f57a8
2019-10-15 14:16:33,337 [grpc-default-executor-1] INFO  impl.RaftServerImpl (RaftServerImpl.java:setRole(184)) - 350dd957-6baf-44a5-98e5-a3496d7a986b@group-488DD1D6D11B: changes role from  FOLLOWER to FOLLOWER at term 40 for recognizeCandidate:4e1c66a4-792a-4350-b244-4dedea3f57a8
2019-10-15 14:16:33,337 [grpc-default-executor-0] INFO  impl.RoleInfo (RoleInfo.java:shutdownFollowerState(121)) - 2ac0d02e-9e70-4102-8ecc-87abf8a9c7ab: shutdown FollowerState
2019-10-15 14:16:33,337 [grpc-default-executor-1] INFO  impl.RoleInfo (RoleInfo.java:shutdownFollowerState(121)) - 350dd957-6baf-44a5-98e5-a3496d7a986b: shutdown FollowerState
2019-10-15 14:16:33,337 [grpc-default-executor-6] INFO  impl.RaftServerImpl (RaftServerImpl.java:setRole(184)) - 350dd957-6baf-44a5-98e5-a3496d7a986b@group-F1BA4E877FDC: changes role from  FOLLOWER to FOLLOWER at term 13 for recognizeCandidate:4e1c66a4-792a-4350-b244-4dedea3f57a8
2019-10-15 14:16:33,338 [grpc-default-executor-6] INFO  impl.RoleInfo (RoleInfo.java:shutdownFollowerState(121)) - 350dd957-6baf-44a5-98e5-a3496d7a986b: shutdown FollowerState
2019-10-15 14:16:33,337 [grpc-default-executor-4] INFO  impl.RoleInfo (RoleInfo.java:shutdownFollowerState(121)) - 2ac0d02e-9e70-4102-8ecc-87abf8a9c7ab: shutdown FollowerState
2019-10-15 14:16:33,338 [grpc-default-executor-6] INFO  impl.RoleInfo (RoleInfo.java:updateAndGet(143)) - 350dd957-6baf-44a5-98e5-a3496d7a986b: start FollowerState
2019-10-15 14:16:33,338 [Thread-898] INFO  impl.FollowerState (FollowerState.java:run(117)) - 350dd957-6baf-44a5-98e5-a3496d7a986b@group-F1BA4E877FDC-FollowerState was interrupted: java.lang.InterruptedException: sleep interrupted
2019-10-15 14:16:33,338 [Thread-907] INFO  impl.FollowerState (FollowerState.java:run(117)) - 350dd957-6baf-44a5-98e5-a3496d7a986b@group-488DD1D6D11B-FollowerState was interrupted: java.lang.InterruptedException: sleep interrupted
2019-10-15 14:16:33,338 [grpc-default-executor-1] INFO  impl.RoleInfo (RoleInfo.java:updateAndGet(143)) - 350dd957-6baf-44a5-98e5-a3496d7a986b: start FollowerState
2019-10-15 14:16:33,338 [Thread-897] INFO  impl.FollowerState (FollowerState.java:run(117)) - 2ac0d02e-9e70-4102-8ecc-87abf8a9c7ab@group-F1BA4E877FDC-FollowerState was interrupted: java.lang.InterruptedException: sleep interrupted
2019-10-15 14:16:33,338 [grpc-default-executor-0] INFO  impl.RoleInfo (RoleInfo.java:updateAndGet(143)) - 2ac0d02e-9e70-4102-8ecc-87abf8a9c7ab: start FollowerState
2019-10-15 14:16:33,338 [grpc-default-executor-4] INFO  impl.RoleInfo (RoleInfo.java:updateAndGet(143)) - 2ac0d02e-9e70-4102-8ecc-87abf8a9c7ab: start FollowerState
2019-10-15 14:16:33,338 [Thread-906] INFO  impl.FollowerState (FollowerState.java:run(117)) - 2ac0d02e-9e70-4102-8ecc-87abf8a9c7ab@group-488DD1D6D11B-FollowerState was interrupted: java.lang.InterruptedException: sleep interrupted
2019-10-15 14:16:33,367 [4e1c66a4-792a-4350-b244-4dedea3f57a8@group-F1BA4E877FDC-LeaderElection53] INFO  impl.LeaderElection (LeaderElection.java:logAndReturn(56)) - 4e1c66a4-792a-4350-b244-4dedea3f57a8@group-F1BA4E877FDC-LeaderElection53: Election TIMEOUT; received 0 response(s) [] and 0 exception(s); 4e1c66a4-792a-4350-b244-4dedea3f57a8@group-F1BA4E877FDC:t13, leader=null, voted=4e1c66a4-792a-4350-b244-4dedea3f57a8, raftlog=4e1c66a4-792a-4350-b244-4dedea3f57a8@group-F1BA4E877FDC-SegmentedRaftLog:OPENED:c-1,f-1,i0, conf=-1: [2ac0d02e-9e70-4102-8ecc-87abf8a9c7ab:192.168.164.232:40013, 4e1c66a4-792a-4350-b244-4dedea3f57a8:192.168.164.232:41177, 350dd957-6baf-44a5-98e5-a3496d7a986b:192.168.164.232:34256], old=null
2019-10-15 14:16:33,369 [4e1c66a4-792a-4350-b244-4dedea3f57a8@group-488DD1D6D11B-LeaderElection52] INFO  impl.LeaderElection (LeaderElection.java:logAndReturn(56)) - 4e1c66a4-792a-4350-b244-4dedea3f57a8@group-488DD1D6D11B-LeaderElection52: Election REJECTED; received 2 response(s) [4e1c66a4-792a-4350-b244-4dedea3f57a8<-2ac0d02e-9e70-4102-8ecc-87abf8a9c7ab#0:FAIL-t40, 4e1c66a4-792a-4350-b244-4dedea3f57a8<-350dd957-6baf-44a5-98e5-a3496d7a986b#0:FAIL-t40] and 0 exception(s); 4e1c66a4-792a-4350-b244-4dedea3f57a8@group-488DD1D6D11B:t40, leader=null, voted=4e1c66a4-792a-4350-b244-4dedea3f57a8, raftlog=4e1c66a4-792a-4350-b244-4dedea3f57a8@group-488DD1D6D11B-SegmentedRaftLog:OPENED:c3,f4,i4, conf=0: [2ac0d02e-9e70-4102-8ecc-87abf8a9c7ab:192.168.164.232:40013, 4e1c66a4-792a-4350-b244-4dedea3f57a8:192.168.164.232:41177, 350dd957-6baf-44a5-98e5-a3496d7a986b:192.168.164.232:34256], old=null
2019-10-15 14:16:33,370 [4e1c66a4-792a-4350-b244-4dedea3f57a8@group-488DD1D6D11B-LeaderElection52] INFO  impl.RaftServerImpl (RaftServerImpl.java:setRole(184)) - 4e1c66a4-792a-4350-b244-4dedea3f57a8@group-488DD1D6D11B: changes role from CANDIDATE to FOLLOWER at term 40 for DISCOVERED_A_NEW_TERM
2019-10-15 14:16:33,370 [4e1c66a4-792a-4350-b244-4dedea3f57a8@group-488DD1D6D11B-LeaderElection52] INFO  impl.RoleInfo (RoleInfo.java:shutdownLeaderElection(134)) - 4e1c66a4-792a-4350-b244-4dedea3f57a8: shutdown LeaderElection
2019-10-15 14:16:33,370 [4e1c66a4-792a-4350-b244-4dedea3f57a8@group-488DD1D6D11B-LeaderElection52] INFO  impl.RoleInfo (RoleInfo.java:updateAndGet(143)) - 4e1c66a4-792a-4350-b244-4dedea3f57a8: start FollowerState
2019-10-15 14:16:33,395 [4e1c66a4-792a-4350-b244-4dedea3f57a8@group-F1BA4E877FDC-LeaderElection53] INFO  impl.LeaderElection (LeaderElection.java:askForVotes(178)) - 4e1c66a4-792a-4350-b244-4dedea3f57a8@group-F1BA4E877FDC-LeaderElection53: begin an election at term 14 for -1: [2ac0d02e-9e70-4102-8ecc-87abf8a9c7ab:192.168.164.232:40013, 4e1c66a4-792a-4350-b244-4dedea3f57a8:192.168.164.232:41177, 350dd957-6baf-44a5-98e5-a3496d7a986b:192.168.164.232:34256], old=null
2019-10-15 14:16:33,397 [grpc-default-executor-4] INFO  impl.RaftServerImpl (RaftServerImpl.java:setRole(184)) - 2ac0d02e-9e70-4102-8ecc-87abf8a9c7ab@group-F1BA4E877FDC: changes role from  FOLLOWER to FOLLOWER at term 14 for recognizeCandidate:4e1c66a4-792a-4350-b244-4dedea3f57a8
2019-10-15 14:16:33,397 [grpc-default-executor-4] INFO  impl.RoleInfo (RoleInfo.java:shutdownFollowerState(121)) - 2ac0d02e-9e70-4102-8ecc-87abf8a9c7ab: shutdown FollowerState
2019-10-15 14:16:33,397 [grpc-default-executor-0] INFO  impl.RaftServerImpl (RaftServerImpl.java:setRole(184)) - 350dd957-6baf-44a5-98e5-a3496d7a986b@group-F1BA4E877FDC: changes role from  FOLLOWER to FOLLOWER at term 14 for recognizeCandidate:4e1c66a4-792a-4350-b244-4dedea3f57a8
2019-10-15 14:16:33,397 [grpc-default-executor-4] INFO  impl.RoleInfo (RoleInfo.java:updateAndGet(143)) - 2ac0d02e-9e70-4102-8ecc-87abf8a9c7ab: start FollowerState
2019-10-15 14:16:33,397 [Thread-915] INFO  impl.FollowerState (FollowerState.java:run(117)) - 2ac0d02e-9e70-4102-8ecc-87abf8a9c7ab@group-F1BA4E877FDC-FollowerState was interrupted: java.lang.InterruptedException: sleep interrupted
2019-10-15 14:16:33,397 [grpc-default-executor-0] INFO  impl.RoleInfo (RoleInfo.java:shutdownFollowerState(121)) - 350dd957-6baf-44a5-98e5-a3496d7a986b: shutdown FollowerState
2019-10-15 14:16:33,398 [grpc-default-executor-0] INFO  impl.RoleInfo (RoleInfo.java:updateAndGet(143)) - 350dd957-6baf-44a5-98e5-a3496d7a986b: start FollowerState
2019-10-15 14:16:33,398 [Thread-917] INFO  impl.FollowerState (FollowerState.java:run(117)) - 350dd957-6baf-44a5-98e5-a3496d7a986b@group-F1BA4E877FDC-FollowerState was interrupted: java.lang.InterruptedException: sleep interrupted
2019-10-15 14:16:33,438 [4e1c66a4-792a-4350-b244-4dedea3f57a8@group-F1BA4E877FDC-LeaderElection53] INFO  impl.LeaderElection (LeaderElection.java:logAndReturn(56)) - 4e1c66a4-792a-4350-b244-4dedea3f57a8@group-F1BA4E877FDC-LeaderElection53: Election REJECTED; received 2 response(s) [4e1c66a4-792a-4350-b244-4dedea3f57a8<-2ac0d02e-9e70-4102-8ecc-87abf8a9c7ab#0:FAIL-t14, 4e1c66a4-792a-4350-b244-4dedea3f57a8<-350dd957-6baf-44a5-98e5-a3496d7a986b#0:FAIL-t14] and 0 exception(s); 4e1c66a4-792a-4350-b244-4dedea3f57a8@group-F1BA4E877FDC:t14, leader=null, voted=4e1c66a4-792a-4350-b244-4dedea3f57a8, raftlog=4e1c66a4-792a-4350-b244-4dedea3f57a8@group-F1BA4E877FDC-SegmentedRaftLog:OPENED:c-1,f-1,i0, conf=-1: [2ac0d02e-9e70-4102-8ecc-87abf8a9c7ab:192.168.164.232:40013, 4e1c66a4-792a-4350-b244-4dedea3f57a8:192.168.164.232:41177, 350dd957-6baf-44a5-98e5-a3496d7a986b:192.168.164.232:34256], old=null
2019-10-15 14:16:33,438 [4e1c66a4-792a-4350-b244-4dedea3f57a8@group-F1BA4E877FDC-LeaderElection53] INFO  impl.RaftServerImpl (RaftServerImpl.java:setRole(184)) - 4e1c66a4-792a-4350-b244-4dedea3f57a8@group-F1BA4E877FDC: changes role from CANDIDATE to FOLLOWER at term 14 for DISCOVERED_A_NEW_TERM
2019-10-15 14:16:33,438 [4e1c66a4-792a-4350-b244-4dedea3f57a8@group-F1BA4E877FDC-LeaderElection53] INFO  impl.RoleInfo (RoleInfo.java:shutdownLeaderElection(134)) - 4e1c66a4-792a-4350-b244-4dedea3f57a8: shutdown LeaderElection
2019-10-15 14:16:33,438 [4e1c66a4-792a-4350-b244-4dedea3f57a8@group-F1BA4E877FDC-LeaderElection53] INFO  impl.RoleInfo (RoleInfo.java:updateAndGet(143)) - 4e1c66a4-792a-4350-b244-4dedea3f57a8: start FollowerState
2019-10-15 14:16:33,553 [Thread-924] INFO  impl.FollowerState (FollowerState.java:run(108)) - 4e1c66a4-792a-4350-b244-4dedea3f57a8@group-F1BA4E877FDC-FollowerState: change to CANDIDATE, lastRpcTime:114ms, electionTimeout:114ms
2019-10-15 14:16:33,553 [Thread-924] INFO  impl.RoleInfo (RoleInfo.java:shutdownFollowerState(121)) - 4e1c66a4-792a-4350-b244-4dedea3f57a8: shutdown FollowerState
2019-10-15 14:16:33,553 [Thread-924] INFO  impl.RaftServerImpl (RaftServerImpl.java:setRole(184)) - 4e1c66a4-792a-4350-b244-4dedea3f57a8@group-F1BA4E877FDC: changes role from  FOLLOWER to CANDIDATE at term 14 for changeToCandidate
2019-10-15 14:16:33,553 [Thread-924] INFO  impl.RoleInfo (RoleInfo.java:updateAndGet(143)) - 4e1c66a4-792a-4350-b244-4dedea3f57a8: start LeaderElection
2019-10-15 14:16:33,568 [Thread-919] INFO  impl.FollowerState (FollowerState.java:run(108)) - 4e1c66a4-792a-4350-b244-4dedea3f57a8@group-488DD1D6D11B-FollowerState: change to CANDIDATE, lastRpcTime:197ms, electionTimeout:197ms
2019-10-15 14:16:33,568 [Thread-919] INFO  impl.RoleInfo (RoleInfo.java:shutdownFollowerState(121)) - 4e1c66a4-792a-4350-b244-4dedea3f57a8: shutdown FollowerState
2019-10-15 14:16:33,568 [Thread-919] INFO  impl.RaftServerImpl (RaftServerImpl.java:setRole(184)) - 4e1c66a4-792a-4350-b244-4dedea3f57a8@group-488DD1D6D11B: changes role from  FOLLOWER to CANDIDATE at term 40 for changeToCandidate
2019-10-15 14:16:33,568 [Thread-919] INFO  impl.RoleInfo (RoleInfo.java:updateAndGet(143)) - 4e1c66a4-792a-4350-b244-4dedea3f57a8: start LeaderElection
2019-10-15 14:16:33,579 [4e1c66a4-792a-4350-b244-4dedea3f57a8@group-F1BA4E877FDC-LeaderElection54] INFO  impl.LeaderElection (LeaderElection.java:askForVotes(178)) - 4e1c66a4-792a-4350-b244-4dedea3f57a8@group-F1BA4E877FDC-LeaderElection54: begin an election at term 15 for -1: [2ac0d02e-9e70-4102-8ecc-87abf8a9c7ab:192.168.164.232:40013, 4e1c66a4-792a-4350-b244-4dedea3f57a8:192.168.164.232:41177, 350dd957-6baf-44a5-98e5-a3496d7a986b:192.168.164.232:34256], old=null
2019-10-15 14:16:33,582 [grpc-default-executor-0] INFO  impl.RaftServerImpl (RaftServerImpl.java:setRole(184)) - 2ac0d02e-9e70-4102-8ecc-87abf8a9c7ab@group-F1BA4E877FDC: changes role from  FOLLOWER to FOLLOWER at term 15 for recognizeCandidate:4e1c66a4-792a-4350-b244-4dedea3f57a8
2019-10-15 14:16:33,582 [grpc-default-executor-4] INFO  impl.RaftServerImpl (RaftServerImpl.java:setRole(184)) - 350dd957-6baf-44a5-98e5-a3496d7a986b@group-F1BA4E877FDC: changes role from  FOLLOWER to FOLLOWER at term 15 for recognizeCandidate:4e1c66a4-792a-4350-b244-4dedea3f57a8
2019-10-15 14:16:33,582 [grpc-default-executor-0] INFO  impl.RoleInfo (RoleInfo.java:shutdownFollowerState(121)) - 2ac0d02e-9e70-4102-8ecc-87abf8a9c7ab: shutdown FollowerState
2019-10-15 14:16:33,582 [grpc-default-executor-4] INFO  impl.RoleInfo (RoleInfo.java:shutdownFollowerState(121)) - 350dd957-6baf-44a5-98e5-a3496d7a986b: shutdown FollowerState
2019-10-15 14:16:33,582 [Thread-922] INFO  impl.FollowerState (FollowerState.java:run(117)) - 2ac0d02e-9e70-4102-8ecc-87abf8a9c7ab@group-F1BA4E877FDC-FollowerState was interrupted: java.lang.InterruptedException: sleep interrupted
2019-10-15 14:16:33,582 [grpc-default-executor-0] INFO  impl.RoleInfo (RoleInfo.java:updateAndGet(143)) - 2ac0d02e-9e70-4102-8ecc-87abf8a9c7ab: start FollowerState
2019-10-15 14:16:33,582 [Thread-923] INFO  impl.FollowerState (FollowerState.java:run(117)) - 350dd957-6baf-44a5-98e5-a3496d7a986b@group-F1BA4E877FDC-FollowerState was interrupted: java.lang.InterruptedException: sleep interrupted
2019-10-15 14:16:33,582 [grpc-default-executor-4] INFO  impl.RoleInfo (RoleInfo.java:updateAndGet(143)) - 350dd957-6baf-44a5-98e5-a3496d7a986b: start FollowerState
2019-10-15 14:16:33,596 [4e1c66a4-792a-4350-b244-4dedea3f57a8@group-488DD1D6D11B-LeaderElection55] INFO  impl.LeaderElection (LeaderElection.java:askForVotes(178)) - 4e1c66a4-792a-4350-b244-4dedea3f57a8@group-488DD1D6D11B-LeaderElection55: begin an election at term 41 for 0: [2ac0d02e-9e70-4102-8ecc-87abf8a9c7ab:192.168.164.232:40013, 4e1c66a4-792a-4350-b244-4dedea3f57a8:192.168.164.232:41177, 350dd957-6baf-44a5-98e5-a3496d7a986b:192.168.164.232:34256], old=null
2019-10-15 14:16:33,598 [grpc-default-executor-1] INFO  impl.RaftServerImpl (RaftServerImpl.java:setRole(184)) - 2ac0d02e-9e70-4102-8ecc-87abf8a9c7ab@group-488DD1D6D11B: changes role from  FOLLOWER to FOLLOWER at term 41 for recognizeCandidate:4e1c66a4-792a-4350-b244-4dedea3f57a8
2019-10-15 14:16:33,598 [grpc-default-executor-1] INFO  impl.RoleInfo (RoleInfo.java:shutdownFollowerState(121)) - 2ac0d02e-9e70-4102-8ecc-87abf8a9c7ab: shutdown FollowerState
2019-10-15 14:16:33,598 [grpc-default-executor-1] INFO  impl.RoleInfo (RoleInfo.java:updateAndGet(143)) - 2ac0d02e-9e70-4102-8ecc-87abf8a9c7ab: start FollowerState
2019-10-15 14:16:33,598 [Thread-918] INFO  impl.FollowerState (FollowerState.java:run(117)) - 2ac0d02e-9e70-4102-8ecc-87abf8a9c7ab@group-488DD1D6D11B-FollowerState was interrupted: java.lang.InterruptedException: sleep interrupted
2019-10-15 14:16:33,599 [grpc-default-executor-6] INFO  impl.RaftServerImpl (RaftServerImpl.java:setRole(184)) - 350dd957-6baf-44a5-98e5-a3496d7a986b@group-488DD1D6D11B: changes role from  FOLLOWER to FOLLOWER at term 41 for recognizeCandidate:4e1c66a4-792a-4350-b244-4dedea3f57a8
2019-10-15 14:16:33,599 [grpc-default-executor-6] INFO  impl.RoleInfo (RoleInfo.java:shutdownFollowerState(121)) - 350dd957-6baf-44a5-98e5-a3496d7a986b: shutdown FollowerState
2019-10-15 14:16:33,599 [grpc-default-executor-6] INFO  impl.RoleInfo (RoleInfo.java:updateAndGet(143)) - 350dd957-6baf-44a5-98e5-a3496d7a986b: start FollowerState
2019-10-15 14:16:33,599 [Thread-916] INFO  impl.FollowerState (FollowerState.java:run(117)) - 350dd957-6baf-44a5-98e5-a3496d7a986b@group-488DD1D6D11B-FollowerState was interrupted: java.lang.InterruptedException: sleep interrupted
2019-10-15 14:16:33,613 [4e1c66a4-792a-4350-b244-4dedea3f57a8@group-F1BA4E877FDC-LeaderElection54] INFO  impl.LeaderElection (LeaderElection.java:logAndReturn(56)) - 4e1c66a4-792a-4350-b244-4dedea3f57a8@group-F1BA4E877FDC-LeaderElection54: Election TIMEOUT; received 0 response(s) [] and 0 exception(s); 4e1c66a4-792a-4350-b244-4dedea3f57a8@group-F1BA4E877FDC:t15, leader=null, voted=4e1c66a4-792a-4350-b244-4dedea3f57a8, raftlog=4e1c66a4-792a-4350-b244-4dedea3f57a8@group-F1BA4E877FDC-SegmentedRaftLog:OPENED:c-1,f-1,i0, conf=-1: [2ac0d02e-9e70-4102-8ecc-87abf8a9c7ab:192.168.164.232:40013, 4e1c66a4-792a-4350-b244-4dedea3f57a8:192.168.164.232:41177, 350dd957-6baf-44a5-98e5-a3496d7a986b:192.168.164.232:34256], old=null
2019-10-15 14:16:33,630 [4e1c66a4-792a-4350-b244-4dedea3f57a8@group-F1BA4E877FDC-LeaderElection54] INFO  impl.LeaderElection (LeaderElection.java:askForVotes(178)) - 4e1c66a4-792a-4350-b244-4dedea3f57a8@group-F1BA4E877FDC-LeaderElection54: begin an election at term 16 for -1: [2ac0d02e-9e70-4102-8ecc-87abf8a9c7ab:192.168.164.232:40013, 4e1c66a4-792a-4350-b244-4dedea3f57a8:192.168.164.232:41177, 350dd957-6baf-44a5-98e5-a3496d7a986b:192.168.164.232:34256], old=null
2019-10-15 14:16:33,631 [4e1c66a4-792a-4350-b244-4dedea3f57a8@group-488DD1D6D11B-LeaderElection55] INFO  impl.LeaderElection (LeaderElection.java:logAndReturn(56)) - 4e1c66a4-792a-4350-b244-4dedea3f57a8@group-488DD1D6D11B-LeaderElection55: Election REJECTED; received 2 response(s) [4e1c66a4-792a-4350-b244-4dedea3f57a8<-2ac0d02e-9e70-4102-8ecc-87abf8a9c7ab#0:FAIL-t41, 4e1c66a4-792a-4350-b244-4dedea3f57a8<-350dd957-6baf-44a5-98e5-a3496d7a986b#0:FAIL-t41] and 0 exception(s); 4e1c66a4-792a-4350-b244-4dedea3f57a8@group-488DD1D6D11B:t41, leader=null, voted=4e1c66a4-792a-4350-b244-4dedea3f57a8, raftlog=4e1c66a4-792a-4350-b244-4dedea3f57a8@group-488DD1D6D11B-SegmentedRaftLog:OPENED:c3,f4,i4, conf=0: [2ac0d02e-9e70-4102-8ecc-87abf8a9c7ab:192.168.164.232:40013, 4e1c66a4-792a-4350-b244-4dedea3f57a8:192.168.164.232:41177, 350dd957-6baf-44a5-98e5-a3496d7a986b:192.168.164.232:34256], old=null
2019-10-15 14:16:33,632 [4e1c66a4-792a-4350-b244-4dedea3f57a8@group-488DD1D6D11B-LeaderElection55] INFO  impl.RaftServerImpl (RaftServerImpl.java:setRole(184)) - 4e1c66a4-792a-4350-b244-4dedea3f57a8@group-488DD1D6D11B: changes role from CANDIDATE to FOLLOWER at term 41 for DISCOVERED_A_NEW_TERM
2019-10-15 14:16:33,632 [4e1c66a4-792a-4350-b244-4dedea3f57a8@group-488DD1D6D11B-LeaderElection55] INFO  impl.RoleInfo (RoleInfo.java:shutdownLeaderElection(134)) - 4e1c66a4-792a-4350-b244-4dedea3f57a8: shutdown LeaderElection
2019-10-15 14:16:33,632 [4e1c66a4-792a-4350-b244-4dedea3f57a8@group-488DD1D6D11B-LeaderElection55] INFO  impl.RoleInfo (RoleInfo.java:updateAndGet(143)) - 4e1c66a4-792a-4350-b244-4dedea3f57a8: start FollowerState
2019-10-15 14:16:33,632 [Thread-938] INFO  impl.FollowerState (FollowerState.java:run(108)) - 4e1c66a4-792a-4350-b244-4dedea3f57a8@group-488DD1D6D11B-FollowerState: change to CANDIDATE, lastRpcTime:0ms, electionTimeout:0ms
2019-10-15 14:16:33,632 [Thread-938] INFO  impl.RoleInfo (RoleInfo.java:shutdownFollowerState(121)) - 4e1c66a4-792a-4350-b244-4dedea3f57a8: shutdown FollowerState
2019-10-15 14:16:33,633 [Thread-938] INFO  impl.RaftServerImpl (RaftServerImpl.java:setRole(184)) - 4e1c66a4-792a-4350-b244-4dedea3f57a8@group-488DD1D6D11B: changes role from  FOLLOWER to CANDIDATE at term 41 for changeToCandidate
2019-10-15 14:16:33,633 [Thread-938] INFO  impl.RoleInfo (RoleInfo.java:updateAndGet(143)) - 4e1c66a4-792a-4350-b244-4dedea3f57a8: start LeaderElection
2019-10-15 14:16:33,633 [grpc-default-executor-6] INFO  impl.RaftServerImpl (RaftServerImpl.java:setRole(184)) - 2ac0d02e-9e70-4102-8ecc-87abf8a9c7ab@group-F1BA4E877FDC: changes role from  FOLLOWER to FOLLOWER at term 16 for recognizeCandidate:4e1c66a4-792a-4350-b244-4dedea3f57a8
2019-10-15 14:16:33,633 [grpc-default-executor-6] INFO  impl.RoleInfo (RoleInfo.java:shutdownFollowerState(121)) - 2ac0d02e-9e70-4102-8ecc-87abf8a9c7ab: shutdown FollowerState
2019-10-15 14:16:33,634 [grpc-default-executor-6] INFO  impl.RoleInfo (RoleInfo.java:updateAndGet(143)) - 2ac0d02e-9e70-4102-8ecc-87abf8a9c7ab: start FollowerState
2019-10-15 14:16:33,634 [Thread-930] INFO  impl.FollowerState (FollowerState.java:run(117)) - 2ac0d02e-9e70-4102-8ecc-87abf8a9c7ab@group-F1BA4E877FDC-FollowerState was interrupted: java.lang.InterruptedException: sleep interrupted
2019-10-15 14:16:33,634 [grpc-default-executor-1] INFO  impl.RaftServerImpl (RaftServerImpl.java:setRole(184)) - 350dd957-6baf-44a5-98e5-a3496d7a986b@group-F1BA4E877FDC: changes role from  FOLLOWER to FOLLOWER at term 16 for recognizeCandidate:4e1c66a4-792a-4350-b244-4dedea3f57a8
2019-10-15 14:16:33,634 [grpc-default-executor-1] INFO  impl.RoleInfo (RoleInfo.java:shutdownFollowerState(121)) - 350dd957-6baf-44a5-98e5-a3496d7a986b: shutdown FollowerState
2019-10-15 14:16:33,634 [grpc-default-executor-1] INFO  impl.RoleInfo (RoleInfo.java:updateAndGet(143)) - 350dd957-6baf-44a5-98e5-a3496d7a986b: start FollowerState
2019-10-15 14:16:33,634 [Thread-931] INFO  impl.FollowerState (FollowerState.java:run(117)) - 350dd957-6baf-44a5-98e5-a3496d7a986b@group-F1BA4E877FDC-FollowerState was interrupted: java.lang.InterruptedException: sleep interrupted
2019-10-15 14:16:33,656 [4e1c66a4-792a-4350-b244-4dedea3f57a8@group-488DD1D6D11B-LeaderElection56] INFO  impl.LeaderElection (LeaderElection.java:askForVotes(178)) - 4e1c66a4-792a-4350-b244-4dedea3f57a8@group-488DD1D6D11B-LeaderElection56: begin an election at term 42 for 0: [2ac0d02e-9e70-4102-8ecc-87abf8a9c7ab:192.168.164.232:40013, 4e1c66a4-792a-4350-b244-4dedea3f57a8:192.168.164.232:41177, 350dd957-6baf-44a5-98e5-a3496d7a986b:192.168.164.232:34256], old=null
2019-10-15 14:16:33,657 [4e1c66a4-792a-4350-b244-4dedea3f57a8@group-F1BA4E877FDC-LeaderElection54] INFO  impl.LeaderElection (LeaderElection.java:logAndReturn(56)) - 4e1c66a4-792a-4350-b244-4dedea3f57a8@group-F1BA4E877FDC-LeaderElection54: Election REJECTED; received 2 response(s) [4e1c66a4-792a-4350-b244-4dedea3f57a8<-2ac0d02e-9e70-4102-8ecc-87abf8a9c7ab#0:FAIL-t16, 4e1c66a4-792a-4350-b244-4dedea3f57a8<-350dd957-6baf-44a5-98e5-a3496d7a986b#0:FAIL-t16] and 0 exception(s); 4e1c66a4-792a-4350-b244-4dedea3f57a8@group-F1BA4E877FDC:t16, leader=null, voted=4e1c66a4-792a-4350-b244-4dedea3f57a8, raftlog=4e1c66a4-792a-4350-b244-4dedea3f57a8@group-F1BA4E877FDC-SegmentedRaftLog:OPENED:c-1,f-1,i0, conf=-1: [2ac0d02e-9e70-4102-8ecc-87abf8a9c7ab:192.168.164.232:40013, 4e1c66a4-792a-4350-b244-4dedea3f57a8:192.168.164.232:41177, 350dd957-6baf-44a5-98e5-a3496d7a986b:192.168.164.232:34256], old=null
2019-10-15 14:16:33,658 [4e1c66a4-792a-4350-b244-4dedea3f57a8@group-F1BA4E877FDC-LeaderElection54] INFO  impl.RaftServerImpl (RaftServerImpl.java:setRole(184)) - 4e1c66a4-792a-4350-b244-4dedea3f57a8@group-F1BA4E877FDC: changes role from CANDIDATE to FOLLOWER at term 16 for DISCOVERED_A_NEW_TERM
2019-10-15 14:16:33,658 [grpc-default-executor-6] INFO  impl.RaftServerImpl (RaftServerImpl.java:setRole(184)) - 2ac0d02e-9e70-4102-8ecc-87abf8a9c7ab@group-488DD1D6D11B: changes role from  FOLLOWER to FOLLOWER at term 42 for recognizeCandidate:4e1c66a4-792a-4350-b244-4dedea3f57a8
2019-10-15 14:16:33,658 [grpc-default-executor-6] INFO  impl.RoleInfo (RoleInfo.java:shutdownFollowerState(121)) - 2ac0d02e-9e70-4102-8ecc-87abf8a9c7ab: shutdown FollowerState
2019-10-15 14:16:33,658 [4e1c66a4-792a-4350-b244-4dedea3f57a8@group-F1BA4E877FDC-LeaderElection54] INFO  impl.RoleInfo (RoleInfo.java:shutdownLeaderElection(134)) - 4e1c66a4-792a-4350-b244-4dedea3f57a8: shutdown LeaderElection
2019-10-15 14:16:33,658 [Thread-934] INFO  impl.FollowerState (FollowerState.java:run(117)) - 2ac0d02e-9e70-4102-8ecc-87abf8a9c7ab@group-488DD1D6D11B-FollowerState was interrupted: java.lang.InterruptedException: sleep interrupted
2019-10-15 14:16:33,658 [grpc-default-executor-6] INFO  impl.RoleInfo (RoleInfo.java:updateAndGet(143)) - 2ac0d02e-9e70-4102-8ecc-87abf8a9c7ab: start FollowerState
2019-10-15 14:16:33,658 [4e1c66a4-792a-4350-b244-4dedea3f57a8@group-F1BA4E877FDC-LeaderElection54] INFO  impl.RoleInfo (RoleInfo.java:updateAndGet(143)) - 4e1c66a4-792a-4350-b244-4dedea3f57a8: start FollowerState
2019-10-15 14:16:33,658 [grpc-default-executor-1] INFO  impl.RaftServerImpl (RaftServerImpl.java:setRole(184)) - 350dd957-6baf-44a5-98e5-a3496d7a986b@group-488DD1D6D11B: changes role from  FOLLOWER to FOLLOWER at term 42 for recognizeCandidate:4e1c66a4-792a-4350-b244-4dedea3f57a8
2019-10-15 14:16:33,659 [grpc-default-executor-1] INFO  impl.RoleInfo (RoleInfo.java:shutdownFollowerState(121)) - 350dd957-6baf-44a5-98e5-a3496d7a986b: shutdown FollowerState
2019-10-15 14:16:33,659 [grpc-default-executor-1] INFO  impl.RoleInfo (RoleInfo.java:updateAndGet(143)) - 350dd957-6baf-44a5-98e5-a3496d7a986b: start FollowerState
2019-10-15 14:16:33,659 [Thread-935] INFO  impl.FollowerState (FollowerState.java:run(117)) - 350dd957-6baf-44a5-98e5-a3496d7a986b@group-488DD1D6D11B-FollowerState was interrupted: java.lang.InterruptedException: sleep interrupted
2019-10-15 14:16:33,683 [4e1c66a4-792a-4350-b244-4dedea3f57a8@group-488DD1D6D11B-LeaderElection56] INFO  impl.LeaderElection (LeaderElection.java:logAndReturn(56)) - 4e1c66a4-792a-4350-b244-4dedea3f57a8@group-488DD1D6D11B-LeaderElection56: Election REJECTED; received 2 response(s) [4e1c66a4-792a-4350-b244-4dedea3f57a8<-2ac0d02e-9e70-4102-8ecc-87abf8a9c7ab#0:FAIL-t42, 4e1c66a4-792a-4350-b244-4dedea3f57a8<-350dd957-6baf-44a5-98e5-a3496d7a986b#0:FAIL-t42] and 0 exception(s); 4e1c66a4-792a-4350-b244-4dedea3f57a8@group-488DD1D6D11B:t42, leader=null, voted=4e1c66a4-792a-4350-b244-4dedea3f57a8, raftlog=4e1c66a4-792a-4350-b244-4dedea3f57a8@group-488DD1D6D11B-SegmentedRaftLog:OPENED:c3,f4,i4, conf=0: [2ac0d02e-9e70-4102-8ecc-87abf8a9c7ab:192.168.164.232:40013, 4e1c66a4-792a-4350-b244-4dedea3f57a8:192.168.164.232:41177, 350dd957-6baf-44a5-98e5-a3496d7a986b:192.168.164.232:34256], old=null
2019-10-15 14:16:33,683 [4e1c66a4-792a-4350-b244-4dedea3f57a8@group-488DD1D6D11B-LeaderElection56] INFO  impl.RaftServerImpl (RaftServerImpl.java:setRole(184)) - 4e1c66a4-792a-4350-b244-4dedea3f57a8@group-488DD1D6D11B: changes role from CANDIDATE to FOLLOWER at term 42 for DISCOVERED_A_NEW_TERM
2019-10-15 14:16:33,683 [4e1c66a4-792a-4350-b244-4dedea3f57a8@group-488DD1D6D11B-LeaderElection56] INFO  impl.RoleInfo (RoleInfo.java:shutdownLeaderElection(134)) - 4e1c66a4-792a-4350-b244-4dedea3f57a8: shutdown LeaderElection
2019-10-15 14:16:33,683 [4e1c66a4-792a-4350-b244-4dedea3f57a8@group-488DD1D6D11B-LeaderElection56] INFO  impl.RoleInfo (RoleInfo.java:updateAndGet(143)) - 4e1c66a4-792a-4350-b244-4dedea3f57a8: start FollowerState
2019-10-15 14:16:33,695 [Thread-947] INFO  impl.FollowerState (FollowerState.java:run(108)) - 4e1c66a4-792a-4350-b244-4dedea3f57a8@group-488DD1D6D11B-FollowerState: change to CANDIDATE, lastRpcTime:12ms, electionTimeout:12ms
2019-10-15 14:16:33,696 [Thread-947] INFO  impl.RoleInfo (RoleInfo.java:shutdownFollowerState(121)) - 4e1c66a4-792a-4350-b244-4dedea3f57a8: shutdown FollowerState
2019-10-15 14:16:33,696 [Thread-947] INFO  impl.RaftServerImpl (RaftServerImpl.java:setRole(184)) - 4e1c66a4-792a-4350-b244-4dedea3f57a8@group-488DD1D6D11B: changes role from  FOLLOWER to CANDIDATE at term 42 for changeToCandidate
2019-10-15 14:16:33,696 [Thread-947] INFO  impl.RoleInfo (RoleInfo.java:updateAndGet(143)) - 4e1c66a4-792a-4350-b244-4dedea3f57a8: start LeaderElection
2019-10-15 14:16:33,724 [4e1c66a4-792a-4350-b244-4dedea3f57a8@group-488DD1D6D11B-LeaderElection57] INFO  impl.LeaderElection (LeaderElection.java:askForVotes(178)) - 4e1c66a4-792a-4350-b244-4dedea3f57a8@group-488DD1D6D11B-LeaderElection57: begin an election at term 43 for 0: [2ac0d02e-9e70-4102-8ecc-87abf8a9c7ab:192.168.164.232:40013, 4e1c66a4-792a-4350-b244-4dedea3f57a8:192.168.164.232:41177, 350dd957-6baf-44a5-98e5-a3496d7a986b:192.168.164.232:34256], old=null
2019-10-15 14:16:33,726 [grpc-default-executor-1] INFO  impl.RaftServerImpl (RaftServerImpl.java:setRole(184)) - 2ac0d02e-9e70-4102-8ecc-87abf8a9c7ab@group-488DD1D6D11B: changes role from  FOLLOWER to FOLLOWER at term 43 for recognizeCandidate:4e1c66a4-792a-4350-b244-4dedea3f57a8
2019-10-15 14:16:33,727 [grpc-default-executor-6] INFO  impl.RaftServerImpl (RaftServerImpl.java:setRole(184)) - 350dd957-6baf-44a5-98e5-a3496d7a986b@group-488DD1D6D11B: changes role from  FOLLOWER to FOLLOWER at term 43 for recognizeCandidate:4e1c66a4-792a-4350-b244-4dedea3f57a8
2019-10-15 14:16:33,727 [grpc-default-executor-1] INFO  impl.RoleInfo (RoleInfo.java:shutdownFollowerState(121)) - 2ac0d02e-9e70-4102-8ecc-87abf8a9c7ab: shutdown FollowerState
2019-10-15 14:16:33,727 [grpc-default-executor-6] INFO  impl.RoleInfo (RoleInfo.java:shutdownFollowerState(121)) - 350dd957-6baf-44a5-98e5-a3496d7a986b: shutdown FollowerState
2019-10-15 14:16:33,727 [Thread-944] INFO  impl.FollowerState (FollowerState.java:run(117)) - 2ac0d02e-9e70-4102-8ecc-87abf8a9c7ab@group-488DD1D6D11B-FollowerState was interrupted: java.lang.InterruptedException: sleep interrupted
2019-10-15 14:16:33,727 [grpc-default-executor-1] INFO  impl.RoleInfo (RoleInfo.java:updateAndGet(143)) - 2ac0d02e-9e70-4102-8ecc-87abf8a9c7ab: start FollowerState
2019-10-15 14:16:33,727 [Thread-946] INFO  impl.FollowerState (FollowerState.java:run(117)) - 350dd957-6baf-44a5-98e5-a3496d7a986b@group-488DD1D6D11B-FollowerState was interrupted: java.lang.InterruptedException: sleep interrupted
2019-10-15 14:16:33,727 [grpc-default-executor-6] INFO  impl.RoleInfo (RoleInfo.java:updateAndGet(143)) - 350dd957-6baf-44a5-98e5-a3496d7a986b: start FollowerState
2019-10-15 14:16:33,751 [4e1c66a4-792a-4350-b244-4dedea3f57a8@group-488DD1D6D11B-LeaderElection57] INFO  impl.LeaderElection (LeaderElection.java:logAndReturn(56)) - 4e1c66a4-792a-4350-b244-4dedea3f57a8@group-488DD1D6D11B-LeaderElection57: Election REJECTED; received 2 response(s) [4e1c66a4-792a-4350-b244-4dedea3f57a8<-2ac0d02e-9e70-4102-8ecc-87abf8a9c7ab#0:FAIL-t43, 4e1c66a4-792a-4350-b244-4dedea3f57a8<-350dd957-6baf-44a5-98e5-a3496d7a986b#0:FAIL-t43] and 0 exception(s); 4e1c66a4-792a-4350-b244-4dedea3f57a8@group-488DD1D6D11B:t43, leader=null, voted=4e1c66a4-792a-4350-b244-4dedea3f57a8, raftlog=4e1c66a4-792a-4350-b244-4dedea3f57a8@group-488DD1D6D11B-SegmentedRaftLog:OPENED:c3,f4,i4, conf=0: [2ac0d02e-9e70-4102-8ecc-87abf8a9c7ab:192.168.164.232:40013, 4e1c66a4-792a-4350-b244-4dedea3f57a8:192.168.164.232:41177, 350dd957-6baf-44a5-98e5-a3496d7a986b:192.168.164.232:34256], old=null
2019-10-15 14:16:33,751 [4e1c66a4-792a-4350-b244-4dedea3f57a8@group-488DD1D6D11B-LeaderElection57] INFO  impl.RaftServerImpl (RaftServerImpl.java:setRole(184)) - 4e1c66a4-792a-4350-b244-4dedea3f57a8@group-488DD1D6D11B: changes role from CANDIDATE to FOLLOWER at term 43 for DISCOVERED_A_NEW_TERM
2019-10-15 14:16:33,751 [4e1c66a4-792a-4350-b244-4dedea3f57a8@group-488DD1D6D11B-LeaderElection57] INFO  impl.RoleInfo (RoleInfo.java:shutdownLeaderElection(134)) - 4e1c66a4-792a-4350-b244-4dedea3f57a8: shutdown LeaderElection
2019-10-15 14:16:33,751 [4e1c66a4-792a-4350-b244-4dedea3f57a8@group-488DD1D6D11B-LeaderElection57] INFO  impl.RoleInfo (RoleInfo.java:updateAndGet(143)) - 4e1c66a4-792a-4350-b244-4dedea3f57a8: start FollowerState
2019-10-15 14:16:33,762 [Thread-945] INFO  impl.FollowerState (FollowerState.java:run(108)) - 4e1c66a4-792a-4350-b244-4dedea3f57a8@group-F1BA4E877FDC-FollowerState: change to CANDIDATE, lastRpcTime:103ms, electionTimeout:103ms
2019-10-15 14:16:33,762 [Thread-945] INFO  impl.RoleInfo (RoleInfo.java:shutdownFollowerState(121)) - 4e1c66a4-792a-4350-b244-4dedea3f57a8: shutdown FollowerState
2019-10-15 14:16:33,762 [Thread-945] INFO  impl.RaftServerImpl (RaftServerImpl.java:setRole(184)) - 4e1c66a4-792a-4350-b244-4dedea3f57a8@group-F1BA4E877FDC: changes role from  FOLLOWER to CANDIDATE at term 16 for changeToCandidate
2019-10-15 14:16:33,762 [Thread-945] INFO  impl.RoleInfo (RoleInfo.java:updateAndGet(143)) - 4e1c66a4-792a-4350-b244-4dedea3f57a8: start LeaderElection
2019-10-15 14:16:33,786 [Thread-953] INFO  impl.FollowerState (FollowerState.java:run(108)) - 4e1c66a4-792a-4350-b244-4dedea3f57a8@group-488DD1D6D11B-FollowerState: change to CANDIDATE, lastRpcTime:34ms, electionTimeout:34ms
2019-10-15 14:16:33,786 [Thread-953] INFO  impl.RoleInfo (RoleInfo.java:shutdownFollowerState(121)) - 4e1c66a4-792a-4350-b244-4dedea3f57a8: shutdown FollowerState
2019-10-15 14:16:33,786 [Thread-953] INFO  impl.RaftServerImpl (RaftServerImpl.java:setRole(184)) - 4e1c66a4-792a-4350-b244-4dedea3f57a8@group-488DD1D6D11B: changes role from  FOLLOWER to CANDIDATE at term 43 for changeToCandidate
2019-10-15 14:16:33,786 [Thread-953] INFO  impl.RoleInfo (RoleInfo.java:updateAndGet(143)) - 4e1c66a4-792a-4350-b244-4dedea3f57a8: start LeaderElection
2019-10-15 14:16:33,791 [4e1c66a4-792a-4350-b244-4dedea3f57a8@group-F1BA4E877FDC-LeaderElection58] INFO  impl.LeaderElection (LeaderElection.java:askForVotes(178)) - 4e1c66a4-792a-4350-b244-4dedea3f57a8@group-F1BA4E877FDC-LeaderElection58: begin an election at term 17 for -1: [2ac0d02e-9e70-4102-8ecc-87abf8a9c7ab:192.168.164.232:40013, 4e1c66a4-792a-4350-b244-4dedea3f57a8:192.168.164.232:41177, 350dd957-6baf-44a5-98e5-a3496d7a986b:192.168.164.232:34256], old=null
2019-10-15 14:16:33,795 [grpc-default-executor-6] INFO  impl.RaftServerImpl (RaftServerImpl.java:setRole(184)) - 350dd957-6baf-44a5-98e5-a3496d7a986b@group-F1BA4E877FDC: changes role from  FOLLOWER to FOLLOWER at term 17 for recognizeCandidate:4e1c66a4-792a-4350-b244-4dedea3f57a8
2019-10-15 14:16:33,795 [Thread-959] INFO  client.GrpcClientProtocolService (GrpcClientProtocolService.java:lambda$processClientRequest$0(278)) - Failed RaftClientRequest:client-E8AF2CDF2BB3->4e1c66a4-792a-4350-b244-4dedea3f57a8@group-488DD1D6D11B, cid=10, seq=0, Watch-ALL_COMMITTED(6), Message:<EMPTY>, reply=RaftClientReply:client-E8AF2CDF2BB3->4e1c66a4-792a-4350-b244-4dedea3f57a8@group-488DD1D6D11B, cid=10, FAILED org.apache.ratis.protocol.NotLeaderException: Server 4e1c66a4-792a-4350-b244-4dedea3f57a8@group-488DD1D6D11B is not the leader, logIndex=0, commits[4e1c66a4-792a-4350-b244-4dedea3f57a8:c3]
2019-10-15 14:16:33,795 [grpc-default-executor-6] INFO  impl.RoleInfo (RoleInfo.java:shutdownFollowerState(121)) - 350dd957-6baf-44a5-98e5-a3496d7a986b: shutdown FollowerState
2019-10-15 14:16:33,795 [grpc-default-executor-4] INFO  impl.RaftServerImpl (RaftServerImpl.java:setRole(184)) - 2ac0d02e-9e70-4102-8ecc-87abf8a9c7ab@group-F1BA4E877FDC: changes role from  FOLLOWER to FOLLOWER at term 17 for recognizeCandidate:4e1c66a4-792a-4350-b244-4dedea3f57a8
2019-10-15 14:16:33,796 [grpc-default-executor-6] INFO  impl.RoleInfo (RoleInfo.java:updateAndGet(143)) - 350dd957-6baf-44a5-98e5-a3496d7a986b: start FollowerState
2019-10-15 14:16:33,797 [Thread-941] INFO  impl.FollowerState (FollowerState.java:run(117)) - 350dd957-6baf-44a5-98e5-a3496d7a986b@group-F1BA4E877FDC-FollowerState was interrupted: java.lang.InterruptedException: sleep interrupted
2019-10-15 14:16:33,797 [grpc-default-executor-4] INFO  impl.RoleInfo (RoleInfo.java:shutdownFollowerState(121)) - 2ac0d02e-9e70-4102-8ecc-87abf8a9c7ab: shutdown FollowerState
2019-10-15 14:16:33,798 [grpc-default-executor-4] INFO  impl.RoleInfo (RoleInfo.java:updateAndGet(143)) - 2ac0d02e-9e70-4102-8ecc-87abf8a9c7ab: start FollowerState
2019-10-15 14:16:33,798 [Thread-940] INFO  impl.FollowerState (FollowerState.java:run(117)) - 2ac0d02e-9e70-4102-8ecc-87abf8a9c7ab@group-F1BA4E877FDC-FollowerState was interrupted: java.lang.InterruptedException: sleep interrupted
2019-10-15 14:16:33,808 [4e1c66a4-792a-4350-b244-4dedea3f57a8@group-488DD1D6D11B-LeaderElection59] INFO  impl.LeaderElection (LeaderElection.java:askForVotes(178)) - 4e1c66a4-792a-4350-b244-4dedea3f57a8@group-488DD1D6D11B-LeaderElection59: begin an election at term 44 for 0: [2ac0d02e-9e70-4102-8ecc-87abf8a9c7ab:192.168.164.232:40013, 4e1c66a4-792a-4350-b244-4dedea3f57a8:192.168.164.232:41177, 350dd957-6baf-44a5-98e5-a3496d7a986b:192.168.164.232:34256], old=null
2019-10-15 14:16:33,811 [grpc-default-executor-0] INFO  impl.RaftServerImpl (RaftServerImpl.java:setRole(184)) - 350dd957-6baf-44a5-98e5-a3496d7a986b@group-488DD1D6D11B: changes role from  FOLLOWER to FOLLOWER at term 44 for recognizeCandidate:4e1c66a4-792a-4350-b244-4dedea3f57a8
2019-10-15 14:16:33,811 [grpc-default-executor-1] INFO  impl.RaftServerImpl (RaftServerImpl.java:setRole(184)) - 2ac0d02e-9e70-4102-8ecc-87abf8a9c7ab@group-488DD1D6D11B: changes role from  FOLLOWER to FOLLOWER at term 44 for recognizeCandidate:4e1c66a4-792a-4350-b244-4dedea3f57a8
2019-10-15 14:16:33,812 [grpc-default-executor-0] INFO  impl.RoleInfo (RoleInfo.java:shutdownFollowerState(121)) - 350dd957-6baf-44a5-98e5-a3496d7a986b: shutdown FollowerState
2019-10-15 14:16:33,812 [grpc-default-executor-1] INFO  impl.RoleInfo (RoleInfo.java:shutdownFollowerState(121)) - 2ac0d02e-9e70-4102-8ecc-87abf8a9c7ab: shutdown FollowerState
2019-10-15 14:16:33,812 [Thread-952] INFO  impl.FollowerState (FollowerState.java:run(117)) - 350dd957-6baf-44a5-98e5-a3496d7a986b@group-488DD1D6D11B-FollowerState was interrupted: java.lang.InterruptedException: sleep interrupted
2019-10-15 14:16:33,812 [Thread-951] INFO  impl.FollowerState (FollowerState.java:run(117)) - 2ac0d02e-9e70-4102-8ecc-87abf8a9c7ab@group-488DD1D6D11B-FollowerState was interrupted: java.lang.InterruptedException: sleep interrupted
2019-10-15 14:16:33,812 [grpc-default-executor-0] INFO  impl.RoleInfo (RoleInfo.java:updateAndGet(143)) - 350dd957-6baf-44a5-98e5-a3496d7a986b: start FollowerState
2019-10-15 14:16:33,812 [grpc-default-executor-1] INFO  impl.RoleInfo (RoleInfo.java:updateAndGet(143)) - 2ac0d02e-9e70-4102-8ecc-87abf8a9c7ab: start FollowerState
2019-10-15 14:16:33,856 [4e1c66a4-792a-4350-b244-4dedea3f57a8@group-F1BA4E877FDC-LeaderElection58] INFO  impl.LeaderElection (LeaderElection.java:logAndReturn(56)) - 4e1c66a4-792a-4350-b244-4dedea3f57a8@group-F1BA4E877FDC-LeaderElection58: Election REJECTED; received 2 response(s) [4e1c66a4-792a-4350-b244-4dedea3f57a8<-2ac0d02e-9e70-4102-8ecc-87abf8a9c7ab#0:FAIL-t17, 4e1c66a4-792a-4350-b244-4dedea3f57a8<-350dd957-6baf-44a5-98e5-a3496d7a986b#0:FAIL-t17] and 0 exception(s); 4e1c66a4-792a-4350-b244-4dedea3f57a8@group-F1BA4E877FDC:t17, leader=null, voted=4e1c66a4-792a-4350-b244-4dedea3f57a8, raftlog=4e1c66a4-792a-4350-b244-4dedea3f57a8@group-F1BA4E877FDC-SegmentedRaftLog:OPENED:c-1,f-1,i0, conf=-1: [2ac0d02e-9e70-4102-8ecc-87abf8a9c7ab:192.168.164.232:40013, 4e1c66a4-792a-4350-b244-4dedea3f57a8:192.168.164.232:41177, 350dd957-6baf-44a5-98e5-a3496d7a986b:192.168.164.232:34256], old=null
2019-10-15 14:16:33,856 [4e1c66a4-792a-4350-b244-4dedea3f57a8@group-488DD1D6D11B-LeaderElection59] INFO  impl.LeaderElection (LeaderElection.java:logAndReturn(56)) - 4e1c66a4-792a-4350-b244-4dedea3f57a8@group-488DD1D6D11B-LeaderElection59: Election REJECTED; received 2 response(s) [4e1c66a4-792a-4350-b244-4dedea3f57a8<-2ac0d02e-9e70-4102-8ecc-87abf8a9c7ab#0:FAIL-t44, 4e1c66a4-792a-4350-b244-4dedea3f57a8<-350dd957-6baf-44a5-98e5-a3496d7a986b#0:FAIL-t44] and 0 exception(s); 4e1c66a4-792a-4350-b244-4dedea3f57a8@group-488DD1D6D11B:t44, leader=null, voted=4e1c66a4-792a-4350-b244-4dedea3f57a8, raftlog=4e1c66a4-792a-4350-b244-4dedea3f57a8@group-488DD1D6D11B-SegmentedRaftLog:OPENED:c3,f4,i4, conf=0: [2ac0d02e-9e70-4102-8ecc-87abf8a9c7ab:192.168.164.232:40013, 4e1c66a4-792a-4350-b244-4dedea3f57a8:192.168.164.232:41177, 350dd957-6baf-44a5-98e5-a3496d7a986b:192.168.164.232:34256], old=null
2019-10-15 14:16:33,856 [4e1c66a4-792a-4350-b244-4dedea3f57a8@group-F1BA4E877FDC-LeaderElection58] INFO  impl.RaftServerImpl (RaftServerImpl.java:setRole(184)) - 4e1c66a4-792a-4350-b244-4dedea3f57a8@group-F1BA4E877FDC: changes role from CANDIDATE to FOLLOWER at term 17 for DISCOVERED_A_NEW_TERM
2019-10-15 14:16:33,856 [4e1c66a4-792a-4350-b244-4dedea3f57a8@group-488DD1D6D11B-LeaderElection59] INFO  impl.RaftServerImpl (RaftServerImpl.java:setRole(184)) - 4e1c66a4-792a-4350-b244-4dedea3f57a8@group-488DD1D6D11B: changes role from CANDIDATE to FOLLOWER at term 44 for DISCOVERED_A_NEW_TERM
2019-10-15 14:16:33,856 [4e1c66a4-792a-4350-b244-4dedea3f57a8@group-F1BA4E877FDC-LeaderElection58] INFO  impl.RoleInfo (RoleInfo.java:shutdownLeaderElection(134)) - 4e1c66a4-792a-4350-b244-4dedea3f57a8: shutdown LeaderElection
2019-10-15 14:16:33,857 [4e1c66a4-792a-4350-b244-4dedea3f57a8@group-488DD1D6D11B-LeaderElection59] INFO  impl.RoleInfo (RoleInfo.java:shutdownLeaderElection(134)) - 4e1c66a4-792a-4350-b244-4dedea3f57a8: shutdown LeaderElection
2019-10-15 14:16:33,857 [4e1c66a4-792a-4350-b244-4dedea3f57a8@group-F1BA4E877FDC-LeaderElection58] INFO  impl.RoleInfo (RoleInfo.java:updateAndGet(143)) - 4e1c66a4-792a-4350-b244-4dedea3f57a8: start FollowerState
2019-10-15 14:16:33,857 [4e1c66a4-792a-4350-b244-4dedea3f57a8@group-488DD1D6D11B-LeaderElection59] INFO  impl.RoleInfo (RoleInfo.java:updateAndGet(143)) - 4e1c66a4-792a-4350-b244-4dedea3f57a8: start FollowerState
2019-10-15 14:16:33,882 [Thread-968] INFO  impl.FollowerState (FollowerState.java:run(108)) - 4e1c66a4-792a-4350-b244-4dedea3f57a8@group-488DD1D6D11B-FollowerState: change to CANDIDATE, lastRpcTime:25ms, electionTimeout:25ms
2019-10-15 14:16:33,882 [Thread-968] INFO  impl.RoleInfo (RoleInfo.java:shutdownFollowerState(121)) - 4e1c66a4-792a-4350-b244-4dedea3f57a8: shutdown FollowerState
2019-10-15 14:16:33,883 [Thread-968] INFO  impl.RaftServerImpl (RaftServerImpl.java:setRole(184)) - 4e1c66a4-792a-4350-b244-4dedea3f57a8@group-488DD1D6D11B: changes role from  FOLLOWER to CANDIDATE at term 44 for changeToCandidate
2019-10-15 14:16:33,883 [Thread-968] INFO  impl.RoleInfo (RoleInfo.java:updateAndGet(143)) - 4e1c66a4-792a-4350-b244-4dedea3f57a8: start LeaderElection
2019-10-15 14:16:33,895 [Thread-967] INFO  impl.FollowerState (FollowerState.java:run(108)) - 4e1c66a4-792a-4350-b244-4dedea3f57a8@group-F1BA4E877FDC-FollowerState: change to CANDIDATE, lastRpcTime:38ms, electionTimeout:38ms
2019-10-15 14:16:33,895 [Thread-967] INFO  impl.RoleInfo (RoleInfo.java:shutdownFollowerState(121)) - 4e1c66a4-792a-4350-b244-4dedea3f57a8: shutdown FollowerState
2019-10-15 14:16:33,895 [Thread-967] INFO  impl.RaftServerImpl (RaftServerImpl.java:setRole(184)) - 4e1c66a4-792a-4350-b244-4dedea3f57a8@group-F1BA4E877FDC: changes role from  FOLLOWER to CANDIDATE at term 17 for changeToCandidate
2019-10-15 14:16:33,896 [Thread-967] INFO  impl.RoleInfo (RoleInfo.java:updateAndGet(143)) - 4e1c66a4-792a-4350-b244-4dedea3f57a8: start LeaderElection
2019-10-15 14:16:33,918 [4e1c66a4-792a-4350-b244-4dedea3f57a8@group-F1BA4E877FDC-LeaderElection61] INFO  impl.LeaderElection (LeaderElection.java:askForVotes(178)) - 4e1c66a4-792a-4350-b244-4dedea3f57a8@group-F1BA4E877FDC-LeaderElection61: begin an election at term 18 for -1: [2ac0d02e-9e70-4102-8ecc-87abf8a9c7ab:192.168.164.232:40013, 4e1c66a4-792a-4350-b244-4dedea3f57a8:192.168.164.232:41177, 350dd957-6baf-44a5-98e5-a3496d7a986b:192.168.164.232:34256], old=null
2019-10-15 14:16:33,918 [4e1c66a4-792a-4350-b244-4dedea3f57a8@group-488DD1D6D11B-LeaderElection60] INFO  impl.LeaderElection (LeaderElection.java:askForVotes(178)) - 4e1c66a4-792a-4350-b244-4dedea3f57a8@group-488DD1D6D11B-LeaderElection60: begin an election at term 45 for 0: [2ac0d02e-9e70-4102-8ecc-87abf8a9c7ab:192.168.164.232:40013, 4e1c66a4-792a-4350-b244-4dedea3f57a8:192.168.164.232:41177, 350dd957-6baf-44a5-98e5-a3496d7a986b:192.168.164.232:34256], old=null
2019-10-15 14:16:33,922 [grpc-default-executor-0] INFO  impl.RaftServerImpl (RaftServerImpl.java:setRole(184)) - 2ac0d02e-9e70-4102-8ecc-87abf8a9c7ab@group-F1BA4E877FDC: changes role from  FOLLOWER to FOLLOWER at term 18 for recognizeCandidate:4e1c66a4-792a-4350-b244-4dedea3f57a8
2019-10-15 14:16:33,922 [grpc-default-executor-1] INFO  impl.RaftServerImpl (RaftServerImpl.java:setRole(184)) - 350dd957-6baf-44a5-98e5-a3496d7a986b@group-F1BA4E877FDC: changes role from  FOLLOWER to FOLLOWER at term 18 for recognizeCandidate:4e1c66a4-792a-4350-b244-4dedea3f57a8
2019-10-15 14:16:33,922 [grpc-default-executor-6] INFO  impl.RaftServerImpl (RaftServerImpl.java:setRole(184)) - 2ac0d02e-9e70-4102-8ecc-87abf8a9c7ab@group-488DD1D6D11B: changes role from  FOLLOWER to FOLLOWER at term 45 for recognizeCandidate:4e1c66a4-792a-4350-b244-4dedea3f57a8
2019-10-15 14:16:33,922 [grpc-default-executor-6] INFO  impl.RoleInfo (RoleInfo.java:shutdownFollowerState(121)) - 2ac0d02e-9e70-4102-8ecc-87abf8a9c7ab: shutdown FollowerState
2019-10-15 14:16:33,922 [grpc-default-executor-6] INFO  impl.RoleInfo (RoleInfo.java:updateAndGet(143)) - 2ac0d02e-9e70-4102-8ecc-87abf8a9c7ab: start FollowerState
2019-10-15 14:16:33,922 [grpc-default-executor-4] INFO  impl.RaftServerImpl (RaftServerImpl.java:setRole(184)) - 350dd957-6baf-44a5-98e5-a3496d7a986b@group-488DD1D6D11B: changes role from  FOLLOWER to FOLLOWER at term 45 for recognizeCandidate:4e1c66a4-792a-4350-b244-4dedea3f57a8
2019-10-15 14:16:33,923 [grpc-default-executor-4] INFO  impl.RoleInfo (RoleInfo.java:shutdownFollowerState(121)) - 350dd957-6baf-44a5-98e5-a3496d7a986b: shutdown FollowerState
2019-10-15 14:16:33,922 [Thread-966] INFO  impl.FollowerState (FollowerState.java:run(117)) - 2ac0d02e-9e70-4102-8ecc-87abf8a9c7ab@group-488DD1D6D11B-FollowerState was interrupted: java.lang.InterruptedException: sleep interrupted
2019-10-15 14:16:33,922 [grpc-default-executor-1] INFO  impl.RoleInfo (RoleInfo.java:shutdownFollowerState(121)) - 350dd957-6baf-44a5-98e5-a3496d7a986b: shutdown FollowerState
2019-10-15 14:16:33,922 [grpc-default-executor-0] INFO  impl.RoleInfo (RoleInfo.java:shutdownFollowerState(121)) - 2ac0d02e-9e70-4102-8ecc-87abf8a9c7ab: shutdown FollowerState
2019-10-15 14:16:33,923 [Thread-960] INFO  impl.FollowerState (FollowerState.java:run(117)) - 350dd957-6baf-44a5-98e5-a3496d7a986b@group-F1BA4E877FDC-FollowerState was interrupted: java.lang.InterruptedException: sleep interrupted
2019-10-15 14:16:33,924 [Thread-961] INFO  impl.FollowerState (FollowerState.java:run(117)) - 2ac0d02e-9e70-4102-8ecc-87abf8a9c7ab@group-F1BA4E877FDC-FollowerState was interrupted: java.lang.InterruptedException: sleep interrupted
2019-10-15 14:16:33,923 [grpc-default-executor-1] INFO  impl.RoleInfo (RoleInfo.java:updateAndGet(143)) - 350dd957-6baf-44a5-98e5-a3496d7a986b: start FollowerState
2019-10-15 14:16:33,924 [Thread-965] INFO  impl.FollowerState (FollowerState.java:run(117)) - 350dd957-6baf-44a5-98e5-a3496d7a986b@group-488DD1D6D11B-FollowerState was interrupted: java.lang.InterruptedException: sleep interrupted
2019-10-15 14:16:33,924 [grpc-default-executor-4] INFO  impl.RoleInfo (RoleInfo.java:updateAndGet(143)) - 350dd957-6baf-44a5-98e5-a3496d7a986b: start FollowerState
2019-10-15 14:16:33,924 [grpc-default-executor-0] INFO  impl.RoleInfo (RoleInfo.java:updateAndGet(143)) - 2ac0d02e-9e70-4102-8ecc-87abf8a9c7ab: start FollowerState
2019-10-15 14:16:33,949 [4e1c66a4-792a-4350-b244-4dedea3f57a8@group-F1BA4E877FDC-LeaderElection61] INFO  impl.LeaderElection (LeaderElection.java:logAndReturn(56)) - 4e1c66a4-792a-4350-b244-4dedea3f57a8@group-F1BA4E877FDC-LeaderElection61: Election REJECTED; received 2 response(s) [4e1c66a4-792a-4350-b244-4dedea3f57a8<-2ac0d02e-9e70-4102-8ecc-87abf8a9c7ab#0:FAIL-t18, 4e1c66a4-792a-4350-b244-4dedea3f57a8<-350dd957-6baf-44a5-98e5-a3496d7a986b#0:FAIL-t18] and 0 exception(s); 4e1c66a4-792a-4350-b244-4dedea3f57a8@group-F1BA4E877FDC:t18, leader=null, voted=4e1c66a4-792a-4350-b244-4dedea3f57a8, raftlog=4e1c66a4-792a-4350-b244-4dedea3f57a8@group-F1BA4E877FDC-SegmentedRaftLog:OPENED:c-1,f-1,i0, conf=-1: [2ac0d02e-9e70-4102-8ecc-87abf8a9c7ab:192.168.164.232:40013, 4e1c66a4-792a-4350-b244-4dedea3f57a8:192.168.164.232:41177, 350dd957-6baf-44a5-98e5-a3496d7a986b:192.168.164.232:34256], old=null
2019-10-15 14:16:33,950 [4e1c66a4-792a-4350-b244-4dedea3f57a8@group-488DD1D6D11B-LeaderElection60] INFO  impl.LeaderElection (LeaderElection.java:logAndReturn(56)) - 4e1c66a4-792a-4350-b244-4dedea3f57a8@group-488DD1D6D11B-LeaderElection60: Election REJECTED; received 2 response(s) [4e1c66a4-792a-4350-b244-4dedea3f57a8<-2ac0d02e-9e70-4102-8ecc-87abf8a9c7ab#0:FAIL-t45, 4e1c66a4-792a-4350-b244-4dedea3f57a8<-350dd957-6baf-44a5-98e5-a3496d7a986b#0:FAIL-t45] and 0 exception(s); 4e1c66a4-792a-4350-b244-4dedea3f57a8@group-488DD1D6D11B:t45, leader=null, voted=4e1c66a4-792a-4350-b244-4dedea3f57a8, raftlog=4e1c66a4-792a-4350-b244-4dedea3f57a8@group-488DD1D6D11B-SegmentedRaftLog:OPENED:c3,f4,i4, conf=0: [2ac0d02e-9e70-4102-8ecc-87abf8a9c7ab:192.168.164.232:40013, 4e1c66a4-792a-4350-b244-4dedea3f57a8:192.168.164.232:41177, 350dd957-6baf-44a5-98e5-a3496d7a986b:192.168.164.232:34256], old=null
2019-10-15 14:16:33,950 [4e1c66a4-792a-4350-b244-4dedea3f57a8@group-488DD1D6D11B-LeaderElection60] INFO  impl.RaftServerImpl (RaftServerImpl.java:setRole(184)) - 4e1c66a4-792a-4350-b244-4dedea3f57a8@group-488DD1D6D11B: changes role from CANDIDATE to FOLLOWER at term 45 for DISCOVERED_A_NEW_TERM
2019-10-15 14:16:33,950 [4e1c66a4-792a-4350-b244-4dedea3f57a8@group-F1BA4E877FDC-LeaderElection61] INFO  impl.RaftServerImpl (RaftServerImpl.java:setRole(184)) - 4e1c66a4-792a-4350-b244-4dedea3f57a8@group-F1BA4E877FDC: changes role from CANDIDATE to FOLLOWER at term 18 for DISCOVERED_A_NEW_TERM
2019-10-15 14:16:33,950 [4e1c66a4-792a-4350-b244-4dedea3f57a8@group-488DD1D6D11B-LeaderElection60] INFO  impl.RoleInfo (RoleInfo.java:shutdownLeaderElection(134)) - 4e1c66a4-792a-4350-b244-4dedea3f57a8: shutdown LeaderElection
2019-10-15 14:16:33,950 [4e1c66a4-792a-4350-b244-4dedea3f57a8@group-F1BA4E877FDC-LeaderElection61] INFO  impl.RoleInfo (RoleInfo.java:shutdownLeaderElection(134)) - 4e1c66a4-792a-4350-b244-4dedea3f57a8: shutdown LeaderElection
2019-10-15 14:16:33,950 [4e1c66a4-792a-4350-b244-4dedea3f57a8@group-488DD1D6D11B-LeaderElection60] INFO  impl.RoleInfo (RoleInfo.java:updateAndGet(143)) - 4e1c66a4-792a-4350-b244-4dedea3f57a8: start FollowerState
2019-10-15 14:16:33,950 [4e1c66a4-792a-4350-b244-4dedea3f57a8@group-F1BA4E877FDC-LeaderElection61] INFO  impl.RoleInfo (RoleInfo.java:updateAndGet(143)) - 4e1c66a4-792a-4350-b244-4dedea3f57a8: start FollowerState
2019-10-15 14:16:33,963 [Thread-980] INFO  impl.FollowerState (FollowerState.java:run(108)) - 4e1c66a4-792a-4350-b244-4dedea3f57a8@group-F1BA4E877FDC-FollowerState: change to CANDIDATE, lastRpcTime:12ms, electionTimeout:12ms
2019-10-15 14:16:33,963 [Thread-980] INFO  impl.RoleInfo (RoleInfo.java:shutdownFollowerState(121)) - 4e1c66a4-792a-4350-b244-4dedea3f57a8: shutdown FollowerState
2019-10-15 14:16:33,963 [Thread-980] INFO  impl.RaftServerImpl (RaftServerImpl.java:setRole(184)) - 4e1c66a4-792a-4350-b244-4dedea3f57a8@group-F1BA4E877FDC: changes role from  FOLLOWER to CANDIDATE at term 18 for changeToCandidate
2019-10-15 14:16:33,963 [Thread-980] INFO  impl.RoleInfo (RoleInfo.java:updateAndGet(143)) - 4e1c66a4-792a-4350-b244-4dedea3f57a8: start LeaderElection
2019-10-15 14:16:33,983 [4e1c66a4-792a-4350-b244-4dedea3f57a8@group-F1BA4E877FDC-LeaderElection62] INFO  impl.LeaderElection (LeaderElection.java:askForVotes(178)) - 4e1c66a4-792a-4350-b244-4dedea3f57a8@group-F1BA4E877FDC-LeaderElection62: begin an election at term 19 for -1: [2ac0d02e-9e70-4102-8ecc-87abf8a9c7ab:192.168.164.232:40013, 4e1c66a4-792a-4350-b244-4dedea3f57a8:192.168.164.232:41177, 350dd957-6baf-44a5-98e5-a3496d7a986b:192.168.164.232:34256], old=null
2019-10-15 14:16:33,986 [grpc-default-executor-0] INFO  impl.RaftServerImpl (RaftServerImpl.java:setRole(184)) - 2ac0d02e-9e70-4102-8ecc-87abf8a9c7ab@group-F1BA4E877FDC: changes role from  FOLLOWER to FOLLOWER at term 19 for recognizeCandidate:4e1c66a4-792a-4350-b244-4dedea3f57a8
2019-10-15 14:16:33,986 [grpc-default-executor-4] INFO  impl.RaftServerImpl (RaftServerImpl.java:setRole(184)) - 350dd957-6baf-44a5-98e5-a3496d7a986b@group-F1BA4E877FDC: changes role from  FOLLOWER to FOLLOWER at term 19 for recognizeCandidate:4e1c66a4-792a-4350-b244-4dedea3f57a8
2019-10-15 14:16:33,986 [grpc-default-executor-0] INFO  impl.RoleInfo (RoleInfo.java:shutdownFollowerState(121)) - 2ac0d02e-9e70-4102-8ecc-87abf8a9c7ab: shutdown FollowerState
2019-10-15 14:16:33,986 [grpc-default-executor-4] INFO  impl.RoleInfo (RoleInfo.java:shutdownFollowerState(121)) - 350dd957-6baf-44a5-98e5-a3496d7a986b: shutdown FollowerState
2019-10-15 14:16:33,986 [Thread-977] INFO  impl.FollowerState (FollowerState.java:run(117)) - 2ac0d02e-9e70-4102-8ecc-87abf8a9c7ab@group-F1BA4E877FDC-FollowerState was interrupted: java.lang.InterruptedException: sleep interrupted
2019-10-15 14:16:33,986 [grpc-default-executor-0] INFO  impl.RoleInfo (RoleInfo.java:updateAndGet(143)) - 2ac0d02e-9e70-4102-8ecc-87abf8a9c7ab: start FollowerState
2019-10-15 14:16:33,987 [Thread-976] INFO  impl.FollowerState (FollowerState.java:run(117)) - 350dd957-6baf-44a5-98e5-a3496d7a986b@group-F1BA4E877FDC-FollowerState was interrupted: java.lang.InterruptedException: sleep interrupted
2019-10-15 14:16:33,986 [grpc-default-executor-4] INFO  impl.RoleInfo (RoleInfo.java:updateAndGet(143)) - 350dd957-6baf-44a5-98e5-a3496d7a986b: start FollowerState
2019-10-15 14:16:34,003 [4e1c66a4-792a-4350-b244-4dedea3f57a8@group-F1BA4E877FDC-LeaderElection62] INFO  impl.LeaderElection (LeaderElection.java:logAndReturn(56)) - 4e1c66a4-792a-4350-b244-4dedea3f57a8@group-F1BA4E877FDC-LeaderElection62: Election REJECTED; received 2 response(s) [4e1c66a4-792a-4350-b244-4dedea3f57a8<-2ac0d02e-9e70-4102-8ecc-87abf8a9c7ab#0:FAIL-t19, 4e1c66a4-792a-4350-b244-4dedea3f57a8<-350dd957-6baf-44a5-98e5-a3496d7a986b#0:FAIL-t19] and 0 exception(s); 4e1c66a4-792a-4350-b244-4dedea3f57a8@group-F1BA4E877FDC:t19, leader=null, voted=4e1c66a4-792a-4350-b244-4dedea3f57a8, raftlog=4e1c66a4-792a-4350-b244-4dedea3f57a8@group-F1BA4E877FDC-SegmentedRaftLog:OPENED:c-1,f-1,i0, conf=-1: [2ac0d02e-9e70-4102-8ecc-87abf8a9c7ab:192.168.164.232:40013, 4e1c66a4-792a-4350-b244-4dedea3f57a8:192.168.164.232:41177, 350dd957-6baf-44a5-98e5-a3496d7a986b:192.168.164.232:34256], old=null
2019-10-15 14:16:34,003 [4e1c66a4-792a-4350-b244-4dedea3f57a8@group-F1BA4E877FDC-LeaderElection62] INFO  impl.RaftServerImpl (RaftServerImpl.java:setRole(184)) - 4e1c66a4-792a-4350-b244-4dedea3f57a8@group-F1BA4E877FDC: changes role from CANDIDATE to FOLLOWER at term 19 for DISCOVERED_A_NEW_TERM
2019-10-15 14:16:34,003 [4e1c66a4-792a-4350-b244-4dedea3f57a8@group-F1BA4E877FDC-LeaderElection62] INFO  impl.RoleInfo (RoleInfo.java:shutdownLeaderElection(134)) - 4e1c66a4-792a-4350-b244-4dedea3f57a8: shutdown LeaderElection
2019-10-15 14:16:34,003 [4e1c66a4-792a-4350-b244-4dedea3f57a8@group-F1BA4E877FDC-LeaderElection62] INFO  impl.RoleInfo (RoleInfo.java:updateAndGet(143)) - 4e1c66a4-792a-4350-b244-4dedea3f57a8: start FollowerState
2019-10-15 14:16:34,030 [Thread-979] INFO  impl.FollowerState (FollowerState.java:run(108)) - 4e1c66a4-792a-4350-b244-4dedea3f57a8@group-488DD1D6D11B-FollowerState: change to CANDIDATE, lastRpcTime:79ms, electionTimeout:79ms
2019-10-15 14:16:34,030 [Thread-979] INFO  impl.RoleInfo (RoleInfo.java:shutdownFollowerState(121)) - 4e1c66a4-792a-4350-b244-4dedea3f57a8: shutdown FollowerState
2019-10-15 14:16:34,030 [Thread-979] INFO  impl.RaftServerImpl (RaftServerImpl.java:setRole(184)) - 4e1c66a4-792a-4350-b244-4dedea3f57a8@group-488DD1D6D11B: changes role from  FOLLOWER to CANDIDATE at term 45 for changeToCandidate
2019-10-15 14:16:34,031 [Thread-979] INFO  impl.RoleInfo (RoleInfo.java:updateAndGet(143)) - 4e1c66a4-792a-4350-b244-4dedea3f57a8: start LeaderElection
2019-10-15 14:16:34,055 [4e1c66a4-792a-4350-b244-4dedea3f57a8@group-488DD1D6D11B-LeaderElection63] INFO  impl.LeaderElection (LeaderElection.java:askForVotes(178)) - 4e1c66a4-792a-4350-b244-4dedea3f57a8@group-488DD1D6D11B-LeaderElection63: begin an election at term 46 for 0: [2ac0d02e-9e70-4102-8ecc-87abf8a9c7ab:192.168.164.232:40013, 4e1c66a4-792a-4350-b244-4dedea3f57a8:192.168.164.232:41177, 350dd957-6baf-44a5-98e5-a3496d7a986b:192.168.164.232:34256], old=null
2019-10-15 14:16:34,058 [grpc-default-executor-4] INFO  impl.RaftServerImpl (RaftServerImpl.java:setRole(184)) - 2ac0d02e-9e70-4102-8ecc-87abf8a9c7ab@group-488DD1D6D11B: changes role from  FOLLOWER to FOLLOWER at term 46 for recognizeCandidate:4e1c66a4-792a-4350-b244-4dedea3f57a8
2019-10-15 14:16:34,058 [grpc-default-executor-0] INFO  impl.RaftServerImpl (RaftServerImpl.java:setRole(184)) - 350dd957-6baf-44a5-98e5-a3496d7a986b@group-488DD1D6D11B: changes role from  FOLLOWER to FOLLOWER at term 46 for recognizeCandidate:4e1c66a4-792a-4350-b244-4dedea3f57a8
2019-10-15 14:16:34,058 [grpc-default-executor-4] INFO  impl.RoleInfo (RoleInfo.java:shutdownFollowerState(121)) - 2ac0d02e-9e70-4102-8ecc-87abf8a9c7ab: shutdown FollowerState
2019-10-15 14:16:34,058 [grpc-default-executor-0] INFO  impl.RoleInfo (RoleInfo.java:shutdownFollowerState(121)) - 350dd957-6baf-44a5-98e5-a3496d7a986b: shutdown FollowerState
2019-10-15 14:16:34,059 [Thread-975] INFO  impl.FollowerState (FollowerState.java:run(117)) - 2ac0d02e-9e70-4102-8ecc-87abf8a9c7ab@group-488DD1D6D11B-FollowerState was interrupted: java.lang.InterruptedException: sleep interrupted
2019-10-15 14:16:34,059 [Thread-978] INFO  impl.FollowerState (FollowerState.java:run(117)) - 350dd957-6baf-44a5-98e5-a3496d7a986b@group-488DD1D6D11B-FollowerState was interrupted: java.lang.InterruptedException: sleep interrupted
2019-10-15 14:16:34,059 [grpc-default-executor-4] INFO  impl.RoleInfo (RoleInfo.java:updateAndGet(143)) - 2ac0d02e-9e70-4102-8ecc-87abf8a9c7ab: start FollowerState
2019-10-15 14:16:34,059 [grpc-default-executor-0] INFO  impl.RoleInfo (RoleInfo.java:updateAndGet(143)) - 350dd957-6baf-44a5-98e5-a3496d7a986b: start FollowerState
2019-10-15 14:16:34,077 [Thread-986] INFO  impl.FollowerState (FollowerState.java:run(108)) - 4e1c66a4-792a-4350-b244-4dedea3f57a8@group-F1BA4E877FDC-FollowerState: change to CANDIDATE, lastRpcTime:74ms, electionTimeout:74ms
2019-10-15 14:16:34,078 [Thread-986] INFO  impl.RoleInfo (RoleInfo.java:shutdownFollowerState(121)) - 4e1c66a4-792a-4350-b244-4dedea3f57a8: shutdown FollowerState
2019-10-15 14:16:34,078 [Thread-986] INFO  impl.RaftServerImpl (RaftServerImpl.java:setRole(184)) - 4e1c66a4-792a-4350-b244-4dedea3f57a8@group-F1BA4E877FDC: changes role from  FOLLOWER to CANDIDATE at term 19 for changeToCandidate
2019-10-15 14:16:34,078 [Thread-986] INFO  impl.RoleInfo (RoleInfo.java:updateAndGet(143)) - 4e1c66a4-792a-4350-b244-4dedea3f57a8: start LeaderElection
2019-10-15 14:16:34,081 [BlockDeletingService#2] WARN  background.BlockDeletingService (BlockDeletingService.java:isDeletionAllowed(187)) - Close Container log Index 6 is not replicated across allthe servers in the pipeline af09b2c2-cc5c-4d70-8ada-488dd1d6d11b as the min replicated index is 4. Deletion is not allowed in this container yet.
2019-10-15 14:16:34,082 [BlockDeletingService#2] WARN  background.BlockDeletingService (BlockDeletingService.java:isDeletionAllowed(187)) - Close Container log Index 6 is not replicated across allthe servers in the pipeline af09b2c2-cc5c-4d70-8ada-488dd1d6d11b as the min replicated index is 4. Deletion is not allowed in this container yet.
2019-10-15 14:16:34,098 [4e1c66a4-792a-4350-b244-4dedea3f57a8@group-488DD1D6D11B-LeaderElection63] INFO  impl.LeaderElection (LeaderElection.java:logAndReturn(56)) - 4e1c66a4-792a-4350-b244-4dedea3f57a8@group-488DD1D6D11B-LeaderElection63: Election REJECTED; received 2 response(s) [4e1c66a4-792a-4350-b244-4dedea3f57a8<-2ac0d02e-9e70-4102-8ecc-87abf8a9c7ab#0:FAIL-t46, 4e1c66a4-792a-4350-b244-4dedea3f57a8<-350dd957-6baf-44a5-98e5-a3496d7a986b#0:FAIL-t46] and 0 exception(s); 4e1c66a4-792a-4350-b244-4dedea3f57a8@group-488DD1D6D11B:t46, leader=null, voted=4e1c66a4-792a-4350-b244-4dedea3f57a8, raftlog=4e1c66a4-792a-4350-b244-4dedea3f57a8@group-488DD1D6D11B-SegmentedRaftLog:OPENED:c3,f4,i4, conf=0: [2ac0d02e-9e70-4102-8ecc-87abf8a9c7ab:192.168.164.232:40013, 4e1c66a4-792a-4350-b244-4dedea3f57a8:192.168.164.232:41177, 350dd957-6baf-44a5-98e5-a3496d7a986b:192.168.164.232:34256], old=null
2019-10-15 14:16:34,099 [4e1c66a4-792a-4350-b244-4dedea3f57a8@group-488DD1D6D11B-LeaderElection63] INFO  impl.RaftServerImpl (RaftServerImpl.java:setRole(184)) - 4e1c66a4-792a-4350-b244-4dedea3f57a8@group-488DD1D6D11B: changes role from CANDIDATE to FOLLOWER at term 46 for DISCOVERED_A_NEW_TERM
2019-10-15 14:16:34,099 [4e1c66a4-792a-4350-b244-4dedea3f57a8@group-488DD1D6D11B-LeaderElection63] INFO  impl.RoleInfo (RoleInfo.java:shutdownLeaderElection(134)) - 4e1c66a4-792a-4350-b244-4dedea3f57a8: shutdown LeaderElection
2019-10-15 14:16:34,099 [4e1c66a4-792a-4350-b244-4dedea3f57a8@group-488DD1D6D11B-LeaderElection63] INFO  impl.RoleInfo (RoleInfo.java:updateAndGet(143)) - 4e1c66a4-792a-4350-b244-4dedea3f57a8: start FollowerState
2019-10-15 14:16:34,123 [4e1c66a4-792a-4350-b244-4dedea3f57a8@group-F1BA4E877FDC-LeaderElection64] INFO  impl.LeaderElection (LeaderElection.java:askForVotes(178)) - 4e1c66a4-792a-4350-b244-4dedea3f57a8@group-F1BA4E877FDC-LeaderElection64: begin an election at term 20 for -1: [2ac0d02e-9e70-4102-8ecc-87abf8a9c7ab:192.168.164.232:40013, 4e1c66a4-792a-4350-b244-4dedea3f57a8:192.168.164.232:41177, 350dd957-6baf-44a5-98e5-a3496d7a986b:192.168.164.232:34256], old=null
2019-10-15 14:16:34,127 [grpc-default-executor-0] INFO  impl.RaftServerImpl (RaftServerImpl.java:setRole(184)) - 350dd957-6baf-44a5-98e5-a3496d7a986b@group-F1BA4E877FDC: changes role from  FOLLOWER to FOLLOWER at term 20 for recognizeCandidate:4e1c66a4-792a-4350-b244-4dedea3f57a8
2019-10-15 14:16:34,127 [grpc-default-executor-4] INFO  impl.RaftServerImpl (RaftServerImpl.java:setRole(184)) - 2ac0d02e-9e70-4102-8ecc-87abf8a9c7ab@group-F1BA4E877FDC: changes role from  FOLLOWER to FOLLOWER at term 20 for recognizeCandidate:4e1c66a4-792a-4350-b244-4dedea3f57a8
2019-10-15 14:16:34,127 [grpc-default-executor-0] INFO  impl.RoleInfo (RoleInfo.java:shutdownFollowerState(121)) - 350dd957-6baf-44a5-98e5-a3496d7a986b: shutdown FollowerState
2019-10-15 14:16:34,127 [grpc-default-executor-4] INFO  impl.RoleInfo (RoleInfo.java:shutdownFollowerState(121)) - 2ac0d02e-9e70-4102-8ecc-87abf8a9c7ab: shutdown FollowerState
2019-10-15 14:16:34,127 [Thread-985] INFO  impl.FollowerState (FollowerState.java:run(117)) - 350dd957-6baf-44a5-98e5-a3496d7a986b@group-F1BA4E877FDC-FollowerState was interrupted: java.lang.InterruptedException: sleep interrupted
2019-10-15 14:16:34,127 [grpc-default-executor-0] INFO  impl.RoleInfo (RoleInfo.java:updateAndGet(143)) - 350dd957-6baf-44a5-98e5-a3496d7a986b: start FollowerState
2019-10-15 14:16:34,128 [Thread-984] INFO  impl.FollowerState (FollowerState.java:run(117)) - 2ac0d02e-9e70-4102-8ecc-87abf8a9c7ab@group-F1BA4E877FDC-FollowerState was interrupted: java.lang.InterruptedException: sleep interrupted
2019-10-15 14:16:34,128 [grpc-default-executor-4] INFO  impl.RoleInfo (RoleInfo.java:updateAndGet(143)) - 2ac0d02e-9e70-4102-8ecc-87abf8a9c7ab: start FollowerState
2019-10-15 14:16:34,142 [4e1c66a4-792a-4350-b244-4dedea3f57a8@group-F1BA4E877FDC-LeaderElection64] INFO  impl.LeaderElection (LeaderElection.java:logAndReturn(56)) - 4e1c66a4-792a-4350-b244-4dedea3f57a8@group-F1BA4E877FDC-LeaderElection64: Election TIMEOUT; received 0 response(s) [] and 0 exception(s); 4e1c66a4-792a-4350-b244-4dedea3f57a8@group-F1BA4E877FDC:t20, leader=null, voted=4e1c66a4-792a-4350-b244-4dedea3f57a8, raftlog=4e1c66a4-792a-4350-b244-4dedea3f57a8@group-F1BA4E877FDC-SegmentedRaftLog:OPENED:c-1,f-1,i0, conf=-1: [2ac0d02e-9e70-4102-8ecc-87abf8a9c7ab:192.168.164.232:40013, 4e1c66a4-792a-4350-b244-4dedea3f57a8:192.168.164.232:41177, 350dd957-6baf-44a5-98e5-a3496d7a986b:192.168.164.232:34256], old=null
2019-10-15 14:16:34,174 [4e1c66a4-792a-4350-b244-4dedea3f57a8@group-F1BA4E877FDC-LeaderElection64] INFO  impl.LeaderElection (LeaderElection.java:askForVotes(178)) - 4e1c66a4-792a-4350-b244-4dedea3f57a8@group-F1BA4E877FDC-LeaderElection64: begin an election at term 21 for -1: [2ac0d02e-9e70-4102-8ecc-87abf8a9c7ab:192.168.164.232:40013, 4e1c66a4-792a-4350-b244-4dedea3f57a8:192.168.164.232:41177, 350dd957-6baf-44a5-98e5-a3496d7a986b:192.168.164.232:34256], old=null
2019-10-15 14:16:34,176 [grpc-default-executor-0] INFO  impl.RaftServerImpl (RaftServerImpl.java:setRole(184)) - 2ac0d02e-9e70-4102-8ecc-87abf8a9c7ab@group-F1BA4E877FDC: changes role from  FOLLOWER to FOLLOWER at term 21 for recognizeCandidate:4e1c66a4-792a-4350-b244-4dedea3f57a8
2019-10-15 14:16:34,176 [grpc-default-executor-4] INFO  impl.RaftServerImpl (RaftServerImpl.java:setRole(184)) - 350dd957-6baf-44a5-98e5-a3496d7a986b@group-F1BA4E877FDC: changes role from  FOLLOWER to FOLLOWER at term 21 for recognizeCandidate:4e1c66a4-792a-4350-b244-4dedea3f57a8
2019-10-15 14:16:34,177 [grpc-default-executor-0] INFO  impl.RoleInfo (RoleInfo.java:shutdownFollowerState(121)) - 2ac0d02e-9e70-4102-8ecc-87abf8a9c7ab: shutdown FollowerState
2019-10-15 14:16:34,177 [grpc-default-executor-4] INFO  impl.RoleInfo (RoleInfo.java:shutdownFollowerState(121)) - 350dd957-6baf-44a5-98e5-a3496d7a986b: shutdown FollowerState
2019-10-15 14:16:34,177 [Thread-999] INFO  impl.FollowerState (FollowerState.java:run(117)) - 2ac0d02e-9e70-4102-8ecc-87abf8a9c7ab@group-F1BA4E877FDC-FollowerState was interrupted: java.lang.InterruptedException: sleep interrupted
2019-10-15 14:16:34,177 [grpc-default-executor-0] INFO  impl.RoleInfo (RoleInfo.java:updateAndGet(143)) - 2ac0d02e-9e70-4102-8ecc-87abf8a9c7ab: start FollowerState
2019-10-15 14:16:34,177 [Thread-998] INFO  impl.FollowerState (FollowerState.java:run(117)) - 350dd957-6baf-44a5-98e5-a3496d7a986b@group-F1BA4E877FDC-FollowerState was interrupted: java.lang.InterruptedException: sleep interrupted
2019-10-15 14:16:34,177 [grpc-default-executor-4] INFO  impl.RoleInfo (RoleInfo.java:updateAndGet(143)) - 350dd957-6baf-44a5-98e5-a3496d7a986b: start FollowerState
2019-10-15 14:16:34,192 [4e1c66a4-792a-4350-b244-4dedea3f57a8@group-F1BA4E877FDC-LeaderElection64] INFO  impl.LeaderElection (LeaderElection.java:logAndReturn(56)) - 4e1c66a4-792a-4350-b244-4dedea3f57a8@group-F1BA4E877FDC-LeaderElection64: Election TIMEOUT; received 0 response(s) [] and 0 exception(s); 4e1c66a4-792a-4350-b244-4dedea3f57a8@group-F1BA4E877FDC:t21, leader=null, voted=4e1c66a4-792a-4350-b244-4dedea3f57a8, raftlog=4e1c66a4-792a-4350-b244-4dedea3f57a8@group-F1BA4E877FDC-SegmentedRaftLog:OPENED:c-1,f-1,i0, conf=-1: [2ac0d02e-9e70-4102-8ecc-87abf8a9c7ab:192.168.164.232:40013, 4e1c66a4-792a-4350-b244-4dedea3f57a8:192.168.164.232:41177, 350dd957-6baf-44a5-98e5-a3496d7a986b:192.168.164.232:34256], old=null
2019-10-15 14:16:34,216 [4e1c66a4-792a-4350-b244-4dedea3f57a8@group-F1BA4E877FDC-LeaderElection64] INFO  impl.LeaderElection (LeaderElection.java:askForVotes(178)) - 4e1c66a4-792a-4350-b244-4dedea3f57a8@group-F1BA4E877FDC-LeaderElection64: begin an election at term 22 for -1: [2ac0d02e-9e70-4102-8ecc-87abf8a9c7ab:192.168.164.232:40013, 4e1c66a4-792a-4350-b244-4dedea3f57a8:192.168.164.232:41177, 350dd957-6baf-44a5-98e5-a3496d7a986b:192.168.164.232:34256], old=null
2019-10-15 14:16:34,218 [grpc-default-executor-0] INFO  impl.RaftServerImpl (RaftServerImpl.java:setRole(184)) - 2ac0d02e-9e70-4102-8ecc-87abf8a9c7ab@group-F1BA4E877FDC: changes role from  FOLLOWER to FOLLOWER at term 22 for recognizeCandidate:4e1c66a4-792a-4350-b244-4dedea3f57a8
2019-10-15 14:16:34,218 [grpc-default-executor-4] INFO  impl.RaftServerImpl (RaftServerImpl.java:setRole(184)) - 350dd957-6baf-44a5-98e5-a3496d7a986b@group-F1BA4E877FDC: changes role from  FOLLOWER to FOLLOWER at term 22 for recognizeCandidate:4e1c66a4-792a-4350-b244-4dedea3f57a8
2019-10-15 14:16:34,218 [grpc-default-executor-0] INFO  impl.RoleInfo (RoleInfo.java:shutdownFollowerState(121)) - 2ac0d02e-9e70-4102-8ecc-87abf8a9c7ab: shutdown FollowerState
2019-10-15 14:16:34,218 [grpc-default-executor-4] INFO  impl.RoleInfo (RoleInfo.java:shutdownFollowerState(121)) - 350dd957-6baf-44a5-98e5-a3496d7a986b: shutdown FollowerState
2019-10-15 14:16:34,218 [Thread-1002] INFO  impl.FollowerState (FollowerState.java:run(117)) - 2ac0d02e-9e70-4102-8ecc-87abf8a9c7ab@group-F1BA4E877FDC-FollowerState was interrupted: java.lang.InterruptedException: sleep interrupted
2019-10-15 14:16:34,218 [grpc-default-executor-0] INFO  impl.RoleInfo (RoleInfo.java:updateAndGet(143)) - 2ac0d02e-9e70-4102-8ecc-87abf8a9c7ab: start FollowerState
2019-10-15 14:16:34,219 [Thread-1003] INFO  impl.FollowerState (FollowerState.java:run(117)) - 350dd957-6baf-44a5-98e5-a3496d7a986b@group-F1BA4E877FDC-FollowerState was interrupted: java.lang.InterruptedException: sleep interrupted
2019-10-15 14:16:34,219 [grpc-default-executor-4] INFO  impl.RoleInfo (RoleInfo.java:updateAndGet(143)) - 350dd957-6baf-44a5-98e5-a3496d7a986b: start FollowerState
2019-10-15 14:16:34,242 [4e1c66a4-792a-4350-b244-4dedea3f57a8@group-F1BA4E877FDC-LeaderElection64] INFO  impl.LeaderElection (LeaderElection.java:logAndReturn(56)) - 4e1c66a4-792a-4350-b244-4dedea3f57a8@group-F1BA4E877FDC-LeaderElection64: Election REJECTED; received 2 response(s) [4e1c66a4-792a-4350-b244-4dedea3f57a8<-2ac0d02e-9e70-4102-8ecc-87abf8a9c7ab#0:FAIL-t22, 4e1c66a4-792a-4350-b244-4dedea3f57a8<-350dd957-6baf-44a5-98e5-a3496d7a986b#0:FAIL-t22] and 0 exception(s); 4e1c66a4-792a-4350-b244-4dedea3f57a8@group-F1BA4E877FDC:t22, leader=null, voted=4e1c66a4-792a-4350-b244-4dedea3f57a8, raftlog=4e1c66a4-792a-4350-b244-4dedea3f57a8@group-F1BA4E877FDC-SegmentedRaftLog:OPENED:c-1,f-1,i0, conf=-1: [2ac0d02e-9e70-4102-8ecc-87abf8a9c7ab:192.168.164.232:40013, 4e1c66a4-792a-4350-b244-4dedea3f57a8:192.168.164.232:41177, 350dd957-6baf-44a5-98e5-a3496d7a986b:192.168.164.232:34256], old=null
2019-10-15 14:16:34,243 [4e1c66a4-792a-4350-b244-4dedea3f57a8@group-F1BA4E877FDC-LeaderElection64] INFO  impl.RaftServerImpl (RaftServerImpl.java:setRole(184)) - 4e1c66a4-792a-4350-b244-4dedea3f57a8@group-F1BA4E877FDC: changes role from CANDIDATE to FOLLOWER at term 22 for DISCOVERED_A_NEW_TERM
2019-10-15 14:16:34,243 [4e1c66a4-792a-4350-b244-4dedea3f57a8@group-F1BA4E877FDC-LeaderElection64] INFO  impl.RoleInfo (RoleInfo.java:shutdownLeaderElection(134)) - 4e1c66a4-792a-4350-b244-4dedea3f57a8: shutdown LeaderElection
2019-10-15 14:16:34,243 [4e1c66a4-792a-4350-b244-4dedea3f57a8@group-F1BA4E877FDC-LeaderElection64] INFO  impl.RoleInfo (RoleInfo.java:updateAndGet(143)) - 4e1c66a4-792a-4350-b244-4dedea3f57a8: start FollowerState
2019-10-15 14:16:34,258 [Thread-995] INFO  impl.FollowerState (FollowerState.java:run(108)) - 4e1c66a4-792a-4350-b244-4dedea3f57a8@group-488DD1D6D11B-FollowerState: change to CANDIDATE, lastRpcTime:159ms, electionTimeout:159ms
2019-10-15 14:16:34,258 [Thread-995] INFO  impl.RoleInfo (RoleInfo.java:shutdownFollowerState(121)) - 4e1c66a4-792a-4350-b244-4dedea3f57a8: shutdown FollowerState
2019-10-15 14:16:34,258 [Thread-995] INFO  impl.RaftServerImpl (RaftServerImpl.java:setRole(184)) - 4e1c66a4-792a-4350-b244-4dedea3f57a8@group-488DD1D6D11B: changes role from  FOLLOWER to CANDIDATE at term 46 for changeToCandidate
2019-10-15 14:16:34,259 [Thread-995] INFO  impl.RoleInfo (RoleInfo.java:updateAndGet(143)) - 4e1c66a4-792a-4350-b244-4dedea3f57a8: start LeaderElection
2019-10-15 14:16:34,284 [4e1c66a4-792a-4350-b244-4dedea3f57a8@group-488DD1D6D11B-LeaderElection65] INFO  impl.LeaderElection (LeaderElection.java:askForVotes(178)) - 4e1c66a4-792a-4350-b244-4dedea3f57a8@group-488DD1D6D11B-LeaderElection65: begin an election at term 47 for 0: [2ac0d02e-9e70-4102-8ecc-87abf8a9c7ab:192.168.164.232:40013, 4e1c66a4-792a-4350-b244-4dedea3f57a8:192.168.164.232:41177, 350dd957-6baf-44a5-98e5-a3496d7a986b:192.168.164.232:34256], old=null
2019-10-15 14:16:34,286 [grpc-default-executor-4] INFO  impl.RaftServerImpl (RaftServerImpl.java:setRole(184)) - 2ac0d02e-9e70-4102-8ecc-87abf8a9c7ab@group-488DD1D6D11B: changes role from  FOLLOWER to FOLLOWER at term 47 for recognizeCandidate:4e1c66a4-792a-4350-b244-4dedea3f57a8
2019-10-15 14:16:34,286 [grpc-default-executor-4] INFO  impl.RoleInfo (RoleInfo.java:shutdownFollowerState(121)) - 2ac0d02e-9e70-4102-8ecc-87abf8a9c7ab: shutdown FollowerState
2019-10-15 14:16:34,286 [grpc-default-executor-0] INFO  impl.RaftServerImpl (RaftServerImpl.java:setRole(184)) - 350dd957-6baf-44a5-98e5-a3496d7a986b@group-488DD1D6D11B: changes role from  FOLLOWER to FOLLOWER at term 47 for recognizeCandidate:4e1c66a4-792a-4350-b244-4dedea3f57a8
2019-10-15 14:16:34,286 [Thread-990] INFO  impl.FollowerState (FollowerState.java:run(117)) - 2ac0d02e-9e70-4102-8ecc-87abf8a9c7ab@group-488DD1D6D11B-FollowerState was interrupted: java.lang.InterruptedException: sleep interrupted
2019-10-15 14:16:34,286 [grpc-default-executor-4] INFO  impl.RoleInfo (RoleInfo.java:updateAndGet(143)) - 2ac0d02e-9e70-4102-8ecc-87abf8a9c7ab: start FollowerState
2019-10-15 14:16:34,287 [grpc-default-executor-0] INFO  impl.RoleInfo (RoleInfo.java:shutdownFollowerState(121)) - 350dd957-6baf-44a5-98e5-a3496d7a986b: shutdown FollowerState
2019-10-15 14:16:34,287 [grpc-default-executor-0] INFO  impl.RoleInfo (RoleInfo.java:updateAndGet(143)) - 350dd957-6baf-44a5-98e5-a3496d7a986b: start FollowerState
2019-10-15 14:16:34,287 [Thread-991] INFO  impl.FollowerState (FollowerState.java:run(117)) - 350dd957-6baf-44a5-98e5-a3496d7a986b@group-488DD1D6D11B-FollowerState was interrupted: java.lang.InterruptedException: sleep interrupted
2019-10-15 14:16:34,287 [Thread-1008] INFO  impl.FollowerState (FollowerState.java:run(108)) - 4e1c66a4-792a-4350-b244-4dedea3f57a8@group-F1BA4E877FDC-FollowerState: change to CANDIDATE, lastRpcTime:44ms, electionTimeout:44ms
2019-10-15 14:16:34,287 [Thread-1008] INFO  impl.RoleInfo (RoleInfo.java:shutdownFollowerState(121)) - 4e1c66a4-792a-4350-b244-4dedea3f57a8: shutdown FollowerState
2019-10-15 14:16:34,287 [Thread-1008] INFO  impl.RaftServerImpl (RaftServerImpl.java:setRole(184)) - 4e1c66a4-792a-4350-b244-4dedea3f57a8@group-F1BA4E877FDC: changes role from  FOLLOWER to CANDIDATE at term 22 for changeToCandidate
2019-10-15 14:16:34,288 [Thread-1008] INFO  impl.RoleInfo (RoleInfo.java:updateAndGet(143)) - 4e1c66a4-792a-4350-b244-4dedea3f57a8: start LeaderElection
2019-10-15 14:16:34,309 [4e1c66a4-792a-4350-b244-4dedea3f57a8@group-F1BA4E877FDC-LeaderElection66] INFO  impl.LeaderElection (LeaderElection.java:askForVotes(178)) - 4e1c66a4-792a-4350-b244-4dedea3f57a8@group-F1BA4E877FDC-LeaderElection66: begin an election at term 23 for -1: [2ac0d02e-9e70-4102-8ecc-87abf8a9c7ab:192.168.164.232:40013, 4e1c66a4-792a-4350-b244-4dedea3f57a8:192.168.164.232:41177, 350dd957-6baf-44a5-98e5-a3496d7a986b:192.168.164.232:34256], old=null
2019-10-15 14:16:34,310 [4e1c66a4-792a-4350-b244-4dedea3f57a8@group-488DD1D6D11B-LeaderElection65] INFO  impl.LeaderElection (LeaderElection.java:logAndReturn(56)) - 4e1c66a4-792a-4350-b244-4dedea3f57a8@group-488DD1D6D11B-LeaderElection65: Election REJECTED; received 2 response(s) [4e1c66a4-792a-4350-b244-4dedea3f57a8<-2ac0d02e-9e70-4102-8ecc-87abf8a9c7ab#0:FAIL-t47, 4e1c66a4-792a-4350-b244-4dedea3f57a8<-350dd957-6baf-44a5-98e5-a3496d7a986b#0:FAIL-t47] and 0 exception(s); 4e1c66a4-792a-4350-b244-4dedea3f57a8@group-488DD1D6D11B:t47, leader=null, voted=4e1c66a4-792a-4350-b244-4dedea3f57a8, raftlog=4e1c66a4-792a-4350-b244-4dedea3f57a8@group-488DD1D6D11B-SegmentedRaftLog:OPENED:c3,f4,i4, conf=0: [2ac0d02e-9e70-4102-8ecc-87abf8a9c7ab:192.168.164.232:40013, 4e1c66a4-792a-4350-b244-4dedea3f57a8:192.168.164.232:41177, 350dd957-6baf-44a5-98e5-a3496d7a986b:192.168.164.232:34256], old=null
2019-10-15 14:16:34,310 [4e1c66a4-792a-4350-b244-4dedea3f57a8@group-488DD1D6D11B-LeaderElection65] INFO  impl.RaftServerImpl (RaftServerImpl.java:setRole(184)) - 4e1c66a4-792a-4350-b244-4dedea3f57a8@group-488DD1D6D11B: changes role from CANDIDATE to FOLLOWER at term 47 for DISCOVERED_A_NEW_TERM
2019-10-15 14:16:34,311 [4e1c66a4-792a-4350-b244-4dedea3f57a8@group-488DD1D6D11B-LeaderElection65] INFO  impl.RoleInfo (RoleInfo.java:shutdownLeaderElection(134)) - 4e1c66a4-792a-4350-b244-4dedea3f57a8: shutdown LeaderElection
2019-10-15 14:16:34,311 [4e1c66a4-792a-4350-b244-4dedea3f57a8@group-488DD1D6D11B-LeaderElection65] INFO  impl.RoleInfo (RoleInfo.java:updateAndGet(143)) - 4e1c66a4-792a-4350-b244-4dedea3f57a8: start FollowerState
2019-10-15 14:16:34,311 [grpc-default-executor-0] INFO  impl.RaftServerImpl (RaftServerImpl.java:setRole(184)) - 2ac0d02e-9e70-4102-8ecc-87abf8a9c7ab@group-F1BA4E877FDC: changes role from  FOLLOWER to FOLLOWER at term 23 for recognizeCandidate:4e1c66a4-792a-4350-b244-4dedea3f57a8
2019-10-15 14:16:34,311 [grpc-default-executor-0] INFO  impl.RoleInfo (RoleInfo.java:shutdownFollowerState(121)) - 2ac0d02e-9e70-4102-8ecc-87abf8a9c7ab: shutdown FollowerState
2019-10-15 14:16:34,312 [grpc-default-executor-0] INFO  impl.RoleInfo (RoleInfo.java:updateAndGet(143)) - 2ac0d02e-9e70-4102-8ecc-87abf8a9c7ab: start FollowerState
2019-10-15 14:16:34,312 [Thread-1006] INFO  impl.FollowerState (FollowerState.java:run(117)) - 2ac0d02e-9e70-4102-8ecc-87abf8a9c7ab@group-F1BA4E877FDC-FollowerState was interrupted: java.lang.InterruptedException: sleep interrupted
2019-10-15 14:16:34,312 [grpc-default-executor-4] INFO  impl.RaftServerImpl (RaftServerImpl.java:setRole(184)) - 350dd957-6baf-44a5-98e5-a3496d7a986b@group-F1BA4E877FDC: changes role from  FOLLOWER to FOLLOWER at term 23 for recognizeCandidate:4e1c66a4-792a-4350-b244-4dedea3f57a8
2019-10-15 14:16:34,312 [grpc-default-executor-4] INFO  impl.RoleInfo (RoleInfo.java:shutdownFollowerState(121)) - 350dd957-6baf-44a5-98e5-a3496d7a986b: shutdown FollowerState
2019-10-15 14:16:34,312 [grpc-default-executor-4] INFO  impl.RoleInfo (RoleInfo.java:updateAndGet(143)) - 350dd957-6baf-44a5-98e5-a3496d7a986b: start FollowerState
2019-10-15 14:16:34,312 [Thread-1007] INFO  impl.FollowerState (FollowerState.java:run(117)) - 350dd957-6baf-44a5-98e5-a3496d7a986b@group-F1BA4E877FDC-FollowerState was interrupted: java.lang.InterruptedException: sleep interrupted
2019-10-15 14:16:34,324 [4e1c66a4-792a-4350-b244-4dedea3f57a8@group-F1BA4E877FDC-LeaderElection66] INFO  impl.LeaderElection (LeaderElection.java:logAndReturn(56)) - 4e1c66a4-792a-4350-b244-4dedea3f57a8@group-F1BA4E877FDC-LeaderElection66: Election TIMEOUT; received 0 response(s) [] and 0 exception(s); 4e1c66a4-792a-4350-b244-4dedea3f57a8@group-F1BA4E877FDC:t23, leader=null, voted=4e1c66a4-792a-4350-b244-4dedea3f57a8, raftlog=4e1c66a4-792a-4350-b244-4dedea3f57a8@group-F1BA4E877FDC-SegmentedRaftLog:OPENED:c-1,f-1,i0, conf=-1: [2ac0d02e-9e70-4102-8ecc-87abf8a9c7ab:192.168.164.232:40013, 4e1c66a4-792a-4350-b244-4dedea3f57a8:192.168.164.232:41177, 350dd957-6baf-44a5-98e5-a3496d7a986b:192.168.164.232:34256], old=null
2019-10-15 14:16:34,352 [4e1c66a4-792a-4350-b244-4dedea3f57a8@group-F1BA4E877FDC-LeaderElection66] INFO  impl.LeaderElection (LeaderElection.java:askForVotes(178)) - 4e1c66a4-792a-4350-b244-4dedea3f57a8@group-F1BA4E877FDC-LeaderElection66: begin an election at term 24 for -1: [2ac0d02e-9e70-4102-8ecc-87abf8a9c7ab:192.168.164.232:40013, 4e1c66a4-792a-4350-b244-4dedea3f57a8:192.168.164.232:41177, 350dd957-6baf-44a5-98e5-a3496d7a986b:192.168.164.232:34256], old=null
2019-10-15 14:16:34,354 [grpc-default-executor-4] INFO  impl.RaftServerImpl (RaftServerImpl.java:setRole(184)) - 2ac0d02e-9e70-4102-8ecc-87abf8a9c7ab@group-F1BA4E877FDC: changes role from  FOLLOWER to FOLLOWER at term 24 for recognizeCandidate:4e1c66a4-792a-4350-b244-4dedea3f57a8
2019-10-15 14:16:34,354 [grpc-default-executor-0] INFO  impl.RaftServerImpl (RaftServerImpl.java:setRole(184)) - 350dd957-6baf-44a5-98e5-a3496d7a986b@group-F1BA4E877FDC: changes role from  FOLLOWER to FOLLOWER at term 24 for recognizeCandidate:4e1c66a4-792a-4350-b244-4dedea3f57a8
2019-10-15 14:16:34,354 [grpc-default-executor-4] INFO  impl.RoleInfo (RoleInfo.java:shutdownFollowerState(121)) - 2ac0d02e-9e70-4102-8ecc-87abf8a9c7ab: shutdown FollowerState
2019-10-15 14:16:34,355 [grpc-default-executor-0] INFO  impl.RoleInfo (RoleInfo.java:shutdownFollowerState(121)) - 350dd957-6baf-44a5-98e5-a3496d7a986b: shutdown FollowerState
2019-10-15 14:16:34,355 [grpc-default-executor-4] INFO  impl.RoleInfo (RoleInfo.java:updateAndGet(143)) - 2ac0d02e-9e70-4102-8ecc-87abf8a9c7ab: start FollowerState
2019-10-15 14:16:34,355 [Thread-1018] INFO  impl.FollowerState (FollowerState.java:run(117)) - 2ac0d02e-9e70-4102-8ecc-87abf8a9c7ab@group-F1BA4E877FDC-FollowerState was interrupted: java.lang.InterruptedException: sleep interrupted
2019-10-15 14:16:34,355 [Thread-1019] INFO  impl.FollowerState (FollowerState.java:run(117)) - 350dd957-6baf-44a5-98e5-a3496d7a986b@group-F1BA4E877FDC-FollowerState was interrupted: java.lang.InterruptedException: sleep interrupted
2019-10-15 14:16:34,355 [grpc-default-executor-0] INFO  impl.RoleInfo (RoleInfo.java:updateAndGet(143)) - 350dd957-6baf-44a5-98e5-a3496d7a986b: start FollowerState
2019-10-15 14:16:34,370 [4e1c66a4-792a-4350-b244-4dedea3f57a8@group-F1BA4E877FDC-LeaderElection66] INFO  impl.LeaderElection (LeaderElection.java:logAndReturn(56)) - 4e1c66a4-792a-4350-b244-4dedea3f57a8@group-F1BA4E877FDC-LeaderElection66: Election REJECTED; received 2 response(s) [4e1c66a4-792a-4350-b244-4dedea3f57a8<-2ac0d02e-9e70-4102-8ecc-87abf8a9c7ab#0:FAIL-t24, 4e1c66a4-792a-4350-b244-4dedea3f57a8<-350dd957-6baf-44a5-98e5-a3496d7a986b#0:FAIL-t24] and 0 exception(s); 4e1c66a4-792a-4350-b244-4dedea3f57a8@group-F1BA4E877FDC:t24, leader=null, voted=4e1c66a4-792a-4350-b244-4dedea3f57a8, raftlog=4e1c66a4-792a-4350-b244-4dedea3f57a8@group-F1BA4E877FDC-SegmentedRaftLog:OPENED:c-1,f-1,i0, conf=-1: [2ac0d02e-9e70-4102-8ecc-87abf8a9c7ab:192.168.164.232:40013, 4e1c66a4-792a-4350-b244-4dedea3f57a8:192.168.164.232:41177, 350dd957-6baf-44a5-98e5-a3496d7a986b:192.168.164.232:34256], old=null
2019-10-15 14:16:34,370 [4e1c66a4-792a-4350-b244-4dedea3f57a8@group-F1BA4E877FDC-LeaderElection66] INFO  impl.RaftServerImpl (RaftServerImpl.java:setRole(184)) - 4e1c66a4-792a-4350-b244-4dedea3f57a8@group-F1BA4E877FDC: changes role from CANDIDATE to FOLLOWER at term 24 for DISCOVERED_A_NEW_TERM
2019-10-15 14:16:34,370 [4e1c66a4-792a-4350-b244-4dedea3f57a8@group-F1BA4E877FDC-LeaderElection66] INFO  impl.RoleInfo (RoleInfo.java:shutdownLeaderElection(134)) - 4e1c66a4-792a-4350-b244-4dedea3f57a8: shutdown LeaderElection
2019-10-15 14:16:34,370 [4e1c66a4-792a-4350-b244-4dedea3f57a8@group-F1BA4E877FDC-LeaderElection66] INFO  impl.RoleInfo (RoleInfo.java:updateAndGet(143)) - 4e1c66a4-792a-4350-b244-4dedea3f57a8: start FollowerState
2019-10-15 14:16:34,426 [Thread-1017] INFO  impl.FollowerState (FollowerState.java:run(108)) - 4e1c66a4-792a-4350-b244-4dedea3f57a8@group-488DD1D6D11B-FollowerState: change to CANDIDATE, lastRpcTime:115ms, electionTimeout:115ms
2019-10-15 14:16:34,427 [Thread-1017] INFO  impl.RoleInfo (RoleInfo.java:shutdownFollowerState(121)) - 4e1c66a4-792a-4350-b244-4dedea3f57a8: shutdown FollowerState
2019-10-15 14:16:34,427 [Thread-1017] INFO  impl.RaftServerImpl (RaftServerImpl.java:setRole(184)) - 4e1c66a4-792a-4350-b244-4dedea3f57a8@group-488DD1D6D11B: changes role from  FOLLOWER to CANDIDATE at term 47 for changeToCandidate
2019-10-15 14:16:34,427 [Thread-1017] INFO  impl.RoleInfo (RoleInfo.java:updateAndGet(143)) - 4e1c66a4-792a-4350-b244-4dedea3f57a8: start LeaderElection
2019-10-15 14:16:34,453 [4e1c66a4-792a-4350-b244-4dedea3f57a8@group-488DD1D6D11B-LeaderElection67] INFO  impl.LeaderElection (LeaderElection.java:askForVotes(178)) - 4e1c66a4-792a-4350-b244-4dedea3f57a8@group-488DD1D6D11B-LeaderElection67: begin an election at term 48 for 0: [2ac0d02e-9e70-4102-8ecc-87abf8a9c7ab:192.168.164.232:40013, 4e1c66a4-792a-4350-b244-4dedea3f57a8:192.168.164.232:41177, 350dd957-6baf-44a5-98e5-a3496d7a986b:192.168.164.232:34256], old=null
2019-10-15 14:16:34,455 [grpc-default-executor-0] INFO  impl.RaftServerImpl (RaftServerImpl.java:setRole(184)) - 2ac0d02e-9e70-4102-8ecc-87abf8a9c7ab@group-488DD1D6D11B: changes role from  FOLLOWER to FOLLOWER at term 48 for recognizeCandidate:4e1c66a4-792a-4350-b244-4dedea3f57a8
2019-10-15 14:16:34,455 [grpc-default-executor-4] INFO  impl.RaftServerImpl (RaftServerImpl.java:setRole(184)) - 350dd957-6baf-44a5-98e5-a3496d7a986b@group-488DD1D6D11B: changes role from  FOLLOWER to FOLLOWER at term 48 for recognizeCandidate:4e1c66a4-792a-4350-b244-4dedea3f57a8
2019-10-15 14:16:34,455 [grpc-default-executor-0] INFO  impl.RoleInfo (RoleInfo.java:shutdownFollowerState(121)) - 2ac0d02e-9e70-4102-8ecc-87abf8a9c7ab: shutdown FollowerState
2019-10-15 14:16:34,455 [grpc-default-executor-4] INFO  impl.RoleInfo (RoleInfo.java:shutdownFollowerState(121)) - 350dd957-6baf-44a5-98e5-a3496d7a986b: shutdown FollowerState
2019-10-15 14:16:34,456 [Thread-1012] INFO  impl.FollowerState (FollowerState.java:run(117)) - 2ac0d02e-9e70-4102-8ecc-87abf8a9c7ab@group-488DD1D6D11B-FollowerState was interrupted: java.lang.InterruptedException: sleep interrupted
2019-10-15 14:16:34,456 [grpc-default-executor-0] INFO  impl.RoleInfo (RoleInfo.java:updateAndGet(143)) - 2ac0d02e-9e70-4102-8ecc-87abf8a9c7ab: start FollowerState
2019-10-15 14:16:34,456 [grpc-default-executor-4] INFO  impl.RoleInfo (RoleInfo.java:updateAndGet(143)) - 350dd957-6baf-44a5-98e5-a3496d7a986b: start FollowerState
2019-10-15 14:16:34,456 [Thread-1013] INFO  impl.FollowerState (FollowerState.java:run(117)) - 350dd957-6baf-44a5-98e5-a3496d7a986b@group-488DD1D6D11B-FollowerState was interrupted: java.lang.InterruptedException: sleep interrupted
2019-10-15 14:16:34,479 [4e1c66a4-792a-4350-b244-4dedea3f57a8@group-488DD1D6D11B-LeaderElection67] INFO  impl.LeaderElection (LeaderElection.java:logAndReturn(56)) - 4e1c66a4-792a-4350-b244-4dedea3f57a8@group-488DD1D6D11B-LeaderElection67: Election REJECTED; received 2 response(s) [4e1c66a4-792a-4350-b244-4dedea3f57a8<-2ac0d02e-9e70-4102-8ecc-87abf8a9c7ab#0:FAIL-t48, 4e1c66a4-792a-4350-b244-4dedea3f57a8<-350dd957-6baf-44a5-98e5-a3496d7a986b#0:FAIL-t48] and 0 exception(s); 4e1c66a4-792a-4350-b244-4dedea3f57a8@group-488DD1D6D11B:t48, leader=null, voted=4e1c66a4-792a-4350-b244-4dedea3f57a8, raftlog=4e1c66a4-792a-4350-b244-4dedea3f57a8@group-488DD1D6D11B-SegmentedRaftLog:OPENED:c3,f4,i4, conf=0: [2ac0d02e-9e70-4102-8ecc-87abf8a9c7ab:192.168.164.232:40013, 4e1c66a4-792a-4350-b244-4dedea3f57a8:192.168.164.232:41177, 350dd957-6baf-44a5-98e5-a3496d7a986b:192.168.164.232:34256], old=null
2019-10-15 14:16:34,479 [4e1c66a4-792a-4350-b244-4dedea3f57a8@group-488DD1D6D11B-LeaderElection67] INFO  impl.RaftServerImpl (RaftServerImpl.java:setRole(184)) - 4e1c66a4-792a-4350-b244-4dedea3f57a8@group-488DD1D6D11B: changes role from CANDIDATE to FOLLOWER at term 48 for DISCOVERED_A_NEW_TERM
2019-10-15 14:16:34,480 [4e1c66a4-792a-4350-b244-4dedea3f57a8@group-488DD1D6D11B-LeaderElection67] INFO  impl.RoleInfo (RoleInfo.java:shutdownLeaderElection(134)) - 4e1c66a4-792a-4350-b244-4dedea3f57a8: shutdown LeaderElection
2019-10-15 14:16:34,480 [4e1c66a4-792a-4350-b244-4dedea3f57a8@group-488DD1D6D11B-LeaderElection67] INFO  impl.RoleInfo (RoleInfo.java:updateAndGet(143)) - 4e1c66a4-792a-4350-b244-4dedea3f57a8: start FollowerState
2019-10-15 14:16:34,523 [Thread-1024] INFO  impl.FollowerState (FollowerState.java:run(108)) - 4e1c66a4-792a-4350-b244-4dedea3f57a8@group-F1BA4E877FDC-FollowerState: change to CANDIDATE, lastRpcTime:152ms, electionTimeout:152ms
2019-10-15 14:16:34,523 [Thread-1024] INFO  impl.RoleInfo (RoleInfo.java:shutdownFollowerState(121)) - 4e1c66a4-792a-4350-b244-4dedea3f57a8: shutdown FollowerState
2019-10-15 14:16:34,523 [Thread-1024] INFO  impl.RaftServerImpl (RaftServerImpl.java:setRole(184)) - 4e1c66a4-792a-4350-b244-4dedea3f57a8@group-F1BA4E877FDC: changes role from  FOLLOWER to CANDIDATE at term 24 for changeToCandidate
2019-10-15 14:16:34,523 [Thread-1024] INFO  impl.RoleInfo (RoleInfo.java:updateAndGet(143)) - 4e1c66a4-792a-4350-b244-4dedea3f57a8: start LeaderElection
2019-10-15 14:16:34,554 [4e1c66a4-792a-4350-b244-4dedea3f57a8@group-F1BA4E877FDC-LeaderElection68] INFO  impl.LeaderElection (LeaderElection.java:askForVotes(178)) - 4e1c66a4-792a-4350-b244-4dedea3f57a8@group-F1BA4E877FDC-LeaderElection68: begin an election at term 25 for -1: [2ac0d02e-9e70-4102-8ecc-87abf8a9c7ab:192.168.164.232:40013, 4e1c66a4-792a-4350-b244-4dedea3f57a8:192.168.164.232:41177, 350dd957-6baf-44a5-98e5-a3496d7a986b:192.168.164.232:34256], old=null
2019-10-15 14:16:34,556 [grpc-default-executor-0] INFO  impl.RaftServerImpl (RaftServerImpl.java:setRole(184)) - 2ac0d02e-9e70-4102-8ecc-87abf8a9c7ab@group-F1BA4E877FDC: changes role from  FOLLOWER to FOLLOWER at term 25 for recognizeCandidate:4e1c66a4-792a-4350-b244-4dedea3f57a8
2019-10-15 14:16:34,556 [grpc-default-executor-4] INFO  impl.RaftServerImpl (RaftServerImpl.java:setRole(184)) - 350dd957-6baf-44a5-98e5-a3496d7a986b@group-F1BA4E877FDC: changes role from  FOLLOWER to FOLLOWER at term 25 for recognizeCandidate:4e1c66a4-792a-4350-b244-4dedea3f57a8
2019-10-15 14:16:34,556 [grpc-default-executor-0] INFO  impl.RoleInfo (RoleInfo.java:shutdownFollowerState(121)) - 2ac0d02e-9e70-4102-8ecc-87abf8a9c7ab: shutdown FollowerState
2019-10-15 14:16:34,556 [grpc-default-executor-4] INFO  impl.RoleInfo (RoleInfo.java:shutdownFollowerState(121)) - 350dd957-6baf-44a5-98e5-a3496d7a986b: shutdown FollowerState
2019-10-15 14:16:34,557 [Thread-1022] INFO  impl.FollowerState (FollowerState.java:run(117)) - 2ac0d02e-9e70-4102-8ecc-87abf8a9c7ab@group-F1BA4E877FDC-FollowerState was interrupted: java.lang.InterruptedException: sleep interrupted
2019-10-15 14:16:34,557 [Thread-1023] INFO  impl.FollowerState (FollowerState.java:run(117)) - 350dd957-6baf-44a5-98e5-a3496d7a986b@group-F1BA4E877FDC-FollowerState was interrupted: java.lang.InterruptedException: sleep interrupted
2019-10-15 14:16:34,557 [grpc-default-executor-0] INFO  impl.RoleInfo (RoleInfo.java:updateAndGet(143)) - 2ac0d02e-9e70-4102-8ecc-87abf8a9c7ab: start FollowerState
2019-10-15 14:16:34,557 [grpc-default-executor-4] INFO  impl.RoleInfo (RoleInfo.java:updateAndGet(143)) - 350dd957-6baf-44a5-98e5-a3496d7a986b: start FollowerState
2019-10-15 14:16:34,581 [4e1c66a4-792a-4350-b244-4dedea3f57a8@group-F1BA4E877FDC-LeaderElection68] INFO  impl.LeaderElection (LeaderElection.java:logAndReturn(56)) - 4e1c66a4-792a-4350-b244-4dedea3f57a8@group-F1BA4E877FDC-LeaderElection68: Election REJECTED; received 2 response(s) [4e1c66a4-792a-4350-b244-4dedea3f57a8<-2ac0d02e-9e70-4102-8ecc-87abf8a9c7ab#0:FAIL-t25, 4e1c66a4-792a-4350-b244-4dedea3f57a8<-350dd957-6baf-44a5-98e5-a3496d7a986b#0:FAIL-t25] and 0 exception(s); 4e1c66a4-792a-4350-b244-4dedea3f57a8@group-F1BA4E877FDC:t25, leader=null, voted=4e1c66a4-792a-4350-b244-4dedea3f57a8, raftlog=4e1c66a4-792a-4350-b244-4dedea3f57a8@group-F1BA4E877FDC-SegmentedRaftLog:OPENED:c-1,f-1,i0, conf=-1: [2ac0d02e-9e70-4102-8ecc-87abf8a9c7ab:192.168.164.232:40013, 4e1c66a4-792a-4350-b244-4dedea3f57a8:192.168.164.232:41177, 350dd957-6baf-44a5-98e5-a3496d7a986b:192.168.164.232:34256], old=null
2019-10-15 14:16:34,581 [4e1c66a4-792a-4350-b244-4dedea3f57a8@group-F1BA4E877FDC-LeaderElection68] INFO  impl.RaftServerImpl (RaftServerImpl.java:setRole(184)) - 4e1c66a4-792a-4350-b244-4dedea3f57a8@group-F1BA4E877FDC: changes role from CANDIDATE to FOLLOWER at term 25 for DISCOVERED_A_NEW_TERM
2019-10-15 14:16:34,582 [4e1c66a4-792a-4350-b244-4dedea3f57a8@group-F1BA4E877FDC-LeaderElection68] INFO  impl.RoleInfo (RoleInfo.java:shutdownLeaderElection(134)) - 4e1c66a4-792a-4350-b244-4dedea3f57a8: shutdown LeaderElection
2019-10-15 14:16:34,582 [4e1c66a4-792a-4350-b244-4dedea3f57a8@group-F1BA4E877FDC-LeaderElection68] INFO  impl.RoleInfo (RoleInfo.java:updateAndGet(143)) - 4e1c66a4-792a-4350-b244-4dedea3f57a8: start FollowerState
2019-10-15 14:16:34,655 [Thread-1037] INFO  impl.FollowerState (FollowerState.java:run(108)) - 4e1c66a4-792a-4350-b244-4dedea3f57a8@group-F1BA4E877FDC-FollowerState: change to CANDIDATE, lastRpcTime:73ms, electionTimeout:73ms
2019-10-15 14:16:34,655 [Thread-1037] INFO  impl.RoleInfo (RoleInfo.java:shutdownFollowerState(121)) - 4e1c66a4-792a-4350-b244-4dedea3f57a8: shutdown FollowerState
2019-10-15 14:16:34,655 [Thread-1037] INFO  impl.RaftServerImpl (RaftServerImpl.java:setRole(184)) - 4e1c66a4-792a-4350-b244-4dedea3f57a8@group-F1BA4E877FDC: changes role from  FOLLOWER to CANDIDATE at term 25 for changeToCandidate
2019-10-15 14:16:34,655 [Thread-1037] INFO  impl.RoleInfo (RoleInfo.java:updateAndGet(143)) - 4e1c66a4-792a-4350-b244-4dedea3f57a8: start LeaderElection
2019-10-15 14:16:34,665 [Thread-1031] INFO  impl.FollowerState (FollowerState.java:run(108)) - 4e1c66a4-792a-4350-b244-4dedea3f57a8@group-488DD1D6D11B-FollowerState: change to CANDIDATE, lastRpcTime:185ms, electionTimeout:185ms
2019-10-15 14:16:34,665 [Thread-1031] INFO  impl.RoleInfo (RoleInfo.java:shutdownFollowerState(121)) - 4e1c66a4-792a-4350-b244-4dedea3f57a8: shutdown FollowerState
2019-10-15 14:16:34,665 [Thread-1031] INFO  impl.RaftServerImpl (RaftServerImpl.java:setRole(184)) - 4e1c66a4-792a-4350-b244-4dedea3f57a8@group-488DD1D6D11B: changes role from  FOLLOWER to CANDIDATE at term 48 for changeToCandidate
2019-10-15 14:16:34,665 [Thread-1031] INFO  impl.RoleInfo (RoleInfo.java:updateAndGet(143)) - 4e1c66a4-792a-4350-b244-4dedea3f57a8: start LeaderElection
2019-10-15 14:16:34,681 [4e1c66a4-792a-4350-b244-4dedea3f57a8@group-488DD1D6D11B-LeaderElection70] INFO  impl.LeaderElection (LeaderElection.java:askForVotes(178)) - 4e1c66a4-792a-4350-b244-4dedea3f57a8@group-488DD1D6D11B-LeaderElection70: begin an election at term 49 for 0: [2ac0d02e-9e70-4102-8ecc-87abf8a9c7ab:192.168.164.232:40013, 4e1c66a4-792a-4350-b244-4dedea3f57a8:192.168.164.232:41177, 350dd957-6baf-44a5-98e5-a3496d7a986b:192.168.164.232:34256], old=null
2019-10-15 14:16:34,681 [4e1c66a4-792a-4350-b244-4dedea3f57a8@group-F1BA4E877FDC-LeaderElection69] INFO  impl.LeaderElection (LeaderElection.java:askForVotes(178)) - 4e1c66a4-792a-4350-b244-4dedea3f57a8@group-F1BA4E877FDC-LeaderElection69: begin an election at term 26 for -1: [2ac0d02e-9e70-4102-8ecc-87abf8a9c7ab:192.168.164.232:40013, 4e1c66a4-792a-4350-b244-4dedea3f57a8:192.168.164.232:41177, 350dd957-6baf-44a5-98e5-a3496d7a986b:192.168.164.232:34256], old=null
2019-10-15 14:16:34,684 [grpc-default-executor-4] INFO  impl.RaftServerImpl (RaftServerImpl.java:setRole(184)) - 350dd957-6baf-44a5-98e5-a3496d7a986b@group-488DD1D6D11B: changes role from  FOLLOWER to FOLLOWER at term 49 for recognizeCandidate:4e1c66a4-792a-4350-b244-4dedea3f57a8
2019-10-15 14:16:34,684 [grpc-default-executor-6] INFO  impl.RaftServerImpl (RaftServerImpl.java:setRole(184)) - 2ac0d02e-9e70-4102-8ecc-87abf8a9c7ab@group-488DD1D6D11B: changes role from  FOLLOWER to FOLLOWER at term 49 for recognizeCandidate:4e1c66a4-792a-4350-b244-4dedea3f57a8
2019-10-15 14:16:34,684 [grpc-default-executor-6] INFO  impl.RoleInfo (RoleInfo.java:shutdownFollowerState(121)) - 2ac0d02e-9e70-4102-8ecc-87abf8a9c7ab: shutdown FollowerState
2019-10-15 14:16:34,684 [grpc-default-executor-1] INFO  impl.RaftServerImpl (RaftServerImpl.java:setRole(184)) - 2ac0d02e-9e70-4102-8ecc-87abf8a9c7ab@group-F1BA4E877FDC: changes role from  FOLLOWER to FOLLOWER at term 26 for recognizeCandidate:4e1c66a4-792a-4350-b244-4dedea3f57a8
2019-10-15 14:16:34,684 [grpc-default-executor-0] INFO  impl.RaftServerImpl (RaftServerImpl.java:setRole(184)) - 350dd957-6baf-44a5-98e5-a3496d7a986b@group-F1BA4E877FDC: changes role from  FOLLOWER to FOLLOWER at term 26 for recognizeCandidate:4e1c66a4-792a-4350-b244-4dedea3f57a8
2019-10-15 14:16:34,684 [grpc-default-executor-1] INFO  impl.RoleInfo (RoleInfo.java:shutdownFollowerState(121)) - 2ac0d02e-9e70-4102-8ecc-87abf8a9c7ab: shutdown FollowerState
2019-10-15 14:16:34,684 [Thread-1028] INFO  impl.FollowerState (FollowerState.java:run(117)) - 2ac0d02e-9e70-4102-8ecc-87abf8a9c7ab@group-488DD1D6D11B-FollowerState was interrupted: java.lang.InterruptedException: sleep interrupted
2019-10-15 14:16:34,684 [grpc-default-executor-6] INFO  impl.RoleInfo (RoleInfo.java:updateAndGet(143)) - 2ac0d02e-9e70-4102-8ecc-87abf8a9c7ab: start FollowerState
2019-10-15 14:16:34,684 [grpc-default-executor-4] INFO  impl.RoleInfo (RoleInfo.java:shutdownFollowerState(121)) - 350dd957-6baf-44a5-98e5-a3496d7a986b: shutdown FollowerState
2019-10-15 14:16:34,684 [Thread-1035] INFO  impl.FollowerState (FollowerState.java:run(117)) - 2ac0d02e-9e70-4102-8ecc-87abf8a9c7ab@group-F1BA4E877FDC-FollowerState was interrupted: java.lang.InterruptedException: sleep interrupted
2019-10-15 14:16:34,684 [grpc-default-executor-1] INFO  impl.RoleInfo (RoleInfo.java:updateAndGet(143)) - 2ac0d02e-9e70-4102-8ecc-87abf8a9c7ab: start FollowerState
2019-10-15 14:16:34,684 [grpc-default-executor-0] INFO  impl.RoleInfo (RoleInfo.java:shutdownFollowerState(121)) - 350dd957-6baf-44a5-98e5-a3496d7a986b: shutdown FollowerState
2019-10-15 14:16:34,685 [Thread-1029] INFO  impl.FollowerState (FollowerState.java:run(117)) - 350dd957-6baf-44a5-98e5-a3496d7a986b@group-488DD1D6D11B-FollowerState was interrupted: java.lang.InterruptedException: sleep interrupted
2019-10-15 14:16:34,685 [grpc-default-executor-4] INFO  impl.RoleInfo (RoleInfo.java:updateAndGet(143)) - 350dd957-6baf-44a5-98e5-a3496d7a986b: start FollowerState
2019-10-15 14:16:34,685 [grpc-default-executor-0] INFO  impl.RoleInfo (RoleInfo.java:updateAndGet(143)) - 350dd957-6baf-44a5-98e5-a3496d7a986b: start FollowerState
2019-10-15 14:16:34,685 [Thread-1036] INFO  impl.FollowerState (FollowerState.java:run(117)) - 350dd957-6baf-44a5-98e5-a3496d7a986b@group-F1BA4E877FDC-FollowerState was interrupted: java.lang.InterruptedException: sleep interrupted
2019-10-15 14:16:34,694 [4e1c66a4-792a-4350-b244-4dedea3f57a8@group-F1BA4E877FDC-LeaderElection69] INFO  impl.LeaderElection (LeaderElection.java:logAndReturn(56)) - 4e1c66a4-792a-4350-b244-4dedea3f57a8@group-F1BA4E877FDC-LeaderElection69: Election TIMEOUT; received 0 response(s) [] and 0 exception(s); 4e1c66a4-792a-4350-b244-4dedea3f57a8@group-F1BA4E877FDC:t26, leader=null, voted=4e1c66a4-792a-4350-b244-4dedea3f57a8, raftlog=4e1c66a4-792a-4350-b244-4dedea3f57a8@group-F1BA4E877FDC-SegmentedRaftLog:OPENED:c-1,f-1,i0, conf=-1: [2ac0d02e-9e70-4102-8ecc-87abf8a9c7ab:192.168.164.232:40013, 4e1c66a4-792a-4350-b244-4dedea3f57a8:192.168.164.232:41177, 350dd957-6baf-44a5-98e5-a3496d7a986b:192.168.164.232:34256], old=null
2019-10-15 14:16:34,706 [4e1c66a4-792a-4350-b244-4dedea3f57a8@group-F1BA4E877FDC-LeaderElection69] INFO  impl.LeaderElection (LeaderElection.java:askForVotes(178)) - 4e1c66a4-792a-4350-b244-4dedea3f57a8@group-F1BA4E877FDC-LeaderElection69: begin an election at term 27 for -1: [2ac0d02e-9e70-4102-8ecc-87abf8a9c7ab:192.168.164.232:40013, 4e1c66a4-792a-4350-b244-4dedea3f57a8:192.168.164.232:41177, 350dd957-6baf-44a5-98e5-a3496d7a986b:192.168.164.232:34256], old=null
2019-10-15 14:16:34,708 [4e1c66a4-792a-4350-b244-4dedea3f57a8@group-488DD1D6D11B-LeaderElection70] INFO  impl.LeaderElection (LeaderElection.java:logAndReturn(56)) - 4e1c66a4-792a-4350-b244-4dedea3f57a8@group-488DD1D6D11B-LeaderElection70: Election REJECTED; received 2 response(s) [4e1c66a4-792a-4350-b244-4dedea3f57a8<-2ac0d02e-9e70-4102-8ecc-87abf8a9c7ab#0:FAIL-t49, 4e1c66a4-792a-4350-b244-4dedea3f57a8<-350dd957-6baf-44a5-98e5-a3496d7a986b#0:FAIL-t49] and 0 exception(s); 4e1c66a4-792a-4350-b244-4dedea3f57a8@group-488DD1D6D11B:t49, leader=null, voted=4e1c66a4-792a-4350-b244-4dedea3f57a8, raftlog=4e1c66a4-792a-4350-b244-4dedea3f57a8@group-488DD1D6D11B-SegmentedRaftLog:OPENED:c3,f4,i4, conf=0: [2ac0d02e-9e70-4102-8ecc-87abf8a9c7ab:192.168.164.232:40013, 4e1c66a4-792a-4350-b244-4dedea3f57a8:192.168.164.232:41177, 350dd957-6baf-44a5-98e5-a3496d7a986b:192.168.164.232:34256], old=null
2019-10-15 14:16:34,708 [4e1c66a4-792a-4350-b244-4dedea3f57a8@group-488DD1D6D11B-LeaderElection70] INFO  impl.RaftServerImpl (RaftServerImpl.java:setRole(184)) - 4e1c66a4-792a-4350-b244-4dedea3f57a8@group-488DD1D6D11B: changes role from CANDIDATE to FOLLOWER at term 49 for DISCOVERED_A_NEW_TERM
2019-10-15 14:16:34,708 [4e1c66a4-792a-4350-b244-4dedea3f57a8@group-488DD1D6D11B-LeaderElection70] INFO  impl.RoleInfo (RoleInfo.java:shutdownLeaderElection(134)) - 4e1c66a4-792a-4350-b244-4dedea3f57a8: shutdown LeaderElection
2019-10-15 14:16:34,708 [grpc-default-executor-0] INFO  impl.RaftServerImpl (RaftServerImpl.java:setRole(184)) - 2ac0d02e-9e70-4102-8ecc-87abf8a9c7ab@group-F1BA4E877FDC: changes role from  FOLLOWER to FOLLOWER at term 27 for recognizeCandidate:4e1c66a4-792a-4350-b244-4dedea3f57a8
2019-10-15 14:16:34,708 [4e1c66a4-792a-4350-b244-4dedea3f57a8@group-488DD1D6D11B-LeaderElection70] INFO  impl.RoleInfo (RoleInfo.java:updateAndGet(143)) - 4e1c66a4-792a-4350-b244-4dedea3f57a8: start FollowerState
2019-10-15 14:16:34,709 [grpc-default-executor-0] INFO  impl.RoleInfo (RoleInfo.java:shutdownFollowerState(121)) - 2ac0d02e-9e70-4102-8ecc-87abf8a9c7ab: shutdown FollowerState
2019-10-15 14:16:34,709 [grpc-default-executor-1] INFO  impl.RaftServerImpl (RaftServerImpl.java:setRole(184)) - 350dd957-6baf-44a5-98e5-a3496d7a986b@group-F1BA4E877FDC: changes role from  FOLLOWER to FOLLOWER at term 27 for recognizeCandidate:4e1c66a4-792a-4350-b244-4dedea3f57a8
2019-10-15 14:16:34,709 [Thread-1045] INFO  impl.FollowerState (FollowerState.java:run(117)) - 2ac0d02e-9e70-4102-8ecc-87abf8a9c7ab@group-F1BA4E877FDC-FollowerState was interrupted: java.lang.InterruptedException: sleep interrupted
2019-10-15 14:16:34,709 [grpc-default-executor-0] INFO  impl.RoleInfo (RoleInfo.java:updateAndGet(143)) - 2ac0d02e-9e70-4102-8ecc-87abf8a9c7ab: start FollowerState
2019-10-15 14:16:34,709 [grpc-default-executor-1] INFO  impl.RoleInfo (RoleInfo.java:shutdownFollowerState(121)) - 350dd957-6baf-44a5-98e5-a3496d7a986b: shutdown FollowerState
2019-10-15 14:16:34,709 [grpc-default-executor-1] INFO  impl.RoleInfo (RoleInfo.java:updateAndGet(143)) - 350dd957-6baf-44a5-98e5-a3496d7a986b: start FollowerState
2019-10-15 14:16:34,709 [Thread-1047] INFO  impl.FollowerState (FollowerState.java:run(117)) - 350dd957-6baf-44a5-98e5-a3496d7a986b@group-F1BA4E877FDC-FollowerState was interrupted: java.lang.InterruptedException: sleep interrupted
2019-10-15 14:16:34,725 [4e1c66a4-792a-4350-b244-4dedea3f57a8@group-F1BA4E877FDC-LeaderElection69] INFO  impl.LeaderElection (LeaderElection.java:logAndReturn(56)) - 4e1c66a4-792a-4350-b244-4dedea3f57a8@group-F1BA4E877FDC-LeaderElection69: Election TIMEOUT; received 0 response(s) [] and 0 exception(s); 4e1c66a4-792a-4350-b244-4dedea3f57a8@group-F1BA4E877FDC:t27, leader=null, voted=4e1c66a4-792a-4350-b244-4dedea3f57a8, raftlog=4e1c66a4-792a-4350-b244-4dedea3f57a8@group-F1BA4E877FDC-SegmentedRaftLog:OPENED:c-1,f-1,i0, conf=-1: [2ac0d02e-9e70-4102-8ecc-87abf8a9c7ab:192.168.164.232:40013, 4e1c66a4-792a-4350-b244-4dedea3f57a8:192.168.164.232:41177, 350dd957-6baf-44a5-98e5-a3496d7a986b:192.168.164.232:34256], old=null
2019-10-15 14:16:34,741 [4e1c66a4-792a-4350-b244-4dedea3f57a8@group-F1BA4E877FDC-LeaderElection69] INFO  impl.LeaderElection (LeaderElection.java:askForVotes(178)) - 4e1c66a4-792a-4350-b244-4dedea3f57a8@group-F1BA4E877FDC-LeaderElection69: begin an election at term 28 for -1: [2ac0d02e-9e70-4102-8ecc-87abf8a9c7ab:192.168.164.232:40013, 4e1c66a4-792a-4350-b244-4dedea3f57a8:192.168.164.232:41177, 350dd957-6baf-44a5-98e5-a3496d7a986b:192.168.164.232:34256], old=null
2019-10-15 14:16:34,743 [grpc-default-executor-0] INFO  impl.RaftServerImpl (RaftServerImpl.java:setRole(184)) - 350dd957-6baf-44a5-98e5-a3496d7a986b@group-F1BA4E877FDC: changes role from  FOLLOWER to FOLLOWER at term 28 for recognizeCandidate:4e1c66a4-792a-4350-b244-4dedea3f57a8
2019-10-15 14:16:34,743 [grpc-default-executor-1] INFO  impl.RaftServerImpl (RaftServerImpl.java:setRole(184)) - 2ac0d02e-9e70-4102-8ecc-87abf8a9c7ab@group-F1BA4E877FDC: changes role from  FOLLOWER to FOLLOWER at term 28 for recognizeCandidate:4e1c66a4-792a-4350-b244-4dedea3f57a8
2019-10-15 14:16:34,743 [grpc-default-executor-0] INFO  impl.RoleInfo (RoleInfo.java:shutdownFollowerState(121)) - 350dd957-6baf-44a5-98e5-a3496d7a986b: shutdown FollowerState
2019-10-15 14:16:34,743 [grpc-default-executor-1] INFO  impl.RoleInfo (RoleInfo.java:shutdownFollowerState(121)) - 2ac0d02e-9e70-4102-8ecc-87abf8a9c7ab: shutdown FollowerState
2019-10-15 14:16:34,743 [Thread-1052] INFO  impl.FollowerState (FollowerState.java:run(117)) - 350dd957-6baf-44a5-98e5-a3496d7a986b@group-F1BA4E877FDC-FollowerState was interrupted: java.lang.InterruptedException: sleep interrupted
2019-10-15 14:16:34,744 [Thread-1051] INFO  impl.FollowerState (FollowerState.java:run(117)) - 2ac0d02e-9e70-4102-8ecc-87abf8a9c7ab@group-F1BA4E877FDC-FollowerState was interrupted: java.lang.InterruptedException: sleep interrupted
2019-10-15 14:16:34,743 [grpc-default-executor-0] INFO  impl.RoleInfo (RoleInfo.java:updateAndGet(143)) - 350dd957-6baf-44a5-98e5-a3496d7a986b: start FollowerState
2019-10-15 14:16:34,744 [grpc-default-executor-1] INFO  impl.RoleInfo (RoleInfo.java:updateAndGet(143)) - 2ac0d02e-9e70-4102-8ecc-87abf8a9c7ab: start FollowerState
2019-10-15 14:16:34,744 [Thread-1050] INFO  impl.FollowerState (FollowerState.java:run(108)) - 4e1c66a4-792a-4350-b244-4dedea3f57a8@group-488DD1D6D11B-FollowerState: change to CANDIDATE, lastRpcTime:35ms, electionTimeout:35ms
2019-10-15 14:16:34,744 [Thread-1050] INFO  impl.RoleInfo (RoleInfo.java:shutdownFollowerState(121)) - 4e1c66a4-792a-4350-b244-4dedea3f57a8: shutdown FollowerState
2019-10-15 14:16:34,744 [Thread-1050] INFO  impl.RaftServerImpl (RaftServerImpl.java:setRole(184)) - 4e1c66a4-792a-4350-b244-4dedea3f57a8@group-488DD1D6D11B: changes role from  FOLLOWER to CANDIDATE at term 49 for changeToCandidate
2019-10-15 14:16:34,744 [Thread-1050] INFO  impl.RoleInfo (RoleInfo.java:updateAndGet(143)) - 4e1c66a4-792a-4350-b244-4dedea3f57a8: start LeaderElection
2019-10-15 14:16:34,767 [4e1c66a4-792a-4350-b244-4dedea3f57a8@group-488DD1D6D11B-LeaderElection71] INFO  impl.LeaderElection (LeaderElection.java:askForVotes(178)) - 4e1c66a4-792a-4350-b244-4dedea3f57a8@group-488DD1D6D11B-LeaderElection71: begin an election at term 50 for 0: [2ac0d02e-9e70-4102-8ecc-87abf8a9c7ab:192.168.164.232:40013, 4e1c66a4-792a-4350-b244-4dedea3f57a8:192.168.164.232:41177, 350dd957-6baf-44a5-98e5-a3496d7a986b:192.168.164.232:34256], old=null
2019-10-15 14:16:34,768 [4e1c66a4-792a-4350-b244-4dedea3f57a8@group-F1BA4E877FDC-LeaderElection69] INFO  impl.LeaderElection (LeaderElection.java:logAndReturn(56)) - 4e1c66a4-792a-4350-b244-4dedea3f57a8@group-F1BA4E877FDC-LeaderElection69: Election REJECTED; received 2 response(s) [4e1c66a4-792a-4350-b244-4dedea3f57a8<-2ac0d02e-9e70-4102-8ecc-87abf8a9c7ab#0:FAIL-t28, 4e1c66a4-792a-4350-b244-4dedea3f57a8<-350dd957-6baf-44a5-98e5-a3496d7a986b#0:FAIL-t28] and 0 exception(s); 4e1c66a4-792a-4350-b244-4dedea3f57a8@group-F1BA4E877FDC:t28, leader=null, voted=4e1c66a4-792a-4350-b244-4dedea3f57a8, raftlog=4e1c66a4-792a-4350-b244-4dedea3f57a8@group-F1BA4E877FDC-SegmentedRaftLog:OPENED:c-1,f-1,i0, conf=-1: [2ac0d02e-9e70-4102-8ecc-87abf8a9c7ab:192.168.164.232:40013, 4e1c66a4-792a-4350-b244-4dedea3f57a8:192.168.164.232:41177, 350dd957-6baf-44a5-98e5-a3496d7a986b:192.168.164.232:34256], old=null
2019-10-15 14:16:34,768 [4e1c66a4-792a-4350-b244-4dedea3f57a8@group-F1BA4E877FDC-LeaderElection69] INFO  impl.RaftServerImpl (RaftServerImpl.java:setRole(184)) - 4e1c66a4-792a-4350-b244-4dedea3f57a8@group-F1BA4E877FDC: changes role from CANDIDATE to FOLLOWER at term 28 for DISCOVERED_A_NEW_TERM
2019-10-15 14:16:34,768 [4e1c66a4-792a-4350-b244-4dedea3f57a8@group-F1BA4E877FDC-LeaderElection69] INFO  impl.RoleInfo (RoleInfo.java:shutdownLeaderElection(134)) - 4e1c66a4-792a-4350-b244-4dedea3f57a8: shutdown LeaderElection
2019-10-15 14:16:34,768 [grpc-default-executor-0] INFO  impl.RaftServerImpl (RaftServerImpl.java:setRole(184)) - 2ac0d02e-9e70-4102-8ecc-87abf8a9c7ab@group-488DD1D6D11B: changes role from  FOLLOWER to FOLLOWER at term 50 for recognizeCandidate:4e1c66a4-792a-4350-b244-4dedea3f57a8
2019-10-15 14:16:34,769 [4e1c66a4-792a-4350-b244-4dedea3f57a8@group-F1BA4E877FDC-LeaderElection69] INFO  impl.RoleInfo (RoleInfo.java:updateAndGet(143)) - 4e1c66a4-792a-4350-b244-4dedea3f57a8: start FollowerState
2019-10-15 14:16:34,769 [grpc-default-executor-1] INFO  impl.RaftServerImpl (RaftServerImpl.java:setRole(184)) - 350dd957-6baf-44a5-98e5-a3496d7a986b@group-488DD1D6D11B: changes role from  FOLLOWER to FOLLOWER at term 50 for recognizeCandidate:4e1c66a4-792a-4350-b244-4dedea3f57a8
2019-10-15 14:16:34,769 [grpc-default-executor-0] INFO  impl.RoleInfo (RoleInfo.java:shutdownFollowerState(121)) - 2ac0d02e-9e70-4102-8ecc-87abf8a9c7ab: shutdown FollowerState
2019-10-15 14:16:34,769 [grpc-default-executor-1] INFO  impl.RoleInfo (RoleInfo.java:shutdownFollowerState(121)) - 350dd957-6baf-44a5-98e5-a3496d7a986b: shutdown FollowerState
2019-10-15 14:16:34,769 [grpc-default-executor-0] INFO  impl.RoleInfo (RoleInfo.java:updateAndGet(143)) - 2ac0d02e-9e70-4102-8ecc-87abf8a9c7ab: start FollowerState
2019-10-15 14:16:34,769 [Thread-1044] INFO  impl.FollowerState (FollowerState.java:run(117)) - 2ac0d02e-9e70-4102-8ecc-87abf8a9c7ab@group-488DD1D6D11B-FollowerState was interrupted: java.lang.InterruptedException: sleep interrupted
2019-10-15 14:16:34,769 [grpc-default-executor-1] INFO  impl.RoleInfo (RoleInfo.java:updateAndGet(143)) - 350dd957-6baf-44a5-98e5-a3496d7a986b: start FollowerState
2019-10-15 14:16:34,769 [Thread-1046] INFO  impl.FollowerState (FollowerState.java:run(117)) - 350dd957-6baf-44a5-98e5-a3496d7a986b@group-488DD1D6D11B-FollowerState was interrupted: java.lang.InterruptedException: sleep interrupted
2019-10-15 14:16:34,794 [4e1c66a4-792a-4350-b244-4dedea3f57a8@group-488DD1D6D11B-LeaderElection71] INFO  impl.LeaderElection (LeaderElection.java:logAndReturn(56)) - 4e1c66a4-792a-4350-b244-4dedea3f57a8@group-488DD1D6D11B-LeaderElection71: Election REJECTED; received 2 response(s) [4e1c66a4-792a-4350-b244-4dedea3f57a8<-2ac0d02e-9e70-4102-8ecc-87abf8a9c7ab#0:FAIL-t50, 4e1c66a4-792a-4350-b244-4dedea3f57a8<-350dd957-6baf-44a5-98e5-a3496d7a986b#0:FAIL-t50] and 0 exception(s); 4e1c66a4-792a-4350-b244-4dedea3f57a8@group-488DD1D6D11B:t50, leader=null, voted=4e1c66a4-792a-4350-b244-4dedea3f57a8, raftlog=4e1c66a4-792a-4350-b244-4dedea3f57a8@group-488DD1D6D11B-SegmentedRaftLog:OPENED:c3,f4,i4, conf=0: [2ac0d02e-9e70-4102-8ecc-87abf8a9c7ab:192.168.164.232:40013, 4e1c66a4-792a-4350-b244-4dedea3f57a8:192.168.164.232:41177, 350dd957-6baf-44a5-98e5-a3496d7a986b:192.168.164.232:34256], old=null
2019-10-15 14:16:34,794 [4e1c66a4-792a-4350-b244-4dedea3f57a8@group-488DD1D6D11B-LeaderElection71] INFO  impl.RaftServerImpl (RaftServerImpl.java:setRole(184)) - 4e1c66a4-792a-4350-b244-4dedea3f57a8@group-488DD1D6D11B: changes role from CANDIDATE to FOLLOWER at term 50 for DISCOVERED_A_NEW_TERM
2019-10-15 14:16:34,794 [4e1c66a4-792a-4350-b244-4dedea3f57a8@group-488DD1D6D11B-LeaderElection71] INFO  impl.RoleInfo (RoleInfo.java:shutdownLeaderElection(134)) - 4e1c66a4-792a-4350-b244-4dedea3f57a8: shutdown LeaderElection
2019-10-15 14:16:34,794 [4e1c66a4-792a-4350-b244-4dedea3f57a8@group-488DD1D6D11B-LeaderElection71] INFO  impl.RoleInfo (RoleInfo.java:updateAndGet(143)) - 4e1c66a4-792a-4350-b244-4dedea3f57a8: start FollowerState
2019-10-15 14:16:34,809 [Thread-1065] INFO  client.GrpcClientProtocolService (GrpcClientProtocolService.java:lambda$processClientRequest$0(278)) - Failed RaftClientRequest:client-E8AF2CDF2BB3->2ac0d02e-9e70-4102-8ecc-87abf8a9c7ab@group-488DD1D6D11B, cid=10, seq=0, Watch-ALL_COMMITTED(6), Message:<EMPTY>, reply=RaftClientReply:client-E8AF2CDF2BB3->2ac0d02e-9e70-4102-8ecc-87abf8a9c7ab@group-488DD1D6D11B, cid=10, FAILED org.apache.ratis.protocol.NotLeaderException: Server 2ac0d02e-9e70-4102-8ecc-87abf8a9c7ab@group-488DD1D6D11B is not the leader, logIndex=0, commits[2ac0d02e-9e70-4102-8ecc-87abf8a9c7ab:c10, 4e1c66a4-792a-4350-b244-4dedea3f57a8:c4, 350dd957-6baf-44a5-98e5-a3496d7a986b:c10]
2019-10-15 14:16:34,873 [Thread-1063] INFO  impl.FollowerState (FollowerState.java:run(108)) - 4e1c66a4-792a-4350-b244-4dedea3f57a8@group-488DD1D6D11B-FollowerState: change to CANDIDATE, lastRpcTime:79ms, electionTimeout:79ms
2019-10-15 14:16:34,874 [Thread-1063] INFO  impl.RoleInfo (RoleInfo.java:shutdownFollowerState(121)) - 4e1c66a4-792a-4350-b244-4dedea3f57a8: shutdown FollowerState
2019-10-15 14:16:34,874 [Thread-1063] INFO  impl.RaftServerImpl (RaftServerImpl.java:setRole(184)) - 4e1c66a4-792a-4350-b244-4dedea3f57a8@group-488DD1D6D11B: changes role from  FOLLOWER to CANDIDATE at term 50 for changeToCandidate
2019-10-15 14:16:34,874 [Thread-1063] INFO  impl.RoleInfo (RoleInfo.java:updateAndGet(143)) - 4e1c66a4-792a-4350-b244-4dedea3f57a8: start LeaderElection
2019-10-15 14:16:34,902 [4e1c66a4-792a-4350-b244-4dedea3f57a8@group-488DD1D6D11B-LeaderElection72] INFO  impl.LeaderElection (LeaderElection.java:askForVotes(178)) - 4e1c66a4-792a-4350-b244-4dedea3f57a8@group-488DD1D6D11B-LeaderElection72: begin an election at term 51 for 0: [2ac0d02e-9e70-4102-8ecc-87abf8a9c7ab:192.168.164.232:40013, 4e1c66a4-792a-4350-b244-4dedea3f57a8:192.168.164.232:41177, 350dd957-6baf-44a5-98e5-a3496d7a986b:192.168.164.232:34256], old=null
2019-10-15 14:16:34,904 [grpc-default-executor-1] INFO  impl.RaftServerImpl (RaftServerImpl.java:setRole(184)) - 2ac0d02e-9e70-4102-8ecc-87abf8a9c7ab@group-488DD1D6D11B: changes role from  FOLLOWER to FOLLOWER at term 51 for recognizeCandidate:4e1c66a4-792a-4350-b244-4dedea3f57a8
2019-10-15 14:16:34,904 [grpc-default-executor-0] INFO  impl.RaftServerImpl (RaftServerImpl.java:setRole(184)) - 350dd957-6baf-44a5-98e5-a3496d7a986b@group-488DD1D6D11B: changes role from  FOLLOWER to FOLLOWER at term 51 for recognizeCandidate:4e1c66a4-792a-4350-b244-4dedea3f57a8
2019-10-15 14:16:34,905 [grpc-default-executor-1] INFO  impl.RoleInfo (RoleInfo.java:shutdownFollowerState(121)) - 2ac0d02e-9e70-4102-8ecc-87abf8a9c7ab: shutdown FollowerState
2019-10-15 14:16:34,905 [grpc-default-executor-0] INFO  impl.RoleInfo (RoleInfo.java:shutdownFollowerState(121)) - 350dd957-6baf-44a5-98e5-a3496d7a986b: shutdown FollowerState
2019-10-15 14:16:34,905 [Thread-1061] INFO  impl.FollowerState (FollowerState.java:run(117)) - 2ac0d02e-9e70-4102-8ecc-87abf8a9c7ab@group-488DD1D6D11B-FollowerState was interrupted: java.lang.InterruptedException: sleep interrupted
2019-10-15 14:16:34,905 [grpc-default-executor-1] INFO  impl.RoleInfo (RoleInfo.java:updateAndGet(143)) - 2ac0d02e-9e70-4102-8ecc-87abf8a9c7ab: start FollowerState
2019-10-15 14:16:34,905 [grpc-default-executor-0] INFO  impl.RoleInfo (RoleInfo.java:updateAndGet(143)) - 350dd957-6baf-44a5-98e5-a3496d7a986b: start FollowerState
2019-10-15 14:16:34,905 [Thread-1062] INFO  impl.FollowerState (FollowerState.java:run(117)) - 350dd957-6baf-44a5-98e5-a3496d7a986b@group-488DD1D6D11B-FollowerState was interrupted: java.lang.InterruptedException: sleep interrupted
2019-10-15 14:16:34,928 [Thread-1060] INFO  impl.FollowerState (FollowerState.java:run(108)) - 4e1c66a4-792a-4350-b244-4dedea3f57a8@group-F1BA4E877FDC-FollowerState: change to CANDIDATE, lastRpcTime:159ms, electionTimeout:159ms
2019-10-15 14:16:34,928 [Thread-1060] INFO  impl.RoleInfo (RoleInfo.java:shutdownFollowerState(121)) - 4e1c66a4-792a-4350-b244-4dedea3f57a8: shutdown FollowerState
2019-10-15 14:16:34,929 [Thread-1060] INFO  impl.RaftServerImpl (RaftServerImpl.java:setRole(184)) - 4e1c66a4-792a-4350-b244-4dedea3f57a8@group-F1BA4E877FDC: changes role from  FOLLOWER to CANDIDATE at term 28 for changeToCandidate
2019-10-15 14:16:34,929 [4e1c66a4-792a-4350-b244-4dedea3f57a8@group-488DD1D6D11B-LeaderElection72] INFO  impl.LeaderElection (LeaderElection.java:logAndReturn(56)) - 4e1c66a4-792a-4350-b244-4dedea3f57a8@group-488DD1D6D11B-LeaderElection72: Election REJECTED; received 2 response(s) [4e1c66a4-792a-4350-b244-4dedea3f57a8<-2ac0d02e-9e70-4102-8ecc-87abf8a9c7ab#0:FAIL-t51, 4e1c66a4-792a-4350-b244-4dedea3f57a8<-350dd957-6baf-44a5-98e5-a3496d7a986b#0:FAIL-t51] and 0 exception(s); 4e1c66a4-792a-4350-b244-4dedea3f57a8@group-488DD1D6D11B:t51, leader=null, voted=4e1c66a4-792a-4350-b244-4dedea3f57a8, raftlog=4e1c66a4-792a-4350-b244-4dedea3f57a8@group-488DD1D6D11B-SegmentedRaftLog:OPENED:c3,f4,i4, conf=0: [2ac0d02e-9e70-4102-8ecc-87abf8a9c7ab:192.168.164.232:40013, 4e1c66a4-792a-4350-b244-4dedea3f57a8:192.168.164.232:41177, 350dd957-6baf-44a5-98e5-a3496d7a986b:192.168.164.232:34256], old=null
2019-10-15 14:16:34,929 [Thread-1060] INFO  impl.RoleInfo (RoleInfo.java:updateAndGet(143)) - 4e1c66a4-792a-4350-b244-4dedea3f57a8: start LeaderElection
2019-10-15 14:16:34,929 [4e1c66a4-792a-4350-b244-4dedea3f57a8@group-488DD1D6D11B-LeaderElection72] INFO  impl.RaftServerImpl (RaftServerImpl.java:setRole(184)) - 4e1c66a4-792a-4350-b244-4dedea3f57a8@group-488DD1D6D11B: changes role from CANDIDATE to FOLLOWER at term 51 for DISCOVERED_A_NEW_TERM
2019-10-15 14:16:34,929 [4e1c66a4-792a-4350-b244-4dedea3f57a8@group-488DD1D6D11B-LeaderElection72] INFO  impl.RoleInfo (RoleInfo.java:shutdownLeaderElection(134)) - 4e1c66a4-792a-4350-b244-4dedea3f57a8: shutdown LeaderElection
2019-10-15 14:16:34,929 [4e1c66a4-792a-4350-b244-4dedea3f57a8@group-488DD1D6D11B-LeaderElection72] INFO  impl.RoleInfo (RoleInfo.java:updateAndGet(143)) - 4e1c66a4-792a-4350-b244-4dedea3f57a8: start FollowerState
2019-10-15 14:16:34,953 [4e1c66a4-792a-4350-b244-4dedea3f57a8@group-F1BA4E877FDC-LeaderElection73] INFO  impl.LeaderElection (LeaderElection.java:askForVotes(178)) - 4e1c66a4-792a-4350-b244-4dedea3f57a8@group-F1BA4E877FDC-LeaderElection73: begin an election at term 29 for -1: [2ac0d02e-9e70-4102-8ecc-87abf8a9c7ab:192.168.164.232:40013, 4e1c66a4-792a-4350-b244-4dedea3f57a8:192.168.164.232:41177, 350dd957-6baf-44a5-98e5-a3496d7a986b:192.168.164.232:34256], old=null
2019-10-15 14:16:34,955 [grpc-default-executor-0] INFO  impl.RaftServerImpl (RaftServerImpl.java:setRole(184)) - 2ac0d02e-9e70-4102-8ecc-87abf8a9c7ab@group-F1BA4E877FDC: changes role from  FOLLOWER to FOLLOWER at term 29 for recognizeCandidate:4e1c66a4-792a-4350-b244-4dedea3f57a8
2019-10-15 14:16:34,955 [grpc-default-executor-0] INFO  impl.RoleInfo (RoleInfo.java:shutdownFollowerState(121)) - 2ac0d02e-9e70-4102-8ecc-87abf8a9c7ab: shutdown FollowerState
2019-10-15 14:16:34,956 [grpc-default-executor-1] INFO  impl.RaftServerImpl (RaftServerImpl.java:setRole(184)) - 350dd957-6baf-44a5-98e5-a3496d7a986b@group-F1BA4E877FDC: changes role from  FOLLOWER to FOLLOWER at term 29 for recognizeCandidate:4e1c66a4-792a-4350-b244-4dedea3f57a8
2019-10-15 14:16:34,956 [Thread-1056] INFO  impl.FollowerState (FollowerState.java:run(117)) - 2ac0d02e-9e70-4102-8ecc-87abf8a9c7ab@group-F1BA4E877FDC-FollowerState was interrupted: java.lang.InterruptedException: sleep interrupted
2019-10-15 14:16:34,956 [grpc-default-executor-0] INFO  impl.RoleInfo (RoleInfo.java:updateAndGet(143)) - 2ac0d02e-9e70-4102-8ecc-87abf8a9c7ab: start FollowerState
2019-10-15 14:16:34,956 [grpc-default-executor-1] INFO  impl.RoleInfo (RoleInfo.java:shutdownFollowerState(121)) - 350dd957-6baf-44a5-98e5-a3496d7a986b: shutdown FollowerState
2019-10-15 14:16:34,956 [grpc-default-executor-1] INFO  impl.RoleInfo (RoleInfo.java:updateAndGet(143)) - 350dd957-6baf-44a5-98e5-a3496d7a986b: start FollowerState
2019-10-15 14:16:34,956 [Thread-1055] INFO  impl.FollowerState (FollowerState.java:run(117)) - 350dd957-6baf-44a5-98e5-a3496d7a986b@group-F1BA4E877FDC-FollowerState was interrupted: java.lang.InterruptedException: sleep interrupted
2019-10-15 14:16:34,980 [4e1c66a4-792a-4350-b244-4dedea3f57a8@group-F1BA4E877FDC-LeaderElection73] INFO  impl.LeaderElection (LeaderElection.java:logAndReturn(56)) - 4e1c66a4-792a-4350-b244-4dedea3f57a8@group-F1BA4E877FDC-LeaderElection73: Election REJECTED; received 2 response(s) [4e1c66a4-792a-4350-b244-4dedea3f57a8<-2ac0d02e-9e70-4102-8ecc-87abf8a9c7ab#0:FAIL-t29, 4e1c66a4-792a-4350-b244-4dedea3f57a8<-350dd957-6baf-44a5-98e5-a3496d7a986b#0:FAIL-t29] and 0 exception(s); 4e1c66a4-792a-4350-b244-4dedea3f57a8@group-F1BA4E877FDC:t29, leader=null, voted=4e1c66a4-792a-4350-b244-4dedea3f57a8, raftlog=4e1c66a4-792a-4350-b244-4dedea3f57a8@group-F1BA4E877FDC-SegmentedRaftLog:OPENED:c-1,f-1,i0, conf=-1: [2ac0d02e-9e70-4102-8ecc-87abf8a9c7ab:192.168.164.232:40013, 4e1c66a4-792a-4350-b244-4dedea3f57a8:192.168.164.232:41177, 350dd957-6baf-44a5-98e5-a3496d7a986b:192.168.164.232:34256], old=null
2019-10-15 14:16:34,980 [4e1c66a4-792a-4350-b244-4dedea3f57a8@group-F1BA4E877FDC-LeaderElection73] INFO  impl.RaftServerImpl (RaftServerImpl.java:setRole(184)) - 4e1c66a4-792a-4350-b244-4dedea3f57a8@group-F1BA4E877FDC: changes role from CANDIDATE to FOLLOWER at term 29 for DISCOVERED_A_NEW_TERM
2019-10-15 14:16:34,980 [4e1c66a4-792a-4350-b244-4dedea3f57a8@group-F1BA4E877FDC-LeaderElection73] INFO  impl.RoleInfo (RoleInfo.java:shutdownLeaderElection(134)) - 4e1c66a4-792a-4350-b244-4dedea3f57a8: shutdown LeaderElection
2019-10-15 14:16:34,980 [4e1c66a4-792a-4350-b244-4dedea3f57a8@group-F1BA4E877FDC-LeaderElection73] INFO  impl.RoleInfo (RoleInfo.java:updateAndGet(143)) - 4e1c66a4-792a-4350-b244-4dedea3f57a8: start FollowerState
2019-10-15 14:16:35,046 [Thread-1078] INFO  impl.FollowerState (FollowerState.java:run(108)) - 4e1c66a4-792a-4350-b244-4dedea3f57a8@group-F1BA4E877FDC-FollowerState: change to CANDIDATE, lastRpcTime:65ms, electionTimeout:65ms
2019-10-15 14:16:35,046 [Thread-1078] INFO  impl.RoleInfo (RoleInfo.java:shutdownFollowerState(121)) - 4e1c66a4-792a-4350-b244-4dedea3f57a8: shutdown FollowerState
2019-10-15 14:16:35,046 [Thread-1078] INFO  impl.RaftServerImpl (RaftServerImpl.java:setRole(184)) - 4e1c66a4-792a-4350-b244-4dedea3f57a8@group-F1BA4E877FDC: changes role from  FOLLOWER to CANDIDATE at term 29 for changeToCandidate
2019-10-15 14:16:35,046 [Thread-1078] INFO  impl.RoleInfo (RoleInfo.java:updateAndGet(143)) - 4e1c66a4-792a-4350-b244-4dedea3f57a8: start LeaderElection
2019-10-15 14:16:35,071 [4e1c66a4-792a-4350-b244-4dedea3f57a8@group-F1BA4E877FDC-LeaderElection74] INFO  impl.LeaderElection (LeaderElection.java:askForVotes(178)) - 4e1c66a4-792a-4350-b244-4dedea3f57a8@group-F1BA4E877FDC-LeaderElection74: begin an election at term 30 for -1: [2ac0d02e-9e70-4102-8ecc-87abf8a9c7ab:192.168.164.232:40013, 4e1c66a4-792a-4350-b244-4dedea3f57a8:192.168.164.232:41177, 350dd957-6baf-44a5-98e5-a3496d7a986b:192.168.164.232:34256], old=null
2019-10-15 14:16:35,073 [grpc-default-executor-0] INFO  impl.RaftServerImpl (RaftServerImpl.java:setRole(184)) - 2ac0d02e-9e70-4102-8ecc-87abf8a9c7ab@group-F1BA4E877FDC: changes role from  FOLLOWER to FOLLOWER at term 30 for recognizeCandidate:4e1c66a4-792a-4350-b244-4dedea3f57a8
2019-10-15 14:16:35,074 [grpc-default-executor-1] INFO  impl.RaftServerImpl (RaftServerImpl.java:setRole(184)) - 350dd957-6baf-44a5-98e5-a3496d7a986b@group-F1BA4E877FDC: changes role from  FOLLOWER to FOLLOWER at term 30 for recognizeCandidate:4e1c66a4-792a-4350-b244-4dedea3f57a8
2019-10-15 14:16:35,074 [grpc-default-executor-0] INFO  impl.RoleInfo (RoleInfo.java:shutdownFollowerState(121)) - 2ac0d02e-9e70-4102-8ecc-87abf8a9c7ab: shutdown FollowerState
2019-10-15 14:16:35,074 [grpc-default-executor-1] INFO  impl.RoleInfo (RoleInfo.java:shutdownFollowerState(121)) - 350dd957-6baf-44a5-98e5-a3496d7a986b: shutdown FollowerState
2019-10-15 14:16:35,074 [grpc-default-executor-1] INFO  impl.RoleInfo (RoleInfo.java:updateAndGet(143)) - 350dd957-6baf-44a5-98e5-a3496d7a986b: start FollowerState
2019-10-15 14:16:35,074 [Thread-1076] INFO  impl.FollowerState (FollowerState.java:run(117)) - 2ac0d02e-9e70-4102-8ecc-87abf8a9c7ab@group-F1BA4E877FDC-FollowerState was interrupted: java.lang.InterruptedException: sleep interrupted
2019-10-15 14:16:35,074 [grpc-default-executor-0] INFO  impl.RoleInfo (RoleInfo.java:updateAndGet(143)) - 2ac0d02e-9e70-4102-8ecc-87abf8a9c7ab: start FollowerState
2019-10-15 14:16:35,074 [Thread-1077] INFO  impl.FollowerState (FollowerState.java:run(117)) - 350dd957-6baf-44a5-98e5-a3496d7a986b@group-F1BA4E877FDC-FollowerState was interrupted: java.lang.InterruptedException: sleep interrupted
2019-10-15 14:16:35,083 [BlockDeletingService#2] WARN  background.BlockDeletingService (BlockDeletingService.java:isDeletionAllowed(187)) - Close Container log Index 6 is not replicated across allthe servers in the pipeline af09b2c2-cc5c-4d70-8ada-488dd1d6d11b as the min replicated index is 4. Deletion is not allowed in this container yet.
2019-10-15 14:16:35,083 [BlockDeletingService#2] WARN  background.BlockDeletingService (BlockDeletingService.java:isDeletionAllowed(187)) - Close Container log Index 6 is not replicated across allthe servers in the pipeline af09b2c2-cc5c-4d70-8ada-488dd1d6d11b as the min replicated index is 4. Deletion is not allowed in this container yet.
2019-10-15 14:16:35,099 [4e1c66a4-792a-4350-b244-4dedea3f57a8@group-F1BA4E877FDC-LeaderElection74] INFO  impl.LeaderElection (LeaderElection.java:logAndReturn(56)) - 4e1c66a4-792a-4350-b244-4dedea3f57a8@group-F1BA4E877FDC-LeaderElection74: Election REJECTED; received 2 response(s) [4e1c66a4-792a-4350-b244-4dedea3f57a8<-2ac0d02e-9e70-4102-8ecc-87abf8a9c7ab#0:FAIL-t30, 4e1c66a4-792a-4350-b244-4dedea3f57a8<-350dd957-6baf-44a5-98e5-a3496d7a986b#0:FAIL-t30] and 0 exception(s); 4e1c66a4-792a-4350-b244-4dedea3f57a8@group-F1BA4E877FDC:t30, leader=null, voted=4e1c66a4-792a-4350-b244-4dedea3f57a8, raftlog=4e1c66a4-792a-4350-b244-4dedea3f57a8@group-F1BA4E877FDC-SegmentedRaftLog:OPENED:c-1,f-1,i0, conf=-1: [2ac0d02e-9e70-4102-8ecc-87abf8a9c7ab:192.168.164.232:40013, 4e1c66a4-792a-4350-b244-4dedea3f57a8:192.168.164.232:41177, 350dd957-6baf-44a5-98e5-a3496d7a986b:192.168.164.232:34256], old=null
2019-10-15 14:16:35,099 [4e1c66a4-792a-4350-b244-4dedea3f57a8@group-F1BA4E877FDC-LeaderElection74] INFO  impl.RaftServerImpl (RaftServerImpl.java:setRole(184)) - 4e1c66a4-792a-4350-b244-4dedea3f57a8@group-F1BA4E877FDC: changes role from CANDIDATE to FOLLOWER at term 30 for DISCOVERED_A_NEW_TERM
2019-10-15 14:16:35,099 [4e1c66a4-792a-4350-b244-4dedea3f57a8@group-F1BA4E877FDC-LeaderElection74] INFO  impl.RoleInfo (RoleInfo.java:shutdownLeaderElection(134)) - 4e1c66a4-792a-4350-b244-4dedea3f57a8: shutdown LeaderElection
2019-10-15 14:16:35,099 [4e1c66a4-792a-4350-b244-4dedea3f57a8@group-F1BA4E877FDC-LeaderElection74] INFO  impl.RoleInfo (RoleInfo.java:updateAndGet(143)) - 4e1c66a4-792a-4350-b244-4dedea3f57a8: start FollowerState
2019-10-15 14:16:35,107 [Thread-1073] INFO  impl.FollowerState (FollowerState.java:run(108)) - 4e1c66a4-792a-4350-b244-4dedea3f57a8@group-488DD1D6D11B-FollowerState: change to CANDIDATE, lastRpcTime:178ms, electionTimeout:178ms
2019-10-15 14:16:35,107 [Thread-1073] INFO  impl.RoleInfo (RoleInfo.java:shutdownFollowerState(121)) - 4e1c66a4-792a-4350-b244-4dedea3f57a8: shutdown FollowerState
2019-10-15 14:16:35,108 [Thread-1073] INFO  impl.RaftServerImpl (RaftServerImpl.java:setRole(184)) - 4e1c66a4-792a-4350-b244-4dedea3f57a8@group-488DD1D6D11B: changes role from  FOLLOWER to CANDIDATE at term 51 for changeToCandidate
2019-10-15 14:16:35,108 [Thread-1073] INFO  impl.RoleInfo (RoleInfo.java:updateAndGet(143)) - 4e1c66a4-792a-4350-b244-4dedea3f57a8: start LeaderElection
2019-10-15 14:16:35,132 [4e1c66a4-792a-4350-b244-4dedea3f57a8@group-488DD1D6D11B-LeaderElection75] INFO  impl.LeaderElection (LeaderElection.java:askForVotes(178)) - 4e1c66a4-792a-4350-b244-4dedea3f57a8@group-488DD1D6D11B-LeaderElection75: begin an election at term 52 for 0: [2ac0d02e-9e70-4102-8ecc-87abf8a9c7ab:192.168.164.232:40013, 4e1c66a4-792a-4350-b244-4dedea3f57a8:192.168.164.232:41177, 350dd957-6baf-44a5-98e5-a3496d7a986b:192.168.164.232:34256], old=null
2019-10-15 14:16:35,133 [Thread-1086] INFO  impl.FollowerState (FollowerState.java:run(108)) - 4e1c66a4-792a-4350-b244-4dedea3f57a8@group-F1BA4E877FDC-FollowerState: change to CANDIDATE, lastRpcTime:33ms, electionTimeout:33ms
2019-10-15 14:16:35,133 [Thread-1086] INFO  impl.RoleInfo (RoleInfo.java:shutdownFollowerState(121)) - 4e1c66a4-792a-4350-b244-4dedea3f57a8: shutdown FollowerState
2019-10-15 14:16:35,133 [Thread-1086] INFO  impl.RaftServerImpl (RaftServerImpl.java:setRole(184)) - 4e1c66a4-792a-4350-b244-4dedea3f57a8@group-F1BA4E877FDC: changes role from  FOLLOWER to CANDIDATE at term 30 for changeToCandidate
2019-10-15 14:16:35,133 [Thread-1086] INFO  impl.RoleInfo (RoleInfo.java:updateAndGet(143)) - 4e1c66a4-792a-4350-b244-4dedea3f57a8: start LeaderElection
2019-10-15 14:16:35,133 [grpc-default-executor-0] INFO  impl.RaftServerImpl (RaftServerImpl.java:setRole(184)) - 2ac0d02e-9e70-4102-8ecc-87abf8a9c7ab@group-488DD1D6D11B: changes role from  FOLLOWER to FOLLOWER at term 52 for recognizeCandidate:4e1c66a4-792a-4350-b244-4dedea3f57a8
2019-10-15 14:16:35,134 [grpc-default-executor-0] INFO  impl.RoleInfo (RoleInfo.java:shutdownFollowerState(121)) - 2ac0d02e-9e70-4102-8ecc-87abf8a9c7ab: shutdown FollowerState
2019-10-15 14:16:35,134 [grpc-default-executor-1] INFO  impl.RaftServerImpl (RaftServerImpl.java:setRole(184)) - 350dd957-6baf-44a5-98e5-a3496d7a986b@group-488DD1D6D11B: changes role from  FOLLOWER to FOLLOWER at term 52 for recognizeCandidate:4e1c66a4-792a-4350-b244-4dedea3f57a8
2019-10-15 14:16:35,134 [Thread-1070] INFO  impl.FollowerState (FollowerState.java:run(117)) - 2ac0d02e-9e70-4102-8ecc-87abf8a9c7ab@group-488DD1D6D11B-FollowerState was interrupted: java.lang.InterruptedException: sleep interrupted
2019-10-15 14:16:35,134 [grpc-default-executor-0] INFO  impl.RoleInfo (RoleInfo.java:updateAndGet(143)) - 2ac0d02e-9e70-4102-8ecc-87abf8a9c7ab: start FollowerState
2019-10-15 14:16:35,134 [grpc-default-executor-1] INFO  impl.RoleInfo (RoleInfo.java:shutdownFollowerState(121)) - 350dd957-6baf-44a5-98e5-a3496d7a986b: shutdown FollowerState
2019-10-15 14:16:35,134 [grpc-default-executor-1] INFO  impl.RoleInfo (RoleInfo.java:updateAndGet(143)) - 350dd957-6baf-44a5-98e5-a3496d7a986b: start FollowerState
2019-10-15 14:16:35,134 [Thread-1071] INFO  impl.FollowerState (FollowerState.java:run(117)) - 350dd957-6baf-44a5-98e5-a3496d7a986b@group-488DD1D6D11B-FollowerState was interrupted: java.lang.InterruptedException: sleep interrupted
2019-10-15 14:16:35,157 [4e1c66a4-792a-4350-b244-4dedea3f57a8@group-F1BA4E877FDC-LeaderElection76] INFO  impl.LeaderElection (LeaderElection.java:askForVotes(178)) - 4e1c66a4-792a-4350-b244-4dedea3f57a8@group-F1BA4E877FDC-LeaderElection76: begin an election at term 31 for -1: [2ac0d02e-9e70-4102-8ecc-87abf8a9c7ab:192.168.164.232:40013, 4e1c66a4-792a-4350-b244-4dedea3f57a8:192.168.164.232:41177, 350dd957-6baf-44a5-98e5-a3496d7a986b:192.168.164.232:34256], old=null
2019-10-15 14:16:35,158 [4e1c66a4-792a-4350-b244-4dedea3f57a8@group-488DD1D6D11B-LeaderElection75] INFO  impl.LeaderElection (LeaderElection.java:logAndReturn(56)) - 4e1c66a4-792a-4350-b244-4dedea3f57a8@group-488DD1D6D11B-LeaderElection75: Election REJECTED; received 2 response(s) [4e1c66a4-792a-4350-b244-4dedea3f57a8<-2ac0d02e-9e70-4102-8ecc-87abf8a9c7ab#0:FAIL-t52, 4e1c66a4-792a-4350-b244-4dedea3f57a8<-350dd957-6baf-44a5-98e5-a3496d7a986b#0:FAIL-t52] and 0 exception(s); 4e1c66a4-792a-4350-b244-4dedea3f57a8@group-488DD1D6D11B:t52, leader=null, voted=4e1c66a4-792a-4350-b244-4dedea3f57a8, raftlog=4e1c66a4-792a-4350-b244-4dedea3f57a8@group-488DD1D6D11B-SegmentedRaftLog:OPENED:c3,f4,i4, conf=0: [2ac0d02e-9e70-4102-8ecc-87abf8a9c7ab:192.168.164.232:40013, 4e1c66a4-792a-4350-b244-4dedea3f57a8:192.168.164.232:41177, 350dd957-6baf-44a5-98e5-a3496d7a986b:192.168.164.232:34256], old=null
2019-10-15 14:16:35,158 [4e1c66a4-792a-4350-b244-4dedea3f57a8@group-488DD1D6D11B-LeaderElection75] INFO  impl.RaftServerImpl (RaftServerImpl.java:setRole(184)) - 4e1c66a4-792a-4350-b244-4dedea3f57a8@group-488DD1D6D11B: changes role from CANDIDATE to FOLLOWER at term 52 for DISCOVERED_A_NEW_TERM
2019-10-15 14:16:35,158 [4e1c66a4-792a-4350-b244-4dedea3f57a8@group-488DD1D6D11B-LeaderElection75] INFO  impl.RoleInfo (RoleInfo.java:shutdownLeaderElection(134)) - 4e1c66a4-792a-4350-b244-4dedea3f57a8: shutdown LeaderElection
2019-10-15 14:16:35,158 [4e1c66a4-792a-4350-b244-4dedea3f57a8@group-488DD1D6D11B-LeaderElection75] INFO  impl.RoleInfo (RoleInfo.java:updateAndGet(143)) - 4e1c66a4-792a-4350-b244-4dedea3f57a8: start FollowerState
2019-10-15 14:16:35,159 [grpc-default-executor-0] INFO  impl.RaftServerImpl (RaftServerImpl.java:setRole(184)) - 2ac0d02e-9e70-4102-8ecc-87abf8a9c7ab@group-F1BA4E877FDC: changes role from  FOLLOWER to FOLLOWER at term 31 for recognizeCandidate:4e1c66a4-792a-4350-b244-4dedea3f57a8
2019-10-15 14:16:35,159 [grpc-default-executor-0] INFO  impl.RoleInfo (RoleInfo.java:shutdownFollowerState(121)) - 2ac0d02e-9e70-4102-8ecc-87abf8a9c7ab: shutdown FollowerState
2019-10-15 14:16:35,159 [grpc-default-executor-0] INFO  impl.RoleInfo (RoleInfo.java:updateAndGet(143)) - 2ac0d02e-9e70-4102-8ecc-87abf8a9c7ab: start FollowerState
2019-10-15 14:16:35,159 [Thread-1082] INFO  impl.FollowerState (FollowerState.java:run(117)) - 2ac0d02e-9e70-4102-8ecc-87abf8a9c7ab@group-F1BA4E877FDC-FollowerState was interrupted: java.lang.InterruptedException: sleep interrupted
2019-10-15 14:16:35,159 [grpc-default-executor-1] INFO  impl.RaftServerImpl (RaftServerImpl.java:setRole(184)) - 350dd957-6baf-44a5-98e5-a3496d7a986b@group-F1BA4E877FDC: changes role from  FOLLOWER to FOLLOWER at term 31 for recognizeCandidate:4e1c66a4-792a-4350-b244-4dedea3f57a8
2019-10-15 14:16:35,159 [grpc-default-executor-1] INFO  impl.RoleInfo (RoleInfo.java:shutdownFollowerState(121)) - 350dd957-6baf-44a5-98e5-a3496d7a986b: shutdown FollowerState
2019-10-15 14:16:35,159 [grpc-default-executor-1] INFO  impl.RoleInfo (RoleInfo.java:updateAndGet(143)) - 350dd957-6baf-44a5-98e5-a3496d7a986b: start FollowerState
2019-10-15 14:16:35,160 [Thread-1083] INFO  impl.FollowerState (FollowerState.java:run(117)) - 350dd957-6baf-44a5-98e5-a3496d7a986b@group-F1BA4E877FDC-FollowerState was interrupted: java.lang.InterruptedException: sleep interrupted
2019-10-15 14:16:35,183 [4e1c66a4-792a-4350-b244-4dedea3f57a8@group-F1BA4E877FDC-LeaderElection76] INFO  impl.LeaderElection (LeaderElection.java:logAndReturn(56)) - 4e1c66a4-792a-4350-b244-4dedea3f57a8@group-F1BA4E877FDC-LeaderElection76: Election REJECTED; received 2 response(s) [4e1c66a4-792a-4350-b244-4dedea3f57a8<-2ac0d02e-9e70-4102-8ecc-87abf8a9c7ab#0:FAIL-t31, 4e1c66a4-792a-4350-b244-4dedea3f57a8<-350dd957-6baf-44a5-98e5-a3496d7a986b#0:FAIL-t31] and 0 exception(s); 4e1c66a4-792a-4350-b244-4dedea3f57a8@group-F1BA4E877FDC:t31, leader=null, voted=4e1c66a4-792a-4350-b244-4dedea3f57a8, raftlog=4e1c66a4-792a-4350-b244-4dedea3f57a8@group-F1BA4E877FDC-SegmentedRaftLog:OPENED:c-1,f-1,i0, conf=-1: [2ac0d02e-9e70-4102-8ecc-87abf8a9c7ab:192.168.164.232:40013, 4e1c66a4-792a-4350-b244-4dedea3f57a8:192.168.164.232:41177, 350dd957-6baf-44a5-98e5-a3496d7a986b:192.168.164.232:34256], old=null
2019-10-15 14:16:35,184 [4e1c66a4-792a-4350-b244-4dedea3f57a8@group-F1BA4E877FDC-LeaderElection76] INFO  impl.RaftServerImpl (RaftServerImpl.java:setRole(184)) - 4e1c66a4-792a-4350-b244-4dedea3f57a8@group-F1BA4E877FDC: changes role from CANDIDATE to FOLLOWER at term 31 for DISCOVERED_A_NEW_TERM
2019-10-15 14:16:35,184 [4e1c66a4-792a-4350-b244-4dedea3f57a8@group-F1BA4E877FDC-LeaderElection76] INFO  impl.RoleInfo (RoleInfo.java:shutdownLeaderElection(134)) - 4e1c66a4-792a-4350-b244-4dedea3f57a8: shutdown LeaderElection
2019-10-15 14:16:35,184 [4e1c66a4-792a-4350-b244-4dedea3f57a8@group-F1BA4E877FDC-LeaderElection76] INFO  impl.RoleInfo (RoleInfo.java:updateAndGet(143)) - 4e1c66a4-792a-4350-b244-4dedea3f57a8: start FollowerState
2019-10-15 14:16:35,261 [Thread-1095] INFO  impl.FollowerState (FollowerState.java:run(108)) - 4e1c66a4-792a-4350-b244-4dedea3f57a8@group-488DD1D6D11B-FollowerState: change to CANDIDATE, lastRpcTime:102ms, electionTimeout:102ms
2019-10-15 14:16:35,261 [Thread-1095] INFO  impl.RoleInfo (RoleInfo.java:shutdownFollowerState(121)) - 4e1c66a4-792a-4350-b244-4dedea3f57a8: shutdown FollowerState
2019-10-15 14:16:35,261 [Thread-1095] INFO  impl.RaftServerImpl (RaftServerImpl.java:setRole(184)) - 4e1c66a4-792a-4350-b244-4dedea3f57a8@group-488DD1D6D11B: changes role from  FOLLOWER to CANDIDATE at term 52 for changeToCandidate
2019-10-15 14:16:35,261 [Thread-1095] INFO  impl.RoleInfo (RoleInfo.java:updateAndGet(143)) - 4e1c66a4-792a-4350-b244-4dedea3f57a8: start LeaderElection
2019-10-15 14:16:35,283 [4e1c66a4-792a-4350-b244-4dedea3f57a8@group-488DD1D6D11B-LeaderElection77] INFO  impl.LeaderElection (LeaderElection.java:askForVotes(178)) - 4e1c66a4-792a-4350-b244-4dedea3f57a8@group-488DD1D6D11B-LeaderElection77: begin an election at term 53 for 0: [2ac0d02e-9e70-4102-8ecc-87abf8a9c7ab:192.168.164.232:40013, 4e1c66a4-792a-4350-b244-4dedea3f57a8:192.168.164.232:41177, 350dd957-6baf-44a5-98e5-a3496d7a986b:192.168.164.232:34256], old=null
2019-10-15 14:16:35,285 [grpc-default-executor-0] INFO  impl.RaftServerImpl (RaftServerImpl.java:setRole(184)) - 2ac0d02e-9e70-4102-8ecc-87abf8a9c7ab@group-488DD1D6D11B: changes role from  FOLLOWER to FOLLOWER at term 53 for recognizeCandidate:4e1c66a4-792a-4350-b244-4dedea3f57a8
2019-10-15 14:16:35,285 [grpc-default-executor-0] INFO  impl.RoleInfo (RoleInfo.java:shutdownFollowerState(121)) - 2ac0d02e-9e70-4102-8ecc-87abf8a9c7ab: shutdown FollowerState
2019-10-15 14:16:35,286 [grpc-default-executor-0] INFO  impl.RoleInfo (RoleInfo.java:updateAndGet(143)) - 2ac0d02e-9e70-4102-8ecc-87abf8a9c7ab: start FollowerState
2019-10-15 14:16:35,286 [Thread-1091] INFO  impl.FollowerState (FollowerState.java:run(117)) - 2ac0d02e-9e70-4102-8ecc-87abf8a9c7ab@group-488DD1D6D11B-FollowerState was interrupted: java.lang.InterruptedException: sleep interrupted
2019-10-15 14:16:35,286 [grpc-default-executor-1] INFO  impl.RaftServerImpl (RaftServerImpl.java:setRole(184)) - 350dd957-6baf-44a5-98e5-a3496d7a986b@group-488DD1D6D11B: changes role from  FOLLOWER to FOLLOWER at term 53 for recognizeCandidate:4e1c66a4-792a-4350-b244-4dedea3f57a8
2019-10-15 14:16:35,286 [grpc-default-executor-1] INFO  impl.RoleInfo (RoleInfo.java:shutdownFollowerState(121)) - 350dd957-6baf-44a5-98e5-a3496d7a986b: shutdown FollowerState
2019-10-15 14:16:35,287 [grpc-default-executor-1] INFO  impl.RoleInfo (RoleInfo.java:updateAndGet(143)) - 350dd957-6baf-44a5-98e5-a3496d7a986b: start FollowerState
2019-10-15 14:16:35,287 [Thread-1092] INFO  impl.FollowerState (FollowerState.java:run(117)) - 350dd957-6baf-44a5-98e5-a3496d7a986b@group-488DD1D6D11B-FollowerState was interrupted: java.lang.InterruptedException: sleep interrupted
2019-10-15 14:16:35,310 [4e1c66a4-792a-4350-b244-4dedea3f57a8@group-488DD1D6D11B-LeaderElection77] INFO  impl.LeaderElection (LeaderElection.java:logAndReturn(56)) - 4e1c66a4-792a-4350-b244-4dedea3f57a8@group-488DD1D6D11B-LeaderElection77: Election REJECTED; received 2 response(s) [4e1c66a4-792a-4350-b244-4dedea3f57a8<-2ac0d02e-9e70-4102-8ecc-87abf8a9c7ab#0:FAIL-t53, 4e1c66a4-792a-4350-b244-4dedea3f57a8<-350dd957-6baf-44a5-98e5-a3496d7a986b#0:FAIL-t53] and 0 exception(s); 4e1c66a4-792a-4350-b244-4dedea3f57a8@group-488DD1D6D11B:t53, leader=null, voted=4e1c66a4-792a-4350-b244-4dedea3f57a8, raftlog=4e1c66a4-792a-4350-b244-4dedea3f57a8@group-488DD1D6D11B-SegmentedRaftLog:OPENED:c3,f4,i4, conf=0: [2ac0d02e-9e70-4102-8ecc-87abf8a9c7ab:192.168.164.232:40013, 4e1c66a4-792a-4350-b244-4dedea3f57a8:192.168.164.232:41177, 350dd957-6baf-44a5-98e5-a3496d7a986b:192.168.164.232:34256], old=null
2019-10-15 14:16:35,310 [4e1c66a4-792a-4350-b244-4dedea3f57a8@group-488DD1D6D11B-LeaderElection77] INFO  impl.RaftServerImpl (RaftServerImpl.java:setRole(184)) - 4e1c66a4-792a-4350-b244-4dedea3f57a8@group-488DD1D6D11B: changes role from CANDIDATE to FOLLOWER at term 53 for DISCOVERED_A_NEW_TERM
2019-10-15 14:16:35,310 [4e1c66a4-792a-4350-b244-4dedea3f57a8@group-488DD1D6D11B-LeaderElection77] INFO  impl.RoleInfo (RoleInfo.java:shutdownLeaderElection(134)) - 4e1c66a4-792a-4350-b244-4dedea3f57a8: shutdown LeaderElection
2019-10-15 14:16:35,310 [4e1c66a4-792a-4350-b244-4dedea3f57a8@group-488DD1D6D11B-LeaderElection77] INFO  impl.RoleInfo (RoleInfo.java:updateAndGet(143)) - 4e1c66a4-792a-4350-b244-4dedea3f57a8: start FollowerState
2019-10-15 14:16:35,346 [Thread-1098] INFO  impl.FollowerState (FollowerState.java:run(108)) - 4e1c66a4-792a-4350-b244-4dedea3f57a8@group-F1BA4E877FDC-FollowerState: change to CANDIDATE, lastRpcTime:162ms, electionTimeout:162ms
2019-10-15 14:16:35,346 [Thread-1098] INFO  impl.RoleInfo (RoleInfo.java:shutdownFollowerState(121)) - 4e1c66a4-792a-4350-b244-4dedea3f57a8: shutdown FollowerState
2019-10-15 14:16:35,346 [Thread-1098] INFO  impl.RaftServerImpl (RaftServerImpl.java:setRole(184)) - 4e1c66a4-792a-4350-b244-4dedea3f57a8@group-F1BA4E877FDC: changes role from  FOLLOWER to CANDIDATE at term 31 for changeToCandidate
2019-10-15 14:16:35,347 [Thread-1098] INFO  impl.RoleInfo (RoleInfo.java:updateAndGet(143)) - 4e1c66a4-792a-4350-b244-4dedea3f57a8: start LeaderElection
2019-10-15 14:16:35,370 [4e1c66a4-792a-4350-b244-4dedea3f57a8@group-F1BA4E877FDC-LeaderElection78] INFO  impl.LeaderElection (LeaderElection.java:askForVotes(178)) - 4e1c66a4-792a-4350-b244-4dedea3f57a8@group-F1BA4E877FDC-LeaderElection78: begin an election at term 32 for -1: [2ac0d02e-9e70-4102-8ecc-87abf8a9c7ab:192.168.164.232:40013, 4e1c66a4-792a-4350-b244-4dedea3f57a8:192.168.164.232:41177, 350dd957-6baf-44a5-98e5-a3496d7a986b:192.168.164.232:34256], old=null
2019-10-15 14:16:35,373 [grpc-default-executor-1] INFO  impl.RaftServerImpl (RaftServerImpl.java:setRole(184)) - 2ac0d02e-9e70-4102-8ecc-87abf8a9c7ab@group-F1BA4E877FDC: changes role from  FOLLOWER to FOLLOWER at term 32 for recognizeCandidate:4e1c66a4-792a-4350-b244-4dedea3f57a8
2019-10-15 14:16:35,373 [grpc-default-executor-1] INFO  impl.RoleInfo (RoleInfo.java:shutdownFollowerState(121)) - 2ac0d02e-9e70-4102-8ecc-87abf8a9c7ab: shutdown FollowerState
2019-10-15 14:16:35,373 [grpc-default-executor-1] INFO  impl.RoleInfo (RoleInfo.java:updateAndGet(143)) - 2ac0d02e-9e70-4102-8ecc-87abf8a9c7ab: start FollowerState
2019-10-15 14:16:35,373 [grpc-default-executor-0] INFO  impl.RaftServerImpl (RaftServerImpl.java:setRole(184)) - 350dd957-6baf-44a5-98e5-a3496d7a986b@group-F1BA4E877FDC: changes role from  FOLLOWER to FOLLOWER at term 32 for recognizeCandidate:4e1c66a4-792a-4350-b244-4dedea3f57a8
2019-10-15 14:16:35,373 [grpc-default-executor-0] INFO  impl.RoleInfo (RoleInfo.java:shutdownFollowerState(121)) - 350dd957-6baf-44a5-98e5-a3496d7a986b: shutdown FollowerState
2019-10-15 14:16:35,373 [Thread-1096] INFO  impl.FollowerState (FollowerState.java:run(117)) - 2ac0d02e-9e70-4102-8ecc-87abf8a9c7ab@group-F1BA4E877FDC-FollowerState was interrupted: java.lang.InterruptedException: sleep interrupted
2019-10-15 14:16:35,374 [grpc-default-executor-0] INFO  impl.RoleInfo (RoleInfo.java:updateAndGet(143)) - 350dd957-6baf-44a5-98e5-a3496d7a986b: start FollowerState
2019-10-15 14:16:35,374 [Thread-1097] INFO  impl.FollowerState (FollowerState.java:run(117)) - 350dd957-6baf-44a5-98e5-a3496d7a986b@group-F1BA4E877FDC-FollowerState was interrupted: java.lang.InterruptedException: sleep interrupted
2019-10-15 14:16:35,397 [4e1c66a4-792a-4350-b244-4dedea3f57a8@group-F1BA4E877FDC-LeaderElection78] INFO  impl.LeaderElection (LeaderElection.java:logAndReturn(56)) - 4e1c66a4-792a-4350-b244-4dedea3f57a8@group-F1BA4E877FDC-LeaderElection78: Election REJECTED; received 2 response(s) [4e1c66a4-792a-4350-b244-4dedea3f57a8<-2ac0d02e-9e70-4102-8ecc-87abf8a9c7ab#0:FAIL-t32, 4e1c66a4-792a-4350-b244-4dedea3f57a8<-350dd957-6baf-44a5-98e5-a3496d7a986b#0:FAIL-t32] and 0 exception(s); 4e1c66a4-792a-4350-b244-4dedea3f57a8@group-F1BA4E877FDC:t32, leader=null, voted=4e1c66a4-792a-4350-b244-4dedea3f57a8, raftlog=4e1c66a4-792a-4350-b244-4dedea3f57a8@group-F1BA4E877FDC-SegmentedRaftLog:OPENED:c-1,f-1,i0, conf=-1: [2ac0d02e-9e70-4102-8ecc-87abf8a9c7ab:192.168.164.232:40013, 4e1c66a4-792a-4350-b244-4dedea3f57a8:192.168.164.232:41177, 350dd957-6baf-44a5-98e5-a3496d7a986b:192.168.164.232:34256], old=null
2019-10-15 14:16:35,398 [4e1c66a4-792a-4350-b244-4dedea3f57a8@group-F1BA4E877FDC-LeaderElection78] INFO  impl.RaftServerImpl (RaftServerImpl.java:setRole(184)) - 4e1c66a4-792a-4350-b244-4dedea3f57a8@group-F1BA4E877FDC: changes role from CANDIDATE to FOLLOWER at term 32 for DISCOVERED_A_NEW_TERM
2019-10-15 14:16:35,398 [4e1c66a4-792a-4350-b244-4dedea3f57a8@group-F1BA4E877FDC-LeaderElection78] INFO  impl.RoleInfo (RoleInfo.java:shutdownLeaderElection(134)) - 4e1c66a4-792a-4350-b244-4dedea3f57a8: shutdown LeaderElection
2019-10-15 14:16:35,398 [4e1c66a4-792a-4350-b244-4dedea3f57a8@group-F1BA4E877FDC-LeaderElection78] INFO  impl.RoleInfo (RoleInfo.java:updateAndGet(143)) - 4e1c66a4-792a-4350-b244-4dedea3f57a8: start FollowerState
2019-10-15 14:16:35,453 [Thread-1104] INFO  impl.FollowerState (FollowerState.java:run(108)) - 4e1c66a4-792a-4350-b244-4dedea3f57a8@group-488DD1D6D11B-FollowerState: change to CANDIDATE, lastRpcTime:142ms, electionTimeout:142ms
2019-10-15 14:16:35,453 [Thread-1104] INFO  impl.RoleInfo (RoleInfo.java:shutdownFollowerState(121)) - 4e1c66a4-792a-4350-b244-4dedea3f57a8: shutdown FollowerState
2019-10-15 14:16:35,453 [Thread-1104] INFO  impl.RaftServerImpl (RaftServerImpl.java:setRole(184)) - 4e1c66a4-792a-4350-b244-4dedea3f57a8@group-488DD1D6D11B: changes role from  FOLLOWER to CANDIDATE at term 53 for changeToCandidate
2019-10-15 14:16:35,453 [Thread-1104] INFO  impl.RoleInfo (RoleInfo.java:updateAndGet(143)) - 4e1c66a4-792a-4350-b244-4dedea3f57a8: start LeaderElection
]]></system-out>
    <system-err><![CDATA[ERROR StatusLogger No Log4j 2 configuration file found. Using default configuration (logging only errors to the console), or user programmatically provided configurations. Set system property 'log4j2.debug' to show Log4j 2 internal initialization logging. See https://logging.apache.org/log4j/2.x/manual/configuration.html for instructions on how to configure Log4j 2
Oct 15, 2019 2:14:49 PM org.apache.ratis.thirdparty.io.grpc.internal.SerializingExecutor run
SEVERE: Exception while executing runnable org.apache.ratis.thirdparty.io.grpc.internal.ServerImpl$JumpToApplicationThreadServerStreamListener$1Closed@4a12bcb
org.apache.ratis.thirdparty.io.grpc.StatusRuntimeException: CANCELLED: call already cancelled
	at org.apache.ratis.thirdparty.io.grpc.Status.asRuntimeException(Status.java:517)
	at org.apache.ratis.thirdparty.io.grpc.stub.ServerCalls$ServerCallStreamObserverImpl.onCompleted(ServerCalls.java:356)
	at org.apache.ratis.grpc.server.GrpcServerProtocolService$ServerRequestStreamObserver.onError(GrpcServerProtocolService.java:121)
	at org.apache.ratis.thirdparty.io.grpc.stub.ServerCalls$StreamingServerCallHandler$StreamingServerCallListener.onCancel(ServerCalls.java:269)
	at org.apache.ratis.thirdparty.io.grpc.internal.ServerCallImpl$ServerStreamListenerImpl.closed(ServerCallImpl.java:293)
	at org.apache.ratis.thirdparty.io.grpc.internal.ServerImpl$JumpToApplicationThreadServerStreamListener$1Closed.runInContext(ServerImpl.java:741)
	at org.apache.ratis.thirdparty.io.grpc.internal.ContextRunnable.run(ContextRunnable.java:37)
	at org.apache.ratis.thirdparty.io.grpc.internal.SerializingExecutor.run(SerializingExecutor.java:123)
	at java.util.concurrent.ThreadPoolExecutor.runWorker(ThreadPoolExecutor.java:1149)
	at java.util.concurrent.ThreadPoolExecutor$Worker.run(ThreadPoolExecutor.java:624)
	at java.lang.Thread.run(Thread.java:748)

Oct 15, 2019 2:14:49 PM org.apache.ratis.thirdparty.io.grpc.internal.SerializingExecutor run
SEVERE: Exception while executing runnable org.apache.ratis.thirdparty.io.grpc.internal.ClientCallImpl$ClientStreamListenerImpl$1StreamClosed@746b010a
java.lang.NullPointerException
	at org.apache.ratis.grpc.server.GrpcLogAppender$AppendLogResponseHandler.onError(GrpcLogAppender.java:303)
	at org.apache.ratis.thirdparty.io.grpc.stub.ClientCalls$StreamObserverToCallListenerAdapter.onClose(ClientCalls.java:434)
	at org.apache.ratis.thirdparty.io.grpc.PartialForwardingClientCallListener.onClose(PartialForwardingClientCallListener.java:39)
	at org.apache.ratis.thirdparty.io.grpc.ForwardingClientCallListener.onClose(ForwardingClientCallListener.java:23)
	at org.apache.ratis.thirdparty.io.grpc.ForwardingClientCallListener$SimpleForwardingClientCallListener.onClose(ForwardingClientCallListener.java:40)
	at org.apache.ratis.thirdparty.io.grpc.internal.CensusStatsModule$StatsClientInterceptor$1$1.onClose(CensusStatsModule.java:678)
	at org.apache.ratis.thirdparty.io.grpc.PartialForwardingClientCallListener.onClose(PartialForwardingClientCallListener.java:39)
	at org.apache.ratis.thirdparty.io.grpc.ForwardingClientCallListener.onClose(ForwardingClientCallListener.java:23)
	at org.apache.ratis.thirdparty.io.grpc.ForwardingClientCallListener$SimpleForwardingClientCallListener.onClose(ForwardingClientCallListener.java:40)
	at org.apache.ratis.thirdparty.io.grpc.internal.CensusTracingModule$TracingClientInterceptor$1$1.onClose(CensusTracingModule.java:397)
	at org.apache.ratis.thirdparty.io.grpc.internal.ClientCallImpl.closeObserver(ClientCallImpl.java:459)
	at org.apache.ratis.thirdparty.io.grpc.internal.ClientCallImpl.access$300(ClientCallImpl.java:63)
	at org.apache.ratis.thirdparty.io.grpc.internal.ClientCallImpl$ClientStreamListenerImpl.close(ClientCallImpl.java:546)
	at org.apache.ratis.thirdparty.io.grpc.internal.ClientCallImpl$ClientStreamListenerImpl.access$600(ClientCallImpl.java:467)
	at org.apache.ratis.thirdparty.io.grpc.internal.ClientCallImpl$ClientStreamListenerImpl$1StreamClosed.runInContext(ClientCallImpl.java:584)
	at org.apache.ratis.thirdparty.io.grpc.internal.ContextRunnable.run(ContextRunnable.java:37)
	at org.apache.ratis.thirdparty.io.grpc.internal.SerializingExecutor.run(SerializingExecutor.java:123)
	at java.util.concurrent.ThreadPoolExecutor.runWorker(ThreadPoolExecutor.java:1149)
	at java.util.concurrent.ThreadPoolExecutor$Worker.run(ThreadPoolExecutor.java:624)
	at java.lang.Thread.run(Thread.java:748)

]]></system-err>
  </testcase>
</testsuite>