<?xml version="1.0" encoding="UTF-8"?>
<testsuite xmlns:xsi="http://www.w3.org/2001/XMLSchema-instance" xsi:noNamespaceSchemaLocation="https://maven.apache.org/surefire/maven-surefire-plugin/xsd/surefire-test-report.xsd" name="org.apache.hadoop.ozone.client.rpc.TestWatchForCommit" time="217.2" tests="5" errors="1" skipped="0" failures="1">
  <properties>
    <property name="awt.toolkit" value="sun.awt.X11.XToolkit"/>
    <property name="file.encoding.pkg" value="sun.io"/>
    <property name="java.specification.version" value="1.8"/>
    <property name="sun.cpu.isalist" value=""/>
    <property name="sun.jnu.encoding" value="UTF-8"/>
    <property name="java.class.path" value="/workdir/hadoop-ozone/integration-test/target/test-classes:/workdir/hadoop-ozone/integration-test/target/classes:/home/user/.m2/repository/org/apache/hadoop/hadoop-ozone-common/0.5.0-SNAPSHOT/hadoop-ozone-common-0.5.0-SNAPSHOT.jar:/home/user/.m2/repository/org/apache/commons/commons-compress/1.4.1/commons-compress-1.4.1.jar:/home/user/.m2/repository/org/tukaani/xz/1.0/xz-1.0.jar:/home/user/.m2/repository/org/apache/hadoop/hadoop-common/3.2.0/hadoop-common-3.2.0.jar:/home/user/.m2/repository/org/apache/hadoop/hadoop-hdfs/3.2.0/hadoop-hdfs-3.2.0.jar:/home/user/.m2/repository/org/apache/hadoop/hadoop-hdfs-client/3.2.0/hadoop-hdfs-client-3.2.0.jar:/home/user/.m2/repository/com/fasterxml/jackson/core/jackson-annotations/2.9.9/jackson-annotations-2.9.9.jar:/home/user/.m2/repository/org/apache/hadoop/hadoop-hdds-common/0.5.0-SNAPSHOT/hadoop-hdds-common-0.5.0-SNAPSHOT.jar:/home/user/.m2/repository/javax/annotation/javax.annotation-api/1.2/javax.annotation-api-1.2.jar:/home/user/.m2/repository/org/apache/ratis/ratis-server/0.5.0-201fc85-SNAPSHOT/ratis-server-0.5.0-201fc85-SNAPSHOT.jar:/home/user/.m2/repository/org/apache/ratis/ratis-thirdparty-misc/0.2.0/ratis-thirdparty-misc-0.2.0.jar:/home/user/.m2/repository/org/apache/ratis/ratis-proto/0.5.0-201fc85-SNAPSHOT/ratis-proto-0.5.0-201fc85-SNAPSHOT.jar:/home/user/.m2/repository/org/apache/ratis/ratis-common/0.5.0-201fc85-SNAPSHOT/ratis-common-0.5.0-201fc85-SNAPSHOT.jar:/home/user/.m2/repository/org/apache/ratis/ratis-client/0.5.0-201fc85-SNAPSHOT/ratis-client-0.5.0-201fc85-SNAPSHOT.jar:/home/user/.m2/repository/org/apache/ratis/ratis-metrics/0.5.0-201fc85-SNAPSHOT/ratis-metrics-0.5.0-201fc85-SNAPSHOT.jar:/home/user/.m2/repository/com/github/joshelser/dropwizard-metrics-hadoop-metrics2-reporter/0.1.2/dropwizard-metrics-hadoop-metrics2-reporter-0.1.2.jar:/home/user/.m2/repository/io/dropwizard/metrics/metrics-jvm/3.2.5/metrics-jvm-3.2.5.jar:/home/user/.m2/repository/io/dropwizard/metrics/metrics-ganglia/3.2.5/metrics-ganglia-3.2.5.jar:/home/user/.m2/repository/info/ganglia/gmetric4j/gmetric4j/1.0.7/gmetric4j-1.0.7.jar:/home/user/.m2/repository/org/apache/ratis/ratis-netty/0.5.0-201fc85-SNAPSHOT/ratis-netty-0.5.0-201fc85-SNAPSHOT.jar:/home/user/.m2/repository/org/apache/ratis/ratis-grpc/0.5.0-201fc85-SNAPSHOT/ratis-grpc-0.5.0-201fc85-SNAPSHOT.jar:/home/user/.m2/repository/org/rocksdb/rocksdbjni/6.0.1/rocksdbjni-6.0.1.jar:/home/user/.m2/repository/org/apache/logging/log4j/log4j-api/2.11.0/log4j-api-2.11.0.jar:/home/user/.m2/repository/org/apache/logging/log4j/log4j-core/2.11.0/log4j-core-2.11.0.jar:/home/user/.m2/repository/com/lmax/disruptor/3.4.2/disruptor-3.4.2.jar:/home/user/.m2/repository/org/apache/commons/commons-pool2/2.6.0/commons-pool2-2.6.0.jar:/home/user/.m2/repository/org/bouncycastle/bcpkix-jdk15on/1.60/bcpkix-jdk15on-1.60.jar:/home/user/.m2/repository/commons-validator/commons-validator/1.6/commons-validator-1.6.jar:/home/user/.m2/repository/commons-digester/commons-digester/1.8.1/commons-digester-1.8.1.jar:/home/user/.m2/repository/io/jaegertracing/jaeger-client/0.34.0/jaeger-client-0.34.0.jar:/home/user/.m2/repository/io/jaegertracing/jaeger-thrift/0.34.0/jaeger-thrift-0.34.0.jar:/home/user/.m2/repository/org/apache/thrift/libthrift/0.12.0/libthrift-0.12.0.jar:/home/user/.m2/repository/com/squareup/okhttp3/okhttp/3.9.0/okhttp-3.9.0.jar:/home/user/.m2/repository/com/squareup/okio/okio/1.13.0/okio-1.13.0.jar:/home/user/.m2/repository/io/jaegertracing/jaeger-core/0.34.0/jaeger-core-0.34.0.jar:/home/user/.m2/repository/io/jaegertracing/jaeger-tracerresolver/0.34.0/jaeger-tracerresolver-0.34.0.jar:/home/user/.m2/repository/io/opentracing/contrib/opentracing-tracerresolver/0.1.5/opentracing-tracerresolver-0.1.5.jar:/home/user/.m2/repository/io/opentracing/opentracing-util/0.31.0/opentracing-util-0.31.0.jar:/home/user/.m2/repository/io/opentracing/opentracing-api/0.31.0/opentracing-api-0.31.0.jar:/home/user/.m2/repository/io/opentracing/opentracing-noop/0.31.0/opentracing-noop-0.31.0.jar:/home/user/.m2/repository/org/apache/hadoop/hadoop-hdds-server-framework/0.5.0-SNAPSHOT/hadoop-hdds-server-framework-0.5.0-SNAPSHOT.jar:/home/user/.m2/repository/org/apache/hadoop/hadoop-hdds-container-service/0.5.0-SNAPSHOT/hadoop-hdds-container-service-0.5.0-SNAPSHOT.jar:/home/user/.m2/repository/org/apache/hadoop/hadoop-hdds-client/0.5.0-SNAPSHOT/hadoop-hdds-client-0.5.0-SNAPSHOT.jar:/home/user/.m2/repository/org/apache/hadoop/hadoop-hdds-tools/0.5.0-SNAPSHOT/hadoop-hdds-tools-0.5.0-SNAPSHOT.jar:/home/user/.m2/repository/org/apache/hadoop/hadoop-hdds-server-scm/0.5.0-SNAPSHOT/hadoop-hdds-server-scm-0.5.0-SNAPSHOT.jar:/home/user/.m2/repository/org/apache/hadoop/hadoop-hdds-docs/0.5.0-SNAPSHOT/hadoop-hdds-docs-0.5.0-SNAPSHOT.jar:/home/user/.m2/repository/io/dropwizard/metrics/metrics-core/3.2.4/metrics-core-3.2.4.jar:/home/user/.m2/repository/org/hamcrest/hamcrest-all/1.3/hamcrest-all-1.3.jar:/home/user/.m2/repository/org/bouncycastle/bcprov-jdk15on/1.60/bcprov-jdk15on-1.60.jar:/home/user/.m2/repository/info/picocli/picocli/3.9.6/picocli-3.9.6.jar:/home/user/.m2/repository/com/google/protobuf/protobuf-java/2.5.0/protobuf-java-2.5.0.jar:/home/user/.m2/repository/com/google/guava/guava/11.0.2/guava-11.0.2.jar:/home/user/.m2/repository/org/apache/hadoop/hadoop-ozone-ozone-manager/0.5.0-SNAPSHOT/hadoop-ozone-ozone-manager-0.5.0-SNAPSHOT.jar:/home/user/.m2/repository/org/apache/hadoop/hadoop-minikdc/3.2.0/hadoop-minikdc-3.2.0.jar:/home/user/.m2/repository/commons-io/commons-io/2.5/commons-io-2.5.jar:/home/user/.m2/repository/org/apache/kerby/kerb-simplekdc/1.0.1/kerb-simplekdc-1.0.1.jar:/home/user/.m2/repository/org/apache/kerby/kerb-client/1.0.1/kerb-client-1.0.1.jar:/home/user/.m2/repository/org/apache/kerby/kerby-config/1.0.1/kerby-config-1.0.1.jar:/home/user/.m2/repository/org/apache/kerby/kerb-core/1.0.1/kerb-core-1.0.1.jar:/home/user/.m2/repository/org/apache/kerby/kerby-pkix/1.0.1/kerby-pkix-1.0.1.jar:/home/user/.m2/repository/org/apache/kerby/kerby-asn1/1.0.1/kerby-asn1-1.0.1.jar:/home/user/.m2/repository/org/apache/kerby/kerby-util/1.0.1/kerby-util-1.0.1.jar:/home/user/.m2/repository/org/apache/kerby/kerb-common/1.0.1/kerb-common-1.0.1.jar:/home/user/.m2/repository/org/apache/kerby/kerb-crypto/1.0.1/kerb-crypto-1.0.1.jar:/home/user/.m2/repository/org/apache/kerby/kerb-util/1.0.1/kerb-util-1.0.1.jar:/home/user/.m2/repository/org/apache/kerby/token-provider/1.0.1/token-provider-1.0.1.jar:/home/user/.m2/repository/org/apache/kerby/kerb-admin/1.0.1/kerb-admin-1.0.1.jar:/home/user/.m2/repository/org/apache/kerby/kerb-server/1.0.1/kerb-server-1.0.1.jar:/home/user/.m2/repository/org/apache/kerby/kerb-identity/1.0.1/kerb-identity-1.0.1.jar:/home/user/.m2/repository/org/apache/kerby/kerby-xdr/1.0.1/kerby-xdr-1.0.1.jar:/home/user/.m2/repository/org/slf4j/slf4j-log4j12/1.7.25/slf4j-log4j12-1.7.25.jar:/home/user/.m2/repository/org/apache/hadoop/hadoop-ozone-s3gateway/0.5.0-SNAPSHOT/hadoop-ozone-s3gateway-0.5.0-SNAPSHOT.jar:/home/user/.m2/repository/org/jboss/weld/servlet/weld-servlet/2.4.7.Final/weld-servlet-2.4.7.Final.jar:/home/user/.m2/repository/org/glassfish/jersey/containers/jersey-container-servlet-core/2.27/jersey-container-servlet-core-2.27.jar:/home/user/.m2/repository/org/glassfish/hk2/external/javax.inject/2.5.0-b42/javax.inject-2.5.0-b42.jar:/home/user/.m2/repository/org/glassfish/jersey/core/jersey-common/2.27/jersey-common-2.27.jar:/home/user/.m2/repository/org/glassfish/hk2/osgi-resource-locator/1.0.1/osgi-resource-locator-1.0.1.jar:/home/user/.m2/repository/javax/ws/rs/javax.ws.rs-api/2.1/javax.ws.rs-api-2.1.jar:/home/user/.m2/repository/org/glassfish/jersey/ext/cdi/jersey-cdi1x/2.27/jersey-cdi1x-2.27.jar:/home/user/.m2/repository/org/glassfish/jersey/inject/jersey-hk2/2.27/jersey-hk2-2.27.jar:/home/user/.m2/repository/org/glassfish/hk2/hk2-locator/2.5.0-b42/hk2-locator-2.5.0-b42.jar:/home/user/.m2/repository/org/javassist/javassist/3.22.0-CR2/javassist-3.22.0-CR2.jar:/home/user/.m2/repository/org/glassfish/hk2/hk2-api/2.5.0/hk2-api-2.5.0.jar:/home/user/.m2/repository/org/glassfish/hk2/external/jakarta.inject/2.5.0/jakarta.inject-2.5.0.jar:/home/user/.m2/repository/org/glassfish/hk2/hk2-utils/2.5.0/hk2-utils-2.5.0.jar:/home/user/.m2/repository/jakarta/annotation/jakarta.annotation-api/1.3.4/jakarta.annotation-api-1.3.4.jar:/home/user/.m2/repository/org/glassfish/hk2/external/aopalliance-repackaged/2.5.0/aopalliance-repackaged-2.5.0.jar:/home/user/.m2/repository/com/fasterxml/jackson/dataformat/jackson-dataformat-xml/2.9.0/jackson-dataformat-xml-2.9.0.jar:/home/user/.m2/repository/com/fasterxml/jackson/core/jackson-core/2.9.9/jackson-core-2.9.9.jar:/home/user/.m2/repository/com/fasterxml/jackson/module/jackson-module-jaxb-annotations/2.9.9/jackson-module-jaxb-annotations-2.9.9.jar:/home/user/.m2/repository/javax/enterprise/cdi-api/1.2/cdi-api-1.2.jar:/home/user/.m2/repository/javax/el/javax.el-api/3.0.0/javax.el-api-3.0.0.jar:/home/user/.m2/repository/javax/interceptor/javax.interceptor-api/1.2/javax.interceptor-api-1.2.jar:/home/user/.m2/repository/javax/inject/javax.inject/1/javax.inject-1.jar:/home/user/.m2/repository/com/sun/xml/bind/jaxb-impl/2.3.0.1/jaxb-impl-2.3.0.1.jar:/home/user/.m2/repository/com/sun/xml/bind/jaxb-core/2.3.0.1/jaxb-core-2.3.0.1.jar:/home/user/.m2/repository/javax/xml/bind/jaxb-api/2.3.0/jaxb-api-2.3.0.jar:/home/user/.m2/repository/javax/activation/activation/1.1.1/activation-1.1.1.jar:/home/user/.m2/repository/org/apache/hadoop/hadoop-ozone-csi/0.5.0-SNAPSHOT/hadoop-ozone-csi-0.5.0-SNAPSHOT.jar:/home/user/.m2/repository/com/google/protobuf/protobuf-java-util/3.5.1/protobuf-java-util-3.5.1.jar:/home/user/.m2/repository/org/apache/hadoop/hadoop-hdds-config/0.5.0-SNAPSHOT/hadoop-hdds-config-0.5.0-SNAPSHOT.jar:/home/user/.m2/repository/io/grpc/grpc-netty/1.17.1/grpc-netty-1.17.1.jar:/home/user/.m2/repository/io/grpc/grpc-core/1.17.1/grpc-core-1.17.1.jar:/home/user/.m2/repository/io/grpc/grpc-context/1.17.1/grpc-context-1.17.1.jar:/home/user/.m2/repository/com/google/errorprone/error_prone_annotations/2.2.0/error_prone_annotations-2.2.0.jar:/home/user/.m2/repository/org/codehaus/mojo/animal-sniffer-annotations/1.17/animal-sniffer-annotations-1.17.jar:/home/user/.m2/repository/io/opencensus/opencensus-api/0.17.0/opencensus-api-0.17.0.jar:/home/user/.m2/repository/io/opencensus/opencensus-contrib-grpc-metrics/0.17.0/opencensus-contrib-grpc-metrics-0.17.0.jar:/home/user/.m2/repository/io/netty/netty-codec-http2/4.1.30.Final/netty-codec-http2-4.1.30.Final.jar:/home/user/.m2/repository/io/netty/netty-codec-http/4.1.30.Final/netty-codec-http-4.1.30.Final.jar:/home/user/.m2/repository/io/netty/netty-codec/4.1.30.Final/netty-codec-4.1.30.Final.jar:/home/user/.m2/repository/io/netty/netty-handler/4.1.30.Final/netty-handler-4.1.30.Final.jar:/home/user/.m2/repository/io/netty/netty-handler-proxy/4.1.30.Final/netty-handler-proxy-4.1.30.Final.jar:/home/user/.m2/repository/io/netty/netty-codec-socks/4.1.30.Final/netty-codec-socks-4.1.30.Final.jar:/home/user/.m2/repository/io/netty/netty-transport-native-epoll/4.1.30.Final/netty-transport-native-epoll-4.1.30.Final.jar:/home/user/.m2/repository/io/netty/netty-common/4.1.30.Final/netty-common-4.1.30.Final.jar:/home/user/.m2/repository/io/netty/netty-buffer/4.1.30.Final/netty-buffer-4.1.30.Final.jar:/home/user/.m2/repository/io/netty/netty-transport/4.1.30.Final/netty-transport-4.1.30.Final.jar:/home/user/.m2/repository/io/netty/netty-resolver/4.1.30.Final/netty-resolver-4.1.30.Final.jar:/home/user/.m2/repository/io/netty/netty-transport-native-unix-common/4.1.30.Final/netty-transport-native-unix-common-4.1.30.Final.jar:/home/user/.m2/repository/io/grpc/grpc-protobuf/1.17.1/grpc-protobuf-1.17.1.jar:/home/user/.m2/repository/com/google/api/grpc/proto-google-common-protos/1.0.0/proto-google-common-protos-1.0.0.jar:/home/user/.m2/repository/io/grpc/grpc-protobuf-lite/1.17.1/grpc-protobuf-lite-1.17.1.jar:/home/user/.m2/repository/io/grpc/grpc-stub/1.17.1/grpc-stub-1.17.1.jar:/home/user/.m2/repository/org/apache/hadoop/hadoop-ozone-recon/0.5.0-SNAPSHOT/hadoop-ozone-recon-0.5.0-SNAPSHOT.jar:/home/user/.m2/repository/org/apache/hadoop/hadoop-ozone-reconcodegen/0.5.0-SNAPSHOT/hadoop-ozone-reconcodegen-0.5.0-SNAPSHOT.jar:/home/user/.m2/repository/com/google/inject/extensions/guice-multibindings/4.0/guice-multibindings-4.0.jar:/home/user/.m2/repository/com/google/inject/guice/4.0/guice-4.0.jar:/home/user/.m2/repository/aopalliance/aopalliance/1.0/aopalliance-1.0.jar:/home/user/.m2/repository/com/google/inject/extensions/guice-servlet/4.0/guice-servlet-4.0.jar:/home/user/.m2/repository/org/glassfish/jersey/containers/jersey-container-servlet/2.27/jersey-container-servlet-2.27.jar:/home/user/.m2/repository/org/glassfish/hk2/guice-bridge/2.5.0/guice-bridge-2.5.0.jar:/home/user/.m2/repository/org/glassfish/jersey/core/jersey-server/2.27/jersey-server-2.27.jar:/home/user/.m2/repository/org/glassfish/jersey/core/jersey-client/2.27/jersey-client-2.27.jar:/home/user/.m2/repository/org/glassfish/jersey/media/jersey-media-jaxb/2.27/jersey-media-jaxb-2.27.jar:/home/user/.m2/repository/javax/validation/validation-api/1.1.0.Final/validation-api-1.1.0.Final.jar:/home/user/.m2/repository/org/glassfish/jersey/media/jersey-media-json-jackson/2.27/jersey-media-json-jackson-2.27.jar:/home/user/.m2/repository/org/glassfish/jersey/ext/jersey-entity-filtering/2.27/jersey-entity-filtering-2.27.jar:/home/user/.m2/repository/com/google/inject/extensions/guice-assistedinject/4.0/guice-assistedinject-4.0.jar:/home/user/.m2/repository/org/jooq/jooq/3.11.10/jooq-3.11.10.jar:/home/user/.m2/repository/org/jooq/jooq-meta/3.11.10/jooq-meta-3.11.10.jar:/home/user/.m2/repository/org/jooq/jooq-codegen/3.11.10/jooq-codegen-3.11.10.jar:/home/user/.m2/repository/com/jolbox/bonecp/0.8.0.RELEASE/bonecp-0.8.0.RELEASE.jar:/home/user/.m2/repository/org/xerial/sqlite-jdbc/3.25.2/sqlite-jdbc-3.25.2.jar:/home/user/.m2/repository/org/springframework/spring-jdbc/5.1.3.RELEASE/spring-jdbc-5.1.3.RELEASE.jar:/home/user/.m2/repository/org/springframework/spring-beans/5.1.3.RELEASE/spring-beans-5.1.3.RELEASE.jar:/home/user/.m2/repository/org/springframework/spring-core/5.1.3.RELEASE/spring-core-5.1.3.RELEASE.jar:/home/user/.m2/repository/org/springframework/spring-jcl/5.1.3.RELEASE/spring-jcl-5.1.3.RELEASE.jar:/home/user/.m2/repository/org/springframework/spring-tx/5.1.3.RELEASE/spring-tx-5.1.3.RELEASE.jar:/home/user/.m2/repository/org/apache/hadoop/hadoop-ozone-client/0.5.0-SNAPSHOT/hadoop-ozone-client-0.5.0-SNAPSHOT.jar:/home/user/.m2/repository/commons-lang/commons-lang/2.6/commons-lang-2.6.jar:/home/user/.m2/repository/org/apache/hadoop/hadoop-ozone-ozone-manager/0.5.0-SNAPSHOT/hadoop-ozone-ozone-manager-0.5.0-SNAPSHOT-tests.jar:/home/user/.m2/repository/junit/junit/4.11/junit-4.11.jar:/home/user/.m2/repository/org/hamcrest/hamcrest-core/1.3/hamcrest-core-1.3.jar:/home/user/.m2/repository/org/openjdk/jmh/jmh-core/1.19/jmh-core-1.19.jar:/home/user/.m2/repository/net/sf/jopt-simple/jopt-simple/4.6/jopt-simple-4.6.jar:/home/user/.m2/repository/org/apache/commons/commons-math3/3.1.1/commons-math3-3.1.1.jar:/home/user/.m2/repository/org/openjdk/jmh/jmh-generator-annprocess/1.19/jmh-generator-annprocess-1.19.jar:/home/user/.m2/repository/org/mockito/mockito-all/1.8.5/mockito-all-1.8.5.jar:/home/user/.m2/repository/org/apache/hadoop/hadoop-kms/3.2.0/hadoop-kms-3.2.0.jar:/home/user/.m2/repository/org/apache/hadoop/hadoop-auth/3.2.0/hadoop-auth-3.2.0.jar:/home/user/.m2/repository/com/nimbusds/nimbus-jose-jwt/4.41.1/nimbus-jose-jwt-4.41.1.jar:/home/user/.m2/repository/com/github/stephenc/jcip/jcip-annotations/1.0-1/jcip-annotations-1.0-1.jar:/home/user/.m2/repository/net/minidev/json-smart/2.3/json-smart-2.3.jar:/home/user/.m2/repository/net/minidev/accessors-smart/1.2/accessors-smart-1.2.jar:/home/user/.m2/repository/org/ow2/asm/asm/5.0.4/asm-5.0.4.jar:/home/user/.m2/repository/org/apache/curator/curator-framework/2.12.0/curator-framework-2.12.0.jar:/home/user/.m2/repository/com/sun/jersey/jersey-core/1.19/jersey-core-1.19.jar:/home/user/.m2/repository/javax/ws/rs/jsr311-api/1.1.1/jsr311-api-1.1.1.jar:/home/user/.m2/repository/com/sun/jersey/jersey-server/1.19/jersey-server-1.19.jar:/home/user/.m2/repository/javax/servlet/javax.servlet-api/3.1.0/javax.servlet-api-3.1.0.jar:/home/user/.m2/repository/org/eclipse/jetty/jetty-server/9.3.25.v20180904/jetty-server-9.3.25.v20180904.jar:/home/user/.m2/repository/org/eclipse/jetty/jetty-http/9.3.25.v20180904/jetty-http-9.3.25.v20180904.jar:/home/user/.m2/repository/org/eclipse/jetty/jetty-io/9.3.25.v20180904/jetty-io-9.3.25.v20180904.jar:/home/user/.m2/repository/org/eclipse/jetty/jetty-webapp/9.3.25.v20180904/jetty-webapp-9.3.25.v20180904.jar:/home/user/.m2/repository/org/eclipse/jetty/jetty-xml/9.3.25.v20180904/jetty-xml-9.3.25.v20180904.jar:/home/user/.m2/repository/log4j/log4j/1.2.17/log4j-1.2.17.jar:/home/user/.m2/repository/org/slf4j/slf4j-api/1.7.25/slf4j-api-1.7.25.jar:/home/user/.m2/repository/org/slf4j/jul-to-slf4j/1.7.25/jul-to-slf4j-1.7.25.jar:/home/user/.m2/repository/org/eclipse/jetty/jetty-util/9.3.25.v20180904/jetty-util-9.3.25.v20180904.jar:/home/user/.m2/repository/com/fasterxml/jackson/core/jackson-databind/2.9.9/jackson-databind-2.9.9.jar:/home/user/.m2/repository/org/apache/hadoop/hadoop-kms/3.2.0/hadoop-kms-3.2.0-tests.jar:/home/user/.m2/repository/org/apache/hadoop/hadoop-hdds-server-scm/0.5.0-SNAPSHOT/hadoop-hdds-server-scm-0.5.0-SNAPSHOT-tests.jar:/home/user/.m2/repository/org/apache/hadoop/hadoop-hdds-container-service/0.5.0-SNAPSHOT/hadoop-hdds-container-service-0.5.0-SNAPSHOT-tests.jar:/home/user/.m2/repository/org/yaml/snakeyaml/1.16/snakeyaml-1.16.jar:/home/user/.m2/repository/org/apache/hadoop/hadoop-common/3.2.0/hadoop-common-3.2.0-tests.jar:/home/user/.m2/repository/org/apache/hadoop/hadoop-annotations/3.2.0/hadoop-annotations-3.2.0.jar:/usr/lib/jvm/java-1.8-openjdk/jre/../lib/tools.jar:/home/user/.m2/repository/commons-cli/commons-cli/1.2/commons-cli-1.2.jar:/home/user/.m2/repository/org/apache/httpcomponents/httpclient/4.5.2/httpclient-4.5.2.jar:/home/user/.m2/repository/org/apache/httpcomponents/httpcore/4.4.4/httpcore-4.4.4.jar:/home/user/.m2/repository/commons-codec/commons-codec/1.11/commons-codec-1.11.jar:/home/user/.m2/repository/commons-net/commons-net/3.6/commons-net-3.6.jar:/home/user/.m2/repository/commons-collections/commons-collections/3.2.2/commons-collections-3.2.2.jar:/home/user/.m2/repository/org/eclipse/jetty/jetty-servlet/9.3.25.v20180904/jetty-servlet-9.3.25.v20180904.jar:/home/user/.m2/repository/org/eclipse/jetty/jetty-security/9.3.25.v20180904/jetty-security-9.3.25.v20180904.jar:/home/user/.m2/repository/javax/servlet/jsp/jsp-api/2.1/jsp-api-2.1.jar:/home/user/.m2/repository/com/sun/jersey/jersey-servlet/1.19/jersey-servlet-1.19.jar:/home/user/.m2/repository/com/sun/jersey/jersey-json/1.19/jersey-json-1.19.jar:/home/user/.m2/repository/org/codehaus/jettison/jettison/1.1/jettison-1.1.jar:/home/user/.m2/repository/org/codehaus/jackson/jackson-core-asl/1.9.13/jackson-core-asl-1.9.13.jar:/home/user/.m2/repository/org/codehaus/jackson/jackson-mapper-asl/1.9.13/jackson-mapper-asl-1.9.13.jar:/home/user/.m2/repository/org/codehaus/jackson/jackson-jaxrs/1.9.13/jackson-jaxrs-1.9.13.jar:/home/user/.m2/repository/org/codehaus/jackson/jackson-xc/1.9.13/jackson-xc-1.9.13.jar:/home/user/.m2/repository/commons-logging/commons-logging/1.1.3/commons-logging-1.1.3.jar:/home/user/.m2/repository/commons-beanutils/commons-beanutils/1.9.4/commons-beanutils-1.9.4.jar:/home/user/.m2/repository/org/apache/commons/commons-configuration2/2.1.1/commons-configuration2-2.1.1.jar:/home/user/.m2/repository/org/apache/commons/commons-lang3/3.7/commons-lang3-3.7.jar:/home/user/.m2/repository/org/apache/commons/commons-text/1.4/commons-text-1.4.jar:/home/user/.m2/repository/org/apache/avro/avro/1.7.7/avro-1.7.7.jar:/home/user/.m2/repository/com/thoughtworks/paranamer/paranamer/2.3/paranamer-2.3.jar:/home/user/.m2/repository/org/xerial/snappy/snappy-java/1.0.5/snappy-java-1.0.5.jar:/home/user/.m2/repository/com/google/re2j/re2j/1.1/re2j-1.1.jar:/home/user/.m2/repository/com/google/code/gson/gson/2.2.4/gson-2.2.4.jar:/home/user/.m2/repository/com/jcraft/jsch/0.1.54/jsch-0.1.54.jar:/home/user/.m2/repository/org/apache/curator/curator-client/2.12.0/curator-client-2.12.0.jar:/home/user/.m2/repository/org/apache/curator/curator-recipes/2.12.0/curator-recipes-2.12.0.jar:/home/user/.m2/repository/com/google/code/findbugs/jsr305/3.0.0/jsr305-3.0.0.jar:/home/user/.m2/repository/org/apache/htrace/htrace-core4/4.1.0-incubating/htrace-core4-4.1.0-incubating.jar:/home/user/.m2/repository/org/apache/zookeeper/zookeeper/3.4.13/zookeeper-3.4.13.jar:/home/user/.m2/repository/jline/jline/0.9.94/jline-0.9.94.jar:/home/user/.m2/repository/org/apache/yetus/audience-annotations/0.5.0/audience-annotations-0.5.0.jar:/home/user/.m2/repository/org/codehaus/woodstox/stax2-api/3.1.4/stax2-api-3.1.4.jar:/home/user/.m2/repository/com/fasterxml/woodstox/woodstox-core/5.0.3/woodstox-core-5.0.3.jar:/home/user/.m2/repository/dnsjava/dnsjava/2.1.7/dnsjava-2.1.7.jar:/home/user/.m2/repository/org/apache/hadoop/hadoop-hdfs/3.2.0/hadoop-hdfs-3.2.0-tests.jar:/home/user/.m2/repository/org/eclipse/jetty/jetty-util-ajax/9.3.25.v20180904/jetty-util-ajax-9.3.25.v20180904.jar:/home/user/.m2/repository/commons-daemon/commons-daemon/1.0.13/commons-daemon-1.0.13.jar:/home/user/.m2/repository/io/netty/netty/3.10.5.Final/netty-3.10.5.Final.jar:/home/user/.m2/repository/io/netty/netty-all/4.0.52.Final/netty-all-4.0.52.Final.jar:/home/user/.m2/repository/org/fusesource/leveldbjni/leveldbjni-all/1.8/leveldbjni-all-1.8.jar:"/>
    <property name="java.vm.vendor" value="IcedTea"/>
    <property name="sun.arch.data.model" value="64"/>
    <property name="test.build.dir" value="/workdir/hadoop-ozone/integration-test/target/test-dir"/>
    <property name="test.cache.data" value=""/>
    <property name="java.vendor.url" value="https://icedtea.classpath.org"/>
    <property name="user.timezone" value=""/>
    <property name="java.vm.specification.version" value="1.8"/>
    <property name="os.name" value="Linux"/>
    <property name="test.build.data" value="/workdir/hadoop-ozone/integration-test/target/test-dir"/>
    <property name="user.country" value="US"/>
    <property name="sun.java.launcher" value="SUN_STANDARD"/>
    <property name="sun.boot.library.path" value="/usr/lib/jvm/java-1.8-openjdk/jre/lib/amd64"/>
    <property name="sun.java.command" value="/workdir/hadoop-ozone/integration-test/target/surefire/surefirebooter5386954822488026530.jar /workdir/hadoop-ozone/integration-test/target/surefire 2019-10-04T05-11-19_983-jvmRun1 surefire8840274206542620505tmp surefire_764139636751104340576tmp"/>
    <property name="test" value="!TestMiniChaosOzoneCluster"/>
    <property name="surefire.test.class.path" value="/workdir/hadoop-ozone/integration-test/target/test-classes:/workdir/hadoop-ozone/integration-test/target/classes:/home/user/.m2/repository/org/apache/hadoop/hadoop-ozone-common/0.5.0-SNAPSHOT/hadoop-ozone-common-0.5.0-SNAPSHOT.jar:/home/user/.m2/repository/org/apache/commons/commons-compress/1.4.1/commons-compress-1.4.1.jar:/home/user/.m2/repository/org/tukaani/xz/1.0/xz-1.0.jar:/home/user/.m2/repository/org/apache/hadoop/hadoop-common/3.2.0/hadoop-common-3.2.0.jar:/home/user/.m2/repository/org/apache/hadoop/hadoop-hdfs/3.2.0/hadoop-hdfs-3.2.0.jar:/home/user/.m2/repository/org/apache/hadoop/hadoop-hdfs-client/3.2.0/hadoop-hdfs-client-3.2.0.jar:/home/user/.m2/repository/com/fasterxml/jackson/core/jackson-annotations/2.9.9/jackson-annotations-2.9.9.jar:/home/user/.m2/repository/org/apache/hadoop/hadoop-hdds-common/0.5.0-SNAPSHOT/hadoop-hdds-common-0.5.0-SNAPSHOT.jar:/home/user/.m2/repository/javax/annotation/javax.annotation-api/1.2/javax.annotation-api-1.2.jar:/home/user/.m2/repository/org/apache/ratis/ratis-server/0.5.0-201fc85-SNAPSHOT/ratis-server-0.5.0-201fc85-SNAPSHOT.jar:/home/user/.m2/repository/org/apache/ratis/ratis-thirdparty-misc/0.2.0/ratis-thirdparty-misc-0.2.0.jar:/home/user/.m2/repository/org/apache/ratis/ratis-proto/0.5.0-201fc85-SNAPSHOT/ratis-proto-0.5.0-201fc85-SNAPSHOT.jar:/home/user/.m2/repository/org/apache/ratis/ratis-common/0.5.0-201fc85-SNAPSHOT/ratis-common-0.5.0-201fc85-SNAPSHOT.jar:/home/user/.m2/repository/org/apache/ratis/ratis-client/0.5.0-201fc85-SNAPSHOT/ratis-client-0.5.0-201fc85-SNAPSHOT.jar:/home/user/.m2/repository/org/apache/ratis/ratis-metrics/0.5.0-201fc85-SNAPSHOT/ratis-metrics-0.5.0-201fc85-SNAPSHOT.jar:/home/user/.m2/repository/com/github/joshelser/dropwizard-metrics-hadoop-metrics2-reporter/0.1.2/dropwizard-metrics-hadoop-metrics2-reporter-0.1.2.jar:/home/user/.m2/repository/io/dropwizard/metrics/metrics-jvm/3.2.5/metrics-jvm-3.2.5.jar:/home/user/.m2/repository/io/dropwizard/metrics/metrics-ganglia/3.2.5/metrics-ganglia-3.2.5.jar:/home/user/.m2/repository/info/ganglia/gmetric4j/gmetric4j/1.0.7/gmetric4j-1.0.7.jar:/home/user/.m2/repository/org/apache/ratis/ratis-netty/0.5.0-201fc85-SNAPSHOT/ratis-netty-0.5.0-201fc85-SNAPSHOT.jar:/home/user/.m2/repository/org/apache/ratis/ratis-grpc/0.5.0-201fc85-SNAPSHOT/ratis-grpc-0.5.0-201fc85-SNAPSHOT.jar:/home/user/.m2/repository/org/rocksdb/rocksdbjni/6.0.1/rocksdbjni-6.0.1.jar:/home/user/.m2/repository/org/apache/logging/log4j/log4j-api/2.11.0/log4j-api-2.11.0.jar:/home/user/.m2/repository/org/apache/logging/log4j/log4j-core/2.11.0/log4j-core-2.11.0.jar:/home/user/.m2/repository/com/lmax/disruptor/3.4.2/disruptor-3.4.2.jar:/home/user/.m2/repository/org/apache/commons/commons-pool2/2.6.0/commons-pool2-2.6.0.jar:/home/user/.m2/repository/org/bouncycastle/bcpkix-jdk15on/1.60/bcpkix-jdk15on-1.60.jar:/home/user/.m2/repository/commons-validator/commons-validator/1.6/commons-validator-1.6.jar:/home/user/.m2/repository/commons-digester/commons-digester/1.8.1/commons-digester-1.8.1.jar:/home/user/.m2/repository/io/jaegertracing/jaeger-client/0.34.0/jaeger-client-0.34.0.jar:/home/user/.m2/repository/io/jaegertracing/jaeger-thrift/0.34.0/jaeger-thrift-0.34.0.jar:/home/user/.m2/repository/org/apache/thrift/libthrift/0.12.0/libthrift-0.12.0.jar:/home/user/.m2/repository/com/squareup/okhttp3/okhttp/3.9.0/okhttp-3.9.0.jar:/home/user/.m2/repository/com/squareup/okio/okio/1.13.0/okio-1.13.0.jar:/home/user/.m2/repository/io/jaegertracing/jaeger-core/0.34.0/jaeger-core-0.34.0.jar:/home/user/.m2/repository/io/jaegertracing/jaeger-tracerresolver/0.34.0/jaeger-tracerresolver-0.34.0.jar:/home/user/.m2/repository/io/opentracing/contrib/opentracing-tracerresolver/0.1.5/opentracing-tracerresolver-0.1.5.jar:/home/user/.m2/repository/io/opentracing/opentracing-util/0.31.0/opentracing-util-0.31.0.jar:/home/user/.m2/repository/io/opentracing/opentracing-api/0.31.0/opentracing-api-0.31.0.jar:/home/user/.m2/repository/io/opentracing/opentracing-noop/0.31.0/opentracing-noop-0.31.0.jar:/home/user/.m2/repository/org/apache/hadoop/hadoop-hdds-server-framework/0.5.0-SNAPSHOT/hadoop-hdds-server-framework-0.5.0-SNAPSHOT.jar:/home/user/.m2/repository/org/apache/hadoop/hadoop-hdds-container-service/0.5.0-SNAPSHOT/hadoop-hdds-container-service-0.5.0-SNAPSHOT.jar:/home/user/.m2/repository/org/apache/hadoop/hadoop-hdds-client/0.5.0-SNAPSHOT/hadoop-hdds-client-0.5.0-SNAPSHOT.jar:/home/user/.m2/repository/org/apache/hadoop/hadoop-hdds-tools/0.5.0-SNAPSHOT/hadoop-hdds-tools-0.5.0-SNAPSHOT.jar:/home/user/.m2/repository/org/apache/hadoop/hadoop-hdds-server-scm/0.5.0-SNAPSHOT/hadoop-hdds-server-scm-0.5.0-SNAPSHOT.jar:/home/user/.m2/repository/org/apache/hadoop/hadoop-hdds-docs/0.5.0-SNAPSHOT/hadoop-hdds-docs-0.5.0-SNAPSHOT.jar:/home/user/.m2/repository/io/dropwizard/metrics/metrics-core/3.2.4/metrics-core-3.2.4.jar:/home/user/.m2/repository/org/hamcrest/hamcrest-all/1.3/hamcrest-all-1.3.jar:/home/user/.m2/repository/org/bouncycastle/bcprov-jdk15on/1.60/bcprov-jdk15on-1.60.jar:/home/user/.m2/repository/info/picocli/picocli/3.9.6/picocli-3.9.6.jar:/home/user/.m2/repository/com/google/protobuf/protobuf-java/2.5.0/protobuf-java-2.5.0.jar:/home/user/.m2/repository/com/google/guava/guava/11.0.2/guava-11.0.2.jar:/home/user/.m2/repository/org/apache/hadoop/hadoop-ozone-ozone-manager/0.5.0-SNAPSHOT/hadoop-ozone-ozone-manager-0.5.0-SNAPSHOT.jar:/home/user/.m2/repository/org/apache/hadoop/hadoop-minikdc/3.2.0/hadoop-minikdc-3.2.0.jar:/home/user/.m2/repository/commons-io/commons-io/2.5/commons-io-2.5.jar:/home/user/.m2/repository/org/apache/kerby/kerb-simplekdc/1.0.1/kerb-simplekdc-1.0.1.jar:/home/user/.m2/repository/org/apache/kerby/kerb-client/1.0.1/kerb-client-1.0.1.jar:/home/user/.m2/repository/org/apache/kerby/kerby-config/1.0.1/kerby-config-1.0.1.jar:/home/user/.m2/repository/org/apache/kerby/kerb-core/1.0.1/kerb-core-1.0.1.jar:/home/user/.m2/repository/org/apache/kerby/kerby-pkix/1.0.1/kerby-pkix-1.0.1.jar:/home/user/.m2/repository/org/apache/kerby/kerby-asn1/1.0.1/kerby-asn1-1.0.1.jar:/home/user/.m2/repository/org/apache/kerby/kerby-util/1.0.1/kerby-util-1.0.1.jar:/home/user/.m2/repository/org/apache/kerby/kerb-common/1.0.1/kerb-common-1.0.1.jar:/home/user/.m2/repository/org/apache/kerby/kerb-crypto/1.0.1/kerb-crypto-1.0.1.jar:/home/user/.m2/repository/org/apache/kerby/kerb-util/1.0.1/kerb-util-1.0.1.jar:/home/user/.m2/repository/org/apache/kerby/token-provider/1.0.1/token-provider-1.0.1.jar:/home/user/.m2/repository/org/apache/kerby/kerb-admin/1.0.1/kerb-admin-1.0.1.jar:/home/user/.m2/repository/org/apache/kerby/kerb-server/1.0.1/kerb-server-1.0.1.jar:/home/user/.m2/repository/org/apache/kerby/kerb-identity/1.0.1/kerb-identity-1.0.1.jar:/home/user/.m2/repository/org/apache/kerby/kerby-xdr/1.0.1/kerby-xdr-1.0.1.jar:/home/user/.m2/repository/org/slf4j/slf4j-log4j12/1.7.25/slf4j-log4j12-1.7.25.jar:/home/user/.m2/repository/org/apache/hadoop/hadoop-ozone-s3gateway/0.5.0-SNAPSHOT/hadoop-ozone-s3gateway-0.5.0-SNAPSHOT.jar:/home/user/.m2/repository/org/jboss/weld/servlet/weld-servlet/2.4.7.Final/weld-servlet-2.4.7.Final.jar:/home/user/.m2/repository/org/glassfish/jersey/containers/jersey-container-servlet-core/2.27/jersey-container-servlet-core-2.27.jar:/home/user/.m2/repository/org/glassfish/hk2/external/javax.inject/2.5.0-b42/javax.inject-2.5.0-b42.jar:/home/user/.m2/repository/org/glassfish/jersey/core/jersey-common/2.27/jersey-common-2.27.jar:/home/user/.m2/repository/org/glassfish/hk2/osgi-resource-locator/1.0.1/osgi-resource-locator-1.0.1.jar:/home/user/.m2/repository/javax/ws/rs/javax.ws.rs-api/2.1/javax.ws.rs-api-2.1.jar:/home/user/.m2/repository/org/glassfish/jersey/ext/cdi/jersey-cdi1x/2.27/jersey-cdi1x-2.27.jar:/home/user/.m2/repository/org/glassfish/jersey/inject/jersey-hk2/2.27/jersey-hk2-2.27.jar:/home/user/.m2/repository/org/glassfish/hk2/hk2-locator/2.5.0-b42/hk2-locator-2.5.0-b42.jar:/home/user/.m2/repository/org/javassist/javassist/3.22.0-CR2/javassist-3.22.0-CR2.jar:/home/user/.m2/repository/org/glassfish/hk2/hk2-api/2.5.0/hk2-api-2.5.0.jar:/home/user/.m2/repository/org/glassfish/hk2/external/jakarta.inject/2.5.0/jakarta.inject-2.5.0.jar:/home/user/.m2/repository/org/glassfish/hk2/hk2-utils/2.5.0/hk2-utils-2.5.0.jar:/home/user/.m2/repository/jakarta/annotation/jakarta.annotation-api/1.3.4/jakarta.annotation-api-1.3.4.jar:/home/user/.m2/repository/org/glassfish/hk2/external/aopalliance-repackaged/2.5.0/aopalliance-repackaged-2.5.0.jar:/home/user/.m2/repository/com/fasterxml/jackson/dataformat/jackson-dataformat-xml/2.9.0/jackson-dataformat-xml-2.9.0.jar:/home/user/.m2/repository/com/fasterxml/jackson/core/jackson-core/2.9.9/jackson-core-2.9.9.jar:/home/user/.m2/repository/com/fasterxml/jackson/module/jackson-module-jaxb-annotations/2.9.9/jackson-module-jaxb-annotations-2.9.9.jar:/home/user/.m2/repository/javax/enterprise/cdi-api/1.2/cdi-api-1.2.jar:/home/user/.m2/repository/javax/el/javax.el-api/3.0.0/javax.el-api-3.0.0.jar:/home/user/.m2/repository/javax/interceptor/javax.interceptor-api/1.2/javax.interceptor-api-1.2.jar:/home/user/.m2/repository/javax/inject/javax.inject/1/javax.inject-1.jar:/home/user/.m2/repository/com/sun/xml/bind/jaxb-impl/2.3.0.1/jaxb-impl-2.3.0.1.jar:/home/user/.m2/repository/com/sun/xml/bind/jaxb-core/2.3.0.1/jaxb-core-2.3.0.1.jar:/home/user/.m2/repository/javax/xml/bind/jaxb-api/2.3.0/jaxb-api-2.3.0.jar:/home/user/.m2/repository/javax/activation/activation/1.1.1/activation-1.1.1.jar:/home/user/.m2/repository/org/apache/hadoop/hadoop-ozone-csi/0.5.0-SNAPSHOT/hadoop-ozone-csi-0.5.0-SNAPSHOT.jar:/home/user/.m2/repository/com/google/protobuf/protobuf-java-util/3.5.1/protobuf-java-util-3.5.1.jar:/home/user/.m2/repository/org/apache/hadoop/hadoop-hdds-config/0.5.0-SNAPSHOT/hadoop-hdds-config-0.5.0-SNAPSHOT.jar:/home/user/.m2/repository/io/grpc/grpc-netty/1.17.1/grpc-netty-1.17.1.jar:/home/user/.m2/repository/io/grpc/grpc-core/1.17.1/grpc-core-1.17.1.jar:/home/user/.m2/repository/io/grpc/grpc-context/1.17.1/grpc-context-1.17.1.jar:/home/user/.m2/repository/com/google/errorprone/error_prone_annotations/2.2.0/error_prone_annotations-2.2.0.jar:/home/user/.m2/repository/org/codehaus/mojo/animal-sniffer-annotations/1.17/animal-sniffer-annotations-1.17.jar:/home/user/.m2/repository/io/opencensus/opencensus-api/0.17.0/opencensus-api-0.17.0.jar:/home/user/.m2/repository/io/opencensus/opencensus-contrib-grpc-metrics/0.17.0/opencensus-contrib-grpc-metrics-0.17.0.jar:/home/user/.m2/repository/io/netty/netty-codec-http2/4.1.30.Final/netty-codec-http2-4.1.30.Final.jar:/home/user/.m2/repository/io/netty/netty-codec-http/4.1.30.Final/netty-codec-http-4.1.30.Final.jar:/home/user/.m2/repository/io/netty/netty-codec/4.1.30.Final/netty-codec-4.1.30.Final.jar:/home/user/.m2/repository/io/netty/netty-handler/4.1.30.Final/netty-handler-4.1.30.Final.jar:/home/user/.m2/repository/io/netty/netty-handler-proxy/4.1.30.Final/netty-handler-proxy-4.1.30.Final.jar:/home/user/.m2/repository/io/netty/netty-codec-socks/4.1.30.Final/netty-codec-socks-4.1.30.Final.jar:/home/user/.m2/repository/io/netty/netty-transport-native-epoll/4.1.30.Final/netty-transport-native-epoll-4.1.30.Final.jar:/home/user/.m2/repository/io/netty/netty-common/4.1.30.Final/netty-common-4.1.30.Final.jar:/home/user/.m2/repository/io/netty/netty-buffer/4.1.30.Final/netty-buffer-4.1.30.Final.jar:/home/user/.m2/repository/io/netty/netty-transport/4.1.30.Final/netty-transport-4.1.30.Final.jar:/home/user/.m2/repository/io/netty/netty-resolver/4.1.30.Final/netty-resolver-4.1.30.Final.jar:/home/user/.m2/repository/io/netty/netty-transport-native-unix-common/4.1.30.Final/netty-transport-native-unix-common-4.1.30.Final.jar:/home/user/.m2/repository/io/grpc/grpc-protobuf/1.17.1/grpc-protobuf-1.17.1.jar:/home/user/.m2/repository/com/google/api/grpc/proto-google-common-protos/1.0.0/proto-google-common-protos-1.0.0.jar:/home/user/.m2/repository/io/grpc/grpc-protobuf-lite/1.17.1/grpc-protobuf-lite-1.17.1.jar:/home/user/.m2/repository/io/grpc/grpc-stub/1.17.1/grpc-stub-1.17.1.jar:/home/user/.m2/repository/org/apache/hadoop/hadoop-ozone-recon/0.5.0-SNAPSHOT/hadoop-ozone-recon-0.5.0-SNAPSHOT.jar:/home/user/.m2/repository/org/apache/hadoop/hadoop-ozone-reconcodegen/0.5.0-SNAPSHOT/hadoop-ozone-reconcodegen-0.5.0-SNAPSHOT.jar:/home/user/.m2/repository/com/google/inject/extensions/guice-multibindings/4.0/guice-multibindings-4.0.jar:/home/user/.m2/repository/com/google/inject/guice/4.0/guice-4.0.jar:/home/user/.m2/repository/aopalliance/aopalliance/1.0/aopalliance-1.0.jar:/home/user/.m2/repository/com/google/inject/extensions/guice-servlet/4.0/guice-servlet-4.0.jar:/home/user/.m2/repository/org/glassfish/jersey/containers/jersey-container-servlet/2.27/jersey-container-servlet-2.27.jar:/home/user/.m2/repository/org/glassfish/hk2/guice-bridge/2.5.0/guice-bridge-2.5.0.jar:/home/user/.m2/repository/org/glassfish/jersey/core/jersey-server/2.27/jersey-server-2.27.jar:/home/user/.m2/repository/org/glassfish/jersey/core/jersey-client/2.27/jersey-client-2.27.jar:/home/user/.m2/repository/org/glassfish/jersey/media/jersey-media-jaxb/2.27/jersey-media-jaxb-2.27.jar:/home/user/.m2/repository/javax/validation/validation-api/1.1.0.Final/validation-api-1.1.0.Final.jar:/home/user/.m2/repository/org/glassfish/jersey/media/jersey-media-json-jackson/2.27/jersey-media-json-jackson-2.27.jar:/home/user/.m2/repository/org/glassfish/jersey/ext/jersey-entity-filtering/2.27/jersey-entity-filtering-2.27.jar:/home/user/.m2/repository/com/google/inject/extensions/guice-assistedinject/4.0/guice-assistedinject-4.0.jar:/home/user/.m2/repository/org/jooq/jooq/3.11.10/jooq-3.11.10.jar:/home/user/.m2/repository/org/jooq/jooq-meta/3.11.10/jooq-meta-3.11.10.jar:/home/user/.m2/repository/org/jooq/jooq-codegen/3.11.10/jooq-codegen-3.11.10.jar:/home/user/.m2/repository/com/jolbox/bonecp/0.8.0.RELEASE/bonecp-0.8.0.RELEASE.jar:/home/user/.m2/repository/org/xerial/sqlite-jdbc/3.25.2/sqlite-jdbc-3.25.2.jar:/home/user/.m2/repository/org/springframework/spring-jdbc/5.1.3.RELEASE/spring-jdbc-5.1.3.RELEASE.jar:/home/user/.m2/repository/org/springframework/spring-beans/5.1.3.RELEASE/spring-beans-5.1.3.RELEASE.jar:/home/user/.m2/repository/org/springframework/spring-core/5.1.3.RELEASE/spring-core-5.1.3.RELEASE.jar:/home/user/.m2/repository/org/springframework/spring-jcl/5.1.3.RELEASE/spring-jcl-5.1.3.RELEASE.jar:/home/user/.m2/repository/org/springframework/spring-tx/5.1.3.RELEASE/spring-tx-5.1.3.RELEASE.jar:/home/user/.m2/repository/org/apache/hadoop/hadoop-ozone-client/0.5.0-SNAPSHOT/hadoop-ozone-client-0.5.0-SNAPSHOT.jar:/home/user/.m2/repository/commons-lang/commons-lang/2.6/commons-lang-2.6.jar:/home/user/.m2/repository/org/apache/hadoop/hadoop-ozone-ozone-manager/0.5.0-SNAPSHOT/hadoop-ozone-ozone-manager-0.5.0-SNAPSHOT-tests.jar:/home/user/.m2/repository/junit/junit/4.11/junit-4.11.jar:/home/user/.m2/repository/org/hamcrest/hamcrest-core/1.3/hamcrest-core-1.3.jar:/home/user/.m2/repository/org/openjdk/jmh/jmh-core/1.19/jmh-core-1.19.jar:/home/user/.m2/repository/net/sf/jopt-simple/jopt-simple/4.6/jopt-simple-4.6.jar:/home/user/.m2/repository/org/apache/commons/commons-math3/3.1.1/commons-math3-3.1.1.jar:/home/user/.m2/repository/org/openjdk/jmh/jmh-generator-annprocess/1.19/jmh-generator-annprocess-1.19.jar:/home/user/.m2/repository/org/mockito/mockito-all/1.8.5/mockito-all-1.8.5.jar:/home/user/.m2/repository/org/apache/hadoop/hadoop-kms/3.2.0/hadoop-kms-3.2.0.jar:/home/user/.m2/repository/org/apache/hadoop/hadoop-auth/3.2.0/hadoop-auth-3.2.0.jar:/home/user/.m2/repository/com/nimbusds/nimbus-jose-jwt/4.41.1/nimbus-jose-jwt-4.41.1.jar:/home/user/.m2/repository/com/github/stephenc/jcip/jcip-annotations/1.0-1/jcip-annotations-1.0-1.jar:/home/user/.m2/repository/net/minidev/json-smart/2.3/json-smart-2.3.jar:/home/user/.m2/repository/net/minidev/accessors-smart/1.2/accessors-smart-1.2.jar:/home/user/.m2/repository/org/ow2/asm/asm/5.0.4/asm-5.0.4.jar:/home/user/.m2/repository/org/apache/curator/curator-framework/2.12.0/curator-framework-2.12.0.jar:/home/user/.m2/repository/com/sun/jersey/jersey-core/1.19/jersey-core-1.19.jar:/home/user/.m2/repository/javax/ws/rs/jsr311-api/1.1.1/jsr311-api-1.1.1.jar:/home/user/.m2/repository/com/sun/jersey/jersey-server/1.19/jersey-server-1.19.jar:/home/user/.m2/repository/javax/servlet/javax.servlet-api/3.1.0/javax.servlet-api-3.1.0.jar:/home/user/.m2/repository/org/eclipse/jetty/jetty-server/9.3.25.v20180904/jetty-server-9.3.25.v20180904.jar:/home/user/.m2/repository/org/eclipse/jetty/jetty-http/9.3.25.v20180904/jetty-http-9.3.25.v20180904.jar:/home/user/.m2/repository/org/eclipse/jetty/jetty-io/9.3.25.v20180904/jetty-io-9.3.25.v20180904.jar:/home/user/.m2/repository/org/eclipse/jetty/jetty-webapp/9.3.25.v20180904/jetty-webapp-9.3.25.v20180904.jar:/home/user/.m2/repository/org/eclipse/jetty/jetty-xml/9.3.25.v20180904/jetty-xml-9.3.25.v20180904.jar:/home/user/.m2/repository/log4j/log4j/1.2.17/log4j-1.2.17.jar:/home/user/.m2/repository/org/slf4j/slf4j-api/1.7.25/slf4j-api-1.7.25.jar:/home/user/.m2/repository/org/slf4j/jul-to-slf4j/1.7.25/jul-to-slf4j-1.7.25.jar:/home/user/.m2/repository/org/eclipse/jetty/jetty-util/9.3.25.v20180904/jetty-util-9.3.25.v20180904.jar:/home/user/.m2/repository/com/fasterxml/jackson/core/jackson-databind/2.9.9/jackson-databind-2.9.9.jar:/home/user/.m2/repository/org/apache/hadoop/hadoop-kms/3.2.0/hadoop-kms-3.2.0-tests.jar:/home/user/.m2/repository/org/apache/hadoop/hadoop-hdds-server-scm/0.5.0-SNAPSHOT/hadoop-hdds-server-scm-0.5.0-SNAPSHOT-tests.jar:/home/user/.m2/repository/org/apache/hadoop/hadoop-hdds-container-service/0.5.0-SNAPSHOT/hadoop-hdds-container-service-0.5.0-SNAPSHOT-tests.jar:/home/user/.m2/repository/org/yaml/snakeyaml/1.16/snakeyaml-1.16.jar:/home/user/.m2/repository/org/apache/hadoop/hadoop-common/3.2.0/hadoop-common-3.2.0-tests.jar:/home/user/.m2/repository/org/apache/hadoop/hadoop-annotations/3.2.0/hadoop-annotations-3.2.0.jar:/usr/lib/jvm/java-1.8-openjdk/jre/../lib/tools.jar:/home/user/.m2/repository/commons-cli/commons-cli/1.2/commons-cli-1.2.jar:/home/user/.m2/repository/org/apache/httpcomponents/httpclient/4.5.2/httpclient-4.5.2.jar:/home/user/.m2/repository/org/apache/httpcomponents/httpcore/4.4.4/httpcore-4.4.4.jar:/home/user/.m2/repository/commons-codec/commons-codec/1.11/commons-codec-1.11.jar:/home/user/.m2/repository/commons-net/commons-net/3.6/commons-net-3.6.jar:/home/user/.m2/repository/commons-collections/commons-collections/3.2.2/commons-collections-3.2.2.jar:/home/user/.m2/repository/org/eclipse/jetty/jetty-servlet/9.3.25.v20180904/jetty-servlet-9.3.25.v20180904.jar:/home/user/.m2/repository/org/eclipse/jetty/jetty-security/9.3.25.v20180904/jetty-security-9.3.25.v20180904.jar:/home/user/.m2/repository/javax/servlet/jsp/jsp-api/2.1/jsp-api-2.1.jar:/home/user/.m2/repository/com/sun/jersey/jersey-servlet/1.19/jersey-servlet-1.19.jar:/home/user/.m2/repository/com/sun/jersey/jersey-json/1.19/jersey-json-1.19.jar:/home/user/.m2/repository/org/codehaus/jettison/jettison/1.1/jettison-1.1.jar:/home/user/.m2/repository/org/codehaus/jackson/jackson-core-asl/1.9.13/jackson-core-asl-1.9.13.jar:/home/user/.m2/repository/org/codehaus/jackson/jackson-mapper-asl/1.9.13/jackson-mapper-asl-1.9.13.jar:/home/user/.m2/repository/org/codehaus/jackson/jackson-jaxrs/1.9.13/jackson-jaxrs-1.9.13.jar:/home/user/.m2/repository/org/codehaus/jackson/jackson-xc/1.9.13/jackson-xc-1.9.13.jar:/home/user/.m2/repository/commons-logging/commons-logging/1.1.3/commons-logging-1.1.3.jar:/home/user/.m2/repository/commons-beanutils/commons-beanutils/1.9.4/commons-beanutils-1.9.4.jar:/home/user/.m2/repository/org/apache/commons/commons-configuration2/2.1.1/commons-configuration2-2.1.1.jar:/home/user/.m2/repository/org/apache/commons/commons-lang3/3.7/commons-lang3-3.7.jar:/home/user/.m2/repository/org/apache/commons/commons-text/1.4/commons-text-1.4.jar:/home/user/.m2/repository/org/apache/avro/avro/1.7.7/avro-1.7.7.jar:/home/user/.m2/repository/com/thoughtworks/paranamer/paranamer/2.3/paranamer-2.3.jar:/home/user/.m2/repository/org/xerial/snappy/snappy-java/1.0.5/snappy-java-1.0.5.jar:/home/user/.m2/repository/com/google/re2j/re2j/1.1/re2j-1.1.jar:/home/user/.m2/repository/com/google/code/gson/gson/2.2.4/gson-2.2.4.jar:/home/user/.m2/repository/com/jcraft/jsch/0.1.54/jsch-0.1.54.jar:/home/user/.m2/repository/org/apache/curator/curator-client/2.12.0/curator-client-2.12.0.jar:/home/user/.m2/repository/org/apache/curator/curator-recipes/2.12.0/curator-recipes-2.12.0.jar:/home/user/.m2/repository/com/google/code/findbugs/jsr305/3.0.0/jsr305-3.0.0.jar:/home/user/.m2/repository/org/apache/htrace/htrace-core4/4.1.0-incubating/htrace-core4-4.1.0-incubating.jar:/home/user/.m2/repository/org/apache/zookeeper/zookeeper/3.4.13/zookeeper-3.4.13.jar:/home/user/.m2/repository/jline/jline/0.9.94/jline-0.9.94.jar:/home/user/.m2/repository/org/apache/yetus/audience-annotations/0.5.0/audience-annotations-0.5.0.jar:/home/user/.m2/repository/org/codehaus/woodstox/stax2-api/3.1.4/stax2-api-3.1.4.jar:/home/user/.m2/repository/com/fasterxml/woodstox/woodstox-core/5.0.3/woodstox-core-5.0.3.jar:/home/user/.m2/repository/dnsjava/dnsjava/2.1.7/dnsjava-2.1.7.jar:/home/user/.m2/repository/org/apache/hadoop/hadoop-hdfs/3.2.0/hadoop-hdfs-3.2.0-tests.jar:/home/user/.m2/repository/org/eclipse/jetty/jetty-util-ajax/9.3.25.v20180904/jetty-util-ajax-9.3.25.v20180904.jar:/home/user/.m2/repository/commons-daemon/commons-daemon/1.0.13/commons-daemon-1.0.13.jar:/home/user/.m2/repository/io/netty/netty/3.10.5.Final/netty-3.10.5.Final.jar:/home/user/.m2/repository/io/netty/netty-all/4.0.52.Final/netty-all-4.0.52.Final.jar:/home/user/.m2/repository/org/fusesource/leveldbjni/leveldbjni-all/1.8/leveldbjni-all-1.8.jar:"/>
    <property name="sun.cpu.endian" value="little"/>
    <property name="user.home" value="/home/user"/>
    <property name="user.language" value="en"/>
    <property name="java.specification.vendor" value="Oracle Corporation"/>
    <property name="java.home" value="/usr/lib/jvm/java-1.8-openjdk/jre"/>
    <property name="java.security.krb5.conf" value="/workdir/hadoop-ozone/integration-test/target/test-classes/krb5.conf"/>
    <property name="basedir" value="/workdir/hadoop-ozone/integration-test"/>
    <property name="file.separator" value="/"/>
    <property name="line.separator" value="&#10;"/>
    <property name="java.vm.specification.vendor" value="Oracle Corporation"/>
    <property name="java.specification.name" value="Java Platform API Specification"/>
    <property name="java.awt.graphicsenv" value="sun.awt.X11GraphicsEnvironment"/>
    <property name="surefire.real.class.path" value="/workdir/hadoop-ozone/integration-test/target/surefire/surefirebooter5386954822488026530.jar"/>
    <property name="hadoop.log.dir" value="/workdir/hadoop-ozone/integration-test/target/log"/>
    <property name="sun.boot.class.path" value="/usr/lib/jvm/java-1.8-openjdk/jre/lib/resources.jar:/usr/lib/jvm/java-1.8-openjdk/jre/lib/rt.jar:/usr/lib/jvm/java-1.8-openjdk/jre/lib/sunrsasign.jar:/usr/lib/jvm/java-1.8-openjdk/jre/lib/jsse.jar:/usr/lib/jvm/java-1.8-openjdk/jre/lib/jce.jar:/usr/lib/jvm/java-1.8-openjdk/jre/lib/charsets.jar:/usr/lib/jvm/java-1.8-openjdk/jre/lib/jfr.jar:/usr/lib/jvm/java-1.8-openjdk/jre/classes"/>
    <property name="sun.management.compiler" value="HotSpot 64-Bit Tiered Compilers"/>
    <property name="java.runtime.version" value="1.8.0_212-b04"/>
    <property name="java.net.preferIPv4Stack" value="true"/>
    <property name="user.name" value="jenkins1000"/>
    <property name="path.separator" value=":"/>
    <property name="java.security.egd" value="file:///dev/urandom"/>
    <property name="os.version" value="3.10.0-957.12.2.el7.x86_64"/>
    <property name="java.endorsed.dirs" value="/usr/lib/jvm/java-1.8-openjdk/jre/lib/endorsed"/>
    <property name="java.runtime.name" value="OpenJDK Runtime Environment"/>
    <property name="file.encoding" value="UTF-8"/>
    <property name="java.vm.name" value="OpenJDK 64-Bit Server VM"/>
    <property name="test.build.webapps" value=""/>
    <property name="localRepository" value="/home/user/.m2/repository"/>
    <property name="java.vendor.url.bug" value="https://icedtea.classpath.org/bugzilla"/>
    <property name="java.io.tmpdir" value="/tmp"/>
    <property name="require.test.libhadoop" value=""/>
    <property name="java.version" value="1.8.0_212"/>
    <property name="user.dir" value="/workdir/hadoop-ozone/integration-test"/>
    <property name="os.arch" value="amd64"/>
    <property name="java.vm.specification.name" value="Java Virtual Machine Specification"/>
    <property name="test.build.classes" value="/workdir/hadoop-ozone/integration-test/target/test-classes"/>
    <property name="java.awt.printerjob" value="sun.print.PSPrinterJob"/>
    <property name="sun.os.patch.level" value="unknown"/>
    <property name="hadoop.tmp.dir" value="/workdir/hadoop-ozone/integration-test/target/tmp"/>
    <property name="java.library.path" value="/usr/lib/jvm/java-1.8-openjdk/jre/lib/amd64/server:/usr/lib/jvm/java-1.8-openjdk/jre/lib/amd64:/usr/lib/jvm/java-1.8-openjdk/jre/../lib/amd64:/workdir/hadoop-ozone/integration-test/target/native/target/usr/local/lib:/workdir/hadoop-ozone/integration-test/../../hadoop-common-project/hadoop-common/target/native/target/usr/local/lib:/usr/java/packages/lib/amd64:/usr/lib64:/lib64:/lib:/usr/lib"/>
    <property name="java.vm.info" value="mixed mode"/>
    <property name="java.vendor" value="IcedTea"/>
    <property name="java.vm.version" value="25.212-b04"/>
    <property name="java.ext.dirs" value="/usr/lib/jvm/java-1.8-openjdk/jre/lib/ext:/usr/java/packages/lib/ext"/>
    <property name="sun.io.unicode.encoding" value="UnicodeLittle"/>
    <property name="java.class.version" value="52.0"/>
  </properties>
  <testcase name="testWatchForCommitWithKeyWrite" classname="org.apache.hadoop.ozone.client.rpc.TestWatchForCommit" time="58.351"/>
  <testcase name="testWatchForCommitWithSmallerTimeoutValue" classname="org.apache.hadoop.ozone.client.rpc.TestWatchForCommit" time="42.48"/>
  <testcase name="testWatchForCommitForRetryfailure" classname="org.apache.hadoop.ozone.client.rpc.TestWatchForCommit" time="60.873">
    <failure type="java.lang.AssertionError">java.lang.AssertionError
	at org.junit.Assert.fail(Assert.java:86)
	at org.junit.Assert.assertTrue(Assert.java:41)
	at org.junit.Assert.assertTrue(Assert.java:52)
	at org.apache.hadoop.ozone.client.rpc.TestWatchForCommit.testWatchForCommitForRetryfailure(TestWatchForCommit.java:348)
	at sun.reflect.NativeMethodAccessorImpl.invoke0(Native Method)
	at sun.reflect.NativeMethodAccessorImpl.invoke(NativeMethodAccessorImpl.java:62)
	at sun.reflect.DelegatingMethodAccessorImpl.invoke(DelegatingMethodAccessorImpl.java:43)
	at java.lang.reflect.Method.invoke(Method.java:498)
	at org.junit.runners.model.FrameworkMethod$1.runReflectiveCall(FrameworkMethod.java:47)
	at org.junit.internal.runners.model.ReflectiveCallable.run(ReflectiveCallable.java:12)
	at org.junit.runners.model.FrameworkMethod.invokeExplosively(FrameworkMethod.java:44)
	at org.junit.internal.runners.statements.InvokeMethod.evaluate(InvokeMethod.java:17)
	at org.junit.runners.ParentRunner.runLeaf(ParentRunner.java:271)
	at org.junit.runners.BlockJUnit4ClassRunner.runChild(BlockJUnit4ClassRunner.java:70)
	at org.junit.runners.BlockJUnit4ClassRunner.runChild(BlockJUnit4ClassRunner.java:50)
	at org.junit.runners.ParentRunner$3.run(ParentRunner.java:238)
	at org.junit.runners.ParentRunner$1.schedule(ParentRunner.java:63)
	at org.junit.runners.ParentRunner.runChildren(ParentRunner.java:236)
	at org.junit.runners.ParentRunner.access$000(ParentRunner.java:53)
	at org.junit.runners.ParentRunner$2.evaluate(ParentRunner.java:229)
	at org.junit.runners.ParentRunner.run(ParentRunner.java:309)
	at org.apache.maven.surefire.junit4.JUnit4Provider.execute(JUnit4Provider.java:365)
	at org.apache.maven.surefire.junit4.JUnit4Provider.executeWithRerun(JUnit4Provider.java:273)
	at org.apache.maven.surefire.junit4.JUnit4Provider.executeTestSet(JUnit4Provider.java:238)
	at org.apache.maven.surefire.junit4.JUnit4Provider.invoke(JUnit4Provider.java:159)
	at org.apache.maven.surefire.booter.ForkedBooter.invokeProviderInSameClassLoader(ForkedBooter.java:384)
	at org.apache.maven.surefire.booter.ForkedBooter.runSuitesInProcess(ForkedBooter.java:345)
	at org.apache.maven.surefire.booter.ForkedBooter.execute(ForkedBooter.java:126)
	at org.apache.maven.surefire.booter.ForkedBooter.main(ForkedBooter.java:418)
</failure>
    <system-out><![CDATA[2019-10-04 06:28:35,633 [main] WARN  server.ServerUtils (ServerUtils.java:getScmDbDir(145)) - ozone.scm.db.dirs is not configured. We recommend adding this setting. Falling back to ozone.metadata.dirs instead.
2019-10-04 06:28:35,648 [main] WARN  server.ServerUtils (ServerUtils.java:getScmDbDir(145)) - ozone.scm.db.dirs is not configured. We recommend adding this setting. Falling back to ozone.metadata.dirs instead.
2019-10-04 06:28:35,648 [main] WARN  server.ServerUtils (ServerUtils.java:getScmDbDir(145)) - ozone.scm.db.dirs is not configured. We recommend adding this setting. Falling back to ozone.metadata.dirs instead.
2019-10-04 06:28:35,649 [main] INFO  db.DBStoreBuilder (DBStoreBuilder.java:addTable(117)) - using custom profile for table: deletedBlocks
2019-10-04 06:28:35,649 [main] INFO  db.DBStoreBuilder (DBStoreBuilder.java:processTables(168)) - Using default column profile:DBProfile.DISK for Table:deletedBlocks
2019-10-04 06:28:35,649 [main] INFO  db.DBStoreBuilder (DBStoreBuilder.java:addTable(117)) - using custom profile for table: validCerts
2019-10-04 06:28:35,650 [main] INFO  db.DBStoreBuilder (DBStoreBuilder.java:processTables(168)) - Using default column profile:DBProfile.DISK for Table:validCerts
2019-10-04 06:28:35,650 [main] INFO  db.DBStoreBuilder (DBStoreBuilder.java:addTable(117)) - using custom profile for table: revokedCerts
2019-10-04 06:28:35,650 [main] INFO  db.DBStoreBuilder (DBStoreBuilder.java:processTables(168)) - Using default column profile:DBProfile.DISK for Table:revokedCerts
2019-10-04 06:28:35,650 [main] INFO  db.DBStoreBuilder (DBStoreBuilder.java:addTable(117)) - using custom profile for table: default
2019-10-04 06:28:35,650 [main] INFO  db.DBStoreBuilder (DBStoreBuilder.java:processTables(174)) - Using default column profile:DBProfile.DISK for Table:default
2019-10-04 06:28:35,651 [main] INFO  db.DBStoreBuilder (DBStoreBuilder.java:getDbProfile(205)) - Using default options. DBProfile.DISK
2019-10-04 06:28:35,795 [main] INFO  net.NodeSchemaLoader (NodeSchemaLoader.java:loadSchemaFromFile(125)) - Loading file from sun.misc.CompoundEnumeration@71370fec
2019-10-04 06:28:35,795 [main] INFO  net.NodeSchemaLoader (NodeSchemaLoader.java:loadSchema(171)) - Loading network topology layer schema file
2019-10-04 06:28:35,799 [main] WARN  server.ServerUtils (ServerUtils.java:sanitizeUserArgs(70)) - ozone.scm.stale.node.interval value = 300000 is larger than max = 100000 based on the key value of ozone.scm.heartbeat.thread.interval, reset to the max value 100000.
2019-10-04 06:28:35,800 [main] WARN  server.ServerUtils (ServerUtils.java:sanitizeUserArgs(70)) - ozone.scm.stale.node.interval value = 300000 is larger than max = 100000 based on the key value of ozone.scm.heartbeat.thread.interval, reset to the max value 100000.
2019-10-04 06:28:35,800 [main] INFO  node.SCMNodeManager (SCMNodeManager.java:<init>(114)) - Entering startup safe mode.
2019-10-04 06:28:35,801 [main] INFO  algorithms.ContainerPlacementPolicyFactory (ContainerPlacementPolicyFactory.java:getPolicy(57)) - Create container placement policy of type org.apache.hadoop.hdds.scm.container.placement.algorithms.SCMContainerPlacementRandom
2019-10-04 06:28:35,801 [main] WARN  server.ServerUtils (ServerUtils.java:getScmDbDir(145)) - ozone.scm.db.dirs is not configured. We recommend adding this setting. Falling back to ozone.metadata.dirs instead.
2019-10-04 06:28:35,828 [main] INFO  pipeline.SCMPipelineManager (SCMPipelineManager.java:initializePipelineState(132)) - No pipeline exists in current db
2019-10-04 06:28:35,829 [main] WARN  server.ServerUtils (ServerUtils.java:getScmDbDir(145)) - ozone.scm.db.dirs is not configured. We recommend adding this setting. Falling back to ozone.metadata.dirs instead.
2019-10-04 06:28:35,849 [main] WARN  events.EventQueue (EventQueue.java:fireEvent(183)) - No event handler registered for event TypedEvent{payloadType=SafeModeStatus, name='SafeModeStatus'}
2019-10-04 06:28:35,850 [main] INFO  ipc.CallQueueManager (CallQueueManager.java:<init>(84)) - Using callQueue: class java.util.concurrent.LinkedBlockingQueue, queueCapacity: 2000, scheduler: class org.apache.hadoop.ipc.DefaultRpcScheduler, ipcBackoff: false.
2019-10-04 06:28:35,851 [Socket Reader #1 for port 42144] INFO  ipc.Server (Server.java:run(1074)) - Starting Socket Reader #1 for port 42144
2019-10-04 06:28:35,853 [main] INFO  ipc.CallQueueManager (CallQueueManager.java:<init>(84)) - Using callQueue: class java.util.concurrent.LinkedBlockingQueue, queueCapacity: 2000, scheduler: class org.apache.hadoop.ipc.DefaultRpcScheduler, ipcBackoff: false.
2019-10-04 06:28:35,854 [Socket Reader #1 for port 42973] INFO  ipc.Server (Server.java:run(1074)) - Starting Socket Reader #1 for port 42973
2019-10-04 06:28:35,856 [main] INFO  ipc.CallQueueManager (CallQueueManager.java:<init>(84)) - Using callQueue: class java.util.concurrent.LinkedBlockingQueue, queueCapacity: 2000, scheduler: class org.apache.hadoop.ipc.DefaultRpcScheduler, ipcBackoff: false.
2019-10-04 06:28:35,856 [Socket Reader #1 for port 43435] INFO  ipc.Server (Server.java:run(1074)) - Starting Socket Reader #1 for port 43435
2019-10-04 06:28:35,858 [main] INFO  hdfs.DFSUtil (DFSUtil.java:httpServerTemplateForNNAndJN(1641)) - Starting Web-server for scm at: http://0.0.0.0:0
2019-10-04 06:28:35,860 [main] INFO  server.AuthenticationFilter (AuthenticationFilter.java:constructSecretProvider(240)) - Unable to initialize FileSignerSecretProvider, falling back to use random secrets.
2019-10-04 06:28:35,861 [main] WARN  http.HttpRequestLog (HttpRequestLog.java:getRequestLog(97)) - Jetty request log can only be enabled using Log4j
2019-10-04 06:28:35,863 [main] INFO  http.HttpServer2 (HttpServer2.java:addGlobalFilter(975)) - Added global filter 'safety' (class=org.apache.hadoop.http.HttpServer2$QuotingInputFilter)
2019-10-04 06:28:35,863 [main] INFO  http.HttpServer2 (HttpServer2.java:addFilter(948)) - Added filter static_user_filter (class=org.apache.hadoop.http.lib.StaticUserWebFilter$StaticUserFilter) to context scm
2019-10-04 06:28:35,863 [main] INFO  http.HttpServer2 (HttpServer2.java:addFilter(958)) - Added filter static_user_filter (class=org.apache.hadoop.http.lib.StaticUserWebFilter$StaticUserFilter) to context static
2019-10-04 06:28:35,863 [main] INFO  http.HttpServer2 (HttpServer2.java:addFilter(958)) - Added filter static_user_filter (class=org.apache.hadoop.http.lib.StaticUserWebFilter$StaticUserFilter) to context logs
2019-10-04 06:28:35,866 [main] INFO  server.StorageContainerManager (StorageContainerManager.java:start(770)) - StorageContainerLocationProtocol RPC server is listening at /0.0.0.0:43435
2019-10-04 06:28:35,869 [main] WARN  impl.MetricsConfig (MetricsConfig.java:loadFirst(134)) - Cannot locate configuration: tried hadoop-metrics2-storagecontainermanager.properties,hadoop-metrics2.properties
2019-10-04 06:28:35,870 [main] INFO  impl.MetricsSystemImpl (MetricsSystemImpl.java:startTimer(374)) - Scheduled Metric snapshot period at 10 second(s).
2019-10-04 06:28:35,871 [main] INFO  impl.MetricsSystemImpl (MetricsSystemImpl.java:start(191)) - StorageContainerManager metrics system started
2019-10-04 06:28:35,902 [main] INFO  lib.Interns (Interns.java:removeEldestEntry(50)) - Metrics intern cache overflow at 2011 for MetricsSystem={MetricsSystem=MetricsInfoImpl{name=MetricsSystem, description=MetricsSystem}, MetricsSystem record=MetricsInfoImpl{name=MetricsSystem, description=MetricsSystem record}}
2019-10-04 06:28:35,919 [main] WARN  impl.MetricsSystemImpl (MetricsSystemImpl.java:register(276)) - Sink prometheus already exists!
2019-10-04 06:28:35,963 [main] INFO  server.SCMClientProtocolServer (SCMClientProtocolServer.java:start(159)) - RPC server for Client  is listening at /0.0.0.0:43435
2019-10-04 06:28:35,963 [IPC Server listener on 43435] INFO  ipc.Server (Server.java:run(1153)) - IPC Server listener on 43435: starting
2019-10-04 06:28:35,963 [IPC Server Responder] INFO  ipc.Server (Server.java:run(1314)) - IPC Server Responder: starting
2019-10-04 06:28:35,967 [main] INFO  server.StorageContainerManager (StorageContainerManager.java:start(780)) - ScmBlockLocationProtocol RPC server is listening at /0.0.0.0:42973
2019-10-04 06:28:35,967 [main] INFO  server.SCMBlockProtocolServer (SCMBlockProtocolServer.java:start(146)) - RPC server for Block Protocol is listening at /0.0.0.0:42973
2019-10-04 06:28:35,968 [IPC Server Responder] INFO  ipc.Server (Server.java:run(1314)) - IPC Server Responder: starting
2019-10-04 06:28:35,968 [IPC Server listener on 42973] INFO  ipc.Server (Server.java:run(1153)) - IPC Server listener on 42973: starting
2019-10-04 06:28:35,973 [main] INFO  server.StorageContainerManager (StorageContainerManager.java:start(784)) - ScmDatanodeProtocl RPC server is listening at /0.0.0.0:42144
2019-10-04 06:28:35,973 [main] INFO  server.SCMDatanodeProtocolServer (SCMDatanodeProtocolServer.java:start(169)) - RPC server for DataNodes is listening at /0.0.0.0:42144
2019-10-04 06:28:35,973 [IPC Server Responder] INFO  ipc.Server (Server.java:run(1314)) - IPC Server Responder: starting
2019-10-04 06:28:35,973 [IPC Server listener on 42144] INFO  ipc.Server (Server.java:run(1153)) - IPC Server listener on 42144: starting
2019-10-04 06:28:35,977 [main] INFO  http.HttpServer2 (HttpServer2.java:bindListener(1191)) - Jetty bound to port 43646
2019-10-04 06:28:35,977 [main] INFO  server.Server (Server.java:doStart(351)) - jetty-9.3.25.v20180904, build timestamp: 2018-09-04T21:11:46Z, git hash: 3ce520221d0240229c862b122d2b06c12a625732
2019-10-04 06:28:35,979 [main] INFO  handler.ContextHandler (ContextHandler.java:doStart(781)) - Started o.e.j.s.ServletContextHandler@79d3473e{/logs,file:///workdir/hadoop-ozone/integration-test/target/log,AVAILABLE}
2019-10-04 06:28:35,979 [main] INFO  handler.ContextHandler (ContextHandler.java:doStart(781)) - Started o.e.j.s.ServletContextHandler@7fad214a{/static,file:///workdir/hadoop-ozone/integration-test/target/test-classes/webapps/static,AVAILABLE}
2019-10-04 06:28:35,983 [main] INFO  handler.ContextHandler (ContextHandler.java:doStart(781)) - Started o.e.j.w.WebAppContext@5e230fc6{/,file:///workdir/hadoop-ozone/integration-test/target/test-classes/webapps/scm/,AVAILABLE}{/scm}
2019-10-04 06:28:35,983 [main] INFO  server.AbstractConnector (AbstractConnector.java:doStart(278)) - Started ServerConnector@7a8341c1{HTTP/1.1,[http/1.1]}{0.0.0.0:43646}
2019-10-04 06:28:35,984 [main] INFO  server.Server (Server.java:doStart(419)) - Started @101645ms
2019-10-04 06:28:35,985 [main] WARN  impl.MetricsSystemImpl (MetricsSystemImpl.java:register(276)) - Sink prometheus already exists!
2019-10-04 06:28:35,985 [main] INFO  server.BaseHttpServer (BaseHttpServer.java:updateConnectorAddress(215)) - HTTP server of SCM is listening at http://0.0.0.0:43646
2019-10-04 06:28:35,986 [main] WARN  server.ServerUtils (ServerUtils.java:getDBPath(222)) - ozone.om.db.dirs is not configured. We recommend adding this setting. Falling back to ozone.metadata.dirs instead.
2019-10-04 06:28:35,987 [org.apache.hadoop.util.JvmPauseMonitor$Monitor@17043b04] INFO  util.JvmPauseMonitor (JvmPauseMonitor.java:run(188)) - Starting JVM pause monitor
2019-10-04 06:28:36,001 [main] INFO  ha.OMHANodeDetails (OMHANodeDetails.java:loadOMHAConfig(190)) - Configuration either no ozone.om.address set. Falling back to the default OM address /127.0.0.1:0
2019-10-04 06:28:36,001 [main] INFO  ha.OMHANodeDetails (OMHANodeDetails.java:getOMNodeDetails(220)) - OM Service ID is not set. Setting it to the default ID: omServiceIdDefault
2019-10-04 06:28:36,001 [main] WARN  server.ServerUtils (ServerUtils.java:getDBPath(222)) - ozone.om.db.dirs is not configured. We recommend adding this setting. Falling back to ozone.metadata.dirs instead.
2019-10-04 06:28:36,001 [main] WARN  server.ServerUtils (ServerUtils.java:getDBPath(222)) - ozone.om.db.dirs is not configured. We recommend adding this setting. Falling back to ozone.metadata.dirs instead.
2019-10-04 06:28:36,009 [main] WARN  server.ServerUtils (ServerUtils.java:getDBPath(222)) - ozone.om.db.dirs is not configured. We recommend adding this setting. Falling back to ozone.metadata.dirs instead.
2019-10-04 06:28:36,009 [main] INFO  db.DBStoreBuilder (DBStoreBuilder.java:addTable(117)) - using custom profile for table: userTable
2019-10-04 06:28:36,009 [main] INFO  db.DBStoreBuilder (DBStoreBuilder.java:processTables(168)) - Using default column profile:DBProfile.DISK for Table:userTable
2019-10-04 06:28:36,009 [main] INFO  db.DBStoreBuilder (DBStoreBuilder.java:addTable(117)) - using custom profile for table: volumeTable
2019-10-04 06:28:36,010 [main] INFO  db.DBStoreBuilder (DBStoreBuilder.java:processTables(168)) - Using default column profile:DBProfile.DISK for Table:volumeTable
2019-10-04 06:28:36,010 [main] INFO  db.DBStoreBuilder (DBStoreBuilder.java:addTable(117)) - using custom profile for table: bucketTable
2019-10-04 06:28:36,010 [main] INFO  db.DBStoreBuilder (DBStoreBuilder.java:processTables(168)) - Using default column profile:DBProfile.DISK for Table:bucketTable
2019-10-04 06:28:36,010 [main] INFO  db.DBStoreBuilder (DBStoreBuilder.java:addTable(117)) - using custom profile for table: keyTable
2019-10-04 06:28:36,010 [main] INFO  db.DBStoreBuilder (DBStoreBuilder.java:processTables(168)) - Using default column profile:DBProfile.DISK for Table:keyTable
2019-10-04 06:28:36,010 [main] INFO  db.DBStoreBuilder (DBStoreBuilder.java:addTable(117)) - using custom profile for table: deletedTable
2019-10-04 06:28:36,010 [main] INFO  db.DBStoreBuilder (DBStoreBuilder.java:processTables(168)) - Using default column profile:DBProfile.DISK for Table:deletedTable
2019-10-04 06:28:36,011 [main] INFO  db.DBStoreBuilder (DBStoreBuilder.java:addTable(117)) - using custom profile for table: openKeyTable
2019-10-04 06:28:36,011 [main] INFO  db.DBStoreBuilder (DBStoreBuilder.java:processTables(168)) - Using default column profile:DBProfile.DISK for Table:openKeyTable
2019-10-04 06:28:36,011 [main] INFO  db.DBStoreBuilder (DBStoreBuilder.java:addTable(117)) - using custom profile for table: s3Table
2019-10-04 06:28:36,011 [main] INFO  db.DBStoreBuilder (DBStoreBuilder.java:processTables(168)) - Using default column profile:DBProfile.DISK for Table:s3Table
2019-10-04 06:28:36,011 [main] INFO  db.DBStoreBuilder (DBStoreBuilder.java:addTable(117)) - using custom profile for table: multipartInfoTable
2019-10-04 06:28:36,011 [main] INFO  db.DBStoreBuilder (DBStoreBuilder.java:processTables(168)) - Using default column profile:DBProfile.DISK for Table:multipartInfoTable
2019-10-04 06:28:36,012 [main] INFO  db.DBStoreBuilder (DBStoreBuilder.java:addTable(117)) - using custom profile for table: dTokenTable
2019-10-04 06:28:36,012 [main] INFO  db.DBStoreBuilder (DBStoreBuilder.java:processTables(168)) - Using default column profile:DBProfile.DISK for Table:dTokenTable
2019-10-04 06:28:36,012 [main] INFO  db.DBStoreBuilder (DBStoreBuilder.java:addTable(117)) - using custom profile for table: s3SecretTable
2019-10-04 06:28:36,012 [main] INFO  db.DBStoreBuilder (DBStoreBuilder.java:processTables(168)) - Using default column profile:DBProfile.DISK for Table:s3SecretTable
2019-10-04 06:28:36,012 [main] INFO  db.DBStoreBuilder (DBStoreBuilder.java:addTable(117)) - using custom profile for table: prefixTable
2019-10-04 06:28:36,012 [main] INFO  db.DBStoreBuilder (DBStoreBuilder.java:processTables(168)) - Using default column profile:DBProfile.DISK for Table:prefixTable
2019-10-04 06:28:36,012 [main] INFO  db.DBStoreBuilder (DBStoreBuilder.java:addTable(117)) - using custom profile for table: default
2019-10-04 06:28:36,013 [main] INFO  db.DBStoreBuilder (DBStoreBuilder.java:processTables(174)) - Using default column profile:DBProfile.DISK for Table:default
2019-10-04 06:28:36,013 [main] INFO  db.DBStoreBuilder (DBStoreBuilder.java:getDbProfile(205)) - Using default options. DBProfile.DISK
2019-10-04 06:28:36,339 [main] INFO  ipc.CallQueueManager (CallQueueManager.java:<init>(84)) - Using callQueue: class java.util.concurrent.LinkedBlockingQueue, queueCapacity: 2000, scheduler: class org.apache.hadoop.ipc.DefaultRpcScheduler, ipcBackoff: false.
2019-10-04 06:28:36,340 [Socket Reader #1 for port 40146] INFO  ipc.Server (Server.java:run(1074)) - Starting Socket Reader #1 for port 40146
2019-10-04 06:28:36,359 [main] INFO  om.OzoneManager (OzoneManager.java:start(1069)) - OzoneManager RPC server is listening at localhost/127.0.0.1:40146
2019-10-04 06:28:36,359 [main] INFO  impl.MetricsSystemImpl (MetricsSystemImpl.java:init(158)) - OzoneManager metrics system started (again)
2019-10-04 06:28:36,360 [IPC Server Responder] INFO  ipc.Server (Server.java:run(1314)) - IPC Server Responder: starting
2019-10-04 06:28:36,360 [IPC Server listener on 40146] INFO  ipc.Server (Server.java:run(1153)) - IPC Server listener on 40146: starting
2019-10-04 06:28:36,366 [main] INFO  hdfs.DFSUtil (DFSUtil.java:httpServerTemplateForNNAndJN(1641)) - Starting Web-server for ozoneManager at: http://0.0.0.0:0
2019-10-04 06:28:36,367 [main] INFO  server.AuthenticationFilter (AuthenticationFilter.java:constructSecretProvider(240)) - Unable to initialize FileSignerSecretProvider, falling back to use random secrets.
2019-10-04 06:28:36,368 [main] WARN  http.HttpRequestLog (HttpRequestLog.java:getRequestLog(97)) - Jetty request log can only be enabled using Log4j
2019-10-04 06:28:36,370 [main] INFO  http.HttpServer2 (HttpServer2.java:addGlobalFilter(975)) - Added global filter 'safety' (class=org.apache.hadoop.http.HttpServer2$QuotingInputFilter)
2019-10-04 06:28:36,370 [main] INFO  http.HttpServer2 (HttpServer2.java:addFilter(948)) - Added filter static_user_filter (class=org.apache.hadoop.http.lib.StaticUserWebFilter$StaticUserFilter) to context ozoneManager
2019-10-04 06:28:36,370 [main] INFO  http.HttpServer2 (HttpServer2.java:addFilter(958)) - Added filter static_user_filter (class=org.apache.hadoop.http.lib.StaticUserWebFilter$StaticUserFilter) to context logs
2019-10-04 06:28:36,371 [main] INFO  http.HttpServer2 (HttpServer2.java:addFilter(958)) - Added filter static_user_filter (class=org.apache.hadoop.http.lib.StaticUserWebFilter$StaticUserFilter) to context static
2019-10-04 06:28:36,372 [main] INFO  http.HttpServer2 (HttpServer2.java:bindListener(1191)) - Jetty bound to port 35804
2019-10-04 06:28:36,372 [main] INFO  server.Server (Server.java:doStart(351)) - jetty-9.3.25.v20180904, build timestamp: 2018-09-04T21:11:46Z, git hash: 3ce520221d0240229c862b122d2b06c12a625732
2019-10-04 06:28:36,373 [main] INFO  handler.ContextHandler (ContextHandler.java:doStart(781)) - Started o.e.j.s.ServletContextHandler@5f7eee96{/logs,file:///workdir/hadoop-ozone/integration-test/target/log,AVAILABLE}
2019-10-04 06:28:36,374 [main] INFO  handler.ContextHandler (ContextHandler.java:doStart(781)) - Started o.e.j.s.ServletContextHandler@53f0d09c{/static,file:///workdir/hadoop-ozone/integration-test/target/test-classes/webapps/static,AVAILABLE}
2019-10-04 06:28:36,379 [main] INFO  handler.ContextHandler (ContextHandler.java:doStart(781)) - Started o.e.j.w.WebAppContext@79476a4e{/,file:///workdir/hadoop-ozone/integration-test/target/test-classes/webapps/ozoneManager/,AVAILABLE}{/ozoneManager}
2019-10-04 06:28:36,379 [main] INFO  server.AbstractConnector (AbstractConnector.java:doStart(278)) - Started ServerConnector@52ae997b{HTTP/1.1,[http/1.1]}{0.0.0.0:35804}
2019-10-04 06:28:36,380 [main] INFO  server.Server (Server.java:doStart(419)) - Started @102041ms
2019-10-04 06:28:36,381 [main] WARN  impl.MetricsSystemImpl (MetricsSystemImpl.java:register(276)) - Sink prometheus already exists!
2019-10-04 06:28:36,381 [main] INFO  server.BaseHttpServer (BaseHttpServer.java:updateConnectorAddress(215)) - HTTP server of OZONEMANAGER is listening at http://0.0.0.0:35804
2019-10-04 06:28:36,401 [main] INFO  impl.MetricsSystemImpl (MetricsSystemImpl.java:init(158)) - HddsDatanode metrics system started (again)
2019-10-04 06:28:36,403 [main] INFO  ozone.HddsDatanodeService (HddsDatanodeService.java:start(184)) - HddsDatanodeService host:trunk-nightly-20191004-lpvmn-70278721 ip:192.168.151.69
2019-10-04 06:28:36,409 [main] INFO  volume.HddsVolume (HddsVolume.java:<init>(176)) - Creating Volume: /workdir/hadoop-ozone/integration-test/target/test-dir/MiniOzoneClusterImpl-353dc6ac-9fc0-413a-bb33-b58264605b5f/datanode-0/data/containers/hdds of  storage type : DISK and capacity : 1482555576320
2019-10-04 06:28:36,410 [main] INFO  volume.VolumeSet (VolumeSet.java:initializeVolumeSet(170)) - Added Volume : /workdir/hadoop-ozone/integration-test/target/test-dir/MiniOzoneClusterImpl-353dc6ac-9fc0-413a-bb33-b58264605b5f/datanode-0/data/containers/hdds to VolumeSet
2019-10-04 06:28:36,410 [main] INFO  volume.ThrottledAsyncChecker (ThrottledAsyncChecker.java:schedule(139)) - Scheduling a check for org.apache.hadoop.ozone.container.common.volume.HddsVolume@306c7bf6
2019-10-04 06:28:36,412 [main] INFO  volume.HddsVolumeChecker (HddsVolumeChecker.java:checkAllVolumes(202)) - Scheduled health check for volume org.apache.hadoop.ozone.container.common.volume.HddsVolume@306c7bf6
2019-10-04 06:28:36,427 [main] INFO  impl.RaftServerProxy (ConfUtils.java:logGet(43)) - raft.rpc.type = GRPC (default)
2019-10-04 06:28:36,428 [main] INFO  grpc.GrpcFactory (GrpcFactory.java:checkPooledByteBufAllocatorUseCacheForAllThreads(45)) - PERFORMANCE WARNING: useCacheForAllThreads is true that may cause Netty to create a lot garbage objects and, as a result, trigger GC.
	It is recommended to disable useCacheForAllThreads by setting -Dorg.apache.ratis.thirdparty.io.netty.allocator.useCacheForAllThreads=false in command line.
2019-10-04 06:28:36,428 [main] INFO  grpc.GrpcConfigKeys$Server (ConfUtils.java:logGet(43)) - raft.grpc.server.port = 0 (default)
2019-10-04 06:28:36,428 [main] INFO  server.GrpcService (ConfUtils.java:logGet(43)) - raft.grpc.message.size.max = 33570816 (custom)
2019-10-04 06:28:36,428 [main] INFO  server.RaftServerConfigKeys (ConfUtils.java:logGet(43)) - raft.server.log.appender.buffer.byte-limit = 33554432 (custom)
2019-10-04 06:28:36,429 [main] INFO  server.GrpcService (ConfUtils.java:logGet(43)) - raft.grpc.flow.control.window = 1MB (=1048576) (default)
2019-10-04 06:28:36,429 [main] INFO  server.RaftServerConfigKeys (ConfUtils.java:logGet(43)) - raft.server.rpc.request.timeout = 3000ms (default)
2019-10-04 06:28:36,429 [main] INFO  server.RaftServerConfigKeys (ConfUtils.java:logGet(43)) - raft.server.storage.dir = [/workdir/hadoop-ozone/integration-test/target/test-dir/MiniOzoneClusterImpl-353dc6ac-9fc0-413a-bb33-b58264605b5f/datanode-0/data/ratis] (custom)
2019-10-04 06:28:36,431 [main] INFO  hdfs.DFSUtil (DFSUtil.java:httpServerTemplateForNNAndJN(1641)) - Starting Web-server for hddsDatanode at: http://0.0.0.0:0
2019-10-04 06:28:36,435 [main] INFO  server.AuthenticationFilter (AuthenticationFilter.java:constructSecretProvider(240)) - Unable to initialize FileSignerSecretProvider, falling back to use random secrets.
2019-10-04 06:28:36,436 [main] WARN  http.HttpRequestLog (HttpRequestLog.java:getRequestLog(97)) - Jetty request log can only be enabled using Log4j
2019-10-04 06:28:36,437 [main] INFO  http.HttpServer2 (HttpServer2.java:addGlobalFilter(975)) - Added global filter 'safety' (class=org.apache.hadoop.http.HttpServer2$QuotingInputFilter)
2019-10-04 06:28:36,438 [main] INFO  http.HttpServer2 (HttpServer2.java:addFilter(948)) - Added filter static_user_filter (class=org.apache.hadoop.http.lib.StaticUserWebFilter$StaticUserFilter) to context hddsDatanode
2019-10-04 06:28:36,438 [main] INFO  http.HttpServer2 (HttpServer2.java:addFilter(958)) - Added filter static_user_filter (class=org.apache.hadoop.http.lib.StaticUserWebFilter$StaticUserFilter) to context static
2019-10-04 06:28:36,438 [main] INFO  http.HttpServer2 (HttpServer2.java:addFilter(958)) - Added filter static_user_filter (class=org.apache.hadoop.http.lib.StaticUserWebFilter$StaticUserFilter) to context logs
2019-10-04 06:28:36,439 [main] INFO  http.HttpServer2 (HttpServer2.java:bindListener(1191)) - Jetty bound to port 41339
2019-10-04 06:28:36,439 [main] INFO  server.Server (Server.java:doStart(351)) - jetty-9.3.25.v20180904, build timestamp: 2018-09-04T21:11:46Z, git hash: 3ce520221d0240229c862b122d2b06c12a625732
2019-10-04 06:28:36,441 [main] INFO  handler.ContextHandler (ContextHandler.java:doStart(781)) - Started o.e.j.s.ServletContextHandler@5529ff44{/logs,file:///workdir/hadoop-ozone/integration-test/target/log,AVAILABLE}
2019-10-04 06:28:36,441 [main] INFO  handler.ContextHandler (ContextHandler.java:doStart(781)) - Started o.e.j.s.ServletContextHandler@5eb5da12{/static,jar:file:/home/user/.m2/repository/org/apache/hadoop/hadoop-hdds-container-service/0.5.0-SNAPSHOT/hadoop-hdds-container-service-0.5.0-SNAPSHOT.jar!/webapps/static,AVAILABLE}
2019-10-04 06:28:36,478 [main] INFO  handler.ContextHandler (ContextHandler.java:doStart(781)) - Started o.e.j.w.WebAppContext@7d42542{/,file:///tmp/jetty-0.0.0.0-41339-hddsDatanode-_-any-6969457992610690663.dir/webapp/,AVAILABLE}{/hddsDatanode}
2019-10-04 06:28:36,478 [main] INFO  server.AbstractConnector (AbstractConnector.java:doStart(278)) - Started ServerConnector@4d09cade{HTTP/1.1,[http/1.1]}{0.0.0.0:41339}
2019-10-04 06:28:36,482 [main] INFO  server.Server (Server.java:doStart(419)) - Started @102142ms
2019-10-04 06:28:36,483 [main] WARN  impl.MetricsSystemImpl (MetricsSystemImpl.java:register(276)) - Sink prometheus already exists!
2019-10-04 06:28:36,484 [main] INFO  server.BaseHttpServer (BaseHttpServer.java:updateConnectorAddress(215)) - HTTP server of HDDSDATANODE is listening at http://0.0.0.0:41339
2019-10-04 06:28:36,486 [main] INFO  impl.MetricsSystemImpl (MetricsSystemImpl.java:init(158)) - HddsDatanode metrics system started (again)
2019-10-04 06:28:36,488 [org.apache.hadoop.util.JvmPauseMonitor$Monitor@2c84454f] INFO  util.JvmPauseMonitor (JvmPauseMonitor.java:run(188)) - Starting JVM pause monitor
2019-10-04 06:28:36,489 [main] INFO  ozone.HddsDatanodeService (HddsDatanodeService.java:start(184)) - HddsDatanodeService host:trunk-nightly-20191004-lpvmn-70278721 ip:192.168.151.69
2019-10-04 06:28:36,490 [Datanode State Machine Thread - 0] INFO  datanode.InitDatanodeState (InitDatanodeState.java:persistContainerDatanodeDetails(140)) - DatanodeDetails is persisted to /workdir/hadoop-ozone/integration-test/target/test-dir/MiniOzoneClusterImpl-353dc6ac-9fc0-413a-bb33-b58264605b5f/datanode-0/meta/datanode.id
2019-10-04 06:28:36,496 [main] INFO  volume.HddsVolume (HddsVolume.java:<init>(176)) - Creating Volume: /workdir/hadoop-ozone/integration-test/target/test-dir/MiniOzoneClusterImpl-353dc6ac-9fc0-413a-bb33-b58264605b5f/datanode-1/data/containers/hdds of  storage type : DISK and capacity : 1482555576320
2019-10-04 06:28:36,496 [main] INFO  volume.VolumeSet (VolumeSet.java:initializeVolumeSet(170)) - Added Volume : /workdir/hadoop-ozone/integration-test/target/test-dir/MiniOzoneClusterImpl-353dc6ac-9fc0-413a-bb33-b58264605b5f/datanode-1/data/containers/hdds to VolumeSet
2019-10-04 06:28:36,496 [main] INFO  volume.ThrottledAsyncChecker (ThrottledAsyncChecker.java:schedule(139)) - Scheduling a check for org.apache.hadoop.ozone.container.common.volume.HddsVolume@61615b4a
2019-10-04 06:28:36,497 [main] INFO  volume.HddsVolumeChecker (HddsVolumeChecker.java:checkAllVolumes(202)) - Scheduled health check for volume org.apache.hadoop.ozone.container.common.volume.HddsVolume@61615b4a
2019-10-04 06:28:36,512 [main] INFO  impl.RaftServerProxy (ConfUtils.java:logGet(43)) - raft.rpc.type = GRPC (default)
2019-10-04 06:28:36,512 [main] INFO  grpc.GrpcFactory (GrpcFactory.java:checkPooledByteBufAllocatorUseCacheForAllThreads(45)) - PERFORMANCE WARNING: useCacheForAllThreads is true that may cause Netty to create a lot garbage objects and, as a result, trigger GC.
	It is recommended to disable useCacheForAllThreads by setting -Dorg.apache.ratis.thirdparty.io.netty.allocator.useCacheForAllThreads=false in command line.
2019-10-04 06:28:36,513 [main] INFO  grpc.GrpcConfigKeys$Server (ConfUtils.java:logGet(43)) - raft.grpc.server.port = 0 (default)
2019-10-04 06:28:36,513 [main] INFO  server.GrpcService (ConfUtils.java:logGet(43)) - raft.grpc.message.size.max = 33570816 (custom)
2019-10-04 06:28:36,513 [main] INFO  server.RaftServerConfigKeys (ConfUtils.java:logGet(43)) - raft.server.log.appender.buffer.byte-limit = 33554432 (custom)
2019-10-04 06:28:36,513 [main] INFO  server.GrpcService (ConfUtils.java:logGet(43)) - raft.grpc.flow.control.window = 1MB (=1048576) (default)
2019-10-04 06:28:36,513 [main] INFO  server.RaftServerConfigKeys (ConfUtils.java:logGet(43)) - raft.server.rpc.request.timeout = 3000ms (default)
2019-10-04 06:28:36,514 [main] INFO  server.RaftServerConfigKeys (ConfUtils.java:logGet(43)) - raft.server.storage.dir = [/workdir/hadoop-ozone/integration-test/target/test-dir/MiniOzoneClusterImpl-353dc6ac-9fc0-413a-bb33-b58264605b5f/datanode-1/data/ratis] (custom)
2019-10-04 06:28:36,516 [main] INFO  hdfs.DFSUtil (DFSUtil.java:httpServerTemplateForNNAndJN(1641)) - Starting Web-server for hddsDatanode at: http://0.0.0.0:0
2019-10-04 06:28:36,517 [main] INFO  server.AuthenticationFilter (AuthenticationFilter.java:constructSecretProvider(240)) - Unable to initialize FileSignerSecretProvider, falling back to use random secrets.
2019-10-04 06:28:36,517 [main] WARN  http.HttpRequestLog (HttpRequestLog.java:getRequestLog(97)) - Jetty request log can only be enabled using Log4j
2019-10-04 06:28:36,519 [main] INFO  http.HttpServer2 (HttpServer2.java:addGlobalFilter(975)) - Added global filter 'safety' (class=org.apache.hadoop.http.HttpServer2$QuotingInputFilter)
2019-10-04 06:28:36,519 [main] INFO  http.HttpServer2 (HttpServer2.java:addFilter(948)) - Added filter static_user_filter (class=org.apache.hadoop.http.lib.StaticUserWebFilter$StaticUserFilter) to context hddsDatanode
2019-10-04 06:28:36,519 [main] INFO  http.HttpServer2 (HttpServer2.java:addFilter(958)) - Added filter static_user_filter (class=org.apache.hadoop.http.lib.StaticUserWebFilter$StaticUserFilter) to context static
2019-10-04 06:28:36,519 [main] INFO  http.HttpServer2 (HttpServer2.java:addFilter(958)) - Added filter static_user_filter (class=org.apache.hadoop.http.lib.StaticUserWebFilter$StaticUserFilter) to context logs
2019-10-04 06:28:36,520 [main] INFO  http.HttpServer2 (HttpServer2.java:bindListener(1191)) - Jetty bound to port 43719
2019-10-04 06:28:36,520 [main] INFO  server.Server (Server.java:doStart(351)) - jetty-9.3.25.v20180904, build timestamp: 2018-09-04T21:11:46Z, git hash: 3ce520221d0240229c862b122d2b06c12a625732
2019-10-04 06:28:36,522 [main] INFO  handler.ContextHandler (ContextHandler.java:doStart(781)) - Started o.e.j.s.ServletContextHandler@4dcbae55{/logs,file:///workdir/hadoop-ozone/integration-test/target/log,AVAILABLE}
2019-10-04 06:28:36,522 [main] INFO  handler.ContextHandler (ContextHandler.java:doStart(781)) - Started o.e.j.s.ServletContextHandler@7ca16adc{/static,jar:file:/home/user/.m2/repository/org/apache/hadoop/hadoop-hdds-container-service/0.5.0-SNAPSHOT/hadoop-hdds-container-service-0.5.0-SNAPSHOT.jar!/webapps/static,AVAILABLE}
2019-10-04 06:28:36,549 [main] INFO  handler.ContextHandler (ContextHandler.java:doStart(781)) - Started o.e.j.w.WebAppContext@65ef48f2{/,file:///tmp/jetty-0.0.0.0-43719-hddsDatanode-_-any-4447121112838264136.dir/webapp/,AVAILABLE}{/hddsDatanode}
2019-10-04 06:28:36,549 [main] INFO  server.AbstractConnector (AbstractConnector.java:doStart(278)) - Started ServerConnector@36068727{HTTP/1.1,[http/1.1]}{0.0.0.0:43719}
2019-10-04 06:28:36,551 [main] INFO  server.Server (Server.java:doStart(419)) - Started @102211ms
2019-10-04 06:28:36,551 [main] WARN  impl.MetricsSystemImpl (MetricsSystemImpl.java:register(276)) - Sink prometheus already exists!
2019-10-04 06:28:36,552 [main] INFO  server.BaseHttpServer (BaseHttpServer.java:updateConnectorAddress(215)) - HTTP server of HDDSDATANODE is listening at http://0.0.0.0:43719
2019-10-04 06:28:36,552 [main] INFO  impl.MetricsSystemImpl (MetricsSystemImpl.java:init(158)) - HddsDatanode metrics system started (again)
2019-10-04 06:28:36,555 [org.apache.hadoop.util.JvmPauseMonitor$Monitor@7783186e] INFO  util.JvmPauseMonitor (JvmPauseMonitor.java:run(188)) - Starting JVM pause monitor
2019-10-04 06:28:36,555 [main] INFO  ozone.HddsDatanodeService (HddsDatanodeService.java:start(184)) - HddsDatanodeService host:trunk-nightly-20191004-lpvmn-70278721 ip:192.168.151.69
2019-10-04 06:28:36,558 [Datanode State Machine Thread - 0] INFO  datanode.InitDatanodeState (InitDatanodeState.java:persistContainerDatanodeDetails(140)) - DatanodeDetails is persisted to /workdir/hadoop-ozone/integration-test/target/test-dir/MiniOzoneClusterImpl-353dc6ac-9fc0-413a-bb33-b58264605b5f/datanode-1/meta/datanode.id
2019-10-04 06:28:36,562 [main] INFO  volume.HddsVolume (HddsVolume.java:<init>(176)) - Creating Volume: /workdir/hadoop-ozone/integration-test/target/test-dir/MiniOzoneClusterImpl-353dc6ac-9fc0-413a-bb33-b58264605b5f/datanode-2/data/containers/hdds of  storage type : DISK and capacity : 1482555576320
2019-10-04 06:28:36,562 [main] INFO  volume.VolumeSet (VolumeSet.java:initializeVolumeSet(170)) - Added Volume : /workdir/hadoop-ozone/integration-test/target/test-dir/MiniOzoneClusterImpl-353dc6ac-9fc0-413a-bb33-b58264605b5f/datanode-2/data/containers/hdds to VolumeSet
2019-10-04 06:28:36,562 [main] INFO  volume.ThrottledAsyncChecker (ThrottledAsyncChecker.java:schedule(139)) - Scheduling a check for org.apache.hadoop.ozone.container.common.volume.HddsVolume@6a15b73
2019-10-04 06:28:36,563 [main] INFO  volume.HddsVolumeChecker (HddsVolumeChecker.java:checkAllVolumes(202)) - Scheduled health check for volume org.apache.hadoop.ozone.container.common.volume.HddsVolume@6a15b73
2019-10-04 06:28:36,578 [main] INFO  impl.RaftServerProxy (ConfUtils.java:logGet(43)) - raft.rpc.type = GRPC (default)
2019-10-04 06:28:36,578 [main] INFO  grpc.GrpcFactory (GrpcFactory.java:checkPooledByteBufAllocatorUseCacheForAllThreads(45)) - PERFORMANCE WARNING: useCacheForAllThreads is true that may cause Netty to create a lot garbage objects and, as a result, trigger GC.
	It is recommended to disable useCacheForAllThreads by setting -Dorg.apache.ratis.thirdparty.io.netty.allocator.useCacheForAllThreads=false in command line.
2019-10-04 06:28:36,578 [main] INFO  grpc.GrpcConfigKeys$Server (ConfUtils.java:logGet(43)) - raft.grpc.server.port = 0 (default)
2019-10-04 06:28:36,579 [main] INFO  server.GrpcService (ConfUtils.java:logGet(43)) - raft.grpc.message.size.max = 33570816 (custom)
2019-10-04 06:28:36,579 [main] INFO  server.RaftServerConfigKeys (ConfUtils.java:logGet(43)) - raft.server.log.appender.buffer.byte-limit = 33554432 (custom)
2019-10-04 06:28:36,579 [main] INFO  server.GrpcService (ConfUtils.java:logGet(43)) - raft.grpc.flow.control.window = 1MB (=1048576) (default)
2019-10-04 06:28:36,579 [main] INFO  server.RaftServerConfigKeys (ConfUtils.java:logGet(43)) - raft.server.rpc.request.timeout = 3000ms (default)
2019-10-04 06:28:36,580 [main] INFO  server.RaftServerConfigKeys (ConfUtils.java:logGet(43)) - raft.server.storage.dir = [/workdir/hadoop-ozone/integration-test/target/test-dir/MiniOzoneClusterImpl-353dc6ac-9fc0-413a-bb33-b58264605b5f/datanode-2/data/ratis] (custom)
2019-10-04 06:28:36,581 [main] INFO  hdfs.DFSUtil (DFSUtil.java:httpServerTemplateForNNAndJN(1641)) - Starting Web-server for hddsDatanode at: http://0.0.0.0:0
2019-10-04 06:28:36,583 [main] INFO  server.AuthenticationFilter (AuthenticationFilter.java:constructSecretProvider(240)) - Unable to initialize FileSignerSecretProvider, falling back to use random secrets.
2019-10-04 06:28:36,583 [main] WARN  http.HttpRequestLog (HttpRequestLog.java:getRequestLog(97)) - Jetty request log can only be enabled using Log4j
2019-10-04 06:28:36,585 [main] INFO  http.HttpServer2 (HttpServer2.java:addGlobalFilter(975)) - Added global filter 'safety' (class=org.apache.hadoop.http.HttpServer2$QuotingInputFilter)
2019-10-04 06:28:36,586 [main] INFO  http.HttpServer2 (HttpServer2.java:addFilter(948)) - Added filter static_user_filter (class=org.apache.hadoop.http.lib.StaticUserWebFilter$StaticUserFilter) to context hddsDatanode
2019-10-04 06:28:36,586 [main] INFO  http.HttpServer2 (HttpServer2.java:addFilter(958)) - Added filter static_user_filter (class=org.apache.hadoop.http.lib.StaticUserWebFilter$StaticUserFilter) to context static
2019-10-04 06:28:36,586 [main] INFO  http.HttpServer2 (HttpServer2.java:addFilter(958)) - Added filter static_user_filter (class=org.apache.hadoop.http.lib.StaticUserWebFilter$StaticUserFilter) to context logs
2019-10-04 06:28:36,587 [main] INFO  http.HttpServer2 (HttpServer2.java:bindListener(1191)) - Jetty bound to port 42273
2019-10-04 06:28:36,587 [main] INFO  server.Server (Server.java:doStart(351)) - jetty-9.3.25.v20180904, build timestamp: 2018-09-04T21:11:46Z, git hash: 3ce520221d0240229c862b122d2b06c12a625732
2019-10-04 06:28:36,588 [main] INFO  handler.ContextHandler (ContextHandler.java:doStart(781)) - Started o.e.j.s.ServletContextHandler@7fedb795{/logs,file:///workdir/hadoop-ozone/integration-test/target/log,AVAILABLE}
2019-10-04 06:28:36,589 [main] INFO  handler.ContextHandler (ContextHandler.java:doStart(781)) - Started o.e.j.s.ServletContextHandler@51e754e1{/static,jar:file:/home/user/.m2/repository/org/apache/hadoop/hadoop-hdds-container-service/0.5.0-SNAPSHOT/hadoop-hdds-container-service-0.5.0-SNAPSHOT.jar!/webapps/static,AVAILABLE}
2019-10-04 06:28:36,621 [main] INFO  handler.ContextHandler (ContextHandler.java:doStart(781)) - Started o.e.j.w.WebAppContext@cfd1075{/,file:///tmp/jetty-0.0.0.0-42273-hddsDatanode-_-any-265189097110929730.dir/webapp/,AVAILABLE}{/hddsDatanode}
2019-10-04 06:28:36,621 [main] INFO  server.AbstractConnector (AbstractConnector.java:doStart(278)) - Started ServerConnector@45117dd{HTTP/1.1,[http/1.1]}{0.0.0.0:42273}
2019-10-04 06:28:36,623 [main] INFO  server.Server (Server.java:doStart(419)) - Started @102283ms
2019-10-04 06:28:36,623 [main] WARN  impl.MetricsSystemImpl (MetricsSystemImpl.java:register(276)) - Sink prometheus already exists!
2019-10-04 06:28:36,624 [main] INFO  server.BaseHttpServer (BaseHttpServer.java:updateConnectorAddress(215)) - HTTP server of HDDSDATANODE is listening at http://0.0.0.0:42273
2019-10-04 06:28:36,624 [main] INFO  impl.MetricsSystemImpl (MetricsSystemImpl.java:init(158)) - HddsDatanode metrics system started (again)
2019-10-04 06:28:36,627 [org.apache.hadoop.util.JvmPauseMonitor$Monitor@54ca7f6b] INFO  util.JvmPauseMonitor (JvmPauseMonitor.java:run(188)) - Starting JVM pause monitor
2019-10-04 06:28:36,627 [main] INFO  ozone.HddsDatanodeService (HddsDatanodeService.java:start(184)) - HddsDatanodeService host:trunk-nightly-20191004-lpvmn-70278721 ip:192.168.151.69
2019-10-04 06:28:36,628 [Datanode State Machine Thread - 0] INFO  datanode.InitDatanodeState (InitDatanodeState.java:persistContainerDatanodeDetails(140)) - DatanodeDetails is persisted to /workdir/hadoop-ozone/integration-test/target/test-dir/MiniOzoneClusterImpl-353dc6ac-9fc0-413a-bb33-b58264605b5f/datanode-2/meta/datanode.id
2019-10-04 06:28:36,633 [main] INFO  volume.HddsVolume (HddsVolume.java:<init>(176)) - Creating Volume: /workdir/hadoop-ozone/integration-test/target/test-dir/MiniOzoneClusterImpl-353dc6ac-9fc0-413a-bb33-b58264605b5f/datanode-3/data/containers/hdds of  storage type : DISK and capacity : 1482555576320
2019-10-04 06:28:36,633 [main] INFO  volume.VolumeSet (VolumeSet.java:initializeVolumeSet(170)) - Added Volume : /workdir/hadoop-ozone/integration-test/target/test-dir/MiniOzoneClusterImpl-353dc6ac-9fc0-413a-bb33-b58264605b5f/datanode-3/data/containers/hdds to VolumeSet
2019-10-04 06:28:36,634 [main] INFO  volume.ThrottledAsyncChecker (ThrottledAsyncChecker.java:schedule(139)) - Scheduling a check for org.apache.hadoop.ozone.container.common.volume.HddsVolume@715a70e9
2019-10-04 06:28:36,634 [main] INFO  volume.HddsVolumeChecker (HddsVolumeChecker.java:checkAllVolumes(202)) - Scheduled health check for volume org.apache.hadoop.ozone.container.common.volume.HddsVolume@715a70e9
2019-10-04 06:28:36,649 [main] INFO  impl.RaftServerProxy (ConfUtils.java:logGet(43)) - raft.rpc.type = GRPC (default)
2019-10-04 06:28:36,650 [main] INFO  grpc.GrpcFactory (GrpcFactory.java:checkPooledByteBufAllocatorUseCacheForAllThreads(45)) - PERFORMANCE WARNING: useCacheForAllThreads is true that may cause Netty to create a lot garbage objects and, as a result, trigger GC.
	It is recommended to disable useCacheForAllThreads by setting -Dorg.apache.ratis.thirdparty.io.netty.allocator.useCacheForAllThreads=false in command line.
2019-10-04 06:28:36,650 [main] INFO  grpc.GrpcConfigKeys$Server (ConfUtils.java:logGet(43)) - raft.grpc.server.port = 0 (default)
2019-10-04 06:28:36,650 [main] INFO  server.GrpcService (ConfUtils.java:logGet(43)) - raft.grpc.message.size.max = 33570816 (custom)
2019-10-04 06:28:36,650 [main] INFO  server.RaftServerConfigKeys (ConfUtils.java:logGet(43)) - raft.server.log.appender.buffer.byte-limit = 33554432 (custom)
2019-10-04 06:28:36,651 [main] INFO  server.GrpcService (ConfUtils.java:logGet(43)) - raft.grpc.flow.control.window = 1MB (=1048576) (default)
2019-10-04 06:28:36,651 [main] INFO  server.RaftServerConfigKeys (ConfUtils.java:logGet(43)) - raft.server.rpc.request.timeout = 3000ms (default)
2019-10-04 06:28:36,651 [main] INFO  server.RaftServerConfigKeys (ConfUtils.java:logGet(43)) - raft.server.storage.dir = [/workdir/hadoop-ozone/integration-test/target/test-dir/MiniOzoneClusterImpl-353dc6ac-9fc0-413a-bb33-b58264605b5f/datanode-3/data/ratis] (custom)
2019-10-04 06:28:36,653 [main] INFO  hdfs.DFSUtil (DFSUtil.java:httpServerTemplateForNNAndJN(1641)) - Starting Web-server for hddsDatanode at: http://0.0.0.0:0
2019-10-04 06:28:36,654 [main] INFO  server.AuthenticationFilter (AuthenticationFilter.java:constructSecretProvider(240)) - Unable to initialize FileSignerSecretProvider, falling back to use random secrets.
2019-10-04 06:28:36,654 [main] WARN  http.HttpRequestLog (HttpRequestLog.java:getRequestLog(97)) - Jetty request log can only be enabled using Log4j
2019-10-04 06:28:36,656 [main] INFO  http.HttpServer2 (HttpServer2.java:addGlobalFilter(975)) - Added global filter 'safety' (class=org.apache.hadoop.http.HttpServer2$QuotingInputFilter)
2019-10-04 06:28:36,656 [main] INFO  http.HttpServer2 (HttpServer2.java:addFilter(948)) - Added filter static_user_filter (class=org.apache.hadoop.http.lib.StaticUserWebFilter$StaticUserFilter) to context hddsDatanode
2019-10-04 06:28:36,656 [main] INFO  http.HttpServer2 (HttpServer2.java:addFilter(958)) - Added filter static_user_filter (class=org.apache.hadoop.http.lib.StaticUserWebFilter$StaticUserFilter) to context logs
2019-10-04 06:28:36,657 [main] INFO  http.HttpServer2 (HttpServer2.java:addFilter(958)) - Added filter static_user_filter (class=org.apache.hadoop.http.lib.StaticUserWebFilter$StaticUserFilter) to context static
2019-10-04 06:28:36,657 [main] INFO  http.HttpServer2 (HttpServer2.java:bindListener(1191)) - Jetty bound to port 35648
2019-10-04 06:28:36,657 [main] INFO  server.Server (Server.java:doStart(351)) - jetty-9.3.25.v20180904, build timestamp: 2018-09-04T21:11:46Z, git hash: 3ce520221d0240229c862b122d2b06c12a625732
2019-10-04 06:28:36,659 [main] INFO  handler.ContextHandler (ContextHandler.java:doStart(781)) - Started o.e.j.s.ServletContextHandler@21de60a7{/logs,file:///workdir/hadoop-ozone/integration-test/target/log,AVAILABLE}
2019-10-04 06:28:36,659 [main] INFO  handler.ContextHandler (ContextHandler.java:doStart(781)) - Started o.e.j.s.ServletContextHandler@7698b7a4{/static,jar:file:/home/user/.m2/repository/org/apache/hadoop/hadoop-hdds-container-service/0.5.0-SNAPSHOT/hadoop-hdds-container-service-0.5.0-SNAPSHOT.jar!/webapps/static,AVAILABLE}
2019-10-04 06:28:36,688 [main] INFO  handler.ContextHandler (ContextHandler.java:doStart(781)) - Started o.e.j.w.WebAppContext@5f8d9767{/,file:///tmp/jetty-0.0.0.0-35648-hddsDatanode-_-any-7219930919660642820.dir/webapp/,AVAILABLE}{/hddsDatanode}
2019-10-04 06:28:36,688 [main] INFO  server.AbstractConnector (AbstractConnector.java:doStart(278)) - Started ServerConnector@16134476{HTTP/1.1,[http/1.1]}{0.0.0.0:35648}
2019-10-04 06:28:36,691 [main] INFO  server.Server (Server.java:doStart(419)) - Started @102351ms
2019-10-04 06:28:36,691 [main] WARN  impl.MetricsSystemImpl (MetricsSystemImpl.java:register(276)) - Sink prometheus already exists!
2019-10-04 06:28:36,692 [main] INFO  server.BaseHttpServer (BaseHttpServer.java:updateConnectorAddress(215)) - HTTP server of HDDSDATANODE is listening at http://0.0.0.0:35648
2019-10-04 06:28:36,692 [main] INFO  impl.MetricsSystemImpl (MetricsSystemImpl.java:init(158)) - HddsDatanode metrics system started (again)
2019-10-04 06:28:36,695 [org.apache.hadoop.util.JvmPauseMonitor$Monitor@14315cd9] INFO  util.JvmPauseMonitor (JvmPauseMonitor.java:run(188)) - Starting JVM pause monitor
2019-10-04 06:28:36,696 [main] INFO  ozone.HddsDatanodeService (HddsDatanodeService.java:start(184)) - HddsDatanodeService host:trunk-nightly-20191004-lpvmn-70278721 ip:192.168.151.69
2019-10-04 06:28:36,697 [Datanode State Machine Thread - 0] INFO  datanode.InitDatanodeState (InitDatanodeState.java:persistContainerDatanodeDetails(140)) - DatanodeDetails is persisted to /workdir/hadoop-ozone/integration-test/target/test-dir/MiniOzoneClusterImpl-353dc6ac-9fc0-413a-bb33-b58264605b5f/datanode-3/meta/datanode.id
2019-10-04 06:28:36,707 [main] INFO  volume.HddsVolume (HddsVolume.java:<init>(176)) - Creating Volume: /workdir/hadoop-ozone/integration-test/target/test-dir/MiniOzoneClusterImpl-353dc6ac-9fc0-413a-bb33-b58264605b5f/datanode-4/data/containers/hdds of  storage type : DISK and capacity : 1482555576320
2019-10-04 06:28:36,707 [main] INFO  volume.VolumeSet (VolumeSet.java:initializeVolumeSet(170)) - Added Volume : /workdir/hadoop-ozone/integration-test/target/test-dir/MiniOzoneClusterImpl-353dc6ac-9fc0-413a-bb33-b58264605b5f/datanode-4/data/containers/hdds to VolumeSet
2019-10-04 06:28:36,707 [main] INFO  volume.ThrottledAsyncChecker (ThrottledAsyncChecker.java:schedule(139)) - Scheduling a check for org.apache.hadoop.ozone.container.common.volume.HddsVolume@4c3de38e
2019-10-04 06:28:36,708 [main] INFO  volume.HddsVolumeChecker (HddsVolumeChecker.java:checkAllVolumes(202)) - Scheduled health check for volume org.apache.hadoop.ozone.container.common.volume.HddsVolume@4c3de38e
2019-10-04 06:28:36,723 [main] INFO  impl.RaftServerProxy (ConfUtils.java:logGet(43)) - raft.rpc.type = GRPC (default)
2019-10-04 06:28:36,723 [main] INFO  grpc.GrpcFactory (GrpcFactory.java:checkPooledByteBufAllocatorUseCacheForAllThreads(45)) - PERFORMANCE WARNING: useCacheForAllThreads is true that may cause Netty to create a lot garbage objects and, as a result, trigger GC.
	It is recommended to disable useCacheForAllThreads by setting -Dorg.apache.ratis.thirdparty.io.netty.allocator.useCacheForAllThreads=false in command line.
2019-10-04 06:28:36,723 [main] INFO  grpc.GrpcConfigKeys$Server (ConfUtils.java:logGet(43)) - raft.grpc.server.port = 0 (default)
2019-10-04 06:28:36,723 [main] INFO  server.GrpcService (ConfUtils.java:logGet(43)) - raft.grpc.message.size.max = 33570816 (custom)
2019-10-04 06:28:36,724 [main] INFO  server.RaftServerConfigKeys (ConfUtils.java:logGet(43)) - raft.server.log.appender.buffer.byte-limit = 33554432 (custom)
2019-10-04 06:28:36,724 [main] INFO  server.GrpcService (ConfUtils.java:logGet(43)) - raft.grpc.flow.control.window = 1MB (=1048576) (default)
2019-10-04 06:28:36,724 [main] INFO  server.RaftServerConfigKeys (ConfUtils.java:logGet(43)) - raft.server.rpc.request.timeout = 3000ms (default)
2019-10-04 06:28:36,725 [main] INFO  server.RaftServerConfigKeys (ConfUtils.java:logGet(43)) - raft.server.storage.dir = [/workdir/hadoop-ozone/integration-test/target/test-dir/MiniOzoneClusterImpl-353dc6ac-9fc0-413a-bb33-b58264605b5f/datanode-4/data/ratis] (custom)
2019-10-04 06:28:36,726 [main] INFO  hdfs.DFSUtil (DFSUtil.java:httpServerTemplateForNNAndJN(1641)) - Starting Web-server for hddsDatanode at: http://0.0.0.0:0
2019-10-04 06:28:36,728 [main] INFO  server.AuthenticationFilter (AuthenticationFilter.java:constructSecretProvider(240)) - Unable to initialize FileSignerSecretProvider, falling back to use random secrets.
2019-10-04 06:28:36,728 [main] WARN  http.HttpRequestLog (HttpRequestLog.java:getRequestLog(97)) - Jetty request log can only be enabled using Log4j
2019-10-04 06:28:36,730 [main] INFO  http.HttpServer2 (HttpServer2.java:addGlobalFilter(975)) - Added global filter 'safety' (class=org.apache.hadoop.http.HttpServer2$QuotingInputFilter)
2019-10-04 06:28:36,730 [main] INFO  http.HttpServer2 (HttpServer2.java:addFilter(948)) - Added filter static_user_filter (class=org.apache.hadoop.http.lib.StaticUserWebFilter$StaticUserFilter) to context hddsDatanode
2019-10-04 06:28:36,730 [main] INFO  http.HttpServer2 (HttpServer2.java:addFilter(958)) - Added filter static_user_filter (class=org.apache.hadoop.http.lib.StaticUserWebFilter$StaticUserFilter) to context static
2019-10-04 06:28:36,731 [main] INFO  http.HttpServer2 (HttpServer2.java:addFilter(958)) - Added filter static_user_filter (class=org.apache.hadoop.http.lib.StaticUserWebFilter$StaticUserFilter) to context logs
2019-10-04 06:28:36,731 [main] INFO  http.HttpServer2 (HttpServer2.java:bindListener(1191)) - Jetty bound to port 35716
2019-10-04 06:28:36,732 [main] INFO  server.Server (Server.java:doStart(351)) - jetty-9.3.25.v20180904, build timestamp: 2018-09-04T21:11:46Z, git hash: 3ce520221d0240229c862b122d2b06c12a625732
2019-10-04 06:28:36,733 [main] INFO  handler.ContextHandler (ContextHandler.java:doStart(781)) - Started o.e.j.s.ServletContextHandler@78307a56{/logs,file:///workdir/hadoop-ozone/integration-test/target/log,AVAILABLE}
2019-10-04 06:28:36,734 [main] INFO  handler.ContextHandler (ContextHandler.java:doStart(781)) - Started o.e.j.s.ServletContextHandler@23ad71bf{/static,jar:file:/home/user/.m2/repository/org/apache/hadoop/hadoop-hdds-container-service/0.5.0-SNAPSHOT/hadoop-hdds-container-service-0.5.0-SNAPSHOT.jar!/webapps/static,AVAILABLE}
2019-10-04 06:28:36,768 [main] INFO  handler.ContextHandler (ContextHandler.java:doStart(781)) - Started o.e.j.w.WebAppContext@15a3b42{/,file:///tmp/jetty-0.0.0.0-35716-hddsDatanode-_-any-5853322989859093309.dir/webapp/,AVAILABLE}{/hddsDatanode}
2019-10-04 06:28:36,768 [main] INFO  server.AbstractConnector (AbstractConnector.java:doStart(278)) - Started ServerConnector@52c9d3d0{HTTP/1.1,[http/1.1]}{0.0.0.0:35716}
2019-10-04 06:28:36,770 [main] INFO  server.Server (Server.java:doStart(419)) - Started @102431ms
2019-10-04 06:28:36,770 [main] WARN  impl.MetricsSystemImpl (MetricsSystemImpl.java:register(276)) - Sink prometheus already exists!
2019-10-04 06:28:36,771 [main] INFO  server.BaseHttpServer (BaseHttpServer.java:updateConnectorAddress(215)) - HTTP server of HDDSDATANODE is listening at http://0.0.0.0:35716
2019-10-04 06:28:36,771 [main] INFO  impl.MetricsSystemImpl (MetricsSystemImpl.java:init(158)) - HddsDatanode metrics system started (again)
2019-10-04 06:28:36,774 [org.apache.hadoop.util.JvmPauseMonitor$Monitor@64978b95] INFO  util.JvmPauseMonitor (JvmPauseMonitor.java:run(188)) - Starting JVM pause monitor
2019-10-04 06:28:36,775 [main] INFO  ozone.HddsDatanodeService (HddsDatanodeService.java:start(184)) - HddsDatanodeService host:trunk-nightly-20191004-lpvmn-70278721 ip:192.168.151.69
2019-10-04 06:28:36,776 [Datanode State Machine Thread - 0] INFO  datanode.InitDatanodeState (InitDatanodeState.java:persistContainerDatanodeDetails(140)) - DatanodeDetails is persisted to /workdir/hadoop-ozone/integration-test/target/test-dir/MiniOzoneClusterImpl-353dc6ac-9fc0-413a-bb33-b58264605b5f/datanode-4/meta/datanode.id
2019-10-04 06:28:36,780 [main] INFO  volume.HddsVolume (HddsVolume.java:<init>(176)) - Creating Volume: /workdir/hadoop-ozone/integration-test/target/test-dir/MiniOzoneClusterImpl-353dc6ac-9fc0-413a-bb33-b58264605b5f/datanode-5/data/containers/hdds of  storage type : DISK and capacity : 1482555576320
2019-10-04 06:28:36,780 [main] INFO  volume.VolumeSet (VolumeSet.java:initializeVolumeSet(170)) - Added Volume : /workdir/hadoop-ozone/integration-test/target/test-dir/MiniOzoneClusterImpl-353dc6ac-9fc0-413a-bb33-b58264605b5f/datanode-5/data/containers/hdds to VolumeSet
2019-10-04 06:28:36,780 [main] INFO  volume.ThrottledAsyncChecker (ThrottledAsyncChecker.java:schedule(139)) - Scheduling a check for org.apache.hadoop.ozone.container.common.volume.HddsVolume@7c241a9f
2019-10-04 06:28:36,780 [main] INFO  volume.HddsVolumeChecker (HddsVolumeChecker.java:checkAllVolumes(202)) - Scheduled health check for volume org.apache.hadoop.ozone.container.common.volume.HddsVolume@7c241a9f
2019-10-04 06:28:36,792 [main] INFO  impl.RaftServerProxy (ConfUtils.java:logGet(43)) - raft.rpc.type = GRPC (default)
2019-10-04 06:28:36,792 [main] INFO  grpc.GrpcFactory (GrpcFactory.java:checkPooledByteBufAllocatorUseCacheForAllThreads(45)) - PERFORMANCE WARNING: useCacheForAllThreads is true that may cause Netty to create a lot garbage objects and, as a result, trigger GC.
	It is recommended to disable useCacheForAllThreads by setting -Dorg.apache.ratis.thirdparty.io.netty.allocator.useCacheForAllThreads=false in command line.
2019-10-04 06:28:36,792 [main] INFO  grpc.GrpcConfigKeys$Server (ConfUtils.java:logGet(43)) - raft.grpc.server.port = 0 (default)
2019-10-04 06:28:36,792 [main] INFO  server.GrpcService (ConfUtils.java:logGet(43)) - raft.grpc.message.size.max = 33570816 (custom)
2019-10-04 06:28:36,793 [main] INFO  server.RaftServerConfigKeys (ConfUtils.java:logGet(43)) - raft.server.log.appender.buffer.byte-limit = 33554432 (custom)
2019-10-04 06:28:36,793 [main] INFO  server.GrpcService (ConfUtils.java:logGet(43)) - raft.grpc.flow.control.window = 1MB (=1048576) (default)
2019-10-04 06:28:36,793 [main] INFO  server.RaftServerConfigKeys (ConfUtils.java:logGet(43)) - raft.server.rpc.request.timeout = 3000ms (default)
2019-10-04 06:28:36,793 [main] INFO  server.RaftServerConfigKeys (ConfUtils.java:logGet(43)) - raft.server.storage.dir = [/workdir/hadoop-ozone/integration-test/target/test-dir/MiniOzoneClusterImpl-353dc6ac-9fc0-413a-bb33-b58264605b5f/datanode-5/data/ratis] (custom)
2019-10-04 06:28:36,795 [main] INFO  hdfs.DFSUtil (DFSUtil.java:httpServerTemplateForNNAndJN(1641)) - Starting Web-server for hddsDatanode at: http://0.0.0.0:0
2019-10-04 06:28:36,796 [main] INFO  server.AuthenticationFilter (AuthenticationFilter.java:constructSecretProvider(240)) - Unable to initialize FileSignerSecretProvider, falling back to use random secrets.
2019-10-04 06:28:36,796 [main] WARN  http.HttpRequestLog (HttpRequestLog.java:getRequestLog(97)) - Jetty request log can only be enabled using Log4j
2019-10-04 06:28:36,797 [main] INFO  http.HttpServer2 (HttpServer2.java:addGlobalFilter(975)) - Added global filter 'safety' (class=org.apache.hadoop.http.HttpServer2$QuotingInputFilter)
2019-10-04 06:28:36,798 [main] INFO  http.HttpServer2 (HttpServer2.java:addFilter(948)) - Added filter static_user_filter (class=org.apache.hadoop.http.lib.StaticUserWebFilter$StaticUserFilter) to context hddsDatanode
2019-10-04 06:28:36,798 [main] INFO  http.HttpServer2 (HttpServer2.java:addFilter(958)) - Added filter static_user_filter (class=org.apache.hadoop.http.lib.StaticUserWebFilter$StaticUserFilter) to context static
2019-10-04 06:28:36,798 [main] INFO  http.HttpServer2 (HttpServer2.java:addFilter(958)) - Added filter static_user_filter (class=org.apache.hadoop.http.lib.StaticUserWebFilter$StaticUserFilter) to context logs
2019-10-04 06:28:36,798 [main] INFO  http.HttpServer2 (HttpServer2.java:bindListener(1191)) - Jetty bound to port 45687
2019-10-04 06:28:36,799 [main] INFO  server.Server (Server.java:doStart(351)) - jetty-9.3.25.v20180904, build timestamp: 2018-09-04T21:11:46Z, git hash: 3ce520221d0240229c862b122d2b06c12a625732
2019-10-04 06:28:36,800 [main] INFO  handler.ContextHandler (ContextHandler.java:doStart(781)) - Started o.e.j.s.ServletContextHandler@433d9680{/logs,file:///workdir/hadoop-ozone/integration-test/target/log,AVAILABLE}
2019-10-04 06:28:36,800 [main] INFO  handler.ContextHandler (ContextHandler.java:doStart(781)) - Started o.e.j.s.ServletContextHandler@2da81754{/static,jar:file:/home/user/.m2/repository/org/apache/hadoop/hadoop-hdds-container-service/0.5.0-SNAPSHOT/hadoop-hdds-container-service-0.5.0-SNAPSHOT.jar!/webapps/static,AVAILABLE}
2019-10-04 06:28:36,827 [main] INFO  handler.ContextHandler (ContextHandler.java:doStart(781)) - Started o.e.j.w.WebAppContext@637791d{/,file:///tmp/jetty-0.0.0.0-45687-hddsDatanode-_-any-2482821029248280126.dir/webapp/,AVAILABLE}{/hddsDatanode}
2019-10-04 06:28:36,829 [main] INFO  server.AbstractConnector (AbstractConnector.java:doStart(278)) - Started ServerConnector@3b0c3951{HTTP/1.1,[http/1.1]}{0.0.0.0:45687}
2019-10-04 06:28:36,829 [main] INFO  server.Server (Server.java:doStart(419)) - Started @102489ms
2019-10-04 06:28:36,829 [main] WARN  impl.MetricsSystemImpl (MetricsSystemImpl.java:register(276)) - Sink prometheus already exists!
2019-10-04 06:28:36,830 [main] INFO  server.BaseHttpServer (BaseHttpServer.java:updateConnectorAddress(215)) - HTTP server of HDDSDATANODE is listening at http://0.0.0.0:45687
2019-10-04 06:28:36,830 [main] INFO  impl.MetricsSystemImpl (MetricsSystemImpl.java:init(158)) - HddsDatanode metrics system started (again)
2019-10-04 06:28:36,834 [org.apache.hadoop.util.JvmPauseMonitor$Monitor@2940f738] INFO  util.JvmPauseMonitor (JvmPauseMonitor.java:run(188)) - Starting JVM pause monitor
2019-10-04 06:28:36,834 [main] INFO  ozone.HddsDatanodeService (HddsDatanodeService.java:start(184)) - HddsDatanodeService host:trunk-nightly-20191004-lpvmn-70278721 ip:192.168.151.69
2019-10-04 06:28:36,835 [Datanode State Machine Thread - 0] INFO  datanode.InitDatanodeState (InitDatanodeState.java:persistContainerDatanodeDetails(140)) - DatanodeDetails is persisted to /workdir/hadoop-ozone/integration-test/target/test-dir/MiniOzoneClusterImpl-353dc6ac-9fc0-413a-bb33-b58264605b5f/datanode-5/meta/datanode.id
2019-10-04 06:28:36,839 [main] INFO  volume.HddsVolume (HddsVolume.java:<init>(176)) - Creating Volume: /workdir/hadoop-ozone/integration-test/target/test-dir/MiniOzoneClusterImpl-353dc6ac-9fc0-413a-bb33-b58264605b5f/datanode-6/data/containers/hdds of  storage type : DISK and capacity : 1482555576320
2019-10-04 06:28:36,840 [main] INFO  volume.VolumeSet (VolumeSet.java:initializeVolumeSet(170)) - Added Volume : /workdir/hadoop-ozone/integration-test/target/test-dir/MiniOzoneClusterImpl-353dc6ac-9fc0-413a-bb33-b58264605b5f/datanode-6/data/containers/hdds to VolumeSet
2019-10-04 06:28:36,840 [main] INFO  volume.ThrottledAsyncChecker (ThrottledAsyncChecker.java:schedule(139)) - Scheduling a check for org.apache.hadoop.ozone.container.common.volume.HddsVolume@3ad8717d
2019-10-04 06:28:36,841 [main] INFO  volume.HddsVolumeChecker (HddsVolumeChecker.java:checkAllVolumes(202)) - Scheduled health check for volume org.apache.hadoop.ozone.container.common.volume.HddsVolume@3ad8717d
2019-10-04 06:28:36,854 [main] INFO  impl.RaftServerProxy (ConfUtils.java:logGet(43)) - raft.rpc.type = GRPC (default)
2019-10-04 06:28:36,854 [main] INFO  grpc.GrpcFactory (GrpcFactory.java:checkPooledByteBufAllocatorUseCacheForAllThreads(45)) - PERFORMANCE WARNING: useCacheForAllThreads is true that may cause Netty to create a lot garbage objects and, as a result, trigger GC.
	It is recommended to disable useCacheForAllThreads by setting -Dorg.apache.ratis.thirdparty.io.netty.allocator.useCacheForAllThreads=false in command line.
2019-10-04 06:28:36,855 [main] INFO  grpc.GrpcConfigKeys$Server (ConfUtils.java:logGet(43)) - raft.grpc.server.port = 0 (default)
2019-10-04 06:28:36,855 [main] INFO  server.GrpcService (ConfUtils.java:logGet(43)) - raft.grpc.message.size.max = 33570816 (custom)
2019-10-04 06:28:36,855 [main] INFO  server.RaftServerConfigKeys (ConfUtils.java:logGet(43)) - raft.server.log.appender.buffer.byte-limit = 33554432 (custom)
2019-10-04 06:28:36,855 [main] INFO  server.GrpcService (ConfUtils.java:logGet(43)) - raft.grpc.flow.control.window = 1MB (=1048576) (default)
2019-10-04 06:28:36,855 [main] INFO  server.RaftServerConfigKeys (ConfUtils.java:logGet(43)) - raft.server.rpc.request.timeout = 3000ms (default)
2019-10-04 06:28:36,856 [main] INFO  server.RaftServerConfigKeys (ConfUtils.java:logGet(43)) - raft.server.storage.dir = [/workdir/hadoop-ozone/integration-test/target/test-dir/MiniOzoneClusterImpl-353dc6ac-9fc0-413a-bb33-b58264605b5f/datanode-6/data/ratis] (custom)
2019-10-04 06:28:36,857 [main] INFO  hdfs.DFSUtil (DFSUtil.java:httpServerTemplateForNNAndJN(1641)) - Starting Web-server for hddsDatanode at: http://0.0.0.0:0
2019-10-04 06:28:36,858 [main] INFO  server.AuthenticationFilter (AuthenticationFilter.java:constructSecretProvider(240)) - Unable to initialize FileSignerSecretProvider, falling back to use random secrets.
2019-10-04 06:28:36,859 [main] WARN  http.HttpRequestLog (HttpRequestLog.java:getRequestLog(97)) - Jetty request log can only be enabled using Log4j
2019-10-04 06:28:36,860 [main] INFO  http.HttpServer2 (HttpServer2.java:addGlobalFilter(975)) - Added global filter 'safety' (class=org.apache.hadoop.http.HttpServer2$QuotingInputFilter)
2019-10-04 06:28:36,860 [main] INFO  http.HttpServer2 (HttpServer2.java:addFilter(948)) - Added filter static_user_filter (class=org.apache.hadoop.http.lib.StaticUserWebFilter$StaticUserFilter) to context hddsDatanode
2019-10-04 06:28:36,860 [main] INFO  http.HttpServer2 (HttpServer2.java:addFilter(958)) - Added filter static_user_filter (class=org.apache.hadoop.http.lib.StaticUserWebFilter$StaticUserFilter) to context static
2019-10-04 06:28:36,861 [main] INFO  http.HttpServer2 (HttpServer2.java:addFilter(958)) - Added filter static_user_filter (class=org.apache.hadoop.http.lib.StaticUserWebFilter$StaticUserFilter) to context logs
2019-10-04 06:28:36,861 [main] INFO  http.HttpServer2 (HttpServer2.java:bindListener(1191)) - Jetty bound to port 39515
2019-10-04 06:28:36,861 [main] INFO  server.Server (Server.java:doStart(351)) - jetty-9.3.25.v20180904, build timestamp: 2018-09-04T21:11:46Z, git hash: 3ce520221d0240229c862b122d2b06c12a625732
2019-10-04 06:28:36,863 [main] INFO  handler.ContextHandler (ContextHandler.java:doStart(781)) - Started o.e.j.s.ServletContextHandler@1fecfaea{/logs,file:///workdir/hadoop-ozone/integration-test/target/log,AVAILABLE}
2019-10-04 06:28:36,863 [main] INFO  handler.ContextHandler (ContextHandler.java:doStart(781)) - Started o.e.j.s.ServletContextHandler@483f286e{/static,jar:file:/home/user/.m2/repository/org/apache/hadoop/hadoop-hdds-container-service/0.5.0-SNAPSHOT/hadoop-hdds-container-service-0.5.0-SNAPSHOT.jar!/webapps/static,AVAILABLE}
2019-10-04 06:28:36,900 [main] INFO  handler.ContextHandler (ContextHandler.java:doStart(781)) - Started o.e.j.w.WebAppContext@581b1c08{/,file:///tmp/jetty-0.0.0.0-39515-hddsDatanode-_-any-8936253191684895593.dir/webapp/,AVAILABLE}{/hddsDatanode}
2019-10-04 06:28:36,901 [main] INFO  server.AbstractConnector (AbstractConnector.java:doStart(278)) - Started ServerConnector@1c240cf2{HTTP/1.1,[http/1.1]}{0.0.0.0:39515}
2019-10-04 06:28:36,903 [main] INFO  server.Server (Server.java:doStart(419)) - Started @102563ms
2019-10-04 06:28:36,903 [main] WARN  impl.MetricsSystemImpl (MetricsSystemImpl.java:register(276)) - Sink prometheus already exists!
2019-10-04 06:28:36,904 [main] INFO  server.BaseHttpServer (BaseHttpServer.java:updateConnectorAddress(215)) - HTTP server of HDDSDATANODE is listening at http://0.0.0.0:39515
2019-10-04 06:28:36,904 [main] INFO  ozone.MiniOzoneClusterImpl (MiniOzoneClusterImpl.java:lambda$waitForClusterToBeReady$0(147)) - Waiting for cluster to be ready. Got 0 of 7 DN Heartbeats.
2019-10-04 06:28:36,905 [org.apache.hadoop.util.JvmPauseMonitor$Monitor@43edcaac] INFO  util.JvmPauseMonitor (JvmPauseMonitor.java:run(188)) - Starting JVM pause monitor
2019-10-04 06:28:36,907 [Datanode State Machine Thread - 0] INFO  datanode.InitDatanodeState (InitDatanodeState.java:persistContainerDatanodeDetails(140)) - DatanodeDetails is persisted to /workdir/hadoop-ozone/integration-test/target/test-dir/MiniOzoneClusterImpl-353dc6ac-9fc0-413a-bb33-b58264605b5f/datanode-6/meta/datanode.id
2019-10-04 06:28:37,905 [main] INFO  ozone.MiniOzoneClusterImpl (MiniOzoneClusterImpl.java:lambda$waitForClusterToBeReady$0(147)) - Waiting for cluster to be ready. Got 0 of 7 DN Heartbeats.
2019-10-04 06:28:38,515 [Datanode State Machine Thread - 0] INFO  ozoneimpl.OzoneContainer (OzoneContainer.java:start(217)) - Attempting to start container services.
2019-10-04 06:28:38,516 [Datanode State Machine Thread - 0] INFO  ozoneimpl.OzoneContainer (OzoneContainer.java:startContainerScrub(179)) - Background container scanner has been disabled.
2019-10-04 06:28:38,516 [Datanode State Machine Thread - 0] INFO  ratis.XceiverServerRatis (XceiverServerRatis.java:start(417)) - Starting XceiverServerRatis 1a60f1dd-57b0-4e50-a131-82451b1e3cfa at port 0
2019-10-04 06:28:38,519 [Datanode State Machine Thread - 0] INFO  impl.RaftServerProxy (RaftServerProxy.java:lambda$start$3(299)) - 1a60f1dd-57b0-4e50-a131-82451b1e3cfa: start RPC server
2019-10-04 06:28:38,521 [Datanode State Machine Thread - 0] INFO  server.GrpcService (GrpcService.java:startImpl(158)) - 1a60f1dd-57b0-4e50-a131-82451b1e3cfa: GrpcService started, listening on 0.0.0.0/0.0.0.0:41577
2019-10-04 06:28:38,521 [Datanode State Machine Thread - 0] INFO  ratis.XceiverServerRatis (XceiverServerRatis.java:start(427)) - XceiverServerRatis 1a60f1dd-57b0-4e50-a131-82451b1e3cfa is started using port 41577
2019-10-04 06:28:38,522 [Datanode State Machine Thread - 0] INFO  server.XceiverServerGrpc (XceiverServerGrpc.java:start(149)) - XceiverServerGrpc 1a60f1dd-57b0-4e50-a131-82451b1e3cfa is started using port 34555
2019-10-04 06:28:38,571 [Datanode State Machine Thread - 0] INFO  ozoneimpl.OzoneContainer (OzoneContainer.java:start(217)) - Attempting to start container services.
2019-10-04 06:28:38,573 [Datanode State Machine Thread - 0] INFO  ozoneimpl.OzoneContainer (OzoneContainer.java:startContainerScrub(179)) - Background container scanner has been disabled.
2019-10-04 06:28:38,573 [Datanode State Machine Thread - 0] INFO  ratis.XceiverServerRatis (XceiverServerRatis.java:start(417)) - Starting XceiverServerRatis f60682d0-d3c6-4810-99e4-62a378b29a6d at port 0
2019-10-04 06:28:38,579 [Datanode State Machine Thread - 0] INFO  impl.RaftServerProxy (RaftServerProxy.java:lambda$start$3(299)) - f60682d0-d3c6-4810-99e4-62a378b29a6d: start RPC server
2019-10-04 06:28:38,580 [Datanode State Machine Thread - 0] INFO  server.GrpcService (GrpcService.java:startImpl(158)) - f60682d0-d3c6-4810-99e4-62a378b29a6d: GrpcService started, listening on 0.0.0.0/0.0.0.0:44097
2019-10-04 06:28:38,581 [Datanode State Machine Thread - 0] INFO  ratis.XceiverServerRatis (XceiverServerRatis.java:start(427)) - XceiverServerRatis f60682d0-d3c6-4810-99e4-62a378b29a6d is started using port 44097
2019-10-04 06:28:38,583 [Datanode State Machine Thread - 0] INFO  server.XceiverServerGrpc (XceiverServerGrpc.java:start(149)) - XceiverServerGrpc f60682d0-d3c6-4810-99e4-62a378b29a6d is started using port 34713
2019-10-04 06:28:38,641 [Datanode State Machine Thread - 0] INFO  ozoneimpl.OzoneContainer (OzoneContainer.java:start(217)) - Attempting to start container services.
2019-10-04 06:28:38,641 [Datanode State Machine Thread - 0] INFO  ozoneimpl.OzoneContainer (OzoneContainer.java:startContainerScrub(179)) - Background container scanner has been disabled.
2019-10-04 06:28:38,642 [Datanode State Machine Thread - 0] INFO  ratis.XceiverServerRatis (XceiverServerRatis.java:start(417)) - Starting XceiverServerRatis 5d6dac2c-28ba-4e48-a46a-83fcc0658c61 at port 0
2019-10-04 06:28:38,648 [Datanode State Machine Thread - 0] INFO  impl.RaftServerProxy (RaftServerProxy.java:lambda$start$3(299)) - 5d6dac2c-28ba-4e48-a46a-83fcc0658c61: start RPC server
2019-10-04 06:28:38,649 [Datanode State Machine Thread - 0] INFO  server.GrpcService (GrpcService.java:startImpl(158)) - 5d6dac2c-28ba-4e48-a46a-83fcc0658c61: GrpcService started, listening on 0.0.0.0/0.0.0.0:36683
2019-10-04 06:28:38,649 [Datanode State Machine Thread - 0] INFO  ratis.XceiverServerRatis (XceiverServerRatis.java:start(427)) - XceiverServerRatis 5d6dac2c-28ba-4e48-a46a-83fcc0658c61 is started using port 36683
2019-10-04 06:28:38,650 [Datanode State Machine Thread - 0] INFO  server.XceiverServerGrpc (XceiverServerGrpc.java:start(149)) - XceiverServerGrpc 5d6dac2c-28ba-4e48-a46a-83fcc0658c61 is started using port 36163
2019-10-04 06:28:38,710 [Datanode State Machine Thread - 0] INFO  ozoneimpl.OzoneContainer (OzoneContainer.java:start(217)) - Attempting to start container services.
2019-10-04 06:28:38,710 [Datanode State Machine Thread - 0] INFO  ozoneimpl.OzoneContainer (OzoneContainer.java:startContainerScrub(179)) - Background container scanner has been disabled.
2019-10-04 06:28:38,711 [Datanode State Machine Thread - 0] INFO  ratis.XceiverServerRatis (XceiverServerRatis.java:start(417)) - Starting XceiverServerRatis fd6ad844-5084-4a79-88b5-192c4e1ce2b2 at port 0
2019-10-04 06:28:38,717 [Datanode State Machine Thread - 0] INFO  impl.RaftServerProxy (RaftServerProxy.java:lambda$start$3(299)) - fd6ad844-5084-4a79-88b5-192c4e1ce2b2: start RPC server
2019-10-04 06:28:38,722 [Datanode State Machine Thread - 0] INFO  server.GrpcService (GrpcService.java:startImpl(158)) - fd6ad844-5084-4a79-88b5-192c4e1ce2b2: GrpcService started, listening on 0.0.0.0/0.0.0.0:34280
2019-10-04 06:28:38,722 [Datanode State Machine Thread - 0] INFO  ratis.XceiverServerRatis (XceiverServerRatis.java:start(427)) - XceiverServerRatis fd6ad844-5084-4a79-88b5-192c4e1ce2b2 is started using port 34280
2019-10-04 06:28:38,725 [Datanode State Machine Thread - 0] INFO  server.XceiverServerGrpc (XceiverServerGrpc.java:start(149)) - XceiverServerGrpc fd6ad844-5084-4a79-88b5-192c4e1ce2b2 is started using port 40567
2019-10-04 06:28:38,795 [Datanode State Machine Thread - 0] INFO  ozoneimpl.OzoneContainer (OzoneContainer.java:start(217)) - Attempting to start container services.
2019-10-04 06:28:38,795 [Datanode State Machine Thread - 0] INFO  ozoneimpl.OzoneContainer (OzoneContainer.java:startContainerScrub(179)) - Background container scanner has been disabled.
2019-10-04 06:28:38,795 [Datanode State Machine Thread - 0] INFO  ratis.XceiverServerRatis (XceiverServerRatis.java:start(417)) - Starting XceiverServerRatis 2e19ec59-8618-4c04-888d-7b73415cc129 at port 0
2019-10-04 06:28:38,801 [Datanode State Machine Thread - 0] INFO  impl.RaftServerProxy (RaftServerProxy.java:lambda$start$3(299)) - 2e19ec59-8618-4c04-888d-7b73415cc129: start RPC server
2019-10-04 06:28:38,805 [Datanode State Machine Thread - 0] INFO  server.GrpcService (GrpcService.java:startImpl(158)) - 2e19ec59-8618-4c04-888d-7b73415cc129: GrpcService started, listening on 0.0.0.0/0.0.0.0:37521
2019-10-04 06:28:38,805 [Datanode State Machine Thread - 0] INFO  ratis.XceiverServerRatis (XceiverServerRatis.java:start(427)) - XceiverServerRatis 2e19ec59-8618-4c04-888d-7b73415cc129 is started using port 37521
2019-10-04 06:28:38,808 [Datanode State Machine Thread - 0] INFO  server.XceiverServerGrpc (XceiverServerGrpc.java:start(149)) - XceiverServerGrpc 2e19ec59-8618-4c04-888d-7b73415cc129 is started using port 40794
2019-10-04 06:28:38,847 [Datanode State Machine Thread - 0] INFO  ozoneimpl.OzoneContainer (OzoneContainer.java:start(217)) - Attempting to start container services.
2019-10-04 06:28:38,848 [Datanode State Machine Thread - 0] INFO  ozoneimpl.OzoneContainer (OzoneContainer.java:startContainerScrub(179)) - Background container scanner has been disabled.
2019-10-04 06:28:38,848 [Datanode State Machine Thread - 0] INFO  ratis.XceiverServerRatis (XceiverServerRatis.java:start(417)) - Starting XceiverServerRatis a6e5811f-94fc-4b80-ac7d-ab0b387e43ac at port 0
2019-10-04 06:28:38,854 [Datanode State Machine Thread - 0] INFO  impl.RaftServerProxy (RaftServerProxy.java:lambda$start$3(299)) - a6e5811f-94fc-4b80-ac7d-ab0b387e43ac: start RPC server
2019-10-04 06:28:38,858 [Datanode State Machine Thread - 0] INFO  server.GrpcService (GrpcService.java:startImpl(158)) - a6e5811f-94fc-4b80-ac7d-ab0b387e43ac: GrpcService started, listening on 0.0.0.0/0.0.0.0:40727
2019-10-04 06:28:38,858 [Datanode State Machine Thread - 0] INFO  ratis.XceiverServerRatis (XceiverServerRatis.java:start(427)) - XceiverServerRatis a6e5811f-94fc-4b80-ac7d-ab0b387e43ac is started using port 40727
2019-10-04 06:28:38,868 [Datanode State Machine Thread - 0] INFO  server.XceiverServerGrpc (XceiverServerGrpc.java:start(149)) - XceiverServerGrpc a6e5811f-94fc-4b80-ac7d-ab0b387e43ac is started using port 41984
2019-10-04 06:28:38,906 [main] INFO  ozone.MiniOzoneClusterImpl (MiniOzoneClusterImpl.java:lambda$waitForClusterToBeReady$0(147)) - Waiting for cluster to be ready. Got 0 of 7 DN Heartbeats.
2019-10-04 06:28:38,922 [Datanode State Machine Thread - 0] INFO  ozoneimpl.OzoneContainer (OzoneContainer.java:start(217)) - Attempting to start container services.
2019-10-04 06:28:38,923 [Datanode State Machine Thread - 0] INFO  ozoneimpl.OzoneContainer (OzoneContainer.java:startContainerScrub(179)) - Background container scanner has been disabled.
2019-10-04 06:28:38,923 [Datanode State Machine Thread - 0] INFO  ratis.XceiverServerRatis (XceiverServerRatis.java:start(417)) - Starting XceiverServerRatis fa71cad9-553e-4d32-83de-60c2765a1220 at port 0
2019-10-04 06:28:38,929 [Datanode State Machine Thread - 0] INFO  impl.RaftServerProxy (RaftServerProxy.java:lambda$start$3(299)) - fa71cad9-553e-4d32-83de-60c2765a1220: start RPC server
2019-10-04 06:28:38,932 [Datanode State Machine Thread - 0] INFO  server.GrpcService (GrpcService.java:startImpl(158)) - fa71cad9-553e-4d32-83de-60c2765a1220: GrpcService started, listening on 0.0.0.0/0.0.0.0:44326
2019-10-04 06:28:38,933 [Datanode State Machine Thread - 0] INFO  ratis.XceiverServerRatis (XceiverServerRatis.java:start(427)) - XceiverServerRatis fa71cad9-553e-4d32-83de-60c2765a1220 is started using port 44326
2019-10-04 06:28:38,933 [Datanode State Machine Thread - 0] INFO  server.XceiverServerGrpc (XceiverServerGrpc.java:start(149)) - XceiverServerGrpc fa71cad9-553e-4d32-83de-60c2765a1220 is started using port 39554
2019-10-04 06:28:39,906 [main] INFO  ozone.MiniOzoneClusterImpl (MiniOzoneClusterImpl.java:lambda$waitForClusterToBeReady$0(147)) - Waiting for cluster to be ready. Got 0 of 7 DN Heartbeats.
2019-10-04 06:28:40,495 [IPC Server handler 1 on 42144] INFO  net.NetworkTopology (NetworkTopologyImpl.java:add(111)) - Added a new node: /default-rack/1a60f1dd-57b0-4e50-a131-82451b1e3cfa
2019-10-04 06:28:40,498 [IPC Server handler 1 on 42144] INFO  node.SCMNodeManager (SCMNodeManager.java:register(266)) - Registered Data node : 1a60f1dd-57b0-4e50-a131-82451b1e3cfa{ip: 192.168.151.69, host: trunk-nightly-20191004-lpvmn-70278721, networkLocation: /default-rack, certSerialId: null}
2019-10-04 06:28:40,500 [EventQueue-NodeRegistrationContainerReportForDataNodeSafeModeRule] INFO  safemode.SCMSafeModeManager (DataNodeSafeModeRule.java:process(71)) - SCM in safe mode. 1 DataNodes registered, 1 required.
2019-10-04 06:28:40,503 [EventQueue-NodeRegistrationContainerReportForDataNodeSafeModeRule] INFO  safemode.SCMSafeModeManager (SCMSafeModeManager.java:validateSafeModeExitRules(177)) - ScmSafeModeManager, all rules are successfully validated
2019-10-04 06:28:40,503 [EventQueue-NodeRegistrationContainerReportForDataNodeSafeModeRule] INFO  safemode.SCMSafeModeManager (SCMSafeModeManager.java:exitSafeMode(193)) - SCM exiting safe mode.
2019-10-04 06:28:40,517 [grpc-default-executor-3] INFO  impl.RaftServerProxy (RaftServerProxy.java:addNew(89)) - 1a60f1dd-57b0-4e50-a131-82451b1e3cfa: addNew group-DF48A6DEF03B:[1a60f1dd-57b0-4e50-a131-82451b1e3cfa:192.168.151.69:41577] returns group-DF48A6DEF03B:java.util.concurrent.CompletableFuture@13b05bc8[Not completed]
2019-10-04 06:28:40,519 [pool-207-thread-1] INFO  impl.RaftServerImpl (RaftServerImpl.java:<init>(95)) - 1a60f1dd-57b0-4e50-a131-82451b1e3cfa: new RaftServerImpl for group-DF48A6DEF03B:[1a60f1dd-57b0-4e50-a131-82451b1e3cfa:192.168.151.69:41577] with ContainerStateMachine:uninitialized
2019-10-04 06:28:40,520 [pool-207-thread-1] INFO  server.RaftServerConfigKeys (ConfUtils.java:logGet(43)) - raft.server.rpc.timeout.min = 5s (custom)
2019-10-04 06:28:40,520 [pool-207-thread-1] INFO  server.RaftServerConfigKeys (ConfUtils.java:logGet(43)) - raft.server.rpc.timeout.max = 5200ms (custom)
2019-10-04 06:28:40,520 [pool-207-thread-1] INFO  server.RaftServerConfigKeys (ConfUtils.java:logGet(43)) - raft.server.rpcslowness.timeout = 120s (custom)
2019-10-04 06:28:40,520 [pool-207-thread-1] INFO  server.RaftServerConfigKeys (ConfUtils.java:logGet(43)) - raft.server.sleep.deviation.threshold = 300 (default)
2019-10-04 06:28:40,520 [pool-207-thread-1] INFO  server.RaftServerConfigKeys (ConfUtils.java:logGet(43)) - raft.server.log.appender.install.snapshot.enabled = false (custom)
2019-10-04 06:28:40,520 [pool-207-thread-1] INFO  impl.RaftServerImpl (ServerState.java:<init>(103)) - 1a60f1dd-57b0-4e50-a131-82451b1e3cfa@group-DF48A6DEF03B: ConfigurationManager, init=-1: [1a60f1dd-57b0-4e50-a131-82451b1e3cfa:192.168.151.69:41577], old=null, confs=<EMPTY_MAP>
2019-10-04 06:28:40,521 [pool-207-thread-1] INFO  server.RaftServerConfigKeys (ConfUtils.java:logGet(43)) - raft.server.storage.dir = [/workdir/hadoop-ozone/integration-test/target/test-dir/MiniOzoneClusterImpl-353dc6ac-9fc0-413a-bb33-b58264605b5f/datanode-0/data/ratis] (custom)
2019-10-04 06:28:40,521 [pool-207-thread-1] INFO  server.RaftServerConfigKeys (ConfUtils.java:logGet(43)) - raft.server.log.corruption.policy = EXCEPTION (default)
2019-10-04 06:28:40,521 [pool-207-thread-1] INFO  storage.RaftStorageDirectory (RaftStorageDirectory.java:analyzeStorage(246)) - The storage directory /workdir/hadoop-ozone/integration-test/target/test-dir/MiniOzoneClusterImpl-353dc6ac-9fc0-413a-bb33-b58264605b5f/datanode-0/data/ratis/02a060c2-d67e-4106-82d3-df48a6def03b does not exist. Creating ...
2019-10-04 06:28:40,534 [pool-207-thread-1] INFO  storage.RaftStorageDirectory (RaftStorageDirectory.java:tryLock(328)) - Lock on /workdir/hadoop-ozone/integration-test/target/test-dir/MiniOzoneClusterImpl-353dc6ac-9fc0-413a-bb33-b58264605b5f/datanode-0/data/ratis/02a060c2-d67e-4106-82d3-df48a6def03b/in_use.lock acquired by nodename 21365@trunk-nightly-20191004-lpvmn-70278721
2019-10-04 06:28:40,547 [pool-207-thread-1] INFO  storage.RaftStorage (RaftStorage.java:format(84)) - Storage directory /workdir/hadoop-ozone/integration-test/target/test-dir/MiniOzoneClusterImpl-353dc6ac-9fc0-413a-bb33-b58264605b5f/datanode-0/data/ratis/02a060c2-d67e-4106-82d3-df48a6def03b has been successfully formatted.
2019-10-04 06:28:40,548 [pool-207-thread-1] INFO  ratis.ContainerStateMachine (ContainerStateMachine.java:loadSnapshot(230)) - group-DF48A6DEF03B: The snapshot info is null. Setting the last applied indexto:(t:0, i:~)
2019-10-04 06:28:40,548 [pool-207-thread-1] INFO  server.RaftServerConfigKeys (ConfUtils.java:logGet(43)) - raft.server.notification.no-leader.timeout = 120s (custom)
2019-10-04 06:28:40,548 [pool-207-thread-1] INFO  server.RaftServerConfigKeys (ConfUtils.java:logGet(43)) - raft.server.log.use.memory = false (default)
2019-10-04 06:28:40,548 [pool-207-thread-1] INFO  server.RaftServerConfigKeys (ConfUtils.java:logGet(43)) - raft.server.log.purge.gap = 1000000 (custom)
2019-10-04 06:28:40,548 [pool-207-thread-1] INFO  server.RaftServerConfigKeys (ConfUtils.java:logGet(43)) - raft.server.log.appender.buffer.byte-limit = 33554432 (custom)
2019-10-04 06:28:40,548 [pool-207-thread-1] INFO  server.RaftServerConfigKeys (ConfUtils.java:logGet(43)) - raft.server.log.segment.size.max = 1048576 (custom)
2019-10-04 06:28:40,551 [pool-207-thread-1] INFO  server.RaftServerConfigKeys (ConfUtils.java:logGet(43)) - raft.server.log.segment.cache.num.max = 2 (custom)
2019-10-04 06:28:40,551 [pool-207-thread-1] INFO  segmented.SegmentedRaftLogWorker (SegmentedRaftLogWorker.java:<init>(173)) - new 1a60f1dd-57b0-4e50-a131-82451b1e3cfa@group-DF48A6DEF03B-SegmentedRaftLogWorker for RaftStorage:Storage Directory /workdir/hadoop-ozone/integration-test/target/test-dir/MiniOzoneClusterImpl-353dc6ac-9fc0-413a-bb33-b58264605b5f/datanode-0/data/ratis/02a060c2-d67e-4106-82d3-df48a6def03b
2019-10-04 06:28:40,551 [pool-207-thread-1] INFO  server.RaftServerConfigKeys (ConfUtils.java:logGet(43)) - raft.server.log.queue.byte-limit = 2147483647 (custom)
2019-10-04 06:28:40,551 [pool-207-thread-1] INFO  server.RaftServerConfigKeys (ConfUtils.java:logGet(43)) - raft.server.log.queue.element-limit = 1024 (custom)
2019-10-04 06:28:40,551 [pool-207-thread-1] INFO  server.RaftServerConfigKeys (ConfUtils.java:logGet(43)) - raft.server.log.segment.size.max = 1048576 (custom)
2019-10-04 06:28:40,551 [pool-207-thread-1] INFO  server.RaftServerConfigKeys (ConfUtils.java:logGet(43)) - raft.server.log.preallocated.size = 16384 (custom)
2019-10-04 06:28:40,551 [pool-207-thread-1] INFO  server.RaftServerConfigKeys (ConfUtils.java:logGet(43)) - raft.server.log.write.buffer.size = 33554432 (custom)
2019-10-04 06:28:40,552 [pool-207-thread-1] INFO  server.RaftServerConfigKeys (ConfUtils.java:logGet(43)) - raft.server.log.force.sync.num = 128 (default)
2019-10-04 06:28:40,552 [pool-207-thread-1] INFO  server.RaftServerConfigKeys (ConfUtils.java:logGet(43)) - raft.server.log.statemachine.data.sync = true (default)
2019-10-04 06:28:40,552 [pool-207-thread-1] INFO  server.RaftServerConfigKeys (ConfUtils.java:logGet(43)) - raft.server.log.statemachine.data.sync.timeout = 10s (default)
2019-10-04 06:28:40,552 [pool-207-thread-1] INFO  server.RaftServerConfigKeys (ConfUtils.java:logGet(43)) - raft.server.log.statemachine.data.sync.timeout.retry = -1 (default)
2019-10-04 06:28:40,553 [pool-207-thread-1] INFO  server.RaftServerConfigKeys (ConfUtils.java:logGet(43)) - raft.server.log.statemachine.data.caching.enabled = true (custom)
2019-10-04 06:28:40,553 [pool-207-thread-1] INFO  segmented.SegmentedRaftLogWorker (SegmentedRaftLogWorker.java:lambda$new$0(128)) - 1a60f1dd-57b0-4e50-a131-82451b1e3cfa@group-DF48A6DEF03B-SegmentedRaftLogWorker: flushIndex: setUnconditionally 0 -> -1
2019-10-04 06:28:40,553 [pool-207-thread-1] INFO  server.RaftServerConfigKeys (ConfUtils.java:logGet(43)) - raft.server.snapshot.auto.trigger.enabled = true (custom)
2019-10-04 06:28:40,553 [pool-207-thread-1] INFO  server.RaftServerConfigKeys (ConfUtils.java:logGet(43)) - raft.server.snapshot.auto.trigger.threshold = 10000 (custom)
2019-10-04 06:28:40,553 [pool-207-thread-1] INFO  server.RaftServerConfigKeys (ConfUtils.java:logGet(43)) - raft.server.snapshot.retention.file.num = 5 (custom)
2019-10-04 06:28:40,554 [pool-207-thread-1] INFO  server.RaftServerConfigKeys (ConfUtils.java:logGet(43)) - raft.server.retrycache.expirytime = 600000ms (custom)
2019-10-04 06:28:40,556 [pool-207-thread-1] INFO  impl.RaftServerImpl (RaftServerImpl.java:start(181)) - 1a60f1dd-57b0-4e50-a131-82451b1e3cfa@group-DF48A6DEF03B: start as a follower, conf=-1: [1a60f1dd-57b0-4e50-a131-82451b1e3cfa:192.168.151.69:41577], old=null
2019-10-04 06:28:40,556 [IPC Server handler 0 on 42144] INFO  net.NetworkTopology (NetworkTopologyImpl.java:add(111)) - Added a new node: /default-rack/f60682d0-d3c6-4810-99e4-62a378b29a6d
2019-10-04 06:28:40,556 [pool-207-thread-1] INFO  impl.RaftServerImpl (RaftServerImpl.java:setRole(170)) - 1a60f1dd-57b0-4e50-a131-82451b1e3cfa@group-DF48A6DEF03B: changes role from      null to FOLLOWER at term 0 for startAsFollower
2019-10-04 06:28:40,556 [IPC Server handler 0 on 42144] INFO  node.SCMNodeManager (SCMNodeManager.java:register(266)) - Registered Data node : f60682d0-d3c6-4810-99e4-62a378b29a6d{ip: 192.168.151.69, host: trunk-nightly-20191004-lpvmn-70278721, networkLocation: /default-rack, certSerialId: null}
2019-10-04 06:28:40,556 [pool-207-thread-1] INFO  impl.RoleInfo (RoleInfo.java:updateAndGet(143)) - 1a60f1dd-57b0-4e50-a131-82451b1e3cfa: start FollowerState
2019-10-04 06:28:40,557 [pool-207-thread-1] INFO  util.JmxRegister (JmxRegister.java:tryRegister(44)) - Successfully registered JMX Bean with object name Ratis:service=RaftServer,group=group-DF48A6DEF03B,id=1a60f1dd-57b0-4e50-a131-82451b1e3cfa
2019-10-04 06:28:40,565 [RatisPipelineUtilsThread] INFO  pipeline.PipelineStateManager (PipelineStateManager.java:addPipeline(56)) - Created pipeline Pipeline[ Id: 02a060c2-d67e-4106-82d3-df48a6def03b, Nodes: 1a60f1dd-57b0-4e50-a131-82451b1e3cfa{ip: 192.168.151.69, host: trunk-nightly-20191004-lpvmn-70278721, networkLocation: /default-rack, certSerialId: null}, Type:RATIS, Factor:ONE, State:OPEN]
2019-10-04 06:28:40,590 [grpc-default-executor-3] INFO  impl.RaftServerProxy (RaftServerProxy.java:addNew(89)) - f60682d0-d3c6-4810-99e4-62a378b29a6d: addNew group-869C54BC372A:[f60682d0-d3c6-4810-99e4-62a378b29a6d:192.168.151.69:44097] returns group-869C54BC372A:java.util.concurrent.CompletableFuture@4da8fc72[Not completed]
2019-10-04 06:28:40,591 [pool-217-thread-1] INFO  impl.RaftServerImpl (RaftServerImpl.java:<init>(95)) - f60682d0-d3c6-4810-99e4-62a378b29a6d: new RaftServerImpl for group-869C54BC372A:[f60682d0-d3c6-4810-99e4-62a378b29a6d:192.168.151.69:44097] with ContainerStateMachine:uninitialized
2019-10-04 06:28:40,591 [pool-217-thread-1] INFO  server.RaftServerConfigKeys (ConfUtils.java:logGet(43)) - raft.server.rpc.timeout.min = 5s (custom)
2019-10-04 06:28:40,591 [pool-217-thread-1] INFO  server.RaftServerConfigKeys (ConfUtils.java:logGet(43)) - raft.server.rpc.timeout.max = 5200ms (custom)
2019-10-04 06:28:40,591 [pool-217-thread-1] INFO  server.RaftServerConfigKeys (ConfUtils.java:logGet(43)) - raft.server.rpcslowness.timeout = 120s (custom)
2019-10-04 06:28:40,592 [pool-217-thread-1] INFO  server.RaftServerConfigKeys (ConfUtils.java:logGet(43)) - raft.server.sleep.deviation.threshold = 300 (default)
2019-10-04 06:28:40,592 [pool-217-thread-1] INFO  server.RaftServerConfigKeys (ConfUtils.java:logGet(43)) - raft.server.log.appender.install.snapshot.enabled = false (custom)
2019-10-04 06:28:40,592 [pool-217-thread-1] INFO  impl.RaftServerImpl (ServerState.java:<init>(103)) - f60682d0-d3c6-4810-99e4-62a378b29a6d@group-869C54BC372A: ConfigurationManager, init=-1: [f60682d0-d3c6-4810-99e4-62a378b29a6d:192.168.151.69:44097], old=null, confs=<EMPTY_MAP>
2019-10-04 06:28:40,592 [pool-217-thread-1] INFO  server.RaftServerConfigKeys (ConfUtils.java:logGet(43)) - raft.server.storage.dir = [/workdir/hadoop-ozone/integration-test/target/test-dir/MiniOzoneClusterImpl-353dc6ac-9fc0-413a-bb33-b58264605b5f/datanode-1/data/ratis] (custom)
2019-10-04 06:28:40,592 [pool-217-thread-1] INFO  server.RaftServerConfigKeys (ConfUtils.java:logGet(43)) - raft.server.log.corruption.policy = EXCEPTION (default)
2019-10-04 06:28:40,593 [pool-217-thread-1] INFO  storage.RaftStorageDirectory (RaftStorageDirectory.java:analyzeStorage(246)) - The storage directory /workdir/hadoop-ozone/integration-test/target/test-dir/MiniOzoneClusterImpl-353dc6ac-9fc0-413a-bb33-b58264605b5f/datanode-1/data/ratis/f588a7c6-24db-4f95-bf68-869c54bc372a does not exist. Creating ...
2019-10-04 06:28:40,605 [pool-217-thread-1] INFO  storage.RaftStorageDirectory (RaftStorageDirectory.java:tryLock(328)) - Lock on /workdir/hadoop-ozone/integration-test/target/test-dir/MiniOzoneClusterImpl-353dc6ac-9fc0-413a-bb33-b58264605b5f/datanode-1/data/ratis/f588a7c6-24db-4f95-bf68-869c54bc372a/in_use.lock acquired by nodename 21365@trunk-nightly-20191004-lpvmn-70278721
2019-10-04 06:28:40,618 [pool-217-thread-1] INFO  storage.RaftStorage (RaftStorage.java:format(84)) - Storage directory /workdir/hadoop-ozone/integration-test/target/test-dir/MiniOzoneClusterImpl-353dc6ac-9fc0-413a-bb33-b58264605b5f/datanode-1/data/ratis/f588a7c6-24db-4f95-bf68-869c54bc372a has been successfully formatted.
2019-10-04 06:28:40,618 [pool-217-thread-1] INFO  ratis.ContainerStateMachine (ContainerStateMachine.java:loadSnapshot(230)) - group-869C54BC372A: The snapshot info is null. Setting the last applied indexto:(t:0, i:~)
2019-10-04 06:28:40,618 [pool-217-thread-1] INFO  server.RaftServerConfigKeys (ConfUtils.java:logGet(43)) - raft.server.notification.no-leader.timeout = 120s (custom)
2019-10-04 06:28:40,618 [pool-217-thread-1] INFO  server.RaftServerConfigKeys (ConfUtils.java:logGet(43)) - raft.server.log.use.memory = false (default)
2019-10-04 06:28:40,618 [pool-217-thread-1] INFO  server.RaftServerConfigKeys (ConfUtils.java:logGet(43)) - raft.server.log.purge.gap = 1000000 (custom)
2019-10-04 06:28:40,619 [pool-217-thread-1] INFO  server.RaftServerConfigKeys (ConfUtils.java:logGet(43)) - raft.server.log.appender.buffer.byte-limit = 33554432 (custom)
2019-10-04 06:28:40,619 [pool-217-thread-1] INFO  server.RaftServerConfigKeys (ConfUtils.java:logGet(43)) - raft.server.log.segment.size.max = 1048576 (custom)
2019-10-04 06:28:40,621 [pool-217-thread-1] INFO  server.RaftServerConfigKeys (ConfUtils.java:logGet(43)) - raft.server.log.segment.cache.num.max = 2 (custom)
2019-10-04 06:28:40,621 [pool-217-thread-1] INFO  segmented.SegmentedRaftLogWorker (SegmentedRaftLogWorker.java:<init>(173)) - new f60682d0-d3c6-4810-99e4-62a378b29a6d@group-869C54BC372A-SegmentedRaftLogWorker for RaftStorage:Storage Directory /workdir/hadoop-ozone/integration-test/target/test-dir/MiniOzoneClusterImpl-353dc6ac-9fc0-413a-bb33-b58264605b5f/datanode-1/data/ratis/f588a7c6-24db-4f95-bf68-869c54bc372a
2019-10-04 06:28:40,621 [pool-217-thread-1] INFO  server.RaftServerConfigKeys (ConfUtils.java:logGet(43)) - raft.server.log.queue.byte-limit = 2147483647 (custom)
2019-10-04 06:28:40,621 [pool-217-thread-1] INFO  server.RaftServerConfigKeys (ConfUtils.java:logGet(43)) - raft.server.log.queue.element-limit = 1024 (custom)
2019-10-04 06:28:40,621 [pool-217-thread-1] INFO  server.RaftServerConfigKeys (ConfUtils.java:logGet(43)) - raft.server.log.segment.size.max = 1048576 (custom)
2019-10-04 06:28:40,621 [pool-217-thread-1] INFO  server.RaftServerConfigKeys (ConfUtils.java:logGet(43)) - raft.server.log.preallocated.size = 16384 (custom)
2019-10-04 06:28:40,621 [pool-217-thread-1] INFO  server.RaftServerConfigKeys (ConfUtils.java:logGet(43)) - raft.server.log.write.buffer.size = 33554432 (custom)
2019-10-04 06:28:40,621 [pool-217-thread-1] INFO  server.RaftServerConfigKeys (ConfUtils.java:logGet(43)) - raft.server.log.force.sync.num = 128 (default)
2019-10-04 06:28:40,622 [pool-217-thread-1] INFO  server.RaftServerConfigKeys (ConfUtils.java:logGet(43)) - raft.server.log.statemachine.data.sync = true (default)
2019-10-04 06:28:40,622 [pool-217-thread-1] INFO  server.RaftServerConfigKeys (ConfUtils.java:logGet(43)) - raft.server.log.statemachine.data.sync.timeout = 10s (default)
2019-10-04 06:28:40,622 [pool-217-thread-1] INFO  server.RaftServerConfigKeys (ConfUtils.java:logGet(43)) - raft.server.log.statemachine.data.sync.timeout.retry = -1 (default)
2019-10-04 06:28:40,622 [pool-217-thread-1] INFO  server.RaftServerConfigKeys (ConfUtils.java:logGet(43)) - raft.server.log.statemachine.data.caching.enabled = true (custom)
2019-10-04 06:28:40,623 [pool-217-thread-1] INFO  segmented.SegmentedRaftLogWorker (SegmentedRaftLogWorker.java:lambda$new$0(128)) - f60682d0-d3c6-4810-99e4-62a378b29a6d@group-869C54BC372A-SegmentedRaftLogWorker: flushIndex: setUnconditionally 0 -> -1
2019-10-04 06:28:40,623 [pool-217-thread-1] INFO  server.RaftServerConfigKeys (ConfUtils.java:logGet(43)) - raft.server.snapshot.auto.trigger.enabled = true (custom)
2019-10-04 06:28:40,623 [pool-217-thread-1] INFO  server.RaftServerConfigKeys (ConfUtils.java:logGet(43)) - raft.server.snapshot.auto.trigger.threshold = 10000 (custom)
2019-10-04 06:28:40,623 [pool-217-thread-1] INFO  server.RaftServerConfigKeys (ConfUtils.java:logGet(43)) - raft.server.snapshot.retention.file.num = 5 (custom)
2019-10-04 06:28:40,623 [pool-217-thread-1] INFO  server.RaftServerConfigKeys (ConfUtils.java:logGet(43)) - raft.server.retrycache.expirytime = 600000ms (custom)
2019-10-04 06:28:40,625 [pool-217-thread-1] INFO  impl.RaftServerImpl (RaftServerImpl.java:start(181)) - f60682d0-d3c6-4810-99e4-62a378b29a6d@group-869C54BC372A: start as a follower, conf=-1: [f60682d0-d3c6-4810-99e4-62a378b29a6d:192.168.151.69:44097], old=null
2019-10-04 06:28:40,625 [pool-217-thread-1] INFO  impl.RaftServerImpl (RaftServerImpl.java:setRole(170)) - f60682d0-d3c6-4810-99e4-62a378b29a6d@group-869C54BC372A: changes role from      null to FOLLOWER at term 0 for startAsFollower
2019-10-04 06:28:40,625 [pool-217-thread-1] INFO  impl.RoleInfo (RoleInfo.java:updateAndGet(143)) - f60682d0-d3c6-4810-99e4-62a378b29a6d: start FollowerState
2019-10-04 06:28:40,626 [pool-217-thread-1] INFO  util.JmxRegister (JmxRegister.java:tryRegister(44)) - Successfully registered JMX Bean with object name Ratis:service=RaftServer,group=group-869C54BC372A,id=f60682d0-d3c6-4810-99e4-62a378b29a6d
2019-10-04 06:28:40,627 [IPC Server handler 2 on 42144] INFO  net.NetworkTopology (NetworkTopologyImpl.java:add(111)) - Added a new node: /default-rack/5d6dac2c-28ba-4e48-a46a-83fcc0658c61
2019-10-04 06:28:40,628 [IPC Server handler 2 on 42144] INFO  node.SCMNodeManager (SCMNodeManager.java:register(266)) - Registered Data node : 5d6dac2c-28ba-4e48-a46a-83fcc0658c61{ip: 192.168.151.69, host: trunk-nightly-20191004-lpvmn-70278721, networkLocation: /default-rack, certSerialId: null}
2019-10-04 06:28:40,633 [RatisPipelineUtilsThread] INFO  pipeline.PipelineStateManager (PipelineStateManager.java:addPipeline(56)) - Created pipeline Pipeline[ Id: f588a7c6-24db-4f95-bf68-869c54bc372a, Nodes: f60682d0-d3c6-4810-99e4-62a378b29a6d{ip: 192.168.151.69, host: trunk-nightly-20191004-lpvmn-70278721, networkLocation: /default-rack, certSerialId: null}, Type:RATIS, Factor:ONE, State:OPEN]
2019-10-04 06:28:40,646 [grpc-default-executor-3] INFO  impl.RaftServerProxy (RaftServerProxy.java:addNew(89)) - 5d6dac2c-28ba-4e48-a46a-83fcc0658c61: addNew group-0C820820B4ED:[5d6dac2c-28ba-4e48-a46a-83fcc0658c61:192.168.151.69:36683] returns group-0C820820B4ED:java.util.concurrent.CompletableFuture@3024fec3[Not completed]
2019-10-04 06:28:40,648 [pool-227-thread-1] INFO  impl.RaftServerImpl (RaftServerImpl.java:<init>(95)) - 5d6dac2c-28ba-4e48-a46a-83fcc0658c61: new RaftServerImpl for group-0C820820B4ED:[5d6dac2c-28ba-4e48-a46a-83fcc0658c61:192.168.151.69:36683] with ContainerStateMachine:uninitialized
2019-10-04 06:28:40,648 [pool-227-thread-1] INFO  server.RaftServerConfigKeys (ConfUtils.java:logGet(43)) - raft.server.rpc.timeout.min = 5s (custom)
2019-10-04 06:28:40,648 [pool-227-thread-1] INFO  server.RaftServerConfigKeys (ConfUtils.java:logGet(43)) - raft.server.rpc.timeout.max = 5200ms (custom)
2019-10-04 06:28:40,648 [pool-227-thread-1] INFO  server.RaftServerConfigKeys (ConfUtils.java:logGet(43)) - raft.server.rpcslowness.timeout = 120s (custom)
2019-10-04 06:28:40,648 [pool-227-thread-1] INFO  server.RaftServerConfigKeys (ConfUtils.java:logGet(43)) - raft.server.sleep.deviation.threshold = 300 (default)
2019-10-04 06:28:40,648 [pool-227-thread-1] INFO  server.RaftServerConfigKeys (ConfUtils.java:logGet(43)) - raft.server.log.appender.install.snapshot.enabled = false (custom)
2019-10-04 06:28:40,648 [pool-227-thread-1] INFO  impl.RaftServerImpl (ServerState.java:<init>(103)) - 5d6dac2c-28ba-4e48-a46a-83fcc0658c61@group-0C820820B4ED: ConfigurationManager, init=-1: [5d6dac2c-28ba-4e48-a46a-83fcc0658c61:192.168.151.69:36683], old=null, confs=<EMPTY_MAP>
2019-10-04 06:28:40,649 [pool-227-thread-1] INFO  server.RaftServerConfigKeys (ConfUtils.java:logGet(43)) - raft.server.storage.dir = [/workdir/hadoop-ozone/integration-test/target/test-dir/MiniOzoneClusterImpl-353dc6ac-9fc0-413a-bb33-b58264605b5f/datanode-2/data/ratis] (custom)
2019-10-04 06:28:40,649 [pool-227-thread-1] INFO  server.RaftServerConfigKeys (ConfUtils.java:logGet(43)) - raft.server.log.corruption.policy = EXCEPTION (default)
2019-10-04 06:28:40,649 [pool-227-thread-1] INFO  storage.RaftStorageDirectory (RaftStorageDirectory.java:analyzeStorage(246)) - The storage directory /workdir/hadoop-ozone/integration-test/target/test-dir/MiniOzoneClusterImpl-353dc6ac-9fc0-413a-bb33-b58264605b5f/datanode-2/data/ratis/2b47c58a-2530-4ed3-93a6-0c820820b4ed does not exist. Creating ...
2019-10-04 06:28:40,662 [pool-227-thread-1] INFO  storage.RaftStorageDirectory (RaftStorageDirectory.java:tryLock(328)) - Lock on /workdir/hadoop-ozone/integration-test/target/test-dir/MiniOzoneClusterImpl-353dc6ac-9fc0-413a-bb33-b58264605b5f/datanode-2/data/ratis/2b47c58a-2530-4ed3-93a6-0c820820b4ed/in_use.lock acquired by nodename 21365@trunk-nightly-20191004-lpvmn-70278721
2019-10-04 06:28:40,675 [pool-227-thread-1] INFO  storage.RaftStorage (RaftStorage.java:format(84)) - Storage directory /workdir/hadoop-ozone/integration-test/target/test-dir/MiniOzoneClusterImpl-353dc6ac-9fc0-413a-bb33-b58264605b5f/datanode-2/data/ratis/2b47c58a-2530-4ed3-93a6-0c820820b4ed has been successfully formatted.
2019-10-04 06:28:40,675 [pool-227-thread-1] INFO  ratis.ContainerStateMachine (ContainerStateMachine.java:loadSnapshot(230)) - group-0C820820B4ED: The snapshot info is null. Setting the last applied indexto:(t:0, i:~)
2019-10-04 06:28:40,675 [pool-227-thread-1] INFO  server.RaftServerConfigKeys (ConfUtils.java:logGet(43)) - raft.server.notification.no-leader.timeout = 120s (custom)
2019-10-04 06:28:40,675 [pool-227-thread-1] INFO  server.RaftServerConfigKeys (ConfUtils.java:logGet(43)) - raft.server.log.use.memory = false (default)
2019-10-04 06:28:40,676 [pool-227-thread-1] INFO  server.RaftServerConfigKeys (ConfUtils.java:logGet(43)) - raft.server.log.purge.gap = 1000000 (custom)
2019-10-04 06:28:40,676 [pool-227-thread-1] INFO  server.RaftServerConfigKeys (ConfUtils.java:logGet(43)) - raft.server.log.appender.buffer.byte-limit = 33554432 (custom)
2019-10-04 06:28:40,676 [pool-227-thread-1] INFO  server.RaftServerConfigKeys (ConfUtils.java:logGet(43)) - raft.server.log.segment.size.max = 1048576 (custom)
2019-10-04 06:28:40,678 [pool-227-thread-1] INFO  server.RaftServerConfigKeys (ConfUtils.java:logGet(43)) - raft.server.log.segment.cache.num.max = 2 (custom)
2019-10-04 06:28:40,678 [pool-227-thread-1] INFO  segmented.SegmentedRaftLogWorker (SegmentedRaftLogWorker.java:<init>(173)) - new 5d6dac2c-28ba-4e48-a46a-83fcc0658c61@group-0C820820B4ED-SegmentedRaftLogWorker for RaftStorage:Storage Directory /workdir/hadoop-ozone/integration-test/target/test-dir/MiniOzoneClusterImpl-353dc6ac-9fc0-413a-bb33-b58264605b5f/datanode-2/data/ratis/2b47c58a-2530-4ed3-93a6-0c820820b4ed
2019-10-04 06:28:40,678 [pool-227-thread-1] INFO  server.RaftServerConfigKeys (ConfUtils.java:logGet(43)) - raft.server.log.queue.byte-limit = 2147483647 (custom)
2019-10-04 06:28:40,678 [pool-227-thread-1] INFO  server.RaftServerConfigKeys (ConfUtils.java:logGet(43)) - raft.server.log.queue.element-limit = 1024 (custom)
2019-10-04 06:28:40,678 [pool-227-thread-1] INFO  server.RaftServerConfigKeys (ConfUtils.java:logGet(43)) - raft.server.log.segment.size.max = 1048576 (custom)
2019-10-04 06:28:40,678 [pool-227-thread-1] INFO  server.RaftServerConfigKeys (ConfUtils.java:logGet(43)) - raft.server.log.preallocated.size = 16384 (custom)
2019-10-04 06:28:40,679 [pool-227-thread-1] INFO  server.RaftServerConfigKeys (ConfUtils.java:logGet(43)) - raft.server.log.write.buffer.size = 33554432 (custom)
2019-10-04 06:28:40,679 [pool-227-thread-1] INFO  server.RaftServerConfigKeys (ConfUtils.java:logGet(43)) - raft.server.log.force.sync.num = 128 (default)
2019-10-04 06:28:40,679 [pool-227-thread-1] INFO  server.RaftServerConfigKeys (ConfUtils.java:logGet(43)) - raft.server.log.statemachine.data.sync = true (default)
2019-10-04 06:28:40,679 [pool-227-thread-1] INFO  server.RaftServerConfigKeys (ConfUtils.java:logGet(43)) - raft.server.log.statemachine.data.sync.timeout = 10s (default)
2019-10-04 06:28:40,679 [pool-227-thread-1] INFO  server.RaftServerConfigKeys (ConfUtils.java:logGet(43)) - raft.server.log.statemachine.data.sync.timeout.retry = -1 (default)
2019-10-04 06:28:40,679 [pool-227-thread-1] INFO  server.RaftServerConfigKeys (ConfUtils.java:logGet(43)) - raft.server.log.statemachine.data.caching.enabled = true (custom)
2019-10-04 06:28:40,680 [pool-227-thread-1] INFO  segmented.SegmentedRaftLogWorker (SegmentedRaftLogWorker.java:lambda$new$0(128)) - 5d6dac2c-28ba-4e48-a46a-83fcc0658c61@group-0C820820B4ED-SegmentedRaftLogWorker: flushIndex: setUnconditionally 0 -> -1
2019-10-04 06:28:40,680 [pool-227-thread-1] INFO  server.RaftServerConfigKeys (ConfUtils.java:logGet(43)) - raft.server.snapshot.auto.trigger.enabled = true (custom)
2019-10-04 06:28:40,680 [pool-227-thread-1] INFO  server.RaftServerConfigKeys (ConfUtils.java:logGet(43)) - raft.server.snapshot.auto.trigger.threshold = 10000 (custom)
2019-10-04 06:28:40,680 [pool-227-thread-1] INFO  server.RaftServerConfigKeys (ConfUtils.java:logGet(43)) - raft.server.snapshot.retention.file.num = 5 (custom)
2019-10-04 06:28:40,680 [pool-227-thread-1] INFO  server.RaftServerConfigKeys (ConfUtils.java:logGet(43)) - raft.server.retrycache.expirytime = 600000ms (custom)
2019-10-04 06:28:40,682 [pool-227-thread-1] INFO  impl.RaftServerImpl (RaftServerImpl.java:start(181)) - 5d6dac2c-28ba-4e48-a46a-83fcc0658c61@group-0C820820B4ED: start as a follower, conf=-1: [5d6dac2c-28ba-4e48-a46a-83fcc0658c61:192.168.151.69:36683], old=null
2019-10-04 06:28:40,682 [pool-227-thread-1] INFO  impl.RaftServerImpl (RaftServerImpl.java:setRole(170)) - 5d6dac2c-28ba-4e48-a46a-83fcc0658c61@group-0C820820B4ED: changes role from      null to FOLLOWER at term 0 for startAsFollower
2019-10-04 06:28:40,683 [pool-227-thread-1] INFO  impl.RoleInfo (RoleInfo.java:updateAndGet(143)) - 5d6dac2c-28ba-4e48-a46a-83fcc0658c61: start FollowerState
2019-10-04 06:28:40,683 [pool-227-thread-1] INFO  util.JmxRegister (JmxRegister.java:tryRegister(44)) - Successfully registered JMX Bean with object name Ratis:service=RaftServer,group=group-0C820820B4ED,id=5d6dac2c-28ba-4e48-a46a-83fcc0658c61
2019-10-04 06:28:40,690 [RatisPipelineUtilsThread] INFO  pipeline.PipelineStateManager (PipelineStateManager.java:addPipeline(56)) - Created pipeline Pipeline[ Id: 2b47c58a-2530-4ed3-93a6-0c820820b4ed, Nodes: 5d6dac2c-28ba-4e48-a46a-83fcc0658c61{ip: 192.168.151.69, host: trunk-nightly-20191004-lpvmn-70278721, networkLocation: /default-rack, certSerialId: null}, Type:RATIS, Factor:ONE, State:OPEN]
2019-10-04 06:28:40,702 [IPC Server handler 4 on 42144] INFO  net.NetworkTopology (NetworkTopologyImpl.java:add(111)) - Added a new node: /default-rack/fd6ad844-5084-4a79-88b5-192c4e1ce2b2
2019-10-04 06:28:40,702 [IPC Server handler 4 on 42144] INFO  node.SCMNodeManager (SCMNodeManager.java:register(266)) - Registered Data node : fd6ad844-5084-4a79-88b5-192c4e1ce2b2{ip: 192.168.151.69, host: trunk-nightly-20191004-lpvmn-70278721, networkLocation: /default-rack, certSerialId: null}
2019-10-04 06:28:40,706 [grpc-default-executor-4] INFO  impl.RaftServerProxy (RaftServerProxy.java:addNew(89)) - f60682d0-d3c6-4810-99e4-62a378b29a6d: addNew group-A4CF8F989565:[f60682d0-d3c6-4810-99e4-62a378b29a6d:192.168.151.69:44097, 1a60f1dd-57b0-4e50-a131-82451b1e3cfa:192.168.151.69:41577, 5d6dac2c-28ba-4e48-a46a-83fcc0658c61:192.168.151.69:36683] returns group-A4CF8F989565:java.util.concurrent.CompletableFuture@252db4ce[Not completed]
2019-10-04 06:28:40,706 [grpc-default-executor-3] INFO  impl.RaftServerProxy (RaftServerProxy.java:addNew(89)) - 1a60f1dd-57b0-4e50-a131-82451b1e3cfa: addNew group-A4CF8F989565:[f60682d0-d3c6-4810-99e4-62a378b29a6d:192.168.151.69:44097, 1a60f1dd-57b0-4e50-a131-82451b1e3cfa:192.168.151.69:41577, 5d6dac2c-28ba-4e48-a46a-83fcc0658c61:192.168.151.69:36683] returns group-A4CF8F989565:java.util.concurrent.CompletableFuture@5a522fa1[Not completed]
2019-10-04 06:28:40,708 [grpc-default-executor-6] INFO  impl.RaftServerProxy (RaftServerProxy.java:addNew(89)) - 5d6dac2c-28ba-4e48-a46a-83fcc0658c61: addNew group-A4CF8F989565:[f60682d0-d3c6-4810-99e4-62a378b29a6d:192.168.151.69:44097, 1a60f1dd-57b0-4e50-a131-82451b1e3cfa:192.168.151.69:41577, 5d6dac2c-28ba-4e48-a46a-83fcc0658c61:192.168.151.69:36683] returns group-A4CF8F989565:java.util.concurrent.CompletableFuture@1e40937c[Not completed]
2019-10-04 06:28:40,709 [pool-217-thread-1] INFO  impl.RaftServerImpl (RaftServerImpl.java:<init>(95)) - f60682d0-d3c6-4810-99e4-62a378b29a6d: new RaftServerImpl for group-A4CF8F989565:[f60682d0-d3c6-4810-99e4-62a378b29a6d:192.168.151.69:44097, 1a60f1dd-57b0-4e50-a131-82451b1e3cfa:192.168.151.69:41577, 5d6dac2c-28ba-4e48-a46a-83fcc0658c61:192.168.151.69:36683] with ContainerStateMachine:uninitialized
2019-10-04 06:28:40,709 [pool-217-thread-1] INFO  server.RaftServerConfigKeys (ConfUtils.java:logGet(43)) - raft.server.rpc.timeout.min = 5s (custom)
2019-10-04 06:28:40,709 [pool-217-thread-1] INFO  server.RaftServerConfigKeys (ConfUtils.java:logGet(43)) - raft.server.rpc.timeout.max = 5200ms (custom)
2019-10-04 06:28:40,709 [pool-217-thread-1] INFO  server.RaftServerConfigKeys (ConfUtils.java:logGet(43)) - raft.server.rpcslowness.timeout = 120s (custom)
2019-10-04 06:28:40,709 [pool-217-thread-1] INFO  server.RaftServerConfigKeys (ConfUtils.java:logGet(43)) - raft.server.sleep.deviation.threshold = 300 (default)
2019-10-04 06:28:40,709 [pool-217-thread-1] INFO  server.RaftServerConfigKeys (ConfUtils.java:logGet(43)) - raft.server.log.appender.install.snapshot.enabled = false (custom)
2019-10-04 06:28:40,709 [pool-227-thread-1] INFO  impl.RaftServerImpl (RaftServerImpl.java:<init>(95)) - 5d6dac2c-28ba-4e48-a46a-83fcc0658c61: new RaftServerImpl for group-A4CF8F989565:[f60682d0-d3c6-4810-99e4-62a378b29a6d:192.168.151.69:44097, 1a60f1dd-57b0-4e50-a131-82451b1e3cfa:192.168.151.69:41577, 5d6dac2c-28ba-4e48-a46a-83fcc0658c61:192.168.151.69:36683] with ContainerStateMachine:uninitialized
2019-10-04 06:28:40,709 [pool-217-thread-1] INFO  impl.RaftServerImpl (ServerState.java:<init>(103)) - f60682d0-d3c6-4810-99e4-62a378b29a6d@group-A4CF8F989565: ConfigurationManager, init=-1: [f60682d0-d3c6-4810-99e4-62a378b29a6d:192.168.151.69:44097, 1a60f1dd-57b0-4e50-a131-82451b1e3cfa:192.168.151.69:41577, 5d6dac2c-28ba-4e48-a46a-83fcc0658c61:192.168.151.69:36683], old=null, confs=<EMPTY_MAP>
2019-10-04 06:28:40,709 [pool-227-thread-1] INFO  server.RaftServerConfigKeys (ConfUtils.java:logGet(43)) - raft.server.rpc.timeout.min = 5s (custom)
2019-10-04 06:28:40,709 [pool-217-thread-1] INFO  server.RaftServerConfigKeys (ConfUtils.java:logGet(43)) - raft.server.storage.dir = [/workdir/hadoop-ozone/integration-test/target/test-dir/MiniOzoneClusterImpl-353dc6ac-9fc0-413a-bb33-b58264605b5f/datanode-1/data/ratis] (custom)
2019-10-04 06:28:40,710 [pool-207-thread-1] INFO  impl.RaftServerImpl (RaftServerImpl.java:<init>(95)) - 1a60f1dd-57b0-4e50-a131-82451b1e3cfa: new RaftServerImpl for group-A4CF8F989565:[f60682d0-d3c6-4810-99e4-62a378b29a6d:192.168.151.69:44097, 1a60f1dd-57b0-4e50-a131-82451b1e3cfa:192.168.151.69:41577, 5d6dac2c-28ba-4e48-a46a-83fcc0658c61:192.168.151.69:36683] with ContainerStateMachine:uninitialized
2019-10-04 06:28:40,710 [pool-227-thread-1] INFO  server.RaftServerConfigKeys (ConfUtils.java:logGet(43)) - raft.server.rpc.timeout.max = 5200ms (custom)
2019-10-04 06:28:40,710 [pool-217-thread-1] INFO  server.RaftServerConfigKeys (ConfUtils.java:logGet(43)) - raft.server.log.corruption.policy = EXCEPTION (default)
2019-10-04 06:28:40,710 [pool-207-thread-1] INFO  server.RaftServerConfigKeys (ConfUtils.java:logGet(43)) - raft.server.rpc.timeout.min = 5s (custom)
2019-10-04 06:28:40,710 [pool-217-thread-1] INFO  storage.RaftStorageDirectory (RaftStorageDirectory.java:analyzeStorage(246)) - The storage directory /workdir/hadoop-ozone/integration-test/target/test-dir/MiniOzoneClusterImpl-353dc6ac-9fc0-413a-bb33-b58264605b5f/datanode-1/data/ratis/13d6e0a6-6d95-442b-b107-a4cf8f989565 does not exist. Creating ...
2019-10-04 06:28:40,710 [pool-227-thread-1] INFO  server.RaftServerConfigKeys (ConfUtils.java:logGet(43)) - raft.server.rpcslowness.timeout = 120s (custom)
2019-10-04 06:28:40,710 [pool-207-thread-1] INFO  server.RaftServerConfigKeys (ConfUtils.java:logGet(43)) - raft.server.rpc.timeout.max = 5200ms (custom)
2019-10-04 06:28:40,710 [pool-227-thread-1] INFO  server.RaftServerConfigKeys (ConfUtils.java:logGet(43)) - raft.server.sleep.deviation.threshold = 300 (default)
2019-10-04 06:28:40,710 [pool-207-thread-1] INFO  server.RaftServerConfigKeys (ConfUtils.java:logGet(43)) - raft.server.rpcslowness.timeout = 120s (custom)
2019-10-04 06:28:40,710 [pool-227-thread-1] INFO  server.RaftServerConfigKeys (ConfUtils.java:logGet(43)) - raft.server.log.appender.install.snapshot.enabled = false (custom)
2019-10-04 06:28:40,711 [pool-207-thread-1] INFO  server.RaftServerConfigKeys (ConfUtils.java:logGet(43)) - raft.server.sleep.deviation.threshold = 300 (default)
2019-10-04 06:28:40,711 [pool-227-thread-1] INFO  impl.RaftServerImpl (ServerState.java:<init>(103)) - 5d6dac2c-28ba-4e48-a46a-83fcc0658c61@group-A4CF8F989565: ConfigurationManager, init=-1: [f60682d0-d3c6-4810-99e4-62a378b29a6d:192.168.151.69:44097, 1a60f1dd-57b0-4e50-a131-82451b1e3cfa:192.168.151.69:41577, 5d6dac2c-28ba-4e48-a46a-83fcc0658c61:192.168.151.69:36683], old=null, confs=<EMPTY_MAP>
2019-10-04 06:28:40,711 [pool-207-thread-1] INFO  server.RaftServerConfigKeys (ConfUtils.java:logGet(43)) - raft.server.log.appender.install.snapshot.enabled = false (custom)
2019-10-04 06:28:40,711 [pool-227-thread-1] INFO  server.RaftServerConfigKeys (ConfUtils.java:logGet(43)) - raft.server.storage.dir = [/workdir/hadoop-ozone/integration-test/target/test-dir/MiniOzoneClusterImpl-353dc6ac-9fc0-413a-bb33-b58264605b5f/datanode-2/data/ratis] (custom)
2019-10-04 06:28:40,711 [pool-207-thread-1] INFO  impl.RaftServerImpl (ServerState.java:<init>(103)) - 1a60f1dd-57b0-4e50-a131-82451b1e3cfa@group-A4CF8F989565: ConfigurationManager, init=-1: [f60682d0-d3c6-4810-99e4-62a378b29a6d:192.168.151.69:44097, 1a60f1dd-57b0-4e50-a131-82451b1e3cfa:192.168.151.69:41577, 5d6dac2c-28ba-4e48-a46a-83fcc0658c61:192.168.151.69:36683], old=null, confs=<EMPTY_MAP>
2019-10-04 06:28:40,711 [pool-207-thread-1] INFO  server.RaftServerConfigKeys (ConfUtils.java:logGet(43)) - raft.server.storage.dir = [/workdir/hadoop-ozone/integration-test/target/test-dir/MiniOzoneClusterImpl-353dc6ac-9fc0-413a-bb33-b58264605b5f/datanode-0/data/ratis] (custom)
2019-10-04 06:28:40,711 [pool-227-thread-1] INFO  server.RaftServerConfigKeys (ConfUtils.java:logGet(43)) - raft.server.log.corruption.policy = EXCEPTION (default)
2019-10-04 06:28:40,711 [pool-207-thread-1] INFO  server.RaftServerConfigKeys (ConfUtils.java:logGet(43)) - raft.server.log.corruption.policy = EXCEPTION (default)
2019-10-04 06:28:40,711 [pool-227-thread-1] INFO  storage.RaftStorageDirectory (RaftStorageDirectory.java:analyzeStorage(246)) - The storage directory /workdir/hadoop-ozone/integration-test/target/test-dir/MiniOzoneClusterImpl-353dc6ac-9fc0-413a-bb33-b58264605b5f/datanode-2/data/ratis/13d6e0a6-6d95-442b-b107-a4cf8f989565 does not exist. Creating ...
2019-10-04 06:28:40,711 [pool-207-thread-1] INFO  storage.RaftStorageDirectory (RaftStorageDirectory.java:analyzeStorage(246)) - The storage directory /workdir/hadoop-ozone/integration-test/target/test-dir/MiniOzoneClusterImpl-353dc6ac-9fc0-413a-bb33-b58264605b5f/datanode-0/data/ratis/13d6e0a6-6d95-442b-b107-a4cf8f989565 does not exist. Creating ...
2019-10-04 06:28:40,723 [pool-217-thread-1] INFO  storage.RaftStorageDirectory (RaftStorageDirectory.java:tryLock(328)) - Lock on /workdir/hadoop-ozone/integration-test/target/test-dir/MiniOzoneClusterImpl-353dc6ac-9fc0-413a-bb33-b58264605b5f/datanode-1/data/ratis/13d6e0a6-6d95-442b-b107-a4cf8f989565/in_use.lock acquired by nodename 21365@trunk-nightly-20191004-lpvmn-70278721
2019-10-04 06:28:40,723 [pool-227-thread-1] INFO  storage.RaftStorageDirectory (RaftStorageDirectory.java:tryLock(328)) - Lock on /workdir/hadoop-ozone/integration-test/target/test-dir/MiniOzoneClusterImpl-353dc6ac-9fc0-413a-bb33-b58264605b5f/datanode-2/data/ratis/13d6e0a6-6d95-442b-b107-a4cf8f989565/in_use.lock acquired by nodename 21365@trunk-nightly-20191004-lpvmn-70278721
2019-10-04 06:28:40,723 [pool-207-thread-1] INFO  storage.RaftStorageDirectory (RaftStorageDirectory.java:tryLock(328)) - Lock on /workdir/hadoop-ozone/integration-test/target/test-dir/MiniOzoneClusterImpl-353dc6ac-9fc0-413a-bb33-b58264605b5f/datanode-0/data/ratis/13d6e0a6-6d95-442b-b107-a4cf8f989565/in_use.lock acquired by nodename 21365@trunk-nightly-20191004-lpvmn-70278721
2019-10-04 06:28:40,737 [pool-217-thread-1] INFO  storage.RaftStorage (RaftStorage.java:format(84)) - Storage directory /workdir/hadoop-ozone/integration-test/target/test-dir/MiniOzoneClusterImpl-353dc6ac-9fc0-413a-bb33-b58264605b5f/datanode-1/data/ratis/13d6e0a6-6d95-442b-b107-a4cf8f989565 has been successfully formatted.
2019-10-04 06:28:40,737 [pool-207-thread-1] INFO  storage.RaftStorage (RaftStorage.java:format(84)) - Storage directory /workdir/hadoop-ozone/integration-test/target/test-dir/MiniOzoneClusterImpl-353dc6ac-9fc0-413a-bb33-b58264605b5f/datanode-0/data/ratis/13d6e0a6-6d95-442b-b107-a4cf8f989565 has been successfully formatted.
2019-10-04 06:28:40,737 [pool-217-thread-1] INFO  ratis.ContainerStateMachine (ContainerStateMachine.java:loadSnapshot(230)) - group-A4CF8F989565: The snapshot info is null. Setting the last applied indexto:(t:0, i:~)
2019-10-04 06:28:40,737 [pool-227-thread-1] INFO  storage.RaftStorage (RaftStorage.java:format(84)) - Storage directory /workdir/hadoop-ozone/integration-test/target/test-dir/MiniOzoneClusterImpl-353dc6ac-9fc0-413a-bb33-b58264605b5f/datanode-2/data/ratis/13d6e0a6-6d95-442b-b107-a4cf8f989565 has been successfully formatted.
2019-10-04 06:28:40,737 [pool-207-thread-1] INFO  ratis.ContainerStateMachine (ContainerStateMachine.java:loadSnapshot(230)) - group-A4CF8F989565: The snapshot info is null. Setting the last applied indexto:(t:0, i:~)
2019-10-04 06:28:40,737 [pool-217-thread-1] INFO  server.RaftServerConfigKeys (ConfUtils.java:logGet(43)) - raft.server.notification.no-leader.timeout = 120s (custom)
2019-10-04 06:28:40,738 [pool-227-thread-1] INFO  ratis.ContainerStateMachine (ContainerStateMachine.java:loadSnapshot(230)) - group-A4CF8F989565: The snapshot info is null. Setting the last applied indexto:(t:0, i:~)
2019-10-04 06:28:40,738 [pool-207-thread-1] INFO  server.RaftServerConfigKeys (ConfUtils.java:logGet(43)) - raft.server.notification.no-leader.timeout = 120s (custom)
2019-10-04 06:28:40,738 [pool-227-thread-1] INFO  server.RaftServerConfigKeys (ConfUtils.java:logGet(43)) - raft.server.notification.no-leader.timeout = 120s (custom)
2019-10-04 06:28:40,738 [pool-217-thread-1] INFO  server.RaftServerConfigKeys (ConfUtils.java:logGet(43)) - raft.server.log.use.memory = false (default)
2019-10-04 06:28:40,738 [pool-227-thread-1] INFO  server.RaftServerConfigKeys (ConfUtils.java:logGet(43)) - raft.server.log.use.memory = false (default)
2019-10-04 06:28:40,738 [pool-207-thread-1] INFO  server.RaftServerConfigKeys (ConfUtils.java:logGet(43)) - raft.server.log.use.memory = false (default)
2019-10-04 06:28:40,738 [pool-227-thread-1] INFO  server.RaftServerConfigKeys (ConfUtils.java:logGet(43)) - raft.server.log.purge.gap = 1000000 (custom)
2019-10-04 06:28:40,738 [pool-217-thread-1] INFO  server.RaftServerConfigKeys (ConfUtils.java:logGet(43)) - raft.server.log.purge.gap = 1000000 (custom)
2019-10-04 06:28:40,739 [pool-227-thread-1] INFO  server.RaftServerConfigKeys (ConfUtils.java:logGet(43)) - raft.server.log.appender.buffer.byte-limit = 33554432 (custom)
2019-10-04 06:28:40,738 [pool-207-thread-1] INFO  server.RaftServerConfigKeys (ConfUtils.java:logGet(43)) - raft.server.log.purge.gap = 1000000 (custom)
2019-10-04 06:28:40,739 [pool-227-thread-1] INFO  server.RaftServerConfigKeys (ConfUtils.java:logGet(43)) - raft.server.log.segment.size.max = 1048576 (custom)
2019-10-04 06:28:40,739 [pool-217-thread-1] INFO  server.RaftServerConfigKeys (ConfUtils.java:logGet(43)) - raft.server.log.appender.buffer.byte-limit = 33554432 (custom)
2019-10-04 06:28:40,739 [pool-227-thread-1] INFO  server.RaftServerConfigKeys (ConfUtils.java:logGet(43)) - raft.server.log.segment.cache.num.max = 2 (custom)
2019-10-04 06:28:40,739 [pool-207-thread-1] INFO  server.RaftServerConfigKeys (ConfUtils.java:logGet(43)) - raft.server.log.appender.buffer.byte-limit = 33554432 (custom)
2019-10-04 06:28:40,739 [pool-227-thread-1] INFO  segmented.SegmentedRaftLogWorker (SegmentedRaftLogWorker.java:<init>(173)) - new 5d6dac2c-28ba-4e48-a46a-83fcc0658c61@group-A4CF8F989565-SegmentedRaftLogWorker for RaftStorage:Storage Directory /workdir/hadoop-ozone/integration-test/target/test-dir/MiniOzoneClusterImpl-353dc6ac-9fc0-413a-bb33-b58264605b5f/datanode-2/data/ratis/13d6e0a6-6d95-442b-b107-a4cf8f989565
2019-10-04 06:28:40,739 [pool-217-thread-1] INFO  server.RaftServerConfigKeys (ConfUtils.java:logGet(43)) - raft.server.log.segment.size.max = 1048576 (custom)
2019-10-04 06:28:40,740 [pool-227-thread-1] INFO  server.RaftServerConfigKeys (ConfUtils.java:logGet(43)) - raft.server.log.queue.byte-limit = 2147483647 (custom)
2019-10-04 06:28:40,740 [pool-207-thread-1] INFO  server.RaftServerConfigKeys (ConfUtils.java:logGet(43)) - raft.server.log.segment.size.max = 1048576 (custom)
2019-10-04 06:28:40,740 [pool-227-thread-1] INFO  server.RaftServerConfigKeys (ConfUtils.java:logGet(43)) - raft.server.log.queue.element-limit = 1024 (custom)
2019-10-04 06:28:40,740 [pool-217-thread-1] INFO  server.RaftServerConfigKeys (ConfUtils.java:logGet(43)) - raft.server.log.segment.cache.num.max = 2 (custom)
2019-10-04 06:28:40,740 [pool-227-thread-1] INFO  server.RaftServerConfigKeys (ConfUtils.java:logGet(43)) - raft.server.log.segment.size.max = 1048576 (custom)
2019-10-04 06:28:40,740 [pool-207-thread-1] INFO  server.RaftServerConfigKeys (ConfUtils.java:logGet(43)) - raft.server.log.segment.cache.num.max = 2 (custom)
2019-10-04 06:28:40,740 [pool-227-thread-1] INFO  server.RaftServerConfigKeys (ConfUtils.java:logGet(43)) - raft.server.log.preallocated.size = 16384 (custom)
2019-10-04 06:28:40,740 [pool-217-thread-1] INFO  segmented.SegmentedRaftLogWorker (SegmentedRaftLogWorker.java:<init>(173)) - new f60682d0-d3c6-4810-99e4-62a378b29a6d@group-A4CF8F989565-SegmentedRaftLogWorker for RaftStorage:Storage Directory /workdir/hadoop-ozone/integration-test/target/test-dir/MiniOzoneClusterImpl-353dc6ac-9fc0-413a-bb33-b58264605b5f/datanode-1/data/ratis/13d6e0a6-6d95-442b-b107-a4cf8f989565
2019-10-04 06:28:40,741 [pool-227-thread-1] INFO  server.RaftServerConfigKeys (ConfUtils.java:logGet(43)) - raft.server.log.write.buffer.size = 33554432 (custom)
2019-10-04 06:28:40,740 [pool-207-thread-1] INFO  segmented.SegmentedRaftLogWorker (SegmentedRaftLogWorker.java:<init>(173)) - new 1a60f1dd-57b0-4e50-a131-82451b1e3cfa@group-A4CF8F989565-SegmentedRaftLogWorker for RaftStorage:Storage Directory /workdir/hadoop-ozone/integration-test/target/test-dir/MiniOzoneClusterImpl-353dc6ac-9fc0-413a-bb33-b58264605b5f/datanode-0/data/ratis/13d6e0a6-6d95-442b-b107-a4cf8f989565
2019-10-04 06:28:40,741 [pool-227-thread-1] INFO  server.RaftServerConfigKeys (ConfUtils.java:logGet(43)) - raft.server.log.force.sync.num = 128 (default)
2019-10-04 06:28:40,741 [pool-217-thread-1] INFO  server.RaftServerConfigKeys (ConfUtils.java:logGet(43)) - raft.server.log.queue.byte-limit = 2147483647 (custom)
2019-10-04 06:28:40,741 [pool-227-thread-1] INFO  server.RaftServerConfigKeys (ConfUtils.java:logGet(43)) - raft.server.log.statemachine.data.sync = true (default)
2019-10-04 06:28:40,741 [pool-207-thread-1] INFO  server.RaftServerConfigKeys (ConfUtils.java:logGet(43)) - raft.server.log.queue.byte-limit = 2147483647 (custom)
2019-10-04 06:28:40,741 [pool-227-thread-1] INFO  server.RaftServerConfigKeys (ConfUtils.java:logGet(43)) - raft.server.log.statemachine.data.sync.timeout = 10s (default)
2019-10-04 06:28:40,741 [pool-217-thread-1] INFO  server.RaftServerConfigKeys (ConfUtils.java:logGet(43)) - raft.server.log.queue.element-limit = 1024 (custom)
2019-10-04 06:28:40,742 [pool-227-thread-1] INFO  server.RaftServerConfigKeys (ConfUtils.java:logGet(43)) - raft.server.log.statemachine.data.sync.timeout.retry = -1 (default)
2019-10-04 06:28:40,741 [pool-207-thread-1] INFO  server.RaftServerConfigKeys (ConfUtils.java:logGet(43)) - raft.server.log.queue.element-limit = 1024 (custom)
2019-10-04 06:28:40,742 [pool-227-thread-1] INFO  server.RaftServerConfigKeys (ConfUtils.java:logGet(43)) - raft.server.log.statemachine.data.caching.enabled = true (custom)
2019-10-04 06:28:40,742 [pool-217-thread-1] INFO  server.RaftServerConfigKeys (ConfUtils.java:logGet(43)) - raft.server.log.segment.size.max = 1048576 (custom)
2019-10-04 06:28:40,742 [pool-207-thread-1] INFO  server.RaftServerConfigKeys (ConfUtils.java:logGet(43)) - raft.server.log.segment.size.max = 1048576 (custom)
2019-10-04 06:28:40,742 [pool-227-thread-1] INFO  segmented.SegmentedRaftLogWorker (SegmentedRaftLogWorker.java:lambda$new$0(128)) - 5d6dac2c-28ba-4e48-a46a-83fcc0658c61@group-A4CF8F989565-SegmentedRaftLogWorker: flushIndex: setUnconditionally 0 -> -1
2019-10-04 06:28:40,742 [pool-217-thread-1] INFO  server.RaftServerConfigKeys (ConfUtils.java:logGet(43)) - raft.server.log.preallocated.size = 16384 (custom)
2019-10-04 06:28:40,742 [pool-207-thread-1] INFO  server.RaftServerConfigKeys (ConfUtils.java:logGet(43)) - raft.server.log.preallocated.size = 16384 (custom)
2019-10-04 06:28:40,743 [pool-217-thread-1] INFO  server.RaftServerConfigKeys (ConfUtils.java:logGet(43)) - raft.server.log.write.buffer.size = 33554432 (custom)
2019-10-04 06:28:40,743 [pool-227-thread-1] INFO  server.RaftServerConfigKeys (ConfUtils.java:logGet(43)) - raft.server.snapshot.auto.trigger.enabled = true (custom)
2019-10-04 06:28:40,743 [pool-207-thread-1] INFO  server.RaftServerConfigKeys (ConfUtils.java:logGet(43)) - raft.server.log.write.buffer.size = 33554432 (custom)
2019-10-04 06:28:40,743 [pool-227-thread-1] INFO  server.RaftServerConfigKeys (ConfUtils.java:logGet(43)) - raft.server.snapshot.auto.trigger.threshold = 10000 (custom)
2019-10-04 06:28:40,743 [pool-217-thread-1] INFO  server.RaftServerConfigKeys (ConfUtils.java:logGet(43)) - raft.server.log.force.sync.num = 128 (default)
2019-10-04 06:28:40,743 [pool-227-thread-1] INFO  server.RaftServerConfigKeys (ConfUtils.java:logGet(43)) - raft.server.snapshot.retention.file.num = 5 (custom)
2019-10-04 06:28:40,743 [pool-207-thread-1] INFO  server.RaftServerConfigKeys (ConfUtils.java:logGet(43)) - raft.server.log.force.sync.num = 128 (default)
2019-10-04 06:28:40,743 [pool-227-thread-1] INFO  server.RaftServerConfigKeys (ConfUtils.java:logGet(43)) - raft.server.retrycache.expirytime = 600000ms (custom)
2019-10-04 06:28:40,743 [pool-217-thread-1] INFO  server.RaftServerConfigKeys (ConfUtils.java:logGet(43)) - raft.server.log.statemachine.data.sync = true (default)
2019-10-04 06:28:40,744 [pool-207-thread-1] INFO  server.RaftServerConfigKeys (ConfUtils.java:logGet(43)) - raft.server.log.statemachine.data.sync = true (default)
2019-10-04 06:28:40,744 [pool-217-thread-1] INFO  server.RaftServerConfigKeys (ConfUtils.java:logGet(43)) - raft.server.log.statemachine.data.sync.timeout = 10s (default)
2019-10-04 06:28:40,744 [pool-207-thread-1] INFO  server.RaftServerConfigKeys (ConfUtils.java:logGet(43)) - raft.server.log.statemachine.data.sync.timeout = 10s (default)
2019-10-04 06:28:40,744 [pool-217-thread-1] INFO  server.RaftServerConfigKeys (ConfUtils.java:logGet(43)) - raft.server.log.statemachine.data.sync.timeout.retry = -1 (default)
2019-10-04 06:28:40,744 [pool-207-thread-1] INFO  server.RaftServerConfigKeys (ConfUtils.java:logGet(43)) - raft.server.log.statemachine.data.sync.timeout.retry = -1 (default)
2019-10-04 06:28:40,744 [pool-217-thread-1] INFO  server.RaftServerConfigKeys (ConfUtils.java:logGet(43)) - raft.server.log.statemachine.data.caching.enabled = true (custom)
2019-10-04 06:28:40,744 [pool-207-thread-1] INFO  server.RaftServerConfigKeys (ConfUtils.java:logGet(43)) - raft.server.log.statemachine.data.caching.enabled = true (custom)
2019-10-04 06:28:40,745 [pool-217-thread-1] INFO  segmented.SegmentedRaftLogWorker (SegmentedRaftLogWorker.java:lambda$new$0(128)) - f60682d0-d3c6-4810-99e4-62a378b29a6d@group-A4CF8F989565-SegmentedRaftLogWorker: flushIndex: setUnconditionally 0 -> -1
2019-10-04 06:28:40,745 [pool-207-thread-1] INFO  segmented.SegmentedRaftLogWorker (SegmentedRaftLogWorker.java:lambda$new$0(128)) - 1a60f1dd-57b0-4e50-a131-82451b1e3cfa@group-A4CF8F989565-SegmentedRaftLogWorker: flushIndex: setUnconditionally 0 -> -1
2019-10-04 06:28:40,745 [pool-217-thread-1] INFO  server.RaftServerConfigKeys (ConfUtils.java:logGet(43)) - raft.server.snapshot.auto.trigger.enabled = true (custom)
2019-10-04 06:28:40,745 [pool-217-thread-1] INFO  server.RaftServerConfigKeys (ConfUtils.java:logGet(43)) - raft.server.snapshot.auto.trigger.threshold = 10000 (custom)
2019-10-04 06:28:40,745 [pool-207-thread-1] INFO  server.RaftServerConfigKeys (ConfUtils.java:logGet(43)) - raft.server.snapshot.auto.trigger.enabled = true (custom)
2019-10-04 06:28:40,745 [pool-217-thread-1] INFO  server.RaftServerConfigKeys (ConfUtils.java:logGet(43)) - raft.server.snapshot.retention.file.num = 5 (custom)
2019-10-04 06:28:40,745 [pool-207-thread-1] INFO  server.RaftServerConfigKeys (ConfUtils.java:logGet(43)) - raft.server.snapshot.auto.trigger.threshold = 10000 (custom)
2019-10-04 06:28:40,745 [pool-217-thread-1] INFO  server.RaftServerConfigKeys (ConfUtils.java:logGet(43)) - raft.server.retrycache.expirytime = 600000ms (custom)
2019-10-04 06:28:40,745 [pool-207-thread-1] INFO  server.RaftServerConfigKeys (ConfUtils.java:logGet(43)) - raft.server.snapshot.retention.file.num = 5 (custom)
2019-10-04 06:28:40,746 [pool-207-thread-1] INFO  server.RaftServerConfigKeys (ConfUtils.java:logGet(43)) - raft.server.retrycache.expirytime = 600000ms (custom)
2019-10-04 06:28:40,746 [pool-227-thread-1] INFO  impl.RaftServerImpl (RaftServerImpl.java:start(181)) - 5d6dac2c-28ba-4e48-a46a-83fcc0658c61@group-A4CF8F989565: start as a follower, conf=-1: [f60682d0-d3c6-4810-99e4-62a378b29a6d:192.168.151.69:44097, 1a60f1dd-57b0-4e50-a131-82451b1e3cfa:192.168.151.69:41577, 5d6dac2c-28ba-4e48-a46a-83fcc0658c61:192.168.151.69:36683], old=null
2019-10-04 06:28:40,746 [pool-227-thread-1] INFO  impl.RaftServerImpl (RaftServerImpl.java:setRole(170)) - 5d6dac2c-28ba-4e48-a46a-83fcc0658c61@group-A4CF8F989565: changes role from      null to FOLLOWER at term 0 for startAsFollower
2019-10-04 06:28:40,746 [pool-227-thread-1] INFO  impl.RoleInfo (RoleInfo.java:updateAndGet(143)) - 5d6dac2c-28ba-4e48-a46a-83fcc0658c61: start FollowerState
2019-10-04 06:28:40,747 [pool-227-thread-1] INFO  util.JmxRegister (JmxRegister.java:tryRegister(44)) - Successfully registered JMX Bean with object name Ratis:service=RaftServer,group=group-A4CF8F989565,id=5d6dac2c-28ba-4e48-a46a-83fcc0658c61
2019-10-04 06:28:40,748 [pool-217-thread-1] INFO  impl.RaftServerImpl (RaftServerImpl.java:start(181)) - f60682d0-d3c6-4810-99e4-62a378b29a6d@group-A4CF8F989565: start as a follower, conf=-1: [f60682d0-d3c6-4810-99e4-62a378b29a6d:192.168.151.69:44097, 1a60f1dd-57b0-4e50-a131-82451b1e3cfa:192.168.151.69:41577, 5d6dac2c-28ba-4e48-a46a-83fcc0658c61:192.168.151.69:36683], old=null
2019-10-04 06:28:40,748 [pool-217-thread-1] INFO  impl.RaftServerImpl (RaftServerImpl.java:setRole(170)) - f60682d0-d3c6-4810-99e4-62a378b29a6d@group-A4CF8F989565: changes role from      null to FOLLOWER at term 0 for startAsFollower
2019-10-04 06:28:40,748 [pool-217-thread-1] INFO  impl.RoleInfo (RoleInfo.java:updateAndGet(143)) - f60682d0-d3c6-4810-99e4-62a378b29a6d: start FollowerState
2019-10-04 06:28:40,748 [pool-217-thread-1] INFO  util.JmxRegister (JmxRegister.java:tryRegister(44)) - Successfully registered JMX Bean with object name Ratis:service=RaftServer,group=group-A4CF8F989565,id=f60682d0-d3c6-4810-99e4-62a378b29a6d
2019-10-04 06:28:40,748 [pool-207-thread-1] INFO  impl.RaftServerImpl (RaftServerImpl.java:start(181)) - 1a60f1dd-57b0-4e50-a131-82451b1e3cfa@group-A4CF8F989565: start as a follower, conf=-1: [f60682d0-d3c6-4810-99e4-62a378b29a6d:192.168.151.69:44097, 1a60f1dd-57b0-4e50-a131-82451b1e3cfa:192.168.151.69:41577, 5d6dac2c-28ba-4e48-a46a-83fcc0658c61:192.168.151.69:36683], old=null
2019-10-04 06:28:40,748 [pool-207-thread-1] INFO  impl.RaftServerImpl (RaftServerImpl.java:setRole(170)) - 1a60f1dd-57b0-4e50-a131-82451b1e3cfa@group-A4CF8F989565: changes role from      null to FOLLOWER at term 0 for startAsFollower
2019-10-04 06:28:40,749 [pool-207-thread-1] INFO  impl.RoleInfo (RoleInfo.java:updateAndGet(143)) - 1a60f1dd-57b0-4e50-a131-82451b1e3cfa: start FollowerState
2019-10-04 06:28:40,749 [pool-207-thread-1] INFO  util.JmxRegister (JmxRegister.java:tryRegister(44)) - Successfully registered JMX Bean with object name Ratis:service=RaftServer,group=group-A4CF8F989565,id=1a60f1dd-57b0-4e50-a131-82451b1e3cfa
2019-10-04 06:28:40,763 [RatisPipelineUtilsThread] INFO  pipeline.PipelineStateManager (PipelineStateManager.java:addPipeline(56)) - Created pipeline Pipeline[ Id: 13d6e0a6-6d95-442b-b107-a4cf8f989565, Nodes: 5d6dac2c-28ba-4e48-a46a-83fcc0658c61{ip: 192.168.151.69, host: trunk-nightly-20191004-lpvmn-70278721, networkLocation: /default-rack, certSerialId: null}f60682d0-d3c6-4810-99e4-62a378b29a6d{ip: 192.168.151.69, host: trunk-nightly-20191004-lpvmn-70278721, networkLocation: /default-rack, certSerialId: null}1a60f1dd-57b0-4e50-a131-82451b1e3cfa{ip: 192.168.151.69, host: trunk-nightly-20191004-lpvmn-70278721, networkLocation: /default-rack, certSerialId: null}, Type:RATIS, Factor:THREE, State:OPEN]
2019-10-04 06:28:40,772 [grpc-default-executor-6] INFO  impl.RaftServerProxy (RaftServerProxy.java:addNew(89)) - fd6ad844-5084-4a79-88b5-192c4e1ce2b2: addNew group-76A90B1C945D:[fd6ad844-5084-4a79-88b5-192c4e1ce2b2:192.168.151.69:34280] returns group-76A90B1C945D:java.util.concurrent.CompletableFuture@44855c2d[Not completed]
2019-10-04 06:28:40,773 [pool-237-thread-1] INFO  impl.RaftServerImpl (RaftServerImpl.java:<init>(95)) - fd6ad844-5084-4a79-88b5-192c4e1ce2b2: new RaftServerImpl for group-76A90B1C945D:[fd6ad844-5084-4a79-88b5-192c4e1ce2b2:192.168.151.69:34280] with ContainerStateMachine:uninitialized
2019-10-04 06:28:40,774 [pool-237-thread-1] INFO  server.RaftServerConfigKeys (ConfUtils.java:logGet(43)) - raft.server.rpc.timeout.min = 5s (custom)
2019-10-04 06:28:40,774 [pool-237-thread-1] INFO  server.RaftServerConfigKeys (ConfUtils.java:logGet(43)) - raft.server.rpc.timeout.max = 5200ms (custom)
2019-10-04 06:28:40,774 [pool-237-thread-1] INFO  server.RaftServerConfigKeys (ConfUtils.java:logGet(43)) - raft.server.rpcslowness.timeout = 120s (custom)
2019-10-04 06:28:40,774 [pool-237-thread-1] INFO  server.RaftServerConfigKeys (ConfUtils.java:logGet(43)) - raft.server.sleep.deviation.threshold = 300 (default)
2019-10-04 06:28:40,774 [pool-237-thread-1] INFO  server.RaftServerConfigKeys (ConfUtils.java:logGet(43)) - raft.server.log.appender.install.snapshot.enabled = false (custom)
2019-10-04 06:28:40,774 [pool-237-thread-1] INFO  impl.RaftServerImpl (ServerState.java:<init>(103)) - fd6ad844-5084-4a79-88b5-192c4e1ce2b2@group-76A90B1C945D: ConfigurationManager, init=-1: [fd6ad844-5084-4a79-88b5-192c4e1ce2b2:192.168.151.69:34280], old=null, confs=<EMPTY_MAP>
2019-10-04 06:28:40,775 [pool-237-thread-1] INFO  server.RaftServerConfigKeys (ConfUtils.java:logGet(43)) - raft.server.storage.dir = [/workdir/hadoop-ozone/integration-test/target/test-dir/MiniOzoneClusterImpl-353dc6ac-9fc0-413a-bb33-b58264605b5f/datanode-3/data/ratis] (custom)
2019-10-04 06:28:40,775 [pool-237-thread-1] INFO  server.RaftServerConfigKeys (ConfUtils.java:logGet(43)) - raft.server.log.corruption.policy = EXCEPTION (default)
2019-10-04 06:28:40,775 [pool-237-thread-1] INFO  storage.RaftStorageDirectory (RaftStorageDirectory.java:analyzeStorage(246)) - The storage directory /workdir/hadoop-ozone/integration-test/target/test-dir/MiniOzoneClusterImpl-353dc6ac-9fc0-413a-bb33-b58264605b5f/datanode-3/data/ratis/49da753f-767b-4120-8b80-76a90b1c945d does not exist. Creating ...
2019-10-04 06:28:40,776 [IPC Server handler 5 on 42144] INFO  net.NetworkTopology (NetworkTopologyImpl.java:add(111)) - Added a new node: /default-rack/2e19ec59-8618-4c04-888d-7b73415cc129
2019-10-04 06:28:40,776 [IPC Server handler 5 on 42144] INFO  node.SCMNodeManager (SCMNodeManager.java:register(266)) - Registered Data node : 2e19ec59-8618-4c04-888d-7b73415cc129{ip: 192.168.151.69, host: trunk-nightly-20191004-lpvmn-70278721, networkLocation: /default-rack, certSerialId: null}
2019-10-04 06:28:40,789 [pool-237-thread-1] INFO  storage.RaftStorageDirectory (RaftStorageDirectory.java:tryLock(328)) - Lock on /workdir/hadoop-ozone/integration-test/target/test-dir/MiniOzoneClusterImpl-353dc6ac-9fc0-413a-bb33-b58264605b5f/datanode-3/data/ratis/49da753f-767b-4120-8b80-76a90b1c945d/in_use.lock acquired by nodename 21365@trunk-nightly-20191004-lpvmn-70278721
2019-10-04 06:28:40,802 [pool-237-thread-1] INFO  storage.RaftStorage (RaftStorage.java:format(84)) - Storage directory /workdir/hadoop-ozone/integration-test/target/test-dir/MiniOzoneClusterImpl-353dc6ac-9fc0-413a-bb33-b58264605b5f/datanode-3/data/ratis/49da753f-767b-4120-8b80-76a90b1c945d has been successfully formatted.
2019-10-04 06:28:40,803 [pool-237-thread-1] INFO  ratis.ContainerStateMachine (ContainerStateMachine.java:loadSnapshot(230)) - group-76A90B1C945D: The snapshot info is null. Setting the last applied indexto:(t:0, i:~)
2019-10-04 06:28:40,803 [pool-237-thread-1] INFO  server.RaftServerConfigKeys (ConfUtils.java:logGet(43)) - raft.server.notification.no-leader.timeout = 120s (custom)
2019-10-04 06:28:40,803 [pool-237-thread-1] INFO  server.RaftServerConfigKeys (ConfUtils.java:logGet(43)) - raft.server.log.use.memory = false (default)
2019-10-04 06:28:40,803 [pool-237-thread-1] INFO  server.RaftServerConfigKeys (ConfUtils.java:logGet(43)) - raft.server.log.purge.gap = 1000000 (custom)
2019-10-04 06:28:40,803 [pool-237-thread-1] INFO  server.RaftServerConfigKeys (ConfUtils.java:logGet(43)) - raft.server.log.appender.buffer.byte-limit = 33554432 (custom)
2019-10-04 06:28:40,803 [pool-237-thread-1] INFO  server.RaftServerConfigKeys (ConfUtils.java:logGet(43)) - raft.server.log.segment.size.max = 1048576 (custom)
2019-10-04 06:28:40,806 [pool-237-thread-1] INFO  server.RaftServerConfigKeys (ConfUtils.java:logGet(43)) - raft.server.log.segment.cache.num.max = 2 (custom)
2019-10-04 06:28:40,806 [pool-237-thread-1] INFO  segmented.SegmentedRaftLogWorker (SegmentedRaftLogWorker.java:<init>(173)) - new fd6ad844-5084-4a79-88b5-192c4e1ce2b2@group-76A90B1C945D-SegmentedRaftLogWorker for RaftStorage:Storage Directory /workdir/hadoop-ozone/integration-test/target/test-dir/MiniOzoneClusterImpl-353dc6ac-9fc0-413a-bb33-b58264605b5f/datanode-3/data/ratis/49da753f-767b-4120-8b80-76a90b1c945d
2019-10-04 06:28:40,806 [pool-237-thread-1] INFO  server.RaftServerConfigKeys (ConfUtils.java:logGet(43)) - raft.server.log.queue.byte-limit = 2147483647 (custom)
2019-10-04 06:28:40,806 [pool-237-thread-1] INFO  server.RaftServerConfigKeys (ConfUtils.java:logGet(43)) - raft.server.log.queue.element-limit = 1024 (custom)
2019-10-04 06:28:40,806 [pool-237-thread-1] INFO  server.RaftServerConfigKeys (ConfUtils.java:logGet(43)) - raft.server.log.segment.size.max = 1048576 (custom)
2019-10-04 06:28:40,806 [pool-237-thread-1] INFO  server.RaftServerConfigKeys (ConfUtils.java:logGet(43)) - raft.server.log.preallocated.size = 16384 (custom)
2019-10-04 06:28:40,806 [pool-237-thread-1] INFO  server.RaftServerConfigKeys (ConfUtils.java:logGet(43)) - raft.server.log.write.buffer.size = 33554432 (custom)
2019-10-04 06:28:40,806 [pool-237-thread-1] INFO  server.RaftServerConfigKeys (ConfUtils.java:logGet(43)) - raft.server.log.force.sync.num = 128 (default)
2019-10-04 06:28:40,807 [pool-237-thread-1] INFO  server.RaftServerConfigKeys (ConfUtils.java:logGet(43)) - raft.server.log.statemachine.data.sync = true (default)
2019-10-04 06:28:40,807 [pool-237-thread-1] INFO  server.RaftServerConfigKeys (ConfUtils.java:logGet(43)) - raft.server.log.statemachine.data.sync.timeout = 10s (default)
2019-10-04 06:28:40,807 [pool-237-thread-1] INFO  server.RaftServerConfigKeys (ConfUtils.java:logGet(43)) - raft.server.log.statemachine.data.sync.timeout.retry = -1 (default)
2019-10-04 06:28:40,807 [pool-237-thread-1] INFO  server.RaftServerConfigKeys (ConfUtils.java:logGet(43)) - raft.server.log.statemachine.data.caching.enabled = true (custom)
2019-10-04 06:28:40,808 [pool-237-thread-1] INFO  segmented.SegmentedRaftLogWorker (SegmentedRaftLogWorker.java:lambda$new$0(128)) - fd6ad844-5084-4a79-88b5-192c4e1ce2b2@group-76A90B1C945D-SegmentedRaftLogWorker: flushIndex: setUnconditionally 0 -> -1
2019-10-04 06:28:40,808 [pool-237-thread-1] INFO  server.RaftServerConfigKeys (ConfUtils.java:logGet(43)) - raft.server.snapshot.auto.trigger.enabled = true (custom)
2019-10-04 06:28:40,808 [pool-237-thread-1] INFO  server.RaftServerConfigKeys (ConfUtils.java:logGet(43)) - raft.server.snapshot.auto.trigger.threshold = 10000 (custom)
2019-10-04 06:28:40,808 [pool-237-thread-1] INFO  server.RaftServerConfigKeys (ConfUtils.java:logGet(43)) - raft.server.snapshot.retention.file.num = 5 (custom)
2019-10-04 06:28:40,808 [pool-237-thread-1] INFO  server.RaftServerConfigKeys (ConfUtils.java:logGet(43)) - raft.server.retrycache.expirytime = 600000ms (custom)
2019-10-04 06:28:40,810 [pool-237-thread-1] INFO  impl.RaftServerImpl (RaftServerImpl.java:start(181)) - fd6ad844-5084-4a79-88b5-192c4e1ce2b2@group-76A90B1C945D: start as a follower, conf=-1: [fd6ad844-5084-4a79-88b5-192c4e1ce2b2:192.168.151.69:34280], old=null
2019-10-04 06:28:40,810 [pool-237-thread-1] INFO  impl.RaftServerImpl (RaftServerImpl.java:setRole(170)) - fd6ad844-5084-4a79-88b5-192c4e1ce2b2@group-76A90B1C945D: changes role from      null to FOLLOWER at term 0 for startAsFollower
2019-10-04 06:28:40,810 [pool-237-thread-1] INFO  impl.RoleInfo (RoleInfo.java:updateAndGet(143)) - fd6ad844-5084-4a79-88b5-192c4e1ce2b2: start FollowerState
2019-10-04 06:28:40,810 [pool-237-thread-1] INFO  util.JmxRegister (JmxRegister.java:tryRegister(44)) - Successfully registered JMX Bean with object name Ratis:service=RaftServer,group=group-76A90B1C945D,id=fd6ad844-5084-4a79-88b5-192c4e1ce2b2
2019-10-04 06:28:40,818 [RatisPipelineUtilsThread] INFO  pipeline.PipelineStateManager (PipelineStateManager.java:addPipeline(56)) - Created pipeline Pipeline[ Id: 49da753f-767b-4120-8b80-76a90b1c945d, Nodes: fd6ad844-5084-4a79-88b5-192c4e1ce2b2{ip: 192.168.151.69, host: trunk-nightly-20191004-lpvmn-70278721, networkLocation: /default-rack, certSerialId: null}, Type:RATIS, Factor:ONE, State:OPEN]
2019-10-04 06:28:40,828 [grpc-default-executor-6] INFO  impl.RaftServerProxy (RaftServerProxy.java:addNew(89)) - 2e19ec59-8618-4c04-888d-7b73415cc129: addNew group-7135A9BA70D8:[2e19ec59-8618-4c04-888d-7b73415cc129:192.168.151.69:37521] returns group-7135A9BA70D8:java.util.concurrent.CompletableFuture@431b01c9[Not completed]
2019-10-04 06:28:40,830 [pool-247-thread-1] INFO  impl.RaftServerImpl (RaftServerImpl.java:<init>(95)) - 2e19ec59-8618-4c04-888d-7b73415cc129: new RaftServerImpl for group-7135A9BA70D8:[2e19ec59-8618-4c04-888d-7b73415cc129:192.168.151.69:37521] with ContainerStateMachine:uninitialized
2019-10-04 06:28:40,830 [pool-247-thread-1] INFO  server.RaftServerConfigKeys (ConfUtils.java:logGet(43)) - raft.server.rpc.timeout.min = 5s (custom)
2019-10-04 06:28:40,831 [pool-247-thread-1] INFO  server.RaftServerConfigKeys (ConfUtils.java:logGet(43)) - raft.server.rpc.timeout.max = 5200ms (custom)
2019-10-04 06:28:40,831 [pool-247-thread-1] INFO  server.RaftServerConfigKeys (ConfUtils.java:logGet(43)) - raft.server.rpcslowness.timeout = 120s (custom)
2019-10-04 06:28:40,831 [pool-247-thread-1] INFO  server.RaftServerConfigKeys (ConfUtils.java:logGet(43)) - raft.server.sleep.deviation.threshold = 300 (default)
2019-10-04 06:28:40,831 [pool-247-thread-1] INFO  server.RaftServerConfigKeys (ConfUtils.java:logGet(43)) - raft.server.log.appender.install.snapshot.enabled = false (custom)
2019-10-04 06:28:40,831 [pool-247-thread-1] INFO  impl.RaftServerImpl (ServerState.java:<init>(103)) - 2e19ec59-8618-4c04-888d-7b73415cc129@group-7135A9BA70D8: ConfigurationManager, init=-1: [2e19ec59-8618-4c04-888d-7b73415cc129:192.168.151.69:37521], old=null, confs=<EMPTY_MAP>
2019-10-04 06:28:40,831 [pool-247-thread-1] INFO  server.RaftServerConfigKeys (ConfUtils.java:logGet(43)) - raft.server.storage.dir = [/workdir/hadoop-ozone/integration-test/target/test-dir/MiniOzoneClusterImpl-353dc6ac-9fc0-413a-bb33-b58264605b5f/datanode-4/data/ratis] (custom)
2019-10-04 06:28:40,832 [pool-247-thread-1] INFO  server.RaftServerConfigKeys (ConfUtils.java:logGet(43)) - raft.server.log.corruption.policy = EXCEPTION (default)
2019-10-04 06:28:40,832 [pool-247-thread-1] INFO  storage.RaftStorageDirectory (RaftStorageDirectory.java:analyzeStorage(246)) - The storage directory /workdir/hadoop-ozone/integration-test/target/test-dir/MiniOzoneClusterImpl-353dc6ac-9fc0-413a-bb33-b58264605b5f/datanode-4/data/ratis/9723406d-14a7-4194-8cb6-7135a9ba70d8 does not exist. Creating ...
2019-10-04 06:28:40,835 [IPC Server handler 6 on 42144] INFO  net.NetworkTopology (NetworkTopologyImpl.java:add(111)) - Added a new node: /default-rack/a6e5811f-94fc-4b80-ac7d-ab0b387e43ac
2019-10-04 06:28:40,835 [IPC Server handler 6 on 42144] INFO  node.SCMNodeManager (SCMNodeManager.java:register(266)) - Registered Data node : a6e5811f-94fc-4b80-ac7d-ab0b387e43ac{ip: 192.168.151.69, host: trunk-nightly-20191004-lpvmn-70278721, networkLocation: /default-rack, certSerialId: null}
2019-10-04 06:28:40,845 [pool-247-thread-1] INFO  storage.RaftStorageDirectory (RaftStorageDirectory.java:tryLock(328)) - Lock on /workdir/hadoop-ozone/integration-test/target/test-dir/MiniOzoneClusterImpl-353dc6ac-9fc0-413a-bb33-b58264605b5f/datanode-4/data/ratis/9723406d-14a7-4194-8cb6-7135a9ba70d8/in_use.lock acquired by nodename 21365@trunk-nightly-20191004-lpvmn-70278721
2019-10-04 06:28:40,858 [pool-247-thread-1] INFO  storage.RaftStorage (RaftStorage.java:format(84)) - Storage directory /workdir/hadoop-ozone/integration-test/target/test-dir/MiniOzoneClusterImpl-353dc6ac-9fc0-413a-bb33-b58264605b5f/datanode-4/data/ratis/9723406d-14a7-4194-8cb6-7135a9ba70d8 has been successfully formatted.
2019-10-04 06:28:40,858 [pool-247-thread-1] INFO  ratis.ContainerStateMachine (ContainerStateMachine.java:loadSnapshot(230)) - group-7135A9BA70D8: The snapshot info is null. Setting the last applied indexto:(t:0, i:~)
2019-10-04 06:28:40,858 [pool-247-thread-1] INFO  server.RaftServerConfigKeys (ConfUtils.java:logGet(43)) - raft.server.notification.no-leader.timeout = 120s (custom)
2019-10-04 06:28:40,858 [pool-247-thread-1] INFO  server.RaftServerConfigKeys (ConfUtils.java:logGet(43)) - raft.server.log.use.memory = false (default)
2019-10-04 06:28:40,858 [pool-247-thread-1] INFO  server.RaftServerConfigKeys (ConfUtils.java:logGet(43)) - raft.server.log.purge.gap = 1000000 (custom)
2019-10-04 06:28:40,858 [pool-247-thread-1] INFO  server.RaftServerConfigKeys (ConfUtils.java:logGet(43)) - raft.server.log.appender.buffer.byte-limit = 33554432 (custom)
2019-10-04 06:28:40,859 [pool-247-thread-1] INFO  server.RaftServerConfigKeys (ConfUtils.java:logGet(43)) - raft.server.log.segment.size.max = 1048576 (custom)
2019-10-04 06:28:40,860 [pool-247-thread-1] INFO  server.RaftServerConfigKeys (ConfUtils.java:logGet(43)) - raft.server.log.segment.cache.num.max = 2 (custom)
2019-10-04 06:28:40,861 [pool-247-thread-1] INFO  segmented.SegmentedRaftLogWorker (SegmentedRaftLogWorker.java:<init>(173)) - new 2e19ec59-8618-4c04-888d-7b73415cc129@group-7135A9BA70D8-SegmentedRaftLogWorker for RaftStorage:Storage Directory /workdir/hadoop-ozone/integration-test/target/test-dir/MiniOzoneClusterImpl-353dc6ac-9fc0-413a-bb33-b58264605b5f/datanode-4/data/ratis/9723406d-14a7-4194-8cb6-7135a9ba70d8
2019-10-04 06:28:40,861 [pool-247-thread-1] INFO  server.RaftServerConfigKeys (ConfUtils.java:logGet(43)) - raft.server.log.queue.byte-limit = 2147483647 (custom)
2019-10-04 06:28:40,861 [pool-247-thread-1] INFO  server.RaftServerConfigKeys (ConfUtils.java:logGet(43)) - raft.server.log.queue.element-limit = 1024 (custom)
2019-10-04 06:28:40,861 [pool-247-thread-1] INFO  server.RaftServerConfigKeys (ConfUtils.java:logGet(43)) - raft.server.log.segment.size.max = 1048576 (custom)
2019-10-04 06:28:40,861 [pool-247-thread-1] INFO  server.RaftServerConfigKeys (ConfUtils.java:logGet(43)) - raft.server.log.preallocated.size = 16384 (custom)
2019-10-04 06:28:40,861 [pool-247-thread-1] INFO  server.RaftServerConfigKeys (ConfUtils.java:logGet(43)) - raft.server.log.write.buffer.size = 33554432 (custom)
2019-10-04 06:28:40,861 [pool-247-thread-1] INFO  server.RaftServerConfigKeys (ConfUtils.java:logGet(43)) - raft.server.log.force.sync.num = 128 (default)
2019-10-04 06:28:40,861 [pool-247-thread-1] INFO  server.RaftServerConfigKeys (ConfUtils.java:logGet(43)) - raft.server.log.statemachine.data.sync = true (default)
2019-10-04 06:28:40,861 [pool-247-thread-1] INFO  server.RaftServerConfigKeys (ConfUtils.java:logGet(43)) - raft.server.log.statemachine.data.sync.timeout = 10s (default)
2019-10-04 06:28:40,862 [pool-247-thread-1] INFO  server.RaftServerConfigKeys (ConfUtils.java:logGet(43)) - raft.server.log.statemachine.data.sync.timeout.retry = -1 (default)
2019-10-04 06:28:40,862 [pool-247-thread-1] INFO  server.RaftServerConfigKeys (ConfUtils.java:logGet(43)) - raft.server.log.statemachine.data.caching.enabled = true (custom)
2019-10-04 06:28:40,862 [pool-247-thread-1] INFO  segmented.SegmentedRaftLogWorker (SegmentedRaftLogWorker.java:lambda$new$0(128)) - 2e19ec59-8618-4c04-888d-7b73415cc129@group-7135A9BA70D8-SegmentedRaftLogWorker: flushIndex: setUnconditionally 0 -> -1
2019-10-04 06:28:40,862 [pool-247-thread-1] INFO  server.RaftServerConfigKeys (ConfUtils.java:logGet(43)) - raft.server.snapshot.auto.trigger.enabled = true (custom)
2019-10-04 06:28:40,863 [pool-247-thread-1] INFO  server.RaftServerConfigKeys (ConfUtils.java:logGet(43)) - raft.server.snapshot.auto.trigger.threshold = 10000 (custom)
2019-10-04 06:28:40,863 [pool-247-thread-1] INFO  server.RaftServerConfigKeys (ConfUtils.java:logGet(43)) - raft.server.snapshot.retention.file.num = 5 (custom)
2019-10-04 06:28:40,863 [pool-247-thread-1] INFO  server.RaftServerConfigKeys (ConfUtils.java:logGet(43)) - raft.server.retrycache.expirytime = 600000ms (custom)
2019-10-04 06:28:40,864 [pool-247-thread-1] INFO  impl.RaftServerImpl (RaftServerImpl.java:start(181)) - 2e19ec59-8618-4c04-888d-7b73415cc129@group-7135A9BA70D8: start as a follower, conf=-1: [2e19ec59-8618-4c04-888d-7b73415cc129:192.168.151.69:37521], old=null
2019-10-04 06:28:40,864 [pool-247-thread-1] INFO  impl.RaftServerImpl (RaftServerImpl.java:setRole(170)) - 2e19ec59-8618-4c04-888d-7b73415cc129@group-7135A9BA70D8: changes role from      null to FOLLOWER at term 0 for startAsFollower
2019-10-04 06:28:40,865 [pool-247-thread-1] INFO  impl.RoleInfo (RoleInfo.java:updateAndGet(143)) - 2e19ec59-8618-4c04-888d-7b73415cc129: start FollowerState
2019-10-04 06:28:40,865 [pool-247-thread-1] INFO  util.JmxRegister (JmxRegister.java:tryRegister(44)) - Successfully registered JMX Bean with object name Ratis:service=RaftServer,group=group-7135A9BA70D8,id=2e19ec59-8618-4c04-888d-7b73415cc129
2019-10-04 06:28:40,872 [RatisPipelineUtilsThread] INFO  pipeline.PipelineStateManager (PipelineStateManager.java:addPipeline(56)) - Created pipeline Pipeline[ Id: 9723406d-14a7-4194-8cb6-7135a9ba70d8, Nodes: 2e19ec59-8618-4c04-888d-7b73415cc129{ip: 192.168.151.69, host: trunk-nightly-20191004-lpvmn-70278721, networkLocation: /default-rack, certSerialId: null}, Type:RATIS, Factor:ONE, State:OPEN]
2019-10-04 06:28:40,888 [grpc-default-executor-6] INFO  impl.RaftServerProxy (RaftServerProxy.java:addNew(89)) - a6e5811f-94fc-4b80-ac7d-ab0b387e43ac: addNew group-045EE0BF8DB9:[a6e5811f-94fc-4b80-ac7d-ab0b387e43ac:192.168.151.69:40727] returns group-045EE0BF8DB9:java.util.concurrent.CompletableFuture@6f0943[Not completed]
2019-10-04 06:28:40,890 [pool-257-thread-1] INFO  impl.RaftServerImpl (RaftServerImpl.java:<init>(95)) - a6e5811f-94fc-4b80-ac7d-ab0b387e43ac: new RaftServerImpl for group-045EE0BF8DB9:[a6e5811f-94fc-4b80-ac7d-ab0b387e43ac:192.168.151.69:40727] with ContainerStateMachine:uninitialized
2019-10-04 06:28:40,890 [pool-257-thread-1] INFO  server.RaftServerConfigKeys (ConfUtils.java:logGet(43)) - raft.server.rpc.timeout.min = 5s (custom)
2019-10-04 06:28:40,890 [pool-257-thread-1] INFO  server.RaftServerConfigKeys (ConfUtils.java:logGet(43)) - raft.server.rpc.timeout.max = 5200ms (custom)
2019-10-04 06:28:40,890 [pool-257-thread-1] INFO  server.RaftServerConfigKeys (ConfUtils.java:logGet(43)) - raft.server.rpcslowness.timeout = 120s (custom)
2019-10-04 06:28:40,890 [pool-257-thread-1] INFO  server.RaftServerConfigKeys (ConfUtils.java:logGet(43)) - raft.server.sleep.deviation.threshold = 300 (default)
2019-10-04 06:28:40,891 [pool-257-thread-1] INFO  server.RaftServerConfigKeys (ConfUtils.java:logGet(43)) - raft.server.log.appender.install.snapshot.enabled = false (custom)
2019-10-04 06:28:40,891 [pool-257-thread-1] INFO  impl.RaftServerImpl (ServerState.java:<init>(103)) - a6e5811f-94fc-4b80-ac7d-ab0b387e43ac@group-045EE0BF8DB9: ConfigurationManager, init=-1: [a6e5811f-94fc-4b80-ac7d-ab0b387e43ac:192.168.151.69:40727], old=null, confs=<EMPTY_MAP>
2019-10-04 06:28:40,891 [pool-257-thread-1] INFO  server.RaftServerConfigKeys (ConfUtils.java:logGet(43)) - raft.server.storage.dir = [/workdir/hadoop-ozone/integration-test/target/test-dir/MiniOzoneClusterImpl-353dc6ac-9fc0-413a-bb33-b58264605b5f/datanode-5/data/ratis] (custom)
2019-10-04 06:28:40,891 [pool-257-thread-1] INFO  server.RaftServerConfigKeys (ConfUtils.java:logGet(43)) - raft.server.log.corruption.policy = EXCEPTION (default)
2019-10-04 06:28:40,891 [pool-257-thread-1] INFO  storage.RaftStorageDirectory (RaftStorageDirectory.java:analyzeStorage(246)) - The storage directory /workdir/hadoop-ozone/integration-test/target/test-dir/MiniOzoneClusterImpl-353dc6ac-9fc0-413a-bb33-b58264605b5f/datanode-5/data/ratis/659e1e37-8985-4163-be46-045ee0bf8db9 does not exist. Creating ...
2019-10-04 06:28:40,904 [pool-257-thread-1] INFO  storage.RaftStorageDirectory (RaftStorageDirectory.java:tryLock(328)) - Lock on /workdir/hadoop-ozone/integration-test/target/test-dir/MiniOzoneClusterImpl-353dc6ac-9fc0-413a-bb33-b58264605b5f/datanode-5/data/ratis/659e1e37-8985-4163-be46-045ee0bf8db9/in_use.lock acquired by nodename 21365@trunk-nightly-20191004-lpvmn-70278721
2019-10-04 06:28:40,907 [main] INFO  ozone.MiniOzoneClusterImpl (MiniOzoneClusterImpl.java:lambda$waitForClusterToBeReady$0(147)) - Waiting for cluster to be ready. Got 6 of 7 DN Heartbeats.
2019-10-04 06:28:40,908 [IPC Server handler 7 on 42144] INFO  net.NetworkTopology (NetworkTopologyImpl.java:add(111)) - Added a new node: /default-rack/fa71cad9-553e-4d32-83de-60c2765a1220
2019-10-04 06:28:40,908 [IPC Server handler 7 on 42144] INFO  node.SCMNodeManager (SCMNodeManager.java:register(266)) - Registered Data node : fa71cad9-553e-4d32-83de-60c2765a1220{ip: 192.168.151.69, host: trunk-nightly-20191004-lpvmn-70278721, networkLocation: /default-rack, certSerialId: null}
2019-10-04 06:28:40,918 [pool-257-thread-1] INFO  storage.RaftStorage (RaftStorage.java:format(84)) - Storage directory /workdir/hadoop-ozone/integration-test/target/test-dir/MiniOzoneClusterImpl-353dc6ac-9fc0-413a-bb33-b58264605b5f/datanode-5/data/ratis/659e1e37-8985-4163-be46-045ee0bf8db9 has been successfully formatted.
2019-10-04 06:28:40,919 [pool-257-thread-1] INFO  ratis.ContainerStateMachine (ContainerStateMachine.java:loadSnapshot(230)) - group-045EE0BF8DB9: The snapshot info is null. Setting the last applied indexto:(t:0, i:~)
2019-10-04 06:28:40,919 [pool-257-thread-1] INFO  server.RaftServerConfigKeys (ConfUtils.java:logGet(43)) - raft.server.notification.no-leader.timeout = 120s (custom)
2019-10-04 06:28:40,919 [pool-257-thread-1] INFO  server.RaftServerConfigKeys (ConfUtils.java:logGet(43)) - raft.server.log.use.memory = false (default)
2019-10-04 06:28:40,919 [pool-257-thread-1] INFO  server.RaftServerConfigKeys (ConfUtils.java:logGet(43)) - raft.server.log.purge.gap = 1000000 (custom)
2019-10-04 06:28:40,919 [pool-257-thread-1] INFO  server.RaftServerConfigKeys (ConfUtils.java:logGet(43)) - raft.server.log.appender.buffer.byte-limit = 33554432 (custom)
2019-10-04 06:28:40,919 [pool-257-thread-1] INFO  server.RaftServerConfigKeys (ConfUtils.java:logGet(43)) - raft.server.log.segment.size.max = 1048576 (custom)
2019-10-04 06:28:40,921 [pool-257-thread-1] INFO  server.RaftServerConfigKeys (ConfUtils.java:logGet(43)) - raft.server.log.segment.cache.num.max = 2 (custom)
2019-10-04 06:28:40,921 [pool-257-thread-1] INFO  segmented.SegmentedRaftLogWorker (SegmentedRaftLogWorker.java:<init>(173)) - new a6e5811f-94fc-4b80-ac7d-ab0b387e43ac@group-045EE0BF8DB9-SegmentedRaftLogWorker for RaftStorage:Storage Directory /workdir/hadoop-ozone/integration-test/target/test-dir/MiniOzoneClusterImpl-353dc6ac-9fc0-413a-bb33-b58264605b5f/datanode-5/data/ratis/659e1e37-8985-4163-be46-045ee0bf8db9
2019-10-04 06:28:40,922 [pool-257-thread-1] INFO  server.RaftServerConfigKeys (ConfUtils.java:logGet(43)) - raft.server.log.queue.byte-limit = 2147483647 (custom)
2019-10-04 06:28:40,922 [pool-257-thread-1] INFO  server.RaftServerConfigKeys (ConfUtils.java:logGet(43)) - raft.server.log.queue.element-limit = 1024 (custom)
2019-10-04 06:28:40,922 [pool-257-thread-1] INFO  server.RaftServerConfigKeys (ConfUtils.java:logGet(43)) - raft.server.log.segment.size.max = 1048576 (custom)
2019-10-04 06:28:40,922 [pool-257-thread-1] INFO  server.RaftServerConfigKeys (ConfUtils.java:logGet(43)) - raft.server.log.preallocated.size = 16384 (custom)
2019-10-04 06:28:40,922 [pool-257-thread-1] INFO  server.RaftServerConfigKeys (ConfUtils.java:logGet(43)) - raft.server.log.write.buffer.size = 33554432 (custom)
2019-10-04 06:28:40,922 [pool-257-thread-1] INFO  server.RaftServerConfigKeys (ConfUtils.java:logGet(43)) - raft.server.log.force.sync.num = 128 (default)
2019-10-04 06:28:40,922 [pool-257-thread-1] INFO  server.RaftServerConfigKeys (ConfUtils.java:logGet(43)) - raft.server.log.statemachine.data.sync = true (default)
2019-10-04 06:28:40,923 [pool-257-thread-1] INFO  server.RaftServerConfigKeys (ConfUtils.java:logGet(43)) - raft.server.log.statemachine.data.sync.timeout = 10s (default)
2019-10-04 06:28:40,923 [pool-257-thread-1] INFO  server.RaftServerConfigKeys (ConfUtils.java:logGet(43)) - raft.server.log.statemachine.data.sync.timeout.retry = -1 (default)
2019-10-04 06:28:40,923 [pool-257-thread-1] INFO  server.RaftServerConfigKeys (ConfUtils.java:logGet(43)) - raft.server.log.statemachine.data.caching.enabled = true (custom)
2019-10-04 06:28:40,923 [pool-257-thread-1] INFO  segmented.SegmentedRaftLogWorker (SegmentedRaftLogWorker.java:lambda$new$0(128)) - a6e5811f-94fc-4b80-ac7d-ab0b387e43ac@group-045EE0BF8DB9-SegmentedRaftLogWorker: flushIndex: setUnconditionally 0 -> -1
2019-10-04 06:28:40,924 [pool-257-thread-1] INFO  server.RaftServerConfigKeys (ConfUtils.java:logGet(43)) - raft.server.snapshot.auto.trigger.enabled = true (custom)
2019-10-04 06:28:40,924 [pool-257-thread-1] INFO  server.RaftServerConfigKeys (ConfUtils.java:logGet(43)) - raft.server.snapshot.auto.trigger.threshold = 10000 (custom)
2019-10-04 06:28:40,924 [pool-257-thread-1] INFO  server.RaftServerConfigKeys (ConfUtils.java:logGet(43)) - raft.server.snapshot.retention.file.num = 5 (custom)
2019-10-04 06:28:40,924 [pool-257-thread-1] INFO  server.RaftServerConfigKeys (ConfUtils.java:logGet(43)) - raft.server.retrycache.expirytime = 600000ms (custom)
2019-10-04 06:28:40,925 [pool-257-thread-1] INFO  impl.RaftServerImpl (RaftServerImpl.java:start(181)) - a6e5811f-94fc-4b80-ac7d-ab0b387e43ac@group-045EE0BF8DB9: start as a follower, conf=-1: [a6e5811f-94fc-4b80-ac7d-ab0b387e43ac:192.168.151.69:40727], old=null
2019-10-04 06:28:40,926 [pool-257-thread-1] INFO  impl.RaftServerImpl (RaftServerImpl.java:setRole(170)) - a6e5811f-94fc-4b80-ac7d-ab0b387e43ac@group-045EE0BF8DB9: changes role from      null to FOLLOWER at term 0 for startAsFollower
2019-10-04 06:28:40,926 [pool-257-thread-1] INFO  impl.RoleInfo (RoleInfo.java:updateAndGet(143)) - a6e5811f-94fc-4b80-ac7d-ab0b387e43ac: start FollowerState
2019-10-04 06:28:40,926 [pool-257-thread-1] INFO  util.JmxRegister (JmxRegister.java:tryRegister(44)) - Successfully registered JMX Bean with object name Ratis:service=RaftServer,group=group-045EE0BF8DB9,id=a6e5811f-94fc-4b80-ac7d-ab0b387e43ac
2019-10-04 06:28:40,933 [RatisPipelineUtilsThread] INFO  pipeline.PipelineStateManager (PipelineStateManager.java:addPipeline(56)) - Created pipeline Pipeline[ Id: 659e1e37-8985-4163-be46-045ee0bf8db9, Nodes: a6e5811f-94fc-4b80-ac7d-ab0b387e43ac{ip: 192.168.151.69, host: trunk-nightly-20191004-lpvmn-70278721, networkLocation: /default-rack, certSerialId: null}, Type:RATIS, Factor:ONE, State:OPEN]
2019-10-04 06:28:40,946 [grpc-default-executor-6] INFO  impl.RaftServerProxy (RaftServerProxy.java:addNew(89)) - fa71cad9-553e-4d32-83de-60c2765a1220: addNew group-A89EBE295491:[fa71cad9-553e-4d32-83de-60c2765a1220:192.168.151.69:44326] returns group-A89EBE295491:java.util.concurrent.CompletableFuture@2041f2e5[Not completed]
2019-10-04 06:28:40,948 [pool-267-thread-1] INFO  impl.RaftServerImpl (RaftServerImpl.java:<init>(95)) - fa71cad9-553e-4d32-83de-60c2765a1220: new RaftServerImpl for group-A89EBE295491:[fa71cad9-553e-4d32-83de-60c2765a1220:192.168.151.69:44326] with ContainerStateMachine:uninitialized
2019-10-04 06:28:40,948 [pool-267-thread-1] INFO  server.RaftServerConfigKeys (ConfUtils.java:logGet(43)) - raft.server.rpc.timeout.min = 5s (custom)
2019-10-04 06:28:40,948 [pool-267-thread-1] INFO  server.RaftServerConfigKeys (ConfUtils.java:logGet(43)) - raft.server.rpc.timeout.max = 5200ms (custom)
2019-10-04 06:28:40,948 [pool-267-thread-1] INFO  server.RaftServerConfigKeys (ConfUtils.java:logGet(43)) - raft.server.rpcslowness.timeout = 120s (custom)
2019-10-04 06:28:40,948 [pool-267-thread-1] INFO  server.RaftServerConfigKeys (ConfUtils.java:logGet(43)) - raft.server.sleep.deviation.threshold = 300 (default)
2019-10-04 06:28:40,949 [pool-267-thread-1] INFO  server.RaftServerConfigKeys (ConfUtils.java:logGet(43)) - raft.server.log.appender.install.snapshot.enabled = false (custom)
2019-10-04 06:28:40,949 [pool-267-thread-1] INFO  impl.RaftServerImpl (ServerState.java:<init>(103)) - fa71cad9-553e-4d32-83de-60c2765a1220@group-A89EBE295491: ConfigurationManager, init=-1: [fa71cad9-553e-4d32-83de-60c2765a1220:192.168.151.69:44326], old=null, confs=<EMPTY_MAP>
2019-10-04 06:28:40,949 [pool-267-thread-1] INFO  server.RaftServerConfigKeys (ConfUtils.java:logGet(43)) - raft.server.storage.dir = [/workdir/hadoop-ozone/integration-test/target/test-dir/MiniOzoneClusterImpl-353dc6ac-9fc0-413a-bb33-b58264605b5f/datanode-6/data/ratis] (custom)
2019-10-04 06:28:40,949 [pool-267-thread-1] INFO  server.RaftServerConfigKeys (ConfUtils.java:logGet(43)) - raft.server.log.corruption.policy = EXCEPTION (default)
2019-10-04 06:28:40,949 [pool-267-thread-1] INFO  storage.RaftStorageDirectory (RaftStorageDirectory.java:analyzeStorage(246)) - The storage directory /workdir/hadoop-ozone/integration-test/target/test-dir/MiniOzoneClusterImpl-353dc6ac-9fc0-413a-bb33-b58264605b5f/datanode-6/data/ratis/fc9e3bf7-cbf3-439f-8d08-a89ebe295491 does not exist. Creating ...
2019-10-04 06:28:40,963 [pool-267-thread-1] INFO  storage.RaftStorageDirectory (RaftStorageDirectory.java:tryLock(328)) - Lock on /workdir/hadoop-ozone/integration-test/target/test-dir/MiniOzoneClusterImpl-353dc6ac-9fc0-413a-bb33-b58264605b5f/datanode-6/data/ratis/fc9e3bf7-cbf3-439f-8d08-a89ebe295491/in_use.lock acquired by nodename 21365@trunk-nightly-20191004-lpvmn-70278721
2019-10-04 06:28:40,975 [pool-267-thread-1] INFO  storage.RaftStorage (RaftStorage.java:format(84)) - Storage directory /workdir/hadoop-ozone/integration-test/target/test-dir/MiniOzoneClusterImpl-353dc6ac-9fc0-413a-bb33-b58264605b5f/datanode-6/data/ratis/fc9e3bf7-cbf3-439f-8d08-a89ebe295491 has been successfully formatted.
2019-10-04 06:28:40,975 [pool-267-thread-1] INFO  ratis.ContainerStateMachine (ContainerStateMachine.java:loadSnapshot(230)) - group-A89EBE295491: The snapshot info is null. Setting the last applied indexto:(t:0, i:~)
2019-10-04 06:28:40,976 [pool-267-thread-1] INFO  server.RaftServerConfigKeys (ConfUtils.java:logGet(43)) - raft.server.notification.no-leader.timeout = 120s (custom)
2019-10-04 06:28:40,976 [pool-267-thread-1] INFO  server.RaftServerConfigKeys (ConfUtils.java:logGet(43)) - raft.server.log.use.memory = false (default)
2019-10-04 06:28:40,976 [pool-267-thread-1] INFO  server.RaftServerConfigKeys (ConfUtils.java:logGet(43)) - raft.server.log.purge.gap = 1000000 (custom)
2019-10-04 06:28:40,976 [pool-267-thread-1] INFO  server.RaftServerConfigKeys (ConfUtils.java:logGet(43)) - raft.server.log.appender.buffer.byte-limit = 33554432 (custom)
2019-10-04 06:28:40,976 [pool-267-thread-1] INFO  server.RaftServerConfigKeys (ConfUtils.java:logGet(43)) - raft.server.log.segment.size.max = 1048576 (custom)
2019-10-04 06:28:40,978 [pool-267-thread-1] INFO  server.RaftServerConfigKeys (ConfUtils.java:logGet(43)) - raft.server.log.segment.cache.num.max = 2 (custom)
2019-10-04 06:28:40,978 [pool-267-thread-1] INFO  segmented.SegmentedRaftLogWorker (SegmentedRaftLogWorker.java:<init>(173)) - new fa71cad9-553e-4d32-83de-60c2765a1220@group-A89EBE295491-SegmentedRaftLogWorker for RaftStorage:Storage Directory /workdir/hadoop-ozone/integration-test/target/test-dir/MiniOzoneClusterImpl-353dc6ac-9fc0-413a-bb33-b58264605b5f/datanode-6/data/ratis/fc9e3bf7-cbf3-439f-8d08-a89ebe295491
2019-10-04 06:28:40,979 [pool-267-thread-1] INFO  server.RaftServerConfigKeys (ConfUtils.java:logGet(43)) - raft.server.log.queue.byte-limit = 2147483647 (custom)
2019-10-04 06:28:40,979 [pool-267-thread-1] INFO  server.RaftServerConfigKeys (ConfUtils.java:logGet(43)) - raft.server.log.queue.element-limit = 1024 (custom)
2019-10-04 06:28:40,979 [pool-267-thread-1] INFO  server.RaftServerConfigKeys (ConfUtils.java:logGet(43)) - raft.server.log.segment.size.max = 1048576 (custom)
2019-10-04 06:28:40,979 [pool-267-thread-1] INFO  server.RaftServerConfigKeys (ConfUtils.java:logGet(43)) - raft.server.log.preallocated.size = 16384 (custom)
2019-10-04 06:28:40,979 [pool-267-thread-1] INFO  server.RaftServerConfigKeys (ConfUtils.java:logGet(43)) - raft.server.log.write.buffer.size = 33554432 (custom)
2019-10-04 06:28:40,979 [pool-267-thread-1] INFO  server.RaftServerConfigKeys (ConfUtils.java:logGet(43)) - raft.server.log.force.sync.num = 128 (default)
2019-10-04 06:28:40,979 [pool-267-thread-1] INFO  server.RaftServerConfigKeys (ConfUtils.java:logGet(43)) - raft.server.log.statemachine.data.sync = true (default)
2019-10-04 06:28:40,979 [pool-267-thread-1] INFO  server.RaftServerConfigKeys (ConfUtils.java:logGet(43)) - raft.server.log.statemachine.data.sync.timeout = 10s (default)
2019-10-04 06:28:40,980 [pool-267-thread-1] INFO  server.RaftServerConfigKeys (ConfUtils.java:logGet(43)) - raft.server.log.statemachine.data.sync.timeout.retry = -1 (default)
2019-10-04 06:28:40,980 [pool-267-thread-1] INFO  server.RaftServerConfigKeys (ConfUtils.java:logGet(43)) - raft.server.log.statemachine.data.caching.enabled = true (custom)
2019-10-04 06:28:40,980 [pool-267-thread-1] INFO  segmented.SegmentedRaftLogWorker (SegmentedRaftLogWorker.java:lambda$new$0(128)) - fa71cad9-553e-4d32-83de-60c2765a1220@group-A89EBE295491-SegmentedRaftLogWorker: flushIndex: setUnconditionally 0 -> -1
2019-10-04 06:28:40,981 [pool-267-thread-1] INFO  server.RaftServerConfigKeys (ConfUtils.java:logGet(43)) - raft.server.snapshot.auto.trigger.enabled = true (custom)
2019-10-04 06:28:40,981 [pool-267-thread-1] INFO  server.RaftServerConfigKeys (ConfUtils.java:logGet(43)) - raft.server.snapshot.auto.trigger.threshold = 10000 (custom)
2019-10-04 06:28:40,981 [pool-267-thread-1] INFO  server.RaftServerConfigKeys (ConfUtils.java:logGet(43)) - raft.server.snapshot.retention.file.num = 5 (custom)
2019-10-04 06:28:40,981 [pool-267-thread-1] INFO  server.RaftServerConfigKeys (ConfUtils.java:logGet(43)) - raft.server.retrycache.expirytime = 600000ms (custom)
2019-10-04 06:28:40,983 [pool-267-thread-1] INFO  impl.RaftServerImpl (RaftServerImpl.java:start(181)) - fa71cad9-553e-4d32-83de-60c2765a1220@group-A89EBE295491: start as a follower, conf=-1: [fa71cad9-553e-4d32-83de-60c2765a1220:192.168.151.69:44326], old=null
2019-10-04 06:28:40,983 [pool-267-thread-1] INFO  impl.RaftServerImpl (RaftServerImpl.java:setRole(170)) - fa71cad9-553e-4d32-83de-60c2765a1220@group-A89EBE295491: changes role from      null to FOLLOWER at term 0 for startAsFollower
2019-10-04 06:28:40,983 [pool-267-thread-1] INFO  impl.RoleInfo (RoleInfo.java:updateAndGet(143)) - fa71cad9-553e-4d32-83de-60c2765a1220: start FollowerState
2019-10-04 06:28:40,983 [pool-267-thread-1] INFO  util.JmxRegister (JmxRegister.java:tryRegister(44)) - Successfully registered JMX Bean with object name Ratis:service=RaftServer,group=group-A89EBE295491,id=fa71cad9-553e-4d32-83de-60c2765a1220
2019-10-04 06:28:40,991 [RatisPipelineUtilsThread] INFO  pipeline.PipelineStateManager (PipelineStateManager.java:addPipeline(56)) - Created pipeline Pipeline[ Id: fc9e3bf7-cbf3-439f-8d08-a89ebe295491, Nodes: fa71cad9-553e-4d32-83de-60c2765a1220{ip: 192.168.151.69, host: trunk-nightly-20191004-lpvmn-70278721, networkLocation: /default-rack, certSerialId: null}, Type:RATIS, Factor:ONE, State:OPEN]
2019-10-04 06:28:41,014 [grpc-default-executor-4] INFO  impl.RaftServerProxy (RaftServerProxy.java:addNew(89)) - fd6ad844-5084-4a79-88b5-192c4e1ce2b2: addNew group-2859D63131D2:[fa71cad9-553e-4d32-83de-60c2765a1220:192.168.151.69:44326, fd6ad844-5084-4a79-88b5-192c4e1ce2b2:192.168.151.69:34280, a6e5811f-94fc-4b80-ac7d-ab0b387e43ac:192.168.151.69:40727] returns group-2859D63131D2:java.util.concurrent.CompletableFuture@649874d[Not completed]
2019-10-04 06:28:41,018 [grpc-default-executor-4] INFO  impl.RaftServerProxy (RaftServerProxy.java:addNew(89)) - a6e5811f-94fc-4b80-ac7d-ab0b387e43ac: addNew group-2859D63131D2:[fa71cad9-553e-4d32-83de-60c2765a1220:192.168.151.69:44326, fd6ad844-5084-4a79-88b5-192c4e1ce2b2:192.168.151.69:34280, a6e5811f-94fc-4b80-ac7d-ab0b387e43ac:192.168.151.69:40727] returns group-2859D63131D2:java.util.concurrent.CompletableFuture@43f1da15[Not completed]
2019-10-04 06:28:41,018 [grpc-default-executor-6] INFO  impl.RaftServerProxy (RaftServerProxy.java:addNew(89)) - fa71cad9-553e-4d32-83de-60c2765a1220: addNew group-2859D63131D2:[fa71cad9-553e-4d32-83de-60c2765a1220:192.168.151.69:44326, fd6ad844-5084-4a79-88b5-192c4e1ce2b2:192.168.151.69:34280, a6e5811f-94fc-4b80-ac7d-ab0b387e43ac:192.168.151.69:40727] returns group-2859D63131D2:java.util.concurrent.CompletableFuture@49c22357[Not completed]
2019-10-04 06:28:41,019 [pool-237-thread-1] INFO  impl.RaftServerImpl (RaftServerImpl.java:<init>(95)) - fd6ad844-5084-4a79-88b5-192c4e1ce2b2: new RaftServerImpl for group-2859D63131D2:[fa71cad9-553e-4d32-83de-60c2765a1220:192.168.151.69:44326, fd6ad844-5084-4a79-88b5-192c4e1ce2b2:192.168.151.69:34280, a6e5811f-94fc-4b80-ac7d-ab0b387e43ac:192.168.151.69:40727] with ContainerStateMachine:uninitialized
2019-10-04 06:28:41,019 [pool-237-thread-1] INFO  server.RaftServerConfigKeys (ConfUtils.java:logGet(43)) - raft.server.rpc.timeout.min = 5s (custom)
2019-10-04 06:28:41,019 [pool-237-thread-1] INFO  server.RaftServerConfigKeys (ConfUtils.java:logGet(43)) - raft.server.rpc.timeout.max = 5200ms (custom)
2019-10-04 06:28:41,019 [pool-237-thread-1] INFO  server.RaftServerConfigKeys (ConfUtils.java:logGet(43)) - raft.server.rpcslowness.timeout = 120s (custom)
2019-10-04 06:28:41,020 [pool-237-thread-1] INFO  server.RaftServerConfigKeys (ConfUtils.java:logGet(43)) - raft.server.sleep.deviation.threshold = 300 (default)
2019-10-04 06:28:41,020 [pool-237-thread-1] INFO  server.RaftServerConfigKeys (ConfUtils.java:logGet(43)) - raft.server.log.appender.install.snapshot.enabled = false (custom)
2019-10-04 06:28:41,020 [pool-237-thread-1] INFO  impl.RaftServerImpl (ServerState.java:<init>(103)) - fd6ad844-5084-4a79-88b5-192c4e1ce2b2@group-2859D63131D2: ConfigurationManager, init=-1: [fa71cad9-553e-4d32-83de-60c2765a1220:192.168.151.69:44326, fd6ad844-5084-4a79-88b5-192c4e1ce2b2:192.168.151.69:34280, a6e5811f-94fc-4b80-ac7d-ab0b387e43ac:192.168.151.69:40727], old=null, confs=<EMPTY_MAP>
2019-10-04 06:28:41,020 [pool-267-thread-1] INFO  impl.RaftServerImpl (RaftServerImpl.java:<init>(95)) - fa71cad9-553e-4d32-83de-60c2765a1220: new RaftServerImpl for group-2859D63131D2:[fa71cad9-553e-4d32-83de-60c2765a1220:192.168.151.69:44326, fd6ad844-5084-4a79-88b5-192c4e1ce2b2:192.168.151.69:34280, a6e5811f-94fc-4b80-ac7d-ab0b387e43ac:192.168.151.69:40727] with ContainerStateMachine:uninitialized
2019-10-04 06:28:41,020 [pool-237-thread-1] INFO  server.RaftServerConfigKeys (ConfUtils.java:logGet(43)) - raft.server.storage.dir = [/workdir/hadoop-ozone/integration-test/target/test-dir/MiniOzoneClusterImpl-353dc6ac-9fc0-413a-bb33-b58264605b5f/datanode-3/data/ratis] (custom)
2019-10-04 06:28:41,020 [pool-267-thread-1] INFO  server.RaftServerConfigKeys (ConfUtils.java:logGet(43)) - raft.server.rpc.timeout.min = 5s (custom)
2019-10-04 06:28:41,021 [pool-267-thread-1] INFO  server.RaftServerConfigKeys (ConfUtils.java:logGet(43)) - raft.server.rpc.timeout.max = 5200ms (custom)
2019-10-04 06:28:41,021 [pool-237-thread-1] INFO  server.RaftServerConfigKeys (ConfUtils.java:logGet(43)) - raft.server.log.corruption.policy = EXCEPTION (default)
2019-10-04 06:28:41,021 [pool-267-thread-1] INFO  server.RaftServerConfigKeys (ConfUtils.java:logGet(43)) - raft.server.rpcslowness.timeout = 120s (custom)
2019-10-04 06:28:41,021 [pool-237-thread-1] INFO  storage.RaftStorageDirectory (RaftStorageDirectory.java:analyzeStorage(246)) - The storage directory /workdir/hadoop-ozone/integration-test/target/test-dir/MiniOzoneClusterImpl-353dc6ac-9fc0-413a-bb33-b58264605b5f/datanode-3/data/ratis/9723b5e0-f070-4820-b28b-2859d63131d2 does not exist. Creating ...
2019-10-04 06:28:41,021 [pool-267-thread-1] INFO  server.RaftServerConfigKeys (ConfUtils.java:logGet(43)) - raft.server.sleep.deviation.threshold = 300 (default)
2019-10-04 06:28:41,021 [pool-267-thread-1] INFO  server.RaftServerConfigKeys (ConfUtils.java:logGet(43)) - raft.server.log.appender.install.snapshot.enabled = false (custom)
2019-10-04 06:28:41,022 [pool-257-thread-1] INFO  impl.RaftServerImpl (RaftServerImpl.java:<init>(95)) - a6e5811f-94fc-4b80-ac7d-ab0b387e43ac: new RaftServerImpl for group-2859D63131D2:[fa71cad9-553e-4d32-83de-60c2765a1220:192.168.151.69:44326, fd6ad844-5084-4a79-88b5-192c4e1ce2b2:192.168.151.69:34280, a6e5811f-94fc-4b80-ac7d-ab0b387e43ac:192.168.151.69:40727] with ContainerStateMachine:uninitialized
2019-10-04 06:28:41,022 [pool-267-thread-1] INFO  impl.RaftServerImpl (ServerState.java:<init>(103)) - fa71cad9-553e-4d32-83de-60c2765a1220@group-2859D63131D2: ConfigurationManager, init=-1: [fa71cad9-553e-4d32-83de-60c2765a1220:192.168.151.69:44326, fd6ad844-5084-4a79-88b5-192c4e1ce2b2:192.168.151.69:34280, a6e5811f-94fc-4b80-ac7d-ab0b387e43ac:192.168.151.69:40727], old=null, confs=<EMPTY_MAP>
2019-10-04 06:28:41,022 [pool-257-thread-1] INFO  server.RaftServerConfigKeys (ConfUtils.java:logGet(43)) - raft.server.rpc.timeout.min = 5s (custom)
2019-10-04 06:28:41,022 [pool-267-thread-1] INFO  server.RaftServerConfigKeys (ConfUtils.java:logGet(43)) - raft.server.storage.dir = [/workdir/hadoop-ozone/integration-test/target/test-dir/MiniOzoneClusterImpl-353dc6ac-9fc0-413a-bb33-b58264605b5f/datanode-6/data/ratis] (custom)
2019-10-04 06:28:41,022 [pool-257-thread-1] INFO  server.RaftServerConfigKeys (ConfUtils.java:logGet(43)) - raft.server.rpc.timeout.max = 5200ms (custom)
2019-10-04 06:28:41,022 [pool-267-thread-1] INFO  server.RaftServerConfigKeys (ConfUtils.java:logGet(43)) - raft.server.log.corruption.policy = EXCEPTION (default)
2019-10-04 06:28:41,022 [pool-257-thread-1] INFO  server.RaftServerConfigKeys (ConfUtils.java:logGet(43)) - raft.server.rpcslowness.timeout = 120s (custom)
2019-10-04 06:28:41,023 [pool-267-thread-1] INFO  storage.RaftStorageDirectory (RaftStorageDirectory.java:analyzeStorage(246)) - The storage directory /workdir/hadoop-ozone/integration-test/target/test-dir/MiniOzoneClusterImpl-353dc6ac-9fc0-413a-bb33-b58264605b5f/datanode-6/data/ratis/9723b5e0-f070-4820-b28b-2859d63131d2 does not exist. Creating ...
2019-10-04 06:28:41,023 [pool-257-thread-1] INFO  server.RaftServerConfigKeys (ConfUtils.java:logGet(43)) - raft.server.sleep.deviation.threshold = 300 (default)
2019-10-04 06:28:41,023 [pool-257-thread-1] INFO  server.RaftServerConfigKeys (ConfUtils.java:logGet(43)) - raft.server.log.appender.install.snapshot.enabled = false (custom)
2019-10-04 06:28:41,023 [pool-257-thread-1] INFO  impl.RaftServerImpl (ServerState.java:<init>(103)) - a6e5811f-94fc-4b80-ac7d-ab0b387e43ac@group-2859D63131D2: ConfigurationManager, init=-1: [fa71cad9-553e-4d32-83de-60c2765a1220:192.168.151.69:44326, fd6ad844-5084-4a79-88b5-192c4e1ce2b2:192.168.151.69:34280, a6e5811f-94fc-4b80-ac7d-ab0b387e43ac:192.168.151.69:40727], old=null, confs=<EMPTY_MAP>
2019-10-04 06:28:41,024 [pool-257-thread-1] INFO  server.RaftServerConfigKeys (ConfUtils.java:logGet(43)) - raft.server.storage.dir = [/workdir/hadoop-ozone/integration-test/target/test-dir/MiniOzoneClusterImpl-353dc6ac-9fc0-413a-bb33-b58264605b5f/datanode-5/data/ratis] (custom)
2019-10-04 06:28:41,024 [pool-257-thread-1] INFO  server.RaftServerConfigKeys (ConfUtils.java:logGet(43)) - raft.server.log.corruption.policy = EXCEPTION (default)
2019-10-04 06:28:41,024 [pool-257-thread-1] INFO  storage.RaftStorageDirectory (RaftStorageDirectory.java:analyzeStorage(246)) - The storage directory /workdir/hadoop-ozone/integration-test/target/test-dir/MiniOzoneClusterImpl-353dc6ac-9fc0-413a-bb33-b58264605b5f/datanode-5/data/ratis/9723b5e0-f070-4820-b28b-2859d63131d2 does not exist. Creating ...
2019-10-04 06:28:41,035 [pool-237-thread-1] INFO  storage.RaftStorageDirectory (RaftStorageDirectory.java:tryLock(328)) - Lock on /workdir/hadoop-ozone/integration-test/target/test-dir/MiniOzoneClusterImpl-353dc6ac-9fc0-413a-bb33-b58264605b5f/datanode-3/data/ratis/9723b5e0-f070-4820-b28b-2859d63131d2/in_use.lock acquired by nodename 21365@trunk-nightly-20191004-lpvmn-70278721
2019-10-04 06:28:41,035 [pool-267-thread-1] INFO  storage.RaftStorageDirectory (RaftStorageDirectory.java:tryLock(328)) - Lock on /workdir/hadoop-ozone/integration-test/target/test-dir/MiniOzoneClusterImpl-353dc6ac-9fc0-413a-bb33-b58264605b5f/datanode-6/data/ratis/9723b5e0-f070-4820-b28b-2859d63131d2/in_use.lock acquired by nodename 21365@trunk-nightly-20191004-lpvmn-70278721
2019-10-04 06:28:41,035 [pool-257-thread-1] INFO  storage.RaftStorageDirectory (RaftStorageDirectory.java:tryLock(328)) - Lock on /workdir/hadoop-ozone/integration-test/target/test-dir/MiniOzoneClusterImpl-353dc6ac-9fc0-413a-bb33-b58264605b5f/datanode-5/data/ratis/9723b5e0-f070-4820-b28b-2859d63131d2/in_use.lock acquired by nodename 21365@trunk-nightly-20191004-lpvmn-70278721
2019-10-04 06:28:41,049 [pool-237-thread-1] INFO  storage.RaftStorage (RaftStorage.java:format(84)) - Storage directory /workdir/hadoop-ozone/integration-test/target/test-dir/MiniOzoneClusterImpl-353dc6ac-9fc0-413a-bb33-b58264605b5f/datanode-3/data/ratis/9723b5e0-f070-4820-b28b-2859d63131d2 has been successfully formatted.
2019-10-04 06:28:41,049 [pool-267-thread-1] INFO  storage.RaftStorage (RaftStorage.java:format(84)) - Storage directory /workdir/hadoop-ozone/integration-test/target/test-dir/MiniOzoneClusterImpl-353dc6ac-9fc0-413a-bb33-b58264605b5f/datanode-6/data/ratis/9723b5e0-f070-4820-b28b-2859d63131d2 has been successfully formatted.
2019-10-04 06:28:41,049 [pool-237-thread-1] INFO  ratis.ContainerStateMachine (ContainerStateMachine.java:loadSnapshot(230)) - group-2859D63131D2: The snapshot info is null. Setting the last applied indexto:(t:0, i:~)
2019-10-04 06:28:41,049 [pool-257-thread-1] INFO  storage.RaftStorage (RaftStorage.java:format(84)) - Storage directory /workdir/hadoop-ozone/integration-test/target/test-dir/MiniOzoneClusterImpl-353dc6ac-9fc0-413a-bb33-b58264605b5f/datanode-5/data/ratis/9723b5e0-f070-4820-b28b-2859d63131d2 has been successfully formatted.
2019-10-04 06:28:41,049 [pool-267-thread-1] INFO  ratis.ContainerStateMachine (ContainerStateMachine.java:loadSnapshot(230)) - group-2859D63131D2: The snapshot info is null. Setting the last applied indexto:(t:0, i:~)
2019-10-04 06:28:41,049 [pool-237-thread-1] INFO  server.RaftServerConfigKeys (ConfUtils.java:logGet(43)) - raft.server.notification.no-leader.timeout = 120s (custom)
2019-10-04 06:28:41,050 [pool-267-thread-1] INFO  server.RaftServerConfigKeys (ConfUtils.java:logGet(43)) - raft.server.notification.no-leader.timeout = 120s (custom)
2019-10-04 06:28:41,049 [pool-257-thread-1] INFO  ratis.ContainerStateMachine (ContainerStateMachine.java:loadSnapshot(230)) - group-2859D63131D2: The snapshot info is null. Setting the last applied indexto:(t:0, i:~)
2019-10-04 06:28:41,050 [pool-267-thread-1] INFO  server.RaftServerConfigKeys (ConfUtils.java:logGet(43)) - raft.server.log.use.memory = false (default)
2019-10-04 06:28:41,050 [pool-237-thread-1] INFO  server.RaftServerConfigKeys (ConfUtils.java:logGet(43)) - raft.server.log.use.memory = false (default)
2019-10-04 06:28:41,050 [pool-267-thread-1] INFO  server.RaftServerConfigKeys (ConfUtils.java:logGet(43)) - raft.server.log.purge.gap = 1000000 (custom)
2019-10-04 06:28:41,050 [pool-257-thread-1] INFO  server.RaftServerConfigKeys (ConfUtils.java:logGet(43)) - raft.server.notification.no-leader.timeout = 120s (custom)
2019-10-04 06:28:41,050 [pool-267-thread-1] INFO  server.RaftServerConfigKeys (ConfUtils.java:logGet(43)) - raft.server.log.appender.buffer.byte-limit = 33554432 (custom)
2019-10-04 06:28:41,050 [pool-237-thread-1] INFO  server.RaftServerConfigKeys (ConfUtils.java:logGet(43)) - raft.server.log.purge.gap = 1000000 (custom)
2019-10-04 06:28:41,051 [pool-267-thread-1] INFO  server.RaftServerConfigKeys (ConfUtils.java:logGet(43)) - raft.server.log.segment.size.max = 1048576 (custom)
2019-10-04 06:28:41,050 [pool-257-thread-1] INFO  server.RaftServerConfigKeys (ConfUtils.java:logGet(43)) - raft.server.log.use.memory = false (default)
2019-10-04 06:28:41,051 [pool-267-thread-1] INFO  server.RaftServerConfigKeys (ConfUtils.java:logGet(43)) - raft.server.log.segment.cache.num.max = 2 (custom)
2019-10-04 06:28:41,051 [pool-237-thread-1] INFO  server.RaftServerConfigKeys (ConfUtils.java:logGet(43)) - raft.server.log.appender.buffer.byte-limit = 33554432 (custom)
2019-10-04 06:28:41,051 [pool-267-thread-1] INFO  segmented.SegmentedRaftLogWorker (SegmentedRaftLogWorker.java:<init>(173)) - new fa71cad9-553e-4d32-83de-60c2765a1220@group-2859D63131D2-SegmentedRaftLogWorker for RaftStorage:Storage Directory /workdir/hadoop-ozone/integration-test/target/test-dir/MiniOzoneClusterImpl-353dc6ac-9fc0-413a-bb33-b58264605b5f/datanode-6/data/ratis/9723b5e0-f070-4820-b28b-2859d63131d2
2019-10-04 06:28:41,051 [pool-257-thread-1] INFO  server.RaftServerConfigKeys (ConfUtils.java:logGet(43)) - raft.server.log.purge.gap = 1000000 (custom)
2019-10-04 06:28:41,051 [pool-267-thread-1] INFO  server.RaftServerConfigKeys (ConfUtils.java:logGet(43)) - raft.server.log.queue.byte-limit = 2147483647 (custom)
2019-10-04 06:28:41,051 [pool-237-thread-1] INFO  server.RaftServerConfigKeys (ConfUtils.java:logGet(43)) - raft.server.log.segment.size.max = 1048576 (custom)
2019-10-04 06:28:41,052 [pool-267-thread-1] INFO  server.RaftServerConfigKeys (ConfUtils.java:logGet(43)) - raft.server.log.queue.element-limit = 1024 (custom)
2019-10-04 06:28:41,052 [pool-257-thread-1] INFO  server.RaftServerConfigKeys (ConfUtils.java:logGet(43)) - raft.server.log.appender.buffer.byte-limit = 33554432 (custom)
2019-10-04 06:28:41,052 [pool-267-thread-1] INFO  server.RaftServerConfigKeys (ConfUtils.java:logGet(43)) - raft.server.log.segment.size.max = 1048576 (custom)
2019-10-04 06:28:41,052 [pool-237-thread-1] INFO  server.RaftServerConfigKeys (ConfUtils.java:logGet(43)) - raft.server.log.segment.cache.num.max = 2 (custom)
2019-10-04 06:28:41,052 [pool-267-thread-1] INFO  server.RaftServerConfigKeys (ConfUtils.java:logGet(43)) - raft.server.log.preallocated.size = 16384 (custom)
2019-10-04 06:28:41,052 [pool-257-thread-1] INFO  server.RaftServerConfigKeys (ConfUtils.java:logGet(43)) - raft.server.log.segment.size.max = 1048576 (custom)
2019-10-04 06:28:41,053 [pool-267-thread-1] INFO  server.RaftServerConfigKeys (ConfUtils.java:logGet(43)) - raft.server.log.write.buffer.size = 33554432 (custom)
2019-10-04 06:28:41,052 [pool-237-thread-1] INFO  segmented.SegmentedRaftLogWorker (SegmentedRaftLogWorker.java:<init>(173)) - new fd6ad844-5084-4a79-88b5-192c4e1ce2b2@group-2859D63131D2-SegmentedRaftLogWorker for RaftStorage:Storage Directory /workdir/hadoop-ozone/integration-test/target/test-dir/MiniOzoneClusterImpl-353dc6ac-9fc0-413a-bb33-b58264605b5f/datanode-3/data/ratis/9723b5e0-f070-4820-b28b-2859d63131d2
2019-10-04 06:28:41,053 [pool-267-thread-1] INFO  server.RaftServerConfigKeys (ConfUtils.java:logGet(43)) - raft.server.log.force.sync.num = 128 (default)
2019-10-04 06:28:41,053 [pool-257-thread-1] INFO  server.RaftServerConfigKeys (ConfUtils.java:logGet(43)) - raft.server.log.segment.cache.num.max = 2 (custom)
2019-10-04 06:28:41,053 [pool-267-thread-1] INFO  server.RaftServerConfigKeys (ConfUtils.java:logGet(43)) - raft.server.log.statemachine.data.sync = true (default)
2019-10-04 06:28:41,053 [pool-237-thread-1] INFO  server.RaftServerConfigKeys (ConfUtils.java:logGet(43)) - raft.server.log.queue.byte-limit = 2147483647 (custom)
2019-10-04 06:28:41,053 [pool-267-thread-1] INFO  server.RaftServerConfigKeys (ConfUtils.java:logGet(43)) - raft.server.log.statemachine.data.sync.timeout = 10s (default)
2019-10-04 06:28:41,053 [pool-257-thread-1] INFO  segmented.SegmentedRaftLogWorker (SegmentedRaftLogWorker.java:<init>(173)) - new a6e5811f-94fc-4b80-ac7d-ab0b387e43ac@group-2859D63131D2-SegmentedRaftLogWorker for RaftStorage:Storage Directory /workdir/hadoop-ozone/integration-test/target/test-dir/MiniOzoneClusterImpl-353dc6ac-9fc0-413a-bb33-b58264605b5f/datanode-5/data/ratis/9723b5e0-f070-4820-b28b-2859d63131d2
2019-10-04 06:28:41,054 [pool-267-thread-1] INFO  server.RaftServerConfigKeys (ConfUtils.java:logGet(43)) - raft.server.log.statemachine.data.sync.timeout.retry = -1 (default)
2019-10-04 06:28:41,054 [pool-237-thread-1] INFO  server.RaftServerConfigKeys (ConfUtils.java:logGet(43)) - raft.server.log.queue.element-limit = 1024 (custom)
2019-10-04 06:28:41,054 [pool-267-thread-1] INFO  server.RaftServerConfigKeys (ConfUtils.java:logGet(43)) - raft.server.log.statemachine.data.caching.enabled = true (custom)
2019-10-04 06:28:41,054 [pool-257-thread-1] INFO  server.RaftServerConfigKeys (ConfUtils.java:logGet(43)) - raft.server.log.queue.byte-limit = 2147483647 (custom)
2019-10-04 06:28:41,054 [pool-237-thread-1] INFO  server.RaftServerConfigKeys (ConfUtils.java:logGet(43)) - raft.server.log.segment.size.max = 1048576 (custom)
2019-10-04 06:28:41,054 [pool-257-thread-1] INFO  server.RaftServerConfigKeys (ConfUtils.java:logGet(43)) - raft.server.log.queue.element-limit = 1024 (custom)
2019-10-04 06:28:41,054 [pool-267-thread-1] INFO  segmented.SegmentedRaftLogWorker (SegmentedRaftLogWorker.java:lambda$new$0(128)) - fa71cad9-553e-4d32-83de-60c2765a1220@group-2859D63131D2-SegmentedRaftLogWorker: flushIndex: setUnconditionally 0 -> -1
2019-10-04 06:28:41,055 [pool-257-thread-1] INFO  server.RaftServerConfigKeys (ConfUtils.java:logGet(43)) - raft.server.log.segment.size.max = 1048576 (custom)
2019-10-04 06:28:41,055 [pool-267-thread-1] INFO  server.RaftServerConfigKeys (ConfUtils.java:logGet(43)) - raft.server.snapshot.auto.trigger.enabled = true (custom)
2019-10-04 06:28:41,054 [pool-237-thread-1] INFO  server.RaftServerConfigKeys (ConfUtils.java:logGet(43)) - raft.server.log.preallocated.size = 16384 (custom)
2019-10-04 06:28:41,055 [pool-267-thread-1] INFO  server.RaftServerConfigKeys (ConfUtils.java:logGet(43)) - raft.server.snapshot.auto.trigger.threshold = 10000 (custom)
2019-10-04 06:28:41,055 [pool-257-thread-1] INFO  server.RaftServerConfigKeys (ConfUtils.java:logGet(43)) - raft.server.log.preallocated.size = 16384 (custom)
2019-10-04 06:28:41,055 [pool-267-thread-1] INFO  server.RaftServerConfigKeys (ConfUtils.java:logGet(43)) - raft.server.snapshot.retention.file.num = 5 (custom)
2019-10-04 06:28:41,055 [pool-237-thread-1] INFO  server.RaftServerConfigKeys (ConfUtils.java:logGet(43)) - raft.server.log.write.buffer.size = 33554432 (custom)
2019-10-04 06:28:41,056 [pool-267-thread-1] INFO  server.RaftServerConfigKeys (ConfUtils.java:logGet(43)) - raft.server.retrycache.expirytime = 600000ms (custom)
2019-10-04 06:28:41,055 [pool-257-thread-1] INFO  server.RaftServerConfigKeys (ConfUtils.java:logGet(43)) - raft.server.log.write.buffer.size = 33554432 (custom)
2019-10-04 06:28:41,056 [pool-237-thread-1] INFO  server.RaftServerConfigKeys (ConfUtils.java:logGet(43)) - raft.server.log.force.sync.num = 128 (default)
2019-10-04 06:28:41,056 [pool-257-thread-1] INFO  server.RaftServerConfigKeys (ConfUtils.java:logGet(43)) - raft.server.log.force.sync.num = 128 (default)
2019-10-04 06:28:41,056 [pool-237-thread-1] INFO  server.RaftServerConfigKeys (ConfUtils.java:logGet(43)) - raft.server.log.statemachine.data.sync = true (default)
2019-10-04 06:28:41,056 [pool-257-thread-1] INFO  server.RaftServerConfigKeys (ConfUtils.java:logGet(43)) - raft.server.log.statemachine.data.sync = true (default)
2019-10-04 06:28:41,056 [pool-237-thread-1] INFO  server.RaftServerConfigKeys (ConfUtils.java:logGet(43)) - raft.server.log.statemachine.data.sync.timeout = 10s (default)
2019-10-04 06:28:41,057 [pool-257-thread-1] INFO  server.RaftServerConfigKeys (ConfUtils.java:logGet(43)) - raft.server.log.statemachine.data.sync.timeout = 10s (default)
2019-10-04 06:28:41,057 [pool-237-thread-1] INFO  server.RaftServerConfigKeys (ConfUtils.java:logGet(43)) - raft.server.log.statemachine.data.sync.timeout.retry = -1 (default)
2019-10-04 06:28:41,057 [pool-257-thread-1] INFO  server.RaftServerConfigKeys (ConfUtils.java:logGet(43)) - raft.server.log.statemachine.data.sync.timeout.retry = -1 (default)
2019-10-04 06:28:41,057 [pool-237-thread-1] INFO  server.RaftServerConfigKeys (ConfUtils.java:logGet(43)) - raft.server.log.statemachine.data.caching.enabled = true (custom)
2019-10-04 06:28:41,057 [pool-257-thread-1] INFO  server.RaftServerConfigKeys (ConfUtils.java:logGet(43)) - raft.server.log.statemachine.data.caching.enabled = true (custom)
2019-10-04 06:28:41,058 [pool-237-thread-1] INFO  segmented.SegmentedRaftLogWorker (SegmentedRaftLogWorker.java:lambda$new$0(128)) - fd6ad844-5084-4a79-88b5-192c4e1ce2b2@group-2859D63131D2-SegmentedRaftLogWorker: flushIndex: setUnconditionally 0 -> -1
2019-10-04 06:28:41,058 [pool-267-thread-1] INFO  impl.RaftServerImpl (RaftServerImpl.java:start(181)) - fa71cad9-553e-4d32-83de-60c2765a1220@group-2859D63131D2: start as a follower, conf=-1: [fa71cad9-553e-4d32-83de-60c2765a1220:192.168.151.69:44326, fd6ad844-5084-4a79-88b5-192c4e1ce2b2:192.168.151.69:34280, a6e5811f-94fc-4b80-ac7d-ab0b387e43ac:192.168.151.69:40727], old=null
2019-10-04 06:28:41,058 [pool-257-thread-1] INFO  segmented.SegmentedRaftLogWorker (SegmentedRaftLogWorker.java:lambda$new$0(128)) - a6e5811f-94fc-4b80-ac7d-ab0b387e43ac@group-2859D63131D2-SegmentedRaftLogWorker: flushIndex: setUnconditionally 0 -> -1
2019-10-04 06:28:41,058 [pool-237-thread-1] INFO  server.RaftServerConfigKeys (ConfUtils.java:logGet(43)) - raft.server.snapshot.auto.trigger.enabled = true (custom)
2019-10-04 06:28:41,058 [pool-267-thread-1] INFO  impl.RaftServerImpl (RaftServerImpl.java:setRole(170)) - fa71cad9-553e-4d32-83de-60c2765a1220@group-2859D63131D2: changes role from      null to FOLLOWER at term 0 for startAsFollower
2019-10-04 06:28:41,058 [pool-257-thread-1] INFO  server.RaftServerConfigKeys (ConfUtils.java:logGet(43)) - raft.server.snapshot.auto.trigger.enabled = true (custom)
2019-10-04 06:28:41,058 [pool-237-thread-1] INFO  server.RaftServerConfigKeys (ConfUtils.java:logGet(43)) - raft.server.snapshot.auto.trigger.threshold = 10000 (custom)
2019-10-04 06:28:41,058 [pool-257-thread-1] INFO  server.RaftServerConfigKeys (ConfUtils.java:logGet(43)) - raft.server.snapshot.auto.trigger.threshold = 10000 (custom)
2019-10-04 06:28:41,058 [pool-267-thread-1] INFO  impl.RoleInfo (RoleInfo.java:updateAndGet(143)) - fa71cad9-553e-4d32-83de-60c2765a1220: start FollowerState
2019-10-04 06:28:41,059 [pool-257-thread-1] INFO  server.RaftServerConfigKeys (ConfUtils.java:logGet(43)) - raft.server.snapshot.retention.file.num = 5 (custom)
2019-10-04 06:28:41,058 [pool-237-thread-1] INFO  server.RaftServerConfigKeys (ConfUtils.java:logGet(43)) - raft.server.snapshot.retention.file.num = 5 (custom)
2019-10-04 06:28:41,059 [pool-267-thread-1] INFO  util.JmxRegister (JmxRegister.java:tryRegister(44)) - Successfully registered JMX Bean with object name Ratis:service=RaftServer,group=group-2859D63131D2,id=fa71cad9-553e-4d32-83de-60c2765a1220
2019-10-04 06:28:41,059 [pool-257-thread-1] INFO  server.RaftServerConfigKeys (ConfUtils.java:logGet(43)) - raft.server.retrycache.expirytime = 600000ms (custom)
2019-10-04 06:28:41,059 [pool-237-thread-1] INFO  server.RaftServerConfigKeys (ConfUtils.java:logGet(43)) - raft.server.retrycache.expirytime = 600000ms (custom)
2019-10-04 06:28:41,067 [pool-257-thread-1] INFO  impl.RaftServerImpl (RaftServerImpl.java:start(181)) - a6e5811f-94fc-4b80-ac7d-ab0b387e43ac@group-2859D63131D2: start as a follower, conf=-1: [fa71cad9-553e-4d32-83de-60c2765a1220:192.168.151.69:44326, fd6ad844-5084-4a79-88b5-192c4e1ce2b2:192.168.151.69:34280, a6e5811f-94fc-4b80-ac7d-ab0b387e43ac:192.168.151.69:40727], old=null
2019-10-04 06:28:41,067 [pool-237-thread-1] INFO  impl.RaftServerImpl (RaftServerImpl.java:start(181)) - fd6ad844-5084-4a79-88b5-192c4e1ce2b2@group-2859D63131D2: start as a follower, conf=-1: [fa71cad9-553e-4d32-83de-60c2765a1220:192.168.151.69:44326, fd6ad844-5084-4a79-88b5-192c4e1ce2b2:192.168.151.69:34280, a6e5811f-94fc-4b80-ac7d-ab0b387e43ac:192.168.151.69:40727], old=null
2019-10-04 06:28:41,067 [pool-257-thread-1] INFO  impl.RaftServerImpl (RaftServerImpl.java:setRole(170)) - a6e5811f-94fc-4b80-ac7d-ab0b387e43ac@group-2859D63131D2: changes role from      null to FOLLOWER at term 0 for startAsFollower
2019-10-04 06:28:41,067 [pool-237-thread-1] INFO  impl.RaftServerImpl (RaftServerImpl.java:setRole(170)) - fd6ad844-5084-4a79-88b5-192c4e1ce2b2@group-2859D63131D2: changes role from      null to FOLLOWER at term 0 for startAsFollower
2019-10-04 06:28:41,067 [pool-257-thread-1] INFO  impl.RoleInfo (RoleInfo.java:updateAndGet(143)) - a6e5811f-94fc-4b80-ac7d-ab0b387e43ac: start FollowerState
2019-10-04 06:28:41,067 [pool-237-thread-1] INFO  impl.RoleInfo (RoleInfo.java:updateAndGet(143)) - fd6ad844-5084-4a79-88b5-192c4e1ce2b2: start FollowerState
2019-10-04 06:28:41,068 [pool-257-thread-1] INFO  util.JmxRegister (JmxRegister.java:tryRegister(44)) - Successfully registered JMX Bean with object name Ratis:service=RaftServer,group=group-2859D63131D2,id=a6e5811f-94fc-4b80-ac7d-ab0b387e43ac
2019-10-04 06:28:41,068 [pool-237-thread-1] INFO  util.JmxRegister (JmxRegister.java:tryRegister(44)) - Successfully registered JMX Bean with object name Ratis:service=RaftServer,group=group-2859D63131D2,id=fd6ad844-5084-4a79-88b5-192c4e1ce2b2
2019-10-04 06:28:41,076 [RatisPipelineUtilsThread] INFO  pipeline.PipelineStateManager (PipelineStateManager.java:addPipeline(56)) - Created pipeline Pipeline[ Id: 9723b5e0-f070-4820-b28b-2859d63131d2, Nodes: a6e5811f-94fc-4b80-ac7d-ab0b387e43ac{ip: 192.168.151.69, host: trunk-nightly-20191004-lpvmn-70278721, networkLocation: /default-rack, certSerialId: null}fa71cad9-553e-4d32-83de-60c2765a1220{ip: 192.168.151.69, host: trunk-nightly-20191004-lpvmn-70278721, networkLocation: /default-rack, certSerialId: null}fd6ad844-5084-4a79-88b5-192c4e1ce2b2{ip: 192.168.151.69, host: trunk-nightly-20191004-lpvmn-70278721, networkLocation: /default-rack, certSerialId: null}, Type:RATIS, Factor:THREE, State:OPEN]
2019-10-04 06:28:41,907 [main] INFO  ozone.MiniOzoneClusterImpl (MiniOzoneClusterImpl.java:lambda$waitForClusterToBeReady$0(147)) - Cluster is ready. Got 7 of 7 DN Heartbeats.
2019-10-04 06:28:41,941 [main] INFO  rpc.RpcClient (RpcClient.java:createVolume(277)) - Creating Volume: watchforcommithandlingtest, with jenkins1000 as owner.
2019-10-04 06:28:41,945 [IPC Server handler 0 on 40146] INFO  volume.OMVolumeCreateRequest (OMVolumeCreateRequest.java:validateAndUpdateCache(193)) - created volume:watchforcommithandlingtest for user:jenkins1000
2019-10-04 06:28:41,958 [main] INFO  rpc.RpcClient (RpcClient.java:createBucket(416)) - Creating Bucket: watchforcommithandlingtest/watchforcommithandlingtest, with Versioning false and Storage Type set to DISK and Encryption set to false 
2019-10-04 06:28:41,961 [main] INFO  ozone.MiniOzoneClusterImpl (MiniOzoneClusterImpl.java:getStorageContainerLocationClient(234)) - Creating StorageContainerLocationProtocol RPC client with address /0.0.0.0:43435
2019-10-04 06:28:43,504 [Thread-1454] INFO  container.ReplicationManager (ReplicationManager.java:start(162)) - Starting Replication Monitor Thread.
2019-10-04 06:28:43,508 [ReplicationMonitor] INFO  container.ReplicationManager (ReplicationManager.java:run(225)) - Replication Monitor Thread took 0 milliseconds for processing 1 containers.
2019-10-04 06:28:45,615 [Thread-1456] INFO  impl.FollowerState (FollowerState.java:run(108)) - 1a60f1dd-57b0-4e50-a131-82451b1e3cfa@group-DF48A6DEF03B-FollowerState: change to CANDIDATE, lastRpcTime:5058ms, electionTimeout:5058ms
2019-10-04 06:28:45,615 [Thread-1456] INFO  impl.RoleInfo (RoleInfo.java:shutdownFollowerState(121)) - 1a60f1dd-57b0-4e50-a131-82451b1e3cfa: shutdown FollowerState
2019-10-04 06:28:45,616 [Thread-1456] INFO  impl.RaftServerImpl (RaftServerImpl.java:setRole(170)) - 1a60f1dd-57b0-4e50-a131-82451b1e3cfa@group-DF48A6DEF03B: changes role from  FOLLOWER to CANDIDATE at term 0 for changeToCandidate
2019-10-04 06:28:45,616 [Thread-1456] INFO  impl.RoleInfo (RoleInfo.java:updateAndGet(143)) - 1a60f1dd-57b0-4e50-a131-82451b1e3cfa: start LeaderElection
2019-10-04 06:28:45,637 [1a60f1dd-57b0-4e50-a131-82451b1e3cfa@group-DF48A6DEF03B-LeaderElection59] INFO  impl.LeaderElection (LeaderElection.java:askForVotes(178)) - 1a60f1dd-57b0-4e50-a131-82451b1e3cfa@group-DF48A6DEF03B-LeaderElection59: begin an election at term 1 for -1: [1a60f1dd-57b0-4e50-a131-82451b1e3cfa:192.168.151.69:41577], old=null
2019-10-04 06:28:45,638 [1a60f1dd-57b0-4e50-a131-82451b1e3cfa@group-DF48A6DEF03B-LeaderElection59] INFO  impl.RoleInfo (RoleInfo.java:shutdownLeaderElection(134)) - 1a60f1dd-57b0-4e50-a131-82451b1e3cfa: shutdown LeaderElection
2019-10-04 06:28:45,638 [1a60f1dd-57b0-4e50-a131-82451b1e3cfa@group-DF48A6DEF03B-LeaderElection59] INFO  impl.RaftServerImpl (RaftServerImpl.java:setRole(170)) - 1a60f1dd-57b0-4e50-a131-82451b1e3cfa@group-DF48A6DEF03B: changes role from CANDIDATE to LEADER at term 1 for changeToLeader
2019-10-04 06:28:45,638 [1a60f1dd-57b0-4e50-a131-82451b1e3cfa@group-DF48A6DEF03B-LeaderElection59] INFO  impl.RaftServerImpl (ServerState.java:setLeader(255)) - 1a60f1dd-57b0-4e50-a131-82451b1e3cfa@group-DF48A6DEF03B: change Leader from null to 1a60f1dd-57b0-4e50-a131-82451b1e3cfa at term 1 for becomeLeader, leader elected after 5090ms
2019-10-04 06:28:45,639 [1a60f1dd-57b0-4e50-a131-82451b1e3cfa@group-DF48A6DEF03B-LeaderElection59] INFO  server.RaftServerConfigKeys (ConfUtils.java:logGet(43)) - raft.server.staging.catchup.gap = 1000 (default)
2019-10-04 06:28:45,639 [1a60f1dd-57b0-4e50-a131-82451b1e3cfa@group-DF48A6DEF03B-LeaderElection59] INFO  server.RaftServerConfigKeys (ConfUtils.java:logGet(43)) - raft.server.rpc.sleep.time = 25ms (default)
2019-10-04 06:28:45,639 [1a60f1dd-57b0-4e50-a131-82451b1e3cfa@group-DF48A6DEF03B-LeaderElection59] INFO  server.RaftServerConfigKeys (ConfUtils.java:logGet(43)) - raft.server.write.element-limit = 4096 (default)
2019-10-04 06:28:45,640 [1a60f1dd-57b0-4e50-a131-82451b1e3cfa@group-DF48A6DEF03B-LeaderElection59] INFO  server.RaftServerConfigKeys (ConfUtils.java:logGet(43)) - raft.server.watch.timeout = 10s (default)
2019-10-04 06:28:45,640 [1a60f1dd-57b0-4e50-a131-82451b1e3cfa@group-DF48A6DEF03B-LeaderElection59] INFO  server.RaftServerConfigKeys (ConfUtils.java:logGet(43)) - raft.server.watch.timeout.denomination = 1s (default)
2019-10-04 06:28:45,640 [1a60f1dd-57b0-4e50-a131-82451b1e3cfa@group-DF48A6DEF03B-LeaderElection59] INFO  server.RaftServerConfigKeys (ConfUtils.java:logGet(43)) - raft.server.watch.element-limit = 65536 (default)
2019-10-04 06:28:45,643 [1a60f1dd-57b0-4e50-a131-82451b1e3cfa@group-DF48A6DEF03B-LeaderElection59] INFO  impl.RoleInfo (RoleInfo.java:updateAndGet(143)) - 1a60f1dd-57b0-4e50-a131-82451b1e3cfa: start LeaderState
2019-10-04 06:28:45,644 [1a60f1dd-57b0-4e50-a131-82451b1e3cfa@group-DF48A6DEF03B-LeaderElection59] INFO  segmented.SegmentedRaftLogWorker (SegmentedRaftLogWorker.java:startLogSegment(385)) - 1a60f1dd-57b0-4e50-a131-82451b1e3cfa@group-DF48A6DEF03B-SegmentedRaftLogWorker: Starting segment from index:0
2019-10-04 06:28:45,645 [1a60f1dd-57b0-4e50-a131-82451b1e3cfa@group-DF48A6DEF03B-LeaderElection59] INFO  impl.RaftServerImpl (ServerState.java:setRaftConf(356)) - 1a60f1dd-57b0-4e50-a131-82451b1e3cfa@group-DF48A6DEF03B: set configuration 0: [1a60f1dd-57b0-4e50-a131-82451b1e3cfa:192.168.151.69:41577], old=null at 0
2019-10-04 06:28:45,653 [Thread-1459] INFO  impl.FollowerState (FollowerState.java:run(108)) - f60682d0-d3c6-4810-99e4-62a378b29a6d@group-869C54BC372A-FollowerState: change to CANDIDATE, lastRpcTime:5027ms, electionTimeout:5027ms
2019-10-04 06:28:45,653 [Thread-1459] INFO  impl.RoleInfo (RoleInfo.java:shutdownFollowerState(121)) - f60682d0-d3c6-4810-99e4-62a378b29a6d: shutdown FollowerState
2019-10-04 06:28:45,653 [Thread-1459] INFO  impl.RaftServerImpl (RaftServerImpl.java:setRole(170)) - f60682d0-d3c6-4810-99e4-62a378b29a6d@group-869C54BC372A: changes role from  FOLLOWER to CANDIDATE at term 0 for changeToCandidate
2019-10-04 06:28:45,654 [Thread-1459] INFO  impl.RoleInfo (RoleInfo.java:updateAndGet(143)) - f60682d0-d3c6-4810-99e4-62a378b29a6d: start LeaderElection
2019-10-04 06:28:45,698 [1a60f1dd-57b0-4e50-a131-82451b1e3cfa@group-DF48A6DEF03B-SegmentedRaftLogWorker] INFO  segmented.SegmentedRaftLogWorker (SegmentedRaftLogWorker.java:execute(574)) - 1a60f1dd-57b0-4e50-a131-82451b1e3cfa@group-DF48A6DEF03B-SegmentedRaftLogWorker: created new log segment /workdir/hadoop-ozone/integration-test/target/test-dir/MiniOzoneClusterImpl-353dc6ac-9fc0-413a-bb33-b58264605b5f/datanode-0/data/ratis/02a060c2-d67e-4106-82d3-df48a6def03b/current/log_inprogress_0
2019-10-04 06:28:45,698 [f60682d0-d3c6-4810-99e4-62a378b29a6d@group-869C54BC372A-LeaderElection60] INFO  impl.LeaderElection (LeaderElection.java:askForVotes(178)) - f60682d0-d3c6-4810-99e4-62a378b29a6d@group-869C54BC372A-LeaderElection60: begin an election at term 1 for -1: [f60682d0-d3c6-4810-99e4-62a378b29a6d:192.168.151.69:44097], old=null
2019-10-04 06:28:45,698 [f60682d0-d3c6-4810-99e4-62a378b29a6d@group-869C54BC372A-LeaderElection60] INFO  impl.RoleInfo (RoleInfo.java:shutdownLeaderElection(134)) - f60682d0-d3c6-4810-99e4-62a378b29a6d: shutdown LeaderElection
2019-10-04 06:28:45,698 [f60682d0-d3c6-4810-99e4-62a378b29a6d@group-869C54BC372A-LeaderElection60] INFO  impl.RaftServerImpl (RaftServerImpl.java:setRole(170)) - f60682d0-d3c6-4810-99e4-62a378b29a6d@group-869C54BC372A: changes role from CANDIDATE to LEADER at term 1 for changeToLeader
2019-10-04 06:28:45,699 [f60682d0-d3c6-4810-99e4-62a378b29a6d@group-869C54BC372A-LeaderElection60] INFO  impl.RaftServerImpl (ServerState.java:setLeader(255)) - f60682d0-d3c6-4810-99e4-62a378b29a6d@group-869C54BC372A: change Leader from null to f60682d0-d3c6-4810-99e4-62a378b29a6d at term 1 for becomeLeader, leader elected after 5080ms
2019-10-04 06:28:45,699 [f60682d0-d3c6-4810-99e4-62a378b29a6d@group-869C54BC372A-LeaderElection60] INFO  server.RaftServerConfigKeys (ConfUtils.java:logGet(43)) - raft.server.staging.catchup.gap = 1000 (default)
2019-10-04 06:28:45,699 [f60682d0-d3c6-4810-99e4-62a378b29a6d@group-869C54BC372A-LeaderElection60] INFO  server.RaftServerConfigKeys (ConfUtils.java:logGet(43)) - raft.server.rpc.sleep.time = 25ms (default)
2019-10-04 06:28:45,699 [f60682d0-d3c6-4810-99e4-62a378b29a6d@group-869C54BC372A-LeaderElection60] INFO  server.RaftServerConfigKeys (ConfUtils.java:logGet(43)) - raft.server.write.element-limit = 4096 (default)
2019-10-04 06:28:45,699 [f60682d0-d3c6-4810-99e4-62a378b29a6d@group-869C54BC372A-LeaderElection60] INFO  server.RaftServerConfigKeys (ConfUtils.java:logGet(43)) - raft.server.watch.timeout = 10s (default)
2019-10-04 06:28:45,699 [f60682d0-d3c6-4810-99e4-62a378b29a6d@group-869C54BC372A-LeaderElection60] INFO  server.RaftServerConfigKeys (ConfUtils.java:logGet(43)) - raft.server.watch.timeout.denomination = 1s (default)
2019-10-04 06:28:45,700 [f60682d0-d3c6-4810-99e4-62a378b29a6d@group-869C54BC372A-LeaderElection60] INFO  server.RaftServerConfigKeys (ConfUtils.java:logGet(43)) - raft.server.watch.element-limit = 65536 (default)
2019-10-04 06:28:45,701 [f60682d0-d3c6-4810-99e4-62a378b29a6d@group-869C54BC372A-LeaderElection60] INFO  impl.RoleInfo (RoleInfo.java:updateAndGet(143)) - f60682d0-d3c6-4810-99e4-62a378b29a6d: start LeaderState
2019-10-04 06:28:45,702 [f60682d0-d3c6-4810-99e4-62a378b29a6d@group-869C54BC372A-LeaderElection60] INFO  segmented.SegmentedRaftLogWorker (SegmentedRaftLogWorker.java:startLogSegment(385)) - f60682d0-d3c6-4810-99e4-62a378b29a6d@group-869C54BC372A-SegmentedRaftLogWorker: Starting segment from index:0
2019-10-04 06:28:45,702 [f60682d0-d3c6-4810-99e4-62a378b29a6d@group-869C54BC372A-LeaderElection60] INFO  impl.RaftServerImpl (ServerState.java:setRaftConf(356)) - f60682d0-d3c6-4810-99e4-62a378b29a6d@group-869C54BC372A: set configuration 0: [f60682d0-d3c6-4810-99e4-62a378b29a6d:192.168.151.69:44097], old=null at 0
2019-10-04 06:28:45,735 [f60682d0-d3c6-4810-99e4-62a378b29a6d@group-869C54BC372A-SegmentedRaftLogWorker] INFO  segmented.SegmentedRaftLogWorker (SegmentedRaftLogWorker.java:execute(574)) - f60682d0-d3c6-4810-99e4-62a378b29a6d@group-869C54BC372A-SegmentedRaftLogWorker: created new log segment /workdir/hadoop-ozone/integration-test/target/test-dir/MiniOzoneClusterImpl-353dc6ac-9fc0-413a-bb33-b58264605b5f/datanode-1/data/ratis/f588a7c6-24db-4f95-bf68-869c54bc372a/current/log_inprogress_0
2019-10-04 06:28:45,753 [Thread-1462] INFO  impl.FollowerState (FollowerState.java:run(108)) - 5d6dac2c-28ba-4e48-a46a-83fcc0658c61@group-0C820820B4ED-FollowerState: change to CANDIDATE, lastRpcTime:5070ms, electionTimeout:5070ms
2019-10-04 06:28:45,753 [Thread-1462] INFO  impl.RoleInfo (RoleInfo.java:shutdownFollowerState(121)) - 5d6dac2c-28ba-4e48-a46a-83fcc0658c61: shutdown FollowerState
2019-10-04 06:28:45,753 [Thread-1462] INFO  impl.RaftServerImpl (RaftServerImpl.java:setRole(170)) - 5d6dac2c-28ba-4e48-a46a-83fcc0658c61@group-0C820820B4ED: changes role from  FOLLOWER to CANDIDATE at term 0 for changeToCandidate
2019-10-04 06:28:45,754 [Thread-1462] INFO  impl.RoleInfo (RoleInfo.java:updateAndGet(143)) - 5d6dac2c-28ba-4e48-a46a-83fcc0658c61: start LeaderElection
2019-10-04 06:28:45,770 [5d6dac2c-28ba-4e48-a46a-83fcc0658c61@group-0C820820B4ED-LeaderElection61] INFO  impl.LeaderElection (LeaderElection.java:askForVotes(178)) - 5d6dac2c-28ba-4e48-a46a-83fcc0658c61@group-0C820820B4ED-LeaderElection61: begin an election at term 1 for -1: [5d6dac2c-28ba-4e48-a46a-83fcc0658c61:192.168.151.69:36683], old=null
2019-10-04 06:28:45,770 [5d6dac2c-28ba-4e48-a46a-83fcc0658c61@group-0C820820B4ED-LeaderElection61] INFO  impl.RoleInfo (RoleInfo.java:shutdownLeaderElection(134)) - 5d6dac2c-28ba-4e48-a46a-83fcc0658c61: shutdown LeaderElection
2019-10-04 06:28:45,770 [5d6dac2c-28ba-4e48-a46a-83fcc0658c61@group-0C820820B4ED-LeaderElection61] INFO  impl.RaftServerImpl (RaftServerImpl.java:setRole(170)) - 5d6dac2c-28ba-4e48-a46a-83fcc0658c61@group-0C820820B4ED: changes role from CANDIDATE to LEADER at term 1 for changeToLeader
2019-10-04 06:28:45,770 [5d6dac2c-28ba-4e48-a46a-83fcc0658c61@group-0C820820B4ED-LeaderElection61] INFO  impl.RaftServerImpl (ServerState.java:setLeader(255)) - 5d6dac2c-28ba-4e48-a46a-83fcc0658c61@group-0C820820B4ED: change Leader from null to 5d6dac2c-28ba-4e48-a46a-83fcc0658c61 at term 1 for becomeLeader, leader elected after 5095ms
2019-10-04 06:28:45,771 [5d6dac2c-28ba-4e48-a46a-83fcc0658c61@group-0C820820B4ED-LeaderElection61] INFO  server.RaftServerConfigKeys (ConfUtils.java:logGet(43)) - raft.server.staging.catchup.gap = 1000 (default)
2019-10-04 06:28:45,771 [5d6dac2c-28ba-4e48-a46a-83fcc0658c61@group-0C820820B4ED-LeaderElection61] INFO  server.RaftServerConfigKeys (ConfUtils.java:logGet(43)) - raft.server.rpc.sleep.time = 25ms (default)
2019-10-04 06:28:45,771 [5d6dac2c-28ba-4e48-a46a-83fcc0658c61@group-0C820820B4ED-LeaderElection61] INFO  server.RaftServerConfigKeys (ConfUtils.java:logGet(43)) - raft.server.write.element-limit = 4096 (default)
2019-10-04 06:28:45,771 [5d6dac2c-28ba-4e48-a46a-83fcc0658c61@group-0C820820B4ED-LeaderElection61] INFO  server.RaftServerConfigKeys (ConfUtils.java:logGet(43)) - raft.server.watch.timeout = 10s (default)
2019-10-04 06:28:45,771 [5d6dac2c-28ba-4e48-a46a-83fcc0658c61@group-0C820820B4ED-LeaderElection61] INFO  server.RaftServerConfigKeys (ConfUtils.java:logGet(43)) - raft.server.watch.timeout.denomination = 1s (default)
2019-10-04 06:28:45,771 [5d6dac2c-28ba-4e48-a46a-83fcc0658c61@group-0C820820B4ED-LeaderElection61] INFO  server.RaftServerConfigKeys (ConfUtils.java:logGet(43)) - raft.server.watch.element-limit = 65536 (default)
2019-10-04 06:28:45,773 [5d6dac2c-28ba-4e48-a46a-83fcc0658c61@group-0C820820B4ED-LeaderElection61] INFO  impl.RoleInfo (RoleInfo.java:updateAndGet(143)) - 5d6dac2c-28ba-4e48-a46a-83fcc0658c61: start LeaderState
2019-10-04 06:28:45,773 [5d6dac2c-28ba-4e48-a46a-83fcc0658c61@group-0C820820B4ED-LeaderElection61] INFO  segmented.SegmentedRaftLogWorker (SegmentedRaftLogWorker.java:startLogSegment(385)) - 5d6dac2c-28ba-4e48-a46a-83fcc0658c61@group-0C820820B4ED-SegmentedRaftLogWorker: Starting segment from index:0
2019-10-04 06:28:45,774 [5d6dac2c-28ba-4e48-a46a-83fcc0658c61@group-0C820820B4ED-LeaderElection61] INFO  impl.RaftServerImpl (ServerState.java:setRaftConf(356)) - 5d6dac2c-28ba-4e48-a46a-83fcc0658c61@group-0C820820B4ED: set configuration 0: [5d6dac2c-28ba-4e48-a46a-83fcc0658c61:192.168.151.69:36683], old=null at 0
2019-10-04 06:28:45,813 [5d6dac2c-28ba-4e48-a46a-83fcc0658c61@group-0C820820B4ED-SegmentedRaftLogWorker] INFO  segmented.SegmentedRaftLogWorker (SegmentedRaftLogWorker.java:execute(574)) - 5d6dac2c-28ba-4e48-a46a-83fcc0658c61@group-0C820820B4ED-SegmentedRaftLogWorker: created new log segment /workdir/hadoop-ozone/integration-test/target/test-dir/MiniOzoneClusterImpl-353dc6ac-9fc0-413a-bb33-b58264605b5f/datanode-2/data/ratis/2b47c58a-2530-4ed3-93a6-0c820820b4ed/current/log_inprogress_0
2019-10-04 06:28:45,834 [Thread-1469] INFO  impl.FollowerState (FollowerState.java:run(108)) - 1a60f1dd-57b0-4e50-a131-82451b1e3cfa@group-A4CF8F989565-FollowerState: change to CANDIDATE, lastRpcTime:5085ms, electionTimeout:5085ms
2019-10-04 06:28:45,834 [Thread-1469] INFO  impl.RoleInfo (RoleInfo.java:shutdownFollowerState(121)) - 1a60f1dd-57b0-4e50-a131-82451b1e3cfa: shutdown FollowerState
2019-10-04 06:28:45,835 [Thread-1469] INFO  impl.RaftServerImpl (RaftServerImpl.java:setRole(170)) - 1a60f1dd-57b0-4e50-a131-82451b1e3cfa@group-A4CF8F989565: changes role from  FOLLOWER to CANDIDATE at term 0 for changeToCandidate
2019-10-04 06:28:45,835 [Thread-1469] INFO  impl.RoleInfo (RoleInfo.java:updateAndGet(143)) - 1a60f1dd-57b0-4e50-a131-82451b1e3cfa: start LeaderElection
2019-10-04 06:28:45,851 [1a60f1dd-57b0-4e50-a131-82451b1e3cfa@group-A4CF8F989565-LeaderElection62] INFO  impl.LeaderElection (LeaderElection.java:askForVotes(178)) - 1a60f1dd-57b0-4e50-a131-82451b1e3cfa@group-A4CF8F989565-LeaderElection62: begin an election at term 1 for -1: [f60682d0-d3c6-4810-99e4-62a378b29a6d:192.168.151.69:44097, 1a60f1dd-57b0-4e50-a131-82451b1e3cfa:192.168.151.69:41577, 5d6dac2c-28ba-4e48-a46a-83fcc0658c61:192.168.151.69:36683], old=null
2019-10-04 06:28:45,867 [grpc-default-executor-4] INFO  impl.RaftServerImpl (RaftServerImpl.java:setRole(170)) - f60682d0-d3c6-4810-99e4-62a378b29a6d@group-A4CF8F989565: changes role from  FOLLOWER to FOLLOWER at term 1 for recognizeCandidate:1a60f1dd-57b0-4e50-a131-82451b1e3cfa
2019-10-04 06:28:45,867 [grpc-default-executor-6] INFO  impl.RaftServerImpl (RaftServerImpl.java:setRole(170)) - 5d6dac2c-28ba-4e48-a46a-83fcc0658c61@group-A4CF8F989565: changes role from  FOLLOWER to FOLLOWER at term 1 for recognizeCandidate:1a60f1dd-57b0-4e50-a131-82451b1e3cfa
2019-10-04 06:28:45,868 [grpc-default-executor-4] INFO  impl.RoleInfo (RoleInfo.java:shutdownFollowerState(121)) - f60682d0-d3c6-4810-99e4-62a378b29a6d: shutdown FollowerState
2019-10-04 06:28:45,868 [grpc-default-executor-6] INFO  impl.RoleInfo (RoleInfo.java:shutdownFollowerState(121)) - 5d6dac2c-28ba-4e48-a46a-83fcc0658c61: shutdown FollowerState
2019-10-04 06:28:45,868 [grpc-default-executor-4] INFO  impl.RoleInfo (RoleInfo.java:updateAndGet(143)) - f60682d0-d3c6-4810-99e4-62a378b29a6d: start FollowerState
2019-10-04 06:28:45,868 [grpc-default-executor-6] INFO  impl.RoleInfo (RoleInfo.java:updateAndGet(143)) - 5d6dac2c-28ba-4e48-a46a-83fcc0658c61: start FollowerState
2019-10-04 06:28:45,868 [Thread-1468] INFO  impl.FollowerState (FollowerState.java:run(117)) - f60682d0-d3c6-4810-99e4-62a378b29a6d@group-A4CF8F989565-FollowerState was interrupted: java.lang.InterruptedException: sleep interrupted
2019-10-04 06:28:45,868 [Thread-1467] INFO  impl.FollowerState (FollowerState.java:run(117)) - 5d6dac2c-28ba-4e48-a46a-83fcc0658c61@group-A4CF8F989565-FollowerState was interrupted: java.lang.InterruptedException: sleep interrupted
2019-10-04 06:28:45,889 [1a60f1dd-57b0-4e50-a131-82451b1e3cfa@group-A4CF8F989565-LeaderElection62] INFO  impl.LeaderElection (LeaderElection.java:logAndReturn(56)) - 1a60f1dd-57b0-4e50-a131-82451b1e3cfa@group-A4CF8F989565-LeaderElection62: Election PASSED; received 1 response(s) [1a60f1dd-57b0-4e50-a131-82451b1e3cfa<-f60682d0-d3c6-4810-99e4-62a378b29a6d#0:OK-t1] and 0 exception(s); 1a60f1dd-57b0-4e50-a131-82451b1e3cfa@group-A4CF8F989565:t1, leader=null, voted=1a60f1dd-57b0-4e50-a131-82451b1e3cfa, raftlog=1a60f1dd-57b0-4e50-a131-82451b1e3cfa@group-A4CF8F989565-SegmentedRaftLog:OPENED:c-1,f-1,i0, conf=-1: [f60682d0-d3c6-4810-99e4-62a378b29a6d:192.168.151.69:44097, 1a60f1dd-57b0-4e50-a131-82451b1e3cfa:192.168.151.69:41577, 5d6dac2c-28ba-4e48-a46a-83fcc0658c61:192.168.151.69:36683], old=null
2019-10-04 06:28:45,890 [1a60f1dd-57b0-4e50-a131-82451b1e3cfa@group-A4CF8F989565-LeaderElection62] INFO  impl.RoleInfo (RoleInfo.java:shutdownLeaderElection(134)) - 1a60f1dd-57b0-4e50-a131-82451b1e3cfa: shutdown LeaderElection
2019-10-04 06:28:45,890 [1a60f1dd-57b0-4e50-a131-82451b1e3cfa@group-A4CF8F989565-LeaderElection62] INFO  impl.RaftServerImpl (RaftServerImpl.java:setRole(170)) - 1a60f1dd-57b0-4e50-a131-82451b1e3cfa@group-A4CF8F989565: changes role from CANDIDATE to LEADER at term 1 for changeToLeader
2019-10-04 06:28:45,890 [1a60f1dd-57b0-4e50-a131-82451b1e3cfa@group-A4CF8F989565-LeaderElection62] INFO  impl.RaftServerImpl (ServerState.java:setLeader(255)) - 1a60f1dd-57b0-4e50-a131-82451b1e3cfa@group-A4CF8F989565: change Leader from null to 1a60f1dd-57b0-4e50-a131-82451b1e3cfa at term 1 for becomeLeader, leader elected after 5152ms
2019-10-04 06:28:45,890 [1a60f1dd-57b0-4e50-a131-82451b1e3cfa@group-A4CF8F989565-LeaderElection62] INFO  server.RaftServerConfigKeys (ConfUtils.java:logGet(43)) - raft.server.staging.catchup.gap = 1000 (default)
2019-10-04 06:28:45,890 [1a60f1dd-57b0-4e50-a131-82451b1e3cfa@group-A4CF8F989565-LeaderElection62] INFO  server.RaftServerConfigKeys (ConfUtils.java:logGet(43)) - raft.server.rpc.sleep.time = 25ms (default)
2019-10-04 06:28:45,890 [1a60f1dd-57b0-4e50-a131-82451b1e3cfa@group-A4CF8F989565-LeaderElection62] INFO  server.RaftServerConfigKeys (ConfUtils.java:logGet(43)) - raft.server.write.element-limit = 4096 (default)
2019-10-04 06:28:45,890 [1a60f1dd-57b0-4e50-a131-82451b1e3cfa@group-A4CF8F989565-LeaderElection62] INFO  server.RaftServerConfigKeys (ConfUtils.java:logGet(43)) - raft.server.watch.timeout = 10s (default)
2019-10-04 06:28:45,891 [1a60f1dd-57b0-4e50-a131-82451b1e3cfa@group-A4CF8F989565-LeaderElection62] INFO  server.RaftServerConfigKeys (ConfUtils.java:logGet(43)) - raft.server.watch.timeout.denomination = 1s (default)
2019-10-04 06:28:45,891 [1a60f1dd-57b0-4e50-a131-82451b1e3cfa@group-A4CF8F989565-LeaderElection62] INFO  server.RaftServerConfigKeys (ConfUtils.java:logGet(43)) - raft.server.watch.element-limit = 65536 (default)
2019-10-04 06:28:45,893 [1a60f1dd-57b0-4e50-a131-82451b1e3cfa@group-A4CF8F989565-LeaderElection62] INFO  server.RaftServerConfigKeys (ConfUtils.java:logGet(43)) - raft.server.log.appender.snapshot.chunk.size.max = 16MB (=16777216) (default)
2019-10-04 06:28:45,893 [1a60f1dd-57b0-4e50-a131-82451b1e3cfa@group-A4CF8F989565-LeaderElection62] INFO  server.RaftServerConfigKeys (ConfUtils.java:logGet(43)) - raft.server.log.appender.buffer.byte-limit = 33554432 (custom)
2019-10-04 06:28:45,893 [1a60f1dd-57b0-4e50-a131-82451b1e3cfa@group-A4CF8F989565-LeaderElection62] INFO  server.RaftServerConfigKeys (ConfUtils.java:logGet(43)) - raft.server.log.appender.buffer.element-limit = 1 (custom)
2019-10-04 06:28:45,893 [1a60f1dd-57b0-4e50-a131-82451b1e3cfa@group-A4CF8F989565-LeaderElection62] INFO  grpc.GrpcConfigKeys$Server (ConfUtils.java:logGet(43)) - raft.grpc.server.leader.outstanding.appends.max = 128 (default)
2019-10-04 06:28:45,893 [1a60f1dd-57b0-4e50-a131-82451b1e3cfa@group-A4CF8F989565-LeaderElection62] INFO  server.RaftServerConfigKeys (ConfUtils.java:logGet(43)) - raft.server.rpc.request.timeout = 3000ms (default)
2019-10-04 06:28:45,894 [1a60f1dd-57b0-4e50-a131-82451b1e3cfa@group-A4CF8F989565-LeaderElection62] INFO  server.RaftServerConfigKeys (ConfUtils.java:logGet(43)) - raft.server.log.appender.install.snapshot.enabled = false (custom)
2019-10-04 06:28:45,894 [1a60f1dd-57b0-4e50-a131-82451b1e3cfa@group-A4CF8F989565-LeaderElection62] INFO  server.RaftServerConfigKeys (ConfUtils.java:logGet(43)) - raft.server.log.appender.snapshot.chunk.size.max = 16MB (=16777216) (default)
2019-10-04 06:28:45,894 [1a60f1dd-57b0-4e50-a131-82451b1e3cfa@group-A4CF8F989565-LeaderElection62] INFO  server.RaftServerConfigKeys (ConfUtils.java:logGet(43)) - raft.server.log.appender.buffer.byte-limit = 33554432 (custom)
2019-10-04 06:28:45,894 [1a60f1dd-57b0-4e50-a131-82451b1e3cfa@group-A4CF8F989565-LeaderElection62] INFO  server.RaftServerConfigKeys (ConfUtils.java:logGet(43)) - raft.server.log.appender.buffer.element-limit = 1 (custom)
2019-10-04 06:28:45,894 [1a60f1dd-57b0-4e50-a131-82451b1e3cfa@group-A4CF8F989565-LeaderElection62] INFO  grpc.GrpcConfigKeys$Server (ConfUtils.java:logGet(43)) - raft.grpc.server.leader.outstanding.appends.max = 128 (default)
2019-10-04 06:28:45,894 [1a60f1dd-57b0-4e50-a131-82451b1e3cfa@group-A4CF8F989565-LeaderElection62] INFO  server.RaftServerConfigKeys (ConfUtils.java:logGet(43)) - raft.server.rpc.request.timeout = 3000ms (default)
2019-10-04 06:28:45,895 [1a60f1dd-57b0-4e50-a131-82451b1e3cfa@group-A4CF8F989565-LeaderElection62] INFO  server.RaftServerConfigKeys (ConfUtils.java:logGet(43)) - raft.server.log.appender.install.snapshot.enabled = false (custom)
2019-10-04 06:28:45,895 [1a60f1dd-57b0-4e50-a131-82451b1e3cfa@group-A4CF8F989565-LeaderElection62] INFO  impl.RoleInfo (RoleInfo.java:updateAndGet(143)) - 1a60f1dd-57b0-4e50-a131-82451b1e3cfa: start LeaderState
2019-10-04 06:28:45,895 [1a60f1dd-57b0-4e50-a131-82451b1e3cfa@group-A4CF8F989565-LeaderElection62] INFO  segmented.SegmentedRaftLogWorker (SegmentedRaftLogWorker.java:startLogSegment(385)) - 1a60f1dd-57b0-4e50-a131-82451b1e3cfa@group-A4CF8F989565-SegmentedRaftLogWorker: Starting segment from index:0
2019-10-04 06:28:45,896 [1a60f1dd-57b0-4e50-a131-82451b1e3cfa@group-A4CF8F989565-LeaderElection62] INFO  impl.RaftServerImpl (ServerState.java:setRaftConf(356)) - 1a60f1dd-57b0-4e50-a131-82451b1e3cfa@group-A4CF8F989565: set configuration 0: [f60682d0-d3c6-4810-99e4-62a378b29a6d:192.168.151.69:44097, 1a60f1dd-57b0-4e50-a131-82451b1e3cfa:192.168.151.69:41577, 5d6dac2c-28ba-4e48-a46a-83fcc0658c61:192.168.151.69:36683], old=null at 0
2019-10-04 06:28:45,925 [grpc-default-executor-4] INFO  impl.RaftServerImpl (ServerState.java:setLeader(255)) - 5d6dac2c-28ba-4e48-a46a-83fcc0658c61@group-A4CF8F989565: change Leader from null to 1a60f1dd-57b0-4e50-a131-82451b1e3cfa at term 1 for appendEntries, leader elected after 5187ms
2019-10-04 06:28:45,925 [grpc-default-executor-6] INFO  impl.RaftServerImpl (ServerState.java:setLeader(255)) - f60682d0-d3c6-4810-99e4-62a378b29a6d@group-A4CF8F989565: change Leader from null to 1a60f1dd-57b0-4e50-a131-82451b1e3cfa at term 1 for appendEntries, leader elected after 5187ms
2019-10-04 06:28:45,928 [grpc-default-executor-4] INFO  impl.RaftServerImpl (ServerState.java:setRaftConf(356)) - 5d6dac2c-28ba-4e48-a46a-83fcc0658c61@group-A4CF8F989565: set configuration 0: [f60682d0-d3c6-4810-99e4-62a378b29a6d:192.168.151.69:44097, 1a60f1dd-57b0-4e50-a131-82451b1e3cfa:192.168.151.69:41577, 5d6dac2c-28ba-4e48-a46a-83fcc0658c61:192.168.151.69:36683], old=null at 0
2019-10-04 06:28:45,928 [grpc-default-executor-6] INFO  impl.RaftServerImpl (ServerState.java:setRaftConf(356)) - f60682d0-d3c6-4810-99e4-62a378b29a6d@group-A4CF8F989565: set configuration 0: [f60682d0-d3c6-4810-99e4-62a378b29a6d:192.168.151.69:44097, 1a60f1dd-57b0-4e50-a131-82451b1e3cfa:192.168.151.69:41577, 5d6dac2c-28ba-4e48-a46a-83fcc0658c61:192.168.151.69:36683], old=null at 0
2019-10-04 06:28:45,928 [grpc-default-executor-4] INFO  segmented.SegmentedRaftLogWorker (SegmentedRaftLogWorker.java:startLogSegment(385)) - 5d6dac2c-28ba-4e48-a46a-83fcc0658c61@group-A4CF8F989565-SegmentedRaftLogWorker: Starting segment from index:0
2019-10-04 06:28:45,929 [grpc-default-executor-6] INFO  segmented.SegmentedRaftLogWorker (SegmentedRaftLogWorker.java:startLogSegment(385)) - f60682d0-d3c6-4810-99e4-62a378b29a6d@group-A4CF8F989565-SegmentedRaftLogWorker: Starting segment from index:0
2019-10-04 06:28:45,929 [Thread-1477] INFO  impl.FollowerState (FollowerState.java:run(108)) - 2e19ec59-8618-4c04-888d-7b73415cc129@group-7135A9BA70D8-FollowerState: change to CANDIDATE, lastRpcTime:5064ms, electionTimeout:5064ms
2019-10-04 06:28:45,929 [Thread-1477] INFO  impl.RoleInfo (RoleInfo.java:shutdownFollowerState(121)) - 2e19ec59-8618-4c04-888d-7b73415cc129: shutdown FollowerState
2019-10-04 06:28:45,929 [Thread-1477] INFO  impl.RaftServerImpl (RaftServerImpl.java:setRole(170)) - 2e19ec59-8618-4c04-888d-7b73415cc129@group-7135A9BA70D8: changes role from  FOLLOWER to CANDIDATE at term 0 for changeToCandidate
2019-10-04 06:28:45,930 [Thread-1477] INFO  impl.RoleInfo (RoleInfo.java:updateAndGet(143)) - 2e19ec59-8618-4c04-888d-7b73415cc129: start LeaderElection
2019-10-04 06:28:45,965 [Thread-1480] INFO  impl.FollowerState (FollowerState.java:run(108)) - a6e5811f-94fc-4b80-ac7d-ab0b387e43ac@group-045EE0BF8DB9-FollowerState: change to CANDIDATE, lastRpcTime:5039ms, electionTimeout:5007ms
2019-10-04 06:28:45,965 [Thread-1480] INFO  impl.RoleInfo (RoleInfo.java:shutdownFollowerState(121)) - a6e5811f-94fc-4b80-ac7d-ab0b387e43ac: shutdown FollowerState
2019-10-04 06:28:45,965 [Thread-1480] INFO  impl.RaftServerImpl (RaftServerImpl.java:setRole(170)) - a6e5811f-94fc-4b80-ac7d-ab0b387e43ac@group-045EE0BF8DB9: changes role from  FOLLOWER to CANDIDATE at term 0 for changeToCandidate
2019-10-04 06:28:45,966 [Thread-1480] INFO  impl.RoleInfo (RoleInfo.java:updateAndGet(143)) - a6e5811f-94fc-4b80-ac7d-ab0b387e43ac: start LeaderElection
2019-10-04 06:28:45,969 [1a60f1dd-57b0-4e50-a131-82451b1e3cfa@group-A4CF8F989565-SegmentedRaftLogWorker] INFO  segmented.SegmentedRaftLogWorker (SegmentedRaftLogWorker.java:execute(574)) - 1a60f1dd-57b0-4e50-a131-82451b1e3cfa@group-A4CF8F989565-SegmentedRaftLogWorker: created new log segment /workdir/hadoop-ozone/integration-test/target/test-dir/MiniOzoneClusterImpl-353dc6ac-9fc0-413a-bb33-b58264605b5f/datanode-0/data/ratis/13d6e0a6-6d95-442b-b107-a4cf8f989565/current/log_inprogress_0
2019-10-04 06:28:45,969 [2e19ec59-8618-4c04-888d-7b73415cc129@group-7135A9BA70D8-LeaderElection63] INFO  impl.LeaderElection (LeaderElection.java:askForVotes(178)) - 2e19ec59-8618-4c04-888d-7b73415cc129@group-7135A9BA70D8-LeaderElection63: begin an election at term 1 for -1: [2e19ec59-8618-4c04-888d-7b73415cc129:192.168.151.69:37521], old=null
2019-10-04 06:28:45,969 [5d6dac2c-28ba-4e48-a46a-83fcc0658c61@group-A4CF8F989565-SegmentedRaftLogWorker] INFO  segmented.SegmentedRaftLogWorker (SegmentedRaftLogWorker.java:execute(574)) - 5d6dac2c-28ba-4e48-a46a-83fcc0658c61@group-A4CF8F989565-SegmentedRaftLogWorker: created new log segment /workdir/hadoop-ozone/integration-test/target/test-dir/MiniOzoneClusterImpl-353dc6ac-9fc0-413a-bb33-b58264605b5f/datanode-2/data/ratis/13d6e0a6-6d95-442b-b107-a4cf8f989565/current/log_inprogress_0
2019-10-04 06:28:45,969 [f60682d0-d3c6-4810-99e4-62a378b29a6d@group-A4CF8F989565-SegmentedRaftLogWorker] INFO  segmented.SegmentedRaftLogWorker (SegmentedRaftLogWorker.java:execute(574)) - f60682d0-d3c6-4810-99e4-62a378b29a6d@group-A4CF8F989565-SegmentedRaftLogWorker: created new log segment /workdir/hadoop-ozone/integration-test/target/test-dir/MiniOzoneClusterImpl-353dc6ac-9fc0-413a-bb33-b58264605b5f/datanode-1/data/ratis/13d6e0a6-6d95-442b-b107-a4cf8f989565/current/log_inprogress_0
2019-10-04 06:28:45,969 [2e19ec59-8618-4c04-888d-7b73415cc129@group-7135A9BA70D8-LeaderElection63] INFO  impl.RoleInfo (RoleInfo.java:shutdownLeaderElection(134)) - 2e19ec59-8618-4c04-888d-7b73415cc129: shutdown LeaderElection
2019-10-04 06:28:45,970 [2e19ec59-8618-4c04-888d-7b73415cc129@group-7135A9BA70D8-LeaderElection63] INFO  impl.RaftServerImpl (RaftServerImpl.java:setRole(170)) - 2e19ec59-8618-4c04-888d-7b73415cc129@group-7135A9BA70D8: changes role from CANDIDATE to LEADER at term 1 for changeToLeader
2019-10-04 06:28:45,970 [2e19ec59-8618-4c04-888d-7b73415cc129@group-7135A9BA70D8-LeaderElection63] INFO  impl.RaftServerImpl (ServerState.java:setLeader(255)) - 2e19ec59-8618-4c04-888d-7b73415cc129@group-7135A9BA70D8: change Leader from null to 2e19ec59-8618-4c04-888d-7b73415cc129 at term 1 for becomeLeader, leader elected after 5111ms
2019-10-04 06:28:45,970 [2e19ec59-8618-4c04-888d-7b73415cc129@group-7135A9BA70D8-LeaderElection63] INFO  server.RaftServerConfigKeys (ConfUtils.java:logGet(43)) - raft.server.staging.catchup.gap = 1000 (default)
2019-10-04 06:28:45,970 [2e19ec59-8618-4c04-888d-7b73415cc129@group-7135A9BA70D8-LeaderElection63] INFO  server.RaftServerConfigKeys (ConfUtils.java:logGet(43)) - raft.server.rpc.sleep.time = 25ms (default)
2019-10-04 06:28:45,970 [2e19ec59-8618-4c04-888d-7b73415cc129@group-7135A9BA70D8-LeaderElection63] INFO  server.RaftServerConfigKeys (ConfUtils.java:logGet(43)) - raft.server.write.element-limit = 4096 (default)
2019-10-04 06:28:45,971 [2e19ec59-8618-4c04-888d-7b73415cc129@group-7135A9BA70D8-LeaderElection63] INFO  server.RaftServerConfigKeys (ConfUtils.java:logGet(43)) - raft.server.watch.timeout = 10s (default)
2019-10-04 06:28:45,971 [2e19ec59-8618-4c04-888d-7b73415cc129@group-7135A9BA70D8-LeaderElection63] INFO  server.RaftServerConfigKeys (ConfUtils.java:logGet(43)) - raft.server.watch.timeout.denomination = 1s (default)
2019-10-04 06:28:45,971 [2e19ec59-8618-4c04-888d-7b73415cc129@group-7135A9BA70D8-LeaderElection63] INFO  server.RaftServerConfigKeys (ConfUtils.java:logGet(43)) - raft.server.watch.element-limit = 65536 (default)
2019-10-04 06:28:45,972 [2e19ec59-8618-4c04-888d-7b73415cc129@group-7135A9BA70D8-LeaderElection63] INFO  impl.RoleInfo (RoleInfo.java:updateAndGet(143)) - 2e19ec59-8618-4c04-888d-7b73415cc129: start LeaderState
2019-10-04 06:28:45,973 [2e19ec59-8618-4c04-888d-7b73415cc129@group-7135A9BA70D8-LeaderElection63] INFO  segmented.SegmentedRaftLogWorker (SegmentedRaftLogWorker.java:startLogSegment(385)) - 2e19ec59-8618-4c04-888d-7b73415cc129@group-7135A9BA70D8-SegmentedRaftLogWorker: Starting segment from index:0
2019-10-04 06:28:45,973 [2e19ec59-8618-4c04-888d-7b73415cc129@group-7135A9BA70D8-LeaderElection63] INFO  impl.RaftServerImpl (ServerState.java:setRaftConf(356)) - 2e19ec59-8618-4c04-888d-7b73415cc129@group-7135A9BA70D8: set configuration 0: [2e19ec59-8618-4c04-888d-7b73415cc129:192.168.151.69:37521], old=null at 0
2019-10-04 06:28:45,982 [a6e5811f-94fc-4b80-ac7d-ab0b387e43ac@group-045EE0BF8DB9-LeaderElection64] INFO  impl.LeaderElection (LeaderElection.java:askForVotes(178)) - a6e5811f-94fc-4b80-ac7d-ab0b387e43ac@group-045EE0BF8DB9-LeaderElection64: begin an election at term 1 for -1: [a6e5811f-94fc-4b80-ac7d-ab0b387e43ac:192.168.151.69:40727], old=null
2019-10-04 06:28:45,983 [a6e5811f-94fc-4b80-ac7d-ab0b387e43ac@group-045EE0BF8DB9-LeaderElection64] INFO  impl.RoleInfo (RoleInfo.java:shutdownLeaderElection(134)) - a6e5811f-94fc-4b80-ac7d-ab0b387e43ac: shutdown LeaderElection
2019-10-04 06:28:45,983 [Thread-1474] INFO  impl.FollowerState (FollowerState.java:run(108)) - fd6ad844-5084-4a79-88b5-192c4e1ce2b2@group-76A90B1C945D-FollowerState: change to CANDIDATE, lastRpcTime:5172ms, electionTimeout:5172ms
2019-10-04 06:28:45,983 [a6e5811f-94fc-4b80-ac7d-ab0b387e43ac@group-045EE0BF8DB9-LeaderElection64] INFO  impl.RaftServerImpl (RaftServerImpl.java:setRole(170)) - a6e5811f-94fc-4b80-ac7d-ab0b387e43ac@group-045EE0BF8DB9: changes role from CANDIDATE to LEADER at term 1 for changeToLeader
2019-10-04 06:28:45,983 [Thread-1474] INFO  impl.RoleInfo (RoleInfo.java:shutdownFollowerState(121)) - fd6ad844-5084-4a79-88b5-192c4e1ce2b2: shutdown FollowerState
2019-10-04 06:28:45,983 [a6e5811f-94fc-4b80-ac7d-ab0b387e43ac@group-045EE0BF8DB9-LeaderElection64] INFO  impl.RaftServerImpl (ServerState.java:setLeader(255)) - a6e5811f-94fc-4b80-ac7d-ab0b387e43ac@group-045EE0BF8DB9: change Leader from null to a6e5811f-94fc-4b80-ac7d-ab0b387e43ac at term 1 for becomeLeader, leader elected after 5064ms
2019-10-04 06:28:45,983 [Thread-1474] INFO  impl.RaftServerImpl (RaftServerImpl.java:setRole(170)) - fd6ad844-5084-4a79-88b5-192c4e1ce2b2@group-76A90B1C945D: changes role from  FOLLOWER to CANDIDATE at term 0 for changeToCandidate
2019-10-04 06:28:45,983 [a6e5811f-94fc-4b80-ac7d-ab0b387e43ac@group-045EE0BF8DB9-LeaderElection64] INFO  server.RaftServerConfigKeys (ConfUtils.java:logGet(43)) - raft.server.staging.catchup.gap = 1000 (default)
2019-10-04 06:28:45,983 [Thread-1474] INFO  impl.RoleInfo (RoleInfo.java:updateAndGet(143)) - fd6ad844-5084-4a79-88b5-192c4e1ce2b2: start LeaderElection
2019-10-04 06:28:45,983 [a6e5811f-94fc-4b80-ac7d-ab0b387e43ac@group-045EE0BF8DB9-LeaderElection64] INFO  server.RaftServerConfigKeys (ConfUtils.java:logGet(43)) - raft.server.rpc.sleep.time = 25ms (default)
2019-10-04 06:28:45,984 [a6e5811f-94fc-4b80-ac7d-ab0b387e43ac@group-045EE0BF8DB9-LeaderElection64] INFO  server.RaftServerConfigKeys (ConfUtils.java:logGet(43)) - raft.server.write.element-limit = 4096 (default)
2019-10-04 06:28:45,984 [a6e5811f-94fc-4b80-ac7d-ab0b387e43ac@group-045EE0BF8DB9-LeaderElection64] INFO  server.RaftServerConfigKeys (ConfUtils.java:logGet(43)) - raft.server.watch.timeout = 10s (default)
2019-10-04 06:28:46,002 [a6e5811f-94fc-4b80-ac7d-ab0b387e43ac@group-045EE0BF8DB9-LeaderElection64] INFO  server.RaftServerConfigKeys (ConfUtils.java:logGet(43)) - raft.server.watch.timeout.denomination = 1s (default)
2019-10-04 06:28:46,002 [a6e5811f-94fc-4b80-ac7d-ab0b387e43ac@group-045EE0BF8DB9-LeaderElection64] INFO  server.RaftServerConfigKeys (ConfUtils.java:logGet(43)) - raft.server.watch.element-limit = 65536 (default)
2019-10-04 06:28:46,004 [a6e5811f-94fc-4b80-ac7d-ab0b387e43ac@group-045EE0BF8DB9-LeaderElection64] INFO  impl.RoleInfo (RoleInfo.java:updateAndGet(143)) - a6e5811f-94fc-4b80-ac7d-ab0b387e43ac: start LeaderState
2019-10-04 06:28:46,004 [a6e5811f-94fc-4b80-ac7d-ab0b387e43ac@group-045EE0BF8DB9-LeaderElection64] INFO  segmented.SegmentedRaftLogWorker (SegmentedRaftLogWorker.java:startLogSegment(385)) - a6e5811f-94fc-4b80-ac7d-ab0b387e43ac@group-045EE0BF8DB9-SegmentedRaftLogWorker: Starting segment from index:0
2019-10-04 06:28:46,005 [a6e5811f-94fc-4b80-ac7d-ab0b387e43ac@group-045EE0BF8DB9-LeaderElection64] INFO  impl.RaftServerImpl (ServerState.java:setRaftConf(356)) - a6e5811f-94fc-4b80-ac7d-ab0b387e43ac@group-045EE0BF8DB9: set configuration 0: [a6e5811f-94fc-4b80-ac7d-ab0b387e43ac:192.168.151.69:40727], old=null at 0
2019-10-04 06:28:46,015 [2e19ec59-8618-4c04-888d-7b73415cc129@group-7135A9BA70D8-SegmentedRaftLogWorker] INFO  segmented.SegmentedRaftLogWorker (SegmentedRaftLogWorker.java:execute(574)) - 2e19ec59-8618-4c04-888d-7b73415cc129@group-7135A9BA70D8-SegmentedRaftLogWorker: created new log segment /workdir/hadoop-ozone/integration-test/target/test-dir/MiniOzoneClusterImpl-353dc6ac-9fc0-413a-bb33-b58264605b5f/datanode-4/data/ratis/9723406d-14a7-4194-8cb6-7135a9ba70d8/current/log_inprogress_0
2019-10-04 06:28:46,015 [fd6ad844-5084-4a79-88b5-192c4e1ce2b2@group-76A90B1C945D-LeaderElection65] INFO  impl.LeaderElection (LeaderElection.java:askForVotes(178)) - fd6ad844-5084-4a79-88b5-192c4e1ce2b2@group-76A90B1C945D-LeaderElection65: begin an election at term 1 for -1: [fd6ad844-5084-4a79-88b5-192c4e1ce2b2:192.168.151.69:34280], old=null
2019-10-04 06:28:46,015 [fd6ad844-5084-4a79-88b5-192c4e1ce2b2@group-76A90B1C945D-LeaderElection65] INFO  impl.RoleInfo (RoleInfo.java:shutdownLeaderElection(134)) - fd6ad844-5084-4a79-88b5-192c4e1ce2b2: shutdown LeaderElection
2019-10-04 06:28:46,015 [fd6ad844-5084-4a79-88b5-192c4e1ce2b2@group-76A90B1C945D-LeaderElection65] INFO  impl.RaftServerImpl (RaftServerImpl.java:setRole(170)) - fd6ad844-5084-4a79-88b5-192c4e1ce2b2@group-76A90B1C945D: changes role from CANDIDATE to LEADER at term 1 for changeToLeader
2019-10-04 06:28:46,015 [fd6ad844-5084-4a79-88b5-192c4e1ce2b2@group-76A90B1C945D-LeaderElection65] INFO  impl.RaftServerImpl (ServerState.java:setLeader(255)) - fd6ad844-5084-4a79-88b5-192c4e1ce2b2@group-76A90B1C945D: change Leader from null to fd6ad844-5084-4a79-88b5-192c4e1ce2b2 at term 1 for becomeLeader, leader elected after 5212ms
2019-10-04 06:28:46,016 [fd6ad844-5084-4a79-88b5-192c4e1ce2b2@group-76A90B1C945D-LeaderElection65] INFO  server.RaftServerConfigKeys (ConfUtils.java:logGet(43)) - raft.server.staging.catchup.gap = 1000 (default)
2019-10-04 06:28:46,016 [fd6ad844-5084-4a79-88b5-192c4e1ce2b2@group-76A90B1C945D-LeaderElection65] INFO  server.RaftServerConfigKeys (ConfUtils.java:logGet(43)) - raft.server.rpc.sleep.time = 25ms (default)
2019-10-04 06:28:46,016 [fd6ad844-5084-4a79-88b5-192c4e1ce2b2@group-76A90B1C945D-LeaderElection65] INFO  server.RaftServerConfigKeys (ConfUtils.java:logGet(43)) - raft.server.write.element-limit = 4096 (default)
2019-10-04 06:28:46,016 [fd6ad844-5084-4a79-88b5-192c4e1ce2b2@group-76A90B1C945D-LeaderElection65] INFO  server.RaftServerConfigKeys (ConfUtils.java:logGet(43)) - raft.server.watch.timeout = 10s (default)
2019-10-04 06:28:46,016 [fd6ad844-5084-4a79-88b5-192c4e1ce2b2@group-76A90B1C945D-LeaderElection65] INFO  server.RaftServerConfigKeys (ConfUtils.java:logGet(43)) - raft.server.watch.timeout.denomination = 1s (default)
2019-10-04 06:28:46,016 [fd6ad844-5084-4a79-88b5-192c4e1ce2b2@group-76A90B1C945D-LeaderElection65] INFO  server.RaftServerConfigKeys (ConfUtils.java:logGet(43)) - raft.server.watch.element-limit = 65536 (default)
2019-10-04 06:28:46,017 [fd6ad844-5084-4a79-88b5-192c4e1ce2b2@group-76A90B1C945D-LeaderElection65] INFO  impl.RoleInfo (RoleInfo.java:updateAndGet(143)) - fd6ad844-5084-4a79-88b5-192c4e1ce2b2: start LeaderState
2019-10-04 06:28:46,018 [fd6ad844-5084-4a79-88b5-192c4e1ce2b2@group-76A90B1C945D-LeaderElection65] INFO  segmented.SegmentedRaftLogWorker (SegmentedRaftLogWorker.java:startLogSegment(385)) - fd6ad844-5084-4a79-88b5-192c4e1ce2b2@group-76A90B1C945D-SegmentedRaftLogWorker: Starting segment from index:0
2019-10-04 06:28:46,018 [fd6ad844-5084-4a79-88b5-192c4e1ce2b2@group-76A90B1C945D-LeaderElection65] INFO  impl.RaftServerImpl (ServerState.java:setRaftConf(356)) - fd6ad844-5084-4a79-88b5-192c4e1ce2b2@group-76A90B1C945D: set configuration 0: [fd6ad844-5084-4a79-88b5-192c4e1ce2b2:192.168.151.69:34280], old=null at 0
2019-10-04 06:28:46,045 [a6e5811f-94fc-4b80-ac7d-ab0b387e43ac@group-045EE0BF8DB9-SegmentedRaftLogWorker] INFO  segmented.SegmentedRaftLogWorker (SegmentedRaftLogWorker.java:execute(574)) - a6e5811f-94fc-4b80-ac7d-ab0b387e43ac@group-045EE0BF8DB9-SegmentedRaftLogWorker: created new log segment /workdir/hadoop-ozone/integration-test/target/test-dir/MiniOzoneClusterImpl-353dc6ac-9fc0-413a-bb33-b58264605b5f/datanode-5/data/ratis/659e1e37-8985-4163-be46-045ee0bf8db9/current/log_inprogress_0
2019-10-04 06:28:46,045 [fd6ad844-5084-4a79-88b5-192c4e1ce2b2@group-76A90B1C945D-SegmentedRaftLogWorker] INFO  segmented.SegmentedRaftLogWorker (SegmentedRaftLogWorker.java:execute(574)) - fd6ad844-5084-4a79-88b5-192c4e1ce2b2@group-76A90B1C945D-SegmentedRaftLogWorker: created new log segment /workdir/hadoop-ozone/integration-test/target/test-dir/MiniOzoneClusterImpl-353dc6ac-9fc0-413a-bb33-b58264605b5f/datanode-3/data/ratis/49da753f-767b-4120-8b80-76a90b1c945d/current/log_inprogress_0
2019-10-04 06:28:46,131 [Thread-1483] INFO  impl.FollowerState (FollowerState.java:run(108)) - fa71cad9-553e-4d32-83de-60c2765a1220@group-A89EBE295491-FollowerState: change to CANDIDATE, lastRpcTime:5147ms, electionTimeout:5147ms
2019-10-04 06:28:46,131 [Thread-1483] INFO  impl.RoleInfo (RoleInfo.java:shutdownFollowerState(121)) - fa71cad9-553e-4d32-83de-60c2765a1220: shutdown FollowerState
2019-10-04 06:28:46,131 [Thread-1483] INFO  impl.RaftServerImpl (RaftServerImpl.java:setRole(170)) - fa71cad9-553e-4d32-83de-60c2765a1220@group-A89EBE295491: changes role from  FOLLOWER to CANDIDATE at term 0 for changeToCandidate
2019-10-04 06:28:46,131 [Thread-1483] INFO  impl.RoleInfo (RoleInfo.java:updateAndGet(143)) - fa71cad9-553e-4d32-83de-60c2765a1220: start LeaderElection
2019-10-04 06:28:46,140 [Thread-1486] INFO  impl.FollowerState (FollowerState.java:run(108)) - fa71cad9-553e-4d32-83de-60c2765a1220@group-2859D63131D2-FollowerState: change to CANDIDATE, lastRpcTime:5081ms, electionTimeout:5081ms
2019-10-04 06:28:46,140 [Thread-1486] INFO  impl.RoleInfo (RoleInfo.java:shutdownFollowerState(121)) - fa71cad9-553e-4d32-83de-60c2765a1220: shutdown FollowerState
2019-10-04 06:28:46,140 [Thread-1486] INFO  impl.RaftServerImpl (RaftServerImpl.java:setRole(170)) - fa71cad9-553e-4d32-83de-60c2765a1220@group-2859D63131D2: changes role from  FOLLOWER to CANDIDATE at term 0 for changeToCandidate
2019-10-04 06:28:46,140 [Thread-1486] INFO  impl.RoleInfo (RoleInfo.java:updateAndGet(143)) - fa71cad9-553e-4d32-83de-60c2765a1220: start LeaderElection
2019-10-04 06:28:46,153 [fa71cad9-553e-4d32-83de-60c2765a1220@group-A89EBE295491-LeaderElection66] INFO  impl.LeaderElection (LeaderElection.java:askForVotes(178)) - fa71cad9-553e-4d32-83de-60c2765a1220@group-A89EBE295491-LeaderElection66: begin an election at term 1 for -1: [fa71cad9-553e-4d32-83de-60c2765a1220:192.168.151.69:44326], old=null
2019-10-04 06:28:46,153 [fa71cad9-553e-4d32-83de-60c2765a1220@group-A89EBE295491-LeaderElection66] INFO  impl.RoleInfo (RoleInfo.java:shutdownLeaderElection(134)) - fa71cad9-553e-4d32-83de-60c2765a1220: shutdown LeaderElection
2019-10-04 06:28:46,153 [fa71cad9-553e-4d32-83de-60c2765a1220@group-A89EBE295491-LeaderElection66] INFO  impl.RaftServerImpl (RaftServerImpl.java:setRole(170)) - fa71cad9-553e-4d32-83de-60c2765a1220@group-A89EBE295491: changes role from CANDIDATE to LEADER at term 1 for changeToLeader
2019-10-04 06:28:46,153 [fa71cad9-553e-4d32-83de-60c2765a1220@group-A89EBE295491-LeaderElection66] INFO  impl.RaftServerImpl (ServerState.java:setLeader(255)) - fa71cad9-553e-4d32-83de-60c2765a1220@group-A89EBE295491: change Leader from null to fa71cad9-553e-4d32-83de-60c2765a1220 at term 1 for becomeLeader, leader elected after 5177ms
2019-10-04 06:28:46,154 [fa71cad9-553e-4d32-83de-60c2765a1220@group-A89EBE295491-LeaderElection66] INFO  server.RaftServerConfigKeys (ConfUtils.java:logGet(43)) - raft.server.staging.catchup.gap = 1000 (default)
2019-10-04 06:28:46,154 [fa71cad9-553e-4d32-83de-60c2765a1220@group-A89EBE295491-LeaderElection66] INFO  server.RaftServerConfigKeys (ConfUtils.java:logGet(43)) - raft.server.rpc.sleep.time = 25ms (default)
2019-10-04 06:28:46,154 [fa71cad9-553e-4d32-83de-60c2765a1220@group-A89EBE295491-LeaderElection66] INFO  server.RaftServerConfigKeys (ConfUtils.java:logGet(43)) - raft.server.write.element-limit = 4096 (default)
2019-10-04 06:28:46,154 [fa71cad9-553e-4d32-83de-60c2765a1220@group-A89EBE295491-LeaderElection66] INFO  server.RaftServerConfigKeys (ConfUtils.java:logGet(43)) - raft.server.watch.timeout = 10s (default)
2019-10-04 06:28:46,154 [fa71cad9-553e-4d32-83de-60c2765a1220@group-A89EBE295491-LeaderElection66] INFO  server.RaftServerConfigKeys (ConfUtils.java:logGet(43)) - raft.server.watch.timeout.denomination = 1s (default)
2019-10-04 06:28:46,154 [fa71cad9-553e-4d32-83de-60c2765a1220@group-A89EBE295491-LeaderElection66] INFO  server.RaftServerConfigKeys (ConfUtils.java:logGet(43)) - raft.server.watch.element-limit = 65536 (default)
2019-10-04 06:28:46,156 [fa71cad9-553e-4d32-83de-60c2765a1220@group-A89EBE295491-LeaderElection66] INFO  impl.RoleInfo (RoleInfo.java:updateAndGet(143)) - fa71cad9-553e-4d32-83de-60c2765a1220: start LeaderState
2019-10-04 06:28:46,156 [fa71cad9-553e-4d32-83de-60c2765a1220@group-A89EBE295491-LeaderElection66] INFO  segmented.SegmentedRaftLogWorker (SegmentedRaftLogWorker.java:startLogSegment(385)) - fa71cad9-553e-4d32-83de-60c2765a1220@group-A89EBE295491-SegmentedRaftLogWorker: Starting segment from index:0
2019-10-04 06:28:46,157 [fa71cad9-553e-4d32-83de-60c2765a1220@group-A89EBE295491-LeaderElection66] INFO  impl.RaftServerImpl (ServerState.java:setRaftConf(356)) - fa71cad9-553e-4d32-83de-60c2765a1220@group-A89EBE295491: set configuration 0: [fa71cad9-553e-4d32-83de-60c2765a1220:192.168.151.69:44326], old=null at 0
2019-10-04 06:28:46,166 [fa71cad9-553e-4d32-83de-60c2765a1220@group-2859D63131D2-LeaderElection67] INFO  impl.LeaderElection (LeaderElection.java:askForVotes(178)) - fa71cad9-553e-4d32-83de-60c2765a1220@group-2859D63131D2-LeaderElection67: begin an election at term 1 for -1: [fa71cad9-553e-4d32-83de-60c2765a1220:192.168.151.69:44326, fd6ad844-5084-4a79-88b5-192c4e1ce2b2:192.168.151.69:34280, a6e5811f-94fc-4b80-ac7d-ab0b387e43ac:192.168.151.69:40727], old=null
2019-10-04 06:28:46,190 [Thread-1491] INFO  impl.FollowerState (FollowerState.java:run(108)) - fd6ad844-5084-4a79-88b5-192c4e1ce2b2@group-2859D63131D2-FollowerState: change to CANDIDATE, lastRpcTime:5122ms, electionTimeout:5108ms
2019-10-04 06:28:46,190 [Thread-1490] INFO  impl.FollowerState (FollowerState.java:run(108)) - a6e5811f-94fc-4b80-ac7d-ab0b387e43ac@group-2859D63131D2-FollowerState: change to CANDIDATE, lastRpcTime:5122ms, electionTimeout:5106ms
2019-10-04 06:28:46,190 [Thread-1491] INFO  impl.RoleInfo (RoleInfo.java:shutdownFollowerState(121)) - fd6ad844-5084-4a79-88b5-192c4e1ce2b2: shutdown FollowerState
2019-10-04 06:28:46,192 [Thread-1490] INFO  impl.RoleInfo (RoleInfo.java:shutdownFollowerState(121)) - a6e5811f-94fc-4b80-ac7d-ab0b387e43ac: shutdown FollowerState
2019-10-04 06:28:46,192 [Thread-1491] INFO  impl.RaftServerImpl (RaftServerImpl.java:setRole(170)) - fd6ad844-5084-4a79-88b5-192c4e1ce2b2@group-2859D63131D2: changes role from  FOLLOWER to CANDIDATE at term 0 for changeToCandidate
2019-10-04 06:28:46,195 [Thread-1490] INFO  impl.RaftServerImpl (RaftServerImpl.java:setRole(170)) - a6e5811f-94fc-4b80-ac7d-ab0b387e43ac@group-2859D63131D2: changes role from  FOLLOWER to CANDIDATE at term 0 for changeToCandidate
2019-10-04 06:28:46,198 [Thread-1491] INFO  impl.RoleInfo (RoleInfo.java:updateAndGet(143)) - fd6ad844-5084-4a79-88b5-192c4e1ce2b2: start LeaderElection
2019-10-04 06:28:46,198 [Thread-1490] INFO  impl.RoleInfo (RoleInfo.java:updateAndGet(143)) - a6e5811f-94fc-4b80-ac7d-ab0b387e43ac: start LeaderElection
2019-10-04 06:28:46,200 [grpc-default-executor-6] INFO  impl.RaftServerImpl (RaftServerImpl.java:setRole(170)) - fd6ad844-5084-4a79-88b5-192c4e1ce2b2@group-2859D63131D2: changes role from CANDIDATE to FOLLOWER at term 1 for recognizeCandidate:fa71cad9-553e-4d32-83de-60c2765a1220
2019-10-04 06:28:46,200 [grpc-default-executor-6] INFO  impl.RoleInfo (RoleInfo.java:shutdownLeaderElection(134)) - fd6ad844-5084-4a79-88b5-192c4e1ce2b2: shutdown LeaderElection
2019-10-04 06:28:46,202 [grpc-default-executor-4] INFO  impl.RaftServerImpl (RaftServerImpl.java:setRole(170)) - a6e5811f-94fc-4b80-ac7d-ab0b387e43ac@group-2859D63131D2: changes role from CANDIDATE to FOLLOWER at term 1 for recognizeCandidate:fa71cad9-553e-4d32-83de-60c2765a1220
2019-10-04 06:28:46,203 [grpc-default-executor-6] INFO  impl.RoleInfo (RoleInfo.java:updateAndGet(143)) - fd6ad844-5084-4a79-88b5-192c4e1ce2b2: start FollowerState
2019-10-04 06:28:46,203 [grpc-default-executor-4] INFO  impl.RoleInfo (RoleInfo.java:shutdownLeaderElection(134)) - a6e5811f-94fc-4b80-ac7d-ab0b387e43ac: shutdown LeaderElection
2019-10-04 06:28:46,203 [grpc-default-executor-4] INFO  impl.RoleInfo (RoleInfo.java:updateAndGet(143)) - a6e5811f-94fc-4b80-ac7d-ab0b387e43ac: start FollowerState
2019-10-04 06:28:46,211 [fa71cad9-553e-4d32-83de-60c2765a1220@group-A89EBE295491-SegmentedRaftLogWorker] INFO  segmented.SegmentedRaftLogWorker (SegmentedRaftLogWorker.java:execute(574)) - fa71cad9-553e-4d32-83de-60c2765a1220@group-A89EBE295491-SegmentedRaftLogWorker: created new log segment /workdir/hadoop-ozone/integration-test/target/test-dir/MiniOzoneClusterImpl-353dc6ac-9fc0-413a-bb33-b58264605b5f/datanode-6/data/ratis/fc9e3bf7-cbf3-439f-8d08-a89ebe295491/current/log_inprogress_0
2019-10-04 06:28:46,215 [fa71cad9-553e-4d32-83de-60c2765a1220@group-2859D63131D2-LeaderElection67] INFO  impl.LeaderElection (LeaderElection.java:logAndReturn(56)) - fa71cad9-553e-4d32-83de-60c2765a1220@group-2859D63131D2-LeaderElection67: Election REJECTED; received 2 response(s) [fa71cad9-553e-4d32-83de-60c2765a1220<-fd6ad844-5084-4a79-88b5-192c4e1ce2b2#0:FAIL-t1, fa71cad9-553e-4d32-83de-60c2765a1220<-a6e5811f-94fc-4b80-ac7d-ab0b387e43ac#0:FAIL-t1] and 0 exception(s); fa71cad9-553e-4d32-83de-60c2765a1220@group-2859D63131D2:t1, leader=null, voted=fa71cad9-553e-4d32-83de-60c2765a1220, raftlog=fa71cad9-553e-4d32-83de-60c2765a1220@group-2859D63131D2-SegmentedRaftLog:OPENED:c-1,f-1,i0, conf=-1: [fa71cad9-553e-4d32-83de-60c2765a1220:192.168.151.69:44326, fd6ad844-5084-4a79-88b5-192c4e1ce2b2:192.168.151.69:34280, a6e5811f-94fc-4b80-ac7d-ab0b387e43ac:192.168.151.69:40727], old=null
2019-10-04 06:28:46,215 [fa71cad9-553e-4d32-83de-60c2765a1220@group-2859D63131D2-LeaderElection67] INFO  impl.RaftServerImpl (RaftServerImpl.java:setRole(170)) - fa71cad9-553e-4d32-83de-60c2765a1220@group-2859D63131D2: changes role from CANDIDATE to FOLLOWER at term 1 for DISCOVERED_A_NEW_TERM
2019-10-04 06:28:46,215 [fa71cad9-553e-4d32-83de-60c2765a1220@group-2859D63131D2-LeaderElection67] INFO  impl.RoleInfo (RoleInfo.java:shutdownLeaderElection(134)) - fa71cad9-553e-4d32-83de-60c2765a1220: shutdown LeaderElection
2019-10-04 06:28:46,215 [fa71cad9-553e-4d32-83de-60c2765a1220@group-2859D63131D2-LeaderElection67] INFO  impl.RoleInfo (RoleInfo.java:updateAndGet(143)) - fa71cad9-553e-4d32-83de-60c2765a1220: start FollowerState
2019-10-04 06:28:46,236 [a6e5811f-94fc-4b80-ac7d-ab0b387e43ac@group-2859D63131D2-LeaderElection69] INFO  impl.LeaderElection (LeaderElection.java:askForVotes(178)) - a6e5811f-94fc-4b80-ac7d-ab0b387e43ac@group-2859D63131D2-LeaderElection69: begin an election at term 2 for -1: [fa71cad9-553e-4d32-83de-60c2765a1220:192.168.151.69:44326, fd6ad844-5084-4a79-88b5-192c4e1ce2b2:192.168.151.69:34280, a6e5811f-94fc-4b80-ac7d-ab0b387e43ac:192.168.151.69:40727], old=null
2019-10-04 06:28:46,236 [fd6ad844-5084-4a79-88b5-192c4e1ce2b2@group-2859D63131D2-LeaderElection68] INFO  impl.LeaderElection (LeaderElection.java:askForVotes(178)) - fd6ad844-5084-4a79-88b5-192c4e1ce2b2@group-2859D63131D2-LeaderElection68: begin an election at term 2 for -1: [fa71cad9-553e-4d32-83de-60c2765a1220:192.168.151.69:44326, fd6ad844-5084-4a79-88b5-192c4e1ce2b2:192.168.151.69:34280, a6e5811f-94fc-4b80-ac7d-ab0b387e43ac:192.168.151.69:40727], old=null
2019-10-04 06:28:46,239 [fd6ad844-5084-4a79-88b5-192c4e1ce2b2@group-2859D63131D2-LeaderElection68] INFO  impl.LeaderElection (LeaderElection.java:logAndReturn(56)) - fd6ad844-5084-4a79-88b5-192c4e1ce2b2@group-2859D63131D2-LeaderElection68: Election REJECTED; received 0 response(s) [] and 0 exception(s); fd6ad844-5084-4a79-88b5-192c4e1ce2b2@group-2859D63131D2:t2, leader=null, voted=fd6ad844-5084-4a79-88b5-192c4e1ce2b2, raftlog=fd6ad844-5084-4a79-88b5-192c4e1ce2b2@group-2859D63131D2-SegmentedRaftLog:OPENED:c-1,f-1,i0, conf=-1: [fa71cad9-553e-4d32-83de-60c2765a1220:192.168.151.69:44326, fd6ad844-5084-4a79-88b5-192c4e1ce2b2:192.168.151.69:34280, a6e5811f-94fc-4b80-ac7d-ab0b387e43ac:192.168.151.69:40727], old=null
2019-10-04 06:28:46,239 [a6e5811f-94fc-4b80-ac7d-ab0b387e43ac@group-2859D63131D2-LeaderElection69] INFO  impl.LeaderElection (LeaderElection.java:logAndReturn(56)) - a6e5811f-94fc-4b80-ac7d-ab0b387e43ac@group-2859D63131D2-LeaderElection69: Election REJECTED; received 0 response(s) [] and 0 exception(s); a6e5811f-94fc-4b80-ac7d-ab0b387e43ac@group-2859D63131D2:t2, leader=null, voted=a6e5811f-94fc-4b80-ac7d-ab0b387e43ac, raftlog=a6e5811f-94fc-4b80-ac7d-ab0b387e43ac@group-2859D63131D2-SegmentedRaftLog:OPENED:c-1,f-1,i0, conf=-1: [fa71cad9-553e-4d32-83de-60c2765a1220:192.168.151.69:44326, fd6ad844-5084-4a79-88b5-192c4e1ce2b2:192.168.151.69:34280, a6e5811f-94fc-4b80-ac7d-ab0b387e43ac:192.168.151.69:40727], old=null
2019-10-04 06:28:46,249 [grpc-default-executor-2] INFO  impl.RaftServerImpl (RaftServerImpl.java:setRole(170)) - fa71cad9-553e-4d32-83de-60c2765a1220@group-2859D63131D2: changes role from  FOLLOWER to FOLLOWER at term 2 for recognizeCandidate:fd6ad844-5084-4a79-88b5-192c4e1ce2b2
2019-10-04 06:28:46,250 [grpc-default-executor-2] INFO  impl.RoleInfo (RoleInfo.java:shutdownFollowerState(121)) - fa71cad9-553e-4d32-83de-60c2765a1220: shutdown FollowerState
2019-10-04 06:28:46,250 [grpc-default-executor-2] INFO  impl.RoleInfo (RoleInfo.java:updateAndGet(143)) - fa71cad9-553e-4d32-83de-60c2765a1220: start FollowerState
2019-10-04 06:28:46,250 [Thread-1551] INFO  impl.FollowerState (FollowerState.java:run(117)) - fa71cad9-553e-4d32-83de-60c2765a1220@group-2859D63131D2-FollowerState was interrupted: java.lang.InterruptedException: sleep interrupted
2019-10-04 06:28:46,267 [Datanode State Machine Thread - 0] INFO  statemachine.DatanodeStateMachine (DatanodeStateMachine.java:lambda$startDaemon$0(350)) - Ozone container server started.
2019-10-04 06:28:51,223 [Thread-1549] INFO  impl.FollowerState (FollowerState.java:run(108)) - fd6ad844-5084-4a79-88b5-192c4e1ce2b2@group-2859D63131D2-FollowerState: change to CANDIDATE, lastRpcTime:5020ms, electionTimeout:5020ms
2019-10-04 06:28:51,224 [Thread-1549] INFO  impl.RoleInfo (RoleInfo.java:shutdownFollowerState(121)) - fd6ad844-5084-4a79-88b5-192c4e1ce2b2: shutdown FollowerState
2019-10-04 06:28:51,225 [Thread-1549] INFO  impl.RaftServerImpl (RaftServerImpl.java:setRole(170)) - fd6ad844-5084-4a79-88b5-192c4e1ce2b2@group-2859D63131D2: changes role from  FOLLOWER to CANDIDATE at term 2 for changeToCandidate
2019-10-04 06:28:51,225 [Thread-1549] INFO  impl.RoleInfo (RoleInfo.java:updateAndGet(143)) - fd6ad844-5084-4a79-88b5-192c4e1ce2b2: start LeaderElection
2019-10-04 06:28:51,245 [main] INFO  ozoneimpl.OzoneContainer (OzoneContainer.java:stop(231)) - Attempting to stop container services.
2019-10-04 06:28:51,246 [main] INFO  impl.RaftServerProxy (RaftServerProxy.java:lambda$close$4(314)) - 5d6dac2c-28ba-4e48-a46a-83fcc0658c61: close
2019-10-04 06:28:51,246 [main] INFO  impl.RaftServerImpl (RaftServerImpl.java:lambda$shutdown$3(247)) - 5d6dac2c-28ba-4e48-a46a-83fcc0658c61@group-0C820820B4ED: shutdown
2019-10-04 06:28:51,246 [ForkJoinPool.commonPool-worker-1] INFO  impl.RaftServerImpl (RaftServerImpl.java:lambda$shutdown$3(247)) - 5d6dac2c-28ba-4e48-a46a-83fcc0658c61@group-A4CF8F989565: shutdown
2019-10-04 06:28:51,247 [main] INFO  util.JmxRegister (JmxRegister.java:unregister(73)) - Successfully un-registered JMX Bean with object name Ratis:service=RaftServer,group=group-0C820820B4ED,id=5d6dac2c-28ba-4e48-a46a-83fcc0658c61
2019-10-04 06:28:51,247 [ForkJoinPool.commonPool-worker-1] INFO  util.JmxRegister (JmxRegister.java:unregister(73)) - Successfully un-registered JMX Bean with object name Ratis:service=RaftServer,group=group-A4CF8F989565,id=5d6dac2c-28ba-4e48-a46a-83fcc0658c61
2019-10-04 06:28:51,247 [main] INFO  impl.RoleInfo (RoleInfo.java:shutdownLeaderState(104)) - 5d6dac2c-28ba-4e48-a46a-83fcc0658c61: shutdown LeaderState
2019-10-04 06:28:51,247 [ForkJoinPool.commonPool-worker-1] INFO  impl.RoleInfo (RoleInfo.java:shutdownFollowerState(121)) - 5d6dac2c-28ba-4e48-a46a-83fcc0658c61: shutdown FollowerState
2019-10-04 06:28:51,247 [main] INFO  impl.PendingRequests (PendingRequests.java:sendNotLeaderResponses(202)) - 5d6dac2c-28ba-4e48-a46a-83fcc0658c61@group-0C820820B4ED-PendingRequests: sendNotLeaderResponses
2019-10-04 06:28:51,248 [Thread-1516] INFO  impl.FollowerState (FollowerState.java:run(117)) - 5d6dac2c-28ba-4e48-a46a-83fcc0658c61@group-A4CF8F989565-FollowerState was interrupted: java.lang.InterruptedException: sleep interrupted
2019-10-04 06:28:51,247 [ForkJoinPool.commonPool-worker-1] INFO  impl.StateMachineUpdater (StateMachineUpdater.java:stopAndJoin(136)) - 5d6dac2c-28ba-4e48-a46a-83fcc0658c61@group-A4CF8F989565-StateMachineUpdater: set stopIndex = 2
2019-10-04 06:28:51,248 [main] INFO  impl.StateMachineUpdater (StateMachineUpdater.java:stopAndJoin(136)) - 5d6dac2c-28ba-4e48-a46a-83fcc0658c61@group-0C820820B4ED-StateMachineUpdater: set stopIndex = 0
2019-10-04 06:28:51,248 [5d6dac2c-28ba-4e48-a46a-83fcc0658c61@group-A4CF8F989565-StateMachineUpdater] INFO  ratis.ContainerStateMachine (ContainerStateMachine.java:takeSnapshot(293)) - group-A4CF8F989565: Taking a snapshot at:(t:1, i:1) file /workdir/hadoop-ozone/integration-test/target/test-dir/MiniOzoneClusterImpl-353dc6ac-9fc0-413a-bb33-b58264605b5f/datanode-2/data/ratis/13d6e0a6-6d95-442b-b107-a4cf8f989565/sm/snapshot.1_1
2019-10-04 06:28:51,249 [main] INFO  impl.RaftServerImpl (ServerState.java:close(387)) - 5d6dac2c-28ba-4e48-a46a-83fcc0658c61@group-0C820820B4ED: closes. applyIndex: 0
2019-10-04 06:28:51,249 [5d6dac2c-28ba-4e48-a46a-83fcc0658c61@group-0C820820B4ED-SegmentedRaftLogWorker] INFO  segmented.SegmentedRaftLogWorker (SegmentedRaftLogWorker.java:run(316)) - 5d6dac2c-28ba-4e48-a46a-83fcc0658c61@group-0C820820B4ED-SegmentedRaftLogWorker was interrupted, exiting. There are 0 tasks remaining in the queue.
2019-10-04 06:28:51,256 [main] INFO  segmented.SegmentedRaftLogWorker (SegmentedRaftLogWorker.java:close(224)) - 5d6dac2c-28ba-4e48-a46a-83fcc0658c61@group-0C820820B4ED-SegmentedRaftLogWorker close()
2019-10-04 06:28:51,256 [fd6ad844-5084-4a79-88b5-192c4e1ce2b2@group-2859D63131D2-LeaderElection70] INFO  impl.LeaderElection (LeaderElection.java:askForVotes(178)) - fd6ad844-5084-4a79-88b5-192c4e1ce2b2@group-2859D63131D2-LeaderElection70: begin an election at term 3 for -1: [fa71cad9-553e-4d32-83de-60c2765a1220:192.168.151.69:44326, fd6ad844-5084-4a79-88b5-192c4e1ce2b2:192.168.151.69:34280, a6e5811f-94fc-4b80-ac7d-ab0b387e43ac:192.168.151.69:40727], old=null
2019-10-04 06:28:51,268 [Thread-1558] INFO  impl.FollowerState (FollowerState.java:run(108)) - fa71cad9-553e-4d32-83de-60c2765a1220@group-2859D63131D2-FollowerState: change to CANDIDATE, lastRpcTime:5018ms, electionTimeout:5018ms
2019-10-04 06:28:51,268 [Thread-1558] INFO  impl.RoleInfo (RoleInfo.java:shutdownFollowerState(121)) - fa71cad9-553e-4d32-83de-60c2765a1220: shutdown FollowerState
2019-10-04 06:28:51,268 [Thread-1558] INFO  impl.RaftServerImpl (RaftServerImpl.java:setRole(170)) - fa71cad9-553e-4d32-83de-60c2765a1220@group-2859D63131D2: changes role from  FOLLOWER to CANDIDATE at term 2 for changeToCandidate
2019-10-04 06:28:51,268 [grpc-default-executor-3] INFO  impl.RaftServerImpl (RaftServerImpl.java:setRole(170)) - a6e5811f-94fc-4b80-ac7d-ab0b387e43ac@group-2859D63131D2: changes role from  FOLLOWER to FOLLOWER at term 3 for recognizeCandidate:fd6ad844-5084-4a79-88b5-192c4e1ce2b2
2019-10-04 06:28:51,268 [Thread-1558] INFO  impl.RoleInfo (RoleInfo.java:updateAndGet(143)) - fa71cad9-553e-4d32-83de-60c2765a1220: start LeaderElection
2019-10-04 06:28:51,269 [grpc-default-executor-3] INFO  impl.RoleInfo (RoleInfo.java:shutdownFollowerState(121)) - a6e5811f-94fc-4b80-ac7d-ab0b387e43ac: shutdown FollowerState
2019-10-04 06:28:51,269 [grpc-default-executor-2] INFO  impl.RaftServerImpl (RaftServerImpl.java:setRole(170)) - fa71cad9-553e-4d32-83de-60c2765a1220@group-2859D63131D2: changes role from CANDIDATE to FOLLOWER at term 3 for recognizeCandidate:fd6ad844-5084-4a79-88b5-192c4e1ce2b2
2019-10-04 06:28:51,269 [grpc-default-executor-3] INFO  impl.RoleInfo (RoleInfo.java:updateAndGet(143)) - a6e5811f-94fc-4b80-ac7d-ab0b387e43ac: start FollowerState
2019-10-04 06:28:51,269 [Thread-1550] INFO  impl.FollowerState (FollowerState.java:run(117)) - a6e5811f-94fc-4b80-ac7d-ab0b387e43ac@group-2859D63131D2-FollowerState was interrupted: java.lang.InterruptedException: sleep interrupted
2019-10-04 06:28:51,269 [grpc-default-executor-2] INFO  impl.RoleInfo (RoleInfo.java:shutdownLeaderElection(134)) - fa71cad9-553e-4d32-83de-60c2765a1220: shutdown LeaderElection
2019-10-04 06:28:51,270 [grpc-default-executor-2] INFO  impl.RoleInfo (RoleInfo.java:updateAndGet(143)) - fa71cad9-553e-4d32-83de-60c2765a1220: start FollowerState
2019-10-04 06:28:51,271 [5d6dac2c-28ba-4e48-a46a-83fcc0658c61@group-A4CF8F989565-StateMachineUpdater] INFO  ratis.ContainerStateMachine (ContainerStateMachine.java:takeSnapshot(304)) - group-A4CF8F989565: Finished taking a snapshot at:(t:1, i:1) file:/workdir/hadoop-ozone/integration-test/target/test-dir/MiniOzoneClusterImpl-353dc6ac-9fc0-413a-bb33-b58264605b5f/datanode-2/data/ratis/13d6e0a6-6d95-442b-b107-a4cf8f989565/sm/snapshot.1_1 time:23
2019-10-04 06:28:51,271 [5d6dac2c-28ba-4e48-a46a-83fcc0658c61@group-A4CF8F989565-StateMachineUpdater] INFO  impl.StateMachineUpdater (StateMachineUpdater.java:takeSnapshot(269)) - 5d6dac2c-28ba-4e48-a46a-83fcc0658c61@group-A4CF8F989565-StateMachineUpdater: Took a snapshot at index 1
2019-10-04 06:28:51,271 [5d6dac2c-28ba-4e48-a46a-83fcc0658c61@group-A4CF8F989565-StateMachineUpdater] INFO  impl.StateMachineUpdater (StateMachineUpdater.java:lambda$new$0(84)) - 5d6dac2c-28ba-4e48-a46a-83fcc0658c61@group-A4CF8F989565-StateMachineUpdater: snapshotIndex: updateIncreasingly -1 -> 1
2019-10-04 06:28:51,272 [5d6dac2c-28ba-4e48-a46a-83fcc0658c61@group-A4CF8F989565-StateMachineUpdater] INFO  ratis.ContainerStateMachine (ContainerStateMachine.java:takeSnapshot(293)) - group-A4CF8F989565: Taking a snapshot at:(t:1, i:1) file /workdir/hadoop-ozone/integration-test/target/test-dir/MiniOzoneClusterImpl-353dc6ac-9fc0-413a-bb33-b58264605b5f/datanode-2/data/ratis/13d6e0a6-6d95-442b-b107-a4cf8f989565/sm/snapshot.1_1
2019-10-04 06:28:51,296 [5d6dac2c-28ba-4e48-a46a-83fcc0658c61@group-A4CF8F989565-StateMachineUpdater] INFO  ratis.ContainerStateMachine (ContainerStateMachine.java:takeSnapshot(304)) - group-A4CF8F989565: Finished taking a snapshot at:(t:1, i:1) file:/workdir/hadoop-ozone/integration-test/target/test-dir/MiniOzoneClusterImpl-353dc6ac-9fc0-413a-bb33-b58264605b5f/datanode-2/data/ratis/13d6e0a6-6d95-442b-b107-a4cf8f989565/sm/snapshot.1_1 time:24
2019-10-04 06:28:51,296 [5d6dac2c-28ba-4e48-a46a-83fcc0658c61@group-A4CF8F989565-StateMachineUpdater] INFO  impl.StateMachineUpdater (StateMachineUpdater.java:takeSnapshot(269)) - 5d6dac2c-28ba-4e48-a46a-83fcc0658c61@group-A4CF8F989565-StateMachineUpdater: Took a snapshot at index 1
2019-10-04 06:28:51,296 [5d6dac2c-28ba-4e48-a46a-83fcc0658c61@group-A4CF8F989565-StateMachineUpdater] INFO  impl.StateMachineUpdater (StateMachineUpdater.java:lambda$new$0(84)) - 5d6dac2c-28ba-4e48-a46a-83fcc0658c61@group-A4CF8F989565-StateMachineUpdater: snapshotIndex: updateIncreasingly 1 -> 1
2019-10-04 06:28:51,296 [ForkJoinPool.commonPool-worker-1] INFO  impl.RaftServerImpl (ServerState.java:close(387)) - 5d6dac2c-28ba-4e48-a46a-83fcc0658c61@group-A4CF8F989565: closes. applyIndex: 2
2019-10-04 06:28:51,297 [5d6dac2c-28ba-4e48-a46a-83fcc0658c61@group-A4CF8F989565-SegmentedRaftLogWorker] INFO  segmented.SegmentedRaftLogWorker (SegmentedRaftLogWorker.java:run(316)) - 5d6dac2c-28ba-4e48-a46a-83fcc0658c61@group-A4CF8F989565-SegmentedRaftLogWorker was interrupted, exiting. There are 0 tasks remaining in the queue.
2019-10-04 06:28:51,299 [ForkJoinPool.commonPool-worker-1] INFO  segmented.SegmentedRaftLogWorker (SegmentedRaftLogWorker.java:close(224)) - 5d6dac2c-28ba-4e48-a46a-83fcc0658c61@group-A4CF8F989565-SegmentedRaftLogWorker close()
2019-10-04 06:28:51,302 [main] INFO  server.GrpcService (GrpcService.java:closeImpl(164)) - 5d6dac2c-28ba-4e48-a46a-83fcc0658c61: shutdown server with port 36683 now
2019-10-04 06:28:51,303 [fd6ad844-5084-4a79-88b5-192c4e1ce2b2@group-2859D63131D2-LeaderElection70] INFO  impl.LeaderElection (LeaderElection.java:logAndReturn(56)) - fd6ad844-5084-4a79-88b5-192c4e1ce2b2@group-2859D63131D2-LeaderElection70: Election PASSED; received 2 response(s) [fd6ad844-5084-4a79-88b5-192c4e1ce2b2<-fa71cad9-553e-4d32-83de-60c2765a1220#0:FAIL-t3, fd6ad844-5084-4a79-88b5-192c4e1ce2b2<-a6e5811f-94fc-4b80-ac7d-ab0b387e43ac#0:OK-t3] and 0 exception(s); fd6ad844-5084-4a79-88b5-192c4e1ce2b2@group-2859D63131D2:t3, leader=null, voted=fd6ad844-5084-4a79-88b5-192c4e1ce2b2, raftlog=fd6ad844-5084-4a79-88b5-192c4e1ce2b2@group-2859D63131D2-SegmentedRaftLog:OPENED:c-1,f-1,i0, conf=-1: [fa71cad9-553e-4d32-83de-60c2765a1220:192.168.151.69:44326, fd6ad844-5084-4a79-88b5-192c4e1ce2b2:192.168.151.69:34280, a6e5811f-94fc-4b80-ac7d-ab0b387e43ac:192.168.151.69:40727], old=null
2019-10-04 06:28:51,303 [fd6ad844-5084-4a79-88b5-192c4e1ce2b2@group-2859D63131D2-LeaderElection70] INFO  impl.RoleInfo (RoleInfo.java:shutdownLeaderElection(134)) - fd6ad844-5084-4a79-88b5-192c4e1ce2b2: shutdown LeaderElection
2019-10-04 06:28:51,304 [fd6ad844-5084-4a79-88b5-192c4e1ce2b2@group-2859D63131D2-LeaderElection70] INFO  impl.RaftServerImpl (RaftServerImpl.java:setRole(170)) - fd6ad844-5084-4a79-88b5-192c4e1ce2b2@group-2859D63131D2: changes role from CANDIDATE to LEADER at term 3 for changeToLeader
2019-10-04 06:28:51,304 [fd6ad844-5084-4a79-88b5-192c4e1ce2b2@group-2859D63131D2-LeaderElection70] INFO  impl.RaftServerImpl (ServerState.java:setLeader(255)) - fd6ad844-5084-4a79-88b5-192c4e1ce2b2@group-2859D63131D2: change Leader from null to fd6ad844-5084-4a79-88b5-192c4e1ce2b2 at term 3 for becomeLeader, leader elected after 10254ms
2019-10-04 06:28:51,307 [fd6ad844-5084-4a79-88b5-192c4e1ce2b2@group-2859D63131D2-LeaderElection70] INFO  server.RaftServerConfigKeys (ConfUtils.java:logGet(43)) - raft.server.staging.catchup.gap = 1000 (default)
2019-10-04 06:28:51,307 [grpc-default-executor-6] WARN  server.GrpcLogAppender (LogUtils.java:warn(134)) - 1a60f1dd-57b0-4e50-a131-82451b1e3cfa@group-A4CF8F989565->5d6dac2c-28ba-4e48-a46a-83fcc0658c61-AppendLogResponseHandler: Failed appendEntries: org.apache.ratis.thirdparty.io.grpc.StatusRuntimeException: CANCELLED: HTTP/2 error code: CANCEL
Received Rst Stream
2019-10-04 06:28:51,307 [grpc-default-executor-3] WARN  server.GrpcServerProtocolService (LogUtils.java:warn(134)) - 5d6dac2c-28ba-4e48-a46a-83fcc0658c61: installSnapshot onError, lastRequest: 1a60f1dd-57b0-4e50-a131-82451b1e3cfa->5d6dac2c-28ba-4e48-a46a-83fcc0658c61#5-t1, previous=(t:1, i:2), leaderCommit=2, initializing? false, entries: <empty>: org.apache.ratis.thirdparty.io.grpc.StatusRuntimeException: CANCELLED: cancelled before receiving half close
2019-10-04 06:28:51,307 [fd6ad844-5084-4a79-88b5-192c4e1ce2b2@group-2859D63131D2-LeaderElection70] INFO  server.RaftServerConfigKeys (ConfUtils.java:logGet(43)) - raft.server.rpc.sleep.time = 25ms (default)
2019-10-04 06:28:51,307 [main] INFO  server.GrpcService (GrpcService.java:closeImpl(172)) - 5d6dac2c-28ba-4e48-a46a-83fcc0658c61: shutdown server with port 36683 successfully
2019-10-04 06:28:51,308 [grpc-default-executor-6] INFO  impl.FollowerInfo (FollowerInfo.java:lambda$new$0(51)) - 1a60f1dd-57b0-4e50-a131-82451b1e3cfa@group-A4CF8F989565->5d6dac2c-28ba-4e48-a46a-83fcc0658c61: nextIndex: updateUnconditionally 3 -> 2
2019-10-04 06:28:51,308 [fd6ad844-5084-4a79-88b5-192c4e1ce2b2@group-2859D63131D2-LeaderElection70] INFO  server.RaftServerConfigKeys (ConfUtils.java:logGet(43)) - raft.server.write.element-limit = 4096 (default)
2019-10-04 06:28:51,309 [fd6ad844-5084-4a79-88b5-192c4e1ce2b2@group-2859D63131D2-LeaderElection70] INFO  server.RaftServerConfigKeys (ConfUtils.java:logGet(43)) - raft.server.watch.timeout = 10s (default)
2019-10-04 06:28:51,309 [fd6ad844-5084-4a79-88b5-192c4e1ce2b2@group-2859D63131D2-LeaderElection70] INFO  server.RaftServerConfigKeys (ConfUtils.java:logGet(43)) - raft.server.watch.timeout.denomination = 1s (default)
2019-10-04 06:28:51,309 [fd6ad844-5084-4a79-88b5-192c4e1ce2b2@group-2859D63131D2-LeaderElection70] INFO  server.RaftServerConfigKeys (ConfUtils.java:logGet(43)) - raft.server.watch.element-limit = 65536 (default)
2019-10-04 06:28:51,310 [refreshUsed-/workdir/hadoop-ozone/integration-test/target/test-dir/MiniOzoneClusterImpl-353dc6ac-9fc0-413a-bb33-b58264605b5f/datanode-2/data/containers] WARN  fs.CachingGetSpaceUsed (CachingGetSpaceUsed.java:run(183)) - Thread Interrupted waiting to refresh disk information: sleep interrupted
2019-10-04 06:28:51,314 [fd6ad844-5084-4a79-88b5-192c4e1ce2b2@group-2859D63131D2-LeaderElection70] INFO  server.RaftServerConfigKeys (ConfUtils.java:logGet(43)) - raft.server.log.appender.snapshot.chunk.size.max = 16MB (=16777216) (default)
2019-10-04 06:28:51,314 [fd6ad844-5084-4a79-88b5-192c4e1ce2b2@group-2859D63131D2-LeaderElection70] INFO  server.RaftServerConfigKeys (ConfUtils.java:logGet(43)) - raft.server.log.appender.buffer.byte-limit = 33554432 (custom)
2019-10-04 06:28:51,314 [fd6ad844-5084-4a79-88b5-192c4e1ce2b2@group-2859D63131D2-LeaderElection70] INFO  server.RaftServerConfigKeys (ConfUtils.java:logGet(43)) - raft.server.log.appender.buffer.element-limit = 1 (custom)
2019-10-04 06:28:51,315 [fd6ad844-5084-4a79-88b5-192c4e1ce2b2@group-2859D63131D2-LeaderElection70] INFO  grpc.GrpcConfigKeys$Server (ConfUtils.java:logGet(43)) - raft.grpc.server.leader.outstanding.appends.max = 128 (default)
2019-10-04 06:28:51,315 [fd6ad844-5084-4a79-88b5-192c4e1ce2b2@group-2859D63131D2-LeaderElection70] INFO  server.RaftServerConfigKeys (ConfUtils.java:logGet(43)) - raft.server.rpc.request.timeout = 3000ms (default)
2019-10-04 06:28:51,315 [fd6ad844-5084-4a79-88b5-192c4e1ce2b2@group-2859D63131D2-LeaderElection70] INFO  server.RaftServerConfigKeys (ConfUtils.java:logGet(43)) - raft.server.log.appender.install.snapshot.enabled = false (custom)
2019-10-04 06:28:51,315 [fd6ad844-5084-4a79-88b5-192c4e1ce2b2@group-2859D63131D2-LeaderElection70] INFO  server.RaftServerConfigKeys (ConfUtils.java:logGet(43)) - raft.server.log.appender.snapshot.chunk.size.max = 16MB (=16777216) (default)
2019-10-04 06:28:51,315 [fd6ad844-5084-4a79-88b5-192c4e1ce2b2@group-2859D63131D2-LeaderElection70] INFO  server.RaftServerConfigKeys (ConfUtils.java:logGet(43)) - raft.server.log.appender.buffer.byte-limit = 33554432 (custom)
2019-10-04 06:28:51,315 [fd6ad844-5084-4a79-88b5-192c4e1ce2b2@group-2859D63131D2-LeaderElection70] INFO  server.RaftServerConfigKeys (ConfUtils.java:logGet(43)) - raft.server.log.appender.buffer.element-limit = 1 (custom)
2019-10-04 06:28:51,315 [fd6ad844-5084-4a79-88b5-192c4e1ce2b2@group-2859D63131D2-LeaderElection70] INFO  grpc.GrpcConfigKeys$Server (ConfUtils.java:logGet(43)) - raft.grpc.server.leader.outstanding.appends.max = 128 (default)
2019-10-04 06:28:51,315 [fd6ad844-5084-4a79-88b5-192c4e1ce2b2@group-2859D63131D2-LeaderElection70] INFO  server.RaftServerConfigKeys (ConfUtils.java:logGet(43)) - raft.server.rpc.request.timeout = 3000ms (default)
2019-10-04 06:28:51,316 [fd6ad844-5084-4a79-88b5-192c4e1ce2b2@group-2859D63131D2-LeaderElection70] INFO  server.RaftServerConfigKeys (ConfUtils.java:logGet(43)) - raft.server.log.appender.install.snapshot.enabled = false (custom)
2019-10-04 06:28:51,316 [fd6ad844-5084-4a79-88b5-192c4e1ce2b2@group-2859D63131D2-LeaderElection70] INFO  impl.RoleInfo (RoleInfo.java:updateAndGet(143)) - fd6ad844-5084-4a79-88b5-192c4e1ce2b2: start LeaderState
2019-10-04 06:28:51,316 [fd6ad844-5084-4a79-88b5-192c4e1ce2b2@group-2859D63131D2-LeaderElection70] INFO  segmented.SegmentedRaftLogWorker (SegmentedRaftLogWorker.java:startLogSegment(385)) - fd6ad844-5084-4a79-88b5-192c4e1ce2b2@group-2859D63131D2-SegmentedRaftLogWorker: Starting segment from index:0
2019-10-04 06:28:51,317 [fd6ad844-5084-4a79-88b5-192c4e1ce2b2@group-2859D63131D2-LeaderElection70] INFO  impl.RaftServerImpl (ServerState.java:setRaftConf(356)) - fd6ad844-5084-4a79-88b5-192c4e1ce2b2@group-2859D63131D2: set configuration 0: [fa71cad9-553e-4d32-83de-60c2765a1220:192.168.151.69:44326, fd6ad844-5084-4a79-88b5-192c4e1ce2b2:192.168.151.69:34280, a6e5811f-94fc-4b80-ac7d-ab0b387e43ac:192.168.151.69:40727], old=null at 0
2019-10-04 06:28:51,344 [fa71cad9-553e-4d32-83de-60c2765a1220@group-2859D63131D2-LeaderElection71] INFO  impl.LeaderElection (LeaderElection.java:askForVotes(178)) - fa71cad9-553e-4d32-83de-60c2765a1220@group-2859D63131D2-LeaderElection71: begin an election at term 4 for -1: [fa71cad9-553e-4d32-83de-60c2765a1220:192.168.151.69:44326, fd6ad844-5084-4a79-88b5-192c4e1ce2b2:192.168.151.69:34280, a6e5811f-94fc-4b80-ac7d-ab0b387e43ac:192.168.151.69:40727], old=null
2019-10-04 06:28:51,345 [fa71cad9-553e-4d32-83de-60c2765a1220@group-2859D63131D2-LeaderElection71] INFO  impl.LeaderElection (LeaderElection.java:logAndReturn(56)) - fa71cad9-553e-4d32-83de-60c2765a1220@group-2859D63131D2-LeaderElection71: Election REJECTED; received 0 response(s) [] and 0 exception(s); fa71cad9-553e-4d32-83de-60c2765a1220@group-2859D63131D2:t4, leader=null, voted=fa71cad9-553e-4d32-83de-60c2765a1220, raftlog=fa71cad9-553e-4d32-83de-60c2765a1220@group-2859D63131D2-SegmentedRaftLog:OPENED:c-1,f-1,i0, conf=-1: [fa71cad9-553e-4d32-83de-60c2765a1220:192.168.151.69:44326, fd6ad844-5084-4a79-88b5-192c4e1ce2b2:192.168.151.69:34280, a6e5811f-94fc-4b80-ac7d-ab0b387e43ac:192.168.151.69:40727], old=null
2019-10-04 06:28:51,352 [grpc-default-executor-2] INFO  impl.RaftServerImpl (RaftServerImpl.java:setRole(170)) - a6e5811f-94fc-4b80-ac7d-ab0b387e43ac@group-2859D63131D2: changes role from  FOLLOWER to FOLLOWER at term 4 for recognizeCandidate:fa71cad9-553e-4d32-83de-60c2765a1220
2019-10-04 06:28:51,352 [grpc-default-executor-2] INFO  impl.RoleInfo (RoleInfo.java:shutdownFollowerState(121)) - a6e5811f-94fc-4b80-ac7d-ab0b387e43ac: shutdown FollowerState
2019-10-04 06:28:51,352 [grpc-default-executor-2] INFO  impl.RoleInfo (RoleInfo.java:updateAndGet(143)) - a6e5811f-94fc-4b80-ac7d-ab0b387e43ac: start FollowerState
2019-10-04 06:28:51,352 [Thread-1567] INFO  impl.FollowerState (FollowerState.java:run(117)) - a6e5811f-94fc-4b80-ac7d-ab0b387e43ac@group-2859D63131D2-FollowerState was interrupted: java.lang.InterruptedException: sleep interrupted
2019-10-04 06:28:51,353 [grpc-default-executor-3] INFO  impl.RaftServerImpl (ServerState.java:setLeader(255)) - fd6ad844-5084-4a79-88b5-192c4e1ce2b2@group-2859D63131D2: change Leader from fd6ad844-5084-4a79-88b5-192c4e1ce2b2 to null at term 4 for updateCurrentTerm
2019-10-04 06:28:51,353 [grpc-default-executor-3] INFO  impl.RaftServerImpl (RaftServerImpl.java:setRole(170)) - fd6ad844-5084-4a79-88b5-192c4e1ce2b2@group-2859D63131D2: changes role from    LEADER to FOLLOWER at term 4 for recognizeCandidate:fa71cad9-553e-4d32-83de-60c2765a1220
2019-10-04 06:28:51,353 [grpc-default-executor-3] INFO  impl.RoleInfo (RoleInfo.java:shutdownLeaderState(104)) - fd6ad844-5084-4a79-88b5-192c4e1ce2b2: shutdown LeaderState
2019-10-04 06:28:51,356 [grpc-default-executor-3] INFO  impl.PendingRequests (PendingRequests.java:sendNotLeaderResponses(202)) - fd6ad844-5084-4a79-88b5-192c4e1ce2b2@group-2859D63131D2-PendingRequests: sendNotLeaderResponses
2019-10-04 06:28:51,356 [org.apache.ratis.server.impl.LogAppender$AppenderDaemon$$Lambda$445/616333287@23691e92] WARN  server.GrpcLogAppender (GrpcLogAppender.java:mayWait(143)) - fd6ad844-5084-4a79-88b5-192c4e1ce2b2@group-2859D63131D2->a6e5811f-94fc-4b80-ac7d-ab0b387e43ac-GrpcLogAppender: Wait interrupted by java.lang.InterruptedException
2019-10-04 06:28:51,356 [org.apache.ratis.server.impl.LogAppender$AppenderDaemon$$Lambda$445/616333287@46477bab] WARN  server.GrpcLogAppender (GrpcLogAppender.java:mayWait(143)) - fd6ad844-5084-4a79-88b5-192c4e1ce2b2@group-2859D63131D2->fa71cad9-553e-4d32-83de-60c2765a1220-GrpcLogAppender: Wait interrupted by java.lang.InterruptedException
2019-10-04 06:28:51,356 [grpc-default-executor-3] INFO  impl.RoleInfo (RoleInfo.java:updateAndGet(143)) - fd6ad844-5084-4a79-88b5-192c4e1ce2b2: start FollowerState
2019-10-04 06:28:51,357 [grpc-default-executor-6] INFO  server.GrpcServerProtocolService (GrpcServerProtocolService.java:onCompleted(113)) - fa71cad9-553e-4d32-83de-60c2765a1220: Completed APPEND_ENTRIES, lastRequest: fd6ad844-5084-4a79-88b5-192c4e1ce2b2->fa71cad9-553e-4d32-83de-60c2765a1220#0-t3, previous=(t:0, i:0), leaderCommit=-1, initializing? false, entries: <empty>
2019-10-04 06:28:51,359 [grpc-default-executor-1] INFO  server.GrpcLogAppender (GrpcLogAppender.java:onCompleted(293)) - fd6ad844-5084-4a79-88b5-192c4e1ce2b2@group-2859D63131D2->fa71cad9-553e-4d32-83de-60c2765a1220-AppendLogResponseHandler: follower responses appendEntries COMPLETED
2019-10-04 06:28:51,360 [grpc-default-executor-1] INFO  impl.FollowerInfo (FollowerInfo.java:lambda$new$0(51)) - fd6ad844-5084-4a79-88b5-192c4e1ce2b2@group-2859D63131D2->fa71cad9-553e-4d32-83de-60c2765a1220: nextIndex: updateUnconditionally 0 -> 0
2019-10-04 06:28:51,369 [fd6ad844-5084-4a79-88b5-192c4e1ce2b2@group-2859D63131D2-SegmentedRaftLogWorker] INFO  segmented.SegmentedRaftLogWorker (SegmentedRaftLogWorker.java:execute(574)) - fd6ad844-5084-4a79-88b5-192c4e1ce2b2@group-2859D63131D2-SegmentedRaftLogWorker: created new log segment /workdir/hadoop-ozone/integration-test/target/test-dir/MiniOzoneClusterImpl-353dc6ac-9fc0-413a-bb33-b58264605b5f/datanode-3/data/ratis/9723b5e0-f070-4820-b28b-2859d63131d2/current/log_inprogress_0
2019-10-04 06:28:51,369 [main] INFO  utils.BackgroundService (BackgroundService.java:shutdown(148)) - Shutting down service BlockDeletingService
2019-10-04 06:28:51,369 [grpc-default-executor-4] INFO  server.GrpcServerProtocolService (GrpcServerProtocolService.java:onCompleted(113)) - a6e5811f-94fc-4b80-ac7d-ab0b387e43ac: Completed APPEND_ENTRIES, lastRequest: fd6ad844-5084-4a79-88b5-192c4e1ce2b2->a6e5811f-94fc-4b80-ac7d-ab0b387e43ac#0-t3, previous=(t:0, i:0), leaderCommit=-1, initializing? false, entries: <empty>
2019-10-04 06:28:51,374 [grpc-default-executor-2] INFO  server.GrpcLogAppender (GrpcLogAppender.java:onCompleted(293)) - fd6ad844-5084-4a79-88b5-192c4e1ce2b2@group-2859D63131D2->a6e5811f-94fc-4b80-ac7d-ab0b387e43ac-AppendLogResponseHandler: follower responses appendEntries COMPLETED
2019-10-04 06:28:51,379 [main] INFO  statemachine.DatanodeStateMachine (DatanodeStateMachine.java:stopDaemon(395)) - Ozone container server stopped.
2019-10-04 06:28:51,380 [grpc-default-executor-2] INFO  impl.FollowerInfo (FollowerInfo.java:lambda$new$0(51)) - fd6ad844-5084-4a79-88b5-192c4e1ce2b2@group-2859D63131D2->a6e5811f-94fc-4b80-ac7d-ab0b387e43ac: nextIndex: updateUnconditionally 0 -> 0
2019-10-04 06:28:51,381 [main] INFO  handler.ContextHandler (ContextHandler.java:doStop(910)) - Stopped o.e.j.w.WebAppContext@cfd1075{/,null,UNAVAILABLE}{/hddsDatanode}
2019-10-04 06:28:51,382 [main] INFO  server.AbstractConnector (AbstractConnector.java:doStop(318)) - Stopped ServerConnector@45117dd{HTTP/1.1,[http/1.1]}{0.0.0.0:0}
2019-10-04 06:28:51,383 [main] INFO  handler.ContextHandler (ContextHandler.java:doStop(910)) - Stopped o.e.j.s.ServletContextHandler@51e754e1{/static,jar:file:/home/user/.m2/repository/org/apache/hadoop/hadoop-hdds-container-service/0.5.0-SNAPSHOT/hadoop-hdds-container-service-0.5.0-SNAPSHOT.jar!/webapps/static,UNAVAILABLE}
2019-10-04 06:28:51,383 [main] INFO  handler.ContextHandler (ContextHandler.java:doStop(910)) - Stopped o.e.j.s.ServletContextHandler@7fedb795{/logs,file:///workdir/hadoop-ozone/integration-test/target/log,UNAVAILABLE}
2019-10-04 06:28:52,268 [Datanode State Machine Thread - 0] INFO  statemachine.DatanodeStateMachine (DatanodeStateMachine.java:lambda$startDaemon$0(350)) - Ozone container server started.
2019-10-04 06:28:53,653 [grpc-default-executor-3] WARN  server.GrpcLogAppender (LogUtils.java:warn(134)) - 1a60f1dd-57b0-4e50-a131-82451b1e3cfa@group-A4CF8F989565->5d6dac2c-28ba-4e48-a46a-83fcc0658c61-AppendLogResponseHandler: Failed appendEntries: org.apache.ratis.thirdparty.io.grpc.StatusRuntimeException: UNAVAILABLE: io exception
2019-10-04 06:28:53,654 [grpc-default-executor-3] INFO  impl.FollowerInfo (FollowerInfo.java:lambda$new$0(51)) - 1a60f1dd-57b0-4e50-a131-82451b1e3cfa@group-A4CF8F989565->5d6dac2c-28ba-4e48-a46a-83fcc0658c61: nextIndex: updateUnconditionally 2 -> 1
2019-10-04 06:28:56,157 [grpc-default-executor-1] WARN  server.GrpcLogAppender (LogUtils.java:warn(134)) - 1a60f1dd-57b0-4e50-a131-82451b1e3cfa@group-A4CF8F989565->5d6dac2c-28ba-4e48-a46a-83fcc0658c61-AppendLogResponseHandler: Failed appendEntries: org.apache.ratis.thirdparty.io.grpc.StatusRuntimeException: UNAVAILABLE: io exception
2019-10-04 06:28:56,158 [grpc-default-executor-1] INFO  impl.FollowerInfo (FollowerInfo.java:lambda$new$0(51)) - 1a60f1dd-57b0-4e50-a131-82451b1e3cfa@group-A4CF8F989565->5d6dac2c-28ba-4e48-a46a-83fcc0658c61: nextIndex: updateUnconditionally 1 -> 0
2019-10-04 06:28:56,362 [Thread-1576] INFO  impl.FollowerState (FollowerState.java:run(108)) - a6e5811f-94fc-4b80-ac7d-ab0b387e43ac@group-2859D63131D2-FollowerState: change to CANDIDATE, lastRpcTime:5009ms, electionTimeout:5009ms
2019-10-04 06:28:56,363 [Thread-1576] INFO  impl.RoleInfo (RoleInfo.java:shutdownFollowerState(121)) - a6e5811f-94fc-4b80-ac7d-ab0b387e43ac: shutdown FollowerState
2019-10-04 06:28:56,363 [Thread-1576] INFO  impl.RaftServerImpl (RaftServerImpl.java:setRole(170)) - a6e5811f-94fc-4b80-ac7d-ab0b387e43ac@group-2859D63131D2: changes role from  FOLLOWER to CANDIDATE at term 4 for changeToCandidate
2019-10-04 06:28:56,363 [Thread-1576] INFO  impl.RoleInfo (RoleInfo.java:updateAndGet(143)) - a6e5811f-94fc-4b80-ac7d-ab0b387e43ac: start LeaderElection
2019-10-04 06:28:56,378 [a6e5811f-94fc-4b80-ac7d-ab0b387e43ac@group-2859D63131D2-LeaderElection72] INFO  impl.LeaderElection (LeaderElection.java:askForVotes(178)) - a6e5811f-94fc-4b80-ac7d-ab0b387e43ac@group-2859D63131D2-LeaderElection72: begin an election at term 5 for -1: [fa71cad9-553e-4d32-83de-60c2765a1220:192.168.151.69:44326, fd6ad844-5084-4a79-88b5-192c4e1ce2b2:192.168.151.69:34280, a6e5811f-94fc-4b80-ac7d-ab0b387e43ac:192.168.151.69:40727], old=null
2019-10-04 06:28:56,389 [Thread-1568] INFO  impl.FollowerState (FollowerState.java:run(108)) - fa71cad9-553e-4d32-83de-60c2765a1220@group-2859D63131D2-FollowerState: change to CANDIDATE, lastRpcTime:5118ms, electionTimeout:5117ms
2019-10-04 06:28:56,389 [Thread-1568] INFO  impl.RoleInfo (RoleInfo.java:shutdownFollowerState(121)) - fa71cad9-553e-4d32-83de-60c2765a1220: shutdown FollowerState
2019-10-04 06:28:56,389 [grpc-default-executor-1] INFO  impl.RaftServerImpl (RaftServerImpl.java:setRole(170)) - fd6ad844-5084-4a79-88b5-192c4e1ce2b2@group-2859D63131D2: changes role from  FOLLOWER to FOLLOWER at term 5 for recognizeCandidate:a6e5811f-94fc-4b80-ac7d-ab0b387e43ac
2019-10-04 06:28:56,389 [Thread-1568] INFO  impl.RaftServerImpl (RaftServerImpl.java:setRole(170)) - fa71cad9-553e-4d32-83de-60c2765a1220@group-2859D63131D2: changes role from  FOLLOWER to CANDIDATE at term 4 for changeToCandidate
2019-10-04 06:28:56,389 [grpc-default-executor-1] INFO  impl.RoleInfo (RoleInfo.java:shutdownFollowerState(121)) - fd6ad844-5084-4a79-88b5-192c4e1ce2b2: shutdown FollowerState
2019-10-04 06:28:56,390 [Thread-1568] INFO  impl.RoleInfo (RoleInfo.java:updateAndGet(143)) - fa71cad9-553e-4d32-83de-60c2765a1220: start LeaderElection
2019-10-04 06:28:56,390 [grpc-default-executor-1] INFO  impl.RoleInfo (RoleInfo.java:updateAndGet(143)) - fd6ad844-5084-4a79-88b5-192c4e1ce2b2: start FollowerState
2019-10-04 06:28:56,390 [Thread-1577] INFO  impl.FollowerState (FollowerState.java:run(117)) - fd6ad844-5084-4a79-88b5-192c4e1ce2b2@group-2859D63131D2-FollowerState was interrupted: java.lang.InterruptedException: sleep interrupted
2019-10-04 06:28:56,390 [main] INFO  ozoneimpl.OzoneContainer (OzoneContainer.java:stop(231)) - Attempting to stop container services.
2019-10-04 06:28:56,390 [grpc-default-executor-2] INFO  impl.RaftServerImpl (RaftServerImpl.java:setRole(170)) - fa71cad9-553e-4d32-83de-60c2765a1220@group-2859D63131D2: changes role from CANDIDATE to FOLLOWER at term 5 for recognizeCandidate:a6e5811f-94fc-4b80-ac7d-ab0b387e43ac
2019-10-04 06:28:56,391 [grpc-default-executor-2] INFO  impl.RoleInfo (RoleInfo.java:shutdownLeaderElection(134)) - fa71cad9-553e-4d32-83de-60c2765a1220: shutdown LeaderElection
2019-10-04 06:28:56,391 [main] INFO  impl.RaftServerProxy (RaftServerProxy.java:lambda$close$4(314)) - f60682d0-d3c6-4810-99e4-62a378b29a6d: close
2019-10-04 06:28:56,391 [grpc-default-executor-2] INFO  impl.RoleInfo (RoleInfo.java:updateAndGet(143)) - fa71cad9-553e-4d32-83de-60c2765a1220: start FollowerState
2019-10-04 06:28:56,391 [main] INFO  impl.RaftServerImpl (RaftServerImpl.java:lambda$shutdown$3(247)) - f60682d0-d3c6-4810-99e4-62a378b29a6d@group-869C54BC372A: shutdown
2019-10-04 06:28:56,392 [ForkJoinPool.commonPool-worker-0] INFO  impl.RaftServerImpl (RaftServerImpl.java:lambda$shutdown$3(247)) - f60682d0-d3c6-4810-99e4-62a378b29a6d@group-A4CF8F989565: shutdown
2019-10-04 06:28:56,392 [main] INFO  util.JmxRegister (JmxRegister.java:unregister(73)) - Successfully un-registered JMX Bean with object name Ratis:service=RaftServer,group=group-869C54BC372A,id=f60682d0-d3c6-4810-99e4-62a378b29a6d
2019-10-04 06:28:56,392 [ForkJoinPool.commonPool-worker-0] INFO  util.JmxRegister (JmxRegister.java:unregister(73)) - Successfully un-registered JMX Bean with object name Ratis:service=RaftServer,group=group-A4CF8F989565,id=f60682d0-d3c6-4810-99e4-62a378b29a6d
2019-10-04 06:28:56,392 [main] INFO  impl.RoleInfo (RoleInfo.java:shutdownLeaderState(104)) - f60682d0-d3c6-4810-99e4-62a378b29a6d: shutdown LeaderState
2019-10-04 06:28:56,392 [ForkJoinPool.commonPool-worker-0] INFO  impl.RoleInfo (RoleInfo.java:shutdownFollowerState(121)) - f60682d0-d3c6-4810-99e4-62a378b29a6d: shutdown FollowerState
2019-10-04 06:28:56,393 [main] INFO  impl.PendingRequests (PendingRequests.java:sendNotLeaderResponses(202)) - f60682d0-d3c6-4810-99e4-62a378b29a6d@group-869C54BC372A-PendingRequests: sendNotLeaderResponses
2019-10-04 06:28:56,393 [Thread-1515] INFO  impl.FollowerState (FollowerState.java:run(117)) - f60682d0-d3c6-4810-99e4-62a378b29a6d@group-A4CF8F989565-FollowerState was interrupted: java.lang.InterruptedException: sleep interrupted
2019-10-04 06:28:56,393 [ForkJoinPool.commonPool-worker-0] INFO  impl.StateMachineUpdater (StateMachineUpdater.java:stopAndJoin(136)) - f60682d0-d3c6-4810-99e4-62a378b29a6d@group-A4CF8F989565-StateMachineUpdater: set stopIndex = 2
2019-10-04 06:28:56,393 [main] INFO  impl.StateMachineUpdater (StateMachineUpdater.java:stopAndJoin(136)) - f60682d0-d3c6-4810-99e4-62a378b29a6d@group-869C54BC372A-StateMachineUpdater: set stopIndex = 0
2019-10-04 06:28:56,394 [main] INFO  impl.RaftServerImpl (ServerState.java:close(387)) - f60682d0-d3c6-4810-99e4-62a378b29a6d@group-869C54BC372A: closes. applyIndex: 0
2019-10-04 06:28:56,393 [f60682d0-d3c6-4810-99e4-62a378b29a6d@group-A4CF8F989565-StateMachineUpdater] INFO  ratis.ContainerStateMachine (ContainerStateMachine.java:takeSnapshot(293)) - group-A4CF8F989565: Taking a snapshot at:(t:1, i:1) file /workdir/hadoop-ozone/integration-test/target/test-dir/MiniOzoneClusterImpl-353dc6ac-9fc0-413a-bb33-b58264605b5f/datanode-1/data/ratis/13d6e0a6-6d95-442b-b107-a4cf8f989565/sm/snapshot.1_1
2019-10-04 06:28:56,394 [f60682d0-d3c6-4810-99e4-62a378b29a6d@group-869C54BC372A-SegmentedRaftLogWorker] INFO  segmented.SegmentedRaftLogWorker (SegmentedRaftLogWorker.java:run(316)) - f60682d0-d3c6-4810-99e4-62a378b29a6d@group-869C54BC372A-SegmentedRaftLogWorker was interrupted, exiting. There are 0 tasks remaining in the queue.
2019-10-04 06:28:56,396 [main] INFO  segmented.SegmentedRaftLogWorker (SegmentedRaftLogWorker.java:close(224)) - f60682d0-d3c6-4810-99e4-62a378b29a6d@group-869C54BC372A-SegmentedRaftLogWorker close()
2019-10-04 06:28:56,404 [f60682d0-d3c6-4810-99e4-62a378b29a6d@group-A4CF8F989565-StateMachineUpdater] INFO  ratis.ContainerStateMachine (ContainerStateMachine.java:takeSnapshot(304)) - group-A4CF8F989565: Finished taking a snapshot at:(t:1, i:1) file:/workdir/hadoop-ozone/integration-test/target/test-dir/MiniOzoneClusterImpl-353dc6ac-9fc0-413a-bb33-b58264605b5f/datanode-1/data/ratis/13d6e0a6-6d95-442b-b107-a4cf8f989565/sm/snapshot.1_1 time:10
2019-10-04 06:28:56,404 [f60682d0-d3c6-4810-99e4-62a378b29a6d@group-A4CF8F989565-StateMachineUpdater] INFO  impl.StateMachineUpdater (StateMachineUpdater.java:takeSnapshot(269)) - f60682d0-d3c6-4810-99e4-62a378b29a6d@group-A4CF8F989565-StateMachineUpdater: Took a snapshot at index 1
2019-10-04 06:28:56,404 [f60682d0-d3c6-4810-99e4-62a378b29a6d@group-A4CF8F989565-StateMachineUpdater] INFO  impl.StateMachineUpdater (StateMachineUpdater.java:lambda$new$0(84)) - f60682d0-d3c6-4810-99e4-62a378b29a6d@group-A4CF8F989565-StateMachineUpdater: snapshotIndex: updateIncreasingly -1 -> 1
2019-10-04 06:28:56,405 [a6e5811f-94fc-4b80-ac7d-ab0b387e43ac@group-2859D63131D2-LeaderElection72] INFO  impl.LeaderElection (LeaderElection.java:logAndReturn(56)) - a6e5811f-94fc-4b80-ac7d-ab0b387e43ac@group-2859D63131D2-LeaderElection72: Election REJECTED; received 2 response(s) [a6e5811f-94fc-4b80-ac7d-ab0b387e43ac<-fa71cad9-553e-4d32-83de-60c2765a1220#0:FAIL-t5, a6e5811f-94fc-4b80-ac7d-ab0b387e43ac<-fd6ad844-5084-4a79-88b5-192c4e1ce2b2#0:FAIL-t5] and 0 exception(s); a6e5811f-94fc-4b80-ac7d-ab0b387e43ac@group-2859D63131D2:t5, leader=null, voted=a6e5811f-94fc-4b80-ac7d-ab0b387e43ac, raftlog=a6e5811f-94fc-4b80-ac7d-ab0b387e43ac@group-2859D63131D2-SegmentedRaftLog:OPENED:c-1,f-1,i0, conf=-1: [fa71cad9-553e-4d32-83de-60c2765a1220:192.168.151.69:44326, fd6ad844-5084-4a79-88b5-192c4e1ce2b2:192.168.151.69:34280, a6e5811f-94fc-4b80-ac7d-ab0b387e43ac:192.168.151.69:40727], old=null
2019-10-04 06:28:56,405 [a6e5811f-94fc-4b80-ac7d-ab0b387e43ac@group-2859D63131D2-LeaderElection72] INFO  impl.RaftServerImpl (RaftServerImpl.java:setRole(170)) - a6e5811f-94fc-4b80-ac7d-ab0b387e43ac@group-2859D63131D2: changes role from CANDIDATE to FOLLOWER at term 5 for DISCOVERED_A_NEW_TERM
2019-10-04 06:28:56,405 [f60682d0-d3c6-4810-99e4-62a378b29a6d@group-A4CF8F989565-StateMachineUpdater] INFO  ratis.ContainerStateMachine (ContainerStateMachine.java:takeSnapshot(293)) - group-A4CF8F989565: Taking a snapshot at:(t:1, i:1) file /workdir/hadoop-ozone/integration-test/target/test-dir/MiniOzoneClusterImpl-353dc6ac-9fc0-413a-bb33-b58264605b5f/datanode-1/data/ratis/13d6e0a6-6d95-442b-b107-a4cf8f989565/sm/snapshot.1_1
2019-10-04 06:28:56,405 [a6e5811f-94fc-4b80-ac7d-ab0b387e43ac@group-2859D63131D2-LeaderElection72] INFO  impl.RoleInfo (RoleInfo.java:shutdownLeaderElection(134)) - a6e5811f-94fc-4b80-ac7d-ab0b387e43ac: shutdown LeaderElection
2019-10-04 06:28:56,406 [a6e5811f-94fc-4b80-ac7d-ab0b387e43ac@group-2859D63131D2-LeaderElection72] INFO  impl.RoleInfo (RoleInfo.java:updateAndGet(143)) - a6e5811f-94fc-4b80-ac7d-ab0b387e43ac: start FollowerState
2019-10-04 06:28:56,417 [f60682d0-d3c6-4810-99e4-62a378b29a6d@group-A4CF8F989565-StateMachineUpdater] INFO  ratis.ContainerStateMachine (ContainerStateMachine.java:takeSnapshot(304)) - group-A4CF8F989565: Finished taking a snapshot at:(t:1, i:1) file:/workdir/hadoop-ozone/integration-test/target/test-dir/MiniOzoneClusterImpl-353dc6ac-9fc0-413a-bb33-b58264605b5f/datanode-1/data/ratis/13d6e0a6-6d95-442b-b107-a4cf8f989565/sm/snapshot.1_1 time:12
2019-10-04 06:28:56,417 [fa71cad9-553e-4d32-83de-60c2765a1220@group-2859D63131D2-LeaderElection73] INFO  impl.LeaderElection (LeaderElection.java:askForVotes(178)) - fa71cad9-553e-4d32-83de-60c2765a1220@group-2859D63131D2-LeaderElection73: begin an election at term 6 for -1: [fa71cad9-553e-4d32-83de-60c2765a1220:192.168.151.69:44326, fd6ad844-5084-4a79-88b5-192c4e1ce2b2:192.168.151.69:34280, a6e5811f-94fc-4b80-ac7d-ab0b387e43ac:192.168.151.69:40727], old=null
2019-10-04 06:28:56,417 [f60682d0-d3c6-4810-99e4-62a378b29a6d@group-A4CF8F989565-StateMachineUpdater] INFO  impl.StateMachineUpdater (StateMachineUpdater.java:takeSnapshot(269)) - f60682d0-d3c6-4810-99e4-62a378b29a6d@group-A4CF8F989565-StateMachineUpdater: Took a snapshot at index 1
2019-10-04 06:28:56,417 [f60682d0-d3c6-4810-99e4-62a378b29a6d@group-A4CF8F989565-StateMachineUpdater] INFO  impl.StateMachineUpdater (StateMachineUpdater.java:lambda$new$0(84)) - f60682d0-d3c6-4810-99e4-62a378b29a6d@group-A4CF8F989565-StateMachineUpdater: snapshotIndex: updateIncreasingly 1 -> 1
2019-10-04 06:28:56,418 [ForkJoinPool.commonPool-worker-0] INFO  impl.RaftServerImpl (ServerState.java:close(387)) - f60682d0-d3c6-4810-99e4-62a378b29a6d@group-A4CF8F989565: closes. applyIndex: 2
2019-10-04 06:28:56,418 [fa71cad9-553e-4d32-83de-60c2765a1220@group-2859D63131D2-LeaderElection73] INFO  impl.LeaderElection (LeaderElection.java:logAndReturn(56)) - fa71cad9-553e-4d32-83de-60c2765a1220@group-2859D63131D2-LeaderElection73: Election REJECTED; received 0 response(s) [] and 0 exception(s); fa71cad9-553e-4d32-83de-60c2765a1220@group-2859D63131D2:t6, leader=null, voted=fa71cad9-553e-4d32-83de-60c2765a1220, raftlog=fa71cad9-553e-4d32-83de-60c2765a1220@group-2859D63131D2-SegmentedRaftLog:OPENED:c-1,f-1,i0, conf=-1: [fa71cad9-553e-4d32-83de-60c2765a1220:192.168.151.69:44326, fd6ad844-5084-4a79-88b5-192c4e1ce2b2:192.168.151.69:34280, a6e5811f-94fc-4b80-ac7d-ab0b387e43ac:192.168.151.69:40727], old=null
2019-10-04 06:28:56,418 [f60682d0-d3c6-4810-99e4-62a378b29a6d@group-A4CF8F989565-SegmentedRaftLogWorker] INFO  segmented.SegmentedRaftLogWorker (SegmentedRaftLogWorker.java:run(316)) - f60682d0-d3c6-4810-99e4-62a378b29a6d@group-A4CF8F989565-SegmentedRaftLogWorker was interrupted, exiting. There are 0 tasks remaining in the queue.
2019-10-04 06:28:56,421 [ForkJoinPool.commonPool-worker-0] INFO  segmented.SegmentedRaftLogWorker (SegmentedRaftLogWorker.java:close(224)) - f60682d0-d3c6-4810-99e4-62a378b29a6d@group-A4CF8F989565-SegmentedRaftLogWorker close()
2019-10-04 06:28:56,425 [main] INFO  server.GrpcService (GrpcService.java:closeImpl(164)) - f60682d0-d3c6-4810-99e4-62a378b29a6d: shutdown server with port 44097 now
2019-10-04 06:28:56,427 [grpc-default-executor-2] INFO  impl.RaftServerImpl (RaftServerImpl.java:setRole(170)) - a6e5811f-94fc-4b80-ac7d-ab0b387e43ac@group-2859D63131D2: changes role from  FOLLOWER to FOLLOWER at term 6 for recognizeCandidate:fa71cad9-553e-4d32-83de-60c2765a1220
2019-10-04 06:28:56,438 [grpc-default-executor-4] WARN  server.GrpcServerProtocolService (LogUtils.java:warn(134)) - f60682d0-d3c6-4810-99e4-62a378b29a6d: installSnapshot onError, lastRequest: 1a60f1dd-57b0-4e50-a131-82451b1e3cfa->f60682d0-d3c6-4810-99e4-62a378b29a6d#7-t1, previous=(t:1, i:2), leaderCommit=2, initializing? false, entries: <empty>: org.apache.ratis.thirdparty.io.grpc.StatusRuntimeException: CANCELLED: cancelled before receiving half close
2019-10-04 06:28:56,438 [grpc-default-executor-2] INFO  impl.RoleInfo (RoleInfo.java:shutdownFollowerState(121)) - a6e5811f-94fc-4b80-ac7d-ab0b387e43ac: shutdown FollowerState
2019-10-04 06:28:56,438 [grpc-default-executor-1] INFO  impl.RaftServerImpl (RaftServerImpl.java:setRole(170)) - fd6ad844-5084-4a79-88b5-192c4e1ce2b2@group-2859D63131D2: changes role from  FOLLOWER to FOLLOWER at term 6 for recognizeCandidate:fa71cad9-553e-4d32-83de-60c2765a1220
2019-10-04 06:28:56,439 [Thread-1586] INFO  impl.FollowerState (FollowerState.java:run(117)) - a6e5811f-94fc-4b80-ac7d-ab0b387e43ac@group-2859D63131D2-FollowerState was interrupted: java.lang.InterruptedException: sleep interrupted
2019-10-04 06:28:56,439 [grpc-default-executor-2] INFO  impl.RoleInfo (RoleInfo.java:updateAndGet(143)) - a6e5811f-94fc-4b80-ac7d-ab0b387e43ac: start FollowerState
2019-10-04 06:28:56,438 [main] INFO  server.GrpcService (GrpcService.java:closeImpl(172)) - f60682d0-d3c6-4810-99e4-62a378b29a6d: shutdown server with port 44097 successfully
2019-10-04 06:28:56,439 [grpc-default-executor-6] WARN  server.GrpcLogAppender (LogUtils.java:warn(134)) - 1a60f1dd-57b0-4e50-a131-82451b1e3cfa@group-A4CF8F989565->f60682d0-d3c6-4810-99e4-62a378b29a6d-AppendLogResponseHandler: Failed appendEntries: org.apache.ratis.thirdparty.io.grpc.StatusRuntimeException: CANCELLED: HTTP/2 error code: CANCEL
Received Rst Stream
2019-10-04 06:28:56,439 [grpc-default-executor-1] INFO  impl.RoleInfo (RoleInfo.java:shutdownFollowerState(121)) - fd6ad844-5084-4a79-88b5-192c4e1ce2b2: shutdown FollowerState
2019-10-04 06:28:56,440 [grpc-default-executor-6] INFO  impl.FollowerInfo (FollowerInfo.java:lambda$new$0(51)) - 1a60f1dd-57b0-4e50-a131-82451b1e3cfa@group-A4CF8F989565->f60682d0-d3c6-4810-99e4-62a378b29a6d: nextIndex: updateUnconditionally 3 -> 2
2019-10-04 06:28:56,440 [grpc-default-executor-1] INFO  impl.RoleInfo (RoleInfo.java:updateAndGet(143)) - fd6ad844-5084-4a79-88b5-192c4e1ce2b2: start FollowerState
2019-10-04 06:28:56,440 [Thread-1584] INFO  impl.FollowerState (FollowerState.java:run(117)) - fd6ad844-5084-4a79-88b5-192c4e1ce2b2@group-2859D63131D2-FollowerState was interrupted: java.lang.InterruptedException: sleep interrupted
2019-10-04 06:28:56,442 [refreshUsed-/workdir/hadoop-ozone/integration-test/target/test-dir/MiniOzoneClusterImpl-353dc6ac-9fc0-413a-bb33-b58264605b5f/datanode-1/data/containers] WARN  fs.CachingGetSpaceUsed (CachingGetSpaceUsed.java:run(183)) - Thread Interrupted waiting to refresh disk information: sleep interrupted
2019-10-04 06:28:56,456 [main] INFO  utils.BackgroundService (BackgroundService.java:shutdown(148)) - Shutting down service BlockDeletingService
2019-10-04 06:28:56,461 [main] INFO  statemachine.DatanodeStateMachine (DatanodeStateMachine.java:stopDaemon(395)) - Ozone container server stopped.
2019-10-04 06:28:56,462 [main] INFO  handler.ContextHandler (ContextHandler.java:doStop(910)) - Stopped o.e.j.w.WebAppContext@65ef48f2{/,null,UNAVAILABLE}{/hddsDatanode}
2019-10-04 06:28:56,462 [main] INFO  server.AbstractConnector (AbstractConnector.java:doStop(318)) - Stopped ServerConnector@36068727{HTTP/1.1,[http/1.1]}{0.0.0.0:0}
2019-10-04 06:28:56,463 [main] INFO  handler.ContextHandler (ContextHandler.java:doStop(910)) - Stopped o.e.j.s.ServletContextHandler@7ca16adc{/static,jar:file:/home/user/.m2/repository/org/apache/hadoop/hadoop-hdds-container-service/0.5.0-SNAPSHOT/hadoop-hdds-container-service-0.5.0-SNAPSHOT.jar!/webapps/static,UNAVAILABLE}
2019-10-04 06:28:56,463 [main] INFO  handler.ContextHandler (ContextHandler.java:doStop(910)) - Stopped o.e.j.s.ServletContextHandler@4dcbae55{/logs,file:///workdir/hadoop-ozone/integration-test/target/log,UNAVAILABLE}
2019-10-04 06:28:58,660 [grpc-default-executor-2] WARN  server.GrpcLogAppender (LogUtils.java:warn(134)) - 1a60f1dd-57b0-4e50-a131-82451b1e3cfa@group-A4CF8F989565->5d6dac2c-28ba-4e48-a46a-83fcc0658c61-AppendLogResponseHandler: Failed appendEntries: org.apache.ratis.thirdparty.io.grpc.StatusRuntimeException: UNAVAILABLE: io exception
2019-10-04 06:28:58,661 [grpc-default-executor-2] INFO  impl.FollowerInfo (FollowerInfo.java:lambda$new$0(51)) - 1a60f1dd-57b0-4e50-a131-82451b1e3cfa@group-A4CF8F989565->5d6dac2c-28ba-4e48-a46a-83fcc0658c61: nextIndex: updateUnconditionally 0 -> 0
2019-10-04 06:28:58,662 [grpc-default-executor-2] WARN  server.GrpcLogAppender (LogUtils.java:warn(134)) - 1a60f1dd-57b0-4e50-a131-82451b1e3cfa@group-A4CF8F989565->f60682d0-d3c6-4810-99e4-62a378b29a6d-AppendLogResponseHandler: Failed appendEntries: org.apache.ratis.thirdparty.io.grpc.StatusRuntimeException: UNAVAILABLE: io exception
2019-10-04 06:28:58,662 [grpc-default-executor-2] INFO  impl.FollowerInfo (FollowerInfo.java:lambda$new$0(51)) - 1a60f1dd-57b0-4e50-a131-82451b1e3cfa@group-A4CF8F989565->f60682d0-d3c6-4810-99e4-62a378b29a6d: nextIndex: updateUnconditionally 2 -> 1
2019-10-04 06:29:01,165 [grpc-default-executor-4] WARN  server.GrpcLogAppender (LogUtils.java:warn(134)) - 1a60f1dd-57b0-4e50-a131-82451b1e3cfa@group-A4CF8F989565->f60682d0-d3c6-4810-99e4-62a378b29a6d-AppendLogResponseHandler: Failed appendEntries: org.apache.ratis.thirdparty.io.grpc.StatusRuntimeException: UNAVAILABLE: io exception
2019-10-04 06:29:01,165 [grpc-default-executor-1] WARN  server.GrpcLogAppender (LogUtils.java:warn(134)) - 1a60f1dd-57b0-4e50-a131-82451b1e3cfa@group-A4CF8F989565->5d6dac2c-28ba-4e48-a46a-83fcc0658c61-AppendLogResponseHandler: Failed appendEntries: org.apache.ratis.thirdparty.io.grpc.StatusRuntimeException: UNAVAILABLE: io exception
2019-10-04 06:29:01,166 [grpc-default-executor-4] INFO  impl.FollowerInfo (FollowerInfo.java:lambda$new$0(51)) - 1a60f1dd-57b0-4e50-a131-82451b1e3cfa@group-A4CF8F989565->f60682d0-d3c6-4810-99e4-62a378b29a6d: nextIndex: updateUnconditionally 1 -> 0
2019-10-04 06:29:01,166 [grpc-default-executor-1] INFO  impl.FollowerInfo (FollowerInfo.java:lambda$new$0(51)) - 1a60f1dd-57b0-4e50-a131-82451b1e3cfa@group-A4CF8F989565->5d6dac2c-28ba-4e48-a46a-83fcc0658c61: nextIndex: updateUnconditionally 0 -> 0
2019-10-04 06:29:01,525 [Thread-1585] INFO  impl.FollowerState (FollowerState.java:run(108)) - fa71cad9-553e-4d32-83de-60c2765a1220@group-2859D63131D2-FollowerState: change to CANDIDATE, lastRpcTime:5133ms, electionTimeout:5133ms
2019-10-04 06:29:01,525 [Thread-1585] INFO  impl.RoleInfo (RoleInfo.java:shutdownFollowerState(121)) - fa71cad9-553e-4d32-83de-60c2765a1220: shutdown FollowerState
2019-10-04 06:29:01,525 [Thread-1585] INFO  impl.RaftServerImpl (RaftServerImpl.java:setRole(170)) - fa71cad9-553e-4d32-83de-60c2765a1220@group-2859D63131D2: changes role from  FOLLOWER to CANDIDATE at term 6 for changeToCandidate
2019-10-04 06:29:01,525 [Thread-1585] INFO  impl.RoleInfo (RoleInfo.java:updateAndGet(143)) - fa71cad9-553e-4d32-83de-60c2765a1220: start LeaderElection
2019-10-04 06:29:01,535 [Thread-1589] INFO  impl.FollowerState (FollowerState.java:run(108)) - a6e5811f-94fc-4b80-ac7d-ab0b387e43ac@group-2859D63131D2-FollowerState: change to CANDIDATE, lastRpcTime:5095ms, electionTimeout:5095ms
2019-10-04 06:29:01,535 [Thread-1589] INFO  impl.RoleInfo (RoleInfo.java:shutdownFollowerState(121)) - a6e5811f-94fc-4b80-ac7d-ab0b387e43ac: shutdown FollowerState
2019-10-04 06:29:01,535 [Thread-1589] INFO  impl.RaftServerImpl (RaftServerImpl.java:setRole(170)) - a6e5811f-94fc-4b80-ac7d-ab0b387e43ac@group-2859D63131D2: changes role from  FOLLOWER to CANDIDATE at term 6 for changeToCandidate
2019-10-04 06:29:01,535 [Thread-1589] INFO  impl.RoleInfo (RoleInfo.java:updateAndGet(143)) - a6e5811f-94fc-4b80-ac7d-ab0b387e43ac: start LeaderElection
2019-10-04 06:29:01,541 [a6e5811f-94fc-4b80-ac7d-ab0b387e43ac@group-2859D63131D2-LeaderElection75] INFO  impl.LeaderElection (LeaderElection.java:askForVotes(178)) - a6e5811f-94fc-4b80-ac7d-ab0b387e43ac@group-2859D63131D2-LeaderElection75: begin an election at term 7 for -1: [fa71cad9-553e-4d32-83de-60c2765a1220:192.168.151.69:44326, fd6ad844-5084-4a79-88b5-192c4e1ce2b2:192.168.151.69:34280, a6e5811f-94fc-4b80-ac7d-ab0b387e43ac:192.168.151.69:40727], old=null
2019-10-04 06:29:01,541 [fa71cad9-553e-4d32-83de-60c2765a1220@group-2859D63131D2-LeaderElection74] INFO  impl.LeaderElection (LeaderElection.java:askForVotes(178)) - fa71cad9-553e-4d32-83de-60c2765a1220@group-2859D63131D2-LeaderElection74: begin an election at term 7 for -1: [fa71cad9-553e-4d32-83de-60c2765a1220:192.168.151.69:44326, fd6ad844-5084-4a79-88b5-192c4e1ce2b2:192.168.151.69:34280, a6e5811f-94fc-4b80-ac7d-ab0b387e43ac:192.168.151.69:40727], old=null
2019-10-04 06:29:01,547 [grpc-default-executor-6] INFO  impl.RaftServerImpl (RaftServerImpl.java:setRole(170)) - fd6ad844-5084-4a79-88b5-192c4e1ce2b2@group-2859D63131D2: changes role from  FOLLOWER to FOLLOWER at term 7 for recognizeCandidate:a6e5811f-94fc-4b80-ac7d-ab0b387e43ac
2019-10-04 06:29:01,547 [grpc-default-executor-6] INFO  impl.RoleInfo (RoleInfo.java:shutdownFollowerState(121)) - fd6ad844-5084-4a79-88b5-192c4e1ce2b2: shutdown FollowerState
2019-10-04 06:29:01,547 [grpc-default-executor-6] INFO  impl.RoleInfo (RoleInfo.java:updateAndGet(143)) - fd6ad844-5084-4a79-88b5-192c4e1ce2b2: start FollowerState
2019-10-04 06:29:01,547 [Thread-1590] INFO  impl.FollowerState (FollowerState.java:run(117)) - fd6ad844-5084-4a79-88b5-192c4e1ce2b2@group-2859D63131D2-FollowerState was interrupted: java.lang.InterruptedException: sleep interrupted
2019-10-04 06:29:01,560 [grpc-default-executor-4] INFO  impl.RaftServerImpl (RaftServerImpl.java:setRole(170)) - fd6ad844-5084-4a79-88b5-192c4e1ce2b2@group-2859D63131D2: changes role from  FOLLOWER to FOLLOWER at term 7 for recognizeCandidate:fa71cad9-553e-4d32-83de-60c2765a1220
2019-10-04 06:29:01,560 [grpc-default-executor-4] INFO  impl.RoleInfo (RoleInfo.java:shutdownFollowerState(121)) - fd6ad844-5084-4a79-88b5-192c4e1ce2b2: shutdown FollowerState
2019-10-04 06:29:01,560 [grpc-default-executor-4] INFO  impl.RoleInfo (RoleInfo.java:updateAndGet(143)) - fd6ad844-5084-4a79-88b5-192c4e1ce2b2: start FollowerState
2019-10-04 06:29:01,560 [Thread-1599] INFO  impl.FollowerState (FollowerState.java:run(117)) - fd6ad844-5084-4a79-88b5-192c4e1ce2b2@group-2859D63131D2-FollowerState was interrupted: java.lang.InterruptedException: sleep interrupted
2019-10-04 06:29:01,561 [a6e5811f-94fc-4b80-ac7d-ab0b387e43ac@group-2859D63131D2-LeaderElection75] INFO  impl.LeaderElection (LeaderElection.java:logAndReturn(56)) - a6e5811f-94fc-4b80-ac7d-ab0b387e43ac@group-2859D63131D2-LeaderElection75: Election REJECTED; received 2 response(s) [a6e5811f-94fc-4b80-ac7d-ab0b387e43ac<-fa71cad9-553e-4d32-83de-60c2765a1220#0:FAIL-t7, a6e5811f-94fc-4b80-ac7d-ab0b387e43ac<-fd6ad844-5084-4a79-88b5-192c4e1ce2b2#0:FAIL-t7] and 0 exception(s); a6e5811f-94fc-4b80-ac7d-ab0b387e43ac@group-2859D63131D2:t7, leader=null, voted=a6e5811f-94fc-4b80-ac7d-ab0b387e43ac, raftlog=a6e5811f-94fc-4b80-ac7d-ab0b387e43ac@group-2859D63131D2-SegmentedRaftLog:OPENED:c-1,f-1,i0, conf=-1: [fa71cad9-553e-4d32-83de-60c2765a1220:192.168.151.69:44326, fd6ad844-5084-4a79-88b5-192c4e1ce2b2:192.168.151.69:34280, a6e5811f-94fc-4b80-ac7d-ab0b387e43ac:192.168.151.69:40727], old=null
2019-10-04 06:29:01,561 [a6e5811f-94fc-4b80-ac7d-ab0b387e43ac@group-2859D63131D2-LeaderElection75] INFO  impl.RaftServerImpl (RaftServerImpl.java:setRole(170)) - a6e5811f-94fc-4b80-ac7d-ab0b387e43ac@group-2859D63131D2: changes role from CANDIDATE to FOLLOWER at term 7 for DISCOVERED_A_NEW_TERM
2019-10-04 06:29:01,561 [a6e5811f-94fc-4b80-ac7d-ab0b387e43ac@group-2859D63131D2-LeaderElection75] INFO  impl.RoleInfo (RoleInfo.java:shutdownLeaderElection(134)) - a6e5811f-94fc-4b80-ac7d-ab0b387e43ac: shutdown LeaderElection
2019-10-04 06:29:01,562 [a6e5811f-94fc-4b80-ac7d-ab0b387e43ac@group-2859D63131D2-LeaderElection75] INFO  impl.RoleInfo (RoleInfo.java:updateAndGet(143)) - a6e5811f-94fc-4b80-ac7d-ab0b387e43ac: start FollowerState
2019-10-04 06:29:01,562 [fa71cad9-553e-4d32-83de-60c2765a1220@group-2859D63131D2-LeaderElection74] INFO  impl.LeaderElection (LeaderElection.java:logAndReturn(56)) - fa71cad9-553e-4d32-83de-60c2765a1220@group-2859D63131D2-LeaderElection74: Election REJECTED; received 2 response(s) [fa71cad9-553e-4d32-83de-60c2765a1220<-fd6ad844-5084-4a79-88b5-192c4e1ce2b2#0:FAIL-t7, fa71cad9-553e-4d32-83de-60c2765a1220<-a6e5811f-94fc-4b80-ac7d-ab0b387e43ac#0:FAIL-t7] and 0 exception(s); fa71cad9-553e-4d32-83de-60c2765a1220@group-2859D63131D2:t7, leader=null, voted=fa71cad9-553e-4d32-83de-60c2765a1220, raftlog=fa71cad9-553e-4d32-83de-60c2765a1220@group-2859D63131D2-SegmentedRaftLog:OPENED:c-1,f-1,i0, conf=-1: [fa71cad9-553e-4d32-83de-60c2765a1220:192.168.151.69:44326, fd6ad844-5084-4a79-88b5-192c4e1ce2b2:192.168.151.69:34280, a6e5811f-94fc-4b80-ac7d-ab0b387e43ac:192.168.151.69:40727], old=null
2019-10-04 06:29:01,562 [fa71cad9-553e-4d32-83de-60c2765a1220@group-2859D63131D2-LeaderElection74] INFO  impl.RaftServerImpl (RaftServerImpl.java:setRole(170)) - fa71cad9-553e-4d32-83de-60c2765a1220@group-2859D63131D2: changes role from CANDIDATE to FOLLOWER at term 7 for DISCOVERED_A_NEW_TERM
2019-10-04 06:29:01,562 [fa71cad9-553e-4d32-83de-60c2765a1220@group-2859D63131D2-LeaderElection74] INFO  impl.RoleInfo (RoleInfo.java:shutdownLeaderElection(134)) - fa71cad9-553e-4d32-83de-60c2765a1220: shutdown LeaderElection
2019-10-04 06:29:01,562 [fa71cad9-553e-4d32-83de-60c2765a1220@group-2859D63131D2-LeaderElection74] INFO  impl.RoleInfo (RoleInfo.java:updateAndGet(143)) - fa71cad9-553e-4d32-83de-60c2765a1220: start FollowerState
2019-10-04 06:29:03,665 [grpc-default-executor-4] WARN  server.GrpcLogAppender (LogUtils.java:warn(134)) - 1a60f1dd-57b0-4e50-a131-82451b1e3cfa@group-A4CF8F989565->f60682d0-d3c6-4810-99e4-62a378b29a6d-AppendLogResponseHandler: Failed appendEntries: org.apache.ratis.thirdparty.io.grpc.StatusRuntimeException: UNAVAILABLE: io exception
2019-10-04 06:29:03,665 [grpc-default-executor-6] WARN  server.GrpcLogAppender (LogUtils.java:warn(134)) - 1a60f1dd-57b0-4e50-a131-82451b1e3cfa@group-A4CF8F989565->5d6dac2c-28ba-4e48-a46a-83fcc0658c61-AppendLogResponseHandler: Failed appendEntries: org.apache.ratis.thirdparty.io.grpc.StatusRuntimeException: UNAVAILABLE: io exception
2019-10-04 06:29:03,665 [grpc-default-executor-6] INFO  impl.FollowerInfo (FollowerInfo.java:lambda$new$0(51)) - 1a60f1dd-57b0-4e50-a131-82451b1e3cfa@group-A4CF8F989565->5d6dac2c-28ba-4e48-a46a-83fcc0658c61: nextIndex: updateUnconditionally 0 -> 0
2019-10-04 06:29:03,665 [grpc-default-executor-4] INFO  impl.FollowerInfo (FollowerInfo.java:lambda$new$0(51)) - 1a60f1dd-57b0-4e50-a131-82451b1e3cfa@group-A4CF8F989565->f60682d0-d3c6-4810-99e4-62a378b29a6d: nextIndex: updateUnconditionally 0 -> 0
2019-10-04 06:29:06,170 [grpc-default-executor-6] WARN  server.GrpcLogAppender (LogUtils.java:warn(134)) - 1a60f1dd-57b0-4e50-a131-82451b1e3cfa@group-A4CF8F989565->f60682d0-d3c6-4810-99e4-62a378b29a6d-AppendLogResponseHandler: Failed appendEntries: org.apache.ratis.thirdparty.io.grpc.StatusRuntimeException: UNAVAILABLE: io exception
2019-10-04 06:29:06,170 [grpc-default-executor-4] WARN  server.GrpcLogAppender (LogUtils.java:warn(134)) - 1a60f1dd-57b0-4e50-a131-82451b1e3cfa@group-A4CF8F989565->5d6dac2c-28ba-4e48-a46a-83fcc0658c61-AppendLogResponseHandler: Failed appendEntries: org.apache.ratis.thirdparty.io.grpc.StatusRuntimeException: UNAVAILABLE: io exception
2019-10-04 06:29:06,172 [grpc-default-executor-4] INFO  impl.FollowerInfo (FollowerInfo.java:lambda$new$0(51)) - 1a60f1dd-57b0-4e50-a131-82451b1e3cfa@group-A4CF8F989565->5d6dac2c-28ba-4e48-a46a-83fcc0658c61: nextIndex: updateUnconditionally 0 -> 0
2019-10-04 06:29:06,172 [grpc-default-executor-6] INFO  impl.FollowerInfo (FollowerInfo.java:lambda$new$0(51)) - 1a60f1dd-57b0-4e50-a131-82451b1e3cfa@group-A4CF8F989565->f60682d0-d3c6-4810-99e4-62a378b29a6d: nextIndex: updateUnconditionally 0 -> 0
2019-10-04 06:29:06,608 [Thread-1601] INFO  impl.FollowerState (FollowerState.java:run(108)) - a6e5811f-94fc-4b80-ac7d-ab0b387e43ac@group-2859D63131D2-FollowerState: change to CANDIDATE, lastRpcTime:5046ms, electionTimeout:5046ms
2019-10-04 06:29:06,609 [Thread-1601] INFO  impl.RoleInfo (RoleInfo.java:shutdownFollowerState(121)) - a6e5811f-94fc-4b80-ac7d-ab0b387e43ac: shutdown FollowerState
2019-10-04 06:29:06,609 [Thread-1601] INFO  impl.RaftServerImpl (RaftServerImpl.java:setRole(170)) - a6e5811f-94fc-4b80-ac7d-ab0b387e43ac@group-2859D63131D2: changes role from  FOLLOWER to CANDIDATE at term 7 for changeToCandidate
2019-10-04 06:29:06,609 [Thread-1601] INFO  impl.RoleInfo (RoleInfo.java:updateAndGet(143)) - a6e5811f-94fc-4b80-ac7d-ab0b387e43ac: start LeaderElection
2019-10-04 06:29:06,623 [a6e5811f-94fc-4b80-ac7d-ab0b387e43ac@group-2859D63131D2-LeaderElection76] INFO  impl.LeaderElection (LeaderElection.java:askForVotes(178)) - a6e5811f-94fc-4b80-ac7d-ab0b387e43ac@group-2859D63131D2-LeaderElection76: begin an election at term 8 for -1: [fa71cad9-553e-4d32-83de-60c2765a1220:192.168.151.69:44326, fd6ad844-5084-4a79-88b5-192c4e1ce2b2:192.168.151.69:34280, a6e5811f-94fc-4b80-ac7d-ab0b387e43ac:192.168.151.69:40727], old=null
2019-10-04 06:29:06,627 [grpc-default-executor-4] INFO  impl.RaftServerImpl (RaftServerImpl.java:setRole(170)) - fa71cad9-553e-4d32-83de-60c2765a1220@group-2859D63131D2: changes role from  FOLLOWER to FOLLOWER at term 8 for recognizeCandidate:a6e5811f-94fc-4b80-ac7d-ab0b387e43ac
2019-10-04 06:29:06,627 [grpc-default-executor-6] INFO  impl.RaftServerImpl (RaftServerImpl.java:setRole(170)) - fd6ad844-5084-4a79-88b5-192c4e1ce2b2@group-2859D63131D2: changes role from  FOLLOWER to FOLLOWER at term 8 for recognizeCandidate:a6e5811f-94fc-4b80-ac7d-ab0b387e43ac
2019-10-04 06:29:06,627 [grpc-default-executor-4] INFO  impl.RoleInfo (RoleInfo.java:shutdownFollowerState(121)) - fa71cad9-553e-4d32-83de-60c2765a1220: shutdown FollowerState
2019-10-04 06:29:06,627 [grpc-default-executor-6] INFO  impl.RoleInfo (RoleInfo.java:shutdownFollowerState(121)) - fd6ad844-5084-4a79-88b5-192c4e1ce2b2: shutdown FollowerState
2019-10-04 06:29:06,628 [grpc-default-executor-4] INFO  impl.RoleInfo (RoleInfo.java:updateAndGet(143)) - fa71cad9-553e-4d32-83de-60c2765a1220: start FollowerState
2019-10-04 06:29:06,628 [grpc-default-executor-6] INFO  impl.RoleInfo (RoleInfo.java:updateAndGet(143)) - fd6ad844-5084-4a79-88b5-192c4e1ce2b2: start FollowerState
2019-10-04 06:29:06,628 [Thread-1600] INFO  impl.FollowerState (FollowerState.java:run(117)) - fd6ad844-5084-4a79-88b5-192c4e1ce2b2@group-2859D63131D2-FollowerState was interrupted: java.lang.InterruptedException: sleep interrupted
2019-10-04 06:29:06,628 [Thread-1602] INFO  impl.FollowerState (FollowerState.java:run(117)) - fa71cad9-553e-4d32-83de-60c2765a1220@group-2859D63131D2-FollowerState was interrupted: java.lang.InterruptedException: sleep interrupted
2019-10-04 06:29:06,654 [a6e5811f-94fc-4b80-ac7d-ab0b387e43ac@group-2859D63131D2-LeaderElection76] INFO  impl.LeaderElection (LeaderElection.java:logAndReturn(56)) - a6e5811f-94fc-4b80-ac7d-ab0b387e43ac@group-2859D63131D2-LeaderElection76: Election PASSED; received 1 response(s) [a6e5811f-94fc-4b80-ac7d-ab0b387e43ac<-fa71cad9-553e-4d32-83de-60c2765a1220#0:OK-t8] and 0 exception(s); a6e5811f-94fc-4b80-ac7d-ab0b387e43ac@group-2859D63131D2:t8, leader=null, voted=a6e5811f-94fc-4b80-ac7d-ab0b387e43ac, raftlog=a6e5811f-94fc-4b80-ac7d-ab0b387e43ac@group-2859D63131D2-SegmentedRaftLog:OPENED:c-1,f-1,i0, conf=-1: [fa71cad9-553e-4d32-83de-60c2765a1220:192.168.151.69:44326, fd6ad844-5084-4a79-88b5-192c4e1ce2b2:192.168.151.69:34280, a6e5811f-94fc-4b80-ac7d-ab0b387e43ac:192.168.151.69:40727], old=null
2019-10-04 06:29:06,655 [a6e5811f-94fc-4b80-ac7d-ab0b387e43ac@group-2859D63131D2-LeaderElection76] INFO  impl.RoleInfo (RoleInfo.java:shutdownLeaderElection(134)) - a6e5811f-94fc-4b80-ac7d-ab0b387e43ac: shutdown LeaderElection
2019-10-04 06:29:06,655 [a6e5811f-94fc-4b80-ac7d-ab0b387e43ac@group-2859D63131D2-LeaderElection76] INFO  impl.RaftServerImpl (RaftServerImpl.java:setRole(170)) - a6e5811f-94fc-4b80-ac7d-ab0b387e43ac@group-2859D63131D2: changes role from CANDIDATE to LEADER at term 8 for changeToLeader
2019-10-04 06:29:06,655 [a6e5811f-94fc-4b80-ac7d-ab0b387e43ac@group-2859D63131D2-LeaderElection76] INFO  impl.RaftServerImpl (ServerState.java:setLeader(255)) - a6e5811f-94fc-4b80-ac7d-ab0b387e43ac@group-2859D63131D2: change Leader from null to a6e5811f-94fc-4b80-ac7d-ab0b387e43ac at term 8 for becomeLeader, leader elected after 25605ms
2019-10-04 06:29:06,655 [a6e5811f-94fc-4b80-ac7d-ab0b387e43ac@group-2859D63131D2-LeaderElection76] INFO  server.RaftServerConfigKeys (ConfUtils.java:logGet(43)) - raft.server.staging.catchup.gap = 1000 (default)
2019-10-04 06:29:06,656 [a6e5811f-94fc-4b80-ac7d-ab0b387e43ac@group-2859D63131D2-LeaderElection76] INFO  server.RaftServerConfigKeys (ConfUtils.java:logGet(43)) - raft.server.rpc.sleep.time = 25ms (default)
2019-10-04 06:29:06,656 [a6e5811f-94fc-4b80-ac7d-ab0b387e43ac@group-2859D63131D2-LeaderElection76] INFO  server.RaftServerConfigKeys (ConfUtils.java:logGet(43)) - raft.server.write.element-limit = 4096 (default)
2019-10-04 06:29:06,656 [a6e5811f-94fc-4b80-ac7d-ab0b387e43ac@group-2859D63131D2-LeaderElection76] INFO  server.RaftServerConfigKeys (ConfUtils.java:logGet(43)) - raft.server.watch.timeout = 10s (default)
2019-10-04 06:29:06,656 [a6e5811f-94fc-4b80-ac7d-ab0b387e43ac@group-2859D63131D2-LeaderElection76] INFO  server.RaftServerConfigKeys (ConfUtils.java:logGet(43)) - raft.server.watch.timeout.denomination = 1s (default)
2019-10-04 06:29:06,656 [a6e5811f-94fc-4b80-ac7d-ab0b387e43ac@group-2859D63131D2-LeaderElection76] INFO  server.RaftServerConfigKeys (ConfUtils.java:logGet(43)) - raft.server.watch.element-limit = 65536 (default)
2019-10-04 06:29:06,658 [a6e5811f-94fc-4b80-ac7d-ab0b387e43ac@group-2859D63131D2-LeaderElection76] INFO  server.RaftServerConfigKeys (ConfUtils.java:logGet(43)) - raft.server.log.appender.snapshot.chunk.size.max = 16MB (=16777216) (default)
2019-10-04 06:29:06,659 [a6e5811f-94fc-4b80-ac7d-ab0b387e43ac@group-2859D63131D2-LeaderElection76] INFO  server.RaftServerConfigKeys (ConfUtils.java:logGet(43)) - raft.server.log.appender.buffer.byte-limit = 33554432 (custom)
2019-10-04 06:29:06,659 [a6e5811f-94fc-4b80-ac7d-ab0b387e43ac@group-2859D63131D2-LeaderElection76] INFO  server.RaftServerConfigKeys (ConfUtils.java:logGet(43)) - raft.server.log.appender.buffer.element-limit = 1 (custom)
2019-10-04 06:29:06,659 [a6e5811f-94fc-4b80-ac7d-ab0b387e43ac@group-2859D63131D2-LeaderElection76] INFO  grpc.GrpcConfigKeys$Server (ConfUtils.java:logGet(43)) - raft.grpc.server.leader.outstanding.appends.max = 128 (default)
2019-10-04 06:29:06,659 [a6e5811f-94fc-4b80-ac7d-ab0b387e43ac@group-2859D63131D2-LeaderElection76] INFO  server.RaftServerConfigKeys (ConfUtils.java:logGet(43)) - raft.server.rpc.request.timeout = 3000ms (default)
2019-10-04 06:29:06,659 [a6e5811f-94fc-4b80-ac7d-ab0b387e43ac@group-2859D63131D2-LeaderElection76] INFO  server.RaftServerConfigKeys (ConfUtils.java:logGet(43)) - raft.server.log.appender.install.snapshot.enabled = false (custom)
2019-10-04 06:29:06,659 [a6e5811f-94fc-4b80-ac7d-ab0b387e43ac@group-2859D63131D2-LeaderElection76] INFO  server.RaftServerConfigKeys (ConfUtils.java:logGet(43)) - raft.server.log.appender.snapshot.chunk.size.max = 16MB (=16777216) (default)
2019-10-04 06:29:06,659 [a6e5811f-94fc-4b80-ac7d-ab0b387e43ac@group-2859D63131D2-LeaderElection76] INFO  server.RaftServerConfigKeys (ConfUtils.java:logGet(43)) - raft.server.log.appender.buffer.byte-limit = 33554432 (custom)
2019-10-04 06:29:06,659 [a6e5811f-94fc-4b80-ac7d-ab0b387e43ac@group-2859D63131D2-LeaderElection76] INFO  server.RaftServerConfigKeys (ConfUtils.java:logGet(43)) - raft.server.log.appender.buffer.element-limit = 1 (custom)
2019-10-04 06:29:06,660 [a6e5811f-94fc-4b80-ac7d-ab0b387e43ac@group-2859D63131D2-LeaderElection76] INFO  grpc.GrpcConfigKeys$Server (ConfUtils.java:logGet(43)) - raft.grpc.server.leader.outstanding.appends.max = 128 (default)
2019-10-04 06:29:06,660 [a6e5811f-94fc-4b80-ac7d-ab0b387e43ac@group-2859D63131D2-LeaderElection76] INFO  server.RaftServerConfigKeys (ConfUtils.java:logGet(43)) - raft.server.rpc.request.timeout = 3000ms (default)
2019-10-04 06:29:06,660 [a6e5811f-94fc-4b80-ac7d-ab0b387e43ac@group-2859D63131D2-LeaderElection76] INFO  server.RaftServerConfigKeys (ConfUtils.java:logGet(43)) - raft.server.log.appender.install.snapshot.enabled = false (custom)
2019-10-04 06:29:06,660 [a6e5811f-94fc-4b80-ac7d-ab0b387e43ac@group-2859D63131D2-LeaderElection76] INFO  impl.RoleInfo (RoleInfo.java:updateAndGet(143)) - a6e5811f-94fc-4b80-ac7d-ab0b387e43ac: start LeaderState
2019-10-04 06:29:06,660 [a6e5811f-94fc-4b80-ac7d-ab0b387e43ac@group-2859D63131D2-LeaderElection76] INFO  segmented.SegmentedRaftLogWorker (SegmentedRaftLogWorker.java:startLogSegment(385)) - a6e5811f-94fc-4b80-ac7d-ab0b387e43ac@group-2859D63131D2-SegmentedRaftLogWorker: Starting segment from index:0
2019-10-04 06:29:06,661 [a6e5811f-94fc-4b80-ac7d-ab0b387e43ac@group-2859D63131D2-LeaderElection76] INFO  impl.RaftServerImpl (ServerState.java:setRaftConf(356)) - a6e5811f-94fc-4b80-ac7d-ab0b387e43ac@group-2859D63131D2: set configuration 0: [fa71cad9-553e-4d32-83de-60c2765a1220:192.168.151.69:44326, fd6ad844-5084-4a79-88b5-192c4e1ce2b2:192.168.151.69:34280, a6e5811f-94fc-4b80-ac7d-ab0b387e43ac:192.168.151.69:40727], old=null at 0
2019-10-04 06:29:06,699 [grpc-default-executor-6] INFO  impl.RaftServerImpl (ServerState.java:setLeader(255)) - fd6ad844-5084-4a79-88b5-192c4e1ce2b2@group-2859D63131D2: change Leader from null to a6e5811f-94fc-4b80-ac7d-ab0b387e43ac at term 8 for appendEntries, leader elected after 15345ms
2019-10-04 06:29:06,699 [grpc-default-executor-4] INFO  impl.RaftServerImpl (ServerState.java:setLeader(255)) - fa71cad9-553e-4d32-83de-60c2765a1220@group-2859D63131D2: change Leader from null to a6e5811f-94fc-4b80-ac7d-ab0b387e43ac at term 8 for appendEntries, leader elected after 25649ms
2019-10-04 06:29:06,702 [grpc-default-executor-6] INFO  impl.RaftServerImpl (ServerState.java:setRaftConf(356)) - fa71cad9-553e-4d32-83de-60c2765a1220@group-2859D63131D2: set configuration 0: [fa71cad9-553e-4d32-83de-60c2765a1220:192.168.151.69:44326, fd6ad844-5084-4a79-88b5-192c4e1ce2b2:192.168.151.69:34280, a6e5811f-94fc-4b80-ac7d-ab0b387e43ac:192.168.151.69:40727], old=null at 0
2019-10-04 06:29:06,702 [grpc-default-executor-4] INFO  impl.RaftServerImpl (ServerState.java:setRaftConf(356)) - fd6ad844-5084-4a79-88b5-192c4e1ce2b2@group-2859D63131D2: set configuration 0: [fa71cad9-553e-4d32-83de-60c2765a1220:192.168.151.69:44326, fd6ad844-5084-4a79-88b5-192c4e1ce2b2:192.168.151.69:34280, a6e5811f-94fc-4b80-ac7d-ab0b387e43ac:192.168.151.69:40727], old=null at 0
2019-10-04 06:29:06,703 [grpc-default-executor-6] INFO  segmented.SegmentedRaftLogWorker (SegmentedRaftLogWorker.java:startLogSegment(385)) - fa71cad9-553e-4d32-83de-60c2765a1220@group-2859D63131D2-SegmentedRaftLogWorker: Starting segment from index:0
2019-10-04 06:29:06,707 [grpc-default-executor-4] INFO  segmented.SegmentedRaftLogWorker (SegmentedRaftLogWorker.java:truncate(401)) - fd6ad844-5084-4a79-88b5-192c4e1ce2b2@group-2859D63131D2-SegmentedRaftLogWorker: Truncating segments toTruncate: null
  toDelete: [(0, 0) isOpen? true, length=0, newEndIndex=-1], start index 0
2019-10-04 06:29:06,708 [grpc-default-executor-4] INFO  segmented.SegmentedRaftLogWorker (SegmentedRaftLogWorker.java:startLogSegment(385)) - fd6ad844-5084-4a79-88b5-192c4e1ce2b2@group-2859D63131D2-SegmentedRaftLogWorker: Starting segment from index:0
2019-10-04 06:29:06,711 [fd6ad844-5084-4a79-88b5-192c4e1ce2b2@group-2859D63131D2-SegmentedRaftLogWorker] INFO  segmented.SegmentedRaftLogWorker (SegmentedRaftLogWorker.java:execute(638)) - fd6ad844-5084-4a79-88b5-192c4e1ce2b2@group-2859D63131D2-SegmentedRaftLogWorker: Deleted log file /workdir/hadoop-ozone/integration-test/target/test-dir/MiniOzoneClusterImpl-353dc6ac-9fc0-413a-bb33-b58264605b5f/datanode-3/data/ratis/9723b5e0-f070-4820-b28b-2859d63131d2/current/log_inprogress_0
2019-10-04 06:29:06,712 [fd6ad844-5084-4a79-88b5-192c4e1ce2b2@group-2859D63131D2-SegmentedRaftLogWorker] INFO  segmented.SegmentedRaftLogWorker (SegmentedRaftLogWorker.java:lambda$new$0(128)) - fd6ad844-5084-4a79-88b5-192c4e1ce2b2@group-2859D63131D2-SegmentedRaftLogWorker: flushIndex: setUnconditionally 0 -> -1
2019-10-04 06:29:06,721 [a6e5811f-94fc-4b80-ac7d-ab0b387e43ac@group-2859D63131D2-SegmentedRaftLogWorker] INFO  segmented.SegmentedRaftLogWorker (SegmentedRaftLogWorker.java:execute(574)) - a6e5811f-94fc-4b80-ac7d-ab0b387e43ac@group-2859D63131D2-SegmentedRaftLogWorker: created new log segment /workdir/hadoop-ozone/integration-test/target/test-dir/MiniOzoneClusterImpl-353dc6ac-9fc0-413a-bb33-b58264605b5f/datanode-5/data/ratis/9723b5e0-f070-4820-b28b-2859d63131d2/current/log_inprogress_0
2019-10-04 06:29:06,751 [fd6ad844-5084-4a79-88b5-192c4e1ce2b2@group-2859D63131D2-SegmentedRaftLogWorker] INFO  segmented.SegmentedRaftLogWorker (SegmentedRaftLogWorker.java:execute(574)) - fd6ad844-5084-4a79-88b5-192c4e1ce2b2@group-2859D63131D2-SegmentedRaftLogWorker: created new log segment /workdir/hadoop-ozone/integration-test/target/test-dir/MiniOzoneClusterImpl-353dc6ac-9fc0-413a-bb33-b58264605b5f/datanode-3/data/ratis/9723b5e0-f070-4820-b28b-2859d63131d2/current/log_inprogress_0
2019-10-04 06:29:06,751 [fa71cad9-553e-4d32-83de-60c2765a1220@group-2859D63131D2-SegmentedRaftLogWorker] INFO  segmented.SegmentedRaftLogWorker (SegmentedRaftLogWorker.java:execute(574)) - fa71cad9-553e-4d32-83de-60c2765a1220@group-2859D63131D2-SegmentedRaftLogWorker: created new log segment /workdir/hadoop-ozone/integration-test/target/test-dir/MiniOzoneClusterImpl-353dc6ac-9fc0-413a-bb33-b58264605b5f/datanode-6/data/ratis/9723b5e0-f070-4820-b28b-2859d63131d2/current/log_inprogress_0
2019-10-04 06:29:07,056 [Thread-1620] INFO  client.GrpcClientProtocolService (GrpcClientProtocolService.java:lambda$processClientRequest$0(278)) - Failed RaftClientRequest:client-50FED94CA7EE->1a60f1dd-57b0-4e50-a131-82451b1e3cfa@group-A4CF8F989565, cid=67, seq=0, Watch-ALL_COMMITTED(101), Message:<EMPTY>, reply=RaftClientReply:client-50FED94CA7EE->1a60f1dd-57b0-4e50-a131-82451b1e3cfa@group-A4CF8F989565, cid=67, FAILED org.apache.ratis.protocol.NotReplicatedException: Request with call Id 67 and log index 101 is not yet replicated to ALL_COMMITTED, logIndex=101, commits[1a60f1dd-57b0-4e50-a131-82451b1e3cfa:c2, f60682d0-d3c6-4810-99e4-62a378b29a6d:c2, 5d6dac2c-28ba-4e48-a46a-83fcc0658c61:c2]
2019-10-04 06:29:08,668 [grpc-default-executor-1] WARN  server.GrpcLogAppender (LogUtils.java:warn(134)) - 1a60f1dd-57b0-4e50-a131-82451b1e3cfa@group-A4CF8F989565->f60682d0-d3c6-4810-99e4-62a378b29a6d-AppendLogResponseHandler: Failed appendEntries: org.apache.ratis.thirdparty.io.grpc.StatusRuntimeException: UNAVAILABLE: io exception
2019-10-04 06:29:08,668 [grpc-default-executor-6] WARN  server.GrpcLogAppender (LogUtils.java:warn(134)) - 1a60f1dd-57b0-4e50-a131-82451b1e3cfa@group-A4CF8F989565->5d6dac2c-28ba-4e48-a46a-83fcc0658c61-AppendLogResponseHandler: Failed appendEntries: org.apache.ratis.thirdparty.io.grpc.StatusRuntimeException: UNAVAILABLE: io exception
2019-10-04 06:29:08,669 [grpc-default-executor-1] INFO  impl.FollowerInfo (FollowerInfo.java:lambda$new$0(51)) - 1a60f1dd-57b0-4e50-a131-82451b1e3cfa@group-A4CF8F989565->f60682d0-d3c6-4810-99e4-62a378b29a6d: nextIndex: updateUnconditionally 0 -> 0
2019-10-04 06:29:08,669 [grpc-default-executor-6] INFO  impl.FollowerInfo (FollowerInfo.java:lambda$new$0(51)) - 1a60f1dd-57b0-4e50-a131-82451b1e3cfa@group-A4CF8F989565->5d6dac2c-28ba-4e48-a46a-83fcc0658c61: nextIndex: updateUnconditionally 0 -> 0
2019-10-04 06:29:11,169 [grpc-default-executor-3] WARN  server.GrpcLogAppender (LogUtils.java:warn(134)) - 1a60f1dd-57b0-4e50-a131-82451b1e3cfa@group-A4CF8F989565->5d6dac2c-28ba-4e48-a46a-83fcc0658c61-AppendLogResponseHandler: Failed appendEntries: org.apache.ratis.thirdparty.io.grpc.StatusRuntimeException: UNAVAILABLE: io exception
2019-10-04 06:29:11,170 [grpc-default-executor-7] WARN  server.GrpcLogAppender (LogUtils.java:warn(134)) - 1a60f1dd-57b0-4e50-a131-82451b1e3cfa@group-A4CF8F989565->f60682d0-d3c6-4810-99e4-62a378b29a6d-AppendLogResponseHandler: Failed appendEntries: org.apache.ratis.thirdparty.io.grpc.StatusRuntimeException: UNAVAILABLE: io exception
2019-10-04 06:29:11,170 [grpc-default-executor-3] INFO  impl.FollowerInfo (FollowerInfo.java:lambda$new$0(51)) - 1a60f1dd-57b0-4e50-a131-82451b1e3cfa@group-A4CF8F989565->5d6dac2c-28ba-4e48-a46a-83fcc0658c61: nextIndex: updateUnconditionally 0 -> 0
2019-10-04 06:29:11,170 [grpc-default-executor-7] INFO  impl.FollowerInfo (FollowerInfo.java:lambda$new$0(51)) - 1a60f1dd-57b0-4e50-a131-82451b1e3cfa@group-A4CF8F989565->f60682d0-d3c6-4810-99e4-62a378b29a6d: nextIndex: updateUnconditionally 0 -> 0
2019-10-04 06:29:13,675 [grpc-default-executor-3] WARN  server.GrpcLogAppender (LogUtils.java:warn(134)) - 1a60f1dd-57b0-4e50-a131-82451b1e3cfa@group-A4CF8F989565->5d6dac2c-28ba-4e48-a46a-83fcc0658c61-AppendLogResponseHandler: Failed appendEntries: org.apache.ratis.thirdparty.io.grpc.StatusRuntimeException: UNAVAILABLE: io exception
2019-10-04 06:29:13,675 [grpc-default-executor-7] WARN  server.GrpcLogAppender (LogUtils.java:warn(134)) - 1a60f1dd-57b0-4e50-a131-82451b1e3cfa@group-A4CF8F989565->f60682d0-d3c6-4810-99e4-62a378b29a6d-AppendLogResponseHandler: Failed appendEntries: org.apache.ratis.thirdparty.io.grpc.StatusRuntimeException: UNAVAILABLE: io exception
2019-10-04 06:29:13,675 [grpc-default-executor-3] INFO  impl.FollowerInfo (FollowerInfo.java:lambda$new$0(51)) - 1a60f1dd-57b0-4e50-a131-82451b1e3cfa@group-A4CF8F989565->5d6dac2c-28ba-4e48-a46a-83fcc0658c61: nextIndex: updateUnconditionally 0 -> 0
2019-10-04 06:29:13,675 [grpc-default-executor-7] INFO  impl.FollowerInfo (FollowerInfo.java:lambda$new$0(51)) - 1a60f1dd-57b0-4e50-a131-82451b1e3cfa@group-A4CF8F989565->f60682d0-d3c6-4810-99e4-62a378b29a6d: nextIndex: updateUnconditionally 0 -> 0
2019-10-04 06:29:16,175 [grpc-default-executor-4] WARN  server.GrpcLogAppender (LogUtils.java:warn(134)) - 1a60f1dd-57b0-4e50-a131-82451b1e3cfa@group-A4CF8F989565->5d6dac2c-28ba-4e48-a46a-83fcc0658c61-AppendLogResponseHandler: Failed appendEntries: org.apache.ratis.thirdparty.io.grpc.StatusRuntimeException: UNAVAILABLE: io exception
2019-10-04 06:29:16,175 [grpc-default-executor-1] WARN  server.GrpcLogAppender (LogUtils.java:warn(134)) - 1a60f1dd-57b0-4e50-a131-82451b1e3cfa@group-A4CF8F989565->f60682d0-d3c6-4810-99e4-62a378b29a6d-AppendLogResponseHandler: Failed appendEntries: org.apache.ratis.thirdparty.io.grpc.StatusRuntimeException: UNAVAILABLE: io exception
2019-10-04 06:29:16,176 [grpc-default-executor-1] INFO  impl.FollowerInfo (FollowerInfo.java:lambda$new$0(51)) - 1a60f1dd-57b0-4e50-a131-82451b1e3cfa@group-A4CF8F989565->f60682d0-d3c6-4810-99e4-62a378b29a6d: nextIndex: updateUnconditionally 0 -> 0
2019-10-04 06:29:16,176 [grpc-default-executor-4] INFO  impl.FollowerInfo (FollowerInfo.java:lambda$new$0(51)) - 1a60f1dd-57b0-4e50-a131-82451b1e3cfa@group-A4CF8F989565->5d6dac2c-28ba-4e48-a46a-83fcc0658c61: nextIndex: updateUnconditionally 0 -> 0
2019-10-04 06:29:16,465 [main] WARN  scm.XceiverClientRatis (XceiverClientRatis.java:watchForCommit(292)) - 3 way commit failed on pipeline Pipeline[ Id: 13d6e0a6-6d95-442b-b107-a4cf8f989565, Nodes: 5d6dac2c-28ba-4e48-a46a-83fcc0658c61{ip: 192.168.151.69, host: trunk-nightly-20191004-lpvmn-70278721, networkLocation: /default-rack, certSerialId: null}f60682d0-d3c6-4810-99e4-62a378b29a6d{ip: 192.168.151.69, host: trunk-nightly-20191004-lpvmn-70278721, networkLocation: /default-rack, certSerialId: null}1a60f1dd-57b0-4e50-a131-82451b1e3cfa{ip: 192.168.151.69, host: trunk-nightly-20191004-lpvmn-70278721, networkLocation: /default-rack, certSerialId: null}, Type:RATIS, Factor:THREE, State:OPEN]
java.util.concurrent.TimeoutException
	at java.util.concurrent.CompletableFuture.timedGet(CompletableFuture.java:1771)
	at java.util.concurrent.CompletableFuture.get(CompletableFuture.java:1915)
	at org.apache.hadoop.hdds.scm.XceiverClientRatis.watchForCommit(XceiverClientRatis.java:289)
	at org.apache.hadoop.ozone.client.rpc.TestWatchForCommit.testWatchForCommitForRetryfailure(TestWatchForCommit.java:345)
	at sun.reflect.NativeMethodAccessorImpl.invoke0(Native Method)
	at sun.reflect.NativeMethodAccessorImpl.invoke(NativeMethodAccessorImpl.java:62)
	at sun.reflect.DelegatingMethodAccessorImpl.invoke(DelegatingMethodAccessorImpl.java:43)
	at java.lang.reflect.Method.invoke(Method.java:498)
	at org.junit.runners.model.FrameworkMethod$1.runReflectiveCall(FrameworkMethod.java:47)
	at org.junit.internal.runners.model.ReflectiveCallable.run(ReflectiveCallable.java:12)
	at org.junit.runners.model.FrameworkMethod.invokeExplosively(FrameworkMethod.java:44)
	at org.junit.internal.runners.statements.InvokeMethod.evaluate(InvokeMethod.java:17)
	at org.junit.runners.ParentRunner.runLeaf(ParentRunner.java:271)
	at org.junit.runners.BlockJUnit4ClassRunner.runChild(BlockJUnit4ClassRunner.java:70)
	at org.junit.runners.BlockJUnit4ClassRunner.runChild(BlockJUnit4ClassRunner.java:50)
	at org.junit.runners.ParentRunner$3.run(ParentRunner.java:238)
	at org.junit.runners.ParentRunner$1.schedule(ParentRunner.java:63)
	at org.junit.runners.ParentRunner.runChildren(ParentRunner.java:236)
	at org.junit.runners.ParentRunner.access$000(ParentRunner.java:53)
	at org.junit.runners.ParentRunner$2.evaluate(ParentRunner.java:229)
	at org.junit.runners.ParentRunner.run(ParentRunner.java:309)
	at org.apache.maven.surefire.junit4.JUnit4Provider.execute(JUnit4Provider.java:365)
	at org.apache.maven.surefire.junit4.JUnit4Provider.executeWithRerun(JUnit4Provider.java:273)
	at org.apache.maven.surefire.junit4.JUnit4Provider.executeTestSet(JUnit4Provider.java:238)
	at org.apache.maven.surefire.junit4.JUnit4Provider.invoke(JUnit4Provider.java:159)
	at org.apache.maven.surefire.booter.ForkedBooter.invokeProviderInSameClassLoader(ForkedBooter.java:384)
	at org.apache.maven.surefire.booter.ForkedBooter.runSuitesInProcess(ForkedBooter.java:345)
	at org.apache.maven.surefire.booter.ForkedBooter.execute(ForkedBooter.java:126)
	at org.apache.maven.surefire.booter.ForkedBooter.main(ForkedBooter.java:418)
2019-10-04 06:29:17,056 [Thread-1635] INFO  client.GrpcClientProtocolService (GrpcClientProtocolService.java:lambda$processClientRequest$0(278)) - Failed RaftClientRequest:client-50FED94CA7EE->1a60f1dd-57b0-4e50-a131-82451b1e3cfa@group-A4CF8F989565, cid=67, seq=0, Watch-ALL_COMMITTED(101), Message:<EMPTY>, reply=RaftClientReply:client-50FED94CA7EE->1a60f1dd-57b0-4e50-a131-82451b1e3cfa@group-A4CF8F989565, cid=67, FAILED org.apache.ratis.protocol.NotReplicatedException: Request with call Id 67 and log index 101 is not yet replicated to ALL_COMMITTED, logIndex=101, commits[1a60f1dd-57b0-4e50-a131-82451b1e3cfa:c2, f60682d0-d3c6-4810-99e4-62a378b29a6d:c2, 5d6dac2c-28ba-4e48-a46a-83fcc0658c61:c2]
2019-10-04 06:29:18,676 [grpc-default-executor-6] WARN  server.GrpcLogAppender (LogUtils.java:warn(134)) - 1a60f1dd-57b0-4e50-a131-82451b1e3cfa@group-A4CF8F989565->f60682d0-d3c6-4810-99e4-62a378b29a6d-AppendLogResponseHandler: Failed appendEntries: org.apache.ratis.thirdparty.io.grpc.StatusRuntimeException: UNAVAILABLE: io exception
2019-10-04 06:29:18,676 [grpc-default-executor-1] WARN  server.GrpcLogAppender (LogUtils.java:warn(134)) - 1a60f1dd-57b0-4e50-a131-82451b1e3cfa@group-A4CF8F989565->5d6dac2c-28ba-4e48-a46a-83fcc0658c61-AppendLogResponseHandler: Failed appendEntries: org.apache.ratis.thirdparty.io.grpc.StatusRuntimeException: UNAVAILABLE: io exception
2019-10-04 06:29:18,676 [grpc-default-executor-6] INFO  impl.FollowerInfo (FollowerInfo.java:lambda$new$0(51)) - 1a60f1dd-57b0-4e50-a131-82451b1e3cfa@group-A4CF8F989565->f60682d0-d3c6-4810-99e4-62a378b29a6d: nextIndex: updateUnconditionally 0 -> 0
2019-10-04 06:29:18,676 [grpc-default-executor-1] INFO  impl.FollowerInfo (FollowerInfo.java:lambda$new$0(51)) - 1a60f1dd-57b0-4e50-a131-82451b1e3cfa@group-A4CF8F989565->5d6dac2c-28ba-4e48-a46a-83fcc0658c61: nextIndex: updateUnconditionally 0 -> 0
2019-10-04 06:29:21,178 [grpc-default-executor-1] WARN  server.GrpcLogAppender (LogUtils.java:warn(134)) - 1a60f1dd-57b0-4e50-a131-82451b1e3cfa@group-A4CF8F989565->f60682d0-d3c6-4810-99e4-62a378b29a6d-AppendLogResponseHandler: Failed appendEntries: org.apache.ratis.thirdparty.io.grpc.StatusRuntimeException: UNAVAILABLE: io exception
2019-10-04 06:29:21,178 [grpc-default-executor-6] WARN  server.GrpcLogAppender (LogUtils.java:warn(134)) - 1a60f1dd-57b0-4e50-a131-82451b1e3cfa@group-A4CF8F989565->5d6dac2c-28ba-4e48-a46a-83fcc0658c61-AppendLogResponseHandler: Failed appendEntries: org.apache.ratis.thirdparty.io.grpc.StatusRuntimeException: UNAVAILABLE: io exception
2019-10-04 06:29:21,179 [grpc-default-executor-6] INFO  impl.FollowerInfo (FollowerInfo.java:lambda$new$0(51)) - 1a60f1dd-57b0-4e50-a131-82451b1e3cfa@group-A4CF8F989565->5d6dac2c-28ba-4e48-a46a-83fcc0658c61: nextIndex: updateUnconditionally 0 -> 0
2019-10-04 06:29:21,179 [grpc-default-executor-1] INFO  impl.FollowerInfo (FollowerInfo.java:lambda$new$0(51)) - 1a60f1dd-57b0-4e50-a131-82451b1e3cfa@group-A4CF8F989565->f60682d0-d3c6-4810-99e4-62a378b29a6d: nextIndex: updateUnconditionally 0 -> 0
2019-10-04 06:29:23,684 [grpc-default-executor-4] WARN  server.GrpcLogAppender (LogUtils.java:warn(134)) - 1a60f1dd-57b0-4e50-a131-82451b1e3cfa@group-A4CF8F989565->5d6dac2c-28ba-4e48-a46a-83fcc0658c61-AppendLogResponseHandler: Failed appendEntries: org.apache.ratis.thirdparty.io.grpc.StatusRuntimeException: UNAVAILABLE: io exception
2019-10-04 06:29:23,684 [grpc-default-executor-1] WARN  server.GrpcLogAppender (LogUtils.java:warn(134)) - 1a60f1dd-57b0-4e50-a131-82451b1e3cfa@group-A4CF8F989565->f60682d0-d3c6-4810-99e4-62a378b29a6d-AppendLogResponseHandler: Failed appendEntries: org.apache.ratis.thirdparty.io.grpc.StatusRuntimeException: UNAVAILABLE: io exception
2019-10-04 06:29:23,685 [grpc-default-executor-4] INFO  impl.FollowerInfo (FollowerInfo.java:lambda$new$0(51)) - 1a60f1dd-57b0-4e50-a131-82451b1e3cfa@group-A4CF8F989565->5d6dac2c-28ba-4e48-a46a-83fcc0658c61: nextIndex: updateUnconditionally 0 -> 0
2019-10-04 06:29:23,685 [grpc-default-executor-1] INFO  impl.FollowerInfo (FollowerInfo.java:lambda$new$0(51)) - 1a60f1dd-57b0-4e50-a131-82451b1e3cfa@group-A4CF8F989565->f60682d0-d3c6-4810-99e4-62a378b29a6d: nextIndex: updateUnconditionally 0 -> 0
2019-10-04 06:29:26,184 [grpc-default-executor-1] WARN  server.GrpcLogAppender (LogUtils.java:warn(134)) - 1a60f1dd-57b0-4e50-a131-82451b1e3cfa@group-A4CF8F989565->5d6dac2c-28ba-4e48-a46a-83fcc0658c61-AppendLogResponseHandler: Failed appendEntries: org.apache.ratis.thirdparty.io.grpc.StatusRuntimeException: UNAVAILABLE: io exception
2019-10-04 06:29:26,184 [grpc-default-executor-7] WARN  server.GrpcLogAppender (LogUtils.java:warn(134)) - 1a60f1dd-57b0-4e50-a131-82451b1e3cfa@group-A4CF8F989565->f60682d0-d3c6-4810-99e4-62a378b29a6d-AppendLogResponseHandler: Failed appendEntries: org.apache.ratis.thirdparty.io.grpc.StatusRuntimeException: UNAVAILABLE: io exception
2019-10-04 06:29:26,185 [grpc-default-executor-1] INFO  impl.FollowerInfo (FollowerInfo.java:lambda$new$0(51)) - 1a60f1dd-57b0-4e50-a131-82451b1e3cfa@group-A4CF8F989565->5d6dac2c-28ba-4e48-a46a-83fcc0658c61: nextIndex: updateUnconditionally 0 -> 0
2019-10-04 06:29:26,185 [grpc-default-executor-7] INFO  impl.FollowerInfo (FollowerInfo.java:lambda$new$0(51)) - 1a60f1dd-57b0-4e50-a131-82451b1e3cfa@group-A4CF8F989565->f60682d0-d3c6-4810-99e4-62a378b29a6d: nextIndex: updateUnconditionally 0 -> 0
2019-10-04 06:29:27,057 [Thread-1650] INFO  client.GrpcClientProtocolService (GrpcClientProtocolService.java:lambda$processClientRequest$0(278)) - Failed RaftClientRequest:client-50FED94CA7EE->1a60f1dd-57b0-4e50-a131-82451b1e3cfa@group-A4CF8F989565, cid=67, seq=0, Watch-ALL_COMMITTED(101), Message:<EMPTY>, reply=RaftClientReply:client-50FED94CA7EE->1a60f1dd-57b0-4e50-a131-82451b1e3cfa@group-A4CF8F989565, cid=67, FAILED org.apache.ratis.protocol.NotReplicatedException: Request with call Id 67 and log index 101 is not yet replicated to ALL_COMMITTED, logIndex=101, commits[1a60f1dd-57b0-4e50-a131-82451b1e3cfa:c2, f60682d0-d3c6-4810-99e4-62a378b29a6d:c2, 5d6dac2c-28ba-4e48-a46a-83fcc0658c61:c2]
2019-10-04 06:29:28,056 [Thread-1651] INFO  client.GrpcClientProtocolService (GrpcClientProtocolService.java:lambda$processClientRequest$0(278)) - Failed RaftClientRequest:client-50FED94CA7EE->1a60f1dd-57b0-4e50-a131-82451b1e3cfa@group-A4CF8F989565, cid=68, seq=0, Watch-MAJORITY_COMMITTED(101), Message:<EMPTY>, reply=RaftClientReply:client-50FED94CA7EE->1a60f1dd-57b0-4e50-a131-82451b1e3cfa@group-A4CF8F989565, cid=68, FAILED org.apache.ratis.protocol.NotReplicatedException: Request with call Id 68 and log index 101 is not yet replicated to MAJORITY_COMMITTED, logIndex=101, commits[1a60f1dd-57b0-4e50-a131-82451b1e3cfa:c2, f60682d0-d3c6-4810-99e4-62a378b29a6d:c2, 5d6dac2c-28ba-4e48-a46a-83fcc0658c61:c2]
2019-10-04 06:29:28,689 [grpc-default-executor-1] WARN  server.GrpcLogAppender (LogUtils.java:warn(134)) - 1a60f1dd-57b0-4e50-a131-82451b1e3cfa@group-A4CF8F989565->5d6dac2c-28ba-4e48-a46a-83fcc0658c61-AppendLogResponseHandler: Failed appendEntries: org.apache.ratis.thirdparty.io.grpc.StatusRuntimeException: UNAVAILABLE: io exception
2019-10-04 06:29:28,689 [grpc-default-executor-7] WARN  server.GrpcLogAppender (LogUtils.java:warn(134)) - 1a60f1dd-57b0-4e50-a131-82451b1e3cfa@group-A4CF8F989565->f60682d0-d3c6-4810-99e4-62a378b29a6d-AppendLogResponseHandler: Failed appendEntries: org.apache.ratis.thirdparty.io.grpc.StatusRuntimeException: UNAVAILABLE: io exception
2019-10-04 06:29:28,690 [grpc-default-executor-7] INFO  impl.FollowerInfo (FollowerInfo.java:lambda$new$0(51)) - 1a60f1dd-57b0-4e50-a131-82451b1e3cfa@group-A4CF8F989565->f60682d0-d3c6-4810-99e4-62a378b29a6d: nextIndex: updateUnconditionally 0 -> 0
2019-10-04 06:29:28,690 [grpc-default-executor-1] INFO  impl.FollowerInfo (FollowerInfo.java:lambda$new$0(51)) - 1a60f1dd-57b0-4e50-a131-82451b1e3cfa@group-A4CF8F989565->5d6dac2c-28ba-4e48-a46a-83fcc0658c61: nextIndex: updateUnconditionally 0 -> 0
2019-10-04 06:29:31,194 [grpc-default-executor-7] WARN  server.GrpcLogAppender (LogUtils.java:warn(134)) - 1a60f1dd-57b0-4e50-a131-82451b1e3cfa@group-A4CF8F989565->5d6dac2c-28ba-4e48-a46a-83fcc0658c61-AppendLogResponseHandler: Failed appendEntries: org.apache.ratis.thirdparty.io.grpc.StatusRuntimeException: UNAVAILABLE: io exception
2019-10-04 06:29:31,194 [grpc-default-executor-1] WARN  server.GrpcLogAppender (LogUtils.java:warn(134)) - 1a60f1dd-57b0-4e50-a131-82451b1e3cfa@group-A4CF8F989565->f60682d0-d3c6-4810-99e4-62a378b29a6d-AppendLogResponseHandler: Failed appendEntries: org.apache.ratis.thirdparty.io.grpc.StatusRuntimeException: UNAVAILABLE: io exception
2019-10-04 06:29:31,195 [grpc-default-executor-7] INFO  impl.FollowerInfo (FollowerInfo.java:lambda$new$0(51)) - 1a60f1dd-57b0-4e50-a131-82451b1e3cfa@group-A4CF8F989565->5d6dac2c-28ba-4e48-a46a-83fcc0658c61: nextIndex: updateUnconditionally 0 -> 0
2019-10-04 06:29:31,195 [grpc-default-executor-1] INFO  impl.FollowerInfo (FollowerInfo.java:lambda$new$0(51)) - 1a60f1dd-57b0-4e50-a131-82451b1e3cfa@group-A4CF8F989565->f60682d0-d3c6-4810-99e4-62a378b29a6d: nextIndex: updateUnconditionally 0 -> 0
2019-10-04 06:29:33,693 [grpc-default-executor-4] WARN  server.GrpcLogAppender (LogUtils.java:warn(134)) - 1a60f1dd-57b0-4e50-a131-82451b1e3cfa@group-A4CF8F989565->f60682d0-d3c6-4810-99e4-62a378b29a6d-AppendLogResponseHandler: Failed appendEntries: org.apache.ratis.thirdparty.io.grpc.StatusRuntimeException: UNAVAILABLE: io exception
2019-10-04 06:29:33,693 [grpc-default-executor-2] WARN  server.GrpcLogAppender (LogUtils.java:warn(134)) - 1a60f1dd-57b0-4e50-a131-82451b1e3cfa@group-A4CF8F989565->5d6dac2c-28ba-4e48-a46a-83fcc0658c61-AppendLogResponseHandler: Failed appendEntries: org.apache.ratis.thirdparty.io.grpc.StatusRuntimeException: UNAVAILABLE: io exception
2019-10-04 06:29:33,693 [grpc-default-executor-4] INFO  impl.FollowerInfo (FollowerInfo.java:lambda$new$0(51)) - 1a60f1dd-57b0-4e50-a131-82451b1e3cfa@group-A4CF8F989565->f60682d0-d3c6-4810-99e4-62a378b29a6d: nextIndex: updateUnconditionally 0 -> 0
2019-10-04 06:29:33,694 [grpc-default-executor-2] INFO  impl.FollowerInfo (FollowerInfo.java:lambda$new$0(51)) - 1a60f1dd-57b0-4e50-a131-82451b1e3cfa@group-A4CF8F989565->5d6dac2c-28ba-4e48-a46a-83fcc0658c61: nextIndex: updateUnconditionally 0 -> 0
2019-10-04 06:29:36,197 [grpc-default-executor-6] WARN  server.GrpcLogAppender (LogUtils.java:warn(134)) - 1a60f1dd-57b0-4e50-a131-82451b1e3cfa@group-A4CF8F989565->5d6dac2c-28ba-4e48-a46a-83fcc0658c61-AppendLogResponseHandler: Failed appendEntries: org.apache.ratis.thirdparty.io.grpc.StatusRuntimeException: UNAVAILABLE: io exception
2019-10-04 06:29:36,197 [grpc-default-executor-4] WARN  server.GrpcLogAppender (LogUtils.java:warn(134)) - 1a60f1dd-57b0-4e50-a131-82451b1e3cfa@group-A4CF8F989565->f60682d0-d3c6-4810-99e4-62a378b29a6d-AppendLogResponseHandler: Failed appendEntries: org.apache.ratis.thirdparty.io.grpc.StatusRuntimeException: UNAVAILABLE: io exception
2019-10-04 06:29:36,198 [grpc-default-executor-6] INFO  impl.FollowerInfo (FollowerInfo.java:lambda$new$0(51)) - 1a60f1dd-57b0-4e50-a131-82451b1e3cfa@group-A4CF8F989565->5d6dac2c-28ba-4e48-a46a-83fcc0658c61: nextIndex: updateUnconditionally 0 -> 0
2019-10-04 06:29:36,198 [grpc-default-executor-4] INFO  impl.FollowerInfo (FollowerInfo.java:lambda$new$0(51)) - 1a60f1dd-57b0-4e50-a131-82451b1e3cfa@group-A4CF8F989565->f60682d0-d3c6-4810-99e4-62a378b29a6d: nextIndex: updateUnconditionally 0 -> 0
]]></system-out>
    <system-err><![CDATA[Oct 04, 2019 6:28:51 AM org.apache.ratis.thirdparty.io.grpc.internal.SerializingExecutor run
SEVERE: Exception while executing runnable org.apache.ratis.thirdparty.io.grpc.internal.ServerImpl$JumpToApplicationThreadServerStreamListener$1Closed@1e5ddfef
org.apache.ratis.thirdparty.io.grpc.StatusRuntimeException: CANCELLED: call already cancelled
	at org.apache.ratis.thirdparty.io.grpc.Status.asRuntimeException(Status.java:517)
	at org.apache.ratis.thirdparty.io.grpc.stub.ServerCalls$ServerCallStreamObserverImpl.onCompleted(ServerCalls.java:356)
	at org.apache.ratis.grpc.server.GrpcServerProtocolService$ServerRequestStreamObserver.onError(GrpcServerProtocolService.java:121)
	at org.apache.ratis.thirdparty.io.grpc.stub.ServerCalls$StreamingServerCallHandler$StreamingServerCallListener.onCancel(ServerCalls.java:269)
	at org.apache.ratis.thirdparty.io.grpc.internal.ServerCallImpl$ServerStreamListenerImpl.closed(ServerCallImpl.java:293)
	at org.apache.ratis.thirdparty.io.grpc.internal.ServerImpl$JumpToApplicationThreadServerStreamListener$1Closed.runInContext(ServerImpl.java:741)
	at org.apache.ratis.thirdparty.io.grpc.internal.ContextRunnable.run(ContextRunnable.java:37)
	at org.apache.ratis.thirdparty.io.grpc.internal.SerializingExecutor.run(SerializingExecutor.java:123)
	at java.util.concurrent.ThreadPoolExecutor.runWorker(ThreadPoolExecutor.java:1149)
	at java.util.concurrent.ThreadPoolExecutor$Worker.run(ThreadPoolExecutor.java:624)
	at java.lang.Thread.run(Thread.java:748)

Oct 04, 2019 6:28:56 AM org.apache.ratis.thirdparty.io.grpc.internal.SerializingExecutor run
SEVERE: Exception while executing runnable org.apache.ratis.thirdparty.io.grpc.internal.ServerImpl$JumpToApplicationThreadServerStreamListener$1Closed@6fd2e035
org.apache.ratis.thirdparty.io.grpc.StatusRuntimeException: CANCELLED: call already cancelled
	at org.apache.ratis.thirdparty.io.grpc.Status.asRuntimeException(Status.java:517)
	at org.apache.ratis.thirdparty.io.grpc.stub.ServerCalls$ServerCallStreamObserverImpl.onCompleted(ServerCalls.java:356)
	at org.apache.ratis.grpc.server.GrpcServerProtocolService$ServerRequestStreamObserver.onError(GrpcServerProtocolService.java:121)
	at org.apache.ratis.thirdparty.io.grpc.stub.ServerCalls$StreamingServerCallHandler$StreamingServerCallListener.onCancel(ServerCalls.java:269)
	at org.apache.ratis.thirdparty.io.grpc.internal.ServerCallImpl$ServerStreamListenerImpl.closed(ServerCallImpl.java:293)
	at org.apache.ratis.thirdparty.io.grpc.internal.ServerImpl$JumpToApplicationThreadServerStreamListener$1Closed.runInContext(ServerImpl.java:741)
	at org.apache.ratis.thirdparty.io.grpc.internal.ContextRunnable.run(ContextRunnable.java:37)
	at org.apache.ratis.thirdparty.io.grpc.internal.SerializingExecutor.run(SerializingExecutor.java:123)
	at java.util.concurrent.ThreadPoolExecutor.runWorker(ThreadPoolExecutor.java:1149)
	at java.util.concurrent.ThreadPoolExecutor$Worker.run(ThreadPoolExecutor.java:624)
	at java.lang.Thread.run(Thread.java:748)

]]></system-err>
  </testcase>
  <testcase name="testWatchForCommitForGroupMismatchException" classname="org.apache.hadoop.ozone.client.rpc.TestWatchForCommit" time="32.589"/>
  <testcase name="test2WayCommitForTimeoutException" classname="org.apache.hadoop.ozone.client.rpc.TestWatchForCommit" time="22.841">
    <error type="java.util.concurrent.TimeoutException">java.util.concurrent.TimeoutException
	at java.util.concurrent.CompletableFuture.timedGet(CompletableFuture.java:1771)
	at java.util.concurrent.CompletableFuture.get(CompletableFuture.java:1915)
	at org.apache.hadoop.hdds.scm.XceiverClientRatis.watchForCommit(XceiverClientRatis.java:298)
	at org.apache.hadoop.ozone.client.rpc.TestWatchForCommit.test2WayCommitForTimeoutException(TestWatchForCommit.java:391)
	at sun.reflect.NativeMethodAccessorImpl.invoke0(Native Method)
	at sun.reflect.NativeMethodAccessorImpl.invoke(NativeMethodAccessorImpl.java:62)
	at sun.reflect.DelegatingMethodAccessorImpl.invoke(DelegatingMethodAccessorImpl.java:43)
	at java.lang.reflect.Method.invoke(Method.java:498)
	at org.junit.runners.model.FrameworkMethod$1.runReflectiveCall(FrameworkMethod.java:47)
	at org.junit.internal.runners.model.ReflectiveCallable.run(ReflectiveCallable.java:12)
	at org.junit.runners.model.FrameworkMethod.invokeExplosively(FrameworkMethod.java:44)
	at org.junit.internal.runners.statements.InvokeMethod.evaluate(InvokeMethod.java:17)
	at org.junit.runners.ParentRunner.runLeaf(ParentRunner.java:271)
	at org.junit.runners.BlockJUnit4ClassRunner.runChild(BlockJUnit4ClassRunner.java:70)
	at org.junit.runners.BlockJUnit4ClassRunner.runChild(BlockJUnit4ClassRunner.java:50)
	at org.junit.runners.ParentRunner$3.run(ParentRunner.java:238)
	at org.junit.runners.ParentRunner$1.schedule(ParentRunner.java:63)
	at org.junit.runners.ParentRunner.runChildren(ParentRunner.java:236)
	at org.junit.runners.ParentRunner.access$000(ParentRunner.java:53)
	at org.junit.runners.ParentRunner$2.evaluate(ParentRunner.java:229)
	at org.junit.runners.ParentRunner.run(ParentRunner.java:309)
	at org.apache.maven.surefire.junit4.JUnit4Provider.execute(JUnit4Provider.java:365)
	at org.apache.maven.surefire.junit4.JUnit4Provider.executeWithRerun(JUnit4Provider.java:273)
	at org.apache.maven.surefire.junit4.JUnit4Provider.executeTestSet(JUnit4Provider.java:238)
	at org.apache.maven.surefire.junit4.JUnit4Provider.invoke(JUnit4Provider.java:159)
	at org.apache.maven.surefire.booter.ForkedBooter.invokeProviderInSameClassLoader(ForkedBooter.java:384)
	at org.apache.maven.surefire.booter.ForkedBooter.runSuitesInProcess(ForkedBooter.java:345)
	at org.apache.maven.surefire.booter.ForkedBooter.execute(ForkedBooter.java:126)
	at org.apache.maven.surefire.booter.ForkedBooter.main(ForkedBooter.java:418)
</error>
    <system-out><![CDATA[2019-10-04 06:30:09,098 [main] WARN  server.ServerUtils (ServerUtils.java:getScmDbDir(145)) - ozone.scm.db.dirs is not configured. We recommend adding this setting. Falling back to ozone.metadata.dirs instead.
2019-10-04 06:30:09,113 [main] WARN  server.ServerUtils (ServerUtils.java:getScmDbDir(145)) - ozone.scm.db.dirs is not configured. We recommend adding this setting. Falling back to ozone.metadata.dirs instead.
2019-10-04 06:30:09,114 [main] WARN  server.ServerUtils (ServerUtils.java:getScmDbDir(145)) - ozone.scm.db.dirs is not configured. We recommend adding this setting. Falling back to ozone.metadata.dirs instead.
2019-10-04 06:30:09,114 [main] INFO  db.DBStoreBuilder (DBStoreBuilder.java:addTable(117)) - using custom profile for table: deletedBlocks
2019-10-04 06:30:09,115 [main] INFO  db.DBStoreBuilder (DBStoreBuilder.java:processTables(168)) - Using default column profile:DBProfile.DISK for Table:deletedBlocks
2019-10-04 06:30:09,115 [main] INFO  db.DBStoreBuilder (DBStoreBuilder.java:addTable(117)) - using custom profile for table: validCerts
2019-10-04 06:30:09,115 [main] INFO  db.DBStoreBuilder (DBStoreBuilder.java:processTables(168)) - Using default column profile:DBProfile.DISK for Table:validCerts
2019-10-04 06:30:09,116 [main] INFO  db.DBStoreBuilder (DBStoreBuilder.java:addTable(117)) - using custom profile for table: revokedCerts
2019-10-04 06:30:09,116 [main] INFO  db.DBStoreBuilder (DBStoreBuilder.java:processTables(168)) - Using default column profile:DBProfile.DISK for Table:revokedCerts
2019-10-04 06:30:09,116 [main] INFO  db.DBStoreBuilder (DBStoreBuilder.java:addTable(117)) - using custom profile for table: default
2019-10-04 06:30:09,116 [main] INFO  db.DBStoreBuilder (DBStoreBuilder.java:processTables(174)) - Using default column profile:DBProfile.DISK for Table:default
2019-10-04 06:30:09,117 [main] INFO  db.DBStoreBuilder (DBStoreBuilder.java:getDbProfile(205)) - Using default options. DBProfile.DISK
2019-10-04 06:30:09,265 [main] INFO  net.NodeSchemaLoader (NodeSchemaLoader.java:loadSchemaFromFile(125)) - Loading file from sun.misc.CompoundEnumeration@3c7279a5
2019-10-04 06:30:09,266 [main] INFO  net.NodeSchemaLoader (NodeSchemaLoader.java:loadSchema(171)) - Loading network topology layer schema file
2019-10-04 06:30:09,271 [main] WARN  server.ServerUtils (ServerUtils.java:sanitizeUserArgs(70)) - ozone.scm.stale.node.interval value = 300000 is larger than max = 100000 based on the key value of ozone.scm.heartbeat.thread.interval, reset to the max value 100000.
2019-10-04 06:30:09,271 [main] WARN  server.ServerUtils (ServerUtils.java:sanitizeUserArgs(70)) - ozone.scm.stale.node.interval value = 300000 is larger than max = 100000 based on the key value of ozone.scm.heartbeat.thread.interval, reset to the max value 100000.
2019-10-04 06:30:09,271 [main] INFO  node.SCMNodeManager (SCMNodeManager.java:<init>(114)) - Entering startup safe mode.
2019-10-04 06:30:09,272 [main] INFO  algorithms.ContainerPlacementPolicyFactory (ContainerPlacementPolicyFactory.java:getPolicy(57)) - Create container placement policy of type org.apache.hadoop.hdds.scm.container.placement.algorithms.SCMContainerPlacementRandom
2019-10-04 06:30:09,272 [main] WARN  server.ServerUtils (ServerUtils.java:getScmDbDir(145)) - ozone.scm.db.dirs is not configured. We recommend adding this setting. Falling back to ozone.metadata.dirs instead.
2019-10-04 06:30:09,325 [main] INFO  pipeline.SCMPipelineManager (SCMPipelineManager.java:initializePipelineState(132)) - No pipeline exists in current db
2019-10-04 06:30:09,325 [main] WARN  server.ServerUtils (ServerUtils.java:getScmDbDir(145)) - ozone.scm.db.dirs is not configured. We recommend adding this setting. Falling back to ozone.metadata.dirs instead.
2019-10-04 06:30:09,374 [main] WARN  events.EventQueue (EventQueue.java:fireEvent(183)) - No event handler registered for event TypedEvent{payloadType=SafeModeStatus, name='SafeModeStatus'}
2019-10-04 06:30:09,375 [main] INFO  ipc.CallQueueManager (CallQueueManager.java:<init>(84)) - Using callQueue: class java.util.concurrent.LinkedBlockingQueue, queueCapacity: 2000, scheduler: class org.apache.hadoop.ipc.DefaultRpcScheduler, ipcBackoff: false.
2019-10-04 06:30:09,376 [Socket Reader #1 for port 33802] INFO  ipc.Server (Server.java:run(1074)) - Starting Socket Reader #1 for port 33802
2019-10-04 06:30:09,379 [main] INFO  ipc.CallQueueManager (CallQueueManager.java:<init>(84)) - Using callQueue: class java.util.concurrent.LinkedBlockingQueue, queueCapacity: 2000, scheduler: class org.apache.hadoop.ipc.DefaultRpcScheduler, ipcBackoff: false.
2019-10-04 06:30:09,380 [Socket Reader #1 for port 34628] INFO  ipc.Server (Server.java:run(1074)) - Starting Socket Reader #1 for port 34628
2019-10-04 06:30:09,382 [main] INFO  ipc.CallQueueManager (CallQueueManager.java:<init>(84)) - Using callQueue: class java.util.concurrent.LinkedBlockingQueue, queueCapacity: 2000, scheduler: class org.apache.hadoop.ipc.DefaultRpcScheduler, ipcBackoff: false.
2019-10-04 06:30:09,383 [Socket Reader #1 for port 35350] INFO  ipc.Server (Server.java:run(1074)) - Starting Socket Reader #1 for port 35350
2019-10-04 06:30:09,386 [main] INFO  hdfs.DFSUtil (DFSUtil.java:httpServerTemplateForNNAndJN(1641)) - Starting Web-server for scm at: http://0.0.0.0:0
2019-10-04 06:30:09,388 [main] INFO  server.AuthenticationFilter (AuthenticationFilter.java:constructSecretProvider(240)) - Unable to initialize FileSignerSecretProvider, falling back to use random secrets.
2019-10-04 06:30:09,389 [main] WARN  http.HttpRequestLog (HttpRequestLog.java:getRequestLog(97)) - Jetty request log can only be enabled using Log4j
2019-10-04 06:30:09,390 [main] INFO  http.HttpServer2 (HttpServer2.java:addGlobalFilter(975)) - Added global filter 'safety' (class=org.apache.hadoop.http.HttpServer2$QuotingInputFilter)
2019-10-04 06:30:09,390 [main] INFO  http.HttpServer2 (HttpServer2.java:addFilter(948)) - Added filter static_user_filter (class=org.apache.hadoop.http.lib.StaticUserWebFilter$StaticUserFilter) to context scm
2019-10-04 06:30:09,391 [main] INFO  http.HttpServer2 (HttpServer2.java:addFilter(958)) - Added filter static_user_filter (class=org.apache.hadoop.http.lib.StaticUserWebFilter$StaticUserFilter) to context static
2019-10-04 06:30:09,391 [main] INFO  http.HttpServer2 (HttpServer2.java:addFilter(958)) - Added filter static_user_filter (class=org.apache.hadoop.http.lib.StaticUserWebFilter$StaticUserFilter) to context logs
2019-10-04 06:30:09,393 [main] INFO  server.StorageContainerManager (StorageContainerManager.java:start(770)) - StorageContainerLocationProtocol RPC server is listening at /0.0.0.0:35350
2019-10-04 06:30:09,394 [main] WARN  impl.MetricsConfig (MetricsConfig.java:loadFirst(134)) - Cannot locate configuration: tried hadoop-metrics2-storagecontainermanager.properties,hadoop-metrics2.properties
2019-10-04 06:30:09,395 [main] INFO  impl.MetricsSystemImpl (MetricsSystemImpl.java:startTimer(374)) - Scheduled Metric snapshot period at 10 second(s).
2019-10-04 06:30:09,395 [main] INFO  impl.MetricsSystemImpl (MetricsSystemImpl.java:start(191)) - StorageContainerManager metrics system started
2019-10-04 06:30:09,713 [main] WARN  impl.MetricsSystemImpl (MetricsSystemImpl.java:register(276)) - Sink prometheus already exists!
2019-10-04 06:30:09,984 [main] INFO  server.SCMClientProtocolServer (SCMClientProtocolServer.java:start(159)) - RPC server for Client  is listening at /0.0.0.0:35350
2019-10-04 06:30:09,984 [IPC Server Responder] INFO  ipc.Server (Server.java:run(1314)) - IPC Server Responder: starting
2019-10-04 06:30:09,990 [IPC Server listener on 35350] INFO  ipc.Server (Server.java:run(1153)) - IPC Server listener on 35350: starting
2019-10-04 06:30:10,010 [main] INFO  server.StorageContainerManager (StorageContainerManager.java:start(780)) - ScmBlockLocationProtocol RPC server is listening at /0.0.0.0:34628
2019-10-04 06:30:10,011 [main] INFO  server.SCMBlockProtocolServer (SCMBlockProtocolServer.java:start(146)) - RPC server for Block Protocol is listening at /0.0.0.0:34628
2019-10-04 06:30:10,011 [IPC Server Responder] INFO  ipc.Server (Server.java:run(1314)) - IPC Server Responder: starting
2019-10-04 06:30:10,011 [IPC Server listener on 34628] INFO  ipc.Server (Server.java:run(1153)) - IPC Server listener on 34628: starting
2019-10-04 06:30:10,018 [main] INFO  server.StorageContainerManager (StorageContainerManager.java:start(784)) - ScmDatanodeProtocl RPC server is listening at /0.0.0.0:33802
2019-10-04 06:30:10,019 [main] INFO  server.SCMDatanodeProtocolServer (SCMDatanodeProtocolServer.java:start(169)) - RPC server for DataNodes is listening at /0.0.0.0:33802
2019-10-04 06:30:10,019 [IPC Server Responder] INFO  ipc.Server (Server.java:run(1314)) - IPC Server Responder: starting
2019-10-04 06:30:10,021 [IPC Server listener on 33802] INFO  ipc.Server (Server.java:run(1153)) - IPC Server listener on 33802: starting
2019-10-04 06:30:10,024 [main] INFO  http.HttpServer2 (HttpServer2.java:bindListener(1191)) - Jetty bound to port 40057
2019-10-04 06:30:10,024 [main] INFO  server.Server (Server.java:doStart(351)) - jetty-9.3.25.v20180904, build timestamp: 2018-09-04T21:11:46Z, git hash: 3ce520221d0240229c862b122d2b06c12a625732
2019-10-04 06:30:10,026 [main] INFO  handler.ContextHandler (ContextHandler.java:doStart(781)) - Started o.e.j.s.ServletContextHandler@6df4af5{/logs,file:///workdir/hadoop-ozone/integration-test/target/log,AVAILABLE}
2019-10-04 06:30:10,026 [main] INFO  handler.ContextHandler (ContextHandler.java:doStart(781)) - Started o.e.j.s.ServletContextHandler@5aa76ad2{/static,file:///workdir/hadoop-ozone/integration-test/target/test-classes/webapps/static,AVAILABLE}
2019-10-04 06:30:10,031 [main] INFO  handler.ContextHandler (ContextHandler.java:doStart(781)) - Started o.e.j.w.WebAppContext@39266403{/,file:///workdir/hadoop-ozone/integration-test/target/test-classes/webapps/scm/,AVAILABLE}{/scm}
2019-10-04 06:30:10,031 [main] INFO  server.AbstractConnector (AbstractConnector.java:doStart(278)) - Started ServerConnector@74b00247{HTTP/1.1,[http/1.1]}{0.0.0.0:40057}
2019-10-04 06:30:10,033 [main] INFO  server.Server (Server.java:doStart(419)) - Started @195694ms
2019-10-04 06:30:10,033 [main] WARN  impl.MetricsSystemImpl (MetricsSystemImpl.java:register(276)) - Sink prometheus already exists!
2019-10-04 06:30:10,034 [main] INFO  server.BaseHttpServer (BaseHttpServer.java:updateConnectorAddress(215)) - HTTP server of SCM is listening at http://0.0.0.0:40057
2019-10-04 06:30:10,036 [main] WARN  server.ServerUtils (ServerUtils.java:getDBPath(222)) - ozone.om.db.dirs is not configured. We recommend adding this setting. Falling back to ozone.metadata.dirs instead.
2019-10-04 06:30:10,037 [org.apache.hadoop.util.JvmPauseMonitor$Monitor@4be490da] INFO  util.JvmPauseMonitor (JvmPauseMonitor.java:run(188)) - Starting JVM pause monitor
2019-10-04 06:30:10,062 [main] INFO  ha.OMHANodeDetails (OMHANodeDetails.java:loadOMHAConfig(190)) - Configuration either no ozone.om.address set. Falling back to the default OM address /127.0.0.1:0
2019-10-04 06:30:10,062 [main] INFO  ha.OMHANodeDetails (OMHANodeDetails.java:getOMNodeDetails(220)) - OM Service ID is not set. Setting it to the default ID: omServiceIdDefault
2019-10-04 06:30:10,063 [main] WARN  server.ServerUtils (ServerUtils.java:getDBPath(222)) - ozone.om.db.dirs is not configured. We recommend adding this setting. Falling back to ozone.metadata.dirs instead.
2019-10-04 06:30:10,063 [main] WARN  server.ServerUtils (ServerUtils.java:getDBPath(222)) - ozone.om.db.dirs is not configured. We recommend adding this setting. Falling back to ozone.metadata.dirs instead.
2019-10-04 06:30:10,076 [main] WARN  server.ServerUtils (ServerUtils.java:getDBPath(222)) - ozone.om.db.dirs is not configured. We recommend adding this setting. Falling back to ozone.metadata.dirs instead.
2019-10-04 06:30:10,076 [main] INFO  db.DBStoreBuilder (DBStoreBuilder.java:addTable(117)) - using custom profile for table: userTable
2019-10-04 06:30:10,076 [main] INFO  db.DBStoreBuilder (DBStoreBuilder.java:processTables(168)) - Using default column profile:DBProfile.DISK for Table:userTable
2019-10-04 06:30:10,077 [main] INFO  db.DBStoreBuilder (DBStoreBuilder.java:addTable(117)) - using custom profile for table: volumeTable
2019-10-04 06:30:10,077 [main] INFO  db.DBStoreBuilder (DBStoreBuilder.java:processTables(168)) - Using default column profile:DBProfile.DISK for Table:volumeTable
2019-10-04 06:30:10,077 [main] INFO  db.DBStoreBuilder (DBStoreBuilder.java:addTable(117)) - using custom profile for table: bucketTable
2019-10-04 06:30:10,077 [main] INFO  db.DBStoreBuilder (DBStoreBuilder.java:processTables(168)) - Using default column profile:DBProfile.DISK for Table:bucketTable
2019-10-04 06:30:10,077 [main] INFO  db.DBStoreBuilder (DBStoreBuilder.java:addTable(117)) - using custom profile for table: keyTable
2019-10-04 06:30:10,077 [main] INFO  db.DBStoreBuilder (DBStoreBuilder.java:processTables(168)) - Using default column profile:DBProfile.DISK for Table:keyTable
2019-10-04 06:30:10,077 [main] INFO  db.DBStoreBuilder (DBStoreBuilder.java:addTable(117)) - using custom profile for table: deletedTable
2019-10-04 06:30:10,078 [main] INFO  db.DBStoreBuilder (DBStoreBuilder.java:processTables(168)) - Using default column profile:DBProfile.DISK for Table:deletedTable
2019-10-04 06:30:10,078 [main] INFO  db.DBStoreBuilder (DBStoreBuilder.java:addTable(117)) - using custom profile for table: openKeyTable
2019-10-04 06:30:10,078 [main] INFO  db.DBStoreBuilder (DBStoreBuilder.java:processTables(168)) - Using default column profile:DBProfile.DISK for Table:openKeyTable
2019-10-04 06:30:10,078 [main] INFO  db.DBStoreBuilder (DBStoreBuilder.java:addTable(117)) - using custom profile for table: s3Table
2019-10-04 06:30:10,078 [main] INFO  db.DBStoreBuilder (DBStoreBuilder.java:processTables(168)) - Using default column profile:DBProfile.DISK for Table:s3Table
2019-10-04 06:30:10,078 [main] INFO  db.DBStoreBuilder (DBStoreBuilder.java:addTable(117)) - using custom profile for table: multipartInfoTable
2019-10-04 06:30:10,078 [main] INFO  db.DBStoreBuilder (DBStoreBuilder.java:processTables(168)) - Using default column profile:DBProfile.DISK for Table:multipartInfoTable
2019-10-04 06:30:10,079 [main] INFO  db.DBStoreBuilder (DBStoreBuilder.java:addTable(117)) - using custom profile for table: dTokenTable
2019-10-04 06:30:10,079 [main] INFO  db.DBStoreBuilder (DBStoreBuilder.java:processTables(168)) - Using default column profile:DBProfile.DISK for Table:dTokenTable
2019-10-04 06:30:10,079 [main] INFO  db.DBStoreBuilder (DBStoreBuilder.java:addTable(117)) - using custom profile for table: s3SecretTable
2019-10-04 06:30:10,079 [main] INFO  db.DBStoreBuilder (DBStoreBuilder.java:processTables(168)) - Using default column profile:DBProfile.DISK for Table:s3SecretTable
2019-10-04 06:30:10,079 [main] INFO  db.DBStoreBuilder (DBStoreBuilder.java:addTable(117)) - using custom profile for table: prefixTable
2019-10-04 06:30:10,079 [main] INFO  db.DBStoreBuilder (DBStoreBuilder.java:processTables(168)) - Using default column profile:DBProfile.DISK for Table:prefixTable
2019-10-04 06:30:10,080 [main] INFO  db.DBStoreBuilder (DBStoreBuilder.java:addTable(117)) - using custom profile for table: default
2019-10-04 06:30:10,080 [main] INFO  db.DBStoreBuilder (DBStoreBuilder.java:processTables(174)) - Using default column profile:DBProfile.DISK for Table:default
2019-10-04 06:30:10,080 [main] INFO  db.DBStoreBuilder (DBStoreBuilder.java:getDbProfile(205)) - Using default options. DBProfile.DISK
2019-10-04 06:30:10,486 [main] INFO  ipc.CallQueueManager (CallQueueManager.java:<init>(84)) - Using callQueue: class java.util.concurrent.LinkedBlockingQueue, queueCapacity: 2000, scheduler: class org.apache.hadoop.ipc.DefaultRpcScheduler, ipcBackoff: false.
2019-10-04 06:30:10,487 [Socket Reader #1 for port 40126] INFO  ipc.Server (Server.java:run(1074)) - Starting Socket Reader #1 for port 40126
2019-10-04 06:30:10,505 [main] INFO  om.OzoneManager (OzoneManager.java:start(1069)) - OzoneManager RPC server is listening at localhost/127.0.0.1:40126
2019-10-04 06:30:10,505 [main] INFO  impl.MetricsSystemImpl (MetricsSystemImpl.java:init(158)) - OzoneManager metrics system started (again)
2019-10-04 06:30:10,506 [IPC Server Responder] INFO  ipc.Server (Server.java:run(1314)) - IPC Server Responder: starting
2019-10-04 06:30:10,509 [IPC Server listener on 40126] INFO  ipc.Server (Server.java:run(1153)) - IPC Server listener on 40126: starting
2019-10-04 06:30:10,516 [main] INFO  hdfs.DFSUtil (DFSUtil.java:httpServerTemplateForNNAndJN(1641)) - Starting Web-server for ozoneManager at: http://0.0.0.0:0
2019-10-04 06:30:10,517 [main] INFO  server.AuthenticationFilter (AuthenticationFilter.java:constructSecretProvider(240)) - Unable to initialize FileSignerSecretProvider, falling back to use random secrets.
2019-10-04 06:30:10,518 [main] WARN  http.HttpRequestLog (HttpRequestLog.java:getRequestLog(97)) - Jetty request log can only be enabled using Log4j
2019-10-04 06:30:10,519 [main] INFO  http.HttpServer2 (HttpServer2.java:addGlobalFilter(975)) - Added global filter 'safety' (class=org.apache.hadoop.http.HttpServer2$QuotingInputFilter)
2019-10-04 06:30:10,520 [main] INFO  http.HttpServer2 (HttpServer2.java:addFilter(948)) - Added filter static_user_filter (class=org.apache.hadoop.http.lib.StaticUserWebFilter$StaticUserFilter) to context ozoneManager
2019-10-04 06:30:10,520 [main] INFO  http.HttpServer2 (HttpServer2.java:addFilter(958)) - Added filter static_user_filter (class=org.apache.hadoop.http.lib.StaticUserWebFilter$StaticUserFilter) to context static
2019-10-04 06:30:10,520 [main] INFO  http.HttpServer2 (HttpServer2.java:addFilter(958)) - Added filter static_user_filter (class=org.apache.hadoop.http.lib.StaticUserWebFilter$StaticUserFilter) to context logs
2019-10-04 06:30:10,521 [main] INFO  http.HttpServer2 (HttpServer2.java:bindListener(1191)) - Jetty bound to port 33356
2019-10-04 06:30:10,521 [main] INFO  server.Server (Server.java:doStart(351)) - jetty-9.3.25.v20180904, build timestamp: 2018-09-04T21:11:46Z, git hash: 3ce520221d0240229c862b122d2b06c12a625732
2019-10-04 06:30:10,523 [main] INFO  handler.ContextHandler (ContextHandler.java:doStart(781)) - Started o.e.j.s.ServletContextHandler@7aded903{/logs,file:///workdir/hadoop-ozone/integration-test/target/log,AVAILABLE}
2019-10-04 06:30:10,523 [main] INFO  handler.ContextHandler (ContextHandler.java:doStart(781)) - Started o.e.j.s.ServletContextHandler@261f359f{/static,file:///workdir/hadoop-ozone/integration-test/target/test-classes/webapps/static,AVAILABLE}
2019-10-04 06:30:10,527 [main] INFO  handler.ContextHandler (ContextHandler.java:doStart(781)) - Started o.e.j.w.WebAppContext@3887c7d7{/,file:///workdir/hadoop-ozone/integration-test/target/test-classes/webapps/ozoneManager/,AVAILABLE}{/ozoneManager}
2019-10-04 06:30:10,528 [main] INFO  server.AbstractConnector (AbstractConnector.java:doStart(278)) - Started ServerConnector@b1b471{HTTP/1.1,[http/1.1]}{0.0.0.0:33356}
2019-10-04 06:30:10,530 [main] INFO  server.Server (Server.java:doStart(419)) - Started @196191ms
2019-10-04 06:30:10,530 [main] WARN  impl.MetricsSystemImpl (MetricsSystemImpl.java:register(276)) - Sink prometheus already exists!
2019-10-04 06:30:10,531 [main] INFO  server.BaseHttpServer (BaseHttpServer.java:updateConnectorAddress(215)) - HTTP server of OZONEMANAGER is listening at http://0.0.0.0:33356
2019-10-04 06:30:10,547 [main] INFO  impl.MetricsSystemImpl (MetricsSystemImpl.java:init(158)) - HddsDatanode metrics system started (again)
2019-10-04 06:30:10,564 [main] INFO  ozone.HddsDatanodeService (HddsDatanodeService.java:start(184)) - HddsDatanodeService host:trunk-nightly-20191004-lpvmn-70278721 ip:192.168.151.69
2019-10-04 06:30:10,574 [main] INFO  volume.HddsVolume (HddsVolume.java:<init>(176)) - Creating Volume: /workdir/hadoop-ozone/integration-test/target/test-dir/MiniOzoneClusterImpl-8f4f3c31-9c02-4063-b450-3f421a489ced/datanode-0/data/containers/hdds of  storage type : DISK and capacity : 1482555576320
2019-10-04 06:30:10,574 [main] INFO  volume.VolumeSet (VolumeSet.java:initializeVolumeSet(170)) - Added Volume : /workdir/hadoop-ozone/integration-test/target/test-dir/MiniOzoneClusterImpl-8f4f3c31-9c02-4063-b450-3f421a489ced/datanode-0/data/containers/hdds to VolumeSet
2019-10-04 06:30:10,574 [main] INFO  volume.ThrottledAsyncChecker (ThrottledAsyncChecker.java:schedule(139)) - Scheduling a check for org.apache.hadoop.ozone.container.common.volume.HddsVolume@119290b9
2019-10-04 06:30:10,575 [main] INFO  volume.HddsVolumeChecker (HddsVolumeChecker.java:checkAllVolumes(202)) - Scheduled health check for volume org.apache.hadoop.ozone.container.common.volume.HddsVolume@119290b9
2019-10-04 06:30:10,594 [main] INFO  impl.RaftServerProxy (ConfUtils.java:logGet(43)) - raft.rpc.type = GRPC (default)
2019-10-04 06:30:10,594 [main] INFO  grpc.GrpcFactory (GrpcFactory.java:checkPooledByteBufAllocatorUseCacheForAllThreads(45)) - PERFORMANCE WARNING: useCacheForAllThreads is true that may cause Netty to create a lot garbage objects and, as a result, trigger GC.
	It is recommended to disable useCacheForAllThreads by setting -Dorg.apache.ratis.thirdparty.io.netty.allocator.useCacheForAllThreads=false in command line.
2019-10-04 06:30:10,594 [main] INFO  grpc.GrpcConfigKeys$Server (ConfUtils.java:logGet(43)) - raft.grpc.server.port = 0 (default)
2019-10-04 06:30:10,594 [main] INFO  server.GrpcService (ConfUtils.java:logGet(43)) - raft.grpc.message.size.max = 33570816 (custom)
2019-10-04 06:30:10,595 [main] INFO  server.RaftServerConfigKeys (ConfUtils.java:logGet(43)) - raft.server.log.appender.buffer.byte-limit = 33554432 (custom)
2019-10-04 06:30:10,595 [main] INFO  server.GrpcService (ConfUtils.java:logGet(43)) - raft.grpc.flow.control.window = 1MB (=1048576) (default)
2019-10-04 06:30:10,595 [main] INFO  server.RaftServerConfigKeys (ConfUtils.java:logGet(43)) - raft.server.rpc.request.timeout = 3000ms (default)
2019-10-04 06:30:10,595 [main] INFO  server.RaftServerConfigKeys (ConfUtils.java:logGet(43)) - raft.server.storage.dir = [/workdir/hadoop-ozone/integration-test/target/test-dir/MiniOzoneClusterImpl-8f4f3c31-9c02-4063-b450-3f421a489ced/datanode-0/data/ratis] (custom)
2019-10-04 06:30:10,597 [main] INFO  hdfs.DFSUtil (DFSUtil.java:httpServerTemplateForNNAndJN(1641)) - Starting Web-server for hddsDatanode at: http://0.0.0.0:0
2019-10-04 06:30:10,598 [main] INFO  server.AuthenticationFilter (AuthenticationFilter.java:constructSecretProvider(240)) - Unable to initialize FileSignerSecretProvider, falling back to use random secrets.
2019-10-04 06:30:10,599 [main] WARN  http.HttpRequestLog (HttpRequestLog.java:getRequestLog(97)) - Jetty request log can only be enabled using Log4j
2019-10-04 06:30:10,600 [main] INFO  http.HttpServer2 (HttpServer2.java:addGlobalFilter(975)) - Added global filter 'safety' (class=org.apache.hadoop.http.HttpServer2$QuotingInputFilter)
2019-10-04 06:30:10,601 [main] INFO  http.HttpServer2 (HttpServer2.java:addFilter(948)) - Added filter static_user_filter (class=org.apache.hadoop.http.lib.StaticUserWebFilter$StaticUserFilter) to context hddsDatanode
2019-10-04 06:30:10,601 [main] INFO  http.HttpServer2 (HttpServer2.java:addFilter(958)) - Added filter static_user_filter (class=org.apache.hadoop.http.lib.StaticUserWebFilter$StaticUserFilter) to context static
2019-10-04 06:30:10,601 [main] INFO  http.HttpServer2 (HttpServer2.java:addFilter(958)) - Added filter static_user_filter (class=org.apache.hadoop.http.lib.StaticUserWebFilter$StaticUserFilter) to context logs
2019-10-04 06:30:10,602 [main] INFO  http.HttpServer2 (HttpServer2.java:bindListener(1191)) - Jetty bound to port 44065
2019-10-04 06:30:10,602 [main] INFO  server.Server (Server.java:doStart(351)) - jetty-9.3.25.v20180904, build timestamp: 2018-09-04T21:11:46Z, git hash: 3ce520221d0240229c862b122d2b06c12a625732
2019-10-04 06:30:10,603 [main] INFO  handler.ContextHandler (ContextHandler.java:doStart(781)) - Started o.e.j.s.ServletContextHandler@496cc217{/logs,file:///workdir/hadoop-ozone/integration-test/target/log,AVAILABLE}
2019-10-04 06:30:10,604 [main] INFO  handler.ContextHandler (ContextHandler.java:doStart(781)) - Started o.e.j.s.ServletContextHandler@1cd2ff5b{/static,jar:file:/home/user/.m2/repository/org/apache/hadoop/hadoop-hdds-container-service/0.5.0-SNAPSHOT/hadoop-hdds-container-service-0.5.0-SNAPSHOT.jar!/webapps/static,AVAILABLE}
2019-10-04 06:30:10,635 [main] INFO  handler.ContextHandler (ContextHandler.java:doStart(781)) - Started o.e.j.w.WebAppContext@16d431b4{/,file:///tmp/jetty-0.0.0.0-44065-hddsDatanode-_-any-7518192311198128347.dir/webapp/,AVAILABLE}{/hddsDatanode}
2019-10-04 06:30:10,636 [main] INFO  server.AbstractConnector (AbstractConnector.java:doStart(278)) - Started ServerConnector@6c0b51da{HTTP/1.1,[http/1.1]}{0.0.0.0:44065}
2019-10-04 06:30:10,638 [main] INFO  server.Server (Server.java:doStart(419)) - Started @196299ms
2019-10-04 06:30:10,639 [main] WARN  impl.MetricsSystemImpl (MetricsSystemImpl.java:register(276)) - Sink prometheus already exists!
2019-10-04 06:30:10,639 [main] INFO  server.BaseHttpServer (BaseHttpServer.java:updateConnectorAddress(215)) - HTTP server of HDDSDATANODE is listening at http://0.0.0.0:44065
2019-10-04 06:30:10,640 [main] INFO  impl.MetricsSystemImpl (MetricsSystemImpl.java:init(158)) - HddsDatanode metrics system started (again)
2019-10-04 06:30:10,657 [org.apache.hadoop.util.JvmPauseMonitor$Monitor@3e69ec23] INFO  util.JvmPauseMonitor (JvmPauseMonitor.java:run(188)) - Starting JVM pause monitor
2019-10-04 06:30:10,658 [Datanode State Machine Thread - 0] INFO  datanode.InitDatanodeState (InitDatanodeState.java:persistContainerDatanodeDetails(140)) - DatanodeDetails is persisted to /workdir/hadoop-ozone/integration-test/target/test-dir/MiniOzoneClusterImpl-8f4f3c31-9c02-4063-b450-3f421a489ced/datanode-0/meta/datanode.id
2019-10-04 06:30:10,659 [main] INFO  ozone.HddsDatanodeService (HddsDatanodeService.java:start(184)) - HddsDatanodeService host:trunk-nightly-20191004-lpvmn-70278721 ip:192.168.151.69
2019-10-04 06:30:10,666 [main] INFO  volume.HddsVolume (HddsVolume.java:<init>(176)) - Creating Volume: /workdir/hadoop-ozone/integration-test/target/test-dir/MiniOzoneClusterImpl-8f4f3c31-9c02-4063-b450-3f421a489ced/datanode-1/data/containers/hdds of  storage type : DISK and capacity : 1482555576320
2019-10-04 06:30:10,666 [main] INFO  volume.VolumeSet (VolumeSet.java:initializeVolumeSet(170)) - Added Volume : /workdir/hadoop-ozone/integration-test/target/test-dir/MiniOzoneClusterImpl-8f4f3c31-9c02-4063-b450-3f421a489ced/datanode-1/data/containers/hdds to VolumeSet
2019-10-04 06:30:10,667 [main] INFO  volume.ThrottledAsyncChecker (ThrottledAsyncChecker.java:schedule(139)) - Scheduling a check for org.apache.hadoop.ozone.container.common.volume.HddsVolume@538a2f0e
2019-10-04 06:30:10,667 [main] INFO  volume.HddsVolumeChecker (HddsVolumeChecker.java:checkAllVolumes(202)) - Scheduled health check for volume org.apache.hadoop.ozone.container.common.volume.HddsVolume@538a2f0e
2019-10-04 06:30:10,681 [main] INFO  impl.RaftServerProxy (ConfUtils.java:logGet(43)) - raft.rpc.type = GRPC (default)
2019-10-04 06:30:10,681 [main] INFO  grpc.GrpcFactory (GrpcFactory.java:checkPooledByteBufAllocatorUseCacheForAllThreads(45)) - PERFORMANCE WARNING: useCacheForAllThreads is true that may cause Netty to create a lot garbage objects and, as a result, trigger GC.
	It is recommended to disable useCacheForAllThreads by setting -Dorg.apache.ratis.thirdparty.io.netty.allocator.useCacheForAllThreads=false in command line.
2019-10-04 06:30:10,681 [main] INFO  grpc.GrpcConfigKeys$Server (ConfUtils.java:logGet(43)) - raft.grpc.server.port = 0 (default)
2019-10-04 06:30:10,681 [main] INFO  server.GrpcService (ConfUtils.java:logGet(43)) - raft.grpc.message.size.max = 33570816 (custom)
2019-10-04 06:30:10,681 [main] INFO  server.RaftServerConfigKeys (ConfUtils.java:logGet(43)) - raft.server.log.appender.buffer.byte-limit = 33554432 (custom)
2019-10-04 06:30:10,682 [main] INFO  server.GrpcService (ConfUtils.java:logGet(43)) - raft.grpc.flow.control.window = 1MB (=1048576) (default)
2019-10-04 06:30:10,682 [main] INFO  server.RaftServerConfigKeys (ConfUtils.java:logGet(43)) - raft.server.rpc.request.timeout = 3000ms (default)
2019-10-04 06:30:10,682 [main] INFO  server.RaftServerConfigKeys (ConfUtils.java:logGet(43)) - raft.server.storage.dir = [/workdir/hadoop-ozone/integration-test/target/test-dir/MiniOzoneClusterImpl-8f4f3c31-9c02-4063-b450-3f421a489ced/datanode-1/data/ratis] (custom)
2019-10-04 06:30:10,683 [main] INFO  hdfs.DFSUtil (DFSUtil.java:httpServerTemplateForNNAndJN(1641)) - Starting Web-server for hddsDatanode at: http://0.0.0.0:0
2019-10-04 06:30:10,684 [main] INFO  server.AuthenticationFilter (AuthenticationFilter.java:constructSecretProvider(240)) - Unable to initialize FileSignerSecretProvider, falling back to use random secrets.
2019-10-04 06:30:10,685 [main] WARN  http.HttpRequestLog (HttpRequestLog.java:getRequestLog(97)) - Jetty request log can only be enabled using Log4j
2019-10-04 06:30:10,686 [main] INFO  http.HttpServer2 (HttpServer2.java:addGlobalFilter(975)) - Added global filter 'safety' (class=org.apache.hadoop.http.HttpServer2$QuotingInputFilter)
2019-10-04 06:30:10,686 [main] INFO  http.HttpServer2 (HttpServer2.java:addFilter(948)) - Added filter static_user_filter (class=org.apache.hadoop.http.lib.StaticUserWebFilter$StaticUserFilter) to context hddsDatanode
2019-10-04 06:30:10,686 [main] INFO  http.HttpServer2 (HttpServer2.java:addFilter(958)) - Added filter static_user_filter (class=org.apache.hadoop.http.lib.StaticUserWebFilter$StaticUserFilter) to context static
2019-10-04 06:30:10,687 [main] INFO  http.HttpServer2 (HttpServer2.java:addFilter(958)) - Added filter static_user_filter (class=org.apache.hadoop.http.lib.StaticUserWebFilter$StaticUserFilter) to context logs
2019-10-04 06:30:10,687 [main] INFO  http.HttpServer2 (HttpServer2.java:bindListener(1191)) - Jetty bound to port 43939
2019-10-04 06:30:10,687 [main] INFO  server.Server (Server.java:doStart(351)) - jetty-9.3.25.v20180904, build timestamp: 2018-09-04T21:11:46Z, git hash: 3ce520221d0240229c862b122d2b06c12a625732
2019-10-04 06:30:10,688 [main] INFO  handler.ContextHandler (ContextHandler.java:doStart(781)) - Started o.e.j.s.ServletContextHandler@41aebbb4{/logs,file:///workdir/hadoop-ozone/integration-test/target/log,AVAILABLE}
2019-10-04 06:30:10,689 [main] INFO  handler.ContextHandler (ContextHandler.java:doStart(781)) - Started o.e.j.s.ServletContextHandler@5a592c70{/static,jar:file:/home/user/.m2/repository/org/apache/hadoop/hadoop-hdds-container-service/0.5.0-SNAPSHOT/hadoop-hdds-container-service-0.5.0-SNAPSHOT.jar!/webapps/static,AVAILABLE}
2019-10-04 06:30:10,717 [main] INFO  handler.ContextHandler (ContextHandler.java:doStart(781)) - Started o.e.j.w.WebAppContext@6870cfac{/,file:///tmp/jetty-0.0.0.0-43939-hddsDatanode-_-any-5838550563095070951.dir/webapp/,AVAILABLE}{/hddsDatanode}
2019-10-04 06:30:10,717 [main] INFO  server.AbstractConnector (AbstractConnector.java:doStart(278)) - Started ServerConnector@45554613{HTTP/1.1,[http/1.1]}{0.0.0.0:43939}
2019-10-04 06:30:10,720 [main] INFO  server.Server (Server.java:doStart(419)) - Started @196381ms
2019-10-04 06:30:10,720 [main] WARN  impl.MetricsSystemImpl (MetricsSystemImpl.java:register(276)) - Sink prometheus already exists!
2019-10-04 06:30:10,721 [main] INFO  server.BaseHttpServer (BaseHttpServer.java:updateConnectorAddress(215)) - HTTP server of HDDSDATANODE is listening at http://0.0.0.0:43939
2019-10-04 06:30:10,721 [main] INFO  impl.MetricsSystemImpl (MetricsSystemImpl.java:init(158)) - HddsDatanode metrics system started (again)
2019-10-04 06:30:10,739 [org.apache.hadoop.util.JvmPauseMonitor$Monitor@67b92289] INFO  util.JvmPauseMonitor (JvmPauseMonitor.java:run(188)) - Starting JVM pause monitor
2019-10-04 06:30:10,740 [Datanode State Machine Thread - 0] INFO  datanode.InitDatanodeState (InitDatanodeState.java:persistContainerDatanodeDetails(140)) - DatanodeDetails is persisted to /workdir/hadoop-ozone/integration-test/target/test-dir/MiniOzoneClusterImpl-8f4f3c31-9c02-4063-b450-3f421a489ced/datanode-1/meta/datanode.id
2019-10-04 06:30:10,741 [main] INFO  ozone.HddsDatanodeService (HddsDatanodeService.java:start(184)) - HddsDatanodeService host:trunk-nightly-20191004-lpvmn-70278721 ip:192.168.151.69
2019-10-04 06:30:10,750 [main] INFO  volume.HddsVolume (HddsVolume.java:<init>(176)) - Creating Volume: /workdir/hadoop-ozone/integration-test/target/test-dir/MiniOzoneClusterImpl-8f4f3c31-9c02-4063-b450-3f421a489ced/datanode-2/data/containers/hdds of  storage type : DISK and capacity : 1482555576320
2019-10-04 06:30:10,750 [main] INFO  volume.VolumeSet (VolumeSet.java:initializeVolumeSet(170)) - Added Volume : /workdir/hadoop-ozone/integration-test/target/test-dir/MiniOzoneClusterImpl-8f4f3c31-9c02-4063-b450-3f421a489ced/datanode-2/data/containers/hdds to VolumeSet
2019-10-04 06:30:10,750 [main] INFO  volume.ThrottledAsyncChecker (ThrottledAsyncChecker.java:schedule(139)) - Scheduling a check for org.apache.hadoop.ozone.container.common.volume.HddsVolume@17c4dc5b
2019-10-04 06:30:10,751 [main] INFO  volume.HddsVolumeChecker (HddsVolumeChecker.java:checkAllVolumes(202)) - Scheduled health check for volume org.apache.hadoop.ozone.container.common.volume.HddsVolume@17c4dc5b
2019-10-04 06:30:10,765 [main] INFO  impl.RaftServerProxy (ConfUtils.java:logGet(43)) - raft.rpc.type = GRPC (default)
2019-10-04 06:30:10,766 [main] INFO  grpc.GrpcFactory (GrpcFactory.java:checkPooledByteBufAllocatorUseCacheForAllThreads(45)) - PERFORMANCE WARNING: useCacheForAllThreads is true that may cause Netty to create a lot garbage objects and, as a result, trigger GC.
	It is recommended to disable useCacheForAllThreads by setting -Dorg.apache.ratis.thirdparty.io.netty.allocator.useCacheForAllThreads=false in command line.
2019-10-04 06:30:10,766 [main] INFO  grpc.GrpcConfigKeys$Server (ConfUtils.java:logGet(43)) - raft.grpc.server.port = 0 (default)
2019-10-04 06:30:10,766 [main] INFO  server.GrpcService (ConfUtils.java:logGet(43)) - raft.grpc.message.size.max = 33570816 (custom)
2019-10-04 06:30:10,766 [main] INFO  server.RaftServerConfigKeys (ConfUtils.java:logGet(43)) - raft.server.log.appender.buffer.byte-limit = 33554432 (custom)
2019-10-04 06:30:10,766 [main] INFO  server.GrpcService (ConfUtils.java:logGet(43)) - raft.grpc.flow.control.window = 1MB (=1048576) (default)
2019-10-04 06:30:10,766 [main] INFO  server.RaftServerConfigKeys (ConfUtils.java:logGet(43)) - raft.server.rpc.request.timeout = 3000ms (default)
2019-10-04 06:30:10,767 [main] INFO  server.RaftServerConfigKeys (ConfUtils.java:logGet(43)) - raft.server.storage.dir = [/workdir/hadoop-ozone/integration-test/target/test-dir/MiniOzoneClusterImpl-8f4f3c31-9c02-4063-b450-3f421a489ced/datanode-2/data/ratis] (custom)
2019-10-04 06:30:10,768 [main] INFO  hdfs.DFSUtil (DFSUtil.java:httpServerTemplateForNNAndJN(1641)) - Starting Web-server for hddsDatanode at: http://0.0.0.0:0
2019-10-04 06:30:10,769 [main] INFO  server.AuthenticationFilter (AuthenticationFilter.java:constructSecretProvider(240)) - Unable to initialize FileSignerSecretProvider, falling back to use random secrets.
2019-10-04 06:30:10,769 [main] WARN  http.HttpRequestLog (HttpRequestLog.java:getRequestLog(97)) - Jetty request log can only be enabled using Log4j
2019-10-04 06:30:10,771 [main] INFO  http.HttpServer2 (HttpServer2.java:addGlobalFilter(975)) - Added global filter 'safety' (class=org.apache.hadoop.http.HttpServer2$QuotingInputFilter)
2019-10-04 06:30:10,771 [main] INFO  http.HttpServer2 (HttpServer2.java:addFilter(948)) - Added filter static_user_filter (class=org.apache.hadoop.http.lib.StaticUserWebFilter$StaticUserFilter) to context hddsDatanode
2019-10-04 06:30:10,771 [main] INFO  http.HttpServer2 (HttpServer2.java:addFilter(958)) - Added filter static_user_filter (class=org.apache.hadoop.http.lib.StaticUserWebFilter$StaticUserFilter) to context logs
2019-10-04 06:30:10,771 [main] INFO  http.HttpServer2 (HttpServer2.java:addFilter(958)) - Added filter static_user_filter (class=org.apache.hadoop.http.lib.StaticUserWebFilter$StaticUserFilter) to context static
2019-10-04 06:30:10,772 [main] INFO  http.HttpServer2 (HttpServer2.java:bindListener(1191)) - Jetty bound to port 34012
2019-10-04 06:30:10,772 [main] INFO  server.Server (Server.java:doStart(351)) - jetty-9.3.25.v20180904, build timestamp: 2018-09-04T21:11:46Z, git hash: 3ce520221d0240229c862b122d2b06c12a625732
2019-10-04 06:30:10,774 [main] INFO  handler.ContextHandler (ContextHandler.java:doStart(781)) - Started o.e.j.s.ServletContextHandler@740b9a50{/logs,file:///workdir/hadoop-ozone/integration-test/target/log,AVAILABLE}
2019-10-04 06:30:10,774 [main] INFO  handler.ContextHandler (ContextHandler.java:doStart(781)) - Started o.e.j.s.ServletContextHandler@5111de7c{/static,jar:file:/home/user/.m2/repository/org/apache/hadoop/hadoop-hdds-container-service/0.5.0-SNAPSHOT/hadoop-hdds-container-service-0.5.0-SNAPSHOT.jar!/webapps/static,AVAILABLE}
2019-10-04 06:30:10,802 [main] INFO  handler.ContextHandler (ContextHandler.java:doStart(781)) - Started o.e.j.w.WebAppContext@448462f0{/,file:///tmp/jetty-0.0.0.0-34012-hddsDatanode-_-any-2691364540030558145.dir/webapp/,AVAILABLE}{/hddsDatanode}
2019-10-04 06:30:10,802 [main] INFO  server.AbstractConnector (AbstractConnector.java:doStart(278)) - Started ServerConnector@787988f4{HTTP/1.1,[http/1.1]}{0.0.0.0:34012}
2019-10-04 06:30:10,806 [main] INFO  server.Server (Server.java:doStart(419)) - Started @196466ms
2019-10-04 06:30:10,806 [main] WARN  impl.MetricsSystemImpl (MetricsSystemImpl.java:register(276)) - Sink prometheus already exists!
2019-10-04 06:30:10,807 [main] INFO  server.BaseHttpServer (BaseHttpServer.java:updateConnectorAddress(215)) - HTTP server of HDDSDATANODE is listening at http://0.0.0.0:34012
2019-10-04 06:30:10,807 [main] INFO  impl.MetricsSystemImpl (MetricsSystemImpl.java:init(158)) - HddsDatanode metrics system started (again)
2019-10-04 06:30:10,825 [org.apache.hadoop.util.JvmPauseMonitor$Monitor@2a14a4cb] INFO  util.JvmPauseMonitor (JvmPauseMonitor.java:run(188)) - Starting JVM pause monitor
2019-10-04 06:30:10,826 [Datanode State Machine Thread - 0] INFO  datanode.InitDatanodeState (InitDatanodeState.java:persistContainerDatanodeDetails(140)) - DatanodeDetails is persisted to /workdir/hadoop-ozone/integration-test/target/test-dir/MiniOzoneClusterImpl-8f4f3c31-9c02-4063-b450-3f421a489ced/datanode-2/meta/datanode.id
2019-10-04 06:30:10,827 [main] INFO  ozone.HddsDatanodeService (HddsDatanodeService.java:start(184)) - HddsDatanodeService host:trunk-nightly-20191004-lpvmn-70278721 ip:192.168.151.69
2019-10-04 06:30:10,837 [main] INFO  volume.HddsVolume (HddsVolume.java:<init>(176)) - Creating Volume: /workdir/hadoop-ozone/integration-test/target/test-dir/MiniOzoneClusterImpl-8f4f3c31-9c02-4063-b450-3f421a489ced/datanode-3/data/containers/hdds of  storage type : DISK and capacity : 1482555576320
2019-10-04 06:30:10,837 [main] INFO  volume.VolumeSet (VolumeSet.java:initializeVolumeSet(170)) - Added Volume : /workdir/hadoop-ozone/integration-test/target/test-dir/MiniOzoneClusterImpl-8f4f3c31-9c02-4063-b450-3f421a489ced/datanode-3/data/containers/hdds to VolumeSet
2019-10-04 06:30:10,837 [main] INFO  volume.ThrottledAsyncChecker (ThrottledAsyncChecker.java:schedule(139)) - Scheduling a check for org.apache.hadoop.ozone.container.common.volume.HddsVolume@4aaecabd
2019-10-04 06:30:10,837 [main] INFO  volume.HddsVolumeChecker (HddsVolumeChecker.java:checkAllVolumes(202)) - Scheduled health check for volume org.apache.hadoop.ozone.container.common.volume.HddsVolume@4aaecabd
2019-10-04 06:30:10,852 [main] INFO  impl.RaftServerProxy (ConfUtils.java:logGet(43)) - raft.rpc.type = GRPC (default)
2019-10-04 06:30:10,852 [main] INFO  grpc.GrpcFactory (GrpcFactory.java:checkPooledByteBufAllocatorUseCacheForAllThreads(45)) - PERFORMANCE WARNING: useCacheForAllThreads is true that may cause Netty to create a lot garbage objects and, as a result, trigger GC.
	It is recommended to disable useCacheForAllThreads by setting -Dorg.apache.ratis.thirdparty.io.netty.allocator.useCacheForAllThreads=false in command line.
2019-10-04 06:30:10,852 [main] INFO  grpc.GrpcConfigKeys$Server (ConfUtils.java:logGet(43)) - raft.grpc.server.port = 0 (default)
2019-10-04 06:30:10,853 [main] INFO  server.GrpcService (ConfUtils.java:logGet(43)) - raft.grpc.message.size.max = 33570816 (custom)
2019-10-04 06:30:10,853 [main] INFO  server.RaftServerConfigKeys (ConfUtils.java:logGet(43)) - raft.server.log.appender.buffer.byte-limit = 33554432 (custom)
2019-10-04 06:30:10,853 [main] INFO  server.GrpcService (ConfUtils.java:logGet(43)) - raft.grpc.flow.control.window = 1MB (=1048576) (default)
2019-10-04 06:30:10,853 [main] INFO  server.RaftServerConfigKeys (ConfUtils.java:logGet(43)) - raft.server.rpc.request.timeout = 3000ms (default)
2019-10-04 06:30:10,854 [main] INFO  server.RaftServerConfigKeys (ConfUtils.java:logGet(43)) - raft.server.storage.dir = [/workdir/hadoop-ozone/integration-test/target/test-dir/MiniOzoneClusterImpl-8f4f3c31-9c02-4063-b450-3f421a489ced/datanode-3/data/ratis] (custom)
2019-10-04 06:30:10,855 [main] INFO  hdfs.DFSUtil (DFSUtil.java:httpServerTemplateForNNAndJN(1641)) - Starting Web-server for hddsDatanode at: http://0.0.0.0:0
2019-10-04 06:30:10,856 [main] INFO  server.AuthenticationFilter (AuthenticationFilter.java:constructSecretProvider(240)) - Unable to initialize FileSignerSecretProvider, falling back to use random secrets.
2019-10-04 06:30:10,856 [main] WARN  http.HttpRequestLog (HttpRequestLog.java:getRequestLog(97)) - Jetty request log can only be enabled using Log4j
2019-10-04 06:30:10,857 [main] INFO  http.HttpServer2 (HttpServer2.java:addGlobalFilter(975)) - Added global filter 'safety' (class=org.apache.hadoop.http.HttpServer2$QuotingInputFilter)
2019-10-04 06:30:10,858 [main] INFO  http.HttpServer2 (HttpServer2.java:addFilter(948)) - Added filter static_user_filter (class=org.apache.hadoop.http.lib.StaticUserWebFilter$StaticUserFilter) to context hddsDatanode
2019-10-04 06:30:10,858 [main] INFO  http.HttpServer2 (HttpServer2.java:addFilter(958)) - Added filter static_user_filter (class=org.apache.hadoop.http.lib.StaticUserWebFilter$StaticUserFilter) to context static
2019-10-04 06:30:10,858 [main] INFO  http.HttpServer2 (HttpServer2.java:addFilter(958)) - Added filter static_user_filter (class=org.apache.hadoop.http.lib.StaticUserWebFilter$StaticUserFilter) to context logs
2019-10-04 06:30:10,859 [main] INFO  http.HttpServer2 (HttpServer2.java:bindListener(1191)) - Jetty bound to port 34866
2019-10-04 06:30:10,859 [main] INFO  server.Server (Server.java:doStart(351)) - jetty-9.3.25.v20180904, build timestamp: 2018-09-04T21:11:46Z, git hash: 3ce520221d0240229c862b122d2b06c12a625732
2019-10-04 06:30:10,861 [main] INFO  handler.ContextHandler (ContextHandler.java:doStart(781)) - Started o.e.j.s.ServletContextHandler@7739aac4{/logs,file:///workdir/hadoop-ozone/integration-test/target/log,AVAILABLE}
2019-10-04 06:30:10,861 [main] INFO  handler.ContextHandler (ContextHandler.java:doStart(781)) - Started o.e.j.s.ServletContextHandler@36c07c75{/static,jar:file:/home/user/.m2/repository/org/apache/hadoop/hadoop-hdds-container-service/0.5.0-SNAPSHOT/hadoop-hdds-container-service-0.5.0-SNAPSHOT.jar!/webapps/static,AVAILABLE}
2019-10-04 06:30:10,890 [main] INFO  handler.ContextHandler (ContextHandler.java:doStart(781)) - Started o.e.j.w.WebAppContext@7a66c35a{/,file:///tmp/jetty-0.0.0.0-34866-hddsDatanode-_-any-5208124720700249925.dir/webapp/,AVAILABLE}{/hddsDatanode}
2019-10-04 06:30:10,891 [main] INFO  server.AbstractConnector (AbstractConnector.java:doStart(278)) - Started ServerConnector@7994a0d1{HTTP/1.1,[http/1.1]}{0.0.0.0:34866}
2019-10-04 06:30:10,894 [main] INFO  server.Server (Server.java:doStart(419)) - Started @196555ms
2019-10-04 06:30:10,895 [main] WARN  impl.MetricsSystemImpl (MetricsSystemImpl.java:register(276)) - Sink prometheus already exists!
2019-10-04 06:30:10,895 [main] INFO  server.BaseHttpServer (BaseHttpServer.java:updateConnectorAddress(215)) - HTTP server of HDDSDATANODE is listening at http://0.0.0.0:34866
2019-10-04 06:30:10,896 [main] INFO  impl.MetricsSystemImpl (MetricsSystemImpl.java:init(158)) - HddsDatanode metrics system started (again)
2019-10-04 06:30:10,919 [org.apache.hadoop.util.JvmPauseMonitor$Monitor@43eaf511] INFO  util.JvmPauseMonitor (JvmPauseMonitor.java:run(188)) - Starting JVM pause monitor
2019-10-04 06:30:10,921 [Datanode State Machine Thread - 0] INFO  datanode.InitDatanodeState (InitDatanodeState.java:persistContainerDatanodeDetails(140)) - DatanodeDetails is persisted to /workdir/hadoop-ozone/integration-test/target/test-dir/MiniOzoneClusterImpl-8f4f3c31-9c02-4063-b450-3f421a489ced/datanode-3/meta/datanode.id
2019-10-04 06:30:10,922 [main] INFO  ozone.HddsDatanodeService (HddsDatanodeService.java:start(184)) - HddsDatanodeService host:trunk-nightly-20191004-lpvmn-70278721 ip:192.168.151.69
2019-10-04 06:30:10,931 [main] INFO  volume.HddsVolume (HddsVolume.java:<init>(176)) - Creating Volume: /workdir/hadoop-ozone/integration-test/target/test-dir/MiniOzoneClusterImpl-8f4f3c31-9c02-4063-b450-3f421a489ced/datanode-4/data/containers/hdds of  storage type : DISK and capacity : 1482555576320
2019-10-04 06:30:10,931 [main] INFO  volume.VolumeSet (VolumeSet.java:initializeVolumeSet(170)) - Added Volume : /workdir/hadoop-ozone/integration-test/target/test-dir/MiniOzoneClusterImpl-8f4f3c31-9c02-4063-b450-3f421a489ced/datanode-4/data/containers/hdds to VolumeSet
2019-10-04 06:30:10,932 [main] INFO  volume.ThrottledAsyncChecker (ThrottledAsyncChecker.java:schedule(139)) - Scheduling a check for org.apache.hadoop.ozone.container.common.volume.HddsVolume@3bbf1c0d
2019-10-04 06:30:10,932 [main] INFO  volume.HddsVolumeChecker (HddsVolumeChecker.java:checkAllVolumes(202)) - Scheduled health check for volume org.apache.hadoop.ozone.container.common.volume.HddsVolume@3bbf1c0d
2019-10-04 06:30:10,947 [main] INFO  impl.RaftServerProxy (ConfUtils.java:logGet(43)) - raft.rpc.type = GRPC (default)
2019-10-04 06:30:10,947 [main] INFO  grpc.GrpcFactory (GrpcFactory.java:checkPooledByteBufAllocatorUseCacheForAllThreads(45)) - PERFORMANCE WARNING: useCacheForAllThreads is true that may cause Netty to create a lot garbage objects and, as a result, trigger GC.
	It is recommended to disable useCacheForAllThreads by setting -Dorg.apache.ratis.thirdparty.io.netty.allocator.useCacheForAllThreads=false in command line.
2019-10-04 06:30:10,947 [main] INFO  grpc.GrpcConfigKeys$Server (ConfUtils.java:logGet(43)) - raft.grpc.server.port = 0 (default)
2019-10-04 06:30:10,948 [main] INFO  server.GrpcService (ConfUtils.java:logGet(43)) - raft.grpc.message.size.max = 33570816 (custom)
2019-10-04 06:30:10,948 [main] INFO  server.RaftServerConfigKeys (ConfUtils.java:logGet(43)) - raft.server.log.appender.buffer.byte-limit = 33554432 (custom)
2019-10-04 06:30:10,948 [main] INFO  server.GrpcService (ConfUtils.java:logGet(43)) - raft.grpc.flow.control.window = 1MB (=1048576) (default)
2019-10-04 06:30:10,948 [main] INFO  server.RaftServerConfigKeys (ConfUtils.java:logGet(43)) - raft.server.rpc.request.timeout = 3000ms (default)
2019-10-04 06:30:10,949 [main] INFO  server.RaftServerConfigKeys (ConfUtils.java:logGet(43)) - raft.server.storage.dir = [/workdir/hadoop-ozone/integration-test/target/test-dir/MiniOzoneClusterImpl-8f4f3c31-9c02-4063-b450-3f421a489ced/datanode-4/data/ratis] (custom)
2019-10-04 06:30:10,950 [main] INFO  hdfs.DFSUtil (DFSUtil.java:httpServerTemplateForNNAndJN(1641)) - Starting Web-server for hddsDatanode at: http://0.0.0.0:0
2019-10-04 06:30:10,951 [main] INFO  server.AuthenticationFilter (AuthenticationFilter.java:constructSecretProvider(240)) - Unable to initialize FileSignerSecretProvider, falling back to use random secrets.
2019-10-04 06:30:10,951 [main] WARN  http.HttpRequestLog (HttpRequestLog.java:getRequestLog(97)) - Jetty request log can only be enabled using Log4j
2019-10-04 06:30:10,953 [main] INFO  http.HttpServer2 (HttpServer2.java:addGlobalFilter(975)) - Added global filter 'safety' (class=org.apache.hadoop.http.HttpServer2$QuotingInputFilter)
2019-10-04 06:30:10,953 [main] INFO  http.HttpServer2 (HttpServer2.java:addFilter(948)) - Added filter static_user_filter (class=org.apache.hadoop.http.lib.StaticUserWebFilter$StaticUserFilter) to context hddsDatanode
2019-10-04 06:30:10,953 [main] INFO  http.HttpServer2 (HttpServer2.java:addFilter(958)) - Added filter static_user_filter (class=org.apache.hadoop.http.lib.StaticUserWebFilter$StaticUserFilter) to context static
2019-10-04 06:30:10,954 [main] INFO  http.HttpServer2 (HttpServer2.java:addFilter(958)) - Added filter static_user_filter (class=org.apache.hadoop.http.lib.StaticUserWebFilter$StaticUserFilter) to context logs
2019-10-04 06:30:10,954 [main] INFO  http.HttpServer2 (HttpServer2.java:bindListener(1191)) - Jetty bound to port 44908
2019-10-04 06:30:10,954 [main] INFO  server.Server (Server.java:doStart(351)) - jetty-9.3.25.v20180904, build timestamp: 2018-09-04T21:11:46Z, git hash: 3ce520221d0240229c862b122d2b06c12a625732
2019-10-04 06:30:10,956 [main] INFO  handler.ContextHandler (ContextHandler.java:doStart(781)) - Started o.e.j.s.ServletContextHandler@5f8f1712{/logs,file:///workdir/hadoop-ozone/integration-test/target/log,AVAILABLE}
2019-10-04 06:30:10,956 [main] INFO  handler.ContextHandler (ContextHandler.java:doStart(781)) - Started o.e.j.s.ServletContextHandler@52ecc989{/static,jar:file:/home/user/.m2/repository/org/apache/hadoop/hadoop-hdds-container-service/0.5.0-SNAPSHOT/hadoop-hdds-container-service-0.5.0-SNAPSHOT.jar!/webapps/static,AVAILABLE}
2019-10-04 06:30:10,985 [main] INFO  handler.ContextHandler (ContextHandler.java:doStart(781)) - Started o.e.j.w.WebAppContext@5ea7bc4{/,file:///tmp/jetty-0.0.0.0-44908-hddsDatanode-_-any-4957284422295812998.dir/webapp/,AVAILABLE}{/hddsDatanode}
2019-10-04 06:30:10,985 [main] INFO  server.AbstractConnector (AbstractConnector.java:doStart(278)) - Started ServerConnector@39d77de9{HTTP/1.1,[http/1.1]}{0.0.0.0:44908}
2019-10-04 06:30:10,989 [main] INFO  server.Server (Server.java:doStart(419)) - Started @196650ms
2019-10-04 06:30:10,990 [main] WARN  impl.MetricsSystemImpl (MetricsSystemImpl.java:register(276)) - Sink prometheus already exists!
2019-10-04 06:30:10,990 [main] INFO  server.BaseHttpServer (BaseHttpServer.java:updateConnectorAddress(215)) - HTTP server of HDDSDATANODE is listening at http://0.0.0.0:44908
2019-10-04 06:30:10,991 [main] INFO  impl.MetricsSystemImpl (MetricsSystemImpl.java:init(158)) - HddsDatanode metrics system started (again)
2019-10-04 06:30:11,011 [org.apache.hadoop.util.JvmPauseMonitor$Monitor@6bef077b] INFO  util.JvmPauseMonitor (JvmPauseMonitor.java:run(188)) - Starting JVM pause monitor
2019-10-04 06:30:11,012 [Datanode State Machine Thread - 0] INFO  datanode.InitDatanodeState (InitDatanodeState.java:persistContainerDatanodeDetails(140)) - DatanodeDetails is persisted to /workdir/hadoop-ozone/integration-test/target/test-dir/MiniOzoneClusterImpl-8f4f3c31-9c02-4063-b450-3f421a489ced/datanode-4/meta/datanode.id
2019-10-04 06:30:11,013 [main] INFO  ozone.HddsDatanodeService (HddsDatanodeService.java:start(184)) - HddsDatanodeService host:trunk-nightly-20191004-lpvmn-70278721 ip:192.168.151.69
2019-10-04 06:30:11,024 [main] INFO  volume.HddsVolume (HddsVolume.java:<init>(176)) - Creating Volume: /workdir/hadoop-ozone/integration-test/target/test-dir/MiniOzoneClusterImpl-8f4f3c31-9c02-4063-b450-3f421a489ced/datanode-5/data/containers/hdds of  storage type : DISK and capacity : 1482555576320
2019-10-04 06:30:11,024 [main] INFO  volume.VolumeSet (VolumeSet.java:initializeVolumeSet(170)) - Added Volume : /workdir/hadoop-ozone/integration-test/target/test-dir/MiniOzoneClusterImpl-8f4f3c31-9c02-4063-b450-3f421a489ced/datanode-5/data/containers/hdds to VolumeSet
2019-10-04 06:30:11,024 [main] INFO  volume.ThrottledAsyncChecker (ThrottledAsyncChecker.java:schedule(139)) - Scheduling a check for org.apache.hadoop.ozone.container.common.volume.HddsVolume@47fcefb3
2019-10-04 06:30:11,025 [main] INFO  volume.HddsVolumeChecker (HddsVolumeChecker.java:checkAllVolumes(202)) - Scheduled health check for volume org.apache.hadoop.ozone.container.common.volume.HddsVolume@47fcefb3
2019-10-04 06:30:11,041 [main] INFO  impl.RaftServerProxy (ConfUtils.java:logGet(43)) - raft.rpc.type = GRPC (default)
2019-10-04 06:30:11,041 [main] INFO  grpc.GrpcFactory (GrpcFactory.java:checkPooledByteBufAllocatorUseCacheForAllThreads(45)) - PERFORMANCE WARNING: useCacheForAllThreads is true that may cause Netty to create a lot garbage objects and, as a result, trigger GC.
	It is recommended to disable useCacheForAllThreads by setting -Dorg.apache.ratis.thirdparty.io.netty.allocator.useCacheForAllThreads=false in command line.
2019-10-04 06:30:11,041 [main] INFO  grpc.GrpcConfigKeys$Server (ConfUtils.java:logGet(43)) - raft.grpc.server.port = 0 (default)
2019-10-04 06:30:11,042 [main] INFO  server.GrpcService (ConfUtils.java:logGet(43)) - raft.grpc.message.size.max = 33570816 (custom)
2019-10-04 06:30:11,042 [main] INFO  server.RaftServerConfigKeys (ConfUtils.java:logGet(43)) - raft.server.log.appender.buffer.byte-limit = 33554432 (custom)
2019-10-04 06:30:11,042 [main] INFO  server.GrpcService (ConfUtils.java:logGet(43)) - raft.grpc.flow.control.window = 1MB (=1048576) (default)
2019-10-04 06:30:11,042 [main] INFO  server.RaftServerConfigKeys (ConfUtils.java:logGet(43)) - raft.server.rpc.request.timeout = 3000ms (default)
2019-10-04 06:30:11,042 [main] INFO  server.RaftServerConfigKeys (ConfUtils.java:logGet(43)) - raft.server.storage.dir = [/workdir/hadoop-ozone/integration-test/target/test-dir/MiniOzoneClusterImpl-8f4f3c31-9c02-4063-b450-3f421a489ced/datanode-5/data/ratis] (custom)
2019-10-04 06:30:11,044 [main] INFO  hdfs.DFSUtil (DFSUtil.java:httpServerTemplateForNNAndJN(1641)) - Starting Web-server for hddsDatanode at: http://0.0.0.0:0
2019-10-04 06:30:11,045 [main] INFO  server.AuthenticationFilter (AuthenticationFilter.java:constructSecretProvider(240)) - Unable to initialize FileSignerSecretProvider, falling back to use random secrets.
2019-10-04 06:30:11,045 [main] WARN  http.HttpRequestLog (HttpRequestLog.java:getRequestLog(97)) - Jetty request log can only be enabled using Log4j
2019-10-04 06:30:11,046 [main] INFO  http.HttpServer2 (HttpServer2.java:addGlobalFilter(975)) - Added global filter 'safety' (class=org.apache.hadoop.http.HttpServer2$QuotingInputFilter)
2019-10-04 06:30:11,047 [main] INFO  http.HttpServer2 (HttpServer2.java:addFilter(948)) - Added filter static_user_filter (class=org.apache.hadoop.http.lib.StaticUserWebFilter$StaticUserFilter) to context hddsDatanode
2019-10-04 06:30:11,047 [main] INFO  http.HttpServer2 (HttpServer2.java:addFilter(958)) - Added filter static_user_filter (class=org.apache.hadoop.http.lib.StaticUserWebFilter$StaticUserFilter) to context logs
2019-10-04 06:30:11,047 [main] INFO  http.HttpServer2 (HttpServer2.java:addFilter(958)) - Added filter static_user_filter (class=org.apache.hadoop.http.lib.StaticUserWebFilter$StaticUserFilter) to context static
2019-10-04 06:30:11,048 [main] INFO  http.HttpServer2 (HttpServer2.java:bindListener(1191)) - Jetty bound to port 45766
2019-10-04 06:30:11,048 [main] INFO  server.Server (Server.java:doStart(351)) - jetty-9.3.25.v20180904, build timestamp: 2018-09-04T21:11:46Z, git hash: 3ce520221d0240229c862b122d2b06c12a625732
2019-10-04 06:30:11,049 [main] INFO  handler.ContextHandler (ContextHandler.java:doStart(781)) - Started o.e.j.s.ServletContextHandler@7b8ea1db{/logs,file:///workdir/hadoop-ozone/integration-test/target/log,AVAILABLE}
2019-10-04 06:30:11,049 [main] INFO  handler.ContextHandler (ContextHandler.java:doStart(781)) - Started o.e.j.s.ServletContextHandler@77083e41{/static,jar:file:/home/user/.m2/repository/org/apache/hadoop/hadoop-hdds-container-service/0.5.0-SNAPSHOT/hadoop-hdds-container-service-0.5.0-SNAPSHOT.jar!/webapps/static,AVAILABLE}
2019-10-04 06:30:11,077 [main] INFO  handler.ContextHandler (ContextHandler.java:doStart(781)) - Started o.e.j.w.WebAppContext@68dfda77{/,file:///tmp/jetty-0.0.0.0-45766-hddsDatanode-_-any-4865350012307218660.dir/webapp/,AVAILABLE}{/hddsDatanode}
2019-10-04 06:30:11,077 [main] INFO  server.AbstractConnector (AbstractConnector.java:doStart(278)) - Started ServerConnector@50cdfafa{HTTP/1.1,[http/1.1]}{0.0.0.0:45766}
2019-10-04 06:30:11,080 [main] INFO  server.Server (Server.java:doStart(419)) - Started @196740ms
2019-10-04 06:30:11,080 [main] WARN  impl.MetricsSystemImpl (MetricsSystemImpl.java:register(276)) - Sink prometheus already exists!
2019-10-04 06:30:11,081 [main] INFO  server.BaseHttpServer (BaseHttpServer.java:updateConnectorAddress(215)) - HTTP server of HDDSDATANODE is listening at http://0.0.0.0:45766
2019-10-04 06:30:11,081 [main] INFO  impl.MetricsSystemImpl (MetricsSystemImpl.java:init(158)) - HddsDatanode metrics system started (again)
2019-10-04 06:30:11,102 [org.apache.hadoop.util.JvmPauseMonitor$Monitor@314896eb] INFO  util.JvmPauseMonitor (JvmPauseMonitor.java:run(188)) - Starting JVM pause monitor
2019-10-04 06:30:11,103 [Datanode State Machine Thread - 0] INFO  datanode.InitDatanodeState (InitDatanodeState.java:persistContainerDatanodeDetails(140)) - DatanodeDetails is persisted to /workdir/hadoop-ozone/integration-test/target/test-dir/MiniOzoneClusterImpl-8f4f3c31-9c02-4063-b450-3f421a489ced/datanode-5/meta/datanode.id
2019-10-04 06:30:11,104 [main] INFO  ozone.HddsDatanodeService (HddsDatanodeService.java:start(184)) - HddsDatanodeService host:trunk-nightly-20191004-lpvmn-70278721 ip:192.168.151.69
2019-10-04 06:30:11,112 [main] INFO  volume.HddsVolume (HddsVolume.java:<init>(176)) - Creating Volume: /workdir/hadoop-ozone/integration-test/target/test-dir/MiniOzoneClusterImpl-8f4f3c31-9c02-4063-b450-3f421a489ced/datanode-6/data/containers/hdds of  storage type : DISK and capacity : 1482555576320
2019-10-04 06:30:11,113 [main] INFO  volume.VolumeSet (VolumeSet.java:initializeVolumeSet(170)) - Added Volume : /workdir/hadoop-ozone/integration-test/target/test-dir/MiniOzoneClusterImpl-8f4f3c31-9c02-4063-b450-3f421a489ced/datanode-6/data/containers/hdds to VolumeSet
2019-10-04 06:30:11,113 [main] INFO  volume.ThrottledAsyncChecker (ThrottledAsyncChecker.java:schedule(139)) - Scheduling a check for org.apache.hadoop.ozone.container.common.volume.HddsVolume@5396eeb1
2019-10-04 06:30:11,113 [main] INFO  volume.HddsVolumeChecker (HddsVolumeChecker.java:checkAllVolumes(202)) - Scheduled health check for volume org.apache.hadoop.ozone.container.common.volume.HddsVolume@5396eeb1
2019-10-04 06:30:11,127 [main] INFO  impl.RaftServerProxy (ConfUtils.java:logGet(43)) - raft.rpc.type = GRPC (default)
2019-10-04 06:30:11,127 [main] INFO  grpc.GrpcFactory (GrpcFactory.java:checkPooledByteBufAllocatorUseCacheForAllThreads(45)) - PERFORMANCE WARNING: useCacheForAllThreads is true that may cause Netty to create a lot garbage objects and, as a result, trigger GC.
	It is recommended to disable useCacheForAllThreads by setting -Dorg.apache.ratis.thirdparty.io.netty.allocator.useCacheForAllThreads=false in command line.
2019-10-04 06:30:11,127 [main] INFO  grpc.GrpcConfigKeys$Server (ConfUtils.java:logGet(43)) - raft.grpc.server.port = 0 (default)
2019-10-04 06:30:11,127 [main] INFO  server.GrpcService (ConfUtils.java:logGet(43)) - raft.grpc.message.size.max = 33570816 (custom)
2019-10-04 06:30:11,127 [main] INFO  server.RaftServerConfigKeys (ConfUtils.java:logGet(43)) - raft.server.log.appender.buffer.byte-limit = 33554432 (custom)
2019-10-04 06:30:11,128 [main] INFO  server.GrpcService (ConfUtils.java:logGet(43)) - raft.grpc.flow.control.window = 1MB (=1048576) (default)
2019-10-04 06:30:11,128 [main] INFO  server.RaftServerConfigKeys (ConfUtils.java:logGet(43)) - raft.server.rpc.request.timeout = 3000ms (default)
2019-10-04 06:30:11,128 [main] INFO  server.RaftServerConfigKeys (ConfUtils.java:logGet(43)) - raft.server.storage.dir = [/workdir/hadoop-ozone/integration-test/target/test-dir/MiniOzoneClusterImpl-8f4f3c31-9c02-4063-b450-3f421a489ced/datanode-6/data/ratis] (custom)
2019-10-04 06:30:11,129 [main] INFO  hdfs.DFSUtil (DFSUtil.java:httpServerTemplateForNNAndJN(1641)) - Starting Web-server for hddsDatanode at: http://0.0.0.0:0
2019-10-04 06:30:11,130 [main] INFO  server.AuthenticationFilter (AuthenticationFilter.java:constructSecretProvider(240)) - Unable to initialize FileSignerSecretProvider, falling back to use random secrets.
2019-10-04 06:30:11,131 [main] WARN  http.HttpRequestLog (HttpRequestLog.java:getRequestLog(97)) - Jetty request log can only be enabled using Log4j
2019-10-04 06:30:11,132 [main] INFO  http.HttpServer2 (HttpServer2.java:addGlobalFilter(975)) - Added global filter 'safety' (class=org.apache.hadoop.http.HttpServer2$QuotingInputFilter)
2019-10-04 06:30:11,133 [main] INFO  http.HttpServer2 (HttpServer2.java:addFilter(948)) - Added filter static_user_filter (class=org.apache.hadoop.http.lib.StaticUserWebFilter$StaticUserFilter) to context hddsDatanode
2019-10-04 06:30:11,133 [main] INFO  http.HttpServer2 (HttpServer2.java:addFilter(958)) - Added filter static_user_filter (class=org.apache.hadoop.http.lib.StaticUserWebFilter$StaticUserFilter) to context logs
2019-10-04 06:30:11,133 [main] INFO  http.HttpServer2 (HttpServer2.java:addFilter(958)) - Added filter static_user_filter (class=org.apache.hadoop.http.lib.StaticUserWebFilter$StaticUserFilter) to context static
2019-10-04 06:30:11,134 [main] INFO  http.HttpServer2 (HttpServer2.java:bindListener(1191)) - Jetty bound to port 38413
2019-10-04 06:30:11,134 [main] INFO  server.Server (Server.java:doStart(351)) - jetty-9.3.25.v20180904, build timestamp: 2018-09-04T21:11:46Z, git hash: 3ce520221d0240229c862b122d2b06c12a625732
2019-10-04 06:30:11,135 [main] INFO  handler.ContextHandler (ContextHandler.java:doStart(781)) - Started o.e.j.s.ServletContextHandler@6169be09{/logs,file:///workdir/hadoop-ozone/integration-test/target/log,AVAILABLE}
2019-10-04 06:30:11,135 [main] INFO  handler.ContextHandler (ContextHandler.java:doStart(781)) - Started o.e.j.s.ServletContextHandler@5fb54740{/static,jar:file:/home/user/.m2/repository/org/apache/hadoop/hadoop-hdds-container-service/0.5.0-SNAPSHOT/hadoop-hdds-container-service-0.5.0-SNAPSHOT.jar!/webapps/static,AVAILABLE}
2019-10-04 06:30:11,164 [main] INFO  handler.ContextHandler (ContextHandler.java:doStart(781)) - Started o.e.j.w.WebAppContext@45c80312{/,file:///tmp/jetty-0.0.0.0-38413-hddsDatanode-_-any-5677380919065408564.dir/webapp/,AVAILABLE}{/hddsDatanode}
2019-10-04 06:30:11,164 [main] INFO  server.AbstractConnector (AbstractConnector.java:doStart(278)) - Started ServerConnector@7bd38fed{HTTP/1.1,[http/1.1]}{0.0.0.0:38413}
2019-10-04 06:30:11,167 [main] INFO  server.Server (Server.java:doStart(419)) - Started @196827ms
2019-10-04 06:30:11,167 [main] WARN  impl.MetricsSystemImpl (MetricsSystemImpl.java:register(276)) - Sink prometheus already exists!
2019-10-04 06:30:11,168 [main] INFO  server.BaseHttpServer (BaseHttpServer.java:updateConnectorAddress(215)) - HTTP server of HDDSDATANODE is listening at http://0.0.0.0:38413
2019-10-04 06:30:11,168 [main] INFO  ozone.MiniOzoneClusterImpl (MiniOzoneClusterImpl.java:lambda$waitForClusterToBeReady$0(147)) - Waiting for cluster to be ready. Got 0 of 7 DN Heartbeats.
2019-10-04 06:30:11,169 [org.apache.hadoop.util.JvmPauseMonitor$Monitor@570ce104] INFO  util.JvmPauseMonitor (JvmPauseMonitor.java:run(188)) - Starting JVM pause monitor
2019-10-04 06:30:11,171 [Datanode State Machine Thread - 0] INFO  datanode.InitDatanodeState (InitDatanodeState.java:persistContainerDatanodeDetails(140)) - DatanodeDetails is persisted to /workdir/hadoop-ozone/integration-test/target/test-dir/MiniOzoneClusterImpl-8f4f3c31-9c02-4063-b450-3f421a489ced/datanode-6/meta/datanode.id
2019-10-04 06:30:11,258 [grpc-default-executor-3] WARN  server.GrpcLogAppender (LogUtils.java:warn(134)) - 1a60f1dd-57b0-4e50-a131-82451b1e3cfa@group-A4CF8F989565->5d6dac2c-28ba-4e48-a46a-83fcc0658c61-AppendLogResponseHandler: Failed appendEntries: org.apache.ratis.thirdparty.io.grpc.StatusRuntimeException: UNAVAILABLE: io exception
2019-10-04 06:30:11,259 [grpc-default-executor-3] INFO  impl.FollowerInfo (FollowerInfo.java:lambda$new$0(51)) - 1a60f1dd-57b0-4e50-a131-82451b1e3cfa@group-A4CF8F989565->5d6dac2c-28ba-4e48-a46a-83fcc0658c61: nextIndex: updateUnconditionally 0 -> 0
2019-10-04 06:30:11,283 [grpc-default-executor-7] WARN  server.GrpcLogAppender (LogUtils.java:warn(134)) - 1a60f1dd-57b0-4e50-a131-82451b1e3cfa@group-A4CF8F989565->f60682d0-d3c6-4810-99e4-62a378b29a6d-AppendLogResponseHandler: Failed appendEntries: org.apache.ratis.thirdparty.io.grpc.StatusRuntimeException: UNAVAILABLE: io exception
2019-10-04 06:30:11,284 [grpc-default-executor-7] INFO  impl.FollowerInfo (FollowerInfo.java:lambda$new$0(51)) - 1a60f1dd-57b0-4e50-a131-82451b1e3cfa@group-A4CF8F989565->f60682d0-d3c6-4810-99e4-62a378b29a6d: nextIndex: updateUnconditionally 0 -> 0
2019-10-04 06:30:12,168 [main] INFO  ozone.MiniOzoneClusterImpl (MiniOzoneClusterImpl.java:lambda$waitForClusterToBeReady$0(147)) - Waiting for cluster to be ready. Got 0 of 7 DN Heartbeats.
2019-10-04 06:30:12,709 [Datanode State Machine Thread - 0] INFO  ozoneimpl.OzoneContainer (OzoneContainer.java:start(217)) - Attempting to start container services.
2019-10-04 06:30:12,709 [Datanode State Machine Thread - 0] INFO  ozoneimpl.OzoneContainer (OzoneContainer.java:startContainerScrub(179)) - Background container scanner has been disabled.
2019-10-04 06:30:12,709 [Datanode State Machine Thread - 0] INFO  ratis.XceiverServerRatis (XceiverServerRatis.java:start(417)) - Starting XceiverServerRatis 64d95ac8-37cd-4bae-8003-3f5227b2144b at port 0
2019-10-04 06:30:12,716 [Datanode State Machine Thread - 0] INFO  impl.RaftServerProxy (RaftServerProxy.java:lambda$start$3(299)) - 64d95ac8-37cd-4bae-8003-3f5227b2144b: start RPC server
2019-10-04 06:30:12,717 [Datanode State Machine Thread - 0] INFO  server.GrpcService (GrpcService.java:startImpl(158)) - 64d95ac8-37cd-4bae-8003-3f5227b2144b: GrpcService started, listening on 0.0.0.0/0.0.0.0:42282
2019-10-04 06:30:12,717 [Datanode State Machine Thread - 0] INFO  ratis.XceiverServerRatis (XceiverServerRatis.java:start(427)) - XceiverServerRatis 64d95ac8-37cd-4bae-8003-3f5227b2144b is started using port 42282
2019-10-04 06:30:12,718 [Datanode State Machine Thread - 0] INFO  server.XceiverServerGrpc (XceiverServerGrpc.java:start(149)) - XceiverServerGrpc 64d95ac8-37cd-4bae-8003-3f5227b2144b is started using port 34621
2019-10-04 06:30:12,746 [Datanode State Machine Thread - 0] INFO  ozoneimpl.OzoneContainer (OzoneContainer.java:start(217)) - Attempting to start container services.
2019-10-04 06:30:12,746 [Datanode State Machine Thread - 0] INFO  ozoneimpl.OzoneContainer (OzoneContainer.java:startContainerScrub(179)) - Background container scanner has been disabled.
2019-10-04 06:30:12,747 [Datanode State Machine Thread - 0] INFO  ratis.XceiverServerRatis (XceiverServerRatis.java:start(417)) - Starting XceiverServerRatis 8ed780ea-22a2-4102-ada8-ecc3c5c80975 at port 0
2019-10-04 06:30:12,754 [Datanode State Machine Thread - 0] INFO  impl.RaftServerProxy (RaftServerProxy.java:lambda$start$3(299)) - 8ed780ea-22a2-4102-ada8-ecc3c5c80975: start RPC server
2019-10-04 06:30:12,755 [Datanode State Machine Thread - 0] INFO  server.GrpcService (GrpcService.java:startImpl(158)) - 8ed780ea-22a2-4102-ada8-ecc3c5c80975: GrpcService started, listening on 0.0.0.0/0.0.0.0:33231
2019-10-04 06:30:12,755 [Datanode State Machine Thread - 0] INFO  ratis.XceiverServerRatis (XceiverServerRatis.java:start(427)) - XceiverServerRatis 8ed780ea-22a2-4102-ada8-ecc3c5c80975 is started using port 33231
2019-10-04 06:30:12,755 [Datanode State Machine Thread - 0] INFO  server.XceiverServerGrpc (XceiverServerGrpc.java:start(149)) - XceiverServerGrpc 8ed780ea-22a2-4102-ada8-ecc3c5c80975 is started using port 42760
2019-10-04 06:30:12,837 [Datanode State Machine Thread - 0] INFO  ozoneimpl.OzoneContainer (OzoneContainer.java:start(217)) - Attempting to start container services.
2019-10-04 06:30:12,837 [Datanode State Machine Thread - 0] INFO  ozoneimpl.OzoneContainer (OzoneContainer.java:startContainerScrub(179)) - Background container scanner has been disabled.
2019-10-04 06:30:12,837 [Datanode State Machine Thread - 0] INFO  ratis.XceiverServerRatis (XceiverServerRatis.java:start(417)) - Starting XceiverServerRatis 9d630184-749b-41e4-9c8c-2fff765cb0bb at port 0
2019-10-04 06:30:12,844 [Datanode State Machine Thread - 0] INFO  impl.RaftServerProxy (RaftServerProxy.java:lambda$start$3(299)) - 9d630184-749b-41e4-9c8c-2fff765cb0bb: start RPC server
2019-10-04 06:30:12,855 [Datanode State Machine Thread - 0] INFO  server.GrpcService (GrpcService.java:startImpl(158)) - 9d630184-749b-41e4-9c8c-2fff765cb0bb: GrpcService started, listening on 0.0.0.0/0.0.0.0:38372
2019-10-04 06:30:12,855 [Datanode State Machine Thread - 0] INFO  ratis.XceiverServerRatis (XceiverServerRatis.java:start(427)) - XceiverServerRatis 9d630184-749b-41e4-9c8c-2fff765cb0bb is started using port 38372
2019-10-04 06:30:12,856 [Datanode State Machine Thread - 0] INFO  server.XceiverServerGrpc (XceiverServerGrpc.java:start(149)) - XceiverServerGrpc 9d630184-749b-41e4-9c8c-2fff765cb0bb is started using port 36836
2019-10-04 06:30:12,934 [Datanode State Machine Thread - 0] INFO  ozoneimpl.OzoneContainer (OzoneContainer.java:start(217)) - Attempting to start container services.
2019-10-04 06:30:12,934 [Datanode State Machine Thread - 0] INFO  ozoneimpl.OzoneContainer (OzoneContainer.java:startContainerScrub(179)) - Background container scanner has been disabled.
2019-10-04 06:30:12,934 [Datanode State Machine Thread - 0] INFO  ratis.XceiverServerRatis (XceiverServerRatis.java:start(417)) - Starting XceiverServerRatis f1fe510a-7ef2-4d25-8632-c5217ea1eace at port 0
2019-10-04 06:30:12,941 [Datanode State Machine Thread - 0] INFO  impl.RaftServerProxy (RaftServerProxy.java:lambda$start$3(299)) - f1fe510a-7ef2-4d25-8632-c5217ea1eace: start RPC server
2019-10-04 06:30:12,942 [Datanode State Machine Thread - 0] INFO  server.GrpcService (GrpcService.java:startImpl(158)) - f1fe510a-7ef2-4d25-8632-c5217ea1eace: GrpcService started, listening on 0.0.0.0/0.0.0.0:41644
2019-10-04 06:30:12,942 [Datanode State Machine Thread - 0] INFO  ratis.XceiverServerRatis (XceiverServerRatis.java:start(427)) - XceiverServerRatis f1fe510a-7ef2-4d25-8632-c5217ea1eace is started using port 41644
2019-10-04 06:30:12,942 [Datanode State Machine Thread - 0] INFO  server.XceiverServerGrpc (XceiverServerGrpc.java:start(149)) - XceiverServerGrpc f1fe510a-7ef2-4d25-8632-c5217ea1eace is started using port 40846
2019-10-04 06:30:13,038 [Datanode State Machine Thread - 0] INFO  ozoneimpl.OzoneContainer (OzoneContainer.java:start(217)) - Attempting to start container services.
2019-10-04 06:30:13,038 [Datanode State Machine Thread - 0] INFO  ozoneimpl.OzoneContainer (OzoneContainer.java:startContainerScrub(179)) - Background container scanner has been disabled.
2019-10-04 06:30:13,039 [Datanode State Machine Thread - 0] INFO  ratis.XceiverServerRatis (XceiverServerRatis.java:start(417)) - Starting XceiverServerRatis 7678a048-151b-498b-9437-1840db1810f4 at port 0
2019-10-04 06:30:13,045 [Datanode State Machine Thread - 0] INFO  impl.RaftServerProxy (RaftServerProxy.java:lambda$start$3(299)) - 7678a048-151b-498b-9437-1840db1810f4: start RPC server
2019-10-04 06:30:13,046 [Datanode State Machine Thread - 0] INFO  server.GrpcService (GrpcService.java:startImpl(158)) - 7678a048-151b-498b-9437-1840db1810f4: GrpcService started, listening on 0.0.0.0/0.0.0.0:40003
2019-10-04 06:30:13,046 [Datanode State Machine Thread - 0] INFO  ratis.XceiverServerRatis (XceiverServerRatis.java:start(427)) - XceiverServerRatis 7678a048-151b-498b-9437-1840db1810f4 is started using port 40003
2019-10-04 06:30:13,051 [Datanode State Machine Thread - 0] INFO  server.XceiverServerGrpc (XceiverServerGrpc.java:start(149)) - XceiverServerGrpc 7678a048-151b-498b-9437-1840db1810f4 is started using port 41395
2019-10-04 06:30:13,115 [Datanode State Machine Thread - 0] INFO  ozoneimpl.OzoneContainer (OzoneContainer.java:start(217)) - Attempting to start container services.
2019-10-04 06:30:13,115 [Datanode State Machine Thread - 0] INFO  ozoneimpl.OzoneContainer (OzoneContainer.java:startContainerScrub(179)) - Background container scanner has been disabled.
2019-10-04 06:30:13,115 [Datanode State Machine Thread - 0] INFO  ratis.XceiverServerRatis (XceiverServerRatis.java:start(417)) - Starting XceiverServerRatis de94de20-fda1-42b3-bacf-9c775a6cc57a at port 0
2019-10-04 06:30:13,121 [Datanode State Machine Thread - 0] INFO  impl.RaftServerProxy (RaftServerProxy.java:lambda$start$3(299)) - de94de20-fda1-42b3-bacf-9c775a6cc57a: start RPC server
2019-10-04 06:30:13,126 [Datanode State Machine Thread - 0] INFO  server.GrpcService (GrpcService.java:startImpl(158)) - de94de20-fda1-42b3-bacf-9c775a6cc57a: GrpcService started, listening on 0.0.0.0/0.0.0.0:43665
2019-10-04 06:30:13,127 [Datanode State Machine Thread - 0] INFO  ratis.XceiverServerRatis (XceiverServerRatis.java:start(427)) - XceiverServerRatis de94de20-fda1-42b3-bacf-9c775a6cc57a is started using port 43665
2019-10-04 06:30:13,127 [Datanode State Machine Thread - 0] INFO  server.XceiverServerGrpc (XceiverServerGrpc.java:start(149)) - XceiverServerGrpc de94de20-fda1-42b3-bacf-9c775a6cc57a is started using port 33792
2019-10-04 06:30:13,169 [main] INFO  ozone.MiniOzoneClusterImpl (MiniOzoneClusterImpl.java:lambda$waitForClusterToBeReady$0(147)) - Waiting for cluster to be ready. Got 0 of 7 DN Heartbeats.
2019-10-04 06:30:13,184 [Datanode State Machine Thread - 0] INFO  ozoneimpl.OzoneContainer (OzoneContainer.java:start(217)) - Attempting to start container services.
2019-10-04 06:30:13,184 [Datanode State Machine Thread - 0] INFO  ozoneimpl.OzoneContainer (OzoneContainer.java:startContainerScrub(179)) - Background container scanner has been disabled.
2019-10-04 06:30:13,184 [Datanode State Machine Thread - 0] INFO  ratis.XceiverServerRatis (XceiverServerRatis.java:start(417)) - Starting XceiverServerRatis 2afc614f-6f75-4707-8c78-910edafb29bf at port 0
2019-10-04 06:30:13,191 [Datanode State Machine Thread - 0] INFO  impl.RaftServerProxy (RaftServerProxy.java:lambda$start$3(299)) - 2afc614f-6f75-4707-8c78-910edafb29bf: start RPC server
2019-10-04 06:30:13,191 [Datanode State Machine Thread - 0] INFO  server.GrpcService (GrpcService.java:startImpl(158)) - 2afc614f-6f75-4707-8c78-910edafb29bf: GrpcService started, listening on 0.0.0.0/0.0.0.0:42913
2019-10-04 06:30:13,191 [Datanode State Machine Thread - 0] INFO  ratis.XceiverServerRatis (XceiverServerRatis.java:start(427)) - XceiverServerRatis 2afc614f-6f75-4707-8c78-910edafb29bf is started using port 42913
2019-10-04 06:30:13,192 [Datanode State Machine Thread - 0] INFO  server.XceiverServerGrpc (XceiverServerGrpc.java:start(149)) - XceiverServerGrpc 2afc614f-6f75-4707-8c78-910edafb29bf is started using port 46612
2019-10-04 06:30:13,770 [grpc-default-executor-3] WARN  server.GrpcLogAppender (LogUtils.java:warn(134)) - 1a60f1dd-57b0-4e50-a131-82451b1e3cfa@group-A4CF8F989565->5d6dac2c-28ba-4e48-a46a-83fcc0658c61-AppendLogResponseHandler: Failed appendEntries: org.apache.ratis.thirdparty.io.grpc.StatusRuntimeException: UNAVAILABLE: io exception
2019-10-04 06:30:13,771 [grpc-default-executor-3] INFO  impl.FollowerInfo (FollowerInfo.java:lambda$new$0(51)) - 1a60f1dd-57b0-4e50-a131-82451b1e3cfa@group-A4CF8F989565->5d6dac2c-28ba-4e48-a46a-83fcc0658c61: nextIndex: updateUnconditionally 0 -> 0
2019-10-04 06:30:13,784 [grpc-default-executor-2] WARN  server.GrpcLogAppender (LogUtils.java:warn(134)) - 1a60f1dd-57b0-4e50-a131-82451b1e3cfa@group-A4CF8F989565->f60682d0-d3c6-4810-99e4-62a378b29a6d-AppendLogResponseHandler: Failed appendEntries: org.apache.ratis.thirdparty.io.grpc.StatusRuntimeException: UNAVAILABLE: io exception
2019-10-04 06:30:13,784 [grpc-default-executor-2] INFO  impl.FollowerInfo (FollowerInfo.java:lambda$new$0(51)) - 1a60f1dd-57b0-4e50-a131-82451b1e3cfa@group-A4CF8F989565->f60682d0-d3c6-4810-99e4-62a378b29a6d: nextIndex: updateUnconditionally 0 -> 0
2019-10-04 06:30:14,170 [main] INFO  ozone.MiniOzoneClusterImpl (MiniOzoneClusterImpl.java:lambda$waitForClusterToBeReady$0(147)) - Waiting for cluster to be ready. Got 0 of 7 DN Heartbeats.
2019-10-04 06:30:14,665 [IPC Server handler 7 on 33802] INFO  net.NetworkTopology (NetworkTopologyImpl.java:add(111)) - Added a new node: /default-rack/64d95ac8-37cd-4bae-8003-3f5227b2144b
2019-10-04 06:30:14,669 [IPC Server handler 7 on 33802] INFO  node.SCMNodeManager (SCMNodeManager.java:register(266)) - Registered Data node : 64d95ac8-37cd-4bae-8003-3f5227b2144b{ip: 192.168.151.69, host: trunk-nightly-20191004-lpvmn-70278721, networkLocation: /default-rack, certSerialId: null}
2019-10-04 06:30:14,670 [EventQueue-NodeRegistrationContainerReportForDataNodeSafeModeRule] INFO  safemode.SCMSafeModeManager (DataNodeSafeModeRule.java:process(71)) - SCM in safe mode. 1 DataNodes registered, 1 required.
2019-10-04 06:30:14,674 [EventQueue-NodeRegistrationContainerReportForDataNodeSafeModeRule] INFO  safemode.SCMSafeModeManager (SCMSafeModeManager.java:validateSafeModeExitRules(177)) - ScmSafeModeManager, all rules are successfully validated
2019-10-04 06:30:14,675 [EventQueue-NodeRegistrationContainerReportForDataNodeSafeModeRule] INFO  safemode.SCMSafeModeManager (SCMSafeModeManager.java:exitSafeMode(193)) - SCM exiting safe mode.
2019-10-04 06:30:14,683 [grpc-default-executor-7] INFO  impl.RaftServerProxy (RaftServerProxy.java:addNew(89)) - 64d95ac8-37cd-4bae-8003-3f5227b2144b: addNew group-5D17B24A7B8F:[64d95ac8-37cd-4bae-8003-3f5227b2144b:192.168.151.69:42282] returns group-5D17B24A7B8F:java.util.concurrent.CompletableFuture@239ee50e[Not completed]
2019-10-04 06:30:14,686 [pool-383-thread-1] INFO  impl.RaftServerImpl (RaftServerImpl.java:<init>(95)) - 64d95ac8-37cd-4bae-8003-3f5227b2144b: new RaftServerImpl for group-5D17B24A7B8F:[64d95ac8-37cd-4bae-8003-3f5227b2144b:192.168.151.69:42282] with ContainerStateMachine:uninitialized
2019-10-04 06:30:14,686 [pool-383-thread-1] INFO  server.RaftServerConfigKeys (ConfUtils.java:logGet(43)) - raft.server.rpc.timeout.min = 5s (custom)
2019-10-04 06:30:14,686 [pool-383-thread-1] INFO  server.RaftServerConfigKeys (ConfUtils.java:logGet(43)) - raft.server.rpc.timeout.max = 5200ms (custom)
2019-10-04 06:30:14,686 [pool-383-thread-1] INFO  server.RaftServerConfigKeys (ConfUtils.java:logGet(43)) - raft.server.rpcslowness.timeout = 120s (custom)
2019-10-04 06:30:14,687 [pool-383-thread-1] INFO  server.RaftServerConfigKeys (ConfUtils.java:logGet(43)) - raft.server.sleep.deviation.threshold = 300 (default)
2019-10-04 06:30:14,687 [pool-383-thread-1] INFO  server.RaftServerConfigKeys (ConfUtils.java:logGet(43)) - raft.server.log.appender.install.snapshot.enabled = false (custom)
2019-10-04 06:30:14,687 [pool-383-thread-1] INFO  impl.RaftServerImpl (ServerState.java:<init>(103)) - 64d95ac8-37cd-4bae-8003-3f5227b2144b@group-5D17B24A7B8F: ConfigurationManager, init=-1: [64d95ac8-37cd-4bae-8003-3f5227b2144b:192.168.151.69:42282], old=null, confs=<EMPTY_MAP>
2019-10-04 06:30:14,687 [pool-383-thread-1] INFO  server.RaftServerConfigKeys (ConfUtils.java:logGet(43)) - raft.server.storage.dir = [/workdir/hadoop-ozone/integration-test/target/test-dir/MiniOzoneClusterImpl-8f4f3c31-9c02-4063-b450-3f421a489ced/datanode-0/data/ratis] (custom)
2019-10-04 06:30:14,688 [pool-383-thread-1] INFO  server.RaftServerConfigKeys (ConfUtils.java:logGet(43)) - raft.server.log.corruption.policy = EXCEPTION (default)
2019-10-04 06:30:14,688 [pool-383-thread-1] INFO  storage.RaftStorageDirectory (RaftStorageDirectory.java:analyzeStorage(246)) - The storage directory /workdir/hadoop-ozone/integration-test/target/test-dir/MiniOzoneClusterImpl-8f4f3c31-9c02-4063-b450-3f421a489ced/datanode-0/data/ratis/4af6ab03-5a0a-4b48-ad67-5d17b24a7b8f does not exist. Creating ...
2019-10-04 06:30:14,701 [pool-383-thread-1] INFO  storage.RaftStorageDirectory (RaftStorageDirectory.java:tryLock(328)) - Lock on /workdir/hadoop-ozone/integration-test/target/test-dir/MiniOzoneClusterImpl-8f4f3c31-9c02-4063-b450-3f421a489ced/datanode-0/data/ratis/4af6ab03-5a0a-4b48-ad67-5d17b24a7b8f/in_use.lock acquired by nodename 21365@trunk-nightly-20191004-lpvmn-70278721
2019-10-04 06:30:14,714 [pool-383-thread-1] INFO  storage.RaftStorage (RaftStorage.java:format(84)) - Storage directory /workdir/hadoop-ozone/integration-test/target/test-dir/MiniOzoneClusterImpl-8f4f3c31-9c02-4063-b450-3f421a489ced/datanode-0/data/ratis/4af6ab03-5a0a-4b48-ad67-5d17b24a7b8f has been successfully formatted.
2019-10-04 06:30:14,714 [pool-383-thread-1] INFO  ratis.ContainerStateMachine (ContainerStateMachine.java:loadSnapshot(230)) - group-5D17B24A7B8F: The snapshot info is null. Setting the last applied indexto:(t:0, i:~)
2019-10-04 06:30:14,714 [pool-383-thread-1] INFO  server.RaftServerConfigKeys (ConfUtils.java:logGet(43)) - raft.server.notification.no-leader.timeout = 120s (custom)
2019-10-04 06:30:14,714 [pool-383-thread-1] INFO  server.RaftServerConfigKeys (ConfUtils.java:logGet(43)) - raft.server.log.use.memory = false (default)
2019-10-04 06:30:14,715 [pool-383-thread-1] INFO  server.RaftServerConfigKeys (ConfUtils.java:logGet(43)) - raft.server.log.purge.gap = 1000000 (custom)
2019-10-04 06:30:14,715 [pool-383-thread-1] INFO  server.RaftServerConfigKeys (ConfUtils.java:logGet(43)) - raft.server.log.appender.buffer.byte-limit = 33554432 (custom)
2019-10-04 06:30:14,715 [pool-383-thread-1] INFO  server.RaftServerConfigKeys (ConfUtils.java:logGet(43)) - raft.server.log.segment.size.max = 1048576 (custom)
2019-10-04 06:30:14,717 [pool-383-thread-1] INFO  server.RaftServerConfigKeys (ConfUtils.java:logGet(43)) - raft.server.log.segment.cache.num.max = 2 (custom)
2019-10-04 06:30:14,717 [pool-383-thread-1] INFO  segmented.SegmentedRaftLogWorker (SegmentedRaftLogWorker.java:<init>(173)) - new 64d95ac8-37cd-4bae-8003-3f5227b2144b@group-5D17B24A7B8F-SegmentedRaftLogWorker for RaftStorage:Storage Directory /workdir/hadoop-ozone/integration-test/target/test-dir/MiniOzoneClusterImpl-8f4f3c31-9c02-4063-b450-3f421a489ced/datanode-0/data/ratis/4af6ab03-5a0a-4b48-ad67-5d17b24a7b8f
2019-10-04 06:30:14,717 [pool-383-thread-1] INFO  server.RaftServerConfigKeys (ConfUtils.java:logGet(43)) - raft.server.log.queue.byte-limit = 2147483647 (custom)
2019-10-04 06:30:14,717 [pool-383-thread-1] INFO  server.RaftServerConfigKeys (ConfUtils.java:logGet(43)) - raft.server.log.queue.element-limit = 1024 (custom)
2019-10-04 06:30:14,717 [pool-383-thread-1] INFO  server.RaftServerConfigKeys (ConfUtils.java:logGet(43)) - raft.server.log.segment.size.max = 1048576 (custom)
2019-10-04 06:30:14,718 [pool-383-thread-1] INFO  server.RaftServerConfigKeys (ConfUtils.java:logGet(43)) - raft.server.log.preallocated.size = 16384 (custom)
2019-10-04 06:30:14,718 [pool-383-thread-1] INFO  server.RaftServerConfigKeys (ConfUtils.java:logGet(43)) - raft.server.log.write.buffer.size = 33554432 (custom)
2019-10-04 06:30:14,718 [pool-383-thread-1] INFO  server.RaftServerConfigKeys (ConfUtils.java:logGet(43)) - raft.server.log.force.sync.num = 128 (default)
2019-10-04 06:30:14,718 [pool-383-thread-1] INFO  server.RaftServerConfigKeys (ConfUtils.java:logGet(43)) - raft.server.log.statemachine.data.sync = true (default)
2019-10-04 06:30:14,718 [pool-383-thread-1] INFO  server.RaftServerConfigKeys (ConfUtils.java:logGet(43)) - raft.server.log.statemachine.data.sync.timeout = 10s (default)
2019-10-04 06:30:14,718 [pool-383-thread-1] INFO  server.RaftServerConfigKeys (ConfUtils.java:logGet(43)) - raft.server.log.statemachine.data.sync.timeout.retry = -1 (default)
2019-10-04 06:30:14,719 [pool-383-thread-1] INFO  server.RaftServerConfigKeys (ConfUtils.java:logGet(43)) - raft.server.log.statemachine.data.caching.enabled = true (custom)
2019-10-04 06:30:14,719 [pool-383-thread-1] INFO  segmented.SegmentedRaftLogWorker (SegmentedRaftLogWorker.java:lambda$new$0(128)) - 64d95ac8-37cd-4bae-8003-3f5227b2144b@group-5D17B24A7B8F-SegmentedRaftLogWorker: flushIndex: setUnconditionally 0 -> -1
2019-10-04 06:30:14,719 [pool-383-thread-1] INFO  server.RaftServerConfigKeys (ConfUtils.java:logGet(43)) - raft.server.snapshot.auto.trigger.enabled = true (custom)
2019-10-04 06:30:14,720 [pool-383-thread-1] INFO  server.RaftServerConfigKeys (ConfUtils.java:logGet(43)) - raft.server.snapshot.auto.trigger.threshold = 10000 (custom)
2019-10-04 06:30:14,720 [pool-383-thread-1] INFO  server.RaftServerConfigKeys (ConfUtils.java:logGet(43)) - raft.server.snapshot.retention.file.num = 5 (custom)
2019-10-04 06:30:14,720 [pool-383-thread-1] INFO  server.RaftServerConfigKeys (ConfUtils.java:logGet(43)) - raft.server.retrycache.expirytime = 600000ms (custom)
2019-10-04 06:30:14,722 [pool-383-thread-1] INFO  impl.RaftServerImpl (RaftServerImpl.java:start(181)) - 64d95ac8-37cd-4bae-8003-3f5227b2144b@group-5D17B24A7B8F: start as a follower, conf=-1: [64d95ac8-37cd-4bae-8003-3f5227b2144b:192.168.151.69:42282], old=null
2019-10-04 06:30:14,722 [pool-383-thread-1] INFO  impl.RaftServerImpl (RaftServerImpl.java:setRole(170)) - 64d95ac8-37cd-4bae-8003-3f5227b2144b@group-5D17B24A7B8F: changes role from      null to FOLLOWER at term 0 for startAsFollower
2019-10-04 06:30:14,722 [pool-383-thread-1] INFO  impl.RoleInfo (RoleInfo.java:updateAndGet(143)) - 64d95ac8-37cd-4bae-8003-3f5227b2144b: start FollowerState
2019-10-04 06:30:14,722 [pool-383-thread-1] INFO  util.JmxRegister (JmxRegister.java:tryRegister(44)) - Successfully registered JMX Bean with object name Ratis:service=RaftServer,group=group-5D17B24A7B8F,id=64d95ac8-37cd-4bae-8003-3f5227b2144b
2019-10-04 06:30:14,732 [RatisPipelineUtilsThread] INFO  pipeline.PipelineStateManager (PipelineStateManager.java:addPipeline(56)) - Created pipeline Pipeline[ Id: 4af6ab03-5a0a-4b48-ad67-5d17b24a7b8f, Nodes: 64d95ac8-37cd-4bae-8003-3f5227b2144b{ip: 192.168.151.69, host: trunk-nightly-20191004-lpvmn-70278721, networkLocation: /default-rack, certSerialId: null}, Type:RATIS, Factor:ONE, State:OPEN]
2019-10-04 06:30:14,740 [IPC Server handler 8 on 33802] INFO  net.NetworkTopology (NetworkTopologyImpl.java:add(111)) - Added a new node: /default-rack/8ed780ea-22a2-4102-ada8-ecc3c5c80975
2019-10-04 06:30:14,740 [IPC Server handler 8 on 33802] INFO  node.SCMNodeManager (SCMNodeManager.java:register(266)) - Registered Data node : 8ed780ea-22a2-4102-ada8-ecc3c5c80975{ip: 192.168.151.69, host: trunk-nightly-20191004-lpvmn-70278721, networkLocation: /default-rack, certSerialId: null}
2019-10-04 06:30:14,750 [grpc-default-executor-7] INFO  impl.RaftServerProxy (RaftServerProxy.java:addNew(89)) - 8ed780ea-22a2-4102-ada8-ecc3c5c80975: addNew group-7D8789CDB2DB:[8ed780ea-22a2-4102-ada8-ecc3c5c80975:192.168.151.69:33231] returns group-7D8789CDB2DB:java.util.concurrent.CompletableFuture@62e9cbc9[Not completed]
2019-10-04 06:30:14,751 [pool-393-thread-1] INFO  impl.RaftServerImpl (RaftServerImpl.java:<init>(95)) - 8ed780ea-22a2-4102-ada8-ecc3c5c80975: new RaftServerImpl for group-7D8789CDB2DB:[8ed780ea-22a2-4102-ada8-ecc3c5c80975:192.168.151.69:33231] with ContainerStateMachine:uninitialized
2019-10-04 06:30:14,752 [pool-393-thread-1] INFO  server.RaftServerConfigKeys (ConfUtils.java:logGet(43)) - raft.server.rpc.timeout.min = 5s (custom)
2019-10-04 06:30:14,752 [pool-393-thread-1] INFO  server.RaftServerConfigKeys (ConfUtils.java:logGet(43)) - raft.server.rpc.timeout.max = 5200ms (custom)
2019-10-04 06:30:14,752 [pool-393-thread-1] INFO  server.RaftServerConfigKeys (ConfUtils.java:logGet(43)) - raft.server.rpcslowness.timeout = 120s (custom)
2019-10-04 06:30:14,752 [pool-393-thread-1] INFO  server.RaftServerConfigKeys (ConfUtils.java:logGet(43)) - raft.server.sleep.deviation.threshold = 300 (default)
2019-10-04 06:30:14,752 [pool-393-thread-1] INFO  server.RaftServerConfigKeys (ConfUtils.java:logGet(43)) - raft.server.log.appender.install.snapshot.enabled = false (custom)
2019-10-04 06:30:14,752 [pool-393-thread-1] INFO  impl.RaftServerImpl (ServerState.java:<init>(103)) - 8ed780ea-22a2-4102-ada8-ecc3c5c80975@group-7D8789CDB2DB: ConfigurationManager, init=-1: [8ed780ea-22a2-4102-ada8-ecc3c5c80975:192.168.151.69:33231], old=null, confs=<EMPTY_MAP>
2019-10-04 06:30:14,752 [pool-393-thread-1] INFO  server.RaftServerConfigKeys (ConfUtils.java:logGet(43)) - raft.server.storage.dir = [/workdir/hadoop-ozone/integration-test/target/test-dir/MiniOzoneClusterImpl-8f4f3c31-9c02-4063-b450-3f421a489ced/datanode-1/data/ratis] (custom)
2019-10-04 06:30:14,753 [pool-393-thread-1] INFO  server.RaftServerConfigKeys (ConfUtils.java:logGet(43)) - raft.server.log.corruption.policy = EXCEPTION (default)
2019-10-04 06:30:14,753 [pool-393-thread-1] INFO  storage.RaftStorageDirectory (RaftStorageDirectory.java:analyzeStorage(246)) - The storage directory /workdir/hadoop-ozone/integration-test/target/test-dir/MiniOzoneClusterImpl-8f4f3c31-9c02-4063-b450-3f421a489ced/datanode-1/data/ratis/2123e329-e7f2-43c5-b1f8-7d8789cdb2db does not exist. Creating ...
2019-10-04 06:30:14,764 [pool-393-thread-1] INFO  storage.RaftStorageDirectory (RaftStorageDirectory.java:tryLock(328)) - Lock on /workdir/hadoop-ozone/integration-test/target/test-dir/MiniOzoneClusterImpl-8f4f3c31-9c02-4063-b450-3f421a489ced/datanode-1/data/ratis/2123e329-e7f2-43c5-b1f8-7d8789cdb2db/in_use.lock acquired by nodename 21365@trunk-nightly-20191004-lpvmn-70278721
2019-10-04 06:30:14,767 [pool-393-thread-1] INFO  storage.RaftStorage (RaftStorage.java:format(84)) - Storage directory /workdir/hadoop-ozone/integration-test/target/test-dir/MiniOzoneClusterImpl-8f4f3c31-9c02-4063-b450-3f421a489ced/datanode-1/data/ratis/2123e329-e7f2-43c5-b1f8-7d8789cdb2db has been successfully formatted.
2019-10-04 06:30:14,767 [pool-393-thread-1] INFO  ratis.ContainerStateMachine (ContainerStateMachine.java:loadSnapshot(230)) - group-7D8789CDB2DB: The snapshot info is null. Setting the last applied indexto:(t:0, i:~)
2019-10-04 06:30:14,767 [pool-393-thread-1] INFO  server.RaftServerConfigKeys (ConfUtils.java:logGet(43)) - raft.server.notification.no-leader.timeout = 120s (custom)
2019-10-04 06:30:14,767 [pool-393-thread-1] INFO  server.RaftServerConfigKeys (ConfUtils.java:logGet(43)) - raft.server.log.use.memory = false (default)
2019-10-04 06:30:14,767 [pool-393-thread-1] INFO  server.RaftServerConfigKeys (ConfUtils.java:logGet(43)) - raft.server.log.purge.gap = 1000000 (custom)
2019-10-04 06:30:14,767 [pool-393-thread-1] INFO  server.RaftServerConfigKeys (ConfUtils.java:logGet(43)) - raft.server.log.appender.buffer.byte-limit = 33554432 (custom)
2019-10-04 06:30:14,768 [pool-393-thread-1] INFO  server.RaftServerConfigKeys (ConfUtils.java:logGet(43)) - raft.server.log.segment.size.max = 1048576 (custom)
2019-10-04 06:30:14,769 [pool-393-thread-1] INFO  server.RaftServerConfigKeys (ConfUtils.java:logGet(43)) - raft.server.log.segment.cache.num.max = 2 (custom)
2019-10-04 06:30:14,769 [pool-393-thread-1] INFO  segmented.SegmentedRaftLogWorker (SegmentedRaftLogWorker.java:<init>(173)) - new 8ed780ea-22a2-4102-ada8-ecc3c5c80975@group-7D8789CDB2DB-SegmentedRaftLogWorker for RaftStorage:Storage Directory /workdir/hadoop-ozone/integration-test/target/test-dir/MiniOzoneClusterImpl-8f4f3c31-9c02-4063-b450-3f421a489ced/datanode-1/data/ratis/2123e329-e7f2-43c5-b1f8-7d8789cdb2db
2019-10-04 06:30:14,769 [pool-393-thread-1] INFO  server.RaftServerConfigKeys (ConfUtils.java:logGet(43)) - raft.server.log.queue.byte-limit = 2147483647 (custom)
2019-10-04 06:30:14,769 [pool-393-thread-1] INFO  server.RaftServerConfigKeys (ConfUtils.java:logGet(43)) - raft.server.log.queue.element-limit = 1024 (custom)
2019-10-04 06:30:14,769 [pool-393-thread-1] INFO  server.RaftServerConfigKeys (ConfUtils.java:logGet(43)) - raft.server.log.segment.size.max = 1048576 (custom)
2019-10-04 06:30:14,769 [pool-393-thread-1] INFO  server.RaftServerConfigKeys (ConfUtils.java:logGet(43)) - raft.server.log.preallocated.size = 16384 (custom)
2019-10-04 06:30:14,769 [pool-393-thread-1] INFO  server.RaftServerConfigKeys (ConfUtils.java:logGet(43)) - raft.server.log.write.buffer.size = 33554432 (custom)
2019-10-04 06:30:14,769 [pool-393-thread-1] INFO  server.RaftServerConfigKeys (ConfUtils.java:logGet(43)) - raft.server.log.force.sync.num = 128 (default)
2019-10-04 06:30:14,769 [pool-393-thread-1] INFO  server.RaftServerConfigKeys (ConfUtils.java:logGet(43)) - raft.server.log.statemachine.data.sync = true (default)
2019-10-04 06:30:14,770 [pool-393-thread-1] INFO  server.RaftServerConfigKeys (ConfUtils.java:logGet(43)) - raft.server.log.statemachine.data.sync.timeout = 10s (default)
2019-10-04 06:30:14,770 [pool-393-thread-1] INFO  server.RaftServerConfigKeys (ConfUtils.java:logGet(43)) - raft.server.log.statemachine.data.sync.timeout.retry = -1 (default)
2019-10-04 06:30:14,770 [pool-393-thread-1] INFO  server.RaftServerConfigKeys (ConfUtils.java:logGet(43)) - raft.server.log.statemachine.data.caching.enabled = true (custom)
2019-10-04 06:30:14,770 [pool-393-thread-1] INFO  segmented.SegmentedRaftLogWorker (SegmentedRaftLogWorker.java:lambda$new$0(128)) - 8ed780ea-22a2-4102-ada8-ecc3c5c80975@group-7D8789CDB2DB-SegmentedRaftLogWorker: flushIndex: setUnconditionally 0 -> -1
2019-10-04 06:30:14,770 [pool-393-thread-1] INFO  server.RaftServerConfigKeys (ConfUtils.java:logGet(43)) - raft.server.snapshot.auto.trigger.enabled = true (custom)
2019-10-04 06:30:14,770 [pool-393-thread-1] INFO  server.RaftServerConfigKeys (ConfUtils.java:logGet(43)) - raft.server.snapshot.auto.trigger.threshold = 10000 (custom)
2019-10-04 06:30:14,771 [pool-393-thread-1] INFO  server.RaftServerConfigKeys (ConfUtils.java:logGet(43)) - raft.server.snapshot.retention.file.num = 5 (custom)
2019-10-04 06:30:14,771 [pool-393-thread-1] INFO  server.RaftServerConfigKeys (ConfUtils.java:logGet(43)) - raft.server.retrycache.expirytime = 600000ms (custom)
2019-10-04 06:30:14,772 [pool-393-thread-1] INFO  impl.RaftServerImpl (RaftServerImpl.java:start(181)) - 8ed780ea-22a2-4102-ada8-ecc3c5c80975@group-7D8789CDB2DB: start as a follower, conf=-1: [8ed780ea-22a2-4102-ada8-ecc3c5c80975:192.168.151.69:33231], old=null
2019-10-04 06:30:14,772 [pool-393-thread-1] INFO  impl.RaftServerImpl (RaftServerImpl.java:setRole(170)) - 8ed780ea-22a2-4102-ada8-ecc3c5c80975@group-7D8789CDB2DB: changes role from      null to FOLLOWER at term 0 for startAsFollower
2019-10-04 06:30:14,772 [pool-393-thread-1] INFO  impl.RoleInfo (RoleInfo.java:updateAndGet(143)) - 8ed780ea-22a2-4102-ada8-ecc3c5c80975: start FollowerState
2019-10-04 06:30:14,772 [pool-393-thread-1] INFO  util.JmxRegister (JmxRegister.java:tryRegister(44)) - Successfully registered JMX Bean with object name Ratis:service=RaftServer,group=group-7D8789CDB2DB,id=8ed780ea-22a2-4102-ada8-ecc3c5c80975
2019-10-04 06:30:14,781 [RatisPipelineUtilsThread] INFO  pipeline.PipelineStateManager (PipelineStateManager.java:addPipeline(56)) - Created pipeline Pipeline[ Id: 2123e329-e7f2-43c5-b1f8-7d8789cdb2db, Nodes: 8ed780ea-22a2-4102-ada8-ecc3c5c80975{ip: 192.168.151.69, host: trunk-nightly-20191004-lpvmn-70278721, networkLocation: /default-rack, certSerialId: null}, Type:RATIS, Factor:ONE, State:OPEN]
2019-10-04 06:30:14,825 [IPC Server handler 9 on 33802] INFO  net.NetworkTopology (NetworkTopologyImpl.java:add(111)) - Added a new node: /default-rack/9d630184-749b-41e4-9c8c-2fff765cb0bb
2019-10-04 06:30:14,826 [IPC Server handler 9 on 33802] INFO  node.SCMNodeManager (SCMNodeManager.java:register(266)) - Registered Data node : 9d630184-749b-41e4-9c8c-2fff765cb0bb{ip: 192.168.151.69, host: trunk-nightly-20191004-lpvmn-70278721, networkLocation: /default-rack, certSerialId: null}
2019-10-04 06:30:14,836 [grpc-default-executor-7] INFO  impl.RaftServerProxy (RaftServerProxy.java:addNew(89)) - 9d630184-749b-41e4-9c8c-2fff765cb0bb: addNew group-30259D4F4ECA:[9d630184-749b-41e4-9c8c-2fff765cb0bb:192.168.151.69:38372] returns group-30259D4F4ECA:java.util.concurrent.CompletableFuture@589fb075[Not completed]
2019-10-04 06:30:14,838 [pool-403-thread-1] INFO  impl.RaftServerImpl (RaftServerImpl.java:<init>(95)) - 9d630184-749b-41e4-9c8c-2fff765cb0bb: new RaftServerImpl for group-30259D4F4ECA:[9d630184-749b-41e4-9c8c-2fff765cb0bb:192.168.151.69:38372] with ContainerStateMachine:uninitialized
2019-10-04 06:30:14,838 [pool-403-thread-1] INFO  server.RaftServerConfigKeys (ConfUtils.java:logGet(43)) - raft.server.rpc.timeout.min = 5s (custom)
2019-10-04 06:30:14,838 [pool-403-thread-1] INFO  server.RaftServerConfigKeys (ConfUtils.java:logGet(43)) - raft.server.rpc.timeout.max = 5200ms (custom)
2019-10-04 06:30:14,838 [pool-403-thread-1] INFO  server.RaftServerConfigKeys (ConfUtils.java:logGet(43)) - raft.server.rpcslowness.timeout = 120s (custom)
2019-10-04 06:30:14,838 [pool-403-thread-1] INFO  server.RaftServerConfigKeys (ConfUtils.java:logGet(43)) - raft.server.sleep.deviation.threshold = 300 (default)
2019-10-04 06:30:14,838 [pool-403-thread-1] INFO  server.RaftServerConfigKeys (ConfUtils.java:logGet(43)) - raft.server.log.appender.install.snapshot.enabled = false (custom)
2019-10-04 06:30:14,839 [pool-403-thread-1] INFO  impl.RaftServerImpl (ServerState.java:<init>(103)) - 9d630184-749b-41e4-9c8c-2fff765cb0bb@group-30259D4F4ECA: ConfigurationManager, init=-1: [9d630184-749b-41e4-9c8c-2fff765cb0bb:192.168.151.69:38372], old=null, confs=<EMPTY_MAP>
2019-10-04 06:30:14,839 [pool-403-thread-1] INFO  server.RaftServerConfigKeys (ConfUtils.java:logGet(43)) - raft.server.storage.dir = [/workdir/hadoop-ozone/integration-test/target/test-dir/MiniOzoneClusterImpl-8f4f3c31-9c02-4063-b450-3f421a489ced/datanode-2/data/ratis] (custom)
2019-10-04 06:30:14,839 [pool-403-thread-1] INFO  server.RaftServerConfigKeys (ConfUtils.java:logGet(43)) - raft.server.log.corruption.policy = EXCEPTION (default)
2019-10-04 06:30:14,839 [pool-403-thread-1] INFO  storage.RaftStorageDirectory (RaftStorageDirectory.java:analyzeStorage(246)) - The storage directory /workdir/hadoop-ozone/integration-test/target/test-dir/MiniOzoneClusterImpl-8f4f3c31-9c02-4063-b450-3f421a489ced/datanode-2/data/ratis/20557456-68f1-498f-8b50-30259d4f4eca does not exist. Creating ...
2019-10-04 06:30:14,851 [pool-403-thread-1] INFO  storage.RaftStorageDirectory (RaftStorageDirectory.java:tryLock(328)) - Lock on /workdir/hadoop-ozone/integration-test/target/test-dir/MiniOzoneClusterImpl-8f4f3c31-9c02-4063-b450-3f421a489ced/datanode-2/data/ratis/20557456-68f1-498f-8b50-30259d4f4eca/in_use.lock acquired by nodename 21365@trunk-nightly-20191004-lpvmn-70278721
2019-10-04 06:30:14,854 [pool-403-thread-1] INFO  storage.RaftStorage (RaftStorage.java:format(84)) - Storage directory /workdir/hadoop-ozone/integration-test/target/test-dir/MiniOzoneClusterImpl-8f4f3c31-9c02-4063-b450-3f421a489ced/datanode-2/data/ratis/20557456-68f1-498f-8b50-30259d4f4eca has been successfully formatted.
2019-10-04 06:30:14,854 [pool-403-thread-1] INFO  ratis.ContainerStateMachine (ContainerStateMachine.java:loadSnapshot(230)) - group-30259D4F4ECA: The snapshot info is null. Setting the last applied indexto:(t:0, i:~)
2019-10-04 06:30:14,854 [pool-403-thread-1] INFO  server.RaftServerConfigKeys (ConfUtils.java:logGet(43)) - raft.server.notification.no-leader.timeout = 120s (custom)
2019-10-04 06:30:14,854 [pool-403-thread-1] INFO  server.RaftServerConfigKeys (ConfUtils.java:logGet(43)) - raft.server.log.use.memory = false (default)
2019-10-04 06:30:14,855 [pool-403-thread-1] INFO  server.RaftServerConfigKeys (ConfUtils.java:logGet(43)) - raft.server.log.purge.gap = 1000000 (custom)
2019-10-04 06:30:14,855 [pool-403-thread-1] INFO  server.RaftServerConfigKeys (ConfUtils.java:logGet(43)) - raft.server.log.appender.buffer.byte-limit = 33554432 (custom)
2019-10-04 06:30:14,855 [pool-403-thread-1] INFO  server.RaftServerConfigKeys (ConfUtils.java:logGet(43)) - raft.server.log.segment.size.max = 1048576 (custom)
2019-10-04 06:30:14,857 [pool-403-thread-1] INFO  server.RaftServerConfigKeys (ConfUtils.java:logGet(43)) - raft.server.log.segment.cache.num.max = 2 (custom)
2019-10-04 06:30:14,857 [pool-403-thread-1] INFO  segmented.SegmentedRaftLogWorker (SegmentedRaftLogWorker.java:<init>(173)) - new 9d630184-749b-41e4-9c8c-2fff765cb0bb@group-30259D4F4ECA-SegmentedRaftLogWorker for RaftStorage:Storage Directory /workdir/hadoop-ozone/integration-test/target/test-dir/MiniOzoneClusterImpl-8f4f3c31-9c02-4063-b450-3f421a489ced/datanode-2/data/ratis/20557456-68f1-498f-8b50-30259d4f4eca
2019-10-04 06:30:14,857 [pool-403-thread-1] INFO  server.RaftServerConfigKeys (ConfUtils.java:logGet(43)) - raft.server.log.queue.byte-limit = 2147483647 (custom)
2019-10-04 06:30:14,857 [pool-403-thread-1] INFO  server.RaftServerConfigKeys (ConfUtils.java:logGet(43)) - raft.server.log.queue.element-limit = 1024 (custom)
2019-10-04 06:30:14,857 [pool-403-thread-1] INFO  server.RaftServerConfigKeys (ConfUtils.java:logGet(43)) - raft.server.log.segment.size.max = 1048576 (custom)
2019-10-04 06:30:14,857 [pool-403-thread-1] INFO  server.RaftServerConfigKeys (ConfUtils.java:logGet(43)) - raft.server.log.preallocated.size = 16384 (custom)
2019-10-04 06:30:14,857 [pool-403-thread-1] INFO  server.RaftServerConfigKeys (ConfUtils.java:logGet(43)) - raft.server.log.write.buffer.size = 33554432 (custom)
2019-10-04 06:30:14,857 [pool-403-thread-1] INFO  server.RaftServerConfigKeys (ConfUtils.java:logGet(43)) - raft.server.log.force.sync.num = 128 (default)
2019-10-04 06:30:14,858 [pool-403-thread-1] INFO  server.RaftServerConfigKeys (ConfUtils.java:logGet(43)) - raft.server.log.statemachine.data.sync = true (default)
2019-10-04 06:30:14,858 [pool-403-thread-1] INFO  server.RaftServerConfigKeys (ConfUtils.java:logGet(43)) - raft.server.log.statemachine.data.sync.timeout = 10s (default)
2019-10-04 06:30:14,858 [pool-403-thread-1] INFO  server.RaftServerConfigKeys (ConfUtils.java:logGet(43)) - raft.server.log.statemachine.data.sync.timeout.retry = -1 (default)
2019-10-04 06:30:14,858 [pool-403-thread-1] INFO  server.RaftServerConfigKeys (ConfUtils.java:logGet(43)) - raft.server.log.statemachine.data.caching.enabled = true (custom)
2019-10-04 06:30:14,858 [pool-403-thread-1] INFO  segmented.SegmentedRaftLogWorker (SegmentedRaftLogWorker.java:lambda$new$0(128)) - 9d630184-749b-41e4-9c8c-2fff765cb0bb@group-30259D4F4ECA-SegmentedRaftLogWorker: flushIndex: setUnconditionally 0 -> -1
2019-10-04 06:30:14,859 [pool-403-thread-1] INFO  server.RaftServerConfigKeys (ConfUtils.java:logGet(43)) - raft.server.snapshot.auto.trigger.enabled = true (custom)
2019-10-04 06:30:14,859 [pool-403-thread-1] INFO  server.RaftServerConfigKeys (ConfUtils.java:logGet(43)) - raft.server.snapshot.auto.trigger.threshold = 10000 (custom)
2019-10-04 06:30:14,859 [pool-403-thread-1] INFO  server.RaftServerConfigKeys (ConfUtils.java:logGet(43)) - raft.server.snapshot.retention.file.num = 5 (custom)
2019-10-04 06:30:14,859 [pool-403-thread-1] INFO  server.RaftServerConfigKeys (ConfUtils.java:logGet(43)) - raft.server.retrycache.expirytime = 600000ms (custom)
2019-10-04 06:30:14,860 [pool-403-thread-1] INFO  impl.RaftServerImpl (RaftServerImpl.java:start(181)) - 9d630184-749b-41e4-9c8c-2fff765cb0bb@group-30259D4F4ECA: start as a follower, conf=-1: [9d630184-749b-41e4-9c8c-2fff765cb0bb:192.168.151.69:38372], old=null
2019-10-04 06:30:14,861 [pool-403-thread-1] INFO  impl.RaftServerImpl (RaftServerImpl.java:setRole(170)) - 9d630184-749b-41e4-9c8c-2fff765cb0bb@group-30259D4F4ECA: changes role from      null to FOLLOWER at term 0 for startAsFollower
2019-10-04 06:30:14,861 [pool-403-thread-1] INFO  impl.RoleInfo (RoleInfo.java:updateAndGet(143)) - 9d630184-749b-41e4-9c8c-2fff765cb0bb: start FollowerState
2019-10-04 06:30:14,861 [pool-403-thread-1] INFO  util.JmxRegister (JmxRegister.java:tryRegister(44)) - Successfully registered JMX Bean with object name Ratis:service=RaftServer,group=group-30259D4F4ECA,id=9d630184-749b-41e4-9c8c-2fff765cb0bb
2019-10-04 06:30:14,870 [RatisPipelineUtilsThread] INFO  pipeline.PipelineStateManager (PipelineStateManager.java:addPipeline(56)) - Created pipeline Pipeline[ Id: 20557456-68f1-498f-8b50-30259d4f4eca, Nodes: 9d630184-749b-41e4-9c8c-2fff765cb0bb{ip: 192.168.151.69, host: trunk-nightly-20191004-lpvmn-70278721, networkLocation: /default-rack, certSerialId: null}, Type:RATIS, Factor:ONE, State:OPEN]
2019-10-04 06:30:14,889 [grpc-default-executor-3] INFO  impl.RaftServerProxy (RaftServerProxy.java:addNew(89)) - 8ed780ea-22a2-4102-ada8-ecc3c5c80975: addNew group-9B2C26036B56:[8ed780ea-22a2-4102-ada8-ecc3c5c80975:192.168.151.69:33231, 9d630184-749b-41e4-9c8c-2fff765cb0bb:192.168.151.69:38372, 64d95ac8-37cd-4bae-8003-3f5227b2144b:192.168.151.69:42282] returns group-9B2C26036B56:java.util.concurrent.CompletableFuture@3e09d783[Not completed]
2019-10-04 06:30:14,889 [grpc-default-executor-2] INFO  impl.RaftServerProxy (RaftServerProxy.java:addNew(89)) - 64d95ac8-37cd-4bae-8003-3f5227b2144b: addNew group-9B2C26036B56:[8ed780ea-22a2-4102-ada8-ecc3c5c80975:192.168.151.69:33231, 9d630184-749b-41e4-9c8c-2fff765cb0bb:192.168.151.69:38372, 64d95ac8-37cd-4bae-8003-3f5227b2144b:192.168.151.69:42282] returns group-9B2C26036B56:java.util.concurrent.CompletableFuture@c49fb78[Not completed]
2019-10-04 06:30:14,889 [grpc-default-executor-2] INFO  impl.RaftServerProxy (RaftServerProxy.java:addNew(89)) - 9d630184-749b-41e4-9c8c-2fff765cb0bb: addNew group-9B2C26036B56:[8ed780ea-22a2-4102-ada8-ecc3c5c80975:192.168.151.69:33231, 9d630184-749b-41e4-9c8c-2fff765cb0bb:192.168.151.69:38372, 64d95ac8-37cd-4bae-8003-3f5227b2144b:192.168.151.69:42282] returns group-9B2C26036B56:java.util.concurrent.CompletableFuture@23947f1e[Not completed]
2019-10-04 06:30:14,890 [pool-393-thread-1] INFO  impl.RaftServerImpl (RaftServerImpl.java:<init>(95)) - 8ed780ea-22a2-4102-ada8-ecc3c5c80975: new RaftServerImpl for group-9B2C26036B56:[8ed780ea-22a2-4102-ada8-ecc3c5c80975:192.168.151.69:33231, 9d630184-749b-41e4-9c8c-2fff765cb0bb:192.168.151.69:38372, 64d95ac8-37cd-4bae-8003-3f5227b2144b:192.168.151.69:42282] with ContainerStateMachine:uninitialized
2019-10-04 06:30:14,890 [pool-393-thread-1] INFO  server.RaftServerConfigKeys (ConfUtils.java:logGet(43)) - raft.server.rpc.timeout.min = 5s (custom)
2019-10-04 06:30:14,890 [pool-393-thread-1] INFO  server.RaftServerConfigKeys (ConfUtils.java:logGet(43)) - raft.server.rpc.timeout.max = 5200ms (custom)
2019-10-04 06:30:14,891 [pool-393-thread-1] INFO  server.RaftServerConfigKeys (ConfUtils.java:logGet(43)) - raft.server.rpcslowness.timeout = 120s (custom)
2019-10-04 06:30:14,891 [pool-393-thread-1] INFO  server.RaftServerConfigKeys (ConfUtils.java:logGet(43)) - raft.server.sleep.deviation.threshold = 300 (default)
2019-10-04 06:30:14,891 [pool-403-thread-1] INFO  impl.RaftServerImpl (RaftServerImpl.java:<init>(95)) - 9d630184-749b-41e4-9c8c-2fff765cb0bb: new RaftServerImpl for group-9B2C26036B56:[8ed780ea-22a2-4102-ada8-ecc3c5c80975:192.168.151.69:33231, 9d630184-749b-41e4-9c8c-2fff765cb0bb:192.168.151.69:38372, 64d95ac8-37cd-4bae-8003-3f5227b2144b:192.168.151.69:42282] with ContainerStateMachine:uninitialized
2019-10-04 06:30:14,891 [pool-393-thread-1] INFO  server.RaftServerConfigKeys (ConfUtils.java:logGet(43)) - raft.server.log.appender.install.snapshot.enabled = false (custom)
2019-10-04 06:30:14,891 [pool-403-thread-1] INFO  server.RaftServerConfigKeys (ConfUtils.java:logGet(43)) - raft.server.rpc.timeout.min = 5s (custom)
2019-10-04 06:30:14,891 [pool-393-thread-1] INFO  impl.RaftServerImpl (ServerState.java:<init>(103)) - 8ed780ea-22a2-4102-ada8-ecc3c5c80975@group-9B2C26036B56: ConfigurationManager, init=-1: [8ed780ea-22a2-4102-ada8-ecc3c5c80975:192.168.151.69:33231, 9d630184-749b-41e4-9c8c-2fff765cb0bb:192.168.151.69:38372, 64d95ac8-37cd-4bae-8003-3f5227b2144b:192.168.151.69:42282], old=null, confs=<EMPTY_MAP>
2019-10-04 06:30:14,891 [pool-403-thread-1] INFO  server.RaftServerConfigKeys (ConfUtils.java:logGet(43)) - raft.server.rpc.timeout.max = 5200ms (custom)
2019-10-04 06:30:14,891 [pool-393-thread-1] INFO  server.RaftServerConfigKeys (ConfUtils.java:logGet(43)) - raft.server.storage.dir = [/workdir/hadoop-ozone/integration-test/target/test-dir/MiniOzoneClusterImpl-8f4f3c31-9c02-4063-b450-3f421a489ced/datanode-1/data/ratis] (custom)
2019-10-04 06:30:14,892 [pool-383-thread-1] INFO  impl.RaftServerImpl (RaftServerImpl.java:<init>(95)) - 64d95ac8-37cd-4bae-8003-3f5227b2144b: new RaftServerImpl for group-9B2C26036B56:[8ed780ea-22a2-4102-ada8-ecc3c5c80975:192.168.151.69:33231, 9d630184-749b-41e4-9c8c-2fff765cb0bb:192.168.151.69:38372, 64d95ac8-37cd-4bae-8003-3f5227b2144b:192.168.151.69:42282] with ContainerStateMachine:uninitialized
2019-10-04 06:30:14,891 [pool-403-thread-1] INFO  server.RaftServerConfigKeys (ConfUtils.java:logGet(43)) - raft.server.rpcslowness.timeout = 120s (custom)
2019-10-04 06:30:14,892 [pool-393-thread-1] INFO  server.RaftServerConfigKeys (ConfUtils.java:logGet(43)) - raft.server.log.corruption.policy = EXCEPTION (default)
2019-10-04 06:30:14,892 [pool-383-thread-1] INFO  server.RaftServerConfigKeys (ConfUtils.java:logGet(43)) - raft.server.rpc.timeout.min = 5s (custom)
2019-10-04 06:30:14,892 [pool-393-thread-1] INFO  storage.RaftStorageDirectory (RaftStorageDirectory.java:analyzeStorage(246)) - The storage directory /workdir/hadoop-ozone/integration-test/target/test-dir/MiniOzoneClusterImpl-8f4f3c31-9c02-4063-b450-3f421a489ced/datanode-1/data/ratis/46414f12-ce13-44aa-b5e0-9b2c26036b56 does not exist. Creating ...
2019-10-04 06:30:14,892 [pool-403-thread-1] INFO  server.RaftServerConfigKeys (ConfUtils.java:logGet(43)) - raft.server.sleep.deviation.threshold = 300 (default)
2019-10-04 06:30:14,892 [pool-383-thread-1] INFO  server.RaftServerConfigKeys (ConfUtils.java:logGet(43)) - raft.server.rpc.timeout.max = 5200ms (custom)
2019-10-04 06:30:14,892 [pool-403-thread-1] INFO  server.RaftServerConfigKeys (ConfUtils.java:logGet(43)) - raft.server.log.appender.install.snapshot.enabled = false (custom)
2019-10-04 06:30:14,893 [pool-383-thread-1] INFO  server.RaftServerConfigKeys (ConfUtils.java:logGet(43)) - raft.server.rpcslowness.timeout = 120s (custom)
2019-10-04 06:30:14,893 [pool-403-thread-1] INFO  impl.RaftServerImpl (ServerState.java:<init>(103)) - 9d630184-749b-41e4-9c8c-2fff765cb0bb@group-9B2C26036B56: ConfigurationManager, init=-1: [8ed780ea-22a2-4102-ada8-ecc3c5c80975:192.168.151.69:33231, 9d630184-749b-41e4-9c8c-2fff765cb0bb:192.168.151.69:38372, 64d95ac8-37cd-4bae-8003-3f5227b2144b:192.168.151.69:42282], old=null, confs=<EMPTY_MAP>
2019-10-04 06:30:14,893 [pool-383-thread-1] INFO  server.RaftServerConfigKeys (ConfUtils.java:logGet(43)) - raft.server.sleep.deviation.threshold = 300 (default)
2019-10-04 06:30:14,893 [pool-403-thread-1] INFO  server.RaftServerConfigKeys (ConfUtils.java:logGet(43)) - raft.server.storage.dir = [/workdir/hadoop-ozone/integration-test/target/test-dir/MiniOzoneClusterImpl-8f4f3c31-9c02-4063-b450-3f421a489ced/datanode-2/data/ratis] (custom)
2019-10-04 06:30:14,893 [pool-383-thread-1] INFO  server.RaftServerConfigKeys (ConfUtils.java:logGet(43)) - raft.server.log.appender.install.snapshot.enabled = false (custom)
2019-10-04 06:30:14,893 [pool-403-thread-1] INFO  server.RaftServerConfigKeys (ConfUtils.java:logGet(43)) - raft.server.log.corruption.policy = EXCEPTION (default)
2019-10-04 06:30:14,893 [pool-383-thread-1] INFO  impl.RaftServerImpl (ServerState.java:<init>(103)) - 64d95ac8-37cd-4bae-8003-3f5227b2144b@group-9B2C26036B56: ConfigurationManager, init=-1: [8ed780ea-22a2-4102-ada8-ecc3c5c80975:192.168.151.69:33231, 9d630184-749b-41e4-9c8c-2fff765cb0bb:192.168.151.69:38372, 64d95ac8-37cd-4bae-8003-3f5227b2144b:192.168.151.69:42282], old=null, confs=<EMPTY_MAP>
2019-10-04 06:30:14,893 [pool-403-thread-1] INFO  storage.RaftStorageDirectory (RaftStorageDirectory.java:analyzeStorage(246)) - The storage directory /workdir/hadoop-ozone/integration-test/target/test-dir/MiniOzoneClusterImpl-8f4f3c31-9c02-4063-b450-3f421a489ced/datanode-2/data/ratis/46414f12-ce13-44aa-b5e0-9b2c26036b56 does not exist. Creating ...
2019-10-04 06:30:14,894 [pool-383-thread-1] INFO  server.RaftServerConfigKeys (ConfUtils.java:logGet(43)) - raft.server.storage.dir = [/workdir/hadoop-ozone/integration-test/target/test-dir/MiniOzoneClusterImpl-8f4f3c31-9c02-4063-b450-3f421a489ced/datanode-0/data/ratis] (custom)
2019-10-04 06:30:14,894 [pool-383-thread-1] INFO  server.RaftServerConfigKeys (ConfUtils.java:logGet(43)) - raft.server.log.corruption.policy = EXCEPTION (default)
2019-10-04 06:30:14,894 [pool-383-thread-1] INFO  storage.RaftStorageDirectory (RaftStorageDirectory.java:analyzeStorage(246)) - The storage directory /workdir/hadoop-ozone/integration-test/target/test-dir/MiniOzoneClusterImpl-8f4f3c31-9c02-4063-b450-3f421a489ced/datanode-0/data/ratis/46414f12-ce13-44aa-b5e0-9b2c26036b56 does not exist. Creating ...
2019-10-04 06:30:14,906 [pool-383-thread-1] INFO  storage.RaftStorageDirectory (RaftStorageDirectory.java:tryLock(328)) - Lock on /workdir/hadoop-ozone/integration-test/target/test-dir/MiniOzoneClusterImpl-8f4f3c31-9c02-4063-b450-3f421a489ced/datanode-0/data/ratis/46414f12-ce13-44aa-b5e0-9b2c26036b56/in_use.lock acquired by nodename 21365@trunk-nightly-20191004-lpvmn-70278721
2019-10-04 06:30:14,906 [pool-393-thread-1] INFO  storage.RaftStorageDirectory (RaftStorageDirectory.java:tryLock(328)) - Lock on /workdir/hadoop-ozone/integration-test/target/test-dir/MiniOzoneClusterImpl-8f4f3c31-9c02-4063-b450-3f421a489ced/datanode-1/data/ratis/46414f12-ce13-44aa-b5e0-9b2c26036b56/in_use.lock acquired by nodename 21365@trunk-nightly-20191004-lpvmn-70278721
2019-10-04 06:30:14,906 [pool-403-thread-1] INFO  storage.RaftStorageDirectory (RaftStorageDirectory.java:tryLock(328)) - Lock on /workdir/hadoop-ozone/integration-test/target/test-dir/MiniOzoneClusterImpl-8f4f3c31-9c02-4063-b450-3f421a489ced/datanode-2/data/ratis/46414f12-ce13-44aa-b5e0-9b2c26036b56/in_use.lock acquired by nodename 21365@trunk-nightly-20191004-lpvmn-70278721
2019-10-04 06:30:14,920 [pool-383-thread-1] INFO  storage.RaftStorage (RaftStorage.java:format(84)) - Storage directory /workdir/hadoop-ozone/integration-test/target/test-dir/MiniOzoneClusterImpl-8f4f3c31-9c02-4063-b450-3f421a489ced/datanode-0/data/ratis/46414f12-ce13-44aa-b5e0-9b2c26036b56 has been successfully formatted.
2019-10-04 06:30:14,920 [pool-393-thread-1] INFO  storage.RaftStorage (RaftStorage.java:format(84)) - Storage directory /workdir/hadoop-ozone/integration-test/target/test-dir/MiniOzoneClusterImpl-8f4f3c31-9c02-4063-b450-3f421a489ced/datanode-1/data/ratis/46414f12-ce13-44aa-b5e0-9b2c26036b56 has been successfully formatted.
2019-10-04 06:30:14,920 [pool-383-thread-1] INFO  ratis.ContainerStateMachine (ContainerStateMachine.java:loadSnapshot(230)) - group-9B2C26036B56: The snapshot info is null. Setting the last applied indexto:(t:0, i:~)
2019-10-04 06:30:14,920 [pool-403-thread-1] INFO  storage.RaftStorage (RaftStorage.java:format(84)) - Storage directory /workdir/hadoop-ozone/integration-test/target/test-dir/MiniOzoneClusterImpl-8f4f3c31-9c02-4063-b450-3f421a489ced/datanode-2/data/ratis/46414f12-ce13-44aa-b5e0-9b2c26036b56 has been successfully formatted.
2019-10-04 06:30:14,921 [pool-383-thread-1] INFO  server.RaftServerConfigKeys (ConfUtils.java:logGet(43)) - raft.server.notification.no-leader.timeout = 120s (custom)
2019-10-04 06:30:14,921 [pool-403-thread-1] INFO  ratis.ContainerStateMachine (ContainerStateMachine.java:loadSnapshot(230)) - group-9B2C26036B56: The snapshot info is null. Setting the last applied indexto:(t:0, i:~)
2019-10-04 06:30:14,921 [pool-383-thread-1] INFO  server.RaftServerConfigKeys (ConfUtils.java:logGet(43)) - raft.server.log.use.memory = false (default)
2019-10-04 06:30:14,921 [pool-393-thread-1] INFO  ratis.ContainerStateMachine (ContainerStateMachine.java:loadSnapshot(230)) - group-9B2C26036B56: The snapshot info is null. Setting the last applied indexto:(t:0, i:~)
2019-10-04 06:30:14,921 [pool-403-thread-1] INFO  server.RaftServerConfigKeys (ConfUtils.java:logGet(43)) - raft.server.notification.no-leader.timeout = 120s (custom)
2019-10-04 06:30:14,921 [pool-393-thread-1] INFO  server.RaftServerConfigKeys (ConfUtils.java:logGet(43)) - raft.server.notification.no-leader.timeout = 120s (custom)
2019-10-04 06:30:14,921 [pool-383-thread-1] INFO  server.RaftServerConfigKeys (ConfUtils.java:logGet(43)) - raft.server.log.purge.gap = 1000000 (custom)
2019-10-04 06:30:14,921 [pool-393-thread-1] INFO  server.RaftServerConfigKeys (ConfUtils.java:logGet(43)) - raft.server.log.use.memory = false (default)
2019-10-04 06:30:14,921 [IPC Server handler 10 on 33802] INFO  net.NetworkTopology (NetworkTopologyImpl.java:add(111)) - Added a new node: /default-rack/f1fe510a-7ef2-4d25-8632-c5217ea1eace
2019-10-04 06:30:14,921 [pool-403-thread-1] INFO  server.RaftServerConfigKeys (ConfUtils.java:logGet(43)) - raft.server.log.use.memory = false (default)
2019-10-04 06:30:14,922 [IPC Server handler 10 on 33802] INFO  node.SCMNodeManager (SCMNodeManager.java:register(266)) - Registered Data node : f1fe510a-7ef2-4d25-8632-c5217ea1eace{ip: 192.168.151.69, host: trunk-nightly-20191004-lpvmn-70278721, networkLocation: /default-rack, certSerialId: null}
2019-10-04 06:30:14,922 [pool-393-thread-1] INFO  server.RaftServerConfigKeys (ConfUtils.java:logGet(43)) - raft.server.log.purge.gap = 1000000 (custom)
2019-10-04 06:30:14,922 [pool-383-thread-1] INFO  server.RaftServerConfigKeys (ConfUtils.java:logGet(43)) - raft.server.log.appender.buffer.byte-limit = 33554432 (custom)
2019-10-04 06:30:14,922 [pool-393-thread-1] INFO  server.RaftServerConfigKeys (ConfUtils.java:logGet(43)) - raft.server.log.appender.buffer.byte-limit = 33554432 (custom)
2019-10-04 06:30:14,922 [pool-403-thread-1] INFO  server.RaftServerConfigKeys (ConfUtils.java:logGet(43)) - raft.server.log.purge.gap = 1000000 (custom)
2019-10-04 06:30:14,922 [pool-393-thread-1] INFO  server.RaftServerConfigKeys (ConfUtils.java:logGet(43)) - raft.server.log.segment.size.max = 1048576 (custom)
2019-10-04 06:30:14,922 [pool-383-thread-1] INFO  server.RaftServerConfigKeys (ConfUtils.java:logGet(43)) - raft.server.log.segment.size.max = 1048576 (custom)
2019-10-04 06:30:14,923 [pool-393-thread-1] INFO  server.RaftServerConfigKeys (ConfUtils.java:logGet(43)) - raft.server.log.segment.cache.num.max = 2 (custom)
2019-10-04 06:30:14,923 [pool-403-thread-1] INFO  server.RaftServerConfigKeys (ConfUtils.java:logGet(43)) - raft.server.log.appender.buffer.byte-limit = 33554432 (custom)
2019-10-04 06:30:14,923 [pool-393-thread-1] INFO  segmented.SegmentedRaftLogWorker (SegmentedRaftLogWorker.java:<init>(173)) - new 8ed780ea-22a2-4102-ada8-ecc3c5c80975@group-9B2C26036B56-SegmentedRaftLogWorker for RaftStorage:Storage Directory /workdir/hadoop-ozone/integration-test/target/test-dir/MiniOzoneClusterImpl-8f4f3c31-9c02-4063-b450-3f421a489ced/datanode-1/data/ratis/46414f12-ce13-44aa-b5e0-9b2c26036b56
2019-10-04 06:30:14,923 [pool-383-thread-1] INFO  server.RaftServerConfigKeys (ConfUtils.java:logGet(43)) - raft.server.log.segment.cache.num.max = 2 (custom)
2019-10-04 06:30:14,923 [pool-393-thread-1] INFO  server.RaftServerConfigKeys (ConfUtils.java:logGet(43)) - raft.server.log.queue.byte-limit = 2147483647 (custom)
2019-10-04 06:30:14,923 [pool-403-thread-1] INFO  server.RaftServerConfigKeys (ConfUtils.java:logGet(43)) - raft.server.log.segment.size.max = 1048576 (custom)
2019-10-04 06:30:14,923 [pool-393-thread-1] INFO  server.RaftServerConfigKeys (ConfUtils.java:logGet(43)) - raft.server.log.queue.element-limit = 1024 (custom)
2019-10-04 06:30:14,923 [pool-383-thread-1] INFO  segmented.SegmentedRaftLogWorker (SegmentedRaftLogWorker.java:<init>(173)) - new 64d95ac8-37cd-4bae-8003-3f5227b2144b@group-9B2C26036B56-SegmentedRaftLogWorker for RaftStorage:Storage Directory /workdir/hadoop-ozone/integration-test/target/test-dir/MiniOzoneClusterImpl-8f4f3c31-9c02-4063-b450-3f421a489ced/datanode-0/data/ratis/46414f12-ce13-44aa-b5e0-9b2c26036b56
2019-10-04 06:30:14,924 [pool-393-thread-1] INFO  server.RaftServerConfigKeys (ConfUtils.java:logGet(43)) - raft.server.log.segment.size.max = 1048576 (custom)
2019-10-04 06:30:14,923 [pool-403-thread-1] INFO  server.RaftServerConfigKeys (ConfUtils.java:logGet(43)) - raft.server.log.segment.cache.num.max = 2 (custom)
2019-10-04 06:30:14,924 [pool-393-thread-1] INFO  server.RaftServerConfigKeys (ConfUtils.java:logGet(43)) - raft.server.log.preallocated.size = 16384 (custom)
2019-10-04 06:30:14,924 [pool-383-thread-1] INFO  server.RaftServerConfigKeys (ConfUtils.java:logGet(43)) - raft.server.log.queue.byte-limit = 2147483647 (custom)
2019-10-04 06:30:14,924 [pool-393-thread-1] INFO  server.RaftServerConfigKeys (ConfUtils.java:logGet(43)) - raft.server.log.write.buffer.size = 33554432 (custom)
2019-10-04 06:30:14,924 [pool-403-thread-1] INFO  segmented.SegmentedRaftLogWorker (SegmentedRaftLogWorker.java:<init>(173)) - new 9d630184-749b-41e4-9c8c-2fff765cb0bb@group-9B2C26036B56-SegmentedRaftLogWorker for RaftStorage:Storage Directory /workdir/hadoop-ozone/integration-test/target/test-dir/MiniOzoneClusterImpl-8f4f3c31-9c02-4063-b450-3f421a489ced/datanode-2/data/ratis/46414f12-ce13-44aa-b5e0-9b2c26036b56
2019-10-04 06:30:14,924 [pool-403-thread-1] INFO  server.RaftServerConfigKeys (ConfUtils.java:logGet(43)) - raft.server.log.queue.byte-limit = 2147483647 (custom)
2019-10-04 06:30:14,924 [pool-393-thread-1] INFO  server.RaftServerConfigKeys (ConfUtils.java:logGet(43)) - raft.server.log.force.sync.num = 128 (default)
2019-10-04 06:30:14,924 [pool-383-thread-1] INFO  server.RaftServerConfigKeys (ConfUtils.java:logGet(43)) - raft.server.log.queue.element-limit = 1024 (custom)
2019-10-04 06:30:14,925 [pool-393-thread-1] INFO  server.RaftServerConfigKeys (ConfUtils.java:logGet(43)) - raft.server.log.statemachine.data.sync = true (default)
2019-10-04 06:30:14,925 [pool-403-thread-1] INFO  server.RaftServerConfigKeys (ConfUtils.java:logGet(43)) - raft.server.log.queue.element-limit = 1024 (custom)
2019-10-04 06:30:14,925 [pool-393-thread-1] INFO  server.RaftServerConfigKeys (ConfUtils.java:logGet(43)) - raft.server.log.statemachine.data.sync.timeout = 10s (default)
2019-10-04 06:30:14,925 [pool-383-thread-1] INFO  server.RaftServerConfigKeys (ConfUtils.java:logGet(43)) - raft.server.log.segment.size.max = 1048576 (custom)
2019-10-04 06:30:14,925 [pool-393-thread-1] INFO  server.RaftServerConfigKeys (ConfUtils.java:logGet(43)) - raft.server.log.statemachine.data.sync.timeout.retry = -1 (default)
2019-10-04 06:30:14,925 [pool-403-thread-1] INFO  server.RaftServerConfigKeys (ConfUtils.java:logGet(43)) - raft.server.log.segment.size.max = 1048576 (custom)
2019-10-04 06:30:14,925 [pool-393-thread-1] INFO  server.RaftServerConfigKeys (ConfUtils.java:logGet(43)) - raft.server.log.statemachine.data.caching.enabled = true (custom)
2019-10-04 06:30:14,925 [pool-383-thread-1] INFO  server.RaftServerConfigKeys (ConfUtils.java:logGet(43)) - raft.server.log.preallocated.size = 16384 (custom)
2019-10-04 06:30:14,926 [pool-403-thread-1] INFO  server.RaftServerConfigKeys (ConfUtils.java:logGet(43)) - raft.server.log.preallocated.size = 16384 (custom)
2019-10-04 06:30:14,926 [pool-383-thread-1] INFO  server.RaftServerConfigKeys (ConfUtils.java:logGet(43)) - raft.server.log.write.buffer.size = 33554432 (custom)
2019-10-04 06:30:14,926 [pool-393-thread-1] INFO  segmented.SegmentedRaftLogWorker (SegmentedRaftLogWorker.java:lambda$new$0(128)) - 8ed780ea-22a2-4102-ada8-ecc3c5c80975@group-9B2C26036B56-SegmentedRaftLogWorker: flushIndex: setUnconditionally 0 -> -1
2019-10-04 06:30:14,926 [pool-383-thread-1] INFO  server.RaftServerConfigKeys (ConfUtils.java:logGet(43)) - raft.server.log.force.sync.num = 128 (default)
2019-10-04 06:30:14,926 [pool-403-thread-1] INFO  server.RaftServerConfigKeys (ConfUtils.java:logGet(43)) - raft.server.log.write.buffer.size = 33554432 (custom)
2019-10-04 06:30:14,926 [pool-393-thread-1] INFO  server.RaftServerConfigKeys (ConfUtils.java:logGet(43)) - raft.server.snapshot.auto.trigger.enabled = true (custom)
2019-10-04 06:30:14,926 [pool-383-thread-1] INFO  server.RaftServerConfigKeys (ConfUtils.java:logGet(43)) - raft.server.log.statemachine.data.sync = true (default)
2019-10-04 06:30:14,926 [pool-393-thread-1] INFO  server.RaftServerConfigKeys (ConfUtils.java:logGet(43)) - raft.server.snapshot.auto.trigger.threshold = 10000 (custom)
2019-10-04 06:30:14,926 [pool-403-thread-1] INFO  server.RaftServerConfigKeys (ConfUtils.java:logGet(43)) - raft.server.log.force.sync.num = 128 (default)
2019-10-04 06:30:14,927 [pool-393-thread-1] INFO  server.RaftServerConfigKeys (ConfUtils.java:logGet(43)) - raft.server.snapshot.retention.file.num = 5 (custom)
2019-10-04 06:30:14,927 [pool-383-thread-1] INFO  server.RaftServerConfigKeys (ConfUtils.java:logGet(43)) - raft.server.log.statemachine.data.sync.timeout = 10s (default)
2019-10-04 06:30:14,927 [pool-393-thread-1] INFO  server.RaftServerConfigKeys (ConfUtils.java:logGet(43)) - raft.server.retrycache.expirytime = 600000ms (custom)
2019-10-04 06:30:14,927 [pool-403-thread-1] INFO  server.RaftServerConfigKeys (ConfUtils.java:logGet(43)) - raft.server.log.statemachine.data.sync = true (default)
2019-10-04 06:30:14,927 [pool-383-thread-1] INFO  server.RaftServerConfigKeys (ConfUtils.java:logGet(43)) - raft.server.log.statemachine.data.sync.timeout.retry = -1 (default)
2019-10-04 06:30:14,927 [pool-403-thread-1] INFO  server.RaftServerConfigKeys (ConfUtils.java:logGet(43)) - raft.server.log.statemachine.data.sync.timeout = 10s (default)
2019-10-04 06:30:14,927 [pool-383-thread-1] INFO  server.RaftServerConfigKeys (ConfUtils.java:logGet(43)) - raft.server.log.statemachine.data.caching.enabled = true (custom)
2019-10-04 06:30:14,927 [pool-403-thread-1] INFO  server.RaftServerConfigKeys (ConfUtils.java:logGet(43)) - raft.server.log.statemachine.data.sync.timeout.retry = -1 (default)
2019-10-04 06:30:14,928 [pool-403-thread-1] INFO  server.RaftServerConfigKeys (ConfUtils.java:logGet(43)) - raft.server.log.statemachine.data.caching.enabled = true (custom)
2019-10-04 06:30:14,928 [pool-383-thread-1] INFO  segmented.SegmentedRaftLogWorker (SegmentedRaftLogWorker.java:lambda$new$0(128)) - 64d95ac8-37cd-4bae-8003-3f5227b2144b@group-9B2C26036B56-SegmentedRaftLogWorker: flushIndex: setUnconditionally 0 -> -1
2019-10-04 06:30:14,928 [pool-403-thread-1] INFO  segmented.SegmentedRaftLogWorker (SegmentedRaftLogWorker.java:lambda$new$0(128)) - 9d630184-749b-41e4-9c8c-2fff765cb0bb@group-9B2C26036B56-SegmentedRaftLogWorker: flushIndex: setUnconditionally 0 -> -1
2019-10-04 06:30:14,928 [pool-383-thread-1] INFO  server.RaftServerConfigKeys (ConfUtils.java:logGet(43)) - raft.server.snapshot.auto.trigger.enabled = true (custom)
2019-10-04 06:30:14,928 [pool-383-thread-1] INFO  server.RaftServerConfigKeys (ConfUtils.java:logGet(43)) - raft.server.snapshot.auto.trigger.threshold = 10000 (custom)
2019-10-04 06:30:14,928 [pool-403-thread-1] INFO  server.RaftServerConfigKeys (ConfUtils.java:logGet(43)) - raft.server.snapshot.auto.trigger.enabled = true (custom)
2019-10-04 06:30:14,928 [pool-383-thread-1] INFO  server.RaftServerConfigKeys (ConfUtils.java:logGet(43)) - raft.server.snapshot.retention.file.num = 5 (custom)
2019-10-04 06:30:14,928 [pool-403-thread-1] INFO  server.RaftServerConfigKeys (ConfUtils.java:logGet(43)) - raft.server.snapshot.auto.trigger.threshold = 10000 (custom)
2019-10-04 06:30:14,929 [pool-383-thread-1] INFO  server.RaftServerConfigKeys (ConfUtils.java:logGet(43)) - raft.server.retrycache.expirytime = 600000ms (custom)
2019-10-04 06:30:14,929 [pool-393-thread-1] INFO  impl.RaftServerImpl (RaftServerImpl.java:start(181)) - 8ed780ea-22a2-4102-ada8-ecc3c5c80975@group-9B2C26036B56: start as a follower, conf=-1: [8ed780ea-22a2-4102-ada8-ecc3c5c80975:192.168.151.69:33231, 9d630184-749b-41e4-9c8c-2fff765cb0bb:192.168.151.69:38372, 64d95ac8-37cd-4bae-8003-3f5227b2144b:192.168.151.69:42282], old=null
2019-10-04 06:30:14,929 [pool-403-thread-1] INFO  server.RaftServerConfigKeys (ConfUtils.java:logGet(43)) - raft.server.snapshot.retention.file.num = 5 (custom)
2019-10-04 06:30:14,929 [pool-393-thread-1] INFO  impl.RaftServerImpl (RaftServerImpl.java:setRole(170)) - 8ed780ea-22a2-4102-ada8-ecc3c5c80975@group-9B2C26036B56: changes role from      null to FOLLOWER at term 0 for startAsFollower
2019-10-04 06:30:14,929 [pool-403-thread-1] INFO  server.RaftServerConfigKeys (ConfUtils.java:logGet(43)) - raft.server.retrycache.expirytime = 600000ms (custom)
2019-10-04 06:30:14,929 [pool-393-thread-1] INFO  impl.RoleInfo (RoleInfo.java:updateAndGet(143)) - 8ed780ea-22a2-4102-ada8-ecc3c5c80975: start FollowerState
2019-10-04 06:30:14,929 [pool-393-thread-1] INFO  util.JmxRegister (JmxRegister.java:tryRegister(44)) - Successfully registered JMX Bean with object name Ratis:service=RaftServer,group=group-9B2C26036B56,id=8ed780ea-22a2-4102-ada8-ecc3c5c80975
2019-10-04 06:30:14,931 [pool-383-thread-1] INFO  impl.RaftServerImpl (RaftServerImpl.java:start(181)) - 64d95ac8-37cd-4bae-8003-3f5227b2144b@group-9B2C26036B56: start as a follower, conf=-1: [8ed780ea-22a2-4102-ada8-ecc3c5c80975:192.168.151.69:33231, 9d630184-749b-41e4-9c8c-2fff765cb0bb:192.168.151.69:38372, 64d95ac8-37cd-4bae-8003-3f5227b2144b:192.168.151.69:42282], old=null
2019-10-04 06:30:14,931 [pool-383-thread-1] INFO  impl.RaftServerImpl (RaftServerImpl.java:setRole(170)) - 64d95ac8-37cd-4bae-8003-3f5227b2144b@group-9B2C26036B56: changes role from      null to FOLLOWER at term 0 for startAsFollower
2019-10-04 06:30:14,931 [pool-383-thread-1] INFO  impl.RoleInfo (RoleInfo.java:updateAndGet(143)) - 64d95ac8-37cd-4bae-8003-3f5227b2144b: start FollowerState
2019-10-04 06:30:14,932 [pool-383-thread-1] INFO  util.JmxRegister (JmxRegister.java:tryRegister(44)) - Successfully registered JMX Bean with object name Ratis:service=RaftServer,group=group-9B2C26036B56,id=64d95ac8-37cd-4bae-8003-3f5227b2144b
2019-10-04 06:30:14,932 [pool-403-thread-1] INFO  impl.RaftServerImpl (RaftServerImpl.java:start(181)) - 9d630184-749b-41e4-9c8c-2fff765cb0bb@group-9B2C26036B56: start as a follower, conf=-1: [8ed780ea-22a2-4102-ada8-ecc3c5c80975:192.168.151.69:33231, 9d630184-749b-41e4-9c8c-2fff765cb0bb:192.168.151.69:38372, 64d95ac8-37cd-4bae-8003-3f5227b2144b:192.168.151.69:42282], old=null
2019-10-04 06:30:14,932 [pool-403-thread-1] INFO  impl.RaftServerImpl (RaftServerImpl.java:setRole(170)) - 9d630184-749b-41e4-9c8c-2fff765cb0bb@group-9B2C26036B56: changes role from      null to FOLLOWER at term 0 for startAsFollower
2019-10-04 06:30:14,932 [pool-403-thread-1] INFO  impl.RoleInfo (RoleInfo.java:updateAndGet(143)) - 9d630184-749b-41e4-9c8c-2fff765cb0bb: start FollowerState
2019-10-04 06:30:14,937 [pool-403-thread-1] INFO  util.JmxRegister (JmxRegister.java:tryRegister(44)) - Successfully registered JMX Bean with object name Ratis:service=RaftServer,group=group-9B2C26036B56,id=9d630184-749b-41e4-9c8c-2fff765cb0bb
2019-10-04 06:30:14,949 [RatisPipelineUtilsThread] INFO  pipeline.PipelineStateManager (PipelineStateManager.java:addPipeline(56)) - Created pipeline Pipeline[ Id: 46414f12-ce13-44aa-b5e0-9b2c26036b56, Nodes: 64d95ac8-37cd-4bae-8003-3f5227b2144b{ip: 192.168.151.69, host: trunk-nightly-20191004-lpvmn-70278721, networkLocation: /default-rack, certSerialId: null}8ed780ea-22a2-4102-ada8-ecc3c5c80975{ip: 192.168.151.69, host: trunk-nightly-20191004-lpvmn-70278721, networkLocation: /default-rack, certSerialId: null}9d630184-749b-41e4-9c8c-2fff765cb0bb{ip: 192.168.151.69, host: trunk-nightly-20191004-lpvmn-70278721, networkLocation: /default-rack, certSerialId: null}, Type:RATIS, Factor:THREE, State:OPEN]
2019-10-04 06:30:15,012 [IPC Server handler 12 on 33802] INFO  net.NetworkTopology (NetworkTopologyImpl.java:add(111)) - Added a new node: /default-rack/7678a048-151b-498b-9437-1840db1810f4
2019-10-04 06:30:15,012 [IPC Server handler 12 on 33802] INFO  node.SCMNodeManager (SCMNodeManager.java:register(266)) - Registered Data node : 7678a048-151b-498b-9437-1840db1810f4{ip: 192.168.151.69, host: trunk-nightly-20191004-lpvmn-70278721, networkLocation: /default-rack, certSerialId: null}
2019-10-04 06:30:15,025 [grpc-default-executor-2] INFO  impl.RaftServerProxy (RaftServerProxy.java:addNew(89)) - 7678a048-151b-498b-9437-1840db1810f4: addNew group-805C1785970E:[7678a048-151b-498b-9437-1840db1810f4:192.168.151.69:40003] returns group-805C1785970E:java.util.concurrent.CompletableFuture@3509c3f8[Not completed]
2019-10-04 06:30:15,027 [pool-423-thread-1] INFO  impl.RaftServerImpl (RaftServerImpl.java:<init>(95)) - 7678a048-151b-498b-9437-1840db1810f4: new RaftServerImpl for group-805C1785970E:[7678a048-151b-498b-9437-1840db1810f4:192.168.151.69:40003] with ContainerStateMachine:uninitialized
2019-10-04 06:30:15,027 [pool-423-thread-1] INFO  server.RaftServerConfigKeys (ConfUtils.java:logGet(43)) - raft.server.rpc.timeout.min = 5s (custom)
2019-10-04 06:30:15,027 [pool-423-thread-1] INFO  server.RaftServerConfigKeys (ConfUtils.java:logGet(43)) - raft.server.rpc.timeout.max = 5200ms (custom)
2019-10-04 06:30:15,027 [pool-423-thread-1] INFO  server.RaftServerConfigKeys (ConfUtils.java:logGet(43)) - raft.server.rpcslowness.timeout = 120s (custom)
2019-10-04 06:30:15,027 [pool-423-thread-1] INFO  server.RaftServerConfigKeys (ConfUtils.java:logGet(43)) - raft.server.sleep.deviation.threshold = 300 (default)
2019-10-04 06:30:15,027 [pool-423-thread-1] INFO  server.RaftServerConfigKeys (ConfUtils.java:logGet(43)) - raft.server.log.appender.install.snapshot.enabled = false (custom)
2019-10-04 06:30:15,027 [pool-423-thread-1] INFO  impl.RaftServerImpl (ServerState.java:<init>(103)) - 7678a048-151b-498b-9437-1840db1810f4@group-805C1785970E: ConfigurationManager, init=-1: [7678a048-151b-498b-9437-1840db1810f4:192.168.151.69:40003], old=null, confs=<EMPTY_MAP>
2019-10-04 06:30:15,028 [pool-423-thread-1] INFO  server.RaftServerConfigKeys (ConfUtils.java:logGet(43)) - raft.server.storage.dir = [/workdir/hadoop-ozone/integration-test/target/test-dir/MiniOzoneClusterImpl-8f4f3c31-9c02-4063-b450-3f421a489ced/datanode-4/data/ratis] (custom)
2019-10-04 06:30:15,028 [pool-423-thread-1] INFO  server.RaftServerConfigKeys (ConfUtils.java:logGet(43)) - raft.server.log.corruption.policy = EXCEPTION (default)
2019-10-04 06:30:15,028 [pool-423-thread-1] INFO  storage.RaftStorageDirectory (RaftStorageDirectory.java:analyzeStorage(246)) - The storage directory /workdir/hadoop-ozone/integration-test/target/test-dir/MiniOzoneClusterImpl-8f4f3c31-9c02-4063-b450-3f421a489ced/datanode-4/data/ratis/bab97faa-3dc0-44df-a1b0-805c1785970e does not exist. Creating ...
2019-10-04 06:30:15,042 [pool-423-thread-1] INFO  storage.RaftStorageDirectory (RaftStorageDirectory.java:tryLock(328)) - Lock on /workdir/hadoop-ozone/integration-test/target/test-dir/MiniOzoneClusterImpl-8f4f3c31-9c02-4063-b450-3f421a489ced/datanode-4/data/ratis/bab97faa-3dc0-44df-a1b0-805c1785970e/in_use.lock acquired by nodename 21365@trunk-nightly-20191004-lpvmn-70278721
2019-10-04 06:30:15,055 [pool-423-thread-1] INFO  storage.RaftStorage (RaftStorage.java:format(84)) - Storage directory /workdir/hadoop-ozone/integration-test/target/test-dir/MiniOzoneClusterImpl-8f4f3c31-9c02-4063-b450-3f421a489ced/datanode-4/data/ratis/bab97faa-3dc0-44df-a1b0-805c1785970e has been successfully formatted.
2019-10-04 06:30:15,055 [pool-423-thread-1] INFO  ratis.ContainerStateMachine (ContainerStateMachine.java:loadSnapshot(230)) - group-805C1785970E: The snapshot info is null. Setting the last applied indexto:(t:0, i:~)
2019-10-04 06:30:15,055 [pool-423-thread-1] INFO  server.RaftServerConfigKeys (ConfUtils.java:logGet(43)) - raft.server.notification.no-leader.timeout = 120s (custom)
2019-10-04 06:30:15,055 [pool-423-thread-1] INFO  server.RaftServerConfigKeys (ConfUtils.java:logGet(43)) - raft.server.log.use.memory = false (default)
2019-10-04 06:30:15,055 [pool-423-thread-1] INFO  server.RaftServerConfigKeys (ConfUtils.java:logGet(43)) - raft.server.log.purge.gap = 1000000 (custom)
2019-10-04 06:30:15,056 [pool-423-thread-1] INFO  server.RaftServerConfigKeys (ConfUtils.java:logGet(43)) - raft.server.log.appender.buffer.byte-limit = 33554432 (custom)
2019-10-04 06:30:15,056 [pool-423-thread-1] INFO  server.RaftServerConfigKeys (ConfUtils.java:logGet(43)) - raft.server.log.segment.size.max = 1048576 (custom)
2019-10-04 06:30:15,058 [pool-423-thread-1] INFO  server.RaftServerConfigKeys (ConfUtils.java:logGet(43)) - raft.server.log.segment.cache.num.max = 2 (custom)
2019-10-04 06:30:15,058 [pool-423-thread-1] INFO  segmented.SegmentedRaftLogWorker (SegmentedRaftLogWorker.java:<init>(173)) - new 7678a048-151b-498b-9437-1840db1810f4@group-805C1785970E-SegmentedRaftLogWorker for RaftStorage:Storage Directory /workdir/hadoop-ozone/integration-test/target/test-dir/MiniOzoneClusterImpl-8f4f3c31-9c02-4063-b450-3f421a489ced/datanode-4/data/ratis/bab97faa-3dc0-44df-a1b0-805c1785970e
2019-10-04 06:30:15,058 [pool-423-thread-1] INFO  server.RaftServerConfigKeys (ConfUtils.java:logGet(43)) - raft.server.log.queue.byte-limit = 2147483647 (custom)
2019-10-04 06:30:15,058 [pool-423-thread-1] INFO  server.RaftServerConfigKeys (ConfUtils.java:logGet(43)) - raft.server.log.queue.element-limit = 1024 (custom)
2019-10-04 06:30:15,058 [pool-423-thread-1] INFO  server.RaftServerConfigKeys (ConfUtils.java:logGet(43)) - raft.server.log.segment.size.max = 1048576 (custom)
2019-10-04 06:30:15,059 [pool-423-thread-1] INFO  server.RaftServerConfigKeys (ConfUtils.java:logGet(43)) - raft.server.log.preallocated.size = 16384 (custom)
2019-10-04 06:30:15,059 [pool-423-thread-1] INFO  server.RaftServerConfigKeys (ConfUtils.java:logGet(43)) - raft.server.log.write.buffer.size = 33554432 (custom)
2019-10-04 06:30:15,059 [pool-423-thread-1] INFO  server.RaftServerConfigKeys (ConfUtils.java:logGet(43)) - raft.server.log.force.sync.num = 128 (default)
2019-10-04 06:30:15,059 [pool-423-thread-1] INFO  server.RaftServerConfigKeys (ConfUtils.java:logGet(43)) - raft.server.log.statemachine.data.sync = true (default)
2019-10-04 06:30:15,059 [pool-423-thread-1] INFO  server.RaftServerConfigKeys (ConfUtils.java:logGet(43)) - raft.server.log.statemachine.data.sync.timeout = 10s (default)
2019-10-04 06:30:15,059 [pool-423-thread-1] INFO  server.RaftServerConfigKeys (ConfUtils.java:logGet(43)) - raft.server.log.statemachine.data.sync.timeout.retry = -1 (default)
2019-10-04 06:30:15,060 [pool-423-thread-1] INFO  server.RaftServerConfigKeys (ConfUtils.java:logGet(43)) - raft.server.log.statemachine.data.caching.enabled = true (custom)
2019-10-04 06:30:15,060 [pool-423-thread-1] INFO  segmented.SegmentedRaftLogWorker (SegmentedRaftLogWorker.java:lambda$new$0(128)) - 7678a048-151b-498b-9437-1840db1810f4@group-805C1785970E-SegmentedRaftLogWorker: flushIndex: setUnconditionally 0 -> -1
2019-10-04 06:30:15,060 [pool-423-thread-1] INFO  server.RaftServerConfigKeys (ConfUtils.java:logGet(43)) - raft.server.snapshot.auto.trigger.enabled = true (custom)
2019-10-04 06:30:15,060 [pool-423-thread-1] INFO  server.RaftServerConfigKeys (ConfUtils.java:logGet(43)) - raft.server.snapshot.auto.trigger.threshold = 10000 (custom)
2019-10-04 06:30:15,061 [pool-423-thread-1] INFO  server.RaftServerConfigKeys (ConfUtils.java:logGet(43)) - raft.server.snapshot.retention.file.num = 5 (custom)
2019-10-04 06:30:15,061 [pool-423-thread-1] INFO  server.RaftServerConfigKeys (ConfUtils.java:logGet(43)) - raft.server.retrycache.expirytime = 600000ms (custom)
2019-10-04 06:30:15,063 [pool-423-thread-1] INFO  impl.RaftServerImpl (RaftServerImpl.java:start(181)) - 7678a048-151b-498b-9437-1840db1810f4@group-805C1785970E: start as a follower, conf=-1: [7678a048-151b-498b-9437-1840db1810f4:192.168.151.69:40003], old=null
2019-10-04 06:30:15,063 [pool-423-thread-1] INFO  impl.RaftServerImpl (RaftServerImpl.java:setRole(170)) - 7678a048-151b-498b-9437-1840db1810f4@group-805C1785970E: changes role from      null to FOLLOWER at term 0 for startAsFollower
2019-10-04 06:30:15,063 [pool-423-thread-1] INFO  impl.RoleInfo (RoleInfo.java:updateAndGet(143)) - 7678a048-151b-498b-9437-1840db1810f4: start FollowerState
2019-10-04 06:30:15,064 [pool-423-thread-1] INFO  util.JmxRegister (JmxRegister.java:tryRegister(44)) - Successfully registered JMX Bean with object name Ratis:service=RaftServer,group=group-805C1785970E,id=7678a048-151b-498b-9437-1840db1810f4
2019-10-04 06:30:15,072 [RatisPipelineUtilsThread] INFO  pipeline.PipelineStateManager (PipelineStateManager.java:addPipeline(56)) - Created pipeline Pipeline[ Id: bab97faa-3dc0-44df-a1b0-805c1785970e, Nodes: 7678a048-151b-498b-9437-1840db1810f4{ip: 192.168.151.69, host: trunk-nightly-20191004-lpvmn-70278721, networkLocation: /default-rack, certSerialId: null}, Type:RATIS, Factor:ONE, State:OPEN]
2019-10-04 06:30:15,084 [grpc-default-executor-2] INFO  impl.RaftServerProxy (RaftServerProxy.java:addNew(89)) - f1fe510a-7ef2-4d25-8632-c5217ea1eace: addNew group-31B8EEA7FA18:[f1fe510a-7ef2-4d25-8632-c5217ea1eace:192.168.151.69:41644] returns group-31B8EEA7FA18:java.util.concurrent.CompletableFuture@4e707d90[Not completed]
2019-10-04 06:30:15,085 [pool-413-thread-1] INFO  impl.RaftServerImpl (RaftServerImpl.java:<init>(95)) - f1fe510a-7ef2-4d25-8632-c5217ea1eace: new RaftServerImpl for group-31B8EEA7FA18:[f1fe510a-7ef2-4d25-8632-c5217ea1eace:192.168.151.69:41644] with ContainerStateMachine:uninitialized
2019-10-04 06:30:15,086 [pool-413-thread-1] INFO  server.RaftServerConfigKeys (ConfUtils.java:logGet(43)) - raft.server.rpc.timeout.min = 5s (custom)
2019-10-04 06:30:15,086 [pool-413-thread-1] INFO  server.RaftServerConfigKeys (ConfUtils.java:logGet(43)) - raft.server.rpc.timeout.max = 5200ms (custom)
2019-10-04 06:30:15,086 [pool-413-thread-1] INFO  server.RaftServerConfigKeys (ConfUtils.java:logGet(43)) - raft.server.rpcslowness.timeout = 120s (custom)
2019-10-04 06:30:15,086 [pool-413-thread-1] INFO  server.RaftServerConfigKeys (ConfUtils.java:logGet(43)) - raft.server.sleep.deviation.threshold = 300 (default)
2019-10-04 06:30:15,086 [pool-413-thread-1] INFO  server.RaftServerConfigKeys (ConfUtils.java:logGet(43)) - raft.server.log.appender.install.snapshot.enabled = false (custom)
2019-10-04 06:30:15,086 [pool-413-thread-1] INFO  impl.RaftServerImpl (ServerState.java:<init>(103)) - f1fe510a-7ef2-4d25-8632-c5217ea1eace@group-31B8EEA7FA18: ConfigurationManager, init=-1: [f1fe510a-7ef2-4d25-8632-c5217ea1eace:192.168.151.69:41644], old=null, confs=<EMPTY_MAP>
2019-10-04 06:30:15,087 [pool-413-thread-1] INFO  server.RaftServerConfigKeys (ConfUtils.java:logGet(43)) - raft.server.storage.dir = [/workdir/hadoop-ozone/integration-test/target/test-dir/MiniOzoneClusterImpl-8f4f3c31-9c02-4063-b450-3f421a489ced/datanode-3/data/ratis] (custom)
2019-10-04 06:30:15,087 [pool-413-thread-1] INFO  server.RaftServerConfigKeys (ConfUtils.java:logGet(43)) - raft.server.log.corruption.policy = EXCEPTION (default)
2019-10-04 06:30:15,087 [pool-413-thread-1] INFO  storage.RaftStorageDirectory (RaftStorageDirectory.java:analyzeStorage(246)) - The storage directory /workdir/hadoop-ozone/integration-test/target/test-dir/MiniOzoneClusterImpl-8f4f3c31-9c02-4063-b450-3f421a489ced/datanode-3/data/ratis/2f4d7f3b-f45f-434d-92a5-31b8eea7fa18 does not exist. Creating ...
2019-10-04 06:30:15,100 [pool-413-thread-1] INFO  storage.RaftStorageDirectory (RaftStorageDirectory.java:tryLock(328)) - Lock on /workdir/hadoop-ozone/integration-test/target/test-dir/MiniOzoneClusterImpl-8f4f3c31-9c02-4063-b450-3f421a489ced/datanode-3/data/ratis/2f4d7f3b-f45f-434d-92a5-31b8eea7fa18/in_use.lock acquired by nodename 21365@trunk-nightly-20191004-lpvmn-70278721
2019-10-04 06:30:15,102 [IPC Server handler 0 on 33802] INFO  net.NetworkTopology (NetworkTopologyImpl.java:add(111)) - Added a new node: /default-rack/de94de20-fda1-42b3-bacf-9c775a6cc57a
2019-10-04 06:30:15,103 [IPC Server handler 0 on 33802] INFO  node.SCMNodeManager (SCMNodeManager.java:register(266)) - Registered Data node : de94de20-fda1-42b3-bacf-9c775a6cc57a{ip: 192.168.151.69, host: trunk-nightly-20191004-lpvmn-70278721, networkLocation: /default-rack, certSerialId: null}
2019-10-04 06:30:15,113 [pool-413-thread-1] INFO  storage.RaftStorage (RaftStorage.java:format(84)) - Storage directory /workdir/hadoop-ozone/integration-test/target/test-dir/MiniOzoneClusterImpl-8f4f3c31-9c02-4063-b450-3f421a489ced/datanode-3/data/ratis/2f4d7f3b-f45f-434d-92a5-31b8eea7fa18 has been successfully formatted.
2019-10-04 06:30:15,113 [pool-413-thread-1] INFO  ratis.ContainerStateMachine (ContainerStateMachine.java:loadSnapshot(230)) - group-31B8EEA7FA18: The snapshot info is null. Setting the last applied indexto:(t:0, i:~)
2019-10-04 06:30:15,114 [pool-413-thread-1] INFO  server.RaftServerConfigKeys (ConfUtils.java:logGet(43)) - raft.server.notification.no-leader.timeout = 120s (custom)
2019-10-04 06:30:15,114 [pool-413-thread-1] INFO  server.RaftServerConfigKeys (ConfUtils.java:logGet(43)) - raft.server.log.use.memory = false (default)
2019-10-04 06:30:15,114 [pool-413-thread-1] INFO  server.RaftServerConfigKeys (ConfUtils.java:logGet(43)) - raft.server.log.purge.gap = 1000000 (custom)
2019-10-04 06:30:15,114 [pool-413-thread-1] INFO  server.RaftServerConfigKeys (ConfUtils.java:logGet(43)) - raft.server.log.appender.buffer.byte-limit = 33554432 (custom)
2019-10-04 06:30:15,114 [pool-413-thread-1] INFO  server.RaftServerConfigKeys (ConfUtils.java:logGet(43)) - raft.server.log.segment.size.max = 1048576 (custom)
2019-10-04 06:30:15,116 [pool-413-thread-1] INFO  server.RaftServerConfigKeys (ConfUtils.java:logGet(43)) - raft.server.log.segment.cache.num.max = 2 (custom)
2019-10-04 06:30:15,117 [pool-413-thread-1] INFO  segmented.SegmentedRaftLogWorker (SegmentedRaftLogWorker.java:<init>(173)) - new f1fe510a-7ef2-4d25-8632-c5217ea1eace@group-31B8EEA7FA18-SegmentedRaftLogWorker for RaftStorage:Storage Directory /workdir/hadoop-ozone/integration-test/target/test-dir/MiniOzoneClusterImpl-8f4f3c31-9c02-4063-b450-3f421a489ced/datanode-3/data/ratis/2f4d7f3b-f45f-434d-92a5-31b8eea7fa18
2019-10-04 06:30:15,117 [pool-413-thread-1] INFO  server.RaftServerConfigKeys (ConfUtils.java:logGet(43)) - raft.server.log.queue.byte-limit = 2147483647 (custom)
2019-10-04 06:30:15,117 [pool-413-thread-1] INFO  server.RaftServerConfigKeys (ConfUtils.java:logGet(43)) - raft.server.log.queue.element-limit = 1024 (custom)
2019-10-04 06:30:15,117 [pool-413-thread-1] INFO  server.RaftServerConfigKeys (ConfUtils.java:logGet(43)) - raft.server.log.segment.size.max = 1048576 (custom)
2019-10-04 06:30:15,117 [pool-413-thread-1] INFO  server.RaftServerConfigKeys (ConfUtils.java:logGet(43)) - raft.server.log.preallocated.size = 16384 (custom)
2019-10-04 06:30:15,118 [pool-413-thread-1] INFO  server.RaftServerConfigKeys (ConfUtils.java:logGet(43)) - raft.server.log.write.buffer.size = 33554432 (custom)
2019-10-04 06:30:15,118 [pool-413-thread-1] INFO  server.RaftServerConfigKeys (ConfUtils.java:logGet(43)) - raft.server.log.force.sync.num = 128 (default)
2019-10-04 06:30:15,118 [pool-413-thread-1] INFO  server.RaftServerConfigKeys (ConfUtils.java:logGet(43)) - raft.server.log.statemachine.data.sync = true (default)
2019-10-04 06:30:15,118 [pool-413-thread-1] INFO  server.RaftServerConfigKeys (ConfUtils.java:logGet(43)) - raft.server.log.statemachine.data.sync.timeout = 10s (default)
2019-10-04 06:30:15,118 [pool-413-thread-1] INFO  server.RaftServerConfigKeys (ConfUtils.java:logGet(43)) - raft.server.log.statemachine.data.sync.timeout.retry = -1 (default)
2019-10-04 06:30:15,119 [pool-413-thread-1] INFO  server.RaftServerConfigKeys (ConfUtils.java:logGet(43)) - raft.server.log.statemachine.data.caching.enabled = true (custom)
2019-10-04 06:30:15,119 [pool-413-thread-1] INFO  segmented.SegmentedRaftLogWorker (SegmentedRaftLogWorker.java:lambda$new$0(128)) - f1fe510a-7ef2-4d25-8632-c5217ea1eace@group-31B8EEA7FA18-SegmentedRaftLogWorker: flushIndex: setUnconditionally 0 -> -1
2019-10-04 06:30:15,119 [pool-413-thread-1] INFO  server.RaftServerConfigKeys (ConfUtils.java:logGet(43)) - raft.server.snapshot.auto.trigger.enabled = true (custom)
2019-10-04 06:30:15,119 [pool-413-thread-1] INFO  server.RaftServerConfigKeys (ConfUtils.java:logGet(43)) - raft.server.snapshot.auto.trigger.threshold = 10000 (custom)
2019-10-04 06:30:15,120 [pool-413-thread-1] INFO  server.RaftServerConfigKeys (ConfUtils.java:logGet(43)) - raft.server.snapshot.retention.file.num = 5 (custom)
2019-10-04 06:30:15,120 [pool-413-thread-1] INFO  server.RaftServerConfigKeys (ConfUtils.java:logGet(43)) - raft.server.retrycache.expirytime = 600000ms (custom)
2019-10-04 06:30:15,122 [pool-413-thread-1] INFO  impl.RaftServerImpl (RaftServerImpl.java:start(181)) - f1fe510a-7ef2-4d25-8632-c5217ea1eace@group-31B8EEA7FA18: start as a follower, conf=-1: [f1fe510a-7ef2-4d25-8632-c5217ea1eace:192.168.151.69:41644], old=null
2019-10-04 06:30:15,122 [pool-413-thread-1] INFO  impl.RaftServerImpl (RaftServerImpl.java:setRole(170)) - f1fe510a-7ef2-4d25-8632-c5217ea1eace@group-31B8EEA7FA18: changes role from      null to FOLLOWER at term 0 for startAsFollower
2019-10-04 06:30:15,122 [pool-413-thread-1] INFO  impl.RoleInfo (RoleInfo.java:updateAndGet(143)) - f1fe510a-7ef2-4d25-8632-c5217ea1eace: start FollowerState
2019-10-04 06:30:15,122 [pool-413-thread-1] INFO  util.JmxRegister (JmxRegister.java:tryRegister(44)) - Successfully registered JMX Bean with object name Ratis:service=RaftServer,group=group-31B8EEA7FA18,id=f1fe510a-7ef2-4d25-8632-c5217ea1eace
2019-10-04 06:30:15,132 [RatisPipelineUtilsThread] INFO  pipeline.PipelineStateManager (PipelineStateManager.java:addPipeline(56)) - Created pipeline Pipeline[ Id: 2f4d7f3b-f45f-434d-92a5-31b8eea7fa18, Nodes: f1fe510a-7ef2-4d25-8632-c5217ea1eace{ip: 192.168.151.69, host: trunk-nightly-20191004-lpvmn-70278721, networkLocation: /default-rack, certSerialId: null}, Type:RATIS, Factor:ONE, State:OPEN]
2019-10-04 06:30:15,143 [grpc-default-executor-2] INFO  impl.RaftServerProxy (RaftServerProxy.java:addNew(89)) - de94de20-fda1-42b3-bacf-9c775a6cc57a: addNew group-96D441A6C364:[de94de20-fda1-42b3-bacf-9c775a6cc57a:192.168.151.69:43665] returns group-96D441A6C364:java.util.concurrent.CompletableFuture@258f6304[Not completed]
2019-10-04 06:30:15,145 [pool-433-thread-1] INFO  impl.RaftServerImpl (RaftServerImpl.java:<init>(95)) - de94de20-fda1-42b3-bacf-9c775a6cc57a: new RaftServerImpl for group-96D441A6C364:[de94de20-fda1-42b3-bacf-9c775a6cc57a:192.168.151.69:43665] with ContainerStateMachine:uninitialized
2019-10-04 06:30:15,145 [pool-433-thread-1] INFO  server.RaftServerConfigKeys (ConfUtils.java:logGet(43)) - raft.server.rpc.timeout.min = 5s (custom)
2019-10-04 06:30:15,145 [pool-433-thread-1] INFO  server.RaftServerConfigKeys (ConfUtils.java:logGet(43)) - raft.server.rpc.timeout.max = 5200ms (custom)
2019-10-04 06:30:15,145 [pool-433-thread-1] INFO  server.RaftServerConfigKeys (ConfUtils.java:logGet(43)) - raft.server.rpcslowness.timeout = 120s (custom)
2019-10-04 06:30:15,145 [pool-433-thread-1] INFO  server.RaftServerConfigKeys (ConfUtils.java:logGet(43)) - raft.server.sleep.deviation.threshold = 300 (default)
2019-10-04 06:30:15,145 [pool-433-thread-1] INFO  server.RaftServerConfigKeys (ConfUtils.java:logGet(43)) - raft.server.log.appender.install.snapshot.enabled = false (custom)
2019-10-04 06:30:15,146 [pool-433-thread-1] INFO  impl.RaftServerImpl (ServerState.java:<init>(103)) - de94de20-fda1-42b3-bacf-9c775a6cc57a@group-96D441A6C364: ConfigurationManager, init=-1: [de94de20-fda1-42b3-bacf-9c775a6cc57a:192.168.151.69:43665], old=null, confs=<EMPTY_MAP>
2019-10-04 06:30:15,146 [pool-433-thread-1] INFO  server.RaftServerConfigKeys (ConfUtils.java:logGet(43)) - raft.server.storage.dir = [/workdir/hadoop-ozone/integration-test/target/test-dir/MiniOzoneClusterImpl-8f4f3c31-9c02-4063-b450-3f421a489ced/datanode-5/data/ratis] (custom)
2019-10-04 06:30:15,146 [pool-433-thread-1] INFO  server.RaftServerConfigKeys (ConfUtils.java:logGet(43)) - raft.server.log.corruption.policy = EXCEPTION (default)
2019-10-04 06:30:15,146 [pool-433-thread-1] INFO  storage.RaftStorageDirectory (RaftStorageDirectory.java:analyzeStorage(246)) - The storage directory /workdir/hadoop-ozone/integration-test/target/test-dir/MiniOzoneClusterImpl-8f4f3c31-9c02-4063-b450-3f421a489ced/datanode-5/data/ratis/c1a36207-ea7a-4249-9d4e-96d441a6c364 does not exist. Creating ...
2019-10-04 06:30:15,159 [pool-433-thread-1] INFO  storage.RaftStorageDirectory (RaftStorageDirectory.java:tryLock(328)) - Lock on /workdir/hadoop-ozone/integration-test/target/test-dir/MiniOzoneClusterImpl-8f4f3c31-9c02-4063-b450-3f421a489ced/datanode-5/data/ratis/c1a36207-ea7a-4249-9d4e-96d441a6c364/in_use.lock acquired by nodename 21365@trunk-nightly-20191004-lpvmn-70278721
2019-10-04 06:30:15,170 [main] INFO  ozone.MiniOzoneClusterImpl (MiniOzoneClusterImpl.java:lambda$waitForClusterToBeReady$0(147)) - Waiting for cluster to be ready. Got 6 of 7 DN Heartbeats.
2019-10-04 06:30:15,171 [IPC Server handler 7 on 33802] INFO  net.NetworkTopology (NetworkTopologyImpl.java:add(111)) - Added a new node: /default-rack/2afc614f-6f75-4707-8c78-910edafb29bf
2019-10-04 06:30:15,172 [IPC Server handler 7 on 33802] INFO  node.SCMNodeManager (SCMNodeManager.java:register(266)) - Registered Data node : 2afc614f-6f75-4707-8c78-910edafb29bf{ip: 192.168.151.69, host: trunk-nightly-20191004-lpvmn-70278721, networkLocation: /default-rack, certSerialId: null}
2019-10-04 06:30:15,172 [pool-433-thread-1] INFO  storage.RaftStorage (RaftStorage.java:format(84)) - Storage directory /workdir/hadoop-ozone/integration-test/target/test-dir/MiniOzoneClusterImpl-8f4f3c31-9c02-4063-b450-3f421a489ced/datanode-5/data/ratis/c1a36207-ea7a-4249-9d4e-96d441a6c364 has been successfully formatted.
2019-10-04 06:30:15,172 [pool-433-thread-1] INFO  ratis.ContainerStateMachine (ContainerStateMachine.java:loadSnapshot(230)) - group-96D441A6C364: The snapshot info is null. Setting the last applied indexto:(t:0, i:~)
2019-10-04 06:30:15,172 [pool-433-thread-1] INFO  server.RaftServerConfigKeys (ConfUtils.java:logGet(43)) - raft.server.notification.no-leader.timeout = 120s (custom)
2019-10-04 06:30:15,173 [pool-433-thread-1] INFO  server.RaftServerConfigKeys (ConfUtils.java:logGet(43)) - raft.server.log.use.memory = false (default)
2019-10-04 06:30:15,173 [pool-433-thread-1] INFO  server.RaftServerConfigKeys (ConfUtils.java:logGet(43)) - raft.server.log.purge.gap = 1000000 (custom)
2019-10-04 06:30:15,173 [pool-433-thread-1] INFO  server.RaftServerConfigKeys (ConfUtils.java:logGet(43)) - raft.server.log.appender.buffer.byte-limit = 33554432 (custom)
2019-10-04 06:30:15,173 [pool-433-thread-1] INFO  server.RaftServerConfigKeys (ConfUtils.java:logGet(43)) - raft.server.log.segment.size.max = 1048576 (custom)
2019-10-04 06:30:15,174 [pool-433-thread-1] INFO  server.RaftServerConfigKeys (ConfUtils.java:logGet(43)) - raft.server.log.segment.cache.num.max = 2 (custom)
2019-10-04 06:30:15,174 [pool-433-thread-1] INFO  segmented.SegmentedRaftLogWorker (SegmentedRaftLogWorker.java:<init>(173)) - new de94de20-fda1-42b3-bacf-9c775a6cc57a@group-96D441A6C364-SegmentedRaftLogWorker for RaftStorage:Storage Directory /workdir/hadoop-ozone/integration-test/target/test-dir/MiniOzoneClusterImpl-8f4f3c31-9c02-4063-b450-3f421a489ced/datanode-5/data/ratis/c1a36207-ea7a-4249-9d4e-96d441a6c364
2019-10-04 06:30:15,174 [pool-433-thread-1] INFO  server.RaftServerConfigKeys (ConfUtils.java:logGet(43)) - raft.server.log.queue.byte-limit = 2147483647 (custom)
2019-10-04 06:30:15,174 [pool-433-thread-1] INFO  server.RaftServerConfigKeys (ConfUtils.java:logGet(43)) - raft.server.log.queue.element-limit = 1024 (custom)
2019-10-04 06:30:15,175 [pool-433-thread-1] INFO  server.RaftServerConfigKeys (ConfUtils.java:logGet(43)) - raft.server.log.segment.size.max = 1048576 (custom)
2019-10-04 06:30:15,175 [pool-433-thread-1] INFO  server.RaftServerConfigKeys (ConfUtils.java:logGet(43)) - raft.server.log.preallocated.size = 16384 (custom)
2019-10-04 06:30:15,175 [pool-433-thread-1] INFO  server.RaftServerConfigKeys (ConfUtils.java:logGet(43)) - raft.server.log.write.buffer.size = 33554432 (custom)
2019-10-04 06:30:15,175 [pool-433-thread-1] INFO  server.RaftServerConfigKeys (ConfUtils.java:logGet(43)) - raft.server.log.force.sync.num = 128 (default)
2019-10-04 06:30:15,175 [pool-433-thread-1] INFO  server.RaftServerConfigKeys (ConfUtils.java:logGet(43)) - raft.server.log.statemachine.data.sync = true (default)
2019-10-04 06:30:15,175 [pool-433-thread-1] INFO  server.RaftServerConfigKeys (ConfUtils.java:logGet(43)) - raft.server.log.statemachine.data.sync.timeout = 10s (default)
2019-10-04 06:30:15,175 [pool-433-thread-1] INFO  server.RaftServerConfigKeys (ConfUtils.java:logGet(43)) - raft.server.log.statemachine.data.sync.timeout.retry = -1 (default)
2019-10-04 06:30:15,175 [pool-433-thread-1] INFO  server.RaftServerConfigKeys (ConfUtils.java:logGet(43)) - raft.server.log.statemachine.data.caching.enabled = true (custom)
2019-10-04 06:30:15,176 [pool-433-thread-1] INFO  segmented.SegmentedRaftLogWorker (SegmentedRaftLogWorker.java:lambda$new$0(128)) - de94de20-fda1-42b3-bacf-9c775a6cc57a@group-96D441A6C364-SegmentedRaftLogWorker: flushIndex: setUnconditionally 0 -> -1
2019-10-04 06:30:15,176 [pool-433-thread-1] INFO  server.RaftServerConfigKeys (ConfUtils.java:logGet(43)) - raft.server.snapshot.auto.trigger.enabled = true (custom)
2019-10-04 06:30:15,176 [pool-433-thread-1] INFO  server.RaftServerConfigKeys (ConfUtils.java:logGet(43)) - raft.server.snapshot.auto.trigger.threshold = 10000 (custom)
2019-10-04 06:30:15,176 [pool-433-thread-1] INFO  server.RaftServerConfigKeys (ConfUtils.java:logGet(43)) - raft.server.snapshot.retention.file.num = 5 (custom)
2019-10-04 06:30:15,176 [pool-433-thread-1] INFO  server.RaftServerConfigKeys (ConfUtils.java:logGet(43)) - raft.server.retrycache.expirytime = 600000ms (custom)
2019-10-04 06:30:15,178 [pool-433-thread-1] INFO  impl.RaftServerImpl (RaftServerImpl.java:start(181)) - de94de20-fda1-42b3-bacf-9c775a6cc57a@group-96D441A6C364: start as a follower, conf=-1: [de94de20-fda1-42b3-bacf-9c775a6cc57a:192.168.151.69:43665], old=null
2019-10-04 06:30:15,178 [pool-433-thread-1] INFO  impl.RaftServerImpl (RaftServerImpl.java:setRole(170)) - de94de20-fda1-42b3-bacf-9c775a6cc57a@group-96D441A6C364: changes role from      null to FOLLOWER at term 0 for startAsFollower
2019-10-04 06:30:15,178 [pool-433-thread-1] INFO  impl.RoleInfo (RoleInfo.java:updateAndGet(143)) - de94de20-fda1-42b3-bacf-9c775a6cc57a: start FollowerState
2019-10-04 06:30:15,178 [pool-433-thread-1] INFO  util.JmxRegister (JmxRegister.java:tryRegister(44)) - Successfully registered JMX Bean with object name Ratis:service=RaftServer,group=group-96D441A6C364,id=de94de20-fda1-42b3-bacf-9c775a6cc57a
2019-10-04 06:30:15,187 [RatisPipelineUtilsThread] INFO  pipeline.PipelineStateManager (PipelineStateManager.java:addPipeline(56)) - Created pipeline Pipeline[ Id: c1a36207-ea7a-4249-9d4e-96d441a6c364, Nodes: de94de20-fda1-42b3-bacf-9c775a6cc57a{ip: 192.168.151.69, host: trunk-nightly-20191004-lpvmn-70278721, networkLocation: /default-rack, certSerialId: null}, Type:RATIS, Factor:ONE, State:OPEN]
2019-10-04 06:30:15,200 [grpc-default-executor-2] INFO  impl.RaftServerProxy (RaftServerProxy.java:addNew(89)) - 2afc614f-6f75-4707-8c78-910edafb29bf: addNew group-CFC989808CC1:[2afc614f-6f75-4707-8c78-910edafb29bf:192.168.151.69:42913] returns group-CFC989808CC1:java.util.concurrent.CompletableFuture@d6c1147[Not completed]
2019-10-04 06:30:15,200 [pool-443-thread-1] INFO  impl.RaftServerImpl (RaftServerImpl.java:<init>(95)) - 2afc614f-6f75-4707-8c78-910edafb29bf: new RaftServerImpl for group-CFC989808CC1:[2afc614f-6f75-4707-8c78-910edafb29bf:192.168.151.69:42913] with ContainerStateMachine:uninitialized
2019-10-04 06:30:15,201 [pool-443-thread-1] INFO  server.RaftServerConfigKeys (ConfUtils.java:logGet(43)) - raft.server.rpc.timeout.min = 5s (custom)
2019-10-04 06:30:15,201 [pool-443-thread-1] INFO  server.RaftServerConfigKeys (ConfUtils.java:logGet(43)) - raft.server.rpc.timeout.max = 5200ms (custom)
2019-10-04 06:30:15,201 [pool-443-thread-1] INFO  server.RaftServerConfigKeys (ConfUtils.java:logGet(43)) - raft.server.rpcslowness.timeout = 120s (custom)
2019-10-04 06:30:15,201 [pool-443-thread-1] INFO  server.RaftServerConfigKeys (ConfUtils.java:logGet(43)) - raft.server.sleep.deviation.threshold = 300 (default)
2019-10-04 06:30:15,201 [pool-443-thread-1] INFO  server.RaftServerConfigKeys (ConfUtils.java:logGet(43)) - raft.server.log.appender.install.snapshot.enabled = false (custom)
2019-10-04 06:30:15,201 [pool-443-thread-1] INFO  impl.RaftServerImpl (ServerState.java:<init>(103)) - 2afc614f-6f75-4707-8c78-910edafb29bf@group-CFC989808CC1: ConfigurationManager, init=-1: [2afc614f-6f75-4707-8c78-910edafb29bf:192.168.151.69:42913], old=null, confs=<EMPTY_MAP>
2019-10-04 06:30:15,201 [pool-443-thread-1] INFO  server.RaftServerConfigKeys (ConfUtils.java:logGet(43)) - raft.server.storage.dir = [/workdir/hadoop-ozone/integration-test/target/test-dir/MiniOzoneClusterImpl-8f4f3c31-9c02-4063-b450-3f421a489ced/datanode-6/data/ratis] (custom)
2019-10-04 06:30:15,201 [pool-443-thread-1] INFO  server.RaftServerConfigKeys (ConfUtils.java:logGet(43)) - raft.server.log.corruption.policy = EXCEPTION (default)
2019-10-04 06:30:15,202 [pool-443-thread-1] INFO  storage.RaftStorageDirectory (RaftStorageDirectory.java:analyzeStorage(246)) - The storage directory /workdir/hadoop-ozone/integration-test/target/test-dir/MiniOzoneClusterImpl-8f4f3c31-9c02-4063-b450-3f421a489ced/datanode-6/data/ratis/d4afa86a-8384-442e-a334-cfc989808cc1 does not exist. Creating ...
2019-10-04 06:30:15,214 [pool-443-thread-1] INFO  storage.RaftStorageDirectory (RaftStorageDirectory.java:tryLock(328)) - Lock on /workdir/hadoop-ozone/integration-test/target/test-dir/MiniOzoneClusterImpl-8f4f3c31-9c02-4063-b450-3f421a489ced/datanode-6/data/ratis/d4afa86a-8384-442e-a334-cfc989808cc1/in_use.lock acquired by nodename 21365@trunk-nightly-20191004-lpvmn-70278721
2019-10-04 06:30:15,227 [pool-443-thread-1] INFO  storage.RaftStorage (RaftStorage.java:format(84)) - Storage directory /workdir/hadoop-ozone/integration-test/target/test-dir/MiniOzoneClusterImpl-8f4f3c31-9c02-4063-b450-3f421a489ced/datanode-6/data/ratis/d4afa86a-8384-442e-a334-cfc989808cc1 has been successfully formatted.
2019-10-04 06:30:15,227 [pool-443-thread-1] INFO  ratis.ContainerStateMachine (ContainerStateMachine.java:loadSnapshot(230)) - group-CFC989808CC1: The snapshot info is null. Setting the last applied indexto:(t:0, i:~)
2019-10-04 06:30:15,227 [pool-443-thread-1] INFO  server.RaftServerConfigKeys (ConfUtils.java:logGet(43)) - raft.server.notification.no-leader.timeout = 120s (custom)
2019-10-04 06:30:15,227 [pool-443-thread-1] INFO  server.RaftServerConfigKeys (ConfUtils.java:logGet(43)) - raft.server.log.use.memory = false (default)
2019-10-04 06:30:15,227 [pool-443-thread-1] INFO  server.RaftServerConfigKeys (ConfUtils.java:logGet(43)) - raft.server.log.purge.gap = 1000000 (custom)
2019-10-04 06:30:15,227 [pool-443-thread-1] INFO  server.RaftServerConfigKeys (ConfUtils.java:logGet(43)) - raft.server.log.appender.buffer.byte-limit = 33554432 (custom)
2019-10-04 06:30:15,227 [pool-443-thread-1] INFO  server.RaftServerConfigKeys (ConfUtils.java:logGet(43)) - raft.server.log.segment.size.max = 1048576 (custom)
2019-10-04 06:30:15,228 [pool-443-thread-1] INFO  server.RaftServerConfigKeys (ConfUtils.java:logGet(43)) - raft.server.log.segment.cache.num.max = 2 (custom)
2019-10-04 06:30:15,229 [pool-443-thread-1] INFO  segmented.SegmentedRaftLogWorker (SegmentedRaftLogWorker.java:<init>(173)) - new 2afc614f-6f75-4707-8c78-910edafb29bf@group-CFC989808CC1-SegmentedRaftLogWorker for RaftStorage:Storage Directory /workdir/hadoop-ozone/integration-test/target/test-dir/MiniOzoneClusterImpl-8f4f3c31-9c02-4063-b450-3f421a489ced/datanode-6/data/ratis/d4afa86a-8384-442e-a334-cfc989808cc1
2019-10-04 06:30:15,229 [pool-443-thread-1] INFO  server.RaftServerConfigKeys (ConfUtils.java:logGet(43)) - raft.server.log.queue.byte-limit = 2147483647 (custom)
2019-10-04 06:30:15,229 [pool-443-thread-1] INFO  server.RaftServerConfigKeys (ConfUtils.java:logGet(43)) - raft.server.log.queue.element-limit = 1024 (custom)
2019-10-04 06:30:15,229 [pool-443-thread-1] INFO  server.RaftServerConfigKeys (ConfUtils.java:logGet(43)) - raft.server.log.segment.size.max = 1048576 (custom)
2019-10-04 06:30:15,229 [pool-443-thread-1] INFO  server.RaftServerConfigKeys (ConfUtils.java:logGet(43)) - raft.server.log.preallocated.size = 16384 (custom)
2019-10-04 06:30:15,229 [pool-443-thread-1] INFO  server.RaftServerConfigKeys (ConfUtils.java:logGet(43)) - raft.server.log.write.buffer.size = 33554432 (custom)
2019-10-04 06:30:15,229 [pool-443-thread-1] INFO  server.RaftServerConfigKeys (ConfUtils.java:logGet(43)) - raft.server.log.force.sync.num = 128 (default)
2019-10-04 06:30:15,229 [pool-443-thread-1] INFO  server.RaftServerConfigKeys (ConfUtils.java:logGet(43)) - raft.server.log.statemachine.data.sync = true (default)
2019-10-04 06:30:15,229 [pool-443-thread-1] INFO  server.RaftServerConfigKeys (ConfUtils.java:logGet(43)) - raft.server.log.statemachine.data.sync.timeout = 10s (default)
2019-10-04 06:30:15,229 [pool-443-thread-1] INFO  server.RaftServerConfigKeys (ConfUtils.java:logGet(43)) - raft.server.log.statemachine.data.sync.timeout.retry = -1 (default)
2019-10-04 06:30:15,230 [pool-443-thread-1] INFO  server.RaftServerConfigKeys (ConfUtils.java:logGet(43)) - raft.server.log.statemachine.data.caching.enabled = true (custom)
2019-10-04 06:30:15,230 [pool-443-thread-1] INFO  segmented.SegmentedRaftLogWorker (SegmentedRaftLogWorker.java:lambda$new$0(128)) - 2afc614f-6f75-4707-8c78-910edafb29bf@group-CFC989808CC1-SegmentedRaftLogWorker: flushIndex: setUnconditionally 0 -> -1
2019-10-04 06:30:15,230 [pool-443-thread-1] INFO  server.RaftServerConfigKeys (ConfUtils.java:logGet(43)) - raft.server.snapshot.auto.trigger.enabled = true (custom)
2019-10-04 06:30:15,230 [pool-443-thread-1] INFO  server.RaftServerConfigKeys (ConfUtils.java:logGet(43)) - raft.server.snapshot.auto.trigger.threshold = 10000 (custom)
2019-10-04 06:30:15,230 [pool-443-thread-1] INFO  server.RaftServerConfigKeys (ConfUtils.java:logGet(43)) - raft.server.snapshot.retention.file.num = 5 (custom)
2019-10-04 06:30:15,230 [pool-443-thread-1] INFO  server.RaftServerConfigKeys (ConfUtils.java:logGet(43)) - raft.server.retrycache.expirytime = 600000ms (custom)
2019-10-04 06:30:15,232 [pool-443-thread-1] INFO  impl.RaftServerImpl (RaftServerImpl.java:start(181)) - 2afc614f-6f75-4707-8c78-910edafb29bf@group-CFC989808CC1: start as a follower, conf=-1: [2afc614f-6f75-4707-8c78-910edafb29bf:192.168.151.69:42913], old=null
2019-10-04 06:30:15,232 [pool-443-thread-1] INFO  impl.RaftServerImpl (RaftServerImpl.java:setRole(170)) - 2afc614f-6f75-4707-8c78-910edafb29bf@group-CFC989808CC1: changes role from      null to FOLLOWER at term 0 for startAsFollower
2019-10-04 06:30:15,232 [pool-443-thread-1] INFO  impl.RoleInfo (RoleInfo.java:updateAndGet(143)) - 2afc614f-6f75-4707-8c78-910edafb29bf: start FollowerState
2019-10-04 06:30:15,232 [pool-443-thread-1] INFO  util.JmxRegister (JmxRegister.java:tryRegister(44)) - Successfully registered JMX Bean with object name Ratis:service=RaftServer,group=group-CFC989808CC1,id=2afc614f-6f75-4707-8c78-910edafb29bf
2019-10-04 06:30:15,242 [RatisPipelineUtilsThread] INFO  pipeline.PipelineStateManager (PipelineStateManager.java:addPipeline(56)) - Created pipeline Pipeline[ Id: d4afa86a-8384-442e-a334-cfc989808cc1, Nodes: 2afc614f-6f75-4707-8c78-910edafb29bf{ip: 192.168.151.69, host: trunk-nightly-20191004-lpvmn-70278721, networkLocation: /default-rack, certSerialId: null}, Type:RATIS, Factor:ONE, State:OPEN]
2019-10-04 06:30:15,279 [grpc-default-executor-7] INFO  impl.RaftServerProxy (RaftServerProxy.java:addNew(89)) - 7678a048-151b-498b-9437-1840db1810f4: addNew group-637F7C90044E:[de94de20-fda1-42b3-bacf-9c775a6cc57a:192.168.151.69:43665, 7678a048-151b-498b-9437-1840db1810f4:192.168.151.69:40003, 2afc614f-6f75-4707-8c78-910edafb29bf:192.168.151.69:42913] returns group-637F7C90044E:java.util.concurrent.CompletableFuture@324bb69d[Not completed]
2019-10-04 06:30:15,279 [grpc-default-executor-2] INFO  impl.RaftServerProxy (RaftServerProxy.java:addNew(89)) - 2afc614f-6f75-4707-8c78-910edafb29bf: addNew group-637F7C90044E:[de94de20-fda1-42b3-bacf-9c775a6cc57a:192.168.151.69:43665, 7678a048-151b-498b-9437-1840db1810f4:192.168.151.69:40003, 2afc614f-6f75-4707-8c78-910edafb29bf:192.168.151.69:42913] returns group-637F7C90044E:java.util.concurrent.CompletableFuture@4b5560c7[Not completed]
2019-10-04 06:30:15,279 [grpc-default-executor-3] INFO  impl.RaftServerProxy (RaftServerProxy.java:addNew(89)) - de94de20-fda1-42b3-bacf-9c775a6cc57a: addNew group-637F7C90044E:[de94de20-fda1-42b3-bacf-9c775a6cc57a:192.168.151.69:43665, 7678a048-151b-498b-9437-1840db1810f4:192.168.151.69:40003, 2afc614f-6f75-4707-8c78-910edafb29bf:192.168.151.69:42913] returns group-637F7C90044E:java.util.concurrent.CompletableFuture@70a7b364[Not completed]
2019-10-04 06:30:15,281 [pool-433-thread-1] INFO  impl.RaftServerImpl (RaftServerImpl.java:<init>(95)) - de94de20-fda1-42b3-bacf-9c775a6cc57a: new RaftServerImpl for group-637F7C90044E:[de94de20-fda1-42b3-bacf-9c775a6cc57a:192.168.151.69:43665, 7678a048-151b-498b-9437-1840db1810f4:192.168.151.69:40003, 2afc614f-6f75-4707-8c78-910edafb29bf:192.168.151.69:42913] with ContainerStateMachine:uninitialized
2019-10-04 06:30:15,281 [pool-433-thread-1] INFO  server.RaftServerConfigKeys (ConfUtils.java:logGet(43)) - raft.server.rpc.timeout.min = 5s (custom)
2019-10-04 06:30:15,281 [pool-433-thread-1] INFO  server.RaftServerConfigKeys (ConfUtils.java:logGet(43)) - raft.server.rpc.timeout.max = 5200ms (custom)
2019-10-04 06:30:15,281 [pool-433-thread-1] INFO  server.RaftServerConfigKeys (ConfUtils.java:logGet(43)) - raft.server.rpcslowness.timeout = 120s (custom)
2019-10-04 06:30:15,281 [pool-433-thread-1] INFO  server.RaftServerConfigKeys (ConfUtils.java:logGet(43)) - raft.server.sleep.deviation.threshold = 300 (default)
2019-10-04 06:30:15,281 [pool-433-thread-1] INFO  server.RaftServerConfigKeys (ConfUtils.java:logGet(43)) - raft.server.log.appender.install.snapshot.enabled = false (custom)
2019-10-04 06:30:15,281 [pool-423-thread-1] INFO  impl.RaftServerImpl (RaftServerImpl.java:<init>(95)) - 7678a048-151b-498b-9437-1840db1810f4: new RaftServerImpl for group-637F7C90044E:[de94de20-fda1-42b3-bacf-9c775a6cc57a:192.168.151.69:43665, 7678a048-151b-498b-9437-1840db1810f4:192.168.151.69:40003, 2afc614f-6f75-4707-8c78-910edafb29bf:192.168.151.69:42913] with ContainerStateMachine:uninitialized
2019-10-04 06:30:15,281 [pool-433-thread-1] INFO  impl.RaftServerImpl (ServerState.java:<init>(103)) - de94de20-fda1-42b3-bacf-9c775a6cc57a@group-637F7C90044E: ConfigurationManager, init=-1: [de94de20-fda1-42b3-bacf-9c775a6cc57a:192.168.151.69:43665, 7678a048-151b-498b-9437-1840db1810f4:192.168.151.69:40003, 2afc614f-6f75-4707-8c78-910edafb29bf:192.168.151.69:42913], old=null, confs=<EMPTY_MAP>
2019-10-04 06:30:15,282 [pool-423-thread-1] INFO  server.RaftServerConfigKeys (ConfUtils.java:logGet(43)) - raft.server.rpc.timeout.min = 5s (custom)
2019-10-04 06:30:15,282 [pool-433-thread-1] INFO  server.RaftServerConfigKeys (ConfUtils.java:logGet(43)) - raft.server.storage.dir = [/workdir/hadoop-ozone/integration-test/target/test-dir/MiniOzoneClusterImpl-8f4f3c31-9c02-4063-b450-3f421a489ced/datanode-5/data/ratis] (custom)
2019-10-04 06:30:15,282 [pool-443-thread-1] INFO  impl.RaftServerImpl (RaftServerImpl.java:<init>(95)) - 2afc614f-6f75-4707-8c78-910edafb29bf: new RaftServerImpl for group-637F7C90044E:[de94de20-fda1-42b3-bacf-9c775a6cc57a:192.168.151.69:43665, 7678a048-151b-498b-9437-1840db1810f4:192.168.151.69:40003, 2afc614f-6f75-4707-8c78-910edafb29bf:192.168.151.69:42913] with ContainerStateMachine:uninitialized
2019-10-04 06:30:15,282 [pool-423-thread-1] INFO  server.RaftServerConfigKeys (ConfUtils.java:logGet(43)) - raft.server.rpc.timeout.max = 5200ms (custom)
2019-10-04 06:30:15,282 [pool-443-thread-1] INFO  server.RaftServerConfigKeys (ConfUtils.java:logGet(43)) - raft.server.rpc.timeout.min = 5s (custom)
2019-10-04 06:30:15,282 [pool-433-thread-1] INFO  server.RaftServerConfigKeys (ConfUtils.java:logGet(43)) - raft.server.log.corruption.policy = EXCEPTION (default)
2019-10-04 06:30:15,282 [pool-443-thread-1] INFO  server.RaftServerConfigKeys (ConfUtils.java:logGet(43)) - raft.server.rpc.timeout.max = 5200ms (custom)
2019-10-04 06:30:15,282 [pool-423-thread-1] INFO  server.RaftServerConfigKeys (ConfUtils.java:logGet(43)) - raft.server.rpcslowness.timeout = 120s (custom)
2019-10-04 06:30:15,283 [pool-443-thread-1] INFO  server.RaftServerConfigKeys (ConfUtils.java:logGet(43)) - raft.server.rpcslowness.timeout = 120s (custom)
2019-10-04 06:30:15,283 [pool-433-thread-1] INFO  storage.RaftStorageDirectory (RaftStorageDirectory.java:analyzeStorage(246)) - The storage directory /workdir/hadoop-ozone/integration-test/target/test-dir/MiniOzoneClusterImpl-8f4f3c31-9c02-4063-b450-3f421a489ced/datanode-5/data/ratis/c35cb2d6-64fa-48d4-8e45-637f7c90044e does not exist. Creating ...
2019-10-04 06:30:15,283 [pool-443-thread-1] INFO  server.RaftServerConfigKeys (ConfUtils.java:logGet(43)) - raft.server.sleep.deviation.threshold = 300 (default)
2019-10-04 06:30:15,283 [pool-423-thread-1] INFO  server.RaftServerConfigKeys (ConfUtils.java:logGet(43)) - raft.server.sleep.deviation.threshold = 300 (default)
2019-10-04 06:30:15,283 [pool-443-thread-1] INFO  server.RaftServerConfigKeys (ConfUtils.java:logGet(43)) - raft.server.log.appender.install.snapshot.enabled = false (custom)
2019-10-04 06:30:15,283 [pool-423-thread-1] INFO  server.RaftServerConfigKeys (ConfUtils.java:logGet(43)) - raft.server.log.appender.install.snapshot.enabled = false (custom)
2019-10-04 06:30:15,283 [pool-443-thread-1] INFO  impl.RaftServerImpl (ServerState.java:<init>(103)) - 2afc614f-6f75-4707-8c78-910edafb29bf@group-637F7C90044E: ConfigurationManager, init=-1: [de94de20-fda1-42b3-bacf-9c775a6cc57a:192.168.151.69:43665, 7678a048-151b-498b-9437-1840db1810f4:192.168.151.69:40003, 2afc614f-6f75-4707-8c78-910edafb29bf:192.168.151.69:42913], old=null, confs=<EMPTY_MAP>
2019-10-04 06:30:15,284 [pool-423-thread-1] INFO  impl.RaftServerImpl (ServerState.java:<init>(103)) - 7678a048-151b-498b-9437-1840db1810f4@group-637F7C90044E: ConfigurationManager, init=-1: [de94de20-fda1-42b3-bacf-9c775a6cc57a:192.168.151.69:43665, 7678a048-151b-498b-9437-1840db1810f4:192.168.151.69:40003, 2afc614f-6f75-4707-8c78-910edafb29bf:192.168.151.69:42913], old=null, confs=<EMPTY_MAP>
2019-10-04 06:30:15,284 [pool-443-thread-1] INFO  server.RaftServerConfigKeys (ConfUtils.java:logGet(43)) - raft.server.storage.dir = [/workdir/hadoop-ozone/integration-test/target/test-dir/MiniOzoneClusterImpl-8f4f3c31-9c02-4063-b450-3f421a489ced/datanode-6/data/ratis] (custom)
2019-10-04 06:30:15,284 [pool-423-thread-1] INFO  server.RaftServerConfigKeys (ConfUtils.java:logGet(43)) - raft.server.storage.dir = [/workdir/hadoop-ozone/integration-test/target/test-dir/MiniOzoneClusterImpl-8f4f3c31-9c02-4063-b450-3f421a489ced/datanode-4/data/ratis] (custom)
2019-10-04 06:30:15,284 [pool-443-thread-1] INFO  server.RaftServerConfigKeys (ConfUtils.java:logGet(43)) - raft.server.log.corruption.policy = EXCEPTION (default)
2019-10-04 06:30:15,284 [pool-423-thread-1] INFO  server.RaftServerConfigKeys (ConfUtils.java:logGet(43)) - raft.server.log.corruption.policy = EXCEPTION (default)
2019-10-04 06:30:15,284 [pool-443-thread-1] INFO  storage.RaftStorageDirectory (RaftStorageDirectory.java:analyzeStorage(246)) - The storage directory /workdir/hadoop-ozone/integration-test/target/test-dir/MiniOzoneClusterImpl-8f4f3c31-9c02-4063-b450-3f421a489ced/datanode-6/data/ratis/c35cb2d6-64fa-48d4-8e45-637f7c90044e does not exist. Creating ...
2019-10-04 06:30:15,285 [pool-423-thread-1] INFO  storage.RaftStorageDirectory (RaftStorageDirectory.java:analyzeStorage(246)) - The storage directory /workdir/hadoop-ozone/integration-test/target/test-dir/MiniOzoneClusterImpl-8f4f3c31-9c02-4063-b450-3f421a489ced/datanode-4/data/ratis/c35cb2d6-64fa-48d4-8e45-637f7c90044e does not exist. Creating ...
2019-10-04 06:30:15,297 [pool-433-thread-1] INFO  storage.RaftStorageDirectory (RaftStorageDirectory.java:tryLock(328)) - Lock on /workdir/hadoop-ozone/integration-test/target/test-dir/MiniOzoneClusterImpl-8f4f3c31-9c02-4063-b450-3f421a489ced/datanode-5/data/ratis/c35cb2d6-64fa-48d4-8e45-637f7c90044e/in_use.lock acquired by nodename 21365@trunk-nightly-20191004-lpvmn-70278721
2019-10-04 06:30:15,297 [pool-443-thread-1] INFO  storage.RaftStorageDirectory (RaftStorageDirectory.java:tryLock(328)) - Lock on /workdir/hadoop-ozone/integration-test/target/test-dir/MiniOzoneClusterImpl-8f4f3c31-9c02-4063-b450-3f421a489ced/datanode-6/data/ratis/c35cb2d6-64fa-48d4-8e45-637f7c90044e/in_use.lock acquired by nodename 21365@trunk-nightly-20191004-lpvmn-70278721
2019-10-04 06:30:15,297 [pool-423-thread-1] INFO  storage.RaftStorageDirectory (RaftStorageDirectory.java:tryLock(328)) - Lock on /workdir/hadoop-ozone/integration-test/target/test-dir/MiniOzoneClusterImpl-8f4f3c31-9c02-4063-b450-3f421a489ced/datanode-4/data/ratis/c35cb2d6-64fa-48d4-8e45-637f7c90044e/in_use.lock acquired by nodename 21365@trunk-nightly-20191004-lpvmn-70278721
2019-10-04 06:30:15,311 [pool-443-thread-1] INFO  storage.RaftStorage (RaftStorage.java:format(84)) - Storage directory /workdir/hadoop-ozone/integration-test/target/test-dir/MiniOzoneClusterImpl-8f4f3c31-9c02-4063-b450-3f421a489ced/datanode-6/data/ratis/c35cb2d6-64fa-48d4-8e45-637f7c90044e has been successfully formatted.
2019-10-04 06:30:15,311 [pool-433-thread-1] INFO  storage.RaftStorage (RaftStorage.java:format(84)) - Storage directory /workdir/hadoop-ozone/integration-test/target/test-dir/MiniOzoneClusterImpl-8f4f3c31-9c02-4063-b450-3f421a489ced/datanode-5/data/ratis/c35cb2d6-64fa-48d4-8e45-637f7c90044e has been successfully formatted.
2019-10-04 06:30:15,311 [pool-423-thread-1] INFO  storage.RaftStorage (RaftStorage.java:format(84)) - Storage directory /workdir/hadoop-ozone/integration-test/target/test-dir/MiniOzoneClusterImpl-8f4f3c31-9c02-4063-b450-3f421a489ced/datanode-4/data/ratis/c35cb2d6-64fa-48d4-8e45-637f7c90044e has been successfully formatted.
2019-10-04 06:30:15,311 [pool-443-thread-1] INFO  ratis.ContainerStateMachine (ContainerStateMachine.java:loadSnapshot(230)) - group-637F7C90044E: The snapshot info is null. Setting the last applied indexto:(t:0, i:~)
2019-10-04 06:30:15,311 [pool-423-thread-1] INFO  ratis.ContainerStateMachine (ContainerStateMachine.java:loadSnapshot(230)) - group-637F7C90044E: The snapshot info is null. Setting the last applied indexto:(t:0, i:~)
2019-10-04 06:30:15,311 [pool-433-thread-1] INFO  ratis.ContainerStateMachine (ContainerStateMachine.java:loadSnapshot(230)) - group-637F7C90044E: The snapshot info is null. Setting the last applied indexto:(t:0, i:~)
2019-10-04 06:30:15,311 [pool-423-thread-1] INFO  server.RaftServerConfigKeys (ConfUtils.java:logGet(43)) - raft.server.notification.no-leader.timeout = 120s (custom)
2019-10-04 06:30:15,311 [pool-443-thread-1] INFO  server.RaftServerConfigKeys (ConfUtils.java:logGet(43)) - raft.server.notification.no-leader.timeout = 120s (custom)
2019-10-04 06:30:15,312 [pool-423-thread-1] INFO  server.RaftServerConfigKeys (ConfUtils.java:logGet(43)) - raft.server.log.use.memory = false (default)
2019-10-04 06:30:15,312 [pool-433-thread-1] INFO  server.RaftServerConfigKeys (ConfUtils.java:logGet(43)) - raft.server.notification.no-leader.timeout = 120s (custom)
2019-10-04 06:30:15,312 [pool-423-thread-1] INFO  server.RaftServerConfigKeys (ConfUtils.java:logGet(43)) - raft.server.log.purge.gap = 1000000 (custom)
2019-10-04 06:30:15,312 [pool-443-thread-1] INFO  server.RaftServerConfigKeys (ConfUtils.java:logGet(43)) - raft.server.log.use.memory = false (default)
2019-10-04 06:30:15,312 [pool-423-thread-1] INFO  server.RaftServerConfigKeys (ConfUtils.java:logGet(43)) - raft.server.log.appender.buffer.byte-limit = 33554432 (custom)
2019-10-04 06:30:15,312 [pool-433-thread-1] INFO  server.RaftServerConfigKeys (ConfUtils.java:logGet(43)) - raft.server.log.use.memory = false (default)
2019-10-04 06:30:15,312 [pool-423-thread-1] INFO  server.RaftServerConfigKeys (ConfUtils.java:logGet(43)) - raft.server.log.segment.size.max = 1048576 (custom)
2019-10-04 06:30:15,312 [pool-443-thread-1] INFO  server.RaftServerConfigKeys (ConfUtils.java:logGet(43)) - raft.server.log.purge.gap = 1000000 (custom)
2019-10-04 06:30:15,313 [pool-423-thread-1] INFO  server.RaftServerConfigKeys (ConfUtils.java:logGet(43)) - raft.server.log.segment.cache.num.max = 2 (custom)
2019-10-04 06:30:15,312 [pool-433-thread-1] INFO  server.RaftServerConfigKeys (ConfUtils.java:logGet(43)) - raft.server.log.purge.gap = 1000000 (custom)
2019-10-04 06:30:15,313 [pool-423-thread-1] INFO  segmented.SegmentedRaftLogWorker (SegmentedRaftLogWorker.java:<init>(173)) - new 7678a048-151b-498b-9437-1840db1810f4@group-637F7C90044E-SegmentedRaftLogWorker for RaftStorage:Storage Directory /workdir/hadoop-ozone/integration-test/target/test-dir/MiniOzoneClusterImpl-8f4f3c31-9c02-4063-b450-3f421a489ced/datanode-4/data/ratis/c35cb2d6-64fa-48d4-8e45-637f7c90044e
2019-10-04 06:30:15,313 [pool-443-thread-1] INFO  server.RaftServerConfigKeys (ConfUtils.java:logGet(43)) - raft.server.log.appender.buffer.byte-limit = 33554432 (custom)
2019-10-04 06:30:15,313 [pool-423-thread-1] INFO  server.RaftServerConfigKeys (ConfUtils.java:logGet(43)) - raft.server.log.queue.byte-limit = 2147483647 (custom)
2019-10-04 06:30:15,313 [pool-433-thread-1] INFO  server.RaftServerConfigKeys (ConfUtils.java:logGet(43)) - raft.server.log.appender.buffer.byte-limit = 33554432 (custom)
2019-10-04 06:30:15,313 [pool-423-thread-1] INFO  server.RaftServerConfigKeys (ConfUtils.java:logGet(43)) - raft.server.log.queue.element-limit = 1024 (custom)
2019-10-04 06:30:15,313 [pool-443-thread-1] INFO  server.RaftServerConfigKeys (ConfUtils.java:logGet(43)) - raft.server.log.segment.size.max = 1048576 (custom)
2019-10-04 06:30:15,313 [pool-423-thread-1] INFO  server.RaftServerConfigKeys (ConfUtils.java:logGet(43)) - raft.server.log.segment.size.max = 1048576 (custom)
2019-10-04 06:30:15,313 [pool-433-thread-1] INFO  server.RaftServerConfigKeys (ConfUtils.java:logGet(43)) - raft.server.log.segment.size.max = 1048576 (custom)
2019-10-04 06:30:15,314 [pool-423-thread-1] INFO  server.RaftServerConfigKeys (ConfUtils.java:logGet(43)) - raft.server.log.preallocated.size = 16384 (custom)
2019-10-04 06:30:15,314 [pool-443-thread-1] INFO  server.RaftServerConfigKeys (ConfUtils.java:logGet(43)) - raft.server.log.segment.cache.num.max = 2 (custom)
2019-10-04 06:30:15,314 [pool-423-thread-1] INFO  server.RaftServerConfigKeys (ConfUtils.java:logGet(43)) - raft.server.log.write.buffer.size = 33554432 (custom)
2019-10-04 06:30:15,314 [pool-423-thread-1] INFO  server.RaftServerConfigKeys (ConfUtils.java:logGet(43)) - raft.server.log.force.sync.num = 128 (default)
2019-10-04 06:30:15,314 [pool-433-thread-1] INFO  server.RaftServerConfigKeys (ConfUtils.java:logGet(43)) - raft.server.log.segment.cache.num.max = 2 (custom)
2019-10-04 06:30:15,314 [pool-423-thread-1] INFO  server.RaftServerConfigKeys (ConfUtils.java:logGet(43)) - raft.server.log.statemachine.data.sync = true (default)
2019-10-04 06:30:15,314 [pool-423-thread-1] INFO  server.RaftServerConfigKeys (ConfUtils.java:logGet(43)) - raft.server.log.statemachine.data.sync.timeout = 10s (default)
2019-10-04 06:30:15,314 [pool-443-thread-1] INFO  segmented.SegmentedRaftLogWorker (SegmentedRaftLogWorker.java:<init>(173)) - new 2afc614f-6f75-4707-8c78-910edafb29bf@group-637F7C90044E-SegmentedRaftLogWorker for RaftStorage:Storage Directory /workdir/hadoop-ozone/integration-test/target/test-dir/MiniOzoneClusterImpl-8f4f3c31-9c02-4063-b450-3f421a489ced/datanode-6/data/ratis/c35cb2d6-64fa-48d4-8e45-637f7c90044e
2019-10-04 06:30:15,314 [pool-423-thread-1] INFO  server.RaftServerConfigKeys (ConfUtils.java:logGet(43)) - raft.server.log.statemachine.data.sync.timeout.retry = -1 (default)
2019-10-04 06:30:15,314 [pool-433-thread-1] INFO  segmented.SegmentedRaftLogWorker (SegmentedRaftLogWorker.java:<init>(173)) - new de94de20-fda1-42b3-bacf-9c775a6cc57a@group-637F7C90044E-SegmentedRaftLogWorker for RaftStorage:Storage Directory /workdir/hadoop-ozone/integration-test/target/test-dir/MiniOzoneClusterImpl-8f4f3c31-9c02-4063-b450-3f421a489ced/datanode-5/data/ratis/c35cb2d6-64fa-48d4-8e45-637f7c90044e
2019-10-04 06:30:15,315 [pool-423-thread-1] INFO  server.RaftServerConfigKeys (ConfUtils.java:logGet(43)) - raft.server.log.statemachine.data.caching.enabled = true (custom)
2019-10-04 06:30:15,315 [pool-443-thread-1] INFO  server.RaftServerConfigKeys (ConfUtils.java:logGet(43)) - raft.server.log.queue.byte-limit = 2147483647 (custom)
2019-10-04 06:30:15,315 [pool-423-thread-1] INFO  segmented.SegmentedRaftLogWorker (SegmentedRaftLogWorker.java:lambda$new$0(128)) - 7678a048-151b-498b-9437-1840db1810f4@group-637F7C90044E-SegmentedRaftLogWorker: flushIndex: setUnconditionally 0 -> -1
2019-10-04 06:30:15,315 [pool-433-thread-1] INFO  server.RaftServerConfigKeys (ConfUtils.java:logGet(43)) - raft.server.log.queue.byte-limit = 2147483647 (custom)
2019-10-04 06:30:15,315 [pool-423-thread-1] INFO  server.RaftServerConfigKeys (ConfUtils.java:logGet(43)) - raft.server.snapshot.auto.trigger.enabled = true (custom)
2019-10-04 06:30:15,315 [pool-443-thread-1] INFO  server.RaftServerConfigKeys (ConfUtils.java:logGet(43)) - raft.server.log.queue.element-limit = 1024 (custom)
2019-10-04 06:30:15,315 [pool-423-thread-1] INFO  server.RaftServerConfigKeys (ConfUtils.java:logGet(43)) - raft.server.snapshot.auto.trigger.threshold = 10000 (custom)
2019-10-04 06:30:15,316 [pool-423-thread-1] INFO  server.RaftServerConfigKeys (ConfUtils.java:logGet(43)) - raft.server.snapshot.retention.file.num = 5 (custom)
2019-10-04 06:30:15,315 [pool-433-thread-1] INFO  server.RaftServerConfigKeys (ConfUtils.java:logGet(43)) - raft.server.log.queue.element-limit = 1024 (custom)
2019-10-04 06:30:15,316 [pool-423-thread-1] INFO  server.RaftServerConfigKeys (ConfUtils.java:logGet(43)) - raft.server.retrycache.expirytime = 600000ms (custom)
2019-10-04 06:30:15,316 [pool-443-thread-1] INFO  server.RaftServerConfigKeys (ConfUtils.java:logGet(43)) - raft.server.log.segment.size.max = 1048576 (custom)
2019-10-04 06:30:15,316 [pool-433-thread-1] INFO  server.RaftServerConfigKeys (ConfUtils.java:logGet(43)) - raft.server.log.segment.size.max = 1048576 (custom)
2019-10-04 06:30:15,316 [pool-443-thread-1] INFO  server.RaftServerConfigKeys (ConfUtils.java:logGet(43)) - raft.server.log.preallocated.size = 16384 (custom)
2019-10-04 06:30:15,316 [pool-433-thread-1] INFO  server.RaftServerConfigKeys (ConfUtils.java:logGet(43)) - raft.server.log.preallocated.size = 16384 (custom)
2019-10-04 06:30:15,317 [pool-443-thread-1] INFO  server.RaftServerConfigKeys (ConfUtils.java:logGet(43)) - raft.server.log.write.buffer.size = 33554432 (custom)
2019-10-04 06:30:15,317 [pool-433-thread-1] INFO  server.RaftServerConfigKeys (ConfUtils.java:logGet(43)) - raft.server.log.write.buffer.size = 33554432 (custom)
2019-10-04 06:30:15,317 [pool-443-thread-1] INFO  server.RaftServerConfigKeys (ConfUtils.java:logGet(43)) - raft.server.log.force.sync.num = 128 (default)
2019-10-04 06:30:15,317 [pool-433-thread-1] INFO  server.RaftServerConfigKeys (ConfUtils.java:logGet(43)) - raft.server.log.force.sync.num = 128 (default)
2019-10-04 06:30:15,317 [pool-443-thread-1] INFO  server.RaftServerConfigKeys (ConfUtils.java:logGet(43)) - raft.server.log.statemachine.data.sync = true (default)
2019-10-04 06:30:15,317 [pool-433-thread-1] INFO  server.RaftServerConfigKeys (ConfUtils.java:logGet(43)) - raft.server.log.statemachine.data.sync = true (default)
2019-10-04 06:30:15,317 [pool-423-thread-1] INFO  impl.RaftServerImpl (RaftServerImpl.java:start(181)) - 7678a048-151b-498b-9437-1840db1810f4@group-637F7C90044E: start as a follower, conf=-1: [de94de20-fda1-42b3-bacf-9c775a6cc57a:192.168.151.69:43665, 7678a048-151b-498b-9437-1840db1810f4:192.168.151.69:40003, 2afc614f-6f75-4707-8c78-910edafb29bf:192.168.151.69:42913], old=null
2019-10-04 06:30:15,317 [pool-443-thread-1] INFO  server.RaftServerConfigKeys (ConfUtils.java:logGet(43)) - raft.server.log.statemachine.data.sync.timeout = 10s (default)
2019-10-04 06:30:15,318 [pool-423-thread-1] INFO  impl.RaftServerImpl (RaftServerImpl.java:setRole(170)) - 7678a048-151b-498b-9437-1840db1810f4@group-637F7C90044E: changes role from      null to FOLLOWER at term 0 for startAsFollower
2019-10-04 06:30:15,317 [pool-433-thread-1] INFO  server.RaftServerConfigKeys (ConfUtils.java:logGet(43)) - raft.server.log.statemachine.data.sync.timeout = 10s (default)
2019-10-04 06:30:15,318 [pool-423-thread-1] INFO  impl.RoleInfo (RoleInfo.java:updateAndGet(143)) - 7678a048-151b-498b-9437-1840db1810f4: start FollowerState
2019-10-04 06:30:15,318 [pool-443-thread-1] INFO  server.RaftServerConfigKeys (ConfUtils.java:logGet(43)) - raft.server.log.statemachine.data.sync.timeout.retry = -1 (default)
2019-10-04 06:30:15,318 [pool-433-thread-1] INFO  server.RaftServerConfigKeys (ConfUtils.java:logGet(43)) - raft.server.log.statemachine.data.sync.timeout.retry = -1 (default)
2019-10-04 06:30:15,318 [pool-443-thread-1] INFO  server.RaftServerConfigKeys (ConfUtils.java:logGet(43)) - raft.server.log.statemachine.data.caching.enabled = true (custom)
2019-10-04 06:30:15,318 [pool-423-thread-1] INFO  util.JmxRegister (JmxRegister.java:tryRegister(44)) - Successfully registered JMX Bean with object name Ratis:service=RaftServer,group=group-637F7C90044E,id=7678a048-151b-498b-9437-1840db1810f4
2019-10-04 06:30:15,318 [pool-433-thread-1] INFO  server.RaftServerConfigKeys (ConfUtils.java:logGet(43)) - raft.server.log.statemachine.data.caching.enabled = true (custom)
2019-10-04 06:30:15,319 [pool-443-thread-1] INFO  segmented.SegmentedRaftLogWorker (SegmentedRaftLogWorker.java:lambda$new$0(128)) - 2afc614f-6f75-4707-8c78-910edafb29bf@group-637F7C90044E-SegmentedRaftLogWorker: flushIndex: setUnconditionally 0 -> -1
2019-10-04 06:30:15,319 [pool-433-thread-1] INFO  segmented.SegmentedRaftLogWorker (SegmentedRaftLogWorker.java:lambda$new$0(128)) - de94de20-fda1-42b3-bacf-9c775a6cc57a@group-637F7C90044E-SegmentedRaftLogWorker: flushIndex: setUnconditionally 0 -> -1
2019-10-04 06:30:15,319 [pool-443-thread-1] INFO  server.RaftServerConfigKeys (ConfUtils.java:logGet(43)) - raft.server.snapshot.auto.trigger.enabled = true (custom)
2019-10-04 06:30:15,319 [pool-433-thread-1] INFO  server.RaftServerConfigKeys (ConfUtils.java:logGet(43)) - raft.server.snapshot.auto.trigger.enabled = true (custom)
2019-10-04 06:30:15,319 [pool-443-thread-1] INFO  server.RaftServerConfigKeys (ConfUtils.java:logGet(43)) - raft.server.snapshot.auto.trigger.threshold = 10000 (custom)
2019-10-04 06:30:15,319 [pool-433-thread-1] INFO  server.RaftServerConfigKeys (ConfUtils.java:logGet(43)) - raft.server.snapshot.auto.trigger.threshold = 10000 (custom)
2019-10-04 06:30:15,319 [pool-443-thread-1] INFO  server.RaftServerConfigKeys (ConfUtils.java:logGet(43)) - raft.server.snapshot.retention.file.num = 5 (custom)
2019-10-04 06:30:15,319 [pool-433-thread-1] INFO  server.RaftServerConfigKeys (ConfUtils.java:logGet(43)) - raft.server.snapshot.retention.file.num = 5 (custom)
2019-10-04 06:30:15,320 [pool-443-thread-1] INFO  server.RaftServerConfigKeys (ConfUtils.java:logGet(43)) - raft.server.retrycache.expirytime = 600000ms (custom)
2019-10-04 06:30:15,320 [pool-433-thread-1] INFO  server.RaftServerConfigKeys (ConfUtils.java:logGet(43)) - raft.server.retrycache.expirytime = 600000ms (custom)
2019-10-04 06:30:15,327 [pool-433-thread-1] INFO  impl.RaftServerImpl (RaftServerImpl.java:start(181)) - de94de20-fda1-42b3-bacf-9c775a6cc57a@group-637F7C90044E: start as a follower, conf=-1: [de94de20-fda1-42b3-bacf-9c775a6cc57a:192.168.151.69:43665, 7678a048-151b-498b-9437-1840db1810f4:192.168.151.69:40003, 2afc614f-6f75-4707-8c78-910edafb29bf:192.168.151.69:42913], old=null
2019-10-04 06:30:15,327 [pool-443-thread-1] INFO  impl.RaftServerImpl (RaftServerImpl.java:start(181)) - 2afc614f-6f75-4707-8c78-910edafb29bf@group-637F7C90044E: start as a follower, conf=-1: [de94de20-fda1-42b3-bacf-9c775a6cc57a:192.168.151.69:43665, 7678a048-151b-498b-9437-1840db1810f4:192.168.151.69:40003, 2afc614f-6f75-4707-8c78-910edafb29bf:192.168.151.69:42913], old=null
2019-10-04 06:30:15,327 [pool-433-thread-1] INFO  impl.RaftServerImpl (RaftServerImpl.java:setRole(170)) - de94de20-fda1-42b3-bacf-9c775a6cc57a@group-637F7C90044E: changes role from      null to FOLLOWER at term 0 for startAsFollower
2019-10-04 06:30:15,327 [pool-443-thread-1] INFO  impl.RaftServerImpl (RaftServerImpl.java:setRole(170)) - 2afc614f-6f75-4707-8c78-910edafb29bf@group-637F7C90044E: changes role from      null to FOLLOWER at term 0 for startAsFollower
2019-10-04 06:30:15,327 [pool-433-thread-1] INFO  impl.RoleInfo (RoleInfo.java:updateAndGet(143)) - de94de20-fda1-42b3-bacf-9c775a6cc57a: start FollowerState
2019-10-04 06:30:15,327 [pool-443-thread-1] INFO  impl.RoleInfo (RoleInfo.java:updateAndGet(143)) - 2afc614f-6f75-4707-8c78-910edafb29bf: start FollowerState
2019-10-04 06:30:15,328 [pool-433-thread-1] INFO  util.JmxRegister (JmxRegister.java:tryRegister(44)) - Successfully registered JMX Bean with object name Ratis:service=RaftServer,group=group-637F7C90044E,id=de94de20-fda1-42b3-bacf-9c775a6cc57a
2019-10-04 06:30:15,328 [pool-443-thread-1] INFO  util.JmxRegister (JmxRegister.java:tryRegister(44)) - Successfully registered JMX Bean with object name Ratis:service=RaftServer,group=group-637F7C90044E,id=2afc614f-6f75-4707-8c78-910edafb29bf
2019-10-04 06:30:15,340 [RatisPipelineUtilsThread] INFO  pipeline.PipelineStateManager (PipelineStateManager.java:addPipeline(56)) - Created pipeline Pipeline[ Id: c35cb2d6-64fa-48d4-8e45-637f7c90044e, Nodes: 2afc614f-6f75-4707-8c78-910edafb29bf{ip: 192.168.151.69, host: trunk-nightly-20191004-lpvmn-70278721, networkLocation: /default-rack, certSerialId: null}de94de20-fda1-42b3-bacf-9c775a6cc57a{ip: 192.168.151.69, host: trunk-nightly-20191004-lpvmn-70278721, networkLocation: /default-rack, certSerialId: null}7678a048-151b-498b-9437-1840db1810f4{ip: 192.168.151.69, host: trunk-nightly-20191004-lpvmn-70278721, networkLocation: /default-rack, certSerialId: null}, Type:RATIS, Factor:THREE, State:OPEN]
2019-10-04 06:30:16,171 [main] INFO  ozone.MiniOzoneClusterImpl (MiniOzoneClusterImpl.java:lambda$waitForClusterToBeReady$0(147)) - Cluster is ready. Got 7 of 7 DN Heartbeats.
2019-10-04 06:30:16,236 [main] INFO  rpc.RpcClient (RpcClient.java:createVolume(277)) - Creating Volume: watchforcommithandlingtest, with jenkins1000 as owner.
2019-10-04 06:30:16,239 [IPC Server handler 3 on 40126] INFO  volume.OMVolumeCreateRequest (OMVolumeCreateRequest.java:validateAndUpdateCache(193)) - created volume:watchforcommithandlingtest for user:jenkins1000
2019-10-04 06:30:16,261 [main] INFO  rpc.RpcClient (RpcClient.java:createBucket(416)) - Creating Bucket: watchforcommithandlingtest/watchforcommithandlingtest, with Versioning false and Storage Type set to DISK and Encryption set to false 
2019-10-04 06:30:16,268 [main] INFO  ozone.MiniOzoneClusterImpl (MiniOzoneClusterImpl.java:getStorageContainerLocationClient(234)) - Creating StorageContainerLocationProtocol RPC client with address /0.0.0.0:35350
2019-10-04 06:30:16,269 [grpc-default-executor-7] WARN  server.GrpcLogAppender (LogUtils.java:warn(134)) - 1a60f1dd-57b0-4e50-a131-82451b1e3cfa@group-A4CF8F989565->5d6dac2c-28ba-4e48-a46a-83fcc0658c61-AppendLogResponseHandler: Failed appendEntries: org.apache.ratis.thirdparty.io.grpc.StatusRuntimeException: UNAVAILABLE: io exception
2019-10-04 06:30:16,269 [grpc-default-executor-7] INFO  impl.FollowerInfo (FollowerInfo.java:lambda$new$0(51)) - 1a60f1dd-57b0-4e50-a131-82451b1e3cfa@group-A4CF8F989565->5d6dac2c-28ba-4e48-a46a-83fcc0658c61: nextIndex: updateUnconditionally 0 -> 0
2019-10-04 06:30:16,288 [grpc-default-executor-4] WARN  server.GrpcLogAppender (LogUtils.java:warn(134)) - 1a60f1dd-57b0-4e50-a131-82451b1e3cfa@group-A4CF8F989565->f60682d0-d3c6-4810-99e4-62a378b29a6d-AppendLogResponseHandler: Failed appendEntries: org.apache.ratis.thirdparty.io.grpc.StatusRuntimeException: UNAVAILABLE: io exception
2019-10-04 06:30:16,293 [grpc-default-executor-4] INFO  impl.FollowerInfo (FollowerInfo.java:lambda$new$0(51)) - 1a60f1dd-57b0-4e50-a131-82451b1e3cfa@group-A4CF8F989565->f60682d0-d3c6-4810-99e4-62a378b29a6d: nextIndex: updateUnconditionally 0 -> 0
2019-10-04 06:30:17,676 [Thread-2349] INFO  container.ReplicationManager (ReplicationManager.java:start(162)) - Starting Replication Monitor Thread.
2019-10-04 06:30:17,683 [ReplicationMonitor] INFO  container.ReplicationManager (ReplicationManager.java:run(225)) - Replication Monitor Thread took 0 milliseconds for processing 1 containers.
2019-10-04 06:30:18,056 [Thread-2405] INFO  client.GrpcClientProtocolService (GrpcClientProtocolService.java:lambda$processClientRequest$0(278)) - Failed RaftClientRequest:client-50FED94CA7EE->1a60f1dd-57b0-4e50-a131-82451b1e3cfa@group-A4CF8F989565, cid=68, seq=0, Watch-MAJORITY_COMMITTED(101), Message:<EMPTY>, reply=RaftClientReply:client-50FED94CA7EE->1a60f1dd-57b0-4e50-a131-82451b1e3cfa@group-A4CF8F989565, cid=68, FAILED org.apache.ratis.protocol.NotReplicatedException: Request with call Id 68 and log index 101 is not yet replicated to MAJORITY_COMMITTED, logIndex=101, commits[1a60f1dd-57b0-4e50-a131-82451b1e3cfa:c2, f60682d0-d3c6-4810-99e4-62a378b29a6d:c2, 5d6dac2c-28ba-4e48-a46a-83fcc0658c61:c2]
2019-10-04 06:30:18,056 [Thread-2406] INFO  client.GrpcClientProtocolService (GrpcClientProtocolService.java:lambda$processClientRequest$0(278)) - Failed RaftClientRequest:client-50FED94CA7EE->1a60f1dd-57b0-4e50-a131-82451b1e3cfa@group-A4CF8F989565, cid=67, seq=0, Watch-ALL_COMMITTED(101), Message:<EMPTY>, reply=RaftClientReply:client-50FED94CA7EE->1a60f1dd-57b0-4e50-a131-82451b1e3cfa@group-A4CF8F989565, cid=67, FAILED org.apache.ratis.protocol.NotReplicatedException: Request with call Id 67 and log index 101 is not yet replicated to ALL_COMMITTED, logIndex=101, commits[1a60f1dd-57b0-4e50-a131-82451b1e3cfa:c2, f60682d0-d3c6-4810-99e4-62a378b29a6d:c2, 5d6dac2c-28ba-4e48-a46a-83fcc0658c61:c2]
2019-10-04 06:30:18,769 [grpc-default-executor-7] WARN  server.GrpcLogAppender (LogUtils.java:warn(134)) - 1a60f1dd-57b0-4e50-a131-82451b1e3cfa@group-A4CF8F989565->5d6dac2c-28ba-4e48-a46a-83fcc0658c61-AppendLogResponseHandler: Failed appendEntries: org.apache.ratis.thirdparty.io.grpc.StatusRuntimeException: UNAVAILABLE: io exception
2019-10-04 06:30:18,770 [grpc-default-executor-7] INFO  impl.FollowerInfo (FollowerInfo.java:lambda$new$0(51)) - 1a60f1dd-57b0-4e50-a131-82451b1e3cfa@group-A4CF8F989565->5d6dac2c-28ba-4e48-a46a-83fcc0658c61: nextIndex: updateUnconditionally 0 -> 0
2019-10-04 06:30:18,785 [grpc-default-executor-4] WARN  server.GrpcLogAppender (LogUtils.java:warn(134)) - 1a60f1dd-57b0-4e50-a131-82451b1e3cfa@group-A4CF8F989565->f60682d0-d3c6-4810-99e4-62a378b29a6d-AppendLogResponseHandler: Failed appendEntries: org.apache.ratis.thirdparty.io.grpc.StatusRuntimeException: UNAVAILABLE: io exception
2019-10-04 06:30:18,786 [grpc-default-executor-4] INFO  impl.FollowerInfo (FollowerInfo.java:lambda$new$0(51)) - 1a60f1dd-57b0-4e50-a131-82451b1e3cfa@group-A4CF8F989565->f60682d0-d3c6-4810-99e4-62a378b29a6d: nextIndex: updateUnconditionally 0 -> 0
2019-10-04 06:30:19,859 [Thread-2354] INFO  impl.FollowerState (FollowerState.java:run(108)) - 8ed780ea-22a2-4102-ada8-ecc3c5c80975@group-7D8789CDB2DB-FollowerState: change to CANDIDATE, lastRpcTime:5087ms, electionTimeout:5087ms
2019-10-04 06:30:19,860 [Thread-2354] INFO  impl.RoleInfo (RoleInfo.java:shutdownFollowerState(121)) - 8ed780ea-22a2-4102-ada8-ecc3c5c80975: shutdown FollowerState
2019-10-04 06:30:19,861 [Thread-2354] INFO  impl.RaftServerImpl (RaftServerImpl.java:setRole(170)) - 8ed780ea-22a2-4102-ada8-ecc3c5c80975@group-7D8789CDB2DB: changes role from  FOLLOWER to CANDIDATE at term 0 for changeToCandidate
2019-10-04 06:30:19,861 [Thread-2354] INFO  impl.RoleInfo (RoleInfo.java:updateAndGet(143)) - 8ed780ea-22a2-4102-ada8-ecc3c5c80975: start LeaderElection
2019-10-04 06:30:19,894 [8ed780ea-22a2-4102-ada8-ecc3c5c80975@group-7D8789CDB2DB-LeaderElection90] INFO  impl.LeaderElection (LeaderElection.java:askForVotes(178)) - 8ed780ea-22a2-4102-ada8-ecc3c5c80975@group-7D8789CDB2DB-LeaderElection90: begin an election at term 1 for -1: [8ed780ea-22a2-4102-ada8-ecc3c5c80975:192.168.151.69:33231], old=null
2019-10-04 06:30:19,894 [8ed780ea-22a2-4102-ada8-ecc3c5c80975@group-7D8789CDB2DB-LeaderElection90] INFO  impl.RoleInfo (RoleInfo.java:shutdownLeaderElection(134)) - 8ed780ea-22a2-4102-ada8-ecc3c5c80975: shutdown LeaderElection
2019-10-04 06:30:19,895 [8ed780ea-22a2-4102-ada8-ecc3c5c80975@group-7D8789CDB2DB-LeaderElection90] INFO  impl.RaftServerImpl (RaftServerImpl.java:setRole(170)) - 8ed780ea-22a2-4102-ada8-ecc3c5c80975@group-7D8789CDB2DB: changes role from CANDIDATE to LEADER at term 1 for changeToLeader
2019-10-04 06:30:19,895 [8ed780ea-22a2-4102-ada8-ecc3c5c80975@group-7D8789CDB2DB-LeaderElection90] INFO  impl.RaftServerImpl (ServerState.java:setLeader(255)) - 8ed780ea-22a2-4102-ada8-ecc3c5c80975@group-7D8789CDB2DB: change Leader from null to 8ed780ea-22a2-4102-ada8-ecc3c5c80975 at term 1 for becomeLeader, leader elected after 5127ms
2019-10-04 06:30:19,895 [8ed780ea-22a2-4102-ada8-ecc3c5c80975@group-7D8789CDB2DB-LeaderElection90] INFO  server.RaftServerConfigKeys (ConfUtils.java:logGet(43)) - raft.server.staging.catchup.gap = 1000 (default)
2019-10-04 06:30:19,895 [8ed780ea-22a2-4102-ada8-ecc3c5c80975@group-7D8789CDB2DB-LeaderElection90] INFO  server.RaftServerConfigKeys (ConfUtils.java:logGet(43)) - raft.server.rpc.sleep.time = 25ms (default)
2019-10-04 06:30:19,896 [8ed780ea-22a2-4102-ada8-ecc3c5c80975@group-7D8789CDB2DB-LeaderElection90] INFO  server.RaftServerConfigKeys (ConfUtils.java:logGet(43)) - raft.server.write.element-limit = 4096 (default)
2019-10-04 06:30:19,896 [8ed780ea-22a2-4102-ada8-ecc3c5c80975@group-7D8789CDB2DB-LeaderElection90] INFO  server.RaftServerConfigKeys (ConfUtils.java:logGet(43)) - raft.server.watch.timeout = 10s (default)
2019-10-04 06:30:19,896 [8ed780ea-22a2-4102-ada8-ecc3c5c80975@group-7D8789CDB2DB-LeaderElection90] INFO  server.RaftServerConfigKeys (ConfUtils.java:logGet(43)) - raft.server.watch.timeout.denomination = 1s (default)
2019-10-04 06:30:19,896 [8ed780ea-22a2-4102-ada8-ecc3c5c80975@group-7D8789CDB2DB-LeaderElection90] INFO  server.RaftServerConfigKeys (ConfUtils.java:logGet(43)) - raft.server.watch.element-limit = 65536 (default)
2019-10-04 06:30:19,899 [8ed780ea-22a2-4102-ada8-ecc3c5c80975@group-7D8789CDB2DB-LeaderElection90] INFO  impl.RoleInfo (RoleInfo.java:updateAndGet(143)) - 8ed780ea-22a2-4102-ada8-ecc3c5c80975: start LeaderState
2019-10-04 06:30:19,900 [8ed780ea-22a2-4102-ada8-ecc3c5c80975@group-7D8789CDB2DB-LeaderElection90] INFO  segmented.SegmentedRaftLogWorker (SegmentedRaftLogWorker.java:startLogSegment(385)) - 8ed780ea-22a2-4102-ada8-ecc3c5c80975@group-7D8789CDB2DB-SegmentedRaftLogWorker: Starting segment from index:0
2019-10-04 06:30:19,901 [8ed780ea-22a2-4102-ada8-ecc3c5c80975@group-7D8789CDB2DB-LeaderElection90] INFO  impl.RaftServerImpl (ServerState.java:setRaftConf(356)) - 8ed780ea-22a2-4102-ada8-ecc3c5c80975@group-7D8789CDB2DB: set configuration 0: [8ed780ea-22a2-4102-ada8-ecc3c5c80975:192.168.151.69:33231], old=null at 0
2019-10-04 06:30:19,920 [Thread-2351] INFO  impl.FollowerState (FollowerState.java:run(108)) - 64d95ac8-37cd-4bae-8003-3f5227b2144b@group-5D17B24A7B8F-FollowerState: change to CANDIDATE, lastRpcTime:5198ms, electionTimeout:5198ms
2019-10-04 06:30:19,921 [Thread-2351] INFO  impl.RoleInfo (RoleInfo.java:shutdownFollowerState(121)) - 64d95ac8-37cd-4bae-8003-3f5227b2144b: shutdown FollowerState
2019-10-04 06:30:19,921 [Thread-2351] INFO  impl.RaftServerImpl (RaftServerImpl.java:setRole(170)) - 64d95ac8-37cd-4bae-8003-3f5227b2144b@group-5D17B24A7B8F: changes role from  FOLLOWER to CANDIDATE at term 0 for changeToCandidate
2019-10-04 06:30:19,921 [Thread-2351] INFO  impl.RoleInfo (RoleInfo.java:updateAndGet(143)) - 64d95ac8-37cd-4bae-8003-3f5227b2144b: start LeaderElection
2019-10-04 06:30:19,946 [Thread-2357] INFO  impl.FollowerState (FollowerState.java:run(108)) - 9d630184-749b-41e4-9c8c-2fff765cb0bb@group-30259D4F4ECA-FollowerState: change to CANDIDATE, lastRpcTime:5085ms, electionTimeout:5085ms
2019-10-04 06:30:19,946 [Thread-2357] INFO  impl.RoleInfo (RoleInfo.java:shutdownFollowerState(121)) - 9d630184-749b-41e4-9c8c-2fff765cb0bb: shutdown FollowerState
2019-10-04 06:30:19,947 [Thread-2357] INFO  impl.RaftServerImpl (RaftServerImpl.java:setRole(170)) - 9d630184-749b-41e4-9c8c-2fff765cb0bb@group-30259D4F4ECA: changes role from  FOLLOWER to CANDIDATE at term 0 for changeToCandidate
2019-10-04 06:30:19,947 [Thread-2357] INFO  impl.RoleInfo (RoleInfo.java:updateAndGet(143)) - 9d630184-749b-41e4-9c8c-2fff765cb0bb: start LeaderElection
2019-10-04 06:30:19,967 [8ed780ea-22a2-4102-ada8-ecc3c5c80975@group-7D8789CDB2DB-SegmentedRaftLogWorker] INFO  segmented.SegmentedRaftLogWorker (SegmentedRaftLogWorker.java:execute(574)) - 8ed780ea-22a2-4102-ada8-ecc3c5c80975@group-7D8789CDB2DB-SegmentedRaftLogWorker: created new log segment /workdir/hadoop-ozone/integration-test/target/test-dir/MiniOzoneClusterImpl-8f4f3c31-9c02-4063-b450-3f421a489ced/datanode-1/data/ratis/2123e329-e7f2-43c5-b1f8-7d8789cdb2db/current/log_inprogress_0
2019-10-04 06:30:19,967 [64d95ac8-37cd-4bae-8003-3f5227b2144b@group-5D17B24A7B8F-LeaderElection91] INFO  impl.LeaderElection (LeaderElection.java:askForVotes(178)) - 64d95ac8-37cd-4bae-8003-3f5227b2144b@group-5D17B24A7B8F-LeaderElection91: begin an election at term 1 for -1: [64d95ac8-37cd-4bae-8003-3f5227b2144b:192.168.151.69:42282], old=null
2019-10-04 06:30:19,967 [64d95ac8-37cd-4bae-8003-3f5227b2144b@group-5D17B24A7B8F-LeaderElection91] INFO  impl.RoleInfo (RoleInfo.java:shutdownLeaderElection(134)) - 64d95ac8-37cd-4bae-8003-3f5227b2144b: shutdown LeaderElection
2019-10-04 06:30:19,967 [64d95ac8-37cd-4bae-8003-3f5227b2144b@group-5D17B24A7B8F-LeaderElection91] INFO  impl.RaftServerImpl (RaftServerImpl.java:setRole(170)) - 64d95ac8-37cd-4bae-8003-3f5227b2144b@group-5D17B24A7B8F: changes role from CANDIDATE to LEADER at term 1 for changeToLeader
2019-10-04 06:30:19,967 [64d95ac8-37cd-4bae-8003-3f5227b2144b@group-5D17B24A7B8F-LeaderElection91] INFO  impl.RaftServerImpl (ServerState.java:setLeader(255)) - 64d95ac8-37cd-4bae-8003-3f5227b2144b@group-5D17B24A7B8F: change Leader from null to 64d95ac8-37cd-4bae-8003-3f5227b2144b at term 1 for becomeLeader, leader elected after 5252ms
2019-10-04 06:30:19,967 [64d95ac8-37cd-4bae-8003-3f5227b2144b@group-5D17B24A7B8F-LeaderElection91] INFO  server.RaftServerConfigKeys (ConfUtils.java:logGet(43)) - raft.server.staging.catchup.gap = 1000 (default)
2019-10-04 06:30:19,967 [64d95ac8-37cd-4bae-8003-3f5227b2144b@group-5D17B24A7B8F-LeaderElection91] INFO  server.RaftServerConfigKeys (ConfUtils.java:logGet(43)) - raft.server.rpc.sleep.time = 25ms (default)
2019-10-04 06:30:19,968 [64d95ac8-37cd-4bae-8003-3f5227b2144b@group-5D17B24A7B8F-LeaderElection91] INFO  server.RaftServerConfigKeys (ConfUtils.java:logGet(43)) - raft.server.write.element-limit = 4096 (default)
2019-10-04 06:30:19,968 [64d95ac8-37cd-4bae-8003-3f5227b2144b@group-5D17B24A7B8F-LeaderElection91] INFO  server.RaftServerConfigKeys (ConfUtils.java:logGet(43)) - raft.server.watch.timeout = 10s (default)
2019-10-04 06:30:19,968 [64d95ac8-37cd-4bae-8003-3f5227b2144b@group-5D17B24A7B8F-LeaderElection91] INFO  server.RaftServerConfigKeys (ConfUtils.java:logGet(43)) - raft.server.watch.timeout.denomination = 1s (default)
2019-10-04 06:30:19,968 [64d95ac8-37cd-4bae-8003-3f5227b2144b@group-5D17B24A7B8F-LeaderElection91] INFO  server.RaftServerConfigKeys (ConfUtils.java:logGet(43)) - raft.server.watch.element-limit = 65536 (default)
2019-10-04 06:30:19,969 [9d630184-749b-41e4-9c8c-2fff765cb0bb@group-30259D4F4ECA-LeaderElection92] INFO  impl.LeaderElection (LeaderElection.java:askForVotes(178)) - 9d630184-749b-41e4-9c8c-2fff765cb0bb@group-30259D4F4ECA-LeaderElection92: begin an election at term 1 for -1: [9d630184-749b-41e4-9c8c-2fff765cb0bb:192.168.151.69:38372], old=null
2019-10-04 06:30:19,969 [9d630184-749b-41e4-9c8c-2fff765cb0bb@group-30259D4F4ECA-LeaderElection92] INFO  impl.RoleInfo (RoleInfo.java:shutdownLeaderElection(134)) - 9d630184-749b-41e4-9c8c-2fff765cb0bb: shutdown LeaderElection
2019-10-04 06:30:19,969 [9d630184-749b-41e4-9c8c-2fff765cb0bb@group-30259D4F4ECA-LeaderElection92] INFO  impl.RaftServerImpl (RaftServerImpl.java:setRole(170)) - 9d630184-749b-41e4-9c8c-2fff765cb0bb@group-30259D4F4ECA: changes role from CANDIDATE to LEADER at term 1 for changeToLeader
2019-10-04 06:30:19,970 [9d630184-749b-41e4-9c8c-2fff765cb0bb@group-30259D4F4ECA-LeaderElection92] INFO  impl.RaftServerImpl (ServerState.java:setLeader(255)) - 9d630184-749b-41e4-9c8c-2fff765cb0bb@group-30259D4F4ECA: change Leader from null to 9d630184-749b-41e4-9c8c-2fff765cb0bb at term 1 for becomeLeader, leader elected after 5115ms
2019-10-04 06:30:19,970 [9d630184-749b-41e4-9c8c-2fff765cb0bb@group-30259D4F4ECA-LeaderElection92] INFO  server.RaftServerConfigKeys (ConfUtils.java:logGet(43)) - raft.server.staging.catchup.gap = 1000 (default)
2019-10-04 06:30:19,970 [9d630184-749b-41e4-9c8c-2fff765cb0bb@group-30259D4F4ECA-LeaderElection92] INFO  server.RaftServerConfigKeys (ConfUtils.java:logGet(43)) - raft.server.rpc.sleep.time = 25ms (default)
2019-10-04 06:30:19,970 [9d630184-749b-41e4-9c8c-2fff765cb0bb@group-30259D4F4ECA-LeaderElection92] INFO  server.RaftServerConfigKeys (ConfUtils.java:logGet(43)) - raft.server.write.element-limit = 4096 (default)
2019-10-04 06:30:19,970 [9d630184-749b-41e4-9c8c-2fff765cb0bb@group-30259D4F4ECA-LeaderElection92] INFO  server.RaftServerConfigKeys (ConfUtils.java:logGet(43)) - raft.server.watch.timeout = 10s (default)
2019-10-04 06:30:19,970 [9d630184-749b-41e4-9c8c-2fff765cb0bb@group-30259D4F4ECA-LeaderElection92] INFO  server.RaftServerConfigKeys (ConfUtils.java:logGet(43)) - raft.server.watch.timeout.denomination = 1s (default)
2019-10-04 06:30:19,970 [9d630184-749b-41e4-9c8c-2fff765cb0bb@group-30259D4F4ECA-LeaderElection92] INFO  server.RaftServerConfigKeys (ConfUtils.java:logGet(43)) - raft.server.watch.element-limit = 65536 (default)
2019-10-04 06:30:19,971 [64d95ac8-37cd-4bae-8003-3f5227b2144b@group-5D17B24A7B8F-LeaderElection91] INFO  impl.RoleInfo (RoleInfo.java:updateAndGet(143)) - 64d95ac8-37cd-4bae-8003-3f5227b2144b: start LeaderState
2019-10-04 06:30:19,971 [64d95ac8-37cd-4bae-8003-3f5227b2144b@group-5D17B24A7B8F-LeaderElection91] INFO  segmented.SegmentedRaftLogWorker (SegmentedRaftLogWorker.java:startLogSegment(385)) - 64d95ac8-37cd-4bae-8003-3f5227b2144b@group-5D17B24A7B8F-SegmentedRaftLogWorker: Starting segment from index:0
2019-10-04 06:30:19,972 [64d95ac8-37cd-4bae-8003-3f5227b2144b@group-5D17B24A7B8F-LeaderElection91] INFO  impl.RaftServerImpl (ServerState.java:setRaftConf(356)) - 64d95ac8-37cd-4bae-8003-3f5227b2144b@group-5D17B24A7B8F: set configuration 0: [64d95ac8-37cd-4bae-8003-3f5227b2144b:192.168.151.69:42282], old=null at 0
2019-10-04 06:30:19,972 [9d630184-749b-41e4-9c8c-2fff765cb0bb@group-30259D4F4ECA-LeaderElection92] INFO  impl.RoleInfo (RoleInfo.java:updateAndGet(143)) - 9d630184-749b-41e4-9c8c-2fff765cb0bb: start LeaderState
2019-10-04 06:30:19,972 [9d630184-749b-41e4-9c8c-2fff765cb0bb@group-30259D4F4ECA-LeaderElection92] INFO  segmented.SegmentedRaftLogWorker (SegmentedRaftLogWorker.java:startLogSegment(385)) - 9d630184-749b-41e4-9c8c-2fff765cb0bb@group-30259D4F4ECA-SegmentedRaftLogWorker: Starting segment from index:0
2019-10-04 06:30:19,973 [9d630184-749b-41e4-9c8c-2fff765cb0bb@group-30259D4F4ECA-LeaderElection92] INFO  impl.RaftServerImpl (ServerState.java:setRaftConf(356)) - 9d630184-749b-41e4-9c8c-2fff765cb0bb@group-30259D4F4ECA: set configuration 0: [9d630184-749b-41e4-9c8c-2fff765cb0bb:192.168.151.69:38372], old=null at 0
2019-10-04 06:30:20,013 [9d630184-749b-41e4-9c8c-2fff765cb0bb@group-30259D4F4ECA-SegmentedRaftLogWorker] INFO  segmented.SegmentedRaftLogWorker (SegmentedRaftLogWorker.java:execute(574)) - 9d630184-749b-41e4-9c8c-2fff765cb0bb@group-30259D4F4ECA-SegmentedRaftLogWorker: created new log segment /workdir/hadoop-ozone/integration-test/target/test-dir/MiniOzoneClusterImpl-8f4f3c31-9c02-4063-b450-3f421a489ced/datanode-2/data/ratis/20557456-68f1-498f-8b50-30259d4f4eca/current/log_inprogress_0
2019-10-04 06:30:20,013 [64d95ac8-37cd-4bae-8003-3f5227b2144b@group-5D17B24A7B8F-SegmentedRaftLogWorker] INFO  segmented.SegmentedRaftLogWorker (SegmentedRaftLogWorker.java:execute(574)) - 64d95ac8-37cd-4bae-8003-3f5227b2144b@group-5D17B24A7B8F-SegmentedRaftLogWorker: created new log segment /workdir/hadoop-ozone/integration-test/target/test-dir/MiniOzoneClusterImpl-8f4f3c31-9c02-4063-b450-3f421a489ced/datanode-0/data/ratis/4af6ab03-5a0a-4b48-ad67-5d17b24a7b8f/current/log_inprogress_0
2019-10-04 06:30:20,015 [Thread-2362] INFO  impl.FollowerState (FollowerState.java:run(108)) - 8ed780ea-22a2-4102-ada8-ecc3c5c80975@group-9B2C26036B56-FollowerState: change to CANDIDATE, lastRpcTime:5085ms, electionTimeout:5085ms
2019-10-04 06:30:20,015 [Thread-2362] INFO  impl.RoleInfo (RoleInfo.java:shutdownFollowerState(121)) - 8ed780ea-22a2-4102-ada8-ecc3c5c80975: shutdown FollowerState
2019-10-04 06:30:20,015 [Thread-2362] INFO  impl.RaftServerImpl (RaftServerImpl.java:setRole(170)) - 8ed780ea-22a2-4102-ada8-ecc3c5c80975@group-9B2C26036B56: changes role from  FOLLOWER to CANDIDATE at term 0 for changeToCandidate
2019-10-04 06:30:20,015 [Thread-2362] INFO  impl.RoleInfo (RoleInfo.java:updateAndGet(143)) - 8ed780ea-22a2-4102-ada8-ecc3c5c80975: start LeaderElection
2019-10-04 06:30:20,021 [Thread-2363] INFO  impl.FollowerState (FollowerState.java:run(108)) - 64d95ac8-37cd-4bae-8003-3f5227b2144b@group-9B2C26036B56-FollowerState: change to CANDIDATE, lastRpcTime:5089ms, electionTimeout:5084ms
2019-10-04 06:30:20,021 [Thread-2363] INFO  impl.RoleInfo (RoleInfo.java:shutdownFollowerState(121)) - 64d95ac8-37cd-4bae-8003-3f5227b2144b: shutdown FollowerState
2019-10-04 06:30:20,021 [Thread-2363] INFO  impl.RaftServerImpl (RaftServerImpl.java:setRole(170)) - 64d95ac8-37cd-4bae-8003-3f5227b2144b@group-9B2C26036B56: changes role from  FOLLOWER to CANDIDATE at term 0 for changeToCandidate
2019-10-04 06:30:20,022 [Thread-2363] INFO  impl.RoleInfo (RoleInfo.java:updateAndGet(143)) - 64d95ac8-37cd-4bae-8003-3f5227b2144b: start LeaderElection
2019-10-04 06:30:20,026 [8ed780ea-22a2-4102-ada8-ecc3c5c80975@group-9B2C26036B56-LeaderElection93] INFO  impl.LeaderElection (LeaderElection.java:askForVotes(178)) - 8ed780ea-22a2-4102-ada8-ecc3c5c80975@group-9B2C26036B56-LeaderElection93: begin an election at term 1 for -1: [8ed780ea-22a2-4102-ada8-ecc3c5c80975:192.168.151.69:33231, 9d630184-749b-41e4-9c8c-2fff765cb0bb:192.168.151.69:38372, 64d95ac8-37cd-4bae-8003-3f5227b2144b:192.168.151.69:42282], old=null
2019-10-04 06:30:20,033 [64d95ac8-37cd-4bae-8003-3f5227b2144b@group-9B2C26036B56-LeaderElection94] INFO  impl.LeaderElection (LeaderElection.java:askForVotes(178)) - 64d95ac8-37cd-4bae-8003-3f5227b2144b@group-9B2C26036B56-LeaderElection94: begin an election at term 1 for -1: [8ed780ea-22a2-4102-ada8-ecc3c5c80975:192.168.151.69:33231, 9d630184-749b-41e4-9c8c-2fff765cb0bb:192.168.151.69:38372, 64d95ac8-37cd-4bae-8003-3f5227b2144b:192.168.151.69:42282], old=null
2019-10-04 06:30:20,038 [grpc-default-executor-4] INFO  impl.RaftServerImpl (RaftServerImpl.java:setRole(170)) - 9d630184-749b-41e4-9c8c-2fff765cb0bb@group-9B2C26036B56: changes role from  FOLLOWER to FOLLOWER at term 1 for recognizeCandidate:8ed780ea-22a2-4102-ada8-ecc3c5c80975
2019-10-04 06:30:20,039 [grpc-default-executor-4] INFO  impl.RoleInfo (RoleInfo.java:shutdownFollowerState(121)) - 9d630184-749b-41e4-9c8c-2fff765cb0bb: shutdown FollowerState
2019-10-04 06:30:20,039 [grpc-default-executor-4] INFO  impl.RoleInfo (RoleInfo.java:updateAndGet(143)) - 9d630184-749b-41e4-9c8c-2fff765cb0bb: start FollowerState
2019-10-04 06:30:20,039 [Thread-2364] INFO  impl.FollowerState (FollowerState.java:run(117)) - 9d630184-749b-41e4-9c8c-2fff765cb0bb@group-9B2C26036B56-FollowerState was interrupted: java.lang.InterruptedException: sleep interrupted
2019-10-04 06:30:20,077 [8ed780ea-22a2-4102-ada8-ecc3c5c80975@group-9B2C26036B56-LeaderElection93] INFO  impl.LeaderElection (LeaderElection.java:logAndReturn(56)) - 8ed780ea-22a2-4102-ada8-ecc3c5c80975@group-9B2C26036B56-LeaderElection93: Election PASSED; received 2 response(s) [8ed780ea-22a2-4102-ada8-ecc3c5c80975<-9d630184-749b-41e4-9c8c-2fff765cb0bb#0:OK-t1, 8ed780ea-22a2-4102-ada8-ecc3c5c80975<-64d95ac8-37cd-4bae-8003-3f5227b2144b#0:FAIL-t1] and 0 exception(s); 8ed780ea-22a2-4102-ada8-ecc3c5c80975@group-9B2C26036B56:t1, leader=null, voted=8ed780ea-22a2-4102-ada8-ecc3c5c80975, raftlog=8ed780ea-22a2-4102-ada8-ecc3c5c80975@group-9B2C26036B56-SegmentedRaftLog:OPENED:c-1,f-1,i0, conf=-1: [8ed780ea-22a2-4102-ada8-ecc3c5c80975:192.168.151.69:33231, 9d630184-749b-41e4-9c8c-2fff765cb0bb:192.168.151.69:38372, 64d95ac8-37cd-4bae-8003-3f5227b2144b:192.168.151.69:42282], old=null
2019-10-04 06:30:20,077 [64d95ac8-37cd-4bae-8003-3f5227b2144b@group-9B2C26036B56-LeaderElection94] INFO  impl.LeaderElection (LeaderElection.java:logAndReturn(56)) - 64d95ac8-37cd-4bae-8003-3f5227b2144b@group-9B2C26036B56-LeaderElection94: Election REJECTED; received 2 response(s) [64d95ac8-37cd-4bae-8003-3f5227b2144b<-8ed780ea-22a2-4102-ada8-ecc3c5c80975#0:FAIL-t1, 64d95ac8-37cd-4bae-8003-3f5227b2144b<-9d630184-749b-41e4-9c8c-2fff765cb0bb#0:FAIL-t1] and 0 exception(s); 64d95ac8-37cd-4bae-8003-3f5227b2144b@group-9B2C26036B56:t1, leader=null, voted=64d95ac8-37cd-4bae-8003-3f5227b2144b, raftlog=64d95ac8-37cd-4bae-8003-3f5227b2144b@group-9B2C26036B56-SegmentedRaftLog:OPENED:c-1,f-1,i0, conf=-1: [8ed780ea-22a2-4102-ada8-ecc3c5c80975:192.168.151.69:33231, 9d630184-749b-41e4-9c8c-2fff765cb0bb:192.168.151.69:38372, 64d95ac8-37cd-4bae-8003-3f5227b2144b:192.168.151.69:42282], old=null
2019-10-04 06:30:20,077 [8ed780ea-22a2-4102-ada8-ecc3c5c80975@group-9B2C26036B56-LeaderElection93] INFO  impl.RoleInfo (RoleInfo.java:shutdownLeaderElection(134)) - 8ed780ea-22a2-4102-ada8-ecc3c5c80975: shutdown LeaderElection
2019-10-04 06:30:20,077 [64d95ac8-37cd-4bae-8003-3f5227b2144b@group-9B2C26036B56-LeaderElection94] INFO  impl.RaftServerImpl (RaftServerImpl.java:setRole(170)) - 64d95ac8-37cd-4bae-8003-3f5227b2144b@group-9B2C26036B56: changes role from CANDIDATE to FOLLOWER at term 1 for DISCOVERED_A_NEW_TERM
2019-10-04 06:30:20,078 [8ed780ea-22a2-4102-ada8-ecc3c5c80975@group-9B2C26036B56-LeaderElection93] INFO  impl.RaftServerImpl (RaftServerImpl.java:setRole(170)) - 8ed780ea-22a2-4102-ada8-ecc3c5c80975@group-9B2C26036B56: changes role from CANDIDATE to LEADER at term 1 for changeToLeader
2019-10-04 06:30:20,078 [64d95ac8-37cd-4bae-8003-3f5227b2144b@group-9B2C26036B56-LeaderElection94] INFO  impl.RoleInfo (RoleInfo.java:shutdownLeaderElection(134)) - 64d95ac8-37cd-4bae-8003-3f5227b2144b: shutdown LeaderElection
2019-10-04 06:30:20,078 [8ed780ea-22a2-4102-ada8-ecc3c5c80975@group-9B2C26036B56-LeaderElection93] INFO  impl.RaftServerImpl (ServerState.java:setLeader(255)) - 8ed780ea-22a2-4102-ada8-ecc3c5c80975@group-9B2C26036B56: change Leader from null to 8ed780ea-22a2-4102-ada8-ecc3c5c80975 at term 1 for becomeLeader, leader elected after 5156ms
2019-10-04 06:30:20,078 [64d95ac8-37cd-4bae-8003-3f5227b2144b@group-9B2C26036B56-LeaderElection94] INFO  impl.RoleInfo (RoleInfo.java:updateAndGet(143)) - 64d95ac8-37cd-4bae-8003-3f5227b2144b: start FollowerState
2019-10-04 06:30:20,078 [8ed780ea-22a2-4102-ada8-ecc3c5c80975@group-9B2C26036B56-LeaderElection93] INFO  server.RaftServerConfigKeys (ConfUtils.java:logGet(43)) - raft.server.staging.catchup.gap = 1000 (default)
2019-10-04 06:30:20,078 [8ed780ea-22a2-4102-ada8-ecc3c5c80975@group-9B2C26036B56-LeaderElection93] INFO  server.RaftServerConfigKeys (ConfUtils.java:logGet(43)) - raft.server.rpc.sleep.time = 25ms (default)
2019-10-04 06:30:20,078 [8ed780ea-22a2-4102-ada8-ecc3c5c80975@group-9B2C26036B56-LeaderElection93] INFO  server.RaftServerConfigKeys (ConfUtils.java:logGet(43)) - raft.server.write.element-limit = 4096 (default)
2019-10-04 06:30:20,079 [8ed780ea-22a2-4102-ada8-ecc3c5c80975@group-9B2C26036B56-LeaderElection93] INFO  server.RaftServerConfigKeys (ConfUtils.java:logGet(43)) - raft.server.watch.timeout = 10s (default)
2019-10-04 06:30:20,079 [8ed780ea-22a2-4102-ada8-ecc3c5c80975@group-9B2C26036B56-LeaderElection93] INFO  server.RaftServerConfigKeys (ConfUtils.java:logGet(43)) - raft.server.watch.timeout.denomination = 1s (default)
2019-10-04 06:30:20,079 [8ed780ea-22a2-4102-ada8-ecc3c5c80975@group-9B2C26036B56-LeaderElection93] INFO  server.RaftServerConfigKeys (ConfUtils.java:logGet(43)) - raft.server.watch.element-limit = 65536 (default)
2019-10-04 06:30:20,080 [8ed780ea-22a2-4102-ada8-ecc3c5c80975@group-9B2C26036B56-LeaderElection93] INFO  server.RaftServerConfigKeys (ConfUtils.java:logGet(43)) - raft.server.log.appender.snapshot.chunk.size.max = 16MB (=16777216) (default)
2019-10-04 06:30:20,080 [8ed780ea-22a2-4102-ada8-ecc3c5c80975@group-9B2C26036B56-LeaderElection93] INFO  server.RaftServerConfigKeys (ConfUtils.java:logGet(43)) - raft.server.log.appender.buffer.byte-limit = 33554432 (custom)
2019-10-04 06:30:20,080 [8ed780ea-22a2-4102-ada8-ecc3c5c80975@group-9B2C26036B56-LeaderElection93] INFO  server.RaftServerConfigKeys (ConfUtils.java:logGet(43)) - raft.server.log.appender.buffer.element-limit = 1 (custom)
2019-10-04 06:30:20,081 [8ed780ea-22a2-4102-ada8-ecc3c5c80975@group-9B2C26036B56-LeaderElection93] INFO  grpc.GrpcConfigKeys$Server (ConfUtils.java:logGet(43)) - raft.grpc.server.leader.outstanding.appends.max = 128 (default)
2019-10-04 06:30:20,081 [8ed780ea-22a2-4102-ada8-ecc3c5c80975@group-9B2C26036B56-LeaderElection93] INFO  server.RaftServerConfigKeys (ConfUtils.java:logGet(43)) - raft.server.rpc.request.timeout = 3000ms (default)
2019-10-04 06:30:20,081 [8ed780ea-22a2-4102-ada8-ecc3c5c80975@group-9B2C26036B56-LeaderElection93] INFO  server.RaftServerConfigKeys (ConfUtils.java:logGet(43)) - raft.server.log.appender.install.snapshot.enabled = false (custom)
2019-10-04 06:30:20,081 [8ed780ea-22a2-4102-ada8-ecc3c5c80975@group-9B2C26036B56-LeaderElection93] INFO  server.RaftServerConfigKeys (ConfUtils.java:logGet(43)) - raft.server.log.appender.snapshot.chunk.size.max = 16MB (=16777216) (default)
2019-10-04 06:30:20,081 [8ed780ea-22a2-4102-ada8-ecc3c5c80975@group-9B2C26036B56-LeaderElection93] INFO  server.RaftServerConfigKeys (ConfUtils.java:logGet(43)) - raft.server.log.appender.buffer.byte-limit = 33554432 (custom)
2019-10-04 06:30:20,081 [8ed780ea-22a2-4102-ada8-ecc3c5c80975@group-9B2C26036B56-LeaderElection93] INFO  server.RaftServerConfigKeys (ConfUtils.java:logGet(43)) - raft.server.log.appender.buffer.element-limit = 1 (custom)
2019-10-04 06:30:20,081 [8ed780ea-22a2-4102-ada8-ecc3c5c80975@group-9B2C26036B56-LeaderElection93] INFO  grpc.GrpcConfigKeys$Server (ConfUtils.java:logGet(43)) - raft.grpc.server.leader.outstanding.appends.max = 128 (default)
2019-10-04 06:30:20,081 [8ed780ea-22a2-4102-ada8-ecc3c5c80975@group-9B2C26036B56-LeaderElection93] INFO  server.RaftServerConfigKeys (ConfUtils.java:logGet(43)) - raft.server.rpc.request.timeout = 3000ms (default)
2019-10-04 06:30:20,082 [8ed780ea-22a2-4102-ada8-ecc3c5c80975@group-9B2C26036B56-LeaderElection93] INFO  server.RaftServerConfigKeys (ConfUtils.java:logGet(43)) - raft.server.log.appender.install.snapshot.enabled = false (custom)
2019-10-04 06:30:20,082 [8ed780ea-22a2-4102-ada8-ecc3c5c80975@group-9B2C26036B56-LeaderElection93] INFO  impl.RoleInfo (RoleInfo.java:updateAndGet(143)) - 8ed780ea-22a2-4102-ada8-ecc3c5c80975: start LeaderState
2019-10-04 06:30:20,082 [8ed780ea-22a2-4102-ada8-ecc3c5c80975@group-9B2C26036B56-LeaderElection93] INFO  segmented.SegmentedRaftLogWorker (SegmentedRaftLogWorker.java:startLogSegment(385)) - 8ed780ea-22a2-4102-ada8-ecc3c5c80975@group-9B2C26036B56-SegmentedRaftLogWorker: Starting segment from index:0
2019-10-04 06:30:20,083 [8ed780ea-22a2-4102-ada8-ecc3c5c80975@group-9B2C26036B56-LeaderElection93] INFO  impl.RaftServerImpl (ServerState.java:setRaftConf(356)) - 8ed780ea-22a2-4102-ada8-ecc3c5c80975@group-9B2C26036B56: set configuration 0: [8ed780ea-22a2-4102-ada8-ecc3c5c80975:192.168.151.69:33231, 9d630184-749b-41e4-9c8c-2fff765cb0bb:192.168.151.69:38372, 64d95ac8-37cd-4bae-8003-3f5227b2144b:192.168.151.69:42282], old=null at 0
2019-10-04 06:30:20,113 [grpc-default-executor-7] INFO  impl.RaftServerImpl (ServerState.java:setLeader(255)) - 64d95ac8-37cd-4bae-8003-3f5227b2144b@group-9B2C26036B56: change Leader from null to 8ed780ea-22a2-4102-ada8-ecc3c5c80975 at term 1 for appendEntries, leader elected after 5192ms
2019-10-04 06:30:20,113 [grpc-default-executor-4] INFO  impl.RaftServerImpl (ServerState.java:setLeader(255)) - 9d630184-749b-41e4-9c8c-2fff765cb0bb@group-9B2C26036B56: change Leader from null to 8ed780ea-22a2-4102-ada8-ecc3c5c80975 at term 1 for appendEntries, leader elected after 5191ms
2019-10-04 06:30:20,115 [grpc-default-executor-7] INFO  impl.RaftServerImpl (ServerState.java:setRaftConf(356)) - 64d95ac8-37cd-4bae-8003-3f5227b2144b@group-9B2C26036B56: set configuration 0: [8ed780ea-22a2-4102-ada8-ecc3c5c80975:192.168.151.69:33231, 9d630184-749b-41e4-9c8c-2fff765cb0bb:192.168.151.69:38372, 64d95ac8-37cd-4bae-8003-3f5227b2144b:192.168.151.69:42282], old=null at 0
2019-10-04 06:30:20,115 [grpc-default-executor-4] INFO  impl.RaftServerImpl (ServerState.java:setRaftConf(356)) - 9d630184-749b-41e4-9c8c-2fff765cb0bb@group-9B2C26036B56: set configuration 0: [8ed780ea-22a2-4102-ada8-ecc3c5c80975:192.168.151.69:33231, 9d630184-749b-41e4-9c8c-2fff765cb0bb:192.168.151.69:38372, 64d95ac8-37cd-4bae-8003-3f5227b2144b:192.168.151.69:42282], old=null at 0
2019-10-04 06:30:20,115 [grpc-default-executor-7] INFO  segmented.SegmentedRaftLogWorker (SegmentedRaftLogWorker.java:startLogSegment(385)) - 64d95ac8-37cd-4bae-8003-3f5227b2144b@group-9B2C26036B56-SegmentedRaftLogWorker: Starting segment from index:0
2019-10-04 06:30:20,115 [grpc-default-executor-4] INFO  segmented.SegmentedRaftLogWorker (SegmentedRaftLogWorker.java:startLogSegment(385)) - 9d630184-749b-41e4-9c8c-2fff765cb0bb@group-9B2C26036B56-SegmentedRaftLogWorker: Starting segment from index:0
2019-10-04 06:30:20,120 [Thread-2369] INFO  impl.FollowerState (FollowerState.java:run(108)) - 7678a048-151b-498b-9437-1840db1810f4@group-805C1785970E-FollowerState: change to CANDIDATE, lastRpcTime:5056ms, electionTimeout:5056ms
2019-10-04 06:30:20,120 [Thread-2369] INFO  impl.RoleInfo (RoleInfo.java:shutdownFollowerState(121)) - 7678a048-151b-498b-9437-1840db1810f4: shutdown FollowerState
2019-10-04 06:30:20,120 [Thread-2369] INFO  impl.RaftServerImpl (RaftServerImpl.java:setRole(170)) - 7678a048-151b-498b-9437-1840db1810f4@group-805C1785970E: changes role from  FOLLOWER to CANDIDATE at term 0 for changeToCandidate
2019-10-04 06:30:20,120 [Thread-2369] INFO  impl.RoleInfo (RoleInfo.java:updateAndGet(143)) - 7678a048-151b-498b-9437-1840db1810f4: start LeaderElection
2019-10-04 06:30:20,159 [8ed780ea-22a2-4102-ada8-ecc3c5c80975@group-9B2C26036B56-SegmentedRaftLogWorker] INFO  segmented.SegmentedRaftLogWorker (SegmentedRaftLogWorker.java:execute(574)) - 8ed780ea-22a2-4102-ada8-ecc3c5c80975@group-9B2C26036B56-SegmentedRaftLogWorker: created new log segment /workdir/hadoop-ozone/integration-test/target/test-dir/MiniOzoneClusterImpl-8f4f3c31-9c02-4063-b450-3f421a489ced/datanode-1/data/ratis/46414f12-ce13-44aa-b5e0-9b2c26036b56/current/log_inprogress_0
2019-10-04 06:30:20,170 [9d630184-749b-41e4-9c8c-2fff765cb0bb@group-9B2C26036B56-SegmentedRaftLogWorker] INFO  segmented.SegmentedRaftLogWorker (SegmentedRaftLogWorker.java:execute(574)) - 9d630184-749b-41e4-9c8c-2fff765cb0bb@group-9B2C26036B56-SegmentedRaftLogWorker: created new log segment /workdir/hadoop-ozone/integration-test/target/test-dir/MiniOzoneClusterImpl-8f4f3c31-9c02-4063-b450-3f421a489ced/datanode-2/data/ratis/46414f12-ce13-44aa-b5e0-9b2c26036b56/current/log_inprogress_0
2019-10-04 06:30:20,170 [7678a048-151b-498b-9437-1840db1810f4@group-805C1785970E-LeaderElection95] INFO  impl.LeaderElection (LeaderElection.java:askForVotes(178)) - 7678a048-151b-498b-9437-1840db1810f4@group-805C1785970E-LeaderElection95: begin an election at term 1 for -1: [7678a048-151b-498b-9437-1840db1810f4:192.168.151.69:40003], old=null
2019-10-04 06:30:20,170 [64d95ac8-37cd-4bae-8003-3f5227b2144b@group-9B2C26036B56-SegmentedRaftLogWorker] INFO  segmented.SegmentedRaftLogWorker (SegmentedRaftLogWorker.java:execute(574)) - 64d95ac8-37cd-4bae-8003-3f5227b2144b@group-9B2C26036B56-SegmentedRaftLogWorker: created new log segment /workdir/hadoop-ozone/integration-test/target/test-dir/MiniOzoneClusterImpl-8f4f3c31-9c02-4063-b450-3f421a489ced/datanode-0/data/ratis/46414f12-ce13-44aa-b5e0-9b2c26036b56/current/log_inprogress_0
2019-10-04 06:30:20,170 [7678a048-151b-498b-9437-1840db1810f4@group-805C1785970E-LeaderElection95] INFO  impl.RoleInfo (RoleInfo.java:shutdownLeaderElection(134)) - 7678a048-151b-498b-9437-1840db1810f4: shutdown LeaderElection
2019-10-04 06:30:20,171 [7678a048-151b-498b-9437-1840db1810f4@group-805C1785970E-LeaderElection95] INFO  impl.RaftServerImpl (RaftServerImpl.java:setRole(170)) - 7678a048-151b-498b-9437-1840db1810f4@group-805C1785970E: changes role from CANDIDATE to LEADER at term 1 for changeToLeader
2019-10-04 06:30:20,171 [7678a048-151b-498b-9437-1840db1810f4@group-805C1785970E-LeaderElection95] INFO  impl.RaftServerImpl (ServerState.java:setLeader(255)) - 7678a048-151b-498b-9437-1840db1810f4@group-805C1785970E: change Leader from null to 7678a048-151b-498b-9437-1840db1810f4 at term 1 for becomeLeader, leader elected after 5115ms
2019-10-04 06:30:20,171 [7678a048-151b-498b-9437-1840db1810f4@group-805C1785970E-LeaderElection95] INFO  server.RaftServerConfigKeys (ConfUtils.java:logGet(43)) - raft.server.staging.catchup.gap = 1000 (default)
2019-10-04 06:30:20,171 [7678a048-151b-498b-9437-1840db1810f4@group-805C1785970E-LeaderElection95] INFO  server.RaftServerConfigKeys (ConfUtils.java:logGet(43)) - raft.server.rpc.sleep.time = 25ms (default)
2019-10-04 06:30:20,171 [7678a048-151b-498b-9437-1840db1810f4@group-805C1785970E-LeaderElection95] INFO  server.RaftServerConfigKeys (ConfUtils.java:logGet(43)) - raft.server.write.element-limit = 4096 (default)
2019-10-04 06:30:20,171 [7678a048-151b-498b-9437-1840db1810f4@group-805C1785970E-LeaderElection95] INFO  server.RaftServerConfigKeys (ConfUtils.java:logGet(43)) - raft.server.watch.timeout = 10s (default)
2019-10-04 06:30:20,171 [7678a048-151b-498b-9437-1840db1810f4@group-805C1785970E-LeaderElection95] INFO  server.RaftServerConfigKeys (ConfUtils.java:logGet(43)) - raft.server.watch.timeout.denomination = 1s (default)
2019-10-04 06:30:20,171 [7678a048-151b-498b-9437-1840db1810f4@group-805C1785970E-LeaderElection95] INFO  server.RaftServerConfigKeys (ConfUtils.java:logGet(43)) - raft.server.watch.element-limit = 65536 (default)
2019-10-04 06:30:20,173 [7678a048-151b-498b-9437-1840db1810f4@group-805C1785970E-LeaderElection95] INFO  impl.RoleInfo (RoleInfo.java:updateAndGet(143)) - 7678a048-151b-498b-9437-1840db1810f4: start LeaderState
2019-10-04 06:30:20,173 [7678a048-151b-498b-9437-1840db1810f4@group-805C1785970E-LeaderElection95] INFO  segmented.SegmentedRaftLogWorker (SegmentedRaftLogWorker.java:startLogSegment(385)) - 7678a048-151b-498b-9437-1840db1810f4@group-805C1785970E-SegmentedRaftLogWorker: Starting segment from index:0
2019-10-04 06:30:20,174 [7678a048-151b-498b-9437-1840db1810f4@group-805C1785970E-LeaderElection95] INFO  impl.RaftServerImpl (ServerState.java:setRaftConf(356)) - 7678a048-151b-498b-9437-1840db1810f4@group-805C1785970E: set configuration 0: [7678a048-151b-498b-9437-1840db1810f4:192.168.151.69:40003], old=null at 0
2019-10-04 06:30:20,210 [Thread-2372] INFO  impl.FollowerState (FollowerState.java:run(108)) - f1fe510a-7ef2-4d25-8632-c5217ea1eace@group-31B8EEA7FA18-FollowerState: change to CANDIDATE, lastRpcTime:5087ms, electionTimeout:5087ms
2019-10-04 06:30:20,210 [Thread-2372] INFO  impl.RoleInfo (RoleInfo.java:shutdownFollowerState(121)) - f1fe510a-7ef2-4d25-8632-c5217ea1eace: shutdown FollowerState
2019-10-04 06:30:20,210 [Thread-2372] INFO  impl.RaftServerImpl (RaftServerImpl.java:setRole(170)) - f1fe510a-7ef2-4d25-8632-c5217ea1eace@group-31B8EEA7FA18: changes role from  FOLLOWER to CANDIDATE at term 0 for changeToCandidate
2019-10-04 06:30:20,210 [Thread-2372] INFO  impl.RoleInfo (RoleInfo.java:updateAndGet(143)) - f1fe510a-7ef2-4d25-8632-c5217ea1eace: start LeaderElection
2019-10-04 06:30:20,229 [7678a048-151b-498b-9437-1840db1810f4@group-805C1785970E-SegmentedRaftLogWorker] INFO  segmented.SegmentedRaftLogWorker (SegmentedRaftLogWorker.java:execute(574)) - 7678a048-151b-498b-9437-1840db1810f4@group-805C1785970E-SegmentedRaftLogWorker: created new log segment /workdir/hadoop-ozone/integration-test/target/test-dir/MiniOzoneClusterImpl-8f4f3c31-9c02-4063-b450-3f421a489ced/datanode-4/data/ratis/bab97faa-3dc0-44df-a1b0-805c1785970e/current/log_inprogress_0
2019-10-04 06:30:20,232 [f1fe510a-7ef2-4d25-8632-c5217ea1eace@group-31B8EEA7FA18-LeaderElection96] INFO  impl.LeaderElection (LeaderElection.java:askForVotes(178)) - f1fe510a-7ef2-4d25-8632-c5217ea1eace@group-31B8EEA7FA18-LeaderElection96: begin an election at term 1 for -1: [f1fe510a-7ef2-4d25-8632-c5217ea1eace:192.168.151.69:41644], old=null
2019-10-04 06:30:20,232 [f1fe510a-7ef2-4d25-8632-c5217ea1eace@group-31B8EEA7FA18-LeaderElection96] INFO  impl.RoleInfo (RoleInfo.java:shutdownLeaderElection(134)) - f1fe510a-7ef2-4d25-8632-c5217ea1eace: shutdown LeaderElection
2019-10-04 06:30:20,232 [f1fe510a-7ef2-4d25-8632-c5217ea1eace@group-31B8EEA7FA18-LeaderElection96] INFO  impl.RaftServerImpl (RaftServerImpl.java:setRole(170)) - f1fe510a-7ef2-4d25-8632-c5217ea1eace@group-31B8EEA7FA18: changes role from CANDIDATE to LEADER at term 1 for changeToLeader
2019-10-04 06:30:20,232 [f1fe510a-7ef2-4d25-8632-c5217ea1eace@group-31B8EEA7FA18-LeaderElection96] INFO  impl.RaftServerImpl (ServerState.java:setLeader(255)) - f1fe510a-7ef2-4d25-8632-c5217ea1eace@group-31B8EEA7FA18: change Leader from null to f1fe510a-7ef2-4d25-8632-c5217ea1eace at term 1 for becomeLeader, leader elected after 5118ms
2019-10-04 06:30:20,233 [f1fe510a-7ef2-4d25-8632-c5217ea1eace@group-31B8EEA7FA18-LeaderElection96] INFO  server.RaftServerConfigKeys (ConfUtils.java:logGet(43)) - raft.server.staging.catchup.gap = 1000 (default)
2019-10-04 06:30:20,233 [f1fe510a-7ef2-4d25-8632-c5217ea1eace@group-31B8EEA7FA18-LeaderElection96] INFO  server.RaftServerConfigKeys (ConfUtils.java:logGet(43)) - raft.server.rpc.sleep.time = 25ms (default)
2019-10-04 06:30:20,233 [f1fe510a-7ef2-4d25-8632-c5217ea1eace@group-31B8EEA7FA18-LeaderElection96] INFO  server.RaftServerConfigKeys (ConfUtils.java:logGet(43)) - raft.server.write.element-limit = 4096 (default)
2019-10-04 06:30:20,233 [f1fe510a-7ef2-4d25-8632-c5217ea1eace@group-31B8EEA7FA18-LeaderElection96] INFO  server.RaftServerConfigKeys (ConfUtils.java:logGet(43)) - raft.server.watch.timeout = 10s (default)
2019-10-04 06:30:20,233 [f1fe510a-7ef2-4d25-8632-c5217ea1eace@group-31B8EEA7FA18-LeaderElection96] INFO  server.RaftServerConfigKeys (ConfUtils.java:logGet(43)) - raft.server.watch.timeout.denomination = 1s (default)
2019-10-04 06:30:20,233 [f1fe510a-7ef2-4d25-8632-c5217ea1eace@group-31B8EEA7FA18-LeaderElection96] INFO  server.RaftServerConfigKeys (ConfUtils.java:logGet(43)) - raft.server.watch.element-limit = 65536 (default)
2019-10-04 06:30:20,235 [f1fe510a-7ef2-4d25-8632-c5217ea1eace@group-31B8EEA7FA18-LeaderElection96] INFO  impl.RoleInfo (RoleInfo.java:updateAndGet(143)) - f1fe510a-7ef2-4d25-8632-c5217ea1eace: start LeaderState
2019-10-04 06:30:20,236 [f1fe510a-7ef2-4d25-8632-c5217ea1eace@group-31B8EEA7FA18-LeaderElection96] INFO  segmented.SegmentedRaftLogWorker (SegmentedRaftLogWorker.java:startLogSegment(385)) - f1fe510a-7ef2-4d25-8632-c5217ea1eace@group-31B8EEA7FA18-SegmentedRaftLogWorker: Starting segment from index:0
2019-10-04 06:30:20,236 [f1fe510a-7ef2-4d25-8632-c5217ea1eace@group-31B8EEA7FA18-LeaderElection96] INFO  impl.RaftServerImpl (ServerState.java:setRaftConf(356)) - f1fe510a-7ef2-4d25-8632-c5217ea1eace@group-31B8EEA7FA18: set configuration 0: [f1fe510a-7ef2-4d25-8632-c5217ea1eace:192.168.151.69:41644], old=null at 0
2019-10-04 06:30:20,280 [f1fe510a-7ef2-4d25-8632-c5217ea1eace@group-31B8EEA7FA18-SegmentedRaftLogWorker] INFO  segmented.SegmentedRaftLogWorker (SegmentedRaftLogWorker.java:execute(574)) - f1fe510a-7ef2-4d25-8632-c5217ea1eace@group-31B8EEA7FA18-SegmentedRaftLogWorker: created new log segment /workdir/hadoop-ozone/integration-test/target/test-dir/MiniOzoneClusterImpl-8f4f3c31-9c02-4063-b450-3f421a489ced/datanode-3/data/ratis/2f4d7f3b-f45f-434d-92a5-31b8eea7fa18/current/log_inprogress_0
2019-10-04 06:30:20,302 [Thread-2375] INFO  impl.FollowerState (FollowerState.java:run(108)) - de94de20-fda1-42b3-bacf-9c775a6cc57a@group-96D441A6C364-FollowerState: change to CANDIDATE, lastRpcTime:5124ms, electionTimeout:5124ms
2019-10-04 06:30:20,303 [Thread-2375] INFO  impl.RoleInfo (RoleInfo.java:shutdownFollowerState(121)) - de94de20-fda1-42b3-bacf-9c775a6cc57a: shutdown FollowerState
2019-10-04 06:30:20,303 [Thread-2375] INFO  impl.RaftServerImpl (RaftServerImpl.java:setRole(170)) - de94de20-fda1-42b3-bacf-9c775a6cc57a@group-96D441A6C364: changes role from  FOLLOWER to CANDIDATE at term 0 for changeToCandidate
2019-10-04 06:30:20,303 [Thread-2375] INFO  impl.RoleInfo (RoleInfo.java:updateAndGet(143)) - de94de20-fda1-42b3-bacf-9c775a6cc57a: start LeaderElection
2019-10-04 06:30:20,325 [de94de20-fda1-42b3-bacf-9c775a6cc57a@group-96D441A6C364-LeaderElection97] INFO  impl.LeaderElection (LeaderElection.java:askForVotes(178)) - de94de20-fda1-42b3-bacf-9c775a6cc57a@group-96D441A6C364-LeaderElection97: begin an election at term 1 for -1: [de94de20-fda1-42b3-bacf-9c775a6cc57a:192.168.151.69:43665], old=null
2019-10-04 06:30:20,325 [de94de20-fda1-42b3-bacf-9c775a6cc57a@group-96D441A6C364-LeaderElection97] INFO  impl.RoleInfo (RoleInfo.java:shutdownLeaderElection(134)) - de94de20-fda1-42b3-bacf-9c775a6cc57a: shutdown LeaderElection
2019-10-04 06:30:20,325 [de94de20-fda1-42b3-bacf-9c775a6cc57a@group-96D441A6C364-LeaderElection97] INFO  impl.RaftServerImpl (RaftServerImpl.java:setRole(170)) - de94de20-fda1-42b3-bacf-9c775a6cc57a@group-96D441A6C364: changes role from CANDIDATE to LEADER at term 1 for changeToLeader
2019-10-04 06:30:20,325 [de94de20-fda1-42b3-bacf-9c775a6cc57a@group-96D441A6C364-LeaderElection97] INFO  impl.RaftServerImpl (ServerState.java:setLeader(255)) - de94de20-fda1-42b3-bacf-9c775a6cc57a@group-96D441A6C364: change Leader from null to de94de20-fda1-42b3-bacf-9c775a6cc57a at term 1 for becomeLeader, leader elected after 5152ms
2019-10-04 06:30:20,325 [de94de20-fda1-42b3-bacf-9c775a6cc57a@group-96D441A6C364-LeaderElection97] INFO  server.RaftServerConfigKeys (ConfUtils.java:logGet(43)) - raft.server.staging.catchup.gap = 1000 (default)
2019-10-04 06:30:20,325 [de94de20-fda1-42b3-bacf-9c775a6cc57a@group-96D441A6C364-LeaderElection97] INFO  server.RaftServerConfigKeys (ConfUtils.java:logGet(43)) - raft.server.rpc.sleep.time = 25ms (default)
2019-10-04 06:30:20,326 [de94de20-fda1-42b3-bacf-9c775a6cc57a@group-96D441A6C364-LeaderElection97] INFO  server.RaftServerConfigKeys (ConfUtils.java:logGet(43)) - raft.server.write.element-limit = 4096 (default)
2019-10-04 06:30:20,326 [de94de20-fda1-42b3-bacf-9c775a6cc57a@group-96D441A6C364-LeaderElection97] INFO  server.RaftServerConfigKeys (ConfUtils.java:logGet(43)) - raft.server.watch.timeout = 10s (default)
2019-10-04 06:30:20,326 [de94de20-fda1-42b3-bacf-9c775a6cc57a@group-96D441A6C364-LeaderElection97] INFO  server.RaftServerConfigKeys (ConfUtils.java:logGet(43)) - raft.server.watch.timeout.denomination = 1s (default)
2019-10-04 06:30:20,326 [de94de20-fda1-42b3-bacf-9c775a6cc57a@group-96D441A6C364-LeaderElection97] INFO  server.RaftServerConfigKeys (ConfUtils.java:logGet(43)) - raft.server.watch.element-limit = 65536 (default)
2019-10-04 06:30:20,328 [de94de20-fda1-42b3-bacf-9c775a6cc57a@group-96D441A6C364-LeaderElection97] INFO  impl.RoleInfo (RoleInfo.java:updateAndGet(143)) - de94de20-fda1-42b3-bacf-9c775a6cc57a: start LeaderState
2019-10-04 06:30:20,328 [de94de20-fda1-42b3-bacf-9c775a6cc57a@group-96D441A6C364-LeaderElection97] INFO  segmented.SegmentedRaftLogWorker (SegmentedRaftLogWorker.java:startLogSegment(385)) - de94de20-fda1-42b3-bacf-9c775a6cc57a@group-96D441A6C364-SegmentedRaftLogWorker: Starting segment from index:0
2019-10-04 06:30:20,329 [de94de20-fda1-42b3-bacf-9c775a6cc57a@group-96D441A6C364-LeaderElection97] INFO  impl.RaftServerImpl (ServerState.java:setRaftConf(356)) - de94de20-fda1-42b3-bacf-9c775a6cc57a@group-96D441A6C364: set configuration 0: [de94de20-fda1-42b3-bacf-9c775a6cc57a:192.168.151.69:43665], old=null at 0
2019-10-04 06:30:20,346 [Thread-2378] INFO  impl.FollowerState (FollowerState.java:run(108)) - 2afc614f-6f75-4707-8c78-910edafb29bf@group-CFC989808CC1-FollowerState: change to CANDIDATE, lastRpcTime:5114ms, electionTimeout:5114ms
2019-10-04 06:30:20,347 [Thread-2378] INFO  impl.RoleInfo (RoleInfo.java:shutdownFollowerState(121)) - 2afc614f-6f75-4707-8c78-910edafb29bf: shutdown FollowerState
2019-10-04 06:30:20,347 [Thread-2378] INFO  impl.RaftServerImpl (RaftServerImpl.java:setRole(170)) - 2afc614f-6f75-4707-8c78-910edafb29bf@group-CFC989808CC1: changes role from  FOLLOWER to CANDIDATE at term 0 for changeToCandidate
2019-10-04 06:30:20,347 [Thread-2378] INFO  impl.RoleInfo (RoleInfo.java:updateAndGet(143)) - 2afc614f-6f75-4707-8c78-910edafb29bf: start LeaderElection
2019-10-04 06:30:20,385 [de94de20-fda1-42b3-bacf-9c775a6cc57a@group-96D441A6C364-SegmentedRaftLogWorker] INFO  segmented.SegmentedRaftLogWorker (SegmentedRaftLogWorker.java:execute(574)) - de94de20-fda1-42b3-bacf-9c775a6cc57a@group-96D441A6C364-SegmentedRaftLogWorker: created new log segment /workdir/hadoop-ozone/integration-test/target/test-dir/MiniOzoneClusterImpl-8f4f3c31-9c02-4063-b450-3f421a489ced/datanode-5/data/ratis/c1a36207-ea7a-4249-9d4e-96d441a6c364/current/log_inprogress_0
2019-10-04 06:30:20,385 [2afc614f-6f75-4707-8c78-910edafb29bf@group-CFC989808CC1-LeaderElection98] INFO  impl.LeaderElection (LeaderElection.java:askForVotes(178)) - 2afc614f-6f75-4707-8c78-910edafb29bf@group-CFC989808CC1-LeaderElection98: begin an election at term 1 for -1: [2afc614f-6f75-4707-8c78-910edafb29bf:192.168.151.69:42913], old=null
2019-10-04 06:30:20,385 [2afc614f-6f75-4707-8c78-910edafb29bf@group-CFC989808CC1-LeaderElection98] INFO  impl.RoleInfo (RoleInfo.java:shutdownLeaderElection(134)) - 2afc614f-6f75-4707-8c78-910edafb29bf: shutdown LeaderElection
2019-10-04 06:30:20,385 [2afc614f-6f75-4707-8c78-910edafb29bf@group-CFC989808CC1-LeaderElection98] INFO  impl.RaftServerImpl (RaftServerImpl.java:setRole(170)) - 2afc614f-6f75-4707-8c78-910edafb29bf@group-CFC989808CC1: changes role from CANDIDATE to LEADER at term 1 for changeToLeader
2019-10-04 06:30:20,385 [2afc614f-6f75-4707-8c78-910edafb29bf@group-CFC989808CC1-LeaderElection98] INFO  impl.RaftServerImpl (ServerState.java:setLeader(255)) - 2afc614f-6f75-4707-8c78-910edafb29bf@group-CFC989808CC1: change Leader from null to 2afc614f-6f75-4707-8c78-910edafb29bf at term 1 for becomeLeader, leader elected after 5158ms
2019-10-04 06:30:20,386 [2afc614f-6f75-4707-8c78-910edafb29bf@group-CFC989808CC1-LeaderElection98] INFO  server.RaftServerConfigKeys (ConfUtils.java:logGet(43)) - raft.server.staging.catchup.gap = 1000 (default)
2019-10-04 06:30:20,386 [2afc614f-6f75-4707-8c78-910edafb29bf@group-CFC989808CC1-LeaderElection98] INFO  server.RaftServerConfigKeys (ConfUtils.java:logGet(43)) - raft.server.rpc.sleep.time = 25ms (default)
2019-10-04 06:30:20,386 [2afc614f-6f75-4707-8c78-910edafb29bf@group-CFC989808CC1-LeaderElection98] INFO  server.RaftServerConfigKeys (ConfUtils.java:logGet(43)) - raft.server.write.element-limit = 4096 (default)
2019-10-04 06:30:20,386 [2afc614f-6f75-4707-8c78-910edafb29bf@group-CFC989808CC1-LeaderElection98] INFO  server.RaftServerConfigKeys (ConfUtils.java:logGet(43)) - raft.server.watch.timeout = 10s (default)
2019-10-04 06:30:20,386 [2afc614f-6f75-4707-8c78-910edafb29bf@group-CFC989808CC1-LeaderElection98] INFO  server.RaftServerConfigKeys (ConfUtils.java:logGet(43)) - raft.server.watch.timeout.denomination = 1s (default)
2019-10-04 06:30:20,386 [2afc614f-6f75-4707-8c78-910edafb29bf@group-CFC989808CC1-LeaderElection98] INFO  server.RaftServerConfigKeys (ConfUtils.java:logGet(43)) - raft.server.watch.element-limit = 65536 (default)
2019-10-04 06:30:20,389 [2afc614f-6f75-4707-8c78-910edafb29bf@group-CFC989808CC1-LeaderElection98] INFO  impl.RoleInfo (RoleInfo.java:updateAndGet(143)) - 2afc614f-6f75-4707-8c78-910edafb29bf: start LeaderState
2019-10-04 06:30:20,389 [2afc614f-6f75-4707-8c78-910edafb29bf@group-CFC989808CC1-LeaderElection98] INFO  segmented.SegmentedRaftLogWorker (SegmentedRaftLogWorker.java:startLogSegment(385)) - 2afc614f-6f75-4707-8c78-910edafb29bf@group-CFC989808CC1-SegmentedRaftLogWorker: Starting segment from index:0
2019-10-04 06:30:20,390 [2afc614f-6f75-4707-8c78-910edafb29bf@group-CFC989808CC1-LeaderElection98] INFO  impl.RaftServerImpl (ServerState.java:setRaftConf(356)) - 2afc614f-6f75-4707-8c78-910edafb29bf@group-CFC989808CC1: set configuration 0: [2afc614f-6f75-4707-8c78-910edafb29bf:192.168.151.69:42913], old=null at 0
2019-10-04 06:30:20,396 [Thread-2385] INFO  impl.FollowerState (FollowerState.java:run(108)) - de94de20-fda1-42b3-bacf-9c775a6cc57a@group-637F7C90044E-FollowerState: change to CANDIDATE, lastRpcTime:5068ms, electionTimeout:5068ms
2019-10-04 06:30:20,396 [Thread-2385] INFO  impl.RoleInfo (RoleInfo.java:shutdownFollowerState(121)) - de94de20-fda1-42b3-bacf-9c775a6cc57a: shutdown FollowerState
2019-10-04 06:30:20,396 [Thread-2385] INFO  impl.RaftServerImpl (RaftServerImpl.java:setRole(170)) - de94de20-fda1-42b3-bacf-9c775a6cc57a@group-637F7C90044E: changes role from  FOLLOWER to CANDIDATE at term 0 for changeToCandidate
2019-10-04 06:30:20,396 [Thread-2385] INFO  impl.RoleInfo (RoleInfo.java:updateAndGet(143)) - de94de20-fda1-42b3-bacf-9c775a6cc57a: start LeaderElection
2019-10-04 06:30:20,421 [Thread-2381] INFO  impl.FollowerState (FollowerState.java:run(108)) - 7678a048-151b-498b-9437-1840db1810f4@group-637F7C90044E-FollowerState: change to CANDIDATE, lastRpcTime:5103ms, electionTimeout:5103ms
2019-10-04 06:30:20,425 [Thread-2386] INFO  impl.FollowerState (FollowerState.java:run(108)) - 2afc614f-6f75-4707-8c78-910edafb29bf@group-637F7C90044E-FollowerState: change to CANDIDATE, lastRpcTime:5097ms, electionTimeout:5077ms
2019-10-04 06:30:20,425 [Thread-2386] INFO  impl.RoleInfo (RoleInfo.java:shutdownFollowerState(121)) - 2afc614f-6f75-4707-8c78-910edafb29bf: shutdown FollowerState
2019-10-04 06:30:20,425 [Thread-2386] INFO  impl.RaftServerImpl (RaftServerImpl.java:setRole(170)) - 2afc614f-6f75-4707-8c78-910edafb29bf@group-637F7C90044E: changes role from  FOLLOWER to CANDIDATE at term 0 for changeToCandidate
2019-10-04 06:30:20,425 [Thread-2386] INFO  impl.RoleInfo (RoleInfo.java:updateAndGet(143)) - 2afc614f-6f75-4707-8c78-910edafb29bf: start LeaderElection
2019-10-04 06:30:20,425 [Thread-2381] INFO  impl.RoleInfo (RoleInfo.java:shutdownFollowerState(121)) - 7678a048-151b-498b-9437-1840db1810f4: shutdown FollowerState
2019-10-04 06:30:20,426 [Thread-2381] INFO  impl.RaftServerImpl (RaftServerImpl.java:setRole(170)) - 7678a048-151b-498b-9437-1840db1810f4@group-637F7C90044E: changes role from  FOLLOWER to CANDIDATE at term 0 for changeToCandidate
2019-10-04 06:30:20,426 [Thread-2381] INFO  impl.RoleInfo (RoleInfo.java:updateAndGet(143)) - 7678a048-151b-498b-9437-1840db1810f4: start LeaderElection
2019-10-04 06:30:20,460 [2afc614f-6f75-4707-8c78-910edafb29bf@group-CFC989808CC1-SegmentedRaftLogWorker] INFO  segmented.SegmentedRaftLogWorker (SegmentedRaftLogWorker.java:execute(574)) - 2afc614f-6f75-4707-8c78-910edafb29bf@group-CFC989808CC1-SegmentedRaftLogWorker: created new log segment /workdir/hadoop-ozone/integration-test/target/test-dir/MiniOzoneClusterImpl-8f4f3c31-9c02-4063-b450-3f421a489ced/datanode-6/data/ratis/d4afa86a-8384-442e-a334-cfc989808cc1/current/log_inprogress_0
2019-10-04 06:30:20,460 [2afc614f-6f75-4707-8c78-910edafb29bf@group-637F7C90044E-LeaderElection100] INFO  impl.LeaderElection (LeaderElection.java:askForVotes(178)) - 2afc614f-6f75-4707-8c78-910edafb29bf@group-637F7C90044E-LeaderElection100: begin an election at term 1 for -1: [de94de20-fda1-42b3-bacf-9c775a6cc57a:192.168.151.69:43665, 7678a048-151b-498b-9437-1840db1810f4:192.168.151.69:40003, 2afc614f-6f75-4707-8c78-910edafb29bf:192.168.151.69:42913], old=null
2019-10-04 06:30:20,460 [de94de20-fda1-42b3-bacf-9c775a6cc57a@group-637F7C90044E-LeaderElection99] INFO  impl.LeaderElection (LeaderElection.java:askForVotes(178)) - de94de20-fda1-42b3-bacf-9c775a6cc57a@group-637F7C90044E-LeaderElection99: begin an election at term 1 for -1: [de94de20-fda1-42b3-bacf-9c775a6cc57a:192.168.151.69:43665, 7678a048-151b-498b-9437-1840db1810f4:192.168.151.69:40003, 2afc614f-6f75-4707-8c78-910edafb29bf:192.168.151.69:42913], old=null
2019-10-04 06:30:20,460 [7678a048-151b-498b-9437-1840db1810f4@group-637F7C90044E-LeaderElection101] INFO  impl.LeaderElection (LeaderElection.java:askForVotes(178)) - 7678a048-151b-498b-9437-1840db1810f4@group-637F7C90044E-LeaderElection101: begin an election at term 1 for -1: [de94de20-fda1-42b3-bacf-9c775a6cc57a:192.168.151.69:43665, 7678a048-151b-498b-9437-1840db1810f4:192.168.151.69:40003, 2afc614f-6f75-4707-8c78-910edafb29bf:192.168.151.69:42913], old=null
2019-10-04 06:30:20,488 [7678a048-151b-498b-9437-1840db1810f4@group-637F7C90044E-LeaderElection101] INFO  impl.LeaderElection (LeaderElection.java:logAndReturn(56)) - 7678a048-151b-498b-9437-1840db1810f4@group-637F7C90044E-LeaderElection101: Election REJECTED; received 2 response(s) [7678a048-151b-498b-9437-1840db1810f4<-de94de20-fda1-42b3-bacf-9c775a6cc57a#0:FAIL-t1, 7678a048-151b-498b-9437-1840db1810f4<-2afc614f-6f75-4707-8c78-910edafb29bf#0:FAIL-t1] and 0 exception(s); 7678a048-151b-498b-9437-1840db1810f4@group-637F7C90044E:t1, leader=null, voted=7678a048-151b-498b-9437-1840db1810f4, raftlog=7678a048-151b-498b-9437-1840db1810f4@group-637F7C90044E-SegmentedRaftLog:OPENED:c-1,f-1,i0, conf=-1: [de94de20-fda1-42b3-bacf-9c775a6cc57a:192.168.151.69:43665, 7678a048-151b-498b-9437-1840db1810f4:192.168.151.69:40003, 2afc614f-6f75-4707-8c78-910edafb29bf:192.168.151.69:42913], old=null
2019-10-04 06:30:20,488 [2afc614f-6f75-4707-8c78-910edafb29bf@group-637F7C90044E-LeaderElection100] INFO  impl.LeaderElection (LeaderElection.java:logAndReturn(56)) - 2afc614f-6f75-4707-8c78-910edafb29bf@group-637F7C90044E-LeaderElection100: Election REJECTED; received 2 response(s) [2afc614f-6f75-4707-8c78-910edafb29bf<-de94de20-fda1-42b3-bacf-9c775a6cc57a#0:FAIL-t1, 2afc614f-6f75-4707-8c78-910edafb29bf<-7678a048-151b-498b-9437-1840db1810f4#0:FAIL-t1] and 0 exception(s); 2afc614f-6f75-4707-8c78-910edafb29bf@group-637F7C90044E:t1, leader=null, voted=2afc614f-6f75-4707-8c78-910edafb29bf, raftlog=2afc614f-6f75-4707-8c78-910edafb29bf@group-637F7C90044E-SegmentedRaftLog:OPENED:c-1,f-1,i0, conf=-1: [de94de20-fda1-42b3-bacf-9c775a6cc57a:192.168.151.69:43665, 7678a048-151b-498b-9437-1840db1810f4:192.168.151.69:40003, 2afc614f-6f75-4707-8c78-910edafb29bf:192.168.151.69:42913], old=null
2019-10-04 06:30:20,488 [7678a048-151b-498b-9437-1840db1810f4@group-637F7C90044E-LeaderElection101] INFO  impl.RaftServerImpl (RaftServerImpl.java:setRole(170)) - 7678a048-151b-498b-9437-1840db1810f4@group-637F7C90044E: changes role from CANDIDATE to FOLLOWER at term 1 for DISCOVERED_A_NEW_TERM
2019-10-04 06:30:20,492 [de94de20-fda1-42b3-bacf-9c775a6cc57a@group-637F7C90044E-LeaderElection99] INFO  impl.LeaderElection (LeaderElection.java:logAndReturn(56)) - de94de20-fda1-42b3-bacf-9c775a6cc57a@group-637F7C90044E-LeaderElection99: Election REJECTED; received 2 response(s) [de94de20-fda1-42b3-bacf-9c775a6cc57a<-7678a048-151b-498b-9437-1840db1810f4#0:FAIL-t1, de94de20-fda1-42b3-bacf-9c775a6cc57a<-2afc614f-6f75-4707-8c78-910edafb29bf#0:FAIL-t1] and 0 exception(s); de94de20-fda1-42b3-bacf-9c775a6cc57a@group-637F7C90044E:t1, leader=null, voted=de94de20-fda1-42b3-bacf-9c775a6cc57a, raftlog=de94de20-fda1-42b3-bacf-9c775a6cc57a@group-637F7C90044E-SegmentedRaftLog:OPENED:c-1,f-1,i0, conf=-1: [de94de20-fda1-42b3-bacf-9c775a6cc57a:192.168.151.69:43665, 7678a048-151b-498b-9437-1840db1810f4:192.168.151.69:40003, 2afc614f-6f75-4707-8c78-910edafb29bf:192.168.151.69:42913], old=null
2019-10-04 06:30:20,492 [2afc614f-6f75-4707-8c78-910edafb29bf@group-637F7C90044E-LeaderElection100] INFO  impl.RaftServerImpl (RaftServerImpl.java:setRole(170)) - 2afc614f-6f75-4707-8c78-910edafb29bf@group-637F7C90044E: changes role from CANDIDATE to FOLLOWER at term 1 for DISCOVERED_A_NEW_TERM
2019-10-04 06:30:20,492 [de94de20-fda1-42b3-bacf-9c775a6cc57a@group-637F7C90044E-LeaderElection99] INFO  impl.RaftServerImpl (RaftServerImpl.java:setRole(170)) - de94de20-fda1-42b3-bacf-9c775a6cc57a@group-637F7C90044E: changes role from CANDIDATE to FOLLOWER at term 1 for DISCOVERED_A_NEW_TERM
2019-10-04 06:30:20,493 [de94de20-fda1-42b3-bacf-9c775a6cc57a@group-637F7C90044E-LeaderElection99] INFO  impl.RoleInfo (RoleInfo.java:shutdownLeaderElection(134)) - de94de20-fda1-42b3-bacf-9c775a6cc57a: shutdown LeaderElection
2019-10-04 06:30:20,492 [7678a048-151b-498b-9437-1840db1810f4@group-637F7C90044E-LeaderElection101] INFO  impl.RoleInfo (RoleInfo.java:shutdownLeaderElection(134)) - 7678a048-151b-498b-9437-1840db1810f4: shutdown LeaderElection
2019-10-04 06:30:20,493 [de94de20-fda1-42b3-bacf-9c775a6cc57a@group-637F7C90044E-LeaderElection99] INFO  impl.RoleInfo (RoleInfo.java:updateAndGet(143)) - de94de20-fda1-42b3-bacf-9c775a6cc57a: start FollowerState
2019-10-04 06:30:20,493 [2afc614f-6f75-4707-8c78-910edafb29bf@group-637F7C90044E-LeaderElection100] INFO  impl.RoleInfo (RoleInfo.java:shutdownLeaderElection(134)) - 2afc614f-6f75-4707-8c78-910edafb29bf: shutdown LeaderElection
2019-10-04 06:30:20,493 [7678a048-151b-498b-9437-1840db1810f4@group-637F7C90044E-LeaderElection101] INFO  impl.RoleInfo (RoleInfo.java:updateAndGet(143)) - 7678a048-151b-498b-9437-1840db1810f4: start FollowerState
2019-10-04 06:30:20,493 [2afc614f-6f75-4707-8c78-910edafb29bf@group-637F7C90044E-LeaderElection100] INFO  impl.RoleInfo (RoleInfo.java:updateAndGet(143)) - 2afc614f-6f75-4707-8c78-910edafb29bf: start FollowerState
2019-10-04 06:30:21,270 [grpc-default-executor-7] WARN  server.GrpcLogAppender (LogUtils.java:warn(134)) - 1a60f1dd-57b0-4e50-a131-82451b1e3cfa@group-A4CF8F989565->5d6dac2c-28ba-4e48-a46a-83fcc0658c61-AppendLogResponseHandler: Failed appendEntries: org.apache.ratis.thirdparty.io.grpc.StatusRuntimeException: UNAVAILABLE: io exception
2019-10-04 06:30:21,271 [grpc-default-executor-7] INFO  impl.FollowerInfo (FollowerInfo.java:lambda$new$0(51)) - 1a60f1dd-57b0-4e50-a131-82451b1e3cfa@group-A4CF8F989565->5d6dac2c-28ba-4e48-a46a-83fcc0658c61: nextIndex: updateUnconditionally 0 -> 0
2019-10-04 06:30:21,286 [grpc-default-executor-3] WARN  server.GrpcLogAppender (LogUtils.java:warn(134)) - 1a60f1dd-57b0-4e50-a131-82451b1e3cfa@group-A4CF8F989565->f60682d0-d3c6-4810-99e4-62a378b29a6d-AppendLogResponseHandler: Failed appendEntries: org.apache.ratis.thirdparty.io.grpc.StatusRuntimeException: UNAVAILABLE: io exception
2019-10-04 06:30:21,286 [grpc-default-executor-3] INFO  impl.FollowerInfo (FollowerInfo.java:lambda$new$0(51)) - 1a60f1dd-57b0-4e50-a131-82451b1e3cfa@group-A4CF8F989565->f60682d0-d3c6-4810-99e4-62a378b29a6d: nextIndex: updateUnconditionally 0 -> 0
2019-10-04 06:30:21,560 [Datanode State Machine Thread - 0] INFO  statemachine.DatanodeStateMachine (DatanodeStateMachine.java:lambda$startDaemon$0(350)) - Ozone container server started.
2019-10-04 06:30:23,773 [grpc-default-executor-3] WARN  server.GrpcLogAppender (LogUtils.java:warn(134)) - 1a60f1dd-57b0-4e50-a131-82451b1e3cfa@group-A4CF8F989565->5d6dac2c-28ba-4e48-a46a-83fcc0658c61-AppendLogResponseHandler: Failed appendEntries: org.apache.ratis.thirdparty.io.grpc.StatusRuntimeException: UNAVAILABLE: io exception
2019-10-04 06:30:23,774 [grpc-default-executor-3] INFO  impl.FollowerInfo (FollowerInfo.java:lambda$new$0(51)) - 1a60f1dd-57b0-4e50-a131-82451b1e3cfa@group-A4CF8F989565->5d6dac2c-28ba-4e48-a46a-83fcc0658c61: nextIndex: updateUnconditionally 0 -> 0
2019-10-04 06:30:23,787 [grpc-default-executor-7] WARN  server.GrpcLogAppender (LogUtils.java:warn(134)) - 1a60f1dd-57b0-4e50-a131-82451b1e3cfa@group-A4CF8F989565->f60682d0-d3c6-4810-99e4-62a378b29a6d-AppendLogResponseHandler: Failed appendEntries: org.apache.ratis.thirdparty.io.grpc.StatusRuntimeException: UNAVAILABLE: io exception
2019-10-04 06:30:23,787 [grpc-default-executor-7] INFO  impl.FollowerInfo (FollowerInfo.java:lambda$new$0(51)) - 1a60f1dd-57b0-4e50-a131-82451b1e3cfa@group-A4CF8F989565->f60682d0-d3c6-4810-99e4-62a378b29a6d: nextIndex: updateUnconditionally 0 -> 0
2019-10-04 06:30:25,537 [Thread-2470] INFO  impl.FollowerState (FollowerState.java:run(108)) - 7678a048-151b-498b-9437-1840db1810f4@group-637F7C90044E-FollowerState: change to CANDIDATE, lastRpcTime:5043ms, electionTimeout:5043ms
2019-10-04 06:30:25,537 [Thread-2470] INFO  impl.RoleInfo (RoleInfo.java:shutdownFollowerState(121)) - 7678a048-151b-498b-9437-1840db1810f4: shutdown FollowerState
2019-10-04 06:30:25,537 [Thread-2470] INFO  impl.RaftServerImpl (RaftServerImpl.java:setRole(170)) - 7678a048-151b-498b-9437-1840db1810f4@group-637F7C90044E: changes role from  FOLLOWER to CANDIDATE at term 1 for changeToCandidate
2019-10-04 06:30:25,537 [Thread-2470] INFO  impl.RoleInfo (RoleInfo.java:updateAndGet(143)) - 7678a048-151b-498b-9437-1840db1810f4: start LeaderElection
2019-10-04 06:30:25,552 [7678a048-151b-498b-9437-1840db1810f4@group-637F7C90044E-LeaderElection102] INFO  impl.LeaderElection (LeaderElection.java:askForVotes(178)) - 7678a048-151b-498b-9437-1840db1810f4@group-637F7C90044E-LeaderElection102: begin an election at term 2 for -1: [de94de20-fda1-42b3-bacf-9c775a6cc57a:192.168.151.69:43665, 7678a048-151b-498b-9437-1840db1810f4:192.168.151.69:40003, 2afc614f-6f75-4707-8c78-910edafb29bf:192.168.151.69:42913], old=null
2019-10-04 06:30:25,554 [grpc-default-executor-7] INFO  impl.RaftServerImpl (RaftServerImpl.java:setRole(170)) - 2afc614f-6f75-4707-8c78-910edafb29bf@group-637F7C90044E: changes role from  FOLLOWER to FOLLOWER at term 2 for recognizeCandidate:7678a048-151b-498b-9437-1840db1810f4
2019-10-04 06:30:25,555 [grpc-default-executor-3] INFO  impl.RaftServerImpl (RaftServerImpl.java:setRole(170)) - de94de20-fda1-42b3-bacf-9c775a6cc57a@group-637F7C90044E: changes role from  FOLLOWER to FOLLOWER at term 2 for recognizeCandidate:7678a048-151b-498b-9437-1840db1810f4
2019-10-04 06:30:25,555 [grpc-default-executor-7] INFO  impl.RoleInfo (RoleInfo.java:shutdownFollowerState(121)) - 2afc614f-6f75-4707-8c78-910edafb29bf: shutdown FollowerState
2019-10-04 06:30:25,555 [grpc-default-executor-3] INFO  impl.RoleInfo (RoleInfo.java:shutdownFollowerState(121)) - de94de20-fda1-42b3-bacf-9c775a6cc57a: shutdown FollowerState
2019-10-04 06:30:25,555 [grpc-default-executor-7] INFO  impl.RoleInfo (RoleInfo.java:updateAndGet(143)) - 2afc614f-6f75-4707-8c78-910edafb29bf: start FollowerState
2019-10-04 06:30:25,555 [Thread-2471] INFO  impl.FollowerState (FollowerState.java:run(117)) - 2afc614f-6f75-4707-8c78-910edafb29bf@group-637F7C90044E-FollowerState was interrupted: java.lang.InterruptedException: sleep interrupted
2019-10-04 06:30:25,555 [Thread-2469] INFO  impl.FollowerState (FollowerState.java:run(117)) - de94de20-fda1-42b3-bacf-9c775a6cc57a@group-637F7C90044E-FollowerState was interrupted: java.lang.InterruptedException: sleep interrupted
2019-10-04 06:30:25,555 [grpc-default-executor-3] INFO  impl.RoleInfo (RoleInfo.java:updateAndGet(143)) - de94de20-fda1-42b3-bacf-9c775a6cc57a: start FollowerState
2019-10-04 06:30:25,569 [7678a048-151b-498b-9437-1840db1810f4@group-637F7C90044E-LeaderElection102] INFO  impl.LeaderElection (LeaderElection.java:logAndReturn(56)) - 7678a048-151b-498b-9437-1840db1810f4@group-637F7C90044E-LeaderElection102: Election PASSED; received 1 response(s) [7678a048-151b-498b-9437-1840db1810f4<-de94de20-fda1-42b3-bacf-9c775a6cc57a#0:OK-t2] and 0 exception(s); 7678a048-151b-498b-9437-1840db1810f4@group-637F7C90044E:t2, leader=null, voted=7678a048-151b-498b-9437-1840db1810f4, raftlog=7678a048-151b-498b-9437-1840db1810f4@group-637F7C90044E-SegmentedRaftLog:OPENED:c-1,f-1,i0, conf=-1: [de94de20-fda1-42b3-bacf-9c775a6cc57a:192.168.151.69:43665, 7678a048-151b-498b-9437-1840db1810f4:192.168.151.69:40003, 2afc614f-6f75-4707-8c78-910edafb29bf:192.168.151.69:42913], old=null
2019-10-04 06:30:25,569 [7678a048-151b-498b-9437-1840db1810f4@group-637F7C90044E-LeaderElection102] INFO  impl.RoleInfo (RoleInfo.java:shutdownLeaderElection(134)) - 7678a048-151b-498b-9437-1840db1810f4: shutdown LeaderElection
2019-10-04 06:30:25,570 [7678a048-151b-498b-9437-1840db1810f4@group-637F7C90044E-LeaderElection102] INFO  impl.RaftServerImpl (RaftServerImpl.java:setRole(170)) - 7678a048-151b-498b-9437-1840db1810f4@group-637F7C90044E: changes role from CANDIDATE to LEADER at term 2 for changeToLeader
2019-10-04 06:30:25,570 [7678a048-151b-498b-9437-1840db1810f4@group-637F7C90044E-LeaderElection102] INFO  impl.RaftServerImpl (ServerState.java:setLeader(255)) - 7678a048-151b-498b-9437-1840db1810f4@group-637F7C90044E: change Leader from null to 7678a048-151b-498b-9437-1840db1810f4 at term 2 for becomeLeader, leader elected after 10258ms
2019-10-04 06:30:25,570 [7678a048-151b-498b-9437-1840db1810f4@group-637F7C90044E-LeaderElection102] INFO  server.RaftServerConfigKeys (ConfUtils.java:logGet(43)) - raft.server.staging.catchup.gap = 1000 (default)
2019-10-04 06:30:25,570 [7678a048-151b-498b-9437-1840db1810f4@group-637F7C90044E-LeaderElection102] INFO  server.RaftServerConfigKeys (ConfUtils.java:logGet(43)) - raft.server.rpc.sleep.time = 25ms (default)
2019-10-04 06:30:25,570 [7678a048-151b-498b-9437-1840db1810f4@group-637F7C90044E-LeaderElection102] INFO  server.RaftServerConfigKeys (ConfUtils.java:logGet(43)) - raft.server.write.element-limit = 4096 (default)
2019-10-04 06:30:25,570 [7678a048-151b-498b-9437-1840db1810f4@group-637F7C90044E-LeaderElection102] INFO  server.RaftServerConfigKeys (ConfUtils.java:logGet(43)) - raft.server.watch.timeout = 10s (default)
2019-10-04 06:30:25,570 [7678a048-151b-498b-9437-1840db1810f4@group-637F7C90044E-LeaderElection102] INFO  server.RaftServerConfigKeys (ConfUtils.java:logGet(43)) - raft.server.watch.timeout.denomination = 1s (default)
2019-10-04 06:30:25,571 [7678a048-151b-498b-9437-1840db1810f4@group-637F7C90044E-LeaderElection102] INFO  server.RaftServerConfigKeys (ConfUtils.java:logGet(43)) - raft.server.watch.element-limit = 65536 (default)
2019-10-04 06:30:25,573 [7678a048-151b-498b-9437-1840db1810f4@group-637F7C90044E-LeaderElection102] INFO  server.RaftServerConfigKeys (ConfUtils.java:logGet(43)) - raft.server.log.appender.snapshot.chunk.size.max = 16MB (=16777216) (default)
2019-10-04 06:30:25,573 [7678a048-151b-498b-9437-1840db1810f4@group-637F7C90044E-LeaderElection102] INFO  server.RaftServerConfigKeys (ConfUtils.java:logGet(43)) - raft.server.log.appender.buffer.byte-limit = 33554432 (custom)
2019-10-04 06:30:25,573 [7678a048-151b-498b-9437-1840db1810f4@group-637F7C90044E-LeaderElection102] INFO  server.RaftServerConfigKeys (ConfUtils.java:logGet(43)) - raft.server.log.appender.buffer.element-limit = 1 (custom)
2019-10-04 06:30:25,573 [7678a048-151b-498b-9437-1840db1810f4@group-637F7C90044E-LeaderElection102] INFO  grpc.GrpcConfigKeys$Server (ConfUtils.java:logGet(43)) - raft.grpc.server.leader.outstanding.appends.max = 128 (default)
2019-10-04 06:30:25,573 [7678a048-151b-498b-9437-1840db1810f4@group-637F7C90044E-LeaderElection102] INFO  server.RaftServerConfigKeys (ConfUtils.java:logGet(43)) - raft.server.rpc.request.timeout = 3000ms (default)
2019-10-04 06:30:25,573 [7678a048-151b-498b-9437-1840db1810f4@group-637F7C90044E-LeaderElection102] INFO  server.RaftServerConfigKeys (ConfUtils.java:logGet(43)) - raft.server.log.appender.install.snapshot.enabled = false (custom)
2019-10-04 06:30:25,573 [7678a048-151b-498b-9437-1840db1810f4@group-637F7C90044E-LeaderElection102] INFO  server.RaftServerConfigKeys (ConfUtils.java:logGet(43)) - raft.server.log.appender.snapshot.chunk.size.max = 16MB (=16777216) (default)
2019-10-04 06:30:25,574 [7678a048-151b-498b-9437-1840db1810f4@group-637F7C90044E-LeaderElection102] INFO  server.RaftServerConfigKeys (ConfUtils.java:logGet(43)) - raft.server.log.appender.buffer.byte-limit = 33554432 (custom)
2019-10-04 06:30:25,574 [7678a048-151b-498b-9437-1840db1810f4@group-637F7C90044E-LeaderElection102] INFO  server.RaftServerConfigKeys (ConfUtils.java:logGet(43)) - raft.server.log.appender.buffer.element-limit = 1 (custom)
2019-10-04 06:30:25,574 [7678a048-151b-498b-9437-1840db1810f4@group-637F7C90044E-LeaderElection102] INFO  grpc.GrpcConfigKeys$Server (ConfUtils.java:logGet(43)) - raft.grpc.server.leader.outstanding.appends.max = 128 (default)
2019-10-04 06:30:25,574 [7678a048-151b-498b-9437-1840db1810f4@group-637F7C90044E-LeaderElection102] INFO  server.RaftServerConfigKeys (ConfUtils.java:logGet(43)) - raft.server.rpc.request.timeout = 3000ms (default)
2019-10-04 06:30:25,574 [7678a048-151b-498b-9437-1840db1810f4@group-637F7C90044E-LeaderElection102] INFO  server.RaftServerConfigKeys (ConfUtils.java:logGet(43)) - raft.server.log.appender.install.snapshot.enabled = false (custom)
2019-10-04 06:30:25,574 [7678a048-151b-498b-9437-1840db1810f4@group-637F7C90044E-LeaderElection102] INFO  impl.RoleInfo (RoleInfo.java:updateAndGet(143)) - 7678a048-151b-498b-9437-1840db1810f4: start LeaderState
2019-10-04 06:30:25,574 [7678a048-151b-498b-9437-1840db1810f4@group-637F7C90044E-LeaderElection102] INFO  segmented.SegmentedRaftLogWorker (SegmentedRaftLogWorker.java:startLogSegment(385)) - 7678a048-151b-498b-9437-1840db1810f4@group-637F7C90044E-SegmentedRaftLogWorker: Starting segment from index:0
2019-10-04 06:30:25,575 [7678a048-151b-498b-9437-1840db1810f4@group-637F7C90044E-LeaderElection102] INFO  impl.RaftServerImpl (ServerState.java:setRaftConf(356)) - 7678a048-151b-498b-9437-1840db1810f4@group-637F7C90044E: set configuration 0: [de94de20-fda1-42b3-bacf-9c775a6cc57a:192.168.151.69:43665, 7678a048-151b-498b-9437-1840db1810f4:192.168.151.69:40003, 2afc614f-6f75-4707-8c78-910edafb29bf:192.168.151.69:42913], old=null at 0
2019-10-04 06:30:25,576 [grpc-default-executor-3] INFO  impl.RaftServerImpl (ServerState.java:setLeader(255)) - de94de20-fda1-42b3-bacf-9c775a6cc57a@group-637F7C90044E: change Leader from null to 7678a048-151b-498b-9437-1840db1810f4 at term 2 for appendEntries, leader elected after 10264ms
2019-10-04 06:30:25,576 [grpc-default-executor-7] INFO  impl.RaftServerImpl (ServerState.java:setLeader(255)) - 2afc614f-6f75-4707-8c78-910edafb29bf@group-637F7C90044E: change Leader from null to 7678a048-151b-498b-9437-1840db1810f4 at term 2 for appendEntries, leader elected after 10265ms
2019-10-04 06:30:25,578 [grpc-default-executor-7] INFO  impl.RaftServerImpl (ServerState.java:setRaftConf(356)) - de94de20-fda1-42b3-bacf-9c775a6cc57a@group-637F7C90044E: set configuration 0: [de94de20-fda1-42b3-bacf-9c775a6cc57a:192.168.151.69:43665, 7678a048-151b-498b-9437-1840db1810f4:192.168.151.69:40003, 2afc614f-6f75-4707-8c78-910edafb29bf:192.168.151.69:42913], old=null at 0
2019-10-04 06:30:25,578 [grpc-default-executor-3] INFO  impl.RaftServerImpl (ServerState.java:setRaftConf(356)) - 2afc614f-6f75-4707-8c78-910edafb29bf@group-637F7C90044E: set configuration 0: [de94de20-fda1-42b3-bacf-9c775a6cc57a:192.168.151.69:43665, 7678a048-151b-498b-9437-1840db1810f4:192.168.151.69:40003, 2afc614f-6f75-4707-8c78-910edafb29bf:192.168.151.69:42913], old=null at 0
2019-10-04 06:30:25,578 [grpc-default-executor-7] INFO  segmented.SegmentedRaftLogWorker (SegmentedRaftLogWorker.java:startLogSegment(385)) - de94de20-fda1-42b3-bacf-9c775a6cc57a@group-637F7C90044E-SegmentedRaftLogWorker: Starting segment from index:0
2019-10-04 06:30:25,578 [grpc-default-executor-3] INFO  segmented.SegmentedRaftLogWorker (SegmentedRaftLogWorker.java:startLogSegment(385)) - 2afc614f-6f75-4707-8c78-910edafb29bf@group-637F7C90044E-SegmentedRaftLogWorker: Starting segment from index:0
2019-10-04 06:30:25,588 [main] INFO  ozoneimpl.OzoneContainer (OzoneContainer.java:stop(231)) - Attempting to stop container services.
2019-10-04 06:30:25,589 [main] INFO  impl.RaftServerProxy (RaftServerProxy.java:lambda$close$4(314)) - 64d95ac8-37cd-4bae-8003-3f5227b2144b: close
2019-10-04 06:30:25,590 [main] INFO  impl.RaftServerImpl (RaftServerImpl.java:lambda$shutdown$3(247)) - 64d95ac8-37cd-4bae-8003-3f5227b2144b@group-5D17B24A7B8F: shutdown
2019-10-04 06:30:25,590 [main] INFO  util.JmxRegister (JmxRegister.java:unregister(73)) - Successfully un-registered JMX Bean with object name Ratis:service=RaftServer,group=group-5D17B24A7B8F,id=64d95ac8-37cd-4bae-8003-3f5227b2144b
2019-10-04 06:30:25,591 [main] INFO  impl.RoleInfo (RoleInfo.java:shutdownLeaderState(104)) - 64d95ac8-37cd-4bae-8003-3f5227b2144b: shutdown LeaderState
2019-10-04 06:30:25,591 [main] INFO  impl.PendingRequests (PendingRequests.java:sendNotLeaderResponses(202)) - 64d95ac8-37cd-4bae-8003-3f5227b2144b@group-5D17B24A7B8F-PendingRequests: sendNotLeaderResponses
2019-10-04 06:30:25,591 [main] INFO  impl.StateMachineUpdater (StateMachineUpdater.java:stopAndJoin(136)) - 64d95ac8-37cd-4bae-8003-3f5227b2144b@group-5D17B24A7B8F-StateMachineUpdater: set stopIndex = 0
2019-10-04 06:30:25,592 [main] INFO  impl.RaftServerImpl (ServerState.java:close(387)) - 64d95ac8-37cd-4bae-8003-3f5227b2144b@group-5D17B24A7B8F: closes. applyIndex: 0
2019-10-04 06:30:25,592 [64d95ac8-37cd-4bae-8003-3f5227b2144b@group-5D17B24A7B8F-SegmentedRaftLogWorker] INFO  segmented.SegmentedRaftLogWorker (SegmentedRaftLogWorker.java:run(316)) - 64d95ac8-37cd-4bae-8003-3f5227b2144b@group-5D17B24A7B8F-SegmentedRaftLogWorker was interrupted, exiting. There are 0 tasks remaining in the queue.
2019-10-04 06:30:25,610 [main] INFO  segmented.SegmentedRaftLogWorker (SegmentedRaftLogWorker.java:close(224)) - 64d95ac8-37cd-4bae-8003-3f5227b2144b@group-5D17B24A7B8F-SegmentedRaftLogWorker close()
2019-10-04 06:30:25,616 [main] INFO  impl.RaftServerImpl (RaftServerImpl.java:lambda$shutdown$3(247)) - 64d95ac8-37cd-4bae-8003-3f5227b2144b@group-9B2C26036B56: shutdown
2019-10-04 06:30:25,617 [main] INFO  util.JmxRegister (JmxRegister.java:unregister(73)) - Successfully un-registered JMX Bean with object name Ratis:service=RaftServer,group=group-9B2C26036B56,id=64d95ac8-37cd-4bae-8003-3f5227b2144b
2019-10-04 06:30:25,617 [main] INFO  impl.RoleInfo (RoleInfo.java:shutdownFollowerState(121)) - 64d95ac8-37cd-4bae-8003-3f5227b2144b: shutdown FollowerState
2019-10-04 06:30:25,617 [Thread-2432] INFO  impl.FollowerState (FollowerState.java:run(117)) - 64d95ac8-37cd-4bae-8003-3f5227b2144b@group-9B2C26036B56-FollowerState was interrupted: java.lang.InterruptedException: sleep interrupted
2019-10-04 06:30:25,617 [main] INFO  impl.StateMachineUpdater (StateMachineUpdater.java:stopAndJoin(136)) - 64d95ac8-37cd-4bae-8003-3f5227b2144b@group-9B2C26036B56-StateMachineUpdater: set stopIndex = 2
2019-10-04 06:30:25,618 [64d95ac8-37cd-4bae-8003-3f5227b2144b@group-9B2C26036B56-StateMachineUpdater] INFO  ratis.ContainerStateMachine (ContainerStateMachine.java:takeSnapshot(293)) - group-9B2C26036B56: Taking a snapshot at:(t:1, i:1) file /workdir/hadoop-ozone/integration-test/target/test-dir/MiniOzoneClusterImpl-8f4f3c31-9c02-4063-b450-3f421a489ced/datanode-0/data/ratis/46414f12-ce13-44aa-b5e0-9b2c26036b56/sm/snapshot.1_1
2019-10-04 06:30:25,631 [EventQueue-StaleNodeForStaleNodeHandler] INFO  node.StaleNodeHandler (StaleNodeHandler.java:onMessage(58)) - Datanode 5d6dac2c-28ba-4e48-a46a-83fcc0658c61{ip: 192.168.151.69, host: trunk-nightly-20191004-lpvmn-70278721, networkLocation: /default-rack, certSerialId: null} moved to stale state. Finalizing its pipelines [PipelineID=2b47c58a-2530-4ed3-93a6-0c820820b4ed, PipelineID=13d6e0a6-6d95-442b-b107-a4cf8f989565]
2019-10-04 06:30:25,631 [EventQueue-StaleNodeForStaleNodeHandler] INFO  pipeline.SCMPipelineManager (SCMPipelineManager.java:finalizeAndDestroyPipeline(315)) - destroying pipeline:Pipeline[ Id: 2b47c58a-2530-4ed3-93a6-0c820820b4ed, Nodes: 5d6dac2c-28ba-4e48-a46a-83fcc0658c61{ip: 192.168.151.69, host: trunk-nightly-20191004-lpvmn-70278721, networkLocation: /default-rack, certSerialId: null}, Type:RATIS, Factor:ONE, State:OPEN]
2019-10-04 06:30:25,632 [EventQueue-StaleNodeForStaleNodeHandler] INFO  pipeline.PipelineStateManager (PipelineStateManager.java:finalizePipeline(123)) - Pipeline Pipeline[ Id: 2b47c58a-2530-4ed3-93a6-0c820820b4ed, Nodes: 5d6dac2c-28ba-4e48-a46a-83fcc0658c61{ip: 192.168.151.69, host: trunk-nightly-20191004-lpvmn-70278721, networkLocation: /default-rack, certSerialId: null}, Type:RATIS, Factor:ONE, State:CLOSED] moved to CLOSED state
2019-10-04 06:30:25,632 [EventQueue-StaleNodeForStaleNodeHandler] INFO  pipeline.SCMPipelineManager (SCMPipelineManager.java:finalizeAndDestroyPipeline(315)) - destroying pipeline:Pipeline[ Id: 13d6e0a6-6d95-442b-b107-a4cf8f989565, Nodes: 5d6dac2c-28ba-4e48-a46a-83fcc0658c61{ip: 192.168.151.69, host: trunk-nightly-20191004-lpvmn-70278721, networkLocation: /default-rack, certSerialId: null}f60682d0-d3c6-4810-99e4-62a378b29a6d{ip: 192.168.151.69, host: trunk-nightly-20191004-lpvmn-70278721, networkLocation: /default-rack, certSerialId: null}1a60f1dd-57b0-4e50-a131-82451b1e3cfa{ip: 192.168.151.69, host: trunk-nightly-20191004-lpvmn-70278721, networkLocation: /default-rack, certSerialId: null}, Type:RATIS, Factor:THREE, State:OPEN]
2019-10-04 06:30:25,632 [EventQueue-StaleNodeForStaleNodeHandler] INFO  pipeline.PipelineStateManager (PipelineStateManager.java:finalizePipeline(123)) - Pipeline Pipeline[ Id: 13d6e0a6-6d95-442b-b107-a4cf8f989565, Nodes: 5d6dac2c-28ba-4e48-a46a-83fcc0658c61{ip: 192.168.151.69, host: trunk-nightly-20191004-lpvmn-70278721, networkLocation: /default-rack, certSerialId: null}f60682d0-d3c6-4810-99e4-62a378b29a6d{ip: 192.168.151.69, host: trunk-nightly-20191004-lpvmn-70278721, networkLocation: /default-rack, certSerialId: null}1a60f1dd-57b0-4e50-a131-82451b1e3cfa{ip: 192.168.151.69, host: trunk-nightly-20191004-lpvmn-70278721, networkLocation: /default-rack, certSerialId: null}, Type:RATIS, Factor:THREE, State:CLOSED] moved to CLOSED state
2019-10-04 06:30:25,633 [EventQueue-CloseContainerForCloseContainerEventHandler] INFO  container.CloseContainerEventHandler (CloseContainerEventHandler.java:onMessage(61)) - Close container Event triggered for container : #1
2019-10-04 06:30:25,635 [64d95ac8-37cd-4bae-8003-3f5227b2144b@group-9B2C26036B56-StateMachineUpdater] INFO  ratis.ContainerStateMachine (ContainerStateMachine.java:takeSnapshot(304)) - group-9B2C26036B56: Finished taking a snapshot at:(t:1, i:1) file:/workdir/hadoop-ozone/integration-test/target/test-dir/MiniOzoneClusterImpl-8f4f3c31-9c02-4063-b450-3f421a489ced/datanode-0/data/ratis/46414f12-ce13-44aa-b5e0-9b2c26036b56/sm/snapshot.1_1 time:18
2019-10-04 06:30:25,635 [2afc614f-6f75-4707-8c78-910edafb29bf@group-637F7C90044E-SegmentedRaftLogWorker] INFO  segmented.SegmentedRaftLogWorker (SegmentedRaftLogWorker.java:execute(574)) - 2afc614f-6f75-4707-8c78-910edafb29bf@group-637F7C90044E-SegmentedRaftLogWorker: created new log segment /workdir/hadoop-ozone/integration-test/target/test-dir/MiniOzoneClusterImpl-8f4f3c31-9c02-4063-b450-3f421a489ced/datanode-6/data/ratis/c35cb2d6-64fa-48d4-8e45-637f7c90044e/current/log_inprogress_0
2019-10-04 06:30:25,635 [7678a048-151b-498b-9437-1840db1810f4@group-637F7C90044E-SegmentedRaftLogWorker] INFO  segmented.SegmentedRaftLogWorker (SegmentedRaftLogWorker.java:execute(574)) - 7678a048-151b-498b-9437-1840db1810f4@group-637F7C90044E-SegmentedRaftLogWorker: created new log segment /workdir/hadoop-ozone/integration-test/target/test-dir/MiniOzoneClusterImpl-8f4f3c31-9c02-4063-b450-3f421a489ced/datanode-4/data/ratis/c35cb2d6-64fa-48d4-8e45-637f7c90044e/current/log_inprogress_0
2019-10-04 06:30:25,635 [de94de20-fda1-42b3-bacf-9c775a6cc57a@group-637F7C90044E-SegmentedRaftLogWorker] INFO  segmented.SegmentedRaftLogWorker (SegmentedRaftLogWorker.java:execute(574)) - de94de20-fda1-42b3-bacf-9c775a6cc57a@group-637F7C90044E-SegmentedRaftLogWorker: created new log segment /workdir/hadoop-ozone/integration-test/target/test-dir/MiniOzoneClusterImpl-8f4f3c31-9c02-4063-b450-3f421a489ced/datanode-5/data/ratis/c35cb2d6-64fa-48d4-8e45-637f7c90044e/current/log_inprogress_0
2019-10-04 06:30:25,636 [64d95ac8-37cd-4bae-8003-3f5227b2144b@group-9B2C26036B56-StateMachineUpdater] INFO  impl.StateMachineUpdater (StateMachineUpdater.java:takeSnapshot(269)) - 64d95ac8-37cd-4bae-8003-3f5227b2144b@group-9B2C26036B56-StateMachineUpdater: Took a snapshot at index 1
2019-10-04 06:30:25,636 [64d95ac8-37cd-4bae-8003-3f5227b2144b@group-9B2C26036B56-StateMachineUpdater] INFO  impl.StateMachineUpdater (StateMachineUpdater.java:lambda$new$0(84)) - 64d95ac8-37cd-4bae-8003-3f5227b2144b@group-9B2C26036B56-StateMachineUpdater: snapshotIndex: updateIncreasingly -1 -> 1
2019-10-04 06:30:25,636 [64d95ac8-37cd-4bae-8003-3f5227b2144b@group-9B2C26036B56-StateMachineUpdater] INFO  ratis.ContainerStateMachine (ContainerStateMachine.java:takeSnapshot(293)) - group-9B2C26036B56: Taking a snapshot at:(t:1, i:1) file /workdir/hadoop-ozone/integration-test/target/test-dir/MiniOzoneClusterImpl-8f4f3c31-9c02-4063-b450-3f421a489ced/datanode-0/data/ratis/46414f12-ce13-44aa-b5e0-9b2c26036b56/sm/snapshot.1_1
2019-10-04 06:30:25,649 [64d95ac8-37cd-4bae-8003-3f5227b2144b@group-9B2C26036B56-StateMachineUpdater] INFO  ratis.ContainerStateMachine (ContainerStateMachine.java:takeSnapshot(304)) - group-9B2C26036B56: Finished taking a snapshot at:(t:1, i:1) file:/workdir/hadoop-ozone/integration-test/target/test-dir/MiniOzoneClusterImpl-8f4f3c31-9c02-4063-b450-3f421a489ced/datanode-0/data/ratis/46414f12-ce13-44aa-b5e0-9b2c26036b56/sm/snapshot.1_1 time:13
2019-10-04 06:30:25,649 [64d95ac8-37cd-4bae-8003-3f5227b2144b@group-9B2C26036B56-StateMachineUpdater] INFO  impl.StateMachineUpdater (StateMachineUpdater.java:takeSnapshot(269)) - 64d95ac8-37cd-4bae-8003-3f5227b2144b@group-9B2C26036B56-StateMachineUpdater: Took a snapshot at index 1
2019-10-04 06:30:25,649 [64d95ac8-37cd-4bae-8003-3f5227b2144b@group-9B2C26036B56-StateMachineUpdater] INFO  impl.StateMachineUpdater (StateMachineUpdater.java:lambda$new$0(84)) - 64d95ac8-37cd-4bae-8003-3f5227b2144b@group-9B2C26036B56-StateMachineUpdater: snapshotIndex: updateIncreasingly 1 -> 1
2019-10-04 06:30:25,649 [main] INFO  impl.RaftServerImpl (ServerState.java:close(387)) - 64d95ac8-37cd-4bae-8003-3f5227b2144b@group-9B2C26036B56: closes. applyIndex: 2
2019-10-04 06:30:25,650 [64d95ac8-37cd-4bae-8003-3f5227b2144b@group-9B2C26036B56-SegmentedRaftLogWorker] INFO  segmented.SegmentedRaftLogWorker (SegmentedRaftLogWorker.java:run(316)) - 64d95ac8-37cd-4bae-8003-3f5227b2144b@group-9B2C26036B56-SegmentedRaftLogWorker was interrupted, exiting. There are 0 tasks remaining in the queue.
2019-10-04 06:30:25,654 [main] INFO  segmented.SegmentedRaftLogWorker (SegmentedRaftLogWorker.java:close(224)) - 64d95ac8-37cd-4bae-8003-3f5227b2144b@group-9B2C26036B56-SegmentedRaftLogWorker close()
2019-10-04 06:30:25,660 [main] INFO  server.GrpcService (GrpcService.java:closeImpl(164)) - 64d95ac8-37cd-4bae-8003-3f5227b2144b: shutdown server with port 42282 now
2019-10-04 06:30:25,661 [grpc-default-executor-7] WARN  server.GrpcServerProtocolService (LogUtils.java:warn(134)) - 64d95ac8-37cd-4bae-8003-3f5227b2144b: installSnapshot onError, lastRequest: 8ed780ea-22a2-4102-ada8-ecc3c5c80975->64d95ac8-37cd-4bae-8003-3f5227b2144b#5-t1, previous=(t:1, i:2), leaderCommit=2, initializing? false, entries: <empty>: org.apache.ratis.thirdparty.io.grpc.StatusRuntimeException: CANCELLED: cancelled before receiving half close
2019-10-04 06:30:25,661 [grpc-default-executor-1] WARN  server.GrpcLogAppender (LogUtils.java:warn(134)) - 8ed780ea-22a2-4102-ada8-ecc3c5c80975@group-9B2C26036B56->64d95ac8-37cd-4bae-8003-3f5227b2144b-AppendLogResponseHandler: Failed appendEntries: org.apache.ratis.thirdparty.io.grpc.StatusRuntimeException: CANCELLED: HTTP/2 error code: CANCEL
Received Rst Stream
2019-10-04 06:30:25,662 [main] INFO  server.GrpcService (GrpcService.java:closeImpl(172)) - 64d95ac8-37cd-4bae-8003-3f5227b2144b: shutdown server with port 42282 successfully
2019-10-04 06:30:25,662 [grpc-default-executor-1] INFO  impl.FollowerInfo (FollowerInfo.java:lambda$new$0(51)) - 8ed780ea-22a2-4102-ada8-ecc3c5c80975@group-9B2C26036B56->64d95ac8-37cd-4bae-8003-3f5227b2144b: nextIndex: updateUnconditionally 3 -> 2
2019-10-04 06:30:25,663 [refreshUsed-/workdir/hadoop-ozone/integration-test/target/test-dir/MiniOzoneClusterImpl-8f4f3c31-9c02-4063-b450-3f421a489ced/datanode-0/data/containers] WARN  fs.CachingGetSpaceUsed (CachingGetSpaceUsed.java:run(183)) - Thread Interrupted waiting to refresh disk information: sleep interrupted
2019-10-04 06:30:25,682 [main] INFO  utils.BackgroundService (BackgroundService.java:shutdown(148)) - Shutting down service BlockDeletingService
2019-10-04 06:30:25,693 [main] INFO  statemachine.DatanodeStateMachine (DatanodeStateMachine.java:stopDaemon(395)) - Ozone container server stopped.
2019-10-04 06:30:25,694 [main] INFO  handler.ContextHandler (ContextHandler.java:doStop(910)) - Stopped o.e.j.w.WebAppContext@16d431b4{/,null,UNAVAILABLE}{/hddsDatanode}
2019-10-04 06:30:25,695 [main] INFO  server.AbstractConnector (AbstractConnector.java:doStop(318)) - Stopped ServerConnector@6c0b51da{HTTP/1.1,[http/1.1]}{0.0.0.0:0}
2019-10-04 06:30:25,695 [main] INFO  handler.ContextHandler (ContextHandler.java:doStop(910)) - Stopped o.e.j.s.ServletContextHandler@1cd2ff5b{/static,jar:file:/home/user/.m2/repository/org/apache/hadoop/hadoop-hdds-container-service/0.5.0-SNAPSHOT/hadoop-hdds-container-service-0.5.0-SNAPSHOT.jar!/webapps/static,UNAVAILABLE}
2019-10-04 06:30:25,696 [main] INFO  handler.ContextHandler (ContextHandler.java:doStop(910)) - Stopped o.e.j.s.ServletContextHandler@496cc217{/logs,file:///workdir/hadoop-ozone/integration-test/target/log,UNAVAILABLE}
2019-10-04 06:30:25,708 [grpc-default-executor-1] WARN  server.GrpcLogAppender (LogUtils.java:warn(134)) - 8ed780ea-22a2-4102-ada8-ecc3c5c80975@group-9B2C26036B56->64d95ac8-37cd-4bae-8003-3f5227b2144b-AppendLogResponseHandler: Failed appendEntries: org.apache.ratis.thirdparty.io.grpc.StatusRuntimeException: UNAVAILABLE: io exception
2019-10-04 06:30:25,709 [grpc-default-executor-1] INFO  impl.FollowerInfo (FollowerInfo.java:lambda$new$0(51)) - 8ed780ea-22a2-4102-ada8-ecc3c5c80975@group-9B2C26036B56->64d95ac8-37cd-4bae-8003-3f5227b2144b: nextIndex: updateUnconditionally 3 -> 2
2019-10-04 06:30:25,722 [grpc-default-executor-7] WARN  server.GrpcLogAppender (LogUtils.java:warn(134)) - 8ed780ea-22a2-4102-ada8-ecc3c5c80975@group-9B2C26036B56->64d95ac8-37cd-4bae-8003-3f5227b2144b-AppendLogResponseHandler: Failed appendEntries: org.apache.ratis.thirdparty.io.grpc.StatusRuntimeException: UNAVAILABLE: io exception
2019-10-04 06:30:25,722 [grpc-default-executor-7] INFO  impl.FollowerInfo (FollowerInfo.java:lambda$new$0(51)) - 8ed780ea-22a2-4102-ada8-ecc3c5c80975@group-9B2C26036B56->64d95ac8-37cd-4bae-8003-3f5227b2144b: nextIndex: updateUnconditionally 3 -> 2
2019-10-04 06:30:25,734 [grpc-default-executor-3] WARN  server.GrpcLogAppender (LogUtils.java:warn(134)) - 8ed780ea-22a2-4102-ada8-ecc3c5c80975@group-9B2C26036B56->64d95ac8-37cd-4bae-8003-3f5227b2144b-AppendLogResponseHandler: Failed appendEntries: org.apache.ratis.thirdparty.io.grpc.StatusRuntimeException: UNAVAILABLE: io exception
2019-10-04 06:30:25,735 [grpc-default-executor-3] INFO  impl.FollowerInfo (FollowerInfo.java:lambda$new$0(51)) - 8ed780ea-22a2-4102-ada8-ecc3c5c80975@group-9B2C26036B56->64d95ac8-37cd-4bae-8003-3f5227b2144b: nextIndex: updateUnconditionally 3 -> 2
2019-10-04 06:30:25,735 [EventQueue-IncrementalContainerReportForIncrementalContainerReportHandler] WARN  container.IncrementalContainerReportHandler (AbstractContainerReportHandler.java:updateContainerState(143)) - Container #1 is in OPEN state, but the datanode 8ed780ea-22a2-4102-ada8-ecc3c5c80975{ip: 192.168.151.69, host: trunk-nightly-20191004-lpvmn-70278721, networkLocation: /default-rack, certSerialId: null} reports an CLOSING replica.
2019-10-04 06:30:25,760 [EventQueue-IncrementalContainerReportForIncrementalContainerReportHandler] WARN  container.IncrementalContainerReportHandler (AbstractContainerReportHandler.java:updateContainerState(143)) - Container #1 is in OPEN state, but the datanode 9d630184-749b-41e4-9c8c-2fff765cb0bb{ip: 192.168.151.69, host: trunk-nightly-20191004-lpvmn-70278721, networkLocation: /default-rack, certSerialId: null} reports an CLOSING replica.
2019-10-04 06:30:25,796 [RatisApplyTransactionExecutor 1] INFO  interfaces.Container (KeyValueContainer.java:flushAndSyncDB(386)) - Container 1 is synced with bcsId 0.
2019-10-04 06:30:25,860 [RatisApplyTransactionExecutor 1] INFO  interfaces.Container (KeyValueContainer.java:flushAndSyncDB(386)) - Container 1 is synced with bcsId 0.
2019-10-04 06:30:25,871 [RatisApplyTransactionExecutor 1] INFO  interfaces.Container (KeyValueContainer.java:flushAndSyncDB(386)) - Container 1 is synced with bcsId 0.
2019-10-04 06:30:25,872 [RatisApplyTransactionExecutor 1] INFO  interfaces.Container (KeyValueContainer.java:flushAndSyncDB(386)) - Container 1 is synced with bcsId 0.
2019-10-04 06:30:25,887 [RatisApplyTransactionExecutor 1] INFO  interfaces.Container (KeyValueContainer.java:close(335)) - Container 1 is closed with bcsId 0.
2019-10-04 06:30:25,887 [RatisApplyTransactionExecutor 1] INFO  interfaces.Container (KeyValueContainer.java:close(335)) - Container 1 is closed with bcsId 0.
2019-10-04 06:30:25,898 [EventQueue-IncrementalContainerReportForIncrementalContainerReportHandler] WARN  container.IncrementalContainerReportHandler (AbstractContainerReportHandler.java:updateContainerState(143)) - Container #1 is in OPEN state, but the datanode 9d630184-749b-41e4-9c8c-2fff765cb0bb{ip: 192.168.151.69, host: trunk-nightly-20191004-lpvmn-70278721, networkLocation: /default-rack, certSerialId: null} reports an CLOSED replica.
2019-10-04 06:30:25,898 [EventQueue-IncrementalContainerReportForIncrementalContainerReportHandler] WARN  container.IncrementalContainerReportHandler (AbstractContainerReportHandler.java:updateContainerState(143)) - Container #1 is in OPEN state, but the datanode 8ed780ea-22a2-4102-ada8-ecc3c5c80975{ip: 192.168.151.69, host: trunk-nightly-20191004-lpvmn-70278721, networkLocation: /default-rack, certSerialId: null} reports an CLOSED replica.
2019-10-04 06:30:26,273 [grpc-default-executor-1] WARN  server.GrpcLogAppender (LogUtils.java:warn(134)) - 1a60f1dd-57b0-4e50-a131-82451b1e3cfa@group-A4CF8F989565->5d6dac2c-28ba-4e48-a46a-83fcc0658c61-AppendLogResponseHandler: Failed appendEntries: org.apache.ratis.thirdparty.io.grpc.StatusRuntimeException: UNAVAILABLE: io exception
2019-10-04 06:30:26,274 [grpc-default-executor-1] INFO  impl.FollowerInfo (FollowerInfo.java:lambda$new$0(51)) - 1a60f1dd-57b0-4e50-a131-82451b1e3cfa@group-A4CF8F989565->5d6dac2c-28ba-4e48-a46a-83fcc0658c61: nextIndex: updateUnconditionally 0 -> 0
2019-10-04 06:30:26,287 [grpc-default-executor-1] WARN  server.GrpcLogAppender (LogUtils.java:warn(134)) - 1a60f1dd-57b0-4e50-a131-82451b1e3cfa@group-A4CF8F989565->f60682d0-d3c6-4810-99e4-62a378b29a6d-AppendLogResponseHandler: Failed appendEntries: org.apache.ratis.thirdparty.io.grpc.StatusRuntimeException: UNAVAILABLE: io exception
2019-10-04 06:30:26,288 [grpc-default-executor-1] INFO  impl.FollowerInfo (FollowerInfo.java:lambda$new$0(51)) - 1a60f1dd-57b0-4e50-a131-82451b1e3cfa@group-A4CF8F989565->f60682d0-d3c6-4810-99e4-62a378b29a6d: nextIndex: updateUnconditionally 0 -> 0
2019-10-04 06:30:28,236 [grpc-default-executor-1] WARN  server.GrpcLogAppender (LogUtils.java:warn(134)) - 8ed780ea-22a2-4102-ada8-ecc3c5c80975@group-9B2C26036B56->64d95ac8-37cd-4bae-8003-3f5227b2144b-AppendLogResponseHandler: Failed appendEntries: org.apache.ratis.thirdparty.io.grpc.StatusRuntimeException: UNAVAILABLE: io exception
2019-10-04 06:30:28,236 [grpc-default-executor-1] INFO  impl.FollowerInfo (FollowerInfo.java:lambda$new$0(51)) - 8ed780ea-22a2-4102-ada8-ecc3c5c80975@group-9B2C26036B56->64d95ac8-37cd-4bae-8003-3f5227b2144b: nextIndex: updateUnconditionally 2 -> 1
2019-10-04 06:30:28,315 [grpc-default-executor-3] WARN  server.GrpcLogAppender (LogUtils.java:warn(134)) - 1a60f1dd-57b0-4e50-a131-82451b1e3cfa@group-A4CF8F989565->f60682d0-d3c6-4810-99e4-62a378b29a6d-AppendLogResponseHandler: Failed appendEntries: org.apache.ratis.thirdparty.io.grpc.StatusRuntimeException: UNAVAILABLE: io exception
2019-10-04 06:30:28,316 [grpc-default-executor-2] WARN  server.GrpcLogAppender (LogUtils.java:warn(134)) - 1a60f1dd-57b0-4e50-a131-82451b1e3cfa@group-A4CF8F989565->5d6dac2c-28ba-4e48-a46a-83fcc0658c61-AppendLogResponseHandler: Failed appendEntries: org.apache.ratis.thirdparty.io.grpc.StatusRuntimeException: UNAVAILABLE: io exception
2019-10-04 06:30:28,316 [grpc-default-executor-3] INFO  impl.FollowerInfo (FollowerInfo.java:lambda$new$0(51)) - 1a60f1dd-57b0-4e50-a131-82451b1e3cfa@group-A4CF8F989565->f60682d0-d3c6-4810-99e4-62a378b29a6d: nextIndex: updateUnconditionally 1 -> 0
2019-10-04 06:30:28,316 [grpc-default-executor-2] INFO  impl.FollowerInfo (FollowerInfo.java:lambda$new$0(51)) - 1a60f1dd-57b0-4e50-a131-82451b1e3cfa@group-A4CF8F989565->5d6dac2c-28ba-4e48-a46a-83fcc0658c61: nextIndex: updateUnconditionally 1 -> 0
2019-10-04 06:30:28,917 [main] WARN  scm.XceiverClientRatis (XceiverClientRatis.java:watchForCommit(292)) - 3 way commit failed on pipeline Pipeline[ Id: 46414f12-ce13-44aa-b5e0-9b2c26036b56, Nodes: 64d95ac8-37cd-4bae-8003-3f5227b2144b{ip: 192.168.151.69, host: trunk-nightly-20191004-lpvmn-70278721, networkLocation: /default-rack, certSerialId: null}8ed780ea-22a2-4102-ada8-ecc3c5c80975{ip: 192.168.151.69, host: trunk-nightly-20191004-lpvmn-70278721, networkLocation: /default-rack, certSerialId: null}9d630184-749b-41e4-9c8c-2fff765cb0bb{ip: 192.168.151.69, host: trunk-nightly-20191004-lpvmn-70278721, networkLocation: /default-rack, certSerialId: null}, Type:RATIS, Factor:THREE, State:OPEN]
java.util.concurrent.TimeoutException
	at java.util.concurrent.CompletableFuture.timedGet(CompletableFuture.java:1771)
	at java.util.concurrent.CompletableFuture.get(CompletableFuture.java:1915)
	at org.apache.hadoop.hdds.scm.XceiverClientRatis.watchForCommit(XceiverClientRatis.java:289)
	at org.apache.hadoop.ozone.client.rpc.TestWatchForCommit.test2WayCommitForTimeoutException(TestWatchForCommit.java:391)
	at sun.reflect.NativeMethodAccessorImpl.invoke0(Native Method)
	at sun.reflect.NativeMethodAccessorImpl.invoke(NativeMethodAccessorImpl.java:62)
	at sun.reflect.DelegatingMethodAccessorImpl.invoke(DelegatingMethodAccessorImpl.java:43)
	at java.lang.reflect.Method.invoke(Method.java:498)
	at org.junit.runners.model.FrameworkMethod$1.runReflectiveCall(FrameworkMethod.java:47)
	at org.junit.internal.runners.model.ReflectiveCallable.run(ReflectiveCallable.java:12)
	at org.junit.runners.model.FrameworkMethod.invokeExplosively(FrameworkMethod.java:44)
	at org.junit.internal.runners.statements.InvokeMethod.evaluate(InvokeMethod.java:17)
	at org.junit.runners.ParentRunner.runLeaf(ParentRunner.java:271)
	at org.junit.runners.BlockJUnit4ClassRunner.runChild(BlockJUnit4ClassRunner.java:70)
	at org.junit.runners.BlockJUnit4ClassRunner.runChild(BlockJUnit4ClassRunner.java:50)
	at org.junit.runners.ParentRunner$3.run(ParentRunner.java:238)
	at org.junit.runners.ParentRunner$1.schedule(ParentRunner.java:63)
	at org.junit.runners.ParentRunner.runChildren(ParentRunner.java:236)
	at org.junit.runners.ParentRunner.access$000(ParentRunner.java:53)
	at org.junit.runners.ParentRunner$2.evaluate(ParentRunner.java:229)
	at org.junit.runners.ParentRunner.run(ParentRunner.java:309)
	at org.apache.maven.surefire.junit4.JUnit4Provider.execute(JUnit4Provider.java:365)
	at org.apache.maven.surefire.junit4.JUnit4Provider.executeWithRerun(JUnit4Provider.java:273)
	at org.apache.maven.surefire.junit4.JUnit4Provider.executeTestSet(JUnit4Provider.java:238)
	at org.apache.maven.surefire.junit4.JUnit4Provider.invoke(JUnit4Provider.java:159)
	at org.apache.maven.surefire.booter.ForkedBooter.invokeProviderInSameClassLoader(ForkedBooter.java:384)
	at org.apache.maven.surefire.booter.ForkedBooter.runSuitesInProcess(ForkedBooter.java:345)
	at org.apache.maven.surefire.booter.ForkedBooter.execute(ForkedBooter.java:126)
	at org.apache.maven.surefire.booter.ForkedBooter.main(ForkedBooter.java:418)
2019-10-04 06:30:28,923 [Thread-2512] INFO  client.GrpcClientProtocolService (GrpcClientProtocolService.java:lambda$processClientRequest$0(278)) - Failed RaftClientRequest:client-FCB83FDE6114->9d630184-749b-41e4-9c8c-2fff765cb0bb@group-9B2C26036B56, cid=106, seq=0, Watch-MAJORITY_COMMITTED(3), Message:<EMPTY>, reply=RaftClientReply:client-FCB83FDE6114->9d630184-749b-41e4-9c8c-2fff765cb0bb@group-9B2C26036B56, cid=106, FAILED org.apache.ratis.protocol.NotLeaderException: Server 9d630184-749b-41e4-9c8c-2fff765cb0bb@group-9B2C26036B56 is not the leader 8ed780ea-22a2-4102-ada8-ecc3c5c80975:192.168.151.69:33231, logIndex=0, commits[9d630184-749b-41e4-9c8c-2fff765cb0bb:c4, 8ed780ea-22a2-4102-ada8-ecc3c5c80975:c4, 64d95ac8-37cd-4bae-8003-3f5227b2144b:c2]
2019-10-04 06:30:30,737 [grpc-default-executor-3] WARN  server.GrpcLogAppender (LogUtils.java:warn(134)) - 8ed780ea-22a2-4102-ada8-ecc3c5c80975@group-9B2C26036B56->64d95ac8-37cd-4bae-8003-3f5227b2144b-AppendLogResponseHandler: Failed appendEntries: org.apache.ratis.thirdparty.io.grpc.StatusRuntimeException: UNAVAILABLE: io exception
2019-10-04 06:30:30,737 [grpc-default-executor-3] INFO  impl.FollowerInfo (FollowerInfo.java:lambda$new$0(51)) - 8ed780ea-22a2-4102-ada8-ecc3c5c80975@group-9B2C26036B56->64d95ac8-37cd-4bae-8003-3f5227b2144b: nextIndex: updateUnconditionally 1 -> 0
2019-10-04 06:30:30,816 [grpc-default-executor-3] WARN  server.GrpcLogAppender (LogUtils.java:warn(134)) - 1a60f1dd-57b0-4e50-a131-82451b1e3cfa@group-A4CF8F989565->5d6dac2c-28ba-4e48-a46a-83fcc0658c61-AppendLogResponseHandler: Failed appendEntries: org.apache.ratis.thirdparty.io.grpc.StatusRuntimeException: UNAVAILABLE: io exception
2019-10-04 06:30:30,816 [grpc-default-executor-7] WARN  server.GrpcLogAppender (LogUtils.java:warn(134)) - 1a60f1dd-57b0-4e50-a131-82451b1e3cfa@group-A4CF8F989565->f60682d0-d3c6-4810-99e4-62a378b29a6d-AppendLogResponseHandler: Failed appendEntries: org.apache.ratis.thirdparty.io.grpc.StatusRuntimeException: UNAVAILABLE: io exception
2019-10-04 06:30:30,816 [grpc-default-executor-3] INFO  impl.FollowerInfo (FollowerInfo.java:lambda$new$0(51)) - 1a60f1dd-57b0-4e50-a131-82451b1e3cfa@group-A4CF8F989565->5d6dac2c-28ba-4e48-a46a-83fcc0658c61: nextIndex: updateUnconditionally 0 -> 0
2019-10-04 06:30:30,816 [grpc-default-executor-7] INFO  impl.FollowerInfo (FollowerInfo.java:lambda$new$0(51)) - 1a60f1dd-57b0-4e50-a131-82451b1e3cfa@group-A4CF8F989565->f60682d0-d3c6-4810-99e4-62a378b29a6d: nextIndex: updateUnconditionally 0 -> 0
2019-10-04 06:30:31,056 [Thread-2521] INFO  client.GrpcClientProtocolService (GrpcClientProtocolService.java:lambda$processClientRequest$0(278)) - Failed RaftClientRequest:client-50FED94CA7EE->1a60f1dd-57b0-4e50-a131-82451b1e3cfa@group-A4CF8F989565, cid=68, seq=0, Watch-MAJORITY_COMMITTED(101), Message:<EMPTY>, reply=RaftClientReply:client-50FED94CA7EE->1a60f1dd-57b0-4e50-a131-82451b1e3cfa@group-A4CF8F989565, cid=68, FAILED org.apache.ratis.protocol.NotReplicatedException: Request with call Id 68 and log index 101 is not yet replicated to MAJORITY_COMMITTED, logIndex=101, commits[1a60f1dd-57b0-4e50-a131-82451b1e3cfa:c2, f60682d0-d3c6-4810-99e4-62a378b29a6d:c2, 5d6dac2c-28ba-4e48-a46a-83fcc0658c61:c2]
2019-10-04 06:30:31,339 [EventQueue-StaleNodeForStaleNodeHandler] INFO  node.StaleNodeHandler (StaleNodeHandler.java:onMessage(58)) - Datanode f60682d0-d3c6-4810-99e4-62a378b29a6d{ip: 192.168.151.69, host: trunk-nightly-20191004-lpvmn-70278721, networkLocation: /default-rack, certSerialId: null} moved to stale state. Finalizing its pipelines [PipelineID=f588a7c6-24db-4f95-bf68-869c54bc372a, PipelineID=13d6e0a6-6d95-442b-b107-a4cf8f989565]
2019-10-04 06:30:31,339 [EventQueue-StaleNodeForStaleNodeHandler] INFO  pipeline.SCMPipelineManager (SCMPipelineManager.java:finalizeAndDestroyPipeline(315)) - destroying pipeline:Pipeline[ Id: f588a7c6-24db-4f95-bf68-869c54bc372a, Nodes: f60682d0-d3c6-4810-99e4-62a378b29a6d{ip: 192.168.151.69, host: trunk-nightly-20191004-lpvmn-70278721, networkLocation: /default-rack, certSerialId: null}, Type:RATIS, Factor:ONE, State:OPEN]
2019-10-04 06:30:31,339 [EventQueue-StaleNodeForStaleNodeHandler] INFO  pipeline.PipelineStateManager (PipelineStateManager.java:finalizePipeline(123)) - Pipeline Pipeline[ Id: f588a7c6-24db-4f95-bf68-869c54bc372a, Nodes: f60682d0-d3c6-4810-99e4-62a378b29a6d{ip: 192.168.151.69, host: trunk-nightly-20191004-lpvmn-70278721, networkLocation: /default-rack, certSerialId: null}, Type:RATIS, Factor:ONE, State:CLOSED] moved to CLOSED state
2019-10-04 06:30:31,340 [EventQueue-StaleNodeForStaleNodeHandler] INFO  pipeline.SCMPipelineManager (SCMPipelineManager.java:finalizeAndDestroyPipeline(315)) - destroying pipeline:Pipeline[ Id: 13d6e0a6-6d95-442b-b107-a4cf8f989565, Nodes: 5d6dac2c-28ba-4e48-a46a-83fcc0658c61{ip: 192.168.151.69, host: trunk-nightly-20191004-lpvmn-70278721, networkLocation: /default-rack, certSerialId: null}f60682d0-d3c6-4810-99e4-62a378b29a6d{ip: 192.168.151.69, host: trunk-nightly-20191004-lpvmn-70278721, networkLocation: /default-rack, certSerialId: null}1a60f1dd-57b0-4e50-a131-82451b1e3cfa{ip: 192.168.151.69, host: trunk-nightly-20191004-lpvmn-70278721, networkLocation: /default-rack, certSerialId: null}, Type:RATIS, Factor:THREE, State:CLOSED]
]]></system-out>
    <system-err><![CDATA[Oct 04, 2019 6:30:25 AM org.apache.ratis.thirdparty.io.grpc.internal.SerializingExecutor run
SEVERE: Exception while executing runnable org.apache.ratis.thirdparty.io.grpc.internal.ServerImpl$JumpToApplicationThreadServerStreamListener$1Closed@1071807e
org.apache.ratis.thirdparty.io.grpc.StatusRuntimeException: CANCELLED: call already cancelled
	at org.apache.ratis.thirdparty.io.grpc.Status.asRuntimeException(Status.java:517)
	at org.apache.ratis.thirdparty.io.grpc.stub.ServerCalls$ServerCallStreamObserverImpl.onCompleted(ServerCalls.java:356)
	at org.apache.ratis.grpc.server.GrpcServerProtocolService$ServerRequestStreamObserver.onError(GrpcServerProtocolService.java:121)
	at org.apache.ratis.thirdparty.io.grpc.stub.ServerCalls$StreamingServerCallHandler$StreamingServerCallListener.onCancel(ServerCalls.java:269)
	at org.apache.ratis.thirdparty.io.grpc.internal.ServerCallImpl$ServerStreamListenerImpl.closed(ServerCallImpl.java:293)
	at org.apache.ratis.thirdparty.io.grpc.internal.ServerImpl$JumpToApplicationThreadServerStreamListener$1Closed.runInContext(ServerImpl.java:741)
	at org.apache.ratis.thirdparty.io.grpc.internal.ContextRunnable.run(ContextRunnable.java:37)
	at org.apache.ratis.thirdparty.io.grpc.internal.SerializingExecutor.run(SerializingExecutor.java:123)
	at java.util.concurrent.ThreadPoolExecutor.runWorker(ThreadPoolExecutor.java:1149)
	at java.util.concurrent.ThreadPoolExecutor$Worker.run(ThreadPoolExecutor.java:624)
	at java.lang.Thread.run(Thread.java:748)

]]></system-err>
  </testcase>
</testsuite>