<?xml version="1.0" encoding="UTF-8"?>
<testsuite xmlns:xsi="http://www.w3.org/2001/XMLSchema-instance" xsi:noNamespaceSchemaLocation="https://maven.apache.org/surefire/maven-surefire-plugin/xsd/surefire-test-report.xsd" name="org.apache.hadoop.ozone.client.rpc.TestBlockOutputStreamWithFailures" time="736.015" tests="8" errors="0" skipped="0" failures="2">
  <properties>
    <property name="awt.toolkit" value="sun.awt.X11.XToolkit"/>
    <property name="file.encoding.pkg" value="sun.io"/>
    <property name="java.specification.version" value="1.8"/>
    <property name="sun.cpu.isalist" value=""/>
    <property name="sun.jnu.encoding" value="UTF-8"/>
    <property name="java.class.path" value="/workdir/hadoop-ozone/integration-test/target/test-classes:/workdir/hadoop-ozone/integration-test/target/classes:/home/user/.m2/repository/org/apache/hadoop/hadoop-ozone-common/0.5.0-SNAPSHOT/hadoop-ozone-common-0.5.0-SNAPSHOT.jar:/home/user/.m2/repository/org/apache/commons/commons-compress/1.4.1/commons-compress-1.4.1.jar:/home/user/.m2/repository/org/tukaani/xz/1.0/xz-1.0.jar:/home/user/.m2/repository/org/apache/hadoop/hadoop-common/3.2.0/hadoop-common-3.2.0.jar:/home/user/.m2/repository/org/apache/hadoop/hadoop-hdfs/3.2.0/hadoop-hdfs-3.2.0.jar:/home/user/.m2/repository/org/apache/hadoop/hadoop-hdfs-client/3.2.0/hadoop-hdfs-client-3.2.0.jar:/home/user/.m2/repository/com/fasterxml/jackson/core/jackson-annotations/2.9.9/jackson-annotations-2.9.9.jar:/home/user/.m2/repository/org/apache/hadoop/hadoop-hdds-common/0.5.0-SNAPSHOT/hadoop-hdds-common-0.5.0-SNAPSHOT.jar:/home/user/.m2/repository/javax/annotation/javax.annotation-api/1.2/javax.annotation-api-1.2.jar:/home/user/.m2/repository/org/apache/ratis/ratis-server/0.5.0-201fc85-SNAPSHOT/ratis-server-0.5.0-201fc85-SNAPSHOT.jar:/home/user/.m2/repository/org/apache/ratis/ratis-thirdparty-misc/0.2.0/ratis-thirdparty-misc-0.2.0.jar:/home/user/.m2/repository/org/apache/ratis/ratis-proto/0.5.0-201fc85-SNAPSHOT/ratis-proto-0.5.0-201fc85-SNAPSHOT.jar:/home/user/.m2/repository/org/apache/ratis/ratis-common/0.5.0-201fc85-SNAPSHOT/ratis-common-0.5.0-201fc85-SNAPSHOT.jar:/home/user/.m2/repository/org/apache/ratis/ratis-client/0.5.0-201fc85-SNAPSHOT/ratis-client-0.5.0-201fc85-SNAPSHOT.jar:/home/user/.m2/repository/org/apache/ratis/ratis-metrics/0.5.0-201fc85-SNAPSHOT/ratis-metrics-0.5.0-201fc85-SNAPSHOT.jar:/home/user/.m2/repository/com/github/joshelser/dropwizard-metrics-hadoop-metrics2-reporter/0.1.2/dropwizard-metrics-hadoop-metrics2-reporter-0.1.2.jar:/home/user/.m2/repository/io/dropwizard/metrics/metrics-jvm/3.2.5/metrics-jvm-3.2.5.jar:/home/user/.m2/repository/io/dropwizard/metrics/metrics-ganglia/3.2.5/metrics-ganglia-3.2.5.jar:/home/user/.m2/repository/info/ganglia/gmetric4j/gmetric4j/1.0.7/gmetric4j-1.0.7.jar:/home/user/.m2/repository/org/apache/ratis/ratis-netty/0.5.0-201fc85-SNAPSHOT/ratis-netty-0.5.0-201fc85-SNAPSHOT.jar:/home/user/.m2/repository/org/apache/ratis/ratis-grpc/0.5.0-201fc85-SNAPSHOT/ratis-grpc-0.5.0-201fc85-SNAPSHOT.jar:/home/user/.m2/repository/org/rocksdb/rocksdbjni/6.0.1/rocksdbjni-6.0.1.jar:/home/user/.m2/repository/org/apache/logging/log4j/log4j-api/2.11.0/log4j-api-2.11.0.jar:/home/user/.m2/repository/org/apache/logging/log4j/log4j-core/2.11.0/log4j-core-2.11.0.jar:/home/user/.m2/repository/com/lmax/disruptor/3.4.2/disruptor-3.4.2.jar:/home/user/.m2/repository/org/apache/commons/commons-pool2/2.6.0/commons-pool2-2.6.0.jar:/home/user/.m2/repository/org/bouncycastle/bcpkix-jdk15on/1.60/bcpkix-jdk15on-1.60.jar:/home/user/.m2/repository/commons-validator/commons-validator/1.6/commons-validator-1.6.jar:/home/user/.m2/repository/commons-digester/commons-digester/1.8.1/commons-digester-1.8.1.jar:/home/user/.m2/repository/io/jaegertracing/jaeger-client/0.34.0/jaeger-client-0.34.0.jar:/home/user/.m2/repository/io/jaegertracing/jaeger-thrift/0.34.0/jaeger-thrift-0.34.0.jar:/home/user/.m2/repository/org/apache/thrift/libthrift/0.12.0/libthrift-0.12.0.jar:/home/user/.m2/repository/com/squareup/okhttp3/okhttp/3.9.0/okhttp-3.9.0.jar:/home/user/.m2/repository/com/squareup/okio/okio/1.13.0/okio-1.13.0.jar:/home/user/.m2/repository/io/jaegertracing/jaeger-core/0.34.0/jaeger-core-0.34.0.jar:/home/user/.m2/repository/io/jaegertracing/jaeger-tracerresolver/0.34.0/jaeger-tracerresolver-0.34.0.jar:/home/user/.m2/repository/io/opentracing/contrib/opentracing-tracerresolver/0.1.5/opentracing-tracerresolver-0.1.5.jar:/home/user/.m2/repository/io/opentracing/opentracing-util/0.31.0/opentracing-util-0.31.0.jar:/home/user/.m2/repository/io/opentracing/opentracing-api/0.31.0/opentracing-api-0.31.0.jar:/home/user/.m2/repository/io/opentracing/opentracing-noop/0.31.0/opentracing-noop-0.31.0.jar:/home/user/.m2/repository/org/apache/hadoop/hadoop-hdds-server-framework/0.5.0-SNAPSHOT/hadoop-hdds-server-framework-0.5.0-SNAPSHOT.jar:/home/user/.m2/repository/org/apache/hadoop/hadoop-hdds-container-service/0.5.0-SNAPSHOT/hadoop-hdds-container-service-0.5.0-SNAPSHOT.jar:/home/user/.m2/repository/org/apache/hadoop/hadoop-hdds-client/0.5.0-SNAPSHOT/hadoop-hdds-client-0.5.0-SNAPSHOT.jar:/home/user/.m2/repository/org/apache/hadoop/hadoop-hdds-tools/0.5.0-SNAPSHOT/hadoop-hdds-tools-0.5.0-SNAPSHOT.jar:/home/user/.m2/repository/org/apache/hadoop/hadoop-hdds-server-scm/0.5.0-SNAPSHOT/hadoop-hdds-server-scm-0.5.0-SNAPSHOT.jar:/home/user/.m2/repository/org/apache/hadoop/hadoop-hdds-docs/0.5.0-SNAPSHOT/hadoop-hdds-docs-0.5.0-SNAPSHOT.jar:/home/user/.m2/repository/io/dropwizard/metrics/metrics-core/3.2.4/metrics-core-3.2.4.jar:/home/user/.m2/repository/org/hamcrest/hamcrest-all/1.3/hamcrest-all-1.3.jar:/home/user/.m2/repository/org/bouncycastle/bcprov-jdk15on/1.60/bcprov-jdk15on-1.60.jar:/home/user/.m2/repository/info/picocli/picocli/3.9.6/picocli-3.9.6.jar:/home/user/.m2/repository/com/google/protobuf/protobuf-java/2.5.0/protobuf-java-2.5.0.jar:/home/user/.m2/repository/com/google/guava/guava/11.0.2/guava-11.0.2.jar:/home/user/.m2/repository/org/apache/hadoop/hadoop-ozone-ozone-manager/0.5.0-SNAPSHOT/hadoop-ozone-ozone-manager-0.5.0-SNAPSHOT.jar:/home/user/.m2/repository/org/apache/hadoop/hadoop-minikdc/3.2.0/hadoop-minikdc-3.2.0.jar:/home/user/.m2/repository/commons-io/commons-io/2.5/commons-io-2.5.jar:/home/user/.m2/repository/org/apache/kerby/kerb-simplekdc/1.0.1/kerb-simplekdc-1.0.1.jar:/home/user/.m2/repository/org/apache/kerby/kerb-client/1.0.1/kerb-client-1.0.1.jar:/home/user/.m2/repository/org/apache/kerby/kerby-config/1.0.1/kerby-config-1.0.1.jar:/home/user/.m2/repository/org/apache/kerby/kerb-core/1.0.1/kerb-core-1.0.1.jar:/home/user/.m2/repository/org/apache/kerby/kerby-pkix/1.0.1/kerby-pkix-1.0.1.jar:/home/user/.m2/repository/org/apache/kerby/kerby-asn1/1.0.1/kerby-asn1-1.0.1.jar:/home/user/.m2/repository/org/apache/kerby/kerby-util/1.0.1/kerby-util-1.0.1.jar:/home/user/.m2/repository/org/apache/kerby/kerb-common/1.0.1/kerb-common-1.0.1.jar:/home/user/.m2/repository/org/apache/kerby/kerb-crypto/1.0.1/kerb-crypto-1.0.1.jar:/home/user/.m2/repository/org/apache/kerby/kerb-util/1.0.1/kerb-util-1.0.1.jar:/home/user/.m2/repository/org/apache/kerby/token-provider/1.0.1/token-provider-1.0.1.jar:/home/user/.m2/repository/org/apache/kerby/kerb-admin/1.0.1/kerb-admin-1.0.1.jar:/home/user/.m2/repository/org/apache/kerby/kerb-server/1.0.1/kerb-server-1.0.1.jar:/home/user/.m2/repository/org/apache/kerby/kerb-identity/1.0.1/kerb-identity-1.0.1.jar:/home/user/.m2/repository/org/apache/kerby/kerby-xdr/1.0.1/kerby-xdr-1.0.1.jar:/home/user/.m2/repository/org/slf4j/slf4j-log4j12/1.7.25/slf4j-log4j12-1.7.25.jar:/home/user/.m2/repository/org/apache/hadoop/hadoop-ozone-s3gateway/0.5.0-SNAPSHOT/hadoop-ozone-s3gateway-0.5.0-SNAPSHOT.jar:/home/user/.m2/repository/org/jboss/weld/servlet/weld-servlet/2.4.7.Final/weld-servlet-2.4.7.Final.jar:/home/user/.m2/repository/org/glassfish/jersey/containers/jersey-container-servlet-core/2.27/jersey-container-servlet-core-2.27.jar:/home/user/.m2/repository/org/glassfish/hk2/external/javax.inject/2.5.0-b42/javax.inject-2.5.0-b42.jar:/home/user/.m2/repository/org/glassfish/jersey/core/jersey-common/2.27/jersey-common-2.27.jar:/home/user/.m2/repository/org/glassfish/hk2/osgi-resource-locator/1.0.1/osgi-resource-locator-1.0.1.jar:/home/user/.m2/repository/javax/ws/rs/javax.ws.rs-api/2.1/javax.ws.rs-api-2.1.jar:/home/user/.m2/repository/org/glassfish/jersey/ext/cdi/jersey-cdi1x/2.27/jersey-cdi1x-2.27.jar:/home/user/.m2/repository/org/glassfish/jersey/inject/jersey-hk2/2.27/jersey-hk2-2.27.jar:/home/user/.m2/repository/org/glassfish/hk2/hk2-locator/2.5.0-b42/hk2-locator-2.5.0-b42.jar:/home/user/.m2/repository/org/javassist/javassist/3.22.0-CR2/javassist-3.22.0-CR2.jar:/home/user/.m2/repository/org/glassfish/hk2/hk2-api/2.5.0/hk2-api-2.5.0.jar:/home/user/.m2/repository/org/glassfish/hk2/external/jakarta.inject/2.5.0/jakarta.inject-2.5.0.jar:/home/user/.m2/repository/org/glassfish/hk2/hk2-utils/2.5.0/hk2-utils-2.5.0.jar:/home/user/.m2/repository/jakarta/annotation/jakarta.annotation-api/1.3.4/jakarta.annotation-api-1.3.4.jar:/home/user/.m2/repository/org/glassfish/hk2/external/aopalliance-repackaged/2.5.0/aopalliance-repackaged-2.5.0.jar:/home/user/.m2/repository/com/fasterxml/jackson/dataformat/jackson-dataformat-xml/2.9.0/jackson-dataformat-xml-2.9.0.jar:/home/user/.m2/repository/com/fasterxml/jackson/core/jackson-core/2.9.9/jackson-core-2.9.9.jar:/home/user/.m2/repository/com/fasterxml/jackson/module/jackson-module-jaxb-annotations/2.9.9/jackson-module-jaxb-annotations-2.9.9.jar:/home/user/.m2/repository/javax/enterprise/cdi-api/1.2/cdi-api-1.2.jar:/home/user/.m2/repository/javax/el/javax.el-api/3.0.0/javax.el-api-3.0.0.jar:/home/user/.m2/repository/javax/interceptor/javax.interceptor-api/1.2/javax.interceptor-api-1.2.jar:/home/user/.m2/repository/javax/inject/javax.inject/1/javax.inject-1.jar:/home/user/.m2/repository/com/sun/xml/bind/jaxb-impl/2.3.0.1/jaxb-impl-2.3.0.1.jar:/home/user/.m2/repository/com/sun/xml/bind/jaxb-core/2.3.0.1/jaxb-core-2.3.0.1.jar:/home/user/.m2/repository/javax/xml/bind/jaxb-api/2.3.0/jaxb-api-2.3.0.jar:/home/user/.m2/repository/javax/activation/activation/1.1.1/activation-1.1.1.jar:/home/user/.m2/repository/org/apache/hadoop/hadoop-ozone-csi/0.5.0-SNAPSHOT/hadoop-ozone-csi-0.5.0-SNAPSHOT.jar:/home/user/.m2/repository/com/google/protobuf/protobuf-java-util/3.5.1/protobuf-java-util-3.5.1.jar:/home/user/.m2/repository/org/apache/hadoop/hadoop-hdds-config/0.5.0-SNAPSHOT/hadoop-hdds-config-0.5.0-SNAPSHOT.jar:/home/user/.m2/repository/io/grpc/grpc-netty/1.17.1/grpc-netty-1.17.1.jar:/home/user/.m2/repository/io/grpc/grpc-core/1.17.1/grpc-core-1.17.1.jar:/home/user/.m2/repository/io/grpc/grpc-context/1.17.1/grpc-context-1.17.1.jar:/home/user/.m2/repository/com/google/errorprone/error_prone_annotations/2.2.0/error_prone_annotations-2.2.0.jar:/home/user/.m2/repository/org/codehaus/mojo/animal-sniffer-annotations/1.17/animal-sniffer-annotations-1.17.jar:/home/user/.m2/repository/io/opencensus/opencensus-api/0.17.0/opencensus-api-0.17.0.jar:/home/user/.m2/repository/io/opencensus/opencensus-contrib-grpc-metrics/0.17.0/opencensus-contrib-grpc-metrics-0.17.0.jar:/home/user/.m2/repository/io/netty/netty-codec-http2/4.1.30.Final/netty-codec-http2-4.1.30.Final.jar:/home/user/.m2/repository/io/netty/netty-codec-http/4.1.30.Final/netty-codec-http-4.1.30.Final.jar:/home/user/.m2/repository/io/netty/netty-codec/4.1.30.Final/netty-codec-4.1.30.Final.jar:/home/user/.m2/repository/io/netty/netty-handler/4.1.30.Final/netty-handler-4.1.30.Final.jar:/home/user/.m2/repository/io/netty/netty-handler-proxy/4.1.30.Final/netty-handler-proxy-4.1.30.Final.jar:/home/user/.m2/repository/io/netty/netty-codec-socks/4.1.30.Final/netty-codec-socks-4.1.30.Final.jar:/home/user/.m2/repository/io/netty/netty-transport-native-epoll/4.1.30.Final/netty-transport-native-epoll-4.1.30.Final.jar:/home/user/.m2/repository/io/netty/netty-common/4.1.30.Final/netty-common-4.1.30.Final.jar:/home/user/.m2/repository/io/netty/netty-buffer/4.1.30.Final/netty-buffer-4.1.30.Final.jar:/home/user/.m2/repository/io/netty/netty-transport/4.1.30.Final/netty-transport-4.1.30.Final.jar:/home/user/.m2/repository/io/netty/netty-resolver/4.1.30.Final/netty-resolver-4.1.30.Final.jar:/home/user/.m2/repository/io/netty/netty-transport-native-unix-common/4.1.30.Final/netty-transport-native-unix-common-4.1.30.Final.jar:/home/user/.m2/repository/io/grpc/grpc-protobuf/1.17.1/grpc-protobuf-1.17.1.jar:/home/user/.m2/repository/com/google/api/grpc/proto-google-common-protos/1.0.0/proto-google-common-protos-1.0.0.jar:/home/user/.m2/repository/io/grpc/grpc-protobuf-lite/1.17.1/grpc-protobuf-lite-1.17.1.jar:/home/user/.m2/repository/io/grpc/grpc-stub/1.17.1/grpc-stub-1.17.1.jar:/home/user/.m2/repository/org/apache/hadoop/hadoop-ozone-recon/0.5.0-SNAPSHOT/hadoop-ozone-recon-0.5.0-SNAPSHOT.jar:/home/user/.m2/repository/org/apache/hadoop/hadoop-ozone-reconcodegen/0.5.0-SNAPSHOT/hadoop-ozone-reconcodegen-0.5.0-SNAPSHOT.jar:/home/user/.m2/repository/com/google/inject/extensions/guice-multibindings/4.0/guice-multibindings-4.0.jar:/home/user/.m2/repository/com/google/inject/guice/4.0/guice-4.0.jar:/home/user/.m2/repository/aopalliance/aopalliance/1.0/aopalliance-1.0.jar:/home/user/.m2/repository/com/google/inject/extensions/guice-servlet/4.0/guice-servlet-4.0.jar:/home/user/.m2/repository/org/glassfish/jersey/containers/jersey-container-servlet/2.27/jersey-container-servlet-2.27.jar:/home/user/.m2/repository/org/glassfish/hk2/guice-bridge/2.5.0/guice-bridge-2.5.0.jar:/home/user/.m2/repository/org/glassfish/jersey/core/jersey-server/2.27/jersey-server-2.27.jar:/home/user/.m2/repository/org/glassfish/jersey/core/jersey-client/2.27/jersey-client-2.27.jar:/home/user/.m2/repository/org/glassfish/jersey/media/jersey-media-jaxb/2.27/jersey-media-jaxb-2.27.jar:/home/user/.m2/repository/javax/validation/validation-api/1.1.0.Final/validation-api-1.1.0.Final.jar:/home/user/.m2/repository/org/glassfish/jersey/media/jersey-media-json-jackson/2.27/jersey-media-json-jackson-2.27.jar:/home/user/.m2/repository/org/glassfish/jersey/ext/jersey-entity-filtering/2.27/jersey-entity-filtering-2.27.jar:/home/user/.m2/repository/com/google/inject/extensions/guice-assistedinject/4.0/guice-assistedinject-4.0.jar:/home/user/.m2/repository/org/jooq/jooq/3.11.10/jooq-3.11.10.jar:/home/user/.m2/repository/org/jooq/jooq-meta/3.11.10/jooq-meta-3.11.10.jar:/home/user/.m2/repository/org/jooq/jooq-codegen/3.11.10/jooq-codegen-3.11.10.jar:/home/user/.m2/repository/com/jolbox/bonecp/0.8.0.RELEASE/bonecp-0.8.0.RELEASE.jar:/home/user/.m2/repository/org/xerial/sqlite-jdbc/3.25.2/sqlite-jdbc-3.25.2.jar:/home/user/.m2/repository/org/springframework/spring-jdbc/5.1.3.RELEASE/spring-jdbc-5.1.3.RELEASE.jar:/home/user/.m2/repository/org/springframework/spring-beans/5.1.3.RELEASE/spring-beans-5.1.3.RELEASE.jar:/home/user/.m2/repository/org/springframework/spring-core/5.1.3.RELEASE/spring-core-5.1.3.RELEASE.jar:/home/user/.m2/repository/org/springframework/spring-jcl/5.1.3.RELEASE/spring-jcl-5.1.3.RELEASE.jar:/home/user/.m2/repository/org/springframework/spring-tx/5.1.3.RELEASE/spring-tx-5.1.3.RELEASE.jar:/home/user/.m2/repository/org/apache/hadoop/hadoop-ozone-client/0.5.0-SNAPSHOT/hadoop-ozone-client-0.5.0-SNAPSHOT.jar:/home/user/.m2/repository/commons-lang/commons-lang/2.6/commons-lang-2.6.jar:/home/user/.m2/repository/org/apache/hadoop/hadoop-ozone-ozone-manager/0.5.0-SNAPSHOT/hadoop-ozone-ozone-manager-0.5.0-SNAPSHOT-tests.jar:/home/user/.m2/repository/junit/junit/4.11/junit-4.11.jar:/home/user/.m2/repository/org/hamcrest/hamcrest-core/1.3/hamcrest-core-1.3.jar:/home/user/.m2/repository/org/openjdk/jmh/jmh-core/1.19/jmh-core-1.19.jar:/home/user/.m2/repository/net/sf/jopt-simple/jopt-simple/4.6/jopt-simple-4.6.jar:/home/user/.m2/repository/org/apache/commons/commons-math3/3.1.1/commons-math3-3.1.1.jar:/home/user/.m2/repository/org/openjdk/jmh/jmh-generator-annprocess/1.19/jmh-generator-annprocess-1.19.jar:/home/user/.m2/repository/org/mockito/mockito-all/1.8.5/mockito-all-1.8.5.jar:/home/user/.m2/repository/org/apache/hadoop/hadoop-kms/3.2.0/hadoop-kms-3.2.0.jar:/home/user/.m2/repository/org/apache/hadoop/hadoop-auth/3.2.0/hadoop-auth-3.2.0.jar:/home/user/.m2/repository/com/nimbusds/nimbus-jose-jwt/4.41.1/nimbus-jose-jwt-4.41.1.jar:/home/user/.m2/repository/com/github/stephenc/jcip/jcip-annotations/1.0-1/jcip-annotations-1.0-1.jar:/home/user/.m2/repository/net/minidev/json-smart/2.3/json-smart-2.3.jar:/home/user/.m2/repository/net/minidev/accessors-smart/1.2/accessors-smart-1.2.jar:/home/user/.m2/repository/org/ow2/asm/asm/5.0.4/asm-5.0.4.jar:/home/user/.m2/repository/org/apache/curator/curator-framework/2.12.0/curator-framework-2.12.0.jar:/home/user/.m2/repository/com/sun/jersey/jersey-core/1.19/jersey-core-1.19.jar:/home/user/.m2/repository/javax/ws/rs/jsr311-api/1.1.1/jsr311-api-1.1.1.jar:/home/user/.m2/repository/com/sun/jersey/jersey-server/1.19/jersey-server-1.19.jar:/home/user/.m2/repository/javax/servlet/javax.servlet-api/3.1.0/javax.servlet-api-3.1.0.jar:/home/user/.m2/repository/org/eclipse/jetty/jetty-server/9.3.25.v20180904/jetty-server-9.3.25.v20180904.jar:/home/user/.m2/repository/org/eclipse/jetty/jetty-http/9.3.25.v20180904/jetty-http-9.3.25.v20180904.jar:/home/user/.m2/repository/org/eclipse/jetty/jetty-io/9.3.25.v20180904/jetty-io-9.3.25.v20180904.jar:/home/user/.m2/repository/org/eclipse/jetty/jetty-webapp/9.3.25.v20180904/jetty-webapp-9.3.25.v20180904.jar:/home/user/.m2/repository/org/eclipse/jetty/jetty-xml/9.3.25.v20180904/jetty-xml-9.3.25.v20180904.jar:/home/user/.m2/repository/log4j/log4j/1.2.17/log4j-1.2.17.jar:/home/user/.m2/repository/org/slf4j/slf4j-api/1.7.25/slf4j-api-1.7.25.jar:/home/user/.m2/repository/org/slf4j/jul-to-slf4j/1.7.25/jul-to-slf4j-1.7.25.jar:/home/user/.m2/repository/org/eclipse/jetty/jetty-util/9.3.25.v20180904/jetty-util-9.3.25.v20180904.jar:/home/user/.m2/repository/com/fasterxml/jackson/core/jackson-databind/2.9.9/jackson-databind-2.9.9.jar:/home/user/.m2/repository/org/apache/hadoop/hadoop-kms/3.2.0/hadoop-kms-3.2.0-tests.jar:/home/user/.m2/repository/org/apache/hadoop/hadoop-hdds-server-scm/0.5.0-SNAPSHOT/hadoop-hdds-server-scm-0.5.0-SNAPSHOT-tests.jar:/home/user/.m2/repository/org/apache/hadoop/hadoop-hdds-container-service/0.5.0-SNAPSHOT/hadoop-hdds-container-service-0.5.0-SNAPSHOT-tests.jar:/home/user/.m2/repository/org/yaml/snakeyaml/1.16/snakeyaml-1.16.jar:/home/user/.m2/repository/org/apache/hadoop/hadoop-common/3.2.0/hadoop-common-3.2.0-tests.jar:/home/user/.m2/repository/org/apache/hadoop/hadoop-annotations/3.2.0/hadoop-annotations-3.2.0.jar:/usr/lib/jvm/java-1.8-openjdk/jre/../lib/tools.jar:/home/user/.m2/repository/commons-cli/commons-cli/1.2/commons-cli-1.2.jar:/home/user/.m2/repository/org/apache/httpcomponents/httpclient/4.5.2/httpclient-4.5.2.jar:/home/user/.m2/repository/org/apache/httpcomponents/httpcore/4.4.4/httpcore-4.4.4.jar:/home/user/.m2/repository/commons-codec/commons-codec/1.11/commons-codec-1.11.jar:/home/user/.m2/repository/commons-net/commons-net/3.6/commons-net-3.6.jar:/home/user/.m2/repository/commons-collections/commons-collections/3.2.2/commons-collections-3.2.2.jar:/home/user/.m2/repository/org/eclipse/jetty/jetty-servlet/9.3.25.v20180904/jetty-servlet-9.3.25.v20180904.jar:/home/user/.m2/repository/org/eclipse/jetty/jetty-security/9.3.25.v20180904/jetty-security-9.3.25.v20180904.jar:/home/user/.m2/repository/javax/servlet/jsp/jsp-api/2.1/jsp-api-2.1.jar:/home/user/.m2/repository/com/sun/jersey/jersey-servlet/1.19/jersey-servlet-1.19.jar:/home/user/.m2/repository/com/sun/jersey/jersey-json/1.19/jersey-json-1.19.jar:/home/user/.m2/repository/org/codehaus/jettison/jettison/1.1/jettison-1.1.jar:/home/user/.m2/repository/org/codehaus/jackson/jackson-core-asl/1.9.13/jackson-core-asl-1.9.13.jar:/home/user/.m2/repository/org/codehaus/jackson/jackson-mapper-asl/1.9.13/jackson-mapper-asl-1.9.13.jar:/home/user/.m2/repository/org/codehaus/jackson/jackson-jaxrs/1.9.13/jackson-jaxrs-1.9.13.jar:/home/user/.m2/repository/org/codehaus/jackson/jackson-xc/1.9.13/jackson-xc-1.9.13.jar:/home/user/.m2/repository/commons-logging/commons-logging/1.1.3/commons-logging-1.1.3.jar:/home/user/.m2/repository/commons-beanutils/commons-beanutils/1.9.4/commons-beanutils-1.9.4.jar:/home/user/.m2/repository/org/apache/commons/commons-configuration2/2.1.1/commons-configuration2-2.1.1.jar:/home/user/.m2/repository/org/apache/commons/commons-lang3/3.7/commons-lang3-3.7.jar:/home/user/.m2/repository/org/apache/commons/commons-text/1.4/commons-text-1.4.jar:/home/user/.m2/repository/org/apache/avro/avro/1.7.7/avro-1.7.7.jar:/home/user/.m2/repository/com/thoughtworks/paranamer/paranamer/2.3/paranamer-2.3.jar:/home/user/.m2/repository/org/xerial/snappy/snappy-java/1.0.5/snappy-java-1.0.5.jar:/home/user/.m2/repository/com/google/re2j/re2j/1.1/re2j-1.1.jar:/home/user/.m2/repository/com/google/code/gson/gson/2.2.4/gson-2.2.4.jar:/home/user/.m2/repository/com/jcraft/jsch/0.1.54/jsch-0.1.54.jar:/home/user/.m2/repository/org/apache/curator/curator-client/2.12.0/curator-client-2.12.0.jar:/home/user/.m2/repository/org/apache/curator/curator-recipes/2.12.0/curator-recipes-2.12.0.jar:/home/user/.m2/repository/com/google/code/findbugs/jsr305/3.0.0/jsr305-3.0.0.jar:/home/user/.m2/repository/org/apache/htrace/htrace-core4/4.1.0-incubating/htrace-core4-4.1.0-incubating.jar:/home/user/.m2/repository/org/apache/zookeeper/zookeeper/3.4.13/zookeeper-3.4.13.jar:/home/user/.m2/repository/jline/jline/0.9.94/jline-0.9.94.jar:/home/user/.m2/repository/org/apache/yetus/audience-annotations/0.5.0/audience-annotations-0.5.0.jar:/home/user/.m2/repository/org/codehaus/woodstox/stax2-api/3.1.4/stax2-api-3.1.4.jar:/home/user/.m2/repository/com/fasterxml/woodstox/woodstox-core/5.0.3/woodstox-core-5.0.3.jar:/home/user/.m2/repository/dnsjava/dnsjava/2.1.7/dnsjava-2.1.7.jar:/home/user/.m2/repository/org/apache/hadoop/hadoop-hdfs/3.2.0/hadoop-hdfs-3.2.0-tests.jar:/home/user/.m2/repository/org/eclipse/jetty/jetty-util-ajax/9.3.25.v20180904/jetty-util-ajax-9.3.25.v20180904.jar:/home/user/.m2/repository/commons-daemon/commons-daemon/1.0.13/commons-daemon-1.0.13.jar:/home/user/.m2/repository/io/netty/netty/3.10.5.Final/netty-3.10.5.Final.jar:/home/user/.m2/repository/io/netty/netty-all/4.0.52.Final/netty-all-4.0.52.Final.jar:/home/user/.m2/repository/org/fusesource/leveldbjni/leveldbjni-all/1.8/leveldbjni-all-1.8.jar:"/>
    <property name="java.vm.vendor" value="IcedTea"/>
    <property name="sun.arch.data.model" value="64"/>
    <property name="test.build.dir" value="/workdir/hadoop-ozone/integration-test/target/test-dir"/>
    <property name="test.cache.data" value=""/>
    <property name="java.vendor.url" value="https://icedtea.classpath.org"/>
    <property name="user.timezone" value=""/>
    <property name="java.vm.specification.version" value="1.8"/>
    <property name="os.name" value="Linux"/>
    <property name="test.build.data" value="/workdir/hadoop-ozone/integration-test/target/test-dir"/>
    <property name="user.country" value="US"/>
    <property name="sun.java.launcher" value="SUN_STANDARD"/>
    <property name="sun.boot.library.path" value="/usr/lib/jvm/java-1.8-openjdk/jre/lib/amd64"/>
    <property name="sun.java.command" value="/workdir/hadoop-ozone/integration-test/target/surefire/surefirebooter7886391606169641763.jar /workdir/hadoop-ozone/integration-test/target/surefire 2019-10-04T05-11-19_983-jvmRun1 surefire1721594998885128428tmp surefire_647955208866967441105tmp"/>
    <property name="test" value="!TestMiniChaosOzoneCluster"/>
    <property name="surefire.test.class.path" value="/workdir/hadoop-ozone/integration-test/target/test-classes:/workdir/hadoop-ozone/integration-test/target/classes:/home/user/.m2/repository/org/apache/hadoop/hadoop-ozone-common/0.5.0-SNAPSHOT/hadoop-ozone-common-0.5.0-SNAPSHOT.jar:/home/user/.m2/repository/org/apache/commons/commons-compress/1.4.1/commons-compress-1.4.1.jar:/home/user/.m2/repository/org/tukaani/xz/1.0/xz-1.0.jar:/home/user/.m2/repository/org/apache/hadoop/hadoop-common/3.2.0/hadoop-common-3.2.0.jar:/home/user/.m2/repository/org/apache/hadoop/hadoop-hdfs/3.2.0/hadoop-hdfs-3.2.0.jar:/home/user/.m2/repository/org/apache/hadoop/hadoop-hdfs-client/3.2.0/hadoop-hdfs-client-3.2.0.jar:/home/user/.m2/repository/com/fasterxml/jackson/core/jackson-annotations/2.9.9/jackson-annotations-2.9.9.jar:/home/user/.m2/repository/org/apache/hadoop/hadoop-hdds-common/0.5.0-SNAPSHOT/hadoop-hdds-common-0.5.0-SNAPSHOT.jar:/home/user/.m2/repository/javax/annotation/javax.annotation-api/1.2/javax.annotation-api-1.2.jar:/home/user/.m2/repository/org/apache/ratis/ratis-server/0.5.0-201fc85-SNAPSHOT/ratis-server-0.5.0-201fc85-SNAPSHOT.jar:/home/user/.m2/repository/org/apache/ratis/ratis-thirdparty-misc/0.2.0/ratis-thirdparty-misc-0.2.0.jar:/home/user/.m2/repository/org/apache/ratis/ratis-proto/0.5.0-201fc85-SNAPSHOT/ratis-proto-0.5.0-201fc85-SNAPSHOT.jar:/home/user/.m2/repository/org/apache/ratis/ratis-common/0.5.0-201fc85-SNAPSHOT/ratis-common-0.5.0-201fc85-SNAPSHOT.jar:/home/user/.m2/repository/org/apache/ratis/ratis-client/0.5.0-201fc85-SNAPSHOT/ratis-client-0.5.0-201fc85-SNAPSHOT.jar:/home/user/.m2/repository/org/apache/ratis/ratis-metrics/0.5.0-201fc85-SNAPSHOT/ratis-metrics-0.5.0-201fc85-SNAPSHOT.jar:/home/user/.m2/repository/com/github/joshelser/dropwizard-metrics-hadoop-metrics2-reporter/0.1.2/dropwizard-metrics-hadoop-metrics2-reporter-0.1.2.jar:/home/user/.m2/repository/io/dropwizard/metrics/metrics-jvm/3.2.5/metrics-jvm-3.2.5.jar:/home/user/.m2/repository/io/dropwizard/metrics/metrics-ganglia/3.2.5/metrics-ganglia-3.2.5.jar:/home/user/.m2/repository/info/ganglia/gmetric4j/gmetric4j/1.0.7/gmetric4j-1.0.7.jar:/home/user/.m2/repository/org/apache/ratis/ratis-netty/0.5.0-201fc85-SNAPSHOT/ratis-netty-0.5.0-201fc85-SNAPSHOT.jar:/home/user/.m2/repository/org/apache/ratis/ratis-grpc/0.5.0-201fc85-SNAPSHOT/ratis-grpc-0.5.0-201fc85-SNAPSHOT.jar:/home/user/.m2/repository/org/rocksdb/rocksdbjni/6.0.1/rocksdbjni-6.0.1.jar:/home/user/.m2/repository/org/apache/logging/log4j/log4j-api/2.11.0/log4j-api-2.11.0.jar:/home/user/.m2/repository/org/apache/logging/log4j/log4j-core/2.11.0/log4j-core-2.11.0.jar:/home/user/.m2/repository/com/lmax/disruptor/3.4.2/disruptor-3.4.2.jar:/home/user/.m2/repository/org/apache/commons/commons-pool2/2.6.0/commons-pool2-2.6.0.jar:/home/user/.m2/repository/org/bouncycastle/bcpkix-jdk15on/1.60/bcpkix-jdk15on-1.60.jar:/home/user/.m2/repository/commons-validator/commons-validator/1.6/commons-validator-1.6.jar:/home/user/.m2/repository/commons-digester/commons-digester/1.8.1/commons-digester-1.8.1.jar:/home/user/.m2/repository/io/jaegertracing/jaeger-client/0.34.0/jaeger-client-0.34.0.jar:/home/user/.m2/repository/io/jaegertracing/jaeger-thrift/0.34.0/jaeger-thrift-0.34.0.jar:/home/user/.m2/repository/org/apache/thrift/libthrift/0.12.0/libthrift-0.12.0.jar:/home/user/.m2/repository/com/squareup/okhttp3/okhttp/3.9.0/okhttp-3.9.0.jar:/home/user/.m2/repository/com/squareup/okio/okio/1.13.0/okio-1.13.0.jar:/home/user/.m2/repository/io/jaegertracing/jaeger-core/0.34.0/jaeger-core-0.34.0.jar:/home/user/.m2/repository/io/jaegertracing/jaeger-tracerresolver/0.34.0/jaeger-tracerresolver-0.34.0.jar:/home/user/.m2/repository/io/opentracing/contrib/opentracing-tracerresolver/0.1.5/opentracing-tracerresolver-0.1.5.jar:/home/user/.m2/repository/io/opentracing/opentracing-util/0.31.0/opentracing-util-0.31.0.jar:/home/user/.m2/repository/io/opentracing/opentracing-api/0.31.0/opentracing-api-0.31.0.jar:/home/user/.m2/repository/io/opentracing/opentracing-noop/0.31.0/opentracing-noop-0.31.0.jar:/home/user/.m2/repository/org/apache/hadoop/hadoop-hdds-server-framework/0.5.0-SNAPSHOT/hadoop-hdds-server-framework-0.5.0-SNAPSHOT.jar:/home/user/.m2/repository/org/apache/hadoop/hadoop-hdds-container-service/0.5.0-SNAPSHOT/hadoop-hdds-container-service-0.5.0-SNAPSHOT.jar:/home/user/.m2/repository/org/apache/hadoop/hadoop-hdds-client/0.5.0-SNAPSHOT/hadoop-hdds-client-0.5.0-SNAPSHOT.jar:/home/user/.m2/repository/org/apache/hadoop/hadoop-hdds-tools/0.5.0-SNAPSHOT/hadoop-hdds-tools-0.5.0-SNAPSHOT.jar:/home/user/.m2/repository/org/apache/hadoop/hadoop-hdds-server-scm/0.5.0-SNAPSHOT/hadoop-hdds-server-scm-0.5.0-SNAPSHOT.jar:/home/user/.m2/repository/org/apache/hadoop/hadoop-hdds-docs/0.5.0-SNAPSHOT/hadoop-hdds-docs-0.5.0-SNAPSHOT.jar:/home/user/.m2/repository/io/dropwizard/metrics/metrics-core/3.2.4/metrics-core-3.2.4.jar:/home/user/.m2/repository/org/hamcrest/hamcrest-all/1.3/hamcrest-all-1.3.jar:/home/user/.m2/repository/org/bouncycastle/bcprov-jdk15on/1.60/bcprov-jdk15on-1.60.jar:/home/user/.m2/repository/info/picocli/picocli/3.9.6/picocli-3.9.6.jar:/home/user/.m2/repository/com/google/protobuf/protobuf-java/2.5.0/protobuf-java-2.5.0.jar:/home/user/.m2/repository/com/google/guava/guava/11.0.2/guava-11.0.2.jar:/home/user/.m2/repository/org/apache/hadoop/hadoop-ozone-ozone-manager/0.5.0-SNAPSHOT/hadoop-ozone-ozone-manager-0.5.0-SNAPSHOT.jar:/home/user/.m2/repository/org/apache/hadoop/hadoop-minikdc/3.2.0/hadoop-minikdc-3.2.0.jar:/home/user/.m2/repository/commons-io/commons-io/2.5/commons-io-2.5.jar:/home/user/.m2/repository/org/apache/kerby/kerb-simplekdc/1.0.1/kerb-simplekdc-1.0.1.jar:/home/user/.m2/repository/org/apache/kerby/kerb-client/1.0.1/kerb-client-1.0.1.jar:/home/user/.m2/repository/org/apache/kerby/kerby-config/1.0.1/kerby-config-1.0.1.jar:/home/user/.m2/repository/org/apache/kerby/kerb-core/1.0.1/kerb-core-1.0.1.jar:/home/user/.m2/repository/org/apache/kerby/kerby-pkix/1.0.1/kerby-pkix-1.0.1.jar:/home/user/.m2/repository/org/apache/kerby/kerby-asn1/1.0.1/kerby-asn1-1.0.1.jar:/home/user/.m2/repository/org/apache/kerby/kerby-util/1.0.1/kerby-util-1.0.1.jar:/home/user/.m2/repository/org/apache/kerby/kerb-common/1.0.1/kerb-common-1.0.1.jar:/home/user/.m2/repository/org/apache/kerby/kerb-crypto/1.0.1/kerb-crypto-1.0.1.jar:/home/user/.m2/repository/org/apache/kerby/kerb-util/1.0.1/kerb-util-1.0.1.jar:/home/user/.m2/repository/org/apache/kerby/token-provider/1.0.1/token-provider-1.0.1.jar:/home/user/.m2/repository/org/apache/kerby/kerb-admin/1.0.1/kerb-admin-1.0.1.jar:/home/user/.m2/repository/org/apache/kerby/kerb-server/1.0.1/kerb-server-1.0.1.jar:/home/user/.m2/repository/org/apache/kerby/kerb-identity/1.0.1/kerb-identity-1.0.1.jar:/home/user/.m2/repository/org/apache/kerby/kerby-xdr/1.0.1/kerby-xdr-1.0.1.jar:/home/user/.m2/repository/org/slf4j/slf4j-log4j12/1.7.25/slf4j-log4j12-1.7.25.jar:/home/user/.m2/repository/org/apache/hadoop/hadoop-ozone-s3gateway/0.5.0-SNAPSHOT/hadoop-ozone-s3gateway-0.5.0-SNAPSHOT.jar:/home/user/.m2/repository/org/jboss/weld/servlet/weld-servlet/2.4.7.Final/weld-servlet-2.4.7.Final.jar:/home/user/.m2/repository/org/glassfish/jersey/containers/jersey-container-servlet-core/2.27/jersey-container-servlet-core-2.27.jar:/home/user/.m2/repository/org/glassfish/hk2/external/javax.inject/2.5.0-b42/javax.inject-2.5.0-b42.jar:/home/user/.m2/repository/org/glassfish/jersey/core/jersey-common/2.27/jersey-common-2.27.jar:/home/user/.m2/repository/org/glassfish/hk2/osgi-resource-locator/1.0.1/osgi-resource-locator-1.0.1.jar:/home/user/.m2/repository/javax/ws/rs/javax.ws.rs-api/2.1/javax.ws.rs-api-2.1.jar:/home/user/.m2/repository/org/glassfish/jersey/ext/cdi/jersey-cdi1x/2.27/jersey-cdi1x-2.27.jar:/home/user/.m2/repository/org/glassfish/jersey/inject/jersey-hk2/2.27/jersey-hk2-2.27.jar:/home/user/.m2/repository/org/glassfish/hk2/hk2-locator/2.5.0-b42/hk2-locator-2.5.0-b42.jar:/home/user/.m2/repository/org/javassist/javassist/3.22.0-CR2/javassist-3.22.0-CR2.jar:/home/user/.m2/repository/org/glassfish/hk2/hk2-api/2.5.0/hk2-api-2.5.0.jar:/home/user/.m2/repository/org/glassfish/hk2/external/jakarta.inject/2.5.0/jakarta.inject-2.5.0.jar:/home/user/.m2/repository/org/glassfish/hk2/hk2-utils/2.5.0/hk2-utils-2.5.0.jar:/home/user/.m2/repository/jakarta/annotation/jakarta.annotation-api/1.3.4/jakarta.annotation-api-1.3.4.jar:/home/user/.m2/repository/org/glassfish/hk2/external/aopalliance-repackaged/2.5.0/aopalliance-repackaged-2.5.0.jar:/home/user/.m2/repository/com/fasterxml/jackson/dataformat/jackson-dataformat-xml/2.9.0/jackson-dataformat-xml-2.9.0.jar:/home/user/.m2/repository/com/fasterxml/jackson/core/jackson-core/2.9.9/jackson-core-2.9.9.jar:/home/user/.m2/repository/com/fasterxml/jackson/module/jackson-module-jaxb-annotations/2.9.9/jackson-module-jaxb-annotations-2.9.9.jar:/home/user/.m2/repository/javax/enterprise/cdi-api/1.2/cdi-api-1.2.jar:/home/user/.m2/repository/javax/el/javax.el-api/3.0.0/javax.el-api-3.0.0.jar:/home/user/.m2/repository/javax/interceptor/javax.interceptor-api/1.2/javax.interceptor-api-1.2.jar:/home/user/.m2/repository/javax/inject/javax.inject/1/javax.inject-1.jar:/home/user/.m2/repository/com/sun/xml/bind/jaxb-impl/2.3.0.1/jaxb-impl-2.3.0.1.jar:/home/user/.m2/repository/com/sun/xml/bind/jaxb-core/2.3.0.1/jaxb-core-2.3.0.1.jar:/home/user/.m2/repository/javax/xml/bind/jaxb-api/2.3.0/jaxb-api-2.3.0.jar:/home/user/.m2/repository/javax/activation/activation/1.1.1/activation-1.1.1.jar:/home/user/.m2/repository/org/apache/hadoop/hadoop-ozone-csi/0.5.0-SNAPSHOT/hadoop-ozone-csi-0.5.0-SNAPSHOT.jar:/home/user/.m2/repository/com/google/protobuf/protobuf-java-util/3.5.1/protobuf-java-util-3.5.1.jar:/home/user/.m2/repository/org/apache/hadoop/hadoop-hdds-config/0.5.0-SNAPSHOT/hadoop-hdds-config-0.5.0-SNAPSHOT.jar:/home/user/.m2/repository/io/grpc/grpc-netty/1.17.1/grpc-netty-1.17.1.jar:/home/user/.m2/repository/io/grpc/grpc-core/1.17.1/grpc-core-1.17.1.jar:/home/user/.m2/repository/io/grpc/grpc-context/1.17.1/grpc-context-1.17.1.jar:/home/user/.m2/repository/com/google/errorprone/error_prone_annotations/2.2.0/error_prone_annotations-2.2.0.jar:/home/user/.m2/repository/org/codehaus/mojo/animal-sniffer-annotations/1.17/animal-sniffer-annotations-1.17.jar:/home/user/.m2/repository/io/opencensus/opencensus-api/0.17.0/opencensus-api-0.17.0.jar:/home/user/.m2/repository/io/opencensus/opencensus-contrib-grpc-metrics/0.17.0/opencensus-contrib-grpc-metrics-0.17.0.jar:/home/user/.m2/repository/io/netty/netty-codec-http2/4.1.30.Final/netty-codec-http2-4.1.30.Final.jar:/home/user/.m2/repository/io/netty/netty-codec-http/4.1.30.Final/netty-codec-http-4.1.30.Final.jar:/home/user/.m2/repository/io/netty/netty-codec/4.1.30.Final/netty-codec-4.1.30.Final.jar:/home/user/.m2/repository/io/netty/netty-handler/4.1.30.Final/netty-handler-4.1.30.Final.jar:/home/user/.m2/repository/io/netty/netty-handler-proxy/4.1.30.Final/netty-handler-proxy-4.1.30.Final.jar:/home/user/.m2/repository/io/netty/netty-codec-socks/4.1.30.Final/netty-codec-socks-4.1.30.Final.jar:/home/user/.m2/repository/io/netty/netty-transport-native-epoll/4.1.30.Final/netty-transport-native-epoll-4.1.30.Final.jar:/home/user/.m2/repository/io/netty/netty-common/4.1.30.Final/netty-common-4.1.30.Final.jar:/home/user/.m2/repository/io/netty/netty-buffer/4.1.30.Final/netty-buffer-4.1.30.Final.jar:/home/user/.m2/repository/io/netty/netty-transport/4.1.30.Final/netty-transport-4.1.30.Final.jar:/home/user/.m2/repository/io/netty/netty-resolver/4.1.30.Final/netty-resolver-4.1.30.Final.jar:/home/user/.m2/repository/io/netty/netty-transport-native-unix-common/4.1.30.Final/netty-transport-native-unix-common-4.1.30.Final.jar:/home/user/.m2/repository/io/grpc/grpc-protobuf/1.17.1/grpc-protobuf-1.17.1.jar:/home/user/.m2/repository/com/google/api/grpc/proto-google-common-protos/1.0.0/proto-google-common-protos-1.0.0.jar:/home/user/.m2/repository/io/grpc/grpc-protobuf-lite/1.17.1/grpc-protobuf-lite-1.17.1.jar:/home/user/.m2/repository/io/grpc/grpc-stub/1.17.1/grpc-stub-1.17.1.jar:/home/user/.m2/repository/org/apache/hadoop/hadoop-ozone-recon/0.5.0-SNAPSHOT/hadoop-ozone-recon-0.5.0-SNAPSHOT.jar:/home/user/.m2/repository/org/apache/hadoop/hadoop-ozone-reconcodegen/0.5.0-SNAPSHOT/hadoop-ozone-reconcodegen-0.5.0-SNAPSHOT.jar:/home/user/.m2/repository/com/google/inject/extensions/guice-multibindings/4.0/guice-multibindings-4.0.jar:/home/user/.m2/repository/com/google/inject/guice/4.0/guice-4.0.jar:/home/user/.m2/repository/aopalliance/aopalliance/1.0/aopalliance-1.0.jar:/home/user/.m2/repository/com/google/inject/extensions/guice-servlet/4.0/guice-servlet-4.0.jar:/home/user/.m2/repository/org/glassfish/jersey/containers/jersey-container-servlet/2.27/jersey-container-servlet-2.27.jar:/home/user/.m2/repository/org/glassfish/hk2/guice-bridge/2.5.0/guice-bridge-2.5.0.jar:/home/user/.m2/repository/org/glassfish/jersey/core/jersey-server/2.27/jersey-server-2.27.jar:/home/user/.m2/repository/org/glassfish/jersey/core/jersey-client/2.27/jersey-client-2.27.jar:/home/user/.m2/repository/org/glassfish/jersey/media/jersey-media-jaxb/2.27/jersey-media-jaxb-2.27.jar:/home/user/.m2/repository/javax/validation/validation-api/1.1.0.Final/validation-api-1.1.0.Final.jar:/home/user/.m2/repository/org/glassfish/jersey/media/jersey-media-json-jackson/2.27/jersey-media-json-jackson-2.27.jar:/home/user/.m2/repository/org/glassfish/jersey/ext/jersey-entity-filtering/2.27/jersey-entity-filtering-2.27.jar:/home/user/.m2/repository/com/google/inject/extensions/guice-assistedinject/4.0/guice-assistedinject-4.0.jar:/home/user/.m2/repository/org/jooq/jooq/3.11.10/jooq-3.11.10.jar:/home/user/.m2/repository/org/jooq/jooq-meta/3.11.10/jooq-meta-3.11.10.jar:/home/user/.m2/repository/org/jooq/jooq-codegen/3.11.10/jooq-codegen-3.11.10.jar:/home/user/.m2/repository/com/jolbox/bonecp/0.8.0.RELEASE/bonecp-0.8.0.RELEASE.jar:/home/user/.m2/repository/org/xerial/sqlite-jdbc/3.25.2/sqlite-jdbc-3.25.2.jar:/home/user/.m2/repository/org/springframework/spring-jdbc/5.1.3.RELEASE/spring-jdbc-5.1.3.RELEASE.jar:/home/user/.m2/repository/org/springframework/spring-beans/5.1.3.RELEASE/spring-beans-5.1.3.RELEASE.jar:/home/user/.m2/repository/org/springframework/spring-core/5.1.3.RELEASE/spring-core-5.1.3.RELEASE.jar:/home/user/.m2/repository/org/springframework/spring-jcl/5.1.3.RELEASE/spring-jcl-5.1.3.RELEASE.jar:/home/user/.m2/repository/org/springframework/spring-tx/5.1.3.RELEASE/spring-tx-5.1.3.RELEASE.jar:/home/user/.m2/repository/org/apache/hadoop/hadoop-ozone-client/0.5.0-SNAPSHOT/hadoop-ozone-client-0.5.0-SNAPSHOT.jar:/home/user/.m2/repository/commons-lang/commons-lang/2.6/commons-lang-2.6.jar:/home/user/.m2/repository/org/apache/hadoop/hadoop-ozone-ozone-manager/0.5.0-SNAPSHOT/hadoop-ozone-ozone-manager-0.5.0-SNAPSHOT-tests.jar:/home/user/.m2/repository/junit/junit/4.11/junit-4.11.jar:/home/user/.m2/repository/org/hamcrest/hamcrest-core/1.3/hamcrest-core-1.3.jar:/home/user/.m2/repository/org/openjdk/jmh/jmh-core/1.19/jmh-core-1.19.jar:/home/user/.m2/repository/net/sf/jopt-simple/jopt-simple/4.6/jopt-simple-4.6.jar:/home/user/.m2/repository/org/apache/commons/commons-math3/3.1.1/commons-math3-3.1.1.jar:/home/user/.m2/repository/org/openjdk/jmh/jmh-generator-annprocess/1.19/jmh-generator-annprocess-1.19.jar:/home/user/.m2/repository/org/mockito/mockito-all/1.8.5/mockito-all-1.8.5.jar:/home/user/.m2/repository/org/apache/hadoop/hadoop-kms/3.2.0/hadoop-kms-3.2.0.jar:/home/user/.m2/repository/org/apache/hadoop/hadoop-auth/3.2.0/hadoop-auth-3.2.0.jar:/home/user/.m2/repository/com/nimbusds/nimbus-jose-jwt/4.41.1/nimbus-jose-jwt-4.41.1.jar:/home/user/.m2/repository/com/github/stephenc/jcip/jcip-annotations/1.0-1/jcip-annotations-1.0-1.jar:/home/user/.m2/repository/net/minidev/json-smart/2.3/json-smart-2.3.jar:/home/user/.m2/repository/net/minidev/accessors-smart/1.2/accessors-smart-1.2.jar:/home/user/.m2/repository/org/ow2/asm/asm/5.0.4/asm-5.0.4.jar:/home/user/.m2/repository/org/apache/curator/curator-framework/2.12.0/curator-framework-2.12.0.jar:/home/user/.m2/repository/com/sun/jersey/jersey-core/1.19/jersey-core-1.19.jar:/home/user/.m2/repository/javax/ws/rs/jsr311-api/1.1.1/jsr311-api-1.1.1.jar:/home/user/.m2/repository/com/sun/jersey/jersey-server/1.19/jersey-server-1.19.jar:/home/user/.m2/repository/javax/servlet/javax.servlet-api/3.1.0/javax.servlet-api-3.1.0.jar:/home/user/.m2/repository/org/eclipse/jetty/jetty-server/9.3.25.v20180904/jetty-server-9.3.25.v20180904.jar:/home/user/.m2/repository/org/eclipse/jetty/jetty-http/9.3.25.v20180904/jetty-http-9.3.25.v20180904.jar:/home/user/.m2/repository/org/eclipse/jetty/jetty-io/9.3.25.v20180904/jetty-io-9.3.25.v20180904.jar:/home/user/.m2/repository/org/eclipse/jetty/jetty-webapp/9.3.25.v20180904/jetty-webapp-9.3.25.v20180904.jar:/home/user/.m2/repository/org/eclipse/jetty/jetty-xml/9.3.25.v20180904/jetty-xml-9.3.25.v20180904.jar:/home/user/.m2/repository/log4j/log4j/1.2.17/log4j-1.2.17.jar:/home/user/.m2/repository/org/slf4j/slf4j-api/1.7.25/slf4j-api-1.7.25.jar:/home/user/.m2/repository/org/slf4j/jul-to-slf4j/1.7.25/jul-to-slf4j-1.7.25.jar:/home/user/.m2/repository/org/eclipse/jetty/jetty-util/9.3.25.v20180904/jetty-util-9.3.25.v20180904.jar:/home/user/.m2/repository/com/fasterxml/jackson/core/jackson-databind/2.9.9/jackson-databind-2.9.9.jar:/home/user/.m2/repository/org/apache/hadoop/hadoop-kms/3.2.0/hadoop-kms-3.2.0-tests.jar:/home/user/.m2/repository/org/apache/hadoop/hadoop-hdds-server-scm/0.5.0-SNAPSHOT/hadoop-hdds-server-scm-0.5.0-SNAPSHOT-tests.jar:/home/user/.m2/repository/org/apache/hadoop/hadoop-hdds-container-service/0.5.0-SNAPSHOT/hadoop-hdds-container-service-0.5.0-SNAPSHOT-tests.jar:/home/user/.m2/repository/org/yaml/snakeyaml/1.16/snakeyaml-1.16.jar:/home/user/.m2/repository/org/apache/hadoop/hadoop-common/3.2.0/hadoop-common-3.2.0-tests.jar:/home/user/.m2/repository/org/apache/hadoop/hadoop-annotations/3.2.0/hadoop-annotations-3.2.0.jar:/usr/lib/jvm/java-1.8-openjdk/jre/../lib/tools.jar:/home/user/.m2/repository/commons-cli/commons-cli/1.2/commons-cli-1.2.jar:/home/user/.m2/repository/org/apache/httpcomponents/httpclient/4.5.2/httpclient-4.5.2.jar:/home/user/.m2/repository/org/apache/httpcomponents/httpcore/4.4.4/httpcore-4.4.4.jar:/home/user/.m2/repository/commons-codec/commons-codec/1.11/commons-codec-1.11.jar:/home/user/.m2/repository/commons-net/commons-net/3.6/commons-net-3.6.jar:/home/user/.m2/repository/commons-collections/commons-collections/3.2.2/commons-collections-3.2.2.jar:/home/user/.m2/repository/org/eclipse/jetty/jetty-servlet/9.3.25.v20180904/jetty-servlet-9.3.25.v20180904.jar:/home/user/.m2/repository/org/eclipse/jetty/jetty-security/9.3.25.v20180904/jetty-security-9.3.25.v20180904.jar:/home/user/.m2/repository/javax/servlet/jsp/jsp-api/2.1/jsp-api-2.1.jar:/home/user/.m2/repository/com/sun/jersey/jersey-servlet/1.19/jersey-servlet-1.19.jar:/home/user/.m2/repository/com/sun/jersey/jersey-json/1.19/jersey-json-1.19.jar:/home/user/.m2/repository/org/codehaus/jettison/jettison/1.1/jettison-1.1.jar:/home/user/.m2/repository/org/codehaus/jackson/jackson-core-asl/1.9.13/jackson-core-asl-1.9.13.jar:/home/user/.m2/repository/org/codehaus/jackson/jackson-mapper-asl/1.9.13/jackson-mapper-asl-1.9.13.jar:/home/user/.m2/repository/org/codehaus/jackson/jackson-jaxrs/1.9.13/jackson-jaxrs-1.9.13.jar:/home/user/.m2/repository/org/codehaus/jackson/jackson-xc/1.9.13/jackson-xc-1.9.13.jar:/home/user/.m2/repository/commons-logging/commons-logging/1.1.3/commons-logging-1.1.3.jar:/home/user/.m2/repository/commons-beanutils/commons-beanutils/1.9.4/commons-beanutils-1.9.4.jar:/home/user/.m2/repository/org/apache/commons/commons-configuration2/2.1.1/commons-configuration2-2.1.1.jar:/home/user/.m2/repository/org/apache/commons/commons-lang3/3.7/commons-lang3-3.7.jar:/home/user/.m2/repository/org/apache/commons/commons-text/1.4/commons-text-1.4.jar:/home/user/.m2/repository/org/apache/avro/avro/1.7.7/avro-1.7.7.jar:/home/user/.m2/repository/com/thoughtworks/paranamer/paranamer/2.3/paranamer-2.3.jar:/home/user/.m2/repository/org/xerial/snappy/snappy-java/1.0.5/snappy-java-1.0.5.jar:/home/user/.m2/repository/com/google/re2j/re2j/1.1/re2j-1.1.jar:/home/user/.m2/repository/com/google/code/gson/gson/2.2.4/gson-2.2.4.jar:/home/user/.m2/repository/com/jcraft/jsch/0.1.54/jsch-0.1.54.jar:/home/user/.m2/repository/org/apache/curator/curator-client/2.12.0/curator-client-2.12.0.jar:/home/user/.m2/repository/org/apache/curator/curator-recipes/2.12.0/curator-recipes-2.12.0.jar:/home/user/.m2/repository/com/google/code/findbugs/jsr305/3.0.0/jsr305-3.0.0.jar:/home/user/.m2/repository/org/apache/htrace/htrace-core4/4.1.0-incubating/htrace-core4-4.1.0-incubating.jar:/home/user/.m2/repository/org/apache/zookeeper/zookeeper/3.4.13/zookeeper-3.4.13.jar:/home/user/.m2/repository/jline/jline/0.9.94/jline-0.9.94.jar:/home/user/.m2/repository/org/apache/yetus/audience-annotations/0.5.0/audience-annotations-0.5.0.jar:/home/user/.m2/repository/org/codehaus/woodstox/stax2-api/3.1.4/stax2-api-3.1.4.jar:/home/user/.m2/repository/com/fasterxml/woodstox/woodstox-core/5.0.3/woodstox-core-5.0.3.jar:/home/user/.m2/repository/dnsjava/dnsjava/2.1.7/dnsjava-2.1.7.jar:/home/user/.m2/repository/org/apache/hadoop/hadoop-hdfs/3.2.0/hadoop-hdfs-3.2.0-tests.jar:/home/user/.m2/repository/org/eclipse/jetty/jetty-util-ajax/9.3.25.v20180904/jetty-util-ajax-9.3.25.v20180904.jar:/home/user/.m2/repository/commons-daemon/commons-daemon/1.0.13/commons-daemon-1.0.13.jar:/home/user/.m2/repository/io/netty/netty/3.10.5.Final/netty-3.10.5.Final.jar:/home/user/.m2/repository/io/netty/netty-all/4.0.52.Final/netty-all-4.0.52.Final.jar:/home/user/.m2/repository/org/fusesource/leveldbjni/leveldbjni-all/1.8/leveldbjni-all-1.8.jar:"/>
    <property name="sun.cpu.endian" value="little"/>
    <property name="user.home" value="/home/user"/>
    <property name="user.language" value="en"/>
    <property name="java.specification.vendor" value="Oracle Corporation"/>
    <property name="java.home" value="/usr/lib/jvm/java-1.8-openjdk/jre"/>
    <property name="java.security.krb5.conf" value="/workdir/hadoop-ozone/integration-test/target/test-classes/krb5.conf"/>
    <property name="basedir" value="/workdir/hadoop-ozone/integration-test"/>
    <property name="file.separator" value="/"/>
    <property name="line.separator" value="&#10;"/>
    <property name="java.vm.specification.vendor" value="Oracle Corporation"/>
    <property name="java.specification.name" value="Java Platform API Specification"/>
    <property name="java.awt.graphicsenv" value="sun.awt.X11GraphicsEnvironment"/>
    <property name="surefire.real.class.path" value="/workdir/hadoop-ozone/integration-test/target/surefire/surefirebooter7886391606169641763.jar"/>
    <property name="hadoop.log.dir" value="/workdir/hadoop-ozone/integration-test/target/log"/>
    <property name="sun.boot.class.path" value="/usr/lib/jvm/java-1.8-openjdk/jre/lib/resources.jar:/usr/lib/jvm/java-1.8-openjdk/jre/lib/rt.jar:/usr/lib/jvm/java-1.8-openjdk/jre/lib/sunrsasign.jar:/usr/lib/jvm/java-1.8-openjdk/jre/lib/jsse.jar:/usr/lib/jvm/java-1.8-openjdk/jre/lib/jce.jar:/usr/lib/jvm/java-1.8-openjdk/jre/lib/charsets.jar:/usr/lib/jvm/java-1.8-openjdk/jre/lib/jfr.jar:/usr/lib/jvm/java-1.8-openjdk/jre/classes"/>
    <property name="sun.management.compiler" value="HotSpot 64-Bit Tiered Compilers"/>
    <property name="java.runtime.version" value="1.8.0_212-b04"/>
    <property name="java.net.preferIPv4Stack" value="true"/>
    <property name="user.name" value="jenkins1000"/>
    <property name="path.separator" value=":"/>
    <property name="java.security.egd" value="file:///dev/urandom"/>
    <property name="os.version" value="3.10.0-957.12.2.el7.x86_64"/>
    <property name="java.endorsed.dirs" value="/usr/lib/jvm/java-1.8-openjdk/jre/lib/endorsed"/>
    <property name="java.runtime.name" value="OpenJDK Runtime Environment"/>
    <property name="file.encoding" value="UTF-8"/>
    <property name="java.vm.name" value="OpenJDK 64-Bit Server VM"/>
    <property name="test.build.webapps" value=""/>
    <property name="localRepository" value="/home/user/.m2/repository"/>
    <property name="java.vendor.url.bug" value="https://icedtea.classpath.org/bugzilla"/>
    <property name="java.io.tmpdir" value="/tmp"/>
    <property name="require.test.libhadoop" value=""/>
    <property name="java.version" value="1.8.0_212"/>
    <property name="user.dir" value="/workdir/hadoop-ozone/integration-test"/>
    <property name="os.arch" value="amd64"/>
    <property name="java.vm.specification.name" value="Java Virtual Machine Specification"/>
    <property name="test.build.classes" value="/workdir/hadoop-ozone/integration-test/target/test-classes"/>
    <property name="java.awt.printerjob" value="sun.print.PSPrinterJob"/>
    <property name="sun.os.patch.level" value="unknown"/>
    <property name="hadoop.tmp.dir" value="/workdir/hadoop-ozone/integration-test/target/tmp"/>
    <property name="java.library.path" value="/usr/lib/jvm/java-1.8-openjdk/jre/lib/amd64/server:/usr/lib/jvm/java-1.8-openjdk/jre/lib/amd64:/usr/lib/jvm/java-1.8-openjdk/jre/../lib/amd64:/workdir/hadoop-ozone/integration-test/target/native/target/usr/local/lib:/workdir/hadoop-ozone/integration-test/../../hadoop-common-project/hadoop-common/target/native/target/usr/local/lib:/usr/java/packages/lib/amd64:/usr/lib64:/lib64:/lib:/usr/lib"/>
    <property name="java.vm.info" value="mixed mode"/>
    <property name="java.vendor" value="IcedTea"/>
    <property name="java.vm.version" value="25.212-b04"/>
    <property name="java.ext.dirs" value="/usr/lib/jvm/java-1.8-openjdk/jre/lib/ext:/usr/java/packages/lib/ext"/>
    <property name="sun.io.unicode.encoding" value="UnicodeLittle"/>
    <property name="java.class.version" value="52.0"/>
  </properties>
  <testcase name="test2DatanodesFailure" classname="org.apache.hadoop.ozone.client.rpc.TestBlockOutputStreamWithFailures" time="42.792"/>
  <testcase name="testDatanodeFailureWithPreAllocation" classname="org.apache.hadoop.ozone.client.rpc.TestBlockOutputStreamWithFailures" time="223.819"/>
  <testcase name="testDatanodeFailureWithSingleNodeRatis" classname="org.apache.hadoop.ozone.client.rpc.TestBlockOutputStreamWithFailures" time="226.27"/>
  <testcase name="testWatchForCommitWithSingleNodeRatis" classname="org.apache.hadoop.ozone.client.rpc.TestBlockOutputStreamWithFailures" time="59.009"/>
  <testcase name="testWatchForCommitDatanodeFailure" classname="org.apache.hadoop.ozone.client.rpc.TestBlockOutputStreamWithFailures" time="53.158">
    <failure message="expected:&lt;2&gt; but was:&lt;3&gt;" type="java.lang.AssertionError"><![CDATA[java.lang.AssertionError: expected:<2> but was:<3>
	at org.junit.Assert.fail(Assert.java:88)
	at org.junit.Assert.failNotEquals(Assert.java:743)
	at org.junit.Assert.assertEquals(Assert.java:118)
	at org.junit.Assert.assertEquals(Assert.java:555)
	at org.junit.Assert.assertEquals(Assert.java:542)
	at org.apache.hadoop.ozone.client.rpc.TestBlockOutputStreamWithFailures.testWatchForCommitDatanodeFailure(TestBlockOutputStreamWithFailures.java:366)
	at sun.reflect.NativeMethodAccessorImpl.invoke0(Native Method)
	at sun.reflect.NativeMethodAccessorImpl.invoke(NativeMethodAccessorImpl.java:62)
	at sun.reflect.DelegatingMethodAccessorImpl.invoke(DelegatingMethodAccessorImpl.java:43)
	at java.lang.reflect.Method.invoke(Method.java:498)
	at org.junit.runners.model.FrameworkMethod$1.runReflectiveCall(FrameworkMethod.java:47)
	at org.junit.internal.runners.model.ReflectiveCallable.run(ReflectiveCallable.java:12)
	at org.junit.runners.model.FrameworkMethod.invokeExplosively(FrameworkMethod.java:44)
	at org.junit.internal.runners.statements.InvokeMethod.evaluate(InvokeMethod.java:17)
	at org.junit.internal.runners.statements.RunBefores.evaluate(RunBefores.java:26)
	at org.junit.internal.runners.statements.RunAfters.evaluate(RunAfters.java:27)
	at org.junit.runners.ParentRunner.runLeaf(ParentRunner.java:271)
	at org.junit.runners.BlockJUnit4ClassRunner.runChild(BlockJUnit4ClassRunner.java:70)
	at org.junit.runners.BlockJUnit4ClassRunner.runChild(BlockJUnit4ClassRunner.java:50)
	at org.junit.runners.ParentRunner$3.run(ParentRunner.java:238)
	at org.junit.runners.ParentRunner$1.schedule(ParentRunner.java:63)
	at org.junit.runners.ParentRunner.runChildren(ParentRunner.java:236)
	at org.junit.runners.ParentRunner.access$000(ParentRunner.java:53)
	at org.junit.runners.ParentRunner$2.evaluate(ParentRunner.java:229)
	at org.junit.runners.ParentRunner.run(ParentRunner.java:309)
	at org.apache.maven.surefire.junit4.JUnit4Provider.execute(JUnit4Provider.java:365)
	at org.apache.maven.surefire.junit4.JUnit4Provider.executeWithRerun(JUnit4Provider.java:273)
	at org.apache.maven.surefire.junit4.JUnit4Provider.executeTestSet(JUnit4Provider.java:238)
	at org.apache.maven.surefire.junit4.JUnit4Provider.invoke(JUnit4Provider.java:159)
	at org.apache.maven.surefire.booter.ForkedBooter.invokeProviderInSameClassLoader(ForkedBooter.java:384)
	at org.apache.maven.surefire.booter.ForkedBooter.runSuitesInProcess(ForkedBooter.java:345)
	at org.apache.maven.surefire.booter.ForkedBooter.execute(ForkedBooter.java:126)
	at org.apache.maven.surefire.booter.ForkedBooter.main(ForkedBooter.java:418)
]]></failure>
    <system-out><![CDATA[2019-10-04 06:11:41,914 [main] WARN  server.ServerUtils (ServerUtils.java:getScmDbDir(145)) - ozone.scm.db.dirs is not configured. We recommend adding this setting. Falling back to ozone.metadata.dirs instead.
2019-10-04 06:11:41,939 [main] WARN  server.ServerUtils (ServerUtils.java:getScmDbDir(145)) - ozone.scm.db.dirs is not configured. We recommend adding this setting. Falling back to ozone.metadata.dirs instead.
2019-10-04 06:11:41,939 [main] WARN  server.ServerUtils (ServerUtils.java:getScmDbDir(145)) - ozone.scm.db.dirs is not configured. We recommend adding this setting. Falling back to ozone.metadata.dirs instead.
2019-10-04 06:11:41,940 [main] INFO  db.DBStoreBuilder (DBStoreBuilder.java:addTable(117)) - using custom profile for table: deletedBlocks
2019-10-04 06:11:41,940 [main] INFO  db.DBStoreBuilder (DBStoreBuilder.java:processTables(168)) - Using default column profile:DBProfile.DISK for Table:deletedBlocks
2019-10-04 06:11:41,941 [main] INFO  db.DBStoreBuilder (DBStoreBuilder.java:addTable(117)) - using custom profile for table: validCerts
2019-10-04 06:11:41,941 [main] INFO  db.DBStoreBuilder (DBStoreBuilder.java:processTables(168)) - Using default column profile:DBProfile.DISK for Table:validCerts
2019-10-04 06:11:41,941 [main] INFO  db.DBStoreBuilder (DBStoreBuilder.java:addTable(117)) - using custom profile for table: revokedCerts
2019-10-04 06:11:41,941 [main] INFO  db.DBStoreBuilder (DBStoreBuilder.java:processTables(168)) - Using default column profile:DBProfile.DISK for Table:revokedCerts
2019-10-04 06:11:41,941 [main] INFO  db.DBStoreBuilder (DBStoreBuilder.java:addTable(117)) - using custom profile for table: default
2019-10-04 06:11:41,941 [main] INFO  db.DBStoreBuilder (DBStoreBuilder.java:processTables(174)) - Using default column profile:DBProfile.DISK for Table:default
2019-10-04 06:11:41,942 [main] INFO  db.DBStoreBuilder (DBStoreBuilder.java:getDbProfile(205)) - Using default options. DBProfile.DISK
2019-10-04 06:11:42,016 [main] INFO  net.NodeSchemaLoader (NodeSchemaLoader.java:loadSchemaFromFile(125)) - Loading file from sun.misc.CompoundEnumeration@251c90f
2019-10-04 06:11:42,016 [main] INFO  net.NodeSchemaLoader (NodeSchemaLoader.java:loadSchema(171)) - Loading network topology layer schema file
2019-10-04 06:11:42,021 [main] INFO  node.SCMNodeManager (SCMNodeManager.java:<init>(114)) - Entering startup safe mode.
2019-10-04 06:11:42,021 [main] INFO  algorithms.ContainerPlacementPolicyFactory (ContainerPlacementPolicyFactory.java:getPolicy(57)) - Create container placement policy of type org.apache.hadoop.hdds.scm.container.placement.algorithms.SCMContainerPlacementRandom
2019-10-04 06:11:42,021 [main] WARN  server.ServerUtils (ServerUtils.java:getScmDbDir(145)) - ozone.scm.db.dirs is not configured. We recommend adding this setting. Falling back to ozone.metadata.dirs instead.
2019-10-04 06:11:42,042 [main] INFO  pipeline.SCMPipelineManager (SCMPipelineManager.java:initializePipelineState(132)) - No pipeline exists in current db
2019-10-04 06:11:42,043 [main] WARN  server.ServerUtils (ServerUtils.java:getScmDbDir(145)) - ozone.scm.db.dirs is not configured. We recommend adding this setting. Falling back to ozone.metadata.dirs instead.
2019-10-04 06:11:42,068 [main] WARN  events.EventQueue (EventQueue.java:fireEvent(183)) - No event handler registered for event TypedEvent{payloadType=SafeModeStatus, name='SafeModeStatus'}
2019-10-04 06:11:42,069 [main] INFO  ipc.CallQueueManager (CallQueueManager.java:<init>(84)) - Using callQueue: class java.util.concurrent.LinkedBlockingQueue, queueCapacity: 2000, scheduler: class org.apache.hadoop.ipc.DefaultRpcScheduler, ipcBackoff: false.
2019-10-04 06:11:42,070 [Socket Reader #1 for port 41527] INFO  ipc.Server (Server.java:run(1074)) - Starting Socket Reader #1 for port 41527
2019-10-04 06:11:42,072 [main] INFO  ipc.CallQueueManager (CallQueueManager.java:<init>(84)) - Using callQueue: class java.util.concurrent.LinkedBlockingQueue, queueCapacity: 2000, scheduler: class org.apache.hadoop.ipc.DefaultRpcScheduler, ipcBackoff: false.
2019-10-04 06:11:42,073 [Socket Reader #1 for port 36734] INFO  ipc.Server (Server.java:run(1074)) - Starting Socket Reader #1 for port 36734
2019-10-04 06:11:42,074 [main] INFO  ipc.CallQueueManager (CallQueueManager.java:<init>(84)) - Using callQueue: class java.util.concurrent.LinkedBlockingQueue, queueCapacity: 2000, scheduler: class org.apache.hadoop.ipc.DefaultRpcScheduler, ipcBackoff: false.
2019-10-04 06:11:42,074 [Socket Reader #1 for port 44948] INFO  ipc.Server (Server.java:run(1074)) - Starting Socket Reader #1 for port 44948
2019-10-04 06:11:42,077 [main] INFO  hdfs.DFSUtil (DFSUtil.java:httpServerTemplateForNNAndJN(1641)) - Starting Web-server for scm at: http://0.0.0.0:0
2019-10-04 06:11:42,079 [main] INFO  server.AuthenticationFilter (AuthenticationFilter.java:constructSecretProvider(240)) - Unable to initialize FileSignerSecretProvider, falling back to use random secrets.
2019-10-04 06:11:42,079 [main] WARN  http.HttpRequestLog (HttpRequestLog.java:getRequestLog(97)) - Jetty request log can only be enabled using Log4j
2019-10-04 06:11:42,081 [main] INFO  http.HttpServer2 (HttpServer2.java:addGlobalFilter(975)) - Added global filter 'safety' (class=org.apache.hadoop.http.HttpServer2$QuotingInputFilter)
2019-10-04 06:11:42,081 [main] INFO  http.HttpServer2 (HttpServer2.java:addFilter(948)) - Added filter static_user_filter (class=org.apache.hadoop.http.lib.StaticUserWebFilter$StaticUserFilter) to context scm
2019-10-04 06:11:42,082 [main] INFO  http.HttpServer2 (HttpServer2.java:addFilter(958)) - Added filter static_user_filter (class=org.apache.hadoop.http.lib.StaticUserWebFilter$StaticUserFilter) to context logs
2019-10-04 06:11:42,082 [main] INFO  http.HttpServer2 (HttpServer2.java:addFilter(958)) - Added filter static_user_filter (class=org.apache.hadoop.http.lib.StaticUserWebFilter$StaticUserFilter) to context static
2019-10-04 06:11:42,084 [main] INFO  server.StorageContainerManager (StorageContainerManager.java:start(770)) - StorageContainerLocationProtocol RPC server is listening at /0.0.0.0:44948
2019-10-04 06:11:42,087 [main] WARN  impl.MetricsConfig (MetricsConfig.java:loadFirst(134)) - Cannot locate configuration: tried hadoop-metrics2-storagecontainermanager.properties,hadoop-metrics2.properties
2019-10-04 06:11:42,088 [main] INFO  impl.MetricsSystemImpl (MetricsSystemImpl.java:startTimer(374)) - Scheduled Metric snapshot period at 10 second(s).
2019-10-04 06:11:42,089 [main] INFO  impl.MetricsSystemImpl (MetricsSystemImpl.java:start(191)) - StorageContainerManager metrics system started
2019-10-04 06:11:42,193 [main] WARN  impl.MetricsSystemImpl (MetricsSystemImpl.java:register(276)) - Sink prometheus already exists!
2019-10-04 06:11:42,236 [main] INFO  server.SCMClientProtocolServer (SCMClientProtocolServer.java:start(159)) - RPC server for Client  is listening at /0.0.0.0:44948
2019-10-04 06:11:42,236 [IPC Server Responder] INFO  ipc.Server (Server.java:run(1314)) - IPC Server Responder: starting
2019-10-04 06:11:42,236 [IPC Server listener on 44948] INFO  ipc.Server (Server.java:run(1153)) - IPC Server listener on 44948: starting
2019-10-04 06:11:42,244 [main] INFO  server.StorageContainerManager (StorageContainerManager.java:start(780)) - ScmBlockLocationProtocol RPC server is listening at /0.0.0.0:36734
2019-10-04 06:11:42,244 [main] INFO  server.SCMBlockProtocolServer (SCMBlockProtocolServer.java:start(146)) - RPC server for Block Protocol is listening at /0.0.0.0:36734
2019-10-04 06:11:42,244 [IPC Server Responder] INFO  ipc.Server (Server.java:run(1314)) - IPC Server Responder: starting
2019-10-04 06:11:42,245 [IPC Server listener on 36734] INFO  ipc.Server (Server.java:run(1153)) - IPC Server listener on 36734: starting
2019-10-04 06:11:42,248 [main] INFO  server.StorageContainerManager (StorageContainerManager.java:start(784)) - ScmDatanodeProtocl RPC server is listening at /0.0.0.0:41527
2019-10-04 06:11:42,248 [main] INFO  server.SCMDatanodeProtocolServer (SCMDatanodeProtocolServer.java:start(169)) - RPC server for DataNodes is listening at /0.0.0.0:41527
2019-10-04 06:11:42,248 [IPC Server Responder] INFO  ipc.Server (Server.java:run(1314)) - IPC Server Responder: starting
2019-10-04 06:11:42,248 [IPC Server listener on 41527] INFO  ipc.Server (Server.java:run(1153)) - IPC Server listener on 41527: starting
2019-10-04 06:11:42,254 [main] INFO  http.HttpServer2 (HttpServer2.java:bindListener(1191)) - Jetty bound to port 46130
2019-10-04 06:11:42,254 [main] INFO  server.Server (Server.java:doStart(351)) - jetty-9.3.25.v20180904, build timestamp: 2018-09-04T21:11:46Z, git hash: 3ce520221d0240229c862b122d2b06c12a625732
2019-10-04 06:11:42,256 [main] INFO  handler.ContextHandler (ContextHandler.java:doStart(781)) - Started o.e.j.s.ServletContextHandler@7d0cd23c{/logs,file:///workdir/hadoop-ozone/integration-test/target/log,AVAILABLE}
2019-10-04 06:11:42,256 [main] INFO  handler.ContextHandler (ContextHandler.java:doStart(781)) - Started o.e.j.s.ServletContextHandler@6b0f266e{/static,file:///workdir/hadoop-ozone/integration-test/target/test-classes/webapps/static,AVAILABLE}
2019-10-04 06:11:42,259 [main] INFO  handler.ContextHandler (ContextHandler.java:doStart(781)) - Started o.e.j.w.WebAppContext@75e80a97{/,file:///workdir/hadoop-ozone/integration-test/target/test-classes/webapps/scm/,AVAILABLE}{/scm}
2019-10-04 06:11:42,260 [main] INFO  server.AbstractConnector (AbstractConnector.java:doStart(278)) - Started ServerConnector@5b8853{HTTP/1.1,[http/1.1]}{0.0.0.0:46130}
2019-10-04 06:11:42,261 [main] INFO  server.Server (Server.java:doStart(419)) - Started @552832ms
2019-10-04 06:11:42,261 [main] WARN  impl.MetricsSystemImpl (MetricsSystemImpl.java:register(276)) - Sink prometheus already exists!
2019-10-04 06:11:42,262 [main] INFO  server.BaseHttpServer (BaseHttpServer.java:updateConnectorAddress(215)) - HTTP server of SCM is listening at http://0.0.0.0:46130
2019-10-04 06:11:42,264 [main] WARN  server.ServerUtils (ServerUtils.java:getDBPath(222)) - ozone.om.db.dirs is not configured. We recommend adding this setting. Falling back to ozone.metadata.dirs instead.
2019-10-04 06:11:42,265 [org.apache.hadoop.util.JvmPauseMonitor$Monitor@5d1bdd4a] INFO  util.JvmPauseMonitor (JvmPauseMonitor.java:run(188)) - Starting JVM pause monitor
2019-10-04 06:11:42,278 [main] INFO  ha.OMHANodeDetails (OMHANodeDetails.java:loadOMHAConfig(190)) - Configuration either no ozone.om.address set. Falling back to the default OM address /127.0.0.1:0
2019-10-04 06:11:42,278 [main] INFO  ha.OMHANodeDetails (OMHANodeDetails.java:getOMNodeDetails(220)) - OM Service ID is not set. Setting it to the default ID: omServiceIdDefault
2019-10-04 06:11:42,278 [main] WARN  server.ServerUtils (ServerUtils.java:getDBPath(222)) - ozone.om.db.dirs is not configured. We recommend adding this setting. Falling back to ozone.metadata.dirs instead.
2019-10-04 06:11:42,279 [main] WARN  server.ServerUtils (ServerUtils.java:getDBPath(222)) - ozone.om.db.dirs is not configured. We recommend adding this setting. Falling back to ozone.metadata.dirs instead.
2019-10-04 06:11:42,286 [main] WARN  server.ServerUtils (ServerUtils.java:getDBPath(222)) - ozone.om.db.dirs is not configured. We recommend adding this setting. Falling back to ozone.metadata.dirs instead.
2019-10-04 06:11:42,287 [main] INFO  db.DBStoreBuilder (DBStoreBuilder.java:addTable(117)) - using custom profile for table: userTable
2019-10-04 06:11:42,287 [main] INFO  db.DBStoreBuilder (DBStoreBuilder.java:processTables(168)) - Using default column profile:DBProfile.DISK for Table:userTable
2019-10-04 06:11:42,287 [main] INFO  db.DBStoreBuilder (DBStoreBuilder.java:addTable(117)) - using custom profile for table: volumeTable
2019-10-04 06:11:42,288 [main] INFO  db.DBStoreBuilder (DBStoreBuilder.java:processTables(168)) - Using default column profile:DBProfile.DISK for Table:volumeTable
2019-10-04 06:11:42,288 [main] INFO  db.DBStoreBuilder (DBStoreBuilder.java:addTable(117)) - using custom profile for table: bucketTable
2019-10-04 06:11:42,288 [main] INFO  db.DBStoreBuilder (DBStoreBuilder.java:processTables(168)) - Using default column profile:DBProfile.DISK for Table:bucketTable
2019-10-04 06:11:42,288 [main] INFO  db.DBStoreBuilder (DBStoreBuilder.java:addTable(117)) - using custom profile for table: keyTable
2019-10-04 06:11:42,288 [main] INFO  db.DBStoreBuilder (DBStoreBuilder.java:processTables(168)) - Using default column profile:DBProfile.DISK for Table:keyTable
2019-10-04 06:11:42,289 [main] INFO  db.DBStoreBuilder (DBStoreBuilder.java:addTable(117)) - using custom profile for table: deletedTable
2019-10-04 06:11:42,289 [main] INFO  db.DBStoreBuilder (DBStoreBuilder.java:processTables(168)) - Using default column profile:DBProfile.DISK for Table:deletedTable
2019-10-04 06:11:42,289 [main] INFO  db.DBStoreBuilder (DBStoreBuilder.java:addTable(117)) - using custom profile for table: openKeyTable
2019-10-04 06:11:42,289 [main] INFO  db.DBStoreBuilder (DBStoreBuilder.java:processTables(168)) - Using default column profile:DBProfile.DISK for Table:openKeyTable
2019-10-04 06:11:42,289 [main] INFO  db.DBStoreBuilder (DBStoreBuilder.java:addTable(117)) - using custom profile for table: s3Table
2019-10-04 06:11:42,290 [main] INFO  db.DBStoreBuilder (DBStoreBuilder.java:processTables(168)) - Using default column profile:DBProfile.DISK for Table:s3Table
2019-10-04 06:11:42,290 [main] INFO  db.DBStoreBuilder (DBStoreBuilder.java:addTable(117)) - using custom profile for table: multipartInfoTable
2019-10-04 06:11:42,290 [main] INFO  db.DBStoreBuilder (DBStoreBuilder.java:processTables(168)) - Using default column profile:DBProfile.DISK for Table:multipartInfoTable
2019-10-04 06:11:42,290 [main] INFO  db.DBStoreBuilder (DBStoreBuilder.java:addTable(117)) - using custom profile for table: dTokenTable
2019-10-04 06:11:42,291 [main] INFO  db.DBStoreBuilder (DBStoreBuilder.java:processTables(168)) - Using default column profile:DBProfile.DISK for Table:dTokenTable
2019-10-04 06:11:42,291 [main] INFO  db.DBStoreBuilder (DBStoreBuilder.java:addTable(117)) - using custom profile for table: s3SecretTable
2019-10-04 06:11:42,291 [main] INFO  db.DBStoreBuilder (DBStoreBuilder.java:processTables(168)) - Using default column profile:DBProfile.DISK for Table:s3SecretTable
2019-10-04 06:11:42,291 [main] INFO  db.DBStoreBuilder (DBStoreBuilder.java:addTable(117)) - using custom profile for table: prefixTable
2019-10-04 06:11:42,291 [main] INFO  db.DBStoreBuilder (DBStoreBuilder.java:processTables(168)) - Using default column profile:DBProfile.DISK for Table:prefixTable
2019-10-04 06:11:42,292 [main] INFO  db.DBStoreBuilder (DBStoreBuilder.java:addTable(117)) - using custom profile for table: default
2019-10-04 06:11:42,292 [main] INFO  db.DBStoreBuilder (DBStoreBuilder.java:processTables(174)) - Using default column profile:DBProfile.DISK for Table:default
2019-10-04 06:11:42,292 [main] INFO  db.DBStoreBuilder (DBStoreBuilder.java:getDbProfile(205)) - Using default options. DBProfile.DISK
2019-10-04 06:11:42,785 [main] INFO  ipc.CallQueueManager (CallQueueManager.java:<init>(84)) - Using callQueue: class java.util.concurrent.LinkedBlockingQueue, queueCapacity: 2000, scheduler: class org.apache.hadoop.ipc.DefaultRpcScheduler, ipcBackoff: false.
2019-10-04 06:11:42,786 [Socket Reader #1 for port 43520] INFO  ipc.Server (Server.java:run(1074)) - Starting Socket Reader #1 for port 43520
2019-10-04 06:11:42,809 [main] INFO  om.OzoneManager (OzoneManager.java:start(1069)) - OzoneManager RPC server is listening at localhost/127.0.0.1:43520
2019-10-04 06:11:42,809 [main] INFO  impl.MetricsSystemImpl (MetricsSystemImpl.java:init(158)) - OzoneManager metrics system started (again)
2019-10-04 06:11:42,809 [IPC Server Responder] INFO  ipc.Server (Server.java:run(1314)) - IPC Server Responder: starting
2019-10-04 06:11:42,811 [IPC Server listener on 43520] INFO  ipc.Server (Server.java:run(1153)) - IPC Server listener on 43520: starting
2019-10-04 06:11:42,817 [main] INFO  hdfs.DFSUtil (DFSUtil.java:httpServerTemplateForNNAndJN(1641)) - Starting Web-server for ozoneManager at: http://0.0.0.0:0
2019-10-04 06:11:42,818 [main] INFO  server.AuthenticationFilter (AuthenticationFilter.java:constructSecretProvider(240)) - Unable to initialize FileSignerSecretProvider, falling back to use random secrets.
2019-10-04 06:11:42,819 [main] WARN  http.HttpRequestLog (HttpRequestLog.java:getRequestLog(97)) - Jetty request log can only be enabled using Log4j
2019-10-04 06:11:42,821 [main] INFO  http.HttpServer2 (HttpServer2.java:addGlobalFilter(975)) - Added global filter 'safety' (class=org.apache.hadoop.http.HttpServer2$QuotingInputFilter)
2019-10-04 06:11:42,822 [main] INFO  http.HttpServer2 (HttpServer2.java:addFilter(948)) - Added filter static_user_filter (class=org.apache.hadoop.http.lib.StaticUserWebFilter$StaticUserFilter) to context ozoneManager
2019-10-04 06:11:42,822 [main] INFO  http.HttpServer2 (HttpServer2.java:addFilter(958)) - Added filter static_user_filter (class=org.apache.hadoop.http.lib.StaticUserWebFilter$StaticUserFilter) to context static
2019-10-04 06:11:42,822 [main] INFO  http.HttpServer2 (HttpServer2.java:addFilter(958)) - Added filter static_user_filter (class=org.apache.hadoop.http.lib.StaticUserWebFilter$StaticUserFilter) to context logs
2019-10-04 06:11:42,823 [main] INFO  http.HttpServer2 (HttpServer2.java:bindListener(1191)) - Jetty bound to port 36177
2019-10-04 06:11:42,823 [main] INFO  server.Server (Server.java:doStart(351)) - jetty-9.3.25.v20180904, build timestamp: 2018-09-04T21:11:46Z, git hash: 3ce520221d0240229c862b122d2b06c12a625732
2019-10-04 06:11:42,825 [main] INFO  handler.ContextHandler (ContextHandler.java:doStart(781)) - Started o.e.j.s.ServletContextHandler@743c3520{/logs,file:///workdir/hadoop-ozone/integration-test/target/log,AVAILABLE}
2019-10-04 06:11:42,826 [main] INFO  handler.ContextHandler (ContextHandler.java:doStart(781)) - Started o.e.j.s.ServletContextHandler@234cd86c{/static,file:///workdir/hadoop-ozone/integration-test/target/test-classes/webapps/static,AVAILABLE}
2019-10-04 06:11:42,831 [main] INFO  handler.ContextHandler (ContextHandler.java:doStart(781)) - Started o.e.j.w.WebAppContext@29c53c4f{/,file:///workdir/hadoop-ozone/integration-test/target/test-classes/webapps/ozoneManager/,AVAILABLE}{/ozoneManager}
2019-10-04 06:11:42,831 [main] INFO  server.AbstractConnector (AbstractConnector.java:doStart(278)) - Started ServerConnector@3009eed7{HTTP/1.1,[http/1.1]}{0.0.0.0:36177}
2019-10-04 06:11:42,833 [main] INFO  server.Server (Server.java:doStart(419)) - Started @553404ms
2019-10-04 06:11:42,833 [main] WARN  impl.MetricsSystemImpl (MetricsSystemImpl.java:register(276)) - Sink prometheus already exists!
2019-10-04 06:11:42,834 [main] INFO  server.BaseHttpServer (BaseHttpServer.java:updateConnectorAddress(215)) - HTTP server of OZONEMANAGER is listening at http://0.0.0.0:36177
2019-10-04 06:11:42,853 [main] INFO  impl.MetricsSystemImpl (MetricsSystemImpl.java:init(158)) - HddsDatanode metrics system started (again)
2019-10-04 06:11:42,858 [main] INFO  ozone.HddsDatanodeService (HddsDatanodeService.java:start(184)) - HddsDatanodeService host:trunk-nightly-20191004-lpvmn-70278721 ip:192.168.151.69
2019-10-04 06:11:42,865 [main] INFO  volume.HddsVolume (HddsVolume.java:<init>(176)) - Creating Volume: /workdir/hadoop-ozone/integration-test/target/test-dir/MiniOzoneClusterImpl-d4a22fe7-9819-4ee7-a95f-4f3286bed485/datanode-0/data/containers/hdds of  storage type : DISK and capacity : 1482555576320
2019-10-04 06:11:42,866 [main] INFO  volume.VolumeSet (VolumeSet.java:initializeVolumeSet(170)) - Added Volume : /workdir/hadoop-ozone/integration-test/target/test-dir/MiniOzoneClusterImpl-d4a22fe7-9819-4ee7-a95f-4f3286bed485/datanode-0/data/containers/hdds to VolumeSet
2019-10-04 06:11:42,866 [main] INFO  volume.ThrottledAsyncChecker (ThrottledAsyncChecker.java:schedule(139)) - Scheduling a check for org.apache.hadoop.ozone.container.common.volume.HddsVolume@4a31ed12
2019-10-04 06:11:42,866 [main] INFO  volume.HddsVolumeChecker (HddsVolumeChecker.java:checkAllVolumes(202)) - Scheduled health check for volume org.apache.hadoop.ozone.container.common.volume.HddsVolume@4a31ed12
2019-10-04 06:11:42,885 [main] INFO  impl.RaftServerProxy (ConfUtils.java:logGet(43)) - raft.rpc.type = GRPC (default)
2019-10-04 06:11:42,885 [main] INFO  grpc.GrpcFactory (GrpcFactory.java:checkPooledByteBufAllocatorUseCacheForAllThreads(45)) - PERFORMANCE WARNING: useCacheForAllThreads is true that may cause Netty to create a lot garbage objects and, as a result, trigger GC.
	It is recommended to disable useCacheForAllThreads by setting -Dorg.apache.ratis.thirdparty.io.netty.allocator.useCacheForAllThreads=false in command line.
2019-10-04 06:11:42,885 [main] INFO  grpc.GrpcConfigKeys$Server (ConfUtils.java:logGet(43)) - raft.grpc.server.port = 0 (default)
2019-10-04 06:11:42,885 [main] INFO  server.GrpcService (ConfUtils.java:logGet(43)) - raft.grpc.message.size.max = 33570816 (custom)
2019-10-04 06:11:42,886 [main] INFO  server.RaftServerConfigKeys (ConfUtils.java:logGet(43)) - raft.server.log.appender.buffer.byte-limit = 33554432 (custom)
2019-10-04 06:11:42,886 [main] INFO  server.GrpcService (ConfUtils.java:logGet(43)) - raft.grpc.flow.control.window = 1MB (=1048576) (default)
2019-10-04 06:11:42,886 [main] INFO  server.RaftServerConfigKeys (ConfUtils.java:logGet(43)) - raft.server.rpc.request.timeout = 3000ms (default)
2019-10-04 06:11:42,887 [main] INFO  server.RaftServerConfigKeys (ConfUtils.java:logGet(43)) - raft.server.storage.dir = [/workdir/hadoop-ozone/integration-test/target/test-dir/MiniOzoneClusterImpl-d4a22fe7-9819-4ee7-a95f-4f3286bed485/datanode-0/data/ratis] (custom)
2019-10-04 06:11:42,889 [main] INFO  hdfs.DFSUtil (DFSUtil.java:httpServerTemplateForNNAndJN(1641)) - Starting Web-server for hddsDatanode at: http://0.0.0.0:0
2019-10-04 06:11:42,891 [main] INFO  server.AuthenticationFilter (AuthenticationFilter.java:constructSecretProvider(240)) - Unable to initialize FileSignerSecretProvider, falling back to use random secrets.
2019-10-04 06:11:42,892 [main] WARN  http.HttpRequestLog (HttpRequestLog.java:getRequestLog(97)) - Jetty request log can only be enabled using Log4j
2019-10-04 06:11:42,894 [main] INFO  http.HttpServer2 (HttpServer2.java:addGlobalFilter(975)) - Added global filter 'safety' (class=org.apache.hadoop.http.HttpServer2$QuotingInputFilter)
2019-10-04 06:11:42,895 [main] INFO  http.HttpServer2 (HttpServer2.java:addFilter(948)) - Added filter static_user_filter (class=org.apache.hadoop.http.lib.StaticUserWebFilter$StaticUserFilter) to context hddsDatanode
2019-10-04 06:11:42,895 [main] INFO  http.HttpServer2 (HttpServer2.java:addFilter(958)) - Added filter static_user_filter (class=org.apache.hadoop.http.lib.StaticUserWebFilter$StaticUserFilter) to context static
2019-10-04 06:11:42,895 [main] INFO  http.HttpServer2 (HttpServer2.java:addFilter(958)) - Added filter static_user_filter (class=org.apache.hadoop.http.lib.StaticUserWebFilter$StaticUserFilter) to context logs
2019-10-04 06:11:42,896 [main] INFO  http.HttpServer2 (HttpServer2.java:bindListener(1191)) - Jetty bound to port 36715
2019-10-04 06:11:42,896 [main] INFO  server.Server (Server.java:doStart(351)) - jetty-9.3.25.v20180904, build timestamp: 2018-09-04T21:11:46Z, git hash: 3ce520221d0240229c862b122d2b06c12a625732
2019-10-04 06:11:42,898 [main] INFO  handler.ContextHandler (ContextHandler.java:doStart(781)) - Started o.e.j.s.ServletContextHandler@2aea717c{/logs,file:///workdir/hadoop-ozone/integration-test/target/log,AVAILABLE}
2019-10-04 06:11:42,899 [main] INFO  handler.ContextHandler (ContextHandler.java:doStart(781)) - Started o.e.j.s.ServletContextHandler@1291aab5{/static,jar:file:/home/user/.m2/repository/org/apache/hadoop/hadoop-hdds-container-service/0.5.0-SNAPSHOT/hadoop-hdds-container-service-0.5.0-SNAPSHOT.jar!/webapps/static,AVAILABLE}
2019-10-04 06:11:42,944 [main] INFO  handler.ContextHandler (ContextHandler.java:doStart(781)) - Started o.e.j.w.WebAppContext@17ec335a{/,file:///tmp/jetty-0.0.0.0-36715-hddsDatanode-_-any-6860765198511648560.dir/webapp/,AVAILABLE}{/hddsDatanode}
2019-10-04 06:11:42,944 [main] INFO  server.AbstractConnector (AbstractConnector.java:doStart(278)) - Started ServerConnector@284990de{HTTP/1.1,[http/1.1]}{0.0.0.0:36715}
2019-10-04 06:11:42,947 [main] INFO  server.Server (Server.java:doStart(419)) - Started @553518ms
2019-10-04 06:11:42,947 [main] WARN  impl.MetricsSystemImpl (MetricsSystemImpl.java:register(276)) - Sink prometheus already exists!
2019-10-04 06:11:42,948 [main] INFO  server.BaseHttpServer (BaseHttpServer.java:updateConnectorAddress(215)) - HTTP server of HDDSDATANODE is listening at http://0.0.0.0:36715
2019-10-04 06:11:42,948 [main] INFO  impl.MetricsSystemImpl (MetricsSystemImpl.java:init(158)) - HddsDatanode metrics system started (again)
2019-10-04 06:11:42,952 [org.apache.hadoop.util.JvmPauseMonitor$Monitor@1f0c60d7] INFO  util.JvmPauseMonitor (JvmPauseMonitor.java:run(188)) - Starting JVM pause monitor
2019-10-04 06:11:42,953 [main] INFO  ozone.HddsDatanodeService (HddsDatanodeService.java:start(184)) - HddsDatanodeService host:trunk-nightly-20191004-lpvmn-70278721 ip:192.168.151.69
2019-10-04 06:11:42,954 [Datanode State Machine Thread - 0] INFO  datanode.InitDatanodeState (InitDatanodeState.java:persistContainerDatanodeDetails(140)) - DatanodeDetails is persisted to /workdir/hadoop-ozone/integration-test/target/test-dir/MiniOzoneClusterImpl-d4a22fe7-9819-4ee7-a95f-4f3286bed485/datanode-0/meta/datanode.id
2019-10-04 06:11:42,960 [main] INFO  volume.HddsVolume (HddsVolume.java:<init>(176)) - Creating Volume: /workdir/hadoop-ozone/integration-test/target/test-dir/MiniOzoneClusterImpl-d4a22fe7-9819-4ee7-a95f-4f3286bed485/datanode-1/data/containers/hdds of  storage type : DISK and capacity : 1482555576320
2019-10-04 06:11:42,960 [main] INFO  volume.VolumeSet (VolumeSet.java:initializeVolumeSet(170)) - Added Volume : /workdir/hadoop-ozone/integration-test/target/test-dir/MiniOzoneClusterImpl-d4a22fe7-9819-4ee7-a95f-4f3286bed485/datanode-1/data/containers/hdds to VolumeSet
2019-10-04 06:11:42,960 [main] INFO  volume.ThrottledAsyncChecker (ThrottledAsyncChecker.java:schedule(139)) - Scheduling a check for org.apache.hadoop.ozone.container.common.volume.HddsVolume@46bb0bdf
2019-10-04 06:11:42,961 [main] INFO  volume.HddsVolumeChecker (HddsVolumeChecker.java:checkAllVolumes(202)) - Scheduled health check for volume org.apache.hadoop.ozone.container.common.volume.HddsVolume@46bb0bdf
2019-10-04 06:11:42,976 [main] INFO  impl.RaftServerProxy (ConfUtils.java:logGet(43)) - raft.rpc.type = GRPC (default)
2019-10-04 06:11:42,976 [main] INFO  grpc.GrpcFactory (GrpcFactory.java:checkPooledByteBufAllocatorUseCacheForAllThreads(45)) - PERFORMANCE WARNING: useCacheForAllThreads is true that may cause Netty to create a lot garbage objects and, as a result, trigger GC.
	It is recommended to disable useCacheForAllThreads by setting -Dorg.apache.ratis.thirdparty.io.netty.allocator.useCacheForAllThreads=false in command line.
2019-10-04 06:11:42,976 [main] INFO  grpc.GrpcConfigKeys$Server (ConfUtils.java:logGet(43)) - raft.grpc.server.port = 0 (default)
2019-10-04 06:11:42,977 [main] INFO  server.GrpcService (ConfUtils.java:logGet(43)) - raft.grpc.message.size.max = 33570816 (custom)
2019-10-04 06:11:42,977 [main] INFO  server.RaftServerConfigKeys (ConfUtils.java:logGet(43)) - raft.server.log.appender.buffer.byte-limit = 33554432 (custom)
2019-10-04 06:11:42,977 [main] INFO  server.GrpcService (ConfUtils.java:logGet(43)) - raft.grpc.flow.control.window = 1MB (=1048576) (default)
2019-10-04 06:11:42,977 [main] INFO  server.RaftServerConfigKeys (ConfUtils.java:logGet(43)) - raft.server.rpc.request.timeout = 3000ms (default)
2019-10-04 06:11:42,978 [main] INFO  server.RaftServerConfigKeys (ConfUtils.java:logGet(43)) - raft.server.storage.dir = [/workdir/hadoop-ozone/integration-test/target/test-dir/MiniOzoneClusterImpl-d4a22fe7-9819-4ee7-a95f-4f3286bed485/datanode-1/data/ratis] (custom)
2019-10-04 06:11:42,979 [main] INFO  hdfs.DFSUtil (DFSUtil.java:httpServerTemplateForNNAndJN(1641)) - Starting Web-server for hddsDatanode at: http://0.0.0.0:0
2019-10-04 06:11:42,981 [main] INFO  server.AuthenticationFilter (AuthenticationFilter.java:constructSecretProvider(240)) - Unable to initialize FileSignerSecretProvider, falling back to use random secrets.
2019-10-04 06:11:42,981 [main] WARN  http.HttpRequestLog (HttpRequestLog.java:getRequestLog(97)) - Jetty request log can only be enabled using Log4j
2019-10-04 06:11:42,983 [main] INFO  http.HttpServer2 (HttpServer2.java:addGlobalFilter(975)) - Added global filter 'safety' (class=org.apache.hadoop.http.HttpServer2$QuotingInputFilter)
2019-10-04 06:11:42,983 [main] INFO  http.HttpServer2 (HttpServer2.java:addFilter(948)) - Added filter static_user_filter (class=org.apache.hadoop.http.lib.StaticUserWebFilter$StaticUserFilter) to context hddsDatanode
2019-10-04 06:11:42,984 [main] INFO  http.HttpServer2 (HttpServer2.java:addFilter(958)) - Added filter static_user_filter (class=org.apache.hadoop.http.lib.StaticUserWebFilter$StaticUserFilter) to context static
2019-10-04 06:11:42,984 [main] INFO  http.HttpServer2 (HttpServer2.java:addFilter(958)) - Added filter static_user_filter (class=org.apache.hadoop.http.lib.StaticUserWebFilter$StaticUserFilter) to context logs
2019-10-04 06:11:42,985 [main] INFO  http.HttpServer2 (HttpServer2.java:bindListener(1191)) - Jetty bound to port 37460
2019-10-04 06:11:42,985 [main] INFO  server.Server (Server.java:doStart(351)) - jetty-9.3.25.v20180904, build timestamp: 2018-09-04T21:11:46Z, git hash: 3ce520221d0240229c862b122d2b06c12a625732
2019-10-04 06:11:42,987 [main] INFO  handler.ContextHandler (ContextHandler.java:doStart(781)) - Started o.e.j.s.ServletContextHandler@1c3b6963{/logs,file:///workdir/hadoop-ozone/integration-test/target/log,AVAILABLE}
2019-10-04 06:11:42,987 [main] INFO  handler.ContextHandler (ContextHandler.java:doStart(781)) - Started o.e.j.s.ServletContextHandler@55a0f011{/static,jar:file:/home/user/.m2/repository/org/apache/hadoop/hadoop-hdds-container-service/0.5.0-SNAPSHOT/hadoop-hdds-container-service-0.5.0-SNAPSHOT.jar!/webapps/static,AVAILABLE}
2019-10-04 06:11:43,026 [main] INFO  handler.ContextHandler (ContextHandler.java:doStart(781)) - Started o.e.j.w.WebAppContext@6b063470{/,file:///tmp/jetty-0.0.0.0-37460-hddsDatanode-_-any-6449537778801442711.dir/webapp/,AVAILABLE}{/hddsDatanode}
2019-10-04 06:11:43,026 [main] INFO  server.AbstractConnector (AbstractConnector.java:doStart(278)) - Started ServerConnector@226d5af0{HTTP/1.1,[http/1.1]}{0.0.0.0:37460}
2019-10-04 06:11:43,028 [main] INFO  server.Server (Server.java:doStart(419)) - Started @553600ms
2019-10-04 06:11:43,029 [main] WARN  impl.MetricsSystemImpl (MetricsSystemImpl.java:register(276)) - Sink prometheus already exists!
2019-10-04 06:11:43,029 [main] INFO  server.BaseHttpServer (BaseHttpServer.java:updateConnectorAddress(215)) - HTTP server of HDDSDATANODE is listening at http://0.0.0.0:37460
2019-10-04 06:11:43,030 [main] INFO  impl.MetricsSystemImpl (MetricsSystemImpl.java:init(158)) - HddsDatanode metrics system started (again)
2019-10-04 06:11:43,034 [org.apache.hadoop.util.JvmPauseMonitor$Monitor@726720c8] INFO  util.JvmPauseMonitor (JvmPauseMonitor.java:run(188)) - Starting JVM pause monitor
2019-10-04 06:11:43,035 [main] INFO  ozone.HddsDatanodeService (HddsDatanodeService.java:start(184)) - HddsDatanodeService host:trunk-nightly-20191004-lpvmn-70278721 ip:192.168.151.69
2019-10-04 06:11:43,035 [Datanode State Machine Thread - 0] INFO  datanode.InitDatanodeState (InitDatanodeState.java:persistContainerDatanodeDetails(140)) - DatanodeDetails is persisted to /workdir/hadoop-ozone/integration-test/target/test-dir/MiniOzoneClusterImpl-d4a22fe7-9819-4ee7-a95f-4f3286bed485/datanode-1/meta/datanode.id
2019-10-04 06:11:43,041 [main] INFO  volume.HddsVolume (HddsVolume.java:<init>(176)) - Creating Volume: /workdir/hadoop-ozone/integration-test/target/test-dir/MiniOzoneClusterImpl-d4a22fe7-9819-4ee7-a95f-4f3286bed485/datanode-2/data/containers/hdds of  storage type : DISK and capacity : 1482555576320
2019-10-04 06:11:43,041 [main] INFO  volume.VolumeSet (VolumeSet.java:initializeVolumeSet(170)) - Added Volume : /workdir/hadoop-ozone/integration-test/target/test-dir/MiniOzoneClusterImpl-d4a22fe7-9819-4ee7-a95f-4f3286bed485/datanode-2/data/containers/hdds to VolumeSet
2019-10-04 06:11:43,041 [main] INFO  volume.ThrottledAsyncChecker (ThrottledAsyncChecker.java:schedule(139)) - Scheduling a check for org.apache.hadoop.ozone.container.common.volume.HddsVolume@47187f50
2019-10-04 06:11:43,043 [main] INFO  volume.HddsVolumeChecker (HddsVolumeChecker.java:checkAllVolumes(202)) - Scheduled health check for volume org.apache.hadoop.ozone.container.common.volume.HddsVolume@47187f50
2019-10-04 06:11:43,055 [main] INFO  impl.RaftServerProxy (ConfUtils.java:logGet(43)) - raft.rpc.type = GRPC (default)
2019-10-04 06:11:43,055 [main] INFO  grpc.GrpcFactory (GrpcFactory.java:checkPooledByteBufAllocatorUseCacheForAllThreads(45)) - PERFORMANCE WARNING: useCacheForAllThreads is true that may cause Netty to create a lot garbage objects and, as a result, trigger GC.
	It is recommended to disable useCacheForAllThreads by setting -Dorg.apache.ratis.thirdparty.io.netty.allocator.useCacheForAllThreads=false in command line.
2019-10-04 06:11:43,055 [main] INFO  grpc.GrpcConfigKeys$Server (ConfUtils.java:logGet(43)) - raft.grpc.server.port = 0 (default)
2019-10-04 06:11:43,055 [main] INFO  server.GrpcService (ConfUtils.java:logGet(43)) - raft.grpc.message.size.max = 33570816 (custom)
2019-10-04 06:11:43,056 [main] INFO  server.RaftServerConfigKeys (ConfUtils.java:logGet(43)) - raft.server.log.appender.buffer.byte-limit = 33554432 (custom)
2019-10-04 06:11:43,056 [main] INFO  server.GrpcService (ConfUtils.java:logGet(43)) - raft.grpc.flow.control.window = 1MB (=1048576) (default)
2019-10-04 06:11:43,056 [main] INFO  server.RaftServerConfigKeys (ConfUtils.java:logGet(43)) - raft.server.rpc.request.timeout = 3000ms (default)
2019-10-04 06:11:43,056 [main] INFO  server.RaftServerConfigKeys (ConfUtils.java:logGet(43)) - raft.server.storage.dir = [/workdir/hadoop-ozone/integration-test/target/test-dir/MiniOzoneClusterImpl-d4a22fe7-9819-4ee7-a95f-4f3286bed485/datanode-2/data/ratis] (custom)
2019-10-04 06:11:43,057 [main] INFO  hdfs.DFSUtil (DFSUtil.java:httpServerTemplateForNNAndJN(1641)) - Starting Web-server for hddsDatanode at: http://0.0.0.0:0
2019-10-04 06:11:43,058 [main] INFO  server.AuthenticationFilter (AuthenticationFilter.java:constructSecretProvider(240)) - Unable to initialize FileSignerSecretProvider, falling back to use random secrets.
2019-10-04 06:11:43,059 [main] WARN  http.HttpRequestLog (HttpRequestLog.java:getRequestLog(97)) - Jetty request log can only be enabled using Log4j
2019-10-04 06:11:43,060 [main] INFO  http.HttpServer2 (HttpServer2.java:addGlobalFilter(975)) - Added global filter 'safety' (class=org.apache.hadoop.http.HttpServer2$QuotingInputFilter)
2019-10-04 06:11:43,060 [main] INFO  http.HttpServer2 (HttpServer2.java:addFilter(948)) - Added filter static_user_filter (class=org.apache.hadoop.http.lib.StaticUserWebFilter$StaticUserFilter) to context hddsDatanode
2019-10-04 06:11:43,061 [main] INFO  http.HttpServer2 (HttpServer2.java:addFilter(958)) - Added filter static_user_filter (class=org.apache.hadoop.http.lib.StaticUserWebFilter$StaticUserFilter) to context logs
2019-10-04 06:11:43,061 [main] INFO  http.HttpServer2 (HttpServer2.java:addFilter(958)) - Added filter static_user_filter (class=org.apache.hadoop.http.lib.StaticUserWebFilter$StaticUserFilter) to context static
2019-10-04 06:11:43,061 [main] INFO  http.HttpServer2 (HttpServer2.java:bindListener(1191)) - Jetty bound to port 42910
2019-10-04 06:11:43,061 [main] INFO  server.Server (Server.java:doStart(351)) - jetty-9.3.25.v20180904, build timestamp: 2018-09-04T21:11:46Z, git hash: 3ce520221d0240229c862b122d2b06c12a625732
2019-10-04 06:11:43,063 [main] INFO  handler.ContextHandler (ContextHandler.java:doStart(781)) - Started o.e.j.s.ServletContextHandler@256589a1{/logs,file:///workdir/hadoop-ozone/integration-test/target/log,AVAILABLE}
2019-10-04 06:11:43,063 [main] INFO  handler.ContextHandler (ContextHandler.java:doStart(781)) - Started o.e.j.s.ServletContextHandler@9b367c8{/static,jar:file:/home/user/.m2/repository/org/apache/hadoop/hadoop-hdds-container-service/0.5.0-SNAPSHOT/hadoop-hdds-container-service-0.5.0-SNAPSHOT.jar!/webapps/static,AVAILABLE}
2019-10-04 06:11:43,092 [main] INFO  handler.ContextHandler (ContextHandler.java:doStart(781)) - Started o.e.j.w.WebAppContext@6cc48a17{/,file:///tmp/jetty-0.0.0.0-42910-hddsDatanode-_-any-4635188490101009531.dir/webapp/,AVAILABLE}{/hddsDatanode}
2019-10-04 06:11:43,092 [main] INFO  server.AbstractConnector (AbstractConnector.java:doStart(278)) - Started ServerConnector@289f15e9{HTTP/1.1,[http/1.1]}{0.0.0.0:42910}
2019-10-04 06:11:43,093 [main] INFO  server.Server (Server.java:doStart(419)) - Started @553664ms
2019-10-04 06:11:43,094 [main] WARN  impl.MetricsSystemImpl (MetricsSystemImpl.java:register(276)) - Sink prometheus already exists!
2019-10-04 06:11:43,095 [main] INFO  server.BaseHttpServer (BaseHttpServer.java:updateConnectorAddress(215)) - HTTP server of HDDSDATANODE is listening at http://0.0.0.0:42910
2019-10-04 06:11:43,095 [main] INFO  impl.MetricsSystemImpl (MetricsSystemImpl.java:init(158)) - HddsDatanode metrics system started (again)
2019-10-04 06:11:43,099 [org.apache.hadoop.util.JvmPauseMonitor$Monitor@4f8cb9e5] INFO  util.JvmPauseMonitor (JvmPauseMonitor.java:run(188)) - Starting JVM pause monitor
2019-10-04 06:11:43,099 [main] INFO  ozone.HddsDatanodeService (HddsDatanodeService.java:start(184)) - HddsDatanodeService host:trunk-nightly-20191004-lpvmn-70278721 ip:192.168.151.69
2019-10-04 06:11:43,100 [Datanode State Machine Thread - 0] INFO  datanode.InitDatanodeState (InitDatanodeState.java:persistContainerDatanodeDetails(140)) - DatanodeDetails is persisted to /workdir/hadoop-ozone/integration-test/target/test-dir/MiniOzoneClusterImpl-d4a22fe7-9819-4ee7-a95f-4f3286bed485/datanode-2/meta/datanode.id
2019-10-04 06:11:43,105 [main] INFO  volume.HddsVolume (HddsVolume.java:<init>(176)) - Creating Volume: /workdir/hadoop-ozone/integration-test/target/test-dir/MiniOzoneClusterImpl-d4a22fe7-9819-4ee7-a95f-4f3286bed485/datanode-3/data/containers/hdds of  storage type : DISK and capacity : 1482555576320
2019-10-04 06:11:43,106 [main] INFO  volume.VolumeSet (VolumeSet.java:initializeVolumeSet(170)) - Added Volume : /workdir/hadoop-ozone/integration-test/target/test-dir/MiniOzoneClusterImpl-d4a22fe7-9819-4ee7-a95f-4f3286bed485/datanode-3/data/containers/hdds to VolumeSet
2019-10-04 06:11:43,106 [main] INFO  volume.ThrottledAsyncChecker (ThrottledAsyncChecker.java:schedule(139)) - Scheduling a check for org.apache.hadoop.ozone.container.common.volume.HddsVolume@73a845cb
2019-10-04 06:11:43,106 [main] INFO  volume.HddsVolumeChecker (HddsVolumeChecker.java:checkAllVolumes(202)) - Scheduled health check for volume org.apache.hadoop.ozone.container.common.volume.HddsVolume@73a845cb
2019-10-04 06:11:43,120 [main] INFO  impl.RaftServerProxy (ConfUtils.java:logGet(43)) - raft.rpc.type = GRPC (default)
2019-10-04 06:11:43,120 [main] INFO  grpc.GrpcFactory (GrpcFactory.java:checkPooledByteBufAllocatorUseCacheForAllThreads(45)) - PERFORMANCE WARNING: useCacheForAllThreads is true that may cause Netty to create a lot garbage objects and, as a result, trigger GC.
	It is recommended to disable useCacheForAllThreads by setting -Dorg.apache.ratis.thirdparty.io.netty.allocator.useCacheForAllThreads=false in command line.
2019-10-04 06:11:43,120 [main] INFO  grpc.GrpcConfigKeys$Server (ConfUtils.java:logGet(43)) - raft.grpc.server.port = 0 (default)
2019-10-04 06:11:43,121 [main] INFO  server.GrpcService (ConfUtils.java:logGet(43)) - raft.grpc.message.size.max = 33570816 (custom)
2019-10-04 06:11:43,121 [main] INFO  server.RaftServerConfigKeys (ConfUtils.java:logGet(43)) - raft.server.log.appender.buffer.byte-limit = 33554432 (custom)
2019-10-04 06:11:43,121 [main] INFO  server.GrpcService (ConfUtils.java:logGet(43)) - raft.grpc.flow.control.window = 1MB (=1048576) (default)
2019-10-04 06:11:43,122 [main] INFO  server.RaftServerConfigKeys (ConfUtils.java:logGet(43)) - raft.server.rpc.request.timeout = 3000ms (default)
2019-10-04 06:11:43,122 [main] INFO  server.RaftServerConfigKeys (ConfUtils.java:logGet(43)) - raft.server.storage.dir = [/workdir/hadoop-ozone/integration-test/target/test-dir/MiniOzoneClusterImpl-d4a22fe7-9819-4ee7-a95f-4f3286bed485/datanode-3/data/ratis] (custom)
2019-10-04 06:11:43,123 [main] INFO  hdfs.DFSUtil (DFSUtil.java:httpServerTemplateForNNAndJN(1641)) - Starting Web-server for hddsDatanode at: http://0.0.0.0:0
2019-10-04 06:11:43,124 [main] INFO  server.AuthenticationFilter (AuthenticationFilter.java:constructSecretProvider(240)) - Unable to initialize FileSignerSecretProvider, falling back to use random secrets.
2019-10-04 06:11:43,125 [main] WARN  http.HttpRequestLog (HttpRequestLog.java:getRequestLog(97)) - Jetty request log can only be enabled using Log4j
2019-10-04 06:11:43,126 [main] INFO  http.HttpServer2 (HttpServer2.java:addGlobalFilter(975)) - Added global filter 'safety' (class=org.apache.hadoop.http.HttpServer2$QuotingInputFilter)
2019-10-04 06:11:43,126 [main] INFO  http.HttpServer2 (HttpServer2.java:addFilter(948)) - Added filter static_user_filter (class=org.apache.hadoop.http.lib.StaticUserWebFilter$StaticUserFilter) to context hddsDatanode
2019-10-04 06:11:43,126 [main] INFO  http.HttpServer2 (HttpServer2.java:addFilter(958)) - Added filter static_user_filter (class=org.apache.hadoop.http.lib.StaticUserWebFilter$StaticUserFilter) to context logs
2019-10-04 06:11:43,126 [main] INFO  http.HttpServer2 (HttpServer2.java:addFilter(958)) - Added filter static_user_filter (class=org.apache.hadoop.http.lib.StaticUserWebFilter$StaticUserFilter) to context static
2019-10-04 06:11:43,127 [main] INFO  http.HttpServer2 (HttpServer2.java:bindListener(1191)) - Jetty bound to port 33873
2019-10-04 06:11:43,127 [main] INFO  server.Server (Server.java:doStart(351)) - jetty-9.3.25.v20180904, build timestamp: 2018-09-04T21:11:46Z, git hash: 3ce520221d0240229c862b122d2b06c12a625732
2019-10-04 06:11:43,128 [main] INFO  handler.ContextHandler (ContextHandler.java:doStart(781)) - Started o.e.j.s.ServletContextHandler@2ab09943{/logs,file:///workdir/hadoop-ozone/integration-test/target/log,AVAILABLE}
2019-10-04 06:11:43,129 [main] INFO  handler.ContextHandler (ContextHandler.java:doStart(781)) - Started o.e.j.s.ServletContextHandler@5864e8bf{/static,jar:file:/home/user/.m2/repository/org/apache/hadoop/hadoop-hdds-container-service/0.5.0-SNAPSHOT/hadoop-hdds-container-service-0.5.0-SNAPSHOT.jar!/webapps/static,AVAILABLE}
2019-10-04 06:11:43,157 [main] INFO  handler.ContextHandler (ContextHandler.java:doStart(781)) - Started o.e.j.w.WebAppContext@621f23ac{/,file:///tmp/jetty-0.0.0.0-33873-hddsDatanode-_-any-1698915090627863401.dir/webapp/,AVAILABLE}{/hddsDatanode}
2019-10-04 06:11:43,158 [main] INFO  server.AbstractConnector (AbstractConnector.java:doStart(278)) - Started ServerConnector@7761e342{HTTP/1.1,[http/1.1]}{0.0.0.0:33873}
2019-10-04 06:11:43,159 [main] INFO  server.Server (Server.java:doStart(419)) - Started @553730ms
2019-10-04 06:11:43,159 [main] WARN  impl.MetricsSystemImpl (MetricsSystemImpl.java:register(276)) - Sink prometheus already exists!
2019-10-04 06:11:43,160 [main] INFO  server.BaseHttpServer (BaseHttpServer.java:updateConnectorAddress(215)) - HTTP server of HDDSDATANODE is listening at http://0.0.0.0:33873
2019-10-04 06:11:43,160 [main] INFO  impl.MetricsSystemImpl (MetricsSystemImpl.java:init(158)) - HddsDatanode metrics system started (again)
2019-10-04 06:11:43,165 [main] INFO  ozone.HddsDatanodeService (HddsDatanodeService.java:start(184)) - HddsDatanodeService host:trunk-nightly-20191004-lpvmn-70278721 ip:192.168.151.69
2019-10-04 06:11:43,165 [org.apache.hadoop.util.JvmPauseMonitor$Monitor@71f7defb] INFO  util.JvmPauseMonitor (JvmPauseMonitor.java:run(188)) - Starting JVM pause monitor
2019-10-04 06:11:43,166 [Datanode State Machine Thread - 0] INFO  datanode.InitDatanodeState (InitDatanodeState.java:persistContainerDatanodeDetails(140)) - DatanodeDetails is persisted to /workdir/hadoop-ozone/integration-test/target/test-dir/MiniOzoneClusterImpl-d4a22fe7-9819-4ee7-a95f-4f3286bed485/datanode-3/meta/datanode.id
2019-10-04 06:11:43,172 [main] INFO  volume.HddsVolume (HddsVolume.java:<init>(176)) - Creating Volume: /workdir/hadoop-ozone/integration-test/target/test-dir/MiniOzoneClusterImpl-d4a22fe7-9819-4ee7-a95f-4f3286bed485/datanode-4/data/containers/hdds of  storage type : DISK and capacity : 1482555576320
2019-10-04 06:11:43,172 [main] INFO  volume.VolumeSet (VolumeSet.java:initializeVolumeSet(170)) - Added Volume : /workdir/hadoop-ozone/integration-test/target/test-dir/MiniOzoneClusterImpl-d4a22fe7-9819-4ee7-a95f-4f3286bed485/datanode-4/data/containers/hdds to VolumeSet
2019-10-04 06:11:43,172 [main] INFO  volume.ThrottledAsyncChecker (ThrottledAsyncChecker.java:schedule(139)) - Scheduling a check for org.apache.hadoop.ozone.container.common.volume.HddsVolume@3f68a7f8
2019-10-04 06:11:43,173 [main] INFO  volume.HddsVolumeChecker (HddsVolumeChecker.java:checkAllVolumes(202)) - Scheduled health check for volume org.apache.hadoop.ozone.container.common.volume.HddsVolume@3f68a7f8
2019-10-04 06:11:43,187 [main] INFO  impl.RaftServerProxy (ConfUtils.java:logGet(43)) - raft.rpc.type = GRPC (default)
2019-10-04 06:11:43,187 [main] INFO  grpc.GrpcFactory (GrpcFactory.java:checkPooledByteBufAllocatorUseCacheForAllThreads(45)) - PERFORMANCE WARNING: useCacheForAllThreads is true that may cause Netty to create a lot garbage objects and, as a result, trigger GC.
	It is recommended to disable useCacheForAllThreads by setting -Dorg.apache.ratis.thirdparty.io.netty.allocator.useCacheForAllThreads=false in command line.
2019-10-04 06:11:43,188 [main] INFO  grpc.GrpcConfigKeys$Server (ConfUtils.java:logGet(43)) - raft.grpc.server.port = 0 (default)
2019-10-04 06:11:43,188 [main] INFO  server.GrpcService (ConfUtils.java:logGet(43)) - raft.grpc.message.size.max = 33570816 (custom)
2019-10-04 06:11:43,188 [main] INFO  server.RaftServerConfigKeys (ConfUtils.java:logGet(43)) - raft.server.log.appender.buffer.byte-limit = 33554432 (custom)
2019-10-04 06:11:43,188 [main] INFO  server.GrpcService (ConfUtils.java:logGet(43)) - raft.grpc.flow.control.window = 1MB (=1048576) (default)
2019-10-04 06:11:43,188 [main] INFO  server.RaftServerConfigKeys (ConfUtils.java:logGet(43)) - raft.server.rpc.request.timeout = 3000ms (default)
2019-10-04 06:11:43,188 [main] INFO  server.RaftServerConfigKeys (ConfUtils.java:logGet(43)) - raft.server.storage.dir = [/workdir/hadoop-ozone/integration-test/target/test-dir/MiniOzoneClusterImpl-d4a22fe7-9819-4ee7-a95f-4f3286bed485/datanode-4/data/ratis] (custom)
2019-10-04 06:11:43,190 [main] INFO  hdfs.DFSUtil (DFSUtil.java:httpServerTemplateForNNAndJN(1641)) - Starting Web-server for hddsDatanode at: http://0.0.0.0:0
2019-10-04 06:11:43,191 [main] INFO  server.AuthenticationFilter (AuthenticationFilter.java:constructSecretProvider(240)) - Unable to initialize FileSignerSecretProvider, falling back to use random secrets.
2019-10-04 06:11:43,192 [main] WARN  http.HttpRequestLog (HttpRequestLog.java:getRequestLog(97)) - Jetty request log can only be enabled using Log4j
2019-10-04 06:11:43,194 [main] INFO  http.HttpServer2 (HttpServer2.java:addGlobalFilter(975)) - Added global filter 'safety' (class=org.apache.hadoop.http.HttpServer2$QuotingInputFilter)
2019-10-04 06:11:43,194 [main] INFO  http.HttpServer2 (HttpServer2.java:addFilter(948)) - Added filter static_user_filter (class=org.apache.hadoop.http.lib.StaticUserWebFilter$StaticUserFilter) to context hddsDatanode
2019-10-04 06:11:43,195 [main] INFO  http.HttpServer2 (HttpServer2.java:addFilter(958)) - Added filter static_user_filter (class=org.apache.hadoop.http.lib.StaticUserWebFilter$StaticUserFilter) to context logs
2019-10-04 06:11:43,195 [main] INFO  http.HttpServer2 (HttpServer2.java:addFilter(958)) - Added filter static_user_filter (class=org.apache.hadoop.http.lib.StaticUserWebFilter$StaticUserFilter) to context static
2019-10-04 06:11:43,196 [main] INFO  http.HttpServer2 (HttpServer2.java:bindListener(1191)) - Jetty bound to port 44002
2019-10-04 06:11:43,196 [main] INFO  server.Server (Server.java:doStart(351)) - jetty-9.3.25.v20180904, build timestamp: 2018-09-04T21:11:46Z, git hash: 3ce520221d0240229c862b122d2b06c12a625732
2019-10-04 06:11:43,198 [main] INFO  handler.ContextHandler (ContextHandler.java:doStart(781)) - Started o.e.j.s.ServletContextHandler@73e1ecd0{/logs,file:///workdir/hadoop-ozone/integration-test/target/log,AVAILABLE}
2019-10-04 06:11:43,198 [main] INFO  handler.ContextHandler (ContextHandler.java:doStart(781)) - Started o.e.j.s.ServletContextHandler@65600fb3{/static,jar:file:/home/user/.m2/repository/org/apache/hadoop/hadoop-hdds-container-service/0.5.0-SNAPSHOT/hadoop-hdds-container-service-0.5.0-SNAPSHOT.jar!/webapps/static,AVAILABLE}
2019-10-04 06:11:43,223 [main] INFO  handler.ContextHandler (ContextHandler.java:doStart(781)) - Started o.e.j.w.WebAppContext@4c635edc{/,file:///tmp/jetty-0.0.0.0-44002-hddsDatanode-_-any-1116735071543141481.dir/webapp/,AVAILABLE}{/hddsDatanode}
2019-10-04 06:11:43,223 [main] INFO  server.AbstractConnector (AbstractConnector.java:doStart(278)) - Started ServerConnector@4245bf68{HTTP/1.1,[http/1.1]}{0.0.0.0:44002}
2019-10-04 06:11:43,225 [main] INFO  server.Server (Server.java:doStart(419)) - Started @553795ms
2019-10-04 06:11:43,225 [main] WARN  impl.MetricsSystemImpl (MetricsSystemImpl.java:register(276)) - Sink prometheus already exists!
2019-10-04 06:11:43,226 [main] INFO  server.BaseHttpServer (BaseHttpServer.java:updateConnectorAddress(215)) - HTTP server of HDDSDATANODE is listening at http://0.0.0.0:44002
2019-10-04 06:11:43,226 [main] INFO  impl.MetricsSystemImpl (MetricsSystemImpl.java:init(158)) - HddsDatanode metrics system started (again)
2019-10-04 06:11:43,233 [org.apache.hadoop.util.JvmPauseMonitor$Monitor@2f017e40] INFO  util.JvmPauseMonitor (JvmPauseMonitor.java:run(188)) - Starting JVM pause monitor
2019-10-04 06:11:43,234 [main] INFO  ozone.HddsDatanodeService (HddsDatanodeService.java:start(184)) - HddsDatanodeService host:trunk-nightly-20191004-lpvmn-70278721 ip:192.168.151.69
2019-10-04 06:11:43,234 [Datanode State Machine Thread - 0] INFO  datanode.InitDatanodeState (InitDatanodeState.java:persistContainerDatanodeDetails(140)) - DatanodeDetails is persisted to /workdir/hadoop-ozone/integration-test/target/test-dir/MiniOzoneClusterImpl-d4a22fe7-9819-4ee7-a95f-4f3286bed485/datanode-4/meta/datanode.id
2019-10-04 06:11:43,241 [main] INFO  volume.HddsVolume (HddsVolume.java:<init>(176)) - Creating Volume: /workdir/hadoop-ozone/integration-test/target/test-dir/MiniOzoneClusterImpl-d4a22fe7-9819-4ee7-a95f-4f3286bed485/datanode-5/data/containers/hdds of  storage type : DISK and capacity : 1482555576320
2019-10-04 06:11:43,241 [main] INFO  volume.VolumeSet (VolumeSet.java:initializeVolumeSet(170)) - Added Volume : /workdir/hadoop-ozone/integration-test/target/test-dir/MiniOzoneClusterImpl-d4a22fe7-9819-4ee7-a95f-4f3286bed485/datanode-5/data/containers/hdds to VolumeSet
2019-10-04 06:11:43,242 [main] INFO  volume.ThrottledAsyncChecker (ThrottledAsyncChecker.java:schedule(139)) - Scheduling a check for org.apache.hadoop.ozone.container.common.volume.HddsVolume@5fb5ad40
2019-10-04 06:11:43,242 [main] INFO  volume.HddsVolumeChecker (HddsVolumeChecker.java:checkAllVolumes(202)) - Scheduled health check for volume org.apache.hadoop.ozone.container.common.volume.HddsVolume@5fb5ad40
2019-10-04 06:11:43,262 [main] INFO  impl.RaftServerProxy (ConfUtils.java:logGet(43)) - raft.rpc.type = GRPC (default)
2019-10-04 06:11:43,262 [main] INFO  grpc.GrpcFactory (GrpcFactory.java:checkPooledByteBufAllocatorUseCacheForAllThreads(45)) - PERFORMANCE WARNING: useCacheForAllThreads is true that may cause Netty to create a lot garbage objects and, as a result, trigger GC.
	It is recommended to disable useCacheForAllThreads by setting -Dorg.apache.ratis.thirdparty.io.netty.allocator.useCacheForAllThreads=false in command line.
2019-10-04 06:11:43,262 [main] INFO  grpc.GrpcConfigKeys$Server (ConfUtils.java:logGet(43)) - raft.grpc.server.port = 0 (default)
2019-10-04 06:11:43,262 [main] INFO  server.GrpcService (ConfUtils.java:logGet(43)) - raft.grpc.message.size.max = 33570816 (custom)
2019-10-04 06:11:43,263 [main] INFO  server.RaftServerConfigKeys (ConfUtils.java:logGet(43)) - raft.server.log.appender.buffer.byte-limit = 33554432 (custom)
2019-10-04 06:11:43,263 [main] INFO  server.GrpcService (ConfUtils.java:logGet(43)) - raft.grpc.flow.control.window = 1MB (=1048576) (default)
2019-10-04 06:11:43,263 [main] INFO  server.RaftServerConfigKeys (ConfUtils.java:logGet(43)) - raft.server.rpc.request.timeout = 3000ms (default)
2019-10-04 06:11:43,264 [main] INFO  server.RaftServerConfigKeys (ConfUtils.java:logGet(43)) - raft.server.storage.dir = [/workdir/hadoop-ozone/integration-test/target/test-dir/MiniOzoneClusterImpl-d4a22fe7-9819-4ee7-a95f-4f3286bed485/datanode-5/data/ratis] (custom)
2019-10-04 06:11:43,267 [main] INFO  hdfs.DFSUtil (DFSUtil.java:httpServerTemplateForNNAndJN(1641)) - Starting Web-server for hddsDatanode at: http://0.0.0.0:0
2019-10-04 06:11:43,268 [main] INFO  server.AuthenticationFilter (AuthenticationFilter.java:constructSecretProvider(240)) - Unable to initialize FileSignerSecretProvider, falling back to use random secrets.
2019-10-04 06:11:43,269 [main] WARN  http.HttpRequestLog (HttpRequestLog.java:getRequestLog(97)) - Jetty request log can only be enabled using Log4j
2019-10-04 06:11:43,270 [main] INFO  http.HttpServer2 (HttpServer2.java:addGlobalFilter(975)) - Added global filter 'safety' (class=org.apache.hadoop.http.HttpServer2$QuotingInputFilter)
2019-10-04 06:11:43,271 [main] INFO  http.HttpServer2 (HttpServer2.java:addFilter(948)) - Added filter static_user_filter (class=org.apache.hadoop.http.lib.StaticUserWebFilter$StaticUserFilter) to context hddsDatanode
2019-10-04 06:11:43,271 [main] INFO  http.HttpServer2 (HttpServer2.java:addFilter(958)) - Added filter static_user_filter (class=org.apache.hadoop.http.lib.StaticUserWebFilter$StaticUserFilter) to context static
2019-10-04 06:11:43,271 [main] INFO  http.HttpServer2 (HttpServer2.java:addFilter(958)) - Added filter static_user_filter (class=org.apache.hadoop.http.lib.StaticUserWebFilter$StaticUserFilter) to context logs
2019-10-04 06:11:43,272 [main] INFO  http.HttpServer2 (HttpServer2.java:bindListener(1191)) - Jetty bound to port 36852
2019-10-04 06:11:43,272 [main] INFO  server.Server (Server.java:doStart(351)) - jetty-9.3.25.v20180904, build timestamp: 2018-09-04T21:11:46Z, git hash: 3ce520221d0240229c862b122d2b06c12a625732
2019-10-04 06:11:43,274 [main] INFO  handler.ContextHandler (ContextHandler.java:doStart(781)) - Started o.e.j.s.ServletContextHandler@35f7969d{/logs,file:///workdir/hadoop-ozone/integration-test/target/log,AVAILABLE}
2019-10-04 06:11:43,274 [main] INFO  handler.ContextHandler (ContextHandler.java:doStart(781)) - Started o.e.j.s.ServletContextHandler@47569167{/static,jar:file:/home/user/.m2/repository/org/apache/hadoop/hadoop-hdds-container-service/0.5.0-SNAPSHOT/hadoop-hdds-container-service-0.5.0-SNAPSHOT.jar!/webapps/static,AVAILABLE}
2019-10-04 06:11:43,319 [main] INFO  handler.ContextHandler (ContextHandler.java:doStart(781)) - Started o.e.j.w.WebAppContext@5d2a86c0{/,file:///tmp/jetty-0.0.0.0-36852-hddsDatanode-_-any-4993864521290275246.dir/webapp/,AVAILABLE}{/hddsDatanode}
2019-10-04 06:11:43,320 [main] INFO  server.AbstractConnector (AbstractConnector.java:doStart(278)) - Started ServerConnector@5ba1b62e{HTTP/1.1,[http/1.1]}{0.0.0.0:36852}
2019-10-04 06:11:43,322 [main] INFO  server.Server (Server.java:doStart(419)) - Started @553893ms
2019-10-04 06:11:43,322 [main] WARN  impl.MetricsSystemImpl (MetricsSystemImpl.java:register(276)) - Sink prometheus already exists!
2019-10-04 06:11:43,323 [main] INFO  server.BaseHttpServer (BaseHttpServer.java:updateConnectorAddress(215)) - HTTP server of HDDSDATANODE is listening at http://0.0.0.0:36852
2019-10-04 06:11:43,323 [main] INFO  impl.MetricsSystemImpl (MetricsSystemImpl.java:init(158)) - HddsDatanode metrics system started (again)
2019-10-04 06:11:43,329 [org.apache.hadoop.util.JvmPauseMonitor$Monitor@730d2f99] INFO  util.JvmPauseMonitor (JvmPauseMonitor.java:run(188)) - Starting JVM pause monitor
2019-10-04 06:11:43,329 [main] INFO  ozone.HddsDatanodeService (HddsDatanodeService.java:start(184)) - HddsDatanodeService host:trunk-nightly-20191004-lpvmn-70278721 ip:192.168.151.69
2019-10-04 06:11:43,330 [Datanode State Machine Thread - 0] INFO  datanode.InitDatanodeState (InitDatanodeState.java:persistContainerDatanodeDetails(140)) - DatanodeDetails is persisted to /workdir/hadoop-ozone/integration-test/target/test-dir/MiniOzoneClusterImpl-d4a22fe7-9819-4ee7-a95f-4f3286bed485/datanode-5/meta/datanode.id
2019-10-04 06:11:43,337 [main] INFO  volume.HddsVolume (HddsVolume.java:<init>(176)) - Creating Volume: /workdir/hadoop-ozone/integration-test/target/test-dir/MiniOzoneClusterImpl-d4a22fe7-9819-4ee7-a95f-4f3286bed485/datanode-6/data/containers/hdds of  storage type : DISK and capacity : 1482555576320
2019-10-04 06:11:43,337 [main] INFO  volume.VolumeSet (VolumeSet.java:initializeVolumeSet(170)) - Added Volume : /workdir/hadoop-ozone/integration-test/target/test-dir/MiniOzoneClusterImpl-d4a22fe7-9819-4ee7-a95f-4f3286bed485/datanode-6/data/containers/hdds to VolumeSet
2019-10-04 06:11:43,337 [main] INFO  volume.ThrottledAsyncChecker (ThrottledAsyncChecker.java:schedule(139)) - Scheduling a check for org.apache.hadoop.ozone.container.common.volume.HddsVolume@d36c1c3
2019-10-04 06:11:43,338 [main] INFO  volume.HddsVolumeChecker (HddsVolumeChecker.java:checkAllVolumes(202)) - Scheduled health check for volume org.apache.hadoop.ozone.container.common.volume.HddsVolume@d36c1c3
2019-10-04 06:11:43,353 [main] INFO  impl.RaftServerProxy (ConfUtils.java:logGet(43)) - raft.rpc.type = GRPC (default)
2019-10-04 06:11:43,353 [main] INFO  grpc.GrpcFactory (GrpcFactory.java:checkPooledByteBufAllocatorUseCacheForAllThreads(45)) - PERFORMANCE WARNING: useCacheForAllThreads is true that may cause Netty to create a lot garbage objects and, as a result, trigger GC.
	It is recommended to disable useCacheForAllThreads by setting -Dorg.apache.ratis.thirdparty.io.netty.allocator.useCacheForAllThreads=false in command line.
2019-10-04 06:11:43,353 [main] INFO  grpc.GrpcConfigKeys$Server (ConfUtils.java:logGet(43)) - raft.grpc.server.port = 0 (default)
2019-10-04 06:11:43,353 [main] INFO  server.GrpcService (ConfUtils.java:logGet(43)) - raft.grpc.message.size.max = 33570816 (custom)
2019-10-04 06:11:43,353 [main] INFO  server.RaftServerConfigKeys (ConfUtils.java:logGet(43)) - raft.server.log.appender.buffer.byte-limit = 33554432 (custom)
2019-10-04 06:11:43,353 [main] INFO  server.GrpcService (ConfUtils.java:logGet(43)) - raft.grpc.flow.control.window = 1MB (=1048576) (default)
2019-10-04 06:11:43,354 [main] INFO  server.RaftServerConfigKeys (ConfUtils.java:logGet(43)) - raft.server.rpc.request.timeout = 3000ms (default)
2019-10-04 06:11:43,354 [main] INFO  server.RaftServerConfigKeys (ConfUtils.java:logGet(43)) - raft.server.storage.dir = [/workdir/hadoop-ozone/integration-test/target/test-dir/MiniOzoneClusterImpl-d4a22fe7-9819-4ee7-a95f-4f3286bed485/datanode-6/data/ratis] (custom)
2019-10-04 06:11:43,355 [main] INFO  hdfs.DFSUtil (DFSUtil.java:httpServerTemplateForNNAndJN(1641)) - Starting Web-server for hddsDatanode at: http://0.0.0.0:0
2019-10-04 06:11:43,356 [main] INFO  server.AuthenticationFilter (AuthenticationFilter.java:constructSecretProvider(240)) - Unable to initialize FileSignerSecretProvider, falling back to use random secrets.
2019-10-04 06:11:43,356 [main] WARN  http.HttpRequestLog (HttpRequestLog.java:getRequestLog(97)) - Jetty request log can only be enabled using Log4j
2019-10-04 06:11:43,358 [main] INFO  http.HttpServer2 (HttpServer2.java:addGlobalFilter(975)) - Added global filter 'safety' (class=org.apache.hadoop.http.HttpServer2$QuotingInputFilter)
2019-10-04 06:11:43,358 [main] INFO  http.HttpServer2 (HttpServer2.java:addFilter(948)) - Added filter static_user_filter (class=org.apache.hadoop.http.lib.StaticUserWebFilter$StaticUserFilter) to context hddsDatanode
2019-10-04 06:11:43,359 [main] INFO  http.HttpServer2 (HttpServer2.java:addFilter(958)) - Added filter static_user_filter (class=org.apache.hadoop.http.lib.StaticUserWebFilter$StaticUserFilter) to context logs
2019-10-04 06:11:43,359 [main] INFO  http.HttpServer2 (HttpServer2.java:addFilter(958)) - Added filter static_user_filter (class=org.apache.hadoop.http.lib.StaticUserWebFilter$StaticUserFilter) to context static
2019-10-04 06:11:43,359 [main] INFO  http.HttpServer2 (HttpServer2.java:bindListener(1191)) - Jetty bound to port 45409
2019-10-04 06:11:43,359 [main] INFO  server.Server (Server.java:doStart(351)) - jetty-9.3.25.v20180904, build timestamp: 2018-09-04T21:11:46Z, git hash: 3ce520221d0240229c862b122d2b06c12a625732
2019-10-04 06:11:43,361 [main] INFO  handler.ContextHandler (ContextHandler.java:doStart(781)) - Started o.e.j.s.ServletContextHandler@4dd2ef54{/logs,file:///workdir/hadoop-ozone/integration-test/target/log,AVAILABLE}
2019-10-04 06:11:43,361 [main] INFO  handler.ContextHandler (ContextHandler.java:doStart(781)) - Started o.e.j.s.ServletContextHandler@359ceb13{/static,jar:file:/home/user/.m2/repository/org/apache/hadoop/hadoop-hdds-container-service/0.5.0-SNAPSHOT/hadoop-hdds-container-service-0.5.0-SNAPSHOT.jar!/webapps/static,AVAILABLE}
2019-10-04 06:11:43,393 [main] INFO  handler.ContextHandler (ContextHandler.java:doStart(781)) - Started o.e.j.w.WebAppContext@c97721b{/,file:///tmp/jetty-0.0.0.0-45409-hddsDatanode-_-any-8271175576993109.dir/webapp/,AVAILABLE}{/hddsDatanode}
2019-10-04 06:11:43,393 [main] INFO  server.AbstractConnector (AbstractConnector.java:doStart(278)) - Started ServerConnector@283ab206{HTTP/1.1,[http/1.1]}{0.0.0.0:45409}
2019-10-04 06:11:43,401 [main] INFO  server.Server (Server.java:doStart(419)) - Started @553972ms
2019-10-04 06:11:43,401 [main] WARN  impl.MetricsSystemImpl (MetricsSystemImpl.java:register(276)) - Sink prometheus already exists!
2019-10-04 06:11:43,402 [main] INFO  server.BaseHttpServer (BaseHttpServer.java:updateConnectorAddress(215)) - HTTP server of HDDSDATANODE is listening at http://0.0.0.0:45409
2019-10-04 06:11:43,402 [main] INFO  ozone.MiniOzoneClusterImpl (MiniOzoneClusterImpl.java:lambda$waitForClusterToBeReady$0(147)) - Waiting for cluster to be ready. Got 0 of 7 DN Heartbeats.
2019-10-04 06:11:43,404 [org.apache.hadoop.util.JvmPauseMonitor$Monitor@7f3fb720] INFO  util.JvmPauseMonitor (JvmPauseMonitor.java:run(188)) - Starting JVM pause monitor
2019-10-04 06:11:43,405 [Datanode State Machine Thread - 0] INFO  datanode.InitDatanodeState (InitDatanodeState.java:persistContainerDatanodeDetails(140)) - DatanodeDetails is persisted to /workdir/hadoop-ozone/integration-test/target/test-dir/MiniOzoneClusterImpl-d4a22fe7-9819-4ee7-a95f-4f3286bed485/datanode-6/meta/datanode.id
2019-10-04 06:11:44,403 [main] INFO  ozone.MiniOzoneClusterImpl (MiniOzoneClusterImpl.java:lambda$waitForClusterToBeReady$0(147)) - Waiting for cluster to be ready. Got 0 of 7 DN Heartbeats.
2019-10-04 06:11:44,977 [Datanode State Machine Thread - 0] INFO  ozoneimpl.OzoneContainer (OzoneContainer.java:start(217)) - Attempting to start container services.
2019-10-04 06:11:44,977 [Datanode State Machine Thread - 0] INFO  ozoneimpl.OzoneContainer (OzoneContainer.java:startContainerScrub(179)) - Background container scanner has been disabled.
2019-10-04 06:11:44,977 [Datanode State Machine Thread - 0] INFO  ratis.XceiverServerRatis (XceiverServerRatis.java:start(417)) - Starting XceiverServerRatis bf1ec5b5-3666-4735-9952-1715c6fefd75 at port 0
2019-10-04 06:11:44,983 [Datanode State Machine Thread - 0] INFO  impl.RaftServerProxy (RaftServerProxy.java:lambda$start$3(299)) - bf1ec5b5-3666-4735-9952-1715c6fefd75: start RPC server
2019-10-04 06:11:44,986 [Datanode State Machine Thread - 0] INFO  server.GrpcService (GrpcService.java:startImpl(158)) - bf1ec5b5-3666-4735-9952-1715c6fefd75: GrpcService started, listening on 0.0.0.0/0.0.0.0:34880
2019-10-04 06:11:44,986 [Datanode State Machine Thread - 0] INFO  ratis.XceiverServerRatis (XceiverServerRatis.java:start(427)) - XceiverServerRatis bf1ec5b5-3666-4735-9952-1715c6fefd75 is started using port 34880
2019-10-04 06:11:44,988 [Datanode State Machine Thread - 0] INFO  server.XceiverServerGrpc (XceiverServerGrpc.java:start(149)) - XceiverServerGrpc bf1ec5b5-3666-4735-9952-1715c6fefd75 is started using port 42556
2019-10-04 06:11:45,049 [Datanode State Machine Thread - 0] INFO  ozoneimpl.OzoneContainer (OzoneContainer.java:start(217)) - Attempting to start container services.
2019-10-04 06:11:45,050 [Datanode State Machine Thread - 0] INFO  ozoneimpl.OzoneContainer (OzoneContainer.java:startContainerScrub(179)) - Background container scanner has been disabled.
2019-10-04 06:11:45,050 [Datanode State Machine Thread - 0] INFO  ratis.XceiverServerRatis (XceiverServerRatis.java:start(417)) - Starting XceiverServerRatis 74712ee5-c933-4604-9105-8839fcc8eeda at port 0
2019-10-04 06:11:45,058 [Datanode State Machine Thread - 0] INFO  impl.RaftServerProxy (RaftServerProxy.java:lambda$start$3(299)) - 74712ee5-c933-4604-9105-8839fcc8eeda: start RPC server
2019-10-04 06:11:45,060 [Datanode State Machine Thread - 0] INFO  server.GrpcService (GrpcService.java:startImpl(158)) - 74712ee5-c933-4604-9105-8839fcc8eeda: GrpcService started, listening on 0.0.0.0/0.0.0.0:35461
2019-10-04 06:11:45,061 [Datanode State Machine Thread - 0] INFO  ratis.XceiverServerRatis (XceiverServerRatis.java:start(427)) - XceiverServerRatis 74712ee5-c933-4604-9105-8839fcc8eeda is started using port 35461
2019-10-04 06:11:45,061 [Datanode State Machine Thread - 0] INFO  server.XceiverServerGrpc (XceiverServerGrpc.java:start(149)) - XceiverServerGrpc 74712ee5-c933-4604-9105-8839fcc8eeda is started using port 44229
2019-10-04 06:11:45,113 [Datanode State Machine Thread - 0] INFO  ozoneimpl.OzoneContainer (OzoneContainer.java:start(217)) - Attempting to start container services.
2019-10-04 06:11:45,113 [Datanode State Machine Thread - 0] INFO  ozoneimpl.OzoneContainer (OzoneContainer.java:startContainerScrub(179)) - Background container scanner has been disabled.
2019-10-04 06:11:45,113 [Datanode State Machine Thread - 0] INFO  ratis.XceiverServerRatis (XceiverServerRatis.java:start(417)) - Starting XceiverServerRatis 527a20f0-e30e-4dab-a279-10d7b51e04de at port 0
2019-10-04 06:11:45,121 [Datanode State Machine Thread - 0] INFO  impl.RaftServerProxy (RaftServerProxy.java:lambda$start$3(299)) - 527a20f0-e30e-4dab-a279-10d7b51e04de: start RPC server
2019-10-04 06:11:45,124 [Datanode State Machine Thread - 0] INFO  server.GrpcService (GrpcService.java:startImpl(158)) - 527a20f0-e30e-4dab-a279-10d7b51e04de: GrpcService started, listening on 0.0.0.0/0.0.0.0:45574
2019-10-04 06:11:45,124 [Datanode State Machine Thread - 0] INFO  ratis.XceiverServerRatis (XceiverServerRatis.java:start(427)) - XceiverServerRatis 527a20f0-e30e-4dab-a279-10d7b51e04de is started using port 45574
2019-10-04 06:11:45,124 [Datanode State Machine Thread - 0] INFO  server.XceiverServerGrpc (XceiverServerGrpc.java:start(149)) - XceiverServerGrpc 527a20f0-e30e-4dab-a279-10d7b51e04de is started using port 45868
2019-10-04 06:11:45,179 [Datanode State Machine Thread - 0] INFO  ozoneimpl.OzoneContainer (OzoneContainer.java:start(217)) - Attempting to start container services.
2019-10-04 06:11:45,180 [Datanode State Machine Thread - 0] INFO  ozoneimpl.OzoneContainer (OzoneContainer.java:startContainerScrub(179)) - Background container scanner has been disabled.
2019-10-04 06:11:45,180 [Datanode State Machine Thread - 0] INFO  ratis.XceiverServerRatis (XceiverServerRatis.java:start(417)) - Starting XceiverServerRatis 362ad445-5bb7-42b7-b6c6-45b485604b6f at port 0
2019-10-04 06:11:45,187 [Datanode State Machine Thread - 0] INFO  impl.RaftServerProxy (RaftServerProxy.java:lambda$start$3(299)) - 362ad445-5bb7-42b7-b6c6-45b485604b6f: start RPC server
2019-10-04 06:11:45,189 [Datanode State Machine Thread - 0] INFO  server.GrpcService (GrpcService.java:startImpl(158)) - 362ad445-5bb7-42b7-b6c6-45b485604b6f: GrpcService started, listening on 0.0.0.0/0.0.0.0:42652
2019-10-04 06:11:45,189 [Datanode State Machine Thread - 0] INFO  ratis.XceiverServerRatis (XceiverServerRatis.java:start(427)) - XceiverServerRatis 362ad445-5bb7-42b7-b6c6-45b485604b6f is started using port 42652
2019-10-04 06:11:45,190 [Datanode State Machine Thread - 0] INFO  server.XceiverServerGrpc (XceiverServerGrpc.java:start(149)) - XceiverServerGrpc 362ad445-5bb7-42b7-b6c6-45b485604b6f is started using port 45486
2019-10-04 06:11:45,247 [Datanode State Machine Thread - 0] INFO  ozoneimpl.OzoneContainer (OzoneContainer.java:start(217)) - Attempting to start container services.
2019-10-04 06:11:45,247 [Datanode State Machine Thread - 0] INFO  ozoneimpl.OzoneContainer (OzoneContainer.java:startContainerScrub(179)) - Background container scanner has been disabled.
2019-10-04 06:11:45,247 [Datanode State Machine Thread - 0] INFO  ratis.XceiverServerRatis (XceiverServerRatis.java:start(417)) - Starting XceiverServerRatis 288ed734-8626-4a59-8dff-6a62ea6d04c9 at port 0
2019-10-04 06:11:45,255 [Datanode State Machine Thread - 0] INFO  impl.RaftServerProxy (RaftServerProxy.java:lambda$start$3(299)) - 288ed734-8626-4a59-8dff-6a62ea6d04c9: start RPC server
2019-10-04 06:11:45,257 [Datanode State Machine Thread - 0] INFO  server.GrpcService (GrpcService.java:startImpl(158)) - 288ed734-8626-4a59-8dff-6a62ea6d04c9: GrpcService started, listening on 0.0.0.0/0.0.0.0:36311
2019-10-04 06:11:45,257 [Datanode State Machine Thread - 0] INFO  ratis.XceiverServerRatis (XceiverServerRatis.java:start(427)) - XceiverServerRatis 288ed734-8626-4a59-8dff-6a62ea6d04c9 is started using port 36311
2019-10-04 06:11:45,258 [Datanode State Machine Thread - 0] INFO  server.XceiverServerGrpc (XceiverServerGrpc.java:start(149)) - XceiverServerGrpc 288ed734-8626-4a59-8dff-6a62ea6d04c9 is started using port 45063
2019-10-04 06:11:45,343 [Datanode State Machine Thread - 0] INFO  ozoneimpl.OzoneContainer (OzoneContainer.java:start(217)) - Attempting to start container services.
2019-10-04 06:11:45,344 [Datanode State Machine Thread - 0] INFO  ozoneimpl.OzoneContainer (OzoneContainer.java:startContainerScrub(179)) - Background container scanner has been disabled.
2019-10-04 06:11:45,344 [Datanode State Machine Thread - 0] INFO  ratis.XceiverServerRatis (XceiverServerRatis.java:start(417)) - Starting XceiverServerRatis 57bd6c27-13f9-4074-b08e-452facc4c933 at port 0
2019-10-04 06:11:45,350 [Datanode State Machine Thread - 0] INFO  impl.RaftServerProxy (RaftServerProxy.java:lambda$start$3(299)) - 57bd6c27-13f9-4074-b08e-452facc4c933: start RPC server
2019-10-04 06:11:45,382 [Datanode State Machine Thread - 0] INFO  server.GrpcService (GrpcService.java:startImpl(158)) - 57bd6c27-13f9-4074-b08e-452facc4c933: GrpcService started, listening on 0.0.0.0/0.0.0.0:45376
2019-10-04 06:11:45,383 [Datanode State Machine Thread - 0] INFO  ratis.XceiverServerRatis (XceiverServerRatis.java:start(427)) - XceiverServerRatis 57bd6c27-13f9-4074-b08e-452facc4c933 is started using port 45376
2019-10-04 06:11:45,385 [Datanode State Machine Thread - 0] INFO  server.XceiverServerGrpc (XceiverServerGrpc.java:start(149)) - XceiverServerGrpc 57bd6c27-13f9-4074-b08e-452facc4c933 is started using port 40698
2019-10-04 06:11:45,404 [main] INFO  ozone.MiniOzoneClusterImpl (MiniOzoneClusterImpl.java:lambda$waitForClusterToBeReady$0(147)) - Waiting for cluster to be ready. Got 0 of 7 DN Heartbeats.
2019-10-04 06:11:45,421 [Datanode State Machine Thread - 0] INFO  ozoneimpl.OzoneContainer (OzoneContainer.java:start(217)) - Attempting to start container services.
2019-10-04 06:11:45,422 [Datanode State Machine Thread - 0] INFO  ozoneimpl.OzoneContainer (OzoneContainer.java:startContainerScrub(179)) - Background container scanner has been disabled.
2019-10-04 06:11:45,422 [Datanode State Machine Thread - 0] INFO  ratis.XceiverServerRatis (XceiverServerRatis.java:start(417)) - Starting XceiverServerRatis 76a33ec4-135c-408f-b380-a95c5228c742 at port 0
2019-10-04 06:11:45,429 [Datanode State Machine Thread - 0] INFO  impl.RaftServerProxy (RaftServerProxy.java:lambda$start$3(299)) - 76a33ec4-135c-408f-b380-a95c5228c742: start RPC server
2019-10-04 06:11:45,430 [Datanode State Machine Thread - 0] INFO  server.GrpcService (GrpcService.java:startImpl(158)) - 76a33ec4-135c-408f-b380-a95c5228c742: GrpcService started, listening on 0.0.0.0/0.0.0.0:44502
2019-10-04 06:11:45,430 [Datanode State Machine Thread - 0] INFO  ratis.XceiverServerRatis (XceiverServerRatis.java:start(427)) - XceiverServerRatis 76a33ec4-135c-408f-b380-a95c5228c742 is started using port 44502
2019-10-04 06:11:45,434 [Datanode State Machine Thread - 0] INFO  server.XceiverServerGrpc (XceiverServerGrpc.java:start(149)) - XceiverServerGrpc 76a33ec4-135c-408f-b380-a95c5228c742 is started using port 39958
2019-10-04 06:11:46,404 [main] INFO  ozone.MiniOzoneClusterImpl (MiniOzoneClusterImpl.java:lambda$waitForClusterToBeReady$0(147)) - Waiting for cluster to be ready. Got 0 of 7 DN Heartbeats.
2019-10-04 06:11:46,960 [IPC Server handler 2 on 41527] INFO  net.NetworkTopology (NetworkTopologyImpl.java:add(111)) - Added a new node: /default-rack/bf1ec5b5-3666-4735-9952-1715c6fefd75
2019-10-04 06:11:46,962 [IPC Server handler 2 on 41527] INFO  node.SCMNodeManager (SCMNodeManager.java:register(266)) - Registered Data node : bf1ec5b5-3666-4735-9952-1715c6fefd75{ip: 192.168.151.69, host: trunk-nightly-20191004-lpvmn-70278721, networkLocation: /default-rack, certSerialId: null}
2019-10-04 06:11:46,964 [EventQueue-NodeRegistrationContainerReportForDataNodeSafeModeRule] INFO  safemode.SCMSafeModeManager (DataNodeSafeModeRule.java:process(71)) - SCM in safe mode. 1 DataNodes registered, 1 required.
2019-10-04 06:11:46,967 [EventQueue-NodeRegistrationContainerReportForDataNodeSafeModeRule] INFO  safemode.SCMSafeModeManager (SCMSafeModeManager.java:validateSafeModeExitRules(177)) - ScmSafeModeManager, all rules are successfully validated
2019-10-04 06:11:46,967 [EventQueue-NodeRegistrationContainerReportForDataNodeSafeModeRule] INFO  safemode.SCMSafeModeManager (SCMSafeModeManager.java:exitSafeMode(193)) - SCM exiting safe mode.
2019-10-04 06:11:46,988 [grpc-default-executor-5] INFO  impl.RaftServerProxy (RaftServerProxy.java:addNew(89)) - bf1ec5b5-3666-4735-9952-1715c6fefd75: addNew group-247ADB149724:[bf1ec5b5-3666-4735-9952-1715c6fefd75:192.168.151.69:34880] returns group-247ADB149724:java.util.concurrent.CompletableFuture@3e4c0ee1[Not completed]
2019-10-04 06:11:46,994 [pool-409-thread-1] INFO  impl.RaftServerImpl (RaftServerImpl.java:<init>(95)) - bf1ec5b5-3666-4735-9952-1715c6fefd75: new RaftServerImpl for group-247ADB149724:[bf1ec5b5-3666-4735-9952-1715c6fefd75:192.168.151.69:34880] with ContainerStateMachine:uninitialized
2019-10-04 06:11:46,994 [pool-409-thread-1] INFO  server.RaftServerConfigKeys (ConfUtils.java:logGet(43)) - raft.server.rpc.timeout.min = 5s (custom)
2019-10-04 06:11:46,994 [pool-409-thread-1] INFO  server.RaftServerConfigKeys (ConfUtils.java:logGet(43)) - raft.server.rpc.timeout.max = 5200ms (custom)
2019-10-04 06:11:46,994 [pool-409-thread-1] INFO  server.RaftServerConfigKeys (ConfUtils.java:logGet(43)) - raft.server.rpcslowness.timeout = 120s (custom)
2019-10-04 06:11:46,995 [pool-409-thread-1] INFO  server.RaftServerConfigKeys (ConfUtils.java:logGet(43)) - raft.server.sleep.deviation.threshold = 300 (default)
2019-10-04 06:11:46,995 [pool-409-thread-1] INFO  server.RaftServerConfigKeys (ConfUtils.java:logGet(43)) - raft.server.log.appender.install.snapshot.enabled = false (custom)
2019-10-04 06:11:46,995 [pool-409-thread-1] INFO  impl.RaftServerImpl (ServerState.java:<init>(103)) - bf1ec5b5-3666-4735-9952-1715c6fefd75@group-247ADB149724: ConfigurationManager, init=-1: [bf1ec5b5-3666-4735-9952-1715c6fefd75:192.168.151.69:34880], old=null, confs=<EMPTY_MAP>
2019-10-04 06:11:46,995 [pool-409-thread-1] INFO  server.RaftServerConfigKeys (ConfUtils.java:logGet(43)) - raft.server.storage.dir = [/workdir/hadoop-ozone/integration-test/target/test-dir/MiniOzoneClusterImpl-d4a22fe7-9819-4ee7-a95f-4f3286bed485/datanode-0/data/ratis] (custom)
2019-10-04 06:11:46,996 [pool-409-thread-1] INFO  server.RaftServerConfigKeys (ConfUtils.java:logGet(43)) - raft.server.log.corruption.policy = EXCEPTION (default)
2019-10-04 06:11:46,996 [pool-409-thread-1] INFO  storage.RaftStorageDirectory (RaftStorageDirectory.java:analyzeStorage(246)) - The storage directory /workdir/hadoop-ozone/integration-test/target/test-dir/MiniOzoneClusterImpl-d4a22fe7-9819-4ee7-a95f-4f3286bed485/datanode-0/data/ratis/c0ec4baa-4072-481f-ae36-247adb149724 does not exist. Creating ...
2019-10-04 06:11:47,010 [pool-409-thread-1] INFO  storage.RaftStorageDirectory (RaftStorageDirectory.java:tryLock(328)) - Lock on /workdir/hadoop-ozone/integration-test/target/test-dir/MiniOzoneClusterImpl-d4a22fe7-9819-4ee7-a95f-4f3286bed485/datanode-0/data/ratis/c0ec4baa-4072-481f-ae36-247adb149724/in_use.lock acquired by nodename 18915@trunk-nightly-20191004-lpvmn-70278721
2019-10-04 06:11:47,024 [pool-409-thread-1] INFO  storage.RaftStorage (RaftStorage.java:format(84)) - Storage directory /workdir/hadoop-ozone/integration-test/target/test-dir/MiniOzoneClusterImpl-d4a22fe7-9819-4ee7-a95f-4f3286bed485/datanode-0/data/ratis/c0ec4baa-4072-481f-ae36-247adb149724 has been successfully formatted.
2019-10-04 06:11:47,024 [pool-409-thread-1] INFO  ratis.ContainerStateMachine (ContainerStateMachine.java:loadSnapshot(230)) - group-247ADB149724: The snapshot info is null. Setting the last applied indexto:(t:0, i:~)
2019-10-04 06:11:47,025 [pool-409-thread-1] INFO  server.RaftServerConfigKeys (ConfUtils.java:logGet(43)) - raft.server.notification.no-leader.timeout = 120s (custom)
2019-10-04 06:11:47,025 [pool-409-thread-1] INFO  server.RaftServerConfigKeys (ConfUtils.java:logGet(43)) - raft.server.log.use.memory = false (default)
2019-10-04 06:11:47,025 [pool-409-thread-1] INFO  server.RaftServerConfigKeys (ConfUtils.java:logGet(43)) - raft.server.log.purge.gap = 1000000 (custom)
2019-10-04 06:11:47,025 [pool-409-thread-1] INFO  server.RaftServerConfigKeys (ConfUtils.java:logGet(43)) - raft.server.log.appender.buffer.byte-limit = 33554432 (custom)
2019-10-04 06:11:47,026 [pool-409-thread-1] INFO  server.RaftServerConfigKeys (ConfUtils.java:logGet(43)) - raft.server.log.segment.size.max = 1048576 (custom)
2019-10-04 06:11:47,028 [pool-409-thread-1] INFO  server.RaftServerConfigKeys (ConfUtils.java:logGet(43)) - raft.server.log.segment.cache.num.max = 2 (custom)
2019-10-04 06:11:47,029 [pool-409-thread-1] INFO  segmented.SegmentedRaftLogWorker (SegmentedRaftLogWorker.java:<init>(173)) - new bf1ec5b5-3666-4735-9952-1715c6fefd75@group-247ADB149724-SegmentedRaftLogWorker for RaftStorage:Storage Directory /workdir/hadoop-ozone/integration-test/target/test-dir/MiniOzoneClusterImpl-d4a22fe7-9819-4ee7-a95f-4f3286bed485/datanode-0/data/ratis/c0ec4baa-4072-481f-ae36-247adb149724
2019-10-04 06:11:47,029 [pool-409-thread-1] INFO  server.RaftServerConfigKeys (ConfUtils.java:logGet(43)) - raft.server.log.queue.byte-limit = 2147483647 (custom)
2019-10-04 06:11:47,029 [pool-409-thread-1] INFO  server.RaftServerConfigKeys (ConfUtils.java:logGet(43)) - raft.server.log.queue.element-limit = 1024 (custom)
2019-10-04 06:11:47,029 [pool-409-thread-1] INFO  server.RaftServerConfigKeys (ConfUtils.java:logGet(43)) - raft.server.log.segment.size.max = 1048576 (custom)
2019-10-04 06:11:47,029 [pool-409-thread-1] INFO  server.RaftServerConfigKeys (ConfUtils.java:logGet(43)) - raft.server.log.preallocated.size = 16384 (custom)
2019-10-04 06:11:47,029 [pool-409-thread-1] INFO  server.RaftServerConfigKeys (ConfUtils.java:logGet(43)) - raft.server.log.write.buffer.size = 33554432 (custom)
2019-10-04 06:11:47,030 [pool-409-thread-1] INFO  server.RaftServerConfigKeys (ConfUtils.java:logGet(43)) - raft.server.log.force.sync.num = 128 (default)
2019-10-04 06:11:47,030 [pool-409-thread-1] INFO  server.RaftServerConfigKeys (ConfUtils.java:logGet(43)) - raft.server.log.statemachine.data.sync = true (default)
2019-10-04 06:11:47,030 [pool-409-thread-1] INFO  server.RaftServerConfigKeys (ConfUtils.java:logGet(43)) - raft.server.log.statemachine.data.sync.timeout = 10s (default)
2019-10-04 06:11:47,030 [pool-409-thread-1] INFO  server.RaftServerConfigKeys (ConfUtils.java:logGet(43)) - raft.server.log.statemachine.data.sync.timeout.retry = -1 (default)
2019-10-04 06:11:47,031 [pool-409-thread-1] INFO  server.RaftServerConfigKeys (ConfUtils.java:logGet(43)) - raft.server.log.statemachine.data.caching.enabled = true (custom)
2019-10-04 06:11:47,031 [pool-409-thread-1] INFO  segmented.SegmentedRaftLogWorker (SegmentedRaftLogWorker.java:lambda$new$0(128)) - bf1ec5b5-3666-4735-9952-1715c6fefd75@group-247ADB149724-SegmentedRaftLogWorker: flushIndex: setUnconditionally 0 -> -1
2019-10-04 06:11:47,032 [pool-409-thread-1] INFO  server.RaftServerConfigKeys (ConfUtils.java:logGet(43)) - raft.server.snapshot.auto.trigger.enabled = true (custom)
2019-10-04 06:11:47,032 [pool-409-thread-1] INFO  server.RaftServerConfigKeys (ConfUtils.java:logGet(43)) - raft.server.snapshot.auto.trigger.threshold = 10000 (custom)
2019-10-04 06:11:47,032 [pool-409-thread-1] INFO  server.RaftServerConfigKeys (ConfUtils.java:logGet(43)) - raft.server.snapshot.retention.file.num = 5 (custom)
2019-10-04 06:11:47,032 [pool-409-thread-1] INFO  server.RaftServerConfigKeys (ConfUtils.java:logGet(43)) - raft.server.retrycache.expirytime = 600000ms (custom)
2019-10-04 06:11:47,034 [pool-409-thread-1] INFO  impl.RaftServerImpl (RaftServerImpl.java:start(181)) - bf1ec5b5-3666-4735-9952-1715c6fefd75@group-247ADB149724: start as a follower, conf=-1: [bf1ec5b5-3666-4735-9952-1715c6fefd75:192.168.151.69:34880], old=null
2019-10-04 06:11:47,034 [pool-409-thread-1] INFO  impl.RaftServerImpl (RaftServerImpl.java:setRole(170)) - bf1ec5b5-3666-4735-9952-1715c6fefd75@group-247ADB149724: changes role from      null to FOLLOWER at term 0 for startAsFollower
2019-10-04 06:11:47,035 [pool-409-thread-1] INFO  impl.RoleInfo (RoleInfo.java:updateAndGet(143)) - bf1ec5b5-3666-4735-9952-1715c6fefd75: start FollowerState
2019-10-04 06:11:47,035 [pool-409-thread-1] INFO  util.JmxRegister (JmxRegister.java:tryRegister(44)) - Successfully registered JMX Bean with object name Ratis:service=RaftServer,group=group-247ADB149724,id=bf1ec5b5-3666-4735-9952-1715c6fefd75
2019-10-04 06:11:47,036 [IPC Server handler 4 on 41527] INFO  net.NetworkTopology (NetworkTopologyImpl.java:add(111)) - Added a new node: /default-rack/74712ee5-c933-4604-9105-8839fcc8eeda
2019-10-04 06:11:47,036 [IPC Server handler 4 on 41527] INFO  node.SCMNodeManager (SCMNodeManager.java:register(266)) - Registered Data node : 74712ee5-c933-4604-9105-8839fcc8eeda{ip: 192.168.151.69, host: trunk-nightly-20191004-lpvmn-70278721, networkLocation: /default-rack, certSerialId: null}
2019-10-04 06:11:47,044 [RatisPipelineUtilsThread] INFO  pipeline.PipelineStateManager (PipelineStateManager.java:addPipeline(56)) - Created pipeline Pipeline[ Id: c0ec4baa-4072-481f-ae36-247adb149724, Nodes: bf1ec5b5-3666-4735-9952-1715c6fefd75{ip: 192.168.151.69, host: trunk-nightly-20191004-lpvmn-70278721, networkLocation: /default-rack, certSerialId: null}, Type:RATIS, Factor:ONE, State:OPEN]
2019-10-04 06:11:47,052 [grpc-default-executor-5] INFO  impl.RaftServerProxy (RaftServerProxy.java:addNew(89)) - 74712ee5-c933-4604-9105-8839fcc8eeda: addNew group-D88369356E99:[74712ee5-c933-4604-9105-8839fcc8eeda:192.168.151.69:35461] returns group-D88369356E99:java.util.concurrent.CompletableFuture@2d7b3b63[Not completed]
2019-10-04 06:11:47,053 [pool-419-thread-1] INFO  impl.RaftServerImpl (RaftServerImpl.java:<init>(95)) - 74712ee5-c933-4604-9105-8839fcc8eeda: new RaftServerImpl for group-D88369356E99:[74712ee5-c933-4604-9105-8839fcc8eeda:192.168.151.69:35461] with ContainerStateMachine:uninitialized
2019-10-04 06:11:47,054 [pool-419-thread-1] INFO  server.RaftServerConfigKeys (ConfUtils.java:logGet(43)) - raft.server.rpc.timeout.min = 5s (custom)
2019-10-04 06:11:47,054 [pool-419-thread-1] INFO  server.RaftServerConfigKeys (ConfUtils.java:logGet(43)) - raft.server.rpc.timeout.max = 5200ms (custom)
2019-10-04 06:11:47,054 [pool-419-thread-1] INFO  server.RaftServerConfigKeys (ConfUtils.java:logGet(43)) - raft.server.rpcslowness.timeout = 120s (custom)
2019-10-04 06:11:47,054 [pool-419-thread-1] INFO  server.RaftServerConfigKeys (ConfUtils.java:logGet(43)) - raft.server.sleep.deviation.threshold = 300 (default)
2019-10-04 06:11:47,054 [pool-419-thread-1] INFO  server.RaftServerConfigKeys (ConfUtils.java:logGet(43)) - raft.server.log.appender.install.snapshot.enabled = false (custom)
2019-10-04 06:11:47,054 [pool-419-thread-1] INFO  impl.RaftServerImpl (ServerState.java:<init>(103)) - 74712ee5-c933-4604-9105-8839fcc8eeda@group-D88369356E99: ConfigurationManager, init=-1: [74712ee5-c933-4604-9105-8839fcc8eeda:192.168.151.69:35461], old=null, confs=<EMPTY_MAP>
2019-10-04 06:11:47,054 [pool-419-thread-1] INFO  server.RaftServerConfigKeys (ConfUtils.java:logGet(43)) - raft.server.storage.dir = [/workdir/hadoop-ozone/integration-test/target/test-dir/MiniOzoneClusterImpl-d4a22fe7-9819-4ee7-a95f-4f3286bed485/datanode-1/data/ratis] (custom)
2019-10-04 06:11:47,055 [pool-419-thread-1] INFO  server.RaftServerConfigKeys (ConfUtils.java:logGet(43)) - raft.server.log.corruption.policy = EXCEPTION (default)
2019-10-04 06:11:47,055 [pool-419-thread-1] INFO  storage.RaftStorageDirectory (RaftStorageDirectory.java:analyzeStorage(246)) - The storage directory /workdir/hadoop-ozone/integration-test/target/test-dir/MiniOzoneClusterImpl-d4a22fe7-9819-4ee7-a95f-4f3286bed485/datanode-1/data/ratis/970e86c5-c7c4-4e16-8b3d-d88369356e99 does not exist. Creating ...
2019-10-04 06:11:47,068 [pool-419-thread-1] INFO  storage.RaftStorageDirectory (RaftStorageDirectory.java:tryLock(328)) - Lock on /workdir/hadoop-ozone/integration-test/target/test-dir/MiniOzoneClusterImpl-d4a22fe7-9819-4ee7-a95f-4f3286bed485/datanode-1/data/ratis/970e86c5-c7c4-4e16-8b3d-d88369356e99/in_use.lock acquired by nodename 18915@trunk-nightly-20191004-lpvmn-70278721
2019-10-04 06:11:47,081 [pool-419-thread-1] INFO  storage.RaftStorage (RaftStorage.java:format(84)) - Storage directory /workdir/hadoop-ozone/integration-test/target/test-dir/MiniOzoneClusterImpl-d4a22fe7-9819-4ee7-a95f-4f3286bed485/datanode-1/data/ratis/970e86c5-c7c4-4e16-8b3d-d88369356e99 has been successfully formatted.
2019-10-04 06:11:47,082 [pool-419-thread-1] INFO  ratis.ContainerStateMachine (ContainerStateMachine.java:loadSnapshot(230)) - group-D88369356E99: The snapshot info is null. Setting the last applied indexto:(t:0, i:~)
2019-10-04 06:11:47,082 [pool-419-thread-1] INFO  server.RaftServerConfigKeys (ConfUtils.java:logGet(43)) - raft.server.notification.no-leader.timeout = 120s (custom)
2019-10-04 06:11:47,082 [pool-419-thread-1] INFO  server.RaftServerConfigKeys (ConfUtils.java:logGet(43)) - raft.server.log.use.memory = false (default)
2019-10-04 06:11:47,082 [pool-419-thread-1] INFO  server.RaftServerConfigKeys (ConfUtils.java:logGet(43)) - raft.server.log.purge.gap = 1000000 (custom)
2019-10-04 06:11:47,082 [pool-419-thread-1] INFO  server.RaftServerConfigKeys (ConfUtils.java:logGet(43)) - raft.server.log.appender.buffer.byte-limit = 33554432 (custom)
2019-10-04 06:11:47,082 [pool-419-thread-1] INFO  server.RaftServerConfigKeys (ConfUtils.java:logGet(43)) - raft.server.log.segment.size.max = 1048576 (custom)
2019-10-04 06:11:47,083 [pool-419-thread-1] INFO  server.RaftServerConfigKeys (ConfUtils.java:logGet(43)) - raft.server.log.segment.cache.num.max = 2 (custom)
2019-10-04 06:11:47,084 [pool-419-thread-1] INFO  segmented.SegmentedRaftLogWorker (SegmentedRaftLogWorker.java:<init>(173)) - new 74712ee5-c933-4604-9105-8839fcc8eeda@group-D88369356E99-SegmentedRaftLogWorker for RaftStorage:Storage Directory /workdir/hadoop-ozone/integration-test/target/test-dir/MiniOzoneClusterImpl-d4a22fe7-9819-4ee7-a95f-4f3286bed485/datanode-1/data/ratis/970e86c5-c7c4-4e16-8b3d-d88369356e99
2019-10-04 06:11:47,084 [pool-419-thread-1] INFO  server.RaftServerConfigKeys (ConfUtils.java:logGet(43)) - raft.server.log.queue.byte-limit = 2147483647 (custom)
2019-10-04 06:11:47,084 [pool-419-thread-1] INFO  server.RaftServerConfigKeys (ConfUtils.java:logGet(43)) - raft.server.log.queue.element-limit = 1024 (custom)
2019-10-04 06:11:47,084 [pool-419-thread-1] INFO  server.RaftServerConfigKeys (ConfUtils.java:logGet(43)) - raft.server.log.segment.size.max = 1048576 (custom)
2019-10-04 06:11:47,084 [pool-419-thread-1] INFO  server.RaftServerConfigKeys (ConfUtils.java:logGet(43)) - raft.server.log.preallocated.size = 16384 (custom)
2019-10-04 06:11:47,084 [pool-419-thread-1] INFO  server.RaftServerConfigKeys (ConfUtils.java:logGet(43)) - raft.server.log.write.buffer.size = 33554432 (custom)
2019-10-04 06:11:47,084 [pool-419-thread-1] INFO  server.RaftServerConfigKeys (ConfUtils.java:logGet(43)) - raft.server.log.force.sync.num = 128 (default)
2019-10-04 06:11:47,084 [pool-419-thread-1] INFO  server.RaftServerConfigKeys (ConfUtils.java:logGet(43)) - raft.server.log.statemachine.data.sync = true (default)
2019-10-04 06:11:47,084 [pool-419-thread-1] INFO  server.RaftServerConfigKeys (ConfUtils.java:logGet(43)) - raft.server.log.statemachine.data.sync.timeout = 10s (default)
2019-10-04 06:11:47,085 [pool-419-thread-1] INFO  server.RaftServerConfigKeys (ConfUtils.java:logGet(43)) - raft.server.log.statemachine.data.sync.timeout.retry = -1 (default)
2019-10-04 06:11:47,085 [pool-419-thread-1] INFO  server.RaftServerConfigKeys (ConfUtils.java:logGet(43)) - raft.server.log.statemachine.data.caching.enabled = true (custom)
2019-10-04 06:11:47,085 [pool-419-thread-1] INFO  segmented.SegmentedRaftLogWorker (SegmentedRaftLogWorker.java:lambda$new$0(128)) - 74712ee5-c933-4604-9105-8839fcc8eeda@group-D88369356E99-SegmentedRaftLogWorker: flushIndex: setUnconditionally 0 -> -1
2019-10-04 06:11:47,085 [pool-419-thread-1] INFO  server.RaftServerConfigKeys (ConfUtils.java:logGet(43)) - raft.server.snapshot.auto.trigger.enabled = true (custom)
2019-10-04 06:11:47,085 [pool-419-thread-1] INFO  server.RaftServerConfigKeys (ConfUtils.java:logGet(43)) - raft.server.snapshot.auto.trigger.threshold = 10000 (custom)
2019-10-04 06:11:47,085 [pool-419-thread-1] INFO  server.RaftServerConfigKeys (ConfUtils.java:logGet(43)) - raft.server.snapshot.retention.file.num = 5 (custom)
2019-10-04 06:11:47,086 [pool-419-thread-1] INFO  server.RaftServerConfigKeys (ConfUtils.java:logGet(43)) - raft.server.retrycache.expirytime = 600000ms (custom)
2019-10-04 06:11:47,087 [pool-419-thread-1] INFO  impl.RaftServerImpl (RaftServerImpl.java:start(181)) - 74712ee5-c933-4604-9105-8839fcc8eeda@group-D88369356E99: start as a follower, conf=-1: [74712ee5-c933-4604-9105-8839fcc8eeda:192.168.151.69:35461], old=null
2019-10-04 06:11:47,087 [pool-419-thread-1] INFO  impl.RaftServerImpl (RaftServerImpl.java:setRole(170)) - 74712ee5-c933-4604-9105-8839fcc8eeda@group-D88369356E99: changes role from      null to FOLLOWER at term 0 for startAsFollower
2019-10-04 06:11:47,087 [pool-419-thread-1] INFO  impl.RoleInfo (RoleInfo.java:updateAndGet(143)) - 74712ee5-c933-4604-9105-8839fcc8eeda: start FollowerState
2019-10-04 06:11:47,087 [pool-419-thread-1] INFO  util.JmxRegister (JmxRegister.java:tryRegister(44)) - Successfully registered JMX Bean with object name Ratis:service=RaftServer,group=group-D88369356E99,id=74712ee5-c933-4604-9105-8839fcc8eeda
2019-10-04 06:11:47,092 [RatisPipelineUtilsThread] INFO  pipeline.PipelineStateManager (PipelineStateManager.java:addPipeline(56)) - Created pipeline Pipeline[ Id: 970e86c5-c7c4-4e16-8b3d-d88369356e99, Nodes: 74712ee5-c933-4604-9105-8839fcc8eeda{ip: 192.168.151.69, host: trunk-nightly-20191004-lpvmn-70278721, networkLocation: /default-rack, certSerialId: null}, Type:RATIS, Factor:ONE, State:OPEN]
2019-10-04 06:11:47,102 [IPC Server handler 5 on 41527] INFO  net.NetworkTopology (NetworkTopologyImpl.java:add(111)) - Added a new node: /default-rack/527a20f0-e30e-4dab-a279-10d7b51e04de
2019-10-04 06:11:47,102 [IPC Server handler 5 on 41527] INFO  node.SCMNodeManager (SCMNodeManager.java:register(266)) - Registered Data node : 527a20f0-e30e-4dab-a279-10d7b51e04de{ip: 192.168.151.69, host: trunk-nightly-20191004-lpvmn-70278721, networkLocation: /default-rack, certSerialId: null}
2019-10-04 06:11:47,111 [grpc-default-executor-5] INFO  impl.RaftServerProxy (RaftServerProxy.java:addNew(89)) - 527a20f0-e30e-4dab-a279-10d7b51e04de: addNew group-CB6E165568F0:[527a20f0-e30e-4dab-a279-10d7b51e04de:192.168.151.69:45574] returns group-CB6E165568F0:java.util.concurrent.CompletableFuture@492e8fb1[Not completed]
2019-10-04 06:11:47,112 [pool-429-thread-1] INFO  impl.RaftServerImpl (RaftServerImpl.java:<init>(95)) - 527a20f0-e30e-4dab-a279-10d7b51e04de: new RaftServerImpl for group-CB6E165568F0:[527a20f0-e30e-4dab-a279-10d7b51e04de:192.168.151.69:45574] with ContainerStateMachine:uninitialized
2019-10-04 06:11:47,112 [pool-429-thread-1] INFO  server.RaftServerConfigKeys (ConfUtils.java:logGet(43)) - raft.server.rpc.timeout.min = 5s (custom)
2019-10-04 06:11:47,112 [pool-429-thread-1] INFO  server.RaftServerConfigKeys (ConfUtils.java:logGet(43)) - raft.server.rpc.timeout.max = 5200ms (custom)
2019-10-04 06:11:47,113 [pool-429-thread-1] INFO  server.RaftServerConfigKeys (ConfUtils.java:logGet(43)) - raft.server.rpcslowness.timeout = 120s (custom)
2019-10-04 06:11:47,113 [pool-429-thread-1] INFO  server.RaftServerConfigKeys (ConfUtils.java:logGet(43)) - raft.server.sleep.deviation.threshold = 300 (default)
2019-10-04 06:11:47,113 [pool-429-thread-1] INFO  server.RaftServerConfigKeys (ConfUtils.java:logGet(43)) - raft.server.log.appender.install.snapshot.enabled = false (custom)
2019-10-04 06:11:47,113 [pool-429-thread-1] INFO  impl.RaftServerImpl (ServerState.java:<init>(103)) - 527a20f0-e30e-4dab-a279-10d7b51e04de@group-CB6E165568F0: ConfigurationManager, init=-1: [527a20f0-e30e-4dab-a279-10d7b51e04de:192.168.151.69:45574], old=null, confs=<EMPTY_MAP>
2019-10-04 06:11:47,113 [pool-429-thread-1] INFO  server.RaftServerConfigKeys (ConfUtils.java:logGet(43)) - raft.server.storage.dir = [/workdir/hadoop-ozone/integration-test/target/test-dir/MiniOzoneClusterImpl-d4a22fe7-9819-4ee7-a95f-4f3286bed485/datanode-2/data/ratis] (custom)
2019-10-04 06:11:47,113 [pool-429-thread-1] INFO  server.RaftServerConfigKeys (ConfUtils.java:logGet(43)) - raft.server.log.corruption.policy = EXCEPTION (default)
2019-10-04 06:11:47,113 [pool-429-thread-1] INFO  storage.RaftStorageDirectory (RaftStorageDirectory.java:analyzeStorage(246)) - The storage directory /workdir/hadoop-ozone/integration-test/target/test-dir/MiniOzoneClusterImpl-d4a22fe7-9819-4ee7-a95f-4f3286bed485/datanode-2/data/ratis/ee7d1942-48f7-4d22-8704-cb6e165568f0 does not exist. Creating ...
2019-10-04 06:11:47,127 [pool-429-thread-1] INFO  storage.RaftStorageDirectory (RaftStorageDirectory.java:tryLock(328)) - Lock on /workdir/hadoop-ozone/integration-test/target/test-dir/MiniOzoneClusterImpl-d4a22fe7-9819-4ee7-a95f-4f3286bed485/datanode-2/data/ratis/ee7d1942-48f7-4d22-8704-cb6e165568f0/in_use.lock acquired by nodename 18915@trunk-nightly-20191004-lpvmn-70278721
2019-10-04 06:11:47,140 [pool-429-thread-1] INFO  storage.RaftStorage (RaftStorage.java:format(84)) - Storage directory /workdir/hadoop-ozone/integration-test/target/test-dir/MiniOzoneClusterImpl-d4a22fe7-9819-4ee7-a95f-4f3286bed485/datanode-2/data/ratis/ee7d1942-48f7-4d22-8704-cb6e165568f0 has been successfully formatted.
2019-10-04 06:11:47,140 [pool-429-thread-1] INFO  ratis.ContainerStateMachine (ContainerStateMachine.java:loadSnapshot(230)) - group-CB6E165568F0: The snapshot info is null. Setting the last applied indexto:(t:0, i:~)
2019-10-04 06:11:47,140 [pool-429-thread-1] INFO  server.RaftServerConfigKeys (ConfUtils.java:logGet(43)) - raft.server.notification.no-leader.timeout = 120s (custom)
2019-10-04 06:11:47,140 [pool-429-thread-1] INFO  server.RaftServerConfigKeys (ConfUtils.java:logGet(43)) - raft.server.log.use.memory = false (default)
2019-10-04 06:11:47,140 [pool-429-thread-1] INFO  server.RaftServerConfigKeys (ConfUtils.java:logGet(43)) - raft.server.log.purge.gap = 1000000 (custom)
2019-10-04 06:11:47,140 [pool-429-thread-1] INFO  server.RaftServerConfigKeys (ConfUtils.java:logGet(43)) - raft.server.log.appender.buffer.byte-limit = 33554432 (custom)
2019-10-04 06:11:47,140 [pool-429-thread-1] INFO  server.RaftServerConfigKeys (ConfUtils.java:logGet(43)) - raft.server.log.segment.size.max = 1048576 (custom)
2019-10-04 06:11:47,142 [pool-429-thread-1] INFO  server.RaftServerConfigKeys (ConfUtils.java:logGet(43)) - raft.server.log.segment.cache.num.max = 2 (custom)
2019-10-04 06:11:47,142 [pool-429-thread-1] INFO  segmented.SegmentedRaftLogWorker (SegmentedRaftLogWorker.java:<init>(173)) - new 527a20f0-e30e-4dab-a279-10d7b51e04de@group-CB6E165568F0-SegmentedRaftLogWorker for RaftStorage:Storage Directory /workdir/hadoop-ozone/integration-test/target/test-dir/MiniOzoneClusterImpl-d4a22fe7-9819-4ee7-a95f-4f3286bed485/datanode-2/data/ratis/ee7d1942-48f7-4d22-8704-cb6e165568f0
2019-10-04 06:11:47,142 [pool-429-thread-1] INFO  server.RaftServerConfigKeys (ConfUtils.java:logGet(43)) - raft.server.log.queue.byte-limit = 2147483647 (custom)
2019-10-04 06:11:47,142 [pool-429-thread-1] INFO  server.RaftServerConfigKeys (ConfUtils.java:logGet(43)) - raft.server.log.queue.element-limit = 1024 (custom)
2019-10-04 06:11:47,142 [pool-429-thread-1] INFO  server.RaftServerConfigKeys (ConfUtils.java:logGet(43)) - raft.server.log.segment.size.max = 1048576 (custom)
2019-10-04 06:11:47,142 [pool-429-thread-1] INFO  server.RaftServerConfigKeys (ConfUtils.java:logGet(43)) - raft.server.log.preallocated.size = 16384 (custom)
2019-10-04 06:11:47,142 [pool-429-thread-1] INFO  server.RaftServerConfigKeys (ConfUtils.java:logGet(43)) - raft.server.log.write.buffer.size = 33554432 (custom)
2019-10-04 06:11:47,142 [pool-429-thread-1] INFO  server.RaftServerConfigKeys (ConfUtils.java:logGet(43)) - raft.server.log.force.sync.num = 128 (default)
2019-10-04 06:11:47,142 [pool-429-thread-1] INFO  server.RaftServerConfigKeys (ConfUtils.java:logGet(43)) - raft.server.log.statemachine.data.sync = true (default)
2019-10-04 06:11:47,142 [pool-429-thread-1] INFO  server.RaftServerConfigKeys (ConfUtils.java:logGet(43)) - raft.server.log.statemachine.data.sync.timeout = 10s (default)
2019-10-04 06:11:47,142 [pool-429-thread-1] INFO  server.RaftServerConfigKeys (ConfUtils.java:logGet(43)) - raft.server.log.statemachine.data.sync.timeout.retry = -1 (default)
2019-10-04 06:11:47,143 [pool-429-thread-1] INFO  server.RaftServerConfigKeys (ConfUtils.java:logGet(43)) - raft.server.log.statemachine.data.caching.enabled = true (custom)
2019-10-04 06:11:47,143 [pool-429-thread-1] INFO  segmented.SegmentedRaftLogWorker (SegmentedRaftLogWorker.java:lambda$new$0(128)) - 527a20f0-e30e-4dab-a279-10d7b51e04de@group-CB6E165568F0-SegmentedRaftLogWorker: flushIndex: setUnconditionally 0 -> -1
2019-10-04 06:11:47,143 [pool-429-thread-1] INFO  server.RaftServerConfigKeys (ConfUtils.java:logGet(43)) - raft.server.snapshot.auto.trigger.enabled = true (custom)
2019-10-04 06:11:47,143 [pool-429-thread-1] INFO  server.RaftServerConfigKeys (ConfUtils.java:logGet(43)) - raft.server.snapshot.auto.trigger.threshold = 10000 (custom)
2019-10-04 06:11:47,143 [pool-429-thread-1] INFO  server.RaftServerConfigKeys (ConfUtils.java:logGet(43)) - raft.server.snapshot.retention.file.num = 5 (custom)
2019-10-04 06:11:47,143 [pool-429-thread-1] INFO  server.RaftServerConfigKeys (ConfUtils.java:logGet(43)) - raft.server.retrycache.expirytime = 600000ms (custom)
2019-10-04 06:11:47,145 [pool-429-thread-1] INFO  impl.RaftServerImpl (RaftServerImpl.java:start(181)) - 527a20f0-e30e-4dab-a279-10d7b51e04de@group-CB6E165568F0: start as a follower, conf=-1: [527a20f0-e30e-4dab-a279-10d7b51e04de:192.168.151.69:45574], old=null
2019-10-04 06:11:47,145 [pool-429-thread-1] INFO  impl.RaftServerImpl (RaftServerImpl.java:setRole(170)) - 527a20f0-e30e-4dab-a279-10d7b51e04de@group-CB6E165568F0: changes role from      null to FOLLOWER at term 0 for startAsFollower
2019-10-04 06:11:47,145 [pool-429-thread-1] INFO  impl.RoleInfo (RoleInfo.java:updateAndGet(143)) - 527a20f0-e30e-4dab-a279-10d7b51e04de: start FollowerState
2019-10-04 06:11:47,145 [pool-429-thread-1] INFO  util.JmxRegister (JmxRegister.java:tryRegister(44)) - Successfully registered JMX Bean with object name Ratis:service=RaftServer,group=group-CB6E165568F0,id=527a20f0-e30e-4dab-a279-10d7b51e04de
2019-10-04 06:11:47,151 [RatisPipelineUtilsThread] INFO  pipeline.PipelineStateManager (PipelineStateManager.java:addPipeline(56)) - Created pipeline Pipeline[ Id: ee7d1942-48f7-4d22-8704-cb6e165568f0, Nodes: 527a20f0-e30e-4dab-a279-10d7b51e04de{ip: 192.168.151.69, host: trunk-nightly-20191004-lpvmn-70278721, networkLocation: /default-rack, certSerialId: null}, Type:RATIS, Factor:ONE, State:OPEN]
2019-10-04 06:11:47,169 [IPC Server handler 6 on 41527] INFO  net.NetworkTopology (NetworkTopologyImpl.java:add(111)) - Added a new node: /default-rack/362ad445-5bb7-42b7-b6c6-45b485604b6f
2019-10-04 06:11:47,171 [IPC Server handler 6 on 41527] INFO  node.SCMNodeManager (SCMNodeManager.java:register(266)) - Registered Data node : 362ad445-5bb7-42b7-b6c6-45b485604b6f{ip: 192.168.151.69, host: trunk-nightly-20191004-lpvmn-70278721, networkLocation: /default-rack, certSerialId: null}
2019-10-04 06:11:47,179 [grpc-default-executor-7] INFO  impl.RaftServerProxy (RaftServerProxy.java:addNew(89)) - bf1ec5b5-3666-4735-9952-1715c6fefd75: addNew group-0D47B154AA78:[bf1ec5b5-3666-4735-9952-1715c6fefd75:192.168.151.69:34880, 527a20f0-e30e-4dab-a279-10d7b51e04de:192.168.151.69:45574, 74712ee5-c933-4604-9105-8839fcc8eeda:192.168.151.69:35461] returns group-0D47B154AA78:java.util.concurrent.CompletableFuture@6f329f86[Not completed]
2019-10-04 06:11:47,181 [grpc-default-executor-0] INFO  impl.RaftServerProxy (RaftServerProxy.java:addNew(89)) - 527a20f0-e30e-4dab-a279-10d7b51e04de: addNew group-0D47B154AA78:[bf1ec5b5-3666-4735-9952-1715c6fefd75:192.168.151.69:34880, 527a20f0-e30e-4dab-a279-10d7b51e04de:192.168.151.69:45574, 74712ee5-c933-4604-9105-8839fcc8eeda:192.168.151.69:35461] returns group-0D47B154AA78:java.util.concurrent.CompletableFuture@52155f3f[Not completed]
2019-10-04 06:11:47,183 [grpc-default-executor-7] INFO  impl.RaftServerProxy (RaftServerProxy.java:addNew(89)) - 74712ee5-c933-4604-9105-8839fcc8eeda: addNew group-0D47B154AA78:[bf1ec5b5-3666-4735-9952-1715c6fefd75:192.168.151.69:34880, 527a20f0-e30e-4dab-a279-10d7b51e04de:192.168.151.69:45574, 74712ee5-c933-4604-9105-8839fcc8eeda:192.168.151.69:35461] returns group-0D47B154AA78:java.util.concurrent.CompletableFuture@61974b77[Not completed]
2019-10-04 06:11:47,184 [pool-409-thread-1] INFO  impl.RaftServerImpl (RaftServerImpl.java:<init>(95)) - bf1ec5b5-3666-4735-9952-1715c6fefd75: new RaftServerImpl for group-0D47B154AA78:[bf1ec5b5-3666-4735-9952-1715c6fefd75:192.168.151.69:34880, 527a20f0-e30e-4dab-a279-10d7b51e04de:192.168.151.69:45574, 74712ee5-c933-4604-9105-8839fcc8eeda:192.168.151.69:35461] with ContainerStateMachine:uninitialized
2019-10-04 06:11:47,185 [pool-409-thread-1] INFO  server.RaftServerConfigKeys (ConfUtils.java:logGet(43)) - raft.server.rpc.timeout.min = 5s (custom)
2019-10-04 06:11:47,185 [pool-409-thread-1] INFO  server.RaftServerConfigKeys (ConfUtils.java:logGet(43)) - raft.server.rpc.timeout.max = 5200ms (custom)
2019-10-04 06:11:47,185 [pool-409-thread-1] INFO  server.RaftServerConfigKeys (ConfUtils.java:logGet(43)) - raft.server.rpcslowness.timeout = 120s (custom)
2019-10-04 06:11:47,185 [pool-409-thread-1] INFO  server.RaftServerConfigKeys (ConfUtils.java:logGet(43)) - raft.server.sleep.deviation.threshold = 300 (default)
2019-10-04 06:11:47,185 [pool-409-thread-1] INFO  server.RaftServerConfigKeys (ConfUtils.java:logGet(43)) - raft.server.log.appender.install.snapshot.enabled = false (custom)
2019-10-04 06:11:47,185 [pool-419-thread-1] INFO  impl.RaftServerImpl (RaftServerImpl.java:<init>(95)) - 74712ee5-c933-4604-9105-8839fcc8eeda: new RaftServerImpl for group-0D47B154AA78:[bf1ec5b5-3666-4735-9952-1715c6fefd75:192.168.151.69:34880, 527a20f0-e30e-4dab-a279-10d7b51e04de:192.168.151.69:45574, 74712ee5-c933-4604-9105-8839fcc8eeda:192.168.151.69:35461] with ContainerStateMachine:uninitialized
2019-10-04 06:11:47,185 [pool-409-thread-1] INFO  impl.RaftServerImpl (ServerState.java:<init>(103)) - bf1ec5b5-3666-4735-9952-1715c6fefd75@group-0D47B154AA78: ConfigurationManager, init=-1: [bf1ec5b5-3666-4735-9952-1715c6fefd75:192.168.151.69:34880, 527a20f0-e30e-4dab-a279-10d7b51e04de:192.168.151.69:45574, 74712ee5-c933-4604-9105-8839fcc8eeda:192.168.151.69:35461], old=null, confs=<EMPTY_MAP>
2019-10-04 06:11:47,185 [pool-419-thread-1] INFO  server.RaftServerConfigKeys (ConfUtils.java:logGet(43)) - raft.server.rpc.timeout.min = 5s (custom)
2019-10-04 06:11:47,185 [pool-409-thread-1] INFO  server.RaftServerConfigKeys (ConfUtils.java:logGet(43)) - raft.server.storage.dir = [/workdir/hadoop-ozone/integration-test/target/test-dir/MiniOzoneClusterImpl-d4a22fe7-9819-4ee7-a95f-4f3286bed485/datanode-0/data/ratis] (custom)
2019-10-04 06:11:47,186 [pool-429-thread-1] INFO  impl.RaftServerImpl (RaftServerImpl.java:<init>(95)) - 527a20f0-e30e-4dab-a279-10d7b51e04de: new RaftServerImpl for group-0D47B154AA78:[bf1ec5b5-3666-4735-9952-1715c6fefd75:192.168.151.69:34880, 527a20f0-e30e-4dab-a279-10d7b51e04de:192.168.151.69:45574, 74712ee5-c933-4604-9105-8839fcc8eeda:192.168.151.69:35461] with ContainerStateMachine:uninitialized
2019-10-04 06:11:47,186 [pool-419-thread-1] INFO  server.RaftServerConfigKeys (ConfUtils.java:logGet(43)) - raft.server.rpc.timeout.max = 5200ms (custom)
2019-10-04 06:11:47,186 [pool-429-thread-1] INFO  server.RaftServerConfigKeys (ConfUtils.java:logGet(43)) - raft.server.rpc.timeout.min = 5s (custom)
2019-10-04 06:11:47,186 [pool-409-thread-1] INFO  server.RaftServerConfigKeys (ConfUtils.java:logGet(43)) - raft.server.log.corruption.policy = EXCEPTION (default)
2019-10-04 06:11:47,186 [pool-429-thread-1] INFO  server.RaftServerConfigKeys (ConfUtils.java:logGet(43)) - raft.server.rpc.timeout.max = 5200ms (custom)
2019-10-04 06:11:47,186 [pool-429-thread-1] INFO  server.RaftServerConfigKeys (ConfUtils.java:logGet(43)) - raft.server.rpcslowness.timeout = 120s (custom)
2019-10-04 06:11:47,186 [pool-419-thread-1] INFO  server.RaftServerConfigKeys (ConfUtils.java:logGet(43)) - raft.server.rpcslowness.timeout = 120s (custom)
2019-10-04 06:11:47,186 [pool-429-thread-1] INFO  server.RaftServerConfigKeys (ConfUtils.java:logGet(43)) - raft.server.sleep.deviation.threshold = 300 (default)
2019-10-04 06:11:47,186 [pool-409-thread-1] INFO  storage.RaftStorageDirectory (RaftStorageDirectory.java:analyzeStorage(246)) - The storage directory /workdir/hadoop-ozone/integration-test/target/test-dir/MiniOzoneClusterImpl-d4a22fe7-9819-4ee7-a95f-4f3286bed485/datanode-0/data/ratis/9e9a9395-46e5-4bc3-8f08-0d47b154aa78 does not exist. Creating ...
2019-10-04 06:11:47,187 [pool-429-thread-1] INFO  server.RaftServerConfigKeys (ConfUtils.java:logGet(43)) - raft.server.log.appender.install.snapshot.enabled = false (custom)
2019-10-04 06:11:47,187 [pool-419-thread-1] INFO  server.RaftServerConfigKeys (ConfUtils.java:logGet(43)) - raft.server.sleep.deviation.threshold = 300 (default)
2019-10-04 06:11:47,187 [pool-429-thread-1] INFO  impl.RaftServerImpl (ServerState.java:<init>(103)) - 527a20f0-e30e-4dab-a279-10d7b51e04de@group-0D47B154AA78: ConfigurationManager, init=-1: [bf1ec5b5-3666-4735-9952-1715c6fefd75:192.168.151.69:34880, 527a20f0-e30e-4dab-a279-10d7b51e04de:192.168.151.69:45574, 74712ee5-c933-4604-9105-8839fcc8eeda:192.168.151.69:35461], old=null, confs=<EMPTY_MAP>
2019-10-04 06:11:47,187 [pool-419-thread-1] INFO  server.RaftServerConfigKeys (ConfUtils.java:logGet(43)) - raft.server.log.appender.install.snapshot.enabled = false (custom)
2019-10-04 06:11:47,188 [pool-429-thread-1] INFO  server.RaftServerConfigKeys (ConfUtils.java:logGet(43)) - raft.server.storage.dir = [/workdir/hadoop-ozone/integration-test/target/test-dir/MiniOzoneClusterImpl-d4a22fe7-9819-4ee7-a95f-4f3286bed485/datanode-2/data/ratis] (custom)
2019-10-04 06:11:47,188 [pool-419-thread-1] INFO  impl.RaftServerImpl (ServerState.java:<init>(103)) - 74712ee5-c933-4604-9105-8839fcc8eeda@group-0D47B154AA78: ConfigurationManager, init=-1: [bf1ec5b5-3666-4735-9952-1715c6fefd75:192.168.151.69:34880, 527a20f0-e30e-4dab-a279-10d7b51e04de:192.168.151.69:45574, 74712ee5-c933-4604-9105-8839fcc8eeda:192.168.151.69:35461], old=null, confs=<EMPTY_MAP>
2019-10-04 06:11:47,188 [pool-419-thread-1] INFO  server.RaftServerConfigKeys (ConfUtils.java:logGet(43)) - raft.server.storage.dir = [/workdir/hadoop-ozone/integration-test/target/test-dir/MiniOzoneClusterImpl-d4a22fe7-9819-4ee7-a95f-4f3286bed485/datanode-1/data/ratis] (custom)
2019-10-04 06:11:47,188 [pool-429-thread-1] INFO  server.RaftServerConfigKeys (ConfUtils.java:logGet(43)) - raft.server.log.corruption.policy = EXCEPTION (default)
2019-10-04 06:11:47,188 [pool-419-thread-1] INFO  server.RaftServerConfigKeys (ConfUtils.java:logGet(43)) - raft.server.log.corruption.policy = EXCEPTION (default)
2019-10-04 06:11:47,188 [pool-429-thread-1] INFO  storage.RaftStorageDirectory (RaftStorageDirectory.java:analyzeStorage(246)) - The storage directory /workdir/hadoop-ozone/integration-test/target/test-dir/MiniOzoneClusterImpl-d4a22fe7-9819-4ee7-a95f-4f3286bed485/datanode-2/data/ratis/9e9a9395-46e5-4bc3-8f08-0d47b154aa78 does not exist. Creating ...
2019-10-04 06:11:47,188 [pool-419-thread-1] INFO  storage.RaftStorageDirectory (RaftStorageDirectory.java:analyzeStorage(246)) - The storage directory /workdir/hadoop-ozone/integration-test/target/test-dir/MiniOzoneClusterImpl-d4a22fe7-9819-4ee7-a95f-4f3286bed485/datanode-1/data/ratis/9e9a9395-46e5-4bc3-8f08-0d47b154aa78 does not exist. Creating ...
2019-10-04 06:11:47,200 [pool-419-thread-1] INFO  storage.RaftStorageDirectory (RaftStorageDirectory.java:tryLock(328)) - Lock on /workdir/hadoop-ozone/integration-test/target/test-dir/MiniOzoneClusterImpl-d4a22fe7-9819-4ee7-a95f-4f3286bed485/datanode-1/data/ratis/9e9a9395-46e5-4bc3-8f08-0d47b154aa78/in_use.lock acquired by nodename 18915@trunk-nightly-20191004-lpvmn-70278721
2019-10-04 06:11:47,200 [pool-409-thread-1] INFO  storage.RaftStorageDirectory (RaftStorageDirectory.java:tryLock(328)) - Lock on /workdir/hadoop-ozone/integration-test/target/test-dir/MiniOzoneClusterImpl-d4a22fe7-9819-4ee7-a95f-4f3286bed485/datanode-0/data/ratis/9e9a9395-46e5-4bc3-8f08-0d47b154aa78/in_use.lock acquired by nodename 18915@trunk-nightly-20191004-lpvmn-70278721
2019-10-04 06:11:47,200 [pool-429-thread-1] INFO  storage.RaftStorageDirectory (RaftStorageDirectory.java:tryLock(328)) - Lock on /workdir/hadoop-ozone/integration-test/target/test-dir/MiniOzoneClusterImpl-d4a22fe7-9819-4ee7-a95f-4f3286bed485/datanode-2/data/ratis/9e9a9395-46e5-4bc3-8f08-0d47b154aa78/in_use.lock acquired by nodename 18915@trunk-nightly-20191004-lpvmn-70278721
2019-10-04 06:11:47,214 [pool-419-thread-1] INFO  storage.RaftStorage (RaftStorage.java:format(84)) - Storage directory /workdir/hadoop-ozone/integration-test/target/test-dir/MiniOzoneClusterImpl-d4a22fe7-9819-4ee7-a95f-4f3286bed485/datanode-1/data/ratis/9e9a9395-46e5-4bc3-8f08-0d47b154aa78 has been successfully formatted.
2019-10-04 06:11:47,214 [pool-409-thread-1] INFO  storage.RaftStorage (RaftStorage.java:format(84)) - Storage directory /workdir/hadoop-ozone/integration-test/target/test-dir/MiniOzoneClusterImpl-d4a22fe7-9819-4ee7-a95f-4f3286bed485/datanode-0/data/ratis/9e9a9395-46e5-4bc3-8f08-0d47b154aa78 has been successfully formatted.
2019-10-04 06:11:47,214 [pool-429-thread-1] INFO  storage.RaftStorage (RaftStorage.java:format(84)) - Storage directory /workdir/hadoop-ozone/integration-test/target/test-dir/MiniOzoneClusterImpl-d4a22fe7-9819-4ee7-a95f-4f3286bed485/datanode-2/data/ratis/9e9a9395-46e5-4bc3-8f08-0d47b154aa78 has been successfully formatted.
2019-10-04 06:11:47,214 [pool-409-thread-1] INFO  ratis.ContainerStateMachine (ContainerStateMachine.java:loadSnapshot(230)) - group-0D47B154AA78: The snapshot info is null. Setting the last applied indexto:(t:0, i:~)
2019-10-04 06:11:47,214 [pool-419-thread-1] INFO  ratis.ContainerStateMachine (ContainerStateMachine.java:loadSnapshot(230)) - group-0D47B154AA78: The snapshot info is null. Setting the last applied indexto:(t:0, i:~)
2019-10-04 06:11:47,215 [pool-409-thread-1] INFO  server.RaftServerConfigKeys (ConfUtils.java:logGet(43)) - raft.server.notification.no-leader.timeout = 120s (custom)
2019-10-04 06:11:47,214 [pool-429-thread-1] INFO  ratis.ContainerStateMachine (ContainerStateMachine.java:loadSnapshot(230)) - group-0D47B154AA78: The snapshot info is null. Setting the last applied indexto:(t:0, i:~)
2019-10-04 06:11:47,215 [pool-409-thread-1] INFO  server.RaftServerConfigKeys (ConfUtils.java:logGet(43)) - raft.server.log.use.memory = false (default)
2019-10-04 06:11:47,215 [pool-419-thread-1] INFO  server.RaftServerConfigKeys (ConfUtils.java:logGet(43)) - raft.server.notification.no-leader.timeout = 120s (custom)
2019-10-04 06:11:47,215 [pool-409-thread-1] INFO  server.RaftServerConfigKeys (ConfUtils.java:logGet(43)) - raft.server.log.purge.gap = 1000000 (custom)
2019-10-04 06:11:47,215 [pool-429-thread-1] INFO  server.RaftServerConfigKeys (ConfUtils.java:logGet(43)) - raft.server.notification.no-leader.timeout = 120s (custom)
2019-10-04 06:11:47,215 [pool-409-thread-1] INFO  server.RaftServerConfigKeys (ConfUtils.java:logGet(43)) - raft.server.log.appender.buffer.byte-limit = 33554432 (custom)
2019-10-04 06:11:47,215 [pool-419-thread-1] INFO  server.RaftServerConfigKeys (ConfUtils.java:logGet(43)) - raft.server.log.use.memory = false (default)
2019-10-04 06:11:47,216 [pool-409-thread-1] INFO  server.RaftServerConfigKeys (ConfUtils.java:logGet(43)) - raft.server.log.segment.size.max = 1048576 (custom)
2019-10-04 06:11:47,216 [pool-429-thread-1] INFO  server.RaftServerConfigKeys (ConfUtils.java:logGet(43)) - raft.server.log.use.memory = false (default)
2019-10-04 06:11:47,216 [pool-409-thread-1] INFO  server.RaftServerConfigKeys (ConfUtils.java:logGet(43)) - raft.server.log.segment.cache.num.max = 2 (custom)
2019-10-04 06:11:47,216 [pool-419-thread-1] INFO  server.RaftServerConfigKeys (ConfUtils.java:logGet(43)) - raft.server.log.purge.gap = 1000000 (custom)
2019-10-04 06:11:47,216 [pool-409-thread-1] INFO  segmented.SegmentedRaftLogWorker (SegmentedRaftLogWorker.java:<init>(173)) - new bf1ec5b5-3666-4735-9952-1715c6fefd75@group-0D47B154AA78-SegmentedRaftLogWorker for RaftStorage:Storage Directory /workdir/hadoop-ozone/integration-test/target/test-dir/MiniOzoneClusterImpl-d4a22fe7-9819-4ee7-a95f-4f3286bed485/datanode-0/data/ratis/9e9a9395-46e5-4bc3-8f08-0d47b154aa78
2019-10-04 06:11:47,216 [pool-429-thread-1] INFO  server.RaftServerConfigKeys (ConfUtils.java:logGet(43)) - raft.server.log.purge.gap = 1000000 (custom)
2019-10-04 06:11:47,217 [pool-409-thread-1] INFO  server.RaftServerConfigKeys (ConfUtils.java:logGet(43)) - raft.server.log.queue.byte-limit = 2147483647 (custom)
2019-10-04 06:11:47,216 [pool-419-thread-1] INFO  server.RaftServerConfigKeys (ConfUtils.java:logGet(43)) - raft.server.log.appender.buffer.byte-limit = 33554432 (custom)
2019-10-04 06:11:47,217 [pool-409-thread-1] INFO  server.RaftServerConfigKeys (ConfUtils.java:logGet(43)) - raft.server.log.queue.element-limit = 1024 (custom)
2019-10-04 06:11:47,217 [pool-429-thread-1] INFO  server.RaftServerConfigKeys (ConfUtils.java:logGet(43)) - raft.server.log.appender.buffer.byte-limit = 33554432 (custom)
2019-10-04 06:11:47,217 [pool-409-thread-1] INFO  server.RaftServerConfigKeys (ConfUtils.java:logGet(43)) - raft.server.log.segment.size.max = 1048576 (custom)
2019-10-04 06:11:47,217 [pool-419-thread-1] INFO  server.RaftServerConfigKeys (ConfUtils.java:logGet(43)) - raft.server.log.segment.size.max = 1048576 (custom)
2019-10-04 06:11:47,217 [pool-409-thread-1] INFO  server.RaftServerConfigKeys (ConfUtils.java:logGet(43)) - raft.server.log.preallocated.size = 16384 (custom)
2019-10-04 06:11:47,217 [pool-429-thread-1] INFO  server.RaftServerConfigKeys (ConfUtils.java:logGet(43)) - raft.server.log.segment.size.max = 1048576 (custom)
2019-10-04 06:11:47,218 [pool-409-thread-1] INFO  server.RaftServerConfigKeys (ConfUtils.java:logGet(43)) - raft.server.log.write.buffer.size = 33554432 (custom)
2019-10-04 06:11:47,218 [pool-419-thread-1] INFO  server.RaftServerConfigKeys (ConfUtils.java:logGet(43)) - raft.server.log.segment.cache.num.max = 2 (custom)
2019-10-04 06:11:47,218 [pool-409-thread-1] INFO  server.RaftServerConfigKeys (ConfUtils.java:logGet(43)) - raft.server.log.force.sync.num = 128 (default)
2019-10-04 06:11:47,218 [pool-429-thread-1] INFO  server.RaftServerConfigKeys (ConfUtils.java:logGet(43)) - raft.server.log.segment.cache.num.max = 2 (custom)
2019-10-04 06:11:47,218 [pool-409-thread-1] INFO  server.RaftServerConfigKeys (ConfUtils.java:logGet(43)) - raft.server.log.statemachine.data.sync = true (default)
2019-10-04 06:11:47,218 [pool-419-thread-1] INFO  segmented.SegmentedRaftLogWorker (SegmentedRaftLogWorker.java:<init>(173)) - new 74712ee5-c933-4604-9105-8839fcc8eeda@group-0D47B154AA78-SegmentedRaftLogWorker for RaftStorage:Storage Directory /workdir/hadoop-ozone/integration-test/target/test-dir/MiniOzoneClusterImpl-d4a22fe7-9819-4ee7-a95f-4f3286bed485/datanode-1/data/ratis/9e9a9395-46e5-4bc3-8f08-0d47b154aa78
2019-10-04 06:11:47,219 [pool-409-thread-1] INFO  server.RaftServerConfigKeys (ConfUtils.java:logGet(43)) - raft.server.log.statemachine.data.sync.timeout = 10s (default)
2019-10-04 06:11:47,218 [pool-429-thread-1] INFO  segmented.SegmentedRaftLogWorker (SegmentedRaftLogWorker.java:<init>(173)) - new 527a20f0-e30e-4dab-a279-10d7b51e04de@group-0D47B154AA78-SegmentedRaftLogWorker for RaftStorage:Storage Directory /workdir/hadoop-ozone/integration-test/target/test-dir/MiniOzoneClusterImpl-d4a22fe7-9819-4ee7-a95f-4f3286bed485/datanode-2/data/ratis/9e9a9395-46e5-4bc3-8f08-0d47b154aa78
2019-10-04 06:11:47,219 [pool-409-thread-1] INFO  server.RaftServerConfigKeys (ConfUtils.java:logGet(43)) - raft.server.log.statemachine.data.sync.timeout.retry = -1 (default)
2019-10-04 06:11:47,219 [pool-419-thread-1] INFO  server.RaftServerConfigKeys (ConfUtils.java:logGet(43)) - raft.server.log.queue.byte-limit = 2147483647 (custom)
2019-10-04 06:11:47,219 [pool-409-thread-1] INFO  server.RaftServerConfigKeys (ConfUtils.java:logGet(43)) - raft.server.log.statemachine.data.caching.enabled = true (custom)
2019-10-04 06:11:47,219 [pool-429-thread-1] INFO  server.RaftServerConfigKeys (ConfUtils.java:logGet(43)) - raft.server.log.queue.byte-limit = 2147483647 (custom)
2019-10-04 06:11:47,219 [pool-419-thread-1] INFO  server.RaftServerConfigKeys (ConfUtils.java:logGet(43)) - raft.server.log.queue.element-limit = 1024 (custom)
2019-10-04 06:11:47,220 [pool-409-thread-1] INFO  segmented.SegmentedRaftLogWorker (SegmentedRaftLogWorker.java:lambda$new$0(128)) - bf1ec5b5-3666-4735-9952-1715c6fefd75@group-0D47B154AA78-SegmentedRaftLogWorker: flushIndex: setUnconditionally 0 -> -1
2019-10-04 06:11:47,220 [pool-429-thread-1] INFO  server.RaftServerConfigKeys (ConfUtils.java:logGet(43)) - raft.server.log.queue.element-limit = 1024 (custom)
2019-10-04 06:11:47,220 [pool-419-thread-1] INFO  server.RaftServerConfigKeys (ConfUtils.java:logGet(43)) - raft.server.log.segment.size.max = 1048576 (custom)
2019-10-04 06:11:47,220 [pool-409-thread-1] INFO  server.RaftServerConfigKeys (ConfUtils.java:logGet(43)) - raft.server.snapshot.auto.trigger.enabled = true (custom)
2019-10-04 06:11:47,220 [pool-429-thread-1] INFO  server.RaftServerConfigKeys (ConfUtils.java:logGet(43)) - raft.server.log.segment.size.max = 1048576 (custom)
2019-10-04 06:11:47,220 [pool-409-thread-1] INFO  server.RaftServerConfigKeys (ConfUtils.java:logGet(43)) - raft.server.snapshot.auto.trigger.threshold = 10000 (custom)
2019-10-04 06:11:47,220 [pool-419-thread-1] INFO  server.RaftServerConfigKeys (ConfUtils.java:logGet(43)) - raft.server.log.preallocated.size = 16384 (custom)
2019-10-04 06:11:47,221 [pool-409-thread-1] INFO  server.RaftServerConfigKeys (ConfUtils.java:logGet(43)) - raft.server.snapshot.retention.file.num = 5 (custom)
2019-10-04 06:11:47,220 [pool-429-thread-1] INFO  server.RaftServerConfigKeys (ConfUtils.java:logGet(43)) - raft.server.log.preallocated.size = 16384 (custom)
2019-10-04 06:11:47,221 [pool-409-thread-1] INFO  server.RaftServerConfigKeys (ConfUtils.java:logGet(43)) - raft.server.retrycache.expirytime = 600000ms (custom)
2019-10-04 06:11:47,221 [pool-419-thread-1] INFO  server.RaftServerConfigKeys (ConfUtils.java:logGet(43)) - raft.server.log.write.buffer.size = 33554432 (custom)
2019-10-04 06:11:47,221 [pool-419-thread-1] INFO  server.RaftServerConfigKeys (ConfUtils.java:logGet(43)) - raft.server.log.force.sync.num = 128 (default)
2019-10-04 06:11:47,221 [pool-429-thread-1] INFO  server.RaftServerConfigKeys (ConfUtils.java:logGet(43)) - raft.server.log.write.buffer.size = 33554432 (custom)
2019-10-04 06:11:47,221 [pool-419-thread-1] INFO  server.RaftServerConfigKeys (ConfUtils.java:logGet(43)) - raft.server.log.statemachine.data.sync = true (default)
2019-10-04 06:11:47,222 [pool-419-thread-1] INFO  server.RaftServerConfigKeys (ConfUtils.java:logGet(43)) - raft.server.log.statemachine.data.sync.timeout = 10s (default)
2019-10-04 06:11:47,221 [pool-429-thread-1] INFO  server.RaftServerConfigKeys (ConfUtils.java:logGet(43)) - raft.server.log.force.sync.num = 128 (default)
2019-10-04 06:11:47,222 [pool-419-thread-1] INFO  server.RaftServerConfigKeys (ConfUtils.java:logGet(43)) - raft.server.log.statemachine.data.sync.timeout.retry = -1 (default)
2019-10-04 06:11:47,222 [pool-429-thread-1] INFO  server.RaftServerConfigKeys (ConfUtils.java:logGet(43)) - raft.server.log.statemachine.data.sync = true (default)
2019-10-04 06:11:47,222 [pool-419-thread-1] INFO  server.RaftServerConfigKeys (ConfUtils.java:logGet(43)) - raft.server.log.statemachine.data.caching.enabled = true (custom)
2019-10-04 06:11:47,222 [pool-429-thread-1] INFO  server.RaftServerConfigKeys (ConfUtils.java:logGet(43)) - raft.server.log.statemachine.data.sync.timeout = 10s (default)
2019-10-04 06:11:47,222 [pool-429-thread-1] INFO  server.RaftServerConfigKeys (ConfUtils.java:logGet(43)) - raft.server.log.statemachine.data.sync.timeout.retry = -1 (default)
2019-10-04 06:11:47,222 [pool-419-thread-1] INFO  segmented.SegmentedRaftLogWorker (SegmentedRaftLogWorker.java:lambda$new$0(128)) - 74712ee5-c933-4604-9105-8839fcc8eeda@group-0D47B154AA78-SegmentedRaftLogWorker: flushIndex: setUnconditionally 0 -> -1
2019-10-04 06:11:47,223 [pool-429-thread-1] INFO  server.RaftServerConfigKeys (ConfUtils.java:logGet(43)) - raft.server.log.statemachine.data.caching.enabled = true (custom)
2019-10-04 06:11:47,223 [pool-419-thread-1] INFO  server.RaftServerConfigKeys (ConfUtils.java:logGet(43)) - raft.server.snapshot.auto.trigger.enabled = true (custom)
2019-10-04 06:11:47,223 [pool-429-thread-1] INFO  segmented.SegmentedRaftLogWorker (SegmentedRaftLogWorker.java:lambda$new$0(128)) - 527a20f0-e30e-4dab-a279-10d7b51e04de@group-0D47B154AA78-SegmentedRaftLogWorker: flushIndex: setUnconditionally 0 -> -1
2019-10-04 06:11:47,223 [pool-409-thread-1] INFO  impl.RaftServerImpl (RaftServerImpl.java:start(181)) - bf1ec5b5-3666-4735-9952-1715c6fefd75@group-0D47B154AA78: start as a follower, conf=-1: [bf1ec5b5-3666-4735-9952-1715c6fefd75:192.168.151.69:34880, 527a20f0-e30e-4dab-a279-10d7b51e04de:192.168.151.69:45574, 74712ee5-c933-4604-9105-8839fcc8eeda:192.168.151.69:35461], old=null
2019-10-04 06:11:47,223 [pool-419-thread-1] INFO  server.RaftServerConfigKeys (ConfUtils.java:logGet(43)) - raft.server.snapshot.auto.trigger.threshold = 10000 (custom)
2019-10-04 06:11:47,223 [pool-409-thread-1] INFO  impl.RaftServerImpl (RaftServerImpl.java:setRole(170)) - bf1ec5b5-3666-4735-9952-1715c6fefd75@group-0D47B154AA78: changes role from      null to FOLLOWER at term 0 for startAsFollower
2019-10-04 06:11:47,223 [pool-429-thread-1] INFO  server.RaftServerConfigKeys (ConfUtils.java:logGet(43)) - raft.server.snapshot.auto.trigger.enabled = true (custom)
2019-10-04 06:11:47,223 [pool-409-thread-1] INFO  impl.RoleInfo (RoleInfo.java:updateAndGet(143)) - bf1ec5b5-3666-4735-9952-1715c6fefd75: start FollowerState
2019-10-04 06:11:47,223 [pool-419-thread-1] INFO  server.RaftServerConfigKeys (ConfUtils.java:logGet(43)) - raft.server.snapshot.retention.file.num = 5 (custom)
2019-10-04 06:11:47,224 [pool-429-thread-1] INFO  server.RaftServerConfigKeys (ConfUtils.java:logGet(43)) - raft.server.snapshot.auto.trigger.threshold = 10000 (custom)
2019-10-04 06:11:47,224 [pool-419-thread-1] INFO  server.RaftServerConfigKeys (ConfUtils.java:logGet(43)) - raft.server.retrycache.expirytime = 600000ms (custom)
2019-10-04 06:11:47,231 [pool-409-thread-1] INFO  util.JmxRegister (JmxRegister.java:tryRegister(44)) - Successfully registered JMX Bean with object name Ratis:service=RaftServer,group=group-0D47B154AA78,id=bf1ec5b5-3666-4735-9952-1715c6fefd75
2019-10-04 06:11:47,224 [pool-429-thread-1] INFO  server.RaftServerConfigKeys (ConfUtils.java:logGet(43)) - raft.server.snapshot.retention.file.num = 5 (custom)
2019-10-04 06:11:47,232 [pool-429-thread-1] INFO  server.RaftServerConfigKeys (ConfUtils.java:logGet(43)) - raft.server.retrycache.expirytime = 600000ms (custom)
2019-10-04 06:11:47,233 [IPC Server handler 7 on 41527] INFO  net.NetworkTopology (NetworkTopologyImpl.java:add(111)) - Added a new node: /default-rack/288ed734-8626-4a59-8dff-6a62ea6d04c9
2019-10-04 06:11:47,234 [IPC Server handler 7 on 41527] INFO  node.SCMNodeManager (SCMNodeManager.java:register(266)) - Registered Data node : 288ed734-8626-4a59-8dff-6a62ea6d04c9{ip: 192.168.151.69, host: trunk-nightly-20191004-lpvmn-70278721, networkLocation: /default-rack, certSerialId: null}
2019-10-04 06:11:47,235 [pool-419-thread-1] INFO  impl.RaftServerImpl (RaftServerImpl.java:start(181)) - 74712ee5-c933-4604-9105-8839fcc8eeda@group-0D47B154AA78: start as a follower, conf=-1: [bf1ec5b5-3666-4735-9952-1715c6fefd75:192.168.151.69:34880, 527a20f0-e30e-4dab-a279-10d7b51e04de:192.168.151.69:45574, 74712ee5-c933-4604-9105-8839fcc8eeda:192.168.151.69:35461], old=null
2019-10-04 06:11:47,235 [pool-419-thread-1] INFO  impl.RaftServerImpl (RaftServerImpl.java:setRole(170)) - 74712ee5-c933-4604-9105-8839fcc8eeda@group-0D47B154AA78: changes role from      null to FOLLOWER at term 0 for startAsFollower
2019-10-04 06:11:47,235 [pool-419-thread-1] INFO  impl.RoleInfo (RoleInfo.java:updateAndGet(143)) - 74712ee5-c933-4604-9105-8839fcc8eeda: start FollowerState
2019-10-04 06:11:47,235 [pool-419-thread-1] INFO  util.JmxRegister (JmxRegister.java:tryRegister(44)) - Successfully registered JMX Bean with object name Ratis:service=RaftServer,group=group-0D47B154AA78,id=74712ee5-c933-4604-9105-8839fcc8eeda
2019-10-04 06:11:47,235 [pool-429-thread-1] INFO  impl.RaftServerImpl (RaftServerImpl.java:start(181)) - 527a20f0-e30e-4dab-a279-10d7b51e04de@group-0D47B154AA78: start as a follower, conf=-1: [bf1ec5b5-3666-4735-9952-1715c6fefd75:192.168.151.69:34880, 527a20f0-e30e-4dab-a279-10d7b51e04de:192.168.151.69:45574, 74712ee5-c933-4604-9105-8839fcc8eeda:192.168.151.69:35461], old=null
2019-10-04 06:11:47,235 [pool-429-thread-1] INFO  impl.RaftServerImpl (RaftServerImpl.java:setRole(170)) - 527a20f0-e30e-4dab-a279-10d7b51e04de@group-0D47B154AA78: changes role from      null to FOLLOWER at term 0 for startAsFollower
2019-10-04 06:11:47,243 [pool-429-thread-1] INFO  impl.RoleInfo (RoleInfo.java:updateAndGet(143)) - 527a20f0-e30e-4dab-a279-10d7b51e04de: start FollowerState
2019-10-04 06:11:47,243 [pool-429-thread-1] INFO  util.JmxRegister (JmxRegister.java:tryRegister(44)) - Successfully registered JMX Bean with object name Ratis:service=RaftServer,group=group-0D47B154AA78,id=527a20f0-e30e-4dab-a279-10d7b51e04de
2019-10-04 06:11:47,253 [RatisPipelineUtilsThread] INFO  pipeline.PipelineStateManager (PipelineStateManager.java:addPipeline(56)) - Created pipeline Pipeline[ Id: 9e9a9395-46e5-4bc3-8f08-0d47b154aa78, Nodes: 527a20f0-e30e-4dab-a279-10d7b51e04de{ip: 192.168.151.69, host: trunk-nightly-20191004-lpvmn-70278721, networkLocation: /default-rack, certSerialId: null}bf1ec5b5-3666-4735-9952-1715c6fefd75{ip: 192.168.151.69, host: trunk-nightly-20191004-lpvmn-70278721, networkLocation: /default-rack, certSerialId: null}74712ee5-c933-4604-9105-8839fcc8eeda{ip: 192.168.151.69, host: trunk-nightly-20191004-lpvmn-70278721, networkLocation: /default-rack, certSerialId: null}, Type:RATIS, Factor:THREE, State:OPEN]
2019-10-04 06:11:47,329 [IPC Server handler 0 on 41527] INFO  net.NetworkTopology (NetworkTopologyImpl.java:add(111)) - Added a new node: /default-rack/57bd6c27-13f9-4074-b08e-452facc4c933
2019-10-04 06:11:47,329 [IPC Server handler 0 on 41527] INFO  node.SCMNodeManager (SCMNodeManager.java:register(266)) - Registered Data node : 57bd6c27-13f9-4074-b08e-452facc4c933{ip: 192.168.151.69, host: trunk-nightly-20191004-lpvmn-70278721, networkLocation: /default-rack, certSerialId: null}
2019-10-04 06:11:47,342 [grpc-default-executor-7] INFO  impl.RaftServerProxy (RaftServerProxy.java:addNew(89)) - 57bd6c27-13f9-4074-b08e-452facc4c933: addNew group-6E535F1670AD:[57bd6c27-13f9-4074-b08e-452facc4c933:192.168.151.69:45376] returns group-6E535F1670AD:java.util.concurrent.CompletableFuture@145a9ce4[Not completed]
2019-10-04 06:11:47,346 [pool-459-thread-1] INFO  impl.RaftServerImpl (RaftServerImpl.java:<init>(95)) - 57bd6c27-13f9-4074-b08e-452facc4c933: new RaftServerImpl for group-6E535F1670AD:[57bd6c27-13f9-4074-b08e-452facc4c933:192.168.151.69:45376] with ContainerStateMachine:uninitialized
2019-10-04 06:11:47,346 [pool-459-thread-1] INFO  server.RaftServerConfigKeys (ConfUtils.java:logGet(43)) - raft.server.rpc.timeout.min = 5s (custom)
2019-10-04 06:11:47,346 [pool-459-thread-1] INFO  server.RaftServerConfigKeys (ConfUtils.java:logGet(43)) - raft.server.rpc.timeout.max = 5200ms (custom)
2019-10-04 06:11:47,346 [pool-459-thread-1] INFO  server.RaftServerConfigKeys (ConfUtils.java:logGet(43)) - raft.server.rpcslowness.timeout = 120s (custom)
2019-10-04 06:11:47,347 [pool-459-thread-1] INFO  server.RaftServerConfigKeys (ConfUtils.java:logGet(43)) - raft.server.sleep.deviation.threshold = 300 (default)
2019-10-04 06:11:47,347 [pool-459-thread-1] INFO  server.RaftServerConfigKeys (ConfUtils.java:logGet(43)) - raft.server.log.appender.install.snapshot.enabled = false (custom)
2019-10-04 06:11:47,347 [pool-459-thread-1] INFO  impl.RaftServerImpl (ServerState.java:<init>(103)) - 57bd6c27-13f9-4074-b08e-452facc4c933@group-6E535F1670AD: ConfigurationManager, init=-1: [57bd6c27-13f9-4074-b08e-452facc4c933:192.168.151.69:45376], old=null, confs=<EMPTY_MAP>
2019-10-04 06:11:47,347 [pool-459-thread-1] INFO  server.RaftServerConfigKeys (ConfUtils.java:logGet(43)) - raft.server.storage.dir = [/workdir/hadoop-ozone/integration-test/target/test-dir/MiniOzoneClusterImpl-d4a22fe7-9819-4ee7-a95f-4f3286bed485/datanode-5/data/ratis] (custom)
2019-10-04 06:11:47,347 [pool-459-thread-1] INFO  server.RaftServerConfigKeys (ConfUtils.java:logGet(43)) - raft.server.log.corruption.policy = EXCEPTION (default)
2019-10-04 06:11:47,348 [pool-459-thread-1] INFO  storage.RaftStorageDirectory (RaftStorageDirectory.java:analyzeStorage(246)) - The storage directory /workdir/hadoop-ozone/integration-test/target/test-dir/MiniOzoneClusterImpl-d4a22fe7-9819-4ee7-a95f-4f3286bed485/datanode-5/data/ratis/e2472a6a-c39b-4309-80da-6e535f1670ad does not exist. Creating ...
2019-10-04 06:11:47,361 [pool-459-thread-1] INFO  storage.RaftStorageDirectory (RaftStorageDirectory.java:tryLock(328)) - Lock on /workdir/hadoop-ozone/integration-test/target/test-dir/MiniOzoneClusterImpl-d4a22fe7-9819-4ee7-a95f-4f3286bed485/datanode-5/data/ratis/e2472a6a-c39b-4309-80da-6e535f1670ad/in_use.lock acquired by nodename 18915@trunk-nightly-20191004-lpvmn-70278721
2019-10-04 06:11:47,375 [pool-459-thread-1] INFO  storage.RaftStorage (RaftStorage.java:format(84)) - Storage directory /workdir/hadoop-ozone/integration-test/target/test-dir/MiniOzoneClusterImpl-d4a22fe7-9819-4ee7-a95f-4f3286bed485/datanode-5/data/ratis/e2472a6a-c39b-4309-80da-6e535f1670ad has been successfully formatted.
2019-10-04 06:11:47,375 [pool-459-thread-1] INFO  ratis.ContainerStateMachine (ContainerStateMachine.java:loadSnapshot(230)) - group-6E535F1670AD: The snapshot info is null. Setting the last applied indexto:(t:0, i:~)
2019-10-04 06:11:47,376 [pool-459-thread-1] INFO  server.RaftServerConfigKeys (ConfUtils.java:logGet(43)) - raft.server.notification.no-leader.timeout = 120s (custom)
2019-10-04 06:11:47,376 [pool-459-thread-1] INFO  server.RaftServerConfigKeys (ConfUtils.java:logGet(43)) - raft.server.log.use.memory = false (default)
2019-10-04 06:11:47,376 [pool-459-thread-1] INFO  server.RaftServerConfigKeys (ConfUtils.java:logGet(43)) - raft.server.log.purge.gap = 1000000 (custom)
2019-10-04 06:11:47,376 [pool-459-thread-1] INFO  server.RaftServerConfigKeys (ConfUtils.java:logGet(43)) - raft.server.log.appender.buffer.byte-limit = 33554432 (custom)
2019-10-04 06:11:47,376 [pool-459-thread-1] INFO  server.RaftServerConfigKeys (ConfUtils.java:logGet(43)) - raft.server.log.segment.size.max = 1048576 (custom)
2019-10-04 06:11:47,378 [pool-459-thread-1] INFO  server.RaftServerConfigKeys (ConfUtils.java:logGet(43)) - raft.server.log.segment.cache.num.max = 2 (custom)
2019-10-04 06:11:47,378 [pool-459-thread-1] INFO  segmented.SegmentedRaftLogWorker (SegmentedRaftLogWorker.java:<init>(173)) - new 57bd6c27-13f9-4074-b08e-452facc4c933@group-6E535F1670AD-SegmentedRaftLogWorker for RaftStorage:Storage Directory /workdir/hadoop-ozone/integration-test/target/test-dir/MiniOzoneClusterImpl-d4a22fe7-9819-4ee7-a95f-4f3286bed485/datanode-5/data/ratis/e2472a6a-c39b-4309-80da-6e535f1670ad
2019-10-04 06:11:47,378 [pool-459-thread-1] INFO  server.RaftServerConfigKeys (ConfUtils.java:logGet(43)) - raft.server.log.queue.byte-limit = 2147483647 (custom)
2019-10-04 06:11:47,379 [pool-459-thread-1] INFO  server.RaftServerConfigKeys (ConfUtils.java:logGet(43)) - raft.server.log.queue.element-limit = 1024 (custom)
2019-10-04 06:11:47,379 [pool-459-thread-1] INFO  server.RaftServerConfigKeys (ConfUtils.java:logGet(43)) - raft.server.log.segment.size.max = 1048576 (custom)
2019-10-04 06:11:47,379 [pool-459-thread-1] INFO  server.RaftServerConfigKeys (ConfUtils.java:logGet(43)) - raft.server.log.preallocated.size = 16384 (custom)
2019-10-04 06:11:47,379 [pool-459-thread-1] INFO  server.RaftServerConfigKeys (ConfUtils.java:logGet(43)) - raft.server.log.write.buffer.size = 33554432 (custom)
2019-10-04 06:11:47,379 [pool-459-thread-1] INFO  server.RaftServerConfigKeys (ConfUtils.java:logGet(43)) - raft.server.log.force.sync.num = 128 (default)
2019-10-04 06:11:47,379 [pool-459-thread-1] INFO  server.RaftServerConfigKeys (ConfUtils.java:logGet(43)) - raft.server.log.statemachine.data.sync = true (default)
2019-10-04 06:11:47,380 [pool-459-thread-1] INFO  server.RaftServerConfigKeys (ConfUtils.java:logGet(43)) - raft.server.log.statemachine.data.sync.timeout = 10s (default)
2019-10-04 06:11:47,380 [pool-459-thread-1] INFO  server.RaftServerConfigKeys (ConfUtils.java:logGet(43)) - raft.server.log.statemachine.data.sync.timeout.retry = -1 (default)
2019-10-04 06:11:47,380 [pool-459-thread-1] INFO  server.RaftServerConfigKeys (ConfUtils.java:logGet(43)) - raft.server.log.statemachine.data.caching.enabled = true (custom)
2019-10-04 06:11:47,381 [pool-459-thread-1] INFO  segmented.SegmentedRaftLogWorker (SegmentedRaftLogWorker.java:lambda$new$0(128)) - 57bd6c27-13f9-4074-b08e-452facc4c933@group-6E535F1670AD-SegmentedRaftLogWorker: flushIndex: setUnconditionally 0 -> -1
2019-10-04 06:11:47,381 [pool-459-thread-1] INFO  server.RaftServerConfigKeys (ConfUtils.java:logGet(43)) - raft.server.snapshot.auto.trigger.enabled = true (custom)
2019-10-04 06:11:47,381 [pool-459-thread-1] INFO  server.RaftServerConfigKeys (ConfUtils.java:logGet(43)) - raft.server.snapshot.auto.trigger.threshold = 10000 (custom)
2019-10-04 06:11:47,381 [pool-459-thread-1] INFO  server.RaftServerConfigKeys (ConfUtils.java:logGet(43)) - raft.server.snapshot.retention.file.num = 5 (custom)
2019-10-04 06:11:47,381 [pool-459-thread-1] INFO  server.RaftServerConfigKeys (ConfUtils.java:logGet(43)) - raft.server.retrycache.expirytime = 600000ms (custom)
2019-10-04 06:11:47,383 [pool-459-thread-1] INFO  impl.RaftServerImpl (RaftServerImpl.java:start(181)) - 57bd6c27-13f9-4074-b08e-452facc4c933@group-6E535F1670AD: start as a follower, conf=-1: [57bd6c27-13f9-4074-b08e-452facc4c933:192.168.151.69:45376], old=null
2019-10-04 06:11:47,383 [pool-459-thread-1] INFO  impl.RaftServerImpl (RaftServerImpl.java:setRole(170)) - 57bd6c27-13f9-4074-b08e-452facc4c933@group-6E535F1670AD: changes role from      null to FOLLOWER at term 0 for startAsFollower
2019-10-04 06:11:47,383 [pool-459-thread-1] INFO  impl.RoleInfo (RoleInfo.java:updateAndGet(143)) - 57bd6c27-13f9-4074-b08e-452facc4c933: start FollowerState
2019-10-04 06:11:47,384 [pool-459-thread-1] INFO  util.JmxRegister (JmxRegister.java:tryRegister(44)) - Successfully registered JMX Bean with object name Ratis:service=RaftServer,group=group-6E535F1670AD,id=57bd6c27-13f9-4074-b08e-452facc4c933
2019-10-04 06:11:47,390 [RatisPipelineUtilsThread] INFO  pipeline.PipelineStateManager (PipelineStateManager.java:addPipeline(56)) - Created pipeline Pipeline[ Id: e2472a6a-c39b-4309-80da-6e535f1670ad, Nodes: 57bd6c27-13f9-4074-b08e-452facc4c933{ip: 192.168.151.69, host: trunk-nightly-20191004-lpvmn-70278721, networkLocation: /default-rack, certSerialId: null}, Type:RATIS, Factor:ONE, State:OPEN]
2019-10-04 06:11:47,399 [grpc-default-executor-7] INFO  impl.RaftServerProxy (RaftServerProxy.java:addNew(89)) - 362ad445-5bb7-42b7-b6c6-45b485604b6f: addNew group-4A1B1A25A002:[362ad445-5bb7-42b7-b6c6-45b485604b6f:192.168.151.69:42652] returns group-4A1B1A25A002:java.util.concurrent.CompletableFuture@22ad7d86[Not completed]
2019-10-04 06:11:47,401 [pool-439-thread-1] INFO  impl.RaftServerImpl (RaftServerImpl.java:<init>(95)) - 362ad445-5bb7-42b7-b6c6-45b485604b6f: new RaftServerImpl for group-4A1B1A25A002:[362ad445-5bb7-42b7-b6c6-45b485604b6f:192.168.151.69:42652] with ContainerStateMachine:uninitialized
2019-10-04 06:11:47,401 [pool-439-thread-1] INFO  server.RaftServerConfigKeys (ConfUtils.java:logGet(43)) - raft.server.rpc.timeout.min = 5s (custom)
2019-10-04 06:11:47,401 [pool-439-thread-1] INFO  server.RaftServerConfigKeys (ConfUtils.java:logGet(43)) - raft.server.rpc.timeout.max = 5200ms (custom)
2019-10-04 06:11:47,401 [pool-439-thread-1] INFO  server.RaftServerConfigKeys (ConfUtils.java:logGet(43)) - raft.server.rpcslowness.timeout = 120s (custom)
2019-10-04 06:11:47,401 [pool-439-thread-1] INFO  server.RaftServerConfigKeys (ConfUtils.java:logGet(43)) - raft.server.sleep.deviation.threshold = 300 (default)
2019-10-04 06:11:47,401 [pool-439-thread-1] INFO  server.RaftServerConfigKeys (ConfUtils.java:logGet(43)) - raft.server.log.appender.install.snapshot.enabled = false (custom)
2019-10-04 06:11:47,402 [pool-439-thread-1] INFO  impl.RaftServerImpl (ServerState.java:<init>(103)) - 362ad445-5bb7-42b7-b6c6-45b485604b6f@group-4A1B1A25A002: ConfigurationManager, init=-1: [362ad445-5bb7-42b7-b6c6-45b485604b6f:192.168.151.69:42652], old=null, confs=<EMPTY_MAP>
2019-10-04 06:11:47,402 [pool-439-thread-1] INFO  server.RaftServerConfigKeys (ConfUtils.java:logGet(43)) - raft.server.storage.dir = [/workdir/hadoop-ozone/integration-test/target/test-dir/MiniOzoneClusterImpl-d4a22fe7-9819-4ee7-a95f-4f3286bed485/datanode-3/data/ratis] (custom)
2019-10-04 06:11:47,402 [pool-439-thread-1] INFO  server.RaftServerConfigKeys (ConfUtils.java:logGet(43)) - raft.server.log.corruption.policy = EXCEPTION (default)
2019-10-04 06:11:47,402 [pool-439-thread-1] INFO  storage.RaftStorageDirectory (RaftStorageDirectory.java:analyzeStorage(246)) - The storage directory /workdir/hadoop-ozone/integration-test/target/test-dir/MiniOzoneClusterImpl-d4a22fe7-9819-4ee7-a95f-4f3286bed485/datanode-3/data/ratis/ad36076a-dd04-404f-a503-4a1b1a25a002 does not exist. Creating ...
2019-10-04 06:11:47,404 [IPC Server handler 1 on 41527] INFO  net.NetworkTopology (NetworkTopologyImpl.java:add(111)) - Added a new node: /default-rack/76a33ec4-135c-408f-b380-a95c5228c742
2019-10-04 06:11:47,405 [IPC Server handler 1 on 41527] INFO  node.SCMNodeManager (SCMNodeManager.java:register(266)) - Registered Data node : 76a33ec4-135c-408f-b380-a95c5228c742{ip: 192.168.151.69, host: trunk-nightly-20191004-lpvmn-70278721, networkLocation: /default-rack, certSerialId: null}
2019-10-04 06:11:47,405 [main] INFO  ozone.MiniOzoneClusterImpl (MiniOzoneClusterImpl.java:lambda$waitForClusterToBeReady$0(147)) - Cluster is ready. Got 7 of 7 DN Heartbeats.
2019-10-04 06:11:47,416 [pool-439-thread-1] INFO  storage.RaftStorageDirectory (RaftStorageDirectory.java:tryLock(328)) - Lock on /workdir/hadoop-ozone/integration-test/target/test-dir/MiniOzoneClusterImpl-d4a22fe7-9819-4ee7-a95f-4f3286bed485/datanode-3/data/ratis/ad36076a-dd04-404f-a503-4a1b1a25a002/in_use.lock acquired by nodename 18915@trunk-nightly-20191004-lpvmn-70278721
2019-10-04 06:11:47,442 [pool-439-thread-1] INFO  storage.RaftStorage (RaftStorage.java:format(84)) - Storage directory /workdir/hadoop-ozone/integration-test/target/test-dir/MiniOzoneClusterImpl-d4a22fe7-9819-4ee7-a95f-4f3286bed485/datanode-3/data/ratis/ad36076a-dd04-404f-a503-4a1b1a25a002 has been successfully formatted.
2019-10-04 06:11:47,443 [pool-439-thread-1] INFO  ratis.ContainerStateMachine (ContainerStateMachine.java:loadSnapshot(230)) - group-4A1B1A25A002: The snapshot info is null. Setting the last applied indexto:(t:0, i:~)
2019-10-04 06:11:47,443 [pool-439-thread-1] INFO  server.RaftServerConfigKeys (ConfUtils.java:logGet(43)) - raft.server.notification.no-leader.timeout = 120s (custom)
2019-10-04 06:11:47,443 [pool-439-thread-1] INFO  server.RaftServerConfigKeys (ConfUtils.java:logGet(43)) - raft.server.log.use.memory = false (default)
2019-10-04 06:11:47,443 [pool-439-thread-1] INFO  server.RaftServerConfigKeys (ConfUtils.java:logGet(43)) - raft.server.log.purge.gap = 1000000 (custom)
2019-10-04 06:11:47,443 [pool-439-thread-1] INFO  server.RaftServerConfigKeys (ConfUtils.java:logGet(43)) - raft.server.log.appender.buffer.byte-limit = 33554432 (custom)
2019-10-04 06:11:47,444 [pool-439-thread-1] INFO  server.RaftServerConfigKeys (ConfUtils.java:logGet(43)) - raft.server.log.segment.size.max = 1048576 (custom)
2019-10-04 06:11:47,445 [pool-439-thread-1] INFO  server.RaftServerConfigKeys (ConfUtils.java:logGet(43)) - raft.server.log.segment.cache.num.max = 2 (custom)
2019-10-04 06:11:47,445 [pool-439-thread-1] INFO  segmented.SegmentedRaftLogWorker (SegmentedRaftLogWorker.java:<init>(173)) - new 362ad445-5bb7-42b7-b6c6-45b485604b6f@group-4A1B1A25A002-SegmentedRaftLogWorker for RaftStorage:Storage Directory /workdir/hadoop-ozone/integration-test/target/test-dir/MiniOzoneClusterImpl-d4a22fe7-9819-4ee7-a95f-4f3286bed485/datanode-3/data/ratis/ad36076a-dd04-404f-a503-4a1b1a25a002
2019-10-04 06:11:47,446 [pool-439-thread-1] INFO  server.RaftServerConfigKeys (ConfUtils.java:logGet(43)) - raft.server.log.queue.byte-limit = 2147483647 (custom)
2019-10-04 06:11:47,446 [pool-439-thread-1] INFO  server.RaftServerConfigKeys (ConfUtils.java:logGet(43)) - raft.server.log.queue.element-limit = 1024 (custom)
2019-10-04 06:11:47,446 [pool-439-thread-1] INFO  server.RaftServerConfigKeys (ConfUtils.java:logGet(43)) - raft.server.log.segment.size.max = 1048576 (custom)
2019-10-04 06:11:47,448 [pool-439-thread-1] INFO  server.RaftServerConfigKeys (ConfUtils.java:logGet(43)) - raft.server.log.preallocated.size = 16384 (custom)
2019-10-04 06:11:47,448 [pool-439-thread-1] INFO  server.RaftServerConfigKeys (ConfUtils.java:logGet(43)) - raft.server.log.write.buffer.size = 33554432 (custom)
2019-10-04 06:11:47,449 [pool-439-thread-1] INFO  server.RaftServerConfigKeys (ConfUtils.java:logGet(43)) - raft.server.log.force.sync.num = 128 (default)
2019-10-04 06:11:47,449 [pool-439-thread-1] INFO  server.RaftServerConfigKeys (ConfUtils.java:logGet(43)) - raft.server.log.statemachine.data.sync = true (default)
2019-10-04 06:11:47,449 [pool-439-thread-1] INFO  server.RaftServerConfigKeys (ConfUtils.java:logGet(43)) - raft.server.log.statemachine.data.sync.timeout = 10s (default)
2019-10-04 06:11:47,449 [pool-439-thread-1] INFO  server.RaftServerConfigKeys (ConfUtils.java:logGet(43)) - raft.server.log.statemachine.data.sync.timeout.retry = -1 (default)
2019-10-04 06:11:47,450 [pool-439-thread-1] INFO  server.RaftServerConfigKeys (ConfUtils.java:logGet(43)) - raft.server.log.statemachine.data.caching.enabled = true (custom)
2019-10-04 06:11:47,450 [pool-439-thread-1] INFO  segmented.SegmentedRaftLogWorker (SegmentedRaftLogWorker.java:lambda$new$0(128)) - 362ad445-5bb7-42b7-b6c6-45b485604b6f@group-4A1B1A25A002-SegmentedRaftLogWorker: flushIndex: setUnconditionally 0 -> -1
2019-10-04 06:11:47,450 [main] INFO  rpc.RpcClient (RpcClient.java:createVolume(277)) - Creating Volume: testblockoutputstream, with jenkins1000 as owner.
2019-10-04 06:11:47,450 [pool-439-thread-1] INFO  server.RaftServerConfigKeys (ConfUtils.java:logGet(43)) - raft.server.snapshot.auto.trigger.enabled = true (custom)
2019-10-04 06:11:47,451 [pool-439-thread-1] INFO  server.RaftServerConfigKeys (ConfUtils.java:logGet(43)) - raft.server.snapshot.auto.trigger.threshold = 10000 (custom)
2019-10-04 06:11:47,451 [pool-439-thread-1] INFO  server.RaftServerConfigKeys (ConfUtils.java:logGet(43)) - raft.server.snapshot.retention.file.num = 5 (custom)
2019-10-04 06:11:47,451 [pool-439-thread-1] INFO  server.RaftServerConfigKeys (ConfUtils.java:logGet(43)) - raft.server.retrycache.expirytime = 600000ms (custom)
2019-10-04 06:11:47,453 [pool-439-thread-1] INFO  impl.RaftServerImpl (RaftServerImpl.java:start(181)) - 362ad445-5bb7-42b7-b6c6-45b485604b6f@group-4A1B1A25A002: start as a follower, conf=-1: [362ad445-5bb7-42b7-b6c6-45b485604b6f:192.168.151.69:42652], old=null
2019-10-04 06:11:47,453 [pool-439-thread-1] INFO  impl.RaftServerImpl (RaftServerImpl.java:setRole(170)) - 362ad445-5bb7-42b7-b6c6-45b485604b6f@group-4A1B1A25A002: changes role from      null to FOLLOWER at term 0 for startAsFollower
2019-10-04 06:11:47,453 [pool-439-thread-1] INFO  impl.RoleInfo (RoleInfo.java:updateAndGet(143)) - 362ad445-5bb7-42b7-b6c6-45b485604b6f: start FollowerState
2019-10-04 06:11:47,453 [pool-439-thread-1] INFO  util.JmxRegister (JmxRegister.java:tryRegister(44)) - Successfully registered JMX Bean with object name Ratis:service=RaftServer,group=group-4A1B1A25A002,id=362ad445-5bb7-42b7-b6c6-45b485604b6f
2019-10-04 06:11:47,454 [IPC Server handler 1 on 43520] INFO  volume.OMVolumeCreateRequest (OMVolumeCreateRequest.java:validateAndUpdateCache(193)) - created volume:testblockoutputstream for user:jenkins1000
2019-10-04 06:11:47,462 [RatisPipelineUtilsThread] INFO  pipeline.PipelineStateManager (PipelineStateManager.java:addPipeline(56)) - Created pipeline Pipeline[ Id: ad36076a-dd04-404f-a503-4a1b1a25a002, Nodes: 362ad445-5bb7-42b7-b6c6-45b485604b6f{ip: 192.168.151.69, host: trunk-nightly-20191004-lpvmn-70278721, networkLocation: /default-rack, certSerialId: null}, Type:RATIS, Factor:ONE, State:OPEN]
2019-10-04 06:11:47,470 [main] INFO  rpc.RpcClient (RpcClient.java:createBucket(416)) - Creating Bucket: testblockoutputstream/testblockoutputstream, with Versioning false and Storage Type set to DISK and Encryption set to false 
2019-10-04 06:11:47,478 [grpc-default-executor-7] INFO  impl.RaftServerProxy (RaftServerProxy.java:addNew(89)) - 76a33ec4-135c-408f-b380-a95c5228c742: addNew group-AB4820BA8130:[76a33ec4-135c-408f-b380-a95c5228c742:192.168.151.69:44502] returns group-AB4820BA8130:java.util.concurrent.CompletableFuture@6d62bddc[Not completed]
2019-10-04 06:11:47,479 [pool-469-thread-1] INFO  impl.RaftServerImpl (RaftServerImpl.java:<init>(95)) - 76a33ec4-135c-408f-b380-a95c5228c742: new RaftServerImpl for group-AB4820BA8130:[76a33ec4-135c-408f-b380-a95c5228c742:192.168.151.69:44502] with ContainerStateMachine:uninitialized
2019-10-04 06:11:47,479 [pool-469-thread-1] INFO  server.RaftServerConfigKeys (ConfUtils.java:logGet(43)) - raft.server.rpc.timeout.min = 5s (custom)
2019-10-04 06:11:47,480 [pool-469-thread-1] INFO  server.RaftServerConfigKeys (ConfUtils.java:logGet(43)) - raft.server.rpc.timeout.max = 5200ms (custom)
2019-10-04 06:11:47,480 [pool-469-thread-1] INFO  server.RaftServerConfigKeys (ConfUtils.java:logGet(43)) - raft.server.rpcslowness.timeout = 120s (custom)
2019-10-04 06:11:47,480 [pool-469-thread-1] INFO  server.RaftServerConfigKeys (ConfUtils.java:logGet(43)) - raft.server.sleep.deviation.threshold = 300 (default)
2019-10-04 06:11:47,480 [pool-469-thread-1] INFO  server.RaftServerConfigKeys (ConfUtils.java:logGet(43)) - raft.server.log.appender.install.snapshot.enabled = false (custom)
2019-10-04 06:11:47,480 [pool-469-thread-1] INFO  impl.RaftServerImpl (ServerState.java:<init>(103)) - 76a33ec4-135c-408f-b380-a95c5228c742@group-AB4820BA8130: ConfigurationManager, init=-1: [76a33ec4-135c-408f-b380-a95c5228c742:192.168.151.69:44502], old=null, confs=<EMPTY_MAP>
2019-10-04 06:11:47,480 [pool-469-thread-1] INFO  server.RaftServerConfigKeys (ConfUtils.java:logGet(43)) - raft.server.storage.dir = [/workdir/hadoop-ozone/integration-test/target/test-dir/MiniOzoneClusterImpl-d4a22fe7-9819-4ee7-a95f-4f3286bed485/datanode-6/data/ratis] (custom)
2019-10-04 06:11:47,481 [pool-469-thread-1] INFO  server.RaftServerConfigKeys (ConfUtils.java:logGet(43)) - raft.server.log.corruption.policy = EXCEPTION (default)
2019-10-04 06:11:47,481 [pool-469-thread-1] INFO  storage.RaftStorageDirectory (RaftStorageDirectory.java:analyzeStorage(246)) - The storage directory /workdir/hadoop-ozone/integration-test/target/test-dir/MiniOzoneClusterImpl-d4a22fe7-9819-4ee7-a95f-4f3286bed485/datanode-6/data/ratis/0112afd8-2e70-4b3b-9476-ab4820ba8130 does not exist. Creating ...
2019-10-04 06:11:47,494 [pool-469-thread-1] INFO  storage.RaftStorageDirectory (RaftStorageDirectory.java:tryLock(328)) - Lock on /workdir/hadoop-ozone/integration-test/target/test-dir/MiniOzoneClusterImpl-d4a22fe7-9819-4ee7-a95f-4f3286bed485/datanode-6/data/ratis/0112afd8-2e70-4b3b-9476-ab4820ba8130/in_use.lock acquired by nodename 18915@trunk-nightly-20191004-lpvmn-70278721
2019-10-04 06:11:47,509 [pool-469-thread-1] INFO  storage.RaftStorage (RaftStorage.java:format(84)) - Storage directory /workdir/hadoop-ozone/integration-test/target/test-dir/MiniOzoneClusterImpl-d4a22fe7-9819-4ee7-a95f-4f3286bed485/datanode-6/data/ratis/0112afd8-2e70-4b3b-9476-ab4820ba8130 has been successfully formatted.
2019-10-04 06:11:47,509 [pool-469-thread-1] INFO  ratis.ContainerStateMachine (ContainerStateMachine.java:loadSnapshot(230)) - group-AB4820BA8130: The snapshot info is null. Setting the last applied indexto:(t:0, i:~)
2019-10-04 06:11:47,509 [pool-469-thread-1] INFO  server.RaftServerConfigKeys (ConfUtils.java:logGet(43)) - raft.server.notification.no-leader.timeout = 120s (custom)
2019-10-04 06:11:47,509 [pool-469-thread-1] INFO  server.RaftServerConfigKeys (ConfUtils.java:logGet(43)) - raft.server.log.use.memory = false (default)
2019-10-04 06:11:47,509 [pool-469-thread-1] INFO  server.RaftServerConfigKeys (ConfUtils.java:logGet(43)) - raft.server.log.purge.gap = 1000000 (custom)
2019-10-04 06:11:47,509 [pool-469-thread-1] INFO  server.RaftServerConfigKeys (ConfUtils.java:logGet(43)) - raft.server.log.appender.buffer.byte-limit = 33554432 (custom)
2019-10-04 06:11:47,509 [pool-469-thread-1] INFO  server.RaftServerConfigKeys (ConfUtils.java:logGet(43)) - raft.server.log.segment.size.max = 1048576 (custom)
2019-10-04 06:11:47,511 [pool-469-thread-1] INFO  server.RaftServerConfigKeys (ConfUtils.java:logGet(43)) - raft.server.log.segment.cache.num.max = 2 (custom)
2019-10-04 06:11:47,511 [pool-469-thread-1] INFO  segmented.SegmentedRaftLogWorker (SegmentedRaftLogWorker.java:<init>(173)) - new 76a33ec4-135c-408f-b380-a95c5228c742@group-AB4820BA8130-SegmentedRaftLogWorker for RaftStorage:Storage Directory /workdir/hadoop-ozone/integration-test/target/test-dir/MiniOzoneClusterImpl-d4a22fe7-9819-4ee7-a95f-4f3286bed485/datanode-6/data/ratis/0112afd8-2e70-4b3b-9476-ab4820ba8130
2019-10-04 06:11:47,511 [pool-469-thread-1] INFO  server.RaftServerConfigKeys (ConfUtils.java:logGet(43)) - raft.server.log.queue.byte-limit = 2147483647 (custom)
2019-10-04 06:11:47,511 [pool-469-thread-1] INFO  server.RaftServerConfigKeys (ConfUtils.java:logGet(43)) - raft.server.log.queue.element-limit = 1024 (custom)
2019-10-04 06:11:47,511 [pool-469-thread-1] INFO  server.RaftServerConfigKeys (ConfUtils.java:logGet(43)) - raft.server.log.segment.size.max = 1048576 (custom)
2019-10-04 06:11:47,511 [pool-469-thread-1] INFO  server.RaftServerConfigKeys (ConfUtils.java:logGet(43)) - raft.server.log.preallocated.size = 16384 (custom)
2019-10-04 06:11:47,512 [pool-469-thread-1] INFO  server.RaftServerConfigKeys (ConfUtils.java:logGet(43)) - raft.server.log.write.buffer.size = 33554432 (custom)
2019-10-04 06:11:47,512 [pool-469-thread-1] INFO  server.RaftServerConfigKeys (ConfUtils.java:logGet(43)) - raft.server.log.force.sync.num = 128 (default)
2019-10-04 06:11:47,512 [pool-469-thread-1] INFO  server.RaftServerConfigKeys (ConfUtils.java:logGet(43)) - raft.server.log.statemachine.data.sync = true (default)
2019-10-04 06:11:47,512 [pool-469-thread-1] INFO  server.RaftServerConfigKeys (ConfUtils.java:logGet(43)) - raft.server.log.statemachine.data.sync.timeout = 10s (default)
2019-10-04 06:11:47,512 [pool-469-thread-1] INFO  server.RaftServerConfigKeys (ConfUtils.java:logGet(43)) - raft.server.log.statemachine.data.sync.timeout.retry = -1 (default)
2019-10-04 06:11:47,512 [pool-469-thread-1] INFO  server.RaftServerConfigKeys (ConfUtils.java:logGet(43)) - raft.server.log.statemachine.data.caching.enabled = true (custom)
2019-10-04 06:11:47,513 [pool-469-thread-1] INFO  segmented.SegmentedRaftLogWorker (SegmentedRaftLogWorker.java:lambda$new$0(128)) - 76a33ec4-135c-408f-b380-a95c5228c742@group-AB4820BA8130-SegmentedRaftLogWorker: flushIndex: setUnconditionally 0 -> -1
2019-10-04 06:11:47,514 [pool-469-thread-1] INFO  server.RaftServerConfigKeys (ConfUtils.java:logGet(43)) - raft.server.snapshot.auto.trigger.enabled = true (custom)
2019-10-04 06:11:47,514 [pool-469-thread-1] INFO  server.RaftServerConfigKeys (ConfUtils.java:logGet(43)) - raft.server.snapshot.auto.trigger.threshold = 10000 (custom)
2019-10-04 06:11:47,514 [pool-469-thread-1] INFO  server.RaftServerConfigKeys (ConfUtils.java:logGet(43)) - raft.server.snapshot.retention.file.num = 5 (custom)
2019-10-04 06:11:47,514 [pool-469-thread-1] INFO  server.RaftServerConfigKeys (ConfUtils.java:logGet(43)) - raft.server.retrycache.expirytime = 600000ms (custom)
2019-10-04 06:11:47,515 [pool-469-thread-1] INFO  impl.RaftServerImpl (RaftServerImpl.java:start(181)) - 76a33ec4-135c-408f-b380-a95c5228c742@group-AB4820BA8130: start as a follower, conf=-1: [76a33ec4-135c-408f-b380-a95c5228c742:192.168.151.69:44502], old=null
2019-10-04 06:11:47,515 [pool-469-thread-1] INFO  impl.RaftServerImpl (RaftServerImpl.java:setRole(170)) - 76a33ec4-135c-408f-b380-a95c5228c742@group-AB4820BA8130: changes role from      null to FOLLOWER at term 0 for startAsFollower
2019-10-04 06:11:47,516 [pool-469-thread-1] INFO  impl.RoleInfo (RoleInfo.java:updateAndGet(143)) - 76a33ec4-135c-408f-b380-a95c5228c742: start FollowerState
2019-10-04 06:11:47,516 [pool-469-thread-1] INFO  util.JmxRegister (JmxRegister.java:tryRegister(44)) - Successfully registered JMX Bean with object name Ratis:service=RaftServer,group=group-AB4820BA8130,id=76a33ec4-135c-408f-b380-a95c5228c742
2019-10-04 06:11:47,523 [RatisPipelineUtilsThread] INFO  pipeline.PipelineStateManager (PipelineStateManager.java:addPipeline(56)) - Created pipeline Pipeline[ Id: 0112afd8-2e70-4b3b-9476-ab4820ba8130, Nodes: 76a33ec4-135c-408f-b380-a95c5228c742{ip: 192.168.151.69, host: trunk-nightly-20191004-lpvmn-70278721, networkLocation: /default-rack, certSerialId: null}, Type:RATIS, Factor:ONE, State:OPEN]
2019-10-04 06:11:47,536 [grpc-default-executor-7] INFO  impl.RaftServerProxy (RaftServerProxy.java:addNew(89)) - 288ed734-8626-4a59-8dff-6a62ea6d04c9: addNew group-2BDF7BD4BD6F:[288ed734-8626-4a59-8dff-6a62ea6d04c9:192.168.151.69:36311] returns group-2BDF7BD4BD6F:java.util.concurrent.CompletableFuture@3178d3a[Not completed]
2019-10-04 06:11:47,537 [pool-449-thread-1] INFO  impl.RaftServerImpl (RaftServerImpl.java:<init>(95)) - 288ed734-8626-4a59-8dff-6a62ea6d04c9: new RaftServerImpl for group-2BDF7BD4BD6F:[288ed734-8626-4a59-8dff-6a62ea6d04c9:192.168.151.69:36311] with ContainerStateMachine:uninitialized
2019-10-04 06:11:47,537 [pool-449-thread-1] INFO  server.RaftServerConfigKeys (ConfUtils.java:logGet(43)) - raft.server.rpc.timeout.min = 5s (custom)
2019-10-04 06:11:47,537 [pool-449-thread-1] INFO  server.RaftServerConfigKeys (ConfUtils.java:logGet(43)) - raft.server.rpc.timeout.max = 5200ms (custom)
2019-10-04 06:11:47,537 [pool-449-thread-1] INFO  server.RaftServerConfigKeys (ConfUtils.java:logGet(43)) - raft.server.rpcslowness.timeout = 120s (custom)
2019-10-04 06:11:47,537 [pool-449-thread-1] INFO  server.RaftServerConfigKeys (ConfUtils.java:logGet(43)) - raft.server.sleep.deviation.threshold = 300 (default)
2019-10-04 06:11:47,537 [pool-449-thread-1] INFO  server.RaftServerConfigKeys (ConfUtils.java:logGet(43)) - raft.server.log.appender.install.snapshot.enabled = false (custom)
2019-10-04 06:11:47,537 [pool-449-thread-1] INFO  impl.RaftServerImpl (ServerState.java:<init>(103)) - 288ed734-8626-4a59-8dff-6a62ea6d04c9@group-2BDF7BD4BD6F: ConfigurationManager, init=-1: [288ed734-8626-4a59-8dff-6a62ea6d04c9:192.168.151.69:36311], old=null, confs=<EMPTY_MAP>
2019-10-04 06:11:47,537 [pool-449-thread-1] INFO  server.RaftServerConfigKeys (ConfUtils.java:logGet(43)) - raft.server.storage.dir = [/workdir/hadoop-ozone/integration-test/target/test-dir/MiniOzoneClusterImpl-d4a22fe7-9819-4ee7-a95f-4f3286bed485/datanode-4/data/ratis] (custom)
2019-10-04 06:11:47,538 [pool-449-thread-1] INFO  server.RaftServerConfigKeys (ConfUtils.java:logGet(43)) - raft.server.log.corruption.policy = EXCEPTION (default)
2019-10-04 06:11:47,538 [pool-449-thread-1] INFO  storage.RaftStorageDirectory (RaftStorageDirectory.java:analyzeStorage(246)) - The storage directory /workdir/hadoop-ozone/integration-test/target/test-dir/MiniOzoneClusterImpl-d4a22fe7-9819-4ee7-a95f-4f3286bed485/datanode-4/data/ratis/b44f4173-dbdf-442e-b87a-2bdf7bd4bd6f does not exist. Creating ...
2019-10-04 06:11:47,551 [pool-449-thread-1] INFO  storage.RaftStorageDirectory (RaftStorageDirectory.java:tryLock(328)) - Lock on /workdir/hadoop-ozone/integration-test/target/test-dir/MiniOzoneClusterImpl-d4a22fe7-9819-4ee7-a95f-4f3286bed485/datanode-4/data/ratis/b44f4173-dbdf-442e-b87a-2bdf7bd4bd6f/in_use.lock acquired by nodename 18915@trunk-nightly-20191004-lpvmn-70278721
2019-10-04 06:11:47,564 [pool-449-thread-1] INFO  storage.RaftStorage (RaftStorage.java:format(84)) - Storage directory /workdir/hadoop-ozone/integration-test/target/test-dir/MiniOzoneClusterImpl-d4a22fe7-9819-4ee7-a95f-4f3286bed485/datanode-4/data/ratis/b44f4173-dbdf-442e-b87a-2bdf7bd4bd6f has been successfully formatted.
2019-10-04 06:11:47,565 [pool-449-thread-1] INFO  ratis.ContainerStateMachine (ContainerStateMachine.java:loadSnapshot(230)) - group-2BDF7BD4BD6F: The snapshot info is null. Setting the last applied indexto:(t:0, i:~)
2019-10-04 06:11:47,565 [pool-449-thread-1] INFO  server.RaftServerConfigKeys (ConfUtils.java:logGet(43)) - raft.server.notification.no-leader.timeout = 120s (custom)
2019-10-04 06:11:47,565 [pool-449-thread-1] INFO  server.RaftServerConfigKeys (ConfUtils.java:logGet(43)) - raft.server.log.use.memory = false (default)
2019-10-04 06:11:47,565 [pool-449-thread-1] INFO  server.RaftServerConfigKeys (ConfUtils.java:logGet(43)) - raft.server.log.purge.gap = 1000000 (custom)
2019-10-04 06:11:47,565 [pool-449-thread-1] INFO  server.RaftServerConfigKeys (ConfUtils.java:logGet(43)) - raft.server.log.appender.buffer.byte-limit = 33554432 (custom)
2019-10-04 06:11:47,565 [pool-449-thread-1] INFO  server.RaftServerConfigKeys (ConfUtils.java:logGet(43)) - raft.server.log.segment.size.max = 1048576 (custom)
2019-10-04 06:11:47,566 [pool-449-thread-1] INFO  server.RaftServerConfigKeys (ConfUtils.java:logGet(43)) - raft.server.log.segment.cache.num.max = 2 (custom)
2019-10-04 06:11:47,566 [pool-449-thread-1] INFO  segmented.SegmentedRaftLogWorker (SegmentedRaftLogWorker.java:<init>(173)) - new 288ed734-8626-4a59-8dff-6a62ea6d04c9@group-2BDF7BD4BD6F-SegmentedRaftLogWorker for RaftStorage:Storage Directory /workdir/hadoop-ozone/integration-test/target/test-dir/MiniOzoneClusterImpl-d4a22fe7-9819-4ee7-a95f-4f3286bed485/datanode-4/data/ratis/b44f4173-dbdf-442e-b87a-2bdf7bd4bd6f
2019-10-04 06:11:47,566 [pool-449-thread-1] INFO  server.RaftServerConfigKeys (ConfUtils.java:logGet(43)) - raft.server.log.queue.byte-limit = 2147483647 (custom)
2019-10-04 06:11:47,567 [pool-449-thread-1] INFO  server.RaftServerConfigKeys (ConfUtils.java:logGet(43)) - raft.server.log.queue.element-limit = 1024 (custom)
2019-10-04 06:11:47,567 [pool-449-thread-1] INFO  server.RaftServerConfigKeys (ConfUtils.java:logGet(43)) - raft.server.log.segment.size.max = 1048576 (custom)
2019-10-04 06:11:47,567 [pool-449-thread-1] INFO  server.RaftServerConfigKeys (ConfUtils.java:logGet(43)) - raft.server.log.preallocated.size = 16384 (custom)
2019-10-04 06:11:47,567 [pool-449-thread-1] INFO  server.RaftServerConfigKeys (ConfUtils.java:logGet(43)) - raft.server.log.write.buffer.size = 33554432 (custom)
2019-10-04 06:11:47,567 [pool-449-thread-1] INFO  server.RaftServerConfigKeys (ConfUtils.java:logGet(43)) - raft.server.log.force.sync.num = 128 (default)
2019-10-04 06:11:47,567 [pool-449-thread-1] INFO  server.RaftServerConfigKeys (ConfUtils.java:logGet(43)) - raft.server.log.statemachine.data.sync = true (default)
2019-10-04 06:11:47,567 [pool-449-thread-1] INFO  server.RaftServerConfigKeys (ConfUtils.java:logGet(43)) - raft.server.log.statemachine.data.sync.timeout = 10s (default)
2019-10-04 06:11:47,567 [pool-449-thread-1] INFO  server.RaftServerConfigKeys (ConfUtils.java:logGet(43)) - raft.server.log.statemachine.data.sync.timeout.retry = -1 (default)
2019-10-04 06:11:47,568 [pool-449-thread-1] INFO  server.RaftServerConfigKeys (ConfUtils.java:logGet(43)) - raft.server.log.statemachine.data.caching.enabled = true (custom)
2019-10-04 06:11:47,568 [pool-449-thread-1] INFO  segmented.SegmentedRaftLogWorker (SegmentedRaftLogWorker.java:lambda$new$0(128)) - 288ed734-8626-4a59-8dff-6a62ea6d04c9@group-2BDF7BD4BD6F-SegmentedRaftLogWorker: flushIndex: setUnconditionally 0 -> -1
2019-10-04 06:11:47,568 [pool-449-thread-1] INFO  server.RaftServerConfigKeys (ConfUtils.java:logGet(43)) - raft.server.snapshot.auto.trigger.enabled = true (custom)
2019-10-04 06:11:47,568 [pool-449-thread-1] INFO  server.RaftServerConfigKeys (ConfUtils.java:logGet(43)) - raft.server.snapshot.auto.trigger.threshold = 10000 (custom)
2019-10-04 06:11:47,568 [pool-449-thread-1] INFO  server.RaftServerConfigKeys (ConfUtils.java:logGet(43)) - raft.server.snapshot.retention.file.num = 5 (custom)
2019-10-04 06:11:47,568 [pool-449-thread-1] INFO  server.RaftServerConfigKeys (ConfUtils.java:logGet(43)) - raft.server.retrycache.expirytime = 600000ms (custom)
2019-10-04 06:11:47,569 [pool-449-thread-1] INFO  impl.RaftServerImpl (RaftServerImpl.java:start(181)) - 288ed734-8626-4a59-8dff-6a62ea6d04c9@group-2BDF7BD4BD6F: start as a follower, conf=-1: [288ed734-8626-4a59-8dff-6a62ea6d04c9:192.168.151.69:36311], old=null
2019-10-04 06:11:47,570 [pool-449-thread-1] INFO  impl.RaftServerImpl (RaftServerImpl.java:setRole(170)) - 288ed734-8626-4a59-8dff-6a62ea6d04c9@group-2BDF7BD4BD6F: changes role from      null to FOLLOWER at term 0 for startAsFollower
2019-10-04 06:11:47,570 [pool-449-thread-1] INFO  impl.RoleInfo (RoleInfo.java:updateAndGet(143)) - 288ed734-8626-4a59-8dff-6a62ea6d04c9: start FollowerState
2019-10-04 06:11:47,570 [pool-449-thread-1] INFO  util.JmxRegister (JmxRegister.java:tryRegister(44)) - Successfully registered JMX Bean with object name Ratis:service=RaftServer,group=group-2BDF7BD4BD6F,id=288ed734-8626-4a59-8dff-6a62ea6d04c9
2019-10-04 06:11:47,577 [RatisPipelineUtilsThread] INFO  pipeline.PipelineStateManager (PipelineStateManager.java:addPipeline(56)) - Created pipeline Pipeline[ Id: b44f4173-dbdf-442e-b87a-2bdf7bd4bd6f, Nodes: 288ed734-8626-4a59-8dff-6a62ea6d04c9{ip: 192.168.151.69, host: trunk-nightly-20191004-lpvmn-70278721, networkLocation: /default-rack, certSerialId: null}, Type:RATIS, Factor:ONE, State:OPEN]
2019-10-04 06:11:47,616 [grpc-default-executor-0] INFO  impl.RaftServerProxy (RaftServerProxy.java:addNew(89)) - 57bd6c27-13f9-4074-b08e-452facc4c933: addNew group-1A9ADFE3EE69:[76a33ec4-135c-408f-b380-a95c5228c742:192.168.151.69:44502, 57bd6c27-13f9-4074-b08e-452facc4c933:192.168.151.69:45376, 362ad445-5bb7-42b7-b6c6-45b485604b6f:192.168.151.69:42652] returns group-1A9ADFE3EE69:java.util.concurrent.CompletableFuture@381eb2fb[Not completed]
2019-10-04 06:11:47,616 [grpc-default-executor-7] INFO  impl.RaftServerProxy (RaftServerProxy.java:addNew(89)) - 76a33ec4-135c-408f-b380-a95c5228c742: addNew group-1A9ADFE3EE69:[76a33ec4-135c-408f-b380-a95c5228c742:192.168.151.69:44502, 57bd6c27-13f9-4074-b08e-452facc4c933:192.168.151.69:45376, 362ad445-5bb7-42b7-b6c6-45b485604b6f:192.168.151.69:42652] returns group-1A9ADFE3EE69:java.util.concurrent.CompletableFuture@a9d387a[Not completed]
2019-10-04 06:11:47,620 [grpc-default-executor-0] INFO  impl.RaftServerProxy (RaftServerProxy.java:addNew(89)) - 362ad445-5bb7-42b7-b6c6-45b485604b6f: addNew group-1A9ADFE3EE69:[76a33ec4-135c-408f-b380-a95c5228c742:192.168.151.69:44502, 57bd6c27-13f9-4074-b08e-452facc4c933:192.168.151.69:45376, 362ad445-5bb7-42b7-b6c6-45b485604b6f:192.168.151.69:42652] returns group-1A9ADFE3EE69:java.util.concurrent.CompletableFuture@5998cfdb[Not completed]
2019-10-04 06:11:47,620 [pool-469-thread-1] INFO  impl.RaftServerImpl (RaftServerImpl.java:<init>(95)) - 76a33ec4-135c-408f-b380-a95c5228c742: new RaftServerImpl for group-1A9ADFE3EE69:[76a33ec4-135c-408f-b380-a95c5228c742:192.168.151.69:44502, 57bd6c27-13f9-4074-b08e-452facc4c933:192.168.151.69:45376, 362ad445-5bb7-42b7-b6c6-45b485604b6f:192.168.151.69:42652] with ContainerStateMachine:uninitialized
2019-10-04 06:11:47,620 [pool-469-thread-1] INFO  server.RaftServerConfigKeys (ConfUtils.java:logGet(43)) - raft.server.rpc.timeout.min = 5s (custom)
2019-10-04 06:11:47,621 [pool-469-thread-1] INFO  server.RaftServerConfigKeys (ConfUtils.java:logGet(43)) - raft.server.rpc.timeout.max = 5200ms (custom)
2019-10-04 06:11:47,621 [pool-469-thread-1] INFO  server.RaftServerConfigKeys (ConfUtils.java:logGet(43)) - raft.server.rpcslowness.timeout = 120s (custom)
2019-10-04 06:11:47,621 [pool-469-thread-1] INFO  server.RaftServerConfigKeys (ConfUtils.java:logGet(43)) - raft.server.sleep.deviation.threshold = 300 (default)
2019-10-04 06:11:47,621 [pool-459-thread-1] INFO  impl.RaftServerImpl (RaftServerImpl.java:<init>(95)) - 57bd6c27-13f9-4074-b08e-452facc4c933: new RaftServerImpl for group-1A9ADFE3EE69:[76a33ec4-135c-408f-b380-a95c5228c742:192.168.151.69:44502, 57bd6c27-13f9-4074-b08e-452facc4c933:192.168.151.69:45376, 362ad445-5bb7-42b7-b6c6-45b485604b6f:192.168.151.69:42652] with ContainerStateMachine:uninitialized
2019-10-04 06:11:47,621 [pool-469-thread-1] INFO  server.RaftServerConfigKeys (ConfUtils.java:logGet(43)) - raft.server.log.appender.install.snapshot.enabled = false (custom)
2019-10-04 06:11:47,621 [pool-459-thread-1] INFO  server.RaftServerConfigKeys (ConfUtils.java:logGet(43)) - raft.server.rpc.timeout.min = 5s (custom)
2019-10-04 06:11:47,621 [pool-469-thread-1] INFO  impl.RaftServerImpl (ServerState.java:<init>(103)) - 76a33ec4-135c-408f-b380-a95c5228c742@group-1A9ADFE3EE69: ConfigurationManager, init=-1: [76a33ec4-135c-408f-b380-a95c5228c742:192.168.151.69:44502, 57bd6c27-13f9-4074-b08e-452facc4c933:192.168.151.69:45376, 362ad445-5bb7-42b7-b6c6-45b485604b6f:192.168.151.69:42652], old=null, confs=<EMPTY_MAP>
2019-10-04 06:11:47,622 [pool-459-thread-1] INFO  server.RaftServerConfigKeys (ConfUtils.java:logGet(43)) - raft.server.rpc.timeout.max = 5200ms (custom)
2019-10-04 06:11:47,622 [pool-469-thread-1] INFO  server.RaftServerConfigKeys (ConfUtils.java:logGet(43)) - raft.server.storage.dir = [/workdir/hadoop-ozone/integration-test/target/test-dir/MiniOzoneClusterImpl-d4a22fe7-9819-4ee7-a95f-4f3286bed485/datanode-6/data/ratis] (custom)
2019-10-04 06:11:47,622 [pool-459-thread-1] INFO  server.RaftServerConfigKeys (ConfUtils.java:logGet(43)) - raft.server.rpcslowness.timeout = 120s (custom)
2019-10-04 06:11:47,622 [pool-469-thread-1] INFO  server.RaftServerConfigKeys (ConfUtils.java:logGet(43)) - raft.server.log.corruption.policy = EXCEPTION (default)
2019-10-04 06:11:47,622 [pool-459-thread-1] INFO  server.RaftServerConfigKeys (ConfUtils.java:logGet(43)) - raft.server.sleep.deviation.threshold = 300 (default)
2019-10-04 06:11:47,622 [pool-469-thread-1] INFO  storage.RaftStorageDirectory (RaftStorageDirectory.java:analyzeStorage(246)) - The storage directory /workdir/hadoop-ozone/integration-test/target/test-dir/MiniOzoneClusterImpl-d4a22fe7-9819-4ee7-a95f-4f3286bed485/datanode-6/data/ratis/29a35e2f-a623-4658-a412-1a9adfe3ee69 does not exist. Creating ...
2019-10-04 06:11:47,622 [pool-459-thread-1] INFO  server.RaftServerConfigKeys (ConfUtils.java:logGet(43)) - raft.server.log.appender.install.snapshot.enabled = false (custom)
2019-10-04 06:11:47,622 [pool-439-thread-1] INFO  impl.RaftServerImpl (RaftServerImpl.java:<init>(95)) - 362ad445-5bb7-42b7-b6c6-45b485604b6f: new RaftServerImpl for group-1A9ADFE3EE69:[76a33ec4-135c-408f-b380-a95c5228c742:192.168.151.69:44502, 57bd6c27-13f9-4074-b08e-452facc4c933:192.168.151.69:45376, 362ad445-5bb7-42b7-b6c6-45b485604b6f:192.168.151.69:42652] with ContainerStateMachine:uninitialized
2019-10-04 06:11:47,623 [pool-459-thread-1] INFO  impl.RaftServerImpl (ServerState.java:<init>(103)) - 57bd6c27-13f9-4074-b08e-452facc4c933@group-1A9ADFE3EE69: ConfigurationManager, init=-1: [76a33ec4-135c-408f-b380-a95c5228c742:192.168.151.69:44502, 57bd6c27-13f9-4074-b08e-452facc4c933:192.168.151.69:45376, 362ad445-5bb7-42b7-b6c6-45b485604b6f:192.168.151.69:42652], old=null, confs=<EMPTY_MAP>
2019-10-04 06:11:47,623 [pool-439-thread-1] INFO  server.RaftServerConfigKeys (ConfUtils.java:logGet(43)) - raft.server.rpc.timeout.min = 5s (custom)
2019-10-04 06:11:47,623 [pool-459-thread-1] INFO  server.RaftServerConfigKeys (ConfUtils.java:logGet(43)) - raft.server.storage.dir = [/workdir/hadoop-ozone/integration-test/target/test-dir/MiniOzoneClusterImpl-d4a22fe7-9819-4ee7-a95f-4f3286bed485/datanode-5/data/ratis] (custom)
2019-10-04 06:11:47,623 [pool-439-thread-1] INFO  server.RaftServerConfigKeys (ConfUtils.java:logGet(43)) - raft.server.rpc.timeout.max = 5200ms (custom)
2019-10-04 06:11:47,623 [pool-459-thread-1] INFO  server.RaftServerConfigKeys (ConfUtils.java:logGet(43)) - raft.server.log.corruption.policy = EXCEPTION (default)
2019-10-04 06:11:47,623 [pool-439-thread-1] INFO  server.RaftServerConfigKeys (ConfUtils.java:logGet(43)) - raft.server.rpcslowness.timeout = 120s (custom)
2019-10-04 06:11:47,624 [pool-459-thread-1] INFO  storage.RaftStorageDirectory (RaftStorageDirectory.java:analyzeStorage(246)) - The storage directory /workdir/hadoop-ozone/integration-test/target/test-dir/MiniOzoneClusterImpl-d4a22fe7-9819-4ee7-a95f-4f3286bed485/datanode-5/data/ratis/29a35e2f-a623-4658-a412-1a9adfe3ee69 does not exist. Creating ...
2019-10-04 06:11:47,624 [pool-439-thread-1] INFO  server.RaftServerConfigKeys (ConfUtils.java:logGet(43)) - raft.server.sleep.deviation.threshold = 300 (default)
2019-10-04 06:11:47,624 [pool-439-thread-1] INFO  server.RaftServerConfigKeys (ConfUtils.java:logGet(43)) - raft.server.log.appender.install.snapshot.enabled = false (custom)
2019-10-04 06:11:47,624 [pool-439-thread-1] INFO  impl.RaftServerImpl (ServerState.java:<init>(103)) - 362ad445-5bb7-42b7-b6c6-45b485604b6f@group-1A9ADFE3EE69: ConfigurationManager, init=-1: [76a33ec4-135c-408f-b380-a95c5228c742:192.168.151.69:44502, 57bd6c27-13f9-4074-b08e-452facc4c933:192.168.151.69:45376, 362ad445-5bb7-42b7-b6c6-45b485604b6f:192.168.151.69:42652], old=null, confs=<EMPTY_MAP>
2019-10-04 06:11:47,624 [pool-439-thread-1] INFO  server.RaftServerConfigKeys (ConfUtils.java:logGet(43)) - raft.server.storage.dir = [/workdir/hadoop-ozone/integration-test/target/test-dir/MiniOzoneClusterImpl-d4a22fe7-9819-4ee7-a95f-4f3286bed485/datanode-3/data/ratis] (custom)
2019-10-04 06:11:47,625 [pool-439-thread-1] INFO  server.RaftServerConfigKeys (ConfUtils.java:logGet(43)) - raft.server.log.corruption.policy = EXCEPTION (default)
2019-10-04 06:11:47,625 [pool-439-thread-1] INFO  storage.RaftStorageDirectory (RaftStorageDirectory.java:analyzeStorage(246)) - The storage directory /workdir/hadoop-ozone/integration-test/target/test-dir/MiniOzoneClusterImpl-d4a22fe7-9819-4ee7-a95f-4f3286bed485/datanode-3/data/ratis/29a35e2f-a623-4658-a412-1a9adfe3ee69 does not exist. Creating ...
2019-10-04 06:11:47,636 [pool-439-thread-1] INFO  storage.RaftStorageDirectory (RaftStorageDirectory.java:tryLock(328)) - Lock on /workdir/hadoop-ozone/integration-test/target/test-dir/MiniOzoneClusterImpl-d4a22fe7-9819-4ee7-a95f-4f3286bed485/datanode-3/data/ratis/29a35e2f-a623-4658-a412-1a9adfe3ee69/in_use.lock acquired by nodename 18915@trunk-nightly-20191004-lpvmn-70278721
2019-10-04 06:11:47,636 [pool-459-thread-1] INFO  storage.RaftStorageDirectory (RaftStorageDirectory.java:tryLock(328)) - Lock on /workdir/hadoop-ozone/integration-test/target/test-dir/MiniOzoneClusterImpl-d4a22fe7-9819-4ee7-a95f-4f3286bed485/datanode-5/data/ratis/29a35e2f-a623-4658-a412-1a9adfe3ee69/in_use.lock acquired by nodename 18915@trunk-nightly-20191004-lpvmn-70278721
2019-10-04 06:11:47,636 [pool-469-thread-1] INFO  storage.RaftStorageDirectory (RaftStorageDirectory.java:tryLock(328)) - Lock on /workdir/hadoop-ozone/integration-test/target/test-dir/MiniOzoneClusterImpl-d4a22fe7-9819-4ee7-a95f-4f3286bed485/datanode-6/data/ratis/29a35e2f-a623-4658-a412-1a9adfe3ee69/in_use.lock acquired by nodename 18915@trunk-nightly-20191004-lpvmn-70278721
2019-10-04 06:11:47,651 [pool-439-thread-1] INFO  storage.RaftStorage (RaftStorage.java:format(84)) - Storage directory /workdir/hadoop-ozone/integration-test/target/test-dir/MiniOzoneClusterImpl-d4a22fe7-9819-4ee7-a95f-4f3286bed485/datanode-3/data/ratis/29a35e2f-a623-4658-a412-1a9adfe3ee69 has been successfully formatted.
2019-10-04 06:11:47,651 [pool-459-thread-1] INFO  storage.RaftStorage (RaftStorage.java:format(84)) - Storage directory /workdir/hadoop-ozone/integration-test/target/test-dir/MiniOzoneClusterImpl-d4a22fe7-9819-4ee7-a95f-4f3286bed485/datanode-5/data/ratis/29a35e2f-a623-4658-a412-1a9adfe3ee69 has been successfully formatted.
2019-10-04 06:11:47,651 [pool-469-thread-1] INFO  storage.RaftStorage (RaftStorage.java:format(84)) - Storage directory /workdir/hadoop-ozone/integration-test/target/test-dir/MiniOzoneClusterImpl-d4a22fe7-9819-4ee7-a95f-4f3286bed485/datanode-6/data/ratis/29a35e2f-a623-4658-a412-1a9adfe3ee69 has been successfully formatted.
2019-10-04 06:11:47,652 [pool-459-thread-1] INFO  ratis.ContainerStateMachine (ContainerStateMachine.java:loadSnapshot(230)) - group-1A9ADFE3EE69: The snapshot info is null. Setting the last applied indexto:(t:0, i:~)
2019-10-04 06:11:47,652 [pool-469-thread-1] INFO  ratis.ContainerStateMachine (ContainerStateMachine.java:loadSnapshot(230)) - group-1A9ADFE3EE69: The snapshot info is null. Setting the last applied indexto:(t:0, i:~)
2019-10-04 06:11:47,652 [pool-469-thread-1] INFO  server.RaftServerConfigKeys (ConfUtils.java:logGet(43)) - raft.server.notification.no-leader.timeout = 120s (custom)
2019-10-04 06:11:47,652 [pool-439-thread-1] INFO  ratis.ContainerStateMachine (ContainerStateMachine.java:loadSnapshot(230)) - group-1A9ADFE3EE69: The snapshot info is null. Setting the last applied indexto:(t:0, i:~)
2019-10-04 06:11:47,652 [pool-469-thread-1] INFO  server.RaftServerConfigKeys (ConfUtils.java:logGet(43)) - raft.server.log.use.memory = false (default)
2019-10-04 06:11:47,652 [pool-459-thread-1] INFO  server.RaftServerConfigKeys (ConfUtils.java:logGet(43)) - raft.server.notification.no-leader.timeout = 120s (custom)
2019-10-04 06:11:47,653 [pool-469-thread-1] INFO  server.RaftServerConfigKeys (ConfUtils.java:logGet(43)) - raft.server.log.purge.gap = 1000000 (custom)
2019-10-04 06:11:47,653 [pool-459-thread-1] INFO  server.RaftServerConfigKeys (ConfUtils.java:logGet(43)) - raft.server.log.use.memory = false (default)
2019-10-04 06:11:47,652 [pool-439-thread-1] INFO  server.RaftServerConfigKeys (ConfUtils.java:logGet(43)) - raft.server.notification.no-leader.timeout = 120s (custom)
2019-10-04 06:11:47,653 [pool-459-thread-1] INFO  server.RaftServerConfigKeys (ConfUtils.java:logGet(43)) - raft.server.log.purge.gap = 1000000 (custom)
2019-10-04 06:11:47,653 [pool-469-thread-1] INFO  server.RaftServerConfigKeys (ConfUtils.java:logGet(43)) - raft.server.log.appender.buffer.byte-limit = 33554432 (custom)
2019-10-04 06:11:47,653 [pool-459-thread-1] INFO  server.RaftServerConfigKeys (ConfUtils.java:logGet(43)) - raft.server.log.appender.buffer.byte-limit = 33554432 (custom)
2019-10-04 06:11:47,653 [pool-439-thread-1] INFO  server.RaftServerConfigKeys (ConfUtils.java:logGet(43)) - raft.server.log.use.memory = false (default)
2019-10-04 06:11:47,653 [pool-459-thread-1] INFO  server.RaftServerConfigKeys (ConfUtils.java:logGet(43)) - raft.server.log.segment.size.max = 1048576 (custom)
2019-10-04 06:11:47,653 [pool-469-thread-1] INFO  server.RaftServerConfigKeys (ConfUtils.java:logGet(43)) - raft.server.log.segment.size.max = 1048576 (custom)
2019-10-04 06:11:47,654 [pool-459-thread-1] INFO  server.RaftServerConfigKeys (ConfUtils.java:logGet(43)) - raft.server.log.segment.cache.num.max = 2 (custom)
2019-10-04 06:11:47,654 [pool-439-thread-1] INFO  server.RaftServerConfigKeys (ConfUtils.java:logGet(43)) - raft.server.log.purge.gap = 1000000 (custom)
2019-10-04 06:11:47,654 [pool-459-thread-1] INFO  segmented.SegmentedRaftLogWorker (SegmentedRaftLogWorker.java:<init>(173)) - new 57bd6c27-13f9-4074-b08e-452facc4c933@group-1A9ADFE3EE69-SegmentedRaftLogWorker for RaftStorage:Storage Directory /workdir/hadoop-ozone/integration-test/target/test-dir/MiniOzoneClusterImpl-d4a22fe7-9819-4ee7-a95f-4f3286bed485/datanode-5/data/ratis/29a35e2f-a623-4658-a412-1a9adfe3ee69
2019-10-04 06:11:47,654 [pool-469-thread-1] INFO  server.RaftServerConfigKeys (ConfUtils.java:logGet(43)) - raft.server.log.segment.cache.num.max = 2 (custom)
2019-10-04 06:11:47,654 [pool-459-thread-1] INFO  server.RaftServerConfigKeys (ConfUtils.java:logGet(43)) - raft.server.log.queue.byte-limit = 2147483647 (custom)
2019-10-04 06:11:47,654 [pool-459-thread-1] INFO  server.RaftServerConfigKeys (ConfUtils.java:logGet(43)) - raft.server.log.queue.element-limit = 1024 (custom)
2019-10-04 06:11:47,654 [pool-439-thread-1] INFO  server.RaftServerConfigKeys (ConfUtils.java:logGet(43)) - raft.server.log.appender.buffer.byte-limit = 33554432 (custom)
2019-10-04 06:11:47,655 [pool-459-thread-1] INFO  server.RaftServerConfigKeys (ConfUtils.java:logGet(43)) - raft.server.log.segment.size.max = 1048576 (custom)
2019-10-04 06:11:47,654 [pool-469-thread-1] INFO  segmented.SegmentedRaftLogWorker (SegmentedRaftLogWorker.java:<init>(173)) - new 76a33ec4-135c-408f-b380-a95c5228c742@group-1A9ADFE3EE69-SegmentedRaftLogWorker for RaftStorage:Storage Directory /workdir/hadoop-ozone/integration-test/target/test-dir/MiniOzoneClusterImpl-d4a22fe7-9819-4ee7-a95f-4f3286bed485/datanode-6/data/ratis/29a35e2f-a623-4658-a412-1a9adfe3ee69
2019-10-04 06:11:47,655 [pool-459-thread-1] INFO  server.RaftServerConfigKeys (ConfUtils.java:logGet(43)) - raft.server.log.preallocated.size = 16384 (custom)
2019-10-04 06:11:47,655 [pool-439-thread-1] INFO  server.RaftServerConfigKeys (ConfUtils.java:logGet(43)) - raft.server.log.segment.size.max = 1048576 (custom)
2019-10-04 06:11:47,655 [pool-459-thread-1] INFO  server.RaftServerConfigKeys (ConfUtils.java:logGet(43)) - raft.server.log.write.buffer.size = 33554432 (custom)
2019-10-04 06:11:47,655 [pool-459-thread-1] INFO  server.RaftServerConfigKeys (ConfUtils.java:logGet(43)) - raft.server.log.force.sync.num = 128 (default)
2019-10-04 06:11:47,655 [pool-469-thread-1] INFO  server.RaftServerConfigKeys (ConfUtils.java:logGet(43)) - raft.server.log.queue.byte-limit = 2147483647 (custom)
2019-10-04 06:11:47,655 [pool-459-thread-1] INFO  server.RaftServerConfigKeys (ConfUtils.java:logGet(43)) - raft.server.log.statemachine.data.sync = true (default)
2019-10-04 06:11:47,655 [pool-439-thread-1] INFO  server.RaftServerConfigKeys (ConfUtils.java:logGet(43)) - raft.server.log.segment.cache.num.max = 2 (custom)
2019-10-04 06:11:47,656 [pool-459-thread-1] INFO  server.RaftServerConfigKeys (ConfUtils.java:logGet(43)) - raft.server.log.statemachine.data.sync.timeout = 10s (default)
2019-10-04 06:11:47,656 [pool-469-thread-1] INFO  server.RaftServerConfigKeys (ConfUtils.java:logGet(43)) - raft.server.log.queue.element-limit = 1024 (custom)
2019-10-04 06:11:47,656 [pool-459-thread-1] INFO  server.RaftServerConfigKeys (ConfUtils.java:logGet(43)) - raft.server.log.statemachine.data.sync.timeout.retry = -1 (default)
2019-10-04 06:11:47,656 [pool-439-thread-1] INFO  segmented.SegmentedRaftLogWorker (SegmentedRaftLogWorker.java:<init>(173)) - new 362ad445-5bb7-42b7-b6c6-45b485604b6f@group-1A9ADFE3EE69-SegmentedRaftLogWorker for RaftStorage:Storage Directory /workdir/hadoop-ozone/integration-test/target/test-dir/MiniOzoneClusterImpl-d4a22fe7-9819-4ee7-a95f-4f3286bed485/datanode-3/data/ratis/29a35e2f-a623-4658-a412-1a9adfe3ee69
2019-10-04 06:11:47,656 [pool-459-thread-1] INFO  server.RaftServerConfigKeys (ConfUtils.java:logGet(43)) - raft.server.log.statemachine.data.caching.enabled = true (custom)
2019-10-04 06:11:47,656 [pool-469-thread-1] INFO  server.RaftServerConfigKeys (ConfUtils.java:logGet(43)) - raft.server.log.segment.size.max = 1048576 (custom)
2019-10-04 06:11:47,657 [pool-459-thread-1] INFO  segmented.SegmentedRaftLogWorker (SegmentedRaftLogWorker.java:lambda$new$0(128)) - 57bd6c27-13f9-4074-b08e-452facc4c933@group-1A9ADFE3EE69-SegmentedRaftLogWorker: flushIndex: setUnconditionally 0 -> -1
2019-10-04 06:11:47,656 [pool-439-thread-1] INFO  server.RaftServerConfigKeys (ConfUtils.java:logGet(43)) - raft.server.log.queue.byte-limit = 2147483647 (custom)
2019-10-04 06:11:47,657 [pool-459-thread-1] INFO  server.RaftServerConfigKeys (ConfUtils.java:logGet(43)) - raft.server.snapshot.auto.trigger.enabled = true (custom)
2019-10-04 06:11:47,657 [pool-459-thread-1] INFO  server.RaftServerConfigKeys (ConfUtils.java:logGet(43)) - raft.server.snapshot.auto.trigger.threshold = 10000 (custom)
2019-10-04 06:11:47,657 [pool-469-thread-1] INFO  server.RaftServerConfigKeys (ConfUtils.java:logGet(43)) - raft.server.log.preallocated.size = 16384 (custom)
2019-10-04 06:11:47,657 [pool-459-thread-1] INFO  server.RaftServerConfigKeys (ConfUtils.java:logGet(43)) - raft.server.snapshot.retention.file.num = 5 (custom)
2019-10-04 06:11:47,657 [pool-439-thread-1] INFO  server.RaftServerConfigKeys (ConfUtils.java:logGet(43)) - raft.server.log.queue.element-limit = 1024 (custom)
2019-10-04 06:11:47,657 [pool-459-thread-1] INFO  server.RaftServerConfigKeys (ConfUtils.java:logGet(43)) - raft.server.retrycache.expirytime = 600000ms (custom)
2019-10-04 06:11:47,657 [pool-469-thread-1] INFO  server.RaftServerConfigKeys (ConfUtils.java:logGet(43)) - raft.server.log.write.buffer.size = 33554432 (custom)
2019-10-04 06:11:47,658 [pool-439-thread-1] INFO  server.RaftServerConfigKeys (ConfUtils.java:logGet(43)) - raft.server.log.segment.size.max = 1048576 (custom)
2019-10-04 06:11:47,658 [pool-469-thread-1] INFO  server.RaftServerConfigKeys (ConfUtils.java:logGet(43)) - raft.server.log.force.sync.num = 128 (default)
2019-10-04 06:11:47,658 [pool-439-thread-1] INFO  server.RaftServerConfigKeys (ConfUtils.java:logGet(43)) - raft.server.log.preallocated.size = 16384 (custom)
2019-10-04 06:11:47,658 [pool-469-thread-1] INFO  server.RaftServerConfigKeys (ConfUtils.java:logGet(43)) - raft.server.log.statemachine.data.sync = true (default)
2019-10-04 06:11:47,658 [pool-439-thread-1] INFO  server.RaftServerConfigKeys (ConfUtils.java:logGet(43)) - raft.server.log.write.buffer.size = 33554432 (custom)
2019-10-04 06:11:47,659 [pool-469-thread-1] INFO  server.RaftServerConfigKeys (ConfUtils.java:logGet(43)) - raft.server.log.statemachine.data.sync.timeout = 10s (default)
2019-10-04 06:11:47,659 [pool-439-thread-1] INFO  server.RaftServerConfigKeys (ConfUtils.java:logGet(43)) - raft.server.log.force.sync.num = 128 (default)
2019-10-04 06:11:47,659 [pool-469-thread-1] INFO  server.RaftServerConfigKeys (ConfUtils.java:logGet(43)) - raft.server.log.statemachine.data.sync.timeout.retry = -1 (default)
2019-10-04 06:11:47,659 [pool-439-thread-1] INFO  server.RaftServerConfigKeys (ConfUtils.java:logGet(43)) - raft.server.log.statemachine.data.sync = true (default)
2019-10-04 06:11:47,659 [pool-459-thread-1] INFO  impl.RaftServerImpl (RaftServerImpl.java:start(181)) - 57bd6c27-13f9-4074-b08e-452facc4c933@group-1A9ADFE3EE69: start as a follower, conf=-1: [76a33ec4-135c-408f-b380-a95c5228c742:192.168.151.69:44502, 57bd6c27-13f9-4074-b08e-452facc4c933:192.168.151.69:45376, 362ad445-5bb7-42b7-b6c6-45b485604b6f:192.168.151.69:42652], old=null
2019-10-04 06:11:47,659 [pool-469-thread-1] INFO  server.RaftServerConfigKeys (ConfUtils.java:logGet(43)) - raft.server.log.statemachine.data.caching.enabled = true (custom)
2019-10-04 06:11:47,659 [pool-459-thread-1] INFO  impl.RaftServerImpl (RaftServerImpl.java:setRole(170)) - 57bd6c27-13f9-4074-b08e-452facc4c933@group-1A9ADFE3EE69: changes role from      null to FOLLOWER at term 0 for startAsFollower
2019-10-04 06:11:47,659 [pool-439-thread-1] INFO  server.RaftServerConfigKeys (ConfUtils.java:logGet(43)) - raft.server.log.statemachine.data.sync.timeout = 10s (default)
2019-10-04 06:11:47,660 [pool-459-thread-1] INFO  impl.RoleInfo (RoleInfo.java:updateAndGet(143)) - 57bd6c27-13f9-4074-b08e-452facc4c933: start FollowerState
2019-10-04 06:11:47,660 [pool-469-thread-1] INFO  segmented.SegmentedRaftLogWorker (SegmentedRaftLogWorker.java:lambda$new$0(128)) - 76a33ec4-135c-408f-b380-a95c5228c742@group-1A9ADFE3EE69-SegmentedRaftLogWorker: flushIndex: setUnconditionally 0 -> -1
2019-10-04 06:11:47,660 [pool-439-thread-1] INFO  server.RaftServerConfigKeys (ConfUtils.java:logGet(43)) - raft.server.log.statemachine.data.sync.timeout.retry = -1 (default)
2019-10-04 06:11:47,660 [pool-459-thread-1] INFO  util.JmxRegister (JmxRegister.java:tryRegister(44)) - Successfully registered JMX Bean with object name Ratis:service=RaftServer,group=group-1A9ADFE3EE69,id=57bd6c27-13f9-4074-b08e-452facc4c933
2019-10-04 06:11:47,660 [pool-439-thread-1] INFO  server.RaftServerConfigKeys (ConfUtils.java:logGet(43)) - raft.server.log.statemachine.data.caching.enabled = true (custom)
2019-10-04 06:11:47,660 [pool-469-thread-1] INFO  server.RaftServerConfigKeys (ConfUtils.java:logGet(43)) - raft.server.snapshot.auto.trigger.enabled = true (custom)
2019-10-04 06:11:47,661 [pool-469-thread-1] INFO  server.RaftServerConfigKeys (ConfUtils.java:logGet(43)) - raft.server.snapshot.auto.trigger.threshold = 10000 (custom)
2019-10-04 06:11:47,661 [pool-439-thread-1] INFO  segmented.SegmentedRaftLogWorker (SegmentedRaftLogWorker.java:lambda$new$0(128)) - 362ad445-5bb7-42b7-b6c6-45b485604b6f@group-1A9ADFE3EE69-SegmentedRaftLogWorker: flushIndex: setUnconditionally 0 -> -1
2019-10-04 06:11:47,661 [pool-469-thread-1] INFO  server.RaftServerConfigKeys (ConfUtils.java:logGet(43)) - raft.server.snapshot.retention.file.num = 5 (custom)
2019-10-04 06:11:47,661 [pool-439-thread-1] INFO  server.RaftServerConfigKeys (ConfUtils.java:logGet(43)) - raft.server.snapshot.auto.trigger.enabled = true (custom)
2019-10-04 06:11:47,661 [pool-469-thread-1] INFO  server.RaftServerConfigKeys (ConfUtils.java:logGet(43)) - raft.server.retrycache.expirytime = 600000ms (custom)
2019-10-04 06:11:47,661 [pool-439-thread-1] INFO  server.RaftServerConfigKeys (ConfUtils.java:logGet(43)) - raft.server.snapshot.auto.trigger.threshold = 10000 (custom)
2019-10-04 06:11:47,662 [pool-439-thread-1] INFO  server.RaftServerConfigKeys (ConfUtils.java:logGet(43)) - raft.server.snapshot.retention.file.num = 5 (custom)
2019-10-04 06:11:47,662 [pool-439-thread-1] INFO  server.RaftServerConfigKeys (ConfUtils.java:logGet(43)) - raft.server.retrycache.expirytime = 600000ms (custom)
2019-10-04 06:11:47,668 [pool-469-thread-1] INFO  impl.RaftServerImpl (RaftServerImpl.java:start(181)) - 76a33ec4-135c-408f-b380-a95c5228c742@group-1A9ADFE3EE69: start as a follower, conf=-1: [76a33ec4-135c-408f-b380-a95c5228c742:192.168.151.69:44502, 57bd6c27-13f9-4074-b08e-452facc4c933:192.168.151.69:45376, 362ad445-5bb7-42b7-b6c6-45b485604b6f:192.168.151.69:42652], old=null
2019-10-04 06:11:47,668 [pool-469-thread-1] INFO  impl.RaftServerImpl (RaftServerImpl.java:setRole(170)) - 76a33ec4-135c-408f-b380-a95c5228c742@group-1A9ADFE3EE69: changes role from      null to FOLLOWER at term 0 for startAsFollower
2019-10-04 06:11:47,668 [pool-469-thread-1] INFO  impl.RoleInfo (RoleInfo.java:updateAndGet(143)) - 76a33ec4-135c-408f-b380-a95c5228c742: start FollowerState
2019-10-04 06:11:47,668 [pool-439-thread-1] INFO  impl.RaftServerImpl (RaftServerImpl.java:start(181)) - 362ad445-5bb7-42b7-b6c6-45b485604b6f@group-1A9ADFE3EE69: start as a follower, conf=-1: [76a33ec4-135c-408f-b380-a95c5228c742:192.168.151.69:44502, 57bd6c27-13f9-4074-b08e-452facc4c933:192.168.151.69:45376, 362ad445-5bb7-42b7-b6c6-45b485604b6f:192.168.151.69:42652], old=null
2019-10-04 06:11:47,668 [pool-439-thread-1] INFO  impl.RaftServerImpl (RaftServerImpl.java:setRole(170)) - 362ad445-5bb7-42b7-b6c6-45b485604b6f@group-1A9ADFE3EE69: changes role from      null to FOLLOWER at term 0 for startAsFollower
2019-10-04 06:11:47,668 [pool-469-thread-1] INFO  util.JmxRegister (JmxRegister.java:tryRegister(44)) - Successfully registered JMX Bean with object name Ratis:service=RaftServer,group=group-1A9ADFE3EE69,id=76a33ec4-135c-408f-b380-a95c5228c742
2019-10-04 06:11:47,668 [pool-439-thread-1] INFO  impl.RoleInfo (RoleInfo.java:updateAndGet(143)) - 362ad445-5bb7-42b7-b6c6-45b485604b6f: start FollowerState
2019-10-04 06:11:47,669 [pool-439-thread-1] INFO  util.JmxRegister (JmxRegister.java:tryRegister(44)) - Successfully registered JMX Bean with object name Ratis:service=RaftServer,group=group-1A9ADFE3EE69,id=362ad445-5bb7-42b7-b6c6-45b485604b6f
2019-10-04 06:11:47,678 [RatisPipelineUtilsThread] INFO  pipeline.PipelineStateManager (PipelineStateManager.java:addPipeline(56)) - Created pipeline Pipeline[ Id: 29a35e2f-a623-4658-a412-1a9adfe3ee69, Nodes: 57bd6c27-13f9-4074-b08e-452facc4c933{ip: 192.168.151.69, host: trunk-nightly-20191004-lpvmn-70278721, networkLocation: /default-rack, certSerialId: null}362ad445-5bb7-42b7-b6c6-45b485604b6f{ip: 192.168.151.69, host: trunk-nightly-20191004-lpvmn-70278721, networkLocation: /default-rack, certSerialId: null}76a33ec4-135c-408f-b380-a95c5228c742{ip: 192.168.151.69, host: trunk-nightly-20191004-lpvmn-70278721, networkLocation: /default-rack, certSerialId: null}, Type:RATIS, Factor:THREE, State:OPEN]
2019-10-04 06:11:49,969 [Thread-2881] INFO  container.ReplicationManager (ReplicationManager.java:start(162)) - Starting Replication Monitor Thread.
2019-10-04 06:11:49,981 [ReplicationMonitor] INFO  container.ReplicationManager (ReplicationManager.java:run(225)) - Replication Monitor Thread took 1 milliseconds for processing 1 containers.
2019-10-04 06:11:52,195 [Thread-2883] INFO  impl.FollowerState (FollowerState.java:run(108)) - bf1ec5b5-3666-4735-9952-1715c6fefd75@group-247ADB149724-FollowerState: change to CANDIDATE, lastRpcTime:5160ms, electionTimeout:5160ms
2019-10-04 06:11:52,196 [Thread-2883] INFO  impl.RoleInfo (RoleInfo.java:shutdownFollowerState(121)) - bf1ec5b5-3666-4735-9952-1715c6fefd75: shutdown FollowerState
2019-10-04 06:11:52,196 [Thread-2883] INFO  impl.RaftServerImpl (RaftServerImpl.java:setRole(170)) - bf1ec5b5-3666-4735-9952-1715c6fefd75@group-247ADB149724: changes role from  FOLLOWER to CANDIDATE at term 0 for changeToCandidate
2019-10-04 06:11:52,196 [Thread-2883] INFO  impl.RoleInfo (RoleInfo.java:updateAndGet(143)) - bf1ec5b5-3666-4735-9952-1715c6fefd75: start LeaderElection
2019-10-04 06:11:52,239 [Thread-2886] INFO  impl.FollowerState (FollowerState.java:run(108)) - 74712ee5-c933-4604-9105-8839fcc8eeda@group-D88369356E99-FollowerState: change to CANDIDATE, lastRpcTime:5151ms, electionTimeout:5151ms
2019-10-04 06:11:52,239 [Thread-2886] INFO  impl.RoleInfo (RoleInfo.java:shutdownFollowerState(121)) - 74712ee5-c933-4604-9105-8839fcc8eeda: shutdown FollowerState
2019-10-04 06:11:52,239 [Thread-2886] INFO  impl.RaftServerImpl (RaftServerImpl.java:setRole(170)) - 74712ee5-c933-4604-9105-8839fcc8eeda@group-D88369356E99: changes role from  FOLLOWER to CANDIDATE at term 0 for changeToCandidate
2019-10-04 06:11:52,239 [Thread-2886] INFO  impl.RoleInfo (RoleInfo.java:updateAndGet(143)) - 74712ee5-c933-4604-9105-8839fcc8eeda: start LeaderElection
2019-10-04 06:11:52,243 [bf1ec5b5-3666-4735-9952-1715c6fefd75@group-247ADB149724-LeaderElection50] INFO  impl.LeaderElection (LeaderElection.java:askForVotes(178)) - bf1ec5b5-3666-4735-9952-1715c6fefd75@group-247ADB149724-LeaderElection50: begin an election at term 1 for -1: [bf1ec5b5-3666-4735-9952-1715c6fefd75:192.168.151.69:34880], old=null
2019-10-04 06:11:52,246 [bf1ec5b5-3666-4735-9952-1715c6fefd75@group-247ADB149724-LeaderElection50] INFO  impl.RoleInfo (RoleInfo.java:shutdownLeaderElection(134)) - bf1ec5b5-3666-4735-9952-1715c6fefd75: shutdown LeaderElection
2019-10-04 06:11:52,246 [bf1ec5b5-3666-4735-9952-1715c6fefd75@group-247ADB149724-LeaderElection50] INFO  impl.RaftServerImpl (RaftServerImpl.java:setRole(170)) - bf1ec5b5-3666-4735-9952-1715c6fefd75@group-247ADB149724: changes role from CANDIDATE to LEADER at term 1 for changeToLeader
2019-10-04 06:11:52,246 [bf1ec5b5-3666-4735-9952-1715c6fefd75@group-247ADB149724-LeaderElection50] INFO  impl.RaftServerImpl (ServerState.java:setLeader(255)) - bf1ec5b5-3666-4735-9952-1715c6fefd75@group-247ADB149724: change Leader from null to bf1ec5b5-3666-4735-9952-1715c6fefd75 at term 1 for becomeLeader, leader elected after 5221ms
2019-10-04 06:11:52,246 [bf1ec5b5-3666-4735-9952-1715c6fefd75@group-247ADB149724-LeaderElection50] INFO  server.RaftServerConfigKeys (ConfUtils.java:logGet(43)) - raft.server.staging.catchup.gap = 1000 (default)
2019-10-04 06:11:52,246 [bf1ec5b5-3666-4735-9952-1715c6fefd75@group-247ADB149724-LeaderElection50] INFO  server.RaftServerConfigKeys (ConfUtils.java:logGet(43)) - raft.server.rpc.sleep.time = 25ms (default)
2019-10-04 06:11:52,246 [bf1ec5b5-3666-4735-9952-1715c6fefd75@group-247ADB149724-LeaderElection50] INFO  server.RaftServerConfigKeys (ConfUtils.java:logGet(43)) - raft.server.write.element-limit = 4096 (default)
2019-10-04 06:11:52,247 [bf1ec5b5-3666-4735-9952-1715c6fefd75@group-247ADB149724-LeaderElection50] INFO  server.RaftServerConfigKeys (ConfUtils.java:logGet(43)) - raft.server.watch.timeout = 10s (default)
2019-10-04 06:11:52,247 [bf1ec5b5-3666-4735-9952-1715c6fefd75@group-247ADB149724-LeaderElection50] INFO  server.RaftServerConfigKeys (ConfUtils.java:logGet(43)) - raft.server.watch.timeout.denomination = 1s (default)
2019-10-04 06:11:52,247 [bf1ec5b5-3666-4735-9952-1715c6fefd75@group-247ADB149724-LeaderElection50] INFO  server.RaftServerConfigKeys (ConfUtils.java:logGet(43)) - raft.server.watch.element-limit = 65536 (default)
2019-10-04 06:11:52,249 [bf1ec5b5-3666-4735-9952-1715c6fefd75@group-247ADB149724-LeaderElection50] INFO  impl.RoleInfo (RoleInfo.java:updateAndGet(143)) - bf1ec5b5-3666-4735-9952-1715c6fefd75: start LeaderState
2019-10-04 06:11:52,250 [bf1ec5b5-3666-4735-9952-1715c6fefd75@group-247ADB149724-LeaderElection50] INFO  segmented.SegmentedRaftLogWorker (SegmentedRaftLogWorker.java:startLogSegment(385)) - bf1ec5b5-3666-4735-9952-1715c6fefd75@group-247ADB149724-SegmentedRaftLogWorker: Starting segment from index:0
2019-10-04 06:11:52,250 [bf1ec5b5-3666-4735-9952-1715c6fefd75@group-247ADB149724-LeaderElection50] INFO  impl.RaftServerImpl (ServerState.java:setRaftConf(356)) - bf1ec5b5-3666-4735-9952-1715c6fefd75@group-247ADB149724: set configuration 0: [bf1ec5b5-3666-4735-9952-1715c6fefd75:192.168.151.69:34880], old=null at 0
2019-10-04 06:11:52,258 [74712ee5-c933-4604-9105-8839fcc8eeda@group-D88369356E99-LeaderElection51] INFO  impl.LeaderElection (LeaderElection.java:askForVotes(178)) - 74712ee5-c933-4604-9105-8839fcc8eeda@group-D88369356E99-LeaderElection51: begin an election at term 1 for -1: [74712ee5-c933-4604-9105-8839fcc8eeda:192.168.151.69:35461], old=null
2019-10-04 06:11:52,258 [74712ee5-c933-4604-9105-8839fcc8eeda@group-D88369356E99-LeaderElection51] INFO  impl.RoleInfo (RoleInfo.java:shutdownLeaderElection(134)) - 74712ee5-c933-4604-9105-8839fcc8eeda: shutdown LeaderElection
2019-10-04 06:11:52,258 [74712ee5-c933-4604-9105-8839fcc8eeda@group-D88369356E99-LeaderElection51] INFO  impl.RaftServerImpl (RaftServerImpl.java:setRole(170)) - 74712ee5-c933-4604-9105-8839fcc8eeda@group-D88369356E99: changes role from CANDIDATE to LEADER at term 1 for changeToLeader
2019-10-04 06:11:52,258 [74712ee5-c933-4604-9105-8839fcc8eeda@group-D88369356E99-LeaderElection51] INFO  impl.RaftServerImpl (ServerState.java:setLeader(255)) - 74712ee5-c933-4604-9105-8839fcc8eeda@group-D88369356E99: change Leader from null to 74712ee5-c933-4604-9105-8839fcc8eeda at term 1 for becomeLeader, leader elected after 5176ms
2019-10-04 06:11:52,259 [74712ee5-c933-4604-9105-8839fcc8eeda@group-D88369356E99-LeaderElection51] INFO  server.RaftServerConfigKeys (ConfUtils.java:logGet(43)) - raft.server.staging.catchup.gap = 1000 (default)
2019-10-04 06:11:52,259 [74712ee5-c933-4604-9105-8839fcc8eeda@group-D88369356E99-LeaderElection51] INFO  server.RaftServerConfigKeys (ConfUtils.java:logGet(43)) - raft.server.rpc.sleep.time = 25ms (default)
2019-10-04 06:11:52,259 [74712ee5-c933-4604-9105-8839fcc8eeda@group-D88369356E99-LeaderElection51] INFO  server.RaftServerConfigKeys (ConfUtils.java:logGet(43)) - raft.server.write.element-limit = 4096 (default)
2019-10-04 06:11:52,259 [74712ee5-c933-4604-9105-8839fcc8eeda@group-D88369356E99-LeaderElection51] INFO  server.RaftServerConfigKeys (ConfUtils.java:logGet(43)) - raft.server.watch.timeout = 10s (default)
2019-10-04 06:11:52,259 [74712ee5-c933-4604-9105-8839fcc8eeda@group-D88369356E99-LeaderElection51] INFO  server.RaftServerConfigKeys (ConfUtils.java:logGet(43)) - raft.server.watch.timeout.denomination = 1s (default)
2019-10-04 06:11:52,259 [74712ee5-c933-4604-9105-8839fcc8eeda@group-D88369356E99-LeaderElection51] INFO  server.RaftServerConfigKeys (ConfUtils.java:logGet(43)) - raft.server.watch.element-limit = 65536 (default)
2019-10-04 06:11:52,262 [74712ee5-c933-4604-9105-8839fcc8eeda@group-D88369356E99-LeaderElection51] INFO  impl.RoleInfo (RoleInfo.java:updateAndGet(143)) - 74712ee5-c933-4604-9105-8839fcc8eeda: start LeaderState
2019-10-04 06:11:52,262 [74712ee5-c933-4604-9105-8839fcc8eeda@group-D88369356E99-LeaderElection51] INFO  segmented.SegmentedRaftLogWorker (SegmentedRaftLogWorker.java:startLogSegment(385)) - 74712ee5-c933-4604-9105-8839fcc8eeda@group-D88369356E99-SegmentedRaftLogWorker: Starting segment from index:0
2019-10-04 06:11:52,263 [74712ee5-c933-4604-9105-8839fcc8eeda@group-D88369356E99-LeaderElection51] INFO  impl.RaftServerImpl (ServerState.java:setRaftConf(356)) - 74712ee5-c933-4604-9105-8839fcc8eeda@group-D88369356E99: set configuration 0: [74712ee5-c933-4604-9105-8839fcc8eeda:192.168.151.69:35461], old=null at 0
2019-10-04 06:11:52,295 [Thread-2889] INFO  impl.FollowerState (FollowerState.java:run(108)) - 527a20f0-e30e-4dab-a279-10d7b51e04de@group-CB6E165568F0-FollowerState: change to CANDIDATE, lastRpcTime:5150ms, electionTimeout:5150ms
2019-10-04 06:11:52,296 [Thread-2889] INFO  impl.RoleInfo (RoleInfo.java:shutdownFollowerState(121)) - 527a20f0-e30e-4dab-a279-10d7b51e04de: shutdown FollowerState
2019-10-04 06:11:52,296 [Thread-2889] INFO  impl.RaftServerImpl (RaftServerImpl.java:setRole(170)) - 527a20f0-e30e-4dab-a279-10d7b51e04de@group-CB6E165568F0: changes role from  FOLLOWER to CANDIDATE at term 0 for changeToCandidate
2019-10-04 06:11:52,296 [Thread-2889] INFO  impl.RoleInfo (RoleInfo.java:updateAndGet(143)) - 527a20f0-e30e-4dab-a279-10d7b51e04de: start LeaderElection
2019-10-04 06:11:52,308 [bf1ec5b5-3666-4735-9952-1715c6fefd75@group-247ADB149724-SegmentedRaftLogWorker] INFO  segmented.SegmentedRaftLogWorker (SegmentedRaftLogWorker.java:execute(574)) - bf1ec5b5-3666-4735-9952-1715c6fefd75@group-247ADB149724-SegmentedRaftLogWorker: created new log segment /workdir/hadoop-ozone/integration-test/target/test-dir/MiniOzoneClusterImpl-d4a22fe7-9819-4ee7-a95f-4f3286bed485/datanode-0/data/ratis/c0ec4baa-4072-481f-ae36-247adb149724/current/log_inprogress_0
2019-10-04 06:11:52,308 [74712ee5-c933-4604-9105-8839fcc8eeda@group-D88369356E99-SegmentedRaftLogWorker] INFO  segmented.SegmentedRaftLogWorker (SegmentedRaftLogWorker.java:execute(574)) - 74712ee5-c933-4604-9105-8839fcc8eeda@group-D88369356E99-SegmentedRaftLogWorker: created new log segment /workdir/hadoop-ozone/integration-test/target/test-dir/MiniOzoneClusterImpl-d4a22fe7-9819-4ee7-a95f-4f3286bed485/datanode-1/data/ratis/970e86c5-c7c4-4e16-8b3d-d88369356e99/current/log_inprogress_0
2019-10-04 06:11:52,308 [527a20f0-e30e-4dab-a279-10d7b51e04de@group-CB6E165568F0-LeaderElection52] INFO  impl.LeaderElection (LeaderElection.java:askForVotes(178)) - 527a20f0-e30e-4dab-a279-10d7b51e04de@group-CB6E165568F0-LeaderElection52: begin an election at term 1 for -1: [527a20f0-e30e-4dab-a279-10d7b51e04de:192.168.151.69:45574], old=null
2019-10-04 06:11:52,308 [527a20f0-e30e-4dab-a279-10d7b51e04de@group-CB6E165568F0-LeaderElection52] INFO  impl.RoleInfo (RoleInfo.java:shutdownLeaderElection(134)) - 527a20f0-e30e-4dab-a279-10d7b51e04de: shutdown LeaderElection
2019-10-04 06:11:52,308 [527a20f0-e30e-4dab-a279-10d7b51e04de@group-CB6E165568F0-LeaderElection52] INFO  impl.RaftServerImpl (RaftServerImpl.java:setRole(170)) - 527a20f0-e30e-4dab-a279-10d7b51e04de@group-CB6E165568F0: changes role from CANDIDATE to LEADER at term 1 for changeToLeader
2019-10-04 06:11:52,309 [527a20f0-e30e-4dab-a279-10d7b51e04de@group-CB6E165568F0-LeaderElection52] INFO  impl.RaftServerImpl (ServerState.java:setLeader(255)) - 527a20f0-e30e-4dab-a279-10d7b51e04de@group-CB6E165568F0: change Leader from null to 527a20f0-e30e-4dab-a279-10d7b51e04de at term 1 for becomeLeader, leader elected after 5168ms
2019-10-04 06:11:52,309 [527a20f0-e30e-4dab-a279-10d7b51e04de@group-CB6E165568F0-LeaderElection52] INFO  server.RaftServerConfigKeys (ConfUtils.java:logGet(43)) - raft.server.staging.catchup.gap = 1000 (default)
2019-10-04 06:11:52,309 [527a20f0-e30e-4dab-a279-10d7b51e04de@group-CB6E165568F0-LeaderElection52] INFO  server.RaftServerConfigKeys (ConfUtils.java:logGet(43)) - raft.server.rpc.sleep.time = 25ms (default)
2019-10-04 06:11:52,309 [527a20f0-e30e-4dab-a279-10d7b51e04de@group-CB6E165568F0-LeaderElection52] INFO  server.RaftServerConfigKeys (ConfUtils.java:logGet(43)) - raft.server.write.element-limit = 4096 (default)
2019-10-04 06:11:52,309 [527a20f0-e30e-4dab-a279-10d7b51e04de@group-CB6E165568F0-LeaderElection52] INFO  server.RaftServerConfigKeys (ConfUtils.java:logGet(43)) - raft.server.watch.timeout = 10s (default)
2019-10-04 06:11:52,309 [527a20f0-e30e-4dab-a279-10d7b51e04de@group-CB6E165568F0-LeaderElection52] INFO  server.RaftServerConfigKeys (ConfUtils.java:logGet(43)) - raft.server.watch.timeout.denomination = 1s (default)
2019-10-04 06:11:52,309 [527a20f0-e30e-4dab-a279-10d7b51e04de@group-CB6E165568F0-LeaderElection52] INFO  server.RaftServerConfigKeys (ConfUtils.java:logGet(43)) - raft.server.watch.element-limit = 65536 (default)
2019-10-04 06:11:52,310 [527a20f0-e30e-4dab-a279-10d7b51e04de@group-CB6E165568F0-LeaderElection52] INFO  impl.RoleInfo (RoleInfo.java:updateAndGet(143)) - 527a20f0-e30e-4dab-a279-10d7b51e04de: start LeaderState
2019-10-04 06:11:52,311 [527a20f0-e30e-4dab-a279-10d7b51e04de@group-CB6E165568F0-LeaderElection52] INFO  segmented.SegmentedRaftLogWorker (SegmentedRaftLogWorker.java:startLogSegment(385)) - 527a20f0-e30e-4dab-a279-10d7b51e04de@group-CB6E165568F0-SegmentedRaftLogWorker: Starting segment from index:0
2019-10-04 06:11:52,311 [527a20f0-e30e-4dab-a279-10d7b51e04de@group-CB6E165568F0-LeaderElection52] INFO  impl.RaftServerImpl (ServerState.java:setRaftConf(356)) - 527a20f0-e30e-4dab-a279-10d7b51e04de@group-CB6E165568F0: set configuration 0: [527a20f0-e30e-4dab-a279-10d7b51e04de:192.168.151.69:45574], old=null at 0
2019-10-04 06:11:52,325 [Thread-2892] INFO  impl.FollowerState (FollowerState.java:run(108)) - bf1ec5b5-3666-4735-9952-1715c6fefd75@group-0D47B154AA78-FollowerState: change to CANDIDATE, lastRpcTime:5101ms, electionTimeout:5093ms
2019-10-04 06:11:52,325 [Thread-2892] INFO  impl.RoleInfo (RoleInfo.java:shutdownFollowerState(121)) - bf1ec5b5-3666-4735-9952-1715c6fefd75: shutdown FollowerState
2019-10-04 06:11:52,325 [Thread-2892] INFO  impl.RaftServerImpl (RaftServerImpl.java:setRole(170)) - bf1ec5b5-3666-4735-9952-1715c6fefd75@group-0D47B154AA78: changes role from  FOLLOWER to CANDIDATE at term 0 for changeToCandidate
2019-10-04 06:11:52,325 [Thread-2892] INFO  impl.RoleInfo (RoleInfo.java:updateAndGet(143)) - bf1ec5b5-3666-4735-9952-1715c6fefd75: start LeaderElection
2019-10-04 06:11:52,349 [Thread-2897] INFO  impl.FollowerState (FollowerState.java:run(108)) - 527a20f0-e30e-4dab-a279-10d7b51e04de@group-0D47B154AA78-FollowerState: change to CANDIDATE, lastRpcTime:5106ms, electionTimeout:5102ms
2019-10-04 06:11:52,349 [Thread-2897] INFO  impl.RoleInfo (RoleInfo.java:shutdownFollowerState(121)) - 527a20f0-e30e-4dab-a279-10d7b51e04de: shutdown FollowerState
2019-10-04 06:11:52,349 [Thread-2897] INFO  impl.RaftServerImpl (RaftServerImpl.java:setRole(170)) - 527a20f0-e30e-4dab-a279-10d7b51e04de@group-0D47B154AA78: changes role from  FOLLOWER to CANDIDATE at term 0 for changeToCandidate
2019-10-04 06:11:52,352 [Thread-2897] INFO  impl.RoleInfo (RoleInfo.java:updateAndGet(143)) - 527a20f0-e30e-4dab-a279-10d7b51e04de: start LeaderElection
2019-10-04 06:11:52,358 [Thread-2895] INFO  impl.FollowerState (FollowerState.java:run(108)) - 74712ee5-c933-4604-9105-8839fcc8eeda@group-0D47B154AA78-FollowerState: change to CANDIDATE, lastRpcTime:5123ms, electionTimeout:5123ms
2019-10-04 06:11:52,358 [Thread-2895] INFO  impl.RoleInfo (RoleInfo.java:shutdownFollowerState(121)) - 74712ee5-c933-4604-9105-8839fcc8eeda: shutdown FollowerState
2019-10-04 06:11:52,359 [Thread-2895] INFO  impl.RaftServerImpl (RaftServerImpl.java:setRole(170)) - 74712ee5-c933-4604-9105-8839fcc8eeda@group-0D47B154AA78: changes role from  FOLLOWER to CANDIDATE at term 0 for changeToCandidate
2019-10-04 06:11:52,359 [Thread-2895] INFO  impl.RoleInfo (RoleInfo.java:updateAndGet(143)) - 74712ee5-c933-4604-9105-8839fcc8eeda: start LeaderElection
2019-10-04 06:11:52,372 [527a20f0-e30e-4dab-a279-10d7b51e04de@group-CB6E165568F0-SegmentedRaftLogWorker] INFO  segmented.SegmentedRaftLogWorker (SegmentedRaftLogWorker.java:execute(574)) - 527a20f0-e30e-4dab-a279-10d7b51e04de@group-CB6E165568F0-SegmentedRaftLogWorker: created new log segment /workdir/hadoop-ozone/integration-test/target/test-dir/MiniOzoneClusterImpl-d4a22fe7-9819-4ee7-a95f-4f3286bed485/datanode-2/data/ratis/ee7d1942-48f7-4d22-8704-cb6e165568f0/current/log_inprogress_0
2019-10-04 06:11:52,372 [bf1ec5b5-3666-4735-9952-1715c6fefd75@group-0D47B154AA78-LeaderElection53] INFO  impl.LeaderElection (LeaderElection.java:askForVotes(178)) - bf1ec5b5-3666-4735-9952-1715c6fefd75@group-0D47B154AA78-LeaderElection53: begin an election at term 1 for -1: [bf1ec5b5-3666-4735-9952-1715c6fefd75:192.168.151.69:34880, 527a20f0-e30e-4dab-a279-10d7b51e04de:192.168.151.69:45574, 74712ee5-c933-4604-9105-8839fcc8eeda:192.168.151.69:35461], old=null
2019-10-04 06:11:52,372 [527a20f0-e30e-4dab-a279-10d7b51e04de@group-0D47B154AA78-LeaderElection54] INFO  impl.LeaderElection (LeaderElection.java:askForVotes(178)) - 527a20f0-e30e-4dab-a279-10d7b51e04de@group-0D47B154AA78-LeaderElection54: begin an election at term 1 for -1: [bf1ec5b5-3666-4735-9952-1715c6fefd75:192.168.151.69:34880, 527a20f0-e30e-4dab-a279-10d7b51e04de:192.168.151.69:45574, 74712ee5-c933-4604-9105-8839fcc8eeda:192.168.151.69:35461], old=null
2019-10-04 06:11:52,389 [74712ee5-c933-4604-9105-8839fcc8eeda@group-0D47B154AA78-LeaderElection55] INFO  impl.LeaderElection (LeaderElection.java:askForVotes(178)) - 74712ee5-c933-4604-9105-8839fcc8eeda@group-0D47B154AA78-LeaderElection55: begin an election at term 1 for -1: [bf1ec5b5-3666-4735-9952-1715c6fefd75:192.168.151.69:34880, 527a20f0-e30e-4dab-a279-10d7b51e04de:192.168.151.69:45574, 74712ee5-c933-4604-9105-8839fcc8eeda:192.168.151.69:35461], old=null
2019-10-04 06:11:52,404 [527a20f0-e30e-4dab-a279-10d7b51e04de@group-0D47B154AA78-LeaderElection54] INFO  impl.LeaderElection (LeaderElection.java:logAndReturn(56)) - 527a20f0-e30e-4dab-a279-10d7b51e04de@group-0D47B154AA78-LeaderElection54: Election REJECTED; received 2 response(s) [527a20f0-e30e-4dab-a279-10d7b51e04de<-bf1ec5b5-3666-4735-9952-1715c6fefd75#0:FAIL-t1, 527a20f0-e30e-4dab-a279-10d7b51e04de<-74712ee5-c933-4604-9105-8839fcc8eeda#0:FAIL-t1] and 0 exception(s); 527a20f0-e30e-4dab-a279-10d7b51e04de@group-0D47B154AA78:t1, leader=null, voted=527a20f0-e30e-4dab-a279-10d7b51e04de, raftlog=527a20f0-e30e-4dab-a279-10d7b51e04de@group-0D47B154AA78-SegmentedRaftLog:OPENED:c-1,f-1,i0, conf=-1: [bf1ec5b5-3666-4735-9952-1715c6fefd75:192.168.151.69:34880, 527a20f0-e30e-4dab-a279-10d7b51e04de:192.168.151.69:45574, 74712ee5-c933-4604-9105-8839fcc8eeda:192.168.151.69:35461], old=null
2019-10-04 06:11:52,404 [527a20f0-e30e-4dab-a279-10d7b51e04de@group-0D47B154AA78-LeaderElection54] INFO  impl.RaftServerImpl (RaftServerImpl.java:setRole(170)) - 527a20f0-e30e-4dab-a279-10d7b51e04de@group-0D47B154AA78: changes role from CANDIDATE to FOLLOWER at term 1 for DISCOVERED_A_NEW_TERM
2019-10-04 06:11:52,404 [527a20f0-e30e-4dab-a279-10d7b51e04de@group-0D47B154AA78-LeaderElection54] INFO  impl.RoleInfo (RoleInfo.java:shutdownLeaderElection(134)) - 527a20f0-e30e-4dab-a279-10d7b51e04de: shutdown LeaderElection
2019-10-04 06:11:52,404 [bf1ec5b5-3666-4735-9952-1715c6fefd75@group-0D47B154AA78-LeaderElection53] INFO  impl.LeaderElection (LeaderElection.java:logAndReturn(56)) - bf1ec5b5-3666-4735-9952-1715c6fefd75@group-0D47B154AA78-LeaderElection53: Election REJECTED; received 2 response(s) [bf1ec5b5-3666-4735-9952-1715c6fefd75<-527a20f0-e30e-4dab-a279-10d7b51e04de#0:FAIL-t1, bf1ec5b5-3666-4735-9952-1715c6fefd75<-74712ee5-c933-4604-9105-8839fcc8eeda#0:FAIL-t1] and 0 exception(s); bf1ec5b5-3666-4735-9952-1715c6fefd75@group-0D47B154AA78:t1, leader=null, voted=bf1ec5b5-3666-4735-9952-1715c6fefd75, raftlog=bf1ec5b5-3666-4735-9952-1715c6fefd75@group-0D47B154AA78-SegmentedRaftLog:OPENED:c-1,f-1,i0, conf=-1: [bf1ec5b5-3666-4735-9952-1715c6fefd75:192.168.151.69:34880, 527a20f0-e30e-4dab-a279-10d7b51e04de:192.168.151.69:45574, 74712ee5-c933-4604-9105-8839fcc8eeda:192.168.151.69:35461], old=null
2019-10-04 06:11:52,406 [bf1ec5b5-3666-4735-9952-1715c6fefd75@group-0D47B154AA78-LeaderElection53] INFO  impl.RaftServerImpl (RaftServerImpl.java:setRole(170)) - bf1ec5b5-3666-4735-9952-1715c6fefd75@group-0D47B154AA78: changes role from CANDIDATE to FOLLOWER at term 1 for DISCOVERED_A_NEW_TERM
2019-10-04 06:11:52,406 [527a20f0-e30e-4dab-a279-10d7b51e04de@group-0D47B154AA78-LeaderElection54] INFO  impl.RoleInfo (RoleInfo.java:updateAndGet(143)) - 527a20f0-e30e-4dab-a279-10d7b51e04de: start FollowerState
2019-10-04 06:11:52,407 [bf1ec5b5-3666-4735-9952-1715c6fefd75@group-0D47B154AA78-LeaderElection53] INFO  impl.RoleInfo (RoleInfo.java:shutdownLeaderElection(134)) - bf1ec5b5-3666-4735-9952-1715c6fefd75: shutdown LeaderElection
2019-10-04 06:11:52,409 [bf1ec5b5-3666-4735-9952-1715c6fefd75@group-0D47B154AA78-LeaderElection53] INFO  impl.RoleInfo (RoleInfo.java:updateAndGet(143)) - bf1ec5b5-3666-4735-9952-1715c6fefd75: start FollowerState
2019-10-04 06:11:52,419 [74712ee5-c933-4604-9105-8839fcc8eeda@group-0D47B154AA78-LeaderElection55] INFO  impl.LeaderElection (LeaderElection.java:logAndReturn(56)) - 74712ee5-c933-4604-9105-8839fcc8eeda@group-0D47B154AA78-LeaderElection55: Election REJECTED; received 2 response(s) [74712ee5-c933-4604-9105-8839fcc8eeda<-bf1ec5b5-3666-4735-9952-1715c6fefd75#0:FAIL-t1, 74712ee5-c933-4604-9105-8839fcc8eeda<-527a20f0-e30e-4dab-a279-10d7b51e04de#0:FAIL-t1] and 0 exception(s); 74712ee5-c933-4604-9105-8839fcc8eeda@group-0D47B154AA78:t1, leader=null, voted=74712ee5-c933-4604-9105-8839fcc8eeda, raftlog=74712ee5-c933-4604-9105-8839fcc8eeda@group-0D47B154AA78-SegmentedRaftLog:OPENED:c-1,f-1,i0, conf=-1: [bf1ec5b5-3666-4735-9952-1715c6fefd75:192.168.151.69:34880, 527a20f0-e30e-4dab-a279-10d7b51e04de:192.168.151.69:45574, 74712ee5-c933-4604-9105-8839fcc8eeda:192.168.151.69:35461], old=null
2019-10-04 06:11:52,419 [74712ee5-c933-4604-9105-8839fcc8eeda@group-0D47B154AA78-LeaderElection55] INFO  impl.RaftServerImpl (RaftServerImpl.java:setRole(170)) - 74712ee5-c933-4604-9105-8839fcc8eeda@group-0D47B154AA78: changes role from CANDIDATE to FOLLOWER at term 1 for DISCOVERED_A_NEW_TERM
2019-10-04 06:11:52,420 [74712ee5-c933-4604-9105-8839fcc8eeda@group-0D47B154AA78-LeaderElection55] INFO  impl.RoleInfo (RoleInfo.java:shutdownLeaderElection(134)) - 74712ee5-c933-4604-9105-8839fcc8eeda: shutdown LeaderElection
2019-10-04 06:11:52,420 [74712ee5-c933-4604-9105-8839fcc8eeda@group-0D47B154AA78-LeaderElection55] INFO  impl.RoleInfo (RoleInfo.java:updateAndGet(143)) - 74712ee5-c933-4604-9105-8839fcc8eeda: start FollowerState
2019-10-04 06:11:52,521 [Thread-2901] INFO  impl.FollowerState (FollowerState.java:run(108)) - 57bd6c27-13f9-4074-b08e-452facc4c933@group-6E535F1670AD-FollowerState: change to CANDIDATE, lastRpcTime:5137ms, electionTimeout:5137ms
2019-10-04 06:11:52,524 [Thread-2901] INFO  impl.RoleInfo (RoleInfo.java:shutdownFollowerState(121)) - 57bd6c27-13f9-4074-b08e-452facc4c933: shutdown FollowerState
2019-10-04 06:11:52,524 [Thread-2901] INFO  impl.RaftServerImpl (RaftServerImpl.java:setRole(170)) - 57bd6c27-13f9-4074-b08e-452facc4c933@group-6E535F1670AD: changes role from  FOLLOWER to CANDIDATE at term 0 for changeToCandidate
2019-10-04 06:11:52,524 [Thread-2901] INFO  impl.RoleInfo (RoleInfo.java:updateAndGet(143)) - 57bd6c27-13f9-4074-b08e-452facc4c933: start LeaderElection
2019-10-04 06:11:52,531 [Thread-2906] INFO  impl.FollowerState (FollowerState.java:run(108)) - 362ad445-5bb7-42b7-b6c6-45b485604b6f@group-4A1B1A25A002-FollowerState: change to CANDIDATE, lastRpcTime:5077ms, electionTimeout:5077ms
2019-10-04 06:11:52,531 [Thread-2906] INFO  impl.RoleInfo (RoleInfo.java:shutdownFollowerState(121)) - 362ad445-5bb7-42b7-b6c6-45b485604b6f: shutdown FollowerState
2019-10-04 06:11:52,531 [Thread-2906] INFO  impl.RaftServerImpl (RaftServerImpl.java:setRole(170)) - 362ad445-5bb7-42b7-b6c6-45b485604b6f@group-4A1B1A25A002: changes role from  FOLLOWER to CANDIDATE at term 0 for changeToCandidate
2019-10-04 06:11:52,531 [Thread-2906] INFO  impl.RoleInfo (RoleInfo.java:updateAndGet(143)) - 362ad445-5bb7-42b7-b6c6-45b485604b6f: start LeaderElection
2019-10-04 06:11:52,544 [57bd6c27-13f9-4074-b08e-452facc4c933@group-6E535F1670AD-LeaderElection56] INFO  impl.LeaderElection (LeaderElection.java:askForVotes(178)) - 57bd6c27-13f9-4074-b08e-452facc4c933@group-6E535F1670AD-LeaderElection56: begin an election at term 1 for -1: [57bd6c27-13f9-4074-b08e-452facc4c933:192.168.151.69:45376], old=null
2019-10-04 06:11:52,544 [362ad445-5bb7-42b7-b6c6-45b485604b6f@group-4A1B1A25A002-LeaderElection57] INFO  impl.LeaderElection (LeaderElection.java:askForVotes(178)) - 362ad445-5bb7-42b7-b6c6-45b485604b6f@group-4A1B1A25A002-LeaderElection57: begin an election at term 1 for -1: [362ad445-5bb7-42b7-b6c6-45b485604b6f:192.168.151.69:42652], old=null
2019-10-04 06:11:52,544 [57bd6c27-13f9-4074-b08e-452facc4c933@group-6E535F1670AD-LeaderElection56] INFO  impl.RoleInfo (RoleInfo.java:shutdownLeaderElection(134)) - 57bd6c27-13f9-4074-b08e-452facc4c933: shutdown LeaderElection
2019-10-04 06:11:52,545 [362ad445-5bb7-42b7-b6c6-45b485604b6f@group-4A1B1A25A002-LeaderElection57] INFO  impl.RoleInfo (RoleInfo.java:shutdownLeaderElection(134)) - 362ad445-5bb7-42b7-b6c6-45b485604b6f: shutdown LeaderElection
2019-10-04 06:11:52,545 [57bd6c27-13f9-4074-b08e-452facc4c933@group-6E535F1670AD-LeaderElection56] INFO  impl.RaftServerImpl (RaftServerImpl.java:setRole(170)) - 57bd6c27-13f9-4074-b08e-452facc4c933@group-6E535F1670AD: changes role from CANDIDATE to LEADER at term 1 for changeToLeader
2019-10-04 06:11:52,545 [362ad445-5bb7-42b7-b6c6-45b485604b6f@group-4A1B1A25A002-LeaderElection57] INFO  impl.RaftServerImpl (RaftServerImpl.java:setRole(170)) - 362ad445-5bb7-42b7-b6c6-45b485604b6f@group-4A1B1A25A002: changes role from CANDIDATE to LEADER at term 1 for changeToLeader
2019-10-04 06:11:52,545 [57bd6c27-13f9-4074-b08e-452facc4c933@group-6E535F1670AD-LeaderElection56] INFO  impl.RaftServerImpl (ServerState.java:setLeader(255)) - 57bd6c27-13f9-4074-b08e-452facc4c933@group-6E535F1670AD: change Leader from null to 57bd6c27-13f9-4074-b08e-452facc4c933 at term 1 for becomeLeader, leader elected after 5169ms
2019-10-04 06:11:52,545 [362ad445-5bb7-42b7-b6c6-45b485604b6f@group-4A1B1A25A002-LeaderElection57] INFO  impl.RaftServerImpl (ServerState.java:setLeader(255)) - 362ad445-5bb7-42b7-b6c6-45b485604b6f@group-4A1B1A25A002: change Leader from null to 362ad445-5bb7-42b7-b6c6-45b485604b6f at term 1 for becomeLeader, leader elected after 5102ms
2019-10-04 06:11:52,545 [57bd6c27-13f9-4074-b08e-452facc4c933@group-6E535F1670AD-LeaderElection56] INFO  server.RaftServerConfigKeys (ConfUtils.java:logGet(43)) - raft.server.staging.catchup.gap = 1000 (default)
2019-10-04 06:11:52,545 [362ad445-5bb7-42b7-b6c6-45b485604b6f@group-4A1B1A25A002-LeaderElection57] INFO  server.RaftServerConfigKeys (ConfUtils.java:logGet(43)) - raft.server.staging.catchup.gap = 1000 (default)
2019-10-04 06:11:52,546 [57bd6c27-13f9-4074-b08e-452facc4c933@group-6E535F1670AD-LeaderElection56] INFO  server.RaftServerConfigKeys (ConfUtils.java:logGet(43)) - raft.server.rpc.sleep.time = 25ms (default)
2019-10-04 06:11:52,546 [362ad445-5bb7-42b7-b6c6-45b485604b6f@group-4A1B1A25A002-LeaderElection57] INFO  server.RaftServerConfigKeys (ConfUtils.java:logGet(43)) - raft.server.rpc.sleep.time = 25ms (default)
2019-10-04 06:11:52,546 [57bd6c27-13f9-4074-b08e-452facc4c933@group-6E535F1670AD-LeaderElection56] INFO  server.RaftServerConfigKeys (ConfUtils.java:logGet(43)) - raft.server.write.element-limit = 4096 (default)
2019-10-04 06:11:52,546 [362ad445-5bb7-42b7-b6c6-45b485604b6f@group-4A1B1A25A002-LeaderElection57] INFO  server.RaftServerConfigKeys (ConfUtils.java:logGet(43)) - raft.server.write.element-limit = 4096 (default)
2019-10-04 06:11:52,546 [57bd6c27-13f9-4074-b08e-452facc4c933@group-6E535F1670AD-LeaderElection56] INFO  server.RaftServerConfigKeys (ConfUtils.java:logGet(43)) - raft.server.watch.timeout = 10s (default)
2019-10-04 06:11:52,546 [362ad445-5bb7-42b7-b6c6-45b485604b6f@group-4A1B1A25A002-LeaderElection57] INFO  server.RaftServerConfigKeys (ConfUtils.java:logGet(43)) - raft.server.watch.timeout = 10s (default)
2019-10-04 06:11:52,546 [57bd6c27-13f9-4074-b08e-452facc4c933@group-6E535F1670AD-LeaderElection56] INFO  server.RaftServerConfigKeys (ConfUtils.java:logGet(43)) - raft.server.watch.timeout.denomination = 1s (default)
2019-10-04 06:11:52,547 [362ad445-5bb7-42b7-b6c6-45b485604b6f@group-4A1B1A25A002-LeaderElection57] INFO  server.RaftServerConfigKeys (ConfUtils.java:logGet(43)) - raft.server.watch.timeout.denomination = 1s (default)
2019-10-04 06:11:52,547 [57bd6c27-13f9-4074-b08e-452facc4c933@group-6E535F1670AD-LeaderElection56] INFO  server.RaftServerConfigKeys (ConfUtils.java:logGet(43)) - raft.server.watch.element-limit = 65536 (default)
2019-10-04 06:11:52,547 [362ad445-5bb7-42b7-b6c6-45b485604b6f@group-4A1B1A25A002-LeaderElection57] INFO  server.RaftServerConfigKeys (ConfUtils.java:logGet(43)) - raft.server.watch.element-limit = 65536 (default)
2019-10-04 06:11:52,550 [57bd6c27-13f9-4074-b08e-452facc4c933@group-6E535F1670AD-LeaderElection56] INFO  impl.RoleInfo (RoleInfo.java:updateAndGet(143)) - 57bd6c27-13f9-4074-b08e-452facc4c933: start LeaderState
2019-10-04 06:11:52,550 [57bd6c27-13f9-4074-b08e-452facc4c933@group-6E535F1670AD-LeaderElection56] INFO  segmented.SegmentedRaftLogWorker (SegmentedRaftLogWorker.java:startLogSegment(385)) - 57bd6c27-13f9-4074-b08e-452facc4c933@group-6E535F1670AD-SegmentedRaftLogWorker: Starting segment from index:0
2019-10-04 06:11:52,550 [362ad445-5bb7-42b7-b6c6-45b485604b6f@group-4A1B1A25A002-LeaderElection57] INFO  impl.RoleInfo (RoleInfo.java:updateAndGet(143)) - 362ad445-5bb7-42b7-b6c6-45b485604b6f: start LeaderState
2019-10-04 06:11:52,550 [362ad445-5bb7-42b7-b6c6-45b485604b6f@group-4A1B1A25A002-LeaderElection57] INFO  segmented.SegmentedRaftLogWorker (SegmentedRaftLogWorker.java:startLogSegment(385)) - 362ad445-5bb7-42b7-b6c6-45b485604b6f@group-4A1B1A25A002-SegmentedRaftLogWorker: Starting segment from index:0
2019-10-04 06:11:52,551 [57bd6c27-13f9-4074-b08e-452facc4c933@group-6E535F1670AD-LeaderElection56] INFO  impl.RaftServerImpl (ServerState.java:setRaftConf(356)) - 57bd6c27-13f9-4074-b08e-452facc4c933@group-6E535F1670AD: set configuration 0: [57bd6c27-13f9-4074-b08e-452facc4c933:192.168.151.69:45376], old=null at 0
2019-10-04 06:11:52,588 [362ad445-5bb7-42b7-b6c6-45b485604b6f@group-4A1B1A25A002-LeaderElection57] INFO  impl.RaftServerImpl (ServerState.java:setRaftConf(356)) - 362ad445-5bb7-42b7-b6c6-45b485604b6f@group-4A1B1A25A002: set configuration 0: [362ad445-5bb7-42b7-b6c6-45b485604b6f:192.168.151.69:42652], old=null at 0
2019-10-04 06:11:52,600 [57bd6c27-13f9-4074-b08e-452facc4c933@group-6E535F1670AD-SegmentedRaftLogWorker] INFO  segmented.SegmentedRaftLogWorker (SegmentedRaftLogWorker.java:execute(574)) - 57bd6c27-13f9-4074-b08e-452facc4c933@group-6E535F1670AD-SegmentedRaftLogWorker: created new log segment /workdir/hadoop-ozone/integration-test/target/test-dir/MiniOzoneClusterImpl-d4a22fe7-9819-4ee7-a95f-4f3286bed485/datanode-5/data/ratis/e2472a6a-c39b-4309-80da-6e535f1670ad/current/log_inprogress_0
2019-10-04 06:11:52,637 [362ad445-5bb7-42b7-b6c6-45b485604b6f@group-4A1B1A25A002-SegmentedRaftLogWorker] INFO  segmented.SegmentedRaftLogWorker (SegmentedRaftLogWorker.java:execute(574)) - 362ad445-5bb7-42b7-b6c6-45b485604b6f@group-4A1B1A25A002-SegmentedRaftLogWorker: created new log segment /workdir/hadoop-ozone/integration-test/target/test-dir/MiniOzoneClusterImpl-d4a22fe7-9819-4ee7-a95f-4f3286bed485/datanode-3/data/ratis/ad36076a-dd04-404f-a503-4a1b1a25a002/current/log_inprogress_0
2019-10-04 06:11:52,665 [Thread-2915] INFO  impl.FollowerState (FollowerState.java:run(108)) - 57bd6c27-13f9-4074-b08e-452facc4c933@group-1A9ADFE3EE69-FollowerState: change to CANDIDATE, lastRpcTime:5004ms, electionTimeout:5004ms
2019-10-04 06:11:52,665 [Thread-2915] INFO  impl.RoleInfo (RoleInfo.java:shutdownFollowerState(121)) - 57bd6c27-13f9-4074-b08e-452facc4c933: shutdown FollowerState
2019-10-04 06:11:52,665 [Thread-2915] INFO  impl.RaftServerImpl (RaftServerImpl.java:setRole(170)) - 57bd6c27-13f9-4074-b08e-452facc4c933@group-1A9ADFE3EE69: changes role from  FOLLOWER to CANDIDATE at term 0 for changeToCandidate
2019-10-04 06:11:52,665 [Thread-2915] INFO  impl.RoleInfo (RoleInfo.java:updateAndGet(143)) - 57bd6c27-13f9-4074-b08e-452facc4c933: start LeaderElection
2019-10-04 06:11:52,682 [57bd6c27-13f9-4074-b08e-452facc4c933@group-1A9ADFE3EE69-LeaderElection58] INFO  impl.LeaderElection (LeaderElection.java:askForVotes(178)) - 57bd6c27-13f9-4074-b08e-452facc4c933@group-1A9ADFE3EE69-LeaderElection58: begin an election at term 1 for -1: [76a33ec4-135c-408f-b380-a95c5228c742:192.168.151.69:44502, 57bd6c27-13f9-4074-b08e-452facc4c933:192.168.151.69:45376, 362ad445-5bb7-42b7-b6c6-45b485604b6f:192.168.151.69:42652], old=null
2019-10-04 06:11:52,683 [Thread-2909] INFO  impl.FollowerState (FollowerState.java:run(108)) - 76a33ec4-135c-408f-b380-a95c5228c742@group-AB4820BA8130-FollowerState: change to CANDIDATE, lastRpcTime:5167ms, electionTimeout:5167ms
2019-10-04 06:11:52,683 [Thread-2909] INFO  impl.RoleInfo (RoleInfo.java:shutdownFollowerState(121)) - 76a33ec4-135c-408f-b380-a95c5228c742: shutdown FollowerState
2019-10-04 06:11:52,683 [Thread-2909] INFO  impl.RaftServerImpl (RaftServerImpl.java:setRole(170)) - 76a33ec4-135c-408f-b380-a95c5228c742@group-AB4820BA8130: changes role from  FOLLOWER to CANDIDATE at term 0 for changeToCandidate
2019-10-04 06:11:52,684 [Thread-2909] INFO  impl.RoleInfo (RoleInfo.java:updateAndGet(143)) - 76a33ec4-135c-408f-b380-a95c5228c742: start LeaderElection
2019-10-04 06:11:52,691 [grpc-default-executor-7] INFO  impl.RaftServerImpl (RaftServerImpl.java:setRole(170)) - 76a33ec4-135c-408f-b380-a95c5228c742@group-1A9ADFE3EE69: changes role from  FOLLOWER to FOLLOWER at term 1 for recognizeCandidate:57bd6c27-13f9-4074-b08e-452facc4c933
2019-10-04 06:11:52,693 [grpc-default-executor-0] INFO  impl.RaftServerImpl (RaftServerImpl.java:setRole(170)) - 362ad445-5bb7-42b7-b6c6-45b485604b6f@group-1A9ADFE3EE69: changes role from  FOLLOWER to FOLLOWER at term 1 for recognizeCandidate:57bd6c27-13f9-4074-b08e-452facc4c933
2019-10-04 06:11:52,693 [grpc-default-executor-7] INFO  impl.RoleInfo (RoleInfo.java:shutdownFollowerState(121)) - 76a33ec4-135c-408f-b380-a95c5228c742: shutdown FollowerState
2019-10-04 06:11:52,693 [grpc-default-executor-0] INFO  impl.RoleInfo (RoleInfo.java:shutdownFollowerState(121)) - 362ad445-5bb7-42b7-b6c6-45b485604b6f: shutdown FollowerState
2019-10-04 06:11:52,693 [grpc-default-executor-7] INFO  impl.RoleInfo (RoleInfo.java:updateAndGet(143)) - 76a33ec4-135c-408f-b380-a95c5228c742: start FollowerState
2019-10-04 06:11:52,693 [Thread-2919] INFO  impl.FollowerState (FollowerState.java:run(117)) - 76a33ec4-135c-408f-b380-a95c5228c742@group-1A9ADFE3EE69-FollowerState was interrupted: java.lang.InterruptedException: sleep interrupted
2019-10-04 06:11:52,693 [grpc-default-executor-0] INFO  impl.RoleInfo (RoleInfo.java:updateAndGet(143)) - 362ad445-5bb7-42b7-b6c6-45b485604b6f: start FollowerState
2019-10-04 06:11:52,694 [Thread-2920] INFO  impl.FollowerState (FollowerState.java:run(117)) - 362ad445-5bb7-42b7-b6c6-45b485604b6f@group-1A9ADFE3EE69-FollowerState was interrupted: java.lang.InterruptedException: sleep interrupted
2019-10-04 06:11:52,702 [76a33ec4-135c-408f-b380-a95c5228c742@group-AB4820BA8130-LeaderElection59] INFO  impl.LeaderElection (LeaderElection.java:askForVotes(178)) - 76a33ec4-135c-408f-b380-a95c5228c742@group-AB4820BA8130-LeaderElection59: begin an election at term 1 for -1: [76a33ec4-135c-408f-b380-a95c5228c742:192.168.151.69:44502], old=null
2019-10-04 06:11:52,702 [76a33ec4-135c-408f-b380-a95c5228c742@group-AB4820BA8130-LeaderElection59] INFO  impl.RoleInfo (RoleInfo.java:shutdownLeaderElection(134)) - 76a33ec4-135c-408f-b380-a95c5228c742: shutdown LeaderElection
2019-10-04 06:11:52,702 [76a33ec4-135c-408f-b380-a95c5228c742@group-AB4820BA8130-LeaderElection59] INFO  impl.RaftServerImpl (RaftServerImpl.java:setRole(170)) - 76a33ec4-135c-408f-b380-a95c5228c742@group-AB4820BA8130: changes role from CANDIDATE to LEADER at term 1 for changeToLeader
2019-10-04 06:11:52,704 [76a33ec4-135c-408f-b380-a95c5228c742@group-AB4820BA8130-LeaderElection59] INFO  impl.RaftServerImpl (ServerState.java:setLeader(255)) - 76a33ec4-135c-408f-b380-a95c5228c742@group-AB4820BA8130: change Leader from null to 76a33ec4-135c-408f-b380-a95c5228c742 at term 1 for becomeLeader, leader elected after 5193ms
2019-10-04 06:11:52,704 [76a33ec4-135c-408f-b380-a95c5228c742@group-AB4820BA8130-LeaderElection59] INFO  server.RaftServerConfigKeys (ConfUtils.java:logGet(43)) - raft.server.staging.catchup.gap = 1000 (default)
2019-10-04 06:11:52,704 [57bd6c27-13f9-4074-b08e-452facc4c933@group-1A9ADFE3EE69-LeaderElection58] INFO  impl.LeaderElection (LeaderElection.java:logAndReturn(56)) - 57bd6c27-13f9-4074-b08e-452facc4c933@group-1A9ADFE3EE69-LeaderElection58: Election PASSED; received 1 response(s) [57bd6c27-13f9-4074-b08e-452facc4c933<-76a33ec4-135c-408f-b380-a95c5228c742#0:OK-t1] and 0 exception(s); 57bd6c27-13f9-4074-b08e-452facc4c933@group-1A9ADFE3EE69:t1, leader=null, voted=57bd6c27-13f9-4074-b08e-452facc4c933, raftlog=57bd6c27-13f9-4074-b08e-452facc4c933@group-1A9ADFE3EE69-SegmentedRaftLog:OPENED:c-1,f-1,i0, conf=-1: [76a33ec4-135c-408f-b380-a95c5228c742:192.168.151.69:44502, 57bd6c27-13f9-4074-b08e-452facc4c933:192.168.151.69:45376, 362ad445-5bb7-42b7-b6c6-45b485604b6f:192.168.151.69:42652], old=null
2019-10-04 06:11:52,704 [76a33ec4-135c-408f-b380-a95c5228c742@group-AB4820BA8130-LeaderElection59] INFO  server.RaftServerConfigKeys (ConfUtils.java:logGet(43)) - raft.server.rpc.sleep.time = 25ms (default)
2019-10-04 06:11:52,705 [57bd6c27-13f9-4074-b08e-452facc4c933@group-1A9ADFE3EE69-LeaderElection58] INFO  impl.RoleInfo (RoleInfo.java:shutdownLeaderElection(134)) - 57bd6c27-13f9-4074-b08e-452facc4c933: shutdown LeaderElection
2019-10-04 06:11:52,707 [57bd6c27-13f9-4074-b08e-452facc4c933@group-1A9ADFE3EE69-LeaderElection58] INFO  impl.RaftServerImpl (RaftServerImpl.java:setRole(170)) - 57bd6c27-13f9-4074-b08e-452facc4c933@group-1A9ADFE3EE69: changes role from CANDIDATE to LEADER at term 1 for changeToLeader
2019-10-04 06:11:52,707 [76a33ec4-135c-408f-b380-a95c5228c742@group-AB4820BA8130-LeaderElection59] INFO  server.RaftServerConfigKeys (ConfUtils.java:logGet(43)) - raft.server.write.element-limit = 4096 (default)
2019-10-04 06:11:52,707 [57bd6c27-13f9-4074-b08e-452facc4c933@group-1A9ADFE3EE69-LeaderElection58] INFO  impl.RaftServerImpl (ServerState.java:setLeader(255)) - 57bd6c27-13f9-4074-b08e-452facc4c933@group-1A9ADFE3EE69: change Leader from null to 57bd6c27-13f9-4074-b08e-452facc4c933 at term 1 for becomeLeader, leader elected after 5054ms
2019-10-04 06:11:52,707 [76a33ec4-135c-408f-b380-a95c5228c742@group-AB4820BA8130-LeaderElection59] INFO  server.RaftServerConfigKeys (ConfUtils.java:logGet(43)) - raft.server.watch.timeout = 10s (default)
2019-10-04 06:11:52,707 [57bd6c27-13f9-4074-b08e-452facc4c933@group-1A9ADFE3EE69-LeaderElection58] INFO  server.RaftServerConfigKeys (ConfUtils.java:logGet(43)) - raft.server.staging.catchup.gap = 1000 (default)
2019-10-04 06:11:52,707 [76a33ec4-135c-408f-b380-a95c5228c742@group-AB4820BA8130-LeaderElection59] INFO  server.RaftServerConfigKeys (ConfUtils.java:logGet(43)) - raft.server.watch.timeout.denomination = 1s (default)
2019-10-04 06:11:52,707 [57bd6c27-13f9-4074-b08e-452facc4c933@group-1A9ADFE3EE69-LeaderElection58] INFO  server.RaftServerConfigKeys (ConfUtils.java:logGet(43)) - raft.server.rpc.sleep.time = 25ms (default)
2019-10-04 06:11:52,707 [76a33ec4-135c-408f-b380-a95c5228c742@group-AB4820BA8130-LeaderElection59] INFO  server.RaftServerConfigKeys (ConfUtils.java:logGet(43)) - raft.server.watch.element-limit = 65536 (default)
2019-10-04 06:11:52,707 [57bd6c27-13f9-4074-b08e-452facc4c933@group-1A9ADFE3EE69-LeaderElection58] INFO  server.RaftServerConfigKeys (ConfUtils.java:logGet(43)) - raft.server.write.element-limit = 4096 (default)
2019-10-04 06:11:52,708 [57bd6c27-13f9-4074-b08e-452facc4c933@group-1A9ADFE3EE69-LeaderElection58] INFO  server.RaftServerConfigKeys (ConfUtils.java:logGet(43)) - raft.server.watch.timeout = 10s (default)
2019-10-04 06:11:52,708 [57bd6c27-13f9-4074-b08e-452facc4c933@group-1A9ADFE3EE69-LeaderElection58] INFO  server.RaftServerConfigKeys (ConfUtils.java:logGet(43)) - raft.server.watch.timeout.denomination = 1s (default)
2019-10-04 06:11:52,708 [57bd6c27-13f9-4074-b08e-452facc4c933@group-1A9ADFE3EE69-LeaderElection58] INFO  server.RaftServerConfigKeys (ConfUtils.java:logGet(43)) - raft.server.watch.element-limit = 65536 (default)
2019-10-04 06:11:52,710 [57bd6c27-13f9-4074-b08e-452facc4c933@group-1A9ADFE3EE69-LeaderElection58] INFO  server.RaftServerConfigKeys (ConfUtils.java:logGet(43)) - raft.server.log.appender.snapshot.chunk.size.max = 16MB (=16777216) (default)
2019-10-04 06:11:52,710 [76a33ec4-135c-408f-b380-a95c5228c742@group-AB4820BA8130-LeaderElection59] INFO  impl.RoleInfo (RoleInfo.java:updateAndGet(143)) - 76a33ec4-135c-408f-b380-a95c5228c742: start LeaderState
2019-10-04 06:11:52,710 [57bd6c27-13f9-4074-b08e-452facc4c933@group-1A9ADFE3EE69-LeaderElection58] INFO  server.RaftServerConfigKeys (ConfUtils.java:logGet(43)) - raft.server.log.appender.buffer.byte-limit = 33554432 (custom)
2019-10-04 06:11:52,710 [57bd6c27-13f9-4074-b08e-452facc4c933@group-1A9ADFE3EE69-LeaderElection58] INFO  server.RaftServerConfigKeys (ConfUtils.java:logGet(43)) - raft.server.log.appender.buffer.element-limit = 1 (custom)
2019-10-04 06:11:52,710 [76a33ec4-135c-408f-b380-a95c5228c742@group-AB4820BA8130-LeaderElection59] INFO  segmented.SegmentedRaftLogWorker (SegmentedRaftLogWorker.java:startLogSegment(385)) - 76a33ec4-135c-408f-b380-a95c5228c742@group-AB4820BA8130-SegmentedRaftLogWorker: Starting segment from index:0
2019-10-04 06:11:52,711 [57bd6c27-13f9-4074-b08e-452facc4c933@group-1A9ADFE3EE69-LeaderElection58] INFO  grpc.GrpcConfigKeys$Server (ConfUtils.java:logGet(43)) - raft.grpc.server.leader.outstanding.appends.max = 128 (default)
2019-10-04 06:11:52,711 [57bd6c27-13f9-4074-b08e-452facc4c933@group-1A9ADFE3EE69-LeaderElection58] INFO  server.RaftServerConfigKeys (ConfUtils.java:logGet(43)) - raft.server.rpc.request.timeout = 3000ms (default)
2019-10-04 06:11:52,711 [57bd6c27-13f9-4074-b08e-452facc4c933@group-1A9ADFE3EE69-LeaderElection58] INFO  server.RaftServerConfigKeys (ConfUtils.java:logGet(43)) - raft.server.log.appender.install.snapshot.enabled = false (custom)
2019-10-04 06:11:52,711 [76a33ec4-135c-408f-b380-a95c5228c742@group-AB4820BA8130-LeaderElection59] INFO  impl.RaftServerImpl (ServerState.java:setRaftConf(356)) - 76a33ec4-135c-408f-b380-a95c5228c742@group-AB4820BA8130: set configuration 0: [76a33ec4-135c-408f-b380-a95c5228c742:192.168.151.69:44502], old=null at 0
2019-10-04 06:11:52,711 [57bd6c27-13f9-4074-b08e-452facc4c933@group-1A9ADFE3EE69-LeaderElection58] INFO  server.RaftServerConfigKeys (ConfUtils.java:logGet(43)) - raft.server.log.appender.snapshot.chunk.size.max = 16MB (=16777216) (default)
2019-10-04 06:11:52,738 [Thread-2912] INFO  impl.FollowerState (FollowerState.java:run(108)) - 288ed734-8626-4a59-8dff-6a62ea6d04c9@group-2BDF7BD4BD6F-FollowerState: change to CANDIDATE, lastRpcTime:5168ms, electionTimeout:5152ms
2019-10-04 06:11:52,739 [57bd6c27-13f9-4074-b08e-452facc4c933@group-1A9ADFE3EE69-LeaderElection58] INFO  server.RaftServerConfigKeys (ConfUtils.java:logGet(43)) - raft.server.log.appender.buffer.byte-limit = 33554432 (custom)
2019-10-04 06:11:52,739 [Thread-2912] INFO  impl.RoleInfo (RoleInfo.java:shutdownFollowerState(121)) - 288ed734-8626-4a59-8dff-6a62ea6d04c9: shutdown FollowerState
2019-10-04 06:11:52,739 [57bd6c27-13f9-4074-b08e-452facc4c933@group-1A9ADFE3EE69-LeaderElection58] INFO  server.RaftServerConfigKeys (ConfUtils.java:logGet(43)) - raft.server.log.appender.buffer.element-limit = 1 (custom)
2019-10-04 06:11:52,739 [Thread-2912] INFO  impl.RaftServerImpl (RaftServerImpl.java:setRole(170)) - 288ed734-8626-4a59-8dff-6a62ea6d04c9@group-2BDF7BD4BD6F: changes role from  FOLLOWER to CANDIDATE at term 0 for changeToCandidate
2019-10-04 06:11:52,740 [57bd6c27-13f9-4074-b08e-452facc4c933@group-1A9ADFE3EE69-LeaderElection58] INFO  grpc.GrpcConfigKeys$Server (ConfUtils.java:logGet(43)) - raft.grpc.server.leader.outstanding.appends.max = 128 (default)
2019-10-04 06:11:52,740 [Thread-2912] INFO  impl.RoleInfo (RoleInfo.java:updateAndGet(143)) - 288ed734-8626-4a59-8dff-6a62ea6d04c9: start LeaderElection
2019-10-04 06:11:52,740 [57bd6c27-13f9-4074-b08e-452facc4c933@group-1A9ADFE3EE69-LeaderElection58] INFO  server.RaftServerConfigKeys (ConfUtils.java:logGet(43)) - raft.server.rpc.request.timeout = 3000ms (default)
2019-10-04 06:11:52,740 [57bd6c27-13f9-4074-b08e-452facc4c933@group-1A9ADFE3EE69-LeaderElection58] INFO  server.RaftServerConfigKeys (ConfUtils.java:logGet(43)) - raft.server.log.appender.install.snapshot.enabled = false (custom)
2019-10-04 06:11:52,747 [57bd6c27-13f9-4074-b08e-452facc4c933@group-1A9ADFE3EE69-LeaderElection58] INFO  impl.RoleInfo (RoleInfo.java:updateAndGet(143)) - 57bd6c27-13f9-4074-b08e-452facc4c933: start LeaderState
2019-10-04 06:11:52,747 [57bd6c27-13f9-4074-b08e-452facc4c933@group-1A9ADFE3EE69-LeaderElection58] INFO  segmented.SegmentedRaftLogWorker (SegmentedRaftLogWorker.java:startLogSegment(385)) - 57bd6c27-13f9-4074-b08e-452facc4c933@group-1A9ADFE3EE69-SegmentedRaftLogWorker: Starting segment from index:0
2019-10-04 06:11:52,748 [57bd6c27-13f9-4074-b08e-452facc4c933@group-1A9ADFE3EE69-LeaderElection58] INFO  impl.RaftServerImpl (ServerState.java:setRaftConf(356)) - 57bd6c27-13f9-4074-b08e-452facc4c933@group-1A9ADFE3EE69: set configuration 0: [76a33ec4-135c-408f-b380-a95c5228c742:192.168.151.69:44502, 57bd6c27-13f9-4074-b08e-452facc4c933:192.168.151.69:45376, 362ad445-5bb7-42b7-b6c6-45b485604b6f:192.168.151.69:42652], old=null at 0
2019-10-04 06:11:52,775 [76a33ec4-135c-408f-b380-a95c5228c742@group-AB4820BA8130-SegmentedRaftLogWorker] INFO  segmented.SegmentedRaftLogWorker (SegmentedRaftLogWorker.java:execute(574)) - 76a33ec4-135c-408f-b380-a95c5228c742@group-AB4820BA8130-SegmentedRaftLogWorker: created new log segment /workdir/hadoop-ozone/integration-test/target/test-dir/MiniOzoneClusterImpl-d4a22fe7-9819-4ee7-a95f-4f3286bed485/datanode-6/data/ratis/0112afd8-2e70-4b3b-9476-ab4820ba8130/current/log_inprogress_0
2019-10-04 06:11:52,775 [288ed734-8626-4a59-8dff-6a62ea6d04c9@group-2BDF7BD4BD6F-LeaderElection60] INFO  impl.LeaderElection (LeaderElection.java:askForVotes(178)) - 288ed734-8626-4a59-8dff-6a62ea6d04c9@group-2BDF7BD4BD6F-LeaderElection60: begin an election at term 1 for -1: [288ed734-8626-4a59-8dff-6a62ea6d04c9:192.168.151.69:36311], old=null
2019-10-04 06:11:52,775 [288ed734-8626-4a59-8dff-6a62ea6d04c9@group-2BDF7BD4BD6F-LeaderElection60] INFO  impl.RoleInfo (RoleInfo.java:shutdownLeaderElection(134)) - 288ed734-8626-4a59-8dff-6a62ea6d04c9: shutdown LeaderElection
2019-10-04 06:11:52,775 [288ed734-8626-4a59-8dff-6a62ea6d04c9@group-2BDF7BD4BD6F-LeaderElection60] INFO  impl.RaftServerImpl (RaftServerImpl.java:setRole(170)) - 288ed734-8626-4a59-8dff-6a62ea6d04c9@group-2BDF7BD4BD6F: changes role from CANDIDATE to LEADER at term 1 for changeToLeader
2019-10-04 06:11:52,776 [288ed734-8626-4a59-8dff-6a62ea6d04c9@group-2BDF7BD4BD6F-LeaderElection60] INFO  impl.RaftServerImpl (ServerState.java:setLeader(255)) - 288ed734-8626-4a59-8dff-6a62ea6d04c9@group-2BDF7BD4BD6F: change Leader from null to 288ed734-8626-4a59-8dff-6a62ea6d04c9 at term 1 for becomeLeader, leader elected after 5210ms
2019-10-04 06:11:52,776 [288ed734-8626-4a59-8dff-6a62ea6d04c9@group-2BDF7BD4BD6F-LeaderElection60] INFO  server.RaftServerConfigKeys (ConfUtils.java:logGet(43)) - raft.server.staging.catchup.gap = 1000 (default)
2019-10-04 06:11:52,776 [288ed734-8626-4a59-8dff-6a62ea6d04c9@group-2BDF7BD4BD6F-LeaderElection60] INFO  server.RaftServerConfigKeys (ConfUtils.java:logGet(43)) - raft.server.rpc.sleep.time = 25ms (default)
2019-10-04 06:11:52,776 [288ed734-8626-4a59-8dff-6a62ea6d04c9@group-2BDF7BD4BD6F-LeaderElection60] INFO  server.RaftServerConfigKeys (ConfUtils.java:logGet(43)) - raft.server.write.element-limit = 4096 (default)
2019-10-04 06:11:52,776 [grpc-default-executor-0] INFO  impl.RaftServerImpl (ServerState.java:setLeader(255)) - 362ad445-5bb7-42b7-b6c6-45b485604b6f@group-1A9ADFE3EE69: change Leader from null to 57bd6c27-13f9-4074-b08e-452facc4c933 at term 1 for appendEntries, leader elected after 5123ms
2019-10-04 06:11:52,776 [grpc-default-executor-7] INFO  impl.RaftServerImpl (ServerState.java:setLeader(255)) - 76a33ec4-135c-408f-b380-a95c5228c742@group-1A9ADFE3EE69: change Leader from null to 57bd6c27-13f9-4074-b08e-452facc4c933 at term 1 for appendEntries, leader elected after 5124ms
2019-10-04 06:11:52,776 [288ed734-8626-4a59-8dff-6a62ea6d04c9@group-2BDF7BD4BD6F-LeaderElection60] INFO  server.RaftServerConfigKeys (ConfUtils.java:logGet(43)) - raft.server.watch.timeout = 10s (default)
2019-10-04 06:11:52,777 [288ed734-8626-4a59-8dff-6a62ea6d04c9@group-2BDF7BD4BD6F-LeaderElection60] INFO  server.RaftServerConfigKeys (ConfUtils.java:logGet(43)) - raft.server.watch.timeout.denomination = 1s (default)
2019-10-04 06:11:52,780 [288ed734-8626-4a59-8dff-6a62ea6d04c9@group-2BDF7BD4BD6F-LeaderElection60] INFO  server.RaftServerConfigKeys (ConfUtils.java:logGet(43)) - raft.server.watch.element-limit = 65536 (default)
2019-10-04 06:11:52,782 [grpc-default-executor-7] INFO  impl.RaftServerImpl (ServerState.java:setRaftConf(356)) - 76a33ec4-135c-408f-b380-a95c5228c742@group-1A9ADFE3EE69: set configuration 0: [76a33ec4-135c-408f-b380-a95c5228c742:192.168.151.69:44502, 57bd6c27-13f9-4074-b08e-452facc4c933:192.168.151.69:45376, 362ad445-5bb7-42b7-b6c6-45b485604b6f:192.168.151.69:42652], old=null at 0
2019-10-04 06:11:52,782 [grpc-default-executor-0] INFO  impl.RaftServerImpl (ServerState.java:setRaftConf(356)) - 362ad445-5bb7-42b7-b6c6-45b485604b6f@group-1A9ADFE3EE69: set configuration 0: [76a33ec4-135c-408f-b380-a95c5228c742:192.168.151.69:44502, 57bd6c27-13f9-4074-b08e-452facc4c933:192.168.151.69:45376, 362ad445-5bb7-42b7-b6c6-45b485604b6f:192.168.151.69:42652], old=null at 0
2019-10-04 06:11:52,782 [288ed734-8626-4a59-8dff-6a62ea6d04c9@group-2BDF7BD4BD6F-LeaderElection60] INFO  impl.RoleInfo (RoleInfo.java:updateAndGet(143)) - 288ed734-8626-4a59-8dff-6a62ea6d04c9: start LeaderState
2019-10-04 06:11:52,782 [grpc-default-executor-7] INFO  segmented.SegmentedRaftLogWorker (SegmentedRaftLogWorker.java:startLogSegment(385)) - 76a33ec4-135c-408f-b380-a95c5228c742@group-1A9ADFE3EE69-SegmentedRaftLogWorker: Starting segment from index:0
2019-10-04 06:11:52,783 [288ed734-8626-4a59-8dff-6a62ea6d04c9@group-2BDF7BD4BD6F-LeaderElection60] INFO  segmented.SegmentedRaftLogWorker (SegmentedRaftLogWorker.java:startLogSegment(385)) - 288ed734-8626-4a59-8dff-6a62ea6d04c9@group-2BDF7BD4BD6F-SegmentedRaftLogWorker: Starting segment from index:0
2019-10-04 06:11:52,783 [grpc-default-executor-0] INFO  segmented.SegmentedRaftLogWorker (SegmentedRaftLogWorker.java:startLogSegment(385)) - 362ad445-5bb7-42b7-b6c6-45b485604b6f@group-1A9ADFE3EE69-SegmentedRaftLogWorker: Starting segment from index:0
2019-10-04 06:11:52,784 [288ed734-8626-4a59-8dff-6a62ea6d04c9@group-2BDF7BD4BD6F-LeaderElection60] INFO  impl.RaftServerImpl (ServerState.java:setRaftConf(356)) - 288ed734-8626-4a59-8dff-6a62ea6d04c9@group-2BDF7BD4BD6F: set configuration 0: [288ed734-8626-4a59-8dff-6a62ea6d04c9:192.168.151.69:36311], old=null at 0
2019-10-04 06:11:52,821 [57bd6c27-13f9-4074-b08e-452facc4c933@group-1A9ADFE3EE69-SegmentedRaftLogWorker] INFO  segmented.SegmentedRaftLogWorker (SegmentedRaftLogWorker.java:execute(574)) - 57bd6c27-13f9-4074-b08e-452facc4c933@group-1A9ADFE3EE69-SegmentedRaftLogWorker: created new log segment /workdir/hadoop-ozone/integration-test/target/test-dir/MiniOzoneClusterImpl-d4a22fe7-9819-4ee7-a95f-4f3286bed485/datanode-5/data/ratis/29a35e2f-a623-4658-a412-1a9adfe3ee69/current/log_inprogress_0
2019-10-04 06:11:52,860 [76a33ec4-135c-408f-b380-a95c5228c742@group-1A9ADFE3EE69-SegmentedRaftLogWorker] INFO  segmented.SegmentedRaftLogWorker (SegmentedRaftLogWorker.java:execute(574)) - 76a33ec4-135c-408f-b380-a95c5228c742@group-1A9ADFE3EE69-SegmentedRaftLogWorker: created new log segment /workdir/hadoop-ozone/integration-test/target/test-dir/MiniOzoneClusterImpl-d4a22fe7-9819-4ee7-a95f-4f3286bed485/datanode-6/data/ratis/29a35e2f-a623-4658-a412-1a9adfe3ee69/current/log_inprogress_0
2019-10-04 06:11:52,860 [288ed734-8626-4a59-8dff-6a62ea6d04c9@group-2BDF7BD4BD6F-SegmentedRaftLogWorker] INFO  segmented.SegmentedRaftLogWorker (SegmentedRaftLogWorker.java:execute(574)) - 288ed734-8626-4a59-8dff-6a62ea6d04c9@group-2BDF7BD4BD6F-SegmentedRaftLogWorker: created new log segment /workdir/hadoop-ozone/integration-test/target/test-dir/MiniOzoneClusterImpl-d4a22fe7-9819-4ee7-a95f-4f3286bed485/datanode-4/data/ratis/b44f4173-dbdf-442e-b87a-2bdf7bd4bd6f/current/log_inprogress_0
2019-10-04 06:11:52,875 [362ad445-5bb7-42b7-b6c6-45b485604b6f@group-1A9ADFE3EE69-SegmentedRaftLogWorker] INFO  segmented.SegmentedRaftLogWorker (SegmentedRaftLogWorker.java:execute(574)) - 362ad445-5bb7-42b7-b6c6-45b485604b6f@group-1A9ADFE3EE69-SegmentedRaftLogWorker: created new log segment /workdir/hadoop-ozone/integration-test/target/test-dir/MiniOzoneClusterImpl-d4a22fe7-9819-4ee7-a95f-4f3286bed485/datanode-3/data/ratis/29a35e2f-a623-4658-a412-1a9adfe3ee69/current/log_inprogress_0
2019-10-04 06:11:53,991 [Datanode State Machine Thread - 0] INFO  statemachine.DatanodeStateMachine (DatanodeStateMachine.java:lambda$startDaemon$0(350)) - Ozone container server started.
2019-10-04 06:11:57,500 [Thread-2951] INFO  impl.FollowerState (FollowerState.java:run(108)) - bf1ec5b5-3666-4735-9952-1715c6fefd75@group-0D47B154AA78-FollowerState: change to CANDIDATE, lastRpcTime:5090ms, electionTimeout:5090ms
2019-10-04 06:11:57,501 [Thread-2951] INFO  impl.RoleInfo (RoleInfo.java:shutdownFollowerState(121)) - bf1ec5b5-3666-4735-9952-1715c6fefd75: shutdown FollowerState
2019-10-04 06:11:57,501 [Thread-2951] INFO  impl.RaftServerImpl (RaftServerImpl.java:setRole(170)) - bf1ec5b5-3666-4735-9952-1715c6fefd75@group-0D47B154AA78: changes role from  FOLLOWER to CANDIDATE at term 1 for changeToCandidate
2019-10-04 06:11:57,501 [Thread-2951] INFO  impl.RoleInfo (RoleInfo.java:updateAndGet(143)) - bf1ec5b5-3666-4735-9952-1715c6fefd75: start LeaderElection
2019-10-04 06:11:57,507 [Thread-2952] INFO  impl.FollowerState (FollowerState.java:run(108)) - 74712ee5-c933-4604-9105-8839fcc8eeda@group-0D47B154AA78-FollowerState: change to CANDIDATE, lastRpcTime:5087ms, electionTimeout:5087ms
2019-10-04 06:11:57,508 [Thread-2952] INFO  impl.RoleInfo (RoleInfo.java:shutdownFollowerState(121)) - 74712ee5-c933-4604-9105-8839fcc8eeda: shutdown FollowerState
2019-10-04 06:11:57,508 [Thread-2952] INFO  impl.RaftServerImpl (RaftServerImpl.java:setRole(170)) - 74712ee5-c933-4604-9105-8839fcc8eeda@group-0D47B154AA78: changes role from  FOLLOWER to CANDIDATE at term 1 for changeToCandidate
2019-10-04 06:11:57,508 [Thread-2952] INFO  impl.RoleInfo (RoleInfo.java:updateAndGet(143)) - 74712ee5-c933-4604-9105-8839fcc8eeda: start LeaderElection
2019-10-04 06:11:57,519 [74712ee5-c933-4604-9105-8839fcc8eeda@group-0D47B154AA78-LeaderElection62] INFO  impl.LeaderElection (LeaderElection.java:askForVotes(178)) - 74712ee5-c933-4604-9105-8839fcc8eeda@group-0D47B154AA78-LeaderElection62: begin an election at term 2 for -1: [bf1ec5b5-3666-4735-9952-1715c6fefd75:192.168.151.69:34880, 527a20f0-e30e-4dab-a279-10d7b51e04de:192.168.151.69:45574, 74712ee5-c933-4604-9105-8839fcc8eeda:192.168.151.69:35461], old=null
2019-10-04 06:11:57,519 [bf1ec5b5-3666-4735-9952-1715c6fefd75@group-0D47B154AA78-LeaderElection61] INFO  impl.LeaderElection (LeaderElection.java:askForVotes(178)) - bf1ec5b5-3666-4735-9952-1715c6fefd75@group-0D47B154AA78-LeaderElection61: begin an election at term 2 for -1: [bf1ec5b5-3666-4735-9952-1715c6fefd75:192.168.151.69:34880, 527a20f0-e30e-4dab-a279-10d7b51e04de:192.168.151.69:45574, 74712ee5-c933-4604-9105-8839fcc8eeda:192.168.151.69:35461], old=null
2019-10-04 06:11:57,531 [grpc-default-executor-7] INFO  impl.RaftServerImpl (RaftServerImpl.java:setRole(170)) - 527a20f0-e30e-4dab-a279-10d7b51e04de@group-0D47B154AA78: changes role from  FOLLOWER to FOLLOWER at term 2 for recognizeCandidate:74712ee5-c933-4604-9105-8839fcc8eeda
2019-10-04 06:11:57,531 [grpc-default-executor-7] INFO  impl.RoleInfo (RoleInfo.java:shutdownFollowerState(121)) - 527a20f0-e30e-4dab-a279-10d7b51e04de: shutdown FollowerState
2019-10-04 06:11:57,531 [grpc-default-executor-7] INFO  impl.RoleInfo (RoleInfo.java:updateAndGet(143)) - 527a20f0-e30e-4dab-a279-10d7b51e04de: start FollowerState
2019-10-04 06:11:57,532 [Thread-2950] INFO  impl.FollowerState (FollowerState.java:run(117)) - 527a20f0-e30e-4dab-a279-10d7b51e04de@group-0D47B154AA78-FollowerState was interrupted: java.lang.InterruptedException: sleep interrupted
2019-10-04 06:11:57,548 [74712ee5-c933-4604-9105-8839fcc8eeda@group-0D47B154AA78-LeaderElection62] INFO  impl.LeaderElection (LeaderElection.java:logAndReturn(56)) - 74712ee5-c933-4604-9105-8839fcc8eeda@group-0D47B154AA78-LeaderElection62: Election PASSED; received 2 response(s) [74712ee5-c933-4604-9105-8839fcc8eeda<-bf1ec5b5-3666-4735-9952-1715c6fefd75#0:FAIL-t2, 74712ee5-c933-4604-9105-8839fcc8eeda<-527a20f0-e30e-4dab-a279-10d7b51e04de#0:OK-t2] and 0 exception(s); 74712ee5-c933-4604-9105-8839fcc8eeda@group-0D47B154AA78:t2, leader=null, voted=74712ee5-c933-4604-9105-8839fcc8eeda, raftlog=74712ee5-c933-4604-9105-8839fcc8eeda@group-0D47B154AA78-SegmentedRaftLog:OPENED:c-1,f-1,i0, conf=-1: [bf1ec5b5-3666-4735-9952-1715c6fefd75:192.168.151.69:34880, 527a20f0-e30e-4dab-a279-10d7b51e04de:192.168.151.69:45574, 74712ee5-c933-4604-9105-8839fcc8eeda:192.168.151.69:35461], old=null
2019-10-04 06:11:57,548 [bf1ec5b5-3666-4735-9952-1715c6fefd75@group-0D47B154AA78-LeaderElection61] INFO  impl.LeaderElection (LeaderElection.java:logAndReturn(56)) - bf1ec5b5-3666-4735-9952-1715c6fefd75@group-0D47B154AA78-LeaderElection61: Election REJECTED; received 2 response(s) [bf1ec5b5-3666-4735-9952-1715c6fefd75<-527a20f0-e30e-4dab-a279-10d7b51e04de#0:FAIL-t2, bf1ec5b5-3666-4735-9952-1715c6fefd75<-74712ee5-c933-4604-9105-8839fcc8eeda#0:FAIL-t2] and 0 exception(s); bf1ec5b5-3666-4735-9952-1715c6fefd75@group-0D47B154AA78:t2, leader=null, voted=bf1ec5b5-3666-4735-9952-1715c6fefd75, raftlog=bf1ec5b5-3666-4735-9952-1715c6fefd75@group-0D47B154AA78-SegmentedRaftLog:OPENED:c-1,f-1,i0, conf=-1: [bf1ec5b5-3666-4735-9952-1715c6fefd75:192.168.151.69:34880, 527a20f0-e30e-4dab-a279-10d7b51e04de:192.168.151.69:45574, 74712ee5-c933-4604-9105-8839fcc8eeda:192.168.151.69:35461], old=null
2019-10-04 06:11:57,548 [74712ee5-c933-4604-9105-8839fcc8eeda@group-0D47B154AA78-LeaderElection62] INFO  impl.RoleInfo (RoleInfo.java:shutdownLeaderElection(134)) - 74712ee5-c933-4604-9105-8839fcc8eeda: shutdown LeaderElection
2019-10-04 06:11:57,550 [bf1ec5b5-3666-4735-9952-1715c6fefd75@group-0D47B154AA78-LeaderElection61] INFO  impl.RaftServerImpl (RaftServerImpl.java:setRole(170)) - bf1ec5b5-3666-4735-9952-1715c6fefd75@group-0D47B154AA78: changes role from CANDIDATE to FOLLOWER at term 2 for DISCOVERED_A_NEW_TERM
2019-10-04 06:11:57,552 [74712ee5-c933-4604-9105-8839fcc8eeda@group-0D47B154AA78-LeaderElection62] INFO  impl.RaftServerImpl (RaftServerImpl.java:setRole(170)) - 74712ee5-c933-4604-9105-8839fcc8eeda@group-0D47B154AA78: changes role from CANDIDATE to LEADER at term 2 for changeToLeader
2019-10-04 06:11:57,552 [bf1ec5b5-3666-4735-9952-1715c6fefd75@group-0D47B154AA78-LeaderElection61] INFO  impl.RoleInfo (RoleInfo.java:shutdownLeaderElection(134)) - bf1ec5b5-3666-4735-9952-1715c6fefd75: shutdown LeaderElection
2019-10-04 06:11:57,552 [74712ee5-c933-4604-9105-8839fcc8eeda@group-0D47B154AA78-LeaderElection62] INFO  impl.RaftServerImpl (ServerState.java:setLeader(255)) - 74712ee5-c933-4604-9105-8839fcc8eeda@group-0D47B154AA78: change Leader from null to 74712ee5-c933-4604-9105-8839fcc8eeda at term 2 for becomeLeader, leader elected after 10337ms
2019-10-04 06:11:57,552 [bf1ec5b5-3666-4735-9952-1715c6fefd75@group-0D47B154AA78-LeaderElection61] INFO  impl.RoleInfo (RoleInfo.java:updateAndGet(143)) - bf1ec5b5-3666-4735-9952-1715c6fefd75: start FollowerState
2019-10-04 06:11:57,552 [74712ee5-c933-4604-9105-8839fcc8eeda@group-0D47B154AA78-LeaderElection62] INFO  server.RaftServerConfigKeys (ConfUtils.java:logGet(43)) - raft.server.staging.catchup.gap = 1000 (default)
2019-10-04 06:11:57,553 [74712ee5-c933-4604-9105-8839fcc8eeda@group-0D47B154AA78-LeaderElection62] INFO  server.RaftServerConfigKeys (ConfUtils.java:logGet(43)) - raft.server.rpc.sleep.time = 25ms (default)
2019-10-04 06:11:57,553 [74712ee5-c933-4604-9105-8839fcc8eeda@group-0D47B154AA78-LeaderElection62] INFO  server.RaftServerConfigKeys (ConfUtils.java:logGet(43)) - raft.server.write.element-limit = 4096 (default)
2019-10-04 06:11:57,553 [74712ee5-c933-4604-9105-8839fcc8eeda@group-0D47B154AA78-LeaderElection62] INFO  server.RaftServerConfigKeys (ConfUtils.java:logGet(43)) - raft.server.watch.timeout = 10s (default)
2019-10-04 06:11:57,553 [74712ee5-c933-4604-9105-8839fcc8eeda@group-0D47B154AA78-LeaderElection62] INFO  server.RaftServerConfigKeys (ConfUtils.java:logGet(43)) - raft.server.watch.timeout.denomination = 1s (default)
2019-10-04 06:11:57,553 [74712ee5-c933-4604-9105-8839fcc8eeda@group-0D47B154AA78-LeaderElection62] INFO  server.RaftServerConfigKeys (ConfUtils.java:logGet(43)) - raft.server.watch.element-limit = 65536 (default)
2019-10-04 06:11:57,556 [74712ee5-c933-4604-9105-8839fcc8eeda@group-0D47B154AA78-LeaderElection62] INFO  server.RaftServerConfigKeys (ConfUtils.java:logGet(43)) - raft.server.log.appender.snapshot.chunk.size.max = 16MB (=16777216) (default)
2019-10-04 06:11:57,556 [74712ee5-c933-4604-9105-8839fcc8eeda@group-0D47B154AA78-LeaderElection62] INFO  server.RaftServerConfigKeys (ConfUtils.java:logGet(43)) - raft.server.log.appender.buffer.byte-limit = 33554432 (custom)
2019-10-04 06:11:57,557 [74712ee5-c933-4604-9105-8839fcc8eeda@group-0D47B154AA78-LeaderElection62] INFO  server.RaftServerConfigKeys (ConfUtils.java:logGet(43)) - raft.server.log.appender.buffer.element-limit = 1 (custom)
2019-10-04 06:11:57,557 [74712ee5-c933-4604-9105-8839fcc8eeda@group-0D47B154AA78-LeaderElection62] INFO  grpc.GrpcConfigKeys$Server (ConfUtils.java:logGet(43)) - raft.grpc.server.leader.outstanding.appends.max = 128 (default)
2019-10-04 06:11:57,557 [74712ee5-c933-4604-9105-8839fcc8eeda@group-0D47B154AA78-LeaderElection62] INFO  server.RaftServerConfigKeys (ConfUtils.java:logGet(43)) - raft.server.rpc.request.timeout = 3000ms (default)
2019-10-04 06:11:57,557 [74712ee5-c933-4604-9105-8839fcc8eeda@group-0D47B154AA78-LeaderElection62] INFO  server.RaftServerConfigKeys (ConfUtils.java:logGet(43)) - raft.server.log.appender.install.snapshot.enabled = false (custom)
2019-10-04 06:11:57,557 [74712ee5-c933-4604-9105-8839fcc8eeda@group-0D47B154AA78-LeaderElection62] INFO  server.RaftServerConfigKeys (ConfUtils.java:logGet(43)) - raft.server.log.appender.snapshot.chunk.size.max = 16MB (=16777216) (default)
2019-10-04 06:11:57,557 [74712ee5-c933-4604-9105-8839fcc8eeda@group-0D47B154AA78-LeaderElection62] INFO  server.RaftServerConfigKeys (ConfUtils.java:logGet(43)) - raft.server.log.appender.buffer.byte-limit = 33554432 (custom)
2019-10-04 06:11:57,558 [74712ee5-c933-4604-9105-8839fcc8eeda@group-0D47B154AA78-LeaderElection62] INFO  server.RaftServerConfigKeys (ConfUtils.java:logGet(43)) - raft.server.log.appender.buffer.element-limit = 1 (custom)
2019-10-04 06:11:57,558 [74712ee5-c933-4604-9105-8839fcc8eeda@group-0D47B154AA78-LeaderElection62] INFO  grpc.GrpcConfigKeys$Server (ConfUtils.java:logGet(43)) - raft.grpc.server.leader.outstanding.appends.max = 128 (default)
2019-10-04 06:11:57,558 [74712ee5-c933-4604-9105-8839fcc8eeda@group-0D47B154AA78-LeaderElection62] INFO  server.RaftServerConfigKeys (ConfUtils.java:logGet(43)) - raft.server.rpc.request.timeout = 3000ms (default)
2019-10-04 06:11:57,558 [74712ee5-c933-4604-9105-8839fcc8eeda@group-0D47B154AA78-LeaderElection62] INFO  server.RaftServerConfigKeys (ConfUtils.java:logGet(43)) - raft.server.log.appender.install.snapshot.enabled = false (custom)
2019-10-04 06:11:57,558 [74712ee5-c933-4604-9105-8839fcc8eeda@group-0D47B154AA78-LeaderElection62] INFO  impl.RoleInfo (RoleInfo.java:updateAndGet(143)) - 74712ee5-c933-4604-9105-8839fcc8eeda: start LeaderState
2019-10-04 06:11:57,559 [74712ee5-c933-4604-9105-8839fcc8eeda@group-0D47B154AA78-LeaderElection62] INFO  segmented.SegmentedRaftLogWorker (SegmentedRaftLogWorker.java:startLogSegment(385)) - 74712ee5-c933-4604-9105-8839fcc8eeda@group-0D47B154AA78-SegmentedRaftLogWorker: Starting segment from index:0
2019-10-04 06:11:57,560 [74712ee5-c933-4604-9105-8839fcc8eeda@group-0D47B154AA78-LeaderElection62] INFO  impl.RaftServerImpl (ServerState.java:setRaftConf(356)) - 74712ee5-c933-4604-9105-8839fcc8eeda@group-0D47B154AA78: set configuration 0: [bf1ec5b5-3666-4735-9952-1715c6fefd75:192.168.151.69:34880, 527a20f0-e30e-4dab-a279-10d7b51e04de:192.168.151.69:45574, 74712ee5-c933-4604-9105-8839fcc8eeda:192.168.151.69:35461], old=null at 0
2019-10-04 06:11:57,560 [grpc-default-executor-7] INFO  impl.RaftServerImpl (ServerState.java:setLeader(255)) - bf1ec5b5-3666-4735-9952-1715c6fefd75@group-0D47B154AA78: change Leader from null to 74712ee5-c933-4604-9105-8839fcc8eeda at term 2 for appendEntries, leader elected after 10345ms
2019-10-04 06:11:57,561 [grpc-default-executor-8] INFO  impl.RaftServerImpl (ServerState.java:setLeader(255)) - 527a20f0-e30e-4dab-a279-10d7b51e04de@group-0D47B154AA78: change Leader from null to 74712ee5-c933-4604-9105-8839fcc8eeda at term 2 for appendEntries, leader elected after 10345ms
2019-10-04 06:11:57,562 [grpc-default-executor-7] INFO  impl.RaftServerImpl (ServerState.java:setRaftConf(356)) - 527a20f0-e30e-4dab-a279-10d7b51e04de@group-0D47B154AA78: set configuration 0: [bf1ec5b5-3666-4735-9952-1715c6fefd75:192.168.151.69:34880, 527a20f0-e30e-4dab-a279-10d7b51e04de:192.168.151.69:45574, 74712ee5-c933-4604-9105-8839fcc8eeda:192.168.151.69:35461], old=null at 0
2019-10-04 06:11:57,562 [grpc-default-executor-8] INFO  impl.RaftServerImpl (ServerState.java:setRaftConf(356)) - bf1ec5b5-3666-4735-9952-1715c6fefd75@group-0D47B154AA78: set configuration 0: [bf1ec5b5-3666-4735-9952-1715c6fefd75:192.168.151.69:34880, 527a20f0-e30e-4dab-a279-10d7b51e04de:192.168.151.69:45574, 74712ee5-c933-4604-9105-8839fcc8eeda:192.168.151.69:35461], old=null at 0
2019-10-04 06:11:57,562 [grpc-default-executor-7] INFO  segmented.SegmentedRaftLogWorker (SegmentedRaftLogWorker.java:startLogSegment(385)) - 527a20f0-e30e-4dab-a279-10d7b51e04de@group-0D47B154AA78-SegmentedRaftLogWorker: Starting segment from index:0
2019-10-04 06:11:57,562 [grpc-default-executor-8] INFO  segmented.SegmentedRaftLogWorker (SegmentedRaftLogWorker.java:startLogSegment(385)) - bf1ec5b5-3666-4735-9952-1715c6fefd75@group-0D47B154AA78-SegmentedRaftLogWorker: Starting segment from index:0
2019-10-04 06:11:57,605 [527a20f0-e30e-4dab-a279-10d7b51e04de@group-0D47B154AA78-SegmentedRaftLogWorker] INFO  segmented.SegmentedRaftLogWorker (SegmentedRaftLogWorker.java:execute(574)) - 527a20f0-e30e-4dab-a279-10d7b51e04de@group-0D47B154AA78-SegmentedRaftLogWorker: created new log segment /workdir/hadoop-ozone/integration-test/target/test-dir/MiniOzoneClusterImpl-d4a22fe7-9819-4ee7-a95f-4f3286bed485/datanode-2/data/ratis/9e9a9395-46e5-4bc3-8f08-0d47b154aa78/current/log_inprogress_0
2019-10-04 06:11:57,605 [bf1ec5b5-3666-4735-9952-1715c6fefd75@group-0D47B154AA78-SegmentedRaftLogWorker] INFO  segmented.SegmentedRaftLogWorker (SegmentedRaftLogWorker.java:execute(574)) - bf1ec5b5-3666-4735-9952-1715c6fefd75@group-0D47B154AA78-SegmentedRaftLogWorker: created new log segment /workdir/hadoop-ozone/integration-test/target/test-dir/MiniOzoneClusterImpl-d4a22fe7-9819-4ee7-a95f-4f3286bed485/datanode-0/data/ratis/9e9a9395-46e5-4bc3-8f08-0d47b154aa78/current/log_inprogress_0
2019-10-04 06:11:57,605 [74712ee5-c933-4604-9105-8839fcc8eeda@group-0D47B154AA78-SegmentedRaftLogWorker] INFO  segmented.SegmentedRaftLogWorker (SegmentedRaftLogWorker.java:execute(574)) - 74712ee5-c933-4604-9105-8839fcc8eeda@group-0D47B154AA78-SegmentedRaftLogWorker: created new log segment /workdir/hadoop-ozone/integration-test/target/test-dir/MiniOzoneClusterImpl-d4a22fe7-9819-4ee7-a95f-4f3286bed485/datanode-1/data/ratis/9e9a9395-46e5-4bc3-8f08-0d47b154aa78/current/log_inprogress_0
2019-10-04 06:11:58,085 [EventQueue-StaleNodeForStaleNodeHandler] INFO  node.StaleNodeHandler (StaleNodeHandler.java:onMessage(58)) - Datanode 57bd6c27-13f9-4074-b08e-452facc4c933{ip: 192.168.151.69, host: trunk-nightly-20191004-lpvmn-70278721, networkLocation: /default-rack, certSerialId: null} moved to stale state. Finalizing its pipelines [PipelineID=29a35e2f-a623-4658-a412-1a9adfe3ee69, PipelineID=e2472a6a-c39b-4309-80da-6e535f1670ad]
2019-10-04 06:11:58,085 [EventQueue-StaleNodeForStaleNodeHandler] INFO  pipeline.SCMPipelineManager (SCMPipelineManager.java:finalizeAndDestroyPipeline(315)) - destroying pipeline:Pipeline[ Id: 29a35e2f-a623-4658-a412-1a9adfe3ee69, Nodes: 57bd6c27-13f9-4074-b08e-452facc4c933{ip: 192.168.151.69, host: trunk-nightly-20191004-lpvmn-70278721, networkLocation: /default-rack, certSerialId: null}362ad445-5bb7-42b7-b6c6-45b485604b6f{ip: 192.168.151.69, host: trunk-nightly-20191004-lpvmn-70278721, networkLocation: /default-rack, certSerialId: null}76a33ec4-135c-408f-b380-a95c5228c742{ip: 192.168.151.69, host: trunk-nightly-20191004-lpvmn-70278721, networkLocation: /default-rack, certSerialId: null}, Type:RATIS, Factor:THREE, State:OPEN]
2019-10-04 06:11:58,085 [EventQueue-StaleNodeForStaleNodeHandler] INFO  pipeline.PipelineStateManager (PipelineStateManager.java:finalizePipeline(123)) - Pipeline Pipeline[ Id: 29a35e2f-a623-4658-a412-1a9adfe3ee69, Nodes: 57bd6c27-13f9-4074-b08e-452facc4c933{ip: 192.168.151.69, host: trunk-nightly-20191004-lpvmn-70278721, networkLocation: /default-rack, certSerialId: null}362ad445-5bb7-42b7-b6c6-45b485604b6f{ip: 192.168.151.69, host: trunk-nightly-20191004-lpvmn-70278721, networkLocation: /default-rack, certSerialId: null}76a33ec4-135c-408f-b380-a95c5228c742{ip: 192.168.151.69, host: trunk-nightly-20191004-lpvmn-70278721, networkLocation: /default-rack, certSerialId: null}, Type:RATIS, Factor:THREE, State:CLOSED] moved to CLOSED state
2019-10-04 06:11:58,085 [EventQueue-StaleNodeForStaleNodeHandler] INFO  pipeline.SCMPipelineManager (SCMPipelineManager.java:finalizeAndDestroyPipeline(315)) - destroying pipeline:Pipeline[ Id: e2472a6a-c39b-4309-80da-6e535f1670ad, Nodes: 57bd6c27-13f9-4074-b08e-452facc4c933{ip: 192.168.151.69, host: trunk-nightly-20191004-lpvmn-70278721, networkLocation: /default-rack, certSerialId: null}, Type:RATIS, Factor:ONE, State:OPEN]
2019-10-04 06:11:58,085 [EventQueue-CloseContainerForCloseContainerEventHandler] INFO  container.CloseContainerEventHandler (CloseContainerEventHandler.java:onMessage(61)) - Close container Event triggered for container : #1
2019-10-04 06:11:58,090 [EventQueue-StaleNodeForStaleNodeHandler] INFO  pipeline.PipelineStateManager (PipelineStateManager.java:finalizePipeline(123)) - Pipeline Pipeline[ Id: e2472a6a-c39b-4309-80da-6e535f1670ad, Nodes: 57bd6c27-13f9-4074-b08e-452facc4c933{ip: 192.168.151.69, host: trunk-nightly-20191004-lpvmn-70278721, networkLocation: /default-rack, certSerialId: null}, Type:RATIS, Factor:ONE, State:CLOSED] moved to CLOSED state
2019-10-04 06:11:58,176 [main] INFO  ozoneimpl.OzoneContainer (OzoneContainer.java:stop(231)) - Attempting to stop container services.
2019-10-04 06:11:58,177 [main] INFO  impl.RaftServerProxy (RaftServerProxy.java:lambda$close$4(314)) - 57bd6c27-13f9-4074-b08e-452facc4c933: close
2019-10-04 06:11:58,178 [main] INFO  impl.RaftServerImpl (RaftServerImpl.java:lambda$shutdown$3(247)) - 57bd6c27-13f9-4074-b08e-452facc4c933@group-1A9ADFE3EE69: shutdown
2019-10-04 06:11:58,178 [ForkJoinPool.commonPool-worker-1] INFO  impl.RaftServerImpl (RaftServerImpl.java:lambda$shutdown$3(247)) - 57bd6c27-13f9-4074-b08e-452facc4c933@group-6E535F1670AD: shutdown
2019-10-04 06:11:58,178 [main] INFO  util.JmxRegister (JmxRegister.java:unregister(73)) - Successfully un-registered JMX Bean with object name Ratis:service=RaftServer,group=group-1A9ADFE3EE69,id=57bd6c27-13f9-4074-b08e-452facc4c933
2019-10-04 06:11:58,178 [ForkJoinPool.commonPool-worker-1] INFO  util.JmxRegister (JmxRegister.java:unregister(73)) - Successfully un-registered JMX Bean with object name Ratis:service=RaftServer,group=group-6E535F1670AD,id=57bd6c27-13f9-4074-b08e-452facc4c933
2019-10-04 06:11:58,179 [main] INFO  impl.RoleInfo (RoleInfo.java:shutdownLeaderState(104)) - 57bd6c27-13f9-4074-b08e-452facc4c933: shutdown LeaderState
2019-10-04 06:11:58,179 [ForkJoinPool.commonPool-worker-1] INFO  impl.RoleInfo (RoleInfo.java:shutdownLeaderState(104)) - 57bd6c27-13f9-4074-b08e-452facc4c933: shutdown LeaderState
2019-10-04 06:11:58,186 [main] INFO  impl.PendingRequests (PendingRequests.java:sendNotLeaderResponses(202)) - 57bd6c27-13f9-4074-b08e-452facc4c933@group-1A9ADFE3EE69-PendingRequests: sendNotLeaderResponses
2019-10-04 06:11:58,186 [org.apache.ratis.server.impl.LogAppender$AppenderDaemon$$Lambda$507/776777645@3157a0b5] WARN  server.GrpcLogAppender (GrpcLogAppender.java:mayWait(143)) - 57bd6c27-13f9-4074-b08e-452facc4c933@group-1A9ADFE3EE69->76a33ec4-135c-408f-b380-a95c5228c742-GrpcLogAppender: Wait interrupted by java.lang.InterruptedException
2019-10-04 06:11:58,191 [main] INFO  impl.StateMachineUpdater (StateMachineUpdater.java:stopAndJoin(136)) - 57bd6c27-13f9-4074-b08e-452facc4c933@group-1A9ADFE3EE69-StateMachineUpdater: set stopIndex = 16
2019-10-04 06:11:58,186 [org.apache.ratis.server.impl.LogAppender$AppenderDaemon$$Lambda$507/776777645@2537c1b7] WARN  server.GrpcLogAppender (GrpcLogAppender.java:mayWait(143)) - 57bd6c27-13f9-4074-b08e-452facc4c933@group-1A9ADFE3EE69->362ad445-5bb7-42b7-b6c6-45b485604b6f-GrpcLogAppender: Wait interrupted by java.lang.InterruptedException
2019-10-04 06:11:58,186 [ForkJoinPool.commonPool-worker-1] INFO  impl.PendingRequests (PendingRequests.java:sendNotLeaderResponses(202)) - 57bd6c27-13f9-4074-b08e-452facc4c933@group-6E535F1670AD-PendingRequests: sendNotLeaderResponses
2019-10-04 06:11:58,192 [grpc-default-executor-7] INFO  server.GrpcServerProtocolService (GrpcServerProtocolService.java:onCompleted(113)) - 76a33ec4-135c-408f-b380-a95c5228c742: Completed APPEND_ENTRIES, lastRequest: 57bd6c27-13f9-4074-b08e-452facc4c933->76a33ec4-135c-408f-b380-a95c5228c742#19-t1, previous=(t:1, i:16), leaderCommit=16, initializing? false, entries: <empty>
2019-10-04 06:11:58,192 [57bd6c27-13f9-4074-b08e-452facc4c933@group-1A9ADFE3EE69-StateMachineUpdater] INFO  ratis.ContainerStateMachine (ContainerStateMachine.java:takeSnapshot(293)) - group-1A9ADFE3EE69: Taking a snapshot at:(t:1, i:14) file /workdir/hadoop-ozone/integration-test/target/test-dir/MiniOzoneClusterImpl-d4a22fe7-9819-4ee7-a95f-4f3286bed485/datanode-5/data/ratis/29a35e2f-a623-4658-a412-1a9adfe3ee69/sm/snapshot.1_14
2019-10-04 06:11:58,205 [ForkJoinPool.commonPool-worker-1] INFO  impl.StateMachineUpdater (StateMachineUpdater.java:stopAndJoin(136)) - 57bd6c27-13f9-4074-b08e-452facc4c933@group-6E535F1670AD-StateMachineUpdater: set stopIndex = 0
2019-10-04 06:11:58,205 [grpc-default-executor-8] INFO  server.GrpcServerProtocolService (GrpcServerProtocolService.java:onCompleted(113)) - 362ad445-5bb7-42b7-b6c6-45b485604b6f: Completed APPEND_ENTRIES, lastRequest: 57bd6c27-13f9-4074-b08e-452facc4c933->362ad445-5bb7-42b7-b6c6-45b485604b6f#19-t1, previous=(t:1, i:16), leaderCommit=16, initializing? false, entries: <empty>
2019-10-04 06:11:58,205 [ForkJoinPool.commonPool-worker-1] INFO  impl.RaftServerImpl (ServerState.java:close(387)) - 57bd6c27-13f9-4074-b08e-452facc4c933@group-6E535F1670AD: closes. applyIndex: 0
2019-10-04 06:11:58,205 [grpc-default-executor-7] INFO  server.GrpcLogAppender (GrpcLogAppender.java:onCompleted(293)) - 57bd6c27-13f9-4074-b08e-452facc4c933@group-1A9ADFE3EE69->76a33ec4-135c-408f-b380-a95c5228c742-AppendLogResponseHandler: follower responses appendEntries COMPLETED
2019-10-04 06:11:58,205 [57bd6c27-13f9-4074-b08e-452facc4c933@group-6E535F1670AD-SegmentedRaftLogWorker] INFO  segmented.SegmentedRaftLogWorker (SegmentedRaftLogWorker.java:run(316)) - 57bd6c27-13f9-4074-b08e-452facc4c933@group-6E535F1670AD-SegmentedRaftLogWorker was interrupted, exiting. There are 0 tasks remaining in the queue.
2019-10-04 06:11:58,205 [grpc-default-executor-8] INFO  server.GrpcLogAppender (GrpcLogAppender.java:onCompleted(293)) - 57bd6c27-13f9-4074-b08e-452facc4c933@group-1A9ADFE3EE69->362ad445-5bb7-42b7-b6c6-45b485604b6f-AppendLogResponseHandler: follower responses appendEntries COMPLETED
2019-10-04 06:11:58,209 [ForkJoinPool.commonPool-worker-1] INFO  segmented.SegmentedRaftLogWorker (SegmentedRaftLogWorker.java:close(224)) - 57bd6c27-13f9-4074-b08e-452facc4c933@group-6E535F1670AD-SegmentedRaftLogWorker close()
2019-10-04 06:11:58,209 [grpc-default-executor-7] INFO  impl.FollowerInfo (FollowerInfo.java:lambda$new$0(51)) - 57bd6c27-13f9-4074-b08e-452facc4c933@group-1A9ADFE3EE69->76a33ec4-135c-408f-b380-a95c5228c742: nextIndex: updateUnconditionally 17 -> 16
2019-10-04 06:11:58,215 [grpc-default-executor-8] INFO  impl.FollowerInfo (FollowerInfo.java:lambda$new$0(51)) - 57bd6c27-13f9-4074-b08e-452facc4c933@group-1A9ADFE3EE69->362ad445-5bb7-42b7-b6c6-45b485604b6f: nextIndex: updateUnconditionally 17 -> 16
2019-10-04 06:11:58,222 [57bd6c27-13f9-4074-b08e-452facc4c933@group-1A9ADFE3EE69-StateMachineUpdater] INFO  ratis.ContainerStateMachine (ContainerStateMachine.java:takeSnapshot(304)) - group-1A9ADFE3EE69: Finished taking a snapshot at:(t:1, i:14) file:/workdir/hadoop-ozone/integration-test/target/test-dir/MiniOzoneClusterImpl-d4a22fe7-9819-4ee7-a95f-4f3286bed485/datanode-5/data/ratis/29a35e2f-a623-4658-a412-1a9adfe3ee69/sm/snapshot.1_14 time:31
2019-10-04 06:11:58,223 [57bd6c27-13f9-4074-b08e-452facc4c933@group-1A9ADFE3EE69-StateMachineUpdater] INFO  impl.StateMachineUpdater (StateMachineUpdater.java:takeSnapshot(269)) - 57bd6c27-13f9-4074-b08e-452facc4c933@group-1A9ADFE3EE69-StateMachineUpdater: Took a snapshot at index 14
2019-10-04 06:11:58,223 [57bd6c27-13f9-4074-b08e-452facc4c933@group-1A9ADFE3EE69-StateMachineUpdater] INFO  impl.StateMachineUpdater (StateMachineUpdater.java:lambda$new$0(84)) - 57bd6c27-13f9-4074-b08e-452facc4c933@group-1A9ADFE3EE69-StateMachineUpdater: snapshotIndex: updateIncreasingly -1 -> 14
2019-10-04 06:11:58,223 [57bd6c27-13f9-4074-b08e-452facc4c933@group-1A9ADFE3EE69-StateMachineUpdater] INFO  ratis.ContainerStateMachine (ContainerStateMachine.java:takeSnapshot(293)) - group-1A9ADFE3EE69: Taking a snapshot at:(t:1, i:14) file /workdir/hadoop-ozone/integration-test/target/test-dir/MiniOzoneClusterImpl-d4a22fe7-9819-4ee7-a95f-4f3286bed485/datanode-5/data/ratis/29a35e2f-a623-4658-a412-1a9adfe3ee69/sm/snapshot.1_14
2019-10-04 06:11:58,236 [57bd6c27-13f9-4074-b08e-452facc4c933@group-1A9ADFE3EE69-StateMachineUpdater] INFO  ratis.ContainerStateMachine (ContainerStateMachine.java:takeSnapshot(304)) - group-1A9ADFE3EE69: Finished taking a snapshot at:(t:1, i:14) file:/workdir/hadoop-ozone/integration-test/target/test-dir/MiniOzoneClusterImpl-d4a22fe7-9819-4ee7-a95f-4f3286bed485/datanode-5/data/ratis/29a35e2f-a623-4658-a412-1a9adfe3ee69/sm/snapshot.1_14 time:13
2019-10-04 06:11:58,236 [57bd6c27-13f9-4074-b08e-452facc4c933@group-1A9ADFE3EE69-StateMachineUpdater] INFO  impl.StateMachineUpdater (StateMachineUpdater.java:takeSnapshot(269)) - 57bd6c27-13f9-4074-b08e-452facc4c933@group-1A9ADFE3EE69-StateMachineUpdater: Took a snapshot at index 14
2019-10-04 06:11:58,236 [57bd6c27-13f9-4074-b08e-452facc4c933@group-1A9ADFE3EE69-StateMachineUpdater] INFO  impl.StateMachineUpdater (StateMachineUpdater.java:lambda$new$0(84)) - 57bd6c27-13f9-4074-b08e-452facc4c933@group-1A9ADFE3EE69-StateMachineUpdater: snapshotIndex: updateIncreasingly 14 -> 14
2019-10-04 06:11:58,236 [main] INFO  impl.RaftServerImpl (ServerState.java:close(387)) - 57bd6c27-13f9-4074-b08e-452facc4c933@group-1A9ADFE3EE69: closes. applyIndex: 16
2019-10-04 06:11:58,237 [57bd6c27-13f9-4074-b08e-452facc4c933@group-1A9ADFE3EE69-SegmentedRaftLogWorker] INFO  segmented.SegmentedRaftLogWorker (SegmentedRaftLogWorker.java:run(316)) - 57bd6c27-13f9-4074-b08e-452facc4c933@group-1A9ADFE3EE69-SegmentedRaftLogWorker was interrupted, exiting. There are 0 tasks remaining in the queue.
2019-10-04 06:11:58,240 [main] INFO  segmented.SegmentedRaftLogWorker (SegmentedRaftLogWorker.java:close(224)) - 57bd6c27-13f9-4074-b08e-452facc4c933@group-1A9ADFE3EE69-SegmentedRaftLogWorker close()
2019-10-04 06:11:58,245 [main] INFO  server.GrpcService (GrpcService.java:closeImpl(164)) - 57bd6c27-13f9-4074-b08e-452facc4c933: shutdown server with port 45376 now
2019-10-04 06:11:58,245 [grpc-default-executor-7] WARN  client.GrpcClientProtocolService (LogUtils.java:warn(134)) - 3-UnorderedRequestStreamObserver3: onError: org.apache.ratis.thirdparty.io.grpc.StatusRuntimeException: CANCELLED: cancelled before receiving half close
2019-10-04 06:11:58,247 [main] INFO  server.GrpcService (GrpcService.java:closeImpl(172)) - 57bd6c27-13f9-4074-b08e-452facc4c933: shutdown server with port 45376 successfully
2019-10-04 06:11:58,250 [refreshUsed-/workdir/hadoop-ozone/integration-test/target/test-dir/MiniOzoneClusterImpl-d4a22fe7-9819-4ee7-a95f-4f3286bed485/datanode-5/data/containers] WARN  fs.CachingGetSpaceUsed (CachingGetSpaceUsed.java:run(183)) - Thread Interrupted waiting to refresh disk information: sleep interrupted
2019-10-04 06:11:58,266 [main] INFO  utils.BackgroundService (BackgroundService.java:shutdown(148)) - Shutting down service BlockDeletingService
2019-10-04 06:11:58,272 [main] INFO  statemachine.DatanodeStateMachine (DatanodeStateMachine.java:stopDaemon(395)) - Ozone container server stopped.
2019-10-04 06:11:58,274 [main] INFO  handler.ContextHandler (ContextHandler.java:doStop(910)) - Stopped o.e.j.w.WebAppContext@5d2a86c0{/,null,UNAVAILABLE}{/hddsDatanode}
2019-10-04 06:11:58,274 [main] INFO  server.AbstractConnector (AbstractConnector.java:doStop(318)) - Stopped ServerConnector@5ba1b62e{HTTP/1.1,[http/1.1]}{0.0.0.0:0}
2019-10-04 06:11:58,275 [main] INFO  handler.ContextHandler (ContextHandler.java:doStop(910)) - Stopped o.e.j.s.ServletContextHandler@47569167{/static,jar:file:/home/user/.m2/repository/org/apache/hadoop/hadoop-hdds-container-service/0.5.0-SNAPSHOT/hadoop-hdds-container-service-0.5.0-SNAPSHOT.jar!/webapps/static,UNAVAILABLE}
2019-10-04 06:11:58,275 [main] INFO  handler.ContextHandler (ContextHandler.java:doStop(910)) - Stopped o.e.j.s.ServletContextHandler@35f7969d{/logs,file:///workdir/hadoop-ozone/integration-test/target/log,UNAVAILABLE}
2019-10-04 06:12:07,992 [Thread-2962] INFO  impl.FollowerState (FollowerState.java:run(108)) - 362ad445-5bb7-42b7-b6c6-45b485604b6f@group-1A9ADFE3EE69-FollowerState: change to CANDIDATE, lastRpcTime:9813ms, electionTimeout:5034ms
2019-10-04 06:12:07,994 [Thread-2962] INFO  impl.RoleInfo (RoleInfo.java:shutdownFollowerState(121)) - 362ad445-5bb7-42b7-b6c6-45b485604b6f: shutdown FollowerState
2019-10-04 06:12:07,994 [Thread-2962] INFO  impl.RaftServerImpl (RaftServerImpl.java:setRole(170)) - 362ad445-5bb7-42b7-b6c6-45b485604b6f@group-1A9ADFE3EE69: changes role from  FOLLOWER to CANDIDATE at term 1 for changeToCandidate
2019-10-04 06:12:07,994 [Thread-2962] INFO  impl.RoleInfo (RoleInfo.java:updateAndGet(143)) - 362ad445-5bb7-42b7-b6c6-45b485604b6f: start LeaderElection
2019-10-04 06:12:08,000 [362ad445-5bb7-42b7-b6c6-45b485604b6f@group-1A9ADFE3EE69-LeaderElection63] INFO  impl.RaftServerImpl (ServerState.java:setLeader(255)) - 362ad445-5bb7-42b7-b6c6-45b485604b6f@group-1A9ADFE3EE69: change Leader from 57bd6c27-13f9-4074-b08e-452facc4c933 to null at term 1 for initElection
2019-10-04 06:12:08,015 [362ad445-5bb7-42b7-b6c6-45b485604b6f@group-1A9ADFE3EE69-LeaderElection63] INFO  impl.LeaderElection (LeaderElection.java:askForVotes(178)) - 362ad445-5bb7-42b7-b6c6-45b485604b6f@group-1A9ADFE3EE69-LeaderElection63: begin an election at term 2 for 0: [76a33ec4-135c-408f-b380-a95c5228c742:192.168.151.69:44502, 57bd6c27-13f9-4074-b08e-452facc4c933:192.168.151.69:45376, 362ad445-5bb7-42b7-b6c6-45b485604b6f:192.168.151.69:42652], old=null
2019-10-04 06:12:08,020 [362ad445-5bb7-42b7-b6c6-45b485604b6f@group-1A9ADFE3EE69-LeaderElection63] INFO  impl.LeaderElection (LogUtils.java:infoOrTrace(149)) - 362ad445-5bb7-42b7-b6c6-45b485604b6f@group-1A9ADFE3EE69-LeaderElection63 got exception when requesting votes: {}
java.util.concurrent.ExecutionException: org.apache.ratis.thirdparty.io.grpc.StatusRuntimeException: UNAVAILABLE: io exception
	at java.util.concurrent.FutureTask.report(FutureTask.java:122)
	at java.util.concurrent.FutureTask.get(FutureTask.java:192)
	at org.apache.ratis.server.impl.LeaderElection.waitForResults(LeaderElection.java:259)
	at org.apache.ratis.server.impl.LeaderElection.askForVotes(LeaderElection.java:197)
	at org.apache.ratis.server.impl.LeaderElection.run(LeaderElection.java:133)
	at java.lang.Thread.run(Thread.java:748)
Caused by: org.apache.ratis.thirdparty.io.grpc.StatusRuntimeException: UNAVAILABLE: io exception
	at org.apache.ratis.thirdparty.io.grpc.stub.ClientCalls.toStatusRuntimeException(ClientCalls.java:233)
	at org.apache.ratis.thirdparty.io.grpc.stub.ClientCalls.getUnchecked(ClientCalls.java:214)
	at org.apache.ratis.thirdparty.io.grpc.stub.ClientCalls.blockingUnaryCall(ClientCalls.java:139)
	at org.apache.ratis.proto.grpc.RaftServerProtocolServiceGrpc$RaftServerProtocolServiceBlockingStub.requestVote(RaftServerProtocolServiceGrpc.java:265)
	at org.apache.ratis.grpc.server.GrpcServerProtocolClient.requestVote(GrpcServerProtocolClient.java:99)
	at org.apache.ratis.grpc.server.GrpcService.requestVote(GrpcService.java:204)
	at org.apache.ratis.server.impl.LeaderElection.lambda$submitRequests$1(LeaderElection.java:234)
	at java.util.concurrent.FutureTask.run(FutureTask.java:266)
	at java.util.concurrent.Executors$RunnableAdapter.call(Executors.java:511)
	at java.util.concurrent.FutureTask.run(FutureTask.java:266)
	at java.util.concurrent.ThreadPoolExecutor.runWorker(ThreadPoolExecutor.java:1149)
	at java.util.concurrent.ThreadPoolExecutor$Worker.run(ThreadPoolExecutor.java:624)
	... 1 more
Caused by: org.apache.ratis.thirdparty.io.netty.channel.AbstractChannel$AnnotatedConnectException: Connection refused: /192.168.151.69:45376
	at sun.nio.ch.SocketChannelImpl.checkConnect(Native Method)
	at sun.nio.ch.SocketChannelImpl.finishConnect(SocketChannelImpl.java:717)
	at org.apache.ratis.thirdparty.io.netty.channel.socket.nio.NioSocketChannel.doFinishConnect(NioSocketChannel.java:327)
	at org.apache.ratis.thirdparty.io.netty.channel.nio.AbstractNioChannel$AbstractNioUnsafe.finishConnect(AbstractNioChannel.java:340)
	at org.apache.ratis.thirdparty.io.netty.channel.nio.NioEventLoop.processSelectedKey(NioEventLoop.java:632)
	at org.apache.ratis.thirdparty.io.netty.channel.nio.NioEventLoop.processSelectedKeysOptimized(NioEventLoop.java:579)
	at org.apache.ratis.thirdparty.io.netty.channel.nio.NioEventLoop.processSelectedKeys(NioEventLoop.java:496)
	at org.apache.ratis.thirdparty.io.netty.channel.nio.NioEventLoop.run(NioEventLoop.java:458)
	at org.apache.ratis.thirdparty.io.netty.util.concurrent.SingleThreadEventExecutor$5.run(SingleThreadEventExecutor.java:897)
	at org.apache.ratis.thirdparty.io.netty.util.concurrent.FastThreadLocalRunnable.run(FastThreadLocalRunnable.java:30)
	... 1 more
Caused by: java.net.ConnectException: Connection refused
	... 11 more
2019-10-04 06:12:08,025 [grpc-default-executor-8] INFO  impl.RaftServerImpl (ServerState.java:setLeader(255)) - 76a33ec4-135c-408f-b380-a95c5228c742@group-1A9ADFE3EE69: change Leader from 57bd6c27-13f9-4074-b08e-452facc4c933 to null at term 2 for updateCurrentTerm
2019-10-04 06:12:08,025 [grpc-default-executor-8] INFO  impl.RaftServerImpl (RaftServerImpl.java:setRole(170)) - 76a33ec4-135c-408f-b380-a95c5228c742@group-1A9ADFE3EE69: changes role from  FOLLOWER to FOLLOWER at term 2 for recognizeCandidate:362ad445-5bb7-42b7-b6c6-45b485604b6f
2019-10-04 06:12:08,025 [grpc-default-executor-8] INFO  impl.RoleInfo (RoleInfo.java:shutdownFollowerState(121)) - 76a33ec4-135c-408f-b380-a95c5228c742: shutdown FollowerState
2019-10-04 06:12:08,026 [grpc-default-executor-8] INFO  impl.RoleInfo (RoleInfo.java:updateAndGet(143)) - 76a33ec4-135c-408f-b380-a95c5228c742: start FollowerState
2019-10-04 06:12:08,026 [Thread-2961] INFO  impl.FollowerState (FollowerState.java:run(117)) - 76a33ec4-135c-408f-b380-a95c5228c742@group-1A9ADFE3EE69-FollowerState was interrupted: java.lang.InterruptedException: sleep interrupted
2019-10-04 06:12:08,063 [362ad445-5bb7-42b7-b6c6-45b485604b6f@group-1A9ADFE3EE69-LeaderElection63] INFO  impl.LeaderElection (LeaderElection.java:logAndReturn(56)) - 362ad445-5bb7-42b7-b6c6-45b485604b6f@group-1A9ADFE3EE69-LeaderElection63: Election PASSED; received 1 response(s) [362ad445-5bb7-42b7-b6c6-45b485604b6f<-76a33ec4-135c-408f-b380-a95c5228c742#0:OK-t2] and 1 exception(s); 362ad445-5bb7-42b7-b6c6-45b485604b6f@group-1A9ADFE3EE69:t2, leader=null, voted=362ad445-5bb7-42b7-b6c6-45b485604b6f, raftlog=362ad445-5bb7-42b7-b6c6-45b485604b6f@group-1A9ADFE3EE69-SegmentedRaftLog:OPENED:c16,f16,i16, conf=0: [76a33ec4-135c-408f-b380-a95c5228c742:192.168.151.69:44502, 57bd6c27-13f9-4074-b08e-452facc4c933:192.168.151.69:45376, 362ad445-5bb7-42b7-b6c6-45b485604b6f:192.168.151.69:42652], old=null
2019-10-04 06:12:08,064 [362ad445-5bb7-42b7-b6c6-45b485604b6f@group-1A9ADFE3EE69-LeaderElection63] INFO  impl.LeaderElection (LogUtils.java:infoOrTrace(149)) -   Exception 0: {}
java.util.concurrent.ExecutionException: org.apache.ratis.thirdparty.io.grpc.StatusRuntimeException: UNAVAILABLE: io exception
	at java.util.concurrent.FutureTask.report(FutureTask.java:122)
	at java.util.concurrent.FutureTask.get(FutureTask.java:192)
	at org.apache.ratis.server.impl.LeaderElection.waitForResults(LeaderElection.java:259)
	at org.apache.ratis.server.impl.LeaderElection.askForVotes(LeaderElection.java:197)
	at org.apache.ratis.server.impl.LeaderElection.run(LeaderElection.java:133)
	at java.lang.Thread.run(Thread.java:748)
Caused by: org.apache.ratis.thirdparty.io.grpc.StatusRuntimeException: UNAVAILABLE: io exception
	at org.apache.ratis.thirdparty.io.grpc.stub.ClientCalls.toStatusRuntimeException(ClientCalls.java:233)
	at org.apache.ratis.thirdparty.io.grpc.stub.ClientCalls.getUnchecked(ClientCalls.java:214)
	at org.apache.ratis.thirdparty.io.grpc.stub.ClientCalls.blockingUnaryCall(ClientCalls.java:139)
	at org.apache.ratis.proto.grpc.RaftServerProtocolServiceGrpc$RaftServerProtocolServiceBlockingStub.requestVote(RaftServerProtocolServiceGrpc.java:265)
	at org.apache.ratis.grpc.server.GrpcServerProtocolClient.requestVote(GrpcServerProtocolClient.java:99)
	at org.apache.ratis.grpc.server.GrpcService.requestVote(GrpcService.java:204)
	at org.apache.ratis.server.impl.LeaderElection.lambda$submitRequests$1(LeaderElection.java:234)
	at java.util.concurrent.FutureTask.run(FutureTask.java:266)
	at java.util.concurrent.Executors$RunnableAdapter.call(Executors.java:511)
	at java.util.concurrent.FutureTask.run(FutureTask.java:266)
	at java.util.concurrent.ThreadPoolExecutor.runWorker(ThreadPoolExecutor.java:1149)
	at java.util.concurrent.ThreadPoolExecutor$Worker.run(ThreadPoolExecutor.java:624)
	... 1 more
Caused by: org.apache.ratis.thirdparty.io.netty.channel.AbstractChannel$AnnotatedConnectException: Connection refused: /192.168.151.69:45376
	at sun.nio.ch.SocketChannelImpl.checkConnect(Native Method)
	at sun.nio.ch.SocketChannelImpl.finishConnect(SocketChannelImpl.java:717)
	at org.apache.ratis.thirdparty.io.netty.channel.socket.nio.NioSocketChannel.doFinishConnect(NioSocketChannel.java:327)
	at org.apache.ratis.thirdparty.io.netty.channel.nio.AbstractNioChannel$AbstractNioUnsafe.finishConnect(AbstractNioChannel.java:340)
	at org.apache.ratis.thirdparty.io.netty.channel.nio.NioEventLoop.processSelectedKey(NioEventLoop.java:632)
	at org.apache.ratis.thirdparty.io.netty.channel.nio.NioEventLoop.processSelectedKeysOptimized(NioEventLoop.java:579)
	at org.apache.ratis.thirdparty.io.netty.channel.nio.NioEventLoop.processSelectedKeys(NioEventLoop.java:496)
	at org.apache.ratis.thirdparty.io.netty.channel.nio.NioEventLoop.run(NioEventLoop.java:458)
	at org.apache.ratis.thirdparty.io.netty.util.concurrent.SingleThreadEventExecutor$5.run(SingleThreadEventExecutor.java:897)
	at org.apache.ratis.thirdparty.io.netty.util.concurrent.FastThreadLocalRunnable.run(FastThreadLocalRunnable.java:30)
	... 1 more
Caused by: java.net.ConnectException: Connection refused
	... 11 more
2019-10-04 06:12:08,064 [362ad445-5bb7-42b7-b6c6-45b485604b6f@group-1A9ADFE3EE69-LeaderElection63] INFO  impl.RoleInfo (RoleInfo.java:shutdownLeaderElection(134)) - 362ad445-5bb7-42b7-b6c6-45b485604b6f: shutdown LeaderElection
2019-10-04 06:12:08,064 [362ad445-5bb7-42b7-b6c6-45b485604b6f@group-1A9ADFE3EE69-LeaderElection63] INFO  impl.RaftServerImpl (RaftServerImpl.java:setRole(170)) - 362ad445-5bb7-42b7-b6c6-45b485604b6f@group-1A9ADFE3EE69: changes role from CANDIDATE to LEADER at term 2 for changeToLeader
2019-10-04 06:12:08,064 [362ad445-5bb7-42b7-b6c6-45b485604b6f@group-1A9ADFE3EE69-LeaderElection63] INFO  impl.RaftServerImpl (ServerState.java:setLeader(255)) - 362ad445-5bb7-42b7-b6c6-45b485604b6f@group-1A9ADFE3EE69: change Leader from null to 362ad445-5bb7-42b7-b6c6-45b485604b6f at term 2 for becomeLeader, leader elected after 63ms
2019-10-04 06:12:08,064 [362ad445-5bb7-42b7-b6c6-45b485604b6f@group-1A9ADFE3EE69-LeaderElection63] INFO  server.RaftServerConfigKeys (ConfUtils.java:logGet(43)) - raft.server.staging.catchup.gap = 1000 (default)
2019-10-04 06:12:08,065 [362ad445-5bb7-42b7-b6c6-45b485604b6f@group-1A9ADFE3EE69-LeaderElection63] INFO  server.RaftServerConfigKeys (ConfUtils.java:logGet(43)) - raft.server.rpc.sleep.time = 25ms (default)
2019-10-04 06:12:08,065 [362ad445-5bb7-42b7-b6c6-45b485604b6f@group-1A9ADFE3EE69-LeaderElection63] INFO  server.RaftServerConfigKeys (ConfUtils.java:logGet(43)) - raft.server.write.element-limit = 4096 (default)
2019-10-04 06:12:08,065 [362ad445-5bb7-42b7-b6c6-45b485604b6f@group-1A9ADFE3EE69-LeaderElection63] INFO  server.RaftServerConfigKeys (ConfUtils.java:logGet(43)) - raft.server.watch.timeout = 10s (default)
2019-10-04 06:12:08,065 [362ad445-5bb7-42b7-b6c6-45b485604b6f@group-1A9ADFE3EE69-LeaderElection63] INFO  server.RaftServerConfigKeys (ConfUtils.java:logGet(43)) - raft.server.watch.timeout.denomination = 1s (default)
2019-10-04 06:12:08,065 [362ad445-5bb7-42b7-b6c6-45b485604b6f@group-1A9ADFE3EE69-LeaderElection63] INFO  server.RaftServerConfigKeys (ConfUtils.java:logGet(43)) - raft.server.watch.element-limit = 65536 (default)
2019-10-04 06:12:08,068 [362ad445-5bb7-42b7-b6c6-45b485604b6f@group-1A9ADFE3EE69-LeaderElection63] INFO  server.RaftServerConfigKeys (ConfUtils.java:logGet(43)) - raft.server.log.appender.snapshot.chunk.size.max = 16MB (=16777216) (default)
2019-10-04 06:12:08,068 [362ad445-5bb7-42b7-b6c6-45b485604b6f@group-1A9ADFE3EE69-LeaderElection63] INFO  server.RaftServerConfigKeys (ConfUtils.java:logGet(43)) - raft.server.log.appender.buffer.byte-limit = 33554432 (custom)
2019-10-04 06:12:08,068 [362ad445-5bb7-42b7-b6c6-45b485604b6f@group-1A9ADFE3EE69-LeaderElection63] INFO  server.RaftServerConfigKeys (ConfUtils.java:logGet(43)) - raft.server.log.appender.buffer.element-limit = 1 (custom)
2019-10-04 06:12:08,068 [362ad445-5bb7-42b7-b6c6-45b485604b6f@group-1A9ADFE3EE69-LeaderElection63] INFO  grpc.GrpcConfigKeys$Server (ConfUtils.java:logGet(43)) - raft.grpc.server.leader.outstanding.appends.max = 128 (default)
2019-10-04 06:12:08,069 [362ad445-5bb7-42b7-b6c6-45b485604b6f@group-1A9ADFE3EE69-LeaderElection63] INFO  server.RaftServerConfigKeys (ConfUtils.java:logGet(43)) - raft.server.rpc.request.timeout = 3000ms (default)
2019-10-04 06:12:08,069 [362ad445-5bb7-42b7-b6c6-45b485604b6f@group-1A9ADFE3EE69-LeaderElection63] INFO  server.RaftServerConfigKeys (ConfUtils.java:logGet(43)) - raft.server.log.appender.install.snapshot.enabled = false (custom)
2019-10-04 06:12:08,069 [362ad445-5bb7-42b7-b6c6-45b485604b6f@group-1A9ADFE3EE69-LeaderElection63] INFO  server.RaftServerConfigKeys (ConfUtils.java:logGet(43)) - raft.server.log.appender.snapshot.chunk.size.max = 16MB (=16777216) (default)
2019-10-04 06:12:08,069 [362ad445-5bb7-42b7-b6c6-45b485604b6f@group-1A9ADFE3EE69-LeaderElection63] INFO  server.RaftServerConfigKeys (ConfUtils.java:logGet(43)) - raft.server.log.appender.buffer.byte-limit = 33554432 (custom)
2019-10-04 06:12:08,069 [362ad445-5bb7-42b7-b6c6-45b485604b6f@group-1A9ADFE3EE69-LeaderElection63] INFO  server.RaftServerConfigKeys (ConfUtils.java:logGet(43)) - raft.server.log.appender.buffer.element-limit = 1 (custom)
2019-10-04 06:12:08,069 [362ad445-5bb7-42b7-b6c6-45b485604b6f@group-1A9ADFE3EE69-LeaderElection63] INFO  grpc.GrpcConfigKeys$Server (ConfUtils.java:logGet(43)) - raft.grpc.server.leader.outstanding.appends.max = 128 (default)
2019-10-04 06:12:08,070 [362ad445-5bb7-42b7-b6c6-45b485604b6f@group-1A9ADFE3EE69-LeaderElection63] INFO  server.RaftServerConfigKeys (ConfUtils.java:logGet(43)) - raft.server.rpc.request.timeout = 3000ms (default)
2019-10-04 06:12:08,070 [362ad445-5bb7-42b7-b6c6-45b485604b6f@group-1A9ADFE3EE69-LeaderElection63] INFO  server.RaftServerConfigKeys (ConfUtils.java:logGet(43)) - raft.server.log.appender.install.snapshot.enabled = false (custom)
2019-10-04 06:12:08,070 [362ad445-5bb7-42b7-b6c6-45b485604b6f@group-1A9ADFE3EE69-LeaderElection63] INFO  impl.RoleInfo (RoleInfo.java:updateAndGet(143)) - 362ad445-5bb7-42b7-b6c6-45b485604b6f: start LeaderState
2019-10-04 06:12:08,070 [362ad445-5bb7-42b7-b6c6-45b485604b6f@group-1A9ADFE3EE69-LeaderElection63] INFO  segmented.SegmentedRaftLogWorker (SegmentedRaftLogWorker.java:rollLogSegment(390)) - 362ad445-5bb7-42b7-b6c6-45b485604b6f@group-1A9ADFE3EE69-SegmentedRaftLogWorker: Rolling segment log-0_16 to index:16
2019-10-04 06:12:08,071 [362ad445-5bb7-42b7-b6c6-45b485604b6f@group-1A9ADFE3EE69-LeaderElection63] INFO  impl.RaftServerImpl (ServerState.java:setRaftConf(356)) - 362ad445-5bb7-42b7-b6c6-45b485604b6f@group-1A9ADFE3EE69: set configuration 17: [76a33ec4-135c-408f-b380-a95c5228c742:192.168.151.69:44502, 57bd6c27-13f9-4074-b08e-452facc4c933:192.168.151.69:45376, 362ad445-5bb7-42b7-b6c6-45b485604b6f:192.168.151.69:42652], old=null at 17
2019-10-04 06:12:08,072 [grpc-default-executor-8] WARN  server.GrpcLogAppender (LogUtils.java:warn(134)) - 362ad445-5bb7-42b7-b6c6-45b485604b6f@group-1A9ADFE3EE69->57bd6c27-13f9-4074-b08e-452facc4c933-AppendLogResponseHandler: Failed appendEntries: org.apache.ratis.thirdparty.io.grpc.StatusRuntimeException: UNAVAILABLE: io exception
2019-10-04 06:12:08,074 [362ad445-5bb7-42b7-b6c6-45b485604b6f@group-1A9ADFE3EE69-SegmentedRaftLogWorker] INFO  segmented.SegmentedRaftLogWorker (SegmentedRaftLogWorker.java:execute(531)) - 362ad445-5bb7-42b7-b6c6-45b485604b6f@group-1A9ADFE3EE69-SegmentedRaftLogWorker: Rolled log segment from /workdir/hadoop-ozone/integration-test/target/test-dir/MiniOzoneClusterImpl-d4a22fe7-9819-4ee7-a95f-4f3286bed485/datanode-3/data/ratis/29a35e2f-a623-4658-a412-1a9adfe3ee69/current/log_inprogress_0 to /workdir/hadoop-ozone/integration-test/target/test-dir/MiniOzoneClusterImpl-d4a22fe7-9819-4ee7-a95f-4f3286bed485/datanode-3/data/ratis/29a35e2f-a623-4658-a412-1a9adfe3ee69/current/log_0-16
2019-10-04 06:12:08,075 [grpc-default-executor-8] INFO  impl.FollowerInfo (FollowerInfo.java:lambda$new$0(51)) - 362ad445-5bb7-42b7-b6c6-45b485604b6f@group-1A9ADFE3EE69->57bd6c27-13f9-4074-b08e-452facc4c933: nextIndex: updateUnconditionally 17 -> 1
2019-10-04 06:12:08,075 [grpc-default-executor-5] INFO  impl.RaftServerImpl (ServerState.java:setLeader(255)) - 76a33ec4-135c-408f-b380-a95c5228c742@group-1A9ADFE3EE69: change Leader from null to 362ad445-5bb7-42b7-b6c6-45b485604b6f at term 2 for appendEntries, leader elected after 50ms
2019-10-04 06:12:08,116 [grpc-default-executor-5] INFO  impl.RaftServerImpl (ServerState.java:setRaftConf(356)) - 76a33ec4-135c-408f-b380-a95c5228c742@group-1A9ADFE3EE69: set configuration 17: [76a33ec4-135c-408f-b380-a95c5228c742:192.168.151.69:44502, 57bd6c27-13f9-4074-b08e-452facc4c933:192.168.151.69:45376, 362ad445-5bb7-42b7-b6c6-45b485604b6f:192.168.151.69:42652], old=null at 17
2019-10-04 06:12:08,116 [grpc-default-executor-5] INFO  segmented.SegmentedRaftLogWorker (SegmentedRaftLogWorker.java:rollLogSegment(390)) - 76a33ec4-135c-408f-b380-a95c5228c742@group-1A9ADFE3EE69-SegmentedRaftLogWorker: Rolling segment log-0_16 to index:16
2019-10-04 06:12:08,117 [76a33ec4-135c-408f-b380-a95c5228c742@group-1A9ADFE3EE69-SegmentedRaftLogWorker] INFO  segmented.SegmentedRaftLogWorker (SegmentedRaftLogWorker.java:execute(531)) - 76a33ec4-135c-408f-b380-a95c5228c742@group-1A9ADFE3EE69-SegmentedRaftLogWorker: Rolled log segment from /workdir/hadoop-ozone/integration-test/target/test-dir/MiniOzoneClusterImpl-d4a22fe7-9819-4ee7-a95f-4f3286bed485/datanode-6/data/ratis/29a35e2f-a623-4658-a412-1a9adfe3ee69/current/log_inprogress_0 to /workdir/hadoop-ozone/integration-test/target/test-dir/MiniOzoneClusterImpl-d4a22fe7-9819-4ee7-a95f-4f3286bed485/datanode-6/data/ratis/29a35e2f-a623-4658-a412-1a9adfe3ee69/current/log_0-16
2019-10-04 06:12:08,135 [362ad445-5bb7-42b7-b6c6-45b485604b6f@group-1A9ADFE3EE69-SegmentedRaftLogWorker] INFO  segmented.SegmentedRaftLogWorker (SegmentedRaftLogWorker.java:execute(574)) - 362ad445-5bb7-42b7-b6c6-45b485604b6f@group-1A9ADFE3EE69-SegmentedRaftLogWorker: created new log segment /workdir/hadoop-ozone/integration-test/target/test-dir/MiniOzoneClusterImpl-d4a22fe7-9819-4ee7-a95f-4f3286bed485/datanode-3/data/ratis/29a35e2f-a623-4658-a412-1a9adfe3ee69/current/log_inprogress_17
2019-10-04 06:12:08,166 [76a33ec4-135c-408f-b380-a95c5228c742@group-1A9ADFE3EE69-SegmentedRaftLogWorker] INFO  segmented.SegmentedRaftLogWorker (SegmentedRaftLogWorker.java:execute(574)) - 76a33ec4-135c-408f-b380-a95c5228c742@group-1A9ADFE3EE69-SegmentedRaftLogWorker: created new log segment /workdir/hadoop-ozone/integration-test/target/test-dir/MiniOzoneClusterImpl-d4a22fe7-9819-4ee7-a95f-4f3286bed485/datanode-6/data/ratis/29a35e2f-a623-4658-a412-1a9adfe3ee69/current/log_inprogress_17
2019-10-04 06:12:08,191 [grpc-default-executor-7] WARN  server.GrpcLogAppender (LogUtils.java:warn(134)) - 362ad445-5bb7-42b7-b6c6-45b485604b6f@group-1A9ADFE3EE69->57bd6c27-13f9-4074-b08e-452facc4c933-AppendLogResponseHandler: Failed appendEntries: org.apache.ratis.thirdparty.io.grpc.StatusRuntimeException: UNAVAILABLE: io exception
2019-10-04 06:12:08,191 [grpc-default-executor-7] INFO  impl.FollowerInfo (FollowerInfo.java:lambda$new$0(51)) - 362ad445-5bb7-42b7-b6c6-45b485604b6f@group-1A9ADFE3EE69->57bd6c27-13f9-4074-b08e-452facc4c933: nextIndex: updateUnconditionally 2 -> 1
2019-10-04 06:12:08,211 [grpc-default-executor-7] WARN  server.GrpcLogAppender (LogUtils.java:warn(134)) - 362ad445-5bb7-42b7-b6c6-45b485604b6f@group-1A9ADFE3EE69->57bd6c27-13f9-4074-b08e-452facc4c933-AppendLogResponseHandler: Failed appendEntries: org.apache.ratis.thirdparty.io.grpc.StatusRuntimeException: UNAVAILABLE: io exception
2019-10-04 06:12:08,211 [grpc-default-executor-7] INFO  impl.FollowerInfo (FollowerInfo.java:lambda$new$0(51)) - 362ad445-5bb7-42b7-b6c6-45b485604b6f@group-1A9ADFE3EE69->57bd6c27-13f9-4074-b08e-452facc4c933: nextIndex: updateUnconditionally 2 -> 1
06:12:08.467 [grpc-default-executor-7] ERROR DNAudit - user=null | ip=null | op=WRITE_CHUNK {blockData=conID: 1 locID: 102902628855382029 bcsId: 14} | ret=FAILURE
org.apache.hadoop.hdds.scm.container.common.helpers.ContainerNotOpenException: Container 1 in CLOSING state
	at org.apache.hadoop.ozone.container.common.impl.HddsDispatcher.validateContainerCommand(HddsDispatcher.java:434) ~[hadoop-hdds-container-service-0.5.0-SNAPSHOT.jar:?]
	at org.apache.hadoop.ozone.container.common.transport.server.ratis.ContainerStateMachine.startTransaction(ContainerStateMachine.java:319) ~[hadoop-hdds-container-service-0.5.0-SNAPSHOT.jar:?]
	at org.apache.ratis.server.impl.RaftServerImpl.submitClientRequestAsync(RaftServerImpl.java:569) ~[ratis-server-0.5.0-201fc85-SNAPSHOT.jar:0.5.0-201fc85-SNAPSHOT]
	at org.apache.ratis.server.impl.RaftServerProxy.lambda$submitClientRequestAsync$7(RaftServerProxy.java:333) ~[ratis-server-0.5.0-201fc85-SNAPSHOT.jar:0.5.0-201fc85-SNAPSHOT]
	at org.apache.ratis.server.impl.RaftServerProxy.lambda$null$5(RaftServerProxy.java:328) ~[ratis-server-0.5.0-201fc85-SNAPSHOT.jar:0.5.0-201fc85-SNAPSHOT]
	at org.apache.ratis.util.JavaUtils.callAsUnchecked(JavaUtils.java:109) ~[ratis-common-0.5.0-201fc85-SNAPSHOT.jar:0.5.0-201fc85-SNAPSHOT]
	at org.apache.ratis.server.impl.RaftServerProxy.lambda$submitRequest$6(RaftServerProxy.java:328) ~[ratis-server-0.5.0-201fc85-SNAPSHOT.jar:0.5.0-201fc85-SNAPSHOT]
	at java.util.concurrent.CompletableFuture.uniComposeStage(CompletableFuture.java:981) ~[?:1.8.0_212]
	at java.util.concurrent.CompletableFuture.thenCompose(CompletableFuture.java:2124) ~[?:1.8.0_212]
	at org.apache.ratis.server.impl.RaftServerProxy.submitRequest(RaftServerProxy.java:327) ~[ratis-server-0.5.0-201fc85-SNAPSHOT.jar:0.5.0-201fc85-SNAPSHOT]
	at org.apache.ratis.server.impl.RaftServerProxy.submitClientRequestAsync(RaftServerProxy.java:333) ~[ratis-server-0.5.0-201fc85-SNAPSHOT.jar:0.5.0-201fc85-SNAPSHOT]
	at org.apache.ratis.grpc.client.GrpcClientProtocolService$RequestStreamObserver.processClientRequest(GrpcClientProtocolService.java:220) ~[ratis-grpc-0.5.0-201fc85-SNAPSHOT.jar:0.5.0-201fc85-SNAPSHOT]
	at org.apache.ratis.grpc.client.GrpcClientProtocolService$OrderedRequestStreamObserver.processClientRequest(GrpcClientProtocolService.java:326) ~[ratis-grpc-0.5.0-201fc85-SNAPSHOT.jar:0.5.0-201fc85-SNAPSHOT]
	at org.apache.ratis.util.SlidingWindow$Server.processRequestsFromHead(SlidingWindow.java:429) [ratis-common-0.5.0-201fc85-SNAPSHOT.jar:0.5.0-201fc85-SNAPSHOT]
	at org.apache.ratis.util.SlidingWindow$Server.receivedRequest(SlidingWindow.java:421) [ratis-common-0.5.0-201fc85-SNAPSHOT.jar:0.5.0-201fc85-SNAPSHOT]
	at org.apache.ratis.grpc.client.GrpcClientProtocolService$OrderedRequestStreamObserver.processClientRequest(GrpcClientProtocolService.java:345) [ratis-grpc-0.5.0-201fc85-SNAPSHOT.jar:0.5.0-201fc85-SNAPSHOT]
	at org.apache.ratis.grpc.client.GrpcClientProtocolService$RequestStreamObserver.onNext(GrpcClientProtocolService.java:240) [ratis-grpc-0.5.0-201fc85-SNAPSHOT.jar:0.5.0-201fc85-SNAPSHOT]
	at org.apache.ratis.grpc.client.GrpcClientProtocolService$RequestStreamObserver.onNext(GrpcClientProtocolService.java:168) [ratis-grpc-0.5.0-201fc85-SNAPSHOT.jar:0.5.0-201fc85-SNAPSHOT]
	at org.apache.ratis.thirdparty.io.grpc.stub.ServerCalls$StreamingServerCallHandler$StreamingServerCallListener.onMessage(ServerCalls.java:248) [ratis-thirdparty-misc-0.2.0.jar:0.2.0]
	at org.apache.ratis.thirdparty.io.grpc.internal.ServerCallImpl$ServerStreamListenerImpl.messagesAvailable(ServerCallImpl.java:263) [ratis-thirdparty-misc-0.2.0.jar:0.2.0]
	at org.apache.ratis.thirdparty.io.grpc.internal.ServerImpl$JumpToApplicationThreadServerStreamListener$1MessagesAvailable.runInContext(ServerImpl.java:686) [ratis-thirdparty-misc-0.2.0.jar:0.2.0]
	at org.apache.ratis.thirdparty.io.grpc.internal.ContextRunnable.run(ContextRunnable.java:37) [ratis-thirdparty-misc-0.2.0.jar:0.2.0]
	at org.apache.ratis.thirdparty.io.grpc.internal.SerializingExecutor.run(SerializingExecutor.java:123) [ratis-thirdparty-misc-0.2.0.jar:0.2.0]
	at java.util.concurrent.ThreadPoolExecutor.runWorker(ThreadPoolExecutor.java:1149) [?:1.8.0_212]
	at java.util.concurrent.ThreadPoolExecutor$Worker.run(ThreadPoolExecutor.java:624) [?:1.8.0_212]
	at java.lang.Thread.run(Thread.java:748) [?:1.8.0_212]
06:12:08.483 [grpc-default-executor-7] ERROR DNAudit - user=null | ip=null | op=WRITE_CHUNK {blockData=conID: 1 locID: 102902628855382029 bcsId: 14} | ret=FAILURE
org.apache.hadoop.hdds.scm.container.common.helpers.ContainerNotOpenException: Container 1 in CLOSING state
	at org.apache.hadoop.ozone.container.common.impl.HddsDispatcher.validateContainerCommand(HddsDispatcher.java:434) ~[hadoop-hdds-container-service-0.5.0-SNAPSHOT.jar:?]
	at org.apache.hadoop.ozone.container.common.transport.server.ratis.ContainerStateMachine.startTransaction(ContainerStateMachine.java:319) ~[hadoop-hdds-container-service-0.5.0-SNAPSHOT.jar:?]
	at org.apache.ratis.server.impl.RaftServerImpl.submitClientRequestAsync(RaftServerImpl.java:569) ~[ratis-server-0.5.0-201fc85-SNAPSHOT.jar:0.5.0-201fc85-SNAPSHOT]
	at org.apache.ratis.server.impl.RaftServerProxy.lambda$submitClientRequestAsync$7(RaftServerProxy.java:333) ~[ratis-server-0.5.0-201fc85-SNAPSHOT.jar:0.5.0-201fc85-SNAPSHOT]
	at org.apache.ratis.server.impl.RaftServerProxy.lambda$null$5(RaftServerProxy.java:328) ~[ratis-server-0.5.0-201fc85-SNAPSHOT.jar:0.5.0-201fc85-SNAPSHOT]
	at org.apache.ratis.util.JavaUtils.callAsUnchecked(JavaUtils.java:109) ~[ratis-common-0.5.0-201fc85-SNAPSHOT.jar:0.5.0-201fc85-SNAPSHOT]
	at org.apache.ratis.server.impl.RaftServerProxy.lambda$submitRequest$6(RaftServerProxy.java:328) ~[ratis-server-0.5.0-201fc85-SNAPSHOT.jar:0.5.0-201fc85-SNAPSHOT]
	at java.util.concurrent.CompletableFuture.uniComposeStage(CompletableFuture.java:981) ~[?:1.8.0_212]
	at java.util.concurrent.CompletableFuture.thenCompose(CompletableFuture.java:2124) ~[?:1.8.0_212]
	at org.apache.ratis.server.impl.RaftServerProxy.submitRequest(RaftServerProxy.java:327) ~[ratis-server-0.5.0-201fc85-SNAPSHOT.jar:0.5.0-201fc85-SNAPSHOT]
	at org.apache.ratis.server.impl.RaftServerProxy.submitClientRequestAsync(RaftServerProxy.java:333) ~[ratis-server-0.5.0-201fc85-SNAPSHOT.jar:0.5.0-201fc85-SNAPSHOT]
	at org.apache.ratis.grpc.client.GrpcClientProtocolService$RequestStreamObserver.processClientRequest(GrpcClientProtocolService.java:220) ~[ratis-grpc-0.5.0-201fc85-SNAPSHOT.jar:0.5.0-201fc85-SNAPSHOT]
	at org.apache.ratis.grpc.client.GrpcClientProtocolService$OrderedRequestStreamObserver.processClientRequest(GrpcClientProtocolService.java:326) ~[ratis-grpc-0.5.0-201fc85-SNAPSHOT.jar:0.5.0-201fc85-SNAPSHOT]
	at org.apache.ratis.util.SlidingWindow$Server.processRequestsFromHead(SlidingWindow.java:429) [ratis-common-0.5.0-201fc85-SNAPSHOT.jar:0.5.0-201fc85-SNAPSHOT]
	at org.apache.ratis.util.SlidingWindow$Server.receivedRequest(SlidingWindow.java:421) [ratis-common-0.5.0-201fc85-SNAPSHOT.jar:0.5.0-201fc85-SNAPSHOT]
	at org.apache.ratis.grpc.client.GrpcClientProtocolService$OrderedRequestStreamObserver.processClientRequest(GrpcClientProtocolService.java:345) [ratis-grpc-0.5.0-201fc85-SNAPSHOT.jar:0.5.0-201fc85-SNAPSHOT]
	at org.apache.ratis.grpc.client.GrpcClientProtocolService$RequestStreamObserver.onNext(GrpcClientProtocolService.java:240) [ratis-grpc-0.5.0-201fc85-SNAPSHOT.jar:0.5.0-201fc85-SNAPSHOT]
	at org.apache.ratis.grpc.client.GrpcClientProtocolService$RequestStreamObserver.onNext(GrpcClientProtocolService.java:168) [ratis-grpc-0.5.0-201fc85-SNAPSHOT.jar:0.5.0-201fc85-SNAPSHOT]
	at org.apache.ratis.thirdparty.io.grpc.stub.ServerCalls$StreamingServerCallHandler$StreamingServerCallListener.onMessage(ServerCalls.java:248) [ratis-thirdparty-misc-0.2.0.jar:0.2.0]
	at org.apache.ratis.thirdparty.io.grpc.internal.ServerCallImpl$ServerStreamListenerImpl.messagesAvailable(ServerCallImpl.java:263) [ratis-thirdparty-misc-0.2.0.jar:0.2.0]
	at org.apache.ratis.thirdparty.io.grpc.internal.ServerImpl$JumpToApplicationThreadServerStreamListener$1MessagesAvailable.runInContext(ServerImpl.java:686) [ratis-thirdparty-misc-0.2.0.jar:0.2.0]
	at org.apache.ratis.thirdparty.io.grpc.internal.ContextRunnable.run(ContextRunnable.java:37) [ratis-thirdparty-misc-0.2.0.jar:0.2.0]
	at org.apache.ratis.thirdparty.io.grpc.internal.SerializingExecutor.run(SerializingExecutor.java:123) [ratis-thirdparty-misc-0.2.0.jar:0.2.0]
	at java.util.concurrent.ThreadPoolExecutor.runWorker(ThreadPoolExecutor.java:1149) [?:1.8.0_212]
	at java.util.concurrent.ThreadPoolExecutor$Worker.run(ThreadPoolExecutor.java:624) [?:1.8.0_212]
	at java.lang.Thread.run(Thread.java:748) [?:1.8.0_212]
06:12:08.485 [grpc-default-executor-7] ERROR DNAudit - user=null | ip=null | op=PUT_BLOCK {blockData=[blockId=conID: 1 locID: 102902628855382029 bcsId: 0,size=650]} | ret=FAILURE
org.apache.hadoop.hdds.scm.container.common.helpers.ContainerNotOpenException: Container 1 in CLOSING state
	at org.apache.hadoop.ozone.container.common.impl.HddsDispatcher.validateContainerCommand(HddsDispatcher.java:434) ~[hadoop-hdds-container-service-0.5.0-SNAPSHOT.jar:?]
	at org.apache.hadoop.ozone.container.common.transport.server.ratis.ContainerStateMachine.startTransaction(ContainerStateMachine.java:319) ~[hadoop-hdds-container-service-0.5.0-SNAPSHOT.jar:?]
	at org.apache.ratis.server.impl.RaftServerImpl.submitClientRequestAsync(RaftServerImpl.java:569) ~[ratis-server-0.5.0-201fc85-SNAPSHOT.jar:0.5.0-201fc85-SNAPSHOT]
	at org.apache.ratis.server.impl.RaftServerProxy.lambda$submitClientRequestAsync$7(RaftServerProxy.java:333) ~[ratis-server-0.5.0-201fc85-SNAPSHOT.jar:0.5.0-201fc85-SNAPSHOT]
	at org.apache.ratis.server.impl.RaftServerProxy.lambda$null$5(RaftServerProxy.java:328) ~[ratis-server-0.5.0-201fc85-SNAPSHOT.jar:0.5.0-201fc85-SNAPSHOT]
	at org.apache.ratis.util.JavaUtils.callAsUnchecked(JavaUtils.java:109) ~[ratis-common-0.5.0-201fc85-SNAPSHOT.jar:0.5.0-201fc85-SNAPSHOT]
	at org.apache.ratis.server.impl.RaftServerProxy.lambda$submitRequest$6(RaftServerProxy.java:328) ~[ratis-server-0.5.0-201fc85-SNAPSHOT.jar:0.5.0-201fc85-SNAPSHOT]
	at java.util.concurrent.CompletableFuture.uniComposeStage(CompletableFuture.java:981) ~[?:1.8.0_212]
	at java.util.concurrent.CompletableFuture.thenCompose(CompletableFuture.java:2124) ~[?:1.8.0_212]
	at org.apache.ratis.server.impl.RaftServerProxy.submitRequest(RaftServerProxy.java:327) ~[ratis-server-0.5.0-201fc85-SNAPSHOT.jar:0.5.0-201fc85-SNAPSHOT]
	at org.apache.ratis.server.impl.RaftServerProxy.submitClientRequestAsync(RaftServerProxy.java:333) ~[ratis-server-0.5.0-201fc85-SNAPSHOT.jar:0.5.0-201fc85-SNAPSHOT]
	at org.apache.ratis.grpc.client.GrpcClientProtocolService$RequestStreamObserver.processClientRequest(GrpcClientProtocolService.java:220) ~[ratis-grpc-0.5.0-201fc85-SNAPSHOT.jar:0.5.0-201fc85-SNAPSHOT]
	at org.apache.ratis.grpc.client.GrpcClientProtocolService$OrderedRequestStreamObserver.processClientRequest(GrpcClientProtocolService.java:326) ~[ratis-grpc-0.5.0-201fc85-SNAPSHOT.jar:0.5.0-201fc85-SNAPSHOT]
	at org.apache.ratis.util.SlidingWindow$Server.processRequestsFromHead(SlidingWindow.java:429) [ratis-common-0.5.0-201fc85-SNAPSHOT.jar:0.5.0-201fc85-SNAPSHOT]
	at org.apache.ratis.util.SlidingWindow$Server.receivedRequest(SlidingWindow.java:421) [ratis-common-0.5.0-201fc85-SNAPSHOT.jar:0.5.0-201fc85-SNAPSHOT]
	at org.apache.ratis.grpc.client.GrpcClientProtocolService$OrderedRequestStreamObserver.processClientRequest(GrpcClientProtocolService.java:345) [ratis-grpc-0.5.0-201fc85-SNAPSHOT.jar:0.5.0-201fc85-SNAPSHOT]
	at org.apache.ratis.grpc.client.GrpcClientProtocolService$RequestStreamObserver.onNext(GrpcClientProtocolService.java:240) [ratis-grpc-0.5.0-201fc85-SNAPSHOT.jar:0.5.0-201fc85-SNAPSHOT]
	at org.apache.ratis.grpc.client.GrpcClientProtocolService$RequestStreamObserver.onNext(GrpcClientProtocolService.java:168) [ratis-grpc-0.5.0-201fc85-SNAPSHOT.jar:0.5.0-201fc85-SNAPSHOT]
	at org.apache.ratis.thirdparty.io.grpc.stub.ServerCalls$StreamingServerCallHandler$StreamingServerCallListener.onMessage(ServerCalls.java:248) [ratis-thirdparty-misc-0.2.0.jar:0.2.0]
	at org.apache.ratis.thirdparty.io.grpc.internal.ServerCallImpl$ServerStreamListenerImpl.messagesAvailable(ServerCallImpl.java:263) [ratis-thirdparty-misc-0.2.0.jar:0.2.0]
	at org.apache.ratis.thirdparty.io.grpc.internal.ServerImpl$JumpToApplicationThreadServerStreamListener$1MessagesAvailable.runInContext(ServerImpl.java:686) [ratis-thirdparty-misc-0.2.0.jar:0.2.0]
	at org.apache.ratis.thirdparty.io.grpc.internal.ContextRunnable.run(ContextRunnable.java:37) [ratis-thirdparty-misc-0.2.0.jar:0.2.0]
	at org.apache.ratis.thirdparty.io.grpc.internal.SerializingExecutor.run(SerializingExecutor.java:123) [ratis-thirdparty-misc-0.2.0.jar:0.2.0]
	at java.util.concurrent.ThreadPoolExecutor.runWorker(ThreadPoolExecutor.java:1149) [?:1.8.0_212]
	at java.util.concurrent.ThreadPoolExecutor$Worker.run(ThreadPoolExecutor.java:624) [?:1.8.0_212]
	at java.lang.Thread.run(Thread.java:748) [?:1.8.0_212]
06:12:08.495 [grpc-default-executor-7] ERROR DNAudit - user=null | ip=null | op=WRITE_CHUNK {blockData=conID: 1 locID: 102902628855382029 bcsId: 14} | ret=FAILURE
org.apache.hadoop.hdds.scm.container.common.helpers.ContainerNotOpenException: Container 1 in CLOSING state
	at org.apache.hadoop.ozone.container.common.impl.HddsDispatcher.validateContainerCommand(HddsDispatcher.java:434) ~[hadoop-hdds-container-service-0.5.0-SNAPSHOT.jar:?]
	at org.apache.hadoop.ozone.container.common.transport.server.ratis.ContainerStateMachine.startTransaction(ContainerStateMachine.java:319) ~[hadoop-hdds-container-service-0.5.0-SNAPSHOT.jar:?]
	at org.apache.ratis.server.impl.RaftServerImpl.submitClientRequestAsync(RaftServerImpl.java:569) ~[ratis-server-0.5.0-201fc85-SNAPSHOT.jar:0.5.0-201fc85-SNAPSHOT]
	at org.apache.ratis.server.impl.RaftServerProxy.lambda$submitClientRequestAsync$7(RaftServerProxy.java:333) ~[ratis-server-0.5.0-201fc85-SNAPSHOT.jar:0.5.0-201fc85-SNAPSHOT]
	at org.apache.ratis.server.impl.RaftServerProxy.lambda$null$5(RaftServerProxy.java:328) ~[ratis-server-0.5.0-201fc85-SNAPSHOT.jar:0.5.0-201fc85-SNAPSHOT]
	at org.apache.ratis.util.JavaUtils.callAsUnchecked(JavaUtils.java:109) ~[ratis-common-0.5.0-201fc85-SNAPSHOT.jar:0.5.0-201fc85-SNAPSHOT]
	at org.apache.ratis.server.impl.RaftServerProxy.lambda$submitRequest$6(RaftServerProxy.java:328) ~[ratis-server-0.5.0-201fc85-SNAPSHOT.jar:0.5.0-201fc85-SNAPSHOT]
	at java.util.concurrent.CompletableFuture.uniComposeStage(CompletableFuture.java:981) ~[?:1.8.0_212]
	at java.util.concurrent.CompletableFuture.thenCompose(CompletableFuture.java:2124) ~[?:1.8.0_212]
	at org.apache.ratis.server.impl.RaftServerProxy.submitRequest(RaftServerProxy.java:327) ~[ratis-server-0.5.0-201fc85-SNAPSHOT.jar:0.5.0-201fc85-SNAPSHOT]
	at org.apache.ratis.server.impl.RaftServerProxy.submitClientRequestAsync(RaftServerProxy.java:333) ~[ratis-server-0.5.0-201fc85-SNAPSHOT.jar:0.5.0-201fc85-SNAPSHOT]
	at org.apache.ratis.grpc.client.GrpcClientProtocolService$RequestStreamObserver.processClientRequest(GrpcClientProtocolService.java:220) ~[ratis-grpc-0.5.0-201fc85-SNAPSHOT.jar:0.5.0-201fc85-SNAPSHOT]
	at org.apache.ratis.grpc.client.GrpcClientProtocolService$OrderedRequestStreamObserver.processClientRequest(GrpcClientProtocolService.java:326) ~[ratis-grpc-0.5.0-201fc85-SNAPSHOT.jar:0.5.0-201fc85-SNAPSHOT]
	at org.apache.ratis.util.SlidingWindow$Server.processRequestsFromHead(SlidingWindow.java:429) [ratis-common-0.5.0-201fc85-SNAPSHOT.jar:0.5.0-201fc85-SNAPSHOT]
	at org.apache.ratis.util.SlidingWindow$Server.receivedRequest(SlidingWindow.java:421) [ratis-common-0.5.0-201fc85-SNAPSHOT.jar:0.5.0-201fc85-SNAPSHOT]
	at org.apache.ratis.grpc.client.GrpcClientProtocolService$OrderedRequestStreamObserver.processClientRequest(GrpcClientProtocolService.java:345) [ratis-grpc-0.5.0-201fc85-SNAPSHOT.jar:0.5.0-201fc85-SNAPSHOT]
	at org.apache.ratis.grpc.client.GrpcClientProtocolService$RequestStreamObserver.onNext(GrpcClientProtocolService.java:240) [ratis-grpc-0.5.0-201fc85-SNAPSHOT.jar:0.5.0-201fc85-SNAPSHOT]
	at org.apache.ratis.grpc.client.GrpcClientProtocolService$RequestStreamObserver.onNext(GrpcClientProtocolService.java:168) [ratis-grpc-0.5.0-201fc85-SNAPSHOT.jar:0.5.0-201fc85-SNAPSHOT]
	at org.apache.ratis.thirdparty.io.grpc.stub.ServerCalls$StreamingServerCallHandler$StreamingServerCallListener.onMessage(ServerCalls.java:248) [ratis-thirdparty-misc-0.2.0.jar:0.2.0]
	at org.apache.ratis.thirdparty.io.grpc.internal.ServerCallImpl$ServerStreamListenerImpl.messagesAvailable(ServerCallImpl.java:263) [ratis-thirdparty-misc-0.2.0.jar:0.2.0]
	at org.apache.ratis.thirdparty.io.grpc.internal.ServerImpl$JumpToApplicationThreadServerStreamListener$1MessagesAvailable.runInContext(ServerImpl.java:686) [ratis-thirdparty-misc-0.2.0.jar:0.2.0]
	at org.apache.ratis.thirdparty.io.grpc.internal.ContextRunnable.run(ContextRunnable.java:37) [ratis-thirdparty-misc-0.2.0.jar:0.2.0]
	at org.apache.ratis.thirdparty.io.grpc.internal.SerializingExecutor.run(SerializingExecutor.java:123) [ratis-thirdparty-misc-0.2.0.jar:0.2.0]
	at java.util.concurrent.ThreadPoolExecutor.runWorker(ThreadPoolExecutor.java:1149) [?:1.8.0_212]
	at java.util.concurrent.ThreadPoolExecutor$Worker.run(ThreadPoolExecutor.java:624) [?:1.8.0_212]
	at java.lang.Thread.run(Thread.java:748) [?:1.8.0_212]
06:12:08.502 [grpc-default-executor-7] ERROR DNAudit - user=null | ip=null | op=WRITE_CHUNK {blockData=conID: 1 locID: 102902628855382029 bcsId: 14} | ret=FAILURE
org.apache.hadoop.hdds.scm.container.common.helpers.ContainerNotOpenException: Container 1 in CLOSING state
	at org.apache.hadoop.ozone.container.common.impl.HddsDispatcher.validateContainerCommand(HddsDispatcher.java:434) ~[hadoop-hdds-container-service-0.5.0-SNAPSHOT.jar:?]
	at org.apache.hadoop.ozone.container.common.transport.server.ratis.ContainerStateMachine.startTransaction(ContainerStateMachine.java:319) ~[hadoop-hdds-container-service-0.5.0-SNAPSHOT.jar:?]
	at org.apache.ratis.server.impl.RaftServerImpl.submitClientRequestAsync(RaftServerImpl.java:569) ~[ratis-server-0.5.0-201fc85-SNAPSHOT.jar:0.5.0-201fc85-SNAPSHOT]
	at org.apache.ratis.server.impl.RaftServerProxy.lambda$submitClientRequestAsync$7(RaftServerProxy.java:333) ~[ratis-server-0.5.0-201fc85-SNAPSHOT.jar:0.5.0-201fc85-SNAPSHOT]
	at org.apache.ratis.server.impl.RaftServerProxy.lambda$null$5(RaftServerProxy.java:328) ~[ratis-server-0.5.0-201fc85-SNAPSHOT.jar:0.5.0-201fc85-SNAPSHOT]
	at org.apache.ratis.util.JavaUtils.callAsUnchecked(JavaUtils.java:109) ~[ratis-common-0.5.0-201fc85-SNAPSHOT.jar:0.5.0-201fc85-SNAPSHOT]
	at org.apache.ratis.server.impl.RaftServerProxy.lambda$submitRequest$6(RaftServerProxy.java:328) ~[ratis-server-0.5.0-201fc85-SNAPSHOT.jar:0.5.0-201fc85-SNAPSHOT]
	at java.util.concurrent.CompletableFuture.uniComposeStage(CompletableFuture.java:981) ~[?:1.8.0_212]
	at java.util.concurrent.CompletableFuture.thenCompose(CompletableFuture.java:2124) ~[?:1.8.0_212]
	at org.apache.ratis.server.impl.RaftServerProxy.submitRequest(RaftServerProxy.java:327) ~[ratis-server-0.5.0-201fc85-SNAPSHOT.jar:0.5.0-201fc85-SNAPSHOT]
	at org.apache.ratis.server.impl.RaftServerProxy.submitClientRequestAsync(RaftServerProxy.java:333) ~[ratis-server-0.5.0-201fc85-SNAPSHOT.jar:0.5.0-201fc85-SNAPSHOT]
	at org.apache.ratis.grpc.client.GrpcClientProtocolService$RequestStreamObserver.processClientRequest(GrpcClientProtocolService.java:220) ~[ratis-grpc-0.5.0-201fc85-SNAPSHOT.jar:0.5.0-201fc85-SNAPSHOT]
	at org.apache.ratis.grpc.client.GrpcClientProtocolService$OrderedRequestStreamObserver.processClientRequest(GrpcClientProtocolService.java:326) ~[ratis-grpc-0.5.0-201fc85-SNAPSHOT.jar:0.5.0-201fc85-SNAPSHOT]
	at org.apache.ratis.util.SlidingWindow$Server.processRequestsFromHead(SlidingWindow.java:429) [ratis-common-0.5.0-201fc85-SNAPSHOT.jar:0.5.0-201fc85-SNAPSHOT]
	at org.apache.ratis.util.SlidingWindow$Server.receivedRequest(SlidingWindow.java:421) [ratis-common-0.5.0-201fc85-SNAPSHOT.jar:0.5.0-201fc85-SNAPSHOT]
	at org.apache.ratis.grpc.client.GrpcClientProtocolService$OrderedRequestStreamObserver.processClientRequest(GrpcClientProtocolService.java:345) [ratis-grpc-0.5.0-201fc85-SNAPSHOT.jar:0.5.0-201fc85-SNAPSHOT]
	at org.apache.ratis.grpc.client.GrpcClientProtocolService$RequestStreamObserver.onNext(GrpcClientProtocolService.java:240) [ratis-grpc-0.5.0-201fc85-SNAPSHOT.jar:0.5.0-201fc85-SNAPSHOT]
	at org.apache.ratis.grpc.client.GrpcClientProtocolService$RequestStreamObserver.onNext(GrpcClientProtocolService.java:168) [ratis-grpc-0.5.0-201fc85-SNAPSHOT.jar:0.5.0-201fc85-SNAPSHOT]
	at org.apache.ratis.thirdparty.io.grpc.stub.ServerCalls$StreamingServerCallHandler$StreamingServerCallListener.onMessage(ServerCalls.java:248) [ratis-thirdparty-misc-0.2.0.jar:0.2.0]
	at org.apache.ratis.thirdparty.io.grpc.internal.ServerCallImpl$ServerStreamListenerImpl.messagesAvailable(ServerCallImpl.java:263) [ratis-thirdparty-misc-0.2.0.jar:0.2.0]
	at org.apache.ratis.thirdparty.io.grpc.internal.ServerImpl$JumpToApplicationThreadServerStreamListener$1MessagesAvailable.runInContext(ServerImpl.java:686) [ratis-thirdparty-misc-0.2.0.jar:0.2.0]
	at org.apache.ratis.thirdparty.io.grpc.internal.ContextRunnable.run(ContextRunnable.java:37) [ratis-thirdparty-misc-0.2.0.jar:0.2.0]
	at org.apache.ratis.thirdparty.io.grpc.internal.SerializingExecutor.run(SerializingExecutor.java:123) [ratis-thirdparty-misc-0.2.0.jar:0.2.0]
	at java.util.concurrent.ThreadPoolExecutor.runWorker(ThreadPoolExecutor.java:1149) [?:1.8.0_212]
	at java.util.concurrent.ThreadPoolExecutor$Worker.run(ThreadPoolExecutor.java:624) [?:1.8.0_212]
	at java.lang.Thread.run(Thread.java:748) [?:1.8.0_212]
06:12:08.515 [grpc-default-executor-7] ERROR DNAudit - user=null | ip=null | op=PUT_BLOCK {blockData=[blockId=conID: 1 locID: 102902628855382029 bcsId: 0,size=800]} | ret=FAILURE
org.apache.hadoop.hdds.scm.container.common.helpers.ContainerNotOpenException: Container 1 in CLOSING state
	at org.apache.hadoop.ozone.container.common.impl.HddsDispatcher.validateContainerCommand(HddsDispatcher.java:434) ~[hadoop-hdds-container-service-0.5.0-SNAPSHOT.jar:?]
	at org.apache.hadoop.ozone.container.common.transport.server.ratis.ContainerStateMachine.startTransaction(ContainerStateMachine.java:319) ~[hadoop-hdds-container-service-0.5.0-SNAPSHOT.jar:?]
	at org.apache.ratis.server.impl.RaftServerImpl.submitClientRequestAsync(RaftServerImpl.java:569) ~[ratis-server-0.5.0-201fc85-SNAPSHOT.jar:0.5.0-201fc85-SNAPSHOT]
	at org.apache.ratis.server.impl.RaftServerProxy.lambda$submitClientRequestAsync$7(RaftServerProxy.java:333) ~[ratis-server-0.5.0-201fc85-SNAPSHOT.jar:0.5.0-201fc85-SNAPSHOT]
	at org.apache.ratis.server.impl.RaftServerProxy.lambda$null$5(RaftServerProxy.java:328) ~[ratis-server-0.5.0-201fc85-SNAPSHOT.jar:0.5.0-201fc85-SNAPSHOT]
	at org.apache.ratis.util.JavaUtils.callAsUnchecked(JavaUtils.java:109) ~[ratis-common-0.5.0-201fc85-SNAPSHOT.jar:0.5.0-201fc85-SNAPSHOT]
	at org.apache.ratis.server.impl.RaftServerProxy.lambda$submitRequest$6(RaftServerProxy.java:328) ~[ratis-server-0.5.0-201fc85-SNAPSHOT.jar:0.5.0-201fc85-SNAPSHOT]
	at java.util.concurrent.CompletableFuture.uniComposeStage(CompletableFuture.java:981) ~[?:1.8.0_212]
	at java.util.concurrent.CompletableFuture.thenCompose(CompletableFuture.java:2124) ~[?:1.8.0_212]
	at org.apache.ratis.server.impl.RaftServerProxy.submitRequest(RaftServerProxy.java:327) ~[ratis-server-0.5.0-201fc85-SNAPSHOT.jar:0.5.0-201fc85-SNAPSHOT]
	at org.apache.ratis.server.impl.RaftServerProxy.submitClientRequestAsync(RaftServerProxy.java:333) ~[ratis-server-0.5.0-201fc85-SNAPSHOT.jar:0.5.0-201fc85-SNAPSHOT]
	at org.apache.ratis.grpc.client.GrpcClientProtocolService$RequestStreamObserver.processClientRequest(GrpcClientProtocolService.java:220) ~[ratis-grpc-0.5.0-201fc85-SNAPSHOT.jar:0.5.0-201fc85-SNAPSHOT]
	at org.apache.ratis.grpc.client.GrpcClientProtocolService$OrderedRequestStreamObserver.processClientRequest(GrpcClientProtocolService.java:326) ~[ratis-grpc-0.5.0-201fc85-SNAPSHOT.jar:0.5.0-201fc85-SNAPSHOT]
	at org.apache.ratis.util.SlidingWindow$Server.processRequestsFromHead(SlidingWindow.java:429) [ratis-common-0.5.0-201fc85-SNAPSHOT.jar:0.5.0-201fc85-SNAPSHOT]
	at org.apache.ratis.util.SlidingWindow$Server.receivedRequest(SlidingWindow.java:421) [ratis-common-0.5.0-201fc85-SNAPSHOT.jar:0.5.0-201fc85-SNAPSHOT]
	at org.apache.ratis.grpc.client.GrpcClientProtocolService$OrderedRequestStreamObserver.processClientRequest(GrpcClientProtocolService.java:345) [ratis-grpc-0.5.0-201fc85-SNAPSHOT.jar:0.5.0-201fc85-SNAPSHOT]
	at org.apache.ratis.grpc.client.GrpcClientProtocolService$RequestStreamObserver.onNext(GrpcClientProtocolService.java:240) [ratis-grpc-0.5.0-201fc85-SNAPSHOT.jar:0.5.0-201fc85-SNAPSHOT]
	at org.apache.ratis.grpc.client.GrpcClientProtocolService$RequestStreamObserver.onNext(GrpcClientProtocolService.java:168) [ratis-grpc-0.5.0-201fc85-SNAPSHOT.jar:0.5.0-201fc85-SNAPSHOT]
	at org.apache.ratis.thirdparty.io.grpc.stub.ServerCalls$StreamingServerCallHandler$StreamingServerCallListener.onMessage(ServerCalls.java:248) [ratis-thirdparty-misc-0.2.0.jar:0.2.0]
	at org.apache.ratis.thirdparty.io.grpc.internal.ServerCallImpl$ServerStreamListenerImpl.messagesAvailable(ServerCallImpl.java:263) [ratis-thirdparty-misc-0.2.0.jar:0.2.0]
	at org.apache.ratis.thirdparty.io.grpc.internal.ServerImpl$JumpToApplicationThreadServerStreamListener$1MessagesAvailable.runInContext(ServerImpl.java:686) [ratis-thirdparty-misc-0.2.0.jar:0.2.0]
	at org.apache.ratis.thirdparty.io.grpc.internal.ContextRunnable.run(ContextRunnable.java:37) [ratis-thirdparty-misc-0.2.0.jar:0.2.0]
	at org.apache.ratis.thirdparty.io.grpc.internal.SerializingExecutor.run(SerializingExecutor.java:123) [ratis-thirdparty-misc-0.2.0.jar:0.2.0]
	at java.util.concurrent.ThreadPoolExecutor.runWorker(ThreadPoolExecutor.java:1149) [?:1.8.0_212]
	at java.util.concurrent.ThreadPoolExecutor$Worker.run(ThreadPoolExecutor.java:624) [?:1.8.0_212]
	at java.lang.Thread.run(Thread.java:748) [?:1.8.0_212]
2019-10-04 06:12:08,925 [main] INFO  ozone.MiniOzoneClusterImpl (MiniOzoneClusterImpl.java:shutdown(314)) - Shutting down the Mini Ozone Cluster
2019-10-04 06:12:08,926 [main] INFO  ozone.MiniOzoneClusterImpl (MiniOzoneClusterImpl.java:stop(330)) - Stopping the Mini Ozone Cluster
2019-10-04 06:12:08,926 [main] INFO  ozone.MiniOzoneClusterImpl (MiniOzoneClusterImpl.java:stopOM(400)) - Stopping the OzoneManager
2019-10-04 06:12:08,926 [main] INFO  ipc.Server (Server.java:stop(3082)) - Stopping server on 43520
2019-10-04 06:12:08,941 [main] INFO  ratis.OzoneManagerDoubleBuffer (OzoneManagerDoubleBuffer.java:stop(248)) - Stopping OMDoubleBuffer flush thread
2019-10-04 06:12:08,949 [IPC Server listener on 43520] INFO  ipc.Server (Server.java:run(1185)) - Stopping IPC Server listener on 43520
2019-10-04 06:12:08,949 [IPC Server Responder] INFO  ipc.Server (Server.java:run(1319)) - Stopping IPC Server Responder
2019-10-04 06:12:08,949 [OMDoubleBufferFlushThread] INFO  ratis.OzoneManagerDoubleBuffer (OzoneManagerDoubleBuffer.java:flushTransactions(191)) - OMDoubleBuffer flush thread OMDoubleBufferFlushThread is interrupted and will exit. OMDoubleBufferFlushThread
2019-10-04 06:12:08,957 [main] INFO  utils.BackgroundService (BackgroundService.java:shutdown(148)) - Shutting down service KeyDeletingService
2019-10-04 06:12:08,958 [main] INFO  handler.ContextHandler (ContextHandler.java:doStop(910)) - Stopped o.e.j.w.WebAppContext@29c53c4f{/,null,UNAVAILABLE}{/ozoneManager}
2019-10-04 06:12:08,959 [main] INFO  server.AbstractConnector (AbstractConnector.java:doStop(318)) - Stopped ServerConnector@3009eed7{HTTP/1.1,[http/1.1]}{0.0.0.0:0}
2019-10-04 06:12:08,959 [main] INFO  handler.ContextHandler (ContextHandler.java:doStop(910)) - Stopped o.e.j.s.ServletContextHandler@234cd86c{/static,file:///workdir/hadoop-ozone/integration-test/target/test-classes/webapps/static,UNAVAILABLE}
2019-10-04 06:12:08,960 [main] INFO  handler.ContextHandler (ContextHandler.java:doStop(910)) - Stopped o.e.j.s.ServletContextHandler@743c3520{/logs,file:///workdir/hadoop-ozone/integration-test/target/log,UNAVAILABLE}
2019-10-04 06:12:08,962 [main] INFO  ozone.MiniOzoneClusterImpl (MiniOzoneClusterImpl.java:stopDatanodes(377)) - Stopping the HddsDatanodes
2019-10-04 06:12:09,235 [Datanode State Machine Thread - 0] INFO  statemachine.DatanodeStateMachine (DatanodeStateMachine.java:lambda$startDaemon$0(350)) - Ozone container server started.
2019-10-04 06:12:09,700 [Datanode State Machine Thread - 0] INFO  statemachine.DatanodeStateMachine (DatanodeStateMachine.java:lambda$startDaemon$0(350)) - Ozone container server started.
2019-10-04 06:12:10,712 [grpc-default-executor-8] WARN  server.GrpcLogAppender (LogUtils.java:warn(134)) - 362ad445-5bb7-42b7-b6c6-45b485604b6f@group-1A9ADFE3EE69->57bd6c27-13f9-4074-b08e-452facc4c933-AppendLogResponseHandler: Failed appendEntries: org.apache.ratis.thirdparty.io.grpc.StatusRuntimeException: UNAVAILABLE: io exception
2019-10-04 06:12:10,712 [grpc-default-executor-8] INFO  impl.FollowerInfo (FollowerInfo.java:lambda$new$0(51)) - 362ad445-5bb7-42b7-b6c6-45b485604b6f@group-1A9ADFE3EE69->57bd6c27-13f9-4074-b08e-452facc4c933: nextIndex: updateUnconditionally 1 -> 0
2019-10-04 06:12:13,214 [grpc-default-executor-5] WARN  server.GrpcLogAppender (LogUtils.java:warn(134)) - 362ad445-5bb7-42b7-b6c6-45b485604b6f@group-1A9ADFE3EE69->57bd6c27-13f9-4074-b08e-452facc4c933-AppendLogResponseHandler: Failed appendEntries: org.apache.ratis.thirdparty.io.grpc.StatusRuntimeException: UNAVAILABLE: io exception
2019-10-04 06:12:13,215 [grpc-default-executor-5] INFO  impl.FollowerInfo (FollowerInfo.java:lambda$new$0(51)) - 362ad445-5bb7-42b7-b6c6-45b485604b6f@group-1A9ADFE3EE69->57bd6c27-13f9-4074-b08e-452facc4c933: nextIndex: updateUnconditionally 0 -> 0
2019-10-04 06:12:13,321 [EventQueue-StaleNodeForStaleNodeHandler] INFO  node.StaleNodeHandler (StaleNodeHandler.java:onMessage(58)) - Datanode 288ed734-8626-4a59-8dff-6a62ea6d04c9{ip: 192.168.151.69, host: trunk-nightly-20191004-lpvmn-70278721, networkLocation: /default-rack, certSerialId: null} moved to stale state. Finalizing its pipelines [PipelineID=b44f4173-dbdf-442e-b87a-2bdf7bd4bd6f]
2019-10-04 06:12:13,321 [EventQueue-StaleNodeForStaleNodeHandler] INFO  pipeline.SCMPipelineManager (SCMPipelineManager.java:finalizeAndDestroyPipeline(315)) - destroying pipeline:Pipeline[ Id: b44f4173-dbdf-442e-b87a-2bdf7bd4bd6f, Nodes: 288ed734-8626-4a59-8dff-6a62ea6d04c9{ip: 192.168.151.69, host: trunk-nightly-20191004-lpvmn-70278721, networkLocation: /default-rack, certSerialId: null}, Type:RATIS, Factor:ONE, State:OPEN]
2019-10-04 06:12:13,321 [EventQueue-StaleNodeForStaleNodeHandler] INFO  pipeline.PipelineStateManager (PipelineStateManager.java:finalizePipeline(123)) - Pipeline Pipeline[ Id: b44f4173-dbdf-442e-b87a-2bdf7bd4bd6f, Nodes: 288ed734-8626-4a59-8dff-6a62ea6d04c9{ip: 192.168.151.69, host: trunk-nightly-20191004-lpvmn-70278721, networkLocation: /default-rack, certSerialId: null}, Type:RATIS, Factor:ONE, State:CLOSED] moved to CLOSED state
2019-10-04 06:12:13,721 [EventQueue-StaleNodeForStaleNodeHandler] INFO  node.StaleNodeHandler (StaleNodeHandler.java:onMessage(58)) - Datanode 74712ee5-c933-4604-9105-8839fcc8eeda{ip: 192.168.151.69, host: trunk-nightly-20191004-lpvmn-70278721, networkLocation: /default-rack, certSerialId: null} moved to stale state. Finalizing its pipelines [PipelineID=9e9a9395-46e5-4bc3-8f08-0d47b154aa78, PipelineID=970e86c5-c7c4-4e16-8b3d-d88369356e99]
2019-10-04 06:12:13,721 [EventQueue-StaleNodeForStaleNodeHandler] INFO  pipeline.SCMPipelineManager (SCMPipelineManager.java:finalizeAndDestroyPipeline(315)) - destroying pipeline:Pipeline[ Id: 9e9a9395-46e5-4bc3-8f08-0d47b154aa78, Nodes: 527a20f0-e30e-4dab-a279-10d7b51e04de{ip: 192.168.151.69, host: trunk-nightly-20191004-lpvmn-70278721, networkLocation: /default-rack, certSerialId: null}bf1ec5b5-3666-4735-9952-1715c6fefd75{ip: 192.168.151.69, host: trunk-nightly-20191004-lpvmn-70278721, networkLocation: /default-rack, certSerialId: null}74712ee5-c933-4604-9105-8839fcc8eeda{ip: 192.168.151.69, host: trunk-nightly-20191004-lpvmn-70278721, networkLocation: /default-rack, certSerialId: null}, Type:RATIS, Factor:THREE, State:OPEN]
2019-10-04 06:12:13,722 [EventQueue-StaleNodeForStaleNodeHandler] INFO  pipeline.PipelineStateManager (PipelineStateManager.java:finalizePipeline(123)) - Pipeline Pipeline[ Id: 9e9a9395-46e5-4bc3-8f08-0d47b154aa78, Nodes: 527a20f0-e30e-4dab-a279-10d7b51e04de{ip: 192.168.151.69, host: trunk-nightly-20191004-lpvmn-70278721, networkLocation: /default-rack, certSerialId: null}bf1ec5b5-3666-4735-9952-1715c6fefd75{ip: 192.168.151.69, host: trunk-nightly-20191004-lpvmn-70278721, networkLocation: /default-rack, certSerialId: null}74712ee5-c933-4604-9105-8839fcc8eeda{ip: 192.168.151.69, host: trunk-nightly-20191004-lpvmn-70278721, networkLocation: /default-rack, certSerialId: null}, Type:RATIS, Factor:THREE, State:CLOSED] moved to CLOSED state
2019-10-04 06:12:13,722 [EventQueue-CloseContainerForCloseContainerEventHandler] INFO  container.CloseContainerEventHandler (CloseContainerEventHandler.java:onMessage(61)) - Close container Event triggered for container : #2
2019-10-04 06:12:13,722 [EventQueue-StaleNodeForStaleNodeHandler] INFO  pipeline.SCMPipelineManager (SCMPipelineManager.java:finalizeAndDestroyPipeline(315)) - destroying pipeline:Pipeline[ Id: 970e86c5-c7c4-4e16-8b3d-d88369356e99, Nodes: 74712ee5-c933-4604-9105-8839fcc8eeda{ip: 192.168.151.69, host: trunk-nightly-20191004-lpvmn-70278721, networkLocation: /default-rack, certSerialId: null}, Type:RATIS, Factor:ONE, State:OPEN]
2019-10-04 06:12:13,727 [EventQueue-StaleNodeForStaleNodeHandler] INFO  pipeline.PipelineStateManager (PipelineStateManager.java:finalizePipeline(123)) - Pipeline Pipeline[ Id: 970e86c5-c7c4-4e16-8b3d-d88369356e99, Nodes: 74712ee5-c933-4604-9105-8839fcc8eeda{ip: 192.168.151.69, host: trunk-nightly-20191004-lpvmn-70278721, networkLocation: /default-rack, certSerialId: null}, Type:RATIS, Factor:ONE, State:CLOSED] moved to CLOSED state
2019-10-04 06:12:13,963 [ForkJoinPool.commonPool-worker-0] INFO  ozoneimpl.OzoneContainer (OzoneContainer.java:stop(231)) - Attempting to stop container services.
2019-10-04 06:12:13,963 [main] INFO  ozoneimpl.OzoneContainer (OzoneContainer.java:stop(231)) - Attempting to stop container services.
2019-10-04 06:12:13,964 [ForkJoinPool.commonPool-worker-0] INFO  impl.RaftServerProxy (RaftServerProxy.java:lambda$close$4(314)) - 74712ee5-c933-4604-9105-8839fcc8eeda: close
2019-10-04 06:12:13,964 [main] INFO  impl.RaftServerProxy (RaftServerProxy.java:lambda$close$4(314)) - 288ed734-8626-4a59-8dff-6a62ea6d04c9: close
2019-10-04 06:12:13,964 [ForkJoinPool.commonPool-worker-0] INFO  impl.RaftServerImpl (RaftServerImpl.java:lambda$shutdown$3(247)) - 74712ee5-c933-4604-9105-8839fcc8eeda@group-0D47B154AA78: shutdown
2019-10-04 06:12:13,964 [main] INFO  impl.RaftServerImpl (RaftServerImpl.java:lambda$shutdown$3(247)) - 288ed734-8626-4a59-8dff-6a62ea6d04c9@group-2BDF7BD4BD6F: shutdown
2019-10-04 06:12:13,964 [ForkJoinPool.commonPool-worker-0] INFO  util.JmxRegister (JmxRegister.java:unregister(73)) - Successfully un-registered JMX Bean with object name Ratis:service=RaftServer,group=group-0D47B154AA78,id=74712ee5-c933-4604-9105-8839fcc8eeda
2019-10-04 06:12:13,965 [main] INFO  util.JmxRegister (JmxRegister.java:unregister(73)) - Successfully un-registered JMX Bean with object name Ratis:service=RaftServer,group=group-2BDF7BD4BD6F,id=288ed734-8626-4a59-8dff-6a62ea6d04c9
2019-10-04 06:12:13,965 [ForkJoinPool.commonPool-worker-0] INFO  impl.RoleInfo (RoleInfo.java:shutdownLeaderState(104)) - 74712ee5-c933-4604-9105-8839fcc8eeda: shutdown LeaderState
2019-10-04 06:12:13,965 [main] INFO  impl.RoleInfo (RoleInfo.java:shutdownLeaderState(104)) - 288ed734-8626-4a59-8dff-6a62ea6d04c9: shutdown LeaderState
2019-10-04 06:12:13,970 [org.apache.ratis.server.impl.LogAppender$AppenderDaemon$$Lambda$507/776777645@314fc288] WARN  server.GrpcLogAppender (GrpcLogAppender.java:mayWait(143)) - 74712ee5-c933-4604-9105-8839fcc8eeda@group-0D47B154AA78->bf1ec5b5-3666-4735-9952-1715c6fefd75-GrpcLogAppender: Wait interrupted by java.lang.InterruptedException
2019-10-04 06:12:13,970 [org.apache.ratis.server.impl.LogAppender$AppenderDaemon$$Lambda$507/776777645@66e53825] WARN  server.GrpcLogAppender (GrpcLogAppender.java:mayWait(143)) - 74712ee5-c933-4604-9105-8839fcc8eeda@group-0D47B154AA78->527a20f0-e30e-4dab-a279-10d7b51e04de-GrpcLogAppender: Wait interrupted by java.lang.InterruptedException
2019-10-04 06:12:13,970 [ForkJoinPool.commonPool-worker-0] INFO  impl.PendingRequests (PendingRequests.java:sendNotLeaderResponses(202)) - 74712ee5-c933-4604-9105-8839fcc8eeda@group-0D47B154AA78-PendingRequests: sendNotLeaderResponses
2019-10-04 06:12:13,971 [grpc-default-executor-5] INFO  server.GrpcServerProtocolService (GrpcServerProtocolService.java:onCompleted(113)) - 527a20f0-e30e-4dab-a279-10d7b51e04de: Completed APPEND_ENTRIES, lastRequest: 74712ee5-c933-4604-9105-8839fcc8eeda->527a20f0-e30e-4dab-a279-10d7b51e04de#22-t2, previous=(t:2, i:15), leaderCommit=15, initializing? false, entries: <empty>
2019-10-04 06:12:13,971 [grpc-default-executor-8] INFO  server.GrpcServerProtocolService (GrpcServerProtocolService.java:onCompleted(113)) - bf1ec5b5-3666-4735-9952-1715c6fefd75: Completed APPEND_ENTRIES, lastRequest: 74712ee5-c933-4604-9105-8839fcc8eeda->bf1ec5b5-3666-4735-9952-1715c6fefd75#22-t2, previous=(t:2, i:15), leaderCommit=15, initializing? false, entries: <empty>
2019-10-04 06:12:13,971 [main] INFO  impl.PendingRequests (PendingRequests.java:sendNotLeaderResponses(202)) - 288ed734-8626-4a59-8dff-6a62ea6d04c9@group-2BDF7BD4BD6F-PendingRequests: sendNotLeaderResponses
2019-10-04 06:12:13,975 [grpc-default-executor-8] INFO  server.GrpcLogAppender (GrpcLogAppender.java:onCompleted(293)) - 74712ee5-c933-4604-9105-8839fcc8eeda@group-0D47B154AA78->527a20f0-e30e-4dab-a279-10d7b51e04de-AppendLogResponseHandler: follower responses appendEntries COMPLETED
2019-10-04 06:12:13,975 [grpc-default-executor-5] INFO  server.GrpcLogAppender (GrpcLogAppender.java:onCompleted(293)) - 74712ee5-c933-4604-9105-8839fcc8eeda@group-0D47B154AA78->bf1ec5b5-3666-4735-9952-1715c6fefd75-AppendLogResponseHandler: follower responses appendEntries COMPLETED
2019-10-04 06:12:13,975 [74712ee5-c933-4604-9105-8839fcc8eeda@group-0D47B154AA78-StateMachineUpdater] INFO  ratis.ContainerStateMachine (ContainerStateMachine.java:takeSnapshot(293)) - group-0D47B154AA78: Taking a snapshot at:(t:2, i:13) file /workdir/hadoop-ozone/integration-test/target/test-dir/MiniOzoneClusterImpl-d4a22fe7-9819-4ee7-a95f-4f3286bed485/datanode-1/data/ratis/9e9a9395-46e5-4bc3-8f08-0d47b154aa78/sm/snapshot.2_13
2019-10-04 06:12:13,975 [ForkJoinPool.commonPool-worker-0] INFO  impl.StateMachineUpdater (StateMachineUpdater.java:stopAndJoin(136)) - 74712ee5-c933-4604-9105-8839fcc8eeda@group-0D47B154AA78-StateMachineUpdater: set stopIndex = 15
2019-10-04 06:12:13,976 [grpc-default-executor-8] INFO  impl.FollowerInfo (FollowerInfo.java:lambda$new$0(51)) - 74712ee5-c933-4604-9105-8839fcc8eeda@group-0D47B154AA78->527a20f0-e30e-4dab-a279-10d7b51e04de: nextIndex: updateUnconditionally 16 -> 15
2019-10-04 06:12:13,975 [main] INFO  impl.StateMachineUpdater (StateMachineUpdater.java:stopAndJoin(136)) - 288ed734-8626-4a59-8dff-6a62ea6d04c9@group-2BDF7BD4BD6F-StateMachineUpdater: set stopIndex = 0
2019-10-04 06:12:13,976 [grpc-default-executor-5] INFO  impl.FollowerInfo (FollowerInfo.java:lambda$new$0(51)) - 74712ee5-c933-4604-9105-8839fcc8eeda@group-0D47B154AA78->bf1ec5b5-3666-4735-9952-1715c6fefd75: nextIndex: updateUnconditionally 16 -> 15
2019-10-04 06:12:13,977 [main] INFO  impl.RaftServerImpl (ServerState.java:close(387)) - 288ed734-8626-4a59-8dff-6a62ea6d04c9@group-2BDF7BD4BD6F: closes. applyIndex: 0
2019-10-04 06:12:13,977 [288ed734-8626-4a59-8dff-6a62ea6d04c9@group-2BDF7BD4BD6F-SegmentedRaftLogWorker] INFO  segmented.SegmentedRaftLogWorker (SegmentedRaftLogWorker.java:run(316)) - 288ed734-8626-4a59-8dff-6a62ea6d04c9@group-2BDF7BD4BD6F-SegmentedRaftLogWorker was interrupted, exiting. There are 0 tasks remaining in the queue.
2019-10-04 06:12:13,988 [main] INFO  segmented.SegmentedRaftLogWorker (SegmentedRaftLogWorker.java:close(224)) - 288ed734-8626-4a59-8dff-6a62ea6d04c9@group-2BDF7BD4BD6F-SegmentedRaftLogWorker close()
2019-10-04 06:12:13,992 [main] INFO  server.GrpcService (GrpcService.java:closeImpl(164)) - 288ed734-8626-4a59-8dff-6a62ea6d04c9: shutdown server with port 36311 now
2019-10-04 06:12:13,992 [74712ee5-c933-4604-9105-8839fcc8eeda@group-0D47B154AA78-StateMachineUpdater] INFO  ratis.ContainerStateMachine (ContainerStateMachine.java:takeSnapshot(304)) - group-0D47B154AA78: Finished taking a snapshot at:(t:2, i:13) file:/workdir/hadoop-ozone/integration-test/target/test-dir/MiniOzoneClusterImpl-d4a22fe7-9819-4ee7-a95f-4f3286bed485/datanode-1/data/ratis/9e9a9395-46e5-4bc3-8f08-0d47b154aa78/sm/snapshot.2_13 time:17
2019-10-04 06:12:13,992 [main] INFO  server.GrpcService (GrpcService.java:closeImpl(172)) - 288ed734-8626-4a59-8dff-6a62ea6d04c9: shutdown server with port 36311 successfully
2019-10-04 06:12:13,993 [74712ee5-c933-4604-9105-8839fcc8eeda@group-0D47B154AA78-StateMachineUpdater] INFO  impl.StateMachineUpdater (StateMachineUpdater.java:takeSnapshot(269)) - 74712ee5-c933-4604-9105-8839fcc8eeda@group-0D47B154AA78-StateMachineUpdater: Took a snapshot at index 13
2019-10-04 06:12:13,993 [74712ee5-c933-4604-9105-8839fcc8eeda@group-0D47B154AA78-StateMachineUpdater] INFO  impl.StateMachineUpdater (StateMachineUpdater.java:lambda$new$0(84)) - 74712ee5-c933-4604-9105-8839fcc8eeda@group-0D47B154AA78-StateMachineUpdater: snapshotIndex: updateIncreasingly -1 -> 13
2019-10-04 06:12:13,993 [74712ee5-c933-4604-9105-8839fcc8eeda@group-0D47B154AA78-StateMachineUpdater] INFO  ratis.ContainerStateMachine (ContainerStateMachine.java:takeSnapshot(293)) - group-0D47B154AA78: Taking a snapshot at:(t:2, i:13) file /workdir/hadoop-ozone/integration-test/target/test-dir/MiniOzoneClusterImpl-d4a22fe7-9819-4ee7-a95f-4f3286bed485/datanode-1/data/ratis/9e9a9395-46e5-4bc3-8f08-0d47b154aa78/sm/snapshot.2_13
2019-10-04 06:12:13,995 [refreshUsed-/workdir/hadoop-ozone/integration-test/target/test-dir/MiniOzoneClusterImpl-d4a22fe7-9819-4ee7-a95f-4f3286bed485/datanode-4/data/containers] WARN  fs.CachingGetSpaceUsed (CachingGetSpaceUsed.java:run(183)) - Thread Interrupted waiting to refresh disk information: sleep interrupted
2019-10-04 06:12:14,006 [74712ee5-c933-4604-9105-8839fcc8eeda@group-0D47B154AA78-StateMachineUpdater] INFO  ratis.ContainerStateMachine (ContainerStateMachine.java:takeSnapshot(304)) - group-0D47B154AA78: Finished taking a snapshot at:(t:2, i:13) file:/workdir/hadoop-ozone/integration-test/target/test-dir/MiniOzoneClusterImpl-d4a22fe7-9819-4ee7-a95f-4f3286bed485/datanode-1/data/ratis/9e9a9395-46e5-4bc3-8f08-0d47b154aa78/sm/snapshot.2_13 time:13
2019-10-04 06:12:14,006 [74712ee5-c933-4604-9105-8839fcc8eeda@group-0D47B154AA78-StateMachineUpdater] INFO  impl.StateMachineUpdater (StateMachineUpdater.java:takeSnapshot(269)) - 74712ee5-c933-4604-9105-8839fcc8eeda@group-0D47B154AA78-StateMachineUpdater: Took a snapshot at index 13
2019-10-04 06:12:14,006 [74712ee5-c933-4604-9105-8839fcc8eeda@group-0D47B154AA78-StateMachineUpdater] INFO  impl.StateMachineUpdater (StateMachineUpdater.java:lambda$new$0(84)) - 74712ee5-c933-4604-9105-8839fcc8eeda@group-0D47B154AA78-StateMachineUpdater: snapshotIndex: updateIncreasingly 13 -> 13
2019-10-04 06:12:14,007 [ForkJoinPool.commonPool-worker-0] INFO  impl.RaftServerImpl (ServerState.java:close(387)) - 74712ee5-c933-4604-9105-8839fcc8eeda@group-0D47B154AA78: closes. applyIndex: 15
2019-10-04 06:12:14,007 [74712ee5-c933-4604-9105-8839fcc8eeda@group-0D47B154AA78-SegmentedRaftLogWorker] INFO  segmented.SegmentedRaftLogWorker (SegmentedRaftLogWorker.java:run(316)) - 74712ee5-c933-4604-9105-8839fcc8eeda@group-0D47B154AA78-SegmentedRaftLogWorker was interrupted, exiting. There are 0 tasks remaining in the queue.
2019-10-04 06:12:14,010 [ForkJoinPool.commonPool-worker-0] INFO  segmented.SegmentedRaftLogWorker (SegmentedRaftLogWorker.java:close(224)) - 74712ee5-c933-4604-9105-8839fcc8eeda@group-0D47B154AA78-SegmentedRaftLogWorker close()
2019-10-04 06:12:14,014 [ForkJoinPool.commonPool-worker-0] INFO  impl.RaftServerImpl (RaftServerImpl.java:lambda$shutdown$3(247)) - 74712ee5-c933-4604-9105-8839fcc8eeda@group-D88369356E99: shutdown
2019-10-04 06:12:14,014 [ForkJoinPool.commonPool-worker-0] INFO  util.JmxRegister (JmxRegister.java:unregister(73)) - Successfully un-registered JMX Bean with object name Ratis:service=RaftServer,group=group-D88369356E99,id=74712ee5-c933-4604-9105-8839fcc8eeda
2019-10-04 06:12:14,014 [ForkJoinPool.commonPool-worker-0] INFO  impl.RoleInfo (RoleInfo.java:shutdownLeaderState(104)) - 74712ee5-c933-4604-9105-8839fcc8eeda: shutdown LeaderState
2019-10-04 06:12:14,015 [ForkJoinPool.commonPool-worker-0] INFO  impl.PendingRequests (PendingRequests.java:sendNotLeaderResponses(202)) - 74712ee5-c933-4604-9105-8839fcc8eeda@group-D88369356E99-PendingRequests: sendNotLeaderResponses
2019-10-04 06:12:14,015 [ForkJoinPool.commonPool-worker-0] INFO  impl.StateMachineUpdater (StateMachineUpdater.java:stopAndJoin(136)) - 74712ee5-c933-4604-9105-8839fcc8eeda@group-D88369356E99-StateMachineUpdater: set stopIndex = 0
2019-10-04 06:12:14,015 [ForkJoinPool.commonPool-worker-0] INFO  impl.RaftServerImpl (ServerState.java:close(387)) - 74712ee5-c933-4604-9105-8839fcc8eeda@group-D88369356E99: closes. applyIndex: 0
2019-10-04 06:12:14,016 [74712ee5-c933-4604-9105-8839fcc8eeda@group-D88369356E99-SegmentedRaftLogWorker] INFO  segmented.SegmentedRaftLogWorker (SegmentedRaftLogWorker.java:run(316)) - 74712ee5-c933-4604-9105-8839fcc8eeda@group-D88369356E99-SegmentedRaftLogWorker was interrupted, exiting. There are 0 tasks remaining in the queue.
2019-10-04 06:12:14,018 [ForkJoinPool.commonPool-worker-0] INFO  segmented.SegmentedRaftLogWorker (SegmentedRaftLogWorker.java:close(224)) - 74712ee5-c933-4604-9105-8839fcc8eeda@group-D88369356E99-SegmentedRaftLogWorker close()
2019-10-04 06:12:14,021 [ForkJoinPool.commonPool-worker-0] INFO  server.GrpcService (GrpcService.java:closeImpl(164)) - 74712ee5-c933-4604-9105-8839fcc8eeda: shutdown server with port 35461 now
2019-10-04 06:12:14,022 [grpc-default-executor-8] WARN  client.GrpcClientProtocolService (LogUtils.java:warn(134)) - 1-UnorderedRequestStreamObserver1: onError: org.apache.ratis.thirdparty.io.grpc.StatusRuntimeException: CANCELLED: cancelled before receiving half close
2019-10-04 06:12:14,022 [ForkJoinPool.commonPool-worker-0] INFO  server.GrpcService (GrpcService.java:closeImpl(172)) - 74712ee5-c933-4604-9105-8839fcc8eeda: shutdown server with port 35461 successfully
2019-10-04 06:12:14,026 [refreshUsed-/workdir/hadoop-ozone/integration-test/target/test-dir/MiniOzoneClusterImpl-d4a22fe7-9819-4ee7-a95f-4f3286bed485/datanode-1/data/containers] WARN  fs.CachingGetSpaceUsed (CachingGetSpaceUsed.java:run(183)) - Thread Interrupted waiting to refresh disk information: sleep interrupted
2019-10-04 06:12:14,027 [main] INFO  utils.BackgroundService (BackgroundService.java:shutdown(148)) - Shutting down service BlockDeletingService
2019-10-04 06:12:14,033 [main] INFO  statemachine.DatanodeStateMachine (DatanodeStateMachine.java:stopDaemon(395)) - Ozone container server stopped.
2019-10-04 06:12:14,044 [ForkJoinPool.commonPool-worker-0] INFO  utils.BackgroundService (BackgroundService.java:shutdown(148)) - Shutting down service BlockDeletingService
2019-10-04 06:12:14,052 [ForkJoinPool.commonPool-worker-0] INFO  statemachine.DatanodeStateMachine (DatanodeStateMachine.java:stopDaemon(395)) - Ozone container server stopped.
2019-10-04 06:12:15,158 [ForkJoinPool.commonPool-worker-0] INFO  handler.ContextHandler (ContextHandler.java:doStop(910)) - Stopped o.e.j.w.WebAppContext@6b063470{/,null,UNAVAILABLE}{/hddsDatanode}
2019-10-04 06:12:15,158 [main] INFO  handler.ContextHandler (ContextHandler.java:doStop(910)) - Stopped o.e.j.w.WebAppContext@4c635edc{/,null,UNAVAILABLE}{/hddsDatanode}
2019-10-04 06:12:15,159 [ForkJoinPool.commonPool-worker-0] INFO  server.AbstractConnector (AbstractConnector.java:doStop(318)) - Stopped ServerConnector@226d5af0{HTTP/1.1,[http/1.1]}{0.0.0.0:0}
2019-10-04 06:12:15,162 [ForkJoinPool.commonPool-worker-0] INFO  handler.ContextHandler (ContextHandler.java:doStop(910)) - Stopped o.e.j.s.ServletContextHandler@55a0f011{/static,jar:file:/home/user/.m2/repository/org/apache/hadoop/hadoop-hdds-container-service/0.5.0-SNAPSHOT/hadoop-hdds-container-service-0.5.0-SNAPSHOT.jar!/webapps/static,UNAVAILABLE}
2019-10-04 06:12:15,165 [ForkJoinPool.commonPool-worker-0] INFO  handler.ContextHandler (ContextHandler.java:doStop(910)) - Stopped o.e.j.s.ServletContextHandler@1c3b6963{/logs,file:///workdir/hadoop-ozone/integration-test/target/log,UNAVAILABLE}
2019-10-04 06:12:15,165 [main] INFO  server.AbstractConnector (AbstractConnector.java:doStop(318)) - Stopped ServerConnector@4245bf68{HTTP/1.1,[http/1.1]}{0.0.0.0:0}
2019-10-04 06:12:15,166 [main] INFO  handler.ContextHandler (ContextHandler.java:doStop(910)) - Stopped o.e.j.s.ServletContextHandler@65600fb3{/static,jar:file:/home/user/.m2/repository/org/apache/hadoop/hadoop-hdds-container-service/0.5.0-SNAPSHOT/hadoop-hdds-container-service-0.5.0-SNAPSHOT.jar!/webapps/static,UNAVAILABLE}
2019-10-04 06:12:15,166 [main] INFO  handler.ContextHandler (ContextHandler.java:doStop(910)) - Stopped o.e.j.s.ServletContextHandler@73e1ecd0{/logs,file:///workdir/hadoop-ozone/integration-test/target/log,UNAVAILABLE}
2019-10-04 06:12:15,702 [Datanode State Machine Thread - 0] INFO  statemachine.DatanodeStateMachine (DatanodeStateMachine.java:lambda$startDaemon$0(350)) - Ozone container server started.
2019-10-04 06:12:15,713 [grpc-default-executor-8] WARN  server.GrpcLogAppender (LogUtils.java:warn(134)) - 362ad445-5bb7-42b7-b6c6-45b485604b6f@group-1A9ADFE3EE69->57bd6c27-13f9-4074-b08e-452facc4c933-AppendLogResponseHandler: Failed appendEntries: org.apache.ratis.thirdparty.io.grpc.StatusRuntimeException: UNAVAILABLE: io exception
2019-10-04 06:12:15,713 [grpc-default-executor-8] INFO  impl.FollowerInfo (FollowerInfo.java:lambda$new$0(51)) - 362ad445-5bb7-42b7-b6c6-45b485604b6f@group-1A9ADFE3EE69->57bd6c27-13f9-4074-b08e-452facc4c933: nextIndex: updateUnconditionally 0 -> 0
2019-10-04 06:12:16,014 [Datanode State Machine Thread - 0] INFO  statemachine.DatanodeStateMachine (DatanodeStateMachine.java:lambda$startDaemon$0(350)) - Ozone container server started.
2019-10-04 06:12:18,217 [grpc-default-executor-8] WARN  server.GrpcLogAppender (LogUtils.java:warn(134)) - 362ad445-5bb7-42b7-b6c6-45b485604b6f@group-1A9ADFE3EE69->57bd6c27-13f9-4074-b08e-452facc4c933-AppendLogResponseHandler: Failed appendEntries: org.apache.ratis.thirdparty.io.grpc.StatusRuntimeException: UNAVAILABLE: io exception
2019-10-04 06:12:18,218 [grpc-default-executor-8] INFO  impl.FollowerInfo (FollowerInfo.java:lambda$new$0(51)) - 362ad445-5bb7-42b7-b6c6-45b485604b6f@group-1A9ADFE3EE69->57bd6c27-13f9-4074-b08e-452facc4c933: nextIndex: updateUnconditionally 0 -> 0
2019-10-04 06:12:19,731 [EventQueue-StaleNodeForStaleNodeHandler] INFO  node.StaleNodeHandler (StaleNodeHandler.java:onMessage(58)) - Datanode 527a20f0-e30e-4dab-a279-10d7b51e04de{ip: 192.168.151.69, host: trunk-nightly-20191004-lpvmn-70278721, networkLocation: /default-rack, certSerialId: null} moved to stale state. Finalizing its pipelines [PipelineID=ee7d1942-48f7-4d22-8704-cb6e165568f0, PipelineID=9e9a9395-46e5-4bc3-8f08-0d47b154aa78]
2019-10-04 06:12:19,733 [EventQueue-StaleNodeForStaleNodeHandler] INFO  pipeline.SCMPipelineManager (SCMPipelineManager.java:finalizeAndDestroyPipeline(315)) - destroying pipeline:Pipeline[ Id: ee7d1942-48f7-4d22-8704-cb6e165568f0, Nodes: 527a20f0-e30e-4dab-a279-10d7b51e04de{ip: 192.168.151.69, host: trunk-nightly-20191004-lpvmn-70278721, networkLocation: /default-rack, certSerialId: null}, Type:RATIS, Factor:ONE, State:OPEN]
2019-10-04 06:12:19,734 [EventQueue-StaleNodeForStaleNodeHandler] INFO  pipeline.PipelineStateManager (PipelineStateManager.java:finalizePipeline(123)) - Pipeline Pipeline[ Id: ee7d1942-48f7-4d22-8704-cb6e165568f0, Nodes: 527a20f0-e30e-4dab-a279-10d7b51e04de{ip: 192.168.151.69, host: trunk-nightly-20191004-lpvmn-70278721, networkLocation: /default-rack, certSerialId: null}, Type:RATIS, Factor:ONE, State:CLOSED] moved to CLOSED state
2019-10-04 06:12:19,734 [EventQueue-StaleNodeForStaleNodeHandler] INFO  pipeline.SCMPipelineManager (SCMPipelineManager.java:finalizeAndDestroyPipeline(315)) - destroying pipeline:Pipeline[ Id: 9e9a9395-46e5-4bc3-8f08-0d47b154aa78, Nodes: 527a20f0-e30e-4dab-a279-10d7b51e04de{ip: 192.168.151.69, host: trunk-nightly-20191004-lpvmn-70278721, networkLocation: /default-rack, certSerialId: null}bf1ec5b5-3666-4735-9952-1715c6fefd75{ip: 192.168.151.69, host: trunk-nightly-20191004-lpvmn-70278721, networkLocation: /default-rack, certSerialId: null}74712ee5-c933-4604-9105-8839fcc8eeda{ip: 192.168.151.69, host: trunk-nightly-20191004-lpvmn-70278721, networkLocation: /default-rack, certSerialId: null}, Type:RATIS, Factor:THREE, State:CLOSED]
2019-10-04 06:12:20,031 [EventQueue-StaleNodeForStaleNodeHandler] INFO  node.StaleNodeHandler (StaleNodeHandler.java:onMessage(58)) - Datanode 362ad445-5bb7-42b7-b6c6-45b485604b6f{ip: 192.168.151.69, host: trunk-nightly-20191004-lpvmn-70278721, networkLocation: /default-rack, certSerialId: null} moved to stale state. Finalizing its pipelines [PipelineID=29a35e2f-a623-4658-a412-1a9adfe3ee69, PipelineID=ad36076a-dd04-404f-a503-4a1b1a25a002]
2019-10-04 06:12:20,032 [EventQueue-StaleNodeForStaleNodeHandler] INFO  pipeline.SCMPipelineManager (SCMPipelineManager.java:finalizeAndDestroyPipeline(315)) - destroying pipeline:Pipeline[ Id: 29a35e2f-a623-4658-a412-1a9adfe3ee69, Nodes: 57bd6c27-13f9-4074-b08e-452facc4c933{ip: 192.168.151.69, host: trunk-nightly-20191004-lpvmn-70278721, networkLocation: /default-rack, certSerialId: null}362ad445-5bb7-42b7-b6c6-45b485604b6f{ip: 192.168.151.69, host: trunk-nightly-20191004-lpvmn-70278721, networkLocation: /default-rack, certSerialId: null}76a33ec4-135c-408f-b380-a95c5228c742{ip: 192.168.151.69, host: trunk-nightly-20191004-lpvmn-70278721, networkLocation: /default-rack, certSerialId: null}, Type:RATIS, Factor:THREE, State:CLOSED]
2019-10-04 06:12:20,032 [EventQueue-StaleNodeForStaleNodeHandler] INFO  pipeline.SCMPipelineManager (SCMPipelineManager.java:finalizeAndDestroyPipeline(315)) - destroying pipeline:Pipeline[ Id: ad36076a-dd04-404f-a503-4a1b1a25a002, Nodes: 362ad445-5bb7-42b7-b6c6-45b485604b6f{ip: 192.168.151.69, host: trunk-nightly-20191004-lpvmn-70278721, networkLocation: /default-rack, certSerialId: null}, Type:RATIS, Factor:ONE, State:OPEN]
2019-10-04 06:12:20,032 [EventQueue-StaleNodeForStaleNodeHandler] INFO  pipeline.PipelineStateManager (PipelineStateManager.java:finalizePipeline(123)) - Pipeline Pipeline[ Id: ad36076a-dd04-404f-a503-4a1b1a25a002, Nodes: 362ad445-5bb7-42b7-b6c6-45b485604b6f{ip: 192.168.151.69, host: trunk-nightly-20191004-lpvmn-70278721, networkLocation: /default-rack, certSerialId: null}, Type:RATIS, Factor:ONE, State:CLOSED] moved to CLOSED state
2019-10-04 06:12:20,167 [ForkJoinPool.commonPool-worker-0] INFO  ozoneimpl.OzoneContainer (OzoneContainer.java:stop(231)) - Attempting to stop container services.
2019-10-04 06:12:20,171 [main] INFO  ozoneimpl.OzoneContainer (OzoneContainer.java:stop(231)) - Attempting to stop container services.
2019-10-04 06:12:20,171 [ForkJoinPool.commonPool-worker-0] INFO  impl.RaftServerProxy (RaftServerProxy.java:lambda$close$4(314)) - 527a20f0-e30e-4dab-a279-10d7b51e04de: close
2019-10-04 06:12:20,171 [main] INFO  impl.RaftServerProxy (RaftServerProxy.java:lambda$close$4(314)) - 362ad445-5bb7-42b7-b6c6-45b485604b6f: close
2019-10-04 06:12:20,172 [main] INFO  impl.RaftServerImpl (RaftServerImpl.java:lambda$shutdown$3(247)) - 362ad445-5bb7-42b7-b6c6-45b485604b6f@group-1A9ADFE3EE69: shutdown
2019-10-04 06:12:20,172 [ForkJoinPool.commonPool-worker-0] INFO  impl.RaftServerImpl (RaftServerImpl.java:lambda$shutdown$3(247)) - 527a20f0-e30e-4dab-a279-10d7b51e04de@group-CB6E165568F0: shutdown
2019-10-04 06:12:20,172 [main] INFO  util.JmxRegister (JmxRegister.java:unregister(73)) - Successfully un-registered JMX Bean with object name Ratis:service=RaftServer,group=group-1A9ADFE3EE69,id=362ad445-5bb7-42b7-b6c6-45b485604b6f
2019-10-04 06:12:20,173 [ForkJoinPool.commonPool-worker-0] INFO  util.JmxRegister (JmxRegister.java:unregister(73)) - Successfully un-registered JMX Bean with object name Ratis:service=RaftServer,group=group-CB6E165568F0,id=527a20f0-e30e-4dab-a279-10d7b51e04de
2019-10-04 06:12:20,173 [main] INFO  impl.RoleInfo (RoleInfo.java:shutdownLeaderState(104)) - 362ad445-5bb7-42b7-b6c6-45b485604b6f: shutdown LeaderState
2019-10-04 06:12:20,173 [ForkJoinPool.commonPool-worker-0] INFO  impl.RoleInfo (RoleInfo.java:shutdownLeaderState(104)) - 527a20f0-e30e-4dab-a279-10d7b51e04de: shutdown LeaderState
2019-10-04 06:12:20,176 [org.apache.ratis.server.impl.LogAppender$AppenderDaemon$$Lambda$507/776777645@5189794d] WARN  server.GrpcLogAppender (GrpcLogAppender.java:mayWait(143)) - 362ad445-5bb7-42b7-b6c6-45b485604b6f@group-1A9ADFE3EE69->76a33ec4-135c-408f-b380-a95c5228c742-GrpcLogAppender: Wait interrupted by java.lang.InterruptedException
2019-10-04 06:12:20,176 [org.apache.ratis.server.impl.LogAppender$AppenderDaemon$$Lambda$507/776777645@7eb85ab5] WARN  server.GrpcLogAppender (GrpcLogAppender.java:mayWait(143)) - 362ad445-5bb7-42b7-b6c6-45b485604b6f@group-1A9ADFE3EE69->57bd6c27-13f9-4074-b08e-452facc4c933-GrpcLogAppender: Wait interrupted by java.lang.InterruptedException
2019-10-04 06:12:20,176 [main] INFO  impl.PendingRequests (PendingRequests.java:sendNotLeaderResponses(202)) - 362ad445-5bb7-42b7-b6c6-45b485604b6f@group-1A9ADFE3EE69-PendingRequests: sendNotLeaderResponses
2019-10-04 06:12:20,176 [ForkJoinPool.commonPool-worker-0] INFO  impl.PendingRequests (PendingRequests.java:sendNotLeaderResponses(202)) - 527a20f0-e30e-4dab-a279-10d7b51e04de@group-CB6E165568F0-PendingRequests: sendNotLeaderResponses
2019-10-04 06:12:20,177 [ForkJoinPool.commonPool-worker-0] INFO  impl.StateMachineUpdater (StateMachineUpdater.java:stopAndJoin(136)) - 527a20f0-e30e-4dab-a279-10d7b51e04de@group-CB6E165568F0-StateMachineUpdater: set stopIndex = 0
2019-10-04 06:12:20,177 [main] INFO  impl.StateMachineUpdater (StateMachineUpdater.java:stopAndJoin(136)) - 362ad445-5bb7-42b7-b6c6-45b485604b6f@group-1A9ADFE3EE69-StateMachineUpdater: set stopIndex = 18
2019-10-04 06:12:20,178 [362ad445-5bb7-42b7-b6c6-45b485604b6f@group-1A9ADFE3EE69-StateMachineUpdater] INFO  ratis.ContainerStateMachine (ContainerStateMachine.java:takeSnapshot(293)) - group-1A9ADFE3EE69: Taking a snapshot at:(t:1, i:14) file /workdir/hadoop-ozone/integration-test/target/test-dir/MiniOzoneClusterImpl-d4a22fe7-9819-4ee7-a95f-4f3286bed485/datanode-3/data/ratis/29a35e2f-a623-4658-a412-1a9adfe3ee69/sm/snapshot.1_14
2019-10-04 06:12:20,178 [ForkJoinPool.commonPool-worker-0] INFO  impl.RaftServerImpl (ServerState.java:close(387)) - 527a20f0-e30e-4dab-a279-10d7b51e04de@group-CB6E165568F0: closes. applyIndex: 0
2019-10-04 06:12:20,179 [527a20f0-e30e-4dab-a279-10d7b51e04de@group-CB6E165568F0-SegmentedRaftLogWorker] INFO  segmented.SegmentedRaftLogWorker (SegmentedRaftLogWorker.java:run(316)) - 527a20f0-e30e-4dab-a279-10d7b51e04de@group-CB6E165568F0-SegmentedRaftLogWorker was interrupted, exiting. There are 0 tasks remaining in the queue.
2019-10-04 06:12:20,182 [ForkJoinPool.commonPool-worker-0] INFO  segmented.SegmentedRaftLogWorker (SegmentedRaftLogWorker.java:close(224)) - 527a20f0-e30e-4dab-a279-10d7b51e04de@group-CB6E165568F0-SegmentedRaftLogWorker close()
2019-10-04 06:12:20,182 [grpc-default-executor-8] INFO  server.GrpcServerProtocolService (GrpcServerProtocolService.java:onCompleted(113)) - 76a33ec4-135c-408f-b380-a95c5228c742: Completed APPEND_ENTRIES, lastRequest: 362ad445-5bb7-42b7-b6c6-45b485604b6f->76a33ec4-135c-408f-b380-a95c5228c742#6-t2, previous=(t:2, i:18), leaderCommit=18, initializing? false, entries: <empty>
2019-10-04 06:12:20,187 [ForkJoinPool.commonPool-worker-0] INFO  impl.RaftServerImpl (RaftServerImpl.java:lambda$shutdown$3(247)) - 527a20f0-e30e-4dab-a279-10d7b51e04de@group-0D47B154AA78: shutdown
2019-10-04 06:12:20,187 [ForkJoinPool.commonPool-worker-0] INFO  util.JmxRegister (JmxRegister.java:unregister(73)) - Successfully un-registered JMX Bean with object name Ratis:service=RaftServer,group=group-0D47B154AA78,id=527a20f0-e30e-4dab-a279-10d7b51e04de
2019-10-04 06:12:20,187 [grpc-default-executor-8] INFO  server.GrpcLogAppender (GrpcLogAppender.java:onCompleted(293)) - 362ad445-5bb7-42b7-b6c6-45b485604b6f@group-1A9ADFE3EE69->76a33ec4-135c-408f-b380-a95c5228c742-AppendLogResponseHandler: follower responses appendEntries COMPLETED
2019-10-04 06:12:20,187 [ForkJoinPool.commonPool-worker-0] INFO  impl.RoleInfo (RoleInfo.java:shutdownFollowerState(121)) - 527a20f0-e30e-4dab-a279-10d7b51e04de: shutdown FollowerState
2019-10-04 06:12:20,188 [ForkJoinPool.commonPool-worker-0] INFO  impl.StateMachineUpdater (StateMachineUpdater.java:stopAndJoin(136)) - 527a20f0-e30e-4dab-a279-10d7b51e04de@group-0D47B154AA78-StateMachineUpdater: set stopIndex = 15
2019-10-04 06:12:20,188 [Thread-3033] INFO  impl.FollowerState (FollowerState.java:run(117)) - 527a20f0-e30e-4dab-a279-10d7b51e04de@group-0D47B154AA78-FollowerState was interrupted: java.lang.InterruptedException: sleep interrupted
2019-10-04 06:12:20,188 [527a20f0-e30e-4dab-a279-10d7b51e04de@group-0D47B154AA78-StateMachineUpdater] INFO  ratis.ContainerStateMachine (ContainerStateMachine.java:takeSnapshot(293)) - group-0D47B154AA78: Taking a snapshot at:(t:2, i:13) file /workdir/hadoop-ozone/integration-test/target/test-dir/MiniOzoneClusterImpl-d4a22fe7-9819-4ee7-a95f-4f3286bed485/datanode-2/data/ratis/9e9a9395-46e5-4bc3-8f08-0d47b154aa78/sm/snapshot.2_13
2019-10-04 06:12:20,189 [grpc-default-executor-8] INFO  impl.FollowerInfo (FollowerInfo.java:lambda$new$0(51)) - 362ad445-5bb7-42b7-b6c6-45b485604b6f@group-1A9ADFE3EE69->76a33ec4-135c-408f-b380-a95c5228c742: nextIndex: updateUnconditionally 19 -> 18
2019-10-04 06:12:20,196 [527a20f0-e30e-4dab-a279-10d7b51e04de@group-0D47B154AA78-StateMachineUpdater] INFO  ratis.ContainerStateMachine (ContainerStateMachine.java:takeSnapshot(304)) - group-0D47B154AA78: Finished taking a snapshot at:(t:2, i:13) file:/workdir/hadoop-ozone/integration-test/target/test-dir/MiniOzoneClusterImpl-d4a22fe7-9819-4ee7-a95f-4f3286bed485/datanode-2/data/ratis/9e9a9395-46e5-4bc3-8f08-0d47b154aa78/sm/snapshot.2_13 time:7
2019-10-04 06:12:20,196 [362ad445-5bb7-42b7-b6c6-45b485604b6f@group-1A9ADFE3EE69-StateMachineUpdater] INFO  ratis.ContainerStateMachine (ContainerStateMachine.java:takeSnapshot(304)) - group-1A9ADFE3EE69: Finished taking a snapshot at:(t:1, i:14) file:/workdir/hadoop-ozone/integration-test/target/test-dir/MiniOzoneClusterImpl-d4a22fe7-9819-4ee7-a95f-4f3286bed485/datanode-3/data/ratis/29a35e2f-a623-4658-a412-1a9adfe3ee69/sm/snapshot.1_14 time:18
2019-10-04 06:12:20,196 [527a20f0-e30e-4dab-a279-10d7b51e04de@group-0D47B154AA78-StateMachineUpdater] INFO  impl.StateMachineUpdater (StateMachineUpdater.java:takeSnapshot(269)) - 527a20f0-e30e-4dab-a279-10d7b51e04de@group-0D47B154AA78-StateMachineUpdater: Took a snapshot at index 13
2019-10-04 06:12:20,196 [362ad445-5bb7-42b7-b6c6-45b485604b6f@group-1A9ADFE3EE69-StateMachineUpdater] INFO  impl.StateMachineUpdater (StateMachineUpdater.java:takeSnapshot(269)) - 362ad445-5bb7-42b7-b6c6-45b485604b6f@group-1A9ADFE3EE69-StateMachineUpdater: Took a snapshot at index 14
2019-10-04 06:12:20,196 [527a20f0-e30e-4dab-a279-10d7b51e04de@group-0D47B154AA78-StateMachineUpdater] INFO  impl.StateMachineUpdater (StateMachineUpdater.java:lambda$new$0(84)) - 527a20f0-e30e-4dab-a279-10d7b51e04de@group-0D47B154AA78-StateMachineUpdater: snapshotIndex: updateIncreasingly -1 -> 13
2019-10-04 06:12:20,196 [362ad445-5bb7-42b7-b6c6-45b485604b6f@group-1A9ADFE3EE69-StateMachineUpdater] INFO  impl.StateMachineUpdater (StateMachineUpdater.java:lambda$new$0(84)) - 362ad445-5bb7-42b7-b6c6-45b485604b6f@group-1A9ADFE3EE69-StateMachineUpdater: snapshotIndex: updateIncreasingly -1 -> 14
2019-10-04 06:12:20,197 [527a20f0-e30e-4dab-a279-10d7b51e04de@group-0D47B154AA78-StateMachineUpdater] INFO  ratis.ContainerStateMachine (ContainerStateMachine.java:takeSnapshot(293)) - group-0D47B154AA78: Taking a snapshot at:(t:2, i:13) file /workdir/hadoop-ozone/integration-test/target/test-dir/MiniOzoneClusterImpl-d4a22fe7-9819-4ee7-a95f-4f3286bed485/datanode-2/data/ratis/9e9a9395-46e5-4bc3-8f08-0d47b154aa78/sm/snapshot.2_13
2019-10-04 06:12:20,197 [362ad445-5bb7-42b7-b6c6-45b485604b6f@group-1A9ADFE3EE69-StateMachineUpdater] INFO  ratis.ContainerStateMachine (ContainerStateMachine.java:takeSnapshot(293)) - group-1A9ADFE3EE69: Taking a snapshot at:(t:1, i:14) file /workdir/hadoop-ozone/integration-test/target/test-dir/MiniOzoneClusterImpl-d4a22fe7-9819-4ee7-a95f-4f3286bed485/datanode-3/data/ratis/29a35e2f-a623-4658-a412-1a9adfe3ee69/sm/snapshot.1_14
2019-10-04 06:12:20,210 [527a20f0-e30e-4dab-a279-10d7b51e04de@group-0D47B154AA78-StateMachineUpdater] INFO  ratis.ContainerStateMachine (ContainerStateMachine.java:takeSnapshot(304)) - group-0D47B154AA78: Finished taking a snapshot at:(t:2, i:13) file:/workdir/hadoop-ozone/integration-test/target/test-dir/MiniOzoneClusterImpl-d4a22fe7-9819-4ee7-a95f-4f3286bed485/datanode-2/data/ratis/9e9a9395-46e5-4bc3-8f08-0d47b154aa78/sm/snapshot.2_13 time:13
2019-10-04 06:12:20,210 [362ad445-5bb7-42b7-b6c6-45b485604b6f@group-1A9ADFE3EE69-StateMachineUpdater] INFO  ratis.ContainerStateMachine (ContainerStateMachine.java:takeSnapshot(304)) - group-1A9ADFE3EE69: Finished taking a snapshot at:(t:1, i:14) file:/workdir/hadoop-ozone/integration-test/target/test-dir/MiniOzoneClusterImpl-d4a22fe7-9819-4ee7-a95f-4f3286bed485/datanode-3/data/ratis/29a35e2f-a623-4658-a412-1a9adfe3ee69/sm/snapshot.1_14 time:13
2019-10-04 06:12:20,210 [527a20f0-e30e-4dab-a279-10d7b51e04de@group-0D47B154AA78-StateMachineUpdater] INFO  impl.StateMachineUpdater (StateMachineUpdater.java:takeSnapshot(269)) - 527a20f0-e30e-4dab-a279-10d7b51e04de@group-0D47B154AA78-StateMachineUpdater: Took a snapshot at index 13
2019-10-04 06:12:20,210 [527a20f0-e30e-4dab-a279-10d7b51e04de@group-0D47B154AA78-StateMachineUpdater] INFO  impl.StateMachineUpdater (StateMachineUpdater.java:lambda$new$0(84)) - 527a20f0-e30e-4dab-a279-10d7b51e04de@group-0D47B154AA78-StateMachineUpdater: snapshotIndex: updateIncreasingly 13 -> 13
2019-10-04 06:12:20,210 [362ad445-5bb7-42b7-b6c6-45b485604b6f@group-1A9ADFE3EE69-StateMachineUpdater] INFO  impl.StateMachineUpdater (StateMachineUpdater.java:takeSnapshot(269)) - 362ad445-5bb7-42b7-b6c6-45b485604b6f@group-1A9ADFE3EE69-StateMachineUpdater: Took a snapshot at index 14
2019-10-04 06:12:20,210 [362ad445-5bb7-42b7-b6c6-45b485604b6f@group-1A9ADFE3EE69-StateMachineUpdater] INFO  impl.StateMachineUpdater (StateMachineUpdater.java:lambda$new$0(84)) - 362ad445-5bb7-42b7-b6c6-45b485604b6f@group-1A9ADFE3EE69-StateMachineUpdater: snapshotIndex: updateIncreasingly 14 -> 14
2019-10-04 06:12:20,210 [ForkJoinPool.commonPool-worker-0] INFO  impl.RaftServerImpl (ServerState.java:close(387)) - 527a20f0-e30e-4dab-a279-10d7b51e04de@group-0D47B154AA78: closes. applyIndex: 15
2019-10-04 06:12:20,210 [main] INFO  impl.RaftServerImpl (ServerState.java:close(387)) - 362ad445-5bb7-42b7-b6c6-45b485604b6f@group-1A9ADFE3EE69: closes. applyIndex: 18
2019-10-04 06:12:20,211 [527a20f0-e30e-4dab-a279-10d7b51e04de@group-0D47B154AA78-SegmentedRaftLogWorker] INFO  segmented.SegmentedRaftLogWorker (SegmentedRaftLogWorker.java:run(316)) - 527a20f0-e30e-4dab-a279-10d7b51e04de@group-0D47B154AA78-SegmentedRaftLogWorker was interrupted, exiting. There are 0 tasks remaining in the queue.
2019-10-04 06:12:20,211 [362ad445-5bb7-42b7-b6c6-45b485604b6f@group-1A9ADFE3EE69-SegmentedRaftLogWorker] INFO  segmented.SegmentedRaftLogWorker (SegmentedRaftLogWorker.java:run(316)) - 362ad445-5bb7-42b7-b6c6-45b485604b6f@group-1A9ADFE3EE69-SegmentedRaftLogWorker was interrupted, exiting. There are 0 tasks remaining in the queue.
2019-10-04 06:12:20,213 [ForkJoinPool.commonPool-worker-0] INFO  segmented.SegmentedRaftLogWorker (SegmentedRaftLogWorker.java:close(224)) - 527a20f0-e30e-4dab-a279-10d7b51e04de@group-0D47B154AA78-SegmentedRaftLogWorker close()
2019-10-04 06:12:20,215 [main] INFO  segmented.SegmentedRaftLogWorker (SegmentedRaftLogWorker.java:close(224)) - 362ad445-5bb7-42b7-b6c6-45b485604b6f@group-1A9ADFE3EE69-SegmentedRaftLogWorker close()
2019-10-04 06:12:20,218 [ForkJoinPool.commonPool-worker-0] INFO  server.GrpcService (GrpcService.java:closeImpl(164)) - 527a20f0-e30e-4dab-a279-10d7b51e04de: shutdown server with port 45574 now
2019-10-04 06:12:20,220 [main] INFO  impl.RaftServerImpl (RaftServerImpl.java:lambda$shutdown$3(247)) - 362ad445-5bb7-42b7-b6c6-45b485604b6f@group-4A1B1A25A002: shutdown
2019-10-04 06:12:20,221 [main] INFO  util.JmxRegister (JmxRegister.java:unregister(73)) - Successfully un-registered JMX Bean with object name Ratis:service=RaftServer,group=group-4A1B1A25A002,id=362ad445-5bb7-42b7-b6c6-45b485604b6f
2019-10-04 06:12:20,221 [ForkJoinPool.commonPool-worker-0] INFO  server.GrpcService (GrpcService.java:closeImpl(172)) - 527a20f0-e30e-4dab-a279-10d7b51e04de: shutdown server with port 45574 successfully
2019-10-04 06:12:20,221 [main] INFO  impl.RoleInfo (RoleInfo.java:shutdownLeaderState(104)) - 362ad445-5bb7-42b7-b6c6-45b485604b6f: shutdown LeaderState
2019-10-04 06:12:20,222 [main] INFO  impl.PendingRequests (PendingRequests.java:sendNotLeaderResponses(202)) - 362ad445-5bb7-42b7-b6c6-45b485604b6f@group-4A1B1A25A002-PendingRequests: sendNotLeaderResponses
2019-10-04 06:12:20,222 [main] INFO  impl.StateMachineUpdater (StateMachineUpdater.java:stopAndJoin(136)) - 362ad445-5bb7-42b7-b6c6-45b485604b6f@group-4A1B1A25A002-StateMachineUpdater: set stopIndex = 0
2019-10-04 06:12:20,223 [main] INFO  impl.RaftServerImpl (ServerState.java:close(387)) - 362ad445-5bb7-42b7-b6c6-45b485604b6f@group-4A1B1A25A002: closes. applyIndex: 0
2019-10-04 06:12:20,224 [362ad445-5bb7-42b7-b6c6-45b485604b6f@group-4A1B1A25A002-SegmentedRaftLogWorker] INFO  segmented.SegmentedRaftLogWorker (SegmentedRaftLogWorker.java:run(316)) - 362ad445-5bb7-42b7-b6c6-45b485604b6f@group-4A1B1A25A002-SegmentedRaftLogWorker was interrupted, exiting. There are 0 tasks remaining in the queue.
2019-10-04 06:12:20,226 [main] INFO  segmented.SegmentedRaftLogWorker (SegmentedRaftLogWorker.java:close(224)) - 362ad445-5bb7-42b7-b6c6-45b485604b6f@group-4A1B1A25A002-SegmentedRaftLogWorker close()
2019-10-04 06:12:20,228 [main] INFO  server.GrpcService (GrpcService.java:closeImpl(164)) - 362ad445-5bb7-42b7-b6c6-45b485604b6f: shutdown server with port 42652 now
2019-10-04 06:12:20,229 [main] INFO  server.GrpcService (GrpcService.java:closeImpl(172)) - 362ad445-5bb7-42b7-b6c6-45b485604b6f: shutdown server with port 42652 successfully
2019-10-04 06:12:20,229 [refreshUsed-/workdir/hadoop-ozone/integration-test/target/test-dir/MiniOzoneClusterImpl-d4a22fe7-9819-4ee7-a95f-4f3286bed485/datanode-2/data/containers] WARN  fs.CachingGetSpaceUsed (CachingGetSpaceUsed.java:run(183)) - Thread Interrupted waiting to refresh disk information: sleep interrupted
2019-10-04 06:12:20,236 [refreshUsed-/workdir/hadoop-ozone/integration-test/target/test-dir/MiniOzoneClusterImpl-d4a22fe7-9819-4ee7-a95f-4f3286bed485/datanode-3/data/containers] WARN  fs.CachingGetSpaceUsed (CachingGetSpaceUsed.java:run(183)) - Thread Interrupted waiting to refresh disk information: sleep interrupted
2019-10-04 06:12:20,257 [ForkJoinPool.commonPool-worker-0] INFO  utils.BackgroundService (BackgroundService.java:shutdown(148)) - Shutting down service BlockDeletingService
2019-10-04 06:12:20,257 [main] INFO  utils.BackgroundService (BackgroundService.java:shutdown(148)) - Shutting down service BlockDeletingService
2019-10-04 06:12:20,262 [ForkJoinPool.commonPool-worker-0] INFO  statemachine.DatanodeStateMachine (DatanodeStateMachine.java:stopDaemon(395)) - Ozone container server stopped.
2019-10-04 06:12:20,263 [main] INFO  statemachine.DatanodeStateMachine (DatanodeStateMachine.java:stopDaemon(395)) - Ozone container server stopped.
2019-10-04 06:12:23,007 [Thread-3034] INFO  impl.FollowerState (FollowerState.java:run(108)) - bf1ec5b5-3666-4735-9952-1715c6fefd75@group-0D47B154AA78-FollowerState: change to CANDIDATE, lastRpcTime:9080ms, electionTimeout:5158ms
2019-10-04 06:12:23,008 [Thread-3034] INFO  impl.RoleInfo (RoleInfo.java:shutdownFollowerState(121)) - bf1ec5b5-3666-4735-9952-1715c6fefd75: shutdown FollowerState
2019-10-04 06:12:23,008 [Thread-3034] INFO  impl.RaftServerImpl (RaftServerImpl.java:setRole(170)) - bf1ec5b5-3666-4735-9952-1715c6fefd75@group-0D47B154AA78: changes role from  FOLLOWER to CANDIDATE at term 2 for changeToCandidate
2019-10-04 06:12:23,009 [Thread-3034] INFO  impl.RoleInfo (RoleInfo.java:updateAndGet(143)) - bf1ec5b5-3666-4735-9952-1715c6fefd75: start LeaderElection
2019-10-04 06:12:23,009 [bf1ec5b5-3666-4735-9952-1715c6fefd75@group-0D47B154AA78-LeaderElection64] INFO  impl.RaftServerImpl (ServerState.java:setLeader(255)) - bf1ec5b5-3666-4735-9952-1715c6fefd75@group-0D47B154AA78: change Leader from 74712ee5-c933-4604-9105-8839fcc8eeda to null at term 2 for initElection
2019-10-04 06:12:23,026 [bf1ec5b5-3666-4735-9952-1715c6fefd75@group-0D47B154AA78-LeaderElection64] INFO  impl.LeaderElection (LeaderElection.java:askForVotes(178)) - bf1ec5b5-3666-4735-9952-1715c6fefd75@group-0D47B154AA78-LeaderElection64: begin an election at term 3 for 0: [bf1ec5b5-3666-4735-9952-1715c6fefd75:192.168.151.69:34880, 527a20f0-e30e-4dab-a279-10d7b51e04de:192.168.151.69:45574, 74712ee5-c933-4604-9105-8839fcc8eeda:192.168.151.69:35461], old=null
2019-10-04 06:12:23,031 [bf1ec5b5-3666-4735-9952-1715c6fefd75@group-0D47B154AA78-LeaderElection64] INFO  impl.LeaderElection (LogUtils.java:infoOrTrace(149)) - bf1ec5b5-3666-4735-9952-1715c6fefd75@group-0D47B154AA78-LeaderElection64 got exception when requesting votes: {}
java.util.concurrent.ExecutionException: org.apache.ratis.thirdparty.io.grpc.StatusRuntimeException: UNAVAILABLE: io exception
	at java.util.concurrent.FutureTask.report(FutureTask.java:122)
	at java.util.concurrent.FutureTask.get(FutureTask.java:192)
	at org.apache.ratis.server.impl.LeaderElection.waitForResults(LeaderElection.java:259)
	at org.apache.ratis.server.impl.LeaderElection.askForVotes(LeaderElection.java:197)
	at org.apache.ratis.server.impl.LeaderElection.run(LeaderElection.java:133)
	at java.lang.Thread.run(Thread.java:748)
Caused by: org.apache.ratis.thirdparty.io.grpc.StatusRuntimeException: UNAVAILABLE: io exception
	at org.apache.ratis.thirdparty.io.grpc.stub.ClientCalls.toStatusRuntimeException(ClientCalls.java:233)
	at org.apache.ratis.thirdparty.io.grpc.stub.ClientCalls.getUnchecked(ClientCalls.java:214)
	at org.apache.ratis.thirdparty.io.grpc.stub.ClientCalls.blockingUnaryCall(ClientCalls.java:139)
	at org.apache.ratis.proto.grpc.RaftServerProtocolServiceGrpc$RaftServerProtocolServiceBlockingStub.requestVote(RaftServerProtocolServiceGrpc.java:265)
	at org.apache.ratis.grpc.server.GrpcServerProtocolClient.requestVote(GrpcServerProtocolClient.java:99)
	at org.apache.ratis.grpc.server.GrpcService.requestVote(GrpcService.java:204)
	at org.apache.ratis.server.impl.LeaderElection.lambda$submitRequests$1(LeaderElection.java:234)
	at java.util.concurrent.FutureTask.run(FutureTask.java:266)
	at java.util.concurrent.Executors$RunnableAdapter.call(Executors.java:511)
	at java.util.concurrent.FutureTask.run(FutureTask.java:266)
	at java.util.concurrent.ThreadPoolExecutor.runWorker(ThreadPoolExecutor.java:1149)
	at java.util.concurrent.ThreadPoolExecutor$Worker.run(ThreadPoolExecutor.java:624)
	... 1 more
Caused by: org.apache.ratis.thirdparty.io.netty.channel.AbstractChannel$AnnotatedConnectException: Connection refused: /192.168.151.69:35461
	at sun.nio.ch.SocketChannelImpl.checkConnect(Native Method)
	at sun.nio.ch.SocketChannelImpl.finishConnect(SocketChannelImpl.java:717)
	at org.apache.ratis.thirdparty.io.netty.channel.socket.nio.NioSocketChannel.doFinishConnect(NioSocketChannel.java:327)
	at org.apache.ratis.thirdparty.io.netty.channel.nio.AbstractNioChannel$AbstractNioUnsafe.finishConnect(AbstractNioChannel.java:340)
	at org.apache.ratis.thirdparty.io.netty.channel.nio.NioEventLoop.processSelectedKey(NioEventLoop.java:632)
	at org.apache.ratis.thirdparty.io.netty.channel.nio.NioEventLoop.processSelectedKeysOptimized(NioEventLoop.java:579)
	at org.apache.ratis.thirdparty.io.netty.channel.nio.NioEventLoop.processSelectedKeys(NioEventLoop.java:496)
	at org.apache.ratis.thirdparty.io.netty.channel.nio.NioEventLoop.run(NioEventLoop.java:458)
	at org.apache.ratis.thirdparty.io.netty.util.concurrent.SingleThreadEventExecutor$5.run(SingleThreadEventExecutor.java:897)
	at org.apache.ratis.thirdparty.io.netty.util.concurrent.FastThreadLocalRunnable.run(FastThreadLocalRunnable.java:30)
	... 1 more
Caused by: java.net.ConnectException: Connection refused
	... 11 more
2019-10-04 06:12:23,038 [bf1ec5b5-3666-4735-9952-1715c6fefd75@group-0D47B154AA78-LeaderElection64] INFO  impl.LeaderElection (LogUtils.java:infoOrTrace(149)) - bf1ec5b5-3666-4735-9952-1715c6fefd75@group-0D47B154AA78-LeaderElection64 got exception when requesting votes: {}
java.util.concurrent.ExecutionException: org.apache.ratis.thirdparty.io.grpc.StatusRuntimeException: UNAVAILABLE: io exception
	at java.util.concurrent.FutureTask.report(FutureTask.java:122)
	at java.util.concurrent.FutureTask.get(FutureTask.java:192)
	at org.apache.ratis.server.impl.LeaderElection.waitForResults(LeaderElection.java:259)
	at org.apache.ratis.server.impl.LeaderElection.askForVotes(LeaderElection.java:197)
	at org.apache.ratis.server.impl.LeaderElection.run(LeaderElection.java:133)
	at java.lang.Thread.run(Thread.java:748)
Caused by: org.apache.ratis.thirdparty.io.grpc.StatusRuntimeException: UNAVAILABLE: io exception
	at org.apache.ratis.thirdparty.io.grpc.stub.ClientCalls.toStatusRuntimeException(ClientCalls.java:233)
	at org.apache.ratis.thirdparty.io.grpc.stub.ClientCalls.getUnchecked(ClientCalls.java:214)
	at org.apache.ratis.thirdparty.io.grpc.stub.ClientCalls.blockingUnaryCall(ClientCalls.java:139)
	at org.apache.ratis.proto.grpc.RaftServerProtocolServiceGrpc$RaftServerProtocolServiceBlockingStub.requestVote(RaftServerProtocolServiceGrpc.java:265)
	at org.apache.ratis.grpc.server.GrpcServerProtocolClient.requestVote(GrpcServerProtocolClient.java:99)
	at org.apache.ratis.grpc.server.GrpcService.requestVote(GrpcService.java:204)
	at org.apache.ratis.server.impl.LeaderElection.lambda$submitRequests$1(LeaderElection.java:234)
	at java.util.concurrent.FutureTask.run(FutureTask.java:266)
	at java.util.concurrent.Executors$RunnableAdapter.call(Executors.java:511)
	at java.util.concurrent.FutureTask.run(FutureTask.java:266)
	at java.util.concurrent.ThreadPoolExecutor.runWorker(ThreadPoolExecutor.java:1149)
	at java.util.concurrent.ThreadPoolExecutor$Worker.run(ThreadPoolExecutor.java:624)
	... 1 more
Caused by: org.apache.ratis.thirdparty.io.netty.channel.AbstractChannel$AnnotatedConnectException: Connection refused: /192.168.151.69:45574
	at sun.nio.ch.SocketChannelImpl.checkConnect(Native Method)
	at sun.nio.ch.SocketChannelImpl.finishConnect(SocketChannelImpl.java:717)
	at org.apache.ratis.thirdparty.io.netty.channel.socket.nio.NioSocketChannel.doFinishConnect(NioSocketChannel.java:327)
	at org.apache.ratis.thirdparty.io.netty.channel.nio.AbstractNioChannel$AbstractNioUnsafe.finishConnect(AbstractNioChannel.java:340)
	at org.apache.ratis.thirdparty.io.netty.channel.nio.NioEventLoop.processSelectedKey(NioEventLoop.java:632)
	at org.apache.ratis.thirdparty.io.netty.channel.nio.NioEventLoop.processSelectedKeysOptimized(NioEventLoop.java:579)
	at org.apache.ratis.thirdparty.io.netty.channel.nio.NioEventLoop.processSelectedKeys(NioEventLoop.java:496)
	at org.apache.ratis.thirdparty.io.netty.channel.nio.NioEventLoop.run(NioEventLoop.java:458)
	at org.apache.ratis.thirdparty.io.netty.util.concurrent.SingleThreadEventExecutor$5.run(SingleThreadEventExecutor.java:897)
	at org.apache.ratis.thirdparty.io.netty.util.concurrent.FastThreadLocalRunnable.run(FastThreadLocalRunnable.java:30)
	... 1 more
Caused by: java.net.ConnectException: Connection refused
	... 11 more
2019-10-04 06:12:23,040 [bf1ec5b5-3666-4735-9952-1715c6fefd75@group-0D47B154AA78-LeaderElection64] INFO  impl.LeaderElection (LeaderElection.java:logAndReturn(56)) - bf1ec5b5-3666-4735-9952-1715c6fefd75@group-0D47B154AA78-LeaderElection64: Election REJECTED; received 0 response(s) [] and 2 exception(s); bf1ec5b5-3666-4735-9952-1715c6fefd75@group-0D47B154AA78:t3, leader=null, voted=bf1ec5b5-3666-4735-9952-1715c6fefd75, raftlog=bf1ec5b5-3666-4735-9952-1715c6fefd75@group-0D47B154AA78-SegmentedRaftLog:OPENED:c15,f15,i15, conf=0: [bf1ec5b5-3666-4735-9952-1715c6fefd75:192.168.151.69:34880, 527a20f0-e30e-4dab-a279-10d7b51e04de:192.168.151.69:45574, 74712ee5-c933-4604-9105-8839fcc8eeda:192.168.151.69:35461], old=null
2019-10-04 06:12:23,040 [bf1ec5b5-3666-4735-9952-1715c6fefd75@group-0D47B154AA78-LeaderElection64] INFO  impl.LeaderElection (LogUtils.java:infoOrTrace(149)) -   Exception 0: {}
java.util.concurrent.ExecutionException: org.apache.ratis.thirdparty.io.grpc.StatusRuntimeException: UNAVAILABLE: io exception
	at java.util.concurrent.FutureTask.report(FutureTask.java:122)
	at java.util.concurrent.FutureTask.get(FutureTask.java:192)
	at org.apache.ratis.server.impl.LeaderElection.waitForResults(LeaderElection.java:259)
	at org.apache.ratis.server.impl.LeaderElection.askForVotes(LeaderElection.java:197)
	at org.apache.ratis.server.impl.LeaderElection.run(LeaderElection.java:133)
	at java.lang.Thread.run(Thread.java:748)
Caused by: org.apache.ratis.thirdparty.io.grpc.StatusRuntimeException: UNAVAILABLE: io exception
	at org.apache.ratis.thirdparty.io.grpc.stub.ClientCalls.toStatusRuntimeException(ClientCalls.java:233)
	at org.apache.ratis.thirdparty.io.grpc.stub.ClientCalls.getUnchecked(ClientCalls.java:214)
	at org.apache.ratis.thirdparty.io.grpc.stub.ClientCalls.blockingUnaryCall(ClientCalls.java:139)
	at org.apache.ratis.proto.grpc.RaftServerProtocolServiceGrpc$RaftServerProtocolServiceBlockingStub.requestVote(RaftServerProtocolServiceGrpc.java:265)
	at org.apache.ratis.grpc.server.GrpcServerProtocolClient.requestVote(GrpcServerProtocolClient.java:99)
	at org.apache.ratis.grpc.server.GrpcService.requestVote(GrpcService.java:204)
	at org.apache.ratis.server.impl.LeaderElection.lambda$submitRequests$1(LeaderElection.java:234)
	at java.util.concurrent.FutureTask.run(FutureTask.java:266)
	at java.util.concurrent.Executors$RunnableAdapter.call(Executors.java:511)
	at java.util.concurrent.FutureTask.run(FutureTask.java:266)
	at java.util.concurrent.ThreadPoolExecutor.runWorker(ThreadPoolExecutor.java:1149)
	at java.util.concurrent.ThreadPoolExecutor$Worker.run(ThreadPoolExecutor.java:624)
	... 1 more
Caused by: org.apache.ratis.thirdparty.io.netty.channel.AbstractChannel$AnnotatedConnectException: Connection refused: /192.168.151.69:35461
	at sun.nio.ch.SocketChannelImpl.checkConnect(Native Method)
	at sun.nio.ch.SocketChannelImpl.finishConnect(SocketChannelImpl.java:717)
	at org.apache.ratis.thirdparty.io.netty.channel.socket.nio.NioSocketChannel.doFinishConnect(NioSocketChannel.java:327)
	at org.apache.ratis.thirdparty.io.netty.channel.nio.AbstractNioChannel$AbstractNioUnsafe.finishConnect(AbstractNioChannel.java:340)
	at org.apache.ratis.thirdparty.io.netty.channel.nio.NioEventLoop.processSelectedKey(NioEventLoop.java:632)
	at org.apache.ratis.thirdparty.io.netty.channel.nio.NioEventLoop.processSelectedKeysOptimized(NioEventLoop.java:579)
	at org.apache.ratis.thirdparty.io.netty.channel.nio.NioEventLoop.processSelectedKeys(NioEventLoop.java:496)
	at org.apache.ratis.thirdparty.io.netty.channel.nio.NioEventLoop.run(NioEventLoop.java:458)
	at org.apache.ratis.thirdparty.io.netty.util.concurrent.SingleThreadEventExecutor$5.run(SingleThreadEventExecutor.java:897)
	at org.apache.ratis.thirdparty.io.netty.util.concurrent.FastThreadLocalRunnable.run(FastThreadLocalRunnable.java:30)
	... 1 more
Caused by: java.net.ConnectException: Connection refused
	... 11 more
2019-10-04 06:12:23,041 [bf1ec5b5-3666-4735-9952-1715c6fefd75@group-0D47B154AA78-LeaderElection64] INFO  impl.LeaderElection (LogUtils.java:infoOrTrace(149)) -   Exception 1: {}
java.util.concurrent.ExecutionException: org.apache.ratis.thirdparty.io.grpc.StatusRuntimeException: UNAVAILABLE: io exception
	at java.util.concurrent.FutureTask.report(FutureTask.java:122)
	at java.util.concurrent.FutureTask.get(FutureTask.java:192)
	at org.apache.ratis.server.impl.LeaderElection.waitForResults(LeaderElection.java:259)
	at org.apache.ratis.server.impl.LeaderElection.askForVotes(LeaderElection.java:197)
	at org.apache.ratis.server.impl.LeaderElection.run(LeaderElection.java:133)
	at java.lang.Thread.run(Thread.java:748)
Caused by: org.apache.ratis.thirdparty.io.grpc.StatusRuntimeException: UNAVAILABLE: io exception
	at org.apache.ratis.thirdparty.io.grpc.stub.ClientCalls.toStatusRuntimeException(ClientCalls.java:233)
	at org.apache.ratis.thirdparty.io.grpc.stub.ClientCalls.getUnchecked(ClientCalls.java:214)
	at org.apache.ratis.thirdparty.io.grpc.stub.ClientCalls.blockingUnaryCall(ClientCalls.java:139)
	at org.apache.ratis.proto.grpc.RaftServerProtocolServiceGrpc$RaftServerProtocolServiceBlockingStub.requestVote(RaftServerProtocolServiceGrpc.java:265)
	at org.apache.ratis.grpc.server.GrpcServerProtocolClient.requestVote(GrpcServerProtocolClient.java:99)
	at org.apache.ratis.grpc.server.GrpcService.requestVote(GrpcService.java:204)
	at org.apache.ratis.server.impl.LeaderElection.lambda$submitRequests$1(LeaderElection.java:234)
	at java.util.concurrent.FutureTask.run(FutureTask.java:266)
	at java.util.concurrent.Executors$RunnableAdapter.call(Executors.java:511)
	at java.util.concurrent.FutureTask.run(FutureTask.java:266)
	at java.util.concurrent.ThreadPoolExecutor.runWorker(ThreadPoolExecutor.java:1149)
	at java.util.concurrent.ThreadPoolExecutor$Worker.run(ThreadPoolExecutor.java:624)
	... 1 more
Caused by: org.apache.ratis.thirdparty.io.netty.channel.AbstractChannel$AnnotatedConnectException: Connection refused: /192.168.151.69:45574
	at sun.nio.ch.SocketChannelImpl.checkConnect(Native Method)
	at sun.nio.ch.SocketChannelImpl.finishConnect(SocketChannelImpl.java:717)
	at org.apache.ratis.thirdparty.io.netty.channel.socket.nio.NioSocketChannel.doFinishConnect(NioSocketChannel.java:327)
	at org.apache.ratis.thirdparty.io.netty.channel.nio.AbstractNioChannel$AbstractNioUnsafe.finishConnect(AbstractNioChannel.java:340)
	at org.apache.ratis.thirdparty.io.netty.channel.nio.NioEventLoop.processSelectedKey(NioEventLoop.java:632)
	at org.apache.ratis.thirdparty.io.netty.channel.nio.NioEventLoop.processSelectedKeysOptimized(NioEventLoop.java:579)
	at org.apache.ratis.thirdparty.io.netty.channel.nio.NioEventLoop.processSelectedKeys(NioEventLoop.java:496)
	at org.apache.ratis.thirdparty.io.netty.channel.nio.NioEventLoop.run(NioEventLoop.java:458)
	at org.apache.ratis.thirdparty.io.netty.util.concurrent.SingleThreadEventExecutor$5.run(SingleThreadEventExecutor.java:897)
	at org.apache.ratis.thirdparty.io.netty.util.concurrent.FastThreadLocalRunnable.run(FastThreadLocalRunnable.java:30)
	... 1 more
Caused by: java.net.ConnectException: Connection refused
	... 11 more
2019-10-04 06:12:23,041 [bf1ec5b5-3666-4735-9952-1715c6fefd75@group-0D47B154AA78-LeaderElection64] INFO  impl.RaftServerImpl (RaftServerImpl.java:setRole(170)) - bf1ec5b5-3666-4735-9952-1715c6fefd75@group-0D47B154AA78: changes role from CANDIDATE to FOLLOWER at term 3 for DISCOVERED_A_NEW_TERM
2019-10-04 06:12:23,041 [bf1ec5b5-3666-4735-9952-1715c6fefd75@group-0D47B154AA78-LeaderElection64] INFO  impl.RoleInfo (RoleInfo.java:shutdownLeaderElection(134)) - bf1ec5b5-3666-4735-9952-1715c6fefd75: shutdown LeaderElection
2019-10-04 06:12:23,042 [bf1ec5b5-3666-4735-9952-1715c6fefd75@group-0D47B154AA78-LeaderElection64] INFO  impl.RoleInfo (RoleInfo.java:updateAndGet(143)) - bf1ec5b5-3666-4735-9952-1715c6fefd75: start FollowerState
2019-10-04 06:12:23,422 [Thread-3087] INFO  impl.FollowerState (FollowerState.java:run(108)) - 76a33ec4-135c-408f-b380-a95c5228c742@group-1A9ADFE3EE69-FollowerState: change to CANDIDATE, lastRpcTime:5214ms, electionTimeout:5027ms
2019-10-04 06:12:23,427 [Thread-3087] INFO  impl.RoleInfo (RoleInfo.java:shutdownFollowerState(121)) - 76a33ec4-135c-408f-b380-a95c5228c742: shutdown FollowerState
2019-10-04 06:12:23,428 [Thread-3087] INFO  impl.RaftServerImpl (RaftServerImpl.java:setRole(170)) - 76a33ec4-135c-408f-b380-a95c5228c742@group-1A9ADFE3EE69: changes role from  FOLLOWER to CANDIDATE at term 2 for changeToCandidate
2019-10-04 06:12:23,428 [Thread-3087] INFO  impl.RoleInfo (RoleInfo.java:updateAndGet(143)) - 76a33ec4-135c-408f-b380-a95c5228c742: start LeaderElection
2019-10-04 06:12:23,428 [76a33ec4-135c-408f-b380-a95c5228c742@group-1A9ADFE3EE69-LeaderElection65] INFO  impl.RaftServerImpl (ServerState.java:setLeader(255)) - 76a33ec4-135c-408f-b380-a95c5228c742@group-1A9ADFE3EE69: change Leader from 362ad445-5bb7-42b7-b6c6-45b485604b6f to null at term 2 for initElection
2019-10-04 06:12:23,443 [76a33ec4-135c-408f-b380-a95c5228c742@group-1A9ADFE3EE69-LeaderElection65] INFO  impl.LeaderElection (LeaderElection.java:askForVotes(178)) - 76a33ec4-135c-408f-b380-a95c5228c742@group-1A9ADFE3EE69-LeaderElection65: begin an election at term 3 for 17: [76a33ec4-135c-408f-b380-a95c5228c742:192.168.151.69:44502, 57bd6c27-13f9-4074-b08e-452facc4c933:192.168.151.69:45376, 362ad445-5bb7-42b7-b6c6-45b485604b6f:192.168.151.69:42652], old=null
2019-10-04 06:12:23,447 [76a33ec4-135c-408f-b380-a95c5228c742@group-1A9ADFE3EE69-LeaderElection65] INFO  impl.LeaderElection (LogUtils.java:infoOrTrace(149)) - 76a33ec4-135c-408f-b380-a95c5228c742@group-1A9ADFE3EE69-LeaderElection65 got exception when requesting votes: {}
java.util.concurrent.ExecutionException: org.apache.ratis.thirdparty.io.grpc.StatusRuntimeException: UNAVAILABLE: io exception
	at java.util.concurrent.FutureTask.report(FutureTask.java:122)
	at java.util.concurrent.FutureTask.get(FutureTask.java:192)
	at org.apache.ratis.server.impl.LeaderElection.waitForResults(LeaderElection.java:259)
	at org.apache.ratis.server.impl.LeaderElection.askForVotes(LeaderElection.java:197)
	at org.apache.ratis.server.impl.LeaderElection.run(LeaderElection.java:133)
	at java.lang.Thread.run(Thread.java:748)
Caused by: org.apache.ratis.thirdparty.io.grpc.StatusRuntimeException: UNAVAILABLE: io exception
	at org.apache.ratis.thirdparty.io.grpc.stub.ClientCalls.toStatusRuntimeException(ClientCalls.java:233)
	at org.apache.ratis.thirdparty.io.grpc.stub.ClientCalls.getUnchecked(ClientCalls.java:214)
	at org.apache.ratis.thirdparty.io.grpc.stub.ClientCalls.blockingUnaryCall(ClientCalls.java:139)
	at org.apache.ratis.proto.grpc.RaftServerProtocolServiceGrpc$RaftServerProtocolServiceBlockingStub.requestVote(RaftServerProtocolServiceGrpc.java:265)
	at org.apache.ratis.grpc.server.GrpcServerProtocolClient.requestVote(GrpcServerProtocolClient.java:99)
	at org.apache.ratis.grpc.server.GrpcService.requestVote(GrpcService.java:204)
	at org.apache.ratis.server.impl.LeaderElection.lambda$submitRequests$1(LeaderElection.java:234)
	at java.util.concurrent.FutureTask.run(FutureTask.java:266)
	at java.util.concurrent.Executors$RunnableAdapter.call(Executors.java:511)
	at java.util.concurrent.FutureTask.run(FutureTask.java:266)
	at java.util.concurrent.ThreadPoolExecutor.runWorker(ThreadPoolExecutor.java:1149)
	at java.util.concurrent.ThreadPoolExecutor$Worker.run(ThreadPoolExecutor.java:624)
	... 1 more
Caused by: org.apache.ratis.thirdparty.io.netty.channel.AbstractChannel$AnnotatedConnectException: Connection refused: /192.168.151.69:42652
	at sun.nio.ch.SocketChannelImpl.checkConnect(Native Method)
	at sun.nio.ch.SocketChannelImpl.finishConnect(SocketChannelImpl.java:717)
	at org.apache.ratis.thirdparty.io.netty.channel.socket.nio.NioSocketChannel.doFinishConnect(NioSocketChannel.java:327)
	at org.apache.ratis.thirdparty.io.netty.channel.nio.AbstractNioChannel$AbstractNioUnsafe.finishConnect(AbstractNioChannel.java:340)
	at org.apache.ratis.thirdparty.io.netty.channel.nio.NioEventLoop.processSelectedKey(NioEventLoop.java:632)
	at org.apache.ratis.thirdparty.io.netty.channel.nio.NioEventLoop.processSelectedKeysOptimized(NioEventLoop.java:579)
	at org.apache.ratis.thirdparty.io.netty.channel.nio.NioEventLoop.processSelectedKeys(NioEventLoop.java:496)
	at org.apache.ratis.thirdparty.io.netty.channel.nio.NioEventLoop.run(NioEventLoop.java:458)
	at org.apache.ratis.thirdparty.io.netty.util.concurrent.SingleThreadEventExecutor$5.run(SingleThreadEventExecutor.java:897)
	at org.apache.ratis.thirdparty.io.netty.util.concurrent.FastThreadLocalRunnable.run(FastThreadLocalRunnable.java:30)
	... 1 more
Caused by: java.net.ConnectException: Connection refused
	... 11 more
2019-10-04 06:12:23,450 [76a33ec4-135c-408f-b380-a95c5228c742@group-1A9ADFE3EE69-LeaderElection65] INFO  impl.LeaderElection (LogUtils.java:infoOrTrace(149)) - 76a33ec4-135c-408f-b380-a95c5228c742@group-1A9ADFE3EE69-LeaderElection65 got exception when requesting votes: {}
java.util.concurrent.ExecutionException: org.apache.ratis.thirdparty.io.grpc.StatusRuntimeException: UNAVAILABLE: io exception
	at java.util.concurrent.FutureTask.report(FutureTask.java:122)
	at java.util.concurrent.FutureTask.get(FutureTask.java:192)
	at org.apache.ratis.server.impl.LeaderElection.waitForResults(LeaderElection.java:259)
	at org.apache.ratis.server.impl.LeaderElection.askForVotes(LeaderElection.java:197)
	at org.apache.ratis.server.impl.LeaderElection.run(LeaderElection.java:133)
	at java.lang.Thread.run(Thread.java:748)
Caused by: org.apache.ratis.thirdparty.io.grpc.StatusRuntimeException: UNAVAILABLE: io exception
	at org.apache.ratis.thirdparty.io.grpc.stub.ClientCalls.toStatusRuntimeException(ClientCalls.java:233)
	at org.apache.ratis.thirdparty.io.grpc.stub.ClientCalls.getUnchecked(ClientCalls.java:214)
	at org.apache.ratis.thirdparty.io.grpc.stub.ClientCalls.blockingUnaryCall(ClientCalls.java:139)
	at org.apache.ratis.proto.grpc.RaftServerProtocolServiceGrpc$RaftServerProtocolServiceBlockingStub.requestVote(RaftServerProtocolServiceGrpc.java:265)
	at org.apache.ratis.grpc.server.GrpcServerProtocolClient.requestVote(GrpcServerProtocolClient.java:99)
	at org.apache.ratis.grpc.server.GrpcService.requestVote(GrpcService.java:204)
	at org.apache.ratis.server.impl.LeaderElection.lambda$submitRequests$1(LeaderElection.java:234)
	at java.util.concurrent.FutureTask.run(FutureTask.java:266)
	at java.util.concurrent.Executors$RunnableAdapter.call(Executors.java:511)
	at java.util.concurrent.FutureTask.run(FutureTask.java:266)
	at java.util.concurrent.ThreadPoolExecutor.runWorker(ThreadPoolExecutor.java:1149)
	at java.util.concurrent.ThreadPoolExecutor$Worker.run(ThreadPoolExecutor.java:624)
	... 1 more
Caused by: org.apache.ratis.thirdparty.io.netty.channel.AbstractChannel$AnnotatedConnectException: Connection refused: /192.168.151.69:45376
	at sun.nio.ch.SocketChannelImpl.checkConnect(Native Method)
	at sun.nio.ch.SocketChannelImpl.finishConnect(SocketChannelImpl.java:717)
	at org.apache.ratis.thirdparty.io.netty.channel.socket.nio.NioSocketChannel.doFinishConnect(NioSocketChannel.java:327)
	at org.apache.ratis.thirdparty.io.netty.channel.nio.AbstractNioChannel$AbstractNioUnsafe.finishConnect(AbstractNioChannel.java:340)
	at org.apache.ratis.thirdparty.io.netty.channel.nio.NioEventLoop.processSelectedKey(NioEventLoop.java:632)
	at org.apache.ratis.thirdparty.io.netty.channel.nio.NioEventLoop.processSelectedKeysOptimized(NioEventLoop.java:579)
	at org.apache.ratis.thirdparty.io.netty.channel.nio.NioEventLoop.processSelectedKeys(NioEventLoop.java:496)
	at org.apache.ratis.thirdparty.io.netty.channel.nio.NioEventLoop.run(NioEventLoop.java:458)
	at org.apache.ratis.thirdparty.io.netty.util.concurrent.SingleThreadEventExecutor$5.run(SingleThreadEventExecutor.java:897)
	at org.apache.ratis.thirdparty.io.netty.util.concurrent.FastThreadLocalRunnable.run(FastThreadLocalRunnable.java:30)
	... 1 more
Caused by: java.net.ConnectException: Connection refused
	... 11 more
2019-10-04 06:12:23,453 [76a33ec4-135c-408f-b380-a95c5228c742@group-1A9ADFE3EE69-LeaderElection65] INFO  impl.LeaderElection (LeaderElection.java:logAndReturn(56)) - 76a33ec4-135c-408f-b380-a95c5228c742@group-1A9ADFE3EE69-LeaderElection65: Election REJECTED; received 0 response(s) [] and 2 exception(s); 76a33ec4-135c-408f-b380-a95c5228c742@group-1A9ADFE3EE69:t3, leader=null, voted=76a33ec4-135c-408f-b380-a95c5228c742, raftlog=76a33ec4-135c-408f-b380-a95c5228c742@group-1A9ADFE3EE69-SegmentedRaftLog:OPENED:c18,f18,i18, conf=17: [76a33ec4-135c-408f-b380-a95c5228c742:192.168.151.69:44502, 57bd6c27-13f9-4074-b08e-452facc4c933:192.168.151.69:45376, 362ad445-5bb7-42b7-b6c6-45b485604b6f:192.168.151.69:42652], old=null
2019-10-04 06:12:23,453 [76a33ec4-135c-408f-b380-a95c5228c742@group-1A9ADFE3EE69-LeaderElection65] INFO  impl.LeaderElection (LogUtils.java:infoOrTrace(149)) -   Exception 0: {}
java.util.concurrent.ExecutionException: org.apache.ratis.thirdparty.io.grpc.StatusRuntimeException: UNAVAILABLE: io exception
	at java.util.concurrent.FutureTask.report(FutureTask.java:122)
	at java.util.concurrent.FutureTask.get(FutureTask.java:192)
	at org.apache.ratis.server.impl.LeaderElection.waitForResults(LeaderElection.java:259)
	at org.apache.ratis.server.impl.LeaderElection.askForVotes(LeaderElection.java:197)
	at org.apache.ratis.server.impl.LeaderElection.run(LeaderElection.java:133)
	at java.lang.Thread.run(Thread.java:748)
Caused by: org.apache.ratis.thirdparty.io.grpc.StatusRuntimeException: UNAVAILABLE: io exception
	at org.apache.ratis.thirdparty.io.grpc.stub.ClientCalls.toStatusRuntimeException(ClientCalls.java:233)
	at org.apache.ratis.thirdparty.io.grpc.stub.ClientCalls.getUnchecked(ClientCalls.java:214)
	at org.apache.ratis.thirdparty.io.grpc.stub.ClientCalls.blockingUnaryCall(ClientCalls.java:139)
	at org.apache.ratis.proto.grpc.RaftServerProtocolServiceGrpc$RaftServerProtocolServiceBlockingStub.requestVote(RaftServerProtocolServiceGrpc.java:265)
	at org.apache.ratis.grpc.server.GrpcServerProtocolClient.requestVote(GrpcServerProtocolClient.java:99)
	at org.apache.ratis.grpc.server.GrpcService.requestVote(GrpcService.java:204)
	at org.apache.ratis.server.impl.LeaderElection.lambda$submitRequests$1(LeaderElection.java:234)
	at java.util.concurrent.FutureTask.run(FutureTask.java:266)
	at java.util.concurrent.Executors$RunnableAdapter.call(Executors.java:511)
	at java.util.concurrent.FutureTask.run(FutureTask.java:266)
	at java.util.concurrent.ThreadPoolExecutor.runWorker(ThreadPoolExecutor.java:1149)
	at java.util.concurrent.ThreadPoolExecutor$Worker.run(ThreadPoolExecutor.java:624)
	... 1 more
Caused by: org.apache.ratis.thirdparty.io.netty.channel.AbstractChannel$AnnotatedConnectException: Connection refused: /192.168.151.69:42652
	at sun.nio.ch.SocketChannelImpl.checkConnect(Native Method)
	at sun.nio.ch.SocketChannelImpl.finishConnect(SocketChannelImpl.java:717)
	at org.apache.ratis.thirdparty.io.netty.channel.socket.nio.NioSocketChannel.doFinishConnect(NioSocketChannel.java:327)
	at org.apache.ratis.thirdparty.io.netty.channel.nio.AbstractNioChannel$AbstractNioUnsafe.finishConnect(AbstractNioChannel.java:340)
	at org.apache.ratis.thirdparty.io.netty.channel.nio.NioEventLoop.processSelectedKey(NioEventLoop.java:632)
	at org.apache.ratis.thirdparty.io.netty.channel.nio.NioEventLoop.processSelectedKeysOptimized(NioEventLoop.java:579)
	at org.apache.ratis.thirdparty.io.netty.channel.nio.NioEventLoop.processSelectedKeys(NioEventLoop.java:496)
	at org.apache.ratis.thirdparty.io.netty.channel.nio.NioEventLoop.run(NioEventLoop.java:458)
	at org.apache.ratis.thirdparty.io.netty.util.concurrent.SingleThreadEventExecutor$5.run(SingleThreadEventExecutor.java:897)
	at org.apache.ratis.thirdparty.io.netty.util.concurrent.FastThreadLocalRunnable.run(FastThreadLocalRunnable.java:30)
	... 1 more
Caused by: java.net.ConnectException: Connection refused
	... 11 more
2019-10-04 06:12:23,453 [76a33ec4-135c-408f-b380-a95c5228c742@group-1A9ADFE3EE69-LeaderElection65] INFO  impl.LeaderElection (LogUtils.java:infoOrTrace(149)) -   Exception 1: {}
java.util.concurrent.ExecutionException: org.apache.ratis.thirdparty.io.grpc.StatusRuntimeException: UNAVAILABLE: io exception
	at java.util.concurrent.FutureTask.report(FutureTask.java:122)
	at java.util.concurrent.FutureTask.get(FutureTask.java:192)
	at org.apache.ratis.server.impl.LeaderElection.waitForResults(LeaderElection.java:259)
	at org.apache.ratis.server.impl.LeaderElection.askForVotes(LeaderElection.java:197)
	at org.apache.ratis.server.impl.LeaderElection.run(LeaderElection.java:133)
	at java.lang.Thread.run(Thread.java:748)
Caused by: org.apache.ratis.thirdparty.io.grpc.StatusRuntimeException: UNAVAILABLE: io exception
	at org.apache.ratis.thirdparty.io.grpc.stub.ClientCalls.toStatusRuntimeException(ClientCalls.java:233)
	at org.apache.ratis.thirdparty.io.grpc.stub.ClientCalls.getUnchecked(ClientCalls.java:214)
	at org.apache.ratis.thirdparty.io.grpc.stub.ClientCalls.blockingUnaryCall(ClientCalls.java:139)
	at org.apache.ratis.proto.grpc.RaftServerProtocolServiceGrpc$RaftServerProtocolServiceBlockingStub.requestVote(RaftServerProtocolServiceGrpc.java:265)
	at org.apache.ratis.grpc.server.GrpcServerProtocolClient.requestVote(GrpcServerProtocolClient.java:99)
	at org.apache.ratis.grpc.server.GrpcService.requestVote(GrpcService.java:204)
	at org.apache.ratis.server.impl.LeaderElection.lambda$submitRequests$1(LeaderElection.java:234)
	at java.util.concurrent.FutureTask.run(FutureTask.java:266)
	at java.util.concurrent.Executors$RunnableAdapter.call(Executors.java:511)
	at java.util.concurrent.FutureTask.run(FutureTask.java:266)
	at java.util.concurrent.ThreadPoolExecutor.runWorker(ThreadPoolExecutor.java:1149)
	at java.util.concurrent.ThreadPoolExecutor$Worker.run(ThreadPoolExecutor.java:624)
	... 1 more
Caused by: org.apache.ratis.thirdparty.io.netty.channel.AbstractChannel$AnnotatedConnectException: Connection refused: /192.168.151.69:45376
	at sun.nio.ch.SocketChannelImpl.checkConnect(Native Method)
	at sun.nio.ch.SocketChannelImpl.finishConnect(SocketChannelImpl.java:717)
	at org.apache.ratis.thirdparty.io.netty.channel.socket.nio.NioSocketChannel.doFinishConnect(NioSocketChannel.java:327)
	at org.apache.ratis.thirdparty.io.netty.channel.nio.AbstractNioChannel$AbstractNioUnsafe.finishConnect(AbstractNioChannel.java:340)
	at org.apache.ratis.thirdparty.io.netty.channel.nio.NioEventLoop.processSelectedKey(NioEventLoop.java:632)
	at org.apache.ratis.thirdparty.io.netty.channel.nio.NioEventLoop.processSelectedKeysOptimized(NioEventLoop.java:579)
	at org.apache.ratis.thirdparty.io.netty.channel.nio.NioEventLoop.processSelectedKeys(NioEventLoop.java:496)
	at org.apache.ratis.thirdparty.io.netty.channel.nio.NioEventLoop.run(NioEventLoop.java:458)
	at org.apache.ratis.thirdparty.io.netty.util.concurrent.SingleThreadEventExecutor$5.run(SingleThreadEventExecutor.java:897)
	at org.apache.ratis.thirdparty.io.netty.util.concurrent.FastThreadLocalRunnable.run(FastThreadLocalRunnable.java:30)
	... 1 more
Caused by: java.net.ConnectException: Connection refused
	... 11 more
2019-10-04 06:12:23,453 [76a33ec4-135c-408f-b380-a95c5228c742@group-1A9ADFE3EE69-LeaderElection65] INFO  impl.RaftServerImpl (RaftServerImpl.java:setRole(170)) - 76a33ec4-135c-408f-b380-a95c5228c742@group-1A9ADFE3EE69: changes role from CANDIDATE to FOLLOWER at term 3 for DISCOVERED_A_NEW_TERM
2019-10-04 06:12:23,453 [76a33ec4-135c-408f-b380-a95c5228c742@group-1A9ADFE3EE69-LeaderElection65] INFO  impl.RoleInfo (RoleInfo.java:shutdownLeaderElection(134)) - 76a33ec4-135c-408f-b380-a95c5228c742: shutdown LeaderElection
2019-10-04 06:12:23,453 [76a33ec4-135c-408f-b380-a95c5228c742@group-1A9ADFE3EE69-LeaderElection65] INFO  impl.RoleInfo (RoleInfo.java:updateAndGet(143)) - 76a33ec4-135c-408f-b380-a95c5228c742: start FollowerState
2019-10-04 06:12:27,617 [ForkJoinPool.commonPool-worker-0] INFO  handler.ContextHandler (ContextHandler.java:doStop(910)) - Stopped o.e.j.w.WebAppContext@6cc48a17{/,null,UNAVAILABLE}{/hddsDatanode}
2019-10-04 06:12:27,617 [main] INFO  handler.ContextHandler (ContextHandler.java:doStop(910)) - Stopped o.e.j.w.WebAppContext@621f23ac{/,null,UNAVAILABLE}{/hddsDatanode}
2019-10-04 06:12:27,623 [ForkJoinPool.commonPool-worker-0] INFO  server.AbstractConnector (AbstractConnector.java:doStop(318)) - Stopped ServerConnector@289f15e9{HTTP/1.1,[http/1.1]}{0.0.0.0:0}
2019-10-04 06:12:27,623 [main] INFO  server.AbstractConnector (AbstractConnector.java:doStop(318)) - Stopped ServerConnector@7761e342{HTTP/1.1,[http/1.1]}{0.0.0.0:0}
2019-10-04 06:12:27,629 [ForkJoinPool.commonPool-worker-0] INFO  handler.ContextHandler (ContextHandler.java:doStop(910)) - Stopped o.e.j.s.ServletContextHandler@9b367c8{/static,jar:file:/home/user/.m2/repository/org/apache/hadoop/hadoop-hdds-container-service/0.5.0-SNAPSHOT/hadoop-hdds-container-service-0.5.0-SNAPSHOT.jar!/webapps/static,UNAVAILABLE}
2019-10-04 06:12:27,629 [main] INFO  handler.ContextHandler (ContextHandler.java:doStop(910)) - Stopped o.e.j.s.ServletContextHandler@5864e8bf{/static,jar:file:/home/user/.m2/repository/org/apache/hadoop/hadoop-hdds-container-service/0.5.0-SNAPSHOT/hadoop-hdds-container-service-0.5.0-SNAPSHOT.jar!/webapps/static,UNAVAILABLE}
2019-10-04 06:12:27,631 [ForkJoinPool.commonPool-worker-0] INFO  handler.ContextHandler (ContextHandler.java:doStop(910)) - Stopped o.e.j.s.ServletContextHandler@256589a1{/logs,file:///workdir/hadoop-ozone/integration-test/target/log,UNAVAILABLE}
2019-10-04 06:12:27,631 [main] INFO  handler.ContextHandler (ContextHandler.java:doStop(910)) - Stopped o.e.j.s.ServletContextHandler@2ab09943{/logs,file:///workdir/hadoop-ozone/integration-test/target/log,UNAVAILABLE}
2019-10-04 06:12:27,716 [Datanode State Machine Thread - 0] INFO  statemachine.DatanodeStateMachine (DatanodeStateMachine.java:lambda$startDaemon$0(350)) - Ozone container server started.
2019-10-04 06:12:28,012 [Datanode State Machine Thread - 0] INFO  statemachine.DatanodeStateMachine (DatanodeStateMachine.java:lambda$startDaemon$0(350)) - Ozone container server started.
2019-10-04 06:12:28,236 [Thread-3166] INFO  impl.FollowerState (FollowerState.java:run(108)) - bf1ec5b5-3666-4735-9952-1715c6fefd75@group-0D47B154AA78-FollowerState: change to CANDIDATE, lastRpcTime:5193ms, electionTimeout:5193ms
2019-10-04 06:12:28,237 [Thread-3166] INFO  impl.RoleInfo (RoleInfo.java:shutdownFollowerState(121)) - bf1ec5b5-3666-4735-9952-1715c6fefd75: shutdown FollowerState
2019-10-04 06:12:28,237 [Thread-3166] INFO  impl.RaftServerImpl (RaftServerImpl.java:setRole(170)) - bf1ec5b5-3666-4735-9952-1715c6fefd75@group-0D47B154AA78: changes role from  FOLLOWER to CANDIDATE at term 3 for changeToCandidate
2019-10-04 06:12:28,238 [Thread-3166] INFO  impl.RoleInfo (RoleInfo.java:updateAndGet(143)) - bf1ec5b5-3666-4735-9952-1715c6fefd75: start LeaderElection
2019-10-04 06:12:28,257 [bf1ec5b5-3666-4735-9952-1715c6fefd75@group-0D47B154AA78-LeaderElection66] INFO  impl.LeaderElection (LeaderElection.java:askForVotes(178)) - bf1ec5b5-3666-4735-9952-1715c6fefd75@group-0D47B154AA78-LeaderElection66: begin an election at term 4 for 0: [bf1ec5b5-3666-4735-9952-1715c6fefd75:192.168.151.69:34880, 527a20f0-e30e-4dab-a279-10d7b51e04de:192.168.151.69:45574, 74712ee5-c933-4604-9105-8839fcc8eeda:192.168.151.69:35461], old=null
2019-10-04 06:12:28,261 [bf1ec5b5-3666-4735-9952-1715c6fefd75@group-0D47B154AA78-LeaderElection66] INFO  impl.LeaderElection (LogUtils.java:infoOrTrace(149)) - bf1ec5b5-3666-4735-9952-1715c6fefd75@group-0D47B154AA78-LeaderElection66 got exception when requesting votes: {}
java.util.concurrent.ExecutionException: org.apache.ratis.thirdparty.io.grpc.StatusRuntimeException: UNAVAILABLE: io exception
	at java.util.concurrent.FutureTask.report(FutureTask.java:122)
	at java.util.concurrent.FutureTask.get(FutureTask.java:192)
	at org.apache.ratis.server.impl.LeaderElection.waitForResults(LeaderElection.java:259)
	at org.apache.ratis.server.impl.LeaderElection.askForVotes(LeaderElection.java:197)
	at org.apache.ratis.server.impl.LeaderElection.run(LeaderElection.java:133)
	at java.lang.Thread.run(Thread.java:748)
Caused by: org.apache.ratis.thirdparty.io.grpc.StatusRuntimeException: UNAVAILABLE: io exception
	at org.apache.ratis.thirdparty.io.grpc.stub.ClientCalls.toStatusRuntimeException(ClientCalls.java:233)
	at org.apache.ratis.thirdparty.io.grpc.stub.ClientCalls.getUnchecked(ClientCalls.java:214)
	at org.apache.ratis.thirdparty.io.grpc.stub.ClientCalls.blockingUnaryCall(ClientCalls.java:139)
	at org.apache.ratis.proto.grpc.RaftServerProtocolServiceGrpc$RaftServerProtocolServiceBlockingStub.requestVote(RaftServerProtocolServiceGrpc.java:265)
	at org.apache.ratis.grpc.server.GrpcServerProtocolClient.requestVote(GrpcServerProtocolClient.java:99)
	at org.apache.ratis.grpc.server.GrpcService.requestVote(GrpcService.java:204)
	at org.apache.ratis.server.impl.LeaderElection.lambda$submitRequests$1(LeaderElection.java:234)
	at java.util.concurrent.FutureTask.run(FutureTask.java:266)
	at java.util.concurrent.Executors$RunnableAdapter.call(Executors.java:511)
	at java.util.concurrent.FutureTask.run(FutureTask.java:266)
	at java.util.concurrent.ThreadPoolExecutor.runWorker(ThreadPoolExecutor.java:1149)
	at java.util.concurrent.ThreadPoolExecutor$Worker.run(ThreadPoolExecutor.java:624)
	... 1 more
Caused by: org.apache.ratis.thirdparty.io.netty.channel.AbstractChannel$AnnotatedConnectException: Connection refused: /192.168.151.69:45574
	at sun.nio.ch.SocketChannelImpl.checkConnect(Native Method)
	at sun.nio.ch.SocketChannelImpl.finishConnect(SocketChannelImpl.java:717)
	at org.apache.ratis.thirdparty.io.netty.channel.socket.nio.NioSocketChannel.doFinishConnect(NioSocketChannel.java:327)
	at org.apache.ratis.thirdparty.io.netty.channel.nio.AbstractNioChannel$AbstractNioUnsafe.finishConnect(AbstractNioChannel.java:340)
	at org.apache.ratis.thirdparty.io.netty.channel.nio.NioEventLoop.processSelectedKey(NioEventLoop.java:632)
	at org.apache.ratis.thirdparty.io.netty.channel.nio.NioEventLoop.processSelectedKeysOptimized(NioEventLoop.java:579)
	at org.apache.ratis.thirdparty.io.netty.channel.nio.NioEventLoop.processSelectedKeys(NioEventLoop.java:496)
	at org.apache.ratis.thirdparty.io.netty.channel.nio.NioEventLoop.run(NioEventLoop.java:458)
	at org.apache.ratis.thirdparty.io.netty.util.concurrent.SingleThreadEventExecutor$5.run(SingleThreadEventExecutor.java:897)
	at org.apache.ratis.thirdparty.io.netty.util.concurrent.FastThreadLocalRunnable.run(FastThreadLocalRunnable.java:30)
	... 1 more
Caused by: java.net.ConnectException: Connection refused
	... 11 more
2019-10-04 06:12:28,264 [bf1ec5b5-3666-4735-9952-1715c6fefd75@group-0D47B154AA78-LeaderElection66] INFO  impl.LeaderElection (LogUtils.java:infoOrTrace(149)) - bf1ec5b5-3666-4735-9952-1715c6fefd75@group-0D47B154AA78-LeaderElection66 got exception when requesting votes: {}
java.util.concurrent.ExecutionException: org.apache.ratis.thirdparty.io.grpc.StatusRuntimeException: UNAVAILABLE: io exception
	at java.util.concurrent.FutureTask.report(FutureTask.java:122)
	at java.util.concurrent.FutureTask.get(FutureTask.java:192)
	at org.apache.ratis.server.impl.LeaderElection.waitForResults(LeaderElection.java:259)
	at org.apache.ratis.server.impl.LeaderElection.askForVotes(LeaderElection.java:197)
	at org.apache.ratis.server.impl.LeaderElection.run(LeaderElection.java:133)
	at java.lang.Thread.run(Thread.java:748)
Caused by: org.apache.ratis.thirdparty.io.grpc.StatusRuntimeException: UNAVAILABLE: io exception
	at org.apache.ratis.thirdparty.io.grpc.stub.ClientCalls.toStatusRuntimeException(ClientCalls.java:233)
	at org.apache.ratis.thirdparty.io.grpc.stub.ClientCalls.getUnchecked(ClientCalls.java:214)
	at org.apache.ratis.thirdparty.io.grpc.stub.ClientCalls.blockingUnaryCall(ClientCalls.java:139)
	at org.apache.ratis.proto.grpc.RaftServerProtocolServiceGrpc$RaftServerProtocolServiceBlockingStub.requestVote(RaftServerProtocolServiceGrpc.java:265)
	at org.apache.ratis.grpc.server.GrpcServerProtocolClient.requestVote(GrpcServerProtocolClient.java:99)
	at org.apache.ratis.grpc.server.GrpcService.requestVote(GrpcService.java:204)
	at org.apache.ratis.server.impl.LeaderElection.lambda$submitRequests$1(LeaderElection.java:234)
	at java.util.concurrent.FutureTask.run(FutureTask.java:266)
	at java.util.concurrent.Executors$RunnableAdapter.call(Executors.java:511)
	at java.util.concurrent.FutureTask.run(FutureTask.java:266)
	at java.util.concurrent.ThreadPoolExecutor.runWorker(ThreadPoolExecutor.java:1149)
	at java.util.concurrent.ThreadPoolExecutor$Worker.run(ThreadPoolExecutor.java:624)
	... 1 more
Caused by: org.apache.ratis.thirdparty.io.netty.channel.AbstractChannel$AnnotatedConnectException: Connection refused: /192.168.151.69:35461
	at sun.nio.ch.SocketChannelImpl.checkConnect(Native Method)
	at sun.nio.ch.SocketChannelImpl.finishConnect(SocketChannelImpl.java:717)
	at org.apache.ratis.thirdparty.io.netty.channel.socket.nio.NioSocketChannel.doFinishConnect(NioSocketChannel.java:327)
	at org.apache.ratis.thirdparty.io.netty.channel.nio.AbstractNioChannel$AbstractNioUnsafe.finishConnect(AbstractNioChannel.java:340)
	at org.apache.ratis.thirdparty.io.netty.channel.nio.NioEventLoop.processSelectedKey(NioEventLoop.java:632)
	at org.apache.ratis.thirdparty.io.netty.channel.nio.NioEventLoop.processSelectedKeysOptimized(NioEventLoop.java:579)
	at org.apache.ratis.thirdparty.io.netty.channel.nio.NioEventLoop.processSelectedKeys(NioEventLoop.java:496)
	at org.apache.ratis.thirdparty.io.netty.channel.nio.NioEventLoop.run(NioEventLoop.java:458)
	at org.apache.ratis.thirdparty.io.netty.util.concurrent.SingleThreadEventExecutor$5.run(SingleThreadEventExecutor.java:897)
	at org.apache.ratis.thirdparty.io.netty.util.concurrent.FastThreadLocalRunnable.run(FastThreadLocalRunnable.java:30)
	... 1 more
Caused by: java.net.ConnectException: Connection refused
	... 11 more
2019-10-04 06:12:28,268 [bf1ec5b5-3666-4735-9952-1715c6fefd75@group-0D47B154AA78-LeaderElection66] INFO  impl.LeaderElection (LeaderElection.java:logAndReturn(56)) - bf1ec5b5-3666-4735-9952-1715c6fefd75@group-0D47B154AA78-LeaderElection66: Election REJECTED; received 0 response(s) [] and 2 exception(s); bf1ec5b5-3666-4735-9952-1715c6fefd75@group-0D47B154AA78:t4, leader=null, voted=bf1ec5b5-3666-4735-9952-1715c6fefd75, raftlog=bf1ec5b5-3666-4735-9952-1715c6fefd75@group-0D47B154AA78-SegmentedRaftLog:OPENED:c15,f15,i15, conf=0: [bf1ec5b5-3666-4735-9952-1715c6fefd75:192.168.151.69:34880, 527a20f0-e30e-4dab-a279-10d7b51e04de:192.168.151.69:45574, 74712ee5-c933-4604-9105-8839fcc8eeda:192.168.151.69:35461], old=null
2019-10-04 06:12:28,268 [bf1ec5b5-3666-4735-9952-1715c6fefd75@group-0D47B154AA78-LeaderElection66] INFO  impl.LeaderElection (LogUtils.java:infoOrTrace(149)) -   Exception 0: {}
java.util.concurrent.ExecutionException: org.apache.ratis.thirdparty.io.grpc.StatusRuntimeException: UNAVAILABLE: io exception
	at java.util.concurrent.FutureTask.report(FutureTask.java:122)
	at java.util.concurrent.FutureTask.get(FutureTask.java:192)
	at org.apache.ratis.server.impl.LeaderElection.waitForResults(LeaderElection.java:259)
	at org.apache.ratis.server.impl.LeaderElection.askForVotes(LeaderElection.java:197)
	at org.apache.ratis.server.impl.LeaderElection.run(LeaderElection.java:133)
	at java.lang.Thread.run(Thread.java:748)
Caused by: org.apache.ratis.thirdparty.io.grpc.StatusRuntimeException: UNAVAILABLE: io exception
	at org.apache.ratis.thirdparty.io.grpc.stub.ClientCalls.toStatusRuntimeException(ClientCalls.java:233)
	at org.apache.ratis.thirdparty.io.grpc.stub.ClientCalls.getUnchecked(ClientCalls.java:214)
	at org.apache.ratis.thirdparty.io.grpc.stub.ClientCalls.blockingUnaryCall(ClientCalls.java:139)
	at org.apache.ratis.proto.grpc.RaftServerProtocolServiceGrpc$RaftServerProtocolServiceBlockingStub.requestVote(RaftServerProtocolServiceGrpc.java:265)
	at org.apache.ratis.grpc.server.GrpcServerProtocolClient.requestVote(GrpcServerProtocolClient.java:99)
	at org.apache.ratis.grpc.server.GrpcService.requestVote(GrpcService.java:204)
	at org.apache.ratis.server.impl.LeaderElection.lambda$submitRequests$1(LeaderElection.java:234)
	at java.util.concurrent.FutureTask.run(FutureTask.java:266)
	at java.util.concurrent.Executors$RunnableAdapter.call(Executors.java:511)
	at java.util.concurrent.FutureTask.run(FutureTask.java:266)
	at java.util.concurrent.ThreadPoolExecutor.runWorker(ThreadPoolExecutor.java:1149)
	at java.util.concurrent.ThreadPoolExecutor$Worker.run(ThreadPoolExecutor.java:624)
	... 1 more
Caused by: org.apache.ratis.thirdparty.io.netty.channel.AbstractChannel$AnnotatedConnectException: Connection refused: /192.168.151.69:45574
	at sun.nio.ch.SocketChannelImpl.checkConnect(Native Method)
	at sun.nio.ch.SocketChannelImpl.finishConnect(SocketChannelImpl.java:717)
	at org.apache.ratis.thirdparty.io.netty.channel.socket.nio.NioSocketChannel.doFinishConnect(NioSocketChannel.java:327)
	at org.apache.ratis.thirdparty.io.netty.channel.nio.AbstractNioChannel$AbstractNioUnsafe.finishConnect(AbstractNioChannel.java:340)
	at org.apache.ratis.thirdparty.io.netty.channel.nio.NioEventLoop.processSelectedKey(NioEventLoop.java:632)
	at org.apache.ratis.thirdparty.io.netty.channel.nio.NioEventLoop.processSelectedKeysOptimized(NioEventLoop.java:579)
	at org.apache.ratis.thirdparty.io.netty.channel.nio.NioEventLoop.processSelectedKeys(NioEventLoop.java:496)
	at org.apache.ratis.thirdparty.io.netty.channel.nio.NioEventLoop.run(NioEventLoop.java:458)
	at org.apache.ratis.thirdparty.io.netty.util.concurrent.SingleThreadEventExecutor$5.run(SingleThreadEventExecutor.java:897)
	at org.apache.ratis.thirdparty.io.netty.util.concurrent.FastThreadLocalRunnable.run(FastThreadLocalRunnable.java:30)
	... 1 more
Caused by: java.net.ConnectException: Connection refused
	... 11 more
2019-10-04 06:12:28,268 [bf1ec5b5-3666-4735-9952-1715c6fefd75@group-0D47B154AA78-LeaderElection66] INFO  impl.LeaderElection (LogUtils.java:infoOrTrace(149)) -   Exception 1: {}
java.util.concurrent.ExecutionException: org.apache.ratis.thirdparty.io.grpc.StatusRuntimeException: UNAVAILABLE: io exception
	at java.util.concurrent.FutureTask.report(FutureTask.java:122)
	at java.util.concurrent.FutureTask.get(FutureTask.java:192)
	at org.apache.ratis.server.impl.LeaderElection.waitForResults(LeaderElection.java:259)
	at org.apache.ratis.server.impl.LeaderElection.askForVotes(LeaderElection.java:197)
	at org.apache.ratis.server.impl.LeaderElection.run(LeaderElection.java:133)
	at java.lang.Thread.run(Thread.java:748)
Caused by: org.apache.ratis.thirdparty.io.grpc.StatusRuntimeException: UNAVAILABLE: io exception
	at org.apache.ratis.thirdparty.io.grpc.stub.ClientCalls.toStatusRuntimeException(ClientCalls.java:233)
	at org.apache.ratis.thirdparty.io.grpc.stub.ClientCalls.getUnchecked(ClientCalls.java:214)
	at org.apache.ratis.thirdparty.io.grpc.stub.ClientCalls.blockingUnaryCall(ClientCalls.java:139)
	at org.apache.ratis.proto.grpc.RaftServerProtocolServiceGrpc$RaftServerProtocolServiceBlockingStub.requestVote(RaftServerProtocolServiceGrpc.java:265)
	at org.apache.ratis.grpc.server.GrpcServerProtocolClient.requestVote(GrpcServerProtocolClient.java:99)
	at org.apache.ratis.grpc.server.GrpcService.requestVote(GrpcService.java:204)
	at org.apache.ratis.server.impl.LeaderElection.lambda$submitRequests$1(LeaderElection.java:234)
	at java.util.concurrent.FutureTask.run(FutureTask.java:266)
	at java.util.concurrent.Executors$RunnableAdapter.call(Executors.java:511)
	at java.util.concurrent.FutureTask.run(FutureTask.java:266)
	at java.util.concurrent.ThreadPoolExecutor.runWorker(ThreadPoolExecutor.java:1149)
	at java.util.concurrent.ThreadPoolExecutor$Worker.run(ThreadPoolExecutor.java:624)
	... 1 more
Caused by: org.apache.ratis.thirdparty.io.netty.channel.AbstractChannel$AnnotatedConnectException: Connection refused: /192.168.151.69:35461
	at sun.nio.ch.SocketChannelImpl.checkConnect(Native Method)
	at sun.nio.ch.SocketChannelImpl.finishConnect(SocketChannelImpl.java:717)
	at org.apache.ratis.thirdparty.io.netty.channel.socket.nio.NioSocketChannel.doFinishConnect(NioSocketChannel.java:327)
	at org.apache.ratis.thirdparty.io.netty.channel.nio.AbstractNioChannel$AbstractNioUnsafe.finishConnect(AbstractNioChannel.java:340)
	at org.apache.ratis.thirdparty.io.netty.channel.nio.NioEventLoop.processSelectedKey(NioEventLoop.java:632)
	at org.apache.ratis.thirdparty.io.netty.channel.nio.NioEventLoop.processSelectedKeysOptimized(NioEventLoop.java:579)
	at org.apache.ratis.thirdparty.io.netty.channel.nio.NioEventLoop.processSelectedKeys(NioEventLoop.java:496)
	at org.apache.ratis.thirdparty.io.netty.channel.nio.NioEventLoop.run(NioEventLoop.java:458)
	at org.apache.ratis.thirdparty.io.netty.util.concurrent.SingleThreadEventExecutor$5.run(SingleThreadEventExecutor.java:897)
	at org.apache.ratis.thirdparty.io.netty.util.concurrent.FastThreadLocalRunnable.run(FastThreadLocalRunnable.java:30)
	... 1 more
Caused by: java.net.ConnectException: Connection refused
	... 11 more
2019-10-04 06:12:28,269 [bf1ec5b5-3666-4735-9952-1715c6fefd75@group-0D47B154AA78-LeaderElection66] INFO  impl.RaftServerImpl (RaftServerImpl.java:setRole(170)) - bf1ec5b5-3666-4735-9952-1715c6fefd75@group-0D47B154AA78: changes role from CANDIDATE to FOLLOWER at term 4 for DISCOVERED_A_NEW_TERM
2019-10-04 06:12:28,269 [bf1ec5b5-3666-4735-9952-1715c6fefd75@group-0D47B154AA78-LeaderElection66] INFO  impl.RoleInfo (RoleInfo.java:shutdownLeaderElection(134)) - bf1ec5b5-3666-4735-9952-1715c6fefd75: shutdown LeaderElection
2019-10-04 06:12:28,270 [bf1ec5b5-3666-4735-9952-1715c6fefd75@group-0D47B154AA78-LeaderElection66] INFO  impl.RoleInfo (RoleInfo.java:updateAndGet(143)) - bf1ec5b5-3666-4735-9952-1715c6fefd75: start FollowerState
2019-10-04 06:12:28,634 [Thread-3170] INFO  impl.FollowerState (FollowerState.java:run(108)) - 76a33ec4-135c-408f-b380-a95c5228c742@group-1A9ADFE3EE69-FollowerState: change to CANDIDATE, lastRpcTime:5180ms, electionTimeout:5180ms
2019-10-04 06:12:28,637 [Thread-3170] INFO  impl.RoleInfo (RoleInfo.java:shutdownFollowerState(121)) - 76a33ec4-135c-408f-b380-a95c5228c742: shutdown FollowerState
2019-10-04 06:12:28,637 [Thread-3170] INFO  impl.RaftServerImpl (RaftServerImpl.java:setRole(170)) - 76a33ec4-135c-408f-b380-a95c5228c742@group-1A9ADFE3EE69: changes role from  FOLLOWER to CANDIDATE at term 3 for changeToCandidate
2019-10-04 06:12:28,637 [Thread-3170] INFO  impl.RoleInfo (RoleInfo.java:updateAndGet(143)) - 76a33ec4-135c-408f-b380-a95c5228c742: start LeaderElection
2019-10-04 06:12:28,653 [76a33ec4-135c-408f-b380-a95c5228c742@group-1A9ADFE3EE69-LeaderElection67] INFO  impl.LeaderElection (LeaderElection.java:askForVotes(178)) - 76a33ec4-135c-408f-b380-a95c5228c742@group-1A9ADFE3EE69-LeaderElection67: begin an election at term 4 for 17: [76a33ec4-135c-408f-b380-a95c5228c742:192.168.151.69:44502, 57bd6c27-13f9-4074-b08e-452facc4c933:192.168.151.69:45376, 362ad445-5bb7-42b7-b6c6-45b485604b6f:192.168.151.69:42652], old=null
2019-10-04 06:12:28,655 [76a33ec4-135c-408f-b380-a95c5228c742@group-1A9ADFE3EE69-LeaderElection67] INFO  impl.LeaderElection (LogUtils.java:infoOrTrace(149)) - 76a33ec4-135c-408f-b380-a95c5228c742@group-1A9ADFE3EE69-LeaderElection67 got exception when requesting votes: {}
java.util.concurrent.ExecutionException: org.apache.ratis.thirdparty.io.grpc.StatusRuntimeException: UNAVAILABLE: io exception
	at java.util.concurrent.FutureTask.report(FutureTask.java:122)
	at java.util.concurrent.FutureTask.get(FutureTask.java:192)
	at org.apache.ratis.server.impl.LeaderElection.waitForResults(LeaderElection.java:259)
	at org.apache.ratis.server.impl.LeaderElection.askForVotes(LeaderElection.java:197)
	at org.apache.ratis.server.impl.LeaderElection.run(LeaderElection.java:133)
	at java.lang.Thread.run(Thread.java:748)
Caused by: org.apache.ratis.thirdparty.io.grpc.StatusRuntimeException: UNAVAILABLE: io exception
	at org.apache.ratis.thirdparty.io.grpc.stub.ClientCalls.toStatusRuntimeException(ClientCalls.java:233)
	at org.apache.ratis.thirdparty.io.grpc.stub.ClientCalls.getUnchecked(ClientCalls.java:214)
	at org.apache.ratis.thirdparty.io.grpc.stub.ClientCalls.blockingUnaryCall(ClientCalls.java:139)
	at org.apache.ratis.proto.grpc.RaftServerProtocolServiceGrpc$RaftServerProtocolServiceBlockingStub.requestVote(RaftServerProtocolServiceGrpc.java:265)
	at org.apache.ratis.grpc.server.GrpcServerProtocolClient.requestVote(GrpcServerProtocolClient.java:99)
	at org.apache.ratis.grpc.server.GrpcService.requestVote(GrpcService.java:204)
	at org.apache.ratis.server.impl.LeaderElection.lambda$submitRequests$1(LeaderElection.java:234)
	at java.util.concurrent.FutureTask.run(FutureTask.java:266)
	at java.util.concurrent.Executors$RunnableAdapter.call(Executors.java:511)
	at java.util.concurrent.FutureTask.run(FutureTask.java:266)
	at java.util.concurrent.ThreadPoolExecutor.runWorker(ThreadPoolExecutor.java:1149)
	at java.util.concurrent.ThreadPoolExecutor$Worker.run(ThreadPoolExecutor.java:624)
	... 1 more
Caused by: org.apache.ratis.thirdparty.io.netty.channel.AbstractChannel$AnnotatedConnectException: Connection refused: /192.168.151.69:45376
	at sun.nio.ch.SocketChannelImpl.checkConnect(Native Method)
	at sun.nio.ch.SocketChannelImpl.finishConnect(SocketChannelImpl.java:717)
	at org.apache.ratis.thirdparty.io.netty.channel.socket.nio.NioSocketChannel.doFinishConnect(NioSocketChannel.java:327)
	at org.apache.ratis.thirdparty.io.netty.channel.nio.AbstractNioChannel$AbstractNioUnsafe.finishConnect(AbstractNioChannel.java:340)
	at org.apache.ratis.thirdparty.io.netty.channel.nio.NioEventLoop.processSelectedKey(NioEventLoop.java:632)
	at org.apache.ratis.thirdparty.io.netty.channel.nio.NioEventLoop.processSelectedKeysOptimized(NioEventLoop.java:579)
	at org.apache.ratis.thirdparty.io.netty.channel.nio.NioEventLoop.processSelectedKeys(NioEventLoop.java:496)
	at org.apache.ratis.thirdparty.io.netty.channel.nio.NioEventLoop.run(NioEventLoop.java:458)
	at org.apache.ratis.thirdparty.io.netty.util.concurrent.SingleThreadEventExecutor$5.run(SingleThreadEventExecutor.java:897)
	at org.apache.ratis.thirdparty.io.netty.util.concurrent.FastThreadLocalRunnable.run(FastThreadLocalRunnable.java:30)
	... 1 more
Caused by: java.net.ConnectException: Connection refused
	... 11 more
2019-10-04 06:12:28,657 [76a33ec4-135c-408f-b380-a95c5228c742@group-1A9ADFE3EE69-LeaderElection67] INFO  impl.LeaderElection (LogUtils.java:infoOrTrace(149)) - 76a33ec4-135c-408f-b380-a95c5228c742@group-1A9ADFE3EE69-LeaderElection67 got exception when requesting votes: {}
java.util.concurrent.ExecutionException: org.apache.ratis.thirdparty.io.grpc.StatusRuntimeException: UNAVAILABLE: io exception
	at java.util.concurrent.FutureTask.report(FutureTask.java:122)
	at java.util.concurrent.FutureTask.get(FutureTask.java:192)
	at org.apache.ratis.server.impl.LeaderElection.waitForResults(LeaderElection.java:259)
	at org.apache.ratis.server.impl.LeaderElection.askForVotes(LeaderElection.java:197)
	at org.apache.ratis.server.impl.LeaderElection.run(LeaderElection.java:133)
	at java.lang.Thread.run(Thread.java:748)
Caused by: org.apache.ratis.thirdparty.io.grpc.StatusRuntimeException: UNAVAILABLE: io exception
	at org.apache.ratis.thirdparty.io.grpc.stub.ClientCalls.toStatusRuntimeException(ClientCalls.java:233)
	at org.apache.ratis.thirdparty.io.grpc.stub.ClientCalls.getUnchecked(ClientCalls.java:214)
	at org.apache.ratis.thirdparty.io.grpc.stub.ClientCalls.blockingUnaryCall(ClientCalls.java:139)
	at org.apache.ratis.proto.grpc.RaftServerProtocolServiceGrpc$RaftServerProtocolServiceBlockingStub.requestVote(RaftServerProtocolServiceGrpc.java:265)
	at org.apache.ratis.grpc.server.GrpcServerProtocolClient.requestVote(GrpcServerProtocolClient.java:99)
	at org.apache.ratis.grpc.server.GrpcService.requestVote(GrpcService.java:204)
	at org.apache.ratis.server.impl.LeaderElection.lambda$submitRequests$1(LeaderElection.java:234)
	at java.util.concurrent.FutureTask.run(FutureTask.java:266)
	at java.util.concurrent.Executors$RunnableAdapter.call(Executors.java:511)
	at java.util.concurrent.FutureTask.run(FutureTask.java:266)
	at java.util.concurrent.ThreadPoolExecutor.runWorker(ThreadPoolExecutor.java:1149)
	at java.util.concurrent.ThreadPoolExecutor$Worker.run(ThreadPoolExecutor.java:624)
	... 1 more
Caused by: org.apache.ratis.thirdparty.io.netty.channel.AbstractChannel$AnnotatedConnectException: Connection refused: /192.168.151.69:42652
	at sun.nio.ch.SocketChannelImpl.checkConnect(Native Method)
	at sun.nio.ch.SocketChannelImpl.finishConnect(SocketChannelImpl.java:717)
	at org.apache.ratis.thirdparty.io.netty.channel.socket.nio.NioSocketChannel.doFinishConnect(NioSocketChannel.java:327)
	at org.apache.ratis.thirdparty.io.netty.channel.nio.AbstractNioChannel$AbstractNioUnsafe.finishConnect(AbstractNioChannel.java:340)
	at org.apache.ratis.thirdparty.io.netty.channel.nio.NioEventLoop.processSelectedKey(NioEventLoop.java:632)
	at org.apache.ratis.thirdparty.io.netty.channel.nio.NioEventLoop.processSelectedKeysOptimized(NioEventLoop.java:579)
	at org.apache.ratis.thirdparty.io.netty.channel.nio.NioEventLoop.processSelectedKeys(NioEventLoop.java:496)
	at org.apache.ratis.thirdparty.io.netty.channel.nio.NioEventLoop.run(NioEventLoop.java:458)
	at org.apache.ratis.thirdparty.io.netty.util.concurrent.SingleThreadEventExecutor$5.run(SingleThreadEventExecutor.java:897)
	at org.apache.ratis.thirdparty.io.netty.util.concurrent.FastThreadLocalRunnable.run(FastThreadLocalRunnable.java:30)
	... 1 more
Caused by: java.net.ConnectException: Connection refused
	... 11 more
2019-10-04 06:12:28,660 [76a33ec4-135c-408f-b380-a95c5228c742@group-1A9ADFE3EE69-LeaderElection67] INFO  impl.LeaderElection (LeaderElection.java:logAndReturn(56)) - 76a33ec4-135c-408f-b380-a95c5228c742@group-1A9ADFE3EE69-LeaderElection67: Election REJECTED; received 0 response(s) [] and 2 exception(s); 76a33ec4-135c-408f-b380-a95c5228c742@group-1A9ADFE3EE69:t4, leader=null, voted=76a33ec4-135c-408f-b380-a95c5228c742, raftlog=76a33ec4-135c-408f-b380-a95c5228c742@group-1A9ADFE3EE69-SegmentedRaftLog:OPENED:c18,f18,i18, conf=17: [76a33ec4-135c-408f-b380-a95c5228c742:192.168.151.69:44502, 57bd6c27-13f9-4074-b08e-452facc4c933:192.168.151.69:45376, 362ad445-5bb7-42b7-b6c6-45b485604b6f:192.168.151.69:42652], old=null
2019-10-04 06:12:28,660 [76a33ec4-135c-408f-b380-a95c5228c742@group-1A9ADFE3EE69-LeaderElection67] INFO  impl.LeaderElection (LogUtils.java:infoOrTrace(149)) -   Exception 0: {}
java.util.concurrent.ExecutionException: org.apache.ratis.thirdparty.io.grpc.StatusRuntimeException: UNAVAILABLE: io exception
	at java.util.concurrent.FutureTask.report(FutureTask.java:122)
	at java.util.concurrent.FutureTask.get(FutureTask.java:192)
	at org.apache.ratis.server.impl.LeaderElection.waitForResults(LeaderElection.java:259)
	at org.apache.ratis.server.impl.LeaderElection.askForVotes(LeaderElection.java:197)
	at org.apache.ratis.server.impl.LeaderElection.run(LeaderElection.java:133)
	at java.lang.Thread.run(Thread.java:748)
Caused by: org.apache.ratis.thirdparty.io.grpc.StatusRuntimeException: UNAVAILABLE: io exception
	at org.apache.ratis.thirdparty.io.grpc.stub.ClientCalls.toStatusRuntimeException(ClientCalls.java:233)
	at org.apache.ratis.thirdparty.io.grpc.stub.ClientCalls.getUnchecked(ClientCalls.java:214)
	at org.apache.ratis.thirdparty.io.grpc.stub.ClientCalls.blockingUnaryCall(ClientCalls.java:139)
	at org.apache.ratis.proto.grpc.RaftServerProtocolServiceGrpc$RaftServerProtocolServiceBlockingStub.requestVote(RaftServerProtocolServiceGrpc.java:265)
	at org.apache.ratis.grpc.server.GrpcServerProtocolClient.requestVote(GrpcServerProtocolClient.java:99)
	at org.apache.ratis.grpc.server.GrpcService.requestVote(GrpcService.java:204)
	at org.apache.ratis.server.impl.LeaderElection.lambda$submitRequests$1(LeaderElection.java:234)
	at java.util.concurrent.FutureTask.run(FutureTask.java:266)
	at java.util.concurrent.Executors$RunnableAdapter.call(Executors.java:511)
	at java.util.concurrent.FutureTask.run(FutureTask.java:266)
	at java.util.concurrent.ThreadPoolExecutor.runWorker(ThreadPoolExecutor.java:1149)
	at java.util.concurrent.ThreadPoolExecutor$Worker.run(ThreadPoolExecutor.java:624)
	... 1 more
Caused by: org.apache.ratis.thirdparty.io.netty.channel.AbstractChannel$AnnotatedConnectException: Connection refused: /192.168.151.69:45376
	at sun.nio.ch.SocketChannelImpl.checkConnect(Native Method)
	at sun.nio.ch.SocketChannelImpl.finishConnect(SocketChannelImpl.java:717)
	at org.apache.ratis.thirdparty.io.netty.channel.socket.nio.NioSocketChannel.doFinishConnect(NioSocketChannel.java:327)
	at org.apache.ratis.thirdparty.io.netty.channel.nio.AbstractNioChannel$AbstractNioUnsafe.finishConnect(AbstractNioChannel.java:340)
	at org.apache.ratis.thirdparty.io.netty.channel.nio.NioEventLoop.processSelectedKey(NioEventLoop.java:632)
	at org.apache.ratis.thirdparty.io.netty.channel.nio.NioEventLoop.processSelectedKeysOptimized(NioEventLoop.java:579)
	at org.apache.ratis.thirdparty.io.netty.channel.nio.NioEventLoop.processSelectedKeys(NioEventLoop.java:496)
	at org.apache.ratis.thirdparty.io.netty.channel.nio.NioEventLoop.run(NioEventLoop.java:458)
	at org.apache.ratis.thirdparty.io.netty.util.concurrent.SingleThreadEventExecutor$5.run(SingleThreadEventExecutor.java:897)
	at org.apache.ratis.thirdparty.io.netty.util.concurrent.FastThreadLocalRunnable.run(FastThreadLocalRunnable.java:30)
	... 1 more
Caused by: java.net.ConnectException: Connection refused
	... 11 more
2019-10-04 06:12:28,661 [76a33ec4-135c-408f-b380-a95c5228c742@group-1A9ADFE3EE69-LeaderElection67] INFO  impl.LeaderElection (LogUtils.java:infoOrTrace(149)) -   Exception 1: {}
java.util.concurrent.ExecutionException: org.apache.ratis.thirdparty.io.grpc.StatusRuntimeException: UNAVAILABLE: io exception
	at java.util.concurrent.FutureTask.report(FutureTask.java:122)
	at java.util.concurrent.FutureTask.get(FutureTask.java:192)
	at org.apache.ratis.server.impl.LeaderElection.waitForResults(LeaderElection.java:259)
	at org.apache.ratis.server.impl.LeaderElection.askForVotes(LeaderElection.java:197)
	at org.apache.ratis.server.impl.LeaderElection.run(LeaderElection.java:133)
	at java.lang.Thread.run(Thread.java:748)
Caused by: org.apache.ratis.thirdparty.io.grpc.StatusRuntimeException: UNAVAILABLE: io exception
	at org.apache.ratis.thirdparty.io.grpc.stub.ClientCalls.toStatusRuntimeException(ClientCalls.java:233)
	at org.apache.ratis.thirdparty.io.grpc.stub.ClientCalls.getUnchecked(ClientCalls.java:214)
	at org.apache.ratis.thirdparty.io.grpc.stub.ClientCalls.blockingUnaryCall(ClientCalls.java:139)
	at org.apache.ratis.proto.grpc.RaftServerProtocolServiceGrpc$RaftServerProtocolServiceBlockingStub.requestVote(RaftServerProtocolServiceGrpc.java:265)
	at org.apache.ratis.grpc.server.GrpcServerProtocolClient.requestVote(GrpcServerProtocolClient.java:99)
	at org.apache.ratis.grpc.server.GrpcService.requestVote(GrpcService.java:204)
	at org.apache.ratis.server.impl.LeaderElection.lambda$submitRequests$1(LeaderElection.java:234)
	at java.util.concurrent.FutureTask.run(FutureTask.java:266)
	at java.util.concurrent.Executors$RunnableAdapter.call(Executors.java:511)
	at java.util.concurrent.FutureTask.run(FutureTask.java:266)
	at java.util.concurrent.ThreadPoolExecutor.runWorker(ThreadPoolExecutor.java:1149)
	at java.util.concurrent.ThreadPoolExecutor$Worker.run(ThreadPoolExecutor.java:624)
	... 1 more
Caused by: org.apache.ratis.thirdparty.io.netty.channel.AbstractChannel$AnnotatedConnectException: Connection refused: /192.168.151.69:42652
	at sun.nio.ch.SocketChannelImpl.checkConnect(Native Method)
	at sun.nio.ch.SocketChannelImpl.finishConnect(SocketChannelImpl.java:717)
	at org.apache.ratis.thirdparty.io.netty.channel.socket.nio.NioSocketChannel.doFinishConnect(NioSocketChannel.java:327)
	at org.apache.ratis.thirdparty.io.netty.channel.nio.AbstractNioChannel$AbstractNioUnsafe.finishConnect(AbstractNioChannel.java:340)
	at org.apache.ratis.thirdparty.io.netty.channel.nio.NioEventLoop.processSelectedKey(NioEventLoop.java:632)
	at org.apache.ratis.thirdparty.io.netty.channel.nio.NioEventLoop.processSelectedKeysOptimized(NioEventLoop.java:579)
	at org.apache.ratis.thirdparty.io.netty.channel.nio.NioEventLoop.processSelectedKeys(NioEventLoop.java:496)
	at org.apache.ratis.thirdparty.io.netty.channel.nio.NioEventLoop.run(NioEventLoop.java:458)
	at org.apache.ratis.thirdparty.io.netty.util.concurrent.SingleThreadEventExecutor$5.run(SingleThreadEventExecutor.java:897)
	at org.apache.ratis.thirdparty.io.netty.util.concurrent.FastThreadLocalRunnable.run(FastThreadLocalRunnable.java:30)
	... 1 more
Caused by: java.net.ConnectException: Connection refused
	... 11 more
2019-10-04 06:12:28,661 [76a33ec4-135c-408f-b380-a95c5228c742@group-1A9ADFE3EE69-LeaderElection67] INFO  impl.RaftServerImpl (RaftServerImpl.java:setRole(170)) - 76a33ec4-135c-408f-b380-a95c5228c742@group-1A9ADFE3EE69: changes role from CANDIDATE to FOLLOWER at term 4 for DISCOVERED_A_NEW_TERM
2019-10-04 06:12:28,661 [76a33ec4-135c-408f-b380-a95c5228c742@group-1A9ADFE3EE69-LeaderElection67] INFO  impl.RoleInfo (RoleInfo.java:shutdownLeaderElection(134)) - 76a33ec4-135c-408f-b380-a95c5228c742: shutdown LeaderElection
2019-10-04 06:12:28,661 [76a33ec4-135c-408f-b380-a95c5228c742@group-1A9ADFE3EE69-LeaderElection67] INFO  impl.RoleInfo (RoleInfo.java:updateAndGet(143)) - 76a33ec4-135c-408f-b380-a95c5228c742: start FollowerState
2019-10-04 06:12:31,749 [EventQueue-StaleNodeForStaleNodeHandler] INFO  node.StaleNodeHandler (StaleNodeHandler.java:onMessage(58)) - Datanode bf1ec5b5-3666-4735-9952-1715c6fefd75{ip: 192.168.151.69, host: trunk-nightly-20191004-lpvmn-70278721, networkLocation: /default-rack, certSerialId: null} moved to stale state. Finalizing its pipelines [PipelineID=c0ec4baa-4072-481f-ae36-247adb149724, PipelineID=9e9a9395-46e5-4bc3-8f08-0d47b154aa78]
2019-10-04 06:12:31,756 [EventQueue-StaleNodeForStaleNodeHandler] INFO  pipeline.SCMPipelineManager (SCMPipelineManager.java:finalizeAndDestroyPipeline(315)) - destroying pipeline:Pipeline[ Id: c0ec4baa-4072-481f-ae36-247adb149724, Nodes: bf1ec5b5-3666-4735-9952-1715c6fefd75{ip: 192.168.151.69, host: trunk-nightly-20191004-lpvmn-70278721, networkLocation: /default-rack, certSerialId: null}, Type:RATIS, Factor:ONE, State:OPEN]
2019-10-04 06:12:31,756 [EventQueue-StaleNodeForStaleNodeHandler] INFO  pipeline.PipelineStateManager (PipelineStateManager.java:finalizePipeline(123)) - Pipeline Pipeline[ Id: c0ec4baa-4072-481f-ae36-247adb149724, Nodes: bf1ec5b5-3666-4735-9952-1715c6fefd75{ip: 192.168.151.69, host: trunk-nightly-20191004-lpvmn-70278721, networkLocation: /default-rack, certSerialId: null}, Type:RATIS, Factor:ONE, State:CLOSED] moved to CLOSED state
2019-10-04 06:12:31,757 [EventQueue-StaleNodeForStaleNodeHandler] INFO  pipeline.SCMPipelineManager (SCMPipelineManager.java:finalizeAndDestroyPipeline(315)) - destroying pipeline:Pipeline[ Id: 9e9a9395-46e5-4bc3-8f08-0d47b154aa78, Nodes: 527a20f0-e30e-4dab-a279-10d7b51e04de{ip: 192.168.151.69, host: trunk-nightly-20191004-lpvmn-70278721, networkLocation: /default-rack, certSerialId: null}bf1ec5b5-3666-4735-9952-1715c6fefd75{ip: 192.168.151.69, host: trunk-nightly-20191004-lpvmn-70278721, networkLocation: /default-rack, certSerialId: null}74712ee5-c933-4604-9105-8839fcc8eeda{ip: 192.168.151.69, host: trunk-nightly-20191004-lpvmn-70278721, networkLocation: /default-rack, certSerialId: null}, Type:RATIS, Factor:THREE, State:CLOSED]
2019-10-04 06:12:32,049 [EventQueue-StaleNodeForStaleNodeHandler] INFO  node.StaleNodeHandler (StaleNodeHandler.java:onMessage(58)) - Datanode 76a33ec4-135c-408f-b380-a95c5228c742{ip: 192.168.151.69, host: trunk-nightly-20191004-lpvmn-70278721, networkLocation: /default-rack, certSerialId: null} moved to stale state. Finalizing its pipelines [PipelineID=0112afd8-2e70-4b3b-9476-ab4820ba8130, PipelineID=29a35e2f-a623-4658-a412-1a9adfe3ee69]
2019-10-04 06:12:32,049 [EventQueue-StaleNodeForStaleNodeHandler] INFO  pipeline.SCMPipelineManager (SCMPipelineManager.java:finalizeAndDestroyPipeline(315)) - destroying pipeline:Pipeline[ Id: 0112afd8-2e70-4b3b-9476-ab4820ba8130, Nodes: 76a33ec4-135c-408f-b380-a95c5228c742{ip: 192.168.151.69, host: trunk-nightly-20191004-lpvmn-70278721, networkLocation: /default-rack, certSerialId: null}, Type:RATIS, Factor:ONE, State:OPEN]
2019-10-04 06:12:32,049 [EventQueue-StaleNodeForStaleNodeHandler] INFO  pipeline.PipelineStateManager (PipelineStateManager.java:finalizePipeline(123)) - Pipeline Pipeline[ Id: 0112afd8-2e70-4b3b-9476-ab4820ba8130, Nodes: 76a33ec4-135c-408f-b380-a95c5228c742{ip: 192.168.151.69, host: trunk-nightly-20191004-lpvmn-70278721, networkLocation: /default-rack, certSerialId: null}, Type:RATIS, Factor:ONE, State:CLOSED] moved to CLOSED state
2019-10-04 06:12:32,050 [EventQueue-StaleNodeForStaleNodeHandler] INFO  pipeline.SCMPipelineManager (SCMPipelineManager.java:finalizeAndDestroyPipeline(315)) - destroying pipeline:Pipeline[ Id: 29a35e2f-a623-4658-a412-1a9adfe3ee69, Nodes: 57bd6c27-13f9-4074-b08e-452facc4c933{ip: 192.168.151.69, host: trunk-nightly-20191004-lpvmn-70278721, networkLocation: /default-rack, certSerialId: null}362ad445-5bb7-42b7-b6c6-45b485604b6f{ip: 192.168.151.69, host: trunk-nightly-20191004-lpvmn-70278721, networkLocation: /default-rack, certSerialId: null}76a33ec4-135c-408f-b380-a95c5228c742{ip: 192.168.151.69, host: trunk-nightly-20191004-lpvmn-70278721, networkLocation: /default-rack, certSerialId: null}, Type:RATIS, Factor:THREE, State:CLOSED]
2019-10-04 06:12:32,635 [ForkJoinPool.commonPool-worker-0] INFO  ozoneimpl.OzoneContainer (OzoneContainer.java:stop(231)) - Attempting to stop container services.
2019-10-04 06:12:32,635 [main] INFO  ozoneimpl.OzoneContainer (OzoneContainer.java:stop(231)) - Attempting to stop container services.
2019-10-04 06:12:32,645 [ForkJoinPool.commonPool-worker-0] INFO  impl.RaftServerProxy (RaftServerProxy.java:lambda$close$4(314)) - bf1ec5b5-3666-4735-9952-1715c6fefd75: close
2019-10-04 06:12:32,645 [main] INFO  impl.RaftServerProxy (RaftServerProxy.java:lambda$close$4(314)) - 76a33ec4-135c-408f-b380-a95c5228c742: close
2019-10-04 06:12:32,645 [ForkJoinPool.commonPool-worker-0] INFO  impl.RaftServerImpl (RaftServerImpl.java:lambda$shutdown$3(247)) - bf1ec5b5-3666-4735-9952-1715c6fefd75@group-247ADB149724: shutdown
2019-10-04 06:12:32,645 [main] INFO  impl.RaftServerImpl (RaftServerImpl.java:lambda$shutdown$3(247)) - 76a33ec4-135c-408f-b380-a95c5228c742@group-AB4820BA8130: shutdown
2019-10-04 06:12:32,645 [ForkJoinPool.commonPool-worker-0] INFO  util.JmxRegister (JmxRegister.java:unregister(73)) - Successfully un-registered JMX Bean with object name Ratis:service=RaftServer,group=group-247ADB149724,id=bf1ec5b5-3666-4735-9952-1715c6fefd75
2019-10-04 06:12:32,646 [main] INFO  util.JmxRegister (JmxRegister.java:unregister(73)) - Successfully un-registered JMX Bean with object name Ratis:service=RaftServer,group=group-AB4820BA8130,id=76a33ec4-135c-408f-b380-a95c5228c742
2019-10-04 06:12:32,646 [ForkJoinPool.commonPool-worker-0] INFO  impl.RoleInfo (RoleInfo.java:shutdownLeaderState(104)) - bf1ec5b5-3666-4735-9952-1715c6fefd75: shutdown LeaderState
2019-10-04 06:12:32,647 [main] INFO  impl.RoleInfo (RoleInfo.java:shutdownLeaderState(104)) - 76a33ec4-135c-408f-b380-a95c5228c742: shutdown LeaderState
2019-10-04 06:12:32,647 [ForkJoinPool.commonPool-worker-0] INFO  impl.PendingRequests (PendingRequests.java:sendNotLeaderResponses(202)) - bf1ec5b5-3666-4735-9952-1715c6fefd75@group-247ADB149724-PendingRequests: sendNotLeaderResponses
2019-10-04 06:12:32,647 [main] INFO  impl.PendingRequests (PendingRequests.java:sendNotLeaderResponses(202)) - 76a33ec4-135c-408f-b380-a95c5228c742@group-AB4820BA8130-PendingRequests: sendNotLeaderResponses
2019-10-04 06:12:32,648 [ForkJoinPool.commonPool-worker-0] INFO  impl.StateMachineUpdater (StateMachineUpdater.java:stopAndJoin(136)) - bf1ec5b5-3666-4735-9952-1715c6fefd75@group-247ADB149724-StateMachineUpdater: set stopIndex = 0
2019-10-04 06:12:32,648 [main] INFO  impl.StateMachineUpdater (StateMachineUpdater.java:stopAndJoin(136)) - 76a33ec4-135c-408f-b380-a95c5228c742@group-AB4820BA8130-StateMachineUpdater: set stopIndex = 0
2019-10-04 06:12:32,648 [ForkJoinPool.commonPool-worker-0] INFO  impl.RaftServerImpl (ServerState.java:close(387)) - bf1ec5b5-3666-4735-9952-1715c6fefd75@group-247ADB149724: closes. applyIndex: 0
2019-10-04 06:12:32,648 [main] INFO  impl.RaftServerImpl (ServerState.java:close(387)) - 76a33ec4-135c-408f-b380-a95c5228c742@group-AB4820BA8130: closes. applyIndex: 0
2019-10-04 06:12:32,649 [bf1ec5b5-3666-4735-9952-1715c6fefd75@group-247ADB149724-SegmentedRaftLogWorker] INFO  segmented.SegmentedRaftLogWorker (SegmentedRaftLogWorker.java:run(316)) - bf1ec5b5-3666-4735-9952-1715c6fefd75@group-247ADB149724-SegmentedRaftLogWorker was interrupted, exiting. There are 0 tasks remaining in the queue.
2019-10-04 06:12:32,649 [76a33ec4-135c-408f-b380-a95c5228c742@group-AB4820BA8130-SegmentedRaftLogWorker] INFO  segmented.SegmentedRaftLogWorker (SegmentedRaftLogWorker.java:run(316)) - 76a33ec4-135c-408f-b380-a95c5228c742@group-AB4820BA8130-SegmentedRaftLogWorker was interrupted, exiting. There are 0 tasks remaining in the queue.
2019-10-04 06:12:32,653 [ForkJoinPool.commonPool-worker-0] INFO  segmented.SegmentedRaftLogWorker (SegmentedRaftLogWorker.java:close(224)) - bf1ec5b5-3666-4735-9952-1715c6fefd75@group-247ADB149724-SegmentedRaftLogWorker close()
2019-10-04 06:12:32,653 [main] INFO  segmented.SegmentedRaftLogWorker (SegmentedRaftLogWorker.java:close(224)) - 76a33ec4-135c-408f-b380-a95c5228c742@group-AB4820BA8130-SegmentedRaftLogWorker close()
2019-10-04 06:12:32,654 [ForkJoinPool.commonPool-worker-0] INFO  impl.RaftServerImpl (RaftServerImpl.java:lambda$shutdown$3(247)) - bf1ec5b5-3666-4735-9952-1715c6fefd75@group-0D47B154AA78: shutdown
2019-10-04 06:12:32,656 [main] INFO  impl.RaftServerImpl (RaftServerImpl.java:lambda$shutdown$3(247)) - 76a33ec4-135c-408f-b380-a95c5228c742@group-1A9ADFE3EE69: shutdown
2019-10-04 06:12:32,656 [ForkJoinPool.commonPool-worker-0] INFO  util.JmxRegister (JmxRegister.java:unregister(73)) - Successfully un-registered JMX Bean with object name Ratis:service=RaftServer,group=group-0D47B154AA78,id=bf1ec5b5-3666-4735-9952-1715c6fefd75
2019-10-04 06:12:32,656 [main] INFO  util.JmxRegister (JmxRegister.java:unregister(73)) - Successfully un-registered JMX Bean with object name Ratis:service=RaftServer,group=group-1A9ADFE3EE69,id=76a33ec4-135c-408f-b380-a95c5228c742
2019-10-04 06:12:32,656 [ForkJoinPool.commonPool-worker-0] INFO  impl.RoleInfo (RoleInfo.java:shutdownFollowerState(121)) - bf1ec5b5-3666-4735-9952-1715c6fefd75: shutdown FollowerState
2019-10-04 06:12:32,657 [main] INFO  impl.RoleInfo (RoleInfo.java:shutdownFollowerState(121)) - 76a33ec4-135c-408f-b380-a95c5228c742: shutdown FollowerState
2019-10-04 06:12:32,657 [ForkJoinPool.commonPool-worker-0] INFO  impl.StateMachineUpdater (StateMachineUpdater.java:stopAndJoin(136)) - bf1ec5b5-3666-4735-9952-1715c6fefd75@group-0D47B154AA78-StateMachineUpdater: set stopIndex = 15
2019-10-04 06:12:32,657 [Thread-3174] INFO  impl.FollowerState (FollowerState.java:run(117)) - bf1ec5b5-3666-4735-9952-1715c6fefd75@group-0D47B154AA78-FollowerState was interrupted: java.lang.InterruptedException: sleep interrupted
2019-10-04 06:12:32,657 [main] INFO  impl.StateMachineUpdater (StateMachineUpdater.java:stopAndJoin(136)) - 76a33ec4-135c-408f-b380-a95c5228c742@group-1A9ADFE3EE69-StateMachineUpdater: set stopIndex = 18
2019-10-04 06:12:32,658 [76a33ec4-135c-408f-b380-a95c5228c742@group-1A9ADFE3EE69-StateMachineUpdater] INFO  ratis.ContainerStateMachine (ContainerStateMachine.java:takeSnapshot(293)) - group-1A9ADFE3EE69: Taking a snapshot at:(t:1, i:14) file /workdir/hadoop-ozone/integration-test/target/test-dir/MiniOzoneClusterImpl-d4a22fe7-9819-4ee7-a95f-4f3286bed485/datanode-6/data/ratis/29a35e2f-a623-4658-a412-1a9adfe3ee69/sm/snapshot.1_14
2019-10-04 06:12:32,658 [bf1ec5b5-3666-4735-9952-1715c6fefd75@group-0D47B154AA78-StateMachineUpdater] INFO  ratis.ContainerStateMachine (ContainerStateMachine.java:takeSnapshot(293)) - group-0D47B154AA78: Taking a snapshot at:(t:2, i:13) file /workdir/hadoop-ozone/integration-test/target/test-dir/MiniOzoneClusterImpl-d4a22fe7-9819-4ee7-a95f-4f3286bed485/datanode-0/data/ratis/9e9a9395-46e5-4bc3-8f08-0d47b154aa78/sm/snapshot.2_13
2019-10-04 06:12:32,657 [Thread-3178] INFO  impl.FollowerState (FollowerState.java:run(117)) - 76a33ec4-135c-408f-b380-a95c5228c742@group-1A9ADFE3EE69-FollowerState was interrupted: java.lang.InterruptedException: sleep interrupted
2019-10-04 06:12:32,687 [76a33ec4-135c-408f-b380-a95c5228c742@group-1A9ADFE3EE69-StateMachineUpdater] INFO  ratis.ContainerStateMachine (ContainerStateMachine.java:takeSnapshot(304)) - group-1A9ADFE3EE69: Finished taking a snapshot at:(t:1, i:14) file:/workdir/hadoop-ozone/integration-test/target/test-dir/MiniOzoneClusterImpl-d4a22fe7-9819-4ee7-a95f-4f3286bed485/datanode-6/data/ratis/29a35e2f-a623-4658-a412-1a9adfe3ee69/sm/snapshot.1_14 time:29
2019-10-04 06:12:32,687 [bf1ec5b5-3666-4735-9952-1715c6fefd75@group-0D47B154AA78-StateMachineUpdater] INFO  ratis.ContainerStateMachine (ContainerStateMachine.java:takeSnapshot(304)) - group-0D47B154AA78: Finished taking a snapshot at:(t:2, i:13) file:/workdir/hadoop-ozone/integration-test/target/test-dir/MiniOzoneClusterImpl-d4a22fe7-9819-4ee7-a95f-4f3286bed485/datanode-0/data/ratis/9e9a9395-46e5-4bc3-8f08-0d47b154aa78/sm/snapshot.2_13 time:29
2019-10-04 06:12:32,687 [76a33ec4-135c-408f-b380-a95c5228c742@group-1A9ADFE3EE69-StateMachineUpdater] INFO  impl.StateMachineUpdater (StateMachineUpdater.java:takeSnapshot(269)) - 76a33ec4-135c-408f-b380-a95c5228c742@group-1A9ADFE3EE69-StateMachineUpdater: Took a snapshot at index 14
2019-10-04 06:12:32,687 [bf1ec5b5-3666-4735-9952-1715c6fefd75@group-0D47B154AA78-StateMachineUpdater] INFO  impl.StateMachineUpdater (StateMachineUpdater.java:takeSnapshot(269)) - bf1ec5b5-3666-4735-9952-1715c6fefd75@group-0D47B154AA78-StateMachineUpdater: Took a snapshot at index 13
2019-10-04 06:12:32,688 [76a33ec4-135c-408f-b380-a95c5228c742@group-1A9ADFE3EE69-StateMachineUpdater] INFO  impl.StateMachineUpdater (StateMachineUpdater.java:lambda$new$0(84)) - 76a33ec4-135c-408f-b380-a95c5228c742@group-1A9ADFE3EE69-StateMachineUpdater: snapshotIndex: updateIncreasingly -1 -> 14
2019-10-04 06:12:32,688 [bf1ec5b5-3666-4735-9952-1715c6fefd75@group-0D47B154AA78-StateMachineUpdater] INFO  impl.StateMachineUpdater (StateMachineUpdater.java:lambda$new$0(84)) - bf1ec5b5-3666-4735-9952-1715c6fefd75@group-0D47B154AA78-StateMachineUpdater: snapshotIndex: updateIncreasingly -1 -> 13
2019-10-04 06:12:32,688 [bf1ec5b5-3666-4735-9952-1715c6fefd75@group-0D47B154AA78-StateMachineUpdater] INFO  ratis.ContainerStateMachine (ContainerStateMachine.java:takeSnapshot(293)) - group-0D47B154AA78: Taking a snapshot at:(t:2, i:13) file /workdir/hadoop-ozone/integration-test/target/test-dir/MiniOzoneClusterImpl-d4a22fe7-9819-4ee7-a95f-4f3286bed485/datanode-0/data/ratis/9e9a9395-46e5-4bc3-8f08-0d47b154aa78/sm/snapshot.2_13
2019-10-04 06:12:32,688 [76a33ec4-135c-408f-b380-a95c5228c742@group-1A9ADFE3EE69-StateMachineUpdater] INFO  ratis.ContainerStateMachine (ContainerStateMachine.java:takeSnapshot(293)) - group-1A9ADFE3EE69: Taking a snapshot at:(t:1, i:14) file /workdir/hadoop-ozone/integration-test/target/test-dir/MiniOzoneClusterImpl-d4a22fe7-9819-4ee7-a95f-4f3286bed485/datanode-6/data/ratis/29a35e2f-a623-4658-a412-1a9adfe3ee69/sm/snapshot.1_14
2019-10-04 06:12:32,702 [76a33ec4-135c-408f-b380-a95c5228c742@group-1A9ADFE3EE69-StateMachineUpdater] INFO  ratis.ContainerStateMachine (ContainerStateMachine.java:takeSnapshot(304)) - group-1A9ADFE3EE69: Finished taking a snapshot at:(t:1, i:14) file:/workdir/hadoop-ozone/integration-test/target/test-dir/MiniOzoneClusterImpl-d4a22fe7-9819-4ee7-a95f-4f3286bed485/datanode-6/data/ratis/29a35e2f-a623-4658-a412-1a9adfe3ee69/sm/snapshot.1_14 time:14
2019-10-04 06:12:32,702 [bf1ec5b5-3666-4735-9952-1715c6fefd75@group-0D47B154AA78-StateMachineUpdater] INFO  ratis.ContainerStateMachine (ContainerStateMachine.java:takeSnapshot(304)) - group-0D47B154AA78: Finished taking a snapshot at:(t:2, i:13) file:/workdir/hadoop-ozone/integration-test/target/test-dir/MiniOzoneClusterImpl-d4a22fe7-9819-4ee7-a95f-4f3286bed485/datanode-0/data/ratis/9e9a9395-46e5-4bc3-8f08-0d47b154aa78/sm/snapshot.2_13 time:14
2019-10-04 06:12:32,702 [76a33ec4-135c-408f-b380-a95c5228c742@group-1A9ADFE3EE69-StateMachineUpdater] INFO  impl.StateMachineUpdater (StateMachineUpdater.java:takeSnapshot(269)) - 76a33ec4-135c-408f-b380-a95c5228c742@group-1A9ADFE3EE69-StateMachineUpdater: Took a snapshot at index 14
2019-10-04 06:12:32,702 [bf1ec5b5-3666-4735-9952-1715c6fefd75@group-0D47B154AA78-StateMachineUpdater] INFO  impl.StateMachineUpdater (StateMachineUpdater.java:takeSnapshot(269)) - bf1ec5b5-3666-4735-9952-1715c6fefd75@group-0D47B154AA78-StateMachineUpdater: Took a snapshot at index 13
2019-10-04 06:12:32,702 [76a33ec4-135c-408f-b380-a95c5228c742@group-1A9ADFE3EE69-StateMachineUpdater] INFO  impl.StateMachineUpdater (StateMachineUpdater.java:lambda$new$0(84)) - 76a33ec4-135c-408f-b380-a95c5228c742@group-1A9ADFE3EE69-StateMachineUpdater: snapshotIndex: updateIncreasingly 14 -> 14
2019-10-04 06:12:32,702 [bf1ec5b5-3666-4735-9952-1715c6fefd75@group-0D47B154AA78-StateMachineUpdater] INFO  impl.StateMachineUpdater (StateMachineUpdater.java:lambda$new$0(84)) - bf1ec5b5-3666-4735-9952-1715c6fefd75@group-0D47B154AA78-StateMachineUpdater: snapshotIndex: updateIncreasingly 13 -> 13
2019-10-04 06:12:32,703 [ForkJoinPool.commonPool-worker-0] INFO  impl.RaftServerImpl (ServerState.java:close(387)) - bf1ec5b5-3666-4735-9952-1715c6fefd75@group-0D47B154AA78: closes. applyIndex: 15
2019-10-04 06:12:32,703 [main] INFO  impl.RaftServerImpl (ServerState.java:close(387)) - 76a33ec4-135c-408f-b380-a95c5228c742@group-1A9ADFE3EE69: closes. applyIndex: 18
2019-10-04 06:12:32,703 [bf1ec5b5-3666-4735-9952-1715c6fefd75@group-0D47B154AA78-SegmentedRaftLogWorker] INFO  segmented.SegmentedRaftLogWorker (SegmentedRaftLogWorker.java:run(316)) - bf1ec5b5-3666-4735-9952-1715c6fefd75@group-0D47B154AA78-SegmentedRaftLogWorker was interrupted, exiting. There are 0 tasks remaining in the queue.
2019-10-04 06:12:32,704 [76a33ec4-135c-408f-b380-a95c5228c742@group-1A9ADFE3EE69-SegmentedRaftLogWorker] INFO  segmented.SegmentedRaftLogWorker (SegmentedRaftLogWorker.java:run(316)) - 76a33ec4-135c-408f-b380-a95c5228c742@group-1A9ADFE3EE69-SegmentedRaftLogWorker was interrupted, exiting. There are 0 tasks remaining in the queue.
2019-10-04 06:12:32,704 [ForkJoinPool.commonPool-worker-0] INFO  segmented.SegmentedRaftLogWorker (SegmentedRaftLogWorker.java:close(224)) - bf1ec5b5-3666-4735-9952-1715c6fefd75@group-0D47B154AA78-SegmentedRaftLogWorker close()
2019-10-04 06:12:32,704 [main] INFO  segmented.SegmentedRaftLogWorker (SegmentedRaftLogWorker.java:close(224)) - 76a33ec4-135c-408f-b380-a95c5228c742@group-1A9ADFE3EE69-SegmentedRaftLogWorker close()
2019-10-04 06:12:32,706 [ForkJoinPool.commonPool-worker-0] INFO  server.GrpcService (GrpcService.java:closeImpl(164)) - bf1ec5b5-3666-4735-9952-1715c6fefd75: shutdown server with port 34880 now
2019-10-04 06:12:32,708 [main] INFO  server.GrpcService (GrpcService.java:closeImpl(164)) - 76a33ec4-135c-408f-b380-a95c5228c742: shutdown server with port 44502 now
2019-10-04 06:12:32,709 [ForkJoinPool.commonPool-worker-0] INFO  server.GrpcService (GrpcService.java:closeImpl(172)) - bf1ec5b5-3666-4735-9952-1715c6fefd75: shutdown server with port 34880 successfully
2019-10-04 06:12:32,709 [main] INFO  server.GrpcService (GrpcService.java:closeImpl(172)) - 76a33ec4-135c-408f-b380-a95c5228c742: shutdown server with port 44502 successfully
2019-10-04 06:12:32,714 [refreshUsed-/workdir/hadoop-ozone/integration-test/target/test-dir/MiniOzoneClusterImpl-d4a22fe7-9819-4ee7-a95f-4f3286bed485/datanode-0/data/containers] WARN  fs.CachingGetSpaceUsed (CachingGetSpaceUsed.java:run(183)) - Thread Interrupted waiting to refresh disk information: sleep interrupted
2019-10-04 06:12:32,715 [refreshUsed-/workdir/hadoop-ozone/integration-test/target/test-dir/MiniOzoneClusterImpl-d4a22fe7-9819-4ee7-a95f-4f3286bed485/datanode-6/data/containers] WARN  fs.CachingGetSpaceUsed (CachingGetSpaceUsed.java:run(183)) - Thread Interrupted waiting to refresh disk information: sleep interrupted
2019-10-04 06:12:32,738 [main] INFO  utils.BackgroundService (BackgroundService.java:shutdown(148)) - Shutting down service BlockDeletingService
2019-10-04 06:12:32,744 [main] INFO  statemachine.DatanodeStateMachine (DatanodeStateMachine.java:stopDaemon(395)) - Ozone container server stopped.
2019-10-04 06:12:32,744 [ForkJoinPool.commonPool-worker-0] INFO  utils.BackgroundService (BackgroundService.java:shutdown(148)) - Shutting down service BlockDeletingService
2019-10-04 06:12:32,749 [ForkJoinPool.commonPool-worker-0] INFO  statemachine.DatanodeStateMachine (DatanodeStateMachine.java:stopDaemon(395)) - Ozone container server stopped.
2019-10-04 06:12:34,912 [ForkJoinPool.commonPool-worker-0] INFO  handler.ContextHandler (ContextHandler.java:doStop(910)) - Stopped o.e.j.w.WebAppContext@17ec335a{/,null,UNAVAILABLE}{/hddsDatanode}
2019-10-04 06:12:34,912 [main] INFO  handler.ContextHandler (ContextHandler.java:doStop(910)) - Stopped o.e.j.w.WebAppContext@c97721b{/,null,UNAVAILABLE}{/hddsDatanode}
2019-10-04 06:12:34,917 [main] INFO  server.AbstractConnector (AbstractConnector.java:doStop(318)) - Stopped ServerConnector@283ab206{HTTP/1.1,[http/1.1]}{0.0.0.0:0}
2019-10-04 06:12:34,917 [ForkJoinPool.commonPool-worker-0] INFO  server.AbstractConnector (AbstractConnector.java:doStop(318)) - Stopped ServerConnector@284990de{HTTP/1.1,[http/1.1]}{0.0.0.0:0}
2019-10-04 06:12:34,923 [ForkJoinPool.commonPool-worker-0] INFO  handler.ContextHandler (ContextHandler.java:doStop(910)) - Stopped o.e.j.s.ServletContextHandler@1291aab5{/static,jar:file:/home/user/.m2/repository/org/apache/hadoop/hadoop-hdds-container-service/0.5.0-SNAPSHOT/hadoop-hdds-container-service-0.5.0-SNAPSHOT.jar!/webapps/static,UNAVAILABLE}
2019-10-04 06:12:34,924 [main] INFO  handler.ContextHandler (ContextHandler.java:doStop(910)) - Stopped o.e.j.s.ServletContextHandler@359ceb13{/static,jar:file:/home/user/.m2/repository/org/apache/hadoop/hadoop-hdds-container-service/0.5.0-SNAPSHOT/hadoop-hdds-container-service-0.5.0-SNAPSHOT.jar!/webapps/static,UNAVAILABLE}
2019-10-04 06:12:34,924 [ForkJoinPool.commonPool-worker-0] INFO  handler.ContextHandler (ContextHandler.java:doStop(910)) - Stopped o.e.j.s.ServletContextHandler@2aea717c{/logs,file:///workdir/hadoop-ozone/integration-test/target/log,UNAVAILABLE}
2019-10-04 06:12:34,924 [main] INFO  handler.ContextHandler (ContextHandler.java:doStop(910)) - Stopped o.e.j.s.ServletContextHandler@4dd2ef54{/logs,file:///workdir/hadoop-ozone/integration-test/target/log,UNAVAILABLE}
2019-10-04 06:12:34,927 [main] INFO  ozone.MiniOzoneClusterImpl (MiniOzoneClusterImpl.java:stopSCM(392)) - Stopping the StorageContainerManager
2019-10-04 06:12:34,927 [main] INFO  server.StorageContainerManager (StorageContainerManager.java:stop(808)) - Stopping Replication Manager Service.
2019-10-04 06:12:34,927 [main] INFO  container.ReplicationManager (ReplicationManager.java:stop(203)) - Stopping Replication Monitor Thread.
2019-10-04 06:12:34,927 [main] INFO  server.StorageContainerManager (StorageContainerManager.java:stop(815)) - Stopping Lease Manager of the command watchers
2019-10-04 06:12:34,928 [main] INFO  server.StorageContainerManager (StorageContainerManager.java:stop(822)) - Stopping datanode service RPC server
2019-10-04 06:12:34,928 [main] INFO  server.SCMDatanodeProtocolServer (SCMDatanodeProtocolServer.java:stop(346)) - Stopping the RPC server for DataNodes
2019-10-04 06:12:34,928 [main] INFO  ipc.Server (Server.java:stop(3082)) - Stopping server on 41527
2019-10-04 06:12:34,931 [IPC Server listener on 41527] INFO  ipc.Server (Server.java:run(1185)) - Stopping IPC Server listener on 41527
2019-10-04 06:12:34,931 [IPC Server Responder] INFO  ipc.Server (Server.java:run(1319)) - Stopping IPC Server Responder
2019-10-04 06:12:34,953 [SCM Heartbeat Processing Thread - 0] WARN  node.NodeStateManager (NodeStateManager.java:scheduleNextHealthCheck(646)) - Current Thread is interrupted, shutting down HB processing thread for Node Manager.
2019-10-04 06:12:34,953 [main] INFO  server.StorageContainerManager (StorageContainerManager.java:stop(830)) - Stopping block service RPC server
2019-10-04 06:12:34,954 [main] INFO  server.SCMBlockProtocolServer (SCMBlockProtocolServer.java:stop(155)) - Stopping the RPC server for Block Protocol
2019-10-04 06:12:34,954 [main] INFO  ipc.Server (Server.java:stop(3082)) - Stopping server on 36734
2019-10-04 06:12:34,956 [IPC Server listener on 36734] INFO  ipc.Server (Server.java:run(1185)) - Stopping IPC Server listener on 36734
2019-10-04 06:12:34,956 [main] INFO  server.StorageContainerManager (StorageContainerManager.java:stop(837)) - Stopping the StorageContainerLocationProtocol RPC server
2019-10-04 06:12:34,956 [IPC Server Responder] INFO  ipc.Server (Server.java:run(1319)) - Stopping IPC Server Responder
2019-10-04 06:12:34,956 [main] INFO  server.SCMClientProtocolServer (SCMClientProtocolServer.java:stop(168)) - Stopping the RPC server for Client Protocol
2019-10-04 06:12:34,957 [main] INFO  ipc.Server (Server.java:stop(3082)) - Stopping server on 44948
2019-10-04 06:12:34,959 [IPC Server listener on 44948] INFO  ipc.Server (Server.java:run(1185)) - Stopping IPC Server listener on 44948
2019-10-04 06:12:34,959 [main] INFO  server.StorageContainerManager (StorageContainerManager.java:stop(844)) - Stopping Storage Container Manager HTTP server.
2019-10-04 06:12:34,959 [IPC Server Responder] INFO  ipc.Server (Server.java:run(1319)) - Stopping IPC Server Responder
2019-10-04 06:12:34,961 [main] INFO  handler.ContextHandler (ContextHandler.java:doStop(910)) - Stopped o.e.j.w.WebAppContext@75e80a97{/,null,UNAVAILABLE}{/scm}
2019-10-04 06:12:34,961 [main] INFO  server.AbstractConnector (AbstractConnector.java:doStop(318)) - Stopped ServerConnector@5b8853{HTTP/1.1,[http/1.1]}{0.0.0.0:0}
2019-10-04 06:12:34,961 [main] INFO  handler.ContextHandler (ContextHandler.java:doStop(910)) - Stopped o.e.j.s.ServletContextHandler@6b0f266e{/static,file:///workdir/hadoop-ozone/integration-test/target/test-classes/webapps/static,UNAVAILABLE}
2019-10-04 06:12:34,962 [main] INFO  handler.ContextHandler (ContextHandler.java:doStop(910)) - Stopped o.e.j.s.ServletContextHandler@7d0cd23c{/logs,file:///workdir/hadoop-ozone/integration-test/target/log,UNAVAILABLE}
2019-10-04 06:12:34,963 [main] INFO  server.StorageContainerManager (StorageContainerManager.java:stop(855)) - Stopping Block Manager Service.
2019-10-04 06:12:34,963 [main] INFO  utils.BackgroundService (BackgroundService.java:shutdown(148)) - Shutting down service SCMBlockDeletingService
2019-10-04 06:12:34,964 [main] INFO  utils.BackgroundService (BackgroundService.java:shutdown(148)) - Shutting down service SCMBlockDeletingService
2019-10-04 06:12:34,964 [main] INFO  server.StorageContainerManager (StorageContainerManager.java:stop(877)) - Stopping SCM Event Queue.
2019-10-04 06:12:34,970 [main] INFO  impl.MetricsSystemImpl (MetricsSystemImpl.java:stop(210)) - Stopping HddsDatanode metrics system...
2019-10-04 06:12:35,002 [main] INFO  impl.MetricsSystemImpl (MetricsSystemImpl.java:stop(216)) - HddsDatanode metrics system stopped.
]]></system-out>
  </testcase>
  <testcase name="testFailureWithPrimeSizedData" classname="org.apache.hadoop.ozone.client.rpc.TestBlockOutputStreamWithFailures" time="39.241"/>
  <testcase name="testWatchForCommitWithCloseContainerException" classname="org.apache.hadoop.ozone.client.rpc.TestBlockOutputStreamWithFailures" time="45.737">
    <failure message="expected:&lt;2&gt; but was:&lt;3&gt;" type="java.lang.AssertionError"><![CDATA[java.lang.AssertionError: expected:<2> but was:<3>
	at org.junit.Assert.fail(Assert.java:88)
	at org.junit.Assert.failNotEquals(Assert.java:743)
	at org.junit.Assert.assertEquals(Assert.java:118)
	at org.junit.Assert.assertEquals(Assert.java:555)
	at org.junit.Assert.assertEquals(Assert.java:542)
	at org.apache.hadoop.ozone.client.rpc.TestBlockOutputStreamWithFailures.testWatchForCommitWithCloseContainerException(TestBlockOutputStreamWithFailures.java:233)
	at sun.reflect.NativeMethodAccessorImpl.invoke0(Native Method)
	at sun.reflect.NativeMethodAccessorImpl.invoke(NativeMethodAccessorImpl.java:62)
	at sun.reflect.DelegatingMethodAccessorImpl.invoke(DelegatingMethodAccessorImpl.java:43)
	at java.lang.reflect.Method.invoke(Method.java:498)
	at org.junit.runners.model.FrameworkMethod$1.runReflectiveCall(FrameworkMethod.java:47)
	at org.junit.internal.runners.model.ReflectiveCallable.run(ReflectiveCallable.java:12)
	at org.junit.runners.model.FrameworkMethod.invokeExplosively(FrameworkMethod.java:44)
	at org.junit.internal.runners.statements.InvokeMethod.evaluate(InvokeMethod.java:17)
	at org.junit.internal.runners.statements.RunBefores.evaluate(RunBefores.java:26)
	at org.junit.internal.runners.statements.RunAfters.evaluate(RunAfters.java:27)
	at org.junit.runners.ParentRunner.runLeaf(ParentRunner.java:271)
	at org.junit.runners.BlockJUnit4ClassRunner.runChild(BlockJUnit4ClassRunner.java:70)
	at org.junit.runners.BlockJUnit4ClassRunner.runChild(BlockJUnit4ClassRunner.java:50)
	at org.junit.runners.ParentRunner$3.run(ParentRunner.java:238)
	at org.junit.runners.ParentRunner$1.schedule(ParentRunner.java:63)
	at org.junit.runners.ParentRunner.runChildren(ParentRunner.java:236)
	at org.junit.runners.ParentRunner.access$000(ParentRunner.java:53)
	at org.junit.runners.ParentRunner$2.evaluate(ParentRunner.java:229)
	at org.junit.runners.ParentRunner.run(ParentRunner.java:309)
	at org.apache.maven.surefire.junit4.JUnit4Provider.execute(JUnit4Provider.java:365)
	at org.apache.maven.surefire.junit4.JUnit4Provider.executeWithRerun(JUnit4Provider.java:273)
	at org.apache.maven.surefire.junit4.JUnit4Provider.executeTestSet(JUnit4Provider.java:238)
	at org.apache.maven.surefire.junit4.JUnit4Provider.invoke(JUnit4Provider.java:159)
	at org.apache.maven.surefire.booter.ForkedBooter.invokeProviderInSameClassLoader(ForkedBooter.java:384)
	at org.apache.maven.surefire.booter.ForkedBooter.runSuitesInProcess(ForkedBooter.java:345)
	at org.apache.maven.surefire.booter.ForkedBooter.execute(ForkedBooter.java:126)
	at org.apache.maven.surefire.booter.ForkedBooter.main(ForkedBooter.java:418)
]]></failure>
    <system-out><![CDATA[2019-10-04 06:13:14,311 [main] WARN  server.ServerUtils (ServerUtils.java:getScmDbDir(145)) - ozone.scm.db.dirs is not configured. We recommend adding this setting. Falling back to ozone.metadata.dirs instead.
2019-10-04 06:13:14,326 [main] WARN  server.ServerUtils (ServerUtils.java:getScmDbDir(145)) - ozone.scm.db.dirs is not configured. We recommend adding this setting. Falling back to ozone.metadata.dirs instead.
2019-10-04 06:13:14,326 [main] WARN  server.ServerUtils (ServerUtils.java:getScmDbDir(145)) - ozone.scm.db.dirs is not configured. We recommend adding this setting. Falling back to ozone.metadata.dirs instead.
2019-10-04 06:13:14,327 [main] INFO  db.DBStoreBuilder (DBStoreBuilder.java:addTable(117)) - using custom profile for table: deletedBlocks
2019-10-04 06:13:14,327 [main] INFO  db.DBStoreBuilder (DBStoreBuilder.java:processTables(168)) - Using default column profile:DBProfile.DISK for Table:deletedBlocks
2019-10-04 06:13:14,328 [main] INFO  db.DBStoreBuilder (DBStoreBuilder.java:addTable(117)) - using custom profile for table: validCerts
2019-10-04 06:13:14,328 [main] INFO  db.DBStoreBuilder (DBStoreBuilder.java:processTables(168)) - Using default column profile:DBProfile.DISK for Table:validCerts
2019-10-04 06:13:14,328 [main] INFO  db.DBStoreBuilder (DBStoreBuilder.java:addTable(117)) - using custom profile for table: revokedCerts
2019-10-04 06:13:14,328 [main] INFO  db.DBStoreBuilder (DBStoreBuilder.java:processTables(168)) - Using default column profile:DBProfile.DISK for Table:revokedCerts
2019-10-04 06:13:14,328 [main] INFO  db.DBStoreBuilder (DBStoreBuilder.java:addTable(117)) - using custom profile for table: default
2019-10-04 06:13:14,328 [main] INFO  db.DBStoreBuilder (DBStoreBuilder.java:processTables(174)) - Using default column profile:DBProfile.DISK for Table:default
2019-10-04 06:13:14,329 [main] INFO  db.DBStoreBuilder (DBStoreBuilder.java:getDbProfile(205)) - Using default options. DBProfile.DISK
2019-10-04 06:13:14,483 [main] INFO  net.NodeSchemaLoader (NodeSchemaLoader.java:loadSchemaFromFile(125)) - Loading file from sun.misc.CompoundEnumeration@ca546a1
2019-10-04 06:13:14,484 [main] INFO  net.NodeSchemaLoader (NodeSchemaLoader.java:loadSchema(171)) - Loading network topology layer schema file
2019-10-04 06:13:14,489 [main] INFO  node.SCMNodeManager (SCMNodeManager.java:<init>(114)) - Entering startup safe mode.
2019-10-04 06:13:14,490 [main] INFO  algorithms.ContainerPlacementPolicyFactory (ContainerPlacementPolicyFactory.java:getPolicy(57)) - Create container placement policy of type org.apache.hadoop.hdds.scm.container.placement.algorithms.SCMContainerPlacementRandom
2019-10-04 06:13:14,490 [main] WARN  server.ServerUtils (ServerUtils.java:getScmDbDir(145)) - ozone.scm.db.dirs is not configured. We recommend adding this setting. Falling back to ozone.metadata.dirs instead.
2019-10-04 06:13:14,513 [main] INFO  pipeline.SCMPipelineManager (SCMPipelineManager.java:initializePipelineState(132)) - No pipeline exists in current db
2019-10-04 06:13:14,513 [main] WARN  server.ServerUtils (ServerUtils.java:getScmDbDir(145)) - ozone.scm.db.dirs is not configured. We recommend adding this setting. Falling back to ozone.metadata.dirs instead.
2019-10-04 06:13:14,539 [main] WARN  events.EventQueue (EventQueue.java:fireEvent(183)) - No event handler registered for event TypedEvent{payloadType=SafeModeStatus, name='SafeModeStatus'}
2019-10-04 06:13:14,540 [main] INFO  ipc.CallQueueManager (CallQueueManager.java:<init>(84)) - Using callQueue: class java.util.concurrent.LinkedBlockingQueue, queueCapacity: 2000, scheduler: class org.apache.hadoop.ipc.DefaultRpcScheduler, ipcBackoff: false.
2019-10-04 06:13:14,541 [Socket Reader #1 for port 45259] INFO  ipc.Server (Server.java:run(1074)) - Starting Socket Reader #1 for port 45259
2019-10-04 06:13:14,544 [main] INFO  ipc.CallQueueManager (CallQueueManager.java:<init>(84)) - Using callQueue: class java.util.concurrent.LinkedBlockingQueue, queueCapacity: 2000, scheduler: class org.apache.hadoop.ipc.DefaultRpcScheduler, ipcBackoff: false.
2019-10-04 06:13:14,545 [Socket Reader #1 for port 42268] INFO  ipc.Server (Server.java:run(1074)) - Starting Socket Reader #1 for port 42268
2019-10-04 06:13:14,547 [main] INFO  ipc.CallQueueManager (CallQueueManager.java:<init>(84)) - Using callQueue: class java.util.concurrent.LinkedBlockingQueue, queueCapacity: 2000, scheduler: class org.apache.hadoop.ipc.DefaultRpcScheduler, ipcBackoff: false.
2019-10-04 06:13:14,547 [Socket Reader #1 for port 40167] INFO  ipc.Server (Server.java:run(1074)) - Starting Socket Reader #1 for port 40167
2019-10-04 06:13:14,551 [main] INFO  hdfs.DFSUtil (DFSUtil.java:httpServerTemplateForNNAndJN(1641)) - Starting Web-server for scm at: http://0.0.0.0:0
2019-10-04 06:13:14,554 [main] INFO  server.AuthenticationFilter (AuthenticationFilter.java:constructSecretProvider(240)) - Unable to initialize FileSignerSecretProvider, falling back to use random secrets.
2019-10-04 06:13:14,555 [main] WARN  http.HttpRequestLog (HttpRequestLog.java:getRequestLog(97)) - Jetty request log can only be enabled using Log4j
2019-10-04 06:13:14,557 [main] INFO  http.HttpServer2 (HttpServer2.java:addGlobalFilter(975)) - Added global filter 'safety' (class=org.apache.hadoop.http.HttpServer2$QuotingInputFilter)
2019-10-04 06:13:14,558 [main] INFO  http.HttpServer2 (HttpServer2.java:addFilter(948)) - Added filter static_user_filter (class=org.apache.hadoop.http.lib.StaticUserWebFilter$StaticUserFilter) to context scm
2019-10-04 06:13:14,558 [main] INFO  http.HttpServer2 (HttpServer2.java:addFilter(958)) - Added filter static_user_filter (class=org.apache.hadoop.http.lib.StaticUserWebFilter$StaticUserFilter) to context static
2019-10-04 06:13:14,558 [main] INFO  http.HttpServer2 (HttpServer2.java:addFilter(958)) - Added filter static_user_filter (class=org.apache.hadoop.http.lib.StaticUserWebFilter$StaticUserFilter) to context logs
2019-10-04 06:13:14,561 [main] INFO  server.StorageContainerManager (StorageContainerManager.java:start(770)) - StorageContainerLocationProtocol RPC server is listening at /0.0.0.0:40167
2019-10-04 06:13:14,564 [main] WARN  impl.MetricsConfig (MetricsConfig.java:loadFirst(134)) - Cannot locate configuration: tried hadoop-metrics2-storagecontainermanager.properties,hadoop-metrics2.properties
2019-10-04 06:13:14,565 [main] INFO  impl.MetricsSystemImpl (MetricsSystemImpl.java:startTimer(374)) - Scheduled Metric snapshot period at 10 second(s).
2019-10-04 06:13:14,565 [main] INFO  impl.MetricsSystemImpl (MetricsSystemImpl.java:start(191)) - StorageContainerManager metrics system started
2019-10-04 06:13:14,818 [main] WARN  impl.MetricsSystemImpl (MetricsSystemImpl.java:register(276)) - Sink prometheus already exists!
2019-10-04 06:13:14,903 [main] INFO  server.SCMClientProtocolServer (SCMClientProtocolServer.java:start(159)) - RPC server for Client  is listening at /0.0.0.0:40167
2019-10-04 06:13:14,903 [IPC Server Responder] INFO  ipc.Server (Server.java:run(1314)) - IPC Server Responder: starting
2019-10-04 06:13:14,903 [IPC Server listener on 40167] INFO  ipc.Server (Server.java:run(1153)) - IPC Server listener on 40167: starting
2019-10-04 06:13:14,909 [main] INFO  server.StorageContainerManager (StorageContainerManager.java:start(780)) - ScmBlockLocationProtocol RPC server is listening at /0.0.0.0:42268
2019-10-04 06:13:14,909 [main] INFO  server.SCMBlockProtocolServer (SCMBlockProtocolServer.java:start(146)) - RPC server for Block Protocol is listening at /0.0.0.0:42268
2019-10-04 06:13:14,909 [IPC Server Responder] INFO  ipc.Server (Server.java:run(1314)) - IPC Server Responder: starting
2019-10-04 06:13:14,909 [IPC Server listener on 42268] INFO  ipc.Server (Server.java:run(1153)) - IPC Server listener on 42268: starting
2019-10-04 06:13:14,914 [main] INFO  server.StorageContainerManager (StorageContainerManager.java:start(784)) - ScmDatanodeProtocl RPC server is listening at /0.0.0.0:45259
2019-10-04 06:13:14,915 [main] INFO  server.SCMDatanodeProtocolServer (SCMDatanodeProtocolServer.java:start(169)) - RPC server for DataNodes is listening at /0.0.0.0:45259
2019-10-04 06:13:14,915 [IPC Server Responder] INFO  ipc.Server (Server.java:run(1314)) - IPC Server Responder: starting
2019-10-04 06:13:14,915 [IPC Server listener on 45259] INFO  ipc.Server (Server.java:run(1153)) - IPC Server listener on 45259: starting
2019-10-04 06:13:14,922 [main] INFO  http.HttpServer2 (HttpServer2.java:bindListener(1191)) - Jetty bound to port 41874
2019-10-04 06:13:14,922 [main] INFO  server.Server (Server.java:doStart(351)) - jetty-9.3.25.v20180904, build timestamp: 2018-09-04T21:11:46Z, git hash: 3ce520221d0240229c862b122d2b06c12a625732
2019-10-04 06:13:14,924 [main] INFO  handler.ContextHandler (ContextHandler.java:doStart(781)) - Started o.e.j.s.ServletContextHandler@76828577{/logs,file:///workdir/hadoop-ozone/integration-test/target/log,AVAILABLE}
2019-10-04 06:13:14,925 [main] INFO  handler.ContextHandler (ContextHandler.java:doStart(781)) - Started o.e.j.s.ServletContextHandler@639cb788{/static,file:///workdir/hadoop-ozone/integration-test/target/test-classes/webapps/static,AVAILABLE}
2019-10-04 06:13:14,930 [main] INFO  handler.ContextHandler (ContextHandler.java:doStart(781)) - Started o.e.j.w.WebAppContext@26d40c77{/,file:///workdir/hadoop-ozone/integration-test/target/test-classes/webapps/scm/,AVAILABLE}{/scm}
2019-10-04 06:13:14,931 [main] INFO  server.AbstractConnector (AbstractConnector.java:doStart(278)) - Started ServerConnector@85ab964{HTTP/1.1,[http/1.1]}{0.0.0.0:41874}
2019-10-04 06:13:14,932 [main] INFO  server.Server (Server.java:doStart(419)) - Started @645503ms
2019-10-04 06:13:14,932 [main] WARN  impl.MetricsSystemImpl (MetricsSystemImpl.java:register(276)) - Sink prometheus already exists!
2019-10-04 06:13:14,933 [main] INFO  server.BaseHttpServer (BaseHttpServer.java:updateConnectorAddress(215)) - HTTP server of SCM is listening at http://0.0.0.0:41874
2019-10-04 06:13:14,934 [main] WARN  server.ServerUtils (ServerUtils.java:getDBPath(222)) - ozone.om.db.dirs is not configured. We recommend adding this setting. Falling back to ozone.metadata.dirs instead.
2019-10-04 06:13:14,936 [org.apache.hadoop.util.JvmPauseMonitor$Monitor@12365bd8] INFO  util.JvmPauseMonitor (JvmPauseMonitor.java:run(188)) - Starting JVM pause monitor
2019-10-04 06:13:14,949 [main] INFO  ha.OMHANodeDetails (OMHANodeDetails.java:loadOMHAConfig(190)) - Configuration either no ozone.om.address set. Falling back to the default OM address /127.0.0.1:0
2019-10-04 06:13:14,950 [main] INFO  ha.OMHANodeDetails (OMHANodeDetails.java:getOMNodeDetails(220)) - OM Service ID is not set. Setting it to the default ID: omServiceIdDefault
2019-10-04 06:13:14,950 [main] WARN  server.ServerUtils (ServerUtils.java:getDBPath(222)) - ozone.om.db.dirs is not configured. We recommend adding this setting. Falling back to ozone.metadata.dirs instead.
2019-10-04 06:13:14,951 [main] WARN  server.ServerUtils (ServerUtils.java:getDBPath(222)) - ozone.om.db.dirs is not configured. We recommend adding this setting. Falling back to ozone.metadata.dirs instead.
2019-10-04 06:13:14,959 [main] WARN  server.ServerUtils (ServerUtils.java:getDBPath(222)) - ozone.om.db.dirs is not configured. We recommend adding this setting. Falling back to ozone.metadata.dirs instead.
2019-10-04 06:13:14,960 [main] INFO  db.DBStoreBuilder (DBStoreBuilder.java:addTable(117)) - using custom profile for table: userTable
2019-10-04 06:13:14,960 [main] INFO  db.DBStoreBuilder (DBStoreBuilder.java:processTables(168)) - Using default column profile:DBProfile.DISK for Table:userTable
2019-10-04 06:13:14,960 [main] INFO  db.DBStoreBuilder (DBStoreBuilder.java:addTable(117)) - using custom profile for table: volumeTable
2019-10-04 06:13:14,961 [main] INFO  db.DBStoreBuilder (DBStoreBuilder.java:processTables(168)) - Using default column profile:DBProfile.DISK for Table:volumeTable
2019-10-04 06:13:14,961 [main] INFO  db.DBStoreBuilder (DBStoreBuilder.java:addTable(117)) - using custom profile for table: bucketTable
2019-10-04 06:13:14,961 [main] INFO  db.DBStoreBuilder (DBStoreBuilder.java:processTables(168)) - Using default column profile:DBProfile.DISK for Table:bucketTable
2019-10-04 06:13:14,961 [main] INFO  db.DBStoreBuilder (DBStoreBuilder.java:addTable(117)) - using custom profile for table: keyTable
2019-10-04 06:13:14,961 [main] INFO  db.DBStoreBuilder (DBStoreBuilder.java:processTables(168)) - Using default column profile:DBProfile.DISK for Table:keyTable
2019-10-04 06:13:14,962 [main] INFO  db.DBStoreBuilder (DBStoreBuilder.java:addTable(117)) - using custom profile for table: deletedTable
2019-10-04 06:13:14,962 [main] INFO  db.DBStoreBuilder (DBStoreBuilder.java:processTables(168)) - Using default column profile:DBProfile.DISK for Table:deletedTable
2019-10-04 06:13:14,962 [main] INFO  db.DBStoreBuilder (DBStoreBuilder.java:addTable(117)) - using custom profile for table: openKeyTable
2019-10-04 06:13:14,962 [main] INFO  db.DBStoreBuilder (DBStoreBuilder.java:processTables(168)) - Using default column profile:DBProfile.DISK for Table:openKeyTable
2019-10-04 06:13:14,963 [main] INFO  db.DBStoreBuilder (DBStoreBuilder.java:addTable(117)) - using custom profile for table: s3Table
2019-10-04 06:13:14,963 [main] INFO  db.DBStoreBuilder (DBStoreBuilder.java:processTables(168)) - Using default column profile:DBProfile.DISK for Table:s3Table
2019-10-04 06:13:14,963 [main] INFO  db.DBStoreBuilder (DBStoreBuilder.java:addTable(117)) - using custom profile for table: multipartInfoTable
2019-10-04 06:13:14,963 [main] INFO  db.DBStoreBuilder (DBStoreBuilder.java:processTables(168)) - Using default column profile:DBProfile.DISK for Table:multipartInfoTable
2019-10-04 06:13:14,963 [main] INFO  db.DBStoreBuilder (DBStoreBuilder.java:addTable(117)) - using custom profile for table: dTokenTable
2019-10-04 06:13:14,964 [main] INFO  db.DBStoreBuilder (DBStoreBuilder.java:processTables(168)) - Using default column profile:DBProfile.DISK for Table:dTokenTable
2019-10-04 06:13:14,964 [main] INFO  db.DBStoreBuilder (DBStoreBuilder.java:addTable(117)) - using custom profile for table: s3SecretTable
2019-10-04 06:13:14,964 [main] INFO  db.DBStoreBuilder (DBStoreBuilder.java:processTables(168)) - Using default column profile:DBProfile.DISK for Table:s3SecretTable
2019-10-04 06:13:14,964 [main] INFO  db.DBStoreBuilder (DBStoreBuilder.java:addTable(117)) - using custom profile for table: prefixTable
2019-10-04 06:13:14,965 [main] INFO  db.DBStoreBuilder (DBStoreBuilder.java:processTables(168)) - Using default column profile:DBProfile.DISK for Table:prefixTable
2019-10-04 06:13:14,965 [main] INFO  db.DBStoreBuilder (DBStoreBuilder.java:addTable(117)) - using custom profile for table: default
2019-10-04 06:13:14,965 [main] INFO  db.DBStoreBuilder (DBStoreBuilder.java:processTables(174)) - Using default column profile:DBProfile.DISK for Table:default
2019-10-04 06:13:14,965 [main] INFO  db.DBStoreBuilder (DBStoreBuilder.java:getDbProfile(205)) - Using default options. DBProfile.DISK
2019-10-04 06:13:15,420 [main] INFO  ipc.CallQueueManager (CallQueueManager.java:<init>(84)) - Using callQueue: class java.util.concurrent.LinkedBlockingQueue, queueCapacity: 2000, scheduler: class org.apache.hadoop.ipc.DefaultRpcScheduler, ipcBackoff: false.
2019-10-04 06:13:15,421 [Socket Reader #1 for port 33930] INFO  ipc.Server (Server.java:run(1074)) - Starting Socket Reader #1 for port 33930
2019-10-04 06:13:15,437 [main] INFO  om.OzoneManager (OzoneManager.java:start(1069)) - OzoneManager RPC server is listening at localhost/127.0.0.1:33930
2019-10-04 06:13:15,437 [main] INFO  impl.MetricsSystemImpl (MetricsSystemImpl.java:init(158)) - OzoneManager metrics system started (again)
2019-10-04 06:13:15,438 [IPC Server listener on 33930] INFO  ipc.Server (Server.java:run(1153)) - IPC Server listener on 33930: starting
2019-10-04 06:13:15,438 [IPC Server Responder] INFO  ipc.Server (Server.java:run(1314)) - IPC Server Responder: starting
2019-10-04 06:13:15,446 [main] INFO  hdfs.DFSUtil (DFSUtil.java:httpServerTemplateForNNAndJN(1641)) - Starting Web-server for ozoneManager at: http://0.0.0.0:0
2019-10-04 06:13:15,447 [main] INFO  server.AuthenticationFilter (AuthenticationFilter.java:constructSecretProvider(240)) - Unable to initialize FileSignerSecretProvider, falling back to use random secrets.
2019-10-04 06:13:15,447 [main] WARN  http.HttpRequestLog (HttpRequestLog.java:getRequestLog(97)) - Jetty request log can only be enabled using Log4j
2019-10-04 06:13:15,449 [main] INFO  http.HttpServer2 (HttpServer2.java:addGlobalFilter(975)) - Added global filter 'safety' (class=org.apache.hadoop.http.HttpServer2$QuotingInputFilter)
2019-10-04 06:13:15,449 [main] INFO  http.HttpServer2 (HttpServer2.java:addFilter(948)) - Added filter static_user_filter (class=org.apache.hadoop.http.lib.StaticUserWebFilter$StaticUserFilter) to context ozoneManager
2019-10-04 06:13:15,450 [main] INFO  http.HttpServer2 (HttpServer2.java:addFilter(958)) - Added filter static_user_filter (class=org.apache.hadoop.http.lib.StaticUserWebFilter$StaticUserFilter) to context static
2019-10-04 06:13:15,450 [main] INFO  http.HttpServer2 (HttpServer2.java:addFilter(958)) - Added filter static_user_filter (class=org.apache.hadoop.http.lib.StaticUserWebFilter$StaticUserFilter) to context logs
2019-10-04 06:13:15,450 [main] INFO  http.HttpServer2 (HttpServer2.java:bindListener(1191)) - Jetty bound to port 38877
2019-10-04 06:13:15,451 [main] INFO  server.Server (Server.java:doStart(351)) - jetty-9.3.25.v20180904, build timestamp: 2018-09-04T21:11:46Z, git hash: 3ce520221d0240229c862b122d2b06c12a625732
2019-10-04 06:13:15,452 [main] INFO  handler.ContextHandler (ContextHandler.java:doStart(781)) - Started o.e.j.s.ServletContextHandler@75839695{/logs,file:///workdir/hadoop-ozone/integration-test/target/log,AVAILABLE}
2019-10-04 06:13:15,453 [main] INFO  handler.ContextHandler (ContextHandler.java:doStart(781)) - Started o.e.j.s.ServletContextHandler@794c5f5e{/static,file:///workdir/hadoop-ozone/integration-test/target/test-classes/webapps/static,AVAILABLE}
2019-10-04 06:13:15,457 [main] INFO  handler.ContextHandler (ContextHandler.java:doStart(781)) - Started o.e.j.w.WebAppContext@6b2ef50e{/,file:///workdir/hadoop-ozone/integration-test/target/test-classes/webapps/ozoneManager/,AVAILABLE}{/ozoneManager}
2019-10-04 06:13:15,457 [main] INFO  server.AbstractConnector (AbstractConnector.java:doStart(278)) - Started ServerConnector@6f867b0c{HTTP/1.1,[http/1.1]}{0.0.0.0:38877}
2019-10-04 06:13:15,457 [main] INFO  server.Server (Server.java:doStart(419)) - Started @646028ms
2019-10-04 06:13:15,459 [main] WARN  impl.MetricsSystemImpl (MetricsSystemImpl.java:register(276)) - Sink prometheus already exists!
2019-10-04 06:13:15,460 [main] INFO  server.BaseHttpServer (BaseHttpServer.java:updateConnectorAddress(215)) - HTTP server of OZONEMANAGER is listening at http://0.0.0.0:38877
2019-10-04 06:13:15,473 [main] INFO  impl.MetricsSystemImpl (MetricsSystemImpl.java:init(158)) - HddsDatanode metrics system started (again)
2019-10-04 06:13:15,479 [main] INFO  ozone.HddsDatanodeService (HddsDatanodeService.java:start(184)) - HddsDatanodeService host:trunk-nightly-20191004-lpvmn-70278721 ip:192.168.151.69
2019-10-04 06:13:15,487 [main] INFO  volume.HddsVolume (HddsVolume.java:<init>(176)) - Creating Volume: /workdir/hadoop-ozone/integration-test/target/test-dir/MiniOzoneClusterImpl-f2c63e22-5472-4ef8-9a63-56aaf7805485/datanode-0/data/containers/hdds of  storage type : DISK and capacity : 1482555576320
2019-10-04 06:13:15,487 [main] INFO  volume.VolumeSet (VolumeSet.java:initializeVolumeSet(170)) - Added Volume : /workdir/hadoop-ozone/integration-test/target/test-dir/MiniOzoneClusterImpl-f2c63e22-5472-4ef8-9a63-56aaf7805485/datanode-0/data/containers/hdds to VolumeSet
2019-10-04 06:13:15,488 [main] INFO  volume.ThrottledAsyncChecker (ThrottledAsyncChecker.java:schedule(139)) - Scheduling a check for org.apache.hadoop.ozone.container.common.volume.HddsVolume@1322b575
2019-10-04 06:13:15,490 [main] INFO  volume.HddsVolumeChecker (HddsVolumeChecker.java:checkAllVolumes(202)) - Scheduled health check for volume org.apache.hadoop.ozone.container.common.volume.HddsVolume@1322b575
2019-10-04 06:13:15,507 [main] INFO  impl.RaftServerProxy (ConfUtils.java:logGet(43)) - raft.rpc.type = GRPC (default)
2019-10-04 06:13:15,507 [main] INFO  grpc.GrpcFactory (GrpcFactory.java:checkPooledByteBufAllocatorUseCacheForAllThreads(45)) - PERFORMANCE WARNING: useCacheForAllThreads is true that may cause Netty to create a lot garbage objects and, as a result, trigger GC.
	It is recommended to disable useCacheForAllThreads by setting -Dorg.apache.ratis.thirdparty.io.netty.allocator.useCacheForAllThreads=false in command line.
2019-10-04 06:13:15,507 [main] INFO  grpc.GrpcConfigKeys$Server (ConfUtils.java:logGet(43)) - raft.grpc.server.port = 0 (default)
2019-10-04 06:13:15,507 [main] INFO  server.GrpcService (ConfUtils.java:logGet(43)) - raft.grpc.message.size.max = 33570816 (custom)
2019-10-04 06:13:15,508 [main] INFO  server.RaftServerConfigKeys (ConfUtils.java:logGet(43)) - raft.server.log.appender.buffer.byte-limit = 33554432 (custom)
2019-10-04 06:13:15,508 [main] INFO  server.GrpcService (ConfUtils.java:logGet(43)) - raft.grpc.flow.control.window = 1MB (=1048576) (default)
2019-10-04 06:13:15,508 [main] INFO  server.RaftServerConfigKeys (ConfUtils.java:logGet(43)) - raft.server.rpc.request.timeout = 3000ms (default)
2019-10-04 06:13:15,509 [main] INFO  server.RaftServerConfigKeys (ConfUtils.java:logGet(43)) - raft.server.storage.dir = [/workdir/hadoop-ozone/integration-test/target/test-dir/MiniOzoneClusterImpl-f2c63e22-5472-4ef8-9a63-56aaf7805485/datanode-0/data/ratis] (custom)
2019-10-04 06:13:15,511 [main] INFO  hdfs.DFSUtil (DFSUtil.java:httpServerTemplateForNNAndJN(1641)) - Starting Web-server for hddsDatanode at: http://0.0.0.0:0
2019-10-04 06:13:15,512 [main] INFO  server.AuthenticationFilter (AuthenticationFilter.java:constructSecretProvider(240)) - Unable to initialize FileSignerSecretProvider, falling back to use random secrets.
2019-10-04 06:13:15,512 [main] WARN  http.HttpRequestLog (HttpRequestLog.java:getRequestLog(97)) - Jetty request log can only be enabled using Log4j
2019-10-04 06:13:15,513 [main] INFO  http.HttpServer2 (HttpServer2.java:addGlobalFilter(975)) - Added global filter 'safety' (class=org.apache.hadoop.http.HttpServer2$QuotingInputFilter)
2019-10-04 06:13:15,514 [main] INFO  http.HttpServer2 (HttpServer2.java:addFilter(948)) - Added filter static_user_filter (class=org.apache.hadoop.http.lib.StaticUserWebFilter$StaticUserFilter) to context hddsDatanode
2019-10-04 06:13:15,514 [main] INFO  http.HttpServer2 (HttpServer2.java:addFilter(958)) - Added filter static_user_filter (class=org.apache.hadoop.http.lib.StaticUserWebFilter$StaticUserFilter) to context static
2019-10-04 06:13:15,514 [main] INFO  http.HttpServer2 (HttpServer2.java:addFilter(958)) - Added filter static_user_filter (class=org.apache.hadoop.http.lib.StaticUserWebFilter$StaticUserFilter) to context logs
2019-10-04 06:13:15,515 [main] INFO  http.HttpServer2 (HttpServer2.java:bindListener(1191)) - Jetty bound to port 39530
2019-10-04 06:13:15,515 [main] INFO  server.Server (Server.java:doStart(351)) - jetty-9.3.25.v20180904, build timestamp: 2018-09-04T21:11:46Z, git hash: 3ce520221d0240229c862b122d2b06c12a625732
2019-10-04 06:13:15,516 [main] INFO  handler.ContextHandler (ContextHandler.java:doStart(781)) - Started o.e.j.s.ServletContextHandler@64b73e0a{/logs,file:///workdir/hadoop-ozone/integration-test/target/log,AVAILABLE}
2019-10-04 06:13:15,517 [main] INFO  handler.ContextHandler (ContextHandler.java:doStart(781)) - Started o.e.j.s.ServletContextHandler@3b57f915{/static,jar:file:/home/user/.m2/repository/org/apache/hadoop/hadoop-hdds-container-service/0.5.0-SNAPSHOT/hadoop-hdds-container-service-0.5.0-SNAPSHOT.jar!/webapps/static,AVAILABLE}
2019-10-04 06:13:15,547 [main] INFO  handler.ContextHandler (ContextHandler.java:doStart(781)) - Started o.e.j.w.WebAppContext@7e2bc2f4{/,file:///tmp/jetty-0.0.0.0-39530-hddsDatanode-_-any-4082179062711489748.dir/webapp/,AVAILABLE}{/hddsDatanode}
2019-10-04 06:13:15,548 [main] INFO  server.AbstractConnector (AbstractConnector.java:doStart(278)) - Started ServerConnector@67eeb310{HTTP/1.1,[http/1.1]}{0.0.0.0:39530}
2019-10-04 06:13:15,548 [main] INFO  server.Server (Server.java:doStart(419)) - Started @646119ms
2019-10-04 06:13:15,549 [main] WARN  impl.MetricsSystemImpl (MetricsSystemImpl.java:register(276)) - Sink prometheus already exists!
2019-10-04 06:13:15,550 [main] INFO  server.BaseHttpServer (BaseHttpServer.java:updateConnectorAddress(215)) - HTTP server of HDDSDATANODE is listening at http://0.0.0.0:39530
2019-10-04 06:13:15,550 [main] INFO  impl.MetricsSystemImpl (MetricsSystemImpl.java:init(158)) - HddsDatanode metrics system started (again)
2019-10-04 06:13:15,556 [main] INFO  ozone.HddsDatanodeService (HddsDatanodeService.java:start(184)) - HddsDatanodeService host:trunk-nightly-20191004-lpvmn-70278721 ip:192.168.151.69
2019-10-04 06:13:15,556 [org.apache.hadoop.util.JvmPauseMonitor$Monitor@44b3453f] INFO  util.JvmPauseMonitor (JvmPauseMonitor.java:run(188)) - Starting JVM pause monitor
2019-10-04 06:13:15,558 [Datanode State Machine Thread - 0] INFO  datanode.InitDatanodeState (InitDatanodeState.java:persistContainerDatanodeDetails(140)) - DatanodeDetails is persisted to /workdir/hadoop-ozone/integration-test/target/test-dir/MiniOzoneClusterImpl-f2c63e22-5472-4ef8-9a63-56aaf7805485/datanode-0/meta/datanode.id
2019-10-04 06:13:15,562 [main] INFO  volume.HddsVolume (HddsVolume.java:<init>(176)) - Creating Volume: /workdir/hadoop-ozone/integration-test/target/test-dir/MiniOzoneClusterImpl-f2c63e22-5472-4ef8-9a63-56aaf7805485/datanode-1/data/containers/hdds of  storage type : DISK and capacity : 1482555576320
2019-10-04 06:13:15,562 [main] INFO  volume.VolumeSet (VolumeSet.java:initializeVolumeSet(170)) - Added Volume : /workdir/hadoop-ozone/integration-test/target/test-dir/MiniOzoneClusterImpl-f2c63e22-5472-4ef8-9a63-56aaf7805485/datanode-1/data/containers/hdds to VolumeSet
2019-10-04 06:13:15,563 [main] INFO  volume.ThrottledAsyncChecker (ThrottledAsyncChecker.java:schedule(139)) - Scheduling a check for org.apache.hadoop.ozone.container.common.volume.HddsVolume@2321e482
2019-10-04 06:13:15,563 [main] INFO  volume.HddsVolumeChecker (HddsVolumeChecker.java:checkAllVolumes(202)) - Scheduled health check for volume org.apache.hadoop.ozone.container.common.volume.HddsVolume@2321e482
2019-10-04 06:13:15,578 [main] INFO  impl.RaftServerProxy (ConfUtils.java:logGet(43)) - raft.rpc.type = GRPC (default)
2019-10-04 06:13:15,578 [main] INFO  grpc.GrpcFactory (GrpcFactory.java:checkPooledByteBufAllocatorUseCacheForAllThreads(45)) - PERFORMANCE WARNING: useCacheForAllThreads is true that may cause Netty to create a lot garbage objects and, as a result, trigger GC.
	It is recommended to disable useCacheForAllThreads by setting -Dorg.apache.ratis.thirdparty.io.netty.allocator.useCacheForAllThreads=false in command line.
2019-10-04 06:13:15,578 [main] INFO  grpc.GrpcConfigKeys$Server (ConfUtils.java:logGet(43)) - raft.grpc.server.port = 0 (default)
2019-10-04 06:13:15,578 [main] INFO  server.GrpcService (ConfUtils.java:logGet(43)) - raft.grpc.message.size.max = 33570816 (custom)
2019-10-04 06:13:15,579 [main] INFO  server.RaftServerConfigKeys (ConfUtils.java:logGet(43)) - raft.server.log.appender.buffer.byte-limit = 33554432 (custom)
2019-10-04 06:13:15,579 [main] INFO  server.GrpcService (ConfUtils.java:logGet(43)) - raft.grpc.flow.control.window = 1MB (=1048576) (default)
2019-10-04 06:13:15,579 [main] INFO  server.RaftServerConfigKeys (ConfUtils.java:logGet(43)) - raft.server.rpc.request.timeout = 3000ms (default)
2019-10-04 06:13:15,579 [main] INFO  server.RaftServerConfigKeys (ConfUtils.java:logGet(43)) - raft.server.storage.dir = [/workdir/hadoop-ozone/integration-test/target/test-dir/MiniOzoneClusterImpl-f2c63e22-5472-4ef8-9a63-56aaf7805485/datanode-1/data/ratis] (custom)
2019-10-04 06:13:15,580 [main] INFO  hdfs.DFSUtil (DFSUtil.java:httpServerTemplateForNNAndJN(1641)) - Starting Web-server for hddsDatanode at: http://0.0.0.0:0
2019-10-04 06:13:15,581 [main] INFO  server.AuthenticationFilter (AuthenticationFilter.java:constructSecretProvider(240)) - Unable to initialize FileSignerSecretProvider, falling back to use random secrets.
2019-10-04 06:13:15,582 [main] WARN  http.HttpRequestLog (HttpRequestLog.java:getRequestLog(97)) - Jetty request log can only be enabled using Log4j
2019-10-04 06:13:15,583 [main] INFO  http.HttpServer2 (HttpServer2.java:addGlobalFilter(975)) - Added global filter 'safety' (class=org.apache.hadoop.http.HttpServer2$QuotingInputFilter)
2019-10-04 06:13:15,583 [main] INFO  http.HttpServer2 (HttpServer2.java:addFilter(948)) - Added filter static_user_filter (class=org.apache.hadoop.http.lib.StaticUserWebFilter$StaticUserFilter) to context hddsDatanode
2019-10-04 06:13:15,583 [main] INFO  http.HttpServer2 (HttpServer2.java:addFilter(958)) - Added filter static_user_filter (class=org.apache.hadoop.http.lib.StaticUserWebFilter$StaticUserFilter) to context static
2019-10-04 06:13:15,583 [main] INFO  http.HttpServer2 (HttpServer2.java:addFilter(958)) - Added filter static_user_filter (class=org.apache.hadoop.http.lib.StaticUserWebFilter$StaticUserFilter) to context logs
2019-10-04 06:13:15,584 [main] INFO  http.HttpServer2 (HttpServer2.java:bindListener(1191)) - Jetty bound to port 43873
2019-10-04 06:13:15,584 [main] INFO  server.Server (Server.java:doStart(351)) - jetty-9.3.25.v20180904, build timestamp: 2018-09-04T21:11:46Z, git hash: 3ce520221d0240229c862b122d2b06c12a625732
2019-10-04 06:13:15,585 [main] INFO  handler.ContextHandler (ContextHandler.java:doStart(781)) - Started o.e.j.s.ServletContextHandler@63a84bb6{/logs,file:///workdir/hadoop-ozone/integration-test/target/log,AVAILABLE}
2019-10-04 06:13:15,586 [main] INFO  handler.ContextHandler (ContextHandler.java:doStart(781)) - Started o.e.j.s.ServletContextHandler@1999149e{/static,jar:file:/home/user/.m2/repository/org/apache/hadoop/hadoop-hdds-container-service/0.5.0-SNAPSHOT/hadoop-hdds-container-service-0.5.0-SNAPSHOT.jar!/webapps/static,AVAILABLE}
2019-10-04 06:13:15,614 [main] INFO  handler.ContextHandler (ContextHandler.java:doStart(781)) - Started o.e.j.w.WebAppContext@7996d0d4{/,file:///tmp/jetty-0.0.0.0-43873-hddsDatanode-_-any-7358910547322754628.dir/webapp/,AVAILABLE}{/hddsDatanode}
2019-10-04 06:13:15,615 [main] INFO  server.AbstractConnector (AbstractConnector.java:doStart(278)) - Started ServerConnector@fcf9525{HTTP/1.1,[http/1.1]}{0.0.0.0:43873}
2019-10-04 06:13:15,615 [main] INFO  server.Server (Server.java:doStart(419)) - Started @646186ms
2019-10-04 06:13:15,616 [main] WARN  impl.MetricsSystemImpl (MetricsSystemImpl.java:register(276)) - Sink prometheus already exists!
2019-10-04 06:13:15,617 [main] INFO  server.BaseHttpServer (BaseHttpServer.java:updateConnectorAddress(215)) - HTTP server of HDDSDATANODE is listening at http://0.0.0.0:43873
2019-10-04 06:13:15,617 [main] INFO  impl.MetricsSystemImpl (MetricsSystemImpl.java:init(158)) - HddsDatanode metrics system started (again)
2019-10-04 06:13:15,623 [main] INFO  ozone.HddsDatanodeService (HddsDatanodeService.java:start(184)) - HddsDatanodeService host:trunk-nightly-20191004-lpvmn-70278721 ip:192.168.151.69
2019-10-04 06:13:15,623 [org.apache.hadoop.util.JvmPauseMonitor$Monitor@57a3206e] INFO  util.JvmPauseMonitor (JvmPauseMonitor.java:run(188)) - Starting JVM pause monitor
2019-10-04 06:13:15,625 [Datanode State Machine Thread - 0] INFO  datanode.InitDatanodeState (InitDatanodeState.java:persistContainerDatanodeDetails(140)) - DatanodeDetails is persisted to /workdir/hadoop-ozone/integration-test/target/test-dir/MiniOzoneClusterImpl-f2c63e22-5472-4ef8-9a63-56aaf7805485/datanode-1/meta/datanode.id
2019-10-04 06:13:15,629 [main] INFO  volume.HddsVolume (HddsVolume.java:<init>(176)) - Creating Volume: /workdir/hadoop-ozone/integration-test/target/test-dir/MiniOzoneClusterImpl-f2c63e22-5472-4ef8-9a63-56aaf7805485/datanode-2/data/containers/hdds of  storage type : DISK and capacity : 1482555576320
2019-10-04 06:13:15,629 [main] INFO  volume.VolumeSet (VolumeSet.java:initializeVolumeSet(170)) - Added Volume : /workdir/hadoop-ozone/integration-test/target/test-dir/MiniOzoneClusterImpl-f2c63e22-5472-4ef8-9a63-56aaf7805485/datanode-2/data/containers/hdds to VolumeSet
2019-10-04 06:13:15,629 [main] INFO  volume.ThrottledAsyncChecker (ThrottledAsyncChecker.java:schedule(139)) - Scheduling a check for org.apache.hadoop.ozone.container.common.volume.HddsVolume@67afe909
2019-10-04 06:13:15,630 [main] INFO  volume.HddsVolumeChecker (HddsVolumeChecker.java:checkAllVolumes(202)) - Scheduled health check for volume org.apache.hadoop.ozone.container.common.volume.HddsVolume@67afe909
2019-10-04 06:13:15,641 [main] INFO  impl.RaftServerProxy (ConfUtils.java:logGet(43)) - raft.rpc.type = GRPC (default)
2019-10-04 06:13:15,641 [main] INFO  grpc.GrpcFactory (GrpcFactory.java:checkPooledByteBufAllocatorUseCacheForAllThreads(45)) - PERFORMANCE WARNING: useCacheForAllThreads is true that may cause Netty to create a lot garbage objects and, as a result, trigger GC.
	It is recommended to disable useCacheForAllThreads by setting -Dorg.apache.ratis.thirdparty.io.netty.allocator.useCacheForAllThreads=false in command line.
2019-10-04 06:13:15,641 [main] INFO  grpc.GrpcConfigKeys$Server (ConfUtils.java:logGet(43)) - raft.grpc.server.port = 0 (default)
2019-10-04 06:13:15,641 [main] INFO  server.GrpcService (ConfUtils.java:logGet(43)) - raft.grpc.message.size.max = 33570816 (custom)
2019-10-04 06:13:15,641 [main] INFO  server.RaftServerConfigKeys (ConfUtils.java:logGet(43)) - raft.server.log.appender.buffer.byte-limit = 33554432 (custom)
2019-10-04 06:13:15,642 [main] INFO  server.GrpcService (ConfUtils.java:logGet(43)) - raft.grpc.flow.control.window = 1MB (=1048576) (default)
2019-10-04 06:13:15,642 [main] INFO  server.RaftServerConfigKeys (ConfUtils.java:logGet(43)) - raft.server.rpc.request.timeout = 3000ms (default)
2019-10-04 06:13:15,643 [main] INFO  server.RaftServerConfigKeys (ConfUtils.java:logGet(43)) - raft.server.storage.dir = [/workdir/hadoop-ozone/integration-test/target/test-dir/MiniOzoneClusterImpl-f2c63e22-5472-4ef8-9a63-56aaf7805485/datanode-2/data/ratis] (custom)
2019-10-04 06:13:15,644 [main] INFO  hdfs.DFSUtil (DFSUtil.java:httpServerTemplateForNNAndJN(1641)) - Starting Web-server for hddsDatanode at: http://0.0.0.0:0
2019-10-04 06:13:15,645 [main] INFO  server.AuthenticationFilter (AuthenticationFilter.java:constructSecretProvider(240)) - Unable to initialize FileSignerSecretProvider, falling back to use random secrets.
2019-10-04 06:13:15,646 [main] WARN  http.HttpRequestLog (HttpRequestLog.java:getRequestLog(97)) - Jetty request log can only be enabled using Log4j
2019-10-04 06:13:15,648 [main] INFO  http.HttpServer2 (HttpServer2.java:addGlobalFilter(975)) - Added global filter 'safety' (class=org.apache.hadoop.http.HttpServer2$QuotingInputFilter)
2019-10-04 06:13:15,648 [main] INFO  http.HttpServer2 (HttpServer2.java:addFilter(948)) - Added filter static_user_filter (class=org.apache.hadoop.http.lib.StaticUserWebFilter$StaticUserFilter) to context hddsDatanode
2019-10-04 06:13:15,648 [main] INFO  http.HttpServer2 (HttpServer2.java:addFilter(958)) - Added filter static_user_filter (class=org.apache.hadoop.http.lib.StaticUserWebFilter$StaticUserFilter) to context logs
2019-10-04 06:13:15,649 [main] INFO  http.HttpServer2 (HttpServer2.java:addFilter(958)) - Added filter static_user_filter (class=org.apache.hadoop.http.lib.StaticUserWebFilter$StaticUserFilter) to context static
2019-10-04 06:13:15,649 [main] INFO  http.HttpServer2 (HttpServer2.java:bindListener(1191)) - Jetty bound to port 40530
2019-10-04 06:13:15,650 [main] INFO  server.Server (Server.java:doStart(351)) - jetty-9.3.25.v20180904, build timestamp: 2018-09-04T21:11:46Z, git hash: 3ce520221d0240229c862b122d2b06c12a625732
2019-10-04 06:13:15,651 [main] INFO  handler.ContextHandler (ContextHandler.java:doStart(781)) - Started o.e.j.s.ServletContextHandler@1cc41b77{/logs,file:///workdir/hadoop-ozone/integration-test/target/log,AVAILABLE}
2019-10-04 06:13:15,652 [main] INFO  handler.ContextHandler (ContextHandler.java:doStart(781)) - Started o.e.j.s.ServletContextHandler@6e93b0e7{/static,jar:file:/home/user/.m2/repository/org/apache/hadoop/hadoop-hdds-container-service/0.5.0-SNAPSHOT/hadoop-hdds-container-service-0.5.0-SNAPSHOT.jar!/webapps/static,AVAILABLE}
2019-10-04 06:13:15,682 [main] INFO  handler.ContextHandler (ContextHandler.java:doStart(781)) - Started o.e.j.w.WebAppContext@d28c214{/,file:///tmp/jetty-0.0.0.0-40530-hddsDatanode-_-any-7378611058410252082.dir/webapp/,AVAILABLE}{/hddsDatanode}
2019-10-04 06:13:15,682 [main] INFO  server.AbstractConnector (AbstractConnector.java:doStart(278)) - Started ServerConnector@2fc7fa6e{HTTP/1.1,[http/1.1]}{0.0.0.0:40530}
2019-10-04 06:13:15,684 [main] INFO  server.Server (Server.java:doStart(419)) - Started @646253ms
2019-10-04 06:13:15,684 [main] WARN  impl.MetricsSystemImpl (MetricsSystemImpl.java:register(276)) - Sink prometheus already exists!
2019-10-04 06:13:15,685 [main] INFO  server.BaseHttpServer (BaseHttpServer.java:updateConnectorAddress(215)) - HTTP server of HDDSDATANODE is listening at http://0.0.0.0:40530
2019-10-04 06:13:15,685 [main] INFO  impl.MetricsSystemImpl (MetricsSystemImpl.java:init(158)) - HddsDatanode metrics system started (again)
2019-10-04 06:13:15,692 [org.apache.hadoop.util.JvmPauseMonitor$Monitor@7a827d65] INFO  util.JvmPauseMonitor (JvmPauseMonitor.java:run(188)) - Starting JVM pause monitor
2019-10-04 06:13:15,692 [main] INFO  ozone.HddsDatanodeService (HddsDatanodeService.java:start(184)) - HddsDatanodeService host:trunk-nightly-20191004-lpvmn-70278721 ip:192.168.151.69
2019-10-04 06:13:15,693 [Datanode State Machine Thread - 0] INFO  datanode.InitDatanodeState (InitDatanodeState.java:persistContainerDatanodeDetails(140)) - DatanodeDetails is persisted to /workdir/hadoop-ozone/integration-test/target/test-dir/MiniOzoneClusterImpl-f2c63e22-5472-4ef8-9a63-56aaf7805485/datanode-2/meta/datanode.id
2019-10-04 06:13:15,699 [main] INFO  volume.HddsVolume (HddsVolume.java:<init>(176)) - Creating Volume: /workdir/hadoop-ozone/integration-test/target/test-dir/MiniOzoneClusterImpl-f2c63e22-5472-4ef8-9a63-56aaf7805485/datanode-3/data/containers/hdds of  storage type : DISK and capacity : 1482555576320
2019-10-04 06:13:15,699 [main] INFO  volume.VolumeSet (VolumeSet.java:initializeVolumeSet(170)) - Added Volume : /workdir/hadoop-ozone/integration-test/target/test-dir/MiniOzoneClusterImpl-f2c63e22-5472-4ef8-9a63-56aaf7805485/datanode-3/data/containers/hdds to VolumeSet
2019-10-04 06:13:15,699 [main] INFO  volume.ThrottledAsyncChecker (ThrottledAsyncChecker.java:schedule(139)) - Scheduling a check for org.apache.hadoop.ozone.container.common.volume.HddsVolume@12f9f896
2019-10-04 06:13:15,700 [main] INFO  volume.HddsVolumeChecker (HddsVolumeChecker.java:checkAllVolumes(202)) - Scheduled health check for volume org.apache.hadoop.ozone.container.common.volume.HddsVolume@12f9f896
2019-10-04 06:13:15,712 [main] INFO  impl.RaftServerProxy (ConfUtils.java:logGet(43)) - raft.rpc.type = GRPC (default)
2019-10-04 06:13:15,712 [main] INFO  grpc.GrpcFactory (GrpcFactory.java:checkPooledByteBufAllocatorUseCacheForAllThreads(45)) - PERFORMANCE WARNING: useCacheForAllThreads is true that may cause Netty to create a lot garbage objects and, as a result, trigger GC.
	It is recommended to disable useCacheForAllThreads by setting -Dorg.apache.ratis.thirdparty.io.netty.allocator.useCacheForAllThreads=false in command line.
2019-10-04 06:13:15,713 [main] INFO  grpc.GrpcConfigKeys$Server (ConfUtils.java:logGet(43)) - raft.grpc.server.port = 0 (default)
2019-10-04 06:13:15,713 [main] INFO  server.GrpcService (ConfUtils.java:logGet(43)) - raft.grpc.message.size.max = 33570816 (custom)
2019-10-04 06:13:15,713 [main] INFO  server.RaftServerConfigKeys (ConfUtils.java:logGet(43)) - raft.server.log.appender.buffer.byte-limit = 33554432 (custom)
2019-10-04 06:13:15,713 [main] INFO  server.GrpcService (ConfUtils.java:logGet(43)) - raft.grpc.flow.control.window = 1MB (=1048576) (default)
2019-10-04 06:13:15,713 [main] INFO  server.RaftServerConfigKeys (ConfUtils.java:logGet(43)) - raft.server.rpc.request.timeout = 3000ms (default)
2019-10-04 06:13:15,714 [main] INFO  server.RaftServerConfigKeys (ConfUtils.java:logGet(43)) - raft.server.storage.dir = [/workdir/hadoop-ozone/integration-test/target/test-dir/MiniOzoneClusterImpl-f2c63e22-5472-4ef8-9a63-56aaf7805485/datanode-3/data/ratis] (custom)
2019-10-04 06:13:15,715 [main] INFO  hdfs.DFSUtil (DFSUtil.java:httpServerTemplateForNNAndJN(1641)) - Starting Web-server for hddsDatanode at: http://0.0.0.0:0
2019-10-04 06:13:15,716 [main] INFO  server.AuthenticationFilter (AuthenticationFilter.java:constructSecretProvider(240)) - Unable to initialize FileSignerSecretProvider, falling back to use random secrets.
2019-10-04 06:13:15,716 [main] WARN  http.HttpRequestLog (HttpRequestLog.java:getRequestLog(97)) - Jetty request log can only be enabled using Log4j
2019-10-04 06:13:15,717 [main] INFO  http.HttpServer2 (HttpServer2.java:addGlobalFilter(975)) - Added global filter 'safety' (class=org.apache.hadoop.http.HttpServer2$QuotingInputFilter)
2019-10-04 06:13:15,718 [main] INFO  http.HttpServer2 (HttpServer2.java:addFilter(948)) - Added filter static_user_filter (class=org.apache.hadoop.http.lib.StaticUserWebFilter$StaticUserFilter) to context hddsDatanode
2019-10-04 06:13:15,718 [main] INFO  http.HttpServer2 (HttpServer2.java:addFilter(958)) - Added filter static_user_filter (class=org.apache.hadoop.http.lib.StaticUserWebFilter$StaticUserFilter) to context logs
2019-10-04 06:13:15,718 [main] INFO  http.HttpServer2 (HttpServer2.java:addFilter(958)) - Added filter static_user_filter (class=org.apache.hadoop.http.lib.StaticUserWebFilter$StaticUserFilter) to context static
2019-10-04 06:13:15,719 [main] INFO  http.HttpServer2 (HttpServer2.java:bindListener(1191)) - Jetty bound to port 44033
2019-10-04 06:13:15,719 [main] INFO  server.Server (Server.java:doStart(351)) - jetty-9.3.25.v20180904, build timestamp: 2018-09-04T21:11:46Z, git hash: 3ce520221d0240229c862b122d2b06c12a625732
2019-10-04 06:13:15,720 [main] INFO  handler.ContextHandler (ContextHandler.java:doStart(781)) - Started o.e.j.s.ServletContextHandler@6a51ae7c{/logs,file:///workdir/hadoop-ozone/integration-test/target/log,AVAILABLE}
2019-10-04 06:13:15,721 [main] INFO  handler.ContextHandler (ContextHandler.java:doStart(781)) - Started o.e.j.s.ServletContextHandler@58739e5e{/static,jar:file:/home/user/.m2/repository/org/apache/hadoop/hadoop-hdds-container-service/0.5.0-SNAPSHOT/hadoop-hdds-container-service-0.5.0-SNAPSHOT.jar!/webapps/static,AVAILABLE}
2019-10-04 06:13:15,760 [main] INFO  handler.ContextHandler (ContextHandler.java:doStart(781)) - Started o.e.j.w.WebAppContext@7893c715{/,file:///tmp/jetty-0.0.0.0-44033-hddsDatanode-_-any-7898718646605458381.dir/webapp/,AVAILABLE}{/hddsDatanode}
2019-10-04 06:13:15,760 [main] INFO  server.AbstractConnector (AbstractConnector.java:doStart(278)) - Started ServerConnector@36f6d25c{HTTP/1.1,[http/1.1]}{0.0.0.0:44033}
2019-10-04 06:13:15,760 [main] INFO  server.Server (Server.java:doStart(419)) - Started @646331ms
2019-10-04 06:13:15,762 [main] WARN  impl.MetricsSystemImpl (MetricsSystemImpl.java:register(276)) - Sink prometheus already exists!
2019-10-04 06:13:15,763 [main] INFO  server.BaseHttpServer (BaseHttpServer.java:updateConnectorAddress(215)) - HTTP server of HDDSDATANODE is listening at http://0.0.0.0:44033
2019-10-04 06:13:15,763 [main] INFO  impl.MetricsSystemImpl (MetricsSystemImpl.java:init(158)) - HddsDatanode metrics system started (again)
2019-10-04 06:13:15,770 [org.apache.hadoop.util.JvmPauseMonitor$Monitor@37c56874] INFO  util.JvmPauseMonitor (JvmPauseMonitor.java:run(188)) - Starting JVM pause monitor
2019-10-04 06:13:15,771 [main] INFO  ozone.HddsDatanodeService (HddsDatanodeService.java:start(184)) - HddsDatanodeService host:trunk-nightly-20191004-lpvmn-70278721 ip:192.168.151.69
2019-10-04 06:13:15,772 [Datanode State Machine Thread - 0] INFO  datanode.InitDatanodeState (InitDatanodeState.java:persistContainerDatanodeDetails(140)) - DatanodeDetails is persisted to /workdir/hadoop-ozone/integration-test/target/test-dir/MiniOzoneClusterImpl-f2c63e22-5472-4ef8-9a63-56aaf7805485/datanode-3/meta/datanode.id
2019-10-04 06:13:15,779 [main] INFO  volume.HddsVolume (HddsVolume.java:<init>(176)) - Creating Volume: /workdir/hadoop-ozone/integration-test/target/test-dir/MiniOzoneClusterImpl-f2c63e22-5472-4ef8-9a63-56aaf7805485/datanode-4/data/containers/hdds of  storage type : DISK and capacity : 1482555576320
2019-10-04 06:13:15,779 [main] INFO  volume.VolumeSet (VolumeSet.java:initializeVolumeSet(170)) - Added Volume : /workdir/hadoop-ozone/integration-test/target/test-dir/MiniOzoneClusterImpl-f2c63e22-5472-4ef8-9a63-56aaf7805485/datanode-4/data/containers/hdds to VolumeSet
2019-10-04 06:13:15,779 [main] INFO  volume.ThrottledAsyncChecker (ThrottledAsyncChecker.java:schedule(139)) - Scheduling a check for org.apache.hadoop.ozone.container.common.volume.HddsVolume@76af34b5
2019-10-04 06:13:15,780 [main] INFO  volume.HddsVolumeChecker (HddsVolumeChecker.java:checkAllVolumes(202)) - Scheduled health check for volume org.apache.hadoop.ozone.container.common.volume.HddsVolume@76af34b5
2019-10-04 06:13:15,799 [main] INFO  impl.RaftServerProxy (ConfUtils.java:logGet(43)) - raft.rpc.type = GRPC (default)
2019-10-04 06:13:15,799 [main] INFO  grpc.GrpcFactory (GrpcFactory.java:checkPooledByteBufAllocatorUseCacheForAllThreads(45)) - PERFORMANCE WARNING: useCacheForAllThreads is true that may cause Netty to create a lot garbage objects and, as a result, trigger GC.
	It is recommended to disable useCacheForAllThreads by setting -Dorg.apache.ratis.thirdparty.io.netty.allocator.useCacheForAllThreads=false in command line.
2019-10-04 06:13:15,799 [main] INFO  grpc.GrpcConfigKeys$Server (ConfUtils.java:logGet(43)) - raft.grpc.server.port = 0 (default)
2019-10-04 06:13:15,799 [main] INFO  server.GrpcService (ConfUtils.java:logGet(43)) - raft.grpc.message.size.max = 33570816 (custom)
2019-10-04 06:13:15,800 [main] INFO  server.RaftServerConfigKeys (ConfUtils.java:logGet(43)) - raft.server.log.appender.buffer.byte-limit = 33554432 (custom)
2019-10-04 06:13:15,800 [main] INFO  server.GrpcService (ConfUtils.java:logGet(43)) - raft.grpc.flow.control.window = 1MB (=1048576) (default)
2019-10-04 06:13:15,800 [main] INFO  server.RaftServerConfigKeys (ConfUtils.java:logGet(43)) - raft.server.rpc.request.timeout = 3000ms (default)
2019-10-04 06:13:15,800 [main] INFO  server.RaftServerConfigKeys (ConfUtils.java:logGet(43)) - raft.server.storage.dir = [/workdir/hadoop-ozone/integration-test/target/test-dir/MiniOzoneClusterImpl-f2c63e22-5472-4ef8-9a63-56aaf7805485/datanode-4/data/ratis] (custom)
2019-10-04 06:13:15,802 [main] INFO  hdfs.DFSUtil (DFSUtil.java:httpServerTemplateForNNAndJN(1641)) - Starting Web-server for hddsDatanode at: http://0.0.0.0:0
2019-10-04 06:13:15,803 [main] INFO  server.AuthenticationFilter (AuthenticationFilter.java:constructSecretProvider(240)) - Unable to initialize FileSignerSecretProvider, falling back to use random secrets.
2019-10-04 06:13:15,803 [main] WARN  http.HttpRequestLog (HttpRequestLog.java:getRequestLog(97)) - Jetty request log can only be enabled using Log4j
2019-10-04 06:13:15,804 [main] INFO  http.HttpServer2 (HttpServer2.java:addGlobalFilter(975)) - Added global filter 'safety' (class=org.apache.hadoop.http.HttpServer2$QuotingInputFilter)
2019-10-04 06:13:15,805 [main] INFO  http.HttpServer2 (HttpServer2.java:addFilter(948)) - Added filter static_user_filter (class=org.apache.hadoop.http.lib.StaticUserWebFilter$StaticUserFilter) to context hddsDatanode
2019-10-04 06:13:15,805 [main] INFO  http.HttpServer2 (HttpServer2.java:addFilter(958)) - Added filter static_user_filter (class=org.apache.hadoop.http.lib.StaticUserWebFilter$StaticUserFilter) to context logs
2019-10-04 06:13:15,805 [main] INFO  http.HttpServer2 (HttpServer2.java:addFilter(958)) - Added filter static_user_filter (class=org.apache.hadoop.http.lib.StaticUserWebFilter$StaticUserFilter) to context static
2019-10-04 06:13:15,805 [main] INFO  http.HttpServer2 (HttpServer2.java:bindListener(1191)) - Jetty bound to port 40648
2019-10-04 06:13:15,806 [main] INFO  server.Server (Server.java:doStart(351)) - jetty-9.3.25.v20180904, build timestamp: 2018-09-04T21:11:46Z, git hash: 3ce520221d0240229c862b122d2b06c12a625732
2019-10-04 06:13:15,807 [main] INFO  handler.ContextHandler (ContextHandler.java:doStart(781)) - Started o.e.j.s.ServletContextHandler@4bfa5eb9{/logs,file:///workdir/hadoop-ozone/integration-test/target/log,AVAILABLE}
2019-10-04 06:13:15,808 [main] INFO  handler.ContextHandler (ContextHandler.java:doStart(781)) - Started o.e.j.s.ServletContextHandler@58186f9f{/static,jar:file:/home/user/.m2/repository/org/apache/hadoop/hadoop-hdds-container-service/0.5.0-SNAPSHOT/hadoop-hdds-container-service-0.5.0-SNAPSHOT.jar!/webapps/static,AVAILABLE}
2019-10-04 06:13:15,837 [main] INFO  handler.ContextHandler (ContextHandler.java:doStart(781)) - Started o.e.j.w.WebAppContext@74a85515{/,file:///tmp/jetty-0.0.0.0-40648-hddsDatanode-_-any-7572377651993352835.dir/webapp/,AVAILABLE}{/hddsDatanode}
2019-10-04 06:13:15,837 [main] INFO  server.AbstractConnector (AbstractConnector.java:doStart(278)) - Started ServerConnector@4a2e1e52{HTTP/1.1,[http/1.1]}{0.0.0.0:40648}
2019-10-04 06:13:15,837 [main] INFO  server.Server (Server.java:doStart(419)) - Started @646408ms
2019-10-04 06:13:15,840 [main] WARN  impl.MetricsSystemImpl (MetricsSystemImpl.java:register(276)) - Sink prometheus already exists!
2019-10-04 06:13:15,841 [main] INFO  server.BaseHttpServer (BaseHttpServer.java:updateConnectorAddress(215)) - HTTP server of HDDSDATANODE is listening at http://0.0.0.0:40648
2019-10-04 06:13:15,841 [main] INFO  impl.MetricsSystemImpl (MetricsSystemImpl.java:init(158)) - HddsDatanode metrics system started (again)
2019-10-04 06:13:15,849 [org.apache.hadoop.util.JvmPauseMonitor$Monitor@32348e51] INFO  util.JvmPauseMonitor (JvmPauseMonitor.java:run(188)) - Starting JVM pause monitor
2019-10-04 06:13:15,849 [main] INFO  ozone.HddsDatanodeService (HddsDatanodeService.java:start(184)) - HddsDatanodeService host:trunk-nightly-20191004-lpvmn-70278721 ip:192.168.151.69
2019-10-04 06:13:15,850 [Datanode State Machine Thread - 0] INFO  datanode.InitDatanodeState (InitDatanodeState.java:persistContainerDatanodeDetails(140)) - DatanodeDetails is persisted to /workdir/hadoop-ozone/integration-test/target/test-dir/MiniOzoneClusterImpl-f2c63e22-5472-4ef8-9a63-56aaf7805485/datanode-4/meta/datanode.id
2019-10-04 06:13:15,856 [main] INFO  volume.HddsVolume (HddsVolume.java:<init>(176)) - Creating Volume: /workdir/hadoop-ozone/integration-test/target/test-dir/MiniOzoneClusterImpl-f2c63e22-5472-4ef8-9a63-56aaf7805485/datanode-5/data/containers/hdds of  storage type : DISK and capacity : 1482555576320
2019-10-04 06:13:15,857 [main] INFO  volume.VolumeSet (VolumeSet.java:initializeVolumeSet(170)) - Added Volume : /workdir/hadoop-ozone/integration-test/target/test-dir/MiniOzoneClusterImpl-f2c63e22-5472-4ef8-9a63-56aaf7805485/datanode-5/data/containers/hdds to VolumeSet
2019-10-04 06:13:15,857 [main] INFO  volume.ThrottledAsyncChecker (ThrottledAsyncChecker.java:schedule(139)) - Scheduling a check for org.apache.hadoop.ozone.container.common.volume.HddsVolume@1182d1df
2019-10-04 06:13:15,857 [main] INFO  volume.HddsVolumeChecker (HddsVolumeChecker.java:checkAllVolumes(202)) - Scheduled health check for volume org.apache.hadoop.ozone.container.common.volume.HddsVolume@1182d1df
2019-10-04 06:13:15,872 [main] INFO  impl.RaftServerProxy (ConfUtils.java:logGet(43)) - raft.rpc.type = GRPC (default)
2019-10-04 06:13:15,872 [main] INFO  grpc.GrpcFactory (GrpcFactory.java:checkPooledByteBufAllocatorUseCacheForAllThreads(45)) - PERFORMANCE WARNING: useCacheForAllThreads is true that may cause Netty to create a lot garbage objects and, as a result, trigger GC.
	It is recommended to disable useCacheForAllThreads by setting -Dorg.apache.ratis.thirdparty.io.netty.allocator.useCacheForAllThreads=false in command line.
2019-10-04 06:13:15,872 [main] INFO  grpc.GrpcConfigKeys$Server (ConfUtils.java:logGet(43)) - raft.grpc.server.port = 0 (default)
2019-10-04 06:13:15,872 [main] INFO  server.GrpcService (ConfUtils.java:logGet(43)) - raft.grpc.message.size.max = 33570816 (custom)
2019-10-04 06:13:15,873 [main] INFO  server.RaftServerConfigKeys (ConfUtils.java:logGet(43)) - raft.server.log.appender.buffer.byte-limit = 33554432 (custom)
2019-10-04 06:13:15,873 [main] INFO  server.GrpcService (ConfUtils.java:logGet(43)) - raft.grpc.flow.control.window = 1MB (=1048576) (default)
2019-10-04 06:13:15,873 [main] INFO  server.RaftServerConfigKeys (ConfUtils.java:logGet(43)) - raft.server.rpc.request.timeout = 3000ms (default)
2019-10-04 06:13:15,873 [main] INFO  server.RaftServerConfigKeys (ConfUtils.java:logGet(43)) - raft.server.storage.dir = [/workdir/hadoop-ozone/integration-test/target/test-dir/MiniOzoneClusterImpl-f2c63e22-5472-4ef8-9a63-56aaf7805485/datanode-5/data/ratis] (custom)
2019-10-04 06:13:15,875 [main] INFO  hdfs.DFSUtil (DFSUtil.java:httpServerTemplateForNNAndJN(1641)) - Starting Web-server for hddsDatanode at: http://0.0.0.0:0
2019-10-04 06:13:15,876 [main] INFO  server.AuthenticationFilter (AuthenticationFilter.java:constructSecretProvider(240)) - Unable to initialize FileSignerSecretProvider, falling back to use random secrets.
2019-10-04 06:13:15,877 [main] WARN  http.HttpRequestLog (HttpRequestLog.java:getRequestLog(97)) - Jetty request log can only be enabled using Log4j
2019-10-04 06:13:15,879 [main] INFO  http.HttpServer2 (HttpServer2.java:addGlobalFilter(975)) - Added global filter 'safety' (class=org.apache.hadoop.http.HttpServer2$QuotingInputFilter)
2019-10-04 06:13:15,879 [main] INFO  http.HttpServer2 (HttpServer2.java:addFilter(948)) - Added filter static_user_filter (class=org.apache.hadoop.http.lib.StaticUserWebFilter$StaticUserFilter) to context hddsDatanode
2019-10-04 06:13:15,880 [main] INFO  http.HttpServer2 (HttpServer2.java:addFilter(958)) - Added filter static_user_filter (class=org.apache.hadoop.http.lib.StaticUserWebFilter$StaticUserFilter) to context static
2019-10-04 06:13:15,880 [main] INFO  http.HttpServer2 (HttpServer2.java:addFilter(958)) - Added filter static_user_filter (class=org.apache.hadoop.http.lib.StaticUserWebFilter$StaticUserFilter) to context logs
2019-10-04 06:13:15,881 [main] INFO  http.HttpServer2 (HttpServer2.java:bindListener(1191)) - Jetty bound to port 37651
2019-10-04 06:13:15,881 [main] INFO  server.Server (Server.java:doStart(351)) - jetty-9.3.25.v20180904, build timestamp: 2018-09-04T21:11:46Z, git hash: 3ce520221d0240229c862b122d2b06c12a625732
2019-10-04 06:13:15,883 [main] INFO  handler.ContextHandler (ContextHandler.java:doStart(781)) - Started o.e.j.s.ServletContextHandler@1186374c{/logs,file:///workdir/hadoop-ozone/integration-test/target/log,AVAILABLE}
2019-10-04 06:13:15,884 [main] INFO  handler.ContextHandler (ContextHandler.java:doStart(781)) - Started o.e.j.s.ServletContextHandler@5486ee92{/static,jar:file:/home/user/.m2/repository/org/apache/hadoop/hadoop-hdds-container-service/0.5.0-SNAPSHOT/hadoop-hdds-container-service-0.5.0-SNAPSHOT.jar!/webapps/static,AVAILABLE}
2019-10-04 06:13:15,914 [main] INFO  handler.ContextHandler (ContextHandler.java:doStart(781)) - Started o.e.j.w.WebAppContext@4b691611{/,file:///tmp/jetty-0.0.0.0-37651-hddsDatanode-_-any-2742197663170840083.dir/webapp/,AVAILABLE}{/hddsDatanode}
2019-10-04 06:13:15,915 [main] INFO  server.AbstractConnector (AbstractConnector.java:doStart(278)) - Started ServerConnector@395a573c{HTTP/1.1,[http/1.1]}{0.0.0.0:37651}
2019-10-04 06:13:15,917 [main] INFO  server.Server (Server.java:doStart(419)) - Started @646488ms
2019-10-04 06:13:15,917 [main] WARN  impl.MetricsSystemImpl (MetricsSystemImpl.java:register(276)) - Sink prometheus already exists!
2019-10-04 06:13:15,918 [main] INFO  server.BaseHttpServer (BaseHttpServer.java:updateConnectorAddress(215)) - HTTP server of HDDSDATANODE is listening at http://0.0.0.0:37651
2019-10-04 06:13:15,918 [main] INFO  impl.MetricsSystemImpl (MetricsSystemImpl.java:init(158)) - HddsDatanode metrics system started (again)
2019-10-04 06:13:15,926 [org.apache.hadoop.util.JvmPauseMonitor$Monitor@65569d10] INFO  util.JvmPauseMonitor (JvmPauseMonitor.java:run(188)) - Starting JVM pause monitor
2019-10-04 06:13:15,927 [main] INFO  ozone.HddsDatanodeService (HddsDatanodeService.java:start(184)) - HddsDatanodeService host:trunk-nightly-20191004-lpvmn-70278721 ip:192.168.151.69
2019-10-04 06:13:15,928 [Datanode State Machine Thread - 0] INFO  datanode.InitDatanodeState (InitDatanodeState.java:persistContainerDatanodeDetails(140)) - DatanodeDetails is persisted to /workdir/hadoop-ozone/integration-test/target/test-dir/MiniOzoneClusterImpl-f2c63e22-5472-4ef8-9a63-56aaf7805485/datanode-5/meta/datanode.id
2019-10-04 06:13:15,936 [main] INFO  volume.HddsVolume (HddsVolume.java:<init>(176)) - Creating Volume: /workdir/hadoop-ozone/integration-test/target/test-dir/MiniOzoneClusterImpl-f2c63e22-5472-4ef8-9a63-56aaf7805485/datanode-6/data/containers/hdds of  storage type : DISK and capacity : 1482555576320
2019-10-04 06:13:15,936 [main] INFO  volume.VolumeSet (VolumeSet.java:initializeVolumeSet(170)) - Added Volume : /workdir/hadoop-ozone/integration-test/target/test-dir/MiniOzoneClusterImpl-f2c63e22-5472-4ef8-9a63-56aaf7805485/datanode-6/data/containers/hdds to VolumeSet
2019-10-04 06:13:15,936 [main] INFO  volume.ThrottledAsyncChecker (ThrottledAsyncChecker.java:schedule(139)) - Scheduling a check for org.apache.hadoop.ozone.container.common.volume.HddsVolume@4fe2dd02
2019-10-04 06:13:15,937 [main] INFO  volume.HddsVolumeChecker (HddsVolumeChecker.java:checkAllVolumes(202)) - Scheduled health check for volume org.apache.hadoop.ozone.container.common.volume.HddsVolume@4fe2dd02
2019-10-04 06:13:15,951 [main] INFO  impl.RaftServerProxy (ConfUtils.java:logGet(43)) - raft.rpc.type = GRPC (default)
2019-10-04 06:13:15,951 [main] INFO  grpc.GrpcFactory (GrpcFactory.java:checkPooledByteBufAllocatorUseCacheForAllThreads(45)) - PERFORMANCE WARNING: useCacheForAllThreads is true that may cause Netty to create a lot garbage objects and, as a result, trigger GC.
	It is recommended to disable useCacheForAllThreads by setting -Dorg.apache.ratis.thirdparty.io.netty.allocator.useCacheForAllThreads=false in command line.
2019-10-04 06:13:15,951 [main] INFO  grpc.GrpcConfigKeys$Server (ConfUtils.java:logGet(43)) - raft.grpc.server.port = 0 (default)
2019-10-04 06:13:15,952 [main] INFO  server.GrpcService (ConfUtils.java:logGet(43)) - raft.grpc.message.size.max = 33570816 (custom)
2019-10-04 06:13:15,952 [main] INFO  server.RaftServerConfigKeys (ConfUtils.java:logGet(43)) - raft.server.log.appender.buffer.byte-limit = 33554432 (custom)
2019-10-04 06:13:15,952 [main] INFO  server.GrpcService (ConfUtils.java:logGet(43)) - raft.grpc.flow.control.window = 1MB (=1048576) (default)
2019-10-04 06:13:15,952 [main] INFO  server.RaftServerConfigKeys (ConfUtils.java:logGet(43)) - raft.server.rpc.request.timeout = 3000ms (default)
2019-10-04 06:13:15,953 [main] INFO  server.RaftServerConfigKeys (ConfUtils.java:logGet(43)) - raft.server.storage.dir = [/workdir/hadoop-ozone/integration-test/target/test-dir/MiniOzoneClusterImpl-f2c63e22-5472-4ef8-9a63-56aaf7805485/datanode-6/data/ratis] (custom)
2019-10-04 06:13:15,954 [main] INFO  hdfs.DFSUtil (DFSUtil.java:httpServerTemplateForNNAndJN(1641)) - Starting Web-server for hddsDatanode at: http://0.0.0.0:0
2019-10-04 06:13:15,955 [main] INFO  server.AuthenticationFilter (AuthenticationFilter.java:constructSecretProvider(240)) - Unable to initialize FileSignerSecretProvider, falling back to use random secrets.
2019-10-04 06:13:15,955 [main] WARN  http.HttpRequestLog (HttpRequestLog.java:getRequestLog(97)) - Jetty request log can only be enabled using Log4j
2019-10-04 06:13:15,956 [main] INFO  http.HttpServer2 (HttpServer2.java:addGlobalFilter(975)) - Added global filter 'safety' (class=org.apache.hadoop.http.HttpServer2$QuotingInputFilter)
2019-10-04 06:13:15,957 [main] INFO  http.HttpServer2 (HttpServer2.java:addFilter(948)) - Added filter static_user_filter (class=org.apache.hadoop.http.lib.StaticUserWebFilter$StaticUserFilter) to context hddsDatanode
2019-10-04 06:13:15,957 [main] INFO  http.HttpServer2 (HttpServer2.java:addFilter(958)) - Added filter static_user_filter (class=org.apache.hadoop.http.lib.StaticUserWebFilter$StaticUserFilter) to context static
2019-10-04 06:13:15,957 [main] INFO  http.HttpServer2 (HttpServer2.java:addFilter(958)) - Added filter static_user_filter (class=org.apache.hadoop.http.lib.StaticUserWebFilter$StaticUserFilter) to context logs
2019-10-04 06:13:15,958 [main] INFO  http.HttpServer2 (HttpServer2.java:bindListener(1191)) - Jetty bound to port 33386
2019-10-04 06:13:15,958 [main] INFO  server.Server (Server.java:doStart(351)) - jetty-9.3.25.v20180904, build timestamp: 2018-09-04T21:11:46Z, git hash: 3ce520221d0240229c862b122d2b06c12a625732
2019-10-04 06:13:15,960 [main] INFO  handler.ContextHandler (ContextHandler.java:doStart(781)) - Started o.e.j.s.ServletContextHandler@18dd7767{/logs,file:///workdir/hadoop-ozone/integration-test/target/log,AVAILABLE}
2019-10-04 06:13:15,960 [main] INFO  handler.ContextHandler (ContextHandler.java:doStart(781)) - Started o.e.j.s.ServletContextHandler@bfe47a8{/static,jar:file:/home/user/.m2/repository/org/apache/hadoop/hadoop-hdds-container-service/0.5.0-SNAPSHOT/hadoop-hdds-container-service-0.5.0-SNAPSHOT.jar!/webapps/static,AVAILABLE}
2019-10-04 06:13:15,991 [main] INFO  handler.ContextHandler (ContextHandler.java:doStart(781)) - Started o.e.j.w.WebAppContext@59baf2c7{/,file:///tmp/jetty-0.0.0.0-33386-hddsDatanode-_-any-5322378237648291199.dir/webapp/,AVAILABLE}{/hddsDatanode}
2019-10-04 06:13:15,992 [main] INFO  server.AbstractConnector (AbstractConnector.java:doStart(278)) - Started ServerConnector@ce655b9{HTTP/1.1,[http/1.1]}{0.0.0.0:33386}
2019-10-04 06:13:15,992 [main] INFO  server.Server (Server.java:doStart(419)) - Started @646563ms
2019-10-04 06:13:15,996 [main] WARN  impl.MetricsSystemImpl (MetricsSystemImpl.java:register(276)) - Sink prometheus already exists!
2019-10-04 06:13:15,997 [main] INFO  server.BaseHttpServer (BaseHttpServer.java:updateConnectorAddress(215)) - HTTP server of HDDSDATANODE is listening at http://0.0.0.0:33386
2019-10-04 06:13:15,997 [main] INFO  ozone.MiniOzoneClusterImpl (MiniOzoneClusterImpl.java:lambda$waitForClusterToBeReady$0(147)) - Waiting for cluster to be ready. Got 0 of 7 DN Heartbeats.
2019-10-04 06:13:15,998 [org.apache.hadoop.util.JvmPauseMonitor$Monitor@3a1a91a6] INFO  util.JvmPauseMonitor (JvmPauseMonitor.java:run(188)) - Starting JVM pause monitor
2019-10-04 06:13:16,000 [Datanode State Machine Thread - 0] INFO  datanode.InitDatanodeState (InitDatanodeState.java:persistContainerDatanodeDetails(140)) - DatanodeDetails is persisted to /workdir/hadoop-ozone/integration-test/target/test-dir/MiniOzoneClusterImpl-f2c63e22-5472-4ef8-9a63-56aaf7805485/datanode-6/meta/datanode.id
2019-10-04 06:13:16,997 [main] INFO  ozone.MiniOzoneClusterImpl (MiniOzoneClusterImpl.java:lambda$waitForClusterToBeReady$0(147)) - Waiting for cluster to be ready. Got 0 of 7 DN Heartbeats.
2019-10-04 06:13:17,592 [Datanode State Machine Thread - 0] INFO  ozoneimpl.OzoneContainer (OzoneContainer.java:start(217)) - Attempting to start container services.
2019-10-04 06:13:17,593 [Datanode State Machine Thread - 0] INFO  ozoneimpl.OzoneContainer (OzoneContainer.java:startContainerScrub(179)) - Background container scanner has been disabled.
2019-10-04 06:13:17,594 [Datanode State Machine Thread - 0] INFO  ratis.XceiverServerRatis (XceiverServerRatis.java:start(417)) - Starting XceiverServerRatis 29be59ed-680c-458c-aec9-68f2979afc9a at port 0
2019-10-04 06:13:17,602 [Datanode State Machine Thread - 0] INFO  impl.RaftServerProxy (RaftServerProxy.java:lambda$start$3(299)) - 29be59ed-680c-458c-aec9-68f2979afc9a: start RPC server
2019-10-04 06:13:17,605 [Datanode State Machine Thread - 0] INFO  server.GrpcService (GrpcService.java:startImpl(158)) - 29be59ed-680c-458c-aec9-68f2979afc9a: GrpcService started, listening on 0.0.0.0/0.0.0.0:33636
2019-10-04 06:13:17,606 [Datanode State Machine Thread - 0] INFO  ratis.XceiverServerRatis (XceiverServerRatis.java:start(427)) - XceiverServerRatis 29be59ed-680c-458c-aec9-68f2979afc9a is started using port 33636
2019-10-04 06:13:17,606 [Datanode State Machine Thread - 0] INFO  server.XceiverServerGrpc (XceiverServerGrpc.java:start(149)) - XceiverServerGrpc 29be59ed-680c-458c-aec9-68f2979afc9a is started using port 38130
2019-10-04 06:13:17,640 [Datanode State Machine Thread - 0] INFO  ozoneimpl.OzoneContainer (OzoneContainer.java:start(217)) - Attempting to start container services.
2019-10-04 06:13:17,640 [Datanode State Machine Thread - 0] INFO  ozoneimpl.OzoneContainer (OzoneContainer.java:startContainerScrub(179)) - Background container scanner has been disabled.
2019-10-04 06:13:17,640 [Datanode State Machine Thread - 0] INFO  ratis.XceiverServerRatis (XceiverServerRatis.java:start(417)) - Starting XceiverServerRatis b0c93557-f206-49b3-b845-27ddea8ebda5 at port 0
2019-10-04 06:13:17,648 [Datanode State Machine Thread - 0] INFO  impl.RaftServerProxy (RaftServerProxy.java:lambda$start$3(299)) - b0c93557-f206-49b3-b845-27ddea8ebda5: start RPC server
2019-10-04 06:13:17,649 [Datanode State Machine Thread - 0] INFO  server.GrpcService (GrpcService.java:startImpl(158)) - b0c93557-f206-49b3-b845-27ddea8ebda5: GrpcService started, listening on 0.0.0.0/0.0.0.0:42370
2019-10-04 06:13:17,649 [Datanode State Machine Thread - 0] INFO  ratis.XceiverServerRatis (XceiverServerRatis.java:start(427)) - XceiverServerRatis b0c93557-f206-49b3-b845-27ddea8ebda5 is started using port 42370
2019-10-04 06:13:17,649 [Datanode State Machine Thread - 0] INFO  server.XceiverServerGrpc (XceiverServerGrpc.java:start(149)) - XceiverServerGrpc b0c93557-f206-49b3-b845-27ddea8ebda5 is started using port 32891
2019-10-04 06:13:17,706 [Datanode State Machine Thread - 0] INFO  ozoneimpl.OzoneContainer (OzoneContainer.java:start(217)) - Attempting to start container services.
2019-10-04 06:13:17,706 [Datanode State Machine Thread - 0] INFO  ozoneimpl.OzoneContainer (OzoneContainer.java:startContainerScrub(179)) - Background container scanner has been disabled.
2019-10-04 06:13:17,706 [Datanode State Machine Thread - 0] INFO  ratis.XceiverServerRatis (XceiverServerRatis.java:start(417)) - Starting XceiverServerRatis d50021de-ef3c-4ba4-9a1f-74e99ee73c0d at port 0
2019-10-04 06:13:17,715 [Datanode State Machine Thread - 0] INFO  impl.RaftServerProxy (RaftServerProxy.java:lambda$start$3(299)) - d50021de-ef3c-4ba4-9a1f-74e99ee73c0d: start RPC server
2019-10-04 06:13:17,719 [Datanode State Machine Thread - 0] INFO  server.GrpcService (GrpcService.java:startImpl(158)) - d50021de-ef3c-4ba4-9a1f-74e99ee73c0d: GrpcService started, listening on 0.0.0.0/0.0.0.0:41884
2019-10-04 06:13:17,719 [Datanode State Machine Thread - 0] INFO  ratis.XceiverServerRatis (XceiverServerRatis.java:start(427)) - XceiverServerRatis d50021de-ef3c-4ba4-9a1f-74e99ee73c0d is started using port 41884
2019-10-04 06:13:17,720 [Datanode State Machine Thread - 0] INFO  server.XceiverServerGrpc (XceiverServerGrpc.java:start(149)) - XceiverServerGrpc d50021de-ef3c-4ba4-9a1f-74e99ee73c0d is started using port 32867
2019-10-04 06:13:17,785 [Datanode State Machine Thread - 0] INFO  ozoneimpl.OzoneContainer (OzoneContainer.java:start(217)) - Attempting to start container services.
2019-10-04 06:13:17,785 [Datanode State Machine Thread - 0] INFO  ozoneimpl.OzoneContainer (OzoneContainer.java:startContainerScrub(179)) - Background container scanner has been disabled.
2019-10-04 06:13:17,785 [Datanode State Machine Thread - 0] INFO  ratis.XceiverServerRatis (XceiverServerRatis.java:start(417)) - Starting XceiverServerRatis 7f208f9a-7048-44ea-b109-f6ce9127d734 at port 0
2019-10-04 06:13:17,794 [Datanode State Machine Thread - 0] INFO  impl.RaftServerProxy (RaftServerProxy.java:lambda$start$3(299)) - 7f208f9a-7048-44ea-b109-f6ce9127d734: start RPC server
2019-10-04 06:13:17,795 [Datanode State Machine Thread - 0] INFO  server.GrpcService (GrpcService.java:startImpl(158)) - 7f208f9a-7048-44ea-b109-f6ce9127d734: GrpcService started, listening on 0.0.0.0/0.0.0.0:44686
2019-10-04 06:13:17,795 [Datanode State Machine Thread - 0] INFO  ratis.XceiverServerRatis (XceiverServerRatis.java:start(427)) - XceiverServerRatis 7f208f9a-7048-44ea-b109-f6ce9127d734 is started using port 44686
2019-10-04 06:13:17,795 [Datanode State Machine Thread - 0] INFO  server.XceiverServerGrpc (XceiverServerGrpc.java:start(149)) - XceiverServerGrpc 7f208f9a-7048-44ea-b109-f6ce9127d734 is started using port 37667
2019-10-04 06:13:17,864 [Datanode State Machine Thread - 0] INFO  ozoneimpl.OzoneContainer (OzoneContainer.java:start(217)) - Attempting to start container services.
2019-10-04 06:13:17,864 [Datanode State Machine Thread - 0] INFO  ozoneimpl.OzoneContainer (OzoneContainer.java:startContainerScrub(179)) - Background container scanner has been disabled.
2019-10-04 06:13:17,864 [Datanode State Machine Thread - 0] INFO  ratis.XceiverServerRatis (XceiverServerRatis.java:start(417)) - Starting XceiverServerRatis 6a20f4ed-c225-463e-b5f9-99b45118de41 at port 0
2019-10-04 06:13:17,874 [Datanode State Machine Thread - 0] INFO  impl.RaftServerProxy (RaftServerProxy.java:lambda$start$3(299)) - 6a20f4ed-c225-463e-b5f9-99b45118de41: start RPC server
2019-10-04 06:13:17,875 [Datanode State Machine Thread - 0] INFO  server.GrpcService (GrpcService.java:startImpl(158)) - 6a20f4ed-c225-463e-b5f9-99b45118de41: GrpcService started, listening on 0.0.0.0/0.0.0.0:34648
2019-10-04 06:13:17,875 [Datanode State Machine Thread - 0] INFO  ratis.XceiverServerRatis (XceiverServerRatis.java:start(427)) - XceiverServerRatis 6a20f4ed-c225-463e-b5f9-99b45118de41 is started using port 34648
2019-10-04 06:13:17,875 [Datanode State Machine Thread - 0] INFO  server.XceiverServerGrpc (XceiverServerGrpc.java:start(149)) - XceiverServerGrpc 6a20f4ed-c225-463e-b5f9-99b45118de41 is started using port 41601
2019-10-04 06:13:17,942 [Datanode State Machine Thread - 0] INFO  ozoneimpl.OzoneContainer (OzoneContainer.java:start(217)) - Attempting to start container services.
2019-10-04 06:13:17,943 [Datanode State Machine Thread - 0] INFO  ozoneimpl.OzoneContainer (OzoneContainer.java:startContainerScrub(179)) - Background container scanner has been disabled.
2019-10-04 06:13:17,943 [Datanode State Machine Thread - 0] INFO  ratis.XceiverServerRatis (XceiverServerRatis.java:start(417)) - Starting XceiverServerRatis 0a895fe0-e95b-44b0-88a5-40095369d54c at port 0
2019-10-04 06:13:17,950 [Datanode State Machine Thread - 0] INFO  impl.RaftServerProxy (RaftServerProxy.java:lambda$start$3(299)) - 0a895fe0-e95b-44b0-88a5-40095369d54c: start RPC server
2019-10-04 06:13:17,954 [Datanode State Machine Thread - 0] INFO  server.GrpcService (GrpcService.java:startImpl(158)) - 0a895fe0-e95b-44b0-88a5-40095369d54c: GrpcService started, listening on 0.0.0.0/0.0.0.0:42576
2019-10-04 06:13:17,955 [Datanode State Machine Thread - 0] INFO  ratis.XceiverServerRatis (XceiverServerRatis.java:start(427)) - XceiverServerRatis 0a895fe0-e95b-44b0-88a5-40095369d54c is started using port 42576
2019-10-04 06:13:17,955 [Datanode State Machine Thread - 0] INFO  server.XceiverServerGrpc (XceiverServerGrpc.java:start(149)) - XceiverServerGrpc 0a895fe0-e95b-44b0-88a5-40095369d54c is started using port 38137
2019-10-04 06:13:17,998 [main] INFO  ozone.MiniOzoneClusterImpl (MiniOzoneClusterImpl.java:lambda$waitForClusterToBeReady$0(147)) - Waiting for cluster to be ready. Got 0 of 7 DN Heartbeats.
2019-10-04 06:13:18,012 [Datanode State Machine Thread - 0] INFO  ozoneimpl.OzoneContainer (OzoneContainer.java:start(217)) - Attempting to start container services.
2019-10-04 06:13:18,012 [Datanode State Machine Thread - 0] INFO  ozoneimpl.OzoneContainer (OzoneContainer.java:startContainerScrub(179)) - Background container scanner has been disabled.
2019-10-04 06:13:18,012 [Datanode State Machine Thread - 0] INFO  ratis.XceiverServerRatis (XceiverServerRatis.java:start(417)) - Starting XceiverServerRatis 32efdfc3-f14c-4bda-808a-470d99a3fb0e at port 0
2019-10-04 06:13:18,019 [Datanode State Machine Thread - 0] INFO  impl.RaftServerProxy (RaftServerProxy.java:lambda$start$3(299)) - 32efdfc3-f14c-4bda-808a-470d99a3fb0e: start RPC server
2019-10-04 06:13:18,020 [Datanode State Machine Thread - 0] INFO  server.GrpcService (GrpcService.java:startImpl(158)) - 32efdfc3-f14c-4bda-808a-470d99a3fb0e: GrpcService started, listening on 0.0.0.0/0.0.0.0:37395
2019-10-04 06:13:18,020 [Datanode State Machine Thread - 0] INFO  ratis.XceiverServerRatis (XceiverServerRatis.java:start(427)) - XceiverServerRatis 32efdfc3-f14c-4bda-808a-470d99a3fb0e is started using port 37395
2019-10-04 06:13:18,020 [Datanode State Machine Thread - 0] INFO  server.XceiverServerGrpc (XceiverServerGrpc.java:start(149)) - XceiverServerGrpc 32efdfc3-f14c-4bda-808a-470d99a3fb0e is started using port 33191
2019-10-04 06:13:18,999 [main] INFO  ozone.MiniOzoneClusterImpl (MiniOzoneClusterImpl.java:lambda$waitForClusterToBeReady$0(147)) - Waiting for cluster to be ready. Got 0 of 7 DN Heartbeats.
2019-10-04 06:13:19,564 [IPC Server handler 0 on 45259] INFO  net.NetworkTopology (NetworkTopologyImpl.java:add(111)) - Added a new node: /default-rack/29be59ed-680c-458c-aec9-68f2979afc9a
2019-10-04 06:13:19,566 [IPC Server handler 0 on 45259] INFO  node.SCMNodeManager (SCMNodeManager.java:register(266)) - Registered Data node : 29be59ed-680c-458c-aec9-68f2979afc9a{ip: 192.168.151.69, host: trunk-nightly-20191004-lpvmn-70278721, networkLocation: /default-rack, certSerialId: null}
2019-10-04 06:13:19,568 [EventQueue-NodeRegistrationContainerReportForDataNodeSafeModeRule] INFO  safemode.SCMSafeModeManager (DataNodeSafeModeRule.java:process(71)) - SCM in safe mode. 1 DataNodes registered, 1 required.
2019-10-04 06:13:19,570 [EventQueue-NodeRegistrationContainerReportForDataNodeSafeModeRule] INFO  safemode.SCMSafeModeManager (SCMSafeModeManager.java:validateSafeModeExitRules(177)) - ScmSafeModeManager, all rules are successfully validated
2019-10-04 06:13:19,570 [EventQueue-NodeRegistrationContainerReportForDataNodeSafeModeRule] INFO  safemode.SCMSafeModeManager (SCMSafeModeManager.java:exitSafeMode(193)) - SCM exiting safe mode.
2019-10-04 06:13:19,581 [grpc-default-executor-0] INFO  impl.RaftServerProxy (RaftServerProxy.java:addNew(89)) - 29be59ed-680c-458c-aec9-68f2979afc9a: addNew group-7C18104DCC86:[29be59ed-680c-458c-aec9-68f2979afc9a:192.168.151.69:33636] returns group-7C18104DCC86:java.util.concurrent.CompletableFuture@df1544d[Not completed]
2019-10-04 06:13:19,583 [pool-589-thread-1] INFO  impl.RaftServerImpl (RaftServerImpl.java:<init>(95)) - 29be59ed-680c-458c-aec9-68f2979afc9a: new RaftServerImpl for group-7C18104DCC86:[29be59ed-680c-458c-aec9-68f2979afc9a:192.168.151.69:33636] with ContainerStateMachine:uninitialized
2019-10-04 06:13:19,583 [pool-589-thread-1] INFO  server.RaftServerConfigKeys (ConfUtils.java:logGet(43)) - raft.server.rpc.timeout.min = 5s (custom)
2019-10-04 06:13:19,583 [pool-589-thread-1] INFO  server.RaftServerConfigKeys (ConfUtils.java:logGet(43)) - raft.server.rpc.timeout.max = 5200ms (custom)
2019-10-04 06:13:19,583 [pool-589-thread-1] INFO  server.RaftServerConfigKeys (ConfUtils.java:logGet(43)) - raft.server.rpcslowness.timeout = 120s (custom)
2019-10-04 06:13:19,583 [pool-589-thread-1] INFO  server.RaftServerConfigKeys (ConfUtils.java:logGet(43)) - raft.server.sleep.deviation.threshold = 300 (default)
2019-10-04 06:13:19,583 [pool-589-thread-1] INFO  server.RaftServerConfigKeys (ConfUtils.java:logGet(43)) - raft.server.log.appender.install.snapshot.enabled = false (custom)
2019-10-04 06:13:19,583 [pool-589-thread-1] INFO  impl.RaftServerImpl (ServerState.java:<init>(103)) - 29be59ed-680c-458c-aec9-68f2979afc9a@group-7C18104DCC86: ConfigurationManager, init=-1: [29be59ed-680c-458c-aec9-68f2979afc9a:192.168.151.69:33636], old=null, confs=<EMPTY_MAP>
2019-10-04 06:13:19,583 [pool-589-thread-1] INFO  server.RaftServerConfigKeys (ConfUtils.java:logGet(43)) - raft.server.storage.dir = [/workdir/hadoop-ozone/integration-test/target/test-dir/MiniOzoneClusterImpl-f2c63e22-5472-4ef8-9a63-56aaf7805485/datanode-0/data/ratis] (custom)
2019-10-04 06:13:19,584 [pool-589-thread-1] INFO  server.RaftServerConfigKeys (ConfUtils.java:logGet(43)) - raft.server.log.corruption.policy = EXCEPTION (default)
2019-10-04 06:13:19,584 [pool-589-thread-1] INFO  storage.RaftStorageDirectory (RaftStorageDirectory.java:analyzeStorage(246)) - The storage directory /workdir/hadoop-ozone/integration-test/target/test-dir/MiniOzoneClusterImpl-f2c63e22-5472-4ef8-9a63-56aaf7805485/datanode-0/data/ratis/5175c4f0-1656-4551-af1e-7c18104dcc86 does not exist. Creating ...
2019-10-04 06:13:19,597 [pool-589-thread-1] INFO  storage.RaftStorageDirectory (RaftStorageDirectory.java:tryLock(328)) - Lock on /workdir/hadoop-ozone/integration-test/target/test-dir/MiniOzoneClusterImpl-f2c63e22-5472-4ef8-9a63-56aaf7805485/datanode-0/data/ratis/5175c4f0-1656-4551-af1e-7c18104dcc86/in_use.lock acquired by nodename 18915@trunk-nightly-20191004-lpvmn-70278721
2019-10-04 06:13:19,611 [pool-589-thread-1] INFO  storage.RaftStorage (RaftStorage.java:format(84)) - Storage directory /workdir/hadoop-ozone/integration-test/target/test-dir/MiniOzoneClusterImpl-f2c63e22-5472-4ef8-9a63-56aaf7805485/datanode-0/data/ratis/5175c4f0-1656-4551-af1e-7c18104dcc86 has been successfully formatted.
2019-10-04 06:13:19,611 [pool-589-thread-1] INFO  ratis.ContainerStateMachine (ContainerStateMachine.java:loadSnapshot(230)) - group-7C18104DCC86: The snapshot info is null. Setting the last applied indexto:(t:0, i:~)
2019-10-04 06:13:19,611 [pool-589-thread-1] INFO  server.RaftServerConfigKeys (ConfUtils.java:logGet(43)) - raft.server.notification.no-leader.timeout = 120s (custom)
2019-10-04 06:13:19,611 [pool-589-thread-1] INFO  server.RaftServerConfigKeys (ConfUtils.java:logGet(43)) - raft.server.log.use.memory = false (default)
2019-10-04 06:13:19,611 [pool-589-thread-1] INFO  server.RaftServerConfigKeys (ConfUtils.java:logGet(43)) - raft.server.log.purge.gap = 1000000 (custom)
2019-10-04 06:13:19,611 [pool-589-thread-1] INFO  server.RaftServerConfigKeys (ConfUtils.java:logGet(43)) - raft.server.log.appender.buffer.byte-limit = 33554432 (custom)
2019-10-04 06:13:19,612 [pool-589-thread-1] INFO  server.RaftServerConfigKeys (ConfUtils.java:logGet(43)) - raft.server.log.segment.size.max = 1048576 (custom)
2019-10-04 06:13:19,613 [pool-589-thread-1] INFO  server.RaftServerConfigKeys (ConfUtils.java:logGet(43)) - raft.server.log.segment.cache.num.max = 2 (custom)
2019-10-04 06:13:19,613 [pool-589-thread-1] INFO  segmented.SegmentedRaftLogWorker (SegmentedRaftLogWorker.java:<init>(173)) - new 29be59ed-680c-458c-aec9-68f2979afc9a@group-7C18104DCC86-SegmentedRaftLogWorker for RaftStorage:Storage Directory /workdir/hadoop-ozone/integration-test/target/test-dir/MiniOzoneClusterImpl-f2c63e22-5472-4ef8-9a63-56aaf7805485/datanode-0/data/ratis/5175c4f0-1656-4551-af1e-7c18104dcc86
2019-10-04 06:13:19,613 [pool-589-thread-1] INFO  server.RaftServerConfigKeys (ConfUtils.java:logGet(43)) - raft.server.log.queue.byte-limit = 2147483647 (custom)
2019-10-04 06:13:19,613 [pool-589-thread-1] INFO  server.RaftServerConfigKeys (ConfUtils.java:logGet(43)) - raft.server.log.queue.element-limit = 1024 (custom)
2019-10-04 06:13:19,613 [pool-589-thread-1] INFO  server.RaftServerConfigKeys (ConfUtils.java:logGet(43)) - raft.server.log.segment.size.max = 1048576 (custom)
2019-10-04 06:13:19,613 [pool-589-thread-1] INFO  server.RaftServerConfigKeys (ConfUtils.java:logGet(43)) - raft.server.log.preallocated.size = 16384 (custom)
2019-10-04 06:13:19,614 [pool-589-thread-1] INFO  server.RaftServerConfigKeys (ConfUtils.java:logGet(43)) - raft.server.log.write.buffer.size = 33554432 (custom)
2019-10-04 06:13:19,614 [pool-589-thread-1] INFO  server.RaftServerConfigKeys (ConfUtils.java:logGet(43)) - raft.server.log.force.sync.num = 128 (default)
2019-10-04 06:13:19,614 [pool-589-thread-1] INFO  server.RaftServerConfigKeys (ConfUtils.java:logGet(43)) - raft.server.log.statemachine.data.sync = true (default)
2019-10-04 06:13:19,614 [pool-589-thread-1] INFO  server.RaftServerConfigKeys (ConfUtils.java:logGet(43)) - raft.server.log.statemachine.data.sync.timeout = 10s (default)
2019-10-04 06:13:19,614 [pool-589-thread-1] INFO  server.RaftServerConfigKeys (ConfUtils.java:logGet(43)) - raft.server.log.statemachine.data.sync.timeout.retry = -1 (default)
2019-10-04 06:13:19,614 [pool-589-thread-1] INFO  server.RaftServerConfigKeys (ConfUtils.java:logGet(43)) - raft.server.log.statemachine.data.caching.enabled = true (custom)
2019-10-04 06:13:19,615 [pool-589-thread-1] INFO  segmented.SegmentedRaftLogWorker (SegmentedRaftLogWorker.java:lambda$new$0(128)) - 29be59ed-680c-458c-aec9-68f2979afc9a@group-7C18104DCC86-SegmentedRaftLogWorker: flushIndex: setUnconditionally 0 -> -1
2019-10-04 06:13:19,615 [pool-589-thread-1] INFO  server.RaftServerConfigKeys (ConfUtils.java:logGet(43)) - raft.server.snapshot.auto.trigger.enabled = true (custom)
2019-10-04 06:13:19,615 [pool-589-thread-1] INFO  server.RaftServerConfigKeys (ConfUtils.java:logGet(43)) - raft.server.snapshot.auto.trigger.threshold = 10000 (custom)
2019-10-04 06:13:19,615 [pool-589-thread-1] INFO  server.RaftServerConfigKeys (ConfUtils.java:logGet(43)) - raft.server.snapshot.retention.file.num = 5 (custom)
2019-10-04 06:13:19,615 [pool-589-thread-1] INFO  server.RaftServerConfigKeys (ConfUtils.java:logGet(43)) - raft.server.retrycache.expirytime = 600000ms (custom)
2019-10-04 06:13:19,616 [pool-589-thread-1] INFO  impl.RaftServerImpl (RaftServerImpl.java:start(181)) - 29be59ed-680c-458c-aec9-68f2979afc9a@group-7C18104DCC86: start as a follower, conf=-1: [29be59ed-680c-458c-aec9-68f2979afc9a:192.168.151.69:33636], old=null
2019-10-04 06:13:19,616 [pool-589-thread-1] INFO  impl.RaftServerImpl (RaftServerImpl.java:setRole(170)) - 29be59ed-680c-458c-aec9-68f2979afc9a@group-7C18104DCC86: changes role from      null to FOLLOWER at term 0 for startAsFollower
2019-10-04 06:13:19,617 [pool-589-thread-1] INFO  impl.RoleInfo (RoleInfo.java:updateAndGet(143)) - 29be59ed-680c-458c-aec9-68f2979afc9a: start FollowerState
2019-10-04 06:13:19,617 [pool-589-thread-1] INFO  util.JmxRegister (JmxRegister.java:tryRegister(44)) - Successfully registered JMX Bean with object name Ratis:service=RaftServer,group=group-7C18104DCC86,id=29be59ed-680c-458c-aec9-68f2979afc9a
2019-10-04 06:13:19,621 [RatisPipelineUtilsThread] INFO  pipeline.PipelineStateManager (PipelineStateManager.java:addPipeline(56)) - Created pipeline Pipeline[ Id: 5175c4f0-1656-4551-af1e-7c18104dcc86, Nodes: 29be59ed-680c-458c-aec9-68f2979afc9a{ip: 192.168.151.69, host: trunk-nightly-20191004-lpvmn-70278721, networkLocation: /default-rack, certSerialId: null}, Type:RATIS, Factor:ONE, State:OPEN]
2019-10-04 06:13:19,624 [IPC Server handler 4 on 45259] INFO  net.NetworkTopology (NetworkTopologyImpl.java:add(111)) - Added a new node: /default-rack/b0c93557-f206-49b3-b845-27ddea8ebda5
2019-10-04 06:13:19,625 [IPC Server handler 4 on 45259] INFO  node.SCMNodeManager (SCMNodeManager.java:register(266)) - Registered Data node : b0c93557-f206-49b3-b845-27ddea8ebda5{ip: 192.168.151.69, host: trunk-nightly-20191004-lpvmn-70278721, networkLocation: /default-rack, certSerialId: null}
2019-10-04 06:13:19,632 [grpc-default-executor-0] INFO  impl.RaftServerProxy (RaftServerProxy.java:addNew(89)) - b0c93557-f206-49b3-b845-27ddea8ebda5: addNew group-9700E898429A:[b0c93557-f206-49b3-b845-27ddea8ebda5:192.168.151.69:42370] returns group-9700E898429A:java.util.concurrent.CompletableFuture@6781eaee[Not completed]
2019-10-04 06:13:19,633 [pool-599-thread-1] INFO  impl.RaftServerImpl (RaftServerImpl.java:<init>(95)) - b0c93557-f206-49b3-b845-27ddea8ebda5: new RaftServerImpl for group-9700E898429A:[b0c93557-f206-49b3-b845-27ddea8ebda5:192.168.151.69:42370] with ContainerStateMachine:uninitialized
2019-10-04 06:13:19,633 [pool-599-thread-1] INFO  server.RaftServerConfigKeys (ConfUtils.java:logGet(43)) - raft.server.rpc.timeout.min = 5s (custom)
2019-10-04 06:13:19,633 [pool-599-thread-1] INFO  server.RaftServerConfigKeys (ConfUtils.java:logGet(43)) - raft.server.rpc.timeout.max = 5200ms (custom)
2019-10-04 06:13:19,633 [pool-599-thread-1] INFO  server.RaftServerConfigKeys (ConfUtils.java:logGet(43)) - raft.server.rpcslowness.timeout = 120s (custom)
2019-10-04 06:13:19,633 [pool-599-thread-1] INFO  server.RaftServerConfigKeys (ConfUtils.java:logGet(43)) - raft.server.sleep.deviation.threshold = 300 (default)
2019-10-04 06:13:19,633 [pool-599-thread-1] INFO  server.RaftServerConfigKeys (ConfUtils.java:logGet(43)) - raft.server.log.appender.install.snapshot.enabled = false (custom)
2019-10-04 06:13:19,633 [pool-599-thread-1] INFO  impl.RaftServerImpl (ServerState.java:<init>(103)) - b0c93557-f206-49b3-b845-27ddea8ebda5@group-9700E898429A: ConfigurationManager, init=-1: [b0c93557-f206-49b3-b845-27ddea8ebda5:192.168.151.69:42370], old=null, confs=<EMPTY_MAP>
2019-10-04 06:13:19,634 [pool-599-thread-1] INFO  server.RaftServerConfigKeys (ConfUtils.java:logGet(43)) - raft.server.storage.dir = [/workdir/hadoop-ozone/integration-test/target/test-dir/MiniOzoneClusterImpl-f2c63e22-5472-4ef8-9a63-56aaf7805485/datanode-1/data/ratis] (custom)
2019-10-04 06:13:19,634 [pool-599-thread-1] INFO  server.RaftServerConfigKeys (ConfUtils.java:logGet(43)) - raft.server.log.corruption.policy = EXCEPTION (default)
2019-10-04 06:13:19,634 [pool-599-thread-1] INFO  storage.RaftStorageDirectory (RaftStorageDirectory.java:analyzeStorage(246)) - The storage directory /workdir/hadoop-ozone/integration-test/target/test-dir/MiniOzoneClusterImpl-f2c63e22-5472-4ef8-9a63-56aaf7805485/datanode-1/data/ratis/ec327430-c78f-4468-85ff-9700e898429a does not exist. Creating ...
2019-10-04 06:13:19,647 [pool-599-thread-1] INFO  storage.RaftStorageDirectory (RaftStorageDirectory.java:tryLock(328)) - Lock on /workdir/hadoop-ozone/integration-test/target/test-dir/MiniOzoneClusterImpl-f2c63e22-5472-4ef8-9a63-56aaf7805485/datanode-1/data/ratis/ec327430-c78f-4468-85ff-9700e898429a/in_use.lock acquired by nodename 18915@trunk-nightly-20191004-lpvmn-70278721
2019-10-04 06:13:19,660 [pool-599-thread-1] INFO  storage.RaftStorage (RaftStorage.java:format(84)) - Storage directory /workdir/hadoop-ozone/integration-test/target/test-dir/MiniOzoneClusterImpl-f2c63e22-5472-4ef8-9a63-56aaf7805485/datanode-1/data/ratis/ec327430-c78f-4468-85ff-9700e898429a has been successfully formatted.
2019-10-04 06:13:19,661 [pool-599-thread-1] INFO  ratis.ContainerStateMachine (ContainerStateMachine.java:loadSnapshot(230)) - group-9700E898429A: The snapshot info is null. Setting the last applied indexto:(t:0, i:~)
2019-10-04 06:13:19,661 [pool-599-thread-1] INFO  server.RaftServerConfigKeys (ConfUtils.java:logGet(43)) - raft.server.notification.no-leader.timeout = 120s (custom)
2019-10-04 06:13:19,661 [pool-599-thread-1] INFO  server.RaftServerConfigKeys (ConfUtils.java:logGet(43)) - raft.server.log.use.memory = false (default)
2019-10-04 06:13:19,661 [pool-599-thread-1] INFO  server.RaftServerConfigKeys (ConfUtils.java:logGet(43)) - raft.server.log.purge.gap = 1000000 (custom)
2019-10-04 06:13:19,661 [pool-599-thread-1] INFO  server.RaftServerConfigKeys (ConfUtils.java:logGet(43)) - raft.server.log.appender.buffer.byte-limit = 33554432 (custom)
2019-10-04 06:13:19,661 [pool-599-thread-1] INFO  server.RaftServerConfigKeys (ConfUtils.java:logGet(43)) - raft.server.log.segment.size.max = 1048576 (custom)
2019-10-04 06:13:19,662 [pool-599-thread-1] INFO  server.RaftServerConfigKeys (ConfUtils.java:logGet(43)) - raft.server.log.segment.cache.num.max = 2 (custom)
2019-10-04 06:13:19,662 [pool-599-thread-1] INFO  segmented.SegmentedRaftLogWorker (SegmentedRaftLogWorker.java:<init>(173)) - new b0c93557-f206-49b3-b845-27ddea8ebda5@group-9700E898429A-SegmentedRaftLogWorker for RaftStorage:Storage Directory /workdir/hadoop-ozone/integration-test/target/test-dir/MiniOzoneClusterImpl-f2c63e22-5472-4ef8-9a63-56aaf7805485/datanode-1/data/ratis/ec327430-c78f-4468-85ff-9700e898429a
2019-10-04 06:13:19,662 [pool-599-thread-1] INFO  server.RaftServerConfigKeys (ConfUtils.java:logGet(43)) - raft.server.log.queue.byte-limit = 2147483647 (custom)
2019-10-04 06:13:19,663 [pool-599-thread-1] INFO  server.RaftServerConfigKeys (ConfUtils.java:logGet(43)) - raft.server.log.queue.element-limit = 1024 (custom)
2019-10-04 06:13:19,663 [pool-599-thread-1] INFO  server.RaftServerConfigKeys (ConfUtils.java:logGet(43)) - raft.server.log.segment.size.max = 1048576 (custom)
2019-10-04 06:13:19,663 [pool-599-thread-1] INFO  server.RaftServerConfigKeys (ConfUtils.java:logGet(43)) - raft.server.log.preallocated.size = 16384 (custom)
2019-10-04 06:13:19,663 [pool-599-thread-1] INFO  server.RaftServerConfigKeys (ConfUtils.java:logGet(43)) - raft.server.log.write.buffer.size = 33554432 (custom)
2019-10-04 06:13:19,663 [pool-599-thread-1] INFO  server.RaftServerConfigKeys (ConfUtils.java:logGet(43)) - raft.server.log.force.sync.num = 128 (default)
2019-10-04 06:13:19,663 [pool-599-thread-1] INFO  server.RaftServerConfigKeys (ConfUtils.java:logGet(43)) - raft.server.log.statemachine.data.sync = true (default)
2019-10-04 06:13:19,663 [pool-599-thread-1] INFO  server.RaftServerConfigKeys (ConfUtils.java:logGet(43)) - raft.server.log.statemachine.data.sync.timeout = 10s (default)
2019-10-04 06:13:19,663 [pool-599-thread-1] INFO  server.RaftServerConfigKeys (ConfUtils.java:logGet(43)) - raft.server.log.statemachine.data.sync.timeout.retry = -1 (default)
2019-10-04 06:13:19,663 [pool-599-thread-1] INFO  server.RaftServerConfigKeys (ConfUtils.java:logGet(43)) - raft.server.log.statemachine.data.caching.enabled = true (custom)
2019-10-04 06:13:19,664 [pool-599-thread-1] INFO  segmented.SegmentedRaftLogWorker (SegmentedRaftLogWorker.java:lambda$new$0(128)) - b0c93557-f206-49b3-b845-27ddea8ebda5@group-9700E898429A-SegmentedRaftLogWorker: flushIndex: setUnconditionally 0 -> -1
2019-10-04 06:13:19,664 [pool-599-thread-1] INFO  server.RaftServerConfigKeys (ConfUtils.java:logGet(43)) - raft.server.snapshot.auto.trigger.enabled = true (custom)
2019-10-04 06:13:19,664 [pool-599-thread-1] INFO  server.RaftServerConfigKeys (ConfUtils.java:logGet(43)) - raft.server.snapshot.auto.trigger.threshold = 10000 (custom)
2019-10-04 06:13:19,664 [pool-599-thread-1] INFO  server.RaftServerConfigKeys (ConfUtils.java:logGet(43)) - raft.server.snapshot.retention.file.num = 5 (custom)
2019-10-04 06:13:19,664 [pool-599-thread-1] INFO  server.RaftServerConfigKeys (ConfUtils.java:logGet(43)) - raft.server.retrycache.expirytime = 600000ms (custom)
2019-10-04 06:13:19,665 [pool-599-thread-1] INFO  impl.RaftServerImpl (RaftServerImpl.java:start(181)) - b0c93557-f206-49b3-b845-27ddea8ebda5@group-9700E898429A: start as a follower, conf=-1: [b0c93557-f206-49b3-b845-27ddea8ebda5:192.168.151.69:42370], old=null
2019-10-04 06:13:19,665 [pool-599-thread-1] INFO  impl.RaftServerImpl (RaftServerImpl.java:setRole(170)) - b0c93557-f206-49b3-b845-27ddea8ebda5@group-9700E898429A: changes role from      null to FOLLOWER at term 0 for startAsFollower
2019-10-04 06:13:19,665 [pool-599-thread-1] INFO  impl.RoleInfo (RoleInfo.java:updateAndGet(143)) - b0c93557-f206-49b3-b845-27ddea8ebda5: start FollowerState
2019-10-04 06:13:19,666 [pool-599-thread-1] INFO  util.JmxRegister (JmxRegister.java:tryRegister(44)) - Successfully registered JMX Bean with object name Ratis:service=RaftServer,group=group-9700E898429A,id=b0c93557-f206-49b3-b845-27ddea8ebda5
2019-10-04 06:13:19,669 [RatisPipelineUtilsThread] INFO  pipeline.PipelineStateManager (PipelineStateManager.java:addPipeline(56)) - Created pipeline Pipeline[ Id: ec327430-c78f-4468-85ff-9700e898429a, Nodes: b0c93557-f206-49b3-b845-27ddea8ebda5{ip: 192.168.151.69, host: trunk-nightly-20191004-lpvmn-70278721, networkLocation: /default-rack, certSerialId: null}, Type:RATIS, Factor:ONE, State:OPEN]
2019-10-04 06:13:19,692 [IPC Server handler 2 on 45259] INFO  net.NetworkTopology (NetworkTopologyImpl.java:add(111)) - Added a new node: /default-rack/d50021de-ef3c-4ba4-9a1f-74e99ee73c0d
2019-10-04 06:13:19,692 [IPC Server handler 2 on 45259] INFO  node.SCMNodeManager (SCMNodeManager.java:register(266)) - Registered Data node : d50021de-ef3c-4ba4-9a1f-74e99ee73c0d{ip: 192.168.151.69, host: trunk-nightly-20191004-lpvmn-70278721, networkLocation: /default-rack, certSerialId: null}
2019-10-04 06:13:19,712 [grpc-default-executor-0] INFO  impl.RaftServerProxy (RaftServerProxy.java:addNew(89)) - d50021de-ef3c-4ba4-9a1f-74e99ee73c0d: addNew group-E0F9598A49EB:[d50021de-ef3c-4ba4-9a1f-74e99ee73c0d:192.168.151.69:41884] returns group-E0F9598A49EB:java.util.concurrent.CompletableFuture@362d47c[Not completed]
2019-10-04 06:13:19,713 [pool-609-thread-1] INFO  impl.RaftServerImpl (RaftServerImpl.java:<init>(95)) - d50021de-ef3c-4ba4-9a1f-74e99ee73c0d: new RaftServerImpl for group-E0F9598A49EB:[d50021de-ef3c-4ba4-9a1f-74e99ee73c0d:192.168.151.69:41884] with ContainerStateMachine:uninitialized
2019-10-04 06:13:19,713 [pool-609-thread-1] INFO  server.RaftServerConfigKeys (ConfUtils.java:logGet(43)) - raft.server.rpc.timeout.min = 5s (custom)
2019-10-04 06:13:19,713 [pool-609-thread-1] INFO  server.RaftServerConfigKeys (ConfUtils.java:logGet(43)) - raft.server.rpc.timeout.max = 5200ms (custom)
2019-10-04 06:13:19,713 [pool-609-thread-1] INFO  server.RaftServerConfigKeys (ConfUtils.java:logGet(43)) - raft.server.rpcslowness.timeout = 120s (custom)
2019-10-04 06:13:19,713 [pool-609-thread-1] INFO  server.RaftServerConfigKeys (ConfUtils.java:logGet(43)) - raft.server.sleep.deviation.threshold = 300 (default)
2019-10-04 06:13:19,713 [pool-609-thread-1] INFO  server.RaftServerConfigKeys (ConfUtils.java:logGet(43)) - raft.server.log.appender.install.snapshot.enabled = false (custom)
2019-10-04 06:13:19,713 [pool-609-thread-1] INFO  impl.RaftServerImpl (ServerState.java:<init>(103)) - d50021de-ef3c-4ba4-9a1f-74e99ee73c0d@group-E0F9598A49EB: ConfigurationManager, init=-1: [d50021de-ef3c-4ba4-9a1f-74e99ee73c0d:192.168.151.69:41884], old=null, confs=<EMPTY_MAP>
2019-10-04 06:13:19,713 [pool-609-thread-1] INFO  server.RaftServerConfigKeys (ConfUtils.java:logGet(43)) - raft.server.storage.dir = [/workdir/hadoop-ozone/integration-test/target/test-dir/MiniOzoneClusterImpl-f2c63e22-5472-4ef8-9a63-56aaf7805485/datanode-2/data/ratis] (custom)
2019-10-04 06:13:19,714 [pool-609-thread-1] INFO  server.RaftServerConfigKeys (ConfUtils.java:logGet(43)) - raft.server.log.corruption.policy = EXCEPTION (default)
2019-10-04 06:13:19,714 [pool-609-thread-1] INFO  storage.RaftStorageDirectory (RaftStorageDirectory.java:analyzeStorage(246)) - The storage directory /workdir/hadoop-ozone/integration-test/target/test-dir/MiniOzoneClusterImpl-f2c63e22-5472-4ef8-9a63-56aaf7805485/datanode-2/data/ratis/ad5b872c-ce17-4d2f-bedd-e0f9598a49eb does not exist. Creating ...
2019-10-04 06:13:19,727 [pool-609-thread-1] INFO  storage.RaftStorageDirectory (RaftStorageDirectory.java:tryLock(328)) - Lock on /workdir/hadoop-ozone/integration-test/target/test-dir/MiniOzoneClusterImpl-f2c63e22-5472-4ef8-9a63-56aaf7805485/datanode-2/data/ratis/ad5b872c-ce17-4d2f-bedd-e0f9598a49eb/in_use.lock acquired by nodename 18915@trunk-nightly-20191004-lpvmn-70278721
2019-10-04 06:13:19,740 [pool-609-thread-1] INFO  storage.RaftStorage (RaftStorage.java:format(84)) - Storage directory /workdir/hadoop-ozone/integration-test/target/test-dir/MiniOzoneClusterImpl-f2c63e22-5472-4ef8-9a63-56aaf7805485/datanode-2/data/ratis/ad5b872c-ce17-4d2f-bedd-e0f9598a49eb has been successfully formatted.
2019-10-04 06:13:19,740 [pool-609-thread-1] INFO  ratis.ContainerStateMachine (ContainerStateMachine.java:loadSnapshot(230)) - group-E0F9598A49EB: The snapshot info is null. Setting the last applied indexto:(t:0, i:~)
2019-10-04 06:13:19,740 [pool-609-thread-1] INFO  server.RaftServerConfigKeys (ConfUtils.java:logGet(43)) - raft.server.notification.no-leader.timeout = 120s (custom)
2019-10-04 06:13:19,740 [pool-609-thread-1] INFO  server.RaftServerConfigKeys (ConfUtils.java:logGet(43)) - raft.server.log.use.memory = false (default)
2019-10-04 06:13:19,741 [pool-609-thread-1] INFO  server.RaftServerConfigKeys (ConfUtils.java:logGet(43)) - raft.server.log.purge.gap = 1000000 (custom)
2019-10-04 06:13:19,741 [pool-609-thread-1] INFO  server.RaftServerConfigKeys (ConfUtils.java:logGet(43)) - raft.server.log.appender.buffer.byte-limit = 33554432 (custom)
2019-10-04 06:13:19,741 [pool-609-thread-1] INFO  server.RaftServerConfigKeys (ConfUtils.java:logGet(43)) - raft.server.log.segment.size.max = 1048576 (custom)
2019-10-04 06:13:19,742 [pool-609-thread-1] INFO  server.RaftServerConfigKeys (ConfUtils.java:logGet(43)) - raft.server.log.segment.cache.num.max = 2 (custom)
2019-10-04 06:13:19,742 [pool-609-thread-1] INFO  segmented.SegmentedRaftLogWorker (SegmentedRaftLogWorker.java:<init>(173)) - new d50021de-ef3c-4ba4-9a1f-74e99ee73c0d@group-E0F9598A49EB-SegmentedRaftLogWorker for RaftStorage:Storage Directory /workdir/hadoop-ozone/integration-test/target/test-dir/MiniOzoneClusterImpl-f2c63e22-5472-4ef8-9a63-56aaf7805485/datanode-2/data/ratis/ad5b872c-ce17-4d2f-bedd-e0f9598a49eb
2019-10-04 06:13:19,742 [pool-609-thread-1] INFO  server.RaftServerConfigKeys (ConfUtils.java:logGet(43)) - raft.server.log.queue.byte-limit = 2147483647 (custom)
2019-10-04 06:13:19,742 [pool-609-thread-1] INFO  server.RaftServerConfigKeys (ConfUtils.java:logGet(43)) - raft.server.log.queue.element-limit = 1024 (custom)
2019-10-04 06:13:19,742 [pool-609-thread-1] INFO  server.RaftServerConfigKeys (ConfUtils.java:logGet(43)) - raft.server.log.segment.size.max = 1048576 (custom)
2019-10-04 06:13:19,742 [pool-609-thread-1] INFO  server.RaftServerConfigKeys (ConfUtils.java:logGet(43)) - raft.server.log.preallocated.size = 16384 (custom)
2019-10-04 06:13:19,742 [pool-609-thread-1] INFO  server.RaftServerConfigKeys (ConfUtils.java:logGet(43)) - raft.server.log.write.buffer.size = 33554432 (custom)
2019-10-04 06:13:19,743 [pool-609-thread-1] INFO  server.RaftServerConfigKeys (ConfUtils.java:logGet(43)) - raft.server.log.force.sync.num = 128 (default)
2019-10-04 06:13:19,743 [pool-609-thread-1] INFO  server.RaftServerConfigKeys (ConfUtils.java:logGet(43)) - raft.server.log.statemachine.data.sync = true (default)
2019-10-04 06:13:19,743 [pool-609-thread-1] INFO  server.RaftServerConfigKeys (ConfUtils.java:logGet(43)) - raft.server.log.statemachine.data.sync.timeout = 10s (default)
2019-10-04 06:13:19,743 [pool-609-thread-1] INFO  server.RaftServerConfigKeys (ConfUtils.java:logGet(43)) - raft.server.log.statemachine.data.sync.timeout.retry = -1 (default)
2019-10-04 06:13:19,743 [pool-609-thread-1] INFO  server.RaftServerConfigKeys (ConfUtils.java:logGet(43)) - raft.server.log.statemachine.data.caching.enabled = true (custom)
2019-10-04 06:13:19,743 [pool-609-thread-1] INFO  segmented.SegmentedRaftLogWorker (SegmentedRaftLogWorker.java:lambda$new$0(128)) - d50021de-ef3c-4ba4-9a1f-74e99ee73c0d@group-E0F9598A49EB-SegmentedRaftLogWorker: flushIndex: setUnconditionally 0 -> -1
2019-10-04 06:13:19,744 [pool-609-thread-1] INFO  server.RaftServerConfigKeys (ConfUtils.java:logGet(43)) - raft.server.snapshot.auto.trigger.enabled = true (custom)
2019-10-04 06:13:19,744 [pool-609-thread-1] INFO  server.RaftServerConfigKeys (ConfUtils.java:logGet(43)) - raft.server.snapshot.auto.trigger.threshold = 10000 (custom)
2019-10-04 06:13:19,744 [pool-609-thread-1] INFO  server.RaftServerConfigKeys (ConfUtils.java:logGet(43)) - raft.server.snapshot.retention.file.num = 5 (custom)
2019-10-04 06:13:19,744 [pool-609-thread-1] INFO  server.RaftServerConfigKeys (ConfUtils.java:logGet(43)) - raft.server.retrycache.expirytime = 600000ms (custom)
2019-10-04 06:13:19,745 [pool-609-thread-1] INFO  impl.RaftServerImpl (RaftServerImpl.java:start(181)) - d50021de-ef3c-4ba4-9a1f-74e99ee73c0d@group-E0F9598A49EB: start as a follower, conf=-1: [d50021de-ef3c-4ba4-9a1f-74e99ee73c0d:192.168.151.69:41884], old=null
2019-10-04 06:13:19,745 [pool-609-thread-1] INFO  impl.RaftServerImpl (RaftServerImpl.java:setRole(170)) - d50021de-ef3c-4ba4-9a1f-74e99ee73c0d@group-E0F9598A49EB: changes role from      null to FOLLOWER at term 0 for startAsFollower
2019-10-04 06:13:19,745 [pool-609-thread-1] INFO  impl.RoleInfo (RoleInfo.java:updateAndGet(143)) - d50021de-ef3c-4ba4-9a1f-74e99ee73c0d: start FollowerState
2019-10-04 06:13:19,745 [pool-609-thread-1] INFO  util.JmxRegister (JmxRegister.java:tryRegister(44)) - Successfully registered JMX Bean with object name Ratis:service=RaftServer,group=group-E0F9598A49EB,id=d50021de-ef3c-4ba4-9a1f-74e99ee73c0d
2019-10-04 06:13:19,749 [RatisPipelineUtilsThread] INFO  pipeline.PipelineStateManager (PipelineStateManager.java:addPipeline(56)) - Created pipeline Pipeline[ Id: ad5b872c-ce17-4d2f-bedd-e0f9598a49eb, Nodes: d50021de-ef3c-4ba4-9a1f-74e99ee73c0d{ip: 192.168.151.69, host: trunk-nightly-20191004-lpvmn-70278721, networkLocation: /default-rack, certSerialId: null}, Type:RATIS, Factor:ONE, State:OPEN]
2019-10-04 06:13:19,757 [grpc-default-executor-7] INFO  impl.RaftServerProxy (RaftServerProxy.java:addNew(89)) - b0c93557-f206-49b3-b845-27ddea8ebda5: addNew group-7B63199FC393:[29be59ed-680c-458c-aec9-68f2979afc9a:192.168.151.69:33636, b0c93557-f206-49b3-b845-27ddea8ebda5:192.168.151.69:42370, d50021de-ef3c-4ba4-9a1f-74e99ee73c0d:192.168.151.69:41884] returns group-7B63199FC393:java.util.concurrent.CompletableFuture@68a0088[Not completed]
2019-10-04 06:13:19,757 [grpc-default-executor-0] INFO  impl.RaftServerProxy (RaftServerProxy.java:addNew(89)) - d50021de-ef3c-4ba4-9a1f-74e99ee73c0d: addNew group-7B63199FC393:[29be59ed-680c-458c-aec9-68f2979afc9a:192.168.151.69:33636, b0c93557-f206-49b3-b845-27ddea8ebda5:192.168.151.69:42370, d50021de-ef3c-4ba4-9a1f-74e99ee73c0d:192.168.151.69:41884] returns group-7B63199FC393:java.util.concurrent.CompletableFuture@270e7a81[Not completed]
2019-10-04 06:13:19,757 [grpc-default-executor-8] INFO  impl.RaftServerProxy (RaftServerProxy.java:addNew(89)) - 29be59ed-680c-458c-aec9-68f2979afc9a: addNew group-7B63199FC393:[29be59ed-680c-458c-aec9-68f2979afc9a:192.168.151.69:33636, b0c93557-f206-49b3-b845-27ddea8ebda5:192.168.151.69:42370, d50021de-ef3c-4ba4-9a1f-74e99ee73c0d:192.168.151.69:41884] returns group-7B63199FC393:java.util.concurrent.CompletableFuture@1ddf1aea[Not completed]
2019-10-04 06:13:19,758 [pool-589-thread-1] INFO  impl.RaftServerImpl (RaftServerImpl.java:<init>(95)) - 29be59ed-680c-458c-aec9-68f2979afc9a: new RaftServerImpl for group-7B63199FC393:[29be59ed-680c-458c-aec9-68f2979afc9a:192.168.151.69:33636, b0c93557-f206-49b3-b845-27ddea8ebda5:192.168.151.69:42370, d50021de-ef3c-4ba4-9a1f-74e99ee73c0d:192.168.151.69:41884] with ContainerStateMachine:uninitialized
2019-10-04 06:13:19,758 [pool-589-thread-1] INFO  server.RaftServerConfigKeys (ConfUtils.java:logGet(43)) - raft.server.rpc.timeout.min = 5s (custom)
2019-10-04 06:13:19,758 [pool-589-thread-1] INFO  server.RaftServerConfigKeys (ConfUtils.java:logGet(43)) - raft.server.rpc.timeout.max = 5200ms (custom)
2019-10-04 06:13:19,758 [pool-589-thread-1] INFO  server.RaftServerConfigKeys (ConfUtils.java:logGet(43)) - raft.server.rpcslowness.timeout = 120s (custom)
2019-10-04 06:13:19,759 [pool-589-thread-1] INFO  server.RaftServerConfigKeys (ConfUtils.java:logGet(43)) - raft.server.sleep.deviation.threshold = 300 (default)
2019-10-04 06:13:19,759 [pool-589-thread-1] INFO  server.RaftServerConfigKeys (ConfUtils.java:logGet(43)) - raft.server.log.appender.install.snapshot.enabled = false (custom)
2019-10-04 06:13:19,759 [pool-589-thread-1] INFO  impl.RaftServerImpl (ServerState.java:<init>(103)) - 29be59ed-680c-458c-aec9-68f2979afc9a@group-7B63199FC393: ConfigurationManager, init=-1: [29be59ed-680c-458c-aec9-68f2979afc9a:192.168.151.69:33636, b0c93557-f206-49b3-b845-27ddea8ebda5:192.168.151.69:42370, d50021de-ef3c-4ba4-9a1f-74e99ee73c0d:192.168.151.69:41884], old=null, confs=<EMPTY_MAP>
2019-10-04 06:13:19,759 [pool-589-thread-1] INFO  server.RaftServerConfigKeys (ConfUtils.java:logGet(43)) - raft.server.storage.dir = [/workdir/hadoop-ozone/integration-test/target/test-dir/MiniOzoneClusterImpl-f2c63e22-5472-4ef8-9a63-56aaf7805485/datanode-0/data/ratis] (custom)
2019-10-04 06:13:19,759 [pool-609-thread-1] INFO  impl.RaftServerImpl (RaftServerImpl.java:<init>(95)) - d50021de-ef3c-4ba4-9a1f-74e99ee73c0d: new RaftServerImpl for group-7B63199FC393:[29be59ed-680c-458c-aec9-68f2979afc9a:192.168.151.69:33636, b0c93557-f206-49b3-b845-27ddea8ebda5:192.168.151.69:42370, d50021de-ef3c-4ba4-9a1f-74e99ee73c0d:192.168.151.69:41884] with ContainerStateMachine:uninitialized
2019-10-04 06:13:19,759 [pool-589-thread-1] INFO  server.RaftServerConfigKeys (ConfUtils.java:logGet(43)) - raft.server.log.corruption.policy = EXCEPTION (default)
2019-10-04 06:13:19,759 [pool-609-thread-1] INFO  server.RaftServerConfigKeys (ConfUtils.java:logGet(43)) - raft.server.rpc.timeout.min = 5s (custom)
2019-10-04 06:13:19,759 [pool-599-thread-1] INFO  impl.RaftServerImpl (RaftServerImpl.java:<init>(95)) - b0c93557-f206-49b3-b845-27ddea8ebda5: new RaftServerImpl for group-7B63199FC393:[29be59ed-680c-458c-aec9-68f2979afc9a:192.168.151.69:33636, b0c93557-f206-49b3-b845-27ddea8ebda5:192.168.151.69:42370, d50021de-ef3c-4ba4-9a1f-74e99ee73c0d:192.168.151.69:41884] with ContainerStateMachine:uninitialized
2019-10-04 06:13:19,759 [pool-589-thread-1] INFO  storage.RaftStorageDirectory (RaftStorageDirectory.java:analyzeStorage(246)) - The storage directory /workdir/hadoop-ozone/integration-test/target/test-dir/MiniOzoneClusterImpl-f2c63e22-5472-4ef8-9a63-56aaf7805485/datanode-0/data/ratis/f4adb192-49a1-46c5-befe-7b63199fc393 does not exist. Creating ...
2019-10-04 06:13:19,759 [pool-599-thread-1] INFO  server.RaftServerConfigKeys (ConfUtils.java:logGet(43)) - raft.server.rpc.timeout.min = 5s (custom)
2019-10-04 06:13:19,759 [pool-609-thread-1] INFO  server.RaftServerConfigKeys (ConfUtils.java:logGet(43)) - raft.server.rpc.timeout.max = 5200ms (custom)
2019-10-04 06:13:19,760 [pool-599-thread-1] INFO  server.RaftServerConfigKeys (ConfUtils.java:logGet(43)) - raft.server.rpc.timeout.max = 5200ms (custom)
2019-10-04 06:13:19,760 [pool-609-thread-1] INFO  server.RaftServerConfigKeys (ConfUtils.java:logGet(43)) - raft.server.rpcslowness.timeout = 120s (custom)
2019-10-04 06:13:19,760 [pool-599-thread-1] INFO  server.RaftServerConfigKeys (ConfUtils.java:logGet(43)) - raft.server.rpcslowness.timeout = 120s (custom)
2019-10-04 06:13:19,760 [pool-609-thread-1] INFO  server.RaftServerConfigKeys (ConfUtils.java:logGet(43)) - raft.server.sleep.deviation.threshold = 300 (default)
2019-10-04 06:13:19,760 [pool-599-thread-1] INFO  server.RaftServerConfigKeys (ConfUtils.java:logGet(43)) - raft.server.sleep.deviation.threshold = 300 (default)
2019-10-04 06:13:19,760 [pool-609-thread-1] INFO  server.RaftServerConfigKeys (ConfUtils.java:logGet(43)) - raft.server.log.appender.install.snapshot.enabled = false (custom)
2019-10-04 06:13:19,760 [pool-599-thread-1] INFO  server.RaftServerConfigKeys (ConfUtils.java:logGet(43)) - raft.server.log.appender.install.snapshot.enabled = false (custom)
2019-10-04 06:13:19,760 [pool-609-thread-1] INFO  impl.RaftServerImpl (ServerState.java:<init>(103)) - d50021de-ef3c-4ba4-9a1f-74e99ee73c0d@group-7B63199FC393: ConfigurationManager, init=-1: [29be59ed-680c-458c-aec9-68f2979afc9a:192.168.151.69:33636, b0c93557-f206-49b3-b845-27ddea8ebda5:192.168.151.69:42370, d50021de-ef3c-4ba4-9a1f-74e99ee73c0d:192.168.151.69:41884], old=null, confs=<EMPTY_MAP>
2019-10-04 06:13:19,761 [pool-599-thread-1] INFO  impl.RaftServerImpl (ServerState.java:<init>(103)) - b0c93557-f206-49b3-b845-27ddea8ebda5@group-7B63199FC393: ConfigurationManager, init=-1: [29be59ed-680c-458c-aec9-68f2979afc9a:192.168.151.69:33636, b0c93557-f206-49b3-b845-27ddea8ebda5:192.168.151.69:42370, d50021de-ef3c-4ba4-9a1f-74e99ee73c0d:192.168.151.69:41884], old=null, confs=<EMPTY_MAP>
2019-10-04 06:13:19,761 [pool-609-thread-1] INFO  server.RaftServerConfigKeys (ConfUtils.java:logGet(43)) - raft.server.storage.dir = [/workdir/hadoop-ozone/integration-test/target/test-dir/MiniOzoneClusterImpl-f2c63e22-5472-4ef8-9a63-56aaf7805485/datanode-2/data/ratis] (custom)
2019-10-04 06:13:19,761 [pool-599-thread-1] INFO  server.RaftServerConfigKeys (ConfUtils.java:logGet(43)) - raft.server.storage.dir = [/workdir/hadoop-ozone/integration-test/target/test-dir/MiniOzoneClusterImpl-f2c63e22-5472-4ef8-9a63-56aaf7805485/datanode-1/data/ratis] (custom)
2019-10-04 06:13:19,761 [pool-609-thread-1] INFO  server.RaftServerConfigKeys (ConfUtils.java:logGet(43)) - raft.server.log.corruption.policy = EXCEPTION (default)
2019-10-04 06:13:19,761 [pool-599-thread-1] INFO  server.RaftServerConfigKeys (ConfUtils.java:logGet(43)) - raft.server.log.corruption.policy = EXCEPTION (default)
2019-10-04 06:13:19,761 [pool-609-thread-1] INFO  storage.RaftStorageDirectory (RaftStorageDirectory.java:analyzeStorage(246)) - The storage directory /workdir/hadoop-ozone/integration-test/target/test-dir/MiniOzoneClusterImpl-f2c63e22-5472-4ef8-9a63-56aaf7805485/datanode-2/data/ratis/f4adb192-49a1-46c5-befe-7b63199fc393 does not exist. Creating ...
2019-10-04 06:13:19,761 [pool-599-thread-1] INFO  storage.RaftStorageDirectory (RaftStorageDirectory.java:analyzeStorage(246)) - The storage directory /workdir/hadoop-ozone/integration-test/target/test-dir/MiniOzoneClusterImpl-f2c63e22-5472-4ef8-9a63-56aaf7805485/datanode-1/data/ratis/f4adb192-49a1-46c5-befe-7b63199fc393 does not exist. Creating ...
2019-10-04 06:13:19,771 [IPC Server handler 5 on 45259] INFO  net.NetworkTopology (NetworkTopologyImpl.java:add(111)) - Added a new node: /default-rack/7f208f9a-7048-44ea-b109-f6ce9127d734
2019-10-04 06:13:19,771 [IPC Server handler 5 on 45259] INFO  node.SCMNodeManager (SCMNodeManager.java:register(266)) - Registered Data node : 7f208f9a-7048-44ea-b109-f6ce9127d734{ip: 192.168.151.69, host: trunk-nightly-20191004-lpvmn-70278721, networkLocation: /default-rack, certSerialId: null}
2019-10-04 06:13:19,773 [pool-599-thread-1] INFO  storage.RaftStorageDirectory (RaftStorageDirectory.java:tryLock(328)) - Lock on /workdir/hadoop-ozone/integration-test/target/test-dir/MiniOzoneClusterImpl-f2c63e22-5472-4ef8-9a63-56aaf7805485/datanode-1/data/ratis/f4adb192-49a1-46c5-befe-7b63199fc393/in_use.lock acquired by nodename 18915@trunk-nightly-20191004-lpvmn-70278721
2019-10-04 06:13:19,773 [pool-589-thread-1] INFO  storage.RaftStorageDirectory (RaftStorageDirectory.java:tryLock(328)) - Lock on /workdir/hadoop-ozone/integration-test/target/test-dir/MiniOzoneClusterImpl-f2c63e22-5472-4ef8-9a63-56aaf7805485/datanode-0/data/ratis/f4adb192-49a1-46c5-befe-7b63199fc393/in_use.lock acquired by nodename 18915@trunk-nightly-20191004-lpvmn-70278721
2019-10-04 06:13:19,773 [pool-609-thread-1] INFO  storage.RaftStorageDirectory (RaftStorageDirectory.java:tryLock(328)) - Lock on /workdir/hadoop-ozone/integration-test/target/test-dir/MiniOzoneClusterImpl-f2c63e22-5472-4ef8-9a63-56aaf7805485/datanode-2/data/ratis/f4adb192-49a1-46c5-befe-7b63199fc393/in_use.lock acquired by nodename 18915@trunk-nightly-20191004-lpvmn-70278721
2019-10-04 06:13:19,786 [pool-589-thread-1] INFO  storage.RaftStorage (RaftStorage.java:format(84)) - Storage directory /workdir/hadoop-ozone/integration-test/target/test-dir/MiniOzoneClusterImpl-f2c63e22-5472-4ef8-9a63-56aaf7805485/datanode-0/data/ratis/f4adb192-49a1-46c5-befe-7b63199fc393 has been successfully formatted.
2019-10-04 06:13:19,786 [pool-609-thread-1] INFO  storage.RaftStorage (RaftStorage.java:format(84)) - Storage directory /workdir/hadoop-ozone/integration-test/target/test-dir/MiniOzoneClusterImpl-f2c63e22-5472-4ef8-9a63-56aaf7805485/datanode-2/data/ratis/f4adb192-49a1-46c5-befe-7b63199fc393 has been successfully formatted.
2019-10-04 06:13:19,786 [pool-599-thread-1] INFO  storage.RaftStorage (RaftStorage.java:format(84)) - Storage directory /workdir/hadoop-ozone/integration-test/target/test-dir/MiniOzoneClusterImpl-f2c63e22-5472-4ef8-9a63-56aaf7805485/datanode-1/data/ratis/f4adb192-49a1-46c5-befe-7b63199fc393 has been successfully formatted.
2019-10-04 06:13:19,787 [pool-609-thread-1] INFO  ratis.ContainerStateMachine (ContainerStateMachine.java:loadSnapshot(230)) - group-7B63199FC393: The snapshot info is null. Setting the last applied indexto:(t:0, i:~)
2019-10-04 06:13:19,786 [pool-589-thread-1] INFO  ratis.ContainerStateMachine (ContainerStateMachine.java:loadSnapshot(230)) - group-7B63199FC393: The snapshot info is null. Setting the last applied indexto:(t:0, i:~)
2019-10-04 06:13:19,787 [pool-609-thread-1] INFO  server.RaftServerConfigKeys (ConfUtils.java:logGet(43)) - raft.server.notification.no-leader.timeout = 120s (custom)
2019-10-04 06:13:19,787 [pool-599-thread-1] INFO  ratis.ContainerStateMachine (ContainerStateMachine.java:loadSnapshot(230)) - group-7B63199FC393: The snapshot info is null. Setting the last applied indexto:(t:0, i:~)
2019-10-04 06:13:19,787 [pool-609-thread-1] INFO  server.RaftServerConfigKeys (ConfUtils.java:logGet(43)) - raft.server.log.use.memory = false (default)
2019-10-04 06:13:19,787 [pool-589-thread-1] INFO  server.RaftServerConfigKeys (ConfUtils.java:logGet(43)) - raft.server.notification.no-leader.timeout = 120s (custom)
2019-10-04 06:13:19,787 [pool-609-thread-1] INFO  server.RaftServerConfigKeys (ConfUtils.java:logGet(43)) - raft.server.log.purge.gap = 1000000 (custom)
2019-10-04 06:13:19,787 [pool-599-thread-1] INFO  server.RaftServerConfigKeys (ConfUtils.java:logGet(43)) - raft.server.notification.no-leader.timeout = 120s (custom)
2019-10-04 06:13:19,788 [pool-609-thread-1] INFO  server.RaftServerConfigKeys (ConfUtils.java:logGet(43)) - raft.server.log.appender.buffer.byte-limit = 33554432 (custom)
2019-10-04 06:13:19,787 [pool-589-thread-1] INFO  server.RaftServerConfigKeys (ConfUtils.java:logGet(43)) - raft.server.log.use.memory = false (default)
2019-10-04 06:13:19,788 [pool-609-thread-1] INFO  server.RaftServerConfigKeys (ConfUtils.java:logGet(43)) - raft.server.log.segment.size.max = 1048576 (custom)
2019-10-04 06:13:19,788 [pool-599-thread-1] INFO  server.RaftServerConfigKeys (ConfUtils.java:logGet(43)) - raft.server.log.use.memory = false (default)
2019-10-04 06:13:19,788 [pool-609-thread-1] INFO  server.RaftServerConfigKeys (ConfUtils.java:logGet(43)) - raft.server.log.segment.cache.num.max = 2 (custom)
2019-10-04 06:13:19,788 [pool-589-thread-1] INFO  server.RaftServerConfigKeys (ConfUtils.java:logGet(43)) - raft.server.log.purge.gap = 1000000 (custom)
2019-10-04 06:13:19,788 [pool-609-thread-1] INFO  segmented.SegmentedRaftLogWorker (SegmentedRaftLogWorker.java:<init>(173)) - new d50021de-ef3c-4ba4-9a1f-74e99ee73c0d@group-7B63199FC393-SegmentedRaftLogWorker for RaftStorage:Storage Directory /workdir/hadoop-ozone/integration-test/target/test-dir/MiniOzoneClusterImpl-f2c63e22-5472-4ef8-9a63-56aaf7805485/datanode-2/data/ratis/f4adb192-49a1-46c5-befe-7b63199fc393
2019-10-04 06:13:19,788 [pool-599-thread-1] INFO  server.RaftServerConfigKeys (ConfUtils.java:logGet(43)) - raft.server.log.purge.gap = 1000000 (custom)
2019-10-04 06:13:19,789 [pool-609-thread-1] INFO  server.RaftServerConfigKeys (ConfUtils.java:logGet(43)) - raft.server.log.queue.byte-limit = 2147483647 (custom)
2019-10-04 06:13:19,788 [pool-589-thread-1] INFO  server.RaftServerConfigKeys (ConfUtils.java:logGet(43)) - raft.server.log.appender.buffer.byte-limit = 33554432 (custom)
2019-10-04 06:13:19,789 [pool-609-thread-1] INFO  server.RaftServerConfigKeys (ConfUtils.java:logGet(43)) - raft.server.log.queue.element-limit = 1024 (custom)
2019-10-04 06:13:19,789 [pool-609-thread-1] INFO  server.RaftServerConfigKeys (ConfUtils.java:logGet(43)) - raft.server.log.segment.size.max = 1048576 (custom)
2019-10-04 06:13:19,789 [pool-599-thread-1] INFO  server.RaftServerConfigKeys (ConfUtils.java:logGet(43)) - raft.server.log.appender.buffer.byte-limit = 33554432 (custom)
2019-10-04 06:13:19,789 [pool-609-thread-1] INFO  server.RaftServerConfigKeys (ConfUtils.java:logGet(43)) - raft.server.log.preallocated.size = 16384 (custom)
2019-10-04 06:13:19,790 [pool-609-thread-1] INFO  server.RaftServerConfigKeys (ConfUtils.java:logGet(43)) - raft.server.log.write.buffer.size = 33554432 (custom)
2019-10-04 06:13:19,789 [pool-589-thread-1] INFO  server.RaftServerConfigKeys (ConfUtils.java:logGet(43)) - raft.server.log.segment.size.max = 1048576 (custom)
2019-10-04 06:13:19,790 [pool-609-thread-1] INFO  server.RaftServerConfigKeys (ConfUtils.java:logGet(43)) - raft.server.log.force.sync.num = 128 (default)
2019-10-04 06:13:19,789 [pool-599-thread-1] INFO  server.RaftServerConfigKeys (ConfUtils.java:logGet(43)) - raft.server.log.segment.size.max = 1048576 (custom)
2019-10-04 06:13:19,790 [pool-609-thread-1] INFO  server.RaftServerConfigKeys (ConfUtils.java:logGet(43)) - raft.server.log.statemachine.data.sync = true (default)
2019-10-04 06:13:19,790 [pool-589-thread-1] INFO  server.RaftServerConfigKeys (ConfUtils.java:logGet(43)) - raft.server.log.segment.cache.num.max = 2 (custom)
2019-10-04 06:13:19,790 [pool-609-thread-1] INFO  server.RaftServerConfigKeys (ConfUtils.java:logGet(43)) - raft.server.log.statemachine.data.sync.timeout = 10s (default)
2019-10-04 06:13:19,790 [pool-599-thread-1] INFO  server.RaftServerConfigKeys (ConfUtils.java:logGet(43)) - raft.server.log.segment.cache.num.max = 2 (custom)
2019-10-04 06:13:19,791 [pool-609-thread-1] INFO  server.RaftServerConfigKeys (ConfUtils.java:logGet(43)) - raft.server.log.statemachine.data.sync.timeout.retry = -1 (default)
2019-10-04 06:13:19,790 [pool-589-thread-1] INFO  segmented.SegmentedRaftLogWorker (SegmentedRaftLogWorker.java:<init>(173)) - new 29be59ed-680c-458c-aec9-68f2979afc9a@group-7B63199FC393-SegmentedRaftLogWorker for RaftStorage:Storage Directory /workdir/hadoop-ozone/integration-test/target/test-dir/MiniOzoneClusterImpl-f2c63e22-5472-4ef8-9a63-56aaf7805485/datanode-0/data/ratis/f4adb192-49a1-46c5-befe-7b63199fc393
2019-10-04 06:13:19,791 [pool-609-thread-1] INFO  server.RaftServerConfigKeys (ConfUtils.java:logGet(43)) - raft.server.log.statemachine.data.caching.enabled = true (custom)
2019-10-04 06:13:19,791 [pool-599-thread-1] INFO  segmented.SegmentedRaftLogWorker (SegmentedRaftLogWorker.java:<init>(173)) - new b0c93557-f206-49b3-b845-27ddea8ebda5@group-7B63199FC393-SegmentedRaftLogWorker for RaftStorage:Storage Directory /workdir/hadoop-ozone/integration-test/target/test-dir/MiniOzoneClusterImpl-f2c63e22-5472-4ef8-9a63-56aaf7805485/datanode-1/data/ratis/f4adb192-49a1-46c5-befe-7b63199fc393
2019-10-04 06:13:19,791 [pool-609-thread-1] INFO  segmented.SegmentedRaftLogWorker (SegmentedRaftLogWorker.java:lambda$new$0(128)) - d50021de-ef3c-4ba4-9a1f-74e99ee73c0d@group-7B63199FC393-SegmentedRaftLogWorker: flushIndex: setUnconditionally 0 -> -1
2019-10-04 06:13:19,791 [pool-589-thread-1] INFO  server.RaftServerConfigKeys (ConfUtils.java:logGet(43)) - raft.server.log.queue.byte-limit = 2147483647 (custom)
2019-10-04 06:13:19,791 [pool-599-thread-1] INFO  server.RaftServerConfigKeys (ConfUtils.java:logGet(43)) - raft.server.log.queue.byte-limit = 2147483647 (custom)
2019-10-04 06:13:19,792 [pool-609-thread-1] INFO  server.RaftServerConfigKeys (ConfUtils.java:logGet(43)) - raft.server.snapshot.auto.trigger.enabled = true (custom)
2019-10-04 06:13:19,791 [pool-589-thread-1] INFO  server.RaftServerConfigKeys (ConfUtils.java:logGet(43)) - raft.server.log.queue.element-limit = 1024 (custom)
2019-10-04 06:13:19,792 [pool-609-thread-1] INFO  server.RaftServerConfigKeys (ConfUtils.java:logGet(43)) - raft.server.snapshot.auto.trigger.threshold = 10000 (custom)
2019-10-04 06:13:19,792 [pool-599-thread-1] INFO  server.RaftServerConfigKeys (ConfUtils.java:logGet(43)) - raft.server.log.queue.element-limit = 1024 (custom)
2019-10-04 06:13:19,792 [pool-609-thread-1] INFO  server.RaftServerConfigKeys (ConfUtils.java:logGet(43)) - raft.server.snapshot.retention.file.num = 5 (custom)
2019-10-04 06:13:19,792 [pool-589-thread-1] INFO  server.RaftServerConfigKeys (ConfUtils.java:logGet(43)) - raft.server.log.segment.size.max = 1048576 (custom)
2019-10-04 06:13:19,792 [pool-609-thread-1] INFO  server.RaftServerConfigKeys (ConfUtils.java:logGet(43)) - raft.server.retrycache.expirytime = 600000ms (custom)
2019-10-04 06:13:19,792 [pool-599-thread-1] INFO  server.RaftServerConfigKeys (ConfUtils.java:logGet(43)) - raft.server.log.segment.size.max = 1048576 (custom)
2019-10-04 06:13:19,792 [pool-589-thread-1] INFO  server.RaftServerConfigKeys (ConfUtils.java:logGet(43)) - raft.server.log.preallocated.size = 16384 (custom)
2019-10-04 06:13:19,793 [pool-599-thread-1] INFO  server.RaftServerConfigKeys (ConfUtils.java:logGet(43)) - raft.server.log.preallocated.size = 16384 (custom)
2019-10-04 06:13:19,793 [pool-589-thread-1] INFO  server.RaftServerConfigKeys (ConfUtils.java:logGet(43)) - raft.server.log.write.buffer.size = 33554432 (custom)
2019-10-04 06:13:19,793 [pool-599-thread-1] INFO  server.RaftServerConfigKeys (ConfUtils.java:logGet(43)) - raft.server.log.write.buffer.size = 33554432 (custom)
2019-10-04 06:13:19,793 [pool-589-thread-1] INFO  server.RaftServerConfigKeys (ConfUtils.java:logGet(43)) - raft.server.log.force.sync.num = 128 (default)
2019-10-04 06:13:19,793 [pool-599-thread-1] INFO  server.RaftServerConfigKeys (ConfUtils.java:logGet(43)) - raft.server.log.force.sync.num = 128 (default)
2019-10-04 06:13:19,793 [pool-589-thread-1] INFO  server.RaftServerConfigKeys (ConfUtils.java:logGet(43)) - raft.server.log.statemachine.data.sync = true (default)
2019-10-04 06:13:19,793 [pool-599-thread-1] INFO  server.RaftServerConfigKeys (ConfUtils.java:logGet(43)) - raft.server.log.statemachine.data.sync = true (default)
2019-10-04 06:13:19,793 [pool-589-thread-1] INFO  server.RaftServerConfigKeys (ConfUtils.java:logGet(43)) - raft.server.log.statemachine.data.sync.timeout = 10s (default)
2019-10-04 06:13:19,793 [pool-599-thread-1] INFO  server.RaftServerConfigKeys (ConfUtils.java:logGet(43)) - raft.server.log.statemachine.data.sync.timeout = 10s (default)
2019-10-04 06:13:19,793 [pool-589-thread-1] INFO  server.RaftServerConfigKeys (ConfUtils.java:logGet(43)) - raft.server.log.statemachine.data.sync.timeout.retry = -1 (default)
2019-10-04 06:13:19,794 [pool-599-thread-1] INFO  server.RaftServerConfigKeys (ConfUtils.java:logGet(43)) - raft.server.log.statemachine.data.sync.timeout.retry = -1 (default)
2019-10-04 06:13:19,794 [pool-589-thread-1] INFO  server.RaftServerConfigKeys (ConfUtils.java:logGet(43)) - raft.server.log.statemachine.data.caching.enabled = true (custom)
2019-10-04 06:13:19,794 [pool-599-thread-1] INFO  server.RaftServerConfigKeys (ConfUtils.java:logGet(43)) - raft.server.log.statemachine.data.caching.enabled = true (custom)
2019-10-04 06:13:19,794 [pool-589-thread-1] INFO  segmented.SegmentedRaftLogWorker (SegmentedRaftLogWorker.java:lambda$new$0(128)) - 29be59ed-680c-458c-aec9-68f2979afc9a@group-7B63199FC393-SegmentedRaftLogWorker: flushIndex: setUnconditionally 0 -> -1
2019-10-04 06:13:19,794 [pool-609-thread-1] INFO  impl.RaftServerImpl (RaftServerImpl.java:start(181)) - d50021de-ef3c-4ba4-9a1f-74e99ee73c0d@group-7B63199FC393: start as a follower, conf=-1: [29be59ed-680c-458c-aec9-68f2979afc9a:192.168.151.69:33636, b0c93557-f206-49b3-b845-27ddea8ebda5:192.168.151.69:42370, d50021de-ef3c-4ba4-9a1f-74e99ee73c0d:192.168.151.69:41884], old=null
2019-10-04 06:13:19,794 [pool-599-thread-1] INFO  segmented.SegmentedRaftLogWorker (SegmentedRaftLogWorker.java:lambda$new$0(128)) - b0c93557-f206-49b3-b845-27ddea8ebda5@group-7B63199FC393-SegmentedRaftLogWorker: flushIndex: setUnconditionally 0 -> -1
2019-10-04 06:13:19,794 [pool-609-thread-1] INFO  impl.RaftServerImpl (RaftServerImpl.java:setRole(170)) - d50021de-ef3c-4ba4-9a1f-74e99ee73c0d@group-7B63199FC393: changes role from      null to FOLLOWER at term 0 for startAsFollower
2019-10-04 06:13:19,794 [pool-589-thread-1] INFO  server.RaftServerConfigKeys (ConfUtils.java:logGet(43)) - raft.server.snapshot.auto.trigger.enabled = true (custom)
2019-10-04 06:13:19,795 [pool-609-thread-1] INFO  impl.RoleInfo (RoleInfo.java:updateAndGet(143)) - d50021de-ef3c-4ba4-9a1f-74e99ee73c0d: start FollowerState
2019-10-04 06:13:19,794 [pool-599-thread-1] INFO  server.RaftServerConfigKeys (ConfUtils.java:logGet(43)) - raft.server.snapshot.auto.trigger.enabled = true (custom)
2019-10-04 06:13:19,795 [pool-589-thread-1] INFO  server.RaftServerConfigKeys (ConfUtils.java:logGet(43)) - raft.server.snapshot.auto.trigger.threshold = 10000 (custom)
2019-10-04 06:13:19,795 [pool-599-thread-1] INFO  server.RaftServerConfigKeys (ConfUtils.java:logGet(43)) - raft.server.snapshot.auto.trigger.threshold = 10000 (custom)
2019-10-04 06:13:19,795 [pool-609-thread-1] INFO  util.JmxRegister (JmxRegister.java:tryRegister(44)) - Successfully registered JMX Bean with object name Ratis:service=RaftServer,group=group-7B63199FC393,id=d50021de-ef3c-4ba4-9a1f-74e99ee73c0d
2019-10-04 06:13:19,795 [pool-589-thread-1] INFO  server.RaftServerConfigKeys (ConfUtils.java:logGet(43)) - raft.server.snapshot.retention.file.num = 5 (custom)
2019-10-04 06:13:19,795 [pool-599-thread-1] INFO  server.RaftServerConfigKeys (ConfUtils.java:logGet(43)) - raft.server.snapshot.retention.file.num = 5 (custom)
2019-10-04 06:13:19,795 [pool-589-thread-1] INFO  server.RaftServerConfigKeys (ConfUtils.java:logGet(43)) - raft.server.retrycache.expirytime = 600000ms (custom)
2019-10-04 06:13:19,796 [pool-599-thread-1] INFO  server.RaftServerConfigKeys (ConfUtils.java:logGet(43)) - raft.server.retrycache.expirytime = 600000ms (custom)
2019-10-04 06:13:19,798 [pool-589-thread-1] INFO  impl.RaftServerImpl (RaftServerImpl.java:start(181)) - 29be59ed-680c-458c-aec9-68f2979afc9a@group-7B63199FC393: start as a follower, conf=-1: [29be59ed-680c-458c-aec9-68f2979afc9a:192.168.151.69:33636, b0c93557-f206-49b3-b845-27ddea8ebda5:192.168.151.69:42370, d50021de-ef3c-4ba4-9a1f-74e99ee73c0d:192.168.151.69:41884], old=null
2019-10-04 06:13:19,798 [pool-589-thread-1] INFO  impl.RaftServerImpl (RaftServerImpl.java:setRole(170)) - 29be59ed-680c-458c-aec9-68f2979afc9a@group-7B63199FC393: changes role from      null to FOLLOWER at term 0 for startAsFollower
2019-10-04 06:13:19,798 [pool-589-thread-1] INFO  impl.RoleInfo (RoleInfo.java:updateAndGet(143)) - 29be59ed-680c-458c-aec9-68f2979afc9a: start FollowerState
2019-10-04 06:13:19,798 [pool-599-thread-1] INFO  impl.RaftServerImpl (RaftServerImpl.java:start(181)) - b0c93557-f206-49b3-b845-27ddea8ebda5@group-7B63199FC393: start as a follower, conf=-1: [29be59ed-680c-458c-aec9-68f2979afc9a:192.168.151.69:33636, b0c93557-f206-49b3-b845-27ddea8ebda5:192.168.151.69:42370, d50021de-ef3c-4ba4-9a1f-74e99ee73c0d:192.168.151.69:41884], old=null
2019-10-04 06:13:19,798 [pool-599-thread-1] INFO  impl.RaftServerImpl (RaftServerImpl.java:setRole(170)) - b0c93557-f206-49b3-b845-27ddea8ebda5@group-7B63199FC393: changes role from      null to FOLLOWER at term 0 for startAsFollower
2019-10-04 06:13:19,798 [pool-589-thread-1] INFO  util.JmxRegister (JmxRegister.java:tryRegister(44)) - Successfully registered JMX Bean with object name Ratis:service=RaftServer,group=group-7B63199FC393,id=29be59ed-680c-458c-aec9-68f2979afc9a
2019-10-04 06:13:19,798 [pool-599-thread-1] INFO  impl.RoleInfo (RoleInfo.java:updateAndGet(143)) - b0c93557-f206-49b3-b845-27ddea8ebda5: start FollowerState
2019-10-04 06:13:19,799 [pool-599-thread-1] INFO  util.JmxRegister (JmxRegister.java:tryRegister(44)) - Successfully registered JMX Bean with object name Ratis:service=RaftServer,group=group-7B63199FC393,id=b0c93557-f206-49b3-b845-27ddea8ebda5
2019-10-04 06:13:19,803 [RatisPipelineUtilsThread] INFO  pipeline.PipelineStateManager (PipelineStateManager.java:addPipeline(56)) - Created pipeline Pipeline[ Id: f4adb192-49a1-46c5-befe-7b63199fc393, Nodes: 29be59ed-680c-458c-aec9-68f2979afc9a{ip: 192.168.151.69, host: trunk-nightly-20191004-lpvmn-70278721, networkLocation: /default-rack, certSerialId: null}b0c93557-f206-49b3-b845-27ddea8ebda5{ip: 192.168.151.69, host: trunk-nightly-20191004-lpvmn-70278721, networkLocation: /default-rack, certSerialId: null}d50021de-ef3c-4ba4-9a1f-74e99ee73c0d{ip: 192.168.151.69, host: trunk-nightly-20191004-lpvmn-70278721, networkLocation: /default-rack, certSerialId: null}, Type:RATIS, Factor:THREE, State:OPEN]
2019-10-04 06:13:19,849 [IPC Server handler 6 on 45259] INFO  net.NetworkTopology (NetworkTopologyImpl.java:add(111)) - Added a new node: /default-rack/6a20f4ed-c225-463e-b5f9-99b45118de41
2019-10-04 06:13:19,849 [IPC Server handler 6 on 45259] INFO  node.SCMNodeManager (SCMNodeManager.java:register(266)) - Registered Data node : 6a20f4ed-c225-463e-b5f9-99b45118de41{ip: 192.168.151.69, host: trunk-nightly-20191004-lpvmn-70278721, networkLocation: /default-rack, certSerialId: null}
2019-10-04 06:13:19,857 [grpc-default-executor-8] INFO  impl.RaftServerProxy (RaftServerProxy.java:addNew(89)) - 6a20f4ed-c225-463e-b5f9-99b45118de41: addNew group-6C1451212453:[6a20f4ed-c225-463e-b5f9-99b45118de41:192.168.151.69:34648] returns group-6C1451212453:java.util.concurrent.CompletableFuture@4e081cf7[Not completed]
2019-10-04 06:13:19,860 [pool-629-thread-1] INFO  impl.RaftServerImpl (RaftServerImpl.java:<init>(95)) - 6a20f4ed-c225-463e-b5f9-99b45118de41: new RaftServerImpl for group-6C1451212453:[6a20f4ed-c225-463e-b5f9-99b45118de41:192.168.151.69:34648] with ContainerStateMachine:uninitialized
2019-10-04 06:13:19,861 [pool-629-thread-1] INFO  server.RaftServerConfigKeys (ConfUtils.java:logGet(43)) - raft.server.rpc.timeout.min = 5s (custom)
2019-10-04 06:13:19,861 [pool-629-thread-1] INFO  server.RaftServerConfigKeys (ConfUtils.java:logGet(43)) - raft.server.rpc.timeout.max = 5200ms (custom)
2019-10-04 06:13:19,861 [pool-629-thread-1] INFO  server.RaftServerConfigKeys (ConfUtils.java:logGet(43)) - raft.server.rpcslowness.timeout = 120s (custom)
2019-10-04 06:13:19,861 [pool-629-thread-1] INFO  server.RaftServerConfigKeys (ConfUtils.java:logGet(43)) - raft.server.sleep.deviation.threshold = 300 (default)
2019-10-04 06:13:19,861 [pool-629-thread-1] INFO  server.RaftServerConfigKeys (ConfUtils.java:logGet(43)) - raft.server.log.appender.install.snapshot.enabled = false (custom)
2019-10-04 06:13:19,861 [pool-629-thread-1] INFO  impl.RaftServerImpl (ServerState.java:<init>(103)) - 6a20f4ed-c225-463e-b5f9-99b45118de41@group-6C1451212453: ConfigurationManager, init=-1: [6a20f4ed-c225-463e-b5f9-99b45118de41:192.168.151.69:34648], old=null, confs=<EMPTY_MAP>
2019-10-04 06:13:19,862 [pool-629-thread-1] INFO  server.RaftServerConfigKeys (ConfUtils.java:logGet(43)) - raft.server.storage.dir = [/workdir/hadoop-ozone/integration-test/target/test-dir/MiniOzoneClusterImpl-f2c63e22-5472-4ef8-9a63-56aaf7805485/datanode-4/data/ratis] (custom)
2019-10-04 06:13:19,862 [pool-629-thread-1] INFO  server.RaftServerConfigKeys (ConfUtils.java:logGet(43)) - raft.server.log.corruption.policy = EXCEPTION (default)
2019-10-04 06:13:19,862 [pool-629-thread-1] INFO  storage.RaftStorageDirectory (RaftStorageDirectory.java:analyzeStorage(246)) - The storage directory /workdir/hadoop-ozone/integration-test/target/test-dir/MiniOzoneClusterImpl-f2c63e22-5472-4ef8-9a63-56aaf7805485/datanode-4/data/ratis/2456b470-9c31-492e-95c1-6c1451212453 does not exist. Creating ...
2019-10-04 06:13:19,886 [pool-629-thread-1] INFO  storage.RaftStorageDirectory (RaftStorageDirectory.java:tryLock(328)) - Lock on /workdir/hadoop-ozone/integration-test/target/test-dir/MiniOzoneClusterImpl-f2c63e22-5472-4ef8-9a63-56aaf7805485/datanode-4/data/ratis/2456b470-9c31-492e-95c1-6c1451212453/in_use.lock acquired by nodename 18915@trunk-nightly-20191004-lpvmn-70278721
2019-10-04 06:13:19,902 [pool-629-thread-1] INFO  storage.RaftStorage (RaftStorage.java:format(84)) - Storage directory /workdir/hadoop-ozone/integration-test/target/test-dir/MiniOzoneClusterImpl-f2c63e22-5472-4ef8-9a63-56aaf7805485/datanode-4/data/ratis/2456b470-9c31-492e-95c1-6c1451212453 has been successfully formatted.
2019-10-04 06:13:19,902 [pool-629-thread-1] INFO  ratis.ContainerStateMachine (ContainerStateMachine.java:loadSnapshot(230)) - group-6C1451212453: The snapshot info is null. Setting the last applied indexto:(t:0, i:~)
2019-10-04 06:13:19,902 [pool-629-thread-1] INFO  server.RaftServerConfigKeys (ConfUtils.java:logGet(43)) - raft.server.notification.no-leader.timeout = 120s (custom)
2019-10-04 06:13:19,902 [pool-629-thread-1] INFO  server.RaftServerConfigKeys (ConfUtils.java:logGet(43)) - raft.server.log.use.memory = false (default)
2019-10-04 06:13:19,902 [pool-629-thread-1] INFO  server.RaftServerConfigKeys (ConfUtils.java:logGet(43)) - raft.server.log.purge.gap = 1000000 (custom)
2019-10-04 06:13:19,903 [pool-629-thread-1] INFO  server.RaftServerConfigKeys (ConfUtils.java:logGet(43)) - raft.server.log.appender.buffer.byte-limit = 33554432 (custom)
2019-10-04 06:13:19,903 [pool-629-thread-1] INFO  server.RaftServerConfigKeys (ConfUtils.java:logGet(43)) - raft.server.log.segment.size.max = 1048576 (custom)
2019-10-04 06:13:19,905 [pool-629-thread-1] INFO  server.RaftServerConfigKeys (ConfUtils.java:logGet(43)) - raft.server.log.segment.cache.num.max = 2 (custom)
2019-10-04 06:13:19,905 [pool-629-thread-1] INFO  segmented.SegmentedRaftLogWorker (SegmentedRaftLogWorker.java:<init>(173)) - new 6a20f4ed-c225-463e-b5f9-99b45118de41@group-6C1451212453-SegmentedRaftLogWorker for RaftStorage:Storage Directory /workdir/hadoop-ozone/integration-test/target/test-dir/MiniOzoneClusterImpl-f2c63e22-5472-4ef8-9a63-56aaf7805485/datanode-4/data/ratis/2456b470-9c31-492e-95c1-6c1451212453
2019-10-04 06:13:19,905 [pool-629-thread-1] INFO  server.RaftServerConfigKeys (ConfUtils.java:logGet(43)) - raft.server.log.queue.byte-limit = 2147483647 (custom)
2019-10-04 06:13:19,905 [pool-629-thread-1] INFO  server.RaftServerConfigKeys (ConfUtils.java:logGet(43)) - raft.server.log.queue.element-limit = 1024 (custom)
2019-10-04 06:13:19,905 [pool-629-thread-1] INFO  server.RaftServerConfigKeys (ConfUtils.java:logGet(43)) - raft.server.log.segment.size.max = 1048576 (custom)
2019-10-04 06:13:19,906 [pool-629-thread-1] INFO  server.RaftServerConfigKeys (ConfUtils.java:logGet(43)) - raft.server.log.preallocated.size = 16384 (custom)
2019-10-04 06:13:19,906 [pool-629-thread-1] INFO  server.RaftServerConfigKeys (ConfUtils.java:logGet(43)) - raft.server.log.write.buffer.size = 33554432 (custom)
2019-10-04 06:13:19,906 [pool-629-thread-1] INFO  server.RaftServerConfigKeys (ConfUtils.java:logGet(43)) - raft.server.log.force.sync.num = 128 (default)
2019-10-04 06:13:19,906 [pool-629-thread-1] INFO  server.RaftServerConfigKeys (ConfUtils.java:logGet(43)) - raft.server.log.statemachine.data.sync = true (default)
2019-10-04 06:13:19,906 [pool-629-thread-1] INFO  server.RaftServerConfigKeys (ConfUtils.java:logGet(43)) - raft.server.log.statemachine.data.sync.timeout = 10s (default)
2019-10-04 06:13:19,906 [pool-629-thread-1] INFO  server.RaftServerConfigKeys (ConfUtils.java:logGet(43)) - raft.server.log.statemachine.data.sync.timeout.retry = -1 (default)
2019-10-04 06:13:19,907 [pool-629-thread-1] INFO  server.RaftServerConfigKeys (ConfUtils.java:logGet(43)) - raft.server.log.statemachine.data.caching.enabled = true (custom)
2019-10-04 06:13:19,907 [pool-629-thread-1] INFO  segmented.SegmentedRaftLogWorker (SegmentedRaftLogWorker.java:lambda$new$0(128)) - 6a20f4ed-c225-463e-b5f9-99b45118de41@group-6C1451212453-SegmentedRaftLogWorker: flushIndex: setUnconditionally 0 -> -1
2019-10-04 06:13:19,907 [pool-629-thread-1] INFO  server.RaftServerConfigKeys (ConfUtils.java:logGet(43)) - raft.server.snapshot.auto.trigger.enabled = true (custom)
2019-10-04 06:13:19,907 [pool-629-thread-1] INFO  server.RaftServerConfigKeys (ConfUtils.java:logGet(43)) - raft.server.snapshot.auto.trigger.threshold = 10000 (custom)
2019-10-04 06:13:19,908 [pool-629-thread-1] INFO  server.RaftServerConfigKeys (ConfUtils.java:logGet(43)) - raft.server.snapshot.retention.file.num = 5 (custom)
2019-10-04 06:13:19,908 [pool-629-thread-1] INFO  server.RaftServerConfigKeys (ConfUtils.java:logGet(43)) - raft.server.retrycache.expirytime = 600000ms (custom)
2019-10-04 06:13:19,910 [pool-629-thread-1] INFO  impl.RaftServerImpl (RaftServerImpl.java:start(181)) - 6a20f4ed-c225-463e-b5f9-99b45118de41@group-6C1451212453: start as a follower, conf=-1: [6a20f4ed-c225-463e-b5f9-99b45118de41:192.168.151.69:34648], old=null
2019-10-04 06:13:19,910 [pool-629-thread-1] INFO  impl.RaftServerImpl (RaftServerImpl.java:setRole(170)) - 6a20f4ed-c225-463e-b5f9-99b45118de41@group-6C1451212453: changes role from      null to FOLLOWER at term 0 for startAsFollower
2019-10-04 06:13:19,910 [pool-629-thread-1] INFO  impl.RoleInfo (RoleInfo.java:updateAndGet(143)) - 6a20f4ed-c225-463e-b5f9-99b45118de41: start FollowerState
2019-10-04 06:13:19,910 [pool-629-thread-1] INFO  util.JmxRegister (JmxRegister.java:tryRegister(44)) - Successfully registered JMX Bean with object name Ratis:service=RaftServer,group=group-6C1451212453,id=6a20f4ed-c225-463e-b5f9-99b45118de41
2019-10-04 06:13:19,914 [RatisPipelineUtilsThread] INFO  pipeline.PipelineStateManager (PipelineStateManager.java:addPipeline(56)) - Created pipeline Pipeline[ Id: 2456b470-9c31-492e-95c1-6c1451212453, Nodes: 6a20f4ed-c225-463e-b5f9-99b45118de41{ip: 192.168.151.69, host: trunk-nightly-20191004-lpvmn-70278721, networkLocation: /default-rack, certSerialId: null}, Type:RATIS, Factor:ONE, State:OPEN]
2019-10-04 06:13:19,926 [grpc-default-executor-8] INFO  impl.RaftServerProxy (RaftServerProxy.java:addNew(89)) - 7f208f9a-7048-44ea-b109-f6ce9127d734: addNew group-58CBFEB64A90:[7f208f9a-7048-44ea-b109-f6ce9127d734:192.168.151.69:44686] returns group-58CBFEB64A90:java.util.concurrent.CompletableFuture@3d1bf7a[Not completed]
2019-10-04 06:13:19,927 [pool-619-thread-1] INFO  impl.RaftServerImpl (RaftServerImpl.java:<init>(95)) - 7f208f9a-7048-44ea-b109-f6ce9127d734: new RaftServerImpl for group-58CBFEB64A90:[7f208f9a-7048-44ea-b109-f6ce9127d734:192.168.151.69:44686] with ContainerStateMachine:uninitialized
2019-10-04 06:13:19,928 [pool-619-thread-1] INFO  server.RaftServerConfigKeys (ConfUtils.java:logGet(43)) - raft.server.rpc.timeout.min = 5s (custom)
2019-10-04 06:13:19,928 [pool-619-thread-1] INFO  server.RaftServerConfigKeys (ConfUtils.java:logGet(43)) - raft.server.rpc.timeout.max = 5200ms (custom)
2019-10-04 06:13:19,928 [pool-619-thread-1] INFO  server.RaftServerConfigKeys (ConfUtils.java:logGet(43)) - raft.server.rpcslowness.timeout = 120s (custom)
2019-10-04 06:13:19,928 [pool-619-thread-1] INFO  server.RaftServerConfigKeys (ConfUtils.java:logGet(43)) - raft.server.sleep.deviation.threshold = 300 (default)
2019-10-04 06:13:19,928 [pool-619-thread-1] INFO  server.RaftServerConfigKeys (ConfUtils.java:logGet(43)) - raft.server.log.appender.install.snapshot.enabled = false (custom)
2019-10-04 06:13:19,928 [pool-619-thread-1] INFO  impl.RaftServerImpl (ServerState.java:<init>(103)) - 7f208f9a-7048-44ea-b109-f6ce9127d734@group-58CBFEB64A90: ConfigurationManager, init=-1: [7f208f9a-7048-44ea-b109-f6ce9127d734:192.168.151.69:44686], old=null, confs=<EMPTY_MAP>
2019-10-04 06:13:19,928 [pool-619-thread-1] INFO  server.RaftServerConfigKeys (ConfUtils.java:logGet(43)) - raft.server.storage.dir = [/workdir/hadoop-ozone/integration-test/target/test-dir/MiniOzoneClusterImpl-f2c63e22-5472-4ef8-9a63-56aaf7805485/datanode-3/data/ratis] (custom)
2019-10-04 06:13:19,928 [IPC Server handler 3 on 45259] INFO  net.NetworkTopology (NetworkTopologyImpl.java:add(111)) - Added a new node: /default-rack/0a895fe0-e95b-44b0-88a5-40095369d54c
2019-10-04 06:13:19,929 [pool-619-thread-1] INFO  server.RaftServerConfigKeys (ConfUtils.java:logGet(43)) - raft.server.log.corruption.policy = EXCEPTION (default)
2019-10-04 06:13:19,929 [IPC Server handler 3 on 45259] INFO  node.SCMNodeManager (SCMNodeManager.java:register(266)) - Registered Data node : 0a895fe0-e95b-44b0-88a5-40095369d54c{ip: 192.168.151.69, host: trunk-nightly-20191004-lpvmn-70278721, networkLocation: /default-rack, certSerialId: null}
2019-10-04 06:13:19,929 [pool-619-thread-1] INFO  storage.RaftStorageDirectory (RaftStorageDirectory.java:analyzeStorage(246)) - The storage directory /workdir/hadoop-ozone/integration-test/target/test-dir/MiniOzoneClusterImpl-f2c63e22-5472-4ef8-9a63-56aaf7805485/datanode-3/data/ratis/52ff2bcc-71c3-4159-a9fb-58cbfeb64a90 does not exist. Creating ...
2019-10-04 06:13:19,942 [pool-619-thread-1] INFO  storage.RaftStorageDirectory (RaftStorageDirectory.java:tryLock(328)) - Lock on /workdir/hadoop-ozone/integration-test/target/test-dir/MiniOzoneClusterImpl-f2c63e22-5472-4ef8-9a63-56aaf7805485/datanode-3/data/ratis/52ff2bcc-71c3-4159-a9fb-58cbfeb64a90/in_use.lock acquired by nodename 18915@trunk-nightly-20191004-lpvmn-70278721
2019-10-04 06:13:19,955 [pool-619-thread-1] INFO  storage.RaftStorage (RaftStorage.java:format(84)) - Storage directory /workdir/hadoop-ozone/integration-test/target/test-dir/MiniOzoneClusterImpl-f2c63e22-5472-4ef8-9a63-56aaf7805485/datanode-3/data/ratis/52ff2bcc-71c3-4159-a9fb-58cbfeb64a90 has been successfully formatted.
2019-10-04 06:13:19,957 [pool-619-thread-1] INFO  ratis.ContainerStateMachine (ContainerStateMachine.java:loadSnapshot(230)) - group-58CBFEB64A90: The snapshot info is null. Setting the last applied indexto:(t:0, i:~)
2019-10-04 06:13:19,957 [pool-619-thread-1] INFO  server.RaftServerConfigKeys (ConfUtils.java:logGet(43)) - raft.server.notification.no-leader.timeout = 120s (custom)
2019-10-04 06:13:19,957 [pool-619-thread-1] INFO  server.RaftServerConfigKeys (ConfUtils.java:logGet(43)) - raft.server.log.use.memory = false (default)
2019-10-04 06:13:19,957 [pool-619-thread-1] INFO  server.RaftServerConfigKeys (ConfUtils.java:logGet(43)) - raft.server.log.purge.gap = 1000000 (custom)
2019-10-04 06:13:19,957 [pool-619-thread-1] INFO  server.RaftServerConfigKeys (ConfUtils.java:logGet(43)) - raft.server.log.appender.buffer.byte-limit = 33554432 (custom)
2019-10-04 06:13:19,957 [pool-619-thread-1] INFO  server.RaftServerConfigKeys (ConfUtils.java:logGet(43)) - raft.server.log.segment.size.max = 1048576 (custom)
2019-10-04 06:13:19,959 [pool-619-thread-1] INFO  server.RaftServerConfigKeys (ConfUtils.java:logGet(43)) - raft.server.log.segment.cache.num.max = 2 (custom)
2019-10-04 06:13:19,959 [pool-619-thread-1] INFO  segmented.SegmentedRaftLogWorker (SegmentedRaftLogWorker.java:<init>(173)) - new 7f208f9a-7048-44ea-b109-f6ce9127d734@group-58CBFEB64A90-SegmentedRaftLogWorker for RaftStorage:Storage Directory /workdir/hadoop-ozone/integration-test/target/test-dir/MiniOzoneClusterImpl-f2c63e22-5472-4ef8-9a63-56aaf7805485/datanode-3/data/ratis/52ff2bcc-71c3-4159-a9fb-58cbfeb64a90
2019-10-04 06:13:19,959 [pool-619-thread-1] INFO  server.RaftServerConfigKeys (ConfUtils.java:logGet(43)) - raft.server.log.queue.byte-limit = 2147483647 (custom)
2019-10-04 06:13:19,959 [pool-619-thread-1] INFO  server.RaftServerConfigKeys (ConfUtils.java:logGet(43)) - raft.server.log.queue.element-limit = 1024 (custom)
2019-10-04 06:13:19,959 [pool-619-thread-1] INFO  server.RaftServerConfigKeys (ConfUtils.java:logGet(43)) - raft.server.log.segment.size.max = 1048576 (custom)
2019-10-04 06:13:19,959 [pool-619-thread-1] INFO  server.RaftServerConfigKeys (ConfUtils.java:logGet(43)) - raft.server.log.preallocated.size = 16384 (custom)
2019-10-04 06:13:19,959 [pool-619-thread-1] INFO  server.RaftServerConfigKeys (ConfUtils.java:logGet(43)) - raft.server.log.write.buffer.size = 33554432 (custom)
2019-10-04 06:13:19,960 [pool-619-thread-1] INFO  server.RaftServerConfigKeys (ConfUtils.java:logGet(43)) - raft.server.log.force.sync.num = 128 (default)
2019-10-04 06:13:19,960 [pool-619-thread-1] INFO  server.RaftServerConfigKeys (ConfUtils.java:logGet(43)) - raft.server.log.statemachine.data.sync = true (default)
2019-10-04 06:13:19,960 [pool-619-thread-1] INFO  server.RaftServerConfigKeys (ConfUtils.java:logGet(43)) - raft.server.log.statemachine.data.sync.timeout = 10s (default)
2019-10-04 06:13:19,960 [pool-619-thread-1] INFO  server.RaftServerConfigKeys (ConfUtils.java:logGet(43)) - raft.server.log.statemachine.data.sync.timeout.retry = -1 (default)
2019-10-04 06:13:19,960 [pool-619-thread-1] INFO  server.RaftServerConfigKeys (ConfUtils.java:logGet(43)) - raft.server.log.statemachine.data.caching.enabled = true (custom)
2019-10-04 06:13:19,961 [pool-619-thread-1] INFO  segmented.SegmentedRaftLogWorker (SegmentedRaftLogWorker.java:lambda$new$0(128)) - 7f208f9a-7048-44ea-b109-f6ce9127d734@group-58CBFEB64A90-SegmentedRaftLogWorker: flushIndex: setUnconditionally 0 -> -1
2019-10-04 06:13:19,961 [pool-619-thread-1] INFO  server.RaftServerConfigKeys (ConfUtils.java:logGet(43)) - raft.server.snapshot.auto.trigger.enabled = true (custom)
2019-10-04 06:13:19,961 [pool-619-thread-1] INFO  server.RaftServerConfigKeys (ConfUtils.java:logGet(43)) - raft.server.snapshot.auto.trigger.threshold = 10000 (custom)
2019-10-04 06:13:19,961 [pool-619-thread-1] INFO  server.RaftServerConfigKeys (ConfUtils.java:logGet(43)) - raft.server.snapshot.retention.file.num = 5 (custom)
2019-10-04 06:13:19,961 [pool-619-thread-1] INFO  server.RaftServerConfigKeys (ConfUtils.java:logGet(43)) - raft.server.retrycache.expirytime = 600000ms (custom)
2019-10-04 06:13:19,963 [pool-619-thread-1] INFO  impl.RaftServerImpl (RaftServerImpl.java:start(181)) - 7f208f9a-7048-44ea-b109-f6ce9127d734@group-58CBFEB64A90: start as a follower, conf=-1: [7f208f9a-7048-44ea-b109-f6ce9127d734:192.168.151.69:44686], old=null
2019-10-04 06:13:19,963 [pool-619-thread-1] INFO  impl.RaftServerImpl (RaftServerImpl.java:setRole(170)) - 7f208f9a-7048-44ea-b109-f6ce9127d734@group-58CBFEB64A90: changes role from      null to FOLLOWER at term 0 for startAsFollower
2019-10-04 06:13:19,963 [pool-619-thread-1] INFO  impl.RoleInfo (RoleInfo.java:updateAndGet(143)) - 7f208f9a-7048-44ea-b109-f6ce9127d734: start FollowerState
2019-10-04 06:13:19,975 [pool-619-thread-1] INFO  util.JmxRegister (JmxRegister.java:tryRegister(44)) - Successfully registered JMX Bean with object name Ratis:service=RaftServer,group=group-58CBFEB64A90,id=7f208f9a-7048-44ea-b109-f6ce9127d734
2019-10-04 06:13:19,990 [RatisPipelineUtilsThread] INFO  pipeline.PipelineStateManager (PipelineStateManager.java:addPipeline(56)) - Created pipeline Pipeline[ Id: 52ff2bcc-71c3-4159-a9fb-58cbfeb64a90, Nodes: 7f208f9a-7048-44ea-b109-f6ce9127d734{ip: 192.168.151.69, host: trunk-nightly-20191004-lpvmn-70278721, networkLocation: /default-rack, certSerialId: null}, Type:RATIS, Factor:ONE, State:OPEN]
2019-10-04 06:13:19,998 [grpc-default-executor-8] INFO  impl.RaftServerProxy (RaftServerProxy.java:addNew(89)) - 0a895fe0-e95b-44b0-88a5-40095369d54c: addNew group-C1CC77A2A0E0:[0a895fe0-e95b-44b0-88a5-40095369d54c:192.168.151.69:42576] returns group-C1CC77A2A0E0:java.util.concurrent.CompletableFuture@7b26bffa[Not completed]
2019-10-04 06:13:19,999 [pool-639-thread-1] INFO  impl.RaftServerImpl (RaftServerImpl.java:<init>(95)) - 0a895fe0-e95b-44b0-88a5-40095369d54c: new RaftServerImpl for group-C1CC77A2A0E0:[0a895fe0-e95b-44b0-88a5-40095369d54c:192.168.151.69:42576] with ContainerStateMachine:uninitialized
2019-10-04 06:13:19,999 [pool-639-thread-1] INFO  server.RaftServerConfigKeys (ConfUtils.java:logGet(43)) - raft.server.rpc.timeout.min = 5s (custom)
2019-10-04 06:13:19,999 [main] INFO  ozone.MiniOzoneClusterImpl (MiniOzoneClusterImpl.java:lambda$waitForClusterToBeReady$0(147)) - Waiting for cluster to be ready. Got 6 of 7 DN Heartbeats.
2019-10-04 06:13:19,999 [pool-639-thread-1] INFO  server.RaftServerConfigKeys (ConfUtils.java:logGet(43)) - raft.server.rpc.timeout.max = 5200ms (custom)
2019-10-04 06:13:20,000 [pool-639-thread-1] INFO  server.RaftServerConfigKeys (ConfUtils.java:logGet(43)) - raft.server.rpcslowness.timeout = 120s (custom)
2019-10-04 06:13:20,000 [IPC Server handler 0 on 45259] INFO  net.NetworkTopology (NetworkTopologyImpl.java:add(111)) - Added a new node: /default-rack/32efdfc3-f14c-4bda-808a-470d99a3fb0e
2019-10-04 06:13:20,000 [pool-639-thread-1] INFO  server.RaftServerConfigKeys (ConfUtils.java:logGet(43)) - raft.server.sleep.deviation.threshold = 300 (default)
2019-10-04 06:13:20,000 [IPC Server handler 0 on 45259] INFO  node.SCMNodeManager (SCMNodeManager.java:register(266)) - Registered Data node : 32efdfc3-f14c-4bda-808a-470d99a3fb0e{ip: 192.168.151.69, host: trunk-nightly-20191004-lpvmn-70278721, networkLocation: /default-rack, certSerialId: null}
2019-10-04 06:13:20,000 [pool-639-thread-1] INFO  server.RaftServerConfigKeys (ConfUtils.java:logGet(43)) - raft.server.log.appender.install.snapshot.enabled = false (custom)
2019-10-04 06:13:20,000 [pool-639-thread-1] INFO  impl.RaftServerImpl (ServerState.java:<init>(103)) - 0a895fe0-e95b-44b0-88a5-40095369d54c@group-C1CC77A2A0E0: ConfigurationManager, init=-1: [0a895fe0-e95b-44b0-88a5-40095369d54c:192.168.151.69:42576], old=null, confs=<EMPTY_MAP>
2019-10-04 06:13:20,001 [pool-639-thread-1] INFO  server.RaftServerConfigKeys (ConfUtils.java:logGet(43)) - raft.server.storage.dir = [/workdir/hadoop-ozone/integration-test/target/test-dir/MiniOzoneClusterImpl-f2c63e22-5472-4ef8-9a63-56aaf7805485/datanode-5/data/ratis] (custom)
2019-10-04 06:13:20,001 [pool-639-thread-1] INFO  server.RaftServerConfigKeys (ConfUtils.java:logGet(43)) - raft.server.log.corruption.policy = EXCEPTION (default)
2019-10-04 06:13:20,001 [pool-639-thread-1] INFO  storage.RaftStorageDirectory (RaftStorageDirectory.java:analyzeStorage(246)) - The storage directory /workdir/hadoop-ozone/integration-test/target/test-dir/MiniOzoneClusterImpl-f2c63e22-5472-4ef8-9a63-56aaf7805485/datanode-5/data/ratis/391fb51a-ab4c-431e-91dc-c1cc77a2a0e0 does not exist. Creating ...
2019-10-04 06:13:20,014 [pool-639-thread-1] INFO  storage.RaftStorageDirectory (RaftStorageDirectory.java:tryLock(328)) - Lock on /workdir/hadoop-ozone/integration-test/target/test-dir/MiniOzoneClusterImpl-f2c63e22-5472-4ef8-9a63-56aaf7805485/datanode-5/data/ratis/391fb51a-ab4c-431e-91dc-c1cc77a2a0e0/in_use.lock acquired by nodename 18915@trunk-nightly-20191004-lpvmn-70278721
2019-10-04 06:13:20,028 [pool-639-thread-1] INFO  storage.RaftStorage (RaftStorage.java:format(84)) - Storage directory /workdir/hadoop-ozone/integration-test/target/test-dir/MiniOzoneClusterImpl-f2c63e22-5472-4ef8-9a63-56aaf7805485/datanode-5/data/ratis/391fb51a-ab4c-431e-91dc-c1cc77a2a0e0 has been successfully formatted.
2019-10-04 06:13:20,028 [pool-639-thread-1] INFO  ratis.ContainerStateMachine (ContainerStateMachine.java:loadSnapshot(230)) - group-C1CC77A2A0E0: The snapshot info is null. Setting the last applied indexto:(t:0, i:~)
2019-10-04 06:13:20,028 [pool-639-thread-1] INFO  server.RaftServerConfigKeys (ConfUtils.java:logGet(43)) - raft.server.notification.no-leader.timeout = 120s (custom)
2019-10-04 06:13:20,028 [pool-639-thread-1] INFO  server.RaftServerConfigKeys (ConfUtils.java:logGet(43)) - raft.server.log.use.memory = false (default)
2019-10-04 06:13:20,028 [pool-639-thread-1] INFO  server.RaftServerConfigKeys (ConfUtils.java:logGet(43)) - raft.server.log.purge.gap = 1000000 (custom)
2019-10-04 06:13:20,028 [pool-639-thread-1] INFO  server.RaftServerConfigKeys (ConfUtils.java:logGet(43)) - raft.server.log.appender.buffer.byte-limit = 33554432 (custom)
2019-10-04 06:13:20,029 [pool-639-thread-1] INFO  server.RaftServerConfigKeys (ConfUtils.java:logGet(43)) - raft.server.log.segment.size.max = 1048576 (custom)
2019-10-04 06:13:20,030 [pool-639-thread-1] INFO  server.RaftServerConfigKeys (ConfUtils.java:logGet(43)) - raft.server.log.segment.cache.num.max = 2 (custom)
2019-10-04 06:13:20,031 [pool-639-thread-1] INFO  segmented.SegmentedRaftLogWorker (SegmentedRaftLogWorker.java:<init>(173)) - new 0a895fe0-e95b-44b0-88a5-40095369d54c@group-C1CC77A2A0E0-SegmentedRaftLogWorker for RaftStorage:Storage Directory /workdir/hadoop-ozone/integration-test/target/test-dir/MiniOzoneClusterImpl-f2c63e22-5472-4ef8-9a63-56aaf7805485/datanode-5/data/ratis/391fb51a-ab4c-431e-91dc-c1cc77a2a0e0
2019-10-04 06:13:20,031 [pool-639-thread-1] INFO  server.RaftServerConfigKeys (ConfUtils.java:logGet(43)) - raft.server.log.queue.byte-limit = 2147483647 (custom)
2019-10-04 06:13:20,031 [pool-639-thread-1] INFO  server.RaftServerConfigKeys (ConfUtils.java:logGet(43)) - raft.server.log.queue.element-limit = 1024 (custom)
2019-10-04 06:13:20,031 [pool-639-thread-1] INFO  server.RaftServerConfigKeys (ConfUtils.java:logGet(43)) - raft.server.log.segment.size.max = 1048576 (custom)
2019-10-04 06:13:20,031 [pool-639-thread-1] INFO  server.RaftServerConfigKeys (ConfUtils.java:logGet(43)) - raft.server.log.preallocated.size = 16384 (custom)
2019-10-04 06:13:20,031 [pool-639-thread-1] INFO  server.RaftServerConfigKeys (ConfUtils.java:logGet(43)) - raft.server.log.write.buffer.size = 33554432 (custom)
2019-10-04 06:13:20,031 [pool-639-thread-1] INFO  server.RaftServerConfigKeys (ConfUtils.java:logGet(43)) - raft.server.log.force.sync.num = 128 (default)
2019-10-04 06:13:20,031 [pool-639-thread-1] INFO  server.RaftServerConfigKeys (ConfUtils.java:logGet(43)) - raft.server.log.statemachine.data.sync = true (default)
2019-10-04 06:13:20,031 [pool-639-thread-1] INFO  server.RaftServerConfigKeys (ConfUtils.java:logGet(43)) - raft.server.log.statemachine.data.sync.timeout = 10s (default)
2019-10-04 06:13:20,032 [pool-639-thread-1] INFO  server.RaftServerConfigKeys (ConfUtils.java:logGet(43)) - raft.server.log.statemachine.data.sync.timeout.retry = -1 (default)
2019-10-04 06:13:20,032 [pool-639-thread-1] INFO  server.RaftServerConfigKeys (ConfUtils.java:logGet(43)) - raft.server.log.statemachine.data.caching.enabled = true (custom)
2019-10-04 06:13:20,032 [pool-639-thread-1] INFO  segmented.SegmentedRaftLogWorker (SegmentedRaftLogWorker.java:lambda$new$0(128)) - 0a895fe0-e95b-44b0-88a5-40095369d54c@group-C1CC77A2A0E0-SegmentedRaftLogWorker: flushIndex: setUnconditionally 0 -> -1
2019-10-04 06:13:20,033 [pool-639-thread-1] INFO  server.RaftServerConfigKeys (ConfUtils.java:logGet(43)) - raft.server.snapshot.auto.trigger.enabled = true (custom)
2019-10-04 06:13:20,033 [pool-639-thread-1] INFO  server.RaftServerConfigKeys (ConfUtils.java:logGet(43)) - raft.server.snapshot.auto.trigger.threshold = 10000 (custom)
2019-10-04 06:13:20,033 [pool-639-thread-1] INFO  server.RaftServerConfigKeys (ConfUtils.java:logGet(43)) - raft.server.snapshot.retention.file.num = 5 (custom)
2019-10-04 06:13:20,033 [pool-639-thread-1] INFO  server.RaftServerConfigKeys (ConfUtils.java:logGet(43)) - raft.server.retrycache.expirytime = 600000ms (custom)
2019-10-04 06:13:20,035 [pool-639-thread-1] INFO  impl.RaftServerImpl (RaftServerImpl.java:start(181)) - 0a895fe0-e95b-44b0-88a5-40095369d54c@group-C1CC77A2A0E0: start as a follower, conf=-1: [0a895fe0-e95b-44b0-88a5-40095369d54c:192.168.151.69:42576], old=null
2019-10-04 06:13:20,035 [pool-639-thread-1] INFO  impl.RaftServerImpl (RaftServerImpl.java:setRole(170)) - 0a895fe0-e95b-44b0-88a5-40095369d54c@group-C1CC77A2A0E0: changes role from      null to FOLLOWER at term 0 for startAsFollower
2019-10-04 06:13:20,035 [pool-639-thread-1] INFO  impl.RoleInfo (RoleInfo.java:updateAndGet(143)) - 0a895fe0-e95b-44b0-88a5-40095369d54c: start FollowerState
2019-10-04 06:13:20,035 [pool-639-thread-1] INFO  util.JmxRegister (JmxRegister.java:tryRegister(44)) - Successfully registered JMX Bean with object name Ratis:service=RaftServer,group=group-C1CC77A2A0E0,id=0a895fe0-e95b-44b0-88a5-40095369d54c
2019-10-04 06:13:20,039 [RatisPipelineUtilsThread] INFO  pipeline.PipelineStateManager (PipelineStateManager.java:addPipeline(56)) - Created pipeline Pipeline[ Id: 391fb51a-ab4c-431e-91dc-c1cc77a2a0e0, Nodes: 0a895fe0-e95b-44b0-88a5-40095369d54c{ip: 192.168.151.69, host: trunk-nightly-20191004-lpvmn-70278721, networkLocation: /default-rack, certSerialId: null}, Type:RATIS, Factor:ONE, State:OPEN]
2019-10-04 06:13:20,059 [grpc-default-executor-8] INFO  impl.RaftServerProxy (RaftServerProxy.java:addNew(89)) - 32efdfc3-f14c-4bda-808a-470d99a3fb0e: addNew group-072A6C31ABF1:[32efdfc3-f14c-4bda-808a-470d99a3fb0e:192.168.151.69:37395] returns group-072A6C31ABF1:java.util.concurrent.CompletableFuture@35645598[Not completed]
2019-10-04 06:13:20,061 [pool-649-thread-1] INFO  impl.RaftServerImpl (RaftServerImpl.java:<init>(95)) - 32efdfc3-f14c-4bda-808a-470d99a3fb0e: new RaftServerImpl for group-072A6C31ABF1:[32efdfc3-f14c-4bda-808a-470d99a3fb0e:192.168.151.69:37395] with ContainerStateMachine:uninitialized
2019-10-04 06:13:20,061 [pool-649-thread-1] INFO  server.RaftServerConfigKeys (ConfUtils.java:logGet(43)) - raft.server.rpc.timeout.min = 5s (custom)
2019-10-04 06:13:20,061 [pool-649-thread-1] INFO  server.RaftServerConfigKeys (ConfUtils.java:logGet(43)) - raft.server.rpc.timeout.max = 5200ms (custom)
2019-10-04 06:13:20,061 [pool-649-thread-1] INFO  server.RaftServerConfigKeys (ConfUtils.java:logGet(43)) - raft.server.rpcslowness.timeout = 120s (custom)
2019-10-04 06:13:20,061 [pool-649-thread-1] INFO  server.RaftServerConfigKeys (ConfUtils.java:logGet(43)) - raft.server.sleep.deviation.threshold = 300 (default)
2019-10-04 06:13:20,061 [pool-649-thread-1] INFO  server.RaftServerConfigKeys (ConfUtils.java:logGet(43)) - raft.server.log.appender.install.snapshot.enabled = false (custom)
2019-10-04 06:13:20,061 [pool-649-thread-1] INFO  impl.RaftServerImpl (ServerState.java:<init>(103)) - 32efdfc3-f14c-4bda-808a-470d99a3fb0e@group-072A6C31ABF1: ConfigurationManager, init=-1: [32efdfc3-f14c-4bda-808a-470d99a3fb0e:192.168.151.69:37395], old=null, confs=<EMPTY_MAP>
2019-10-04 06:13:20,062 [pool-649-thread-1] INFO  server.RaftServerConfigKeys (ConfUtils.java:logGet(43)) - raft.server.storage.dir = [/workdir/hadoop-ozone/integration-test/target/test-dir/MiniOzoneClusterImpl-f2c63e22-5472-4ef8-9a63-56aaf7805485/datanode-6/data/ratis] (custom)
2019-10-04 06:13:20,062 [pool-649-thread-1] INFO  server.RaftServerConfigKeys (ConfUtils.java:logGet(43)) - raft.server.log.corruption.policy = EXCEPTION (default)
2019-10-04 06:13:20,062 [pool-649-thread-1] INFO  storage.RaftStorageDirectory (RaftStorageDirectory.java:analyzeStorage(246)) - The storage directory /workdir/hadoop-ozone/integration-test/target/test-dir/MiniOzoneClusterImpl-f2c63e22-5472-4ef8-9a63-56aaf7805485/datanode-6/data/ratis/35000770-9e93-42a6-945b-072a6c31abf1 does not exist. Creating ...
2019-10-04 06:13:20,075 [pool-649-thread-1] INFO  storage.RaftStorageDirectory (RaftStorageDirectory.java:tryLock(328)) - Lock on /workdir/hadoop-ozone/integration-test/target/test-dir/MiniOzoneClusterImpl-f2c63e22-5472-4ef8-9a63-56aaf7805485/datanode-6/data/ratis/35000770-9e93-42a6-945b-072a6c31abf1/in_use.lock acquired by nodename 18915@trunk-nightly-20191004-lpvmn-70278721
2019-10-04 06:13:20,088 [pool-649-thread-1] INFO  storage.RaftStorage (RaftStorage.java:format(84)) - Storage directory /workdir/hadoop-ozone/integration-test/target/test-dir/MiniOzoneClusterImpl-f2c63e22-5472-4ef8-9a63-56aaf7805485/datanode-6/data/ratis/35000770-9e93-42a6-945b-072a6c31abf1 has been successfully formatted.
2019-10-04 06:13:20,088 [pool-649-thread-1] INFO  ratis.ContainerStateMachine (ContainerStateMachine.java:loadSnapshot(230)) - group-072A6C31ABF1: The snapshot info is null. Setting the last applied indexto:(t:0, i:~)
2019-10-04 06:13:20,088 [pool-649-thread-1] INFO  server.RaftServerConfigKeys (ConfUtils.java:logGet(43)) - raft.server.notification.no-leader.timeout = 120s (custom)
2019-10-04 06:13:20,088 [pool-649-thread-1] INFO  server.RaftServerConfigKeys (ConfUtils.java:logGet(43)) - raft.server.log.use.memory = false (default)
2019-10-04 06:13:20,089 [pool-649-thread-1] INFO  server.RaftServerConfigKeys (ConfUtils.java:logGet(43)) - raft.server.log.purge.gap = 1000000 (custom)
2019-10-04 06:13:20,089 [pool-649-thread-1] INFO  server.RaftServerConfigKeys (ConfUtils.java:logGet(43)) - raft.server.log.appender.buffer.byte-limit = 33554432 (custom)
2019-10-04 06:13:20,089 [pool-649-thread-1] INFO  server.RaftServerConfigKeys (ConfUtils.java:logGet(43)) - raft.server.log.segment.size.max = 1048576 (custom)
2019-10-04 06:13:20,090 [pool-649-thread-1] INFO  server.RaftServerConfigKeys (ConfUtils.java:logGet(43)) - raft.server.log.segment.cache.num.max = 2 (custom)
2019-10-04 06:13:20,090 [pool-649-thread-1] INFO  segmented.SegmentedRaftLogWorker (SegmentedRaftLogWorker.java:<init>(173)) - new 32efdfc3-f14c-4bda-808a-470d99a3fb0e@group-072A6C31ABF1-SegmentedRaftLogWorker for RaftStorage:Storage Directory /workdir/hadoop-ozone/integration-test/target/test-dir/MiniOzoneClusterImpl-f2c63e22-5472-4ef8-9a63-56aaf7805485/datanode-6/data/ratis/35000770-9e93-42a6-945b-072a6c31abf1
2019-10-04 06:13:20,090 [pool-649-thread-1] INFO  server.RaftServerConfigKeys (ConfUtils.java:logGet(43)) - raft.server.log.queue.byte-limit = 2147483647 (custom)
2019-10-04 06:13:20,090 [pool-649-thread-1] INFO  server.RaftServerConfigKeys (ConfUtils.java:logGet(43)) - raft.server.log.queue.element-limit = 1024 (custom)
2019-10-04 06:13:20,091 [pool-649-thread-1] INFO  server.RaftServerConfigKeys (ConfUtils.java:logGet(43)) - raft.server.log.segment.size.max = 1048576 (custom)
2019-10-04 06:13:20,091 [pool-649-thread-1] INFO  server.RaftServerConfigKeys (ConfUtils.java:logGet(43)) - raft.server.log.preallocated.size = 16384 (custom)
2019-10-04 06:13:20,091 [pool-649-thread-1] INFO  server.RaftServerConfigKeys (ConfUtils.java:logGet(43)) - raft.server.log.write.buffer.size = 33554432 (custom)
2019-10-04 06:13:20,091 [pool-649-thread-1] INFO  server.RaftServerConfigKeys (ConfUtils.java:logGet(43)) - raft.server.log.force.sync.num = 128 (default)
2019-10-04 06:13:20,091 [pool-649-thread-1] INFO  server.RaftServerConfigKeys (ConfUtils.java:logGet(43)) - raft.server.log.statemachine.data.sync = true (default)
2019-10-04 06:13:20,091 [pool-649-thread-1] INFO  server.RaftServerConfigKeys (ConfUtils.java:logGet(43)) - raft.server.log.statemachine.data.sync.timeout = 10s (default)
2019-10-04 06:13:20,091 [pool-649-thread-1] INFO  server.RaftServerConfigKeys (ConfUtils.java:logGet(43)) - raft.server.log.statemachine.data.sync.timeout.retry = -1 (default)
2019-10-04 06:13:20,092 [pool-649-thread-1] INFO  server.RaftServerConfigKeys (ConfUtils.java:logGet(43)) - raft.server.log.statemachine.data.caching.enabled = true (custom)
2019-10-04 06:13:20,092 [pool-649-thread-1] INFO  segmented.SegmentedRaftLogWorker (SegmentedRaftLogWorker.java:lambda$new$0(128)) - 32efdfc3-f14c-4bda-808a-470d99a3fb0e@group-072A6C31ABF1-SegmentedRaftLogWorker: flushIndex: setUnconditionally 0 -> -1
2019-10-04 06:13:20,092 [pool-649-thread-1] INFO  server.RaftServerConfigKeys (ConfUtils.java:logGet(43)) - raft.server.snapshot.auto.trigger.enabled = true (custom)
2019-10-04 06:13:20,092 [pool-649-thread-1] INFO  server.RaftServerConfigKeys (ConfUtils.java:logGet(43)) - raft.server.snapshot.auto.trigger.threshold = 10000 (custom)
2019-10-04 06:13:20,092 [pool-649-thread-1] INFO  server.RaftServerConfigKeys (ConfUtils.java:logGet(43)) - raft.server.snapshot.retention.file.num = 5 (custom)
2019-10-04 06:13:20,092 [pool-649-thread-1] INFO  server.RaftServerConfigKeys (ConfUtils.java:logGet(43)) - raft.server.retrycache.expirytime = 600000ms (custom)
2019-10-04 06:13:20,094 [pool-649-thread-1] INFO  impl.RaftServerImpl (RaftServerImpl.java:start(181)) - 32efdfc3-f14c-4bda-808a-470d99a3fb0e@group-072A6C31ABF1: start as a follower, conf=-1: [32efdfc3-f14c-4bda-808a-470d99a3fb0e:192.168.151.69:37395], old=null
2019-10-04 06:13:20,094 [pool-649-thread-1] INFO  impl.RaftServerImpl (RaftServerImpl.java:setRole(170)) - 32efdfc3-f14c-4bda-808a-470d99a3fb0e@group-072A6C31ABF1: changes role from      null to FOLLOWER at term 0 for startAsFollower
2019-10-04 06:13:20,094 [pool-649-thread-1] INFO  impl.RoleInfo (RoleInfo.java:updateAndGet(143)) - 32efdfc3-f14c-4bda-808a-470d99a3fb0e: start FollowerState
2019-10-04 06:13:20,094 [pool-649-thread-1] INFO  util.JmxRegister (JmxRegister.java:tryRegister(44)) - Successfully registered JMX Bean with object name Ratis:service=RaftServer,group=group-072A6C31ABF1,id=32efdfc3-f14c-4bda-808a-470d99a3fb0e
2019-10-04 06:13:20,098 [RatisPipelineUtilsThread] INFO  pipeline.PipelineStateManager (PipelineStateManager.java:addPipeline(56)) - Created pipeline Pipeline[ Id: 35000770-9e93-42a6-945b-072a6c31abf1, Nodes: 32efdfc3-f14c-4bda-808a-470d99a3fb0e{ip: 192.168.151.69, host: trunk-nightly-20191004-lpvmn-70278721, networkLocation: /default-rack, certSerialId: null}, Type:RATIS, Factor:ONE, State:OPEN]
2019-10-04 06:13:20,113 [grpc-default-executor-0] INFO  impl.RaftServerProxy (RaftServerProxy.java:addNew(89)) - 32efdfc3-f14c-4bda-808a-470d99a3fb0e: addNew group-2E2C1A4E0FAF:[6a20f4ed-c225-463e-b5f9-99b45118de41:192.168.151.69:34648, 32efdfc3-f14c-4bda-808a-470d99a3fb0e:192.168.151.69:37395, 0a895fe0-e95b-44b0-88a5-40095369d54c:192.168.151.69:42576] returns group-2E2C1A4E0FAF:java.util.concurrent.CompletableFuture@2bd1831e[Not completed]
2019-10-04 06:13:20,113 [grpc-default-executor-7] INFO  impl.RaftServerProxy (RaftServerProxy.java:addNew(89)) - 0a895fe0-e95b-44b0-88a5-40095369d54c: addNew group-2E2C1A4E0FAF:[6a20f4ed-c225-463e-b5f9-99b45118de41:192.168.151.69:34648, 32efdfc3-f14c-4bda-808a-470d99a3fb0e:192.168.151.69:37395, 0a895fe0-e95b-44b0-88a5-40095369d54c:192.168.151.69:42576] returns group-2E2C1A4E0FAF:java.util.concurrent.CompletableFuture@1d30229e[Not completed]
2019-10-04 06:13:20,113 [grpc-default-executor-8] INFO  impl.RaftServerProxy (RaftServerProxy.java:addNew(89)) - 6a20f4ed-c225-463e-b5f9-99b45118de41: addNew group-2E2C1A4E0FAF:[6a20f4ed-c225-463e-b5f9-99b45118de41:192.168.151.69:34648, 32efdfc3-f14c-4bda-808a-470d99a3fb0e:192.168.151.69:37395, 0a895fe0-e95b-44b0-88a5-40095369d54c:192.168.151.69:42576] returns group-2E2C1A4E0FAF:java.util.concurrent.CompletableFuture@19bfe9f9[Not completed]
2019-10-04 06:13:20,113 [pool-639-thread-1] INFO  impl.RaftServerImpl (RaftServerImpl.java:<init>(95)) - 0a895fe0-e95b-44b0-88a5-40095369d54c: new RaftServerImpl for group-2E2C1A4E0FAF:[6a20f4ed-c225-463e-b5f9-99b45118de41:192.168.151.69:34648, 32efdfc3-f14c-4bda-808a-470d99a3fb0e:192.168.151.69:37395, 0a895fe0-e95b-44b0-88a5-40095369d54c:192.168.151.69:42576] with ContainerStateMachine:uninitialized
2019-10-04 06:13:20,114 [pool-639-thread-1] INFO  server.RaftServerConfigKeys (ConfUtils.java:logGet(43)) - raft.server.rpc.timeout.min = 5s (custom)
2019-10-04 06:13:20,114 [pool-639-thread-1] INFO  server.RaftServerConfigKeys (ConfUtils.java:logGet(43)) - raft.server.rpc.timeout.max = 5200ms (custom)
2019-10-04 06:13:20,114 [pool-639-thread-1] INFO  server.RaftServerConfigKeys (ConfUtils.java:logGet(43)) - raft.server.rpcslowness.timeout = 120s (custom)
2019-10-04 06:13:20,114 [pool-639-thread-1] INFO  server.RaftServerConfigKeys (ConfUtils.java:logGet(43)) - raft.server.sleep.deviation.threshold = 300 (default)
2019-10-04 06:13:20,114 [pool-639-thread-1] INFO  server.RaftServerConfigKeys (ConfUtils.java:logGet(43)) - raft.server.log.appender.install.snapshot.enabled = false (custom)
2019-10-04 06:13:20,114 [pool-639-thread-1] INFO  impl.RaftServerImpl (ServerState.java:<init>(103)) - 0a895fe0-e95b-44b0-88a5-40095369d54c@group-2E2C1A4E0FAF: ConfigurationManager, init=-1: [6a20f4ed-c225-463e-b5f9-99b45118de41:192.168.151.69:34648, 32efdfc3-f14c-4bda-808a-470d99a3fb0e:192.168.151.69:37395, 0a895fe0-e95b-44b0-88a5-40095369d54c:192.168.151.69:42576], old=null, confs=<EMPTY_MAP>
2019-10-04 06:13:20,114 [pool-639-thread-1] INFO  server.RaftServerConfigKeys (ConfUtils.java:logGet(43)) - raft.server.storage.dir = [/workdir/hadoop-ozone/integration-test/target/test-dir/MiniOzoneClusterImpl-f2c63e22-5472-4ef8-9a63-56aaf7805485/datanode-5/data/ratis] (custom)
2019-10-04 06:13:20,114 [pool-629-thread-1] INFO  impl.RaftServerImpl (RaftServerImpl.java:<init>(95)) - 6a20f4ed-c225-463e-b5f9-99b45118de41: new RaftServerImpl for group-2E2C1A4E0FAF:[6a20f4ed-c225-463e-b5f9-99b45118de41:192.168.151.69:34648, 32efdfc3-f14c-4bda-808a-470d99a3fb0e:192.168.151.69:37395, 0a895fe0-e95b-44b0-88a5-40095369d54c:192.168.151.69:42576] with ContainerStateMachine:uninitialized
2019-10-04 06:13:20,114 [pool-639-thread-1] INFO  server.RaftServerConfigKeys (ConfUtils.java:logGet(43)) - raft.server.log.corruption.policy = EXCEPTION (default)
2019-10-04 06:13:20,114 [pool-629-thread-1] INFO  server.RaftServerConfigKeys (ConfUtils.java:logGet(43)) - raft.server.rpc.timeout.min = 5s (custom)
2019-10-04 06:13:20,115 [pool-649-thread-1] INFO  impl.RaftServerImpl (RaftServerImpl.java:<init>(95)) - 32efdfc3-f14c-4bda-808a-470d99a3fb0e: new RaftServerImpl for group-2E2C1A4E0FAF:[6a20f4ed-c225-463e-b5f9-99b45118de41:192.168.151.69:34648, 32efdfc3-f14c-4bda-808a-470d99a3fb0e:192.168.151.69:37395, 0a895fe0-e95b-44b0-88a5-40095369d54c:192.168.151.69:42576] with ContainerStateMachine:uninitialized
2019-10-04 06:13:20,115 [pool-639-thread-1] INFO  storage.RaftStorageDirectory (RaftStorageDirectory.java:analyzeStorage(246)) - The storage directory /workdir/hadoop-ozone/integration-test/target/test-dir/MiniOzoneClusterImpl-f2c63e22-5472-4ef8-9a63-56aaf7805485/datanode-5/data/ratis/b0a0da09-d3ac-4140-8148-2e2c1a4e0faf does not exist. Creating ...
2019-10-04 06:13:20,115 [pool-649-thread-1] INFO  server.RaftServerConfigKeys (ConfUtils.java:logGet(43)) - raft.server.rpc.timeout.min = 5s (custom)
2019-10-04 06:13:20,115 [pool-649-thread-1] INFO  server.RaftServerConfigKeys (ConfUtils.java:logGet(43)) - raft.server.rpc.timeout.max = 5200ms (custom)
2019-10-04 06:13:20,115 [pool-629-thread-1] INFO  server.RaftServerConfigKeys (ConfUtils.java:logGet(43)) - raft.server.rpc.timeout.max = 5200ms (custom)
2019-10-04 06:13:20,115 [pool-649-thread-1] INFO  server.RaftServerConfigKeys (ConfUtils.java:logGet(43)) - raft.server.rpcslowness.timeout = 120s (custom)
2019-10-04 06:13:20,115 [pool-629-thread-1] INFO  server.RaftServerConfigKeys (ConfUtils.java:logGet(43)) - raft.server.rpcslowness.timeout = 120s (custom)
2019-10-04 06:13:20,115 [pool-649-thread-1] INFO  server.RaftServerConfigKeys (ConfUtils.java:logGet(43)) - raft.server.sleep.deviation.threshold = 300 (default)
2019-10-04 06:13:20,115 [pool-629-thread-1] INFO  server.RaftServerConfigKeys (ConfUtils.java:logGet(43)) - raft.server.sleep.deviation.threshold = 300 (default)
2019-10-04 06:13:20,116 [pool-649-thread-1] INFO  server.RaftServerConfigKeys (ConfUtils.java:logGet(43)) - raft.server.log.appender.install.snapshot.enabled = false (custom)
2019-10-04 06:13:20,116 [pool-629-thread-1] INFO  server.RaftServerConfigKeys (ConfUtils.java:logGet(43)) - raft.server.log.appender.install.snapshot.enabled = false (custom)
2019-10-04 06:13:20,116 [pool-649-thread-1] INFO  impl.RaftServerImpl (ServerState.java:<init>(103)) - 32efdfc3-f14c-4bda-808a-470d99a3fb0e@group-2E2C1A4E0FAF: ConfigurationManager, init=-1: [6a20f4ed-c225-463e-b5f9-99b45118de41:192.168.151.69:34648, 32efdfc3-f14c-4bda-808a-470d99a3fb0e:192.168.151.69:37395, 0a895fe0-e95b-44b0-88a5-40095369d54c:192.168.151.69:42576], old=null, confs=<EMPTY_MAP>
2019-10-04 06:13:20,116 [pool-629-thread-1] INFO  impl.RaftServerImpl (ServerState.java:<init>(103)) - 6a20f4ed-c225-463e-b5f9-99b45118de41@group-2E2C1A4E0FAF: ConfigurationManager, init=-1: [6a20f4ed-c225-463e-b5f9-99b45118de41:192.168.151.69:34648, 32efdfc3-f14c-4bda-808a-470d99a3fb0e:192.168.151.69:37395, 0a895fe0-e95b-44b0-88a5-40095369d54c:192.168.151.69:42576], old=null, confs=<EMPTY_MAP>
2019-10-04 06:13:20,116 [pool-649-thread-1] INFO  server.RaftServerConfigKeys (ConfUtils.java:logGet(43)) - raft.server.storage.dir = [/workdir/hadoop-ozone/integration-test/target/test-dir/MiniOzoneClusterImpl-f2c63e22-5472-4ef8-9a63-56aaf7805485/datanode-6/data/ratis] (custom)
2019-10-04 06:13:20,116 [pool-629-thread-1] INFO  server.RaftServerConfigKeys (ConfUtils.java:logGet(43)) - raft.server.storage.dir = [/workdir/hadoop-ozone/integration-test/target/test-dir/MiniOzoneClusterImpl-f2c63e22-5472-4ef8-9a63-56aaf7805485/datanode-4/data/ratis] (custom)
2019-10-04 06:13:20,116 [pool-649-thread-1] INFO  server.RaftServerConfigKeys (ConfUtils.java:logGet(43)) - raft.server.log.corruption.policy = EXCEPTION (default)
2019-10-04 06:13:20,116 [pool-649-thread-1] INFO  storage.RaftStorageDirectory (RaftStorageDirectory.java:analyzeStorage(246)) - The storage directory /workdir/hadoop-ozone/integration-test/target/test-dir/MiniOzoneClusterImpl-f2c63e22-5472-4ef8-9a63-56aaf7805485/datanode-6/data/ratis/b0a0da09-d3ac-4140-8148-2e2c1a4e0faf does not exist. Creating ...
2019-10-04 06:13:20,116 [pool-629-thread-1] INFO  server.RaftServerConfigKeys (ConfUtils.java:logGet(43)) - raft.server.log.corruption.policy = EXCEPTION (default)
2019-10-04 06:13:20,117 [pool-629-thread-1] INFO  storage.RaftStorageDirectory (RaftStorageDirectory.java:analyzeStorage(246)) - The storage directory /workdir/hadoop-ozone/integration-test/target/test-dir/MiniOzoneClusterImpl-f2c63e22-5472-4ef8-9a63-56aaf7805485/datanode-4/data/ratis/b0a0da09-d3ac-4140-8148-2e2c1a4e0faf does not exist. Creating ...
2019-10-04 06:13:20,128 [pool-649-thread-1] INFO  storage.RaftStorageDirectory (RaftStorageDirectory.java:tryLock(328)) - Lock on /workdir/hadoop-ozone/integration-test/target/test-dir/MiniOzoneClusterImpl-f2c63e22-5472-4ef8-9a63-56aaf7805485/datanode-6/data/ratis/b0a0da09-d3ac-4140-8148-2e2c1a4e0faf/in_use.lock acquired by nodename 18915@trunk-nightly-20191004-lpvmn-70278721
2019-10-04 06:13:20,128 [pool-639-thread-1] INFO  storage.RaftStorageDirectory (RaftStorageDirectory.java:tryLock(328)) - Lock on /workdir/hadoop-ozone/integration-test/target/test-dir/MiniOzoneClusterImpl-f2c63e22-5472-4ef8-9a63-56aaf7805485/datanode-5/data/ratis/b0a0da09-d3ac-4140-8148-2e2c1a4e0faf/in_use.lock acquired by nodename 18915@trunk-nightly-20191004-lpvmn-70278721
2019-10-04 06:13:20,128 [pool-629-thread-1] INFO  storage.RaftStorageDirectory (RaftStorageDirectory.java:tryLock(328)) - Lock on /workdir/hadoop-ozone/integration-test/target/test-dir/MiniOzoneClusterImpl-f2c63e22-5472-4ef8-9a63-56aaf7805485/datanode-4/data/ratis/b0a0da09-d3ac-4140-8148-2e2c1a4e0faf/in_use.lock acquired by nodename 18915@trunk-nightly-20191004-lpvmn-70278721
2019-10-04 06:13:20,149 [pool-629-thread-1] INFO  storage.RaftStorage (RaftStorage.java:format(84)) - Storage directory /workdir/hadoop-ozone/integration-test/target/test-dir/MiniOzoneClusterImpl-f2c63e22-5472-4ef8-9a63-56aaf7805485/datanode-4/data/ratis/b0a0da09-d3ac-4140-8148-2e2c1a4e0faf has been successfully formatted.
2019-10-04 06:13:20,149 [pool-639-thread-1] INFO  storage.RaftStorage (RaftStorage.java:format(84)) - Storage directory /workdir/hadoop-ozone/integration-test/target/test-dir/MiniOzoneClusterImpl-f2c63e22-5472-4ef8-9a63-56aaf7805485/datanode-5/data/ratis/b0a0da09-d3ac-4140-8148-2e2c1a4e0faf has been successfully formatted.
2019-10-04 06:13:20,149 [pool-649-thread-1] INFO  storage.RaftStorage (RaftStorage.java:format(84)) - Storage directory /workdir/hadoop-ozone/integration-test/target/test-dir/MiniOzoneClusterImpl-f2c63e22-5472-4ef8-9a63-56aaf7805485/datanode-6/data/ratis/b0a0da09-d3ac-4140-8148-2e2c1a4e0faf has been successfully formatted.
2019-10-04 06:13:20,149 [pool-639-thread-1] INFO  ratis.ContainerStateMachine (ContainerStateMachine.java:loadSnapshot(230)) - group-2E2C1A4E0FAF: The snapshot info is null. Setting the last applied indexto:(t:0, i:~)
2019-10-04 06:13:20,149 [pool-629-thread-1] INFO  ratis.ContainerStateMachine (ContainerStateMachine.java:loadSnapshot(230)) - group-2E2C1A4E0FAF: The snapshot info is null. Setting the last applied indexto:(t:0, i:~)
2019-10-04 06:13:20,149 [pool-639-thread-1] INFO  server.RaftServerConfigKeys (ConfUtils.java:logGet(43)) - raft.server.notification.no-leader.timeout = 120s (custom)
2019-10-04 06:13:20,149 [pool-649-thread-1] INFO  ratis.ContainerStateMachine (ContainerStateMachine.java:loadSnapshot(230)) - group-2E2C1A4E0FAF: The snapshot info is null. Setting the last applied indexto:(t:0, i:~)
2019-10-04 06:13:20,150 [pool-639-thread-1] INFO  server.RaftServerConfigKeys (ConfUtils.java:logGet(43)) - raft.server.log.use.memory = false (default)
2019-10-04 06:13:20,150 [pool-629-thread-1] INFO  server.RaftServerConfigKeys (ConfUtils.java:logGet(43)) - raft.server.notification.no-leader.timeout = 120s (custom)
2019-10-04 06:13:20,150 [pool-639-thread-1] INFO  server.RaftServerConfigKeys (ConfUtils.java:logGet(43)) - raft.server.log.purge.gap = 1000000 (custom)
2019-10-04 06:13:20,150 [pool-649-thread-1] INFO  server.RaftServerConfigKeys (ConfUtils.java:logGet(43)) - raft.server.notification.no-leader.timeout = 120s (custom)
2019-10-04 06:13:20,150 [pool-639-thread-1] INFO  server.RaftServerConfigKeys (ConfUtils.java:logGet(43)) - raft.server.log.appender.buffer.byte-limit = 33554432 (custom)
2019-10-04 06:13:20,150 [pool-629-thread-1] INFO  server.RaftServerConfigKeys (ConfUtils.java:logGet(43)) - raft.server.log.use.memory = false (default)
2019-10-04 06:13:20,150 [pool-639-thread-1] INFO  server.RaftServerConfigKeys (ConfUtils.java:logGet(43)) - raft.server.log.segment.size.max = 1048576 (custom)
2019-10-04 06:13:20,150 [pool-649-thread-1] INFO  server.RaftServerConfigKeys (ConfUtils.java:logGet(43)) - raft.server.log.use.memory = false (default)
2019-10-04 06:13:20,151 [pool-639-thread-1] INFO  server.RaftServerConfigKeys (ConfUtils.java:logGet(43)) - raft.server.log.segment.cache.num.max = 2 (custom)
2019-10-04 06:13:20,151 [pool-629-thread-1] INFO  server.RaftServerConfigKeys (ConfUtils.java:logGet(43)) - raft.server.log.purge.gap = 1000000 (custom)
2019-10-04 06:13:20,151 [pool-639-thread-1] INFO  segmented.SegmentedRaftLogWorker (SegmentedRaftLogWorker.java:<init>(173)) - new 0a895fe0-e95b-44b0-88a5-40095369d54c@group-2E2C1A4E0FAF-SegmentedRaftLogWorker for RaftStorage:Storage Directory /workdir/hadoop-ozone/integration-test/target/test-dir/MiniOzoneClusterImpl-f2c63e22-5472-4ef8-9a63-56aaf7805485/datanode-5/data/ratis/b0a0da09-d3ac-4140-8148-2e2c1a4e0faf
2019-10-04 06:13:20,151 [pool-649-thread-1] INFO  server.RaftServerConfigKeys (ConfUtils.java:logGet(43)) - raft.server.log.purge.gap = 1000000 (custom)
2019-10-04 06:13:20,151 [pool-639-thread-1] INFO  server.RaftServerConfigKeys (ConfUtils.java:logGet(43)) - raft.server.log.queue.byte-limit = 2147483647 (custom)
2019-10-04 06:13:20,151 [pool-629-thread-1] INFO  server.RaftServerConfigKeys (ConfUtils.java:logGet(43)) - raft.server.log.appender.buffer.byte-limit = 33554432 (custom)
2019-10-04 06:13:20,151 [pool-639-thread-1] INFO  server.RaftServerConfigKeys (ConfUtils.java:logGet(43)) - raft.server.log.queue.element-limit = 1024 (custom)
2019-10-04 06:13:20,151 [pool-649-thread-1] INFO  server.RaftServerConfigKeys (ConfUtils.java:logGet(43)) - raft.server.log.appender.buffer.byte-limit = 33554432 (custom)
2019-10-04 06:13:20,152 [pool-639-thread-1] INFO  server.RaftServerConfigKeys (ConfUtils.java:logGet(43)) - raft.server.log.segment.size.max = 1048576 (custom)
2019-10-04 06:13:20,151 [pool-629-thread-1] INFO  server.RaftServerConfigKeys (ConfUtils.java:logGet(43)) - raft.server.log.segment.size.max = 1048576 (custom)
2019-10-04 06:13:20,152 [pool-639-thread-1] INFO  server.RaftServerConfigKeys (ConfUtils.java:logGet(43)) - raft.server.log.preallocated.size = 16384 (custom)
2019-10-04 06:13:20,152 [pool-649-thread-1] INFO  server.RaftServerConfigKeys (ConfUtils.java:logGet(43)) - raft.server.log.segment.size.max = 1048576 (custom)
2019-10-04 06:13:20,152 [pool-639-thread-1] INFO  server.RaftServerConfigKeys (ConfUtils.java:logGet(43)) - raft.server.log.write.buffer.size = 33554432 (custom)
2019-10-04 06:13:20,152 [pool-639-thread-1] INFO  server.RaftServerConfigKeys (ConfUtils.java:logGet(43)) - raft.server.log.force.sync.num = 128 (default)
2019-10-04 06:13:20,152 [pool-629-thread-1] INFO  server.RaftServerConfigKeys (ConfUtils.java:logGet(43)) - raft.server.log.segment.cache.num.max = 2 (custom)
2019-10-04 06:13:20,152 [pool-639-thread-1] INFO  server.RaftServerConfigKeys (ConfUtils.java:logGet(43)) - raft.server.log.statemachine.data.sync = true (default)
2019-10-04 06:13:20,153 [pool-639-thread-1] INFO  server.RaftServerConfigKeys (ConfUtils.java:logGet(43)) - raft.server.log.statemachine.data.sync.timeout = 10s (default)
2019-10-04 06:13:20,152 [pool-649-thread-1] INFO  server.RaftServerConfigKeys (ConfUtils.java:logGet(43)) - raft.server.log.segment.cache.num.max = 2 (custom)
2019-10-04 06:13:20,153 [pool-639-thread-1] INFO  server.RaftServerConfigKeys (ConfUtils.java:logGet(43)) - raft.server.log.statemachine.data.sync.timeout.retry = -1 (default)
2019-10-04 06:13:20,152 [pool-629-thread-1] INFO  segmented.SegmentedRaftLogWorker (SegmentedRaftLogWorker.java:<init>(173)) - new 6a20f4ed-c225-463e-b5f9-99b45118de41@group-2E2C1A4E0FAF-SegmentedRaftLogWorker for RaftStorage:Storage Directory /workdir/hadoop-ozone/integration-test/target/test-dir/MiniOzoneClusterImpl-f2c63e22-5472-4ef8-9a63-56aaf7805485/datanode-4/data/ratis/b0a0da09-d3ac-4140-8148-2e2c1a4e0faf
2019-10-04 06:13:20,153 [pool-639-thread-1] INFO  server.RaftServerConfigKeys (ConfUtils.java:logGet(43)) - raft.server.log.statemachine.data.caching.enabled = true (custom)
2019-10-04 06:13:20,153 [pool-649-thread-1] INFO  segmented.SegmentedRaftLogWorker (SegmentedRaftLogWorker.java:<init>(173)) - new 32efdfc3-f14c-4bda-808a-470d99a3fb0e@group-2E2C1A4E0FAF-SegmentedRaftLogWorker for RaftStorage:Storage Directory /workdir/hadoop-ozone/integration-test/target/test-dir/MiniOzoneClusterImpl-f2c63e22-5472-4ef8-9a63-56aaf7805485/datanode-6/data/ratis/b0a0da09-d3ac-4140-8148-2e2c1a4e0faf
2019-10-04 06:13:20,153 [pool-629-thread-1] INFO  server.RaftServerConfigKeys (ConfUtils.java:logGet(43)) - raft.server.log.queue.byte-limit = 2147483647 (custom)
2019-10-04 06:13:20,153 [pool-639-thread-1] INFO  segmented.SegmentedRaftLogWorker (SegmentedRaftLogWorker.java:lambda$new$0(128)) - 0a895fe0-e95b-44b0-88a5-40095369d54c@group-2E2C1A4E0FAF-SegmentedRaftLogWorker: flushIndex: setUnconditionally 0 -> -1
2019-10-04 06:13:20,153 [pool-649-thread-1] INFO  server.RaftServerConfigKeys (ConfUtils.java:logGet(43)) - raft.server.log.queue.byte-limit = 2147483647 (custom)
2019-10-04 06:13:20,153 [pool-629-thread-1] INFO  server.RaftServerConfigKeys (ConfUtils.java:logGet(43)) - raft.server.log.queue.element-limit = 1024 (custom)
2019-10-04 06:13:20,154 [pool-639-thread-1] INFO  server.RaftServerConfigKeys (ConfUtils.java:logGet(43)) - raft.server.snapshot.auto.trigger.enabled = true (custom)
2019-10-04 06:13:20,154 [pool-649-thread-1] INFO  server.RaftServerConfigKeys (ConfUtils.java:logGet(43)) - raft.server.log.queue.element-limit = 1024 (custom)
2019-10-04 06:13:20,154 [pool-639-thread-1] INFO  server.RaftServerConfigKeys (ConfUtils.java:logGet(43)) - raft.server.snapshot.auto.trigger.threshold = 10000 (custom)
2019-10-04 06:13:20,154 [pool-629-thread-1] INFO  server.RaftServerConfigKeys (ConfUtils.java:logGet(43)) - raft.server.log.segment.size.max = 1048576 (custom)
2019-10-04 06:13:20,154 [pool-639-thread-1] INFO  server.RaftServerConfigKeys (ConfUtils.java:logGet(43)) - raft.server.snapshot.retention.file.num = 5 (custom)
2019-10-04 06:13:20,154 [pool-649-thread-1] INFO  server.RaftServerConfigKeys (ConfUtils.java:logGet(43)) - raft.server.log.segment.size.max = 1048576 (custom)
2019-10-04 06:13:20,154 [pool-639-thread-1] INFO  server.RaftServerConfigKeys (ConfUtils.java:logGet(43)) - raft.server.retrycache.expirytime = 600000ms (custom)
2019-10-04 06:13:20,154 [pool-629-thread-1] INFO  server.RaftServerConfigKeys (ConfUtils.java:logGet(43)) - raft.server.log.preallocated.size = 16384 (custom)
2019-10-04 06:13:20,154 [pool-649-thread-1] INFO  server.RaftServerConfigKeys (ConfUtils.java:logGet(43)) - raft.server.log.preallocated.size = 16384 (custom)
2019-10-04 06:13:20,155 [pool-629-thread-1] INFO  server.RaftServerConfigKeys (ConfUtils.java:logGet(43)) - raft.server.log.write.buffer.size = 33554432 (custom)
2019-10-04 06:13:20,155 [pool-649-thread-1] INFO  server.RaftServerConfigKeys (ConfUtils.java:logGet(43)) - raft.server.log.write.buffer.size = 33554432 (custom)
2019-10-04 06:13:20,155 [pool-629-thread-1] INFO  server.RaftServerConfigKeys (ConfUtils.java:logGet(43)) - raft.server.log.force.sync.num = 128 (default)
2019-10-04 06:13:20,155 [pool-649-thread-1] INFO  server.RaftServerConfigKeys (ConfUtils.java:logGet(43)) - raft.server.log.force.sync.num = 128 (default)
2019-10-04 06:13:20,155 [pool-629-thread-1] INFO  server.RaftServerConfigKeys (ConfUtils.java:logGet(43)) - raft.server.log.statemachine.data.sync = true (default)
2019-10-04 06:13:20,155 [pool-649-thread-1] INFO  server.RaftServerConfigKeys (ConfUtils.java:logGet(43)) - raft.server.log.statemachine.data.sync = true (default)
2019-10-04 06:13:20,155 [pool-629-thread-1] INFO  server.RaftServerConfigKeys (ConfUtils.java:logGet(43)) - raft.server.log.statemachine.data.sync.timeout = 10s (default)
2019-10-04 06:13:20,155 [pool-649-thread-1] INFO  server.RaftServerConfigKeys (ConfUtils.java:logGet(43)) - raft.server.log.statemachine.data.sync.timeout = 10s (default)
2019-10-04 06:13:20,155 [pool-629-thread-1] INFO  server.RaftServerConfigKeys (ConfUtils.java:logGet(43)) - raft.server.log.statemachine.data.sync.timeout.retry = -1 (default)
2019-10-04 06:13:20,156 [pool-649-thread-1] INFO  server.RaftServerConfigKeys (ConfUtils.java:logGet(43)) - raft.server.log.statemachine.data.sync.timeout.retry = -1 (default)
2019-10-04 06:13:20,156 [pool-629-thread-1] INFO  server.RaftServerConfigKeys (ConfUtils.java:logGet(43)) - raft.server.log.statemachine.data.caching.enabled = true (custom)
2019-10-04 06:13:20,156 [pool-649-thread-1] INFO  server.RaftServerConfigKeys (ConfUtils.java:logGet(43)) - raft.server.log.statemachine.data.caching.enabled = true (custom)
2019-10-04 06:13:20,156 [pool-629-thread-1] INFO  segmented.SegmentedRaftLogWorker (SegmentedRaftLogWorker.java:lambda$new$0(128)) - 6a20f4ed-c225-463e-b5f9-99b45118de41@group-2E2C1A4E0FAF-SegmentedRaftLogWorker: flushIndex: setUnconditionally 0 -> -1
2019-10-04 06:13:20,156 [pool-639-thread-1] INFO  impl.RaftServerImpl (RaftServerImpl.java:start(181)) - 0a895fe0-e95b-44b0-88a5-40095369d54c@group-2E2C1A4E0FAF: start as a follower, conf=-1: [6a20f4ed-c225-463e-b5f9-99b45118de41:192.168.151.69:34648, 32efdfc3-f14c-4bda-808a-470d99a3fb0e:192.168.151.69:37395, 0a895fe0-e95b-44b0-88a5-40095369d54c:192.168.151.69:42576], old=null
2019-10-04 06:13:20,156 [pool-649-thread-1] INFO  segmented.SegmentedRaftLogWorker (SegmentedRaftLogWorker.java:lambda$new$0(128)) - 32efdfc3-f14c-4bda-808a-470d99a3fb0e@group-2E2C1A4E0FAF-SegmentedRaftLogWorker: flushIndex: setUnconditionally 0 -> -1
2019-10-04 06:13:20,156 [pool-639-thread-1] INFO  impl.RaftServerImpl (RaftServerImpl.java:setRole(170)) - 0a895fe0-e95b-44b0-88a5-40095369d54c@group-2E2C1A4E0FAF: changes role from      null to FOLLOWER at term 0 for startAsFollower
2019-10-04 06:13:20,156 [pool-629-thread-1] INFO  server.RaftServerConfigKeys (ConfUtils.java:logGet(43)) - raft.server.snapshot.auto.trigger.enabled = true (custom)
2019-10-04 06:13:20,157 [pool-639-thread-1] INFO  impl.RoleInfo (RoleInfo.java:updateAndGet(143)) - 0a895fe0-e95b-44b0-88a5-40095369d54c: start FollowerState
2019-10-04 06:13:20,157 [pool-649-thread-1] INFO  server.RaftServerConfigKeys (ConfUtils.java:logGet(43)) - raft.server.snapshot.auto.trigger.enabled = true (custom)
2019-10-04 06:13:20,157 [pool-629-thread-1] INFO  server.RaftServerConfigKeys (ConfUtils.java:logGet(43)) - raft.server.snapshot.auto.trigger.threshold = 10000 (custom)
2019-10-04 06:13:20,157 [pool-649-thread-1] INFO  server.RaftServerConfigKeys (ConfUtils.java:logGet(43)) - raft.server.snapshot.auto.trigger.threshold = 10000 (custom)
2019-10-04 06:13:20,157 [pool-629-thread-1] INFO  server.RaftServerConfigKeys (ConfUtils.java:logGet(43)) - raft.server.snapshot.retention.file.num = 5 (custom)
2019-10-04 06:13:20,157 [pool-639-thread-1] INFO  util.JmxRegister (JmxRegister.java:tryRegister(44)) - Successfully registered JMX Bean with object name Ratis:service=RaftServer,group=group-2E2C1A4E0FAF,id=0a895fe0-e95b-44b0-88a5-40095369d54c
2019-10-04 06:13:20,157 [pool-649-thread-1] INFO  server.RaftServerConfigKeys (ConfUtils.java:logGet(43)) - raft.server.snapshot.retention.file.num = 5 (custom)
2019-10-04 06:13:20,157 [pool-629-thread-1] INFO  server.RaftServerConfigKeys (ConfUtils.java:logGet(43)) - raft.server.retrycache.expirytime = 600000ms (custom)
2019-10-04 06:13:20,157 [pool-649-thread-1] INFO  server.RaftServerConfigKeys (ConfUtils.java:logGet(43)) - raft.server.retrycache.expirytime = 600000ms (custom)
2019-10-04 06:13:20,161 [pool-649-thread-1] INFO  impl.RaftServerImpl (RaftServerImpl.java:start(181)) - 32efdfc3-f14c-4bda-808a-470d99a3fb0e@group-2E2C1A4E0FAF: start as a follower, conf=-1: [6a20f4ed-c225-463e-b5f9-99b45118de41:192.168.151.69:34648, 32efdfc3-f14c-4bda-808a-470d99a3fb0e:192.168.151.69:37395, 0a895fe0-e95b-44b0-88a5-40095369d54c:192.168.151.69:42576], old=null
2019-10-04 06:13:20,161 [pool-629-thread-1] INFO  impl.RaftServerImpl (RaftServerImpl.java:start(181)) - 6a20f4ed-c225-463e-b5f9-99b45118de41@group-2E2C1A4E0FAF: start as a follower, conf=-1: [6a20f4ed-c225-463e-b5f9-99b45118de41:192.168.151.69:34648, 32efdfc3-f14c-4bda-808a-470d99a3fb0e:192.168.151.69:37395, 0a895fe0-e95b-44b0-88a5-40095369d54c:192.168.151.69:42576], old=null
2019-10-04 06:13:20,161 [pool-649-thread-1] INFO  impl.RaftServerImpl (RaftServerImpl.java:setRole(170)) - 32efdfc3-f14c-4bda-808a-470d99a3fb0e@group-2E2C1A4E0FAF: changes role from      null to FOLLOWER at term 0 for startAsFollower
2019-10-04 06:13:20,161 [pool-629-thread-1] INFO  impl.RaftServerImpl (RaftServerImpl.java:setRole(170)) - 6a20f4ed-c225-463e-b5f9-99b45118de41@group-2E2C1A4E0FAF: changes role from      null to FOLLOWER at term 0 for startAsFollower
2019-10-04 06:13:20,161 [pool-649-thread-1] INFO  impl.RoleInfo (RoleInfo.java:updateAndGet(143)) - 32efdfc3-f14c-4bda-808a-470d99a3fb0e: start FollowerState
2019-10-04 06:13:20,161 [pool-629-thread-1] INFO  impl.RoleInfo (RoleInfo.java:updateAndGet(143)) - 6a20f4ed-c225-463e-b5f9-99b45118de41: start FollowerState
2019-10-04 06:13:20,162 [pool-649-thread-1] INFO  util.JmxRegister (JmxRegister.java:tryRegister(44)) - Successfully registered JMX Bean with object name Ratis:service=RaftServer,group=group-2E2C1A4E0FAF,id=32efdfc3-f14c-4bda-808a-470d99a3fb0e
2019-10-04 06:13:20,162 [pool-629-thread-1] INFO  util.JmxRegister (JmxRegister.java:tryRegister(44)) - Successfully registered JMX Bean with object name Ratis:service=RaftServer,group=group-2E2C1A4E0FAF,id=6a20f4ed-c225-463e-b5f9-99b45118de41
2019-10-04 06:13:20,166 [RatisPipelineUtilsThread] INFO  pipeline.PipelineStateManager (PipelineStateManager.java:addPipeline(56)) - Created pipeline Pipeline[ Id: b0a0da09-d3ac-4140-8148-2e2c1a4e0faf, Nodes: 32efdfc3-f14c-4bda-808a-470d99a3fb0e{ip: 192.168.151.69, host: trunk-nightly-20191004-lpvmn-70278721, networkLocation: /default-rack, certSerialId: null}6a20f4ed-c225-463e-b5f9-99b45118de41{ip: 192.168.151.69, host: trunk-nightly-20191004-lpvmn-70278721, networkLocation: /default-rack, certSerialId: null}0a895fe0-e95b-44b0-88a5-40095369d54c{ip: 192.168.151.69, host: trunk-nightly-20191004-lpvmn-70278721, networkLocation: /default-rack, certSerialId: null}, Type:RATIS, Factor:THREE, State:OPEN]
2019-10-04 06:13:21,000 [main] INFO  ozone.MiniOzoneClusterImpl (MiniOzoneClusterImpl.java:lambda$waitForClusterToBeReady$0(147)) - Cluster is ready. Got 7 of 7 DN Heartbeats.
2019-10-04 06:13:21,052 [main] INFO  rpc.RpcClient (RpcClient.java:createVolume(277)) - Creating Volume: testblockoutputstream, with jenkins1000 as owner.
2019-10-04 06:13:21,056 [IPC Server handler 1 on 33930] INFO  volume.OMVolumeCreateRequest (OMVolumeCreateRequest.java:validateAndUpdateCache(193)) - created volume:testblockoutputstream for user:jenkins1000
2019-10-04 06:13:21,077 [main] INFO  rpc.RpcClient (RpcClient.java:createBucket(416)) - Creating Bucket: testblockoutputstream/testblockoutputstream, with Versioning false and Storage Type set to DISK and Encryption set to false 
2019-10-04 06:13:22,571 [Thread-3806] INFO  container.ReplicationManager (ReplicationManager.java:start(162)) - Starting Replication Monitor Thread.
2019-10-04 06:13:22,576 [ReplicationMonitor] INFO  container.ReplicationManager (ReplicationManager.java:run(225)) - Replication Monitor Thread took 0 milliseconds for processing 1 containers.
2019-10-04 06:13:24,617 [Thread-3808] INFO  impl.FollowerState (FollowerState.java:run(108)) - 29be59ed-680c-458c-aec9-68f2979afc9a@group-7C18104DCC86-FollowerState: change to CANDIDATE, lastRpcTime:5000ms, electionTimeout:5000ms
2019-10-04 06:13:24,618 [Thread-3808] INFO  impl.RoleInfo (RoleInfo.java:shutdownFollowerState(121)) - 29be59ed-680c-458c-aec9-68f2979afc9a: shutdown FollowerState
2019-10-04 06:13:24,618 [Thread-3808] INFO  impl.RaftServerImpl (RaftServerImpl.java:setRole(170)) - 29be59ed-680c-458c-aec9-68f2979afc9a@group-7C18104DCC86: changes role from  FOLLOWER to CANDIDATE at term 0 for changeToCandidate
2019-10-04 06:13:24,618 [Thread-3808] INFO  impl.RoleInfo (RoleInfo.java:updateAndGet(143)) - 29be59ed-680c-458c-aec9-68f2979afc9a: start LeaderElection
2019-10-04 06:13:24,647 [29be59ed-680c-458c-aec9-68f2979afc9a@group-7C18104DCC86-LeaderElection80] INFO  impl.LeaderElection (LeaderElection.java:askForVotes(178)) - 29be59ed-680c-458c-aec9-68f2979afc9a@group-7C18104DCC86-LeaderElection80: begin an election at term 1 for -1: [29be59ed-680c-458c-aec9-68f2979afc9a:192.168.151.69:33636], old=null
2019-10-04 06:13:24,647 [29be59ed-680c-458c-aec9-68f2979afc9a@group-7C18104DCC86-LeaderElection80] INFO  impl.RoleInfo (RoleInfo.java:shutdownLeaderElection(134)) - 29be59ed-680c-458c-aec9-68f2979afc9a: shutdown LeaderElection
2019-10-04 06:13:24,647 [29be59ed-680c-458c-aec9-68f2979afc9a@group-7C18104DCC86-LeaderElection80] INFO  impl.RaftServerImpl (RaftServerImpl.java:setRole(170)) - 29be59ed-680c-458c-aec9-68f2979afc9a@group-7C18104DCC86: changes role from CANDIDATE to LEADER at term 1 for changeToLeader
2019-10-04 06:13:24,647 [29be59ed-680c-458c-aec9-68f2979afc9a@group-7C18104DCC86-LeaderElection80] INFO  impl.RaftServerImpl (ServerState.java:setLeader(255)) - 29be59ed-680c-458c-aec9-68f2979afc9a@group-7C18104DCC86: change Leader from null to 29be59ed-680c-458c-aec9-68f2979afc9a at term 1 for becomeLeader, leader elected after 5036ms
2019-10-04 06:13:24,648 [29be59ed-680c-458c-aec9-68f2979afc9a@group-7C18104DCC86-LeaderElection80] INFO  server.RaftServerConfigKeys (ConfUtils.java:logGet(43)) - raft.server.staging.catchup.gap = 1000 (default)
2019-10-04 06:13:24,648 [29be59ed-680c-458c-aec9-68f2979afc9a@group-7C18104DCC86-LeaderElection80] INFO  server.RaftServerConfigKeys (ConfUtils.java:logGet(43)) - raft.server.rpc.sleep.time = 25ms (default)
2019-10-04 06:13:24,648 [29be59ed-680c-458c-aec9-68f2979afc9a@group-7C18104DCC86-LeaderElection80] INFO  server.RaftServerConfigKeys (ConfUtils.java:logGet(43)) - raft.server.write.element-limit = 4096 (default)
2019-10-04 06:13:24,648 [29be59ed-680c-458c-aec9-68f2979afc9a@group-7C18104DCC86-LeaderElection80] INFO  server.RaftServerConfigKeys (ConfUtils.java:logGet(43)) - raft.server.watch.timeout = 10s (default)
2019-10-04 06:13:24,648 [29be59ed-680c-458c-aec9-68f2979afc9a@group-7C18104DCC86-LeaderElection80] INFO  server.RaftServerConfigKeys (ConfUtils.java:logGet(43)) - raft.server.watch.timeout.denomination = 1s (default)
2019-10-04 06:13:24,649 [29be59ed-680c-458c-aec9-68f2979afc9a@group-7C18104DCC86-LeaderElection80] INFO  server.RaftServerConfigKeys (ConfUtils.java:logGet(43)) - raft.server.watch.element-limit = 65536 (default)
2019-10-04 06:13:24,651 [29be59ed-680c-458c-aec9-68f2979afc9a@group-7C18104DCC86-LeaderElection80] INFO  impl.RoleInfo (RoleInfo.java:updateAndGet(143)) - 29be59ed-680c-458c-aec9-68f2979afc9a: start LeaderState
2019-10-04 06:13:24,652 [29be59ed-680c-458c-aec9-68f2979afc9a@group-7C18104DCC86-LeaderElection80] INFO  segmented.SegmentedRaftLogWorker (SegmentedRaftLogWorker.java:startLogSegment(385)) - 29be59ed-680c-458c-aec9-68f2979afc9a@group-7C18104DCC86-SegmentedRaftLogWorker: Starting segment from index:0
2019-10-04 06:13:24,653 [29be59ed-680c-458c-aec9-68f2979afc9a@group-7C18104DCC86-LeaderElection80] INFO  impl.RaftServerImpl (ServerState.java:setRaftConf(356)) - 29be59ed-680c-458c-aec9-68f2979afc9a@group-7C18104DCC86: set configuration 0: [29be59ed-680c-458c-aec9-68f2979afc9a:192.168.151.69:33636], old=null at 0
2019-10-04 06:13:24,692 [29be59ed-680c-458c-aec9-68f2979afc9a@group-7C18104DCC86-SegmentedRaftLogWorker] INFO  segmented.SegmentedRaftLogWorker (SegmentedRaftLogWorker.java:execute(574)) - 29be59ed-680c-458c-aec9-68f2979afc9a@group-7C18104DCC86-SegmentedRaftLogWorker: created new log segment /workdir/hadoop-ozone/integration-test/target/test-dir/MiniOzoneClusterImpl-f2c63e22-5472-4ef8-9a63-56aaf7805485/datanode-0/data/ratis/5175c4f0-1656-4551-af1e-7c18104dcc86/current/log_inprogress_0
2019-10-04 06:13:24,766 [Thread-3811] INFO  impl.FollowerState (FollowerState.java:run(108)) - b0c93557-f206-49b3-b845-27ddea8ebda5@group-9700E898429A-FollowerState: change to CANDIDATE, lastRpcTime:5100ms, electionTimeout:5100ms
2019-10-04 06:13:24,766 [Thread-3811] INFO  impl.RoleInfo (RoleInfo.java:shutdownFollowerState(121)) - b0c93557-f206-49b3-b845-27ddea8ebda5: shutdown FollowerState
2019-10-04 06:13:24,766 [Thread-3811] INFO  impl.RaftServerImpl (RaftServerImpl.java:setRole(170)) - b0c93557-f206-49b3-b845-27ddea8ebda5@group-9700E898429A: changes role from  FOLLOWER to CANDIDATE at term 0 for changeToCandidate
2019-10-04 06:13:24,767 [Thread-3811] INFO  impl.RoleInfo (RoleInfo.java:updateAndGet(143)) - b0c93557-f206-49b3-b845-27ddea8ebda5: start LeaderElection
2019-10-04 06:13:24,794 [Thread-3814] INFO  impl.FollowerState (FollowerState.java:run(108)) - d50021de-ef3c-4ba4-9a1f-74e99ee73c0d@group-E0F9598A49EB-FollowerState: change to CANDIDATE, lastRpcTime:5048ms, electionTimeout:5044ms
2019-10-04 06:13:24,794 [Thread-3814] INFO  impl.RoleInfo (RoleInfo.java:shutdownFollowerState(121)) - d50021de-ef3c-4ba4-9a1f-74e99ee73c0d: shutdown FollowerState
2019-10-04 06:13:24,794 [Thread-3814] INFO  impl.RaftServerImpl (RaftServerImpl.java:setRole(170)) - d50021de-ef3c-4ba4-9a1f-74e99ee73c0d@group-E0F9598A49EB: changes role from  FOLLOWER to CANDIDATE at term 0 for changeToCandidate
2019-10-04 06:13:24,800 [Thread-3814] INFO  impl.RoleInfo (RoleInfo.java:updateAndGet(143)) - d50021de-ef3c-4ba4-9a1f-74e99ee73c0d: start LeaderElection
2019-10-04 06:13:24,814 [b0c93557-f206-49b3-b845-27ddea8ebda5@group-9700E898429A-LeaderElection81] INFO  impl.LeaderElection (LeaderElection.java:askForVotes(178)) - b0c93557-f206-49b3-b845-27ddea8ebda5@group-9700E898429A-LeaderElection81: begin an election at term 1 for -1: [b0c93557-f206-49b3-b845-27ddea8ebda5:192.168.151.69:42370], old=null
2019-10-04 06:13:24,814 [d50021de-ef3c-4ba4-9a1f-74e99ee73c0d@group-E0F9598A49EB-LeaderElection82] INFO  impl.LeaderElection (LeaderElection.java:askForVotes(178)) - d50021de-ef3c-4ba4-9a1f-74e99ee73c0d@group-E0F9598A49EB-LeaderElection82: begin an election at term 1 for -1: [d50021de-ef3c-4ba4-9a1f-74e99ee73c0d:192.168.151.69:41884], old=null
2019-10-04 06:13:24,814 [b0c93557-f206-49b3-b845-27ddea8ebda5@group-9700E898429A-LeaderElection81] INFO  impl.RoleInfo (RoleInfo.java:shutdownLeaderElection(134)) - b0c93557-f206-49b3-b845-27ddea8ebda5: shutdown LeaderElection
2019-10-04 06:13:24,814 [d50021de-ef3c-4ba4-9a1f-74e99ee73c0d@group-E0F9598A49EB-LeaderElection82] INFO  impl.RoleInfo (RoleInfo.java:shutdownLeaderElection(134)) - d50021de-ef3c-4ba4-9a1f-74e99ee73c0d: shutdown LeaderElection
2019-10-04 06:13:24,815 [b0c93557-f206-49b3-b845-27ddea8ebda5@group-9700E898429A-LeaderElection81] INFO  impl.RaftServerImpl (RaftServerImpl.java:setRole(170)) - b0c93557-f206-49b3-b845-27ddea8ebda5@group-9700E898429A: changes role from CANDIDATE to LEADER at term 1 for changeToLeader
2019-10-04 06:13:24,815 [d50021de-ef3c-4ba4-9a1f-74e99ee73c0d@group-E0F9598A49EB-LeaderElection82] INFO  impl.RaftServerImpl (RaftServerImpl.java:setRole(170)) - d50021de-ef3c-4ba4-9a1f-74e99ee73c0d@group-E0F9598A49EB: changes role from CANDIDATE to LEADER at term 1 for changeToLeader
2019-10-04 06:13:24,815 [b0c93557-f206-49b3-b845-27ddea8ebda5@group-9700E898429A-LeaderElection81] INFO  impl.RaftServerImpl (ServerState.java:setLeader(255)) - b0c93557-f206-49b3-b845-27ddea8ebda5@group-9700E898429A: change Leader from null to b0c93557-f206-49b3-b845-27ddea8ebda5 at term 1 for becomeLeader, leader elected after 5154ms
2019-10-04 06:13:24,815 [d50021de-ef3c-4ba4-9a1f-74e99ee73c0d@group-E0F9598A49EB-LeaderElection82] INFO  impl.RaftServerImpl (ServerState.java:setLeader(255)) - d50021de-ef3c-4ba4-9a1f-74e99ee73c0d@group-E0F9598A49EB: change Leader from null to d50021de-ef3c-4ba4-9a1f-74e99ee73c0d at term 1 for becomeLeader, leader elected after 5074ms
2019-10-04 06:13:24,815 [b0c93557-f206-49b3-b845-27ddea8ebda5@group-9700E898429A-LeaderElection81] INFO  server.RaftServerConfigKeys (ConfUtils.java:logGet(43)) - raft.server.staging.catchup.gap = 1000 (default)
2019-10-04 06:13:24,815 [d50021de-ef3c-4ba4-9a1f-74e99ee73c0d@group-E0F9598A49EB-LeaderElection82] INFO  server.RaftServerConfigKeys (ConfUtils.java:logGet(43)) - raft.server.staging.catchup.gap = 1000 (default)
2019-10-04 06:13:24,815 [b0c93557-f206-49b3-b845-27ddea8ebda5@group-9700E898429A-LeaderElection81] INFO  server.RaftServerConfigKeys (ConfUtils.java:logGet(43)) - raft.server.rpc.sleep.time = 25ms (default)
2019-10-04 06:13:24,816 [d50021de-ef3c-4ba4-9a1f-74e99ee73c0d@group-E0F9598A49EB-LeaderElection82] INFO  server.RaftServerConfigKeys (ConfUtils.java:logGet(43)) - raft.server.rpc.sleep.time = 25ms (default)
2019-10-04 06:13:24,816 [b0c93557-f206-49b3-b845-27ddea8ebda5@group-9700E898429A-LeaderElection81] INFO  server.RaftServerConfigKeys (ConfUtils.java:logGet(43)) - raft.server.write.element-limit = 4096 (default)
2019-10-04 06:13:24,816 [d50021de-ef3c-4ba4-9a1f-74e99ee73c0d@group-E0F9598A49EB-LeaderElection82] INFO  server.RaftServerConfigKeys (ConfUtils.java:logGet(43)) - raft.server.write.element-limit = 4096 (default)
2019-10-04 06:13:24,816 [b0c93557-f206-49b3-b845-27ddea8ebda5@group-9700E898429A-LeaderElection81] INFO  server.RaftServerConfigKeys (ConfUtils.java:logGet(43)) - raft.server.watch.timeout = 10s (default)
2019-10-04 06:13:24,816 [d50021de-ef3c-4ba4-9a1f-74e99ee73c0d@group-E0F9598A49EB-LeaderElection82] INFO  server.RaftServerConfigKeys (ConfUtils.java:logGet(43)) - raft.server.watch.timeout = 10s (default)
2019-10-04 06:13:24,816 [b0c93557-f206-49b3-b845-27ddea8ebda5@group-9700E898429A-LeaderElection81] INFO  server.RaftServerConfigKeys (ConfUtils.java:logGet(43)) - raft.server.watch.timeout.denomination = 1s (default)
2019-10-04 06:13:24,816 [d50021de-ef3c-4ba4-9a1f-74e99ee73c0d@group-E0F9598A49EB-LeaderElection82] INFO  server.RaftServerConfigKeys (ConfUtils.java:logGet(43)) - raft.server.watch.timeout.denomination = 1s (default)
2019-10-04 06:13:24,817 [b0c93557-f206-49b3-b845-27ddea8ebda5@group-9700E898429A-LeaderElection81] INFO  server.RaftServerConfigKeys (ConfUtils.java:logGet(43)) - raft.server.watch.element-limit = 65536 (default)
2019-10-04 06:13:24,817 [d50021de-ef3c-4ba4-9a1f-74e99ee73c0d@group-E0F9598A49EB-LeaderElection82] INFO  server.RaftServerConfigKeys (ConfUtils.java:logGet(43)) - raft.server.watch.element-limit = 65536 (default)
2019-10-04 06:13:24,820 [b0c93557-f206-49b3-b845-27ddea8ebda5@group-9700E898429A-LeaderElection81] INFO  impl.RoleInfo (RoleInfo.java:updateAndGet(143)) - b0c93557-f206-49b3-b845-27ddea8ebda5: start LeaderState
2019-10-04 06:13:24,820 [b0c93557-f206-49b3-b845-27ddea8ebda5@group-9700E898429A-LeaderElection81] INFO  segmented.SegmentedRaftLogWorker (SegmentedRaftLogWorker.java:startLogSegment(385)) - b0c93557-f206-49b3-b845-27ddea8ebda5@group-9700E898429A-SegmentedRaftLogWorker: Starting segment from index:0
2019-10-04 06:13:24,820 [d50021de-ef3c-4ba4-9a1f-74e99ee73c0d@group-E0F9598A49EB-LeaderElection82] INFO  impl.RoleInfo (RoleInfo.java:updateAndGet(143)) - d50021de-ef3c-4ba4-9a1f-74e99ee73c0d: start LeaderState
2019-10-04 06:13:24,820 [d50021de-ef3c-4ba4-9a1f-74e99ee73c0d@group-E0F9598A49EB-LeaderElection82] INFO  segmented.SegmentedRaftLogWorker (SegmentedRaftLogWorker.java:startLogSegment(385)) - d50021de-ef3c-4ba4-9a1f-74e99ee73c0d@group-E0F9598A49EB-SegmentedRaftLogWorker: Starting segment from index:0
2019-10-04 06:13:24,821 [b0c93557-f206-49b3-b845-27ddea8ebda5@group-9700E898429A-LeaderElection81] INFO  impl.RaftServerImpl (ServerState.java:setRaftConf(356)) - b0c93557-f206-49b3-b845-27ddea8ebda5@group-9700E898429A: set configuration 0: [b0c93557-f206-49b3-b845-27ddea8ebda5:192.168.151.69:42370], old=null at 0
2019-10-04 06:13:24,821 [d50021de-ef3c-4ba4-9a1f-74e99ee73c0d@group-E0F9598A49EB-LeaderElection82] INFO  impl.RaftServerImpl (ServerState.java:setRaftConf(356)) - d50021de-ef3c-4ba4-9a1f-74e99ee73c0d@group-E0F9598A49EB: set configuration 0: [d50021de-ef3c-4ba4-9a1f-74e99ee73c0d:192.168.151.69:41884], old=null at 0
2019-10-04 06:13:24,862 [b0c93557-f206-49b3-b845-27ddea8ebda5@group-9700E898429A-SegmentedRaftLogWorker] INFO  segmented.SegmentedRaftLogWorker (SegmentedRaftLogWorker.java:execute(574)) - b0c93557-f206-49b3-b845-27ddea8ebda5@group-9700E898429A-SegmentedRaftLogWorker: created new log segment /workdir/hadoop-ozone/integration-test/target/test-dir/MiniOzoneClusterImpl-f2c63e22-5472-4ef8-9a63-56aaf7805485/datanode-1/data/ratis/ec327430-c78f-4468-85ff-9700e898429a/current/log_inprogress_0
2019-10-04 06:13:24,862 [d50021de-ef3c-4ba4-9a1f-74e99ee73c0d@group-E0F9598A49EB-SegmentedRaftLogWorker] INFO  segmented.SegmentedRaftLogWorker (SegmentedRaftLogWorker.java:execute(574)) - d50021de-ef3c-4ba4-9a1f-74e99ee73c0d@group-E0F9598A49EB-SegmentedRaftLogWorker: created new log segment /workdir/hadoop-ozone/integration-test/target/test-dir/MiniOzoneClusterImpl-f2c63e22-5472-4ef8-9a63-56aaf7805485/datanode-2/data/ratis/ad5b872c-ce17-4d2f-bedd-e0f9598a49eb/current/log_inprogress_0
2019-10-04 06:13:24,950 [Thread-3822] INFO  impl.FollowerState (FollowerState.java:run(108)) - b0c93557-f206-49b3-b845-27ddea8ebda5@group-7B63199FC393-FollowerState: change to CANDIDATE, lastRpcTime:5151ms, electionTimeout:5151ms
2019-10-04 06:13:24,951 [Thread-3822] INFO  impl.RoleInfo (RoleInfo.java:shutdownFollowerState(121)) - b0c93557-f206-49b3-b845-27ddea8ebda5: shutdown FollowerState
2019-10-04 06:13:24,951 [Thread-3822] INFO  impl.RaftServerImpl (RaftServerImpl.java:setRole(170)) - b0c93557-f206-49b3-b845-27ddea8ebda5@group-7B63199FC393: changes role from  FOLLOWER to CANDIDATE at term 0 for changeToCandidate
2019-10-04 06:13:24,951 [Thread-3822] INFO  impl.RoleInfo (RoleInfo.java:updateAndGet(143)) - b0c93557-f206-49b3-b845-27ddea8ebda5: start LeaderElection
2019-10-04 06:13:24,964 [Thread-3817] INFO  impl.FollowerState (FollowerState.java:run(108)) - d50021de-ef3c-4ba4-9a1f-74e99ee73c0d@group-7B63199FC393-FollowerState: change to CANDIDATE, lastRpcTime:5169ms, electionTimeout:5169ms
2019-10-04 06:13:24,964 [Thread-3817] INFO  impl.RoleInfo (RoleInfo.java:shutdownFollowerState(121)) - d50021de-ef3c-4ba4-9a1f-74e99ee73c0d: shutdown FollowerState
2019-10-04 06:13:24,964 [Thread-3817] INFO  impl.RaftServerImpl (RaftServerImpl.java:setRole(170)) - d50021de-ef3c-4ba4-9a1f-74e99ee73c0d@group-7B63199FC393: changes role from  FOLLOWER to CANDIDATE at term 0 for changeToCandidate
2019-10-04 06:13:24,964 [Thread-3817] INFO  impl.RoleInfo (RoleInfo.java:updateAndGet(143)) - d50021de-ef3c-4ba4-9a1f-74e99ee73c0d: start LeaderElection
2019-10-04 06:13:24,970 [b0c93557-f206-49b3-b845-27ddea8ebda5@group-7B63199FC393-LeaderElection83] INFO  impl.LeaderElection (LeaderElection.java:askForVotes(178)) - b0c93557-f206-49b3-b845-27ddea8ebda5@group-7B63199FC393-LeaderElection83: begin an election at term 1 for -1: [29be59ed-680c-458c-aec9-68f2979afc9a:192.168.151.69:33636, b0c93557-f206-49b3-b845-27ddea8ebda5:192.168.151.69:42370, d50021de-ef3c-4ba4-9a1f-74e99ee73c0d:192.168.151.69:41884], old=null
2019-10-04 06:13:24,972 [d50021de-ef3c-4ba4-9a1f-74e99ee73c0d@group-7B63199FC393-LeaderElection84] INFO  impl.LeaderElection (LeaderElection.java:askForVotes(178)) - d50021de-ef3c-4ba4-9a1f-74e99ee73c0d@group-7B63199FC393-LeaderElection84: begin an election at term 1 for -1: [29be59ed-680c-458c-aec9-68f2979afc9a:192.168.151.69:33636, b0c93557-f206-49b3-b845-27ddea8ebda5:192.168.151.69:42370, d50021de-ef3c-4ba4-9a1f-74e99ee73c0d:192.168.151.69:41884], old=null
2019-10-04 06:13:24,975 [grpc-default-executor-8] INFO  impl.RaftServerImpl (RaftServerImpl.java:setRole(170)) - 29be59ed-680c-458c-aec9-68f2979afc9a@group-7B63199FC393: changes role from  FOLLOWER to FOLLOWER at term 1 for recognizeCandidate:b0c93557-f206-49b3-b845-27ddea8ebda5
2019-10-04 06:13:24,975 [grpc-default-executor-8] INFO  impl.RoleInfo (RoleInfo.java:shutdownFollowerState(121)) - 29be59ed-680c-458c-aec9-68f2979afc9a: shutdown FollowerState
2019-10-04 06:13:24,975 [grpc-default-executor-8] INFO  impl.RoleInfo (RoleInfo.java:updateAndGet(143)) - 29be59ed-680c-458c-aec9-68f2979afc9a: start FollowerState
2019-10-04 06:13:24,976 [Thread-3821] INFO  impl.FollowerState (FollowerState.java:run(117)) - 29be59ed-680c-458c-aec9-68f2979afc9a@group-7B63199FC393-FollowerState was interrupted: java.lang.InterruptedException: sleep interrupted
2019-10-04 06:13:24,990 [Thread-3826] INFO  impl.FollowerState (FollowerState.java:run(108)) - 6a20f4ed-c225-463e-b5f9-99b45118de41@group-6C1451212453-FollowerState: change to CANDIDATE, lastRpcTime:5080ms, electionTimeout:5080ms
2019-10-04 06:13:24,991 [Thread-3826] INFO  impl.RoleInfo (RoleInfo.java:shutdownFollowerState(121)) - 6a20f4ed-c225-463e-b5f9-99b45118de41: shutdown FollowerState
2019-10-04 06:13:24,991 [Thread-3826] INFO  impl.RaftServerImpl (RaftServerImpl.java:setRole(170)) - 6a20f4ed-c225-463e-b5f9-99b45118de41@group-6C1451212453: changes role from  FOLLOWER to CANDIDATE at term 0 for changeToCandidate
2019-10-04 06:13:24,991 [Thread-3826] INFO  impl.RoleInfo (RoleInfo.java:updateAndGet(143)) - 6a20f4ed-c225-463e-b5f9-99b45118de41: start LeaderElection
2019-10-04 06:13:24,998 [b0c93557-f206-49b3-b845-27ddea8ebda5@group-7B63199FC393-LeaderElection83] INFO  impl.LeaderElection (LeaderElection.java:logAndReturn(56)) - b0c93557-f206-49b3-b845-27ddea8ebda5@group-7B63199FC393-LeaderElection83: Election PASSED; received 2 response(s) [b0c93557-f206-49b3-b845-27ddea8ebda5<-29be59ed-680c-458c-aec9-68f2979afc9a#0:OK-t1, b0c93557-f206-49b3-b845-27ddea8ebda5<-d50021de-ef3c-4ba4-9a1f-74e99ee73c0d#0:FAIL-t1] and 0 exception(s); b0c93557-f206-49b3-b845-27ddea8ebda5@group-7B63199FC393:t1, leader=null, voted=b0c93557-f206-49b3-b845-27ddea8ebda5, raftlog=b0c93557-f206-49b3-b845-27ddea8ebda5@group-7B63199FC393-SegmentedRaftLog:OPENED:c-1,f-1,i0, conf=-1: [29be59ed-680c-458c-aec9-68f2979afc9a:192.168.151.69:33636, b0c93557-f206-49b3-b845-27ddea8ebda5:192.168.151.69:42370, d50021de-ef3c-4ba4-9a1f-74e99ee73c0d:192.168.151.69:41884], old=null
2019-10-04 06:13:24,998 [d50021de-ef3c-4ba4-9a1f-74e99ee73c0d@group-7B63199FC393-LeaderElection84] INFO  impl.LeaderElection (LeaderElection.java:logAndReturn(56)) - d50021de-ef3c-4ba4-9a1f-74e99ee73c0d@group-7B63199FC393-LeaderElection84: Election REJECTED; received 2 response(s) [d50021de-ef3c-4ba4-9a1f-74e99ee73c0d<-29be59ed-680c-458c-aec9-68f2979afc9a#0:FAIL-t1, d50021de-ef3c-4ba4-9a1f-74e99ee73c0d<-b0c93557-f206-49b3-b845-27ddea8ebda5#0:FAIL-t1] and 0 exception(s); d50021de-ef3c-4ba4-9a1f-74e99ee73c0d@group-7B63199FC393:t1, leader=null, voted=d50021de-ef3c-4ba4-9a1f-74e99ee73c0d, raftlog=d50021de-ef3c-4ba4-9a1f-74e99ee73c0d@group-7B63199FC393-SegmentedRaftLog:OPENED:c-1,f-1,i0, conf=-1: [29be59ed-680c-458c-aec9-68f2979afc9a:192.168.151.69:33636, b0c93557-f206-49b3-b845-27ddea8ebda5:192.168.151.69:42370, d50021de-ef3c-4ba4-9a1f-74e99ee73c0d:192.168.151.69:41884], old=null
2019-10-04 06:13:24,998 [b0c93557-f206-49b3-b845-27ddea8ebda5@group-7B63199FC393-LeaderElection83] INFO  impl.RoleInfo (RoleInfo.java:shutdownLeaderElection(134)) - b0c93557-f206-49b3-b845-27ddea8ebda5: shutdown LeaderElection
2019-10-04 06:13:25,002 [b0c93557-f206-49b3-b845-27ddea8ebda5@group-7B63199FC393-LeaderElection83] INFO  impl.RaftServerImpl (RaftServerImpl.java:setRole(170)) - b0c93557-f206-49b3-b845-27ddea8ebda5@group-7B63199FC393: changes role from CANDIDATE to LEADER at term 1 for changeToLeader
2019-10-04 06:13:25,002 [b0c93557-f206-49b3-b845-27ddea8ebda5@group-7B63199FC393-LeaderElection83] INFO  impl.RaftServerImpl (ServerState.java:setLeader(255)) - b0c93557-f206-49b3-b845-27ddea8ebda5@group-7B63199FC393: change Leader from null to b0c93557-f206-49b3-b845-27ddea8ebda5 at term 1 for becomeLeader, leader elected after 5214ms
2019-10-04 06:13:25,002 [d50021de-ef3c-4ba4-9a1f-74e99ee73c0d@group-7B63199FC393-LeaderElection84] INFO  impl.RaftServerImpl (RaftServerImpl.java:setRole(170)) - d50021de-ef3c-4ba4-9a1f-74e99ee73c0d@group-7B63199FC393: changes role from CANDIDATE to FOLLOWER at term 1 for DISCOVERED_A_NEW_TERM
2019-10-04 06:13:25,005 [b0c93557-f206-49b3-b845-27ddea8ebda5@group-7B63199FC393-LeaderElection83] INFO  server.RaftServerConfigKeys (ConfUtils.java:logGet(43)) - raft.server.staging.catchup.gap = 1000 (default)
2019-10-04 06:13:25,005 [d50021de-ef3c-4ba4-9a1f-74e99ee73c0d@group-7B63199FC393-LeaderElection84] INFO  impl.RoleInfo (RoleInfo.java:shutdownLeaderElection(134)) - d50021de-ef3c-4ba4-9a1f-74e99ee73c0d: shutdown LeaderElection
2019-10-04 06:13:25,005 [b0c93557-f206-49b3-b845-27ddea8ebda5@group-7B63199FC393-LeaderElection83] INFO  server.RaftServerConfigKeys (ConfUtils.java:logGet(43)) - raft.server.rpc.sleep.time = 25ms (default)
2019-10-04 06:13:25,005 [d50021de-ef3c-4ba4-9a1f-74e99ee73c0d@group-7B63199FC393-LeaderElection84] INFO  impl.RoleInfo (RoleInfo.java:updateAndGet(143)) - d50021de-ef3c-4ba4-9a1f-74e99ee73c0d: start FollowerState
2019-10-04 06:13:25,005 [b0c93557-f206-49b3-b845-27ddea8ebda5@group-7B63199FC393-LeaderElection83] INFO  server.RaftServerConfigKeys (ConfUtils.java:logGet(43)) - raft.server.write.element-limit = 4096 (default)
2019-10-04 06:13:25,005 [b0c93557-f206-49b3-b845-27ddea8ebda5@group-7B63199FC393-LeaderElection83] INFO  server.RaftServerConfigKeys (ConfUtils.java:logGet(43)) - raft.server.watch.timeout = 10s (default)
2019-10-04 06:13:25,006 [b0c93557-f206-49b3-b845-27ddea8ebda5@group-7B63199FC393-LeaderElection83] INFO  server.RaftServerConfigKeys (ConfUtils.java:logGet(43)) - raft.server.watch.timeout.denomination = 1s (default)
2019-10-04 06:13:25,006 [b0c93557-f206-49b3-b845-27ddea8ebda5@group-7B63199FC393-LeaderElection83] INFO  server.RaftServerConfigKeys (ConfUtils.java:logGet(43)) - raft.server.watch.element-limit = 65536 (default)
2019-10-04 06:13:25,007 [b0c93557-f206-49b3-b845-27ddea8ebda5@group-7B63199FC393-LeaderElection83] INFO  server.RaftServerConfigKeys (ConfUtils.java:logGet(43)) - raft.server.log.appender.snapshot.chunk.size.max = 16MB (=16777216) (default)
2019-10-04 06:13:25,007 [b0c93557-f206-49b3-b845-27ddea8ebda5@group-7B63199FC393-LeaderElection83] INFO  server.RaftServerConfigKeys (ConfUtils.java:logGet(43)) - raft.server.log.appender.buffer.byte-limit = 33554432 (custom)
2019-10-04 06:13:25,008 [b0c93557-f206-49b3-b845-27ddea8ebda5@group-7B63199FC393-LeaderElection83] INFO  server.RaftServerConfigKeys (ConfUtils.java:logGet(43)) - raft.server.log.appender.buffer.element-limit = 1 (custom)
2019-10-04 06:13:25,008 [b0c93557-f206-49b3-b845-27ddea8ebda5@group-7B63199FC393-LeaderElection83] INFO  grpc.GrpcConfigKeys$Server (ConfUtils.java:logGet(43)) - raft.grpc.server.leader.outstanding.appends.max = 128 (default)
2019-10-04 06:13:25,008 [b0c93557-f206-49b3-b845-27ddea8ebda5@group-7B63199FC393-LeaderElection83] INFO  server.RaftServerConfigKeys (ConfUtils.java:logGet(43)) - raft.server.rpc.request.timeout = 3000ms (default)
2019-10-04 06:13:25,008 [b0c93557-f206-49b3-b845-27ddea8ebda5@group-7B63199FC393-LeaderElection83] INFO  server.RaftServerConfigKeys (ConfUtils.java:logGet(43)) - raft.server.log.appender.install.snapshot.enabled = false (custom)
2019-10-04 06:13:25,008 [b0c93557-f206-49b3-b845-27ddea8ebda5@group-7B63199FC393-LeaderElection83] INFO  server.RaftServerConfigKeys (ConfUtils.java:logGet(43)) - raft.server.log.appender.snapshot.chunk.size.max = 16MB (=16777216) (default)
2019-10-04 06:13:25,008 [b0c93557-f206-49b3-b845-27ddea8ebda5@group-7B63199FC393-LeaderElection83] INFO  server.RaftServerConfigKeys (ConfUtils.java:logGet(43)) - raft.server.log.appender.buffer.byte-limit = 33554432 (custom)
2019-10-04 06:13:25,009 [b0c93557-f206-49b3-b845-27ddea8ebda5@group-7B63199FC393-LeaderElection83] INFO  server.RaftServerConfigKeys (ConfUtils.java:logGet(43)) - raft.server.log.appender.buffer.element-limit = 1 (custom)
2019-10-04 06:13:25,009 [b0c93557-f206-49b3-b845-27ddea8ebda5@group-7B63199FC393-LeaderElection83] INFO  grpc.GrpcConfigKeys$Server (ConfUtils.java:logGet(43)) - raft.grpc.server.leader.outstanding.appends.max = 128 (default)
2019-10-04 06:13:25,009 [b0c93557-f206-49b3-b845-27ddea8ebda5@group-7B63199FC393-LeaderElection83] INFO  server.RaftServerConfigKeys (ConfUtils.java:logGet(43)) - raft.server.rpc.request.timeout = 3000ms (default)
2019-10-04 06:13:25,009 [b0c93557-f206-49b3-b845-27ddea8ebda5@group-7B63199FC393-LeaderElection83] INFO  server.RaftServerConfigKeys (ConfUtils.java:logGet(43)) - raft.server.log.appender.install.snapshot.enabled = false (custom)
2019-10-04 06:13:25,009 [b0c93557-f206-49b3-b845-27ddea8ebda5@group-7B63199FC393-LeaderElection83] INFO  impl.RoleInfo (RoleInfo.java:updateAndGet(143)) - b0c93557-f206-49b3-b845-27ddea8ebda5: start LeaderState
2019-10-04 06:13:25,010 [b0c93557-f206-49b3-b845-27ddea8ebda5@group-7B63199FC393-LeaderElection83] INFO  segmented.SegmentedRaftLogWorker (SegmentedRaftLogWorker.java:startLogSegment(385)) - b0c93557-f206-49b3-b845-27ddea8ebda5@group-7B63199FC393-SegmentedRaftLogWorker: Starting segment from index:0
2019-10-04 06:13:25,010 [b0c93557-f206-49b3-b845-27ddea8ebda5@group-7B63199FC393-LeaderElection83] INFO  impl.RaftServerImpl (ServerState.java:setRaftConf(356)) - b0c93557-f206-49b3-b845-27ddea8ebda5@group-7B63199FC393: set configuration 0: [29be59ed-680c-458c-aec9-68f2979afc9a:192.168.151.69:33636, b0c93557-f206-49b3-b845-27ddea8ebda5:192.168.151.69:42370, d50021de-ef3c-4ba4-9a1f-74e99ee73c0d:192.168.151.69:41884], old=null at 0
2019-10-04 06:13:25,037 [6a20f4ed-c225-463e-b5f9-99b45118de41@group-6C1451212453-LeaderElection85] INFO  impl.LeaderElection (LeaderElection.java:askForVotes(178)) - 6a20f4ed-c225-463e-b5f9-99b45118de41@group-6C1451212453-LeaderElection85: begin an election at term 1 for -1: [6a20f4ed-c225-463e-b5f9-99b45118de41:192.168.151.69:34648], old=null
2019-10-04 06:13:25,037 [6a20f4ed-c225-463e-b5f9-99b45118de41@group-6C1451212453-LeaderElection85] INFO  impl.RoleInfo (RoleInfo.java:shutdownLeaderElection(134)) - 6a20f4ed-c225-463e-b5f9-99b45118de41: shutdown LeaderElection
2019-10-04 06:13:25,038 [6a20f4ed-c225-463e-b5f9-99b45118de41@group-6C1451212453-LeaderElection85] INFO  impl.RaftServerImpl (RaftServerImpl.java:setRole(170)) - 6a20f4ed-c225-463e-b5f9-99b45118de41@group-6C1451212453: changes role from CANDIDATE to LEADER at term 1 for changeToLeader
2019-10-04 06:13:25,038 [6a20f4ed-c225-463e-b5f9-99b45118de41@group-6C1451212453-LeaderElection85] INFO  impl.RaftServerImpl (ServerState.java:setLeader(255)) - 6a20f4ed-c225-463e-b5f9-99b45118de41@group-6C1451212453: change Leader from null to 6a20f4ed-c225-463e-b5f9-99b45118de41 at term 1 for becomeLeader, leader elected after 5135ms
2019-10-04 06:13:25,038 [6a20f4ed-c225-463e-b5f9-99b45118de41@group-6C1451212453-LeaderElection85] INFO  server.RaftServerConfigKeys (ConfUtils.java:logGet(43)) - raft.server.staging.catchup.gap = 1000 (default)
2019-10-04 06:13:25,038 [6a20f4ed-c225-463e-b5f9-99b45118de41@group-6C1451212453-LeaderElection85] INFO  server.RaftServerConfigKeys (ConfUtils.java:logGet(43)) - raft.server.rpc.sleep.time = 25ms (default)
2019-10-04 06:13:25,038 [grpc-default-executor-8] INFO  impl.RaftServerImpl (ServerState.java:setLeader(255)) - 29be59ed-680c-458c-aec9-68f2979afc9a@group-7B63199FC393: change Leader from null to b0c93557-f206-49b3-b845-27ddea8ebda5 at term 1 for appendEntries, leader elected after 5251ms
2019-10-04 06:13:25,038 [grpc-default-executor-0] INFO  impl.RaftServerImpl (ServerState.java:setLeader(255)) - d50021de-ef3c-4ba4-9a1f-74e99ee73c0d@group-7B63199FC393: change Leader from null to b0c93557-f206-49b3-b845-27ddea8ebda5 at term 1 for appendEntries, leader elected after 5251ms
2019-10-04 06:13:25,038 [6a20f4ed-c225-463e-b5f9-99b45118de41@group-6C1451212453-LeaderElection85] INFO  server.RaftServerConfigKeys (ConfUtils.java:logGet(43)) - raft.server.write.element-limit = 4096 (default)
2019-10-04 06:13:25,039 [6a20f4ed-c225-463e-b5f9-99b45118de41@group-6C1451212453-LeaderElection85] INFO  server.RaftServerConfigKeys (ConfUtils.java:logGet(43)) - raft.server.watch.timeout = 10s (default)
2019-10-04 06:13:25,039 [6a20f4ed-c225-463e-b5f9-99b45118de41@group-6C1451212453-LeaderElection85] INFO  server.RaftServerConfigKeys (ConfUtils.java:logGet(43)) - raft.server.watch.timeout.denomination = 1s (default)
2019-10-04 06:13:25,039 [6a20f4ed-c225-463e-b5f9-99b45118de41@group-6C1451212453-LeaderElection85] INFO  server.RaftServerConfigKeys (ConfUtils.java:logGet(43)) - raft.server.watch.element-limit = 65536 (default)
2019-10-04 06:13:25,041 [6a20f4ed-c225-463e-b5f9-99b45118de41@group-6C1451212453-LeaderElection85] INFO  impl.RoleInfo (RoleInfo.java:updateAndGet(143)) - 6a20f4ed-c225-463e-b5f9-99b45118de41: start LeaderState
2019-10-04 06:13:25,041 [grpc-default-executor-0] INFO  impl.RaftServerImpl (ServerState.java:setRaftConf(356)) - 29be59ed-680c-458c-aec9-68f2979afc9a@group-7B63199FC393: set configuration 0: [29be59ed-680c-458c-aec9-68f2979afc9a:192.168.151.69:33636, b0c93557-f206-49b3-b845-27ddea8ebda5:192.168.151.69:42370, d50021de-ef3c-4ba4-9a1f-74e99ee73c0d:192.168.151.69:41884], old=null at 0
2019-10-04 06:13:25,041 [grpc-default-executor-8] INFO  impl.RaftServerImpl (ServerState.java:setRaftConf(356)) - d50021de-ef3c-4ba4-9a1f-74e99ee73c0d@group-7B63199FC393: set configuration 0: [29be59ed-680c-458c-aec9-68f2979afc9a:192.168.151.69:33636, b0c93557-f206-49b3-b845-27ddea8ebda5:192.168.151.69:42370, d50021de-ef3c-4ba4-9a1f-74e99ee73c0d:192.168.151.69:41884], old=null at 0
2019-10-04 06:13:25,041 [grpc-default-executor-0] INFO  segmented.SegmentedRaftLogWorker (SegmentedRaftLogWorker.java:startLogSegment(385)) - 29be59ed-680c-458c-aec9-68f2979afc9a@group-7B63199FC393-SegmentedRaftLogWorker: Starting segment from index:0
2019-10-04 06:13:25,041 [6a20f4ed-c225-463e-b5f9-99b45118de41@group-6C1451212453-LeaderElection85] INFO  segmented.SegmentedRaftLogWorker (SegmentedRaftLogWorker.java:startLogSegment(385)) - 6a20f4ed-c225-463e-b5f9-99b45118de41@group-6C1451212453-SegmentedRaftLogWorker: Starting segment from index:0
2019-10-04 06:13:25,041 [grpc-default-executor-8] INFO  segmented.SegmentedRaftLogWorker (SegmentedRaftLogWorker.java:startLogSegment(385)) - d50021de-ef3c-4ba4-9a1f-74e99ee73c0d@group-7B63199FC393-SegmentedRaftLogWorker: Starting segment from index:0
2019-10-04 06:13:25,042 [6a20f4ed-c225-463e-b5f9-99b45118de41@group-6C1451212453-LeaderElection85] INFO  impl.RaftServerImpl (ServerState.java:setRaftConf(356)) - 6a20f4ed-c225-463e-b5f9-99b45118de41@group-6C1451212453: set configuration 0: [6a20f4ed-c225-463e-b5f9-99b45118de41:192.168.151.69:34648], old=null at 0
2019-10-04 06:13:25,050 [b0c93557-f206-49b3-b845-27ddea8ebda5@group-7B63199FC393-SegmentedRaftLogWorker] INFO  segmented.SegmentedRaftLogWorker (SegmentedRaftLogWorker.java:execute(574)) - b0c93557-f206-49b3-b845-27ddea8ebda5@group-7B63199FC393-SegmentedRaftLogWorker: created new log segment /workdir/hadoop-ozone/integration-test/target/test-dir/MiniOzoneClusterImpl-f2c63e22-5472-4ef8-9a63-56aaf7805485/datanode-1/data/ratis/f4adb192-49a1-46c5-befe-7b63199fc393/current/log_inprogress_0
2019-10-04 06:13:25,064 [Thread-3829] INFO  impl.FollowerState (FollowerState.java:run(108)) - 7f208f9a-7048-44ea-b109-f6ce9127d734@group-58CBFEB64A90-FollowerState: change to CANDIDATE, lastRpcTime:5101ms, electionTimeout:5089ms
2019-10-04 06:13:25,065 [Thread-3829] INFO  impl.RoleInfo (RoleInfo.java:shutdownFollowerState(121)) - 7f208f9a-7048-44ea-b109-f6ce9127d734: shutdown FollowerState
2019-10-04 06:13:25,065 [Thread-3829] INFO  impl.RaftServerImpl (RaftServerImpl.java:setRole(170)) - 7f208f9a-7048-44ea-b109-f6ce9127d734@group-58CBFEB64A90: changes role from  FOLLOWER to CANDIDATE at term 0 for changeToCandidate
2019-10-04 06:13:25,065 [Thread-3829] INFO  impl.RoleInfo (RoleInfo.java:updateAndGet(143)) - 7f208f9a-7048-44ea-b109-f6ce9127d734: start LeaderElection
2019-10-04 06:13:25,118 [29be59ed-680c-458c-aec9-68f2979afc9a@group-7B63199FC393-SegmentedRaftLogWorker] INFO  segmented.SegmentedRaftLogWorker (SegmentedRaftLogWorker.java:execute(574)) - 29be59ed-680c-458c-aec9-68f2979afc9a@group-7B63199FC393-SegmentedRaftLogWorker: created new log segment /workdir/hadoop-ozone/integration-test/target/test-dir/MiniOzoneClusterImpl-f2c63e22-5472-4ef8-9a63-56aaf7805485/datanode-0/data/ratis/f4adb192-49a1-46c5-befe-7b63199fc393/current/log_inprogress_0
2019-10-04 06:13:25,118 [7f208f9a-7048-44ea-b109-f6ce9127d734@group-58CBFEB64A90-LeaderElection86] INFO  impl.LeaderElection (LeaderElection.java:askForVotes(178)) - 7f208f9a-7048-44ea-b109-f6ce9127d734@group-58CBFEB64A90-LeaderElection86: begin an election at term 1 for -1: [7f208f9a-7048-44ea-b109-f6ce9127d734:192.168.151.69:44686], old=null
2019-10-04 06:13:25,118 [d50021de-ef3c-4ba4-9a1f-74e99ee73c0d@group-7B63199FC393-SegmentedRaftLogWorker] INFO  segmented.SegmentedRaftLogWorker (SegmentedRaftLogWorker.java:execute(574)) - d50021de-ef3c-4ba4-9a1f-74e99ee73c0d@group-7B63199FC393-SegmentedRaftLogWorker: created new log segment /workdir/hadoop-ozone/integration-test/target/test-dir/MiniOzoneClusterImpl-f2c63e22-5472-4ef8-9a63-56aaf7805485/datanode-2/data/ratis/f4adb192-49a1-46c5-befe-7b63199fc393/current/log_inprogress_0
2019-10-04 06:13:25,118 [6a20f4ed-c225-463e-b5f9-99b45118de41@group-6C1451212453-SegmentedRaftLogWorker] INFO  segmented.SegmentedRaftLogWorker (SegmentedRaftLogWorker.java:execute(574)) - 6a20f4ed-c225-463e-b5f9-99b45118de41@group-6C1451212453-SegmentedRaftLogWorker: created new log segment /workdir/hadoop-ozone/integration-test/target/test-dir/MiniOzoneClusterImpl-f2c63e22-5472-4ef8-9a63-56aaf7805485/datanode-4/data/ratis/2456b470-9c31-492e-95c1-6c1451212453/current/log_inprogress_0
2019-10-04 06:13:25,118 [7f208f9a-7048-44ea-b109-f6ce9127d734@group-58CBFEB64A90-LeaderElection86] INFO  impl.RoleInfo (RoleInfo.java:shutdownLeaderElection(134)) - 7f208f9a-7048-44ea-b109-f6ce9127d734: shutdown LeaderElection
2019-10-04 06:13:25,118 [7f208f9a-7048-44ea-b109-f6ce9127d734@group-58CBFEB64A90-LeaderElection86] INFO  impl.RaftServerImpl (RaftServerImpl.java:setRole(170)) - 7f208f9a-7048-44ea-b109-f6ce9127d734@group-58CBFEB64A90: changes role from CANDIDATE to LEADER at term 1 for changeToLeader
2019-10-04 06:13:25,118 [7f208f9a-7048-44ea-b109-f6ce9127d734@group-58CBFEB64A90-LeaderElection86] INFO  impl.RaftServerImpl (ServerState.java:setLeader(255)) - 7f208f9a-7048-44ea-b109-f6ce9127d734@group-58CBFEB64A90: change Leader from null to 7f208f9a-7048-44ea-b109-f6ce9127d734 at term 1 for becomeLeader, leader elected after 5161ms
2019-10-04 06:13:25,118 [7f208f9a-7048-44ea-b109-f6ce9127d734@group-58CBFEB64A90-LeaderElection86] INFO  server.RaftServerConfigKeys (ConfUtils.java:logGet(43)) - raft.server.staging.catchup.gap = 1000 (default)
2019-10-04 06:13:25,118 [7f208f9a-7048-44ea-b109-f6ce9127d734@group-58CBFEB64A90-LeaderElection86] INFO  server.RaftServerConfigKeys (ConfUtils.java:logGet(43)) - raft.server.rpc.sleep.time = 25ms (default)
2019-10-04 06:13:25,119 [7f208f9a-7048-44ea-b109-f6ce9127d734@group-58CBFEB64A90-LeaderElection86] INFO  server.RaftServerConfigKeys (ConfUtils.java:logGet(43)) - raft.server.write.element-limit = 4096 (default)
2019-10-04 06:13:25,119 [7f208f9a-7048-44ea-b109-f6ce9127d734@group-58CBFEB64A90-LeaderElection86] INFO  server.RaftServerConfigKeys (ConfUtils.java:logGet(43)) - raft.server.watch.timeout = 10s (default)
2019-10-04 06:13:25,119 [7f208f9a-7048-44ea-b109-f6ce9127d734@group-58CBFEB64A90-LeaderElection86] INFO  server.RaftServerConfigKeys (ConfUtils.java:logGet(43)) - raft.server.watch.timeout.denomination = 1s (default)
2019-10-04 06:13:25,119 [7f208f9a-7048-44ea-b109-f6ce9127d734@group-58CBFEB64A90-LeaderElection86] INFO  server.RaftServerConfigKeys (ConfUtils.java:logGet(43)) - raft.server.watch.element-limit = 65536 (default)
2019-10-04 06:13:25,121 [7f208f9a-7048-44ea-b109-f6ce9127d734@group-58CBFEB64A90-LeaderElection86] INFO  impl.RoleInfo (RoleInfo.java:updateAndGet(143)) - 7f208f9a-7048-44ea-b109-f6ce9127d734: start LeaderState
2019-10-04 06:13:25,121 [7f208f9a-7048-44ea-b109-f6ce9127d734@group-58CBFEB64A90-LeaderElection86] INFO  segmented.SegmentedRaftLogWorker (SegmentedRaftLogWorker.java:startLogSegment(385)) - 7f208f9a-7048-44ea-b109-f6ce9127d734@group-58CBFEB64A90-SegmentedRaftLogWorker: Starting segment from index:0
2019-10-04 06:13:25,121 [7f208f9a-7048-44ea-b109-f6ce9127d734@group-58CBFEB64A90-LeaderElection86] INFO  impl.RaftServerImpl (ServerState.java:setRaftConf(356)) - 7f208f9a-7048-44ea-b109-f6ce9127d734@group-58CBFEB64A90: set configuration 0: [7f208f9a-7048-44ea-b109-f6ce9127d734:192.168.151.69:44686], old=null at 0
2019-10-04 06:13:25,154 [Thread-3832] INFO  impl.FollowerState (FollowerState.java:run(108)) - 0a895fe0-e95b-44b0-88a5-40095369d54c@group-C1CC77A2A0E0-FollowerState: change to CANDIDATE, lastRpcTime:5119ms, electionTimeout:5115ms
2019-10-04 06:13:25,154 [Thread-3832] INFO  impl.RoleInfo (RoleInfo.java:shutdownFollowerState(121)) - 0a895fe0-e95b-44b0-88a5-40095369d54c: shutdown FollowerState
2019-10-04 06:13:25,154 [Thread-3832] INFO  impl.RaftServerImpl (RaftServerImpl.java:setRole(170)) - 0a895fe0-e95b-44b0-88a5-40095369d54c@group-C1CC77A2A0E0: changes role from  FOLLOWER to CANDIDATE at term 0 for changeToCandidate
2019-10-04 06:13:25,154 [Thread-3832] INFO  impl.RoleInfo (RoleInfo.java:updateAndGet(143)) - 0a895fe0-e95b-44b0-88a5-40095369d54c: start LeaderElection
2019-10-04 06:13:25,161 [Thread-3835] INFO  impl.FollowerState (FollowerState.java:run(108)) - 32efdfc3-f14c-4bda-808a-470d99a3fb0e@group-072A6C31ABF1-FollowerState: change to CANDIDATE, lastRpcTime:5066ms, electionTimeout:5066ms
2019-10-04 06:13:25,161 [Thread-3835] INFO  impl.RoleInfo (RoleInfo.java:shutdownFollowerState(121)) - 32efdfc3-f14c-4bda-808a-470d99a3fb0e: shutdown FollowerState
2019-10-04 06:13:25,161 [Thread-3835] INFO  impl.RaftServerImpl (RaftServerImpl.java:setRole(170)) - 32efdfc3-f14c-4bda-808a-470d99a3fb0e@group-072A6C31ABF1: changes role from  FOLLOWER to CANDIDATE at term 0 for changeToCandidate
2019-10-04 06:13:25,161 [Thread-3835] INFO  impl.RoleInfo (RoleInfo.java:updateAndGet(143)) - 32efdfc3-f14c-4bda-808a-470d99a3fb0e: start LeaderElection
2019-10-04 06:13:25,167 [7f208f9a-7048-44ea-b109-f6ce9127d734@group-58CBFEB64A90-SegmentedRaftLogWorker] INFO  segmented.SegmentedRaftLogWorker (SegmentedRaftLogWorker.java:execute(574)) - 7f208f9a-7048-44ea-b109-f6ce9127d734@group-58CBFEB64A90-SegmentedRaftLogWorker: created new log segment /workdir/hadoop-ozone/integration-test/target/test-dir/MiniOzoneClusterImpl-f2c63e22-5472-4ef8-9a63-56aaf7805485/datanode-3/data/ratis/52ff2bcc-71c3-4159-a9fb-58cbfeb64a90/current/log_inprogress_0
2019-10-04 06:13:25,167 [0a895fe0-e95b-44b0-88a5-40095369d54c@group-C1CC77A2A0E0-LeaderElection87] INFO  impl.LeaderElection (LeaderElection.java:askForVotes(178)) - 0a895fe0-e95b-44b0-88a5-40095369d54c@group-C1CC77A2A0E0-LeaderElection87: begin an election at term 1 for -1: [0a895fe0-e95b-44b0-88a5-40095369d54c:192.168.151.69:42576], old=null
2019-10-04 06:13:25,167 [32efdfc3-f14c-4bda-808a-470d99a3fb0e@group-072A6C31ABF1-LeaderElection88] INFO  impl.LeaderElection (LeaderElection.java:askForVotes(178)) - 32efdfc3-f14c-4bda-808a-470d99a3fb0e@group-072A6C31ABF1-LeaderElection88: begin an election at term 1 for -1: [32efdfc3-f14c-4bda-808a-470d99a3fb0e:192.168.151.69:37395], old=null
2019-10-04 06:13:25,167 [0a895fe0-e95b-44b0-88a5-40095369d54c@group-C1CC77A2A0E0-LeaderElection87] INFO  impl.RoleInfo (RoleInfo.java:shutdownLeaderElection(134)) - 0a895fe0-e95b-44b0-88a5-40095369d54c: shutdown LeaderElection
2019-10-04 06:13:25,167 [32efdfc3-f14c-4bda-808a-470d99a3fb0e@group-072A6C31ABF1-LeaderElection88] INFO  impl.RoleInfo (RoleInfo.java:shutdownLeaderElection(134)) - 32efdfc3-f14c-4bda-808a-470d99a3fb0e: shutdown LeaderElection
2019-10-04 06:13:25,167 [0a895fe0-e95b-44b0-88a5-40095369d54c@group-C1CC77A2A0E0-LeaderElection87] INFO  impl.RaftServerImpl (RaftServerImpl.java:setRole(170)) - 0a895fe0-e95b-44b0-88a5-40095369d54c@group-C1CC77A2A0E0: changes role from CANDIDATE to LEADER at term 1 for changeToLeader
2019-10-04 06:13:25,168 [32efdfc3-f14c-4bda-808a-470d99a3fb0e@group-072A6C31ABF1-LeaderElection88] INFO  impl.RaftServerImpl (RaftServerImpl.java:setRole(170)) - 32efdfc3-f14c-4bda-808a-470d99a3fb0e@group-072A6C31ABF1: changes role from CANDIDATE to LEADER at term 1 for changeToLeader
2019-10-04 06:13:25,168 [0a895fe0-e95b-44b0-88a5-40095369d54c@group-C1CC77A2A0E0-LeaderElection87] INFO  impl.RaftServerImpl (ServerState.java:setLeader(255)) - 0a895fe0-e95b-44b0-88a5-40095369d54c@group-C1CC77A2A0E0: change Leader from null to 0a895fe0-e95b-44b0-88a5-40095369d54c at term 1 for becomeLeader, leader elected after 5139ms
2019-10-04 06:13:25,168 [32efdfc3-f14c-4bda-808a-470d99a3fb0e@group-072A6C31ABF1-LeaderElection88] INFO  impl.RaftServerImpl (ServerState.java:setLeader(255)) - 32efdfc3-f14c-4bda-808a-470d99a3fb0e@group-072A6C31ABF1: change Leader from null to 32efdfc3-f14c-4bda-808a-470d99a3fb0e at term 1 for becomeLeader, leader elected after 5079ms
2019-10-04 06:13:25,168 [0a895fe0-e95b-44b0-88a5-40095369d54c@group-C1CC77A2A0E0-LeaderElection87] INFO  server.RaftServerConfigKeys (ConfUtils.java:logGet(43)) - raft.server.staging.catchup.gap = 1000 (default)
2019-10-04 06:13:25,168 [32efdfc3-f14c-4bda-808a-470d99a3fb0e@group-072A6C31ABF1-LeaderElection88] INFO  server.RaftServerConfigKeys (ConfUtils.java:logGet(43)) - raft.server.staging.catchup.gap = 1000 (default)
2019-10-04 06:13:25,168 [0a895fe0-e95b-44b0-88a5-40095369d54c@group-C1CC77A2A0E0-LeaderElection87] INFO  server.RaftServerConfigKeys (ConfUtils.java:logGet(43)) - raft.server.rpc.sleep.time = 25ms (default)
2019-10-04 06:13:25,168 [32efdfc3-f14c-4bda-808a-470d99a3fb0e@group-072A6C31ABF1-LeaderElection88] INFO  server.RaftServerConfigKeys (ConfUtils.java:logGet(43)) - raft.server.rpc.sleep.time = 25ms (default)
2019-10-04 06:13:25,169 [0a895fe0-e95b-44b0-88a5-40095369d54c@group-C1CC77A2A0E0-LeaderElection87] INFO  server.RaftServerConfigKeys (ConfUtils.java:logGet(43)) - raft.server.write.element-limit = 4096 (default)
2019-10-04 06:13:25,169 [32efdfc3-f14c-4bda-808a-470d99a3fb0e@group-072A6C31ABF1-LeaderElection88] INFO  server.RaftServerConfigKeys (ConfUtils.java:logGet(43)) - raft.server.write.element-limit = 4096 (default)
2019-10-04 06:13:25,169 [0a895fe0-e95b-44b0-88a5-40095369d54c@group-C1CC77A2A0E0-LeaderElection87] INFO  server.RaftServerConfigKeys (ConfUtils.java:logGet(43)) - raft.server.watch.timeout = 10s (default)
2019-10-04 06:13:25,169 [32efdfc3-f14c-4bda-808a-470d99a3fb0e@group-072A6C31ABF1-LeaderElection88] INFO  server.RaftServerConfigKeys (ConfUtils.java:logGet(43)) - raft.server.watch.timeout = 10s (default)
2019-10-04 06:13:25,169 [0a895fe0-e95b-44b0-88a5-40095369d54c@group-C1CC77A2A0E0-LeaderElection87] INFO  server.RaftServerConfigKeys (ConfUtils.java:logGet(43)) - raft.server.watch.timeout.denomination = 1s (default)
2019-10-04 06:13:25,169 [32efdfc3-f14c-4bda-808a-470d99a3fb0e@group-072A6C31ABF1-LeaderElection88] INFO  server.RaftServerConfigKeys (ConfUtils.java:logGet(43)) - raft.server.watch.timeout.denomination = 1s (default)
2019-10-04 06:13:25,169 [0a895fe0-e95b-44b0-88a5-40095369d54c@group-C1CC77A2A0E0-LeaderElection87] INFO  server.RaftServerConfigKeys (ConfUtils.java:logGet(43)) - raft.server.watch.element-limit = 65536 (default)
2019-10-04 06:13:25,169 [32efdfc3-f14c-4bda-808a-470d99a3fb0e@group-072A6C31ABF1-LeaderElection88] INFO  server.RaftServerConfigKeys (ConfUtils.java:logGet(43)) - raft.server.watch.element-limit = 65536 (default)
2019-10-04 06:13:25,172 [0a895fe0-e95b-44b0-88a5-40095369d54c@group-C1CC77A2A0E0-LeaderElection87] INFO  impl.RoleInfo (RoleInfo.java:updateAndGet(143)) - 0a895fe0-e95b-44b0-88a5-40095369d54c: start LeaderState
2019-10-04 06:13:25,172 [0a895fe0-e95b-44b0-88a5-40095369d54c@group-C1CC77A2A0E0-LeaderElection87] INFO  segmented.SegmentedRaftLogWorker (SegmentedRaftLogWorker.java:startLogSegment(385)) - 0a895fe0-e95b-44b0-88a5-40095369d54c@group-C1CC77A2A0E0-SegmentedRaftLogWorker: Starting segment from index:0
2019-10-04 06:13:25,173 [32efdfc3-f14c-4bda-808a-470d99a3fb0e@group-072A6C31ABF1-LeaderElection88] INFO  impl.RoleInfo (RoleInfo.java:updateAndGet(143)) - 32efdfc3-f14c-4bda-808a-470d99a3fb0e: start LeaderState
2019-10-04 06:13:25,173 [0a895fe0-e95b-44b0-88a5-40095369d54c@group-C1CC77A2A0E0-LeaderElection87] INFO  impl.RaftServerImpl (ServerState.java:setRaftConf(356)) - 0a895fe0-e95b-44b0-88a5-40095369d54c@group-C1CC77A2A0E0: set configuration 0: [0a895fe0-e95b-44b0-88a5-40095369d54c:192.168.151.69:42576], old=null at 0
2019-10-04 06:13:25,173 [32efdfc3-f14c-4bda-808a-470d99a3fb0e@group-072A6C31ABF1-LeaderElection88] INFO  segmented.SegmentedRaftLogWorker (SegmentedRaftLogWorker.java:startLogSegment(385)) - 32efdfc3-f14c-4bda-808a-470d99a3fb0e@group-072A6C31ABF1-SegmentedRaftLogWorker: Starting segment from index:0
2019-10-04 06:13:25,176 [Thread-3842] INFO  impl.FollowerState (FollowerState.java:run(108)) - 32efdfc3-f14c-4bda-808a-470d99a3fb0e@group-2E2C1A4E0FAF-FollowerState: change to CANDIDATE, lastRpcTime:5014ms, electionTimeout:5014ms
2019-10-04 06:13:25,176 [Thread-3842] INFO  impl.RoleInfo (RoleInfo.java:shutdownFollowerState(121)) - 32efdfc3-f14c-4bda-808a-470d99a3fb0e: shutdown FollowerState
2019-10-04 06:13:25,177 [Thread-3842] INFO  impl.RaftServerImpl (RaftServerImpl.java:setRole(170)) - 32efdfc3-f14c-4bda-808a-470d99a3fb0e@group-2E2C1A4E0FAF: changes role from  FOLLOWER to CANDIDATE at term 0 for changeToCandidate
2019-10-04 06:13:25,177 [Thread-3842] INFO  impl.RoleInfo (RoleInfo.java:updateAndGet(143)) - 32efdfc3-f14c-4bda-808a-470d99a3fb0e: start LeaderElection
2019-10-04 06:13:25,177 [32efdfc3-f14c-4bda-808a-470d99a3fb0e@group-072A6C31ABF1-LeaderElection88] INFO  impl.RaftServerImpl (ServerState.java:setRaftConf(356)) - 32efdfc3-f14c-4bda-808a-470d99a3fb0e@group-072A6C31ABF1: set configuration 0: [32efdfc3-f14c-4bda-808a-470d99a3fb0e:192.168.151.69:37395], old=null at 0
2019-10-04 06:13:25,222 [Thread-3843] INFO  impl.FollowerState (FollowerState.java:run(108)) - 6a20f4ed-c225-463e-b5f9-99b45118de41@group-2E2C1A4E0FAF-FollowerState: change to CANDIDATE, lastRpcTime:5060ms, electionTimeout:5039ms
2019-10-04 06:13:25,222 [Thread-3838] INFO  impl.FollowerState (FollowerState.java:run(108)) - 0a895fe0-e95b-44b0-88a5-40095369d54c@group-2E2C1A4E0FAF-FollowerState: change to CANDIDATE, lastRpcTime:5065ms, electionTimeout:5028ms
2019-10-04 06:13:25,222 [Thread-3843] INFO  impl.RoleInfo (RoleInfo.java:shutdownFollowerState(121)) - 6a20f4ed-c225-463e-b5f9-99b45118de41: shutdown FollowerState
2019-10-04 06:13:25,223 [Thread-3843] INFO  impl.RaftServerImpl (RaftServerImpl.java:setRole(170)) - 6a20f4ed-c225-463e-b5f9-99b45118de41@group-2E2C1A4E0FAF: changes role from  FOLLOWER to CANDIDATE at term 0 for changeToCandidate
2019-10-04 06:13:25,223 [Thread-3838] INFO  impl.RoleInfo (RoleInfo.java:shutdownFollowerState(121)) - 0a895fe0-e95b-44b0-88a5-40095369d54c: shutdown FollowerState
2019-10-04 06:13:25,226 [Thread-3843] INFO  impl.RoleInfo (RoleInfo.java:updateAndGet(143)) - 6a20f4ed-c225-463e-b5f9-99b45118de41: start LeaderElection
2019-10-04 06:13:25,226 [Thread-3838] INFO  impl.RaftServerImpl (RaftServerImpl.java:setRole(170)) - 0a895fe0-e95b-44b0-88a5-40095369d54c@group-2E2C1A4E0FAF: changes role from  FOLLOWER to CANDIDATE at term 0 for changeToCandidate
2019-10-04 06:13:25,227 [Thread-3838] INFO  impl.RoleInfo (RoleInfo.java:updateAndGet(143)) - 0a895fe0-e95b-44b0-88a5-40095369d54c: start LeaderElection
2019-10-04 06:13:25,236 [0a895fe0-e95b-44b0-88a5-40095369d54c@group-C1CC77A2A0E0-SegmentedRaftLogWorker] INFO  segmented.SegmentedRaftLogWorker (SegmentedRaftLogWorker.java:execute(574)) - 0a895fe0-e95b-44b0-88a5-40095369d54c@group-C1CC77A2A0E0-SegmentedRaftLogWorker: created new log segment /workdir/hadoop-ozone/integration-test/target/test-dir/MiniOzoneClusterImpl-f2c63e22-5472-4ef8-9a63-56aaf7805485/datanode-5/data/ratis/391fb51a-ab4c-431e-91dc-c1cc77a2a0e0/current/log_inprogress_0
2019-10-04 06:13:25,236 [32efdfc3-f14c-4bda-808a-470d99a3fb0e@group-072A6C31ABF1-SegmentedRaftLogWorker] INFO  segmented.SegmentedRaftLogWorker (SegmentedRaftLogWorker.java:execute(574)) - 32efdfc3-f14c-4bda-808a-470d99a3fb0e@group-072A6C31ABF1-SegmentedRaftLogWorker: created new log segment /workdir/hadoop-ozone/integration-test/target/test-dir/MiniOzoneClusterImpl-f2c63e22-5472-4ef8-9a63-56aaf7805485/datanode-6/data/ratis/35000770-9e93-42a6-945b-072a6c31abf1/current/log_inprogress_0
2019-10-04 06:13:25,236 [6a20f4ed-c225-463e-b5f9-99b45118de41@group-2E2C1A4E0FAF-LeaderElection90] INFO  impl.LeaderElection (LeaderElection.java:askForVotes(178)) - 6a20f4ed-c225-463e-b5f9-99b45118de41@group-2E2C1A4E0FAF-LeaderElection90: begin an election at term 1 for -1: [6a20f4ed-c225-463e-b5f9-99b45118de41:192.168.151.69:34648, 32efdfc3-f14c-4bda-808a-470d99a3fb0e:192.168.151.69:37395, 0a895fe0-e95b-44b0-88a5-40095369d54c:192.168.151.69:42576], old=null
2019-10-04 06:13:25,246 [0a895fe0-e95b-44b0-88a5-40095369d54c@group-2E2C1A4E0FAF-LeaderElection91] INFO  impl.LeaderElection (LeaderElection.java:askForVotes(178)) - 0a895fe0-e95b-44b0-88a5-40095369d54c@group-2E2C1A4E0FAF-LeaderElection91: begin an election at term 1 for -1: [6a20f4ed-c225-463e-b5f9-99b45118de41:192.168.151.69:34648, 32efdfc3-f14c-4bda-808a-470d99a3fb0e:192.168.151.69:37395, 0a895fe0-e95b-44b0-88a5-40095369d54c:192.168.151.69:42576], old=null
2019-10-04 06:13:25,246 [32efdfc3-f14c-4bda-808a-470d99a3fb0e@group-2E2C1A4E0FAF-LeaderElection89] INFO  impl.LeaderElection (LeaderElection.java:askForVotes(178)) - 32efdfc3-f14c-4bda-808a-470d99a3fb0e@group-2E2C1A4E0FAF-LeaderElection89: begin an election at term 1 for -1: [6a20f4ed-c225-463e-b5f9-99b45118de41:192.168.151.69:34648, 32efdfc3-f14c-4bda-808a-470d99a3fb0e:192.168.151.69:37395, 0a895fe0-e95b-44b0-88a5-40095369d54c:192.168.151.69:42576], old=null
2019-10-04 06:13:25,258 [6a20f4ed-c225-463e-b5f9-99b45118de41@group-2E2C1A4E0FAF-LeaderElection90] INFO  impl.LeaderElection (LeaderElection.java:logAndReturn(56)) - 6a20f4ed-c225-463e-b5f9-99b45118de41@group-2E2C1A4E0FAF-LeaderElection90: Election REJECTED; received 2 response(s) [6a20f4ed-c225-463e-b5f9-99b45118de41<-32efdfc3-f14c-4bda-808a-470d99a3fb0e#0:FAIL-t1, 6a20f4ed-c225-463e-b5f9-99b45118de41<-0a895fe0-e95b-44b0-88a5-40095369d54c#0:FAIL-t1] and 0 exception(s); 6a20f4ed-c225-463e-b5f9-99b45118de41@group-2E2C1A4E0FAF:t1, leader=null, voted=6a20f4ed-c225-463e-b5f9-99b45118de41, raftlog=6a20f4ed-c225-463e-b5f9-99b45118de41@group-2E2C1A4E0FAF-SegmentedRaftLog:OPENED:c-1,f-1,i0, conf=-1: [6a20f4ed-c225-463e-b5f9-99b45118de41:192.168.151.69:34648, 32efdfc3-f14c-4bda-808a-470d99a3fb0e:192.168.151.69:37395, 0a895fe0-e95b-44b0-88a5-40095369d54c:192.168.151.69:42576], old=null
2019-10-04 06:13:25,259 [6a20f4ed-c225-463e-b5f9-99b45118de41@group-2E2C1A4E0FAF-LeaderElection90] INFO  impl.RaftServerImpl (RaftServerImpl.java:setRole(170)) - 6a20f4ed-c225-463e-b5f9-99b45118de41@group-2E2C1A4E0FAF: changes role from CANDIDATE to FOLLOWER at term 1 for DISCOVERED_A_NEW_TERM
2019-10-04 06:13:25,259 [6a20f4ed-c225-463e-b5f9-99b45118de41@group-2E2C1A4E0FAF-LeaderElection90] INFO  impl.RoleInfo (RoleInfo.java:shutdownLeaderElection(134)) - 6a20f4ed-c225-463e-b5f9-99b45118de41: shutdown LeaderElection
2019-10-04 06:13:25,259 [6a20f4ed-c225-463e-b5f9-99b45118de41@group-2E2C1A4E0FAF-LeaderElection90] INFO  impl.RoleInfo (RoleInfo.java:updateAndGet(143)) - 6a20f4ed-c225-463e-b5f9-99b45118de41: start FollowerState
2019-10-04 06:13:25,264 [0a895fe0-e95b-44b0-88a5-40095369d54c@group-2E2C1A4E0FAF-LeaderElection91] INFO  impl.LeaderElection (LeaderElection.java:logAndReturn(56)) - 0a895fe0-e95b-44b0-88a5-40095369d54c@group-2E2C1A4E0FAF-LeaderElection91: Election REJECTED; received 2 response(s) [0a895fe0-e95b-44b0-88a5-40095369d54c<-6a20f4ed-c225-463e-b5f9-99b45118de41#0:FAIL-t1, 0a895fe0-e95b-44b0-88a5-40095369d54c<-32efdfc3-f14c-4bda-808a-470d99a3fb0e#0:FAIL-t1] and 0 exception(s); 0a895fe0-e95b-44b0-88a5-40095369d54c@group-2E2C1A4E0FAF:t1, leader=null, voted=0a895fe0-e95b-44b0-88a5-40095369d54c, raftlog=0a895fe0-e95b-44b0-88a5-40095369d54c@group-2E2C1A4E0FAF-SegmentedRaftLog:OPENED:c-1,f-1,i0, conf=-1: [6a20f4ed-c225-463e-b5f9-99b45118de41:192.168.151.69:34648, 32efdfc3-f14c-4bda-808a-470d99a3fb0e:192.168.151.69:37395, 0a895fe0-e95b-44b0-88a5-40095369d54c:192.168.151.69:42576], old=null
2019-10-04 06:13:25,264 [32efdfc3-f14c-4bda-808a-470d99a3fb0e@group-2E2C1A4E0FAF-LeaderElection89] INFO  impl.LeaderElection (LeaderElection.java:logAndReturn(56)) - 32efdfc3-f14c-4bda-808a-470d99a3fb0e@group-2E2C1A4E0FAF-LeaderElection89: Election REJECTED; received 2 response(s) [32efdfc3-f14c-4bda-808a-470d99a3fb0e<-6a20f4ed-c225-463e-b5f9-99b45118de41#0:FAIL-t1, 32efdfc3-f14c-4bda-808a-470d99a3fb0e<-0a895fe0-e95b-44b0-88a5-40095369d54c#0:FAIL-t1] and 0 exception(s); 32efdfc3-f14c-4bda-808a-470d99a3fb0e@group-2E2C1A4E0FAF:t1, leader=null, voted=32efdfc3-f14c-4bda-808a-470d99a3fb0e, raftlog=32efdfc3-f14c-4bda-808a-470d99a3fb0e@group-2E2C1A4E0FAF-SegmentedRaftLog:OPENED:c-1,f-1,i0, conf=-1: [6a20f4ed-c225-463e-b5f9-99b45118de41:192.168.151.69:34648, 32efdfc3-f14c-4bda-808a-470d99a3fb0e:192.168.151.69:37395, 0a895fe0-e95b-44b0-88a5-40095369d54c:192.168.151.69:42576], old=null
2019-10-04 06:13:25,266 [0a895fe0-e95b-44b0-88a5-40095369d54c@group-2E2C1A4E0FAF-LeaderElection91] INFO  impl.RaftServerImpl (RaftServerImpl.java:setRole(170)) - 0a895fe0-e95b-44b0-88a5-40095369d54c@group-2E2C1A4E0FAF: changes role from CANDIDATE to FOLLOWER at term 1 for DISCOVERED_A_NEW_TERM
2019-10-04 06:13:25,269 [0a895fe0-e95b-44b0-88a5-40095369d54c@group-2E2C1A4E0FAF-LeaderElection91] INFO  impl.RoleInfo (RoleInfo.java:shutdownLeaderElection(134)) - 0a895fe0-e95b-44b0-88a5-40095369d54c: shutdown LeaderElection
2019-10-04 06:13:25,269 [0a895fe0-e95b-44b0-88a5-40095369d54c@group-2E2C1A4E0FAF-LeaderElection91] INFO  impl.RoleInfo (RoleInfo.java:updateAndGet(143)) - 0a895fe0-e95b-44b0-88a5-40095369d54c: start FollowerState
2019-10-04 06:13:25,269 [32efdfc3-f14c-4bda-808a-470d99a3fb0e@group-2E2C1A4E0FAF-LeaderElection89] INFO  impl.RaftServerImpl (RaftServerImpl.java:setRole(170)) - 32efdfc3-f14c-4bda-808a-470d99a3fb0e@group-2E2C1A4E0FAF: changes role from CANDIDATE to FOLLOWER at term 1 for DISCOVERED_A_NEW_TERM
2019-10-04 06:13:25,272 [32efdfc3-f14c-4bda-808a-470d99a3fb0e@group-2E2C1A4E0FAF-LeaderElection89] INFO  impl.RoleInfo (RoleInfo.java:shutdownLeaderElection(134)) - 32efdfc3-f14c-4bda-808a-470d99a3fb0e: shutdown LeaderElection
2019-10-04 06:13:25,272 [32efdfc3-f14c-4bda-808a-470d99a3fb0e@group-2E2C1A4E0FAF-LeaderElection89] INFO  impl.RoleInfo (RoleInfo.java:updateAndGet(143)) - 32efdfc3-f14c-4bda-808a-470d99a3fb0e: start FollowerState
2019-10-04 06:13:25,595 [EventQueue-CloseContainerForCloseContainerEventHandler] INFO  container.CloseContainerEventHandler (CloseContainerEventHandler.java:onMessage(61)) - Close container Event triggered for container : #1
2019-10-04 06:13:25,596 [EventQueue-CloseContainerForCloseContainerEventHandler] INFO  container.CloseContainerEventHandler (CloseContainerEventHandler.java:onMessage(61)) - Close container Event triggered for container : #1
2019-10-04 06:13:25,596 [EventQueue-CloseContainerForCloseContainerEventHandler] INFO  container.CloseContainerEventHandler (CloseContainerEventHandler.java:onMessage(61)) - Close container Event triggered for container : #1
2019-10-04 06:13:26,669 [RatisApplyTransactionExecutor 1] INFO  interfaces.Container (KeyValueContainer.java:flushAndSyncDB(386)) - Container 1 is synced with bcsId 13.
2019-10-04 06:13:26,669 [RatisApplyTransactionExecutor 1] INFO  interfaces.Container (KeyValueContainer.java:flushAndSyncDB(386)) - Container 1 is synced with bcsId 13.
2019-10-04 06:13:26,670 [RatisApplyTransactionExecutor 1] INFO  interfaces.Container (KeyValueContainer.java:flushAndSyncDB(386)) - Container 1 is synced with bcsId 13.
2019-10-04 06:13:26,670 [RatisApplyTransactionExecutor 1] INFO  interfaces.Container (KeyValueContainer.java:flushAndSyncDB(386)) - Container 1 is synced with bcsId 13.
2019-10-04 06:13:26,687 [RatisApplyTransactionExecutor 1] INFO  interfaces.Container (KeyValueContainer.java:close(335)) - Container 1 is closed with bcsId 13.
2019-10-04 06:13:26,688 [RatisApplyTransactionExecutor 1] INFO  interfaces.Container (KeyValueContainer.java:flushAndSyncDB(386)) - Container 1 is synced with bcsId 13.
2019-10-04 06:13:26,688 [RatisApplyTransactionExecutor 1] INFO  interfaces.Container (KeyValueContainer.java:close(335)) - Container 1 is closed with bcsId 13.
2019-10-04 06:13:26,688 [RatisApplyTransactionExecutor 1] INFO  interfaces.Container (KeyValueContainer.java:flushAndSyncDB(386)) - Container 1 is synced with bcsId 13.
2019-10-04 06:13:26,688 [EventQueue-IncrementalContainerReportForIncrementalContainerReportHandler] INFO  container.IncrementalContainerReportHandler (AbstractContainerReportHandler.java:updateContainerState(176)) - Moving container #1 to CLOSED state, datanode b0c93557-f206-49b3-b845-27ddea8ebda5{ip: 192.168.151.69, host: trunk-nightly-20191004-lpvmn-70278721, networkLocation: /default-rack, certSerialId: null} reported CLOSED replica.
2019-10-04 06:13:26,702 [RatisApplyTransactionExecutor 1] INFO  interfaces.Container (KeyValueContainer.java:close(335)) - Container 1 is closed with bcsId 13.
06:13:27.097 [grpc-default-executor-8] ERROR DNAudit - user=null | ip=null | op=WRITE_CHUNK {blockData=conID: 1 locID: 102902634977034259 bcsId: 13} | ret=FAILURE
org.apache.hadoop.hdds.scm.container.common.helpers.ContainerNotOpenException: Container 1 in CLOSED state
	at org.apache.hadoop.ozone.container.common.impl.HddsDispatcher.validateContainerCommand(HddsDispatcher.java:434) ~[hadoop-hdds-container-service-0.5.0-SNAPSHOT.jar:?]
	at org.apache.hadoop.ozone.container.common.transport.server.ratis.ContainerStateMachine.startTransaction(ContainerStateMachine.java:319) ~[hadoop-hdds-container-service-0.5.0-SNAPSHOT.jar:?]
	at org.apache.ratis.server.impl.RaftServerImpl.submitClientRequestAsync(RaftServerImpl.java:569) ~[ratis-server-0.5.0-201fc85-SNAPSHOT.jar:0.5.0-201fc85-SNAPSHOT]
	at org.apache.ratis.server.impl.RaftServerProxy.lambda$submitClientRequestAsync$7(RaftServerProxy.java:333) ~[ratis-server-0.5.0-201fc85-SNAPSHOT.jar:0.5.0-201fc85-SNAPSHOT]
	at org.apache.ratis.server.impl.RaftServerProxy.lambda$null$5(RaftServerProxy.java:328) ~[ratis-server-0.5.0-201fc85-SNAPSHOT.jar:0.5.0-201fc85-SNAPSHOT]
	at org.apache.ratis.util.JavaUtils.callAsUnchecked(JavaUtils.java:109) ~[ratis-common-0.5.0-201fc85-SNAPSHOT.jar:0.5.0-201fc85-SNAPSHOT]
	at org.apache.ratis.server.impl.RaftServerProxy.lambda$submitRequest$6(RaftServerProxy.java:328) ~[ratis-server-0.5.0-201fc85-SNAPSHOT.jar:0.5.0-201fc85-SNAPSHOT]
	at java.util.concurrent.CompletableFuture.uniComposeStage(CompletableFuture.java:981) ~[?:1.8.0_212]
	at java.util.concurrent.CompletableFuture.thenCompose(CompletableFuture.java:2124) ~[?:1.8.0_212]
	at org.apache.ratis.server.impl.RaftServerProxy.submitRequest(RaftServerProxy.java:327) ~[ratis-server-0.5.0-201fc85-SNAPSHOT.jar:0.5.0-201fc85-SNAPSHOT]
	at org.apache.ratis.server.impl.RaftServerProxy.submitClientRequestAsync(RaftServerProxy.java:333) ~[ratis-server-0.5.0-201fc85-SNAPSHOT.jar:0.5.0-201fc85-SNAPSHOT]
	at org.apache.ratis.grpc.client.GrpcClientProtocolService$RequestStreamObserver.processClientRequest(GrpcClientProtocolService.java:220) ~[ratis-grpc-0.5.0-201fc85-SNAPSHOT.jar:0.5.0-201fc85-SNAPSHOT]
	at org.apache.ratis.grpc.client.GrpcClientProtocolService$OrderedRequestStreamObserver.processClientRequest(GrpcClientProtocolService.java:326) ~[ratis-grpc-0.5.0-201fc85-SNAPSHOT.jar:0.5.0-201fc85-SNAPSHOT]
	at org.apache.ratis.util.SlidingWindow$Server.processRequestsFromHead(SlidingWindow.java:429) [ratis-common-0.5.0-201fc85-SNAPSHOT.jar:0.5.0-201fc85-SNAPSHOT]
	at org.apache.ratis.util.SlidingWindow$Server.receivedRequest(SlidingWindow.java:421) [ratis-common-0.5.0-201fc85-SNAPSHOT.jar:0.5.0-201fc85-SNAPSHOT]
	at org.apache.ratis.grpc.client.GrpcClientProtocolService$OrderedRequestStreamObserver.processClientRequest(GrpcClientProtocolService.java:345) [ratis-grpc-0.5.0-201fc85-SNAPSHOT.jar:0.5.0-201fc85-SNAPSHOT]
	at org.apache.ratis.grpc.client.GrpcClientProtocolService$RequestStreamObserver.onNext(GrpcClientProtocolService.java:240) [ratis-grpc-0.5.0-201fc85-SNAPSHOT.jar:0.5.0-201fc85-SNAPSHOT]
	at org.apache.ratis.grpc.client.GrpcClientProtocolService$RequestStreamObserver.onNext(GrpcClientProtocolService.java:168) [ratis-grpc-0.5.0-201fc85-SNAPSHOT.jar:0.5.0-201fc85-SNAPSHOT]
	at org.apache.ratis.thirdparty.io.grpc.stub.ServerCalls$StreamingServerCallHandler$StreamingServerCallListener.onMessage(ServerCalls.java:248) [ratis-thirdparty-misc-0.2.0.jar:0.2.0]
	at org.apache.ratis.thirdparty.io.grpc.internal.ServerCallImpl$ServerStreamListenerImpl.messagesAvailable(ServerCallImpl.java:263) [ratis-thirdparty-misc-0.2.0.jar:0.2.0]
	at org.apache.ratis.thirdparty.io.grpc.internal.ServerImpl$JumpToApplicationThreadServerStreamListener$1MessagesAvailable.runInContext(ServerImpl.java:686) [ratis-thirdparty-misc-0.2.0.jar:0.2.0]
	at org.apache.ratis.thirdparty.io.grpc.internal.ContextRunnable.run(ContextRunnable.java:37) [ratis-thirdparty-misc-0.2.0.jar:0.2.0]
	at org.apache.ratis.thirdparty.io.grpc.internal.SerializingExecutor.run(SerializingExecutor.java:123) [ratis-thirdparty-misc-0.2.0.jar:0.2.0]
	at java.util.concurrent.ThreadPoolExecutor.runWorker(ThreadPoolExecutor.java:1149) [?:1.8.0_212]
	at java.util.concurrent.ThreadPoolExecutor$Worker.run(ThreadPoolExecutor.java:624) [?:1.8.0_212]
	at java.lang.Thread.run(Thread.java:748) [?:1.8.0_212]
06:13:27.099 [grpc-default-executor-8] ERROR DNAudit - user=null | ip=null | op=WRITE_CHUNK {blockData=conID: 1 locID: 102902634977034259 bcsId: 13} | ret=FAILURE
org.apache.hadoop.hdds.scm.container.common.helpers.ContainerNotOpenException: Container 1 in CLOSED state
	at org.apache.hadoop.ozone.container.common.impl.HddsDispatcher.validateContainerCommand(HddsDispatcher.java:434) ~[hadoop-hdds-container-service-0.5.0-SNAPSHOT.jar:?]
	at org.apache.hadoop.ozone.container.common.transport.server.ratis.ContainerStateMachine.startTransaction(ContainerStateMachine.java:319) ~[hadoop-hdds-container-service-0.5.0-SNAPSHOT.jar:?]
	at org.apache.ratis.server.impl.RaftServerImpl.submitClientRequestAsync(RaftServerImpl.java:569) ~[ratis-server-0.5.0-201fc85-SNAPSHOT.jar:0.5.0-201fc85-SNAPSHOT]
	at org.apache.ratis.server.impl.RaftServerProxy.lambda$submitClientRequestAsync$7(RaftServerProxy.java:333) ~[ratis-server-0.5.0-201fc85-SNAPSHOT.jar:0.5.0-201fc85-SNAPSHOT]
	at org.apache.ratis.server.impl.RaftServerProxy.lambda$null$5(RaftServerProxy.java:328) ~[ratis-server-0.5.0-201fc85-SNAPSHOT.jar:0.5.0-201fc85-SNAPSHOT]
	at org.apache.ratis.util.JavaUtils.callAsUnchecked(JavaUtils.java:109) ~[ratis-common-0.5.0-201fc85-SNAPSHOT.jar:0.5.0-201fc85-SNAPSHOT]
	at org.apache.ratis.server.impl.RaftServerProxy.lambda$submitRequest$6(RaftServerProxy.java:328) ~[ratis-server-0.5.0-201fc85-SNAPSHOT.jar:0.5.0-201fc85-SNAPSHOT]
	at java.util.concurrent.CompletableFuture.uniComposeStage(CompletableFuture.java:981) ~[?:1.8.0_212]
	at java.util.concurrent.CompletableFuture.thenCompose(CompletableFuture.java:2124) ~[?:1.8.0_212]
	at org.apache.ratis.server.impl.RaftServerProxy.submitRequest(RaftServerProxy.java:327) ~[ratis-server-0.5.0-201fc85-SNAPSHOT.jar:0.5.0-201fc85-SNAPSHOT]
	at org.apache.ratis.server.impl.RaftServerProxy.submitClientRequestAsync(RaftServerProxy.java:333) ~[ratis-server-0.5.0-201fc85-SNAPSHOT.jar:0.5.0-201fc85-SNAPSHOT]
	at org.apache.ratis.grpc.client.GrpcClientProtocolService$RequestStreamObserver.processClientRequest(GrpcClientProtocolService.java:220) ~[ratis-grpc-0.5.0-201fc85-SNAPSHOT.jar:0.5.0-201fc85-SNAPSHOT]
	at org.apache.ratis.grpc.client.GrpcClientProtocolService$OrderedRequestStreamObserver.processClientRequest(GrpcClientProtocolService.java:326) ~[ratis-grpc-0.5.0-201fc85-SNAPSHOT.jar:0.5.0-201fc85-SNAPSHOT]
	at org.apache.ratis.util.SlidingWindow$Server.processRequestsFromHead(SlidingWindow.java:429) [ratis-common-0.5.0-201fc85-SNAPSHOT.jar:0.5.0-201fc85-SNAPSHOT]
	at org.apache.ratis.util.SlidingWindow$Server.receivedRequest(SlidingWindow.java:421) [ratis-common-0.5.0-201fc85-SNAPSHOT.jar:0.5.0-201fc85-SNAPSHOT]
	at org.apache.ratis.grpc.client.GrpcClientProtocolService$OrderedRequestStreamObserver.processClientRequest(GrpcClientProtocolService.java:345) [ratis-grpc-0.5.0-201fc85-SNAPSHOT.jar:0.5.0-201fc85-SNAPSHOT]
	at org.apache.ratis.grpc.client.GrpcClientProtocolService$RequestStreamObserver.onNext(GrpcClientProtocolService.java:240) [ratis-grpc-0.5.0-201fc85-SNAPSHOT.jar:0.5.0-201fc85-SNAPSHOT]
	at org.apache.ratis.grpc.client.GrpcClientProtocolService$RequestStreamObserver.onNext(GrpcClientProtocolService.java:168) [ratis-grpc-0.5.0-201fc85-SNAPSHOT.jar:0.5.0-201fc85-SNAPSHOT]
	at org.apache.ratis.thirdparty.io.grpc.stub.ServerCalls$StreamingServerCallHandler$StreamingServerCallListener.onMessage(ServerCalls.java:248) [ratis-thirdparty-misc-0.2.0.jar:0.2.0]
	at org.apache.ratis.thirdparty.io.grpc.internal.ServerCallImpl$ServerStreamListenerImpl.messagesAvailable(ServerCallImpl.java:263) [ratis-thirdparty-misc-0.2.0.jar:0.2.0]
	at org.apache.ratis.thirdparty.io.grpc.internal.ServerImpl$JumpToApplicationThreadServerStreamListener$1MessagesAvailable.runInContext(ServerImpl.java:686) [ratis-thirdparty-misc-0.2.0.jar:0.2.0]
	at org.apache.ratis.thirdparty.io.grpc.internal.ContextRunnable.run(ContextRunnable.java:37) [ratis-thirdparty-misc-0.2.0.jar:0.2.0]
	at org.apache.ratis.thirdparty.io.grpc.internal.SerializingExecutor.run(SerializingExecutor.java:123) [ratis-thirdparty-misc-0.2.0.jar:0.2.0]
	at java.util.concurrent.ThreadPoolExecutor.runWorker(ThreadPoolExecutor.java:1149) [?:1.8.0_212]
	at java.util.concurrent.ThreadPoolExecutor$Worker.run(ThreadPoolExecutor.java:624) [?:1.8.0_212]
	at java.lang.Thread.run(Thread.java:748) [?:1.8.0_212]
06:13:27.116 [grpc-default-executor-8] ERROR DNAudit - user=null | ip=null | op=PUT_BLOCK {blockData=[blockId=conID: 1 locID: 102902634977034259 bcsId: 0,size=650]} | ret=FAILURE
org.apache.hadoop.hdds.scm.container.common.helpers.ContainerNotOpenException: Container 1 in CLOSED state
	at org.apache.hadoop.ozone.container.common.impl.HddsDispatcher.validateContainerCommand(HddsDispatcher.java:434) ~[hadoop-hdds-container-service-0.5.0-SNAPSHOT.jar:?]
	at org.apache.hadoop.ozone.container.common.transport.server.ratis.ContainerStateMachine.startTransaction(ContainerStateMachine.java:319) ~[hadoop-hdds-container-service-0.5.0-SNAPSHOT.jar:?]
	at org.apache.ratis.server.impl.RaftServerImpl.submitClientRequestAsync(RaftServerImpl.java:569) ~[ratis-server-0.5.0-201fc85-SNAPSHOT.jar:0.5.0-201fc85-SNAPSHOT]
	at org.apache.ratis.server.impl.RaftServerProxy.lambda$submitClientRequestAsync$7(RaftServerProxy.java:333) ~[ratis-server-0.5.0-201fc85-SNAPSHOT.jar:0.5.0-201fc85-SNAPSHOT]
	at org.apache.ratis.server.impl.RaftServerProxy.lambda$null$5(RaftServerProxy.java:328) ~[ratis-server-0.5.0-201fc85-SNAPSHOT.jar:0.5.0-201fc85-SNAPSHOT]
	at org.apache.ratis.util.JavaUtils.callAsUnchecked(JavaUtils.java:109) ~[ratis-common-0.5.0-201fc85-SNAPSHOT.jar:0.5.0-201fc85-SNAPSHOT]
	at org.apache.ratis.server.impl.RaftServerProxy.lambda$submitRequest$6(RaftServerProxy.java:328) ~[ratis-server-0.5.0-201fc85-SNAPSHOT.jar:0.5.0-201fc85-SNAPSHOT]
	at java.util.concurrent.CompletableFuture.uniComposeStage(CompletableFuture.java:981) ~[?:1.8.0_212]
	at java.util.concurrent.CompletableFuture.thenCompose(CompletableFuture.java:2124) ~[?:1.8.0_212]
	at org.apache.ratis.server.impl.RaftServerProxy.submitRequest(RaftServerProxy.java:327) ~[ratis-server-0.5.0-201fc85-SNAPSHOT.jar:0.5.0-201fc85-SNAPSHOT]
	at org.apache.ratis.server.impl.RaftServerProxy.submitClientRequestAsync(RaftServerProxy.java:333) ~[ratis-server-0.5.0-201fc85-SNAPSHOT.jar:0.5.0-201fc85-SNAPSHOT]
	at org.apache.ratis.grpc.client.GrpcClientProtocolService$RequestStreamObserver.processClientRequest(GrpcClientProtocolService.java:220) ~[ratis-grpc-0.5.0-201fc85-SNAPSHOT.jar:0.5.0-201fc85-SNAPSHOT]
	at org.apache.ratis.grpc.client.GrpcClientProtocolService$OrderedRequestStreamObserver.processClientRequest(GrpcClientProtocolService.java:326) ~[ratis-grpc-0.5.0-201fc85-SNAPSHOT.jar:0.5.0-201fc85-SNAPSHOT]
	at org.apache.ratis.util.SlidingWindow$Server.processRequestsFromHead(SlidingWindow.java:429) [ratis-common-0.5.0-201fc85-SNAPSHOT.jar:0.5.0-201fc85-SNAPSHOT]
	at org.apache.ratis.util.SlidingWindow$Server.receivedRequest(SlidingWindow.java:421) [ratis-common-0.5.0-201fc85-SNAPSHOT.jar:0.5.0-201fc85-SNAPSHOT]
	at org.apache.ratis.grpc.client.GrpcClientProtocolService$OrderedRequestStreamObserver.processClientRequest(GrpcClientProtocolService.java:345) [ratis-grpc-0.5.0-201fc85-SNAPSHOT.jar:0.5.0-201fc85-SNAPSHOT]
	at org.apache.ratis.grpc.client.GrpcClientProtocolService$RequestStreamObserver.onNext(GrpcClientProtocolService.java:240) [ratis-grpc-0.5.0-201fc85-SNAPSHOT.jar:0.5.0-201fc85-SNAPSHOT]
	at org.apache.ratis.grpc.client.GrpcClientProtocolService$RequestStreamObserver.onNext(GrpcClientProtocolService.java:168) [ratis-grpc-0.5.0-201fc85-SNAPSHOT.jar:0.5.0-201fc85-SNAPSHOT]
	at org.apache.ratis.thirdparty.io.grpc.stub.ServerCalls$StreamingServerCallHandler$StreamingServerCallListener.onMessage(ServerCalls.java:248) [ratis-thirdparty-misc-0.2.0.jar:0.2.0]
	at org.apache.ratis.thirdparty.io.grpc.internal.ServerCallImpl$ServerStreamListenerImpl.messagesAvailable(ServerCallImpl.java:263) [ratis-thirdparty-misc-0.2.0.jar:0.2.0]
	at org.apache.ratis.thirdparty.io.grpc.internal.ServerImpl$JumpToApplicationThreadServerStreamListener$1MessagesAvailable.runInContext(ServerImpl.java:686) [ratis-thirdparty-misc-0.2.0.jar:0.2.0]
	at org.apache.ratis.thirdparty.io.grpc.internal.ContextRunnable.run(ContextRunnable.java:37) [ratis-thirdparty-misc-0.2.0.jar:0.2.0]
	at org.apache.ratis.thirdparty.io.grpc.internal.SerializingExecutor.run(SerializingExecutor.java:123) [ratis-thirdparty-misc-0.2.0.jar:0.2.0]
	at java.util.concurrent.ThreadPoolExecutor.runWorker(ThreadPoolExecutor.java:1149) [?:1.8.0_212]
	at java.util.concurrent.ThreadPoolExecutor$Worker.run(ThreadPoolExecutor.java:624) [?:1.8.0_212]
	at java.lang.Thread.run(Thread.java:748) [?:1.8.0_212]
06:13:27.117 [grpc-default-executor-8] ERROR DNAudit - user=null | ip=null | op=WRITE_CHUNK {blockData=conID: 1 locID: 102902634977034259 bcsId: 13} | ret=FAILURE
org.apache.hadoop.hdds.scm.container.common.helpers.ContainerNotOpenException: Container 1 in CLOSED state
	at org.apache.hadoop.ozone.container.common.impl.HddsDispatcher.validateContainerCommand(HddsDispatcher.java:434) ~[hadoop-hdds-container-service-0.5.0-SNAPSHOT.jar:?]
	at org.apache.hadoop.ozone.container.common.transport.server.ratis.ContainerStateMachine.startTransaction(ContainerStateMachine.java:319) ~[hadoop-hdds-container-service-0.5.0-SNAPSHOT.jar:?]
	at org.apache.ratis.server.impl.RaftServerImpl.submitClientRequestAsync(RaftServerImpl.java:569) ~[ratis-server-0.5.0-201fc85-SNAPSHOT.jar:0.5.0-201fc85-SNAPSHOT]
	at org.apache.ratis.server.impl.RaftServerProxy.lambda$submitClientRequestAsync$7(RaftServerProxy.java:333) ~[ratis-server-0.5.0-201fc85-SNAPSHOT.jar:0.5.0-201fc85-SNAPSHOT]
	at org.apache.ratis.server.impl.RaftServerProxy.lambda$null$5(RaftServerProxy.java:328) ~[ratis-server-0.5.0-201fc85-SNAPSHOT.jar:0.5.0-201fc85-SNAPSHOT]
	at org.apache.ratis.util.JavaUtils.callAsUnchecked(JavaUtils.java:109) ~[ratis-common-0.5.0-201fc85-SNAPSHOT.jar:0.5.0-201fc85-SNAPSHOT]
	at org.apache.ratis.server.impl.RaftServerProxy.lambda$submitRequest$6(RaftServerProxy.java:328) ~[ratis-server-0.5.0-201fc85-SNAPSHOT.jar:0.5.0-201fc85-SNAPSHOT]
	at java.util.concurrent.CompletableFuture.uniComposeStage(CompletableFuture.java:981) ~[?:1.8.0_212]
	at java.util.concurrent.CompletableFuture.thenCompose(CompletableFuture.java:2124) ~[?:1.8.0_212]
	at org.apache.ratis.server.impl.RaftServerProxy.submitRequest(RaftServerProxy.java:327) ~[ratis-server-0.5.0-201fc85-SNAPSHOT.jar:0.5.0-201fc85-SNAPSHOT]
	at org.apache.ratis.server.impl.RaftServerProxy.submitClientRequestAsync(RaftServerProxy.java:333) ~[ratis-server-0.5.0-201fc85-SNAPSHOT.jar:0.5.0-201fc85-SNAPSHOT]
	at org.apache.ratis.grpc.client.GrpcClientProtocolService$RequestStreamObserver.processClientRequest(GrpcClientProtocolService.java:220) ~[ratis-grpc-0.5.0-201fc85-SNAPSHOT.jar:0.5.0-201fc85-SNAPSHOT]
	at org.apache.ratis.grpc.client.GrpcClientProtocolService$OrderedRequestStreamObserver.processClientRequest(GrpcClientProtocolService.java:326) ~[ratis-grpc-0.5.0-201fc85-SNAPSHOT.jar:0.5.0-201fc85-SNAPSHOT]
	at org.apache.ratis.util.SlidingWindow$Server.processRequestsFromHead(SlidingWindow.java:429) [ratis-common-0.5.0-201fc85-SNAPSHOT.jar:0.5.0-201fc85-SNAPSHOT]
	at org.apache.ratis.util.SlidingWindow$Server.receivedRequest(SlidingWindow.java:421) [ratis-common-0.5.0-201fc85-SNAPSHOT.jar:0.5.0-201fc85-SNAPSHOT]
	at org.apache.ratis.grpc.client.GrpcClientProtocolService$OrderedRequestStreamObserver.processClientRequest(GrpcClientProtocolService.java:345) [ratis-grpc-0.5.0-201fc85-SNAPSHOT.jar:0.5.0-201fc85-SNAPSHOT]
	at org.apache.ratis.grpc.client.GrpcClientProtocolService$RequestStreamObserver.onNext(GrpcClientProtocolService.java:240) [ratis-grpc-0.5.0-201fc85-SNAPSHOT.jar:0.5.0-201fc85-SNAPSHOT]
	at org.apache.ratis.grpc.client.GrpcClientProtocolService$RequestStreamObserver.onNext(GrpcClientProtocolService.java:168) [ratis-grpc-0.5.0-201fc85-SNAPSHOT.jar:0.5.0-201fc85-SNAPSHOT]
	at org.apache.ratis.thirdparty.io.grpc.stub.ServerCalls$StreamingServerCallHandler$StreamingServerCallListener.onMessage(ServerCalls.java:248) [ratis-thirdparty-misc-0.2.0.jar:0.2.0]
	at org.apache.ratis.thirdparty.io.grpc.internal.ServerCallImpl$ServerStreamListenerImpl.messagesAvailable(ServerCallImpl.java:263) [ratis-thirdparty-misc-0.2.0.jar:0.2.0]
	at org.apache.ratis.thirdparty.io.grpc.internal.ServerImpl$JumpToApplicationThreadServerStreamListener$1MessagesAvailable.runInContext(ServerImpl.java:686) [ratis-thirdparty-misc-0.2.0.jar:0.2.0]
	at org.apache.ratis.thirdparty.io.grpc.internal.ContextRunnable.run(ContextRunnable.java:37) [ratis-thirdparty-misc-0.2.0.jar:0.2.0]
	at org.apache.ratis.thirdparty.io.grpc.internal.SerializingExecutor.run(SerializingExecutor.java:123) [ratis-thirdparty-misc-0.2.0.jar:0.2.0]
	at java.util.concurrent.ThreadPoolExecutor.runWorker(ThreadPoolExecutor.java:1149) [?:1.8.0_212]
	at java.util.concurrent.ThreadPoolExecutor$Worker.run(ThreadPoolExecutor.java:624) [?:1.8.0_212]
	at java.lang.Thread.run(Thread.java:748) [?:1.8.0_212]
06:13:27.125 [grpc-default-executor-8] ERROR DNAudit - user=null | ip=null | op=WRITE_CHUNK {blockData=conID: 1 locID: 102902634977034259 bcsId: 13} | ret=FAILURE
org.apache.hadoop.hdds.scm.container.common.helpers.ContainerNotOpenException: Container 1 in CLOSED state
	at org.apache.hadoop.ozone.container.common.impl.HddsDispatcher.validateContainerCommand(HddsDispatcher.java:434) ~[hadoop-hdds-container-service-0.5.0-SNAPSHOT.jar:?]
	at org.apache.hadoop.ozone.container.common.transport.server.ratis.ContainerStateMachine.startTransaction(ContainerStateMachine.java:319) ~[hadoop-hdds-container-service-0.5.0-SNAPSHOT.jar:?]
	at org.apache.ratis.server.impl.RaftServerImpl.submitClientRequestAsync(RaftServerImpl.java:569) ~[ratis-server-0.5.0-201fc85-SNAPSHOT.jar:0.5.0-201fc85-SNAPSHOT]
	at org.apache.ratis.server.impl.RaftServerProxy.lambda$submitClientRequestAsync$7(RaftServerProxy.java:333) ~[ratis-server-0.5.0-201fc85-SNAPSHOT.jar:0.5.0-201fc85-SNAPSHOT]
	at org.apache.ratis.server.impl.RaftServerProxy.lambda$null$5(RaftServerProxy.java:328) ~[ratis-server-0.5.0-201fc85-SNAPSHOT.jar:0.5.0-201fc85-SNAPSHOT]
	at org.apache.ratis.util.JavaUtils.callAsUnchecked(JavaUtils.java:109) ~[ratis-common-0.5.0-201fc85-SNAPSHOT.jar:0.5.0-201fc85-SNAPSHOT]
	at org.apache.ratis.server.impl.RaftServerProxy.lambda$submitRequest$6(RaftServerProxy.java:328) ~[ratis-server-0.5.0-201fc85-SNAPSHOT.jar:0.5.0-201fc85-SNAPSHOT]
	at java.util.concurrent.CompletableFuture.uniComposeStage(CompletableFuture.java:981) ~[?:1.8.0_212]
	at java.util.concurrent.CompletableFuture.thenCompose(CompletableFuture.java:2124) ~[?:1.8.0_212]
	at org.apache.ratis.server.impl.RaftServerProxy.submitRequest(RaftServerProxy.java:327) ~[ratis-server-0.5.0-201fc85-SNAPSHOT.jar:0.5.0-201fc85-SNAPSHOT]
	at org.apache.ratis.server.impl.RaftServerProxy.submitClientRequestAsync(RaftServerProxy.java:333) ~[ratis-server-0.5.0-201fc85-SNAPSHOT.jar:0.5.0-201fc85-SNAPSHOT]
	at org.apache.ratis.grpc.client.GrpcClientProtocolService$RequestStreamObserver.processClientRequest(GrpcClientProtocolService.java:220) ~[ratis-grpc-0.5.0-201fc85-SNAPSHOT.jar:0.5.0-201fc85-SNAPSHOT]
	at org.apache.ratis.grpc.client.GrpcClientProtocolService$OrderedRequestStreamObserver.processClientRequest(GrpcClientProtocolService.java:326) ~[ratis-grpc-0.5.0-201fc85-SNAPSHOT.jar:0.5.0-201fc85-SNAPSHOT]
	at org.apache.ratis.util.SlidingWindow$Server.processRequestsFromHead(SlidingWindow.java:429) [ratis-common-0.5.0-201fc85-SNAPSHOT.jar:0.5.0-201fc85-SNAPSHOT]
	at org.apache.ratis.util.SlidingWindow$Server.receivedRequest(SlidingWindow.java:421) [ratis-common-0.5.0-201fc85-SNAPSHOT.jar:0.5.0-201fc85-SNAPSHOT]
	at org.apache.ratis.grpc.client.GrpcClientProtocolService$OrderedRequestStreamObserver.processClientRequest(GrpcClientProtocolService.java:345) [ratis-grpc-0.5.0-201fc85-SNAPSHOT.jar:0.5.0-201fc85-SNAPSHOT]
	at org.apache.ratis.grpc.client.GrpcClientProtocolService$RequestStreamObserver.onNext(GrpcClientProtocolService.java:240) [ratis-grpc-0.5.0-201fc85-SNAPSHOT.jar:0.5.0-201fc85-SNAPSHOT]
	at org.apache.ratis.grpc.client.GrpcClientProtocolService$RequestStreamObserver.onNext(GrpcClientProtocolService.java:168) [ratis-grpc-0.5.0-201fc85-SNAPSHOT.jar:0.5.0-201fc85-SNAPSHOT]
	at org.apache.ratis.thirdparty.io.grpc.stub.ServerCalls$StreamingServerCallHandler$StreamingServerCallListener.onMessage(ServerCalls.java:248) [ratis-thirdparty-misc-0.2.0.jar:0.2.0]
	at org.apache.ratis.thirdparty.io.grpc.internal.ServerCallImpl$ServerStreamListenerImpl.messagesAvailable(ServerCallImpl.java:263) [ratis-thirdparty-misc-0.2.0.jar:0.2.0]
	at org.apache.ratis.thirdparty.io.grpc.internal.ServerImpl$JumpToApplicationThreadServerStreamListener$1MessagesAvailable.runInContext(ServerImpl.java:686) [ratis-thirdparty-misc-0.2.0.jar:0.2.0]
	at org.apache.ratis.thirdparty.io.grpc.internal.ContextRunnable.run(ContextRunnable.java:37) [ratis-thirdparty-misc-0.2.0.jar:0.2.0]
	at org.apache.ratis.thirdparty.io.grpc.internal.SerializingExecutor.run(SerializingExecutor.java:123) [ratis-thirdparty-misc-0.2.0.jar:0.2.0]
	at java.util.concurrent.ThreadPoolExecutor.runWorker(ThreadPoolExecutor.java:1149) [?:1.8.0_212]
	at java.util.concurrent.ThreadPoolExecutor$Worker.run(ThreadPoolExecutor.java:624) [?:1.8.0_212]
	at java.lang.Thread.run(Thread.java:748) [?:1.8.0_212]
06:13:27.139 [grpc-default-executor-8] ERROR DNAudit - user=null | ip=null | op=PUT_BLOCK {blockData=[blockId=conID: 1 locID: 102902634977034259 bcsId: 0,size=800]} | ret=FAILURE
org.apache.hadoop.hdds.scm.container.common.helpers.ContainerNotOpenException: Container 1 in CLOSED state
	at org.apache.hadoop.ozone.container.common.impl.HddsDispatcher.validateContainerCommand(HddsDispatcher.java:434) ~[hadoop-hdds-container-service-0.5.0-SNAPSHOT.jar:?]
	at org.apache.hadoop.ozone.container.common.transport.server.ratis.ContainerStateMachine.startTransaction(ContainerStateMachine.java:319) ~[hadoop-hdds-container-service-0.5.0-SNAPSHOT.jar:?]
	at org.apache.ratis.server.impl.RaftServerImpl.submitClientRequestAsync(RaftServerImpl.java:569) ~[ratis-server-0.5.0-201fc85-SNAPSHOT.jar:0.5.0-201fc85-SNAPSHOT]
	at org.apache.ratis.server.impl.RaftServerProxy.lambda$submitClientRequestAsync$7(RaftServerProxy.java:333) ~[ratis-server-0.5.0-201fc85-SNAPSHOT.jar:0.5.0-201fc85-SNAPSHOT]
	at org.apache.ratis.server.impl.RaftServerProxy.lambda$null$5(RaftServerProxy.java:328) ~[ratis-server-0.5.0-201fc85-SNAPSHOT.jar:0.5.0-201fc85-SNAPSHOT]
	at org.apache.ratis.util.JavaUtils.callAsUnchecked(JavaUtils.java:109) ~[ratis-common-0.5.0-201fc85-SNAPSHOT.jar:0.5.0-201fc85-SNAPSHOT]
	at org.apache.ratis.server.impl.RaftServerProxy.lambda$submitRequest$6(RaftServerProxy.java:328) ~[ratis-server-0.5.0-201fc85-SNAPSHOT.jar:0.5.0-201fc85-SNAPSHOT]
	at java.util.concurrent.CompletableFuture.uniComposeStage(CompletableFuture.java:981) ~[?:1.8.0_212]
	at java.util.concurrent.CompletableFuture.thenCompose(CompletableFuture.java:2124) ~[?:1.8.0_212]
	at org.apache.ratis.server.impl.RaftServerProxy.submitRequest(RaftServerProxy.java:327) ~[ratis-server-0.5.0-201fc85-SNAPSHOT.jar:0.5.0-201fc85-SNAPSHOT]
	at org.apache.ratis.server.impl.RaftServerProxy.submitClientRequestAsync(RaftServerProxy.java:333) ~[ratis-server-0.5.0-201fc85-SNAPSHOT.jar:0.5.0-201fc85-SNAPSHOT]
	at org.apache.ratis.grpc.client.GrpcClientProtocolService$RequestStreamObserver.processClientRequest(GrpcClientProtocolService.java:220) ~[ratis-grpc-0.5.0-201fc85-SNAPSHOT.jar:0.5.0-201fc85-SNAPSHOT]
	at org.apache.ratis.grpc.client.GrpcClientProtocolService$OrderedRequestStreamObserver.processClientRequest(GrpcClientProtocolService.java:326) ~[ratis-grpc-0.5.0-201fc85-SNAPSHOT.jar:0.5.0-201fc85-SNAPSHOT]
	at org.apache.ratis.util.SlidingWindow$Server.processRequestsFromHead(SlidingWindow.java:429) [ratis-common-0.5.0-201fc85-SNAPSHOT.jar:0.5.0-201fc85-SNAPSHOT]
	at org.apache.ratis.util.SlidingWindow$Server.receivedRequest(SlidingWindow.java:421) [ratis-common-0.5.0-201fc85-SNAPSHOT.jar:0.5.0-201fc85-SNAPSHOT]
	at org.apache.ratis.grpc.client.GrpcClientProtocolService$OrderedRequestStreamObserver.processClientRequest(GrpcClientProtocolService.java:345) [ratis-grpc-0.5.0-201fc85-SNAPSHOT.jar:0.5.0-201fc85-SNAPSHOT]
	at org.apache.ratis.grpc.client.GrpcClientProtocolService$RequestStreamObserver.onNext(GrpcClientProtocolService.java:240) [ratis-grpc-0.5.0-201fc85-SNAPSHOT.jar:0.5.0-201fc85-SNAPSHOT]
	at org.apache.ratis.grpc.client.GrpcClientProtocolService$RequestStreamObserver.onNext(GrpcClientProtocolService.java:168) [ratis-grpc-0.5.0-201fc85-SNAPSHOT.jar:0.5.0-201fc85-SNAPSHOT]
	at org.apache.ratis.thirdparty.io.grpc.stub.ServerCalls$StreamingServerCallHandler$StreamingServerCallListener.onMessage(ServerCalls.java:248) [ratis-thirdparty-misc-0.2.0.jar:0.2.0]
	at org.apache.ratis.thirdparty.io.grpc.internal.ServerCallImpl$ServerStreamListenerImpl.messagesAvailable(ServerCallImpl.java:263) [ratis-thirdparty-misc-0.2.0.jar:0.2.0]
	at org.apache.ratis.thirdparty.io.grpc.internal.ServerImpl$JumpToApplicationThreadServerStreamListener$1MessagesAvailable.runInContext(ServerImpl.java:686) [ratis-thirdparty-misc-0.2.0.jar:0.2.0]
	at org.apache.ratis.thirdparty.io.grpc.internal.ContextRunnable.run(ContextRunnable.java:37) [ratis-thirdparty-misc-0.2.0.jar:0.2.0]
	at org.apache.ratis.thirdparty.io.grpc.internal.SerializingExecutor.run(SerializingExecutor.java:123) [ratis-thirdparty-misc-0.2.0.jar:0.2.0]
	at java.util.concurrent.ThreadPoolExecutor.runWorker(ThreadPoolExecutor.java:1149) [?:1.8.0_212]
	at java.util.concurrent.ThreadPoolExecutor$Worker.run(ThreadPoolExecutor.java:624) [?:1.8.0_212]
	at java.lang.Thread.run(Thread.java:748) [?:1.8.0_212]
2019-10-04 06:13:28,327 [main] WARN  scm.XceiverClientRatis (XceiverClientRatis.java:watchForCommit(292)) - 3 way commit failed on pipeline Pipeline[ Id: f4adb192-49a1-46c5-befe-7b63199fc393, Nodes: 29be59ed-680c-458c-aec9-68f2979afc9a{ip: 192.168.151.69, host: trunk-nightly-20191004-lpvmn-70278721, networkLocation: /default-rack, certSerialId: null}b0c93557-f206-49b3-b845-27ddea8ebda5{ip: 192.168.151.69, host: trunk-nightly-20191004-lpvmn-70278721, networkLocation: /default-rack, certSerialId: null}d50021de-ef3c-4ba4-9a1f-74e99ee73c0d{ip: 192.168.151.69, host: trunk-nightly-20191004-lpvmn-70278721, networkLocation: /default-rack, certSerialId: null}, Type:RATIS, Factor:THREE, State:OPEN]
java.util.concurrent.TimeoutException
	at java.util.concurrent.CompletableFuture.timedGet(CompletableFuture.java:1771)
	at java.util.concurrent.CompletableFuture.get(CompletableFuture.java:1915)
	at org.apache.hadoop.hdds.scm.XceiverClientRatis.watchForCommit(XceiverClientRatis.java:289)
	at org.apache.hadoop.hdds.scm.storage.CommitWatcher.watchForCommit(CommitWatcher.java:194)
	at org.apache.hadoop.hdds.scm.storage.CommitWatcher.watchOnFirstIndex(CommitWatcher.java:135)
	at org.apache.hadoop.hdds.scm.storage.BlockOutputStream.watchForCommit(BlockOutputStream.java:347)
	at org.apache.hadoop.hdds.scm.storage.BlockOutputStream.handleFullBuffer(BlockOutputStream.java:324)
	at org.apache.hadoop.hdds.scm.storage.BlockOutputStream.write(BlockOutputStream.java:251)
	at org.apache.hadoop.ozone.client.io.BlockOutputStreamEntry.write(BlockOutputStreamEntry.java:129)
	at org.apache.hadoop.ozone.client.io.KeyOutputStream.handleWrite(KeyOutputStream.java:208)
	at org.apache.hadoop.ozone.client.io.KeyOutputStream.write(KeyOutputStream.java:190)
	at org.apache.hadoop.ozone.client.io.OzoneOutputStream.write(OzoneOutputStream.java:49)
	at java.io.OutputStream.write(OutputStream.java:75)
	at org.apache.hadoop.ozone.client.rpc.TestBlockOutputStreamWithFailures.testWatchForCommitWithCloseContainerException(TestBlockOutputStreamWithFailures.java:227)
	at sun.reflect.NativeMethodAccessorImpl.invoke0(Native Method)
	at sun.reflect.NativeMethodAccessorImpl.invoke(NativeMethodAccessorImpl.java:62)
	at sun.reflect.DelegatingMethodAccessorImpl.invoke(DelegatingMethodAccessorImpl.java:43)
	at java.lang.reflect.Method.invoke(Method.java:498)
	at org.junit.runners.model.FrameworkMethod$1.runReflectiveCall(FrameworkMethod.java:47)
	at org.junit.internal.runners.model.ReflectiveCallable.run(ReflectiveCallable.java:12)
	at org.junit.runners.model.FrameworkMethod.invokeExplosively(FrameworkMethod.java:44)
	at org.junit.internal.runners.statements.InvokeMethod.evaluate(InvokeMethod.java:17)
	at org.junit.internal.runners.statements.RunBefores.evaluate(RunBefores.java:26)
	at org.junit.internal.runners.statements.RunAfters.evaluate(RunAfters.java:27)
	at org.junit.runners.ParentRunner.runLeaf(ParentRunner.java:271)
	at org.junit.runners.BlockJUnit4ClassRunner.runChild(BlockJUnit4ClassRunner.java:70)
	at org.junit.runners.BlockJUnit4ClassRunner.runChild(BlockJUnit4ClassRunner.java:50)
	at org.junit.runners.ParentRunner$3.run(ParentRunner.java:238)
	at org.junit.runners.ParentRunner$1.schedule(ParentRunner.java:63)
	at org.junit.runners.ParentRunner.runChildren(ParentRunner.java:236)
	at org.junit.runners.ParentRunner.access$000(ParentRunner.java:53)
	at org.junit.runners.ParentRunner$2.evaluate(ParentRunner.java:229)
	at org.junit.runners.ParentRunner.run(ParentRunner.java:309)
	at org.apache.maven.surefire.junit4.JUnit4Provider.execute(JUnit4Provider.java:365)
	at org.apache.maven.surefire.junit4.JUnit4Provider.executeWithRerun(JUnit4Provider.java:273)
	at org.apache.maven.surefire.junit4.JUnit4Provider.executeTestSet(JUnit4Provider.java:238)
	at org.apache.maven.surefire.junit4.JUnit4Provider.invoke(JUnit4Provider.java:159)
	at org.apache.maven.surefire.booter.ForkedBooter.invokeProviderInSameClassLoader(ForkedBooter.java:384)
	at org.apache.maven.surefire.booter.ForkedBooter.runSuitesInProcess(ForkedBooter.java:345)
	at org.apache.maven.surefire.booter.ForkedBooter.execute(ForkedBooter.java:126)
	at org.apache.maven.surefire.booter.ForkedBooter.main(ForkedBooter.java:418)
2019-10-04 06:13:29,331 [main] WARN  storage.CommitWatcher (CommitWatcher.java:watchForCommit(203)) - watchForCommit failed for index 20
java.util.concurrent.TimeoutException
	at java.util.concurrent.CompletableFuture.timedGet(CompletableFuture.java:1771)
	at java.util.concurrent.CompletableFuture.get(CompletableFuture.java:1915)
	at org.apache.hadoop.hdds.scm.XceiverClientRatis.watchForCommit(XceiverClientRatis.java:298)
	at org.apache.hadoop.hdds.scm.storage.CommitWatcher.watchForCommit(CommitWatcher.java:194)
	at org.apache.hadoop.hdds.scm.storage.CommitWatcher.watchOnFirstIndex(CommitWatcher.java:135)
	at org.apache.hadoop.hdds.scm.storage.BlockOutputStream.watchForCommit(BlockOutputStream.java:347)
	at org.apache.hadoop.hdds.scm.storage.BlockOutputStream.handleFullBuffer(BlockOutputStream.java:324)
	at org.apache.hadoop.hdds.scm.storage.BlockOutputStream.write(BlockOutputStream.java:251)
	at org.apache.hadoop.ozone.client.io.BlockOutputStreamEntry.write(BlockOutputStreamEntry.java:129)
	at org.apache.hadoop.ozone.client.io.KeyOutputStream.handleWrite(KeyOutputStream.java:208)
	at org.apache.hadoop.ozone.client.io.KeyOutputStream.write(KeyOutputStream.java:190)
	at org.apache.hadoop.ozone.client.io.OzoneOutputStream.write(OzoneOutputStream.java:49)
	at java.io.OutputStream.write(OutputStream.java:75)
	at org.apache.hadoop.ozone.client.rpc.TestBlockOutputStreamWithFailures.testWatchForCommitWithCloseContainerException(TestBlockOutputStreamWithFailures.java:227)
	at sun.reflect.NativeMethodAccessorImpl.invoke0(Native Method)
	at sun.reflect.NativeMethodAccessorImpl.invoke(NativeMethodAccessorImpl.java:62)
	at sun.reflect.DelegatingMethodAccessorImpl.invoke(DelegatingMethodAccessorImpl.java:43)
	at java.lang.reflect.Method.invoke(Method.java:498)
	at org.junit.runners.model.FrameworkMethod$1.runReflectiveCall(FrameworkMethod.java:47)
	at org.junit.internal.runners.model.ReflectiveCallable.run(ReflectiveCallable.java:12)
	at org.junit.runners.model.FrameworkMethod.invokeExplosively(FrameworkMethod.java:44)
	at org.junit.internal.runners.statements.InvokeMethod.evaluate(InvokeMethod.java:17)
	at org.junit.internal.runners.statements.RunBefores.evaluate(RunBefores.java:26)
	at org.junit.internal.runners.statements.RunAfters.evaluate(RunAfters.java:27)
	at org.junit.runners.ParentRunner.runLeaf(ParentRunner.java:271)
	at org.junit.runners.BlockJUnit4ClassRunner.runChild(BlockJUnit4ClassRunner.java:70)
	at org.junit.runners.BlockJUnit4ClassRunner.runChild(BlockJUnit4ClassRunner.java:50)
	at org.junit.runners.ParentRunner$3.run(ParentRunner.java:238)
	at org.junit.runners.ParentRunner$1.schedule(ParentRunner.java:63)
	at org.junit.runners.ParentRunner.runChildren(ParentRunner.java:236)
	at org.junit.runners.ParentRunner.access$000(ParentRunner.java:53)
	at org.junit.runners.ParentRunner$2.evaluate(ParentRunner.java:229)
	at org.junit.runners.ParentRunner.run(ParentRunner.java:309)
	at org.apache.maven.surefire.junit4.JUnit4Provider.execute(JUnit4Provider.java:365)
	at org.apache.maven.surefire.junit4.JUnit4Provider.executeWithRerun(JUnit4Provider.java:273)
	at org.apache.maven.surefire.junit4.JUnit4Provider.executeTestSet(JUnit4Provider.java:238)
	at org.apache.maven.surefire.junit4.JUnit4Provider.invoke(JUnit4Provider.java:159)
	at org.apache.maven.surefire.booter.ForkedBooter.invokeProviderInSameClassLoader(ForkedBooter.java:384)
	at org.apache.maven.surefire.booter.ForkedBooter.runSuitesInProcess(ForkedBooter.java:345)
	at org.apache.maven.surefire.booter.ForkedBooter.execute(ForkedBooter.java:126)
	at org.apache.maven.surefire.booter.ForkedBooter.main(ForkedBooter.java:418)
2019-10-04 06:13:29,332 [main] WARN  io.KeyOutputStream (KeyOutputStream.java:handleException(274)) - Encountered exception java.io.IOException: Unexpected Storage Container Exception: java.io.IOException: Unexpected Storage Container Exception: java.util.concurrent.TimeoutException on the pipeline Pipeline[ Id: f4adb192-49a1-46c5-befe-7b63199fc393, Nodes: 29be59ed-680c-458c-aec9-68f2979afc9a{ip: 192.168.151.69, host: trunk-nightly-20191004-lpvmn-70278721, networkLocation: /default-rack, certSerialId: null}b0c93557-f206-49b3-b845-27ddea8ebda5{ip: 192.168.151.69, host: trunk-nightly-20191004-lpvmn-70278721, networkLocation: /default-rack, certSerialId: null}d50021de-ef3c-4ba4-9a1f-74e99ee73c0d{ip: 192.168.151.69, host: trunk-nightly-20191004-lpvmn-70278721, networkLocation: /default-rack, certSerialId: null}, Type:RATIS, Factor:THREE, State:OPEN]. The last committed block length is 0, uncommitted data length is 400 retry count 0
2019-10-04 06:13:30,267 [Thread-3900] INFO  impl.FollowerState (FollowerState.java:run(108)) - 6a20f4ed-c225-463e-b5f9-99b45118de41@group-2E2C1A4E0FAF-FollowerState: change to CANDIDATE, lastRpcTime:5007ms, electionTimeout:5007ms
2019-10-04 06:13:30,271 [Thread-3900] INFO  impl.RoleInfo (RoleInfo.java:shutdownFollowerState(121)) - 6a20f4ed-c225-463e-b5f9-99b45118de41: shutdown FollowerState
2019-10-04 06:13:30,271 [Thread-3900] INFO  impl.RaftServerImpl (RaftServerImpl.java:setRole(170)) - 6a20f4ed-c225-463e-b5f9-99b45118de41@group-2E2C1A4E0FAF: changes role from  FOLLOWER to CANDIDATE at term 1 for changeToCandidate
2019-10-04 06:13:30,271 [Thread-3900] INFO  impl.RoleInfo (RoleInfo.java:updateAndGet(143)) - 6a20f4ed-c225-463e-b5f9-99b45118de41: start LeaderElection
2019-10-04 06:13:30,289 [6a20f4ed-c225-463e-b5f9-99b45118de41@group-2E2C1A4E0FAF-LeaderElection92] INFO  impl.LeaderElection (LeaderElection.java:askForVotes(178)) - 6a20f4ed-c225-463e-b5f9-99b45118de41@group-2E2C1A4E0FAF-LeaderElection92: begin an election at term 2 for -1: [6a20f4ed-c225-463e-b5f9-99b45118de41:192.168.151.69:34648, 32efdfc3-f14c-4bda-808a-470d99a3fb0e:192.168.151.69:37395, 0a895fe0-e95b-44b0-88a5-40095369d54c:192.168.151.69:42576], old=null
2019-10-04 06:13:30,294 [grpc-default-executor-5] INFO  impl.RaftServerImpl (RaftServerImpl.java:setRole(170)) - 32efdfc3-f14c-4bda-808a-470d99a3fb0e@group-2E2C1A4E0FAF: changes role from  FOLLOWER to FOLLOWER at term 2 for recognizeCandidate:6a20f4ed-c225-463e-b5f9-99b45118de41
2019-10-04 06:13:30,294 [grpc-default-executor-8] INFO  impl.RaftServerImpl (RaftServerImpl.java:setRole(170)) - 0a895fe0-e95b-44b0-88a5-40095369d54c@group-2E2C1A4E0FAF: changes role from  FOLLOWER to FOLLOWER at term 2 for recognizeCandidate:6a20f4ed-c225-463e-b5f9-99b45118de41
2019-10-04 06:13:30,295 [grpc-default-executor-5] INFO  impl.RoleInfo (RoleInfo.java:shutdownFollowerState(121)) - 32efdfc3-f14c-4bda-808a-470d99a3fb0e: shutdown FollowerState
2019-10-04 06:13:30,295 [grpc-default-executor-8] INFO  impl.RoleInfo (RoleInfo.java:shutdownFollowerState(121)) - 0a895fe0-e95b-44b0-88a5-40095369d54c: shutdown FollowerState
2019-10-04 06:13:30,295 [Thread-3903] INFO  impl.FollowerState (FollowerState.java:run(117)) - 32efdfc3-f14c-4bda-808a-470d99a3fb0e@group-2E2C1A4E0FAF-FollowerState was interrupted: java.lang.InterruptedException: sleep interrupted
2019-10-04 06:13:30,295 [grpc-default-executor-5] INFO  impl.RoleInfo (RoleInfo.java:updateAndGet(143)) - 32efdfc3-f14c-4bda-808a-470d99a3fb0e: start FollowerState
2019-10-04 06:13:30,295 [Thread-3902] INFO  impl.FollowerState (FollowerState.java:run(117)) - 0a895fe0-e95b-44b0-88a5-40095369d54c@group-2E2C1A4E0FAF-FollowerState was interrupted: java.lang.InterruptedException: sleep interrupted
2019-10-04 06:13:30,295 [grpc-default-executor-8] INFO  impl.RoleInfo (RoleInfo.java:updateAndGet(143)) - 0a895fe0-e95b-44b0-88a5-40095369d54c: start FollowerState
2019-10-04 06:13:30,316 [6a20f4ed-c225-463e-b5f9-99b45118de41@group-2E2C1A4E0FAF-LeaderElection92] INFO  impl.LeaderElection (LeaderElection.java:logAndReturn(56)) - 6a20f4ed-c225-463e-b5f9-99b45118de41@group-2E2C1A4E0FAF-LeaderElection92: Election PASSED; received 1 response(s) [6a20f4ed-c225-463e-b5f9-99b45118de41<-32efdfc3-f14c-4bda-808a-470d99a3fb0e#0:OK-t2] and 0 exception(s); 6a20f4ed-c225-463e-b5f9-99b45118de41@group-2E2C1A4E0FAF:t2, leader=null, voted=6a20f4ed-c225-463e-b5f9-99b45118de41, raftlog=6a20f4ed-c225-463e-b5f9-99b45118de41@group-2E2C1A4E0FAF-SegmentedRaftLog:OPENED:c-1,f-1,i0, conf=-1: [6a20f4ed-c225-463e-b5f9-99b45118de41:192.168.151.69:34648, 32efdfc3-f14c-4bda-808a-470d99a3fb0e:192.168.151.69:37395, 0a895fe0-e95b-44b0-88a5-40095369d54c:192.168.151.69:42576], old=null
2019-10-04 06:13:30,316 [6a20f4ed-c225-463e-b5f9-99b45118de41@group-2E2C1A4E0FAF-LeaderElection92] INFO  impl.RoleInfo (RoleInfo.java:shutdownLeaderElection(134)) - 6a20f4ed-c225-463e-b5f9-99b45118de41: shutdown LeaderElection
2019-10-04 06:13:30,316 [6a20f4ed-c225-463e-b5f9-99b45118de41@group-2E2C1A4E0FAF-LeaderElection92] INFO  impl.RaftServerImpl (RaftServerImpl.java:setRole(170)) - 6a20f4ed-c225-463e-b5f9-99b45118de41@group-2E2C1A4E0FAF: changes role from CANDIDATE to LEADER at term 2 for changeToLeader
2019-10-04 06:13:30,316 [6a20f4ed-c225-463e-b5f9-99b45118de41@group-2E2C1A4E0FAF-LeaderElection92] INFO  impl.RaftServerImpl (ServerState.java:setLeader(255)) - 6a20f4ed-c225-463e-b5f9-99b45118de41@group-2E2C1A4E0FAF: change Leader from null to 6a20f4ed-c225-463e-b5f9-99b45118de41 at term 2 for becomeLeader, leader elected after 10166ms
2019-10-04 06:13:30,316 [6a20f4ed-c225-463e-b5f9-99b45118de41@group-2E2C1A4E0FAF-LeaderElection92] INFO  server.RaftServerConfigKeys (ConfUtils.java:logGet(43)) - raft.server.staging.catchup.gap = 1000 (default)
2019-10-04 06:13:30,317 [6a20f4ed-c225-463e-b5f9-99b45118de41@group-2E2C1A4E0FAF-LeaderElection92] INFO  server.RaftServerConfigKeys (ConfUtils.java:logGet(43)) - raft.server.rpc.sleep.time = 25ms (default)
2019-10-04 06:13:30,317 [6a20f4ed-c225-463e-b5f9-99b45118de41@group-2E2C1A4E0FAF-LeaderElection92] INFO  server.RaftServerConfigKeys (ConfUtils.java:logGet(43)) - raft.server.write.element-limit = 4096 (default)
2019-10-04 06:13:30,317 [6a20f4ed-c225-463e-b5f9-99b45118de41@group-2E2C1A4E0FAF-LeaderElection92] INFO  server.RaftServerConfigKeys (ConfUtils.java:logGet(43)) - raft.server.watch.timeout = 10s (default)
2019-10-04 06:13:30,317 [6a20f4ed-c225-463e-b5f9-99b45118de41@group-2E2C1A4E0FAF-LeaderElection92] INFO  server.RaftServerConfigKeys (ConfUtils.java:logGet(43)) - raft.server.watch.timeout.denomination = 1s (default)
2019-10-04 06:13:30,317 [6a20f4ed-c225-463e-b5f9-99b45118de41@group-2E2C1A4E0FAF-LeaderElection92] INFO  server.RaftServerConfigKeys (ConfUtils.java:logGet(43)) - raft.server.watch.element-limit = 65536 (default)
2019-10-04 06:13:30,321 [6a20f4ed-c225-463e-b5f9-99b45118de41@group-2E2C1A4E0FAF-LeaderElection92] INFO  server.RaftServerConfigKeys (ConfUtils.java:logGet(43)) - raft.server.log.appender.snapshot.chunk.size.max = 16MB (=16777216) (default)
2019-10-04 06:13:30,321 [6a20f4ed-c225-463e-b5f9-99b45118de41@group-2E2C1A4E0FAF-LeaderElection92] INFO  server.RaftServerConfigKeys (ConfUtils.java:logGet(43)) - raft.server.log.appender.buffer.byte-limit = 33554432 (custom)
2019-10-04 06:13:30,321 [6a20f4ed-c225-463e-b5f9-99b45118de41@group-2E2C1A4E0FAF-LeaderElection92] INFO  server.RaftServerConfigKeys (ConfUtils.java:logGet(43)) - raft.server.log.appender.buffer.element-limit = 1 (custom)
2019-10-04 06:13:30,321 [6a20f4ed-c225-463e-b5f9-99b45118de41@group-2E2C1A4E0FAF-LeaderElection92] INFO  grpc.GrpcConfigKeys$Server (ConfUtils.java:logGet(43)) - raft.grpc.server.leader.outstanding.appends.max = 128 (default)
2019-10-04 06:13:30,321 [6a20f4ed-c225-463e-b5f9-99b45118de41@group-2E2C1A4E0FAF-LeaderElection92] INFO  server.RaftServerConfigKeys (ConfUtils.java:logGet(43)) - raft.server.rpc.request.timeout = 3000ms (default)
2019-10-04 06:13:30,322 [6a20f4ed-c225-463e-b5f9-99b45118de41@group-2E2C1A4E0FAF-LeaderElection92] INFO  server.RaftServerConfigKeys (ConfUtils.java:logGet(43)) - raft.server.log.appender.install.snapshot.enabled = false (custom)
2019-10-04 06:13:30,322 [6a20f4ed-c225-463e-b5f9-99b45118de41@group-2E2C1A4E0FAF-LeaderElection92] INFO  server.RaftServerConfigKeys (ConfUtils.java:logGet(43)) - raft.server.log.appender.snapshot.chunk.size.max = 16MB (=16777216) (default)
2019-10-04 06:13:30,322 [6a20f4ed-c225-463e-b5f9-99b45118de41@group-2E2C1A4E0FAF-LeaderElection92] INFO  server.RaftServerConfigKeys (ConfUtils.java:logGet(43)) - raft.server.log.appender.buffer.byte-limit = 33554432 (custom)
2019-10-04 06:13:30,322 [6a20f4ed-c225-463e-b5f9-99b45118de41@group-2E2C1A4E0FAF-LeaderElection92] INFO  server.RaftServerConfigKeys (ConfUtils.java:logGet(43)) - raft.server.log.appender.buffer.element-limit = 1 (custom)
2019-10-04 06:13:30,322 [6a20f4ed-c225-463e-b5f9-99b45118de41@group-2E2C1A4E0FAF-LeaderElection92] INFO  grpc.GrpcConfigKeys$Server (ConfUtils.java:logGet(43)) - raft.grpc.server.leader.outstanding.appends.max = 128 (default)
2019-10-04 06:13:30,322 [6a20f4ed-c225-463e-b5f9-99b45118de41@group-2E2C1A4E0FAF-LeaderElection92] INFO  server.RaftServerConfigKeys (ConfUtils.java:logGet(43)) - raft.server.rpc.request.timeout = 3000ms (default)
2019-10-04 06:13:30,323 [6a20f4ed-c225-463e-b5f9-99b45118de41@group-2E2C1A4E0FAF-LeaderElection92] INFO  server.RaftServerConfigKeys (ConfUtils.java:logGet(43)) - raft.server.log.appender.install.snapshot.enabled = false (custom)
2019-10-04 06:13:30,323 [6a20f4ed-c225-463e-b5f9-99b45118de41@group-2E2C1A4E0FAF-LeaderElection92] INFO  impl.RoleInfo (RoleInfo.java:updateAndGet(143)) - 6a20f4ed-c225-463e-b5f9-99b45118de41: start LeaderState
2019-10-04 06:13:30,323 [6a20f4ed-c225-463e-b5f9-99b45118de41@group-2E2C1A4E0FAF-LeaderElection92] INFO  segmented.SegmentedRaftLogWorker (SegmentedRaftLogWorker.java:startLogSegment(385)) - 6a20f4ed-c225-463e-b5f9-99b45118de41@group-2E2C1A4E0FAF-SegmentedRaftLogWorker: Starting segment from index:0
2019-10-04 06:13:30,324 [6a20f4ed-c225-463e-b5f9-99b45118de41@group-2E2C1A4E0FAF-LeaderElection92] INFO  impl.RaftServerImpl (ServerState.java:setRaftConf(356)) - 6a20f4ed-c225-463e-b5f9-99b45118de41@group-2E2C1A4E0FAF: set configuration 0: [6a20f4ed-c225-463e-b5f9-99b45118de41:192.168.151.69:34648, 32efdfc3-f14c-4bda-808a-470d99a3fb0e:192.168.151.69:37395, 0a895fe0-e95b-44b0-88a5-40095369d54c:192.168.151.69:42576], old=null at 0
2019-10-04 06:13:30,325 [grpc-default-executor-5] INFO  impl.RaftServerImpl (ServerState.java:setLeader(255)) - 32efdfc3-f14c-4bda-808a-470d99a3fb0e@group-2E2C1A4E0FAF: change Leader from null to 6a20f4ed-c225-463e-b5f9-99b45118de41 at term 2 for appendEntries, leader elected after 10175ms
2019-10-04 06:13:30,326 [grpc-default-executor-8] INFO  impl.RaftServerImpl (ServerState.java:setLeader(255)) - 0a895fe0-e95b-44b0-88a5-40095369d54c@group-2E2C1A4E0FAF: change Leader from null to 6a20f4ed-c225-463e-b5f9-99b45118de41 at term 2 for appendEntries, leader elected after 10176ms
2019-10-04 06:13:30,352 [grpc-default-executor-5] INFO  impl.RaftServerImpl (ServerState.java:setRaftConf(356)) - 32efdfc3-f14c-4bda-808a-470d99a3fb0e@group-2E2C1A4E0FAF: set configuration 0: [6a20f4ed-c225-463e-b5f9-99b45118de41:192.168.151.69:34648, 32efdfc3-f14c-4bda-808a-470d99a3fb0e:192.168.151.69:37395, 0a895fe0-e95b-44b0-88a5-40095369d54c:192.168.151.69:42576], old=null at 0
2019-10-04 06:13:30,352 [grpc-default-executor-8] INFO  impl.RaftServerImpl (ServerState.java:setRaftConf(356)) - 0a895fe0-e95b-44b0-88a5-40095369d54c@group-2E2C1A4E0FAF: set configuration 0: [6a20f4ed-c225-463e-b5f9-99b45118de41:192.168.151.69:34648, 32efdfc3-f14c-4bda-808a-470d99a3fb0e:192.168.151.69:37395, 0a895fe0-e95b-44b0-88a5-40095369d54c:192.168.151.69:42576], old=null at 0
2019-10-04 06:13:30,352 [grpc-default-executor-5] INFO  segmented.SegmentedRaftLogWorker (SegmentedRaftLogWorker.java:startLogSegment(385)) - 32efdfc3-f14c-4bda-808a-470d99a3fb0e@group-2E2C1A4E0FAF-SegmentedRaftLogWorker: Starting segment from index:0
2019-10-04 06:13:30,352 [grpc-default-executor-8] INFO  segmented.SegmentedRaftLogWorker (SegmentedRaftLogWorker.java:startLogSegment(385)) - 0a895fe0-e95b-44b0-88a5-40095369d54c@group-2E2C1A4E0FAF-SegmentedRaftLogWorker: Starting segment from index:0
2019-10-04 06:13:30,363 [6a20f4ed-c225-463e-b5f9-99b45118de41@group-2E2C1A4E0FAF-SegmentedRaftLogWorker] INFO  segmented.SegmentedRaftLogWorker (SegmentedRaftLogWorker.java:execute(574)) - 6a20f4ed-c225-463e-b5f9-99b45118de41@group-2E2C1A4E0FAF-SegmentedRaftLogWorker: created new log segment /workdir/hadoop-ozone/integration-test/target/test-dir/MiniOzoneClusterImpl-f2c63e22-5472-4ef8-9a63-56aaf7805485/datanode-4/data/ratis/b0a0da09-d3ac-4140-8148-2e2c1a4e0faf/current/log_inprogress_0
2019-10-04 06:13:30,384 [0a895fe0-e95b-44b0-88a5-40095369d54c@group-2E2C1A4E0FAF-SegmentedRaftLogWorker] INFO  segmented.SegmentedRaftLogWorker (SegmentedRaftLogWorker.java:execute(574)) - 0a895fe0-e95b-44b0-88a5-40095369d54c@group-2E2C1A4E0FAF-SegmentedRaftLogWorker: created new log segment /workdir/hadoop-ozone/integration-test/target/test-dir/MiniOzoneClusterImpl-f2c63e22-5472-4ef8-9a63-56aaf7805485/datanode-5/data/ratis/b0a0da09-d3ac-4140-8148-2e2c1a4e0faf/current/log_inprogress_0
2019-10-04 06:13:30,396 [32efdfc3-f14c-4bda-808a-470d99a3fb0e@group-2E2C1A4E0FAF-SegmentedRaftLogWorker] INFO  segmented.SegmentedRaftLogWorker (SegmentedRaftLogWorker.java:execute(574)) - 32efdfc3-f14c-4bda-808a-470d99a3fb0e@group-2E2C1A4E0FAF-SegmentedRaftLogWorker: created new log segment /workdir/hadoop-ozone/integration-test/target/test-dir/MiniOzoneClusterImpl-f2c63e22-5472-4ef8-9a63-56aaf7805485/datanode-6/data/ratis/b0a0da09-d3ac-4140-8148-2e2c1a4e0faf/current/log_inprogress_0
2019-10-04 06:13:30,582 [main] INFO  ozone.MiniOzoneClusterImpl (MiniOzoneClusterImpl.java:shutdown(314)) - Shutting down the Mini Ozone Cluster
2019-10-04 06:13:30,582 [main] INFO  ozone.MiniOzoneClusterImpl (MiniOzoneClusterImpl.java:stop(330)) - Stopping the Mini Ozone Cluster
2019-10-04 06:13:30,582 [main] INFO  ozone.MiniOzoneClusterImpl (MiniOzoneClusterImpl.java:stopOM(400)) - Stopping the OzoneManager
2019-10-04 06:13:30,582 [main] INFO  ipc.Server (Server.java:stop(3082)) - Stopping server on 33930
2019-10-04 06:13:30,606 [IPC Server listener on 33930] INFO  ipc.Server (Server.java:run(1185)) - Stopping IPC Server listener on 33930
2019-10-04 06:13:30,608 [IPC Server Responder] INFO  ipc.Server (Server.java:run(1319)) - Stopping IPC Server Responder
2019-10-04 06:13:30,608 [main] INFO  ratis.OzoneManagerDoubleBuffer (OzoneManagerDoubleBuffer.java:stop(248)) - Stopping OMDoubleBuffer flush thread
2019-10-04 06:13:30,624 [OMDoubleBufferFlushThread] INFO  ratis.OzoneManagerDoubleBuffer (OzoneManagerDoubleBuffer.java:flushTransactions(191)) - OMDoubleBuffer flush thread OMDoubleBufferFlushThread is interrupted and will exit. OMDoubleBufferFlushThread
2019-10-04 06:13:30,624 [main] INFO  utils.BackgroundService (BackgroundService.java:shutdown(148)) - Shutting down service KeyDeletingService
2019-10-04 06:13:33,646 [main] INFO  handler.ContextHandler (ContextHandler.java:doStop(910)) - Stopped o.e.j.w.WebAppContext@6b2ef50e{/,null,UNAVAILABLE}{/ozoneManager}
2019-10-04 06:13:33,648 [main] INFO  server.AbstractConnector (AbstractConnector.java:doStop(318)) - Stopped ServerConnector@6f867b0c{HTTP/1.1,[http/1.1]}{0.0.0.0:0}
2019-10-04 06:13:33,649 [main] INFO  handler.ContextHandler (ContextHandler.java:doStop(910)) - Stopped o.e.j.s.ServletContextHandler@794c5f5e{/static,file:///workdir/hadoop-ozone/integration-test/target/test-classes/webapps/static,UNAVAILABLE}
2019-10-04 06:13:33,649 [main] INFO  handler.ContextHandler (ContextHandler.java:doStop(910)) - Stopped o.e.j.s.ServletContextHandler@75839695{/logs,file:///workdir/hadoop-ozone/integration-test/target/log,UNAVAILABLE}
2019-10-04 06:13:33,652 [main] INFO  ozone.MiniOzoneClusterImpl (MiniOzoneClusterImpl.java:stopDatanodes(377)) - Stopping the HddsDatanodes
2019-10-04 06:13:34,281 [Datanode State Machine Thread - 0] INFO  statemachine.DatanodeStateMachine (DatanodeStateMachine.java:lambda$startDaemon$0(350)) - Ozone container server started.
2019-10-04 06:13:34,486 [Datanode State Machine Thread - 0] INFO  statemachine.DatanodeStateMachine (DatanodeStateMachine.java:lambda$startDaemon$0(350)) - Ozone container server started.
2019-10-04 06:13:38,306 [EventQueue-StaleNodeForStaleNodeHandler] INFO  node.StaleNodeHandler (StaleNodeHandler.java:onMessage(58)) - Datanode b0c93557-f206-49b3-b845-27ddea8ebda5{ip: 192.168.151.69, host: trunk-nightly-20191004-lpvmn-70278721, networkLocation: /default-rack, certSerialId: null} moved to stale state. Finalizing its pipelines [PipelineID=ec327430-c78f-4468-85ff-9700e898429a, PipelineID=f4adb192-49a1-46c5-befe-7b63199fc393]
2019-10-04 06:13:38,306 [EventQueue-StaleNodeForStaleNodeHandler] INFO  pipeline.SCMPipelineManager (SCMPipelineManager.java:finalizeAndDestroyPipeline(315)) - destroying pipeline:Pipeline[ Id: ec327430-c78f-4468-85ff-9700e898429a, Nodes: b0c93557-f206-49b3-b845-27ddea8ebda5{ip: 192.168.151.69, host: trunk-nightly-20191004-lpvmn-70278721, networkLocation: /default-rack, certSerialId: null}, Type:RATIS, Factor:ONE, State:OPEN]
2019-10-04 06:13:38,306 [EventQueue-StaleNodeForStaleNodeHandler] INFO  pipeline.PipelineStateManager (PipelineStateManager.java:finalizePipeline(123)) - Pipeline Pipeline[ Id: ec327430-c78f-4468-85ff-9700e898429a, Nodes: b0c93557-f206-49b3-b845-27ddea8ebda5{ip: 192.168.151.69, host: trunk-nightly-20191004-lpvmn-70278721, networkLocation: /default-rack, certSerialId: null}, Type:RATIS, Factor:ONE, State:CLOSED] moved to CLOSED state
2019-10-04 06:13:38,307 [EventQueue-StaleNodeForStaleNodeHandler] INFO  pipeline.SCMPipelineManager (SCMPipelineManager.java:finalizeAndDestroyPipeline(315)) - destroying pipeline:Pipeline[ Id: f4adb192-49a1-46c5-befe-7b63199fc393, Nodes: 29be59ed-680c-458c-aec9-68f2979afc9a{ip: 192.168.151.69, host: trunk-nightly-20191004-lpvmn-70278721, networkLocation: /default-rack, certSerialId: null}b0c93557-f206-49b3-b845-27ddea8ebda5{ip: 192.168.151.69, host: trunk-nightly-20191004-lpvmn-70278721, networkLocation: /default-rack, certSerialId: null}d50021de-ef3c-4ba4-9a1f-74e99ee73c0d{ip: 192.168.151.69, host: trunk-nightly-20191004-lpvmn-70278721, networkLocation: /default-rack, certSerialId: null}, Type:RATIS, Factor:THREE, State:OPEN]
2019-10-04 06:13:38,307 [EventQueue-StaleNodeForStaleNodeHandler] INFO  pipeline.PipelineStateManager (PipelineStateManager.java:finalizePipeline(123)) - Pipeline Pipeline[ Id: f4adb192-49a1-46c5-befe-7b63199fc393, Nodes: 29be59ed-680c-458c-aec9-68f2979afc9a{ip: 192.168.151.69, host: trunk-nightly-20191004-lpvmn-70278721, networkLocation: /default-rack, certSerialId: null}b0c93557-f206-49b3-b845-27ddea8ebda5{ip: 192.168.151.69, host: trunk-nightly-20191004-lpvmn-70278721, networkLocation: /default-rack, certSerialId: null}d50021de-ef3c-4ba4-9a1f-74e99ee73c0d{ip: 192.168.151.69, host: trunk-nightly-20191004-lpvmn-70278721, networkLocation: /default-rack, certSerialId: null}, Type:RATIS, Factor:THREE, State:CLOSED] moved to CLOSED state
2019-10-04 06:13:38,307 [EventQueue-CloseContainerForCloseContainerEventHandler] INFO  container.CloseContainerEventHandler (CloseContainerEventHandler.java:onMessage(61)) - Close container Event triggered for container : #2
2019-10-04 06:13:38,506 [EventQueue-StaleNodeForStaleNodeHandler] INFO  node.StaleNodeHandler (StaleNodeHandler.java:onMessage(58)) - Datanode 6a20f4ed-c225-463e-b5f9-99b45118de41{ip: 192.168.151.69, host: trunk-nightly-20191004-lpvmn-70278721, networkLocation: /default-rack, certSerialId: null} moved to stale state. Finalizing its pipelines [PipelineID=b0a0da09-d3ac-4140-8148-2e2c1a4e0faf, PipelineID=2456b470-9c31-492e-95c1-6c1451212453]
2019-10-04 06:13:38,509 [EventQueue-StaleNodeForStaleNodeHandler] INFO  pipeline.SCMPipelineManager (SCMPipelineManager.java:finalizeAndDestroyPipeline(315)) - destroying pipeline:Pipeline[ Id: b0a0da09-d3ac-4140-8148-2e2c1a4e0faf, Nodes: 32efdfc3-f14c-4bda-808a-470d99a3fb0e{ip: 192.168.151.69, host: trunk-nightly-20191004-lpvmn-70278721, networkLocation: /default-rack, certSerialId: null}6a20f4ed-c225-463e-b5f9-99b45118de41{ip: 192.168.151.69, host: trunk-nightly-20191004-lpvmn-70278721, networkLocation: /default-rack, certSerialId: null}0a895fe0-e95b-44b0-88a5-40095369d54c{ip: 192.168.151.69, host: trunk-nightly-20191004-lpvmn-70278721, networkLocation: /default-rack, certSerialId: null}, Type:RATIS, Factor:THREE, State:OPEN]
2019-10-04 06:13:38,510 [EventQueue-StaleNodeForStaleNodeHandler] INFO  pipeline.PipelineStateManager (PipelineStateManager.java:finalizePipeline(123)) - Pipeline Pipeline[ Id: b0a0da09-d3ac-4140-8148-2e2c1a4e0faf, Nodes: 32efdfc3-f14c-4bda-808a-470d99a3fb0e{ip: 192.168.151.69, host: trunk-nightly-20191004-lpvmn-70278721, networkLocation: /default-rack, certSerialId: null}6a20f4ed-c225-463e-b5f9-99b45118de41{ip: 192.168.151.69, host: trunk-nightly-20191004-lpvmn-70278721, networkLocation: /default-rack, certSerialId: null}0a895fe0-e95b-44b0-88a5-40095369d54c{ip: 192.168.151.69, host: trunk-nightly-20191004-lpvmn-70278721, networkLocation: /default-rack, certSerialId: null}, Type:RATIS, Factor:THREE, State:CLOSED] moved to CLOSED state
2019-10-04 06:13:38,510 [EventQueue-CloseContainerForCloseContainerEventHandler] INFO  container.CloseContainerEventHandler (CloseContainerEventHandler.java:onMessage(61)) - Close container Event triggered for container : #3
2019-10-04 06:13:38,510 [EventQueue-StaleNodeForStaleNodeHandler] INFO  pipeline.SCMPipelineManager (SCMPipelineManager.java:finalizeAndDestroyPipeline(315)) - destroying pipeline:Pipeline[ Id: 2456b470-9c31-492e-95c1-6c1451212453, Nodes: 6a20f4ed-c225-463e-b5f9-99b45118de41{ip: 192.168.151.69, host: trunk-nightly-20191004-lpvmn-70278721, networkLocation: /default-rack, certSerialId: null}, Type:RATIS, Factor:ONE, State:OPEN]
2019-10-04 06:13:38,531 [EventQueue-StaleNodeForStaleNodeHandler] INFO  pipeline.PipelineStateManager (PipelineStateManager.java:finalizePipeline(123)) - Pipeline Pipeline[ Id: 2456b470-9c31-492e-95c1-6c1451212453, Nodes: 6a20f4ed-c225-463e-b5f9-99b45118de41{ip: 192.168.151.69, host: trunk-nightly-20191004-lpvmn-70278721, networkLocation: /default-rack, certSerialId: null}, Type:RATIS, Factor:ONE, State:CLOSED] moved to CLOSED state
2019-10-04 06:13:38,881 [ForkJoinPool.commonPool-worker-1] INFO  ozoneimpl.OzoneContainer (OzoneContainer.java:stop(231)) - Attempting to stop container services.
2019-10-04 06:13:38,886 [ForkJoinPool.commonPool-worker-1] INFO  impl.RaftServerProxy (RaftServerProxy.java:lambda$close$4(314)) - b0c93557-f206-49b3-b845-27ddea8ebda5: close
2019-10-04 06:13:38,887 [ForkJoinPool.commonPool-worker-1] INFO  impl.RaftServerImpl (RaftServerImpl.java:lambda$shutdown$3(247)) - b0c93557-f206-49b3-b845-27ddea8ebda5@group-9700E898429A: shutdown
2019-10-04 06:13:38,887 [ForkJoinPool.commonPool-worker-1] INFO  util.JmxRegister (JmxRegister.java:unregister(73)) - Successfully un-registered JMX Bean with object name Ratis:service=RaftServer,group=group-9700E898429A,id=b0c93557-f206-49b3-b845-27ddea8ebda5
2019-10-04 06:13:38,887 [ForkJoinPool.commonPool-worker-1] INFO  impl.RoleInfo (RoleInfo.java:shutdownLeaderState(104)) - b0c93557-f206-49b3-b845-27ddea8ebda5: shutdown LeaderState
2019-10-04 06:13:38,888 [ForkJoinPool.commonPool-worker-1] INFO  impl.PendingRequests (PendingRequests.java:sendNotLeaderResponses(202)) - b0c93557-f206-49b3-b845-27ddea8ebda5@group-9700E898429A-PendingRequests: sendNotLeaderResponses
2019-10-04 06:13:38,888 [ForkJoinPool.commonPool-worker-1] INFO  impl.StateMachineUpdater (StateMachineUpdater.java:stopAndJoin(136)) - b0c93557-f206-49b3-b845-27ddea8ebda5@group-9700E898429A-StateMachineUpdater: set stopIndex = 0
2019-10-04 06:13:38,888 [ForkJoinPool.commonPool-worker-1] INFO  impl.RaftServerImpl (ServerState.java:close(387)) - b0c93557-f206-49b3-b845-27ddea8ebda5@group-9700E898429A: closes. applyIndex: 0
2019-10-04 06:13:38,889 [b0c93557-f206-49b3-b845-27ddea8ebda5@group-9700E898429A-SegmentedRaftLogWorker] INFO  segmented.SegmentedRaftLogWorker (SegmentedRaftLogWorker.java:run(316)) - b0c93557-f206-49b3-b845-27ddea8ebda5@group-9700E898429A-SegmentedRaftLogWorker was interrupted, exiting. There are 0 tasks remaining in the queue.
2019-10-04 06:13:38,893 [ForkJoinPool.commonPool-worker-1] INFO  segmented.SegmentedRaftLogWorker (SegmentedRaftLogWorker.java:close(224)) - b0c93557-f206-49b3-b845-27ddea8ebda5@group-9700E898429A-SegmentedRaftLogWorker close()
2019-10-04 06:13:38,900 [ForkJoinPool.commonPool-worker-1] INFO  impl.RaftServerImpl (RaftServerImpl.java:lambda$shutdown$3(247)) - b0c93557-f206-49b3-b845-27ddea8ebda5@group-7B63199FC393: shutdown
2019-10-04 06:13:38,900 [ForkJoinPool.commonPool-worker-1] INFO  util.JmxRegister (JmxRegister.java:unregister(73)) - Successfully un-registered JMX Bean with object name Ratis:service=RaftServer,group=group-7B63199FC393,id=b0c93557-f206-49b3-b845-27ddea8ebda5
2019-10-04 06:13:38,900 [ForkJoinPool.commonPool-worker-1] INFO  impl.RoleInfo (RoleInfo.java:shutdownLeaderState(104)) - b0c93557-f206-49b3-b845-27ddea8ebda5: shutdown LeaderState
2019-10-04 06:13:38,907 [ForkJoinPool.commonPool-worker-1] INFO  impl.PendingRequests (PendingRequests.java:sendNotLeaderResponses(202)) - b0c93557-f206-49b3-b845-27ddea8ebda5@group-7B63199FC393-PendingRequests: sendNotLeaderResponses
2019-10-04 06:13:38,907 [org.apache.ratis.server.impl.LogAppender$AppenderDaemon$$Lambda$507/776777645@787636e1] WARN  server.GrpcLogAppender (GrpcLogAppender.java:mayWait(143)) - b0c93557-f206-49b3-b845-27ddea8ebda5@group-7B63199FC393->29be59ed-680c-458c-aec9-68f2979afc9a-GrpcLogAppender: Wait interrupted by java.lang.InterruptedException
2019-10-04 06:13:38,907 [org.apache.ratis.server.impl.LogAppender$AppenderDaemon$$Lambda$507/776777645@29891bb8] WARN  server.GrpcLogAppender (GrpcLogAppender.java:mayWait(143)) - b0c93557-f206-49b3-b845-27ddea8ebda5@group-7B63199FC393->d50021de-ef3c-4ba4-9a1f-74e99ee73c0d-GrpcLogAppender: Wait interrupted by java.lang.InterruptedException
2019-10-04 06:13:38,913 [ForkJoinPool.commonPool-worker-1] INFO  impl.StateMachineUpdater (StateMachineUpdater.java:stopAndJoin(136)) - b0c93557-f206-49b3-b845-27ddea8ebda5@group-7B63199FC393-StateMachineUpdater: set stopIndex = 29
2019-10-04 06:13:38,913 [grpc-default-executor-5] INFO  server.GrpcServerProtocolService (GrpcServerProtocolService.java:onCompleted(113)) - d50021de-ef3c-4ba4-9a1f-74e99ee73c0d: Completed APPEND_ENTRIES, lastRequest: b0c93557-f206-49b3-b845-27ddea8ebda5->d50021de-ef3c-4ba4-9a1f-74e99ee73c0d#34-t1, previous=(t:1, i:29), leaderCommit=29, initializing? false, entries: <empty>
2019-10-04 06:13:38,913 [main] INFO  ozoneimpl.OzoneContainer (OzoneContainer.java:stop(231)) - Attempting to stop container services.
2019-10-04 06:13:38,913 [b0c93557-f206-49b3-b845-27ddea8ebda5@group-7B63199FC393-StateMachineUpdater] INFO  ratis.ContainerStateMachine (ContainerStateMachine.java:takeSnapshot(293)) - group-7B63199FC393: Taking a snapshot at:(t:1, i:29) file /workdir/hadoop-ozone/integration-test/target/test-dir/MiniOzoneClusterImpl-f2c63e22-5472-4ef8-9a63-56aaf7805485/datanode-1/data/ratis/f4adb192-49a1-46c5-befe-7b63199fc393/sm/snapshot.1_29
2019-10-04 06:13:38,914 [main] INFO  impl.RaftServerProxy (RaftServerProxy.java:lambda$close$4(314)) - 6a20f4ed-c225-463e-b5f9-99b45118de41: close
2019-10-04 06:13:38,913 [grpc-default-executor-5] INFO  server.GrpcLogAppender (GrpcLogAppender.java:onCompleted(293)) - b0c93557-f206-49b3-b845-27ddea8ebda5@group-7B63199FC393->d50021de-ef3c-4ba4-9a1f-74e99ee73c0d-AppendLogResponseHandler: follower responses appendEntries COMPLETED
2019-10-04 06:13:38,913 [grpc-default-executor-8] INFO  server.GrpcServerProtocolService (GrpcServerProtocolService.java:onCompleted(113)) - 29be59ed-680c-458c-aec9-68f2979afc9a: Completed APPEND_ENTRIES, lastRequest: b0c93557-f206-49b3-b845-27ddea8ebda5->29be59ed-680c-458c-aec9-68f2979afc9a#34-t1, previous=(t:1, i:29), leaderCommit=29, initializing? false, entries: <empty>
2019-10-04 06:13:38,914 [main] INFO  impl.RaftServerImpl (RaftServerImpl.java:lambda$shutdown$3(247)) - 6a20f4ed-c225-463e-b5f9-99b45118de41@group-2E2C1A4E0FAF: shutdown
2019-10-04 06:13:38,914 [grpc-default-executor-8] INFO  server.GrpcLogAppender (GrpcLogAppender.java:onCompleted(293)) - b0c93557-f206-49b3-b845-27ddea8ebda5@group-7B63199FC393->29be59ed-680c-458c-aec9-68f2979afc9a-AppendLogResponseHandler: follower responses appendEntries COMPLETED
2019-10-04 06:13:38,915 [main] INFO  util.JmxRegister (JmxRegister.java:unregister(73)) - Successfully un-registered JMX Bean with object name Ratis:service=RaftServer,group=group-2E2C1A4E0FAF,id=6a20f4ed-c225-463e-b5f9-99b45118de41
2019-10-04 06:13:38,918 [main] INFO  impl.RoleInfo (RoleInfo.java:shutdownLeaderState(104)) - 6a20f4ed-c225-463e-b5f9-99b45118de41: shutdown LeaderState
2019-10-04 06:13:38,929 [b0c93557-f206-49b3-b845-27ddea8ebda5@group-7B63199FC393-StateMachineUpdater] INFO  ratis.ContainerStateMachine (ContainerStateMachine.java:takeSnapshot(304)) - group-7B63199FC393: Finished taking a snapshot at:(t:1, i:29) file:/workdir/hadoop-ozone/integration-test/target/test-dir/MiniOzoneClusterImpl-f2c63e22-5472-4ef8-9a63-56aaf7805485/datanode-1/data/ratis/f4adb192-49a1-46c5-befe-7b63199fc393/sm/snapshot.1_29 time:17
2019-10-04 06:13:38,929 [org.apache.ratis.server.impl.LogAppender$AppenderDaemon$$Lambda$507/776777645@51b1fd09] WARN  server.GrpcLogAppender (GrpcLogAppender.java:mayWait(143)) - 6a20f4ed-c225-463e-b5f9-99b45118de41@group-2E2C1A4E0FAF->0a895fe0-e95b-44b0-88a5-40095369d54c-GrpcLogAppender: Wait interrupted by java.lang.InterruptedException
2019-10-04 06:13:38,929 [org.apache.ratis.server.impl.LogAppender$AppenderDaemon$$Lambda$507/776777645@31b93eec] WARN  server.GrpcLogAppender (GrpcLogAppender.java:mayWait(143)) - 6a20f4ed-c225-463e-b5f9-99b45118de41@group-2E2C1A4E0FAF->32efdfc3-f14c-4bda-808a-470d99a3fb0e-GrpcLogAppender: Wait interrupted by java.lang.InterruptedException
2019-10-04 06:13:38,929 [main] INFO  impl.PendingRequests (PendingRequests.java:sendNotLeaderResponses(202)) - 6a20f4ed-c225-463e-b5f9-99b45118de41@group-2E2C1A4E0FAF-PendingRequests: sendNotLeaderResponses
2019-10-04 06:13:38,932 [grpc-default-executor-5] INFO  impl.FollowerInfo (FollowerInfo.java:lambda$new$0(51)) - b0c93557-f206-49b3-b845-27ddea8ebda5@group-7B63199FC393->d50021de-ef3c-4ba4-9a1f-74e99ee73c0d: nextIndex: updateUnconditionally 30 -> 29
2019-10-04 06:13:38,932 [grpc-default-executor-7] INFO  server.GrpcServerProtocolService (GrpcServerProtocolService.java:onCompleted(113)) - 0a895fe0-e95b-44b0-88a5-40095369d54c: Completed APPEND_ENTRIES, lastRequest: 6a20f4ed-c225-463e-b5f9-99b45118de41->0a895fe0-e95b-44b0-88a5-40095369d54c#19-t2, previous=(t:2, i:15), leaderCommit=15, initializing? false, entries: <empty>
2019-10-04 06:13:38,938 [grpc-default-executor-8] INFO  impl.FollowerInfo (FollowerInfo.java:lambda$new$0(51)) - b0c93557-f206-49b3-b845-27ddea8ebda5@group-7B63199FC393->29be59ed-680c-458c-aec9-68f2979afc9a: nextIndex: updateUnconditionally 30 -> 29
2019-10-04 06:13:38,929 [b0c93557-f206-49b3-b845-27ddea8ebda5@group-7B63199FC393-StateMachineUpdater] INFO  impl.StateMachineUpdater (StateMachineUpdater.java:takeSnapshot(269)) - b0c93557-f206-49b3-b845-27ddea8ebda5@group-7B63199FC393-StateMachineUpdater: Took a snapshot at index 29
2019-10-04 06:13:38,939 [grpc-default-executor-9] INFO  server.GrpcLogAppender (GrpcLogAppender.java:onCompleted(293)) - 6a20f4ed-c225-463e-b5f9-99b45118de41@group-2E2C1A4E0FAF->0a895fe0-e95b-44b0-88a5-40095369d54c-AppendLogResponseHandler: follower responses appendEntries COMPLETED
2019-10-04 06:13:38,937 [6a20f4ed-c225-463e-b5f9-99b45118de41@group-2E2C1A4E0FAF-StateMachineUpdater] INFO  ratis.ContainerStateMachine (ContainerStateMachine.java:takeSnapshot(293)) - group-2E2C1A4E0FAF: Taking a snapshot at:(t:2, i:13) file /workdir/hadoop-ozone/integration-test/target/test-dir/MiniOzoneClusterImpl-f2c63e22-5472-4ef8-9a63-56aaf7805485/datanode-4/data/ratis/b0a0da09-d3ac-4140-8148-2e2c1a4e0faf/sm/snapshot.2_13
2019-10-04 06:13:38,937 [main] INFO  impl.StateMachineUpdater (StateMachineUpdater.java:stopAndJoin(136)) - 6a20f4ed-c225-463e-b5f9-99b45118de41@group-2E2C1A4E0FAF-StateMachineUpdater: set stopIndex = 15
2019-10-04 06:13:38,932 [grpc-default-executor-0] INFO  server.GrpcServerProtocolService (GrpcServerProtocolService.java:onCompleted(113)) - 32efdfc3-f14c-4bda-808a-470d99a3fb0e: Completed APPEND_ENTRIES, lastRequest: 6a20f4ed-c225-463e-b5f9-99b45118de41->32efdfc3-f14c-4bda-808a-470d99a3fb0e#19-t2, previous=(t:2, i:15), leaderCommit=15, initializing? false, entries: <empty>
2019-10-04 06:13:38,939 [grpc-default-executor-9] INFO  impl.FollowerInfo (FollowerInfo.java:lambda$new$0(51)) - 6a20f4ed-c225-463e-b5f9-99b45118de41@group-2E2C1A4E0FAF->0a895fe0-e95b-44b0-88a5-40095369d54c: nextIndex: updateUnconditionally 16 -> 15
2019-10-04 06:13:38,939 [b0c93557-f206-49b3-b845-27ddea8ebda5@group-7B63199FC393-StateMachineUpdater] INFO  impl.StateMachineUpdater (StateMachineUpdater.java:lambda$new$0(84)) - b0c93557-f206-49b3-b845-27ddea8ebda5@group-7B63199FC393-StateMachineUpdater: snapshotIndex: updateIncreasingly -1 -> 29
2019-10-04 06:13:38,940 [grpc-default-executor-0] INFO  server.GrpcLogAppender (GrpcLogAppender.java:onCompleted(293)) - 6a20f4ed-c225-463e-b5f9-99b45118de41@group-2E2C1A4E0FAF->32efdfc3-f14c-4bda-808a-470d99a3fb0e-AppendLogResponseHandler: follower responses appendEntries COMPLETED
2019-10-04 06:13:38,940 [ForkJoinPool.commonPool-worker-1] INFO  impl.RaftServerImpl (ServerState.java:close(387)) - b0c93557-f206-49b3-b845-27ddea8ebda5@group-7B63199FC393: closes. applyIndex: 29
2019-10-04 06:13:38,940 [grpc-default-executor-0] INFO  impl.FollowerInfo (FollowerInfo.java:lambda$new$0(51)) - 6a20f4ed-c225-463e-b5f9-99b45118de41@group-2E2C1A4E0FAF->32efdfc3-f14c-4bda-808a-470d99a3fb0e: nextIndex: updateUnconditionally 16 -> 15
2019-10-04 06:13:38,941 [b0c93557-f206-49b3-b845-27ddea8ebda5@group-7B63199FC393-SegmentedRaftLogWorker] INFO  segmented.SegmentedRaftLogWorker (SegmentedRaftLogWorker.java:run(316)) - b0c93557-f206-49b3-b845-27ddea8ebda5@group-7B63199FC393-SegmentedRaftLogWorker was interrupted, exiting. There are 0 tasks remaining in the queue.
2019-10-04 06:13:38,943 [ForkJoinPool.commonPool-worker-1] INFO  segmented.SegmentedRaftLogWorker (SegmentedRaftLogWorker.java:close(224)) - b0c93557-f206-49b3-b845-27ddea8ebda5@group-7B63199FC393-SegmentedRaftLogWorker close()
2019-10-04 06:13:38,953 [6a20f4ed-c225-463e-b5f9-99b45118de41@group-2E2C1A4E0FAF-StateMachineUpdater] INFO  ratis.ContainerStateMachine (ContainerStateMachine.java:takeSnapshot(304)) - group-2E2C1A4E0FAF: Finished taking a snapshot at:(t:2, i:13) file:/workdir/hadoop-ozone/integration-test/target/test-dir/MiniOzoneClusterImpl-f2c63e22-5472-4ef8-9a63-56aaf7805485/datanode-4/data/ratis/b0a0da09-d3ac-4140-8148-2e2c1a4e0faf/sm/snapshot.2_13 time:16
2019-10-04 06:13:38,957 [ForkJoinPool.commonPool-worker-1] INFO  server.GrpcService (GrpcService.java:closeImpl(164)) - b0c93557-f206-49b3-b845-27ddea8ebda5: shutdown server with port 42370 now
2019-10-04 06:13:38,958 [6a20f4ed-c225-463e-b5f9-99b45118de41@group-2E2C1A4E0FAF-StateMachineUpdater] INFO  impl.StateMachineUpdater (StateMachineUpdater.java:takeSnapshot(269)) - 6a20f4ed-c225-463e-b5f9-99b45118de41@group-2E2C1A4E0FAF-StateMachineUpdater: Took a snapshot at index 13
2019-10-04 06:13:38,958 [6a20f4ed-c225-463e-b5f9-99b45118de41@group-2E2C1A4E0FAF-StateMachineUpdater] INFO  impl.StateMachineUpdater (StateMachineUpdater.java:lambda$new$0(84)) - 6a20f4ed-c225-463e-b5f9-99b45118de41@group-2E2C1A4E0FAF-StateMachineUpdater: snapshotIndex: updateIncreasingly -1 -> 13
2019-10-04 06:13:38,958 [6a20f4ed-c225-463e-b5f9-99b45118de41@group-2E2C1A4E0FAF-StateMachineUpdater] INFO  ratis.ContainerStateMachine (ContainerStateMachine.java:takeSnapshot(293)) - group-2E2C1A4E0FAF: Taking a snapshot at:(t:2, i:13) file /workdir/hadoop-ozone/integration-test/target/test-dir/MiniOzoneClusterImpl-f2c63e22-5472-4ef8-9a63-56aaf7805485/datanode-4/data/ratis/b0a0da09-d3ac-4140-8148-2e2c1a4e0faf/sm/snapshot.2_13
2019-10-04 06:13:38,958 [grpc-default-executor-9] WARN  client.GrpcClientProtocolService (LogUtils.java:warn(134)) - 2-UnorderedRequestStreamObserver2: onError: org.apache.ratis.thirdparty.io.grpc.StatusRuntimeException: CANCELLED: cancelled before receiving half close
2019-10-04 06:13:38,959 [ForkJoinPool.commonPool-worker-1] INFO  server.GrpcService (GrpcService.java:closeImpl(172)) - b0c93557-f206-49b3-b845-27ddea8ebda5: shutdown server with port 42370 successfully
2019-10-04 06:13:38,961 [refreshUsed-/workdir/hadoop-ozone/integration-test/target/test-dir/MiniOzoneClusterImpl-f2c63e22-5472-4ef8-9a63-56aaf7805485/datanode-1/data/containers] WARN  fs.CachingGetSpaceUsed (CachingGetSpaceUsed.java:run(183)) - Thread Interrupted waiting to refresh disk information: sleep interrupted
2019-10-04 06:13:38,971 [6a20f4ed-c225-463e-b5f9-99b45118de41@group-2E2C1A4E0FAF-StateMachineUpdater] INFO  ratis.ContainerStateMachine (ContainerStateMachine.java:takeSnapshot(304)) - group-2E2C1A4E0FAF: Finished taking a snapshot at:(t:2, i:13) file:/workdir/hadoop-ozone/integration-test/target/test-dir/MiniOzoneClusterImpl-f2c63e22-5472-4ef8-9a63-56aaf7805485/datanode-4/data/ratis/b0a0da09-d3ac-4140-8148-2e2c1a4e0faf/sm/snapshot.2_13 time:12
2019-10-04 06:13:38,971 [6a20f4ed-c225-463e-b5f9-99b45118de41@group-2E2C1A4E0FAF-StateMachineUpdater] INFO  impl.StateMachineUpdater (StateMachineUpdater.java:takeSnapshot(269)) - 6a20f4ed-c225-463e-b5f9-99b45118de41@group-2E2C1A4E0FAF-StateMachineUpdater: Took a snapshot at index 13
2019-10-04 06:13:38,971 [6a20f4ed-c225-463e-b5f9-99b45118de41@group-2E2C1A4E0FAF-StateMachineUpdater] INFO  impl.StateMachineUpdater (StateMachineUpdater.java:lambda$new$0(84)) - 6a20f4ed-c225-463e-b5f9-99b45118de41@group-2E2C1A4E0FAF-StateMachineUpdater: snapshotIndex: updateIncreasingly 13 -> 13
2019-10-04 06:13:38,971 [main] INFO  impl.RaftServerImpl (ServerState.java:close(387)) - 6a20f4ed-c225-463e-b5f9-99b45118de41@group-2E2C1A4E0FAF: closes. applyIndex: 15
2019-10-04 06:13:38,972 [6a20f4ed-c225-463e-b5f9-99b45118de41@group-2E2C1A4E0FAF-SegmentedRaftLogWorker] INFO  segmented.SegmentedRaftLogWorker (SegmentedRaftLogWorker.java:run(316)) - 6a20f4ed-c225-463e-b5f9-99b45118de41@group-2E2C1A4E0FAF-SegmentedRaftLogWorker was interrupted, exiting. There are 0 tasks remaining in the queue.
2019-10-04 06:13:38,973 [main] INFO  segmented.SegmentedRaftLogWorker (SegmentedRaftLogWorker.java:close(224)) - 6a20f4ed-c225-463e-b5f9-99b45118de41@group-2E2C1A4E0FAF-SegmentedRaftLogWorker close()
2019-10-04 06:13:38,975 [main] INFO  impl.RaftServerImpl (RaftServerImpl.java:lambda$shutdown$3(247)) - 6a20f4ed-c225-463e-b5f9-99b45118de41@group-6C1451212453: shutdown
2019-10-04 06:13:38,976 [main] INFO  util.JmxRegister (JmxRegister.java:unregister(73)) - Successfully un-registered JMX Bean with object name Ratis:service=RaftServer,group=group-6C1451212453,id=6a20f4ed-c225-463e-b5f9-99b45118de41
2019-10-04 06:13:38,977 [main] INFO  impl.RoleInfo (RoleInfo.java:shutdownLeaderState(104)) - 6a20f4ed-c225-463e-b5f9-99b45118de41: shutdown LeaderState
2019-10-04 06:13:38,977 [main] INFO  impl.PendingRequests (PendingRequests.java:sendNotLeaderResponses(202)) - 6a20f4ed-c225-463e-b5f9-99b45118de41@group-6C1451212453-PendingRequests: sendNotLeaderResponses
2019-10-04 06:13:38,978 [main] INFO  impl.StateMachineUpdater (StateMachineUpdater.java:stopAndJoin(136)) - 6a20f4ed-c225-463e-b5f9-99b45118de41@group-6C1451212453-StateMachineUpdater: set stopIndex = 0
2019-10-04 06:13:38,978 [main] INFO  impl.RaftServerImpl (ServerState.java:close(387)) - 6a20f4ed-c225-463e-b5f9-99b45118de41@group-6C1451212453: closes. applyIndex: 0
2019-10-04 06:13:38,979 [6a20f4ed-c225-463e-b5f9-99b45118de41@group-6C1451212453-SegmentedRaftLogWorker] INFO  segmented.SegmentedRaftLogWorker (SegmentedRaftLogWorker.java:run(316)) - 6a20f4ed-c225-463e-b5f9-99b45118de41@group-6C1451212453-SegmentedRaftLogWorker was interrupted, exiting. There are 0 tasks remaining in the queue.
2019-10-04 06:13:38,979 [main] INFO  segmented.SegmentedRaftLogWorker (SegmentedRaftLogWorker.java:close(224)) - 6a20f4ed-c225-463e-b5f9-99b45118de41@group-6C1451212453-SegmentedRaftLogWorker close()
2019-10-04 06:13:38,982 [main] INFO  server.GrpcService (GrpcService.java:closeImpl(164)) - 6a20f4ed-c225-463e-b5f9-99b45118de41: shutdown server with port 34648 now
2019-10-04 06:13:38,983 [grpc-default-executor-8] WARN  client.GrpcClientProtocolService (LogUtils.java:warn(134)) - 1-UnorderedRequestStreamObserver1: onError: org.apache.ratis.thirdparty.io.grpc.StatusRuntimeException: CANCELLED: cancelled before receiving half close
2019-10-04 06:13:38,983 [main] INFO  server.GrpcService (GrpcService.java:closeImpl(172)) - 6a20f4ed-c225-463e-b5f9-99b45118de41: shutdown server with port 34648 successfully
2019-10-04 06:13:38,986 [ForkJoinPool.commonPool-worker-1] INFO  utils.BackgroundService (BackgroundService.java:shutdown(148)) - Shutting down service BlockDeletingService
2019-10-04 06:13:38,986 [refreshUsed-/workdir/hadoop-ozone/integration-test/target/test-dir/MiniOzoneClusterImpl-f2c63e22-5472-4ef8-9a63-56aaf7805485/datanode-4/data/containers] WARN  fs.CachingGetSpaceUsed (CachingGetSpaceUsed.java:run(183)) - Thread Interrupted waiting to refresh disk information: sleep interrupted
2019-10-04 06:13:38,995 [ForkJoinPool.commonPool-worker-1] INFO  statemachine.DatanodeStateMachine (DatanodeStateMachine.java:stopDaemon(395)) - Ozone container server stopped.
2019-10-04 06:13:39,012 [main] INFO  utils.BackgroundService (BackgroundService.java:shutdown(148)) - Shutting down service BlockDeletingService
2019-10-04 06:13:39,017 [main] INFO  statemachine.DatanodeStateMachine (DatanodeStateMachine.java:stopDaemon(395)) - Ozone container server stopped.
2019-10-04 06:13:42,608 [main] INFO  handler.ContextHandler (ContextHandler.java:doStop(910)) - Stopped o.e.j.w.WebAppContext@74a85515{/,null,UNAVAILABLE}{/hddsDatanode}
2019-10-04 06:13:42,608 [ForkJoinPool.commonPool-worker-1] INFO  handler.ContextHandler (ContextHandler.java:doStop(910)) - Stopped o.e.j.w.WebAppContext@7996d0d4{/,null,UNAVAILABLE}{/hddsDatanode}
2019-10-04 06:13:42,610 [ForkJoinPool.commonPool-worker-1] INFO  server.AbstractConnector (AbstractConnector.java:doStop(318)) - Stopped ServerConnector@fcf9525{HTTP/1.1,[http/1.1]}{0.0.0.0:0}
2019-10-04 06:13:42,610 [main] INFO  server.AbstractConnector (AbstractConnector.java:doStop(318)) - Stopped ServerConnector@4a2e1e52{HTTP/1.1,[http/1.1]}{0.0.0.0:0}
2019-10-04 06:13:42,614 [ForkJoinPool.commonPool-worker-1] INFO  handler.ContextHandler (ContextHandler.java:doStop(910)) - Stopped o.e.j.s.ServletContextHandler@1999149e{/static,jar:file:/home/user/.m2/repository/org/apache/hadoop/hadoop-hdds-container-service/0.5.0-SNAPSHOT/hadoop-hdds-container-service-0.5.0-SNAPSHOT.jar!/webapps/static,UNAVAILABLE}
2019-10-04 06:13:42,614 [main] INFO  handler.ContextHandler (ContextHandler.java:doStop(910)) - Stopped o.e.j.s.ServletContextHandler@58186f9f{/static,jar:file:/home/user/.m2/repository/org/apache/hadoop/hadoop-hdds-container-service/0.5.0-SNAPSHOT/hadoop-hdds-container-service-0.5.0-SNAPSHOT.jar!/webapps/static,UNAVAILABLE}
2019-10-04 06:13:42,617 [ForkJoinPool.commonPool-worker-1] INFO  handler.ContextHandler (ContextHandler.java:doStop(910)) - Stopped o.e.j.s.ServletContextHandler@63a84bb6{/logs,file:///workdir/hadoop-ozone/integration-test/target/log,UNAVAILABLE}
2019-10-04 06:13:42,617 [main] INFO  handler.ContextHandler (ContextHandler.java:doStop(910)) - Stopped o.e.j.s.ServletContextHandler@4bfa5eb9{/logs,file:///workdir/hadoop-ozone/integration-test/target/log,UNAVAILABLE}
2019-10-04 06:13:42,887 [Datanode State Machine Thread - 0] INFO  statemachine.DatanodeStateMachine (DatanodeStateMachine.java:lambda$startDaemon$0(350)) - Ozone container server started.
2019-10-04 06:13:43,289 [Datanode State Machine Thread - 0] INFO  statemachine.DatanodeStateMachine (DatanodeStateMachine.java:lambda$startDaemon$0(350)) - Ozone container server started.
2019-10-04 06:13:45,460 [Thread-3872] INFO  impl.FollowerState (FollowerState.java:run(108)) - d50021de-ef3c-4ba4-9a1f-74e99ee73c0d@group-7B63199FC393-FollowerState: change to CANDIDATE, lastRpcTime:8160ms, electionTimeout:5142ms
2019-10-04 06:13:45,461 [Thread-3872] INFO  impl.RoleInfo (RoleInfo.java:shutdownFollowerState(121)) - d50021de-ef3c-4ba4-9a1f-74e99ee73c0d: shutdown FollowerState
2019-10-04 06:13:45,461 [Thread-3872] INFO  impl.RaftServerImpl (RaftServerImpl.java:setRole(170)) - d50021de-ef3c-4ba4-9a1f-74e99ee73c0d@group-7B63199FC393: changes role from  FOLLOWER to CANDIDATE at term 1 for changeToCandidate
2019-10-04 06:13:45,461 [Thread-3872] INFO  impl.RoleInfo (RoleInfo.java:updateAndGet(143)) - d50021de-ef3c-4ba4-9a1f-74e99ee73c0d: start LeaderElection
2019-10-04 06:13:45,467 [d50021de-ef3c-4ba4-9a1f-74e99ee73c0d@group-7B63199FC393-LeaderElection93] INFO  impl.RaftServerImpl (ServerState.java:setLeader(255)) - d50021de-ef3c-4ba4-9a1f-74e99ee73c0d@group-7B63199FC393: change Leader from b0c93557-f206-49b3-b845-27ddea8ebda5 to null at term 1 for initElection
2019-10-04 06:13:45,477 [Thread-4006] INFO  impl.FollowerState (FollowerState.java:run(108)) - 32efdfc3-f14c-4bda-808a-470d99a3fb0e@group-2E2C1A4E0FAF-FollowerState: change to CANDIDATE, lastRpcTime:7390ms, electionTimeout:5082ms
2019-10-04 06:13:45,477 [Thread-4006] INFO  impl.RoleInfo (RoleInfo.java:shutdownFollowerState(121)) - 32efdfc3-f14c-4bda-808a-470d99a3fb0e: shutdown FollowerState
2019-10-04 06:13:45,478 [Thread-4006] INFO  impl.RaftServerImpl (RaftServerImpl.java:setRole(170)) - 32efdfc3-f14c-4bda-808a-470d99a3fb0e@group-2E2C1A4E0FAF: changes role from  FOLLOWER to CANDIDATE at term 2 for changeToCandidate
2019-10-04 06:13:45,478 [Thread-4006] INFO  impl.RoleInfo (RoleInfo.java:updateAndGet(143)) - 32efdfc3-f14c-4bda-808a-470d99a3fb0e: start LeaderElection
2019-10-04 06:13:45,481 [32efdfc3-f14c-4bda-808a-470d99a3fb0e@group-2E2C1A4E0FAF-LeaderElection94] INFO  impl.RaftServerImpl (ServerState.java:setLeader(255)) - 32efdfc3-f14c-4bda-808a-470d99a3fb0e@group-2E2C1A4E0FAF: change Leader from 6a20f4ed-c225-463e-b5f9-99b45118de41 to null at term 2 for initElection
2019-10-04 06:13:45,483 [d50021de-ef3c-4ba4-9a1f-74e99ee73c0d@group-7B63199FC393-LeaderElection93] INFO  impl.LeaderElection (LeaderElection.java:askForVotes(178)) - d50021de-ef3c-4ba4-9a1f-74e99ee73c0d@group-7B63199FC393-LeaderElection93: begin an election at term 2 for 0: [29be59ed-680c-458c-aec9-68f2979afc9a:192.168.151.69:33636, b0c93557-f206-49b3-b845-27ddea8ebda5:192.168.151.69:42370, d50021de-ef3c-4ba4-9a1f-74e99ee73c0d:192.168.151.69:41884], old=null
2019-10-04 06:13:45,485 [32efdfc3-f14c-4bda-808a-470d99a3fb0e@group-2E2C1A4E0FAF-LeaderElection94] INFO  impl.LeaderElection (LeaderElection.java:askForVotes(178)) - 32efdfc3-f14c-4bda-808a-470d99a3fb0e@group-2E2C1A4E0FAF-LeaderElection94: begin an election at term 3 for 0: [6a20f4ed-c225-463e-b5f9-99b45118de41:192.168.151.69:34648, 32efdfc3-f14c-4bda-808a-470d99a3fb0e:192.168.151.69:37395, 0a895fe0-e95b-44b0-88a5-40095369d54c:192.168.151.69:42576], old=null
2019-10-04 06:13:45,490 [32efdfc3-f14c-4bda-808a-470d99a3fb0e@group-2E2C1A4E0FAF-LeaderElection94] INFO  impl.LeaderElection (LogUtils.java:infoOrTrace(149)) - 32efdfc3-f14c-4bda-808a-470d99a3fb0e@group-2E2C1A4E0FAF-LeaderElection94 got exception when requesting votes: {}
java.util.concurrent.ExecutionException: org.apache.ratis.thirdparty.io.grpc.StatusRuntimeException: UNAVAILABLE: io exception
	at java.util.concurrent.FutureTask.report(FutureTask.java:122)
	at java.util.concurrent.FutureTask.get(FutureTask.java:192)
	at org.apache.ratis.server.impl.LeaderElection.waitForResults(LeaderElection.java:259)
	at org.apache.ratis.server.impl.LeaderElection.askForVotes(LeaderElection.java:197)
	at org.apache.ratis.server.impl.LeaderElection.run(LeaderElection.java:133)
	at java.lang.Thread.run(Thread.java:748)
Caused by: org.apache.ratis.thirdparty.io.grpc.StatusRuntimeException: UNAVAILABLE: io exception
	at org.apache.ratis.thirdparty.io.grpc.stub.ClientCalls.toStatusRuntimeException(ClientCalls.java:233)
	at org.apache.ratis.thirdparty.io.grpc.stub.ClientCalls.getUnchecked(ClientCalls.java:214)
	at org.apache.ratis.thirdparty.io.grpc.stub.ClientCalls.blockingUnaryCall(ClientCalls.java:139)
	at org.apache.ratis.proto.grpc.RaftServerProtocolServiceGrpc$RaftServerProtocolServiceBlockingStub.requestVote(RaftServerProtocolServiceGrpc.java:265)
	at org.apache.ratis.grpc.server.GrpcServerProtocolClient.requestVote(GrpcServerProtocolClient.java:99)
	at org.apache.ratis.grpc.server.GrpcService.requestVote(GrpcService.java:204)
	at org.apache.ratis.server.impl.LeaderElection.lambda$submitRequests$1(LeaderElection.java:234)
	at java.util.concurrent.FutureTask.run(FutureTask.java:266)
	at java.util.concurrent.Executors$RunnableAdapter.call(Executors.java:511)
	at java.util.concurrent.FutureTask.run(FutureTask.java:266)
	at java.util.concurrent.ThreadPoolExecutor.runWorker(ThreadPoolExecutor.java:1149)
	at java.util.concurrent.ThreadPoolExecutor$Worker.run(ThreadPoolExecutor.java:624)
	... 1 more
Caused by: org.apache.ratis.thirdparty.io.netty.channel.AbstractChannel$AnnotatedConnectException: Connection refused: /192.168.151.69:34648
	at sun.nio.ch.SocketChannelImpl.checkConnect(Native Method)
	at sun.nio.ch.SocketChannelImpl.finishConnect(SocketChannelImpl.java:717)
	at org.apache.ratis.thirdparty.io.netty.channel.socket.nio.NioSocketChannel.doFinishConnect(NioSocketChannel.java:327)
	at org.apache.ratis.thirdparty.io.netty.channel.nio.AbstractNioChannel$AbstractNioUnsafe.finishConnect(AbstractNioChannel.java:340)
	at org.apache.ratis.thirdparty.io.netty.channel.nio.NioEventLoop.processSelectedKey(NioEventLoop.java:632)
	at org.apache.ratis.thirdparty.io.netty.channel.nio.NioEventLoop.processSelectedKeysOptimized(NioEventLoop.java:579)
	at org.apache.ratis.thirdparty.io.netty.channel.nio.NioEventLoop.processSelectedKeys(NioEventLoop.java:496)
	at org.apache.ratis.thirdparty.io.netty.channel.nio.NioEventLoop.run(NioEventLoop.java:458)
	at org.apache.ratis.thirdparty.io.netty.util.concurrent.SingleThreadEventExecutor$5.run(SingleThreadEventExecutor.java:897)
	at org.apache.ratis.thirdparty.io.netty.util.concurrent.FastThreadLocalRunnable.run(FastThreadLocalRunnable.java:30)
	... 1 more
Caused by: java.net.ConnectException: Connection refused
	... 11 more
2019-10-04 06:13:45,493 [d50021de-ef3c-4ba4-9a1f-74e99ee73c0d@group-7B63199FC393-LeaderElection93] INFO  impl.LeaderElection (LogUtils.java:infoOrTrace(149)) - d50021de-ef3c-4ba4-9a1f-74e99ee73c0d@group-7B63199FC393-LeaderElection93 got exception when requesting votes: {}
java.util.concurrent.ExecutionException: org.apache.ratis.thirdparty.io.grpc.StatusRuntimeException: UNAVAILABLE: io exception
	at java.util.concurrent.FutureTask.report(FutureTask.java:122)
	at java.util.concurrent.FutureTask.get(FutureTask.java:192)
	at org.apache.ratis.server.impl.LeaderElection.waitForResults(LeaderElection.java:259)
	at org.apache.ratis.server.impl.LeaderElection.askForVotes(LeaderElection.java:197)
	at org.apache.ratis.server.impl.LeaderElection.run(LeaderElection.java:133)
	at java.lang.Thread.run(Thread.java:748)
Caused by: org.apache.ratis.thirdparty.io.grpc.StatusRuntimeException: UNAVAILABLE: io exception
	at org.apache.ratis.thirdparty.io.grpc.stub.ClientCalls.toStatusRuntimeException(ClientCalls.java:233)
	at org.apache.ratis.thirdparty.io.grpc.stub.ClientCalls.getUnchecked(ClientCalls.java:214)
	at org.apache.ratis.thirdparty.io.grpc.stub.ClientCalls.blockingUnaryCall(ClientCalls.java:139)
	at org.apache.ratis.proto.grpc.RaftServerProtocolServiceGrpc$RaftServerProtocolServiceBlockingStub.requestVote(RaftServerProtocolServiceGrpc.java:265)
	at org.apache.ratis.grpc.server.GrpcServerProtocolClient.requestVote(GrpcServerProtocolClient.java:99)
	at org.apache.ratis.grpc.server.GrpcService.requestVote(GrpcService.java:204)
	at org.apache.ratis.server.impl.LeaderElection.lambda$submitRequests$1(LeaderElection.java:234)
	at java.util.concurrent.FutureTask.run(FutureTask.java:266)
	at java.util.concurrent.Executors$RunnableAdapter.call(Executors.java:511)
	at java.util.concurrent.FutureTask.run(FutureTask.java:266)
	at java.util.concurrent.ThreadPoolExecutor.runWorker(ThreadPoolExecutor.java:1149)
	at java.util.concurrent.ThreadPoolExecutor$Worker.run(ThreadPoolExecutor.java:624)
	... 1 more
Caused by: org.apache.ratis.thirdparty.io.netty.channel.AbstractChannel$AnnotatedConnectException: Connection refused: /192.168.151.69:42370
	at sun.nio.ch.SocketChannelImpl.checkConnect(Native Method)
	at sun.nio.ch.SocketChannelImpl.finishConnect(SocketChannelImpl.java:717)
	at org.apache.ratis.thirdparty.io.netty.channel.socket.nio.NioSocketChannel.doFinishConnect(NioSocketChannel.java:327)
	at org.apache.ratis.thirdparty.io.netty.channel.nio.AbstractNioChannel$AbstractNioUnsafe.finishConnect(AbstractNioChannel.java:340)
	at org.apache.ratis.thirdparty.io.netty.channel.nio.NioEventLoop.processSelectedKey(NioEventLoop.java:632)
	at org.apache.ratis.thirdparty.io.netty.channel.nio.NioEventLoop.processSelectedKeysOptimized(NioEventLoop.java:579)
	at org.apache.ratis.thirdparty.io.netty.channel.nio.NioEventLoop.processSelectedKeys(NioEventLoop.java:496)
	at org.apache.ratis.thirdparty.io.netty.channel.nio.NioEventLoop.run(NioEventLoop.java:458)
	at org.apache.ratis.thirdparty.io.netty.util.concurrent.SingleThreadEventExecutor$5.run(SingleThreadEventExecutor.java:897)
	at org.apache.ratis.thirdparty.io.netty.util.concurrent.FastThreadLocalRunnable.run(FastThreadLocalRunnable.java:30)
	... 1 more
Caused by: java.net.ConnectException: Connection refused
	... 11 more
2019-10-04 06:13:45,494 [grpc-default-executor-7] INFO  impl.RaftServerImpl (ServerState.java:setLeader(255)) - 29be59ed-680c-458c-aec9-68f2979afc9a@group-7B63199FC393: change Leader from b0c93557-f206-49b3-b845-27ddea8ebda5 to null at term 2 for updateCurrentTerm
2019-10-04 06:13:45,494 [grpc-default-executor-8] INFO  impl.RaftServerImpl (ServerState.java:setLeader(255)) - 0a895fe0-e95b-44b0-88a5-40095369d54c@group-2E2C1A4E0FAF: change Leader from 6a20f4ed-c225-463e-b5f9-99b45118de41 to null at term 3 for updateCurrentTerm
2019-10-04 06:13:45,497 [grpc-default-executor-7] INFO  impl.RaftServerImpl (RaftServerImpl.java:setRole(170)) - 29be59ed-680c-458c-aec9-68f2979afc9a@group-7B63199FC393: changes role from  FOLLOWER to FOLLOWER at term 2 for recognizeCandidate:d50021de-ef3c-4ba4-9a1f-74e99ee73c0d
2019-10-04 06:13:45,497 [grpc-default-executor-8] INFO  impl.RaftServerImpl (RaftServerImpl.java:setRole(170)) - 0a895fe0-e95b-44b0-88a5-40095369d54c@group-2E2C1A4E0FAF: changes role from  FOLLOWER to FOLLOWER at term 3 for recognizeCandidate:32efdfc3-f14c-4bda-808a-470d99a3fb0e
2019-10-04 06:13:45,497 [grpc-default-executor-7] INFO  impl.RoleInfo (RoleInfo.java:shutdownFollowerState(121)) - 29be59ed-680c-458c-aec9-68f2979afc9a: shutdown FollowerState
2019-10-04 06:13:45,497 [grpc-default-executor-8] INFO  impl.RoleInfo (RoleInfo.java:shutdownFollowerState(121)) - 0a895fe0-e95b-44b0-88a5-40095369d54c: shutdown FollowerState
2019-10-04 06:13:45,498 [grpc-default-executor-7] INFO  impl.RoleInfo (RoleInfo.java:updateAndGet(143)) - 29be59ed-680c-458c-aec9-68f2979afc9a: start FollowerState
2019-10-04 06:13:45,498 [grpc-default-executor-8] INFO  impl.RoleInfo (RoleInfo.java:updateAndGet(143)) - 0a895fe0-e95b-44b0-88a5-40095369d54c: start FollowerState
2019-10-04 06:13:45,498 [Thread-3870] INFO  impl.FollowerState (FollowerState.java:run(117)) - 29be59ed-680c-458c-aec9-68f2979afc9a@group-7B63199FC393-FollowerState was interrupted: java.lang.InterruptedException: sleep interrupted
2019-10-04 06:13:45,498 [Thread-4007] INFO  impl.FollowerState (FollowerState.java:run(117)) - 0a895fe0-e95b-44b0-88a5-40095369d54c@group-2E2C1A4E0FAF-FollowerState was interrupted: java.lang.InterruptedException: sleep interrupted
2019-10-04 06:13:45,518 [d50021de-ef3c-4ba4-9a1f-74e99ee73c0d@group-7B63199FC393-LeaderElection93] INFO  impl.LeaderElection (LeaderElection.java:logAndReturn(56)) - d50021de-ef3c-4ba4-9a1f-74e99ee73c0d@group-7B63199FC393-LeaderElection93: Election PASSED; received 1 response(s) [d50021de-ef3c-4ba4-9a1f-74e99ee73c0d<-29be59ed-680c-458c-aec9-68f2979afc9a#0:OK-t2] and 1 exception(s); d50021de-ef3c-4ba4-9a1f-74e99ee73c0d@group-7B63199FC393:t2, leader=null, voted=d50021de-ef3c-4ba4-9a1f-74e99ee73c0d, raftlog=d50021de-ef3c-4ba4-9a1f-74e99ee73c0d@group-7B63199FC393-SegmentedRaftLog:OPENED:c29,f29,i29, conf=0: [29be59ed-680c-458c-aec9-68f2979afc9a:192.168.151.69:33636, b0c93557-f206-49b3-b845-27ddea8ebda5:192.168.151.69:42370, d50021de-ef3c-4ba4-9a1f-74e99ee73c0d:192.168.151.69:41884], old=null
2019-10-04 06:13:45,518 [32efdfc3-f14c-4bda-808a-470d99a3fb0e@group-2E2C1A4E0FAF-LeaderElection94] INFO  impl.LeaderElection (LeaderElection.java:logAndReturn(56)) - 32efdfc3-f14c-4bda-808a-470d99a3fb0e@group-2E2C1A4E0FAF-LeaderElection94: Election PASSED; received 1 response(s) [32efdfc3-f14c-4bda-808a-470d99a3fb0e<-0a895fe0-e95b-44b0-88a5-40095369d54c#0:OK-t3] and 1 exception(s); 32efdfc3-f14c-4bda-808a-470d99a3fb0e@group-2E2C1A4E0FAF:t3, leader=null, voted=32efdfc3-f14c-4bda-808a-470d99a3fb0e, raftlog=32efdfc3-f14c-4bda-808a-470d99a3fb0e@group-2E2C1A4E0FAF-SegmentedRaftLog:OPENED:c15,f15,i15, conf=0: [6a20f4ed-c225-463e-b5f9-99b45118de41:192.168.151.69:34648, 32efdfc3-f14c-4bda-808a-470d99a3fb0e:192.168.151.69:37395, 0a895fe0-e95b-44b0-88a5-40095369d54c:192.168.151.69:42576], old=null
2019-10-04 06:13:45,518 [d50021de-ef3c-4ba4-9a1f-74e99ee73c0d@group-7B63199FC393-LeaderElection93] INFO  impl.LeaderElection (LogUtils.java:infoOrTrace(149)) -   Exception 0: {}
java.util.concurrent.ExecutionException: org.apache.ratis.thirdparty.io.grpc.StatusRuntimeException: UNAVAILABLE: io exception
	at java.util.concurrent.FutureTask.report(FutureTask.java:122)
	at java.util.concurrent.FutureTask.get(FutureTask.java:192)
	at org.apache.ratis.server.impl.LeaderElection.waitForResults(LeaderElection.java:259)
	at org.apache.ratis.server.impl.LeaderElection.askForVotes(LeaderElection.java:197)
	at org.apache.ratis.server.impl.LeaderElection.run(LeaderElection.java:133)
	at java.lang.Thread.run(Thread.java:748)
Caused by: org.apache.ratis.thirdparty.io.grpc.StatusRuntimeException: UNAVAILABLE: io exception
	at org.apache.ratis.thirdparty.io.grpc.stub.ClientCalls.toStatusRuntimeException(ClientCalls.java:233)
	at org.apache.ratis.thirdparty.io.grpc.stub.ClientCalls.getUnchecked(ClientCalls.java:214)
	at org.apache.ratis.thirdparty.io.grpc.stub.ClientCalls.blockingUnaryCall(ClientCalls.java:139)
	at org.apache.ratis.proto.grpc.RaftServerProtocolServiceGrpc$RaftServerProtocolServiceBlockingStub.requestVote(RaftServerProtocolServiceGrpc.java:265)
	at org.apache.ratis.grpc.server.GrpcServerProtocolClient.requestVote(GrpcServerProtocolClient.java:99)
	at org.apache.ratis.grpc.server.GrpcService.requestVote(GrpcService.java:204)
	at org.apache.ratis.server.impl.LeaderElection.lambda$submitRequests$1(LeaderElection.java:234)
	at java.util.concurrent.FutureTask.run(FutureTask.java:266)
	at java.util.concurrent.Executors$RunnableAdapter.call(Executors.java:511)
	at java.util.concurrent.FutureTask.run(FutureTask.java:266)
	at java.util.concurrent.ThreadPoolExecutor.runWorker(ThreadPoolExecutor.java:1149)
	at java.util.concurrent.ThreadPoolExecutor$Worker.run(ThreadPoolExecutor.java:624)
	... 1 more
Caused by: org.apache.ratis.thirdparty.io.netty.channel.AbstractChannel$AnnotatedConnectException: Connection refused: /192.168.151.69:42370
	at sun.nio.ch.SocketChannelImpl.checkConnect(Native Method)
	at sun.nio.ch.SocketChannelImpl.finishConnect(SocketChannelImpl.java:717)
	at org.apache.ratis.thirdparty.io.netty.channel.socket.nio.NioSocketChannel.doFinishConnect(NioSocketChannel.java:327)
	at org.apache.ratis.thirdparty.io.netty.channel.nio.AbstractNioChannel$AbstractNioUnsafe.finishConnect(AbstractNioChannel.java:340)
	at org.apache.ratis.thirdparty.io.netty.channel.nio.NioEventLoop.processSelectedKey(NioEventLoop.java:632)
	at org.apache.ratis.thirdparty.io.netty.channel.nio.NioEventLoop.processSelectedKeysOptimized(NioEventLoop.java:579)
	at org.apache.ratis.thirdparty.io.netty.channel.nio.NioEventLoop.processSelectedKeys(NioEventLoop.java:496)
	at org.apache.ratis.thirdparty.io.netty.channel.nio.NioEventLoop.run(NioEventLoop.java:458)
	at org.apache.ratis.thirdparty.io.netty.util.concurrent.SingleThreadEventExecutor$5.run(SingleThreadEventExecutor.java:897)
	at org.apache.ratis.thirdparty.io.netty.util.concurrent.FastThreadLocalRunnable.run(FastThreadLocalRunnable.java:30)
	... 1 more
Caused by: java.net.ConnectException: Connection refused
	... 11 more
2019-10-04 06:13:45,518 [32efdfc3-f14c-4bda-808a-470d99a3fb0e@group-2E2C1A4E0FAF-LeaderElection94] INFO  impl.LeaderElection (LogUtils.java:infoOrTrace(149)) -   Exception 0: {}
java.util.concurrent.ExecutionException: org.apache.ratis.thirdparty.io.grpc.StatusRuntimeException: UNAVAILABLE: io exception
	at java.util.concurrent.FutureTask.report(FutureTask.java:122)
	at java.util.concurrent.FutureTask.get(FutureTask.java:192)
	at org.apache.ratis.server.impl.LeaderElection.waitForResults(LeaderElection.java:259)
	at org.apache.ratis.server.impl.LeaderElection.askForVotes(LeaderElection.java:197)
	at org.apache.ratis.server.impl.LeaderElection.run(LeaderElection.java:133)
	at java.lang.Thread.run(Thread.java:748)
Caused by: org.apache.ratis.thirdparty.io.grpc.StatusRuntimeException: UNAVAILABLE: io exception
	at org.apache.ratis.thirdparty.io.grpc.stub.ClientCalls.toStatusRuntimeException(ClientCalls.java:233)
	at org.apache.ratis.thirdparty.io.grpc.stub.ClientCalls.getUnchecked(ClientCalls.java:214)
	at org.apache.ratis.thirdparty.io.grpc.stub.ClientCalls.blockingUnaryCall(ClientCalls.java:139)
	at org.apache.ratis.proto.grpc.RaftServerProtocolServiceGrpc$RaftServerProtocolServiceBlockingStub.requestVote(RaftServerProtocolServiceGrpc.java:265)
	at org.apache.ratis.grpc.server.GrpcServerProtocolClient.requestVote(GrpcServerProtocolClient.java:99)
	at org.apache.ratis.grpc.server.GrpcService.requestVote(GrpcService.java:204)
	at org.apache.ratis.server.impl.LeaderElection.lambda$submitRequests$1(LeaderElection.java:234)
	at java.util.concurrent.FutureTask.run(FutureTask.java:266)
	at java.util.concurrent.Executors$RunnableAdapter.call(Executors.java:511)
	at java.util.concurrent.FutureTask.run(FutureTask.java:266)
	at java.util.concurrent.ThreadPoolExecutor.runWorker(ThreadPoolExecutor.java:1149)
	at java.util.concurrent.ThreadPoolExecutor$Worker.run(ThreadPoolExecutor.java:624)
	... 1 more
Caused by: org.apache.ratis.thirdparty.io.netty.channel.AbstractChannel$AnnotatedConnectException: Connection refused: /192.168.151.69:34648
	at sun.nio.ch.SocketChannelImpl.checkConnect(Native Method)
	at sun.nio.ch.SocketChannelImpl.finishConnect(SocketChannelImpl.java:717)
	at org.apache.ratis.thirdparty.io.netty.channel.socket.nio.NioSocketChannel.doFinishConnect(NioSocketChannel.java:327)
	at org.apache.ratis.thirdparty.io.netty.channel.nio.AbstractNioChannel$AbstractNioUnsafe.finishConnect(AbstractNioChannel.java:340)
	at org.apache.ratis.thirdparty.io.netty.channel.nio.NioEventLoop.processSelectedKey(NioEventLoop.java:632)
	at org.apache.ratis.thirdparty.io.netty.channel.nio.NioEventLoop.processSelectedKeysOptimized(NioEventLoop.java:579)
	at org.apache.ratis.thirdparty.io.netty.channel.nio.NioEventLoop.processSelectedKeys(NioEventLoop.java:496)
	at org.apache.ratis.thirdparty.io.netty.channel.nio.NioEventLoop.run(NioEventLoop.java:458)
	at org.apache.ratis.thirdparty.io.netty.util.concurrent.SingleThreadEventExecutor$5.run(SingleThreadEventExecutor.java:897)
	at org.apache.ratis.thirdparty.io.netty.util.concurrent.FastThreadLocalRunnable.run(FastThreadLocalRunnable.java:30)
	... 1 more
Caused by: java.net.ConnectException: Connection refused
	... 11 more
2019-10-04 06:13:45,523 [32efdfc3-f14c-4bda-808a-470d99a3fb0e@group-2E2C1A4E0FAF-LeaderElection94] INFO  impl.RoleInfo (RoleInfo.java:shutdownLeaderElection(134)) - 32efdfc3-f14c-4bda-808a-470d99a3fb0e: shutdown LeaderElection
2019-10-04 06:13:45,521 [d50021de-ef3c-4ba4-9a1f-74e99ee73c0d@group-7B63199FC393-LeaderElection93] INFO  impl.RoleInfo (RoleInfo.java:shutdownLeaderElection(134)) - d50021de-ef3c-4ba4-9a1f-74e99ee73c0d: shutdown LeaderElection
2019-10-04 06:13:45,524 [32efdfc3-f14c-4bda-808a-470d99a3fb0e@group-2E2C1A4E0FAF-LeaderElection94] INFO  impl.RaftServerImpl (RaftServerImpl.java:setRole(170)) - 32efdfc3-f14c-4bda-808a-470d99a3fb0e@group-2E2C1A4E0FAF: changes role from CANDIDATE to LEADER at term 3 for changeToLeader
2019-10-04 06:13:45,524 [d50021de-ef3c-4ba4-9a1f-74e99ee73c0d@group-7B63199FC393-LeaderElection93] INFO  impl.RaftServerImpl (RaftServerImpl.java:setRole(170)) - d50021de-ef3c-4ba4-9a1f-74e99ee73c0d@group-7B63199FC393: changes role from CANDIDATE to LEADER at term 2 for changeToLeader
2019-10-04 06:13:45,524 [32efdfc3-f14c-4bda-808a-470d99a3fb0e@group-2E2C1A4E0FAF-LeaderElection94] INFO  impl.RaftServerImpl (ServerState.java:setLeader(255)) - 32efdfc3-f14c-4bda-808a-470d99a3fb0e@group-2E2C1A4E0FAF: change Leader from null to 32efdfc3-f14c-4bda-808a-470d99a3fb0e at term 3 for becomeLeader, leader elected after 42ms
2019-10-04 06:13:45,524 [d50021de-ef3c-4ba4-9a1f-74e99ee73c0d@group-7B63199FC393-LeaderElection93] INFO  impl.RaftServerImpl (ServerState.java:setLeader(255)) - d50021de-ef3c-4ba4-9a1f-74e99ee73c0d@group-7B63199FC393: change Leader from null to d50021de-ef3c-4ba4-9a1f-74e99ee73c0d at term 2 for becomeLeader, leader elected after 56ms
2019-10-04 06:13:45,524 [32efdfc3-f14c-4bda-808a-470d99a3fb0e@group-2E2C1A4E0FAF-LeaderElection94] INFO  server.RaftServerConfigKeys (ConfUtils.java:logGet(43)) - raft.server.staging.catchup.gap = 1000 (default)
2019-10-04 06:13:45,524 [d50021de-ef3c-4ba4-9a1f-74e99ee73c0d@group-7B63199FC393-LeaderElection93] INFO  server.RaftServerConfigKeys (ConfUtils.java:logGet(43)) - raft.server.staging.catchup.gap = 1000 (default)
2019-10-04 06:13:45,524 [32efdfc3-f14c-4bda-808a-470d99a3fb0e@group-2E2C1A4E0FAF-LeaderElection94] INFO  server.RaftServerConfigKeys (ConfUtils.java:logGet(43)) - raft.server.rpc.sleep.time = 25ms (default)
2019-10-04 06:13:45,524 [d50021de-ef3c-4ba4-9a1f-74e99ee73c0d@group-7B63199FC393-LeaderElection93] INFO  server.RaftServerConfigKeys (ConfUtils.java:logGet(43)) - raft.server.rpc.sleep.time = 25ms (default)
2019-10-04 06:13:45,525 [32efdfc3-f14c-4bda-808a-470d99a3fb0e@group-2E2C1A4E0FAF-LeaderElection94] INFO  server.RaftServerConfigKeys (ConfUtils.java:logGet(43)) - raft.server.write.element-limit = 4096 (default)
2019-10-04 06:13:45,525 [d50021de-ef3c-4ba4-9a1f-74e99ee73c0d@group-7B63199FC393-LeaderElection93] INFO  server.RaftServerConfigKeys (ConfUtils.java:logGet(43)) - raft.server.write.element-limit = 4096 (default)
2019-10-04 06:13:45,525 [32efdfc3-f14c-4bda-808a-470d99a3fb0e@group-2E2C1A4E0FAF-LeaderElection94] INFO  server.RaftServerConfigKeys (ConfUtils.java:logGet(43)) - raft.server.watch.timeout = 10s (default)
2019-10-04 06:13:45,525 [d50021de-ef3c-4ba4-9a1f-74e99ee73c0d@group-7B63199FC393-LeaderElection93] INFO  server.RaftServerConfigKeys (ConfUtils.java:logGet(43)) - raft.server.watch.timeout = 10s (default)
2019-10-04 06:13:45,525 [32efdfc3-f14c-4bda-808a-470d99a3fb0e@group-2E2C1A4E0FAF-LeaderElection94] INFO  server.RaftServerConfigKeys (ConfUtils.java:logGet(43)) - raft.server.watch.timeout.denomination = 1s (default)
2019-10-04 06:13:45,525 [d50021de-ef3c-4ba4-9a1f-74e99ee73c0d@group-7B63199FC393-LeaderElection93] INFO  server.RaftServerConfigKeys (ConfUtils.java:logGet(43)) - raft.server.watch.timeout.denomination = 1s (default)
2019-10-04 06:13:45,525 [32efdfc3-f14c-4bda-808a-470d99a3fb0e@group-2E2C1A4E0FAF-LeaderElection94] INFO  server.RaftServerConfigKeys (ConfUtils.java:logGet(43)) - raft.server.watch.element-limit = 65536 (default)
2019-10-04 06:13:45,526 [d50021de-ef3c-4ba4-9a1f-74e99ee73c0d@group-7B63199FC393-LeaderElection93] INFO  server.RaftServerConfigKeys (ConfUtils.java:logGet(43)) - raft.server.watch.element-limit = 65536 (default)
2019-10-04 06:13:45,530 [d50021de-ef3c-4ba4-9a1f-74e99ee73c0d@group-7B63199FC393-LeaderElection93] INFO  server.RaftServerConfigKeys (ConfUtils.java:logGet(43)) - raft.server.log.appender.snapshot.chunk.size.max = 16MB (=16777216) (default)
2019-10-04 06:13:45,530 [32efdfc3-f14c-4bda-808a-470d99a3fb0e@group-2E2C1A4E0FAF-LeaderElection94] INFO  server.RaftServerConfigKeys (ConfUtils.java:logGet(43)) - raft.server.log.appender.snapshot.chunk.size.max = 16MB (=16777216) (default)
2019-10-04 06:13:45,530 [d50021de-ef3c-4ba4-9a1f-74e99ee73c0d@group-7B63199FC393-LeaderElection93] INFO  server.RaftServerConfigKeys (ConfUtils.java:logGet(43)) - raft.server.log.appender.buffer.byte-limit = 33554432 (custom)
2019-10-04 06:13:45,531 [32efdfc3-f14c-4bda-808a-470d99a3fb0e@group-2E2C1A4E0FAF-LeaderElection94] INFO  server.RaftServerConfigKeys (ConfUtils.java:logGet(43)) - raft.server.log.appender.buffer.byte-limit = 33554432 (custom)
2019-10-04 06:13:45,531 [d50021de-ef3c-4ba4-9a1f-74e99ee73c0d@group-7B63199FC393-LeaderElection93] INFO  server.RaftServerConfigKeys (ConfUtils.java:logGet(43)) - raft.server.log.appender.buffer.element-limit = 1 (custom)
2019-10-04 06:13:45,531 [32efdfc3-f14c-4bda-808a-470d99a3fb0e@group-2E2C1A4E0FAF-LeaderElection94] INFO  server.RaftServerConfigKeys (ConfUtils.java:logGet(43)) - raft.server.log.appender.buffer.element-limit = 1 (custom)
2019-10-04 06:13:45,531 [d50021de-ef3c-4ba4-9a1f-74e99ee73c0d@group-7B63199FC393-LeaderElection93] INFO  grpc.GrpcConfigKeys$Server (ConfUtils.java:logGet(43)) - raft.grpc.server.leader.outstanding.appends.max = 128 (default)
2019-10-04 06:13:45,531 [32efdfc3-f14c-4bda-808a-470d99a3fb0e@group-2E2C1A4E0FAF-LeaderElection94] INFO  grpc.GrpcConfigKeys$Server (ConfUtils.java:logGet(43)) - raft.grpc.server.leader.outstanding.appends.max = 128 (default)
2019-10-04 06:13:45,531 [d50021de-ef3c-4ba4-9a1f-74e99ee73c0d@group-7B63199FC393-LeaderElection93] INFO  server.RaftServerConfigKeys (ConfUtils.java:logGet(43)) - raft.server.rpc.request.timeout = 3000ms (default)
2019-10-04 06:13:45,532 [32efdfc3-f14c-4bda-808a-470d99a3fb0e@group-2E2C1A4E0FAF-LeaderElection94] INFO  server.RaftServerConfigKeys (ConfUtils.java:logGet(43)) - raft.server.rpc.request.timeout = 3000ms (default)
2019-10-04 06:13:45,532 [d50021de-ef3c-4ba4-9a1f-74e99ee73c0d@group-7B63199FC393-LeaderElection93] INFO  server.RaftServerConfigKeys (ConfUtils.java:logGet(43)) - raft.server.log.appender.install.snapshot.enabled = false (custom)
2019-10-04 06:13:45,532 [32efdfc3-f14c-4bda-808a-470d99a3fb0e@group-2E2C1A4E0FAF-LeaderElection94] INFO  server.RaftServerConfigKeys (ConfUtils.java:logGet(43)) - raft.server.log.appender.install.snapshot.enabled = false (custom)
2019-10-04 06:13:45,532 [d50021de-ef3c-4ba4-9a1f-74e99ee73c0d@group-7B63199FC393-LeaderElection93] INFO  server.RaftServerConfigKeys (ConfUtils.java:logGet(43)) - raft.server.log.appender.snapshot.chunk.size.max = 16MB (=16777216) (default)
2019-10-04 06:13:45,532 [32efdfc3-f14c-4bda-808a-470d99a3fb0e@group-2E2C1A4E0FAF-LeaderElection94] INFO  server.RaftServerConfigKeys (ConfUtils.java:logGet(43)) - raft.server.log.appender.snapshot.chunk.size.max = 16MB (=16777216) (default)
2019-10-04 06:13:45,532 [d50021de-ef3c-4ba4-9a1f-74e99ee73c0d@group-7B63199FC393-LeaderElection93] INFO  server.RaftServerConfigKeys (ConfUtils.java:logGet(43)) - raft.server.log.appender.buffer.byte-limit = 33554432 (custom)
2019-10-04 06:13:45,533 [32efdfc3-f14c-4bda-808a-470d99a3fb0e@group-2E2C1A4E0FAF-LeaderElection94] INFO  server.RaftServerConfigKeys (ConfUtils.java:logGet(43)) - raft.server.log.appender.buffer.byte-limit = 33554432 (custom)
2019-10-04 06:13:45,533 [d50021de-ef3c-4ba4-9a1f-74e99ee73c0d@group-7B63199FC393-LeaderElection93] INFO  server.RaftServerConfigKeys (ConfUtils.java:logGet(43)) - raft.server.log.appender.buffer.element-limit = 1 (custom)
2019-10-04 06:13:45,533 [32efdfc3-f14c-4bda-808a-470d99a3fb0e@group-2E2C1A4E0FAF-LeaderElection94] INFO  server.RaftServerConfigKeys (ConfUtils.java:logGet(43)) - raft.server.log.appender.buffer.element-limit = 1 (custom)
2019-10-04 06:13:45,533 [d50021de-ef3c-4ba4-9a1f-74e99ee73c0d@group-7B63199FC393-LeaderElection93] INFO  grpc.GrpcConfigKeys$Server (ConfUtils.java:logGet(43)) - raft.grpc.server.leader.outstanding.appends.max = 128 (default)
2019-10-04 06:13:45,533 [32efdfc3-f14c-4bda-808a-470d99a3fb0e@group-2E2C1A4E0FAF-LeaderElection94] INFO  grpc.GrpcConfigKeys$Server (ConfUtils.java:logGet(43)) - raft.grpc.server.leader.outstanding.appends.max = 128 (default)
2019-10-04 06:13:45,533 [d50021de-ef3c-4ba4-9a1f-74e99ee73c0d@group-7B63199FC393-LeaderElection93] INFO  server.RaftServerConfigKeys (ConfUtils.java:logGet(43)) - raft.server.rpc.request.timeout = 3000ms (default)
2019-10-04 06:13:45,534 [32efdfc3-f14c-4bda-808a-470d99a3fb0e@group-2E2C1A4E0FAF-LeaderElection94] INFO  server.RaftServerConfigKeys (ConfUtils.java:logGet(43)) - raft.server.rpc.request.timeout = 3000ms (default)
2019-10-04 06:13:45,534 [d50021de-ef3c-4ba4-9a1f-74e99ee73c0d@group-7B63199FC393-LeaderElection93] INFO  server.RaftServerConfigKeys (ConfUtils.java:logGet(43)) - raft.server.log.appender.install.snapshot.enabled = false (custom)
2019-10-04 06:13:45,534 [32efdfc3-f14c-4bda-808a-470d99a3fb0e@group-2E2C1A4E0FAF-LeaderElection94] INFO  server.RaftServerConfigKeys (ConfUtils.java:logGet(43)) - raft.server.log.appender.install.snapshot.enabled = false (custom)
2019-10-04 06:13:45,534 [d50021de-ef3c-4ba4-9a1f-74e99ee73c0d@group-7B63199FC393-LeaderElection93] INFO  impl.RoleInfo (RoleInfo.java:updateAndGet(143)) - d50021de-ef3c-4ba4-9a1f-74e99ee73c0d: start LeaderState
2019-10-04 06:13:45,534 [32efdfc3-f14c-4bda-808a-470d99a3fb0e@group-2E2C1A4E0FAF-LeaderElection94] INFO  impl.RoleInfo (RoleInfo.java:updateAndGet(143)) - 32efdfc3-f14c-4bda-808a-470d99a3fb0e: start LeaderState
2019-10-04 06:13:45,535 [32efdfc3-f14c-4bda-808a-470d99a3fb0e@group-2E2C1A4E0FAF-LeaderElection94] INFO  segmented.SegmentedRaftLogWorker (SegmentedRaftLogWorker.java:rollLogSegment(390)) - 32efdfc3-f14c-4bda-808a-470d99a3fb0e@group-2E2C1A4E0FAF-SegmentedRaftLogWorker: Rolling segment log-0_15 to index:15
2019-10-04 06:13:45,535 [d50021de-ef3c-4ba4-9a1f-74e99ee73c0d@group-7B63199FC393-LeaderElection93] INFO  segmented.SegmentedRaftLogWorker (SegmentedRaftLogWorker.java:rollLogSegment(390)) - d50021de-ef3c-4ba4-9a1f-74e99ee73c0d@group-7B63199FC393-SegmentedRaftLogWorker: Rolling segment log-0_29 to index:29
2019-10-04 06:13:45,538 [d50021de-ef3c-4ba4-9a1f-74e99ee73c0d@group-7B63199FC393-LeaderElection93] INFO  impl.RaftServerImpl (ServerState.java:setRaftConf(356)) - d50021de-ef3c-4ba4-9a1f-74e99ee73c0d@group-7B63199FC393: set configuration 30: [29be59ed-680c-458c-aec9-68f2979afc9a:192.168.151.69:33636, b0c93557-f206-49b3-b845-27ddea8ebda5:192.168.151.69:42370, d50021de-ef3c-4ba4-9a1f-74e99ee73c0d:192.168.151.69:41884], old=null at 30
2019-10-04 06:13:45,538 [d50021de-ef3c-4ba4-9a1f-74e99ee73c0d@group-7B63199FC393-SegmentedRaftLogWorker] INFO  segmented.SegmentedRaftLogWorker (SegmentedRaftLogWorker.java:execute(531)) - d50021de-ef3c-4ba4-9a1f-74e99ee73c0d@group-7B63199FC393-SegmentedRaftLogWorker: Rolled log segment from /workdir/hadoop-ozone/integration-test/target/test-dir/MiniOzoneClusterImpl-f2c63e22-5472-4ef8-9a63-56aaf7805485/datanode-2/data/ratis/f4adb192-49a1-46c5-befe-7b63199fc393/current/log_inprogress_0 to /workdir/hadoop-ozone/integration-test/target/test-dir/MiniOzoneClusterImpl-f2c63e22-5472-4ef8-9a63-56aaf7805485/datanode-2/data/ratis/f4adb192-49a1-46c5-befe-7b63199fc393/current/log_0-29
2019-10-04 06:13:45,538 [32efdfc3-f14c-4bda-808a-470d99a3fb0e@group-2E2C1A4E0FAF-SegmentedRaftLogWorker] INFO  segmented.SegmentedRaftLogWorker (SegmentedRaftLogWorker.java:execute(531)) - 32efdfc3-f14c-4bda-808a-470d99a3fb0e@group-2E2C1A4E0FAF-SegmentedRaftLogWorker: Rolled log segment from /workdir/hadoop-ozone/integration-test/target/test-dir/MiniOzoneClusterImpl-f2c63e22-5472-4ef8-9a63-56aaf7805485/datanode-6/data/ratis/b0a0da09-d3ac-4140-8148-2e2c1a4e0faf/current/log_inprogress_0 to /workdir/hadoop-ozone/integration-test/target/test-dir/MiniOzoneClusterImpl-f2c63e22-5472-4ef8-9a63-56aaf7805485/datanode-6/data/ratis/b0a0da09-d3ac-4140-8148-2e2c1a4e0faf/current/log_0-15
2019-10-04 06:13:45,538 [32efdfc3-f14c-4bda-808a-470d99a3fb0e@group-2E2C1A4E0FAF-LeaderElection94] INFO  impl.RaftServerImpl (ServerState.java:setRaftConf(356)) - 32efdfc3-f14c-4bda-808a-470d99a3fb0e@group-2E2C1A4E0FAF: set configuration 16: [6a20f4ed-c225-463e-b5f9-99b45118de41:192.168.151.69:34648, 32efdfc3-f14c-4bda-808a-470d99a3fb0e:192.168.151.69:37395, 0a895fe0-e95b-44b0-88a5-40095369d54c:192.168.151.69:42576], old=null at 16
2019-10-04 06:13:45,538 [grpc-default-executor-8] WARN  server.GrpcLogAppender (LogUtils.java:warn(134)) - d50021de-ef3c-4ba4-9a1f-74e99ee73c0d@group-7B63199FC393->b0c93557-f206-49b3-b845-27ddea8ebda5-AppendLogResponseHandler: Failed appendEntries: org.apache.ratis.thirdparty.io.grpc.StatusRuntimeException: UNAVAILABLE: io exception
2019-10-04 06:13:45,538 [grpc-default-executor-7] WARN  server.GrpcLogAppender (LogUtils.java:warn(134)) - 32efdfc3-f14c-4bda-808a-470d99a3fb0e@group-2E2C1A4E0FAF->6a20f4ed-c225-463e-b5f9-99b45118de41-AppendLogResponseHandler: Failed appendEntries: org.apache.ratis.thirdparty.io.grpc.StatusRuntimeException: UNAVAILABLE: io exception
2019-10-04 06:13:45,545 [grpc-default-executor-7] INFO  impl.FollowerInfo (FollowerInfo.java:lambda$new$0(51)) - 32efdfc3-f14c-4bda-808a-470d99a3fb0e@group-2E2C1A4E0FAF->6a20f4ed-c225-463e-b5f9-99b45118de41: nextIndex: updateUnconditionally 16 -> 1
2019-10-04 06:13:45,545 [grpc-default-executor-8] INFO  impl.FollowerInfo (FollowerInfo.java:lambda$new$0(51)) - d50021de-ef3c-4ba4-9a1f-74e99ee73c0d@group-7B63199FC393->b0c93557-f206-49b3-b845-27ddea8ebda5: nextIndex: updateUnconditionally 30 -> 1
2019-10-04 06:13:45,546 [grpc-default-executor-5] INFO  impl.RaftServerImpl (ServerState.java:setLeader(255)) - 0a895fe0-e95b-44b0-88a5-40095369d54c@group-2E2C1A4E0FAF: change Leader from null to 32efdfc3-f14c-4bda-808a-470d99a3fb0e at term 3 for appendEntries, leader elected after 52ms
2019-10-04 06:13:45,546 [grpc-default-executor-8] INFO  impl.RaftServerImpl (ServerState.java:setLeader(255)) - 29be59ed-680c-458c-aec9-68f2979afc9a@group-7B63199FC393: change Leader from null to d50021de-ef3c-4ba4-9a1f-74e99ee73c0d at term 2 for appendEntries, leader elected after 52ms
2019-10-04 06:13:45,549 [grpc-default-executor-5] INFO  impl.RaftServerImpl (ServerState.java:setRaftConf(356)) - 29be59ed-680c-458c-aec9-68f2979afc9a@group-7B63199FC393: set configuration 30: [29be59ed-680c-458c-aec9-68f2979afc9a:192.168.151.69:33636, b0c93557-f206-49b3-b845-27ddea8ebda5:192.168.151.69:42370, d50021de-ef3c-4ba4-9a1f-74e99ee73c0d:192.168.151.69:41884], old=null at 30
2019-10-04 06:13:45,549 [grpc-default-executor-8] INFO  impl.RaftServerImpl (ServerState.java:setRaftConf(356)) - 0a895fe0-e95b-44b0-88a5-40095369d54c@group-2E2C1A4E0FAF: set configuration 16: [6a20f4ed-c225-463e-b5f9-99b45118de41:192.168.151.69:34648, 32efdfc3-f14c-4bda-808a-470d99a3fb0e:192.168.151.69:37395, 0a895fe0-e95b-44b0-88a5-40095369d54c:192.168.151.69:42576], old=null at 16
2019-10-04 06:13:45,549 [grpc-default-executor-5] INFO  segmented.SegmentedRaftLogWorker (SegmentedRaftLogWorker.java:rollLogSegment(390)) - 29be59ed-680c-458c-aec9-68f2979afc9a@group-7B63199FC393-SegmentedRaftLogWorker: Rolling segment log-0_29 to index:29
2019-10-04 06:13:45,549 [grpc-default-executor-8] INFO  segmented.SegmentedRaftLogWorker (SegmentedRaftLogWorker.java:rollLogSegment(390)) - 0a895fe0-e95b-44b0-88a5-40095369d54c@group-2E2C1A4E0FAF-SegmentedRaftLogWorker: Rolling segment log-0_15 to index:15
2019-10-04 06:13:45,550 [29be59ed-680c-458c-aec9-68f2979afc9a@group-7B63199FC393-SegmentedRaftLogWorker] INFO  segmented.SegmentedRaftLogWorker (SegmentedRaftLogWorker.java:execute(531)) - 29be59ed-680c-458c-aec9-68f2979afc9a@group-7B63199FC393-SegmentedRaftLogWorker: Rolled log segment from /workdir/hadoop-ozone/integration-test/target/test-dir/MiniOzoneClusterImpl-f2c63e22-5472-4ef8-9a63-56aaf7805485/datanode-0/data/ratis/f4adb192-49a1-46c5-befe-7b63199fc393/current/log_inprogress_0 to /workdir/hadoop-ozone/integration-test/target/test-dir/MiniOzoneClusterImpl-f2c63e22-5472-4ef8-9a63-56aaf7805485/datanode-0/data/ratis/f4adb192-49a1-46c5-befe-7b63199fc393/current/log_0-29
2019-10-04 06:13:45,550 [0a895fe0-e95b-44b0-88a5-40095369d54c@group-2E2C1A4E0FAF-SegmentedRaftLogWorker] INFO  segmented.SegmentedRaftLogWorker (SegmentedRaftLogWorker.java:execute(531)) - 0a895fe0-e95b-44b0-88a5-40095369d54c@group-2E2C1A4E0FAF-SegmentedRaftLogWorker: Rolled log segment from /workdir/hadoop-ozone/integration-test/target/test-dir/MiniOzoneClusterImpl-f2c63e22-5472-4ef8-9a63-56aaf7805485/datanode-5/data/ratis/b0a0da09-d3ac-4140-8148-2e2c1a4e0faf/current/log_inprogress_0 to /workdir/hadoop-ozone/integration-test/target/test-dir/MiniOzoneClusterImpl-f2c63e22-5472-4ef8-9a63-56aaf7805485/datanode-5/data/ratis/b0a0da09-d3ac-4140-8148-2e2c1a4e0faf/current/log_0-15
2019-10-04 06:13:45,577 [0a895fe0-e95b-44b0-88a5-40095369d54c@group-2E2C1A4E0FAF-SegmentedRaftLogWorker] INFO  segmented.SegmentedRaftLogWorker (SegmentedRaftLogWorker.java:execute(574)) - 0a895fe0-e95b-44b0-88a5-40095369d54c@group-2E2C1A4E0FAF-SegmentedRaftLogWorker: created new log segment /workdir/hadoop-ozone/integration-test/target/test-dir/MiniOzoneClusterImpl-f2c63e22-5472-4ef8-9a63-56aaf7805485/datanode-5/data/ratis/b0a0da09-d3ac-4140-8148-2e2c1a4e0faf/current/log_inprogress_16
2019-10-04 06:13:45,577 [29be59ed-680c-458c-aec9-68f2979afc9a@group-7B63199FC393-SegmentedRaftLogWorker] INFO  segmented.SegmentedRaftLogWorker (SegmentedRaftLogWorker.java:execute(574)) - 29be59ed-680c-458c-aec9-68f2979afc9a@group-7B63199FC393-SegmentedRaftLogWorker: created new log segment /workdir/hadoop-ozone/integration-test/target/test-dir/MiniOzoneClusterImpl-f2c63e22-5472-4ef8-9a63-56aaf7805485/datanode-0/data/ratis/f4adb192-49a1-46c5-befe-7b63199fc393/current/log_inprogress_30
2019-10-04 06:13:45,581 [d50021de-ef3c-4ba4-9a1f-74e99ee73c0d@group-7B63199FC393-SegmentedRaftLogWorker] INFO  segmented.SegmentedRaftLogWorker (SegmentedRaftLogWorker.java:execute(574)) - d50021de-ef3c-4ba4-9a1f-74e99ee73c0d@group-7B63199FC393-SegmentedRaftLogWorker: created new log segment /workdir/hadoop-ozone/integration-test/target/test-dir/MiniOzoneClusterImpl-f2c63e22-5472-4ef8-9a63-56aaf7805485/datanode-2/data/ratis/f4adb192-49a1-46c5-befe-7b63199fc393/current/log_inprogress_30
2019-10-04 06:13:45,587 [32efdfc3-f14c-4bda-808a-470d99a3fb0e@group-2E2C1A4E0FAF-SegmentedRaftLogWorker] INFO  segmented.SegmentedRaftLogWorker (SegmentedRaftLogWorker.java:execute(574)) - 32efdfc3-f14c-4bda-808a-470d99a3fb0e@group-2E2C1A4E0FAF-SegmentedRaftLogWorker: created new log segment /workdir/hadoop-ozone/integration-test/target/test-dir/MiniOzoneClusterImpl-f2c63e22-5472-4ef8-9a63-56aaf7805485/datanode-6/data/ratis/b0a0da09-d3ac-4140-8148-2e2c1a4e0faf/current/log_inprogress_16
2019-10-04 06:13:45,594 [grpc-default-executor-7] WARN  server.GrpcLogAppender (LogUtils.java:warn(134)) - d50021de-ef3c-4ba4-9a1f-74e99ee73c0d@group-7B63199FC393->b0c93557-f206-49b3-b845-27ddea8ebda5-AppendLogResponseHandler: Failed appendEntries: org.apache.ratis.thirdparty.io.grpc.StatusRuntimeException: UNAVAILABLE: io exception
2019-10-04 06:13:45,594 [grpc-default-executor-9] WARN  server.GrpcLogAppender (LogUtils.java:warn(134)) - 32efdfc3-f14c-4bda-808a-470d99a3fb0e@group-2E2C1A4E0FAF->6a20f4ed-c225-463e-b5f9-99b45118de41-AppendLogResponseHandler: Failed appendEntries: org.apache.ratis.thirdparty.io.grpc.StatusRuntimeException: UNAVAILABLE: io exception
2019-10-04 06:13:45,595 [grpc-default-executor-7] INFO  impl.FollowerInfo (FollowerInfo.java:lambda$new$0(51)) - d50021de-ef3c-4ba4-9a1f-74e99ee73c0d@group-7B63199FC393->b0c93557-f206-49b3-b845-27ddea8ebda5: nextIndex: updateUnconditionally 2 -> 1
2019-10-04 06:13:45,597 [grpc-default-executor-9] INFO  impl.FollowerInfo (FollowerInfo.java:lambda$new$0(51)) - 32efdfc3-f14c-4bda-808a-470d99a3fb0e@group-2E2C1A4E0FAF->6a20f4ed-c225-463e-b5f9-99b45118de41: nextIndex: updateUnconditionally 2 -> 1
2019-10-04 06:13:45,598 [grpc-default-executor-5] WARN  server.GrpcLogAppender (LogUtils.java:warn(134)) - 32efdfc3-f14c-4bda-808a-470d99a3fb0e@group-2E2C1A4E0FAF->6a20f4ed-c225-463e-b5f9-99b45118de41-AppendLogResponseHandler: Failed appendEntries: org.apache.ratis.thirdparty.io.grpc.StatusRuntimeException: UNAVAILABLE: io exception
2019-10-04 06:13:45,599 [grpc-default-executor-5] INFO  impl.FollowerInfo (FollowerInfo.java:lambda$new$0(51)) - 32efdfc3-f14c-4bda-808a-470d99a3fb0e@group-2E2C1A4E0FAF->6a20f4ed-c225-463e-b5f9-99b45118de41: nextIndex: updateUnconditionally 2 -> 1
2019-10-04 06:13:46,925 [EventQueue-StaleNodeForStaleNodeHandler] INFO  node.StaleNodeHandler (StaleNodeHandler.java:onMessage(58)) - Datanode 7f208f9a-7048-44ea-b109-f6ce9127d734{ip: 192.168.151.69, host: trunk-nightly-20191004-lpvmn-70278721, networkLocation: /default-rack, certSerialId: null} moved to stale state. Finalizing its pipelines [PipelineID=52ff2bcc-71c3-4159-a9fb-58cbfeb64a90]
2019-10-04 06:13:46,925 [EventQueue-StaleNodeForStaleNodeHandler] INFO  pipeline.SCMPipelineManager (SCMPipelineManager.java:finalizeAndDestroyPipeline(315)) - destroying pipeline:Pipeline[ Id: 52ff2bcc-71c3-4159-a9fb-58cbfeb64a90, Nodes: 7f208f9a-7048-44ea-b109-f6ce9127d734{ip: 192.168.151.69, host: trunk-nightly-20191004-lpvmn-70278721, networkLocation: /default-rack, certSerialId: null}, Type:RATIS, Factor:ONE, State:OPEN]
2019-10-04 06:13:46,926 [EventQueue-StaleNodeForStaleNodeHandler] INFO  pipeline.PipelineStateManager (PipelineStateManager.java:finalizePipeline(123)) - Pipeline Pipeline[ Id: 52ff2bcc-71c3-4159-a9fb-58cbfeb64a90, Nodes: 7f208f9a-7048-44ea-b109-f6ce9127d734{ip: 192.168.151.69, host: trunk-nightly-20191004-lpvmn-70278721, networkLocation: /default-rack, certSerialId: null}, Type:RATIS, Factor:ONE, State:CLOSED] moved to CLOSED state
2019-10-04 06:13:47,325 [EventQueue-StaleNodeForStaleNodeHandler] INFO  node.StaleNodeHandler (StaleNodeHandler.java:onMessage(58)) - Datanode d50021de-ef3c-4ba4-9a1f-74e99ee73c0d{ip: 192.168.151.69, host: trunk-nightly-20191004-lpvmn-70278721, networkLocation: /default-rack, certSerialId: null} moved to stale state. Finalizing its pipelines [PipelineID=ad5b872c-ce17-4d2f-bedd-e0f9598a49eb, PipelineID=f4adb192-49a1-46c5-befe-7b63199fc393]
2019-10-04 06:13:47,325 [EventQueue-StaleNodeForStaleNodeHandler] INFO  pipeline.SCMPipelineManager (SCMPipelineManager.java:finalizeAndDestroyPipeline(315)) - destroying pipeline:Pipeline[ Id: ad5b872c-ce17-4d2f-bedd-e0f9598a49eb, Nodes: d50021de-ef3c-4ba4-9a1f-74e99ee73c0d{ip: 192.168.151.69, host: trunk-nightly-20191004-lpvmn-70278721, networkLocation: /default-rack, certSerialId: null}, Type:RATIS, Factor:ONE, State:OPEN]
2019-10-04 06:13:47,326 [EventQueue-StaleNodeForStaleNodeHandler] INFO  pipeline.PipelineStateManager (PipelineStateManager.java:finalizePipeline(123)) - Pipeline Pipeline[ Id: ad5b872c-ce17-4d2f-bedd-e0f9598a49eb, Nodes: d50021de-ef3c-4ba4-9a1f-74e99ee73c0d{ip: 192.168.151.69, host: trunk-nightly-20191004-lpvmn-70278721, networkLocation: /default-rack, certSerialId: null}, Type:RATIS, Factor:ONE, State:CLOSED] moved to CLOSED state
2019-10-04 06:13:47,326 [EventQueue-StaleNodeForStaleNodeHandler] INFO  pipeline.SCMPipelineManager (SCMPipelineManager.java:finalizeAndDestroyPipeline(315)) - destroying pipeline:Pipeline[ Id: f4adb192-49a1-46c5-befe-7b63199fc393, Nodes: 29be59ed-680c-458c-aec9-68f2979afc9a{ip: 192.168.151.69, host: trunk-nightly-20191004-lpvmn-70278721, networkLocation: /default-rack, certSerialId: null}b0c93557-f206-49b3-b845-27ddea8ebda5{ip: 192.168.151.69, host: trunk-nightly-20191004-lpvmn-70278721, networkLocation: /default-rack, certSerialId: null}d50021de-ef3c-4ba4-9a1f-74e99ee73c0d{ip: 192.168.151.69, host: trunk-nightly-20191004-lpvmn-70278721, networkLocation: /default-rack, certSerialId: null}, Type:RATIS, Factor:THREE, State:CLOSED]
2019-10-04 06:13:47,621 [ForkJoinPool.commonPool-worker-1] INFO  ozoneimpl.OzoneContainer (OzoneContainer.java:stop(231)) - Attempting to stop container services.
2019-10-04 06:13:47,621 [main] INFO  ozoneimpl.OzoneContainer (OzoneContainer.java:stop(231)) - Attempting to stop container services.
2019-10-04 06:13:47,626 [ForkJoinPool.commonPool-worker-1] INFO  impl.RaftServerProxy (RaftServerProxy.java:lambda$close$4(314)) - d50021de-ef3c-4ba4-9a1f-74e99ee73c0d: close
2019-10-04 06:13:47,627 [main] INFO  impl.RaftServerProxy (RaftServerProxy.java:lambda$close$4(314)) - 7f208f9a-7048-44ea-b109-f6ce9127d734: close
2019-10-04 06:13:47,627 [ForkJoinPool.commonPool-worker-1] INFO  impl.RaftServerImpl (RaftServerImpl.java:lambda$shutdown$3(247)) - d50021de-ef3c-4ba4-9a1f-74e99ee73c0d@group-E0F9598A49EB: shutdown
2019-10-04 06:13:47,627 [main] INFO  impl.RaftServerImpl (RaftServerImpl.java:lambda$shutdown$3(247)) - 7f208f9a-7048-44ea-b109-f6ce9127d734@group-58CBFEB64A90: shutdown
2019-10-04 06:13:47,627 [ForkJoinPool.commonPool-worker-1] INFO  util.JmxRegister (JmxRegister.java:unregister(73)) - Successfully un-registered JMX Bean with object name Ratis:service=RaftServer,group=group-E0F9598A49EB,id=d50021de-ef3c-4ba4-9a1f-74e99ee73c0d
2019-10-04 06:13:47,628 [main] INFO  util.JmxRegister (JmxRegister.java:unregister(73)) - Successfully un-registered JMX Bean with object name Ratis:service=RaftServer,group=group-58CBFEB64A90,id=7f208f9a-7048-44ea-b109-f6ce9127d734
2019-10-04 06:13:47,628 [ForkJoinPool.commonPool-worker-1] INFO  impl.RoleInfo (RoleInfo.java:shutdownLeaderState(104)) - d50021de-ef3c-4ba4-9a1f-74e99ee73c0d: shutdown LeaderState
2019-10-04 06:13:47,628 [main] INFO  impl.RoleInfo (RoleInfo.java:shutdownLeaderState(104)) - 7f208f9a-7048-44ea-b109-f6ce9127d734: shutdown LeaderState
2019-10-04 06:13:47,629 [ForkJoinPool.commonPool-worker-1] INFO  impl.PendingRequests (PendingRequests.java:sendNotLeaderResponses(202)) - d50021de-ef3c-4ba4-9a1f-74e99ee73c0d@group-E0F9598A49EB-PendingRequests: sendNotLeaderResponses
2019-10-04 06:13:47,629 [main] INFO  impl.PendingRequests (PendingRequests.java:sendNotLeaderResponses(202)) - 7f208f9a-7048-44ea-b109-f6ce9127d734@group-58CBFEB64A90-PendingRequests: sendNotLeaderResponses
2019-10-04 06:13:47,630 [ForkJoinPool.commonPool-worker-1] INFO  impl.StateMachineUpdater (StateMachineUpdater.java:stopAndJoin(136)) - d50021de-ef3c-4ba4-9a1f-74e99ee73c0d@group-E0F9598A49EB-StateMachineUpdater: set stopIndex = 0
2019-10-04 06:13:47,630 [main] INFO  impl.StateMachineUpdater (StateMachineUpdater.java:stopAndJoin(136)) - 7f208f9a-7048-44ea-b109-f6ce9127d734@group-58CBFEB64A90-StateMachineUpdater: set stopIndex = 0
2019-10-04 06:13:47,630 [ForkJoinPool.commonPool-worker-1] INFO  impl.RaftServerImpl (ServerState.java:close(387)) - d50021de-ef3c-4ba4-9a1f-74e99ee73c0d@group-E0F9598A49EB: closes. applyIndex: 0
2019-10-04 06:13:47,631 [main] INFO  impl.RaftServerImpl (ServerState.java:close(387)) - 7f208f9a-7048-44ea-b109-f6ce9127d734@group-58CBFEB64A90: closes. applyIndex: 0
2019-10-04 06:13:47,631 [d50021de-ef3c-4ba4-9a1f-74e99ee73c0d@group-E0F9598A49EB-SegmentedRaftLogWorker] INFO  segmented.SegmentedRaftLogWorker (SegmentedRaftLogWorker.java:run(316)) - d50021de-ef3c-4ba4-9a1f-74e99ee73c0d@group-E0F9598A49EB-SegmentedRaftLogWorker was interrupted, exiting. There are 0 tasks remaining in the queue.
2019-10-04 06:13:47,631 [7f208f9a-7048-44ea-b109-f6ce9127d734@group-58CBFEB64A90-SegmentedRaftLogWorker] INFO  segmented.SegmentedRaftLogWorker (SegmentedRaftLogWorker.java:run(316)) - 7f208f9a-7048-44ea-b109-f6ce9127d734@group-58CBFEB64A90-SegmentedRaftLogWorker was interrupted, exiting. There are 0 tasks remaining in the queue.
2019-10-04 06:13:47,631 [ForkJoinPool.commonPool-worker-1] INFO  segmented.SegmentedRaftLogWorker (SegmentedRaftLogWorker.java:close(224)) - d50021de-ef3c-4ba4-9a1f-74e99ee73c0d@group-E0F9598A49EB-SegmentedRaftLogWorker close()
2019-10-04 06:13:47,632 [main] INFO  segmented.SegmentedRaftLogWorker (SegmentedRaftLogWorker.java:close(224)) - 7f208f9a-7048-44ea-b109-f6ce9127d734@group-58CBFEB64A90-SegmentedRaftLogWorker close()
2019-10-04 06:13:47,635 [ForkJoinPool.commonPool-worker-1] INFO  impl.RaftServerImpl (RaftServerImpl.java:lambda$shutdown$3(247)) - d50021de-ef3c-4ba4-9a1f-74e99ee73c0d@group-7B63199FC393: shutdown
2019-10-04 06:13:47,638 [main] INFO  server.GrpcService (GrpcService.java:closeImpl(164)) - 7f208f9a-7048-44ea-b109-f6ce9127d734: shutdown server with port 44686 now
2019-10-04 06:13:47,638 [ForkJoinPool.commonPool-worker-1] INFO  util.JmxRegister (JmxRegister.java:unregister(73)) - Successfully un-registered JMX Bean with object name Ratis:service=RaftServer,group=group-7B63199FC393,id=d50021de-ef3c-4ba4-9a1f-74e99ee73c0d
2019-10-04 06:13:47,639 [ForkJoinPool.commonPool-worker-1] INFO  impl.RoleInfo (RoleInfo.java:shutdownLeaderState(104)) - d50021de-ef3c-4ba4-9a1f-74e99ee73c0d: shutdown LeaderState
2019-10-04 06:13:47,641 [main] INFO  server.GrpcService (GrpcService.java:closeImpl(172)) - 7f208f9a-7048-44ea-b109-f6ce9127d734: shutdown server with port 44686 successfully
2019-10-04 06:13:47,646 [org.apache.ratis.server.impl.LogAppender$AppenderDaemon$$Lambda$507/776777645@2362cc20] WARN  server.GrpcLogAppender (GrpcLogAppender.java:mayWait(143)) - d50021de-ef3c-4ba4-9a1f-74e99ee73c0d@group-7B63199FC393->29be59ed-680c-458c-aec9-68f2979afc9a-GrpcLogAppender: Wait interrupted by java.lang.InterruptedException
2019-10-04 06:13:47,646 [org.apache.ratis.server.impl.LogAppender$AppenderDaemon$$Lambda$507/776777645@34b1cb12] WARN  server.GrpcLogAppender (GrpcLogAppender.java:mayWait(143)) - d50021de-ef3c-4ba4-9a1f-74e99ee73c0d@group-7B63199FC393->b0c93557-f206-49b3-b845-27ddea8ebda5-GrpcLogAppender: Wait interrupted by java.lang.InterruptedException
2019-10-04 06:13:47,646 [ForkJoinPool.commonPool-worker-1] INFO  impl.PendingRequests (PendingRequests.java:sendNotLeaderResponses(202)) - d50021de-ef3c-4ba4-9a1f-74e99ee73c0d@group-7B63199FC393-PendingRequests: sendNotLeaderResponses
2019-10-04 06:13:47,650 [ForkJoinPool.commonPool-worker-1] INFO  impl.StateMachineUpdater (StateMachineUpdater.java:stopAndJoin(136)) - d50021de-ef3c-4ba4-9a1f-74e99ee73c0d@group-7B63199FC393-StateMachineUpdater: set stopIndex = 31
2019-10-04 06:13:47,650 [d50021de-ef3c-4ba4-9a1f-74e99ee73c0d@group-7B63199FC393-StateMachineUpdater] INFO  ratis.ContainerStateMachine (ContainerStateMachine.java:takeSnapshot(293)) - group-7B63199FC393: Taking a snapshot at:(t:1, i:29) file /workdir/hadoop-ozone/integration-test/target/test-dir/MiniOzoneClusterImpl-f2c63e22-5472-4ef8-9a63-56aaf7805485/datanode-2/data/ratis/f4adb192-49a1-46c5-befe-7b63199fc393/sm/snapshot.1_29
2019-10-04 06:13:47,651 [grpc-default-executor-5] INFO  server.GrpcServerProtocolService (GrpcServerProtocolService.java:onCompleted(113)) - 29be59ed-680c-458c-aec9-68f2979afc9a: Completed APPEND_ENTRIES, lastRequest: d50021de-ef3c-4ba4-9a1f-74e99ee73c0d->29be59ed-680c-458c-aec9-68f2979afc9a#2-t2, previous=(t:2, i:30), leaderCommit=30, initializing? false, entries: size=1, first=(t:2, i:31), METADATAENTRY(c30)
2019-10-04 06:13:47,651 [grpc-default-executor-5] INFO  server.GrpcLogAppender (GrpcLogAppender.java:onCompleted(293)) - d50021de-ef3c-4ba4-9a1f-74e99ee73c0d@group-7B63199FC393->29be59ed-680c-458c-aec9-68f2979afc9a-AppendLogResponseHandler: follower responses appendEntries COMPLETED
2019-10-04 06:13:47,652 [grpc-default-executor-5] INFO  impl.FollowerInfo (FollowerInfo.java:lambda$new$0(51)) - d50021de-ef3c-4ba4-9a1f-74e99ee73c0d@group-7B63199FC393->29be59ed-680c-458c-aec9-68f2979afc9a: nextIndex: updateUnconditionally 32 -> 31
2019-10-04 06:13:47,652 [refreshUsed-/workdir/hadoop-ozone/integration-test/target/test-dir/MiniOzoneClusterImpl-f2c63e22-5472-4ef8-9a63-56aaf7805485/datanode-3/data/containers] WARN  fs.CachingGetSpaceUsed (CachingGetSpaceUsed.java:run(183)) - Thread Interrupted waiting to refresh disk information: sleep interrupted
2019-10-04 06:13:47,666 [d50021de-ef3c-4ba4-9a1f-74e99ee73c0d@group-7B63199FC393-StateMachineUpdater] INFO  ratis.ContainerStateMachine (ContainerStateMachine.java:takeSnapshot(304)) - group-7B63199FC393: Finished taking a snapshot at:(t:1, i:29) file:/workdir/hadoop-ozone/integration-test/target/test-dir/MiniOzoneClusterImpl-f2c63e22-5472-4ef8-9a63-56aaf7805485/datanode-2/data/ratis/f4adb192-49a1-46c5-befe-7b63199fc393/sm/snapshot.1_29 time:16
2019-10-04 06:13:47,667 [d50021de-ef3c-4ba4-9a1f-74e99ee73c0d@group-7B63199FC393-StateMachineUpdater] INFO  impl.StateMachineUpdater (StateMachineUpdater.java:takeSnapshot(269)) - d50021de-ef3c-4ba4-9a1f-74e99ee73c0d@group-7B63199FC393-StateMachineUpdater: Took a snapshot at index 29
2019-10-04 06:13:47,667 [d50021de-ef3c-4ba4-9a1f-74e99ee73c0d@group-7B63199FC393-StateMachineUpdater] INFO  impl.StateMachineUpdater (StateMachineUpdater.java:lambda$new$0(84)) - d50021de-ef3c-4ba4-9a1f-74e99ee73c0d@group-7B63199FC393-StateMachineUpdater: snapshotIndex: updateIncreasingly -1 -> 29
2019-10-04 06:13:47,667 [d50021de-ef3c-4ba4-9a1f-74e99ee73c0d@group-7B63199FC393-StateMachineUpdater] INFO  ratis.ContainerStateMachine (ContainerStateMachine.java:takeSnapshot(293)) - group-7B63199FC393: Taking a snapshot at:(t:1, i:29) file /workdir/hadoop-ozone/integration-test/target/test-dir/MiniOzoneClusterImpl-f2c63e22-5472-4ef8-9a63-56aaf7805485/datanode-2/data/ratis/f4adb192-49a1-46c5-befe-7b63199fc393/sm/snapshot.1_29
2019-10-04 06:13:47,671 [main] INFO  utils.BackgroundService (BackgroundService.java:shutdown(148)) - Shutting down service BlockDeletingService
2019-10-04 06:13:47,678 [main] INFO  statemachine.DatanodeStateMachine (DatanodeStateMachine.java:stopDaemon(395)) - Ozone container server stopped.
2019-10-04 06:13:47,680 [d50021de-ef3c-4ba4-9a1f-74e99ee73c0d@group-7B63199FC393-StateMachineUpdater] INFO  ratis.ContainerStateMachine (ContainerStateMachine.java:takeSnapshot(304)) - group-7B63199FC393: Finished taking a snapshot at:(t:1, i:29) file:/workdir/hadoop-ozone/integration-test/target/test-dir/MiniOzoneClusterImpl-f2c63e22-5472-4ef8-9a63-56aaf7805485/datanode-2/data/ratis/f4adb192-49a1-46c5-befe-7b63199fc393/sm/snapshot.1_29 time:13
2019-10-04 06:13:47,681 [d50021de-ef3c-4ba4-9a1f-74e99ee73c0d@group-7B63199FC393-StateMachineUpdater] INFO  impl.StateMachineUpdater (StateMachineUpdater.java:takeSnapshot(269)) - d50021de-ef3c-4ba4-9a1f-74e99ee73c0d@group-7B63199FC393-StateMachineUpdater: Took a snapshot at index 29
2019-10-04 06:13:47,681 [d50021de-ef3c-4ba4-9a1f-74e99ee73c0d@group-7B63199FC393-StateMachineUpdater] INFO  impl.StateMachineUpdater (StateMachineUpdater.java:lambda$new$0(84)) - d50021de-ef3c-4ba4-9a1f-74e99ee73c0d@group-7B63199FC393-StateMachineUpdater: snapshotIndex: updateIncreasingly 29 -> 29
2019-10-04 06:13:47,681 [ForkJoinPool.commonPool-worker-1] INFO  impl.RaftServerImpl (ServerState.java:close(387)) - d50021de-ef3c-4ba4-9a1f-74e99ee73c0d@group-7B63199FC393: closes. applyIndex: 31
2019-10-04 06:13:47,682 [d50021de-ef3c-4ba4-9a1f-74e99ee73c0d@group-7B63199FC393-SegmentedRaftLogWorker] INFO  segmented.SegmentedRaftLogWorker (SegmentedRaftLogWorker.java:run(316)) - d50021de-ef3c-4ba4-9a1f-74e99ee73c0d@group-7B63199FC393-SegmentedRaftLogWorker was interrupted, exiting. There are 0 tasks remaining in the queue.
2019-10-04 06:13:47,684 [ForkJoinPool.commonPool-worker-1] INFO  segmented.SegmentedRaftLogWorker (SegmentedRaftLogWorker.java:close(224)) - d50021de-ef3c-4ba4-9a1f-74e99ee73c0d@group-7B63199FC393-SegmentedRaftLogWorker close()
2019-10-04 06:13:47,686 [ForkJoinPool.commonPool-worker-1] INFO  server.GrpcService (GrpcService.java:closeImpl(164)) - d50021de-ef3c-4ba4-9a1f-74e99ee73c0d: shutdown server with port 41884 now
2019-10-04 06:13:47,687 [ForkJoinPool.commonPool-worker-1] INFO  server.GrpcService (GrpcService.java:closeImpl(172)) - d50021de-ef3c-4ba4-9a1f-74e99ee73c0d: shutdown server with port 41884 successfully
2019-10-04 06:13:47,688 [refreshUsed-/workdir/hadoop-ozone/integration-test/target/test-dir/MiniOzoneClusterImpl-f2c63e22-5472-4ef8-9a63-56aaf7805485/datanode-2/data/containers] WARN  fs.CachingGetSpaceUsed (CachingGetSpaceUsed.java:run(183)) - Thread Interrupted waiting to refresh disk information: sleep interrupted
2019-10-04 06:13:47,705 [ForkJoinPool.commonPool-worker-1] INFO  utils.BackgroundService (BackgroundService.java:shutdown(148)) - Shutting down service BlockDeletingService
2019-10-04 06:13:47,711 [ForkJoinPool.commonPool-worker-1] INFO  statemachine.DatanodeStateMachine (DatanodeStateMachine.java:stopDaemon(395)) - Ozone container server stopped.
2019-10-04 06:13:48,100 [grpc-default-executor-7] WARN  server.GrpcLogAppender (LogUtils.java:warn(134)) - 32efdfc3-f14c-4bda-808a-470d99a3fb0e@group-2E2C1A4E0FAF->6a20f4ed-c225-463e-b5f9-99b45118de41-AppendLogResponseHandler: Failed appendEntries: org.apache.ratis.thirdparty.io.grpc.StatusRuntimeException: UNAVAILABLE: io exception
2019-10-04 06:13:48,100 [grpc-default-executor-7] INFO  impl.FollowerInfo (FollowerInfo.java:lambda$new$0(51)) - 32efdfc3-f14c-4bda-808a-470d99a3fb0e@group-2E2C1A4E0FAF->6a20f4ed-c225-463e-b5f9-99b45118de41: nextIndex: updateUnconditionally 1 -> 0
2019-10-04 06:13:49,664 [main] INFO  handler.ContextHandler (ContextHandler.java:doStop(910)) - Stopped o.e.j.w.WebAppContext@7893c715{/,null,UNAVAILABLE}{/hddsDatanode}
2019-10-04 06:13:49,667 [ForkJoinPool.commonPool-worker-1] INFO  handler.ContextHandler (ContextHandler.java:doStop(910)) - Stopped o.e.j.w.WebAppContext@d28c214{/,null,UNAVAILABLE}{/hddsDatanode}
2019-10-04 06:13:49,668 [main] INFO  server.AbstractConnector (AbstractConnector.java:doStop(318)) - Stopped ServerConnector@36f6d25c{HTTP/1.1,[http/1.1]}{0.0.0.0:0}
2019-10-04 06:13:49,668 [ForkJoinPool.commonPool-worker-1] INFO  server.AbstractConnector (AbstractConnector.java:doStop(318)) - Stopped ServerConnector@2fc7fa6e{HTTP/1.1,[http/1.1]}{0.0.0.0:0}
2019-10-04 06:13:49,668 [main] INFO  handler.ContextHandler (ContextHandler.java:doStop(910)) - Stopped o.e.j.s.ServletContextHandler@58739e5e{/static,jar:file:/home/user/.m2/repository/org/apache/hadoop/hadoop-hdds-container-service/0.5.0-SNAPSHOT/hadoop-hdds-container-service-0.5.0-SNAPSHOT.jar!/webapps/static,UNAVAILABLE}
2019-10-04 06:13:49,671 [ForkJoinPool.commonPool-worker-1] INFO  handler.ContextHandler (ContextHandler.java:doStop(910)) - Stopped o.e.j.s.ServletContextHandler@6e93b0e7{/static,jar:file:/home/user/.m2/repository/org/apache/hadoop/hadoop-hdds-container-service/0.5.0-SNAPSHOT/hadoop-hdds-container-service-0.5.0-SNAPSHOT.jar!/webapps/static,UNAVAILABLE}
2019-10-04 06:13:49,671 [main] INFO  handler.ContextHandler (ContextHandler.java:doStop(910)) - Stopped o.e.j.s.ServletContextHandler@6a51ae7c{/logs,file:///workdir/hadoop-ozone/integration-test/target/log,UNAVAILABLE}
2019-10-04 06:13:49,673 [ForkJoinPool.commonPool-worker-1] INFO  handler.ContextHandler (ContextHandler.java:doStop(910)) - Stopped o.e.j.s.ServletContextHandler@1cc41b77{/logs,file:///workdir/hadoop-ozone/integration-test/target/log,UNAVAILABLE}
2019-10-04 06:13:50,289 [Datanode State Machine Thread - 0] INFO  statemachine.DatanodeStateMachine (DatanodeStateMachine.java:lambda$startDaemon$0(350)) - Ozone container server started.
2019-10-04 06:13:50,503 [Datanode State Machine Thread - 0] INFO  statemachine.DatanodeStateMachine (DatanodeStateMachine.java:lambda$startDaemon$0(350)) - Ozone container server started.
2019-10-04 06:13:50,600 [grpc-default-executor-9] WARN  server.GrpcLogAppender (LogUtils.java:warn(134)) - 32efdfc3-f14c-4bda-808a-470d99a3fb0e@group-2E2C1A4E0FAF->6a20f4ed-c225-463e-b5f9-99b45118de41-AppendLogResponseHandler: Failed appendEntries: org.apache.ratis.thirdparty.io.grpc.StatusRuntimeException: UNAVAILABLE: io exception
2019-10-04 06:13:50,600 [grpc-default-executor-9] INFO  impl.FollowerInfo (FollowerInfo.java:lambda$new$0(51)) - 32efdfc3-f14c-4bda-808a-470d99a3fb0e@group-2E2C1A4E0FAF->6a20f4ed-c225-463e-b5f9-99b45118de41: nextIndex: updateUnconditionally 0 -> 0
2019-10-04 06:13:53,109 [grpc-default-executor-7] WARN  server.GrpcLogAppender (LogUtils.java:warn(134)) - 32efdfc3-f14c-4bda-808a-470d99a3fb0e@group-2E2C1A4E0FAF->6a20f4ed-c225-463e-b5f9-99b45118de41-AppendLogResponseHandler: Failed appendEntries: org.apache.ratis.thirdparty.io.grpc.StatusRuntimeException: UNAVAILABLE: io exception
2019-10-04 06:13:53,111 [grpc-default-executor-7] INFO  impl.FollowerInfo (FollowerInfo.java:lambda$new$0(51)) - 32efdfc3-f14c-4bda-808a-470d99a3fb0e@group-2E2C1A4E0FAF->6a20f4ed-c225-463e-b5f9-99b45118de41: nextIndex: updateUnconditionally 0 -> 0
2019-10-04 06:13:54,334 [EventQueue-StaleNodeForStaleNodeHandler] INFO  node.StaleNodeHandler (StaleNodeHandler.java:onMessage(58)) - Datanode 29be59ed-680c-458c-aec9-68f2979afc9a{ip: 192.168.151.69, host: trunk-nightly-20191004-lpvmn-70278721, networkLocation: /default-rack, certSerialId: null} moved to stale state. Finalizing its pipelines [PipelineID=f4adb192-49a1-46c5-befe-7b63199fc393, PipelineID=5175c4f0-1656-4551-af1e-7c18104dcc86]
2019-10-04 06:13:54,335 [EventQueue-StaleNodeForStaleNodeHandler] INFO  pipeline.SCMPipelineManager (SCMPipelineManager.java:finalizeAndDestroyPipeline(315)) - destroying pipeline:Pipeline[ Id: f4adb192-49a1-46c5-befe-7b63199fc393, Nodes: 29be59ed-680c-458c-aec9-68f2979afc9a{ip: 192.168.151.69, host: trunk-nightly-20191004-lpvmn-70278721, networkLocation: /default-rack, certSerialId: null}b0c93557-f206-49b3-b845-27ddea8ebda5{ip: 192.168.151.69, host: trunk-nightly-20191004-lpvmn-70278721, networkLocation: /default-rack, certSerialId: null}d50021de-ef3c-4ba4-9a1f-74e99ee73c0d{ip: 192.168.151.69, host: trunk-nightly-20191004-lpvmn-70278721, networkLocation: /default-rack, certSerialId: null}, Type:RATIS, Factor:THREE, State:CLOSED]
2019-10-04 06:13:54,336 [EventQueue-StaleNodeForStaleNodeHandler] INFO  pipeline.SCMPipelineManager (SCMPipelineManager.java:finalizeAndDestroyPipeline(315)) - destroying pipeline:Pipeline[ Id: 5175c4f0-1656-4551-af1e-7c18104dcc86, Nodes: 29be59ed-680c-458c-aec9-68f2979afc9a{ip: 192.168.151.69, host: trunk-nightly-20191004-lpvmn-70278721, networkLocation: /default-rack, certSerialId: null}, Type:RATIS, Factor:ONE, State:OPEN]
2019-10-04 06:13:54,336 [EventQueue-StaleNodeForStaleNodeHandler] INFO  pipeline.PipelineStateManager (PipelineStateManager.java:finalizePipeline(123)) - Pipeline Pipeline[ Id: 5175c4f0-1656-4551-af1e-7c18104dcc86, Nodes: 29be59ed-680c-458c-aec9-68f2979afc9a{ip: 192.168.151.69, host: trunk-nightly-20191004-lpvmn-70278721, networkLocation: /default-rack, certSerialId: null}, Type:RATIS, Factor:ONE, State:CLOSED] moved to CLOSED state
2019-10-04 06:13:54,534 [EventQueue-StaleNodeForStaleNodeHandler] INFO  node.StaleNodeHandler (StaleNodeHandler.java:onMessage(58)) - Datanode 32efdfc3-f14c-4bda-808a-470d99a3fb0e{ip: 192.168.151.69, host: trunk-nightly-20191004-lpvmn-70278721, networkLocation: /default-rack, certSerialId: null} moved to stale state. Finalizing its pipelines [PipelineID=b0a0da09-d3ac-4140-8148-2e2c1a4e0faf, PipelineID=35000770-9e93-42a6-945b-072a6c31abf1]
2019-10-04 06:13:54,534 [EventQueue-StaleNodeForStaleNodeHandler] INFO  pipeline.SCMPipelineManager (SCMPipelineManager.java:finalizeAndDestroyPipeline(315)) - destroying pipeline:Pipeline[ Id: b0a0da09-d3ac-4140-8148-2e2c1a4e0faf, Nodes: 32efdfc3-f14c-4bda-808a-470d99a3fb0e{ip: 192.168.151.69, host: trunk-nightly-20191004-lpvmn-70278721, networkLocation: /default-rack, certSerialId: null}6a20f4ed-c225-463e-b5f9-99b45118de41{ip: 192.168.151.69, host: trunk-nightly-20191004-lpvmn-70278721, networkLocation: /default-rack, certSerialId: null}0a895fe0-e95b-44b0-88a5-40095369d54c{ip: 192.168.151.69, host: trunk-nightly-20191004-lpvmn-70278721, networkLocation: /default-rack, certSerialId: null}, Type:RATIS, Factor:THREE, State:CLOSED]
2019-10-04 06:13:54,534 [EventQueue-StaleNodeForStaleNodeHandler] INFO  pipeline.SCMPipelineManager (SCMPipelineManager.java:finalizeAndDestroyPipeline(315)) - destroying pipeline:Pipeline[ Id: 35000770-9e93-42a6-945b-072a6c31abf1, Nodes: 32efdfc3-f14c-4bda-808a-470d99a3fb0e{ip: 192.168.151.69, host: trunk-nightly-20191004-lpvmn-70278721, networkLocation: /default-rack, certSerialId: null}, Type:RATIS, Factor:ONE, State:OPEN]
2019-10-04 06:13:54,535 [EventQueue-StaleNodeForStaleNodeHandler] INFO  pipeline.PipelineStateManager (PipelineStateManager.java:finalizePipeline(123)) - Pipeline Pipeline[ Id: 35000770-9e93-42a6-945b-072a6c31abf1, Nodes: 32efdfc3-f14c-4bda-808a-470d99a3fb0e{ip: 192.168.151.69, host: trunk-nightly-20191004-lpvmn-70278721, networkLocation: /default-rack, certSerialId: null}, Type:RATIS, Factor:ONE, State:CLOSED] moved to CLOSED state
2019-10-04 06:13:54,677 [ForkJoinPool.commonPool-worker-1] INFO  ozoneimpl.OzoneContainer (OzoneContainer.java:stop(231)) - Attempting to stop container services.
2019-10-04 06:13:54,677 [main] INFO  ozoneimpl.OzoneContainer (OzoneContainer.java:stop(231)) - Attempting to stop container services.
2019-10-04 06:13:54,680 [ForkJoinPool.commonPool-worker-1] INFO  impl.RaftServerProxy (RaftServerProxy.java:lambda$close$4(314)) - 29be59ed-680c-458c-aec9-68f2979afc9a: close
2019-10-04 06:13:54,680 [main] INFO  impl.RaftServerProxy (RaftServerProxy.java:lambda$close$4(314)) - 32efdfc3-f14c-4bda-808a-470d99a3fb0e: close
2019-10-04 06:13:54,681 [ForkJoinPool.commonPool-worker-1] INFO  impl.RaftServerImpl (RaftServerImpl.java:lambda$shutdown$3(247)) - 29be59ed-680c-458c-aec9-68f2979afc9a@group-7B63199FC393: shutdown
2019-10-04 06:13:54,681 [main] INFO  impl.RaftServerImpl (RaftServerImpl.java:lambda$shutdown$3(247)) - 32efdfc3-f14c-4bda-808a-470d99a3fb0e@group-2E2C1A4E0FAF: shutdown
2019-10-04 06:13:54,681 [ForkJoinPool.commonPool-worker-1] INFO  util.JmxRegister (JmxRegister.java:unregister(73)) - Successfully un-registered JMX Bean with object name Ratis:service=RaftServer,group=group-7B63199FC393,id=29be59ed-680c-458c-aec9-68f2979afc9a
2019-10-04 06:13:54,682 [main] INFO  util.JmxRegister (JmxRegister.java:unregister(73)) - Successfully un-registered JMX Bean with object name Ratis:service=RaftServer,group=group-2E2C1A4E0FAF,id=32efdfc3-f14c-4bda-808a-470d99a3fb0e
2019-10-04 06:13:54,682 [ForkJoinPool.commonPool-worker-1] INFO  impl.RoleInfo (RoleInfo.java:shutdownFollowerState(121)) - 29be59ed-680c-458c-aec9-68f2979afc9a: shutdown FollowerState
2019-10-04 06:13:54,682 [main] INFO  impl.RoleInfo (RoleInfo.java:shutdownLeaderState(104)) - 32efdfc3-f14c-4bda-808a-470d99a3fb0e: shutdown LeaderState
2019-10-04 06:13:54,683 [Thread-4080] INFO  impl.FollowerState (FollowerState.java:run(117)) - 29be59ed-680c-458c-aec9-68f2979afc9a@group-7B63199FC393-FollowerState was interrupted: java.lang.InterruptedException: sleep interrupted
2019-10-04 06:13:54,686 [org.apache.ratis.server.impl.LogAppender$AppenderDaemon$$Lambda$507/776777645@72149e10] WARN  server.GrpcLogAppender (GrpcLogAppender.java:mayWait(143)) - 32efdfc3-f14c-4bda-808a-470d99a3fb0e@group-2E2C1A4E0FAF->6a20f4ed-c225-463e-b5f9-99b45118de41-GrpcLogAppender: Wait interrupted by java.lang.InterruptedException
2019-10-04 06:13:54,683 [ForkJoinPool.commonPool-worker-1] INFO  impl.StateMachineUpdater (StateMachineUpdater.java:stopAndJoin(136)) - 29be59ed-680c-458c-aec9-68f2979afc9a@group-7B63199FC393-StateMachineUpdater: set stopIndex = 30
2019-10-04 06:13:54,686 [org.apache.ratis.server.impl.LogAppender$AppenderDaemon$$Lambda$507/776777645@d7c0647] WARN  server.GrpcLogAppender (GrpcLogAppender.java:mayWait(143)) - 32efdfc3-f14c-4bda-808a-470d99a3fb0e@group-2E2C1A4E0FAF->0a895fe0-e95b-44b0-88a5-40095369d54c-GrpcLogAppender: Wait interrupted by java.lang.InterruptedException
2019-10-04 06:13:54,686 [main] INFO  impl.PendingRequests (PendingRequests.java:sendNotLeaderResponses(202)) - 32efdfc3-f14c-4bda-808a-470d99a3fb0e@group-2E2C1A4E0FAF-PendingRequests: sendNotLeaderResponses
2019-10-04 06:13:54,683 [29be59ed-680c-458c-aec9-68f2979afc9a@group-7B63199FC393-StateMachineUpdater] INFO  ratis.ContainerStateMachine (ContainerStateMachine.java:takeSnapshot(293)) - group-7B63199FC393: Taking a snapshot at:(t:1, i:29) file /workdir/hadoop-ozone/integration-test/target/test-dir/MiniOzoneClusterImpl-f2c63e22-5472-4ef8-9a63-56aaf7805485/datanode-0/data/ratis/f4adb192-49a1-46c5-befe-7b63199fc393/sm/snapshot.1_29
2019-10-04 06:13:54,689 [grpc-default-executor-7] INFO  server.GrpcServerProtocolService (GrpcServerProtocolService.java:onCompleted(113)) - 0a895fe0-e95b-44b0-88a5-40095369d54c: Completed APPEND_ENTRIES, lastRequest: 32efdfc3-f14c-4bda-808a-470d99a3fb0e->0a895fe0-e95b-44b0-88a5-40095369d54c#5-t3, previous=(t:3, i:17), leaderCommit=17, initializing? false, entries: <empty>
2019-10-04 06:13:54,689 [main] INFO  impl.StateMachineUpdater (StateMachineUpdater.java:stopAndJoin(136)) - 32efdfc3-f14c-4bda-808a-470d99a3fb0e@group-2E2C1A4E0FAF-StateMachineUpdater: set stopIndex = 17
2019-10-04 06:13:54,690 [32efdfc3-f14c-4bda-808a-470d99a3fb0e@group-2E2C1A4E0FAF-StateMachineUpdater] INFO  ratis.ContainerStateMachine (ContainerStateMachine.java:takeSnapshot(293)) - group-2E2C1A4E0FAF: Taking a snapshot at:(t:2, i:13) file /workdir/hadoop-ozone/integration-test/target/test-dir/MiniOzoneClusterImpl-f2c63e22-5472-4ef8-9a63-56aaf7805485/datanode-6/data/ratis/b0a0da09-d3ac-4140-8148-2e2c1a4e0faf/sm/snapshot.2_13
2019-10-04 06:13:54,691 [grpc-default-executor-7] INFO  server.GrpcLogAppender (GrpcLogAppender.java:onCompleted(293)) - 32efdfc3-f14c-4bda-808a-470d99a3fb0e@group-2E2C1A4E0FAF->0a895fe0-e95b-44b0-88a5-40095369d54c-AppendLogResponseHandler: follower responses appendEntries COMPLETED
2019-10-04 06:13:54,692 [grpc-default-executor-7] INFO  impl.FollowerInfo (FollowerInfo.java:lambda$new$0(51)) - 32efdfc3-f14c-4bda-808a-470d99a3fb0e@group-2E2C1A4E0FAF->0a895fe0-e95b-44b0-88a5-40095369d54c: nextIndex: updateUnconditionally 18 -> 17
2019-10-04 06:13:54,703 [29be59ed-680c-458c-aec9-68f2979afc9a@group-7B63199FC393-StateMachineUpdater] INFO  ratis.ContainerStateMachine (ContainerStateMachine.java:takeSnapshot(304)) - group-7B63199FC393: Finished taking a snapshot at:(t:1, i:29) file:/workdir/hadoop-ozone/integration-test/target/test-dir/MiniOzoneClusterImpl-f2c63e22-5472-4ef8-9a63-56aaf7805485/datanode-0/data/ratis/f4adb192-49a1-46c5-befe-7b63199fc393/sm/snapshot.1_29 time:20
2019-10-04 06:13:54,703 [32efdfc3-f14c-4bda-808a-470d99a3fb0e@group-2E2C1A4E0FAF-StateMachineUpdater] INFO  ratis.ContainerStateMachine (ContainerStateMachine.java:takeSnapshot(304)) - group-2E2C1A4E0FAF: Finished taking a snapshot at:(t:2, i:13) file:/workdir/hadoop-ozone/integration-test/target/test-dir/MiniOzoneClusterImpl-f2c63e22-5472-4ef8-9a63-56aaf7805485/datanode-6/data/ratis/b0a0da09-d3ac-4140-8148-2e2c1a4e0faf/sm/snapshot.2_13 time:14
2019-10-04 06:13:54,704 [29be59ed-680c-458c-aec9-68f2979afc9a@group-7B63199FC393-StateMachineUpdater] INFO  impl.StateMachineUpdater (StateMachineUpdater.java:takeSnapshot(269)) - 29be59ed-680c-458c-aec9-68f2979afc9a@group-7B63199FC393-StateMachineUpdater: Took a snapshot at index 29
2019-10-04 06:13:54,704 [32efdfc3-f14c-4bda-808a-470d99a3fb0e@group-2E2C1A4E0FAF-StateMachineUpdater] INFO  impl.StateMachineUpdater (StateMachineUpdater.java:takeSnapshot(269)) - 32efdfc3-f14c-4bda-808a-470d99a3fb0e@group-2E2C1A4E0FAF-StateMachineUpdater: Took a snapshot at index 13
2019-10-04 06:13:54,704 [29be59ed-680c-458c-aec9-68f2979afc9a@group-7B63199FC393-StateMachineUpdater] INFO  impl.StateMachineUpdater (StateMachineUpdater.java:lambda$new$0(84)) - 29be59ed-680c-458c-aec9-68f2979afc9a@group-7B63199FC393-StateMachineUpdater: snapshotIndex: updateIncreasingly -1 -> 29
2019-10-04 06:13:54,704 [32efdfc3-f14c-4bda-808a-470d99a3fb0e@group-2E2C1A4E0FAF-StateMachineUpdater] INFO  impl.StateMachineUpdater (StateMachineUpdater.java:lambda$new$0(84)) - 32efdfc3-f14c-4bda-808a-470d99a3fb0e@group-2E2C1A4E0FAF-StateMachineUpdater: snapshotIndex: updateIncreasingly -1 -> 13
2019-10-04 06:13:54,704 [29be59ed-680c-458c-aec9-68f2979afc9a@group-7B63199FC393-StateMachineUpdater] INFO  ratis.ContainerStateMachine (ContainerStateMachine.java:takeSnapshot(293)) - group-7B63199FC393: Taking a snapshot at:(t:1, i:29) file /workdir/hadoop-ozone/integration-test/target/test-dir/MiniOzoneClusterImpl-f2c63e22-5472-4ef8-9a63-56aaf7805485/datanode-0/data/ratis/f4adb192-49a1-46c5-befe-7b63199fc393/sm/snapshot.1_29
2019-10-04 06:13:54,704 [32efdfc3-f14c-4bda-808a-470d99a3fb0e@group-2E2C1A4E0FAF-StateMachineUpdater] INFO  ratis.ContainerStateMachine (ContainerStateMachine.java:takeSnapshot(293)) - group-2E2C1A4E0FAF: Taking a snapshot at:(t:2, i:13) file /workdir/hadoop-ozone/integration-test/target/test-dir/MiniOzoneClusterImpl-f2c63e22-5472-4ef8-9a63-56aaf7805485/datanode-6/data/ratis/b0a0da09-d3ac-4140-8148-2e2c1a4e0faf/sm/snapshot.2_13
2019-10-04 06:13:54,718 [32efdfc3-f14c-4bda-808a-470d99a3fb0e@group-2E2C1A4E0FAF-StateMachineUpdater] INFO  ratis.ContainerStateMachine (ContainerStateMachine.java:takeSnapshot(304)) - group-2E2C1A4E0FAF: Finished taking a snapshot at:(t:2, i:13) file:/workdir/hadoop-ozone/integration-test/target/test-dir/MiniOzoneClusterImpl-f2c63e22-5472-4ef8-9a63-56aaf7805485/datanode-6/data/ratis/b0a0da09-d3ac-4140-8148-2e2c1a4e0faf/sm/snapshot.2_13 time:13
2019-10-04 06:13:54,718 [29be59ed-680c-458c-aec9-68f2979afc9a@group-7B63199FC393-StateMachineUpdater] INFO  ratis.ContainerStateMachine (ContainerStateMachine.java:takeSnapshot(304)) - group-7B63199FC393: Finished taking a snapshot at:(t:1, i:29) file:/workdir/hadoop-ozone/integration-test/target/test-dir/MiniOzoneClusterImpl-f2c63e22-5472-4ef8-9a63-56aaf7805485/datanode-0/data/ratis/f4adb192-49a1-46c5-befe-7b63199fc393/sm/snapshot.1_29 time:13
2019-10-04 06:13:54,718 [32efdfc3-f14c-4bda-808a-470d99a3fb0e@group-2E2C1A4E0FAF-StateMachineUpdater] INFO  impl.StateMachineUpdater (StateMachineUpdater.java:takeSnapshot(269)) - 32efdfc3-f14c-4bda-808a-470d99a3fb0e@group-2E2C1A4E0FAF-StateMachineUpdater: Took a snapshot at index 13
2019-10-04 06:13:54,718 [32efdfc3-f14c-4bda-808a-470d99a3fb0e@group-2E2C1A4E0FAF-StateMachineUpdater] INFO  impl.StateMachineUpdater (StateMachineUpdater.java:lambda$new$0(84)) - 32efdfc3-f14c-4bda-808a-470d99a3fb0e@group-2E2C1A4E0FAF-StateMachineUpdater: snapshotIndex: updateIncreasingly 13 -> 13
2019-10-04 06:13:54,718 [29be59ed-680c-458c-aec9-68f2979afc9a@group-7B63199FC393-StateMachineUpdater] INFO  impl.StateMachineUpdater (StateMachineUpdater.java:takeSnapshot(269)) - 29be59ed-680c-458c-aec9-68f2979afc9a@group-7B63199FC393-StateMachineUpdater: Took a snapshot at index 29
2019-10-04 06:13:54,718 [29be59ed-680c-458c-aec9-68f2979afc9a@group-7B63199FC393-StateMachineUpdater] INFO  impl.StateMachineUpdater (StateMachineUpdater.java:lambda$new$0(84)) - 29be59ed-680c-458c-aec9-68f2979afc9a@group-7B63199FC393-StateMachineUpdater: snapshotIndex: updateIncreasingly 29 -> 29
2019-10-04 06:13:54,718 [main] INFO  impl.RaftServerImpl (ServerState.java:close(387)) - 32efdfc3-f14c-4bda-808a-470d99a3fb0e@group-2E2C1A4E0FAF: closes. applyIndex: 17
2019-10-04 06:13:54,719 [ForkJoinPool.commonPool-worker-1] INFO  impl.RaftServerImpl (ServerState.java:close(387)) - 29be59ed-680c-458c-aec9-68f2979afc9a@group-7B63199FC393: closes. applyIndex: 30
2019-10-04 06:13:54,719 [32efdfc3-f14c-4bda-808a-470d99a3fb0e@group-2E2C1A4E0FAF-SegmentedRaftLogWorker] INFO  segmented.SegmentedRaftLogWorker (SegmentedRaftLogWorker.java:run(316)) - 32efdfc3-f14c-4bda-808a-470d99a3fb0e@group-2E2C1A4E0FAF-SegmentedRaftLogWorker was interrupted, exiting. There are 0 tasks remaining in the queue.
2019-10-04 06:13:54,719 [29be59ed-680c-458c-aec9-68f2979afc9a@group-7B63199FC393-SegmentedRaftLogWorker] INFO  segmented.SegmentedRaftLogWorker (SegmentedRaftLogWorker.java:run(316)) - 29be59ed-680c-458c-aec9-68f2979afc9a@group-7B63199FC393-SegmentedRaftLogWorker was interrupted, exiting. There are 0 tasks remaining in the queue.
2019-10-04 06:13:54,721 [main] INFO  segmented.SegmentedRaftLogWorker (SegmentedRaftLogWorker.java:close(224)) - 32efdfc3-f14c-4bda-808a-470d99a3fb0e@group-2E2C1A4E0FAF-SegmentedRaftLogWorker close()
2019-10-04 06:13:54,723 [ForkJoinPool.commonPool-worker-1] INFO  segmented.SegmentedRaftLogWorker (SegmentedRaftLogWorker.java:close(224)) - 29be59ed-680c-458c-aec9-68f2979afc9a@group-7B63199FC393-SegmentedRaftLogWorker close()
2019-10-04 06:13:54,724 [main] INFO  impl.RaftServerImpl (RaftServerImpl.java:lambda$shutdown$3(247)) - 32efdfc3-f14c-4bda-808a-470d99a3fb0e@group-072A6C31ABF1: shutdown
2019-10-04 06:13:54,726 [ForkJoinPool.commonPool-worker-1] INFO  impl.RaftServerImpl (RaftServerImpl.java:lambda$shutdown$3(247)) - 29be59ed-680c-458c-aec9-68f2979afc9a@group-7C18104DCC86: shutdown
2019-10-04 06:13:54,727 [main] INFO  util.JmxRegister (JmxRegister.java:unregister(73)) - Successfully un-registered JMX Bean with object name Ratis:service=RaftServer,group=group-072A6C31ABF1,id=32efdfc3-f14c-4bda-808a-470d99a3fb0e
2019-10-04 06:13:54,727 [ForkJoinPool.commonPool-worker-1] INFO  util.JmxRegister (JmxRegister.java:unregister(73)) - Successfully un-registered JMX Bean with object name Ratis:service=RaftServer,group=group-7C18104DCC86,id=29be59ed-680c-458c-aec9-68f2979afc9a
2019-10-04 06:13:54,727 [main] INFO  impl.RoleInfo (RoleInfo.java:shutdownLeaderState(104)) - 32efdfc3-f14c-4bda-808a-470d99a3fb0e: shutdown LeaderState
2019-10-04 06:13:54,728 [ForkJoinPool.commonPool-worker-1] INFO  impl.RoleInfo (RoleInfo.java:shutdownLeaderState(104)) - 29be59ed-680c-458c-aec9-68f2979afc9a: shutdown LeaderState
2019-10-04 06:13:54,728 [main] INFO  impl.PendingRequests (PendingRequests.java:sendNotLeaderResponses(202)) - 32efdfc3-f14c-4bda-808a-470d99a3fb0e@group-072A6C31ABF1-PendingRequests: sendNotLeaderResponses
2019-10-04 06:13:54,728 [ForkJoinPool.commonPool-worker-1] INFO  impl.PendingRequests (PendingRequests.java:sendNotLeaderResponses(202)) - 29be59ed-680c-458c-aec9-68f2979afc9a@group-7C18104DCC86-PendingRequests: sendNotLeaderResponses
2019-10-04 06:13:54,729 [main] INFO  impl.StateMachineUpdater (StateMachineUpdater.java:stopAndJoin(136)) - 32efdfc3-f14c-4bda-808a-470d99a3fb0e@group-072A6C31ABF1-StateMachineUpdater: set stopIndex = 0
2019-10-04 06:13:54,729 [ForkJoinPool.commonPool-worker-1] INFO  impl.StateMachineUpdater (StateMachineUpdater.java:stopAndJoin(136)) - 29be59ed-680c-458c-aec9-68f2979afc9a@group-7C18104DCC86-StateMachineUpdater: set stopIndex = 0
2019-10-04 06:13:54,729 [main] INFO  impl.RaftServerImpl (ServerState.java:close(387)) - 32efdfc3-f14c-4bda-808a-470d99a3fb0e@group-072A6C31ABF1: closes. applyIndex: 0
2019-10-04 06:13:54,730 [ForkJoinPool.commonPool-worker-1] INFO  impl.RaftServerImpl (ServerState.java:close(387)) - 29be59ed-680c-458c-aec9-68f2979afc9a@group-7C18104DCC86: closes. applyIndex: 0
2019-10-04 06:13:54,730 [32efdfc3-f14c-4bda-808a-470d99a3fb0e@group-072A6C31ABF1-SegmentedRaftLogWorker] INFO  segmented.SegmentedRaftLogWorker (SegmentedRaftLogWorker.java:run(316)) - 32efdfc3-f14c-4bda-808a-470d99a3fb0e@group-072A6C31ABF1-SegmentedRaftLogWorker was interrupted, exiting. There are 0 tasks remaining in the queue.
2019-10-04 06:13:54,730 [29be59ed-680c-458c-aec9-68f2979afc9a@group-7C18104DCC86-SegmentedRaftLogWorker] INFO  segmented.SegmentedRaftLogWorker (SegmentedRaftLogWorker.java:run(316)) - 29be59ed-680c-458c-aec9-68f2979afc9a@group-7C18104DCC86-SegmentedRaftLogWorker was interrupted, exiting. There are 0 tasks remaining in the queue.
2019-10-04 06:13:54,731 [main] INFO  segmented.SegmentedRaftLogWorker (SegmentedRaftLogWorker.java:close(224)) - 32efdfc3-f14c-4bda-808a-470d99a3fb0e@group-072A6C31ABF1-SegmentedRaftLogWorker close()
2019-10-04 06:13:54,731 [ForkJoinPool.commonPool-worker-1] INFO  segmented.SegmentedRaftLogWorker (SegmentedRaftLogWorker.java:close(224)) - 29be59ed-680c-458c-aec9-68f2979afc9a@group-7C18104DCC86-SegmentedRaftLogWorker close()
2019-10-04 06:13:54,732 [main] INFO  server.GrpcService (GrpcService.java:closeImpl(164)) - 32efdfc3-f14c-4bda-808a-470d99a3fb0e: shutdown server with port 37395 now
2019-10-04 06:13:54,734 [ForkJoinPool.commonPool-worker-1] INFO  server.GrpcService (GrpcService.java:closeImpl(164)) - 29be59ed-680c-458c-aec9-68f2979afc9a: shutdown server with port 33636 now
2019-10-04 06:13:54,735 [ForkJoinPool.commonPool-worker-1] INFO  server.GrpcService (GrpcService.java:closeImpl(172)) - 29be59ed-680c-458c-aec9-68f2979afc9a: shutdown server with port 33636 successfully
2019-10-04 06:13:54,735 [main] INFO  server.GrpcService (GrpcService.java:closeImpl(172)) - 32efdfc3-f14c-4bda-808a-470d99a3fb0e: shutdown server with port 37395 successfully
2019-10-04 06:13:54,739 [refreshUsed-/workdir/hadoop-ozone/integration-test/target/test-dir/MiniOzoneClusterImpl-f2c63e22-5472-4ef8-9a63-56aaf7805485/datanode-6/data/containers] WARN  fs.CachingGetSpaceUsed (CachingGetSpaceUsed.java:run(183)) - Thread Interrupted waiting to refresh disk information: sleep interrupted
2019-10-04 06:13:54,744 [refreshUsed-/workdir/hadoop-ozone/integration-test/target/test-dir/MiniOzoneClusterImpl-f2c63e22-5472-4ef8-9a63-56aaf7805485/datanode-0/data/containers] WARN  fs.CachingGetSpaceUsed (CachingGetSpaceUsed.java:run(183)) - Thread Interrupted waiting to refresh disk information: sleep interrupted
2019-10-04 06:13:54,763 [ForkJoinPool.commonPool-worker-1] INFO  utils.BackgroundService (BackgroundService.java:shutdown(148)) - Shutting down service BlockDeletingService
2019-10-04 06:13:54,763 [main] INFO  utils.BackgroundService (BackgroundService.java:shutdown(148)) - Shutting down service BlockDeletingService
2019-10-04 06:13:54,771 [main] INFO  statemachine.DatanodeStateMachine (DatanodeStateMachine.java:stopDaemon(395)) - Ozone container server stopped.
2019-10-04 06:13:54,771 [ForkJoinPool.commonPool-worker-1] INFO  statemachine.DatanodeStateMachine (DatanodeStateMachine.java:stopDaemon(395)) - Ozone container server stopped.
2019-10-04 06:13:54,777 [main] INFO  handler.ContextHandler (ContextHandler.java:doStop(910)) - Stopped o.e.j.w.WebAppContext@59baf2c7{/,null,UNAVAILABLE}{/hddsDatanode}
2019-10-04 06:13:54,777 [ForkJoinPool.commonPool-worker-1] INFO  handler.ContextHandler (ContextHandler.java:doStop(910)) - Stopped o.e.j.w.WebAppContext@7e2bc2f4{/,null,UNAVAILABLE}{/hddsDatanode}
2019-10-04 06:13:54,778 [ForkJoinPool.commonPool-worker-1] INFO  server.AbstractConnector (AbstractConnector.java:doStop(318)) - Stopped ServerConnector@67eeb310{HTTP/1.1,[http/1.1]}{0.0.0.0:0}
2019-10-04 06:13:54,778 [main] INFO  server.AbstractConnector (AbstractConnector.java:doStop(318)) - Stopped ServerConnector@ce655b9{HTTP/1.1,[http/1.1]}{0.0.0.0:0}
2019-10-04 06:13:54,780 [ForkJoinPool.commonPool-worker-1] INFO  handler.ContextHandler (ContextHandler.java:doStop(910)) - Stopped o.e.j.s.ServletContextHandler@3b57f915{/static,jar:file:/home/user/.m2/repository/org/apache/hadoop/hadoop-hdds-container-service/0.5.0-SNAPSHOT/hadoop-hdds-container-service-0.5.0-SNAPSHOT.jar!/webapps/static,UNAVAILABLE}
2019-10-04 06:13:54,780 [main] INFO  handler.ContextHandler (ContextHandler.java:doStop(910)) - Stopped o.e.j.s.ServletContextHandler@bfe47a8{/static,jar:file:/home/user/.m2/repository/org/apache/hadoop/hadoop-hdds-container-service/0.5.0-SNAPSHOT/hadoop-hdds-container-service-0.5.0-SNAPSHOT.jar!/webapps/static,UNAVAILABLE}
2019-10-04 06:13:54,781 [ForkJoinPool.commonPool-worker-1] INFO  handler.ContextHandler (ContextHandler.java:doStop(910)) - Stopped o.e.j.s.ServletContextHandler@64b73e0a{/logs,file:///workdir/hadoop-ozone/integration-test/target/log,UNAVAILABLE}
2019-10-04 06:13:54,782 [main] INFO  handler.ContextHandler (ContextHandler.java:doStop(910)) - Stopped o.e.j.s.ServletContextHandler@18dd7767{/logs,file:///workdir/hadoop-ozone/integration-test/target/log,UNAVAILABLE}
2019-10-04 06:13:55,503 [Datanode State Machine Thread - 0] INFO  statemachine.DatanodeStateMachine (DatanodeStateMachine.java:lambda$startDaemon$0(350)) - Ozone container server started.
2019-10-04 06:13:59,542 [EventQueue-StaleNodeForStaleNodeHandler] INFO  node.StaleNodeHandler (StaleNodeHandler.java:onMessage(58)) - Datanode 0a895fe0-e95b-44b0-88a5-40095369d54c{ip: 192.168.151.69, host: trunk-nightly-20191004-lpvmn-70278721, networkLocation: /default-rack, certSerialId: null} moved to stale state. Finalizing its pipelines [PipelineID=b0a0da09-d3ac-4140-8148-2e2c1a4e0faf, PipelineID=391fb51a-ab4c-431e-91dc-c1cc77a2a0e0]
2019-10-04 06:13:59,543 [EventQueue-StaleNodeForStaleNodeHandler] INFO  pipeline.SCMPipelineManager (SCMPipelineManager.java:finalizeAndDestroyPipeline(315)) - destroying pipeline:Pipeline[ Id: b0a0da09-d3ac-4140-8148-2e2c1a4e0faf, Nodes: 32efdfc3-f14c-4bda-808a-470d99a3fb0e{ip: 192.168.151.69, host: trunk-nightly-20191004-lpvmn-70278721, networkLocation: /default-rack, certSerialId: null}6a20f4ed-c225-463e-b5f9-99b45118de41{ip: 192.168.151.69, host: trunk-nightly-20191004-lpvmn-70278721, networkLocation: /default-rack, certSerialId: null}0a895fe0-e95b-44b0-88a5-40095369d54c{ip: 192.168.151.69, host: trunk-nightly-20191004-lpvmn-70278721, networkLocation: /default-rack, certSerialId: null}, Type:RATIS, Factor:THREE, State:CLOSED]
2019-10-04 06:13:59,544 [EventQueue-StaleNodeForStaleNodeHandler] INFO  pipeline.SCMPipelineManager (SCMPipelineManager.java:finalizeAndDestroyPipeline(315)) - destroying pipeline:Pipeline[ Id: 391fb51a-ab4c-431e-91dc-c1cc77a2a0e0, Nodes: 0a895fe0-e95b-44b0-88a5-40095369d54c{ip: 192.168.151.69, host: trunk-nightly-20191004-lpvmn-70278721, networkLocation: /default-rack, certSerialId: null}, Type:RATIS, Factor:ONE, State:OPEN]
2019-10-04 06:13:59,544 [EventQueue-StaleNodeForStaleNodeHandler] INFO  pipeline.PipelineStateManager (PipelineStateManager.java:finalizePipeline(123)) - Pipeline Pipeline[ Id: 391fb51a-ab4c-431e-91dc-c1cc77a2a0e0, Nodes: 0a895fe0-e95b-44b0-88a5-40095369d54c{ip: 192.168.151.69, host: trunk-nightly-20191004-lpvmn-70278721, networkLocation: /default-rack, certSerialId: null}, Type:RATIS, Factor:ONE, State:CLOSED] moved to CLOSED state
2019-10-04 06:13:59,785 [ForkJoinPool.commonPool-worker-1] INFO  ozoneimpl.OzoneContainer (OzoneContainer.java:stop(231)) - Attempting to stop container services.
2019-10-04 06:13:59,791 [ForkJoinPool.commonPool-worker-1] INFO  impl.RaftServerProxy (RaftServerProxy.java:lambda$close$4(314)) - 0a895fe0-e95b-44b0-88a5-40095369d54c: close
2019-10-04 06:13:59,791 [ForkJoinPool.commonPool-worker-1] INFO  impl.RaftServerImpl (RaftServerImpl.java:lambda$shutdown$3(247)) - 0a895fe0-e95b-44b0-88a5-40095369d54c@group-2E2C1A4E0FAF: shutdown
2019-10-04 06:13:59,792 [ForkJoinPool.commonPool-worker-1] INFO  util.JmxRegister (JmxRegister.java:unregister(73)) - Successfully un-registered JMX Bean with object name Ratis:service=RaftServer,group=group-2E2C1A4E0FAF,id=0a895fe0-e95b-44b0-88a5-40095369d54c
2019-10-04 06:13:59,792 [ForkJoinPool.commonPool-worker-1] INFO  impl.RoleInfo (RoleInfo.java:shutdownFollowerState(121)) - 0a895fe0-e95b-44b0-88a5-40095369d54c: shutdown FollowerState
2019-10-04 06:13:59,792 [ForkJoinPool.commonPool-worker-1] INFO  impl.StateMachineUpdater (StateMachineUpdater.java:stopAndJoin(136)) - 0a895fe0-e95b-44b0-88a5-40095369d54c@group-2E2C1A4E0FAF-StateMachineUpdater: set stopIndex = 17
2019-10-04 06:13:59,793 [Thread-4081] INFO  impl.FollowerState (FollowerState.java:run(117)) - 0a895fe0-e95b-44b0-88a5-40095369d54c@group-2E2C1A4E0FAF-FollowerState was interrupted: java.lang.InterruptedException: sleep interrupted
2019-10-04 06:13:59,795 [0a895fe0-e95b-44b0-88a5-40095369d54c@group-2E2C1A4E0FAF-StateMachineUpdater] INFO  ratis.ContainerStateMachine (ContainerStateMachine.java:takeSnapshot(293)) - group-2E2C1A4E0FAF: Taking a snapshot at:(t:2, i:13) file /workdir/hadoop-ozone/integration-test/target/test-dir/MiniOzoneClusterImpl-f2c63e22-5472-4ef8-9a63-56aaf7805485/datanode-5/data/ratis/b0a0da09-d3ac-4140-8148-2e2c1a4e0faf/sm/snapshot.2_13
2019-10-04 06:13:59,810 [0a895fe0-e95b-44b0-88a5-40095369d54c@group-2E2C1A4E0FAF-StateMachineUpdater] INFO  ratis.ContainerStateMachine (ContainerStateMachine.java:takeSnapshot(304)) - group-2E2C1A4E0FAF: Finished taking a snapshot at:(t:2, i:13) file:/workdir/hadoop-ozone/integration-test/target/test-dir/MiniOzoneClusterImpl-f2c63e22-5472-4ef8-9a63-56aaf7805485/datanode-5/data/ratis/b0a0da09-d3ac-4140-8148-2e2c1a4e0faf/sm/snapshot.2_13 time:17
2019-10-04 06:13:59,811 [0a895fe0-e95b-44b0-88a5-40095369d54c@group-2E2C1A4E0FAF-StateMachineUpdater] INFO  impl.StateMachineUpdater (StateMachineUpdater.java:takeSnapshot(269)) - 0a895fe0-e95b-44b0-88a5-40095369d54c@group-2E2C1A4E0FAF-StateMachineUpdater: Took a snapshot at index 13
2019-10-04 06:13:59,811 [0a895fe0-e95b-44b0-88a5-40095369d54c@group-2E2C1A4E0FAF-StateMachineUpdater] INFO  impl.StateMachineUpdater (StateMachineUpdater.java:lambda$new$0(84)) - 0a895fe0-e95b-44b0-88a5-40095369d54c@group-2E2C1A4E0FAF-StateMachineUpdater: snapshotIndex: updateIncreasingly -1 -> 13
2019-10-04 06:13:59,812 [0a895fe0-e95b-44b0-88a5-40095369d54c@group-2E2C1A4E0FAF-StateMachineUpdater] INFO  ratis.ContainerStateMachine (ContainerStateMachine.java:takeSnapshot(293)) - group-2E2C1A4E0FAF: Taking a snapshot at:(t:2, i:13) file /workdir/hadoop-ozone/integration-test/target/test-dir/MiniOzoneClusterImpl-f2c63e22-5472-4ef8-9a63-56aaf7805485/datanode-5/data/ratis/b0a0da09-d3ac-4140-8148-2e2c1a4e0faf/sm/snapshot.2_13
2019-10-04 06:13:59,825 [0a895fe0-e95b-44b0-88a5-40095369d54c@group-2E2C1A4E0FAF-StateMachineUpdater] INFO  ratis.ContainerStateMachine (ContainerStateMachine.java:takeSnapshot(304)) - group-2E2C1A4E0FAF: Finished taking a snapshot at:(t:2, i:13) file:/workdir/hadoop-ozone/integration-test/target/test-dir/MiniOzoneClusterImpl-f2c63e22-5472-4ef8-9a63-56aaf7805485/datanode-5/data/ratis/b0a0da09-d3ac-4140-8148-2e2c1a4e0faf/sm/snapshot.2_13 time:13
2019-10-04 06:13:59,825 [0a895fe0-e95b-44b0-88a5-40095369d54c@group-2E2C1A4E0FAF-StateMachineUpdater] INFO  impl.StateMachineUpdater (StateMachineUpdater.java:takeSnapshot(269)) - 0a895fe0-e95b-44b0-88a5-40095369d54c@group-2E2C1A4E0FAF-StateMachineUpdater: Took a snapshot at index 13
2019-10-04 06:13:59,825 [0a895fe0-e95b-44b0-88a5-40095369d54c@group-2E2C1A4E0FAF-StateMachineUpdater] INFO  impl.StateMachineUpdater (StateMachineUpdater.java:lambda$new$0(84)) - 0a895fe0-e95b-44b0-88a5-40095369d54c@group-2E2C1A4E0FAF-StateMachineUpdater: snapshotIndex: updateIncreasingly 13 -> 13
2019-10-04 06:13:59,826 [ForkJoinPool.commonPool-worker-1] INFO  impl.RaftServerImpl (ServerState.java:close(387)) - 0a895fe0-e95b-44b0-88a5-40095369d54c@group-2E2C1A4E0FAF: closes. applyIndex: 17
2019-10-04 06:13:59,826 [0a895fe0-e95b-44b0-88a5-40095369d54c@group-2E2C1A4E0FAF-SegmentedRaftLogWorker] INFO  segmented.SegmentedRaftLogWorker (SegmentedRaftLogWorker.java:run(316)) - 0a895fe0-e95b-44b0-88a5-40095369d54c@group-2E2C1A4E0FAF-SegmentedRaftLogWorker was interrupted, exiting. There are 0 tasks remaining in the queue.
2019-10-04 06:13:59,830 [ForkJoinPool.commonPool-worker-1] INFO  segmented.SegmentedRaftLogWorker (SegmentedRaftLogWorker.java:close(224)) - 0a895fe0-e95b-44b0-88a5-40095369d54c@group-2E2C1A4E0FAF-SegmentedRaftLogWorker close()
2019-10-04 06:13:59,833 [ForkJoinPool.commonPool-worker-1] INFO  impl.RaftServerImpl (RaftServerImpl.java:lambda$shutdown$3(247)) - 0a895fe0-e95b-44b0-88a5-40095369d54c@group-C1CC77A2A0E0: shutdown
2019-10-04 06:13:59,833 [ForkJoinPool.commonPool-worker-1] INFO  util.JmxRegister (JmxRegister.java:unregister(73)) - Successfully un-registered JMX Bean with object name Ratis:service=RaftServer,group=group-C1CC77A2A0E0,id=0a895fe0-e95b-44b0-88a5-40095369d54c
2019-10-04 06:13:59,833 [ForkJoinPool.commonPool-worker-1] INFO  impl.RoleInfo (RoleInfo.java:shutdownLeaderState(104)) - 0a895fe0-e95b-44b0-88a5-40095369d54c: shutdown LeaderState
2019-10-04 06:13:59,834 [ForkJoinPool.commonPool-worker-1] INFO  impl.PendingRequests (PendingRequests.java:sendNotLeaderResponses(202)) - 0a895fe0-e95b-44b0-88a5-40095369d54c@group-C1CC77A2A0E0-PendingRequests: sendNotLeaderResponses
2019-10-04 06:13:59,835 [ForkJoinPool.commonPool-worker-1] INFO  impl.StateMachineUpdater (StateMachineUpdater.java:stopAndJoin(136)) - 0a895fe0-e95b-44b0-88a5-40095369d54c@group-C1CC77A2A0E0-StateMachineUpdater: set stopIndex = 0
2019-10-04 06:13:59,835 [ForkJoinPool.commonPool-worker-1] INFO  impl.RaftServerImpl (ServerState.java:close(387)) - 0a895fe0-e95b-44b0-88a5-40095369d54c@group-C1CC77A2A0E0: closes. applyIndex: 0
2019-10-04 06:13:59,836 [0a895fe0-e95b-44b0-88a5-40095369d54c@group-C1CC77A2A0E0-SegmentedRaftLogWorker] INFO  segmented.SegmentedRaftLogWorker (SegmentedRaftLogWorker.java:run(316)) - 0a895fe0-e95b-44b0-88a5-40095369d54c@group-C1CC77A2A0E0-SegmentedRaftLogWorker was interrupted, exiting. There are 0 tasks remaining in the queue.
2019-10-04 06:13:59,836 [ForkJoinPool.commonPool-worker-1] INFO  segmented.SegmentedRaftLogWorker (SegmentedRaftLogWorker.java:close(224)) - 0a895fe0-e95b-44b0-88a5-40095369d54c@group-C1CC77A2A0E0-SegmentedRaftLogWorker close()
2019-10-04 06:13:59,838 [ForkJoinPool.commonPool-worker-1] INFO  server.GrpcService (GrpcService.java:closeImpl(164)) - 0a895fe0-e95b-44b0-88a5-40095369d54c: shutdown server with port 42576 now
2019-10-04 06:13:59,839 [ForkJoinPool.commonPool-worker-1] INFO  server.GrpcService (GrpcService.java:closeImpl(172)) - 0a895fe0-e95b-44b0-88a5-40095369d54c: shutdown server with port 42576 successfully
2019-10-04 06:13:59,842 [refreshUsed-/workdir/hadoop-ozone/integration-test/target/test-dir/MiniOzoneClusterImpl-f2c63e22-5472-4ef8-9a63-56aaf7805485/datanode-5/data/containers] WARN  fs.CachingGetSpaceUsed (CachingGetSpaceUsed.java:run(183)) - Thread Interrupted waiting to refresh disk information: sleep interrupted
2019-10-04 06:13:59,864 [ForkJoinPool.commonPool-worker-1] INFO  utils.BackgroundService (BackgroundService.java:shutdown(148)) - Shutting down service BlockDeletingService
2019-10-04 06:13:59,869 [ForkJoinPool.commonPool-worker-1] INFO  statemachine.DatanodeStateMachine (DatanodeStateMachine.java:stopDaemon(395)) - Ozone container server stopped.
2019-10-04 06:13:59,874 [ForkJoinPool.commonPool-worker-1] INFO  handler.ContextHandler (ContextHandler.java:doStop(910)) - Stopped o.e.j.w.WebAppContext@4b691611{/,null,UNAVAILABLE}{/hddsDatanode}
2019-10-04 06:13:59,876 [ForkJoinPool.commonPool-worker-1] INFO  server.AbstractConnector (AbstractConnector.java:doStop(318)) - Stopped ServerConnector@395a573c{HTTP/1.1,[http/1.1]}{0.0.0.0:0}
2019-10-04 06:13:59,884 [ForkJoinPool.commonPool-worker-1] INFO  handler.ContextHandler (ContextHandler.java:doStop(910)) - Stopped o.e.j.s.ServletContextHandler@5486ee92{/static,jar:file:/home/user/.m2/repository/org/apache/hadoop/hadoop-hdds-container-service/0.5.0-SNAPSHOT/hadoop-hdds-container-service-0.5.0-SNAPSHOT.jar!/webapps/static,UNAVAILABLE}
2019-10-04 06:13:59,884 [ForkJoinPool.commonPool-worker-1] INFO  handler.ContextHandler (ContextHandler.java:doStop(910)) - Stopped o.e.j.s.ServletContextHandler@1186374c{/logs,file:///workdir/hadoop-ozone/integration-test/target/log,UNAVAILABLE}
2019-10-04 06:13:59,885 [main] INFO  ozone.MiniOzoneClusterImpl (MiniOzoneClusterImpl.java:stopSCM(392)) - Stopping the StorageContainerManager
2019-10-04 06:13:59,886 [main] INFO  server.StorageContainerManager (StorageContainerManager.java:stop(808)) - Stopping Replication Manager Service.
2019-10-04 06:13:59,886 [main] INFO  container.ReplicationManager (ReplicationManager.java:stop(203)) - Stopping Replication Monitor Thread.
2019-10-04 06:13:59,886 [main] INFO  server.StorageContainerManager (StorageContainerManager.java:stop(815)) - Stopping Lease Manager of the command watchers
2019-10-04 06:13:59,886 [main] INFO  server.StorageContainerManager (StorageContainerManager.java:stop(822)) - Stopping datanode service RPC server
2019-10-04 06:13:59,886 [main] INFO  server.SCMDatanodeProtocolServer (SCMDatanodeProtocolServer.java:stop(346)) - Stopping the RPC server for DataNodes
2019-10-04 06:13:59,886 [main] INFO  ipc.Server (Server.java:stop(3082)) - Stopping server on 45259
2019-10-04 06:13:59,888 [IPC Server listener on 45259] INFO  ipc.Server (Server.java:run(1185)) - Stopping IPC Server listener on 45259
2019-10-04 06:13:59,890 [IPC Server Responder] INFO  ipc.Server (Server.java:run(1319)) - Stopping IPC Server Responder
2019-10-04 06:13:59,941 [SCM Heartbeat Processing Thread - 0] WARN  node.NodeStateManager (NodeStateManager.java:scheduleNextHealthCheck(646)) - Current Thread is interrupted, shutting down HB processing thread for Node Manager.
2019-10-04 06:13:59,942 [main] INFO  server.StorageContainerManager (StorageContainerManager.java:stop(830)) - Stopping block service RPC server
2019-10-04 06:13:59,942 [main] INFO  server.SCMBlockProtocolServer (SCMBlockProtocolServer.java:stop(155)) - Stopping the RPC server for Block Protocol
2019-10-04 06:13:59,942 [main] INFO  ipc.Server (Server.java:stop(3082)) - Stopping server on 42268
2019-10-04 06:13:59,946 [IPC Server listener on 42268] INFO  ipc.Server (Server.java:run(1185)) - Stopping IPC Server listener on 42268
2019-10-04 06:13:59,946 [main] INFO  server.StorageContainerManager (StorageContainerManager.java:stop(837)) - Stopping the StorageContainerLocationProtocol RPC server
2019-10-04 06:13:59,946 [IPC Server Responder] INFO  ipc.Server (Server.java:run(1319)) - Stopping IPC Server Responder
2019-10-04 06:13:59,950 [main] INFO  server.SCMClientProtocolServer (SCMClientProtocolServer.java:stop(168)) - Stopping the RPC server for Client Protocol
2019-10-04 06:13:59,950 [main] INFO  ipc.Server (Server.java:stop(3082)) - Stopping server on 40167
2019-10-04 06:13:59,953 [IPC Server listener on 40167] INFO  ipc.Server (Server.java:run(1185)) - Stopping IPC Server listener on 40167
2019-10-04 06:13:59,953 [main] INFO  server.StorageContainerManager (StorageContainerManager.java:stop(844)) - Stopping Storage Container Manager HTTP server.
2019-10-04 06:13:59,955 [IPC Server Responder] INFO  ipc.Server (Server.java:run(1319)) - Stopping IPC Server Responder
2019-10-04 06:13:59,957 [main] INFO  handler.ContextHandler (ContextHandler.java:doStop(910)) - Stopped o.e.j.w.WebAppContext@26d40c77{/,null,UNAVAILABLE}{/scm}
2019-10-04 06:13:59,958 [main] INFO  server.AbstractConnector (AbstractConnector.java:doStop(318)) - Stopped ServerConnector@85ab964{HTTP/1.1,[http/1.1]}{0.0.0.0:0}
2019-10-04 06:13:59,958 [main] INFO  handler.ContextHandler (ContextHandler.java:doStop(910)) - Stopped o.e.j.s.ServletContextHandler@639cb788{/static,file:///workdir/hadoop-ozone/integration-test/target/test-classes/webapps/static,UNAVAILABLE}
2019-10-04 06:13:59,958 [main] INFO  handler.ContextHandler (ContextHandler.java:doStop(910)) - Stopped o.e.j.s.ServletContextHandler@76828577{/logs,file:///workdir/hadoop-ozone/integration-test/target/log,UNAVAILABLE}
2019-10-04 06:13:59,959 [main] INFO  server.StorageContainerManager (StorageContainerManager.java:stop(855)) - Stopping Block Manager Service.
2019-10-04 06:13:59,960 [main] INFO  utils.BackgroundService (BackgroundService.java:shutdown(148)) - Shutting down service SCMBlockDeletingService
2019-10-04 06:13:59,960 [main] INFO  utils.BackgroundService (BackgroundService.java:shutdown(148)) - Shutting down service SCMBlockDeletingService
2019-10-04 06:13:59,961 [main] INFO  server.StorageContainerManager (StorageContainerManager.java:stop(877)) - Stopping SCM Event Queue.
2019-10-04 06:13:59,966 [main] INFO  impl.MetricsSystemImpl (MetricsSystemImpl.java:stop(210)) - Stopping HddsDatanode metrics system...
2019-10-04 06:13:59,998 [main] INFO  impl.MetricsSystemImpl (MetricsSystemImpl.java:stop(216)) - HddsDatanode metrics system stopped.
]]></system-out>
    <system-err><![CDATA[Oct 04, 2019 6:13:38 AM org.apache.ratis.thirdparty.io.grpc.internal.ManagedChannelOrphanWrapper$ManagedChannelReference cleanQueue
SEVERE: *~*~*~ Channel ManagedChannelImpl{logId=3183, target=192.168.151.69:33609} was not shutdown properly!!! ~*~*~*
    Make sure to call shutdown()/shutdownNow() and wait until awaitTermination() returns true.
java.lang.RuntimeException: ManagedChannel allocation site
	at org.apache.ratis.thirdparty.io.grpc.internal.ManagedChannelOrphanWrapper$ManagedChannelReference.<init>(ManagedChannelOrphanWrapper.java:103)
	at org.apache.ratis.thirdparty.io.grpc.internal.ManagedChannelOrphanWrapper.<init>(ManagedChannelOrphanWrapper.java:53)
	at org.apache.ratis.thirdparty.io.grpc.internal.ManagedChannelOrphanWrapper.<init>(ManagedChannelOrphanWrapper.java:44)
	at org.apache.ratis.thirdparty.io.grpc.internal.AbstractManagedChannelImplBuilder.build(AbstractManagedChannelImplBuilder.java:411)
	at org.apache.hadoop.hdds.scm.XceiverClientGrpc.connectToDatanode(XceiverClientGrpc.java:181)
	at org.apache.hadoop.hdds.scm.XceiverClientGrpc.reconnect(XceiverClientGrpc.java:429)
	at org.apache.hadoop.hdds.scm.XceiverClientGrpc.sendCommandAsync(XceiverClientGrpc.java:378)
	at org.apache.hadoop.hdds.scm.XceiverClientGrpc.sendCommandWithRetry(XceiverClientGrpc.java:291)
	at org.apache.hadoop.hdds.scm.XceiverClientGrpc.sendCommandWithTraceIDAndRetry(XceiverClientGrpc.java:257)
	at org.apache.hadoop.hdds.scm.XceiverClientGrpc.sendCommand(XceiverClientGrpc.java:240)
	at org.apache.hadoop.hdds.scm.storage.ContainerProtocolCalls.readChunk(ContainerProtocolCalls.java:245)
	at org.apache.hadoop.hdds.scm.storage.ChunkInputStream.readChunk(ChunkInputStream.java:335)
	at org.apache.hadoop.hdds.scm.storage.ChunkInputStream.readChunkFromContainer(ChunkInputStream.java:307)
	at org.apache.hadoop.hdds.scm.storage.ChunkInputStream.prepareRead(ChunkInputStream.java:259)
	at org.apache.hadoop.hdds.scm.storage.ChunkInputStream.read(ChunkInputStream.java:144)
	at org.apache.hadoop.hdds.scm.storage.BlockInputStream.read(BlockInputStream.java:239)
	at org.apache.hadoop.ozone.client.io.KeyInputStream.read(KeyInputStream.java:171)
	at org.apache.hadoop.ozone.client.io.OzoneInputStream.read(OzoneInputStream.java:47)
	at java.io.InputStream.read(InputStream.java:101)
	at org.apache.hadoop.ozone.container.ContainerTestHelper.validateData(ContainerTestHelper.java:714)
	at org.apache.hadoop.ozone.client.rpc.TestBlockOutputStreamWithFailures.validateData(TestBlockOutputStreamWithFailures.java:1216)
	at org.apache.hadoop.ozone.client.rpc.TestBlockOutputStreamWithFailures.testFailureWithPrimeSizedData(TestBlockOutputStreamWithFailures.java:662)
	at sun.reflect.NativeMethodAccessorImpl.invoke0(Native Method)
	at sun.reflect.NativeMethodAccessorImpl.invoke(NativeMethodAccessorImpl.java:62)
	at sun.reflect.DelegatingMethodAccessorImpl.invoke(DelegatingMethodAccessorImpl.java:43)
	at java.lang.reflect.Method.invoke(Method.java:498)
	at org.junit.runners.model.FrameworkMethod$1.runReflectiveCall(FrameworkMethod.java:47)
	at org.junit.internal.runners.model.ReflectiveCallable.run(ReflectiveCallable.java:12)
	at org.junit.runners.model.FrameworkMethod.invokeExplosively(FrameworkMethod.java:44)
	at org.junit.internal.runners.statements.InvokeMethod.evaluate(InvokeMethod.java:17)
	at org.junit.internal.runners.statements.RunBefores.evaluate(RunBefores.java:26)
	at org.junit.internal.runners.statements.RunAfters.evaluate(RunAfters.java:27)
	at org.junit.runners.ParentRunner.runLeaf(ParentRunner.java:271)
	at org.junit.runners.BlockJUnit4ClassRunner.runChild(BlockJUnit4ClassRunner.java:70)
	at org.junit.runners.BlockJUnit4ClassRunner.runChild(BlockJUnit4ClassRunner.java:50)
	at org.junit.runners.ParentRunner$3.run(ParentRunner.java:238)
	at org.junit.runners.ParentRunner$1.schedule(ParentRunner.java:63)
	at org.junit.runners.ParentRunner.runChildren(ParentRunner.java:236)
	at org.junit.runners.ParentRunner.access$000(ParentRunner.java:53)
	at org.junit.runners.ParentRunner$2.evaluate(ParentRunner.java:229)
	at org.junit.runners.ParentRunner.run(ParentRunner.java:309)
	at org.apache.maven.surefire.junit4.JUnit4Provider.execute(JUnit4Provider.java:365)
	at org.apache.maven.surefire.junit4.JUnit4Provider.executeWithRerun(JUnit4Provider.java:273)
	at org.apache.maven.surefire.junit4.JUnit4Provider.executeTestSet(JUnit4Provider.java:238)
	at org.apache.maven.surefire.junit4.JUnit4Provider.invoke(JUnit4Provider.java:159)
	at org.apache.maven.surefire.booter.ForkedBooter.invokeProviderInSameClassLoader(ForkedBooter.java:384)
	at org.apache.maven.surefire.booter.ForkedBooter.runSuitesInProcess(ForkedBooter.java:345)
	at org.apache.maven.surefire.booter.ForkedBooter.execute(ForkedBooter.java:126)
	at org.apache.maven.surefire.booter.ForkedBooter.main(ForkedBooter.java:418)

Oct 04, 2019 6:13:38 AM org.apache.ratis.thirdparty.io.grpc.internal.ManagedChannelOrphanWrapper$ManagedChannelReference cleanQueue
SEVERE: *~*~*~ Channel ManagedChannelImpl{logId=3168, target=192.168.151.69:41793} was not shutdown properly!!! ~*~*~*
    Make sure to call shutdown()/shutdownNow() and wait until awaitTermination() returns true.
java.lang.RuntimeException: ManagedChannel allocation site
	at org.apache.ratis.thirdparty.io.grpc.internal.ManagedChannelOrphanWrapper$ManagedChannelReference.<init>(ManagedChannelOrphanWrapper.java:103)
	at org.apache.ratis.thirdparty.io.grpc.internal.ManagedChannelOrphanWrapper.<init>(ManagedChannelOrphanWrapper.java:53)
	at org.apache.ratis.thirdparty.io.grpc.internal.ManagedChannelOrphanWrapper.<init>(ManagedChannelOrphanWrapper.java:44)
	at org.apache.ratis.thirdparty.io.grpc.internal.AbstractManagedChannelImplBuilder.build(AbstractManagedChannelImplBuilder.java:411)
	at org.apache.ratis.grpc.client.GrpcClientProtocolClient.<init>(GrpcClientProtocolClient.java:128)
	at org.apache.ratis.grpc.client.GrpcClientRpc.lambda$new$0(GrpcClientRpc.java:55)
	at org.apache.ratis.util.PeerProxyMap$PeerAndProxy.lambda$getProxy$0(PeerProxyMap.java:61)
	at org.apache.ratis.util.LifeCycle.startAndTransition(LifeCycle.java:202)
	at org.apache.ratis.util.PeerProxyMap$PeerAndProxy.getProxy(PeerProxyMap.java:60)
	at org.apache.ratis.util.PeerProxyMap.getProxy(PeerProxyMap.java:108)
	at org.apache.ratis.grpc.client.GrpcClientRpc.sendRequestAsync(GrpcClientRpc.java:66)
	at org.apache.ratis.client.impl.OrderedAsync.sendRequest(OrderedAsync.java:208)
	at org.apache.ratis.client.impl.OrderedAsync.sendRequestWithRetry(OrderedAsync.java:169)
	at org.apache.ratis.util.SlidingWindow$Client.sendOrDelayRequest(SlidingWindow.java:278)
	at org.apache.ratis.util.SlidingWindow$Client.retry(SlidingWindow.java:294)
	at org.apache.ratis.client.impl.OrderedAsync.lambda$scheduleWithTimeout$7(OrderedAsync.java:195)
	at org.apache.ratis.util.TimeoutScheduler.lambda$onTimeout$0(TimeoutScheduler.java:113)
	at org.apache.ratis.util.TimeoutScheduler.lambda$onTimeout$1(TimeoutScheduler.java:133)
	at org.apache.ratis.util.LogUtils.runAndLog(LogUtils.java:50)
	at org.apache.ratis.util.LogUtils$1.run(LogUtils.java:91)
	at java.util.concurrent.Executors$RunnableAdapter.call(Executors.java:511)
	at java.util.concurrent.FutureTask.run(FutureTask.java:266)
	at java.util.concurrent.ScheduledThreadPoolExecutor$ScheduledFutureTask.access$201(ScheduledThreadPoolExecutor.java:180)
	at java.util.concurrent.ScheduledThreadPoolExecutor$ScheduledFutureTask.run(ScheduledThreadPoolExecutor.java:293)
	at java.util.concurrent.ThreadPoolExecutor.runWorker(ThreadPoolExecutor.java:1149)
	at java.util.concurrent.ThreadPoolExecutor$Worker.run(ThreadPoolExecutor.java:624)
	at java.lang.Thread.run(Thread.java:748)

Oct 04, 2019 6:13:38 AM org.apache.ratis.thirdparty.io.grpc.internal.ManagedChannelOrphanWrapper$ManagedChannelReference cleanQueue
SEVERE: *~*~*~ Channel ManagedChannelImpl{logId=3173, target=192.168.151.69:33609} was not shutdown properly!!! ~*~*~*
    Make sure to call shutdown()/shutdownNow() and wait until awaitTermination() returns true.
java.lang.RuntimeException: ManagedChannel allocation site
	at org.apache.ratis.thirdparty.io.grpc.internal.ManagedChannelOrphanWrapper$ManagedChannelReference.<init>(ManagedChannelOrphanWrapper.java:103)
	at org.apache.ratis.thirdparty.io.grpc.internal.ManagedChannelOrphanWrapper.<init>(ManagedChannelOrphanWrapper.java:53)
	at org.apache.ratis.thirdparty.io.grpc.internal.ManagedChannelOrphanWrapper.<init>(ManagedChannelOrphanWrapper.java:44)
	at org.apache.ratis.thirdparty.io.grpc.internal.AbstractManagedChannelImplBuilder.build(AbstractManagedChannelImplBuilder.java:411)
	at org.apache.hadoop.hdds.scm.XceiverClientGrpc.connectToDatanode(XceiverClientGrpc.java:181)
	at org.apache.hadoop.hdds.scm.XceiverClientGrpc.reconnect(XceiverClientGrpc.java:429)
	at org.apache.hadoop.hdds.scm.XceiverClientGrpc.sendCommandAsync(XceiverClientGrpc.java:378)
	at org.apache.hadoop.hdds.scm.XceiverClientGrpc.sendCommandWithRetry(XceiverClientGrpc.java:291)
	at org.apache.hadoop.hdds.scm.XceiverClientGrpc.sendCommandWithTraceIDAndRetry(XceiverClientGrpc.java:257)
	at org.apache.hadoop.hdds.scm.XceiverClientGrpc.sendCommand(XceiverClientGrpc.java:240)
	at org.apache.hadoop.hdds.scm.storage.ContainerProtocolCalls.getBlock(ContainerProtocolCalls.java:118)
	at org.apache.hadoop.hdds.scm.storage.BlockInputStream.getChunkInfos(BlockInputStream.java:167)
	at org.apache.hadoop.hdds.scm.storage.BlockInputStream.initialize(BlockInputStream.java:118)
	at org.apache.hadoop.hdds.scm.storage.BlockInputStream.read(BlockInputStream.java:222)
	at org.apache.hadoop.ozone.client.io.KeyInputStream.read(KeyInputStream.java:171)
	at org.apache.hadoop.ozone.client.io.OzoneInputStream.read(OzoneInputStream.java:47)
	at java.io.InputStream.read(InputStream.java:101)
	at org.apache.hadoop.ozone.container.ContainerTestHelper.validateData(ContainerTestHelper.java:714)
	at org.apache.hadoop.ozone.client.rpc.TestBlockOutputStreamWithFailures.validateData(TestBlockOutputStreamWithFailures.java:1216)
	at org.apache.hadoop.ozone.client.rpc.TestBlockOutputStreamWithFailures.testFailureWithPrimeSizedData(TestBlockOutputStreamWithFailures.java:662)
	at sun.reflect.NativeMethodAccessorImpl.invoke0(Native Method)
	at sun.reflect.NativeMethodAccessorImpl.invoke(NativeMethodAccessorImpl.java:62)
	at sun.reflect.DelegatingMethodAccessorImpl.invoke(DelegatingMethodAccessorImpl.java:43)
	at java.lang.reflect.Method.invoke(Method.java:498)
	at org.junit.runners.model.FrameworkMethod$1.runReflectiveCall(FrameworkMethod.java:47)
	at org.junit.internal.runners.model.ReflectiveCallable.run(ReflectiveCallable.java:12)
	at org.junit.runners.model.FrameworkMethod.invokeExplosively(FrameworkMethod.java:44)
	at org.junit.internal.runners.statements.InvokeMethod.evaluate(InvokeMethod.java:17)
	at org.junit.internal.runners.statements.RunBefores.evaluate(RunBefores.java:26)
	at org.junit.internal.runners.statements.RunAfters.evaluate(RunAfters.java:27)
	at org.junit.runners.ParentRunner.runLeaf(ParentRunner.java:271)
	at org.junit.runners.BlockJUnit4ClassRunner.runChild(BlockJUnit4ClassRunner.java:70)
	at org.junit.runners.BlockJUnit4ClassRunner.runChild(BlockJUnit4ClassRunner.java:50)
	at org.junit.runners.ParentRunner$3.run(ParentRunner.java:238)
	at org.junit.runners.ParentRunner$1.schedule(ParentRunner.java:63)
	at org.junit.runners.ParentRunner.runChildren(ParentRunner.java:236)
	at org.junit.runners.ParentRunner.access$000(ParentRunner.java:53)
	at org.junit.runners.ParentRunner$2.evaluate(ParentRunner.java:229)
	at org.junit.runners.ParentRunner.run(ParentRunner.java:309)
	at org.apache.maven.surefire.junit4.JUnit4Provider.execute(JUnit4Provider.java:365)
	at org.apache.maven.surefire.junit4.JUnit4Provider.executeWithRerun(JUnit4Provider.java:273)
	at org.apache.maven.surefire.junit4.JUnit4Provider.executeTestSet(JUnit4Provider.java:238)
	at org.apache.maven.surefire.junit4.JUnit4Provider.invoke(JUnit4Provider.java:159)
	at org.apache.maven.surefire.booter.ForkedBooter.invokeProviderInSameClassLoader(ForkedBooter.java:384)
	at org.apache.maven.surefire.booter.ForkedBooter.runSuitesInProcess(ForkedBooter.java:345)
	at org.apache.maven.surefire.booter.ForkedBooter.execute(ForkedBooter.java:126)
	at org.apache.maven.surefire.booter.ForkedBooter.main(ForkedBooter.java:418)

Oct 04, 2019 6:13:38 AM org.apache.ratis.thirdparty.io.grpc.internal.ManagedChannelOrphanWrapper$ManagedChannelReference cleanQueue
SEVERE: *~*~*~ Channel ManagedChannelImpl{logId=3178, target=192.168.151.69:42439} was not shutdown properly!!! ~*~*~*
    Make sure to call shutdown()/shutdownNow() and wait until awaitTermination() returns true.
java.lang.RuntimeException: ManagedChannel allocation site
	at org.apache.ratis.thirdparty.io.grpc.internal.ManagedChannelOrphanWrapper$ManagedChannelReference.<init>(ManagedChannelOrphanWrapper.java:103)
	at org.apache.ratis.thirdparty.io.grpc.internal.ManagedChannelOrphanWrapper.<init>(ManagedChannelOrphanWrapper.java:53)
	at org.apache.ratis.thirdparty.io.grpc.internal.ManagedChannelOrphanWrapper.<init>(ManagedChannelOrphanWrapper.java:44)
	at org.apache.ratis.thirdparty.io.grpc.internal.AbstractManagedChannelImplBuilder.build(AbstractManagedChannelImplBuilder.java:411)
	at org.apache.hadoop.hdds.scm.XceiverClientGrpc.connectToDatanode(XceiverClientGrpc.java:181)
	at org.apache.hadoop.hdds.scm.XceiverClientGrpc.reconnect(XceiverClientGrpc.java:429)
	at org.apache.hadoop.hdds.scm.XceiverClientGrpc.sendCommandAsync(XceiverClientGrpc.java:378)
	at org.apache.hadoop.hdds.scm.XceiverClientGrpc.sendCommandWithRetry(XceiverClientGrpc.java:291)
	at org.apache.hadoop.hdds.scm.XceiverClientGrpc.sendCommandWithTraceIDAndRetry(XceiverClientGrpc.java:257)
	at org.apache.hadoop.hdds.scm.XceiverClientGrpc.sendCommand(XceiverClientGrpc.java:240)
	at org.apache.hadoop.hdds.scm.storage.ContainerProtocolCalls.getBlock(ContainerProtocolCalls.java:118)
	at org.apache.hadoop.hdds.scm.storage.BlockInputStream.getChunkInfos(BlockInputStream.java:167)
	at org.apache.hadoop.hdds.scm.storage.BlockInputStream.initialize(BlockInputStream.java:118)
	at org.apache.hadoop.hdds.scm.storage.BlockInputStream.read(BlockInputStream.java:222)
	at org.apache.hadoop.ozone.client.io.KeyInputStream.read(KeyInputStream.java:171)
	at org.apache.hadoop.ozone.client.io.OzoneInputStream.read(OzoneInputStream.java:47)
	at java.io.InputStream.read(InputStream.java:101)
	at org.apache.hadoop.ozone.container.ContainerTestHelper.validateData(ContainerTestHelper.java:714)
	at org.apache.hadoop.ozone.client.rpc.TestBlockOutputStreamWithFailures.validateData(TestBlockOutputStreamWithFailures.java:1216)
	at org.apache.hadoop.ozone.client.rpc.TestBlockOutputStreamWithFailures.testFailureWithPrimeSizedData(TestBlockOutputStreamWithFailures.java:662)
	at sun.reflect.NativeMethodAccessorImpl.invoke0(Native Method)
	at sun.reflect.NativeMethodAccessorImpl.invoke(NativeMethodAccessorImpl.java:62)
	at sun.reflect.DelegatingMethodAccessorImpl.invoke(DelegatingMethodAccessorImpl.java:43)
	at java.lang.reflect.Method.invoke(Method.java:498)
	at org.junit.runners.model.FrameworkMethod$1.runReflectiveCall(FrameworkMethod.java:47)
	at org.junit.internal.runners.model.ReflectiveCallable.run(ReflectiveCallable.java:12)
	at org.junit.runners.model.FrameworkMethod.invokeExplosively(FrameworkMethod.java:44)
	at org.junit.internal.runners.statements.InvokeMethod.evaluate(InvokeMethod.java:17)
	at org.junit.internal.runners.statements.RunBefores.evaluate(RunBefores.java:26)
	at org.junit.internal.runners.statements.RunAfters.evaluate(RunAfters.java:27)
	at org.junit.runners.ParentRunner.runLeaf(ParentRunner.java:271)
	at org.junit.runners.BlockJUnit4ClassRunner.runChild(BlockJUnit4ClassRunner.java:70)
	at org.junit.runners.BlockJUnit4ClassRunner.runChild(BlockJUnit4ClassRunner.java:50)
	at org.junit.runners.ParentRunner$3.run(ParentRunner.java:238)
	at org.junit.runners.ParentRunner$1.schedule(ParentRunner.java:63)
	at org.junit.runners.ParentRunner.runChildren(ParentRunner.java:236)
	at org.junit.runners.ParentRunner.access$000(ParentRunner.java:53)
	at org.junit.runners.ParentRunner$2.evaluate(ParentRunner.java:229)
	at org.junit.runners.ParentRunner.run(ParentRunner.java:309)
	at org.apache.maven.surefire.junit4.JUnit4Provider.execute(JUnit4Provider.java:365)
	at org.apache.maven.surefire.junit4.JUnit4Provider.executeWithRerun(JUnit4Provider.java:273)
	at org.apache.maven.surefire.junit4.JUnit4Provider.executeTestSet(JUnit4Provider.java:238)
	at org.apache.maven.surefire.junit4.JUnit4Provider.invoke(JUnit4Provider.java:159)
	at org.apache.maven.surefire.booter.ForkedBooter.invokeProviderInSameClassLoader(ForkedBooter.java:384)
	at org.apache.maven.surefire.booter.ForkedBooter.runSuitesInProcess(ForkedBooter.java:345)
	at org.apache.maven.surefire.booter.ForkedBooter.execute(ForkedBooter.java:126)
	at org.apache.maven.surefire.booter.ForkedBooter.main(ForkedBooter.java:418)

]]></system-err>
  </testcase>
  <testcase name="testExceptionDuringClose" classname="org.apache.hadoop.ozone.client.rpc.TestBlockOutputStreamWithFailures" time="45.751"/>
</testsuite>