<?xml version="1.0" encoding="UTF-8"?>
<testsuite xmlns:xsi="http://www.w3.org/2001/XMLSchema-instance" xsi:noNamespaceSchemaLocation="https://maven.apache.org/surefire/maven-surefire-plugin/xsd/surefire-test-report.xsd" name="org.apache.hadoop.ozone.client.rpc.TestBlockOutputStreamWithFailures" time="726.349" tests="8" errors="0" skipped="0" failures="1">
  <properties>
    <property name="awt.toolkit" value="sun.awt.X11.XToolkit"/>
    <property name="file.encoding.pkg" value="sun.io"/>
    <property name="java.specification.version" value="1.8"/>
    <property name="sun.cpu.isalist" value=""/>
    <property name="sun.jnu.encoding" value="UTF-8"/>
    <property name="java.class.path" value="/workdir/hadoop-ozone/integration-test/target/test-classes:/workdir/hadoop-ozone/integration-test/target/classes:/home/user/.m2/repository/org/apache/hadoop/hadoop-ozone-common/0.5.0-SNAPSHOT/hadoop-ozone-common-0.5.0-SNAPSHOT.jar:/home/user/.m2/repository/org/apache/commons/commons-compress/1.4.1/commons-compress-1.4.1.jar:/home/user/.m2/repository/org/tukaani/xz/1.0/xz-1.0.jar:/home/user/.m2/repository/org/apache/hadoop/hadoop-common/3.2.0/hadoop-common-3.2.0.jar:/home/user/.m2/repository/org/apache/hadoop/hadoop-hdfs/3.2.0/hadoop-hdfs-3.2.0.jar:/home/user/.m2/repository/org/apache/hadoop/hadoop-hdfs-client/3.2.0/hadoop-hdfs-client-3.2.0.jar:/home/user/.m2/repository/com/fasterxml/jackson/core/jackson-annotations/2.9.9/jackson-annotations-2.9.9.jar:/home/user/.m2/repository/org/apache/hadoop/hadoop-hdds-common/0.5.0-SNAPSHOT/hadoop-hdds-common-0.5.0-SNAPSHOT.jar:/home/user/.m2/repository/javax/annotation/javax.annotation-api/1.2/javax.annotation-api-1.2.jar:/home/user/.m2/repository/org/apache/ratis/ratis-server/0.5.0-201fc85-SNAPSHOT/ratis-server-0.5.0-201fc85-SNAPSHOT.jar:/home/user/.m2/repository/org/apache/ratis/ratis-thirdparty-misc/0.2.0/ratis-thirdparty-misc-0.2.0.jar:/home/user/.m2/repository/org/apache/ratis/ratis-proto/0.5.0-201fc85-SNAPSHOT/ratis-proto-0.5.0-201fc85-SNAPSHOT.jar:/home/user/.m2/repository/org/apache/ratis/ratis-common/0.5.0-201fc85-SNAPSHOT/ratis-common-0.5.0-201fc85-SNAPSHOT.jar:/home/user/.m2/repository/org/apache/ratis/ratis-client/0.5.0-201fc85-SNAPSHOT/ratis-client-0.5.0-201fc85-SNAPSHOT.jar:/home/user/.m2/repository/org/apache/ratis/ratis-metrics/0.5.0-201fc85-SNAPSHOT/ratis-metrics-0.5.0-201fc85-SNAPSHOT.jar:/home/user/.m2/repository/com/github/joshelser/dropwizard-metrics-hadoop-metrics2-reporter/0.1.2/dropwizard-metrics-hadoop-metrics2-reporter-0.1.2.jar:/home/user/.m2/repository/io/dropwizard/metrics/metrics-jvm/3.2.5/metrics-jvm-3.2.5.jar:/home/user/.m2/repository/io/dropwizard/metrics/metrics-ganglia/3.2.5/metrics-ganglia-3.2.5.jar:/home/user/.m2/repository/info/ganglia/gmetric4j/gmetric4j/1.0.7/gmetric4j-1.0.7.jar:/home/user/.m2/repository/org/apache/ratis/ratis-netty/0.5.0-201fc85-SNAPSHOT/ratis-netty-0.5.0-201fc85-SNAPSHOT.jar:/home/user/.m2/repository/org/apache/ratis/ratis-grpc/0.5.0-201fc85-SNAPSHOT/ratis-grpc-0.5.0-201fc85-SNAPSHOT.jar:/home/user/.m2/repository/org/rocksdb/rocksdbjni/6.0.1/rocksdbjni-6.0.1.jar:/home/user/.m2/repository/org/apache/logging/log4j/log4j-api/2.11.0/log4j-api-2.11.0.jar:/home/user/.m2/repository/org/apache/logging/log4j/log4j-core/2.11.0/log4j-core-2.11.0.jar:/home/user/.m2/repository/com/lmax/disruptor/3.4.2/disruptor-3.4.2.jar:/home/user/.m2/repository/org/apache/commons/commons-pool2/2.6.0/commons-pool2-2.6.0.jar:/home/user/.m2/repository/org/bouncycastle/bcpkix-jdk15on/1.60/bcpkix-jdk15on-1.60.jar:/home/user/.m2/repository/commons-validator/commons-validator/1.6/commons-validator-1.6.jar:/home/user/.m2/repository/commons-digester/commons-digester/1.8.1/commons-digester-1.8.1.jar:/home/user/.m2/repository/io/jaegertracing/jaeger-client/0.34.0/jaeger-client-0.34.0.jar:/home/user/.m2/repository/io/jaegertracing/jaeger-thrift/0.34.0/jaeger-thrift-0.34.0.jar:/home/user/.m2/repository/org/apache/thrift/libthrift/0.12.0/libthrift-0.12.0.jar:/home/user/.m2/repository/com/squareup/okhttp3/okhttp/3.9.0/okhttp-3.9.0.jar:/home/user/.m2/repository/com/squareup/okio/okio/1.13.0/okio-1.13.0.jar:/home/user/.m2/repository/io/jaegertracing/jaeger-core/0.34.0/jaeger-core-0.34.0.jar:/home/user/.m2/repository/io/jaegertracing/jaeger-tracerresolver/0.34.0/jaeger-tracerresolver-0.34.0.jar:/home/user/.m2/repository/io/opentracing/contrib/opentracing-tracerresolver/0.1.5/opentracing-tracerresolver-0.1.5.jar:/home/user/.m2/repository/io/opentracing/opentracing-util/0.31.0/opentracing-util-0.31.0.jar:/home/user/.m2/repository/io/opentracing/opentracing-api/0.31.0/opentracing-api-0.31.0.jar:/home/user/.m2/repository/io/opentracing/opentracing-noop/0.31.0/opentracing-noop-0.31.0.jar:/home/user/.m2/repository/org/apache/hadoop/hadoop-hdds-server-framework/0.5.0-SNAPSHOT/hadoop-hdds-server-framework-0.5.0-SNAPSHOT.jar:/home/user/.m2/repository/org/apache/hadoop/hadoop-hdds-container-service/0.5.0-SNAPSHOT/hadoop-hdds-container-service-0.5.0-SNAPSHOT.jar:/home/user/.m2/repository/org/apache/hadoop/hadoop-hdds-client/0.5.0-SNAPSHOT/hadoop-hdds-client-0.5.0-SNAPSHOT.jar:/home/user/.m2/repository/org/apache/hadoop/hadoop-hdds-tools/0.5.0-SNAPSHOT/hadoop-hdds-tools-0.5.0-SNAPSHOT.jar:/home/user/.m2/repository/org/apache/hadoop/hadoop-hdds-server-scm/0.5.0-SNAPSHOT/hadoop-hdds-server-scm-0.5.0-SNAPSHOT.jar:/home/user/.m2/repository/org/apache/hadoop/hadoop-hdds-docs/0.5.0-SNAPSHOT/hadoop-hdds-docs-0.5.0-SNAPSHOT.jar:/home/user/.m2/repository/io/dropwizard/metrics/metrics-core/3.2.4/metrics-core-3.2.4.jar:/home/user/.m2/repository/org/hamcrest/hamcrest-all/1.3/hamcrest-all-1.3.jar:/home/user/.m2/repository/org/bouncycastle/bcprov-jdk15on/1.60/bcprov-jdk15on-1.60.jar:/home/user/.m2/repository/info/picocli/picocli/3.9.6/picocli-3.9.6.jar:/home/user/.m2/repository/com/google/protobuf/protobuf-java/2.5.0/protobuf-java-2.5.0.jar:/home/user/.m2/repository/com/google/guava/guava/11.0.2/guava-11.0.2.jar:/home/user/.m2/repository/org/apache/hadoop/hadoop-ozone-ozone-manager/0.5.0-SNAPSHOT/hadoop-ozone-ozone-manager-0.5.0-SNAPSHOT.jar:/home/user/.m2/repository/org/apache/hadoop/hadoop-minikdc/3.2.0/hadoop-minikdc-3.2.0.jar:/home/user/.m2/repository/commons-io/commons-io/2.5/commons-io-2.5.jar:/home/user/.m2/repository/org/apache/kerby/kerb-simplekdc/1.0.1/kerb-simplekdc-1.0.1.jar:/home/user/.m2/repository/org/apache/kerby/kerb-client/1.0.1/kerb-client-1.0.1.jar:/home/user/.m2/repository/org/apache/kerby/kerby-config/1.0.1/kerby-config-1.0.1.jar:/home/user/.m2/repository/org/apache/kerby/kerb-core/1.0.1/kerb-core-1.0.1.jar:/home/user/.m2/repository/org/apache/kerby/kerby-pkix/1.0.1/kerby-pkix-1.0.1.jar:/home/user/.m2/repository/org/apache/kerby/kerby-asn1/1.0.1/kerby-asn1-1.0.1.jar:/home/user/.m2/repository/org/apache/kerby/kerby-util/1.0.1/kerby-util-1.0.1.jar:/home/user/.m2/repository/org/apache/kerby/kerb-common/1.0.1/kerb-common-1.0.1.jar:/home/user/.m2/repository/org/apache/kerby/kerb-crypto/1.0.1/kerb-crypto-1.0.1.jar:/home/user/.m2/repository/org/apache/kerby/kerb-util/1.0.1/kerb-util-1.0.1.jar:/home/user/.m2/repository/org/apache/kerby/token-provider/1.0.1/token-provider-1.0.1.jar:/home/user/.m2/repository/org/apache/kerby/kerb-admin/1.0.1/kerb-admin-1.0.1.jar:/home/user/.m2/repository/org/apache/kerby/kerb-server/1.0.1/kerb-server-1.0.1.jar:/home/user/.m2/repository/org/apache/kerby/kerb-identity/1.0.1/kerb-identity-1.0.1.jar:/home/user/.m2/repository/org/apache/kerby/kerby-xdr/1.0.1/kerby-xdr-1.0.1.jar:/home/user/.m2/repository/org/slf4j/slf4j-log4j12/1.7.25/slf4j-log4j12-1.7.25.jar:/home/user/.m2/repository/org/apache/hadoop/hadoop-ozone-s3gateway/0.5.0-SNAPSHOT/hadoop-ozone-s3gateway-0.5.0-SNAPSHOT.jar:/home/user/.m2/repository/org/jboss/weld/servlet/weld-servlet/2.4.7.Final/weld-servlet-2.4.7.Final.jar:/home/user/.m2/repository/org/glassfish/jersey/containers/jersey-container-servlet-core/2.27/jersey-container-servlet-core-2.27.jar:/home/user/.m2/repository/org/glassfish/hk2/external/javax.inject/2.5.0-b42/javax.inject-2.5.0-b42.jar:/home/user/.m2/repository/org/glassfish/jersey/core/jersey-common/2.27/jersey-common-2.27.jar:/home/user/.m2/repository/org/glassfish/hk2/osgi-resource-locator/1.0.1/osgi-resource-locator-1.0.1.jar:/home/user/.m2/repository/javax/ws/rs/javax.ws.rs-api/2.1/javax.ws.rs-api-2.1.jar:/home/user/.m2/repository/org/glassfish/jersey/ext/cdi/jersey-cdi1x/2.27/jersey-cdi1x-2.27.jar:/home/user/.m2/repository/org/glassfish/jersey/inject/jersey-hk2/2.27/jersey-hk2-2.27.jar:/home/user/.m2/repository/org/glassfish/hk2/hk2-locator/2.5.0-b42/hk2-locator-2.5.0-b42.jar:/home/user/.m2/repository/org/javassist/javassist/3.22.0-CR2/javassist-3.22.0-CR2.jar:/home/user/.m2/repository/org/glassfish/hk2/hk2-api/2.5.0/hk2-api-2.5.0.jar:/home/user/.m2/repository/org/glassfish/hk2/external/jakarta.inject/2.5.0/jakarta.inject-2.5.0.jar:/home/user/.m2/repository/org/glassfish/hk2/hk2-utils/2.5.0/hk2-utils-2.5.0.jar:/home/user/.m2/repository/jakarta/annotation/jakarta.annotation-api/1.3.4/jakarta.annotation-api-1.3.4.jar:/home/user/.m2/repository/org/glassfish/hk2/external/aopalliance-repackaged/2.5.0/aopalliance-repackaged-2.5.0.jar:/home/user/.m2/repository/com/fasterxml/jackson/dataformat/jackson-dataformat-xml/2.9.0/jackson-dataformat-xml-2.9.0.jar:/home/user/.m2/repository/com/fasterxml/jackson/core/jackson-core/2.9.9/jackson-core-2.9.9.jar:/home/user/.m2/repository/com/fasterxml/jackson/module/jackson-module-jaxb-annotations/2.9.9/jackson-module-jaxb-annotations-2.9.9.jar:/home/user/.m2/repository/javax/enterprise/cdi-api/1.2/cdi-api-1.2.jar:/home/user/.m2/repository/javax/el/javax.el-api/3.0.0/javax.el-api-3.0.0.jar:/home/user/.m2/repository/javax/interceptor/javax.interceptor-api/1.2/javax.interceptor-api-1.2.jar:/home/user/.m2/repository/javax/inject/javax.inject/1/javax.inject-1.jar:/home/user/.m2/repository/com/sun/xml/bind/jaxb-impl/2.3.0.1/jaxb-impl-2.3.0.1.jar:/home/user/.m2/repository/com/sun/xml/bind/jaxb-core/2.3.0.1/jaxb-core-2.3.0.1.jar:/home/user/.m2/repository/javax/xml/bind/jaxb-api/2.3.0/jaxb-api-2.3.0.jar:/home/user/.m2/repository/javax/activation/activation/1.1.1/activation-1.1.1.jar:/home/user/.m2/repository/org/apache/hadoop/hadoop-ozone-csi/0.5.0-SNAPSHOT/hadoop-ozone-csi-0.5.0-SNAPSHOT.jar:/home/user/.m2/repository/com/google/protobuf/protobuf-java-util/3.5.1/protobuf-java-util-3.5.1.jar:/home/user/.m2/repository/org/apache/hadoop/hadoop-hdds-config/0.5.0-SNAPSHOT/hadoop-hdds-config-0.5.0-SNAPSHOT.jar:/home/user/.m2/repository/io/grpc/grpc-netty/1.17.1/grpc-netty-1.17.1.jar:/home/user/.m2/repository/io/grpc/grpc-core/1.17.1/grpc-core-1.17.1.jar:/home/user/.m2/repository/io/grpc/grpc-context/1.17.1/grpc-context-1.17.1.jar:/home/user/.m2/repository/com/google/errorprone/error_prone_annotations/2.2.0/error_prone_annotations-2.2.0.jar:/home/user/.m2/repository/org/codehaus/mojo/animal-sniffer-annotations/1.17/animal-sniffer-annotations-1.17.jar:/home/user/.m2/repository/io/opencensus/opencensus-api/0.17.0/opencensus-api-0.17.0.jar:/home/user/.m2/repository/io/opencensus/opencensus-contrib-grpc-metrics/0.17.0/opencensus-contrib-grpc-metrics-0.17.0.jar:/home/user/.m2/repository/io/netty/netty-codec-http2/4.1.30.Final/netty-codec-http2-4.1.30.Final.jar:/home/user/.m2/repository/io/netty/netty-codec-http/4.1.30.Final/netty-codec-http-4.1.30.Final.jar:/home/user/.m2/repository/io/netty/netty-codec/4.1.30.Final/netty-codec-4.1.30.Final.jar:/home/user/.m2/repository/io/netty/netty-handler/4.1.30.Final/netty-handler-4.1.30.Final.jar:/home/user/.m2/repository/io/netty/netty-handler-proxy/4.1.30.Final/netty-handler-proxy-4.1.30.Final.jar:/home/user/.m2/repository/io/netty/netty-codec-socks/4.1.30.Final/netty-codec-socks-4.1.30.Final.jar:/home/user/.m2/repository/io/netty/netty-transport-native-epoll/4.1.30.Final/netty-transport-native-epoll-4.1.30.Final.jar:/home/user/.m2/repository/io/netty/netty-common/4.1.30.Final/netty-common-4.1.30.Final.jar:/home/user/.m2/repository/io/netty/netty-buffer/4.1.30.Final/netty-buffer-4.1.30.Final.jar:/home/user/.m2/repository/io/netty/netty-transport/4.1.30.Final/netty-transport-4.1.30.Final.jar:/home/user/.m2/repository/io/netty/netty-resolver/4.1.30.Final/netty-resolver-4.1.30.Final.jar:/home/user/.m2/repository/io/netty/netty-transport-native-unix-common/4.1.30.Final/netty-transport-native-unix-common-4.1.30.Final.jar:/home/user/.m2/repository/io/grpc/grpc-protobuf/1.17.1/grpc-protobuf-1.17.1.jar:/home/user/.m2/repository/com/google/api/grpc/proto-google-common-protos/1.0.0/proto-google-common-protos-1.0.0.jar:/home/user/.m2/repository/io/grpc/grpc-protobuf-lite/1.17.1/grpc-protobuf-lite-1.17.1.jar:/home/user/.m2/repository/io/grpc/grpc-stub/1.17.1/grpc-stub-1.17.1.jar:/home/user/.m2/repository/org/apache/hadoop/hadoop-ozone-recon/0.5.0-SNAPSHOT/hadoop-ozone-recon-0.5.0-SNAPSHOT.jar:/home/user/.m2/repository/org/apache/hadoop/hadoop-ozone-reconcodegen/0.5.0-SNAPSHOT/hadoop-ozone-reconcodegen-0.5.0-SNAPSHOT.jar:/home/user/.m2/repository/com/google/inject/extensions/guice-multibindings/4.0/guice-multibindings-4.0.jar:/home/user/.m2/repository/com/google/inject/guice/4.0/guice-4.0.jar:/home/user/.m2/repository/aopalliance/aopalliance/1.0/aopalliance-1.0.jar:/home/user/.m2/repository/com/google/inject/extensions/guice-servlet/4.0/guice-servlet-4.0.jar:/home/user/.m2/repository/org/glassfish/jersey/containers/jersey-container-servlet/2.27/jersey-container-servlet-2.27.jar:/home/user/.m2/repository/org/glassfish/hk2/guice-bridge/2.5.0/guice-bridge-2.5.0.jar:/home/user/.m2/repository/org/glassfish/jersey/core/jersey-server/2.27/jersey-server-2.27.jar:/home/user/.m2/repository/org/glassfish/jersey/core/jersey-client/2.27/jersey-client-2.27.jar:/home/user/.m2/repository/org/glassfish/jersey/media/jersey-media-jaxb/2.27/jersey-media-jaxb-2.27.jar:/home/user/.m2/repository/javax/validation/validation-api/1.1.0.Final/validation-api-1.1.0.Final.jar:/home/user/.m2/repository/org/glassfish/jersey/media/jersey-media-json-jackson/2.27/jersey-media-json-jackson-2.27.jar:/home/user/.m2/repository/org/glassfish/jersey/ext/jersey-entity-filtering/2.27/jersey-entity-filtering-2.27.jar:/home/user/.m2/repository/com/google/inject/extensions/guice-assistedinject/4.0/guice-assistedinject-4.0.jar:/home/user/.m2/repository/org/jooq/jooq/3.11.10/jooq-3.11.10.jar:/home/user/.m2/repository/org/jooq/jooq-meta/3.11.10/jooq-meta-3.11.10.jar:/home/user/.m2/repository/org/jooq/jooq-codegen/3.11.10/jooq-codegen-3.11.10.jar:/home/user/.m2/repository/com/jolbox/bonecp/0.8.0.RELEASE/bonecp-0.8.0.RELEASE.jar:/home/user/.m2/repository/org/xerial/sqlite-jdbc/3.25.2/sqlite-jdbc-3.25.2.jar:/home/user/.m2/repository/org/springframework/spring-jdbc/5.1.3.RELEASE/spring-jdbc-5.1.3.RELEASE.jar:/home/user/.m2/repository/org/springframework/spring-beans/5.1.3.RELEASE/spring-beans-5.1.3.RELEASE.jar:/home/user/.m2/repository/org/springframework/spring-core/5.1.3.RELEASE/spring-core-5.1.3.RELEASE.jar:/home/user/.m2/repository/org/springframework/spring-jcl/5.1.3.RELEASE/spring-jcl-5.1.3.RELEASE.jar:/home/user/.m2/repository/org/springframework/spring-tx/5.1.3.RELEASE/spring-tx-5.1.3.RELEASE.jar:/home/user/.m2/repository/org/apache/hadoop/hadoop-ozone-client/0.5.0-SNAPSHOT/hadoop-ozone-client-0.5.0-SNAPSHOT.jar:/home/user/.m2/repository/commons-lang/commons-lang/2.6/commons-lang-2.6.jar:/home/user/.m2/repository/org/apache/hadoop/hadoop-ozone-ozone-manager/0.5.0-SNAPSHOT/hadoop-ozone-ozone-manager-0.5.0-SNAPSHOT-tests.jar:/home/user/.m2/repository/junit/junit/4.11/junit-4.11.jar:/home/user/.m2/repository/org/hamcrest/hamcrest-core/1.3/hamcrest-core-1.3.jar:/home/user/.m2/repository/org/openjdk/jmh/jmh-core/1.19/jmh-core-1.19.jar:/home/user/.m2/repository/net/sf/jopt-simple/jopt-simple/4.6/jopt-simple-4.6.jar:/home/user/.m2/repository/org/apache/commons/commons-math3/3.1.1/commons-math3-3.1.1.jar:/home/user/.m2/repository/org/openjdk/jmh/jmh-generator-annprocess/1.19/jmh-generator-annprocess-1.19.jar:/home/user/.m2/repository/org/mockito/mockito-all/1.8.5/mockito-all-1.8.5.jar:/home/user/.m2/repository/org/apache/hadoop/hadoop-kms/3.2.0/hadoop-kms-3.2.0.jar:/home/user/.m2/repository/org/apache/hadoop/hadoop-auth/3.2.0/hadoop-auth-3.2.0.jar:/home/user/.m2/repository/com/nimbusds/nimbus-jose-jwt/4.41.1/nimbus-jose-jwt-4.41.1.jar:/home/user/.m2/repository/com/github/stephenc/jcip/jcip-annotations/1.0-1/jcip-annotations-1.0-1.jar:/home/user/.m2/repository/net/minidev/json-smart/2.3/json-smart-2.3.jar:/home/user/.m2/repository/net/minidev/accessors-smart/1.2/accessors-smart-1.2.jar:/home/user/.m2/repository/org/ow2/asm/asm/5.0.4/asm-5.0.4.jar:/home/user/.m2/repository/org/apache/curator/curator-framework/2.12.0/curator-framework-2.12.0.jar:/home/user/.m2/repository/com/sun/jersey/jersey-core/1.19/jersey-core-1.19.jar:/home/user/.m2/repository/javax/ws/rs/jsr311-api/1.1.1/jsr311-api-1.1.1.jar:/home/user/.m2/repository/com/sun/jersey/jersey-server/1.19/jersey-server-1.19.jar:/home/user/.m2/repository/javax/servlet/javax.servlet-api/3.1.0/javax.servlet-api-3.1.0.jar:/home/user/.m2/repository/org/eclipse/jetty/jetty-server/9.3.25.v20180904/jetty-server-9.3.25.v20180904.jar:/home/user/.m2/repository/org/eclipse/jetty/jetty-http/9.3.25.v20180904/jetty-http-9.3.25.v20180904.jar:/home/user/.m2/repository/org/eclipse/jetty/jetty-io/9.3.25.v20180904/jetty-io-9.3.25.v20180904.jar:/home/user/.m2/repository/org/eclipse/jetty/jetty-webapp/9.3.25.v20180904/jetty-webapp-9.3.25.v20180904.jar:/home/user/.m2/repository/org/eclipse/jetty/jetty-xml/9.3.25.v20180904/jetty-xml-9.3.25.v20180904.jar:/home/user/.m2/repository/log4j/log4j/1.2.17/log4j-1.2.17.jar:/home/user/.m2/repository/org/slf4j/slf4j-api/1.7.25/slf4j-api-1.7.25.jar:/home/user/.m2/repository/org/slf4j/jul-to-slf4j/1.7.25/jul-to-slf4j-1.7.25.jar:/home/user/.m2/repository/org/eclipse/jetty/jetty-util/9.3.25.v20180904/jetty-util-9.3.25.v20180904.jar:/home/user/.m2/repository/com/fasterxml/jackson/core/jackson-databind/2.9.9/jackson-databind-2.9.9.jar:/home/user/.m2/repository/org/apache/hadoop/hadoop-kms/3.2.0/hadoop-kms-3.2.0-tests.jar:/home/user/.m2/repository/org/apache/hadoop/hadoop-hdds-server-scm/0.5.0-SNAPSHOT/hadoop-hdds-server-scm-0.5.0-SNAPSHOT-tests.jar:/home/user/.m2/repository/org/apache/hadoop/hadoop-hdds-container-service/0.5.0-SNAPSHOT/hadoop-hdds-container-service-0.5.0-SNAPSHOT-tests.jar:/home/user/.m2/repository/org/yaml/snakeyaml/1.16/snakeyaml-1.16.jar:/home/user/.m2/repository/org/apache/hadoop/hadoop-common/3.2.0/hadoop-common-3.2.0-tests.jar:/home/user/.m2/repository/org/apache/hadoop/hadoop-annotations/3.2.0/hadoop-annotations-3.2.0.jar:/usr/lib/jvm/java-1.8-openjdk/jre/../lib/tools.jar:/home/user/.m2/repository/commons-cli/commons-cli/1.2/commons-cli-1.2.jar:/home/user/.m2/repository/org/apache/httpcomponents/httpclient/4.5.2/httpclient-4.5.2.jar:/home/user/.m2/repository/org/apache/httpcomponents/httpcore/4.4.4/httpcore-4.4.4.jar:/home/user/.m2/repository/commons-codec/commons-codec/1.11/commons-codec-1.11.jar:/home/user/.m2/repository/commons-net/commons-net/3.6/commons-net-3.6.jar:/home/user/.m2/repository/commons-collections/commons-collections/3.2.2/commons-collections-3.2.2.jar:/home/user/.m2/repository/org/eclipse/jetty/jetty-servlet/9.3.25.v20180904/jetty-servlet-9.3.25.v20180904.jar:/home/user/.m2/repository/org/eclipse/jetty/jetty-security/9.3.25.v20180904/jetty-security-9.3.25.v20180904.jar:/home/user/.m2/repository/javax/servlet/jsp/jsp-api/2.1/jsp-api-2.1.jar:/home/user/.m2/repository/com/sun/jersey/jersey-servlet/1.19/jersey-servlet-1.19.jar:/home/user/.m2/repository/com/sun/jersey/jersey-json/1.19/jersey-json-1.19.jar:/home/user/.m2/repository/org/codehaus/jettison/jettison/1.1/jettison-1.1.jar:/home/user/.m2/repository/org/codehaus/jackson/jackson-core-asl/1.9.13/jackson-core-asl-1.9.13.jar:/home/user/.m2/repository/org/codehaus/jackson/jackson-mapper-asl/1.9.13/jackson-mapper-asl-1.9.13.jar:/home/user/.m2/repository/org/codehaus/jackson/jackson-jaxrs/1.9.13/jackson-jaxrs-1.9.13.jar:/home/user/.m2/repository/org/codehaus/jackson/jackson-xc/1.9.13/jackson-xc-1.9.13.jar:/home/user/.m2/repository/commons-logging/commons-logging/1.1.3/commons-logging-1.1.3.jar:/home/user/.m2/repository/commons-beanutils/commons-beanutils/1.9.4/commons-beanutils-1.9.4.jar:/home/user/.m2/repository/org/apache/commons/commons-configuration2/2.1.1/commons-configuration2-2.1.1.jar:/home/user/.m2/repository/org/apache/commons/commons-lang3/3.7/commons-lang3-3.7.jar:/home/user/.m2/repository/org/apache/commons/commons-text/1.4/commons-text-1.4.jar:/home/user/.m2/repository/org/apache/avro/avro/1.7.7/avro-1.7.7.jar:/home/user/.m2/repository/com/thoughtworks/paranamer/paranamer/2.3/paranamer-2.3.jar:/home/user/.m2/repository/org/xerial/snappy/snappy-java/1.0.5/snappy-java-1.0.5.jar:/home/user/.m2/repository/com/google/re2j/re2j/1.1/re2j-1.1.jar:/home/user/.m2/repository/com/google/code/gson/gson/2.2.4/gson-2.2.4.jar:/home/user/.m2/repository/com/jcraft/jsch/0.1.54/jsch-0.1.54.jar:/home/user/.m2/repository/org/apache/curator/curator-client/2.12.0/curator-client-2.12.0.jar:/home/user/.m2/repository/org/apache/curator/curator-recipes/2.12.0/curator-recipes-2.12.0.jar:/home/user/.m2/repository/com/google/code/findbugs/jsr305/3.0.0/jsr305-3.0.0.jar:/home/user/.m2/repository/org/apache/htrace/htrace-core4/4.1.0-incubating/htrace-core4-4.1.0-incubating.jar:/home/user/.m2/repository/org/apache/zookeeper/zookeeper/3.4.13/zookeeper-3.4.13.jar:/home/user/.m2/repository/jline/jline/0.9.94/jline-0.9.94.jar:/home/user/.m2/repository/org/apache/yetus/audience-annotations/0.5.0/audience-annotations-0.5.0.jar:/home/user/.m2/repository/org/codehaus/woodstox/stax2-api/3.1.4/stax2-api-3.1.4.jar:/home/user/.m2/repository/com/fasterxml/woodstox/woodstox-core/5.0.3/woodstox-core-5.0.3.jar:/home/user/.m2/repository/dnsjava/dnsjava/2.1.7/dnsjava-2.1.7.jar:/home/user/.m2/repository/org/apache/hadoop/hadoop-hdfs/3.2.0/hadoop-hdfs-3.2.0-tests.jar:/home/user/.m2/repository/org/eclipse/jetty/jetty-util-ajax/9.3.25.v20180904/jetty-util-ajax-9.3.25.v20180904.jar:/home/user/.m2/repository/commons-daemon/commons-daemon/1.0.13/commons-daemon-1.0.13.jar:/home/user/.m2/repository/io/netty/netty/3.10.5.Final/netty-3.10.5.Final.jar:/home/user/.m2/repository/io/netty/netty-all/4.0.52.Final/netty-all-4.0.52.Final.jar:/home/user/.m2/repository/org/fusesource/leveldbjni/leveldbjni-all/1.8/leveldbjni-all-1.8.jar:"/>
    <property name="java.vm.vendor" value="IcedTea"/>
    <property name="sun.arch.data.model" value="64"/>
    <property name="test.build.dir" value="/workdir/hadoop-ozone/integration-test/target/test-dir"/>
    <property name="test.cache.data" value=""/>
    <property name="java.vendor.url" value="https://icedtea.classpath.org"/>
    <property name="user.timezone" value=""/>
    <property name="java.vm.specification.version" value="1.8"/>
    <property name="os.name" value="Linux"/>
    <property name="test.build.data" value="/workdir/hadoop-ozone/integration-test/target/test-dir"/>
    <property name="user.country" value="US"/>
    <property name="sun.java.launcher" value="SUN_STANDARD"/>
    <property name="sun.boot.library.path" value="/usr/lib/jvm/java-1.8-openjdk/jre/lib/amd64"/>
    <property name="sun.java.command" value="/workdir/hadoop-ozone/integration-test/target/surefire/surefirebooter2271872987968634526.jar /workdir/hadoop-ozone/integration-test/target/surefire 2019-10-02T10-21-29_431-jvmRun1 surefire4638470885189735807tmp surefire_656786173676166546927tmp"/>
    <property name="test" value="!TestMiniChaosOzoneCluster"/>
    <property name="surefire.test.class.path" value="/workdir/hadoop-ozone/integration-test/target/test-classes:/workdir/hadoop-ozone/integration-test/target/classes:/home/user/.m2/repository/org/apache/hadoop/hadoop-ozone-common/0.5.0-SNAPSHOT/hadoop-ozone-common-0.5.0-SNAPSHOT.jar:/home/user/.m2/repository/org/apache/commons/commons-compress/1.4.1/commons-compress-1.4.1.jar:/home/user/.m2/repository/org/tukaani/xz/1.0/xz-1.0.jar:/home/user/.m2/repository/org/apache/hadoop/hadoop-common/3.2.0/hadoop-common-3.2.0.jar:/home/user/.m2/repository/org/apache/hadoop/hadoop-hdfs/3.2.0/hadoop-hdfs-3.2.0.jar:/home/user/.m2/repository/org/apache/hadoop/hadoop-hdfs-client/3.2.0/hadoop-hdfs-client-3.2.0.jar:/home/user/.m2/repository/com/fasterxml/jackson/core/jackson-annotations/2.9.9/jackson-annotations-2.9.9.jar:/home/user/.m2/repository/org/apache/hadoop/hadoop-hdds-common/0.5.0-SNAPSHOT/hadoop-hdds-common-0.5.0-SNAPSHOT.jar:/home/user/.m2/repository/javax/annotation/javax.annotation-api/1.2/javax.annotation-api-1.2.jar:/home/user/.m2/repository/org/apache/ratis/ratis-server/0.5.0-201fc85-SNAPSHOT/ratis-server-0.5.0-201fc85-SNAPSHOT.jar:/home/user/.m2/repository/org/apache/ratis/ratis-thirdparty-misc/0.2.0/ratis-thirdparty-misc-0.2.0.jar:/home/user/.m2/repository/org/apache/ratis/ratis-proto/0.5.0-201fc85-SNAPSHOT/ratis-proto-0.5.0-201fc85-SNAPSHOT.jar:/home/user/.m2/repository/org/apache/ratis/ratis-common/0.5.0-201fc85-SNAPSHOT/ratis-common-0.5.0-201fc85-SNAPSHOT.jar:/home/user/.m2/repository/org/apache/ratis/ratis-client/0.5.0-201fc85-SNAPSHOT/ratis-client-0.5.0-201fc85-SNAPSHOT.jar:/home/user/.m2/repository/org/apache/ratis/ratis-metrics/0.5.0-201fc85-SNAPSHOT/ratis-metrics-0.5.0-201fc85-SNAPSHOT.jar:/home/user/.m2/repository/com/github/joshelser/dropwizard-metrics-hadoop-metrics2-reporter/0.1.2/dropwizard-metrics-hadoop-metrics2-reporter-0.1.2.jar:/home/user/.m2/repository/io/dropwizard/metrics/metrics-jvm/3.2.5/metrics-jvm-3.2.5.jar:/home/user/.m2/repository/io/dropwizard/metrics/metrics-ganglia/3.2.5/metrics-ganglia-3.2.5.jar:/home/user/.m2/repository/info/ganglia/gmetric4j/gmetric4j/1.0.7/gmetric4j-1.0.7.jar:/home/user/.m2/repository/org/apache/ratis/ratis-netty/0.5.0-201fc85-SNAPSHOT/ratis-netty-0.5.0-201fc85-SNAPSHOT.jar:/home/user/.m2/repository/org/apache/ratis/ratis-grpc/0.5.0-201fc85-SNAPSHOT/ratis-grpc-0.5.0-201fc85-SNAPSHOT.jar:/home/user/.m2/repository/org/rocksdb/rocksdbjni/6.0.1/rocksdbjni-6.0.1.jar:/home/user/.m2/repository/org/apache/logging/log4j/log4j-api/2.11.0/log4j-api-2.11.0.jar:/home/user/.m2/repository/org/apache/logging/log4j/log4j-core/2.11.0/log4j-core-2.11.0.jar:/home/user/.m2/repository/com/lmax/disruptor/3.4.2/disruptor-3.4.2.jar:/home/user/.m2/repository/org/apache/commons/commons-pool2/2.6.0/commons-pool2-2.6.0.jar:/home/user/.m2/repository/org/bouncycastle/bcpkix-jdk15on/1.60/bcpkix-jdk15on-1.60.jar:/home/user/.m2/repository/commons-validator/commons-validator/1.6/commons-validator-1.6.jar:/home/user/.m2/repository/commons-digester/commons-digester/1.8.1/commons-digester-1.8.1.jar:/home/user/.m2/repository/io/jaegertracing/jaeger-client/0.34.0/jaeger-client-0.34.0.jar:/home/user/.m2/repository/io/jaegertracing/jaeger-thrift/0.34.0/jaeger-thrift-0.34.0.jar:/home/user/.m2/repository/org/apache/thrift/libthrift/0.12.0/libthrift-0.12.0.jar:/home/user/.m2/repository/com/squareup/okhttp3/okhttp/3.9.0/okhttp-3.9.0.jar:/home/user/.m2/repository/com/squareup/okio/okio/1.13.0/okio-1.13.0.jar:/home/user/.m2/repository/io/jaegertracing/jaeger-core/0.34.0/jaeger-core-0.34.0.jar:/home/user/.m2/repository/io/jaegertracing/jaeger-tracerresolver/0.34.0/jaeger-tracerresolver-0.34.0.jar:/home/user/.m2/repository/io/opentracing/contrib/opentracing-tracerresolver/0.1.5/opentracing-tracerresolver-0.1.5.jar:/home/user/.m2/repository/io/opentracing/opentracing-util/0.31.0/opentracing-util-0.31.0.jar:/home/user/.m2/repository/io/opentracing/opentracing-api/0.31.0/opentracing-api-0.31.0.jar:/home/user/.m2/repository/io/opentracing/opentracing-noop/0.31.0/opentracing-noop-0.31.0.jar:/home/user/.m2/repository/org/apache/hadoop/hadoop-hdds-server-framework/0.5.0-SNAPSHOT/hadoop-hdds-server-framework-0.5.0-SNAPSHOT.jar:/home/user/.m2/repository/org/apache/hadoop/hadoop-hdds-container-service/0.5.0-SNAPSHOT/hadoop-hdds-container-service-0.5.0-SNAPSHOT.jar:/home/user/.m2/repository/org/apache/hadoop/hadoop-hdds-client/0.5.0-SNAPSHOT/hadoop-hdds-client-0.5.0-SNAPSHOT.jar:/home/user/.m2/repository/org/apache/hadoop/hadoop-hdds-tools/0.5.0-SNAPSHOT/hadoop-hdds-tools-0.5.0-SNAPSHOT.jar:/home/user/.m2/repository/org/apache/hadoop/hadoop-hdds-server-scm/0.5.0-SNAPSHOT/hadoop-hdds-server-scm-0.5.0-SNAPSHOT.jar:/home/user/.m2/repository/org/apache/hadoop/hadoop-hdds-docs/0.5.0-SNAPSHOT/hadoop-hdds-docs-0.5.0-SNAPSHOT.jar:/home/user/.m2/repository/io/dropwizard/metrics/metrics-core/3.2.4/metrics-core-3.2.4.jar:/home/user/.m2/repository/org/hamcrest/hamcrest-all/1.3/hamcrest-all-1.3.jar:/home/user/.m2/repository/org/bouncycastle/bcprov-jdk15on/1.60/bcprov-jdk15on-1.60.jar:/home/user/.m2/repository/info/picocli/picocli/3.9.6/picocli-3.9.6.jar:/home/user/.m2/repository/com/google/protobuf/protobuf-java/2.5.0/protobuf-java-2.5.0.jar:/home/user/.m2/repository/com/google/guava/guava/11.0.2/guava-11.0.2.jar:/home/user/.m2/repository/org/apache/hadoop/hadoop-ozone-ozone-manager/0.5.0-SNAPSHOT/hadoop-ozone-ozone-manager-0.5.0-SNAPSHOT.jar:/home/user/.m2/repository/org/apache/hadoop/hadoop-minikdc/3.2.0/hadoop-minikdc-3.2.0.jar:/home/user/.m2/repository/commons-io/commons-io/2.5/commons-io-2.5.jar:/home/user/.m2/repository/org/apache/kerby/kerb-simplekdc/1.0.1/kerb-simplekdc-1.0.1.jar:/home/user/.m2/repository/org/apache/kerby/kerb-client/1.0.1/kerb-client-1.0.1.jar:/home/user/.m2/repository/org/apache/kerby/kerby-config/1.0.1/kerby-config-1.0.1.jar:/home/user/.m2/repository/org/apache/kerby/kerb-core/1.0.1/kerb-core-1.0.1.jar:/home/user/.m2/repository/org/apache/kerby/kerby-pkix/1.0.1/kerby-pkix-1.0.1.jar:/home/user/.m2/repository/org/apache/kerby/kerby-asn1/1.0.1/kerby-asn1-1.0.1.jar:/home/user/.m2/repository/org/apache/kerby/kerby-util/1.0.1/kerby-util-1.0.1.jar:/home/user/.m2/repository/org/apache/kerby/kerb-common/1.0.1/kerb-common-1.0.1.jar:/home/user/.m2/repository/org/apache/kerby/kerb-crypto/1.0.1/kerb-crypto-1.0.1.jar:/home/user/.m2/repository/org/apache/kerby/kerb-util/1.0.1/kerb-util-1.0.1.jar:/home/user/.m2/repository/org/apache/kerby/token-provider/1.0.1/token-provider-1.0.1.jar:/home/user/.m2/repository/org/apache/kerby/kerb-admin/1.0.1/kerb-admin-1.0.1.jar:/home/user/.m2/repository/org/apache/kerby/kerb-server/1.0.1/kerb-server-1.0.1.jar:/home/user/.m2/repository/org/apache/kerby/kerb-identity/1.0.1/kerb-identity-1.0.1.jar:/home/user/.m2/repository/org/apache/kerby/kerby-xdr/1.0.1/kerby-xdr-1.0.1.jar:/home/user/.m2/repository/org/slf4j/slf4j-log4j12/1.7.25/slf4j-log4j12-1.7.25.jar:/home/user/.m2/repository/org/apache/hadoop/hadoop-ozone-s3gateway/0.5.0-SNAPSHOT/hadoop-ozone-s3gateway-0.5.0-SNAPSHOT.jar:/home/user/.m2/repository/org/jboss/weld/servlet/weld-servlet/2.4.7.Final/weld-servlet-2.4.7.Final.jar:/home/user/.m2/repository/org/glassfish/jersey/containers/jersey-container-servlet-core/2.27/jersey-container-servlet-core-2.27.jar:/home/user/.m2/repository/org/glassfish/hk2/external/javax.inject/2.5.0-b42/javax.inject-2.5.0-b42.jar:/home/user/.m2/repository/org/glassfish/jersey/core/jersey-common/2.27/jersey-common-2.27.jar:/home/user/.m2/repository/org/glassfish/hk2/osgi-resource-locator/1.0.1/osgi-resource-locator-1.0.1.jar:/home/user/.m2/repository/javax/ws/rs/javax.ws.rs-api/2.1/javax.ws.rs-api-2.1.jar:/home/user/.m2/repository/org/glassfish/jersey/ext/cdi/jersey-cdi1x/2.27/jersey-cdi1x-2.27.jar:/home/user/.m2/repository/org/glassfish/jersey/inject/jersey-hk2/2.27/jersey-hk2-2.27.jar:/home/user/.m2/repository/org/glassfish/hk2/hk2-locator/2.5.0-b42/hk2-locator-2.5.0-b42.jar:/home/user/.m2/repository/org/javassist/javassist/3.22.0-CR2/javassist-3.22.0-CR2.jar:/home/user/.m2/repository/org/glassfish/hk2/hk2-api/2.5.0/hk2-api-2.5.0.jar:/home/user/.m2/repository/org/glassfish/hk2/external/jakarta.inject/2.5.0/jakarta.inject-2.5.0.jar:/home/user/.m2/repository/org/glassfish/hk2/hk2-utils/2.5.0/hk2-utils-2.5.0.jar:/home/user/.m2/repository/jakarta/annotation/jakarta.annotation-api/1.3.4/jakarta.annotation-api-1.3.4.jar:/home/user/.m2/repository/org/glassfish/hk2/external/aopalliance-repackaged/2.5.0/aopalliance-repackaged-2.5.0.jar:/home/user/.m2/repository/com/fasterxml/jackson/dataformat/jackson-dataformat-xml/2.9.0/jackson-dataformat-xml-2.9.0.jar:/home/user/.m2/repository/com/fasterxml/jackson/core/jackson-core/2.9.9/jackson-core-2.9.9.jar:/home/user/.m2/repository/com/fasterxml/jackson/module/jackson-module-jaxb-annotations/2.9.9/jackson-module-jaxb-annotations-2.9.9.jar:/home/user/.m2/repository/javax/enterprise/cdi-api/1.2/cdi-api-1.2.jar:/home/user/.m2/repository/javax/el/javax.el-api/3.0.0/javax.el-api-3.0.0.jar:/home/user/.m2/repository/javax/interceptor/javax.interceptor-api/1.2/javax.interceptor-api-1.2.jar:/home/user/.m2/repository/javax/inject/javax.inject/1/javax.inject-1.jar:/home/user/.m2/repository/com/sun/xml/bind/jaxb-impl/2.3.0.1/jaxb-impl-2.3.0.1.jar:/home/user/.m2/repository/com/sun/xml/bind/jaxb-core/2.3.0.1/jaxb-core-2.3.0.1.jar:/home/user/.m2/repository/javax/xml/bind/jaxb-api/2.3.0/jaxb-api-2.3.0.jar:/home/user/.m2/repository/javax/activation/activation/1.1.1/activation-1.1.1.jar:/home/user/.m2/repository/org/apache/hadoop/hadoop-ozone-csi/0.5.0-SNAPSHOT/hadoop-ozone-csi-0.5.0-SNAPSHOT.jar:/home/user/.m2/repository/com/google/protobuf/protobuf-java-util/3.5.1/protobuf-java-util-3.5.1.jar:/home/user/.m2/repository/org/apache/hadoop/hadoop-hdds-config/0.5.0-SNAPSHOT/hadoop-hdds-config-0.5.0-SNAPSHOT.jar:/home/user/.m2/repository/io/grpc/grpc-netty/1.17.1/grpc-netty-1.17.1.jar:/home/user/.m2/repository/io/grpc/grpc-core/1.17.1/grpc-core-1.17.1.jar:/home/user/.m2/repository/io/grpc/grpc-context/1.17.1/grpc-context-1.17.1.jar:/home/user/.m2/repository/com/google/errorprone/error_prone_annotations/2.2.0/error_prone_annotations-2.2.0.jar:/home/user/.m2/repository/org/codehaus/mojo/animal-sniffer-annotations/1.17/animal-sniffer-annotations-1.17.jar:/home/user/.m2/repository/io/opencensus/opencensus-api/0.17.0/opencensus-api-0.17.0.jar:/home/user/.m2/repository/io/opencensus/opencensus-contrib-grpc-metrics/0.17.0/opencensus-contrib-grpc-metrics-0.17.0.jar:/home/user/.m2/repository/io/netty/netty-codec-http2/4.1.30.Final/netty-codec-http2-4.1.30.Final.jar:/home/user/.m2/repository/io/netty/netty-codec-http/4.1.30.Final/netty-codec-http-4.1.30.Final.jar:/home/user/.m2/repository/io/netty/netty-codec/4.1.30.Final/netty-codec-4.1.30.Final.jar:/home/user/.m2/repository/io/netty/netty-handler/4.1.30.Final/netty-handler-4.1.30.Final.jar:/home/user/.m2/repository/io/netty/netty-handler-proxy/4.1.30.Final/netty-handler-proxy-4.1.30.Final.jar:/home/user/.m2/repository/io/netty/netty-codec-socks/4.1.30.Final/netty-codec-socks-4.1.30.Final.jar:/home/user/.m2/repository/io/netty/netty-transport-native-epoll/4.1.30.Final/netty-transport-native-epoll-4.1.30.Final.jar:/home/user/.m2/repository/io/netty/netty-common/4.1.30.Final/netty-common-4.1.30.Final.jar:/home/user/.m2/repository/io/netty/netty-buffer/4.1.30.Final/netty-buffer-4.1.30.Final.jar:/home/user/.m2/repository/io/netty/netty-transport/4.1.30.Final/netty-transport-4.1.30.Final.jar:/home/user/.m2/repository/io/netty/netty-resolver/4.1.30.Final/netty-resolver-4.1.30.Final.jar:/home/user/.m2/repository/io/netty/netty-transport-native-unix-common/4.1.30.Final/netty-transport-native-unix-common-4.1.30.Final.jar:/home/user/.m2/repository/io/grpc/grpc-protobuf/1.17.1/grpc-protobuf-1.17.1.jar:/home/user/.m2/repository/com/google/api/grpc/proto-google-common-protos/1.0.0/proto-google-common-protos-1.0.0.jar:/home/user/.m2/repository/io/grpc/grpc-protobuf-lite/1.17.1/grpc-protobuf-lite-1.17.1.jar:/home/user/.m2/repository/io/grpc/grpc-stub/1.17.1/grpc-stub-1.17.1.jar:/home/user/.m2/repository/org/apache/hadoop/hadoop-ozone-recon/0.5.0-SNAPSHOT/hadoop-ozone-recon-0.5.0-SNAPSHOT.jar:/home/user/.m2/repository/org/apache/hadoop/hadoop-ozone-reconcodegen/0.5.0-SNAPSHOT/hadoop-ozone-reconcodegen-0.5.0-SNAPSHOT.jar:/home/user/.m2/repository/com/google/inject/extensions/guice-multibindings/4.0/guice-multibindings-4.0.jar:/home/user/.m2/repository/com/google/inject/guice/4.0/guice-4.0.jar:/home/user/.m2/repository/aopalliance/aopalliance/1.0/aopalliance-1.0.jar:/home/user/.m2/repository/com/google/inject/extensions/guice-servlet/4.0/guice-servlet-4.0.jar:/home/user/.m2/repository/org/glassfish/jersey/containers/jersey-container-servlet/2.27/jersey-container-servlet-2.27.jar:/home/user/.m2/repository/org/glassfish/hk2/guice-bridge/2.5.0/guice-bridge-2.5.0.jar:/home/user/.m2/repository/org/glassfish/jersey/core/jersey-server/2.27/jersey-server-2.27.jar:/home/user/.m2/repository/org/glassfish/jersey/core/jersey-client/2.27/jersey-client-2.27.jar:/home/user/.m2/repository/org/glassfish/jersey/media/jersey-media-jaxb/2.27/jersey-media-jaxb-2.27.jar:/home/user/.m2/repository/javax/validation/validation-api/1.1.0.Final/validation-api-1.1.0.Final.jar:/home/user/.m2/repository/org/glassfish/jersey/media/jersey-media-json-jackson/2.27/jersey-media-json-jackson-2.27.jar:/home/user/.m2/repository/org/glassfish/jersey/ext/jersey-entity-filtering/2.27/jersey-entity-filtering-2.27.jar:/home/user/.m2/repository/com/google/inject/extensions/guice-assistedinject/4.0/guice-assistedinject-4.0.jar:/home/user/.m2/repository/org/jooq/jooq/3.11.10/jooq-3.11.10.jar:/home/user/.m2/repository/org/jooq/jooq-meta/3.11.10/jooq-meta-3.11.10.jar:/home/user/.m2/repository/org/jooq/jooq-codegen/3.11.10/jooq-codegen-3.11.10.jar:/home/user/.m2/repository/com/jolbox/bonecp/0.8.0.RELEASE/bonecp-0.8.0.RELEASE.jar:/home/user/.m2/repository/org/xerial/sqlite-jdbc/3.25.2/sqlite-jdbc-3.25.2.jar:/home/user/.m2/repository/org/springframework/spring-jdbc/5.1.3.RELEASE/spring-jdbc-5.1.3.RELEASE.jar:/home/user/.m2/repository/org/springframework/spring-beans/5.1.3.RELEASE/spring-beans-5.1.3.RELEASE.jar:/home/user/.m2/repository/org/springframework/spring-core/5.1.3.RELEASE/spring-core-5.1.3.RELEASE.jar:/home/user/.m2/repository/org/springframework/spring-jcl/5.1.3.RELEASE/spring-jcl-5.1.3.RELEASE.jar:/home/user/.m2/repository/org/springframework/spring-tx/5.1.3.RELEASE/spring-tx-5.1.3.RELEASE.jar:/home/user/.m2/repository/org/apache/hadoop/hadoop-ozone-client/0.5.0-SNAPSHOT/hadoop-ozone-client-0.5.0-SNAPSHOT.jar:/home/user/.m2/repository/commons-lang/commons-lang/2.6/commons-lang-2.6.jar:/home/user/.m2/repository/org/apache/hadoop/hadoop-ozone-ozone-manager/0.5.0-SNAPSHOT/hadoop-ozone-ozone-manager-0.5.0-SNAPSHOT-tests.jar:/home/user/.m2/repository/junit/junit/4.11/junit-4.11.jar:/home/user/.m2/repository/org/hamcrest/hamcrest-core/1.3/hamcrest-core-1.3.jar:/home/user/.m2/repository/org/openjdk/jmh/jmh-core/1.19/jmh-core-1.19.jar:/home/user/.m2/repository/net/sf/jopt-simple/jopt-simple/4.6/jopt-simple-4.6.jar:/home/user/.m2/repository/org/apache/commons/commons-math3/3.1.1/commons-math3-3.1.1.jar:/home/user/.m2/repository/org/openjdk/jmh/jmh-generator-annprocess/1.19/jmh-generator-annprocess-1.19.jar:/home/user/.m2/repository/org/mockito/mockito-all/1.8.5/mockito-all-1.8.5.jar:/home/user/.m2/repository/org/apache/hadoop/hadoop-kms/3.2.0/hadoop-kms-3.2.0.jar:/home/user/.m2/repository/org/apache/hadoop/hadoop-auth/3.2.0/hadoop-auth-3.2.0.jar:/home/user/.m2/repository/com/nimbusds/nimbus-jose-jwt/4.41.1/nimbus-jose-jwt-4.41.1.jar:/home/user/.m2/repository/com/github/stephenc/jcip/jcip-annotations/1.0-1/jcip-annotations-1.0-1.jar:/home/user/.m2/repository/net/minidev/json-smart/2.3/json-smart-2.3.jar:/home/user/.m2/repository/net/minidev/accessors-smart/1.2/accessors-smart-1.2.jar:/home/user/.m2/repository/org/ow2/asm/asm/5.0.4/asm-5.0.4.jar:/home/user/.m2/repository/org/apache/curator/curator-framework/2.12.0/curator-framework-2.12.0.jar:/home/user/.m2/repository/com/sun/jersey/jersey-core/1.19/jersey-core-1.19.jar:/home/user/.m2/repository/javax/ws/rs/jsr311-api/1.1.1/jsr311-api-1.1.1.jar:/home/user/.m2/repository/com/sun/jersey/jersey-server/1.19/jersey-server-1.19.jar:/home/user/.m2/repository/javax/servlet/javax.servlet-api/3.1.0/javax.servlet-api-3.1.0.jar:/home/user/.m2/repository/org/eclipse/jetty/jetty-server/9.3.25.v20180904/jetty-server-9.3.25.v20180904.jar:/home/user/.m2/repository/org/eclipse/jetty/jetty-http/9.3.25.v20180904/jetty-http-9.3.25.v20180904.jar:/home/user/.m2/repository/org/eclipse/jetty/jetty-io/9.3.25.v20180904/jetty-io-9.3.25.v20180904.jar:/home/user/.m2/repository/org/eclipse/jetty/jetty-webapp/9.3.25.v20180904/jetty-webapp-9.3.25.v20180904.jar:/home/user/.m2/repository/org/eclipse/jetty/jetty-xml/9.3.25.v20180904/jetty-xml-9.3.25.v20180904.jar:/home/user/.m2/repository/log4j/log4j/1.2.17/log4j-1.2.17.jar:/home/user/.m2/repository/org/slf4j/slf4j-api/1.7.25/slf4j-api-1.7.25.jar:/home/user/.m2/repository/org/slf4j/jul-to-slf4j/1.7.25/jul-to-slf4j-1.7.25.jar:/home/user/.m2/repository/org/eclipse/jetty/jetty-util/9.3.25.v20180904/jetty-util-9.3.25.v20180904.jar:/home/user/.m2/repository/com/fasterxml/jackson/core/jackson-databind/2.9.9/jackson-databind-2.9.9.jar:/home/user/.m2/repository/org/apache/hadoop/hadoop-kms/3.2.0/hadoop-kms-3.2.0-tests.jar:/home/user/.m2/repository/org/apache/hadoop/hadoop-hdds-server-scm/0.5.0-SNAPSHOT/hadoop-hdds-server-scm-0.5.0-SNAPSHOT-tests.jar:/home/user/.m2/repository/org/apache/hadoop/hadoop-hdds-container-service/0.5.0-SNAPSHOT/hadoop-hdds-container-service-0.5.0-SNAPSHOT-tests.jar:/home/user/.m2/repository/org/yaml/snakeyaml/1.16/snakeyaml-1.16.jar:/home/user/.m2/repository/org/apache/hadoop/hadoop-common/3.2.0/hadoop-common-3.2.0-tests.jar:/home/user/.m2/repository/org/apache/hadoop/hadoop-annotations/3.2.0/hadoop-annotations-3.2.0.jar:/usr/lib/jvm/java-1.8-openjdk/jre/../lib/tools.jar:/home/user/.m2/repository/commons-cli/commons-cli/1.2/commons-cli-1.2.jar:/home/user/.m2/repository/org/apache/httpcomponents/httpclient/4.5.2/httpclient-4.5.2.jar:/home/user/.m2/repository/org/apache/httpcomponents/httpcore/4.4.4/httpcore-4.4.4.jar:/home/user/.m2/repository/commons-codec/commons-codec/1.11/commons-codec-1.11.jar:/home/user/.m2/repository/commons-net/commons-net/3.6/commons-net-3.6.jar:/home/user/.m2/repository/commons-collections/commons-collections/3.2.2/commons-collections-3.2.2.jar:/home/user/.m2/repository/org/eclipse/jetty/jetty-servlet/9.3.25.v20180904/jetty-servlet-9.3.25.v20180904.jar:/home/user/.m2/repository/org/eclipse/jetty/jetty-security/9.3.25.v20180904/jetty-security-9.3.25.v20180904.jar:/home/user/.m2/repository/javax/servlet/jsp/jsp-api/2.1/jsp-api-2.1.jar:/home/user/.m2/repository/com/sun/jersey/jersey-servlet/1.19/jersey-servlet-1.19.jar:/home/user/.m2/repository/com/sun/jersey/jersey-json/1.19/jersey-json-1.19.jar:/home/user/.m2/repository/org/codehaus/jettison/jettison/1.1/jettison-1.1.jar:/home/user/.m2/repository/org/codehaus/jackson/jackson-core-asl/1.9.13/jackson-core-asl-1.9.13.jar:/home/user/.m2/repository/org/codehaus/jackson/jackson-mapper-asl/1.9.13/jackson-mapper-asl-1.9.13.jar:/home/user/.m2/repository/org/codehaus/jackson/jackson-jaxrs/1.9.13/jackson-jaxrs-1.9.13.jar:/home/user/.m2/repository/org/codehaus/jackson/jackson-xc/1.9.13/jackson-xc-1.9.13.jar:/home/user/.m2/repository/commons-logging/commons-logging/1.1.3/commons-logging-1.1.3.jar:/home/user/.m2/repository/commons-beanutils/commons-beanutils/1.9.4/commons-beanutils-1.9.4.jar:/home/user/.m2/repository/org/apache/commons/commons-configuration2/2.1.1/commons-configuration2-2.1.1.jar:/home/user/.m2/repository/org/apache/commons/commons-lang3/3.7/commons-lang3-3.7.jar:/home/user/.m2/repository/org/apache/commons/commons-text/1.4/commons-text-1.4.jar:/home/user/.m2/repository/org/apache/avro/avro/1.7.7/avro-1.7.7.jar:/home/user/.m2/repository/com/thoughtworks/paranamer/paranamer/2.3/paranamer-2.3.jar:/home/user/.m2/repository/org/xerial/snappy/snappy-java/1.0.5/snappy-java-1.0.5.jar:/home/user/.m2/repository/com/google/re2j/re2j/1.1/re2j-1.1.jar:/home/user/.m2/repository/com/google/code/gson/gson/2.2.4/gson-2.2.4.jar:/home/user/.m2/repository/com/jcraft/jsch/0.1.54/jsch-0.1.54.jar:/home/user/.m2/repository/org/apache/curator/curator-client/2.12.0/curator-client-2.12.0.jar:/home/user/.m2/repository/org/apache/curator/curator-recipes/2.12.0/curator-recipes-2.12.0.jar:/home/user/.m2/repository/com/google/code/findbugs/jsr305/3.0.0/jsr305-3.0.0.jar:/home/user/.m2/repository/org/apache/htrace/htrace-core4/4.1.0-incubating/htrace-core4-4.1.0-incubating.jar:/home/user/.m2/repository/org/apache/zookeeper/zookeeper/3.4.13/zookeeper-3.4.13.jar:/home/user/.m2/repository/jline/jline/0.9.94/jline-0.9.94.jar:/home/user/.m2/repository/org/apache/yetus/audience-annotations/0.5.0/audience-annotations-0.5.0.jar:/home/user/.m2/repository/org/codehaus/woodstox/stax2-api/3.1.4/stax2-api-3.1.4.jar:/home/user/.m2/repository/com/fasterxml/woodstox/woodstox-core/5.0.3/woodstox-core-5.0.3.jar:/home/user/.m2/repository/dnsjava/dnsjava/2.1.7/dnsjava-2.1.7.jar:/home/user/.m2/repository/org/apache/hadoop/hadoop-hdfs/3.2.0/hadoop-hdfs-3.2.0-tests.jar:/home/user/.m2/repository/org/eclipse/jetty/jetty-util-ajax/9.3.25.v20180904/jetty-util-ajax-9.3.25.v20180904.jar:/home/user/.m2/repository/commons-daemon/commons-daemon/1.0.13/commons-daemon-1.0.13.jar:/home/user/.m2/repository/io/netty/netty/3.10.5.Final/netty-3.10.5.Final.jar:/home/user/.m2/repository/io/netty/netty-all/4.0.52.Final/netty-all-4.0.52.Final.jar:/home/user/.m2/repository/org/fusesource/leveldbjni/leveldbjni-all/1.8/leveldbjni-all-1.8.jar:"/>
    <property name="sun.cpu.endian" value="little"/>
    <property name="user.home" value="/home/user"/>
    <property name="user.language" value="en"/>
    <property name="java.specification.vendor" value="Oracle Corporation"/>
    <property name="java.home" value="/usr/lib/jvm/java-1.8-openjdk/jre"/>
    <property name="java.security.krb5.conf" value="/workdir/hadoop-ozone/integration-test/target/test-classes/krb5.conf"/>
    <property name="basedir" value="/workdir/hadoop-ozone/integration-test"/>
    <property name="file.separator" value="/"/>
    <property name="line.separator" value="&#10;"/>
    <property name="java.vm.specification.vendor" value="Oracle Corporation"/>
    <property name="java.specification.name" value="Java Platform API Specification"/>
    <property name="java.awt.graphicsenv" value="sun.awt.X11GraphicsEnvironment"/>
    <property name="surefire.real.class.path" value="/workdir/hadoop-ozone/integration-test/target/surefire/surefirebooter2271872987968634526.jar"/>
    <property name="hadoop.log.dir" value="/workdir/hadoop-ozone/integration-test/target/log"/>
    <property name="sun.boot.class.path" value="/usr/lib/jvm/java-1.8-openjdk/jre/lib/resources.jar:/usr/lib/jvm/java-1.8-openjdk/jre/lib/rt.jar:/usr/lib/jvm/java-1.8-openjdk/jre/lib/sunrsasign.jar:/usr/lib/jvm/java-1.8-openjdk/jre/lib/jsse.jar:/usr/lib/jvm/java-1.8-openjdk/jre/lib/jce.jar:/usr/lib/jvm/java-1.8-openjdk/jre/lib/charsets.jar:/usr/lib/jvm/java-1.8-openjdk/jre/lib/jfr.jar:/usr/lib/jvm/java-1.8-openjdk/jre/classes"/>
    <property name="sun.management.compiler" value="HotSpot 64-Bit Tiered Compilers"/>
    <property name="java.runtime.version" value="1.8.0_212-b04"/>
    <property name="java.net.preferIPv4Stack" value="true"/>
    <property name="user.name" value="jenkins1000"/>
    <property name="path.separator" value=":"/>
    <property name="java.security.egd" value="file:///dev/urandom"/>
    <property name="os.version" value="3.10.0-957.12.2.el7.x86_64"/>
    <property name="java.endorsed.dirs" value="/usr/lib/jvm/java-1.8-openjdk/jre/lib/endorsed"/>
    <property name="java.runtime.name" value="OpenJDK Runtime Environment"/>
    <property name="file.encoding" value="UTF-8"/>
    <property name="java.vm.name" value="OpenJDK 64-Bit Server VM"/>
    <property name="test.build.webapps" value=""/>
    <property name="localRepository" value="/home/user/.m2/repository"/>
    <property name="java.vendor.url.bug" value="https://icedtea.classpath.org/bugzilla"/>
    <property name="java.io.tmpdir" value="/tmp"/>
    <property name="require.test.libhadoop" value=""/>
    <property name="java.version" value="1.8.0_212"/>
    <property name="user.dir" value="/workdir/hadoop-ozone/integration-test"/>
    <property name="os.arch" value="amd64"/>
    <property name="java.vm.specification.name" value="Java Virtual Machine Specification"/>
    <property name="test.build.classes" value="/workdir/hadoop-ozone/integration-test/target/test-classes"/>
    <property name="java.awt.printerjob" value="sun.print.PSPrinterJob"/>
    <property name="sun.os.patch.level" value="unknown"/>
    <property name="hadoop.tmp.dir" value="/workdir/hadoop-ozone/integration-test/target/tmp"/>
    <property name="java.library.path" value="/usr/lib/jvm/java-1.8-openjdk/jre/lib/amd64/server:/usr/lib/jvm/java-1.8-openjdk/jre/lib/amd64:/usr/lib/jvm/java-1.8-openjdk/jre/../lib/amd64:/workdir/hadoop-ozone/integration-test/target/native/target/usr/local/lib:/workdir/hadoop-ozone/integration-test/../../hadoop-common-project/hadoop-common/target/native/target/usr/local/lib:/usr/java/packages/lib/amd64:/usr/lib64:/lib64:/lib:/usr/lib"/>
    <property name="java.vm.info" value="mixed mode"/>
    <property name="java.vendor" value="IcedTea"/>
    <property name="java.vm.version" value="25.212-b04"/>
    <property name="java.ext.dirs" value="/usr/lib/jvm/java-1.8-openjdk/jre/lib/ext:/usr/java/packages/lib/ext"/>
    <property name="sun.io.unicode.encoding" value="UnicodeLittle"/>
    <property name="java.class.version" value="52.0"/>
  </properties>
  <testcase name="test2DatanodesFailure" classname="org.apache.hadoop.ozone.client.rpc.TestBlockOutputStreamWithFailures" time="105.671"/>
  <testcase name="testDatanodeFailureWithPreAllocation" classname="org.apache.hadoop.ozone.client.rpc.TestBlockOutputStreamWithFailures" time="222.576"/>
  <testcase name="testDatanodeFailureWithSingleNodeRatis" classname="org.apache.hadoop.ozone.client.rpc.TestBlockOutputStreamWithFailures" time="221.929"/>
  <testcase name="testWatchForCommitWithSingleNodeRatis" classname="org.apache.hadoop.ozone.client.rpc.TestBlockOutputStreamWithFailures" time="35.031"/>
  <testcase name="testWatchForCommitDatanodeFailure" classname="org.apache.hadoop.ozone.client.rpc.TestBlockOutputStreamWithFailures" time="38.285"/>
  <testcase name="testFailureWithPrimeSizedData" classname="org.apache.hadoop.ozone.client.rpc.TestBlockOutputStreamWithFailures" time="34.161"/>
  <testcase name="testWatchForCommitWithCloseContainerException" classname="org.apache.hadoop.ozone.client.rpc.TestBlockOutputStreamWithFailures" time="33.753"/>
  <testcase name="testExceptionDuringClose" classname="org.apache.hadoop.ozone.client.rpc.TestBlockOutputStreamWithFailures" time="34.657">
    <failure message="expected:&lt;88&gt; but was:&lt;90&gt;" type="java.lang.AssertionError"><![CDATA[java.lang.AssertionError: expected:<88> but was:<90>
	at org.junit.Assert.fail(Assert.java:88)
	at org.junit.Assert.failNotEquals(Assert.java:743)
	at org.junit.Assert.assertEquals(Assert.java:118)
	at org.junit.Assert.assertEquals(Assert.java:555)
	at org.junit.Assert.assertEquals(Assert.java:542)
	at org.apache.hadoop.ozone.client.rpc.TestBlockOutputStreamWithFailures.testExceptionDuringClose(TestBlockOutputStreamWithFailures.java:726)
	at sun.reflect.NativeMethodAccessorImpl.invoke0(Native Method)
	at sun.reflect.NativeMethodAccessorImpl.invoke(NativeMethodAccessorImpl.java:62)
	at sun.reflect.DelegatingMethodAccessorImpl.invoke(DelegatingMethodAccessorImpl.java:43)
	at java.lang.reflect.Method.invoke(Method.java:498)
	at org.junit.runners.model.FrameworkMethod$1.runReflectiveCall(FrameworkMethod.java:47)
	at org.junit.internal.runners.model.ReflectiveCallable.run(ReflectiveCallable.java:12)
	at org.junit.runners.model.FrameworkMethod.invokeExplosively(FrameworkMethod.java:44)
	at org.junit.internal.runners.statements.InvokeMethod.evaluate(InvokeMethod.java:17)
	at org.junit.internal.runners.statements.RunBefores.evaluate(RunBefores.java:26)
	at org.junit.internal.runners.statements.RunAfters.evaluate(RunAfters.java:27)
	at org.junit.runners.ParentRunner.runLeaf(ParentRunner.java:271)
	at org.junit.runners.BlockJUnit4ClassRunner.runChild(BlockJUnit4ClassRunner.java:70)
	at org.junit.runners.BlockJUnit4ClassRunner.runChild(BlockJUnit4ClassRunner.java:50)
	at org.junit.runners.ParentRunner$3.run(ParentRunner.java:238)
	at org.junit.runners.ParentRunner$1.schedule(ParentRunner.java:63)
	at org.junit.runners.ParentRunner.runChildren(ParentRunner.java:236)
	at org.junit.runners.ParentRunner.access$000(ParentRunner.java:53)
	at org.junit.runners.ParentRunner$2.evaluate(ParentRunner.java:229)
	at org.junit.runners.ParentRunner.run(ParentRunner.java:309)
	at org.apache.maven.surefire.junit4.JUnit4Provider.execute(JUnit4Provider.java:365)
	at org.apache.maven.surefire.junit4.JUnit4Provider.executeWithRerun(JUnit4Provider.java:273)
	at org.apache.maven.surefire.junit4.JUnit4Provider.executeTestSet(JUnit4Provider.java:238)
	at org.apache.maven.surefire.junit4.JUnit4Provider.invoke(JUnit4Provider.java:159)
	at org.apache.maven.surefire.booter.ForkedBooter.invokeProviderInSameClassLoader(ForkedBooter.java:384)
	at org.apache.maven.surefire.booter.ForkedBooter.runSuitesInProcess(ForkedBooter.java:345)
	at org.apache.maven.surefire.booter.ForkedBooter.execute(ForkedBooter.java:126)
	at org.apache.maven.surefire.booter.ForkedBooter.main(ForkedBooter.java:418)
]]></failure>
    <system-out><![CDATA[2019-10-02 11:48:51,306 [main] WARN  server.ServerUtils (ServerUtils.java:getScmDbDir(145)) - ozone.scm.db.dirs is not configured. We recommend adding this setting. Falling back to ozone.metadata.dirs instead.
2019-10-02 11:48:51,320 [main] WARN  server.ServerUtils (ServerUtils.java:getScmDbDir(145)) - ozone.scm.db.dirs is not configured. We recommend adding this setting. Falling back to ozone.metadata.dirs instead.
2019-10-02 11:48:51,321 [main] WARN  server.ServerUtils (ServerUtils.java:getScmDbDir(145)) - ozone.scm.db.dirs is not configured. We recommend adding this setting. Falling back to ozone.metadata.dirs instead.
2019-10-02 11:48:51,321 [main] INFO  db.DBStoreBuilder (DBStoreBuilder.java:addTable(110)) - using custom profile for table: deletedBlocks
2019-10-02 11:48:51,321 [main] INFO  db.DBStoreBuilder (DBStoreBuilder.java:processTables(161)) - Using default column profile:DBProfile.DISK for Table:deletedBlocks
2019-10-02 11:48:51,322 [main] INFO  db.DBStoreBuilder (DBStoreBuilder.java:addTable(110)) - using custom profile for table: validCerts
2019-10-02 11:48:51,322 [main] INFO  db.DBStoreBuilder (DBStoreBuilder.java:processTables(161)) - Using default column profile:DBProfile.DISK for Table:validCerts
2019-10-02 11:48:51,322 [main] INFO  db.DBStoreBuilder (DBStoreBuilder.java:addTable(110)) - using custom profile for table: revokedCerts
2019-10-02 11:48:51,322 [main] INFO  db.DBStoreBuilder (DBStoreBuilder.java:processTables(161)) - Using default column profile:DBProfile.DISK for Table:revokedCerts
2019-10-02 11:48:51,322 [main] INFO  db.DBStoreBuilder (DBStoreBuilder.java:addTable(110)) - using custom profile for table: default
2019-10-02 11:48:51,323 [main] INFO  db.DBStoreBuilder (DBStoreBuilder.java:processTables(167)) - Using default column profile:DBProfile.DISK for Table:default
2019-10-02 11:48:51,323 [main] INFO  db.DBStoreBuilder (DBStoreBuilder.java:getDbProfile(198)) - Using default options. DBProfile.DISK
2019-10-02 11:48:51,597 [main] INFO  net.NodeSchemaLoader (NodeSchemaLoader.java:loadSchemaFromFile(125)) - Loading file from sun.misc.CompoundEnumeration@697a92af
2019-10-02 11:48:51,598 [main] INFO  net.NodeSchemaLoader (NodeSchemaLoader.java:loadSchema(171)) - Loading network topology layer schema file
2019-10-02 11:48:51,607 [main] INFO  node.SCMNodeManager (SCMNodeManager.java:<init>(114)) - Entering startup safe mode.
2019-10-02 11:48:51,608 [main] INFO  algorithms.ContainerPlacementPolicyFactory (ContainerPlacementPolicyFactory.java:getPolicy(57)) - Create container placement policy of type org.apache.hadoop.hdds.scm.container.placement.algorithms.SCMContainerPlacementRandom
2019-10-02 11:48:51,608 [main] WARN  server.ServerUtils (ServerUtils.java:getScmDbDir(145)) - ozone.scm.db.dirs is not configured. We recommend adding this setting. Falling back to ozone.metadata.dirs instead.
2019-10-02 11:48:51,702 [main] INFO  pipeline.SCMPipelineManager (SCMPipelineManager.java:initializePipelineState(132)) - No pipeline exists in current db
2019-10-02 11:48:51,703 [main] WARN  server.ServerUtils (ServerUtils.java:getScmDbDir(145)) - ozone.scm.db.dirs is not configured. We recommend adding this setting. Falling back to ozone.metadata.dirs instead.
2019-10-02 11:48:51,787 [main] WARN  events.EventQueue (EventQueue.java:fireEvent(183)) - No event handler registered for event TypedEvent{payloadType=SafeModeStatus, name='SafeModeStatus'}
2019-10-02 11:48:51,788 [main] INFO  ipc.CallQueueManager (CallQueueManager.java:<init>(84)) - Using callQueue: class java.util.concurrent.LinkedBlockingQueue, queueCapacity: 2000, scheduler: class org.apache.hadoop.ipc.DefaultRpcScheduler, ipcBackoff: false.
2019-10-02 11:48:51,789 [Socket Reader #1 for port 35345] INFO  ipc.Server (Server.java:run(1074)) - Starting Socket Reader #1 for port 35345
2019-10-02 11:48:51,791 [main] INFO  ipc.CallQueueManager (CallQueueManager.java:<init>(84)) - Using callQueue: class java.util.concurrent.LinkedBlockingQueue, queueCapacity: 2000, scheduler: class org.apache.hadoop.ipc.DefaultRpcScheduler, ipcBackoff: false.
2019-10-02 11:48:51,792 [Socket Reader #1 for port 37622] INFO  ipc.Server (Server.java:run(1074)) - Starting Socket Reader #1 for port 37622
2019-10-02 11:48:51,796 [main] INFO  ipc.CallQueueManager (CallQueueManager.java:<init>(84)) - Using callQueue: class java.util.concurrent.LinkedBlockingQueue, queueCapacity: 2000, scheduler: class org.apache.hadoop.ipc.DefaultRpcScheduler, ipcBackoff: false.
2019-10-02 11:48:51,797 [Socket Reader #1 for port 41666] INFO  ipc.Server (Server.java:run(1074)) - Starting Socket Reader #1 for port 41666
2019-10-02 11:48:51,799 [main] INFO  hdfs.DFSUtil (DFSUtil.java:httpServerTemplateForNNAndJN(1641)) - Starting Web-server for scm at: http://0.0.0.0:0
2019-10-02 11:48:51,801 [main] INFO  server.AuthenticationFilter (AuthenticationFilter.java:constructSecretProvider(240)) - Unable to initialize FileSignerSecretProvider, falling back to use random secrets.
2019-10-02 11:48:51,802 [main] WARN  http.HttpRequestLog (HttpRequestLog.java:getRequestLog(97)) - Jetty request log can only be enabled using Log4j
2019-10-02 11:48:51,803 [main] INFO  http.HttpServer2 (HttpServer2.java:addGlobalFilter(975)) - Added global filter 'safety' (class=org.apache.hadoop.http.HttpServer2$QuotingInputFilter)
2019-10-02 11:48:51,804 [main] INFO  http.HttpServer2 (HttpServer2.java:addFilter(948)) - Added filter static_user_filter (class=org.apache.hadoop.http.lib.StaticUserWebFilter$StaticUserFilter) to context scm
2019-10-02 11:48:51,804 [main] INFO  http.HttpServer2 (HttpServer2.java:addFilter(958)) - Added filter static_user_filter (class=org.apache.hadoop.http.lib.StaticUserWebFilter$StaticUserFilter) to context static
2019-10-02 11:48:51,804 [main] INFO  http.HttpServer2 (HttpServer2.java:addFilter(958)) - Added filter static_user_filter (class=org.apache.hadoop.http.lib.StaticUserWebFilter$StaticUserFilter) to context logs
2019-10-02 11:48:51,806 [main] INFO  server.StorageContainerManager (StorageContainerManager.java:start(770)) - StorageContainerLocationProtocol RPC server is listening at /0.0.0.0:41666
2019-10-02 11:48:51,808 [main] WARN  impl.MetricsConfig (MetricsConfig.java:loadFirst(134)) - Cannot locate configuration: tried hadoop-metrics2-storagecontainermanager.properties,hadoop-metrics2.properties
2019-10-02 11:48:51,809 [main] INFO  impl.MetricsSystemImpl (MetricsSystemImpl.java:startTimer(374)) - Scheduled Metric snapshot period at 10 second(s).
2019-10-02 11:48:51,809 [main] INFO  impl.MetricsSystemImpl (MetricsSystemImpl.java:start(191)) - StorageContainerManager metrics system started
2019-10-02 11:48:52,051 [main] WARN  impl.MetricsSystemImpl (MetricsSystemImpl.java:register(276)) - Sink prometheus already exists!
2019-10-02 11:48:52,164 [main] INFO  server.SCMClientProtocolServer (SCMClientProtocolServer.java:start(150)) - RPC server for Client  is listening at /0.0.0.0:41666
2019-10-02 11:48:52,165 [IPC Server Responder] INFO  ipc.Server (Server.java:run(1314)) - IPC Server Responder: starting
2019-10-02 11:48:52,165 [IPC Server listener on 41666] INFO  ipc.Server (Server.java:run(1153)) - IPC Server listener on 41666: starting
2019-10-02 11:48:52,169 [main] INFO  server.StorageContainerManager (StorageContainerManager.java:start(780)) - ScmBlockLocationProtocol RPC server is listening at /0.0.0.0:37622
2019-10-02 11:48:52,170 [main] INFO  server.SCMBlockProtocolServer (SCMBlockProtocolServer.java:start(146)) - RPC server for Block Protocol is listening at /0.0.0.0:37622
2019-10-02 11:48:52,170 [IPC Server Responder] INFO  ipc.Server (Server.java:run(1314)) - IPC Server Responder: starting
2019-10-02 11:48:52,170 [IPC Server listener on 37622] INFO  ipc.Server (Server.java:run(1153)) - IPC Server listener on 37622: starting
2019-10-02 11:48:52,176 [main] INFO  server.StorageContainerManager (StorageContainerManager.java:start(784)) - ScmDatanodeProtocl RPC server is listening at /0.0.0.0:35345
2019-10-02 11:48:52,176 [main] INFO  server.SCMDatanodeProtocolServer (SCMDatanodeProtocolServer.java:start(191)) - RPC server for DataNodes is listening at /0.0.0.0:35345
2019-10-02 11:48:52,177 [IPC Server Responder] INFO  ipc.Server (Server.java:run(1314)) - IPC Server Responder: starting
2019-10-02 11:48:52,177 [IPC Server listener on 35345] INFO  ipc.Server (Server.java:run(1153)) - IPC Server listener on 35345: starting
2019-10-02 11:48:52,180 [main] INFO  http.HttpServer2 (HttpServer2.java:bindListener(1191)) - Jetty bound to port 38950
2019-10-02 11:48:52,181 [main] INFO  server.Server (Server.java:doStart(351)) - jetty-9.3.25.v20180904, build timestamp: 2018-09-04T21:11:46Z, git hash: 3ce520221d0240229c862b122d2b06c12a625732
2019-10-02 11:48:52,182 [main] INFO  handler.ContextHandler (ContextHandler.java:doStart(781)) - Started o.e.j.s.ServletContextHandler@52909a97{/logs,file:///workdir/hadoop-ozone/integration-test/target/log,AVAILABLE}
2019-10-02 11:48:52,182 [main] INFO  handler.ContextHandler (ContextHandler.java:doStart(781)) - Started o.e.j.s.ServletContextHandler@145e958f{/static,file:///workdir/hadoop-ozone/integration-test/target/test-classes/webapps/static,AVAILABLE}
2019-10-02 11:48:52,186 [main] INFO  handler.ContextHandler (ContextHandler.java:doStart(781)) - Started o.e.j.w.WebAppContext@4ccdacf5{/,file:///workdir/hadoop-ozone/integration-test/target/test-classes/webapps/scm/,AVAILABLE}{/scm}
2019-10-02 11:48:52,187 [main] INFO  server.AbstractConnector (AbstractConnector.java:doStart(278)) - Started ServerConnector@5aa6da2{HTTP/1.1,[http/1.1]}{0.0.0.0:38950}
2019-10-02 11:48:52,191 [main] INFO  server.Server (Server.java:doStart(419)) - Started @692965ms
2019-10-02 11:48:52,191 [main] WARN  impl.MetricsSystemImpl (MetricsSystemImpl.java:register(276)) - Sink prometheus already exists!
2019-10-02 11:48:52,191 [main] INFO  server.BaseHttpServer (BaseHttpServer.java:updateConnectorAddress(215)) - HTTP server of SCM is listening at http://0.0.0.0:38950
2019-10-02 11:48:52,193 [main] WARN  server.ServerUtils (ServerUtils.java:getDBPath(222)) - ozone.om.db.dirs is not configured. We recommend adding this setting. Falling back to ozone.metadata.dirs instead.
2019-10-02 11:48:52,193 [org.apache.hadoop.util.JvmPauseMonitor$Monitor@13908f9c] INFO  util.JvmPauseMonitor (JvmPauseMonitor.java:run(188)) - Starting JVM pause monitor
2019-10-02 11:48:52,207 [main] WARN  server.ServerUtils (ServerUtils.java:getDBPath(222)) - ozone.om.db.dirs is not configured. We recommend adding this setting. Falling back to ozone.metadata.dirs instead.
2019-10-02 11:48:52,207 [main] WARN  server.ServerUtils (ServerUtils.java:getDBPath(222)) - ozone.om.db.dirs is not configured. We recommend adding this setting. Falling back to ozone.metadata.dirs instead.
2019-10-02 11:48:52,207 [main] INFO  om.OzoneManager (OzoneManager.java:setOMNodeDetails(652)) - OM Service ID is not set. Setting it to the default ID: omServiceIdDefault
2019-10-02 11:48:52,208 [main] INFO  om.OzoneManager (OzoneManager.java:setOMNodeDetails(658)) - OM Node ID is not set. Setting it to the OmStorage's OmID: 4c251d80-4676-4cbc-8841-e0e3ba3195b7
2019-10-02 11:48:52,208 [main] INFO  om.OzoneManager (OzoneManager.java:loadOMHAConfigs(609)) - Found matching OM address with OMServiceId: null, OMNodeId: null, RPC Address: localhost:0 and Ratis port: 9872
2019-10-02 11:48:52,215 [main] WARN  server.ServerUtils (ServerUtils.java:getDBPath(222)) - ozone.om.db.dirs is not configured. We recommend adding this setting. Falling back to ozone.metadata.dirs instead.
2019-10-02 11:48:52,216 [main] INFO  db.DBStoreBuilder (DBStoreBuilder.java:addTable(110)) - using custom profile for table: userTable
2019-10-02 11:48:52,216 [main] INFO  db.DBStoreBuilder (DBStoreBuilder.java:processTables(161)) - Using default column profile:DBProfile.DISK for Table:userTable
2019-10-02 11:48:52,216 [main] INFO  db.DBStoreBuilder (DBStoreBuilder.java:addTable(110)) - using custom profile for table: volumeTable
2019-10-02 11:48:52,216 [main] INFO  db.DBStoreBuilder (DBStoreBuilder.java:processTables(161)) - Using default column profile:DBProfile.DISK for Table:volumeTable
2019-10-02 11:48:52,217 [main] INFO  db.DBStoreBuilder (DBStoreBuilder.java:addTable(110)) - using custom profile for table: bucketTable
2019-10-02 11:48:52,217 [main] INFO  db.DBStoreBuilder (DBStoreBuilder.java:processTables(161)) - Using default column profile:DBProfile.DISK for Table:bucketTable
2019-10-02 11:48:52,217 [main] INFO  db.DBStoreBuilder (DBStoreBuilder.java:addTable(110)) - using custom profile for table: keyTable
2019-10-02 11:48:52,217 [main] INFO  db.DBStoreBuilder (DBStoreBuilder.java:processTables(161)) - Using default column profile:DBProfile.DISK for Table:keyTable
2019-10-02 11:48:52,217 [main] INFO  db.DBStoreBuilder (DBStoreBuilder.java:addTable(110)) - using custom profile for table: deletedTable
2019-10-02 11:48:52,218 [main] INFO  db.DBStoreBuilder (DBStoreBuilder.java:processTables(161)) - Using default column profile:DBProfile.DISK for Table:deletedTable
2019-10-02 11:48:52,218 [main] INFO  db.DBStoreBuilder (DBStoreBuilder.java:addTable(110)) - using custom profile for table: openKeyTable
2019-10-02 11:48:52,218 [main] INFO  db.DBStoreBuilder (DBStoreBuilder.java:processTables(161)) - Using default column profile:DBProfile.DISK for Table:openKeyTable
2019-10-02 11:48:52,218 [main] INFO  db.DBStoreBuilder (DBStoreBuilder.java:addTable(110)) - using custom profile for table: s3Table
2019-10-02 11:48:52,218 [main] INFO  db.DBStoreBuilder (DBStoreBuilder.java:processTables(161)) - Using default column profile:DBProfile.DISK for Table:s3Table
2019-10-02 11:48:52,219 [main] INFO  db.DBStoreBuilder (DBStoreBuilder.java:addTable(110)) - using custom profile for table: multipartInfoTable
2019-10-02 11:48:52,219 [main] INFO  db.DBStoreBuilder (DBStoreBuilder.java:processTables(161)) - Using default column profile:DBProfile.DISK for Table:multipartInfoTable
2019-10-02 11:48:52,219 [main] INFO  db.DBStoreBuilder (DBStoreBuilder.java:addTable(110)) - using custom profile for table: dTokenTable
2019-10-02 11:48:52,219 [main] INFO  db.DBStoreBuilder (DBStoreBuilder.java:processTables(161)) - Using default column profile:DBProfile.DISK for Table:dTokenTable
2019-10-02 11:48:52,219 [main] INFO  db.DBStoreBuilder (DBStoreBuilder.java:addTable(110)) - using custom profile for table: s3SecretTable
2019-10-02 11:48:52,220 [main] INFO  db.DBStoreBuilder (DBStoreBuilder.java:processTables(161)) - Using default column profile:DBProfile.DISK for Table:s3SecretTable
2019-10-02 11:48:52,220 [main] INFO  db.DBStoreBuilder (DBStoreBuilder.java:addTable(110)) - using custom profile for table: prefixTable
2019-10-02 11:48:52,220 [main] INFO  db.DBStoreBuilder (DBStoreBuilder.java:processTables(161)) - Using default column profile:DBProfile.DISK for Table:prefixTable
2019-10-02 11:48:52,220 [main] INFO  db.DBStoreBuilder (DBStoreBuilder.java:addTable(110)) - using custom profile for table: default
2019-10-02 11:48:52,220 [main] INFO  db.DBStoreBuilder (DBStoreBuilder.java:processTables(167)) - Using default column profile:DBProfile.DISK for Table:default
2019-10-02 11:48:52,221 [main] INFO  db.DBStoreBuilder (DBStoreBuilder.java:getDbProfile(198)) - Using default options. DBProfile.DISK
2019-10-02 11:48:52,811 [main] INFO  ipc.CallQueueManager (CallQueueManager.java:<init>(84)) - Using callQueue: class java.util.concurrent.LinkedBlockingQueue, queueCapacity: 2000, scheduler: class org.apache.hadoop.ipc.DefaultRpcScheduler, ipcBackoff: false.
2019-10-02 11:48:52,812 [Socket Reader #1 for port 36198] INFO  ipc.Server (Server.java:run(1074)) - Starting Socket Reader #1 for port 36198
2019-10-02 11:48:52,824 [main] INFO  om.OzoneManager (OzoneManager.java:start(1243)) - OzoneManager RPC server is listening at localhost/127.0.0.1:36198
2019-10-02 11:48:52,824 [main] INFO  impl.MetricsSystemImpl (MetricsSystemImpl.java:init(158)) - OzoneManager metrics system started (again)
2019-10-02 11:48:52,824 [IPC Server Responder] INFO  ipc.Server (Server.java:run(1314)) - IPC Server Responder: starting
2019-10-02 11:48:52,824 [IPC Server listener on 36198] INFO  ipc.Server (Server.java:run(1153)) - IPC Server listener on 36198: starting
2019-10-02 11:48:52,833 [main] INFO  hdfs.DFSUtil (DFSUtil.java:httpServerTemplateForNNAndJN(1641)) - Starting Web-server for ozoneManager at: http://0.0.0.0:0
2019-10-02 11:48:52,835 [main] INFO  server.AuthenticationFilter (AuthenticationFilter.java:constructSecretProvider(240)) - Unable to initialize FileSignerSecretProvider, falling back to use random secrets.
2019-10-02 11:48:52,835 [main] WARN  http.HttpRequestLog (HttpRequestLog.java:getRequestLog(97)) - Jetty request log can only be enabled using Log4j
2019-10-02 11:48:52,837 [main] INFO  http.HttpServer2 (HttpServer2.java:addGlobalFilter(975)) - Added global filter 'safety' (class=org.apache.hadoop.http.HttpServer2$QuotingInputFilter)
2019-10-02 11:48:52,838 [main] INFO  http.HttpServer2 (HttpServer2.java:addFilter(948)) - Added filter static_user_filter (class=org.apache.hadoop.http.lib.StaticUserWebFilter$StaticUserFilter) to context ozoneManager
2019-10-02 11:48:52,838 [main] INFO  http.HttpServer2 (HttpServer2.java:addFilter(958)) - Added filter static_user_filter (class=org.apache.hadoop.http.lib.StaticUserWebFilter$StaticUserFilter) to context static
2019-10-02 11:48:52,838 [main] INFO  http.HttpServer2 (HttpServer2.java:addFilter(958)) - Added filter static_user_filter (class=org.apache.hadoop.http.lib.StaticUserWebFilter$StaticUserFilter) to context logs
2019-10-02 11:48:52,839 [main] INFO  http.HttpServer2 (HttpServer2.java:bindListener(1191)) - Jetty bound to port 41618
2019-10-02 11:48:52,839 [main] INFO  server.Server (Server.java:doStart(351)) - jetty-9.3.25.v20180904, build timestamp: 2018-09-04T21:11:46Z, git hash: 3ce520221d0240229c862b122d2b06c12a625732
2019-10-02 11:48:52,841 [main] INFO  handler.ContextHandler (ContextHandler.java:doStart(781)) - Started o.e.j.s.ServletContextHandler@5fde1d64{/logs,file:///workdir/hadoop-ozone/integration-test/target/log,AVAILABLE}
2019-10-02 11:48:52,841 [main] INFO  handler.ContextHandler (ContextHandler.java:doStart(781)) - Started o.e.j.s.ServletContextHandler@984de01{/static,file:///workdir/hadoop-ozone/integration-test/target/test-classes/webapps/static,AVAILABLE}
2019-10-02 11:48:52,846 [main] INFO  handler.ContextHandler (ContextHandler.java:doStart(781)) - Started o.e.j.w.WebAppContext@5f5c187d{/,file:///workdir/hadoop-ozone/integration-test/target/test-classes/webapps/ozoneManager/,AVAILABLE}{/ozoneManager}
2019-10-02 11:48:52,846 [main] INFO  server.AbstractConnector (AbstractConnector.java:doStart(278)) - Started ServerConnector@464400b3{HTTP/1.1,[http/1.1]}{0.0.0.0:41618}
2019-10-02 11:48:52,847 [main] INFO  server.Server (Server.java:doStart(419)) - Started @693622ms
2019-10-02 11:48:52,848 [main] WARN  impl.MetricsSystemImpl (MetricsSystemImpl.java:register(276)) - Sink prometheus already exists!
2019-10-02 11:48:52,848 [main] INFO  server.BaseHttpServer (BaseHttpServer.java:updateConnectorAddress(215)) - HTTP server of OZONEMANAGER is listening at http://0.0.0.0:41618
2019-10-02 11:48:52,860 [main] INFO  impl.MetricsSystemImpl (MetricsSystemImpl.java:init(158)) - HddsDatanode metrics system started (again)
2019-10-02 11:48:52,866 [main] INFO  ozone.HddsDatanodeService (HddsDatanodeService.java:start(184)) - HddsDatanodeService host:pr-hdds-2225-rpdbg-2298847827 ip:192.168.164.220
2019-10-02 11:48:52,873 [main] INFO  volume.HddsVolume (HddsVolume.java:<init>(176)) - Creating Volume: /workdir/hadoop-ozone/integration-test/target/test-dir/MiniOzoneClusterImpl-fed8c003-1200-44bf-ac4e-1089d90acbae/datanode-0/data/containers/hdds of  storage type : DISK and capacity : 1482555576320
2019-10-02 11:48:52,873 [main] INFO  volume.VolumeSet (VolumeSet.java:initializeVolumeSet(170)) - Added Volume : /workdir/hadoop-ozone/integration-test/target/test-dir/MiniOzoneClusterImpl-fed8c003-1200-44bf-ac4e-1089d90acbae/datanode-0/data/containers/hdds to VolumeSet
2019-10-02 11:48:52,873 [main] INFO  volume.ThrottledAsyncChecker (ThrottledAsyncChecker.java:schedule(139)) - Scheduling a check for org.apache.hadoop.ozone.container.common.volume.HddsVolume@260d48f5
2019-10-02 11:48:52,874 [main] INFO  volume.HddsVolumeChecker (HddsVolumeChecker.java:checkAllVolumes(202)) - Scheduled health check for volume org.apache.hadoop.ozone.container.common.volume.HddsVolume@260d48f5
2019-10-02 11:48:52,885 [main] INFO  impl.RaftServerProxy (ConfUtils.java:logGet(43)) - raft.rpc.type = GRPC (default)
2019-10-02 11:48:52,886 [main] INFO  grpc.GrpcFactory (GrpcFactory.java:checkPooledByteBufAllocatorUseCacheForAllThreads(45)) - PERFORMANCE WARNING: useCacheForAllThreads is true that may cause Netty to create a lot garbage objects and, as a result, trigger GC.
	It is recommended to disable useCacheForAllThreads by setting -Dorg.apache.ratis.thirdparty.io.netty.allocator.useCacheForAllThreads=false in command line.
2019-10-02 11:48:52,886 [main] INFO  grpc.GrpcConfigKeys$Server (ConfUtils.java:logGet(43)) - raft.grpc.server.port = 0 (default)
2019-10-02 11:48:52,886 [main] INFO  server.GrpcService (ConfUtils.java:logGet(43)) - raft.grpc.message.size.max = 33570816 (custom)
2019-10-02 11:48:52,886 [main] INFO  server.RaftServerConfigKeys (ConfUtils.java:logGet(43)) - raft.server.log.appender.buffer.byte-limit = 33554432 (custom)
2019-10-02 11:48:52,886 [main] INFO  server.GrpcService (ConfUtils.java:logGet(43)) - raft.grpc.flow.control.window = 1MB (=1048576) (default)
2019-10-02 11:48:52,886 [main] INFO  server.RaftServerConfigKeys (ConfUtils.java:logGet(43)) - raft.server.rpc.request.timeout = 3000ms (default)
2019-10-02 11:48:52,887 [main] INFO  server.RaftServerConfigKeys (ConfUtils.java:logGet(43)) - raft.server.storage.dir = [/workdir/hadoop-ozone/integration-test/target/test-dir/MiniOzoneClusterImpl-fed8c003-1200-44bf-ac4e-1089d90acbae/datanode-0/data/ratis] (custom)
2019-10-02 11:48:52,888 [main] INFO  hdfs.DFSUtil (DFSUtil.java:httpServerTemplateForNNAndJN(1641)) - Starting Web-server for hddsDatanode at: http://0.0.0.0:0
2019-10-02 11:48:52,889 [main] INFO  server.AuthenticationFilter (AuthenticationFilter.java:constructSecretProvider(240)) - Unable to initialize FileSignerSecretProvider, falling back to use random secrets.
2019-10-02 11:48:52,889 [main] WARN  http.HttpRequestLog (HttpRequestLog.java:getRequestLog(97)) - Jetty request log can only be enabled using Log4j
2019-10-02 11:48:52,890 [main] INFO  http.HttpServer2 (HttpServer2.java:addGlobalFilter(975)) - Added global filter 'safety' (class=org.apache.hadoop.http.HttpServer2$QuotingInputFilter)
2019-10-02 11:48:52,891 [main] INFO  http.HttpServer2 (HttpServer2.java:addFilter(948)) - Added filter static_user_filter (class=org.apache.hadoop.http.lib.StaticUserWebFilter$StaticUserFilter) to context hddsDatanode
2019-10-02 11:48:52,891 [main] INFO  http.HttpServer2 (HttpServer2.java:addFilter(958)) - Added filter static_user_filter (class=org.apache.hadoop.http.lib.StaticUserWebFilter$StaticUserFilter) to context logs
2019-10-02 11:48:52,891 [main] INFO  http.HttpServer2 (HttpServer2.java:addFilter(958)) - Added filter static_user_filter (class=org.apache.hadoop.http.lib.StaticUserWebFilter$StaticUserFilter) to context static
2019-10-02 11:48:52,892 [main] INFO  http.HttpServer2 (HttpServer2.java:bindListener(1191)) - Jetty bound to port 45557
2019-10-02 11:48:52,892 [main] INFO  server.Server (Server.java:doStart(351)) - jetty-9.3.25.v20180904, build timestamp: 2018-09-04T21:11:46Z, git hash: 3ce520221d0240229c862b122d2b06c12a625732
2019-10-02 11:48:52,893 [main] INFO  handler.ContextHandler (ContextHandler.java:doStart(781)) - Started o.e.j.s.ServletContextHandler@134abd78{/logs,file:///workdir/hadoop-ozone/integration-test/target/log,AVAILABLE}
2019-10-02 11:48:52,893 [main] INFO  handler.ContextHandler (ContextHandler.java:doStart(781)) - Started o.e.j.s.ServletContextHandler@12448de1{/static,jar:file:/home/user/.m2/repository/org/apache/hadoop/hadoop-hdds-container-service/0.5.0-SNAPSHOT/hadoop-hdds-container-service-0.5.0-SNAPSHOT.jar!/webapps/static,AVAILABLE}
2019-10-02 11:48:52,918 [main] INFO  handler.ContextHandler (ContextHandler.java:doStart(781)) - Started o.e.j.w.WebAppContext@3f0c6b3c{/,file:///tmp/jetty-0.0.0.0-45557-hddsDatanode-_-any-2413988267020042570.dir/webapp/,AVAILABLE}{/hddsDatanode}
2019-10-02 11:48:52,918 [main] INFO  server.AbstractConnector (AbstractConnector.java:doStart(278)) - Started ServerConnector@416a4275{HTTP/1.1,[http/1.1]}{0.0.0.0:45557}
2019-10-02 11:48:52,920 [main] INFO  server.Server (Server.java:doStart(419)) - Started @693695ms
2019-10-02 11:48:52,920 [main] WARN  impl.MetricsSystemImpl (MetricsSystemImpl.java:register(276)) - Sink prometheus already exists!
2019-10-02 11:48:52,921 [main] INFO  server.BaseHttpServer (BaseHttpServer.java:updateConnectorAddress(215)) - HTTP server of HDDSDATANODE is listening at http://0.0.0.0:45557
2019-10-02 11:48:52,921 [main] INFO  impl.MetricsSystemImpl (MetricsSystemImpl.java:init(158)) - HddsDatanode metrics system started (again)
2019-10-02 11:48:52,927 [org.apache.hadoop.util.JvmPauseMonitor$Monitor@6547e1fb] INFO  util.JvmPauseMonitor (JvmPauseMonitor.java:run(188)) - Starting JVM pause monitor
2019-10-02 11:48:52,928 [main] INFO  ozone.HddsDatanodeService (HddsDatanodeService.java:start(184)) - HddsDatanodeService host:pr-hdds-2225-rpdbg-2298847827 ip:192.168.164.220
2019-10-02 11:48:52,929 [Datanode State Machine Thread - 0] INFO  datanode.InitDatanodeState (InitDatanodeState.java:persistContainerDatanodeDetails(140)) - DatanodeDetails is persisted to /workdir/hadoop-ozone/integration-test/target/test-dir/MiniOzoneClusterImpl-fed8c003-1200-44bf-ac4e-1089d90acbae/datanode-0/meta/datanode.id
2019-10-02 11:48:52,934 [main] INFO  volume.HddsVolume (HddsVolume.java:<init>(176)) - Creating Volume: /workdir/hadoop-ozone/integration-test/target/test-dir/MiniOzoneClusterImpl-fed8c003-1200-44bf-ac4e-1089d90acbae/datanode-1/data/containers/hdds of  storage type : DISK and capacity : 1482555576320
2019-10-02 11:48:52,934 [main] INFO  volume.VolumeSet (VolumeSet.java:initializeVolumeSet(170)) - Added Volume : /workdir/hadoop-ozone/integration-test/target/test-dir/MiniOzoneClusterImpl-fed8c003-1200-44bf-ac4e-1089d90acbae/datanode-1/data/containers/hdds to VolumeSet
2019-10-02 11:48:52,934 [main] INFO  volume.ThrottledAsyncChecker (ThrottledAsyncChecker.java:schedule(139)) - Scheduling a check for org.apache.hadoop.ozone.container.common.volume.HddsVolume@7645e64
2019-10-02 11:48:52,934 [main] INFO  volume.HddsVolumeChecker (HddsVolumeChecker.java:checkAllVolumes(202)) - Scheduled health check for volume org.apache.hadoop.ozone.container.common.volume.HddsVolume@7645e64
2019-10-02 11:48:52,947 [main] INFO  impl.RaftServerProxy (ConfUtils.java:logGet(43)) - raft.rpc.type = GRPC (default)
2019-10-02 11:48:52,948 [main] INFO  grpc.GrpcFactory (GrpcFactory.java:checkPooledByteBufAllocatorUseCacheForAllThreads(45)) - PERFORMANCE WARNING: useCacheForAllThreads is true that may cause Netty to create a lot garbage objects and, as a result, trigger GC.
	It is recommended to disable useCacheForAllThreads by setting -Dorg.apache.ratis.thirdparty.io.netty.allocator.useCacheForAllThreads=false in command line.
2019-10-02 11:48:52,948 [main] INFO  grpc.GrpcConfigKeys$Server (ConfUtils.java:logGet(43)) - raft.grpc.server.port = 0 (default)
2019-10-02 11:48:52,948 [main] INFO  server.GrpcService (ConfUtils.java:logGet(43)) - raft.grpc.message.size.max = 33570816 (custom)
2019-10-02 11:48:52,948 [main] INFO  server.RaftServerConfigKeys (ConfUtils.java:logGet(43)) - raft.server.log.appender.buffer.byte-limit = 33554432 (custom)
2019-10-02 11:48:52,948 [main] INFO  server.GrpcService (ConfUtils.java:logGet(43)) - raft.grpc.flow.control.window = 1MB (=1048576) (default)
2019-10-02 11:48:52,948 [main] INFO  server.RaftServerConfigKeys (ConfUtils.java:logGet(43)) - raft.server.rpc.request.timeout = 3000ms (default)
2019-10-02 11:48:52,949 [main] INFO  server.RaftServerConfigKeys (ConfUtils.java:logGet(43)) - raft.server.storage.dir = [/workdir/hadoop-ozone/integration-test/target/test-dir/MiniOzoneClusterImpl-fed8c003-1200-44bf-ac4e-1089d90acbae/datanode-1/data/ratis] (custom)
2019-10-02 11:48:52,950 [main] INFO  hdfs.DFSUtil (DFSUtil.java:httpServerTemplateForNNAndJN(1641)) - Starting Web-server for hddsDatanode at: http://0.0.0.0:0
2019-10-02 11:48:52,951 [main] INFO  server.AuthenticationFilter (AuthenticationFilter.java:constructSecretProvider(240)) - Unable to initialize FileSignerSecretProvider, falling back to use random secrets.
2019-10-02 11:48:52,951 [main] WARN  http.HttpRequestLog (HttpRequestLog.java:getRequestLog(97)) - Jetty request log can only be enabled using Log4j
2019-10-02 11:48:52,953 [main] INFO  http.HttpServer2 (HttpServer2.java:addGlobalFilter(975)) - Added global filter 'safety' (class=org.apache.hadoop.http.HttpServer2$QuotingInputFilter)
2019-10-02 11:48:52,953 [main] INFO  http.HttpServer2 (HttpServer2.java:addFilter(948)) - Added filter static_user_filter (class=org.apache.hadoop.http.lib.StaticUserWebFilter$StaticUserFilter) to context hddsDatanode
2019-10-02 11:48:52,954 [main] INFO  http.HttpServer2 (HttpServer2.java:addFilter(958)) - Added filter static_user_filter (class=org.apache.hadoop.http.lib.StaticUserWebFilter$StaticUserFilter) to context logs
2019-10-02 11:48:52,954 [main] INFO  http.HttpServer2 (HttpServer2.java:addFilter(958)) - Added filter static_user_filter (class=org.apache.hadoop.http.lib.StaticUserWebFilter$StaticUserFilter) to context static
2019-10-02 11:48:52,955 [main] INFO  http.HttpServer2 (HttpServer2.java:bindListener(1191)) - Jetty bound to port 39159
2019-10-02 11:48:52,955 [main] INFO  server.Server (Server.java:doStart(351)) - jetty-9.3.25.v20180904, build timestamp: 2018-09-04T21:11:46Z, git hash: 3ce520221d0240229c862b122d2b06c12a625732
2019-10-02 11:48:52,956 [main] INFO  handler.ContextHandler (ContextHandler.java:doStart(781)) - Started o.e.j.s.ServletContextHandler@915d7c4{/logs,file:///workdir/hadoop-ozone/integration-test/target/log,AVAILABLE}
2019-10-02 11:48:52,957 [main] INFO  handler.ContextHandler (ContextHandler.java:doStart(781)) - Started o.e.j.s.ServletContextHandler@6313b441{/static,jar:file:/home/user/.m2/repository/org/apache/hadoop/hadoop-hdds-container-service/0.5.0-SNAPSHOT/hadoop-hdds-container-service-0.5.0-SNAPSHOT.jar!/webapps/static,AVAILABLE}
2019-10-02 11:48:52,984 [main] INFO  handler.ContextHandler (ContextHandler.java:doStart(781)) - Started o.e.j.w.WebAppContext@323e026d{/,file:///tmp/jetty-0.0.0.0-39159-hddsDatanode-_-any-6211080800016251819.dir/webapp/,AVAILABLE}{/hddsDatanode}
2019-10-02 11:48:52,984 [main] INFO  server.AbstractConnector (AbstractConnector.java:doStart(278)) - Started ServerConnector@1716c037{HTTP/1.1,[http/1.1]}{0.0.0.0:39159}
2019-10-02 11:48:52,986 [main] INFO  server.Server (Server.java:doStart(419)) - Started @693761ms
2019-10-02 11:48:52,986 [main] WARN  impl.MetricsSystemImpl (MetricsSystemImpl.java:register(276)) - Sink prometheus already exists!
2019-10-02 11:48:52,987 [main] INFO  server.BaseHttpServer (BaseHttpServer.java:updateConnectorAddress(215)) - HTTP server of HDDSDATANODE is listening at http://0.0.0.0:39159
2019-10-02 11:48:52,988 [main] INFO  impl.MetricsSystemImpl (MetricsSystemImpl.java:init(158)) - HddsDatanode metrics system started (again)
2019-10-02 11:48:52,998 [org.apache.hadoop.util.JvmPauseMonitor$Monitor@2778a3ec] INFO  util.JvmPauseMonitor (JvmPauseMonitor.java:run(188)) - Starting JVM pause monitor
2019-10-02 11:48:52,999 [Datanode State Machine Thread - 0] INFO  datanode.InitDatanodeState (InitDatanodeState.java:persistContainerDatanodeDetails(140)) - DatanodeDetails is persisted to /workdir/hadoop-ozone/integration-test/target/test-dir/MiniOzoneClusterImpl-fed8c003-1200-44bf-ac4e-1089d90acbae/datanode-1/meta/datanode.id
2019-10-02 11:48:52,999 [main] INFO  ozone.HddsDatanodeService (HddsDatanodeService.java:start(184)) - HddsDatanodeService host:pr-hdds-2225-rpdbg-2298847827 ip:192.168.164.220
2019-10-02 11:48:53,007 [main] INFO  volume.HddsVolume (HddsVolume.java:<init>(176)) - Creating Volume: /workdir/hadoop-ozone/integration-test/target/test-dir/MiniOzoneClusterImpl-fed8c003-1200-44bf-ac4e-1089d90acbae/datanode-2/data/containers/hdds of  storage type : DISK and capacity : 1482555576320
2019-10-02 11:48:53,008 [main] INFO  volume.VolumeSet (VolumeSet.java:initializeVolumeSet(170)) - Added Volume : /workdir/hadoop-ozone/integration-test/target/test-dir/MiniOzoneClusterImpl-fed8c003-1200-44bf-ac4e-1089d90acbae/datanode-2/data/containers/hdds to VolumeSet
2019-10-02 11:48:53,008 [main] INFO  volume.ThrottledAsyncChecker (ThrottledAsyncChecker.java:schedule(139)) - Scheduling a check for org.apache.hadoop.ozone.container.common.volume.HddsVolume@77ff14ce
2019-10-02 11:48:53,008 [main] INFO  volume.HddsVolumeChecker (HddsVolumeChecker.java:checkAllVolumes(202)) - Scheduled health check for volume org.apache.hadoop.ozone.container.common.volume.HddsVolume@77ff14ce
2019-10-02 11:48:53,021 [main] INFO  impl.RaftServerProxy (ConfUtils.java:logGet(43)) - raft.rpc.type = GRPC (default)
2019-10-02 11:48:53,021 [main] INFO  grpc.GrpcFactory (GrpcFactory.java:checkPooledByteBufAllocatorUseCacheForAllThreads(45)) - PERFORMANCE WARNING: useCacheForAllThreads is true that may cause Netty to create a lot garbage objects and, as a result, trigger GC.
	It is recommended to disable useCacheForAllThreads by setting -Dorg.apache.ratis.thirdparty.io.netty.allocator.useCacheForAllThreads=false in command line.
2019-10-02 11:48:53,021 [main] INFO  grpc.GrpcConfigKeys$Server (ConfUtils.java:logGet(43)) - raft.grpc.server.port = 0 (default)
2019-10-02 11:48:53,021 [main] INFO  server.GrpcService (ConfUtils.java:logGet(43)) - raft.grpc.message.size.max = 33570816 (custom)
2019-10-02 11:48:53,021 [main] INFO  server.RaftServerConfigKeys (ConfUtils.java:logGet(43)) - raft.server.log.appender.buffer.byte-limit = 33554432 (custom)
2019-10-02 11:48:53,021 [main] INFO  server.GrpcService (ConfUtils.java:logGet(43)) - raft.grpc.flow.control.window = 1MB (=1048576) (default)
2019-10-02 11:48:53,021 [main] INFO  server.RaftServerConfigKeys (ConfUtils.java:logGet(43)) - raft.server.rpc.request.timeout = 3000ms (default)
2019-10-02 11:48:53,022 [main] INFO  server.RaftServerConfigKeys (ConfUtils.java:logGet(43)) - raft.server.storage.dir = [/workdir/hadoop-ozone/integration-test/target/test-dir/MiniOzoneClusterImpl-fed8c003-1200-44bf-ac4e-1089d90acbae/datanode-2/data/ratis] (custom)
2019-10-02 11:48:53,023 [main] INFO  hdfs.DFSUtil (DFSUtil.java:httpServerTemplateForNNAndJN(1641)) - Starting Web-server for hddsDatanode at: http://0.0.0.0:0
2019-10-02 11:48:53,024 [main] INFO  server.AuthenticationFilter (AuthenticationFilter.java:constructSecretProvider(240)) - Unable to initialize FileSignerSecretProvider, falling back to use random secrets.
2019-10-02 11:48:53,025 [main] WARN  http.HttpRequestLog (HttpRequestLog.java:getRequestLog(97)) - Jetty request log can only be enabled using Log4j
2019-10-02 11:48:53,026 [main] INFO  http.HttpServer2 (HttpServer2.java:addGlobalFilter(975)) - Added global filter 'safety' (class=org.apache.hadoop.http.HttpServer2$QuotingInputFilter)
2019-10-02 11:48:53,027 [main] INFO  http.HttpServer2 (HttpServer2.java:addFilter(948)) - Added filter static_user_filter (class=org.apache.hadoop.http.lib.StaticUserWebFilter$StaticUserFilter) to context hddsDatanode
2019-10-02 11:48:53,027 [main] INFO  http.HttpServer2 (HttpServer2.java:addFilter(958)) - Added filter static_user_filter (class=org.apache.hadoop.http.lib.StaticUserWebFilter$StaticUserFilter) to context logs
2019-10-02 11:48:53,027 [main] INFO  http.HttpServer2 (HttpServer2.java:addFilter(958)) - Added filter static_user_filter (class=org.apache.hadoop.http.lib.StaticUserWebFilter$StaticUserFilter) to context static
2019-10-02 11:48:53,028 [main] INFO  http.HttpServer2 (HttpServer2.java:bindListener(1191)) - Jetty bound to port 38063
2019-10-02 11:48:53,028 [main] INFO  server.Server (Server.java:doStart(351)) - jetty-9.3.25.v20180904, build timestamp: 2018-09-04T21:11:46Z, git hash: 3ce520221d0240229c862b122d2b06c12a625732
2019-10-02 11:48:53,029 [main] INFO  handler.ContextHandler (ContextHandler.java:doStart(781)) - Started o.e.j.s.ServletContextHandler@45707f76{/logs,file:///workdir/hadoop-ozone/integration-test/target/log,AVAILABLE}
2019-10-02 11:48:53,029 [main] INFO  handler.ContextHandler (ContextHandler.java:doStart(781)) - Started o.e.j.s.ServletContextHandler@682266d8{/static,jar:file:/home/user/.m2/repository/org/apache/hadoop/hadoop-hdds-container-service/0.5.0-SNAPSHOT/hadoop-hdds-container-service-0.5.0-SNAPSHOT.jar!/webapps/static,AVAILABLE}
2019-10-02 11:48:53,062 [main] INFO  handler.ContextHandler (ContextHandler.java:doStart(781)) - Started o.e.j.w.WebAppContext@1d55dd21{/,file:///tmp/jetty-0.0.0.0-38063-hddsDatanode-_-any-8368107096462048736.dir/webapp/,AVAILABLE}{/hddsDatanode}
2019-10-02 11:48:53,062 [main] INFO  server.AbstractConnector (AbstractConnector.java:doStart(278)) - Started ServerConnector@7d6c4079{HTTP/1.1,[http/1.1]}{0.0.0.0:38063}
2019-10-02 11:48:53,064 [main] INFO  server.Server (Server.java:doStart(419)) - Started @693839ms
2019-10-02 11:48:53,065 [main] WARN  impl.MetricsSystemImpl (MetricsSystemImpl.java:register(276)) - Sink prometheus already exists!
2019-10-02 11:48:53,065 [main] INFO  server.BaseHttpServer (BaseHttpServer.java:updateConnectorAddress(215)) - HTTP server of HDDSDATANODE is listening at http://0.0.0.0:38063
2019-10-02 11:48:53,065 [main] INFO  impl.MetricsSystemImpl (MetricsSystemImpl.java:init(158)) - HddsDatanode metrics system started (again)
2019-10-02 11:48:53,072 [org.apache.hadoop.util.JvmPauseMonitor$Monitor@4fa007ab] INFO  util.JvmPauseMonitor (JvmPauseMonitor.java:run(188)) - Starting JVM pause monitor
2019-10-02 11:48:53,073 [main] INFO  ozone.HddsDatanodeService (HddsDatanodeService.java:start(184)) - HddsDatanodeService host:pr-hdds-2225-rpdbg-2298847827 ip:192.168.164.220
2019-10-02 11:48:53,073 [Datanode State Machine Thread - 0] INFO  datanode.InitDatanodeState (InitDatanodeState.java:persistContainerDatanodeDetails(140)) - DatanodeDetails is persisted to /workdir/hadoop-ozone/integration-test/target/test-dir/MiniOzoneClusterImpl-fed8c003-1200-44bf-ac4e-1089d90acbae/datanode-2/meta/datanode.id
2019-10-02 11:48:53,080 [main] INFO  volume.HddsVolume (HddsVolume.java:<init>(176)) - Creating Volume: /workdir/hadoop-ozone/integration-test/target/test-dir/MiniOzoneClusterImpl-fed8c003-1200-44bf-ac4e-1089d90acbae/datanode-3/data/containers/hdds of  storage type : DISK and capacity : 1482555576320
2019-10-02 11:48:53,080 [main] INFO  volume.VolumeSet (VolumeSet.java:initializeVolumeSet(170)) - Added Volume : /workdir/hadoop-ozone/integration-test/target/test-dir/MiniOzoneClusterImpl-fed8c003-1200-44bf-ac4e-1089d90acbae/datanode-3/data/containers/hdds to VolumeSet
2019-10-02 11:48:53,080 [main] INFO  volume.ThrottledAsyncChecker (ThrottledAsyncChecker.java:schedule(139)) - Scheduling a check for org.apache.hadoop.ozone.container.common.volume.HddsVolume@5fdb7394
2019-10-02 11:48:53,081 [main] INFO  volume.HddsVolumeChecker (HddsVolumeChecker.java:checkAllVolumes(202)) - Scheduled health check for volume org.apache.hadoop.ozone.container.common.volume.HddsVolume@5fdb7394
2019-10-02 11:48:53,092 [main] INFO  impl.RaftServerProxy (ConfUtils.java:logGet(43)) - raft.rpc.type = GRPC (default)
2019-10-02 11:48:53,092 [main] INFO  grpc.GrpcFactory (GrpcFactory.java:checkPooledByteBufAllocatorUseCacheForAllThreads(45)) - PERFORMANCE WARNING: useCacheForAllThreads is true that may cause Netty to create a lot garbage objects and, as a result, trigger GC.
	It is recommended to disable useCacheForAllThreads by setting -Dorg.apache.ratis.thirdparty.io.netty.allocator.useCacheForAllThreads=false in command line.
2019-10-02 11:48:53,093 [main] INFO  grpc.GrpcConfigKeys$Server (ConfUtils.java:logGet(43)) - raft.grpc.server.port = 0 (default)
2019-10-02 11:48:53,093 [main] INFO  server.GrpcService (ConfUtils.java:logGet(43)) - raft.grpc.message.size.max = 33570816 (custom)
2019-10-02 11:48:53,093 [main] INFO  server.RaftServerConfigKeys (ConfUtils.java:logGet(43)) - raft.server.log.appender.buffer.byte-limit = 33554432 (custom)
2019-10-02 11:48:53,093 [main] INFO  server.GrpcService (ConfUtils.java:logGet(43)) - raft.grpc.flow.control.window = 1MB (=1048576) (default)
2019-10-02 11:48:53,093 [main] INFO  server.RaftServerConfigKeys (ConfUtils.java:logGet(43)) - raft.server.rpc.request.timeout = 3000ms (default)
2019-10-02 11:48:53,093 [main] INFO  server.RaftServerConfigKeys (ConfUtils.java:logGet(43)) - raft.server.storage.dir = [/workdir/hadoop-ozone/integration-test/target/test-dir/MiniOzoneClusterImpl-fed8c003-1200-44bf-ac4e-1089d90acbae/datanode-3/data/ratis] (custom)
2019-10-02 11:48:53,094 [main] INFO  hdfs.DFSUtil (DFSUtil.java:httpServerTemplateForNNAndJN(1641)) - Starting Web-server for hddsDatanode at: http://0.0.0.0:0
2019-10-02 11:48:53,095 [main] INFO  server.AuthenticationFilter (AuthenticationFilter.java:constructSecretProvider(240)) - Unable to initialize FileSignerSecretProvider, falling back to use random secrets.
2019-10-02 11:48:53,096 [main] WARN  http.HttpRequestLog (HttpRequestLog.java:getRequestLog(97)) - Jetty request log can only be enabled using Log4j
2019-10-02 11:48:53,097 [main] INFO  http.HttpServer2 (HttpServer2.java:addGlobalFilter(975)) - Added global filter 'safety' (class=org.apache.hadoop.http.HttpServer2$QuotingInputFilter)
2019-10-02 11:48:53,097 [main] INFO  http.HttpServer2 (HttpServer2.java:addFilter(948)) - Added filter static_user_filter (class=org.apache.hadoop.http.lib.StaticUserWebFilter$StaticUserFilter) to context hddsDatanode
2019-10-02 11:48:53,098 [main] INFO  http.HttpServer2 (HttpServer2.java:addFilter(958)) - Added filter static_user_filter (class=org.apache.hadoop.http.lib.StaticUserWebFilter$StaticUserFilter) to context static
2019-10-02 11:48:53,098 [main] INFO  http.HttpServer2 (HttpServer2.java:addFilter(958)) - Added filter static_user_filter (class=org.apache.hadoop.http.lib.StaticUserWebFilter$StaticUserFilter) to context logs
2019-10-02 11:48:53,098 [main] INFO  http.HttpServer2 (HttpServer2.java:bindListener(1191)) - Jetty bound to port 45035
2019-10-02 11:48:53,098 [main] INFO  server.Server (Server.java:doStart(351)) - jetty-9.3.25.v20180904, build timestamp: 2018-09-04T21:11:46Z, git hash: 3ce520221d0240229c862b122d2b06c12a625732
2019-10-02 11:48:53,099 [main] INFO  handler.ContextHandler (ContextHandler.java:doStart(781)) - Started o.e.j.s.ServletContextHandler@278de2b2{/logs,file:///workdir/hadoop-ozone/integration-test/target/log,AVAILABLE}
2019-10-02 11:48:53,100 [main] INFO  handler.ContextHandler (ContextHandler.java:doStart(781)) - Started o.e.j.s.ServletContextHandler@75cacb3e{/static,jar:file:/home/user/.m2/repository/org/apache/hadoop/hadoop-hdds-container-service/0.5.0-SNAPSHOT/hadoop-hdds-container-service-0.5.0-SNAPSHOT.jar!/webapps/static,AVAILABLE}
2019-10-02 11:48:53,124 [main] INFO  handler.ContextHandler (ContextHandler.java:doStart(781)) - Started o.e.j.w.WebAppContext@4a833595{/,file:///tmp/jetty-0.0.0.0-45035-hddsDatanode-_-any-3232168013714443634.dir/webapp/,AVAILABLE}{/hddsDatanode}
2019-10-02 11:48:53,125 [main] INFO  server.AbstractConnector (AbstractConnector.java:doStart(278)) - Started ServerConnector@31006a75{HTTP/1.1,[http/1.1]}{0.0.0.0:45035}
2019-10-02 11:48:53,127 [main] INFO  server.Server (Server.java:doStart(419)) - Started @693902ms
2019-10-02 11:48:53,127 [main] WARN  impl.MetricsSystemImpl (MetricsSystemImpl.java:register(276)) - Sink prometheus already exists!
2019-10-02 11:48:53,127 [main] INFO  server.BaseHttpServer (BaseHttpServer.java:updateConnectorAddress(215)) - HTTP server of HDDSDATANODE is listening at http://0.0.0.0:45035
2019-10-02 11:48:53,128 [main] INFO  impl.MetricsSystemImpl (MetricsSystemImpl.java:init(158)) - HddsDatanode metrics system started (again)
2019-10-02 11:48:53,135 [org.apache.hadoop.util.JvmPauseMonitor$Monitor@55c3e592] INFO  util.JvmPauseMonitor (JvmPauseMonitor.java:run(188)) - Starting JVM pause monitor
2019-10-02 11:48:53,136 [main] INFO  ozone.HddsDatanodeService (HddsDatanodeService.java:start(184)) - HddsDatanodeService host:pr-hdds-2225-rpdbg-2298847827 ip:192.168.164.220
2019-10-02 11:48:53,136 [Datanode State Machine Thread - 0] INFO  datanode.InitDatanodeState (InitDatanodeState.java:persistContainerDatanodeDetails(140)) - DatanodeDetails is persisted to /workdir/hadoop-ozone/integration-test/target/test-dir/MiniOzoneClusterImpl-fed8c003-1200-44bf-ac4e-1089d90acbae/datanode-3/meta/datanode.id
2019-10-02 11:48:53,141 [main] INFO  volume.HddsVolume (HddsVolume.java:<init>(176)) - Creating Volume: /workdir/hadoop-ozone/integration-test/target/test-dir/MiniOzoneClusterImpl-fed8c003-1200-44bf-ac4e-1089d90acbae/datanode-4/data/containers/hdds of  storage type : DISK and capacity : 1482555576320
2019-10-02 11:48:53,142 [main] INFO  volume.VolumeSet (VolumeSet.java:initializeVolumeSet(170)) - Added Volume : /workdir/hadoop-ozone/integration-test/target/test-dir/MiniOzoneClusterImpl-fed8c003-1200-44bf-ac4e-1089d90acbae/datanode-4/data/containers/hdds to VolumeSet
2019-10-02 11:48:53,142 [main] INFO  volume.ThrottledAsyncChecker (ThrottledAsyncChecker.java:schedule(139)) - Scheduling a check for org.apache.hadoop.ozone.container.common.volume.HddsVolume@305aaedf
2019-10-02 11:48:53,142 [main] INFO  volume.HddsVolumeChecker (HddsVolumeChecker.java:checkAllVolumes(202)) - Scheduled health check for volume org.apache.hadoop.ozone.container.common.volume.HddsVolume@305aaedf
2019-10-02 11:48:53,153 [main] INFO  impl.RaftServerProxy (ConfUtils.java:logGet(43)) - raft.rpc.type = GRPC (default)
2019-10-02 11:48:53,154 [main] INFO  grpc.GrpcFactory (GrpcFactory.java:checkPooledByteBufAllocatorUseCacheForAllThreads(45)) - PERFORMANCE WARNING: useCacheForAllThreads is true that may cause Netty to create a lot garbage objects and, as a result, trigger GC.
	It is recommended to disable useCacheForAllThreads by setting -Dorg.apache.ratis.thirdparty.io.netty.allocator.useCacheForAllThreads=false in command line.
2019-10-02 11:48:53,154 [main] INFO  grpc.GrpcConfigKeys$Server (ConfUtils.java:logGet(43)) - raft.grpc.server.port = 0 (default)
2019-10-02 11:48:53,154 [main] INFO  server.GrpcService (ConfUtils.java:logGet(43)) - raft.grpc.message.size.max = 33570816 (custom)
2019-10-02 11:48:53,154 [main] INFO  server.RaftServerConfigKeys (ConfUtils.java:logGet(43)) - raft.server.log.appender.buffer.byte-limit = 33554432 (custom)
2019-10-02 11:48:53,154 [main] INFO  server.GrpcService (ConfUtils.java:logGet(43)) - raft.grpc.flow.control.window = 1MB (=1048576) (default)
2019-10-02 11:48:53,154 [main] INFO  server.RaftServerConfigKeys (ConfUtils.java:logGet(43)) - raft.server.rpc.request.timeout = 3000ms (default)
2019-10-02 11:48:53,155 [main] INFO  server.RaftServerConfigKeys (ConfUtils.java:logGet(43)) - raft.server.storage.dir = [/workdir/hadoop-ozone/integration-test/target/test-dir/MiniOzoneClusterImpl-fed8c003-1200-44bf-ac4e-1089d90acbae/datanode-4/data/ratis] (custom)
2019-10-02 11:48:53,155 [main] INFO  hdfs.DFSUtil (DFSUtil.java:httpServerTemplateForNNAndJN(1641)) - Starting Web-server for hddsDatanode at: http://0.0.0.0:0
2019-10-02 11:48:53,156 [main] INFO  server.AuthenticationFilter (AuthenticationFilter.java:constructSecretProvider(240)) - Unable to initialize FileSignerSecretProvider, falling back to use random secrets.
2019-10-02 11:48:53,157 [main] WARN  http.HttpRequestLog (HttpRequestLog.java:getRequestLog(97)) - Jetty request log can only be enabled using Log4j
2019-10-02 11:48:53,157 [main] INFO  http.HttpServer2 (HttpServer2.java:addGlobalFilter(975)) - Added global filter 'safety' (class=org.apache.hadoop.http.HttpServer2$QuotingInputFilter)
2019-10-02 11:48:53,158 [main] INFO  http.HttpServer2 (HttpServer2.java:addFilter(948)) - Added filter static_user_filter (class=org.apache.hadoop.http.lib.StaticUserWebFilter$StaticUserFilter) to context hddsDatanode
2019-10-02 11:48:53,158 [main] INFO  http.HttpServer2 (HttpServer2.java:addFilter(958)) - Added filter static_user_filter (class=org.apache.hadoop.http.lib.StaticUserWebFilter$StaticUserFilter) to context logs
2019-10-02 11:48:53,159 [main] INFO  http.HttpServer2 (HttpServer2.java:addFilter(958)) - Added filter static_user_filter (class=org.apache.hadoop.http.lib.StaticUserWebFilter$StaticUserFilter) to context static
2019-10-02 11:48:53,160 [main] INFO  http.HttpServer2 (HttpServer2.java:bindListener(1191)) - Jetty bound to port 33435
2019-10-02 11:48:53,160 [main] INFO  server.Server (Server.java:doStart(351)) - jetty-9.3.25.v20180904, build timestamp: 2018-09-04T21:11:46Z, git hash: 3ce520221d0240229c862b122d2b06c12a625732
2019-10-02 11:48:53,161 [main] INFO  handler.ContextHandler (ContextHandler.java:doStart(781)) - Started o.e.j.s.ServletContextHandler@7c5c20ed{/logs,file:///workdir/hadoop-ozone/integration-test/target/log,AVAILABLE}
2019-10-02 11:48:53,161 [main] INFO  handler.ContextHandler (ContextHandler.java:doStart(781)) - Started o.e.j.s.ServletContextHandler@2aac8ad7{/static,jar:file:/home/user/.m2/repository/org/apache/hadoop/hadoop-hdds-container-service/0.5.0-SNAPSHOT/hadoop-hdds-container-service-0.5.0-SNAPSHOT.jar!/webapps/static,AVAILABLE}
2019-10-02 11:48:53,189 [main] INFO  handler.ContextHandler (ContextHandler.java:doStart(781)) - Started o.e.j.w.WebAppContext@10745a02{/,file:///tmp/jetty-0.0.0.0-33435-hddsDatanode-_-any-7908339290105636564.dir/webapp/,AVAILABLE}{/hddsDatanode}
2019-10-02 11:48:53,190 [main] INFO  server.AbstractConnector (AbstractConnector.java:doStart(278)) - Started ServerConnector@3e2d8623{HTTP/1.1,[http/1.1]}{0.0.0.0:33435}
2019-10-02 11:48:53,191 [main] INFO  server.Server (Server.java:doStart(419)) - Started @693966ms
2019-10-02 11:48:53,191 [main] WARN  impl.MetricsSystemImpl (MetricsSystemImpl.java:register(276)) - Sink prometheus already exists!
2019-10-02 11:48:53,192 [main] INFO  server.BaseHttpServer (BaseHttpServer.java:updateConnectorAddress(215)) - HTTP server of HDDSDATANODE is listening at http://0.0.0.0:33435
2019-10-02 11:48:53,192 [main] INFO  impl.MetricsSystemImpl (MetricsSystemImpl.java:init(158)) - HddsDatanode metrics system started (again)
2019-10-02 11:48:53,200 [org.apache.hadoop.util.JvmPauseMonitor$Monitor@6879216] INFO  util.JvmPauseMonitor (JvmPauseMonitor.java:run(188)) - Starting JVM pause monitor
2019-10-02 11:48:53,200 [Datanode State Machine Thread - 0] INFO  datanode.InitDatanodeState (InitDatanodeState.java:persistContainerDatanodeDetails(140)) - DatanodeDetails is persisted to /workdir/hadoop-ozone/integration-test/target/test-dir/MiniOzoneClusterImpl-fed8c003-1200-44bf-ac4e-1089d90acbae/datanode-4/meta/datanode.id
2019-10-02 11:48:53,201 [main] INFO  ozone.HddsDatanodeService (HddsDatanodeService.java:start(184)) - HddsDatanodeService host:pr-hdds-2225-rpdbg-2298847827 ip:192.168.164.220
2019-10-02 11:48:53,206 [main] INFO  volume.HddsVolume (HddsVolume.java:<init>(176)) - Creating Volume: /workdir/hadoop-ozone/integration-test/target/test-dir/MiniOzoneClusterImpl-fed8c003-1200-44bf-ac4e-1089d90acbae/datanode-5/data/containers/hdds of  storage type : DISK and capacity : 1482555576320
2019-10-02 11:48:53,207 [main] INFO  volume.VolumeSet (VolumeSet.java:initializeVolumeSet(170)) - Added Volume : /workdir/hadoop-ozone/integration-test/target/test-dir/MiniOzoneClusterImpl-fed8c003-1200-44bf-ac4e-1089d90acbae/datanode-5/data/containers/hdds to VolumeSet
2019-10-02 11:48:53,207 [main] INFO  volume.ThrottledAsyncChecker (ThrottledAsyncChecker.java:schedule(139)) - Scheduling a check for org.apache.hadoop.ozone.container.common.volume.HddsVolume@29d2fa84
2019-10-02 11:48:53,207 [main] INFO  volume.HddsVolumeChecker (HddsVolumeChecker.java:checkAllVolumes(202)) - Scheduled health check for volume org.apache.hadoop.ozone.container.common.volume.HddsVolume@29d2fa84
2019-10-02 11:48:53,219 [main] INFO  impl.RaftServerProxy (ConfUtils.java:logGet(43)) - raft.rpc.type = GRPC (default)
2019-10-02 11:48:53,219 [main] INFO  grpc.GrpcFactory (GrpcFactory.java:checkPooledByteBufAllocatorUseCacheForAllThreads(45)) - PERFORMANCE WARNING: useCacheForAllThreads is true that may cause Netty to create a lot garbage objects and, as a result, trigger GC.
	It is recommended to disable useCacheForAllThreads by setting -Dorg.apache.ratis.thirdparty.io.netty.allocator.useCacheForAllThreads=false in command line.
2019-10-02 11:48:53,220 [main] INFO  grpc.GrpcConfigKeys$Server (ConfUtils.java:logGet(43)) - raft.grpc.server.port = 0 (default)
2019-10-02 11:48:53,220 [main] INFO  server.GrpcService (ConfUtils.java:logGet(43)) - raft.grpc.message.size.max = 33570816 (custom)
2019-10-02 11:48:53,220 [main] INFO  server.RaftServerConfigKeys (ConfUtils.java:logGet(43)) - raft.server.log.appender.buffer.byte-limit = 33554432 (custom)
2019-10-02 11:48:53,220 [main] INFO  server.GrpcService (ConfUtils.java:logGet(43)) - raft.grpc.flow.control.window = 1MB (=1048576) (default)
2019-10-02 11:48:53,220 [main] INFO  server.RaftServerConfigKeys (ConfUtils.java:logGet(43)) - raft.server.rpc.request.timeout = 3000ms (default)
2019-10-02 11:48:53,221 [main] INFO  server.RaftServerConfigKeys (ConfUtils.java:logGet(43)) - raft.server.storage.dir = [/workdir/hadoop-ozone/integration-test/target/test-dir/MiniOzoneClusterImpl-fed8c003-1200-44bf-ac4e-1089d90acbae/datanode-5/data/ratis] (custom)
2019-10-02 11:48:53,222 [main] INFO  hdfs.DFSUtil (DFSUtil.java:httpServerTemplateForNNAndJN(1641)) - Starting Web-server for hddsDatanode at: http://0.0.0.0:0
2019-10-02 11:48:53,223 [main] INFO  server.AuthenticationFilter (AuthenticationFilter.java:constructSecretProvider(240)) - Unable to initialize FileSignerSecretProvider, falling back to use random secrets.
2019-10-02 11:48:53,223 [main] WARN  http.HttpRequestLog (HttpRequestLog.java:getRequestLog(97)) - Jetty request log can only be enabled using Log4j
2019-10-02 11:48:53,224 [main] INFO  http.HttpServer2 (HttpServer2.java:addGlobalFilter(975)) - Added global filter 'safety' (class=org.apache.hadoop.http.HttpServer2$QuotingInputFilter)
2019-10-02 11:48:53,225 [main] INFO  http.HttpServer2 (HttpServer2.java:addFilter(948)) - Added filter static_user_filter (class=org.apache.hadoop.http.lib.StaticUserWebFilter$StaticUserFilter) to context hddsDatanode
2019-10-02 11:48:53,225 [main] INFO  http.HttpServer2 (HttpServer2.java:addFilter(958)) - Added filter static_user_filter (class=org.apache.hadoop.http.lib.StaticUserWebFilter$StaticUserFilter) to context logs
2019-10-02 11:48:53,225 [main] INFO  http.HttpServer2 (HttpServer2.java:addFilter(958)) - Added filter static_user_filter (class=org.apache.hadoop.http.lib.StaticUserWebFilter$StaticUserFilter) to context static
2019-10-02 11:48:53,225 [main] INFO  http.HttpServer2 (HttpServer2.java:bindListener(1191)) - Jetty bound to port 38578
2019-10-02 11:48:53,226 [main] INFO  server.Server (Server.java:doStart(351)) - jetty-9.3.25.v20180904, build timestamp: 2018-09-04T21:11:46Z, git hash: 3ce520221d0240229c862b122d2b06c12a625732
2019-10-02 11:48:53,227 [main] INFO  handler.ContextHandler (ContextHandler.java:doStart(781)) - Started o.e.j.s.ServletContextHandler@da22aa{/logs,file:///workdir/hadoop-ozone/integration-test/target/log,AVAILABLE}
2019-10-02 11:48:53,227 [main] INFO  handler.ContextHandler (ContextHandler.java:doStart(781)) - Started o.e.j.s.ServletContextHandler@6c24f61d{/static,jar:file:/home/user/.m2/repository/org/apache/hadoop/hadoop-hdds-container-service/0.5.0-SNAPSHOT/hadoop-hdds-container-service-0.5.0-SNAPSHOT.jar!/webapps/static,AVAILABLE}
2019-10-02 11:48:53,253 [main] INFO  handler.ContextHandler (ContextHandler.java:doStart(781)) - Started o.e.j.w.WebAppContext@782e6b40{/,file:///tmp/jetty-0.0.0.0-38578-hddsDatanode-_-any-2836483245609265637.dir/webapp/,AVAILABLE}{/hddsDatanode}
2019-10-02 11:48:53,253 [main] INFO  server.AbstractConnector (AbstractConnector.java:doStart(278)) - Started ServerConnector@3b65084e{HTTP/1.1,[http/1.1]}{0.0.0.0:38578}
2019-10-02 11:48:53,256 [main] INFO  server.Server (Server.java:doStart(419)) - Started @694031ms
2019-10-02 11:48:53,256 [main] WARN  impl.MetricsSystemImpl (MetricsSystemImpl.java:register(276)) - Sink prometheus already exists!
2019-10-02 11:48:53,256 [main] INFO  server.BaseHttpServer (BaseHttpServer.java:updateConnectorAddress(215)) - HTTP server of HDDSDATANODE is listening at http://0.0.0.0:38578
2019-10-02 11:48:53,257 [main] INFO  impl.MetricsSystemImpl (MetricsSystemImpl.java:init(158)) - HddsDatanode metrics system started (again)
2019-10-02 11:48:53,265 [org.apache.hadoop.util.JvmPauseMonitor$Monitor@43628d14] INFO  util.JvmPauseMonitor (JvmPauseMonitor.java:run(188)) - Starting JVM pause monitor
2019-10-02 11:48:53,266 [main] INFO  ozone.HddsDatanodeService (HddsDatanodeService.java:start(184)) - HddsDatanodeService host:pr-hdds-2225-rpdbg-2298847827 ip:192.168.164.220
2019-10-02 11:48:53,266 [Datanode State Machine Thread - 0] INFO  datanode.InitDatanodeState (InitDatanodeState.java:persistContainerDatanodeDetails(140)) - DatanodeDetails is persisted to /workdir/hadoop-ozone/integration-test/target/test-dir/MiniOzoneClusterImpl-fed8c003-1200-44bf-ac4e-1089d90acbae/datanode-5/meta/datanode.id
2019-10-02 11:48:53,272 [main] INFO  volume.HddsVolume (HddsVolume.java:<init>(176)) - Creating Volume: /workdir/hadoop-ozone/integration-test/target/test-dir/MiniOzoneClusterImpl-fed8c003-1200-44bf-ac4e-1089d90acbae/datanode-6/data/containers/hdds of  storage type : DISK and capacity : 1482555576320
2019-10-02 11:48:53,272 [main] INFO  volume.VolumeSet (VolumeSet.java:initializeVolumeSet(170)) - Added Volume : /workdir/hadoop-ozone/integration-test/target/test-dir/MiniOzoneClusterImpl-fed8c003-1200-44bf-ac4e-1089d90acbae/datanode-6/data/containers/hdds to VolumeSet
2019-10-02 11:48:53,272 [main] INFO  volume.ThrottledAsyncChecker (ThrottledAsyncChecker.java:schedule(139)) - Scheduling a check for org.apache.hadoop.ozone.container.common.volume.HddsVolume@769b0752
2019-10-02 11:48:53,273 [main] INFO  volume.HddsVolumeChecker (HddsVolumeChecker.java:checkAllVolumes(202)) - Scheduled health check for volume org.apache.hadoop.ozone.container.common.volume.HddsVolume@769b0752
2019-10-02 11:48:53,284 [main] INFO  impl.RaftServerProxy (ConfUtils.java:logGet(43)) - raft.rpc.type = GRPC (default)
2019-10-02 11:48:53,284 [main] INFO  grpc.GrpcFactory (GrpcFactory.java:checkPooledByteBufAllocatorUseCacheForAllThreads(45)) - PERFORMANCE WARNING: useCacheForAllThreads is true that may cause Netty to create a lot garbage objects and, as a result, trigger GC.
	It is recommended to disable useCacheForAllThreads by setting -Dorg.apache.ratis.thirdparty.io.netty.allocator.useCacheForAllThreads=false in command line.
2019-10-02 11:48:53,285 [main] INFO  grpc.GrpcConfigKeys$Server (ConfUtils.java:logGet(43)) - raft.grpc.server.port = 0 (default)
2019-10-02 11:48:53,285 [main] INFO  server.GrpcService (ConfUtils.java:logGet(43)) - raft.grpc.message.size.max = 33570816 (custom)
2019-10-02 11:48:53,285 [main] INFO  server.RaftServerConfigKeys (ConfUtils.java:logGet(43)) - raft.server.log.appender.buffer.byte-limit = 33554432 (custom)
2019-10-02 11:48:53,285 [main] INFO  server.GrpcService (ConfUtils.java:logGet(43)) - raft.grpc.flow.control.window = 1MB (=1048576) (default)
2019-10-02 11:48:53,285 [main] INFO  server.RaftServerConfigKeys (ConfUtils.java:logGet(43)) - raft.server.rpc.request.timeout = 3000ms (default)
2019-10-02 11:48:53,286 [main] INFO  server.RaftServerConfigKeys (ConfUtils.java:logGet(43)) - raft.server.storage.dir = [/workdir/hadoop-ozone/integration-test/target/test-dir/MiniOzoneClusterImpl-fed8c003-1200-44bf-ac4e-1089d90acbae/datanode-6/data/ratis] (custom)
2019-10-02 11:48:53,286 [main] INFO  hdfs.DFSUtil (DFSUtil.java:httpServerTemplateForNNAndJN(1641)) - Starting Web-server for hddsDatanode at: http://0.0.0.0:0
2019-10-02 11:48:53,288 [main] INFO  server.AuthenticationFilter (AuthenticationFilter.java:constructSecretProvider(240)) - Unable to initialize FileSignerSecretProvider, falling back to use random secrets.
2019-10-02 11:48:53,288 [main] WARN  http.HttpRequestLog (HttpRequestLog.java:getRequestLog(97)) - Jetty request log can only be enabled using Log4j
2019-10-02 11:48:53,289 [main] INFO  http.HttpServer2 (HttpServer2.java:addGlobalFilter(975)) - Added global filter 'safety' (class=org.apache.hadoop.http.HttpServer2$QuotingInputFilter)
2019-10-02 11:48:53,290 [main] INFO  http.HttpServer2 (HttpServer2.java:addFilter(948)) - Added filter static_user_filter (class=org.apache.hadoop.http.lib.StaticUserWebFilter$StaticUserFilter) to context hddsDatanode
2019-10-02 11:48:53,290 [main] INFO  http.HttpServer2 (HttpServer2.java:addFilter(958)) - Added filter static_user_filter (class=org.apache.hadoop.http.lib.StaticUserWebFilter$StaticUserFilter) to context static
2019-10-02 11:48:53,290 [main] INFO  http.HttpServer2 (HttpServer2.java:addFilter(958)) - Added filter static_user_filter (class=org.apache.hadoop.http.lib.StaticUserWebFilter$StaticUserFilter) to context logs
2019-10-02 11:48:53,291 [main] INFO  http.HttpServer2 (HttpServer2.java:bindListener(1191)) - Jetty bound to port 41995
2019-10-02 11:48:53,291 [main] INFO  server.Server (Server.java:doStart(351)) - jetty-9.3.25.v20180904, build timestamp: 2018-09-04T21:11:46Z, git hash: 3ce520221d0240229c862b122d2b06c12a625732
2019-10-02 11:48:53,292 [main] INFO  handler.ContextHandler (ContextHandler.java:doStart(781)) - Started o.e.j.s.ServletContextHandler@5c0e2ec{/logs,file:///workdir/hadoop-ozone/integration-test/target/log,AVAILABLE}
2019-10-02 11:48:53,293 [main] INFO  handler.ContextHandler (ContextHandler.java:doStart(781)) - Started o.e.j.s.ServletContextHandler@7d3c22a5{/static,jar:file:/home/user/.m2/repository/org/apache/hadoop/hadoop-hdds-container-service/0.5.0-SNAPSHOT/hadoop-hdds-container-service-0.5.0-SNAPSHOT.jar!/webapps/static,AVAILABLE}
2019-10-02 11:48:53,328 [main] INFO  handler.ContextHandler (ContextHandler.java:doStart(781)) - Started o.e.j.w.WebAppContext@6068ebb2{/,file:///tmp/jetty-0.0.0.0-41995-hddsDatanode-_-any-473913386607055651.dir/webapp/,AVAILABLE}{/hddsDatanode}
2019-10-02 11:48:53,328 [main] INFO  server.AbstractConnector (AbstractConnector.java:doStart(278)) - Started ServerConnector@5a466dd{HTTP/1.1,[http/1.1]}{0.0.0.0:41995}
2019-10-02 11:48:53,331 [main] INFO  server.Server (Server.java:doStart(419)) - Started @694106ms
2019-10-02 11:48:53,331 [main] WARN  impl.MetricsSystemImpl (MetricsSystemImpl.java:register(276)) - Sink prometheus already exists!
2019-10-02 11:48:53,332 [main] INFO  server.BaseHttpServer (BaseHttpServer.java:updateConnectorAddress(215)) - HTTP server of HDDSDATANODE is listening at http://0.0.0.0:41995
2019-10-02 11:48:53,332 [main] INFO  ozone.MiniOzoneClusterImpl (MiniOzoneClusterImpl.java:lambda$waitForClusterToBeReady$0(147)) - Waiting for cluster to be ready. Got 0 of 7 DN Heartbeats.
2019-10-02 11:48:53,333 [org.apache.hadoop.util.JvmPauseMonitor$Monitor@72d205e7] INFO  util.JvmPauseMonitor (JvmPauseMonitor.java:run(188)) - Starting JVM pause monitor
2019-10-02 11:48:53,334 [Datanode State Machine Thread - 0] INFO  datanode.InitDatanodeState (InitDatanodeState.java:persistContainerDatanodeDetails(140)) - DatanodeDetails is persisted to /workdir/hadoop-ozone/integration-test/target/test-dir/MiniOzoneClusterImpl-fed8c003-1200-44bf-ac4e-1089d90acbae/datanode-6/meta/datanode.id
2019-10-02 11:48:54,332 [main] INFO  ozone.MiniOzoneClusterImpl (MiniOzoneClusterImpl.java:lambda$waitForClusterToBeReady$0(147)) - Waiting for cluster to be ready. Got 0 of 7 DN Heartbeats.
2019-10-02 11:48:54,955 [Datanode State Machine Thread - 0] INFO  ozoneimpl.OzoneContainer (OzoneContainer.java:start(217)) - Attempting to start container services.
2019-10-02 11:48:54,956 [Datanode State Machine Thread - 0] INFO  ozoneimpl.OzoneContainer (OzoneContainer.java:startContainerScrub(179)) - Background container scanner has been disabled.
2019-10-02 11:48:54,956 [Datanode State Machine Thread - 0] INFO  ratis.XceiverServerRatis (XceiverServerRatis.java:start(417)) - Starting XceiverServerRatis 113bc92a-68bb-4892-8ddf-fb6b0142bd31 at port 0
2019-10-02 11:48:54,963 [Datanode State Machine Thread - 0] INFO  impl.RaftServerProxy (RaftServerProxy.java:lambda$start$3(299)) - 113bc92a-68bb-4892-8ddf-fb6b0142bd31: start RPC server
2019-10-02 11:48:54,965 [Datanode State Machine Thread - 0] INFO  server.GrpcService (GrpcService.java:startImpl(158)) - 113bc92a-68bb-4892-8ddf-fb6b0142bd31: GrpcService started, listening on 0.0.0.0/0.0.0.0:34673
2019-10-02 11:48:54,965 [Datanode State Machine Thread - 0] INFO  ratis.XceiverServerRatis (XceiverServerRatis.java:start(427)) - XceiverServerRatis 113bc92a-68bb-4892-8ddf-fb6b0142bd31 is started using port 34673
2019-10-02 11:48:54,968 [Datanode State Machine Thread - 0] INFO  server.XceiverServerGrpc (XceiverServerGrpc.java:start(149)) - XceiverServerGrpc 113bc92a-68bb-4892-8ddf-fb6b0142bd31 is started using port 35148
2019-10-02 11:48:55,021 [Datanode State Machine Thread - 0] INFO  ozoneimpl.OzoneContainer (OzoneContainer.java:start(217)) - Attempting to start container services.
2019-10-02 11:48:55,021 [Datanode State Machine Thread - 0] INFO  ozoneimpl.OzoneContainer (OzoneContainer.java:startContainerScrub(179)) - Background container scanner has been disabled.
2019-10-02 11:48:55,022 [Datanode State Machine Thread - 0] INFO  ratis.XceiverServerRatis (XceiverServerRatis.java:start(417)) - Starting XceiverServerRatis ef506d76-330f-4ecf-9b72-dea24feabbc3 at port 0
2019-10-02 11:48:55,027 [Datanode State Machine Thread - 0] INFO  impl.RaftServerProxy (RaftServerProxy.java:lambda$start$3(299)) - ef506d76-330f-4ecf-9b72-dea24feabbc3: start RPC server
2019-10-02 11:48:55,029 [Datanode State Machine Thread - 0] INFO  server.GrpcService (GrpcService.java:startImpl(158)) - ef506d76-330f-4ecf-9b72-dea24feabbc3: GrpcService started, listening on 0.0.0.0/0.0.0.0:33031
2019-10-02 11:48:55,029 [Datanode State Machine Thread - 0] INFO  ratis.XceiverServerRatis (XceiverServerRatis.java:start(427)) - XceiverServerRatis ef506d76-330f-4ecf-9b72-dea24feabbc3 is started using port 33031
2019-10-02 11:48:55,030 [Datanode State Machine Thread - 0] INFO  server.XceiverServerGrpc (XceiverServerGrpc.java:start(149)) - XceiverServerGrpc ef506d76-330f-4ecf-9b72-dea24feabbc3 is started using port 38515
2019-10-02 11:48:55,088 [Datanode State Machine Thread - 0] INFO  ozoneimpl.OzoneContainer (OzoneContainer.java:start(217)) - Attempting to start container services.
2019-10-02 11:48:55,089 [Datanode State Machine Thread - 0] INFO  ozoneimpl.OzoneContainer (OzoneContainer.java:startContainerScrub(179)) - Background container scanner has been disabled.
2019-10-02 11:48:55,089 [Datanode State Machine Thread - 0] INFO  ratis.XceiverServerRatis (XceiverServerRatis.java:start(417)) - Starting XceiverServerRatis 510cfd7b-3107-4a0d-8519-c4ac68a6e374 at port 0
2019-10-02 11:48:55,093 [Datanode State Machine Thread - 0] INFO  impl.RaftServerProxy (RaftServerProxy.java:lambda$start$3(299)) - 510cfd7b-3107-4a0d-8519-c4ac68a6e374: start RPC server
2019-10-02 11:48:55,095 [Datanode State Machine Thread - 0] INFO  server.GrpcService (GrpcService.java:startImpl(158)) - 510cfd7b-3107-4a0d-8519-c4ac68a6e374: GrpcService started, listening on 0.0.0.0/0.0.0.0:42315
2019-10-02 11:48:55,095 [Datanode State Machine Thread - 0] INFO  ratis.XceiverServerRatis (XceiverServerRatis.java:start(427)) - XceiverServerRatis 510cfd7b-3107-4a0d-8519-c4ac68a6e374 is started using port 42315
2019-10-02 11:48:55,107 [Datanode State Machine Thread - 0] INFO  server.XceiverServerGrpc (XceiverServerGrpc.java:start(149)) - XceiverServerGrpc 510cfd7b-3107-4a0d-8519-c4ac68a6e374 is started using port 38188
2019-10-02 11:48:55,156 [Datanode State Machine Thread - 0] INFO  ozoneimpl.OzoneContainer (OzoneContainer.java:start(217)) - Attempting to start container services.
2019-10-02 11:48:55,156 [Datanode State Machine Thread - 0] INFO  ozoneimpl.OzoneContainer (OzoneContainer.java:startContainerScrub(179)) - Background container scanner has been disabled.
2019-10-02 11:48:55,156 [Datanode State Machine Thread - 0] INFO  ratis.XceiverServerRatis (XceiverServerRatis.java:start(417)) - Starting XceiverServerRatis 51b5bcf3-deaf-4700-bbe7-a90669d5eae5 at port 0
2019-10-02 11:48:55,161 [Datanode State Machine Thread - 0] INFO  impl.RaftServerProxy (RaftServerProxy.java:lambda$start$3(299)) - 51b5bcf3-deaf-4700-bbe7-a90669d5eae5: start RPC server
2019-10-02 11:48:55,164 [Datanode State Machine Thread - 0] INFO  server.GrpcService (GrpcService.java:startImpl(158)) - 51b5bcf3-deaf-4700-bbe7-a90669d5eae5: GrpcService started, listening on 0.0.0.0/0.0.0.0:44712
2019-10-02 11:48:55,164 [Datanode State Machine Thread - 0] INFO  ratis.XceiverServerRatis (XceiverServerRatis.java:start(427)) - XceiverServerRatis 51b5bcf3-deaf-4700-bbe7-a90669d5eae5 is started using port 44712
2019-10-02 11:48:55,166 [Datanode State Machine Thread - 0] INFO  server.XceiverServerGrpc (XceiverServerGrpc.java:start(149)) - XceiverServerGrpc 51b5bcf3-deaf-4700-bbe7-a90669d5eae5 is started using port 39478
2019-10-02 11:48:55,213 [Datanode State Machine Thread - 0] INFO  ozoneimpl.OzoneContainer (OzoneContainer.java:start(217)) - Attempting to start container services.
2019-10-02 11:48:55,213 [Datanode State Machine Thread - 0] INFO  ozoneimpl.OzoneContainer (OzoneContainer.java:startContainerScrub(179)) - Background container scanner has been disabled.
2019-10-02 11:48:55,213 [Datanode State Machine Thread - 0] INFO  ratis.XceiverServerRatis (XceiverServerRatis.java:start(417)) - Starting XceiverServerRatis 50fccacf-7ba1-4d43-bfe6-78d7deac3c07 at port 0
2019-10-02 11:48:55,218 [Datanode State Machine Thread - 0] INFO  impl.RaftServerProxy (RaftServerProxy.java:lambda$start$3(299)) - 50fccacf-7ba1-4d43-bfe6-78d7deac3c07: start RPC server
2019-10-02 11:48:55,218 [Datanode State Machine Thread - 0] INFO  server.GrpcService (GrpcService.java:startImpl(158)) - 50fccacf-7ba1-4d43-bfe6-78d7deac3c07: GrpcService started, listening on 0.0.0.0/0.0.0.0:42145
2019-10-02 11:48:55,219 [Datanode State Machine Thread - 0] INFO  ratis.XceiverServerRatis (XceiverServerRatis.java:start(427)) - XceiverServerRatis 50fccacf-7ba1-4d43-bfe6-78d7deac3c07 is started using port 42145
2019-10-02 11:48:55,227 [Datanode State Machine Thread - 0] INFO  server.XceiverServerGrpc (XceiverServerGrpc.java:start(149)) - XceiverServerGrpc 50fccacf-7ba1-4d43-bfe6-78d7deac3c07 is started using port 45704
2019-10-02 11:48:55,278 [Datanode State Machine Thread - 0] INFO  ozoneimpl.OzoneContainer (OzoneContainer.java:start(217)) - Attempting to start container services.
2019-10-02 11:48:55,278 [Datanode State Machine Thread - 0] INFO  ozoneimpl.OzoneContainer (OzoneContainer.java:startContainerScrub(179)) - Background container scanner has been disabled.
2019-10-02 11:48:55,278 [Datanode State Machine Thread - 0] INFO  ratis.XceiverServerRatis (XceiverServerRatis.java:start(417)) - Starting XceiverServerRatis f5ed4042-bdcb-4116-b59c-a85f6d1f58b0 at port 0
2019-10-02 11:48:55,283 [Datanode State Machine Thread - 0] INFO  impl.RaftServerProxy (RaftServerProxy.java:lambda$start$3(299)) - f5ed4042-bdcb-4116-b59c-a85f6d1f58b0: start RPC server
2019-10-02 11:48:55,284 [Datanode State Machine Thread - 0] INFO  server.GrpcService (GrpcService.java:startImpl(158)) - f5ed4042-bdcb-4116-b59c-a85f6d1f58b0: GrpcService started, listening on 0.0.0.0/0.0.0.0:35225
2019-10-02 11:48:55,284 [Datanode State Machine Thread - 0] INFO  ratis.XceiverServerRatis (XceiverServerRatis.java:start(427)) - XceiverServerRatis f5ed4042-bdcb-4116-b59c-a85f6d1f58b0 is started using port 35225
2019-10-02 11:48:55,284 [Datanode State Machine Thread - 0] INFO  server.XceiverServerGrpc (XceiverServerGrpc.java:start(149)) - XceiverServerGrpc f5ed4042-bdcb-4116-b59c-a85f6d1f58b0 is started using port 41692
2019-10-02 11:48:55,333 [main] INFO  ozone.MiniOzoneClusterImpl (MiniOzoneClusterImpl.java:lambda$waitForClusterToBeReady$0(147)) - Waiting for cluster to be ready. Got 0 of 7 DN Heartbeats.
2019-10-02 11:48:55,347 [Datanode State Machine Thread - 0] INFO  ozoneimpl.OzoneContainer (OzoneContainer.java:start(217)) - Attempting to start container services.
2019-10-02 11:48:55,347 [Datanode State Machine Thread - 0] INFO  ozoneimpl.OzoneContainer (OzoneContainer.java:startContainerScrub(179)) - Background container scanner has been disabled.
2019-10-02 11:48:55,347 [Datanode State Machine Thread - 0] INFO  ratis.XceiverServerRatis (XceiverServerRatis.java:start(417)) - Starting XceiverServerRatis b904d534-84ec-43ec-bb8d-e5221933083a at port 0
2019-10-02 11:48:55,352 [Datanode State Machine Thread - 0] INFO  impl.RaftServerProxy (RaftServerProxy.java:lambda$start$3(299)) - b904d534-84ec-43ec-bb8d-e5221933083a: start RPC server
2019-10-02 11:48:55,356 [Datanode State Machine Thread - 0] INFO  server.GrpcService (GrpcService.java:startImpl(158)) - b904d534-84ec-43ec-bb8d-e5221933083a: GrpcService started, listening on 0.0.0.0/0.0.0.0:42279
2019-10-02 11:48:55,356 [Datanode State Machine Thread - 0] INFO  ratis.XceiverServerRatis (XceiverServerRatis.java:start(427)) - XceiverServerRatis b904d534-84ec-43ec-bb8d-e5221933083a is started using port 42279
2019-10-02 11:48:55,359 [Datanode State Machine Thread - 0] INFO  server.XceiverServerGrpc (XceiverServerGrpc.java:start(149)) - XceiverServerGrpc b904d534-84ec-43ec-bb8d-e5221933083a is started using port 35313
2019-10-02 11:48:56,333 [main] INFO  ozone.MiniOzoneClusterImpl (MiniOzoneClusterImpl.java:lambda$waitForClusterToBeReady$0(147)) - Waiting for cluster to be ready. Got 0 of 7 DN Heartbeats.
2019-10-02 11:48:56,948 [IPC Server handler 4 on 35345] INFO  net.NetworkTopology (NetworkTopologyImpl.java:add(111)) - Added a new node: /default-rack/113bc92a-68bb-4892-8ddf-fb6b0142bd31
2019-10-02 11:48:56,955 [IPC Server handler 4 on 35345] INFO  node.SCMNodeManager (SCMNodeManager.java:register(266)) - Registered Data node : 113bc92a-68bb-4892-8ddf-fb6b0142bd31{ip: 192.168.164.220, host: pr-hdds-2225-rpdbg-2298847827, networkLocation: /default-rack, certSerialId: null}
2019-10-02 11:48:56,955 [EventQueue-NodeRegistrationContainerReportForDataNodeSafeModeRule] INFO  safemode.SCMSafeModeManager (DataNodeSafeModeRule.java:process(71)) - SCM in safe mode. 1 DataNodes registered, 1 required.
2019-10-02 11:48:56,957 [EventQueue-NodeRegistrationContainerReportForDataNodeSafeModeRule] INFO  safemode.SCMSafeModeManager (SCMSafeModeManager.java:validateSafeModeExitRules(177)) - ScmSafeModeManager, all rules are successfully validated
2019-10-02 11:48:56,957 [EventQueue-NodeRegistrationContainerReportForDataNodeSafeModeRule] INFO  safemode.SCMSafeModeManager (SCMSafeModeManager.java:exitSafeMode(193)) - SCM exiting safe mode.
2019-10-02 11:48:56,964 [grpc-default-executor-7] INFO  impl.RaftServerProxy (RaftServerProxy.java:addNew(89)) - 113bc92a-68bb-4892-8ddf-fb6b0142bd31: addNew group-6A1B969791CB:[113bc92a-68bb-4892-8ddf-fb6b0142bd31:192.168.164.220:34673] returns group-6A1B969791CB:java.util.concurrent.CompletableFuture@407dcd3[Not completed]
2019-10-02 11:48:56,967 [pool-679-thread-1] INFO  impl.RaftServerImpl (RaftServerImpl.java:<init>(95)) - 113bc92a-68bb-4892-8ddf-fb6b0142bd31: new RaftServerImpl for group-6A1B969791CB:[113bc92a-68bb-4892-8ddf-fb6b0142bd31:192.168.164.220:34673] with ContainerStateMachine:uninitialized
2019-10-02 11:48:56,967 [pool-679-thread-1] INFO  server.RaftServerConfigKeys (ConfUtils.java:logGet(43)) - raft.server.rpc.timeout.min = 5s (custom)
2019-10-02 11:48:56,967 [pool-679-thread-1] INFO  server.RaftServerConfigKeys (ConfUtils.java:logGet(43)) - raft.server.rpc.timeout.max = 5200ms (custom)
2019-10-02 11:48:56,967 [pool-679-thread-1] INFO  server.RaftServerConfigKeys (ConfUtils.java:logGet(43)) - raft.server.rpcslowness.timeout = 120s (custom)
2019-10-02 11:48:56,967 [pool-679-thread-1] INFO  server.RaftServerConfigKeys (ConfUtils.java:logGet(43)) - raft.server.sleep.deviation.threshold = 300 (default)
2019-10-02 11:48:56,968 [pool-679-thread-1] INFO  server.RaftServerConfigKeys (ConfUtils.java:logGet(43)) - raft.server.log.appender.install.snapshot.enabled = false (custom)
2019-10-02 11:48:56,968 [pool-679-thread-1] INFO  impl.RaftServerImpl (ServerState.java:<init>(103)) - 113bc92a-68bb-4892-8ddf-fb6b0142bd31@group-6A1B969791CB: ConfigurationManager, init=-1: [113bc92a-68bb-4892-8ddf-fb6b0142bd31:192.168.164.220:34673], old=null, confs=<EMPTY_MAP>
2019-10-02 11:48:56,968 [pool-679-thread-1] INFO  server.RaftServerConfigKeys (ConfUtils.java:logGet(43)) - raft.server.storage.dir = [/workdir/hadoop-ozone/integration-test/target/test-dir/MiniOzoneClusterImpl-fed8c003-1200-44bf-ac4e-1089d90acbae/datanode-0/data/ratis] (custom)
2019-10-02 11:48:56,968 [pool-679-thread-1] INFO  server.RaftServerConfigKeys (ConfUtils.java:logGet(43)) - raft.server.log.corruption.policy = EXCEPTION (default)
2019-10-02 11:48:56,969 [pool-679-thread-1] INFO  storage.RaftStorageDirectory (RaftStorageDirectory.java:analyzeStorage(246)) - The storage directory /workdir/hadoop-ozone/integration-test/target/test-dir/MiniOzoneClusterImpl-fed8c003-1200-44bf-ac4e-1089d90acbae/datanode-0/data/ratis/a9e8188d-229e-400a-be93-6a1b969791cb does not exist. Creating ...
2019-10-02 11:48:56,982 [pool-679-thread-1] INFO  storage.RaftStorageDirectory (RaftStorageDirectory.java:tryLock(328)) - Lock on /workdir/hadoop-ozone/integration-test/target/test-dir/MiniOzoneClusterImpl-fed8c003-1200-44bf-ac4e-1089d90acbae/datanode-0/data/ratis/a9e8188d-229e-400a-be93-6a1b969791cb/in_use.lock acquired by nodename 13782@pr-hdds-2225-rpdbg-2298847827
2019-10-02 11:48:56,995 [pool-679-thread-1] INFO  storage.RaftStorage (RaftStorage.java:format(84)) - Storage directory /workdir/hadoop-ozone/integration-test/target/test-dir/MiniOzoneClusterImpl-fed8c003-1200-44bf-ac4e-1089d90acbae/datanode-0/data/ratis/a9e8188d-229e-400a-be93-6a1b969791cb has been successfully formatted.
2019-10-02 11:48:56,995 [pool-679-thread-1] INFO  ratis.ContainerStateMachine (ContainerStateMachine.java:loadSnapshot(230)) - group-6A1B969791CB: The snapshot info is null. Setting the last applied indexto:(t:0, i:~)
2019-10-02 11:48:56,995 [pool-679-thread-1] INFO  server.RaftServerConfigKeys (ConfUtils.java:logGet(43)) - raft.server.notification.no-leader.timeout = 120s (custom)
2019-10-02 11:48:56,995 [pool-679-thread-1] INFO  server.RaftServerConfigKeys (ConfUtils.java:logGet(43)) - raft.server.log.use.memory = false (default)
2019-10-02 11:48:56,995 [pool-679-thread-1] INFO  server.RaftServerConfigKeys (ConfUtils.java:logGet(43)) - raft.server.log.purge.gap = 1000000 (custom)
2019-10-02 11:48:56,996 [pool-679-thread-1] INFO  server.RaftServerConfigKeys (ConfUtils.java:logGet(43)) - raft.server.log.appender.buffer.byte-limit = 33554432 (custom)
2019-10-02 11:48:56,996 [pool-679-thread-1] INFO  server.RaftServerConfigKeys (ConfUtils.java:logGet(43)) - raft.server.log.segment.size.max = 1048576 (custom)
2019-10-02 11:48:56,997 [pool-679-thread-1] INFO  server.RaftServerConfigKeys (ConfUtils.java:logGet(43)) - raft.server.log.segment.cache.num.max = 2 (custom)
2019-10-02 11:48:56,998 [pool-679-thread-1] INFO  segmented.SegmentedRaftLogWorker (SegmentedRaftLogWorker.java:<init>(173)) - new 113bc92a-68bb-4892-8ddf-fb6b0142bd31@group-6A1B969791CB-SegmentedRaftLogWorker for RaftStorage:Storage Directory /workdir/hadoop-ozone/integration-test/target/test-dir/MiniOzoneClusterImpl-fed8c003-1200-44bf-ac4e-1089d90acbae/datanode-0/data/ratis/a9e8188d-229e-400a-be93-6a1b969791cb
2019-10-02 11:48:56,998 [pool-679-thread-1] INFO  server.RaftServerConfigKeys (ConfUtils.java:logGet(43)) - raft.server.log.queue.byte-limit = 2147483647 (custom)
2019-10-02 11:48:56,998 [pool-679-thread-1] INFO  server.RaftServerConfigKeys (ConfUtils.java:logGet(43)) - raft.server.log.queue.element-limit = 1024 (custom)
2019-10-02 11:48:56,998 [pool-679-thread-1] INFO  server.RaftServerConfigKeys (ConfUtils.java:logGet(43)) - raft.server.log.segment.size.max = 1048576 (custom)
2019-10-02 11:48:56,998 [pool-679-thread-1] INFO  server.RaftServerConfigKeys (ConfUtils.java:logGet(43)) - raft.server.log.preallocated.size = 16384 (custom)
2019-10-02 11:48:56,998 [pool-679-thread-1] INFO  server.RaftServerConfigKeys (ConfUtils.java:logGet(43)) - raft.server.log.write.buffer.size = 33554432 (custom)
2019-10-02 11:48:56,998 [pool-679-thread-1] INFO  server.RaftServerConfigKeys (ConfUtils.java:logGet(43)) - raft.server.log.force.sync.num = 128 (default)
2019-10-02 11:48:56,999 [pool-679-thread-1] INFO  server.RaftServerConfigKeys (ConfUtils.java:logGet(43)) - raft.server.log.statemachine.data.sync = true (default)
2019-10-02 11:48:56,999 [pool-679-thread-1] INFO  server.RaftServerConfigKeys (ConfUtils.java:logGet(43)) - raft.server.log.statemachine.data.sync.timeout = 10s (default)
2019-10-02 11:48:56,999 [pool-679-thread-1] INFO  server.RaftServerConfigKeys (ConfUtils.java:logGet(43)) - raft.server.log.statemachine.data.sync.timeout.retry = -1 (default)
2019-10-02 11:48:56,999 [IPC Server handler 5 on 35345] INFO  net.NetworkTopology (NetworkTopologyImpl.java:add(111)) - Added a new node: /default-rack/ef506d76-330f-4ecf-9b72-dea24feabbc3
2019-10-02 11:48:56,999 [pool-679-thread-1] INFO  server.RaftServerConfigKeys (ConfUtils.java:logGet(43)) - raft.server.log.statemachine.data.caching.enabled = true (custom)
2019-10-02 11:48:56,999 [IPC Server handler 5 on 35345] INFO  node.SCMNodeManager (SCMNodeManager.java:register(266)) - Registered Data node : ef506d76-330f-4ecf-9b72-dea24feabbc3{ip: 192.168.164.220, host: pr-hdds-2225-rpdbg-2298847827, networkLocation: /default-rack, certSerialId: null}
2019-10-02 11:48:57,000 [pool-679-thread-1] INFO  segmented.SegmentedRaftLogWorker (SegmentedRaftLogWorker.java:lambda$new$0(128)) - 113bc92a-68bb-4892-8ddf-fb6b0142bd31@group-6A1B969791CB-SegmentedRaftLogWorker: flushIndex: setUnconditionally 0 -> -1
2019-10-02 11:48:57,000 [pool-679-thread-1] INFO  server.RaftServerConfigKeys (ConfUtils.java:logGet(43)) - raft.server.snapshot.auto.trigger.enabled = true (custom)
2019-10-02 11:48:57,000 [pool-679-thread-1] INFO  server.RaftServerConfigKeys (ConfUtils.java:logGet(43)) - raft.server.snapshot.auto.trigger.threshold = 10000 (custom)
2019-10-02 11:48:57,000 [pool-679-thread-1] INFO  server.RaftServerConfigKeys (ConfUtils.java:logGet(43)) - raft.server.snapshot.retention.file.num = 5 (custom)
2019-10-02 11:48:57,000 [pool-679-thread-1] INFO  server.RaftServerConfigKeys (ConfUtils.java:logGet(43)) - raft.server.retrycache.expirytime = 600000ms (custom)
2019-10-02 11:48:57,002 [pool-679-thread-1] INFO  impl.RaftServerImpl (RaftServerImpl.java:start(181)) - 113bc92a-68bb-4892-8ddf-fb6b0142bd31@group-6A1B969791CB: start as a follower, conf=-1: [113bc92a-68bb-4892-8ddf-fb6b0142bd31:192.168.164.220:34673], old=null
2019-10-02 11:48:57,002 [pool-679-thread-1] INFO  impl.RaftServerImpl (RaftServerImpl.java:setRole(170)) - 113bc92a-68bb-4892-8ddf-fb6b0142bd31@group-6A1B969791CB: changes role from      null to FOLLOWER at term 0 for startAsFollower
2019-10-02 11:48:57,002 [pool-679-thread-1] INFO  impl.RoleInfo (RoleInfo.java:updateAndGet(143)) - 113bc92a-68bb-4892-8ddf-fb6b0142bd31: start FollowerState
2019-10-02 11:48:57,003 [pool-679-thread-1] INFO  util.JmxRegister (JmxRegister.java:tryRegister(44)) - Successfully registered JMX Bean with object name Ratis:service=RaftServer,group=group-6A1B969791CB,id=113bc92a-68bb-4892-8ddf-fb6b0142bd31
2019-10-02 11:48:57,006 [RatisPipelineUtilsThread] INFO  pipeline.PipelineStateManager (PipelineStateManager.java:addPipeline(56)) - Created pipeline Pipeline[ Id: a9e8188d-229e-400a-be93-6a1b969791cb, Nodes: 113bc92a-68bb-4892-8ddf-fb6b0142bd31{ip: 192.168.164.220, host: pr-hdds-2225-rpdbg-2298847827, networkLocation: /default-rack, certSerialId: null}, Type:RATIS, Factor:ONE, State:OPEN]
2019-10-02 11:48:57,012 [grpc-default-executor-7] INFO  impl.RaftServerProxy (RaftServerProxy.java:addNew(89)) - ef506d76-330f-4ecf-9b72-dea24feabbc3: addNew group-22C43CCDA3AD:[ef506d76-330f-4ecf-9b72-dea24feabbc3:192.168.164.220:33031] returns group-22C43CCDA3AD:java.util.concurrent.CompletableFuture@7c969907[Not completed]
2019-10-02 11:48:57,013 [pool-689-thread-1] INFO  impl.RaftServerImpl (RaftServerImpl.java:<init>(95)) - ef506d76-330f-4ecf-9b72-dea24feabbc3: new RaftServerImpl for group-22C43CCDA3AD:[ef506d76-330f-4ecf-9b72-dea24feabbc3:192.168.164.220:33031] with ContainerStateMachine:uninitialized
2019-10-02 11:48:57,013 [pool-689-thread-1] INFO  server.RaftServerConfigKeys (ConfUtils.java:logGet(43)) - raft.server.rpc.timeout.min = 5s (custom)
2019-10-02 11:48:57,014 [pool-689-thread-1] INFO  server.RaftServerConfigKeys (ConfUtils.java:logGet(43)) - raft.server.rpc.timeout.max = 5200ms (custom)
2019-10-02 11:48:57,014 [pool-689-thread-1] INFO  server.RaftServerConfigKeys (ConfUtils.java:logGet(43)) - raft.server.rpcslowness.timeout = 120s (custom)
2019-10-02 11:48:57,014 [pool-689-thread-1] INFO  server.RaftServerConfigKeys (ConfUtils.java:logGet(43)) - raft.server.sleep.deviation.threshold = 300 (default)
2019-10-02 11:48:57,014 [pool-689-thread-1] INFO  server.RaftServerConfigKeys (ConfUtils.java:logGet(43)) - raft.server.log.appender.install.snapshot.enabled = false (custom)
2019-10-02 11:48:57,014 [pool-689-thread-1] INFO  impl.RaftServerImpl (ServerState.java:<init>(103)) - ef506d76-330f-4ecf-9b72-dea24feabbc3@group-22C43CCDA3AD: ConfigurationManager, init=-1: [ef506d76-330f-4ecf-9b72-dea24feabbc3:192.168.164.220:33031], old=null, confs=<EMPTY_MAP>
2019-10-02 11:48:57,014 [pool-689-thread-1] INFO  server.RaftServerConfigKeys (ConfUtils.java:logGet(43)) - raft.server.storage.dir = [/workdir/hadoop-ozone/integration-test/target/test-dir/MiniOzoneClusterImpl-fed8c003-1200-44bf-ac4e-1089d90acbae/datanode-1/data/ratis] (custom)
2019-10-02 11:48:57,014 [pool-689-thread-1] INFO  server.RaftServerConfigKeys (ConfUtils.java:logGet(43)) - raft.server.log.corruption.policy = EXCEPTION (default)
2019-10-02 11:48:57,014 [pool-689-thread-1] INFO  storage.RaftStorageDirectory (RaftStorageDirectory.java:analyzeStorage(246)) - The storage directory /workdir/hadoop-ozone/integration-test/target/test-dir/MiniOzoneClusterImpl-fed8c003-1200-44bf-ac4e-1089d90acbae/datanode-1/data/ratis/1c1fb88d-41fe-4f9f-87d5-22c43ccda3ad does not exist. Creating ...
2019-10-02 11:48:57,022 [pool-689-thread-1] INFO  storage.RaftStorageDirectory (RaftStorageDirectory.java:tryLock(328)) - Lock on /workdir/hadoop-ozone/integration-test/target/test-dir/MiniOzoneClusterImpl-fed8c003-1200-44bf-ac4e-1089d90acbae/datanode-1/data/ratis/1c1fb88d-41fe-4f9f-87d5-22c43ccda3ad/in_use.lock acquired by nodename 13782@pr-hdds-2225-rpdbg-2298847827
2019-10-02 11:48:57,034 [pool-689-thread-1] INFO  storage.RaftStorage (RaftStorage.java:format(84)) - Storage directory /workdir/hadoop-ozone/integration-test/target/test-dir/MiniOzoneClusterImpl-fed8c003-1200-44bf-ac4e-1089d90acbae/datanode-1/data/ratis/1c1fb88d-41fe-4f9f-87d5-22c43ccda3ad has been successfully formatted.
2019-10-02 11:48:57,034 [pool-689-thread-1] INFO  ratis.ContainerStateMachine (ContainerStateMachine.java:loadSnapshot(230)) - group-22C43CCDA3AD: The snapshot info is null. Setting the last applied indexto:(t:0, i:~)
2019-10-02 11:48:57,034 [pool-689-thread-1] INFO  server.RaftServerConfigKeys (ConfUtils.java:logGet(43)) - raft.server.notification.no-leader.timeout = 120s (custom)
2019-10-02 11:48:57,034 [pool-689-thread-1] INFO  server.RaftServerConfigKeys (ConfUtils.java:logGet(43)) - raft.server.log.use.memory = false (default)
2019-10-02 11:48:57,035 [pool-689-thread-1] INFO  server.RaftServerConfigKeys (ConfUtils.java:logGet(43)) - raft.server.log.purge.gap = 1000000 (custom)
2019-10-02 11:48:57,035 [pool-689-thread-1] INFO  server.RaftServerConfigKeys (ConfUtils.java:logGet(43)) - raft.server.log.appender.buffer.byte-limit = 33554432 (custom)
2019-10-02 11:48:57,035 [pool-689-thread-1] INFO  server.RaftServerConfigKeys (ConfUtils.java:logGet(43)) - raft.server.log.segment.size.max = 1048576 (custom)
2019-10-02 11:48:57,036 [pool-689-thread-1] INFO  server.RaftServerConfigKeys (ConfUtils.java:logGet(43)) - raft.server.log.segment.cache.num.max = 2 (custom)
2019-10-02 11:48:57,036 [pool-689-thread-1] INFO  segmented.SegmentedRaftLogWorker (SegmentedRaftLogWorker.java:<init>(173)) - new ef506d76-330f-4ecf-9b72-dea24feabbc3@group-22C43CCDA3AD-SegmentedRaftLogWorker for RaftStorage:Storage Directory /workdir/hadoop-ozone/integration-test/target/test-dir/MiniOzoneClusterImpl-fed8c003-1200-44bf-ac4e-1089d90acbae/datanode-1/data/ratis/1c1fb88d-41fe-4f9f-87d5-22c43ccda3ad
2019-10-02 11:48:57,036 [pool-689-thread-1] INFO  server.RaftServerConfigKeys (ConfUtils.java:logGet(43)) - raft.server.log.queue.byte-limit = 2147483647 (custom)
2019-10-02 11:48:57,036 [pool-689-thread-1] INFO  server.RaftServerConfigKeys (ConfUtils.java:logGet(43)) - raft.server.log.queue.element-limit = 1024 (custom)
2019-10-02 11:48:57,036 [pool-689-thread-1] INFO  server.RaftServerConfigKeys (ConfUtils.java:logGet(43)) - raft.server.log.segment.size.max = 1048576 (custom)
2019-10-02 11:48:57,036 [pool-689-thread-1] INFO  server.RaftServerConfigKeys (ConfUtils.java:logGet(43)) - raft.server.log.preallocated.size = 16384 (custom)
2019-10-02 11:48:57,037 [pool-689-thread-1] INFO  server.RaftServerConfigKeys (ConfUtils.java:logGet(43)) - raft.server.log.write.buffer.size = 33554432 (custom)
2019-10-02 11:48:57,037 [pool-689-thread-1] INFO  server.RaftServerConfigKeys (ConfUtils.java:logGet(43)) - raft.server.log.force.sync.num = 128 (default)
2019-10-02 11:48:57,037 [pool-689-thread-1] INFO  server.RaftServerConfigKeys (ConfUtils.java:logGet(43)) - raft.server.log.statemachine.data.sync = true (default)
2019-10-02 11:48:57,037 [pool-689-thread-1] INFO  server.RaftServerConfigKeys (ConfUtils.java:logGet(43)) - raft.server.log.statemachine.data.sync.timeout = 10s (default)
2019-10-02 11:48:57,037 [pool-689-thread-1] INFO  server.RaftServerConfigKeys (ConfUtils.java:logGet(43)) - raft.server.log.statemachine.data.sync.timeout.retry = -1 (default)
2019-10-02 11:48:57,037 [pool-689-thread-1] INFO  server.RaftServerConfigKeys (ConfUtils.java:logGet(43)) - raft.server.log.statemachine.data.caching.enabled = true (custom)
2019-10-02 11:48:57,037 [pool-689-thread-1] INFO  segmented.SegmentedRaftLogWorker (SegmentedRaftLogWorker.java:lambda$new$0(128)) - ef506d76-330f-4ecf-9b72-dea24feabbc3@group-22C43CCDA3AD-SegmentedRaftLogWorker: flushIndex: setUnconditionally 0 -> -1
2019-10-02 11:48:57,038 [pool-689-thread-1] INFO  server.RaftServerConfigKeys (ConfUtils.java:logGet(43)) - raft.server.snapshot.auto.trigger.enabled = true (custom)
2019-10-02 11:48:57,038 [pool-689-thread-1] INFO  server.RaftServerConfigKeys (ConfUtils.java:logGet(43)) - raft.server.snapshot.auto.trigger.threshold = 10000 (custom)
2019-10-02 11:48:57,038 [pool-689-thread-1] INFO  server.RaftServerConfigKeys (ConfUtils.java:logGet(43)) - raft.server.snapshot.retention.file.num = 5 (custom)
2019-10-02 11:48:57,038 [pool-689-thread-1] INFO  server.RaftServerConfigKeys (ConfUtils.java:logGet(43)) - raft.server.retrycache.expirytime = 600000ms (custom)
2019-10-02 11:48:57,039 [pool-689-thread-1] INFO  impl.RaftServerImpl (RaftServerImpl.java:start(181)) - ef506d76-330f-4ecf-9b72-dea24feabbc3@group-22C43CCDA3AD: start as a follower, conf=-1: [ef506d76-330f-4ecf-9b72-dea24feabbc3:192.168.164.220:33031], old=null
2019-10-02 11:48:57,039 [pool-689-thread-1] INFO  impl.RaftServerImpl (RaftServerImpl.java:setRole(170)) - ef506d76-330f-4ecf-9b72-dea24feabbc3@group-22C43CCDA3AD: changes role from      null to FOLLOWER at term 0 for startAsFollower
2019-10-02 11:48:57,039 [pool-689-thread-1] INFO  impl.RoleInfo (RoleInfo.java:updateAndGet(143)) - ef506d76-330f-4ecf-9b72-dea24feabbc3: start FollowerState
2019-10-02 11:48:57,039 [pool-689-thread-1] INFO  util.JmxRegister (JmxRegister.java:tryRegister(44)) - Successfully registered JMX Bean with object name Ratis:service=RaftServer,group=group-22C43CCDA3AD,id=ef506d76-330f-4ecf-9b72-dea24feabbc3
2019-10-02 11:48:57,042 [RatisPipelineUtilsThread] INFO  pipeline.PipelineStateManager (PipelineStateManager.java:addPipeline(56)) - Created pipeline Pipeline[ Id: 1c1fb88d-41fe-4f9f-87d5-22c43ccda3ad, Nodes: ef506d76-330f-4ecf-9b72-dea24feabbc3{ip: 192.168.164.220, host: pr-hdds-2225-rpdbg-2298847827, networkLocation: /default-rack, certSerialId: null}, Type:RATIS, Factor:ONE, State:OPEN]
2019-10-02 11:48:57,073 [IPC Server handler 1 on 35345] INFO  net.NetworkTopology (NetworkTopologyImpl.java:add(111)) - Added a new node: /default-rack/510cfd7b-3107-4a0d-8519-c4ac68a6e374
2019-10-02 11:48:57,084 [IPC Server handler 1 on 35345] INFO  node.SCMNodeManager (SCMNodeManager.java:register(266)) - Registered Data node : 510cfd7b-3107-4a0d-8519-c4ac68a6e374{ip: 192.168.164.220, host: pr-hdds-2225-rpdbg-2298847827, networkLocation: /default-rack, certSerialId: null}
2019-10-02 11:48:57,091 [grpc-default-executor-7] INFO  impl.RaftServerProxy (RaftServerProxy.java:addNew(89)) - 510cfd7b-3107-4a0d-8519-c4ac68a6e374: addNew group-2BC30D23712F:[510cfd7b-3107-4a0d-8519-c4ac68a6e374:192.168.164.220:42315] returns group-2BC30D23712F:java.util.concurrent.CompletableFuture@7bfbe03[Not completed]
2019-10-02 11:48:57,093 [pool-699-thread-1] INFO  impl.RaftServerImpl (RaftServerImpl.java:<init>(95)) - 510cfd7b-3107-4a0d-8519-c4ac68a6e374: new RaftServerImpl for group-2BC30D23712F:[510cfd7b-3107-4a0d-8519-c4ac68a6e374:192.168.164.220:42315] with ContainerStateMachine:uninitialized
2019-10-02 11:48:57,093 [pool-699-thread-1] INFO  server.RaftServerConfigKeys (ConfUtils.java:logGet(43)) - raft.server.rpc.timeout.min = 5s (custom)
2019-10-02 11:48:57,093 [pool-699-thread-1] INFO  server.RaftServerConfigKeys (ConfUtils.java:logGet(43)) - raft.server.rpc.timeout.max = 5200ms (custom)
2019-10-02 11:48:57,093 [pool-699-thread-1] INFO  server.RaftServerConfigKeys (ConfUtils.java:logGet(43)) - raft.server.rpcslowness.timeout = 120s (custom)
2019-10-02 11:48:57,093 [pool-699-thread-1] INFO  server.RaftServerConfigKeys (ConfUtils.java:logGet(43)) - raft.server.sleep.deviation.threshold = 300 (default)
2019-10-02 11:48:57,093 [pool-699-thread-1] INFO  server.RaftServerConfigKeys (ConfUtils.java:logGet(43)) - raft.server.log.appender.install.snapshot.enabled = false (custom)
2019-10-02 11:48:57,094 [pool-699-thread-1] INFO  impl.RaftServerImpl (ServerState.java:<init>(103)) - 510cfd7b-3107-4a0d-8519-c4ac68a6e374@group-2BC30D23712F: ConfigurationManager, init=-1: [510cfd7b-3107-4a0d-8519-c4ac68a6e374:192.168.164.220:42315], old=null, confs=<EMPTY_MAP>
2019-10-02 11:48:57,094 [pool-699-thread-1] INFO  server.RaftServerConfigKeys (ConfUtils.java:logGet(43)) - raft.server.storage.dir = [/workdir/hadoop-ozone/integration-test/target/test-dir/MiniOzoneClusterImpl-fed8c003-1200-44bf-ac4e-1089d90acbae/datanode-2/data/ratis] (custom)
2019-10-02 11:48:57,094 [pool-699-thread-1] INFO  server.RaftServerConfigKeys (ConfUtils.java:logGet(43)) - raft.server.log.corruption.policy = EXCEPTION (default)
2019-10-02 11:48:57,094 [pool-699-thread-1] INFO  storage.RaftStorageDirectory (RaftStorageDirectory.java:analyzeStorage(246)) - The storage directory /workdir/hadoop-ozone/integration-test/target/test-dir/MiniOzoneClusterImpl-fed8c003-1200-44bf-ac4e-1089d90acbae/datanode-2/data/ratis/22b48041-eb31-4eab-bbc2-2bc30d23712f does not exist. Creating ...
2019-10-02 11:48:57,107 [pool-699-thread-1] INFO  storage.RaftStorageDirectory (RaftStorageDirectory.java:tryLock(328)) - Lock on /workdir/hadoop-ozone/integration-test/target/test-dir/MiniOzoneClusterImpl-fed8c003-1200-44bf-ac4e-1089d90acbae/datanode-2/data/ratis/22b48041-eb31-4eab-bbc2-2bc30d23712f/in_use.lock acquired by nodename 13782@pr-hdds-2225-rpdbg-2298847827
2019-10-02 11:48:57,122 [pool-699-thread-1] INFO  storage.RaftStorage (RaftStorage.java:format(84)) - Storage directory /workdir/hadoop-ozone/integration-test/target/test-dir/MiniOzoneClusterImpl-fed8c003-1200-44bf-ac4e-1089d90acbae/datanode-2/data/ratis/22b48041-eb31-4eab-bbc2-2bc30d23712f has been successfully formatted.
2019-10-02 11:48:57,122 [pool-699-thread-1] INFO  ratis.ContainerStateMachine (ContainerStateMachine.java:loadSnapshot(230)) - group-2BC30D23712F: The snapshot info is null. Setting the last applied indexto:(t:0, i:~)
2019-10-02 11:48:57,123 [pool-699-thread-1] INFO  server.RaftServerConfigKeys (ConfUtils.java:logGet(43)) - raft.server.notification.no-leader.timeout = 120s (custom)
2019-10-02 11:48:57,123 [pool-699-thread-1] INFO  server.RaftServerConfigKeys (ConfUtils.java:logGet(43)) - raft.server.log.use.memory = false (default)
2019-10-02 11:48:57,123 [pool-699-thread-1] INFO  server.RaftServerConfigKeys (ConfUtils.java:logGet(43)) - raft.server.log.purge.gap = 1000000 (custom)
2019-10-02 11:48:57,123 [pool-699-thread-1] INFO  server.RaftServerConfigKeys (ConfUtils.java:logGet(43)) - raft.server.log.appender.buffer.byte-limit = 33554432 (custom)
2019-10-02 11:48:57,123 [pool-699-thread-1] INFO  server.RaftServerConfigKeys (ConfUtils.java:logGet(43)) - raft.server.log.segment.size.max = 1048576 (custom)
2019-10-02 11:48:57,124 [pool-699-thread-1] INFO  server.RaftServerConfigKeys (ConfUtils.java:logGet(43)) - raft.server.log.segment.cache.num.max = 2 (custom)
2019-10-02 11:48:57,124 [pool-699-thread-1] INFO  segmented.SegmentedRaftLogWorker (SegmentedRaftLogWorker.java:<init>(173)) - new 510cfd7b-3107-4a0d-8519-c4ac68a6e374@group-2BC30D23712F-SegmentedRaftLogWorker for RaftStorage:Storage Directory /workdir/hadoop-ozone/integration-test/target/test-dir/MiniOzoneClusterImpl-fed8c003-1200-44bf-ac4e-1089d90acbae/datanode-2/data/ratis/22b48041-eb31-4eab-bbc2-2bc30d23712f
2019-10-02 11:48:57,124 [pool-699-thread-1] INFO  server.RaftServerConfigKeys (ConfUtils.java:logGet(43)) - raft.server.log.queue.byte-limit = 2147483647 (custom)
2019-10-02 11:48:57,124 [pool-699-thread-1] INFO  server.RaftServerConfigKeys (ConfUtils.java:logGet(43)) - raft.server.log.queue.element-limit = 1024 (custom)
2019-10-02 11:48:57,124 [pool-699-thread-1] INFO  server.RaftServerConfigKeys (ConfUtils.java:logGet(43)) - raft.server.log.segment.size.max = 1048576 (custom)
2019-10-02 11:48:57,124 [pool-699-thread-1] INFO  server.RaftServerConfigKeys (ConfUtils.java:logGet(43)) - raft.server.log.preallocated.size = 16384 (custom)
2019-10-02 11:48:57,124 [pool-699-thread-1] INFO  server.RaftServerConfigKeys (ConfUtils.java:logGet(43)) - raft.server.log.write.buffer.size = 33554432 (custom)
2019-10-02 11:48:57,125 [pool-699-thread-1] INFO  server.RaftServerConfigKeys (ConfUtils.java:logGet(43)) - raft.server.log.force.sync.num = 128 (default)
2019-10-02 11:48:57,125 [pool-699-thread-1] INFO  server.RaftServerConfigKeys (ConfUtils.java:logGet(43)) - raft.server.log.statemachine.data.sync = true (default)
2019-10-02 11:48:57,125 [pool-699-thread-1] INFO  server.RaftServerConfigKeys (ConfUtils.java:logGet(43)) - raft.server.log.statemachine.data.sync.timeout = 10s (default)
2019-10-02 11:48:57,125 [pool-699-thread-1] INFO  server.RaftServerConfigKeys (ConfUtils.java:logGet(43)) - raft.server.log.statemachine.data.sync.timeout.retry = -1 (default)
2019-10-02 11:48:57,125 [pool-699-thread-1] INFO  server.RaftServerConfigKeys (ConfUtils.java:logGet(43)) - raft.server.log.statemachine.data.caching.enabled = true (custom)
2019-10-02 11:48:57,125 [pool-699-thread-1] INFO  segmented.SegmentedRaftLogWorker (SegmentedRaftLogWorker.java:lambda$new$0(128)) - 510cfd7b-3107-4a0d-8519-c4ac68a6e374@group-2BC30D23712F-SegmentedRaftLogWorker: flushIndex: setUnconditionally 0 -> -1
2019-10-02 11:48:57,126 [pool-699-thread-1] INFO  server.RaftServerConfigKeys (ConfUtils.java:logGet(43)) - raft.server.snapshot.auto.trigger.enabled = true (custom)
2019-10-02 11:48:57,126 [pool-699-thread-1] INFO  server.RaftServerConfigKeys (ConfUtils.java:logGet(43)) - raft.server.snapshot.auto.trigger.threshold = 10000 (custom)
2019-10-02 11:48:57,126 [pool-699-thread-1] INFO  server.RaftServerConfigKeys (ConfUtils.java:logGet(43)) - raft.server.snapshot.retention.file.num = 5 (custom)
2019-10-02 11:48:57,126 [pool-699-thread-1] INFO  server.RaftServerConfigKeys (ConfUtils.java:logGet(43)) - raft.server.retrycache.expirytime = 600000ms (custom)
2019-10-02 11:48:57,127 [pool-699-thread-1] INFO  impl.RaftServerImpl (RaftServerImpl.java:start(181)) - 510cfd7b-3107-4a0d-8519-c4ac68a6e374@group-2BC30D23712F: start as a follower, conf=-1: [510cfd7b-3107-4a0d-8519-c4ac68a6e374:192.168.164.220:42315], old=null
2019-10-02 11:48:57,127 [pool-699-thread-1] INFO  impl.RaftServerImpl (RaftServerImpl.java:setRole(170)) - 510cfd7b-3107-4a0d-8519-c4ac68a6e374@group-2BC30D23712F: changes role from      null to FOLLOWER at term 0 for startAsFollower
2019-10-02 11:48:57,127 [pool-699-thread-1] INFO  impl.RoleInfo (RoleInfo.java:updateAndGet(143)) - 510cfd7b-3107-4a0d-8519-c4ac68a6e374: start FollowerState
2019-10-02 11:48:57,127 [pool-699-thread-1] INFO  util.JmxRegister (JmxRegister.java:tryRegister(44)) - Successfully registered JMX Bean with object name Ratis:service=RaftServer,group=group-2BC30D23712F,id=510cfd7b-3107-4a0d-8519-c4ac68a6e374
2019-10-02 11:48:57,130 [RatisPipelineUtilsThread] INFO  pipeline.PipelineStateManager (PipelineStateManager.java:addPipeline(56)) - Created pipeline Pipeline[ Id: 22b48041-eb31-4eab-bbc2-2bc30d23712f, Nodes: 510cfd7b-3107-4a0d-8519-c4ac68a6e374{ip: 192.168.164.220, host: pr-hdds-2225-rpdbg-2298847827, networkLocation: /default-rack, certSerialId: null}, Type:RATIS, Factor:ONE, State:OPEN]
2019-10-02 11:48:57,135 [IPC Server handler 6 on 35345] INFO  net.NetworkTopology (NetworkTopologyImpl.java:add(111)) - Added a new node: /default-rack/51b5bcf3-deaf-4700-bbe7-a90669d5eae5
2019-10-02 11:48:57,140 [IPC Server handler 6 on 35345] INFO  node.SCMNodeManager (SCMNodeManager.java:register(266)) - Registered Data node : 51b5bcf3-deaf-4700-bbe7-a90669d5eae5{ip: 192.168.164.220, host: pr-hdds-2225-rpdbg-2298847827, networkLocation: /default-rack, certSerialId: null}
2019-10-02 11:48:57,141 [grpc-default-executor-10] INFO  impl.RaftServerProxy (RaftServerProxy.java:addNew(89)) - 113bc92a-68bb-4892-8ddf-fb6b0142bd31: addNew group-EDBDEA049EE4:[113bc92a-68bb-4892-8ddf-fb6b0142bd31:192.168.164.220:34673, 510cfd7b-3107-4a0d-8519-c4ac68a6e374:192.168.164.220:42315, ef506d76-330f-4ecf-9b72-dea24feabbc3:192.168.164.220:33031] returns group-EDBDEA049EE4:java.util.concurrent.CompletableFuture@4bb81d31[Not completed]
2019-10-02 11:48:57,142 [grpc-default-executor-10] INFO  impl.RaftServerProxy (RaftServerProxy.java:addNew(89)) - 510cfd7b-3107-4a0d-8519-c4ac68a6e374: addNew group-EDBDEA049EE4:[113bc92a-68bb-4892-8ddf-fb6b0142bd31:192.168.164.220:34673, 510cfd7b-3107-4a0d-8519-c4ac68a6e374:192.168.164.220:42315, ef506d76-330f-4ecf-9b72-dea24feabbc3:192.168.164.220:33031] returns group-EDBDEA049EE4:java.util.concurrent.CompletableFuture@5ecfb7db[Not completed]
2019-10-02 11:48:57,142 [grpc-default-executor-7] INFO  impl.RaftServerProxy (RaftServerProxy.java:addNew(89)) - ef506d76-330f-4ecf-9b72-dea24feabbc3: addNew group-EDBDEA049EE4:[113bc92a-68bb-4892-8ddf-fb6b0142bd31:192.168.164.220:34673, 510cfd7b-3107-4a0d-8519-c4ac68a6e374:192.168.164.220:42315, ef506d76-330f-4ecf-9b72-dea24feabbc3:192.168.164.220:33031] returns group-EDBDEA049EE4:java.util.concurrent.CompletableFuture@60532e96[Not completed]
2019-10-02 11:48:57,142 [pool-679-thread-1] INFO  impl.RaftServerImpl (RaftServerImpl.java:<init>(95)) - 113bc92a-68bb-4892-8ddf-fb6b0142bd31: new RaftServerImpl for group-EDBDEA049EE4:[113bc92a-68bb-4892-8ddf-fb6b0142bd31:192.168.164.220:34673, 510cfd7b-3107-4a0d-8519-c4ac68a6e374:192.168.164.220:42315, ef506d76-330f-4ecf-9b72-dea24feabbc3:192.168.164.220:33031] with ContainerStateMachine:uninitialized
2019-10-02 11:48:57,142 [pool-679-thread-1] INFO  server.RaftServerConfigKeys (ConfUtils.java:logGet(43)) - raft.server.rpc.timeout.min = 5s (custom)
2019-10-02 11:48:57,142 [pool-679-thread-1] INFO  server.RaftServerConfigKeys (ConfUtils.java:logGet(43)) - raft.server.rpc.timeout.max = 5200ms (custom)
2019-10-02 11:48:57,143 [pool-679-thread-1] INFO  server.RaftServerConfigKeys (ConfUtils.java:logGet(43)) - raft.server.rpcslowness.timeout = 120s (custom)
2019-10-02 11:48:57,143 [pool-699-thread-1] INFO  impl.RaftServerImpl (RaftServerImpl.java:<init>(95)) - 510cfd7b-3107-4a0d-8519-c4ac68a6e374: new RaftServerImpl for group-EDBDEA049EE4:[113bc92a-68bb-4892-8ddf-fb6b0142bd31:192.168.164.220:34673, 510cfd7b-3107-4a0d-8519-c4ac68a6e374:192.168.164.220:42315, ef506d76-330f-4ecf-9b72-dea24feabbc3:192.168.164.220:33031] with ContainerStateMachine:uninitialized
2019-10-02 11:48:57,143 [pool-679-thread-1] INFO  server.RaftServerConfigKeys (ConfUtils.java:logGet(43)) - raft.server.sleep.deviation.threshold = 300 (default)
2019-10-02 11:48:57,143 [pool-699-thread-1] INFO  server.RaftServerConfigKeys (ConfUtils.java:logGet(43)) - raft.server.rpc.timeout.min = 5s (custom)
2019-10-02 11:48:57,143 [pool-679-thread-1] INFO  server.RaftServerConfigKeys (ConfUtils.java:logGet(43)) - raft.server.log.appender.install.snapshot.enabled = false (custom)
2019-10-02 11:48:57,143 [pool-699-thread-1] INFO  server.RaftServerConfigKeys (ConfUtils.java:logGet(43)) - raft.server.rpc.timeout.max = 5200ms (custom)
2019-10-02 11:48:57,143 [pool-689-thread-1] INFO  impl.RaftServerImpl (RaftServerImpl.java:<init>(95)) - ef506d76-330f-4ecf-9b72-dea24feabbc3: new RaftServerImpl for group-EDBDEA049EE4:[113bc92a-68bb-4892-8ddf-fb6b0142bd31:192.168.164.220:34673, 510cfd7b-3107-4a0d-8519-c4ac68a6e374:192.168.164.220:42315, ef506d76-330f-4ecf-9b72-dea24feabbc3:192.168.164.220:33031] with ContainerStateMachine:uninitialized
2019-10-02 11:48:57,143 [pool-689-thread-1] INFO  server.RaftServerConfigKeys (ConfUtils.java:logGet(43)) - raft.server.rpc.timeout.min = 5s (custom)
2019-10-02 11:48:57,143 [pool-689-thread-1] INFO  server.RaftServerConfigKeys (ConfUtils.java:logGet(43)) - raft.server.rpc.timeout.max = 5200ms (custom)
2019-10-02 11:48:57,144 [pool-689-thread-1] INFO  server.RaftServerConfigKeys (ConfUtils.java:logGet(43)) - raft.server.rpcslowness.timeout = 120s (custom)
2019-10-02 11:48:57,144 [pool-689-thread-1] INFO  server.RaftServerConfigKeys (ConfUtils.java:logGet(43)) - raft.server.sleep.deviation.threshold = 300 (default)
2019-10-02 11:48:57,144 [pool-689-thread-1] INFO  server.RaftServerConfigKeys (ConfUtils.java:logGet(43)) - raft.server.log.appender.install.snapshot.enabled = false (custom)
2019-10-02 11:48:57,144 [pool-689-thread-1] INFO  impl.RaftServerImpl (ServerState.java:<init>(103)) - ef506d76-330f-4ecf-9b72-dea24feabbc3@group-EDBDEA049EE4: ConfigurationManager, init=-1: [113bc92a-68bb-4892-8ddf-fb6b0142bd31:192.168.164.220:34673, 510cfd7b-3107-4a0d-8519-c4ac68a6e374:192.168.164.220:42315, ef506d76-330f-4ecf-9b72-dea24feabbc3:192.168.164.220:33031], old=null, confs=<EMPTY_MAP>
2019-10-02 11:48:57,144 [pool-689-thread-1] INFO  server.RaftServerConfigKeys (ConfUtils.java:logGet(43)) - raft.server.storage.dir = [/workdir/hadoop-ozone/integration-test/target/test-dir/MiniOzoneClusterImpl-fed8c003-1200-44bf-ac4e-1089d90acbae/datanode-1/data/ratis] (custom)
2019-10-02 11:48:57,143 [pool-679-thread-1] INFO  impl.RaftServerImpl (ServerState.java:<init>(103)) - 113bc92a-68bb-4892-8ddf-fb6b0142bd31@group-EDBDEA049EE4: ConfigurationManager, init=-1: [113bc92a-68bb-4892-8ddf-fb6b0142bd31:192.168.164.220:34673, 510cfd7b-3107-4a0d-8519-c4ac68a6e374:192.168.164.220:42315, ef506d76-330f-4ecf-9b72-dea24feabbc3:192.168.164.220:33031], old=null, confs=<EMPTY_MAP>
2019-10-02 11:48:57,144 [pool-689-thread-1] INFO  server.RaftServerConfigKeys (ConfUtils.java:logGet(43)) - raft.server.log.corruption.policy = EXCEPTION (default)
2019-10-02 11:48:57,144 [pool-679-thread-1] INFO  server.RaftServerConfigKeys (ConfUtils.java:logGet(43)) - raft.server.storage.dir = [/workdir/hadoop-ozone/integration-test/target/test-dir/MiniOzoneClusterImpl-fed8c003-1200-44bf-ac4e-1089d90acbae/datanode-0/data/ratis] (custom)
2019-10-02 11:48:57,143 [pool-699-thread-1] INFO  server.RaftServerConfigKeys (ConfUtils.java:logGet(43)) - raft.server.rpcslowness.timeout = 120s (custom)
2019-10-02 11:48:57,145 [pool-679-thread-1] INFO  server.RaftServerConfigKeys (ConfUtils.java:logGet(43)) - raft.server.log.corruption.policy = EXCEPTION (default)
2019-10-02 11:48:57,145 [pool-689-thread-1] INFO  storage.RaftStorageDirectory (RaftStorageDirectory.java:analyzeStorage(246)) - The storage directory /workdir/hadoop-ozone/integration-test/target/test-dir/MiniOzoneClusterImpl-fed8c003-1200-44bf-ac4e-1089d90acbae/datanode-1/data/ratis/fc9d5f4e-9ab3-4009-a5df-edbdea049ee4 does not exist. Creating ...
2019-10-02 11:48:57,145 [pool-679-thread-1] INFO  storage.RaftStorageDirectory (RaftStorageDirectory.java:analyzeStorage(246)) - The storage directory /workdir/hadoop-ozone/integration-test/target/test-dir/MiniOzoneClusterImpl-fed8c003-1200-44bf-ac4e-1089d90acbae/datanode-0/data/ratis/fc9d5f4e-9ab3-4009-a5df-edbdea049ee4 does not exist. Creating ...
2019-10-02 11:48:57,145 [pool-699-thread-1] INFO  server.RaftServerConfigKeys (ConfUtils.java:logGet(43)) - raft.server.sleep.deviation.threshold = 300 (default)
2019-10-02 11:48:57,145 [pool-699-thread-1] INFO  server.RaftServerConfigKeys (ConfUtils.java:logGet(43)) - raft.server.log.appender.install.snapshot.enabled = false (custom)
2019-10-02 11:48:57,145 [pool-699-thread-1] INFO  impl.RaftServerImpl (ServerState.java:<init>(103)) - 510cfd7b-3107-4a0d-8519-c4ac68a6e374@group-EDBDEA049EE4: ConfigurationManager, init=-1: [113bc92a-68bb-4892-8ddf-fb6b0142bd31:192.168.164.220:34673, 510cfd7b-3107-4a0d-8519-c4ac68a6e374:192.168.164.220:42315, ef506d76-330f-4ecf-9b72-dea24feabbc3:192.168.164.220:33031], old=null, confs=<EMPTY_MAP>
2019-10-02 11:48:57,145 [pool-699-thread-1] INFO  server.RaftServerConfigKeys (ConfUtils.java:logGet(43)) - raft.server.storage.dir = [/workdir/hadoop-ozone/integration-test/target/test-dir/MiniOzoneClusterImpl-fed8c003-1200-44bf-ac4e-1089d90acbae/datanode-2/data/ratis] (custom)
2019-10-02 11:48:57,155 [pool-699-thread-1] INFO  server.RaftServerConfigKeys (ConfUtils.java:logGet(43)) - raft.server.log.corruption.policy = EXCEPTION (default)
2019-10-02 11:48:57,155 [pool-699-thread-1] INFO  storage.RaftStorageDirectory (RaftStorageDirectory.java:analyzeStorage(246)) - The storage directory /workdir/hadoop-ozone/integration-test/target/test-dir/MiniOzoneClusterImpl-fed8c003-1200-44bf-ac4e-1089d90acbae/datanode-2/data/ratis/fc9d5f4e-9ab3-4009-a5df-edbdea049ee4 does not exist. Creating ...
2019-10-02 11:48:57,169 [pool-699-thread-1] INFO  storage.RaftStorageDirectory (RaftStorageDirectory.java:tryLock(328)) - Lock on /workdir/hadoop-ozone/integration-test/target/test-dir/MiniOzoneClusterImpl-fed8c003-1200-44bf-ac4e-1089d90acbae/datanode-2/data/ratis/fc9d5f4e-9ab3-4009-a5df-edbdea049ee4/in_use.lock acquired by nodename 13782@pr-hdds-2225-rpdbg-2298847827
2019-10-02 11:48:57,169 [pool-689-thread-1] INFO  storage.RaftStorageDirectory (RaftStorageDirectory.java:tryLock(328)) - Lock on /workdir/hadoop-ozone/integration-test/target/test-dir/MiniOzoneClusterImpl-fed8c003-1200-44bf-ac4e-1089d90acbae/datanode-1/data/ratis/fc9d5f4e-9ab3-4009-a5df-edbdea049ee4/in_use.lock acquired by nodename 13782@pr-hdds-2225-rpdbg-2298847827
2019-10-02 11:48:57,169 [pool-679-thread-1] INFO  storage.RaftStorageDirectory (RaftStorageDirectory.java:tryLock(328)) - Lock on /workdir/hadoop-ozone/integration-test/target/test-dir/MiniOzoneClusterImpl-fed8c003-1200-44bf-ac4e-1089d90acbae/datanode-0/data/ratis/fc9d5f4e-9ab3-4009-a5df-edbdea049ee4/in_use.lock acquired by nodename 13782@pr-hdds-2225-rpdbg-2298847827
2019-10-02 11:48:57,183 [pool-699-thread-1] INFO  storage.RaftStorage (RaftStorage.java:format(84)) - Storage directory /workdir/hadoop-ozone/integration-test/target/test-dir/MiniOzoneClusterImpl-fed8c003-1200-44bf-ac4e-1089d90acbae/datanode-2/data/ratis/fc9d5f4e-9ab3-4009-a5df-edbdea049ee4 has been successfully formatted.
2019-10-02 11:48:57,183 [pool-679-thread-1] INFO  storage.RaftStorage (RaftStorage.java:format(84)) - Storage directory /workdir/hadoop-ozone/integration-test/target/test-dir/MiniOzoneClusterImpl-fed8c003-1200-44bf-ac4e-1089d90acbae/datanode-0/data/ratis/fc9d5f4e-9ab3-4009-a5df-edbdea049ee4 has been successfully formatted.
2019-10-02 11:48:57,183 [pool-689-thread-1] INFO  storage.RaftStorage (RaftStorage.java:format(84)) - Storage directory /workdir/hadoop-ozone/integration-test/target/test-dir/MiniOzoneClusterImpl-fed8c003-1200-44bf-ac4e-1089d90acbae/datanode-1/data/ratis/fc9d5f4e-9ab3-4009-a5df-edbdea049ee4 has been successfully formatted.
2019-10-02 11:48:57,183 [pool-679-thread-1] INFO  ratis.ContainerStateMachine (ContainerStateMachine.java:loadSnapshot(230)) - group-EDBDEA049EE4: The snapshot info is null. Setting the last applied indexto:(t:0, i:~)
2019-10-02 11:48:57,183 [pool-699-thread-1] INFO  ratis.ContainerStateMachine (ContainerStateMachine.java:loadSnapshot(230)) - group-EDBDEA049EE4: The snapshot info is null. Setting the last applied indexto:(t:0, i:~)
2019-10-02 11:48:57,184 [pool-679-thread-1] INFO  server.RaftServerConfigKeys (ConfUtils.java:logGet(43)) - raft.server.notification.no-leader.timeout = 120s (custom)
2019-10-02 11:48:57,184 [pool-689-thread-1] INFO  ratis.ContainerStateMachine (ContainerStateMachine.java:loadSnapshot(230)) - group-EDBDEA049EE4: The snapshot info is null. Setting the last applied indexto:(t:0, i:~)
2019-10-02 11:48:57,184 [pool-679-thread-1] INFO  server.RaftServerConfigKeys (ConfUtils.java:logGet(43)) - raft.server.log.use.memory = false (default)
2019-10-02 11:48:57,184 [pool-699-thread-1] INFO  server.RaftServerConfigKeys (ConfUtils.java:logGet(43)) - raft.server.notification.no-leader.timeout = 120s (custom)
2019-10-02 11:48:57,184 [pool-679-thread-1] INFO  server.RaftServerConfigKeys (ConfUtils.java:logGet(43)) - raft.server.log.purge.gap = 1000000 (custom)
2019-10-02 11:48:57,184 [pool-679-thread-1] INFO  server.RaftServerConfigKeys (ConfUtils.java:logGet(43)) - raft.server.log.appender.buffer.byte-limit = 33554432 (custom)
2019-10-02 11:48:57,184 [pool-689-thread-1] INFO  server.RaftServerConfigKeys (ConfUtils.java:logGet(43)) - raft.server.notification.no-leader.timeout = 120s (custom)
2019-10-02 11:48:57,184 [pool-679-thread-1] INFO  server.RaftServerConfigKeys (ConfUtils.java:logGet(43)) - raft.server.log.segment.size.max = 1048576 (custom)
2019-10-02 11:48:57,184 [pool-699-thread-1] INFO  server.RaftServerConfigKeys (ConfUtils.java:logGet(43)) - raft.server.log.use.memory = false (default)
2019-10-02 11:48:57,185 [pool-679-thread-1] INFO  server.RaftServerConfigKeys (ConfUtils.java:logGet(43)) - raft.server.log.segment.cache.num.max = 2 (custom)
2019-10-02 11:48:57,185 [pool-679-thread-1] INFO  segmented.SegmentedRaftLogWorker (SegmentedRaftLogWorker.java:<init>(173)) - new 113bc92a-68bb-4892-8ddf-fb6b0142bd31@group-EDBDEA049EE4-SegmentedRaftLogWorker for RaftStorage:Storage Directory /workdir/hadoop-ozone/integration-test/target/test-dir/MiniOzoneClusterImpl-fed8c003-1200-44bf-ac4e-1089d90acbae/datanode-0/data/ratis/fc9d5f4e-9ab3-4009-a5df-edbdea049ee4
2019-10-02 11:48:57,184 [pool-689-thread-1] INFO  server.RaftServerConfigKeys (ConfUtils.java:logGet(43)) - raft.server.log.use.memory = false (default)
2019-10-02 11:48:57,185 [pool-679-thread-1] INFO  server.RaftServerConfigKeys (ConfUtils.java:logGet(43)) - raft.server.log.queue.byte-limit = 2147483647 (custom)
2019-10-02 11:48:57,185 [pool-699-thread-1] INFO  server.RaftServerConfigKeys (ConfUtils.java:logGet(43)) - raft.server.log.purge.gap = 1000000 (custom)
2019-10-02 11:48:57,185 [pool-679-thread-1] INFO  server.RaftServerConfigKeys (ConfUtils.java:logGet(43)) - raft.server.log.queue.element-limit = 1024 (custom)
2019-10-02 11:48:57,185 [pool-689-thread-1] INFO  server.RaftServerConfigKeys (ConfUtils.java:logGet(43)) - raft.server.log.purge.gap = 1000000 (custom)
2019-10-02 11:48:57,185 [pool-699-thread-1] INFO  server.RaftServerConfigKeys (ConfUtils.java:logGet(43)) - raft.server.log.appender.buffer.byte-limit = 33554432 (custom)
2019-10-02 11:48:57,185 [pool-689-thread-1] INFO  server.RaftServerConfigKeys (ConfUtils.java:logGet(43)) - raft.server.log.appender.buffer.byte-limit = 33554432 (custom)
2019-10-02 11:48:57,185 [pool-699-thread-1] INFO  server.RaftServerConfigKeys (ConfUtils.java:logGet(43)) - raft.server.log.segment.size.max = 1048576 (custom)
2019-10-02 11:48:57,185 [pool-679-thread-1] INFO  server.RaftServerConfigKeys (ConfUtils.java:logGet(43)) - raft.server.log.segment.size.max = 1048576 (custom)
2019-10-02 11:48:57,186 [pool-699-thread-1] INFO  server.RaftServerConfigKeys (ConfUtils.java:logGet(43)) - raft.server.log.segment.cache.num.max = 2 (custom)
2019-10-02 11:48:57,186 [pool-689-thread-1] INFO  server.RaftServerConfigKeys (ConfUtils.java:logGet(43)) - raft.server.log.segment.size.max = 1048576 (custom)
2019-10-02 11:48:57,186 [pool-699-thread-1] INFO  segmented.SegmentedRaftLogWorker (SegmentedRaftLogWorker.java:<init>(173)) - new 510cfd7b-3107-4a0d-8519-c4ac68a6e374@group-EDBDEA049EE4-SegmentedRaftLogWorker for RaftStorage:Storage Directory /workdir/hadoop-ozone/integration-test/target/test-dir/MiniOzoneClusterImpl-fed8c003-1200-44bf-ac4e-1089d90acbae/datanode-2/data/ratis/fc9d5f4e-9ab3-4009-a5df-edbdea049ee4
2019-10-02 11:48:57,186 [pool-679-thread-1] INFO  server.RaftServerConfigKeys (ConfUtils.java:logGet(43)) - raft.server.log.preallocated.size = 16384 (custom)
2019-10-02 11:48:57,186 [pool-699-thread-1] INFO  server.RaftServerConfigKeys (ConfUtils.java:logGet(43)) - raft.server.log.queue.byte-limit = 2147483647 (custom)
2019-10-02 11:48:57,186 [pool-689-thread-1] INFO  server.RaftServerConfigKeys (ConfUtils.java:logGet(43)) - raft.server.log.segment.cache.num.max = 2 (custom)
2019-10-02 11:48:57,186 [pool-699-thread-1] INFO  server.RaftServerConfigKeys (ConfUtils.java:logGet(43)) - raft.server.log.queue.element-limit = 1024 (custom)
2019-10-02 11:48:57,186 [pool-679-thread-1] INFO  server.RaftServerConfigKeys (ConfUtils.java:logGet(43)) - raft.server.log.write.buffer.size = 33554432 (custom)
2019-10-02 11:48:57,187 [pool-699-thread-1] INFO  server.RaftServerConfigKeys (ConfUtils.java:logGet(43)) - raft.server.log.segment.size.max = 1048576 (custom)
2019-10-02 11:48:57,186 [pool-689-thread-1] INFO  segmented.SegmentedRaftLogWorker (SegmentedRaftLogWorker.java:<init>(173)) - new ef506d76-330f-4ecf-9b72-dea24feabbc3@group-EDBDEA049EE4-SegmentedRaftLogWorker for RaftStorage:Storage Directory /workdir/hadoop-ozone/integration-test/target/test-dir/MiniOzoneClusterImpl-fed8c003-1200-44bf-ac4e-1089d90acbae/datanode-1/data/ratis/fc9d5f4e-9ab3-4009-a5df-edbdea049ee4
2019-10-02 11:48:57,187 [pool-699-thread-1] INFO  server.RaftServerConfigKeys (ConfUtils.java:logGet(43)) - raft.server.log.preallocated.size = 16384 (custom)
2019-10-02 11:48:57,187 [pool-679-thread-1] INFO  server.RaftServerConfigKeys (ConfUtils.java:logGet(43)) - raft.server.log.force.sync.num = 128 (default)
2019-10-02 11:48:57,187 [pool-679-thread-1] INFO  server.RaftServerConfigKeys (ConfUtils.java:logGet(43)) - raft.server.log.statemachine.data.sync = true (default)
2019-10-02 11:48:57,187 [pool-679-thread-1] INFO  server.RaftServerConfigKeys (ConfUtils.java:logGet(43)) - raft.server.log.statemachine.data.sync.timeout = 10s (default)
2019-10-02 11:48:57,187 [pool-679-thread-1] INFO  server.RaftServerConfigKeys (ConfUtils.java:logGet(43)) - raft.server.log.statemachine.data.sync.timeout.retry = -1 (default)
2019-10-02 11:48:57,187 [pool-699-thread-1] INFO  server.RaftServerConfigKeys (ConfUtils.java:logGet(43)) - raft.server.log.write.buffer.size = 33554432 (custom)
2019-10-02 11:48:57,187 [pool-689-thread-1] INFO  server.RaftServerConfigKeys (ConfUtils.java:logGet(43)) - raft.server.log.queue.byte-limit = 2147483647 (custom)
2019-10-02 11:48:57,187 [pool-699-thread-1] INFO  server.RaftServerConfigKeys (ConfUtils.java:logGet(43)) - raft.server.log.force.sync.num = 128 (default)
2019-10-02 11:48:57,187 [pool-679-thread-1] INFO  server.RaftServerConfigKeys (ConfUtils.java:logGet(43)) - raft.server.log.statemachine.data.caching.enabled = true (custom)
2019-10-02 11:48:57,188 [pool-699-thread-1] INFO  server.RaftServerConfigKeys (ConfUtils.java:logGet(43)) - raft.server.log.statemachine.data.sync = true (default)
2019-10-02 11:48:57,188 [pool-679-thread-1] INFO  segmented.SegmentedRaftLogWorker (SegmentedRaftLogWorker.java:lambda$new$0(128)) - 113bc92a-68bb-4892-8ddf-fb6b0142bd31@group-EDBDEA049EE4-SegmentedRaftLogWorker: flushIndex: setUnconditionally 0 -> -1
2019-10-02 11:48:57,187 [pool-689-thread-1] INFO  server.RaftServerConfigKeys (ConfUtils.java:logGet(43)) - raft.server.log.queue.element-limit = 1024 (custom)
2019-10-02 11:48:57,188 [pool-699-thread-1] INFO  server.RaftServerConfigKeys (ConfUtils.java:logGet(43)) - raft.server.log.statemachine.data.sync.timeout = 10s (default)
2019-10-02 11:48:57,188 [pool-689-thread-1] INFO  server.RaftServerConfigKeys (ConfUtils.java:logGet(43)) - raft.server.log.segment.size.max = 1048576 (custom)
2019-10-02 11:48:57,188 [pool-679-thread-1] INFO  server.RaftServerConfigKeys (ConfUtils.java:logGet(43)) - raft.server.snapshot.auto.trigger.enabled = true (custom)
2019-10-02 11:48:57,188 [pool-689-thread-1] INFO  server.RaftServerConfigKeys (ConfUtils.java:logGet(43)) - raft.server.log.preallocated.size = 16384 (custom)
2019-10-02 11:48:57,188 [pool-699-thread-1] INFO  server.RaftServerConfigKeys (ConfUtils.java:logGet(43)) - raft.server.log.statemachine.data.sync.timeout.retry = -1 (default)
2019-10-02 11:48:57,188 [pool-689-thread-1] INFO  server.RaftServerConfigKeys (ConfUtils.java:logGet(43)) - raft.server.log.write.buffer.size = 33554432 (custom)
2019-10-02 11:48:57,188 [pool-679-thread-1] INFO  server.RaftServerConfigKeys (ConfUtils.java:logGet(43)) - raft.server.snapshot.auto.trigger.threshold = 10000 (custom)
2019-10-02 11:48:57,189 [pool-689-thread-1] INFO  server.RaftServerConfigKeys (ConfUtils.java:logGet(43)) - raft.server.log.force.sync.num = 128 (default)
2019-10-02 11:48:57,189 [pool-699-thread-1] INFO  server.RaftServerConfigKeys (ConfUtils.java:logGet(43)) - raft.server.log.statemachine.data.caching.enabled = true (custom)
2019-10-02 11:48:57,189 [pool-689-thread-1] INFO  server.RaftServerConfigKeys (ConfUtils.java:logGet(43)) - raft.server.log.statemachine.data.sync = true (default)
2019-10-02 11:48:57,189 [pool-679-thread-1] INFO  server.RaftServerConfigKeys (ConfUtils.java:logGet(43)) - raft.server.snapshot.retention.file.num = 5 (custom)
2019-10-02 11:48:57,189 [pool-689-thread-1] INFO  server.RaftServerConfigKeys (ConfUtils.java:logGet(43)) - raft.server.log.statemachine.data.sync.timeout = 10s (default)
2019-10-02 11:48:57,189 [pool-679-thread-1] INFO  server.RaftServerConfigKeys (ConfUtils.java:logGet(43)) - raft.server.retrycache.expirytime = 600000ms (custom)
2019-10-02 11:48:57,189 [pool-689-thread-1] INFO  server.RaftServerConfigKeys (ConfUtils.java:logGet(43)) - raft.server.log.statemachine.data.sync.timeout.retry = -1 (default)
2019-10-02 11:48:57,189 [pool-689-thread-1] INFO  server.RaftServerConfigKeys (ConfUtils.java:logGet(43)) - raft.server.log.statemachine.data.caching.enabled = true (custom)
2019-10-02 11:48:57,190 [pool-679-thread-1] INFO  impl.RaftServerImpl (RaftServerImpl.java:start(181)) - 113bc92a-68bb-4892-8ddf-fb6b0142bd31@group-EDBDEA049EE4: start as a follower, conf=-1: [113bc92a-68bb-4892-8ddf-fb6b0142bd31:192.168.164.220:34673, 510cfd7b-3107-4a0d-8519-c4ac68a6e374:192.168.164.220:42315, ef506d76-330f-4ecf-9b72-dea24feabbc3:192.168.164.220:33031], old=null
2019-10-02 11:48:57,190 [pool-689-thread-1] INFO  segmented.SegmentedRaftLogWorker (SegmentedRaftLogWorker.java:lambda$new$0(128)) - ef506d76-330f-4ecf-9b72-dea24feabbc3@group-EDBDEA049EE4-SegmentedRaftLogWorker: flushIndex: setUnconditionally 0 -> -1
2019-10-02 11:48:57,190 [pool-699-thread-1] INFO  segmented.SegmentedRaftLogWorker (SegmentedRaftLogWorker.java:lambda$new$0(128)) - 510cfd7b-3107-4a0d-8519-c4ac68a6e374@group-EDBDEA049EE4-SegmentedRaftLogWorker: flushIndex: setUnconditionally 0 -> -1
2019-10-02 11:48:57,190 [pool-679-thread-1] INFO  impl.RaftServerImpl (RaftServerImpl.java:setRole(170)) - 113bc92a-68bb-4892-8ddf-fb6b0142bd31@group-EDBDEA049EE4: changes role from      null to FOLLOWER at term 0 for startAsFollower
2019-10-02 11:48:57,191 [pool-689-thread-1] INFO  server.RaftServerConfigKeys (ConfUtils.java:logGet(43)) - raft.server.snapshot.auto.trigger.enabled = true (custom)
2019-10-02 11:48:57,191 [pool-679-thread-1] INFO  impl.RoleInfo (RoleInfo.java:updateAndGet(143)) - 113bc92a-68bb-4892-8ddf-fb6b0142bd31: start FollowerState
2019-10-02 11:48:57,191 [pool-689-thread-1] INFO  server.RaftServerConfigKeys (ConfUtils.java:logGet(43)) - raft.server.snapshot.auto.trigger.threshold = 10000 (custom)
2019-10-02 11:48:57,191 [pool-699-thread-1] INFO  server.RaftServerConfigKeys (ConfUtils.java:logGet(43)) - raft.server.snapshot.auto.trigger.enabled = true (custom)
2019-10-02 11:48:57,191 [pool-679-thread-1] INFO  util.JmxRegister (JmxRegister.java:tryRegister(44)) - Successfully registered JMX Bean with object name Ratis:service=RaftServer,group=group-EDBDEA049EE4,id=113bc92a-68bb-4892-8ddf-fb6b0142bd31
2019-10-02 11:48:57,191 [pool-689-thread-1] INFO  server.RaftServerConfigKeys (ConfUtils.java:logGet(43)) - raft.server.snapshot.retention.file.num = 5 (custom)
2019-10-02 11:48:57,191 [pool-699-thread-1] INFO  server.RaftServerConfigKeys (ConfUtils.java:logGet(43)) - raft.server.snapshot.auto.trigger.threshold = 10000 (custom)
2019-10-02 11:48:57,191 [pool-689-thread-1] INFO  server.RaftServerConfigKeys (ConfUtils.java:logGet(43)) - raft.server.retrycache.expirytime = 600000ms (custom)
2019-10-02 11:48:57,191 [pool-699-thread-1] INFO  server.RaftServerConfigKeys (ConfUtils.java:logGet(43)) - raft.server.snapshot.retention.file.num = 5 (custom)
2019-10-02 11:48:57,192 [pool-699-thread-1] INFO  server.RaftServerConfigKeys (ConfUtils.java:logGet(43)) - raft.server.retrycache.expirytime = 600000ms (custom)
2019-10-02 11:48:57,195 [pool-689-thread-1] INFO  impl.RaftServerImpl (RaftServerImpl.java:start(181)) - ef506d76-330f-4ecf-9b72-dea24feabbc3@group-EDBDEA049EE4: start as a follower, conf=-1: [113bc92a-68bb-4892-8ddf-fb6b0142bd31:192.168.164.220:34673, 510cfd7b-3107-4a0d-8519-c4ac68a6e374:192.168.164.220:42315, ef506d76-330f-4ecf-9b72-dea24feabbc3:192.168.164.220:33031], old=null
2019-10-02 11:48:57,195 [pool-689-thread-1] INFO  impl.RaftServerImpl (RaftServerImpl.java:setRole(170)) - ef506d76-330f-4ecf-9b72-dea24feabbc3@group-EDBDEA049EE4: changes role from      null to FOLLOWER at term 0 for startAsFollower
2019-10-02 11:48:57,195 [pool-689-thread-1] INFO  impl.RoleInfo (RoleInfo.java:updateAndGet(143)) - ef506d76-330f-4ecf-9b72-dea24feabbc3: start FollowerState
2019-10-02 11:48:57,195 [pool-699-thread-1] INFO  impl.RaftServerImpl (RaftServerImpl.java:start(181)) - 510cfd7b-3107-4a0d-8519-c4ac68a6e374@group-EDBDEA049EE4: start as a follower, conf=-1: [113bc92a-68bb-4892-8ddf-fb6b0142bd31:192.168.164.220:34673, 510cfd7b-3107-4a0d-8519-c4ac68a6e374:192.168.164.220:42315, ef506d76-330f-4ecf-9b72-dea24feabbc3:192.168.164.220:33031], old=null
2019-10-02 11:48:57,195 [pool-699-thread-1] INFO  impl.RaftServerImpl (RaftServerImpl.java:setRole(170)) - 510cfd7b-3107-4a0d-8519-c4ac68a6e374@group-EDBDEA049EE4: changes role from      null to FOLLOWER at term 0 for startAsFollower
2019-10-02 11:48:57,195 [pool-689-thread-1] INFO  util.JmxRegister (JmxRegister.java:tryRegister(44)) - Successfully registered JMX Bean with object name Ratis:service=RaftServer,group=group-EDBDEA049EE4,id=ef506d76-330f-4ecf-9b72-dea24feabbc3
2019-10-02 11:48:57,195 [pool-699-thread-1] INFO  impl.RoleInfo (RoleInfo.java:updateAndGet(143)) - 510cfd7b-3107-4a0d-8519-c4ac68a6e374: start FollowerState
2019-10-02 11:48:57,195 [pool-699-thread-1] INFO  util.JmxRegister (JmxRegister.java:tryRegister(44)) - Successfully registered JMX Bean with object name Ratis:service=RaftServer,group=group-EDBDEA049EE4,id=510cfd7b-3107-4a0d-8519-c4ac68a6e374
2019-10-02 11:48:57,199 [RatisPipelineUtilsThread] INFO  pipeline.PipelineStateManager (PipelineStateManager.java:addPipeline(56)) - Created pipeline Pipeline[ Id: fc9d5f4e-9ab3-4009-a5df-edbdea049ee4, Nodes: 510cfd7b-3107-4a0d-8519-c4ac68a6e374{ip: 192.168.164.220, host: pr-hdds-2225-rpdbg-2298847827, networkLocation: /default-rack, certSerialId: null}113bc92a-68bb-4892-8ddf-fb6b0142bd31{ip: 192.168.164.220, host: pr-hdds-2225-rpdbg-2298847827, networkLocation: /default-rack, certSerialId: null}ef506d76-330f-4ecf-9b72-dea24feabbc3{ip: 192.168.164.220, host: pr-hdds-2225-rpdbg-2298847827, networkLocation: /default-rack, certSerialId: null}, Type:RATIS, Factor:THREE, State:OPEN]
2019-10-02 11:48:57,200 [IPC Server handler 0 on 35345] INFO  net.NetworkTopology (NetworkTopologyImpl.java:add(111)) - Added a new node: /default-rack/50fccacf-7ba1-4d43-bfe6-78d7deac3c07
2019-10-02 11:48:57,201 [IPC Server handler 0 on 35345] INFO  node.SCMNodeManager (SCMNodeManager.java:register(266)) - Registered Data node : 50fccacf-7ba1-4d43-bfe6-78d7deac3c07{ip: 192.168.164.220, host: pr-hdds-2225-rpdbg-2298847827, networkLocation: /default-rack, certSerialId: null}
2019-10-02 11:48:57,206 [grpc-default-executor-7] INFO  impl.RaftServerProxy (RaftServerProxy.java:addNew(89)) - 51b5bcf3-deaf-4700-bbe7-a90669d5eae5: addNew group-2E6A0C5090CE:[51b5bcf3-deaf-4700-bbe7-a90669d5eae5:192.168.164.220:44712] returns group-2E6A0C5090CE:java.util.concurrent.CompletableFuture@5ebc5172[Not completed]
2019-10-02 11:48:57,216 [pool-709-thread-1] INFO  impl.RaftServerImpl (RaftServerImpl.java:<init>(95)) - 51b5bcf3-deaf-4700-bbe7-a90669d5eae5: new RaftServerImpl for group-2E6A0C5090CE:[51b5bcf3-deaf-4700-bbe7-a90669d5eae5:192.168.164.220:44712] with ContainerStateMachine:uninitialized
2019-10-02 11:48:57,218 [pool-709-thread-1] INFO  server.RaftServerConfigKeys (ConfUtils.java:logGet(43)) - raft.server.rpc.timeout.min = 5s (custom)
2019-10-02 11:48:57,218 [pool-709-thread-1] INFO  server.RaftServerConfigKeys (ConfUtils.java:logGet(43)) - raft.server.rpc.timeout.max = 5200ms (custom)
2019-10-02 11:48:57,218 [pool-709-thread-1] INFO  server.RaftServerConfigKeys (ConfUtils.java:logGet(43)) - raft.server.rpcslowness.timeout = 120s (custom)
2019-10-02 11:48:57,218 [pool-709-thread-1] INFO  server.RaftServerConfigKeys (ConfUtils.java:logGet(43)) - raft.server.sleep.deviation.threshold = 300 (default)
2019-10-02 11:48:57,218 [pool-709-thread-1] INFO  server.RaftServerConfigKeys (ConfUtils.java:logGet(43)) - raft.server.log.appender.install.snapshot.enabled = false (custom)
2019-10-02 11:48:57,218 [pool-709-thread-1] INFO  impl.RaftServerImpl (ServerState.java:<init>(103)) - 51b5bcf3-deaf-4700-bbe7-a90669d5eae5@group-2E6A0C5090CE: ConfigurationManager, init=-1: [51b5bcf3-deaf-4700-bbe7-a90669d5eae5:192.168.164.220:44712], old=null, confs=<EMPTY_MAP>
2019-10-02 11:48:57,219 [pool-709-thread-1] INFO  server.RaftServerConfigKeys (ConfUtils.java:logGet(43)) - raft.server.storage.dir = [/workdir/hadoop-ozone/integration-test/target/test-dir/MiniOzoneClusterImpl-fed8c003-1200-44bf-ac4e-1089d90acbae/datanode-3/data/ratis] (custom)
2019-10-02 11:48:57,219 [pool-709-thread-1] INFO  server.RaftServerConfigKeys (ConfUtils.java:logGet(43)) - raft.server.log.corruption.policy = EXCEPTION (default)
2019-10-02 11:48:57,219 [pool-709-thread-1] INFO  storage.RaftStorageDirectory (RaftStorageDirectory.java:analyzeStorage(246)) - The storage directory /workdir/hadoop-ozone/integration-test/target/test-dir/MiniOzoneClusterImpl-fed8c003-1200-44bf-ac4e-1089d90acbae/datanode-3/data/ratis/bf68d794-e373-4783-88c5-2e6a0c5090ce does not exist. Creating ...
2019-10-02 11:48:57,222 [pool-709-thread-1] INFO  storage.RaftStorageDirectory (RaftStorageDirectory.java:tryLock(328)) - Lock on /workdir/hadoop-ozone/integration-test/target/test-dir/MiniOzoneClusterImpl-fed8c003-1200-44bf-ac4e-1089d90acbae/datanode-3/data/ratis/bf68d794-e373-4783-88c5-2e6a0c5090ce/in_use.lock acquired by nodename 13782@pr-hdds-2225-rpdbg-2298847827
2019-10-02 11:48:57,225 [pool-709-thread-1] INFO  storage.RaftStorage (RaftStorage.java:format(84)) - Storage directory /workdir/hadoop-ozone/integration-test/target/test-dir/MiniOzoneClusterImpl-fed8c003-1200-44bf-ac4e-1089d90acbae/datanode-3/data/ratis/bf68d794-e373-4783-88c5-2e6a0c5090ce has been successfully formatted.
2019-10-02 11:48:57,225 [pool-709-thread-1] INFO  ratis.ContainerStateMachine (ContainerStateMachine.java:loadSnapshot(230)) - group-2E6A0C5090CE: The snapshot info is null. Setting the last applied indexto:(t:0, i:~)
2019-10-02 11:48:57,225 [pool-709-thread-1] INFO  server.RaftServerConfigKeys (ConfUtils.java:logGet(43)) - raft.server.notification.no-leader.timeout = 120s (custom)
2019-10-02 11:48:57,225 [pool-709-thread-1] INFO  server.RaftServerConfigKeys (ConfUtils.java:logGet(43)) - raft.server.log.use.memory = false (default)
2019-10-02 11:48:57,225 [pool-709-thread-1] INFO  server.RaftServerConfigKeys (ConfUtils.java:logGet(43)) - raft.server.log.purge.gap = 1000000 (custom)
2019-10-02 11:48:57,225 [pool-709-thread-1] INFO  server.RaftServerConfigKeys (ConfUtils.java:logGet(43)) - raft.server.log.appender.buffer.byte-limit = 33554432 (custom)
2019-10-02 11:48:57,225 [pool-709-thread-1] INFO  server.RaftServerConfigKeys (ConfUtils.java:logGet(43)) - raft.server.log.segment.size.max = 1048576 (custom)
2019-10-02 11:48:57,226 [pool-709-thread-1] INFO  server.RaftServerConfigKeys (ConfUtils.java:logGet(43)) - raft.server.log.segment.cache.num.max = 2 (custom)
2019-10-02 11:48:57,227 [pool-709-thread-1] INFO  segmented.SegmentedRaftLogWorker (SegmentedRaftLogWorker.java:<init>(173)) - new 51b5bcf3-deaf-4700-bbe7-a90669d5eae5@group-2E6A0C5090CE-SegmentedRaftLogWorker for RaftStorage:Storage Directory /workdir/hadoop-ozone/integration-test/target/test-dir/MiniOzoneClusterImpl-fed8c003-1200-44bf-ac4e-1089d90acbae/datanode-3/data/ratis/bf68d794-e373-4783-88c5-2e6a0c5090ce
2019-10-02 11:48:57,227 [pool-709-thread-1] INFO  server.RaftServerConfigKeys (ConfUtils.java:logGet(43)) - raft.server.log.queue.byte-limit = 2147483647 (custom)
2019-10-02 11:48:57,227 [pool-709-thread-1] INFO  server.RaftServerConfigKeys (ConfUtils.java:logGet(43)) - raft.server.log.queue.element-limit = 1024 (custom)
2019-10-02 11:48:57,227 [pool-709-thread-1] INFO  server.RaftServerConfigKeys (ConfUtils.java:logGet(43)) - raft.server.log.segment.size.max = 1048576 (custom)
2019-10-02 11:48:57,227 [pool-709-thread-1] INFO  server.RaftServerConfigKeys (ConfUtils.java:logGet(43)) - raft.server.log.preallocated.size = 16384 (custom)
2019-10-02 11:48:57,227 [pool-709-thread-1] INFO  server.RaftServerConfigKeys (ConfUtils.java:logGet(43)) - raft.server.log.write.buffer.size = 33554432 (custom)
2019-10-02 11:48:57,227 [pool-709-thread-1] INFO  server.RaftServerConfigKeys (ConfUtils.java:logGet(43)) - raft.server.log.force.sync.num = 128 (default)
2019-10-02 11:48:57,227 [pool-709-thread-1] INFO  server.RaftServerConfigKeys (ConfUtils.java:logGet(43)) - raft.server.log.statemachine.data.sync = true (default)
2019-10-02 11:48:57,227 [pool-709-thread-1] INFO  server.RaftServerConfigKeys (ConfUtils.java:logGet(43)) - raft.server.log.statemachine.data.sync.timeout = 10s (default)
2019-10-02 11:48:57,227 [pool-709-thread-1] INFO  server.RaftServerConfigKeys (ConfUtils.java:logGet(43)) - raft.server.log.statemachine.data.sync.timeout.retry = -1 (default)
2019-10-02 11:48:57,228 [pool-709-thread-1] INFO  server.RaftServerConfigKeys (ConfUtils.java:logGet(43)) - raft.server.log.statemachine.data.caching.enabled = true (custom)
2019-10-02 11:48:57,228 [pool-709-thread-1] INFO  segmented.SegmentedRaftLogWorker (SegmentedRaftLogWorker.java:lambda$new$0(128)) - 51b5bcf3-deaf-4700-bbe7-a90669d5eae5@group-2E6A0C5090CE-SegmentedRaftLogWorker: flushIndex: setUnconditionally 0 -> -1
2019-10-02 11:48:57,228 [pool-709-thread-1] INFO  server.RaftServerConfigKeys (ConfUtils.java:logGet(43)) - raft.server.snapshot.auto.trigger.enabled = true (custom)
2019-10-02 11:48:57,228 [pool-709-thread-1] INFO  server.RaftServerConfigKeys (ConfUtils.java:logGet(43)) - raft.server.snapshot.auto.trigger.threshold = 10000 (custom)
2019-10-02 11:48:57,228 [pool-709-thread-1] INFO  server.RaftServerConfigKeys (ConfUtils.java:logGet(43)) - raft.server.snapshot.retention.file.num = 5 (custom)
2019-10-02 11:48:57,228 [pool-709-thread-1] INFO  server.RaftServerConfigKeys (ConfUtils.java:logGet(43)) - raft.server.retrycache.expirytime = 600000ms (custom)
2019-10-02 11:48:57,230 [pool-709-thread-1] INFO  impl.RaftServerImpl (RaftServerImpl.java:start(181)) - 51b5bcf3-deaf-4700-bbe7-a90669d5eae5@group-2E6A0C5090CE: start as a follower, conf=-1: [51b5bcf3-deaf-4700-bbe7-a90669d5eae5:192.168.164.220:44712], old=null
2019-10-02 11:48:57,230 [pool-709-thread-1] INFO  impl.RaftServerImpl (RaftServerImpl.java:setRole(170)) - 51b5bcf3-deaf-4700-bbe7-a90669d5eae5@group-2E6A0C5090CE: changes role from      null to FOLLOWER at term 0 for startAsFollower
2019-10-02 11:48:57,230 [pool-709-thread-1] INFO  impl.RoleInfo (RoleInfo.java:updateAndGet(143)) - 51b5bcf3-deaf-4700-bbe7-a90669d5eae5: start FollowerState
2019-10-02 11:48:57,230 [pool-709-thread-1] INFO  util.JmxRegister (JmxRegister.java:tryRegister(44)) - Successfully registered JMX Bean with object name Ratis:service=RaftServer,group=group-2E6A0C5090CE,id=51b5bcf3-deaf-4700-bbe7-a90669d5eae5
2019-10-02 11:48:57,233 [RatisPipelineUtilsThread] INFO  pipeline.PipelineStateManager (PipelineStateManager.java:addPipeline(56)) - Created pipeline Pipeline[ Id: bf68d794-e373-4783-88c5-2e6a0c5090ce, Nodes: 51b5bcf3-deaf-4700-bbe7-a90669d5eae5{ip: 192.168.164.220, host: pr-hdds-2225-rpdbg-2298847827, networkLocation: /default-rack, certSerialId: null}, Type:RATIS, Factor:ONE, State:OPEN]
2019-10-02 11:48:57,240 [grpc-default-executor-7] INFO  impl.RaftServerProxy (RaftServerProxy.java:addNew(89)) - 50fccacf-7ba1-4d43-bfe6-78d7deac3c07: addNew group-51615C681F5A:[50fccacf-7ba1-4d43-bfe6-78d7deac3c07:192.168.164.220:42145] returns group-51615C681F5A:java.util.concurrent.CompletableFuture@726edcbb[Not completed]
2019-10-02 11:48:57,242 [pool-719-thread-1] INFO  impl.RaftServerImpl (RaftServerImpl.java:<init>(95)) - 50fccacf-7ba1-4d43-bfe6-78d7deac3c07: new RaftServerImpl for group-51615C681F5A:[50fccacf-7ba1-4d43-bfe6-78d7deac3c07:192.168.164.220:42145] with ContainerStateMachine:uninitialized
2019-10-02 11:48:57,242 [pool-719-thread-1] INFO  server.RaftServerConfigKeys (ConfUtils.java:logGet(43)) - raft.server.rpc.timeout.min = 5s (custom)
2019-10-02 11:48:57,242 [pool-719-thread-1] INFO  server.RaftServerConfigKeys (ConfUtils.java:logGet(43)) - raft.server.rpc.timeout.max = 5200ms (custom)
2019-10-02 11:48:57,242 [pool-719-thread-1] INFO  server.RaftServerConfigKeys (ConfUtils.java:logGet(43)) - raft.server.rpcslowness.timeout = 120s (custom)
2019-10-02 11:48:57,242 [pool-719-thread-1] INFO  server.RaftServerConfigKeys (ConfUtils.java:logGet(43)) - raft.server.sleep.deviation.threshold = 300 (default)
2019-10-02 11:48:57,242 [pool-719-thread-1] INFO  server.RaftServerConfigKeys (ConfUtils.java:logGet(43)) - raft.server.log.appender.install.snapshot.enabled = false (custom)
2019-10-02 11:48:57,242 [pool-719-thread-1] INFO  impl.RaftServerImpl (ServerState.java:<init>(103)) - 50fccacf-7ba1-4d43-bfe6-78d7deac3c07@group-51615C681F5A: ConfigurationManager, init=-1: [50fccacf-7ba1-4d43-bfe6-78d7deac3c07:192.168.164.220:42145], old=null, confs=<EMPTY_MAP>
2019-10-02 11:48:57,242 [pool-719-thread-1] INFO  server.RaftServerConfigKeys (ConfUtils.java:logGet(43)) - raft.server.storage.dir = [/workdir/hadoop-ozone/integration-test/target/test-dir/MiniOzoneClusterImpl-fed8c003-1200-44bf-ac4e-1089d90acbae/datanode-4/data/ratis] (custom)
2019-10-02 11:48:57,242 [pool-719-thread-1] INFO  server.RaftServerConfigKeys (ConfUtils.java:logGet(43)) - raft.server.log.corruption.policy = EXCEPTION (default)
2019-10-02 11:48:57,243 [pool-719-thread-1] INFO  storage.RaftStorageDirectory (RaftStorageDirectory.java:analyzeStorage(246)) - The storage directory /workdir/hadoop-ozone/integration-test/target/test-dir/MiniOzoneClusterImpl-fed8c003-1200-44bf-ac4e-1089d90acbae/datanode-4/data/ratis/1e704c56-2986-40ed-a443-51615c681f5a does not exist. Creating ...
2019-10-02 11:48:57,247 [pool-719-thread-1] INFO  storage.RaftStorageDirectory (RaftStorageDirectory.java:tryLock(328)) - Lock on /workdir/hadoop-ozone/integration-test/target/test-dir/MiniOzoneClusterImpl-fed8c003-1200-44bf-ac4e-1089d90acbae/datanode-4/data/ratis/1e704c56-2986-40ed-a443-51615c681f5a/in_use.lock acquired by nodename 13782@pr-hdds-2225-rpdbg-2298847827
2019-10-02 11:48:57,249 [pool-719-thread-1] INFO  storage.RaftStorage (RaftStorage.java:format(84)) - Storage directory /workdir/hadoop-ozone/integration-test/target/test-dir/MiniOzoneClusterImpl-fed8c003-1200-44bf-ac4e-1089d90acbae/datanode-4/data/ratis/1e704c56-2986-40ed-a443-51615c681f5a has been successfully formatted.
2019-10-02 11:48:57,250 [pool-719-thread-1] INFO  ratis.ContainerStateMachine (ContainerStateMachine.java:loadSnapshot(230)) - group-51615C681F5A: The snapshot info is null. Setting the last applied indexto:(t:0, i:~)
2019-10-02 11:48:57,250 [pool-719-thread-1] INFO  server.RaftServerConfigKeys (ConfUtils.java:logGet(43)) - raft.server.notification.no-leader.timeout = 120s (custom)
2019-10-02 11:48:57,250 [pool-719-thread-1] INFO  server.RaftServerConfigKeys (ConfUtils.java:logGet(43)) - raft.server.log.use.memory = false (default)
2019-10-02 11:48:57,250 [pool-719-thread-1] INFO  server.RaftServerConfigKeys (ConfUtils.java:logGet(43)) - raft.server.log.purge.gap = 1000000 (custom)
2019-10-02 11:48:57,250 [pool-719-thread-1] INFO  server.RaftServerConfigKeys (ConfUtils.java:logGet(43)) - raft.server.log.appender.buffer.byte-limit = 33554432 (custom)
2019-10-02 11:48:57,250 [pool-719-thread-1] INFO  server.RaftServerConfigKeys (ConfUtils.java:logGet(43)) - raft.server.log.segment.size.max = 1048576 (custom)
2019-10-02 11:48:57,251 [pool-719-thread-1] INFO  server.RaftServerConfigKeys (ConfUtils.java:logGet(43)) - raft.server.log.segment.cache.num.max = 2 (custom)
2019-10-02 11:48:57,251 [pool-719-thread-1] INFO  segmented.SegmentedRaftLogWorker (SegmentedRaftLogWorker.java:<init>(173)) - new 50fccacf-7ba1-4d43-bfe6-78d7deac3c07@group-51615C681F5A-SegmentedRaftLogWorker for RaftStorage:Storage Directory /workdir/hadoop-ozone/integration-test/target/test-dir/MiniOzoneClusterImpl-fed8c003-1200-44bf-ac4e-1089d90acbae/datanode-4/data/ratis/1e704c56-2986-40ed-a443-51615c681f5a
2019-10-02 11:48:57,251 [pool-719-thread-1] INFO  server.RaftServerConfigKeys (ConfUtils.java:logGet(43)) - raft.server.log.queue.byte-limit = 2147483647 (custom)
2019-10-02 11:48:57,252 [pool-719-thread-1] INFO  server.RaftServerConfigKeys (ConfUtils.java:logGet(43)) - raft.server.log.queue.element-limit = 1024 (custom)
2019-10-02 11:48:57,252 [pool-719-thread-1] INFO  server.RaftServerConfigKeys (ConfUtils.java:logGet(43)) - raft.server.log.segment.size.max = 1048576 (custom)
2019-10-02 11:48:57,252 [pool-719-thread-1] INFO  server.RaftServerConfigKeys (ConfUtils.java:logGet(43)) - raft.server.log.preallocated.size = 16384 (custom)
2019-10-02 11:48:57,252 [pool-719-thread-1] INFO  server.RaftServerConfigKeys (ConfUtils.java:logGet(43)) - raft.server.log.write.buffer.size = 33554432 (custom)
2019-10-02 11:48:57,252 [pool-719-thread-1] INFO  server.RaftServerConfigKeys (ConfUtils.java:logGet(43)) - raft.server.log.force.sync.num = 128 (default)
2019-10-02 11:48:57,252 [pool-719-thread-1] INFO  server.RaftServerConfigKeys (ConfUtils.java:logGet(43)) - raft.server.log.statemachine.data.sync = true (default)
2019-10-02 11:48:57,252 [pool-719-thread-1] INFO  server.RaftServerConfigKeys (ConfUtils.java:logGet(43)) - raft.server.log.statemachine.data.sync.timeout = 10s (default)
2019-10-02 11:48:57,252 [pool-719-thread-1] INFO  server.RaftServerConfigKeys (ConfUtils.java:logGet(43)) - raft.server.log.statemachine.data.sync.timeout.retry = -1 (default)
2019-10-02 11:48:57,252 [pool-719-thread-1] INFO  server.RaftServerConfigKeys (ConfUtils.java:logGet(43)) - raft.server.log.statemachine.data.caching.enabled = true (custom)
2019-10-02 11:48:57,253 [pool-719-thread-1] INFO  segmented.SegmentedRaftLogWorker (SegmentedRaftLogWorker.java:lambda$new$0(128)) - 50fccacf-7ba1-4d43-bfe6-78d7deac3c07@group-51615C681F5A-SegmentedRaftLogWorker: flushIndex: setUnconditionally 0 -> -1
2019-10-02 11:48:57,253 [pool-719-thread-1] INFO  server.RaftServerConfigKeys (ConfUtils.java:logGet(43)) - raft.server.snapshot.auto.trigger.enabled = true (custom)
2019-10-02 11:48:57,253 [pool-719-thread-1] INFO  server.RaftServerConfigKeys (ConfUtils.java:logGet(43)) - raft.server.snapshot.auto.trigger.threshold = 10000 (custom)
2019-10-02 11:48:57,253 [pool-719-thread-1] INFO  server.RaftServerConfigKeys (ConfUtils.java:logGet(43)) - raft.server.snapshot.retention.file.num = 5 (custom)
2019-10-02 11:48:57,253 [pool-719-thread-1] INFO  server.RaftServerConfigKeys (ConfUtils.java:logGet(43)) - raft.server.retrycache.expirytime = 600000ms (custom)
2019-10-02 11:48:57,254 [pool-719-thread-1] INFO  impl.RaftServerImpl (RaftServerImpl.java:start(181)) - 50fccacf-7ba1-4d43-bfe6-78d7deac3c07@group-51615C681F5A: start as a follower, conf=-1: [50fccacf-7ba1-4d43-bfe6-78d7deac3c07:192.168.164.220:42145], old=null
2019-10-02 11:48:57,254 [pool-719-thread-1] INFO  impl.RaftServerImpl (RaftServerImpl.java:setRole(170)) - 50fccacf-7ba1-4d43-bfe6-78d7deac3c07@group-51615C681F5A: changes role from      null to FOLLOWER at term 0 for startAsFollower
2019-10-02 11:48:57,254 [pool-719-thread-1] INFO  impl.RoleInfo (RoleInfo.java:updateAndGet(143)) - 50fccacf-7ba1-4d43-bfe6-78d7deac3c07: start FollowerState
2019-10-02 11:48:57,255 [pool-719-thread-1] INFO  util.JmxRegister (JmxRegister.java:tryRegister(44)) - Successfully registered JMX Bean with object name Ratis:service=RaftServer,group=group-51615C681F5A,id=50fccacf-7ba1-4d43-bfe6-78d7deac3c07
2019-10-02 11:48:57,257 [RatisPipelineUtilsThread] INFO  pipeline.PipelineStateManager (PipelineStateManager.java:addPipeline(56)) - Created pipeline Pipeline[ Id: 1e704c56-2986-40ed-a443-51615c681f5a, Nodes: 50fccacf-7ba1-4d43-bfe6-78d7deac3c07{ip: 192.168.164.220, host: pr-hdds-2225-rpdbg-2298847827, networkLocation: /default-rack, certSerialId: null}, Type:RATIS, Factor:ONE, State:OPEN]
2019-10-02 11:48:57,266 [IPC Server handler 3 on 35345] INFO  net.NetworkTopology (NetworkTopologyImpl.java:add(111)) - Added a new node: /default-rack/f5ed4042-bdcb-4116-b59c-a85f6d1f58b0
2019-10-02 11:48:57,266 [IPC Server handler 3 on 35345] INFO  node.SCMNodeManager (SCMNodeManager.java:register(266)) - Registered Data node : f5ed4042-bdcb-4116-b59c-a85f6d1f58b0{ip: 192.168.164.220, host: pr-hdds-2225-rpdbg-2298847827, networkLocation: /default-rack, certSerialId: null}
2019-10-02 11:48:57,270 [grpc-default-executor-7] INFO  impl.RaftServerProxy (RaftServerProxy.java:addNew(89)) - f5ed4042-bdcb-4116-b59c-a85f6d1f58b0: addNew group-5586A3F6380F:[f5ed4042-bdcb-4116-b59c-a85f6d1f58b0:192.168.164.220:35225] returns group-5586A3F6380F:java.util.concurrent.CompletableFuture@73315579[Not completed]
2019-10-02 11:48:57,271 [pool-729-thread-1] INFO  impl.RaftServerImpl (RaftServerImpl.java:<init>(95)) - f5ed4042-bdcb-4116-b59c-a85f6d1f58b0: new RaftServerImpl for group-5586A3F6380F:[f5ed4042-bdcb-4116-b59c-a85f6d1f58b0:192.168.164.220:35225] with ContainerStateMachine:uninitialized
2019-10-02 11:48:57,271 [pool-729-thread-1] INFO  server.RaftServerConfigKeys (ConfUtils.java:logGet(43)) - raft.server.rpc.timeout.min = 5s (custom)
2019-10-02 11:48:57,271 [pool-729-thread-1] INFO  server.RaftServerConfigKeys (ConfUtils.java:logGet(43)) - raft.server.rpc.timeout.max = 5200ms (custom)
2019-10-02 11:48:57,271 [pool-729-thread-1] INFO  server.RaftServerConfigKeys (ConfUtils.java:logGet(43)) - raft.server.rpcslowness.timeout = 120s (custom)
2019-10-02 11:48:57,271 [pool-729-thread-1] INFO  server.RaftServerConfigKeys (ConfUtils.java:logGet(43)) - raft.server.sleep.deviation.threshold = 300 (default)
2019-10-02 11:48:57,271 [pool-729-thread-1] INFO  server.RaftServerConfigKeys (ConfUtils.java:logGet(43)) - raft.server.log.appender.install.snapshot.enabled = false (custom)
2019-10-02 11:48:57,271 [pool-729-thread-1] INFO  impl.RaftServerImpl (ServerState.java:<init>(103)) - f5ed4042-bdcb-4116-b59c-a85f6d1f58b0@group-5586A3F6380F: ConfigurationManager, init=-1: [f5ed4042-bdcb-4116-b59c-a85f6d1f58b0:192.168.164.220:35225], old=null, confs=<EMPTY_MAP>
2019-10-02 11:48:57,272 [pool-729-thread-1] INFO  server.RaftServerConfigKeys (ConfUtils.java:logGet(43)) - raft.server.storage.dir = [/workdir/hadoop-ozone/integration-test/target/test-dir/MiniOzoneClusterImpl-fed8c003-1200-44bf-ac4e-1089d90acbae/datanode-5/data/ratis] (custom)
2019-10-02 11:48:57,272 [pool-729-thread-1] INFO  server.RaftServerConfigKeys (ConfUtils.java:logGet(43)) - raft.server.log.corruption.policy = EXCEPTION (default)
2019-10-02 11:48:57,272 [pool-729-thread-1] INFO  storage.RaftStorageDirectory (RaftStorageDirectory.java:analyzeStorage(246)) - The storage directory /workdir/hadoop-ozone/integration-test/target/test-dir/MiniOzoneClusterImpl-fed8c003-1200-44bf-ac4e-1089d90acbae/datanode-5/data/ratis/8e4d711c-bf78-40d6-b5f8-5586a3f6380f does not exist. Creating ...
2019-10-02 11:48:57,283 [pool-729-thread-1] INFO  storage.RaftStorageDirectory (RaftStorageDirectory.java:tryLock(328)) - Lock on /workdir/hadoop-ozone/integration-test/target/test-dir/MiniOzoneClusterImpl-fed8c003-1200-44bf-ac4e-1089d90acbae/datanode-5/data/ratis/8e4d711c-bf78-40d6-b5f8-5586a3f6380f/in_use.lock acquired by nodename 13782@pr-hdds-2225-rpdbg-2298847827
2019-10-02 11:48:57,304 [pool-729-thread-1] INFO  storage.RaftStorage (RaftStorage.java:format(84)) - Storage directory /workdir/hadoop-ozone/integration-test/target/test-dir/MiniOzoneClusterImpl-fed8c003-1200-44bf-ac4e-1089d90acbae/datanode-5/data/ratis/8e4d711c-bf78-40d6-b5f8-5586a3f6380f has been successfully formatted.
2019-10-02 11:48:57,304 [pool-729-thread-1] INFO  ratis.ContainerStateMachine (ContainerStateMachine.java:loadSnapshot(230)) - group-5586A3F6380F: The snapshot info is null. Setting the last applied indexto:(t:0, i:~)
2019-10-02 11:48:57,304 [pool-729-thread-1] INFO  server.RaftServerConfigKeys (ConfUtils.java:logGet(43)) - raft.server.notification.no-leader.timeout = 120s (custom)
2019-10-02 11:48:57,304 [pool-729-thread-1] INFO  server.RaftServerConfigKeys (ConfUtils.java:logGet(43)) - raft.server.log.use.memory = false (default)
2019-10-02 11:48:57,304 [pool-729-thread-1] INFO  server.RaftServerConfigKeys (ConfUtils.java:logGet(43)) - raft.server.log.purge.gap = 1000000 (custom)
2019-10-02 11:48:57,304 [pool-729-thread-1] INFO  server.RaftServerConfigKeys (ConfUtils.java:logGet(43)) - raft.server.log.appender.buffer.byte-limit = 33554432 (custom)
2019-10-02 11:48:57,304 [pool-729-thread-1] INFO  server.RaftServerConfigKeys (ConfUtils.java:logGet(43)) - raft.server.log.segment.size.max = 1048576 (custom)
2019-10-02 11:48:57,305 [pool-729-thread-1] INFO  server.RaftServerConfigKeys (ConfUtils.java:logGet(43)) - raft.server.log.segment.cache.num.max = 2 (custom)
2019-10-02 11:48:57,305 [pool-729-thread-1] INFO  segmented.SegmentedRaftLogWorker (SegmentedRaftLogWorker.java:<init>(173)) - new f5ed4042-bdcb-4116-b59c-a85f6d1f58b0@group-5586A3F6380F-SegmentedRaftLogWorker for RaftStorage:Storage Directory /workdir/hadoop-ozone/integration-test/target/test-dir/MiniOzoneClusterImpl-fed8c003-1200-44bf-ac4e-1089d90acbae/datanode-5/data/ratis/8e4d711c-bf78-40d6-b5f8-5586a3f6380f
2019-10-02 11:48:57,305 [pool-729-thread-1] INFO  server.RaftServerConfigKeys (ConfUtils.java:logGet(43)) - raft.server.log.queue.byte-limit = 2147483647 (custom)
2019-10-02 11:48:57,305 [pool-729-thread-1] INFO  server.RaftServerConfigKeys (ConfUtils.java:logGet(43)) - raft.server.log.queue.element-limit = 1024 (custom)
2019-10-02 11:48:57,306 [pool-729-thread-1] INFO  server.RaftServerConfigKeys (ConfUtils.java:logGet(43)) - raft.server.log.segment.size.max = 1048576 (custom)
2019-10-02 11:48:57,306 [pool-729-thread-1] INFO  server.RaftServerConfigKeys (ConfUtils.java:logGet(43)) - raft.server.log.preallocated.size = 16384 (custom)
2019-10-02 11:48:57,306 [pool-729-thread-1] INFO  server.RaftServerConfigKeys (ConfUtils.java:logGet(43)) - raft.server.log.write.buffer.size = 33554432 (custom)
2019-10-02 11:48:57,306 [pool-729-thread-1] INFO  server.RaftServerConfigKeys (ConfUtils.java:logGet(43)) - raft.server.log.force.sync.num = 128 (default)
2019-10-02 11:48:57,306 [pool-729-thread-1] INFO  server.RaftServerConfigKeys (ConfUtils.java:logGet(43)) - raft.server.log.statemachine.data.sync = true (default)
2019-10-02 11:48:57,306 [pool-729-thread-1] INFO  server.RaftServerConfigKeys (ConfUtils.java:logGet(43)) - raft.server.log.statemachine.data.sync.timeout = 10s (default)
2019-10-02 11:48:57,306 [pool-729-thread-1] INFO  server.RaftServerConfigKeys (ConfUtils.java:logGet(43)) - raft.server.log.statemachine.data.sync.timeout.retry = -1 (default)
2019-10-02 11:48:57,306 [pool-729-thread-1] INFO  server.RaftServerConfigKeys (ConfUtils.java:logGet(43)) - raft.server.log.statemachine.data.caching.enabled = true (custom)
2019-10-02 11:48:57,306 [pool-729-thread-1] INFO  segmented.SegmentedRaftLogWorker (SegmentedRaftLogWorker.java:lambda$new$0(128)) - f5ed4042-bdcb-4116-b59c-a85f6d1f58b0@group-5586A3F6380F-SegmentedRaftLogWorker: flushIndex: setUnconditionally 0 -> -1
2019-10-02 11:48:57,307 [pool-729-thread-1] INFO  server.RaftServerConfigKeys (ConfUtils.java:logGet(43)) - raft.server.snapshot.auto.trigger.enabled = true (custom)
2019-10-02 11:48:57,307 [pool-729-thread-1] INFO  server.RaftServerConfigKeys (ConfUtils.java:logGet(43)) - raft.server.snapshot.auto.trigger.threshold = 10000 (custom)
2019-10-02 11:48:57,307 [pool-729-thread-1] INFO  server.RaftServerConfigKeys (ConfUtils.java:logGet(43)) - raft.server.snapshot.retention.file.num = 5 (custom)
2019-10-02 11:48:57,307 [pool-729-thread-1] INFO  server.RaftServerConfigKeys (ConfUtils.java:logGet(43)) - raft.server.retrycache.expirytime = 600000ms (custom)
2019-10-02 11:48:57,308 [pool-729-thread-1] INFO  impl.RaftServerImpl (RaftServerImpl.java:start(181)) - f5ed4042-bdcb-4116-b59c-a85f6d1f58b0@group-5586A3F6380F: start as a follower, conf=-1: [f5ed4042-bdcb-4116-b59c-a85f6d1f58b0:192.168.164.220:35225], old=null
2019-10-02 11:48:57,308 [pool-729-thread-1] INFO  impl.RaftServerImpl (RaftServerImpl.java:setRole(170)) - f5ed4042-bdcb-4116-b59c-a85f6d1f58b0@group-5586A3F6380F: changes role from      null to FOLLOWER at term 0 for startAsFollower
2019-10-02 11:48:57,308 [pool-729-thread-1] INFO  impl.RoleInfo (RoleInfo.java:updateAndGet(143)) - f5ed4042-bdcb-4116-b59c-a85f6d1f58b0: start FollowerState
2019-10-02 11:48:57,308 [pool-729-thread-1] INFO  util.JmxRegister (JmxRegister.java:tryRegister(44)) - Successfully registered JMX Bean with object name Ratis:service=RaftServer,group=group-5586A3F6380F,id=f5ed4042-bdcb-4116-b59c-a85f6d1f58b0
2019-10-02 11:48:57,311 [RatisPipelineUtilsThread] INFO  pipeline.PipelineStateManager (PipelineStateManager.java:addPipeline(56)) - Created pipeline Pipeline[ Id: 8e4d711c-bf78-40d6-b5f8-5586a3f6380f, Nodes: f5ed4042-bdcb-4116-b59c-a85f6d1f58b0{ip: 192.168.164.220, host: pr-hdds-2225-rpdbg-2298847827, networkLocation: /default-rack, certSerialId: null}, Type:RATIS, Factor:ONE, State:OPEN]
2019-10-02 11:48:57,320 [grpc-default-executor-9] INFO  impl.RaftServerProxy (RaftServerProxy.java:addNew(89)) - 51b5bcf3-deaf-4700-bbe7-a90669d5eae5: addNew group-B3C896AFE5E8:[f5ed4042-bdcb-4116-b59c-a85f6d1f58b0:192.168.164.220:35225, 50fccacf-7ba1-4d43-bfe6-78d7deac3c07:192.168.164.220:42145, 51b5bcf3-deaf-4700-bbe7-a90669d5eae5:192.168.164.220:44712] returns group-B3C896AFE5E8:java.util.concurrent.CompletableFuture@18a4121b[Not completed]
2019-10-02 11:48:57,320 [grpc-default-executor-10] INFO  impl.RaftServerProxy (RaftServerProxy.java:addNew(89)) - f5ed4042-bdcb-4116-b59c-a85f6d1f58b0: addNew group-B3C896AFE5E8:[f5ed4042-bdcb-4116-b59c-a85f6d1f58b0:192.168.164.220:35225, 50fccacf-7ba1-4d43-bfe6-78d7deac3c07:192.168.164.220:42145, 51b5bcf3-deaf-4700-bbe7-a90669d5eae5:192.168.164.220:44712] returns group-B3C896AFE5E8:java.util.concurrent.CompletableFuture@6c1ed235[Not completed]
2019-10-02 11:48:57,320 [grpc-default-executor-7] INFO  impl.RaftServerProxy (RaftServerProxy.java:addNew(89)) - 50fccacf-7ba1-4d43-bfe6-78d7deac3c07: addNew group-B3C896AFE5E8:[f5ed4042-bdcb-4116-b59c-a85f6d1f58b0:192.168.164.220:35225, 50fccacf-7ba1-4d43-bfe6-78d7deac3c07:192.168.164.220:42145, 51b5bcf3-deaf-4700-bbe7-a90669d5eae5:192.168.164.220:44712] returns group-B3C896AFE5E8:java.util.concurrent.CompletableFuture@38d14583[Not completed]
2019-10-02 11:48:57,321 [pool-709-thread-1] INFO  impl.RaftServerImpl (RaftServerImpl.java:<init>(95)) - 51b5bcf3-deaf-4700-bbe7-a90669d5eae5: new RaftServerImpl for group-B3C896AFE5E8:[f5ed4042-bdcb-4116-b59c-a85f6d1f58b0:192.168.164.220:35225, 50fccacf-7ba1-4d43-bfe6-78d7deac3c07:192.168.164.220:42145, 51b5bcf3-deaf-4700-bbe7-a90669d5eae5:192.168.164.220:44712] with ContainerStateMachine:uninitialized
2019-10-02 11:48:57,322 [pool-709-thread-1] INFO  server.RaftServerConfigKeys (ConfUtils.java:logGet(43)) - raft.server.rpc.timeout.min = 5s (custom)
2019-10-02 11:48:57,322 [pool-709-thread-1] INFO  server.RaftServerConfigKeys (ConfUtils.java:logGet(43)) - raft.server.rpc.timeout.max = 5200ms (custom)
2019-10-02 11:48:57,322 [pool-719-thread-1] INFO  impl.RaftServerImpl (RaftServerImpl.java:<init>(95)) - 50fccacf-7ba1-4d43-bfe6-78d7deac3c07: new RaftServerImpl for group-B3C896AFE5E8:[f5ed4042-bdcb-4116-b59c-a85f6d1f58b0:192.168.164.220:35225, 50fccacf-7ba1-4d43-bfe6-78d7deac3c07:192.168.164.220:42145, 51b5bcf3-deaf-4700-bbe7-a90669d5eae5:192.168.164.220:44712] with ContainerStateMachine:uninitialized
2019-10-02 11:48:57,322 [pool-709-thread-1] INFO  server.RaftServerConfigKeys (ConfUtils.java:logGet(43)) - raft.server.rpcslowness.timeout = 120s (custom)
2019-10-02 11:48:57,322 [pool-729-thread-1] INFO  impl.RaftServerImpl (RaftServerImpl.java:<init>(95)) - f5ed4042-bdcb-4116-b59c-a85f6d1f58b0: new RaftServerImpl for group-B3C896AFE5E8:[f5ed4042-bdcb-4116-b59c-a85f6d1f58b0:192.168.164.220:35225, 50fccacf-7ba1-4d43-bfe6-78d7deac3c07:192.168.164.220:42145, 51b5bcf3-deaf-4700-bbe7-a90669d5eae5:192.168.164.220:44712] with ContainerStateMachine:uninitialized
2019-10-02 11:48:57,322 [pool-719-thread-1] INFO  server.RaftServerConfigKeys (ConfUtils.java:logGet(43)) - raft.server.rpc.timeout.min = 5s (custom)
2019-10-02 11:48:57,323 [pool-729-thread-1] INFO  server.RaftServerConfigKeys (ConfUtils.java:logGet(43)) - raft.server.rpc.timeout.min = 5s (custom)
2019-10-02 11:48:57,322 [pool-709-thread-1] INFO  server.RaftServerConfigKeys (ConfUtils.java:logGet(43)) - raft.server.sleep.deviation.threshold = 300 (default)
2019-10-02 11:48:57,323 [pool-729-thread-1] INFO  server.RaftServerConfigKeys (ConfUtils.java:logGet(43)) - raft.server.rpc.timeout.max = 5200ms (custom)
2019-10-02 11:48:57,323 [pool-729-thread-1] INFO  server.RaftServerConfigKeys (ConfUtils.java:logGet(43)) - raft.server.rpcslowness.timeout = 120s (custom)
2019-10-02 11:48:57,323 [pool-719-thread-1] INFO  server.RaftServerConfigKeys (ConfUtils.java:logGet(43)) - raft.server.rpc.timeout.max = 5200ms (custom)
2019-10-02 11:48:57,323 [pool-729-thread-1] INFO  server.RaftServerConfigKeys (ConfUtils.java:logGet(43)) - raft.server.sleep.deviation.threshold = 300 (default)
2019-10-02 11:48:57,323 [pool-709-thread-1] INFO  server.RaftServerConfigKeys (ConfUtils.java:logGet(43)) - raft.server.log.appender.install.snapshot.enabled = false (custom)
2019-10-02 11:48:57,323 [pool-729-thread-1] INFO  server.RaftServerConfigKeys (ConfUtils.java:logGet(43)) - raft.server.log.appender.install.snapshot.enabled = false (custom)
2019-10-02 11:48:57,324 [pool-729-thread-1] INFO  impl.RaftServerImpl (ServerState.java:<init>(103)) - f5ed4042-bdcb-4116-b59c-a85f6d1f58b0@group-B3C896AFE5E8: ConfigurationManager, init=-1: [f5ed4042-bdcb-4116-b59c-a85f6d1f58b0:192.168.164.220:35225, 50fccacf-7ba1-4d43-bfe6-78d7deac3c07:192.168.164.220:42145, 51b5bcf3-deaf-4700-bbe7-a90669d5eae5:192.168.164.220:44712], old=null, confs=<EMPTY_MAP>
2019-10-02 11:48:57,323 [pool-719-thread-1] INFO  server.RaftServerConfigKeys (ConfUtils.java:logGet(43)) - raft.server.rpcslowness.timeout = 120s (custom)
2019-10-02 11:48:57,324 [pool-729-thread-1] INFO  server.RaftServerConfigKeys (ConfUtils.java:logGet(43)) - raft.server.storage.dir = [/workdir/hadoop-ozone/integration-test/target/test-dir/MiniOzoneClusterImpl-fed8c003-1200-44bf-ac4e-1089d90acbae/datanode-5/data/ratis] (custom)
2019-10-02 11:48:57,324 [pool-709-thread-1] INFO  impl.RaftServerImpl (ServerState.java:<init>(103)) - 51b5bcf3-deaf-4700-bbe7-a90669d5eae5@group-B3C896AFE5E8: ConfigurationManager, init=-1: [f5ed4042-bdcb-4116-b59c-a85f6d1f58b0:192.168.164.220:35225, 50fccacf-7ba1-4d43-bfe6-78d7deac3c07:192.168.164.220:42145, 51b5bcf3-deaf-4700-bbe7-a90669d5eae5:192.168.164.220:44712], old=null, confs=<EMPTY_MAP>
2019-10-02 11:48:57,324 [pool-729-thread-1] INFO  server.RaftServerConfigKeys (ConfUtils.java:logGet(43)) - raft.server.log.corruption.policy = EXCEPTION (default)
2019-10-02 11:48:57,324 [pool-709-thread-1] INFO  server.RaftServerConfigKeys (ConfUtils.java:logGet(43)) - raft.server.storage.dir = [/workdir/hadoop-ozone/integration-test/target/test-dir/MiniOzoneClusterImpl-fed8c003-1200-44bf-ac4e-1089d90acbae/datanode-3/data/ratis] (custom)
2019-10-02 11:48:57,324 [pool-719-thread-1] INFO  server.RaftServerConfigKeys (ConfUtils.java:logGet(43)) - raft.server.sleep.deviation.threshold = 300 (default)
2019-10-02 11:48:57,324 [pool-729-thread-1] INFO  storage.RaftStorageDirectory (RaftStorageDirectory.java:analyzeStorage(246)) - The storage directory /workdir/hadoop-ozone/integration-test/target/test-dir/MiniOzoneClusterImpl-fed8c003-1200-44bf-ac4e-1089d90acbae/datanode-5/data/ratis/c9f04159-56d6-481d-b69c-b3c896afe5e8 does not exist. Creating ...
2019-10-02 11:48:57,325 [pool-709-thread-1] INFO  server.RaftServerConfigKeys (ConfUtils.java:logGet(43)) - raft.server.log.corruption.policy = EXCEPTION (default)
2019-10-02 11:48:57,325 [pool-719-thread-1] INFO  server.RaftServerConfigKeys (ConfUtils.java:logGet(43)) - raft.server.log.appender.install.snapshot.enabled = false (custom)
2019-10-02 11:48:57,325 [pool-709-thread-1] INFO  storage.RaftStorageDirectory (RaftStorageDirectory.java:analyzeStorage(246)) - The storage directory /workdir/hadoop-ozone/integration-test/target/test-dir/MiniOzoneClusterImpl-fed8c003-1200-44bf-ac4e-1089d90acbae/datanode-3/data/ratis/c9f04159-56d6-481d-b69c-b3c896afe5e8 does not exist. Creating ...
2019-10-02 11:48:57,325 [pool-719-thread-1] INFO  impl.RaftServerImpl (ServerState.java:<init>(103)) - 50fccacf-7ba1-4d43-bfe6-78d7deac3c07@group-B3C896AFE5E8: ConfigurationManager, init=-1: [f5ed4042-bdcb-4116-b59c-a85f6d1f58b0:192.168.164.220:35225, 50fccacf-7ba1-4d43-bfe6-78d7deac3c07:192.168.164.220:42145, 51b5bcf3-deaf-4700-bbe7-a90669d5eae5:192.168.164.220:44712], old=null, confs=<EMPTY_MAP>
2019-10-02 11:48:57,325 [pool-719-thread-1] INFO  server.RaftServerConfigKeys (ConfUtils.java:logGet(43)) - raft.server.storage.dir = [/workdir/hadoop-ozone/integration-test/target/test-dir/MiniOzoneClusterImpl-fed8c003-1200-44bf-ac4e-1089d90acbae/datanode-4/data/ratis] (custom)
2019-10-02 11:48:57,326 [pool-719-thread-1] INFO  server.RaftServerConfigKeys (ConfUtils.java:logGet(43)) - raft.server.log.corruption.policy = EXCEPTION (default)
2019-10-02 11:48:57,326 [pool-719-thread-1] INFO  storage.RaftStorageDirectory (RaftStorageDirectory.java:analyzeStorage(246)) - The storage directory /workdir/hadoop-ozone/integration-test/target/test-dir/MiniOzoneClusterImpl-fed8c003-1200-44bf-ac4e-1089d90acbae/datanode-4/data/ratis/c9f04159-56d6-481d-b69c-b3c896afe5e8 does not exist. Creating ...
2019-10-02 11:48:57,333 [IPC Server handler 4 on 35345] INFO  net.NetworkTopology (NetworkTopologyImpl.java:add(111)) - Added a new node: /default-rack/b904d534-84ec-43ec-bb8d-e5221933083a
2019-10-02 11:48:57,333 [IPC Server handler 4 on 35345] INFO  node.SCMNodeManager (SCMNodeManager.java:register(266)) - Registered Data node : b904d534-84ec-43ec-bb8d-e5221933083a{ip: 192.168.164.220, host: pr-hdds-2225-rpdbg-2298847827, networkLocation: /default-rack, certSerialId: null}
2019-10-02 11:48:57,334 [main] INFO  ozone.MiniOzoneClusterImpl (MiniOzoneClusterImpl.java:lambda$waitForClusterToBeReady$0(147)) - Cluster is ready. Got 7 of 7 DN Heartbeats.
2019-10-02 11:48:57,359 [pool-719-thread-1] INFO  storage.RaftStorageDirectory (RaftStorageDirectory.java:tryLock(328)) - Lock on /workdir/hadoop-ozone/integration-test/target/test-dir/MiniOzoneClusterImpl-fed8c003-1200-44bf-ac4e-1089d90acbae/datanode-4/data/ratis/c9f04159-56d6-481d-b69c-b3c896afe5e8/in_use.lock acquired by nodename 13782@pr-hdds-2225-rpdbg-2298847827
2019-10-02 11:48:57,359 [pool-709-thread-1] INFO  storage.RaftStorageDirectory (RaftStorageDirectory.java:tryLock(328)) - Lock on /workdir/hadoop-ozone/integration-test/target/test-dir/MiniOzoneClusterImpl-fed8c003-1200-44bf-ac4e-1089d90acbae/datanode-3/data/ratis/c9f04159-56d6-481d-b69c-b3c896afe5e8/in_use.lock acquired by nodename 13782@pr-hdds-2225-rpdbg-2298847827
2019-10-02 11:48:57,359 [pool-729-thread-1] INFO  storage.RaftStorageDirectory (RaftStorageDirectory.java:tryLock(328)) - Lock on /workdir/hadoop-ozone/integration-test/target/test-dir/MiniOzoneClusterImpl-fed8c003-1200-44bf-ac4e-1089d90acbae/datanode-5/data/ratis/c9f04159-56d6-481d-b69c-b3c896afe5e8/in_use.lock acquired by nodename 13782@pr-hdds-2225-rpdbg-2298847827
2019-10-02 11:48:57,365 [main] INFO  rpc.RpcClient (RpcClient.java:createVolume(276)) - Creating Volume: testblockoutputstream, with jenkins1000 as owner.
2019-10-02 11:48:57,367 [IPC Server handler 2 on 36198] INFO  volume.OMVolumeCreateRequest (OMVolumeCreateRequest.java:validateAndUpdateCache(194)) - created volume:testblockoutputstream for user:jenkins1000
2019-10-02 11:48:57,382 [pool-729-thread-1] INFO  storage.RaftStorage (RaftStorage.java:format(84)) - Storage directory /workdir/hadoop-ozone/integration-test/target/test-dir/MiniOzoneClusterImpl-fed8c003-1200-44bf-ac4e-1089d90acbae/datanode-5/data/ratis/c9f04159-56d6-481d-b69c-b3c896afe5e8 has been successfully formatted.
2019-10-02 11:48:57,382 [pool-709-thread-1] INFO  storage.RaftStorage (RaftStorage.java:format(84)) - Storage directory /workdir/hadoop-ozone/integration-test/target/test-dir/MiniOzoneClusterImpl-fed8c003-1200-44bf-ac4e-1089d90acbae/datanode-3/data/ratis/c9f04159-56d6-481d-b69c-b3c896afe5e8 has been successfully formatted.
2019-10-02 11:48:57,383 [pool-729-thread-1] INFO  ratis.ContainerStateMachine (ContainerStateMachine.java:loadSnapshot(230)) - group-B3C896AFE5E8: The snapshot info is null. Setting the last applied indexto:(t:0, i:~)
2019-10-02 11:48:57,382 [pool-719-thread-1] INFO  storage.RaftStorage (RaftStorage.java:format(84)) - Storage directory /workdir/hadoop-ozone/integration-test/target/test-dir/MiniOzoneClusterImpl-fed8c003-1200-44bf-ac4e-1089d90acbae/datanode-4/data/ratis/c9f04159-56d6-481d-b69c-b3c896afe5e8 has been successfully formatted.
2019-10-02 11:48:57,383 [pool-729-thread-1] INFO  server.RaftServerConfigKeys (ConfUtils.java:logGet(43)) - raft.server.notification.no-leader.timeout = 120s (custom)
2019-10-02 11:48:57,383 [pool-709-thread-1] INFO  ratis.ContainerStateMachine (ContainerStateMachine.java:loadSnapshot(230)) - group-B3C896AFE5E8: The snapshot info is null. Setting the last applied indexto:(t:0, i:~)
2019-10-02 11:48:57,383 [pool-729-thread-1] INFO  server.RaftServerConfigKeys (ConfUtils.java:logGet(43)) - raft.server.log.use.memory = false (default)
2019-10-02 11:48:57,383 [pool-719-thread-1] INFO  ratis.ContainerStateMachine (ContainerStateMachine.java:loadSnapshot(230)) - group-B3C896AFE5E8: The snapshot info is null. Setting the last applied indexto:(t:0, i:~)
2019-10-02 11:48:57,383 [main] INFO  rpc.RpcClient (RpcClient.java:createBucket(415)) - Creating Bucket: testblockoutputstream/testblockoutputstream, with Versioning false and Storage Type set to DISK and Encryption set to false 
2019-10-02 11:48:57,383 [pool-719-thread-1] INFO  server.RaftServerConfigKeys (ConfUtils.java:logGet(43)) - raft.server.notification.no-leader.timeout = 120s (custom)
2019-10-02 11:48:57,384 [pool-719-thread-1] INFO  server.RaftServerConfigKeys (ConfUtils.java:logGet(43)) - raft.server.log.use.memory = false (default)
2019-10-02 11:48:57,383 [pool-729-thread-1] INFO  server.RaftServerConfigKeys (ConfUtils.java:logGet(43)) - raft.server.log.purge.gap = 1000000 (custom)
2019-10-02 11:48:57,383 [pool-709-thread-1] INFO  server.RaftServerConfigKeys (ConfUtils.java:logGet(43)) - raft.server.notification.no-leader.timeout = 120s (custom)
2019-10-02 11:48:57,384 [pool-729-thread-1] INFO  server.RaftServerConfigKeys (ConfUtils.java:logGet(43)) - raft.server.log.appender.buffer.byte-limit = 33554432 (custom)
2019-10-02 11:48:57,384 [pool-719-thread-1] INFO  server.RaftServerConfigKeys (ConfUtils.java:logGet(43)) - raft.server.log.purge.gap = 1000000 (custom)
2019-10-02 11:48:57,384 [pool-729-thread-1] INFO  server.RaftServerConfigKeys (ConfUtils.java:logGet(43)) - raft.server.log.segment.size.max = 1048576 (custom)
2019-10-02 11:48:57,384 [pool-709-thread-1] INFO  server.RaftServerConfigKeys (ConfUtils.java:logGet(43)) - raft.server.log.use.memory = false (default)
2019-10-02 11:48:57,384 [pool-729-thread-1] INFO  server.RaftServerConfigKeys (ConfUtils.java:logGet(43)) - raft.server.log.segment.cache.num.max = 2 (custom)
2019-10-02 11:48:57,385 [pool-729-thread-1] INFO  segmented.SegmentedRaftLogWorker (SegmentedRaftLogWorker.java:<init>(173)) - new f5ed4042-bdcb-4116-b59c-a85f6d1f58b0@group-B3C896AFE5E8-SegmentedRaftLogWorker for RaftStorage:Storage Directory /workdir/hadoop-ozone/integration-test/target/test-dir/MiniOzoneClusterImpl-fed8c003-1200-44bf-ac4e-1089d90acbae/datanode-5/data/ratis/c9f04159-56d6-481d-b69c-b3c896afe5e8
2019-10-02 11:48:57,384 [pool-719-thread-1] INFO  server.RaftServerConfigKeys (ConfUtils.java:logGet(43)) - raft.server.log.appender.buffer.byte-limit = 33554432 (custom)
2019-10-02 11:48:57,385 [pool-729-thread-1] INFO  server.RaftServerConfigKeys (ConfUtils.java:logGet(43)) - raft.server.log.queue.byte-limit = 2147483647 (custom)
2019-10-02 11:48:57,385 [pool-709-thread-1] INFO  server.RaftServerConfigKeys (ConfUtils.java:logGet(43)) - raft.server.log.purge.gap = 1000000 (custom)
2019-10-02 11:48:57,391 [pool-729-thread-1] INFO  server.RaftServerConfigKeys (ConfUtils.java:logGet(43)) - raft.server.log.queue.element-limit = 1024 (custom)
2019-10-02 11:48:57,385 [pool-719-thread-1] INFO  server.RaftServerConfigKeys (ConfUtils.java:logGet(43)) - raft.server.log.segment.size.max = 1048576 (custom)
2019-10-02 11:48:57,391 [pool-729-thread-1] INFO  server.RaftServerConfigKeys (ConfUtils.java:logGet(43)) - raft.server.log.segment.size.max = 1048576 (custom)
2019-10-02 11:48:57,391 [pool-709-thread-1] INFO  server.RaftServerConfigKeys (ConfUtils.java:logGet(43)) - raft.server.log.appender.buffer.byte-limit = 33554432 (custom)
2019-10-02 11:48:57,391 [pool-729-thread-1] INFO  server.RaftServerConfigKeys (ConfUtils.java:logGet(43)) - raft.server.log.preallocated.size = 16384 (custom)
2019-10-02 11:48:57,391 [pool-719-thread-1] INFO  server.RaftServerConfigKeys (ConfUtils.java:logGet(43)) - raft.server.log.segment.cache.num.max = 2 (custom)
2019-10-02 11:48:57,392 [pool-729-thread-1] INFO  server.RaftServerConfigKeys (ConfUtils.java:logGet(43)) - raft.server.log.write.buffer.size = 33554432 (custom)
2019-10-02 11:48:57,392 [pool-729-thread-1] INFO  server.RaftServerConfigKeys (ConfUtils.java:logGet(43)) - raft.server.log.force.sync.num = 128 (default)
2019-10-02 11:48:57,392 [pool-709-thread-1] INFO  server.RaftServerConfigKeys (ConfUtils.java:logGet(43)) - raft.server.log.segment.size.max = 1048576 (custom)
2019-10-02 11:48:57,392 [pool-729-thread-1] INFO  server.RaftServerConfigKeys (ConfUtils.java:logGet(43)) - raft.server.log.statemachine.data.sync = true (default)
2019-10-02 11:48:57,392 [pool-719-thread-1] INFO  segmented.SegmentedRaftLogWorker (SegmentedRaftLogWorker.java:<init>(173)) - new 50fccacf-7ba1-4d43-bfe6-78d7deac3c07@group-B3C896AFE5E8-SegmentedRaftLogWorker for RaftStorage:Storage Directory /workdir/hadoop-ozone/integration-test/target/test-dir/MiniOzoneClusterImpl-fed8c003-1200-44bf-ac4e-1089d90acbae/datanode-4/data/ratis/c9f04159-56d6-481d-b69c-b3c896afe5e8
2019-10-02 11:48:57,392 [pool-729-thread-1] INFO  server.RaftServerConfigKeys (ConfUtils.java:logGet(43)) - raft.server.log.statemachine.data.sync.timeout = 10s (default)
2019-10-02 11:48:57,392 [pool-709-thread-1] INFO  server.RaftServerConfigKeys (ConfUtils.java:logGet(43)) - raft.server.log.segment.cache.num.max = 2 (custom)
2019-10-02 11:48:57,392 [pool-729-thread-1] INFO  server.RaftServerConfigKeys (ConfUtils.java:logGet(43)) - raft.server.log.statemachine.data.sync.timeout.retry = -1 (default)
2019-10-02 11:48:57,392 [pool-719-thread-1] INFO  server.RaftServerConfigKeys (ConfUtils.java:logGet(43)) - raft.server.log.queue.byte-limit = 2147483647 (custom)
2019-10-02 11:48:57,393 [pool-729-thread-1] INFO  server.RaftServerConfigKeys (ConfUtils.java:logGet(43)) - raft.server.log.statemachine.data.caching.enabled = true (custom)
2019-10-02 11:48:57,393 [pool-709-thread-1] INFO  segmented.SegmentedRaftLogWorker (SegmentedRaftLogWorker.java:<init>(173)) - new 51b5bcf3-deaf-4700-bbe7-a90669d5eae5@group-B3C896AFE5E8-SegmentedRaftLogWorker for RaftStorage:Storage Directory /workdir/hadoop-ozone/integration-test/target/test-dir/MiniOzoneClusterImpl-fed8c003-1200-44bf-ac4e-1089d90acbae/datanode-3/data/ratis/c9f04159-56d6-481d-b69c-b3c896afe5e8
2019-10-02 11:48:57,393 [pool-729-thread-1] INFO  segmented.SegmentedRaftLogWorker (SegmentedRaftLogWorker.java:lambda$new$0(128)) - f5ed4042-bdcb-4116-b59c-a85f6d1f58b0@group-B3C896AFE5E8-SegmentedRaftLogWorker: flushIndex: setUnconditionally 0 -> -1
2019-10-02 11:48:57,393 [pool-719-thread-1] INFO  server.RaftServerConfigKeys (ConfUtils.java:logGet(43)) - raft.server.log.queue.element-limit = 1024 (custom)
2019-10-02 11:48:57,393 [pool-709-thread-1] INFO  server.RaftServerConfigKeys (ConfUtils.java:logGet(43)) - raft.server.log.queue.byte-limit = 2147483647 (custom)
2019-10-02 11:48:57,393 [pool-719-thread-1] INFO  server.RaftServerConfigKeys (ConfUtils.java:logGet(43)) - raft.server.log.segment.size.max = 1048576 (custom)
2019-10-02 11:48:57,393 [pool-729-thread-1] INFO  server.RaftServerConfigKeys (ConfUtils.java:logGet(43)) - raft.server.snapshot.auto.trigger.enabled = true (custom)
2019-10-02 11:48:57,394 [pool-719-thread-1] INFO  server.RaftServerConfigKeys (ConfUtils.java:logGet(43)) - raft.server.log.preallocated.size = 16384 (custom)
2019-10-02 11:48:57,394 [pool-709-thread-1] INFO  server.RaftServerConfigKeys (ConfUtils.java:logGet(43)) - raft.server.log.queue.element-limit = 1024 (custom)
2019-10-02 11:48:57,394 [pool-719-thread-1] INFO  server.RaftServerConfigKeys (ConfUtils.java:logGet(43)) - raft.server.log.write.buffer.size = 33554432 (custom)
2019-10-02 11:48:57,394 [pool-729-thread-1] INFO  server.RaftServerConfigKeys (ConfUtils.java:logGet(43)) - raft.server.snapshot.auto.trigger.threshold = 10000 (custom)
2019-10-02 11:48:57,394 [pool-719-thread-1] INFO  server.RaftServerConfigKeys (ConfUtils.java:logGet(43)) - raft.server.log.force.sync.num = 128 (default)
2019-10-02 11:48:57,394 [pool-709-thread-1] INFO  server.RaftServerConfigKeys (ConfUtils.java:logGet(43)) - raft.server.log.segment.size.max = 1048576 (custom)
2019-10-02 11:48:57,394 [pool-719-thread-1] INFO  server.RaftServerConfigKeys (ConfUtils.java:logGet(43)) - raft.server.log.statemachine.data.sync = true (default)
2019-10-02 11:48:57,394 [pool-729-thread-1] INFO  server.RaftServerConfigKeys (ConfUtils.java:logGet(43)) - raft.server.snapshot.retention.file.num = 5 (custom)
2019-10-02 11:48:57,395 [pool-719-thread-1] INFO  server.RaftServerConfigKeys (ConfUtils.java:logGet(43)) - raft.server.log.statemachine.data.sync.timeout = 10s (default)
2019-10-02 11:48:57,394 [pool-709-thread-1] INFO  server.RaftServerConfigKeys (ConfUtils.java:logGet(43)) - raft.server.log.preallocated.size = 16384 (custom)
2019-10-02 11:48:57,395 [pool-719-thread-1] INFO  server.RaftServerConfigKeys (ConfUtils.java:logGet(43)) - raft.server.log.statemachine.data.sync.timeout.retry = -1 (default)
2019-10-02 11:48:57,395 [pool-729-thread-1] INFO  server.RaftServerConfigKeys (ConfUtils.java:logGet(43)) - raft.server.retrycache.expirytime = 600000ms (custom)
2019-10-02 11:48:57,395 [pool-719-thread-1] INFO  server.RaftServerConfigKeys (ConfUtils.java:logGet(43)) - raft.server.log.statemachine.data.caching.enabled = true (custom)
2019-10-02 11:48:57,395 [pool-709-thread-1] INFO  server.RaftServerConfigKeys (ConfUtils.java:logGet(43)) - raft.server.log.write.buffer.size = 33554432 (custom)
2019-10-02 11:48:57,396 [pool-709-thread-1] INFO  server.RaftServerConfigKeys (ConfUtils.java:logGet(43)) - raft.server.log.force.sync.num = 128 (default)
2019-10-02 11:48:57,396 [pool-719-thread-1] INFO  segmented.SegmentedRaftLogWorker (SegmentedRaftLogWorker.java:lambda$new$0(128)) - 50fccacf-7ba1-4d43-bfe6-78d7deac3c07@group-B3C896AFE5E8-SegmentedRaftLogWorker: flushIndex: setUnconditionally 0 -> -1
2019-10-02 11:48:57,396 [pool-709-thread-1] INFO  server.RaftServerConfigKeys (ConfUtils.java:logGet(43)) - raft.server.log.statemachine.data.sync = true (default)
2019-10-02 11:48:57,396 [pool-719-thread-1] INFO  server.RaftServerConfigKeys (ConfUtils.java:logGet(43)) - raft.server.snapshot.auto.trigger.enabled = true (custom)
2019-10-02 11:48:57,396 [pool-709-thread-1] INFO  server.RaftServerConfigKeys (ConfUtils.java:logGet(43)) - raft.server.log.statemachine.data.sync.timeout = 10s (default)
2019-10-02 11:48:57,396 [pool-729-thread-1] INFO  impl.RaftServerImpl (RaftServerImpl.java:start(181)) - f5ed4042-bdcb-4116-b59c-a85f6d1f58b0@group-B3C896AFE5E8: start as a follower, conf=-1: [f5ed4042-bdcb-4116-b59c-a85f6d1f58b0:192.168.164.220:35225, 50fccacf-7ba1-4d43-bfe6-78d7deac3c07:192.168.164.220:42145, 51b5bcf3-deaf-4700-bbe7-a90669d5eae5:192.168.164.220:44712], old=null
2019-10-02 11:48:57,396 [pool-719-thread-1] INFO  server.RaftServerConfigKeys (ConfUtils.java:logGet(43)) - raft.server.snapshot.auto.trigger.threshold = 10000 (custom)
2019-10-02 11:48:57,396 [pool-729-thread-1] INFO  impl.RaftServerImpl (RaftServerImpl.java:setRole(170)) - f5ed4042-bdcb-4116-b59c-a85f6d1f58b0@group-B3C896AFE5E8: changes role from      null to FOLLOWER at term 0 for startAsFollower
2019-10-02 11:48:57,396 [pool-709-thread-1] INFO  server.RaftServerConfigKeys (ConfUtils.java:logGet(43)) - raft.server.log.statemachine.data.sync.timeout.retry = -1 (default)
2019-10-02 11:48:57,397 [pool-729-thread-1] INFO  impl.RoleInfo (RoleInfo.java:updateAndGet(143)) - f5ed4042-bdcb-4116-b59c-a85f6d1f58b0: start FollowerState
2019-10-02 11:48:57,397 [pool-709-thread-1] INFO  server.RaftServerConfigKeys (ConfUtils.java:logGet(43)) - raft.server.log.statemachine.data.caching.enabled = true (custom)
2019-10-02 11:48:57,397 [pool-729-thread-1] INFO  util.JmxRegister (JmxRegister.java:tryRegister(44)) - Successfully registered JMX Bean with object name Ratis:service=RaftServer,group=group-B3C896AFE5E8,id=f5ed4042-bdcb-4116-b59c-a85f6d1f58b0
2019-10-02 11:48:57,396 [pool-719-thread-1] INFO  server.RaftServerConfigKeys (ConfUtils.java:logGet(43)) - raft.server.snapshot.retention.file.num = 5 (custom)
2019-10-02 11:48:57,397 [pool-709-thread-1] INFO  segmented.SegmentedRaftLogWorker (SegmentedRaftLogWorker.java:lambda$new$0(128)) - 51b5bcf3-deaf-4700-bbe7-a90669d5eae5@group-B3C896AFE5E8-SegmentedRaftLogWorker: flushIndex: setUnconditionally 0 -> -1
2019-10-02 11:48:57,397 [pool-719-thread-1] INFO  server.RaftServerConfigKeys (ConfUtils.java:logGet(43)) - raft.server.retrycache.expirytime = 600000ms (custom)
2019-10-02 11:48:57,398 [pool-709-thread-1] INFO  server.RaftServerConfigKeys (ConfUtils.java:logGet(43)) - raft.server.snapshot.auto.trigger.enabled = true (custom)
2019-10-02 11:48:57,398 [pool-709-thread-1] INFO  server.RaftServerConfigKeys (ConfUtils.java:logGet(43)) - raft.server.snapshot.auto.trigger.threshold = 10000 (custom)
2019-10-02 11:48:57,398 [pool-709-thread-1] INFO  server.RaftServerConfigKeys (ConfUtils.java:logGet(43)) - raft.server.snapshot.retention.file.num = 5 (custom)
2019-10-02 11:48:57,398 [pool-709-thread-1] INFO  server.RaftServerConfigKeys (ConfUtils.java:logGet(43)) - raft.server.retrycache.expirytime = 600000ms (custom)
2019-10-02 11:48:57,399 [pool-719-thread-1] INFO  impl.RaftServerImpl (RaftServerImpl.java:start(181)) - 50fccacf-7ba1-4d43-bfe6-78d7deac3c07@group-B3C896AFE5E8: start as a follower, conf=-1: [f5ed4042-bdcb-4116-b59c-a85f6d1f58b0:192.168.164.220:35225, 50fccacf-7ba1-4d43-bfe6-78d7deac3c07:192.168.164.220:42145, 51b5bcf3-deaf-4700-bbe7-a90669d5eae5:192.168.164.220:44712], old=null
2019-10-02 11:48:57,400 [pool-719-thread-1] INFO  impl.RaftServerImpl (RaftServerImpl.java:setRole(170)) - 50fccacf-7ba1-4d43-bfe6-78d7deac3c07@group-B3C896AFE5E8: changes role from      null to FOLLOWER at term 0 for startAsFollower
2019-10-02 11:48:57,400 [pool-719-thread-1] INFO  impl.RoleInfo (RoleInfo.java:updateAndGet(143)) - 50fccacf-7ba1-4d43-bfe6-78d7deac3c07: start FollowerState
2019-10-02 11:48:57,400 [pool-719-thread-1] INFO  util.JmxRegister (JmxRegister.java:tryRegister(44)) - Successfully registered JMX Bean with object name Ratis:service=RaftServer,group=group-B3C896AFE5E8,id=50fccacf-7ba1-4d43-bfe6-78d7deac3c07
2019-10-02 11:48:57,400 [pool-709-thread-1] INFO  impl.RaftServerImpl (RaftServerImpl.java:start(181)) - 51b5bcf3-deaf-4700-bbe7-a90669d5eae5@group-B3C896AFE5E8: start as a follower, conf=-1: [f5ed4042-bdcb-4116-b59c-a85f6d1f58b0:192.168.164.220:35225, 50fccacf-7ba1-4d43-bfe6-78d7deac3c07:192.168.164.220:42145, 51b5bcf3-deaf-4700-bbe7-a90669d5eae5:192.168.164.220:44712], old=null
2019-10-02 11:48:57,400 [pool-709-thread-1] INFO  impl.RaftServerImpl (RaftServerImpl.java:setRole(170)) - 51b5bcf3-deaf-4700-bbe7-a90669d5eae5@group-B3C896AFE5E8: changes role from      null to FOLLOWER at term 0 for startAsFollower
2019-10-02 11:48:57,400 [pool-709-thread-1] INFO  impl.RoleInfo (RoleInfo.java:updateAndGet(143)) - 51b5bcf3-deaf-4700-bbe7-a90669d5eae5: start FollowerState
2019-10-02 11:48:57,401 [pool-709-thread-1] INFO  util.JmxRegister (JmxRegister.java:tryRegister(44)) - Successfully registered JMX Bean with object name Ratis:service=RaftServer,group=group-B3C896AFE5E8,id=51b5bcf3-deaf-4700-bbe7-a90669d5eae5
2019-10-02 11:48:57,659 [RatisPipelineUtilsThread] INFO  pipeline.PipelineStateManager (PipelineStateManager.java:addPipeline(56)) - Created pipeline Pipeline[ Id: c9f04159-56d6-481d-b69c-b3c896afe5e8, Nodes: 51b5bcf3-deaf-4700-bbe7-a90669d5eae5{ip: 192.168.164.220, host: pr-hdds-2225-rpdbg-2298847827, networkLocation: /default-rack, certSerialId: null}50fccacf-7ba1-4d43-bfe6-78d7deac3c07{ip: 192.168.164.220, host: pr-hdds-2225-rpdbg-2298847827, networkLocation: /default-rack, certSerialId: null}f5ed4042-bdcb-4116-b59c-a85f6d1f58b0{ip: 192.168.164.220, host: pr-hdds-2225-rpdbg-2298847827, networkLocation: /default-rack, certSerialId: null}, Type:RATIS, Factor:THREE, State:OPEN]
2019-10-02 11:48:59,959 [Thread-4552] INFO  container.ReplicationManager (ReplicationManager.java:start(162)) - Starting Replication Monitor Thread.
2019-10-02 11:48:59,962 [ReplicationMonitor] INFO  container.ReplicationManager (ReplicationManager.java:run(225)) - Replication Monitor Thread took 0 milliseconds for processing 1 containers.
2019-10-02 11:49:02,030 [Thread-4554] INFO  impl.FollowerState (FollowerState.java:run(108)) - 113bc92a-68bb-4892-8ddf-fb6b0142bd31@group-6A1B969791CB-FollowerState: change to CANDIDATE, lastRpcTime:5027ms, electionTimeout:5027ms
2019-10-02 11:49:02,030 [Thread-4554] INFO  impl.RoleInfo (RoleInfo.java:shutdownFollowerState(121)) - 113bc92a-68bb-4892-8ddf-fb6b0142bd31: shutdown FollowerState
2019-10-02 11:49:02,030 [Thread-4554] INFO  impl.RaftServerImpl (RaftServerImpl.java:setRole(170)) - 113bc92a-68bb-4892-8ddf-fb6b0142bd31@group-6A1B969791CB: changes role from  FOLLOWER to CANDIDATE at term 0 for changeToCandidate
2019-10-02 11:49:02,030 [Thread-4554] INFO  impl.RoleInfo (RoleInfo.java:updateAndGet(143)) - 113bc92a-68bb-4892-8ddf-fb6b0142bd31: start LeaderElection
2019-10-02 11:49:02,054 [113bc92a-68bb-4892-8ddf-fb6b0142bd31@group-6A1B969791CB-LeaderElection111] INFO  impl.LeaderElection (LeaderElection.java:askForVotes(178)) - 113bc92a-68bb-4892-8ddf-fb6b0142bd31@group-6A1B969791CB-LeaderElection111: begin an election at term 1 for -1: [113bc92a-68bb-4892-8ddf-fb6b0142bd31:192.168.164.220:34673], old=null
2019-10-02 11:49:02,055 [113bc92a-68bb-4892-8ddf-fb6b0142bd31@group-6A1B969791CB-LeaderElection111] INFO  impl.RoleInfo (RoleInfo.java:shutdownLeaderElection(134)) - 113bc92a-68bb-4892-8ddf-fb6b0142bd31: shutdown LeaderElection
2019-10-02 11:49:02,055 [113bc92a-68bb-4892-8ddf-fb6b0142bd31@group-6A1B969791CB-LeaderElection111] INFO  impl.RaftServerImpl (RaftServerImpl.java:setRole(170)) - 113bc92a-68bb-4892-8ddf-fb6b0142bd31@group-6A1B969791CB: changes role from CANDIDATE to LEADER at term 1 for changeToLeader
2019-10-02 11:49:02,055 [113bc92a-68bb-4892-8ddf-fb6b0142bd31@group-6A1B969791CB-LeaderElection111] INFO  impl.RaftServerImpl (ServerState.java:setLeader(255)) - 113bc92a-68bb-4892-8ddf-fb6b0142bd31@group-6A1B969791CB: change Leader from null to 113bc92a-68bb-4892-8ddf-fb6b0142bd31 at term 1 for becomeLeader, leader elected after 5059ms
2019-10-02 11:49:02,055 [113bc92a-68bb-4892-8ddf-fb6b0142bd31@group-6A1B969791CB-LeaderElection111] INFO  server.RaftServerConfigKeys (ConfUtils.java:logGet(43)) - raft.server.staging.catchup.gap = 1000 (default)
2019-10-02 11:49:02,055 [113bc92a-68bb-4892-8ddf-fb6b0142bd31@group-6A1B969791CB-LeaderElection111] INFO  server.RaftServerConfigKeys (ConfUtils.java:logGet(43)) - raft.server.rpc.sleep.time = 25ms (default)
2019-10-02 11:49:02,055 [113bc92a-68bb-4892-8ddf-fb6b0142bd31@group-6A1B969791CB-LeaderElection111] INFO  server.RaftServerConfigKeys (ConfUtils.java:logGet(43)) - raft.server.write.element-limit = 4096 (default)
2019-10-02 11:49:02,056 [113bc92a-68bb-4892-8ddf-fb6b0142bd31@group-6A1B969791CB-LeaderElection111] INFO  server.RaftServerConfigKeys (ConfUtils.java:logGet(43)) - raft.server.watch.timeout = 10s (default)
2019-10-02 11:49:02,056 [113bc92a-68bb-4892-8ddf-fb6b0142bd31@group-6A1B969791CB-LeaderElection111] INFO  server.RaftServerConfigKeys (ConfUtils.java:logGet(43)) - raft.server.watch.timeout.denomination = 1s (default)
2019-10-02 11:49:02,056 [113bc92a-68bb-4892-8ddf-fb6b0142bd31@group-6A1B969791CB-LeaderElection111] INFO  server.RaftServerConfigKeys (ConfUtils.java:logGet(43)) - raft.server.watch.element-limit = 65536 (default)
2019-10-02 11:49:02,058 [113bc92a-68bb-4892-8ddf-fb6b0142bd31@group-6A1B969791CB-LeaderElection111] INFO  impl.RoleInfo (RoleInfo.java:updateAndGet(143)) - 113bc92a-68bb-4892-8ddf-fb6b0142bd31: start LeaderState
2019-10-02 11:49:02,059 [113bc92a-68bb-4892-8ddf-fb6b0142bd31@group-6A1B969791CB-LeaderElection111] INFO  segmented.SegmentedRaftLogWorker (SegmentedRaftLogWorker.java:startLogSegment(385)) - 113bc92a-68bb-4892-8ddf-fb6b0142bd31@group-6A1B969791CB-SegmentedRaftLogWorker: Starting segment from index:0
2019-10-02 11:49:02,059 [113bc92a-68bb-4892-8ddf-fb6b0142bd31@group-6A1B969791CB-LeaderElection111] INFO  impl.RaftServerImpl (ServerState.java:setRaftConf(356)) - 113bc92a-68bb-4892-8ddf-fb6b0142bd31@group-6A1B969791CB: set configuration 0: [113bc92a-68bb-4892-8ddf-fb6b0142bd31:192.168.164.220:34673], old=null at 0
2019-10-02 11:49:02,097 [113bc92a-68bb-4892-8ddf-fb6b0142bd31@group-6A1B969791CB-SegmentedRaftLogWorker] INFO  segmented.SegmentedRaftLogWorker (SegmentedRaftLogWorker.java:execute(574)) - 113bc92a-68bb-4892-8ddf-fb6b0142bd31@group-6A1B969791CB-SegmentedRaftLogWorker: created new log segment /workdir/hadoop-ozone/integration-test/target/test-dir/MiniOzoneClusterImpl-fed8c003-1200-44bf-ac4e-1089d90acbae/datanode-0/data/ratis/a9e8188d-229e-400a-be93-6a1b969791cb/current/log_inprogress_0
2019-10-02 11:49:02,102 [Thread-4557] INFO  impl.FollowerState (FollowerState.java:run(108)) - ef506d76-330f-4ecf-9b72-dea24feabbc3@group-22C43CCDA3AD-FollowerState: change to CANDIDATE, lastRpcTime:5063ms, electionTimeout:5063ms
2019-10-02 11:49:02,103 [Thread-4557] INFO  impl.RoleInfo (RoleInfo.java:shutdownFollowerState(121)) - ef506d76-330f-4ecf-9b72-dea24feabbc3: shutdown FollowerState
2019-10-02 11:49:02,103 [Thread-4557] INFO  impl.RaftServerImpl (RaftServerImpl.java:setRole(170)) - ef506d76-330f-4ecf-9b72-dea24feabbc3@group-22C43CCDA3AD: changes role from  FOLLOWER to CANDIDATE at term 0 for changeToCandidate
2019-10-02 11:49:02,103 [Thread-4557] INFO  impl.RoleInfo (RoleInfo.java:updateAndGet(143)) - ef506d76-330f-4ecf-9b72-dea24feabbc3: start LeaderElection
2019-10-02 11:49:02,122 [ef506d76-330f-4ecf-9b72-dea24feabbc3@group-22C43CCDA3AD-LeaderElection112] INFO  impl.LeaderElection (LeaderElection.java:askForVotes(178)) - ef506d76-330f-4ecf-9b72-dea24feabbc3@group-22C43CCDA3AD-LeaderElection112: begin an election at term 1 for -1: [ef506d76-330f-4ecf-9b72-dea24feabbc3:192.168.164.220:33031], old=null
2019-10-02 11:49:02,122 [ef506d76-330f-4ecf-9b72-dea24feabbc3@group-22C43CCDA3AD-LeaderElection112] INFO  impl.RoleInfo (RoleInfo.java:shutdownLeaderElection(134)) - ef506d76-330f-4ecf-9b72-dea24feabbc3: shutdown LeaderElection
2019-10-02 11:49:02,123 [ef506d76-330f-4ecf-9b72-dea24feabbc3@group-22C43CCDA3AD-LeaderElection112] INFO  impl.RaftServerImpl (RaftServerImpl.java:setRole(170)) - ef506d76-330f-4ecf-9b72-dea24feabbc3@group-22C43CCDA3AD: changes role from CANDIDATE to LEADER at term 1 for changeToLeader
2019-10-02 11:49:02,123 [ef506d76-330f-4ecf-9b72-dea24feabbc3@group-22C43CCDA3AD-LeaderElection112] INFO  impl.RaftServerImpl (ServerState.java:setLeader(255)) - ef506d76-330f-4ecf-9b72-dea24feabbc3@group-22C43CCDA3AD: change Leader from null to ef506d76-330f-4ecf-9b72-dea24feabbc3 at term 1 for becomeLeader, leader elected after 5088ms
2019-10-02 11:49:02,123 [ef506d76-330f-4ecf-9b72-dea24feabbc3@group-22C43CCDA3AD-LeaderElection112] INFO  server.RaftServerConfigKeys (ConfUtils.java:logGet(43)) - raft.server.staging.catchup.gap = 1000 (default)
2019-10-02 11:49:02,123 [ef506d76-330f-4ecf-9b72-dea24feabbc3@group-22C43CCDA3AD-LeaderElection112] INFO  server.RaftServerConfigKeys (ConfUtils.java:logGet(43)) - raft.server.rpc.sleep.time = 25ms (default)
2019-10-02 11:49:02,123 [ef506d76-330f-4ecf-9b72-dea24feabbc3@group-22C43CCDA3AD-LeaderElection112] INFO  server.RaftServerConfigKeys (ConfUtils.java:logGet(43)) - raft.server.write.element-limit = 4096 (default)
2019-10-02 11:49:02,123 [ef506d76-330f-4ecf-9b72-dea24feabbc3@group-22C43CCDA3AD-LeaderElection112] INFO  server.RaftServerConfigKeys (ConfUtils.java:logGet(43)) - raft.server.watch.timeout = 10s (default)
2019-10-02 11:49:02,123 [ef506d76-330f-4ecf-9b72-dea24feabbc3@group-22C43CCDA3AD-LeaderElection112] INFO  server.RaftServerConfigKeys (ConfUtils.java:logGet(43)) - raft.server.watch.timeout.denomination = 1s (default)
2019-10-02 11:49:02,123 [ef506d76-330f-4ecf-9b72-dea24feabbc3@group-22C43CCDA3AD-LeaderElection112] INFO  server.RaftServerConfigKeys (ConfUtils.java:logGet(43)) - raft.server.watch.element-limit = 65536 (default)
2019-10-02 11:49:02,124 [ef506d76-330f-4ecf-9b72-dea24feabbc3@group-22C43CCDA3AD-LeaderElection112] INFO  impl.RoleInfo (RoleInfo.java:updateAndGet(143)) - ef506d76-330f-4ecf-9b72-dea24feabbc3: start LeaderState
2019-10-02 11:49:02,124 [ef506d76-330f-4ecf-9b72-dea24feabbc3@group-22C43CCDA3AD-LeaderElection112] INFO  segmented.SegmentedRaftLogWorker (SegmentedRaftLogWorker.java:startLogSegment(385)) - ef506d76-330f-4ecf-9b72-dea24feabbc3@group-22C43CCDA3AD-SegmentedRaftLogWorker: Starting segment from index:0
2019-10-02 11:49:02,125 [ef506d76-330f-4ecf-9b72-dea24feabbc3@group-22C43CCDA3AD-LeaderElection112] INFO  impl.RaftServerImpl (ServerState.java:setRaftConf(356)) - ef506d76-330f-4ecf-9b72-dea24feabbc3@group-22C43CCDA3AD: set configuration 0: [ef506d76-330f-4ecf-9b72-dea24feabbc3:192.168.164.220:33031], old=null at 0
2019-10-02 11:49:02,158 [Thread-4560] INFO  impl.FollowerState (FollowerState.java:run(108)) - 510cfd7b-3107-4a0d-8519-c4ac68a6e374@group-2BC30D23712F-FollowerState: change to CANDIDATE, lastRpcTime:5031ms, electionTimeout:5031ms
2019-10-02 11:49:02,159 [Thread-4560] INFO  impl.RoleInfo (RoleInfo.java:shutdownFollowerState(121)) - 510cfd7b-3107-4a0d-8519-c4ac68a6e374: shutdown FollowerState
2019-10-02 11:49:02,159 [Thread-4560] INFO  impl.RaftServerImpl (RaftServerImpl.java:setRole(170)) - 510cfd7b-3107-4a0d-8519-c4ac68a6e374@group-2BC30D23712F: changes role from  FOLLOWER to CANDIDATE at term 0 for changeToCandidate
2019-10-02 11:49:02,159 [Thread-4560] INFO  impl.RoleInfo (RoleInfo.java:updateAndGet(143)) - 510cfd7b-3107-4a0d-8519-c4ac68a6e374: start LeaderElection
2019-10-02 11:49:02,163 [ef506d76-330f-4ecf-9b72-dea24feabbc3@group-22C43CCDA3AD-SegmentedRaftLogWorker] INFO  segmented.SegmentedRaftLogWorker (SegmentedRaftLogWorker.java:execute(574)) - ef506d76-330f-4ecf-9b72-dea24feabbc3@group-22C43CCDA3AD-SegmentedRaftLogWorker: created new log segment /workdir/hadoop-ozone/integration-test/target/test-dir/MiniOzoneClusterImpl-fed8c003-1200-44bf-ac4e-1089d90acbae/datanode-1/data/ratis/1c1fb88d-41fe-4f9f-87d5-22c43ccda3ad/current/log_inprogress_0
2019-10-02 11:49:02,181 [510cfd7b-3107-4a0d-8519-c4ac68a6e374@group-2BC30D23712F-LeaderElection113] INFO  impl.LeaderElection (LeaderElection.java:askForVotes(178)) - 510cfd7b-3107-4a0d-8519-c4ac68a6e374@group-2BC30D23712F-LeaderElection113: begin an election at term 1 for -1: [510cfd7b-3107-4a0d-8519-c4ac68a6e374:192.168.164.220:42315], old=null
2019-10-02 11:49:02,181 [510cfd7b-3107-4a0d-8519-c4ac68a6e374@group-2BC30D23712F-LeaderElection113] INFO  impl.RoleInfo (RoleInfo.java:shutdownLeaderElection(134)) - 510cfd7b-3107-4a0d-8519-c4ac68a6e374: shutdown LeaderElection
2019-10-02 11:49:02,181 [510cfd7b-3107-4a0d-8519-c4ac68a6e374@group-2BC30D23712F-LeaderElection113] INFO  impl.RaftServerImpl (RaftServerImpl.java:setRole(170)) - 510cfd7b-3107-4a0d-8519-c4ac68a6e374@group-2BC30D23712F: changes role from CANDIDATE to LEADER at term 1 for changeToLeader
2019-10-02 11:49:02,181 [510cfd7b-3107-4a0d-8519-c4ac68a6e374@group-2BC30D23712F-LeaderElection113] INFO  impl.RaftServerImpl (ServerState.java:setLeader(255)) - 510cfd7b-3107-4a0d-8519-c4ac68a6e374@group-2BC30D23712F: change Leader from null to 510cfd7b-3107-4a0d-8519-c4ac68a6e374 at term 1 for becomeLeader, leader elected after 5058ms
2019-10-02 11:49:02,181 [510cfd7b-3107-4a0d-8519-c4ac68a6e374@group-2BC30D23712F-LeaderElection113] INFO  server.RaftServerConfigKeys (ConfUtils.java:logGet(43)) - raft.server.staging.catchup.gap = 1000 (default)
2019-10-02 11:49:02,181 [510cfd7b-3107-4a0d-8519-c4ac68a6e374@group-2BC30D23712F-LeaderElection113] INFO  server.RaftServerConfigKeys (ConfUtils.java:logGet(43)) - raft.server.rpc.sleep.time = 25ms (default)
2019-10-02 11:49:02,181 [510cfd7b-3107-4a0d-8519-c4ac68a6e374@group-2BC30D23712F-LeaderElection113] INFO  server.RaftServerConfigKeys (ConfUtils.java:logGet(43)) - raft.server.write.element-limit = 4096 (default)
2019-10-02 11:49:02,181 [510cfd7b-3107-4a0d-8519-c4ac68a6e374@group-2BC30D23712F-LeaderElection113] INFO  server.RaftServerConfigKeys (ConfUtils.java:logGet(43)) - raft.server.watch.timeout = 10s (default)
2019-10-02 11:49:02,182 [510cfd7b-3107-4a0d-8519-c4ac68a6e374@group-2BC30D23712F-LeaderElection113] INFO  server.RaftServerConfigKeys (ConfUtils.java:logGet(43)) - raft.server.watch.timeout.denomination = 1s (default)
2019-10-02 11:49:02,182 [510cfd7b-3107-4a0d-8519-c4ac68a6e374@group-2BC30D23712F-LeaderElection113] INFO  server.RaftServerConfigKeys (ConfUtils.java:logGet(43)) - raft.server.watch.element-limit = 65536 (default)
2019-10-02 11:49:02,183 [510cfd7b-3107-4a0d-8519-c4ac68a6e374@group-2BC30D23712F-LeaderElection113] INFO  impl.RoleInfo (RoleInfo.java:updateAndGet(143)) - 510cfd7b-3107-4a0d-8519-c4ac68a6e374: start LeaderState
2019-10-02 11:49:02,183 [510cfd7b-3107-4a0d-8519-c4ac68a6e374@group-2BC30D23712F-LeaderElection113] INFO  segmented.SegmentedRaftLogWorker (SegmentedRaftLogWorker.java:startLogSegment(385)) - 510cfd7b-3107-4a0d-8519-c4ac68a6e374@group-2BC30D23712F-SegmentedRaftLogWorker: Starting segment from index:0
2019-10-02 11:49:02,183 [510cfd7b-3107-4a0d-8519-c4ac68a6e374@group-2BC30D23712F-LeaderElection113] INFO  impl.RaftServerImpl (ServerState.java:setRaftConf(356)) - 510cfd7b-3107-4a0d-8519-c4ac68a6e374@group-2BC30D23712F: set configuration 0: [510cfd7b-3107-4a0d-8519-c4ac68a6e374:192.168.164.220:42315], old=null at 0
2019-10-02 11:49:02,220 [510cfd7b-3107-4a0d-8519-c4ac68a6e374@group-2BC30D23712F-SegmentedRaftLogWorker] INFO  segmented.SegmentedRaftLogWorker (SegmentedRaftLogWorker.java:execute(574)) - 510cfd7b-3107-4a0d-8519-c4ac68a6e374@group-2BC30D23712F-SegmentedRaftLogWorker: created new log segment /workdir/hadoop-ozone/integration-test/target/test-dir/MiniOzoneClusterImpl-fed8c003-1200-44bf-ac4e-1089d90acbae/datanode-2/data/ratis/22b48041-eb31-4eab-bbc2-2bc30d23712f/current/log_inprogress_0
2019-10-02 11:49:02,288 [Thread-4568] INFO  impl.FollowerState (FollowerState.java:run(108)) - 510cfd7b-3107-4a0d-8519-c4ac68a6e374@group-EDBDEA049EE4-FollowerState: change to CANDIDATE, lastRpcTime:5092ms, electionTimeout:5092ms
2019-10-02 11:49:02,288 [Thread-4568] INFO  impl.RoleInfo (RoleInfo.java:shutdownFollowerState(121)) - 510cfd7b-3107-4a0d-8519-c4ac68a6e374: shutdown FollowerState
2019-10-02 11:49:02,288 [Thread-4568] INFO  impl.RaftServerImpl (RaftServerImpl.java:setRole(170)) - 510cfd7b-3107-4a0d-8519-c4ac68a6e374@group-EDBDEA049EE4: changes role from  FOLLOWER to CANDIDATE at term 0 for changeToCandidate
2019-10-02 11:49:02,288 [Thread-4568] INFO  impl.RoleInfo (RoleInfo.java:updateAndGet(143)) - 510cfd7b-3107-4a0d-8519-c4ac68a6e374: start LeaderElection
2019-10-02 11:49:02,294 [Thread-4567] INFO  impl.FollowerState (FollowerState.java:run(108)) - ef506d76-330f-4ecf-9b72-dea24feabbc3@group-EDBDEA049EE4-FollowerState: change to CANDIDATE, lastRpcTime:5099ms, electionTimeout:5097ms
2019-10-02 11:49:02,294 [Thread-4567] INFO  impl.RoleInfo (RoleInfo.java:shutdownFollowerState(121)) - ef506d76-330f-4ecf-9b72-dea24feabbc3: shutdown FollowerState
2019-10-02 11:49:02,294 [Thread-4567] INFO  impl.RaftServerImpl (RaftServerImpl.java:setRole(170)) - ef506d76-330f-4ecf-9b72-dea24feabbc3@group-EDBDEA049EE4: changes role from  FOLLOWER to CANDIDATE at term 0 for changeToCandidate
2019-10-02 11:49:02,294 [Thread-4567] INFO  impl.RoleInfo (RoleInfo.java:updateAndGet(143)) - ef506d76-330f-4ecf-9b72-dea24feabbc3: start LeaderElection
2019-10-02 11:49:02,311 [ef506d76-330f-4ecf-9b72-dea24feabbc3@group-EDBDEA049EE4-LeaderElection115] INFO  impl.LeaderElection (LeaderElection.java:askForVotes(178)) - ef506d76-330f-4ecf-9b72-dea24feabbc3@group-EDBDEA049EE4-LeaderElection115: begin an election at term 1 for -1: [113bc92a-68bb-4892-8ddf-fb6b0142bd31:192.168.164.220:34673, 510cfd7b-3107-4a0d-8519-c4ac68a6e374:192.168.164.220:42315, ef506d76-330f-4ecf-9b72-dea24feabbc3:192.168.164.220:33031], old=null
2019-10-02 11:49:02,311 [510cfd7b-3107-4a0d-8519-c4ac68a6e374@group-EDBDEA049EE4-LeaderElection114] INFO  impl.LeaderElection (LeaderElection.java:askForVotes(178)) - 510cfd7b-3107-4a0d-8519-c4ac68a6e374@group-EDBDEA049EE4-LeaderElection114: begin an election at term 1 for -1: [113bc92a-68bb-4892-8ddf-fb6b0142bd31:192.168.164.220:34673, 510cfd7b-3107-4a0d-8519-c4ac68a6e374:192.168.164.220:42315, ef506d76-330f-4ecf-9b72-dea24feabbc3:192.168.164.220:33031], old=null
2019-10-02 11:49:02,314 [grpc-default-executor-10] INFO  impl.RaftServerImpl (RaftServerImpl.java:setRole(170)) - 113bc92a-68bb-4892-8ddf-fb6b0142bd31@group-EDBDEA049EE4: changes role from  FOLLOWER to FOLLOWER at term 1 for recognizeCandidate:510cfd7b-3107-4a0d-8519-c4ac68a6e374
2019-10-02 11:49:02,314 [grpc-default-executor-10] INFO  impl.RoleInfo (RoleInfo.java:shutdownFollowerState(121)) - 113bc92a-68bb-4892-8ddf-fb6b0142bd31: shutdown FollowerState
2019-10-02 11:49:02,314 [grpc-default-executor-10] INFO  impl.RoleInfo (RoleInfo.java:updateAndGet(143)) - 113bc92a-68bb-4892-8ddf-fb6b0142bd31: start FollowerState
2019-10-02 11:49:02,314 [Thread-4563] INFO  impl.FollowerState (FollowerState.java:run(117)) - 113bc92a-68bb-4892-8ddf-fb6b0142bd31@group-EDBDEA049EE4-FollowerState was interrupted: java.lang.InterruptedException: sleep interrupted
2019-10-02 11:49:02,335 [ef506d76-330f-4ecf-9b72-dea24feabbc3@group-EDBDEA049EE4-LeaderElection115] INFO  impl.LeaderElection (LeaderElection.java:logAndReturn(56)) - ef506d76-330f-4ecf-9b72-dea24feabbc3@group-EDBDEA049EE4-LeaderElection115: Election REJECTED; received 2 response(s) [ef506d76-330f-4ecf-9b72-dea24feabbc3<-113bc92a-68bb-4892-8ddf-fb6b0142bd31#0:FAIL-t1, ef506d76-330f-4ecf-9b72-dea24feabbc3<-510cfd7b-3107-4a0d-8519-c4ac68a6e374#0:FAIL-t1] and 0 exception(s); ef506d76-330f-4ecf-9b72-dea24feabbc3@group-EDBDEA049EE4:t1, leader=null, voted=ef506d76-330f-4ecf-9b72-dea24feabbc3, raftlog=ef506d76-330f-4ecf-9b72-dea24feabbc3@group-EDBDEA049EE4-SegmentedRaftLog:OPENED:c-1,f-1,i0, conf=-1: [113bc92a-68bb-4892-8ddf-fb6b0142bd31:192.168.164.220:34673, 510cfd7b-3107-4a0d-8519-c4ac68a6e374:192.168.164.220:42315, ef506d76-330f-4ecf-9b72-dea24feabbc3:192.168.164.220:33031], old=null
2019-10-02 11:49:02,335 [510cfd7b-3107-4a0d-8519-c4ac68a6e374@group-EDBDEA049EE4-LeaderElection114] INFO  impl.LeaderElection (LeaderElection.java:logAndReturn(56)) - 510cfd7b-3107-4a0d-8519-c4ac68a6e374@group-EDBDEA049EE4-LeaderElection114: Election PASSED; received 2 response(s) [510cfd7b-3107-4a0d-8519-c4ac68a6e374<-113bc92a-68bb-4892-8ddf-fb6b0142bd31#0:OK-t1, 510cfd7b-3107-4a0d-8519-c4ac68a6e374<-ef506d76-330f-4ecf-9b72-dea24feabbc3#0:FAIL-t1] and 0 exception(s); 510cfd7b-3107-4a0d-8519-c4ac68a6e374@group-EDBDEA049EE4:t1, leader=null, voted=510cfd7b-3107-4a0d-8519-c4ac68a6e374, raftlog=510cfd7b-3107-4a0d-8519-c4ac68a6e374@group-EDBDEA049EE4-SegmentedRaftLog:OPENED:c-1,f-1,i0, conf=-1: [113bc92a-68bb-4892-8ddf-fb6b0142bd31:192.168.164.220:34673, 510cfd7b-3107-4a0d-8519-c4ac68a6e374:192.168.164.220:42315, ef506d76-330f-4ecf-9b72-dea24feabbc3:192.168.164.220:33031], old=null
2019-10-02 11:49:02,335 [ef506d76-330f-4ecf-9b72-dea24feabbc3@group-EDBDEA049EE4-LeaderElection115] INFO  impl.RaftServerImpl (RaftServerImpl.java:setRole(170)) - ef506d76-330f-4ecf-9b72-dea24feabbc3@group-EDBDEA049EE4: changes role from CANDIDATE to FOLLOWER at term 1 for DISCOVERED_A_NEW_TERM
2019-10-02 11:49:02,338 [ef506d76-330f-4ecf-9b72-dea24feabbc3@group-EDBDEA049EE4-LeaderElection115] INFO  impl.RoleInfo (RoleInfo.java:shutdownLeaderElection(134)) - ef506d76-330f-4ecf-9b72-dea24feabbc3: shutdown LeaderElection
2019-10-02 11:49:02,338 [ef506d76-330f-4ecf-9b72-dea24feabbc3@group-EDBDEA049EE4-LeaderElection115] INFO  impl.RoleInfo (RoleInfo.java:updateAndGet(143)) - ef506d76-330f-4ecf-9b72-dea24feabbc3: start FollowerState
2019-10-02 11:49:02,338 [510cfd7b-3107-4a0d-8519-c4ac68a6e374@group-EDBDEA049EE4-LeaderElection114] INFO  impl.RoleInfo (RoleInfo.java:shutdownLeaderElection(134)) - 510cfd7b-3107-4a0d-8519-c4ac68a6e374: shutdown LeaderElection
2019-10-02 11:49:02,340 [510cfd7b-3107-4a0d-8519-c4ac68a6e374@group-EDBDEA049EE4-LeaderElection114] INFO  impl.RaftServerImpl (RaftServerImpl.java:setRole(170)) - 510cfd7b-3107-4a0d-8519-c4ac68a6e374@group-EDBDEA049EE4: changes role from CANDIDATE to LEADER at term 1 for changeToLeader
2019-10-02 11:49:02,340 [510cfd7b-3107-4a0d-8519-c4ac68a6e374@group-EDBDEA049EE4-LeaderElection114] INFO  impl.RaftServerImpl (ServerState.java:setLeader(255)) - 510cfd7b-3107-4a0d-8519-c4ac68a6e374@group-EDBDEA049EE4: change Leader from null to 510cfd7b-3107-4a0d-8519-c4ac68a6e374 at term 1 for becomeLeader, leader elected after 5156ms
2019-10-02 11:49:02,341 [510cfd7b-3107-4a0d-8519-c4ac68a6e374@group-EDBDEA049EE4-LeaderElection114] INFO  server.RaftServerConfigKeys (ConfUtils.java:logGet(43)) - raft.server.staging.catchup.gap = 1000 (default)
2019-10-02 11:49:02,341 [510cfd7b-3107-4a0d-8519-c4ac68a6e374@group-EDBDEA049EE4-LeaderElection114] INFO  server.RaftServerConfigKeys (ConfUtils.java:logGet(43)) - raft.server.rpc.sleep.time = 25ms (default)
2019-10-02 11:49:02,341 [510cfd7b-3107-4a0d-8519-c4ac68a6e374@group-EDBDEA049EE4-LeaderElection114] INFO  server.RaftServerConfigKeys (ConfUtils.java:logGet(43)) - raft.server.write.element-limit = 4096 (default)
2019-10-02 11:49:02,341 [510cfd7b-3107-4a0d-8519-c4ac68a6e374@group-EDBDEA049EE4-LeaderElection114] INFO  server.RaftServerConfigKeys (ConfUtils.java:logGet(43)) - raft.server.watch.timeout = 10s (default)
2019-10-02 11:49:02,341 [510cfd7b-3107-4a0d-8519-c4ac68a6e374@group-EDBDEA049EE4-LeaderElection114] INFO  server.RaftServerConfigKeys (ConfUtils.java:logGet(43)) - raft.server.watch.timeout.denomination = 1s (default)
2019-10-02 11:49:02,341 [510cfd7b-3107-4a0d-8519-c4ac68a6e374@group-EDBDEA049EE4-LeaderElection114] INFO  server.RaftServerConfigKeys (ConfUtils.java:logGet(43)) - raft.server.watch.element-limit = 65536 (default)
2019-10-02 11:49:02,343 [510cfd7b-3107-4a0d-8519-c4ac68a6e374@group-EDBDEA049EE4-LeaderElection114] INFO  server.RaftServerConfigKeys (ConfUtils.java:logGet(43)) - raft.server.log.appender.snapshot.chunk.size.max = 16MB (=16777216) (default)
2019-10-02 11:49:02,343 [510cfd7b-3107-4a0d-8519-c4ac68a6e374@group-EDBDEA049EE4-LeaderElection114] INFO  server.RaftServerConfigKeys (ConfUtils.java:logGet(43)) - raft.server.log.appender.buffer.byte-limit = 33554432 (custom)
2019-10-02 11:49:02,343 [510cfd7b-3107-4a0d-8519-c4ac68a6e374@group-EDBDEA049EE4-LeaderElection114] INFO  server.RaftServerConfigKeys (ConfUtils.java:logGet(43)) - raft.server.log.appender.buffer.element-limit = 1 (custom)
2019-10-02 11:49:02,343 [510cfd7b-3107-4a0d-8519-c4ac68a6e374@group-EDBDEA049EE4-LeaderElection114] INFO  grpc.GrpcConfigKeys$Server (ConfUtils.java:logGet(43)) - raft.grpc.server.leader.outstanding.appends.max = 128 (default)
2019-10-02 11:49:02,344 [510cfd7b-3107-4a0d-8519-c4ac68a6e374@group-EDBDEA049EE4-LeaderElection114] INFO  server.RaftServerConfigKeys (ConfUtils.java:logGet(43)) - raft.server.rpc.request.timeout = 3000ms (default)
2019-10-02 11:49:02,344 [510cfd7b-3107-4a0d-8519-c4ac68a6e374@group-EDBDEA049EE4-LeaderElection114] INFO  server.RaftServerConfigKeys (ConfUtils.java:logGet(43)) - raft.server.log.appender.install.snapshot.enabled = false (custom)
2019-10-02 11:49:02,344 [510cfd7b-3107-4a0d-8519-c4ac68a6e374@group-EDBDEA049EE4-LeaderElection114] INFO  server.RaftServerConfigKeys (ConfUtils.java:logGet(43)) - raft.server.log.appender.snapshot.chunk.size.max = 16MB (=16777216) (default)
2019-10-02 11:49:02,344 [510cfd7b-3107-4a0d-8519-c4ac68a6e374@group-EDBDEA049EE4-LeaderElection114] INFO  server.RaftServerConfigKeys (ConfUtils.java:logGet(43)) - raft.server.log.appender.buffer.byte-limit = 33554432 (custom)
2019-10-02 11:49:02,344 [510cfd7b-3107-4a0d-8519-c4ac68a6e374@group-EDBDEA049EE4-LeaderElection114] INFO  server.RaftServerConfigKeys (ConfUtils.java:logGet(43)) - raft.server.log.appender.buffer.element-limit = 1 (custom)
2019-10-02 11:49:02,344 [510cfd7b-3107-4a0d-8519-c4ac68a6e374@group-EDBDEA049EE4-LeaderElection114] INFO  grpc.GrpcConfigKeys$Server (ConfUtils.java:logGet(43)) - raft.grpc.server.leader.outstanding.appends.max = 128 (default)
2019-10-02 11:49:02,344 [510cfd7b-3107-4a0d-8519-c4ac68a6e374@group-EDBDEA049EE4-LeaderElection114] INFO  server.RaftServerConfigKeys (ConfUtils.java:logGet(43)) - raft.server.rpc.request.timeout = 3000ms (default)
2019-10-02 11:49:02,345 [510cfd7b-3107-4a0d-8519-c4ac68a6e374@group-EDBDEA049EE4-LeaderElection114] INFO  server.RaftServerConfigKeys (ConfUtils.java:logGet(43)) - raft.server.log.appender.install.snapshot.enabled = false (custom)
2019-10-02 11:49:02,345 [510cfd7b-3107-4a0d-8519-c4ac68a6e374@group-EDBDEA049EE4-LeaderElection114] INFO  impl.RoleInfo (RoleInfo.java:updateAndGet(143)) - 510cfd7b-3107-4a0d-8519-c4ac68a6e374: start LeaderState
2019-10-02 11:49:02,345 [510cfd7b-3107-4a0d-8519-c4ac68a6e374@group-EDBDEA049EE4-LeaderElection114] INFO  segmented.SegmentedRaftLogWorker (SegmentedRaftLogWorker.java:startLogSegment(385)) - 510cfd7b-3107-4a0d-8519-c4ac68a6e374@group-EDBDEA049EE4-SegmentedRaftLogWorker: Starting segment from index:0
2019-10-02 11:49:02,346 [510cfd7b-3107-4a0d-8519-c4ac68a6e374@group-EDBDEA049EE4-LeaderElection114] INFO  impl.RaftServerImpl (ServerState.java:setRaftConf(356)) - 510cfd7b-3107-4a0d-8519-c4ac68a6e374@group-EDBDEA049EE4: set configuration 0: [113bc92a-68bb-4892-8ddf-fb6b0142bd31:192.168.164.220:34673, 510cfd7b-3107-4a0d-8519-c4ac68a6e374:192.168.164.220:42315, ef506d76-330f-4ecf-9b72-dea24feabbc3:192.168.164.220:33031], old=null at 0
2019-10-02 11:49:02,347 [grpc-default-executor-10] INFO  impl.RaftServerImpl (ServerState.java:setLeader(255)) - ef506d76-330f-4ecf-9b72-dea24feabbc3@group-EDBDEA049EE4: change Leader from null to 510cfd7b-3107-4a0d-8519-c4ac68a6e374 at term 1 for appendEntries, leader elected after 5162ms
2019-10-02 11:49:02,347 [grpc-default-executor-7] INFO  impl.RaftServerImpl (ServerState.java:setLeader(255)) - 113bc92a-68bb-4892-8ddf-fb6b0142bd31@group-EDBDEA049EE4: change Leader from null to 510cfd7b-3107-4a0d-8519-c4ac68a6e374 at term 1 for appendEntries, leader elected after 5163ms
2019-10-02 11:49:02,348 [Thread-4575] INFO  impl.FollowerState (FollowerState.java:run(108)) - 50fccacf-7ba1-4d43-bfe6-78d7deac3c07@group-51615C681F5A-FollowerState: change to CANDIDATE, lastRpcTime:5093ms, electionTimeout:5093ms
2019-10-02 11:49:02,348 [Thread-4575] INFO  impl.RoleInfo (RoleInfo.java:shutdownFollowerState(121)) - 50fccacf-7ba1-4d43-bfe6-78d7deac3c07: shutdown FollowerState
2019-10-02 11:49:02,348 [Thread-4575] INFO  impl.RaftServerImpl (RaftServerImpl.java:setRole(170)) - 50fccacf-7ba1-4d43-bfe6-78d7deac3c07@group-51615C681F5A: changes role from  FOLLOWER to CANDIDATE at term 0 for changeToCandidate
2019-10-02 11:49:02,348 [Thread-4575] INFO  impl.RoleInfo (RoleInfo.java:updateAndGet(143)) - 50fccacf-7ba1-4d43-bfe6-78d7deac3c07: start LeaderElection
2019-10-02 11:49:02,376 [Thread-4572] INFO  impl.FollowerState (FollowerState.java:run(108)) - 51b5bcf3-deaf-4700-bbe7-a90669d5eae5@group-2E6A0C5090CE-FollowerState: change to CANDIDATE, lastRpcTime:5146ms, electionTimeout:5145ms
2019-10-02 11:49:02,377 [Thread-4572] INFO  impl.RoleInfo (RoleInfo.java:shutdownFollowerState(121)) - 51b5bcf3-deaf-4700-bbe7-a90669d5eae5: shutdown FollowerState
2019-10-02 11:49:02,381 [grpc-default-executor-7] INFO  impl.RaftServerImpl (ServerState.java:setRaftConf(356)) - ef506d76-330f-4ecf-9b72-dea24feabbc3@group-EDBDEA049EE4: set configuration 0: [113bc92a-68bb-4892-8ddf-fb6b0142bd31:192.168.164.220:34673, 510cfd7b-3107-4a0d-8519-c4ac68a6e374:192.168.164.220:42315, ef506d76-330f-4ecf-9b72-dea24feabbc3:192.168.164.220:33031], old=null at 0
2019-10-02 11:49:02,381 [grpc-default-executor-10] INFO  impl.RaftServerImpl (ServerState.java:setRaftConf(356)) - 113bc92a-68bb-4892-8ddf-fb6b0142bd31@group-EDBDEA049EE4: set configuration 0: [113bc92a-68bb-4892-8ddf-fb6b0142bd31:192.168.164.220:34673, 510cfd7b-3107-4a0d-8519-c4ac68a6e374:192.168.164.220:42315, ef506d76-330f-4ecf-9b72-dea24feabbc3:192.168.164.220:33031], old=null at 0
2019-10-02 11:49:02,382 [grpc-default-executor-7] INFO  segmented.SegmentedRaftLogWorker (SegmentedRaftLogWorker.java:startLogSegment(385)) - ef506d76-330f-4ecf-9b72-dea24feabbc3@group-EDBDEA049EE4-SegmentedRaftLogWorker: Starting segment from index:0
2019-10-02 11:49:02,381 [Thread-4572] INFO  impl.RaftServerImpl (RaftServerImpl.java:setRole(170)) - 51b5bcf3-deaf-4700-bbe7-a90669d5eae5@group-2E6A0C5090CE: changes role from  FOLLOWER to CANDIDATE at term 0 for changeToCandidate
2019-10-02 11:49:02,382 [grpc-default-executor-10] INFO  segmented.SegmentedRaftLogWorker (SegmentedRaftLogWorker.java:startLogSegment(385)) - 113bc92a-68bb-4892-8ddf-fb6b0142bd31@group-EDBDEA049EE4-SegmentedRaftLogWorker: Starting segment from index:0
2019-10-02 11:49:02,382 [Thread-4572] INFO  impl.RoleInfo (RoleInfo.java:updateAndGet(143)) - 51b5bcf3-deaf-4700-bbe7-a90669d5eae5: start LeaderElection
2019-10-02 11:49:02,411 [510cfd7b-3107-4a0d-8519-c4ac68a6e374@group-EDBDEA049EE4-SegmentedRaftLogWorker] INFO  segmented.SegmentedRaftLogWorker (SegmentedRaftLogWorker.java:execute(574)) - 510cfd7b-3107-4a0d-8519-c4ac68a6e374@group-EDBDEA049EE4-SegmentedRaftLogWorker: created new log segment /workdir/hadoop-ozone/integration-test/target/test-dir/MiniOzoneClusterImpl-fed8c003-1200-44bf-ac4e-1089d90acbae/datanode-2/data/ratis/fc9d5f4e-9ab3-4009-a5df-edbdea049ee4/current/log_inprogress_0
2019-10-02 11:49:02,419 [50fccacf-7ba1-4d43-bfe6-78d7deac3c07@group-51615C681F5A-LeaderElection116] INFO  impl.LeaderElection (LeaderElection.java:askForVotes(178)) - 50fccacf-7ba1-4d43-bfe6-78d7deac3c07@group-51615C681F5A-LeaderElection116: begin an election at term 1 for -1: [50fccacf-7ba1-4d43-bfe6-78d7deac3c07:192.168.164.220:42145], old=null
2019-10-02 11:49:02,419 [50fccacf-7ba1-4d43-bfe6-78d7deac3c07@group-51615C681F5A-LeaderElection116] INFO  impl.RoleInfo (RoleInfo.java:shutdownLeaderElection(134)) - 50fccacf-7ba1-4d43-bfe6-78d7deac3c07: shutdown LeaderElection
2019-10-02 11:49:02,419 [50fccacf-7ba1-4d43-bfe6-78d7deac3c07@group-51615C681F5A-LeaderElection116] INFO  impl.RaftServerImpl (RaftServerImpl.java:setRole(170)) - 50fccacf-7ba1-4d43-bfe6-78d7deac3c07@group-51615C681F5A: changes role from CANDIDATE to LEADER at term 1 for changeToLeader
2019-10-02 11:49:02,419 [50fccacf-7ba1-4d43-bfe6-78d7deac3c07@group-51615C681F5A-LeaderElection116] INFO  impl.RaftServerImpl (ServerState.java:setLeader(255)) - 50fccacf-7ba1-4d43-bfe6-78d7deac3c07@group-51615C681F5A: change Leader from null to 50fccacf-7ba1-4d43-bfe6-78d7deac3c07 at term 1 for becomeLeader, leader elected after 5169ms
2019-10-02 11:49:02,419 [50fccacf-7ba1-4d43-bfe6-78d7deac3c07@group-51615C681F5A-LeaderElection116] INFO  server.RaftServerConfigKeys (ConfUtils.java:logGet(43)) - raft.server.staging.catchup.gap = 1000 (default)
2019-10-02 11:49:02,419 [50fccacf-7ba1-4d43-bfe6-78d7deac3c07@group-51615C681F5A-LeaderElection116] INFO  server.RaftServerConfigKeys (ConfUtils.java:logGet(43)) - raft.server.rpc.sleep.time = 25ms (default)
2019-10-02 11:49:02,420 [50fccacf-7ba1-4d43-bfe6-78d7deac3c07@group-51615C681F5A-LeaderElection116] INFO  server.RaftServerConfigKeys (ConfUtils.java:logGet(43)) - raft.server.write.element-limit = 4096 (default)
2019-10-02 11:49:02,420 [50fccacf-7ba1-4d43-bfe6-78d7deac3c07@group-51615C681F5A-LeaderElection116] INFO  server.RaftServerConfigKeys (ConfUtils.java:logGet(43)) - raft.server.watch.timeout = 10s (default)
2019-10-02 11:49:02,420 [50fccacf-7ba1-4d43-bfe6-78d7deac3c07@group-51615C681F5A-LeaderElection116] INFO  server.RaftServerConfigKeys (ConfUtils.java:logGet(43)) - raft.server.watch.timeout.denomination = 1s (default)
2019-10-02 11:49:02,420 [50fccacf-7ba1-4d43-bfe6-78d7deac3c07@group-51615C681F5A-LeaderElection116] INFO  server.RaftServerConfigKeys (ConfUtils.java:logGet(43)) - raft.server.watch.element-limit = 65536 (default)
2019-10-02 11:49:02,422 [50fccacf-7ba1-4d43-bfe6-78d7deac3c07@group-51615C681F5A-LeaderElection116] INFO  impl.RoleInfo (RoleInfo.java:updateAndGet(143)) - 50fccacf-7ba1-4d43-bfe6-78d7deac3c07: start LeaderState
2019-10-02 11:49:02,422 [50fccacf-7ba1-4d43-bfe6-78d7deac3c07@group-51615C681F5A-LeaderElection116] INFO  segmented.SegmentedRaftLogWorker (SegmentedRaftLogWorker.java:startLogSegment(385)) - 50fccacf-7ba1-4d43-bfe6-78d7deac3c07@group-51615C681F5A-SegmentedRaftLogWorker: Starting segment from index:0
2019-10-02 11:49:02,422 [50fccacf-7ba1-4d43-bfe6-78d7deac3c07@group-51615C681F5A-LeaderElection116] INFO  impl.RaftServerImpl (ServerState.java:setRaftConf(356)) - 50fccacf-7ba1-4d43-bfe6-78d7deac3c07@group-51615C681F5A: set configuration 0: [50fccacf-7ba1-4d43-bfe6-78d7deac3c07:192.168.164.220:42145], old=null at 0
2019-10-02 11:49:02,425 [ef506d76-330f-4ecf-9b72-dea24feabbc3@group-EDBDEA049EE4-SegmentedRaftLogWorker] INFO  segmented.SegmentedRaftLogWorker (SegmentedRaftLogWorker.java:execute(574)) - ef506d76-330f-4ecf-9b72-dea24feabbc3@group-EDBDEA049EE4-SegmentedRaftLogWorker: created new log segment /workdir/hadoop-ozone/integration-test/target/test-dir/MiniOzoneClusterImpl-fed8c003-1200-44bf-ac4e-1089d90acbae/datanode-1/data/ratis/fc9d5f4e-9ab3-4009-a5df-edbdea049ee4/current/log_inprogress_0
2019-10-02 11:49:02,425 [51b5bcf3-deaf-4700-bbe7-a90669d5eae5@group-2E6A0C5090CE-LeaderElection117] INFO  impl.LeaderElection (LeaderElection.java:askForVotes(178)) - 51b5bcf3-deaf-4700-bbe7-a90669d5eae5@group-2E6A0C5090CE-LeaderElection117: begin an election at term 1 for -1: [51b5bcf3-deaf-4700-bbe7-a90669d5eae5:192.168.164.220:44712], old=null
2019-10-02 11:49:02,425 [51b5bcf3-deaf-4700-bbe7-a90669d5eae5@group-2E6A0C5090CE-LeaderElection117] INFO  impl.RoleInfo (RoleInfo.java:shutdownLeaderElection(134)) - 51b5bcf3-deaf-4700-bbe7-a90669d5eae5: shutdown LeaderElection
2019-10-02 11:49:02,425 [51b5bcf3-deaf-4700-bbe7-a90669d5eae5@group-2E6A0C5090CE-LeaderElection117] INFO  impl.RaftServerImpl (RaftServerImpl.java:setRole(170)) - 51b5bcf3-deaf-4700-bbe7-a90669d5eae5@group-2E6A0C5090CE: changes role from CANDIDATE to LEADER at term 1 for changeToLeader
2019-10-02 11:49:02,425 [51b5bcf3-deaf-4700-bbe7-a90669d5eae5@group-2E6A0C5090CE-LeaderElection117] INFO  impl.RaftServerImpl (ServerState.java:setLeader(255)) - 51b5bcf3-deaf-4700-bbe7-a90669d5eae5@group-2E6A0C5090CE: change Leader from null to 51b5bcf3-deaf-4700-bbe7-a90669d5eae5 at term 1 for becomeLeader, leader elected after 5200ms
2019-10-02 11:49:02,425 [51b5bcf3-deaf-4700-bbe7-a90669d5eae5@group-2E6A0C5090CE-LeaderElection117] INFO  server.RaftServerConfigKeys (ConfUtils.java:logGet(43)) - raft.server.staging.catchup.gap = 1000 (default)
2019-10-02 11:49:02,426 [51b5bcf3-deaf-4700-bbe7-a90669d5eae5@group-2E6A0C5090CE-LeaderElection117] INFO  server.RaftServerConfigKeys (ConfUtils.java:logGet(43)) - raft.server.rpc.sleep.time = 25ms (default)
2019-10-02 11:49:02,426 [51b5bcf3-deaf-4700-bbe7-a90669d5eae5@group-2E6A0C5090CE-LeaderElection117] INFO  server.RaftServerConfigKeys (ConfUtils.java:logGet(43)) - raft.server.write.element-limit = 4096 (default)
2019-10-02 11:49:02,426 [51b5bcf3-deaf-4700-bbe7-a90669d5eae5@group-2E6A0C5090CE-LeaderElection117] INFO  server.RaftServerConfigKeys (ConfUtils.java:logGet(43)) - raft.server.watch.timeout = 10s (default)
2019-10-02 11:49:02,426 [51b5bcf3-deaf-4700-bbe7-a90669d5eae5@group-2E6A0C5090CE-LeaderElection117] INFO  server.RaftServerConfigKeys (ConfUtils.java:logGet(43)) - raft.server.watch.timeout.denomination = 1s (default)
2019-10-02 11:49:02,426 [51b5bcf3-deaf-4700-bbe7-a90669d5eae5@group-2E6A0C5090CE-LeaderElection117] INFO  server.RaftServerConfigKeys (ConfUtils.java:logGet(43)) - raft.server.watch.element-limit = 65536 (default)
2019-10-02 11:49:02,427 [51b5bcf3-deaf-4700-bbe7-a90669d5eae5@group-2E6A0C5090CE-LeaderElection117] INFO  impl.RoleInfo (RoleInfo.java:updateAndGet(143)) - 51b5bcf3-deaf-4700-bbe7-a90669d5eae5: start LeaderState
2019-10-02 11:49:02,427 [51b5bcf3-deaf-4700-bbe7-a90669d5eae5@group-2E6A0C5090CE-LeaderElection117] INFO  segmented.SegmentedRaftLogWorker (SegmentedRaftLogWorker.java:startLogSegment(385)) - 51b5bcf3-deaf-4700-bbe7-a90669d5eae5@group-2E6A0C5090CE-SegmentedRaftLogWorker: Starting segment from index:0
2019-10-02 11:49:02,427 [51b5bcf3-deaf-4700-bbe7-a90669d5eae5@group-2E6A0C5090CE-LeaderElection117] INFO  impl.RaftServerImpl (ServerState.java:setRaftConf(356)) - 51b5bcf3-deaf-4700-bbe7-a90669d5eae5@group-2E6A0C5090CE: set configuration 0: [51b5bcf3-deaf-4700-bbe7-a90669d5eae5:192.168.164.220:44712], old=null at 0
2019-10-02 11:49:02,444 [Thread-4590] INFO  impl.FollowerState (FollowerState.java:run(108)) - 51b5bcf3-deaf-4700-bbe7-a90669d5eae5@group-B3C896AFE5E8-FollowerState: change to CANDIDATE, lastRpcTime:5043ms, electionTimeout:5043ms
2019-10-02 11:49:02,444 [Thread-4590] INFO  impl.RoleInfo (RoleInfo.java:shutdownFollowerState(121)) - 51b5bcf3-deaf-4700-bbe7-a90669d5eae5: shutdown FollowerState
2019-10-02 11:49:02,444 [Thread-4590] INFO  impl.RaftServerImpl (RaftServerImpl.java:setRole(170)) - 51b5bcf3-deaf-4700-bbe7-a90669d5eae5@group-B3C896AFE5E8: changes role from  FOLLOWER to CANDIDATE at term 0 for changeToCandidate
2019-10-02 11:49:02,444 [Thread-4590] INFO  impl.RoleInfo (RoleInfo.java:updateAndGet(143)) - 51b5bcf3-deaf-4700-bbe7-a90669d5eae5: start LeaderElection
2019-10-02 11:49:02,459 [113bc92a-68bb-4892-8ddf-fb6b0142bd31@group-EDBDEA049EE4-SegmentedRaftLogWorker] INFO  segmented.SegmentedRaftLogWorker (SegmentedRaftLogWorker.java:execute(574)) - 113bc92a-68bb-4892-8ddf-fb6b0142bd31@group-EDBDEA049EE4-SegmentedRaftLogWorker: created new log segment /workdir/hadoop-ozone/integration-test/target/test-dir/MiniOzoneClusterImpl-fed8c003-1200-44bf-ac4e-1089d90acbae/datanode-0/data/ratis/fc9d5f4e-9ab3-4009-a5df-edbdea049ee4/current/log_inprogress_0
2019-10-02 11:49:02,459 [Thread-4580] INFO  impl.FollowerState (FollowerState.java:run(108)) - f5ed4042-bdcb-4116-b59c-a85f6d1f58b0@group-5586A3F6380F-FollowerState: change to CANDIDATE, lastRpcTime:5151ms, electionTimeout:5140ms
2019-10-02 11:49:02,465 [Thread-4580] INFO  impl.RoleInfo (RoleInfo.java:shutdownFollowerState(121)) - f5ed4042-bdcb-4116-b59c-a85f6d1f58b0: shutdown FollowerState
2019-10-02 11:49:02,465 [Thread-4580] INFO  impl.RaftServerImpl (RaftServerImpl.java:setRole(170)) - f5ed4042-bdcb-4116-b59c-a85f6d1f58b0@group-5586A3F6380F: changes role from  FOLLOWER to CANDIDATE at term 0 for changeToCandidate
2019-10-02 11:49:02,465 [Thread-4580] INFO  impl.RoleInfo (RoleInfo.java:updateAndGet(143)) - f5ed4042-bdcb-4116-b59c-a85f6d1f58b0: start LeaderElection
2019-10-02 11:49:02,473 [50fccacf-7ba1-4d43-bfe6-78d7deac3c07@group-51615C681F5A-SegmentedRaftLogWorker] INFO  segmented.SegmentedRaftLogWorker (SegmentedRaftLogWorker.java:execute(574)) - 50fccacf-7ba1-4d43-bfe6-78d7deac3c07@group-51615C681F5A-SegmentedRaftLogWorker: created new log segment /workdir/hadoop-ozone/integration-test/target/test-dir/MiniOzoneClusterImpl-fed8c003-1200-44bf-ac4e-1089d90acbae/datanode-4/data/ratis/1e704c56-2986-40ed-a443-51615c681f5a/current/log_inprogress_0
2019-10-02 11:49:02,473 [51b5bcf3-deaf-4700-bbe7-a90669d5eae5@group-2E6A0C5090CE-SegmentedRaftLogWorker] INFO  segmented.SegmentedRaftLogWorker (SegmentedRaftLogWorker.java:execute(574)) - 51b5bcf3-deaf-4700-bbe7-a90669d5eae5@group-2E6A0C5090CE-SegmentedRaftLogWorker: created new log segment /workdir/hadoop-ozone/integration-test/target/test-dir/MiniOzoneClusterImpl-fed8c003-1200-44bf-ac4e-1089d90acbae/datanode-3/data/ratis/bf68d794-e373-4783-88c5-2e6a0c5090ce/current/log_inprogress_0
2019-10-02 11:49:02,473 [51b5bcf3-deaf-4700-bbe7-a90669d5eae5@group-B3C896AFE5E8-LeaderElection118] INFO  impl.LeaderElection (LeaderElection.java:askForVotes(178)) - 51b5bcf3-deaf-4700-bbe7-a90669d5eae5@group-B3C896AFE5E8-LeaderElection118: begin an election at term 1 for -1: [f5ed4042-bdcb-4116-b59c-a85f6d1f58b0:192.168.164.220:35225, 50fccacf-7ba1-4d43-bfe6-78d7deac3c07:192.168.164.220:42145, 51b5bcf3-deaf-4700-bbe7-a90669d5eae5:192.168.164.220:44712], old=null
2019-10-02 11:49:02,478 [grpc-default-executor-10] INFO  impl.RaftServerImpl (RaftServerImpl.java:setRole(170)) - 50fccacf-7ba1-4d43-bfe6-78d7deac3c07@group-B3C896AFE5E8: changes role from  FOLLOWER to FOLLOWER at term 1 for recognizeCandidate:51b5bcf3-deaf-4700-bbe7-a90669d5eae5
2019-10-02 11:49:02,478 [grpc-default-executor-10] INFO  impl.RoleInfo (RoleInfo.java:shutdownFollowerState(121)) - 50fccacf-7ba1-4d43-bfe6-78d7deac3c07: shutdown FollowerState
2019-10-02 11:49:02,480 [grpc-default-executor-7] INFO  impl.RaftServerImpl (RaftServerImpl.java:setRole(170)) - f5ed4042-bdcb-4116-b59c-a85f6d1f58b0@group-B3C896AFE5E8: changes role from  FOLLOWER to FOLLOWER at term 1 for recognizeCandidate:51b5bcf3-deaf-4700-bbe7-a90669d5eae5
2019-10-02 11:49:02,480 [Thread-4589] INFO  impl.FollowerState (FollowerState.java:run(117)) - 50fccacf-7ba1-4d43-bfe6-78d7deac3c07@group-B3C896AFE5E8-FollowerState was interrupted: java.lang.InterruptedException: sleep interrupted
2019-10-02 11:49:02,480 [grpc-default-executor-10] INFO  impl.RoleInfo (RoleInfo.java:updateAndGet(143)) - 50fccacf-7ba1-4d43-bfe6-78d7deac3c07: start FollowerState
2019-10-02 11:49:02,480 [grpc-default-executor-7] INFO  impl.RoleInfo (RoleInfo.java:shutdownFollowerState(121)) - f5ed4042-bdcb-4116-b59c-a85f6d1f58b0: shutdown FollowerState
2019-10-02 11:49:02,482 [grpc-default-executor-7] INFO  impl.RoleInfo (RoleInfo.java:updateAndGet(143)) - f5ed4042-bdcb-4116-b59c-a85f6d1f58b0: start FollowerState
2019-10-02 11:49:02,482 [Thread-4585] INFO  impl.FollowerState (FollowerState.java:run(117)) - f5ed4042-bdcb-4116-b59c-a85f6d1f58b0@group-B3C896AFE5E8-FollowerState was interrupted: java.lang.InterruptedException: sleep interrupted
2019-10-02 11:49:02,499 [f5ed4042-bdcb-4116-b59c-a85f6d1f58b0@group-5586A3F6380F-LeaderElection119] INFO  impl.LeaderElection (LeaderElection.java:askForVotes(178)) - f5ed4042-bdcb-4116-b59c-a85f6d1f58b0@group-5586A3F6380F-LeaderElection119: begin an election at term 1 for -1: [f5ed4042-bdcb-4116-b59c-a85f6d1f58b0:192.168.164.220:35225], old=null
2019-10-02 11:49:02,499 [f5ed4042-bdcb-4116-b59c-a85f6d1f58b0@group-5586A3F6380F-LeaderElection119] INFO  impl.RoleInfo (RoleInfo.java:shutdownLeaderElection(134)) - f5ed4042-bdcb-4116-b59c-a85f6d1f58b0: shutdown LeaderElection
2019-10-02 11:49:02,499 [f5ed4042-bdcb-4116-b59c-a85f6d1f58b0@group-5586A3F6380F-LeaderElection119] INFO  impl.RaftServerImpl (RaftServerImpl.java:setRole(170)) - f5ed4042-bdcb-4116-b59c-a85f6d1f58b0@group-5586A3F6380F: changes role from CANDIDATE to LEADER at term 1 for changeToLeader
2019-10-02 11:49:02,499 [f5ed4042-bdcb-4116-b59c-a85f6d1f58b0@group-5586A3F6380F-LeaderElection119] INFO  impl.RaftServerImpl (ServerState.java:setLeader(255)) - f5ed4042-bdcb-4116-b59c-a85f6d1f58b0@group-5586A3F6380F: change Leader from null to f5ed4042-bdcb-4116-b59c-a85f6d1f58b0 at term 1 for becomeLeader, leader elected after 5195ms
2019-10-02 11:49:02,499 [51b5bcf3-deaf-4700-bbe7-a90669d5eae5@group-B3C896AFE5E8-LeaderElection118] INFO  impl.LeaderElection (LeaderElection.java:logAndReturn(56)) - 51b5bcf3-deaf-4700-bbe7-a90669d5eae5@group-B3C896AFE5E8-LeaderElection118: Election PASSED; received 1 response(s) [51b5bcf3-deaf-4700-bbe7-a90669d5eae5<-f5ed4042-bdcb-4116-b59c-a85f6d1f58b0#0:OK-t1] and 0 exception(s); 51b5bcf3-deaf-4700-bbe7-a90669d5eae5@group-B3C896AFE5E8:t1, leader=null, voted=51b5bcf3-deaf-4700-bbe7-a90669d5eae5, raftlog=51b5bcf3-deaf-4700-bbe7-a90669d5eae5@group-B3C896AFE5E8-SegmentedRaftLog:OPENED:c-1,f-1,i0, conf=-1: [f5ed4042-bdcb-4116-b59c-a85f6d1f58b0:192.168.164.220:35225, 50fccacf-7ba1-4d43-bfe6-78d7deac3c07:192.168.164.220:42145, 51b5bcf3-deaf-4700-bbe7-a90669d5eae5:192.168.164.220:44712], old=null
2019-10-02 11:49:02,499 [f5ed4042-bdcb-4116-b59c-a85f6d1f58b0@group-5586A3F6380F-LeaderElection119] INFO  server.RaftServerConfigKeys (ConfUtils.java:logGet(43)) - raft.server.staging.catchup.gap = 1000 (default)
2019-10-02 11:49:02,499 [51b5bcf3-deaf-4700-bbe7-a90669d5eae5@group-B3C896AFE5E8-LeaderElection118] INFO  impl.RoleInfo (RoleInfo.java:shutdownLeaderElection(134)) - 51b5bcf3-deaf-4700-bbe7-a90669d5eae5: shutdown LeaderElection
2019-10-02 11:49:02,502 [51b5bcf3-deaf-4700-bbe7-a90669d5eae5@group-B3C896AFE5E8-LeaderElection118] INFO  impl.RaftServerImpl (RaftServerImpl.java:setRole(170)) - 51b5bcf3-deaf-4700-bbe7-a90669d5eae5@group-B3C896AFE5E8: changes role from CANDIDATE to LEADER at term 1 for changeToLeader
2019-10-02 11:49:02,499 [f5ed4042-bdcb-4116-b59c-a85f6d1f58b0@group-5586A3F6380F-LeaderElection119] INFO  server.RaftServerConfigKeys (ConfUtils.java:logGet(43)) - raft.server.rpc.sleep.time = 25ms (default)
2019-10-02 11:49:02,502 [51b5bcf3-deaf-4700-bbe7-a90669d5eae5@group-B3C896AFE5E8-LeaderElection118] INFO  impl.RaftServerImpl (ServerState.java:setLeader(255)) - 51b5bcf3-deaf-4700-bbe7-a90669d5eae5@group-B3C896AFE5E8: change Leader from null to 51b5bcf3-deaf-4700-bbe7-a90669d5eae5 at term 1 for becomeLeader, leader elected after 5118ms
2019-10-02 11:49:02,502 [f5ed4042-bdcb-4116-b59c-a85f6d1f58b0@group-5586A3F6380F-LeaderElection119] INFO  server.RaftServerConfigKeys (ConfUtils.java:logGet(43)) - raft.server.write.element-limit = 4096 (default)
2019-10-02 11:49:02,502 [51b5bcf3-deaf-4700-bbe7-a90669d5eae5@group-B3C896AFE5E8-LeaderElection118] INFO  server.RaftServerConfigKeys (ConfUtils.java:logGet(43)) - raft.server.staging.catchup.gap = 1000 (default)
2019-10-02 11:49:02,502 [f5ed4042-bdcb-4116-b59c-a85f6d1f58b0@group-5586A3F6380F-LeaderElection119] INFO  server.RaftServerConfigKeys (ConfUtils.java:logGet(43)) - raft.server.watch.timeout = 10s (default)
2019-10-02 11:49:02,502 [51b5bcf3-deaf-4700-bbe7-a90669d5eae5@group-B3C896AFE5E8-LeaderElection118] INFO  server.RaftServerConfigKeys (ConfUtils.java:logGet(43)) - raft.server.rpc.sleep.time = 25ms (default)
2019-10-02 11:49:02,503 [f5ed4042-bdcb-4116-b59c-a85f6d1f58b0@group-5586A3F6380F-LeaderElection119] INFO  server.RaftServerConfigKeys (ConfUtils.java:logGet(43)) - raft.server.watch.timeout.denomination = 1s (default)
2019-10-02 11:49:02,503 [51b5bcf3-deaf-4700-bbe7-a90669d5eae5@group-B3C896AFE5E8-LeaderElection118] INFO  server.RaftServerConfigKeys (ConfUtils.java:logGet(43)) - raft.server.write.element-limit = 4096 (default)
2019-10-02 11:49:02,503 [f5ed4042-bdcb-4116-b59c-a85f6d1f58b0@group-5586A3F6380F-LeaderElection119] INFO  server.RaftServerConfigKeys (ConfUtils.java:logGet(43)) - raft.server.watch.element-limit = 65536 (default)
2019-10-02 11:49:02,503 [51b5bcf3-deaf-4700-bbe7-a90669d5eae5@group-B3C896AFE5E8-LeaderElection118] INFO  server.RaftServerConfigKeys (ConfUtils.java:logGet(43)) - raft.server.watch.timeout = 10s (default)
2019-10-02 11:49:02,503 [51b5bcf3-deaf-4700-bbe7-a90669d5eae5@group-B3C896AFE5E8-LeaderElection118] INFO  server.RaftServerConfigKeys (ConfUtils.java:logGet(43)) - raft.server.watch.timeout.denomination = 1s (default)
2019-10-02 11:49:02,503 [51b5bcf3-deaf-4700-bbe7-a90669d5eae5@group-B3C896AFE5E8-LeaderElection118] INFO  server.RaftServerConfigKeys (ConfUtils.java:logGet(43)) - raft.server.watch.element-limit = 65536 (default)
2019-10-02 11:49:02,505 [f5ed4042-bdcb-4116-b59c-a85f6d1f58b0@group-5586A3F6380F-LeaderElection119] INFO  impl.RoleInfo (RoleInfo.java:updateAndGet(143)) - f5ed4042-bdcb-4116-b59c-a85f6d1f58b0: start LeaderState
2019-10-02 11:49:02,505 [51b5bcf3-deaf-4700-bbe7-a90669d5eae5@group-B3C896AFE5E8-LeaderElection118] INFO  server.RaftServerConfigKeys (ConfUtils.java:logGet(43)) - raft.server.log.appender.snapshot.chunk.size.max = 16MB (=16777216) (default)
2019-10-02 11:49:02,506 [f5ed4042-bdcb-4116-b59c-a85f6d1f58b0@group-5586A3F6380F-LeaderElection119] INFO  segmented.SegmentedRaftLogWorker (SegmentedRaftLogWorker.java:startLogSegment(385)) - f5ed4042-bdcb-4116-b59c-a85f6d1f58b0@group-5586A3F6380F-SegmentedRaftLogWorker: Starting segment from index:0
2019-10-02 11:49:02,506 [51b5bcf3-deaf-4700-bbe7-a90669d5eae5@group-B3C896AFE5E8-LeaderElection118] INFO  server.RaftServerConfigKeys (ConfUtils.java:logGet(43)) - raft.server.log.appender.buffer.byte-limit = 33554432 (custom)
2019-10-02 11:49:02,506 [51b5bcf3-deaf-4700-bbe7-a90669d5eae5@group-B3C896AFE5E8-LeaderElection118] INFO  server.RaftServerConfigKeys (ConfUtils.java:logGet(43)) - raft.server.log.appender.buffer.element-limit = 1 (custom)
2019-10-02 11:49:02,506 [f5ed4042-bdcb-4116-b59c-a85f6d1f58b0@group-5586A3F6380F-LeaderElection119] INFO  impl.RaftServerImpl (ServerState.java:setRaftConf(356)) - f5ed4042-bdcb-4116-b59c-a85f6d1f58b0@group-5586A3F6380F: set configuration 0: [f5ed4042-bdcb-4116-b59c-a85f6d1f58b0:192.168.164.220:35225], old=null at 0
2019-10-02 11:49:02,506 [51b5bcf3-deaf-4700-bbe7-a90669d5eae5@group-B3C896AFE5E8-LeaderElection118] INFO  grpc.GrpcConfigKeys$Server (ConfUtils.java:logGet(43)) - raft.grpc.server.leader.outstanding.appends.max = 128 (default)
2019-10-02 11:49:02,506 [51b5bcf3-deaf-4700-bbe7-a90669d5eae5@group-B3C896AFE5E8-LeaderElection118] INFO  server.RaftServerConfigKeys (ConfUtils.java:logGet(43)) - raft.server.rpc.request.timeout = 3000ms (default)
2019-10-02 11:49:02,506 [51b5bcf3-deaf-4700-bbe7-a90669d5eae5@group-B3C896AFE5E8-LeaderElection118] INFO  server.RaftServerConfigKeys (ConfUtils.java:logGet(43)) - raft.server.log.appender.install.snapshot.enabled = false (custom)
2019-10-02 11:49:02,507 [51b5bcf3-deaf-4700-bbe7-a90669d5eae5@group-B3C896AFE5E8-LeaderElection118] INFO  server.RaftServerConfigKeys (ConfUtils.java:logGet(43)) - raft.server.log.appender.snapshot.chunk.size.max = 16MB (=16777216) (default)
2019-10-02 11:49:02,507 [51b5bcf3-deaf-4700-bbe7-a90669d5eae5@group-B3C896AFE5E8-LeaderElection118] INFO  server.RaftServerConfigKeys (ConfUtils.java:logGet(43)) - raft.server.log.appender.buffer.byte-limit = 33554432 (custom)
2019-10-02 11:49:02,507 [51b5bcf3-deaf-4700-bbe7-a90669d5eae5@group-B3C896AFE5E8-LeaderElection118] INFO  server.RaftServerConfigKeys (ConfUtils.java:logGet(43)) - raft.server.log.appender.buffer.element-limit = 1 (custom)
2019-10-02 11:49:02,507 [51b5bcf3-deaf-4700-bbe7-a90669d5eae5@group-B3C896AFE5E8-LeaderElection118] INFO  grpc.GrpcConfigKeys$Server (ConfUtils.java:logGet(43)) - raft.grpc.server.leader.outstanding.appends.max = 128 (default)
2019-10-02 11:49:02,507 [51b5bcf3-deaf-4700-bbe7-a90669d5eae5@group-B3C896AFE5E8-LeaderElection118] INFO  server.RaftServerConfigKeys (ConfUtils.java:logGet(43)) - raft.server.rpc.request.timeout = 3000ms (default)
2019-10-02 11:49:02,507 [51b5bcf3-deaf-4700-bbe7-a90669d5eae5@group-B3C896AFE5E8-LeaderElection118] INFO  server.RaftServerConfigKeys (ConfUtils.java:logGet(43)) - raft.server.log.appender.install.snapshot.enabled = false (custom)
2019-10-02 11:49:02,507 [51b5bcf3-deaf-4700-bbe7-a90669d5eae5@group-B3C896AFE5E8-LeaderElection118] INFO  impl.RoleInfo (RoleInfo.java:updateAndGet(143)) - 51b5bcf3-deaf-4700-bbe7-a90669d5eae5: start LeaderState
2019-10-02 11:49:02,508 [51b5bcf3-deaf-4700-bbe7-a90669d5eae5@group-B3C896AFE5E8-LeaderElection118] INFO  segmented.SegmentedRaftLogWorker (SegmentedRaftLogWorker.java:startLogSegment(385)) - 51b5bcf3-deaf-4700-bbe7-a90669d5eae5@group-B3C896AFE5E8-SegmentedRaftLogWorker: Starting segment from index:0
2019-10-02 11:49:02,508 [51b5bcf3-deaf-4700-bbe7-a90669d5eae5@group-B3C896AFE5E8-LeaderElection118] INFO  impl.RaftServerImpl (ServerState.java:setRaftConf(356)) - 51b5bcf3-deaf-4700-bbe7-a90669d5eae5@group-B3C896AFE5E8: set configuration 0: [f5ed4042-bdcb-4116-b59c-a85f6d1f58b0:192.168.164.220:35225, 50fccacf-7ba1-4d43-bfe6-78d7deac3c07:192.168.164.220:42145, 51b5bcf3-deaf-4700-bbe7-a90669d5eae5:192.168.164.220:44712], old=null at 0
2019-10-02 11:49:02,509 [grpc-default-executor-10] INFO  impl.RaftServerImpl (ServerState.java:setLeader(255)) - 50fccacf-7ba1-4d43-bfe6-78d7deac3c07@group-B3C896AFE5E8: change Leader from null to 51b5bcf3-deaf-4700-bbe7-a90669d5eae5 at term 1 for appendEntries, leader elected after 5125ms
2019-10-02 11:49:02,509 [grpc-default-executor-7] INFO  impl.RaftServerImpl (ServerState.java:setLeader(255)) - f5ed4042-bdcb-4116-b59c-a85f6d1f58b0@group-B3C896AFE5E8: change Leader from null to 51b5bcf3-deaf-4700-bbe7-a90669d5eae5 at term 1 for appendEntries, leader elected after 5126ms
2019-10-02 11:49:02,542 [grpc-default-executor-7] INFO  impl.RaftServerImpl (ServerState.java:setRaftConf(356)) - 50fccacf-7ba1-4d43-bfe6-78d7deac3c07@group-B3C896AFE5E8: set configuration 0: [f5ed4042-bdcb-4116-b59c-a85f6d1f58b0:192.168.164.220:35225, 50fccacf-7ba1-4d43-bfe6-78d7deac3c07:192.168.164.220:42145, 51b5bcf3-deaf-4700-bbe7-a90669d5eae5:192.168.164.220:44712], old=null at 0
2019-10-02 11:49:02,542 [grpc-default-executor-7] INFO  segmented.SegmentedRaftLogWorker (SegmentedRaftLogWorker.java:startLogSegment(385)) - 50fccacf-7ba1-4d43-bfe6-78d7deac3c07@group-B3C896AFE5E8-SegmentedRaftLogWorker: Starting segment from index:0
2019-10-02 11:49:02,542 [grpc-default-executor-10] INFO  impl.RaftServerImpl (ServerState.java:setRaftConf(356)) - f5ed4042-bdcb-4116-b59c-a85f6d1f58b0@group-B3C896AFE5E8: set configuration 0: [f5ed4042-bdcb-4116-b59c-a85f6d1f58b0:192.168.164.220:35225, 50fccacf-7ba1-4d43-bfe6-78d7deac3c07:192.168.164.220:42145, 51b5bcf3-deaf-4700-bbe7-a90669d5eae5:192.168.164.220:44712], old=null at 0
2019-10-02 11:49:02,543 [grpc-default-executor-10] INFO  segmented.SegmentedRaftLogWorker (SegmentedRaftLogWorker.java:startLogSegment(385)) - f5ed4042-bdcb-4116-b59c-a85f6d1f58b0@group-B3C896AFE5E8-SegmentedRaftLogWorker: Starting segment from index:0
2019-10-02 11:49:02,551 [f5ed4042-bdcb-4116-b59c-a85f6d1f58b0@group-5586A3F6380F-SegmentedRaftLogWorker] INFO  segmented.SegmentedRaftLogWorker (SegmentedRaftLogWorker.java:execute(574)) - f5ed4042-bdcb-4116-b59c-a85f6d1f58b0@group-5586A3F6380F-SegmentedRaftLogWorker: created new log segment /workdir/hadoop-ozone/integration-test/target/test-dir/MiniOzoneClusterImpl-fed8c003-1200-44bf-ac4e-1089d90acbae/datanode-5/data/ratis/8e4d711c-bf78-40d6-b5f8-5586a3f6380f/current/log_inprogress_0
2019-10-02 11:49:02,551 [51b5bcf3-deaf-4700-bbe7-a90669d5eae5@group-B3C896AFE5E8-SegmentedRaftLogWorker] INFO  segmented.SegmentedRaftLogWorker (SegmentedRaftLogWorker.java:execute(574)) - 51b5bcf3-deaf-4700-bbe7-a90669d5eae5@group-B3C896AFE5E8-SegmentedRaftLogWorker: created new log segment /workdir/hadoop-ozone/integration-test/target/test-dir/MiniOzoneClusterImpl-fed8c003-1200-44bf-ac4e-1089d90acbae/datanode-3/data/ratis/c9f04159-56d6-481d-b69c-b3c896afe5e8/current/log_inprogress_0
2019-10-02 11:49:02,586 [f5ed4042-bdcb-4116-b59c-a85f6d1f58b0@group-B3C896AFE5E8-SegmentedRaftLogWorker] INFO  segmented.SegmentedRaftLogWorker (SegmentedRaftLogWorker.java:execute(574)) - f5ed4042-bdcb-4116-b59c-a85f6d1f58b0@group-B3C896AFE5E8-SegmentedRaftLogWorker: created new log segment /workdir/hadoop-ozone/integration-test/target/test-dir/MiniOzoneClusterImpl-fed8c003-1200-44bf-ac4e-1089d90acbae/datanode-5/data/ratis/c9f04159-56d6-481d-b69c-b3c896afe5e8/current/log_inprogress_0
2019-10-02 11:49:02,586 [50fccacf-7ba1-4d43-bfe6-78d7deac3c07@group-B3C896AFE5E8-SegmentedRaftLogWorker] INFO  segmented.SegmentedRaftLogWorker (SegmentedRaftLogWorker.java:execute(574)) - 50fccacf-7ba1-4d43-bfe6-78d7deac3c07@group-B3C896AFE5E8-SegmentedRaftLogWorker: created new log segment /workdir/hadoop-ozone/integration-test/target/test-dir/MiniOzoneClusterImpl-fed8c003-1200-44bf-ac4e-1089d90acbae/datanode-4/data/ratis/c9f04159-56d6-481d-b69c-b3c896afe5e8/current/log_inprogress_0
2019-10-02 11:49:04,169 [main] WARN  scm.XceiverClientRatis (XceiverClientRatis.java:watchForCommit(292)) - 3 way commit failed on pipeline Pipeline[ Id: fc9d5f4e-9ab3-4009-a5df-edbdea049ee4, Nodes: 510cfd7b-3107-4a0d-8519-c4ac68a6e374{ip: 192.168.164.220, host: pr-hdds-2225-rpdbg-2298847827, networkLocation: /default-rack, certSerialId: null}113bc92a-68bb-4892-8ddf-fb6b0142bd31{ip: 192.168.164.220, host: pr-hdds-2225-rpdbg-2298847827, networkLocation: /default-rack, certSerialId: null}ef506d76-330f-4ecf-9b72-dea24feabbc3{ip: 192.168.164.220, host: pr-hdds-2225-rpdbg-2298847827, networkLocation: /default-rack, certSerialId: null}, Type:RATIS, Factor:THREE, State:OPEN]
java.util.concurrent.TimeoutException
	at java.util.concurrent.CompletableFuture.timedGet(CompletableFuture.java:1771)
	at java.util.concurrent.CompletableFuture.get(CompletableFuture.java:1915)
	at org.apache.hadoop.hdds.scm.XceiverClientRatis.watchForCommit(XceiverClientRatis.java:289)
	at org.apache.hadoop.hdds.scm.storage.CommitWatcher.watchForCommit(CommitWatcher.java:194)
	at org.apache.hadoop.hdds.scm.storage.CommitWatcher.watchOnLastIndex(CommitWatcher.java:157)
	at org.apache.hadoop.hdds.scm.storage.BlockOutputStream.watchForCommit(BlockOutputStream.java:347)
	at org.apache.hadoop.hdds.scm.storage.BlockOutputStream.handleFlush(BlockOutputStream.java:479)
	at org.apache.hadoop.hdds.scm.storage.BlockOutputStream.flush(BlockOutputStream.java:428)
	at org.apache.hadoop.ozone.client.io.BlockOutputStreamEntry.flush(BlockOutputStreamEntry.java:136)
	at org.apache.hadoop.ozone.client.io.KeyOutputStream.handleFlushOrClose(KeyOutputStream.java:443)
	at org.apache.hadoop.ozone.client.io.KeyOutputStream.flush(KeyOutputStream.java:397)
	at org.apache.hadoop.ozone.client.io.OzoneOutputStream.flush(OzoneOutputStream.java:54)
	at org.apache.hadoop.ozone.client.rpc.TestBlockOutputStreamWithFailures.testExceptionDuringClose(TestBlockOutputStreamWithFailures.java:720)
	at sun.reflect.NativeMethodAccessorImpl.invoke0(Native Method)
	at sun.reflect.NativeMethodAccessorImpl.invoke(NativeMethodAccessorImpl.java:62)
	at sun.reflect.DelegatingMethodAccessorImpl.invoke(DelegatingMethodAccessorImpl.java:43)
	at java.lang.reflect.Method.invoke(Method.java:498)
	at org.junit.runners.model.FrameworkMethod$1.runReflectiveCall(FrameworkMethod.java:47)
	at org.junit.internal.runners.model.ReflectiveCallable.run(ReflectiveCallable.java:12)
	at org.junit.runners.model.FrameworkMethod.invokeExplosively(FrameworkMethod.java:44)
	at org.junit.internal.runners.statements.InvokeMethod.evaluate(InvokeMethod.java:17)
	at org.junit.internal.runners.statements.RunBefores.evaluate(RunBefores.java:26)
	at org.junit.internal.runners.statements.RunAfters.evaluate(RunAfters.java:27)
	at org.junit.runners.ParentRunner.runLeaf(ParentRunner.java:271)
	at org.junit.runners.BlockJUnit4ClassRunner.runChild(BlockJUnit4ClassRunner.java:70)
	at org.junit.runners.BlockJUnit4ClassRunner.runChild(BlockJUnit4ClassRunner.java:50)
	at org.junit.runners.ParentRunner$3.run(ParentRunner.java:238)
	at org.junit.runners.ParentRunner$1.schedule(ParentRunner.java:63)
	at org.junit.runners.ParentRunner.runChildren(ParentRunner.java:236)
	at org.junit.runners.ParentRunner.access$000(ParentRunner.java:53)
	at org.junit.runners.ParentRunner$2.evaluate(ParentRunner.java:229)
	at org.junit.runners.ParentRunner.run(ParentRunner.java:309)
	at org.apache.maven.surefire.junit4.JUnit4Provider.execute(JUnit4Provider.java:365)
	at org.apache.maven.surefire.junit4.JUnit4Provider.executeWithRerun(JUnit4Provider.java:273)
	at org.apache.maven.surefire.junit4.JUnit4Provider.executeTestSet(JUnit4Provider.java:238)
	at org.apache.maven.surefire.junit4.JUnit4Provider.invoke(JUnit4Provider.java:159)
	at org.apache.maven.surefire.booter.ForkedBooter.invokeProviderInSameClassLoader(ForkedBooter.java:384)
	at org.apache.maven.surefire.booter.ForkedBooter.runSuitesInProcess(ForkedBooter.java:345)
	at org.apache.maven.surefire.booter.ForkedBooter.execute(ForkedBooter.java:126)
	at org.apache.maven.surefire.booter.ForkedBooter.main(ForkedBooter.java:418)
2019-10-02 11:49:05,174 [main] WARN  storage.CommitWatcher (CommitWatcher.java:watchForCommit(203)) - watchForCommit failed for index 4
java.util.concurrent.TimeoutException
	at java.util.concurrent.CompletableFuture.timedGet(CompletableFuture.java:1771)
	at java.util.concurrent.CompletableFuture.get(CompletableFuture.java:1915)
	at org.apache.hadoop.hdds.scm.XceiverClientRatis.watchForCommit(XceiverClientRatis.java:298)
	at org.apache.hadoop.hdds.scm.storage.CommitWatcher.watchForCommit(CommitWatcher.java:194)
	at org.apache.hadoop.hdds.scm.storage.CommitWatcher.watchOnLastIndex(CommitWatcher.java:157)
	at org.apache.hadoop.hdds.scm.storage.BlockOutputStream.watchForCommit(BlockOutputStream.java:347)
	at org.apache.hadoop.hdds.scm.storage.BlockOutputStream.handleFlush(BlockOutputStream.java:479)
	at org.apache.hadoop.hdds.scm.storage.BlockOutputStream.flush(BlockOutputStream.java:428)
	at org.apache.hadoop.ozone.client.io.BlockOutputStreamEntry.flush(BlockOutputStreamEntry.java:136)
	at org.apache.hadoop.ozone.client.io.KeyOutputStream.handleFlushOrClose(KeyOutputStream.java:443)
	at org.apache.hadoop.ozone.client.io.KeyOutputStream.flush(KeyOutputStream.java:397)
	at org.apache.hadoop.ozone.client.io.OzoneOutputStream.flush(OzoneOutputStream.java:54)
	at org.apache.hadoop.ozone.client.rpc.TestBlockOutputStreamWithFailures.testExceptionDuringClose(TestBlockOutputStreamWithFailures.java:720)
	at sun.reflect.NativeMethodAccessorImpl.invoke0(Native Method)
	at sun.reflect.NativeMethodAccessorImpl.invoke(NativeMethodAccessorImpl.java:62)
	at sun.reflect.DelegatingMethodAccessorImpl.invoke(DelegatingMethodAccessorImpl.java:43)
	at java.lang.reflect.Method.invoke(Method.java:498)
	at org.junit.runners.model.FrameworkMethod$1.runReflectiveCall(FrameworkMethod.java:47)
	at org.junit.internal.runners.model.ReflectiveCallable.run(ReflectiveCallable.java:12)
	at org.junit.runners.model.FrameworkMethod.invokeExplosively(FrameworkMethod.java:44)
	at org.junit.internal.runners.statements.InvokeMethod.evaluate(InvokeMethod.java:17)
	at org.junit.internal.runners.statements.RunBefores.evaluate(RunBefores.java:26)
	at org.junit.internal.runners.statements.RunAfters.evaluate(RunAfters.java:27)
	at org.junit.runners.ParentRunner.runLeaf(ParentRunner.java:271)
	at org.junit.runners.BlockJUnit4ClassRunner.runChild(BlockJUnit4ClassRunner.java:70)
	at org.junit.runners.BlockJUnit4ClassRunner.runChild(BlockJUnit4ClassRunner.java:50)
	at org.junit.runners.ParentRunner$3.run(ParentRunner.java:238)
	at org.junit.runners.ParentRunner$1.schedule(ParentRunner.java:63)
	at org.junit.runners.ParentRunner.runChildren(ParentRunner.java:236)
	at org.junit.runners.ParentRunner.access$000(ParentRunner.java:53)
	at org.junit.runners.ParentRunner$2.evaluate(ParentRunner.java:229)
	at org.junit.runners.ParentRunner.run(ParentRunner.java:309)
	at org.apache.maven.surefire.junit4.JUnit4Provider.execute(JUnit4Provider.java:365)
	at org.apache.maven.surefire.junit4.JUnit4Provider.executeWithRerun(JUnit4Provider.java:273)
	at org.apache.maven.surefire.junit4.JUnit4Provider.executeTestSet(JUnit4Provider.java:238)
	at org.apache.maven.surefire.junit4.JUnit4Provider.invoke(JUnit4Provider.java:159)
	at org.apache.maven.surefire.booter.ForkedBooter.invokeProviderInSameClassLoader(ForkedBooter.java:384)
	at org.apache.maven.surefire.booter.ForkedBooter.runSuitesInProcess(ForkedBooter.java:345)
	at org.apache.maven.surefire.booter.ForkedBooter.execute(ForkedBooter.java:126)
	at org.apache.maven.surefire.booter.ForkedBooter.main(ForkedBooter.java:418)
2019-10-02 11:49:05,176 [main] WARN  io.KeyOutputStream (KeyOutputStream.java:handleException(274)) - Encountered exception java.io.IOException: Unexpected Storage Container Exception: java.io.IOException: Unexpected Storage Container Exception: java.util.concurrent.TimeoutException on the pipeline Pipeline[ Id: fc9d5f4e-9ab3-4009-a5df-edbdea049ee4, Nodes: 510cfd7b-3107-4a0d-8519-c4ac68a6e374{ip: 192.168.164.220, host: pr-hdds-2225-rpdbg-2298847827, networkLocation: /default-rack, certSerialId: null}113bc92a-68bb-4892-8ddf-fb6b0142bd31{ip: 192.168.164.220, host: pr-hdds-2225-rpdbg-2298847827, networkLocation: /default-rack, certSerialId: null}ef506d76-330f-4ecf-9b72-dea24feabbc3{ip: 192.168.164.220, host: pr-hdds-2225-rpdbg-2298847827, networkLocation: /default-rack, certSerialId: null}, Type:RATIS, Factor:THREE, State:OPEN]. The last committed block length is 0, uncommitted data length is 167 retry count 0
2019-10-02 11:49:05,421 [main] INFO  ozone.MiniOzoneClusterImpl (MiniOzoneClusterImpl.java:shutdown(314)) - Shutting down the Mini Ozone Cluster
2019-10-02 11:49:05,421 [main] INFO  ozone.MiniOzoneClusterImpl (MiniOzoneClusterImpl.java:stop(330)) - Stopping the Mini Ozone Cluster
2019-10-02 11:49:05,422 [main] INFO  ozone.MiniOzoneClusterImpl (MiniOzoneClusterImpl.java:stopOM(400)) - Stopping the OzoneManager
2019-10-02 11:49:05,422 [main] INFO  ipc.Server (Server.java:stop(3082)) - Stopping server on 36198
2019-10-02 11:49:05,449 [IPC Server listener on 36198] INFO  ipc.Server (Server.java:run(1185)) - Stopping IPC Server listener on 36198
2019-10-02 11:49:05,452 [main] INFO  ratis.OzoneManagerDoubleBuffer (OzoneManagerDoubleBuffer.java:stop(248)) - Stopping OMDoubleBuffer flush thread
2019-10-02 11:49:05,452 [IPC Server Responder] INFO  ipc.Server (Server.java:run(1319)) - Stopping IPC Server Responder
2019-10-02 11:49:05,454 [OMDoubleBufferFlushThread] INFO  ratis.OzoneManagerDoubleBuffer (OzoneManagerDoubleBuffer.java:flushTransactions(191)) - OMDoubleBuffer flush thread OMDoubleBufferFlushThread is interrupted and will exit. OMDoubleBufferFlushThread
2019-10-02 11:49:05,454 [main] INFO  utils.BackgroundService (BackgroundService.java:shutdown(148)) - Shutting down service KeyDeletingService
2019-10-02 11:49:05,455 [main] INFO  handler.ContextHandler (ContextHandler.java:doStop(910)) - Stopped o.e.j.w.WebAppContext@5f5c187d{/,null,UNAVAILABLE}{/ozoneManager}
2019-10-02 11:49:05,456 [main] INFO  server.AbstractConnector (AbstractConnector.java:doStop(318)) - Stopped ServerConnector@464400b3{HTTP/1.1,[http/1.1]}{0.0.0.0:0}
2019-10-02 11:49:05,456 [main] INFO  handler.ContextHandler (ContextHandler.java:doStop(910)) - Stopped o.e.j.s.ServletContextHandler@984de01{/static,file:///workdir/hadoop-ozone/integration-test/target/test-classes/webapps/static,UNAVAILABLE}
2019-10-02 11:49:05,456 [main] INFO  handler.ContextHandler (ContextHandler.java:doStop(910)) - Stopped o.e.j.s.ServletContextHandler@5fde1d64{/logs,file:///workdir/hadoop-ozone/integration-test/target/log,UNAVAILABLE}
2019-10-02 11:49:05,460 [main] INFO  ozone.MiniOzoneClusterImpl (MiniOzoneClusterImpl.java:stopDatanodes(377)) - Stopping the HddsDatanodes
2019-10-02 11:49:06,071 [Datanode State Machine Thread - 0] INFO  statemachine.DatanodeStateMachine (DatanodeStateMachine.java:lambda$startDaemon$0(350)) - Ozone container server started.
2019-10-02 11:49:06,331 [Datanode State Machine Thread - 0] INFO  statemachine.DatanodeStateMachine (DatanodeStateMachine.java:lambda$startDaemon$0(350)) - Ozone container server started.
2019-10-02 11:49:10,154 [EventQueue-StaleNodeForStaleNodeHandler] INFO  node.StaleNodeHandler (StaleNodeHandler.java:onMessage(58)) - Datanode ef506d76-330f-4ecf-9b72-dea24feabbc3{ip: 192.168.164.220, host: pr-hdds-2225-rpdbg-2298847827, networkLocation: /default-rack, certSerialId: null} moved to stale state. Finalizing its pipelines [PipelineID=1c1fb88d-41fe-4f9f-87d5-22c43ccda3ad, PipelineID=fc9d5f4e-9ab3-4009-a5df-edbdea049ee4]
2019-10-02 11:49:10,154 [EventQueue-StaleNodeForStaleNodeHandler] INFO  pipeline.SCMPipelineManager (SCMPipelineManager.java:finalizeAndDestroyPipeline(315)) - destroying pipeline:Pipeline[ Id: 1c1fb88d-41fe-4f9f-87d5-22c43ccda3ad, Nodes: ef506d76-330f-4ecf-9b72-dea24feabbc3{ip: 192.168.164.220, host: pr-hdds-2225-rpdbg-2298847827, networkLocation: /default-rack, certSerialId: null}, Type:RATIS, Factor:ONE, State:OPEN]
2019-10-02 11:49:10,155 [EventQueue-StaleNodeForStaleNodeHandler] INFO  pipeline.PipelineStateManager (PipelineStateManager.java:finalizePipeline(123)) - Pipeline Pipeline[ Id: 1c1fb88d-41fe-4f9f-87d5-22c43ccda3ad, Nodes: ef506d76-330f-4ecf-9b72-dea24feabbc3{ip: 192.168.164.220, host: pr-hdds-2225-rpdbg-2298847827, networkLocation: /default-rack, certSerialId: null}, Type:RATIS, Factor:ONE, State:CLOSED] moved to CLOSED state
2019-10-02 11:49:10,155 [EventQueue-StaleNodeForStaleNodeHandler] INFO  pipeline.SCMPipelineManager (SCMPipelineManager.java:finalizeAndDestroyPipeline(315)) - destroying pipeline:Pipeline[ Id: fc9d5f4e-9ab3-4009-a5df-edbdea049ee4, Nodes: 510cfd7b-3107-4a0d-8519-c4ac68a6e374{ip: 192.168.164.220, host: pr-hdds-2225-rpdbg-2298847827, networkLocation: /default-rack, certSerialId: null}113bc92a-68bb-4892-8ddf-fb6b0142bd31{ip: 192.168.164.220, host: pr-hdds-2225-rpdbg-2298847827, networkLocation: /default-rack, certSerialId: null}ef506d76-330f-4ecf-9b72-dea24feabbc3{ip: 192.168.164.220, host: pr-hdds-2225-rpdbg-2298847827, networkLocation: /default-rack, certSerialId: null}, Type:RATIS, Factor:THREE, State:OPEN]
2019-10-02 11:49:10,155 [EventQueue-StaleNodeForStaleNodeHandler] INFO  pipeline.PipelineStateManager (PipelineStateManager.java:finalizePipeline(123)) - Pipeline Pipeline[ Id: fc9d5f4e-9ab3-4009-a5df-edbdea049ee4, Nodes: 510cfd7b-3107-4a0d-8519-c4ac68a6e374{ip: 192.168.164.220, host: pr-hdds-2225-rpdbg-2298847827, networkLocation: /default-rack, certSerialId: null}113bc92a-68bb-4892-8ddf-fb6b0142bd31{ip: 192.168.164.220, host: pr-hdds-2225-rpdbg-2298847827, networkLocation: /default-rack, certSerialId: null}ef506d76-330f-4ecf-9b72-dea24feabbc3{ip: 192.168.164.220, host: pr-hdds-2225-rpdbg-2298847827, networkLocation: /default-rack, certSerialId: null}, Type:RATIS, Factor:THREE, State:CLOSED] moved to CLOSED state
2019-10-02 11:49:10,156 [EventQueue-CloseContainerForCloseContainerEventHandler] INFO  container.CloseContainerEventHandler (CloseContainerEventHandler.java:onMessage(61)) - Close container Event triggered for container : #1
2019-10-02 11:49:10,354 [EventQueue-StaleNodeForStaleNodeHandler] INFO  node.StaleNodeHandler (StaleNodeHandler.java:onMessage(58)) - Datanode 50fccacf-7ba1-4d43-bfe6-78d7deac3c07{ip: 192.168.164.220, host: pr-hdds-2225-rpdbg-2298847827, networkLocation: /default-rack, certSerialId: null} moved to stale state. Finalizing its pipelines [PipelineID=c9f04159-56d6-481d-b69c-b3c896afe5e8, PipelineID=1e704c56-2986-40ed-a443-51615c681f5a]
2019-10-02 11:49:10,357 [EventQueue-StaleNodeForStaleNodeHandler] INFO  pipeline.SCMPipelineManager (SCMPipelineManager.java:finalizeAndDestroyPipeline(315)) - destroying pipeline:Pipeline[ Id: c9f04159-56d6-481d-b69c-b3c896afe5e8, Nodes: 51b5bcf3-deaf-4700-bbe7-a90669d5eae5{ip: 192.168.164.220, host: pr-hdds-2225-rpdbg-2298847827, networkLocation: /default-rack, certSerialId: null}50fccacf-7ba1-4d43-bfe6-78d7deac3c07{ip: 192.168.164.220, host: pr-hdds-2225-rpdbg-2298847827, networkLocation: /default-rack, certSerialId: null}f5ed4042-bdcb-4116-b59c-a85f6d1f58b0{ip: 192.168.164.220, host: pr-hdds-2225-rpdbg-2298847827, networkLocation: /default-rack, certSerialId: null}, Type:RATIS, Factor:THREE, State:OPEN]
2019-10-02 11:49:10,357 [EventQueue-StaleNodeForStaleNodeHandler] INFO  pipeline.PipelineStateManager (PipelineStateManager.java:finalizePipeline(123)) - Pipeline Pipeline[ Id: c9f04159-56d6-481d-b69c-b3c896afe5e8, Nodes: 51b5bcf3-deaf-4700-bbe7-a90669d5eae5{ip: 192.168.164.220, host: pr-hdds-2225-rpdbg-2298847827, networkLocation: /default-rack, certSerialId: null}50fccacf-7ba1-4d43-bfe6-78d7deac3c07{ip: 192.168.164.220, host: pr-hdds-2225-rpdbg-2298847827, networkLocation: /default-rack, certSerialId: null}f5ed4042-bdcb-4116-b59c-a85f6d1f58b0{ip: 192.168.164.220, host: pr-hdds-2225-rpdbg-2298847827, networkLocation: /default-rack, certSerialId: null}, Type:RATIS, Factor:THREE, State:CLOSED] moved to CLOSED state
2019-10-02 11:49:10,357 [EventQueue-CloseContainerForCloseContainerEventHandler] INFO  container.CloseContainerEventHandler (CloseContainerEventHandler.java:onMessage(61)) - Close container Event triggered for container : #2
2019-10-02 11:49:10,357 [EventQueue-StaleNodeForStaleNodeHandler] INFO  pipeline.SCMPipelineManager (SCMPipelineManager.java:finalizeAndDestroyPipeline(315)) - destroying pipeline:Pipeline[ Id: 1e704c56-2986-40ed-a443-51615c681f5a, Nodes: 50fccacf-7ba1-4d43-bfe6-78d7deac3c07{ip: 192.168.164.220, host: pr-hdds-2225-rpdbg-2298847827, networkLocation: /default-rack, certSerialId: null}, Type:RATIS, Factor:ONE, State:OPEN]
2019-10-02 11:49:10,361 [EventQueue-StaleNodeForStaleNodeHandler] INFO  pipeline.PipelineStateManager (PipelineStateManager.java:finalizePipeline(123)) - Pipeline Pipeline[ Id: 1e704c56-2986-40ed-a443-51615c681f5a, Nodes: 50fccacf-7ba1-4d43-bfe6-78d7deac3c07{ip: 192.168.164.220, host: pr-hdds-2225-rpdbg-2298847827, networkLocation: /default-rack, certSerialId: null}, Type:RATIS, Factor:ONE, State:CLOSED] moved to CLOSED state
2019-10-02 11:49:10,461 [ForkJoinPool.commonPool-worker-0] INFO  ozoneimpl.OzoneContainer (OzoneContainer.java:stop(231)) - Attempting to stop container services.
2019-10-02 11:49:10,461 [main] INFO  ozoneimpl.OzoneContainer (OzoneContainer.java:stop(231)) - Attempting to stop container services.
2019-10-02 11:49:10,462 [ForkJoinPool.commonPool-worker-0] INFO  impl.RaftServerProxy (RaftServerProxy.java:lambda$close$4(314)) - ef506d76-330f-4ecf-9b72-dea24feabbc3: close
2019-10-02 11:49:10,462 [main] INFO  impl.RaftServerProxy (RaftServerProxy.java:lambda$close$4(314)) - 50fccacf-7ba1-4d43-bfe6-78d7deac3c07: close
2019-10-02 11:49:10,463 [ForkJoinPool.commonPool-worker-0] INFO  impl.RaftServerImpl (RaftServerImpl.java:lambda$shutdown$3(247)) - ef506d76-330f-4ecf-9b72-dea24feabbc3@group-22C43CCDA3AD: shutdown
2019-10-02 11:49:10,463 [main] INFO  impl.RaftServerImpl (RaftServerImpl.java:lambda$shutdown$3(247)) - 50fccacf-7ba1-4d43-bfe6-78d7deac3c07@group-B3C896AFE5E8: shutdown
2019-10-02 11:49:10,463 [ForkJoinPool.commonPool-worker-0] INFO  util.JmxRegister (JmxRegister.java:unregister(73)) - Successfully un-registered JMX Bean with object name Ratis:service=RaftServer,group=group-22C43CCDA3AD,id=ef506d76-330f-4ecf-9b72-dea24feabbc3
2019-10-02 11:49:10,463 [main] INFO  util.JmxRegister (JmxRegister.java:unregister(73)) - Successfully un-registered JMX Bean with object name Ratis:service=RaftServer,group=group-B3C896AFE5E8,id=50fccacf-7ba1-4d43-bfe6-78d7deac3c07
2019-10-02 11:49:10,464 [ForkJoinPool.commonPool-worker-0] INFO  impl.RoleInfo (RoleInfo.java:shutdownLeaderState(104)) - ef506d76-330f-4ecf-9b72-dea24feabbc3: shutdown LeaderState
2019-10-02 11:49:10,464 [main] INFO  impl.RoleInfo (RoleInfo.java:shutdownFollowerState(121)) - 50fccacf-7ba1-4d43-bfe6-78d7deac3c07: shutdown FollowerState
2019-10-02 11:49:10,464 [ForkJoinPool.commonPool-worker-0] INFO  impl.PendingRequests (PendingRequests.java:sendNotLeaderResponses(202)) - ef506d76-330f-4ecf-9b72-dea24feabbc3@group-22C43CCDA3AD-PendingRequests: sendNotLeaderResponses
2019-10-02 11:49:10,465 [Thread-4646] INFO  impl.FollowerState (FollowerState.java:run(117)) - 50fccacf-7ba1-4d43-bfe6-78d7deac3c07@group-B3C896AFE5E8-FollowerState was interrupted: java.lang.InterruptedException: sleep interrupted
2019-10-02 11:49:10,465 [main] INFO  impl.StateMachineUpdater (StateMachineUpdater.java:stopAndJoin(136)) - 50fccacf-7ba1-4d43-bfe6-78d7deac3c07@group-B3C896AFE5E8-StateMachineUpdater: set stopIndex = 6
2019-10-02 11:49:10,467 [ForkJoinPool.commonPool-worker-0] INFO  impl.StateMachineUpdater (StateMachineUpdater.java:stopAndJoin(136)) - ef506d76-330f-4ecf-9b72-dea24feabbc3@group-22C43CCDA3AD-StateMachineUpdater: set stopIndex = 0
2019-10-02 11:49:10,465 [50fccacf-7ba1-4d43-bfe6-78d7deac3c07@group-B3C896AFE5E8-StateMachineUpdater] INFO  ratis.ContainerStateMachine (ContainerStateMachine.java:takeSnapshot(289)) - group-B3C896AFE5E8: Taking a snapshot at:(t:1, i:4) file /workdir/hadoop-ozone/integration-test/target/test-dir/MiniOzoneClusterImpl-fed8c003-1200-44bf-ac4e-1089d90acbae/datanode-4/data/ratis/c9f04159-56d6-481d-b69c-b3c896afe5e8/sm/snapshot.1_4
2019-10-02 11:49:10,468 [ForkJoinPool.commonPool-worker-0] INFO  impl.RaftServerImpl (ServerState.java:close(387)) - ef506d76-330f-4ecf-9b72-dea24feabbc3@group-22C43CCDA3AD: closes. applyIndex: 0
2019-10-02 11:49:10,468 [ef506d76-330f-4ecf-9b72-dea24feabbc3@group-22C43CCDA3AD-SegmentedRaftLogWorker] INFO  segmented.SegmentedRaftLogWorker (SegmentedRaftLogWorker.java:run(316)) - ef506d76-330f-4ecf-9b72-dea24feabbc3@group-22C43CCDA3AD-SegmentedRaftLogWorker was interrupted, exiting. There are 0 tasks remaining in the queue.
2019-10-02 11:49:10,471 [ForkJoinPool.commonPool-worker-0] INFO  segmented.SegmentedRaftLogWorker (SegmentedRaftLogWorker.java:close(224)) - ef506d76-330f-4ecf-9b72-dea24feabbc3@group-22C43CCDA3AD-SegmentedRaftLogWorker close()
2019-10-02 11:49:10,477 [ForkJoinPool.commonPool-worker-0] INFO  impl.RaftServerImpl (RaftServerImpl.java:lambda$shutdown$3(247)) - ef506d76-330f-4ecf-9b72-dea24feabbc3@group-EDBDEA049EE4: shutdown
2019-10-02 11:49:10,477 [ForkJoinPool.commonPool-worker-0] INFO  util.JmxRegister (JmxRegister.java:unregister(73)) - Successfully un-registered JMX Bean with object name Ratis:service=RaftServer,group=group-EDBDEA049EE4,id=ef506d76-330f-4ecf-9b72-dea24feabbc3
2019-10-02 11:49:10,477 [ForkJoinPool.commonPool-worker-0] INFO  impl.RoleInfo (RoleInfo.java:shutdownFollowerState(121)) - ef506d76-330f-4ecf-9b72-dea24feabbc3: shutdown FollowerState
2019-10-02 11:49:10,478 [Thread-4628] INFO  impl.FollowerState (FollowerState.java:run(117)) - ef506d76-330f-4ecf-9b72-dea24feabbc3@group-EDBDEA049EE4-FollowerState was interrupted: java.lang.InterruptedException: sleep interrupted
2019-10-02 11:49:10,478 [ef506d76-330f-4ecf-9b72-dea24feabbc3@group-EDBDEA049EE4-StateMachineUpdater] INFO  ratis.ContainerStateMachine (ContainerStateMachine.java:takeSnapshot(289)) - group-EDBDEA049EE4: Taking a snapshot at:(t:1, i:6) file /workdir/hadoop-ozone/integration-test/target/test-dir/MiniOzoneClusterImpl-fed8c003-1200-44bf-ac4e-1089d90acbae/datanode-1/data/ratis/fc9d5f4e-9ab3-4009-a5df-edbdea049ee4/sm/snapshot.1_6
2019-10-02 11:49:10,481 [ForkJoinPool.commonPool-worker-0] INFO  impl.StateMachineUpdater (StateMachineUpdater.java:stopAndJoin(136)) - ef506d76-330f-4ecf-9b72-dea24feabbc3@group-EDBDEA049EE4-StateMachineUpdater: set stopIndex = 6
2019-10-02 11:49:10,491 [50fccacf-7ba1-4d43-bfe6-78d7deac3c07@group-B3C896AFE5E8-StateMachineUpdater] INFO  ratis.ContainerStateMachine (ContainerStateMachine.java:takeSnapshot(300)) - group-B3C896AFE5E8: Finished taking a snapshot at:(t:1, i:4) file:/workdir/hadoop-ozone/integration-test/target/test-dir/MiniOzoneClusterImpl-fed8c003-1200-44bf-ac4e-1089d90acbae/datanode-4/data/ratis/c9f04159-56d6-481d-b69c-b3c896afe5e8/sm/snapshot.1_4 time:26
2019-10-02 11:49:10,491 [50fccacf-7ba1-4d43-bfe6-78d7deac3c07@group-B3C896AFE5E8-StateMachineUpdater] INFO  impl.StateMachineUpdater (StateMachineUpdater.java:takeSnapshot(269)) - 50fccacf-7ba1-4d43-bfe6-78d7deac3c07@group-B3C896AFE5E8-StateMachineUpdater: Took a snapshot at index 4
2019-10-02 11:49:10,492 [50fccacf-7ba1-4d43-bfe6-78d7deac3c07@group-B3C896AFE5E8-StateMachineUpdater] INFO  impl.StateMachineUpdater (StateMachineUpdater.java:lambda$new$0(84)) - 50fccacf-7ba1-4d43-bfe6-78d7deac3c07@group-B3C896AFE5E8-StateMachineUpdater: snapshotIndex: updateIncreasingly -1 -> 4
2019-10-02 11:49:10,492 [50fccacf-7ba1-4d43-bfe6-78d7deac3c07@group-B3C896AFE5E8-StateMachineUpdater] INFO  ratis.ContainerStateMachine (ContainerStateMachine.java:takeSnapshot(289)) - group-B3C896AFE5E8: Taking a snapshot at:(t:1, i:4) file /workdir/hadoop-ozone/integration-test/target/test-dir/MiniOzoneClusterImpl-fed8c003-1200-44bf-ac4e-1089d90acbae/datanode-4/data/ratis/c9f04159-56d6-481d-b69c-b3c896afe5e8/sm/snapshot.1_4
2019-10-02 11:49:10,492 [ef506d76-330f-4ecf-9b72-dea24feabbc3@group-EDBDEA049EE4-StateMachineUpdater] INFO  ratis.ContainerStateMachine (ContainerStateMachine.java:takeSnapshot(300)) - group-EDBDEA049EE4: Finished taking a snapshot at:(t:1, i:6) file:/workdir/hadoop-ozone/integration-test/target/test-dir/MiniOzoneClusterImpl-fed8c003-1200-44bf-ac4e-1089d90acbae/datanode-1/data/ratis/fc9d5f4e-9ab3-4009-a5df-edbdea049ee4/sm/snapshot.1_6 time:15
2019-10-02 11:49:10,492 [ef506d76-330f-4ecf-9b72-dea24feabbc3@group-EDBDEA049EE4-StateMachineUpdater] INFO  impl.StateMachineUpdater (StateMachineUpdater.java:takeSnapshot(269)) - ef506d76-330f-4ecf-9b72-dea24feabbc3@group-EDBDEA049EE4-StateMachineUpdater: Took a snapshot at index 6
2019-10-02 11:49:10,493 [ef506d76-330f-4ecf-9b72-dea24feabbc3@group-EDBDEA049EE4-StateMachineUpdater] INFO  impl.StateMachineUpdater (StateMachineUpdater.java:lambda$new$0(84)) - ef506d76-330f-4ecf-9b72-dea24feabbc3@group-EDBDEA049EE4-StateMachineUpdater: snapshotIndex: updateIncreasingly -1 -> 6
2019-10-02 11:49:10,493 [ForkJoinPool.commonPool-worker-0] INFO  impl.RaftServerImpl (ServerState.java:close(387)) - ef506d76-330f-4ecf-9b72-dea24feabbc3@group-EDBDEA049EE4: closes. applyIndex: 6
2019-10-02 11:49:10,493 [ef506d76-330f-4ecf-9b72-dea24feabbc3@group-EDBDEA049EE4-SegmentedRaftLogWorker] INFO  segmented.SegmentedRaftLogWorker (SegmentedRaftLogWorker.java:run(316)) - ef506d76-330f-4ecf-9b72-dea24feabbc3@group-EDBDEA049EE4-SegmentedRaftLogWorker was interrupted, exiting. There are 0 tasks remaining in the queue.
2019-10-02 11:49:10,495 [50fccacf-7ba1-4d43-bfe6-78d7deac3c07@group-B3C896AFE5E8-StateMachineUpdater] INFO  ratis.ContainerStateMachine (ContainerStateMachine.java:takeSnapshot(300)) - group-B3C896AFE5E8: Finished taking a snapshot at:(t:1, i:4) file:/workdir/hadoop-ozone/integration-test/target/test-dir/MiniOzoneClusterImpl-fed8c003-1200-44bf-ac4e-1089d90acbae/datanode-4/data/ratis/c9f04159-56d6-481d-b69c-b3c896afe5e8/sm/snapshot.1_4 time:3
2019-10-02 11:49:10,495 [ForkJoinPool.commonPool-worker-0] INFO  segmented.SegmentedRaftLogWorker (SegmentedRaftLogWorker.java:close(224)) - ef506d76-330f-4ecf-9b72-dea24feabbc3@group-EDBDEA049EE4-SegmentedRaftLogWorker close()
2019-10-02 11:49:10,495 [50fccacf-7ba1-4d43-bfe6-78d7deac3c07@group-B3C896AFE5E8-StateMachineUpdater] INFO  impl.StateMachineUpdater (StateMachineUpdater.java:takeSnapshot(269)) - 50fccacf-7ba1-4d43-bfe6-78d7deac3c07@group-B3C896AFE5E8-StateMachineUpdater: Took a snapshot at index 4
2019-10-02 11:49:10,499 [ForkJoinPool.commonPool-worker-0] INFO  server.GrpcService (GrpcService.java:closeImpl(164)) - ef506d76-330f-4ecf-9b72-dea24feabbc3: shutdown server with port 33031 now
2019-10-02 11:49:10,499 [50fccacf-7ba1-4d43-bfe6-78d7deac3c07@group-B3C896AFE5E8-StateMachineUpdater] INFO  impl.StateMachineUpdater (StateMachineUpdater.java:lambda$new$0(84)) - 50fccacf-7ba1-4d43-bfe6-78d7deac3c07@group-B3C896AFE5E8-StateMachineUpdater: snapshotIndex: updateIncreasingly 4 -> 4
2019-10-02 11:49:10,499 [main] INFO  impl.RaftServerImpl (ServerState.java:close(387)) - 50fccacf-7ba1-4d43-bfe6-78d7deac3c07@group-B3C896AFE5E8: closes. applyIndex: 6
2019-10-02 11:49:10,500 [grpc-default-executor-8] WARN  server.GrpcLogAppender (LogUtils.java:warn(134)) - 510cfd7b-3107-4a0d-8519-c4ac68a6e374@group-EDBDEA049EE4->ef506d76-330f-4ecf-9b72-dea24feabbc3-AppendLogResponseHandler: Failed appendEntries: org.apache.ratis.thirdparty.io.grpc.StatusRuntimeException: CANCELLED: HTTP/2 error code: CANCEL
Received Rst Stream
2019-10-02 11:49:10,500 [grpc-default-executor-7] WARN  server.GrpcServerProtocolService (LogUtils.java:warn(134)) - ef506d76-330f-4ecf-9b72-dea24feabbc3: installSnapshot onError, lastRequest: 510cfd7b-3107-4a0d-8519-c4ac68a6e374->ef506d76-330f-4ecf-9b72-dea24feabbc3#9-t1, previous=(t:1, i:6), leaderCommit=6, initializing? false, entries: <empty>: org.apache.ratis.thirdparty.io.grpc.StatusRuntimeException: CANCELLED: cancelled before receiving half close
2019-10-02 11:49:10,500 [ForkJoinPool.commonPool-worker-0] INFO  server.GrpcService (GrpcService.java:closeImpl(172)) - ef506d76-330f-4ecf-9b72-dea24feabbc3: shutdown server with port 33031 successfully
2019-10-02 11:49:10,501 [grpc-default-executor-8] INFO  impl.FollowerInfo (FollowerInfo.java:lambda$new$0(51)) - 510cfd7b-3107-4a0d-8519-c4ac68a6e374@group-EDBDEA049EE4->ef506d76-330f-4ecf-9b72-dea24feabbc3: nextIndex: updateUnconditionally 7 -> 6
2019-10-02 11:49:10,501 [50fccacf-7ba1-4d43-bfe6-78d7deac3c07@group-B3C896AFE5E8-SegmentedRaftLogWorker] INFO  segmented.SegmentedRaftLogWorker (SegmentedRaftLogWorker.java:run(316)) - 50fccacf-7ba1-4d43-bfe6-78d7deac3c07@group-B3C896AFE5E8-SegmentedRaftLogWorker was interrupted, exiting. There are 0 tasks remaining in the queue.
2019-10-02 11:49:10,504 [main] INFO  segmented.SegmentedRaftLogWorker (SegmentedRaftLogWorker.java:close(224)) - 50fccacf-7ba1-4d43-bfe6-78d7deac3c07@group-B3C896AFE5E8-SegmentedRaftLogWorker close()
2019-10-02 11:49:10,508 [main] INFO  impl.RaftServerImpl (RaftServerImpl.java:lambda$shutdown$3(247)) - 50fccacf-7ba1-4d43-bfe6-78d7deac3c07@group-51615C681F5A: shutdown
2019-10-02 11:49:10,508 [main] INFO  util.JmxRegister (JmxRegister.java:unregister(73)) - Successfully un-registered JMX Bean with object name Ratis:service=RaftServer,group=group-51615C681F5A,id=50fccacf-7ba1-4d43-bfe6-78d7deac3c07
2019-10-02 11:49:10,508 [main] INFO  impl.RoleInfo (RoleInfo.java:shutdownLeaderState(104)) - 50fccacf-7ba1-4d43-bfe6-78d7deac3c07: shutdown LeaderState
2019-10-02 11:49:10,509 [refreshUsed-/workdir/hadoop-ozone/integration-test/target/test-dir/MiniOzoneClusterImpl-fed8c003-1200-44bf-ac4e-1089d90acbae/datanode-1/data/containers] WARN  fs.CachingGetSpaceUsed (CachingGetSpaceUsed.java:run(183)) - Thread Interrupted waiting to refresh disk information: sleep interrupted
2019-10-02 11:49:10,509 [main] INFO  impl.PendingRequests (PendingRequests.java:sendNotLeaderResponses(202)) - 50fccacf-7ba1-4d43-bfe6-78d7deac3c07@group-51615C681F5A-PendingRequests: sendNotLeaderResponses
2019-10-02 11:49:10,509 [main] INFO  impl.StateMachineUpdater (StateMachineUpdater.java:stopAndJoin(136)) - 50fccacf-7ba1-4d43-bfe6-78d7deac3c07@group-51615C681F5A-StateMachineUpdater: set stopIndex = 0
2019-10-02 11:49:10,510 [main] INFO  impl.RaftServerImpl (ServerState.java:close(387)) - 50fccacf-7ba1-4d43-bfe6-78d7deac3c07@group-51615C681F5A: closes. applyIndex: 0
2019-10-02 11:49:10,511 [50fccacf-7ba1-4d43-bfe6-78d7deac3c07@group-51615C681F5A-SegmentedRaftLogWorker] INFO  segmented.SegmentedRaftLogWorker (SegmentedRaftLogWorker.java:run(316)) - 50fccacf-7ba1-4d43-bfe6-78d7deac3c07@group-51615C681F5A-SegmentedRaftLogWorker was interrupted, exiting. There are 0 tasks remaining in the queue.
2019-10-02 11:49:10,513 [main] INFO  segmented.SegmentedRaftLogWorker (SegmentedRaftLogWorker.java:close(224)) - 50fccacf-7ba1-4d43-bfe6-78d7deac3c07@group-51615C681F5A-SegmentedRaftLogWorker close()
2019-10-02 11:49:10,516 [main] INFO  server.GrpcService (GrpcService.java:closeImpl(164)) - 50fccacf-7ba1-4d43-bfe6-78d7deac3c07: shutdown server with port 42145 now
2019-10-02 11:49:10,517 [grpc-default-executor-8] WARN  server.GrpcServerProtocolService (LogUtils.java:warn(134)) - 50fccacf-7ba1-4d43-bfe6-78d7deac3c07: installSnapshot onError, lastRequest: 51b5bcf3-deaf-4700-bbe7-a90669d5eae5->50fccacf-7ba1-4d43-bfe6-78d7deac3c07#10-t1, previous=(t:1, i:6), leaderCommit=6, initializing? false, entries: <empty>: org.apache.ratis.thirdparty.io.grpc.StatusRuntimeException: CANCELLED: cancelled before receiving half close
2019-10-02 11:49:10,517 [grpc-default-executor-10] WARN  server.GrpcLogAppender (LogUtils.java:warn(134)) - 51b5bcf3-deaf-4700-bbe7-a90669d5eae5@group-B3C896AFE5E8->50fccacf-7ba1-4d43-bfe6-78d7deac3c07-AppendLogResponseHandler: Failed appendEntries: org.apache.ratis.thirdparty.io.grpc.StatusRuntimeException: CANCELLED: HTTP/2 error code: CANCEL
Received Rst Stream
2019-10-02 11:49:10,517 [grpc-default-executor-10] INFO  impl.FollowerInfo (FollowerInfo.java:lambda$new$0(51)) - 51b5bcf3-deaf-4700-bbe7-a90669d5eae5@group-B3C896AFE5E8->50fccacf-7ba1-4d43-bfe6-78d7deac3c07: nextIndex: updateUnconditionally 7 -> 6
2019-10-02 11:49:10,517 [main] INFO  server.GrpcService (GrpcService.java:closeImpl(172)) - 50fccacf-7ba1-4d43-bfe6-78d7deac3c07: shutdown server with port 42145 successfully
2019-10-02 11:49:10,519 [refreshUsed-/workdir/hadoop-ozone/integration-test/target/test-dir/MiniOzoneClusterImpl-fed8c003-1200-44bf-ac4e-1089d90acbae/datanode-4/data/containers] WARN  fs.CachingGetSpaceUsed (CachingGetSpaceUsed.java:run(183)) - Thread Interrupted waiting to refresh disk information: sleep interrupted
2019-10-02 11:49:10,529 [ForkJoinPool.commonPool-worker-0] INFO  utils.BackgroundService (BackgroundService.java:shutdown(148)) - Shutting down service BlockDeletingService
2019-10-02 11:49:10,537 [ForkJoinPool.commonPool-worker-0] INFO  statemachine.DatanodeStateMachine (DatanodeStateMachine.java:stopDaemon(395)) - Ozone container server stopped.
2019-10-02 11:49:10,542 [ForkJoinPool.commonPool-worker-0] INFO  handler.ContextHandler (ContextHandler.java:doStop(910)) - Stopped o.e.j.w.WebAppContext@323e026d{/,null,UNAVAILABLE}{/hddsDatanode}
2019-10-02 11:49:10,543 [ForkJoinPool.commonPool-worker-0] INFO  server.AbstractConnector (AbstractConnector.java:doStop(318)) - Stopped ServerConnector@1716c037{HTTP/1.1,[http/1.1]}{0.0.0.0:0}
2019-10-02 11:49:10,545 [ForkJoinPool.commonPool-worker-0] INFO  handler.ContextHandler (ContextHandler.java:doStop(910)) - Stopped o.e.j.s.ServletContextHandler@6313b441{/static,jar:file:/home/user/.m2/repository/org/apache/hadoop/hadoop-hdds-container-service/0.5.0-SNAPSHOT/hadoop-hdds-container-service-0.5.0-SNAPSHOT.jar!/webapps/static,UNAVAILABLE}
2019-10-02 11:49:10,546 [ForkJoinPool.commonPool-worker-0] INFO  handler.ContextHandler (ContextHandler.java:doStop(910)) - Stopped o.e.j.s.ServletContextHandler@915d7c4{/logs,file:///workdir/hadoop-ozone/integration-test/target/log,UNAVAILABLE}
2019-10-02 11:49:10,546 [main] INFO  utils.BackgroundService (BackgroundService.java:shutdown(148)) - Shutting down service BlockDeletingService
2019-10-02 11:49:10,556 [main] INFO  statemachine.DatanodeStateMachine (DatanodeStateMachine.java:stopDaemon(395)) - Ozone container server stopped.
2019-10-02 11:49:10,556 [main] INFO  handler.ContextHandler (ContextHandler.java:doStop(910)) - Stopped o.e.j.w.WebAppContext@10745a02{/,null,UNAVAILABLE}{/hddsDatanode}
2019-10-02 11:49:10,557 [main] INFO  server.AbstractConnector (AbstractConnector.java:doStop(318)) - Stopped ServerConnector@3e2d8623{HTTP/1.1,[http/1.1]}{0.0.0.0:0}
2019-10-02 11:49:10,557 [main] INFO  handler.ContextHandler (ContextHandler.java:doStop(910)) - Stopped o.e.j.s.ServletContextHandler@2aac8ad7{/static,jar:file:/home/user/.m2/repository/org/apache/hadoop/hadoop-hdds-container-service/0.5.0-SNAPSHOT/hadoop-hdds-container-service-0.5.0-SNAPSHOT.jar!/webapps/static,UNAVAILABLE}
2019-10-02 11:49:10,557 [main] INFO  handler.ContextHandler (ContextHandler.java:doStop(910)) - Stopped o.e.j.s.ServletContextHandler@7c5c20ed{/logs,file:///workdir/hadoop-ozone/integration-test/target/log,UNAVAILABLE}
2019-10-02 11:49:10,617 [grpc-default-executor-7] WARN  server.GrpcLogAppender (LogUtils.java:warn(134)) - 510cfd7b-3107-4a0d-8519-c4ac68a6e374@group-EDBDEA049EE4->ef506d76-330f-4ecf-9b72-dea24feabbc3-AppendLogResponseHandler: Failed appendEntries: org.apache.ratis.thirdparty.io.grpc.StatusRuntimeException: UNAVAILABLE: io exception
2019-10-02 11:49:10,618 [grpc-default-executor-7] INFO  impl.FollowerInfo (FollowerInfo.java:lambda$new$0(51)) - 510cfd7b-3107-4a0d-8519-c4ac68a6e374@group-EDBDEA049EE4->ef506d76-330f-4ecf-9b72-dea24feabbc3: nextIndex: updateUnconditionally 6 -> 5
2019-10-02 11:49:11,071 [Datanode State Machine Thread - 0] INFO  statemachine.DatanodeStateMachine (DatanodeStateMachine.java:lambda$startDaemon$0(350)) - Ozone container server started.
2019-10-02 11:49:11,333 [Datanode State Machine Thread - 0] INFO  statemachine.DatanodeStateMachine (DatanodeStateMachine.java:lambda$startDaemon$0(350)) - Ozone container server started.
2019-10-02 11:49:12,888 [grpc-default-executor-7] WARN  server.GrpcLogAppender (LogUtils.java:warn(134)) - 51b5bcf3-deaf-4700-bbe7-a90669d5eae5@group-B3C896AFE5E8->50fccacf-7ba1-4d43-bfe6-78d7deac3c07-AppendLogResponseHandler: Failed appendEntries: org.apache.ratis.thirdparty.io.grpc.StatusRuntimeException: UNAVAILABLE: io exception
2019-10-02 11:49:12,889 [grpc-default-executor-7] INFO  impl.FollowerInfo (FollowerInfo.java:lambda$new$0(51)) - 51b5bcf3-deaf-4700-bbe7-a90669d5eae5@group-B3C896AFE5E8->50fccacf-7ba1-4d43-bfe6-78d7deac3c07: nextIndex: updateUnconditionally 6 -> 5
2019-10-02 11:49:13,118 [grpc-default-executor-10] WARN  server.GrpcLogAppender (LogUtils.java:warn(134)) - 510cfd7b-3107-4a0d-8519-c4ac68a6e374@group-EDBDEA049EE4->ef506d76-330f-4ecf-9b72-dea24feabbc3-AppendLogResponseHandler: Failed appendEntries: org.apache.ratis.thirdparty.io.grpc.StatusRuntimeException: UNAVAILABLE: io exception
2019-10-02 11:49:13,118 [grpc-default-executor-10] INFO  impl.FollowerInfo (FollowerInfo.java:lambda$new$0(51)) - 510cfd7b-3107-4a0d-8519-c4ac68a6e374@group-EDBDEA049EE4->ef506d76-330f-4ecf-9b72-dea24feabbc3: nextIndex: updateUnconditionally 5 -> 4
2019-10-02 11:49:15,159 [EventQueue-StaleNodeForStaleNodeHandler] INFO  node.StaleNodeHandler (StaleNodeHandler.java:onMessage(58)) - Datanode 510cfd7b-3107-4a0d-8519-c4ac68a6e374{ip: 192.168.164.220, host: pr-hdds-2225-rpdbg-2298847827, networkLocation: /default-rack, certSerialId: null} moved to stale state. Finalizing its pipelines [PipelineID=22b48041-eb31-4eab-bbc2-2bc30d23712f, PipelineID=fc9d5f4e-9ab3-4009-a5df-edbdea049ee4]
2019-10-02 11:49:15,159 [EventQueue-StaleNodeForStaleNodeHandler] INFO  pipeline.SCMPipelineManager (SCMPipelineManager.java:finalizeAndDestroyPipeline(315)) - destroying pipeline:Pipeline[ Id: 22b48041-eb31-4eab-bbc2-2bc30d23712f, Nodes: 510cfd7b-3107-4a0d-8519-c4ac68a6e374{ip: 192.168.164.220, host: pr-hdds-2225-rpdbg-2298847827, networkLocation: /default-rack, certSerialId: null}, Type:RATIS, Factor:ONE, State:OPEN]
2019-10-02 11:49:15,160 [EventQueue-StaleNodeForStaleNodeHandler] INFO  pipeline.PipelineStateManager (PipelineStateManager.java:finalizePipeline(123)) - Pipeline Pipeline[ Id: 22b48041-eb31-4eab-bbc2-2bc30d23712f, Nodes: 510cfd7b-3107-4a0d-8519-c4ac68a6e374{ip: 192.168.164.220, host: pr-hdds-2225-rpdbg-2298847827, networkLocation: /default-rack, certSerialId: null}, Type:RATIS, Factor:ONE, State:CLOSED] moved to CLOSED state
2019-10-02 11:49:15,160 [EventQueue-StaleNodeForStaleNodeHandler] INFO  pipeline.SCMPipelineManager (SCMPipelineManager.java:finalizeAndDestroyPipeline(315)) - destroying pipeline:Pipeline[ Id: fc9d5f4e-9ab3-4009-a5df-edbdea049ee4, Nodes: 510cfd7b-3107-4a0d-8519-c4ac68a6e374{ip: 192.168.164.220, host: pr-hdds-2225-rpdbg-2298847827, networkLocation: /default-rack, certSerialId: null}113bc92a-68bb-4892-8ddf-fb6b0142bd31{ip: 192.168.164.220, host: pr-hdds-2225-rpdbg-2298847827, networkLocation: /default-rack, certSerialId: null}ef506d76-330f-4ecf-9b72-dea24feabbc3{ip: 192.168.164.220, host: pr-hdds-2225-rpdbg-2298847827, networkLocation: /default-rack, certSerialId: null}, Type:RATIS, Factor:THREE, State:CLOSED]
2019-10-02 11:49:15,358 [EventQueue-StaleNodeForStaleNodeHandler] INFO  node.StaleNodeHandler (StaleNodeHandler.java:onMessage(58)) - Datanode 51b5bcf3-deaf-4700-bbe7-a90669d5eae5{ip: 192.168.164.220, host: pr-hdds-2225-rpdbg-2298847827, networkLocation: /default-rack, certSerialId: null} moved to stale state. Finalizing its pipelines [PipelineID=c9f04159-56d6-481d-b69c-b3c896afe5e8, PipelineID=bf68d794-e373-4783-88c5-2e6a0c5090ce]
2019-10-02 11:49:15,358 [EventQueue-StaleNodeForStaleNodeHandler] INFO  pipeline.SCMPipelineManager (SCMPipelineManager.java:finalizeAndDestroyPipeline(315)) - destroying pipeline:Pipeline[ Id: c9f04159-56d6-481d-b69c-b3c896afe5e8, Nodes: 51b5bcf3-deaf-4700-bbe7-a90669d5eae5{ip: 192.168.164.220, host: pr-hdds-2225-rpdbg-2298847827, networkLocation: /default-rack, certSerialId: null}50fccacf-7ba1-4d43-bfe6-78d7deac3c07{ip: 192.168.164.220, host: pr-hdds-2225-rpdbg-2298847827, networkLocation: /default-rack, certSerialId: null}f5ed4042-bdcb-4116-b59c-a85f6d1f58b0{ip: 192.168.164.220, host: pr-hdds-2225-rpdbg-2298847827, networkLocation: /default-rack, certSerialId: null}, Type:RATIS, Factor:THREE, State:CLOSED]
2019-10-02 11:49:15,359 [EventQueue-StaleNodeForStaleNodeHandler] INFO  pipeline.SCMPipelineManager (SCMPipelineManager.java:finalizeAndDestroyPipeline(315)) - destroying pipeline:Pipeline[ Id: bf68d794-e373-4783-88c5-2e6a0c5090ce, Nodes: 51b5bcf3-deaf-4700-bbe7-a90669d5eae5{ip: 192.168.164.220, host: pr-hdds-2225-rpdbg-2298847827, networkLocation: /default-rack, certSerialId: null}, Type:RATIS, Factor:ONE, State:OPEN]
2019-10-02 11:49:15,359 [EventQueue-StaleNodeForStaleNodeHandler] INFO  pipeline.PipelineStateManager (PipelineStateManager.java:finalizePipeline(123)) - Pipeline Pipeline[ Id: bf68d794-e373-4783-88c5-2e6a0c5090ce, Nodes: 51b5bcf3-deaf-4700-bbe7-a90669d5eae5{ip: 192.168.164.220, host: pr-hdds-2225-rpdbg-2298847827, networkLocation: /default-rack, certSerialId: null}, Type:RATIS, Factor:ONE, State:CLOSED] moved to CLOSED state
2019-10-02 11:49:15,389 [grpc-default-executor-8] WARN  server.GrpcLogAppender (LogUtils.java:warn(134)) - 51b5bcf3-deaf-4700-bbe7-a90669d5eae5@group-B3C896AFE5E8->50fccacf-7ba1-4d43-bfe6-78d7deac3c07-AppendLogResponseHandler: Failed appendEntries: org.apache.ratis.thirdparty.io.grpc.StatusRuntimeException: UNAVAILABLE: io exception
2019-10-02 11:49:15,392 [grpc-default-executor-8] INFO  impl.FollowerInfo (FollowerInfo.java:lambda$new$0(51)) - 51b5bcf3-deaf-4700-bbe7-a90669d5eae5@group-B3C896AFE5E8->50fccacf-7ba1-4d43-bfe6-78d7deac3c07: nextIndex: updateUnconditionally 5 -> 4
2019-10-02 11:49:15,550 [ForkJoinPool.commonPool-worker-0] INFO  ozoneimpl.OzoneContainer (OzoneContainer.java:stop(231)) - Attempting to stop container services.
2019-10-02 11:49:15,550 [ForkJoinPool.commonPool-worker-0] INFO  impl.RaftServerProxy (RaftServerProxy.java:lambda$close$4(314)) - 510cfd7b-3107-4a0d-8519-c4ac68a6e374: close
2019-10-02 11:49:15,551 [ForkJoinPool.commonPool-worker-0] INFO  impl.RaftServerImpl (RaftServerImpl.java:lambda$shutdown$3(247)) - 510cfd7b-3107-4a0d-8519-c4ac68a6e374@group-2BC30D23712F: shutdown
2019-10-02 11:49:15,551 [ForkJoinPool.commonPool-worker-0] INFO  util.JmxRegister (JmxRegister.java:unregister(73)) - Successfully un-registered JMX Bean with object name Ratis:service=RaftServer,group=group-2BC30D23712F,id=510cfd7b-3107-4a0d-8519-c4ac68a6e374
2019-10-02 11:49:15,551 [ForkJoinPool.commonPool-worker-0] INFO  impl.RoleInfo (RoleInfo.java:shutdownLeaderState(104)) - 510cfd7b-3107-4a0d-8519-c4ac68a6e374: shutdown LeaderState
2019-10-02 11:49:15,551 [ForkJoinPool.commonPool-worker-0] INFO  impl.PendingRequests (PendingRequests.java:sendNotLeaderResponses(202)) - 510cfd7b-3107-4a0d-8519-c4ac68a6e374@group-2BC30D23712F-PendingRequests: sendNotLeaderResponses
2019-10-02 11:49:15,552 [ForkJoinPool.commonPool-worker-0] INFO  impl.StateMachineUpdater (StateMachineUpdater.java:stopAndJoin(136)) - 510cfd7b-3107-4a0d-8519-c4ac68a6e374@group-2BC30D23712F-StateMachineUpdater: set stopIndex = 0
2019-10-02 11:49:15,553 [ForkJoinPool.commonPool-worker-0] INFO  impl.RaftServerImpl (ServerState.java:close(387)) - 510cfd7b-3107-4a0d-8519-c4ac68a6e374@group-2BC30D23712F: closes. applyIndex: 0
2019-10-02 11:49:15,553 [510cfd7b-3107-4a0d-8519-c4ac68a6e374@group-2BC30D23712F-SegmentedRaftLogWorker] INFO  segmented.SegmentedRaftLogWorker (SegmentedRaftLogWorker.java:run(316)) - 510cfd7b-3107-4a0d-8519-c4ac68a6e374@group-2BC30D23712F-SegmentedRaftLogWorker was interrupted, exiting. There are 0 tasks remaining in the queue.
2019-10-02 11:49:15,556 [ForkJoinPool.commonPool-worker-0] INFO  segmented.SegmentedRaftLogWorker (SegmentedRaftLogWorker.java:close(224)) - 510cfd7b-3107-4a0d-8519-c4ac68a6e374@group-2BC30D23712F-SegmentedRaftLogWorker close()
2019-10-02 11:49:15,560 [ForkJoinPool.commonPool-worker-0] INFO  impl.RaftServerImpl (RaftServerImpl.java:lambda$shutdown$3(247)) - 510cfd7b-3107-4a0d-8519-c4ac68a6e374@group-EDBDEA049EE4: shutdown
2019-10-02 11:49:15,560 [ForkJoinPool.commonPool-worker-0] INFO  util.JmxRegister (JmxRegister.java:unregister(73)) - Successfully un-registered JMX Bean with object name Ratis:service=RaftServer,group=group-EDBDEA049EE4,id=510cfd7b-3107-4a0d-8519-c4ac68a6e374
2019-10-02 11:49:15,560 [main] INFO  ozoneimpl.OzoneContainer (OzoneContainer.java:stop(231)) - Attempting to stop container services.
2019-10-02 11:49:15,560 [ForkJoinPool.commonPool-worker-0] INFO  impl.RoleInfo (RoleInfo.java:shutdownLeaderState(104)) - 510cfd7b-3107-4a0d-8519-c4ac68a6e374: shutdown LeaderState
2019-10-02 11:49:15,561 [main] INFO  impl.RaftServerProxy (RaftServerProxy.java:lambda$close$4(314)) - 51b5bcf3-deaf-4700-bbe7-a90669d5eae5: close
2019-10-02 11:49:15,564 [org.apache.ratis.server.impl.LogAppender$AppenderDaemon$$Lambda$508/1302805166@23af0a19] WARN  server.GrpcLogAppender (GrpcLogAppender.java:mayWait(143)) - 510cfd7b-3107-4a0d-8519-c4ac68a6e374@group-EDBDEA049EE4->ef506d76-330f-4ecf-9b72-dea24feabbc3-GrpcLogAppender: Wait interrupted by java.lang.InterruptedException
2019-10-02 11:49:15,564 [ForkJoinPool.commonPool-worker-0] INFO  impl.PendingRequests (PendingRequests.java:sendNotLeaderResponses(202)) - 510cfd7b-3107-4a0d-8519-c4ac68a6e374@group-EDBDEA049EE4-PendingRequests: sendNotLeaderResponses
2019-10-02 11:49:15,564 [org.apache.ratis.server.impl.LogAppender$AppenderDaemon$$Lambda$508/1302805166@1cc7636a] WARN  server.GrpcLogAppender (GrpcLogAppender.java:mayWait(143)) - 510cfd7b-3107-4a0d-8519-c4ac68a6e374@group-EDBDEA049EE4->113bc92a-68bb-4892-8ddf-fb6b0142bd31-GrpcLogAppender: Wait interrupted by java.lang.InterruptedException
2019-10-02 11:49:15,564 [main] INFO  impl.RaftServerImpl (RaftServerImpl.java:lambda$shutdown$3(247)) - 51b5bcf3-deaf-4700-bbe7-a90669d5eae5@group-B3C896AFE5E8: shutdown
2019-10-02 11:49:15,568 [ForkJoinPool.commonPool-worker-0] INFO  impl.StateMachineUpdater (StateMachineUpdater.java:stopAndJoin(136)) - 510cfd7b-3107-4a0d-8519-c4ac68a6e374@group-EDBDEA049EE4-StateMachineUpdater: set stopIndex = 6
2019-10-02 11:49:15,569 [510cfd7b-3107-4a0d-8519-c4ac68a6e374@group-EDBDEA049EE4-StateMachineUpdater] INFO  ratis.ContainerStateMachine (ContainerStateMachine.java:takeSnapshot(289)) - group-EDBDEA049EE4: Taking a snapshot at:(t:1, i:6) file /workdir/hadoop-ozone/integration-test/target/test-dir/MiniOzoneClusterImpl-fed8c003-1200-44bf-ac4e-1089d90acbae/datanode-2/data/ratis/fc9d5f4e-9ab3-4009-a5df-edbdea049ee4/sm/snapshot.1_6
2019-10-02 11:49:15,569 [main] INFO  util.JmxRegister (JmxRegister.java:unregister(73)) - Successfully un-registered JMX Bean with object name Ratis:service=RaftServer,group=group-B3C896AFE5E8,id=51b5bcf3-deaf-4700-bbe7-a90669d5eae5
2019-10-02 11:49:15,569 [main] INFO  impl.RoleInfo (RoleInfo.java:shutdownLeaderState(104)) - 51b5bcf3-deaf-4700-bbe7-a90669d5eae5: shutdown LeaderState
2019-10-02 11:49:15,569 [grpc-default-executor-10] INFO  server.GrpcServerProtocolService (GrpcServerProtocolService.java:onCompleted(113)) - 113bc92a-68bb-4892-8ddf-fb6b0142bd31: Completed APPEND_ENTRIES, lastRequest: 510cfd7b-3107-4a0d-8519-c4ac68a6e374->113bc92a-68bb-4892-8ddf-fb6b0142bd31#11-t1, previous=(t:1, i:6), leaderCommit=6, initializing? false, entries: <empty>
2019-10-02 11:49:15,583 [org.apache.ratis.server.impl.LogAppender$AppenderDaemon$$Lambda$508/1302805166@4e025e15] WARN  server.GrpcLogAppender (GrpcLogAppender.java:mayWait(143)) - 51b5bcf3-deaf-4700-bbe7-a90669d5eae5@group-B3C896AFE5E8->f5ed4042-bdcb-4116-b59c-a85f6d1f58b0-GrpcLogAppender: Wait interrupted by java.lang.InterruptedException
2019-10-02 11:49:15,582 [org.apache.ratis.server.impl.LogAppender$AppenderDaemon$$Lambda$508/1302805166@a6dce06] WARN  server.GrpcLogAppender (GrpcLogAppender.java:mayWait(143)) - 51b5bcf3-deaf-4700-bbe7-a90669d5eae5@group-B3C896AFE5E8->50fccacf-7ba1-4d43-bfe6-78d7deac3c07-GrpcLogAppender: Wait interrupted by java.lang.InterruptedException
2019-10-02 11:49:15,582 [main] INFO  impl.PendingRequests (PendingRequests.java:sendNotLeaderResponses(202)) - 51b5bcf3-deaf-4700-bbe7-a90669d5eae5@group-B3C896AFE5E8-PendingRequests: sendNotLeaderResponses
2019-10-02 11:49:15,583 [grpc-default-executor-10] INFO  server.GrpcLogAppender (GrpcLogAppender.java:onCompleted(293)) - 510cfd7b-3107-4a0d-8519-c4ac68a6e374@group-EDBDEA049EE4->113bc92a-68bb-4892-8ddf-fb6b0142bd31-AppendLogResponseHandler: follower responses appendEntries COMPLETED
2019-10-02 11:49:15,588 [main] INFO  impl.StateMachineUpdater (StateMachineUpdater.java:stopAndJoin(136)) - 51b5bcf3-deaf-4700-bbe7-a90669d5eae5@group-B3C896AFE5E8-StateMachineUpdater: set stopIndex = 6
2019-10-02 11:49:15,585 [grpc-default-executor-8] INFO  server.GrpcServerProtocolService (GrpcServerProtocolService.java:onCompleted(113)) - f5ed4042-bdcb-4116-b59c-a85f6d1f58b0: Completed APPEND_ENTRIES, lastRequest: 51b5bcf3-deaf-4700-bbe7-a90669d5eae5->f5ed4042-bdcb-4116-b59c-a85f6d1f58b0#12-t1, previous=(t:1, i:6), leaderCommit=6, initializing? false, entries: <empty>
2019-10-02 11:49:15,588 [grpc-default-executor-10] INFO  impl.FollowerInfo (FollowerInfo.java:lambda$new$0(51)) - 510cfd7b-3107-4a0d-8519-c4ac68a6e374@group-EDBDEA049EE4->113bc92a-68bb-4892-8ddf-fb6b0142bd31: nextIndex: updateUnconditionally 7 -> 6
2019-10-02 11:49:15,588 [grpc-default-executor-8] INFO  server.GrpcLogAppender (GrpcLogAppender.java:onCompleted(293)) - 51b5bcf3-deaf-4700-bbe7-a90669d5eae5@group-B3C896AFE5E8->f5ed4042-bdcb-4116-b59c-a85f6d1f58b0-AppendLogResponseHandler: follower responses appendEntries COMPLETED
2019-10-02 11:49:15,588 [51b5bcf3-deaf-4700-bbe7-a90669d5eae5@group-B3C896AFE5E8-StateMachineUpdater] INFO  ratis.ContainerStateMachine (ContainerStateMachine.java:takeSnapshot(289)) - group-B3C896AFE5E8: Taking a snapshot at:(t:1, i:6) file /workdir/hadoop-ozone/integration-test/target/test-dir/MiniOzoneClusterImpl-fed8c003-1200-44bf-ac4e-1089d90acbae/datanode-3/data/ratis/c9f04159-56d6-481d-b69c-b3c896afe5e8/sm/snapshot.1_6
2019-10-02 11:49:15,589 [grpc-default-executor-8] INFO  impl.FollowerInfo (FollowerInfo.java:lambda$new$0(51)) - 51b5bcf3-deaf-4700-bbe7-a90669d5eae5@group-B3C896AFE5E8->f5ed4042-bdcb-4116-b59c-a85f6d1f58b0: nextIndex: updateUnconditionally 7 -> 6
2019-10-02 11:49:15,608 [51b5bcf3-deaf-4700-bbe7-a90669d5eae5@group-B3C896AFE5E8-StateMachineUpdater] INFO  ratis.ContainerStateMachine (ContainerStateMachine.java:takeSnapshot(300)) - group-B3C896AFE5E8: Finished taking a snapshot at:(t:1, i:6) file:/workdir/hadoop-ozone/integration-test/target/test-dir/MiniOzoneClusterImpl-fed8c003-1200-44bf-ac4e-1089d90acbae/datanode-3/data/ratis/c9f04159-56d6-481d-b69c-b3c896afe5e8/sm/snapshot.1_6 time:20
2019-10-02 11:49:15,608 [510cfd7b-3107-4a0d-8519-c4ac68a6e374@group-EDBDEA049EE4-StateMachineUpdater] INFO  ratis.ContainerStateMachine (ContainerStateMachine.java:takeSnapshot(300)) - group-EDBDEA049EE4: Finished taking a snapshot at:(t:1, i:6) file:/workdir/hadoop-ozone/integration-test/target/test-dir/MiniOzoneClusterImpl-fed8c003-1200-44bf-ac4e-1089d90acbae/datanode-2/data/ratis/fc9d5f4e-9ab3-4009-a5df-edbdea049ee4/sm/snapshot.1_6 time:39
2019-10-02 11:49:15,608 [51b5bcf3-deaf-4700-bbe7-a90669d5eae5@group-B3C896AFE5E8-StateMachineUpdater] INFO  impl.StateMachineUpdater (StateMachineUpdater.java:takeSnapshot(269)) - 51b5bcf3-deaf-4700-bbe7-a90669d5eae5@group-B3C896AFE5E8-StateMachineUpdater: Took a snapshot at index 6
2019-10-02 11:49:15,608 [51b5bcf3-deaf-4700-bbe7-a90669d5eae5@group-B3C896AFE5E8-StateMachineUpdater] INFO  impl.StateMachineUpdater (StateMachineUpdater.java:lambda$new$0(84)) - 51b5bcf3-deaf-4700-bbe7-a90669d5eae5@group-B3C896AFE5E8-StateMachineUpdater: snapshotIndex: updateIncreasingly -1 -> 6
2019-10-02 11:49:15,608 [510cfd7b-3107-4a0d-8519-c4ac68a6e374@group-EDBDEA049EE4-StateMachineUpdater] INFO  impl.StateMachineUpdater (StateMachineUpdater.java:takeSnapshot(269)) - 510cfd7b-3107-4a0d-8519-c4ac68a6e374@group-EDBDEA049EE4-StateMachineUpdater: Took a snapshot at index 6
2019-10-02 11:49:15,608 [510cfd7b-3107-4a0d-8519-c4ac68a6e374@group-EDBDEA049EE4-StateMachineUpdater] INFO  impl.StateMachineUpdater (StateMachineUpdater.java:lambda$new$0(84)) - 510cfd7b-3107-4a0d-8519-c4ac68a6e374@group-EDBDEA049EE4-StateMachineUpdater: snapshotIndex: updateIncreasingly -1 -> 6
2019-10-02 11:49:15,608 [main] INFO  impl.RaftServerImpl (ServerState.java:close(387)) - 51b5bcf3-deaf-4700-bbe7-a90669d5eae5@group-B3C896AFE5E8: closes. applyIndex: 6
2019-10-02 11:49:15,609 [ForkJoinPool.commonPool-worker-0] INFO  impl.RaftServerImpl (ServerState.java:close(387)) - 510cfd7b-3107-4a0d-8519-c4ac68a6e374@group-EDBDEA049EE4: closes. applyIndex: 6
2019-10-02 11:49:15,609 [51b5bcf3-deaf-4700-bbe7-a90669d5eae5@group-B3C896AFE5E8-SegmentedRaftLogWorker] INFO  segmented.SegmentedRaftLogWorker (SegmentedRaftLogWorker.java:run(316)) - 51b5bcf3-deaf-4700-bbe7-a90669d5eae5@group-B3C896AFE5E8-SegmentedRaftLogWorker was interrupted, exiting. There are 0 tasks remaining in the queue.
2019-10-02 11:49:15,609 [510cfd7b-3107-4a0d-8519-c4ac68a6e374@group-EDBDEA049EE4-SegmentedRaftLogWorker] INFO  segmented.SegmentedRaftLogWorker (SegmentedRaftLogWorker.java:run(316)) - 510cfd7b-3107-4a0d-8519-c4ac68a6e374@group-EDBDEA049EE4-SegmentedRaftLogWorker was interrupted, exiting. There are 0 tasks remaining in the queue.
2019-10-02 11:49:15,611 [main] INFO  segmented.SegmentedRaftLogWorker (SegmentedRaftLogWorker.java:close(224)) - 51b5bcf3-deaf-4700-bbe7-a90669d5eae5@group-B3C896AFE5E8-SegmentedRaftLogWorker close()
2019-10-02 11:49:15,612 [ForkJoinPool.commonPool-worker-0] INFO  segmented.SegmentedRaftLogWorker (SegmentedRaftLogWorker.java:close(224)) - 510cfd7b-3107-4a0d-8519-c4ac68a6e374@group-EDBDEA049EE4-SegmentedRaftLogWorker close()
2019-10-02 11:49:15,615 [main] INFO  impl.RaftServerImpl (RaftServerImpl.java:lambda$shutdown$3(247)) - 51b5bcf3-deaf-4700-bbe7-a90669d5eae5@group-2E6A0C5090CE: shutdown
2019-10-02 11:49:15,623 [ForkJoinPool.commonPool-worker-0] INFO  server.GrpcService (GrpcService.java:closeImpl(164)) - 510cfd7b-3107-4a0d-8519-c4ac68a6e374: shutdown server with port 42315 now
2019-10-02 11:49:15,623 [main] INFO  util.JmxRegister (JmxRegister.java:unregister(73)) - Successfully un-registered JMX Bean with object name Ratis:service=RaftServer,group=group-2E6A0C5090CE,id=51b5bcf3-deaf-4700-bbe7-a90669d5eae5
2019-10-02 11:49:15,623 [main] INFO  impl.RoleInfo (RoleInfo.java:shutdownLeaderState(104)) - 51b5bcf3-deaf-4700-bbe7-a90669d5eae5: shutdown LeaderState
2019-10-02 11:49:15,624 [main] INFO  impl.PendingRequests (PendingRequests.java:sendNotLeaderResponses(202)) - 51b5bcf3-deaf-4700-bbe7-a90669d5eae5@group-2E6A0C5090CE-PendingRequests: sendNotLeaderResponses
2019-10-02 11:49:15,624 [ForkJoinPool.commonPool-worker-0] INFO  server.GrpcService (GrpcService.java:closeImpl(172)) - 510cfd7b-3107-4a0d-8519-c4ac68a6e374: shutdown server with port 42315 successfully
2019-10-02 11:49:15,624 [grpc-default-executor-10] WARN  client.GrpcClientProtocolService (LogUtils.java:warn(134)) - 3-UnorderedRequestStreamObserver3: onError: org.apache.ratis.thirdparty.io.grpc.StatusRuntimeException: CANCELLED: cancelled before receiving half close
2019-10-02 11:49:15,624 [main] INFO  impl.StateMachineUpdater (StateMachineUpdater.java:stopAndJoin(136)) - 51b5bcf3-deaf-4700-bbe7-a90669d5eae5@group-2E6A0C5090CE-StateMachineUpdater: set stopIndex = 0
2019-10-02 11:49:15,624 [main] INFO  impl.RaftServerImpl (ServerState.java:close(387)) - 51b5bcf3-deaf-4700-bbe7-a90669d5eae5@group-2E6A0C5090CE: closes. applyIndex: 0
2019-10-02 11:49:15,625 [51b5bcf3-deaf-4700-bbe7-a90669d5eae5@group-2E6A0C5090CE-SegmentedRaftLogWorker] INFO  segmented.SegmentedRaftLogWorker (SegmentedRaftLogWorker.java:run(316)) - 51b5bcf3-deaf-4700-bbe7-a90669d5eae5@group-2E6A0C5090CE-SegmentedRaftLogWorker was interrupted, exiting. There are 0 tasks remaining in the queue.
2019-10-02 11:49:15,627 [main] INFO  segmented.SegmentedRaftLogWorker (SegmentedRaftLogWorker.java:close(224)) - 51b5bcf3-deaf-4700-bbe7-a90669d5eae5@group-2E6A0C5090CE-SegmentedRaftLogWorker close()
2019-10-02 11:49:15,628 [main] INFO  server.GrpcService (GrpcService.java:closeImpl(164)) - 51b5bcf3-deaf-4700-bbe7-a90669d5eae5: shutdown server with port 44712 now
2019-10-02 11:49:15,629 [main] INFO  server.GrpcService (GrpcService.java:closeImpl(172)) - 51b5bcf3-deaf-4700-bbe7-a90669d5eae5: shutdown server with port 44712 successfully
2019-10-02 11:49:15,629 [refreshUsed-/workdir/hadoop-ozone/integration-test/target/test-dir/MiniOzoneClusterImpl-fed8c003-1200-44bf-ac4e-1089d90acbae/datanode-2/data/containers] WARN  fs.CachingGetSpaceUsed (CachingGetSpaceUsed.java:run(183)) - Thread Interrupted waiting to refresh disk information: sleep interrupted
2019-10-02 11:49:15,631 [refreshUsed-/workdir/hadoop-ozone/integration-test/target/test-dir/MiniOzoneClusterImpl-fed8c003-1200-44bf-ac4e-1089d90acbae/datanode-3/data/containers] WARN  fs.CachingGetSpaceUsed (CachingGetSpaceUsed.java:run(183)) - Thread Interrupted waiting to refresh disk information: sleep interrupted
2019-10-02 11:49:15,646 [ForkJoinPool.commonPool-worker-0] INFO  utils.BackgroundService (BackgroundService.java:shutdown(148)) - Shutting down service BlockDeletingService
2019-10-02 11:49:15,653 [ForkJoinPool.commonPool-worker-0] INFO  statemachine.DatanodeStateMachine (DatanodeStateMachine.java:stopDaemon(395)) - Ozone container server stopped.
2019-10-02 11:49:15,658 [ForkJoinPool.commonPool-worker-0] INFO  handler.ContextHandler (ContextHandler.java:doStop(910)) - Stopped o.e.j.w.WebAppContext@1d55dd21{/,null,UNAVAILABLE}{/hddsDatanode}
2019-10-02 11:49:15,659 [main] INFO  utils.BackgroundService (BackgroundService.java:shutdown(148)) - Shutting down service BlockDeletingService
2019-10-02 11:49:15,659 [ForkJoinPool.commonPool-worker-0] INFO  server.AbstractConnector (AbstractConnector.java:doStop(318)) - Stopped ServerConnector@7d6c4079{HTTP/1.1,[http/1.1]}{0.0.0.0:0}
2019-10-02 11:49:15,662 [ForkJoinPool.commonPool-worker-0] INFO  handler.ContextHandler (ContextHandler.java:doStop(910)) - Stopped o.e.j.s.ServletContextHandler@682266d8{/static,jar:file:/home/user/.m2/repository/org/apache/hadoop/hadoop-hdds-container-service/0.5.0-SNAPSHOT/hadoop-hdds-container-service-0.5.0-SNAPSHOT.jar!/webapps/static,UNAVAILABLE}
2019-10-02 11:49:15,663 [main] INFO  statemachine.DatanodeStateMachine (DatanodeStateMachine.java:stopDaemon(395)) - Ozone container server stopped.
2019-10-02 11:49:15,666 [main] INFO  handler.ContextHandler (ContextHandler.java:doStop(910)) - Stopped o.e.j.w.WebAppContext@4a833595{/,null,UNAVAILABLE}{/hddsDatanode}
2019-10-02 11:49:15,666 [main] INFO  server.AbstractConnector (AbstractConnector.java:doStop(318)) - Stopped ServerConnector@31006a75{HTTP/1.1,[http/1.1]}{0.0.0.0:0}
2019-10-02 11:49:15,666 [main] INFO  handler.ContextHandler (ContextHandler.java:doStop(910)) - Stopped o.e.j.s.ServletContextHandler@75cacb3e{/static,jar:file:/home/user/.m2/repository/org/apache/hadoop/hadoop-hdds-container-service/0.5.0-SNAPSHOT/hadoop-hdds-container-service-0.5.0-SNAPSHOT.jar!/webapps/static,UNAVAILABLE}
2019-10-02 11:49:15,665 [ForkJoinPool.commonPool-worker-0] INFO  handler.ContextHandler (ContextHandler.java:doStop(910)) - Stopped o.e.j.s.ServletContextHandler@45707f76{/logs,file:///workdir/hadoop-ozone/integration-test/target/log,UNAVAILABLE}
2019-10-02 11:49:15,667 [main] INFO  handler.ContextHandler (ContextHandler.java:doStop(910)) - Stopped o.e.j.s.ServletContextHandler@278de2b2{/logs,file:///workdir/hadoop-ozone/integration-test/target/log,UNAVAILABLE}
2019-10-02 11:49:16,088 [Datanode State Machine Thread - 0] INFO  statemachine.DatanodeStateMachine (DatanodeStateMachine.java:lambda$startDaemon$0(350)) - Ozone container server started.
2019-10-02 11:49:16,335 [Datanode State Machine Thread - 0] INFO  statemachine.DatanodeStateMachine (DatanodeStateMachine.java:lambda$startDaemon$0(350)) - Ozone container server started.
2019-10-02 11:49:20,165 [EventQueue-StaleNodeForStaleNodeHandler] INFO  node.StaleNodeHandler (StaleNodeHandler.java:onMessage(58)) - Datanode 113bc92a-68bb-4892-8ddf-fb6b0142bd31{ip: 192.168.164.220, host: pr-hdds-2225-rpdbg-2298847827, networkLocation: /default-rack, certSerialId: null} moved to stale state. Finalizing its pipelines [PipelineID=a9e8188d-229e-400a-be93-6a1b969791cb, PipelineID=fc9d5f4e-9ab3-4009-a5df-edbdea049ee4]
2019-10-02 11:49:20,166 [EventQueue-StaleNodeForStaleNodeHandler] INFO  pipeline.SCMPipelineManager (SCMPipelineManager.java:finalizeAndDestroyPipeline(315)) - destroying pipeline:Pipeline[ Id: a9e8188d-229e-400a-be93-6a1b969791cb, Nodes: 113bc92a-68bb-4892-8ddf-fb6b0142bd31{ip: 192.168.164.220, host: pr-hdds-2225-rpdbg-2298847827, networkLocation: /default-rack, certSerialId: null}, Type:RATIS, Factor:ONE, State:OPEN]
2019-10-02 11:49:20,166 [EventQueue-StaleNodeForStaleNodeHandler] INFO  pipeline.PipelineStateManager (PipelineStateManager.java:finalizePipeline(123)) - Pipeline Pipeline[ Id: a9e8188d-229e-400a-be93-6a1b969791cb, Nodes: 113bc92a-68bb-4892-8ddf-fb6b0142bd31{ip: 192.168.164.220, host: pr-hdds-2225-rpdbg-2298847827, networkLocation: /default-rack, certSerialId: null}, Type:RATIS, Factor:ONE, State:CLOSED] moved to CLOSED state
2019-10-02 11:49:20,167 [EventQueue-StaleNodeForStaleNodeHandler] INFO  pipeline.SCMPipelineManager (SCMPipelineManager.java:finalizeAndDestroyPipeline(315)) - destroying pipeline:Pipeline[ Id: fc9d5f4e-9ab3-4009-a5df-edbdea049ee4, Nodes: 510cfd7b-3107-4a0d-8519-c4ac68a6e374{ip: 192.168.164.220, host: pr-hdds-2225-rpdbg-2298847827, networkLocation: /default-rack, certSerialId: null}113bc92a-68bb-4892-8ddf-fb6b0142bd31{ip: 192.168.164.220, host: pr-hdds-2225-rpdbg-2298847827, networkLocation: /default-rack, certSerialId: null}ef506d76-330f-4ecf-9b72-dea24feabbc3{ip: 192.168.164.220, host: pr-hdds-2225-rpdbg-2298847827, networkLocation: /default-rack, certSerialId: null}, Type:RATIS, Factor:THREE, State:CLOSED]
2019-10-02 11:49:20,365 [EventQueue-StaleNodeForStaleNodeHandler] INFO  node.StaleNodeHandler (StaleNodeHandler.java:onMessage(58)) - Datanode b904d534-84ec-43ec-bb8d-e5221933083a{ip: 192.168.164.220, host: pr-hdds-2225-rpdbg-2298847827, networkLocation: /default-rack, certSerialId: null} moved to stale state. Finalizing its pipelines []
2019-10-02 11:49:20,669 [main] INFO  ozoneimpl.OzoneContainer (OzoneContainer.java:stop(231)) - Attempting to stop container services.
2019-10-02 11:49:20,669 [ForkJoinPool.commonPool-worker-0] INFO  ozoneimpl.OzoneContainer (OzoneContainer.java:stop(231)) - Attempting to stop container services.
2019-10-02 11:49:20,672 [main] INFO  impl.RaftServerProxy (RaftServerProxy.java:lambda$close$4(314)) - b904d534-84ec-43ec-bb8d-e5221933083a: close
2019-10-02 11:49:20,672 [ForkJoinPool.commonPool-worker-0] INFO  impl.RaftServerProxy (RaftServerProxy.java:lambda$close$4(314)) - 113bc92a-68bb-4892-8ddf-fb6b0142bd31: close
2019-10-02 11:49:20,674 [main] INFO  server.GrpcService (GrpcService.java:closeImpl(164)) - b904d534-84ec-43ec-bb8d-e5221933083a: shutdown server with port 42279 now
2019-10-02 11:49:20,674 [ForkJoinPool.commonPool-worker-0] INFO  impl.RaftServerImpl (RaftServerImpl.java:lambda$shutdown$3(247)) - 113bc92a-68bb-4892-8ddf-fb6b0142bd31@group-6A1B969791CB: shutdown
2019-10-02 11:49:20,674 [main] INFO  server.GrpcService (GrpcService.java:closeImpl(172)) - b904d534-84ec-43ec-bb8d-e5221933083a: shutdown server with port 42279 successfully
2019-10-02 11:49:20,674 [ForkJoinPool.commonPool-worker-0] INFO  util.JmxRegister (JmxRegister.java:unregister(73)) - Successfully un-registered JMX Bean with object name Ratis:service=RaftServer,group=group-6A1B969791CB,id=113bc92a-68bb-4892-8ddf-fb6b0142bd31
2019-10-02 11:49:20,675 [ForkJoinPool.commonPool-worker-0] INFO  impl.RoleInfo (RoleInfo.java:shutdownLeaderState(104)) - 113bc92a-68bb-4892-8ddf-fb6b0142bd31: shutdown LeaderState
2019-10-02 11:49:20,675 [ForkJoinPool.commonPool-worker-0] INFO  impl.PendingRequests (PendingRequests.java:sendNotLeaderResponses(202)) - 113bc92a-68bb-4892-8ddf-fb6b0142bd31@group-6A1B969791CB-PendingRequests: sendNotLeaderResponses
2019-10-02 11:49:20,676 [ForkJoinPool.commonPool-worker-0] INFO  impl.StateMachineUpdater (StateMachineUpdater.java:stopAndJoin(136)) - 113bc92a-68bb-4892-8ddf-fb6b0142bd31@group-6A1B969791CB-StateMachineUpdater: set stopIndex = 0
2019-10-02 11:49:20,677 [ForkJoinPool.commonPool-worker-0] INFO  impl.RaftServerImpl (ServerState.java:close(387)) - 113bc92a-68bb-4892-8ddf-fb6b0142bd31@group-6A1B969791CB: closes. applyIndex: 0
2019-10-02 11:49:20,677 [113bc92a-68bb-4892-8ddf-fb6b0142bd31@group-6A1B969791CB-SegmentedRaftLogWorker] INFO  segmented.SegmentedRaftLogWorker (SegmentedRaftLogWorker.java:run(316)) - 113bc92a-68bb-4892-8ddf-fb6b0142bd31@group-6A1B969791CB-SegmentedRaftLogWorker was interrupted, exiting. There are 0 tasks remaining in the queue.
2019-10-02 11:49:20,688 [ForkJoinPool.commonPool-worker-0] INFO  segmented.SegmentedRaftLogWorker (SegmentedRaftLogWorker.java:close(224)) - 113bc92a-68bb-4892-8ddf-fb6b0142bd31@group-6A1B969791CB-SegmentedRaftLogWorker close()
2019-10-02 11:49:20,688 [refreshUsed-/workdir/hadoop-ozone/integration-test/target/test-dir/MiniOzoneClusterImpl-fed8c003-1200-44bf-ac4e-1089d90acbae/datanode-6/data/containers] WARN  fs.CachingGetSpaceUsed (CachingGetSpaceUsed.java:run(183)) - Thread Interrupted waiting to refresh disk information: sleep interrupted
2019-10-02 11:49:20,690 [ForkJoinPool.commonPool-worker-0] INFO  impl.RaftServerImpl (RaftServerImpl.java:lambda$shutdown$3(247)) - 113bc92a-68bb-4892-8ddf-fb6b0142bd31@group-EDBDEA049EE4: shutdown
2019-10-02 11:49:20,690 [ForkJoinPool.commonPool-worker-0] INFO  util.JmxRegister (JmxRegister.java:unregister(73)) - Successfully un-registered JMX Bean with object name Ratis:service=RaftServer,group=group-EDBDEA049EE4,id=113bc92a-68bb-4892-8ddf-fb6b0142bd31
2019-10-02 11:49:20,691 [ForkJoinPool.commonPool-worker-0] INFO  impl.RoleInfo (RoleInfo.java:shutdownFollowerState(121)) - 113bc92a-68bb-4892-8ddf-fb6b0142bd31: shutdown FollowerState
2019-10-02 11:49:20,691 [ForkJoinPool.commonPool-worker-0] INFO  impl.StateMachineUpdater (StateMachineUpdater.java:stopAndJoin(136)) - 113bc92a-68bb-4892-8ddf-fb6b0142bd31@group-EDBDEA049EE4-StateMachineUpdater: set stopIndex = 6
2019-10-02 11:49:20,691 [113bc92a-68bb-4892-8ddf-fb6b0142bd31@group-EDBDEA049EE4-StateMachineUpdater] INFO  ratis.ContainerStateMachine (ContainerStateMachine.java:takeSnapshot(289)) - group-EDBDEA049EE4: Taking a snapshot at:(t:1, i:6) file /workdir/hadoop-ozone/integration-test/target/test-dir/MiniOzoneClusterImpl-fed8c003-1200-44bf-ac4e-1089d90acbae/datanode-0/data/ratis/fc9d5f4e-9ab3-4009-a5df-edbdea049ee4/sm/snapshot.1_6
2019-10-02 11:49:20,691 [Thread-4627] INFO  impl.FollowerState (FollowerState.java:run(117)) - 113bc92a-68bb-4892-8ddf-fb6b0142bd31@group-EDBDEA049EE4-FollowerState was interrupted: java.lang.InterruptedException: sleep interrupted
2019-10-02 11:49:20,705 [main] INFO  utils.BackgroundService (BackgroundService.java:shutdown(148)) - Shutting down service BlockDeletingService
2019-10-02 11:49:20,708 [113bc92a-68bb-4892-8ddf-fb6b0142bd31@group-EDBDEA049EE4-StateMachineUpdater] INFO  ratis.ContainerStateMachine (ContainerStateMachine.java:takeSnapshot(300)) - group-EDBDEA049EE4: Finished taking a snapshot at:(t:1, i:6) file:/workdir/hadoop-ozone/integration-test/target/test-dir/MiniOzoneClusterImpl-fed8c003-1200-44bf-ac4e-1089d90acbae/datanode-0/data/ratis/fc9d5f4e-9ab3-4009-a5df-edbdea049ee4/sm/snapshot.1_6 time:17
2019-10-02 11:49:20,710 [main] INFO  statemachine.DatanodeStateMachine (DatanodeStateMachine.java:stopDaemon(395)) - Ozone container server stopped.
2019-10-02 11:49:20,710 [113bc92a-68bb-4892-8ddf-fb6b0142bd31@group-EDBDEA049EE4-StateMachineUpdater] INFO  impl.StateMachineUpdater (StateMachineUpdater.java:takeSnapshot(269)) - 113bc92a-68bb-4892-8ddf-fb6b0142bd31@group-EDBDEA049EE4-StateMachineUpdater: Took a snapshot at index 6
2019-10-02 11:49:20,710 [113bc92a-68bb-4892-8ddf-fb6b0142bd31@group-EDBDEA049EE4-StateMachineUpdater] INFO  impl.StateMachineUpdater (StateMachineUpdater.java:lambda$new$0(84)) - 113bc92a-68bb-4892-8ddf-fb6b0142bd31@group-EDBDEA049EE4-StateMachineUpdater: snapshotIndex: updateIncreasingly -1 -> 6
2019-10-02 11:49:20,710 [ForkJoinPool.commonPool-worker-0] INFO  impl.RaftServerImpl (ServerState.java:close(387)) - 113bc92a-68bb-4892-8ddf-fb6b0142bd31@group-EDBDEA049EE4: closes. applyIndex: 6
2019-10-02 11:49:20,711 [113bc92a-68bb-4892-8ddf-fb6b0142bd31@group-EDBDEA049EE4-SegmentedRaftLogWorker] INFO  segmented.SegmentedRaftLogWorker (SegmentedRaftLogWorker.java:run(316)) - 113bc92a-68bb-4892-8ddf-fb6b0142bd31@group-EDBDEA049EE4-SegmentedRaftLogWorker was interrupted, exiting. There are 0 tasks remaining in the queue.
2019-10-02 11:49:20,712 [ForkJoinPool.commonPool-worker-0] INFO  segmented.SegmentedRaftLogWorker (SegmentedRaftLogWorker.java:close(224)) - 113bc92a-68bb-4892-8ddf-fb6b0142bd31@group-EDBDEA049EE4-SegmentedRaftLogWorker close()
2019-10-02 11:49:20,722 [ForkJoinPool.commonPool-worker-0] INFO  server.GrpcService (GrpcService.java:closeImpl(164)) - 113bc92a-68bb-4892-8ddf-fb6b0142bd31: shutdown server with port 34673 now
2019-10-02 11:49:20,722 [main] INFO  handler.ContextHandler (ContextHandler.java:doStop(910)) - Stopped o.e.j.w.WebAppContext@6068ebb2{/,null,UNAVAILABLE}{/hddsDatanode}
2019-10-02 11:49:20,722 [ForkJoinPool.commonPool-worker-0] INFO  server.GrpcService (GrpcService.java:closeImpl(172)) - 113bc92a-68bb-4892-8ddf-fb6b0142bd31: shutdown server with port 34673 successfully
2019-10-02 11:49:20,723 [main] INFO  server.AbstractConnector (AbstractConnector.java:doStop(318)) - Stopped ServerConnector@5a466dd{HTTP/1.1,[http/1.1]}{0.0.0.0:0}
2019-10-02 11:49:20,723 [main] INFO  handler.ContextHandler (ContextHandler.java:doStop(910)) - Stopped o.e.j.s.ServletContextHandler@7d3c22a5{/static,jar:file:/home/user/.m2/repository/org/apache/hadoop/hadoop-hdds-container-service/0.5.0-SNAPSHOT/hadoop-hdds-container-service-0.5.0-SNAPSHOT.jar!/webapps/static,UNAVAILABLE}
2019-10-02 11:49:20,724 [refreshUsed-/workdir/hadoop-ozone/integration-test/target/test-dir/MiniOzoneClusterImpl-fed8c003-1200-44bf-ac4e-1089d90acbae/datanode-0/data/containers] WARN  fs.CachingGetSpaceUsed (CachingGetSpaceUsed.java:run(183)) - Thread Interrupted waiting to refresh disk information: sleep interrupted
2019-10-02 11:49:20,724 [main] INFO  handler.ContextHandler (ContextHandler.java:doStop(910)) - Stopped o.e.j.s.ServletContextHandler@5c0e2ec{/logs,file:///workdir/hadoop-ozone/integration-test/target/log,UNAVAILABLE}
2019-10-02 11:49:20,736 [ForkJoinPool.commonPool-worker-0] INFO  utils.BackgroundService (BackgroundService.java:shutdown(148)) - Shutting down service BlockDeletingService
2019-10-02 11:49:20,746 [ForkJoinPool.commonPool-worker-0] INFO  statemachine.DatanodeStateMachine (DatanodeStateMachine.java:stopDaemon(395)) - Ozone container server stopped.
2019-10-02 11:49:20,751 [ForkJoinPool.commonPool-worker-0] INFO  handler.ContextHandler (ContextHandler.java:doStop(910)) - Stopped o.e.j.w.WebAppContext@3f0c6b3c{/,null,UNAVAILABLE}{/hddsDatanode}
2019-10-02 11:49:20,751 [ForkJoinPool.commonPool-worker-0] INFO  server.AbstractConnector (AbstractConnector.java:doStop(318)) - Stopped ServerConnector@416a4275{HTTP/1.1,[http/1.1]}{0.0.0.0:0}
2019-10-02 11:49:20,752 [ForkJoinPool.commonPool-worker-0] INFO  handler.ContextHandler (ContextHandler.java:doStop(910)) - Stopped o.e.j.s.ServletContextHandler@12448de1{/static,jar:file:/home/user/.m2/repository/org/apache/hadoop/hadoop-hdds-container-service/0.5.0-SNAPSHOT/hadoop-hdds-container-service-0.5.0-SNAPSHOT.jar!/webapps/static,UNAVAILABLE}
2019-10-02 11:49:20,753 [ForkJoinPool.commonPool-worker-0] INFO  handler.ContextHandler (ContextHandler.java:doStop(910)) - Stopped o.e.j.s.ServletContextHandler@134abd78{/logs,file:///workdir/hadoop-ozone/integration-test/target/log,UNAVAILABLE}
2019-10-02 11:49:21,346 [Datanode State Machine Thread - 0] INFO  statemachine.DatanodeStateMachine (DatanodeStateMachine.java:lambda$startDaemon$0(350)) - Ozone container server started.
2019-10-02 11:49:22,696 [Thread-4647] INFO  impl.FollowerState (FollowerState.java:run(108)) - f5ed4042-bdcb-4116-b59c-a85f6d1f58b0@group-B3C896AFE5E8-FollowerState: change to CANDIDATE, lastRpcTime:7302ms, electionTimeout:5044ms
2019-10-02 11:49:22,696 [Thread-4647] INFO  impl.RoleInfo (RoleInfo.java:shutdownFollowerState(121)) - f5ed4042-bdcb-4116-b59c-a85f6d1f58b0: shutdown FollowerState
2019-10-02 11:49:22,696 [Thread-4647] INFO  impl.RaftServerImpl (RaftServerImpl.java:setRole(170)) - f5ed4042-bdcb-4116-b59c-a85f6d1f58b0@group-B3C896AFE5E8: changes role from  FOLLOWER to CANDIDATE at term 1 for changeToCandidate
2019-10-02 11:49:22,696 [Thread-4647] INFO  impl.RoleInfo (RoleInfo.java:updateAndGet(143)) - f5ed4042-bdcb-4116-b59c-a85f6d1f58b0: start LeaderElection
2019-10-02 11:49:22,699 [f5ed4042-bdcb-4116-b59c-a85f6d1f58b0@group-B3C896AFE5E8-LeaderElection120] INFO  impl.RaftServerImpl (ServerState.java:setLeader(255)) - f5ed4042-bdcb-4116-b59c-a85f6d1f58b0@group-B3C896AFE5E8: change Leader from 51b5bcf3-deaf-4700-bbe7-a90669d5eae5 to null at term 1 for initElection
2019-10-02 11:49:22,714 [f5ed4042-bdcb-4116-b59c-a85f6d1f58b0@group-B3C896AFE5E8-LeaderElection120] INFO  impl.LeaderElection (LeaderElection.java:askForVotes(178)) - f5ed4042-bdcb-4116-b59c-a85f6d1f58b0@group-B3C896AFE5E8-LeaderElection120: begin an election at term 2 for 0: [f5ed4042-bdcb-4116-b59c-a85f6d1f58b0:192.168.164.220:35225, 50fccacf-7ba1-4d43-bfe6-78d7deac3c07:192.168.164.220:42145, 51b5bcf3-deaf-4700-bbe7-a90669d5eae5:192.168.164.220:44712], old=null
2019-10-02 11:49:22,716 [f5ed4042-bdcb-4116-b59c-a85f6d1f58b0@group-B3C896AFE5E8-LeaderElection120] INFO  impl.LeaderElection (LogUtils.java:infoOrTrace(149)) - f5ed4042-bdcb-4116-b59c-a85f6d1f58b0@group-B3C896AFE5E8-LeaderElection120 got exception when requesting votes: {}
java.util.concurrent.ExecutionException: org.apache.ratis.thirdparty.io.grpc.StatusRuntimeException: UNAVAILABLE: io exception
	at java.util.concurrent.FutureTask.report(FutureTask.java:122)
	at java.util.concurrent.FutureTask.get(FutureTask.java:192)
	at org.apache.ratis.server.impl.LeaderElection.waitForResults(LeaderElection.java:259)
	at org.apache.ratis.server.impl.LeaderElection.askForVotes(LeaderElection.java:197)
	at org.apache.ratis.server.impl.LeaderElection.run(LeaderElection.java:133)
	at java.lang.Thread.run(Thread.java:748)
Caused by: org.apache.ratis.thirdparty.io.grpc.StatusRuntimeException: UNAVAILABLE: io exception
	at org.apache.ratis.thirdparty.io.grpc.stub.ClientCalls.toStatusRuntimeException(ClientCalls.java:233)
	at org.apache.ratis.thirdparty.io.grpc.stub.ClientCalls.getUnchecked(ClientCalls.java:214)
	at org.apache.ratis.thirdparty.io.grpc.stub.ClientCalls.blockingUnaryCall(ClientCalls.java:139)
	at org.apache.ratis.proto.grpc.RaftServerProtocolServiceGrpc$RaftServerProtocolServiceBlockingStub.requestVote(RaftServerProtocolServiceGrpc.java:265)
	at org.apache.ratis.grpc.server.GrpcServerProtocolClient.requestVote(GrpcServerProtocolClient.java:99)
	at org.apache.ratis.grpc.server.GrpcService.requestVote(GrpcService.java:204)
	at org.apache.ratis.server.impl.LeaderElection.lambda$submitRequests$1(LeaderElection.java:234)
	at java.util.concurrent.FutureTask.run(FutureTask.java:266)
	at java.util.concurrent.Executors$RunnableAdapter.call(Executors.java:511)
	at java.util.concurrent.FutureTask.run(FutureTask.java:266)
	at java.util.concurrent.ThreadPoolExecutor.runWorker(ThreadPoolExecutor.java:1149)
	at java.util.concurrent.ThreadPoolExecutor$Worker.run(ThreadPoolExecutor.java:624)
	... 1 more
Caused by: org.apache.ratis.thirdparty.io.netty.channel.AbstractChannel$AnnotatedConnectException: Connection refused: /192.168.164.220:44712
	at sun.nio.ch.SocketChannelImpl.checkConnect(Native Method)
	at sun.nio.ch.SocketChannelImpl.finishConnect(SocketChannelImpl.java:717)
	at org.apache.ratis.thirdparty.io.netty.channel.socket.nio.NioSocketChannel.doFinishConnect(NioSocketChannel.java:327)
	at org.apache.ratis.thirdparty.io.netty.channel.nio.AbstractNioChannel$AbstractNioUnsafe.finishConnect(AbstractNioChannel.java:340)
	at org.apache.ratis.thirdparty.io.netty.channel.nio.NioEventLoop.processSelectedKey(NioEventLoop.java:632)
	at org.apache.ratis.thirdparty.io.netty.channel.nio.NioEventLoop.processSelectedKeysOptimized(NioEventLoop.java:579)
	at org.apache.ratis.thirdparty.io.netty.channel.nio.NioEventLoop.processSelectedKeys(NioEventLoop.java:496)
	at org.apache.ratis.thirdparty.io.netty.channel.nio.NioEventLoop.run(NioEventLoop.java:458)
	at org.apache.ratis.thirdparty.io.netty.util.concurrent.SingleThreadEventExecutor$5.run(SingleThreadEventExecutor.java:897)
	at org.apache.ratis.thirdparty.io.netty.util.concurrent.FastThreadLocalRunnable.run(FastThreadLocalRunnable.java:30)
	... 1 more
Caused by: java.net.ConnectException: Connection refused
	... 11 more
2019-10-02 11:49:22,718 [f5ed4042-bdcb-4116-b59c-a85f6d1f58b0@group-B3C896AFE5E8-LeaderElection120] INFO  impl.LeaderElection (LogUtils.java:infoOrTrace(149)) - f5ed4042-bdcb-4116-b59c-a85f6d1f58b0@group-B3C896AFE5E8-LeaderElection120 got exception when requesting votes: {}
java.util.concurrent.ExecutionException: org.apache.ratis.thirdparty.io.grpc.StatusRuntimeException: UNAVAILABLE: io exception
	at java.util.concurrent.FutureTask.report(FutureTask.java:122)
	at java.util.concurrent.FutureTask.get(FutureTask.java:192)
	at org.apache.ratis.server.impl.LeaderElection.waitForResults(LeaderElection.java:259)
	at org.apache.ratis.server.impl.LeaderElection.askForVotes(LeaderElection.java:197)
	at org.apache.ratis.server.impl.LeaderElection.run(LeaderElection.java:133)
	at java.lang.Thread.run(Thread.java:748)
Caused by: org.apache.ratis.thirdparty.io.grpc.StatusRuntimeException: UNAVAILABLE: io exception
	at org.apache.ratis.thirdparty.io.grpc.stub.ClientCalls.toStatusRuntimeException(ClientCalls.java:233)
	at org.apache.ratis.thirdparty.io.grpc.stub.ClientCalls.getUnchecked(ClientCalls.java:214)
	at org.apache.ratis.thirdparty.io.grpc.stub.ClientCalls.blockingUnaryCall(ClientCalls.java:139)
	at org.apache.ratis.proto.grpc.RaftServerProtocolServiceGrpc$RaftServerProtocolServiceBlockingStub.requestVote(RaftServerProtocolServiceGrpc.java:265)
	at org.apache.ratis.grpc.server.GrpcServerProtocolClient.requestVote(GrpcServerProtocolClient.java:99)
	at org.apache.ratis.grpc.server.GrpcService.requestVote(GrpcService.java:204)
	at org.apache.ratis.server.impl.LeaderElection.lambda$submitRequests$1(LeaderElection.java:234)
	at java.util.concurrent.FutureTask.run(FutureTask.java:266)
	at java.util.concurrent.Executors$RunnableAdapter.call(Executors.java:511)
	at java.util.concurrent.FutureTask.run(FutureTask.java:266)
	at java.util.concurrent.ThreadPoolExecutor.runWorker(ThreadPoolExecutor.java:1149)
	at java.util.concurrent.ThreadPoolExecutor$Worker.run(ThreadPoolExecutor.java:624)
	... 1 more
Caused by: org.apache.ratis.thirdparty.io.netty.channel.AbstractChannel$AnnotatedConnectException: Connection refused: /192.168.164.220:42145
	at sun.nio.ch.SocketChannelImpl.checkConnect(Native Method)
	at sun.nio.ch.SocketChannelImpl.finishConnect(SocketChannelImpl.java:717)
	at org.apache.ratis.thirdparty.io.netty.channel.socket.nio.NioSocketChannel.doFinishConnect(NioSocketChannel.java:327)
	at org.apache.ratis.thirdparty.io.netty.channel.nio.AbstractNioChannel$AbstractNioUnsafe.finishConnect(AbstractNioChannel.java:340)
	at org.apache.ratis.thirdparty.io.netty.channel.nio.NioEventLoop.processSelectedKey(NioEventLoop.java:632)
	at org.apache.ratis.thirdparty.io.netty.channel.nio.NioEventLoop.processSelectedKeysOptimized(NioEventLoop.java:579)
	at org.apache.ratis.thirdparty.io.netty.channel.nio.NioEventLoop.processSelectedKeys(NioEventLoop.java:496)
	at org.apache.ratis.thirdparty.io.netty.channel.nio.NioEventLoop.run(NioEventLoop.java:458)
	at org.apache.ratis.thirdparty.io.netty.util.concurrent.SingleThreadEventExecutor$5.run(SingleThreadEventExecutor.java:897)
	at org.apache.ratis.thirdparty.io.netty.util.concurrent.FastThreadLocalRunnable.run(FastThreadLocalRunnable.java:30)
	... 1 more
Caused by: java.net.ConnectException: Connection refused
	... 11 more
2019-10-02 11:49:22,719 [f5ed4042-bdcb-4116-b59c-a85f6d1f58b0@group-B3C896AFE5E8-LeaderElection120] INFO  impl.LeaderElection (LeaderElection.java:logAndReturn(56)) - f5ed4042-bdcb-4116-b59c-a85f6d1f58b0@group-B3C896AFE5E8-LeaderElection120: Election REJECTED; received 0 response(s) [] and 2 exception(s); f5ed4042-bdcb-4116-b59c-a85f6d1f58b0@group-B3C896AFE5E8:t2, leader=null, voted=f5ed4042-bdcb-4116-b59c-a85f6d1f58b0, raftlog=f5ed4042-bdcb-4116-b59c-a85f6d1f58b0@group-B3C896AFE5E8-SegmentedRaftLog:OPENED:c6,f6,i6, conf=0: [f5ed4042-bdcb-4116-b59c-a85f6d1f58b0:192.168.164.220:35225, 50fccacf-7ba1-4d43-bfe6-78d7deac3c07:192.168.164.220:42145, 51b5bcf3-deaf-4700-bbe7-a90669d5eae5:192.168.164.220:44712], old=null
2019-10-02 11:49:22,720 [f5ed4042-bdcb-4116-b59c-a85f6d1f58b0@group-B3C896AFE5E8-LeaderElection120] INFO  impl.LeaderElection (LogUtils.java:infoOrTrace(149)) -   Exception 0: {}
java.util.concurrent.ExecutionException: org.apache.ratis.thirdparty.io.grpc.StatusRuntimeException: UNAVAILABLE: io exception
	at java.util.concurrent.FutureTask.report(FutureTask.java:122)
	at java.util.concurrent.FutureTask.get(FutureTask.java:192)
	at org.apache.ratis.server.impl.LeaderElection.waitForResults(LeaderElection.java:259)
	at org.apache.ratis.server.impl.LeaderElection.askForVotes(LeaderElection.java:197)
	at org.apache.ratis.server.impl.LeaderElection.run(LeaderElection.java:133)
	at java.lang.Thread.run(Thread.java:748)
Caused by: org.apache.ratis.thirdparty.io.grpc.StatusRuntimeException: UNAVAILABLE: io exception
	at org.apache.ratis.thirdparty.io.grpc.stub.ClientCalls.toStatusRuntimeException(ClientCalls.java:233)
	at org.apache.ratis.thirdparty.io.grpc.stub.ClientCalls.getUnchecked(ClientCalls.java:214)
	at org.apache.ratis.thirdparty.io.grpc.stub.ClientCalls.blockingUnaryCall(ClientCalls.java:139)
	at org.apache.ratis.proto.grpc.RaftServerProtocolServiceGrpc$RaftServerProtocolServiceBlockingStub.requestVote(RaftServerProtocolServiceGrpc.java:265)
	at org.apache.ratis.grpc.server.GrpcServerProtocolClient.requestVote(GrpcServerProtocolClient.java:99)
	at org.apache.ratis.grpc.server.GrpcService.requestVote(GrpcService.java:204)
	at org.apache.ratis.server.impl.LeaderElection.lambda$submitRequests$1(LeaderElection.java:234)
	at java.util.concurrent.FutureTask.run(FutureTask.java:266)
	at java.util.concurrent.Executors$RunnableAdapter.call(Executors.java:511)
	at java.util.concurrent.FutureTask.run(FutureTask.java:266)
	at java.util.concurrent.ThreadPoolExecutor.runWorker(ThreadPoolExecutor.java:1149)
	at java.util.concurrent.ThreadPoolExecutor$Worker.run(ThreadPoolExecutor.java:624)
	... 1 more
Caused by: org.apache.ratis.thirdparty.io.netty.channel.AbstractChannel$AnnotatedConnectException: Connection refused: /192.168.164.220:44712
	at sun.nio.ch.SocketChannelImpl.checkConnect(Native Method)
	at sun.nio.ch.SocketChannelImpl.finishConnect(SocketChannelImpl.java:717)
	at org.apache.ratis.thirdparty.io.netty.channel.socket.nio.NioSocketChannel.doFinishConnect(NioSocketChannel.java:327)
	at org.apache.ratis.thirdparty.io.netty.channel.nio.AbstractNioChannel$AbstractNioUnsafe.finishConnect(AbstractNioChannel.java:340)
	at org.apache.ratis.thirdparty.io.netty.channel.nio.NioEventLoop.processSelectedKey(NioEventLoop.java:632)
	at org.apache.ratis.thirdparty.io.netty.channel.nio.NioEventLoop.processSelectedKeysOptimized(NioEventLoop.java:579)
	at org.apache.ratis.thirdparty.io.netty.channel.nio.NioEventLoop.processSelectedKeys(NioEventLoop.java:496)
	at org.apache.ratis.thirdparty.io.netty.channel.nio.NioEventLoop.run(NioEventLoop.java:458)
	at org.apache.ratis.thirdparty.io.netty.util.concurrent.SingleThreadEventExecutor$5.run(SingleThreadEventExecutor.java:897)
	at org.apache.ratis.thirdparty.io.netty.util.concurrent.FastThreadLocalRunnable.run(FastThreadLocalRunnable.java:30)
	... 1 more
Caused by: java.net.ConnectException: Connection refused
	... 11 more
2019-10-02 11:49:22,720 [f5ed4042-bdcb-4116-b59c-a85f6d1f58b0@group-B3C896AFE5E8-LeaderElection120] INFO  impl.LeaderElection (LogUtils.java:infoOrTrace(149)) -   Exception 1: {}
java.util.concurrent.ExecutionException: org.apache.ratis.thirdparty.io.grpc.StatusRuntimeException: UNAVAILABLE: io exception
	at java.util.concurrent.FutureTask.report(FutureTask.java:122)
	at java.util.concurrent.FutureTask.get(FutureTask.java:192)
	at org.apache.ratis.server.impl.LeaderElection.waitForResults(LeaderElection.java:259)
	at org.apache.ratis.server.impl.LeaderElection.askForVotes(LeaderElection.java:197)
	at org.apache.ratis.server.impl.LeaderElection.run(LeaderElection.java:133)
	at java.lang.Thread.run(Thread.java:748)
Caused by: org.apache.ratis.thirdparty.io.grpc.StatusRuntimeException: UNAVAILABLE: io exception
	at org.apache.ratis.thirdparty.io.grpc.stub.ClientCalls.toStatusRuntimeException(ClientCalls.java:233)
	at org.apache.ratis.thirdparty.io.grpc.stub.ClientCalls.getUnchecked(ClientCalls.java:214)
	at org.apache.ratis.thirdparty.io.grpc.stub.ClientCalls.blockingUnaryCall(ClientCalls.java:139)
	at org.apache.ratis.proto.grpc.RaftServerProtocolServiceGrpc$RaftServerProtocolServiceBlockingStub.requestVote(RaftServerProtocolServiceGrpc.java:265)
	at org.apache.ratis.grpc.server.GrpcServerProtocolClient.requestVote(GrpcServerProtocolClient.java:99)
	at org.apache.ratis.grpc.server.GrpcService.requestVote(GrpcService.java:204)
	at org.apache.ratis.server.impl.LeaderElection.lambda$submitRequests$1(LeaderElection.java:234)
	at java.util.concurrent.FutureTask.run(FutureTask.java:266)
	at java.util.concurrent.Executors$RunnableAdapter.call(Executors.java:511)
	at java.util.concurrent.FutureTask.run(FutureTask.java:266)
	at java.util.concurrent.ThreadPoolExecutor.runWorker(ThreadPoolExecutor.java:1149)
	at java.util.concurrent.ThreadPoolExecutor$Worker.run(ThreadPoolExecutor.java:624)
	... 1 more
Caused by: org.apache.ratis.thirdparty.io.netty.channel.AbstractChannel$AnnotatedConnectException: Connection refused: /192.168.164.220:42145
	at sun.nio.ch.SocketChannelImpl.checkConnect(Native Method)
	at sun.nio.ch.SocketChannelImpl.finishConnect(SocketChannelImpl.java:717)
	at org.apache.ratis.thirdparty.io.netty.channel.socket.nio.NioSocketChannel.doFinishConnect(NioSocketChannel.java:327)
	at org.apache.ratis.thirdparty.io.netty.channel.nio.AbstractNioChannel$AbstractNioUnsafe.finishConnect(AbstractNioChannel.java:340)
	at org.apache.ratis.thirdparty.io.netty.channel.nio.NioEventLoop.processSelectedKey(NioEventLoop.java:632)
	at org.apache.ratis.thirdparty.io.netty.channel.nio.NioEventLoop.processSelectedKeysOptimized(NioEventLoop.java:579)
	at org.apache.ratis.thirdparty.io.netty.channel.nio.NioEventLoop.processSelectedKeys(NioEventLoop.java:496)
	at org.apache.ratis.thirdparty.io.netty.channel.nio.NioEventLoop.run(NioEventLoop.java:458)
	at org.apache.ratis.thirdparty.io.netty.util.concurrent.SingleThreadEventExecutor$5.run(SingleThreadEventExecutor.java:897)
	at org.apache.ratis.thirdparty.io.netty.util.concurrent.FastThreadLocalRunnable.run(FastThreadLocalRunnable.java:30)
	... 1 more
Caused by: java.net.ConnectException: Connection refused
	... 11 more
2019-10-02 11:49:22,720 [f5ed4042-bdcb-4116-b59c-a85f6d1f58b0@group-B3C896AFE5E8-LeaderElection120] INFO  impl.RaftServerImpl (RaftServerImpl.java:setRole(170)) - f5ed4042-bdcb-4116-b59c-a85f6d1f58b0@group-B3C896AFE5E8: changes role from CANDIDATE to FOLLOWER at term 2 for DISCOVERED_A_NEW_TERM
2019-10-02 11:49:22,720 [f5ed4042-bdcb-4116-b59c-a85f6d1f58b0@group-B3C896AFE5E8-LeaderElection120] INFO  impl.RoleInfo (RoleInfo.java:shutdownLeaderElection(134)) - f5ed4042-bdcb-4116-b59c-a85f6d1f58b0: shutdown LeaderElection
2019-10-02 11:49:22,720 [f5ed4042-bdcb-4116-b59c-a85f6d1f58b0@group-B3C896AFE5E8-LeaderElection120] INFO  impl.RoleInfo (RoleInfo.java:updateAndGet(143)) - f5ed4042-bdcb-4116-b59c-a85f6d1f58b0: start FollowerState
2019-10-02 11:49:25,370 [EventQueue-StaleNodeForStaleNodeHandler] INFO  node.StaleNodeHandler (StaleNodeHandler.java:onMessage(58)) - Datanode f5ed4042-bdcb-4116-b59c-a85f6d1f58b0{ip: 192.168.164.220, host: pr-hdds-2225-rpdbg-2298847827, networkLocation: /default-rack, certSerialId: null} moved to stale state. Finalizing its pipelines [PipelineID=c9f04159-56d6-481d-b69c-b3c896afe5e8, PipelineID=8e4d711c-bf78-40d6-b5f8-5586a3f6380f]
2019-10-02 11:49:25,373 [EventQueue-StaleNodeForStaleNodeHandler] INFO  pipeline.SCMPipelineManager (SCMPipelineManager.java:finalizeAndDestroyPipeline(315)) - destroying pipeline:Pipeline[ Id: c9f04159-56d6-481d-b69c-b3c896afe5e8, Nodes: 51b5bcf3-deaf-4700-bbe7-a90669d5eae5{ip: 192.168.164.220, host: pr-hdds-2225-rpdbg-2298847827, networkLocation: /default-rack, certSerialId: null}50fccacf-7ba1-4d43-bfe6-78d7deac3c07{ip: 192.168.164.220, host: pr-hdds-2225-rpdbg-2298847827, networkLocation: /default-rack, certSerialId: null}f5ed4042-bdcb-4116-b59c-a85f6d1f58b0{ip: 192.168.164.220, host: pr-hdds-2225-rpdbg-2298847827, networkLocation: /default-rack, certSerialId: null}, Type:RATIS, Factor:THREE, State:CLOSED]
2019-10-02 11:49:25,373 [EventQueue-StaleNodeForStaleNodeHandler] INFO  pipeline.SCMPipelineManager (SCMPipelineManager.java:finalizeAndDestroyPipeline(315)) - destroying pipeline:Pipeline[ Id: 8e4d711c-bf78-40d6-b5f8-5586a3f6380f, Nodes: f5ed4042-bdcb-4116-b59c-a85f6d1f58b0{ip: 192.168.164.220, host: pr-hdds-2225-rpdbg-2298847827, networkLocation: /default-rack, certSerialId: null}, Type:RATIS, Factor:ONE, State:OPEN]
2019-10-02 11:49:25,373 [EventQueue-StaleNodeForStaleNodeHandler] INFO  pipeline.PipelineStateManager (PipelineStateManager.java:finalizePipeline(123)) - Pipeline Pipeline[ Id: 8e4d711c-bf78-40d6-b5f8-5586a3f6380f, Nodes: f5ed4042-bdcb-4116-b59c-a85f6d1f58b0{ip: 192.168.164.220, host: pr-hdds-2225-rpdbg-2298847827, networkLocation: /default-rack, certSerialId: null}, Type:RATIS, Factor:ONE, State:CLOSED] moved to CLOSED state
2019-10-02 11:49:25,726 [main] INFO  ozoneimpl.OzoneContainer (OzoneContainer.java:stop(231)) - Attempting to stop container services.
2019-10-02 11:49:25,729 [main] INFO  impl.RaftServerProxy (RaftServerProxy.java:lambda$close$4(314)) - f5ed4042-bdcb-4116-b59c-a85f6d1f58b0: close
2019-10-02 11:49:25,730 [main] INFO  impl.RaftServerImpl (RaftServerImpl.java:lambda$shutdown$3(247)) - f5ed4042-bdcb-4116-b59c-a85f6d1f58b0@group-B3C896AFE5E8: shutdown
2019-10-02 11:49:25,730 [ForkJoinPool.commonPool-worker-1] INFO  impl.RaftServerImpl (RaftServerImpl.java:lambda$shutdown$3(247)) - f5ed4042-bdcb-4116-b59c-a85f6d1f58b0@group-5586A3F6380F: shutdown
2019-10-02 11:49:25,730 [main] INFO  util.JmxRegister (JmxRegister.java:unregister(73)) - Successfully un-registered JMX Bean with object name Ratis:service=RaftServer,group=group-B3C896AFE5E8,id=f5ed4042-bdcb-4116-b59c-a85f6d1f58b0
2019-10-02 11:49:25,730 [ForkJoinPool.commonPool-worker-1] INFO  util.JmxRegister (JmxRegister.java:unregister(73)) - Successfully un-registered JMX Bean with object name Ratis:service=RaftServer,group=group-5586A3F6380F,id=f5ed4042-bdcb-4116-b59c-a85f6d1f58b0
2019-10-02 11:49:25,730 [main] INFO  impl.RoleInfo (RoleInfo.java:shutdownFollowerState(121)) - f5ed4042-bdcb-4116-b59c-a85f6d1f58b0: shutdown FollowerState
2019-10-02 11:49:25,730 [ForkJoinPool.commonPool-worker-1] INFO  impl.RoleInfo (RoleInfo.java:shutdownLeaderState(104)) - f5ed4042-bdcb-4116-b59c-a85f6d1f58b0: shutdown LeaderState
2019-10-02 11:49:25,731 [Thread-4762] INFO  impl.FollowerState (FollowerState.java:run(117)) - f5ed4042-bdcb-4116-b59c-a85f6d1f58b0@group-B3C896AFE5E8-FollowerState was interrupted: java.lang.InterruptedException: sleep interrupted
2019-10-02 11:49:25,731 [main] INFO  impl.StateMachineUpdater (StateMachineUpdater.java:stopAndJoin(136)) - f5ed4042-bdcb-4116-b59c-a85f6d1f58b0@group-B3C896AFE5E8-StateMachineUpdater: set stopIndex = 6
2019-10-02 11:49:25,733 [ForkJoinPool.commonPool-worker-1] INFO  impl.PendingRequests (PendingRequests.java:sendNotLeaderResponses(202)) - f5ed4042-bdcb-4116-b59c-a85f6d1f58b0@group-5586A3F6380F-PendingRequests: sendNotLeaderResponses
2019-10-02 11:49:25,731 [f5ed4042-bdcb-4116-b59c-a85f6d1f58b0@group-B3C896AFE5E8-StateMachineUpdater] INFO  ratis.ContainerStateMachine (ContainerStateMachine.java:takeSnapshot(289)) - group-B3C896AFE5E8: Taking a snapshot at:(t:1, i:4) file /workdir/hadoop-ozone/integration-test/target/test-dir/MiniOzoneClusterImpl-fed8c003-1200-44bf-ac4e-1089d90acbae/datanode-5/data/ratis/c9f04159-56d6-481d-b69c-b3c896afe5e8/sm/snapshot.1_4
2019-10-02 11:49:25,734 [ForkJoinPool.commonPool-worker-1] INFO  impl.StateMachineUpdater (StateMachineUpdater.java:stopAndJoin(136)) - f5ed4042-bdcb-4116-b59c-a85f6d1f58b0@group-5586A3F6380F-StateMachineUpdater: set stopIndex = 0
2019-10-02 11:49:25,734 [ForkJoinPool.commonPool-worker-1] INFO  impl.RaftServerImpl (ServerState.java:close(387)) - f5ed4042-bdcb-4116-b59c-a85f6d1f58b0@group-5586A3F6380F: closes. applyIndex: 0
2019-10-02 11:49:25,734 [f5ed4042-bdcb-4116-b59c-a85f6d1f58b0@group-5586A3F6380F-SegmentedRaftLogWorker] INFO  segmented.SegmentedRaftLogWorker (SegmentedRaftLogWorker.java:run(316)) - f5ed4042-bdcb-4116-b59c-a85f6d1f58b0@group-5586A3F6380F-SegmentedRaftLogWorker was interrupted, exiting. There are 0 tasks remaining in the queue.
2019-10-02 11:49:25,735 [ForkJoinPool.commonPool-worker-1] INFO  segmented.SegmentedRaftLogWorker (SegmentedRaftLogWorker.java:close(224)) - f5ed4042-bdcb-4116-b59c-a85f6d1f58b0@group-5586A3F6380F-SegmentedRaftLogWorker close()
2019-10-02 11:49:25,758 [f5ed4042-bdcb-4116-b59c-a85f6d1f58b0@group-B3C896AFE5E8-StateMachineUpdater] INFO  ratis.ContainerStateMachine (ContainerStateMachine.java:takeSnapshot(300)) - group-B3C896AFE5E8: Finished taking a snapshot at:(t:1, i:4) file:/workdir/hadoop-ozone/integration-test/target/test-dir/MiniOzoneClusterImpl-fed8c003-1200-44bf-ac4e-1089d90acbae/datanode-5/data/ratis/c9f04159-56d6-481d-b69c-b3c896afe5e8/sm/snapshot.1_4 time:27
2019-10-02 11:49:25,758 [f5ed4042-bdcb-4116-b59c-a85f6d1f58b0@group-B3C896AFE5E8-StateMachineUpdater] INFO  impl.StateMachineUpdater (StateMachineUpdater.java:takeSnapshot(269)) - f5ed4042-bdcb-4116-b59c-a85f6d1f58b0@group-B3C896AFE5E8-StateMachineUpdater: Took a snapshot at index 4
2019-10-02 11:49:25,758 [f5ed4042-bdcb-4116-b59c-a85f6d1f58b0@group-B3C896AFE5E8-StateMachineUpdater] INFO  impl.StateMachineUpdater (StateMachineUpdater.java:lambda$new$0(84)) - f5ed4042-bdcb-4116-b59c-a85f6d1f58b0@group-B3C896AFE5E8-StateMachineUpdater: snapshotIndex: updateIncreasingly -1 -> 4
2019-10-02 11:49:25,759 [f5ed4042-bdcb-4116-b59c-a85f6d1f58b0@group-B3C896AFE5E8-StateMachineUpdater] INFO  ratis.ContainerStateMachine (ContainerStateMachine.java:takeSnapshot(289)) - group-B3C896AFE5E8: Taking a snapshot at:(t:1, i:4) file /workdir/hadoop-ozone/integration-test/target/test-dir/MiniOzoneClusterImpl-fed8c003-1200-44bf-ac4e-1089d90acbae/datanode-5/data/ratis/c9f04159-56d6-481d-b69c-b3c896afe5e8/sm/snapshot.1_4
2019-10-02 11:49:25,770 [f5ed4042-bdcb-4116-b59c-a85f6d1f58b0@group-B3C896AFE5E8-StateMachineUpdater] INFO  ratis.ContainerStateMachine (ContainerStateMachine.java:takeSnapshot(300)) - group-B3C896AFE5E8: Finished taking a snapshot at:(t:1, i:4) file:/workdir/hadoop-ozone/integration-test/target/test-dir/MiniOzoneClusterImpl-fed8c003-1200-44bf-ac4e-1089d90acbae/datanode-5/data/ratis/c9f04159-56d6-481d-b69c-b3c896afe5e8/sm/snapshot.1_4 time:12
2019-10-02 11:49:25,771 [f5ed4042-bdcb-4116-b59c-a85f6d1f58b0@group-B3C896AFE5E8-StateMachineUpdater] INFO  impl.StateMachineUpdater (StateMachineUpdater.java:takeSnapshot(269)) - f5ed4042-bdcb-4116-b59c-a85f6d1f58b0@group-B3C896AFE5E8-StateMachineUpdater: Took a snapshot at index 4
2019-10-02 11:49:25,771 [f5ed4042-bdcb-4116-b59c-a85f6d1f58b0@group-B3C896AFE5E8-StateMachineUpdater] INFO  impl.StateMachineUpdater (StateMachineUpdater.java:lambda$new$0(84)) - f5ed4042-bdcb-4116-b59c-a85f6d1f58b0@group-B3C896AFE5E8-StateMachineUpdater: snapshotIndex: updateIncreasingly 4 -> 4
2019-10-02 11:49:25,771 [main] INFO  impl.RaftServerImpl (ServerState.java:close(387)) - f5ed4042-bdcb-4116-b59c-a85f6d1f58b0@group-B3C896AFE5E8: closes. applyIndex: 6
2019-10-02 11:49:25,771 [f5ed4042-bdcb-4116-b59c-a85f6d1f58b0@group-B3C896AFE5E8-SegmentedRaftLogWorker] INFO  segmented.SegmentedRaftLogWorker (SegmentedRaftLogWorker.java:run(316)) - f5ed4042-bdcb-4116-b59c-a85f6d1f58b0@group-B3C896AFE5E8-SegmentedRaftLogWorker was interrupted, exiting. There are 0 tasks remaining in the queue.
2019-10-02 11:49:25,772 [main] INFO  segmented.SegmentedRaftLogWorker (SegmentedRaftLogWorker.java:close(224)) - f5ed4042-bdcb-4116-b59c-a85f6d1f58b0@group-B3C896AFE5E8-SegmentedRaftLogWorker close()
2019-10-02 11:49:25,772 [main] INFO  server.GrpcService (GrpcService.java:closeImpl(164)) - f5ed4042-bdcb-4116-b59c-a85f6d1f58b0: shutdown server with port 35225 now
2019-10-02 11:49:25,773 [main] INFO  server.GrpcService (GrpcService.java:closeImpl(172)) - f5ed4042-bdcb-4116-b59c-a85f6d1f58b0: shutdown server with port 35225 successfully
2019-10-02 11:49:25,775 [refreshUsed-/workdir/hadoop-ozone/integration-test/target/test-dir/MiniOzoneClusterImpl-fed8c003-1200-44bf-ac4e-1089d90acbae/datanode-5/data/containers] WARN  fs.CachingGetSpaceUsed (CachingGetSpaceUsed.java:run(183)) - Thread Interrupted waiting to refresh disk information: sleep interrupted
2019-10-02 11:49:25,786 [main] INFO  utils.BackgroundService (BackgroundService.java:shutdown(148)) - Shutting down service BlockDeletingService
2019-10-02 11:49:25,791 [main] INFO  statemachine.DatanodeStateMachine (DatanodeStateMachine.java:stopDaemon(395)) - Ozone container server stopped.
2019-10-02 11:49:25,792 [main] INFO  handler.ContextHandler (ContextHandler.java:doStop(910)) - Stopped o.e.j.w.WebAppContext@782e6b40{/,null,UNAVAILABLE}{/hddsDatanode}
2019-10-02 11:49:25,792 [main] INFO  server.AbstractConnector (AbstractConnector.java:doStop(318)) - Stopped ServerConnector@3b65084e{HTTP/1.1,[http/1.1]}{0.0.0.0:0}
2019-10-02 11:49:25,793 [main] INFO  handler.ContextHandler (ContextHandler.java:doStop(910)) - Stopped o.e.j.s.ServletContextHandler@6c24f61d{/static,jar:file:/home/user/.m2/repository/org/apache/hadoop/hadoop-hdds-container-service/0.5.0-SNAPSHOT/hadoop-hdds-container-service-0.5.0-SNAPSHOT.jar!/webapps/static,UNAVAILABLE}
2019-10-02 11:49:25,793 [main] INFO  handler.ContextHandler (ContextHandler.java:doStop(910)) - Stopped o.e.j.s.ServletContextHandler@da22aa{/logs,file:///workdir/hadoop-ozone/integration-test/target/log,UNAVAILABLE}
2019-10-02 11:49:25,793 [main] INFO  ozone.MiniOzoneClusterImpl (MiniOzoneClusterImpl.java:stopSCM(392)) - Stopping the StorageContainerManager
2019-10-02 11:49:25,794 [main] INFO  server.StorageContainerManager (StorageContainerManager.java:stop(808)) - Stopping Replication Manager Service.
2019-10-02 11:49:25,794 [main] INFO  container.ReplicationManager (ReplicationManager.java:stop(203)) - Stopping Replication Monitor Thread.
2019-10-02 11:49:25,794 [main] INFO  server.StorageContainerManager (StorageContainerManager.java:stop(815)) - Stopping Lease Manager of the command watchers
2019-10-02 11:49:25,794 [main] INFO  server.StorageContainerManager (StorageContainerManager.java:stop(822)) - Stopping datanode service RPC server
2019-10-02 11:49:25,794 [main] INFO  server.SCMDatanodeProtocolServer (SCMDatanodeProtocolServer.java:stop(367)) - Stopping the RPC server for DataNodes
2019-10-02 11:49:25,795 [main] INFO  ipc.Server (Server.java:stop(3082)) - Stopping server on 35345
2019-10-02 11:49:25,797 [IPC Server listener on 35345] INFO  ipc.Server (Server.java:run(1185)) - Stopping IPC Server listener on 35345
2019-10-02 11:49:25,797 [IPC Server Responder] INFO  ipc.Server (Server.java:run(1319)) - Stopping IPC Server Responder
2019-10-02 11:49:25,870 [SCM Heartbeat Processing Thread - 0] WARN  node.NodeStateManager (NodeStateManager.java:scheduleNextHealthCheck(646)) - Current Thread is interrupted, shutting down HB processing thread for Node Manager.
2019-10-02 11:49:25,870 [main] INFO  server.StorageContainerManager (StorageContainerManager.java:stop(830)) - Stopping block service RPC server
2019-10-02 11:49:25,871 [main] INFO  server.SCMBlockProtocolServer (SCMBlockProtocolServer.java:stop(155)) - Stopping the RPC server for Block Protocol
2019-10-02 11:49:25,871 [main] INFO  ipc.Server (Server.java:stop(3082)) - Stopping server on 37622
2019-10-02 11:49:25,873 [IPC Server listener on 37622] INFO  ipc.Server (Server.java:run(1185)) - Stopping IPC Server listener on 37622
2019-10-02 11:49:25,874 [main] INFO  server.StorageContainerManager (StorageContainerManager.java:stop(837)) - Stopping the StorageContainerLocationProtocol RPC server
2019-10-02 11:49:25,874 [IPC Server Responder] INFO  ipc.Server (Server.java:run(1319)) - Stopping IPC Server Responder
2019-10-02 11:49:25,881 [main] INFO  server.SCMClientProtocolServer (SCMClientProtocolServer.java:stop(158)) - Stopping the RPC server for Client Protocol
2019-10-02 11:49:25,881 [main] INFO  ipc.Server (Server.java:stop(3082)) - Stopping server on 41666
2019-10-02 11:49:25,883 [IPC Server listener on 41666] INFO  ipc.Server (Server.java:run(1185)) - Stopping IPC Server listener on 41666
2019-10-02 11:49:25,883 [main] INFO  server.StorageContainerManager (StorageContainerManager.java:stop(844)) - Stopping Storage Container Manager HTTP server.
2019-10-02 11:49:25,884 [IPC Server Responder] INFO  ipc.Server (Server.java:run(1319)) - Stopping IPC Server Responder
2019-10-02 11:49:25,884 [main] INFO  handler.ContextHandler (ContextHandler.java:doStop(910)) - Stopped o.e.j.w.WebAppContext@4ccdacf5{/,null,UNAVAILABLE}{/scm}
2019-10-02 11:49:25,886 [main] INFO  server.AbstractConnector (AbstractConnector.java:doStop(318)) - Stopped ServerConnector@5aa6da2{HTTP/1.1,[http/1.1]}{0.0.0.0:0}
2019-10-02 11:49:25,886 [main] INFO  handler.ContextHandler (ContextHandler.java:doStop(910)) - Stopped o.e.j.s.ServletContextHandler@145e958f{/static,file:///workdir/hadoop-ozone/integration-test/target/test-classes/webapps/static,UNAVAILABLE}
2019-10-02 11:49:25,886 [main] INFO  handler.ContextHandler (ContextHandler.java:doStop(910)) - Stopped o.e.j.s.ServletContextHandler@52909a97{/logs,file:///workdir/hadoop-ozone/integration-test/target/log,UNAVAILABLE}
2019-10-02 11:49:25,887 [main] INFO  server.StorageContainerManager (StorageContainerManager.java:stop(855)) - Stopping Block Manager Service.
2019-10-02 11:49:25,887 [main] INFO  utils.BackgroundService (BackgroundService.java:shutdown(148)) - Shutting down service SCMBlockDeletingService
2019-10-02 11:49:25,887 [main] INFO  utils.BackgroundService (BackgroundService.java:shutdown(148)) - Shutting down service SCMBlockDeletingService
2019-10-02 11:49:25,887 [main] INFO  server.StorageContainerManager (StorageContainerManager.java:stop(877)) - Stopping SCM Event Queue.
2019-10-02 11:49:25,892 [main] INFO  impl.MetricsSystemImpl (MetricsSystemImpl.java:stop(210)) - Stopping HddsDatanode metrics system...
2019-10-02 11:49:25,920 [main] INFO  impl.MetricsSystemImpl (MetricsSystemImpl.java:stop(216)) - HddsDatanode metrics system stopped.
]]></system-out>
    <system-err><![CDATA[Oct 02, 2019 11:48:57 AM org.apache.ratis.thirdparty.io.grpc.internal.ManagedChannelOrphanWrapper$ManagedChannelReference cleanQueue
SEVERE: *~*~*~ Channel ManagedChannelImpl{logId=3516, target=192.168.164.220:42677} was not shutdown properly!!! ~*~*~*
    Make sure to call shutdown()/shutdownNow() and wait until awaitTermination() returns true.
java.lang.RuntimeException: ManagedChannel allocation site
	at org.apache.ratis.thirdparty.io.grpc.internal.ManagedChannelOrphanWrapper$ManagedChannelReference.<init>(ManagedChannelOrphanWrapper.java:103)
	at org.apache.ratis.thirdparty.io.grpc.internal.ManagedChannelOrphanWrapper.<init>(ManagedChannelOrphanWrapper.java:53)
	at org.apache.ratis.thirdparty.io.grpc.internal.ManagedChannelOrphanWrapper.<init>(ManagedChannelOrphanWrapper.java:44)
	at org.apache.ratis.thirdparty.io.grpc.internal.AbstractManagedChannelImplBuilder.build(AbstractManagedChannelImplBuilder.java:411)
	at org.apache.hadoop.hdds.scm.XceiverClientGrpc.connectToDatanode(XceiverClientGrpc.java:181)
	at org.apache.hadoop.hdds.scm.XceiverClientGrpc.reconnect(XceiverClientGrpc.java:429)
	at org.apache.hadoop.hdds.scm.XceiverClientGrpc.sendCommandAsync(XceiverClientGrpc.java:378)
	at org.apache.hadoop.hdds.scm.XceiverClientGrpc.sendCommandWithRetry(XceiverClientGrpc.java:291)
	at org.apache.hadoop.hdds.scm.XceiverClientGrpc.sendCommandWithTraceIDAndRetry(XceiverClientGrpc.java:257)
	at org.apache.hadoop.hdds.scm.XceiverClientGrpc.sendCommand(XceiverClientGrpc.java:240)
	at org.apache.hadoop.hdds.scm.storage.ContainerProtocolCalls.getBlock(ContainerProtocolCalls.java:118)
	at org.apache.hadoop.hdds.scm.storage.BlockInputStream.getChunkInfos(BlockInputStream.java:167)
	at org.apache.hadoop.hdds.scm.storage.BlockInputStream.initialize(BlockInputStream.java:118)
	at org.apache.hadoop.hdds.scm.storage.BlockInputStream.read(BlockInputStream.java:222)
	at org.apache.hadoop.ozone.client.io.KeyInputStream.read(KeyInputStream.java:171)
	at org.apache.hadoop.ozone.client.io.OzoneInputStream.read(OzoneInputStream.java:47)
	at java.io.InputStream.read(InputStream.java:101)
	at org.apache.hadoop.ozone.container.ContainerTestHelper.validateData(ContainerTestHelper.java:714)
	at org.apache.hadoop.ozone.client.rpc.TestBlockOutputStreamWithFailures.validateData(TestBlockOutputStreamWithFailures.java:1216)
	at org.apache.hadoop.ozone.client.rpc.TestBlockOutputStreamWithFailures.testFailureWithPrimeSizedData(TestBlockOutputStreamWithFailures.java:662)
	at sun.reflect.NativeMethodAccessorImpl.invoke0(Native Method)
	at sun.reflect.NativeMethodAccessorImpl.invoke(NativeMethodAccessorImpl.java:62)
	at sun.reflect.DelegatingMethodAccessorImpl.invoke(DelegatingMethodAccessorImpl.java:43)
	at java.lang.reflect.Method.invoke(Method.java:498)
	at org.junit.runners.model.FrameworkMethod$1.runReflectiveCall(FrameworkMethod.java:47)
	at org.junit.internal.runners.model.ReflectiveCallable.run(ReflectiveCallable.java:12)
	at org.junit.runners.model.FrameworkMethod.invokeExplosively(FrameworkMethod.java:44)
	at org.junit.internal.runners.statements.InvokeMethod.evaluate(InvokeMethod.java:17)
	at org.junit.internal.runners.statements.RunBefores.evaluate(RunBefores.java:26)
	at org.junit.internal.runners.statements.RunAfters.evaluate(RunAfters.java:27)
	at org.junit.runners.ParentRunner.runLeaf(ParentRunner.java:271)
	at org.junit.runners.BlockJUnit4ClassRunner.runChild(BlockJUnit4ClassRunner.java:70)
	at org.junit.runners.BlockJUnit4ClassRunner.runChild(BlockJUnit4ClassRunner.java:50)
	at org.junit.runners.ParentRunner$3.run(ParentRunner.java:238)
	at org.junit.runners.ParentRunner$1.schedule(ParentRunner.java:63)
	at org.junit.runners.ParentRunner.runChildren(ParentRunner.java:236)
	at org.junit.runners.ParentRunner.access$000(ParentRunner.java:53)
	at org.junit.runners.ParentRunner$2.evaluate(ParentRunner.java:229)
	at org.junit.runners.ParentRunner.run(ParentRunner.java:309)
	at org.apache.maven.surefire.junit4.JUnit4Provider.execute(JUnit4Provider.java:365)
	at org.apache.maven.surefire.junit4.JUnit4Provider.executeWithRerun(JUnit4Provider.java:273)
	at org.apache.maven.surefire.junit4.JUnit4Provider.executeTestSet(JUnit4Provider.java:238)
	at org.apache.maven.surefire.junit4.JUnit4Provider.invoke(JUnit4Provider.java:159)
	at org.apache.maven.surefire.booter.ForkedBooter.invokeProviderInSameClassLoader(ForkedBooter.java:384)
	at org.apache.maven.surefire.booter.ForkedBooter.runSuitesInProcess(ForkedBooter.java:345)
	at org.apache.maven.surefire.booter.ForkedBooter.execute(ForkedBooter.java:126)
	at org.apache.maven.surefire.booter.ForkedBooter.main(ForkedBooter.java:418)

Oct 02, 2019 11:48:57 AM org.apache.ratis.thirdparty.io.grpc.internal.ManagedChannelOrphanWrapper$ManagedChannelReference cleanQueue
SEVERE: *~*~*~ Channel ManagedChannelImpl{logId=3883, target=192.168.164.220:39037} was not shutdown properly!!! ~*~*~*
    Make sure to call shutdown()/shutdownNow() and wait until awaitTermination() returns true.
java.lang.RuntimeException: ManagedChannel allocation site
	at org.apache.ratis.thirdparty.io.grpc.internal.ManagedChannelOrphanWrapper$ManagedChannelReference.<init>(ManagedChannelOrphanWrapper.java:103)
	at org.apache.ratis.thirdparty.io.grpc.internal.ManagedChannelOrphanWrapper.<init>(ManagedChannelOrphanWrapper.java:53)
	at org.apache.ratis.thirdparty.io.grpc.internal.ManagedChannelOrphanWrapper.<init>(ManagedChannelOrphanWrapper.java:44)
	at org.apache.ratis.thirdparty.io.grpc.internal.AbstractManagedChannelImplBuilder.build(AbstractManagedChannelImplBuilder.java:411)
	at org.apache.hadoop.hdds.scm.XceiverClientGrpc.connectToDatanode(XceiverClientGrpc.java:181)
	at org.apache.hadoop.hdds.scm.XceiverClientGrpc.reconnect(XceiverClientGrpc.java:429)
	at org.apache.hadoop.hdds.scm.XceiverClientGrpc.sendCommandAsync(XceiverClientGrpc.java:378)
	at org.apache.hadoop.hdds.scm.XceiverClientGrpc.sendCommandWithRetry(XceiverClientGrpc.java:291)
	at org.apache.hadoop.hdds.scm.XceiverClientGrpc.sendCommandWithTraceIDAndRetry(XceiverClientGrpc.java:257)
	at org.apache.hadoop.hdds.scm.XceiverClientGrpc.sendCommand(XceiverClientGrpc.java:240)
	at org.apache.hadoop.hdds.scm.storage.ContainerProtocolCalls.readChunk(ContainerProtocolCalls.java:245)
	at org.apache.hadoop.hdds.scm.storage.ChunkInputStream.readChunk(ChunkInputStream.java:335)
	at org.apache.hadoop.hdds.scm.storage.ChunkInputStream.readChunkFromContainer(ChunkInputStream.java:307)
	at org.apache.hadoop.hdds.scm.storage.ChunkInputStream.prepareRead(ChunkInputStream.java:259)
	at org.apache.hadoop.hdds.scm.storage.ChunkInputStream.read(ChunkInputStream.java:144)
	at org.apache.hadoop.hdds.scm.storage.BlockInputStream.read(BlockInputStream.java:239)
	at org.apache.hadoop.ozone.client.io.KeyInputStream.read(KeyInputStream.java:171)
	at org.apache.hadoop.ozone.client.io.OzoneInputStream.read(OzoneInputStream.java:47)
	at java.io.InputStream.read(InputStream.java:101)
	at org.apache.hadoop.ozone.container.ContainerTestHelper.validateData(ContainerTestHelper.java:714)
	at org.apache.hadoop.ozone.client.rpc.TestBlockOutputStreamWithFailures.validateData(TestBlockOutputStreamWithFailures.java:1216)
	at org.apache.hadoop.ozone.client.rpc.TestBlockOutputStreamWithFailures.testWatchForCommitWithCloseContainerException(TestBlockOutputStreamWithFailures.java:260)
	at sun.reflect.NativeMethodAccessorImpl.invoke0(Native Method)
	at sun.reflect.NativeMethodAccessorImpl.invoke(NativeMethodAccessorImpl.java:62)
	at sun.reflect.DelegatingMethodAccessorImpl.invoke(DelegatingMethodAccessorImpl.java:43)
	at java.lang.reflect.Method.invoke(Method.java:498)
	at org.junit.runners.model.FrameworkMethod$1.runReflectiveCall(FrameworkMethod.java:47)
	at org.junit.internal.runners.model.ReflectiveCallable.run(ReflectiveCallable.java:12)
	at org.junit.runners.model.FrameworkMethod.invokeExplosively(FrameworkMethod.java:44)
	at org.junit.internal.runners.statements.InvokeMethod.evaluate(InvokeMethod.java:17)
	at org.junit.internal.runners.statements.RunBefores.evaluate(RunBefores.java:26)
	at org.junit.internal.runners.statements.RunAfters.evaluate(RunAfters.java:27)
	at org.junit.runners.ParentRunner.runLeaf(ParentRunner.java:271)
	at org.junit.runners.BlockJUnit4ClassRunner.runChild(BlockJUnit4ClassRunner.java:70)
	at org.junit.runners.BlockJUnit4ClassRunner.runChild(BlockJUnit4ClassRunner.java:50)
	at org.junit.runners.ParentRunner$3.run(ParentRunner.java:238)
	at org.junit.runners.ParentRunner$1.schedule(ParentRunner.java:63)
	at org.junit.runners.ParentRunner.runChildren(ParentRunner.java:236)
	at org.junit.runners.ParentRunner.access$000(ParentRunner.java:53)
	at org.junit.runners.ParentRunner$2.evaluate(ParentRunner.java:229)
	at org.junit.runners.ParentRunner.run(ParentRunner.java:309)
	at org.apache.maven.surefire.junit4.JUnit4Provider.execute(JUnit4Provider.java:365)
	at org.apache.maven.surefire.junit4.JUnit4Provider.executeWithRerun(JUnit4Provider.java:273)
	at org.apache.maven.surefire.junit4.JUnit4Provider.executeTestSet(JUnit4Provider.java:238)
	at org.apache.maven.surefire.junit4.JUnit4Provider.invoke(JUnit4Provider.java:159)
	at org.apache.maven.surefire.booter.ForkedBooter.invokeProviderInSameClassLoader(ForkedBooter.java:384)
	at org.apache.maven.surefire.booter.ForkedBooter.runSuitesInProcess(ForkedBooter.java:345)
	at org.apache.maven.surefire.booter.ForkedBooter.execute(ForkedBooter.java:126)
	at org.apache.maven.surefire.booter.ForkedBooter.main(ForkedBooter.java:418)

Oct 02, 2019 11:48:57 AM org.apache.ratis.thirdparty.io.grpc.internal.ManagedChannelOrphanWrapper$ManagedChannelReference cleanQueue
SEVERE: *~*~*~ Channel ManagedChannelImpl{logId=3521, target=192.168.164.220:45091} was not shutdown properly!!! ~*~*~*
    Make sure to call shutdown()/shutdownNow() and wait until awaitTermination() returns true.
java.lang.RuntimeException: ManagedChannel allocation site
	at org.apache.ratis.thirdparty.io.grpc.internal.ManagedChannelOrphanWrapper$ManagedChannelReference.<init>(ManagedChannelOrphanWrapper.java:103)
	at org.apache.ratis.thirdparty.io.grpc.internal.ManagedChannelOrphanWrapper.<init>(ManagedChannelOrphanWrapper.java:53)
	at org.apache.ratis.thirdparty.io.grpc.internal.ManagedChannelOrphanWrapper.<init>(ManagedChannelOrphanWrapper.java:44)
	at org.apache.ratis.thirdparty.io.grpc.internal.AbstractManagedChannelImplBuilder.build(AbstractManagedChannelImplBuilder.java:411)
	at org.apache.hadoop.hdds.scm.XceiverClientGrpc.connectToDatanode(XceiverClientGrpc.java:181)
	at org.apache.hadoop.hdds.scm.XceiverClientGrpc.reconnect(XceiverClientGrpc.java:429)
	at org.apache.hadoop.hdds.scm.XceiverClientGrpc.sendCommandAsync(XceiverClientGrpc.java:378)
	at org.apache.hadoop.hdds.scm.XceiverClientGrpc.sendCommandWithRetry(XceiverClientGrpc.java:291)
	at org.apache.hadoop.hdds.scm.XceiverClientGrpc.sendCommandWithTraceIDAndRetry(XceiverClientGrpc.java:257)
	at org.apache.hadoop.hdds.scm.XceiverClientGrpc.sendCommand(XceiverClientGrpc.java:240)
	at org.apache.hadoop.hdds.scm.storage.ContainerProtocolCalls.readChunk(ContainerProtocolCalls.java:245)
	at org.apache.hadoop.hdds.scm.storage.ChunkInputStream.readChunk(ChunkInputStream.java:335)
	at org.apache.hadoop.hdds.scm.storage.ChunkInputStream.readChunkFromContainer(ChunkInputStream.java:307)
	at org.apache.hadoop.hdds.scm.storage.ChunkInputStream.prepareRead(ChunkInputStream.java:259)
	at org.apache.hadoop.hdds.scm.storage.ChunkInputStream.read(ChunkInputStream.java:144)
	at org.apache.hadoop.hdds.scm.storage.BlockInputStream.read(BlockInputStream.java:239)
	at org.apache.hadoop.ozone.client.io.KeyInputStream.read(KeyInputStream.java:171)
	at org.apache.hadoop.ozone.client.io.OzoneInputStream.read(OzoneInputStream.java:47)
	at java.io.InputStream.read(InputStream.java:101)
	at org.apache.hadoop.ozone.container.ContainerTestHelper.validateData(ContainerTestHelper.java:714)
	at org.apache.hadoop.ozone.client.rpc.TestBlockOutputStreamWithFailures.validateData(TestBlockOutputStreamWithFailures.java:1216)
	at org.apache.hadoop.ozone.client.rpc.TestBlockOutputStreamWithFailures.testFailureWithPrimeSizedData(TestBlockOutputStreamWithFailures.java:662)
	at sun.reflect.NativeMethodAccessorImpl.invoke0(Native Method)
	at sun.reflect.NativeMethodAccessorImpl.invoke(NativeMethodAccessorImpl.java:62)
	at sun.reflect.DelegatingMethodAccessorImpl.invoke(DelegatingMethodAccessorImpl.java:43)
	at java.lang.reflect.Method.invoke(Method.java:498)
	at org.junit.runners.model.FrameworkMethod$1.runReflectiveCall(FrameworkMethod.java:47)
	at org.junit.internal.runners.model.ReflectiveCallable.run(ReflectiveCallable.java:12)
	at org.junit.runners.model.FrameworkMethod.invokeExplosively(FrameworkMethod.java:44)
	at org.junit.internal.runners.statements.InvokeMethod.evaluate(InvokeMethod.java:17)
	at org.junit.internal.runners.statements.RunBefores.evaluate(RunBefores.java:26)
	at org.junit.internal.runners.statements.RunAfters.evaluate(RunAfters.java:27)
	at org.junit.runners.ParentRunner.runLeaf(ParentRunner.java:271)
	at org.junit.runners.BlockJUnit4ClassRunner.runChild(BlockJUnit4ClassRunner.java:70)
	at org.junit.runners.BlockJUnit4ClassRunner.runChild(BlockJUnit4ClassRunner.java:50)
	at org.junit.runners.ParentRunner$3.run(ParentRunner.java:238)
	at org.junit.runners.ParentRunner$1.schedule(ParentRunner.java:63)
	at org.junit.runners.ParentRunner.runChildren(ParentRunner.java:236)
	at org.junit.runners.ParentRunner.access$000(ParentRunner.java:53)
	at org.junit.runners.ParentRunner$2.evaluate(ParentRunner.java:229)
	at org.junit.runners.ParentRunner.run(ParentRunner.java:309)
	at org.apache.maven.surefire.junit4.JUnit4Provider.execute(JUnit4Provider.java:365)
	at org.apache.maven.surefire.junit4.JUnit4Provider.executeWithRerun(JUnit4Provider.java:273)
	at org.apache.maven.surefire.junit4.JUnit4Provider.executeTestSet(JUnit4Provider.java:238)
	at org.apache.maven.surefire.junit4.JUnit4Provider.invoke(JUnit4Provider.java:159)
	at org.apache.maven.surefire.booter.ForkedBooter.invokeProviderInSameClassLoader(ForkedBooter.java:384)
	at org.apache.maven.surefire.booter.ForkedBooter.runSuitesInProcess(ForkedBooter.java:345)
	at org.apache.maven.surefire.booter.ForkedBooter.execute(ForkedBooter.java:126)
	at org.apache.maven.surefire.booter.ForkedBooter.main(ForkedBooter.java:418)

Oct 02, 2019 11:48:57 AM org.apache.ratis.thirdparty.io.grpc.internal.ManagedChannelOrphanWrapper$ManagedChannelReference cleanQueue
SEVERE: *~*~*~ Channel ManagedChannelImpl{logId=3873, target=192.168.164.220:39854} was not shutdown properly!!! ~*~*~*
    Make sure to call shutdown()/shutdownNow() and wait until awaitTermination() returns true.
java.lang.RuntimeException: ManagedChannel allocation site
	at org.apache.ratis.thirdparty.io.grpc.internal.ManagedChannelOrphanWrapper$ManagedChannelReference.<init>(ManagedChannelOrphanWrapper.java:103)
	at org.apache.ratis.thirdparty.io.grpc.internal.ManagedChannelOrphanWrapper.<init>(ManagedChannelOrphanWrapper.java:53)
	at org.apache.ratis.thirdparty.io.grpc.internal.ManagedChannelOrphanWrapper.<init>(ManagedChannelOrphanWrapper.java:44)
	at org.apache.ratis.thirdparty.io.grpc.internal.AbstractManagedChannelImplBuilder.build(AbstractManagedChannelImplBuilder.java:411)
	at org.apache.hadoop.hdds.scm.XceiverClientGrpc.connectToDatanode(XceiverClientGrpc.java:181)
	at org.apache.hadoop.hdds.scm.XceiverClientGrpc.reconnect(XceiverClientGrpc.java:429)
	at org.apache.hadoop.hdds.scm.XceiverClientGrpc.sendCommandAsync(XceiverClientGrpc.java:378)
	at org.apache.hadoop.hdds.scm.XceiverClientGrpc.sendCommandWithRetry(XceiverClientGrpc.java:291)
	at org.apache.hadoop.hdds.scm.XceiverClientGrpc.sendCommandWithTraceIDAndRetry(XceiverClientGrpc.java:257)
	at org.apache.hadoop.hdds.scm.XceiverClientGrpc.sendCommand(XceiverClientGrpc.java:240)
	at org.apache.hadoop.hdds.scm.storage.ContainerProtocolCalls.readChunk(ContainerProtocolCalls.java:245)
	at org.apache.hadoop.hdds.scm.storage.ChunkInputStream.readChunk(ChunkInputStream.java:335)
	at org.apache.hadoop.hdds.scm.storage.ChunkInputStream.readChunkFromContainer(ChunkInputStream.java:307)
	at org.apache.hadoop.hdds.scm.storage.ChunkInputStream.prepareRead(ChunkInputStream.java:259)
	at org.apache.hadoop.hdds.scm.storage.ChunkInputStream.read(ChunkInputStream.java:144)
	at org.apache.hadoop.hdds.scm.storage.BlockInputStream.read(BlockInputStream.java:239)
	at org.apache.hadoop.ozone.client.io.KeyInputStream.read(KeyInputStream.java:171)
	at org.apache.hadoop.ozone.client.io.OzoneInputStream.read(OzoneInputStream.java:47)
	at java.io.InputStream.read(InputStream.java:101)
	at org.apache.hadoop.ozone.container.ContainerTestHelper.validateData(ContainerTestHelper.java:714)
	at org.apache.hadoop.ozone.client.rpc.TestBlockOutputStreamWithFailures.validateData(TestBlockOutputStreamWithFailures.java:1216)
	at org.apache.hadoop.ozone.client.rpc.TestBlockOutputStreamWithFailures.testWatchForCommitWithCloseContainerException(TestBlockOutputStreamWithFailures.java:260)
	at sun.reflect.NativeMethodAccessorImpl.invoke0(Native Method)
	at sun.reflect.NativeMethodAccessorImpl.invoke(NativeMethodAccessorImpl.java:62)
	at sun.reflect.DelegatingMethodAccessorImpl.invoke(DelegatingMethodAccessorImpl.java:43)
	at java.lang.reflect.Method.invoke(Method.java:498)
	at org.junit.runners.model.FrameworkMethod$1.runReflectiveCall(FrameworkMethod.java:47)
	at org.junit.internal.runners.model.ReflectiveCallable.run(ReflectiveCallable.java:12)
	at org.junit.runners.model.FrameworkMethod.invokeExplosively(FrameworkMethod.java:44)
	at org.junit.internal.runners.statements.InvokeMethod.evaluate(InvokeMethod.java:17)
	at org.junit.internal.runners.statements.RunBefores.evaluate(RunBefores.java:26)
	at org.junit.internal.runners.statements.RunAfters.evaluate(RunAfters.java:27)
	at org.junit.runners.ParentRunner.runLeaf(ParentRunner.java:271)
	at org.junit.runners.BlockJUnit4ClassRunner.runChild(BlockJUnit4ClassRunner.java:70)
	at org.junit.runners.BlockJUnit4ClassRunner.runChild(BlockJUnit4ClassRunner.java:50)
	at org.junit.runners.ParentRunner$3.run(ParentRunner.java:238)
	at org.junit.runners.ParentRunner$1.schedule(ParentRunner.java:63)
	at org.junit.runners.ParentRunner.runChildren(ParentRunner.java:236)
	at org.junit.runners.ParentRunner.access$000(ParentRunner.java:53)
	at org.junit.runners.ParentRunner$2.evaluate(ParentRunner.java:229)
	at org.junit.runners.ParentRunner.run(ParentRunner.java:309)
	at org.apache.maven.surefire.junit4.JUnit4Provider.execute(JUnit4Provider.java:365)
	at org.apache.maven.surefire.junit4.JUnit4Provider.executeWithRerun(JUnit4Provider.java:273)
	at org.apache.maven.surefire.junit4.JUnit4Provider.executeTestSet(JUnit4Provider.java:238)
	at org.apache.maven.surefire.junit4.JUnit4Provider.invoke(JUnit4Provider.java:159)
	at org.apache.maven.surefire.booter.ForkedBooter.invokeProviderInSameClassLoader(ForkedBooter.java:384)
	at org.apache.maven.surefire.booter.ForkedBooter.runSuitesInProcess(ForkedBooter.java:345)
	at org.apache.maven.surefire.booter.ForkedBooter.execute(ForkedBooter.java:126)
	at org.apache.maven.surefire.booter.ForkedBooter.main(ForkedBooter.java:418)

Oct 02, 2019 11:48:57 AM org.apache.ratis.thirdparty.io.grpc.internal.ManagedChannelOrphanWrapper$ManagedChannelReference cleanQueue
SEVERE: *~*~*~ Channel ManagedChannelImpl{logId=3497, target=192.168.164.220:33719} was not shutdown properly!!! ~*~*~*
    Make sure to call shutdown()/shutdownNow() and wait until awaitTermination() returns true.
java.lang.RuntimeException: ManagedChannel allocation site
	at org.apache.ratis.thirdparty.io.grpc.internal.ManagedChannelOrphanWrapper$ManagedChannelReference.<init>(ManagedChannelOrphanWrapper.java:103)
	at org.apache.ratis.thirdparty.io.grpc.internal.ManagedChannelOrphanWrapper.<init>(ManagedChannelOrphanWrapper.java:53)
	at org.apache.ratis.thirdparty.io.grpc.internal.ManagedChannelOrphanWrapper.<init>(ManagedChannelOrphanWrapper.java:44)
	at org.apache.ratis.thirdparty.io.grpc.internal.AbstractManagedChannelImplBuilder.build(AbstractManagedChannelImplBuilder.java:411)
	at org.apache.ratis.grpc.client.GrpcClientProtocolClient.<init>(GrpcClientProtocolClient.java:128)
	at org.apache.ratis.grpc.client.GrpcClientRpc.lambda$new$0(GrpcClientRpc.java:55)
	at org.apache.ratis.util.PeerProxyMap$PeerAndProxy.lambda$getProxy$0(PeerProxyMap.java:61)
	at org.apache.ratis.util.LifeCycle.startAndTransition(LifeCycle.java:202)
	at org.apache.ratis.util.PeerProxyMap$PeerAndProxy.getProxy(PeerProxyMap.java:60)
	at org.apache.ratis.util.PeerProxyMap.getProxy(PeerProxyMap.java:108)
	at org.apache.ratis.grpc.client.GrpcClientRpc.sendRequestAsync(GrpcClientRpc.java:66)
	at org.apache.ratis.client.impl.OrderedAsync.sendRequest(OrderedAsync.java:208)
	at org.apache.ratis.client.impl.OrderedAsync.sendRequestWithRetry(OrderedAsync.java:169)
	at org.apache.ratis.util.SlidingWindow$Client.sendOrDelayRequest(SlidingWindow.java:278)
	at org.apache.ratis.util.SlidingWindow$Client.retry(SlidingWindow.java:294)
	at org.apache.ratis.client.impl.OrderedAsync.lambda$scheduleWithTimeout$7(OrderedAsync.java:195)
	at org.apache.ratis.util.TimeoutScheduler.lambda$onTimeout$0(TimeoutScheduler.java:113)
	at org.apache.ratis.util.TimeoutScheduler.lambda$onTimeout$1(TimeoutScheduler.java:133)
	at org.apache.ratis.util.LogUtils.runAndLog(LogUtils.java:50)
	at org.apache.ratis.util.LogUtils$1.run(LogUtils.java:91)
	at java.util.concurrent.Executors$RunnableAdapter.call(Executors.java:511)
	at java.util.concurrent.FutureTask.run(FutureTask.java:266)
	at java.util.concurrent.ScheduledThreadPoolExecutor$ScheduledFutureTask.access$201(ScheduledThreadPoolExecutor.java:180)
	at java.util.concurrent.ScheduledThreadPoolExecutor$ScheduledFutureTask.run(ScheduledThreadPoolExecutor.java:293)
	at java.util.concurrent.ThreadPoolExecutor.runWorker(ThreadPoolExecutor.java:1149)
	at java.util.concurrent.ThreadPoolExecutor$Worker.run(ThreadPoolExecutor.java:624)
	at java.lang.Thread.run(Thread.java:748)

Oct 02, 2019 11:48:57 AM org.apache.ratis.thirdparty.io.grpc.internal.ManagedChannelOrphanWrapper$ManagedChannelReference cleanQueue
SEVERE: *~*~*~ Channel ManagedChannelImpl{logId=3878, target=192.168.164.220:35824} was not shutdown properly!!! ~*~*~*
    Make sure to call shutdown()/shutdownNow() and wait until awaitTermination() returns true.
java.lang.RuntimeException: ManagedChannel allocation site
	at org.apache.ratis.thirdparty.io.grpc.internal.ManagedChannelOrphanWrapper$ManagedChannelReference.<init>(ManagedChannelOrphanWrapper.java:103)
	at org.apache.ratis.thirdparty.io.grpc.internal.ManagedChannelOrphanWrapper.<init>(ManagedChannelOrphanWrapper.java:53)
	at org.apache.ratis.thirdparty.io.grpc.internal.ManagedChannelOrphanWrapper.<init>(ManagedChannelOrphanWrapper.java:44)
	at org.apache.ratis.thirdparty.io.grpc.internal.AbstractManagedChannelImplBuilder.build(AbstractManagedChannelImplBuilder.java:411)
	at org.apache.hadoop.hdds.scm.XceiverClientGrpc.connectToDatanode(XceiverClientGrpc.java:181)
	at org.apache.hadoop.hdds.scm.XceiverClientGrpc.reconnect(XceiverClientGrpc.java:429)
	at org.apache.hadoop.hdds.scm.XceiverClientGrpc.sendCommandAsync(XceiverClientGrpc.java:378)
	at org.apache.hadoop.hdds.scm.XceiverClientGrpc.sendCommandWithRetry(XceiverClientGrpc.java:291)
	at org.apache.hadoop.hdds.scm.XceiverClientGrpc.sendCommandWithTraceIDAndRetry(XceiverClientGrpc.java:257)
	at org.apache.hadoop.hdds.scm.XceiverClientGrpc.sendCommand(XceiverClientGrpc.java:240)
	at org.apache.hadoop.hdds.scm.storage.ContainerProtocolCalls.getBlock(ContainerProtocolCalls.java:118)
	at org.apache.hadoop.hdds.scm.storage.BlockInputStream.getChunkInfos(BlockInputStream.java:167)
	at org.apache.hadoop.hdds.scm.storage.BlockInputStream.initialize(BlockInputStream.java:118)
	at org.apache.hadoop.hdds.scm.storage.BlockInputStream.read(BlockInputStream.java:222)
	at org.apache.hadoop.ozone.client.io.KeyInputStream.read(KeyInputStream.java:171)
	at org.apache.hadoop.ozone.client.io.OzoneInputStream.read(OzoneInputStream.java:47)
	at java.io.InputStream.read(InputStream.java:101)
	at org.apache.hadoop.ozone.container.ContainerTestHelper.validateData(ContainerTestHelper.java:714)
	at org.apache.hadoop.ozone.client.rpc.TestBlockOutputStreamWithFailures.validateData(TestBlockOutputStreamWithFailures.java:1216)
	at org.apache.hadoop.ozone.client.rpc.TestBlockOutputStreamWithFailures.testWatchForCommitWithCloseContainerException(TestBlockOutputStreamWithFailures.java:260)
	at sun.reflect.NativeMethodAccessorImpl.invoke0(Native Method)
	at sun.reflect.NativeMethodAccessorImpl.invoke(NativeMethodAccessorImpl.java:62)
	at sun.reflect.DelegatingMethodAccessorImpl.invoke(DelegatingMethodAccessorImpl.java:43)
	at java.lang.reflect.Method.invoke(Method.java:498)
	at org.junit.runners.model.FrameworkMethod$1.runReflectiveCall(FrameworkMethod.java:47)
	at org.junit.internal.runners.model.ReflectiveCallable.run(ReflectiveCallable.java:12)
	at org.junit.runners.model.FrameworkMethod.invokeExplosively(FrameworkMethod.java:44)
	at org.junit.internal.runners.statements.InvokeMethod.evaluate(InvokeMethod.java:17)
	at org.junit.internal.runners.statements.RunBefores.evaluate(RunBefores.java:26)
	at org.junit.internal.runners.statements.RunAfters.evaluate(RunAfters.java:27)
	at org.junit.runners.ParentRunner.runLeaf(ParentRunner.java:271)
	at org.junit.runners.BlockJUnit4ClassRunner.runChild(BlockJUnit4ClassRunner.java:70)
	at org.junit.runners.BlockJUnit4ClassRunner.runChild(BlockJUnit4ClassRunner.java:50)
	at org.junit.runners.ParentRunner$3.run(ParentRunner.java:238)
	at org.junit.runners.ParentRunner$1.schedule(ParentRunner.java:63)
	at org.junit.runners.ParentRunner.runChildren(ParentRunner.java:236)
	at org.junit.runners.ParentRunner.access$000(ParentRunner.java:53)
	at org.junit.runners.ParentRunner$2.evaluate(ParentRunner.java:229)
	at org.junit.runners.ParentRunner.run(ParentRunner.java:309)
	at org.apache.maven.surefire.junit4.JUnit4Provider.execute(JUnit4Provider.java:365)
	at org.apache.maven.surefire.junit4.JUnit4Provider.executeWithRerun(JUnit4Provider.java:273)
	at org.apache.maven.surefire.junit4.JUnit4Provider.executeTestSet(JUnit4Provider.java:238)
	at org.apache.maven.surefire.junit4.JUnit4Provider.invoke(JUnit4Provider.java:159)
	at org.apache.maven.surefire.booter.ForkedBooter.invokeProviderInSameClassLoader(ForkedBooter.java:384)
	at org.apache.maven.surefire.booter.ForkedBooter.runSuitesInProcess(ForkedBooter.java:345)
	at org.apache.maven.surefire.booter.ForkedBooter.execute(ForkedBooter.java:126)
	at org.apache.maven.surefire.booter.ForkedBooter.main(ForkedBooter.java:418)

Oct 02, 2019 11:48:57 AM org.apache.ratis.thirdparty.io.grpc.internal.ManagedChannelOrphanWrapper$ManagedChannelReference cleanQueue
SEVERE: *~*~*~ Channel ManagedChannelImpl{logId=3835, target=192.168.164.220:34841} was not shutdown properly!!! ~*~*~*
    Make sure to call shutdown()/shutdownNow() and wait until awaitTermination() returns true.
java.lang.RuntimeException: ManagedChannel allocation site
	at org.apache.ratis.thirdparty.io.grpc.internal.ManagedChannelOrphanWrapper$ManagedChannelReference.<init>(ManagedChannelOrphanWrapper.java:103)
	at org.apache.ratis.thirdparty.io.grpc.internal.ManagedChannelOrphanWrapper.<init>(ManagedChannelOrphanWrapper.java:53)
	at org.apache.ratis.thirdparty.io.grpc.internal.ManagedChannelOrphanWrapper.<init>(ManagedChannelOrphanWrapper.java:44)
	at org.apache.ratis.thirdparty.io.grpc.internal.AbstractManagedChannelImplBuilder.build(AbstractManagedChannelImplBuilder.java:411)
	at org.apache.ratis.grpc.client.GrpcClientProtocolClient.<init>(GrpcClientProtocolClient.java:128)
	at org.apache.ratis.grpc.client.GrpcClientRpc.lambda$new$0(GrpcClientRpc.java:55)
	at org.apache.ratis.util.PeerProxyMap$PeerAndProxy.lambda$getProxy$0(PeerProxyMap.java:61)
	at org.apache.ratis.util.LifeCycle.startAndTransition(LifeCycle.java:202)
	at org.apache.ratis.util.PeerProxyMap$PeerAndProxy.getProxy(PeerProxyMap.java:60)
	at org.apache.ratis.util.PeerProxyMap.getProxy(PeerProxyMap.java:108)
	at org.apache.ratis.grpc.client.GrpcClientRpc.sendRequestAsync(GrpcClientRpc.java:66)
	at org.apache.ratis.client.impl.OrderedAsync.sendRequest(OrderedAsync.java:208)
	at org.apache.ratis.client.impl.OrderedAsync.sendRequestWithRetry(OrderedAsync.java:169)
	at org.apache.ratis.util.SlidingWindow$Client.sendOrDelayRequest(SlidingWindow.java:278)
	at org.apache.ratis.util.SlidingWindow$Client.retry(SlidingWindow.java:294)
	at org.apache.ratis.client.impl.OrderedAsync.lambda$scheduleWithTimeout$7(OrderedAsync.java:195)
	at org.apache.ratis.util.TimeoutScheduler.lambda$onTimeout$0(TimeoutScheduler.java:113)
	at org.apache.ratis.util.TimeoutScheduler.lambda$onTimeout$1(TimeoutScheduler.java:133)
	at org.apache.ratis.util.LogUtils.runAndLog(LogUtils.java:50)
	at org.apache.ratis.util.LogUtils$1.run(LogUtils.java:91)
	at java.util.concurrent.Executors$RunnableAdapter.call(Executors.java:511)
	at java.util.concurrent.FutureTask.run(FutureTask.java:266)
	at java.util.concurrent.ScheduledThreadPoolExecutor$ScheduledFutureTask.access$201(ScheduledThreadPoolExecutor.java:180)
	at java.util.concurrent.ScheduledThreadPoolExecutor$ScheduledFutureTask.run(ScheduledThreadPoolExecutor.java:293)
	at java.util.concurrent.ThreadPoolExecutor.runWorker(ThreadPoolExecutor.java:1149)
	at java.util.concurrent.ThreadPoolExecutor$Worker.run(ThreadPoolExecutor.java:624)
	at java.lang.Thread.run(Thread.java:748)

Oct 02, 2019 11:48:57 AM org.apache.ratis.thirdparty.io.grpc.internal.ManagedChannelOrphanWrapper$ManagedChannelReference cleanQueue
SEVERE: *~*~*~ Channel ManagedChannelImpl{logId=3526, target=192.168.164.220:42264} was not shutdown properly!!! ~*~*~*
    Make sure to call shutdown()/shutdownNow() and wait until awaitTermination() returns true.
java.lang.RuntimeException: ManagedChannel allocation site
	at org.apache.ratis.thirdparty.io.grpc.internal.ManagedChannelOrphanWrapper$ManagedChannelReference.<init>(ManagedChannelOrphanWrapper.java:103)
	at org.apache.ratis.thirdparty.io.grpc.internal.ManagedChannelOrphanWrapper.<init>(ManagedChannelOrphanWrapper.java:53)
	at org.apache.ratis.thirdparty.io.grpc.internal.ManagedChannelOrphanWrapper.<init>(ManagedChannelOrphanWrapper.java:44)
	at org.apache.ratis.thirdparty.io.grpc.internal.AbstractManagedChannelImplBuilder.build(AbstractManagedChannelImplBuilder.java:411)
	at org.apache.hadoop.hdds.scm.XceiverClientGrpc.connectToDatanode(XceiverClientGrpc.java:181)
	at org.apache.hadoop.hdds.scm.XceiverClientGrpc.reconnect(XceiverClientGrpc.java:429)
	at org.apache.hadoop.hdds.scm.XceiverClientGrpc.sendCommandAsync(XceiverClientGrpc.java:378)
	at org.apache.hadoop.hdds.scm.XceiverClientGrpc.sendCommandWithRetry(XceiverClientGrpc.java:291)
	at org.apache.hadoop.hdds.scm.XceiverClientGrpc.sendCommandWithTraceIDAndRetry(XceiverClientGrpc.java:257)
	at org.apache.hadoop.hdds.scm.XceiverClientGrpc.sendCommand(XceiverClientGrpc.java:240)
	at org.apache.hadoop.hdds.scm.storage.ContainerProtocolCalls.readChunk(ContainerProtocolCalls.java:245)
	at org.apache.hadoop.hdds.scm.storage.ChunkInputStream.readChunk(ChunkInputStream.java:335)
	at org.apache.hadoop.hdds.scm.storage.ChunkInputStream.readChunkFromContainer(ChunkInputStream.java:307)
	at org.apache.hadoop.hdds.scm.storage.ChunkInputStream.prepareRead(ChunkInputStream.java:259)
	at org.apache.hadoop.hdds.scm.storage.ChunkInputStream.read(ChunkInputStream.java:144)
	at org.apache.hadoop.hdds.scm.storage.BlockInputStream.read(BlockInputStream.java:239)
	at org.apache.hadoop.ozone.client.io.KeyInputStream.read(KeyInputStream.java:171)
	at org.apache.hadoop.ozone.client.io.OzoneInputStream.read(OzoneInputStream.java:47)
	at java.io.InputStream.read(InputStream.java:101)
	at org.apache.hadoop.ozone.container.ContainerTestHelper.validateData(ContainerTestHelper.java:714)
	at org.apache.hadoop.ozone.client.rpc.TestBlockOutputStreamWithFailures.validateData(TestBlockOutputStreamWithFailures.java:1216)
	at org.apache.hadoop.ozone.client.rpc.TestBlockOutputStreamWithFailures.testFailureWithPrimeSizedData(TestBlockOutputStreamWithFailures.java:662)
	at sun.reflect.NativeMethodAccessorImpl.invoke0(Native Method)
	at sun.reflect.NativeMethodAccessorImpl.invoke(NativeMethodAccessorImpl.java:62)
	at sun.reflect.DelegatingMethodAccessorImpl.invoke(DelegatingMethodAccessorImpl.java:43)
	at java.lang.reflect.Method.invoke(Method.java:498)
	at org.junit.runners.model.FrameworkMethod$1.runReflectiveCall(FrameworkMethod.java:47)
	at org.junit.internal.runners.model.ReflectiveCallable.run(ReflectiveCallable.java:12)
	at org.junit.runners.model.FrameworkMethod.invokeExplosively(FrameworkMethod.java:44)
	at org.junit.internal.runners.statements.InvokeMethod.evaluate(InvokeMethod.java:17)
	at org.junit.internal.runners.statements.RunBefores.evaluate(RunBefores.java:26)
	at org.junit.internal.runners.statements.RunAfters.evaluate(RunAfters.java:27)
	at org.junit.runners.ParentRunner.runLeaf(ParentRunner.java:271)
	at org.junit.runners.BlockJUnit4ClassRunner.runChild(BlockJUnit4ClassRunner.java:70)
	at org.junit.runners.BlockJUnit4ClassRunner.runChild(BlockJUnit4ClassRunner.java:50)
	at org.junit.runners.ParentRunner$3.run(ParentRunner.java:238)
	at org.junit.runners.ParentRunner$1.schedule(ParentRunner.java:63)
	at org.junit.runners.ParentRunner.runChildren(ParentRunner.java:236)
	at org.junit.runners.ParentRunner.access$000(ParentRunner.java:53)
	at org.junit.runners.ParentRunner$2.evaluate(ParentRunner.java:229)
	at org.junit.runners.ParentRunner.run(ParentRunner.java:309)
	at org.apache.maven.surefire.junit4.JUnit4Provider.execute(JUnit4Provider.java:365)
	at org.apache.maven.surefire.junit4.JUnit4Provider.executeWithRerun(JUnit4Provider.java:273)
	at org.apache.maven.surefire.junit4.JUnit4Provider.executeTestSet(JUnit4Provider.java:238)
	at org.apache.maven.surefire.junit4.JUnit4Provider.invoke(JUnit4Provider.java:159)
	at org.apache.maven.surefire.booter.ForkedBooter.invokeProviderInSameClassLoader(ForkedBooter.java:384)
	at org.apache.maven.surefire.booter.ForkedBooter.runSuitesInProcess(ForkedBooter.java:345)
	at org.apache.maven.surefire.booter.ForkedBooter.execute(ForkedBooter.java:126)
	at org.apache.maven.surefire.booter.ForkedBooter.main(ForkedBooter.java:418)

Oct 02, 2019 11:48:57 AM org.apache.ratis.thirdparty.io.grpc.internal.ManagedChannelOrphanWrapper$ManagedChannelReference cleanQueue
SEVERE: *~*~*~ Channel ManagedChannelImpl{logId=3888, target=192.168.164.220:39854} was not shutdown properly!!! ~*~*~*
    Make sure to call shutdown()/shutdownNow() and wait until awaitTermination() returns true.
java.lang.RuntimeException: ManagedChannel allocation site
	at org.apache.ratis.thirdparty.io.grpc.internal.ManagedChannelOrphanWrapper$ManagedChannelReference.<init>(ManagedChannelOrphanWrapper.java:103)
	at org.apache.ratis.thirdparty.io.grpc.internal.ManagedChannelOrphanWrapper.<init>(ManagedChannelOrphanWrapper.java:53)
	at org.apache.ratis.thirdparty.io.grpc.internal.ManagedChannelOrphanWrapper.<init>(ManagedChannelOrphanWrapper.java:44)
	at org.apache.ratis.thirdparty.io.grpc.internal.AbstractManagedChannelImplBuilder.build(AbstractManagedChannelImplBuilder.java:411)
	at org.apache.hadoop.hdds.scm.XceiverClientGrpc.connectToDatanode(XceiverClientGrpc.java:181)
	at org.apache.hadoop.hdds.scm.XceiverClientGrpc.reconnect(XceiverClientGrpc.java:429)
	at org.apache.hadoop.hdds.scm.XceiverClientGrpc.sendCommandAsync(XceiverClientGrpc.java:378)
	at org.apache.hadoop.hdds.scm.XceiverClientGrpc.sendCommandWithRetry(XceiverClientGrpc.java:291)
	at org.apache.hadoop.hdds.scm.XceiverClientGrpc.sendCommandWithTraceIDAndRetry(XceiverClientGrpc.java:257)
	at org.apache.hadoop.hdds.scm.XceiverClientGrpc.sendCommand(XceiverClientGrpc.java:240)
	at org.apache.hadoop.hdds.scm.storage.ContainerProtocolCalls.readChunk(ContainerProtocolCalls.java:245)
	at org.apache.hadoop.hdds.scm.storage.ChunkInputStream.readChunk(ChunkInputStream.java:335)
	at org.apache.hadoop.hdds.scm.storage.ChunkInputStream.readChunkFromContainer(ChunkInputStream.java:307)
	at org.apache.hadoop.hdds.scm.storage.ChunkInputStream.prepareRead(ChunkInputStream.java:259)
	at org.apache.hadoop.hdds.scm.storage.ChunkInputStream.read(ChunkInputStream.java:144)
	at org.apache.hadoop.hdds.scm.storage.BlockInputStream.read(BlockInputStream.java:239)
	at org.apache.hadoop.ozone.client.io.KeyInputStream.read(KeyInputStream.java:171)
	at org.apache.hadoop.ozone.client.io.OzoneInputStream.read(OzoneInputStream.java:47)
	at java.io.InputStream.read(InputStream.java:101)
	at org.apache.hadoop.ozone.container.ContainerTestHelper.validateData(ContainerTestHelper.java:714)
	at org.apache.hadoop.ozone.client.rpc.TestBlockOutputStreamWithFailures.validateData(TestBlockOutputStreamWithFailures.java:1216)
	at org.apache.hadoop.ozone.client.rpc.TestBlockOutputStreamWithFailures.testWatchForCommitWithCloseContainerException(TestBlockOutputStreamWithFailures.java:260)
	at sun.reflect.NativeMethodAccessorImpl.invoke0(Native Method)
	at sun.reflect.NativeMethodAccessorImpl.invoke(NativeMethodAccessorImpl.java:62)
	at sun.reflect.DelegatingMethodAccessorImpl.invoke(DelegatingMethodAccessorImpl.java:43)
	at java.lang.reflect.Method.invoke(Method.java:498)
	at org.junit.runners.model.FrameworkMethod$1.runReflectiveCall(FrameworkMethod.java:47)
	at org.junit.internal.runners.model.ReflectiveCallable.run(ReflectiveCallable.java:12)
	at org.junit.runners.model.FrameworkMethod.invokeExplosively(FrameworkMethod.java:44)
	at org.junit.internal.runners.statements.InvokeMethod.evaluate(InvokeMethod.java:17)
	at org.junit.internal.runners.statements.RunBefores.evaluate(RunBefores.java:26)
	at org.junit.internal.runners.statements.RunAfters.evaluate(RunAfters.java:27)
	at org.junit.runners.ParentRunner.runLeaf(ParentRunner.java:271)
	at org.junit.runners.BlockJUnit4ClassRunner.runChild(BlockJUnit4ClassRunner.java:70)
	at org.junit.runners.BlockJUnit4ClassRunner.runChild(BlockJUnit4ClassRunner.java:50)
	at org.junit.runners.ParentRunner$3.run(ParentRunner.java:238)
	at org.junit.runners.ParentRunner$1.schedule(ParentRunner.java:63)
	at org.junit.runners.ParentRunner.runChildren(ParentRunner.java:236)
	at org.junit.runners.ParentRunner.access$000(ParentRunner.java:53)
	at org.junit.runners.ParentRunner$2.evaluate(ParentRunner.java:229)
	at org.junit.runners.ParentRunner.run(ParentRunner.java:309)
	at org.apache.maven.surefire.junit4.JUnit4Provider.execute(JUnit4Provider.java:365)
	at org.apache.maven.surefire.junit4.JUnit4Provider.executeWithRerun(JUnit4Provider.java:273)
	at org.apache.maven.surefire.junit4.JUnit4Provider.executeTestSet(JUnit4Provider.java:238)
	at org.apache.maven.surefire.junit4.JUnit4Provider.invoke(JUnit4Provider.java:159)
	at org.apache.maven.surefire.booter.ForkedBooter.invokeProviderInSameClassLoader(ForkedBooter.java:384)
	at org.apache.maven.surefire.booter.ForkedBooter.runSuitesInProcess(ForkedBooter.java:345)
	at org.apache.maven.surefire.booter.ForkedBooter.execute(ForkedBooter.java:126)
	at org.apache.maven.surefire.booter.ForkedBooter.main(ForkedBooter.java:418)

Oct 02, 2019 11:48:57 AM org.apache.ratis.thirdparty.io.grpc.internal.ManagedChannelOrphanWrapper$ManagedChannelReference cleanQueue
SEVERE: *~*~*~ Channel ManagedChannelImpl{logId=3511, target=192.168.164.220:42677} was not shutdown properly!!! ~*~*~*
    Make sure to call shutdown()/shutdownNow() and wait until awaitTermination() returns true.
java.lang.RuntimeException: ManagedChannel allocation site
	at org.apache.ratis.thirdparty.io.grpc.internal.ManagedChannelOrphanWrapper$ManagedChannelReference.<init>(ManagedChannelOrphanWrapper.java:103)
	at org.apache.ratis.thirdparty.io.grpc.internal.ManagedChannelOrphanWrapper.<init>(ManagedChannelOrphanWrapper.java:53)
	at org.apache.ratis.thirdparty.io.grpc.internal.ManagedChannelOrphanWrapper.<init>(ManagedChannelOrphanWrapper.java:44)
	at org.apache.ratis.thirdparty.io.grpc.internal.AbstractManagedChannelImplBuilder.build(AbstractManagedChannelImplBuilder.java:411)
	at org.apache.hadoop.hdds.scm.XceiverClientGrpc.connectToDatanode(XceiverClientGrpc.java:181)
	at org.apache.hadoop.hdds.scm.XceiverClientGrpc.reconnect(XceiverClientGrpc.java:429)
	at org.apache.hadoop.hdds.scm.XceiverClientGrpc.sendCommandAsync(XceiverClientGrpc.java:378)
	at org.apache.hadoop.hdds.scm.XceiverClientGrpc.sendCommandWithRetry(XceiverClientGrpc.java:291)
	at org.apache.hadoop.hdds.scm.XceiverClientGrpc.sendCommandWithTraceIDAndRetry(XceiverClientGrpc.java:257)
	at org.apache.hadoop.hdds.scm.XceiverClientGrpc.sendCommand(XceiverClientGrpc.java:240)
	at org.apache.hadoop.hdds.scm.storage.ContainerProtocolCalls.getBlock(ContainerProtocolCalls.java:118)
	at org.apache.hadoop.hdds.scm.storage.BlockInputStream.getChunkInfos(BlockInputStream.java:167)
	at org.apache.hadoop.hdds.scm.storage.BlockInputStream.initialize(BlockInputStream.java:118)
	at org.apache.hadoop.hdds.scm.storage.BlockInputStream.read(BlockInputStream.java:222)
	at org.apache.hadoop.ozone.client.io.KeyInputStream.read(KeyInputStream.java:171)
	at org.apache.hadoop.ozone.client.io.OzoneInputStream.read(OzoneInputStream.java:47)
	at java.io.InputStream.read(InputStream.java:101)
	at org.apache.hadoop.ozone.container.ContainerTestHelper.validateData(ContainerTestHelper.java:714)
	at org.apache.hadoop.ozone.client.rpc.TestBlockOutputStreamWithFailures.validateData(TestBlockOutputStreamWithFailures.java:1216)
	at org.apache.hadoop.ozone.client.rpc.TestBlockOutputStreamWithFailures.testFailureWithPrimeSizedData(TestBlockOutputStreamWithFailures.java:662)
	at sun.reflect.NativeMethodAccessorImpl.invoke0(Native Method)
	at sun.reflect.NativeMethodAccessorImpl.invoke(NativeMethodAccessorImpl.java:62)
	at sun.reflect.DelegatingMethodAccessorImpl.invoke(DelegatingMethodAccessorImpl.java:43)
	at java.lang.reflect.Method.invoke(Method.java:498)
	at org.junit.runners.model.FrameworkMethod$1.runReflectiveCall(FrameworkMethod.java:47)
	at org.junit.internal.runners.model.ReflectiveCallable.run(ReflectiveCallable.java:12)
	at org.junit.runners.model.FrameworkMethod.invokeExplosively(FrameworkMethod.java:44)
	at org.junit.internal.runners.statements.InvokeMethod.evaluate(InvokeMethod.java:17)
	at org.junit.internal.runners.statements.RunBefores.evaluate(RunBefores.java:26)
	at org.junit.internal.runners.statements.RunAfters.evaluate(RunAfters.java:27)
	at org.junit.runners.ParentRunner.runLeaf(ParentRunner.java:271)
	at org.junit.runners.BlockJUnit4ClassRunner.runChild(BlockJUnit4ClassRunner.java:70)
	at org.junit.runners.BlockJUnit4ClassRunner.runChild(BlockJUnit4ClassRunner.java:50)
	at org.junit.runners.ParentRunner$3.run(ParentRunner.java:238)
	at org.junit.runners.ParentRunner$1.schedule(ParentRunner.java:63)
	at org.junit.runners.ParentRunner.runChildren(ParentRunner.java:236)
	at org.junit.runners.ParentRunner.access$000(ParentRunner.java:53)
	at org.junit.runners.ParentRunner$2.evaluate(ParentRunner.java:229)
	at org.junit.runners.ParentRunner.run(ParentRunner.java:309)
	at org.apache.maven.surefire.junit4.JUnit4Provider.execute(JUnit4Provider.java:365)
	at org.apache.maven.surefire.junit4.JUnit4Provider.executeWithRerun(JUnit4Provider.java:273)
	at org.apache.maven.surefire.junit4.JUnit4Provider.executeTestSet(JUnit4Provider.java:238)
	at org.apache.maven.surefire.junit4.JUnit4Provider.invoke(JUnit4Provider.java:159)
	at org.apache.maven.surefire.booter.ForkedBooter.invokeProviderInSameClassLoader(ForkedBooter.java:384)
	at org.apache.maven.surefire.booter.ForkedBooter.runSuitesInProcess(ForkedBooter.java:345)
	at org.apache.maven.surefire.booter.ForkedBooter.execute(ForkedBooter.java:126)
	at org.apache.maven.surefire.booter.ForkedBooter.main(ForkedBooter.java:418)

Oct 02, 2019 11:48:57 AM org.apache.ratis.thirdparty.io.grpc.internal.ManagedChannelOrphanWrapper$ManagedChannelReference cleanQueue
SEVERE: *~*~*~ Channel ManagedChannelImpl{logId=3868, target=192.168.164.220:39037} was not shutdown properly!!! ~*~*~*
    Make sure to call shutdown()/shutdownNow() and wait until awaitTermination() returns true.
java.lang.RuntimeException: ManagedChannel allocation site
	at org.apache.ratis.thirdparty.io.grpc.internal.ManagedChannelOrphanWrapper$ManagedChannelReference.<init>(ManagedChannelOrphanWrapper.java:103)
	at org.apache.ratis.thirdparty.io.grpc.internal.ManagedChannelOrphanWrapper.<init>(ManagedChannelOrphanWrapper.java:53)
	at org.apache.ratis.thirdparty.io.grpc.internal.ManagedChannelOrphanWrapper.<init>(ManagedChannelOrphanWrapper.java:44)
	at org.apache.ratis.thirdparty.io.grpc.internal.AbstractManagedChannelImplBuilder.build(AbstractManagedChannelImplBuilder.java:411)
	at org.apache.hadoop.hdds.scm.XceiverClientGrpc.connectToDatanode(XceiverClientGrpc.java:181)
	at org.apache.hadoop.hdds.scm.XceiverClientGrpc.reconnect(XceiverClientGrpc.java:429)
	at org.apache.hadoop.hdds.scm.XceiverClientGrpc.sendCommandAsync(XceiverClientGrpc.java:378)
	at org.apache.hadoop.hdds.scm.XceiverClientGrpc.sendCommandWithRetry(XceiverClientGrpc.java:291)
	at org.apache.hadoop.hdds.scm.XceiverClientGrpc.sendCommandWithTraceIDAndRetry(XceiverClientGrpc.java:257)
	at org.apache.hadoop.hdds.scm.XceiverClientGrpc.sendCommand(XceiverClientGrpc.java:240)
	at org.apache.hadoop.hdds.scm.storage.ContainerProtocolCalls.getBlock(ContainerProtocolCalls.java:118)
	at org.apache.hadoop.hdds.scm.storage.BlockInputStream.getChunkInfos(BlockInputStream.java:167)
	at org.apache.hadoop.hdds.scm.storage.BlockInputStream.initialize(BlockInputStream.java:118)
	at org.apache.hadoop.hdds.scm.storage.BlockInputStream.read(BlockInputStream.java:222)
	at org.apache.hadoop.ozone.client.io.KeyInputStream.read(KeyInputStream.java:171)
	at org.apache.hadoop.ozone.client.io.OzoneInputStream.read(OzoneInputStream.java:47)
	at java.io.InputStream.read(InputStream.java:101)
	at org.apache.hadoop.ozone.container.ContainerTestHelper.validateData(ContainerTestHelper.java:714)
	at org.apache.hadoop.ozone.client.rpc.TestBlockOutputStreamWithFailures.validateData(TestBlockOutputStreamWithFailures.java:1216)
	at org.apache.hadoop.ozone.client.rpc.TestBlockOutputStreamWithFailures.testWatchForCommitWithCloseContainerException(TestBlockOutputStreamWithFailures.java:260)
	at sun.reflect.NativeMethodAccessorImpl.invoke0(Native Method)
	at sun.reflect.NativeMethodAccessorImpl.invoke(NativeMethodAccessorImpl.java:62)
	at sun.reflect.DelegatingMethodAccessorImpl.invoke(DelegatingMethodAccessorImpl.java:43)
	at java.lang.reflect.Method.invoke(Method.java:498)
	at org.junit.runners.model.FrameworkMethod$1.runReflectiveCall(FrameworkMethod.java:47)
	at org.junit.internal.runners.model.ReflectiveCallable.run(ReflectiveCallable.java:12)
	at org.junit.runners.model.FrameworkMethod.invokeExplosively(FrameworkMethod.java:44)
	at org.junit.internal.runners.statements.InvokeMethod.evaluate(InvokeMethod.java:17)
	at org.junit.internal.runners.statements.RunBefores.evaluate(RunBefores.java:26)
	at org.junit.internal.runners.statements.RunAfters.evaluate(RunAfters.java:27)
	at org.junit.runners.ParentRunner.runLeaf(ParentRunner.java:271)
	at org.junit.runners.BlockJUnit4ClassRunner.runChild(BlockJUnit4ClassRunner.java:70)
	at org.junit.runners.BlockJUnit4ClassRunner.runChild(BlockJUnit4ClassRunner.java:50)
	at org.junit.runners.ParentRunner$3.run(ParentRunner.java:238)
	at org.junit.runners.ParentRunner$1.schedule(ParentRunner.java:63)
	at org.junit.runners.ParentRunner.runChildren(ParentRunner.java:236)
	at org.junit.runners.ParentRunner.access$000(ParentRunner.java:53)
	at org.junit.runners.ParentRunner$2.evaluate(ParentRunner.java:229)
	at org.junit.runners.ParentRunner.run(ParentRunner.java:309)
	at org.apache.maven.surefire.junit4.JUnit4Provider.execute(JUnit4Provider.java:365)
	at org.apache.maven.surefire.junit4.JUnit4Provider.executeWithRerun(JUnit4Provider.java:273)
	at org.apache.maven.surefire.junit4.JUnit4Provider.executeTestSet(JUnit4Provider.java:238)
	at org.apache.maven.surefire.junit4.JUnit4Provider.invoke(JUnit4Provider.java:159)
	at org.apache.maven.surefire.booter.ForkedBooter.invokeProviderInSameClassLoader(ForkedBooter.java:384)
	at org.apache.maven.surefire.booter.ForkedBooter.runSuitesInProcess(ForkedBooter.java:345)
	at org.apache.maven.surefire.booter.ForkedBooter.execute(ForkedBooter.java:126)
	at org.apache.maven.surefire.booter.ForkedBooter.main(ForkedBooter.java:418)

Oct 02, 2019 11:49:10 AM org.apache.ratis.thirdparty.io.grpc.internal.SerializingExecutor run
SEVERE: Exception while executing runnable org.apache.ratis.thirdparty.io.grpc.internal.ServerImpl$JumpToApplicationThreadServerStreamListener$1Closed@542d1d06
org.apache.ratis.thirdparty.io.grpc.StatusRuntimeException: CANCELLED: call already cancelled
	at org.apache.ratis.thirdparty.io.grpc.Status.asRuntimeException(Status.java:517)
	at org.apache.ratis.thirdparty.io.grpc.stub.ServerCalls$ServerCallStreamObserverImpl.onCompleted(ServerCalls.java:356)
	at org.apache.ratis.grpc.server.GrpcServerProtocolService$ServerRequestStreamObserver.onError(GrpcServerProtocolService.java:121)
	at org.apache.ratis.thirdparty.io.grpc.stub.ServerCalls$StreamingServerCallHandler$StreamingServerCallListener.onCancel(ServerCalls.java:269)
	at org.apache.ratis.thirdparty.io.grpc.internal.ServerCallImpl$ServerStreamListenerImpl.closed(ServerCallImpl.java:293)
	at org.apache.ratis.thirdparty.io.grpc.internal.ServerImpl$JumpToApplicationThreadServerStreamListener$1Closed.runInContext(ServerImpl.java:741)
	at org.apache.ratis.thirdparty.io.grpc.internal.ContextRunnable.run(ContextRunnable.java:37)
	at org.apache.ratis.thirdparty.io.grpc.internal.SerializingExecutor.run(SerializingExecutor.java:123)
	at java.util.concurrent.ThreadPoolExecutor.runWorker(ThreadPoolExecutor.java:1149)
	at java.util.concurrent.ThreadPoolExecutor$Worker.run(ThreadPoolExecutor.java:624)
	at java.lang.Thread.run(Thread.java:748)

Oct 02, 2019 11:49:10 AM org.apache.ratis.thirdparty.io.grpc.internal.SerializingExecutor run
SEVERE: Exception while executing runnable org.apache.ratis.thirdparty.io.grpc.internal.ServerImpl$JumpToApplicationThreadServerStreamListener$1Closed@74a0de23
org.apache.ratis.thirdparty.io.grpc.StatusRuntimeException: CANCELLED: call already cancelled
	at org.apache.ratis.thirdparty.io.grpc.Status.asRuntimeException(Status.java:517)
	at org.apache.ratis.thirdparty.io.grpc.stub.ServerCalls$ServerCallStreamObserverImpl.onCompleted(ServerCalls.java:356)
	at org.apache.ratis.grpc.server.GrpcServerProtocolService$ServerRequestStreamObserver.onError(GrpcServerProtocolService.java:121)
	at org.apache.ratis.thirdparty.io.grpc.stub.ServerCalls$StreamingServerCallHandler$StreamingServerCallListener.onCancel(ServerCalls.java:269)
	at org.apache.ratis.thirdparty.io.grpc.internal.ServerCallImpl$ServerStreamListenerImpl.closed(ServerCallImpl.java:293)
	at org.apache.ratis.thirdparty.io.grpc.internal.ServerImpl$JumpToApplicationThreadServerStreamListener$1Closed.runInContext(ServerImpl.java:741)
	at org.apache.ratis.thirdparty.io.grpc.internal.ContextRunnable.run(ContextRunnable.java:37)
	at org.apache.ratis.thirdparty.io.grpc.internal.SerializingExecutor.run(SerializingExecutor.java:123)
	at java.util.concurrent.ThreadPoolExecutor.runWorker(ThreadPoolExecutor.java:1149)
	at java.util.concurrent.ThreadPoolExecutor$Worker.run(ThreadPoolExecutor.java:624)
	at java.lang.Thread.run(Thread.java:748)

]]></system-err>
  </testcase>
</testsuite>