<?xml version="1.0" encoding="UTF-8"?>
<testsuite xmlns:xsi="http://www.w3.org/2001/XMLSchema-instance" xsi:noNamespaceSchemaLocation="https://maven.apache.org/surefire/maven-surefire-plugin/xsd/surefire-test-report.xsd" name="org.apache.hadoop.ozone.client.rpc.TestWatchForCommit" time="256.141" tests="5" errors="1" skipped="0" failures="0">
  <properties>
    <property name="awt.toolkit" value="sun.awt.X11.XToolkit"/>
    <property name="file.encoding.pkg" value="sun.io"/>
    <property name="java.specification.version" value="1.8"/>
    <property name="sun.cpu.isalist" value=""/>
    <property name="sun.jnu.encoding" value="UTF-8"/>
    <property name="java.class.path" value="/workdir/hadoop-ozone/integration-test/target/test-classes:/workdir/hadoop-ozone/integration-test/target/classes:/home/user/.m2/repository/org/apache/hadoop/hadoop-ozone-common/0.5.0-SNAPSHOT/hadoop-ozone-common-0.5.0-SNAPSHOT.jar:/home/user/.m2/repository/org/apache/commons/commons-compress/1.4.1/commons-compress-1.4.1.jar:/home/user/.m2/repository/org/tukaani/xz/1.0/xz-1.0.jar:/home/user/.m2/repository/org/apache/hadoop/hadoop-common/3.2.0/hadoop-common-3.2.0.jar:/home/user/.m2/repository/org/apache/hadoop/hadoop-hdfs/3.2.0/hadoop-hdfs-3.2.0.jar:/home/user/.m2/repository/org/apache/hadoop/hadoop-hdfs-client/3.2.0/hadoop-hdfs-client-3.2.0.jar:/home/user/.m2/repository/com/fasterxml/jackson/core/jackson-annotations/2.9.9/jackson-annotations-2.9.9.jar:/home/user/.m2/repository/org/apache/hadoop/hadoop-hdds-common/0.5.0-SNAPSHOT/hadoop-hdds-common-0.5.0-SNAPSHOT.jar:/home/user/.m2/repository/javax/annotation/javax.annotation-api/1.2/javax.annotation-api-1.2.jar:/home/user/.m2/repository/org/apache/ratis/ratis-server/0.5.0-201fc85-SNAPSHOT/ratis-server-0.5.0-201fc85-SNAPSHOT.jar:/home/user/.m2/repository/org/apache/ratis/ratis-thirdparty-misc/0.2.0/ratis-thirdparty-misc-0.2.0.jar:/home/user/.m2/repository/org/apache/ratis/ratis-proto/0.5.0-201fc85-SNAPSHOT/ratis-proto-0.5.0-201fc85-SNAPSHOT.jar:/home/user/.m2/repository/org/apache/ratis/ratis-common/0.5.0-201fc85-SNAPSHOT/ratis-common-0.5.0-201fc85-SNAPSHOT.jar:/home/user/.m2/repository/org/apache/ratis/ratis-client/0.5.0-201fc85-SNAPSHOT/ratis-client-0.5.0-201fc85-SNAPSHOT.jar:/home/user/.m2/repository/org/apache/ratis/ratis-metrics/0.5.0-201fc85-SNAPSHOT/ratis-metrics-0.5.0-201fc85-SNAPSHOT.jar:/home/user/.m2/repository/com/github/joshelser/dropwizard-metrics-hadoop-metrics2-reporter/0.1.2/dropwizard-metrics-hadoop-metrics2-reporter-0.1.2.jar:/home/user/.m2/repository/io/dropwizard/metrics/metrics-jvm/3.2.5/metrics-jvm-3.2.5.jar:/home/user/.m2/repository/io/dropwizard/metrics/metrics-ganglia/3.2.5/metrics-ganglia-3.2.5.jar:/home/user/.m2/repository/info/ganglia/gmetric4j/gmetric4j/1.0.7/gmetric4j-1.0.7.jar:/home/user/.m2/repository/org/apache/ratis/ratis-netty/0.5.0-201fc85-SNAPSHOT/ratis-netty-0.5.0-201fc85-SNAPSHOT.jar:/home/user/.m2/repository/org/apache/ratis/ratis-grpc/0.5.0-201fc85-SNAPSHOT/ratis-grpc-0.5.0-201fc85-SNAPSHOT.jar:/home/user/.m2/repository/org/rocksdb/rocksdbjni/6.0.1/rocksdbjni-6.0.1.jar:/home/user/.m2/repository/org/apache/logging/log4j/log4j-api/2.11.0/log4j-api-2.11.0.jar:/home/user/.m2/repository/org/apache/logging/log4j/log4j-core/2.11.0/log4j-core-2.11.0.jar:/home/user/.m2/repository/com/lmax/disruptor/3.4.2/disruptor-3.4.2.jar:/home/user/.m2/repository/org/apache/commons/commons-pool2/2.6.0/commons-pool2-2.6.0.jar:/home/user/.m2/repository/org/bouncycastle/bcpkix-jdk15on/1.60/bcpkix-jdk15on-1.60.jar:/home/user/.m2/repository/commons-validator/commons-validator/1.6/commons-validator-1.6.jar:/home/user/.m2/repository/commons-digester/commons-digester/1.8.1/commons-digester-1.8.1.jar:/home/user/.m2/repository/io/jaegertracing/jaeger-client/0.34.0/jaeger-client-0.34.0.jar:/home/user/.m2/repository/io/jaegertracing/jaeger-thrift/0.34.0/jaeger-thrift-0.34.0.jar:/home/user/.m2/repository/org/apache/thrift/libthrift/0.12.0/libthrift-0.12.0.jar:/home/user/.m2/repository/com/squareup/okhttp3/okhttp/3.9.0/okhttp-3.9.0.jar:/home/user/.m2/repository/com/squareup/okio/okio/1.13.0/okio-1.13.0.jar:/home/user/.m2/repository/io/jaegertracing/jaeger-core/0.34.0/jaeger-core-0.34.0.jar:/home/user/.m2/repository/io/jaegertracing/jaeger-tracerresolver/0.34.0/jaeger-tracerresolver-0.34.0.jar:/home/user/.m2/repository/io/opentracing/contrib/opentracing-tracerresolver/0.1.5/opentracing-tracerresolver-0.1.5.jar:/home/user/.m2/repository/io/opentracing/opentracing-util/0.31.0/opentracing-util-0.31.0.jar:/home/user/.m2/repository/io/opentracing/opentracing-api/0.31.0/opentracing-api-0.31.0.jar:/home/user/.m2/repository/io/opentracing/opentracing-noop/0.31.0/opentracing-noop-0.31.0.jar:/home/user/.m2/repository/org/apache/hadoop/hadoop-hdds-server-framework/0.5.0-SNAPSHOT/hadoop-hdds-server-framework-0.5.0-SNAPSHOT.jar:/home/user/.m2/repository/org/apache/hadoop/hadoop-hdds-container-service/0.5.0-SNAPSHOT/hadoop-hdds-container-service-0.5.0-SNAPSHOT.jar:/home/user/.m2/repository/org/apache/hadoop/hadoop-hdds-client/0.5.0-SNAPSHOT/hadoop-hdds-client-0.5.0-SNAPSHOT.jar:/home/user/.m2/repository/org/apache/hadoop/hadoop-hdds-tools/0.5.0-SNAPSHOT/hadoop-hdds-tools-0.5.0-SNAPSHOT.jar:/home/user/.m2/repository/org/apache/hadoop/hadoop-hdds-server-scm/0.5.0-SNAPSHOT/hadoop-hdds-server-scm-0.5.0-SNAPSHOT.jar:/home/user/.m2/repository/org/apache/hadoop/hadoop-hdds-docs/0.5.0-SNAPSHOT/hadoop-hdds-docs-0.5.0-SNAPSHOT.jar:/home/user/.m2/repository/io/dropwizard/metrics/metrics-core/3.2.4/metrics-core-3.2.4.jar:/home/user/.m2/repository/org/hamcrest/hamcrest-all/1.3/hamcrest-all-1.3.jar:/home/user/.m2/repository/org/bouncycastle/bcprov-jdk15on/1.60/bcprov-jdk15on-1.60.jar:/home/user/.m2/repository/info/picocli/picocli/3.9.6/picocli-3.9.6.jar:/home/user/.m2/repository/com/google/protobuf/protobuf-java/2.5.0/protobuf-java-2.5.0.jar:/home/user/.m2/repository/com/google/guava/guava/11.0.2/guava-11.0.2.jar:/home/user/.m2/repository/org/apache/hadoop/hadoop-ozone-ozone-manager/0.5.0-SNAPSHOT/hadoop-ozone-ozone-manager-0.5.0-SNAPSHOT.jar:/home/user/.m2/repository/org/apache/hadoop/hadoop-minikdc/3.2.0/hadoop-minikdc-3.2.0.jar:/home/user/.m2/repository/commons-io/commons-io/2.5/commons-io-2.5.jar:/home/user/.m2/repository/org/apache/kerby/kerb-simplekdc/1.0.1/kerb-simplekdc-1.0.1.jar:/home/user/.m2/repository/org/apache/kerby/kerb-client/1.0.1/kerb-client-1.0.1.jar:/home/user/.m2/repository/org/apache/kerby/kerby-config/1.0.1/kerby-config-1.0.1.jar:/home/user/.m2/repository/org/apache/kerby/kerb-core/1.0.1/kerb-core-1.0.1.jar:/home/user/.m2/repository/org/apache/kerby/kerby-pkix/1.0.1/kerby-pkix-1.0.1.jar:/home/user/.m2/repository/org/apache/kerby/kerby-asn1/1.0.1/kerby-asn1-1.0.1.jar:/home/user/.m2/repository/org/apache/kerby/kerby-util/1.0.1/kerby-util-1.0.1.jar:/home/user/.m2/repository/org/apache/kerby/kerb-common/1.0.1/kerb-common-1.0.1.jar:/home/user/.m2/repository/org/apache/kerby/kerb-crypto/1.0.1/kerb-crypto-1.0.1.jar:/home/user/.m2/repository/org/apache/kerby/kerb-util/1.0.1/kerb-util-1.0.1.jar:/home/user/.m2/repository/org/apache/kerby/token-provider/1.0.1/token-provider-1.0.1.jar:/home/user/.m2/repository/org/apache/kerby/kerb-admin/1.0.1/kerb-admin-1.0.1.jar:/home/user/.m2/repository/org/apache/kerby/kerb-server/1.0.1/kerb-server-1.0.1.jar:/home/user/.m2/repository/org/apache/kerby/kerb-identity/1.0.1/kerb-identity-1.0.1.jar:/home/user/.m2/repository/org/apache/kerby/kerby-xdr/1.0.1/kerby-xdr-1.0.1.jar:/home/user/.m2/repository/org/slf4j/slf4j-log4j12/1.7.25/slf4j-log4j12-1.7.25.jar:/home/user/.m2/repository/org/apache/hadoop/hadoop-ozone-s3gateway/0.5.0-SNAPSHOT/hadoop-ozone-s3gateway-0.5.0-SNAPSHOT.jar:/home/user/.m2/repository/org/jboss/weld/servlet/weld-servlet/2.4.7.Final/weld-servlet-2.4.7.Final.jar:/home/user/.m2/repository/org/glassfish/jersey/containers/jersey-container-servlet-core/2.27/jersey-container-servlet-core-2.27.jar:/home/user/.m2/repository/org/glassfish/hk2/external/javax.inject/2.5.0-b42/javax.inject-2.5.0-b42.jar:/home/user/.m2/repository/org/glassfish/jersey/core/jersey-common/2.27/jersey-common-2.27.jar:/home/user/.m2/repository/org/glassfish/hk2/osgi-resource-locator/1.0.1/osgi-resource-locator-1.0.1.jar:/home/user/.m2/repository/javax/ws/rs/javax.ws.rs-api/2.1/javax.ws.rs-api-2.1.jar:/home/user/.m2/repository/org/glassfish/jersey/ext/cdi/jersey-cdi1x/2.27/jersey-cdi1x-2.27.jar:/home/user/.m2/repository/org/glassfish/jersey/inject/jersey-hk2/2.27/jersey-hk2-2.27.jar:/home/user/.m2/repository/org/glassfish/hk2/hk2-locator/2.5.0-b42/hk2-locator-2.5.0-b42.jar:/home/user/.m2/repository/org/javassist/javassist/3.22.0-CR2/javassist-3.22.0-CR2.jar:/home/user/.m2/repository/org/glassfish/hk2/hk2-api/2.5.0/hk2-api-2.5.0.jar:/home/user/.m2/repository/org/glassfish/hk2/external/jakarta.inject/2.5.0/jakarta.inject-2.5.0.jar:/home/user/.m2/repository/org/glassfish/hk2/hk2-utils/2.5.0/hk2-utils-2.5.0.jar:/home/user/.m2/repository/jakarta/annotation/jakarta.annotation-api/1.3.4/jakarta.annotation-api-1.3.4.jar:/home/user/.m2/repository/org/glassfish/hk2/external/aopalliance-repackaged/2.5.0/aopalliance-repackaged-2.5.0.jar:/home/user/.m2/repository/com/fasterxml/jackson/dataformat/jackson-dataformat-xml/2.9.0/jackson-dataformat-xml-2.9.0.jar:/home/user/.m2/repository/com/fasterxml/jackson/core/jackson-core/2.9.9/jackson-core-2.9.9.jar:/home/user/.m2/repository/com/fasterxml/jackson/module/jackson-module-jaxb-annotations/2.9.9/jackson-module-jaxb-annotations-2.9.9.jar:/home/user/.m2/repository/javax/enterprise/cdi-api/1.2/cdi-api-1.2.jar:/home/user/.m2/repository/javax/el/javax.el-api/3.0.0/javax.el-api-3.0.0.jar:/home/user/.m2/repository/javax/interceptor/javax.interceptor-api/1.2/javax.interceptor-api-1.2.jar:/home/user/.m2/repository/javax/inject/javax.inject/1/javax.inject-1.jar:/home/user/.m2/repository/com/sun/xml/bind/jaxb-impl/2.3.0.1/jaxb-impl-2.3.0.1.jar:/home/user/.m2/repository/com/sun/xml/bind/jaxb-core/2.3.0.1/jaxb-core-2.3.0.1.jar:/home/user/.m2/repository/javax/xml/bind/jaxb-api/2.3.0/jaxb-api-2.3.0.jar:/home/user/.m2/repository/javax/activation/activation/1.1.1/activation-1.1.1.jar:/home/user/.m2/repository/org/apache/hadoop/hadoop-ozone-csi/0.5.0-SNAPSHOT/hadoop-ozone-csi-0.5.0-SNAPSHOT.jar:/home/user/.m2/repository/com/google/protobuf/protobuf-java-util/3.5.1/protobuf-java-util-3.5.1.jar:/home/user/.m2/repository/org/apache/hadoop/hadoop-hdds-config/0.5.0-SNAPSHOT/hadoop-hdds-config-0.5.0-SNAPSHOT.jar:/home/user/.m2/repository/io/grpc/grpc-netty/1.17.1/grpc-netty-1.17.1.jar:/home/user/.m2/repository/io/grpc/grpc-core/1.17.1/grpc-core-1.17.1.jar:/home/user/.m2/repository/io/grpc/grpc-context/1.17.1/grpc-context-1.17.1.jar:/home/user/.m2/repository/com/google/errorprone/error_prone_annotations/2.2.0/error_prone_annotations-2.2.0.jar:/home/user/.m2/repository/org/codehaus/mojo/animal-sniffer-annotations/1.17/animal-sniffer-annotations-1.17.jar:/home/user/.m2/repository/io/opencensus/opencensus-api/0.17.0/opencensus-api-0.17.0.jar:/home/user/.m2/repository/io/opencensus/opencensus-contrib-grpc-metrics/0.17.0/opencensus-contrib-grpc-metrics-0.17.0.jar:/home/user/.m2/repository/io/netty/netty-codec-http2/4.1.30.Final/netty-codec-http2-4.1.30.Final.jar:/home/user/.m2/repository/io/netty/netty-codec-http/4.1.30.Final/netty-codec-http-4.1.30.Final.jar:/home/user/.m2/repository/io/netty/netty-codec/4.1.30.Final/netty-codec-4.1.30.Final.jar:/home/user/.m2/repository/io/netty/netty-handler/4.1.30.Final/netty-handler-4.1.30.Final.jar:/home/user/.m2/repository/io/netty/netty-handler-proxy/4.1.30.Final/netty-handler-proxy-4.1.30.Final.jar:/home/user/.m2/repository/io/netty/netty-codec-socks/4.1.30.Final/netty-codec-socks-4.1.30.Final.jar:/home/user/.m2/repository/io/netty/netty-transport-native-epoll/4.1.30.Final/netty-transport-native-epoll-4.1.30.Final.jar:/home/user/.m2/repository/io/netty/netty-common/4.1.30.Final/netty-common-4.1.30.Final.jar:/home/user/.m2/repository/io/netty/netty-buffer/4.1.30.Final/netty-buffer-4.1.30.Final.jar:/home/user/.m2/repository/io/netty/netty-transport/4.1.30.Final/netty-transport-4.1.30.Final.jar:/home/user/.m2/repository/io/netty/netty-resolver/4.1.30.Final/netty-resolver-4.1.30.Final.jar:/home/user/.m2/repository/io/netty/netty-transport-native-unix-common/4.1.30.Final/netty-transport-native-unix-common-4.1.30.Final.jar:/home/user/.m2/repository/io/grpc/grpc-protobuf/1.17.1/grpc-protobuf-1.17.1.jar:/home/user/.m2/repository/com/google/api/grpc/proto-google-common-protos/1.0.0/proto-google-common-protos-1.0.0.jar:/home/user/.m2/repository/io/grpc/grpc-protobuf-lite/1.17.1/grpc-protobuf-lite-1.17.1.jar:/home/user/.m2/repository/io/grpc/grpc-stub/1.17.1/grpc-stub-1.17.1.jar:/home/user/.m2/repository/org/apache/hadoop/hadoop-ozone-recon/0.5.0-SNAPSHOT/hadoop-ozone-recon-0.5.0-SNAPSHOT.jar:/home/user/.m2/repository/org/apache/hadoop/hadoop-ozone-reconcodegen/0.5.0-SNAPSHOT/hadoop-ozone-reconcodegen-0.5.0-SNAPSHOT.jar:/home/user/.m2/repository/com/google/inject/extensions/guice-multibindings/4.0/guice-multibindings-4.0.jar:/home/user/.m2/repository/com/google/inject/guice/4.0/guice-4.0.jar:/home/user/.m2/repository/aopalliance/aopalliance/1.0/aopalliance-1.0.jar:/home/user/.m2/repository/com/google/inject/extensions/guice-servlet/4.0/guice-servlet-4.0.jar:/home/user/.m2/repository/org/glassfish/jersey/containers/jersey-container-servlet/2.27/jersey-container-servlet-2.27.jar:/home/user/.m2/repository/org/glassfish/hk2/guice-bridge/2.5.0/guice-bridge-2.5.0.jar:/home/user/.m2/repository/org/glassfish/jersey/core/jersey-server/2.27/jersey-server-2.27.jar:/home/user/.m2/repository/org/glassfish/jersey/core/jersey-client/2.27/jersey-client-2.27.jar:/home/user/.m2/repository/org/glassfish/jersey/media/jersey-media-jaxb/2.27/jersey-media-jaxb-2.27.jar:/home/user/.m2/repository/javax/validation/validation-api/1.1.0.Final/validation-api-1.1.0.Final.jar:/home/user/.m2/repository/org/glassfish/jersey/media/jersey-media-json-jackson/2.27/jersey-media-json-jackson-2.27.jar:/home/user/.m2/repository/org/glassfish/jersey/ext/jersey-entity-filtering/2.27/jersey-entity-filtering-2.27.jar:/home/user/.m2/repository/com/google/inject/extensions/guice-assistedinject/4.0/guice-assistedinject-4.0.jar:/home/user/.m2/repository/org/jooq/jooq/3.11.10/jooq-3.11.10.jar:/home/user/.m2/repository/org/jooq/jooq-meta/3.11.10/jooq-meta-3.11.10.jar:/home/user/.m2/repository/org/jooq/jooq-codegen/3.11.10/jooq-codegen-3.11.10.jar:/home/user/.m2/repository/com/jolbox/bonecp/0.8.0.RELEASE/bonecp-0.8.0.RELEASE.jar:/home/user/.m2/repository/org/xerial/sqlite-jdbc/3.25.2/sqlite-jdbc-3.25.2.jar:/home/user/.m2/repository/org/springframework/spring-jdbc/5.1.3.RELEASE/spring-jdbc-5.1.3.RELEASE.jar:/home/user/.m2/repository/org/springframework/spring-beans/5.1.3.RELEASE/spring-beans-5.1.3.RELEASE.jar:/home/user/.m2/repository/org/springframework/spring-core/5.1.3.RELEASE/spring-core-5.1.3.RELEASE.jar:/home/user/.m2/repository/org/springframework/spring-jcl/5.1.3.RELEASE/spring-jcl-5.1.3.RELEASE.jar:/home/user/.m2/repository/org/springframework/spring-tx/5.1.3.RELEASE/spring-tx-5.1.3.RELEASE.jar:/home/user/.m2/repository/org/apache/hadoop/hadoop-ozone-client/0.5.0-SNAPSHOT/hadoop-ozone-client-0.5.0-SNAPSHOT.jar:/home/user/.m2/repository/commons-lang/commons-lang/2.6/commons-lang-2.6.jar:/home/user/.m2/repository/org/apache/hadoop/hadoop-ozone-ozone-manager/0.5.0-SNAPSHOT/hadoop-ozone-ozone-manager-0.5.0-SNAPSHOT-tests.jar:/home/user/.m2/repository/junit/junit/4.11/junit-4.11.jar:/home/user/.m2/repository/org/hamcrest/hamcrest-core/1.3/hamcrest-core-1.3.jar:/home/user/.m2/repository/org/openjdk/jmh/jmh-core/1.19/jmh-core-1.19.jar:/home/user/.m2/repository/net/sf/jopt-simple/jopt-simple/4.6/jopt-simple-4.6.jar:/home/user/.m2/repository/org/apache/commons/commons-math3/3.1.1/commons-math3-3.1.1.jar:/home/user/.m2/repository/org/openjdk/jmh/jmh-generator-annprocess/1.19/jmh-generator-annprocess-1.19.jar:/home/user/.m2/repository/org/mockito/mockito-all/1.8.5/mockito-all-1.8.5.jar:/home/user/.m2/repository/org/apache/hadoop/hadoop-kms/3.2.0/hadoop-kms-3.2.0.jar:/home/user/.m2/repository/org/apache/hadoop/hadoop-auth/3.2.0/hadoop-auth-3.2.0.jar:/home/user/.m2/repository/com/nimbusds/nimbus-jose-jwt/4.41.1/nimbus-jose-jwt-4.41.1.jar:/home/user/.m2/repository/com/github/stephenc/jcip/jcip-annotations/1.0-1/jcip-annotations-1.0-1.jar:/home/user/.m2/repository/net/minidev/json-smart/2.3/json-smart-2.3.jar:/home/user/.m2/repository/net/minidev/accessors-smart/1.2/accessors-smart-1.2.jar:/home/user/.m2/repository/org/ow2/asm/asm/5.0.4/asm-5.0.4.jar:/home/user/.m2/repository/org/apache/curator/curator-framework/2.12.0/curator-framework-2.12.0.jar:/home/user/.m2/repository/com/sun/jersey/jersey-core/1.19/jersey-core-1.19.jar:/home/user/.m2/repository/javax/ws/rs/jsr311-api/1.1.1/jsr311-api-1.1.1.jar:/home/user/.m2/repository/com/sun/jersey/jersey-server/1.19/jersey-server-1.19.jar:/home/user/.m2/repository/javax/servlet/javax.servlet-api/3.1.0/javax.servlet-api-3.1.0.jar:/home/user/.m2/repository/org/eclipse/jetty/jetty-server/9.3.25.v20180904/jetty-server-9.3.25.v20180904.jar:/home/user/.m2/repository/org/eclipse/jetty/jetty-http/9.3.25.v20180904/jetty-http-9.3.25.v20180904.jar:/home/user/.m2/repository/org/eclipse/jetty/jetty-io/9.3.25.v20180904/jetty-io-9.3.25.v20180904.jar:/home/user/.m2/repository/org/eclipse/jetty/jetty-webapp/9.3.25.v20180904/jetty-webapp-9.3.25.v20180904.jar:/home/user/.m2/repository/org/eclipse/jetty/jetty-xml/9.3.25.v20180904/jetty-xml-9.3.25.v20180904.jar:/home/user/.m2/repository/log4j/log4j/1.2.17/log4j-1.2.17.jar:/home/user/.m2/repository/org/slf4j/slf4j-api/1.7.25/slf4j-api-1.7.25.jar:/home/user/.m2/repository/org/slf4j/jul-to-slf4j/1.7.25/jul-to-slf4j-1.7.25.jar:/home/user/.m2/repository/org/eclipse/jetty/jetty-util/9.3.25.v20180904/jetty-util-9.3.25.v20180904.jar:/home/user/.m2/repository/com/fasterxml/jackson/core/jackson-databind/2.9.9/jackson-databind-2.9.9.jar:/home/user/.m2/repository/org/apache/hadoop/hadoop-kms/3.2.0/hadoop-kms-3.2.0-tests.jar:/home/user/.m2/repository/org/apache/hadoop/hadoop-hdds-server-scm/0.5.0-SNAPSHOT/hadoop-hdds-server-scm-0.5.0-SNAPSHOT-tests.jar:/home/user/.m2/repository/org/apache/hadoop/hadoop-hdds-container-service/0.5.0-SNAPSHOT/hadoop-hdds-container-service-0.5.0-SNAPSHOT-tests.jar:/home/user/.m2/repository/org/yaml/snakeyaml/1.16/snakeyaml-1.16.jar:/home/user/.m2/repository/org/apache/hadoop/hadoop-common/3.2.0/hadoop-common-3.2.0-tests.jar:/home/user/.m2/repository/org/apache/hadoop/hadoop-annotations/3.2.0/hadoop-annotations-3.2.0.jar:/usr/lib/jvm/java-1.8-openjdk/jre/../lib/tools.jar:/home/user/.m2/repository/commons-cli/commons-cli/1.2/commons-cli-1.2.jar:/home/user/.m2/repository/org/apache/httpcomponents/httpclient/4.5.2/httpclient-4.5.2.jar:/home/user/.m2/repository/org/apache/httpcomponents/httpcore/4.4.4/httpcore-4.4.4.jar:/home/user/.m2/repository/commons-codec/commons-codec/1.11/commons-codec-1.11.jar:/home/user/.m2/repository/commons-net/commons-net/3.6/commons-net-3.6.jar:/home/user/.m2/repository/commons-collections/commons-collections/3.2.2/commons-collections-3.2.2.jar:/home/user/.m2/repository/org/eclipse/jetty/jetty-servlet/9.3.25.v20180904/jetty-servlet-9.3.25.v20180904.jar:/home/user/.m2/repository/org/eclipse/jetty/jetty-security/9.3.25.v20180904/jetty-security-9.3.25.v20180904.jar:/home/user/.m2/repository/javax/servlet/jsp/jsp-api/2.1/jsp-api-2.1.jar:/home/user/.m2/repository/com/sun/jersey/jersey-servlet/1.19/jersey-servlet-1.19.jar:/home/user/.m2/repository/com/sun/jersey/jersey-json/1.19/jersey-json-1.19.jar:/home/user/.m2/repository/org/codehaus/jettison/jettison/1.1/jettison-1.1.jar:/home/user/.m2/repository/org/codehaus/jackson/jackson-core-asl/1.9.13/jackson-core-asl-1.9.13.jar:/home/user/.m2/repository/org/codehaus/jackson/jackson-mapper-asl/1.9.13/jackson-mapper-asl-1.9.13.jar:/home/user/.m2/repository/org/codehaus/jackson/jackson-jaxrs/1.9.13/jackson-jaxrs-1.9.13.jar:/home/user/.m2/repository/org/codehaus/jackson/jackson-xc/1.9.13/jackson-xc-1.9.13.jar:/home/user/.m2/repository/commons-logging/commons-logging/1.1.3/commons-logging-1.1.3.jar:/home/user/.m2/repository/commons-beanutils/commons-beanutils/1.9.4/commons-beanutils-1.9.4.jar:/home/user/.m2/repository/org/apache/commons/commons-configuration2/2.1.1/commons-configuration2-2.1.1.jar:/home/user/.m2/repository/org/apache/commons/commons-lang3/3.7/commons-lang3-3.7.jar:/home/user/.m2/repository/org/apache/commons/commons-text/1.4/commons-text-1.4.jar:/home/user/.m2/repository/org/apache/avro/avro/1.7.7/avro-1.7.7.jar:/home/user/.m2/repository/com/thoughtworks/paranamer/paranamer/2.3/paranamer-2.3.jar:/home/user/.m2/repository/org/xerial/snappy/snappy-java/1.0.5/snappy-java-1.0.5.jar:/home/user/.m2/repository/com/google/re2j/re2j/1.1/re2j-1.1.jar:/home/user/.m2/repository/com/google/code/gson/gson/2.2.4/gson-2.2.4.jar:/home/user/.m2/repository/com/jcraft/jsch/0.1.54/jsch-0.1.54.jar:/home/user/.m2/repository/org/apache/curator/curator-client/2.12.0/curator-client-2.12.0.jar:/home/user/.m2/repository/org/apache/curator/curator-recipes/2.12.0/curator-recipes-2.12.0.jar:/home/user/.m2/repository/com/google/code/findbugs/jsr305/3.0.0/jsr305-3.0.0.jar:/home/user/.m2/repository/org/apache/htrace/htrace-core4/4.1.0-incubating/htrace-core4-4.1.0-incubating.jar:/home/user/.m2/repository/org/apache/zookeeper/zookeeper/3.4.13/zookeeper-3.4.13.jar:/home/user/.m2/repository/jline/jline/0.9.94/jline-0.9.94.jar:/home/user/.m2/repository/org/apache/yetus/audience-annotations/0.5.0/audience-annotations-0.5.0.jar:/home/user/.m2/repository/org/codehaus/woodstox/stax2-api/3.1.4/stax2-api-3.1.4.jar:/home/user/.m2/repository/com/fasterxml/woodstox/woodstox-core/5.0.3/woodstox-core-5.0.3.jar:/home/user/.m2/repository/dnsjava/dnsjava/2.1.7/dnsjava-2.1.7.jar:/home/user/.m2/repository/org/apache/hadoop/hadoop-hdfs/3.2.0/hadoop-hdfs-3.2.0-tests.jar:/home/user/.m2/repository/org/eclipse/jetty/jetty-util-ajax/9.3.25.v20180904/jetty-util-ajax-9.3.25.v20180904.jar:/home/user/.m2/repository/commons-daemon/commons-daemon/1.0.13/commons-daemon-1.0.13.jar:/home/user/.m2/repository/io/netty/netty/3.10.5.Final/netty-3.10.5.Final.jar:/home/user/.m2/repository/io/netty/netty-all/4.0.52.Final/netty-all-4.0.52.Final.jar:/home/user/.m2/repository/org/fusesource/leveldbjni/leveldbjni-all/1.8/leveldbjni-all-1.8.jar:"/>
    <property name="java.vm.vendor" value="IcedTea"/>
    <property name="sun.arch.data.model" value="64"/>
    <property name="test.build.dir" value="/workdir/hadoop-ozone/integration-test/target/test-dir"/>
    <property name="test.cache.data" value=""/>
    <property name="java.vendor.url" value="https://icedtea.classpath.org"/>
    <property name="user.timezone" value=""/>
    <property name="java.vm.specification.version" value="1.8"/>
    <property name="os.name" value="Linux"/>
    <property name="test.build.data" value="/workdir/hadoop-ozone/integration-test/target/test-dir"/>
    <property name="user.country" value="US"/>
    <property name="sun.java.launcher" value="SUN_STANDARD"/>
    <property name="sun.boot.library.path" value="/usr/lib/jvm/java-1.8-openjdk/jre/lib/amd64"/>
    <property name="sun.java.command" value="/workdir/hadoop-ozone/integration-test/target/surefire/surefirebooter2538159183196403066.jar /workdir/hadoop-ozone/integration-test/target/surefire 2019-10-02T10-21-29_431-jvmRun1 surefire118960781925599126tmp surefire_541324386636225577772tmp"/>
    <property name="test" value="!TestMiniChaosOzoneCluster"/>
    <property name="surefire.test.class.path" value="/workdir/hadoop-ozone/integration-test/target/test-classes:/workdir/hadoop-ozone/integration-test/target/classes:/home/user/.m2/repository/org/apache/hadoop/hadoop-ozone-common/0.5.0-SNAPSHOT/hadoop-ozone-common-0.5.0-SNAPSHOT.jar:/home/user/.m2/repository/org/apache/commons/commons-compress/1.4.1/commons-compress-1.4.1.jar:/home/user/.m2/repository/org/tukaani/xz/1.0/xz-1.0.jar:/home/user/.m2/repository/org/apache/hadoop/hadoop-common/3.2.0/hadoop-common-3.2.0.jar:/home/user/.m2/repository/org/apache/hadoop/hadoop-hdfs/3.2.0/hadoop-hdfs-3.2.0.jar:/home/user/.m2/repository/org/apache/hadoop/hadoop-hdfs-client/3.2.0/hadoop-hdfs-client-3.2.0.jar:/home/user/.m2/repository/com/fasterxml/jackson/core/jackson-annotations/2.9.9/jackson-annotations-2.9.9.jar:/home/user/.m2/repository/org/apache/hadoop/hadoop-hdds-common/0.5.0-SNAPSHOT/hadoop-hdds-common-0.5.0-SNAPSHOT.jar:/home/user/.m2/repository/javax/annotation/javax.annotation-api/1.2/javax.annotation-api-1.2.jar:/home/user/.m2/repository/org/apache/ratis/ratis-server/0.5.0-201fc85-SNAPSHOT/ratis-server-0.5.0-201fc85-SNAPSHOT.jar:/home/user/.m2/repository/org/apache/ratis/ratis-thirdparty-misc/0.2.0/ratis-thirdparty-misc-0.2.0.jar:/home/user/.m2/repository/org/apache/ratis/ratis-proto/0.5.0-201fc85-SNAPSHOT/ratis-proto-0.5.0-201fc85-SNAPSHOT.jar:/home/user/.m2/repository/org/apache/ratis/ratis-common/0.5.0-201fc85-SNAPSHOT/ratis-common-0.5.0-201fc85-SNAPSHOT.jar:/home/user/.m2/repository/org/apache/ratis/ratis-client/0.5.0-201fc85-SNAPSHOT/ratis-client-0.5.0-201fc85-SNAPSHOT.jar:/home/user/.m2/repository/org/apache/ratis/ratis-metrics/0.5.0-201fc85-SNAPSHOT/ratis-metrics-0.5.0-201fc85-SNAPSHOT.jar:/home/user/.m2/repository/com/github/joshelser/dropwizard-metrics-hadoop-metrics2-reporter/0.1.2/dropwizard-metrics-hadoop-metrics2-reporter-0.1.2.jar:/home/user/.m2/repository/io/dropwizard/metrics/metrics-jvm/3.2.5/metrics-jvm-3.2.5.jar:/home/user/.m2/repository/io/dropwizard/metrics/metrics-ganglia/3.2.5/metrics-ganglia-3.2.5.jar:/home/user/.m2/repository/info/ganglia/gmetric4j/gmetric4j/1.0.7/gmetric4j-1.0.7.jar:/home/user/.m2/repository/org/apache/ratis/ratis-netty/0.5.0-201fc85-SNAPSHOT/ratis-netty-0.5.0-201fc85-SNAPSHOT.jar:/home/user/.m2/repository/org/apache/ratis/ratis-grpc/0.5.0-201fc85-SNAPSHOT/ratis-grpc-0.5.0-201fc85-SNAPSHOT.jar:/home/user/.m2/repository/org/rocksdb/rocksdbjni/6.0.1/rocksdbjni-6.0.1.jar:/home/user/.m2/repository/org/apache/logging/log4j/log4j-api/2.11.0/log4j-api-2.11.0.jar:/home/user/.m2/repository/org/apache/logging/log4j/log4j-core/2.11.0/log4j-core-2.11.0.jar:/home/user/.m2/repository/com/lmax/disruptor/3.4.2/disruptor-3.4.2.jar:/home/user/.m2/repository/org/apache/commons/commons-pool2/2.6.0/commons-pool2-2.6.0.jar:/home/user/.m2/repository/org/bouncycastle/bcpkix-jdk15on/1.60/bcpkix-jdk15on-1.60.jar:/home/user/.m2/repository/commons-validator/commons-validator/1.6/commons-validator-1.6.jar:/home/user/.m2/repository/commons-digester/commons-digester/1.8.1/commons-digester-1.8.1.jar:/home/user/.m2/repository/io/jaegertracing/jaeger-client/0.34.0/jaeger-client-0.34.0.jar:/home/user/.m2/repository/io/jaegertracing/jaeger-thrift/0.34.0/jaeger-thrift-0.34.0.jar:/home/user/.m2/repository/org/apache/thrift/libthrift/0.12.0/libthrift-0.12.0.jar:/home/user/.m2/repository/com/squareup/okhttp3/okhttp/3.9.0/okhttp-3.9.0.jar:/home/user/.m2/repository/com/squareup/okio/okio/1.13.0/okio-1.13.0.jar:/home/user/.m2/repository/io/jaegertracing/jaeger-core/0.34.0/jaeger-core-0.34.0.jar:/home/user/.m2/repository/io/jaegertracing/jaeger-tracerresolver/0.34.0/jaeger-tracerresolver-0.34.0.jar:/home/user/.m2/repository/io/opentracing/contrib/opentracing-tracerresolver/0.1.5/opentracing-tracerresolver-0.1.5.jar:/home/user/.m2/repository/io/opentracing/opentracing-util/0.31.0/opentracing-util-0.31.0.jar:/home/user/.m2/repository/io/opentracing/opentracing-api/0.31.0/opentracing-api-0.31.0.jar:/home/user/.m2/repository/io/opentracing/opentracing-noop/0.31.0/opentracing-noop-0.31.0.jar:/home/user/.m2/repository/org/apache/hadoop/hadoop-hdds-server-framework/0.5.0-SNAPSHOT/hadoop-hdds-server-framework-0.5.0-SNAPSHOT.jar:/home/user/.m2/repository/org/apache/hadoop/hadoop-hdds-container-service/0.5.0-SNAPSHOT/hadoop-hdds-container-service-0.5.0-SNAPSHOT.jar:/home/user/.m2/repository/org/apache/hadoop/hadoop-hdds-client/0.5.0-SNAPSHOT/hadoop-hdds-client-0.5.0-SNAPSHOT.jar:/home/user/.m2/repository/org/apache/hadoop/hadoop-hdds-tools/0.5.0-SNAPSHOT/hadoop-hdds-tools-0.5.0-SNAPSHOT.jar:/home/user/.m2/repository/org/apache/hadoop/hadoop-hdds-server-scm/0.5.0-SNAPSHOT/hadoop-hdds-server-scm-0.5.0-SNAPSHOT.jar:/home/user/.m2/repository/org/apache/hadoop/hadoop-hdds-docs/0.5.0-SNAPSHOT/hadoop-hdds-docs-0.5.0-SNAPSHOT.jar:/home/user/.m2/repository/io/dropwizard/metrics/metrics-core/3.2.4/metrics-core-3.2.4.jar:/home/user/.m2/repository/org/hamcrest/hamcrest-all/1.3/hamcrest-all-1.3.jar:/home/user/.m2/repository/org/bouncycastle/bcprov-jdk15on/1.60/bcprov-jdk15on-1.60.jar:/home/user/.m2/repository/info/picocli/picocli/3.9.6/picocli-3.9.6.jar:/home/user/.m2/repository/com/google/protobuf/protobuf-java/2.5.0/protobuf-java-2.5.0.jar:/home/user/.m2/repository/com/google/guava/guava/11.0.2/guava-11.0.2.jar:/home/user/.m2/repository/org/apache/hadoop/hadoop-ozone-ozone-manager/0.5.0-SNAPSHOT/hadoop-ozone-ozone-manager-0.5.0-SNAPSHOT.jar:/home/user/.m2/repository/org/apache/hadoop/hadoop-minikdc/3.2.0/hadoop-minikdc-3.2.0.jar:/home/user/.m2/repository/commons-io/commons-io/2.5/commons-io-2.5.jar:/home/user/.m2/repository/org/apache/kerby/kerb-simplekdc/1.0.1/kerb-simplekdc-1.0.1.jar:/home/user/.m2/repository/org/apache/kerby/kerb-client/1.0.1/kerb-client-1.0.1.jar:/home/user/.m2/repository/org/apache/kerby/kerby-config/1.0.1/kerby-config-1.0.1.jar:/home/user/.m2/repository/org/apache/kerby/kerb-core/1.0.1/kerb-core-1.0.1.jar:/home/user/.m2/repository/org/apache/kerby/kerby-pkix/1.0.1/kerby-pkix-1.0.1.jar:/home/user/.m2/repository/org/apache/kerby/kerby-asn1/1.0.1/kerby-asn1-1.0.1.jar:/home/user/.m2/repository/org/apache/kerby/kerby-util/1.0.1/kerby-util-1.0.1.jar:/home/user/.m2/repository/org/apache/kerby/kerb-common/1.0.1/kerb-common-1.0.1.jar:/home/user/.m2/repository/org/apache/kerby/kerb-crypto/1.0.1/kerb-crypto-1.0.1.jar:/home/user/.m2/repository/org/apache/kerby/kerb-util/1.0.1/kerb-util-1.0.1.jar:/home/user/.m2/repository/org/apache/kerby/token-provider/1.0.1/token-provider-1.0.1.jar:/home/user/.m2/repository/org/apache/kerby/kerb-admin/1.0.1/kerb-admin-1.0.1.jar:/home/user/.m2/repository/org/apache/kerby/kerb-server/1.0.1/kerb-server-1.0.1.jar:/home/user/.m2/repository/org/apache/kerby/kerb-identity/1.0.1/kerb-identity-1.0.1.jar:/home/user/.m2/repository/org/apache/kerby/kerby-xdr/1.0.1/kerby-xdr-1.0.1.jar:/home/user/.m2/repository/org/slf4j/slf4j-log4j12/1.7.25/slf4j-log4j12-1.7.25.jar:/home/user/.m2/repository/org/apache/hadoop/hadoop-ozone-s3gateway/0.5.0-SNAPSHOT/hadoop-ozone-s3gateway-0.5.0-SNAPSHOT.jar:/home/user/.m2/repository/org/jboss/weld/servlet/weld-servlet/2.4.7.Final/weld-servlet-2.4.7.Final.jar:/home/user/.m2/repository/org/glassfish/jersey/containers/jersey-container-servlet-core/2.27/jersey-container-servlet-core-2.27.jar:/home/user/.m2/repository/org/glassfish/hk2/external/javax.inject/2.5.0-b42/javax.inject-2.5.0-b42.jar:/home/user/.m2/repository/org/glassfish/jersey/core/jersey-common/2.27/jersey-common-2.27.jar:/home/user/.m2/repository/org/glassfish/hk2/osgi-resource-locator/1.0.1/osgi-resource-locator-1.0.1.jar:/home/user/.m2/repository/javax/ws/rs/javax.ws.rs-api/2.1/javax.ws.rs-api-2.1.jar:/home/user/.m2/repository/org/glassfish/jersey/ext/cdi/jersey-cdi1x/2.27/jersey-cdi1x-2.27.jar:/home/user/.m2/repository/org/glassfish/jersey/inject/jersey-hk2/2.27/jersey-hk2-2.27.jar:/home/user/.m2/repository/org/glassfish/hk2/hk2-locator/2.5.0-b42/hk2-locator-2.5.0-b42.jar:/home/user/.m2/repository/org/javassist/javassist/3.22.0-CR2/javassist-3.22.0-CR2.jar:/home/user/.m2/repository/org/glassfish/hk2/hk2-api/2.5.0/hk2-api-2.5.0.jar:/home/user/.m2/repository/org/glassfish/hk2/external/jakarta.inject/2.5.0/jakarta.inject-2.5.0.jar:/home/user/.m2/repository/org/glassfish/hk2/hk2-utils/2.5.0/hk2-utils-2.5.0.jar:/home/user/.m2/repository/jakarta/annotation/jakarta.annotation-api/1.3.4/jakarta.annotation-api-1.3.4.jar:/home/user/.m2/repository/org/glassfish/hk2/external/aopalliance-repackaged/2.5.0/aopalliance-repackaged-2.5.0.jar:/home/user/.m2/repository/com/fasterxml/jackson/dataformat/jackson-dataformat-xml/2.9.0/jackson-dataformat-xml-2.9.0.jar:/home/user/.m2/repository/com/fasterxml/jackson/core/jackson-core/2.9.9/jackson-core-2.9.9.jar:/home/user/.m2/repository/com/fasterxml/jackson/module/jackson-module-jaxb-annotations/2.9.9/jackson-module-jaxb-annotations-2.9.9.jar:/home/user/.m2/repository/javax/enterprise/cdi-api/1.2/cdi-api-1.2.jar:/home/user/.m2/repository/javax/el/javax.el-api/3.0.0/javax.el-api-3.0.0.jar:/home/user/.m2/repository/javax/interceptor/javax.interceptor-api/1.2/javax.interceptor-api-1.2.jar:/home/user/.m2/repository/javax/inject/javax.inject/1/javax.inject-1.jar:/home/user/.m2/repository/com/sun/xml/bind/jaxb-impl/2.3.0.1/jaxb-impl-2.3.0.1.jar:/home/user/.m2/repository/com/sun/xml/bind/jaxb-core/2.3.0.1/jaxb-core-2.3.0.1.jar:/home/user/.m2/repository/javax/xml/bind/jaxb-api/2.3.0/jaxb-api-2.3.0.jar:/home/user/.m2/repository/javax/activation/activation/1.1.1/activation-1.1.1.jar:/home/user/.m2/repository/org/apache/hadoop/hadoop-ozone-csi/0.5.0-SNAPSHOT/hadoop-ozone-csi-0.5.0-SNAPSHOT.jar:/home/user/.m2/repository/com/google/protobuf/protobuf-java-util/3.5.1/protobuf-java-util-3.5.1.jar:/home/user/.m2/repository/org/apache/hadoop/hadoop-hdds-config/0.5.0-SNAPSHOT/hadoop-hdds-config-0.5.0-SNAPSHOT.jar:/home/user/.m2/repository/io/grpc/grpc-netty/1.17.1/grpc-netty-1.17.1.jar:/home/user/.m2/repository/io/grpc/grpc-core/1.17.1/grpc-core-1.17.1.jar:/home/user/.m2/repository/io/grpc/grpc-context/1.17.1/grpc-context-1.17.1.jar:/home/user/.m2/repository/com/google/errorprone/error_prone_annotations/2.2.0/error_prone_annotations-2.2.0.jar:/home/user/.m2/repository/org/codehaus/mojo/animal-sniffer-annotations/1.17/animal-sniffer-annotations-1.17.jar:/home/user/.m2/repository/io/opencensus/opencensus-api/0.17.0/opencensus-api-0.17.0.jar:/home/user/.m2/repository/io/opencensus/opencensus-contrib-grpc-metrics/0.17.0/opencensus-contrib-grpc-metrics-0.17.0.jar:/home/user/.m2/repository/io/netty/netty-codec-http2/4.1.30.Final/netty-codec-http2-4.1.30.Final.jar:/home/user/.m2/repository/io/netty/netty-codec-http/4.1.30.Final/netty-codec-http-4.1.30.Final.jar:/home/user/.m2/repository/io/netty/netty-codec/4.1.30.Final/netty-codec-4.1.30.Final.jar:/home/user/.m2/repository/io/netty/netty-handler/4.1.30.Final/netty-handler-4.1.30.Final.jar:/home/user/.m2/repository/io/netty/netty-handler-proxy/4.1.30.Final/netty-handler-proxy-4.1.30.Final.jar:/home/user/.m2/repository/io/netty/netty-codec-socks/4.1.30.Final/netty-codec-socks-4.1.30.Final.jar:/home/user/.m2/repository/io/netty/netty-transport-native-epoll/4.1.30.Final/netty-transport-native-epoll-4.1.30.Final.jar:/home/user/.m2/repository/io/netty/netty-common/4.1.30.Final/netty-common-4.1.30.Final.jar:/home/user/.m2/repository/io/netty/netty-buffer/4.1.30.Final/netty-buffer-4.1.30.Final.jar:/home/user/.m2/repository/io/netty/netty-transport/4.1.30.Final/netty-transport-4.1.30.Final.jar:/home/user/.m2/repository/io/netty/netty-resolver/4.1.30.Final/netty-resolver-4.1.30.Final.jar:/home/user/.m2/repository/io/netty/netty-transport-native-unix-common/4.1.30.Final/netty-transport-native-unix-common-4.1.30.Final.jar:/home/user/.m2/repository/io/grpc/grpc-protobuf/1.17.1/grpc-protobuf-1.17.1.jar:/home/user/.m2/repository/com/google/api/grpc/proto-google-common-protos/1.0.0/proto-google-common-protos-1.0.0.jar:/home/user/.m2/repository/io/grpc/grpc-protobuf-lite/1.17.1/grpc-protobuf-lite-1.17.1.jar:/home/user/.m2/repository/io/grpc/grpc-stub/1.17.1/grpc-stub-1.17.1.jar:/home/user/.m2/repository/org/apache/hadoop/hadoop-ozone-recon/0.5.0-SNAPSHOT/hadoop-ozone-recon-0.5.0-SNAPSHOT.jar:/home/user/.m2/repository/org/apache/hadoop/hadoop-ozone-reconcodegen/0.5.0-SNAPSHOT/hadoop-ozone-reconcodegen-0.5.0-SNAPSHOT.jar:/home/user/.m2/repository/com/google/inject/extensions/guice-multibindings/4.0/guice-multibindings-4.0.jar:/home/user/.m2/repository/com/google/inject/guice/4.0/guice-4.0.jar:/home/user/.m2/repository/aopalliance/aopalliance/1.0/aopalliance-1.0.jar:/home/user/.m2/repository/com/google/inject/extensions/guice-servlet/4.0/guice-servlet-4.0.jar:/home/user/.m2/repository/org/glassfish/jersey/containers/jersey-container-servlet/2.27/jersey-container-servlet-2.27.jar:/home/user/.m2/repository/org/glassfish/hk2/guice-bridge/2.5.0/guice-bridge-2.5.0.jar:/home/user/.m2/repository/org/glassfish/jersey/core/jersey-server/2.27/jersey-server-2.27.jar:/home/user/.m2/repository/org/glassfish/jersey/core/jersey-client/2.27/jersey-client-2.27.jar:/home/user/.m2/repository/org/glassfish/jersey/media/jersey-media-jaxb/2.27/jersey-media-jaxb-2.27.jar:/home/user/.m2/repository/javax/validation/validation-api/1.1.0.Final/validation-api-1.1.0.Final.jar:/home/user/.m2/repository/org/glassfish/jersey/media/jersey-media-json-jackson/2.27/jersey-media-json-jackson-2.27.jar:/home/user/.m2/repository/org/glassfish/jersey/ext/jersey-entity-filtering/2.27/jersey-entity-filtering-2.27.jar:/home/user/.m2/repository/com/google/inject/extensions/guice-assistedinject/4.0/guice-assistedinject-4.0.jar:/home/user/.m2/repository/org/jooq/jooq/3.11.10/jooq-3.11.10.jar:/home/user/.m2/repository/org/jooq/jooq-meta/3.11.10/jooq-meta-3.11.10.jar:/home/user/.m2/repository/org/jooq/jooq-codegen/3.11.10/jooq-codegen-3.11.10.jar:/home/user/.m2/repository/com/jolbox/bonecp/0.8.0.RELEASE/bonecp-0.8.0.RELEASE.jar:/home/user/.m2/repository/org/xerial/sqlite-jdbc/3.25.2/sqlite-jdbc-3.25.2.jar:/home/user/.m2/repository/org/springframework/spring-jdbc/5.1.3.RELEASE/spring-jdbc-5.1.3.RELEASE.jar:/home/user/.m2/repository/org/springframework/spring-beans/5.1.3.RELEASE/spring-beans-5.1.3.RELEASE.jar:/home/user/.m2/repository/org/springframework/spring-core/5.1.3.RELEASE/spring-core-5.1.3.RELEASE.jar:/home/user/.m2/repository/org/springframework/spring-jcl/5.1.3.RELEASE/spring-jcl-5.1.3.RELEASE.jar:/home/user/.m2/repository/org/springframework/spring-tx/5.1.3.RELEASE/spring-tx-5.1.3.RELEASE.jar:/home/user/.m2/repository/org/apache/hadoop/hadoop-ozone-client/0.5.0-SNAPSHOT/hadoop-ozone-client-0.5.0-SNAPSHOT.jar:/home/user/.m2/repository/commons-lang/commons-lang/2.6/commons-lang-2.6.jar:/home/user/.m2/repository/org/apache/hadoop/hadoop-ozone-ozone-manager/0.5.0-SNAPSHOT/hadoop-ozone-ozone-manager-0.5.0-SNAPSHOT-tests.jar:/home/user/.m2/repository/junit/junit/4.11/junit-4.11.jar:/home/user/.m2/repository/org/hamcrest/hamcrest-core/1.3/hamcrest-core-1.3.jar:/home/user/.m2/repository/org/openjdk/jmh/jmh-core/1.19/jmh-core-1.19.jar:/home/user/.m2/repository/net/sf/jopt-simple/jopt-simple/4.6/jopt-simple-4.6.jar:/home/user/.m2/repository/org/apache/commons/commons-math3/3.1.1/commons-math3-3.1.1.jar:/home/user/.m2/repository/org/openjdk/jmh/jmh-generator-annprocess/1.19/jmh-generator-annprocess-1.19.jar:/home/user/.m2/repository/org/mockito/mockito-all/1.8.5/mockito-all-1.8.5.jar:/home/user/.m2/repository/org/apache/hadoop/hadoop-kms/3.2.0/hadoop-kms-3.2.0.jar:/home/user/.m2/repository/org/apache/hadoop/hadoop-auth/3.2.0/hadoop-auth-3.2.0.jar:/home/user/.m2/repository/com/nimbusds/nimbus-jose-jwt/4.41.1/nimbus-jose-jwt-4.41.1.jar:/home/user/.m2/repository/com/github/stephenc/jcip/jcip-annotations/1.0-1/jcip-annotations-1.0-1.jar:/home/user/.m2/repository/net/minidev/json-smart/2.3/json-smart-2.3.jar:/home/user/.m2/repository/net/minidev/accessors-smart/1.2/accessors-smart-1.2.jar:/home/user/.m2/repository/org/ow2/asm/asm/5.0.4/asm-5.0.4.jar:/home/user/.m2/repository/org/apache/curator/curator-framework/2.12.0/curator-framework-2.12.0.jar:/home/user/.m2/repository/com/sun/jersey/jersey-core/1.19/jersey-core-1.19.jar:/home/user/.m2/repository/javax/ws/rs/jsr311-api/1.1.1/jsr311-api-1.1.1.jar:/home/user/.m2/repository/com/sun/jersey/jersey-server/1.19/jersey-server-1.19.jar:/home/user/.m2/repository/javax/servlet/javax.servlet-api/3.1.0/javax.servlet-api-3.1.0.jar:/home/user/.m2/repository/org/eclipse/jetty/jetty-server/9.3.25.v20180904/jetty-server-9.3.25.v20180904.jar:/home/user/.m2/repository/org/eclipse/jetty/jetty-http/9.3.25.v20180904/jetty-http-9.3.25.v20180904.jar:/home/user/.m2/repository/org/eclipse/jetty/jetty-io/9.3.25.v20180904/jetty-io-9.3.25.v20180904.jar:/home/user/.m2/repository/org/eclipse/jetty/jetty-webapp/9.3.25.v20180904/jetty-webapp-9.3.25.v20180904.jar:/home/user/.m2/repository/org/eclipse/jetty/jetty-xml/9.3.25.v20180904/jetty-xml-9.3.25.v20180904.jar:/home/user/.m2/repository/log4j/log4j/1.2.17/log4j-1.2.17.jar:/home/user/.m2/repository/org/slf4j/slf4j-api/1.7.25/slf4j-api-1.7.25.jar:/home/user/.m2/repository/org/slf4j/jul-to-slf4j/1.7.25/jul-to-slf4j-1.7.25.jar:/home/user/.m2/repository/org/eclipse/jetty/jetty-util/9.3.25.v20180904/jetty-util-9.3.25.v20180904.jar:/home/user/.m2/repository/com/fasterxml/jackson/core/jackson-databind/2.9.9/jackson-databind-2.9.9.jar:/home/user/.m2/repository/org/apache/hadoop/hadoop-kms/3.2.0/hadoop-kms-3.2.0-tests.jar:/home/user/.m2/repository/org/apache/hadoop/hadoop-hdds-server-scm/0.5.0-SNAPSHOT/hadoop-hdds-server-scm-0.5.0-SNAPSHOT-tests.jar:/home/user/.m2/repository/org/apache/hadoop/hadoop-hdds-container-service/0.5.0-SNAPSHOT/hadoop-hdds-container-service-0.5.0-SNAPSHOT-tests.jar:/home/user/.m2/repository/org/yaml/snakeyaml/1.16/snakeyaml-1.16.jar:/home/user/.m2/repository/org/apache/hadoop/hadoop-common/3.2.0/hadoop-common-3.2.0-tests.jar:/home/user/.m2/repository/org/apache/hadoop/hadoop-annotations/3.2.0/hadoop-annotations-3.2.0.jar:/usr/lib/jvm/java-1.8-openjdk/jre/../lib/tools.jar:/home/user/.m2/repository/commons-cli/commons-cli/1.2/commons-cli-1.2.jar:/home/user/.m2/repository/org/apache/httpcomponents/httpclient/4.5.2/httpclient-4.5.2.jar:/home/user/.m2/repository/org/apache/httpcomponents/httpcore/4.4.4/httpcore-4.4.4.jar:/home/user/.m2/repository/commons-codec/commons-codec/1.11/commons-codec-1.11.jar:/home/user/.m2/repository/commons-net/commons-net/3.6/commons-net-3.6.jar:/home/user/.m2/repository/commons-collections/commons-collections/3.2.2/commons-collections-3.2.2.jar:/home/user/.m2/repository/org/eclipse/jetty/jetty-servlet/9.3.25.v20180904/jetty-servlet-9.3.25.v20180904.jar:/home/user/.m2/repository/org/eclipse/jetty/jetty-security/9.3.25.v20180904/jetty-security-9.3.25.v20180904.jar:/home/user/.m2/repository/javax/servlet/jsp/jsp-api/2.1/jsp-api-2.1.jar:/home/user/.m2/repository/com/sun/jersey/jersey-servlet/1.19/jersey-servlet-1.19.jar:/home/user/.m2/repository/com/sun/jersey/jersey-json/1.19/jersey-json-1.19.jar:/home/user/.m2/repository/org/codehaus/jettison/jettison/1.1/jettison-1.1.jar:/home/user/.m2/repository/org/codehaus/jackson/jackson-core-asl/1.9.13/jackson-core-asl-1.9.13.jar:/home/user/.m2/repository/org/codehaus/jackson/jackson-mapper-asl/1.9.13/jackson-mapper-asl-1.9.13.jar:/home/user/.m2/repository/org/codehaus/jackson/jackson-jaxrs/1.9.13/jackson-jaxrs-1.9.13.jar:/home/user/.m2/repository/org/codehaus/jackson/jackson-xc/1.9.13/jackson-xc-1.9.13.jar:/home/user/.m2/repository/commons-logging/commons-logging/1.1.3/commons-logging-1.1.3.jar:/home/user/.m2/repository/commons-beanutils/commons-beanutils/1.9.4/commons-beanutils-1.9.4.jar:/home/user/.m2/repository/org/apache/commons/commons-configuration2/2.1.1/commons-configuration2-2.1.1.jar:/home/user/.m2/repository/org/apache/commons/commons-lang3/3.7/commons-lang3-3.7.jar:/home/user/.m2/repository/org/apache/commons/commons-text/1.4/commons-text-1.4.jar:/home/user/.m2/repository/org/apache/avro/avro/1.7.7/avro-1.7.7.jar:/home/user/.m2/repository/com/thoughtworks/paranamer/paranamer/2.3/paranamer-2.3.jar:/home/user/.m2/repository/org/xerial/snappy/snappy-java/1.0.5/snappy-java-1.0.5.jar:/home/user/.m2/repository/com/google/re2j/re2j/1.1/re2j-1.1.jar:/home/user/.m2/repository/com/google/code/gson/gson/2.2.4/gson-2.2.4.jar:/home/user/.m2/repository/com/jcraft/jsch/0.1.54/jsch-0.1.54.jar:/home/user/.m2/repository/org/apache/curator/curator-client/2.12.0/curator-client-2.12.0.jar:/home/user/.m2/repository/org/apache/curator/curator-recipes/2.12.0/curator-recipes-2.12.0.jar:/home/user/.m2/repository/com/google/code/findbugs/jsr305/3.0.0/jsr305-3.0.0.jar:/home/user/.m2/repository/org/apache/htrace/htrace-core4/4.1.0-incubating/htrace-core4-4.1.0-incubating.jar:/home/user/.m2/repository/org/apache/zookeeper/zookeeper/3.4.13/zookeeper-3.4.13.jar:/home/user/.m2/repository/jline/jline/0.9.94/jline-0.9.94.jar:/home/user/.m2/repository/org/apache/yetus/audience-annotations/0.5.0/audience-annotations-0.5.0.jar:/home/user/.m2/repository/org/codehaus/woodstox/stax2-api/3.1.4/stax2-api-3.1.4.jar:/home/user/.m2/repository/com/fasterxml/woodstox/woodstox-core/5.0.3/woodstox-core-5.0.3.jar:/home/user/.m2/repository/dnsjava/dnsjava/2.1.7/dnsjava-2.1.7.jar:/home/user/.m2/repository/org/apache/hadoop/hadoop-hdfs/3.2.0/hadoop-hdfs-3.2.0-tests.jar:/home/user/.m2/repository/org/eclipse/jetty/jetty-util-ajax/9.3.25.v20180904/jetty-util-ajax-9.3.25.v20180904.jar:/home/user/.m2/repository/commons-daemon/commons-daemon/1.0.13/commons-daemon-1.0.13.jar:/home/user/.m2/repository/io/netty/netty/3.10.5.Final/netty-3.10.5.Final.jar:/home/user/.m2/repository/io/netty/netty-all/4.0.52.Final/netty-all-4.0.52.Final.jar:/home/user/.m2/repository/org/fusesource/leveldbjni/leveldbjni-all/1.8/leveldbjni-all-1.8.jar:"/>
    <property name="sun.cpu.endian" value="little"/>
    <property name="user.home" value="/home/user"/>
    <property name="user.language" value="en"/>
    <property name="java.specification.vendor" value="Oracle Corporation"/>
    <property name="java.home" value="/usr/lib/jvm/java-1.8-openjdk/jre"/>
    <property name="java.security.krb5.conf" value="/workdir/hadoop-ozone/integration-test/target/test-classes/krb5.conf"/>
    <property name="basedir" value="/workdir/hadoop-ozone/integration-test"/>
    <property name="file.separator" value="/"/>
    <property name="line.separator" value="&#10;"/>
    <property name="java.vm.specification.vendor" value="Oracle Corporation"/>
    <property name="java.specification.name" value="Java Platform API Specification"/>
    <property name="java.awt.graphicsenv" value="sun.awt.X11GraphicsEnvironment"/>
    <property name="surefire.real.class.path" value="/workdir/hadoop-ozone/integration-test/target/surefire/surefirebooter2538159183196403066.jar"/>
    <property name="hadoop.log.dir" value="/workdir/hadoop-ozone/integration-test/target/log"/>
    <property name="sun.boot.class.path" value="/usr/lib/jvm/java-1.8-openjdk/jre/lib/resources.jar:/usr/lib/jvm/java-1.8-openjdk/jre/lib/rt.jar:/usr/lib/jvm/java-1.8-openjdk/jre/lib/sunrsasign.jar:/usr/lib/jvm/java-1.8-openjdk/jre/lib/jsse.jar:/usr/lib/jvm/java-1.8-openjdk/jre/lib/jce.jar:/usr/lib/jvm/java-1.8-openjdk/jre/lib/charsets.jar:/usr/lib/jvm/java-1.8-openjdk/jre/lib/jfr.jar:/usr/lib/jvm/java-1.8-openjdk/jre/classes"/>
    <property name="sun.management.compiler" value="HotSpot 64-Bit Tiered Compilers"/>
    <property name="java.runtime.version" value="1.8.0_212-b04"/>
    <property name="java.net.preferIPv4Stack" value="true"/>
    <property name="user.name" value="jenkins1000"/>
    <property name="path.separator" value=":"/>
    <property name="java.security.egd" value="file:///dev/urandom"/>
    <property name="os.version" value="3.10.0-957.12.2.el7.x86_64"/>
    <property name="java.endorsed.dirs" value="/usr/lib/jvm/java-1.8-openjdk/jre/lib/endorsed"/>
    <property name="java.runtime.name" value="OpenJDK Runtime Environment"/>
    <property name="file.encoding" value="UTF-8"/>
    <property name="java.vm.name" value="OpenJDK 64-Bit Server VM"/>
    <property name="test.build.webapps" value=""/>
    <property name="localRepository" value="/home/user/.m2/repository"/>
    <property name="java.vendor.url.bug" value="https://icedtea.classpath.org/bugzilla"/>
    <property name="java.io.tmpdir" value="/tmp"/>
    <property name="require.test.libhadoop" value=""/>
    <property name="java.version" value="1.8.0_212"/>
    <property name="user.dir" value="/workdir/hadoop-ozone/integration-test"/>
    <property name="os.arch" value="amd64"/>
    <property name="java.vm.specification.name" value="Java Virtual Machine Specification"/>
    <property name="test.build.classes" value="/workdir/hadoop-ozone/integration-test/target/test-classes"/>
    <property name="java.awt.printerjob" value="sun.print.PSPrinterJob"/>
    <property name="sun.os.patch.level" value="unknown"/>
    <property name="hadoop.tmp.dir" value="/workdir/hadoop-ozone/integration-test/target/tmp"/>
    <property name="java.library.path" value="/usr/lib/jvm/java-1.8-openjdk/jre/lib/amd64/server:/usr/lib/jvm/java-1.8-openjdk/jre/lib/amd64:/usr/lib/jvm/java-1.8-openjdk/jre/../lib/amd64:/workdir/hadoop-ozone/integration-test/target/native/target/usr/local/lib:/workdir/hadoop-ozone/integration-test/../../hadoop-common-project/hadoop-common/target/native/target/usr/local/lib:/usr/java/packages/lib/amd64:/usr/lib64:/lib64:/lib:/usr/lib"/>
    <property name="java.vm.info" value="mixed mode"/>
    <property name="java.vendor" value="IcedTea"/>
    <property name="java.vm.version" value="25.212-b04"/>
    <property name="java.ext.dirs" value="/usr/lib/jvm/java-1.8-openjdk/jre/lib/ext:/usr/java/packages/lib/ext"/>
    <property name="sun.io.unicode.encoding" value="UnicodeLittle"/>
    <property name="java.class.version" value="52.0"/>
  </properties>
  <testcase name="testWatchForCommitWithKeyWrite" classname="org.apache.hadoop.ozone.client.rpc.TestWatchForCommit" time="79.148"/>
  <testcase name="testWatchForCommitWithSmallerTimeoutValue" classname="org.apache.hadoop.ozone.client.rpc.TestWatchForCommit" time="47.724"/>
  <testcase name="testWatchForCommitForRetryfailure" classname="org.apache.hadoop.ozone.client.rpc.TestWatchForCommit" time="71.738"/>
  <testcase name="testWatchForCommitForGroupMismatchException" classname="org.apache.hadoop.ozone.client.rpc.TestWatchForCommit" time="35.027"/>
  <testcase name="test2WayCommitForTimeoutException" classname="org.apache.hadoop.ozone.client.rpc.TestWatchForCommit" time="22.438">
    <error type="java.util.concurrent.TimeoutException">java.util.concurrent.TimeoutException
	at java.util.concurrent.CompletableFuture.timedGet(CompletableFuture.java:1771)
	at java.util.concurrent.CompletableFuture.get(CompletableFuture.java:1915)
	at org.apache.hadoop.hdds.scm.XceiverClientRatis.watchForCommit(XceiverClientRatis.java:298)
	at org.apache.hadoop.ozone.client.rpc.TestWatchForCommit.test2WayCommitForTimeoutException(TestWatchForCommit.java:391)
	at sun.reflect.NativeMethodAccessorImpl.invoke0(Native Method)
	at sun.reflect.NativeMethodAccessorImpl.invoke(NativeMethodAccessorImpl.java:62)
	at sun.reflect.DelegatingMethodAccessorImpl.invoke(DelegatingMethodAccessorImpl.java:43)
	at java.lang.reflect.Method.invoke(Method.java:498)
	at org.junit.runners.model.FrameworkMethod$1.runReflectiveCall(FrameworkMethod.java:47)
	at org.junit.internal.runners.model.ReflectiveCallable.run(ReflectiveCallable.java:12)
	at org.junit.runners.model.FrameworkMethod.invokeExplosively(FrameworkMethod.java:44)
	at org.junit.internal.runners.statements.InvokeMethod.evaluate(InvokeMethod.java:17)
	at org.junit.runners.ParentRunner.runLeaf(ParentRunner.java:271)
	at org.junit.runners.BlockJUnit4ClassRunner.runChild(BlockJUnit4ClassRunner.java:70)
	at org.junit.runners.BlockJUnit4ClassRunner.runChild(BlockJUnit4ClassRunner.java:50)
	at org.junit.runners.ParentRunner$3.run(ParentRunner.java:238)
	at org.junit.runners.ParentRunner$1.schedule(ParentRunner.java:63)
	at org.junit.runners.ParentRunner.runChildren(ParentRunner.java:236)
	at org.junit.runners.ParentRunner.access$000(ParentRunner.java:53)
	at org.junit.runners.ParentRunner$2.evaluate(ParentRunner.java:229)
	at org.junit.runners.ParentRunner.run(ParentRunner.java:309)
	at org.apache.maven.surefire.junit4.JUnit4Provider.execute(JUnit4Provider.java:365)
	at org.apache.maven.surefire.junit4.JUnit4Provider.executeWithRerun(JUnit4Provider.java:273)
	at org.apache.maven.surefire.junit4.JUnit4Provider.executeTestSet(JUnit4Provider.java:238)
	at org.apache.maven.surefire.junit4.JUnit4Provider.invoke(JUnit4Provider.java:159)
	at org.apache.maven.surefire.booter.ForkedBooter.invokeProviderInSameClassLoader(ForkedBooter.java:384)
	at org.apache.maven.surefire.booter.ForkedBooter.runSuitesInProcess(ForkedBooter.java:345)
	at org.apache.maven.surefire.booter.ForkedBooter.execute(ForkedBooter.java:126)
	at org.apache.maven.surefire.booter.ForkedBooter.main(ForkedBooter.java:418)
</error>
    <system-out><![CDATA[2019-10-02 11:24:41,990 [main] WARN  server.ServerUtils (ServerUtils.java:getScmDbDir(145)) - ozone.scm.db.dirs is not configured. We recommend adding this setting. Falling back to ozone.metadata.dirs instead.
2019-10-02 11:24:42,014 [main] WARN  server.ServerUtils (ServerUtils.java:getScmDbDir(145)) - ozone.scm.db.dirs is not configured. We recommend adding this setting. Falling back to ozone.metadata.dirs instead.
2019-10-02 11:24:42,014 [main] WARN  server.ServerUtils (ServerUtils.java:getScmDbDir(145)) - ozone.scm.db.dirs is not configured. We recommend adding this setting. Falling back to ozone.metadata.dirs instead.
2019-10-02 11:24:42,015 [main] INFO  db.DBStoreBuilder (DBStoreBuilder.java:addTable(110)) - using custom profile for table: deletedBlocks
2019-10-02 11:24:42,015 [main] INFO  db.DBStoreBuilder (DBStoreBuilder.java:processTables(161)) - Using default column profile:DBProfile.DISK for Table:deletedBlocks
2019-10-02 11:24:42,015 [main] INFO  db.DBStoreBuilder (DBStoreBuilder.java:addTable(110)) - using custom profile for table: validCerts
2019-10-02 11:24:42,015 [main] INFO  db.DBStoreBuilder (DBStoreBuilder.java:processTables(161)) - Using default column profile:DBProfile.DISK for Table:validCerts
2019-10-02 11:24:42,016 [main] INFO  db.DBStoreBuilder (DBStoreBuilder.java:addTable(110)) - using custom profile for table: revokedCerts
2019-10-02 11:24:42,016 [main] INFO  db.DBStoreBuilder (DBStoreBuilder.java:processTables(161)) - Using default column profile:DBProfile.DISK for Table:revokedCerts
2019-10-02 11:24:42,016 [main] INFO  db.DBStoreBuilder (DBStoreBuilder.java:addTable(110)) - using custom profile for table: default
2019-10-02 11:24:42,016 [main] INFO  db.DBStoreBuilder (DBStoreBuilder.java:processTables(167)) - Using default column profile:DBProfile.DISK for Table:default
2019-10-02 11:24:42,016 [main] INFO  db.DBStoreBuilder (DBStoreBuilder.java:getDbProfile(198)) - Using default options. DBProfile.DISK
2019-10-02 11:24:42,233 [main] INFO  net.NodeSchemaLoader (NodeSchemaLoader.java:loadSchemaFromFile(125)) - Loading file from sun.misc.CompoundEnumeration@6a98f353
2019-10-02 11:24:42,234 [main] INFO  net.NodeSchemaLoader (NodeSchemaLoader.java:loadSchema(171)) - Loading network topology layer schema file
2019-10-02 11:24:42,239 [main] WARN  server.ServerUtils (ServerUtils.java:sanitizeUserArgs(70)) - ozone.scm.stale.node.interval value = 300000 is larger than max = 100000 based on the key value of ozone.scm.heartbeat.thread.interval, reset to the max value 100000.
2019-10-02 11:24:42,239 [main] WARN  server.ServerUtils (ServerUtils.java:sanitizeUserArgs(70)) - ozone.scm.stale.node.interval value = 300000 is larger than max = 100000 based on the key value of ozone.scm.heartbeat.thread.interval, reset to the max value 100000.
2019-10-02 11:24:42,240 [main] INFO  node.SCMNodeManager (SCMNodeManager.java:<init>(114)) - Entering startup safe mode.
2019-10-02 11:24:42,241 [main] INFO  algorithms.ContainerPlacementPolicyFactory (ContainerPlacementPolicyFactory.java:getPolicy(57)) - Create container placement policy of type org.apache.hadoop.hdds.scm.container.placement.algorithms.SCMContainerPlacementRandom
2019-10-02 11:24:42,241 [main] WARN  server.ServerUtils (ServerUtils.java:getScmDbDir(145)) - ozone.scm.db.dirs is not configured. We recommend adding this setting. Falling back to ozone.metadata.dirs instead.
2019-10-02 11:24:42,318 [main] INFO  pipeline.SCMPipelineManager (SCMPipelineManager.java:initializePipelineState(132)) - No pipeline exists in current db
2019-10-02 11:24:42,318 [main] WARN  server.ServerUtils (ServerUtils.java:getScmDbDir(145)) - ozone.scm.db.dirs is not configured. We recommend adding this setting. Falling back to ozone.metadata.dirs instead.
2019-10-02 11:24:42,383 [main] WARN  events.EventQueue (EventQueue.java:fireEvent(183)) - No event handler registered for event TypedEvent{payloadType=SafeModeStatus, name='SafeModeStatus'}
2019-10-02 11:24:42,384 [main] INFO  ipc.CallQueueManager (CallQueueManager.java:<init>(84)) - Using callQueue: class java.util.concurrent.LinkedBlockingQueue, queueCapacity: 2000, scheduler: class org.apache.hadoop.ipc.DefaultRpcScheduler, ipcBackoff: false.
2019-10-02 11:24:42,385 [Socket Reader #1 for port 42374] INFO  ipc.Server (Server.java:run(1074)) - Starting Socket Reader #1 for port 42374
2019-10-02 11:24:42,387 [main] INFO  ipc.CallQueueManager (CallQueueManager.java:<init>(84)) - Using callQueue: class java.util.concurrent.LinkedBlockingQueue, queueCapacity: 2000, scheduler: class org.apache.hadoop.ipc.DefaultRpcScheduler, ipcBackoff: false.
2019-10-02 11:24:42,387 [Socket Reader #1 for port 39424] INFO  ipc.Server (Server.java:run(1074)) - Starting Socket Reader #1 for port 39424
2019-10-02 11:24:42,389 [main] INFO  ipc.CallQueueManager (CallQueueManager.java:<init>(84)) - Using callQueue: class java.util.concurrent.LinkedBlockingQueue, queueCapacity: 2000, scheduler: class org.apache.hadoop.ipc.DefaultRpcScheduler, ipcBackoff: false.
2019-10-02 11:24:42,390 [Socket Reader #1 for port 34456] INFO  ipc.Server (Server.java:run(1074)) - Starting Socket Reader #1 for port 34456
2019-10-02 11:24:42,391 [main] INFO  hdfs.DFSUtil (DFSUtil.java:httpServerTemplateForNNAndJN(1641)) - Starting Web-server for scm at: http://0.0.0.0:0
2019-10-02 11:24:42,393 [main] INFO  server.AuthenticationFilter (AuthenticationFilter.java:constructSecretProvider(240)) - Unable to initialize FileSignerSecretProvider, falling back to use random secrets.
2019-10-02 11:24:42,393 [main] WARN  http.HttpRequestLog (HttpRequestLog.java:getRequestLog(97)) - Jetty request log can only be enabled using Log4j
2019-10-02 11:24:42,395 [main] INFO  http.HttpServer2 (HttpServer2.java:addGlobalFilter(975)) - Added global filter 'safety' (class=org.apache.hadoop.http.HttpServer2$QuotingInputFilter)
2019-10-02 11:24:42,395 [main] INFO  http.HttpServer2 (HttpServer2.java:addFilter(948)) - Added filter static_user_filter (class=org.apache.hadoop.http.lib.StaticUserWebFilter$StaticUserFilter) to context scm
2019-10-02 11:24:42,395 [main] INFO  http.HttpServer2 (HttpServer2.java:addFilter(958)) - Added filter static_user_filter (class=org.apache.hadoop.http.lib.StaticUserWebFilter$StaticUserFilter) to context logs
2019-10-02 11:24:42,395 [main] INFO  http.HttpServer2 (HttpServer2.java:addFilter(958)) - Added filter static_user_filter (class=org.apache.hadoop.http.lib.StaticUserWebFilter$StaticUserFilter) to context static
2019-10-02 11:24:42,397 [main] INFO  server.StorageContainerManager (StorageContainerManager.java:start(770)) - StorageContainerLocationProtocol RPC server is listening at /0.0.0.0:34456
2019-10-02 11:24:42,399 [main] WARN  impl.MetricsConfig (MetricsConfig.java:loadFirst(134)) - Cannot locate configuration: tried hadoop-metrics2-storagecontainermanager.properties,hadoop-metrics2.properties
2019-10-02 11:24:42,399 [main] INFO  impl.MetricsSystemImpl (MetricsSystemImpl.java:startTimer(374)) - Scheduled Metric snapshot period at 10 second(s).
2019-10-02 11:24:42,400 [main] INFO  impl.MetricsSystemImpl (MetricsSystemImpl.java:start(191)) - StorageContainerManager metrics system started
2019-10-02 11:24:42,479 [main] WARN  impl.MetricsSystemImpl (MetricsSystemImpl.java:register(276)) - Sink prometheus already exists!
2019-10-02 11:24:42,554 [main] INFO  server.SCMClientProtocolServer (SCMClientProtocolServer.java:start(150)) - RPC server for Client  is listening at /0.0.0.0:34456
2019-10-02 11:24:42,554 [IPC Server Responder] INFO  ipc.Server (Server.java:run(1314)) - IPC Server Responder: starting
2019-10-02 11:24:42,555 [IPC Server listener on 34456] INFO  ipc.Server (Server.java:run(1153)) - IPC Server listener on 34456: starting
2019-10-02 11:24:42,558 [main] INFO  server.StorageContainerManager (StorageContainerManager.java:start(780)) - ScmBlockLocationProtocol RPC server is listening at /0.0.0.0:39424
2019-10-02 11:24:42,558 [main] INFO  server.SCMBlockProtocolServer (SCMBlockProtocolServer.java:start(146)) - RPC server for Block Protocol is listening at /0.0.0.0:39424
2019-10-02 11:24:42,559 [IPC Server Responder] INFO  ipc.Server (Server.java:run(1314)) - IPC Server Responder: starting
2019-10-02 11:24:42,559 [IPC Server listener on 39424] INFO  ipc.Server (Server.java:run(1153)) - IPC Server listener on 39424: starting
2019-10-02 11:24:42,564 [main] INFO  server.StorageContainerManager (StorageContainerManager.java:start(784)) - ScmDatanodeProtocl RPC server is listening at /0.0.0.0:42374
2019-10-02 11:24:42,564 [main] INFO  server.SCMDatanodeProtocolServer (SCMDatanodeProtocolServer.java:start(191)) - RPC server for DataNodes is listening at /0.0.0.0:42374
2019-10-02 11:24:42,565 [IPC Server Responder] INFO  ipc.Server (Server.java:run(1314)) - IPC Server Responder: starting
2019-10-02 11:24:42,565 [IPC Server listener on 42374] INFO  ipc.Server (Server.java:run(1153)) - IPC Server listener on 42374: starting
2019-10-02 11:24:42,568 [main] INFO  http.HttpServer2 (HttpServer2.java:bindListener(1191)) - Jetty bound to port 39100
2019-10-02 11:24:42,568 [main] INFO  server.Server (Server.java:doStart(351)) - jetty-9.3.25.v20180904, build timestamp: 2018-09-04T21:11:46Z, git hash: 3ce520221d0240229c862b122d2b06c12a625732
2019-10-02 11:24:42,569 [main] INFO  handler.ContextHandler (ContextHandler.java:doStart(781)) - Started o.e.j.s.ServletContextHandler@525647f3{/logs,file:///workdir/hadoop-ozone/integration-test/target/log,AVAILABLE}
2019-10-02 11:24:42,570 [main] INFO  handler.ContextHandler (ContextHandler.java:doStart(781)) - Started o.e.j.s.ServletContextHandler@20a24edf{/static,file:///workdir/hadoop-ozone/integration-test/target/test-classes/webapps/static,AVAILABLE}
2019-10-02 11:24:42,574 [main] INFO  handler.ContextHandler (ContextHandler.java:doStart(781)) - Started o.e.j.w.WebAppContext@1edccfd4{/,file:///workdir/hadoop-ozone/integration-test/target/test-classes/webapps/scm/,AVAILABLE}{/scm}
2019-10-02 11:24:42,574 [main] INFO  server.AbstractConnector (AbstractConnector.java:doStart(278)) - Started ServerConnector@8c43966{HTTP/1.1,[http/1.1]}{0.0.0.0:39100}
2019-10-02 11:24:42,575 [main] INFO  server.Server (Server.java:doStart(419)) - Started @234609ms
2019-10-02 11:24:42,575 [main] WARN  impl.MetricsSystemImpl (MetricsSystemImpl.java:register(276)) - Sink prometheus already exists!
2019-10-02 11:24:42,576 [main] INFO  server.BaseHttpServer (BaseHttpServer.java:updateConnectorAddress(215)) - HTTP server of SCM is listening at http://0.0.0.0:39100
2019-10-02 11:24:42,577 [main] WARN  server.ServerUtils (ServerUtils.java:getDBPath(222)) - ozone.om.db.dirs is not configured. We recommend adding this setting. Falling back to ozone.metadata.dirs instead.
2019-10-02 11:24:42,577 [org.apache.hadoop.util.JvmPauseMonitor$Monitor@11a3a45f] INFO  util.JvmPauseMonitor (JvmPauseMonitor.java:run(188)) - Starting JVM pause monitor
2019-10-02 11:24:42,590 [main] WARN  server.ServerUtils (ServerUtils.java:getDBPath(222)) - ozone.om.db.dirs is not configured. We recommend adding this setting. Falling back to ozone.metadata.dirs instead.
2019-10-02 11:24:42,590 [main] WARN  server.ServerUtils (ServerUtils.java:getDBPath(222)) - ozone.om.db.dirs is not configured. We recommend adding this setting. Falling back to ozone.metadata.dirs instead.
2019-10-02 11:24:42,591 [main] INFO  om.OzoneManager (OzoneManager.java:setOMNodeDetails(652)) - OM Service ID is not set. Setting it to the default ID: omServiceIdDefault
2019-10-02 11:24:42,591 [main] INFO  om.OzoneManager (OzoneManager.java:setOMNodeDetails(658)) - OM Node ID is not set. Setting it to the OmStorage's OmID: bdde0f10-3d56-4733-9dd8-45d4968d2b7a
2019-10-02 11:24:42,591 [main] INFO  om.OzoneManager (OzoneManager.java:loadOMHAConfigs(609)) - Found matching OM address with OMServiceId: null, OMNodeId: null, RPC Address: localhost:0 and Ratis port: 9872
2019-10-02 11:24:42,598 [main] WARN  server.ServerUtils (ServerUtils.java:getDBPath(222)) - ozone.om.db.dirs is not configured. We recommend adding this setting. Falling back to ozone.metadata.dirs instead.
2019-10-02 11:24:42,598 [main] INFO  db.DBStoreBuilder (DBStoreBuilder.java:addTable(110)) - using custom profile for table: userTable
2019-10-02 11:24:42,599 [main] INFO  db.DBStoreBuilder (DBStoreBuilder.java:processTables(161)) - Using default column profile:DBProfile.DISK for Table:userTable
2019-10-02 11:24:42,599 [main] INFO  db.DBStoreBuilder (DBStoreBuilder.java:addTable(110)) - using custom profile for table: volumeTable
2019-10-02 11:24:42,599 [main] INFO  db.DBStoreBuilder (DBStoreBuilder.java:processTables(161)) - Using default column profile:DBProfile.DISK for Table:volumeTable
2019-10-02 11:24:42,599 [main] INFO  db.DBStoreBuilder (DBStoreBuilder.java:addTable(110)) - using custom profile for table: bucketTable
2019-10-02 11:24:42,600 [main] INFO  db.DBStoreBuilder (DBStoreBuilder.java:processTables(161)) - Using default column profile:DBProfile.DISK for Table:bucketTable
2019-10-02 11:24:42,600 [main] INFO  db.DBStoreBuilder (DBStoreBuilder.java:addTable(110)) - using custom profile for table: keyTable
2019-10-02 11:24:42,600 [main] INFO  db.DBStoreBuilder (DBStoreBuilder.java:processTables(161)) - Using default column profile:DBProfile.DISK for Table:keyTable
2019-10-02 11:24:42,600 [main] INFO  db.DBStoreBuilder (DBStoreBuilder.java:addTable(110)) - using custom profile for table: deletedTable
2019-10-02 11:24:42,601 [main] INFO  db.DBStoreBuilder (DBStoreBuilder.java:processTables(161)) - Using default column profile:DBProfile.DISK for Table:deletedTable
2019-10-02 11:24:42,601 [main] INFO  db.DBStoreBuilder (DBStoreBuilder.java:addTable(110)) - using custom profile for table: openKeyTable
2019-10-02 11:24:42,601 [main] INFO  db.DBStoreBuilder (DBStoreBuilder.java:processTables(161)) - Using default column profile:DBProfile.DISK for Table:openKeyTable
2019-10-02 11:24:42,601 [main] INFO  db.DBStoreBuilder (DBStoreBuilder.java:addTable(110)) - using custom profile for table: s3Table
2019-10-02 11:24:42,601 [main] INFO  db.DBStoreBuilder (DBStoreBuilder.java:processTables(161)) - Using default column profile:DBProfile.DISK for Table:s3Table
2019-10-02 11:24:42,602 [main] INFO  db.DBStoreBuilder (DBStoreBuilder.java:addTable(110)) - using custom profile for table: multipartInfoTable
2019-10-02 11:24:42,602 [main] INFO  db.DBStoreBuilder (DBStoreBuilder.java:processTables(161)) - Using default column profile:DBProfile.DISK for Table:multipartInfoTable
2019-10-02 11:24:42,602 [main] INFO  db.DBStoreBuilder (DBStoreBuilder.java:addTable(110)) - using custom profile for table: dTokenTable
2019-10-02 11:24:42,602 [main] INFO  db.DBStoreBuilder (DBStoreBuilder.java:processTables(161)) - Using default column profile:DBProfile.DISK for Table:dTokenTable
2019-10-02 11:24:42,603 [main] INFO  db.DBStoreBuilder (DBStoreBuilder.java:addTable(110)) - using custom profile for table: s3SecretTable
2019-10-02 11:24:42,603 [main] INFO  db.DBStoreBuilder (DBStoreBuilder.java:processTables(161)) - Using default column profile:DBProfile.DISK for Table:s3SecretTable
2019-10-02 11:24:42,603 [main] INFO  db.DBStoreBuilder (DBStoreBuilder.java:addTable(110)) - using custom profile for table: prefixTable
2019-10-02 11:24:42,603 [main] INFO  db.DBStoreBuilder (DBStoreBuilder.java:processTables(161)) - Using default column profile:DBProfile.DISK for Table:prefixTable
2019-10-02 11:24:42,603 [main] INFO  db.DBStoreBuilder (DBStoreBuilder.java:addTable(110)) - using custom profile for table: default
2019-10-02 11:24:42,604 [main] INFO  db.DBStoreBuilder (DBStoreBuilder.java:processTables(167)) - Using default column profile:DBProfile.DISK for Table:default
2019-10-02 11:24:42,604 [main] INFO  db.DBStoreBuilder (DBStoreBuilder.java:getDbProfile(198)) - Using default options. DBProfile.DISK
2019-10-02 11:24:43,200 [main] INFO  ipc.CallQueueManager (CallQueueManager.java:<init>(84)) - Using callQueue: class java.util.concurrent.LinkedBlockingQueue, queueCapacity: 2000, scheduler: class org.apache.hadoop.ipc.DefaultRpcScheduler, ipcBackoff: false.
2019-10-02 11:24:43,201 [Socket Reader #1 for port 46350] INFO  ipc.Server (Server.java:run(1074)) - Starting Socket Reader #1 for port 46350
2019-10-02 11:24:43,213 [main] INFO  om.OzoneManager (OzoneManager.java:start(1243)) - OzoneManager RPC server is listening at localhost/127.0.0.1:46350
2019-10-02 11:24:43,213 [main] INFO  impl.MetricsSystemImpl (MetricsSystemImpl.java:init(158)) - OzoneManager metrics system started (again)
2019-10-02 11:24:43,214 [IPC Server Responder] INFO  ipc.Server (Server.java:run(1314)) - IPC Server Responder: starting
2019-10-02 11:24:43,214 [IPC Server listener on 46350] INFO  ipc.Server (Server.java:run(1153)) - IPC Server listener on 46350: starting
2019-10-02 11:24:43,219 [main] INFO  hdfs.DFSUtil (DFSUtil.java:httpServerTemplateForNNAndJN(1641)) - Starting Web-server for ozoneManager at: http://0.0.0.0:0
2019-10-02 11:24:43,220 [main] INFO  server.AuthenticationFilter (AuthenticationFilter.java:constructSecretProvider(240)) - Unable to initialize FileSignerSecretProvider, falling back to use random secrets.
2019-10-02 11:24:43,221 [main] WARN  http.HttpRequestLog (HttpRequestLog.java:getRequestLog(97)) - Jetty request log can only be enabled using Log4j
2019-10-02 11:24:43,222 [main] INFO  http.HttpServer2 (HttpServer2.java:addGlobalFilter(975)) - Added global filter 'safety' (class=org.apache.hadoop.http.HttpServer2$QuotingInputFilter)
2019-10-02 11:24:43,222 [main] INFO  http.HttpServer2 (HttpServer2.java:addFilter(948)) - Added filter static_user_filter (class=org.apache.hadoop.http.lib.StaticUserWebFilter$StaticUserFilter) to context ozoneManager
2019-10-02 11:24:43,222 [main] INFO  http.HttpServer2 (HttpServer2.java:addFilter(958)) - Added filter static_user_filter (class=org.apache.hadoop.http.lib.StaticUserWebFilter$StaticUserFilter) to context static
2019-10-02 11:24:43,223 [main] INFO  http.HttpServer2 (HttpServer2.java:addFilter(958)) - Added filter static_user_filter (class=org.apache.hadoop.http.lib.StaticUserWebFilter$StaticUserFilter) to context logs
2019-10-02 11:24:43,223 [main] INFO  http.HttpServer2 (HttpServer2.java:bindListener(1191)) - Jetty bound to port 40531
2019-10-02 11:24:43,223 [main] INFO  server.Server (Server.java:doStart(351)) - jetty-9.3.25.v20180904, build timestamp: 2018-09-04T21:11:46Z, git hash: 3ce520221d0240229c862b122d2b06c12a625732
2019-10-02 11:24:43,225 [main] INFO  handler.ContextHandler (ContextHandler.java:doStart(781)) - Started o.e.j.s.ServletContextHandler@6af65f29{/logs,file:///workdir/hadoop-ozone/integration-test/target/log,AVAILABLE}
2019-10-02 11:24:43,225 [main] INFO  handler.ContextHandler (ContextHandler.java:doStart(781)) - Started o.e.j.s.ServletContextHandler@3c81cd82{/static,file:///workdir/hadoop-ozone/integration-test/target/test-classes/webapps/static,AVAILABLE}
2019-10-02 11:24:43,241 [main] INFO  handler.ContextHandler (ContextHandler.java:doStart(781)) - Started o.e.j.w.WebAppContext@6897a4a{/,file:///workdir/hadoop-ozone/integration-test/target/test-classes/webapps/ozoneManager/,AVAILABLE}{/ozoneManager}
2019-10-02 11:24:43,241 [main] INFO  server.AbstractConnector (AbstractConnector.java:doStart(278)) - Started ServerConnector@6986f93e{HTTP/1.1,[http/1.1]}{0.0.0.0:40531}
2019-10-02 11:24:43,242 [main] INFO  server.Server (Server.java:doStart(419)) - Started @235276ms
2019-10-02 11:24:43,242 [main] WARN  impl.MetricsSystemImpl (MetricsSystemImpl.java:register(276)) - Sink prometheus already exists!
2019-10-02 11:24:43,243 [main] INFO  server.BaseHttpServer (BaseHttpServer.java:updateConnectorAddress(215)) - HTTP server of OZONEMANAGER is listening at http://0.0.0.0:40531
2019-10-02 11:24:43,256 [main] INFO  impl.MetricsSystemImpl (MetricsSystemImpl.java:init(158)) - HddsDatanode metrics system started (again)
2019-10-02 11:24:43,259 [main] INFO  ozone.HddsDatanodeService (HddsDatanodeService.java:start(184)) - HddsDatanodeService host:pr-hdds-2225-rpdbg-2298847827 ip:192.168.164.220
2019-10-02 11:24:43,264 [main] INFO  volume.HddsVolume (HddsVolume.java:<init>(176)) - Creating Volume: /workdir/hadoop-ozone/integration-test/target/test-dir/MiniOzoneClusterImpl-2207a384-d7b7-413f-9b4f-dc9f65a772d6/datanode-0/data/containers/hdds of  storage type : DISK and capacity : 1482555576320
2019-10-02 11:24:43,265 [main] INFO  volume.VolumeSet (VolumeSet.java:initializeVolumeSet(170)) - Added Volume : /workdir/hadoop-ozone/integration-test/target/test-dir/MiniOzoneClusterImpl-2207a384-d7b7-413f-9b4f-dc9f65a772d6/datanode-0/data/containers/hdds to VolumeSet
2019-10-02 11:24:43,265 [main] INFO  volume.ThrottledAsyncChecker (ThrottledAsyncChecker.java:schedule(139)) - Scheduling a check for org.apache.hadoop.ozone.container.common.volume.HddsVolume@447fa959
2019-10-02 11:24:43,265 [main] INFO  volume.HddsVolumeChecker (HddsVolumeChecker.java:checkAllVolumes(202)) - Scheduled health check for volume org.apache.hadoop.ozone.container.common.volume.HddsVolume@447fa959
2019-10-02 11:24:43,278 [main] INFO  impl.RaftServerProxy (ConfUtils.java:logGet(43)) - raft.rpc.type = GRPC (default)
2019-10-02 11:24:43,278 [main] INFO  grpc.GrpcFactory (GrpcFactory.java:checkPooledByteBufAllocatorUseCacheForAllThreads(45)) - PERFORMANCE WARNING: useCacheForAllThreads is true that may cause Netty to create a lot garbage objects and, as a result, trigger GC.
	It is recommended to disable useCacheForAllThreads by setting -Dorg.apache.ratis.thirdparty.io.netty.allocator.useCacheForAllThreads=false in command line.
2019-10-02 11:24:43,278 [main] INFO  grpc.GrpcConfigKeys$Server (ConfUtils.java:logGet(43)) - raft.grpc.server.port = 0 (default)
2019-10-02 11:24:43,278 [main] INFO  server.GrpcService (ConfUtils.java:logGet(43)) - raft.grpc.message.size.max = 33570816 (custom)
2019-10-02 11:24:43,279 [main] INFO  server.RaftServerConfigKeys (ConfUtils.java:logGet(43)) - raft.server.log.appender.buffer.byte-limit = 33554432 (custom)
2019-10-02 11:24:43,279 [main] INFO  server.GrpcService (ConfUtils.java:logGet(43)) - raft.grpc.flow.control.window = 1MB (=1048576) (default)
2019-10-02 11:24:43,279 [main] INFO  server.RaftServerConfigKeys (ConfUtils.java:logGet(43)) - raft.server.rpc.request.timeout = 3000ms (default)
2019-10-02 11:24:43,279 [main] INFO  server.RaftServerConfigKeys (ConfUtils.java:logGet(43)) - raft.server.storage.dir = [/workdir/hadoop-ozone/integration-test/target/test-dir/MiniOzoneClusterImpl-2207a384-d7b7-413f-9b4f-dc9f65a772d6/datanode-0/data/ratis] (custom)
2019-10-02 11:24:43,281 [main] INFO  hdfs.DFSUtil (DFSUtil.java:httpServerTemplateForNNAndJN(1641)) - Starting Web-server for hddsDatanode at: http://0.0.0.0:0
2019-10-02 11:24:43,282 [main] INFO  server.AuthenticationFilter (AuthenticationFilter.java:constructSecretProvider(240)) - Unable to initialize FileSignerSecretProvider, falling back to use random secrets.
2019-10-02 11:24:43,282 [main] WARN  http.HttpRequestLog (HttpRequestLog.java:getRequestLog(97)) - Jetty request log can only be enabled using Log4j
2019-10-02 11:24:43,283 [main] INFO  http.HttpServer2 (HttpServer2.java:addGlobalFilter(975)) - Added global filter 'safety' (class=org.apache.hadoop.http.HttpServer2$QuotingInputFilter)
2019-10-02 11:24:43,284 [main] INFO  http.HttpServer2 (HttpServer2.java:addFilter(948)) - Added filter static_user_filter (class=org.apache.hadoop.http.lib.StaticUserWebFilter$StaticUserFilter) to context hddsDatanode
2019-10-02 11:24:43,284 [main] INFO  http.HttpServer2 (HttpServer2.java:addFilter(958)) - Added filter static_user_filter (class=org.apache.hadoop.http.lib.StaticUserWebFilter$StaticUserFilter) to context logs
2019-10-02 11:24:43,284 [main] INFO  http.HttpServer2 (HttpServer2.java:addFilter(958)) - Added filter static_user_filter (class=org.apache.hadoop.http.lib.StaticUserWebFilter$StaticUserFilter) to context static
2019-10-02 11:24:43,285 [main] INFO  http.HttpServer2 (HttpServer2.java:bindListener(1191)) - Jetty bound to port 36544
2019-10-02 11:24:43,285 [main] INFO  server.Server (Server.java:doStart(351)) - jetty-9.3.25.v20180904, build timestamp: 2018-09-04T21:11:46Z, git hash: 3ce520221d0240229c862b122d2b06c12a625732
2019-10-02 11:24:43,286 [main] INFO  handler.ContextHandler (ContextHandler.java:doStart(781)) - Started o.e.j.s.ServletContextHandler@67328bcb{/logs,file:///workdir/hadoop-ozone/integration-test/target/log,AVAILABLE}
2019-10-02 11:24:43,287 [main] INFO  handler.ContextHandler (ContextHandler.java:doStart(781)) - Started o.e.j.s.ServletContextHandler@2416c658{/static,jar:file:/home/user/.m2/repository/org/apache/hadoop/hadoop-hdds-container-service/0.5.0-SNAPSHOT/hadoop-hdds-container-service-0.5.0-SNAPSHOT.jar!/webapps/static,AVAILABLE}
2019-10-02 11:24:43,313 [main] INFO  handler.ContextHandler (ContextHandler.java:doStart(781)) - Started o.e.j.w.WebAppContext@1cd2143b{/,file:///tmp/jetty-0.0.0.0-36544-hddsDatanode-_-any-7970026836430441646.dir/webapp/,AVAILABLE}{/hddsDatanode}
2019-10-02 11:24:43,313 [main] INFO  server.AbstractConnector (AbstractConnector.java:doStart(278)) - Started ServerConnector@1118d539{HTTP/1.1,[http/1.1]}{0.0.0.0:36544}
2019-10-02 11:24:43,315 [main] INFO  server.Server (Server.java:doStart(419)) - Started @235349ms
2019-10-02 11:24:43,315 [main] WARN  impl.MetricsSystemImpl (MetricsSystemImpl.java:register(276)) - Sink prometheus already exists!
2019-10-02 11:24:43,316 [main] INFO  server.BaseHttpServer (BaseHttpServer.java:updateConnectorAddress(215)) - HTTP server of HDDSDATANODE is listening at http://0.0.0.0:36544
2019-10-02 11:24:43,316 [main] INFO  impl.MetricsSystemImpl (MetricsSystemImpl.java:init(158)) - HddsDatanode metrics system started (again)
2019-10-02 11:24:43,319 [org.apache.hadoop.util.JvmPauseMonitor$Monitor@789158a7] INFO  util.JvmPauseMonitor (JvmPauseMonitor.java:run(188)) - Starting JVM pause monitor
2019-10-02 11:24:43,320 [main] INFO  ozone.HddsDatanodeService (HddsDatanodeService.java:start(184)) - HddsDatanodeService host:pr-hdds-2225-rpdbg-2298847827 ip:192.168.164.220
2019-10-02 11:24:43,321 [Datanode State Machine Thread - 0] INFO  datanode.InitDatanodeState (InitDatanodeState.java:persistContainerDatanodeDetails(140)) - DatanodeDetails is persisted to /workdir/hadoop-ozone/integration-test/target/test-dir/MiniOzoneClusterImpl-2207a384-d7b7-413f-9b4f-dc9f65a772d6/datanode-0/meta/datanode.id
2019-10-02 11:24:43,326 [main] INFO  volume.HddsVolume (HddsVolume.java:<init>(176)) - Creating Volume: /workdir/hadoop-ozone/integration-test/target/test-dir/MiniOzoneClusterImpl-2207a384-d7b7-413f-9b4f-dc9f65a772d6/datanode-1/data/containers/hdds of  storage type : DISK and capacity : 1482555576320
2019-10-02 11:24:43,326 [main] INFO  volume.VolumeSet (VolumeSet.java:initializeVolumeSet(170)) - Added Volume : /workdir/hadoop-ozone/integration-test/target/test-dir/MiniOzoneClusterImpl-2207a384-d7b7-413f-9b4f-dc9f65a772d6/datanode-1/data/containers/hdds to VolumeSet
2019-10-02 11:24:43,326 [main] INFO  volume.ThrottledAsyncChecker (ThrottledAsyncChecker.java:schedule(139)) - Scheduling a check for org.apache.hadoop.ozone.container.common.volume.HddsVolume@3fde2209
2019-10-02 11:24:43,326 [main] INFO  volume.HddsVolumeChecker (HddsVolumeChecker.java:checkAllVolumes(202)) - Scheduled health check for volume org.apache.hadoop.ozone.container.common.volume.HddsVolume@3fde2209
2019-10-02 11:24:43,340 [main] INFO  impl.RaftServerProxy (ConfUtils.java:logGet(43)) - raft.rpc.type = GRPC (default)
2019-10-02 11:24:43,340 [main] INFO  grpc.GrpcFactory (GrpcFactory.java:checkPooledByteBufAllocatorUseCacheForAllThreads(45)) - PERFORMANCE WARNING: useCacheForAllThreads is true that may cause Netty to create a lot garbage objects and, as a result, trigger GC.
	It is recommended to disable useCacheForAllThreads by setting -Dorg.apache.ratis.thirdparty.io.netty.allocator.useCacheForAllThreads=false in command line.
2019-10-02 11:24:43,340 [main] INFO  grpc.GrpcConfigKeys$Server (ConfUtils.java:logGet(43)) - raft.grpc.server.port = 0 (default)
2019-10-02 11:24:43,341 [main] INFO  server.GrpcService (ConfUtils.java:logGet(43)) - raft.grpc.message.size.max = 33570816 (custom)
2019-10-02 11:24:43,341 [main] INFO  server.RaftServerConfigKeys (ConfUtils.java:logGet(43)) - raft.server.log.appender.buffer.byte-limit = 33554432 (custom)
2019-10-02 11:24:43,341 [main] INFO  server.GrpcService (ConfUtils.java:logGet(43)) - raft.grpc.flow.control.window = 1MB (=1048576) (default)
2019-10-02 11:24:43,341 [main] INFO  server.RaftServerConfigKeys (ConfUtils.java:logGet(43)) - raft.server.rpc.request.timeout = 3000ms (default)
2019-10-02 11:24:43,341 [main] INFO  server.RaftServerConfigKeys (ConfUtils.java:logGet(43)) - raft.server.storage.dir = [/workdir/hadoop-ozone/integration-test/target/test-dir/MiniOzoneClusterImpl-2207a384-d7b7-413f-9b4f-dc9f65a772d6/datanode-1/data/ratis] (custom)
2019-10-02 11:24:43,343 [main] INFO  hdfs.DFSUtil (DFSUtil.java:httpServerTemplateForNNAndJN(1641)) - Starting Web-server for hddsDatanode at: http://0.0.0.0:0
2019-10-02 11:24:43,344 [main] INFO  server.AuthenticationFilter (AuthenticationFilter.java:constructSecretProvider(240)) - Unable to initialize FileSignerSecretProvider, falling back to use random secrets.
2019-10-02 11:24:43,345 [main] WARN  http.HttpRequestLog (HttpRequestLog.java:getRequestLog(97)) - Jetty request log can only be enabled using Log4j
2019-10-02 11:24:43,346 [main] INFO  http.HttpServer2 (HttpServer2.java:addGlobalFilter(975)) - Added global filter 'safety' (class=org.apache.hadoop.http.HttpServer2$QuotingInputFilter)
2019-10-02 11:24:43,347 [main] INFO  http.HttpServer2 (HttpServer2.java:addFilter(948)) - Added filter static_user_filter (class=org.apache.hadoop.http.lib.StaticUserWebFilter$StaticUserFilter) to context hddsDatanode
2019-10-02 11:24:43,347 [main] INFO  http.HttpServer2 (HttpServer2.java:addFilter(958)) - Added filter static_user_filter (class=org.apache.hadoop.http.lib.StaticUserWebFilter$StaticUserFilter) to context logs
2019-10-02 11:24:43,348 [main] INFO  http.HttpServer2 (HttpServer2.java:addFilter(958)) - Added filter static_user_filter (class=org.apache.hadoop.http.lib.StaticUserWebFilter$StaticUserFilter) to context static
2019-10-02 11:24:43,348 [main] INFO  http.HttpServer2 (HttpServer2.java:bindListener(1191)) - Jetty bound to port 40871
2019-10-02 11:24:43,349 [main] INFO  server.Server (Server.java:doStart(351)) - jetty-9.3.25.v20180904, build timestamp: 2018-09-04T21:11:46Z, git hash: 3ce520221d0240229c862b122d2b06c12a625732
2019-10-02 11:24:43,350 [main] INFO  handler.ContextHandler (ContextHandler.java:doStart(781)) - Started o.e.j.s.ServletContextHandler@33ec2c0c{/logs,file:///workdir/hadoop-ozone/integration-test/target/log,AVAILABLE}
2019-10-02 11:24:43,351 [main] INFO  handler.ContextHandler (ContextHandler.java:doStart(781)) - Started o.e.j.s.ServletContextHandler@3887c7d7{/static,jar:file:/home/user/.m2/repository/org/apache/hadoop/hadoop-hdds-container-service/0.5.0-SNAPSHOT/hadoop-hdds-container-service-0.5.0-SNAPSHOT.jar!/webapps/static,AVAILABLE}
2019-10-02 11:24:43,387 [main] INFO  handler.ContextHandler (ContextHandler.java:doStart(781)) - Started o.e.j.w.WebAppContext@7b96de8d{/,file:///tmp/jetty-0.0.0.0-40871-hddsDatanode-_-any-2996334400004356752.dir/webapp/,AVAILABLE}{/hddsDatanode}
2019-10-02 11:24:43,388 [main] INFO  server.AbstractConnector (AbstractConnector.java:doStart(278)) - Started ServerConnector@7ccd611e{HTTP/1.1,[http/1.1]}{0.0.0.0:40871}
2019-10-02 11:24:43,389 [main] INFO  server.Server (Server.java:doStart(419)) - Started @235423ms
2019-10-02 11:24:43,389 [main] WARN  impl.MetricsSystemImpl (MetricsSystemImpl.java:register(276)) - Sink prometheus already exists!
2019-10-02 11:24:43,390 [main] INFO  server.BaseHttpServer (BaseHttpServer.java:updateConnectorAddress(215)) - HTTP server of HDDSDATANODE is listening at http://0.0.0.0:40871
2019-10-02 11:24:43,390 [main] INFO  impl.MetricsSystemImpl (MetricsSystemImpl.java:init(158)) - HddsDatanode metrics system started (again)
2019-10-02 11:24:43,394 [org.apache.hadoop.util.JvmPauseMonitor$Monitor@7367319f] INFO  util.JvmPauseMonitor (JvmPauseMonitor.java:run(188)) - Starting JVM pause monitor
2019-10-02 11:24:43,395 [main] INFO  ozone.HddsDatanodeService (HddsDatanodeService.java:start(184)) - HddsDatanodeService host:pr-hdds-2225-rpdbg-2298847827 ip:192.168.164.220
2019-10-02 11:24:43,395 [Datanode State Machine Thread - 0] INFO  datanode.InitDatanodeState (InitDatanodeState.java:persistContainerDatanodeDetails(140)) - DatanodeDetails is persisted to /workdir/hadoop-ozone/integration-test/target/test-dir/MiniOzoneClusterImpl-2207a384-d7b7-413f-9b4f-dc9f65a772d6/datanode-1/meta/datanode.id
2019-10-02 11:24:43,400 [main] INFO  volume.HddsVolume (HddsVolume.java:<init>(176)) - Creating Volume: /workdir/hadoop-ozone/integration-test/target/test-dir/MiniOzoneClusterImpl-2207a384-d7b7-413f-9b4f-dc9f65a772d6/datanode-2/data/containers/hdds of  storage type : DISK and capacity : 1482555576320
2019-10-02 11:24:43,400 [main] INFO  volume.VolumeSet (VolumeSet.java:initializeVolumeSet(170)) - Added Volume : /workdir/hadoop-ozone/integration-test/target/test-dir/MiniOzoneClusterImpl-2207a384-d7b7-413f-9b4f-dc9f65a772d6/datanode-2/data/containers/hdds to VolumeSet
2019-10-02 11:24:43,401 [main] INFO  volume.ThrottledAsyncChecker (ThrottledAsyncChecker.java:schedule(139)) - Scheduling a check for org.apache.hadoop.ozone.container.common.volume.HddsVolume@2e6d76ba
2019-10-02 11:24:43,401 [main] INFO  volume.HddsVolumeChecker (HddsVolumeChecker.java:checkAllVolumes(202)) - Scheduled health check for volume org.apache.hadoop.ozone.container.common.volume.HddsVolume@2e6d76ba
2019-10-02 11:24:43,416 [main] INFO  impl.RaftServerProxy (ConfUtils.java:logGet(43)) - raft.rpc.type = GRPC (default)
2019-10-02 11:24:43,416 [main] INFO  grpc.GrpcFactory (GrpcFactory.java:checkPooledByteBufAllocatorUseCacheForAllThreads(45)) - PERFORMANCE WARNING: useCacheForAllThreads is true that may cause Netty to create a lot garbage objects and, as a result, trigger GC.
	It is recommended to disable useCacheForAllThreads by setting -Dorg.apache.ratis.thirdparty.io.netty.allocator.useCacheForAllThreads=false in command line.
2019-10-02 11:24:43,416 [main] INFO  grpc.GrpcConfigKeys$Server (ConfUtils.java:logGet(43)) - raft.grpc.server.port = 0 (default)
2019-10-02 11:24:43,417 [main] INFO  server.GrpcService (ConfUtils.java:logGet(43)) - raft.grpc.message.size.max = 33570816 (custom)
2019-10-02 11:24:43,417 [main] INFO  server.RaftServerConfigKeys (ConfUtils.java:logGet(43)) - raft.server.log.appender.buffer.byte-limit = 33554432 (custom)
2019-10-02 11:24:43,417 [main] INFO  server.GrpcService (ConfUtils.java:logGet(43)) - raft.grpc.flow.control.window = 1MB (=1048576) (default)
2019-10-02 11:24:43,417 [main] INFO  server.RaftServerConfigKeys (ConfUtils.java:logGet(43)) - raft.server.rpc.request.timeout = 3000ms (default)
2019-10-02 11:24:43,418 [main] INFO  server.RaftServerConfigKeys (ConfUtils.java:logGet(43)) - raft.server.storage.dir = [/workdir/hadoop-ozone/integration-test/target/test-dir/MiniOzoneClusterImpl-2207a384-d7b7-413f-9b4f-dc9f65a772d6/datanode-2/data/ratis] (custom)
2019-10-02 11:24:43,419 [main] INFO  hdfs.DFSUtil (DFSUtil.java:httpServerTemplateForNNAndJN(1641)) - Starting Web-server for hddsDatanode at: http://0.0.0.0:0
2019-10-02 11:24:43,421 [main] INFO  server.AuthenticationFilter (AuthenticationFilter.java:constructSecretProvider(240)) - Unable to initialize FileSignerSecretProvider, falling back to use random secrets.
2019-10-02 11:24:43,421 [main] WARN  http.HttpRequestLog (HttpRequestLog.java:getRequestLog(97)) - Jetty request log can only be enabled using Log4j
2019-10-02 11:24:43,422 [main] INFO  http.HttpServer2 (HttpServer2.java:addGlobalFilter(975)) - Added global filter 'safety' (class=org.apache.hadoop.http.HttpServer2$QuotingInputFilter)
2019-10-02 11:24:43,423 [main] INFO  http.HttpServer2 (HttpServer2.java:addFilter(948)) - Added filter static_user_filter (class=org.apache.hadoop.http.lib.StaticUserWebFilter$StaticUserFilter) to context hddsDatanode
2019-10-02 11:24:43,423 [main] INFO  http.HttpServer2 (HttpServer2.java:addFilter(958)) - Added filter static_user_filter (class=org.apache.hadoop.http.lib.StaticUserWebFilter$StaticUserFilter) to context static
2019-10-02 11:24:43,423 [main] INFO  http.HttpServer2 (HttpServer2.java:addFilter(958)) - Added filter static_user_filter (class=org.apache.hadoop.http.lib.StaticUserWebFilter$StaticUserFilter) to context logs
2019-10-02 11:24:43,424 [main] INFO  http.HttpServer2 (HttpServer2.java:bindListener(1191)) - Jetty bound to port 42308
2019-10-02 11:24:43,424 [main] INFO  server.Server (Server.java:doStart(351)) - jetty-9.3.25.v20180904, build timestamp: 2018-09-04T21:11:46Z, git hash: 3ce520221d0240229c862b122d2b06c12a625732
2019-10-02 11:24:43,426 [main] INFO  handler.ContextHandler (ContextHandler.java:doStart(781)) - Started o.e.j.s.ServletContextHandler@691567ea{/logs,file:///workdir/hadoop-ozone/integration-test/target/log,AVAILABLE}
2019-10-02 11:24:43,426 [main] INFO  handler.ContextHandler (ContextHandler.java:doStart(781)) - Started o.e.j.s.ServletContextHandler@5c8d58ed{/static,jar:file:/home/user/.m2/repository/org/apache/hadoop/hadoop-hdds-container-service/0.5.0-SNAPSHOT/hadoop-hdds-container-service-0.5.0-SNAPSHOT.jar!/webapps/static,AVAILABLE}
2019-10-02 11:24:43,462 [main] INFO  handler.ContextHandler (ContextHandler.java:doStart(781)) - Started o.e.j.w.WebAppContext@61359e87{/,file:///tmp/jetty-0.0.0.0-42308-hddsDatanode-_-any-5495954000568116400.dir/webapp/,AVAILABLE}{/hddsDatanode}
2019-10-02 11:24:43,462 [main] INFO  server.AbstractConnector (AbstractConnector.java:doStart(278)) - Started ServerConnector@2dc39b53{HTTP/1.1,[http/1.1]}{0.0.0.0:42308}
2019-10-02 11:24:43,464 [main] INFO  server.Server (Server.java:doStart(419)) - Started @235498ms
2019-10-02 11:24:43,464 [main] WARN  impl.MetricsSystemImpl (MetricsSystemImpl.java:register(276)) - Sink prometheus already exists!
2019-10-02 11:24:43,464 [main] INFO  server.BaseHttpServer (BaseHttpServer.java:updateConnectorAddress(215)) - HTTP server of HDDSDATANODE is listening at http://0.0.0.0:42308
2019-10-02 11:24:43,465 [main] INFO  impl.MetricsSystemImpl (MetricsSystemImpl.java:init(158)) - HddsDatanode metrics system started (again)
2019-10-02 11:24:43,469 [org.apache.hadoop.util.JvmPauseMonitor$Monitor@5e1d9b85] INFO  util.JvmPauseMonitor (JvmPauseMonitor.java:run(188)) - Starting JVM pause monitor
2019-10-02 11:24:43,469 [main] INFO  ozone.HddsDatanodeService (HddsDatanodeService.java:start(184)) - HddsDatanodeService host:pr-hdds-2225-rpdbg-2298847827 ip:192.168.164.220
2019-10-02 11:24:43,470 [Datanode State Machine Thread - 0] INFO  datanode.InitDatanodeState (InitDatanodeState.java:persistContainerDatanodeDetails(140)) - DatanodeDetails is persisted to /workdir/hadoop-ozone/integration-test/target/test-dir/MiniOzoneClusterImpl-2207a384-d7b7-413f-9b4f-dc9f65a772d6/datanode-2/meta/datanode.id
2019-10-02 11:24:43,474 [main] INFO  volume.HddsVolume (HddsVolume.java:<init>(176)) - Creating Volume: /workdir/hadoop-ozone/integration-test/target/test-dir/MiniOzoneClusterImpl-2207a384-d7b7-413f-9b4f-dc9f65a772d6/datanode-3/data/containers/hdds of  storage type : DISK and capacity : 1482555576320
2019-10-02 11:24:43,474 [main] INFO  volume.VolumeSet (VolumeSet.java:initializeVolumeSet(170)) - Added Volume : /workdir/hadoop-ozone/integration-test/target/test-dir/MiniOzoneClusterImpl-2207a384-d7b7-413f-9b4f-dc9f65a772d6/datanode-3/data/containers/hdds to VolumeSet
2019-10-02 11:24:43,475 [main] INFO  volume.ThrottledAsyncChecker (ThrottledAsyncChecker.java:schedule(139)) - Scheduling a check for org.apache.hadoop.ozone.container.common.volume.HddsVolume@37606fee
2019-10-02 11:24:43,475 [main] INFO  volume.HddsVolumeChecker (HddsVolumeChecker.java:checkAllVolumes(202)) - Scheduled health check for volume org.apache.hadoop.ozone.container.common.volume.HddsVolume@37606fee
2019-10-02 11:24:43,489 [main] INFO  impl.RaftServerProxy (ConfUtils.java:logGet(43)) - raft.rpc.type = GRPC (default)
2019-10-02 11:24:43,490 [main] INFO  grpc.GrpcFactory (GrpcFactory.java:checkPooledByteBufAllocatorUseCacheForAllThreads(45)) - PERFORMANCE WARNING: useCacheForAllThreads is true that may cause Netty to create a lot garbage objects and, as a result, trigger GC.
	It is recommended to disable useCacheForAllThreads by setting -Dorg.apache.ratis.thirdparty.io.netty.allocator.useCacheForAllThreads=false in command line.
2019-10-02 11:24:43,490 [main] INFO  grpc.GrpcConfigKeys$Server (ConfUtils.java:logGet(43)) - raft.grpc.server.port = 0 (default)
2019-10-02 11:24:43,490 [main] INFO  server.GrpcService (ConfUtils.java:logGet(43)) - raft.grpc.message.size.max = 33570816 (custom)
2019-10-02 11:24:43,490 [main] INFO  server.RaftServerConfigKeys (ConfUtils.java:logGet(43)) - raft.server.log.appender.buffer.byte-limit = 33554432 (custom)
2019-10-02 11:24:43,490 [main] INFO  server.GrpcService (ConfUtils.java:logGet(43)) - raft.grpc.flow.control.window = 1MB (=1048576) (default)
2019-10-02 11:24:43,491 [main] INFO  server.RaftServerConfigKeys (ConfUtils.java:logGet(43)) - raft.server.rpc.request.timeout = 3000ms (default)
2019-10-02 11:24:43,491 [main] INFO  server.RaftServerConfigKeys (ConfUtils.java:logGet(43)) - raft.server.storage.dir = [/workdir/hadoop-ozone/integration-test/target/test-dir/MiniOzoneClusterImpl-2207a384-d7b7-413f-9b4f-dc9f65a772d6/datanode-3/data/ratis] (custom)
2019-10-02 11:24:43,492 [main] INFO  hdfs.DFSUtil (DFSUtil.java:httpServerTemplateForNNAndJN(1641)) - Starting Web-server for hddsDatanode at: http://0.0.0.0:0
2019-10-02 11:24:43,494 [main] INFO  server.AuthenticationFilter (AuthenticationFilter.java:constructSecretProvider(240)) - Unable to initialize FileSignerSecretProvider, falling back to use random secrets.
2019-10-02 11:24:43,494 [main] WARN  http.HttpRequestLog (HttpRequestLog.java:getRequestLog(97)) - Jetty request log can only be enabled using Log4j
2019-10-02 11:24:43,496 [main] INFO  http.HttpServer2 (HttpServer2.java:addGlobalFilter(975)) - Added global filter 'safety' (class=org.apache.hadoop.http.HttpServer2$QuotingInputFilter)
2019-10-02 11:24:43,496 [main] INFO  http.HttpServer2 (HttpServer2.java:addFilter(948)) - Added filter static_user_filter (class=org.apache.hadoop.http.lib.StaticUserWebFilter$StaticUserFilter) to context hddsDatanode
2019-10-02 11:24:43,496 [main] INFO  http.HttpServer2 (HttpServer2.java:addFilter(958)) - Added filter static_user_filter (class=org.apache.hadoop.http.lib.StaticUserWebFilter$StaticUserFilter) to context logs
2019-10-02 11:24:43,496 [main] INFO  http.HttpServer2 (HttpServer2.java:addFilter(958)) - Added filter static_user_filter (class=org.apache.hadoop.http.lib.StaticUserWebFilter$StaticUserFilter) to context static
2019-10-02 11:24:43,497 [main] INFO  http.HttpServer2 (HttpServer2.java:bindListener(1191)) - Jetty bound to port 46208
2019-10-02 11:24:43,497 [main] INFO  server.Server (Server.java:doStart(351)) - jetty-9.3.25.v20180904, build timestamp: 2018-09-04T21:11:46Z, git hash: 3ce520221d0240229c862b122d2b06c12a625732
2019-10-02 11:24:43,499 [main] INFO  handler.ContextHandler (ContextHandler.java:doStart(781)) - Started o.e.j.s.ServletContextHandler@4b7ed03e{/logs,file:///workdir/hadoop-ozone/integration-test/target/log,AVAILABLE}
2019-10-02 11:24:43,500 [main] INFO  handler.ContextHandler (ContextHandler.java:doStart(781)) - Started o.e.j.s.ServletContextHandler@6f91fbda{/static,jar:file:/home/user/.m2/repository/org/apache/hadoop/hadoop-hdds-container-service/0.5.0-SNAPSHOT/hadoop-hdds-container-service-0.5.0-SNAPSHOT.jar!/webapps/static,AVAILABLE}
2019-10-02 11:24:43,528 [main] INFO  handler.ContextHandler (ContextHandler.java:doStart(781)) - Started o.e.j.w.WebAppContext@599f1b7{/,file:///tmp/jetty-0.0.0.0-46208-hddsDatanode-_-any-5053063228157769917.dir/webapp/,AVAILABLE}{/hddsDatanode}
2019-10-02 11:24:43,528 [main] INFO  server.AbstractConnector (AbstractConnector.java:doStart(278)) - Started ServerConnector@22791b75{HTTP/1.1,[http/1.1]}{0.0.0.0:46208}
2019-10-02 11:24:43,530 [main] INFO  server.Server (Server.java:doStart(419)) - Started @235564ms
2019-10-02 11:24:43,530 [main] WARN  impl.MetricsSystemImpl (MetricsSystemImpl.java:register(276)) - Sink prometheus already exists!
2019-10-02 11:24:43,530 [main] INFO  server.BaseHttpServer (BaseHttpServer.java:updateConnectorAddress(215)) - HTTP server of HDDSDATANODE is listening at http://0.0.0.0:46208
2019-10-02 11:24:43,531 [main] INFO  impl.MetricsSystemImpl (MetricsSystemImpl.java:init(158)) - HddsDatanode metrics system started (again)
2019-10-02 11:24:43,535 [org.apache.hadoop.util.JvmPauseMonitor$Monitor@7cf818e] INFO  util.JvmPauseMonitor (JvmPauseMonitor.java:run(188)) - Starting JVM pause monitor
2019-10-02 11:24:43,536 [main] INFO  ozone.HddsDatanodeService (HddsDatanodeService.java:start(184)) - HddsDatanodeService host:pr-hdds-2225-rpdbg-2298847827 ip:192.168.164.220
2019-10-02 11:24:43,536 [Datanode State Machine Thread - 0] INFO  datanode.InitDatanodeState (InitDatanodeState.java:persistContainerDatanodeDetails(140)) - DatanodeDetails is persisted to /workdir/hadoop-ozone/integration-test/target/test-dir/MiniOzoneClusterImpl-2207a384-d7b7-413f-9b4f-dc9f65a772d6/datanode-3/meta/datanode.id
2019-10-02 11:24:43,541 [main] INFO  volume.HddsVolume (HddsVolume.java:<init>(176)) - Creating Volume: /workdir/hadoop-ozone/integration-test/target/test-dir/MiniOzoneClusterImpl-2207a384-d7b7-413f-9b4f-dc9f65a772d6/datanode-4/data/containers/hdds of  storage type : DISK and capacity : 1482555576320
2019-10-02 11:24:43,542 [main] INFO  volume.VolumeSet (VolumeSet.java:initializeVolumeSet(170)) - Added Volume : /workdir/hadoop-ozone/integration-test/target/test-dir/MiniOzoneClusterImpl-2207a384-d7b7-413f-9b4f-dc9f65a772d6/datanode-4/data/containers/hdds to VolumeSet
2019-10-02 11:24:43,542 [main] INFO  volume.ThrottledAsyncChecker (ThrottledAsyncChecker.java:schedule(139)) - Scheduling a check for org.apache.hadoop.ozone.container.common.volume.HddsVolume@1a914089
2019-10-02 11:24:43,542 [main] INFO  volume.HddsVolumeChecker (HddsVolumeChecker.java:checkAllVolumes(202)) - Scheduled health check for volume org.apache.hadoop.ozone.container.common.volume.HddsVolume@1a914089
2019-10-02 11:24:43,555 [main] INFO  impl.RaftServerProxy (ConfUtils.java:logGet(43)) - raft.rpc.type = GRPC (default)
2019-10-02 11:24:43,555 [main] INFO  grpc.GrpcFactory (GrpcFactory.java:checkPooledByteBufAllocatorUseCacheForAllThreads(45)) - PERFORMANCE WARNING: useCacheForAllThreads is true that may cause Netty to create a lot garbage objects and, as a result, trigger GC.
	It is recommended to disable useCacheForAllThreads by setting -Dorg.apache.ratis.thirdparty.io.netty.allocator.useCacheForAllThreads=false in command line.
2019-10-02 11:24:43,555 [main] INFO  grpc.GrpcConfigKeys$Server (ConfUtils.java:logGet(43)) - raft.grpc.server.port = 0 (default)
2019-10-02 11:24:43,555 [main] INFO  server.GrpcService (ConfUtils.java:logGet(43)) - raft.grpc.message.size.max = 33570816 (custom)
2019-10-02 11:24:43,555 [main] INFO  server.RaftServerConfigKeys (ConfUtils.java:logGet(43)) - raft.server.log.appender.buffer.byte-limit = 33554432 (custom)
2019-10-02 11:24:43,556 [main] INFO  server.GrpcService (ConfUtils.java:logGet(43)) - raft.grpc.flow.control.window = 1MB (=1048576) (default)
2019-10-02 11:24:43,556 [main] INFO  server.RaftServerConfigKeys (ConfUtils.java:logGet(43)) - raft.server.rpc.request.timeout = 3000ms (default)
2019-10-02 11:24:43,556 [main] INFO  server.RaftServerConfigKeys (ConfUtils.java:logGet(43)) - raft.server.storage.dir = [/workdir/hadoop-ozone/integration-test/target/test-dir/MiniOzoneClusterImpl-2207a384-d7b7-413f-9b4f-dc9f65a772d6/datanode-4/data/ratis] (custom)
2019-10-02 11:24:43,557 [main] INFO  hdfs.DFSUtil (DFSUtil.java:httpServerTemplateForNNAndJN(1641)) - Starting Web-server for hddsDatanode at: http://0.0.0.0:0
2019-10-02 11:24:43,559 [main] INFO  server.AuthenticationFilter (AuthenticationFilter.java:constructSecretProvider(240)) - Unable to initialize FileSignerSecretProvider, falling back to use random secrets.
2019-10-02 11:24:43,559 [main] WARN  http.HttpRequestLog (HttpRequestLog.java:getRequestLog(97)) - Jetty request log can only be enabled using Log4j
2019-10-02 11:24:43,561 [main] INFO  http.HttpServer2 (HttpServer2.java:addGlobalFilter(975)) - Added global filter 'safety' (class=org.apache.hadoop.http.HttpServer2$QuotingInputFilter)
2019-10-02 11:24:43,562 [main] INFO  http.HttpServer2 (HttpServer2.java:addFilter(948)) - Added filter static_user_filter (class=org.apache.hadoop.http.lib.StaticUserWebFilter$StaticUserFilter) to context hddsDatanode
2019-10-02 11:24:43,562 [main] INFO  http.HttpServer2 (HttpServer2.java:addFilter(958)) - Added filter static_user_filter (class=org.apache.hadoop.http.lib.StaticUserWebFilter$StaticUserFilter) to context static
2019-10-02 11:24:43,563 [main] INFO  http.HttpServer2 (HttpServer2.java:addFilter(958)) - Added filter static_user_filter (class=org.apache.hadoop.http.lib.StaticUserWebFilter$StaticUserFilter) to context logs
2019-10-02 11:24:43,564 [main] INFO  http.HttpServer2 (HttpServer2.java:bindListener(1191)) - Jetty bound to port 41639
2019-10-02 11:24:43,564 [main] INFO  server.Server (Server.java:doStart(351)) - jetty-9.3.25.v20180904, build timestamp: 2018-09-04T21:11:46Z, git hash: 3ce520221d0240229c862b122d2b06c12a625732
2019-10-02 11:24:43,566 [main] INFO  handler.ContextHandler (ContextHandler.java:doStart(781)) - Started o.e.j.s.ServletContextHandler@3002e397{/logs,file:///workdir/hadoop-ozone/integration-test/target/log,AVAILABLE}
2019-10-02 11:24:43,567 [main] INFO  handler.ContextHandler (ContextHandler.java:doStart(781)) - Started o.e.j.s.ServletContextHandler@38159384{/static,jar:file:/home/user/.m2/repository/org/apache/hadoop/hadoop-hdds-container-service/0.5.0-SNAPSHOT/hadoop-hdds-container-service-0.5.0-SNAPSHOT.jar!/webapps/static,AVAILABLE}
2019-10-02 11:24:43,595 [main] INFO  handler.ContextHandler (ContextHandler.java:doStart(781)) - Started o.e.j.w.WebAppContext@4584304{/,file:///tmp/jetty-0.0.0.0-41639-hddsDatanode-_-any-4565764081450453721.dir/webapp/,AVAILABLE}{/hddsDatanode}
2019-10-02 11:24:43,595 [main] INFO  server.AbstractConnector (AbstractConnector.java:doStart(278)) - Started ServerConnector@51888019{HTTP/1.1,[http/1.1]}{0.0.0.0:41639}
2019-10-02 11:24:43,597 [main] INFO  server.Server (Server.java:doStart(419)) - Started @235631ms
2019-10-02 11:24:43,597 [main] WARN  impl.MetricsSystemImpl (MetricsSystemImpl.java:register(276)) - Sink prometheus already exists!
2019-10-02 11:24:43,598 [main] INFO  server.BaseHttpServer (BaseHttpServer.java:updateConnectorAddress(215)) - HTTP server of HDDSDATANODE is listening at http://0.0.0.0:41639
2019-10-02 11:24:43,598 [main] INFO  impl.MetricsSystemImpl (MetricsSystemImpl.java:init(158)) - HddsDatanode metrics system started (again)
2019-10-02 11:24:43,603 [org.apache.hadoop.util.JvmPauseMonitor$Monitor@5955daf6] INFO  util.JvmPauseMonitor (JvmPauseMonitor.java:run(188)) - Starting JVM pause monitor
2019-10-02 11:24:43,604 [Datanode State Machine Thread - 0] INFO  datanode.InitDatanodeState (InitDatanodeState.java:persistContainerDatanodeDetails(140)) - DatanodeDetails is persisted to /workdir/hadoop-ozone/integration-test/target/test-dir/MiniOzoneClusterImpl-2207a384-d7b7-413f-9b4f-dc9f65a772d6/datanode-4/meta/datanode.id
2019-10-02 11:24:43,604 [main] INFO  ozone.HddsDatanodeService (HddsDatanodeService.java:start(184)) - HddsDatanodeService host:pr-hdds-2225-rpdbg-2298847827 ip:192.168.164.220
2019-10-02 11:24:43,610 [main] INFO  volume.HddsVolume (HddsVolume.java:<init>(176)) - Creating Volume: /workdir/hadoop-ozone/integration-test/target/test-dir/MiniOzoneClusterImpl-2207a384-d7b7-413f-9b4f-dc9f65a772d6/datanode-5/data/containers/hdds of  storage type : DISK and capacity : 1482555576320
2019-10-02 11:24:43,610 [main] INFO  volume.VolumeSet (VolumeSet.java:initializeVolumeSet(170)) - Added Volume : /workdir/hadoop-ozone/integration-test/target/test-dir/MiniOzoneClusterImpl-2207a384-d7b7-413f-9b4f-dc9f65a772d6/datanode-5/data/containers/hdds to VolumeSet
2019-10-02 11:24:43,610 [main] INFO  volume.ThrottledAsyncChecker (ThrottledAsyncChecker.java:schedule(139)) - Scheduling a check for org.apache.hadoop.ozone.container.common.volume.HddsVolume@22cb3d59
2019-10-02 11:24:43,611 [main] INFO  volume.HddsVolumeChecker (HddsVolumeChecker.java:checkAllVolumes(202)) - Scheduled health check for volume org.apache.hadoop.ozone.container.common.volume.HddsVolume@22cb3d59
2019-10-02 11:24:43,626 [main] INFO  impl.RaftServerProxy (ConfUtils.java:logGet(43)) - raft.rpc.type = GRPC (default)
2019-10-02 11:24:43,626 [main] INFO  grpc.GrpcFactory (GrpcFactory.java:checkPooledByteBufAllocatorUseCacheForAllThreads(45)) - PERFORMANCE WARNING: useCacheForAllThreads is true that may cause Netty to create a lot garbage objects and, as a result, trigger GC.
	It is recommended to disable useCacheForAllThreads by setting -Dorg.apache.ratis.thirdparty.io.netty.allocator.useCacheForAllThreads=false in command line.
2019-10-02 11:24:43,627 [main] INFO  grpc.GrpcConfigKeys$Server (ConfUtils.java:logGet(43)) - raft.grpc.server.port = 0 (default)
2019-10-02 11:24:43,627 [main] INFO  server.GrpcService (ConfUtils.java:logGet(43)) - raft.grpc.message.size.max = 33570816 (custom)
2019-10-02 11:24:43,627 [main] INFO  server.RaftServerConfigKeys (ConfUtils.java:logGet(43)) - raft.server.log.appender.buffer.byte-limit = 33554432 (custom)
2019-10-02 11:24:43,627 [main] INFO  server.GrpcService (ConfUtils.java:logGet(43)) - raft.grpc.flow.control.window = 1MB (=1048576) (default)
2019-10-02 11:24:43,627 [main] INFO  server.RaftServerConfigKeys (ConfUtils.java:logGet(43)) - raft.server.rpc.request.timeout = 3000ms (default)
2019-10-02 11:24:43,628 [main] INFO  server.RaftServerConfigKeys (ConfUtils.java:logGet(43)) - raft.server.storage.dir = [/workdir/hadoop-ozone/integration-test/target/test-dir/MiniOzoneClusterImpl-2207a384-d7b7-413f-9b4f-dc9f65a772d6/datanode-5/data/ratis] (custom)
2019-10-02 11:24:43,629 [main] INFO  hdfs.DFSUtil (DFSUtil.java:httpServerTemplateForNNAndJN(1641)) - Starting Web-server for hddsDatanode at: http://0.0.0.0:0
2019-10-02 11:24:43,630 [main] INFO  server.AuthenticationFilter (AuthenticationFilter.java:constructSecretProvider(240)) - Unable to initialize FileSignerSecretProvider, falling back to use random secrets.
2019-10-02 11:24:43,630 [main] WARN  http.HttpRequestLog (HttpRequestLog.java:getRequestLog(97)) - Jetty request log can only be enabled using Log4j
2019-10-02 11:24:43,631 [main] INFO  http.HttpServer2 (HttpServer2.java:addGlobalFilter(975)) - Added global filter 'safety' (class=org.apache.hadoop.http.HttpServer2$QuotingInputFilter)
2019-10-02 11:24:43,632 [main] INFO  http.HttpServer2 (HttpServer2.java:addFilter(948)) - Added filter static_user_filter (class=org.apache.hadoop.http.lib.StaticUserWebFilter$StaticUserFilter) to context hddsDatanode
2019-10-02 11:24:43,632 [main] INFO  http.HttpServer2 (HttpServer2.java:addFilter(958)) - Added filter static_user_filter (class=org.apache.hadoop.http.lib.StaticUserWebFilter$StaticUserFilter) to context logs
2019-10-02 11:24:43,632 [main] INFO  http.HttpServer2 (HttpServer2.java:addFilter(958)) - Added filter static_user_filter (class=org.apache.hadoop.http.lib.StaticUserWebFilter$StaticUserFilter) to context static
2019-10-02 11:24:43,633 [main] INFO  http.HttpServer2 (HttpServer2.java:bindListener(1191)) - Jetty bound to port 44773
2019-10-02 11:24:43,633 [main] INFO  server.Server (Server.java:doStart(351)) - jetty-9.3.25.v20180904, build timestamp: 2018-09-04T21:11:46Z, git hash: 3ce520221d0240229c862b122d2b06c12a625732
2019-10-02 11:24:43,634 [main] INFO  handler.ContextHandler (ContextHandler.java:doStart(781)) - Started o.e.j.s.ServletContextHandler@530ee28b{/logs,file:///workdir/hadoop-ozone/integration-test/target/log,AVAILABLE}
2019-10-02 11:24:43,635 [main] INFO  handler.ContextHandler (ContextHandler.java:doStart(781)) - Started o.e.j.s.ServletContextHandler@4def7d36{/static,jar:file:/home/user/.m2/repository/org/apache/hadoop/hadoop-hdds-container-service/0.5.0-SNAPSHOT/hadoop-hdds-container-service-0.5.0-SNAPSHOT.jar!/webapps/static,AVAILABLE}
2019-10-02 11:24:43,660 [main] INFO  handler.ContextHandler (ContextHandler.java:doStart(781)) - Started o.e.j.w.WebAppContext@66e341e9{/,file:///tmp/jetty-0.0.0.0-44773-hddsDatanode-_-any-7261095544242183922.dir/webapp/,AVAILABLE}{/hddsDatanode}
2019-10-02 11:24:43,660 [main] INFO  server.AbstractConnector (AbstractConnector.java:doStart(278)) - Started ServerConnector@5b48f0f4{HTTP/1.1,[http/1.1]}{0.0.0.0:44773}
2019-10-02 11:24:43,662 [main] INFO  server.Server (Server.java:doStart(419)) - Started @235696ms
2019-10-02 11:24:43,662 [main] WARN  impl.MetricsSystemImpl (MetricsSystemImpl.java:register(276)) - Sink prometheus already exists!
2019-10-02 11:24:43,663 [main] INFO  server.BaseHttpServer (BaseHttpServer.java:updateConnectorAddress(215)) - HTTP server of HDDSDATANODE is listening at http://0.0.0.0:44773
2019-10-02 11:24:43,663 [main] INFO  impl.MetricsSystemImpl (MetricsSystemImpl.java:init(158)) - HddsDatanode metrics system started (again)
2019-10-02 11:24:43,667 [org.apache.hadoop.util.JvmPauseMonitor$Monitor@107f389c] INFO  util.JvmPauseMonitor (JvmPauseMonitor.java:run(188)) - Starting JVM pause monitor
2019-10-02 11:24:43,668 [main] INFO  ozone.HddsDatanodeService (HddsDatanodeService.java:start(184)) - HddsDatanodeService host:pr-hdds-2225-rpdbg-2298847827 ip:192.168.164.220
2019-10-02 11:24:43,669 [Datanode State Machine Thread - 0] INFO  datanode.InitDatanodeState (InitDatanodeState.java:persistContainerDatanodeDetails(140)) - DatanodeDetails is persisted to /workdir/hadoop-ozone/integration-test/target/test-dir/MiniOzoneClusterImpl-2207a384-d7b7-413f-9b4f-dc9f65a772d6/datanode-5/meta/datanode.id
2019-10-02 11:24:43,673 [main] INFO  volume.HddsVolume (HddsVolume.java:<init>(176)) - Creating Volume: /workdir/hadoop-ozone/integration-test/target/test-dir/MiniOzoneClusterImpl-2207a384-d7b7-413f-9b4f-dc9f65a772d6/datanode-6/data/containers/hdds of  storage type : DISK and capacity : 1482555576320
2019-10-02 11:24:43,674 [main] INFO  volume.VolumeSet (VolumeSet.java:initializeVolumeSet(170)) - Added Volume : /workdir/hadoop-ozone/integration-test/target/test-dir/MiniOzoneClusterImpl-2207a384-d7b7-413f-9b4f-dc9f65a772d6/datanode-6/data/containers/hdds to VolumeSet
2019-10-02 11:24:43,674 [main] INFO  volume.ThrottledAsyncChecker (ThrottledAsyncChecker.java:schedule(139)) - Scheduling a check for org.apache.hadoop.ozone.container.common.volume.HddsVolume@5939e24
2019-10-02 11:24:43,674 [main] INFO  volume.HddsVolumeChecker (HddsVolumeChecker.java:checkAllVolumes(202)) - Scheduled health check for volume org.apache.hadoop.ozone.container.common.volume.HddsVolume@5939e24
2019-10-02 11:24:43,690 [main] INFO  impl.RaftServerProxy (ConfUtils.java:logGet(43)) - raft.rpc.type = GRPC (default)
2019-10-02 11:24:43,690 [main] INFO  grpc.GrpcFactory (GrpcFactory.java:checkPooledByteBufAllocatorUseCacheForAllThreads(45)) - PERFORMANCE WARNING: useCacheForAllThreads is true that may cause Netty to create a lot garbage objects and, as a result, trigger GC.
	It is recommended to disable useCacheForAllThreads by setting -Dorg.apache.ratis.thirdparty.io.netty.allocator.useCacheForAllThreads=false in command line.
2019-10-02 11:24:43,691 [main] INFO  grpc.GrpcConfigKeys$Server (ConfUtils.java:logGet(43)) - raft.grpc.server.port = 0 (default)
2019-10-02 11:24:43,691 [main] INFO  server.GrpcService (ConfUtils.java:logGet(43)) - raft.grpc.message.size.max = 33570816 (custom)
2019-10-02 11:24:43,691 [main] INFO  server.RaftServerConfigKeys (ConfUtils.java:logGet(43)) - raft.server.log.appender.buffer.byte-limit = 33554432 (custom)
2019-10-02 11:24:43,691 [main] INFO  server.GrpcService (ConfUtils.java:logGet(43)) - raft.grpc.flow.control.window = 1MB (=1048576) (default)
2019-10-02 11:24:43,691 [main] INFO  server.RaftServerConfigKeys (ConfUtils.java:logGet(43)) - raft.server.rpc.request.timeout = 3000ms (default)
2019-10-02 11:24:43,692 [main] INFO  server.RaftServerConfigKeys (ConfUtils.java:logGet(43)) - raft.server.storage.dir = [/workdir/hadoop-ozone/integration-test/target/test-dir/MiniOzoneClusterImpl-2207a384-d7b7-413f-9b4f-dc9f65a772d6/datanode-6/data/ratis] (custom)
2019-10-02 11:24:43,693 [main] INFO  hdfs.DFSUtil (DFSUtil.java:httpServerTemplateForNNAndJN(1641)) - Starting Web-server for hddsDatanode at: http://0.0.0.0:0
2019-10-02 11:24:43,694 [main] INFO  server.AuthenticationFilter (AuthenticationFilter.java:constructSecretProvider(240)) - Unable to initialize FileSignerSecretProvider, falling back to use random secrets.
2019-10-02 11:24:43,694 [main] WARN  http.HttpRequestLog (HttpRequestLog.java:getRequestLog(97)) - Jetty request log can only be enabled using Log4j
2019-10-02 11:24:43,696 [main] INFO  http.HttpServer2 (HttpServer2.java:addGlobalFilter(975)) - Added global filter 'safety' (class=org.apache.hadoop.http.HttpServer2$QuotingInputFilter)
2019-10-02 11:24:43,696 [main] INFO  http.HttpServer2 (HttpServer2.java:addFilter(948)) - Added filter static_user_filter (class=org.apache.hadoop.http.lib.StaticUserWebFilter$StaticUserFilter) to context hddsDatanode
2019-10-02 11:24:43,696 [main] INFO  http.HttpServer2 (HttpServer2.java:addFilter(958)) - Added filter static_user_filter (class=org.apache.hadoop.http.lib.StaticUserWebFilter$StaticUserFilter) to context logs
2019-10-02 11:24:43,696 [main] INFO  http.HttpServer2 (HttpServer2.java:addFilter(958)) - Added filter static_user_filter (class=org.apache.hadoop.http.lib.StaticUserWebFilter$StaticUserFilter) to context static
2019-10-02 11:24:43,697 [main] INFO  http.HttpServer2 (HttpServer2.java:bindListener(1191)) - Jetty bound to port 34366
2019-10-02 11:24:43,697 [main] INFO  server.Server (Server.java:doStart(351)) - jetty-9.3.25.v20180904, build timestamp: 2018-09-04T21:11:46Z, git hash: 3ce520221d0240229c862b122d2b06c12a625732
2019-10-02 11:24:43,698 [main] INFO  handler.ContextHandler (ContextHandler.java:doStart(781)) - Started o.e.j.s.ServletContextHandler@28b523a{/logs,file:///workdir/hadoop-ozone/integration-test/target/log,AVAILABLE}
2019-10-02 11:24:43,699 [main] INFO  handler.ContextHandler (ContextHandler.java:doStart(781)) - Started o.e.j.s.ServletContextHandler@63d677f5{/static,jar:file:/home/user/.m2/repository/org/apache/hadoop/hadoop-hdds-container-service/0.5.0-SNAPSHOT/hadoop-hdds-container-service-0.5.0-SNAPSHOT.jar!/webapps/static,AVAILABLE}
2019-10-02 11:24:43,725 [main] INFO  handler.ContextHandler (ContextHandler.java:doStart(781)) - Started o.e.j.w.WebAppContext@743c3520{/,file:///tmp/jetty-0.0.0.0-34366-hddsDatanode-_-any-2138777701729557973.dir/webapp/,AVAILABLE}{/hddsDatanode}
2019-10-02 11:24:43,725 [main] INFO  server.AbstractConnector (AbstractConnector.java:doStart(278)) - Started ServerConnector@6842c101{HTTP/1.1,[http/1.1]}{0.0.0.0:34366}
2019-10-02 11:24:43,727 [main] INFO  server.Server (Server.java:doStart(419)) - Started @235761ms
2019-10-02 11:24:43,727 [main] WARN  impl.MetricsSystemImpl (MetricsSystemImpl.java:register(276)) - Sink prometheus already exists!
2019-10-02 11:24:43,728 [main] INFO  server.BaseHttpServer (BaseHttpServer.java:updateConnectorAddress(215)) - HTTP server of HDDSDATANODE is listening at http://0.0.0.0:34366
2019-10-02 11:24:43,728 [main] INFO  ozone.MiniOzoneClusterImpl (MiniOzoneClusterImpl.java:lambda$waitForClusterToBeReady$0(147)) - Waiting for cluster to be ready. Got 0 of 7 DN Heartbeats.
2019-10-02 11:24:43,729 [org.apache.hadoop.util.JvmPauseMonitor$Monitor@6d4f7b03] INFO  util.JvmPauseMonitor (JvmPauseMonitor.java:run(188)) - Starting JVM pause monitor
2019-10-02 11:24:43,730 [Datanode State Machine Thread - 0] INFO  datanode.InitDatanodeState (InitDatanodeState.java:persistContainerDatanodeDetails(140)) - DatanodeDetails is persisted to /workdir/hadoop-ozone/integration-test/target/test-dir/MiniOzoneClusterImpl-2207a384-d7b7-413f-9b4f-dc9f65a772d6/datanode-6/meta/datanode.id
2019-10-02 11:24:44,728 [main] INFO  ozone.MiniOzoneClusterImpl (MiniOzoneClusterImpl.java:lambda$waitForClusterToBeReady$0(147)) - Waiting for cluster to be ready. Got 0 of 7 DN Heartbeats.
2019-10-02 11:24:45,360 [Datanode State Machine Thread - 0] INFO  ozoneimpl.OzoneContainer (OzoneContainer.java:start(217)) - Attempting to start container services.
2019-10-02 11:24:45,360 [Datanode State Machine Thread - 0] INFO  ozoneimpl.OzoneContainer (OzoneContainer.java:startContainerScrub(179)) - Background container scanner has been disabled.
2019-10-02 11:24:45,360 [Datanode State Machine Thread - 0] INFO  ratis.XceiverServerRatis (XceiverServerRatis.java:start(417)) - Starting XceiverServerRatis b0328039-473b-4203-928f-99a32e89c285 at port 0
2019-10-02 11:24:45,365 [Datanode State Machine Thread - 0] INFO  impl.RaftServerProxy (RaftServerProxy.java:lambda$start$3(299)) - b0328039-473b-4203-928f-99a32e89c285: start RPC server
2019-10-02 11:24:45,367 [Datanode State Machine Thread - 0] INFO  server.GrpcService (GrpcService.java:startImpl(158)) - b0328039-473b-4203-928f-99a32e89c285: GrpcService started, listening on 0.0.0.0/0.0.0.0:45799
2019-10-02 11:24:45,367 [Datanode State Machine Thread - 0] INFO  ratis.XceiverServerRatis (XceiverServerRatis.java:start(427)) - XceiverServerRatis b0328039-473b-4203-928f-99a32e89c285 is started using port 45799
2019-10-02 11:24:45,367 [Datanode State Machine Thread - 0] INFO  server.XceiverServerGrpc (XceiverServerGrpc.java:start(149)) - XceiverServerGrpc b0328039-473b-4203-928f-99a32e89c285 is started using port 37419
2019-10-02 11:24:45,409 [Datanode State Machine Thread - 0] INFO  ozoneimpl.OzoneContainer (OzoneContainer.java:start(217)) - Attempting to start container services.
2019-10-02 11:24:45,409 [Datanode State Machine Thread - 0] INFO  ozoneimpl.OzoneContainer (OzoneContainer.java:startContainerScrub(179)) - Background container scanner has been disabled.
2019-10-02 11:24:45,409 [Datanode State Machine Thread - 0] INFO  ratis.XceiverServerRatis (XceiverServerRatis.java:start(417)) - Starting XceiverServerRatis c84fc8a1-7b52-4e78-bcb0-06c9c1e57826 at port 0
2019-10-02 11:24:45,414 [Datanode State Machine Thread - 0] INFO  impl.RaftServerProxy (RaftServerProxy.java:lambda$start$3(299)) - c84fc8a1-7b52-4e78-bcb0-06c9c1e57826: start RPC server
2019-10-02 11:24:45,420 [Datanode State Machine Thread - 0] INFO  server.GrpcService (GrpcService.java:startImpl(158)) - c84fc8a1-7b52-4e78-bcb0-06c9c1e57826: GrpcService started, listening on 0.0.0.0/0.0.0.0:38991
2019-10-02 11:24:45,420 [Datanode State Machine Thread - 0] INFO  ratis.XceiverServerRatis (XceiverServerRatis.java:start(427)) - XceiverServerRatis c84fc8a1-7b52-4e78-bcb0-06c9c1e57826 is started using port 38991
2019-10-02 11:24:45,421 [Datanode State Machine Thread - 0] INFO  server.XceiverServerGrpc (XceiverServerGrpc.java:start(149)) - XceiverServerGrpc c84fc8a1-7b52-4e78-bcb0-06c9c1e57826 is started using port 36097
2019-10-02 11:24:45,483 [Datanode State Machine Thread - 0] INFO  ozoneimpl.OzoneContainer (OzoneContainer.java:start(217)) - Attempting to start container services.
2019-10-02 11:24:45,483 [Datanode State Machine Thread - 0] INFO  ozoneimpl.OzoneContainer (OzoneContainer.java:startContainerScrub(179)) - Background container scanner has been disabled.
2019-10-02 11:24:45,483 [Datanode State Machine Thread - 0] INFO  ratis.XceiverServerRatis (XceiverServerRatis.java:start(417)) - Starting XceiverServerRatis f3e9a990-b4e8-45f3-a6f9-413bc14ceb6e at port 0
2019-10-02 11:24:45,488 [Datanode State Machine Thread - 0] INFO  impl.RaftServerProxy (RaftServerProxy.java:lambda$start$3(299)) - f3e9a990-b4e8-45f3-a6f9-413bc14ceb6e: start RPC server
2019-10-02 11:24:45,490 [Datanode State Machine Thread - 0] INFO  server.GrpcService (GrpcService.java:startImpl(158)) - f3e9a990-b4e8-45f3-a6f9-413bc14ceb6e: GrpcService started, listening on 0.0.0.0/0.0.0.0:42531
2019-10-02 11:24:45,490 [Datanode State Machine Thread - 0] INFO  ratis.XceiverServerRatis (XceiverServerRatis.java:start(427)) - XceiverServerRatis f3e9a990-b4e8-45f3-a6f9-413bc14ceb6e is started using port 42531
2019-10-02 11:24:45,491 [Datanode State Machine Thread - 0] INFO  server.XceiverServerGrpc (XceiverServerGrpc.java:start(149)) - XceiverServerGrpc f3e9a990-b4e8-45f3-a6f9-413bc14ceb6e is started using port 39125
2019-10-02 11:24:45,548 [Datanode State Machine Thread - 0] INFO  ozoneimpl.OzoneContainer (OzoneContainer.java:start(217)) - Attempting to start container services.
2019-10-02 11:24:45,549 [Datanode State Machine Thread - 0] INFO  ozoneimpl.OzoneContainer (OzoneContainer.java:startContainerScrub(179)) - Background container scanner has been disabled.
2019-10-02 11:24:45,549 [Datanode State Machine Thread - 0] INFO  ratis.XceiverServerRatis (XceiverServerRatis.java:start(417)) - Starting XceiverServerRatis 4f5f07a4-dfbb-4d4d-bd25-a7068a706aed at port 0
2019-10-02 11:24:45,552 [Datanode State Machine Thread - 0] INFO  impl.RaftServerProxy (RaftServerProxy.java:lambda$start$3(299)) - 4f5f07a4-dfbb-4d4d-bd25-a7068a706aed: start RPC server
2019-10-02 11:24:45,553 [Datanode State Machine Thread - 0] INFO  server.GrpcService (GrpcService.java:startImpl(158)) - 4f5f07a4-dfbb-4d4d-bd25-a7068a706aed: GrpcService started, listening on 0.0.0.0/0.0.0.0:41036
2019-10-02 11:24:45,553 [Datanode State Machine Thread - 0] INFO  ratis.XceiverServerRatis (XceiverServerRatis.java:start(427)) - XceiverServerRatis 4f5f07a4-dfbb-4d4d-bd25-a7068a706aed is started using port 41036
2019-10-02 11:24:45,553 [Datanode State Machine Thread - 0] INFO  server.XceiverServerGrpc (XceiverServerGrpc.java:start(149)) - XceiverServerGrpc 4f5f07a4-dfbb-4d4d-bd25-a7068a706aed is started using port 32832
2019-10-02 11:24:45,616 [Datanode State Machine Thread - 0] INFO  ozoneimpl.OzoneContainer (OzoneContainer.java:start(217)) - Attempting to start container services.
2019-10-02 11:24:45,617 [Datanode State Machine Thread - 0] INFO  ozoneimpl.OzoneContainer (OzoneContainer.java:startContainerScrub(179)) - Background container scanner has been disabled.
2019-10-02 11:24:45,617 [Datanode State Machine Thread - 0] INFO  ratis.XceiverServerRatis (XceiverServerRatis.java:start(417)) - Starting XceiverServerRatis 2096c275-a02b-488c-937e-6bf2624e46a6 at port 0
2019-10-02 11:24:45,622 [Datanode State Machine Thread - 0] INFO  impl.RaftServerProxy (RaftServerProxy.java:lambda$start$3(299)) - 2096c275-a02b-488c-937e-6bf2624e46a6: start RPC server
2019-10-02 11:24:45,624 [Datanode State Machine Thread - 0] INFO  server.GrpcService (GrpcService.java:startImpl(158)) - 2096c275-a02b-488c-937e-6bf2624e46a6: GrpcService started, listening on 0.0.0.0/0.0.0.0:43421
2019-10-02 11:24:45,624 [Datanode State Machine Thread - 0] INFO  ratis.XceiverServerRatis (XceiverServerRatis.java:start(427)) - XceiverServerRatis 2096c275-a02b-488c-937e-6bf2624e46a6 is started using port 43421
2019-10-02 11:24:45,625 [Datanode State Machine Thread - 0] INFO  server.XceiverServerGrpc (XceiverServerGrpc.java:start(149)) - XceiverServerGrpc 2096c275-a02b-488c-937e-6bf2624e46a6 is started using port 38808
2019-10-02 11:24:45,682 [Datanode State Machine Thread - 0] INFO  ozoneimpl.OzoneContainer (OzoneContainer.java:start(217)) - Attempting to start container services.
2019-10-02 11:24:45,682 [Datanode State Machine Thread - 0] INFO  ozoneimpl.OzoneContainer (OzoneContainer.java:startContainerScrub(179)) - Background container scanner has been disabled.
2019-10-02 11:24:45,682 [Datanode State Machine Thread - 0] INFO  ratis.XceiverServerRatis (XceiverServerRatis.java:start(417)) - Starting XceiverServerRatis ba84d143-80a7-4a6e-9989-1b714b1d4cb3 at port 0
2019-10-02 11:24:45,687 [Datanode State Machine Thread - 0] INFO  impl.RaftServerProxy (RaftServerProxy.java:lambda$start$3(299)) - ba84d143-80a7-4a6e-9989-1b714b1d4cb3: start RPC server
2019-10-02 11:24:45,690 [Datanode State Machine Thread - 0] INFO  server.GrpcService (GrpcService.java:startImpl(158)) - ba84d143-80a7-4a6e-9989-1b714b1d4cb3: GrpcService started, listening on 0.0.0.0/0.0.0.0:33733
2019-10-02 11:24:45,690 [Datanode State Machine Thread - 0] INFO  ratis.XceiverServerRatis (XceiverServerRatis.java:start(427)) - XceiverServerRatis ba84d143-80a7-4a6e-9989-1b714b1d4cb3 is started using port 33733
2019-10-02 11:24:45,690 [Datanode State Machine Thread - 0] INFO  server.XceiverServerGrpc (XceiverServerGrpc.java:start(149)) - XceiverServerGrpc ba84d143-80a7-4a6e-9989-1b714b1d4cb3 is started using port 43114
2019-10-02 11:24:45,729 [main] INFO  ozone.MiniOzoneClusterImpl (MiniOzoneClusterImpl.java:lambda$waitForClusterToBeReady$0(147)) - Waiting for cluster to be ready. Got 0 of 7 DN Heartbeats.
2019-10-02 11:24:45,735 [Datanode State Machine Thread - 0] INFO  ozoneimpl.OzoneContainer (OzoneContainer.java:start(217)) - Attempting to start container services.
2019-10-02 11:24:45,735 [Datanode State Machine Thread - 0] INFO  ozoneimpl.OzoneContainer (OzoneContainer.java:startContainerScrub(179)) - Background container scanner has been disabled.
2019-10-02 11:24:45,735 [Datanode State Machine Thread - 0] INFO  ratis.XceiverServerRatis (XceiverServerRatis.java:start(417)) - Starting XceiverServerRatis bdc7a2dc-2cb0-4f16-8d23-fae6103beb47 at port 0
2019-10-02 11:24:45,739 [Datanode State Machine Thread - 0] INFO  impl.RaftServerProxy (RaftServerProxy.java:lambda$start$3(299)) - bdc7a2dc-2cb0-4f16-8d23-fae6103beb47: start RPC server
2019-10-02 11:24:45,740 [Datanode State Machine Thread - 0] INFO  server.GrpcService (GrpcService.java:startImpl(158)) - bdc7a2dc-2cb0-4f16-8d23-fae6103beb47: GrpcService started, listening on 0.0.0.0/0.0.0.0:38222
2019-10-02 11:24:45,740 [Datanode State Machine Thread - 0] INFO  ratis.XceiverServerRatis (XceiverServerRatis.java:start(427)) - XceiverServerRatis bdc7a2dc-2cb0-4f16-8d23-fae6103beb47 is started using port 38222
2019-10-02 11:24:45,740 [Datanode State Machine Thread - 0] INFO  server.XceiverServerGrpc (XceiverServerGrpc.java:start(149)) - XceiverServerGrpc bdc7a2dc-2cb0-4f16-8d23-fae6103beb47 is started using port 46383
2019-10-02 11:24:46,729 [main] INFO  ozone.MiniOzoneClusterImpl (MiniOzoneClusterImpl.java:lambda$waitForClusterToBeReady$0(147)) - Waiting for cluster to be ready. Got 0 of 7 DN Heartbeats.
2019-10-02 11:24:47,324 [IPC Server handler 4 on 42374] INFO  net.NetworkTopology (NetworkTopologyImpl.java:add(111)) - Added a new node: /default-rack/b0328039-473b-4203-928f-99a32e89c285
2019-10-02 11:24:47,326 [IPC Server handler 4 on 42374] INFO  node.SCMNodeManager (SCMNodeManager.java:register(266)) - Registered Data node : b0328039-473b-4203-928f-99a32e89c285{ip: 192.168.164.220, host: pr-hdds-2225-rpdbg-2298847827, networkLocation: /default-rack, certSerialId: null}
2019-10-02 11:24:47,327 [EventQueue-NodeRegistrationContainerReportForDataNodeSafeModeRule] INFO  safemode.SCMSafeModeManager (DataNodeSafeModeRule.java:process(71)) - SCM in safe mode. 1 DataNodes registered, 1 required.
2019-10-02 11:24:47,329 [EventQueue-NodeRegistrationContainerReportForDataNodeSafeModeRule] INFO  safemode.SCMSafeModeManager (SCMSafeModeManager.java:validateSafeModeExitRules(177)) - ScmSafeModeManager, all rules are successfully validated
2019-10-02 11:24:47,329 [EventQueue-NodeRegistrationContainerReportForDataNodeSafeModeRule] INFO  safemode.SCMSafeModeManager (SCMSafeModeManager.java:exitSafeMode(193)) - SCM exiting safe mode.
2019-10-02 11:24:47,337 [grpc-default-executor-3] INFO  impl.RaftServerProxy (RaftServerProxy.java:addNew(89)) - b0328039-473b-4203-928f-99a32e89c285: addNew group-6328C92DB36C:[b0328039-473b-4203-928f-99a32e89c285:192.168.164.220:45799] returns group-6328C92DB36C:java.util.concurrent.CompletableFuture@749e9047[Not completed]
2019-10-02 11:24:47,338 [pool-383-thread-1] INFO  impl.RaftServerImpl (RaftServerImpl.java:<init>(95)) - b0328039-473b-4203-928f-99a32e89c285: new RaftServerImpl for group-6328C92DB36C:[b0328039-473b-4203-928f-99a32e89c285:192.168.164.220:45799] with ContainerStateMachine:uninitialized
2019-10-02 11:24:47,338 [pool-383-thread-1] INFO  server.RaftServerConfigKeys (ConfUtils.java:logGet(43)) - raft.server.rpc.timeout.min = 5s (custom)
2019-10-02 11:24:47,338 [pool-383-thread-1] INFO  server.RaftServerConfigKeys (ConfUtils.java:logGet(43)) - raft.server.rpc.timeout.max = 5200ms (custom)
2019-10-02 11:24:47,338 [pool-383-thread-1] INFO  server.RaftServerConfigKeys (ConfUtils.java:logGet(43)) - raft.server.rpcslowness.timeout = 120s (custom)
2019-10-02 11:24:47,338 [pool-383-thread-1] INFO  server.RaftServerConfigKeys (ConfUtils.java:logGet(43)) - raft.server.sleep.deviation.threshold = 300 (default)
2019-10-02 11:24:47,339 [pool-383-thread-1] INFO  server.RaftServerConfigKeys (ConfUtils.java:logGet(43)) - raft.server.log.appender.install.snapshot.enabled = false (custom)
2019-10-02 11:24:47,339 [pool-383-thread-1] INFO  impl.RaftServerImpl (ServerState.java:<init>(103)) - b0328039-473b-4203-928f-99a32e89c285@group-6328C92DB36C: ConfigurationManager, init=-1: [b0328039-473b-4203-928f-99a32e89c285:192.168.164.220:45799], old=null, confs=<EMPTY_MAP>
2019-10-02 11:24:47,339 [pool-383-thread-1] INFO  server.RaftServerConfigKeys (ConfUtils.java:logGet(43)) - raft.server.storage.dir = [/workdir/hadoop-ozone/integration-test/target/test-dir/MiniOzoneClusterImpl-2207a384-d7b7-413f-9b4f-dc9f65a772d6/datanode-0/data/ratis] (custom)
2019-10-02 11:24:47,339 [pool-383-thread-1] INFO  server.RaftServerConfigKeys (ConfUtils.java:logGet(43)) - raft.server.log.corruption.policy = EXCEPTION (default)
2019-10-02 11:24:47,339 [pool-383-thread-1] INFO  storage.RaftStorageDirectory (RaftStorageDirectory.java:analyzeStorage(246)) - The storage directory /workdir/hadoop-ozone/integration-test/target/test-dir/MiniOzoneClusterImpl-2207a384-d7b7-413f-9b4f-dc9f65a772d6/datanode-0/data/ratis/803075b1-f91b-4a45-a17f-6328c92db36c does not exist. Creating ...
2019-10-02 11:24:47,352 [pool-383-thread-1] INFO  storage.RaftStorageDirectory (RaftStorageDirectory.java:tryLock(328)) - Lock on /workdir/hadoop-ozone/integration-test/target/test-dir/MiniOzoneClusterImpl-2207a384-d7b7-413f-9b4f-dc9f65a772d6/datanode-0/data/ratis/803075b1-f91b-4a45-a17f-6328c92db36c/in_use.lock acquired by nodename 16686@pr-hdds-2225-rpdbg-2298847827
2019-10-02 11:24:47,365 [pool-383-thread-1] INFO  storage.RaftStorage (RaftStorage.java:format(84)) - Storage directory /workdir/hadoop-ozone/integration-test/target/test-dir/MiniOzoneClusterImpl-2207a384-d7b7-413f-9b4f-dc9f65a772d6/datanode-0/data/ratis/803075b1-f91b-4a45-a17f-6328c92db36c has been successfully formatted.
2019-10-02 11:24:47,366 [pool-383-thread-1] INFO  ratis.ContainerStateMachine (ContainerStateMachine.java:loadSnapshot(230)) - group-6328C92DB36C: The snapshot info is null. Setting the last applied indexto:(t:0, i:~)
2019-10-02 11:24:47,366 [pool-383-thread-1] INFO  server.RaftServerConfigKeys (ConfUtils.java:logGet(43)) - raft.server.notification.no-leader.timeout = 120s (custom)
2019-10-02 11:24:47,366 [pool-383-thread-1] INFO  server.RaftServerConfigKeys (ConfUtils.java:logGet(43)) - raft.server.log.use.memory = false (default)
2019-10-02 11:24:47,366 [pool-383-thread-1] INFO  server.RaftServerConfigKeys (ConfUtils.java:logGet(43)) - raft.server.log.purge.gap = 1000000 (custom)
2019-10-02 11:24:47,366 [pool-383-thread-1] INFO  server.RaftServerConfigKeys (ConfUtils.java:logGet(43)) - raft.server.log.appender.buffer.byte-limit = 33554432 (custom)
2019-10-02 11:24:47,366 [pool-383-thread-1] INFO  server.RaftServerConfigKeys (ConfUtils.java:logGet(43)) - raft.server.log.segment.size.max = 1048576 (custom)
2019-10-02 11:24:47,368 [pool-383-thread-1] INFO  server.RaftServerConfigKeys (ConfUtils.java:logGet(43)) - raft.server.log.segment.cache.num.max = 2 (custom)
2019-10-02 11:24:47,368 [pool-383-thread-1] INFO  segmented.SegmentedRaftLogWorker (SegmentedRaftLogWorker.java:<init>(173)) - new b0328039-473b-4203-928f-99a32e89c285@group-6328C92DB36C-SegmentedRaftLogWorker for RaftStorage:Storage Directory /workdir/hadoop-ozone/integration-test/target/test-dir/MiniOzoneClusterImpl-2207a384-d7b7-413f-9b4f-dc9f65a772d6/datanode-0/data/ratis/803075b1-f91b-4a45-a17f-6328c92db36c
2019-10-02 11:24:47,368 [pool-383-thread-1] INFO  server.RaftServerConfigKeys (ConfUtils.java:logGet(43)) - raft.server.log.queue.byte-limit = 2147483647 (custom)
2019-10-02 11:24:47,368 [pool-383-thread-1] INFO  server.RaftServerConfigKeys (ConfUtils.java:logGet(43)) - raft.server.log.queue.element-limit = 1024 (custom)
2019-10-02 11:24:47,368 [pool-383-thread-1] INFO  server.RaftServerConfigKeys (ConfUtils.java:logGet(43)) - raft.server.log.segment.size.max = 1048576 (custom)
2019-10-02 11:24:47,368 [pool-383-thread-1] INFO  server.RaftServerConfigKeys (ConfUtils.java:logGet(43)) - raft.server.log.preallocated.size = 16384 (custom)
2019-10-02 11:24:47,368 [pool-383-thread-1] INFO  server.RaftServerConfigKeys (ConfUtils.java:logGet(43)) - raft.server.log.write.buffer.size = 33554432 (custom)
2019-10-02 11:24:47,368 [pool-383-thread-1] INFO  server.RaftServerConfigKeys (ConfUtils.java:logGet(43)) - raft.server.log.force.sync.num = 128 (default)
2019-10-02 11:24:47,368 [pool-383-thread-1] INFO  server.RaftServerConfigKeys (ConfUtils.java:logGet(43)) - raft.server.log.statemachine.data.sync = true (default)
2019-10-02 11:24:47,368 [pool-383-thread-1] INFO  server.RaftServerConfigKeys (ConfUtils.java:logGet(43)) - raft.server.log.statemachine.data.sync.timeout = 10s (default)
2019-10-02 11:24:47,368 [pool-383-thread-1] INFO  server.RaftServerConfigKeys (ConfUtils.java:logGet(43)) - raft.server.log.statemachine.data.sync.timeout.retry = -1 (default)
2019-10-02 11:24:47,369 [pool-383-thread-1] INFO  server.RaftServerConfigKeys (ConfUtils.java:logGet(43)) - raft.server.log.statemachine.data.caching.enabled = true (custom)
2019-10-02 11:24:47,369 [pool-383-thread-1] INFO  segmented.SegmentedRaftLogWorker (SegmentedRaftLogWorker.java:lambda$new$0(128)) - b0328039-473b-4203-928f-99a32e89c285@group-6328C92DB36C-SegmentedRaftLogWorker: flushIndex: setUnconditionally 0 -> -1
2019-10-02 11:24:47,369 [pool-383-thread-1] INFO  server.RaftServerConfigKeys (ConfUtils.java:logGet(43)) - raft.server.snapshot.auto.trigger.enabled = true (custom)
2019-10-02 11:24:47,369 [pool-383-thread-1] INFO  server.RaftServerConfigKeys (ConfUtils.java:logGet(43)) - raft.server.snapshot.auto.trigger.threshold = 10000 (custom)
2019-10-02 11:24:47,369 [pool-383-thread-1] INFO  server.RaftServerConfigKeys (ConfUtils.java:logGet(43)) - raft.server.snapshot.retention.file.num = 5 (custom)
2019-10-02 11:24:47,370 [pool-383-thread-1] INFO  server.RaftServerConfigKeys (ConfUtils.java:logGet(43)) - raft.server.retrycache.expirytime = 600000ms (custom)
2019-10-02 11:24:47,371 [pool-383-thread-1] INFO  impl.RaftServerImpl (RaftServerImpl.java:start(181)) - b0328039-473b-4203-928f-99a32e89c285@group-6328C92DB36C: start as a follower, conf=-1: [b0328039-473b-4203-928f-99a32e89c285:192.168.164.220:45799], old=null
2019-10-02 11:24:47,371 [pool-383-thread-1] INFO  impl.RaftServerImpl (RaftServerImpl.java:setRole(170)) - b0328039-473b-4203-928f-99a32e89c285@group-6328C92DB36C: changes role from      null to FOLLOWER at term 0 for startAsFollower
2019-10-02 11:24:47,371 [pool-383-thread-1] INFO  impl.RoleInfo (RoleInfo.java:updateAndGet(143)) - b0328039-473b-4203-928f-99a32e89c285: start FollowerState
2019-10-02 11:24:47,371 [pool-383-thread-1] INFO  util.JmxRegister (JmxRegister.java:tryRegister(44)) - Successfully registered JMX Bean with object name Ratis:service=RaftServer,group=group-6328C92DB36C,id=b0328039-473b-4203-928f-99a32e89c285
2019-10-02 11:24:47,374 [RatisPipelineUtilsThread] INFO  pipeline.PipelineStateManager (PipelineStateManager.java:addPipeline(56)) - Created pipeline Pipeline[ Id: 803075b1-f91b-4a45-a17f-6328c92db36c, Nodes: b0328039-473b-4203-928f-99a32e89c285{ip: 192.168.164.220, host: pr-hdds-2225-rpdbg-2298847827, networkLocation: /default-rack, certSerialId: null}, Type:RATIS, Factor:ONE, State:OPEN]
2019-10-02 11:24:47,395 [IPC Server handler 1 on 42374] INFO  net.NetworkTopology (NetworkTopologyImpl.java:add(111)) - Added a new node: /default-rack/c84fc8a1-7b52-4e78-bcb0-06c9c1e57826
2019-10-02 11:24:47,395 [IPC Server handler 1 on 42374] INFO  node.SCMNodeManager (SCMNodeManager.java:register(266)) - Registered Data node : c84fc8a1-7b52-4e78-bcb0-06c9c1e57826{ip: 192.168.164.220, host: pr-hdds-2225-rpdbg-2298847827, networkLocation: /default-rack, certSerialId: null}
2019-10-02 11:24:47,401 [grpc-default-executor-3] INFO  impl.RaftServerProxy (RaftServerProxy.java:addNew(89)) - c84fc8a1-7b52-4e78-bcb0-06c9c1e57826: addNew group-7C65E0F1B69B:[c84fc8a1-7b52-4e78-bcb0-06c9c1e57826:192.168.164.220:38991] returns group-7C65E0F1B69B:java.util.concurrent.CompletableFuture@4c46dd6[Not completed]
2019-10-02 11:24:47,402 [pool-393-thread-1] INFO  impl.RaftServerImpl (RaftServerImpl.java:<init>(95)) - c84fc8a1-7b52-4e78-bcb0-06c9c1e57826: new RaftServerImpl for group-7C65E0F1B69B:[c84fc8a1-7b52-4e78-bcb0-06c9c1e57826:192.168.164.220:38991] with ContainerStateMachine:uninitialized
2019-10-02 11:24:47,402 [pool-393-thread-1] INFO  server.RaftServerConfigKeys (ConfUtils.java:logGet(43)) - raft.server.rpc.timeout.min = 5s (custom)
2019-10-02 11:24:47,402 [pool-393-thread-1] INFO  server.RaftServerConfigKeys (ConfUtils.java:logGet(43)) - raft.server.rpc.timeout.max = 5200ms (custom)
2019-10-02 11:24:47,402 [pool-393-thread-1] INFO  server.RaftServerConfigKeys (ConfUtils.java:logGet(43)) - raft.server.rpcslowness.timeout = 120s (custom)
2019-10-02 11:24:47,402 [pool-393-thread-1] INFO  server.RaftServerConfigKeys (ConfUtils.java:logGet(43)) - raft.server.sleep.deviation.threshold = 300 (default)
2019-10-02 11:24:47,402 [pool-393-thread-1] INFO  server.RaftServerConfigKeys (ConfUtils.java:logGet(43)) - raft.server.log.appender.install.snapshot.enabled = false (custom)
2019-10-02 11:24:47,402 [pool-393-thread-1] INFO  impl.RaftServerImpl (ServerState.java:<init>(103)) - c84fc8a1-7b52-4e78-bcb0-06c9c1e57826@group-7C65E0F1B69B: ConfigurationManager, init=-1: [c84fc8a1-7b52-4e78-bcb0-06c9c1e57826:192.168.164.220:38991], old=null, confs=<EMPTY_MAP>
2019-10-02 11:24:47,402 [pool-393-thread-1] INFO  server.RaftServerConfigKeys (ConfUtils.java:logGet(43)) - raft.server.storage.dir = [/workdir/hadoop-ozone/integration-test/target/test-dir/MiniOzoneClusterImpl-2207a384-d7b7-413f-9b4f-dc9f65a772d6/datanode-1/data/ratis] (custom)
2019-10-02 11:24:47,402 [pool-393-thread-1] INFO  server.RaftServerConfigKeys (ConfUtils.java:logGet(43)) - raft.server.log.corruption.policy = EXCEPTION (default)
2019-10-02 11:24:47,403 [pool-393-thread-1] INFO  storage.RaftStorageDirectory (RaftStorageDirectory.java:analyzeStorage(246)) - The storage directory /workdir/hadoop-ozone/integration-test/target/test-dir/MiniOzoneClusterImpl-2207a384-d7b7-413f-9b4f-dc9f65a772d6/datanode-1/data/ratis/ef2e549b-7b28-482f-bd1a-7c65e0f1b69b does not exist. Creating ...
2019-10-02 11:24:47,415 [pool-393-thread-1] INFO  storage.RaftStorageDirectory (RaftStorageDirectory.java:tryLock(328)) - Lock on /workdir/hadoop-ozone/integration-test/target/test-dir/MiniOzoneClusterImpl-2207a384-d7b7-413f-9b4f-dc9f65a772d6/datanode-1/data/ratis/ef2e549b-7b28-482f-bd1a-7c65e0f1b69b/in_use.lock acquired by nodename 16686@pr-hdds-2225-rpdbg-2298847827
2019-10-02 11:24:47,428 [pool-393-thread-1] INFO  storage.RaftStorage (RaftStorage.java:format(84)) - Storage directory /workdir/hadoop-ozone/integration-test/target/test-dir/MiniOzoneClusterImpl-2207a384-d7b7-413f-9b4f-dc9f65a772d6/datanode-1/data/ratis/ef2e549b-7b28-482f-bd1a-7c65e0f1b69b has been successfully formatted.
2019-10-02 11:24:47,428 [pool-393-thread-1] INFO  ratis.ContainerStateMachine (ContainerStateMachine.java:loadSnapshot(230)) - group-7C65E0F1B69B: The snapshot info is null. Setting the last applied indexto:(t:0, i:~)
2019-10-02 11:24:47,428 [pool-393-thread-1] INFO  server.RaftServerConfigKeys (ConfUtils.java:logGet(43)) - raft.server.notification.no-leader.timeout = 120s (custom)
2019-10-02 11:24:47,428 [pool-393-thread-1] INFO  server.RaftServerConfigKeys (ConfUtils.java:logGet(43)) - raft.server.log.use.memory = false (default)
2019-10-02 11:24:47,428 [pool-393-thread-1] INFO  server.RaftServerConfigKeys (ConfUtils.java:logGet(43)) - raft.server.log.purge.gap = 1000000 (custom)
2019-10-02 11:24:47,429 [pool-393-thread-1] INFO  server.RaftServerConfigKeys (ConfUtils.java:logGet(43)) - raft.server.log.appender.buffer.byte-limit = 33554432 (custom)
2019-10-02 11:24:47,429 [pool-393-thread-1] INFO  server.RaftServerConfigKeys (ConfUtils.java:logGet(43)) - raft.server.log.segment.size.max = 1048576 (custom)
2019-10-02 11:24:47,430 [pool-393-thread-1] INFO  server.RaftServerConfigKeys (ConfUtils.java:logGet(43)) - raft.server.log.segment.cache.num.max = 2 (custom)
2019-10-02 11:24:47,430 [pool-393-thread-1] INFO  segmented.SegmentedRaftLogWorker (SegmentedRaftLogWorker.java:<init>(173)) - new c84fc8a1-7b52-4e78-bcb0-06c9c1e57826@group-7C65E0F1B69B-SegmentedRaftLogWorker for RaftStorage:Storage Directory /workdir/hadoop-ozone/integration-test/target/test-dir/MiniOzoneClusterImpl-2207a384-d7b7-413f-9b4f-dc9f65a772d6/datanode-1/data/ratis/ef2e549b-7b28-482f-bd1a-7c65e0f1b69b
2019-10-02 11:24:47,430 [pool-393-thread-1] INFO  server.RaftServerConfigKeys (ConfUtils.java:logGet(43)) - raft.server.log.queue.byte-limit = 2147483647 (custom)
2019-10-02 11:24:47,430 [pool-393-thread-1] INFO  server.RaftServerConfigKeys (ConfUtils.java:logGet(43)) - raft.server.log.queue.element-limit = 1024 (custom)
2019-10-02 11:24:47,430 [pool-393-thread-1] INFO  server.RaftServerConfigKeys (ConfUtils.java:logGet(43)) - raft.server.log.segment.size.max = 1048576 (custom)
2019-10-02 11:24:47,430 [pool-393-thread-1] INFO  server.RaftServerConfigKeys (ConfUtils.java:logGet(43)) - raft.server.log.preallocated.size = 16384 (custom)
2019-10-02 11:24:47,430 [pool-393-thread-1] INFO  server.RaftServerConfigKeys (ConfUtils.java:logGet(43)) - raft.server.log.write.buffer.size = 33554432 (custom)
2019-10-02 11:24:47,430 [pool-393-thread-1] INFO  server.RaftServerConfigKeys (ConfUtils.java:logGet(43)) - raft.server.log.force.sync.num = 128 (default)
2019-10-02 11:24:47,430 [pool-393-thread-1] INFO  server.RaftServerConfigKeys (ConfUtils.java:logGet(43)) - raft.server.log.statemachine.data.sync = true (default)
2019-10-02 11:24:47,430 [pool-393-thread-1] INFO  server.RaftServerConfigKeys (ConfUtils.java:logGet(43)) - raft.server.log.statemachine.data.sync.timeout = 10s (default)
2019-10-02 11:24:47,430 [pool-393-thread-1] INFO  server.RaftServerConfigKeys (ConfUtils.java:logGet(43)) - raft.server.log.statemachine.data.sync.timeout.retry = -1 (default)
2019-10-02 11:24:47,431 [pool-393-thread-1] INFO  server.RaftServerConfigKeys (ConfUtils.java:logGet(43)) - raft.server.log.statemachine.data.caching.enabled = true (custom)
2019-10-02 11:24:47,431 [pool-393-thread-1] INFO  segmented.SegmentedRaftLogWorker (SegmentedRaftLogWorker.java:lambda$new$0(128)) - c84fc8a1-7b52-4e78-bcb0-06c9c1e57826@group-7C65E0F1B69B-SegmentedRaftLogWorker: flushIndex: setUnconditionally 0 -> -1
2019-10-02 11:24:47,431 [pool-393-thread-1] INFO  server.RaftServerConfigKeys (ConfUtils.java:logGet(43)) - raft.server.snapshot.auto.trigger.enabled = true (custom)
2019-10-02 11:24:47,431 [pool-393-thread-1] INFO  server.RaftServerConfigKeys (ConfUtils.java:logGet(43)) - raft.server.snapshot.auto.trigger.threshold = 10000 (custom)
2019-10-02 11:24:47,431 [pool-393-thread-1] INFO  server.RaftServerConfigKeys (ConfUtils.java:logGet(43)) - raft.server.snapshot.retention.file.num = 5 (custom)
2019-10-02 11:24:47,431 [pool-393-thread-1] INFO  server.RaftServerConfigKeys (ConfUtils.java:logGet(43)) - raft.server.retrycache.expirytime = 600000ms (custom)
2019-10-02 11:24:47,432 [pool-393-thread-1] INFO  impl.RaftServerImpl (RaftServerImpl.java:start(181)) - c84fc8a1-7b52-4e78-bcb0-06c9c1e57826@group-7C65E0F1B69B: start as a follower, conf=-1: [c84fc8a1-7b52-4e78-bcb0-06c9c1e57826:192.168.164.220:38991], old=null
2019-10-02 11:24:47,432 [pool-393-thread-1] INFO  impl.RaftServerImpl (RaftServerImpl.java:setRole(170)) - c84fc8a1-7b52-4e78-bcb0-06c9c1e57826@group-7C65E0F1B69B: changes role from      null to FOLLOWER at term 0 for startAsFollower
2019-10-02 11:24:47,432 [pool-393-thread-1] INFO  impl.RoleInfo (RoleInfo.java:updateAndGet(143)) - c84fc8a1-7b52-4e78-bcb0-06c9c1e57826: start FollowerState
2019-10-02 11:24:47,433 [pool-393-thread-1] INFO  util.JmxRegister (JmxRegister.java:tryRegister(44)) - Successfully registered JMX Bean with object name Ratis:service=RaftServer,group=group-7C65E0F1B69B,id=c84fc8a1-7b52-4e78-bcb0-06c9c1e57826
2019-10-02 11:24:47,436 [RatisPipelineUtilsThread] INFO  pipeline.PipelineStateManager (PipelineStateManager.java:addPipeline(56)) - Created pipeline Pipeline[ Id: ef2e549b-7b28-482f-bd1a-7c65e0f1b69b, Nodes: c84fc8a1-7b52-4e78-bcb0-06c9c1e57826{ip: 192.168.164.220, host: pr-hdds-2225-rpdbg-2298847827, networkLocation: /default-rack, certSerialId: null}, Type:RATIS, Factor:ONE, State:OPEN]
2019-10-02 11:24:47,470 [IPC Server handler 5 on 42374] INFO  net.NetworkTopology (NetworkTopologyImpl.java:add(111)) - Added a new node: /default-rack/f3e9a990-b4e8-45f3-a6f9-413bc14ceb6e
2019-10-02 11:24:47,470 [IPC Server handler 5 on 42374] INFO  node.SCMNodeManager (SCMNodeManager.java:register(266)) - Registered Data node : f3e9a990-b4e8-45f3-a6f9-413bc14ceb6e{ip: 192.168.164.220, host: pr-hdds-2225-rpdbg-2298847827, networkLocation: /default-rack, certSerialId: null}
2019-10-02 11:24:47,475 [grpc-default-executor-3] INFO  impl.RaftServerProxy (RaftServerProxy.java:addNew(89)) - f3e9a990-b4e8-45f3-a6f9-413bc14ceb6e: addNew group-9DE1F8821936:[f3e9a990-b4e8-45f3-a6f9-413bc14ceb6e:192.168.164.220:42531] returns group-9DE1F8821936:java.util.concurrent.CompletableFuture@2b00c5a7[Not completed]
2019-10-02 11:24:47,478 [pool-403-thread-1] INFO  impl.RaftServerImpl (RaftServerImpl.java:<init>(95)) - f3e9a990-b4e8-45f3-a6f9-413bc14ceb6e: new RaftServerImpl for group-9DE1F8821936:[f3e9a990-b4e8-45f3-a6f9-413bc14ceb6e:192.168.164.220:42531] with ContainerStateMachine:uninitialized
2019-10-02 11:24:47,478 [pool-403-thread-1] INFO  server.RaftServerConfigKeys (ConfUtils.java:logGet(43)) - raft.server.rpc.timeout.min = 5s (custom)
2019-10-02 11:24:47,478 [pool-403-thread-1] INFO  server.RaftServerConfigKeys (ConfUtils.java:logGet(43)) - raft.server.rpc.timeout.max = 5200ms (custom)
2019-10-02 11:24:47,478 [pool-403-thread-1] INFO  server.RaftServerConfigKeys (ConfUtils.java:logGet(43)) - raft.server.rpcslowness.timeout = 120s (custom)
2019-10-02 11:24:47,478 [pool-403-thread-1] INFO  server.RaftServerConfigKeys (ConfUtils.java:logGet(43)) - raft.server.sleep.deviation.threshold = 300 (default)
2019-10-02 11:24:47,478 [pool-403-thread-1] INFO  server.RaftServerConfigKeys (ConfUtils.java:logGet(43)) - raft.server.log.appender.install.snapshot.enabled = false (custom)
2019-10-02 11:24:47,478 [pool-403-thread-1] INFO  impl.RaftServerImpl (ServerState.java:<init>(103)) - f3e9a990-b4e8-45f3-a6f9-413bc14ceb6e@group-9DE1F8821936: ConfigurationManager, init=-1: [f3e9a990-b4e8-45f3-a6f9-413bc14ceb6e:192.168.164.220:42531], old=null, confs=<EMPTY_MAP>
2019-10-02 11:24:47,478 [pool-403-thread-1] INFO  server.RaftServerConfigKeys (ConfUtils.java:logGet(43)) - raft.server.storage.dir = [/workdir/hadoop-ozone/integration-test/target/test-dir/MiniOzoneClusterImpl-2207a384-d7b7-413f-9b4f-dc9f65a772d6/datanode-2/data/ratis] (custom)
2019-10-02 11:24:47,479 [pool-403-thread-1] INFO  server.RaftServerConfigKeys (ConfUtils.java:logGet(43)) - raft.server.log.corruption.policy = EXCEPTION (default)
2019-10-02 11:24:47,479 [pool-403-thread-1] INFO  storage.RaftStorageDirectory (RaftStorageDirectory.java:analyzeStorage(246)) - The storage directory /workdir/hadoop-ozone/integration-test/target/test-dir/MiniOzoneClusterImpl-2207a384-d7b7-413f-9b4f-dc9f65a772d6/datanode-2/data/ratis/4f1accda-9e4a-4819-aa12-9de1f8821936 does not exist. Creating ...
2019-10-02 11:24:47,492 [pool-403-thread-1] INFO  storage.RaftStorageDirectory (RaftStorageDirectory.java:tryLock(328)) - Lock on /workdir/hadoop-ozone/integration-test/target/test-dir/MiniOzoneClusterImpl-2207a384-d7b7-413f-9b4f-dc9f65a772d6/datanode-2/data/ratis/4f1accda-9e4a-4819-aa12-9de1f8821936/in_use.lock acquired by nodename 16686@pr-hdds-2225-rpdbg-2298847827
2019-10-02 11:24:47,505 [pool-403-thread-1] INFO  storage.RaftStorage (RaftStorage.java:format(84)) - Storage directory /workdir/hadoop-ozone/integration-test/target/test-dir/MiniOzoneClusterImpl-2207a384-d7b7-413f-9b4f-dc9f65a772d6/datanode-2/data/ratis/4f1accda-9e4a-4819-aa12-9de1f8821936 has been successfully formatted.
2019-10-02 11:24:47,505 [pool-403-thread-1] INFO  ratis.ContainerStateMachine (ContainerStateMachine.java:loadSnapshot(230)) - group-9DE1F8821936: The snapshot info is null. Setting the last applied indexto:(t:0, i:~)
2019-10-02 11:24:47,505 [pool-403-thread-1] INFO  server.RaftServerConfigKeys (ConfUtils.java:logGet(43)) - raft.server.notification.no-leader.timeout = 120s (custom)
2019-10-02 11:24:47,505 [pool-403-thread-1] INFO  server.RaftServerConfigKeys (ConfUtils.java:logGet(43)) - raft.server.log.use.memory = false (default)
2019-10-02 11:24:47,505 [pool-403-thread-1] INFO  server.RaftServerConfigKeys (ConfUtils.java:logGet(43)) - raft.server.log.purge.gap = 1000000 (custom)
2019-10-02 11:24:47,505 [pool-403-thread-1] INFO  server.RaftServerConfigKeys (ConfUtils.java:logGet(43)) - raft.server.log.appender.buffer.byte-limit = 33554432 (custom)
2019-10-02 11:24:47,506 [pool-403-thread-1] INFO  server.RaftServerConfigKeys (ConfUtils.java:logGet(43)) - raft.server.log.segment.size.max = 1048576 (custom)
2019-10-02 11:24:47,507 [pool-403-thread-1] INFO  server.RaftServerConfigKeys (ConfUtils.java:logGet(43)) - raft.server.log.segment.cache.num.max = 2 (custom)
2019-10-02 11:24:47,507 [pool-403-thread-1] INFO  segmented.SegmentedRaftLogWorker (SegmentedRaftLogWorker.java:<init>(173)) - new f3e9a990-b4e8-45f3-a6f9-413bc14ceb6e@group-9DE1F8821936-SegmentedRaftLogWorker for RaftStorage:Storage Directory /workdir/hadoop-ozone/integration-test/target/test-dir/MiniOzoneClusterImpl-2207a384-d7b7-413f-9b4f-dc9f65a772d6/datanode-2/data/ratis/4f1accda-9e4a-4819-aa12-9de1f8821936
2019-10-02 11:24:47,507 [pool-403-thread-1] INFO  server.RaftServerConfigKeys (ConfUtils.java:logGet(43)) - raft.server.log.queue.byte-limit = 2147483647 (custom)
2019-10-02 11:24:47,507 [pool-403-thread-1] INFO  server.RaftServerConfigKeys (ConfUtils.java:logGet(43)) - raft.server.log.queue.element-limit = 1024 (custom)
2019-10-02 11:24:47,508 [pool-403-thread-1] INFO  server.RaftServerConfigKeys (ConfUtils.java:logGet(43)) - raft.server.log.segment.size.max = 1048576 (custom)
2019-10-02 11:24:47,508 [pool-403-thread-1] INFO  server.RaftServerConfigKeys (ConfUtils.java:logGet(43)) - raft.server.log.preallocated.size = 16384 (custom)
2019-10-02 11:24:47,508 [pool-403-thread-1] INFO  server.RaftServerConfigKeys (ConfUtils.java:logGet(43)) - raft.server.log.write.buffer.size = 33554432 (custom)
2019-10-02 11:24:47,508 [pool-403-thread-1] INFO  server.RaftServerConfigKeys (ConfUtils.java:logGet(43)) - raft.server.log.force.sync.num = 128 (default)
2019-10-02 11:24:47,508 [pool-403-thread-1] INFO  server.RaftServerConfigKeys (ConfUtils.java:logGet(43)) - raft.server.log.statemachine.data.sync = true (default)
2019-10-02 11:24:47,508 [pool-403-thread-1] INFO  server.RaftServerConfigKeys (ConfUtils.java:logGet(43)) - raft.server.log.statemachine.data.sync.timeout = 10s (default)
2019-10-02 11:24:47,508 [pool-403-thread-1] INFO  server.RaftServerConfigKeys (ConfUtils.java:logGet(43)) - raft.server.log.statemachine.data.sync.timeout.retry = -1 (default)
2019-10-02 11:24:47,508 [pool-403-thread-1] INFO  server.RaftServerConfigKeys (ConfUtils.java:logGet(43)) - raft.server.log.statemachine.data.caching.enabled = true (custom)
2019-10-02 11:24:47,509 [pool-403-thread-1] INFO  segmented.SegmentedRaftLogWorker (SegmentedRaftLogWorker.java:lambda$new$0(128)) - f3e9a990-b4e8-45f3-a6f9-413bc14ceb6e@group-9DE1F8821936-SegmentedRaftLogWorker: flushIndex: setUnconditionally 0 -> -1
2019-10-02 11:24:47,509 [pool-403-thread-1] INFO  server.RaftServerConfigKeys (ConfUtils.java:logGet(43)) - raft.server.snapshot.auto.trigger.enabled = true (custom)
2019-10-02 11:24:47,509 [pool-403-thread-1] INFO  server.RaftServerConfigKeys (ConfUtils.java:logGet(43)) - raft.server.snapshot.auto.trigger.threshold = 10000 (custom)
2019-10-02 11:24:47,509 [pool-403-thread-1] INFO  server.RaftServerConfigKeys (ConfUtils.java:logGet(43)) - raft.server.snapshot.retention.file.num = 5 (custom)
2019-10-02 11:24:47,509 [pool-403-thread-1] INFO  server.RaftServerConfigKeys (ConfUtils.java:logGet(43)) - raft.server.retrycache.expirytime = 600000ms (custom)
2019-10-02 11:24:47,511 [pool-403-thread-1] INFO  impl.RaftServerImpl (RaftServerImpl.java:start(181)) - f3e9a990-b4e8-45f3-a6f9-413bc14ceb6e@group-9DE1F8821936: start as a follower, conf=-1: [f3e9a990-b4e8-45f3-a6f9-413bc14ceb6e:192.168.164.220:42531], old=null
2019-10-02 11:24:47,511 [pool-403-thread-1] INFO  impl.RaftServerImpl (RaftServerImpl.java:setRole(170)) - f3e9a990-b4e8-45f3-a6f9-413bc14ceb6e@group-9DE1F8821936: changes role from      null to FOLLOWER at term 0 for startAsFollower
2019-10-02 11:24:47,511 [pool-403-thread-1] INFO  impl.RoleInfo (RoleInfo.java:updateAndGet(143)) - f3e9a990-b4e8-45f3-a6f9-413bc14ceb6e: start FollowerState
2019-10-02 11:24:47,511 [pool-403-thread-1] INFO  util.JmxRegister (JmxRegister.java:tryRegister(44)) - Successfully registered JMX Bean with object name Ratis:service=RaftServer,group=group-9DE1F8821936,id=f3e9a990-b4e8-45f3-a6f9-413bc14ceb6e
2019-10-02 11:24:47,515 [RatisPipelineUtilsThread] INFO  pipeline.PipelineStateManager (PipelineStateManager.java:addPipeline(56)) - Created pipeline Pipeline[ Id: 4f1accda-9e4a-4819-aa12-9de1f8821936, Nodes: f3e9a990-b4e8-45f3-a6f9-413bc14ceb6e{ip: 192.168.164.220, host: pr-hdds-2225-rpdbg-2298847827, networkLocation: /default-rack, certSerialId: null}, Type:RATIS, Factor:ONE, State:OPEN]
2019-10-02 11:24:47,525 [grpc-default-executor-3] INFO  impl.RaftServerProxy (RaftServerProxy.java:addNew(89)) - b0328039-473b-4203-928f-99a32e89c285: addNew group-9A4835F862C7:[c84fc8a1-7b52-4e78-bcb0-06c9c1e57826:192.168.164.220:38991, f3e9a990-b4e8-45f3-a6f9-413bc14ceb6e:192.168.164.220:42531, b0328039-473b-4203-928f-99a32e89c285:192.168.164.220:45799] returns group-9A4835F862C7:java.util.concurrent.CompletableFuture@4e5af22d[Not completed]
2019-10-02 11:24:47,525 [grpc-default-executor-7] INFO  impl.RaftServerProxy (RaftServerProxy.java:addNew(89)) - f3e9a990-b4e8-45f3-a6f9-413bc14ceb6e: addNew group-9A4835F862C7:[c84fc8a1-7b52-4e78-bcb0-06c9c1e57826:192.168.164.220:38991, f3e9a990-b4e8-45f3-a6f9-413bc14ceb6e:192.168.164.220:42531, b0328039-473b-4203-928f-99a32e89c285:192.168.164.220:45799] returns group-9A4835F862C7:java.util.concurrent.CompletableFuture@3d859bfa[Not completed]
2019-10-02 11:24:47,525 [grpc-default-executor-6] INFO  impl.RaftServerProxy (RaftServerProxy.java:addNew(89)) - c84fc8a1-7b52-4e78-bcb0-06c9c1e57826: addNew group-9A4835F862C7:[c84fc8a1-7b52-4e78-bcb0-06c9c1e57826:192.168.164.220:38991, f3e9a990-b4e8-45f3-a6f9-413bc14ceb6e:192.168.164.220:42531, b0328039-473b-4203-928f-99a32e89c285:192.168.164.220:45799] returns group-9A4835F862C7:java.util.concurrent.CompletableFuture@5b8d1546[Not completed]
2019-10-02 11:24:47,526 [pool-393-thread-1] INFO  impl.RaftServerImpl (RaftServerImpl.java:<init>(95)) - c84fc8a1-7b52-4e78-bcb0-06c9c1e57826: new RaftServerImpl for group-9A4835F862C7:[c84fc8a1-7b52-4e78-bcb0-06c9c1e57826:192.168.164.220:38991, f3e9a990-b4e8-45f3-a6f9-413bc14ceb6e:192.168.164.220:42531, b0328039-473b-4203-928f-99a32e89c285:192.168.164.220:45799] with ContainerStateMachine:uninitialized
2019-10-02 11:24:47,526 [pool-393-thread-1] INFO  server.RaftServerConfigKeys (ConfUtils.java:logGet(43)) - raft.server.rpc.timeout.min = 5s (custom)
2019-10-02 11:24:47,526 [pool-393-thread-1] INFO  server.RaftServerConfigKeys (ConfUtils.java:logGet(43)) - raft.server.rpc.timeout.max = 5200ms (custom)
2019-10-02 11:24:47,526 [pool-393-thread-1] INFO  server.RaftServerConfigKeys (ConfUtils.java:logGet(43)) - raft.server.rpcslowness.timeout = 120s (custom)
2019-10-02 11:24:47,526 [pool-403-thread-1] INFO  impl.RaftServerImpl (RaftServerImpl.java:<init>(95)) - f3e9a990-b4e8-45f3-a6f9-413bc14ceb6e: new RaftServerImpl for group-9A4835F862C7:[c84fc8a1-7b52-4e78-bcb0-06c9c1e57826:192.168.164.220:38991, f3e9a990-b4e8-45f3-a6f9-413bc14ceb6e:192.168.164.220:42531, b0328039-473b-4203-928f-99a32e89c285:192.168.164.220:45799] with ContainerStateMachine:uninitialized
2019-10-02 11:24:47,526 [pool-393-thread-1] INFO  server.RaftServerConfigKeys (ConfUtils.java:logGet(43)) - raft.server.sleep.deviation.threshold = 300 (default)
2019-10-02 11:24:47,526 [pool-403-thread-1] INFO  server.RaftServerConfigKeys (ConfUtils.java:logGet(43)) - raft.server.rpc.timeout.min = 5s (custom)
2019-10-02 11:24:47,526 [pool-393-thread-1] INFO  server.RaftServerConfigKeys (ConfUtils.java:logGet(43)) - raft.server.log.appender.install.snapshot.enabled = false (custom)
2019-10-02 11:24:47,526 [pool-403-thread-1] INFO  server.RaftServerConfigKeys (ConfUtils.java:logGet(43)) - raft.server.rpc.timeout.max = 5200ms (custom)
2019-10-02 11:24:47,526 [pool-393-thread-1] INFO  impl.RaftServerImpl (ServerState.java:<init>(103)) - c84fc8a1-7b52-4e78-bcb0-06c9c1e57826@group-9A4835F862C7: ConfigurationManager, init=-1: [c84fc8a1-7b52-4e78-bcb0-06c9c1e57826:192.168.164.220:38991, f3e9a990-b4e8-45f3-a6f9-413bc14ceb6e:192.168.164.220:42531, b0328039-473b-4203-928f-99a32e89c285:192.168.164.220:45799], old=null, confs=<EMPTY_MAP>
2019-10-02 11:24:47,527 [pool-383-thread-1] INFO  impl.RaftServerImpl (RaftServerImpl.java:<init>(95)) - b0328039-473b-4203-928f-99a32e89c285: new RaftServerImpl for group-9A4835F862C7:[c84fc8a1-7b52-4e78-bcb0-06c9c1e57826:192.168.164.220:38991, f3e9a990-b4e8-45f3-a6f9-413bc14ceb6e:192.168.164.220:42531, b0328039-473b-4203-928f-99a32e89c285:192.168.164.220:45799] with ContainerStateMachine:uninitialized
2019-10-02 11:24:47,527 [pool-403-thread-1] INFO  server.RaftServerConfigKeys (ConfUtils.java:logGet(43)) - raft.server.rpcslowness.timeout = 120s (custom)
2019-10-02 11:24:47,527 [pool-383-thread-1] INFO  server.RaftServerConfigKeys (ConfUtils.java:logGet(43)) - raft.server.rpc.timeout.min = 5s (custom)
2019-10-02 11:24:47,527 [pool-393-thread-1] INFO  server.RaftServerConfigKeys (ConfUtils.java:logGet(43)) - raft.server.storage.dir = [/workdir/hadoop-ozone/integration-test/target/test-dir/MiniOzoneClusterImpl-2207a384-d7b7-413f-9b4f-dc9f65a772d6/datanode-1/data/ratis] (custom)
2019-10-02 11:24:47,527 [pool-383-thread-1] INFO  server.RaftServerConfigKeys (ConfUtils.java:logGet(43)) - raft.server.rpc.timeout.max = 5200ms (custom)
2019-10-02 11:24:47,527 [pool-403-thread-1] INFO  server.RaftServerConfigKeys (ConfUtils.java:logGet(43)) - raft.server.sleep.deviation.threshold = 300 (default)
2019-10-02 11:24:47,527 [pool-393-thread-1] INFO  server.RaftServerConfigKeys (ConfUtils.java:logGet(43)) - raft.server.log.corruption.policy = EXCEPTION (default)
2019-10-02 11:24:47,527 [pool-383-thread-1] INFO  server.RaftServerConfigKeys (ConfUtils.java:logGet(43)) - raft.server.rpcslowness.timeout = 120s (custom)
2019-10-02 11:24:47,527 [pool-393-thread-1] INFO  storage.RaftStorageDirectory (RaftStorageDirectory.java:analyzeStorage(246)) - The storage directory /workdir/hadoop-ozone/integration-test/target/test-dir/MiniOzoneClusterImpl-2207a384-d7b7-413f-9b4f-dc9f65a772d6/datanode-1/data/ratis/19b14c28-025c-4ece-893b-9a4835f862c7 does not exist. Creating ...
2019-10-02 11:24:47,527 [pool-403-thread-1] INFO  server.RaftServerConfigKeys (ConfUtils.java:logGet(43)) - raft.server.log.appender.install.snapshot.enabled = false (custom)
2019-10-02 11:24:47,527 [pool-383-thread-1] INFO  server.RaftServerConfigKeys (ConfUtils.java:logGet(43)) - raft.server.sleep.deviation.threshold = 300 (default)
2019-10-02 11:24:47,528 [pool-403-thread-1] INFO  impl.RaftServerImpl (ServerState.java:<init>(103)) - f3e9a990-b4e8-45f3-a6f9-413bc14ceb6e@group-9A4835F862C7: ConfigurationManager, init=-1: [c84fc8a1-7b52-4e78-bcb0-06c9c1e57826:192.168.164.220:38991, f3e9a990-b4e8-45f3-a6f9-413bc14ceb6e:192.168.164.220:42531, b0328039-473b-4203-928f-99a32e89c285:192.168.164.220:45799], old=null, confs=<EMPTY_MAP>
2019-10-02 11:24:47,528 [pool-383-thread-1] INFO  server.RaftServerConfigKeys (ConfUtils.java:logGet(43)) - raft.server.log.appender.install.snapshot.enabled = false (custom)
2019-10-02 11:24:47,528 [pool-403-thread-1] INFO  server.RaftServerConfigKeys (ConfUtils.java:logGet(43)) - raft.server.storage.dir = [/workdir/hadoop-ozone/integration-test/target/test-dir/MiniOzoneClusterImpl-2207a384-d7b7-413f-9b4f-dc9f65a772d6/datanode-2/data/ratis] (custom)
2019-10-02 11:24:47,528 [pool-383-thread-1] INFO  impl.RaftServerImpl (ServerState.java:<init>(103)) - b0328039-473b-4203-928f-99a32e89c285@group-9A4835F862C7: ConfigurationManager, init=-1: [c84fc8a1-7b52-4e78-bcb0-06c9c1e57826:192.168.164.220:38991, f3e9a990-b4e8-45f3-a6f9-413bc14ceb6e:192.168.164.220:42531, b0328039-473b-4203-928f-99a32e89c285:192.168.164.220:45799], old=null, confs=<EMPTY_MAP>
2019-10-02 11:24:47,528 [pool-383-thread-1] INFO  server.RaftServerConfigKeys (ConfUtils.java:logGet(43)) - raft.server.storage.dir = [/workdir/hadoop-ozone/integration-test/target/test-dir/MiniOzoneClusterImpl-2207a384-d7b7-413f-9b4f-dc9f65a772d6/datanode-0/data/ratis] (custom)
2019-10-02 11:24:47,528 [pool-403-thread-1] INFO  server.RaftServerConfigKeys (ConfUtils.java:logGet(43)) - raft.server.log.corruption.policy = EXCEPTION (default)
2019-10-02 11:24:47,528 [pool-383-thread-1] INFO  server.RaftServerConfigKeys (ConfUtils.java:logGet(43)) - raft.server.log.corruption.policy = EXCEPTION (default)
2019-10-02 11:24:47,528 [pool-403-thread-1] INFO  storage.RaftStorageDirectory (RaftStorageDirectory.java:analyzeStorage(246)) - The storage directory /workdir/hadoop-ozone/integration-test/target/test-dir/MiniOzoneClusterImpl-2207a384-d7b7-413f-9b4f-dc9f65a772d6/datanode-2/data/ratis/19b14c28-025c-4ece-893b-9a4835f862c7 does not exist. Creating ...
2019-10-02 11:24:47,528 [pool-383-thread-1] INFO  storage.RaftStorageDirectory (RaftStorageDirectory.java:analyzeStorage(246)) - The storage directory /workdir/hadoop-ozone/integration-test/target/test-dir/MiniOzoneClusterImpl-2207a384-d7b7-413f-9b4f-dc9f65a772d6/datanode-0/data/ratis/19b14c28-025c-4ece-893b-9a4835f862c7 does not exist. Creating ...
2019-10-02 11:24:47,536 [IPC Server handler 6 on 42374] INFO  net.NetworkTopology (NetworkTopologyImpl.java:add(111)) - Added a new node: /default-rack/4f5f07a4-dfbb-4d4d-bd25-a7068a706aed
2019-10-02 11:24:47,536 [IPC Server handler 6 on 42374] INFO  node.SCMNodeManager (SCMNodeManager.java:register(266)) - Registered Data node : 4f5f07a4-dfbb-4d4d-bd25-a7068a706aed{ip: 192.168.164.220, host: pr-hdds-2225-rpdbg-2298847827, networkLocation: /default-rack, certSerialId: null}
2019-10-02 11:24:47,541 [pool-403-thread-1] INFO  storage.RaftStorageDirectory (RaftStorageDirectory.java:tryLock(328)) - Lock on /workdir/hadoop-ozone/integration-test/target/test-dir/MiniOzoneClusterImpl-2207a384-d7b7-413f-9b4f-dc9f65a772d6/datanode-2/data/ratis/19b14c28-025c-4ece-893b-9a4835f862c7/in_use.lock acquired by nodename 16686@pr-hdds-2225-rpdbg-2298847827
2019-10-02 11:24:47,541 [pool-383-thread-1] INFO  storage.RaftStorageDirectory (RaftStorageDirectory.java:tryLock(328)) - Lock on /workdir/hadoop-ozone/integration-test/target/test-dir/MiniOzoneClusterImpl-2207a384-d7b7-413f-9b4f-dc9f65a772d6/datanode-0/data/ratis/19b14c28-025c-4ece-893b-9a4835f862c7/in_use.lock acquired by nodename 16686@pr-hdds-2225-rpdbg-2298847827
2019-10-02 11:24:47,541 [pool-393-thread-1] INFO  storage.RaftStorageDirectory (RaftStorageDirectory.java:tryLock(328)) - Lock on /workdir/hadoop-ozone/integration-test/target/test-dir/MiniOzoneClusterImpl-2207a384-d7b7-413f-9b4f-dc9f65a772d6/datanode-1/data/ratis/19b14c28-025c-4ece-893b-9a4835f862c7/in_use.lock acquired by nodename 16686@pr-hdds-2225-rpdbg-2298847827
2019-10-02 11:24:47,544 [pool-393-thread-1] INFO  storage.RaftStorage (RaftStorage.java:format(84)) - Storage directory /workdir/hadoop-ozone/integration-test/target/test-dir/MiniOzoneClusterImpl-2207a384-d7b7-413f-9b4f-dc9f65a772d6/datanode-1/data/ratis/19b14c28-025c-4ece-893b-9a4835f862c7 has been successfully formatted.
2019-10-02 11:24:47,544 [pool-383-thread-1] INFO  storage.RaftStorage (RaftStorage.java:format(84)) - Storage directory /workdir/hadoop-ozone/integration-test/target/test-dir/MiniOzoneClusterImpl-2207a384-d7b7-413f-9b4f-dc9f65a772d6/datanode-0/data/ratis/19b14c28-025c-4ece-893b-9a4835f862c7 has been successfully formatted.
2019-10-02 11:24:47,544 [pool-403-thread-1] INFO  storage.RaftStorage (RaftStorage.java:format(84)) - Storage directory /workdir/hadoop-ozone/integration-test/target/test-dir/MiniOzoneClusterImpl-2207a384-d7b7-413f-9b4f-dc9f65a772d6/datanode-2/data/ratis/19b14c28-025c-4ece-893b-9a4835f862c7 has been successfully formatted.
2019-10-02 11:24:47,544 [pool-383-thread-1] INFO  ratis.ContainerStateMachine (ContainerStateMachine.java:loadSnapshot(230)) - group-9A4835F862C7: The snapshot info is null. Setting the last applied indexto:(t:0, i:~)
2019-10-02 11:24:47,544 [pool-403-thread-1] INFO  ratis.ContainerStateMachine (ContainerStateMachine.java:loadSnapshot(230)) - group-9A4835F862C7: The snapshot info is null. Setting the last applied indexto:(t:0, i:~)
2019-10-02 11:24:47,544 [pool-393-thread-1] INFO  ratis.ContainerStateMachine (ContainerStateMachine.java:loadSnapshot(230)) - group-9A4835F862C7: The snapshot info is null. Setting the last applied indexto:(t:0, i:~)
2019-10-02 11:24:47,545 [pool-403-thread-1] INFO  server.RaftServerConfigKeys (ConfUtils.java:logGet(43)) - raft.server.notification.no-leader.timeout = 120s (custom)
2019-10-02 11:24:47,545 [pool-383-thread-1] INFO  server.RaftServerConfigKeys (ConfUtils.java:logGet(43)) - raft.server.notification.no-leader.timeout = 120s (custom)
2019-10-02 11:24:47,545 [pool-403-thread-1] INFO  server.RaftServerConfigKeys (ConfUtils.java:logGet(43)) - raft.server.log.use.memory = false (default)
2019-10-02 11:24:47,545 [pool-393-thread-1] INFO  server.RaftServerConfigKeys (ConfUtils.java:logGet(43)) - raft.server.notification.no-leader.timeout = 120s (custom)
2019-10-02 11:24:47,545 [pool-403-thread-1] INFO  server.RaftServerConfigKeys (ConfUtils.java:logGet(43)) - raft.server.log.purge.gap = 1000000 (custom)
2019-10-02 11:24:47,545 [pool-383-thread-1] INFO  server.RaftServerConfigKeys (ConfUtils.java:logGet(43)) - raft.server.log.use.memory = false (default)
2019-10-02 11:24:47,545 [pool-403-thread-1] INFO  server.RaftServerConfigKeys (ConfUtils.java:logGet(43)) - raft.server.log.appender.buffer.byte-limit = 33554432 (custom)
2019-10-02 11:24:47,545 [pool-393-thread-1] INFO  server.RaftServerConfigKeys (ConfUtils.java:logGet(43)) - raft.server.log.use.memory = false (default)
2019-10-02 11:24:47,545 [pool-403-thread-1] INFO  server.RaftServerConfigKeys (ConfUtils.java:logGet(43)) - raft.server.log.segment.size.max = 1048576 (custom)
2019-10-02 11:24:47,545 [pool-383-thread-1] INFO  server.RaftServerConfigKeys (ConfUtils.java:logGet(43)) - raft.server.log.purge.gap = 1000000 (custom)
2019-10-02 11:24:47,545 [pool-403-thread-1] INFO  server.RaftServerConfigKeys (ConfUtils.java:logGet(43)) - raft.server.log.segment.cache.num.max = 2 (custom)
2019-10-02 11:24:47,545 [pool-393-thread-1] INFO  server.RaftServerConfigKeys (ConfUtils.java:logGet(43)) - raft.server.log.purge.gap = 1000000 (custom)
2019-10-02 11:24:47,546 [pool-403-thread-1] INFO  segmented.SegmentedRaftLogWorker (SegmentedRaftLogWorker.java:<init>(173)) - new f3e9a990-b4e8-45f3-a6f9-413bc14ceb6e@group-9A4835F862C7-SegmentedRaftLogWorker for RaftStorage:Storage Directory /workdir/hadoop-ozone/integration-test/target/test-dir/MiniOzoneClusterImpl-2207a384-d7b7-413f-9b4f-dc9f65a772d6/datanode-2/data/ratis/19b14c28-025c-4ece-893b-9a4835f862c7
2019-10-02 11:24:47,545 [pool-383-thread-1] INFO  server.RaftServerConfigKeys (ConfUtils.java:logGet(43)) - raft.server.log.appender.buffer.byte-limit = 33554432 (custom)
2019-10-02 11:24:47,546 [pool-403-thread-1] INFO  server.RaftServerConfigKeys (ConfUtils.java:logGet(43)) - raft.server.log.queue.byte-limit = 2147483647 (custom)
2019-10-02 11:24:47,546 [pool-393-thread-1] INFO  server.RaftServerConfigKeys (ConfUtils.java:logGet(43)) - raft.server.log.appender.buffer.byte-limit = 33554432 (custom)
2019-10-02 11:24:47,546 [pool-403-thread-1] INFO  server.RaftServerConfigKeys (ConfUtils.java:logGet(43)) - raft.server.log.queue.element-limit = 1024 (custom)
2019-10-02 11:24:47,546 [pool-383-thread-1] INFO  server.RaftServerConfigKeys (ConfUtils.java:logGet(43)) - raft.server.log.segment.size.max = 1048576 (custom)
2019-10-02 11:24:47,546 [pool-403-thread-1] INFO  server.RaftServerConfigKeys (ConfUtils.java:logGet(43)) - raft.server.log.segment.size.max = 1048576 (custom)
2019-10-02 11:24:47,546 [pool-393-thread-1] INFO  server.RaftServerConfigKeys (ConfUtils.java:logGet(43)) - raft.server.log.segment.size.max = 1048576 (custom)
2019-10-02 11:24:47,546 [pool-403-thread-1] INFO  server.RaftServerConfigKeys (ConfUtils.java:logGet(43)) - raft.server.log.preallocated.size = 16384 (custom)
2019-10-02 11:24:47,546 [pool-383-thread-1] INFO  server.RaftServerConfigKeys (ConfUtils.java:logGet(43)) - raft.server.log.segment.cache.num.max = 2 (custom)
2019-10-02 11:24:47,546 [pool-403-thread-1] INFO  server.RaftServerConfigKeys (ConfUtils.java:logGet(43)) - raft.server.log.write.buffer.size = 33554432 (custom)
2019-10-02 11:24:47,546 [pool-393-thread-1] INFO  server.RaftServerConfigKeys (ConfUtils.java:logGet(43)) - raft.server.log.segment.cache.num.max = 2 (custom)
2019-10-02 11:24:47,546 [pool-403-thread-1] INFO  server.RaftServerConfigKeys (ConfUtils.java:logGet(43)) - raft.server.log.force.sync.num = 128 (default)
2019-10-02 11:24:47,546 [pool-383-thread-1] INFO  segmented.SegmentedRaftLogWorker (SegmentedRaftLogWorker.java:<init>(173)) - new b0328039-473b-4203-928f-99a32e89c285@group-9A4835F862C7-SegmentedRaftLogWorker for RaftStorage:Storage Directory /workdir/hadoop-ozone/integration-test/target/test-dir/MiniOzoneClusterImpl-2207a384-d7b7-413f-9b4f-dc9f65a772d6/datanode-0/data/ratis/19b14c28-025c-4ece-893b-9a4835f862c7
2019-10-02 11:24:47,547 [pool-403-thread-1] INFO  server.RaftServerConfigKeys (ConfUtils.java:logGet(43)) - raft.server.log.statemachine.data.sync = true (default)
2019-10-02 11:24:47,547 [pool-393-thread-1] INFO  segmented.SegmentedRaftLogWorker (SegmentedRaftLogWorker.java:<init>(173)) - new c84fc8a1-7b52-4e78-bcb0-06c9c1e57826@group-9A4835F862C7-SegmentedRaftLogWorker for RaftStorage:Storage Directory /workdir/hadoop-ozone/integration-test/target/test-dir/MiniOzoneClusterImpl-2207a384-d7b7-413f-9b4f-dc9f65a772d6/datanode-1/data/ratis/19b14c28-025c-4ece-893b-9a4835f862c7
2019-10-02 11:24:47,547 [pool-403-thread-1] INFO  server.RaftServerConfigKeys (ConfUtils.java:logGet(43)) - raft.server.log.statemachine.data.sync.timeout = 10s (default)
2019-10-02 11:24:47,547 [pool-383-thread-1] INFO  server.RaftServerConfigKeys (ConfUtils.java:logGet(43)) - raft.server.log.queue.byte-limit = 2147483647 (custom)
2019-10-02 11:24:47,547 [pool-403-thread-1] INFO  server.RaftServerConfigKeys (ConfUtils.java:logGet(43)) - raft.server.log.statemachine.data.sync.timeout.retry = -1 (default)
2019-10-02 11:24:47,547 [pool-393-thread-1] INFO  server.RaftServerConfigKeys (ConfUtils.java:logGet(43)) - raft.server.log.queue.byte-limit = 2147483647 (custom)
2019-10-02 11:24:47,547 [pool-403-thread-1] INFO  server.RaftServerConfigKeys (ConfUtils.java:logGet(43)) - raft.server.log.statemachine.data.caching.enabled = true (custom)
2019-10-02 11:24:47,547 [pool-383-thread-1] INFO  server.RaftServerConfigKeys (ConfUtils.java:logGet(43)) - raft.server.log.queue.element-limit = 1024 (custom)
2019-10-02 11:24:47,547 [pool-393-thread-1] INFO  server.RaftServerConfigKeys (ConfUtils.java:logGet(43)) - raft.server.log.queue.element-limit = 1024 (custom)
2019-10-02 11:24:47,547 [pool-403-thread-1] INFO  segmented.SegmentedRaftLogWorker (SegmentedRaftLogWorker.java:lambda$new$0(128)) - f3e9a990-b4e8-45f3-a6f9-413bc14ceb6e@group-9A4835F862C7-SegmentedRaftLogWorker: flushIndex: setUnconditionally 0 -> -1
2019-10-02 11:24:47,547 [pool-383-thread-1] INFO  server.RaftServerConfigKeys (ConfUtils.java:logGet(43)) - raft.server.log.segment.size.max = 1048576 (custom)
2019-10-02 11:24:47,548 [pool-393-thread-1] INFO  server.RaftServerConfigKeys (ConfUtils.java:logGet(43)) - raft.server.log.segment.size.max = 1048576 (custom)
2019-10-02 11:24:47,548 [pool-403-thread-1] INFO  server.RaftServerConfigKeys (ConfUtils.java:logGet(43)) - raft.server.snapshot.auto.trigger.enabled = true (custom)
2019-10-02 11:24:47,548 [pool-383-thread-1] INFO  server.RaftServerConfigKeys (ConfUtils.java:logGet(43)) - raft.server.log.preallocated.size = 16384 (custom)
2019-10-02 11:24:47,548 [pool-403-thread-1] INFO  server.RaftServerConfigKeys (ConfUtils.java:logGet(43)) - raft.server.snapshot.auto.trigger.threshold = 10000 (custom)
2019-10-02 11:24:47,548 [pool-393-thread-1] INFO  server.RaftServerConfigKeys (ConfUtils.java:logGet(43)) - raft.server.log.preallocated.size = 16384 (custom)
2019-10-02 11:24:47,548 [pool-403-thread-1] INFO  server.RaftServerConfigKeys (ConfUtils.java:logGet(43)) - raft.server.snapshot.retention.file.num = 5 (custom)
2019-10-02 11:24:47,548 [pool-383-thread-1] INFO  server.RaftServerConfigKeys (ConfUtils.java:logGet(43)) - raft.server.log.write.buffer.size = 33554432 (custom)
2019-10-02 11:24:47,548 [pool-403-thread-1] INFO  server.RaftServerConfigKeys (ConfUtils.java:logGet(43)) - raft.server.retrycache.expirytime = 600000ms (custom)
2019-10-02 11:24:47,548 [pool-393-thread-1] INFO  server.RaftServerConfigKeys (ConfUtils.java:logGet(43)) - raft.server.log.write.buffer.size = 33554432 (custom)
2019-10-02 11:24:47,548 [pool-383-thread-1] INFO  server.RaftServerConfigKeys (ConfUtils.java:logGet(43)) - raft.server.log.force.sync.num = 128 (default)
2019-10-02 11:24:47,548 [pool-393-thread-1] INFO  server.RaftServerConfigKeys (ConfUtils.java:logGet(43)) - raft.server.log.force.sync.num = 128 (default)
2019-10-02 11:24:47,549 [pool-383-thread-1] INFO  server.RaftServerConfigKeys (ConfUtils.java:logGet(43)) - raft.server.log.statemachine.data.sync = true (default)
2019-10-02 11:24:47,549 [pool-393-thread-1] INFO  server.RaftServerConfigKeys (ConfUtils.java:logGet(43)) - raft.server.log.statemachine.data.sync = true (default)
2019-10-02 11:24:47,549 [pool-383-thread-1] INFO  server.RaftServerConfigKeys (ConfUtils.java:logGet(43)) - raft.server.log.statemachine.data.sync.timeout = 10s (default)
2019-10-02 11:24:47,549 [pool-393-thread-1] INFO  server.RaftServerConfigKeys (ConfUtils.java:logGet(43)) - raft.server.log.statemachine.data.sync.timeout = 10s (default)
2019-10-02 11:24:47,549 [pool-383-thread-1] INFO  server.RaftServerConfigKeys (ConfUtils.java:logGet(43)) - raft.server.log.statemachine.data.sync.timeout.retry = -1 (default)
2019-10-02 11:24:47,549 [pool-393-thread-1] INFO  server.RaftServerConfigKeys (ConfUtils.java:logGet(43)) - raft.server.log.statemachine.data.sync.timeout.retry = -1 (default)
2019-10-02 11:24:47,549 [pool-383-thread-1] INFO  server.RaftServerConfigKeys (ConfUtils.java:logGet(43)) - raft.server.log.statemachine.data.caching.enabled = true (custom)
2019-10-02 11:24:47,549 [pool-393-thread-1] INFO  server.RaftServerConfigKeys (ConfUtils.java:logGet(43)) - raft.server.log.statemachine.data.caching.enabled = true (custom)
2019-10-02 11:24:47,549 [pool-403-thread-1] INFO  impl.RaftServerImpl (RaftServerImpl.java:start(181)) - f3e9a990-b4e8-45f3-a6f9-413bc14ceb6e@group-9A4835F862C7: start as a follower, conf=-1: [c84fc8a1-7b52-4e78-bcb0-06c9c1e57826:192.168.164.220:38991, f3e9a990-b4e8-45f3-a6f9-413bc14ceb6e:192.168.164.220:42531, b0328039-473b-4203-928f-99a32e89c285:192.168.164.220:45799], old=null
2019-10-02 11:24:47,549 [pool-393-thread-1] INFO  segmented.SegmentedRaftLogWorker (SegmentedRaftLogWorker.java:lambda$new$0(128)) - c84fc8a1-7b52-4e78-bcb0-06c9c1e57826@group-9A4835F862C7-SegmentedRaftLogWorker: flushIndex: setUnconditionally 0 -> -1
2019-10-02 11:24:47,549 [pool-383-thread-1] INFO  segmented.SegmentedRaftLogWorker (SegmentedRaftLogWorker.java:lambda$new$0(128)) - b0328039-473b-4203-928f-99a32e89c285@group-9A4835F862C7-SegmentedRaftLogWorker: flushIndex: setUnconditionally 0 -> -1
2019-10-02 11:24:47,550 [pool-393-thread-1] INFO  server.RaftServerConfigKeys (ConfUtils.java:logGet(43)) - raft.server.snapshot.auto.trigger.enabled = true (custom)
2019-10-02 11:24:47,549 [pool-403-thread-1] INFO  impl.RaftServerImpl (RaftServerImpl.java:setRole(170)) - f3e9a990-b4e8-45f3-a6f9-413bc14ceb6e@group-9A4835F862C7: changes role from      null to FOLLOWER at term 0 for startAsFollower
2019-10-02 11:24:47,550 [pool-383-thread-1] INFO  server.RaftServerConfigKeys (ConfUtils.java:logGet(43)) - raft.server.snapshot.auto.trigger.enabled = true (custom)
2019-10-02 11:24:47,550 [pool-393-thread-1] INFO  server.RaftServerConfigKeys (ConfUtils.java:logGet(43)) - raft.server.snapshot.auto.trigger.threshold = 10000 (custom)
2019-10-02 11:24:47,550 [pool-383-thread-1] INFO  server.RaftServerConfigKeys (ConfUtils.java:logGet(43)) - raft.server.snapshot.auto.trigger.threshold = 10000 (custom)
2019-10-02 11:24:47,550 [pool-403-thread-1] INFO  impl.RoleInfo (RoleInfo.java:updateAndGet(143)) - f3e9a990-b4e8-45f3-a6f9-413bc14ceb6e: start FollowerState
2019-10-02 11:24:47,550 [pool-383-thread-1] INFO  server.RaftServerConfigKeys (ConfUtils.java:logGet(43)) - raft.server.snapshot.retention.file.num = 5 (custom)
2019-10-02 11:24:47,550 [pool-393-thread-1] INFO  server.RaftServerConfigKeys (ConfUtils.java:logGet(43)) - raft.server.snapshot.retention.file.num = 5 (custom)
2019-10-02 11:24:47,550 [pool-403-thread-1] INFO  util.JmxRegister (JmxRegister.java:tryRegister(44)) - Successfully registered JMX Bean with object name Ratis:service=RaftServer,group=group-9A4835F862C7,id=f3e9a990-b4e8-45f3-a6f9-413bc14ceb6e
2019-10-02 11:24:47,550 [pool-383-thread-1] INFO  server.RaftServerConfigKeys (ConfUtils.java:logGet(43)) - raft.server.retrycache.expirytime = 600000ms (custom)
2019-10-02 11:24:47,550 [pool-393-thread-1] INFO  server.RaftServerConfigKeys (ConfUtils.java:logGet(43)) - raft.server.retrycache.expirytime = 600000ms (custom)
2019-10-02 11:24:47,553 [pool-383-thread-1] INFO  impl.RaftServerImpl (RaftServerImpl.java:start(181)) - b0328039-473b-4203-928f-99a32e89c285@group-9A4835F862C7: start as a follower, conf=-1: [c84fc8a1-7b52-4e78-bcb0-06c9c1e57826:192.168.164.220:38991, f3e9a990-b4e8-45f3-a6f9-413bc14ceb6e:192.168.164.220:42531, b0328039-473b-4203-928f-99a32e89c285:192.168.164.220:45799], old=null
2019-10-02 11:24:47,553 [pool-393-thread-1] INFO  impl.RaftServerImpl (RaftServerImpl.java:start(181)) - c84fc8a1-7b52-4e78-bcb0-06c9c1e57826@group-9A4835F862C7: start as a follower, conf=-1: [c84fc8a1-7b52-4e78-bcb0-06c9c1e57826:192.168.164.220:38991, f3e9a990-b4e8-45f3-a6f9-413bc14ceb6e:192.168.164.220:42531, b0328039-473b-4203-928f-99a32e89c285:192.168.164.220:45799], old=null
2019-10-02 11:24:47,553 [pool-383-thread-1] INFO  impl.RaftServerImpl (RaftServerImpl.java:setRole(170)) - b0328039-473b-4203-928f-99a32e89c285@group-9A4835F862C7: changes role from      null to FOLLOWER at term 0 for startAsFollower
2019-10-02 11:24:47,553 [pool-393-thread-1] INFO  impl.RaftServerImpl (RaftServerImpl.java:setRole(170)) - c84fc8a1-7b52-4e78-bcb0-06c9c1e57826@group-9A4835F862C7: changes role from      null to FOLLOWER at term 0 for startAsFollower
2019-10-02 11:24:47,553 [pool-383-thread-1] INFO  impl.RoleInfo (RoleInfo.java:updateAndGet(143)) - b0328039-473b-4203-928f-99a32e89c285: start FollowerState
2019-10-02 11:24:47,553 [pool-393-thread-1] INFO  impl.RoleInfo (RoleInfo.java:updateAndGet(143)) - c84fc8a1-7b52-4e78-bcb0-06c9c1e57826: start FollowerState
2019-10-02 11:24:47,553 [pool-383-thread-1] INFO  util.JmxRegister (JmxRegister.java:tryRegister(44)) - Successfully registered JMX Bean with object name Ratis:service=RaftServer,group=group-9A4835F862C7,id=b0328039-473b-4203-928f-99a32e89c285
2019-10-02 11:24:47,554 [pool-393-thread-1] INFO  util.JmxRegister (JmxRegister.java:tryRegister(44)) - Successfully registered JMX Bean with object name Ratis:service=RaftServer,group=group-9A4835F862C7,id=c84fc8a1-7b52-4e78-bcb0-06c9c1e57826
2019-10-02 11:24:47,557 [RatisPipelineUtilsThread] INFO  pipeline.PipelineStateManager (PipelineStateManager.java:addPipeline(56)) - Created pipeline Pipeline[ Id: 19b14c28-025c-4ece-893b-9a4835f862c7, Nodes: f3e9a990-b4e8-45f3-a6f9-413bc14ceb6e{ip: 192.168.164.220, host: pr-hdds-2225-rpdbg-2298847827, networkLocation: /default-rack, certSerialId: null}b0328039-473b-4203-928f-99a32e89c285{ip: 192.168.164.220, host: pr-hdds-2225-rpdbg-2298847827, networkLocation: /default-rack, certSerialId: null}c84fc8a1-7b52-4e78-bcb0-06c9c1e57826{ip: 192.168.164.220, host: pr-hdds-2225-rpdbg-2298847827, networkLocation: /default-rack, certSerialId: null}, Type:RATIS, Factor:THREE, State:OPEN]
2019-10-02 11:24:47,604 [IPC Server handler 0 on 42374] INFO  net.NetworkTopology (NetworkTopologyImpl.java:add(111)) - Added a new node: /default-rack/2096c275-a02b-488c-937e-6bf2624e46a6
2019-10-02 11:24:47,604 [IPC Server handler 0 on 42374] INFO  node.SCMNodeManager (SCMNodeManager.java:register(266)) - Registered Data node : 2096c275-a02b-488c-937e-6bf2624e46a6{ip: 192.168.164.220, host: pr-hdds-2225-rpdbg-2298847827, networkLocation: /default-rack, certSerialId: null}
2019-10-02 11:24:47,610 [grpc-default-executor-6] INFO  impl.RaftServerProxy (RaftServerProxy.java:addNew(89)) - 2096c275-a02b-488c-937e-6bf2624e46a6: addNew group-133EA1E27557:[2096c275-a02b-488c-937e-6bf2624e46a6:192.168.164.220:43421] returns group-133EA1E27557:java.util.concurrent.CompletableFuture@52629d03[Not completed]
2019-10-02 11:24:47,611 [pool-423-thread-1] INFO  impl.RaftServerImpl (RaftServerImpl.java:<init>(95)) - 2096c275-a02b-488c-937e-6bf2624e46a6: new RaftServerImpl for group-133EA1E27557:[2096c275-a02b-488c-937e-6bf2624e46a6:192.168.164.220:43421] with ContainerStateMachine:uninitialized
2019-10-02 11:24:47,611 [pool-423-thread-1] INFO  server.RaftServerConfigKeys (ConfUtils.java:logGet(43)) - raft.server.rpc.timeout.min = 5s (custom)
2019-10-02 11:24:47,611 [pool-423-thread-1] INFO  server.RaftServerConfigKeys (ConfUtils.java:logGet(43)) - raft.server.rpc.timeout.max = 5200ms (custom)
2019-10-02 11:24:47,611 [pool-423-thread-1] INFO  server.RaftServerConfigKeys (ConfUtils.java:logGet(43)) - raft.server.rpcslowness.timeout = 120s (custom)
2019-10-02 11:24:47,611 [pool-423-thread-1] INFO  server.RaftServerConfigKeys (ConfUtils.java:logGet(43)) - raft.server.sleep.deviation.threshold = 300 (default)
2019-10-02 11:24:47,612 [pool-423-thread-1] INFO  server.RaftServerConfigKeys (ConfUtils.java:logGet(43)) - raft.server.log.appender.install.snapshot.enabled = false (custom)
2019-10-02 11:24:47,612 [pool-423-thread-1] INFO  impl.RaftServerImpl (ServerState.java:<init>(103)) - 2096c275-a02b-488c-937e-6bf2624e46a6@group-133EA1E27557: ConfigurationManager, init=-1: [2096c275-a02b-488c-937e-6bf2624e46a6:192.168.164.220:43421], old=null, confs=<EMPTY_MAP>
2019-10-02 11:24:47,612 [pool-423-thread-1] INFO  server.RaftServerConfigKeys (ConfUtils.java:logGet(43)) - raft.server.storage.dir = [/workdir/hadoop-ozone/integration-test/target/test-dir/MiniOzoneClusterImpl-2207a384-d7b7-413f-9b4f-dc9f65a772d6/datanode-4/data/ratis] (custom)
2019-10-02 11:24:47,612 [pool-423-thread-1] INFO  server.RaftServerConfigKeys (ConfUtils.java:logGet(43)) - raft.server.log.corruption.policy = EXCEPTION (default)
2019-10-02 11:24:47,612 [pool-423-thread-1] INFO  storage.RaftStorageDirectory (RaftStorageDirectory.java:analyzeStorage(246)) - The storage directory /workdir/hadoop-ozone/integration-test/target/test-dir/MiniOzoneClusterImpl-2207a384-d7b7-413f-9b4f-dc9f65a772d6/datanode-4/data/ratis/5ac9ba7d-57d3-48d8-adf7-133ea1e27557 does not exist. Creating ...
2019-10-02 11:24:47,625 [pool-423-thread-1] INFO  storage.RaftStorageDirectory (RaftStorageDirectory.java:tryLock(328)) - Lock on /workdir/hadoop-ozone/integration-test/target/test-dir/MiniOzoneClusterImpl-2207a384-d7b7-413f-9b4f-dc9f65a772d6/datanode-4/data/ratis/5ac9ba7d-57d3-48d8-adf7-133ea1e27557/in_use.lock acquired by nodename 16686@pr-hdds-2225-rpdbg-2298847827
2019-10-02 11:24:47,638 [pool-423-thread-1] INFO  storage.RaftStorage (RaftStorage.java:format(84)) - Storage directory /workdir/hadoop-ozone/integration-test/target/test-dir/MiniOzoneClusterImpl-2207a384-d7b7-413f-9b4f-dc9f65a772d6/datanode-4/data/ratis/5ac9ba7d-57d3-48d8-adf7-133ea1e27557 has been successfully formatted.
2019-10-02 11:24:47,639 [pool-423-thread-1] INFO  ratis.ContainerStateMachine (ContainerStateMachine.java:loadSnapshot(230)) - group-133EA1E27557: The snapshot info is null. Setting the last applied indexto:(t:0, i:~)
2019-10-02 11:24:47,639 [pool-423-thread-1] INFO  server.RaftServerConfigKeys (ConfUtils.java:logGet(43)) - raft.server.notification.no-leader.timeout = 120s (custom)
2019-10-02 11:24:47,639 [pool-423-thread-1] INFO  server.RaftServerConfigKeys (ConfUtils.java:logGet(43)) - raft.server.log.use.memory = false (default)
2019-10-02 11:24:47,639 [pool-423-thread-1] INFO  server.RaftServerConfigKeys (ConfUtils.java:logGet(43)) - raft.server.log.purge.gap = 1000000 (custom)
2019-10-02 11:24:47,639 [pool-423-thread-1] INFO  server.RaftServerConfigKeys (ConfUtils.java:logGet(43)) - raft.server.log.appender.buffer.byte-limit = 33554432 (custom)
2019-10-02 11:24:47,639 [pool-423-thread-1] INFO  server.RaftServerConfigKeys (ConfUtils.java:logGet(43)) - raft.server.log.segment.size.max = 1048576 (custom)
2019-10-02 11:24:47,641 [pool-423-thread-1] INFO  server.RaftServerConfigKeys (ConfUtils.java:logGet(43)) - raft.server.log.segment.cache.num.max = 2 (custom)
2019-10-02 11:24:47,641 [pool-423-thread-1] INFO  segmented.SegmentedRaftLogWorker (SegmentedRaftLogWorker.java:<init>(173)) - new 2096c275-a02b-488c-937e-6bf2624e46a6@group-133EA1E27557-SegmentedRaftLogWorker for RaftStorage:Storage Directory /workdir/hadoop-ozone/integration-test/target/test-dir/MiniOzoneClusterImpl-2207a384-d7b7-413f-9b4f-dc9f65a772d6/datanode-4/data/ratis/5ac9ba7d-57d3-48d8-adf7-133ea1e27557
2019-10-02 11:24:47,641 [pool-423-thread-1] INFO  server.RaftServerConfigKeys (ConfUtils.java:logGet(43)) - raft.server.log.queue.byte-limit = 2147483647 (custom)
2019-10-02 11:24:47,641 [pool-423-thread-1] INFO  server.RaftServerConfigKeys (ConfUtils.java:logGet(43)) - raft.server.log.queue.element-limit = 1024 (custom)
2019-10-02 11:24:47,641 [pool-423-thread-1] INFO  server.RaftServerConfigKeys (ConfUtils.java:logGet(43)) - raft.server.log.segment.size.max = 1048576 (custom)
2019-10-02 11:24:47,642 [pool-423-thread-1] INFO  server.RaftServerConfigKeys (ConfUtils.java:logGet(43)) - raft.server.log.preallocated.size = 16384 (custom)
2019-10-02 11:24:47,642 [pool-423-thread-1] INFO  server.RaftServerConfigKeys (ConfUtils.java:logGet(43)) - raft.server.log.write.buffer.size = 33554432 (custom)
2019-10-02 11:24:47,642 [pool-423-thread-1] INFO  server.RaftServerConfigKeys (ConfUtils.java:logGet(43)) - raft.server.log.force.sync.num = 128 (default)
2019-10-02 11:24:47,642 [pool-423-thread-1] INFO  server.RaftServerConfigKeys (ConfUtils.java:logGet(43)) - raft.server.log.statemachine.data.sync = true (default)
2019-10-02 11:24:47,642 [pool-423-thread-1] INFO  server.RaftServerConfigKeys (ConfUtils.java:logGet(43)) - raft.server.log.statemachine.data.sync.timeout = 10s (default)
2019-10-02 11:24:47,642 [pool-423-thread-1] INFO  server.RaftServerConfigKeys (ConfUtils.java:logGet(43)) - raft.server.log.statemachine.data.sync.timeout.retry = -1 (default)
2019-10-02 11:24:47,642 [pool-423-thread-1] INFO  server.RaftServerConfigKeys (ConfUtils.java:logGet(43)) - raft.server.log.statemachine.data.caching.enabled = true (custom)
2019-10-02 11:24:47,643 [pool-423-thread-1] INFO  segmented.SegmentedRaftLogWorker (SegmentedRaftLogWorker.java:lambda$new$0(128)) - 2096c275-a02b-488c-937e-6bf2624e46a6@group-133EA1E27557-SegmentedRaftLogWorker: flushIndex: setUnconditionally 0 -> -1
2019-10-02 11:24:47,643 [pool-423-thread-1] INFO  server.RaftServerConfigKeys (ConfUtils.java:logGet(43)) - raft.server.snapshot.auto.trigger.enabled = true (custom)
2019-10-02 11:24:47,643 [pool-423-thread-1] INFO  server.RaftServerConfigKeys (ConfUtils.java:logGet(43)) - raft.server.snapshot.auto.trigger.threshold = 10000 (custom)
2019-10-02 11:24:47,643 [pool-423-thread-1] INFO  server.RaftServerConfigKeys (ConfUtils.java:logGet(43)) - raft.server.snapshot.retention.file.num = 5 (custom)
2019-10-02 11:24:47,643 [pool-423-thread-1] INFO  server.RaftServerConfigKeys (ConfUtils.java:logGet(43)) - raft.server.retrycache.expirytime = 600000ms (custom)
2019-10-02 11:24:47,645 [pool-423-thread-1] INFO  impl.RaftServerImpl (RaftServerImpl.java:start(181)) - 2096c275-a02b-488c-937e-6bf2624e46a6@group-133EA1E27557: start as a follower, conf=-1: [2096c275-a02b-488c-937e-6bf2624e46a6:192.168.164.220:43421], old=null
2019-10-02 11:24:47,645 [pool-423-thread-1] INFO  impl.RaftServerImpl (RaftServerImpl.java:setRole(170)) - 2096c275-a02b-488c-937e-6bf2624e46a6@group-133EA1E27557: changes role from      null to FOLLOWER at term 0 for startAsFollower
2019-10-02 11:24:47,645 [pool-423-thread-1] INFO  impl.RoleInfo (RoleInfo.java:updateAndGet(143)) - 2096c275-a02b-488c-937e-6bf2624e46a6: start FollowerState
2019-10-02 11:24:47,645 [pool-423-thread-1] INFO  util.JmxRegister (JmxRegister.java:tryRegister(44)) - Successfully registered JMX Bean with object name Ratis:service=RaftServer,group=group-133EA1E27557,id=2096c275-a02b-488c-937e-6bf2624e46a6
2019-10-02 11:24:47,649 [RatisPipelineUtilsThread] INFO  pipeline.PipelineStateManager (PipelineStateManager.java:addPipeline(56)) - Created pipeline Pipeline[ Id: 5ac9ba7d-57d3-48d8-adf7-133ea1e27557, Nodes: 2096c275-a02b-488c-937e-6bf2624e46a6{ip: 192.168.164.220, host: pr-hdds-2225-rpdbg-2298847827, networkLocation: /default-rack, certSerialId: null}, Type:RATIS, Factor:ONE, State:OPEN]
2019-10-02 11:24:47,654 [grpc-default-executor-6] INFO  impl.RaftServerProxy (RaftServerProxy.java:addNew(89)) - 4f5f07a4-dfbb-4d4d-bd25-a7068a706aed: addNew group-FF8689987D1F:[4f5f07a4-dfbb-4d4d-bd25-a7068a706aed:192.168.164.220:41036] returns group-FF8689987D1F:java.util.concurrent.CompletableFuture@9a57c70[Not completed]
2019-10-02 11:24:47,655 [pool-413-thread-1] INFO  impl.RaftServerImpl (RaftServerImpl.java:<init>(95)) - 4f5f07a4-dfbb-4d4d-bd25-a7068a706aed: new RaftServerImpl for group-FF8689987D1F:[4f5f07a4-dfbb-4d4d-bd25-a7068a706aed:192.168.164.220:41036] with ContainerStateMachine:uninitialized
2019-10-02 11:24:47,655 [pool-413-thread-1] INFO  server.RaftServerConfigKeys (ConfUtils.java:logGet(43)) - raft.server.rpc.timeout.min = 5s (custom)
2019-10-02 11:24:47,655 [pool-413-thread-1] INFO  server.RaftServerConfigKeys (ConfUtils.java:logGet(43)) - raft.server.rpc.timeout.max = 5200ms (custom)
2019-10-02 11:24:47,655 [pool-413-thread-1] INFO  server.RaftServerConfigKeys (ConfUtils.java:logGet(43)) - raft.server.rpcslowness.timeout = 120s (custom)
2019-10-02 11:24:47,655 [pool-413-thread-1] INFO  server.RaftServerConfigKeys (ConfUtils.java:logGet(43)) - raft.server.sleep.deviation.threshold = 300 (default)
2019-10-02 11:24:47,656 [pool-413-thread-1] INFO  server.RaftServerConfigKeys (ConfUtils.java:logGet(43)) - raft.server.log.appender.install.snapshot.enabled = false (custom)
2019-10-02 11:24:47,656 [pool-413-thread-1] INFO  impl.RaftServerImpl (ServerState.java:<init>(103)) - 4f5f07a4-dfbb-4d4d-bd25-a7068a706aed@group-FF8689987D1F: ConfigurationManager, init=-1: [4f5f07a4-dfbb-4d4d-bd25-a7068a706aed:192.168.164.220:41036], old=null, confs=<EMPTY_MAP>
2019-10-02 11:24:47,656 [pool-413-thread-1] INFO  server.RaftServerConfigKeys (ConfUtils.java:logGet(43)) - raft.server.storage.dir = [/workdir/hadoop-ozone/integration-test/target/test-dir/MiniOzoneClusterImpl-2207a384-d7b7-413f-9b4f-dc9f65a772d6/datanode-3/data/ratis] (custom)
2019-10-02 11:24:47,656 [pool-413-thread-1] INFO  server.RaftServerConfigKeys (ConfUtils.java:logGet(43)) - raft.server.log.corruption.policy = EXCEPTION (default)
2019-10-02 11:24:47,656 [pool-413-thread-1] INFO  storage.RaftStorageDirectory (RaftStorageDirectory.java:analyzeStorage(246)) - The storage directory /workdir/hadoop-ozone/integration-test/target/test-dir/MiniOzoneClusterImpl-2207a384-d7b7-413f-9b4f-dc9f65a772d6/datanode-3/data/ratis/4de814e0-00c8-40ec-9b5e-ff8689987d1f does not exist. Creating ...
2019-10-02 11:24:47,668 [IPC Server handler 2 on 42374] INFO  net.NetworkTopology (NetworkTopologyImpl.java:add(111)) - Added a new node: /default-rack/ba84d143-80a7-4a6e-9989-1b714b1d4cb3
2019-10-02 11:24:47,669 [IPC Server handler 2 on 42374] INFO  node.SCMNodeManager (SCMNodeManager.java:register(266)) - Registered Data node : ba84d143-80a7-4a6e-9989-1b714b1d4cb3{ip: 192.168.164.220, host: pr-hdds-2225-rpdbg-2298847827, networkLocation: /default-rack, certSerialId: null}
2019-10-02 11:24:47,669 [pool-413-thread-1] INFO  storage.RaftStorageDirectory (RaftStorageDirectory.java:tryLock(328)) - Lock on /workdir/hadoop-ozone/integration-test/target/test-dir/MiniOzoneClusterImpl-2207a384-d7b7-413f-9b4f-dc9f65a772d6/datanode-3/data/ratis/4de814e0-00c8-40ec-9b5e-ff8689987d1f/in_use.lock acquired by nodename 16686@pr-hdds-2225-rpdbg-2298847827
2019-10-02 11:24:47,682 [pool-413-thread-1] INFO  storage.RaftStorage (RaftStorage.java:format(84)) - Storage directory /workdir/hadoop-ozone/integration-test/target/test-dir/MiniOzoneClusterImpl-2207a384-d7b7-413f-9b4f-dc9f65a772d6/datanode-3/data/ratis/4de814e0-00c8-40ec-9b5e-ff8689987d1f has been successfully formatted.
2019-10-02 11:24:47,683 [pool-413-thread-1] INFO  ratis.ContainerStateMachine (ContainerStateMachine.java:loadSnapshot(230)) - group-FF8689987D1F: The snapshot info is null. Setting the last applied indexto:(t:0, i:~)
2019-10-02 11:24:47,683 [pool-413-thread-1] INFO  server.RaftServerConfigKeys (ConfUtils.java:logGet(43)) - raft.server.notification.no-leader.timeout = 120s (custom)
2019-10-02 11:24:47,683 [pool-413-thread-1] INFO  server.RaftServerConfigKeys (ConfUtils.java:logGet(43)) - raft.server.log.use.memory = false (default)
2019-10-02 11:24:47,683 [pool-413-thread-1] INFO  server.RaftServerConfigKeys (ConfUtils.java:logGet(43)) - raft.server.log.purge.gap = 1000000 (custom)
2019-10-02 11:24:47,683 [pool-413-thread-1] INFO  server.RaftServerConfigKeys (ConfUtils.java:logGet(43)) - raft.server.log.appender.buffer.byte-limit = 33554432 (custom)
2019-10-02 11:24:47,684 [pool-413-thread-1] INFO  server.RaftServerConfigKeys (ConfUtils.java:logGet(43)) - raft.server.log.segment.size.max = 1048576 (custom)
2019-10-02 11:24:47,686 [pool-413-thread-1] INFO  server.RaftServerConfigKeys (ConfUtils.java:logGet(43)) - raft.server.log.segment.cache.num.max = 2 (custom)
2019-10-02 11:24:47,686 [pool-413-thread-1] INFO  segmented.SegmentedRaftLogWorker (SegmentedRaftLogWorker.java:<init>(173)) - new 4f5f07a4-dfbb-4d4d-bd25-a7068a706aed@group-FF8689987D1F-SegmentedRaftLogWorker for RaftStorage:Storage Directory /workdir/hadoop-ozone/integration-test/target/test-dir/MiniOzoneClusterImpl-2207a384-d7b7-413f-9b4f-dc9f65a772d6/datanode-3/data/ratis/4de814e0-00c8-40ec-9b5e-ff8689987d1f
2019-10-02 11:24:47,686 [pool-413-thread-1] INFO  server.RaftServerConfigKeys (ConfUtils.java:logGet(43)) - raft.server.log.queue.byte-limit = 2147483647 (custom)
2019-10-02 11:24:47,686 [pool-413-thread-1] INFO  server.RaftServerConfigKeys (ConfUtils.java:logGet(43)) - raft.server.log.queue.element-limit = 1024 (custom)
2019-10-02 11:24:47,686 [pool-413-thread-1] INFO  server.RaftServerConfigKeys (ConfUtils.java:logGet(43)) - raft.server.log.segment.size.max = 1048576 (custom)
2019-10-02 11:24:47,686 [pool-413-thread-1] INFO  server.RaftServerConfigKeys (ConfUtils.java:logGet(43)) - raft.server.log.preallocated.size = 16384 (custom)
2019-10-02 11:24:47,686 [pool-413-thread-1] INFO  server.RaftServerConfigKeys (ConfUtils.java:logGet(43)) - raft.server.log.write.buffer.size = 33554432 (custom)
2019-10-02 11:24:47,686 [pool-413-thread-1] INFO  server.RaftServerConfigKeys (ConfUtils.java:logGet(43)) - raft.server.log.force.sync.num = 128 (default)
2019-10-02 11:24:47,686 [pool-413-thread-1] INFO  server.RaftServerConfigKeys (ConfUtils.java:logGet(43)) - raft.server.log.statemachine.data.sync = true (default)
2019-10-02 11:24:47,687 [pool-413-thread-1] INFO  server.RaftServerConfigKeys (ConfUtils.java:logGet(43)) - raft.server.log.statemachine.data.sync.timeout = 10s (default)
2019-10-02 11:24:47,687 [pool-413-thread-1] INFO  server.RaftServerConfigKeys (ConfUtils.java:logGet(43)) - raft.server.log.statemachine.data.sync.timeout.retry = -1 (default)
2019-10-02 11:24:47,687 [pool-413-thread-1] INFO  server.RaftServerConfigKeys (ConfUtils.java:logGet(43)) - raft.server.log.statemachine.data.caching.enabled = true (custom)
2019-10-02 11:24:47,687 [pool-413-thread-1] INFO  segmented.SegmentedRaftLogWorker (SegmentedRaftLogWorker.java:lambda$new$0(128)) - 4f5f07a4-dfbb-4d4d-bd25-a7068a706aed@group-FF8689987D1F-SegmentedRaftLogWorker: flushIndex: setUnconditionally 0 -> -1
2019-10-02 11:24:47,688 [pool-413-thread-1] INFO  server.RaftServerConfigKeys (ConfUtils.java:logGet(43)) - raft.server.snapshot.auto.trigger.enabled = true (custom)
2019-10-02 11:24:47,688 [pool-413-thread-1] INFO  server.RaftServerConfigKeys (ConfUtils.java:logGet(43)) - raft.server.snapshot.auto.trigger.threshold = 10000 (custom)
2019-10-02 11:24:47,688 [pool-413-thread-1] INFO  server.RaftServerConfigKeys (ConfUtils.java:logGet(43)) - raft.server.snapshot.retention.file.num = 5 (custom)
2019-10-02 11:24:47,688 [pool-413-thread-1] INFO  server.RaftServerConfigKeys (ConfUtils.java:logGet(43)) - raft.server.retrycache.expirytime = 600000ms (custom)
2019-10-02 11:24:47,689 [pool-413-thread-1] INFO  impl.RaftServerImpl (RaftServerImpl.java:start(181)) - 4f5f07a4-dfbb-4d4d-bd25-a7068a706aed@group-FF8689987D1F: start as a follower, conf=-1: [4f5f07a4-dfbb-4d4d-bd25-a7068a706aed:192.168.164.220:41036], old=null
2019-10-02 11:24:47,689 [pool-413-thread-1] INFO  impl.RaftServerImpl (RaftServerImpl.java:setRole(170)) - 4f5f07a4-dfbb-4d4d-bd25-a7068a706aed@group-FF8689987D1F: changes role from      null to FOLLOWER at term 0 for startAsFollower
2019-10-02 11:24:47,689 [pool-413-thread-1] INFO  impl.RoleInfo (RoleInfo.java:updateAndGet(143)) - 4f5f07a4-dfbb-4d4d-bd25-a7068a706aed: start FollowerState
2019-10-02 11:24:47,690 [pool-413-thread-1] INFO  util.JmxRegister (JmxRegister.java:tryRegister(44)) - Successfully registered JMX Bean with object name Ratis:service=RaftServer,group=group-FF8689987D1F,id=4f5f07a4-dfbb-4d4d-bd25-a7068a706aed
2019-10-02 11:24:47,694 [RatisPipelineUtilsThread] INFO  pipeline.PipelineStateManager (PipelineStateManager.java:addPipeline(56)) - Created pipeline Pipeline[ Id: 4de814e0-00c8-40ec-9b5e-ff8689987d1f, Nodes: 4f5f07a4-dfbb-4d4d-bd25-a7068a706aed{ip: 192.168.164.220, host: pr-hdds-2225-rpdbg-2298847827, networkLocation: /default-rack, certSerialId: null}, Type:RATIS, Factor:ONE, State:OPEN]
2019-10-02 11:24:47,701 [grpc-default-executor-6] INFO  impl.RaftServerProxy (RaftServerProxy.java:addNew(89)) - ba84d143-80a7-4a6e-9989-1b714b1d4cb3: addNew group-E870796D0E38:[ba84d143-80a7-4a6e-9989-1b714b1d4cb3:192.168.164.220:33733] returns group-E870796D0E38:java.util.concurrent.CompletableFuture@422603ce[Not completed]
2019-10-02 11:24:47,702 [pool-433-thread-1] INFO  impl.RaftServerImpl (RaftServerImpl.java:<init>(95)) - ba84d143-80a7-4a6e-9989-1b714b1d4cb3: new RaftServerImpl for group-E870796D0E38:[ba84d143-80a7-4a6e-9989-1b714b1d4cb3:192.168.164.220:33733] with ContainerStateMachine:uninitialized
2019-10-02 11:24:47,702 [pool-433-thread-1] INFO  server.RaftServerConfigKeys (ConfUtils.java:logGet(43)) - raft.server.rpc.timeout.min = 5s (custom)
2019-10-02 11:24:47,702 [pool-433-thread-1] INFO  server.RaftServerConfigKeys (ConfUtils.java:logGet(43)) - raft.server.rpc.timeout.max = 5200ms (custom)
2019-10-02 11:24:47,702 [pool-433-thread-1] INFO  server.RaftServerConfigKeys (ConfUtils.java:logGet(43)) - raft.server.rpcslowness.timeout = 120s (custom)
2019-10-02 11:24:47,702 [pool-433-thread-1] INFO  server.RaftServerConfigKeys (ConfUtils.java:logGet(43)) - raft.server.sleep.deviation.threshold = 300 (default)
2019-10-02 11:24:47,703 [pool-433-thread-1] INFO  server.RaftServerConfigKeys (ConfUtils.java:logGet(43)) - raft.server.log.appender.install.snapshot.enabled = false (custom)
2019-10-02 11:24:47,703 [pool-433-thread-1] INFO  impl.RaftServerImpl (ServerState.java:<init>(103)) - ba84d143-80a7-4a6e-9989-1b714b1d4cb3@group-E870796D0E38: ConfigurationManager, init=-1: [ba84d143-80a7-4a6e-9989-1b714b1d4cb3:192.168.164.220:33733], old=null, confs=<EMPTY_MAP>
2019-10-02 11:24:47,703 [pool-433-thread-1] INFO  server.RaftServerConfigKeys (ConfUtils.java:logGet(43)) - raft.server.storage.dir = [/workdir/hadoop-ozone/integration-test/target/test-dir/MiniOzoneClusterImpl-2207a384-d7b7-413f-9b4f-dc9f65a772d6/datanode-5/data/ratis] (custom)
2019-10-02 11:24:47,703 [pool-433-thread-1] INFO  server.RaftServerConfigKeys (ConfUtils.java:logGet(43)) - raft.server.log.corruption.policy = EXCEPTION (default)
2019-10-02 11:24:47,703 [pool-433-thread-1] INFO  storage.RaftStorageDirectory (RaftStorageDirectory.java:analyzeStorage(246)) - The storage directory /workdir/hadoop-ozone/integration-test/target/test-dir/MiniOzoneClusterImpl-2207a384-d7b7-413f-9b4f-dc9f65a772d6/datanode-5/data/ratis/1009683d-be1c-4878-987a-e870796d0e38 does not exist. Creating ...
2019-10-02 11:24:47,716 [pool-433-thread-1] INFO  storage.RaftStorageDirectory (RaftStorageDirectory.java:tryLock(328)) - Lock on /workdir/hadoop-ozone/integration-test/target/test-dir/MiniOzoneClusterImpl-2207a384-d7b7-413f-9b4f-dc9f65a772d6/datanode-5/data/ratis/1009683d-be1c-4878-987a-e870796d0e38/in_use.lock acquired by nodename 16686@pr-hdds-2225-rpdbg-2298847827
2019-10-02 11:24:47,728 [pool-433-thread-1] INFO  storage.RaftStorage (RaftStorage.java:format(84)) - Storage directory /workdir/hadoop-ozone/integration-test/target/test-dir/MiniOzoneClusterImpl-2207a384-d7b7-413f-9b4f-dc9f65a772d6/datanode-5/data/ratis/1009683d-be1c-4878-987a-e870796d0e38 has been successfully formatted.
2019-10-02 11:24:47,729 [pool-433-thread-1] INFO  ratis.ContainerStateMachine (ContainerStateMachine.java:loadSnapshot(230)) - group-E870796D0E38: The snapshot info is null. Setting the last applied indexto:(t:0, i:~)
2019-10-02 11:24:47,729 [pool-433-thread-1] INFO  server.RaftServerConfigKeys (ConfUtils.java:logGet(43)) - raft.server.notification.no-leader.timeout = 120s (custom)
2019-10-02 11:24:47,729 [pool-433-thread-1] INFO  server.RaftServerConfigKeys (ConfUtils.java:logGet(43)) - raft.server.log.use.memory = false (default)
2019-10-02 11:24:47,729 [pool-433-thread-1] INFO  server.RaftServerConfigKeys (ConfUtils.java:logGet(43)) - raft.server.log.purge.gap = 1000000 (custom)
2019-10-02 11:24:47,729 [pool-433-thread-1] INFO  server.RaftServerConfigKeys (ConfUtils.java:logGet(43)) - raft.server.log.appender.buffer.byte-limit = 33554432 (custom)
2019-10-02 11:24:47,729 [pool-433-thread-1] INFO  server.RaftServerConfigKeys (ConfUtils.java:logGet(43)) - raft.server.log.segment.size.max = 1048576 (custom)
2019-10-02 11:24:47,730 [main] INFO  ozone.MiniOzoneClusterImpl (MiniOzoneClusterImpl.java:lambda$waitForClusterToBeReady$0(147)) - Waiting for cluster to be ready. Got 6 of 7 DN Heartbeats.
2019-10-02 11:24:47,731 [IPC Server handler 4 on 42374] INFO  net.NetworkTopology (NetworkTopologyImpl.java:add(111)) - Added a new node: /default-rack/bdc7a2dc-2cb0-4f16-8d23-fae6103beb47
2019-10-02 11:24:47,731 [IPC Server handler 4 on 42374] INFO  node.SCMNodeManager (SCMNodeManager.java:register(266)) - Registered Data node : bdc7a2dc-2cb0-4f16-8d23-fae6103beb47{ip: 192.168.164.220, host: pr-hdds-2225-rpdbg-2298847827, networkLocation: /default-rack, certSerialId: null}
2019-10-02 11:24:47,731 [pool-433-thread-1] INFO  server.RaftServerConfigKeys (ConfUtils.java:logGet(43)) - raft.server.log.segment.cache.num.max = 2 (custom)
2019-10-02 11:24:47,731 [pool-433-thread-1] INFO  segmented.SegmentedRaftLogWorker (SegmentedRaftLogWorker.java:<init>(173)) - new ba84d143-80a7-4a6e-9989-1b714b1d4cb3@group-E870796D0E38-SegmentedRaftLogWorker for RaftStorage:Storage Directory /workdir/hadoop-ozone/integration-test/target/test-dir/MiniOzoneClusterImpl-2207a384-d7b7-413f-9b4f-dc9f65a772d6/datanode-5/data/ratis/1009683d-be1c-4878-987a-e870796d0e38
2019-10-02 11:24:47,731 [pool-433-thread-1] INFO  server.RaftServerConfigKeys (ConfUtils.java:logGet(43)) - raft.server.log.queue.byte-limit = 2147483647 (custom)
2019-10-02 11:24:47,732 [pool-433-thread-1] INFO  server.RaftServerConfigKeys (ConfUtils.java:logGet(43)) - raft.server.log.queue.element-limit = 1024 (custom)
2019-10-02 11:24:47,732 [pool-433-thread-1] INFO  server.RaftServerConfigKeys (ConfUtils.java:logGet(43)) - raft.server.log.segment.size.max = 1048576 (custom)
2019-10-02 11:24:47,732 [pool-433-thread-1] INFO  server.RaftServerConfigKeys (ConfUtils.java:logGet(43)) - raft.server.log.preallocated.size = 16384 (custom)
2019-10-02 11:24:47,732 [pool-433-thread-1] INFO  server.RaftServerConfigKeys (ConfUtils.java:logGet(43)) - raft.server.log.write.buffer.size = 33554432 (custom)
2019-10-02 11:24:47,732 [pool-433-thread-1] INFO  server.RaftServerConfigKeys (ConfUtils.java:logGet(43)) - raft.server.log.force.sync.num = 128 (default)
2019-10-02 11:24:47,732 [pool-433-thread-1] INFO  server.RaftServerConfigKeys (ConfUtils.java:logGet(43)) - raft.server.log.statemachine.data.sync = true (default)
2019-10-02 11:24:47,732 [pool-433-thread-1] INFO  server.RaftServerConfigKeys (ConfUtils.java:logGet(43)) - raft.server.log.statemachine.data.sync.timeout = 10s (default)
2019-10-02 11:24:47,732 [pool-433-thread-1] INFO  server.RaftServerConfigKeys (ConfUtils.java:logGet(43)) - raft.server.log.statemachine.data.sync.timeout.retry = -1 (default)
2019-10-02 11:24:47,733 [pool-433-thread-1] INFO  server.RaftServerConfigKeys (ConfUtils.java:logGet(43)) - raft.server.log.statemachine.data.caching.enabled = true (custom)
2019-10-02 11:24:47,733 [pool-433-thread-1] INFO  segmented.SegmentedRaftLogWorker (SegmentedRaftLogWorker.java:lambda$new$0(128)) - ba84d143-80a7-4a6e-9989-1b714b1d4cb3@group-E870796D0E38-SegmentedRaftLogWorker: flushIndex: setUnconditionally 0 -> -1
2019-10-02 11:24:47,733 [pool-433-thread-1] INFO  server.RaftServerConfigKeys (ConfUtils.java:logGet(43)) - raft.server.snapshot.auto.trigger.enabled = true (custom)
2019-10-02 11:24:47,733 [pool-433-thread-1] INFO  server.RaftServerConfigKeys (ConfUtils.java:logGet(43)) - raft.server.snapshot.auto.trigger.threshold = 10000 (custom)
2019-10-02 11:24:47,734 [pool-433-thread-1] INFO  server.RaftServerConfigKeys (ConfUtils.java:logGet(43)) - raft.server.snapshot.retention.file.num = 5 (custom)
2019-10-02 11:24:47,734 [pool-433-thread-1] INFO  server.RaftServerConfigKeys (ConfUtils.java:logGet(43)) - raft.server.retrycache.expirytime = 600000ms (custom)
2019-10-02 11:24:47,735 [pool-433-thread-1] INFO  impl.RaftServerImpl (RaftServerImpl.java:start(181)) - ba84d143-80a7-4a6e-9989-1b714b1d4cb3@group-E870796D0E38: start as a follower, conf=-1: [ba84d143-80a7-4a6e-9989-1b714b1d4cb3:192.168.164.220:33733], old=null
2019-10-02 11:24:47,735 [pool-433-thread-1] INFO  impl.RaftServerImpl (RaftServerImpl.java:setRole(170)) - ba84d143-80a7-4a6e-9989-1b714b1d4cb3@group-E870796D0E38: changes role from      null to FOLLOWER at term 0 for startAsFollower
2019-10-02 11:24:47,736 [pool-433-thread-1] INFO  impl.RoleInfo (RoleInfo.java:updateAndGet(143)) - ba84d143-80a7-4a6e-9989-1b714b1d4cb3: start FollowerState
2019-10-02 11:24:47,736 [pool-433-thread-1] INFO  util.JmxRegister (JmxRegister.java:tryRegister(44)) - Successfully registered JMX Bean with object name Ratis:service=RaftServer,group=group-E870796D0E38,id=ba84d143-80a7-4a6e-9989-1b714b1d4cb3
2019-10-02 11:24:47,739 [RatisPipelineUtilsThread] INFO  pipeline.PipelineStateManager (PipelineStateManager.java:addPipeline(56)) - Created pipeline Pipeline[ Id: 1009683d-be1c-4878-987a-e870796d0e38, Nodes: ba84d143-80a7-4a6e-9989-1b714b1d4cb3{ip: 192.168.164.220, host: pr-hdds-2225-rpdbg-2298847827, networkLocation: /default-rack, certSerialId: null}, Type:RATIS, Factor:ONE, State:OPEN]
2019-10-02 11:24:47,745 [grpc-default-executor-6] INFO  impl.RaftServerProxy (RaftServerProxy.java:addNew(89)) - bdc7a2dc-2cb0-4f16-8d23-fae6103beb47: addNew group-4C96B92CD02A:[bdc7a2dc-2cb0-4f16-8d23-fae6103beb47:192.168.164.220:38222] returns group-4C96B92CD02A:java.util.concurrent.CompletableFuture@64d5212e[Not completed]
2019-10-02 11:24:47,745 [pool-443-thread-1] INFO  impl.RaftServerImpl (RaftServerImpl.java:<init>(95)) - bdc7a2dc-2cb0-4f16-8d23-fae6103beb47: new RaftServerImpl for group-4C96B92CD02A:[bdc7a2dc-2cb0-4f16-8d23-fae6103beb47:192.168.164.220:38222] with ContainerStateMachine:uninitialized
2019-10-02 11:24:47,746 [pool-443-thread-1] INFO  server.RaftServerConfigKeys (ConfUtils.java:logGet(43)) - raft.server.rpc.timeout.min = 5s (custom)
2019-10-02 11:24:47,746 [pool-443-thread-1] INFO  server.RaftServerConfigKeys (ConfUtils.java:logGet(43)) - raft.server.rpc.timeout.max = 5200ms (custom)
2019-10-02 11:24:47,746 [pool-443-thread-1] INFO  server.RaftServerConfigKeys (ConfUtils.java:logGet(43)) - raft.server.rpcslowness.timeout = 120s (custom)
2019-10-02 11:24:47,746 [pool-443-thread-1] INFO  server.RaftServerConfigKeys (ConfUtils.java:logGet(43)) - raft.server.sleep.deviation.threshold = 300 (default)
2019-10-02 11:24:47,746 [pool-443-thread-1] INFO  server.RaftServerConfigKeys (ConfUtils.java:logGet(43)) - raft.server.log.appender.install.snapshot.enabled = false (custom)
2019-10-02 11:24:47,746 [pool-443-thread-1] INFO  impl.RaftServerImpl (ServerState.java:<init>(103)) - bdc7a2dc-2cb0-4f16-8d23-fae6103beb47@group-4C96B92CD02A: ConfigurationManager, init=-1: [bdc7a2dc-2cb0-4f16-8d23-fae6103beb47:192.168.164.220:38222], old=null, confs=<EMPTY_MAP>
2019-10-02 11:24:47,746 [pool-443-thread-1] INFO  server.RaftServerConfigKeys (ConfUtils.java:logGet(43)) - raft.server.storage.dir = [/workdir/hadoop-ozone/integration-test/target/test-dir/MiniOzoneClusterImpl-2207a384-d7b7-413f-9b4f-dc9f65a772d6/datanode-6/data/ratis] (custom)
2019-10-02 11:24:47,746 [pool-443-thread-1] INFO  server.RaftServerConfigKeys (ConfUtils.java:logGet(43)) - raft.server.log.corruption.policy = EXCEPTION (default)
2019-10-02 11:24:47,746 [pool-443-thread-1] INFO  storage.RaftStorageDirectory (RaftStorageDirectory.java:analyzeStorage(246)) - The storage directory /workdir/hadoop-ozone/integration-test/target/test-dir/MiniOzoneClusterImpl-2207a384-d7b7-413f-9b4f-dc9f65a772d6/datanode-6/data/ratis/6e959fc4-ae3d-4e8e-8b81-4c96b92cd02a does not exist. Creating ...
2019-10-02 11:24:47,759 [pool-443-thread-1] INFO  storage.RaftStorageDirectory (RaftStorageDirectory.java:tryLock(328)) - Lock on /workdir/hadoop-ozone/integration-test/target/test-dir/MiniOzoneClusterImpl-2207a384-d7b7-413f-9b4f-dc9f65a772d6/datanode-6/data/ratis/6e959fc4-ae3d-4e8e-8b81-4c96b92cd02a/in_use.lock acquired by nodename 16686@pr-hdds-2225-rpdbg-2298847827
2019-10-02 11:24:47,772 [pool-443-thread-1] INFO  storage.RaftStorage (RaftStorage.java:format(84)) - Storage directory /workdir/hadoop-ozone/integration-test/target/test-dir/MiniOzoneClusterImpl-2207a384-d7b7-413f-9b4f-dc9f65a772d6/datanode-6/data/ratis/6e959fc4-ae3d-4e8e-8b81-4c96b92cd02a has been successfully formatted.
2019-10-02 11:24:47,773 [pool-443-thread-1] INFO  ratis.ContainerStateMachine (ContainerStateMachine.java:loadSnapshot(230)) - group-4C96B92CD02A: The snapshot info is null. Setting the last applied indexto:(t:0, i:~)
2019-10-02 11:24:47,773 [pool-443-thread-1] INFO  server.RaftServerConfigKeys (ConfUtils.java:logGet(43)) - raft.server.notification.no-leader.timeout = 120s (custom)
2019-10-02 11:24:47,773 [pool-443-thread-1] INFO  server.RaftServerConfigKeys (ConfUtils.java:logGet(43)) - raft.server.log.use.memory = false (default)
2019-10-02 11:24:47,773 [pool-443-thread-1] INFO  server.RaftServerConfigKeys (ConfUtils.java:logGet(43)) - raft.server.log.purge.gap = 1000000 (custom)
2019-10-02 11:24:47,773 [pool-443-thread-1] INFO  server.RaftServerConfigKeys (ConfUtils.java:logGet(43)) - raft.server.log.appender.buffer.byte-limit = 33554432 (custom)
2019-10-02 11:24:47,773 [pool-443-thread-1] INFO  server.RaftServerConfigKeys (ConfUtils.java:logGet(43)) - raft.server.log.segment.size.max = 1048576 (custom)
2019-10-02 11:24:47,775 [pool-443-thread-1] INFO  server.RaftServerConfigKeys (ConfUtils.java:logGet(43)) - raft.server.log.segment.cache.num.max = 2 (custom)
2019-10-02 11:24:47,775 [pool-443-thread-1] INFO  segmented.SegmentedRaftLogWorker (SegmentedRaftLogWorker.java:<init>(173)) - new bdc7a2dc-2cb0-4f16-8d23-fae6103beb47@group-4C96B92CD02A-SegmentedRaftLogWorker for RaftStorage:Storage Directory /workdir/hadoop-ozone/integration-test/target/test-dir/MiniOzoneClusterImpl-2207a384-d7b7-413f-9b4f-dc9f65a772d6/datanode-6/data/ratis/6e959fc4-ae3d-4e8e-8b81-4c96b92cd02a
2019-10-02 11:24:47,775 [pool-443-thread-1] INFO  server.RaftServerConfigKeys (ConfUtils.java:logGet(43)) - raft.server.log.queue.byte-limit = 2147483647 (custom)
2019-10-02 11:24:47,775 [pool-443-thread-1] INFO  server.RaftServerConfigKeys (ConfUtils.java:logGet(43)) - raft.server.log.queue.element-limit = 1024 (custom)
2019-10-02 11:24:47,776 [pool-443-thread-1] INFO  server.RaftServerConfigKeys (ConfUtils.java:logGet(43)) - raft.server.log.segment.size.max = 1048576 (custom)
2019-10-02 11:24:47,776 [pool-443-thread-1] INFO  server.RaftServerConfigKeys (ConfUtils.java:logGet(43)) - raft.server.log.preallocated.size = 16384 (custom)
2019-10-02 11:24:47,776 [pool-443-thread-1] INFO  server.RaftServerConfigKeys (ConfUtils.java:logGet(43)) - raft.server.log.write.buffer.size = 33554432 (custom)
2019-10-02 11:24:47,776 [pool-443-thread-1] INFO  server.RaftServerConfigKeys (ConfUtils.java:logGet(43)) - raft.server.log.force.sync.num = 128 (default)
2019-10-02 11:24:47,776 [pool-443-thread-1] INFO  server.RaftServerConfigKeys (ConfUtils.java:logGet(43)) - raft.server.log.statemachine.data.sync = true (default)
2019-10-02 11:24:47,776 [pool-443-thread-1] INFO  server.RaftServerConfigKeys (ConfUtils.java:logGet(43)) - raft.server.log.statemachine.data.sync.timeout = 10s (default)
2019-10-02 11:24:47,776 [pool-443-thread-1] INFO  server.RaftServerConfigKeys (ConfUtils.java:logGet(43)) - raft.server.log.statemachine.data.sync.timeout.retry = -1 (default)
2019-10-02 11:24:47,777 [pool-443-thread-1] INFO  server.RaftServerConfigKeys (ConfUtils.java:logGet(43)) - raft.server.log.statemachine.data.caching.enabled = true (custom)
2019-10-02 11:24:47,777 [pool-443-thread-1] INFO  segmented.SegmentedRaftLogWorker (SegmentedRaftLogWorker.java:lambda$new$0(128)) - bdc7a2dc-2cb0-4f16-8d23-fae6103beb47@group-4C96B92CD02A-SegmentedRaftLogWorker: flushIndex: setUnconditionally 0 -> -1
2019-10-02 11:24:47,777 [pool-443-thread-1] INFO  server.RaftServerConfigKeys (ConfUtils.java:logGet(43)) - raft.server.snapshot.auto.trigger.enabled = true (custom)
2019-10-02 11:24:47,777 [pool-443-thread-1] INFO  server.RaftServerConfigKeys (ConfUtils.java:logGet(43)) - raft.server.snapshot.auto.trigger.threshold = 10000 (custom)
2019-10-02 11:24:47,778 [pool-443-thread-1] INFO  server.RaftServerConfigKeys (ConfUtils.java:logGet(43)) - raft.server.snapshot.retention.file.num = 5 (custom)
2019-10-02 11:24:47,778 [pool-443-thread-1] INFO  server.RaftServerConfigKeys (ConfUtils.java:logGet(43)) - raft.server.retrycache.expirytime = 600000ms (custom)
2019-10-02 11:24:47,779 [pool-443-thread-1] INFO  impl.RaftServerImpl (RaftServerImpl.java:start(181)) - bdc7a2dc-2cb0-4f16-8d23-fae6103beb47@group-4C96B92CD02A: start as a follower, conf=-1: [bdc7a2dc-2cb0-4f16-8d23-fae6103beb47:192.168.164.220:38222], old=null
2019-10-02 11:24:47,779 [pool-443-thread-1] INFO  impl.RaftServerImpl (RaftServerImpl.java:setRole(170)) - bdc7a2dc-2cb0-4f16-8d23-fae6103beb47@group-4C96B92CD02A: changes role from      null to FOLLOWER at term 0 for startAsFollower
2019-10-02 11:24:47,780 [pool-443-thread-1] INFO  impl.RoleInfo (RoleInfo.java:updateAndGet(143)) - bdc7a2dc-2cb0-4f16-8d23-fae6103beb47: start FollowerState
2019-10-02 11:24:47,780 [pool-443-thread-1] INFO  util.JmxRegister (JmxRegister.java:tryRegister(44)) - Successfully registered JMX Bean with object name Ratis:service=RaftServer,group=group-4C96B92CD02A,id=bdc7a2dc-2cb0-4f16-8d23-fae6103beb47
2019-10-02 11:24:47,784 [RatisPipelineUtilsThread] INFO  pipeline.PipelineStateManager (PipelineStateManager.java:addPipeline(56)) - Created pipeline Pipeline[ Id: 6e959fc4-ae3d-4e8e-8b81-4c96b92cd02a, Nodes: bdc7a2dc-2cb0-4f16-8d23-fae6103beb47{ip: 192.168.164.220, host: pr-hdds-2225-rpdbg-2298847827, networkLocation: /default-rack, certSerialId: null}, Type:RATIS, Factor:ONE, State:OPEN]
2019-10-02 11:24:47,810 [grpc-default-executor-7] INFO  impl.RaftServerProxy (RaftServerProxy.java:addNew(89)) - 2096c275-a02b-488c-937e-6bf2624e46a6: addNew group-8C4C768DEEBB:[4f5f07a4-dfbb-4d4d-bd25-a7068a706aed:192.168.164.220:41036, 2096c275-a02b-488c-937e-6bf2624e46a6:192.168.164.220:43421, bdc7a2dc-2cb0-4f16-8d23-fae6103beb47:192.168.164.220:38222] returns group-8C4C768DEEBB:java.util.concurrent.CompletableFuture@45d7f458[Not completed]
2019-10-02 11:24:47,810 [grpc-default-executor-6] INFO  impl.RaftServerProxy (RaftServerProxy.java:addNew(89)) - 4f5f07a4-dfbb-4d4d-bd25-a7068a706aed: addNew group-8C4C768DEEBB:[4f5f07a4-dfbb-4d4d-bd25-a7068a706aed:192.168.164.220:41036, 2096c275-a02b-488c-937e-6bf2624e46a6:192.168.164.220:43421, bdc7a2dc-2cb0-4f16-8d23-fae6103beb47:192.168.164.220:38222] returns group-8C4C768DEEBB:java.util.concurrent.CompletableFuture@63a0af5d[Not completed]
2019-10-02 11:24:47,810 [grpc-default-executor-3] INFO  impl.RaftServerProxy (RaftServerProxy.java:addNew(89)) - bdc7a2dc-2cb0-4f16-8d23-fae6103beb47: addNew group-8C4C768DEEBB:[4f5f07a4-dfbb-4d4d-bd25-a7068a706aed:192.168.164.220:41036, 2096c275-a02b-488c-937e-6bf2624e46a6:192.168.164.220:43421, bdc7a2dc-2cb0-4f16-8d23-fae6103beb47:192.168.164.220:38222] returns group-8C4C768DEEBB:java.util.concurrent.CompletableFuture@76fbc359[Not completed]
2019-10-02 11:24:47,811 [pool-423-thread-1] INFO  impl.RaftServerImpl (RaftServerImpl.java:<init>(95)) - 2096c275-a02b-488c-937e-6bf2624e46a6: new RaftServerImpl for group-8C4C768DEEBB:[4f5f07a4-dfbb-4d4d-bd25-a7068a706aed:192.168.164.220:41036, 2096c275-a02b-488c-937e-6bf2624e46a6:192.168.164.220:43421, bdc7a2dc-2cb0-4f16-8d23-fae6103beb47:192.168.164.220:38222] with ContainerStateMachine:uninitialized
2019-10-02 11:24:47,811 [pool-423-thread-1] INFO  server.RaftServerConfigKeys (ConfUtils.java:logGet(43)) - raft.server.rpc.timeout.min = 5s (custom)
2019-10-02 11:24:47,811 [pool-423-thread-1] INFO  server.RaftServerConfigKeys (ConfUtils.java:logGet(43)) - raft.server.rpc.timeout.max = 5200ms (custom)
2019-10-02 11:24:47,811 [pool-423-thread-1] INFO  server.RaftServerConfigKeys (ConfUtils.java:logGet(43)) - raft.server.rpcslowness.timeout = 120s (custom)
2019-10-02 11:24:47,811 [pool-423-thread-1] INFO  server.RaftServerConfigKeys (ConfUtils.java:logGet(43)) - raft.server.sleep.deviation.threshold = 300 (default)
2019-10-02 11:24:47,811 [pool-423-thread-1] INFO  server.RaftServerConfigKeys (ConfUtils.java:logGet(43)) - raft.server.log.appender.install.snapshot.enabled = false (custom)
2019-10-02 11:24:47,811 [pool-413-thread-1] INFO  impl.RaftServerImpl (RaftServerImpl.java:<init>(95)) - 4f5f07a4-dfbb-4d4d-bd25-a7068a706aed: new RaftServerImpl for group-8C4C768DEEBB:[4f5f07a4-dfbb-4d4d-bd25-a7068a706aed:192.168.164.220:41036, 2096c275-a02b-488c-937e-6bf2624e46a6:192.168.164.220:43421, bdc7a2dc-2cb0-4f16-8d23-fae6103beb47:192.168.164.220:38222] with ContainerStateMachine:uninitialized
2019-10-02 11:24:47,811 [pool-423-thread-1] INFO  impl.RaftServerImpl (ServerState.java:<init>(103)) - 2096c275-a02b-488c-937e-6bf2624e46a6@group-8C4C768DEEBB: ConfigurationManager, init=-1: [4f5f07a4-dfbb-4d4d-bd25-a7068a706aed:192.168.164.220:41036, 2096c275-a02b-488c-937e-6bf2624e46a6:192.168.164.220:43421, bdc7a2dc-2cb0-4f16-8d23-fae6103beb47:192.168.164.220:38222], old=null, confs=<EMPTY_MAP>
2019-10-02 11:24:47,812 [pool-413-thread-1] INFO  server.RaftServerConfigKeys (ConfUtils.java:logGet(43)) - raft.server.rpc.timeout.min = 5s (custom)
2019-10-02 11:24:47,812 [pool-443-thread-1] INFO  impl.RaftServerImpl (RaftServerImpl.java:<init>(95)) - bdc7a2dc-2cb0-4f16-8d23-fae6103beb47: new RaftServerImpl for group-8C4C768DEEBB:[4f5f07a4-dfbb-4d4d-bd25-a7068a706aed:192.168.164.220:41036, 2096c275-a02b-488c-937e-6bf2624e46a6:192.168.164.220:43421, bdc7a2dc-2cb0-4f16-8d23-fae6103beb47:192.168.164.220:38222] with ContainerStateMachine:uninitialized
2019-10-02 11:24:47,812 [pool-423-thread-1] INFO  server.RaftServerConfigKeys (ConfUtils.java:logGet(43)) - raft.server.storage.dir = [/workdir/hadoop-ozone/integration-test/target/test-dir/MiniOzoneClusterImpl-2207a384-d7b7-413f-9b4f-dc9f65a772d6/datanode-4/data/ratis] (custom)
2019-10-02 11:24:47,812 [pool-443-thread-1] INFO  server.RaftServerConfigKeys (ConfUtils.java:logGet(43)) - raft.server.rpc.timeout.min = 5s (custom)
2019-10-02 11:24:47,812 [pool-413-thread-1] INFO  server.RaftServerConfigKeys (ConfUtils.java:logGet(43)) - raft.server.rpc.timeout.max = 5200ms (custom)
2019-10-02 11:24:47,812 [pool-423-thread-1] INFO  server.RaftServerConfigKeys (ConfUtils.java:logGet(43)) - raft.server.log.corruption.policy = EXCEPTION (default)
2019-10-02 11:24:47,812 [pool-443-thread-1] INFO  server.RaftServerConfigKeys (ConfUtils.java:logGet(43)) - raft.server.rpc.timeout.max = 5200ms (custom)
2019-10-02 11:24:47,812 [pool-423-thread-1] INFO  storage.RaftStorageDirectory (RaftStorageDirectory.java:analyzeStorage(246)) - The storage directory /workdir/hadoop-ozone/integration-test/target/test-dir/MiniOzoneClusterImpl-2207a384-d7b7-413f-9b4f-dc9f65a772d6/datanode-4/data/ratis/0faaeffd-f38f-4e4c-880e-8c4c768deebb does not exist. Creating ...
2019-10-02 11:24:47,812 [pool-413-thread-1] INFO  server.RaftServerConfigKeys (ConfUtils.java:logGet(43)) - raft.server.rpcslowness.timeout = 120s (custom)
2019-10-02 11:24:47,812 [pool-443-thread-1] INFO  server.RaftServerConfigKeys (ConfUtils.java:logGet(43)) - raft.server.rpcslowness.timeout = 120s (custom)
2019-10-02 11:24:47,812 [pool-413-thread-1] INFO  server.RaftServerConfigKeys (ConfUtils.java:logGet(43)) - raft.server.sleep.deviation.threshold = 300 (default)
2019-10-02 11:24:47,813 [pool-443-thread-1] INFO  server.RaftServerConfigKeys (ConfUtils.java:logGet(43)) - raft.server.sleep.deviation.threshold = 300 (default)
2019-10-02 11:24:47,813 [pool-413-thread-1] INFO  server.RaftServerConfigKeys (ConfUtils.java:logGet(43)) - raft.server.log.appender.install.snapshot.enabled = false (custom)
2019-10-02 11:24:47,813 [pool-443-thread-1] INFO  server.RaftServerConfigKeys (ConfUtils.java:logGet(43)) - raft.server.log.appender.install.snapshot.enabled = false (custom)
2019-10-02 11:24:47,813 [pool-413-thread-1] INFO  impl.RaftServerImpl (ServerState.java:<init>(103)) - 4f5f07a4-dfbb-4d4d-bd25-a7068a706aed@group-8C4C768DEEBB: ConfigurationManager, init=-1: [4f5f07a4-dfbb-4d4d-bd25-a7068a706aed:192.168.164.220:41036, 2096c275-a02b-488c-937e-6bf2624e46a6:192.168.164.220:43421, bdc7a2dc-2cb0-4f16-8d23-fae6103beb47:192.168.164.220:38222], old=null, confs=<EMPTY_MAP>
2019-10-02 11:24:47,813 [pool-443-thread-1] INFO  impl.RaftServerImpl (ServerState.java:<init>(103)) - bdc7a2dc-2cb0-4f16-8d23-fae6103beb47@group-8C4C768DEEBB: ConfigurationManager, init=-1: [4f5f07a4-dfbb-4d4d-bd25-a7068a706aed:192.168.164.220:41036, 2096c275-a02b-488c-937e-6bf2624e46a6:192.168.164.220:43421, bdc7a2dc-2cb0-4f16-8d23-fae6103beb47:192.168.164.220:38222], old=null, confs=<EMPTY_MAP>
2019-10-02 11:24:47,813 [pool-413-thread-1] INFO  server.RaftServerConfigKeys (ConfUtils.java:logGet(43)) - raft.server.storage.dir = [/workdir/hadoop-ozone/integration-test/target/test-dir/MiniOzoneClusterImpl-2207a384-d7b7-413f-9b4f-dc9f65a772d6/datanode-3/data/ratis] (custom)
2019-10-02 11:24:47,813 [pool-443-thread-1] INFO  server.RaftServerConfigKeys (ConfUtils.java:logGet(43)) - raft.server.storage.dir = [/workdir/hadoop-ozone/integration-test/target/test-dir/MiniOzoneClusterImpl-2207a384-d7b7-413f-9b4f-dc9f65a772d6/datanode-6/data/ratis] (custom)
2019-10-02 11:24:47,813 [pool-413-thread-1] INFO  server.RaftServerConfigKeys (ConfUtils.java:logGet(43)) - raft.server.log.corruption.policy = EXCEPTION (default)
2019-10-02 11:24:47,813 [pool-443-thread-1] INFO  server.RaftServerConfigKeys (ConfUtils.java:logGet(43)) - raft.server.log.corruption.policy = EXCEPTION (default)
2019-10-02 11:24:47,813 [pool-413-thread-1] INFO  storage.RaftStorageDirectory (RaftStorageDirectory.java:analyzeStorage(246)) - The storage directory /workdir/hadoop-ozone/integration-test/target/test-dir/MiniOzoneClusterImpl-2207a384-d7b7-413f-9b4f-dc9f65a772d6/datanode-3/data/ratis/0faaeffd-f38f-4e4c-880e-8c4c768deebb does not exist. Creating ...
2019-10-02 11:24:47,814 [pool-443-thread-1] INFO  storage.RaftStorageDirectory (RaftStorageDirectory.java:analyzeStorage(246)) - The storage directory /workdir/hadoop-ozone/integration-test/target/test-dir/MiniOzoneClusterImpl-2207a384-d7b7-413f-9b4f-dc9f65a772d6/datanode-6/data/ratis/0faaeffd-f38f-4e4c-880e-8c4c768deebb does not exist. Creating ...
2019-10-02 11:24:47,836 [pool-423-thread-1] INFO  storage.RaftStorageDirectory (RaftStorageDirectory.java:tryLock(328)) - Lock on /workdir/hadoop-ozone/integration-test/target/test-dir/MiniOzoneClusterImpl-2207a384-d7b7-413f-9b4f-dc9f65a772d6/datanode-4/data/ratis/0faaeffd-f38f-4e4c-880e-8c4c768deebb/in_use.lock acquired by nodename 16686@pr-hdds-2225-rpdbg-2298847827
2019-10-02 11:24:47,836 [pool-413-thread-1] INFO  storage.RaftStorageDirectory (RaftStorageDirectory.java:tryLock(328)) - Lock on /workdir/hadoop-ozone/integration-test/target/test-dir/MiniOzoneClusterImpl-2207a384-d7b7-413f-9b4f-dc9f65a772d6/datanode-3/data/ratis/0faaeffd-f38f-4e4c-880e-8c4c768deebb/in_use.lock acquired by nodename 16686@pr-hdds-2225-rpdbg-2298847827
2019-10-02 11:24:47,836 [pool-443-thread-1] INFO  storage.RaftStorageDirectory (RaftStorageDirectory.java:tryLock(328)) - Lock on /workdir/hadoop-ozone/integration-test/target/test-dir/MiniOzoneClusterImpl-2207a384-d7b7-413f-9b4f-dc9f65a772d6/datanode-6/data/ratis/0faaeffd-f38f-4e4c-880e-8c4c768deebb/in_use.lock acquired by nodename 16686@pr-hdds-2225-rpdbg-2298847827
2019-10-02 11:24:47,850 [pool-443-thread-1] INFO  storage.RaftStorage (RaftStorage.java:format(84)) - Storage directory /workdir/hadoop-ozone/integration-test/target/test-dir/MiniOzoneClusterImpl-2207a384-d7b7-413f-9b4f-dc9f65a772d6/datanode-6/data/ratis/0faaeffd-f38f-4e4c-880e-8c4c768deebb has been successfully formatted.
2019-10-02 11:24:47,850 [pool-413-thread-1] INFO  storage.RaftStorage (RaftStorage.java:format(84)) - Storage directory /workdir/hadoop-ozone/integration-test/target/test-dir/MiniOzoneClusterImpl-2207a384-d7b7-413f-9b4f-dc9f65a772d6/datanode-3/data/ratis/0faaeffd-f38f-4e4c-880e-8c4c768deebb has been successfully formatted.
2019-10-02 11:24:47,850 [pool-423-thread-1] INFO  storage.RaftStorage (RaftStorage.java:format(84)) - Storage directory /workdir/hadoop-ozone/integration-test/target/test-dir/MiniOzoneClusterImpl-2207a384-d7b7-413f-9b4f-dc9f65a772d6/datanode-4/data/ratis/0faaeffd-f38f-4e4c-880e-8c4c768deebb has been successfully formatted.
2019-10-02 11:24:47,850 [pool-443-thread-1] INFO  ratis.ContainerStateMachine (ContainerStateMachine.java:loadSnapshot(230)) - group-8C4C768DEEBB: The snapshot info is null. Setting the last applied indexto:(t:0, i:~)
2019-10-02 11:24:47,850 [pool-423-thread-1] INFO  ratis.ContainerStateMachine (ContainerStateMachine.java:loadSnapshot(230)) - group-8C4C768DEEBB: The snapshot info is null. Setting the last applied indexto:(t:0, i:~)
2019-10-02 11:24:47,850 [pool-413-thread-1] INFO  ratis.ContainerStateMachine (ContainerStateMachine.java:loadSnapshot(230)) - group-8C4C768DEEBB: The snapshot info is null. Setting the last applied indexto:(t:0, i:~)
2019-10-02 11:24:47,850 [pool-423-thread-1] INFO  server.RaftServerConfigKeys (ConfUtils.java:logGet(43)) - raft.server.notification.no-leader.timeout = 120s (custom)
2019-10-02 11:24:47,850 [pool-443-thread-1] INFO  server.RaftServerConfigKeys (ConfUtils.java:logGet(43)) - raft.server.notification.no-leader.timeout = 120s (custom)
2019-10-02 11:24:47,850 [pool-423-thread-1] INFO  server.RaftServerConfigKeys (ConfUtils.java:logGet(43)) - raft.server.log.use.memory = false (default)
2019-10-02 11:24:47,850 [pool-413-thread-1] INFO  server.RaftServerConfigKeys (ConfUtils.java:logGet(43)) - raft.server.notification.no-leader.timeout = 120s (custom)
2019-10-02 11:24:47,851 [pool-423-thread-1] INFO  server.RaftServerConfigKeys (ConfUtils.java:logGet(43)) - raft.server.log.purge.gap = 1000000 (custom)
2019-10-02 11:24:47,851 [pool-443-thread-1] INFO  server.RaftServerConfigKeys (ConfUtils.java:logGet(43)) - raft.server.log.use.memory = false (default)
2019-10-02 11:24:47,851 [pool-423-thread-1] INFO  server.RaftServerConfigKeys (ConfUtils.java:logGet(43)) - raft.server.log.appender.buffer.byte-limit = 33554432 (custom)
2019-10-02 11:24:47,851 [pool-413-thread-1] INFO  server.RaftServerConfigKeys (ConfUtils.java:logGet(43)) - raft.server.log.use.memory = false (default)
2019-10-02 11:24:47,851 [pool-423-thread-1] INFO  server.RaftServerConfigKeys (ConfUtils.java:logGet(43)) - raft.server.log.segment.size.max = 1048576 (custom)
2019-10-02 11:24:47,851 [pool-443-thread-1] INFO  server.RaftServerConfigKeys (ConfUtils.java:logGet(43)) - raft.server.log.purge.gap = 1000000 (custom)
2019-10-02 11:24:47,851 [pool-423-thread-1] INFO  server.RaftServerConfigKeys (ConfUtils.java:logGet(43)) - raft.server.log.segment.cache.num.max = 2 (custom)
2019-10-02 11:24:47,851 [pool-413-thread-1] INFO  server.RaftServerConfigKeys (ConfUtils.java:logGet(43)) - raft.server.log.purge.gap = 1000000 (custom)
2019-10-02 11:24:47,851 [pool-423-thread-1] INFO  segmented.SegmentedRaftLogWorker (SegmentedRaftLogWorker.java:<init>(173)) - new 2096c275-a02b-488c-937e-6bf2624e46a6@group-8C4C768DEEBB-SegmentedRaftLogWorker for RaftStorage:Storage Directory /workdir/hadoop-ozone/integration-test/target/test-dir/MiniOzoneClusterImpl-2207a384-d7b7-413f-9b4f-dc9f65a772d6/datanode-4/data/ratis/0faaeffd-f38f-4e4c-880e-8c4c768deebb
2019-10-02 11:24:47,851 [pool-443-thread-1] INFO  server.RaftServerConfigKeys (ConfUtils.java:logGet(43)) - raft.server.log.appender.buffer.byte-limit = 33554432 (custom)
2019-10-02 11:24:47,851 [pool-423-thread-1] INFO  server.RaftServerConfigKeys (ConfUtils.java:logGet(43)) - raft.server.log.queue.byte-limit = 2147483647 (custom)
2019-10-02 11:24:47,851 [pool-413-thread-1] INFO  server.RaftServerConfigKeys (ConfUtils.java:logGet(43)) - raft.server.log.appender.buffer.byte-limit = 33554432 (custom)
2019-10-02 11:24:47,852 [pool-423-thread-1] INFO  server.RaftServerConfigKeys (ConfUtils.java:logGet(43)) - raft.server.log.queue.element-limit = 1024 (custom)
2019-10-02 11:24:47,851 [pool-443-thread-1] INFO  server.RaftServerConfigKeys (ConfUtils.java:logGet(43)) - raft.server.log.segment.size.max = 1048576 (custom)
2019-10-02 11:24:47,852 [pool-423-thread-1] INFO  server.RaftServerConfigKeys (ConfUtils.java:logGet(43)) - raft.server.log.segment.size.max = 1048576 (custom)
2019-10-02 11:24:47,852 [pool-413-thread-1] INFO  server.RaftServerConfigKeys (ConfUtils.java:logGet(43)) - raft.server.log.segment.size.max = 1048576 (custom)
2019-10-02 11:24:47,852 [pool-423-thread-1] INFO  server.RaftServerConfigKeys (ConfUtils.java:logGet(43)) - raft.server.log.preallocated.size = 16384 (custom)
2019-10-02 11:24:47,852 [pool-443-thread-1] INFO  server.RaftServerConfigKeys (ConfUtils.java:logGet(43)) - raft.server.log.segment.cache.num.max = 2 (custom)
2019-10-02 11:24:47,852 [pool-423-thread-1] INFO  server.RaftServerConfigKeys (ConfUtils.java:logGet(43)) - raft.server.log.write.buffer.size = 33554432 (custom)
2019-10-02 11:24:47,852 [pool-413-thread-1] INFO  server.RaftServerConfigKeys (ConfUtils.java:logGet(43)) - raft.server.log.segment.cache.num.max = 2 (custom)
2019-10-02 11:24:47,852 [pool-413-thread-1] INFO  segmented.SegmentedRaftLogWorker (SegmentedRaftLogWorker.java:<init>(173)) - new 4f5f07a4-dfbb-4d4d-bd25-a7068a706aed@group-8C4C768DEEBB-SegmentedRaftLogWorker for RaftStorage:Storage Directory /workdir/hadoop-ozone/integration-test/target/test-dir/MiniOzoneClusterImpl-2207a384-d7b7-413f-9b4f-dc9f65a772d6/datanode-3/data/ratis/0faaeffd-f38f-4e4c-880e-8c4c768deebb
2019-10-02 11:24:47,852 [pool-423-thread-1] INFO  server.RaftServerConfigKeys (ConfUtils.java:logGet(43)) - raft.server.log.force.sync.num = 128 (default)
2019-10-02 11:24:47,852 [pool-443-thread-1] INFO  segmented.SegmentedRaftLogWorker (SegmentedRaftLogWorker.java:<init>(173)) - new bdc7a2dc-2cb0-4f16-8d23-fae6103beb47@group-8C4C768DEEBB-SegmentedRaftLogWorker for RaftStorage:Storage Directory /workdir/hadoop-ozone/integration-test/target/test-dir/MiniOzoneClusterImpl-2207a384-d7b7-413f-9b4f-dc9f65a772d6/datanode-6/data/ratis/0faaeffd-f38f-4e4c-880e-8c4c768deebb
2019-10-02 11:24:47,853 [pool-423-thread-1] INFO  server.RaftServerConfigKeys (ConfUtils.java:logGet(43)) - raft.server.log.statemachine.data.sync = true (default)
2019-10-02 11:24:47,853 [pool-423-thread-1] INFO  server.RaftServerConfigKeys (ConfUtils.java:logGet(43)) - raft.server.log.statemachine.data.sync.timeout = 10s (default)
2019-10-02 11:24:47,852 [pool-413-thread-1] INFO  server.RaftServerConfigKeys (ConfUtils.java:logGet(43)) - raft.server.log.queue.byte-limit = 2147483647 (custom)
2019-10-02 11:24:47,853 [pool-423-thread-1] INFO  server.RaftServerConfigKeys (ConfUtils.java:logGet(43)) - raft.server.log.statemachine.data.sync.timeout.retry = -1 (default)
2019-10-02 11:24:47,853 [pool-443-thread-1] INFO  server.RaftServerConfigKeys (ConfUtils.java:logGet(43)) - raft.server.log.queue.byte-limit = 2147483647 (custom)
2019-10-02 11:24:47,853 [pool-423-thread-1] INFO  server.RaftServerConfigKeys (ConfUtils.java:logGet(43)) - raft.server.log.statemachine.data.caching.enabled = true (custom)
2019-10-02 11:24:47,853 [pool-413-thread-1] INFO  server.RaftServerConfigKeys (ConfUtils.java:logGet(43)) - raft.server.log.queue.element-limit = 1024 (custom)
2019-10-02 11:24:47,853 [pool-443-thread-1] INFO  server.RaftServerConfigKeys (ConfUtils.java:logGet(43)) - raft.server.log.queue.element-limit = 1024 (custom)
2019-10-02 11:24:47,853 [pool-423-thread-1] INFO  segmented.SegmentedRaftLogWorker (SegmentedRaftLogWorker.java:lambda$new$0(128)) - 2096c275-a02b-488c-937e-6bf2624e46a6@group-8C4C768DEEBB-SegmentedRaftLogWorker: flushIndex: setUnconditionally 0 -> -1
2019-10-02 11:24:47,853 [pool-413-thread-1] INFO  server.RaftServerConfigKeys (ConfUtils.java:logGet(43)) - raft.server.log.segment.size.max = 1048576 (custom)
2019-10-02 11:24:47,854 [pool-423-thread-1] INFO  server.RaftServerConfigKeys (ConfUtils.java:logGet(43)) - raft.server.snapshot.auto.trigger.enabled = true (custom)
2019-10-02 11:24:47,854 [pool-443-thread-1] INFO  server.RaftServerConfigKeys (ConfUtils.java:logGet(43)) - raft.server.log.segment.size.max = 1048576 (custom)
2019-10-02 11:24:47,854 [pool-423-thread-1] INFO  server.RaftServerConfigKeys (ConfUtils.java:logGet(43)) - raft.server.snapshot.auto.trigger.threshold = 10000 (custom)
2019-10-02 11:24:47,854 [pool-423-thread-1] INFO  server.RaftServerConfigKeys (ConfUtils.java:logGet(43)) - raft.server.snapshot.retention.file.num = 5 (custom)
2019-10-02 11:24:47,854 [pool-413-thread-1] INFO  server.RaftServerConfigKeys (ConfUtils.java:logGet(43)) - raft.server.log.preallocated.size = 16384 (custom)
2019-10-02 11:24:47,854 [pool-423-thread-1] INFO  server.RaftServerConfigKeys (ConfUtils.java:logGet(43)) - raft.server.retrycache.expirytime = 600000ms (custom)
2019-10-02 11:24:47,854 [pool-443-thread-1] INFO  server.RaftServerConfigKeys (ConfUtils.java:logGet(43)) - raft.server.log.preallocated.size = 16384 (custom)
2019-10-02 11:24:47,854 [pool-413-thread-1] INFO  server.RaftServerConfigKeys (ConfUtils.java:logGet(43)) - raft.server.log.write.buffer.size = 33554432 (custom)
2019-10-02 11:24:47,854 [pool-443-thread-1] INFO  server.RaftServerConfigKeys (ConfUtils.java:logGet(43)) - raft.server.log.write.buffer.size = 33554432 (custom)
2019-10-02 11:24:47,855 [pool-413-thread-1] INFO  server.RaftServerConfigKeys (ConfUtils.java:logGet(43)) - raft.server.log.force.sync.num = 128 (default)
2019-10-02 11:24:47,855 [pool-443-thread-1] INFO  server.RaftServerConfigKeys (ConfUtils.java:logGet(43)) - raft.server.log.force.sync.num = 128 (default)
2019-10-02 11:24:47,855 [pool-413-thread-1] INFO  server.RaftServerConfigKeys (ConfUtils.java:logGet(43)) - raft.server.log.statemachine.data.sync = true (default)
2019-10-02 11:24:47,855 [pool-443-thread-1] INFO  server.RaftServerConfigKeys (ConfUtils.java:logGet(43)) - raft.server.log.statemachine.data.sync = true (default)
2019-10-02 11:24:47,855 [pool-413-thread-1] INFO  server.RaftServerConfigKeys (ConfUtils.java:logGet(43)) - raft.server.log.statemachine.data.sync.timeout = 10s (default)
2019-10-02 11:24:47,855 [pool-443-thread-1] INFO  server.RaftServerConfigKeys (ConfUtils.java:logGet(43)) - raft.server.log.statemachine.data.sync.timeout = 10s (default)
2019-10-02 11:24:47,855 [pool-413-thread-1] INFO  server.RaftServerConfigKeys (ConfUtils.java:logGet(43)) - raft.server.log.statemachine.data.sync.timeout.retry = -1 (default)
2019-10-02 11:24:47,855 [pool-443-thread-1] INFO  server.RaftServerConfigKeys (ConfUtils.java:logGet(43)) - raft.server.log.statemachine.data.sync.timeout.retry = -1 (default)
2019-10-02 11:24:47,856 [pool-423-thread-1] INFO  impl.RaftServerImpl (RaftServerImpl.java:start(181)) - 2096c275-a02b-488c-937e-6bf2624e46a6@group-8C4C768DEEBB: start as a follower, conf=-1: [4f5f07a4-dfbb-4d4d-bd25-a7068a706aed:192.168.164.220:41036, 2096c275-a02b-488c-937e-6bf2624e46a6:192.168.164.220:43421, bdc7a2dc-2cb0-4f16-8d23-fae6103beb47:192.168.164.220:38222], old=null
2019-10-02 11:24:47,855 [pool-413-thread-1] INFO  server.RaftServerConfigKeys (ConfUtils.java:logGet(43)) - raft.server.log.statemachine.data.caching.enabled = true (custom)
2019-10-02 11:24:47,856 [pool-423-thread-1] INFO  impl.RaftServerImpl (RaftServerImpl.java:setRole(170)) - 2096c275-a02b-488c-937e-6bf2624e46a6@group-8C4C768DEEBB: changes role from      null to FOLLOWER at term 0 for startAsFollower
2019-10-02 11:24:47,856 [pool-443-thread-1] INFO  server.RaftServerConfigKeys (ConfUtils.java:logGet(43)) - raft.server.log.statemachine.data.caching.enabled = true (custom)
2019-10-02 11:24:47,856 [pool-413-thread-1] INFO  segmented.SegmentedRaftLogWorker (SegmentedRaftLogWorker.java:lambda$new$0(128)) - 4f5f07a4-dfbb-4d4d-bd25-a7068a706aed@group-8C4C768DEEBB-SegmentedRaftLogWorker: flushIndex: setUnconditionally 0 -> -1
2019-10-02 11:24:47,856 [pool-423-thread-1] INFO  impl.RoleInfo (RoleInfo.java:updateAndGet(143)) - 2096c275-a02b-488c-937e-6bf2624e46a6: start FollowerState
2019-10-02 11:24:47,856 [pool-443-thread-1] INFO  segmented.SegmentedRaftLogWorker (SegmentedRaftLogWorker.java:lambda$new$0(128)) - bdc7a2dc-2cb0-4f16-8d23-fae6103beb47@group-8C4C768DEEBB-SegmentedRaftLogWorker: flushIndex: setUnconditionally 0 -> -1
2019-10-02 11:24:47,856 [pool-413-thread-1] INFO  server.RaftServerConfigKeys (ConfUtils.java:logGet(43)) - raft.server.snapshot.auto.trigger.enabled = true (custom)
2019-10-02 11:24:47,856 [pool-423-thread-1] INFO  util.JmxRegister (JmxRegister.java:tryRegister(44)) - Successfully registered JMX Bean with object name Ratis:service=RaftServer,group=group-8C4C768DEEBB,id=2096c275-a02b-488c-937e-6bf2624e46a6
2019-10-02 11:24:47,857 [pool-443-thread-1] INFO  server.RaftServerConfigKeys (ConfUtils.java:logGet(43)) - raft.server.snapshot.auto.trigger.enabled = true (custom)
2019-10-02 11:24:47,857 [pool-413-thread-1] INFO  server.RaftServerConfigKeys (ConfUtils.java:logGet(43)) - raft.server.snapshot.auto.trigger.threshold = 10000 (custom)
2019-10-02 11:24:47,857 [pool-443-thread-1] INFO  server.RaftServerConfigKeys (ConfUtils.java:logGet(43)) - raft.server.snapshot.auto.trigger.threshold = 10000 (custom)
2019-10-02 11:24:47,857 [pool-413-thread-1] INFO  server.RaftServerConfigKeys (ConfUtils.java:logGet(43)) - raft.server.snapshot.retention.file.num = 5 (custom)
2019-10-02 11:24:47,857 [pool-443-thread-1] INFO  server.RaftServerConfigKeys (ConfUtils.java:logGet(43)) - raft.server.snapshot.retention.file.num = 5 (custom)
2019-10-02 11:24:47,857 [pool-413-thread-1] INFO  server.RaftServerConfigKeys (ConfUtils.java:logGet(43)) - raft.server.retrycache.expirytime = 600000ms (custom)
2019-10-02 11:24:47,857 [pool-443-thread-1] INFO  server.RaftServerConfigKeys (ConfUtils.java:logGet(43)) - raft.server.retrycache.expirytime = 600000ms (custom)
2019-10-02 11:24:47,860 [pool-413-thread-1] INFO  impl.RaftServerImpl (RaftServerImpl.java:start(181)) - 4f5f07a4-dfbb-4d4d-bd25-a7068a706aed@group-8C4C768DEEBB: start as a follower, conf=-1: [4f5f07a4-dfbb-4d4d-bd25-a7068a706aed:192.168.164.220:41036, 2096c275-a02b-488c-937e-6bf2624e46a6:192.168.164.220:43421, bdc7a2dc-2cb0-4f16-8d23-fae6103beb47:192.168.164.220:38222], old=null
2019-10-02 11:24:47,860 [pool-443-thread-1] INFO  impl.RaftServerImpl (RaftServerImpl.java:start(181)) - bdc7a2dc-2cb0-4f16-8d23-fae6103beb47@group-8C4C768DEEBB: start as a follower, conf=-1: [4f5f07a4-dfbb-4d4d-bd25-a7068a706aed:192.168.164.220:41036, 2096c275-a02b-488c-937e-6bf2624e46a6:192.168.164.220:43421, bdc7a2dc-2cb0-4f16-8d23-fae6103beb47:192.168.164.220:38222], old=null
2019-10-02 11:24:47,860 [pool-413-thread-1] INFO  impl.RaftServerImpl (RaftServerImpl.java:setRole(170)) - 4f5f07a4-dfbb-4d4d-bd25-a7068a706aed@group-8C4C768DEEBB: changes role from      null to FOLLOWER at term 0 for startAsFollower
2019-10-02 11:24:47,860 [pool-443-thread-1] INFO  impl.RaftServerImpl (RaftServerImpl.java:setRole(170)) - bdc7a2dc-2cb0-4f16-8d23-fae6103beb47@group-8C4C768DEEBB: changes role from      null to FOLLOWER at term 0 for startAsFollower
2019-10-02 11:24:47,860 [pool-413-thread-1] INFO  impl.RoleInfo (RoleInfo.java:updateAndGet(143)) - 4f5f07a4-dfbb-4d4d-bd25-a7068a706aed: start FollowerState
2019-10-02 11:24:47,860 [pool-443-thread-1] INFO  impl.RoleInfo (RoleInfo.java:updateAndGet(143)) - bdc7a2dc-2cb0-4f16-8d23-fae6103beb47: start FollowerState
2019-10-02 11:24:47,860 [pool-413-thread-1] INFO  util.JmxRegister (JmxRegister.java:tryRegister(44)) - Successfully registered JMX Bean with object name Ratis:service=RaftServer,group=group-8C4C768DEEBB,id=4f5f07a4-dfbb-4d4d-bd25-a7068a706aed
2019-10-02 11:24:47,861 [pool-443-thread-1] INFO  util.JmxRegister (JmxRegister.java:tryRegister(44)) - Successfully registered JMX Bean with object name Ratis:service=RaftServer,group=group-8C4C768DEEBB,id=bdc7a2dc-2cb0-4f16-8d23-fae6103beb47
2019-10-02 11:24:47,865 [RatisPipelineUtilsThread] INFO  pipeline.PipelineStateManager (PipelineStateManager.java:addPipeline(56)) - Created pipeline Pipeline[ Id: 0faaeffd-f38f-4e4c-880e-8c4c768deebb, Nodes: 2096c275-a02b-488c-937e-6bf2624e46a6{ip: 192.168.164.220, host: pr-hdds-2225-rpdbg-2298847827, networkLocation: /default-rack, certSerialId: null}4f5f07a4-dfbb-4d4d-bd25-a7068a706aed{ip: 192.168.164.220, host: pr-hdds-2225-rpdbg-2298847827, networkLocation: /default-rack, certSerialId: null}bdc7a2dc-2cb0-4f16-8d23-fae6103beb47{ip: 192.168.164.220, host: pr-hdds-2225-rpdbg-2298847827, networkLocation: /default-rack, certSerialId: null}, Type:RATIS, Factor:THREE, State:OPEN]
2019-10-02 11:24:48,730 [main] INFO  ozone.MiniOzoneClusterImpl (MiniOzoneClusterImpl.java:lambda$waitForClusterToBeReady$0(147)) - Cluster is ready. Got 7 of 7 DN Heartbeats.
2019-10-02 11:24:48,765 [main] INFO  rpc.RpcClient (RpcClient.java:createVolume(276)) - Creating Volume: watchforcommithandlingtest, with jenkins1000 as owner.
2019-10-02 11:24:48,768 [IPC Server handler 2 on 46350] INFO  volume.OMVolumeCreateRequest (OMVolumeCreateRequest.java:validateAndUpdateCache(194)) - created volume:watchforcommithandlingtest for user:jenkins1000
2019-10-02 11:24:48,779 [main] INFO  rpc.RpcClient (RpcClient.java:createBucket(415)) - Creating Bucket: watchforcommithandlingtest/watchforcommithandlingtest, with Versioning false and Storage Type set to DISK and Encryption set to false 
2019-10-02 11:24:48,782 [main] INFO  ozone.MiniOzoneClusterImpl (MiniOzoneClusterImpl.java:getStorageContainerLocationClient(234)) - Creating StorageContainerLocationProtocol RPC client with address /0.0.0.0:34456
2019-10-02 11:24:50,330 [Thread-2338] INFO  container.ReplicationManager (ReplicationManager.java:start(162)) - Starting Replication Monitor Thread.
2019-10-02 11:24:50,333 [ReplicationMonitor] INFO  container.ReplicationManager (ReplicationManager.java:run(225)) - Replication Monitor Thread took 0 milliseconds for processing 1 containers.
2019-10-02 11:24:52,455 [Thread-2340] INFO  impl.FollowerState (FollowerState.java:run(108)) - b0328039-473b-4203-928f-99a32e89c285@group-6328C92DB36C-FollowerState: change to CANDIDATE, lastRpcTime:5084ms, electionTimeout:5084ms
2019-10-02 11:24:52,455 [Thread-2340] INFO  impl.RoleInfo (RoleInfo.java:shutdownFollowerState(121)) - b0328039-473b-4203-928f-99a32e89c285: shutdown FollowerState
2019-10-02 11:24:52,456 [Thread-2340] INFO  impl.RaftServerImpl (RaftServerImpl.java:setRole(170)) - b0328039-473b-4203-928f-99a32e89c285@group-6328C92DB36C: changes role from  FOLLOWER to CANDIDATE at term 0 for changeToCandidate
2019-10-02 11:24:52,456 [Thread-2340] INFO  impl.RoleInfo (RoleInfo.java:updateAndGet(143)) - b0328039-473b-4203-928f-99a32e89c285: start LeaderElection
2019-10-02 11:24:52,516 [Thread-2343] INFO  impl.FollowerState (FollowerState.java:run(108)) - c84fc8a1-7b52-4e78-bcb0-06c9c1e57826@group-7C65E0F1B69B-FollowerState: change to CANDIDATE, lastRpcTime:5083ms, electionTimeout:5083ms
2019-10-02 11:24:52,516 [Thread-2343] INFO  impl.RoleInfo (RoleInfo.java:shutdownFollowerState(121)) - c84fc8a1-7b52-4e78-bcb0-06c9c1e57826: shutdown FollowerState
2019-10-02 11:24:52,516 [Thread-2343] INFO  impl.RaftServerImpl (RaftServerImpl.java:setRole(170)) - c84fc8a1-7b52-4e78-bcb0-06c9c1e57826@group-7C65E0F1B69B: changes role from  FOLLOWER to CANDIDATE at term 0 for changeToCandidate
2019-10-02 11:24:52,516 [Thread-2343] INFO  impl.RoleInfo (RoleInfo.java:updateAndGet(143)) - c84fc8a1-7b52-4e78-bcb0-06c9c1e57826: start LeaderElection
2019-10-02 11:24:52,574 [b0328039-473b-4203-928f-99a32e89c285@group-6328C92DB36C-LeaderElection55] INFO  impl.LeaderElection (LeaderElection.java:askForVotes(178)) - b0328039-473b-4203-928f-99a32e89c285@group-6328C92DB36C-LeaderElection55: begin an election at term 1 for -1: [b0328039-473b-4203-928f-99a32e89c285:192.168.164.220:45799], old=null
2019-10-02 11:24:52,574 [b0328039-473b-4203-928f-99a32e89c285@group-6328C92DB36C-LeaderElection55] INFO  impl.RoleInfo (RoleInfo.java:shutdownLeaderElection(134)) - b0328039-473b-4203-928f-99a32e89c285: shutdown LeaderElection
2019-10-02 11:24:52,575 [b0328039-473b-4203-928f-99a32e89c285@group-6328C92DB36C-LeaderElection55] INFO  impl.RaftServerImpl (RaftServerImpl.java:setRole(170)) - b0328039-473b-4203-928f-99a32e89c285@group-6328C92DB36C: changes role from CANDIDATE to LEADER at term 1 for changeToLeader
2019-10-02 11:24:52,575 [b0328039-473b-4203-928f-99a32e89c285@group-6328C92DB36C-LeaderElection55] INFO  impl.RaftServerImpl (ServerState.java:setLeader(255)) - b0328039-473b-4203-928f-99a32e89c285@group-6328C92DB36C: change Leader from null to b0328039-473b-4203-928f-99a32e89c285 at term 1 for becomeLeader, leader elected after 5208ms
2019-10-02 11:24:52,575 [b0328039-473b-4203-928f-99a32e89c285@group-6328C92DB36C-LeaderElection55] INFO  server.RaftServerConfigKeys (ConfUtils.java:logGet(43)) - raft.server.staging.catchup.gap = 1000 (default)
2019-10-02 11:24:52,575 [b0328039-473b-4203-928f-99a32e89c285@group-6328C92DB36C-LeaderElection55] INFO  server.RaftServerConfigKeys (ConfUtils.java:logGet(43)) - raft.server.rpc.sleep.time = 25ms (default)
2019-10-02 11:24:52,575 [c84fc8a1-7b52-4e78-bcb0-06c9c1e57826@group-7C65E0F1B69B-LeaderElection56] INFO  impl.LeaderElection (LeaderElection.java:askForVotes(178)) - c84fc8a1-7b52-4e78-bcb0-06c9c1e57826@group-7C65E0F1B69B-LeaderElection56: begin an election at term 1 for -1: [c84fc8a1-7b52-4e78-bcb0-06c9c1e57826:192.168.164.220:38991], old=null
2019-10-02 11:24:52,575 [b0328039-473b-4203-928f-99a32e89c285@group-6328C92DB36C-LeaderElection55] INFO  server.RaftServerConfigKeys (ConfUtils.java:logGet(43)) - raft.server.write.element-limit = 4096 (default)
2019-10-02 11:24:52,575 [c84fc8a1-7b52-4e78-bcb0-06c9c1e57826@group-7C65E0F1B69B-LeaderElection56] INFO  impl.RoleInfo (RoleInfo.java:shutdownLeaderElection(134)) - c84fc8a1-7b52-4e78-bcb0-06c9c1e57826: shutdown LeaderElection
2019-10-02 11:24:52,575 [b0328039-473b-4203-928f-99a32e89c285@group-6328C92DB36C-LeaderElection55] INFO  server.RaftServerConfigKeys (ConfUtils.java:logGet(43)) - raft.server.watch.timeout = 10s (default)
2019-10-02 11:24:52,575 [c84fc8a1-7b52-4e78-bcb0-06c9c1e57826@group-7C65E0F1B69B-LeaderElection56] INFO  impl.RaftServerImpl (RaftServerImpl.java:setRole(170)) - c84fc8a1-7b52-4e78-bcb0-06c9c1e57826@group-7C65E0F1B69B: changes role from CANDIDATE to LEADER at term 1 for changeToLeader
2019-10-02 11:24:52,575 [b0328039-473b-4203-928f-99a32e89c285@group-6328C92DB36C-LeaderElection55] INFO  server.RaftServerConfigKeys (ConfUtils.java:logGet(43)) - raft.server.watch.timeout.denomination = 1s (default)
2019-10-02 11:24:52,575 [c84fc8a1-7b52-4e78-bcb0-06c9c1e57826@group-7C65E0F1B69B-LeaderElection56] INFO  impl.RaftServerImpl (ServerState.java:setLeader(255)) - c84fc8a1-7b52-4e78-bcb0-06c9c1e57826@group-7C65E0F1B69B: change Leader from null to c84fc8a1-7b52-4e78-bcb0-06c9c1e57826 at term 1 for becomeLeader, leader elected after 5147ms
2019-10-02 11:24:52,576 [b0328039-473b-4203-928f-99a32e89c285@group-6328C92DB36C-LeaderElection55] INFO  server.RaftServerConfigKeys (ConfUtils.java:logGet(43)) - raft.server.watch.element-limit = 65536 (default)
2019-10-02 11:24:52,576 [c84fc8a1-7b52-4e78-bcb0-06c9c1e57826@group-7C65E0F1B69B-LeaderElection56] INFO  server.RaftServerConfigKeys (ConfUtils.java:logGet(43)) - raft.server.staging.catchup.gap = 1000 (default)
2019-10-02 11:24:52,576 [c84fc8a1-7b52-4e78-bcb0-06c9c1e57826@group-7C65E0F1B69B-LeaderElection56] INFO  server.RaftServerConfigKeys (ConfUtils.java:logGet(43)) - raft.server.rpc.sleep.time = 25ms (default)
2019-10-02 11:24:52,576 [c84fc8a1-7b52-4e78-bcb0-06c9c1e57826@group-7C65E0F1B69B-LeaderElection56] INFO  server.RaftServerConfigKeys (ConfUtils.java:logGet(43)) - raft.server.write.element-limit = 4096 (default)
2019-10-02 11:24:52,576 [c84fc8a1-7b52-4e78-bcb0-06c9c1e57826@group-7C65E0F1B69B-LeaderElection56] INFO  server.RaftServerConfigKeys (ConfUtils.java:logGet(43)) - raft.server.watch.timeout = 10s (default)
2019-10-02 11:24:52,576 [c84fc8a1-7b52-4e78-bcb0-06c9c1e57826@group-7C65E0F1B69B-LeaderElection56] INFO  server.RaftServerConfigKeys (ConfUtils.java:logGet(43)) - raft.server.watch.timeout.denomination = 1s (default)
2019-10-02 11:24:52,576 [c84fc8a1-7b52-4e78-bcb0-06c9c1e57826@group-7C65E0F1B69B-LeaderElection56] INFO  server.RaftServerConfigKeys (ConfUtils.java:logGet(43)) - raft.server.watch.element-limit = 65536 (default)
2019-10-02 11:24:52,577 [b0328039-473b-4203-928f-99a32e89c285@group-6328C92DB36C-LeaderElection55] INFO  impl.RoleInfo (RoleInfo.java:updateAndGet(143)) - b0328039-473b-4203-928f-99a32e89c285: start LeaderState
2019-10-02 11:24:52,578 [c84fc8a1-7b52-4e78-bcb0-06c9c1e57826@group-7C65E0F1B69B-LeaderElection56] INFO  impl.RoleInfo (RoleInfo.java:updateAndGet(143)) - c84fc8a1-7b52-4e78-bcb0-06c9c1e57826: start LeaderState
2019-10-02 11:24:52,578 [b0328039-473b-4203-928f-99a32e89c285@group-6328C92DB36C-LeaderElection55] INFO  segmented.SegmentedRaftLogWorker (SegmentedRaftLogWorker.java:startLogSegment(385)) - b0328039-473b-4203-928f-99a32e89c285@group-6328C92DB36C-SegmentedRaftLogWorker: Starting segment from index:0
2019-10-02 11:24:52,578 [c84fc8a1-7b52-4e78-bcb0-06c9c1e57826@group-7C65E0F1B69B-LeaderElection56] INFO  segmented.SegmentedRaftLogWorker (SegmentedRaftLogWorker.java:startLogSegment(385)) - c84fc8a1-7b52-4e78-bcb0-06c9c1e57826@group-7C65E0F1B69B-SegmentedRaftLogWorker: Starting segment from index:0
2019-10-02 11:24:52,578 [b0328039-473b-4203-928f-99a32e89c285@group-6328C92DB36C-LeaderElection55] INFO  impl.RaftServerImpl (ServerState.java:setRaftConf(356)) - b0328039-473b-4203-928f-99a32e89c285@group-6328C92DB36C: set configuration 0: [b0328039-473b-4203-928f-99a32e89c285:192.168.164.220:45799], old=null at 0
2019-10-02 11:24:52,578 [c84fc8a1-7b52-4e78-bcb0-06c9c1e57826@group-7C65E0F1B69B-LeaderElection56] INFO  impl.RaftServerImpl (ServerState.java:setRaftConf(356)) - c84fc8a1-7b52-4e78-bcb0-06c9c1e57826@group-7C65E0F1B69B: set configuration 0: [c84fc8a1-7b52-4e78-bcb0-06c9c1e57826:192.168.164.220:38991], old=null at 0
2019-10-02 11:24:52,590 [Thread-2346] INFO  impl.FollowerState (FollowerState.java:run(108)) - f3e9a990-b4e8-45f3-a6f9-413bc14ceb6e@group-9DE1F8821936-FollowerState: change to CANDIDATE, lastRpcTime:5078ms, electionTimeout:5078ms
2019-10-02 11:24:52,590 [Thread-2346] INFO  impl.RoleInfo (RoleInfo.java:shutdownFollowerState(121)) - f3e9a990-b4e8-45f3-a6f9-413bc14ceb6e: shutdown FollowerState
2019-10-02 11:24:52,590 [Thread-2346] INFO  impl.RaftServerImpl (RaftServerImpl.java:setRole(170)) - f3e9a990-b4e8-45f3-a6f9-413bc14ceb6e@group-9DE1F8821936: changes role from  FOLLOWER to CANDIDATE at term 0 for changeToCandidate
2019-10-02 11:24:52,590 [Thread-2346] INFO  impl.RoleInfo (RoleInfo.java:updateAndGet(143)) - f3e9a990-b4e8-45f3-a6f9-413bc14ceb6e: start LeaderElection
2019-10-02 11:24:52,623 [c84fc8a1-7b52-4e78-bcb0-06c9c1e57826@group-7C65E0F1B69B-SegmentedRaftLogWorker] INFO  segmented.SegmentedRaftLogWorker (SegmentedRaftLogWorker.java:execute(574)) - c84fc8a1-7b52-4e78-bcb0-06c9c1e57826@group-7C65E0F1B69B-SegmentedRaftLogWorker: created new log segment /workdir/hadoop-ozone/integration-test/target/test-dir/MiniOzoneClusterImpl-2207a384-d7b7-413f-9b4f-dc9f65a772d6/datanode-1/data/ratis/ef2e549b-7b28-482f-bd1a-7c65e0f1b69b/current/log_inprogress_0
2019-10-02 11:24:52,623 [f3e9a990-b4e8-45f3-a6f9-413bc14ceb6e@group-9DE1F8821936-LeaderElection57] INFO  impl.LeaderElection (LeaderElection.java:askForVotes(178)) - f3e9a990-b4e8-45f3-a6f9-413bc14ceb6e@group-9DE1F8821936-LeaderElection57: begin an election at term 1 for -1: [f3e9a990-b4e8-45f3-a6f9-413bc14ceb6e:192.168.164.220:42531], old=null
2019-10-02 11:24:52,623 [b0328039-473b-4203-928f-99a32e89c285@group-6328C92DB36C-SegmentedRaftLogWorker] INFO  segmented.SegmentedRaftLogWorker (SegmentedRaftLogWorker.java:execute(574)) - b0328039-473b-4203-928f-99a32e89c285@group-6328C92DB36C-SegmentedRaftLogWorker: created new log segment /workdir/hadoop-ozone/integration-test/target/test-dir/MiniOzoneClusterImpl-2207a384-d7b7-413f-9b4f-dc9f65a772d6/datanode-0/data/ratis/803075b1-f91b-4a45-a17f-6328c92db36c/current/log_inprogress_0
2019-10-02 11:24:52,623 [f3e9a990-b4e8-45f3-a6f9-413bc14ceb6e@group-9DE1F8821936-LeaderElection57] INFO  impl.RoleInfo (RoleInfo.java:shutdownLeaderElection(134)) - f3e9a990-b4e8-45f3-a6f9-413bc14ceb6e: shutdown LeaderElection
2019-10-02 11:24:52,623 [f3e9a990-b4e8-45f3-a6f9-413bc14ceb6e@group-9DE1F8821936-LeaderElection57] INFO  impl.RaftServerImpl (RaftServerImpl.java:setRole(170)) - f3e9a990-b4e8-45f3-a6f9-413bc14ceb6e@group-9DE1F8821936: changes role from CANDIDATE to LEADER at term 1 for changeToLeader
2019-10-02 11:24:52,624 [Thread-2353] INFO  impl.FollowerState (FollowerState.java:run(108)) - b0328039-473b-4203-928f-99a32e89c285@group-9A4835F862C7-FollowerState: change to CANDIDATE, lastRpcTime:5070ms, electionTimeout:5070ms
2019-10-02 11:24:52,624 [f3e9a990-b4e8-45f3-a6f9-413bc14ceb6e@group-9DE1F8821936-LeaderElection57] INFO  impl.RaftServerImpl (ServerState.java:setLeader(255)) - f3e9a990-b4e8-45f3-a6f9-413bc14ceb6e@group-9DE1F8821936: change Leader from null to f3e9a990-b4e8-45f3-a6f9-413bc14ceb6e at term 1 for becomeLeader, leader elected after 5118ms
2019-10-02 11:24:52,624 [Thread-2353] INFO  impl.RoleInfo (RoleInfo.java:shutdownFollowerState(121)) - b0328039-473b-4203-928f-99a32e89c285: shutdown FollowerState
2019-10-02 11:24:52,624 [f3e9a990-b4e8-45f3-a6f9-413bc14ceb6e@group-9DE1F8821936-LeaderElection57] INFO  server.RaftServerConfigKeys (ConfUtils.java:logGet(43)) - raft.server.staging.catchup.gap = 1000 (default)
2019-10-02 11:24:52,624 [Thread-2353] INFO  impl.RaftServerImpl (RaftServerImpl.java:setRole(170)) - b0328039-473b-4203-928f-99a32e89c285@group-9A4835F862C7: changes role from  FOLLOWER to CANDIDATE at term 0 for changeToCandidate
2019-10-02 11:24:52,624 [f3e9a990-b4e8-45f3-a6f9-413bc14ceb6e@group-9DE1F8821936-LeaderElection57] INFO  server.RaftServerConfigKeys (ConfUtils.java:logGet(43)) - raft.server.rpc.sleep.time = 25ms (default)
2019-10-02 11:24:52,624 [Thread-2353] INFO  impl.RoleInfo (RoleInfo.java:updateAndGet(143)) - b0328039-473b-4203-928f-99a32e89c285: start LeaderElection
2019-10-02 11:24:52,624 [f3e9a990-b4e8-45f3-a6f9-413bc14ceb6e@group-9DE1F8821936-LeaderElection57] INFO  server.RaftServerConfigKeys (ConfUtils.java:logGet(43)) - raft.server.write.element-limit = 4096 (default)
2019-10-02 11:24:52,625 [f3e9a990-b4e8-45f3-a6f9-413bc14ceb6e@group-9DE1F8821936-LeaderElection57] INFO  server.RaftServerConfigKeys (ConfUtils.java:logGet(43)) - raft.server.watch.timeout = 10s (default)
2019-10-02 11:24:52,627 [f3e9a990-b4e8-45f3-a6f9-413bc14ceb6e@group-9DE1F8821936-LeaderElection57] INFO  server.RaftServerConfigKeys (ConfUtils.java:logGet(43)) - raft.server.watch.timeout.denomination = 1s (default)
2019-10-02 11:24:52,629 [f3e9a990-b4e8-45f3-a6f9-413bc14ceb6e@group-9DE1F8821936-LeaderElection57] INFO  server.RaftServerConfigKeys (ConfUtils.java:logGet(43)) - raft.server.watch.element-limit = 65536 (default)
2019-10-02 11:24:52,630 [f3e9a990-b4e8-45f3-a6f9-413bc14ceb6e@group-9DE1F8821936-LeaderElection57] INFO  impl.RoleInfo (RoleInfo.java:updateAndGet(143)) - f3e9a990-b4e8-45f3-a6f9-413bc14ceb6e: start LeaderState
2019-10-02 11:24:52,631 [f3e9a990-b4e8-45f3-a6f9-413bc14ceb6e@group-9DE1F8821936-LeaderElection57] INFO  segmented.SegmentedRaftLogWorker (SegmentedRaftLogWorker.java:startLogSegment(385)) - f3e9a990-b4e8-45f3-a6f9-413bc14ceb6e@group-9DE1F8821936-SegmentedRaftLogWorker: Starting segment from index:0
2019-10-02 11:24:52,631 [f3e9a990-b4e8-45f3-a6f9-413bc14ceb6e@group-9DE1F8821936-LeaderElection57] INFO  impl.RaftServerImpl (ServerState.java:setRaftConf(356)) - f3e9a990-b4e8-45f3-a6f9-413bc14ceb6e@group-9DE1F8821936: set configuration 0: [f3e9a990-b4e8-45f3-a6f9-413bc14ceb6e:192.168.164.220:42531], old=null at 0
2019-10-02 11:24:52,636 [b0328039-473b-4203-928f-99a32e89c285@group-9A4835F862C7-LeaderElection58] INFO  impl.LeaderElection (LeaderElection.java:askForVotes(178)) - b0328039-473b-4203-928f-99a32e89c285@group-9A4835F862C7-LeaderElection58: begin an election at term 1 for -1: [c84fc8a1-7b52-4e78-bcb0-06c9c1e57826:192.168.164.220:38991, f3e9a990-b4e8-45f3-a6f9-413bc14ceb6e:192.168.164.220:42531, b0328039-473b-4203-928f-99a32e89c285:192.168.164.220:45799], old=null
2019-10-02 11:24:52,640 [grpc-default-executor-3] INFO  impl.RaftServerImpl (RaftServerImpl.java:setRole(170)) - c84fc8a1-7b52-4e78-bcb0-06c9c1e57826@group-9A4835F862C7: changes role from  FOLLOWER to FOLLOWER at term 1 for recognizeCandidate:b0328039-473b-4203-928f-99a32e89c285
2019-10-02 11:24:52,640 [grpc-default-executor-6] INFO  impl.RaftServerImpl (RaftServerImpl.java:setRole(170)) - f3e9a990-b4e8-45f3-a6f9-413bc14ceb6e@group-9A4835F862C7: changes role from  FOLLOWER to FOLLOWER at term 1 for recognizeCandidate:b0328039-473b-4203-928f-99a32e89c285
2019-10-02 11:24:52,640 [grpc-default-executor-3] INFO  impl.RoleInfo (RoleInfo.java:shutdownFollowerState(121)) - c84fc8a1-7b52-4e78-bcb0-06c9c1e57826: shutdown FollowerState
2019-10-02 11:24:52,640 [grpc-default-executor-6] INFO  impl.RoleInfo (RoleInfo.java:shutdownFollowerState(121)) - f3e9a990-b4e8-45f3-a6f9-413bc14ceb6e: shutdown FollowerState
2019-10-02 11:24:52,641 [Thread-2354] INFO  impl.FollowerState (FollowerState.java:run(117)) - c84fc8a1-7b52-4e78-bcb0-06c9c1e57826@group-9A4835F862C7-FollowerState was interrupted: java.lang.InterruptedException: sleep interrupted
2019-10-02 11:24:52,641 [grpc-default-executor-3] INFO  impl.RoleInfo (RoleInfo.java:updateAndGet(143)) - c84fc8a1-7b52-4e78-bcb0-06c9c1e57826: start FollowerState
2019-10-02 11:24:52,641 [Thread-2349] INFO  impl.FollowerState (FollowerState.java:run(117)) - f3e9a990-b4e8-45f3-a6f9-413bc14ceb6e@group-9A4835F862C7-FollowerState was interrupted: java.lang.InterruptedException: sleep interrupted
2019-10-02 11:24:52,641 [grpc-default-executor-6] INFO  impl.RoleInfo (RoleInfo.java:updateAndGet(143)) - f3e9a990-b4e8-45f3-a6f9-413bc14ceb6e: start FollowerState
2019-10-02 11:24:52,669 [f3e9a990-b4e8-45f3-a6f9-413bc14ceb6e@group-9DE1F8821936-SegmentedRaftLogWorker] INFO  segmented.SegmentedRaftLogWorker (SegmentedRaftLogWorker.java:execute(574)) - f3e9a990-b4e8-45f3-a6f9-413bc14ceb6e@group-9DE1F8821936-SegmentedRaftLogWorker: created new log segment /workdir/hadoop-ozone/integration-test/target/test-dir/MiniOzoneClusterImpl-2207a384-d7b7-413f-9b4f-dc9f65a772d6/datanode-2/data/ratis/4f1accda-9e4a-4819-aa12-9de1f8821936/current/log_inprogress_0
2019-10-02 11:24:52,670 [b0328039-473b-4203-928f-99a32e89c285@group-9A4835F862C7-LeaderElection58] INFO  impl.LeaderElection (LeaderElection.java:logAndReturn(56)) - b0328039-473b-4203-928f-99a32e89c285@group-9A4835F862C7-LeaderElection58: Election PASSED; received 1 response(s) [b0328039-473b-4203-928f-99a32e89c285<-c84fc8a1-7b52-4e78-bcb0-06c9c1e57826#0:OK-t1] and 0 exception(s); b0328039-473b-4203-928f-99a32e89c285@group-9A4835F862C7:t1, leader=null, voted=b0328039-473b-4203-928f-99a32e89c285, raftlog=b0328039-473b-4203-928f-99a32e89c285@group-9A4835F862C7-SegmentedRaftLog:OPENED:c-1,f-1,i0, conf=-1: [c84fc8a1-7b52-4e78-bcb0-06c9c1e57826:192.168.164.220:38991, f3e9a990-b4e8-45f3-a6f9-413bc14ceb6e:192.168.164.220:42531, b0328039-473b-4203-928f-99a32e89c285:192.168.164.220:45799], old=null
2019-10-02 11:24:52,670 [b0328039-473b-4203-928f-99a32e89c285@group-9A4835F862C7-LeaderElection58] INFO  impl.RoleInfo (RoleInfo.java:shutdownLeaderElection(134)) - b0328039-473b-4203-928f-99a32e89c285: shutdown LeaderElection
2019-10-02 11:24:52,670 [b0328039-473b-4203-928f-99a32e89c285@group-9A4835F862C7-LeaderElection58] INFO  impl.RaftServerImpl (RaftServerImpl.java:setRole(170)) - b0328039-473b-4203-928f-99a32e89c285@group-9A4835F862C7: changes role from CANDIDATE to LEADER at term 1 for changeToLeader
2019-10-02 11:24:52,670 [b0328039-473b-4203-928f-99a32e89c285@group-9A4835F862C7-LeaderElection58] INFO  impl.RaftServerImpl (ServerState.java:setLeader(255)) - b0328039-473b-4203-928f-99a32e89c285@group-9A4835F862C7: change Leader from null to b0328039-473b-4203-928f-99a32e89c285 at term 1 for becomeLeader, leader elected after 5125ms
2019-10-02 11:24:52,670 [b0328039-473b-4203-928f-99a32e89c285@group-9A4835F862C7-LeaderElection58] INFO  server.RaftServerConfigKeys (ConfUtils.java:logGet(43)) - raft.server.staging.catchup.gap = 1000 (default)
2019-10-02 11:24:52,670 [b0328039-473b-4203-928f-99a32e89c285@group-9A4835F862C7-LeaderElection58] INFO  server.RaftServerConfigKeys (ConfUtils.java:logGet(43)) - raft.server.rpc.sleep.time = 25ms (default)
2019-10-02 11:24:52,671 [b0328039-473b-4203-928f-99a32e89c285@group-9A4835F862C7-LeaderElection58] INFO  server.RaftServerConfigKeys (ConfUtils.java:logGet(43)) - raft.server.write.element-limit = 4096 (default)
2019-10-02 11:24:52,671 [b0328039-473b-4203-928f-99a32e89c285@group-9A4835F862C7-LeaderElection58] INFO  server.RaftServerConfigKeys (ConfUtils.java:logGet(43)) - raft.server.watch.timeout = 10s (default)
2019-10-02 11:24:52,671 [b0328039-473b-4203-928f-99a32e89c285@group-9A4835F862C7-LeaderElection58] INFO  server.RaftServerConfigKeys (ConfUtils.java:logGet(43)) - raft.server.watch.timeout.denomination = 1s (default)
2019-10-02 11:24:52,671 [b0328039-473b-4203-928f-99a32e89c285@group-9A4835F862C7-LeaderElection58] INFO  server.RaftServerConfigKeys (ConfUtils.java:logGet(43)) - raft.server.watch.element-limit = 65536 (default)
2019-10-02 11:24:52,673 [b0328039-473b-4203-928f-99a32e89c285@group-9A4835F862C7-LeaderElection58] INFO  server.RaftServerConfigKeys (ConfUtils.java:logGet(43)) - raft.server.log.appender.snapshot.chunk.size.max = 16MB (=16777216) (default)
2019-10-02 11:24:52,673 [b0328039-473b-4203-928f-99a32e89c285@group-9A4835F862C7-LeaderElection58] INFO  server.RaftServerConfigKeys (ConfUtils.java:logGet(43)) - raft.server.log.appender.buffer.byte-limit = 33554432 (custom)
2019-10-02 11:24:52,673 [b0328039-473b-4203-928f-99a32e89c285@group-9A4835F862C7-LeaderElection58] INFO  server.RaftServerConfigKeys (ConfUtils.java:logGet(43)) - raft.server.log.appender.buffer.element-limit = 1 (custom)
2019-10-02 11:24:52,674 [b0328039-473b-4203-928f-99a32e89c285@group-9A4835F862C7-LeaderElection58] INFO  grpc.GrpcConfigKeys$Server (ConfUtils.java:logGet(43)) - raft.grpc.server.leader.outstanding.appends.max = 128 (default)
2019-10-02 11:24:52,674 [b0328039-473b-4203-928f-99a32e89c285@group-9A4835F862C7-LeaderElection58] INFO  server.RaftServerConfigKeys (ConfUtils.java:logGet(43)) - raft.server.rpc.request.timeout = 3000ms (default)
2019-10-02 11:24:52,674 [b0328039-473b-4203-928f-99a32e89c285@group-9A4835F862C7-LeaderElection58] INFO  server.RaftServerConfigKeys (ConfUtils.java:logGet(43)) - raft.server.log.appender.install.snapshot.enabled = false (custom)
2019-10-02 11:24:52,674 [b0328039-473b-4203-928f-99a32e89c285@group-9A4835F862C7-LeaderElection58] INFO  server.RaftServerConfigKeys (ConfUtils.java:logGet(43)) - raft.server.log.appender.snapshot.chunk.size.max = 16MB (=16777216) (default)
2019-10-02 11:24:52,674 [b0328039-473b-4203-928f-99a32e89c285@group-9A4835F862C7-LeaderElection58] INFO  server.RaftServerConfigKeys (ConfUtils.java:logGet(43)) - raft.server.log.appender.buffer.byte-limit = 33554432 (custom)
2019-10-02 11:24:52,674 [b0328039-473b-4203-928f-99a32e89c285@group-9A4835F862C7-LeaderElection58] INFO  server.RaftServerConfigKeys (ConfUtils.java:logGet(43)) - raft.server.log.appender.buffer.element-limit = 1 (custom)
2019-10-02 11:24:52,675 [b0328039-473b-4203-928f-99a32e89c285@group-9A4835F862C7-LeaderElection58] INFO  grpc.GrpcConfigKeys$Server (ConfUtils.java:logGet(43)) - raft.grpc.server.leader.outstanding.appends.max = 128 (default)
2019-10-02 11:24:52,675 [b0328039-473b-4203-928f-99a32e89c285@group-9A4835F862C7-LeaderElection58] INFO  server.RaftServerConfigKeys (ConfUtils.java:logGet(43)) - raft.server.rpc.request.timeout = 3000ms (default)
2019-10-02 11:24:52,675 [b0328039-473b-4203-928f-99a32e89c285@group-9A4835F862C7-LeaderElection58] INFO  server.RaftServerConfigKeys (ConfUtils.java:logGet(43)) - raft.server.log.appender.install.snapshot.enabled = false (custom)
2019-10-02 11:24:52,675 [b0328039-473b-4203-928f-99a32e89c285@group-9A4835F862C7-LeaderElection58] INFO  impl.RoleInfo (RoleInfo.java:updateAndGet(143)) - b0328039-473b-4203-928f-99a32e89c285: start LeaderState
2019-10-02 11:24:52,675 [b0328039-473b-4203-928f-99a32e89c285@group-9A4835F862C7-LeaderElection58] INFO  segmented.SegmentedRaftLogWorker (SegmentedRaftLogWorker.java:startLogSegment(385)) - b0328039-473b-4203-928f-99a32e89c285@group-9A4835F862C7-SegmentedRaftLogWorker: Starting segment from index:0
2019-10-02 11:24:52,676 [b0328039-473b-4203-928f-99a32e89c285@group-9A4835F862C7-LeaderElection58] INFO  impl.RaftServerImpl (ServerState.java:setRaftConf(356)) - b0328039-473b-4203-928f-99a32e89c285@group-9A4835F862C7: set configuration 0: [c84fc8a1-7b52-4e78-bcb0-06c9c1e57826:192.168.164.220:38991, f3e9a990-b4e8-45f3-a6f9-413bc14ceb6e:192.168.164.220:42531, b0328039-473b-4203-928f-99a32e89c285:192.168.164.220:45799], old=null at 0
2019-10-02 11:24:52,707 [grpc-default-executor-3] INFO  impl.RaftServerImpl (ServerState.java:setLeader(255)) - f3e9a990-b4e8-45f3-a6f9-413bc14ceb6e@group-9A4835F862C7: change Leader from null to b0328039-473b-4203-928f-99a32e89c285 at term 1 for appendEntries, leader elected after 5162ms
2019-10-02 11:24:52,710 [grpc-default-executor-3] INFO  impl.RaftServerImpl (ServerState.java:setRaftConf(356)) - f3e9a990-b4e8-45f3-a6f9-413bc14ceb6e@group-9A4835F862C7: set configuration 0: [c84fc8a1-7b52-4e78-bcb0-06c9c1e57826:192.168.164.220:38991, f3e9a990-b4e8-45f3-a6f9-413bc14ceb6e:192.168.164.220:42531, b0328039-473b-4203-928f-99a32e89c285:192.168.164.220:45799], old=null at 0
2019-10-02 11:24:52,713 [b0328039-473b-4203-928f-99a32e89c285@group-9A4835F862C7-SegmentedRaftLogWorker] INFO  segmented.SegmentedRaftLogWorker (SegmentedRaftLogWorker.java:execute(574)) - b0328039-473b-4203-928f-99a32e89c285@group-9A4835F862C7-SegmentedRaftLogWorker: created new log segment /workdir/hadoop-ozone/integration-test/target/test-dir/MiniOzoneClusterImpl-2207a384-d7b7-413f-9b4f-dc9f65a772d6/datanode-0/data/ratis/19b14c28-025c-4ece-893b-9a4835f862c7/current/log_inprogress_0
2019-10-02 11:24:52,713 [grpc-default-executor-6] INFO  impl.RaftServerImpl (ServerState.java:setLeader(255)) - c84fc8a1-7b52-4e78-bcb0-06c9c1e57826@group-9A4835F862C7: change Leader from null to b0328039-473b-4203-928f-99a32e89c285 at term 1 for appendEntries, leader elected after 5168ms
2019-10-02 11:24:52,714 [grpc-default-executor-3] INFO  segmented.SegmentedRaftLogWorker (SegmentedRaftLogWorker.java:startLogSegment(385)) - f3e9a990-b4e8-45f3-a6f9-413bc14ceb6e@group-9A4835F862C7-SegmentedRaftLogWorker: Starting segment from index:0
2019-10-02 11:24:52,716 [grpc-default-executor-3] INFO  impl.RaftServerImpl (ServerState.java:setRaftConf(356)) - c84fc8a1-7b52-4e78-bcb0-06c9c1e57826@group-9A4835F862C7: set configuration 0: [c84fc8a1-7b52-4e78-bcb0-06c9c1e57826:192.168.164.220:38991, f3e9a990-b4e8-45f3-a6f9-413bc14ceb6e:192.168.164.220:42531, b0328039-473b-4203-928f-99a32e89c285:192.168.164.220:45799], old=null at 0
2019-10-02 11:24:52,716 [grpc-default-executor-3] INFO  segmented.SegmentedRaftLogWorker (SegmentedRaftLogWorker.java:startLogSegment(385)) - c84fc8a1-7b52-4e78-bcb0-06c9c1e57826@group-9A4835F862C7-SegmentedRaftLogWorker: Starting segment from index:0
2019-10-02 11:24:52,752 [f3e9a990-b4e8-45f3-a6f9-413bc14ceb6e@group-9A4835F862C7-SegmentedRaftLogWorker] INFO  segmented.SegmentedRaftLogWorker (SegmentedRaftLogWorker.java:execute(574)) - f3e9a990-b4e8-45f3-a6f9-413bc14ceb6e@group-9A4835F862C7-SegmentedRaftLogWorker: created new log segment /workdir/hadoop-ozone/integration-test/target/test-dir/MiniOzoneClusterImpl-2207a384-d7b7-413f-9b4f-dc9f65a772d6/datanode-2/data/ratis/19b14c28-025c-4ece-893b-9a4835f862c7/current/log_inprogress_0
2019-10-02 11:24:52,752 [c84fc8a1-7b52-4e78-bcb0-06c9c1e57826@group-9A4835F862C7-SegmentedRaftLogWorker] INFO  segmented.SegmentedRaftLogWorker (SegmentedRaftLogWorker.java:execute(574)) - c84fc8a1-7b52-4e78-bcb0-06c9c1e57826@group-9A4835F862C7-SegmentedRaftLogWorker: created new log segment /workdir/hadoop-ozone/integration-test/target/test-dir/MiniOzoneClusterImpl-2207a384-d7b7-413f-9b4f-dc9f65a772d6/datanode-1/data/ratis/19b14c28-025c-4ece-893b-9a4835f862c7/current/log_inprogress_0
2019-10-02 11:24:52,759 [Thread-2358] INFO  impl.FollowerState (FollowerState.java:run(108)) - 2096c275-a02b-488c-937e-6bf2624e46a6@group-133EA1E27557-FollowerState: change to CANDIDATE, lastRpcTime:5113ms, electionTimeout:5113ms
2019-10-02 11:24:52,759 [Thread-2358] INFO  impl.RoleInfo (RoleInfo.java:shutdownFollowerState(121)) - 2096c275-a02b-488c-937e-6bf2624e46a6: shutdown FollowerState
2019-10-02 11:24:52,759 [Thread-2358] INFO  impl.RaftServerImpl (RaftServerImpl.java:setRole(170)) - 2096c275-a02b-488c-937e-6bf2624e46a6@group-133EA1E27557: changes role from  FOLLOWER to CANDIDATE at term 0 for changeToCandidate
2019-10-02 11:24:52,759 [Thread-2358] INFO  impl.RoleInfo (RoleInfo.java:updateAndGet(143)) - 2096c275-a02b-488c-937e-6bf2624e46a6: start LeaderElection
2019-10-02 11:24:52,763 [Thread-2364] INFO  impl.FollowerState (FollowerState.java:run(108)) - ba84d143-80a7-4a6e-9989-1b714b1d4cb3@group-E870796D0E38-FollowerState: change to CANDIDATE, lastRpcTime:5027ms, electionTimeout:5024ms
2019-10-02 11:24:52,765 [Thread-2364] INFO  impl.RoleInfo (RoleInfo.java:shutdownFollowerState(121)) - ba84d143-80a7-4a6e-9989-1b714b1d4cb3: shutdown FollowerState
2019-10-02 11:24:52,765 [Thread-2364] INFO  impl.RaftServerImpl (RaftServerImpl.java:setRole(170)) - ba84d143-80a7-4a6e-9989-1b714b1d4cb3@group-E870796D0E38: changes role from  FOLLOWER to CANDIDATE at term 0 for changeToCandidate
2019-10-02 11:24:52,765 [Thread-2364] INFO  impl.RoleInfo (RoleInfo.java:updateAndGet(143)) - ba84d143-80a7-4a6e-9989-1b714b1d4cb3: start LeaderElection
2019-10-02 11:24:52,783 [ba84d143-80a7-4a6e-9989-1b714b1d4cb3@group-E870796D0E38-LeaderElection60] INFO  impl.LeaderElection (LeaderElection.java:askForVotes(178)) - ba84d143-80a7-4a6e-9989-1b714b1d4cb3@group-E870796D0E38-LeaderElection60: begin an election at term 1 for -1: [ba84d143-80a7-4a6e-9989-1b714b1d4cb3:192.168.164.220:33733], old=null
2019-10-02 11:24:52,783 [2096c275-a02b-488c-937e-6bf2624e46a6@group-133EA1E27557-LeaderElection59] INFO  impl.LeaderElection (LeaderElection.java:askForVotes(178)) - 2096c275-a02b-488c-937e-6bf2624e46a6@group-133EA1E27557-LeaderElection59: begin an election at term 1 for -1: [2096c275-a02b-488c-937e-6bf2624e46a6:192.168.164.220:43421], old=null
2019-10-02 11:24:52,784 [ba84d143-80a7-4a6e-9989-1b714b1d4cb3@group-E870796D0E38-LeaderElection60] INFO  impl.RoleInfo (RoleInfo.java:shutdownLeaderElection(134)) - ba84d143-80a7-4a6e-9989-1b714b1d4cb3: shutdown LeaderElection
2019-10-02 11:24:52,784 [2096c275-a02b-488c-937e-6bf2624e46a6@group-133EA1E27557-LeaderElection59] INFO  impl.RoleInfo (RoleInfo.java:shutdownLeaderElection(134)) - 2096c275-a02b-488c-937e-6bf2624e46a6: shutdown LeaderElection
2019-10-02 11:24:52,784 [ba84d143-80a7-4a6e-9989-1b714b1d4cb3@group-E870796D0E38-LeaderElection60] INFO  impl.RaftServerImpl (RaftServerImpl.java:setRole(170)) - ba84d143-80a7-4a6e-9989-1b714b1d4cb3@group-E870796D0E38: changes role from CANDIDATE to LEADER at term 1 for changeToLeader
2019-10-02 11:24:52,784 [ba84d143-80a7-4a6e-9989-1b714b1d4cb3@group-E870796D0E38-LeaderElection60] INFO  impl.RaftServerImpl (ServerState.java:setLeader(255)) - ba84d143-80a7-4a6e-9989-1b714b1d4cb3@group-E870796D0E38: change Leader from null to ba84d143-80a7-4a6e-9989-1b714b1d4cb3 at term 1 for becomeLeader, leader elected after 5055ms
2019-10-02 11:24:52,784 [ba84d143-80a7-4a6e-9989-1b714b1d4cb3@group-E870796D0E38-LeaderElection60] INFO  server.RaftServerConfigKeys (ConfUtils.java:logGet(43)) - raft.server.staging.catchup.gap = 1000 (default)
2019-10-02 11:24:52,784 [ba84d143-80a7-4a6e-9989-1b714b1d4cb3@group-E870796D0E38-LeaderElection60] INFO  server.RaftServerConfigKeys (ConfUtils.java:logGet(43)) - raft.server.rpc.sleep.time = 25ms (default)
2019-10-02 11:24:52,784 [2096c275-a02b-488c-937e-6bf2624e46a6@group-133EA1E27557-LeaderElection59] INFO  impl.RaftServerImpl (RaftServerImpl.java:setRole(170)) - 2096c275-a02b-488c-937e-6bf2624e46a6@group-133EA1E27557: changes role from CANDIDATE to LEADER at term 1 for changeToLeader
2019-10-02 11:24:52,784 [2096c275-a02b-488c-937e-6bf2624e46a6@group-133EA1E27557-LeaderElection59] INFO  impl.RaftServerImpl (ServerState.java:setLeader(255)) - 2096c275-a02b-488c-937e-6bf2624e46a6@group-133EA1E27557: change Leader from null to 2096c275-a02b-488c-937e-6bf2624e46a6 at term 1 for becomeLeader, leader elected after 5145ms
2019-10-02 11:24:52,784 [2096c275-a02b-488c-937e-6bf2624e46a6@group-133EA1E27557-LeaderElection59] INFO  server.RaftServerConfigKeys (ConfUtils.java:logGet(43)) - raft.server.staging.catchup.gap = 1000 (default)
2019-10-02 11:24:52,785 [2096c275-a02b-488c-937e-6bf2624e46a6@group-133EA1E27557-LeaderElection59] INFO  server.RaftServerConfigKeys (ConfUtils.java:logGet(43)) - raft.server.rpc.sleep.time = 25ms (default)
2019-10-02 11:24:52,785 [2096c275-a02b-488c-937e-6bf2624e46a6@group-133EA1E27557-LeaderElection59] INFO  server.RaftServerConfigKeys (ConfUtils.java:logGet(43)) - raft.server.write.element-limit = 4096 (default)
2019-10-02 11:24:52,785 [2096c275-a02b-488c-937e-6bf2624e46a6@group-133EA1E27557-LeaderElection59] INFO  server.RaftServerConfigKeys (ConfUtils.java:logGet(43)) - raft.server.watch.timeout = 10s (default)
2019-10-02 11:24:52,785 [2096c275-a02b-488c-937e-6bf2624e46a6@group-133EA1E27557-LeaderElection59] INFO  server.RaftServerConfigKeys (ConfUtils.java:logGet(43)) - raft.server.watch.timeout.denomination = 1s (default)
2019-10-02 11:24:52,785 [2096c275-a02b-488c-937e-6bf2624e46a6@group-133EA1E27557-LeaderElection59] INFO  server.RaftServerConfigKeys (ConfUtils.java:logGet(43)) - raft.server.watch.element-limit = 65536 (default)
2019-10-02 11:24:52,785 [ba84d143-80a7-4a6e-9989-1b714b1d4cb3@group-E870796D0E38-LeaderElection60] INFO  server.RaftServerConfigKeys (ConfUtils.java:logGet(43)) - raft.server.write.element-limit = 4096 (default)
2019-10-02 11:24:52,785 [ba84d143-80a7-4a6e-9989-1b714b1d4cb3@group-E870796D0E38-LeaderElection60] INFO  server.RaftServerConfigKeys (ConfUtils.java:logGet(43)) - raft.server.watch.timeout = 10s (default)
2019-10-02 11:24:52,786 [ba84d143-80a7-4a6e-9989-1b714b1d4cb3@group-E870796D0E38-LeaderElection60] INFO  server.RaftServerConfigKeys (ConfUtils.java:logGet(43)) - raft.server.watch.timeout.denomination = 1s (default)
2019-10-02 11:24:52,786 [ba84d143-80a7-4a6e-9989-1b714b1d4cb3@group-E870796D0E38-LeaderElection60] INFO  server.RaftServerConfigKeys (ConfUtils.java:logGet(43)) - raft.server.watch.element-limit = 65536 (default)
2019-10-02 11:24:52,789 [ba84d143-80a7-4a6e-9989-1b714b1d4cb3@group-E870796D0E38-LeaderElection60] INFO  impl.RoleInfo (RoleInfo.java:updateAndGet(143)) - ba84d143-80a7-4a6e-9989-1b714b1d4cb3: start LeaderState
2019-10-02 11:24:52,789 [2096c275-a02b-488c-937e-6bf2624e46a6@group-133EA1E27557-LeaderElection59] INFO  impl.RoleInfo (RoleInfo.java:updateAndGet(143)) - 2096c275-a02b-488c-937e-6bf2624e46a6: start LeaderState
2019-10-02 11:24:52,789 [ba84d143-80a7-4a6e-9989-1b714b1d4cb3@group-E870796D0E38-LeaderElection60] INFO  segmented.SegmentedRaftLogWorker (SegmentedRaftLogWorker.java:startLogSegment(385)) - ba84d143-80a7-4a6e-9989-1b714b1d4cb3@group-E870796D0E38-SegmentedRaftLogWorker: Starting segment from index:0
2019-10-02 11:24:52,789 [2096c275-a02b-488c-937e-6bf2624e46a6@group-133EA1E27557-LeaderElection59] INFO  segmented.SegmentedRaftLogWorker (SegmentedRaftLogWorker.java:startLogSegment(385)) - 2096c275-a02b-488c-937e-6bf2624e46a6@group-133EA1E27557-SegmentedRaftLogWorker: Starting segment from index:0
2019-10-02 11:24:52,790 [ba84d143-80a7-4a6e-9989-1b714b1d4cb3@group-E870796D0E38-LeaderElection60] INFO  impl.RaftServerImpl (ServerState.java:setRaftConf(356)) - ba84d143-80a7-4a6e-9989-1b714b1d4cb3@group-E870796D0E38: set configuration 0: [ba84d143-80a7-4a6e-9989-1b714b1d4cb3:192.168.164.220:33733], old=null at 0
2019-10-02 11:24:52,790 [2096c275-a02b-488c-937e-6bf2624e46a6@group-133EA1E27557-LeaderElection59] INFO  impl.RaftServerImpl (ServerState.java:setRaftConf(356)) - 2096c275-a02b-488c-937e-6bf2624e46a6@group-133EA1E27557: set configuration 0: [2096c275-a02b-488c-937e-6bf2624e46a6:192.168.164.220:43421], old=null at 0
2019-10-02 11:24:52,817 [2096c275-a02b-488c-937e-6bf2624e46a6@group-133EA1E27557-SegmentedRaftLogWorker] INFO  segmented.SegmentedRaftLogWorker (SegmentedRaftLogWorker.java:execute(574)) - 2096c275-a02b-488c-937e-6bf2624e46a6@group-133EA1E27557-SegmentedRaftLogWorker: created new log segment /workdir/hadoop-ozone/integration-test/target/test-dir/MiniOzoneClusterImpl-2207a384-d7b7-413f-9b4f-dc9f65a772d6/datanode-4/data/ratis/5ac9ba7d-57d3-48d8-adf7-133ea1e27557/current/log_inprogress_0
2019-10-02 11:24:52,829 [Thread-2367] INFO  impl.FollowerState (FollowerState.java:run(108)) - bdc7a2dc-2cb0-4f16-8d23-fae6103beb47@group-4C96B92CD02A-FollowerState: change to CANDIDATE, lastRpcTime:5049ms, electionTimeout:5049ms
2019-10-02 11:24:52,829 [Thread-2367] INFO  impl.RoleInfo (RoleInfo.java:shutdownFollowerState(121)) - bdc7a2dc-2cb0-4f16-8d23-fae6103beb47: shutdown FollowerState
2019-10-02 11:24:52,829 [Thread-2367] INFO  impl.RaftServerImpl (RaftServerImpl.java:setRole(170)) - bdc7a2dc-2cb0-4f16-8d23-fae6103beb47@group-4C96B92CD02A: changes role from  FOLLOWER to CANDIDATE at term 0 for changeToCandidate
2019-10-02 11:24:52,830 [Thread-2367] INFO  impl.RoleInfo (RoleInfo.java:updateAndGet(143)) - bdc7a2dc-2cb0-4f16-8d23-fae6103beb47: start LeaderElection
2019-10-02 11:24:52,836 [Thread-2361] INFO  impl.FollowerState (FollowerState.java:run(108)) - 4f5f07a4-dfbb-4d4d-bd25-a7068a706aed@group-FF8689987D1F-FollowerState: change to CANDIDATE, lastRpcTime:5146ms, electionTimeout:5146ms
2019-10-02 11:24:52,836 [Thread-2361] INFO  impl.RoleInfo (RoleInfo.java:shutdownFollowerState(121)) - 4f5f07a4-dfbb-4d4d-bd25-a7068a706aed: shutdown FollowerState
2019-10-02 11:24:52,836 [Thread-2361] INFO  impl.RaftServerImpl (RaftServerImpl.java:setRole(170)) - 4f5f07a4-dfbb-4d4d-bd25-a7068a706aed@group-FF8689987D1F: changes role from  FOLLOWER to CANDIDATE at term 0 for changeToCandidate
2019-10-02 11:24:52,836 [Thread-2361] INFO  impl.RoleInfo (RoleInfo.java:updateAndGet(143)) - 4f5f07a4-dfbb-4d4d-bd25-a7068a706aed: start LeaderElection
2019-10-02 11:24:52,846 [ba84d143-80a7-4a6e-9989-1b714b1d4cb3@group-E870796D0E38-SegmentedRaftLogWorker] INFO  segmented.SegmentedRaftLogWorker (SegmentedRaftLogWorker.java:execute(574)) - ba84d143-80a7-4a6e-9989-1b714b1d4cb3@group-E870796D0E38-SegmentedRaftLogWorker: created new log segment /workdir/hadoop-ozone/integration-test/target/test-dir/MiniOzoneClusterImpl-2207a384-d7b7-413f-9b4f-dc9f65a772d6/datanode-5/data/ratis/1009683d-be1c-4878-987a-e870796d0e38/current/log_inprogress_0
2019-10-02 11:24:52,846 [4f5f07a4-dfbb-4d4d-bd25-a7068a706aed@group-FF8689987D1F-LeaderElection62] INFO  impl.LeaderElection (LeaderElection.java:askForVotes(178)) - 4f5f07a4-dfbb-4d4d-bd25-a7068a706aed@group-FF8689987D1F-LeaderElection62: begin an election at term 1 for -1: [4f5f07a4-dfbb-4d4d-bd25-a7068a706aed:192.168.164.220:41036], old=null
2019-10-02 11:24:52,846 [bdc7a2dc-2cb0-4f16-8d23-fae6103beb47@group-4C96B92CD02A-LeaderElection61] INFO  impl.LeaderElection (LeaderElection.java:askForVotes(178)) - bdc7a2dc-2cb0-4f16-8d23-fae6103beb47@group-4C96B92CD02A-LeaderElection61: begin an election at term 1 for -1: [bdc7a2dc-2cb0-4f16-8d23-fae6103beb47:192.168.164.220:38222], old=null
2019-10-02 11:24:52,846 [4f5f07a4-dfbb-4d4d-bd25-a7068a706aed@group-FF8689987D1F-LeaderElection62] INFO  impl.RoleInfo (RoleInfo.java:shutdownLeaderElection(134)) - 4f5f07a4-dfbb-4d4d-bd25-a7068a706aed: shutdown LeaderElection
2019-10-02 11:24:52,846 [bdc7a2dc-2cb0-4f16-8d23-fae6103beb47@group-4C96B92CD02A-LeaderElection61] INFO  impl.RoleInfo (RoleInfo.java:shutdownLeaderElection(134)) - bdc7a2dc-2cb0-4f16-8d23-fae6103beb47: shutdown LeaderElection
2019-10-02 11:24:52,846 [4f5f07a4-dfbb-4d4d-bd25-a7068a706aed@group-FF8689987D1F-LeaderElection62] INFO  impl.RaftServerImpl (RaftServerImpl.java:setRole(170)) - 4f5f07a4-dfbb-4d4d-bd25-a7068a706aed@group-FF8689987D1F: changes role from CANDIDATE to LEADER at term 1 for changeToLeader
2019-10-02 11:24:52,846 [bdc7a2dc-2cb0-4f16-8d23-fae6103beb47@group-4C96B92CD02A-LeaderElection61] INFO  impl.RaftServerImpl (RaftServerImpl.java:setRole(170)) - bdc7a2dc-2cb0-4f16-8d23-fae6103beb47@group-4C96B92CD02A: changes role from CANDIDATE to LEADER at term 1 for changeToLeader
2019-10-02 11:24:52,846 [4f5f07a4-dfbb-4d4d-bd25-a7068a706aed@group-FF8689987D1F-LeaderElection62] INFO  impl.RaftServerImpl (ServerState.java:setLeader(255)) - 4f5f07a4-dfbb-4d4d-bd25-a7068a706aed@group-FF8689987D1F: change Leader from null to 4f5f07a4-dfbb-4d4d-bd25-a7068a706aed at term 1 for becomeLeader, leader elected after 5163ms
2019-10-02 11:24:52,846 [bdc7a2dc-2cb0-4f16-8d23-fae6103beb47@group-4C96B92CD02A-LeaderElection61] INFO  impl.RaftServerImpl (ServerState.java:setLeader(255)) - bdc7a2dc-2cb0-4f16-8d23-fae6103beb47@group-4C96B92CD02A: change Leader from null to bdc7a2dc-2cb0-4f16-8d23-fae6103beb47 at term 1 for becomeLeader, leader elected after 5073ms
2019-10-02 11:24:52,847 [4f5f07a4-dfbb-4d4d-bd25-a7068a706aed@group-FF8689987D1F-LeaderElection62] INFO  server.RaftServerConfigKeys (ConfUtils.java:logGet(43)) - raft.server.staging.catchup.gap = 1000 (default)
2019-10-02 11:24:52,847 [bdc7a2dc-2cb0-4f16-8d23-fae6103beb47@group-4C96B92CD02A-LeaderElection61] INFO  server.RaftServerConfigKeys (ConfUtils.java:logGet(43)) - raft.server.staging.catchup.gap = 1000 (default)
2019-10-02 11:24:52,847 [4f5f07a4-dfbb-4d4d-bd25-a7068a706aed@group-FF8689987D1F-LeaderElection62] INFO  server.RaftServerConfigKeys (ConfUtils.java:logGet(43)) - raft.server.rpc.sleep.time = 25ms (default)
2019-10-02 11:24:52,847 [bdc7a2dc-2cb0-4f16-8d23-fae6103beb47@group-4C96B92CD02A-LeaderElection61] INFO  server.RaftServerConfigKeys (ConfUtils.java:logGet(43)) - raft.server.rpc.sleep.time = 25ms (default)
2019-10-02 11:24:52,847 [bdc7a2dc-2cb0-4f16-8d23-fae6103beb47@group-4C96B92CD02A-LeaderElection61] INFO  server.RaftServerConfigKeys (ConfUtils.java:logGet(43)) - raft.server.write.element-limit = 4096 (default)
2019-10-02 11:24:52,847 [4f5f07a4-dfbb-4d4d-bd25-a7068a706aed@group-FF8689987D1F-LeaderElection62] INFO  server.RaftServerConfigKeys (ConfUtils.java:logGet(43)) - raft.server.write.element-limit = 4096 (default)
2019-10-02 11:24:52,847 [bdc7a2dc-2cb0-4f16-8d23-fae6103beb47@group-4C96B92CD02A-LeaderElection61] INFO  server.RaftServerConfigKeys (ConfUtils.java:logGet(43)) - raft.server.watch.timeout = 10s (default)
2019-10-02 11:24:52,848 [4f5f07a4-dfbb-4d4d-bd25-a7068a706aed@group-FF8689987D1F-LeaderElection62] INFO  server.RaftServerConfigKeys (ConfUtils.java:logGet(43)) - raft.server.watch.timeout = 10s (default)
2019-10-02 11:24:52,848 [4f5f07a4-dfbb-4d4d-bd25-a7068a706aed@group-FF8689987D1F-LeaderElection62] INFO  server.RaftServerConfigKeys (ConfUtils.java:logGet(43)) - raft.server.watch.timeout.denomination = 1s (default)
2019-10-02 11:24:52,848 [4f5f07a4-dfbb-4d4d-bd25-a7068a706aed@group-FF8689987D1F-LeaderElection62] INFO  server.RaftServerConfigKeys (ConfUtils.java:logGet(43)) - raft.server.watch.element-limit = 65536 (default)
2019-10-02 11:24:52,848 [bdc7a2dc-2cb0-4f16-8d23-fae6103beb47@group-4C96B92CD02A-LeaderElection61] INFO  server.RaftServerConfigKeys (ConfUtils.java:logGet(43)) - raft.server.watch.timeout.denomination = 1s (default)
2019-10-02 11:24:52,848 [bdc7a2dc-2cb0-4f16-8d23-fae6103beb47@group-4C96B92CD02A-LeaderElection61] INFO  server.RaftServerConfigKeys (ConfUtils.java:logGet(43)) - raft.server.watch.element-limit = 65536 (default)
2019-10-02 11:24:52,850 [4f5f07a4-dfbb-4d4d-bd25-a7068a706aed@group-FF8689987D1F-LeaderElection62] INFO  impl.RoleInfo (RoleInfo.java:updateAndGet(143)) - 4f5f07a4-dfbb-4d4d-bd25-a7068a706aed: start LeaderState
2019-10-02 11:24:52,851 [bdc7a2dc-2cb0-4f16-8d23-fae6103beb47@group-4C96B92CD02A-LeaderElection61] INFO  impl.RoleInfo (RoleInfo.java:updateAndGet(143)) - bdc7a2dc-2cb0-4f16-8d23-fae6103beb47: start LeaderState
2019-10-02 11:24:52,851 [4f5f07a4-dfbb-4d4d-bd25-a7068a706aed@group-FF8689987D1F-LeaderElection62] INFO  segmented.SegmentedRaftLogWorker (SegmentedRaftLogWorker.java:startLogSegment(385)) - 4f5f07a4-dfbb-4d4d-bd25-a7068a706aed@group-FF8689987D1F-SegmentedRaftLogWorker: Starting segment from index:0
2019-10-02 11:24:52,851 [bdc7a2dc-2cb0-4f16-8d23-fae6103beb47@group-4C96B92CD02A-LeaderElection61] INFO  segmented.SegmentedRaftLogWorker (SegmentedRaftLogWorker.java:startLogSegment(385)) - bdc7a2dc-2cb0-4f16-8d23-fae6103beb47@group-4C96B92CD02A-SegmentedRaftLogWorker: Starting segment from index:0
2019-10-02 11:24:52,851 [4f5f07a4-dfbb-4d4d-bd25-a7068a706aed@group-FF8689987D1F-LeaderElection62] INFO  impl.RaftServerImpl (ServerState.java:setRaftConf(356)) - 4f5f07a4-dfbb-4d4d-bd25-a7068a706aed@group-FF8689987D1F: set configuration 0: [4f5f07a4-dfbb-4d4d-bd25-a7068a706aed:192.168.164.220:41036], old=null at 0
2019-10-02 11:24:52,851 [bdc7a2dc-2cb0-4f16-8d23-fae6103beb47@group-4C96B92CD02A-LeaderElection61] INFO  impl.RaftServerImpl (ServerState.java:setRaftConf(356)) - bdc7a2dc-2cb0-4f16-8d23-fae6103beb47@group-4C96B92CD02A: set configuration 0: [bdc7a2dc-2cb0-4f16-8d23-fae6103beb47:192.168.164.220:38222], old=null at 0
2019-10-02 11:24:52,888 [Thread-2375] INFO  impl.FollowerState (FollowerState.java:run(108)) - bdc7a2dc-2cb0-4f16-8d23-fae6103beb47@group-8C4C768DEEBB-FollowerState: change to CANDIDATE, lastRpcTime:5027ms, electionTimeout:5027ms
2019-10-02 11:24:52,888 [Thread-2375] INFO  impl.RoleInfo (RoleInfo.java:shutdownFollowerState(121)) - bdc7a2dc-2cb0-4f16-8d23-fae6103beb47: shutdown FollowerState
2019-10-02 11:24:52,888 [Thread-2375] INFO  impl.RaftServerImpl (RaftServerImpl.java:setRole(170)) - bdc7a2dc-2cb0-4f16-8d23-fae6103beb47@group-8C4C768DEEBB: changes role from  FOLLOWER to CANDIDATE at term 0 for changeToCandidate
2019-10-02 11:24:52,888 [Thread-2375] INFO  impl.RoleInfo (RoleInfo.java:updateAndGet(143)) - bdc7a2dc-2cb0-4f16-8d23-fae6103beb47: start LeaderElection
2019-10-02 11:24:52,896 [bdc7a2dc-2cb0-4f16-8d23-fae6103beb47@group-4C96B92CD02A-SegmentedRaftLogWorker] INFO  segmented.SegmentedRaftLogWorker (SegmentedRaftLogWorker.java:execute(574)) - bdc7a2dc-2cb0-4f16-8d23-fae6103beb47@group-4C96B92CD02A-SegmentedRaftLogWorker: created new log segment /workdir/hadoop-ozone/integration-test/target/test-dir/MiniOzoneClusterImpl-2207a384-d7b7-413f-9b4f-dc9f65a772d6/datanode-6/data/ratis/6e959fc4-ae3d-4e8e-8b81-4c96b92cd02a/current/log_inprogress_0
2019-10-02 11:24:52,896 [Thread-2374] INFO  impl.FollowerState (FollowerState.java:run(108)) - 4f5f07a4-dfbb-4d4d-bd25-a7068a706aed@group-8C4C768DEEBB-FollowerState: change to CANDIDATE, lastRpcTime:5035ms, electionTimeout:5034ms
2019-10-02 11:24:52,896 [4f5f07a4-dfbb-4d4d-bd25-a7068a706aed@group-FF8689987D1F-SegmentedRaftLogWorker] INFO  segmented.SegmentedRaftLogWorker (SegmentedRaftLogWorker.java:execute(574)) - 4f5f07a4-dfbb-4d4d-bd25-a7068a706aed@group-FF8689987D1F-SegmentedRaftLogWorker: created new log segment /workdir/hadoop-ozone/integration-test/target/test-dir/MiniOzoneClusterImpl-2207a384-d7b7-413f-9b4f-dc9f65a772d6/datanode-3/data/ratis/4de814e0-00c8-40ec-9b5e-ff8689987d1f/current/log_inprogress_0
2019-10-02 11:24:52,897 [Thread-2374] INFO  impl.RoleInfo (RoleInfo.java:shutdownFollowerState(121)) - 4f5f07a4-dfbb-4d4d-bd25-a7068a706aed: shutdown FollowerState
2019-10-02 11:24:52,897 [Thread-2374] INFO  impl.RaftServerImpl (RaftServerImpl.java:setRole(170)) - 4f5f07a4-dfbb-4d4d-bd25-a7068a706aed@group-8C4C768DEEBB: changes role from  FOLLOWER to CANDIDATE at term 0 for changeToCandidate
2019-10-02 11:24:52,897 [Thread-2374] INFO  impl.RoleInfo (RoleInfo.java:updateAndGet(143)) - 4f5f07a4-dfbb-4d4d-bd25-a7068a706aed: start LeaderElection
2019-10-02 11:24:52,910 [4f5f07a4-dfbb-4d4d-bd25-a7068a706aed@group-8C4C768DEEBB-LeaderElection64] INFO  impl.LeaderElection (LeaderElection.java:askForVotes(178)) - 4f5f07a4-dfbb-4d4d-bd25-a7068a706aed@group-8C4C768DEEBB-LeaderElection64: begin an election at term 1 for -1: [4f5f07a4-dfbb-4d4d-bd25-a7068a706aed:192.168.164.220:41036, 2096c275-a02b-488c-937e-6bf2624e46a6:192.168.164.220:43421, bdc7a2dc-2cb0-4f16-8d23-fae6103beb47:192.168.164.220:38222], old=null
2019-10-02 11:24:52,910 [bdc7a2dc-2cb0-4f16-8d23-fae6103beb47@group-8C4C768DEEBB-LeaderElection63] INFO  impl.LeaderElection (LeaderElection.java:askForVotes(178)) - bdc7a2dc-2cb0-4f16-8d23-fae6103beb47@group-8C4C768DEEBB-LeaderElection63: begin an election at term 1 for -1: [4f5f07a4-dfbb-4d4d-bd25-a7068a706aed:192.168.164.220:41036, 2096c275-a02b-488c-937e-6bf2624e46a6:192.168.164.220:43421, bdc7a2dc-2cb0-4f16-8d23-fae6103beb47:192.168.164.220:38222], old=null
2019-10-02 11:24:52,927 [grpc-default-executor-6] INFO  impl.RaftServerImpl (RaftServerImpl.java:setRole(170)) - 2096c275-a02b-488c-937e-6bf2624e46a6@group-8C4C768DEEBB: changes role from  FOLLOWER to FOLLOWER at term 1 for recognizeCandidate:4f5f07a4-dfbb-4d4d-bd25-a7068a706aed
2019-10-02 11:24:52,927 [grpc-default-executor-6] INFO  impl.RoleInfo (RoleInfo.java:shutdownFollowerState(121)) - 2096c275-a02b-488c-937e-6bf2624e46a6: shutdown FollowerState
2019-10-02 11:24:52,931 [Thread-2370] INFO  impl.FollowerState (FollowerState.java:run(117)) - 2096c275-a02b-488c-937e-6bf2624e46a6@group-8C4C768DEEBB-FollowerState was interrupted: java.lang.InterruptedException: sleep interrupted
2019-10-02 11:24:52,931 [grpc-default-executor-6] INFO  impl.RoleInfo (RoleInfo.java:updateAndGet(143)) - 2096c275-a02b-488c-937e-6bf2624e46a6: start FollowerState
2019-10-02 11:24:52,973 [Datanode State Machine Thread - 0] INFO  statemachine.DatanodeStateMachine (DatanodeStateMachine.java:lambda$startDaemon$0(350)) - Ozone container server started.
2019-10-02 11:24:52,974 [4f5f07a4-dfbb-4d4d-bd25-a7068a706aed@group-8C4C768DEEBB-LeaderElection64] INFO  impl.LeaderElection (LeaderElection.java:logAndReturn(56)) - 4f5f07a4-dfbb-4d4d-bd25-a7068a706aed@group-8C4C768DEEBB-LeaderElection64: Election PASSED; received 2 response(s) [4f5f07a4-dfbb-4d4d-bd25-a7068a706aed<-bdc7a2dc-2cb0-4f16-8d23-fae6103beb47#0:FAIL-t1, 4f5f07a4-dfbb-4d4d-bd25-a7068a706aed<-2096c275-a02b-488c-937e-6bf2624e46a6#0:OK-t1] and 0 exception(s); 4f5f07a4-dfbb-4d4d-bd25-a7068a706aed@group-8C4C768DEEBB:t1, leader=null, voted=4f5f07a4-dfbb-4d4d-bd25-a7068a706aed, raftlog=4f5f07a4-dfbb-4d4d-bd25-a7068a706aed@group-8C4C768DEEBB-SegmentedRaftLog:OPENED:c-1,f-1,i0, conf=-1: [4f5f07a4-dfbb-4d4d-bd25-a7068a706aed:192.168.164.220:41036, 2096c275-a02b-488c-937e-6bf2624e46a6:192.168.164.220:43421, bdc7a2dc-2cb0-4f16-8d23-fae6103beb47:192.168.164.220:38222], old=null
2019-10-02 11:24:52,974 [bdc7a2dc-2cb0-4f16-8d23-fae6103beb47@group-8C4C768DEEBB-LeaderElection63] INFO  impl.LeaderElection (LeaderElection.java:logAndReturn(56)) - bdc7a2dc-2cb0-4f16-8d23-fae6103beb47@group-8C4C768DEEBB-LeaderElection63: Election REJECTED; received 2 response(s) [bdc7a2dc-2cb0-4f16-8d23-fae6103beb47<-4f5f07a4-dfbb-4d4d-bd25-a7068a706aed#0:FAIL-t1, bdc7a2dc-2cb0-4f16-8d23-fae6103beb47<-2096c275-a02b-488c-937e-6bf2624e46a6#0:FAIL-t1] and 0 exception(s); bdc7a2dc-2cb0-4f16-8d23-fae6103beb47@group-8C4C768DEEBB:t1, leader=null, voted=bdc7a2dc-2cb0-4f16-8d23-fae6103beb47, raftlog=bdc7a2dc-2cb0-4f16-8d23-fae6103beb47@group-8C4C768DEEBB-SegmentedRaftLog:OPENED:c-1,f-1,i0, conf=-1: [4f5f07a4-dfbb-4d4d-bd25-a7068a706aed:192.168.164.220:41036, 2096c275-a02b-488c-937e-6bf2624e46a6:192.168.164.220:43421, bdc7a2dc-2cb0-4f16-8d23-fae6103beb47:192.168.164.220:38222], old=null
2019-10-02 11:24:52,974 [4f5f07a4-dfbb-4d4d-bd25-a7068a706aed@group-8C4C768DEEBB-LeaderElection64] INFO  impl.RoleInfo (RoleInfo.java:shutdownLeaderElection(134)) - 4f5f07a4-dfbb-4d4d-bd25-a7068a706aed: shutdown LeaderElection
2019-10-02 11:24:52,974 [bdc7a2dc-2cb0-4f16-8d23-fae6103beb47@group-8C4C768DEEBB-LeaderElection63] INFO  impl.RaftServerImpl (RaftServerImpl.java:setRole(170)) - bdc7a2dc-2cb0-4f16-8d23-fae6103beb47@group-8C4C768DEEBB: changes role from CANDIDATE to FOLLOWER at term 1 for DISCOVERED_A_NEW_TERM
2019-10-02 11:24:52,974 [4f5f07a4-dfbb-4d4d-bd25-a7068a706aed@group-8C4C768DEEBB-LeaderElection64] INFO  impl.RaftServerImpl (RaftServerImpl.java:setRole(170)) - 4f5f07a4-dfbb-4d4d-bd25-a7068a706aed@group-8C4C768DEEBB: changes role from CANDIDATE to LEADER at term 1 for changeToLeader
2019-10-02 11:24:52,974 [bdc7a2dc-2cb0-4f16-8d23-fae6103beb47@group-8C4C768DEEBB-LeaderElection63] INFO  impl.RoleInfo (RoleInfo.java:shutdownLeaderElection(134)) - bdc7a2dc-2cb0-4f16-8d23-fae6103beb47: shutdown LeaderElection
2019-10-02 11:24:52,975 [4f5f07a4-dfbb-4d4d-bd25-a7068a706aed@group-8C4C768DEEBB-LeaderElection64] INFO  impl.RaftServerImpl (ServerState.java:setLeader(255)) - 4f5f07a4-dfbb-4d4d-bd25-a7068a706aed@group-8C4C768DEEBB: change Leader from null to 4f5f07a4-dfbb-4d4d-bd25-a7068a706aed at term 1 for becomeLeader, leader elected after 5124ms
2019-10-02 11:24:52,975 [bdc7a2dc-2cb0-4f16-8d23-fae6103beb47@group-8C4C768DEEBB-LeaderElection63] INFO  impl.RoleInfo (RoleInfo.java:updateAndGet(143)) - bdc7a2dc-2cb0-4f16-8d23-fae6103beb47: start FollowerState
2019-10-02 11:24:52,975 [4f5f07a4-dfbb-4d4d-bd25-a7068a706aed@group-8C4C768DEEBB-LeaderElection64] INFO  server.RaftServerConfigKeys (ConfUtils.java:logGet(43)) - raft.server.staging.catchup.gap = 1000 (default)
2019-10-02 11:24:52,975 [4f5f07a4-dfbb-4d4d-bd25-a7068a706aed@group-8C4C768DEEBB-LeaderElection64] INFO  server.RaftServerConfigKeys (ConfUtils.java:logGet(43)) - raft.server.rpc.sleep.time = 25ms (default)
2019-10-02 11:24:52,975 [4f5f07a4-dfbb-4d4d-bd25-a7068a706aed@group-8C4C768DEEBB-LeaderElection64] INFO  server.RaftServerConfigKeys (ConfUtils.java:logGet(43)) - raft.server.write.element-limit = 4096 (default)
2019-10-02 11:24:52,975 [4f5f07a4-dfbb-4d4d-bd25-a7068a706aed@group-8C4C768DEEBB-LeaderElection64] INFO  server.RaftServerConfigKeys (ConfUtils.java:logGet(43)) - raft.server.watch.timeout = 10s (default)
2019-10-02 11:24:52,975 [4f5f07a4-dfbb-4d4d-bd25-a7068a706aed@group-8C4C768DEEBB-LeaderElection64] INFO  server.RaftServerConfigKeys (ConfUtils.java:logGet(43)) - raft.server.watch.timeout.denomination = 1s (default)
2019-10-02 11:24:52,975 [4f5f07a4-dfbb-4d4d-bd25-a7068a706aed@group-8C4C768DEEBB-LeaderElection64] INFO  server.RaftServerConfigKeys (ConfUtils.java:logGet(43)) - raft.server.watch.element-limit = 65536 (default)
2019-10-02 11:24:52,978 [4f5f07a4-dfbb-4d4d-bd25-a7068a706aed@group-8C4C768DEEBB-LeaderElection64] INFO  server.RaftServerConfigKeys (ConfUtils.java:logGet(43)) - raft.server.log.appender.snapshot.chunk.size.max = 16MB (=16777216) (default)
2019-10-02 11:24:52,978 [4f5f07a4-dfbb-4d4d-bd25-a7068a706aed@group-8C4C768DEEBB-LeaderElection64] INFO  server.RaftServerConfigKeys (ConfUtils.java:logGet(43)) - raft.server.log.appender.buffer.byte-limit = 33554432 (custom)
2019-10-02 11:24:52,978 [4f5f07a4-dfbb-4d4d-bd25-a7068a706aed@group-8C4C768DEEBB-LeaderElection64] INFO  server.RaftServerConfigKeys (ConfUtils.java:logGet(43)) - raft.server.log.appender.buffer.element-limit = 1 (custom)
2019-10-02 11:24:52,979 [4f5f07a4-dfbb-4d4d-bd25-a7068a706aed@group-8C4C768DEEBB-LeaderElection64] INFO  grpc.GrpcConfigKeys$Server (ConfUtils.java:logGet(43)) - raft.grpc.server.leader.outstanding.appends.max = 128 (default)
2019-10-02 11:24:52,979 [4f5f07a4-dfbb-4d4d-bd25-a7068a706aed@group-8C4C768DEEBB-LeaderElection64] INFO  server.RaftServerConfigKeys (ConfUtils.java:logGet(43)) - raft.server.rpc.request.timeout = 3000ms (default)
2019-10-02 11:24:52,980 [4f5f07a4-dfbb-4d4d-bd25-a7068a706aed@group-8C4C768DEEBB-LeaderElection64] INFO  server.RaftServerConfigKeys (ConfUtils.java:logGet(43)) - raft.server.log.appender.install.snapshot.enabled = false (custom)
2019-10-02 11:24:52,980 [4f5f07a4-dfbb-4d4d-bd25-a7068a706aed@group-8C4C768DEEBB-LeaderElection64] INFO  server.RaftServerConfigKeys (ConfUtils.java:logGet(43)) - raft.server.log.appender.snapshot.chunk.size.max = 16MB (=16777216) (default)
2019-10-02 11:24:52,980 [4f5f07a4-dfbb-4d4d-bd25-a7068a706aed@group-8C4C768DEEBB-LeaderElection64] INFO  server.RaftServerConfigKeys (ConfUtils.java:logGet(43)) - raft.server.log.appender.buffer.byte-limit = 33554432 (custom)
2019-10-02 11:24:52,980 [4f5f07a4-dfbb-4d4d-bd25-a7068a706aed@group-8C4C768DEEBB-LeaderElection64] INFO  server.RaftServerConfigKeys (ConfUtils.java:logGet(43)) - raft.server.log.appender.buffer.element-limit = 1 (custom)
2019-10-02 11:24:52,980 [4f5f07a4-dfbb-4d4d-bd25-a7068a706aed@group-8C4C768DEEBB-LeaderElection64] INFO  grpc.GrpcConfigKeys$Server (ConfUtils.java:logGet(43)) - raft.grpc.server.leader.outstanding.appends.max = 128 (default)
2019-10-02 11:24:52,981 [4f5f07a4-dfbb-4d4d-bd25-a7068a706aed@group-8C4C768DEEBB-LeaderElection64] INFO  server.RaftServerConfigKeys (ConfUtils.java:logGet(43)) - raft.server.rpc.request.timeout = 3000ms (default)
2019-10-02 11:24:52,981 [4f5f07a4-dfbb-4d4d-bd25-a7068a706aed@group-8C4C768DEEBB-LeaderElection64] INFO  server.RaftServerConfigKeys (ConfUtils.java:logGet(43)) - raft.server.log.appender.install.snapshot.enabled = false (custom)
2019-10-02 11:24:52,981 [4f5f07a4-dfbb-4d4d-bd25-a7068a706aed@group-8C4C768DEEBB-LeaderElection64] INFO  impl.RoleInfo (RoleInfo.java:updateAndGet(143)) - 4f5f07a4-dfbb-4d4d-bd25-a7068a706aed: start LeaderState
2019-10-02 11:24:52,981 [4f5f07a4-dfbb-4d4d-bd25-a7068a706aed@group-8C4C768DEEBB-LeaderElection64] INFO  segmented.SegmentedRaftLogWorker (SegmentedRaftLogWorker.java:startLogSegment(385)) - 4f5f07a4-dfbb-4d4d-bd25-a7068a706aed@group-8C4C768DEEBB-SegmentedRaftLogWorker: Starting segment from index:0
2019-10-02 11:24:52,982 [4f5f07a4-dfbb-4d4d-bd25-a7068a706aed@group-8C4C768DEEBB-LeaderElection64] INFO  impl.RaftServerImpl (ServerState.java:setRaftConf(356)) - 4f5f07a4-dfbb-4d4d-bd25-a7068a706aed@group-8C4C768DEEBB: set configuration 0: [4f5f07a4-dfbb-4d4d-bd25-a7068a706aed:192.168.164.220:41036, 2096c275-a02b-488c-937e-6bf2624e46a6:192.168.164.220:43421, bdc7a2dc-2cb0-4f16-8d23-fae6103beb47:192.168.164.220:38222], old=null at 0
2019-10-02 11:24:52,984 [grpc-default-executor-6] INFO  impl.RaftServerImpl (ServerState.java:setLeader(255)) - bdc7a2dc-2cb0-4f16-8d23-fae6103beb47@group-8C4C768DEEBB: change Leader from null to 4f5f07a4-dfbb-4d4d-bd25-a7068a706aed at term 1 for appendEntries, leader elected after 5133ms
2019-10-02 11:24:52,984 [grpc-default-executor-7] INFO  impl.RaftServerImpl (ServerState.java:setLeader(255)) - 2096c275-a02b-488c-937e-6bf2624e46a6@group-8C4C768DEEBB: change Leader from null to 4f5f07a4-dfbb-4d4d-bd25-a7068a706aed at term 1 for appendEntries, leader elected after 5133ms
2019-10-02 11:24:52,986 [grpc-default-executor-6] INFO  impl.RaftServerImpl (ServerState.java:setRaftConf(356)) - bdc7a2dc-2cb0-4f16-8d23-fae6103beb47@group-8C4C768DEEBB: set configuration 0: [4f5f07a4-dfbb-4d4d-bd25-a7068a706aed:192.168.164.220:41036, 2096c275-a02b-488c-937e-6bf2624e46a6:192.168.164.220:43421, bdc7a2dc-2cb0-4f16-8d23-fae6103beb47:192.168.164.220:38222], old=null at 0
2019-10-02 11:24:52,986 [grpc-default-executor-6] INFO  segmented.SegmentedRaftLogWorker (SegmentedRaftLogWorker.java:startLogSegment(385)) - bdc7a2dc-2cb0-4f16-8d23-fae6103beb47@group-8C4C768DEEBB-SegmentedRaftLogWorker: Starting segment from index:0
2019-10-02 11:24:52,986 [grpc-default-executor-7] INFO  impl.RaftServerImpl (ServerState.java:setRaftConf(356)) - 2096c275-a02b-488c-937e-6bf2624e46a6@group-8C4C768DEEBB: set configuration 0: [4f5f07a4-dfbb-4d4d-bd25-a7068a706aed:192.168.164.220:41036, 2096c275-a02b-488c-937e-6bf2624e46a6:192.168.164.220:43421, bdc7a2dc-2cb0-4f16-8d23-fae6103beb47:192.168.164.220:38222], old=null at 0
2019-10-02 11:24:52,986 [grpc-default-executor-7] INFO  segmented.SegmentedRaftLogWorker (SegmentedRaftLogWorker.java:startLogSegment(385)) - 2096c275-a02b-488c-937e-6bf2624e46a6@group-8C4C768DEEBB-SegmentedRaftLogWorker: Starting segment from index:0
2019-10-02 11:24:53,023 [bdc7a2dc-2cb0-4f16-8d23-fae6103beb47@group-8C4C768DEEBB-SegmentedRaftLogWorker] INFO  segmented.SegmentedRaftLogWorker (SegmentedRaftLogWorker.java:execute(574)) - bdc7a2dc-2cb0-4f16-8d23-fae6103beb47@group-8C4C768DEEBB-SegmentedRaftLogWorker: created new log segment /workdir/hadoop-ozone/integration-test/target/test-dir/MiniOzoneClusterImpl-2207a384-d7b7-413f-9b4f-dc9f65a772d6/datanode-6/data/ratis/0faaeffd-f38f-4e4c-880e-8c4c768deebb/current/log_inprogress_0
2019-10-02 11:24:53,023 [2096c275-a02b-488c-937e-6bf2624e46a6@group-8C4C768DEEBB-SegmentedRaftLogWorker] INFO  segmented.SegmentedRaftLogWorker (SegmentedRaftLogWorker.java:execute(574)) - 2096c275-a02b-488c-937e-6bf2624e46a6@group-8C4C768DEEBB-SegmentedRaftLogWorker: created new log segment /workdir/hadoop-ozone/integration-test/target/test-dir/MiniOzoneClusterImpl-2207a384-d7b7-413f-9b4f-dc9f65a772d6/datanode-4/data/ratis/0faaeffd-f38f-4e4c-880e-8c4c768deebb/current/log_inprogress_0
2019-10-02 11:24:53,023 [4f5f07a4-dfbb-4d4d-bd25-a7068a706aed@group-8C4C768DEEBB-SegmentedRaftLogWorker] INFO  segmented.SegmentedRaftLogWorker (SegmentedRaftLogWorker.java:execute(574)) - 4f5f07a4-dfbb-4d4d-bd25-a7068a706aed@group-8C4C768DEEBB-SegmentedRaftLogWorker: created new log segment /workdir/hadoop-ozone/integration-test/target/test-dir/MiniOzoneClusterImpl-2207a384-d7b7-413f-9b4f-dc9f65a772d6/datanode-3/data/ratis/0faaeffd-f38f-4e4c-880e-8c4c768deebb/current/log_inprogress_0
2019-10-02 11:24:57,954 [main] INFO  ozoneimpl.OzoneContainer (OzoneContainer.java:stop(231)) - Attempting to stop container services.
2019-10-02 11:24:57,955 [main] INFO  impl.RaftServerProxy (RaftServerProxy.java:lambda$close$4(314)) - f3e9a990-b4e8-45f3-a6f9-413bc14ceb6e: close
2019-10-02 11:24:57,956 [main] INFO  impl.RaftServerImpl (RaftServerImpl.java:lambda$shutdown$3(247)) - f3e9a990-b4e8-45f3-a6f9-413bc14ceb6e@group-9DE1F8821936: shutdown
2019-10-02 11:24:57,956 [main] INFO  util.JmxRegister (JmxRegister.java:unregister(73)) - Successfully un-registered JMX Bean with object name Ratis:service=RaftServer,group=group-9DE1F8821936,id=f3e9a990-b4e8-45f3-a6f9-413bc14ceb6e
2019-10-02 11:24:57,956 [main] INFO  impl.RoleInfo (RoleInfo.java:shutdownLeaderState(104)) - f3e9a990-b4e8-45f3-a6f9-413bc14ceb6e: shutdown LeaderState
2019-10-02 11:24:57,956 [main] INFO  impl.PendingRequests (PendingRequests.java:sendNotLeaderResponses(202)) - f3e9a990-b4e8-45f3-a6f9-413bc14ceb6e@group-9DE1F8821936-PendingRequests: sendNotLeaderResponses
2019-10-02 11:24:57,957 [main] INFO  impl.StateMachineUpdater (StateMachineUpdater.java:stopAndJoin(136)) - f3e9a990-b4e8-45f3-a6f9-413bc14ceb6e@group-9DE1F8821936-StateMachineUpdater: set stopIndex = 0
2019-10-02 11:24:57,958 [main] INFO  impl.RaftServerImpl (ServerState.java:close(387)) - f3e9a990-b4e8-45f3-a6f9-413bc14ceb6e@group-9DE1F8821936: closes. applyIndex: 0
2019-10-02 11:24:57,958 [f3e9a990-b4e8-45f3-a6f9-413bc14ceb6e@group-9DE1F8821936-SegmentedRaftLogWorker] INFO  segmented.SegmentedRaftLogWorker (SegmentedRaftLogWorker.java:run(316)) - f3e9a990-b4e8-45f3-a6f9-413bc14ceb6e@group-9DE1F8821936-SegmentedRaftLogWorker was interrupted, exiting. There are 0 tasks remaining in the queue.
2019-10-02 11:24:57,959 [main] INFO  segmented.SegmentedRaftLogWorker (SegmentedRaftLogWorker.java:close(224)) - f3e9a990-b4e8-45f3-a6f9-413bc14ceb6e@group-9DE1F8821936-SegmentedRaftLogWorker close()
2019-10-02 11:24:57,964 [main] INFO  impl.RaftServerImpl (RaftServerImpl.java:lambda$shutdown$3(247)) - f3e9a990-b4e8-45f3-a6f9-413bc14ceb6e@group-9A4835F862C7: shutdown
2019-10-02 11:24:57,964 [main] INFO  util.JmxRegister (JmxRegister.java:unregister(73)) - Successfully un-registered JMX Bean with object name Ratis:service=RaftServer,group=group-9A4835F862C7,id=f3e9a990-b4e8-45f3-a6f9-413bc14ceb6e
2019-10-02 11:24:57,964 [main] INFO  impl.RoleInfo (RoleInfo.java:shutdownFollowerState(121)) - f3e9a990-b4e8-45f3-a6f9-413bc14ceb6e: shutdown FollowerState
2019-10-02 11:24:57,965 [main] INFO  impl.StateMachineUpdater (StateMachineUpdater.java:stopAndJoin(136)) - f3e9a990-b4e8-45f3-a6f9-413bc14ceb6e@group-9A4835F862C7-StateMachineUpdater: set stopIndex = 2
2019-10-02 11:24:57,965 [Thread-2400] INFO  impl.FollowerState (FollowerState.java:run(117)) - f3e9a990-b4e8-45f3-a6f9-413bc14ceb6e@group-9A4835F862C7-FollowerState was interrupted: java.lang.InterruptedException: sleep interrupted
2019-10-02 11:24:57,965 [f3e9a990-b4e8-45f3-a6f9-413bc14ceb6e@group-9A4835F862C7-StateMachineUpdater] INFO  ratis.ContainerStateMachine (ContainerStateMachine.java:takeSnapshot(289)) - group-9A4835F862C7: Taking a snapshot at:(t:1, i:1) file /workdir/hadoop-ozone/integration-test/target/test-dir/MiniOzoneClusterImpl-2207a384-d7b7-413f-9b4f-dc9f65a772d6/datanode-2/data/ratis/19b14c28-025c-4ece-893b-9a4835f862c7/sm/snapshot.1_1
2019-10-02 11:24:58,047 [f3e9a990-b4e8-45f3-a6f9-413bc14ceb6e@group-9A4835F862C7-StateMachineUpdater] INFO  ratis.ContainerStateMachine (ContainerStateMachine.java:takeSnapshot(300)) - group-9A4835F862C7: Finished taking a snapshot at:(t:1, i:1) file:/workdir/hadoop-ozone/integration-test/target/test-dir/MiniOzoneClusterImpl-2207a384-d7b7-413f-9b4f-dc9f65a772d6/datanode-2/data/ratis/19b14c28-025c-4ece-893b-9a4835f862c7/sm/snapshot.1_1 time:82
2019-10-02 11:24:58,047 [f3e9a990-b4e8-45f3-a6f9-413bc14ceb6e@group-9A4835F862C7-StateMachineUpdater] INFO  impl.StateMachineUpdater (StateMachineUpdater.java:takeSnapshot(269)) - f3e9a990-b4e8-45f3-a6f9-413bc14ceb6e@group-9A4835F862C7-StateMachineUpdater: Took a snapshot at index 1
2019-10-02 11:24:58,047 [f3e9a990-b4e8-45f3-a6f9-413bc14ceb6e@group-9A4835F862C7-StateMachineUpdater] INFO  impl.StateMachineUpdater (StateMachineUpdater.java:lambda$new$0(84)) - f3e9a990-b4e8-45f3-a6f9-413bc14ceb6e@group-9A4835F862C7-StateMachineUpdater: snapshotIndex: updateIncreasingly -1 -> 1
2019-10-02 11:24:58,048 [f3e9a990-b4e8-45f3-a6f9-413bc14ceb6e@group-9A4835F862C7-StateMachineUpdater] INFO  ratis.ContainerStateMachine (ContainerStateMachine.java:takeSnapshot(289)) - group-9A4835F862C7: Taking a snapshot at:(t:1, i:1) file /workdir/hadoop-ozone/integration-test/target/test-dir/MiniOzoneClusterImpl-2207a384-d7b7-413f-9b4f-dc9f65a772d6/datanode-2/data/ratis/19b14c28-025c-4ece-893b-9a4835f862c7/sm/snapshot.1_1
2019-10-02 11:24:58,112 [f3e9a990-b4e8-45f3-a6f9-413bc14ceb6e@group-9A4835F862C7-StateMachineUpdater] INFO  ratis.ContainerStateMachine (ContainerStateMachine.java:takeSnapshot(300)) - group-9A4835F862C7: Finished taking a snapshot at:(t:1, i:1) file:/workdir/hadoop-ozone/integration-test/target/test-dir/MiniOzoneClusterImpl-2207a384-d7b7-413f-9b4f-dc9f65a772d6/datanode-2/data/ratis/19b14c28-025c-4ece-893b-9a4835f862c7/sm/snapshot.1_1 time:64
2019-10-02 11:24:58,112 [f3e9a990-b4e8-45f3-a6f9-413bc14ceb6e@group-9A4835F862C7-StateMachineUpdater] INFO  impl.StateMachineUpdater (StateMachineUpdater.java:takeSnapshot(269)) - f3e9a990-b4e8-45f3-a6f9-413bc14ceb6e@group-9A4835F862C7-StateMachineUpdater: Took a snapshot at index 1
2019-10-02 11:24:58,112 [f3e9a990-b4e8-45f3-a6f9-413bc14ceb6e@group-9A4835F862C7-StateMachineUpdater] INFO  impl.StateMachineUpdater (StateMachineUpdater.java:lambda$new$0(84)) - f3e9a990-b4e8-45f3-a6f9-413bc14ceb6e@group-9A4835F862C7-StateMachineUpdater: snapshotIndex: updateIncreasingly 1 -> 1
2019-10-02 11:24:58,113 [main] INFO  impl.RaftServerImpl (ServerState.java:close(387)) - f3e9a990-b4e8-45f3-a6f9-413bc14ceb6e@group-9A4835F862C7: closes. applyIndex: 2
2019-10-02 11:24:58,113 [f3e9a990-b4e8-45f3-a6f9-413bc14ceb6e@group-9A4835F862C7-SegmentedRaftLogWorker] INFO  segmented.SegmentedRaftLogWorker (SegmentedRaftLogWorker.java:run(316)) - f3e9a990-b4e8-45f3-a6f9-413bc14ceb6e@group-9A4835F862C7-SegmentedRaftLogWorker was interrupted, exiting. There are 0 tasks remaining in the queue.
2019-10-02 11:24:58,114 [main] INFO  segmented.SegmentedRaftLogWorker (SegmentedRaftLogWorker.java:close(224)) - f3e9a990-b4e8-45f3-a6f9-413bc14ceb6e@group-9A4835F862C7-SegmentedRaftLogWorker close()
2019-10-02 11:24:58,118 [main] INFO  server.GrpcService (GrpcService.java:closeImpl(164)) - f3e9a990-b4e8-45f3-a6f9-413bc14ceb6e: shutdown server with port 42531 now
2019-10-02 11:24:58,120 [grpc-default-executor-7] WARN  server.GrpcServerProtocolService (LogUtils.java:warn(134)) - f3e9a990-b4e8-45f3-a6f9-413bc14ceb6e: installSnapshot onError, lastRequest: b0328039-473b-4203-928f-99a32e89c285->f3e9a990-b4e8-45f3-a6f9-413bc14ceb6e#5-t1, previous=(t:1, i:2), leaderCommit=2, initializing? false, entries: <empty>: org.apache.ratis.thirdparty.io.grpc.StatusRuntimeException: CANCELLED: cancelled before receiving half close
2019-10-02 11:24:58,120 [main] INFO  server.GrpcService (GrpcService.java:closeImpl(172)) - f3e9a990-b4e8-45f3-a6f9-413bc14ceb6e: shutdown server with port 42531 successfully
2019-10-02 11:24:58,120 [grpc-default-executor-6] WARN  server.GrpcLogAppender (LogUtils.java:warn(134)) - b0328039-473b-4203-928f-99a32e89c285@group-9A4835F862C7->f3e9a990-b4e8-45f3-a6f9-413bc14ceb6e-AppendLogResponseHandler: Failed appendEntries: org.apache.ratis.thirdparty.io.grpc.StatusRuntimeException: CANCELLED: HTTP/2 error code: CANCEL
Received Rst Stream
2019-10-02 11:24:58,121 [grpc-default-executor-6] INFO  impl.FollowerInfo (FollowerInfo.java:lambda$new$0(51)) - b0328039-473b-4203-928f-99a32e89c285@group-9A4835F862C7->f3e9a990-b4e8-45f3-a6f9-413bc14ceb6e: nextIndex: updateUnconditionally 3 -> 2
2019-10-02 11:24:58,125 [refreshUsed-/workdir/hadoop-ozone/integration-test/target/test-dir/MiniOzoneClusterImpl-2207a384-d7b7-413f-9b4f-dc9f65a772d6/datanode-2/data/containers] WARN  fs.CachingGetSpaceUsed (CachingGetSpaceUsed.java:run(183)) - Thread Interrupted waiting to refresh disk information: sleep interrupted
2019-10-02 11:24:58,137 [main] INFO  utils.BackgroundService (BackgroundService.java:shutdown(148)) - Shutting down service BlockDeletingService
2019-10-02 11:24:58,143 [main] INFO  statemachine.DatanodeStateMachine (DatanodeStateMachine.java:stopDaemon(395)) - Ozone container server stopped.
2019-10-02 11:24:58,144 [main] INFO  handler.ContextHandler (ContextHandler.java:doStop(910)) - Stopped o.e.j.w.WebAppContext@61359e87{/,null,UNAVAILABLE}{/hddsDatanode}
2019-10-02 11:24:58,145 [main] INFO  server.AbstractConnector (AbstractConnector.java:doStop(318)) - Stopped ServerConnector@2dc39b53{HTTP/1.1,[http/1.1]}{0.0.0.0:0}
2019-10-02 11:24:58,145 [main] INFO  handler.ContextHandler (ContextHandler.java:doStop(910)) - Stopped o.e.j.s.ServletContextHandler@5c8d58ed{/static,jar:file:/home/user/.m2/repository/org/apache/hadoop/hadoop-hdds-container-service/0.5.0-SNAPSHOT/hadoop-hdds-container-service-0.5.0-SNAPSHOT.jar!/webapps/static,UNAVAILABLE}
2019-10-02 11:24:58,146 [main] INFO  handler.ContextHandler (ContextHandler.java:doStop(910)) - Stopped o.e.j.s.ServletContextHandler@691567ea{/logs,file:///workdir/hadoop-ozone/integration-test/target/log,UNAVAILABLE}
2019-10-02 11:24:58,155 [grpc-default-executor-6] WARN  server.GrpcLogAppender (LogUtils.java:warn(134)) - b0328039-473b-4203-928f-99a32e89c285@group-9A4835F862C7->f3e9a990-b4e8-45f3-a6f9-413bc14ceb6e-AppendLogResponseHandler: Failed appendEntries: org.apache.ratis.thirdparty.io.grpc.StatusRuntimeException: UNAVAILABLE: io exception
2019-10-02 11:24:58,155 [grpc-default-executor-6] INFO  impl.FollowerInfo (FollowerInfo.java:lambda$new$0(51)) - b0328039-473b-4203-928f-99a32e89c285@group-9A4835F862C7->f3e9a990-b4e8-45f3-a6f9-413bc14ceb6e: nextIndex: updateUnconditionally 3 -> 2
2019-10-02 11:24:58,176 [grpc-default-executor-3] WARN  server.GrpcLogAppender (LogUtils.java:warn(134)) - b0328039-473b-4203-928f-99a32e89c285@group-9A4835F862C7->f3e9a990-b4e8-45f3-a6f9-413bc14ceb6e-AppendLogResponseHandler: Failed appendEntries: org.apache.ratis.thirdparty.io.grpc.StatusRuntimeException: UNAVAILABLE: io exception
2019-10-02 11:24:58,176 [grpc-default-executor-3] INFO  impl.FollowerInfo (FollowerInfo.java:lambda$new$0(51)) - b0328039-473b-4203-928f-99a32e89c285@group-9A4835F862C7->f3e9a990-b4e8-45f3-a6f9-413bc14ceb6e: nextIndex: updateUnconditionally 3 -> 2
2019-10-02 11:24:58,199 [grpc-default-executor-6] WARN  server.GrpcLogAppender (LogUtils.java:warn(134)) - b0328039-473b-4203-928f-99a32e89c285@group-9A4835F862C7->f3e9a990-b4e8-45f3-a6f9-413bc14ceb6e-AppendLogResponseHandler: Failed appendEntries: org.apache.ratis.thirdparty.io.grpc.StatusRuntimeException: UNAVAILABLE: io exception
2019-10-02 11:24:58,199 [grpc-default-executor-6] INFO  impl.FollowerInfo (FollowerInfo.java:lambda$new$0(51)) - b0328039-473b-4203-928f-99a32e89c285@group-9A4835F862C7->f3e9a990-b4e8-45f3-a6f9-413bc14ceb6e: nextIndex: updateUnconditionally 3 -> 2
2019-10-02 11:24:58,267 [EventQueue-IncrementalContainerReportForIncrementalContainerReportHandler] WARN  container.IncrementalContainerReportHandler (AbstractContainerReportHandler.java:updateContainerState(143)) - Container #1 is in OPEN state, but the datanode b0328039-473b-4203-928f-99a32e89c285{ip: 192.168.164.220, host: pr-hdds-2225-rpdbg-2298847827, networkLocation: /default-rack, certSerialId: null} reports an CLOSING replica.
2019-10-02 11:24:58,267 [EventQueue-IncrementalContainerReportForIncrementalContainerReportHandler] WARN  container.IncrementalContainerReportHandler (AbstractContainerReportHandler.java:updateContainerState(143)) - Container #1 is in OPEN state, but the datanode c84fc8a1-7b52-4e78-bcb0-06c9c1e57826{ip: 192.168.164.220, host: pr-hdds-2225-rpdbg-2298847827, networkLocation: /default-rack, certSerialId: null} reports an CLOSING replica.
2019-10-02 11:24:58,317 [RatisApplyTransactionExecutor 1] INFO  interfaces.Container (KeyValueContainer.java:flushAndSyncDB(386)) - Container 1 is synced with bcsId 0.
2019-10-02 11:24:58,358 [RatisApplyTransactionExecutor 1] INFO  interfaces.Container (KeyValueContainer.java:flushAndSyncDB(386)) - Container 1 is synced with bcsId 0.
2019-10-02 11:24:58,370 [RatisApplyTransactionExecutor 1] INFO  interfaces.Container (KeyValueContainer.java:flushAndSyncDB(386)) - Container 1 is synced with bcsId 0.
2019-10-02 11:24:58,370 [RatisApplyTransactionExecutor 1] INFO  interfaces.Container (KeyValueContainer.java:flushAndSyncDB(386)) - Container 1 is synced with bcsId 0.
2019-10-02 11:24:58,371 [RatisApplyTransactionExecutor 1] INFO  interfaces.Container (KeyValueContainer.java:close(335)) - Container 1 is closed with bcsId 0.
2019-10-02 11:24:58,376 [RatisApplyTransactionExecutor 1] INFO  interfaces.Container (KeyValueContainer.java:close(335)) - Container 1 is closed with bcsId 0.
2019-10-02 11:24:58,378 [EventQueue-IncrementalContainerReportForIncrementalContainerReportHandler] WARN  container.IncrementalContainerReportHandler (AbstractContainerReportHandler.java:updateContainerState(143)) - Container #1 is in OPEN state, but the datanode b0328039-473b-4203-928f-99a32e89c285{ip: 192.168.164.220, host: pr-hdds-2225-rpdbg-2298847827, networkLocation: /default-rack, certSerialId: null} reports an CLOSED replica.
2019-10-02 11:24:58,380 [EventQueue-IncrementalContainerReportForIncrementalContainerReportHandler] WARN  container.IncrementalContainerReportHandler (AbstractContainerReportHandler.java:updateContainerState(143)) - Container #1 is in OPEN state, but the datanode c84fc8a1-7b52-4e78-bcb0-06c9c1e57826{ip: 192.168.164.220, host: pr-hdds-2225-rpdbg-2298847827, networkLocation: /default-rack, certSerialId: null} reports an CLOSED replica.
2019-10-02 11:25:00,700 [grpc-default-executor-3] WARN  server.GrpcLogAppender (LogUtils.java:warn(134)) - b0328039-473b-4203-928f-99a32e89c285@group-9A4835F862C7->f3e9a990-b4e8-45f3-a6f9-413bc14ceb6e-AppendLogResponseHandler: Failed appendEntries: org.apache.ratis.thirdparty.io.grpc.StatusRuntimeException: UNAVAILABLE: io exception
2019-10-02 11:25:00,701 [grpc-default-executor-3] INFO  impl.FollowerInfo (FollowerInfo.java:lambda$new$0(51)) - b0328039-473b-4203-928f-99a32e89c285@group-9A4835F862C7->f3e9a990-b4e8-45f3-a6f9-413bc14ceb6e: nextIndex: updateUnconditionally 2 -> 1
2019-10-02 11:25:01,396 [main] WARN  scm.XceiverClientRatis (XceiverClientRatis.java:watchForCommit(292)) - 3 way commit failed on pipeline Pipeline[ Id: 19b14c28-025c-4ece-893b-9a4835f862c7, Nodes: f3e9a990-b4e8-45f3-a6f9-413bc14ceb6e{ip: 192.168.164.220, host: pr-hdds-2225-rpdbg-2298847827, networkLocation: /default-rack, certSerialId: null}b0328039-473b-4203-928f-99a32e89c285{ip: 192.168.164.220, host: pr-hdds-2225-rpdbg-2298847827, networkLocation: /default-rack, certSerialId: null}c84fc8a1-7b52-4e78-bcb0-06c9c1e57826{ip: 192.168.164.220, host: pr-hdds-2225-rpdbg-2298847827, networkLocation: /default-rack, certSerialId: null}, Type:RATIS, Factor:THREE, State:OPEN]
java.util.concurrent.TimeoutException
	at java.util.concurrent.CompletableFuture.timedGet(CompletableFuture.java:1771)
	at java.util.concurrent.CompletableFuture.get(CompletableFuture.java:1915)
	at org.apache.hadoop.hdds.scm.XceiverClientRatis.watchForCommit(XceiverClientRatis.java:289)
	at org.apache.hadoop.ozone.client.rpc.TestWatchForCommit.test2WayCommitForTimeoutException(TestWatchForCommit.java:391)
	at sun.reflect.NativeMethodAccessorImpl.invoke0(Native Method)
	at sun.reflect.NativeMethodAccessorImpl.invoke(NativeMethodAccessorImpl.java:62)
	at sun.reflect.DelegatingMethodAccessorImpl.invoke(DelegatingMethodAccessorImpl.java:43)
	at java.lang.reflect.Method.invoke(Method.java:498)
	at org.junit.runners.model.FrameworkMethod$1.runReflectiveCall(FrameworkMethod.java:47)
	at org.junit.internal.runners.model.ReflectiveCallable.run(ReflectiveCallable.java:12)
	at org.junit.runners.model.FrameworkMethod.invokeExplosively(FrameworkMethod.java:44)
	at org.junit.internal.runners.statements.InvokeMethod.evaluate(InvokeMethod.java:17)
	at org.junit.runners.ParentRunner.runLeaf(ParentRunner.java:271)
	at org.junit.runners.BlockJUnit4ClassRunner.runChild(BlockJUnit4ClassRunner.java:70)
	at org.junit.runners.BlockJUnit4ClassRunner.runChild(BlockJUnit4ClassRunner.java:50)
	at org.junit.runners.ParentRunner$3.run(ParentRunner.java:238)
	at org.junit.runners.ParentRunner$1.schedule(ParentRunner.java:63)
	at org.junit.runners.ParentRunner.runChildren(ParentRunner.java:236)
	at org.junit.runners.ParentRunner.access$000(ParentRunner.java:53)
	at org.junit.runners.ParentRunner$2.evaluate(ParentRunner.java:229)
	at org.junit.runners.ParentRunner.run(ParentRunner.java:309)
	at org.apache.maven.surefire.junit4.JUnit4Provider.execute(JUnit4Provider.java:365)
	at org.apache.maven.surefire.junit4.JUnit4Provider.executeWithRerun(JUnit4Provider.java:273)
	at org.apache.maven.surefire.junit4.JUnit4Provider.executeTestSet(JUnit4Provider.java:238)
	at org.apache.maven.surefire.junit4.JUnit4Provider.invoke(JUnit4Provider.java:159)
	at org.apache.maven.surefire.booter.ForkedBooter.invokeProviderInSameClassLoader(ForkedBooter.java:384)
	at org.apache.maven.surefire.booter.ForkedBooter.runSuitesInProcess(ForkedBooter.java:345)
	at org.apache.maven.surefire.booter.ForkedBooter.execute(ForkedBooter.java:126)
	at org.apache.maven.surefire.booter.ForkedBooter.main(ForkedBooter.java:418)
2019-10-02 11:25:03,202 [grpc-default-executor-3] WARN  server.GrpcLogAppender (LogUtils.java:warn(134)) - b0328039-473b-4203-928f-99a32e89c285@group-9A4835F862C7->f3e9a990-b4e8-45f3-a6f9-413bc14ceb6e-AppendLogResponseHandler: Failed appendEntries: org.apache.ratis.thirdparty.io.grpc.StatusRuntimeException: UNAVAILABLE: io exception
2019-10-02 11:25:03,203 [grpc-default-executor-3] INFO  impl.FollowerInfo (FollowerInfo.java:lambda$new$0(51)) - b0328039-473b-4203-928f-99a32e89c285@group-9A4835F862C7->f3e9a990-b4e8-45f3-a6f9-413bc14ceb6e: nextIndex: updateUnconditionally 1 -> 0
]]></system-out>
    <system-err><![CDATA[Oct 02, 2019 11:24:58 AM org.apache.ratis.thirdparty.io.grpc.internal.SerializingExecutor run
SEVERE: Exception while executing runnable org.apache.ratis.thirdparty.io.grpc.internal.ServerImpl$JumpToApplicationThreadServerStreamListener$1Closed@350594e
org.apache.ratis.thirdparty.io.grpc.StatusRuntimeException: CANCELLED: call already cancelled
	at org.apache.ratis.thirdparty.io.grpc.Status.asRuntimeException(Status.java:517)
	at org.apache.ratis.thirdparty.io.grpc.stub.ServerCalls$ServerCallStreamObserverImpl.onCompleted(ServerCalls.java:356)
	at org.apache.ratis.grpc.server.GrpcServerProtocolService$ServerRequestStreamObserver.onError(GrpcServerProtocolService.java:121)
	at org.apache.ratis.thirdparty.io.grpc.stub.ServerCalls$StreamingServerCallHandler$StreamingServerCallListener.onCancel(ServerCalls.java:269)
	at org.apache.ratis.thirdparty.io.grpc.internal.ServerCallImpl$ServerStreamListenerImpl.closed(ServerCallImpl.java:293)
	at org.apache.ratis.thirdparty.io.grpc.internal.ServerImpl$JumpToApplicationThreadServerStreamListener$1Closed.runInContext(ServerImpl.java:741)
	at org.apache.ratis.thirdparty.io.grpc.internal.ContextRunnable.run(ContextRunnable.java:37)
	at org.apache.ratis.thirdparty.io.grpc.internal.SerializingExecutor.run(SerializingExecutor.java:123)
	at java.util.concurrent.ThreadPoolExecutor.runWorker(ThreadPoolExecutor.java:1149)
	at java.util.concurrent.ThreadPoolExecutor$Worker.run(ThreadPoolExecutor.java:624)
	at java.lang.Thread.run(Thread.java:748)

]]></system-err>
  </testcase>
</testsuite>