<?xml version="1.0" encoding="UTF-8"?>
<testsuite xmlns:xsi="http://www.w3.org/2001/XMLSchema-instance" xsi:noNamespaceSchemaLocation="https://maven.apache.org/surefire/maven-surefire-plugin/xsd/surefire-test-report.xsd" name="org.apache.hadoop.ozone.client.rpc.TestBlockOutputStreamWithFailures" time="741.353" tests="8" errors="0" skipped="0" failures="1">
  <properties>
    <property name="awt.toolkit" value="sun.awt.X11.XToolkit"/>
    <property name="file.encoding.pkg" value="sun.io"/>
    <property name="java.specification.version" value="1.8"/>
    <property name="sun.cpu.isalist" value=""/>
    <property name="sun.jnu.encoding" value="UTF-8"/>
    <property name="java.class.path" value="/workdir/hadoop-ozone/integration-test/target/test-classes:/workdir/hadoop-ozone/integration-test/target/classes:/home/user/.m2/repository/org/apache/hadoop/hadoop-ozone-common/0.5.0-SNAPSHOT/hadoop-ozone-common-0.5.0-SNAPSHOT.jar:/home/user/.m2/repository/org/apache/commons/commons-compress/1.4.1/commons-compress-1.4.1.jar:/home/user/.m2/repository/org/tukaani/xz/1.0/xz-1.0.jar:/home/user/.m2/repository/org/apache/hadoop/hadoop-common/3.2.0/hadoop-common-3.2.0.jar:/home/user/.m2/repository/org/apache/hadoop/hadoop-hdfs/3.2.0/hadoop-hdfs-3.2.0.jar:/home/user/.m2/repository/org/apache/hadoop/hadoop-hdfs-client/3.2.0/hadoop-hdfs-client-3.2.0.jar:/home/user/.m2/repository/com/fasterxml/jackson/core/jackson-annotations/2.9.9/jackson-annotations-2.9.9.jar:/home/user/.m2/repository/org/apache/hadoop/hadoop-hdds-common/0.5.0-SNAPSHOT/hadoop-hdds-common-0.5.0-SNAPSHOT.jar:/home/user/.m2/repository/javax/annotation/javax.annotation-api/1.2/javax.annotation-api-1.2.jar:/home/user/.m2/repository/org/apache/ratis/ratis-server/0.4.0/ratis-server-0.4.0.jar:/home/user/.m2/repository/org/apache/ratis/ratis-thirdparty-misc/0.2.0/ratis-thirdparty-misc-0.2.0.jar:/home/user/.m2/repository/org/apache/ratis/ratis-proto/0.4.0/ratis-proto-0.4.0.jar:/home/user/.m2/repository/org/apache/ratis/ratis-common/0.4.0/ratis-common-0.4.0.jar:/home/user/.m2/repository/org/apache/ratis/ratis-client/0.4.0/ratis-client-0.4.0.jar:/home/user/.m2/repository/org/apache/ratis/ratis-metrics/0.4.0/ratis-metrics-0.4.0.jar:/home/user/.m2/repository/com/github/joshelser/dropwizard-metrics-hadoop-metrics2-reporter/0.1.2/dropwizard-metrics-hadoop-metrics2-reporter-0.1.2.jar:/home/user/.m2/repository/io/dropwizard/metrics/metrics-jvm/3.2.5/metrics-jvm-3.2.5.jar:/home/user/.m2/repository/io/dropwizard/metrics/metrics-ganglia/3.2.5/metrics-ganglia-3.2.5.jar:/home/user/.m2/repository/info/ganglia/gmetric4j/gmetric4j/1.0.7/gmetric4j-1.0.7.jar:/home/user/.m2/repository/org/apache/ratis/ratis-netty/0.4.0/ratis-netty-0.4.0.jar:/home/user/.m2/repository/org/apache/ratis/ratis-grpc/0.4.0/ratis-grpc-0.4.0.jar:/home/user/.m2/repository/org/rocksdb/rocksdbjni/6.0.1/rocksdbjni-6.0.1.jar:/home/user/.m2/repository/org/apache/logging/log4j/log4j-api/2.11.0/log4j-api-2.11.0.jar:/home/user/.m2/repository/org/apache/logging/log4j/log4j-core/2.11.0/log4j-core-2.11.0.jar:/home/user/.m2/repository/com/lmax/disruptor/3.4.2/disruptor-3.4.2.jar:/home/user/.m2/repository/org/apache/commons/commons-pool2/2.6.0/commons-pool2-2.6.0.jar:/home/user/.m2/repository/org/bouncycastle/bcpkix-jdk15on/1.60/bcpkix-jdk15on-1.60.jar:/home/user/.m2/repository/commons-validator/commons-validator/1.6/commons-validator-1.6.jar:/home/user/.m2/repository/commons-digester/commons-digester/1.8.1/commons-digester-1.8.1.jar:/home/user/.m2/repository/io/jaegertracing/jaeger-client/0.34.0/jaeger-client-0.34.0.jar:/home/user/.m2/repository/io/jaegertracing/jaeger-thrift/0.34.0/jaeger-thrift-0.34.0.jar:/home/user/.m2/repository/org/apache/thrift/libthrift/0.12.0/libthrift-0.12.0.jar:/home/user/.m2/repository/com/squareup/okhttp3/okhttp/3.9.0/okhttp-3.9.0.jar:/home/user/.m2/repository/com/squareup/okio/okio/1.13.0/okio-1.13.0.jar:/home/user/.m2/repository/io/jaegertracing/jaeger-core/0.34.0/jaeger-core-0.34.0.jar:/home/user/.m2/repository/io/jaegertracing/jaeger-tracerresolver/0.34.0/jaeger-tracerresolver-0.34.0.jar:/home/user/.m2/repository/io/opentracing/contrib/opentracing-tracerresolver/0.1.5/opentracing-tracerresolver-0.1.5.jar:/home/user/.m2/repository/io/opentracing/opentracing-util/0.31.0/opentracing-util-0.31.0.jar:/home/user/.m2/repository/io/opentracing/opentracing-api/0.31.0/opentracing-api-0.31.0.jar:/home/user/.m2/repository/io/opentracing/opentracing-noop/0.31.0/opentracing-noop-0.31.0.jar:/home/user/.m2/repository/org/apache/hadoop/hadoop-hdds-server-framework/0.5.0-SNAPSHOT/hadoop-hdds-server-framework-0.5.0-SNAPSHOT.jar:/home/user/.m2/repository/org/apache/hadoop/hadoop-hdds-container-service/0.5.0-SNAPSHOT/hadoop-hdds-container-service-0.5.0-SNAPSHOT.jar:/home/user/.m2/repository/org/apache/hadoop/hadoop-hdds-client/0.5.0-SNAPSHOT/hadoop-hdds-client-0.5.0-SNAPSHOT.jar:/home/user/.m2/repository/org/apache/hadoop/hadoop-hdds-tools/0.5.0-SNAPSHOT/hadoop-hdds-tools-0.5.0-SNAPSHOT.jar:/home/user/.m2/repository/org/apache/hadoop/hadoop-hdds-server-scm/0.5.0-SNAPSHOT/hadoop-hdds-server-scm-0.5.0-SNAPSHOT.jar:/home/user/.m2/repository/org/apache/hadoop/hadoop-hdds-docs/0.5.0-SNAPSHOT/hadoop-hdds-docs-0.5.0-SNAPSHOT.jar:/home/user/.m2/repository/io/dropwizard/metrics/metrics-core/3.2.4/metrics-core-3.2.4.jar:/home/user/.m2/repository/org/hamcrest/hamcrest-all/1.3/hamcrest-all-1.3.jar:/home/user/.m2/repository/org/bouncycastle/bcprov-jdk15on/1.60/bcprov-jdk15on-1.60.jar:/home/user/.m2/repository/info/picocli/picocli/3.9.6/picocli-3.9.6.jar:/home/user/.m2/repository/com/google/protobuf/protobuf-java/2.5.0/protobuf-java-2.5.0.jar:/home/user/.m2/repository/com/google/guava/guava/11.0.2/guava-11.0.2.jar:/home/user/.m2/repository/org/apache/hadoop/hadoop-ozone-ozone-manager/0.5.0-SNAPSHOT/hadoop-ozone-ozone-manager-0.5.0-SNAPSHOT.jar:/home/user/.m2/repository/org/apache/hadoop/hadoop-minikdc/3.2.0/hadoop-minikdc-3.2.0.jar:/home/user/.m2/repository/commons-io/commons-io/2.5/commons-io-2.5.jar:/home/user/.m2/repository/org/apache/kerby/kerb-simplekdc/1.0.1/kerb-simplekdc-1.0.1.jar:/home/user/.m2/repository/org/apache/kerby/kerb-client/1.0.1/kerb-client-1.0.1.jar:/home/user/.m2/repository/org/apache/kerby/kerby-config/1.0.1/kerby-config-1.0.1.jar:/home/user/.m2/repository/org/apache/kerby/kerb-core/1.0.1/kerb-core-1.0.1.jar:/home/user/.m2/repository/org/apache/kerby/kerby-pkix/1.0.1/kerby-pkix-1.0.1.jar:/home/user/.m2/repository/org/apache/kerby/kerby-asn1/1.0.1/kerby-asn1-1.0.1.jar:/home/user/.m2/repository/org/apache/kerby/kerby-util/1.0.1/kerby-util-1.0.1.jar:/home/user/.m2/repository/org/apache/kerby/kerb-common/1.0.1/kerb-common-1.0.1.jar:/home/user/.m2/repository/org/apache/kerby/kerb-crypto/1.0.1/kerb-crypto-1.0.1.jar:/home/user/.m2/repository/org/apache/kerby/kerb-util/1.0.1/kerb-util-1.0.1.jar:/home/user/.m2/repository/org/apache/kerby/token-provider/1.0.1/token-provider-1.0.1.jar:/home/user/.m2/repository/org/apache/kerby/kerb-admin/1.0.1/kerb-admin-1.0.1.jar:/home/user/.m2/repository/org/apache/kerby/kerb-server/1.0.1/kerb-server-1.0.1.jar:/home/user/.m2/repository/org/apache/kerby/kerb-identity/1.0.1/kerb-identity-1.0.1.jar:/home/user/.m2/repository/org/apache/kerby/kerby-xdr/1.0.1/kerby-xdr-1.0.1.jar:/home/user/.m2/repository/org/slf4j/slf4j-log4j12/1.7.25/slf4j-log4j12-1.7.25.jar:/home/user/.m2/repository/org/apache/hadoop/hadoop-ozone-s3gateway/0.5.0-SNAPSHOT/hadoop-ozone-s3gateway-0.5.0-SNAPSHOT.jar:/home/user/.m2/repository/org/jboss/weld/servlet/weld-servlet/2.4.7.Final/weld-servlet-2.4.7.Final.jar:/home/user/.m2/repository/org/glassfish/jersey/containers/jersey-container-servlet-core/2.27/jersey-container-servlet-core-2.27.jar:/home/user/.m2/repository/org/glassfish/hk2/external/javax.inject/2.5.0-b42/javax.inject-2.5.0-b42.jar:/home/user/.m2/repository/org/glassfish/jersey/core/jersey-common/2.27/jersey-common-2.27.jar:/home/user/.m2/repository/org/glassfish/hk2/osgi-resource-locator/1.0.1/osgi-resource-locator-1.0.1.jar:/home/user/.m2/repository/javax/ws/rs/javax.ws.rs-api/2.1/javax.ws.rs-api-2.1.jar:/home/user/.m2/repository/org/glassfish/jersey/ext/cdi/jersey-cdi1x/2.27/jersey-cdi1x-2.27.jar:/home/user/.m2/repository/org/glassfish/jersey/inject/jersey-hk2/2.27/jersey-hk2-2.27.jar:/home/user/.m2/repository/org/glassfish/hk2/hk2-locator/2.5.0-b42/hk2-locator-2.5.0-b42.jar:/home/user/.m2/repository/org/javassist/javassist/3.22.0-CR2/javassist-3.22.0-CR2.jar:/home/user/.m2/repository/org/glassfish/hk2/hk2-api/2.5.0/hk2-api-2.5.0.jar:/home/user/.m2/repository/org/glassfish/hk2/external/jakarta.inject/2.5.0/jakarta.inject-2.5.0.jar:/home/user/.m2/repository/org/glassfish/hk2/hk2-utils/2.5.0/hk2-utils-2.5.0.jar:/home/user/.m2/repository/jakarta/annotation/jakarta.annotation-api/1.3.4/jakarta.annotation-api-1.3.4.jar:/home/user/.m2/repository/org/glassfish/hk2/external/aopalliance-repackaged/2.5.0/aopalliance-repackaged-2.5.0.jar:/home/user/.m2/repository/com/fasterxml/jackson/dataformat/jackson-dataformat-xml/2.9.0/jackson-dataformat-xml-2.9.0.jar:/home/user/.m2/repository/com/fasterxml/jackson/core/jackson-core/2.9.9/jackson-core-2.9.9.jar:/home/user/.m2/repository/com/fasterxml/jackson/module/jackson-module-jaxb-annotations/2.9.9/jackson-module-jaxb-annotations-2.9.9.jar:/home/user/.m2/repository/javax/enterprise/cdi-api/1.2/cdi-api-1.2.jar:/home/user/.m2/repository/javax/el/javax.el-api/3.0.0/javax.el-api-3.0.0.jar:/home/user/.m2/repository/javax/interceptor/javax.interceptor-api/1.2/javax.interceptor-api-1.2.jar:/home/user/.m2/repository/javax/inject/javax.inject/1/javax.inject-1.jar:/home/user/.m2/repository/com/sun/xml/bind/jaxb-impl/2.3.0.1/jaxb-impl-2.3.0.1.jar:/home/user/.m2/repository/com/sun/xml/bind/jaxb-core/2.3.0.1/jaxb-core-2.3.0.1.jar:/home/user/.m2/repository/javax/xml/bind/jaxb-api/2.3.0/jaxb-api-2.3.0.jar:/home/user/.m2/repository/javax/activation/activation/1.1.1/activation-1.1.1.jar:/home/user/.m2/repository/org/apache/hadoop/hadoop-ozone-csi/0.5.0-SNAPSHOT/hadoop-ozone-csi-0.5.0-SNAPSHOT.jar:/home/user/.m2/repository/com/google/protobuf/protobuf-java-util/3.5.1/protobuf-java-util-3.5.1.jar:/home/user/.m2/repository/org/apache/hadoop/hadoop-hdds-config/0.5.0-SNAPSHOT/hadoop-hdds-config-0.5.0-SNAPSHOT.jar:/home/user/.m2/repository/io/grpc/grpc-netty/1.17.1/grpc-netty-1.17.1.jar:/home/user/.m2/repository/io/grpc/grpc-core/1.17.1/grpc-core-1.17.1.jar:/home/user/.m2/repository/io/grpc/grpc-context/1.17.1/grpc-context-1.17.1.jar:/home/user/.m2/repository/com/google/errorprone/error_prone_annotations/2.2.0/error_prone_annotations-2.2.0.jar:/home/user/.m2/repository/org/codehaus/mojo/animal-sniffer-annotations/1.17/animal-sniffer-annotations-1.17.jar:/home/user/.m2/repository/io/opencensus/opencensus-api/0.17.0/opencensus-api-0.17.0.jar:/home/user/.m2/repository/io/opencensus/opencensus-contrib-grpc-metrics/0.17.0/opencensus-contrib-grpc-metrics-0.17.0.jar:/home/user/.m2/repository/io/netty/netty-codec-http2/4.1.30.Final/netty-codec-http2-4.1.30.Final.jar:/home/user/.m2/repository/io/netty/netty-codec-http/4.1.30.Final/netty-codec-http-4.1.30.Final.jar:/home/user/.m2/repository/io/netty/netty-codec/4.1.30.Final/netty-codec-4.1.30.Final.jar:/home/user/.m2/repository/io/netty/netty-handler/4.1.30.Final/netty-handler-4.1.30.Final.jar:/home/user/.m2/repository/io/netty/netty-handler-proxy/4.1.30.Final/netty-handler-proxy-4.1.30.Final.jar:/home/user/.m2/repository/io/netty/netty-codec-socks/4.1.30.Final/netty-codec-socks-4.1.30.Final.jar:/home/user/.m2/repository/io/netty/netty-transport-native-epoll/4.1.30.Final/netty-transport-native-epoll-4.1.30.Final.jar:/home/user/.m2/repository/io/netty/netty-common/4.1.30.Final/netty-common-4.1.30.Final.jar:/home/user/.m2/repository/io/netty/netty-buffer/4.1.30.Final/netty-buffer-4.1.30.Final.jar:/home/user/.m2/repository/io/netty/netty-transport/4.1.30.Final/netty-transport-4.1.30.Final.jar:/home/user/.m2/repository/io/netty/netty-resolver/4.1.30.Final/netty-resolver-4.1.30.Final.jar:/home/user/.m2/repository/io/netty/netty-transport-native-unix-common/4.1.30.Final/netty-transport-native-unix-common-4.1.30.Final.jar:/home/user/.m2/repository/io/grpc/grpc-protobuf/1.17.1/grpc-protobuf-1.17.1.jar:/home/user/.m2/repository/com/google/api/grpc/proto-google-common-protos/1.0.0/proto-google-common-protos-1.0.0.jar:/home/user/.m2/repository/io/grpc/grpc-protobuf-lite/1.17.1/grpc-protobuf-lite-1.17.1.jar:/home/user/.m2/repository/io/grpc/grpc-stub/1.17.1/grpc-stub-1.17.1.jar:/home/user/.m2/repository/org/apache/hadoop/hadoop-ozone-recon/0.5.0-SNAPSHOT/hadoop-ozone-recon-0.5.0-SNAPSHOT.jar:/home/user/.m2/repository/org/apache/hadoop/hadoop-ozone-reconcodegen/0.5.0-SNAPSHOT/hadoop-ozone-reconcodegen-0.5.0-SNAPSHOT.jar:/home/user/.m2/repository/com/google/inject/extensions/guice-multibindings/4.0/guice-multibindings-4.0.jar:/home/user/.m2/repository/com/google/inject/guice/4.0/guice-4.0.jar:/home/user/.m2/repository/aopalliance/aopalliance/1.0/aopalliance-1.0.jar:/home/user/.m2/repository/com/google/inject/extensions/guice-servlet/4.0/guice-servlet-4.0.jar:/home/user/.m2/repository/org/glassfish/jersey/containers/jersey-container-servlet/2.27/jersey-container-servlet-2.27.jar:/home/user/.m2/repository/org/glassfish/hk2/guice-bridge/2.5.0/guice-bridge-2.5.0.jar:/home/user/.m2/repository/org/glassfish/jersey/core/jersey-server/2.27/jersey-server-2.27.jar:/home/user/.m2/repository/org/glassfish/jersey/core/jersey-client/2.27/jersey-client-2.27.jar:/home/user/.m2/repository/org/glassfish/jersey/media/jersey-media-jaxb/2.27/jersey-media-jaxb-2.27.jar:/home/user/.m2/repository/javax/validation/validation-api/1.1.0.Final/validation-api-1.1.0.Final.jar:/home/user/.m2/repository/org/glassfish/jersey/media/jersey-media-json-jackson/2.27/jersey-media-json-jackson-2.27.jar:/home/user/.m2/repository/org/glassfish/jersey/ext/jersey-entity-filtering/2.27/jersey-entity-filtering-2.27.jar:/home/user/.m2/repository/com/google/inject/extensions/guice-assistedinject/4.0/guice-assistedinject-4.0.jar:/home/user/.m2/repository/org/jooq/jooq/3.11.10/jooq-3.11.10.jar:/home/user/.m2/repository/org/jooq/jooq-meta/3.11.10/jooq-meta-3.11.10.jar:/home/user/.m2/repository/org/jooq/jooq-codegen/3.11.10/jooq-codegen-3.11.10.jar:/home/user/.m2/repository/com/jolbox/bonecp/0.8.0.RELEASE/bonecp-0.8.0.RELEASE.jar:/home/user/.m2/repository/org/xerial/sqlite-jdbc/3.25.2/sqlite-jdbc-3.25.2.jar:/home/user/.m2/repository/org/springframework/spring-jdbc/5.1.3.RELEASE/spring-jdbc-5.1.3.RELEASE.jar:/home/user/.m2/repository/org/springframework/spring-beans/5.1.3.RELEASE/spring-beans-5.1.3.RELEASE.jar:/home/user/.m2/repository/org/springframework/spring-core/5.1.3.RELEASE/spring-core-5.1.3.RELEASE.jar:/home/user/.m2/repository/org/springframework/spring-jcl/5.1.3.RELEASE/spring-jcl-5.1.3.RELEASE.jar:/home/user/.m2/repository/org/springframework/spring-tx/5.1.3.RELEASE/spring-tx-5.1.3.RELEASE.jar:/home/user/.m2/repository/org/apache/hadoop/hadoop-ozone-client/0.5.0-SNAPSHOT/hadoop-ozone-client-0.5.0-SNAPSHOT.jar:/home/user/.m2/repository/commons-lang/commons-lang/2.6/commons-lang-2.6.jar:/home/user/.m2/repository/org/apache/hadoop/hadoop-ozone-ozone-manager/0.5.0-SNAPSHOT/hadoop-ozone-ozone-manager-0.5.0-SNAPSHOT-tests.jar:/home/user/.m2/repository/junit/junit/4.11/junit-4.11.jar:/home/user/.m2/repository/org/hamcrest/hamcrest-core/1.3/hamcrest-core-1.3.jar:/home/user/.m2/repository/org/openjdk/jmh/jmh-core/1.19/jmh-core-1.19.jar:/home/user/.m2/repository/net/sf/jopt-simple/jopt-simple/4.6/jopt-simple-4.6.jar:/home/user/.m2/repository/org/apache/commons/commons-math3/3.1.1/commons-math3-3.1.1.jar:/home/user/.m2/repository/org/openjdk/jmh/jmh-generator-annprocess/1.19/jmh-generator-annprocess-1.19.jar:/home/user/.m2/repository/org/mockito/mockito-all/1.8.5/mockito-all-1.8.5.jar:/home/user/.m2/repository/org/apache/hadoop/hadoop-kms/3.2.0/hadoop-kms-3.2.0.jar:/home/user/.m2/repository/org/apache/hadoop/hadoop-auth/3.2.0/hadoop-auth-3.2.0.jar:/home/user/.m2/repository/com/nimbusds/nimbus-jose-jwt/4.41.1/nimbus-jose-jwt-4.41.1.jar:/home/user/.m2/repository/com/github/stephenc/jcip/jcip-annotations/1.0-1/jcip-annotations-1.0-1.jar:/home/user/.m2/repository/net/minidev/json-smart/2.3/json-smart-2.3.jar:/home/user/.m2/repository/net/minidev/accessors-smart/1.2/accessors-smart-1.2.jar:/home/user/.m2/repository/org/ow2/asm/asm/5.0.4/asm-5.0.4.jar:/home/user/.m2/repository/org/apache/curator/curator-framework/2.12.0/curator-framework-2.12.0.jar:/home/user/.m2/repository/com/sun/jersey/jersey-core/1.19/jersey-core-1.19.jar:/home/user/.m2/repository/javax/ws/rs/jsr311-api/1.1.1/jsr311-api-1.1.1.jar:/home/user/.m2/repository/com/sun/jersey/jersey-server/1.19/jersey-server-1.19.jar:/home/user/.m2/repository/javax/servlet/javax.servlet-api/3.1.0/javax.servlet-api-3.1.0.jar:/home/user/.m2/repository/org/eclipse/jetty/jetty-server/9.3.25.v20180904/jetty-server-9.3.25.v20180904.jar:/home/user/.m2/repository/org/eclipse/jetty/jetty-http/9.3.25.v20180904/jetty-http-9.3.25.v20180904.jar:/home/user/.m2/repository/org/eclipse/jetty/jetty-io/9.3.25.v20180904/jetty-io-9.3.25.v20180904.jar:/home/user/.m2/repository/org/eclipse/jetty/jetty-webapp/9.3.25.v20180904/jetty-webapp-9.3.25.v20180904.jar:/home/user/.m2/repository/org/eclipse/jetty/jetty-xml/9.3.25.v20180904/jetty-xml-9.3.25.v20180904.jar:/home/user/.m2/repository/log4j/log4j/1.2.17/log4j-1.2.17.jar:/home/user/.m2/repository/org/slf4j/slf4j-api/1.7.25/slf4j-api-1.7.25.jar:/home/user/.m2/repository/org/slf4j/jul-to-slf4j/1.7.25/jul-to-slf4j-1.7.25.jar:/home/user/.m2/repository/org/eclipse/jetty/jetty-util/9.3.25.v20180904/jetty-util-9.3.25.v20180904.jar:/home/user/.m2/repository/com/fasterxml/jackson/core/jackson-databind/2.9.9/jackson-databind-2.9.9.jar:/home/user/.m2/repository/org/apache/hadoop/hadoop-kms/3.2.0/hadoop-kms-3.2.0-tests.jar:/home/user/.m2/repository/org/apache/hadoop/hadoop-hdds-server-scm/0.5.0-SNAPSHOT/hadoop-hdds-server-scm-0.5.0-SNAPSHOT-tests.jar:/home/user/.m2/repository/org/apache/hadoop/hadoop-hdds-container-service/0.5.0-SNAPSHOT/hadoop-hdds-container-service-0.5.0-SNAPSHOT-tests.jar:/home/user/.m2/repository/org/yaml/snakeyaml/1.16/snakeyaml-1.16.jar:/home/user/.m2/repository/org/apache/hadoop/hadoop-common/3.2.0/hadoop-common-3.2.0-tests.jar:/home/user/.m2/repository/org/apache/hadoop/hadoop-annotations/3.2.0/hadoop-annotations-3.2.0.jar:/usr/lib/jvm/java-1.8-openjdk/jre/../lib/tools.jar:/home/user/.m2/repository/commons-cli/commons-cli/1.2/commons-cli-1.2.jar:/home/user/.m2/repository/org/apache/httpcomponents/httpclient/4.5.2/httpclient-4.5.2.jar:/home/user/.m2/repository/org/apache/httpcomponents/httpcore/4.4.4/httpcore-4.4.4.jar:/home/user/.m2/repository/commons-codec/commons-codec/1.11/commons-codec-1.11.jar:/home/user/.m2/repository/commons-net/commons-net/3.6/commons-net-3.6.jar:/home/user/.m2/repository/commons-collections/commons-collections/3.2.2/commons-collections-3.2.2.jar:/home/user/.m2/repository/org/eclipse/jetty/jetty-servlet/9.3.25.v20180904/jetty-servlet-9.3.25.v20180904.jar:/home/user/.m2/repository/org/eclipse/jetty/jetty-security/9.3.25.v20180904/jetty-security-9.3.25.v20180904.jar:/home/user/.m2/repository/javax/servlet/jsp/jsp-api/2.1/jsp-api-2.1.jar:/home/user/.m2/repository/com/sun/jersey/jersey-servlet/1.19/jersey-servlet-1.19.jar:/home/user/.m2/repository/com/sun/jersey/jersey-json/1.19/jersey-json-1.19.jar:/home/user/.m2/repository/org/codehaus/jettison/jettison/1.1/jettison-1.1.jar:/home/user/.m2/repository/org/codehaus/jackson/jackson-core-asl/1.9.13/jackson-core-asl-1.9.13.jar:/home/user/.m2/repository/org/codehaus/jackson/jackson-mapper-asl/1.9.13/jackson-mapper-asl-1.9.13.jar:/home/user/.m2/repository/org/codehaus/jackson/jackson-jaxrs/1.9.13/jackson-jaxrs-1.9.13.jar:/home/user/.m2/repository/org/codehaus/jackson/jackson-xc/1.9.13/jackson-xc-1.9.13.jar:/home/user/.m2/repository/commons-logging/commons-logging/1.1.3/commons-logging-1.1.3.jar:/home/user/.m2/repository/commons-beanutils/commons-beanutils/1.9.4/commons-beanutils-1.9.4.jar:/home/user/.m2/repository/org/apache/commons/commons-configuration2/2.1.1/commons-configuration2-2.1.1.jar:/home/user/.m2/repository/org/apache/commons/commons-lang3/3.7/commons-lang3-3.7.jar:/home/user/.m2/repository/org/apache/commons/commons-text/1.4/commons-text-1.4.jar:/home/user/.m2/repository/org/apache/avro/avro/1.7.7/avro-1.7.7.jar:/home/user/.m2/repository/com/thoughtworks/paranamer/paranamer/2.3/paranamer-2.3.jar:/home/user/.m2/repository/org/xerial/snappy/snappy-java/1.0.5/snappy-java-1.0.5.jar:/home/user/.m2/repository/com/google/re2j/re2j/1.1/re2j-1.1.jar:/home/user/.m2/repository/com/google/code/gson/gson/2.2.4/gson-2.2.4.jar:/home/user/.m2/repository/com/jcraft/jsch/0.1.54/jsch-0.1.54.jar:/home/user/.m2/repository/org/apache/curator/curator-client/2.12.0/curator-client-2.12.0.jar:/home/user/.m2/repository/org/apache/curator/curator-recipes/2.12.0/curator-recipes-2.12.0.jar:/home/user/.m2/repository/com/google/code/findbugs/jsr305/3.0.0/jsr305-3.0.0.jar:/home/user/.m2/repository/org/apache/htrace/htrace-core4/4.1.0-incubating/htrace-core4-4.1.0-incubating.jar:/home/user/.m2/repository/org/apache/zookeeper/zookeeper/3.4.13/zookeeper-3.4.13.jar:/home/user/.m2/repository/jline/jline/0.9.94/jline-0.9.94.jar:/home/user/.m2/repository/org/apache/yetus/audience-annotations/0.5.0/audience-annotations-0.5.0.jar:/home/user/.m2/repository/org/codehaus/woodstox/stax2-api/3.1.4/stax2-api-3.1.4.jar:/home/user/.m2/repository/com/fasterxml/woodstox/woodstox-core/5.0.3/woodstox-core-5.0.3.jar:/home/user/.m2/repository/dnsjava/dnsjava/2.1.7/dnsjava-2.1.7.jar:/home/user/.m2/repository/org/apache/hadoop/hadoop-hdfs/3.2.0/hadoop-hdfs-3.2.0-tests.jar:/home/user/.m2/repository/org/eclipse/jetty/jetty-util-ajax/9.3.25.v20180904/jetty-util-ajax-9.3.25.v20180904.jar:/home/user/.m2/repository/commons-daemon/commons-daemon/1.0.13/commons-daemon-1.0.13.jar:/home/user/.m2/repository/io/netty/netty/3.10.5.Final/netty-3.10.5.Final.jar:/home/user/.m2/repository/io/netty/netty-all/4.0.52.Final/netty-all-4.0.52.Final.jar:/home/user/.m2/repository/org/fusesource/leveldbjni/leveldbjni-all/1.8/leveldbjni-all-1.8.jar:"/>
    <property name="java.vm.vendor" value="IcedTea"/>
    <property name="sun.arch.data.model" value="64"/>
    <property name="test.build.dir" value="/workdir/hadoop-ozone/integration-test/target/test-dir"/>
    <property name="test.cache.data" value=""/>
    <property name="java.vendor.url" value="https://icedtea.classpath.org"/>
    <property name="user.timezone" value=""/>
    <property name="java.vm.specification.version" value="1.8"/>
    <property name="os.name" value="Linux"/>
    <property name="test.build.data" value="/workdir/hadoop-ozone/integration-test/target/test-dir"/>
    <property name="user.country" value="US"/>
    <property name="sun.java.launcher" value="SUN_STANDARD"/>
    <property name="sun.boot.library.path" value="/usr/lib/jvm/java-1.8-openjdk/jre/lib/amd64"/>
    <property name="sun.java.command" value="/workdir/hadoop-ozone/integration-test/target/surefire/surefirebooter1106999694922321469.jar /workdir/hadoop-ozone/integration-test/target/surefire 2019-09-26T23-20-29_451-jvmRun1 surefire6284398055130879829tmp surefire_552287934731643631025tmp"/>
    <property name="test" value="!TestMiniChaosOzoneCluster"/>
    <property name="surefire.test.class.path" value="/workdir/hadoop-ozone/integration-test/target/test-classes:/workdir/hadoop-ozone/integration-test/target/classes:/home/user/.m2/repository/org/apache/hadoop/hadoop-ozone-common/0.5.0-SNAPSHOT/hadoop-ozone-common-0.5.0-SNAPSHOT.jar:/home/user/.m2/repository/org/apache/commons/commons-compress/1.4.1/commons-compress-1.4.1.jar:/home/user/.m2/repository/org/tukaani/xz/1.0/xz-1.0.jar:/home/user/.m2/repository/org/apache/hadoop/hadoop-common/3.2.0/hadoop-common-3.2.0.jar:/home/user/.m2/repository/org/apache/hadoop/hadoop-hdfs/3.2.0/hadoop-hdfs-3.2.0.jar:/home/user/.m2/repository/org/apache/hadoop/hadoop-hdfs-client/3.2.0/hadoop-hdfs-client-3.2.0.jar:/home/user/.m2/repository/com/fasterxml/jackson/core/jackson-annotations/2.9.9/jackson-annotations-2.9.9.jar:/home/user/.m2/repository/org/apache/hadoop/hadoop-hdds-common/0.5.0-SNAPSHOT/hadoop-hdds-common-0.5.0-SNAPSHOT.jar:/home/user/.m2/repository/javax/annotation/javax.annotation-api/1.2/javax.annotation-api-1.2.jar:/home/user/.m2/repository/org/apache/ratis/ratis-server/0.4.0/ratis-server-0.4.0.jar:/home/user/.m2/repository/org/apache/ratis/ratis-thirdparty-misc/0.2.0/ratis-thirdparty-misc-0.2.0.jar:/home/user/.m2/repository/org/apache/ratis/ratis-proto/0.4.0/ratis-proto-0.4.0.jar:/home/user/.m2/repository/org/apache/ratis/ratis-common/0.4.0/ratis-common-0.4.0.jar:/home/user/.m2/repository/org/apache/ratis/ratis-client/0.4.0/ratis-client-0.4.0.jar:/home/user/.m2/repository/org/apache/ratis/ratis-metrics/0.4.0/ratis-metrics-0.4.0.jar:/home/user/.m2/repository/com/github/joshelser/dropwizard-metrics-hadoop-metrics2-reporter/0.1.2/dropwizard-metrics-hadoop-metrics2-reporter-0.1.2.jar:/home/user/.m2/repository/io/dropwizard/metrics/metrics-jvm/3.2.5/metrics-jvm-3.2.5.jar:/home/user/.m2/repository/io/dropwizard/metrics/metrics-ganglia/3.2.5/metrics-ganglia-3.2.5.jar:/home/user/.m2/repository/info/ganglia/gmetric4j/gmetric4j/1.0.7/gmetric4j-1.0.7.jar:/home/user/.m2/repository/org/apache/ratis/ratis-netty/0.4.0/ratis-netty-0.4.0.jar:/home/user/.m2/repository/org/apache/ratis/ratis-grpc/0.4.0/ratis-grpc-0.4.0.jar:/home/user/.m2/repository/org/rocksdb/rocksdbjni/6.0.1/rocksdbjni-6.0.1.jar:/home/user/.m2/repository/org/apache/logging/log4j/log4j-api/2.11.0/log4j-api-2.11.0.jar:/home/user/.m2/repository/org/apache/logging/log4j/log4j-core/2.11.0/log4j-core-2.11.0.jar:/home/user/.m2/repository/com/lmax/disruptor/3.4.2/disruptor-3.4.2.jar:/home/user/.m2/repository/org/apache/commons/commons-pool2/2.6.0/commons-pool2-2.6.0.jar:/home/user/.m2/repository/org/bouncycastle/bcpkix-jdk15on/1.60/bcpkix-jdk15on-1.60.jar:/home/user/.m2/repository/commons-validator/commons-validator/1.6/commons-validator-1.6.jar:/home/user/.m2/repository/commons-digester/commons-digester/1.8.1/commons-digester-1.8.1.jar:/home/user/.m2/repository/io/jaegertracing/jaeger-client/0.34.0/jaeger-client-0.34.0.jar:/home/user/.m2/repository/io/jaegertracing/jaeger-thrift/0.34.0/jaeger-thrift-0.34.0.jar:/home/user/.m2/repository/org/apache/thrift/libthrift/0.12.0/libthrift-0.12.0.jar:/home/user/.m2/repository/com/squareup/okhttp3/okhttp/3.9.0/okhttp-3.9.0.jar:/home/user/.m2/repository/com/squareup/okio/okio/1.13.0/okio-1.13.0.jar:/home/user/.m2/repository/io/jaegertracing/jaeger-core/0.34.0/jaeger-core-0.34.0.jar:/home/user/.m2/repository/io/jaegertracing/jaeger-tracerresolver/0.34.0/jaeger-tracerresolver-0.34.0.jar:/home/user/.m2/repository/io/opentracing/contrib/opentracing-tracerresolver/0.1.5/opentracing-tracerresolver-0.1.5.jar:/home/user/.m2/repository/io/opentracing/opentracing-util/0.31.0/opentracing-util-0.31.0.jar:/home/user/.m2/repository/io/opentracing/opentracing-api/0.31.0/opentracing-api-0.31.0.jar:/home/user/.m2/repository/io/opentracing/opentracing-noop/0.31.0/opentracing-noop-0.31.0.jar:/home/user/.m2/repository/org/apache/hadoop/hadoop-hdds-server-framework/0.5.0-SNAPSHOT/hadoop-hdds-server-framework-0.5.0-SNAPSHOT.jar:/home/user/.m2/repository/org/apache/hadoop/hadoop-hdds-container-service/0.5.0-SNAPSHOT/hadoop-hdds-container-service-0.5.0-SNAPSHOT.jar:/home/user/.m2/repository/org/apache/hadoop/hadoop-hdds-client/0.5.0-SNAPSHOT/hadoop-hdds-client-0.5.0-SNAPSHOT.jar:/home/user/.m2/repository/org/apache/hadoop/hadoop-hdds-tools/0.5.0-SNAPSHOT/hadoop-hdds-tools-0.5.0-SNAPSHOT.jar:/home/user/.m2/repository/org/apache/hadoop/hadoop-hdds-server-scm/0.5.0-SNAPSHOT/hadoop-hdds-server-scm-0.5.0-SNAPSHOT.jar:/home/user/.m2/repository/org/apache/hadoop/hadoop-hdds-docs/0.5.0-SNAPSHOT/hadoop-hdds-docs-0.5.0-SNAPSHOT.jar:/home/user/.m2/repository/io/dropwizard/metrics/metrics-core/3.2.4/metrics-core-3.2.4.jar:/home/user/.m2/repository/org/hamcrest/hamcrest-all/1.3/hamcrest-all-1.3.jar:/home/user/.m2/repository/org/bouncycastle/bcprov-jdk15on/1.60/bcprov-jdk15on-1.60.jar:/home/user/.m2/repository/info/picocli/picocli/3.9.6/picocli-3.9.6.jar:/home/user/.m2/repository/com/google/protobuf/protobuf-java/2.5.0/protobuf-java-2.5.0.jar:/home/user/.m2/repository/com/google/guava/guava/11.0.2/guava-11.0.2.jar:/home/user/.m2/repository/org/apache/hadoop/hadoop-ozone-ozone-manager/0.5.0-SNAPSHOT/hadoop-ozone-ozone-manager-0.5.0-SNAPSHOT.jar:/home/user/.m2/repository/org/apache/hadoop/hadoop-minikdc/3.2.0/hadoop-minikdc-3.2.0.jar:/home/user/.m2/repository/commons-io/commons-io/2.5/commons-io-2.5.jar:/home/user/.m2/repository/org/apache/kerby/kerb-simplekdc/1.0.1/kerb-simplekdc-1.0.1.jar:/home/user/.m2/repository/org/apache/kerby/kerb-client/1.0.1/kerb-client-1.0.1.jar:/home/user/.m2/repository/org/apache/kerby/kerby-config/1.0.1/kerby-config-1.0.1.jar:/home/user/.m2/repository/org/apache/kerby/kerb-core/1.0.1/kerb-core-1.0.1.jar:/home/user/.m2/repository/org/apache/kerby/kerby-pkix/1.0.1/kerby-pkix-1.0.1.jar:/home/user/.m2/repository/org/apache/kerby/kerby-asn1/1.0.1/kerby-asn1-1.0.1.jar:/home/user/.m2/repository/org/apache/kerby/kerby-util/1.0.1/kerby-util-1.0.1.jar:/home/user/.m2/repository/org/apache/kerby/kerb-common/1.0.1/kerb-common-1.0.1.jar:/home/user/.m2/repository/org/apache/kerby/kerb-crypto/1.0.1/kerb-crypto-1.0.1.jar:/home/user/.m2/repository/org/apache/kerby/kerb-util/1.0.1/kerb-util-1.0.1.jar:/home/user/.m2/repository/org/apache/kerby/token-provider/1.0.1/token-provider-1.0.1.jar:/home/user/.m2/repository/org/apache/kerby/kerb-admin/1.0.1/kerb-admin-1.0.1.jar:/home/user/.m2/repository/org/apache/kerby/kerb-server/1.0.1/kerb-server-1.0.1.jar:/home/user/.m2/repository/org/apache/kerby/kerb-identity/1.0.1/kerb-identity-1.0.1.jar:/home/user/.m2/repository/org/apache/kerby/kerby-xdr/1.0.1/kerby-xdr-1.0.1.jar:/home/user/.m2/repository/org/slf4j/slf4j-log4j12/1.7.25/slf4j-log4j12-1.7.25.jar:/home/user/.m2/repository/org/apache/hadoop/hadoop-ozone-s3gateway/0.5.0-SNAPSHOT/hadoop-ozone-s3gateway-0.5.0-SNAPSHOT.jar:/home/user/.m2/repository/org/jboss/weld/servlet/weld-servlet/2.4.7.Final/weld-servlet-2.4.7.Final.jar:/home/user/.m2/repository/org/glassfish/jersey/containers/jersey-container-servlet-core/2.27/jersey-container-servlet-core-2.27.jar:/home/user/.m2/repository/org/glassfish/hk2/external/javax.inject/2.5.0-b42/javax.inject-2.5.0-b42.jar:/home/user/.m2/repository/org/glassfish/jersey/core/jersey-common/2.27/jersey-common-2.27.jar:/home/user/.m2/repository/org/glassfish/hk2/osgi-resource-locator/1.0.1/osgi-resource-locator-1.0.1.jar:/home/user/.m2/repository/javax/ws/rs/javax.ws.rs-api/2.1/javax.ws.rs-api-2.1.jar:/home/user/.m2/repository/org/glassfish/jersey/ext/cdi/jersey-cdi1x/2.27/jersey-cdi1x-2.27.jar:/home/user/.m2/repository/org/glassfish/jersey/inject/jersey-hk2/2.27/jersey-hk2-2.27.jar:/home/user/.m2/repository/org/glassfish/hk2/hk2-locator/2.5.0-b42/hk2-locator-2.5.0-b42.jar:/home/user/.m2/repository/org/javassist/javassist/3.22.0-CR2/javassist-3.22.0-CR2.jar:/home/user/.m2/repository/org/glassfish/hk2/hk2-api/2.5.0/hk2-api-2.5.0.jar:/home/user/.m2/repository/org/glassfish/hk2/external/jakarta.inject/2.5.0/jakarta.inject-2.5.0.jar:/home/user/.m2/repository/org/glassfish/hk2/hk2-utils/2.5.0/hk2-utils-2.5.0.jar:/home/user/.m2/repository/jakarta/annotation/jakarta.annotation-api/1.3.4/jakarta.annotation-api-1.3.4.jar:/home/user/.m2/repository/org/glassfish/hk2/external/aopalliance-repackaged/2.5.0/aopalliance-repackaged-2.5.0.jar:/home/user/.m2/repository/com/fasterxml/jackson/dataformat/jackson-dataformat-xml/2.9.0/jackson-dataformat-xml-2.9.0.jar:/home/user/.m2/repository/com/fasterxml/jackson/core/jackson-core/2.9.9/jackson-core-2.9.9.jar:/home/user/.m2/repository/com/fasterxml/jackson/module/jackson-module-jaxb-annotations/2.9.9/jackson-module-jaxb-annotations-2.9.9.jar:/home/user/.m2/repository/javax/enterprise/cdi-api/1.2/cdi-api-1.2.jar:/home/user/.m2/repository/javax/el/javax.el-api/3.0.0/javax.el-api-3.0.0.jar:/home/user/.m2/repository/javax/interceptor/javax.interceptor-api/1.2/javax.interceptor-api-1.2.jar:/home/user/.m2/repository/javax/inject/javax.inject/1/javax.inject-1.jar:/home/user/.m2/repository/com/sun/xml/bind/jaxb-impl/2.3.0.1/jaxb-impl-2.3.0.1.jar:/home/user/.m2/repository/com/sun/xml/bind/jaxb-core/2.3.0.1/jaxb-core-2.3.0.1.jar:/home/user/.m2/repository/javax/xml/bind/jaxb-api/2.3.0/jaxb-api-2.3.0.jar:/home/user/.m2/repository/javax/activation/activation/1.1.1/activation-1.1.1.jar:/home/user/.m2/repository/org/apache/hadoop/hadoop-ozone-csi/0.5.0-SNAPSHOT/hadoop-ozone-csi-0.5.0-SNAPSHOT.jar:/home/user/.m2/repository/com/google/protobuf/protobuf-java-util/3.5.1/protobuf-java-util-3.5.1.jar:/home/user/.m2/repository/org/apache/hadoop/hadoop-hdds-config/0.5.0-SNAPSHOT/hadoop-hdds-config-0.5.0-SNAPSHOT.jar:/home/user/.m2/repository/io/grpc/grpc-netty/1.17.1/grpc-netty-1.17.1.jar:/home/user/.m2/repository/io/grpc/grpc-core/1.17.1/grpc-core-1.17.1.jar:/home/user/.m2/repository/io/grpc/grpc-context/1.17.1/grpc-context-1.17.1.jar:/home/user/.m2/repository/com/google/errorprone/error_prone_annotations/2.2.0/error_prone_annotations-2.2.0.jar:/home/user/.m2/repository/org/codehaus/mojo/animal-sniffer-annotations/1.17/animal-sniffer-annotations-1.17.jar:/home/user/.m2/repository/io/opencensus/opencensus-api/0.17.0/opencensus-api-0.17.0.jar:/home/user/.m2/repository/io/opencensus/opencensus-contrib-grpc-metrics/0.17.0/opencensus-contrib-grpc-metrics-0.17.0.jar:/home/user/.m2/repository/io/netty/netty-codec-http2/4.1.30.Final/netty-codec-http2-4.1.30.Final.jar:/home/user/.m2/repository/io/netty/netty-codec-http/4.1.30.Final/netty-codec-http-4.1.30.Final.jar:/home/user/.m2/repository/io/netty/netty-codec/4.1.30.Final/netty-codec-4.1.30.Final.jar:/home/user/.m2/repository/io/netty/netty-handler/4.1.30.Final/netty-handler-4.1.30.Final.jar:/home/user/.m2/repository/io/netty/netty-handler-proxy/4.1.30.Final/netty-handler-proxy-4.1.30.Final.jar:/home/user/.m2/repository/io/netty/netty-codec-socks/4.1.30.Final/netty-codec-socks-4.1.30.Final.jar:/home/user/.m2/repository/io/netty/netty-transport-native-epoll/4.1.30.Final/netty-transport-native-epoll-4.1.30.Final.jar:/home/user/.m2/repository/io/netty/netty-common/4.1.30.Final/netty-common-4.1.30.Final.jar:/home/user/.m2/repository/io/netty/netty-buffer/4.1.30.Final/netty-buffer-4.1.30.Final.jar:/home/user/.m2/repository/io/netty/netty-transport/4.1.30.Final/netty-transport-4.1.30.Final.jar:/home/user/.m2/repository/io/netty/netty-resolver/4.1.30.Final/netty-resolver-4.1.30.Final.jar:/home/user/.m2/repository/io/netty/netty-transport-native-unix-common/4.1.30.Final/netty-transport-native-unix-common-4.1.30.Final.jar:/home/user/.m2/repository/io/grpc/grpc-protobuf/1.17.1/grpc-protobuf-1.17.1.jar:/home/user/.m2/repository/com/google/api/grpc/proto-google-common-protos/1.0.0/proto-google-common-protos-1.0.0.jar:/home/user/.m2/repository/io/grpc/grpc-protobuf-lite/1.17.1/grpc-protobuf-lite-1.17.1.jar:/home/user/.m2/repository/io/grpc/grpc-stub/1.17.1/grpc-stub-1.17.1.jar:/home/user/.m2/repository/org/apache/hadoop/hadoop-ozone-recon/0.5.0-SNAPSHOT/hadoop-ozone-recon-0.5.0-SNAPSHOT.jar:/home/user/.m2/repository/org/apache/hadoop/hadoop-ozone-reconcodegen/0.5.0-SNAPSHOT/hadoop-ozone-reconcodegen-0.5.0-SNAPSHOT.jar:/home/user/.m2/repository/com/google/inject/extensions/guice-multibindings/4.0/guice-multibindings-4.0.jar:/home/user/.m2/repository/com/google/inject/guice/4.0/guice-4.0.jar:/home/user/.m2/repository/aopalliance/aopalliance/1.0/aopalliance-1.0.jar:/home/user/.m2/repository/com/google/inject/extensions/guice-servlet/4.0/guice-servlet-4.0.jar:/home/user/.m2/repository/org/glassfish/jersey/containers/jersey-container-servlet/2.27/jersey-container-servlet-2.27.jar:/home/user/.m2/repository/org/glassfish/hk2/guice-bridge/2.5.0/guice-bridge-2.5.0.jar:/home/user/.m2/repository/org/glassfish/jersey/core/jersey-server/2.27/jersey-server-2.27.jar:/home/user/.m2/repository/org/glassfish/jersey/core/jersey-client/2.27/jersey-client-2.27.jar:/home/user/.m2/repository/org/glassfish/jersey/media/jersey-media-jaxb/2.27/jersey-media-jaxb-2.27.jar:/home/user/.m2/repository/javax/validation/validation-api/1.1.0.Final/validation-api-1.1.0.Final.jar:/home/user/.m2/repository/org/glassfish/jersey/media/jersey-media-json-jackson/2.27/jersey-media-json-jackson-2.27.jar:/home/user/.m2/repository/org/glassfish/jersey/ext/jersey-entity-filtering/2.27/jersey-entity-filtering-2.27.jar:/home/user/.m2/repository/com/google/inject/extensions/guice-assistedinject/4.0/guice-assistedinject-4.0.jar:/home/user/.m2/repository/org/jooq/jooq/3.11.10/jooq-3.11.10.jar:/home/user/.m2/repository/org/jooq/jooq-meta/3.11.10/jooq-meta-3.11.10.jar:/home/user/.m2/repository/org/jooq/jooq-codegen/3.11.10/jooq-codegen-3.11.10.jar:/home/user/.m2/repository/com/jolbox/bonecp/0.8.0.RELEASE/bonecp-0.8.0.RELEASE.jar:/home/user/.m2/repository/org/xerial/sqlite-jdbc/3.25.2/sqlite-jdbc-3.25.2.jar:/home/user/.m2/repository/org/springframework/spring-jdbc/5.1.3.RELEASE/spring-jdbc-5.1.3.RELEASE.jar:/home/user/.m2/repository/org/springframework/spring-beans/5.1.3.RELEASE/spring-beans-5.1.3.RELEASE.jar:/home/user/.m2/repository/org/springframework/spring-core/5.1.3.RELEASE/spring-core-5.1.3.RELEASE.jar:/home/user/.m2/repository/org/springframework/spring-jcl/5.1.3.RELEASE/spring-jcl-5.1.3.RELEASE.jar:/home/user/.m2/repository/org/springframework/spring-tx/5.1.3.RELEASE/spring-tx-5.1.3.RELEASE.jar:/home/user/.m2/repository/org/apache/hadoop/hadoop-ozone-client/0.5.0-SNAPSHOT/hadoop-ozone-client-0.5.0-SNAPSHOT.jar:/home/user/.m2/repository/commons-lang/commons-lang/2.6/commons-lang-2.6.jar:/home/user/.m2/repository/org/apache/hadoop/hadoop-ozone-ozone-manager/0.5.0-SNAPSHOT/hadoop-ozone-ozone-manager-0.5.0-SNAPSHOT-tests.jar:/home/user/.m2/repository/junit/junit/4.11/junit-4.11.jar:/home/user/.m2/repository/org/hamcrest/hamcrest-core/1.3/hamcrest-core-1.3.jar:/home/user/.m2/repository/org/openjdk/jmh/jmh-core/1.19/jmh-core-1.19.jar:/home/user/.m2/repository/net/sf/jopt-simple/jopt-simple/4.6/jopt-simple-4.6.jar:/home/user/.m2/repository/org/apache/commons/commons-math3/3.1.1/commons-math3-3.1.1.jar:/home/user/.m2/repository/org/openjdk/jmh/jmh-generator-annprocess/1.19/jmh-generator-annprocess-1.19.jar:/home/user/.m2/repository/org/mockito/mockito-all/1.8.5/mockito-all-1.8.5.jar:/home/user/.m2/repository/org/apache/hadoop/hadoop-kms/3.2.0/hadoop-kms-3.2.0.jar:/home/user/.m2/repository/org/apache/hadoop/hadoop-auth/3.2.0/hadoop-auth-3.2.0.jar:/home/user/.m2/repository/com/nimbusds/nimbus-jose-jwt/4.41.1/nimbus-jose-jwt-4.41.1.jar:/home/user/.m2/repository/com/github/stephenc/jcip/jcip-annotations/1.0-1/jcip-annotations-1.0-1.jar:/home/user/.m2/repository/net/minidev/json-smart/2.3/json-smart-2.3.jar:/home/user/.m2/repository/net/minidev/accessors-smart/1.2/accessors-smart-1.2.jar:/home/user/.m2/repository/org/ow2/asm/asm/5.0.4/asm-5.0.4.jar:/home/user/.m2/repository/org/apache/curator/curator-framework/2.12.0/curator-framework-2.12.0.jar:/home/user/.m2/repository/com/sun/jersey/jersey-core/1.19/jersey-core-1.19.jar:/home/user/.m2/repository/javax/ws/rs/jsr311-api/1.1.1/jsr311-api-1.1.1.jar:/home/user/.m2/repository/com/sun/jersey/jersey-server/1.19/jersey-server-1.19.jar:/home/user/.m2/repository/javax/servlet/javax.servlet-api/3.1.0/javax.servlet-api-3.1.0.jar:/home/user/.m2/repository/org/eclipse/jetty/jetty-server/9.3.25.v20180904/jetty-server-9.3.25.v20180904.jar:/home/user/.m2/repository/org/eclipse/jetty/jetty-http/9.3.25.v20180904/jetty-http-9.3.25.v20180904.jar:/home/user/.m2/repository/org/eclipse/jetty/jetty-io/9.3.25.v20180904/jetty-io-9.3.25.v20180904.jar:/home/user/.m2/repository/org/eclipse/jetty/jetty-webapp/9.3.25.v20180904/jetty-webapp-9.3.25.v20180904.jar:/home/user/.m2/repository/org/eclipse/jetty/jetty-xml/9.3.25.v20180904/jetty-xml-9.3.25.v20180904.jar:/home/user/.m2/repository/log4j/log4j/1.2.17/log4j-1.2.17.jar:/home/user/.m2/repository/org/slf4j/slf4j-api/1.7.25/slf4j-api-1.7.25.jar:/home/user/.m2/repository/org/slf4j/jul-to-slf4j/1.7.25/jul-to-slf4j-1.7.25.jar:/home/user/.m2/repository/org/eclipse/jetty/jetty-util/9.3.25.v20180904/jetty-util-9.3.25.v20180904.jar:/home/user/.m2/repository/com/fasterxml/jackson/core/jackson-databind/2.9.9/jackson-databind-2.9.9.jar:/home/user/.m2/repository/org/apache/hadoop/hadoop-kms/3.2.0/hadoop-kms-3.2.0-tests.jar:/home/user/.m2/repository/org/apache/hadoop/hadoop-hdds-server-scm/0.5.0-SNAPSHOT/hadoop-hdds-server-scm-0.5.0-SNAPSHOT-tests.jar:/home/user/.m2/repository/org/apache/hadoop/hadoop-hdds-container-service/0.5.0-SNAPSHOT/hadoop-hdds-container-service-0.5.0-SNAPSHOT-tests.jar:/home/user/.m2/repository/org/yaml/snakeyaml/1.16/snakeyaml-1.16.jar:/home/user/.m2/repository/org/apache/hadoop/hadoop-common/3.2.0/hadoop-common-3.2.0-tests.jar:/home/user/.m2/repository/org/apache/hadoop/hadoop-annotations/3.2.0/hadoop-annotations-3.2.0.jar:/usr/lib/jvm/java-1.8-openjdk/jre/../lib/tools.jar:/home/user/.m2/repository/commons-cli/commons-cli/1.2/commons-cli-1.2.jar:/home/user/.m2/repository/org/apache/httpcomponents/httpclient/4.5.2/httpclient-4.5.2.jar:/home/user/.m2/repository/org/apache/httpcomponents/httpcore/4.4.4/httpcore-4.4.4.jar:/home/user/.m2/repository/commons-codec/commons-codec/1.11/commons-codec-1.11.jar:/home/user/.m2/repository/commons-net/commons-net/3.6/commons-net-3.6.jar:/home/user/.m2/repository/commons-collections/commons-collections/3.2.2/commons-collections-3.2.2.jar:/home/user/.m2/repository/org/eclipse/jetty/jetty-servlet/9.3.25.v20180904/jetty-servlet-9.3.25.v20180904.jar:/home/user/.m2/repository/org/eclipse/jetty/jetty-security/9.3.25.v20180904/jetty-security-9.3.25.v20180904.jar:/home/user/.m2/repository/javax/servlet/jsp/jsp-api/2.1/jsp-api-2.1.jar:/home/user/.m2/repository/com/sun/jersey/jersey-servlet/1.19/jersey-servlet-1.19.jar:/home/user/.m2/repository/com/sun/jersey/jersey-json/1.19/jersey-json-1.19.jar:/home/user/.m2/repository/org/codehaus/jettison/jettison/1.1/jettison-1.1.jar:/home/user/.m2/repository/org/codehaus/jackson/jackson-core-asl/1.9.13/jackson-core-asl-1.9.13.jar:/home/user/.m2/repository/org/codehaus/jackson/jackson-mapper-asl/1.9.13/jackson-mapper-asl-1.9.13.jar:/home/user/.m2/repository/org/codehaus/jackson/jackson-jaxrs/1.9.13/jackson-jaxrs-1.9.13.jar:/home/user/.m2/repository/org/codehaus/jackson/jackson-xc/1.9.13/jackson-xc-1.9.13.jar:/home/user/.m2/repository/commons-logging/commons-logging/1.1.3/commons-logging-1.1.3.jar:/home/user/.m2/repository/commons-beanutils/commons-beanutils/1.9.4/commons-beanutils-1.9.4.jar:/home/user/.m2/repository/org/apache/commons/commons-configuration2/2.1.1/commons-configuration2-2.1.1.jar:/home/user/.m2/repository/org/apache/commons/commons-lang3/3.7/commons-lang3-3.7.jar:/home/user/.m2/repository/org/apache/commons/commons-text/1.4/commons-text-1.4.jar:/home/user/.m2/repository/org/apache/avro/avro/1.7.7/avro-1.7.7.jar:/home/user/.m2/repository/com/thoughtworks/paranamer/paranamer/2.3/paranamer-2.3.jar:/home/user/.m2/repository/org/xerial/snappy/snappy-java/1.0.5/snappy-java-1.0.5.jar:/home/user/.m2/repository/com/google/re2j/re2j/1.1/re2j-1.1.jar:/home/user/.m2/repository/com/google/code/gson/gson/2.2.4/gson-2.2.4.jar:/home/user/.m2/repository/com/jcraft/jsch/0.1.54/jsch-0.1.54.jar:/home/user/.m2/repository/org/apache/curator/curator-client/2.12.0/curator-client-2.12.0.jar:/home/user/.m2/repository/org/apache/curator/curator-recipes/2.12.0/curator-recipes-2.12.0.jar:/home/user/.m2/repository/com/google/code/findbugs/jsr305/3.0.0/jsr305-3.0.0.jar:/home/user/.m2/repository/org/apache/htrace/htrace-core4/4.1.0-incubating/htrace-core4-4.1.0-incubating.jar:/home/user/.m2/repository/org/apache/zookeeper/zookeeper/3.4.13/zookeeper-3.4.13.jar:/home/user/.m2/repository/jline/jline/0.9.94/jline-0.9.94.jar:/home/user/.m2/repository/org/apache/yetus/audience-annotations/0.5.0/audience-annotations-0.5.0.jar:/home/user/.m2/repository/org/codehaus/woodstox/stax2-api/3.1.4/stax2-api-3.1.4.jar:/home/user/.m2/repository/com/fasterxml/woodstox/woodstox-core/5.0.3/woodstox-core-5.0.3.jar:/home/user/.m2/repository/dnsjava/dnsjava/2.1.7/dnsjava-2.1.7.jar:/home/user/.m2/repository/org/apache/hadoop/hadoop-hdfs/3.2.0/hadoop-hdfs-3.2.0-tests.jar:/home/user/.m2/repository/org/eclipse/jetty/jetty-util-ajax/9.3.25.v20180904/jetty-util-ajax-9.3.25.v20180904.jar:/home/user/.m2/repository/commons-daemon/commons-daemon/1.0.13/commons-daemon-1.0.13.jar:/home/user/.m2/repository/io/netty/netty/3.10.5.Final/netty-3.10.5.Final.jar:/home/user/.m2/repository/io/netty/netty-all/4.0.52.Final/netty-all-4.0.52.Final.jar:/home/user/.m2/repository/org/fusesource/leveldbjni/leveldbjni-all/1.8/leveldbjni-all-1.8.jar:"/>
    <property name="sun.cpu.endian" value="little"/>
    <property name="user.home" value="/home/user"/>
    <property name="user.language" value="en"/>
    <property name="java.specification.vendor" value="Oracle Corporation"/>
    <property name="java.home" value="/usr/lib/jvm/java-1.8-openjdk/jre"/>
    <property name="java.security.krb5.conf" value="/workdir/hadoop-ozone/integration-test/target/test-classes/krb5.conf"/>
    <property name="basedir" value="/workdir/hadoop-ozone/integration-test"/>
    <property name="file.separator" value="/"/>
    <property name="line.separator" value="&#10;"/>
    <property name="java.vm.specification.vendor" value="Oracle Corporation"/>
    <property name="java.specification.name" value="Java Platform API Specification"/>
    <property name="java.awt.graphicsenv" value="sun.awt.X11GraphicsEnvironment"/>
    <property name="surefire.real.class.path" value="/workdir/hadoop-ozone/integration-test/target/surefire/surefirebooter1106999694922321469.jar"/>
    <property name="hadoop.log.dir" value="/workdir/hadoop-ozone/integration-test/target/log"/>
    <property name="sun.boot.class.path" value="/usr/lib/jvm/java-1.8-openjdk/jre/lib/resources.jar:/usr/lib/jvm/java-1.8-openjdk/jre/lib/rt.jar:/usr/lib/jvm/java-1.8-openjdk/jre/lib/sunrsasign.jar:/usr/lib/jvm/java-1.8-openjdk/jre/lib/jsse.jar:/usr/lib/jvm/java-1.8-openjdk/jre/lib/jce.jar:/usr/lib/jvm/java-1.8-openjdk/jre/lib/charsets.jar:/usr/lib/jvm/java-1.8-openjdk/jre/lib/jfr.jar:/usr/lib/jvm/java-1.8-openjdk/jre/classes"/>
    <property name="sun.management.compiler" value="HotSpot 64-Bit Tiered Compilers"/>
    <property name="java.runtime.version" value="1.8.0_212-b04"/>
    <property name="java.net.preferIPv4Stack" value="true"/>
    <property name="user.name" value="jenkins1000"/>
    <property name="path.separator" value=":"/>
    <property name="java.security.egd" value="file:///dev/urandom"/>
    <property name="os.version" value="3.10.0-957.12.2.el7.x86_64"/>
    <property name="java.endorsed.dirs" value="/usr/lib/jvm/java-1.8-openjdk/jre/lib/endorsed"/>
    <property name="java.runtime.name" value="OpenJDK Runtime Environment"/>
    <property name="file.encoding" value="UTF-8"/>
    <property name="java.vm.name" value="OpenJDK 64-Bit Server VM"/>
    <property name="test.build.webapps" value=""/>
    <property name="localRepository" value="/home/user/.m2/repository"/>
    <property name="java.vendor.url.bug" value="https://icedtea.classpath.org/bugzilla"/>
    <property name="java.io.tmpdir" value="/tmp"/>
    <property name="require.test.libhadoop" value=""/>
    <property name="java.version" value="1.8.0_212"/>
    <property name="user.dir" value="/workdir/hadoop-ozone/integration-test"/>
    <property name="os.arch" value="amd64"/>
    <property name="java.vm.specification.name" value="Java Virtual Machine Specification"/>
    <property name="test.build.classes" value="/workdir/hadoop-ozone/integration-test/target/test-classes"/>
    <property name="java.awt.printerjob" value="sun.print.PSPrinterJob"/>
    <property name="sun.os.patch.level" value="unknown"/>
    <property name="hadoop.tmp.dir" value="/workdir/hadoop-ozone/integration-test/target/tmp"/>
    <property name="java.library.path" value="/usr/lib/jvm/java-1.8-openjdk/jre/lib/amd64/server:/usr/lib/jvm/java-1.8-openjdk/jre/lib/amd64:/usr/lib/jvm/java-1.8-openjdk/jre/../lib/amd64:/workdir/hadoop-ozone/integration-test/target/native/target/usr/local/lib:/workdir/hadoop-ozone/integration-test/../../hadoop-common-project/hadoop-common/target/native/target/usr/local/lib:/usr/java/packages/lib/amd64:/usr/lib64:/lib64:/lib:/usr/lib"/>
    <property name="java.vm.info" value="mixed mode"/>
    <property name="java.vendor" value="IcedTea"/>
    <property name="java.vm.version" value="25.212-b04"/>
    <property name="java.ext.dirs" value="/usr/lib/jvm/java-1.8-openjdk/jre/lib/ext:/usr/java/packages/lib/ext"/>
    <property name="sun.io.unicode.encoding" value="UnicodeLittle"/>
    <property name="java.class.version" value="52.0"/>
  </properties>
  <testcase name="test2DatanodesFailure" classname="org.apache.hadoop.ozone.client.rpc.TestBlockOutputStreamWithFailures" time="107.926"/>
  <testcase name="testDatanodeFailureWithPreAllocation" classname="org.apache.hadoop.ozone.client.rpc.TestBlockOutputStreamWithFailures" time="222.135"/>
  <testcase name="testDatanodeFailureWithSingleNodeRatis" classname="org.apache.hadoop.ozone.client.rpc.TestBlockOutputStreamWithFailures" time="222.018"/>
  <testcase name="testWatchForCommitWithSingleNodeRatis" classname="org.apache.hadoop.ozone.client.rpc.TestBlockOutputStreamWithFailures" time="34.065"/>
  <testcase name="testWatchForCommitDatanodeFailure" classname="org.apache.hadoop.ozone.client.rpc.TestBlockOutputStreamWithFailures" time="47.968">
    <failure message="expected:&lt;2&gt; but was:&lt;3&gt;" type="java.lang.AssertionError"><![CDATA[java.lang.AssertionError: expected:<2> but was:<3>
	at org.junit.Assert.fail(Assert.java:88)
	at org.junit.Assert.failNotEquals(Assert.java:743)
	at org.junit.Assert.assertEquals(Assert.java:118)
	at org.junit.Assert.assertEquals(Assert.java:555)
	at org.junit.Assert.assertEquals(Assert.java:542)
	at org.apache.hadoop.ozone.client.rpc.TestBlockOutputStreamWithFailures.testWatchForCommitDatanodeFailure(TestBlockOutputStreamWithFailures.java:366)
	at sun.reflect.NativeMethodAccessorImpl.invoke0(Native Method)
	at sun.reflect.NativeMethodAccessorImpl.invoke(NativeMethodAccessorImpl.java:62)
	at sun.reflect.DelegatingMethodAccessorImpl.invoke(DelegatingMethodAccessorImpl.java:43)
	at java.lang.reflect.Method.invoke(Method.java:498)
	at org.junit.runners.model.FrameworkMethod$1.runReflectiveCall(FrameworkMethod.java:47)
	at org.junit.internal.runners.model.ReflectiveCallable.run(ReflectiveCallable.java:12)
	at org.junit.runners.model.FrameworkMethod.invokeExplosively(FrameworkMethod.java:44)
	at org.junit.internal.runners.statements.InvokeMethod.evaluate(InvokeMethod.java:17)
	at org.junit.internal.runners.statements.RunBefores.evaluate(RunBefores.java:26)
	at org.junit.internal.runners.statements.RunAfters.evaluate(RunAfters.java:27)
	at org.junit.runners.ParentRunner.runLeaf(ParentRunner.java:271)
	at org.junit.runners.BlockJUnit4ClassRunner.runChild(BlockJUnit4ClassRunner.java:70)
	at org.junit.runners.BlockJUnit4ClassRunner.runChild(BlockJUnit4ClassRunner.java:50)
	at org.junit.runners.ParentRunner$3.run(ParentRunner.java:238)
	at org.junit.runners.ParentRunner$1.schedule(ParentRunner.java:63)
	at org.junit.runners.ParentRunner.runChildren(ParentRunner.java:236)
	at org.junit.runners.ParentRunner.access$000(ParentRunner.java:53)
	at org.junit.runners.ParentRunner$2.evaluate(ParentRunner.java:229)
	at org.junit.runners.ParentRunner.run(ParentRunner.java:309)
	at org.apache.maven.surefire.junit4.JUnit4Provider.execute(JUnit4Provider.java:365)
	at org.apache.maven.surefire.junit4.JUnit4Provider.executeWithRerun(JUnit4Provider.java:273)
	at org.apache.maven.surefire.junit4.JUnit4Provider.executeTestSet(JUnit4Provider.java:238)
	at org.apache.maven.surefire.junit4.JUnit4Provider.invoke(JUnit4Provider.java:159)
	at org.apache.maven.surefire.booter.ForkedBooter.invokeProviderInSameClassLoader(ForkedBooter.java:384)
	at org.apache.maven.surefire.booter.ForkedBooter.runSuitesInProcess(ForkedBooter.java:345)
	at org.apache.maven.surefire.booter.ForkedBooter.execute(ForkedBooter.java:126)
	at org.apache.maven.surefire.booter.ForkedBooter.main(ForkedBooter.java:418)
]]></failure>
    <system-out><![CDATA[2019-09-27 00:25:02,453 [main] WARN  server.ServerUtils (ServerUtils.java:getScmDbDir(145)) - ozone.scm.db.dirs is not configured. We recommend adding this setting. Falling back to ozone.metadata.dirs instead.
2019-09-27 00:25:02,467 [main] WARN  server.ServerUtils (ServerUtils.java:getScmDbDir(145)) - ozone.scm.db.dirs is not configured. We recommend adding this setting. Falling back to ozone.metadata.dirs instead.
2019-09-27 00:25:02,467 [main] WARN  server.ServerUtils (ServerUtils.java:getScmDbDir(145)) - ozone.scm.db.dirs is not configured. We recommend adding this setting. Falling back to ozone.metadata.dirs instead.
2019-09-27 00:25:02,468 [main] INFO  db.DBStoreBuilder (DBStoreBuilder.java:addTable(110)) - using custom profile for table: deletedBlocks
2019-09-27 00:25:02,468 [main] INFO  db.DBStoreBuilder (DBStoreBuilder.java:processTables(161)) - Using default column profile:DBProfile.DISK for Table:deletedBlocks
2019-09-27 00:25:02,468 [main] INFO  db.DBStoreBuilder (DBStoreBuilder.java:addTable(110)) - using custom profile for table: validCerts
2019-09-27 00:25:02,468 [main] INFO  db.DBStoreBuilder (DBStoreBuilder.java:processTables(161)) - Using default column profile:DBProfile.DISK for Table:validCerts
2019-09-27 00:25:02,469 [main] INFO  db.DBStoreBuilder (DBStoreBuilder.java:addTable(110)) - using custom profile for table: revokedCerts
2019-09-27 00:25:02,469 [main] INFO  db.DBStoreBuilder (DBStoreBuilder.java:processTables(161)) - Using default column profile:DBProfile.DISK for Table:revokedCerts
2019-09-27 00:25:02,469 [main] INFO  db.DBStoreBuilder (DBStoreBuilder.java:addTable(110)) - using custom profile for table: default
2019-09-27 00:25:02,469 [main] INFO  db.DBStoreBuilder (DBStoreBuilder.java:processTables(167)) - Using default column profile:DBProfile.DISK for Table:default
2019-09-27 00:25:02,469 [main] INFO  db.DBStoreBuilder (DBStoreBuilder.java:getDbProfile(198)) - Using default options. DBProfile.DISK
2019-09-27 00:25:02,647 [main] INFO  net.NodeSchemaLoader (NodeSchemaLoader.java:loadSchemaFromFile(125)) - Loading file from sun.misc.CompoundEnumeration@637c840d
2019-09-27 00:25:02,648 [main] INFO  net.NodeSchemaLoader (NodeSchemaLoader.java:loadSchema(171)) - Loading network topology layer schema file
2019-09-27 00:25:02,653 [main] INFO  node.SCMNodeManager (SCMNodeManager.java:<init>(114)) - Entering startup safe mode.
2019-09-27 00:25:02,654 [main] INFO  algorithms.ContainerPlacementPolicyFactory (ContainerPlacementPolicyFactory.java:getPolicy(57)) - Create container placement policy of type org.apache.hadoop.hdds.scm.container.placement.algorithms.SCMContainerPlacementRandom
2019-09-27 00:25:02,655 [main] WARN  server.ServerUtils (ServerUtils.java:getScmDbDir(145)) - ozone.scm.db.dirs is not configured. We recommend adding this setting. Falling back to ozone.metadata.dirs instead.
2019-09-27 00:25:02,739 [main] INFO  pipeline.SCMPipelineManager (SCMPipelineManager.java:initializePipelineState(132)) - No pipeline exists in current db
2019-09-27 00:25:02,739 [main] WARN  server.ServerUtils (ServerUtils.java:getScmDbDir(145)) - ozone.scm.db.dirs is not configured. We recommend adding this setting. Falling back to ozone.metadata.dirs instead.
2019-09-27 00:25:02,832 [main] WARN  events.EventQueue (EventQueue.java:fireEvent(183)) - No event handler registered for event TypedEvent{payloadType=SafeModeStatus, name='SafeModeStatus'}
2019-09-27 00:25:02,833 [main] INFO  ipc.CallQueueManager (CallQueueManager.java:<init>(84)) - Using callQueue: class java.util.concurrent.LinkedBlockingQueue, queueCapacity: 2000, scheduler: class org.apache.hadoop.ipc.DefaultRpcScheduler, ipcBackoff: false.
2019-09-27 00:25:02,834 [Socket Reader #1 for port 45370] INFO  ipc.Server (Server.java:run(1074)) - Starting Socket Reader #1 for port 45370
2019-09-27 00:25:02,836 [main] INFO  ipc.CallQueueManager (CallQueueManager.java:<init>(84)) - Using callQueue: class java.util.concurrent.LinkedBlockingQueue, queueCapacity: 2000, scheduler: class org.apache.hadoop.ipc.DefaultRpcScheduler, ipcBackoff: false.
2019-09-27 00:25:02,836 [Socket Reader #1 for port 44000] INFO  ipc.Server (Server.java:run(1074)) - Starting Socket Reader #1 for port 44000
2019-09-27 00:25:02,838 [main] INFO  ipc.CallQueueManager (CallQueueManager.java:<init>(84)) - Using callQueue: class java.util.concurrent.LinkedBlockingQueue, queueCapacity: 2000, scheduler: class org.apache.hadoop.ipc.DefaultRpcScheduler, ipcBackoff: false.
2019-09-27 00:25:02,839 [Socket Reader #1 for port 44714] INFO  ipc.Server (Server.java:run(1074)) - Starting Socket Reader #1 for port 44714
2019-09-27 00:25:02,841 [main] INFO  hdfs.DFSUtil (DFSUtil.java:httpServerTemplateForNNAndJN(1641)) - Starting Web-server for scm at: http://0.0.0.0:0
2019-09-27 00:25:02,844 [main] INFO  server.AuthenticationFilter (AuthenticationFilter.java:constructSecretProvider(240)) - Unable to initialize FileSignerSecretProvider, falling back to use random secrets.
2019-09-27 00:25:02,845 [main] WARN  http.HttpRequestLog (HttpRequestLog.java:getRequestLog(97)) - Jetty request log can only be enabled using Log4j
2019-09-27 00:25:02,848 [main] INFO  http.HttpServer2 (HttpServer2.java:addGlobalFilter(975)) - Added global filter 'safety' (class=org.apache.hadoop.http.HttpServer2$QuotingInputFilter)
2019-09-27 00:25:02,849 [main] INFO  http.HttpServer2 (HttpServer2.java:addFilter(948)) - Added filter static_user_filter (class=org.apache.hadoop.http.lib.StaticUserWebFilter$StaticUserFilter) to context scm
2019-09-27 00:25:02,849 [main] INFO  http.HttpServer2 (HttpServer2.java:addFilter(958)) - Added filter static_user_filter (class=org.apache.hadoop.http.lib.StaticUserWebFilter$StaticUserFilter) to context logs
2019-09-27 00:25:02,849 [main] INFO  http.HttpServer2 (HttpServer2.java:addFilter(958)) - Added filter static_user_filter (class=org.apache.hadoop.http.lib.StaticUserWebFilter$StaticUserFilter) to context static
2019-09-27 00:25:02,852 [main] INFO  server.StorageContainerManager (StorageContainerManager.java:start(770)) - StorageContainerLocationProtocol RPC server is listening at /0.0.0.0:44714
2019-09-27 00:25:02,856 [main] WARN  impl.MetricsConfig (MetricsConfig.java:loadFirst(134)) - Cannot locate configuration: tried hadoop-metrics2-storagecontainermanager.properties,hadoop-metrics2.properties
2019-09-27 00:25:02,857 [main] INFO  impl.MetricsSystemImpl (MetricsSystemImpl.java:startTimer(374)) - Scheduled Metric snapshot period at 10 second(s).
2019-09-27 00:25:02,857 [main] INFO  impl.MetricsSystemImpl (MetricsSystemImpl.java:start(191)) - StorageContainerManager metrics system started
2019-09-27 00:25:02,939 [main] WARN  impl.MetricsSystemImpl (MetricsSystemImpl.java:register(276)) - Sink prometheus already exists!
2019-09-27 00:25:03,045 [main] INFO  server.SCMClientProtocolServer (SCMClientProtocolServer.java:start(151)) - RPC server for Client  is listening at /0.0.0.0:44714
2019-09-27 00:25:03,046 [IPC Server Responder] INFO  ipc.Server (Server.java:run(1314)) - IPC Server Responder: starting
2019-09-27 00:25:03,046 [IPC Server listener on 44714] INFO  ipc.Server (Server.java:run(1153)) - IPC Server listener on 44714: starting
2019-09-27 00:25:03,051 [main] INFO  server.StorageContainerManager (StorageContainerManager.java:start(780)) - ScmBlockLocationProtocol RPC server is listening at /0.0.0.0:44000
2019-09-27 00:25:03,051 [main] INFO  server.SCMBlockProtocolServer (SCMBlockProtocolServer.java:start(146)) - RPC server for Block Protocol is listening at /0.0.0.0:44000
2019-09-27 00:25:03,051 [IPC Server Responder] INFO  ipc.Server (Server.java:run(1314)) - IPC Server Responder: starting
2019-09-27 00:25:03,052 [IPC Server listener on 44000] INFO  ipc.Server (Server.java:run(1153)) - IPC Server listener on 44000: starting
2019-09-27 00:25:03,056 [main] INFO  server.StorageContainerManager (StorageContainerManager.java:start(784)) - ScmDatanodeProtocl RPC server is listening at /0.0.0.0:45370
2019-09-27 00:25:03,056 [main] INFO  server.SCMDatanodeProtocolServer (SCMDatanodeProtocolServer.java:start(191)) - RPC server for DataNodes is listening at /0.0.0.0:45370
2019-09-27 00:25:03,057 [IPC Server Responder] INFO  ipc.Server (Server.java:run(1314)) - IPC Server Responder: starting
2019-09-27 00:25:03,057 [IPC Server listener on 45370] INFO  ipc.Server (Server.java:run(1153)) - IPC Server listener on 45370: starting
2019-09-27 00:25:03,061 [main] INFO  http.HttpServer2 (HttpServer2.java:bindListener(1191)) - Jetty bound to port 38438
2019-09-27 00:25:03,062 [main] INFO  server.Server (Server.java:doStart(351)) - jetty-9.3.25.v20180904, build timestamp: 2018-09-04T21:11:46Z, git hash: 3ce520221d0240229c862b122d2b06c12a625732
2019-09-27 00:25:03,063 [main] INFO  handler.ContextHandler (ContextHandler.java:doStart(781)) - Started o.e.j.s.ServletContextHandler@2e6d76ba{/logs,file:///workdir/hadoop-ozone/integration-test/target/log,AVAILABLE}
2019-09-27 00:25:03,064 [main] INFO  handler.ContextHandler (ContextHandler.java:doStart(781)) - Started o.e.j.s.ServletContextHandler@5a9840f3{/static,file:///workdir/hadoop-ozone/integration-test/target/test-classes/webapps/static,AVAILABLE}
2019-09-27 00:25:03,067 [main] INFO  handler.ContextHandler (ContextHandler.java:doStart(781)) - Started o.e.j.w.WebAppContext@251c90f{/,file:///workdir/hadoop-ozone/integration-test/target/test-classes/webapps/scm/,AVAILABLE}{/scm}
2019-09-27 00:25:03,068 [main] INFO  server.AbstractConnector (AbstractConnector.java:doStart(278)) - Started ServerConnector@6629643d{HTTP/1.1,[http/1.1]}{0.0.0.0:38438}
2019-09-27 00:25:03,069 [main] INFO  server.Server (Server.java:doStart(419)) - Started @587386ms
2019-09-27 00:25:03,069 [main] WARN  impl.MetricsSystemImpl (MetricsSystemImpl.java:register(276)) - Sink prometheus already exists!
2019-09-27 00:25:03,070 [main] INFO  server.BaseHttpServer (BaseHttpServer.java:updateConnectorAddress(215)) - HTTP server of SCM is listening at http://0.0.0.0:38438
2019-09-27 00:25:03,072 [main] WARN  server.ServerUtils (ServerUtils.java:getDBPath(222)) - ozone.om.db.dirs is not configured. We recommend adding this setting. Falling back to ozone.metadata.dirs instead.
2019-09-27 00:25:03,072 [org.apache.hadoop.util.JvmPauseMonitor$Monitor@64656b9e] INFO  util.JvmPauseMonitor (JvmPauseMonitor.java:run(188)) - Starting JVM pause monitor
2019-09-27 00:25:03,078 [main] WARN  server.ServerUtils (ServerUtils.java:getDBPath(222)) - ozone.om.db.dirs is not configured. We recommend adding this setting. Falling back to ozone.metadata.dirs instead.
2019-09-27 00:25:03,079 [main] WARN  server.ServerUtils (ServerUtils.java:getDBPath(222)) - ozone.om.db.dirs is not configured. We recommend adding this setting. Falling back to ozone.metadata.dirs instead.
2019-09-27 00:25:03,079 [main] INFO  om.OzoneManager (OzoneManager.java:setOMNodeDetails(652)) - OM Service ID is not set. Setting it to the default ID: omServiceIdDefault
2019-09-27 00:25:03,079 [main] INFO  om.OzoneManager (OzoneManager.java:setOMNodeDetails(658)) - OM Node ID is not set. Setting it to the OmStorage's OmID: 2c2e72fd-418a-4fb5-99db-758f92160d5f
2019-09-27 00:25:03,079 [main] INFO  om.OzoneManager (OzoneManager.java:loadOMHAConfigs(609)) - Found matching OM address with OMServiceId: null, OMNodeId: null, RPC Address: localhost:0 and Ratis port: 9872
2019-09-27 00:25:03,086 [main] WARN  server.ServerUtils (ServerUtils.java:getDBPath(222)) - ozone.om.db.dirs is not configured. We recommend adding this setting. Falling back to ozone.metadata.dirs instead.
2019-09-27 00:25:03,086 [main] INFO  db.DBStoreBuilder (DBStoreBuilder.java:addTable(110)) - using custom profile for table: userTable
2019-09-27 00:25:03,086 [main] INFO  db.DBStoreBuilder (DBStoreBuilder.java:processTables(161)) - Using default column profile:DBProfile.DISK for Table:userTable
2019-09-27 00:25:03,086 [main] INFO  db.DBStoreBuilder (DBStoreBuilder.java:addTable(110)) - using custom profile for table: volumeTable
2019-09-27 00:25:03,087 [main] INFO  db.DBStoreBuilder (DBStoreBuilder.java:processTables(161)) - Using default column profile:DBProfile.DISK for Table:volumeTable
2019-09-27 00:25:03,087 [main] INFO  db.DBStoreBuilder (DBStoreBuilder.java:addTable(110)) - using custom profile for table: bucketTable
2019-09-27 00:25:03,087 [main] INFO  db.DBStoreBuilder (DBStoreBuilder.java:processTables(161)) - Using default column profile:DBProfile.DISK for Table:bucketTable
2019-09-27 00:25:03,087 [main] INFO  db.DBStoreBuilder (DBStoreBuilder.java:addTable(110)) - using custom profile for table: keyTable
2019-09-27 00:25:03,087 [main] INFO  db.DBStoreBuilder (DBStoreBuilder.java:processTables(161)) - Using default column profile:DBProfile.DISK for Table:keyTable
2019-09-27 00:25:03,087 [main] INFO  db.DBStoreBuilder (DBStoreBuilder.java:addTable(110)) - using custom profile for table: deletedTable
2019-09-27 00:25:03,087 [main] INFO  db.DBStoreBuilder (DBStoreBuilder.java:processTables(161)) - Using default column profile:DBProfile.DISK for Table:deletedTable
2019-09-27 00:25:03,088 [main] INFO  db.DBStoreBuilder (DBStoreBuilder.java:addTable(110)) - using custom profile for table: openKeyTable
2019-09-27 00:25:03,088 [main] INFO  db.DBStoreBuilder (DBStoreBuilder.java:processTables(161)) - Using default column profile:DBProfile.DISK for Table:openKeyTable
2019-09-27 00:25:03,088 [main] INFO  db.DBStoreBuilder (DBStoreBuilder.java:addTable(110)) - using custom profile for table: s3Table
2019-09-27 00:25:03,088 [main] INFO  db.DBStoreBuilder (DBStoreBuilder.java:processTables(161)) - Using default column profile:DBProfile.DISK for Table:s3Table
2019-09-27 00:25:03,088 [main] INFO  db.DBStoreBuilder (DBStoreBuilder.java:addTable(110)) - using custom profile for table: multipartInfoTable
2019-09-27 00:25:03,088 [main] INFO  db.DBStoreBuilder (DBStoreBuilder.java:processTables(161)) - Using default column profile:DBProfile.DISK for Table:multipartInfoTable
2019-09-27 00:25:03,089 [main] INFO  db.DBStoreBuilder (DBStoreBuilder.java:addTable(110)) - using custom profile for table: dTokenTable
2019-09-27 00:25:03,089 [main] INFO  db.DBStoreBuilder (DBStoreBuilder.java:processTables(161)) - Using default column profile:DBProfile.DISK for Table:dTokenTable
2019-09-27 00:25:03,089 [main] INFO  db.DBStoreBuilder (DBStoreBuilder.java:addTable(110)) - using custom profile for table: s3SecretTable
2019-09-27 00:25:03,089 [main] INFO  db.DBStoreBuilder (DBStoreBuilder.java:processTables(161)) - Using default column profile:DBProfile.DISK for Table:s3SecretTable
2019-09-27 00:25:03,089 [main] INFO  db.DBStoreBuilder (DBStoreBuilder.java:addTable(110)) - using custom profile for table: prefixTable
2019-09-27 00:25:03,089 [main] INFO  db.DBStoreBuilder (DBStoreBuilder.java:processTables(161)) - Using default column profile:DBProfile.DISK for Table:prefixTable
2019-09-27 00:25:03,090 [main] INFO  db.DBStoreBuilder (DBStoreBuilder.java:addTable(110)) - using custom profile for table: default
2019-09-27 00:25:03,090 [main] INFO  db.DBStoreBuilder (DBStoreBuilder.java:processTables(167)) - Using default column profile:DBProfile.DISK for Table:default
2019-09-27 00:25:03,090 [main] INFO  db.DBStoreBuilder (DBStoreBuilder.java:getDbProfile(198)) - Using default options. DBProfile.DISK
2019-09-27 00:25:03,687 [main] INFO  ipc.CallQueueManager (CallQueueManager.java:<init>(84)) - Using callQueue: class java.util.concurrent.LinkedBlockingQueue, queueCapacity: 2000, scheduler: class org.apache.hadoop.ipc.DefaultRpcScheduler, ipcBackoff: false.
2019-09-27 00:25:03,688 [Socket Reader #1 for port 46169] INFO  ipc.Server (Server.java:run(1074)) - Starting Socket Reader #1 for port 46169
2019-09-27 00:25:03,707 [main] INFO  om.OzoneManager (OzoneManager.java:start(1243)) - OzoneManager RPC server is listening at localhost/127.0.0.1:46169
2019-09-27 00:25:03,707 [main] INFO  impl.MetricsSystemImpl (MetricsSystemImpl.java:init(158)) - OzoneManager metrics system started (again)
2019-09-27 00:25:03,708 [IPC Server Responder] INFO  ipc.Server (Server.java:run(1314)) - IPC Server Responder: starting
2019-09-27 00:25:03,708 [IPC Server listener on 46169] INFO  ipc.Server (Server.java:run(1153)) - IPC Server listener on 46169: starting
2019-09-27 00:25:03,713 [main] INFO  hdfs.DFSUtil (DFSUtil.java:httpServerTemplateForNNAndJN(1641)) - Starting Web-server for ozoneManager at: http://0.0.0.0:0
2019-09-27 00:25:03,715 [main] INFO  server.AuthenticationFilter (AuthenticationFilter.java:constructSecretProvider(240)) - Unable to initialize FileSignerSecretProvider, falling back to use random secrets.
2019-09-27 00:25:03,716 [main] WARN  http.HttpRequestLog (HttpRequestLog.java:getRequestLog(97)) - Jetty request log can only be enabled using Log4j
2019-09-27 00:25:03,718 [main] INFO  http.HttpServer2 (HttpServer2.java:addGlobalFilter(975)) - Added global filter 'safety' (class=org.apache.hadoop.http.HttpServer2$QuotingInputFilter)
2019-09-27 00:25:03,718 [main] INFO  http.HttpServer2 (HttpServer2.java:addFilter(948)) - Added filter static_user_filter (class=org.apache.hadoop.http.lib.StaticUserWebFilter$StaticUserFilter) to context ozoneManager
2019-09-27 00:25:03,719 [main] INFO  http.HttpServer2 (HttpServer2.java:addFilter(958)) - Added filter static_user_filter (class=org.apache.hadoop.http.lib.StaticUserWebFilter$StaticUserFilter) to context logs
2019-09-27 00:25:03,719 [main] INFO  http.HttpServer2 (HttpServer2.java:addFilter(958)) - Added filter static_user_filter (class=org.apache.hadoop.http.lib.StaticUserWebFilter$StaticUserFilter) to context static
2019-09-27 00:25:03,720 [main] INFO  http.HttpServer2 (HttpServer2.java:bindListener(1191)) - Jetty bound to port 38637
2019-09-27 00:25:03,720 [main] INFO  server.Server (Server.java:doStart(351)) - jetty-9.3.25.v20180904, build timestamp: 2018-09-04T21:11:46Z, git hash: 3ce520221d0240229c862b122d2b06c12a625732
2019-09-27 00:25:03,722 [main] INFO  handler.ContextHandler (ContextHandler.java:doStart(781)) - Started o.e.j.s.ServletContextHandler@7d59e968{/logs,file:///workdir/hadoop-ozone/integration-test/target/log,AVAILABLE}
2019-09-27 00:25:03,722 [main] INFO  handler.ContextHandler (ContextHandler.java:doStart(781)) - Started o.e.j.s.ServletContextHandler@581c9bb7{/static,file:///workdir/hadoop-ozone/integration-test/target/test-classes/webapps/static,AVAILABLE}
2019-09-27 00:25:03,727 [main] INFO  handler.ContextHandler (ContextHandler.java:doStart(781)) - Started o.e.j.w.WebAppContext@22cb3d59{/,file:///workdir/hadoop-ozone/integration-test/target/test-classes/webapps/ozoneManager/,AVAILABLE}{/ozoneManager}
2019-09-27 00:25:03,727 [main] INFO  server.AbstractConnector (AbstractConnector.java:doStart(278)) - Started ServerConnector@33e4b9c4{HTTP/1.1,[http/1.1]}{0.0.0.0:38637}
2019-09-27 00:25:03,729 [main] INFO  server.Server (Server.java:doStart(419)) - Started @588046ms
2019-09-27 00:25:03,729 [main] WARN  impl.MetricsSystemImpl (MetricsSystemImpl.java:register(276)) - Sink prometheus already exists!
2019-09-27 00:25:03,729 [main] INFO  server.BaseHttpServer (BaseHttpServer.java:updateConnectorAddress(215)) - HTTP server of OZONEMANAGER is listening at http://0.0.0.0:38637
2019-09-27 00:25:03,746 [main] INFO  impl.MetricsSystemImpl (MetricsSystemImpl.java:init(158)) - HddsDatanode metrics system started (again)
2019-09-27 00:25:03,750 [main] INFO  ozone.HddsDatanodeService (HddsDatanodeService.java:start(184)) - HddsDatanodeService host:pr-hdds-2193-7pp9x-2361853758 ip:192.168.30.42
2019-09-27 00:25:03,757 [main] INFO  volume.HddsVolume (HddsVolume.java:<init>(176)) - Creating Volume: /workdir/hadoop-ozone/integration-test/target/test-dir/MiniOzoneClusterImpl-bd5938d5-a9f0-46e6-9cba-1e01c8d8b818/datanode-0/data/containers/hdds of  storage type : DISK and capacity : 1482555576320
2019-09-27 00:25:03,757 [main] INFO  volume.VolumeSet (VolumeSet.java:initializeVolumeSet(170)) - Added Volume : /workdir/hadoop-ozone/integration-test/target/test-dir/MiniOzoneClusterImpl-bd5938d5-a9f0-46e6-9cba-1e01c8d8b818/datanode-0/data/containers/hdds to VolumeSet
2019-09-27 00:25:03,757 [main] INFO  volume.ThrottledAsyncChecker (ThrottledAsyncChecker.java:schedule(139)) - Scheduling a check for org.apache.hadoop.ozone.container.common.volume.HddsVolume@75e80a97
2019-09-27 00:25:03,758 [main] INFO  volume.HddsVolumeChecker (HddsVolumeChecker.java:checkAllVolumes(202)) - Scheduled health check for volume org.apache.hadoop.ozone.container.common.volume.HddsVolume@75e80a97
2019-09-27 00:25:03,775 [main] INFO  impl.RaftServerProxy (ConfUtils.java:logGet(43)) - raft.rpc.type = GRPC (default)
2019-09-27 00:25:03,775 [main] INFO  grpc.GrpcFactory (GrpcFactory.java:checkPooledByteBufAllocatorUseCacheForAllThreads(45)) - PERFORMANCE WARNING: useCacheForAllThreads is true that may cause Netty to create a lot garbage objects and, as a result, trigger GC.
	It is recommended to disable useCacheForAllThreads by setting -Dorg.apache.ratis.thirdparty.io.netty.allocator.useCacheForAllThreads=false in command line.
2019-09-27 00:25:03,775 [main] INFO  grpc.GrpcConfigKeys$Server (ConfUtils.java:logGet(43)) - raft.grpc.server.port = 0 (default)
2019-09-27 00:25:03,776 [main] INFO  server.GrpcService (ConfUtils.java:logGet(43)) - raft.grpc.message.size.max = 33570816 (custom)
2019-09-27 00:25:03,776 [main] INFO  server.RaftServerConfigKeys (ConfUtils.java:logGet(43)) - raft.server.log.appender.buffer.byte-limit = 33554432 (custom)
2019-09-27 00:25:03,776 [main] INFO  server.GrpcService (ConfUtils.java:logGet(43)) - raft.grpc.flow.control.window = 1MB (=1048576) (default)
2019-09-27 00:25:03,776 [main] INFO  server.RaftServerConfigKeys (ConfUtils.java:logGet(43)) - raft.server.rpc.request.timeout = 3000ms (default)
2019-09-27 00:25:03,777 [main] INFO  server.RaftServerConfigKeys (ConfUtils.java:logGet(43)) - raft.server.storage.dir = [/workdir/hadoop-ozone/integration-test/target/test-dir/MiniOzoneClusterImpl-bd5938d5-a9f0-46e6-9cba-1e01c8d8b818/datanode-0/data/ratis] (custom)
2019-09-27 00:25:03,778 [main] INFO  hdfs.DFSUtil (DFSUtil.java:httpServerTemplateForNNAndJN(1641)) - Starting Web-server for hddsDatanode at: http://0.0.0.0:0
2019-09-27 00:25:03,779 [main] INFO  server.AuthenticationFilter (AuthenticationFilter.java:constructSecretProvider(240)) - Unable to initialize FileSignerSecretProvider, falling back to use random secrets.
2019-09-27 00:25:03,780 [main] WARN  http.HttpRequestLog (HttpRequestLog.java:getRequestLog(97)) - Jetty request log can only be enabled using Log4j
2019-09-27 00:25:03,781 [main] INFO  http.HttpServer2 (HttpServer2.java:addGlobalFilter(975)) - Added global filter 'safety' (class=org.apache.hadoop.http.HttpServer2$QuotingInputFilter)
2019-09-27 00:25:03,782 [main] INFO  http.HttpServer2 (HttpServer2.java:addFilter(948)) - Added filter static_user_filter (class=org.apache.hadoop.http.lib.StaticUserWebFilter$StaticUserFilter) to context hddsDatanode
2019-09-27 00:25:03,782 [main] INFO  http.HttpServer2 (HttpServer2.java:addFilter(958)) - Added filter static_user_filter (class=org.apache.hadoop.http.lib.StaticUserWebFilter$StaticUserFilter) to context static
2019-09-27 00:25:03,782 [main] INFO  http.HttpServer2 (HttpServer2.java:addFilter(958)) - Added filter static_user_filter (class=org.apache.hadoop.http.lib.StaticUserWebFilter$StaticUserFilter) to context logs
2019-09-27 00:25:03,783 [main] INFO  http.HttpServer2 (HttpServer2.java:bindListener(1191)) - Jetty bound to port 38727
2019-09-27 00:25:03,783 [main] INFO  server.Server (Server.java:doStart(351)) - jetty-9.3.25.v20180904, build timestamp: 2018-09-04T21:11:46Z, git hash: 3ce520221d0240229c862b122d2b06c12a625732
2019-09-27 00:25:03,784 [main] INFO  handler.ContextHandler (ContextHandler.java:doStart(781)) - Started o.e.j.s.ServletContextHandler@546ed2a0{/logs,file:///workdir/hadoop-ozone/integration-test/target/log,AVAILABLE}
2019-09-27 00:25:03,785 [main] INFO  handler.ContextHandler (ContextHandler.java:doStart(781)) - Started o.e.j.s.ServletContextHandler@27ec8754{/static,jar:file:/home/user/.m2/repository/org/apache/hadoop/hadoop-hdds-container-service/0.5.0-SNAPSHOT/hadoop-hdds-container-service-0.5.0-SNAPSHOT.jar!/webapps/static,AVAILABLE}
2019-09-27 00:25:03,815 [main] INFO  handler.ContextHandler (ContextHandler.java:doStart(781)) - Started o.e.j.w.WebAppContext@3a0b6a{/,file:///tmp/jetty-0.0.0.0-38727-hddsDatanode-_-any-4745390373807011782.dir/webapp/,AVAILABLE}{/hddsDatanode}
2019-09-27 00:25:03,815 [main] INFO  server.AbstractConnector (AbstractConnector.java:doStart(278)) - Started ServerConnector@539c4830{HTTP/1.1,[http/1.1]}{0.0.0.0:38727}
2019-09-27 00:25:03,815 [main] INFO  server.Server (Server.java:doStart(419)) - Started @588132ms
2019-09-27 00:25:03,817 [main] WARN  impl.MetricsSystemImpl (MetricsSystemImpl.java:register(276)) - Sink prometheus already exists!
2019-09-27 00:25:03,817 [main] INFO  server.BaseHttpServer (BaseHttpServer.java:updateConnectorAddress(215)) - HTTP server of HDDSDATANODE is listening at http://0.0.0.0:38727
2019-09-27 00:25:03,818 [main] INFO  impl.MetricsSystemImpl (MetricsSystemImpl.java:init(158)) - HddsDatanode metrics system started (again)
2019-09-27 00:25:03,821 [org.apache.hadoop.util.JvmPauseMonitor$Monitor@7ea02fa9] INFO  util.JvmPauseMonitor (JvmPauseMonitor.java:run(188)) - Starting JVM pause monitor
2019-09-27 00:25:03,822 [main] INFO  ozone.HddsDatanodeService (HddsDatanodeService.java:start(184)) - HddsDatanodeService host:pr-hdds-2193-7pp9x-2361853758 ip:192.168.30.42
2019-09-27 00:25:03,823 [Datanode State Machine Thread - 0] INFO  datanode.InitDatanodeState (InitDatanodeState.java:persistContainerDatanodeDetails(140)) - DatanodeDetails is persisted to /workdir/hadoop-ozone/integration-test/target/test-dir/MiniOzoneClusterImpl-bd5938d5-a9f0-46e6-9cba-1e01c8d8b818/datanode-0/meta/datanode.id
2019-09-27 00:25:03,829 [main] INFO  volume.HddsVolume (HddsVolume.java:<init>(176)) - Creating Volume: /workdir/hadoop-ozone/integration-test/target/test-dir/MiniOzoneClusterImpl-bd5938d5-a9f0-46e6-9cba-1e01c8d8b818/datanode-1/data/containers/hdds of  storage type : DISK and capacity : 1482555576320
2019-09-27 00:25:03,829 [main] INFO  volume.VolumeSet (VolumeSet.java:initializeVolumeSet(170)) - Added Volume : /workdir/hadoop-ozone/integration-test/target/test-dir/MiniOzoneClusterImpl-bd5938d5-a9f0-46e6-9cba-1e01c8d8b818/datanode-1/data/containers/hdds to VolumeSet
2019-09-27 00:25:03,830 [main] INFO  volume.ThrottledAsyncChecker (ThrottledAsyncChecker.java:schedule(139)) - Scheduling a check for org.apache.hadoop.ozone.container.common.volume.HddsVolume@58d4238e
2019-09-27 00:25:03,830 [main] INFO  volume.HddsVolumeChecker (HddsVolumeChecker.java:checkAllVolumes(202)) - Scheduled health check for volume org.apache.hadoop.ozone.container.common.volume.HddsVolume@58d4238e
2019-09-27 00:25:03,845 [main] INFO  impl.RaftServerProxy (ConfUtils.java:logGet(43)) - raft.rpc.type = GRPC (default)
2019-09-27 00:25:03,845 [main] INFO  grpc.GrpcFactory (GrpcFactory.java:checkPooledByteBufAllocatorUseCacheForAllThreads(45)) - PERFORMANCE WARNING: useCacheForAllThreads is true that may cause Netty to create a lot garbage objects and, as a result, trigger GC.
	It is recommended to disable useCacheForAllThreads by setting -Dorg.apache.ratis.thirdparty.io.netty.allocator.useCacheForAllThreads=false in command line.
2019-09-27 00:25:03,845 [main] INFO  grpc.GrpcConfigKeys$Server (ConfUtils.java:logGet(43)) - raft.grpc.server.port = 0 (default)
2019-09-27 00:25:03,846 [main] INFO  server.GrpcService (ConfUtils.java:logGet(43)) - raft.grpc.message.size.max = 33570816 (custom)
2019-09-27 00:25:03,846 [main] INFO  server.RaftServerConfigKeys (ConfUtils.java:logGet(43)) - raft.server.log.appender.buffer.byte-limit = 33554432 (custom)
2019-09-27 00:25:03,846 [main] INFO  server.GrpcService (ConfUtils.java:logGet(43)) - raft.grpc.flow.control.window = 1MB (=1048576) (default)
2019-09-27 00:25:03,846 [main] INFO  server.RaftServerConfigKeys (ConfUtils.java:logGet(43)) - raft.server.rpc.request.timeout = 3000ms (default)
2019-09-27 00:25:03,846 [main] INFO  server.RaftServerConfigKeys (ConfUtils.java:logGet(43)) - raft.server.storage.dir = [/workdir/hadoop-ozone/integration-test/target/test-dir/MiniOzoneClusterImpl-bd5938d5-a9f0-46e6-9cba-1e01c8d8b818/datanode-1/data/ratis] (custom)
2019-09-27 00:25:03,847 [main] INFO  hdfs.DFSUtil (DFSUtil.java:httpServerTemplateForNNAndJN(1641)) - Starting Web-server for hddsDatanode at: http://0.0.0.0:0
2019-09-27 00:25:03,848 [main] INFO  server.AuthenticationFilter (AuthenticationFilter.java:constructSecretProvider(240)) - Unable to initialize FileSignerSecretProvider, falling back to use random secrets.
2019-09-27 00:25:03,849 [main] WARN  http.HttpRequestLog (HttpRequestLog.java:getRequestLog(97)) - Jetty request log can only be enabled using Log4j
2019-09-27 00:25:03,850 [main] INFO  http.HttpServer2 (HttpServer2.java:addGlobalFilter(975)) - Added global filter 'safety' (class=org.apache.hadoop.http.HttpServer2$QuotingInputFilter)
2019-09-27 00:25:03,851 [main] INFO  http.HttpServer2 (HttpServer2.java:addFilter(948)) - Added filter static_user_filter (class=org.apache.hadoop.http.lib.StaticUserWebFilter$StaticUserFilter) to context hddsDatanode
2019-09-27 00:25:03,851 [main] INFO  http.HttpServer2 (HttpServer2.java:addFilter(958)) - Added filter static_user_filter (class=org.apache.hadoop.http.lib.StaticUserWebFilter$StaticUserFilter) to context logs
2019-09-27 00:25:03,851 [main] INFO  http.HttpServer2 (HttpServer2.java:addFilter(958)) - Added filter static_user_filter (class=org.apache.hadoop.http.lib.StaticUserWebFilter$StaticUserFilter) to context static
2019-09-27 00:25:03,851 [main] INFO  http.HttpServer2 (HttpServer2.java:bindListener(1191)) - Jetty bound to port 39725
2019-09-27 00:25:03,852 [main] INFO  server.Server (Server.java:doStart(351)) - jetty-9.3.25.v20180904, build timestamp: 2018-09-04T21:11:46Z, git hash: 3ce520221d0240229c862b122d2b06c12a625732
2019-09-27 00:25:03,853 [main] INFO  handler.ContextHandler (ContextHandler.java:doStart(781)) - Started o.e.j.s.ServletContextHandler@6842c101{/logs,file:///workdir/hadoop-ozone/integration-test/target/log,AVAILABLE}
2019-09-27 00:25:03,853 [main] INFO  handler.ContextHandler (ContextHandler.java:doStart(781)) - Started o.e.j.s.ServletContextHandler@2c48cede{/static,jar:file:/home/user/.m2/repository/org/apache/hadoop/hadoop-hdds-container-service/0.5.0-SNAPSHOT/hadoop-hdds-container-service-0.5.0-SNAPSHOT.jar!/webapps/static,AVAILABLE}
2019-09-27 00:25:03,880 [main] INFO  handler.ContextHandler (ContextHandler.java:doStart(781)) - Started o.e.j.w.WebAppContext@60591e1b{/,file:///tmp/jetty-0.0.0.0-39725-hddsDatanode-_-any-3710792046561507371.dir/webapp/,AVAILABLE}{/hddsDatanode}
2019-09-27 00:25:03,880 [main] INFO  server.AbstractConnector (AbstractConnector.java:doStart(278)) - Started ServerConnector@29c53c4f{HTTP/1.1,[http/1.1]}{0.0.0.0:39725}
2019-09-27 00:25:03,880 [main] INFO  server.Server (Server.java:doStart(419)) - Started @588197ms
2019-09-27 00:25:03,882 [main] WARN  impl.MetricsSystemImpl (MetricsSystemImpl.java:register(276)) - Sink prometheus already exists!
2019-09-27 00:25:03,883 [main] INFO  server.BaseHttpServer (BaseHttpServer.java:updateConnectorAddress(215)) - HTTP server of HDDSDATANODE is listening at http://0.0.0.0:39725
2019-09-27 00:25:03,883 [main] INFO  impl.MetricsSystemImpl (MetricsSystemImpl.java:init(158)) - HddsDatanode metrics system started (again)
2019-09-27 00:25:03,886 [org.apache.hadoop.util.JvmPauseMonitor$Monitor@4930dea] INFO  util.JvmPauseMonitor (JvmPauseMonitor.java:run(188)) - Starting JVM pause monitor
2019-09-27 00:25:03,887 [main] INFO  ozone.HddsDatanodeService (HddsDatanodeService.java:start(184)) - HddsDatanodeService host:pr-hdds-2193-7pp9x-2361853758 ip:192.168.30.42
2019-09-27 00:25:03,888 [Datanode State Machine Thread - 0] INFO  datanode.InitDatanodeState (InitDatanodeState.java:persistContainerDatanodeDetails(140)) - DatanodeDetails is persisted to /workdir/hadoop-ozone/integration-test/target/test-dir/MiniOzoneClusterImpl-bd5938d5-a9f0-46e6-9cba-1e01c8d8b818/datanode-1/meta/datanode.id
2019-09-27 00:25:03,893 [main] INFO  volume.HddsVolume (HddsVolume.java:<init>(176)) - Creating Volume: /workdir/hadoop-ozone/integration-test/target/test-dir/MiniOzoneClusterImpl-bd5938d5-a9f0-46e6-9cba-1e01c8d8b818/datanode-2/data/containers/hdds of  storage type : DISK and capacity : 1482555576320
2019-09-27 00:25:03,893 [main] INFO  volume.VolumeSet (VolumeSet.java:initializeVolumeSet(170)) - Added Volume : /workdir/hadoop-ozone/integration-test/target/test-dir/MiniOzoneClusterImpl-bd5938d5-a9f0-46e6-9cba-1e01c8d8b818/datanode-2/data/containers/hdds to VolumeSet
2019-09-27 00:25:03,894 [main] INFO  volume.ThrottledAsyncChecker (ThrottledAsyncChecker.java:schedule(139)) - Scheduling a check for org.apache.hadoop.ozone.container.common.volume.HddsVolume@58a3d521
2019-09-27 00:25:03,894 [main] INFO  volume.HddsVolumeChecker (HddsVolumeChecker.java:checkAllVolumes(202)) - Scheduled health check for volume org.apache.hadoop.ozone.container.common.volume.HddsVolume@58a3d521
2019-09-27 00:25:03,909 [main] INFO  impl.RaftServerProxy (ConfUtils.java:logGet(43)) - raft.rpc.type = GRPC (default)
2019-09-27 00:25:03,909 [main] INFO  grpc.GrpcFactory (GrpcFactory.java:checkPooledByteBufAllocatorUseCacheForAllThreads(45)) - PERFORMANCE WARNING: useCacheForAllThreads is true that may cause Netty to create a lot garbage objects and, as a result, trigger GC.
	It is recommended to disable useCacheForAllThreads by setting -Dorg.apache.ratis.thirdparty.io.netty.allocator.useCacheForAllThreads=false in command line.
2019-09-27 00:25:03,910 [main] INFO  grpc.GrpcConfigKeys$Server (ConfUtils.java:logGet(43)) - raft.grpc.server.port = 0 (default)
2019-09-27 00:25:03,910 [main] INFO  server.GrpcService (ConfUtils.java:logGet(43)) - raft.grpc.message.size.max = 33570816 (custom)
2019-09-27 00:25:03,910 [main] INFO  server.RaftServerConfigKeys (ConfUtils.java:logGet(43)) - raft.server.log.appender.buffer.byte-limit = 33554432 (custom)
2019-09-27 00:25:03,910 [main] INFO  server.GrpcService (ConfUtils.java:logGet(43)) - raft.grpc.flow.control.window = 1MB (=1048576) (default)
2019-09-27 00:25:03,910 [main] INFO  server.RaftServerConfigKeys (ConfUtils.java:logGet(43)) - raft.server.rpc.request.timeout = 3000ms (default)
2019-09-27 00:25:03,911 [main] INFO  server.RaftServerConfigKeys (ConfUtils.java:logGet(43)) - raft.server.storage.dir = [/workdir/hadoop-ozone/integration-test/target/test-dir/MiniOzoneClusterImpl-bd5938d5-a9f0-46e6-9cba-1e01c8d8b818/datanode-2/data/ratis] (custom)
2019-09-27 00:25:03,912 [main] INFO  hdfs.DFSUtil (DFSUtil.java:httpServerTemplateForNNAndJN(1641)) - Starting Web-server for hddsDatanode at: http://0.0.0.0:0
2019-09-27 00:25:03,913 [main] INFO  server.AuthenticationFilter (AuthenticationFilter.java:constructSecretProvider(240)) - Unable to initialize FileSignerSecretProvider, falling back to use random secrets.
2019-09-27 00:25:03,913 [main] WARN  http.HttpRequestLog (HttpRequestLog.java:getRequestLog(97)) - Jetty request log can only be enabled using Log4j
2019-09-27 00:25:03,915 [main] INFO  http.HttpServer2 (HttpServer2.java:addGlobalFilter(975)) - Added global filter 'safety' (class=org.apache.hadoop.http.HttpServer2$QuotingInputFilter)
2019-09-27 00:25:03,915 [main] INFO  http.HttpServer2 (HttpServer2.java:addFilter(948)) - Added filter static_user_filter (class=org.apache.hadoop.http.lib.StaticUserWebFilter$StaticUserFilter) to context hddsDatanode
2019-09-27 00:25:03,916 [main] INFO  http.HttpServer2 (HttpServer2.java:addFilter(958)) - Added filter static_user_filter (class=org.apache.hadoop.http.lib.StaticUserWebFilter$StaticUserFilter) to context static
2019-09-27 00:25:03,916 [main] INFO  http.HttpServer2 (HttpServer2.java:addFilter(958)) - Added filter static_user_filter (class=org.apache.hadoop.http.lib.StaticUserWebFilter$StaticUserFilter) to context logs
2019-09-27 00:25:03,916 [main] INFO  http.HttpServer2 (HttpServer2.java:bindListener(1191)) - Jetty bound to port 36969
2019-09-27 00:25:03,917 [main] INFO  server.Server (Server.java:doStart(351)) - jetty-9.3.25.v20180904, build timestamp: 2018-09-04T21:11:46Z, git hash: 3ce520221d0240229c862b122d2b06c12a625732
2019-09-27 00:25:03,918 [main] INFO  handler.ContextHandler (ContextHandler.java:doStart(781)) - Started o.e.j.s.ServletContextHandler@2365ea38{/logs,file:///workdir/hadoop-ozone/integration-test/target/log,AVAILABLE}
2019-09-27 00:25:03,918 [main] INFO  handler.ContextHandler (ContextHandler.java:doStart(781)) - Started o.e.j.s.ServletContextHandler@49232c6f{/static,jar:file:/home/user/.m2/repository/org/apache/hadoop/hadoop-hdds-container-service/0.5.0-SNAPSHOT/hadoop-hdds-container-service-0.5.0-SNAPSHOT.jar!/webapps/static,AVAILABLE}
2019-09-27 00:25:03,946 [main] INFO  handler.ContextHandler (ContextHandler.java:doStart(781)) - Started o.e.j.w.WebAppContext@7741ae1b{/,file:///tmp/jetty-0.0.0.0-36969-hddsDatanode-_-any-1493255843463398185.dir/webapp/,AVAILABLE}{/hddsDatanode}
2019-09-27 00:25:03,946 [main] INFO  server.AbstractConnector (AbstractConnector.java:doStart(278)) - Started ServerConnector@50e5032c{HTTP/1.1,[http/1.1]}{0.0.0.0:36969}
2019-09-27 00:25:03,946 [main] INFO  server.Server (Server.java:doStart(419)) - Started @588263ms
2019-09-27 00:25:03,948 [main] WARN  impl.MetricsSystemImpl (MetricsSystemImpl.java:register(276)) - Sink prometheus already exists!
2019-09-27 00:25:03,949 [main] INFO  server.BaseHttpServer (BaseHttpServer.java:updateConnectorAddress(215)) - HTTP server of HDDSDATANODE is listening at http://0.0.0.0:36969
2019-09-27 00:25:03,949 [main] INFO  impl.MetricsSystemImpl (MetricsSystemImpl.java:init(158)) - HddsDatanode metrics system started (again)
2019-09-27 00:25:03,953 [org.apache.hadoop.util.JvmPauseMonitor$Monitor@6fba46a3] INFO  util.JvmPauseMonitor (JvmPauseMonitor.java:run(188)) - Starting JVM pause monitor
2019-09-27 00:25:03,953 [main] INFO  ozone.HddsDatanodeService (HddsDatanodeService.java:start(184)) - HddsDatanodeService host:pr-hdds-2193-7pp9x-2361853758 ip:192.168.30.42
2019-09-27 00:25:03,954 [Datanode State Machine Thread - 0] INFO  datanode.InitDatanodeState (InitDatanodeState.java:persistContainerDatanodeDetails(140)) - DatanodeDetails is persisted to /workdir/hadoop-ozone/integration-test/target/test-dir/MiniOzoneClusterImpl-bd5938d5-a9f0-46e6-9cba-1e01c8d8b818/datanode-2/meta/datanode.id
2019-09-27 00:25:03,960 [main] INFO  volume.HddsVolume (HddsVolume.java:<init>(176)) - Creating Volume: /workdir/hadoop-ozone/integration-test/target/test-dir/MiniOzoneClusterImpl-bd5938d5-a9f0-46e6-9cba-1e01c8d8b818/datanode-3/data/containers/hdds of  storage type : DISK and capacity : 1482555576320
2019-09-27 00:25:03,960 [main] INFO  volume.VolumeSet (VolumeSet.java:initializeVolumeSet(170)) - Added Volume : /workdir/hadoop-ozone/integration-test/target/test-dir/MiniOzoneClusterImpl-bd5938d5-a9f0-46e6-9cba-1e01c8d8b818/datanode-3/data/containers/hdds to VolumeSet
2019-09-27 00:25:03,960 [main] INFO  volume.ThrottledAsyncChecker (ThrottledAsyncChecker.java:schedule(139)) - Scheduling a check for org.apache.hadoop.ozone.container.common.volume.HddsVolume@3079c26a
2019-09-27 00:25:03,961 [main] INFO  volume.HddsVolumeChecker (HddsVolumeChecker.java:checkAllVolumes(202)) - Scheduled health check for volume org.apache.hadoop.ozone.container.common.volume.HddsVolume@3079c26a
2019-09-27 00:25:03,975 [main] INFO  impl.RaftServerProxy (ConfUtils.java:logGet(43)) - raft.rpc.type = GRPC (default)
2019-09-27 00:25:03,975 [main] INFO  grpc.GrpcFactory (GrpcFactory.java:checkPooledByteBufAllocatorUseCacheForAllThreads(45)) - PERFORMANCE WARNING: useCacheForAllThreads is true that may cause Netty to create a lot garbage objects and, as a result, trigger GC.
	It is recommended to disable useCacheForAllThreads by setting -Dorg.apache.ratis.thirdparty.io.netty.allocator.useCacheForAllThreads=false in command line.
2019-09-27 00:25:03,975 [main] INFO  grpc.GrpcConfigKeys$Server (ConfUtils.java:logGet(43)) - raft.grpc.server.port = 0 (default)
2019-09-27 00:25:03,975 [main] INFO  server.GrpcService (ConfUtils.java:logGet(43)) - raft.grpc.message.size.max = 33570816 (custom)
2019-09-27 00:25:03,975 [main] INFO  server.RaftServerConfigKeys (ConfUtils.java:logGet(43)) - raft.server.log.appender.buffer.byte-limit = 33554432 (custom)
2019-09-27 00:25:03,976 [main] INFO  server.GrpcService (ConfUtils.java:logGet(43)) - raft.grpc.flow.control.window = 1MB (=1048576) (default)
2019-09-27 00:25:03,976 [main] INFO  server.RaftServerConfigKeys (ConfUtils.java:logGet(43)) - raft.server.rpc.request.timeout = 3000ms (default)
2019-09-27 00:25:03,976 [main] INFO  server.RaftServerConfigKeys (ConfUtils.java:logGet(43)) - raft.server.storage.dir = [/workdir/hadoop-ozone/integration-test/target/test-dir/MiniOzoneClusterImpl-bd5938d5-a9f0-46e6-9cba-1e01c8d8b818/datanode-3/data/ratis] (custom)
2019-09-27 00:25:03,977 [main] INFO  hdfs.DFSUtil (DFSUtil.java:httpServerTemplateForNNAndJN(1641)) - Starting Web-server for hddsDatanode at: http://0.0.0.0:0
2019-09-27 00:25:03,978 [main] INFO  server.AuthenticationFilter (AuthenticationFilter.java:constructSecretProvider(240)) - Unable to initialize FileSignerSecretProvider, falling back to use random secrets.
2019-09-27 00:25:03,979 [main] WARN  http.HttpRequestLog (HttpRequestLog.java:getRequestLog(97)) - Jetty request log can only be enabled using Log4j
2019-09-27 00:25:03,980 [main] INFO  http.HttpServer2 (HttpServer2.java:addGlobalFilter(975)) - Added global filter 'safety' (class=org.apache.hadoop.http.HttpServer2$QuotingInputFilter)
2019-09-27 00:25:03,980 [main] INFO  http.HttpServer2 (HttpServer2.java:addFilter(948)) - Added filter static_user_filter (class=org.apache.hadoop.http.lib.StaticUserWebFilter$StaticUserFilter) to context hddsDatanode
2019-09-27 00:25:03,980 [main] INFO  http.HttpServer2 (HttpServer2.java:addFilter(958)) - Added filter static_user_filter (class=org.apache.hadoop.http.lib.StaticUserWebFilter$StaticUserFilter) to context static
2019-09-27 00:25:03,980 [main] INFO  http.HttpServer2 (HttpServer2.java:addFilter(958)) - Added filter static_user_filter (class=org.apache.hadoop.http.lib.StaticUserWebFilter$StaticUserFilter) to context logs
2019-09-27 00:25:03,981 [main] INFO  http.HttpServer2 (HttpServer2.java:bindListener(1191)) - Jetty bound to port 34448
2019-09-27 00:25:03,981 [main] INFO  server.Server (Server.java:doStart(351)) - jetty-9.3.25.v20180904, build timestamp: 2018-09-04T21:11:46Z, git hash: 3ce520221d0240229c862b122d2b06c12a625732
2019-09-27 00:25:03,982 [main] INFO  handler.ContextHandler (ContextHandler.java:doStart(781)) - Started o.e.j.s.ServletContextHandler@1c84d80a{/logs,file:///workdir/hadoop-ozone/integration-test/target/log,AVAILABLE}
2019-09-27 00:25:03,983 [main] INFO  handler.ContextHandler (ContextHandler.java:doStart(781)) - Started o.e.j.s.ServletContextHandler@629075f4{/static,jar:file:/home/user/.m2/repository/org/apache/hadoop/hadoop-hdds-container-service/0.5.0-SNAPSHOT/hadoop-hdds-container-service-0.5.0-SNAPSHOT.jar!/webapps/static,AVAILABLE}
2019-09-27 00:25:04,009 [main] INFO  handler.ContextHandler (ContextHandler.java:doStart(781)) - Started o.e.j.w.WebAppContext@115c946b{/,file:///tmp/jetty-0.0.0.0-34448-hddsDatanode-_-any-3794515252595290817.dir/webapp/,AVAILABLE}{/hddsDatanode}
2019-09-27 00:25:04,009 [main] INFO  server.AbstractConnector (AbstractConnector.java:doStart(278)) - Started ServerConnector@79ca7bea{HTTP/1.1,[http/1.1]}{0.0.0.0:34448}
2019-09-27 00:25:04,010 [main] INFO  server.Server (Server.java:doStart(419)) - Started @588326ms
2019-09-27 00:25:04,011 [main] WARN  impl.MetricsSystemImpl (MetricsSystemImpl.java:register(276)) - Sink prometheus already exists!
2019-09-27 00:25:04,011 [main] INFO  server.BaseHttpServer (BaseHttpServer.java:updateConnectorAddress(215)) - HTTP server of HDDSDATANODE is listening at http://0.0.0.0:34448
2019-09-27 00:25:04,012 [main] INFO  impl.MetricsSystemImpl (MetricsSystemImpl.java:init(158)) - HddsDatanode metrics system started (again)
2019-09-27 00:25:04,016 [org.apache.hadoop.util.JvmPauseMonitor$Monitor@780fdf9] INFO  util.JvmPauseMonitor (JvmPauseMonitor.java:run(188)) - Starting JVM pause monitor
2019-09-27 00:25:04,016 [main] INFO  ozone.HddsDatanodeService (HddsDatanodeService.java:start(184)) - HddsDatanodeService host:pr-hdds-2193-7pp9x-2361853758 ip:192.168.30.42
2019-09-27 00:25:04,017 [Datanode State Machine Thread - 0] INFO  datanode.InitDatanodeState (InitDatanodeState.java:persistContainerDatanodeDetails(140)) - DatanodeDetails is persisted to /workdir/hadoop-ozone/integration-test/target/test-dir/MiniOzoneClusterImpl-bd5938d5-a9f0-46e6-9cba-1e01c8d8b818/datanode-3/meta/datanode.id
2019-09-27 00:25:04,022 [main] INFO  volume.HddsVolume (HddsVolume.java:<init>(176)) - Creating Volume: /workdir/hadoop-ozone/integration-test/target/test-dir/MiniOzoneClusterImpl-bd5938d5-a9f0-46e6-9cba-1e01c8d8b818/datanode-4/data/containers/hdds of  storage type : DISK and capacity : 1482555576320
2019-09-27 00:25:04,022 [main] INFO  volume.VolumeSet (VolumeSet.java:initializeVolumeSet(170)) - Added Volume : /workdir/hadoop-ozone/integration-test/target/test-dir/MiniOzoneClusterImpl-bd5938d5-a9f0-46e6-9cba-1e01c8d8b818/datanode-4/data/containers/hdds to VolumeSet
2019-09-27 00:25:04,022 [main] INFO  volume.ThrottledAsyncChecker (ThrottledAsyncChecker.java:schedule(139)) - Scheduling a check for org.apache.hadoop.ozone.container.common.volume.HddsVolume@6b063470
2019-09-27 00:25:04,023 [main] INFO  volume.HddsVolumeChecker (HddsVolumeChecker.java:checkAllVolumes(202)) - Scheduled health check for volume org.apache.hadoop.ozone.container.common.volume.HddsVolume@6b063470
2019-09-27 00:25:04,035 [main] INFO  impl.RaftServerProxy (ConfUtils.java:logGet(43)) - raft.rpc.type = GRPC (default)
2019-09-27 00:25:04,036 [main] INFO  grpc.GrpcFactory (GrpcFactory.java:checkPooledByteBufAllocatorUseCacheForAllThreads(45)) - PERFORMANCE WARNING: useCacheForAllThreads is true that may cause Netty to create a lot garbage objects and, as a result, trigger GC.
	It is recommended to disable useCacheForAllThreads by setting -Dorg.apache.ratis.thirdparty.io.netty.allocator.useCacheForAllThreads=false in command line.
2019-09-27 00:25:04,036 [main] INFO  grpc.GrpcConfigKeys$Server (ConfUtils.java:logGet(43)) - raft.grpc.server.port = 0 (default)
2019-09-27 00:25:04,036 [main] INFO  server.GrpcService (ConfUtils.java:logGet(43)) - raft.grpc.message.size.max = 33570816 (custom)
2019-09-27 00:25:04,036 [main] INFO  server.RaftServerConfigKeys (ConfUtils.java:logGet(43)) - raft.server.log.appender.buffer.byte-limit = 33554432 (custom)
2019-09-27 00:25:04,036 [main] INFO  server.GrpcService (ConfUtils.java:logGet(43)) - raft.grpc.flow.control.window = 1MB (=1048576) (default)
2019-09-27 00:25:04,036 [main] INFO  server.RaftServerConfigKeys (ConfUtils.java:logGet(43)) - raft.server.rpc.request.timeout = 3000ms (default)
2019-09-27 00:25:04,037 [main] INFO  server.RaftServerConfigKeys (ConfUtils.java:logGet(43)) - raft.server.storage.dir = [/workdir/hadoop-ozone/integration-test/target/test-dir/MiniOzoneClusterImpl-bd5938d5-a9f0-46e6-9cba-1e01c8d8b818/datanode-4/data/ratis] (custom)
2019-09-27 00:25:04,038 [main] INFO  hdfs.DFSUtil (DFSUtil.java:httpServerTemplateForNNAndJN(1641)) - Starting Web-server for hddsDatanode at: http://0.0.0.0:0
2019-09-27 00:25:04,039 [main] INFO  server.AuthenticationFilter (AuthenticationFilter.java:constructSecretProvider(240)) - Unable to initialize FileSignerSecretProvider, falling back to use random secrets.
2019-09-27 00:25:04,039 [main] WARN  http.HttpRequestLog (HttpRequestLog.java:getRequestLog(97)) - Jetty request log can only be enabled using Log4j
2019-09-27 00:25:04,040 [main] INFO  http.HttpServer2 (HttpServer2.java:addGlobalFilter(975)) - Added global filter 'safety' (class=org.apache.hadoop.http.HttpServer2$QuotingInputFilter)
2019-09-27 00:25:04,040 [main] INFO  http.HttpServer2 (HttpServer2.java:addFilter(948)) - Added filter static_user_filter (class=org.apache.hadoop.http.lib.StaticUserWebFilter$StaticUserFilter) to context hddsDatanode
2019-09-27 00:25:04,041 [main] INFO  http.HttpServer2 (HttpServer2.java:addFilter(958)) - Added filter static_user_filter (class=org.apache.hadoop.http.lib.StaticUserWebFilter$StaticUserFilter) to context logs
2019-09-27 00:25:04,041 [main] INFO  http.HttpServer2 (HttpServer2.java:addFilter(958)) - Added filter static_user_filter (class=org.apache.hadoop.http.lib.StaticUserWebFilter$StaticUserFilter) to context static
2019-09-27 00:25:04,041 [main] INFO  http.HttpServer2 (HttpServer2.java:bindListener(1191)) - Jetty bound to port 41376
2019-09-27 00:25:04,041 [main] INFO  server.Server (Server.java:doStart(351)) - jetty-9.3.25.v20180904, build timestamp: 2018-09-04T21:11:46Z, git hash: 3ce520221d0240229c862b122d2b06c12a625732
2019-09-27 00:25:04,043 [main] INFO  handler.ContextHandler (ContextHandler.java:doStart(781)) - Started o.e.j.s.ServletContextHandler@53ea380b{/logs,file:///workdir/hadoop-ozone/integration-test/target/log,AVAILABLE}
2019-09-27 00:25:04,043 [main] INFO  handler.ContextHandler (ContextHandler.java:doStart(781)) - Started o.e.j.s.ServletContextHandler@245cb8df{/static,jar:file:/home/user/.m2/repository/org/apache/hadoop/hadoop-hdds-container-service/0.5.0-SNAPSHOT/hadoop-hdds-container-service-0.5.0-SNAPSHOT.jar!/webapps/static,AVAILABLE}
2019-09-27 00:25:04,070 [main] INFO  handler.ContextHandler (ContextHandler.java:doStart(781)) - Started o.e.j.w.WebAppContext@482f7af0{/,file:///tmp/jetty-0.0.0.0-41376-hddsDatanode-_-any-7772259721491698586.dir/webapp/,AVAILABLE}{/hddsDatanode}
2019-09-27 00:25:04,070 [main] INFO  server.AbstractConnector (AbstractConnector.java:doStart(278)) - Started ServerConnector@1edfedf1{HTTP/1.1,[http/1.1]}{0.0.0.0:41376}
2019-09-27 00:25:04,070 [main] INFO  server.Server (Server.java:doStart(419)) - Started @588387ms
2019-09-27 00:25:04,072 [main] WARN  impl.MetricsSystemImpl (MetricsSystemImpl.java:register(276)) - Sink prometheus already exists!
2019-09-27 00:25:04,073 [main] INFO  server.BaseHttpServer (BaseHttpServer.java:updateConnectorAddress(215)) - HTTP server of HDDSDATANODE is listening at http://0.0.0.0:41376
2019-09-27 00:25:04,073 [main] INFO  impl.MetricsSystemImpl (MetricsSystemImpl.java:init(158)) - HddsDatanode metrics system started (again)
2019-09-27 00:25:04,077 [org.apache.hadoop.util.JvmPauseMonitor$Monitor@4f5765e0] INFO  util.JvmPauseMonitor (JvmPauseMonitor.java:run(188)) - Starting JVM pause monitor
2019-09-27 00:25:04,078 [main] INFO  ozone.HddsDatanodeService (HddsDatanodeService.java:start(184)) - HddsDatanodeService host:pr-hdds-2193-7pp9x-2361853758 ip:192.168.30.42
2019-09-27 00:25:04,079 [Datanode State Machine Thread - 0] INFO  datanode.InitDatanodeState (InitDatanodeState.java:persistContainerDatanodeDetails(140)) - DatanodeDetails is persisted to /workdir/hadoop-ozone/integration-test/target/test-dir/MiniOzoneClusterImpl-bd5938d5-a9f0-46e6-9cba-1e01c8d8b818/datanode-4/meta/datanode.id
2019-09-27 00:25:04,084 [main] INFO  volume.HddsVolume (HddsVolume.java:<init>(176)) - Creating Volume: /workdir/hadoop-ozone/integration-test/target/test-dir/MiniOzoneClusterImpl-bd5938d5-a9f0-46e6-9cba-1e01c8d8b818/datanode-5/data/containers/hdds of  storage type : DISK and capacity : 1482555576320
2019-09-27 00:25:04,085 [main] INFO  volume.VolumeSet (VolumeSet.java:initializeVolumeSet(170)) - Added Volume : /workdir/hadoop-ozone/integration-test/target/test-dir/MiniOzoneClusterImpl-bd5938d5-a9f0-46e6-9cba-1e01c8d8b818/datanode-5/data/containers/hdds to VolumeSet
2019-09-27 00:25:04,085 [main] INFO  volume.ThrottledAsyncChecker (ThrottledAsyncChecker.java:schedule(139)) - Scheduling a check for org.apache.hadoop.ozone.container.common.volume.HddsVolume@6cc48a17
2019-09-27 00:25:04,085 [main] INFO  volume.HddsVolumeChecker (HddsVolumeChecker.java:checkAllVolumes(202)) - Scheduled health check for volume org.apache.hadoop.ozone.container.common.volume.HddsVolume@6cc48a17
2019-09-27 00:25:04,098 [main] INFO  impl.RaftServerProxy (ConfUtils.java:logGet(43)) - raft.rpc.type = GRPC (default)
2019-09-27 00:25:04,099 [main] INFO  grpc.GrpcFactory (GrpcFactory.java:checkPooledByteBufAllocatorUseCacheForAllThreads(45)) - PERFORMANCE WARNING: useCacheForAllThreads is true that may cause Netty to create a lot garbage objects and, as a result, trigger GC.
	It is recommended to disable useCacheForAllThreads by setting -Dorg.apache.ratis.thirdparty.io.netty.allocator.useCacheForAllThreads=false in command line.
2019-09-27 00:25:04,099 [main] INFO  grpc.GrpcConfigKeys$Server (ConfUtils.java:logGet(43)) - raft.grpc.server.port = 0 (default)
2019-09-27 00:25:04,099 [main] INFO  server.GrpcService (ConfUtils.java:logGet(43)) - raft.grpc.message.size.max = 33570816 (custom)
2019-09-27 00:25:04,099 [main] INFO  server.RaftServerConfigKeys (ConfUtils.java:logGet(43)) - raft.server.log.appender.buffer.byte-limit = 33554432 (custom)
2019-09-27 00:25:04,099 [main] INFO  server.GrpcService (ConfUtils.java:logGet(43)) - raft.grpc.flow.control.window = 1MB (=1048576) (default)
2019-09-27 00:25:04,099 [main] INFO  server.RaftServerConfigKeys (ConfUtils.java:logGet(43)) - raft.server.rpc.request.timeout = 3000ms (default)
2019-09-27 00:25:04,100 [main] INFO  server.RaftServerConfigKeys (ConfUtils.java:logGet(43)) - raft.server.storage.dir = [/workdir/hadoop-ozone/integration-test/target/test-dir/MiniOzoneClusterImpl-bd5938d5-a9f0-46e6-9cba-1e01c8d8b818/datanode-5/data/ratis] (custom)
2019-09-27 00:25:04,101 [main] INFO  hdfs.DFSUtil (DFSUtil.java:httpServerTemplateForNNAndJN(1641)) - Starting Web-server for hddsDatanode at: http://0.0.0.0:0
2019-09-27 00:25:04,102 [main] INFO  server.AuthenticationFilter (AuthenticationFilter.java:constructSecretProvider(240)) - Unable to initialize FileSignerSecretProvider, falling back to use random secrets.
2019-09-27 00:25:04,102 [main] WARN  http.HttpRequestLog (HttpRequestLog.java:getRequestLog(97)) - Jetty request log can only be enabled using Log4j
2019-09-27 00:25:04,103 [main] INFO  http.HttpServer2 (HttpServer2.java:addGlobalFilter(975)) - Added global filter 'safety' (class=org.apache.hadoop.http.HttpServer2$QuotingInputFilter)
2019-09-27 00:25:04,104 [main] INFO  http.HttpServer2 (HttpServer2.java:addFilter(948)) - Added filter static_user_filter (class=org.apache.hadoop.http.lib.StaticUserWebFilter$StaticUserFilter) to context hddsDatanode
2019-09-27 00:25:04,104 [main] INFO  http.HttpServer2 (HttpServer2.java:addFilter(958)) - Added filter static_user_filter (class=org.apache.hadoop.http.lib.StaticUserWebFilter$StaticUserFilter) to context logs
2019-09-27 00:25:04,104 [main] INFO  http.HttpServer2 (HttpServer2.java:addFilter(958)) - Added filter static_user_filter (class=org.apache.hadoop.http.lib.StaticUserWebFilter$StaticUserFilter) to context static
2019-09-27 00:25:04,104 [main] INFO  http.HttpServer2 (HttpServer2.java:bindListener(1191)) - Jetty bound to port 40391
2019-09-27 00:25:04,105 [main] INFO  server.Server (Server.java:doStart(351)) - jetty-9.3.25.v20180904, build timestamp: 2018-09-04T21:11:46Z, git hash: 3ce520221d0240229c862b122d2b06c12a625732
2019-09-27 00:25:04,106 [main] INFO  handler.ContextHandler (ContextHandler.java:doStart(781)) - Started o.e.j.s.ServletContextHandler@34f7b44f{/logs,file:///workdir/hadoop-ozone/integration-test/target/log,AVAILABLE}
2019-09-27 00:25:04,106 [main] INFO  handler.ContextHandler (ContextHandler.java:doStart(781)) - Started o.e.j.s.ServletContextHandler@5175d9ad{/static,jar:file:/home/user/.m2/repository/org/apache/hadoop/hadoop-hdds-container-service/0.5.0-SNAPSHOT/hadoop-hdds-container-service-0.5.0-SNAPSHOT.jar!/webapps/static,AVAILABLE}
2019-09-27 00:25:04,133 [main] INFO  handler.ContextHandler (ContextHandler.java:doStart(781)) - Started o.e.j.w.WebAppContext@39449465{/,file:///tmp/jetty-0.0.0.0-40391-hddsDatanode-_-any-3296035577716193931.dir/webapp/,AVAILABLE}{/hddsDatanode}
2019-09-27 00:25:04,133 [main] INFO  server.AbstractConnector (AbstractConnector.java:doStart(278)) - Started ServerConnector@6e3dd5ce{HTTP/1.1,[http/1.1]}{0.0.0.0:40391}
2019-09-27 00:25:04,133 [main] INFO  server.Server (Server.java:doStart(419)) - Started @588450ms
2019-09-27 00:25:04,135 [main] WARN  impl.MetricsSystemImpl (MetricsSystemImpl.java:register(276)) - Sink prometheus already exists!
2019-09-27 00:25:04,135 [main] INFO  server.BaseHttpServer (BaseHttpServer.java:updateConnectorAddress(215)) - HTTP server of HDDSDATANODE is listening at http://0.0.0.0:40391
2019-09-27 00:25:04,135 [main] INFO  impl.MetricsSystemImpl (MetricsSystemImpl.java:init(158)) - HddsDatanode metrics system started (again)
2019-09-27 00:25:04,140 [org.apache.hadoop.util.JvmPauseMonitor$Monitor@296a2949] INFO  util.JvmPauseMonitor (JvmPauseMonitor.java:run(188)) - Starting JVM pause monitor
2019-09-27 00:25:04,141 [main] INFO  ozone.HddsDatanodeService (HddsDatanodeService.java:start(184)) - HddsDatanodeService host:pr-hdds-2193-7pp9x-2361853758 ip:192.168.30.42
2019-09-27 00:25:04,141 [Datanode State Machine Thread - 0] INFO  datanode.InitDatanodeState (InitDatanodeState.java:persistContainerDatanodeDetails(140)) - DatanodeDetails is persisted to /workdir/hadoop-ozone/integration-test/target/test-dir/MiniOzoneClusterImpl-bd5938d5-a9f0-46e6-9cba-1e01c8d8b818/datanode-5/meta/datanode.id
2019-09-27 00:25:04,147 [main] INFO  volume.HddsVolume (HddsVolume.java:<init>(176)) - Creating Volume: /workdir/hadoop-ozone/integration-test/target/test-dir/MiniOzoneClusterImpl-bd5938d5-a9f0-46e6-9cba-1e01c8d8b818/datanode-6/data/containers/hdds of  storage type : DISK and capacity : 1482555576320
2019-09-27 00:25:04,147 [main] INFO  volume.VolumeSet (VolumeSet.java:initializeVolumeSet(170)) - Added Volume : /workdir/hadoop-ozone/integration-test/target/test-dir/MiniOzoneClusterImpl-bd5938d5-a9f0-46e6-9cba-1e01c8d8b818/datanode-6/data/containers/hdds to VolumeSet
2019-09-27 00:25:04,148 [main] INFO  volume.ThrottledAsyncChecker (ThrottledAsyncChecker.java:schedule(139)) - Scheduling a check for org.apache.hadoop.ozone.container.common.volume.HddsVolume@621f23ac
2019-09-27 00:25:04,148 [main] INFO  volume.HddsVolumeChecker (HddsVolumeChecker.java:checkAllVolumes(202)) - Scheduled health check for volume org.apache.hadoop.ozone.container.common.volume.HddsVolume@621f23ac
2019-09-27 00:25:04,164 [main] INFO  impl.RaftServerProxy (ConfUtils.java:logGet(43)) - raft.rpc.type = GRPC (default)
2019-09-27 00:25:04,164 [main] INFO  grpc.GrpcFactory (GrpcFactory.java:checkPooledByteBufAllocatorUseCacheForAllThreads(45)) - PERFORMANCE WARNING: useCacheForAllThreads is true that may cause Netty to create a lot garbage objects and, as a result, trigger GC.
	It is recommended to disable useCacheForAllThreads by setting -Dorg.apache.ratis.thirdparty.io.netty.allocator.useCacheForAllThreads=false in command line.
2019-09-27 00:25:04,164 [main] INFO  grpc.GrpcConfigKeys$Server (ConfUtils.java:logGet(43)) - raft.grpc.server.port = 0 (default)
2019-09-27 00:25:04,164 [main] INFO  server.GrpcService (ConfUtils.java:logGet(43)) - raft.grpc.message.size.max = 33570816 (custom)
2019-09-27 00:25:04,165 [main] INFO  server.RaftServerConfigKeys (ConfUtils.java:logGet(43)) - raft.server.log.appender.buffer.byte-limit = 33554432 (custom)
2019-09-27 00:25:04,165 [main] INFO  server.GrpcService (ConfUtils.java:logGet(43)) - raft.grpc.flow.control.window = 1MB (=1048576) (default)
2019-09-27 00:25:04,165 [main] INFO  server.RaftServerConfigKeys (ConfUtils.java:logGet(43)) - raft.server.rpc.request.timeout = 3000ms (default)
2019-09-27 00:25:04,165 [main] INFO  server.RaftServerConfigKeys (ConfUtils.java:logGet(43)) - raft.server.storage.dir = [/workdir/hadoop-ozone/integration-test/target/test-dir/MiniOzoneClusterImpl-bd5938d5-a9f0-46e6-9cba-1e01c8d8b818/datanode-6/data/ratis] (custom)
2019-09-27 00:25:04,166 [main] INFO  hdfs.DFSUtil (DFSUtil.java:httpServerTemplateForNNAndJN(1641)) - Starting Web-server for hddsDatanode at: http://0.0.0.0:0
2019-09-27 00:25:04,167 [main] INFO  server.AuthenticationFilter (AuthenticationFilter.java:constructSecretProvider(240)) - Unable to initialize FileSignerSecretProvider, falling back to use random secrets.
2019-09-27 00:25:04,168 [main] WARN  http.HttpRequestLog (HttpRequestLog.java:getRequestLog(97)) - Jetty request log can only be enabled using Log4j
2019-09-27 00:25:04,169 [main] INFO  http.HttpServer2 (HttpServer2.java:addGlobalFilter(975)) - Added global filter 'safety' (class=org.apache.hadoop.http.HttpServer2$QuotingInputFilter)
2019-09-27 00:25:04,170 [main] INFO  http.HttpServer2 (HttpServer2.java:addFilter(948)) - Added filter static_user_filter (class=org.apache.hadoop.http.lib.StaticUserWebFilter$StaticUserFilter) to context hddsDatanode
2019-09-27 00:25:04,170 [main] INFO  http.HttpServer2 (HttpServer2.java:addFilter(958)) - Added filter static_user_filter (class=org.apache.hadoop.http.lib.StaticUserWebFilter$StaticUserFilter) to context logs
2019-09-27 00:25:04,170 [main] INFO  http.HttpServer2 (HttpServer2.java:addFilter(958)) - Added filter static_user_filter (class=org.apache.hadoop.http.lib.StaticUserWebFilter$StaticUserFilter) to context static
2019-09-27 00:25:04,171 [main] INFO  http.HttpServer2 (HttpServer2.java:bindListener(1191)) - Jetty bound to port 45444
2019-09-27 00:25:04,171 [main] INFO  server.Server (Server.java:doStart(351)) - jetty-9.3.25.v20180904, build timestamp: 2018-09-04T21:11:46Z, git hash: 3ce520221d0240229c862b122d2b06c12a625732
2019-09-27 00:25:04,172 [main] INFO  handler.ContextHandler (ContextHandler.java:doStart(781)) - Started o.e.j.s.ServletContextHandler@7f2b584b{/logs,file:///workdir/hadoop-ozone/integration-test/target/log,AVAILABLE}
2019-09-27 00:25:04,173 [main] INFO  handler.ContextHandler (ContextHandler.java:doStart(781)) - Started o.e.j.s.ServletContextHandler@56a05324{/static,jar:file:/home/user/.m2/repository/org/apache/hadoop/hadoop-hdds-container-service/0.5.0-SNAPSHOT/hadoop-hdds-container-service-0.5.0-SNAPSHOT.jar!/webapps/static,AVAILABLE}
2019-09-27 00:25:04,199 [main] INFO  handler.ContextHandler (ContextHandler.java:doStart(781)) - Started o.e.j.w.WebAppContext@5b066c33{/,file:///tmp/jetty-0.0.0.0-45444-hddsDatanode-_-any-3384839193047544343.dir/webapp/,AVAILABLE}{/hddsDatanode}
2019-09-27 00:25:04,200 [main] INFO  server.AbstractConnector (AbstractConnector.java:doStart(278)) - Started ServerConnector@62ea8931{HTTP/1.1,[http/1.1]}{0.0.0.0:45444}
2019-09-27 00:25:04,205 [main] INFO  server.Server (Server.java:doStart(419)) - Started @588522ms
2019-09-27 00:25:04,206 [main] WARN  impl.MetricsSystemImpl (MetricsSystemImpl.java:register(276)) - Sink prometheus already exists!
2019-09-27 00:25:04,206 [main] INFO  server.BaseHttpServer (BaseHttpServer.java:updateConnectorAddress(215)) - HTTP server of HDDSDATANODE is listening at http://0.0.0.0:45444
2019-09-27 00:25:04,206 [main] INFO  ozone.MiniOzoneClusterImpl (MiniOzoneClusterImpl.java:lambda$waitForClusterToBeReady$0(147)) - Waiting for cluster to be ready. Got 0 of 7 DN Heartbeats.
2019-09-27 00:25:04,208 [org.apache.hadoop.util.JvmPauseMonitor$Monitor@2ece3dac] INFO  util.JvmPauseMonitor (JvmPauseMonitor.java:run(188)) - Starting JVM pause monitor
2019-09-27 00:25:04,209 [Datanode State Machine Thread - 0] INFO  datanode.InitDatanodeState (InitDatanodeState.java:persistContainerDatanodeDetails(140)) - DatanodeDetails is persisted to /workdir/hadoop-ozone/integration-test/target/test-dir/MiniOzoneClusterImpl-bd5938d5-a9f0-46e6-9cba-1e01c8d8b818/datanode-6/meta/datanode.id
2019-09-27 00:25:05,207 [main] INFO  ozone.MiniOzoneClusterImpl (MiniOzoneClusterImpl.java:lambda$waitForClusterToBeReady$0(147)) - Waiting for cluster to be ready. Got 0 of 7 DN Heartbeats.
2019-09-27 00:25:05,846 [Datanode State Machine Thread - 0] INFO  ozoneimpl.OzoneContainer (OzoneContainer.java:start(217)) - Attempting to start container services.
2019-09-27 00:25:05,847 [Datanode State Machine Thread - 0] INFO  ozoneimpl.OzoneContainer (OzoneContainer.java:startContainerScrub(179)) - Background container scanner has been disabled.
2019-09-27 00:25:05,847 [Datanode State Machine Thread - 0] INFO  ratis.XceiverServerRatis (XceiverServerRatis.java:start(411)) - Starting XceiverServerRatis efab0370-fcb4-4e55-b091-fb0e2fabfa09 at port 0
2019-09-27 00:25:05,853 [Datanode State Machine Thread - 0] INFO  impl.RaftServerProxy (RaftServerProxy.java:lambda$start$3(299)) - efab0370-fcb4-4e55-b091-fb0e2fabfa09: start RPC server
2019-09-27 00:25:05,855 [Datanode State Machine Thread - 0] INFO  server.GrpcService (GrpcService.java:startImpl(158)) - efab0370-fcb4-4e55-b091-fb0e2fabfa09: GrpcService started, listening on 0.0.0.0/0.0.0.0:41143
2019-09-27 00:25:05,855 [Datanode State Machine Thread - 0] INFO  ratis.XceiverServerRatis (XceiverServerRatis.java:start(421)) - XceiverServerRatis efab0370-fcb4-4e55-b091-fb0e2fabfa09 is started using port 41143
2019-09-27 00:25:05,855 [Datanode State Machine Thread - 0] INFO  server.XceiverServerGrpc (XceiverServerGrpc.java:start(149)) - XceiverServerGrpc efab0370-fcb4-4e55-b091-fb0e2fabfa09 is started using port 41540
2019-09-27 00:25:05,905 [Datanode State Machine Thread - 0] INFO  ozoneimpl.OzoneContainer (OzoneContainer.java:start(217)) - Attempting to start container services.
2019-09-27 00:25:05,906 [Datanode State Machine Thread - 0] INFO  ozoneimpl.OzoneContainer (OzoneContainer.java:startContainerScrub(179)) - Background container scanner has been disabled.
2019-09-27 00:25:05,906 [Datanode State Machine Thread - 0] INFO  ratis.XceiverServerRatis (XceiverServerRatis.java:start(411)) - Starting XceiverServerRatis 6e576732-ecfb-4248-9d86-5108c1c5cbaf at port 0
2019-09-27 00:25:05,914 [Datanode State Machine Thread - 0] INFO  impl.RaftServerProxy (RaftServerProxy.java:lambda$start$3(299)) - 6e576732-ecfb-4248-9d86-5108c1c5cbaf: start RPC server
2019-09-27 00:25:05,915 [Datanode State Machine Thread - 0] INFO  server.GrpcService (GrpcService.java:startImpl(158)) - 6e576732-ecfb-4248-9d86-5108c1c5cbaf: GrpcService started, listening on 0.0.0.0/0.0.0.0:34225
2019-09-27 00:25:05,915 [Datanode State Machine Thread - 0] INFO  ratis.XceiverServerRatis (XceiverServerRatis.java:start(421)) - XceiverServerRatis 6e576732-ecfb-4248-9d86-5108c1c5cbaf is started using port 34225
2019-09-27 00:25:05,916 [Datanode State Machine Thread - 0] INFO  server.XceiverServerGrpc (XceiverServerGrpc.java:start(149)) - XceiverServerGrpc 6e576732-ecfb-4248-9d86-5108c1c5cbaf is started using port 42147
2019-09-27 00:25:05,968 [Datanode State Machine Thread - 0] INFO  ozoneimpl.OzoneContainer (OzoneContainer.java:start(217)) - Attempting to start container services.
2019-09-27 00:25:05,968 [Datanode State Machine Thread - 0] INFO  ozoneimpl.OzoneContainer (OzoneContainer.java:startContainerScrub(179)) - Background container scanner has been disabled.
2019-09-27 00:25:05,968 [Datanode State Machine Thread - 0] INFO  ratis.XceiverServerRatis (XceiverServerRatis.java:start(411)) - Starting XceiverServerRatis f77c7d1f-7fe6-48fc-9d3e-095734d688af at port 0
2019-09-27 00:25:05,976 [Datanode State Machine Thread - 0] INFO  impl.RaftServerProxy (RaftServerProxy.java:lambda$start$3(299)) - f77c7d1f-7fe6-48fc-9d3e-095734d688af: start RPC server
2019-09-27 00:25:05,976 [Datanode State Machine Thread - 0] INFO  server.GrpcService (GrpcService.java:startImpl(158)) - f77c7d1f-7fe6-48fc-9d3e-095734d688af: GrpcService started, listening on 0.0.0.0/0.0.0.0:38959
2019-09-27 00:25:05,976 [Datanode State Machine Thread - 0] INFO  ratis.XceiverServerRatis (XceiverServerRatis.java:start(421)) - XceiverServerRatis f77c7d1f-7fe6-48fc-9d3e-095734d688af is started using port 38959
2019-09-27 00:25:05,977 [Datanode State Machine Thread - 0] INFO  server.XceiverServerGrpc (XceiverServerGrpc.java:start(149)) - XceiverServerGrpc f77c7d1f-7fe6-48fc-9d3e-095734d688af is started using port 45757
2019-09-27 00:25:06,029 [Datanode State Machine Thread - 0] INFO  ozoneimpl.OzoneContainer (OzoneContainer.java:start(217)) - Attempting to start container services.
2019-09-27 00:25:06,030 [Datanode State Machine Thread - 0] INFO  ozoneimpl.OzoneContainer (OzoneContainer.java:startContainerScrub(179)) - Background container scanner has been disabled.
2019-09-27 00:25:06,030 [Datanode State Machine Thread - 0] INFO  ratis.XceiverServerRatis (XceiverServerRatis.java:start(411)) - Starting XceiverServerRatis 9506ffde-d80f-4d1d-a7e4-1ae5324a65d9 at port 0
2019-09-27 00:25:06,038 [Datanode State Machine Thread - 0] INFO  impl.RaftServerProxy (RaftServerProxy.java:lambda$start$3(299)) - 9506ffde-d80f-4d1d-a7e4-1ae5324a65d9: start RPC server
2019-09-27 00:25:06,039 [Datanode State Machine Thread - 0] INFO  server.GrpcService (GrpcService.java:startImpl(158)) - 9506ffde-d80f-4d1d-a7e4-1ae5324a65d9: GrpcService started, listening on 0.0.0.0/0.0.0.0:45115
2019-09-27 00:25:06,039 [Datanode State Machine Thread - 0] INFO  ratis.XceiverServerRatis (XceiverServerRatis.java:start(421)) - XceiverServerRatis 9506ffde-d80f-4d1d-a7e4-1ae5324a65d9 is started using port 45115
2019-09-27 00:25:06,055 [Datanode State Machine Thread - 0] INFO  server.XceiverServerGrpc (XceiverServerGrpc.java:start(149)) - XceiverServerGrpc 9506ffde-d80f-4d1d-a7e4-1ae5324a65d9 is started using port 44987
2019-09-27 00:25:06,092 [Datanode State Machine Thread - 0] INFO  ozoneimpl.OzoneContainer (OzoneContainer.java:start(217)) - Attempting to start container services.
2019-09-27 00:25:06,092 [Datanode State Machine Thread - 0] INFO  ozoneimpl.OzoneContainer (OzoneContainer.java:startContainerScrub(179)) - Background container scanner has been disabled.
2019-09-27 00:25:06,092 [Datanode State Machine Thread - 0] INFO  ratis.XceiverServerRatis (XceiverServerRatis.java:start(411)) - Starting XceiverServerRatis 3e2aa5f0-b552-4edc-b72c-2b543357819f at port 0
2019-09-27 00:25:06,101 [Datanode State Machine Thread - 0] INFO  impl.RaftServerProxy (RaftServerProxy.java:lambda$start$3(299)) - 3e2aa5f0-b552-4edc-b72c-2b543357819f: start RPC server
2019-09-27 00:25:06,104 [Datanode State Machine Thread - 0] INFO  server.GrpcService (GrpcService.java:startImpl(158)) - 3e2aa5f0-b552-4edc-b72c-2b543357819f: GrpcService started, listening on 0.0.0.0/0.0.0.0:42597
2019-09-27 00:25:06,104 [Datanode State Machine Thread - 0] INFO  ratis.XceiverServerRatis (XceiverServerRatis.java:start(421)) - XceiverServerRatis 3e2aa5f0-b552-4edc-b72c-2b543357819f is started using port 42597
2019-09-27 00:25:06,104 [Datanode State Machine Thread - 0] INFO  server.XceiverServerGrpc (XceiverServerGrpc.java:start(149)) - XceiverServerGrpc 3e2aa5f0-b552-4edc-b72c-2b543357819f is started using port 34220
2019-09-27 00:25:06,158 [Datanode State Machine Thread - 0] INFO  ozoneimpl.OzoneContainer (OzoneContainer.java:start(217)) - Attempting to start container services.
2019-09-27 00:25:06,158 [Datanode State Machine Thread - 0] INFO  ozoneimpl.OzoneContainer (OzoneContainer.java:startContainerScrub(179)) - Background container scanner has been disabled.
2019-09-27 00:25:06,158 [Datanode State Machine Thread - 0] INFO  ratis.XceiverServerRatis (XceiverServerRatis.java:start(411)) - Starting XceiverServerRatis 6254dac1-e2e4-4054-9496-1a085350dbc0 at port 0
2019-09-27 00:25:06,165 [Datanode State Machine Thread - 0] INFO  impl.RaftServerProxy (RaftServerProxy.java:lambda$start$3(299)) - 6254dac1-e2e4-4054-9496-1a085350dbc0: start RPC server
2019-09-27 00:25:06,166 [Datanode State Machine Thread - 0] INFO  server.GrpcService (GrpcService.java:startImpl(158)) - 6254dac1-e2e4-4054-9496-1a085350dbc0: GrpcService started, listening on 0.0.0.0/0.0.0.0:41609
2019-09-27 00:25:06,166 [Datanode State Machine Thread - 0] INFO  ratis.XceiverServerRatis (XceiverServerRatis.java:start(421)) - XceiverServerRatis 6254dac1-e2e4-4054-9496-1a085350dbc0 is started using port 41609
2019-09-27 00:25:06,166 [Datanode State Machine Thread - 0] INFO  server.XceiverServerGrpc (XceiverServerGrpc.java:start(149)) - XceiverServerGrpc 6254dac1-e2e4-4054-9496-1a085350dbc0 is started using port 40260
2019-09-27 00:25:06,207 [main] INFO  ozone.MiniOzoneClusterImpl (MiniOzoneClusterImpl.java:lambda$waitForClusterToBeReady$0(147)) - Waiting for cluster to be ready. Got 0 of 7 DN Heartbeats.
2019-09-27 00:25:06,223 [Datanode State Machine Thread - 0] INFO  ozoneimpl.OzoneContainer (OzoneContainer.java:start(217)) - Attempting to start container services.
2019-09-27 00:25:06,223 [Datanode State Machine Thread - 0] INFO  ozoneimpl.OzoneContainer (OzoneContainer.java:startContainerScrub(179)) - Background container scanner has been disabled.
2019-09-27 00:25:06,223 [Datanode State Machine Thread - 0] INFO  ratis.XceiverServerRatis (XceiverServerRatis.java:start(411)) - Starting XceiverServerRatis 6f806a58-f02f-44e5-897d-0d307551e447 at port 0
2019-09-27 00:25:06,230 [Datanode State Machine Thread - 0] INFO  impl.RaftServerProxy (RaftServerProxy.java:lambda$start$3(299)) - 6f806a58-f02f-44e5-897d-0d307551e447: start RPC server
2019-09-27 00:25:06,231 [Datanode State Machine Thread - 0] INFO  server.GrpcService (GrpcService.java:startImpl(158)) - 6f806a58-f02f-44e5-897d-0d307551e447: GrpcService started, listening on 0.0.0.0/0.0.0.0:43683
2019-09-27 00:25:06,231 [Datanode State Machine Thread - 0] INFO  ratis.XceiverServerRatis (XceiverServerRatis.java:start(421)) - XceiverServerRatis 6f806a58-f02f-44e5-897d-0d307551e447 is started using port 43683
2019-09-27 00:25:06,231 [Datanode State Machine Thread - 0] INFO  server.XceiverServerGrpc (XceiverServerGrpc.java:start(149)) - XceiverServerGrpc 6f806a58-f02f-44e5-897d-0d307551e447 is started using port 44957
2019-09-27 00:25:07,208 [main] INFO  ozone.MiniOzoneClusterImpl (MiniOzoneClusterImpl.java:lambda$waitForClusterToBeReady$0(147)) - Waiting for cluster to be ready. Got 0 of 7 DN Heartbeats.
2019-09-27 00:25:07,828 [IPC Server handler 4 on 45370] INFO  net.NetworkTopology (NetworkTopologyImpl.java:add(111)) - Added a new node: /default-rack/efab0370-fcb4-4e55-b091-fb0e2fabfa09
2019-09-27 00:25:07,830 [IPC Server handler 4 on 45370] INFO  node.SCMNodeManager (SCMNodeManager.java:register(266)) - Registered Data node : efab0370-fcb4-4e55-b091-fb0e2fabfa09{ip: 192.168.30.42, host: pr-hdds-2193-7pp9x-2361853758, networkLocation: /default-rack, certSerialId: null}
2019-09-27 00:25:07,831 [EventQueue-NodeRegistrationContainerReportForDataNodeSafeModeRule] INFO  safemode.SCMSafeModeManager (DataNodeSafeModeRule.java:process(71)) - SCM in safe mode. 1 DataNodes registered, 1 required.
2019-09-27 00:25:07,833 [EventQueue-NodeRegistrationContainerReportForDataNodeSafeModeRule] INFO  safemode.SCMSafeModeManager (SCMSafeModeManager.java:validateSafeModeExitRules(177)) - ScmSafeModeManager, all rules are successfully validated
2019-09-27 00:25:07,833 [EventQueue-NodeRegistrationContainerReportForDataNodeSafeModeRule] INFO  safemode.SCMSafeModeManager (SCMSafeModeManager.java:exitSafeMode(193)) - SCM exiting safe mode.
2019-09-27 00:25:07,853 [grpc-default-executor-7] INFO  impl.RaftServerProxy (RaftServerProxy.java:addNew(89)) - efab0370-fcb4-4e55-b091-fb0e2fabfa09: addNew group-D4627996A434:[efab0370-fcb4-4e55-b091-fb0e2fabfa09:192.168.30.42:41143] returns group-D4627996A434:java.util.concurrent.CompletableFuture@69f52381[Not completed]
2019-09-27 00:25:07,855 [pool-409-thread-1] INFO  impl.RaftServerImpl (RaftServerImpl.java:<init>(95)) - efab0370-fcb4-4e55-b091-fb0e2fabfa09: new RaftServerImpl for group-D4627996A434:[efab0370-fcb4-4e55-b091-fb0e2fabfa09:192.168.30.42:41143] with ContainerStateMachine:uninitialized
2019-09-27 00:25:07,855 [pool-409-thread-1] INFO  server.RaftServerConfigKeys (ConfUtils.java:logGet(43)) - raft.server.rpc.timeout.min = 5s (custom)
2019-09-27 00:25:07,855 [pool-409-thread-1] INFO  server.RaftServerConfigKeys (ConfUtils.java:logGet(43)) - raft.server.rpc.timeout.max = 5200ms (custom)
2019-09-27 00:25:07,855 [pool-409-thread-1] INFO  server.RaftServerConfigKeys (ConfUtils.java:logGet(43)) - raft.server.rpcslowness.timeout = 120s (custom)
2019-09-27 00:25:07,855 [pool-409-thread-1] INFO  server.RaftServerConfigKeys (ConfUtils.java:logGet(43)) - raft.server.sleep.deviation.threshold = 300 (default)
2019-09-27 00:25:07,856 [pool-409-thread-1] INFO  server.RaftServerConfigKeys (ConfUtils.java:logGet(43)) - raft.server.log.appender.install.snapshot.enabled = false (custom)
2019-09-27 00:25:07,856 [pool-409-thread-1] INFO  impl.RaftServerImpl (ServerState.java:<init>(103)) - efab0370-fcb4-4e55-b091-fb0e2fabfa09@group-D4627996A434: ConfigurationManager, init=-1: [efab0370-fcb4-4e55-b091-fb0e2fabfa09:192.168.30.42:41143], old=null, confs=<EMPTY_MAP>
2019-09-27 00:25:07,856 [pool-409-thread-1] INFO  server.RaftServerConfigKeys (ConfUtils.java:logGet(43)) - raft.server.storage.dir = [/workdir/hadoop-ozone/integration-test/target/test-dir/MiniOzoneClusterImpl-bd5938d5-a9f0-46e6-9cba-1e01c8d8b818/datanode-0/data/ratis] (custom)
2019-09-27 00:25:07,856 [pool-409-thread-1] INFO  storage.RaftStorageDirectory (RaftStorageDirectory.java:analyzeStorage(246)) - The storage directory /workdir/hadoop-ozone/integration-test/target/test-dir/MiniOzoneClusterImpl-bd5938d5-a9f0-46e6-9cba-1e01c8d8b818/datanode-0/data/ratis/d24a34dd-5162-4b7e-ac3b-d4627996a434 does not exist. Creating ...
2019-09-27 00:25:07,869 [pool-409-thread-1] INFO  storage.RaftStorageDirectory (RaftStorageDirectory.java:tryLock(328)) - Lock on /workdir/hadoop-ozone/integration-test/target/test-dir/MiniOzoneClusterImpl-bd5938d5-a9f0-46e6-9cba-1e01c8d8b818/datanode-0/data/ratis/d24a34dd-5162-4b7e-ac3b-d4627996a434/in_use.lock acquired by nodename 24775@pr-hdds-2193-7pp9x-2361853758
2019-09-27 00:25:07,883 [pool-409-thread-1] INFO  storage.RaftStorage (RaftStorage.java:format(72)) - Storage directory /workdir/hadoop-ozone/integration-test/target/test-dir/MiniOzoneClusterImpl-bd5938d5-a9f0-46e6-9cba-1e01c8d8b818/datanode-0/data/ratis/d24a34dd-5162-4b7e-ac3b-d4627996a434 has been successfully formatted.
2019-09-27 00:25:07,883 [pool-409-thread-1] INFO  ratis.ContainerStateMachine (ContainerStateMachine.java:loadSnapshot(230)) - group-D4627996A434: The snapshot info is null. Setting the last applied indexto:(t:0, i:~)
2019-09-27 00:25:07,883 [pool-409-thread-1] INFO  server.RaftServerConfigKeys (ConfUtils.java:logGet(43)) - raft.server.notification.no-leader.timeout = 120s (custom)
2019-09-27 00:25:07,883 [pool-409-thread-1] INFO  server.RaftServerConfigKeys (ConfUtils.java:logGet(43)) - raft.server.log.use.memory = false (default)
2019-09-27 00:25:07,883 [pool-409-thread-1] INFO  server.RaftServerConfigKeys (ConfUtils.java:logGet(43)) - raft.server.log.purge.gap = 1000000 (custom)
2019-09-27 00:25:07,883 [pool-409-thread-1] INFO  server.RaftServerConfigKeys (ConfUtils.java:logGet(43)) - raft.server.log.appender.buffer.byte-limit = 33554432 (custom)
2019-09-27 00:25:07,883 [pool-409-thread-1] INFO  server.RaftServerConfigKeys (ConfUtils.java:logGet(43)) - raft.server.log.segment.size.max = 1048576 (custom)
2019-09-27 00:25:07,884 [pool-409-thread-1] INFO  server.RaftServerConfigKeys (ConfUtils.java:logGet(43)) - raft.server.log.segment.cache.num.max = 2 (custom)
2019-09-27 00:25:07,884 [pool-409-thread-1] INFO  segmented.SegmentedRaftLogWorker (SegmentedRaftLogWorker.java:<init>(172)) - new efab0370-fcb4-4e55-b091-fb0e2fabfa09@group-D4627996A434-SegmentedRaftLogWorker for RaftStorage:Storage Directory /workdir/hadoop-ozone/integration-test/target/test-dir/MiniOzoneClusterImpl-bd5938d5-a9f0-46e6-9cba-1e01c8d8b818/datanode-0/data/ratis/d24a34dd-5162-4b7e-ac3b-d4627996a434
2019-09-27 00:25:07,885 [pool-409-thread-1] INFO  server.RaftServerConfigKeys (ConfUtils.java:logGet(43)) - raft.server.log.queue.byte-limit = 2147483647 (custom)
2019-09-27 00:25:07,885 [pool-409-thread-1] INFO  server.RaftServerConfigKeys (ConfUtils.java:logGet(43)) - raft.server.log.queue.element-limit = 1024 (custom)
2019-09-27 00:25:07,885 [pool-409-thread-1] INFO  server.RaftServerConfigKeys (ConfUtils.java:logGet(43)) - raft.server.log.segment.size.max = 1048576 (custom)
2019-09-27 00:25:07,886 [pool-409-thread-1] INFO  server.RaftServerConfigKeys (ConfUtils.java:logGet(43)) - raft.server.log.preallocated.size = 16384 (custom)
2019-09-27 00:25:07,886 [pool-409-thread-1] INFO  server.RaftServerConfigKeys (ConfUtils.java:logGet(43)) - raft.server.log.write.buffer.size = 33554432 (custom)
2019-09-27 00:25:07,886 [pool-409-thread-1] INFO  server.RaftServerConfigKeys (ConfUtils.java:logGet(43)) - raft.server.log.force.sync.num = 128 (default)
2019-09-27 00:25:07,886 [pool-409-thread-1] INFO  server.RaftServerConfigKeys (ConfUtils.java:logGet(43)) - raft.server.log.statemachine.data.sync = true (default)
2019-09-27 00:25:07,886 [pool-409-thread-1] INFO  server.RaftServerConfigKeys (ConfUtils.java:logGet(43)) - raft.server.log.statemachine.data.sync.timeout = 10s (default)
2019-09-27 00:25:07,886 [pool-409-thread-1] INFO  server.RaftServerConfigKeys (ConfUtils.java:logGet(43)) - raft.server.log.statemachine.data.sync.timeout.retry = -1 (default)
2019-09-27 00:25:07,886 [pool-409-thread-1] INFO  server.RaftServerConfigKeys (ConfUtils.java:logGet(43)) - raft.server.log.statemachine.data.caching.enabled = true (custom)
2019-09-27 00:25:07,886 [pool-409-thread-1] INFO  segmented.SegmentedRaftLogWorker (SegmentedRaftLogWorker.java:lambda$new$0(132)) - efab0370-fcb4-4e55-b091-fb0e2fabfa09@group-D4627996A434-SegmentedRaftLogWorker: flushIndex: setUnconditionally 0 -> -1
2019-09-27 00:25:07,887 [pool-409-thread-1] INFO  server.RaftServerConfigKeys (ConfUtils.java:logGet(43)) - raft.server.snapshot.auto.trigger.enabled = true (custom)
2019-09-27 00:25:07,887 [pool-409-thread-1] INFO  server.RaftServerConfigKeys (ConfUtils.java:logGet(43)) - raft.server.snapshot.auto.trigger.threshold = 10000 (custom)
2019-09-27 00:25:07,887 [pool-409-thread-1] INFO  server.RaftServerConfigKeys (ConfUtils.java:logGet(43)) - raft.server.snapshot.retention.num.files = 5 (custom)
2019-09-27 00:25:07,887 [pool-409-thread-1] INFO  server.RaftServerConfigKeys (ConfUtils.java:logGet(43)) - raft.server.retrycache.expirytime = 600000ms (custom)
2019-09-27 00:25:07,887 [IPC Server handler 6 on 45370] INFO  net.NetworkTopology (NetworkTopologyImpl.java:add(111)) - Added a new node: /default-rack/6e576732-ecfb-4248-9d86-5108c1c5cbaf
2019-09-27 00:25:07,888 [IPC Server handler 6 on 45370] INFO  node.SCMNodeManager (SCMNodeManager.java:register(266)) - Registered Data node : 6e576732-ecfb-4248-9d86-5108c1c5cbaf{ip: 192.168.30.42, host: pr-hdds-2193-7pp9x-2361853758, networkLocation: /default-rack, certSerialId: null}
2019-09-27 00:25:07,888 [pool-409-thread-1] INFO  impl.RaftServerImpl (RaftServerImpl.java:start(185)) - efab0370-fcb4-4e55-b091-fb0e2fabfa09@group-D4627996A434: start as a follower, conf=-1: [efab0370-fcb4-4e55-b091-fb0e2fabfa09:192.168.30.42:41143], old=null
2019-09-27 00:25:07,889 [pool-409-thread-1] INFO  impl.RaftServerImpl (RaftServerImpl.java:setRole(174)) - efab0370-fcb4-4e55-b091-fb0e2fabfa09@group-D4627996A434: changes role from      null to FOLLOWER at term 0 for startAsFollower
2019-09-27 00:25:07,889 [pool-409-thread-1] INFO  impl.RoleInfo (RoleInfo.java:updateAndGet(143)) - efab0370-fcb4-4e55-b091-fb0e2fabfa09: start FollowerState
2019-09-27 00:25:07,889 [pool-409-thread-1] INFO  util.JmxRegister (JmxRegister.java:tryRegister(44)) - Successfully registered JMX Bean with object name Ratis:service=RaftServer,group=group-D4627996A434,id=efab0370-fcb4-4e55-b091-fb0e2fabfa09
2019-09-27 00:25:07,893 [RatisPipelineUtilsThread] INFO  pipeline.PipelineStateManager (PipelineStateManager.java:addPipeline(56)) - Created pipeline Pipeline[ Id: d24a34dd-5162-4b7e-ac3b-d4627996a434, Nodes: efab0370-fcb4-4e55-b091-fb0e2fabfa09{ip: 192.168.30.42, host: pr-hdds-2193-7pp9x-2361853758, networkLocation: /default-rack, certSerialId: null}, Type:RATIS, Factor:ONE, State:OPEN]
2019-09-27 00:25:07,899 [grpc-default-executor-7] INFO  impl.RaftServerProxy (RaftServerProxy.java:addNew(89)) - 6e576732-ecfb-4248-9d86-5108c1c5cbaf: addNew group-0494638EB3EC:[6e576732-ecfb-4248-9d86-5108c1c5cbaf:192.168.30.42:34225] returns group-0494638EB3EC:java.util.concurrent.CompletableFuture@4f2adc00[Not completed]
2019-09-27 00:25:07,902 [pool-419-thread-1] INFO  impl.RaftServerImpl (RaftServerImpl.java:<init>(95)) - 6e576732-ecfb-4248-9d86-5108c1c5cbaf: new RaftServerImpl for group-0494638EB3EC:[6e576732-ecfb-4248-9d86-5108c1c5cbaf:192.168.30.42:34225] with ContainerStateMachine:uninitialized
2019-09-27 00:25:07,902 [pool-419-thread-1] INFO  server.RaftServerConfigKeys (ConfUtils.java:logGet(43)) - raft.server.rpc.timeout.min = 5s (custom)
2019-09-27 00:25:07,902 [pool-419-thread-1] INFO  server.RaftServerConfigKeys (ConfUtils.java:logGet(43)) - raft.server.rpc.timeout.max = 5200ms (custom)
2019-09-27 00:25:07,902 [pool-419-thread-1] INFO  server.RaftServerConfigKeys (ConfUtils.java:logGet(43)) - raft.server.rpcslowness.timeout = 120s (custom)
2019-09-27 00:25:07,902 [pool-419-thread-1] INFO  server.RaftServerConfigKeys (ConfUtils.java:logGet(43)) - raft.server.sleep.deviation.threshold = 300 (default)
2019-09-27 00:25:07,903 [pool-419-thread-1] INFO  server.RaftServerConfigKeys (ConfUtils.java:logGet(43)) - raft.server.log.appender.install.snapshot.enabled = false (custom)
2019-09-27 00:25:07,903 [pool-419-thread-1] INFO  impl.RaftServerImpl (ServerState.java:<init>(103)) - 6e576732-ecfb-4248-9d86-5108c1c5cbaf@group-0494638EB3EC: ConfigurationManager, init=-1: [6e576732-ecfb-4248-9d86-5108c1c5cbaf:192.168.30.42:34225], old=null, confs=<EMPTY_MAP>
2019-09-27 00:25:07,903 [pool-419-thread-1] INFO  server.RaftServerConfigKeys (ConfUtils.java:logGet(43)) - raft.server.storage.dir = [/workdir/hadoop-ozone/integration-test/target/test-dir/MiniOzoneClusterImpl-bd5938d5-a9f0-46e6-9cba-1e01c8d8b818/datanode-1/data/ratis] (custom)
2019-09-27 00:25:07,904 [pool-419-thread-1] INFO  storage.RaftStorageDirectory (RaftStorageDirectory.java:analyzeStorage(246)) - The storage directory /workdir/hadoop-ozone/integration-test/target/test-dir/MiniOzoneClusterImpl-bd5938d5-a9f0-46e6-9cba-1e01c8d8b818/datanode-1/data/ratis/a361ef32-3cc1-4b2c-9785-0494638eb3ec does not exist. Creating ...
2019-09-27 00:25:07,917 [pool-419-thread-1] INFO  storage.RaftStorageDirectory (RaftStorageDirectory.java:tryLock(328)) - Lock on /workdir/hadoop-ozone/integration-test/target/test-dir/MiniOzoneClusterImpl-bd5938d5-a9f0-46e6-9cba-1e01c8d8b818/datanode-1/data/ratis/a361ef32-3cc1-4b2c-9785-0494638eb3ec/in_use.lock acquired by nodename 24775@pr-hdds-2193-7pp9x-2361853758
2019-09-27 00:25:07,930 [pool-419-thread-1] INFO  storage.RaftStorage (RaftStorage.java:format(72)) - Storage directory /workdir/hadoop-ozone/integration-test/target/test-dir/MiniOzoneClusterImpl-bd5938d5-a9f0-46e6-9cba-1e01c8d8b818/datanode-1/data/ratis/a361ef32-3cc1-4b2c-9785-0494638eb3ec has been successfully formatted.
2019-09-27 00:25:07,930 [pool-419-thread-1] INFO  ratis.ContainerStateMachine (ContainerStateMachine.java:loadSnapshot(230)) - group-0494638EB3EC: The snapshot info is null. Setting the last applied indexto:(t:0, i:~)
2019-09-27 00:25:07,931 [pool-419-thread-1] INFO  server.RaftServerConfigKeys (ConfUtils.java:logGet(43)) - raft.server.notification.no-leader.timeout = 120s (custom)
2019-09-27 00:25:07,931 [pool-419-thread-1] INFO  server.RaftServerConfigKeys (ConfUtils.java:logGet(43)) - raft.server.log.use.memory = false (default)
2019-09-27 00:25:07,931 [pool-419-thread-1] INFO  server.RaftServerConfigKeys (ConfUtils.java:logGet(43)) - raft.server.log.purge.gap = 1000000 (custom)
2019-09-27 00:25:07,931 [pool-419-thread-1] INFO  server.RaftServerConfigKeys (ConfUtils.java:logGet(43)) - raft.server.log.appender.buffer.byte-limit = 33554432 (custom)
2019-09-27 00:25:07,931 [pool-419-thread-1] INFO  server.RaftServerConfigKeys (ConfUtils.java:logGet(43)) - raft.server.log.segment.size.max = 1048576 (custom)
2019-09-27 00:25:07,932 [pool-419-thread-1] INFO  server.RaftServerConfigKeys (ConfUtils.java:logGet(43)) - raft.server.log.segment.cache.num.max = 2 (custom)
2019-09-27 00:25:07,932 [pool-419-thread-1] INFO  segmented.SegmentedRaftLogWorker (SegmentedRaftLogWorker.java:<init>(172)) - new 6e576732-ecfb-4248-9d86-5108c1c5cbaf@group-0494638EB3EC-SegmentedRaftLogWorker for RaftStorage:Storage Directory /workdir/hadoop-ozone/integration-test/target/test-dir/MiniOzoneClusterImpl-bd5938d5-a9f0-46e6-9cba-1e01c8d8b818/datanode-1/data/ratis/a361ef32-3cc1-4b2c-9785-0494638eb3ec
2019-09-27 00:25:07,934 [pool-419-thread-1] INFO  server.RaftServerConfigKeys (ConfUtils.java:logGet(43)) - raft.server.log.queue.byte-limit = 2147483647 (custom)
2019-09-27 00:25:07,934 [pool-419-thread-1] INFO  server.RaftServerConfigKeys (ConfUtils.java:logGet(43)) - raft.server.log.queue.element-limit = 1024 (custom)
2019-09-27 00:25:07,935 [pool-419-thread-1] INFO  server.RaftServerConfigKeys (ConfUtils.java:logGet(43)) - raft.server.log.segment.size.max = 1048576 (custom)
2019-09-27 00:25:07,935 [pool-419-thread-1] INFO  server.RaftServerConfigKeys (ConfUtils.java:logGet(43)) - raft.server.log.preallocated.size = 16384 (custom)
2019-09-27 00:25:07,935 [pool-419-thread-1] INFO  server.RaftServerConfigKeys (ConfUtils.java:logGet(43)) - raft.server.log.write.buffer.size = 33554432 (custom)
2019-09-27 00:25:07,935 [pool-419-thread-1] INFO  server.RaftServerConfigKeys (ConfUtils.java:logGet(43)) - raft.server.log.force.sync.num = 128 (default)
2019-09-27 00:25:07,935 [pool-419-thread-1] INFO  server.RaftServerConfigKeys (ConfUtils.java:logGet(43)) - raft.server.log.statemachine.data.sync = true (default)
2019-09-27 00:25:07,935 [pool-419-thread-1] INFO  server.RaftServerConfigKeys (ConfUtils.java:logGet(43)) - raft.server.log.statemachine.data.sync.timeout = 10s (default)
2019-09-27 00:25:07,936 [pool-419-thread-1] INFO  server.RaftServerConfigKeys (ConfUtils.java:logGet(43)) - raft.server.log.statemachine.data.sync.timeout.retry = -1 (default)
2019-09-27 00:25:07,936 [pool-419-thread-1] INFO  server.RaftServerConfigKeys (ConfUtils.java:logGet(43)) - raft.server.log.statemachine.data.caching.enabled = true (custom)
2019-09-27 00:25:07,936 [pool-419-thread-1] INFO  segmented.SegmentedRaftLogWorker (SegmentedRaftLogWorker.java:lambda$new$0(132)) - 6e576732-ecfb-4248-9d86-5108c1c5cbaf@group-0494638EB3EC-SegmentedRaftLogWorker: flushIndex: setUnconditionally 0 -> -1
2019-09-27 00:25:07,937 [pool-419-thread-1] INFO  server.RaftServerConfigKeys (ConfUtils.java:logGet(43)) - raft.server.snapshot.auto.trigger.enabled = true (custom)
2019-09-27 00:25:07,937 [pool-419-thread-1] INFO  server.RaftServerConfigKeys (ConfUtils.java:logGet(43)) - raft.server.snapshot.auto.trigger.threshold = 10000 (custom)
2019-09-27 00:25:07,937 [pool-419-thread-1] INFO  server.RaftServerConfigKeys (ConfUtils.java:logGet(43)) - raft.server.snapshot.retention.num.files = 5 (custom)
2019-09-27 00:25:07,937 [pool-419-thread-1] INFO  server.RaftServerConfigKeys (ConfUtils.java:logGet(43)) - raft.server.retrycache.expirytime = 600000ms (custom)
2019-09-27 00:25:07,939 [pool-419-thread-1] INFO  impl.RaftServerImpl (RaftServerImpl.java:start(185)) - 6e576732-ecfb-4248-9d86-5108c1c5cbaf@group-0494638EB3EC: start as a follower, conf=-1: [6e576732-ecfb-4248-9d86-5108c1c5cbaf:192.168.30.42:34225], old=null
2019-09-27 00:25:07,939 [pool-419-thread-1] INFO  impl.RaftServerImpl (RaftServerImpl.java:setRole(174)) - 6e576732-ecfb-4248-9d86-5108c1c5cbaf@group-0494638EB3EC: changes role from      null to FOLLOWER at term 0 for startAsFollower
2019-09-27 00:25:07,940 [pool-419-thread-1] INFO  impl.RoleInfo (RoleInfo.java:updateAndGet(143)) - 6e576732-ecfb-4248-9d86-5108c1c5cbaf: start FollowerState
2019-09-27 00:25:07,940 [pool-419-thread-1] INFO  util.JmxRegister (JmxRegister.java:tryRegister(44)) - Successfully registered JMX Bean with object name Ratis:service=RaftServer,group=group-0494638EB3EC,id=6e576732-ecfb-4248-9d86-5108c1c5cbaf
2019-09-27 00:25:07,943 [RatisPipelineUtilsThread] INFO  pipeline.PipelineStateManager (PipelineStateManager.java:addPipeline(56)) - Created pipeline Pipeline[ Id: a361ef32-3cc1-4b2c-9785-0494638eb3ec, Nodes: 6e576732-ecfb-4248-9d86-5108c1c5cbaf{ip: 192.168.30.42, host: pr-hdds-2193-7pp9x-2361853758, networkLocation: /default-rack, certSerialId: null}, Type:RATIS, Factor:ONE, State:OPEN]
2019-09-27 00:25:07,964 [IPC Server handler 5 on 45370] INFO  net.NetworkTopology (NetworkTopologyImpl.java:add(111)) - Added a new node: /default-rack/f77c7d1f-7fe6-48fc-9d3e-095734d688af
2019-09-27 00:25:07,965 [IPC Server handler 5 on 45370] INFO  node.SCMNodeManager (SCMNodeManager.java:register(266)) - Registered Data node : f77c7d1f-7fe6-48fc-9d3e-095734d688af{ip: 192.168.30.42, host: pr-hdds-2193-7pp9x-2361853758, networkLocation: /default-rack, certSerialId: null}
2019-09-27 00:25:07,971 [grpc-default-executor-7] INFO  impl.RaftServerProxy (RaftServerProxy.java:addNew(89)) - f77c7d1f-7fe6-48fc-9d3e-095734d688af: addNew group-DFACC16ECC27:[f77c7d1f-7fe6-48fc-9d3e-095734d688af:192.168.30.42:38959] returns group-DFACC16ECC27:java.util.concurrent.CompletableFuture@39087226[Not completed]
2019-09-27 00:25:07,972 [pool-429-thread-1] INFO  impl.RaftServerImpl (RaftServerImpl.java:<init>(95)) - f77c7d1f-7fe6-48fc-9d3e-095734d688af: new RaftServerImpl for group-DFACC16ECC27:[f77c7d1f-7fe6-48fc-9d3e-095734d688af:192.168.30.42:38959] with ContainerStateMachine:uninitialized
2019-09-27 00:25:07,973 [pool-429-thread-1] INFO  server.RaftServerConfigKeys (ConfUtils.java:logGet(43)) - raft.server.rpc.timeout.min = 5s (custom)
2019-09-27 00:25:07,973 [pool-429-thread-1] INFO  server.RaftServerConfigKeys (ConfUtils.java:logGet(43)) - raft.server.rpc.timeout.max = 5200ms (custom)
2019-09-27 00:25:07,973 [pool-429-thread-1] INFO  server.RaftServerConfigKeys (ConfUtils.java:logGet(43)) - raft.server.rpcslowness.timeout = 120s (custom)
2019-09-27 00:25:07,973 [pool-429-thread-1] INFO  server.RaftServerConfigKeys (ConfUtils.java:logGet(43)) - raft.server.sleep.deviation.threshold = 300 (default)
2019-09-27 00:25:07,973 [pool-429-thread-1] INFO  server.RaftServerConfigKeys (ConfUtils.java:logGet(43)) - raft.server.log.appender.install.snapshot.enabled = false (custom)
2019-09-27 00:25:07,973 [pool-429-thread-1] INFO  impl.RaftServerImpl (ServerState.java:<init>(103)) - f77c7d1f-7fe6-48fc-9d3e-095734d688af@group-DFACC16ECC27: ConfigurationManager, init=-1: [f77c7d1f-7fe6-48fc-9d3e-095734d688af:192.168.30.42:38959], old=null, confs=<EMPTY_MAP>
2019-09-27 00:25:07,973 [pool-429-thread-1] INFO  server.RaftServerConfigKeys (ConfUtils.java:logGet(43)) - raft.server.storage.dir = [/workdir/hadoop-ozone/integration-test/target/test-dir/MiniOzoneClusterImpl-bd5938d5-a9f0-46e6-9cba-1e01c8d8b818/datanode-2/data/ratis] (custom)
2019-09-27 00:25:07,974 [pool-429-thread-1] INFO  storage.RaftStorageDirectory (RaftStorageDirectory.java:analyzeStorage(246)) - The storage directory /workdir/hadoop-ozone/integration-test/target/test-dir/MiniOzoneClusterImpl-bd5938d5-a9f0-46e6-9cba-1e01c8d8b818/datanode-2/data/ratis/af363f15-f357-4967-8036-dfacc16ecc27 does not exist. Creating ...
2019-09-27 00:25:07,987 [pool-429-thread-1] INFO  storage.RaftStorageDirectory (RaftStorageDirectory.java:tryLock(328)) - Lock on /workdir/hadoop-ozone/integration-test/target/test-dir/MiniOzoneClusterImpl-bd5938d5-a9f0-46e6-9cba-1e01c8d8b818/datanode-2/data/ratis/af363f15-f357-4967-8036-dfacc16ecc27/in_use.lock acquired by nodename 24775@pr-hdds-2193-7pp9x-2361853758
2019-09-27 00:25:08,000 [pool-429-thread-1] INFO  storage.RaftStorage (RaftStorage.java:format(72)) - Storage directory /workdir/hadoop-ozone/integration-test/target/test-dir/MiniOzoneClusterImpl-bd5938d5-a9f0-46e6-9cba-1e01c8d8b818/datanode-2/data/ratis/af363f15-f357-4967-8036-dfacc16ecc27 has been successfully formatted.
2019-09-27 00:25:08,000 [pool-429-thread-1] INFO  ratis.ContainerStateMachine (ContainerStateMachine.java:loadSnapshot(230)) - group-DFACC16ECC27: The snapshot info is null. Setting the last applied indexto:(t:0, i:~)
2019-09-27 00:25:08,001 [pool-429-thread-1] INFO  server.RaftServerConfigKeys (ConfUtils.java:logGet(43)) - raft.server.notification.no-leader.timeout = 120s (custom)
2019-09-27 00:25:08,001 [pool-429-thread-1] INFO  server.RaftServerConfigKeys (ConfUtils.java:logGet(43)) - raft.server.log.use.memory = false (default)
2019-09-27 00:25:08,001 [pool-429-thread-1] INFO  server.RaftServerConfigKeys (ConfUtils.java:logGet(43)) - raft.server.log.purge.gap = 1000000 (custom)
2019-09-27 00:25:08,001 [pool-429-thread-1] INFO  server.RaftServerConfigKeys (ConfUtils.java:logGet(43)) - raft.server.log.appender.buffer.byte-limit = 33554432 (custom)
2019-09-27 00:25:08,001 [pool-429-thread-1] INFO  server.RaftServerConfigKeys (ConfUtils.java:logGet(43)) - raft.server.log.segment.size.max = 1048576 (custom)
2019-09-27 00:25:08,001 [pool-429-thread-1] INFO  server.RaftServerConfigKeys (ConfUtils.java:logGet(43)) - raft.server.log.segment.cache.num.max = 2 (custom)
2019-09-27 00:25:08,001 [pool-429-thread-1] INFO  segmented.SegmentedRaftLogWorker (SegmentedRaftLogWorker.java:<init>(172)) - new f77c7d1f-7fe6-48fc-9d3e-095734d688af@group-DFACC16ECC27-SegmentedRaftLogWorker for RaftStorage:Storage Directory /workdir/hadoop-ozone/integration-test/target/test-dir/MiniOzoneClusterImpl-bd5938d5-a9f0-46e6-9cba-1e01c8d8b818/datanode-2/data/ratis/af363f15-f357-4967-8036-dfacc16ecc27
2019-09-27 00:25:08,003 [pool-429-thread-1] INFO  server.RaftServerConfigKeys (ConfUtils.java:logGet(43)) - raft.server.log.queue.byte-limit = 2147483647 (custom)
2019-09-27 00:25:08,003 [pool-429-thread-1] INFO  server.RaftServerConfigKeys (ConfUtils.java:logGet(43)) - raft.server.log.queue.element-limit = 1024 (custom)
2019-09-27 00:25:08,003 [pool-429-thread-1] INFO  server.RaftServerConfigKeys (ConfUtils.java:logGet(43)) - raft.server.log.segment.size.max = 1048576 (custom)
2019-09-27 00:25:08,004 [pool-429-thread-1] INFO  server.RaftServerConfigKeys (ConfUtils.java:logGet(43)) - raft.server.log.preallocated.size = 16384 (custom)
2019-09-27 00:25:08,004 [pool-429-thread-1] INFO  server.RaftServerConfigKeys (ConfUtils.java:logGet(43)) - raft.server.log.write.buffer.size = 33554432 (custom)
2019-09-27 00:25:08,004 [pool-429-thread-1] INFO  server.RaftServerConfigKeys (ConfUtils.java:logGet(43)) - raft.server.log.force.sync.num = 128 (default)
2019-09-27 00:25:08,004 [pool-429-thread-1] INFO  server.RaftServerConfigKeys (ConfUtils.java:logGet(43)) - raft.server.log.statemachine.data.sync = true (default)
2019-09-27 00:25:08,004 [pool-429-thread-1] INFO  server.RaftServerConfigKeys (ConfUtils.java:logGet(43)) - raft.server.log.statemachine.data.sync.timeout = 10s (default)
2019-09-27 00:25:08,004 [pool-429-thread-1] INFO  server.RaftServerConfigKeys (ConfUtils.java:logGet(43)) - raft.server.log.statemachine.data.sync.timeout.retry = -1 (default)
2019-09-27 00:25:08,005 [pool-429-thread-1] INFO  server.RaftServerConfigKeys (ConfUtils.java:logGet(43)) - raft.server.log.statemachine.data.caching.enabled = true (custom)
2019-09-27 00:25:08,005 [pool-429-thread-1] INFO  segmented.SegmentedRaftLogWorker (SegmentedRaftLogWorker.java:lambda$new$0(132)) - f77c7d1f-7fe6-48fc-9d3e-095734d688af@group-DFACC16ECC27-SegmentedRaftLogWorker: flushIndex: setUnconditionally 0 -> -1
2019-09-27 00:25:08,005 [pool-429-thread-1] INFO  server.RaftServerConfigKeys (ConfUtils.java:logGet(43)) - raft.server.snapshot.auto.trigger.enabled = true (custom)
2019-09-27 00:25:08,005 [pool-429-thread-1] INFO  server.RaftServerConfigKeys (ConfUtils.java:logGet(43)) - raft.server.snapshot.auto.trigger.threshold = 10000 (custom)
2019-09-27 00:25:08,005 [pool-429-thread-1] INFO  server.RaftServerConfigKeys (ConfUtils.java:logGet(43)) - raft.server.snapshot.retention.num.files = 5 (custom)
2019-09-27 00:25:08,006 [pool-429-thread-1] INFO  server.RaftServerConfigKeys (ConfUtils.java:logGet(43)) - raft.server.retrycache.expirytime = 600000ms (custom)
2019-09-27 00:25:08,007 [pool-429-thread-1] INFO  impl.RaftServerImpl (RaftServerImpl.java:start(185)) - f77c7d1f-7fe6-48fc-9d3e-095734d688af@group-DFACC16ECC27: start as a follower, conf=-1: [f77c7d1f-7fe6-48fc-9d3e-095734d688af:192.168.30.42:38959], old=null
2019-09-27 00:25:08,008 [pool-429-thread-1] INFO  impl.RaftServerImpl (RaftServerImpl.java:setRole(174)) - f77c7d1f-7fe6-48fc-9d3e-095734d688af@group-DFACC16ECC27: changes role from      null to FOLLOWER at term 0 for startAsFollower
2019-09-27 00:25:08,008 [pool-429-thread-1] INFO  impl.RoleInfo (RoleInfo.java:updateAndGet(143)) - f77c7d1f-7fe6-48fc-9d3e-095734d688af: start FollowerState
2019-09-27 00:25:08,008 [pool-429-thread-1] INFO  util.JmxRegister (JmxRegister.java:tryRegister(44)) - Successfully registered JMX Bean with object name Ratis:service=RaftServer,group=group-DFACC16ECC27,id=f77c7d1f-7fe6-48fc-9d3e-095734d688af
2019-09-27 00:25:08,010 [RatisPipelineUtilsThread] INFO  pipeline.PipelineStateManager (PipelineStateManager.java:addPipeline(56)) - Created pipeline Pipeline[ Id: af363f15-f357-4967-8036-dfacc16ecc27, Nodes: f77c7d1f-7fe6-48fc-9d3e-095734d688af{ip: 192.168.30.42, host: pr-hdds-2193-7pp9x-2361853758, networkLocation: /default-rack, certSerialId: null}, Type:RATIS, Factor:ONE, State:OPEN]
2019-09-27 00:25:08,017 [IPC Server handler 7 on 45370] INFO  net.NetworkTopology (NetworkTopologyImpl.java:add(111)) - Added a new node: /default-rack/9506ffde-d80f-4d1d-a7e4-1ae5324a65d9
2019-09-27 00:25:08,018 [IPC Server handler 7 on 45370] INFO  node.SCMNodeManager (SCMNodeManager.java:register(266)) - Registered Data node : 9506ffde-d80f-4d1d-a7e4-1ae5324a65d9{ip: 192.168.30.42, host: pr-hdds-2193-7pp9x-2361853758, networkLocation: /default-rack, certSerialId: null}
2019-09-27 00:25:08,025 [grpc-default-executor-11] INFO  impl.RaftServerProxy (RaftServerProxy.java:addNew(89)) - efab0370-fcb4-4e55-b091-fb0e2fabfa09: addNew group-206A3C67ED79:[f77c7d1f-7fe6-48fc-9d3e-095734d688af:192.168.30.42:38959, efab0370-fcb4-4e55-b091-fb0e2fabfa09:192.168.30.42:41143, 6e576732-ecfb-4248-9d86-5108c1c5cbaf:192.168.30.42:34225] returns group-206A3C67ED79:java.util.concurrent.CompletableFuture@55ab36bc[Not completed]
2019-09-27 00:25:08,026 [grpc-default-executor-11] INFO  impl.RaftServerProxy (RaftServerProxy.java:addNew(89)) - 6e576732-ecfb-4248-9d86-5108c1c5cbaf: addNew group-206A3C67ED79:[f77c7d1f-7fe6-48fc-9d3e-095734d688af:192.168.30.42:38959, efab0370-fcb4-4e55-b091-fb0e2fabfa09:192.168.30.42:41143, 6e576732-ecfb-4248-9d86-5108c1c5cbaf:192.168.30.42:34225] returns group-206A3C67ED79:java.util.concurrent.CompletableFuture@c2dd157[Not completed]
2019-09-27 00:25:08,026 [pool-409-thread-1] INFO  impl.RaftServerImpl (RaftServerImpl.java:<init>(95)) - efab0370-fcb4-4e55-b091-fb0e2fabfa09: new RaftServerImpl for group-206A3C67ED79:[f77c7d1f-7fe6-48fc-9d3e-095734d688af:192.168.30.42:38959, efab0370-fcb4-4e55-b091-fb0e2fabfa09:192.168.30.42:41143, 6e576732-ecfb-4248-9d86-5108c1c5cbaf:192.168.30.42:34225] with ContainerStateMachine:uninitialized
2019-09-27 00:25:08,027 [grpc-default-executor-13] INFO  impl.RaftServerProxy (RaftServerProxy.java:addNew(89)) - f77c7d1f-7fe6-48fc-9d3e-095734d688af: addNew group-206A3C67ED79:[f77c7d1f-7fe6-48fc-9d3e-095734d688af:192.168.30.42:38959, efab0370-fcb4-4e55-b091-fb0e2fabfa09:192.168.30.42:41143, 6e576732-ecfb-4248-9d86-5108c1c5cbaf:192.168.30.42:34225] returns group-206A3C67ED79:java.util.concurrent.CompletableFuture@a66bba6[Not completed]
2019-09-27 00:25:08,027 [pool-409-thread-1] INFO  server.RaftServerConfigKeys (ConfUtils.java:logGet(43)) - raft.server.rpc.timeout.min = 5s (custom)
2019-09-27 00:25:08,027 [pool-409-thread-1] INFO  server.RaftServerConfigKeys (ConfUtils.java:logGet(43)) - raft.server.rpc.timeout.max = 5200ms (custom)
2019-09-27 00:25:08,027 [pool-409-thread-1] INFO  server.RaftServerConfigKeys (ConfUtils.java:logGet(43)) - raft.server.rpcslowness.timeout = 120s (custom)
2019-09-27 00:25:08,027 [pool-409-thread-1] INFO  server.RaftServerConfigKeys (ConfUtils.java:logGet(43)) - raft.server.sleep.deviation.threshold = 300 (default)
2019-09-27 00:25:08,027 [pool-419-thread-1] INFO  impl.RaftServerImpl (RaftServerImpl.java:<init>(95)) - 6e576732-ecfb-4248-9d86-5108c1c5cbaf: new RaftServerImpl for group-206A3C67ED79:[f77c7d1f-7fe6-48fc-9d3e-095734d688af:192.168.30.42:38959, efab0370-fcb4-4e55-b091-fb0e2fabfa09:192.168.30.42:41143, 6e576732-ecfb-4248-9d86-5108c1c5cbaf:192.168.30.42:34225] with ContainerStateMachine:uninitialized
2019-09-27 00:25:08,027 [pool-409-thread-1] INFO  server.RaftServerConfigKeys (ConfUtils.java:logGet(43)) - raft.server.log.appender.install.snapshot.enabled = false (custom)
2019-09-27 00:25:08,027 [pool-419-thread-1] INFO  server.RaftServerConfigKeys (ConfUtils.java:logGet(43)) - raft.server.rpc.timeout.min = 5s (custom)
2019-09-27 00:25:08,028 [pool-409-thread-1] INFO  impl.RaftServerImpl (ServerState.java:<init>(103)) - efab0370-fcb4-4e55-b091-fb0e2fabfa09@group-206A3C67ED79: ConfigurationManager, init=-1: [f77c7d1f-7fe6-48fc-9d3e-095734d688af:192.168.30.42:38959, efab0370-fcb4-4e55-b091-fb0e2fabfa09:192.168.30.42:41143, 6e576732-ecfb-4248-9d86-5108c1c5cbaf:192.168.30.42:34225], old=null, confs=<EMPTY_MAP>
2019-09-27 00:25:08,028 [pool-419-thread-1] INFO  server.RaftServerConfigKeys (ConfUtils.java:logGet(43)) - raft.server.rpc.timeout.max = 5200ms (custom)
2019-09-27 00:25:08,028 [pool-409-thread-1] INFO  server.RaftServerConfigKeys (ConfUtils.java:logGet(43)) - raft.server.storage.dir = [/workdir/hadoop-ozone/integration-test/target/test-dir/MiniOzoneClusterImpl-bd5938d5-a9f0-46e6-9cba-1e01c8d8b818/datanode-0/data/ratis] (custom)
2019-09-27 00:25:08,028 [pool-429-thread-1] INFO  impl.RaftServerImpl (RaftServerImpl.java:<init>(95)) - f77c7d1f-7fe6-48fc-9d3e-095734d688af: new RaftServerImpl for group-206A3C67ED79:[f77c7d1f-7fe6-48fc-9d3e-095734d688af:192.168.30.42:38959, efab0370-fcb4-4e55-b091-fb0e2fabfa09:192.168.30.42:41143, 6e576732-ecfb-4248-9d86-5108c1c5cbaf:192.168.30.42:34225] with ContainerStateMachine:uninitialized
2019-09-27 00:25:08,028 [pool-419-thread-1] INFO  server.RaftServerConfigKeys (ConfUtils.java:logGet(43)) - raft.server.rpcslowness.timeout = 120s (custom)
2019-09-27 00:25:08,028 [pool-409-thread-1] INFO  storage.RaftStorageDirectory (RaftStorageDirectory.java:analyzeStorage(246)) - The storage directory /workdir/hadoop-ozone/integration-test/target/test-dir/MiniOzoneClusterImpl-bd5938d5-a9f0-46e6-9cba-1e01c8d8b818/datanode-0/data/ratis/1936d380-f982-4153-a9b0-206a3c67ed79 does not exist. Creating ...
2019-09-27 00:25:08,028 [pool-429-thread-1] INFO  server.RaftServerConfigKeys (ConfUtils.java:logGet(43)) - raft.server.rpc.timeout.min = 5s (custom)
2019-09-27 00:25:08,028 [pool-419-thread-1] INFO  server.RaftServerConfigKeys (ConfUtils.java:logGet(43)) - raft.server.sleep.deviation.threshold = 300 (default)
2019-09-27 00:25:08,028 [pool-429-thread-1] INFO  server.RaftServerConfigKeys (ConfUtils.java:logGet(43)) - raft.server.rpc.timeout.max = 5200ms (custom)
2019-09-27 00:25:08,029 [pool-419-thread-1] INFO  server.RaftServerConfigKeys (ConfUtils.java:logGet(43)) - raft.server.log.appender.install.snapshot.enabled = false (custom)
2019-09-27 00:25:08,029 [pool-429-thread-1] INFO  server.RaftServerConfigKeys (ConfUtils.java:logGet(43)) - raft.server.rpcslowness.timeout = 120s (custom)
2019-09-27 00:25:08,029 [pool-419-thread-1] INFO  impl.RaftServerImpl (ServerState.java:<init>(103)) - 6e576732-ecfb-4248-9d86-5108c1c5cbaf@group-206A3C67ED79: ConfigurationManager, init=-1: [f77c7d1f-7fe6-48fc-9d3e-095734d688af:192.168.30.42:38959, efab0370-fcb4-4e55-b091-fb0e2fabfa09:192.168.30.42:41143, 6e576732-ecfb-4248-9d86-5108c1c5cbaf:192.168.30.42:34225], old=null, confs=<EMPTY_MAP>
2019-09-27 00:25:08,029 [pool-429-thread-1] INFO  server.RaftServerConfigKeys (ConfUtils.java:logGet(43)) - raft.server.sleep.deviation.threshold = 300 (default)
2019-09-27 00:25:08,029 [pool-419-thread-1] INFO  server.RaftServerConfigKeys (ConfUtils.java:logGet(43)) - raft.server.storage.dir = [/workdir/hadoop-ozone/integration-test/target/test-dir/MiniOzoneClusterImpl-bd5938d5-a9f0-46e6-9cba-1e01c8d8b818/datanode-1/data/ratis] (custom)
2019-09-27 00:25:08,029 [pool-429-thread-1] INFO  server.RaftServerConfigKeys (ConfUtils.java:logGet(43)) - raft.server.log.appender.install.snapshot.enabled = false (custom)
2019-09-27 00:25:08,029 [pool-419-thread-1] INFO  storage.RaftStorageDirectory (RaftStorageDirectory.java:analyzeStorage(246)) - The storage directory /workdir/hadoop-ozone/integration-test/target/test-dir/MiniOzoneClusterImpl-bd5938d5-a9f0-46e6-9cba-1e01c8d8b818/datanode-1/data/ratis/1936d380-f982-4153-a9b0-206a3c67ed79 does not exist. Creating ...
2019-09-27 00:25:08,029 [pool-429-thread-1] INFO  impl.RaftServerImpl (ServerState.java:<init>(103)) - f77c7d1f-7fe6-48fc-9d3e-095734d688af@group-206A3C67ED79: ConfigurationManager, init=-1: [f77c7d1f-7fe6-48fc-9d3e-095734d688af:192.168.30.42:38959, efab0370-fcb4-4e55-b091-fb0e2fabfa09:192.168.30.42:41143, 6e576732-ecfb-4248-9d86-5108c1c5cbaf:192.168.30.42:34225], old=null, confs=<EMPTY_MAP>
2019-09-27 00:25:08,030 [pool-429-thread-1] INFO  server.RaftServerConfigKeys (ConfUtils.java:logGet(43)) - raft.server.storage.dir = [/workdir/hadoop-ozone/integration-test/target/test-dir/MiniOzoneClusterImpl-bd5938d5-a9f0-46e6-9cba-1e01c8d8b818/datanode-2/data/ratis] (custom)
2019-09-27 00:25:08,030 [pool-429-thread-1] INFO  storage.RaftStorageDirectory (RaftStorageDirectory.java:analyzeStorage(246)) - The storage directory /workdir/hadoop-ozone/integration-test/target/test-dir/MiniOzoneClusterImpl-bd5938d5-a9f0-46e6-9cba-1e01c8d8b818/datanode-2/data/ratis/1936d380-f982-4153-a9b0-206a3c67ed79 does not exist. Creating ...
2019-09-27 00:25:08,041 [pool-409-thread-1] INFO  storage.RaftStorageDirectory (RaftStorageDirectory.java:tryLock(328)) - Lock on /workdir/hadoop-ozone/integration-test/target/test-dir/MiniOzoneClusterImpl-bd5938d5-a9f0-46e6-9cba-1e01c8d8b818/datanode-0/data/ratis/1936d380-f982-4153-a9b0-206a3c67ed79/in_use.lock acquired by nodename 24775@pr-hdds-2193-7pp9x-2361853758
2019-09-27 00:25:08,041 [pool-419-thread-1] INFO  storage.RaftStorageDirectory (RaftStorageDirectory.java:tryLock(328)) - Lock on /workdir/hadoop-ozone/integration-test/target/test-dir/MiniOzoneClusterImpl-bd5938d5-a9f0-46e6-9cba-1e01c8d8b818/datanode-1/data/ratis/1936d380-f982-4153-a9b0-206a3c67ed79/in_use.lock acquired by nodename 24775@pr-hdds-2193-7pp9x-2361853758
2019-09-27 00:25:08,041 [pool-429-thread-1] INFO  storage.RaftStorageDirectory (RaftStorageDirectory.java:tryLock(328)) - Lock on /workdir/hadoop-ozone/integration-test/target/test-dir/MiniOzoneClusterImpl-bd5938d5-a9f0-46e6-9cba-1e01c8d8b818/datanode-2/data/ratis/1936d380-f982-4153-a9b0-206a3c67ed79/in_use.lock acquired by nodename 24775@pr-hdds-2193-7pp9x-2361853758
2019-09-27 00:25:08,055 [pool-409-thread-1] INFO  storage.RaftStorage (RaftStorage.java:format(72)) - Storage directory /workdir/hadoop-ozone/integration-test/target/test-dir/MiniOzoneClusterImpl-bd5938d5-a9f0-46e6-9cba-1e01c8d8b818/datanode-0/data/ratis/1936d380-f982-4153-a9b0-206a3c67ed79 has been successfully formatted.
2019-09-27 00:25:08,055 [pool-429-thread-1] INFO  storage.RaftStorage (RaftStorage.java:format(72)) - Storage directory /workdir/hadoop-ozone/integration-test/target/test-dir/MiniOzoneClusterImpl-bd5938d5-a9f0-46e6-9cba-1e01c8d8b818/datanode-2/data/ratis/1936d380-f982-4153-a9b0-206a3c67ed79 has been successfully formatted.
2019-09-27 00:25:08,055 [pool-409-thread-1] INFO  ratis.ContainerStateMachine (ContainerStateMachine.java:loadSnapshot(230)) - group-206A3C67ED79: The snapshot info is null. Setting the last applied indexto:(t:0, i:~)
2019-09-27 00:25:08,055 [pool-419-thread-1] INFO  storage.RaftStorage (RaftStorage.java:format(72)) - Storage directory /workdir/hadoop-ozone/integration-test/target/test-dir/MiniOzoneClusterImpl-bd5938d5-a9f0-46e6-9cba-1e01c8d8b818/datanode-1/data/ratis/1936d380-f982-4153-a9b0-206a3c67ed79 has been successfully formatted.
2019-09-27 00:25:08,055 [pool-409-thread-1] INFO  server.RaftServerConfigKeys (ConfUtils.java:logGet(43)) - raft.server.notification.no-leader.timeout = 120s (custom)
2019-09-27 00:25:08,055 [pool-419-thread-1] INFO  ratis.ContainerStateMachine (ContainerStateMachine.java:loadSnapshot(230)) - group-206A3C67ED79: The snapshot info is null. Setting the last applied indexto:(t:0, i:~)
2019-09-27 00:25:08,055 [pool-409-thread-1] INFO  server.RaftServerConfigKeys (ConfUtils.java:logGet(43)) - raft.server.log.use.memory = false (default)
2019-09-27 00:25:08,056 [pool-419-thread-1] INFO  server.RaftServerConfigKeys (ConfUtils.java:logGet(43)) - raft.server.notification.no-leader.timeout = 120s (custom)
2019-09-27 00:25:08,056 [pool-429-thread-1] INFO  ratis.ContainerStateMachine (ContainerStateMachine.java:loadSnapshot(230)) - group-206A3C67ED79: The snapshot info is null. Setting the last applied indexto:(t:0, i:~)
2019-09-27 00:25:08,056 [pool-409-thread-1] INFO  server.RaftServerConfigKeys (ConfUtils.java:logGet(43)) - raft.server.log.purge.gap = 1000000 (custom)
2019-09-27 00:25:08,056 [pool-429-thread-1] INFO  server.RaftServerConfigKeys (ConfUtils.java:logGet(43)) - raft.server.notification.no-leader.timeout = 120s (custom)
2019-09-27 00:25:08,056 [pool-419-thread-1] INFO  server.RaftServerConfigKeys (ConfUtils.java:logGet(43)) - raft.server.log.use.memory = false (default)
2019-09-27 00:25:08,056 [pool-429-thread-1] INFO  server.RaftServerConfigKeys (ConfUtils.java:logGet(43)) - raft.server.log.use.memory = false (default)
2019-09-27 00:25:08,056 [pool-409-thread-1] INFO  server.RaftServerConfigKeys (ConfUtils.java:logGet(43)) - raft.server.log.appender.buffer.byte-limit = 33554432 (custom)
2019-09-27 00:25:08,056 [pool-429-thread-1] INFO  server.RaftServerConfigKeys (ConfUtils.java:logGet(43)) - raft.server.log.purge.gap = 1000000 (custom)
2019-09-27 00:25:08,056 [pool-419-thread-1] INFO  server.RaftServerConfigKeys (ConfUtils.java:logGet(43)) - raft.server.log.purge.gap = 1000000 (custom)
2019-09-27 00:25:08,057 [pool-429-thread-1] INFO  server.RaftServerConfigKeys (ConfUtils.java:logGet(43)) - raft.server.log.appender.buffer.byte-limit = 33554432 (custom)
2019-09-27 00:25:08,057 [pool-409-thread-1] INFO  server.RaftServerConfigKeys (ConfUtils.java:logGet(43)) - raft.server.log.segment.size.max = 1048576 (custom)
2019-09-27 00:25:08,057 [pool-429-thread-1] INFO  server.RaftServerConfigKeys (ConfUtils.java:logGet(43)) - raft.server.log.segment.size.max = 1048576 (custom)
2019-09-27 00:25:08,057 [pool-419-thread-1] INFO  server.RaftServerConfigKeys (ConfUtils.java:logGet(43)) - raft.server.log.appender.buffer.byte-limit = 33554432 (custom)
2019-09-27 00:25:08,057 [pool-429-thread-1] INFO  server.RaftServerConfigKeys (ConfUtils.java:logGet(43)) - raft.server.log.segment.cache.num.max = 2 (custom)
2019-09-27 00:25:08,057 [pool-409-thread-1] INFO  server.RaftServerConfigKeys (ConfUtils.java:logGet(43)) - raft.server.log.segment.cache.num.max = 2 (custom)
2019-09-27 00:25:08,058 [pool-429-thread-1] INFO  segmented.SegmentedRaftLogWorker (SegmentedRaftLogWorker.java:<init>(172)) - new f77c7d1f-7fe6-48fc-9d3e-095734d688af@group-206A3C67ED79-SegmentedRaftLogWorker for RaftStorage:Storage Directory /workdir/hadoop-ozone/integration-test/target/test-dir/MiniOzoneClusterImpl-bd5938d5-a9f0-46e6-9cba-1e01c8d8b818/datanode-2/data/ratis/1936d380-f982-4153-a9b0-206a3c67ed79
2019-09-27 00:25:08,057 [pool-419-thread-1] INFO  server.RaftServerConfigKeys (ConfUtils.java:logGet(43)) - raft.server.log.segment.size.max = 1048576 (custom)
2019-09-27 00:25:08,058 [pool-429-thread-1] INFO  server.RaftServerConfigKeys (ConfUtils.java:logGet(43)) - raft.server.log.queue.byte-limit = 2147483647 (custom)
2019-09-27 00:25:08,058 [pool-429-thread-1] INFO  server.RaftServerConfigKeys (ConfUtils.java:logGet(43)) - raft.server.log.queue.element-limit = 1024 (custom)
2019-09-27 00:25:08,058 [pool-409-thread-1] INFO  segmented.SegmentedRaftLogWorker (SegmentedRaftLogWorker.java:<init>(172)) - new efab0370-fcb4-4e55-b091-fb0e2fabfa09@group-206A3C67ED79-SegmentedRaftLogWorker for RaftStorage:Storage Directory /workdir/hadoop-ozone/integration-test/target/test-dir/MiniOzoneClusterImpl-bd5938d5-a9f0-46e6-9cba-1e01c8d8b818/datanode-0/data/ratis/1936d380-f982-4153-a9b0-206a3c67ed79
2019-09-27 00:25:08,058 [pool-429-thread-1] INFO  server.RaftServerConfigKeys (ConfUtils.java:logGet(43)) - raft.server.log.segment.size.max = 1048576 (custom)
2019-09-27 00:25:08,058 [pool-419-thread-1] INFO  server.RaftServerConfigKeys (ConfUtils.java:logGet(43)) - raft.server.log.segment.cache.num.max = 2 (custom)
2019-09-27 00:25:08,059 [pool-429-thread-1] INFO  server.RaftServerConfigKeys (ConfUtils.java:logGet(43)) - raft.server.log.preallocated.size = 16384 (custom)
2019-09-27 00:25:08,059 [pool-409-thread-1] INFO  server.RaftServerConfigKeys (ConfUtils.java:logGet(43)) - raft.server.log.queue.byte-limit = 2147483647 (custom)
2019-09-27 00:25:08,059 [pool-429-thread-1] INFO  server.RaftServerConfigKeys (ConfUtils.java:logGet(43)) - raft.server.log.write.buffer.size = 33554432 (custom)
2019-09-27 00:25:08,059 [pool-429-thread-1] INFO  server.RaftServerConfigKeys (ConfUtils.java:logGet(43)) - raft.server.log.force.sync.num = 128 (default)
2019-09-27 00:25:08,059 [pool-419-thread-1] INFO  segmented.SegmentedRaftLogWorker (SegmentedRaftLogWorker.java:<init>(172)) - new 6e576732-ecfb-4248-9d86-5108c1c5cbaf@group-206A3C67ED79-SegmentedRaftLogWorker for RaftStorage:Storage Directory /workdir/hadoop-ozone/integration-test/target/test-dir/MiniOzoneClusterImpl-bd5938d5-a9f0-46e6-9cba-1e01c8d8b818/datanode-1/data/ratis/1936d380-f982-4153-a9b0-206a3c67ed79
2019-09-27 00:25:08,059 [pool-429-thread-1] INFO  server.RaftServerConfigKeys (ConfUtils.java:logGet(43)) - raft.server.log.statemachine.data.sync = true (default)
2019-09-27 00:25:08,059 [pool-409-thread-1] INFO  server.RaftServerConfigKeys (ConfUtils.java:logGet(43)) - raft.server.log.queue.element-limit = 1024 (custom)
2019-09-27 00:25:08,060 [pool-429-thread-1] INFO  server.RaftServerConfigKeys (ConfUtils.java:logGet(43)) - raft.server.log.statemachine.data.sync.timeout = 10s (default)
2019-09-27 00:25:08,060 [pool-429-thread-1] INFO  server.RaftServerConfigKeys (ConfUtils.java:logGet(43)) - raft.server.log.statemachine.data.sync.timeout.retry = -1 (default)
2019-09-27 00:25:08,060 [pool-419-thread-1] INFO  server.RaftServerConfigKeys (ConfUtils.java:logGet(43)) - raft.server.log.queue.byte-limit = 2147483647 (custom)
2019-09-27 00:25:08,060 [pool-429-thread-1] INFO  server.RaftServerConfigKeys (ConfUtils.java:logGet(43)) - raft.server.log.statemachine.data.caching.enabled = true (custom)
2019-09-27 00:25:08,060 [pool-409-thread-1] INFO  server.RaftServerConfigKeys (ConfUtils.java:logGet(43)) - raft.server.log.segment.size.max = 1048576 (custom)
2019-09-27 00:25:08,061 [pool-409-thread-1] INFO  server.RaftServerConfigKeys (ConfUtils.java:logGet(43)) - raft.server.log.preallocated.size = 16384 (custom)
2019-09-27 00:25:08,060 [pool-419-thread-1] INFO  server.RaftServerConfigKeys (ConfUtils.java:logGet(43)) - raft.server.log.queue.element-limit = 1024 (custom)
2019-09-27 00:25:08,061 [pool-409-thread-1] INFO  server.RaftServerConfigKeys (ConfUtils.java:logGet(43)) - raft.server.log.write.buffer.size = 33554432 (custom)
2019-09-27 00:25:08,061 [pool-429-thread-1] INFO  segmented.SegmentedRaftLogWorker (SegmentedRaftLogWorker.java:lambda$new$0(132)) - f77c7d1f-7fe6-48fc-9d3e-095734d688af@group-206A3C67ED79-SegmentedRaftLogWorker: flushIndex: setUnconditionally 0 -> -1
2019-09-27 00:25:08,061 [pool-409-thread-1] INFO  server.RaftServerConfigKeys (ConfUtils.java:logGet(43)) - raft.server.log.force.sync.num = 128 (default)
2019-09-27 00:25:08,061 [pool-429-thread-1] INFO  server.RaftServerConfigKeys (ConfUtils.java:logGet(43)) - raft.server.snapshot.auto.trigger.enabled = true (custom)
2019-09-27 00:25:08,061 [pool-419-thread-1] INFO  server.RaftServerConfigKeys (ConfUtils.java:logGet(43)) - raft.server.log.segment.size.max = 1048576 (custom)
2019-09-27 00:25:08,061 [pool-429-thread-1] INFO  server.RaftServerConfigKeys (ConfUtils.java:logGet(43)) - raft.server.snapshot.auto.trigger.threshold = 10000 (custom)
2019-09-27 00:25:08,061 [pool-409-thread-1] INFO  server.RaftServerConfigKeys (ConfUtils.java:logGet(43)) - raft.server.log.statemachine.data.sync = true (default)
2019-09-27 00:25:08,062 [pool-429-thread-1] INFO  server.RaftServerConfigKeys (ConfUtils.java:logGet(43)) - raft.server.snapshot.retention.num.files = 5 (custom)
2019-09-27 00:25:08,062 [pool-419-thread-1] INFO  server.RaftServerConfigKeys (ConfUtils.java:logGet(43)) - raft.server.log.preallocated.size = 16384 (custom)
2019-09-27 00:25:08,062 [pool-429-thread-1] INFO  server.RaftServerConfigKeys (ConfUtils.java:logGet(43)) - raft.server.retrycache.expirytime = 600000ms (custom)
2019-09-27 00:25:08,062 [pool-409-thread-1] INFO  server.RaftServerConfigKeys (ConfUtils.java:logGet(43)) - raft.server.log.statemachine.data.sync.timeout = 10s (default)
2019-09-27 00:25:08,062 [pool-419-thread-1] INFO  server.RaftServerConfigKeys (ConfUtils.java:logGet(43)) - raft.server.log.write.buffer.size = 33554432 (custom)
2019-09-27 00:25:08,063 [pool-409-thread-1] INFO  server.RaftServerConfigKeys (ConfUtils.java:logGet(43)) - raft.server.log.statemachine.data.sync.timeout.retry = -1 (default)
2019-09-27 00:25:08,063 [pool-419-thread-1] INFO  server.RaftServerConfigKeys (ConfUtils.java:logGet(43)) - raft.server.log.force.sync.num = 128 (default)
2019-09-27 00:25:08,063 [pool-409-thread-1] INFO  server.RaftServerConfigKeys (ConfUtils.java:logGet(43)) - raft.server.log.statemachine.data.caching.enabled = true (custom)
2019-09-27 00:25:08,063 [pool-419-thread-1] INFO  server.RaftServerConfigKeys (ConfUtils.java:logGet(43)) - raft.server.log.statemachine.data.sync = true (default)
2019-09-27 00:25:08,063 [pool-419-thread-1] INFO  server.RaftServerConfigKeys (ConfUtils.java:logGet(43)) - raft.server.log.statemachine.data.sync.timeout = 10s (default)
2019-09-27 00:25:08,063 [pool-409-thread-1] INFO  segmented.SegmentedRaftLogWorker (SegmentedRaftLogWorker.java:lambda$new$0(132)) - efab0370-fcb4-4e55-b091-fb0e2fabfa09@group-206A3C67ED79-SegmentedRaftLogWorker: flushIndex: setUnconditionally 0 -> -1
2019-09-27 00:25:08,064 [pool-419-thread-1] INFO  server.RaftServerConfigKeys (ConfUtils.java:logGet(43)) - raft.server.log.statemachine.data.sync.timeout.retry = -1 (default)
2019-09-27 00:25:08,064 [pool-429-thread-1] INFO  impl.RaftServerImpl (RaftServerImpl.java:start(185)) - f77c7d1f-7fe6-48fc-9d3e-095734d688af@group-206A3C67ED79: start as a follower, conf=-1: [f77c7d1f-7fe6-48fc-9d3e-095734d688af:192.168.30.42:38959, efab0370-fcb4-4e55-b091-fb0e2fabfa09:192.168.30.42:41143, 6e576732-ecfb-4248-9d86-5108c1c5cbaf:192.168.30.42:34225], old=null
2019-09-27 00:25:08,064 [pool-419-thread-1] INFO  server.RaftServerConfigKeys (ConfUtils.java:logGet(43)) - raft.server.log.statemachine.data.caching.enabled = true (custom)
2019-09-27 00:25:08,064 [pool-409-thread-1] INFO  server.RaftServerConfigKeys (ConfUtils.java:logGet(43)) - raft.server.snapshot.auto.trigger.enabled = true (custom)
2019-09-27 00:25:08,064 [pool-429-thread-1] INFO  impl.RaftServerImpl (RaftServerImpl.java:setRole(174)) - f77c7d1f-7fe6-48fc-9d3e-095734d688af@group-206A3C67ED79: changes role from      null to FOLLOWER at term 0 for startAsFollower
2019-09-27 00:25:08,064 [pool-409-thread-1] INFO  server.RaftServerConfigKeys (ConfUtils.java:logGet(43)) - raft.server.snapshot.auto.trigger.threshold = 10000 (custom)
2019-09-27 00:25:08,064 [pool-419-thread-1] INFO  segmented.SegmentedRaftLogWorker (SegmentedRaftLogWorker.java:lambda$new$0(132)) - 6e576732-ecfb-4248-9d86-5108c1c5cbaf@group-206A3C67ED79-SegmentedRaftLogWorker: flushIndex: setUnconditionally 0 -> -1
2019-09-27 00:25:08,065 [pool-409-thread-1] INFO  server.RaftServerConfigKeys (ConfUtils.java:logGet(43)) - raft.server.snapshot.retention.num.files = 5 (custom)
2019-09-27 00:25:08,065 [pool-429-thread-1] INFO  impl.RoleInfo (RoleInfo.java:updateAndGet(143)) - f77c7d1f-7fe6-48fc-9d3e-095734d688af: start FollowerState
2019-09-27 00:25:08,065 [pool-409-thread-1] INFO  server.RaftServerConfigKeys (ConfUtils.java:logGet(43)) - raft.server.retrycache.expirytime = 600000ms (custom)
2019-09-27 00:25:08,065 [pool-419-thread-1] INFO  server.RaftServerConfigKeys (ConfUtils.java:logGet(43)) - raft.server.snapshot.auto.trigger.enabled = true (custom)
2019-09-27 00:25:08,065 [pool-429-thread-1] INFO  util.JmxRegister (JmxRegister.java:tryRegister(44)) - Successfully registered JMX Bean with object name Ratis:service=RaftServer,group=group-206A3C67ED79,id=f77c7d1f-7fe6-48fc-9d3e-095734d688af
2019-09-27 00:25:08,065 [pool-419-thread-1] INFO  server.RaftServerConfigKeys (ConfUtils.java:logGet(43)) - raft.server.snapshot.auto.trigger.threshold = 10000 (custom)
2019-09-27 00:25:08,066 [pool-419-thread-1] INFO  server.RaftServerConfigKeys (ConfUtils.java:logGet(43)) - raft.server.snapshot.retention.num.files = 5 (custom)
2019-09-27 00:25:08,066 [pool-419-thread-1] INFO  server.RaftServerConfigKeys (ConfUtils.java:logGet(43)) - raft.server.retrycache.expirytime = 600000ms (custom)
2019-09-27 00:25:08,068 [pool-409-thread-1] INFO  impl.RaftServerImpl (RaftServerImpl.java:start(185)) - efab0370-fcb4-4e55-b091-fb0e2fabfa09@group-206A3C67ED79: start as a follower, conf=-1: [f77c7d1f-7fe6-48fc-9d3e-095734d688af:192.168.30.42:38959, efab0370-fcb4-4e55-b091-fb0e2fabfa09:192.168.30.42:41143, 6e576732-ecfb-4248-9d86-5108c1c5cbaf:192.168.30.42:34225], old=null
2019-09-27 00:25:08,068 [pool-409-thread-1] INFO  impl.RaftServerImpl (RaftServerImpl.java:setRole(174)) - efab0370-fcb4-4e55-b091-fb0e2fabfa09@group-206A3C67ED79: changes role from      null to FOLLOWER at term 0 for startAsFollower
2019-09-27 00:25:08,068 [pool-409-thread-1] INFO  impl.RoleInfo (RoleInfo.java:updateAndGet(143)) - efab0370-fcb4-4e55-b091-fb0e2fabfa09: start FollowerState
2019-09-27 00:25:08,068 [pool-409-thread-1] INFO  util.JmxRegister (JmxRegister.java:tryRegister(44)) - Successfully registered JMX Bean with object name Ratis:service=RaftServer,group=group-206A3C67ED79,id=efab0370-fcb4-4e55-b091-fb0e2fabfa09
2019-09-27 00:25:08,069 [pool-419-thread-1] INFO  impl.RaftServerImpl (RaftServerImpl.java:start(185)) - 6e576732-ecfb-4248-9d86-5108c1c5cbaf@group-206A3C67ED79: start as a follower, conf=-1: [f77c7d1f-7fe6-48fc-9d3e-095734d688af:192.168.30.42:38959, efab0370-fcb4-4e55-b091-fb0e2fabfa09:192.168.30.42:41143, 6e576732-ecfb-4248-9d86-5108c1c5cbaf:192.168.30.42:34225], old=null
2019-09-27 00:25:08,069 [pool-419-thread-1] INFO  impl.RaftServerImpl (RaftServerImpl.java:setRole(174)) - 6e576732-ecfb-4248-9d86-5108c1c5cbaf@group-206A3C67ED79: changes role from      null to FOLLOWER at term 0 for startAsFollower
2019-09-27 00:25:08,069 [pool-419-thread-1] INFO  impl.RoleInfo (RoleInfo.java:updateAndGet(143)) - 6e576732-ecfb-4248-9d86-5108c1c5cbaf: start FollowerState
2019-09-27 00:25:08,070 [pool-419-thread-1] INFO  util.JmxRegister (JmxRegister.java:tryRegister(44)) - Successfully registered JMX Bean with object name Ratis:service=RaftServer,group=group-206A3C67ED79,id=6e576732-ecfb-4248-9d86-5108c1c5cbaf
2019-09-27 00:25:08,072 [RatisPipelineUtilsThread] INFO  pipeline.PipelineStateManager (PipelineStateManager.java:addPipeline(56)) - Created pipeline Pipeline[ Id: 1936d380-f982-4153-a9b0-206a3c67ed79, Nodes: 6e576732-ecfb-4248-9d86-5108c1c5cbaf{ip: 192.168.30.42, host: pr-hdds-2193-7pp9x-2361853758, networkLocation: /default-rack, certSerialId: null}efab0370-fcb4-4e55-b091-fb0e2fabfa09{ip: 192.168.30.42, host: pr-hdds-2193-7pp9x-2361853758, networkLocation: /default-rack, certSerialId: null}f77c7d1f-7fe6-48fc-9d3e-095734d688af{ip: 192.168.30.42, host: pr-hdds-2193-7pp9x-2361853758, networkLocation: /default-rack, certSerialId: null}, Type:RATIS, Factor:THREE, State:OPEN]
2019-09-27 00:25:08,078 [IPC Server handler 0 on 45370] INFO  net.NetworkTopology (NetworkTopologyImpl.java:add(111)) - Added a new node: /default-rack/3e2aa5f0-b552-4edc-b72c-2b543357819f
2019-09-27 00:25:08,078 [IPC Server handler 0 on 45370] INFO  node.SCMNodeManager (SCMNodeManager.java:register(266)) - Registered Data node : 3e2aa5f0-b552-4edc-b72c-2b543357819f{ip: 192.168.30.42, host: pr-hdds-2193-7pp9x-2361853758, networkLocation: /default-rack, certSerialId: null}
2019-09-27 00:25:08,084 [grpc-default-executor-13] INFO  impl.RaftServerProxy (RaftServerProxy.java:addNew(89)) - 3e2aa5f0-b552-4edc-b72c-2b543357819f: addNew group-1C1A07A6ACEE:[3e2aa5f0-b552-4edc-b72c-2b543357819f:192.168.30.42:42597] returns group-1C1A07A6ACEE:java.util.concurrent.CompletableFuture@3ac60d8f[Not completed]
2019-09-27 00:25:08,088 [pool-449-thread-1] INFO  impl.RaftServerImpl (RaftServerImpl.java:<init>(95)) - 3e2aa5f0-b552-4edc-b72c-2b543357819f: new RaftServerImpl for group-1C1A07A6ACEE:[3e2aa5f0-b552-4edc-b72c-2b543357819f:192.168.30.42:42597] with ContainerStateMachine:uninitialized
2019-09-27 00:25:08,088 [pool-449-thread-1] INFO  server.RaftServerConfigKeys (ConfUtils.java:logGet(43)) - raft.server.rpc.timeout.min = 5s (custom)
2019-09-27 00:25:08,088 [pool-449-thread-1] INFO  server.RaftServerConfigKeys (ConfUtils.java:logGet(43)) - raft.server.rpc.timeout.max = 5200ms (custom)
2019-09-27 00:25:08,088 [pool-449-thread-1] INFO  server.RaftServerConfigKeys (ConfUtils.java:logGet(43)) - raft.server.rpcslowness.timeout = 120s (custom)
2019-09-27 00:25:08,088 [pool-449-thread-1] INFO  server.RaftServerConfigKeys (ConfUtils.java:logGet(43)) - raft.server.sleep.deviation.threshold = 300 (default)
2019-09-27 00:25:08,088 [pool-449-thread-1] INFO  server.RaftServerConfigKeys (ConfUtils.java:logGet(43)) - raft.server.log.appender.install.snapshot.enabled = false (custom)
2019-09-27 00:25:08,088 [pool-449-thread-1] INFO  impl.RaftServerImpl (ServerState.java:<init>(103)) - 3e2aa5f0-b552-4edc-b72c-2b543357819f@group-1C1A07A6ACEE: ConfigurationManager, init=-1: [3e2aa5f0-b552-4edc-b72c-2b543357819f:192.168.30.42:42597], old=null, confs=<EMPTY_MAP>
2019-09-27 00:25:08,089 [pool-449-thread-1] INFO  server.RaftServerConfigKeys (ConfUtils.java:logGet(43)) - raft.server.storage.dir = [/workdir/hadoop-ozone/integration-test/target/test-dir/MiniOzoneClusterImpl-bd5938d5-a9f0-46e6-9cba-1e01c8d8b818/datanode-4/data/ratis] (custom)
2019-09-27 00:25:08,089 [pool-449-thread-1] INFO  storage.RaftStorageDirectory (RaftStorageDirectory.java:analyzeStorage(246)) - The storage directory /workdir/hadoop-ozone/integration-test/target/test-dir/MiniOzoneClusterImpl-bd5938d5-a9f0-46e6-9cba-1e01c8d8b818/datanode-4/data/ratis/6d544ada-74bb-4674-a5df-1c1a07a6acee does not exist. Creating ...
2019-09-27 00:25:08,101 [pool-449-thread-1] INFO  storage.RaftStorageDirectory (RaftStorageDirectory.java:tryLock(328)) - Lock on /workdir/hadoop-ozone/integration-test/target/test-dir/MiniOzoneClusterImpl-bd5938d5-a9f0-46e6-9cba-1e01c8d8b818/datanode-4/data/ratis/6d544ada-74bb-4674-a5df-1c1a07a6acee/in_use.lock acquired by nodename 24775@pr-hdds-2193-7pp9x-2361853758
2019-09-27 00:25:08,127 [pool-449-thread-1] INFO  storage.RaftStorage (RaftStorage.java:format(72)) - Storage directory /workdir/hadoop-ozone/integration-test/target/test-dir/MiniOzoneClusterImpl-bd5938d5-a9f0-46e6-9cba-1e01c8d8b818/datanode-4/data/ratis/6d544ada-74bb-4674-a5df-1c1a07a6acee has been successfully formatted.
2019-09-27 00:25:08,127 [pool-449-thread-1] INFO  ratis.ContainerStateMachine (ContainerStateMachine.java:loadSnapshot(230)) - group-1C1A07A6ACEE: The snapshot info is null. Setting the last applied indexto:(t:0, i:~)
2019-09-27 00:25:08,127 [pool-449-thread-1] INFO  server.RaftServerConfigKeys (ConfUtils.java:logGet(43)) - raft.server.notification.no-leader.timeout = 120s (custom)
2019-09-27 00:25:08,127 [pool-449-thread-1] INFO  server.RaftServerConfigKeys (ConfUtils.java:logGet(43)) - raft.server.log.use.memory = false (default)
2019-09-27 00:25:08,127 [pool-449-thread-1] INFO  server.RaftServerConfigKeys (ConfUtils.java:logGet(43)) - raft.server.log.purge.gap = 1000000 (custom)
2019-09-27 00:25:08,128 [pool-449-thread-1] INFO  server.RaftServerConfigKeys (ConfUtils.java:logGet(43)) - raft.server.log.appender.buffer.byte-limit = 33554432 (custom)
2019-09-27 00:25:08,128 [pool-449-thread-1] INFO  server.RaftServerConfigKeys (ConfUtils.java:logGet(43)) - raft.server.log.segment.size.max = 1048576 (custom)
2019-09-27 00:25:08,128 [pool-449-thread-1] INFO  server.RaftServerConfigKeys (ConfUtils.java:logGet(43)) - raft.server.log.segment.cache.num.max = 2 (custom)
2019-09-27 00:25:08,128 [pool-449-thread-1] INFO  segmented.SegmentedRaftLogWorker (SegmentedRaftLogWorker.java:<init>(172)) - new 3e2aa5f0-b552-4edc-b72c-2b543357819f@group-1C1A07A6ACEE-SegmentedRaftLogWorker for RaftStorage:Storage Directory /workdir/hadoop-ozone/integration-test/target/test-dir/MiniOzoneClusterImpl-bd5938d5-a9f0-46e6-9cba-1e01c8d8b818/datanode-4/data/ratis/6d544ada-74bb-4674-a5df-1c1a07a6acee
2019-09-27 00:25:08,130 [pool-449-thread-1] INFO  server.RaftServerConfigKeys (ConfUtils.java:logGet(43)) - raft.server.log.queue.byte-limit = 2147483647 (custom)
2019-09-27 00:25:08,130 [pool-449-thread-1] INFO  server.RaftServerConfigKeys (ConfUtils.java:logGet(43)) - raft.server.log.queue.element-limit = 1024 (custom)
2019-09-27 00:25:08,130 [pool-449-thread-1] INFO  server.RaftServerConfigKeys (ConfUtils.java:logGet(43)) - raft.server.log.segment.size.max = 1048576 (custom)
2019-09-27 00:25:08,130 [pool-449-thread-1] INFO  server.RaftServerConfigKeys (ConfUtils.java:logGet(43)) - raft.server.log.preallocated.size = 16384 (custom)
2019-09-27 00:25:08,130 [pool-449-thread-1] INFO  server.RaftServerConfigKeys (ConfUtils.java:logGet(43)) - raft.server.log.write.buffer.size = 33554432 (custom)
2019-09-27 00:25:08,130 [pool-449-thread-1] INFO  server.RaftServerConfigKeys (ConfUtils.java:logGet(43)) - raft.server.log.force.sync.num = 128 (default)
2019-09-27 00:25:08,130 [pool-449-thread-1] INFO  server.RaftServerConfigKeys (ConfUtils.java:logGet(43)) - raft.server.log.statemachine.data.sync = true (default)
2019-09-27 00:25:08,130 [pool-449-thread-1] INFO  server.RaftServerConfigKeys (ConfUtils.java:logGet(43)) - raft.server.log.statemachine.data.sync.timeout = 10s (default)
2019-09-27 00:25:08,131 [pool-449-thread-1] INFO  server.RaftServerConfigKeys (ConfUtils.java:logGet(43)) - raft.server.log.statemachine.data.sync.timeout.retry = -1 (default)
2019-09-27 00:25:08,131 [pool-449-thread-1] INFO  server.RaftServerConfigKeys (ConfUtils.java:logGet(43)) - raft.server.log.statemachine.data.caching.enabled = true (custom)
2019-09-27 00:25:08,131 [pool-449-thread-1] INFO  segmented.SegmentedRaftLogWorker (SegmentedRaftLogWorker.java:lambda$new$0(132)) - 3e2aa5f0-b552-4edc-b72c-2b543357819f@group-1C1A07A6ACEE-SegmentedRaftLogWorker: flushIndex: setUnconditionally 0 -> -1
2019-09-27 00:25:08,131 [pool-449-thread-1] INFO  server.RaftServerConfigKeys (ConfUtils.java:logGet(43)) - raft.server.snapshot.auto.trigger.enabled = true (custom)
2019-09-27 00:25:08,131 [pool-449-thread-1] INFO  server.RaftServerConfigKeys (ConfUtils.java:logGet(43)) - raft.server.snapshot.auto.trigger.threshold = 10000 (custom)
2019-09-27 00:25:08,131 [pool-449-thread-1] INFO  server.RaftServerConfigKeys (ConfUtils.java:logGet(43)) - raft.server.snapshot.retention.num.files = 5 (custom)
2019-09-27 00:25:08,132 [pool-449-thread-1] INFO  server.RaftServerConfigKeys (ConfUtils.java:logGet(43)) - raft.server.retrycache.expirytime = 600000ms (custom)
2019-09-27 00:25:08,133 [pool-449-thread-1] INFO  impl.RaftServerImpl (RaftServerImpl.java:start(185)) - 3e2aa5f0-b552-4edc-b72c-2b543357819f@group-1C1A07A6ACEE: start as a follower, conf=-1: [3e2aa5f0-b552-4edc-b72c-2b543357819f:192.168.30.42:42597], old=null
2019-09-27 00:25:08,133 [pool-449-thread-1] INFO  impl.RaftServerImpl (RaftServerImpl.java:setRole(174)) - 3e2aa5f0-b552-4edc-b72c-2b543357819f@group-1C1A07A6ACEE: changes role from      null to FOLLOWER at term 0 for startAsFollower
2019-09-27 00:25:08,133 [pool-449-thread-1] INFO  impl.RoleInfo (RoleInfo.java:updateAndGet(143)) - 3e2aa5f0-b552-4edc-b72c-2b543357819f: start FollowerState
2019-09-27 00:25:08,143 [pool-449-thread-1] INFO  util.JmxRegister (JmxRegister.java:tryRegister(44)) - Successfully registered JMX Bean with object name Ratis:service=RaftServer,group=group-1C1A07A6ACEE,id=3e2aa5f0-b552-4edc-b72c-2b543357819f
2019-09-27 00:25:08,150 [IPC Server handler 2 on 45370] INFO  net.NetworkTopology (NetworkTopologyImpl.java:add(111)) - Added a new node: /default-rack/6254dac1-e2e4-4054-9496-1a085350dbc0
2019-09-27 00:25:08,151 [IPC Server handler 2 on 45370] INFO  node.SCMNodeManager (SCMNodeManager.java:register(266)) - Registered Data node : 6254dac1-e2e4-4054-9496-1a085350dbc0{ip: 192.168.30.42, host: pr-hdds-2193-7pp9x-2361853758, networkLocation: /default-rack, certSerialId: null}
2019-09-27 00:25:08,152 [RatisPipelineUtilsThread] INFO  pipeline.PipelineStateManager (PipelineStateManager.java:addPipeline(56)) - Created pipeline Pipeline[ Id: 6d544ada-74bb-4674-a5df-1c1a07a6acee, Nodes: 3e2aa5f0-b552-4edc-b72c-2b543357819f{ip: 192.168.30.42, host: pr-hdds-2193-7pp9x-2361853758, networkLocation: /default-rack, certSerialId: null}, Type:RATIS, Factor:ONE, State:OPEN]
2019-09-27 00:25:08,157 [grpc-default-executor-13] INFO  impl.RaftServerProxy (RaftServerProxy.java:addNew(89)) - 9506ffde-d80f-4d1d-a7e4-1ae5324a65d9: addNew group-F6299DBEE69A:[9506ffde-d80f-4d1d-a7e4-1ae5324a65d9:192.168.30.42:45115] returns group-F6299DBEE69A:java.util.concurrent.CompletableFuture@7d9e2491[Not completed]
2019-09-27 00:25:08,159 [pool-439-thread-1] INFO  impl.RaftServerImpl (RaftServerImpl.java:<init>(95)) - 9506ffde-d80f-4d1d-a7e4-1ae5324a65d9: new RaftServerImpl for group-F6299DBEE69A:[9506ffde-d80f-4d1d-a7e4-1ae5324a65d9:192.168.30.42:45115] with ContainerStateMachine:uninitialized
2019-09-27 00:25:08,159 [pool-439-thread-1] INFO  server.RaftServerConfigKeys (ConfUtils.java:logGet(43)) - raft.server.rpc.timeout.min = 5s (custom)
2019-09-27 00:25:08,159 [pool-439-thread-1] INFO  server.RaftServerConfigKeys (ConfUtils.java:logGet(43)) - raft.server.rpc.timeout.max = 5200ms (custom)
2019-09-27 00:25:08,159 [pool-439-thread-1] INFO  server.RaftServerConfigKeys (ConfUtils.java:logGet(43)) - raft.server.rpcslowness.timeout = 120s (custom)
2019-09-27 00:25:08,159 [pool-439-thread-1] INFO  server.RaftServerConfigKeys (ConfUtils.java:logGet(43)) - raft.server.sleep.deviation.threshold = 300 (default)
2019-09-27 00:25:08,159 [pool-439-thread-1] INFO  server.RaftServerConfigKeys (ConfUtils.java:logGet(43)) - raft.server.log.appender.install.snapshot.enabled = false (custom)
2019-09-27 00:25:08,159 [pool-439-thread-1] INFO  impl.RaftServerImpl (ServerState.java:<init>(103)) - 9506ffde-d80f-4d1d-a7e4-1ae5324a65d9@group-F6299DBEE69A: ConfigurationManager, init=-1: [9506ffde-d80f-4d1d-a7e4-1ae5324a65d9:192.168.30.42:45115], old=null, confs=<EMPTY_MAP>
2019-09-27 00:25:08,159 [pool-439-thread-1] INFO  server.RaftServerConfigKeys (ConfUtils.java:logGet(43)) - raft.server.storage.dir = [/workdir/hadoop-ozone/integration-test/target/test-dir/MiniOzoneClusterImpl-bd5938d5-a9f0-46e6-9cba-1e01c8d8b818/datanode-3/data/ratis] (custom)
2019-09-27 00:25:08,160 [pool-439-thread-1] INFO  storage.RaftStorageDirectory (RaftStorageDirectory.java:analyzeStorage(246)) - The storage directory /workdir/hadoop-ozone/integration-test/target/test-dir/MiniOzoneClusterImpl-bd5938d5-a9f0-46e6-9cba-1e01c8d8b818/datanode-3/data/ratis/29aee704-dc9e-4cbf-a2a1-f6299dbee69a does not exist. Creating ...
2019-09-27 00:25:08,172 [pool-439-thread-1] INFO  storage.RaftStorageDirectory (RaftStorageDirectory.java:tryLock(328)) - Lock on /workdir/hadoop-ozone/integration-test/target/test-dir/MiniOzoneClusterImpl-bd5938d5-a9f0-46e6-9cba-1e01c8d8b818/datanode-3/data/ratis/29aee704-dc9e-4cbf-a2a1-f6299dbee69a/in_use.lock acquired by nodename 24775@pr-hdds-2193-7pp9x-2361853758
2019-09-27 00:25:08,185 [pool-439-thread-1] INFO  storage.RaftStorage (RaftStorage.java:format(72)) - Storage directory /workdir/hadoop-ozone/integration-test/target/test-dir/MiniOzoneClusterImpl-bd5938d5-a9f0-46e6-9cba-1e01c8d8b818/datanode-3/data/ratis/29aee704-dc9e-4cbf-a2a1-f6299dbee69a has been successfully formatted.
2019-09-27 00:25:08,185 [pool-439-thread-1] INFO  ratis.ContainerStateMachine (ContainerStateMachine.java:loadSnapshot(230)) - group-F6299DBEE69A: The snapshot info is null. Setting the last applied indexto:(t:0, i:~)
2019-09-27 00:25:08,185 [pool-439-thread-1] INFO  server.RaftServerConfigKeys (ConfUtils.java:logGet(43)) - raft.server.notification.no-leader.timeout = 120s (custom)
2019-09-27 00:25:08,185 [pool-439-thread-1] INFO  server.RaftServerConfigKeys (ConfUtils.java:logGet(43)) - raft.server.log.use.memory = false (default)
2019-09-27 00:25:08,186 [pool-439-thread-1] INFO  server.RaftServerConfigKeys (ConfUtils.java:logGet(43)) - raft.server.log.purge.gap = 1000000 (custom)
2019-09-27 00:25:08,186 [pool-439-thread-1] INFO  server.RaftServerConfigKeys (ConfUtils.java:logGet(43)) - raft.server.log.appender.buffer.byte-limit = 33554432 (custom)
2019-09-27 00:25:08,186 [pool-439-thread-1] INFO  server.RaftServerConfigKeys (ConfUtils.java:logGet(43)) - raft.server.log.segment.size.max = 1048576 (custom)
2019-09-27 00:25:08,186 [pool-439-thread-1] INFO  server.RaftServerConfigKeys (ConfUtils.java:logGet(43)) - raft.server.log.segment.cache.num.max = 2 (custom)
2019-09-27 00:25:08,186 [pool-439-thread-1] INFO  segmented.SegmentedRaftLogWorker (SegmentedRaftLogWorker.java:<init>(172)) - new 9506ffde-d80f-4d1d-a7e4-1ae5324a65d9@group-F6299DBEE69A-SegmentedRaftLogWorker for RaftStorage:Storage Directory /workdir/hadoop-ozone/integration-test/target/test-dir/MiniOzoneClusterImpl-bd5938d5-a9f0-46e6-9cba-1e01c8d8b818/datanode-3/data/ratis/29aee704-dc9e-4cbf-a2a1-f6299dbee69a
2019-09-27 00:25:08,187 [pool-439-thread-1] INFO  server.RaftServerConfigKeys (ConfUtils.java:logGet(43)) - raft.server.log.queue.byte-limit = 2147483647 (custom)
2019-09-27 00:25:08,187 [pool-439-thread-1] INFO  server.RaftServerConfigKeys (ConfUtils.java:logGet(43)) - raft.server.log.queue.element-limit = 1024 (custom)
2019-09-27 00:25:08,188 [pool-439-thread-1] INFO  server.RaftServerConfigKeys (ConfUtils.java:logGet(43)) - raft.server.log.segment.size.max = 1048576 (custom)
2019-09-27 00:25:08,188 [pool-439-thread-1] INFO  server.RaftServerConfigKeys (ConfUtils.java:logGet(43)) - raft.server.log.preallocated.size = 16384 (custom)
2019-09-27 00:25:08,188 [pool-439-thread-1] INFO  server.RaftServerConfigKeys (ConfUtils.java:logGet(43)) - raft.server.log.write.buffer.size = 33554432 (custom)
2019-09-27 00:25:08,188 [pool-439-thread-1] INFO  server.RaftServerConfigKeys (ConfUtils.java:logGet(43)) - raft.server.log.force.sync.num = 128 (default)
2019-09-27 00:25:08,188 [pool-439-thread-1] INFO  server.RaftServerConfigKeys (ConfUtils.java:logGet(43)) - raft.server.log.statemachine.data.sync = true (default)
2019-09-27 00:25:08,188 [pool-439-thread-1] INFO  server.RaftServerConfigKeys (ConfUtils.java:logGet(43)) - raft.server.log.statemachine.data.sync.timeout = 10s (default)
2019-09-27 00:25:08,188 [pool-439-thread-1] INFO  server.RaftServerConfigKeys (ConfUtils.java:logGet(43)) - raft.server.log.statemachine.data.sync.timeout.retry = -1 (default)
2019-09-27 00:25:08,188 [pool-439-thread-1] INFO  server.RaftServerConfigKeys (ConfUtils.java:logGet(43)) - raft.server.log.statemachine.data.caching.enabled = true (custom)
2019-09-27 00:25:08,189 [pool-439-thread-1] INFO  segmented.SegmentedRaftLogWorker (SegmentedRaftLogWorker.java:lambda$new$0(132)) - 9506ffde-d80f-4d1d-a7e4-1ae5324a65d9@group-F6299DBEE69A-SegmentedRaftLogWorker: flushIndex: setUnconditionally 0 -> -1
2019-09-27 00:25:08,189 [pool-439-thread-1] INFO  server.RaftServerConfigKeys (ConfUtils.java:logGet(43)) - raft.server.snapshot.auto.trigger.enabled = true (custom)
2019-09-27 00:25:08,189 [pool-439-thread-1] INFO  server.RaftServerConfigKeys (ConfUtils.java:logGet(43)) - raft.server.snapshot.auto.trigger.threshold = 10000 (custom)
2019-09-27 00:25:08,189 [pool-439-thread-1] INFO  server.RaftServerConfigKeys (ConfUtils.java:logGet(43)) - raft.server.snapshot.retention.num.files = 5 (custom)
2019-09-27 00:25:08,189 [pool-439-thread-1] INFO  server.RaftServerConfigKeys (ConfUtils.java:logGet(43)) - raft.server.retrycache.expirytime = 600000ms (custom)
2019-09-27 00:25:08,191 [pool-439-thread-1] INFO  impl.RaftServerImpl (RaftServerImpl.java:start(185)) - 9506ffde-d80f-4d1d-a7e4-1ae5324a65d9@group-F6299DBEE69A: start as a follower, conf=-1: [9506ffde-d80f-4d1d-a7e4-1ae5324a65d9:192.168.30.42:45115], old=null
2019-09-27 00:25:08,191 [pool-439-thread-1] INFO  impl.RaftServerImpl (RaftServerImpl.java:setRole(174)) - 9506ffde-d80f-4d1d-a7e4-1ae5324a65d9@group-F6299DBEE69A: changes role from      null to FOLLOWER at term 0 for startAsFollower
2019-09-27 00:25:08,191 [pool-439-thread-1] INFO  impl.RoleInfo (RoleInfo.java:updateAndGet(143)) - 9506ffde-d80f-4d1d-a7e4-1ae5324a65d9: start FollowerState
2019-09-27 00:25:08,191 [pool-439-thread-1] INFO  util.JmxRegister (JmxRegister.java:tryRegister(44)) - Successfully registered JMX Bean with object name Ratis:service=RaftServer,group=group-F6299DBEE69A,id=9506ffde-d80f-4d1d-a7e4-1ae5324a65d9
2019-09-27 00:25:08,193 [RatisPipelineUtilsThread] INFO  pipeline.PipelineStateManager (PipelineStateManager.java:addPipeline(56)) - Created pipeline Pipeline[ Id: 29aee704-dc9e-4cbf-a2a1-f6299dbee69a, Nodes: 9506ffde-d80f-4d1d-a7e4-1ae5324a65d9{ip: 192.168.30.42, host: pr-hdds-2193-7pp9x-2361853758, networkLocation: /default-rack, certSerialId: null}, Type:RATIS, Factor:ONE, State:OPEN]
2019-09-27 00:25:08,200 [grpc-default-executor-13] INFO  impl.RaftServerProxy (RaftServerProxy.java:addNew(89)) - 6254dac1-e2e4-4054-9496-1a085350dbc0: addNew group-5E8B427D6FD8:[6254dac1-e2e4-4054-9496-1a085350dbc0:192.168.30.42:41609] returns group-5E8B427D6FD8:java.util.concurrent.CompletableFuture@1be7e54[Not completed]
2019-09-27 00:25:08,201 [pool-459-thread-1] INFO  impl.RaftServerImpl (RaftServerImpl.java:<init>(95)) - 6254dac1-e2e4-4054-9496-1a085350dbc0: new RaftServerImpl for group-5E8B427D6FD8:[6254dac1-e2e4-4054-9496-1a085350dbc0:192.168.30.42:41609] with ContainerStateMachine:uninitialized
2019-09-27 00:25:08,201 [pool-459-thread-1] INFO  server.RaftServerConfigKeys (ConfUtils.java:logGet(43)) - raft.server.rpc.timeout.min = 5s (custom)
2019-09-27 00:25:08,201 [pool-459-thread-1] INFO  server.RaftServerConfigKeys (ConfUtils.java:logGet(43)) - raft.server.rpc.timeout.max = 5200ms (custom)
2019-09-27 00:25:08,201 [pool-459-thread-1] INFO  server.RaftServerConfigKeys (ConfUtils.java:logGet(43)) - raft.server.rpcslowness.timeout = 120s (custom)
2019-09-27 00:25:08,201 [pool-459-thread-1] INFO  server.RaftServerConfigKeys (ConfUtils.java:logGet(43)) - raft.server.sleep.deviation.threshold = 300 (default)
2019-09-27 00:25:08,201 [pool-459-thread-1] INFO  server.RaftServerConfigKeys (ConfUtils.java:logGet(43)) - raft.server.log.appender.install.snapshot.enabled = false (custom)
2019-09-27 00:25:08,201 [pool-459-thread-1] INFO  impl.RaftServerImpl (ServerState.java:<init>(103)) - 6254dac1-e2e4-4054-9496-1a085350dbc0@group-5E8B427D6FD8: ConfigurationManager, init=-1: [6254dac1-e2e4-4054-9496-1a085350dbc0:192.168.30.42:41609], old=null, confs=<EMPTY_MAP>
2019-09-27 00:25:08,201 [pool-459-thread-1] INFO  server.RaftServerConfigKeys (ConfUtils.java:logGet(43)) - raft.server.storage.dir = [/workdir/hadoop-ozone/integration-test/target/test-dir/MiniOzoneClusterImpl-bd5938d5-a9f0-46e6-9cba-1e01c8d8b818/datanode-5/data/ratis] (custom)
2019-09-27 00:25:08,202 [pool-459-thread-1] INFO  storage.RaftStorageDirectory (RaftStorageDirectory.java:analyzeStorage(246)) - The storage directory /workdir/hadoop-ozone/integration-test/target/test-dir/MiniOzoneClusterImpl-bd5938d5-a9f0-46e6-9cba-1e01c8d8b818/datanode-5/data/ratis/a7dc47e0-75f4-4bd6-8717-5e8b427d6fd8 does not exist. Creating ...
2019-09-27 00:25:08,208 [IPC Server handler 4 on 45370] INFO  net.NetworkTopology (NetworkTopologyImpl.java:add(111)) - Added a new node: /default-rack/6f806a58-f02f-44e5-897d-0d307551e447
2019-09-27 00:25:08,208 [IPC Server handler 4 on 45370] INFO  node.SCMNodeManager (SCMNodeManager.java:register(266)) - Registered Data node : 6f806a58-f02f-44e5-897d-0d307551e447{ip: 192.168.30.42, host: pr-hdds-2193-7pp9x-2361853758, networkLocation: /default-rack, certSerialId: null}
2019-09-27 00:25:08,209 [main] INFO  ozone.MiniOzoneClusterImpl (MiniOzoneClusterImpl.java:lambda$waitForClusterToBeReady$0(147)) - Cluster is ready. Got 7 of 7 DN Heartbeats.
2019-09-27 00:25:08,214 [pool-459-thread-1] INFO  storage.RaftStorageDirectory (RaftStorageDirectory.java:tryLock(328)) - Lock on /workdir/hadoop-ozone/integration-test/target/test-dir/MiniOzoneClusterImpl-bd5938d5-a9f0-46e6-9cba-1e01c8d8b818/datanode-5/data/ratis/a7dc47e0-75f4-4bd6-8717-5e8b427d6fd8/in_use.lock acquired by nodename 24775@pr-hdds-2193-7pp9x-2361853758
2019-09-27 00:25:08,231 [pool-459-thread-1] INFO  storage.RaftStorage (RaftStorage.java:format(72)) - Storage directory /workdir/hadoop-ozone/integration-test/target/test-dir/MiniOzoneClusterImpl-bd5938d5-a9f0-46e6-9cba-1e01c8d8b818/datanode-5/data/ratis/a7dc47e0-75f4-4bd6-8717-5e8b427d6fd8 has been successfully formatted.
2019-09-27 00:25:08,231 [pool-459-thread-1] INFO  ratis.ContainerStateMachine (ContainerStateMachine.java:loadSnapshot(230)) - group-5E8B427D6FD8: The snapshot info is null. Setting the last applied indexto:(t:0, i:~)
2019-09-27 00:25:08,231 [pool-459-thread-1] INFO  server.RaftServerConfigKeys (ConfUtils.java:logGet(43)) - raft.server.notification.no-leader.timeout = 120s (custom)
2019-09-27 00:25:08,231 [pool-459-thread-1] INFO  server.RaftServerConfigKeys (ConfUtils.java:logGet(43)) - raft.server.log.use.memory = false (default)
2019-09-27 00:25:08,232 [pool-459-thread-1] INFO  server.RaftServerConfigKeys (ConfUtils.java:logGet(43)) - raft.server.log.purge.gap = 1000000 (custom)
2019-09-27 00:25:08,232 [pool-459-thread-1] INFO  server.RaftServerConfigKeys (ConfUtils.java:logGet(43)) - raft.server.log.appender.buffer.byte-limit = 33554432 (custom)
2019-09-27 00:25:08,232 [pool-459-thread-1] INFO  server.RaftServerConfigKeys (ConfUtils.java:logGet(43)) - raft.server.log.segment.size.max = 1048576 (custom)
2019-09-27 00:25:08,232 [pool-459-thread-1] INFO  server.RaftServerConfigKeys (ConfUtils.java:logGet(43)) - raft.server.log.segment.cache.num.max = 2 (custom)
2019-09-27 00:25:08,232 [pool-459-thread-1] INFO  segmented.SegmentedRaftLogWorker (SegmentedRaftLogWorker.java:<init>(172)) - new 6254dac1-e2e4-4054-9496-1a085350dbc0@group-5E8B427D6FD8-SegmentedRaftLogWorker for RaftStorage:Storage Directory /workdir/hadoop-ozone/integration-test/target/test-dir/MiniOzoneClusterImpl-bd5938d5-a9f0-46e6-9cba-1e01c8d8b818/datanode-5/data/ratis/a7dc47e0-75f4-4bd6-8717-5e8b427d6fd8
2019-09-27 00:25:08,234 [pool-459-thread-1] INFO  server.RaftServerConfigKeys (ConfUtils.java:logGet(43)) - raft.server.log.queue.byte-limit = 2147483647 (custom)
2019-09-27 00:25:08,234 [pool-459-thread-1] INFO  server.RaftServerConfigKeys (ConfUtils.java:logGet(43)) - raft.server.log.queue.element-limit = 1024 (custom)
2019-09-27 00:25:08,234 [pool-459-thread-1] INFO  server.RaftServerConfigKeys (ConfUtils.java:logGet(43)) - raft.server.log.segment.size.max = 1048576 (custom)
2019-09-27 00:25:08,234 [pool-459-thread-1] INFO  server.RaftServerConfigKeys (ConfUtils.java:logGet(43)) - raft.server.log.preallocated.size = 16384 (custom)
2019-09-27 00:25:08,234 [pool-459-thread-1] INFO  server.RaftServerConfigKeys (ConfUtils.java:logGet(43)) - raft.server.log.write.buffer.size = 33554432 (custom)
2019-09-27 00:25:08,234 [pool-459-thread-1] INFO  server.RaftServerConfigKeys (ConfUtils.java:logGet(43)) - raft.server.log.force.sync.num = 128 (default)
2019-09-27 00:25:08,234 [pool-459-thread-1] INFO  server.RaftServerConfigKeys (ConfUtils.java:logGet(43)) - raft.server.log.statemachine.data.sync = true (default)
2019-09-27 00:25:08,235 [pool-459-thread-1] INFO  server.RaftServerConfigKeys (ConfUtils.java:logGet(43)) - raft.server.log.statemachine.data.sync.timeout = 10s (default)
2019-09-27 00:25:08,235 [pool-459-thread-1] INFO  server.RaftServerConfigKeys (ConfUtils.java:logGet(43)) - raft.server.log.statemachine.data.sync.timeout.retry = -1 (default)
2019-09-27 00:25:08,235 [pool-459-thread-1] INFO  server.RaftServerConfigKeys (ConfUtils.java:logGet(43)) - raft.server.log.statemachine.data.caching.enabled = true (custom)
2019-09-27 00:25:08,235 [pool-459-thread-1] INFO  segmented.SegmentedRaftLogWorker (SegmentedRaftLogWorker.java:lambda$new$0(132)) - 6254dac1-e2e4-4054-9496-1a085350dbc0@group-5E8B427D6FD8-SegmentedRaftLogWorker: flushIndex: setUnconditionally 0 -> -1
2019-09-27 00:25:08,237 [pool-459-thread-1] INFO  server.RaftServerConfigKeys (ConfUtils.java:logGet(43)) - raft.server.snapshot.auto.trigger.enabled = true (custom)
2019-09-27 00:25:08,237 [pool-459-thread-1] INFO  server.RaftServerConfigKeys (ConfUtils.java:logGet(43)) - raft.server.snapshot.auto.trigger.threshold = 10000 (custom)
2019-09-27 00:25:08,237 [pool-459-thread-1] INFO  server.RaftServerConfigKeys (ConfUtils.java:logGet(43)) - raft.server.snapshot.retention.num.files = 5 (custom)
2019-09-27 00:25:08,238 [pool-459-thread-1] INFO  server.RaftServerConfigKeys (ConfUtils.java:logGet(43)) - raft.server.retrycache.expirytime = 600000ms (custom)
2019-09-27 00:25:08,239 [main] INFO  rpc.RpcClient (RpcClient.java:createVolume(276)) - Creating Volume: testblockoutputstream, with jenkins1000 as owner.
2019-09-27 00:25:08,240 [pool-459-thread-1] INFO  impl.RaftServerImpl (RaftServerImpl.java:start(185)) - 6254dac1-e2e4-4054-9496-1a085350dbc0@group-5E8B427D6FD8: start as a follower, conf=-1: [6254dac1-e2e4-4054-9496-1a085350dbc0:192.168.30.42:41609], old=null
2019-09-27 00:25:08,240 [pool-459-thread-1] INFO  impl.RaftServerImpl (RaftServerImpl.java:setRole(174)) - 6254dac1-e2e4-4054-9496-1a085350dbc0@group-5E8B427D6FD8: changes role from      null to FOLLOWER at term 0 for startAsFollower
2019-09-27 00:25:08,240 [pool-459-thread-1] INFO  impl.RoleInfo (RoleInfo.java:updateAndGet(143)) - 6254dac1-e2e4-4054-9496-1a085350dbc0: start FollowerState
2019-09-27 00:25:08,241 [pool-459-thread-1] INFO  util.JmxRegister (JmxRegister.java:tryRegister(44)) - Successfully registered JMX Bean with object name Ratis:service=RaftServer,group=group-5E8B427D6FD8,id=6254dac1-e2e4-4054-9496-1a085350dbc0
2019-09-27 00:25:08,242 [RatisPipelineUtilsThread] INFO  pipeline.PipelineStateManager (PipelineStateManager.java:addPipeline(56)) - Created pipeline Pipeline[ Id: a7dc47e0-75f4-4bd6-8717-5e8b427d6fd8, Nodes: 6254dac1-e2e4-4054-9496-1a085350dbc0{ip: 192.168.30.42, host: pr-hdds-2193-7pp9x-2361853758, networkLocation: /default-rack, certSerialId: null}, Type:RATIS, Factor:ONE, State:OPEN]
2019-09-27 00:25:08,243 [IPC Server handler 0 on 46169] INFO  volume.OMVolumeCreateRequest (OMVolumeCreateRequest.java:validateAndUpdateCache(194)) - created volume:testblockoutputstream for user:jenkins1000
2019-09-27 00:25:08,256 [grpc-default-executor-13] INFO  impl.RaftServerProxy (RaftServerProxy.java:addNew(89)) - 6f806a58-f02f-44e5-897d-0d307551e447: addNew group-3F4B04312C19:[6f806a58-f02f-44e5-897d-0d307551e447:192.168.30.42:43683] returns group-3F4B04312C19:java.util.concurrent.CompletableFuture@161daff3[Not completed]
2019-09-27 00:25:08,256 [main] INFO  rpc.RpcClient (RpcClient.java:createBucket(415)) - Creating Bucket: testblockoutputstream/testblockoutputstream, with Versioning false and Storage Type set to DISK and Encryption set to false 
2019-09-27 00:25:08,257 [pool-469-thread-1] INFO  impl.RaftServerImpl (RaftServerImpl.java:<init>(95)) - 6f806a58-f02f-44e5-897d-0d307551e447: new RaftServerImpl for group-3F4B04312C19:[6f806a58-f02f-44e5-897d-0d307551e447:192.168.30.42:43683] with ContainerStateMachine:uninitialized
2019-09-27 00:25:08,257 [pool-469-thread-1] INFO  server.RaftServerConfigKeys (ConfUtils.java:logGet(43)) - raft.server.rpc.timeout.min = 5s (custom)
2019-09-27 00:25:08,257 [pool-469-thread-1] INFO  server.RaftServerConfigKeys (ConfUtils.java:logGet(43)) - raft.server.rpc.timeout.max = 5200ms (custom)
2019-09-27 00:25:08,257 [pool-469-thread-1] INFO  server.RaftServerConfigKeys (ConfUtils.java:logGet(43)) - raft.server.rpcslowness.timeout = 120s (custom)
2019-09-27 00:25:08,257 [pool-469-thread-1] INFO  server.RaftServerConfigKeys (ConfUtils.java:logGet(43)) - raft.server.sleep.deviation.threshold = 300 (default)
2019-09-27 00:25:08,257 [pool-469-thread-1] INFO  server.RaftServerConfigKeys (ConfUtils.java:logGet(43)) - raft.server.log.appender.install.snapshot.enabled = false (custom)
2019-09-27 00:25:08,257 [pool-469-thread-1] INFO  impl.RaftServerImpl (ServerState.java:<init>(103)) - 6f806a58-f02f-44e5-897d-0d307551e447@group-3F4B04312C19: ConfigurationManager, init=-1: [6f806a58-f02f-44e5-897d-0d307551e447:192.168.30.42:43683], old=null, confs=<EMPTY_MAP>
2019-09-27 00:25:08,257 [pool-469-thread-1] INFO  server.RaftServerConfigKeys (ConfUtils.java:logGet(43)) - raft.server.storage.dir = [/workdir/hadoop-ozone/integration-test/target/test-dir/MiniOzoneClusterImpl-bd5938d5-a9f0-46e6-9cba-1e01c8d8b818/datanode-6/data/ratis] (custom)
2019-09-27 00:25:08,258 [pool-469-thread-1] INFO  storage.RaftStorageDirectory (RaftStorageDirectory.java:analyzeStorage(246)) - The storage directory /workdir/hadoop-ozone/integration-test/target/test-dir/MiniOzoneClusterImpl-bd5938d5-a9f0-46e6-9cba-1e01c8d8b818/datanode-6/data/ratis/5846bd7c-1649-49e2-9f21-3f4b04312c19 does not exist. Creating ...
2019-09-27 00:25:08,272 [pool-469-thread-1] INFO  storage.RaftStorageDirectory (RaftStorageDirectory.java:tryLock(328)) - Lock on /workdir/hadoop-ozone/integration-test/target/test-dir/MiniOzoneClusterImpl-bd5938d5-a9f0-46e6-9cba-1e01c8d8b818/datanode-6/data/ratis/5846bd7c-1649-49e2-9f21-3f4b04312c19/in_use.lock acquired by nodename 24775@pr-hdds-2193-7pp9x-2361853758
2019-09-27 00:25:08,285 [pool-469-thread-1] INFO  storage.RaftStorage (RaftStorage.java:format(72)) - Storage directory /workdir/hadoop-ozone/integration-test/target/test-dir/MiniOzoneClusterImpl-bd5938d5-a9f0-46e6-9cba-1e01c8d8b818/datanode-6/data/ratis/5846bd7c-1649-49e2-9f21-3f4b04312c19 has been successfully formatted.
2019-09-27 00:25:08,285 [pool-469-thread-1] INFO  ratis.ContainerStateMachine (ContainerStateMachine.java:loadSnapshot(230)) - group-3F4B04312C19: The snapshot info is null. Setting the last applied indexto:(t:0, i:~)
2019-09-27 00:25:08,285 [pool-469-thread-1] INFO  server.RaftServerConfigKeys (ConfUtils.java:logGet(43)) - raft.server.notification.no-leader.timeout = 120s (custom)
2019-09-27 00:25:08,285 [pool-469-thread-1] INFO  server.RaftServerConfigKeys (ConfUtils.java:logGet(43)) - raft.server.log.use.memory = false (default)
2019-09-27 00:25:08,285 [pool-469-thread-1] INFO  server.RaftServerConfigKeys (ConfUtils.java:logGet(43)) - raft.server.log.purge.gap = 1000000 (custom)
2019-09-27 00:25:08,285 [pool-469-thread-1] INFO  server.RaftServerConfigKeys (ConfUtils.java:logGet(43)) - raft.server.log.appender.buffer.byte-limit = 33554432 (custom)
2019-09-27 00:25:08,286 [pool-469-thread-1] INFO  server.RaftServerConfigKeys (ConfUtils.java:logGet(43)) - raft.server.log.segment.size.max = 1048576 (custom)
2019-09-27 00:25:08,286 [pool-469-thread-1] INFO  server.RaftServerConfigKeys (ConfUtils.java:logGet(43)) - raft.server.log.segment.cache.num.max = 2 (custom)
2019-09-27 00:25:08,286 [pool-469-thread-1] INFO  segmented.SegmentedRaftLogWorker (SegmentedRaftLogWorker.java:<init>(172)) - new 6f806a58-f02f-44e5-897d-0d307551e447@group-3F4B04312C19-SegmentedRaftLogWorker for RaftStorage:Storage Directory /workdir/hadoop-ozone/integration-test/target/test-dir/MiniOzoneClusterImpl-bd5938d5-a9f0-46e6-9cba-1e01c8d8b818/datanode-6/data/ratis/5846bd7c-1649-49e2-9f21-3f4b04312c19
2019-09-27 00:25:08,288 [pool-469-thread-1] INFO  server.RaftServerConfigKeys (ConfUtils.java:logGet(43)) - raft.server.log.queue.byte-limit = 2147483647 (custom)
2019-09-27 00:25:08,288 [pool-469-thread-1] INFO  server.RaftServerConfigKeys (ConfUtils.java:logGet(43)) - raft.server.log.queue.element-limit = 1024 (custom)
2019-09-27 00:25:08,288 [pool-469-thread-1] INFO  server.RaftServerConfigKeys (ConfUtils.java:logGet(43)) - raft.server.log.segment.size.max = 1048576 (custom)
2019-09-27 00:25:08,288 [pool-469-thread-1] INFO  server.RaftServerConfigKeys (ConfUtils.java:logGet(43)) - raft.server.log.preallocated.size = 16384 (custom)
2019-09-27 00:25:08,288 [pool-469-thread-1] INFO  server.RaftServerConfigKeys (ConfUtils.java:logGet(43)) - raft.server.log.write.buffer.size = 33554432 (custom)
2019-09-27 00:25:08,288 [pool-469-thread-1] INFO  server.RaftServerConfigKeys (ConfUtils.java:logGet(43)) - raft.server.log.force.sync.num = 128 (default)
2019-09-27 00:25:08,288 [pool-469-thread-1] INFO  server.RaftServerConfigKeys (ConfUtils.java:logGet(43)) - raft.server.log.statemachine.data.sync = true (default)
2019-09-27 00:25:08,289 [pool-469-thread-1] INFO  server.RaftServerConfigKeys (ConfUtils.java:logGet(43)) - raft.server.log.statemachine.data.sync.timeout = 10s (default)
2019-09-27 00:25:08,289 [pool-469-thread-1] INFO  server.RaftServerConfigKeys (ConfUtils.java:logGet(43)) - raft.server.log.statemachine.data.sync.timeout.retry = -1 (default)
2019-09-27 00:25:08,289 [pool-469-thread-1] INFO  server.RaftServerConfigKeys (ConfUtils.java:logGet(43)) - raft.server.log.statemachine.data.caching.enabled = true (custom)
2019-09-27 00:25:08,289 [pool-469-thread-1] INFO  segmented.SegmentedRaftLogWorker (SegmentedRaftLogWorker.java:lambda$new$0(132)) - 6f806a58-f02f-44e5-897d-0d307551e447@group-3F4B04312C19-SegmentedRaftLogWorker: flushIndex: setUnconditionally 0 -> -1
2019-09-27 00:25:08,289 [pool-469-thread-1] INFO  server.RaftServerConfigKeys (ConfUtils.java:logGet(43)) - raft.server.snapshot.auto.trigger.enabled = true (custom)
2019-09-27 00:25:08,290 [pool-469-thread-1] INFO  server.RaftServerConfigKeys (ConfUtils.java:logGet(43)) - raft.server.snapshot.auto.trigger.threshold = 10000 (custom)
2019-09-27 00:25:08,290 [pool-469-thread-1] INFO  server.RaftServerConfigKeys (ConfUtils.java:logGet(43)) - raft.server.snapshot.retention.num.files = 5 (custom)
2019-09-27 00:25:08,290 [pool-469-thread-1] INFO  server.RaftServerConfigKeys (ConfUtils.java:logGet(43)) - raft.server.retrycache.expirytime = 600000ms (custom)
2019-09-27 00:25:08,292 [pool-469-thread-1] INFO  impl.RaftServerImpl (RaftServerImpl.java:start(185)) - 6f806a58-f02f-44e5-897d-0d307551e447@group-3F4B04312C19: start as a follower, conf=-1: [6f806a58-f02f-44e5-897d-0d307551e447:192.168.30.42:43683], old=null
2019-09-27 00:25:08,292 [pool-469-thread-1] INFO  impl.RaftServerImpl (RaftServerImpl.java:setRole(174)) - 6f806a58-f02f-44e5-897d-0d307551e447@group-3F4B04312C19: changes role from      null to FOLLOWER at term 0 for startAsFollower
2019-09-27 00:25:08,292 [pool-469-thread-1] INFO  impl.RoleInfo (RoleInfo.java:updateAndGet(143)) - 6f806a58-f02f-44e5-897d-0d307551e447: start FollowerState
2019-09-27 00:25:08,292 [pool-469-thread-1] INFO  util.JmxRegister (JmxRegister.java:tryRegister(44)) - Successfully registered JMX Bean with object name Ratis:service=RaftServer,group=group-3F4B04312C19,id=6f806a58-f02f-44e5-897d-0d307551e447
2019-09-27 00:25:08,294 [RatisPipelineUtilsThread] INFO  pipeline.PipelineStateManager (PipelineStateManager.java:addPipeline(56)) - Created pipeline Pipeline[ Id: 5846bd7c-1649-49e2-9f21-3f4b04312c19, Nodes: 6f806a58-f02f-44e5-897d-0d307551e447{ip: 192.168.30.42, host: pr-hdds-2193-7pp9x-2361853758, networkLocation: /default-rack, certSerialId: null}, Type:RATIS, Factor:ONE, State:OPEN]
2019-09-27 00:25:08,317 [grpc-default-executor-7] INFO  impl.RaftServerProxy (RaftServerProxy.java:addNew(89)) - 3e2aa5f0-b552-4edc-b72c-2b543357819f: addNew group-C27C2544C493:[9506ffde-d80f-4d1d-a7e4-1ae5324a65d9:192.168.30.42:45115, 3e2aa5f0-b552-4edc-b72c-2b543357819f:192.168.30.42:42597, 6f806a58-f02f-44e5-897d-0d307551e447:192.168.30.42:43683] returns group-C27C2544C493:java.util.concurrent.CompletableFuture@62107ac7[Not completed]
2019-09-27 00:25:08,317 [grpc-default-executor-11] INFO  impl.RaftServerProxy (RaftServerProxy.java:addNew(89)) - 9506ffde-d80f-4d1d-a7e4-1ae5324a65d9: addNew group-C27C2544C493:[9506ffde-d80f-4d1d-a7e4-1ae5324a65d9:192.168.30.42:45115, 3e2aa5f0-b552-4edc-b72c-2b543357819f:192.168.30.42:42597, 6f806a58-f02f-44e5-897d-0d307551e447:192.168.30.42:43683] returns group-C27C2544C493:java.util.concurrent.CompletableFuture@9692702[Not completed]
2019-09-27 00:25:08,317 [grpc-default-executor-13] INFO  impl.RaftServerProxy (RaftServerProxy.java:addNew(89)) - 6f806a58-f02f-44e5-897d-0d307551e447: addNew group-C27C2544C493:[9506ffde-d80f-4d1d-a7e4-1ae5324a65d9:192.168.30.42:45115, 3e2aa5f0-b552-4edc-b72c-2b543357819f:192.168.30.42:42597, 6f806a58-f02f-44e5-897d-0d307551e447:192.168.30.42:43683] returns group-C27C2544C493:java.util.concurrent.CompletableFuture@2a2771e8[Not completed]
2019-09-27 00:25:08,317 [pool-469-thread-1] INFO  impl.RaftServerImpl (RaftServerImpl.java:<init>(95)) - 6f806a58-f02f-44e5-897d-0d307551e447: new RaftServerImpl for group-C27C2544C493:[9506ffde-d80f-4d1d-a7e4-1ae5324a65d9:192.168.30.42:45115, 3e2aa5f0-b552-4edc-b72c-2b543357819f:192.168.30.42:42597, 6f806a58-f02f-44e5-897d-0d307551e447:192.168.30.42:43683] with ContainerStateMachine:uninitialized
2019-09-27 00:25:08,318 [pool-469-thread-1] INFO  server.RaftServerConfigKeys (ConfUtils.java:logGet(43)) - raft.server.rpc.timeout.min = 5s (custom)
2019-09-27 00:25:08,318 [pool-469-thread-1] INFO  server.RaftServerConfigKeys (ConfUtils.java:logGet(43)) - raft.server.rpc.timeout.max = 5200ms (custom)
2019-09-27 00:25:08,318 [pool-469-thread-1] INFO  server.RaftServerConfigKeys (ConfUtils.java:logGet(43)) - raft.server.rpcslowness.timeout = 120s (custom)
2019-09-27 00:25:08,318 [pool-469-thread-1] INFO  server.RaftServerConfigKeys (ConfUtils.java:logGet(43)) - raft.server.sleep.deviation.threshold = 300 (default)
2019-09-27 00:25:08,318 [pool-469-thread-1] INFO  server.RaftServerConfigKeys (ConfUtils.java:logGet(43)) - raft.server.log.appender.install.snapshot.enabled = false (custom)
2019-09-27 00:25:08,318 [pool-469-thread-1] INFO  impl.RaftServerImpl (ServerState.java:<init>(103)) - 6f806a58-f02f-44e5-897d-0d307551e447@group-C27C2544C493: ConfigurationManager, init=-1: [9506ffde-d80f-4d1d-a7e4-1ae5324a65d9:192.168.30.42:45115, 3e2aa5f0-b552-4edc-b72c-2b543357819f:192.168.30.42:42597, 6f806a58-f02f-44e5-897d-0d307551e447:192.168.30.42:43683], old=null, confs=<EMPTY_MAP>
2019-09-27 00:25:08,318 [pool-469-thread-1] INFO  server.RaftServerConfigKeys (ConfUtils.java:logGet(43)) - raft.server.storage.dir = [/workdir/hadoop-ozone/integration-test/target/test-dir/MiniOzoneClusterImpl-bd5938d5-a9f0-46e6-9cba-1e01c8d8b818/datanode-6/data/ratis] (custom)
2019-09-27 00:25:08,318 [pool-439-thread-1] INFO  impl.RaftServerImpl (RaftServerImpl.java:<init>(95)) - 9506ffde-d80f-4d1d-a7e4-1ae5324a65d9: new RaftServerImpl for group-C27C2544C493:[9506ffde-d80f-4d1d-a7e4-1ae5324a65d9:192.168.30.42:45115, 3e2aa5f0-b552-4edc-b72c-2b543357819f:192.168.30.42:42597, 6f806a58-f02f-44e5-897d-0d307551e447:192.168.30.42:43683] with ContainerStateMachine:uninitialized
2019-09-27 00:25:08,318 [pool-439-thread-1] INFO  server.RaftServerConfigKeys (ConfUtils.java:logGet(43)) - raft.server.rpc.timeout.min = 5s (custom)
2019-09-27 00:25:08,318 [pool-469-thread-1] INFO  storage.RaftStorageDirectory (RaftStorageDirectory.java:analyzeStorage(246)) - The storage directory /workdir/hadoop-ozone/integration-test/target/test-dir/MiniOzoneClusterImpl-bd5938d5-a9f0-46e6-9cba-1e01c8d8b818/datanode-6/data/ratis/5846f67d-0250-41d1-a23b-c27c2544c493 does not exist. Creating ...
2019-09-27 00:25:08,318 [pool-439-thread-1] INFO  server.RaftServerConfigKeys (ConfUtils.java:logGet(43)) - raft.server.rpc.timeout.max = 5200ms (custom)
2019-09-27 00:25:08,319 [pool-449-thread-1] INFO  impl.RaftServerImpl (RaftServerImpl.java:<init>(95)) - 3e2aa5f0-b552-4edc-b72c-2b543357819f: new RaftServerImpl for group-C27C2544C493:[9506ffde-d80f-4d1d-a7e4-1ae5324a65d9:192.168.30.42:45115, 3e2aa5f0-b552-4edc-b72c-2b543357819f:192.168.30.42:42597, 6f806a58-f02f-44e5-897d-0d307551e447:192.168.30.42:43683] with ContainerStateMachine:uninitialized
2019-09-27 00:25:08,319 [pool-439-thread-1] INFO  server.RaftServerConfigKeys (ConfUtils.java:logGet(43)) - raft.server.rpcslowness.timeout = 120s (custom)
2019-09-27 00:25:08,319 [pool-449-thread-1] INFO  server.RaftServerConfigKeys (ConfUtils.java:logGet(43)) - raft.server.rpc.timeout.min = 5s (custom)
2019-09-27 00:25:08,319 [pool-439-thread-1] INFO  server.RaftServerConfigKeys (ConfUtils.java:logGet(43)) - raft.server.sleep.deviation.threshold = 300 (default)
2019-09-27 00:25:08,319 [pool-449-thread-1] INFO  server.RaftServerConfigKeys (ConfUtils.java:logGet(43)) - raft.server.rpc.timeout.max = 5200ms (custom)
2019-09-27 00:25:08,319 [pool-439-thread-1] INFO  server.RaftServerConfigKeys (ConfUtils.java:logGet(43)) - raft.server.log.appender.install.snapshot.enabled = false (custom)
2019-09-27 00:25:08,319 [pool-449-thread-1] INFO  server.RaftServerConfigKeys (ConfUtils.java:logGet(43)) - raft.server.rpcslowness.timeout = 120s (custom)
2019-09-27 00:25:08,319 [pool-439-thread-1] INFO  impl.RaftServerImpl (ServerState.java:<init>(103)) - 9506ffde-d80f-4d1d-a7e4-1ae5324a65d9@group-C27C2544C493: ConfigurationManager, init=-1: [9506ffde-d80f-4d1d-a7e4-1ae5324a65d9:192.168.30.42:45115, 3e2aa5f0-b552-4edc-b72c-2b543357819f:192.168.30.42:42597, 6f806a58-f02f-44e5-897d-0d307551e447:192.168.30.42:43683], old=null, confs=<EMPTY_MAP>
2019-09-27 00:25:08,319 [pool-449-thread-1] INFO  server.RaftServerConfigKeys (ConfUtils.java:logGet(43)) - raft.server.sleep.deviation.threshold = 300 (default)
2019-09-27 00:25:08,320 [pool-439-thread-1] INFO  server.RaftServerConfigKeys (ConfUtils.java:logGet(43)) - raft.server.storage.dir = [/workdir/hadoop-ozone/integration-test/target/test-dir/MiniOzoneClusterImpl-bd5938d5-a9f0-46e6-9cba-1e01c8d8b818/datanode-3/data/ratis] (custom)
2019-09-27 00:25:08,320 [pool-449-thread-1] INFO  server.RaftServerConfigKeys (ConfUtils.java:logGet(43)) - raft.server.log.appender.install.snapshot.enabled = false (custom)
2019-09-27 00:25:08,320 [pool-449-thread-1] INFO  impl.RaftServerImpl (ServerState.java:<init>(103)) - 3e2aa5f0-b552-4edc-b72c-2b543357819f@group-C27C2544C493: ConfigurationManager, init=-1: [9506ffde-d80f-4d1d-a7e4-1ae5324a65d9:192.168.30.42:45115, 3e2aa5f0-b552-4edc-b72c-2b543357819f:192.168.30.42:42597, 6f806a58-f02f-44e5-897d-0d307551e447:192.168.30.42:43683], old=null, confs=<EMPTY_MAP>
2019-09-27 00:25:08,320 [pool-439-thread-1] INFO  storage.RaftStorageDirectory (RaftStorageDirectory.java:analyzeStorage(246)) - The storage directory /workdir/hadoop-ozone/integration-test/target/test-dir/MiniOzoneClusterImpl-bd5938d5-a9f0-46e6-9cba-1e01c8d8b818/datanode-3/data/ratis/5846f67d-0250-41d1-a23b-c27c2544c493 does not exist. Creating ...
2019-09-27 00:25:08,320 [pool-449-thread-1] INFO  server.RaftServerConfigKeys (ConfUtils.java:logGet(43)) - raft.server.storage.dir = [/workdir/hadoop-ozone/integration-test/target/test-dir/MiniOzoneClusterImpl-bd5938d5-a9f0-46e6-9cba-1e01c8d8b818/datanode-4/data/ratis] (custom)
2019-09-27 00:25:08,320 [pool-449-thread-1] INFO  storage.RaftStorageDirectory (RaftStorageDirectory.java:analyzeStorage(246)) - The storage directory /workdir/hadoop-ozone/integration-test/target/test-dir/MiniOzoneClusterImpl-bd5938d5-a9f0-46e6-9cba-1e01c8d8b818/datanode-4/data/ratis/5846f67d-0250-41d1-a23b-c27c2544c493 does not exist. Creating ...
2019-09-27 00:25:08,332 [pool-449-thread-1] INFO  storage.RaftStorageDirectory (RaftStorageDirectory.java:tryLock(328)) - Lock on /workdir/hadoop-ozone/integration-test/target/test-dir/MiniOzoneClusterImpl-bd5938d5-a9f0-46e6-9cba-1e01c8d8b818/datanode-4/data/ratis/5846f67d-0250-41d1-a23b-c27c2544c493/in_use.lock acquired by nodename 24775@pr-hdds-2193-7pp9x-2361853758
2019-09-27 00:25:08,332 [pool-439-thread-1] INFO  storage.RaftStorageDirectory (RaftStorageDirectory.java:tryLock(328)) - Lock on /workdir/hadoop-ozone/integration-test/target/test-dir/MiniOzoneClusterImpl-bd5938d5-a9f0-46e6-9cba-1e01c8d8b818/datanode-3/data/ratis/5846f67d-0250-41d1-a23b-c27c2544c493/in_use.lock acquired by nodename 24775@pr-hdds-2193-7pp9x-2361853758
2019-09-27 00:25:08,332 [pool-469-thread-1] INFO  storage.RaftStorageDirectory (RaftStorageDirectory.java:tryLock(328)) - Lock on /workdir/hadoop-ozone/integration-test/target/test-dir/MiniOzoneClusterImpl-bd5938d5-a9f0-46e6-9cba-1e01c8d8b818/datanode-6/data/ratis/5846f67d-0250-41d1-a23b-c27c2544c493/in_use.lock acquired by nodename 24775@pr-hdds-2193-7pp9x-2361853758
2019-09-27 00:25:08,346 [pool-449-thread-1] INFO  storage.RaftStorage (RaftStorage.java:format(72)) - Storage directory /workdir/hadoop-ozone/integration-test/target/test-dir/MiniOzoneClusterImpl-bd5938d5-a9f0-46e6-9cba-1e01c8d8b818/datanode-4/data/ratis/5846f67d-0250-41d1-a23b-c27c2544c493 has been successfully formatted.
2019-09-27 00:25:08,346 [pool-439-thread-1] INFO  storage.RaftStorage (RaftStorage.java:format(72)) - Storage directory /workdir/hadoop-ozone/integration-test/target/test-dir/MiniOzoneClusterImpl-bd5938d5-a9f0-46e6-9cba-1e01c8d8b818/datanode-3/data/ratis/5846f67d-0250-41d1-a23b-c27c2544c493 has been successfully formatted.
2019-09-27 00:25:08,346 [pool-469-thread-1] INFO  storage.RaftStorage (RaftStorage.java:format(72)) - Storage directory /workdir/hadoop-ozone/integration-test/target/test-dir/MiniOzoneClusterImpl-bd5938d5-a9f0-46e6-9cba-1e01c8d8b818/datanode-6/data/ratis/5846f67d-0250-41d1-a23b-c27c2544c493 has been successfully formatted.
2019-09-27 00:25:08,346 [pool-439-thread-1] INFO  ratis.ContainerStateMachine (ContainerStateMachine.java:loadSnapshot(230)) - group-C27C2544C493: The snapshot info is null. Setting the last applied indexto:(t:0, i:~)
2019-09-27 00:25:08,346 [pool-449-thread-1] INFO  ratis.ContainerStateMachine (ContainerStateMachine.java:loadSnapshot(230)) - group-C27C2544C493: The snapshot info is null. Setting the last applied indexto:(t:0, i:~)
2019-09-27 00:25:08,346 [pool-439-thread-1] INFO  server.RaftServerConfigKeys (ConfUtils.java:logGet(43)) - raft.server.notification.no-leader.timeout = 120s (custom)
2019-09-27 00:25:08,346 [pool-469-thread-1] INFO  ratis.ContainerStateMachine (ContainerStateMachine.java:loadSnapshot(230)) - group-C27C2544C493: The snapshot info is null. Setting the last applied indexto:(t:0, i:~)
2019-09-27 00:25:08,347 [pool-439-thread-1] INFO  server.RaftServerConfigKeys (ConfUtils.java:logGet(43)) - raft.server.log.use.memory = false (default)
2019-09-27 00:25:08,346 [pool-449-thread-1] INFO  server.RaftServerConfigKeys (ConfUtils.java:logGet(43)) - raft.server.notification.no-leader.timeout = 120s (custom)
2019-09-27 00:25:08,347 [pool-439-thread-1] INFO  server.RaftServerConfigKeys (ConfUtils.java:logGet(43)) - raft.server.log.purge.gap = 1000000 (custom)
2019-09-27 00:25:08,347 [pool-469-thread-1] INFO  server.RaftServerConfigKeys (ConfUtils.java:logGet(43)) - raft.server.notification.no-leader.timeout = 120s (custom)
2019-09-27 00:25:08,347 [pool-439-thread-1] INFO  server.RaftServerConfigKeys (ConfUtils.java:logGet(43)) - raft.server.log.appender.buffer.byte-limit = 33554432 (custom)
2019-09-27 00:25:08,347 [pool-449-thread-1] INFO  server.RaftServerConfigKeys (ConfUtils.java:logGet(43)) - raft.server.log.use.memory = false (default)
2019-09-27 00:25:08,347 [pool-439-thread-1] INFO  server.RaftServerConfigKeys (ConfUtils.java:logGet(43)) - raft.server.log.segment.size.max = 1048576 (custom)
2019-09-27 00:25:08,347 [pool-469-thread-1] INFO  server.RaftServerConfigKeys (ConfUtils.java:logGet(43)) - raft.server.log.use.memory = false (default)
2019-09-27 00:25:08,348 [pool-439-thread-1] INFO  server.RaftServerConfigKeys (ConfUtils.java:logGet(43)) - raft.server.log.segment.cache.num.max = 2 (custom)
2019-09-27 00:25:08,347 [pool-449-thread-1] INFO  server.RaftServerConfigKeys (ConfUtils.java:logGet(43)) - raft.server.log.purge.gap = 1000000 (custom)
2019-09-27 00:25:08,348 [pool-439-thread-1] INFO  segmented.SegmentedRaftLogWorker (SegmentedRaftLogWorker.java:<init>(172)) - new 9506ffde-d80f-4d1d-a7e4-1ae5324a65d9@group-C27C2544C493-SegmentedRaftLogWorker for RaftStorage:Storage Directory /workdir/hadoop-ozone/integration-test/target/test-dir/MiniOzoneClusterImpl-bd5938d5-a9f0-46e6-9cba-1e01c8d8b818/datanode-3/data/ratis/5846f67d-0250-41d1-a23b-c27c2544c493
2019-09-27 00:25:08,348 [pool-469-thread-1] INFO  server.RaftServerConfigKeys (ConfUtils.java:logGet(43)) - raft.server.log.purge.gap = 1000000 (custom)
2019-09-27 00:25:08,348 [pool-439-thread-1] INFO  server.RaftServerConfigKeys (ConfUtils.java:logGet(43)) - raft.server.log.queue.byte-limit = 2147483647 (custom)
2019-09-27 00:25:08,348 [pool-449-thread-1] INFO  server.RaftServerConfigKeys (ConfUtils.java:logGet(43)) - raft.server.log.appender.buffer.byte-limit = 33554432 (custom)
2019-09-27 00:25:08,348 [pool-439-thread-1] INFO  server.RaftServerConfigKeys (ConfUtils.java:logGet(43)) - raft.server.log.queue.element-limit = 1024 (custom)
2019-09-27 00:25:08,348 [pool-469-thread-1] INFO  server.RaftServerConfigKeys (ConfUtils.java:logGet(43)) - raft.server.log.appender.buffer.byte-limit = 33554432 (custom)
2019-09-27 00:25:08,349 [pool-439-thread-1] INFO  server.RaftServerConfigKeys (ConfUtils.java:logGet(43)) - raft.server.log.segment.size.max = 1048576 (custom)
2019-09-27 00:25:08,349 [pool-439-thread-1] INFO  server.RaftServerConfigKeys (ConfUtils.java:logGet(43)) - raft.server.log.preallocated.size = 16384 (custom)
2019-09-27 00:25:08,348 [pool-449-thread-1] INFO  server.RaftServerConfigKeys (ConfUtils.java:logGet(43)) - raft.server.log.segment.size.max = 1048576 (custom)
2019-09-27 00:25:08,349 [pool-439-thread-1] INFO  server.RaftServerConfigKeys (ConfUtils.java:logGet(43)) - raft.server.log.write.buffer.size = 33554432 (custom)
2019-09-27 00:25:08,349 [pool-469-thread-1] INFO  server.RaftServerConfigKeys (ConfUtils.java:logGet(43)) - raft.server.log.segment.size.max = 1048576 (custom)
2019-09-27 00:25:08,349 [pool-439-thread-1] INFO  server.RaftServerConfigKeys (ConfUtils.java:logGet(43)) - raft.server.log.force.sync.num = 128 (default)
2019-09-27 00:25:08,349 [pool-449-thread-1] INFO  server.RaftServerConfigKeys (ConfUtils.java:logGet(43)) - raft.server.log.segment.cache.num.max = 2 (custom)
2019-09-27 00:25:08,349 [pool-439-thread-1] INFO  server.RaftServerConfigKeys (ConfUtils.java:logGet(43)) - raft.server.log.statemachine.data.sync = true (default)
2019-09-27 00:25:08,349 [pool-469-thread-1] INFO  server.RaftServerConfigKeys (ConfUtils.java:logGet(43)) - raft.server.log.segment.cache.num.max = 2 (custom)
2019-09-27 00:25:08,350 [pool-439-thread-1] INFO  server.RaftServerConfigKeys (ConfUtils.java:logGet(43)) - raft.server.log.statemachine.data.sync.timeout = 10s (default)
2019-09-27 00:25:08,350 [pool-449-thread-1] INFO  segmented.SegmentedRaftLogWorker (SegmentedRaftLogWorker.java:<init>(172)) - new 3e2aa5f0-b552-4edc-b72c-2b543357819f@group-C27C2544C493-SegmentedRaftLogWorker for RaftStorage:Storage Directory /workdir/hadoop-ozone/integration-test/target/test-dir/MiniOzoneClusterImpl-bd5938d5-a9f0-46e6-9cba-1e01c8d8b818/datanode-4/data/ratis/5846f67d-0250-41d1-a23b-c27c2544c493
2019-09-27 00:25:08,350 [pool-439-thread-1] INFO  server.RaftServerConfigKeys (ConfUtils.java:logGet(43)) - raft.server.log.statemachine.data.sync.timeout.retry = -1 (default)
2019-09-27 00:25:08,350 [pool-469-thread-1] INFO  segmented.SegmentedRaftLogWorker (SegmentedRaftLogWorker.java:<init>(172)) - new 6f806a58-f02f-44e5-897d-0d307551e447@group-C27C2544C493-SegmentedRaftLogWorker for RaftStorage:Storage Directory /workdir/hadoop-ozone/integration-test/target/test-dir/MiniOzoneClusterImpl-bd5938d5-a9f0-46e6-9cba-1e01c8d8b818/datanode-6/data/ratis/5846f67d-0250-41d1-a23b-c27c2544c493
2019-09-27 00:25:08,350 [pool-439-thread-1] INFO  server.RaftServerConfigKeys (ConfUtils.java:logGet(43)) - raft.server.log.statemachine.data.caching.enabled = true (custom)
2019-09-27 00:25:08,350 [pool-449-thread-1] INFO  server.RaftServerConfigKeys (ConfUtils.java:logGet(43)) - raft.server.log.queue.byte-limit = 2147483647 (custom)
2019-09-27 00:25:08,350 [pool-469-thread-1] INFO  server.RaftServerConfigKeys (ConfUtils.java:logGet(43)) - raft.server.log.queue.byte-limit = 2147483647 (custom)
2019-09-27 00:25:08,351 [pool-449-thread-1] INFO  server.RaftServerConfigKeys (ConfUtils.java:logGet(43)) - raft.server.log.queue.element-limit = 1024 (custom)
2019-09-27 00:25:08,351 [pool-439-thread-1] INFO  segmented.SegmentedRaftLogWorker (SegmentedRaftLogWorker.java:lambda$new$0(132)) - 9506ffde-d80f-4d1d-a7e4-1ae5324a65d9@group-C27C2544C493-SegmentedRaftLogWorker: flushIndex: setUnconditionally 0 -> -1
2019-09-27 00:25:08,351 [pool-449-thread-1] INFO  server.RaftServerConfigKeys (ConfUtils.java:logGet(43)) - raft.server.log.segment.size.max = 1048576 (custom)
2019-09-27 00:25:08,351 [pool-449-thread-1] INFO  server.RaftServerConfigKeys (ConfUtils.java:logGet(43)) - raft.server.log.preallocated.size = 16384 (custom)
2019-09-27 00:25:08,351 [pool-469-thread-1] INFO  server.RaftServerConfigKeys (ConfUtils.java:logGet(43)) - raft.server.log.queue.element-limit = 1024 (custom)
2019-09-27 00:25:08,351 [pool-449-thread-1] INFO  server.RaftServerConfigKeys (ConfUtils.java:logGet(43)) - raft.server.log.write.buffer.size = 33554432 (custom)
2019-09-27 00:25:08,351 [pool-439-thread-1] INFO  server.RaftServerConfigKeys (ConfUtils.java:logGet(43)) - raft.server.snapshot.auto.trigger.enabled = true (custom)
2019-09-27 00:25:08,352 [pool-449-thread-1] INFO  server.RaftServerConfigKeys (ConfUtils.java:logGet(43)) - raft.server.log.force.sync.num = 128 (default)
2019-09-27 00:25:08,352 [pool-469-thread-1] INFO  server.RaftServerConfigKeys (ConfUtils.java:logGet(43)) - raft.server.log.segment.size.max = 1048576 (custom)
2019-09-27 00:25:08,352 [pool-449-thread-1] INFO  server.RaftServerConfigKeys (ConfUtils.java:logGet(43)) - raft.server.log.statemachine.data.sync = true (default)
2019-09-27 00:25:08,352 [pool-439-thread-1] INFO  server.RaftServerConfigKeys (ConfUtils.java:logGet(43)) - raft.server.snapshot.auto.trigger.threshold = 10000 (custom)
2019-09-27 00:25:08,352 [pool-449-thread-1] INFO  server.RaftServerConfigKeys (ConfUtils.java:logGet(43)) - raft.server.log.statemachine.data.sync.timeout = 10s (default)
2019-09-27 00:25:08,352 [pool-469-thread-1] INFO  server.RaftServerConfigKeys (ConfUtils.java:logGet(43)) - raft.server.log.preallocated.size = 16384 (custom)
2019-09-27 00:25:08,353 [pool-449-thread-1] INFO  server.RaftServerConfigKeys (ConfUtils.java:logGet(43)) - raft.server.log.statemachine.data.sync.timeout.retry = -1 (default)
2019-09-27 00:25:08,353 [pool-439-thread-1] INFO  server.RaftServerConfigKeys (ConfUtils.java:logGet(43)) - raft.server.snapshot.retention.num.files = 5 (custom)
2019-09-27 00:25:08,353 [pool-449-thread-1] INFO  server.RaftServerConfigKeys (ConfUtils.java:logGet(43)) - raft.server.log.statemachine.data.caching.enabled = true (custom)
2019-09-27 00:25:08,353 [pool-469-thread-1] INFO  server.RaftServerConfigKeys (ConfUtils.java:logGet(43)) - raft.server.log.write.buffer.size = 33554432 (custom)
2019-09-27 00:25:08,353 [pool-439-thread-1] INFO  server.RaftServerConfigKeys (ConfUtils.java:logGet(43)) - raft.server.retrycache.expirytime = 600000ms (custom)
2019-09-27 00:25:08,353 [pool-469-thread-1] INFO  server.RaftServerConfigKeys (ConfUtils.java:logGet(43)) - raft.server.log.force.sync.num = 128 (default)
2019-09-27 00:25:08,353 [pool-449-thread-1] INFO  segmented.SegmentedRaftLogWorker (SegmentedRaftLogWorker.java:lambda$new$0(132)) - 3e2aa5f0-b552-4edc-b72c-2b543357819f@group-C27C2544C493-SegmentedRaftLogWorker: flushIndex: setUnconditionally 0 -> -1
2019-09-27 00:25:08,354 [pool-469-thread-1] INFO  server.RaftServerConfigKeys (ConfUtils.java:logGet(43)) - raft.server.log.statemachine.data.sync = true (default)
2019-09-27 00:25:08,354 [pool-469-thread-1] INFO  server.RaftServerConfigKeys (ConfUtils.java:logGet(43)) - raft.server.log.statemachine.data.sync.timeout = 10s (default)
2019-09-27 00:25:08,354 [pool-449-thread-1] INFO  server.RaftServerConfigKeys (ConfUtils.java:logGet(43)) - raft.server.snapshot.auto.trigger.enabled = true (custom)
2019-09-27 00:25:08,354 [pool-469-thread-1] INFO  server.RaftServerConfigKeys (ConfUtils.java:logGet(43)) - raft.server.log.statemachine.data.sync.timeout.retry = -1 (default)
2019-09-27 00:25:08,354 [pool-449-thread-1] INFO  server.RaftServerConfigKeys (ConfUtils.java:logGet(43)) - raft.server.snapshot.auto.trigger.threshold = 10000 (custom)
2019-09-27 00:25:08,354 [pool-469-thread-1] INFO  server.RaftServerConfigKeys (ConfUtils.java:logGet(43)) - raft.server.log.statemachine.data.caching.enabled = true (custom)
2019-09-27 00:25:08,354 [pool-449-thread-1] INFO  server.RaftServerConfigKeys (ConfUtils.java:logGet(43)) - raft.server.snapshot.retention.num.files = 5 (custom)
2019-09-27 00:25:08,355 [pool-469-thread-1] INFO  segmented.SegmentedRaftLogWorker (SegmentedRaftLogWorker.java:lambda$new$0(132)) - 6f806a58-f02f-44e5-897d-0d307551e447@group-C27C2544C493-SegmentedRaftLogWorker: flushIndex: setUnconditionally 0 -> -1
2019-09-27 00:25:08,355 [pool-449-thread-1] INFO  server.RaftServerConfigKeys (ConfUtils.java:logGet(43)) - raft.server.retrycache.expirytime = 600000ms (custom)
2019-09-27 00:25:08,355 [pool-469-thread-1] INFO  server.RaftServerConfigKeys (ConfUtils.java:logGet(43)) - raft.server.snapshot.auto.trigger.enabled = true (custom)
2019-09-27 00:25:08,355 [pool-469-thread-1] INFO  server.RaftServerConfigKeys (ConfUtils.java:logGet(43)) - raft.server.snapshot.auto.trigger.threshold = 10000 (custom)
2019-09-27 00:25:08,355 [pool-469-thread-1] INFO  server.RaftServerConfigKeys (ConfUtils.java:logGet(43)) - raft.server.snapshot.retention.num.files = 5 (custom)
2019-09-27 00:25:08,355 [pool-439-thread-1] INFO  impl.RaftServerImpl (RaftServerImpl.java:start(185)) - 9506ffde-d80f-4d1d-a7e4-1ae5324a65d9@group-C27C2544C493: start as a follower, conf=-1: [9506ffde-d80f-4d1d-a7e4-1ae5324a65d9:192.168.30.42:45115, 3e2aa5f0-b552-4edc-b72c-2b543357819f:192.168.30.42:42597, 6f806a58-f02f-44e5-897d-0d307551e447:192.168.30.42:43683], old=null
2019-09-27 00:25:08,355 [pool-469-thread-1] INFO  server.RaftServerConfigKeys (ConfUtils.java:logGet(43)) - raft.server.retrycache.expirytime = 600000ms (custom)
2019-09-27 00:25:08,355 [pool-439-thread-1] INFO  impl.RaftServerImpl (RaftServerImpl.java:setRole(174)) - 9506ffde-d80f-4d1d-a7e4-1ae5324a65d9@group-C27C2544C493: changes role from      null to FOLLOWER at term 0 for startAsFollower
2019-09-27 00:25:08,356 [pool-439-thread-1] INFO  impl.RoleInfo (RoleInfo.java:updateAndGet(143)) - 9506ffde-d80f-4d1d-a7e4-1ae5324a65d9: start FollowerState
2019-09-27 00:25:08,356 [pool-439-thread-1] INFO  util.JmxRegister (JmxRegister.java:tryRegister(44)) - Successfully registered JMX Bean with object name Ratis:service=RaftServer,group=group-C27C2544C493,id=9506ffde-d80f-4d1d-a7e4-1ae5324a65d9
2019-09-27 00:25:08,357 [pool-449-thread-1] INFO  impl.RaftServerImpl (RaftServerImpl.java:start(185)) - 3e2aa5f0-b552-4edc-b72c-2b543357819f@group-C27C2544C493: start as a follower, conf=-1: [9506ffde-d80f-4d1d-a7e4-1ae5324a65d9:192.168.30.42:45115, 3e2aa5f0-b552-4edc-b72c-2b543357819f:192.168.30.42:42597, 6f806a58-f02f-44e5-897d-0d307551e447:192.168.30.42:43683], old=null
2019-09-27 00:25:08,357 [pool-449-thread-1] INFO  impl.RaftServerImpl (RaftServerImpl.java:setRole(174)) - 3e2aa5f0-b552-4edc-b72c-2b543357819f@group-C27C2544C493: changes role from      null to FOLLOWER at term 0 for startAsFollower
2019-09-27 00:25:08,357 [pool-449-thread-1] INFO  impl.RoleInfo (RoleInfo.java:updateAndGet(143)) - 3e2aa5f0-b552-4edc-b72c-2b543357819f: start FollowerState
2019-09-27 00:25:08,358 [pool-449-thread-1] INFO  util.JmxRegister (JmxRegister.java:tryRegister(44)) - Successfully registered JMX Bean with object name Ratis:service=RaftServer,group=group-C27C2544C493,id=3e2aa5f0-b552-4edc-b72c-2b543357819f
2019-09-27 00:25:08,362 [pool-469-thread-1] INFO  impl.RaftServerImpl (RaftServerImpl.java:start(185)) - 6f806a58-f02f-44e5-897d-0d307551e447@group-C27C2544C493: start as a follower, conf=-1: [9506ffde-d80f-4d1d-a7e4-1ae5324a65d9:192.168.30.42:45115, 3e2aa5f0-b552-4edc-b72c-2b543357819f:192.168.30.42:42597, 6f806a58-f02f-44e5-897d-0d307551e447:192.168.30.42:43683], old=null
2019-09-27 00:25:08,362 [pool-469-thread-1] INFO  impl.RaftServerImpl (RaftServerImpl.java:setRole(174)) - 6f806a58-f02f-44e5-897d-0d307551e447@group-C27C2544C493: changes role from      null to FOLLOWER at term 0 for startAsFollower
2019-09-27 00:25:08,362 [pool-469-thread-1] INFO  impl.RoleInfo (RoleInfo.java:updateAndGet(143)) - 6f806a58-f02f-44e5-897d-0d307551e447: start FollowerState
2019-09-27 00:25:08,362 [pool-469-thread-1] INFO  util.JmxRegister (JmxRegister.java:tryRegister(44)) - Successfully registered JMX Bean with object name Ratis:service=RaftServer,group=group-C27C2544C493,id=6f806a58-f02f-44e5-897d-0d307551e447
2019-09-27 00:25:08,364 [RatisPipelineUtilsThread] INFO  pipeline.PipelineStateManager (PipelineStateManager.java:addPipeline(56)) - Created pipeline Pipeline[ Id: 5846f67d-0250-41d1-a23b-c27c2544c493, Nodes: 3e2aa5f0-b552-4edc-b72c-2b543357819f{ip: 192.168.30.42, host: pr-hdds-2193-7pp9x-2361853758, networkLocation: /default-rack, certSerialId: null}9506ffde-d80f-4d1d-a7e4-1ae5324a65d9{ip: 192.168.30.42, host: pr-hdds-2193-7pp9x-2361853758, networkLocation: /default-rack, certSerialId: null}6f806a58-f02f-44e5-897d-0d307551e447{ip: 192.168.30.42, host: pr-hdds-2193-7pp9x-2361853758, networkLocation: /default-rack, certSerialId: null}, Type:RATIS, Factor:THREE, State:OPEN]
2019-09-27 00:25:10,835 [Thread-3113] INFO  container.ReplicationManager (ReplicationManager.java:start(162)) - Starting Replication Monitor Thread.
2019-09-27 00:25:10,839 [ReplicationMonitor] INFO  container.ReplicationManager (ReplicationManager.java:run(225)) - Replication Monitor Thread took 1 milliseconds for processing 1 containers.
2019-09-27 00:25:13,013 [Thread-3118] INFO  impl.FollowerState (FollowerState.java:run(106)) - 6e576732-ecfb-4248-9d86-5108c1c5cbaf:group-0494638EB3EC changes to CANDIDATE, lastRpcTime:5073, electionTimeout:5073ms
2019-09-27 00:25:13,014 [Thread-3118] INFO  impl.RoleInfo (RoleInfo.java:shutdownFollowerState(121)) - 6e576732-ecfb-4248-9d86-5108c1c5cbaf: shutdown FollowerState
2019-09-27 00:25:13,014 [Thread-3118] INFO  impl.RaftServerImpl (RaftServerImpl.java:setRole(174)) - 6e576732-ecfb-4248-9d86-5108c1c5cbaf@group-0494638EB3EC: changes role from  FOLLOWER to CANDIDATE at term 0 for changeToCandidate
2019-09-27 00:25:13,014 [Thread-3118] INFO  impl.RoleInfo (RoleInfo.java:updateAndGet(143)) - 6e576732-ecfb-4248-9d86-5108c1c5cbaf: start LeaderElection
2019-09-27 00:25:13,029 [Thread-3115] INFO  impl.FollowerState (FollowerState.java:run(106)) - efab0370-fcb4-4e55-b091-fb0e2fabfa09:group-D4627996A434 changes to CANDIDATE, lastRpcTime:5140, electionTimeout:5140ms
2019-09-27 00:25:13,029 [Thread-3115] INFO  impl.RoleInfo (RoleInfo.java:shutdownFollowerState(121)) - efab0370-fcb4-4e55-b091-fb0e2fabfa09: shutdown FollowerState
2019-09-27 00:25:13,030 [Thread-3115] INFO  impl.RaftServerImpl (RaftServerImpl.java:setRole(174)) - efab0370-fcb4-4e55-b091-fb0e2fabfa09@group-D4627996A434: changes role from  FOLLOWER to CANDIDATE at term 0 for changeToCandidate
2019-09-27 00:25:13,030 [Thread-3115] INFO  impl.RoleInfo (RoleInfo.java:updateAndGet(143)) - efab0370-fcb4-4e55-b091-fb0e2fabfa09: start LeaderElection
2019-09-27 00:25:13,038 [6e576732-ecfb-4248-9d86-5108c1c5cbaf@group-0494638EB3EC:LeaderElection78] INFO  impl.LeaderElection (LeaderElection.java:askForVotes(182)) - 6e576732-ecfb-4248-9d86-5108c1c5cbaf@group-0494638EB3EC:LeaderElection78: begin an election at term 1 for -1: [6e576732-ecfb-4248-9d86-5108c1c5cbaf:192.168.30.42:34225], old=null
2019-09-27 00:25:13,038 [Thread-3121] INFO  impl.FollowerState (FollowerState.java:run(106)) - f77c7d1f-7fe6-48fc-9d3e-095734d688af:group-DFACC16ECC27 changes to CANDIDATE, lastRpcTime:5030, electionTimeout:5027ms
2019-09-27 00:25:13,038 [6e576732-ecfb-4248-9d86-5108c1c5cbaf@group-0494638EB3EC:LeaderElection78] INFO  impl.RoleInfo (RoleInfo.java:shutdownLeaderElection(134)) - 6e576732-ecfb-4248-9d86-5108c1c5cbaf: shutdown LeaderElection
2019-09-27 00:25:13,038 [Thread-3121] INFO  impl.RoleInfo (RoleInfo.java:shutdownFollowerState(121)) - f77c7d1f-7fe6-48fc-9d3e-095734d688af: shutdown FollowerState
2019-09-27 00:25:13,038 [6e576732-ecfb-4248-9d86-5108c1c5cbaf@group-0494638EB3EC:LeaderElection78] INFO  impl.RaftServerImpl (RaftServerImpl.java:setRole(174)) - 6e576732-ecfb-4248-9d86-5108c1c5cbaf@group-0494638EB3EC: changes role from CANDIDATE to LEADER at term 1 for changeToLeader
2019-09-27 00:25:13,038 [Thread-3121] INFO  impl.RaftServerImpl (RaftServerImpl.java:setRole(174)) - f77c7d1f-7fe6-48fc-9d3e-095734d688af@group-DFACC16ECC27: changes role from  FOLLOWER to CANDIDATE at term 0 for changeToCandidate
2019-09-27 00:25:13,038 [6e576732-ecfb-4248-9d86-5108c1c5cbaf@group-0494638EB3EC:LeaderElection78] INFO  impl.RaftServerImpl (ServerState.java:setLeader(253)) - 6e576732-ecfb-4248-9d86-5108c1c5cbaf@group-0494638EB3EC: change Leader from null to 6e576732-ecfb-4248-9d86-5108c1c5cbaf at term 1 for becomeLeader, leader elected after 5107ms
2019-09-27 00:25:13,039 [Thread-3121] INFO  impl.RoleInfo (RoleInfo.java:updateAndGet(143)) - f77c7d1f-7fe6-48fc-9d3e-095734d688af: start LeaderElection
2019-09-27 00:25:13,039 [6e576732-ecfb-4248-9d86-5108c1c5cbaf@group-0494638EB3EC:LeaderElection78] INFO  server.RaftServerConfigKeys (ConfUtils.java:logGet(43)) - raft.server.staging.catchup.gap = 1000 (default)
2019-09-27 00:25:13,046 [6e576732-ecfb-4248-9d86-5108c1c5cbaf@group-0494638EB3EC:LeaderElection78] INFO  server.RaftServerConfigKeys (ConfUtils.java:logGet(43)) - raft.server.rpc.sleep.time = 25ms (default)
2019-09-27 00:25:13,047 [6e576732-ecfb-4248-9d86-5108c1c5cbaf@group-0494638EB3EC:LeaderElection78] INFO  server.RaftServerConfigKeys (ConfUtils.java:logGet(43)) - raft.server.write.element-limit = 4096 (default)
2019-09-27 00:25:13,047 [6e576732-ecfb-4248-9d86-5108c1c5cbaf@group-0494638EB3EC:LeaderElection78] INFO  server.RaftServerConfigKeys (ConfUtils.java:logGet(43)) - raft.server.watch.timeout = 10s (default)
2019-09-27 00:25:13,047 [6e576732-ecfb-4248-9d86-5108c1c5cbaf@group-0494638EB3EC:LeaderElection78] INFO  server.RaftServerConfigKeys (ConfUtils.java:logGet(43)) - raft.server.watch.timeout.denomination = 1s (default)
2019-09-27 00:25:13,047 [6e576732-ecfb-4248-9d86-5108c1c5cbaf@group-0494638EB3EC:LeaderElection78] INFO  server.RaftServerConfigKeys (ConfUtils.java:logGet(43)) - raft.server.watch.element-limit = 65536 (default)
2019-09-27 00:25:13,050 [6e576732-ecfb-4248-9d86-5108c1c5cbaf@group-0494638EB3EC:LeaderElection78] INFO  impl.RoleInfo (RoleInfo.java:updateAndGet(143)) - 6e576732-ecfb-4248-9d86-5108c1c5cbaf: start LeaderState
2019-09-27 00:25:13,050 [6e576732-ecfb-4248-9d86-5108c1c5cbaf@group-0494638EB3EC:LeaderElection78] INFO  segmented.SegmentedRaftLogWorker (SegmentedRaftLogWorker.java:startLogSegment(380)) - 6e576732-ecfb-4248-9d86-5108c1c5cbaf@group-0494638EB3EC-SegmentedRaftLogWorker: Starting segment from index:0
2019-09-27 00:25:13,051 [efab0370-fcb4-4e55-b091-fb0e2fabfa09@group-D4627996A434:LeaderElection79] INFO  impl.LeaderElection (LeaderElection.java:askForVotes(182)) - efab0370-fcb4-4e55-b091-fb0e2fabfa09@group-D4627996A434:LeaderElection79: begin an election at term 1 for -1: [efab0370-fcb4-4e55-b091-fb0e2fabfa09:192.168.30.42:41143], old=null
2019-09-27 00:25:13,051 [6e576732-ecfb-4248-9d86-5108c1c5cbaf@group-0494638EB3EC:LeaderElection78] INFO  impl.RaftServerImpl (ServerState.java:setRaftConf(354)) - 6e576732-ecfb-4248-9d86-5108c1c5cbaf@group-0494638EB3EC: set configuration 0: [6e576732-ecfb-4248-9d86-5108c1c5cbaf:192.168.30.42:34225], old=null at 0
2019-09-27 00:25:13,051 [efab0370-fcb4-4e55-b091-fb0e2fabfa09@group-D4627996A434:LeaderElection79] INFO  impl.RoleInfo (RoleInfo.java:shutdownLeaderElection(134)) - efab0370-fcb4-4e55-b091-fb0e2fabfa09: shutdown LeaderElection
2019-09-27 00:25:13,051 [f77c7d1f-7fe6-48fc-9d3e-095734d688af@group-DFACC16ECC27:LeaderElection80] INFO  impl.LeaderElection (LeaderElection.java:askForVotes(182)) - f77c7d1f-7fe6-48fc-9d3e-095734d688af@group-DFACC16ECC27:LeaderElection80: begin an election at term 1 for -1: [f77c7d1f-7fe6-48fc-9d3e-095734d688af:192.168.30.42:38959], old=null
2019-09-27 00:25:13,051 [efab0370-fcb4-4e55-b091-fb0e2fabfa09@group-D4627996A434:LeaderElection79] INFO  impl.RaftServerImpl (RaftServerImpl.java:setRole(174)) - efab0370-fcb4-4e55-b091-fb0e2fabfa09@group-D4627996A434: changes role from CANDIDATE to LEADER at term 1 for changeToLeader
2019-09-27 00:25:13,052 [f77c7d1f-7fe6-48fc-9d3e-095734d688af@group-DFACC16ECC27:LeaderElection80] INFO  impl.RoleInfo (RoleInfo.java:shutdownLeaderElection(134)) - f77c7d1f-7fe6-48fc-9d3e-095734d688af: shutdown LeaderElection
2019-09-27 00:25:13,052 [efab0370-fcb4-4e55-b091-fb0e2fabfa09@group-D4627996A434:LeaderElection79] INFO  impl.RaftServerImpl (ServerState.java:setLeader(253)) - efab0370-fcb4-4e55-b091-fb0e2fabfa09@group-D4627996A434: change Leader from null to efab0370-fcb4-4e55-b091-fb0e2fabfa09 at term 1 for becomeLeader, leader elected after 5168ms
2019-09-27 00:25:13,052 [f77c7d1f-7fe6-48fc-9d3e-095734d688af@group-DFACC16ECC27:LeaderElection80] INFO  impl.RaftServerImpl (RaftServerImpl.java:setRole(174)) - f77c7d1f-7fe6-48fc-9d3e-095734d688af@group-DFACC16ECC27: changes role from CANDIDATE to LEADER at term 1 for changeToLeader
2019-09-27 00:25:13,052 [efab0370-fcb4-4e55-b091-fb0e2fabfa09@group-D4627996A434:LeaderElection79] INFO  server.RaftServerConfigKeys (ConfUtils.java:logGet(43)) - raft.server.staging.catchup.gap = 1000 (default)
2019-09-27 00:25:13,052 [f77c7d1f-7fe6-48fc-9d3e-095734d688af@group-DFACC16ECC27:LeaderElection80] INFO  impl.RaftServerImpl (ServerState.java:setLeader(253)) - f77c7d1f-7fe6-48fc-9d3e-095734d688af@group-DFACC16ECC27: change Leader from null to f77c7d1f-7fe6-48fc-9d3e-095734d688af at term 1 for becomeLeader, leader elected after 5051ms
2019-09-27 00:25:13,052 [efab0370-fcb4-4e55-b091-fb0e2fabfa09@group-D4627996A434:LeaderElection79] INFO  server.RaftServerConfigKeys (ConfUtils.java:logGet(43)) - raft.server.rpc.sleep.time = 25ms (default)
2019-09-27 00:25:13,052 [f77c7d1f-7fe6-48fc-9d3e-095734d688af@group-DFACC16ECC27:LeaderElection80] INFO  server.RaftServerConfigKeys (ConfUtils.java:logGet(43)) - raft.server.staging.catchup.gap = 1000 (default)
2019-09-27 00:25:13,052 [efab0370-fcb4-4e55-b091-fb0e2fabfa09@group-D4627996A434:LeaderElection79] INFO  server.RaftServerConfigKeys (ConfUtils.java:logGet(43)) - raft.server.write.element-limit = 4096 (default)
2019-09-27 00:25:13,053 [f77c7d1f-7fe6-48fc-9d3e-095734d688af@group-DFACC16ECC27:LeaderElection80] INFO  server.RaftServerConfigKeys (ConfUtils.java:logGet(43)) - raft.server.rpc.sleep.time = 25ms (default)
2019-09-27 00:25:13,053 [efab0370-fcb4-4e55-b091-fb0e2fabfa09@group-D4627996A434:LeaderElection79] INFO  server.RaftServerConfigKeys (ConfUtils.java:logGet(43)) - raft.server.watch.timeout = 10s (default)
2019-09-27 00:25:13,053 [f77c7d1f-7fe6-48fc-9d3e-095734d688af@group-DFACC16ECC27:LeaderElection80] INFO  server.RaftServerConfigKeys (ConfUtils.java:logGet(43)) - raft.server.write.element-limit = 4096 (default)
2019-09-27 00:25:13,053 [efab0370-fcb4-4e55-b091-fb0e2fabfa09@group-D4627996A434:LeaderElection79] INFO  server.RaftServerConfigKeys (ConfUtils.java:logGet(43)) - raft.server.watch.timeout.denomination = 1s (default)
2019-09-27 00:25:13,053 [f77c7d1f-7fe6-48fc-9d3e-095734d688af@group-DFACC16ECC27:LeaderElection80] INFO  server.RaftServerConfigKeys (ConfUtils.java:logGet(43)) - raft.server.watch.timeout = 10s (default)
2019-09-27 00:25:13,053 [efab0370-fcb4-4e55-b091-fb0e2fabfa09@group-D4627996A434:LeaderElection79] INFO  server.RaftServerConfigKeys (ConfUtils.java:logGet(43)) - raft.server.watch.element-limit = 65536 (default)
2019-09-27 00:25:13,053 [f77c7d1f-7fe6-48fc-9d3e-095734d688af@group-DFACC16ECC27:LeaderElection80] INFO  server.RaftServerConfigKeys (ConfUtils.java:logGet(43)) - raft.server.watch.timeout.denomination = 1s (default)
2019-09-27 00:25:13,054 [f77c7d1f-7fe6-48fc-9d3e-095734d688af@group-DFACC16ECC27:LeaderElection80] INFO  server.RaftServerConfigKeys (ConfUtils.java:logGet(43)) - raft.server.watch.element-limit = 65536 (default)
2019-09-27 00:25:13,055 [efab0370-fcb4-4e55-b091-fb0e2fabfa09@group-D4627996A434:LeaderElection79] INFO  impl.RoleInfo (RoleInfo.java:updateAndGet(143)) - efab0370-fcb4-4e55-b091-fb0e2fabfa09: start LeaderState
2019-09-27 00:25:13,055 [efab0370-fcb4-4e55-b091-fb0e2fabfa09@group-D4627996A434:LeaderElection79] INFO  segmented.SegmentedRaftLogWorker (SegmentedRaftLogWorker.java:startLogSegment(380)) - efab0370-fcb4-4e55-b091-fb0e2fabfa09@group-D4627996A434-SegmentedRaftLogWorker: Starting segment from index:0
2019-09-27 00:25:13,056 [efab0370-fcb4-4e55-b091-fb0e2fabfa09@group-D4627996A434:LeaderElection79] INFO  impl.RaftServerImpl (ServerState.java:setRaftConf(354)) - efab0370-fcb4-4e55-b091-fb0e2fabfa09@group-D4627996A434: set configuration 0: [efab0370-fcb4-4e55-b091-fb0e2fabfa09:192.168.30.42:41143], old=null at 0
2019-09-27 00:25:13,057 [f77c7d1f-7fe6-48fc-9d3e-095734d688af@group-DFACC16ECC27:LeaderElection80] INFO  impl.RoleInfo (RoleInfo.java:updateAndGet(143)) - f77c7d1f-7fe6-48fc-9d3e-095734d688af: start LeaderState
2019-09-27 00:25:13,057 [f77c7d1f-7fe6-48fc-9d3e-095734d688af@group-DFACC16ECC27:LeaderElection80] INFO  segmented.SegmentedRaftLogWorker (SegmentedRaftLogWorker.java:startLogSegment(380)) - f77c7d1f-7fe6-48fc-9d3e-095734d688af@group-DFACC16ECC27-SegmentedRaftLogWorker: Starting segment from index:0
2019-09-27 00:25:13,057 [f77c7d1f-7fe6-48fc-9d3e-095734d688af@group-DFACC16ECC27:LeaderElection80] INFO  impl.RaftServerImpl (ServerState.java:setRaftConf(354)) - f77c7d1f-7fe6-48fc-9d3e-095734d688af@group-DFACC16ECC27: set configuration 0: [f77c7d1f-7fe6-48fc-9d3e-095734d688af:192.168.30.42:38959], old=null at 0
2019-09-27 00:25:13,100 [6e576732-ecfb-4248-9d86-5108c1c5cbaf@group-0494638EB3EC-SegmentedRaftLogWorker] INFO  segmented.SegmentedRaftLogWorker (SegmentedRaftLogWorker.java:execute(569)) - 6e576732-ecfb-4248-9d86-5108c1c5cbaf@group-0494638EB3EC-SegmentedRaftLogWorker: created new log segment /workdir/hadoop-ozone/integration-test/target/test-dir/MiniOzoneClusterImpl-bd5938d5-a9f0-46e6-9cba-1e01c8d8b818/datanode-1/data/ratis/a361ef32-3cc1-4b2c-9785-0494638eb3ec/current/log_inprogress_0
2019-09-27 00:25:13,100 [f77c7d1f-7fe6-48fc-9d3e-095734d688af@group-DFACC16ECC27-SegmentedRaftLogWorker] INFO  segmented.SegmentedRaftLogWorker (SegmentedRaftLogWorker.java:execute(569)) - f77c7d1f-7fe6-48fc-9d3e-095734d688af@group-DFACC16ECC27-SegmentedRaftLogWorker: created new log segment /workdir/hadoop-ozone/integration-test/target/test-dir/MiniOzoneClusterImpl-bd5938d5-a9f0-46e6-9cba-1e01c8d8b818/datanode-2/data/ratis/af363f15-f357-4967-8036-dfacc16ecc27/current/log_inprogress_0
2019-09-27 00:25:13,100 [efab0370-fcb4-4e55-b091-fb0e2fabfa09@group-D4627996A434-SegmentedRaftLogWorker] INFO  segmented.SegmentedRaftLogWorker (SegmentedRaftLogWorker.java:execute(569)) - efab0370-fcb4-4e55-b091-fb0e2fabfa09@group-D4627996A434-SegmentedRaftLogWorker: created new log segment /workdir/hadoop-ozone/integration-test/target/test-dir/MiniOzoneClusterImpl-bd5938d5-a9f0-46e6-9cba-1e01c8d8b818/datanode-0/data/ratis/d24a34dd-5162-4b7e-ac3b-d4627996a434/current/log_inprogress_0
2019-09-27 00:25:13,139 [Thread-3124] INFO  impl.FollowerState (FollowerState.java:run(106)) - f77c7d1f-7fe6-48fc-9d3e-095734d688af:group-206A3C67ED79 changes to CANDIDATE, lastRpcTime:5074, electionTimeout:5073ms
2019-09-27 00:25:13,139 [Thread-3124] INFO  impl.RoleInfo (RoleInfo.java:shutdownFollowerState(121)) - f77c7d1f-7fe6-48fc-9d3e-095734d688af: shutdown FollowerState
2019-09-27 00:25:13,139 [Thread-3124] INFO  impl.RaftServerImpl (RaftServerImpl.java:setRole(174)) - f77c7d1f-7fe6-48fc-9d3e-095734d688af@group-206A3C67ED79: changes role from  FOLLOWER to CANDIDATE at term 0 for changeToCandidate
2019-09-27 00:25:13,139 [Thread-3124] INFO  impl.RoleInfo (RoleInfo.java:updateAndGet(143)) - f77c7d1f-7fe6-48fc-9d3e-095734d688af: start LeaderElection
2019-09-27 00:25:13,179 [f77c7d1f-7fe6-48fc-9d3e-095734d688af@group-206A3C67ED79:LeaderElection81] INFO  impl.LeaderElection (LeaderElection.java:askForVotes(182)) - f77c7d1f-7fe6-48fc-9d3e-095734d688af@group-206A3C67ED79:LeaderElection81: begin an election at term 1 for -1: [f77c7d1f-7fe6-48fc-9d3e-095734d688af:192.168.30.42:38959, efab0370-fcb4-4e55-b091-fb0e2fabfa09:192.168.30.42:41143, 6e576732-ecfb-4248-9d86-5108c1c5cbaf:192.168.30.42:34225], old=null
2019-09-27 00:25:13,184 [grpc-default-executor-13] INFO  impl.RaftServerImpl (RaftServerImpl.java:setRole(174)) - efab0370-fcb4-4e55-b091-fb0e2fabfa09@group-206A3C67ED79: changes role from  FOLLOWER to FOLLOWER at term 1 for recognizeCandidate:f77c7d1f-7fe6-48fc-9d3e-095734d688af
2019-09-27 00:25:13,184 [grpc-default-executor-11] INFO  impl.RaftServerImpl (RaftServerImpl.java:setRole(174)) - 6e576732-ecfb-4248-9d86-5108c1c5cbaf@group-206A3C67ED79: changes role from  FOLLOWER to FOLLOWER at term 1 for recognizeCandidate:f77c7d1f-7fe6-48fc-9d3e-095734d688af
2019-09-27 00:25:13,184 [grpc-default-executor-13] INFO  impl.RoleInfo (RoleInfo.java:shutdownFollowerState(121)) - efab0370-fcb4-4e55-b091-fb0e2fabfa09: shutdown FollowerState
2019-09-27 00:25:13,184 [grpc-default-executor-11] INFO  impl.RoleInfo (RoleInfo.java:shutdownFollowerState(121)) - 6e576732-ecfb-4248-9d86-5108c1c5cbaf: shutdown FollowerState
2019-09-27 00:25:13,184 [grpc-default-executor-13] INFO  impl.RoleInfo (RoleInfo.java:updateAndGet(143)) - efab0370-fcb4-4e55-b091-fb0e2fabfa09: start FollowerState
2019-09-27 00:25:13,185 [grpc-default-executor-11] INFO  impl.RoleInfo (RoleInfo.java:updateAndGet(143)) - 6e576732-ecfb-4248-9d86-5108c1c5cbaf: start FollowerState
2019-09-27 00:25:13,185 [Thread-3130] INFO  impl.FollowerState (FollowerState.java:run(115)) - 6e576732-ecfb-4248-9d86-5108c1c5cbaf: FollowerState was interrupted: java.lang.InterruptedException: sleep interrupted
2019-09-27 00:25:13,185 [Thread-3128] INFO  impl.FollowerState (FollowerState.java:run(115)) - efab0370-fcb4-4e55-b091-fb0e2fabfa09: FollowerState was interrupted: java.lang.InterruptedException: sleep interrupted
2019-09-27 00:25:13,205 [f77c7d1f-7fe6-48fc-9d3e-095734d688af@group-206A3C67ED79:LeaderElection81] INFO  impl.LeaderElection (LeaderElection.java:logAndReturn(56)) - f77c7d1f-7fe6-48fc-9d3e-095734d688af@group-206A3C67ED79:LeaderElection81: Election PASSED; received 1 response(s) [f77c7d1f-7fe6-48fc-9d3e-095734d688af<-efab0370-fcb4-4e55-b091-fb0e2fabfa09#0:OK-t1] and 0 exception(s); f77c7d1f-7fe6-48fc-9d3e-095734d688af@group-206A3C67ED79:t1, leader=null, voted=f77c7d1f-7fe6-48fc-9d3e-095734d688af, raftlog=f77c7d1f-7fe6-48fc-9d3e-095734d688af@group-206A3C67ED79-SegmentedRaftLog:OPENED:c-1,f-1,i0, conf=-1: [f77c7d1f-7fe6-48fc-9d3e-095734d688af:192.168.30.42:38959, efab0370-fcb4-4e55-b091-fb0e2fabfa09:192.168.30.42:41143, 6e576732-ecfb-4248-9d86-5108c1c5cbaf:192.168.30.42:34225], old=null
2019-09-27 00:25:13,205 [f77c7d1f-7fe6-48fc-9d3e-095734d688af@group-206A3C67ED79:LeaderElection81] INFO  impl.RoleInfo (RoleInfo.java:shutdownLeaderElection(134)) - f77c7d1f-7fe6-48fc-9d3e-095734d688af: shutdown LeaderElection
2019-09-27 00:25:13,206 [f77c7d1f-7fe6-48fc-9d3e-095734d688af@group-206A3C67ED79:LeaderElection81] INFO  impl.RaftServerImpl (RaftServerImpl.java:setRole(174)) - f77c7d1f-7fe6-48fc-9d3e-095734d688af@group-206A3C67ED79: changes role from CANDIDATE to LEADER at term 1 for changeToLeader
2019-09-27 00:25:13,206 [f77c7d1f-7fe6-48fc-9d3e-095734d688af@group-206A3C67ED79:LeaderElection81] INFO  impl.RaftServerImpl (ServerState.java:setLeader(253)) - f77c7d1f-7fe6-48fc-9d3e-095734d688af@group-206A3C67ED79: change Leader from null to f77c7d1f-7fe6-48fc-9d3e-095734d688af at term 1 for becomeLeader, leader elected after 5149ms
2019-09-27 00:25:13,206 [f77c7d1f-7fe6-48fc-9d3e-095734d688af@group-206A3C67ED79:LeaderElection81] INFO  server.RaftServerConfigKeys (ConfUtils.java:logGet(43)) - raft.server.staging.catchup.gap = 1000 (default)
2019-09-27 00:25:13,206 [f77c7d1f-7fe6-48fc-9d3e-095734d688af@group-206A3C67ED79:LeaderElection81] INFO  server.RaftServerConfigKeys (ConfUtils.java:logGet(43)) - raft.server.rpc.sleep.time = 25ms (default)
2019-09-27 00:25:13,206 [f77c7d1f-7fe6-48fc-9d3e-095734d688af@group-206A3C67ED79:LeaderElection81] INFO  server.RaftServerConfigKeys (ConfUtils.java:logGet(43)) - raft.server.write.element-limit = 4096 (default)
2019-09-27 00:25:13,206 [f77c7d1f-7fe6-48fc-9d3e-095734d688af@group-206A3C67ED79:LeaderElection81] INFO  server.RaftServerConfigKeys (ConfUtils.java:logGet(43)) - raft.server.watch.timeout = 10s (default)
2019-09-27 00:25:13,206 [f77c7d1f-7fe6-48fc-9d3e-095734d688af@group-206A3C67ED79:LeaderElection81] INFO  server.RaftServerConfigKeys (ConfUtils.java:logGet(43)) - raft.server.watch.timeout.denomination = 1s (default)
2019-09-27 00:25:13,206 [f77c7d1f-7fe6-48fc-9d3e-095734d688af@group-206A3C67ED79:LeaderElection81] INFO  server.RaftServerConfigKeys (ConfUtils.java:logGet(43)) - raft.server.watch.element-limit = 65536 (default)
2019-09-27 00:25:13,208 [f77c7d1f-7fe6-48fc-9d3e-095734d688af@group-206A3C67ED79:LeaderElection81] INFO  server.RaftServerConfigKeys (ConfUtils.java:logGet(43)) - raft.server.log.appender.snapshot.chunk.size.max = 16MB (=16777216) (default)
2019-09-27 00:25:13,209 [f77c7d1f-7fe6-48fc-9d3e-095734d688af@group-206A3C67ED79:LeaderElection81] INFO  server.RaftServerConfigKeys (ConfUtils.java:logGet(43)) - raft.server.log.appender.buffer.byte-limit = 33554432 (custom)
2019-09-27 00:25:13,209 [f77c7d1f-7fe6-48fc-9d3e-095734d688af@group-206A3C67ED79:LeaderElection81] INFO  server.RaftServerConfigKeys (ConfUtils.java:logGet(43)) - raft.server.log.appender.buffer.element-limit = 1 (custom)
2019-09-27 00:25:13,209 [f77c7d1f-7fe6-48fc-9d3e-095734d688af@group-206A3C67ED79:LeaderElection81] INFO  grpc.GrpcConfigKeys$Server (ConfUtils.java:logGet(43)) - raft.grpc.server.leader.outstanding.appends.max = 128 (default)
2019-09-27 00:25:13,209 [f77c7d1f-7fe6-48fc-9d3e-095734d688af@group-206A3C67ED79:LeaderElection81] INFO  server.RaftServerConfigKeys (ConfUtils.java:logGet(43)) - raft.server.rpc.request.timeout = 3000ms (default)
2019-09-27 00:25:13,210 [f77c7d1f-7fe6-48fc-9d3e-095734d688af@group-206A3C67ED79:LeaderElection81] INFO  server.RaftServerConfigKeys (ConfUtils.java:logGet(43)) - raft.server.log.appender.install.snapshot.enabled = false (custom)
2019-09-27 00:25:13,210 [f77c7d1f-7fe6-48fc-9d3e-095734d688af@group-206A3C67ED79:LeaderElection81] INFO  server.RaftServerConfigKeys (ConfUtils.java:logGet(43)) - raft.server.log.appender.snapshot.chunk.size.max = 16MB (=16777216) (default)
2019-09-27 00:25:13,210 [f77c7d1f-7fe6-48fc-9d3e-095734d688af@group-206A3C67ED79:LeaderElection81] INFO  server.RaftServerConfigKeys (ConfUtils.java:logGet(43)) - raft.server.log.appender.buffer.byte-limit = 33554432 (custom)
2019-09-27 00:25:13,210 [f77c7d1f-7fe6-48fc-9d3e-095734d688af@group-206A3C67ED79:LeaderElection81] INFO  server.RaftServerConfigKeys (ConfUtils.java:logGet(43)) - raft.server.log.appender.buffer.element-limit = 1 (custom)
2019-09-27 00:25:13,211 [f77c7d1f-7fe6-48fc-9d3e-095734d688af@group-206A3C67ED79:LeaderElection81] INFO  grpc.GrpcConfigKeys$Server (ConfUtils.java:logGet(43)) - raft.grpc.server.leader.outstanding.appends.max = 128 (default)
2019-09-27 00:25:13,211 [f77c7d1f-7fe6-48fc-9d3e-095734d688af@group-206A3C67ED79:LeaderElection81] INFO  server.RaftServerConfigKeys (ConfUtils.java:logGet(43)) - raft.server.rpc.request.timeout = 3000ms (default)
2019-09-27 00:25:13,211 [f77c7d1f-7fe6-48fc-9d3e-095734d688af@group-206A3C67ED79:LeaderElection81] INFO  server.RaftServerConfigKeys (ConfUtils.java:logGet(43)) - raft.server.log.appender.install.snapshot.enabled = false (custom)
2019-09-27 00:25:13,211 [f77c7d1f-7fe6-48fc-9d3e-095734d688af@group-206A3C67ED79:LeaderElection81] INFO  impl.RoleInfo (RoleInfo.java:updateAndGet(143)) - f77c7d1f-7fe6-48fc-9d3e-095734d688af: start LeaderState
2019-09-27 00:25:13,211 [f77c7d1f-7fe6-48fc-9d3e-095734d688af@group-206A3C67ED79:LeaderElection81] INFO  segmented.SegmentedRaftLogWorker (SegmentedRaftLogWorker.java:startLogSegment(380)) - f77c7d1f-7fe6-48fc-9d3e-095734d688af@group-206A3C67ED79-SegmentedRaftLogWorker: Starting segment from index:0
2019-09-27 00:25:13,212 [f77c7d1f-7fe6-48fc-9d3e-095734d688af@group-206A3C67ED79:LeaderElection81] INFO  impl.RaftServerImpl (ServerState.java:setRaftConf(354)) - f77c7d1f-7fe6-48fc-9d3e-095734d688af@group-206A3C67ED79: set configuration 0: [f77c7d1f-7fe6-48fc-9d3e-095734d688af:192.168.30.42:38959, efab0370-fcb4-4e55-b091-fb0e2fabfa09:192.168.30.42:41143, 6e576732-ecfb-4248-9d86-5108c1c5cbaf:192.168.30.42:34225], old=null at 0
2019-09-27 00:25:13,248 [Thread-3133] INFO  impl.FollowerState (FollowerState.java:run(106)) - 3e2aa5f0-b552-4edc-b72c-2b543357819f:group-1C1A07A6ACEE changes to CANDIDATE, lastRpcTime:5114, electionTimeout:5094ms
2019-09-27 00:25:13,251 [Thread-3133] INFO  impl.RoleInfo (RoleInfo.java:shutdownFollowerState(121)) - 3e2aa5f0-b552-4edc-b72c-2b543357819f: shutdown FollowerState
2019-09-27 00:25:13,251 [Thread-3136] INFO  impl.FollowerState (FollowerState.java:run(106)) - 9506ffde-d80f-4d1d-a7e4-1ae5324a65d9:group-F6299DBEE69A changes to CANDIDATE, lastRpcTime:5059, electionTimeout:5044ms
2019-09-27 00:25:13,251 [Thread-3133] INFO  impl.RaftServerImpl (RaftServerImpl.java:setRole(174)) - 3e2aa5f0-b552-4edc-b72c-2b543357819f@group-1C1A07A6ACEE: changes role from  FOLLOWER to CANDIDATE at term 0 for changeToCandidate
2019-09-27 00:25:13,251 [Thread-3133] INFO  impl.RoleInfo (RoleInfo.java:updateAndGet(143)) - 3e2aa5f0-b552-4edc-b72c-2b543357819f: start LeaderElection
2019-09-27 00:25:13,251 [Thread-3136] INFO  impl.RoleInfo (RoleInfo.java:shutdownFollowerState(121)) - 9506ffde-d80f-4d1d-a7e4-1ae5324a65d9: shutdown FollowerState
2019-09-27 00:25:13,251 [Thread-3136] INFO  impl.RaftServerImpl (RaftServerImpl.java:setRole(174)) - 9506ffde-d80f-4d1d-a7e4-1ae5324a65d9@group-F6299DBEE69A: changes role from  FOLLOWER to CANDIDATE at term 0 for changeToCandidate
2019-09-27 00:25:13,252 [Thread-3136] INFO  impl.RoleInfo (RoleInfo.java:updateAndGet(143)) - 9506ffde-d80f-4d1d-a7e4-1ae5324a65d9: start LeaderElection
2019-09-27 00:25:13,260 [grpc-default-executor-13] INFO  impl.RaftServerImpl (ServerState.java:setLeader(253)) - efab0370-fcb4-4e55-b091-fb0e2fabfa09@group-206A3C67ED79: change Leader from null to f77c7d1f-7fe6-48fc-9d3e-095734d688af at term 1 for appendEntries, leader elected after 5204ms
2019-09-27 00:25:13,263 [grpc-default-executor-11] INFO  impl.RaftServerImpl (ServerState.java:setLeader(253)) - 6e576732-ecfb-4248-9d86-5108c1c5cbaf@group-206A3C67ED79: change Leader from null to f77c7d1f-7fe6-48fc-9d3e-095734d688af at term 1 for appendEntries, leader elected after 5207ms
2019-09-27 00:25:13,264 [f77c7d1f-7fe6-48fc-9d3e-095734d688af@group-206A3C67ED79-SegmentedRaftLogWorker] INFO  segmented.SegmentedRaftLogWorker (SegmentedRaftLogWorker.java:execute(569)) - f77c7d1f-7fe6-48fc-9d3e-095734d688af@group-206A3C67ED79-SegmentedRaftLogWorker: created new log segment /workdir/hadoop-ozone/integration-test/target/test-dir/MiniOzoneClusterImpl-bd5938d5-a9f0-46e6-9cba-1e01c8d8b818/datanode-2/data/ratis/1936d380-f982-4153-a9b0-206a3c67ed79/current/log_inprogress_0
2019-09-27 00:25:13,267 [3e2aa5f0-b552-4edc-b72c-2b543357819f@group-1C1A07A6ACEE:LeaderElection82] INFO  impl.LeaderElection (LeaderElection.java:askForVotes(182)) - 3e2aa5f0-b552-4edc-b72c-2b543357819f@group-1C1A07A6ACEE:LeaderElection82: begin an election at term 1 for -1: [3e2aa5f0-b552-4edc-b72c-2b543357819f:192.168.30.42:42597], old=null
2019-09-27 00:25:13,267 [9506ffde-d80f-4d1d-a7e4-1ae5324a65d9@group-F6299DBEE69A:LeaderElection83] INFO  impl.LeaderElection (LeaderElection.java:askForVotes(182)) - 9506ffde-d80f-4d1d-a7e4-1ae5324a65d9@group-F6299DBEE69A:LeaderElection83: begin an election at term 1 for -1: [9506ffde-d80f-4d1d-a7e4-1ae5324a65d9:192.168.30.42:45115], old=null
2019-09-27 00:25:13,270 [9506ffde-d80f-4d1d-a7e4-1ae5324a65d9@group-F6299DBEE69A:LeaderElection83] INFO  impl.RoleInfo (RoleInfo.java:shutdownLeaderElection(134)) - 9506ffde-d80f-4d1d-a7e4-1ae5324a65d9: shutdown LeaderElection
2019-09-27 00:25:13,270 [9506ffde-d80f-4d1d-a7e4-1ae5324a65d9@group-F6299DBEE69A:LeaderElection83] INFO  impl.RaftServerImpl (RaftServerImpl.java:setRole(174)) - 9506ffde-d80f-4d1d-a7e4-1ae5324a65d9@group-F6299DBEE69A: changes role from CANDIDATE to LEADER at term 1 for changeToLeader
2019-09-27 00:25:13,270 [3e2aa5f0-b552-4edc-b72c-2b543357819f@group-1C1A07A6ACEE:LeaderElection82] INFO  impl.RoleInfo (RoleInfo.java:shutdownLeaderElection(134)) - 3e2aa5f0-b552-4edc-b72c-2b543357819f: shutdown LeaderElection
2019-09-27 00:25:13,270 [9506ffde-d80f-4d1d-a7e4-1ae5324a65d9@group-F6299DBEE69A:LeaderElection83] INFO  impl.RaftServerImpl (ServerState.java:setLeader(253)) - 9506ffde-d80f-4d1d-a7e4-1ae5324a65d9@group-F6299DBEE69A: change Leader from null to 9506ffde-d80f-4d1d-a7e4-1ae5324a65d9 at term 1 for becomeLeader, leader elected after 5084ms
2019-09-27 00:25:13,270 [3e2aa5f0-b552-4edc-b72c-2b543357819f@group-1C1A07A6ACEE:LeaderElection82] INFO  impl.RaftServerImpl (RaftServerImpl.java:setRole(174)) - 3e2aa5f0-b552-4edc-b72c-2b543357819f@group-1C1A07A6ACEE: changes role from CANDIDATE to LEADER at term 1 for changeToLeader
2019-09-27 00:25:13,271 [9506ffde-d80f-4d1d-a7e4-1ae5324a65d9@group-F6299DBEE69A:LeaderElection83] INFO  server.RaftServerConfigKeys (ConfUtils.java:logGet(43)) - raft.server.staging.catchup.gap = 1000 (default)
2019-09-27 00:25:13,271 [3e2aa5f0-b552-4edc-b72c-2b543357819f@group-1C1A07A6ACEE:LeaderElection82] INFO  impl.RaftServerImpl (ServerState.java:setLeader(253)) - 3e2aa5f0-b552-4edc-b72c-2b543357819f@group-1C1A07A6ACEE: change Leader from null to 3e2aa5f0-b552-4edc-b72c-2b543357819f at term 1 for becomeLeader, leader elected after 5143ms
2019-09-27 00:25:13,271 [9506ffde-d80f-4d1d-a7e4-1ae5324a65d9@group-F6299DBEE69A:LeaderElection83] INFO  server.RaftServerConfigKeys (ConfUtils.java:logGet(43)) - raft.server.rpc.sleep.time = 25ms (default)
2019-09-27 00:25:13,271 [3e2aa5f0-b552-4edc-b72c-2b543357819f@group-1C1A07A6ACEE:LeaderElection82] INFO  server.RaftServerConfigKeys (ConfUtils.java:logGet(43)) - raft.server.staging.catchup.gap = 1000 (default)
2019-09-27 00:25:13,271 [9506ffde-d80f-4d1d-a7e4-1ae5324a65d9@group-F6299DBEE69A:LeaderElection83] INFO  server.RaftServerConfigKeys (ConfUtils.java:logGet(43)) - raft.server.write.element-limit = 4096 (default)
2019-09-27 00:25:13,271 [3e2aa5f0-b552-4edc-b72c-2b543357819f@group-1C1A07A6ACEE:LeaderElection82] INFO  server.RaftServerConfigKeys (ConfUtils.java:logGet(43)) - raft.server.rpc.sleep.time = 25ms (default)
2019-09-27 00:25:13,272 [9506ffde-d80f-4d1d-a7e4-1ae5324a65d9@group-F6299DBEE69A:LeaderElection83] INFO  server.RaftServerConfigKeys (ConfUtils.java:logGet(43)) - raft.server.watch.timeout = 10s (default)
2019-09-27 00:25:13,274 [9506ffde-d80f-4d1d-a7e4-1ae5324a65d9@group-F6299DBEE69A:LeaderElection83] INFO  server.RaftServerConfigKeys (ConfUtils.java:logGet(43)) - raft.server.watch.timeout.denomination = 1s (default)
2019-09-27 00:25:13,275 [3e2aa5f0-b552-4edc-b72c-2b543357819f@group-1C1A07A6ACEE:LeaderElection82] INFO  server.RaftServerConfigKeys (ConfUtils.java:logGet(43)) - raft.server.write.element-limit = 4096 (default)
2019-09-27 00:25:13,277 [grpc-default-executor-13] INFO  impl.RaftServerImpl (ServerState.java:setRaftConf(354)) - 6e576732-ecfb-4248-9d86-5108c1c5cbaf@group-206A3C67ED79: set configuration 0: [f77c7d1f-7fe6-48fc-9d3e-095734d688af:192.168.30.42:38959, efab0370-fcb4-4e55-b091-fb0e2fabfa09:192.168.30.42:41143, 6e576732-ecfb-4248-9d86-5108c1c5cbaf:192.168.30.42:34225], old=null at 0
2019-09-27 00:25:13,275 [9506ffde-d80f-4d1d-a7e4-1ae5324a65d9@group-F6299DBEE69A:LeaderElection83] INFO  server.RaftServerConfigKeys (ConfUtils.java:logGet(43)) - raft.server.watch.element-limit = 65536 (default)
2019-09-27 00:25:13,275 [grpc-default-executor-11] INFO  impl.RaftServerImpl (ServerState.java:setRaftConf(354)) - efab0370-fcb4-4e55-b091-fb0e2fabfa09@group-206A3C67ED79: set configuration 0: [f77c7d1f-7fe6-48fc-9d3e-095734d688af:192.168.30.42:38959, efab0370-fcb4-4e55-b091-fb0e2fabfa09:192.168.30.42:41143, 6e576732-ecfb-4248-9d86-5108c1c5cbaf:192.168.30.42:34225], old=null at 0
2019-09-27 00:25:13,278 [grpc-default-executor-13] INFO  segmented.SegmentedRaftLogWorker (SegmentedRaftLogWorker.java:startLogSegment(380)) - 6e576732-ecfb-4248-9d86-5108c1c5cbaf@group-206A3C67ED79-SegmentedRaftLogWorker: Starting segment from index:0
2019-09-27 00:25:13,277 [3e2aa5f0-b552-4edc-b72c-2b543357819f@group-1C1A07A6ACEE:LeaderElection82] INFO  server.RaftServerConfigKeys (ConfUtils.java:logGet(43)) - raft.server.watch.timeout = 10s (default)
2019-09-27 00:25:13,279 [3e2aa5f0-b552-4edc-b72c-2b543357819f@group-1C1A07A6ACEE:LeaderElection82] INFO  server.RaftServerConfigKeys (ConfUtils.java:logGet(43)) - raft.server.watch.timeout.denomination = 1s (default)
2019-09-27 00:25:13,278 [grpc-default-executor-11] INFO  segmented.SegmentedRaftLogWorker (SegmentedRaftLogWorker.java:startLogSegment(380)) - efab0370-fcb4-4e55-b091-fb0e2fabfa09@group-206A3C67ED79-SegmentedRaftLogWorker: Starting segment from index:0
2019-09-27 00:25:13,279 [3e2aa5f0-b552-4edc-b72c-2b543357819f@group-1C1A07A6ACEE:LeaderElection82] INFO  server.RaftServerConfigKeys (ConfUtils.java:logGet(43)) - raft.server.watch.element-limit = 65536 (default)
2019-09-27 00:25:13,279 [9506ffde-d80f-4d1d-a7e4-1ae5324a65d9@group-F6299DBEE69A:LeaderElection83] INFO  impl.RoleInfo (RoleInfo.java:updateAndGet(143)) - 9506ffde-d80f-4d1d-a7e4-1ae5324a65d9: start LeaderState
2019-09-27 00:25:13,280 [9506ffde-d80f-4d1d-a7e4-1ae5324a65d9@group-F6299DBEE69A:LeaderElection83] INFO  segmented.SegmentedRaftLogWorker (SegmentedRaftLogWorker.java:startLogSegment(380)) - 9506ffde-d80f-4d1d-a7e4-1ae5324a65d9@group-F6299DBEE69A-SegmentedRaftLogWorker: Starting segment from index:0
2019-09-27 00:25:13,281 [9506ffde-d80f-4d1d-a7e4-1ae5324a65d9@group-F6299DBEE69A:LeaderElection83] INFO  impl.RaftServerImpl (ServerState.java:setRaftConf(354)) - 9506ffde-d80f-4d1d-a7e4-1ae5324a65d9@group-F6299DBEE69A: set configuration 0: [9506ffde-d80f-4d1d-a7e4-1ae5324a65d9:192.168.30.42:45115], old=null at 0
2019-09-27 00:25:13,324 [3e2aa5f0-b552-4edc-b72c-2b543357819f@group-1C1A07A6ACEE:LeaderElection82] INFO  impl.RoleInfo (RoleInfo.java:updateAndGet(143)) - 3e2aa5f0-b552-4edc-b72c-2b543357819f: start LeaderState
2019-09-27 00:25:13,324 [3e2aa5f0-b552-4edc-b72c-2b543357819f@group-1C1A07A6ACEE:LeaderElection82] INFO  segmented.SegmentedRaftLogWorker (SegmentedRaftLogWorker.java:startLogSegment(380)) - 3e2aa5f0-b552-4edc-b72c-2b543357819f@group-1C1A07A6ACEE-SegmentedRaftLogWorker: Starting segment from index:0
2019-09-27 00:25:13,325 [3e2aa5f0-b552-4edc-b72c-2b543357819f@group-1C1A07A6ACEE:LeaderElection82] INFO  impl.RaftServerImpl (ServerState.java:setRaftConf(354)) - 3e2aa5f0-b552-4edc-b72c-2b543357819f@group-1C1A07A6ACEE: set configuration 0: [3e2aa5f0-b552-4edc-b72c-2b543357819f:192.168.30.42:42597], old=null at 0
2019-09-27 00:25:13,365 [9506ffde-d80f-4d1d-a7e4-1ae5324a65d9@group-F6299DBEE69A-SegmentedRaftLogWorker] INFO  segmented.SegmentedRaftLogWorker (SegmentedRaftLogWorker.java:execute(569)) - 9506ffde-d80f-4d1d-a7e4-1ae5324a65d9@group-F6299DBEE69A-SegmentedRaftLogWorker: created new log segment /workdir/hadoop-ozone/integration-test/target/test-dir/MiniOzoneClusterImpl-bd5938d5-a9f0-46e6-9cba-1e01c8d8b818/datanode-3/data/ratis/29aee704-dc9e-4cbf-a2a1-f6299dbee69a/current/log_inprogress_0
2019-09-27 00:25:13,365 [efab0370-fcb4-4e55-b091-fb0e2fabfa09@group-206A3C67ED79-SegmentedRaftLogWorker] INFO  segmented.SegmentedRaftLogWorker (SegmentedRaftLogWorker.java:execute(569)) - efab0370-fcb4-4e55-b091-fb0e2fabfa09@group-206A3C67ED79-SegmentedRaftLogWorker: created new log segment /workdir/hadoop-ozone/integration-test/target/test-dir/MiniOzoneClusterImpl-bd5938d5-a9f0-46e6-9cba-1e01c8d8b818/datanode-0/data/ratis/1936d380-f982-4153-a9b0-206a3c67ed79/current/log_inprogress_0
2019-09-27 00:25:13,365 [6e576732-ecfb-4248-9d86-5108c1c5cbaf@group-206A3C67ED79-SegmentedRaftLogWorker] INFO  segmented.SegmentedRaftLogWorker (SegmentedRaftLogWorker.java:execute(569)) - 6e576732-ecfb-4248-9d86-5108c1c5cbaf@group-206A3C67ED79-SegmentedRaftLogWorker: created new log segment /workdir/hadoop-ozone/integration-test/target/test-dir/MiniOzoneClusterImpl-bd5938d5-a9f0-46e6-9cba-1e01c8d8b818/datanode-1/data/ratis/1936d380-f982-4153-a9b0-206a3c67ed79/current/log_inprogress_0
2019-09-27 00:25:13,368 [Thread-3141] INFO  impl.FollowerState (FollowerState.java:run(106)) - 6254dac1-e2e4-4054-9496-1a085350dbc0:group-5E8B427D6FD8 changes to CANDIDATE, lastRpcTime:5127, electionTimeout:5127ms
2019-09-27 00:25:13,368 [Thread-3141] INFO  impl.RoleInfo (RoleInfo.java:shutdownFollowerState(121)) - 6254dac1-e2e4-4054-9496-1a085350dbc0: shutdown FollowerState
2019-09-27 00:25:13,368 [Thread-3141] INFO  impl.RaftServerImpl (RaftServerImpl.java:setRole(174)) - 6254dac1-e2e4-4054-9496-1a085350dbc0@group-5E8B427D6FD8: changes role from  FOLLOWER to CANDIDATE at term 0 for changeToCandidate
2019-09-27 00:25:13,368 [Thread-3141] INFO  impl.RoleInfo (RoleInfo.java:updateAndGet(143)) - 6254dac1-e2e4-4054-9496-1a085350dbc0: start LeaderElection
2019-09-27 00:25:13,378 [3e2aa5f0-b552-4edc-b72c-2b543357819f@group-1C1A07A6ACEE-SegmentedRaftLogWorker] INFO  segmented.SegmentedRaftLogWorker (SegmentedRaftLogWorker.java:execute(569)) - 3e2aa5f0-b552-4edc-b72c-2b543357819f@group-1C1A07A6ACEE-SegmentedRaftLogWorker: created new log segment /workdir/hadoop-ozone/integration-test/target/test-dir/MiniOzoneClusterImpl-bd5938d5-a9f0-46e6-9cba-1e01c8d8b818/datanode-4/data/ratis/6d544ada-74bb-4674-a5df-1c1a07a6acee/current/log_inprogress_0
2019-09-27 00:25:13,378 [6254dac1-e2e4-4054-9496-1a085350dbc0@group-5E8B427D6FD8:LeaderElection84] INFO  impl.LeaderElection (LeaderElection.java:askForVotes(182)) - 6254dac1-e2e4-4054-9496-1a085350dbc0@group-5E8B427D6FD8:LeaderElection84: begin an election at term 1 for -1: [6254dac1-e2e4-4054-9496-1a085350dbc0:192.168.30.42:41609], old=null
2019-09-27 00:25:13,378 [6254dac1-e2e4-4054-9496-1a085350dbc0@group-5E8B427D6FD8:LeaderElection84] INFO  impl.RoleInfo (RoleInfo.java:shutdownLeaderElection(134)) - 6254dac1-e2e4-4054-9496-1a085350dbc0: shutdown LeaderElection
2019-09-27 00:25:13,378 [6254dac1-e2e4-4054-9496-1a085350dbc0@group-5E8B427D6FD8:LeaderElection84] INFO  impl.RaftServerImpl (RaftServerImpl.java:setRole(174)) - 6254dac1-e2e4-4054-9496-1a085350dbc0@group-5E8B427D6FD8: changes role from CANDIDATE to LEADER at term 1 for changeToLeader
2019-09-27 00:25:13,378 [6254dac1-e2e4-4054-9496-1a085350dbc0@group-5E8B427D6FD8:LeaderElection84] INFO  impl.RaftServerImpl (ServerState.java:setLeader(253)) - 6254dac1-e2e4-4054-9496-1a085350dbc0@group-5E8B427D6FD8: change Leader from null to 6254dac1-e2e4-4054-9496-1a085350dbc0 at term 1 for becomeLeader, leader elected after 5146ms
2019-09-27 00:25:13,378 [6254dac1-e2e4-4054-9496-1a085350dbc0@group-5E8B427D6FD8:LeaderElection84] INFO  server.RaftServerConfigKeys (ConfUtils.java:logGet(43)) - raft.server.staging.catchup.gap = 1000 (default)
2019-09-27 00:25:13,378 [6254dac1-e2e4-4054-9496-1a085350dbc0@group-5E8B427D6FD8:LeaderElection84] INFO  server.RaftServerConfigKeys (ConfUtils.java:logGet(43)) - raft.server.rpc.sleep.time = 25ms (default)
2019-09-27 00:25:13,378 [6254dac1-e2e4-4054-9496-1a085350dbc0@group-5E8B427D6FD8:LeaderElection84] INFO  server.RaftServerConfigKeys (ConfUtils.java:logGet(43)) - raft.server.write.element-limit = 4096 (default)
2019-09-27 00:25:13,379 [6254dac1-e2e4-4054-9496-1a085350dbc0@group-5E8B427D6FD8:LeaderElection84] INFO  server.RaftServerConfigKeys (ConfUtils.java:logGet(43)) - raft.server.watch.timeout = 10s (default)
2019-09-27 00:25:13,379 [6254dac1-e2e4-4054-9496-1a085350dbc0@group-5E8B427D6FD8:LeaderElection84] INFO  server.RaftServerConfigKeys (ConfUtils.java:logGet(43)) - raft.server.watch.timeout.denomination = 1s (default)
2019-09-27 00:25:13,379 [6254dac1-e2e4-4054-9496-1a085350dbc0@group-5E8B427D6FD8:LeaderElection84] INFO  server.RaftServerConfigKeys (ConfUtils.java:logGet(43)) - raft.server.watch.element-limit = 65536 (default)
2019-09-27 00:25:13,380 [6254dac1-e2e4-4054-9496-1a085350dbc0@group-5E8B427D6FD8:LeaderElection84] INFO  impl.RoleInfo (RoleInfo.java:updateAndGet(143)) - 6254dac1-e2e4-4054-9496-1a085350dbc0: start LeaderState
2019-09-27 00:25:13,380 [6254dac1-e2e4-4054-9496-1a085350dbc0@group-5E8B427D6FD8:LeaderElection84] INFO  segmented.SegmentedRaftLogWorker (SegmentedRaftLogWorker.java:startLogSegment(380)) - 6254dac1-e2e4-4054-9496-1a085350dbc0@group-5E8B427D6FD8-SegmentedRaftLogWorker: Starting segment from index:0
2019-09-27 00:25:13,381 [6254dac1-e2e4-4054-9496-1a085350dbc0@group-5E8B427D6FD8:LeaderElection84] INFO  impl.RaftServerImpl (ServerState.java:setRaftConf(354)) - 6254dac1-e2e4-4054-9496-1a085350dbc0@group-5E8B427D6FD8: set configuration 0: [6254dac1-e2e4-4054-9496-1a085350dbc0:192.168.30.42:41609], old=null at 0
2019-09-27 00:25:13,383 [Thread-3151] INFO  impl.FollowerState (FollowerState.java:run(106)) - 3e2aa5f0-b552-4edc-b72c-2b543357819f:group-C27C2544C493 changes to CANDIDATE, lastRpcTime:5025, electionTimeout:5025ms
2019-09-27 00:25:13,383 [Thread-3151] INFO  impl.RoleInfo (RoleInfo.java:shutdownFollowerState(121)) - 3e2aa5f0-b552-4edc-b72c-2b543357819f: shutdown FollowerState
2019-09-27 00:25:13,383 [Thread-3151] INFO  impl.RaftServerImpl (RaftServerImpl.java:setRole(174)) - 3e2aa5f0-b552-4edc-b72c-2b543357819f@group-C27C2544C493: changes role from  FOLLOWER to CANDIDATE at term 0 for changeToCandidate
2019-09-27 00:25:13,383 [Thread-3151] INFO  impl.RoleInfo (RoleInfo.java:updateAndGet(143)) - 3e2aa5f0-b552-4edc-b72c-2b543357819f: start LeaderElection
2019-09-27 00:25:13,416 [Thread-3144] INFO  impl.FollowerState (FollowerState.java:run(106)) - 6f806a58-f02f-44e5-897d-0d307551e447:group-3F4B04312C19 changes to CANDIDATE, lastRpcTime:5123, electionTimeout:5095ms
2019-09-27 00:25:13,418 [Thread-3144] INFO  impl.RoleInfo (RoleInfo.java:shutdownFollowerState(121)) - 6f806a58-f02f-44e5-897d-0d307551e447: shutdown FollowerState
2019-09-27 00:25:13,419 [Thread-3144] INFO  impl.RaftServerImpl (RaftServerImpl.java:setRole(174)) - 6f806a58-f02f-44e5-897d-0d307551e447@group-3F4B04312C19: changes role from  FOLLOWER to CANDIDATE at term 0 for changeToCandidate
2019-09-27 00:25:13,419 [Thread-3144] INFO  impl.RoleInfo (RoleInfo.java:updateAndGet(143)) - 6f806a58-f02f-44e5-897d-0d307551e447: start LeaderElection
2019-09-27 00:25:13,428 [6254dac1-e2e4-4054-9496-1a085350dbc0@group-5E8B427D6FD8-SegmentedRaftLogWorker] INFO  segmented.SegmentedRaftLogWorker (SegmentedRaftLogWorker.java:execute(569)) - 6254dac1-e2e4-4054-9496-1a085350dbc0@group-5E8B427D6FD8-SegmentedRaftLogWorker: created new log segment /workdir/hadoop-ozone/integration-test/target/test-dir/MiniOzoneClusterImpl-bd5938d5-a9f0-46e6-9cba-1e01c8d8b818/datanode-5/data/ratis/a7dc47e0-75f4-4bd6-8717-5e8b427d6fd8/current/log_inprogress_0
2019-09-27 00:25:13,428 [3e2aa5f0-b552-4edc-b72c-2b543357819f@group-C27C2544C493:LeaderElection85] INFO  impl.LeaderElection (LeaderElection.java:askForVotes(182)) - 3e2aa5f0-b552-4edc-b72c-2b543357819f@group-C27C2544C493:LeaderElection85: begin an election at term 1 for -1: [9506ffde-d80f-4d1d-a7e4-1ae5324a65d9:192.168.30.42:45115, 3e2aa5f0-b552-4edc-b72c-2b543357819f:192.168.30.42:42597, 6f806a58-f02f-44e5-897d-0d307551e447:192.168.30.42:43683], old=null
2019-09-27 00:25:13,428 [6f806a58-f02f-44e5-897d-0d307551e447@group-3F4B04312C19:LeaderElection86] INFO  impl.LeaderElection (LeaderElection.java:askForVotes(182)) - 6f806a58-f02f-44e5-897d-0d307551e447@group-3F4B04312C19:LeaderElection86: begin an election at term 1 for -1: [6f806a58-f02f-44e5-897d-0d307551e447:192.168.30.42:43683], old=null
2019-09-27 00:25:13,429 [6f806a58-f02f-44e5-897d-0d307551e447@group-3F4B04312C19:LeaderElection86] INFO  impl.RoleInfo (RoleInfo.java:shutdownLeaderElection(134)) - 6f806a58-f02f-44e5-897d-0d307551e447: shutdown LeaderElection
2019-09-27 00:25:13,429 [6f806a58-f02f-44e5-897d-0d307551e447@group-3F4B04312C19:LeaderElection86] INFO  impl.RaftServerImpl (RaftServerImpl.java:setRole(174)) - 6f806a58-f02f-44e5-897d-0d307551e447@group-3F4B04312C19: changes role from CANDIDATE to LEADER at term 1 for changeToLeader
2019-09-27 00:25:13,429 [6f806a58-f02f-44e5-897d-0d307551e447@group-3F4B04312C19:LeaderElection86] INFO  impl.RaftServerImpl (ServerState.java:setLeader(253)) - 6f806a58-f02f-44e5-897d-0d307551e447@group-3F4B04312C19: change Leader from null to 6f806a58-f02f-44e5-897d-0d307551e447 at term 1 for becomeLeader, leader elected after 5144ms
2019-09-27 00:25:13,429 [6f806a58-f02f-44e5-897d-0d307551e447@group-3F4B04312C19:LeaderElection86] INFO  server.RaftServerConfigKeys (ConfUtils.java:logGet(43)) - raft.server.staging.catchup.gap = 1000 (default)
2019-09-27 00:25:13,429 [6f806a58-f02f-44e5-897d-0d307551e447@group-3F4B04312C19:LeaderElection86] INFO  server.RaftServerConfigKeys (ConfUtils.java:logGet(43)) - raft.server.rpc.sleep.time = 25ms (default)
2019-09-27 00:25:13,430 [6f806a58-f02f-44e5-897d-0d307551e447@group-3F4B04312C19:LeaderElection86] INFO  server.RaftServerConfigKeys (ConfUtils.java:logGet(43)) - raft.server.write.element-limit = 4096 (default)
2019-09-27 00:25:13,430 [6f806a58-f02f-44e5-897d-0d307551e447@group-3F4B04312C19:LeaderElection86] INFO  server.RaftServerConfigKeys (ConfUtils.java:logGet(43)) - raft.server.watch.timeout = 10s (default)
2019-09-27 00:25:13,430 [6f806a58-f02f-44e5-897d-0d307551e447@group-3F4B04312C19:LeaderElection86] INFO  server.RaftServerConfigKeys (ConfUtils.java:logGet(43)) - raft.server.watch.timeout.denomination = 1s (default)
2019-09-27 00:25:13,430 [6f806a58-f02f-44e5-897d-0d307551e447@group-3F4B04312C19:LeaderElection86] INFO  server.RaftServerConfigKeys (ConfUtils.java:logGet(43)) - raft.server.watch.element-limit = 65536 (default)
2019-09-27 00:25:13,432 [6f806a58-f02f-44e5-897d-0d307551e447@group-3F4B04312C19:LeaderElection86] INFO  impl.RoleInfo (RoleInfo.java:updateAndGet(143)) - 6f806a58-f02f-44e5-897d-0d307551e447: start LeaderState
2019-09-27 00:25:13,432 [6f806a58-f02f-44e5-897d-0d307551e447@group-3F4B04312C19:LeaderElection86] INFO  segmented.SegmentedRaftLogWorker (SegmentedRaftLogWorker.java:startLogSegment(380)) - 6f806a58-f02f-44e5-897d-0d307551e447@group-3F4B04312C19-SegmentedRaftLogWorker: Starting segment from index:0
2019-09-27 00:25:13,432 [6f806a58-f02f-44e5-897d-0d307551e447@group-3F4B04312C19:LeaderElection86] INFO  impl.RaftServerImpl (ServerState.java:setRaftConf(354)) - 6f806a58-f02f-44e5-897d-0d307551e447@group-3F4B04312C19: set configuration 0: [6f806a58-f02f-44e5-897d-0d307551e447:192.168.30.42:43683], old=null at 0
2019-09-27 00:25:13,433 [grpc-default-executor-11] INFO  impl.RaftServerImpl (RaftServerImpl.java:setRole(174)) - 6f806a58-f02f-44e5-897d-0d307551e447@group-C27C2544C493: changes role from  FOLLOWER to FOLLOWER at term 1 for recognizeCandidate:3e2aa5f0-b552-4edc-b72c-2b543357819f
2019-09-27 00:25:13,436 [grpc-default-executor-11] INFO  impl.RoleInfo (RoleInfo.java:shutdownFollowerState(121)) - 6f806a58-f02f-44e5-897d-0d307551e447: shutdown FollowerState
2019-09-27 00:25:13,436 [grpc-default-executor-11] INFO  impl.RoleInfo (RoleInfo.java:updateAndGet(143)) - 6f806a58-f02f-44e5-897d-0d307551e447: start FollowerState
2019-09-27 00:25:13,436 [grpc-default-executor-13] INFO  impl.RaftServerImpl (RaftServerImpl.java:setRole(174)) - 9506ffde-d80f-4d1d-a7e4-1ae5324a65d9@group-C27C2544C493: changes role from  FOLLOWER to FOLLOWER at term 1 for recognizeCandidate:3e2aa5f0-b552-4edc-b72c-2b543357819f
2019-09-27 00:25:13,436 [Thread-3153] INFO  impl.FollowerState (FollowerState.java:run(115)) - 6f806a58-f02f-44e5-897d-0d307551e447: FollowerState was interrupted: java.lang.InterruptedException: sleep interrupted
2019-09-27 00:25:13,436 [grpc-default-executor-13] INFO  impl.RoleInfo (RoleInfo.java:shutdownFollowerState(121)) - 9506ffde-d80f-4d1d-a7e4-1ae5324a65d9: shutdown FollowerState
2019-09-27 00:25:13,473 [grpc-default-executor-13] INFO  impl.RoleInfo (RoleInfo.java:updateAndGet(143)) - 9506ffde-d80f-4d1d-a7e4-1ae5324a65d9: start FollowerState
2019-09-27 00:25:13,474 [Thread-3149] INFO  impl.FollowerState (FollowerState.java:run(115)) - 9506ffde-d80f-4d1d-a7e4-1ae5324a65d9: FollowerState was interrupted: java.lang.InterruptedException: sleep interrupted
2019-09-27 00:25:13,488 [6f806a58-f02f-44e5-897d-0d307551e447@group-3F4B04312C19-SegmentedRaftLogWorker] INFO  segmented.SegmentedRaftLogWorker (SegmentedRaftLogWorker.java:execute(569)) - 6f806a58-f02f-44e5-897d-0d307551e447@group-3F4B04312C19-SegmentedRaftLogWorker: created new log segment /workdir/hadoop-ozone/integration-test/target/test-dir/MiniOzoneClusterImpl-bd5938d5-a9f0-46e6-9cba-1e01c8d8b818/datanode-6/data/ratis/5846bd7c-1649-49e2-9f21-3f4b04312c19/current/log_inprogress_0
2019-09-27 00:25:13,489 [3e2aa5f0-b552-4edc-b72c-2b543357819f@group-C27C2544C493:LeaderElection85] INFO  impl.LeaderElection (LeaderElection.java:logAndReturn(56)) - 3e2aa5f0-b552-4edc-b72c-2b543357819f@group-C27C2544C493:LeaderElection85: Election PASSED; received 1 response(s) [3e2aa5f0-b552-4edc-b72c-2b543357819f<-6f806a58-f02f-44e5-897d-0d307551e447#0:OK-t1] and 0 exception(s); 3e2aa5f0-b552-4edc-b72c-2b543357819f@group-C27C2544C493:t1, leader=null, voted=3e2aa5f0-b552-4edc-b72c-2b543357819f, raftlog=3e2aa5f0-b552-4edc-b72c-2b543357819f@group-C27C2544C493-SegmentedRaftLog:OPENED:c-1,f-1,i0, conf=-1: [9506ffde-d80f-4d1d-a7e4-1ae5324a65d9:192.168.30.42:45115, 3e2aa5f0-b552-4edc-b72c-2b543357819f:192.168.30.42:42597, 6f806a58-f02f-44e5-897d-0d307551e447:192.168.30.42:43683], old=null
2019-09-27 00:25:13,489 [3e2aa5f0-b552-4edc-b72c-2b543357819f@group-C27C2544C493:LeaderElection85] INFO  impl.RoleInfo (RoleInfo.java:shutdownLeaderElection(134)) - 3e2aa5f0-b552-4edc-b72c-2b543357819f: shutdown LeaderElection
2019-09-27 00:25:13,489 [3e2aa5f0-b552-4edc-b72c-2b543357819f@group-C27C2544C493:LeaderElection85] INFO  impl.RaftServerImpl (RaftServerImpl.java:setRole(174)) - 3e2aa5f0-b552-4edc-b72c-2b543357819f@group-C27C2544C493: changes role from CANDIDATE to LEADER at term 1 for changeToLeader
2019-09-27 00:25:13,489 [3e2aa5f0-b552-4edc-b72c-2b543357819f@group-C27C2544C493:LeaderElection85] INFO  impl.RaftServerImpl (ServerState.java:setLeader(253)) - 3e2aa5f0-b552-4edc-b72c-2b543357819f@group-C27C2544C493: change Leader from null to 3e2aa5f0-b552-4edc-b72c-2b543357819f at term 1 for becomeLeader, leader elected after 5142ms
2019-09-27 00:25:13,489 [3e2aa5f0-b552-4edc-b72c-2b543357819f@group-C27C2544C493:LeaderElection85] INFO  server.RaftServerConfigKeys (ConfUtils.java:logGet(43)) - raft.server.staging.catchup.gap = 1000 (default)
2019-09-27 00:25:13,489 [3e2aa5f0-b552-4edc-b72c-2b543357819f@group-C27C2544C493:LeaderElection85] INFO  server.RaftServerConfigKeys (ConfUtils.java:logGet(43)) - raft.server.rpc.sleep.time = 25ms (default)
2019-09-27 00:25:13,489 [3e2aa5f0-b552-4edc-b72c-2b543357819f@group-C27C2544C493:LeaderElection85] INFO  server.RaftServerConfigKeys (ConfUtils.java:logGet(43)) - raft.server.write.element-limit = 4096 (default)
2019-09-27 00:25:13,490 [3e2aa5f0-b552-4edc-b72c-2b543357819f@group-C27C2544C493:LeaderElection85] INFO  server.RaftServerConfigKeys (ConfUtils.java:logGet(43)) - raft.server.watch.timeout = 10s (default)
2019-09-27 00:25:13,490 [3e2aa5f0-b552-4edc-b72c-2b543357819f@group-C27C2544C493:LeaderElection85] INFO  server.RaftServerConfigKeys (ConfUtils.java:logGet(43)) - raft.server.watch.timeout.denomination = 1s (default)
2019-09-27 00:25:13,490 [3e2aa5f0-b552-4edc-b72c-2b543357819f@group-C27C2544C493:LeaderElection85] INFO  server.RaftServerConfigKeys (ConfUtils.java:logGet(43)) - raft.server.watch.element-limit = 65536 (default)
2019-09-27 00:25:13,491 [3e2aa5f0-b552-4edc-b72c-2b543357819f@group-C27C2544C493:LeaderElection85] INFO  server.RaftServerConfigKeys (ConfUtils.java:logGet(43)) - raft.server.log.appender.snapshot.chunk.size.max = 16MB (=16777216) (default)
2019-09-27 00:25:13,492 [3e2aa5f0-b552-4edc-b72c-2b543357819f@group-C27C2544C493:LeaderElection85] INFO  server.RaftServerConfigKeys (ConfUtils.java:logGet(43)) - raft.server.log.appender.buffer.byte-limit = 33554432 (custom)
2019-09-27 00:25:13,492 [3e2aa5f0-b552-4edc-b72c-2b543357819f@group-C27C2544C493:LeaderElection85] INFO  server.RaftServerConfigKeys (ConfUtils.java:logGet(43)) - raft.server.log.appender.buffer.element-limit = 1 (custom)
2019-09-27 00:25:13,492 [3e2aa5f0-b552-4edc-b72c-2b543357819f@group-C27C2544C493:LeaderElection85] INFO  grpc.GrpcConfigKeys$Server (ConfUtils.java:logGet(43)) - raft.grpc.server.leader.outstanding.appends.max = 128 (default)
2019-09-27 00:25:13,492 [3e2aa5f0-b552-4edc-b72c-2b543357819f@group-C27C2544C493:LeaderElection85] INFO  server.RaftServerConfigKeys (ConfUtils.java:logGet(43)) - raft.server.rpc.request.timeout = 3000ms (default)
2019-09-27 00:25:13,492 [3e2aa5f0-b552-4edc-b72c-2b543357819f@group-C27C2544C493:LeaderElection85] INFO  server.RaftServerConfigKeys (ConfUtils.java:logGet(43)) - raft.server.log.appender.install.snapshot.enabled = false (custom)
2019-09-27 00:25:13,492 [3e2aa5f0-b552-4edc-b72c-2b543357819f@group-C27C2544C493:LeaderElection85] INFO  server.RaftServerConfigKeys (ConfUtils.java:logGet(43)) - raft.server.log.appender.snapshot.chunk.size.max = 16MB (=16777216) (default)
2019-09-27 00:25:13,492 [3e2aa5f0-b552-4edc-b72c-2b543357819f@group-C27C2544C493:LeaderElection85] INFO  server.RaftServerConfigKeys (ConfUtils.java:logGet(43)) - raft.server.log.appender.buffer.byte-limit = 33554432 (custom)
2019-09-27 00:25:13,493 [3e2aa5f0-b552-4edc-b72c-2b543357819f@group-C27C2544C493:LeaderElection85] INFO  server.RaftServerConfigKeys (ConfUtils.java:logGet(43)) - raft.server.log.appender.buffer.element-limit = 1 (custom)
2019-09-27 00:25:13,493 [3e2aa5f0-b552-4edc-b72c-2b543357819f@group-C27C2544C493:LeaderElection85] INFO  grpc.GrpcConfigKeys$Server (ConfUtils.java:logGet(43)) - raft.grpc.server.leader.outstanding.appends.max = 128 (default)
2019-09-27 00:25:13,493 [3e2aa5f0-b552-4edc-b72c-2b543357819f@group-C27C2544C493:LeaderElection85] INFO  server.RaftServerConfigKeys (ConfUtils.java:logGet(43)) - raft.server.rpc.request.timeout = 3000ms (default)
2019-09-27 00:25:13,493 [3e2aa5f0-b552-4edc-b72c-2b543357819f@group-C27C2544C493:LeaderElection85] INFO  server.RaftServerConfigKeys (ConfUtils.java:logGet(43)) - raft.server.log.appender.install.snapshot.enabled = false (custom)
2019-09-27 00:25:13,493 [3e2aa5f0-b552-4edc-b72c-2b543357819f@group-C27C2544C493:LeaderElection85] INFO  impl.RoleInfo (RoleInfo.java:updateAndGet(143)) - 3e2aa5f0-b552-4edc-b72c-2b543357819f: start LeaderState
2019-09-27 00:25:13,493 [3e2aa5f0-b552-4edc-b72c-2b543357819f@group-C27C2544C493:LeaderElection85] INFO  segmented.SegmentedRaftLogWorker (SegmentedRaftLogWorker.java:startLogSegment(380)) - 3e2aa5f0-b552-4edc-b72c-2b543357819f@group-C27C2544C493-SegmentedRaftLogWorker: Starting segment from index:0
2019-09-27 00:25:13,494 [3e2aa5f0-b552-4edc-b72c-2b543357819f@group-C27C2544C493:LeaderElection85] INFO  impl.RaftServerImpl (ServerState.java:setRaftConf(354)) - 3e2aa5f0-b552-4edc-b72c-2b543357819f@group-C27C2544C493: set configuration 0: [9506ffde-d80f-4d1d-a7e4-1ae5324a65d9:192.168.30.42:45115, 3e2aa5f0-b552-4edc-b72c-2b543357819f:192.168.30.42:42597, 6f806a58-f02f-44e5-897d-0d307551e447:192.168.30.42:43683], old=null at 0
2019-09-27 00:25:13,531 [grpc-default-executor-13] INFO  impl.RaftServerImpl (ServerState.java:setLeader(253)) - 6f806a58-f02f-44e5-897d-0d307551e447@group-C27C2544C493: change Leader from null to 3e2aa5f0-b552-4edc-b72c-2b543357819f at term 1 for appendEntries, leader elected after 5183ms
2019-09-27 00:25:13,533 [grpc-default-executor-11] INFO  impl.RaftServerImpl (ServerState.java:setLeader(253)) - 9506ffde-d80f-4d1d-a7e4-1ae5324a65d9@group-C27C2544C493: change Leader from null to 3e2aa5f0-b552-4edc-b72c-2b543357819f at term 1 for appendEntries, leader elected after 5187ms
2019-09-27 00:25:13,536 [grpc-default-executor-13] INFO  impl.RaftServerImpl (ServerState.java:setRaftConf(354)) - 9506ffde-d80f-4d1d-a7e4-1ae5324a65d9@group-C27C2544C493: set configuration 0: [9506ffde-d80f-4d1d-a7e4-1ae5324a65d9:192.168.30.42:45115, 3e2aa5f0-b552-4edc-b72c-2b543357819f:192.168.30.42:42597, 6f806a58-f02f-44e5-897d-0d307551e447:192.168.30.42:43683], old=null at 0
2019-09-27 00:25:13,536 [grpc-default-executor-11] INFO  impl.RaftServerImpl (ServerState.java:setRaftConf(354)) - 6f806a58-f02f-44e5-897d-0d307551e447@group-C27C2544C493: set configuration 0: [9506ffde-d80f-4d1d-a7e4-1ae5324a65d9:192.168.30.42:45115, 3e2aa5f0-b552-4edc-b72c-2b543357819f:192.168.30.42:42597, 6f806a58-f02f-44e5-897d-0d307551e447:192.168.30.42:43683], old=null at 0
2019-09-27 00:25:13,536 [grpc-default-executor-13] INFO  segmented.SegmentedRaftLogWorker (SegmentedRaftLogWorker.java:startLogSegment(380)) - 9506ffde-d80f-4d1d-a7e4-1ae5324a65d9@group-C27C2544C493-SegmentedRaftLogWorker: Starting segment from index:0
2019-09-27 00:25:13,536 [grpc-default-executor-11] INFO  segmented.SegmentedRaftLogWorker (SegmentedRaftLogWorker.java:startLogSegment(380)) - 6f806a58-f02f-44e5-897d-0d307551e447@group-C27C2544C493-SegmentedRaftLogWorker: Starting segment from index:0
2019-09-27 00:25:13,539 [3e2aa5f0-b552-4edc-b72c-2b543357819f@group-C27C2544C493-SegmentedRaftLogWorker] INFO  segmented.SegmentedRaftLogWorker (SegmentedRaftLogWorker.java:execute(569)) - 3e2aa5f0-b552-4edc-b72c-2b543357819f@group-C27C2544C493-SegmentedRaftLogWorker: created new log segment /workdir/hadoop-ozone/integration-test/target/test-dir/MiniOzoneClusterImpl-bd5938d5-a9f0-46e6-9cba-1e01c8d8b818/datanode-4/data/ratis/5846f67d-0250-41d1-a23b-c27c2544c493/current/log_inprogress_0
2019-09-27 00:25:13,590 [9506ffde-d80f-4d1d-a7e4-1ae5324a65d9@group-C27C2544C493-SegmentedRaftLogWorker] INFO  segmented.SegmentedRaftLogWorker (SegmentedRaftLogWorker.java:execute(569)) - 9506ffde-d80f-4d1d-a7e4-1ae5324a65d9@group-C27C2544C493-SegmentedRaftLogWorker: created new log segment /workdir/hadoop-ozone/integration-test/target/test-dir/MiniOzoneClusterImpl-bd5938d5-a9f0-46e6-9cba-1e01c8d8b818/datanode-3/data/ratis/5846f67d-0250-41d1-a23b-c27c2544c493/current/log_inprogress_0
2019-09-27 00:25:13,590 [6f806a58-f02f-44e5-897d-0d307551e447@group-C27C2544C493-SegmentedRaftLogWorker] INFO  segmented.SegmentedRaftLogWorker (SegmentedRaftLogWorker.java:execute(569)) - 6f806a58-f02f-44e5-897d-0d307551e447@group-C27C2544C493-SegmentedRaftLogWorker: created new log segment /workdir/hadoop-ozone/integration-test/target/test-dir/MiniOzoneClusterImpl-bd5938d5-a9f0-46e6-9cba-1e01c8d8b818/datanode-6/data/ratis/5846f67d-0250-41d1-a23b-c27c2544c493/current/log_inprogress_0
2019-09-27 00:25:15,610 [Datanode State Machine Thread - 0] INFO  statemachine.DatanodeStateMachine (DatanodeStateMachine.java:lambda$startDaemon$0(350)) - Ozone container server started.
2019-09-27 00:25:19,685 [EventQueue-StaleNodeForStaleNodeHandler] INFO  node.StaleNodeHandler (StaleNodeHandler.java:onMessage(58)) - Datanode 3e2aa5f0-b552-4edc-b72c-2b543357819f{ip: 192.168.30.42, host: pr-hdds-2193-7pp9x-2361853758, networkLocation: /default-rack, certSerialId: null} moved to stale state. Finalizing its pipelines [PipelineID=5846f67d-0250-41d1-a23b-c27c2544c493, PipelineID=6d544ada-74bb-4674-a5df-1c1a07a6acee]
2019-09-27 00:25:19,685 [EventQueue-StaleNodeForStaleNodeHandler] INFO  pipeline.SCMPipelineManager (SCMPipelineManager.java:finalizeAndDestroyPipeline(315)) - destroying pipeline:Pipeline[ Id: 5846f67d-0250-41d1-a23b-c27c2544c493, Nodes: 3e2aa5f0-b552-4edc-b72c-2b543357819f{ip: 192.168.30.42, host: pr-hdds-2193-7pp9x-2361853758, networkLocation: /default-rack, certSerialId: null}9506ffde-d80f-4d1d-a7e4-1ae5324a65d9{ip: 192.168.30.42, host: pr-hdds-2193-7pp9x-2361853758, networkLocation: /default-rack, certSerialId: null}6f806a58-f02f-44e5-897d-0d307551e447{ip: 192.168.30.42, host: pr-hdds-2193-7pp9x-2361853758, networkLocation: /default-rack, certSerialId: null}, Type:RATIS, Factor:THREE, State:OPEN]
2019-09-27 00:25:19,686 [EventQueue-StaleNodeForStaleNodeHandler] INFO  pipeline.PipelineStateManager (PipelineStateManager.java:finalizePipeline(123)) - Pipeline Pipeline[ Id: 5846f67d-0250-41d1-a23b-c27c2544c493, Nodes: 3e2aa5f0-b552-4edc-b72c-2b543357819f{ip: 192.168.30.42, host: pr-hdds-2193-7pp9x-2361853758, networkLocation: /default-rack, certSerialId: null}9506ffde-d80f-4d1d-a7e4-1ae5324a65d9{ip: 192.168.30.42, host: pr-hdds-2193-7pp9x-2361853758, networkLocation: /default-rack, certSerialId: null}6f806a58-f02f-44e5-897d-0d307551e447{ip: 192.168.30.42, host: pr-hdds-2193-7pp9x-2361853758, networkLocation: /default-rack, certSerialId: null}, Type:RATIS, Factor:THREE, State:CLOSED] moved to CLOSED state
2019-09-27 00:25:19,686 [EventQueue-CloseContainerForCloseContainerEventHandler] INFO  container.CloseContainerEventHandler (CloseContainerEventHandler.java:onMessage(61)) - Close container Event triggered for container : #1
2019-09-27 00:25:19,686 [EventQueue-StaleNodeForStaleNodeHandler] INFO  pipeline.SCMPipelineManager (SCMPipelineManager.java:finalizeAndDestroyPipeline(315)) - destroying pipeline:Pipeline[ Id: 6d544ada-74bb-4674-a5df-1c1a07a6acee, Nodes: 3e2aa5f0-b552-4edc-b72c-2b543357819f{ip: 192.168.30.42, host: pr-hdds-2193-7pp9x-2361853758, networkLocation: /default-rack, certSerialId: null}, Type:RATIS, Factor:ONE, State:OPEN]
2019-09-27 00:25:19,693 [EventQueue-StaleNodeForStaleNodeHandler] INFO  pipeline.PipelineStateManager (PipelineStateManager.java:finalizePipeline(123)) - Pipeline Pipeline[ Id: 6d544ada-74bb-4674-a5df-1c1a07a6acee, Nodes: 3e2aa5f0-b552-4edc-b72c-2b543357819f{ip: 192.168.30.42, host: pr-hdds-2193-7pp9x-2361853758, networkLocation: /default-rack, certSerialId: null}, Type:RATIS, Factor:ONE, State:CLOSED] moved to CLOSED state
2019-09-27 00:25:19,813 [main] INFO  ozoneimpl.OzoneContainer (OzoneContainer.java:stop(231)) - Attempting to stop container services.
2019-09-27 00:25:19,815 [main] INFO  impl.RaftServerProxy (RaftServerProxy.java:lambda$close$4(314)) - 3e2aa5f0-b552-4edc-b72c-2b543357819f: close
2019-09-27 00:25:19,816 [main] INFO  impl.RaftServerImpl (RaftServerImpl.java:lambda$shutdown$3(251)) - 3e2aa5f0-b552-4edc-b72c-2b543357819f@group-C27C2544C493: shutdown
2019-09-27 00:25:19,817 [main] INFO  util.JmxRegister (JmxRegister.java:unregister(73)) - Successfully un-registered JMX Bean with object name Ratis:service=RaftServer,group=group-C27C2544C493,id=3e2aa5f0-b552-4edc-b72c-2b543357819f
2019-09-27 00:25:19,817 [main] INFO  impl.RoleInfo (RoleInfo.java:shutdownLeaderState(104)) - 3e2aa5f0-b552-4edc-b72c-2b543357819f: shutdown LeaderState
2019-09-27 00:25:19,823 [org.apache.ratis.server.impl.LogAppender$AppenderDaemon$$Lambda$508/650007284@71374b27] WARN  server.GrpcLogAppender (GrpcLogAppender.java:mayWait(143)) - 3e2aa5f0-b552-4edc-b72c-2b543357819f@group-C27C2544C493->6f806a58-f02f-44e5-897d-0d307551e447-GrpcLogAppender: Wait interrupted by java.lang.InterruptedException
2019-09-27 00:25:19,823 [main] INFO  impl.PendingRequests (PendingRequests.java:sendNotLeaderResponses(202)) - 3e2aa5f0-b552-4edc-b72c-2b543357819f-PendingRequests: sendNotLeaderResponses
2019-09-27 00:25:19,823 [org.apache.ratis.server.impl.LogAppender$AppenderDaemon$$Lambda$508/650007284@65cd3a24] WARN  server.GrpcLogAppender (GrpcLogAppender.java:mayWait(143)) - 3e2aa5f0-b552-4edc-b72c-2b543357819f@group-C27C2544C493->9506ffde-d80f-4d1d-a7e4-1ae5324a65d9-GrpcLogAppender: Wait interrupted by java.lang.InterruptedException
2019-09-27 00:25:19,824 [grpc-default-executor-13] INFO  server.GrpcServerProtocolService (GrpcServerProtocolService.java:onCompleted(113)) - 6f806a58-f02f-44e5-897d-0d307551e447: Completed APPEND_ENTRIES, lastRequest: 3e2aa5f0-b552-4edc-b72c-2b543357819f->6f806a58-f02f-44e5-897d-0d307551e447#18-t1, previous=(t:1, i:15), leaderCommit=15, initializing? false, entries: <empty>
2019-09-27 00:25:19,825 [grpc-default-executor-11] INFO  server.GrpcServerProtocolService (GrpcServerProtocolService.java:onCompleted(113)) - 9506ffde-d80f-4d1d-a7e4-1ae5324a65d9: Completed APPEND_ENTRIES, lastRequest: 3e2aa5f0-b552-4edc-b72c-2b543357819f->9506ffde-d80f-4d1d-a7e4-1ae5324a65d9#18-t1, previous=(t:1, i:15), leaderCommit=15, initializing? false, entries: <empty>
2019-09-27 00:25:19,830 [main] INFO  impl.StateMachineUpdater (StateMachineUpdater.java:stopAndJoin(125)) - 3e2aa5f0-b552-4edc-b72c-2b543357819f@group-C27C2544C493-StateMachineUpdater: set stopIndex = 15
2019-09-27 00:25:19,831 [3e2aa5f0-b552-4edc-b72c-2b543357819f@group-C27C2544C493-StateMachineUpdater] INFO  ratis.ContainerStateMachine (ContainerStateMachine.java:takeSnapshot(289)) - group-C27C2544C493: Taking a snapshot at:(t:1, i:13) file /workdir/hadoop-ozone/integration-test/target/test-dir/MiniOzoneClusterImpl-bd5938d5-a9f0-46e6-9cba-1e01c8d8b818/datanode-4/data/ratis/5846f67d-0250-41d1-a23b-c27c2544c493/sm/snapshot.1_13
2019-09-27 00:25:19,832 [grpc-default-executor-7] INFO  server.GrpcLogAppender (GrpcLogAppender.java:onCompleted(293)) - 3e2aa5f0-b552-4edc-b72c-2b543357819f@group-C27C2544C493->9506ffde-d80f-4d1d-a7e4-1ae5324a65d9-AppendLogResponseHandler: follower responses appendEntries COMPLETED
2019-09-27 00:25:19,832 [grpc-default-executor-13] INFO  server.GrpcLogAppender (GrpcLogAppender.java:onCompleted(293)) - 3e2aa5f0-b552-4edc-b72c-2b543357819f@group-C27C2544C493->6f806a58-f02f-44e5-897d-0d307551e447-AppendLogResponseHandler: follower responses appendEntries COMPLETED
2019-09-27 00:25:19,833 [grpc-default-executor-7] INFO  impl.FollowerInfo (FollowerInfo.java:lambda$new$0(51)) - 3e2aa5f0-b552-4edc-b72c-2b543357819f@group-C27C2544C493->9506ffde-d80f-4d1d-a7e4-1ae5324a65d9: nextIndex: updateUnconditionally 16 -> 15
2019-09-27 00:25:19,833 [grpc-default-executor-13] INFO  impl.FollowerInfo (FollowerInfo.java:lambda$new$0(51)) - 3e2aa5f0-b552-4edc-b72c-2b543357819f@group-C27C2544C493->6f806a58-f02f-44e5-897d-0d307551e447: nextIndex: updateUnconditionally 16 -> 15
2019-09-27 00:25:19,845 [3e2aa5f0-b552-4edc-b72c-2b543357819f@group-C27C2544C493-StateMachineUpdater] INFO  ratis.ContainerStateMachine (ContainerStateMachine.java:takeSnapshot(300)) - group-C27C2544C493: Finished taking a snapshot at:(t:1, i:13) file:/workdir/hadoop-ozone/integration-test/target/test-dir/MiniOzoneClusterImpl-bd5938d5-a9f0-46e6-9cba-1e01c8d8b818/datanode-4/data/ratis/5846f67d-0250-41d1-a23b-c27c2544c493/sm/snapshot.1_13 time:15
2019-09-27 00:25:19,846 [3e2aa5f0-b552-4edc-b72c-2b543357819f@group-C27C2544C493-StateMachineUpdater] INFO  impl.StateMachineUpdater (StateMachineUpdater.java:takeSnapshot(258)) - 3e2aa5f0-b552-4edc-b72c-2b543357819f@group-C27C2544C493-StateMachineUpdater: Took a snapshot at index 13
2019-09-27 00:25:19,846 [3e2aa5f0-b552-4edc-b72c-2b543357819f@group-C27C2544C493-StateMachineUpdater] INFO  impl.StateMachineUpdater (StateMachineUpdater.java:lambda$new$0(83)) - 3e2aa5f0-b552-4edc-b72c-2b543357819f@group-C27C2544C493-StateMachineUpdater: snapshotIndex: updateIncreasingly -1 -> 13
2019-09-27 00:25:19,846 [3e2aa5f0-b552-4edc-b72c-2b543357819f@group-C27C2544C493-StateMachineUpdater] INFO  ratis.ContainerStateMachine (ContainerStateMachine.java:takeSnapshot(289)) - group-C27C2544C493: Taking a snapshot at:(t:1, i:13) file /workdir/hadoop-ozone/integration-test/target/test-dir/MiniOzoneClusterImpl-bd5938d5-a9f0-46e6-9cba-1e01c8d8b818/datanode-4/data/ratis/5846f67d-0250-41d1-a23b-c27c2544c493/sm/snapshot.1_13
2019-09-27 00:25:19,859 [3e2aa5f0-b552-4edc-b72c-2b543357819f@group-C27C2544C493-StateMachineUpdater] INFO  ratis.ContainerStateMachine (ContainerStateMachine.java:takeSnapshot(300)) - group-C27C2544C493: Finished taking a snapshot at:(t:1, i:13) file:/workdir/hadoop-ozone/integration-test/target/test-dir/MiniOzoneClusterImpl-bd5938d5-a9f0-46e6-9cba-1e01c8d8b818/datanode-4/data/ratis/5846f67d-0250-41d1-a23b-c27c2544c493/sm/snapshot.1_13 time:13
2019-09-27 00:25:19,859 [3e2aa5f0-b552-4edc-b72c-2b543357819f@group-C27C2544C493-StateMachineUpdater] INFO  impl.StateMachineUpdater (StateMachineUpdater.java:takeSnapshot(258)) - 3e2aa5f0-b552-4edc-b72c-2b543357819f@group-C27C2544C493-StateMachineUpdater: Took a snapshot at index 13
2019-09-27 00:25:19,859 [3e2aa5f0-b552-4edc-b72c-2b543357819f@group-C27C2544C493-StateMachineUpdater] INFO  impl.StateMachineUpdater (StateMachineUpdater.java:lambda$new$0(83)) - 3e2aa5f0-b552-4edc-b72c-2b543357819f@group-C27C2544C493-StateMachineUpdater: snapshotIndex: updateIncreasingly 13 -> 13
2019-09-27 00:25:19,859 [main] INFO  impl.RaftServerImpl (ServerState.java:close(385)) - 3e2aa5f0-b552-4edc-b72c-2b543357819f@group-C27C2544C493: closes. applyIndex: 15
2019-09-27 00:25:19,860 [3e2aa5f0-b552-4edc-b72c-2b543357819f@group-C27C2544C493-SegmentedRaftLogWorker] INFO  segmented.SegmentedRaftLogWorker (SegmentedRaftLogWorker.java:run(313)) - 3e2aa5f0-b552-4edc-b72c-2b543357819f@group-C27C2544C493-SegmentedRaftLogWorker was interrupted, exiting. There are 0 tasks remaining in the queue.
2019-09-27 00:25:19,863 [main] INFO  segmented.SegmentedRaftLogWorker (SegmentedRaftLogWorker.java:close(228)) - 3e2aa5f0-b552-4edc-b72c-2b543357819f@group-C27C2544C493-SegmentedRaftLogWorker close()
2019-09-27 00:25:19,868 [main] INFO  impl.RaftServerImpl (RaftServerImpl.java:lambda$shutdown$3(251)) - 3e2aa5f0-b552-4edc-b72c-2b543357819f@group-1C1A07A6ACEE: shutdown
2019-09-27 00:25:19,868 [main] INFO  util.JmxRegister (JmxRegister.java:unregister(73)) - Successfully un-registered JMX Bean with object name Ratis:service=RaftServer,group=group-1C1A07A6ACEE,id=3e2aa5f0-b552-4edc-b72c-2b543357819f
2019-09-27 00:25:19,868 [main] INFO  impl.RoleInfo (RoleInfo.java:shutdownLeaderState(104)) - 3e2aa5f0-b552-4edc-b72c-2b543357819f: shutdown LeaderState
2019-09-27 00:25:19,869 [main] INFO  impl.PendingRequests (PendingRequests.java:sendNotLeaderResponses(202)) - 3e2aa5f0-b552-4edc-b72c-2b543357819f-PendingRequests: sendNotLeaderResponses
2019-09-27 00:25:19,869 [main] INFO  impl.StateMachineUpdater (StateMachineUpdater.java:stopAndJoin(125)) - 3e2aa5f0-b552-4edc-b72c-2b543357819f@group-1C1A07A6ACEE-StateMachineUpdater: set stopIndex = 0
2019-09-27 00:25:19,869 [main] INFO  impl.RaftServerImpl (ServerState.java:close(385)) - 3e2aa5f0-b552-4edc-b72c-2b543357819f@group-1C1A07A6ACEE: closes. applyIndex: 0
2019-09-27 00:25:19,870 [3e2aa5f0-b552-4edc-b72c-2b543357819f@group-1C1A07A6ACEE-SegmentedRaftLogWorker] INFO  segmented.SegmentedRaftLogWorker (SegmentedRaftLogWorker.java:run(313)) - 3e2aa5f0-b552-4edc-b72c-2b543357819f@group-1C1A07A6ACEE-SegmentedRaftLogWorker was interrupted, exiting. There are 0 tasks remaining in the queue.
2019-09-27 00:25:19,873 [main] INFO  segmented.SegmentedRaftLogWorker (SegmentedRaftLogWorker.java:close(228)) - 3e2aa5f0-b552-4edc-b72c-2b543357819f@group-1C1A07A6ACEE-SegmentedRaftLogWorker close()
2019-09-27 00:25:19,878 [main] INFO  server.GrpcService (GrpcService.java:closeImpl(164)) - 3e2aa5f0-b552-4edc-b72c-2b543357819f: shutdown server with port 42597 now
2019-09-27 00:25:19,879 [main] INFO  server.GrpcService (GrpcService.java:closeImpl(172)) - 3e2aa5f0-b552-4edc-b72c-2b543357819f: shutdown server with port 42597 successfully
2019-09-27 00:25:19,879 [grpc-default-executor-7] WARN  client.GrpcClientProtocolService (LogUtils.java:warn(134)) - 3-UnorderedRequestStreamObserver3: onError: org.apache.ratis.thirdparty.io.grpc.StatusRuntimeException: CANCELLED: cancelled before receiving half close
2019-09-27 00:25:19,885 [refreshUsed-/workdir/hadoop-ozone/integration-test/target/test-dir/MiniOzoneClusterImpl-bd5938d5-a9f0-46e6-9cba-1e01c8d8b818/datanode-4/data/containers] WARN  fs.CachingGetSpaceUsed (CachingGetSpaceUsed.java:run(183)) - Thread Interrupted waiting to refresh disk information: sleep interrupted
2019-09-27 00:25:19,907 [main] INFO  utils.BackgroundService (BackgroundService.java:shutdown(148)) - Shutting down service BlockDeletingService
2019-09-27 00:25:19,921 [main] INFO  statemachine.DatanodeStateMachine (DatanodeStateMachine.java:stopDaemon(395)) - Ozone container server stopped.
2019-09-27 00:25:19,925 [main] INFO  handler.ContextHandler (ContextHandler.java:doStop(910)) - Stopped o.e.j.w.WebAppContext@482f7af0{/,null,UNAVAILABLE}{/hddsDatanode}
2019-09-27 00:25:19,926 [main] INFO  server.AbstractConnector (AbstractConnector.java:doStop(318)) - Stopped ServerConnector@1edfedf1{HTTP/1.1,[http/1.1]}{0.0.0.0:0}
2019-09-27 00:25:19,926 [main] INFO  handler.ContextHandler (ContextHandler.java:doStop(910)) - Stopped o.e.j.s.ServletContextHandler@245cb8df{/static,jar:file:/home/user/.m2/repository/org/apache/hadoop/hadoop-hdds-container-service/0.5.0-SNAPSHOT/hadoop-hdds-container-service-0.5.0-SNAPSHOT.jar!/webapps/static,UNAVAILABLE}
2019-09-27 00:25:19,926 [main] INFO  handler.ContextHandler (ContextHandler.java:doStop(910)) - Stopped o.e.j.s.ServletContextHandler@53ea380b{/logs,file:///workdir/hadoop-ozone/integration-test/target/log,UNAVAILABLE}
2019-09-27 00:25:28,706 [Thread-3199] INFO  impl.FollowerState (FollowerState.java:run(106)) - 9506ffde-d80f-4d1d-a7e4-1ae5324a65d9:group-C27C2544C493 changes to CANDIDATE, lastRpcTime:8890, electionTimeout:5117ms
2019-09-27 00:25:28,707 [Thread-3199] INFO  impl.RoleInfo (RoleInfo.java:shutdownFollowerState(121)) - 9506ffde-d80f-4d1d-a7e4-1ae5324a65d9: shutdown FollowerState
2019-09-27 00:25:28,707 [Thread-3199] INFO  impl.RaftServerImpl (RaftServerImpl.java:setRole(174)) - 9506ffde-d80f-4d1d-a7e4-1ae5324a65d9@group-C27C2544C493: changes role from  FOLLOWER to CANDIDATE at term 1 for changeToCandidate
2019-09-27 00:25:28,707 [Thread-3199] INFO  impl.RoleInfo (RoleInfo.java:updateAndGet(143)) - 9506ffde-d80f-4d1d-a7e4-1ae5324a65d9: start LeaderElection
2019-09-27 00:25:28,711 [9506ffde-d80f-4d1d-a7e4-1ae5324a65d9@group-C27C2544C493:LeaderElection87] INFO  impl.RaftServerImpl (ServerState.java:setLeader(253)) - 9506ffde-d80f-4d1d-a7e4-1ae5324a65d9@group-C27C2544C493: change Leader from 3e2aa5f0-b552-4edc-b72c-2b543357819f to null at term 1 for initElection
2019-09-27 00:25:28,721 [Thread-3198] INFO  impl.FollowerState (FollowerState.java:run(106)) - 6f806a58-f02f-44e5-897d-0d307551e447:group-C27C2544C493 changes to CANDIDATE, lastRpcTime:8905, electionTimeout:5034ms
2019-09-27 00:25:28,721 [Thread-3198] INFO  impl.RoleInfo (RoleInfo.java:shutdownFollowerState(121)) - 6f806a58-f02f-44e5-897d-0d307551e447: shutdown FollowerState
2019-09-27 00:25:28,721 [Thread-3198] INFO  impl.RaftServerImpl (RaftServerImpl.java:setRole(174)) - 6f806a58-f02f-44e5-897d-0d307551e447@group-C27C2544C493: changes role from  FOLLOWER to CANDIDATE at term 1 for changeToCandidate
2019-09-27 00:25:28,721 [Thread-3198] INFO  impl.RoleInfo (RoleInfo.java:updateAndGet(143)) - 6f806a58-f02f-44e5-897d-0d307551e447: start LeaderElection
2019-09-27 00:25:28,722 [6f806a58-f02f-44e5-897d-0d307551e447@group-C27C2544C493:LeaderElection88] INFO  impl.RaftServerImpl (ServerState.java:setLeader(253)) - 6f806a58-f02f-44e5-897d-0d307551e447@group-C27C2544C493: change Leader from 3e2aa5f0-b552-4edc-b72c-2b543357819f to null at term 1 for initElection
2019-09-27 00:25:28,725 [9506ffde-d80f-4d1d-a7e4-1ae5324a65d9@group-C27C2544C493:LeaderElection87] INFO  impl.LeaderElection (LeaderElection.java:askForVotes(182)) - 9506ffde-d80f-4d1d-a7e4-1ae5324a65d9@group-C27C2544C493:LeaderElection87: begin an election at term 2 for 0: [9506ffde-d80f-4d1d-a7e4-1ae5324a65d9:192.168.30.42:45115, 3e2aa5f0-b552-4edc-b72c-2b543357819f:192.168.30.42:42597, 6f806a58-f02f-44e5-897d-0d307551e447:192.168.30.42:43683], old=null
2019-09-27 00:25:28,728 [6f806a58-f02f-44e5-897d-0d307551e447@group-C27C2544C493:LeaderElection88] INFO  impl.LeaderElection (LeaderElection.java:askForVotes(182)) - 6f806a58-f02f-44e5-897d-0d307551e447@group-C27C2544C493:LeaderElection88: begin an election at term 2 for 0: [9506ffde-d80f-4d1d-a7e4-1ae5324a65d9:192.168.30.42:45115, 3e2aa5f0-b552-4edc-b72c-2b543357819f:192.168.30.42:42597, 6f806a58-f02f-44e5-897d-0d307551e447:192.168.30.42:43683], old=null
2019-09-27 00:25:28,729 [9506ffde-d80f-4d1d-a7e4-1ae5324a65d9@group-C27C2544C493:LeaderElection87] INFO  impl.LeaderElection (LogUtils.java:infoOrTrace(149)) - 9506ffde-d80f-4d1d-a7e4-1ae5324a65d9@group-C27C2544C493:LeaderElection87 got exception when requesting votes: {}
java.util.concurrent.ExecutionException: org.apache.ratis.thirdparty.io.grpc.StatusRuntimeException: UNAVAILABLE: io exception
	at java.util.concurrent.FutureTask.report(FutureTask.java:122)
	at java.util.concurrent.FutureTask.get(FutureTask.java:192)
	at org.apache.ratis.server.impl.LeaderElection.waitForResults(LeaderElection.java:263)
	at org.apache.ratis.server.impl.LeaderElection.askForVotes(LeaderElection.java:201)
	at org.apache.ratis.server.impl.LeaderElection.run(LeaderElection.java:133)
	at java.lang.Thread.run(Thread.java:748)
Caused by: org.apache.ratis.thirdparty.io.grpc.StatusRuntimeException: UNAVAILABLE: io exception
	at org.apache.ratis.thirdparty.io.grpc.stub.ClientCalls.toStatusRuntimeException(ClientCalls.java:233)
	at org.apache.ratis.thirdparty.io.grpc.stub.ClientCalls.getUnchecked(ClientCalls.java:214)
	at org.apache.ratis.thirdparty.io.grpc.stub.ClientCalls.blockingUnaryCall(ClientCalls.java:139)
	at org.apache.ratis.proto.grpc.RaftServerProtocolServiceGrpc$RaftServerProtocolServiceBlockingStub.requestVote(RaftServerProtocolServiceGrpc.java:265)
	at org.apache.ratis.grpc.server.GrpcServerProtocolClient.requestVote(GrpcServerProtocolClient.java:90)
	at org.apache.ratis.grpc.server.GrpcService.requestVote(GrpcService.java:204)
	at org.apache.ratis.server.impl.LeaderElection.lambda$submitRequests$1(LeaderElection.java:238)
	at java.util.concurrent.FutureTask.run(FutureTask.java:266)
	at java.util.concurrent.Executors$RunnableAdapter.call(Executors.java:511)
	at java.util.concurrent.FutureTask.run(FutureTask.java:266)
	at java.util.concurrent.ThreadPoolExecutor.runWorker(ThreadPoolExecutor.java:1149)
	at java.util.concurrent.ThreadPoolExecutor$Worker.run(ThreadPoolExecutor.java:624)
	... 1 more
Caused by: org.apache.ratis.thirdparty.io.netty.channel.AbstractChannel$AnnotatedConnectException: Connection refused: /192.168.30.42:42597
	at sun.nio.ch.SocketChannelImpl.checkConnect(Native Method)
	at sun.nio.ch.SocketChannelImpl.finishConnect(SocketChannelImpl.java:717)
	at org.apache.ratis.thirdparty.io.netty.channel.socket.nio.NioSocketChannel.doFinishConnect(NioSocketChannel.java:327)
	at org.apache.ratis.thirdparty.io.netty.channel.nio.AbstractNioChannel$AbstractNioUnsafe.finishConnect(AbstractNioChannel.java:340)
	at org.apache.ratis.thirdparty.io.netty.channel.nio.NioEventLoop.processSelectedKey(NioEventLoop.java:632)
	at org.apache.ratis.thirdparty.io.netty.channel.nio.NioEventLoop.processSelectedKeysOptimized(NioEventLoop.java:579)
	at org.apache.ratis.thirdparty.io.netty.channel.nio.NioEventLoop.processSelectedKeys(NioEventLoop.java:496)
	at org.apache.ratis.thirdparty.io.netty.channel.nio.NioEventLoop.run(NioEventLoop.java:458)
	at org.apache.ratis.thirdparty.io.netty.util.concurrent.SingleThreadEventExecutor$5.run(SingleThreadEventExecutor.java:897)
	at org.apache.ratis.thirdparty.io.netty.util.concurrent.FastThreadLocalRunnable.run(FastThreadLocalRunnable.java:30)
	... 1 more
Caused by: java.net.ConnectException: Connection refused
	... 11 more
2019-09-27 00:25:28,733 [6f806a58-f02f-44e5-897d-0d307551e447@group-C27C2544C493:LeaderElection88] INFO  impl.LeaderElection (LogUtils.java:infoOrTrace(149)) - 6f806a58-f02f-44e5-897d-0d307551e447@group-C27C2544C493:LeaderElection88 got exception when requesting votes: {}
java.util.concurrent.ExecutionException: org.apache.ratis.thirdparty.io.grpc.StatusRuntimeException: UNAVAILABLE: io exception
	at java.util.concurrent.FutureTask.report(FutureTask.java:122)
	at java.util.concurrent.FutureTask.get(FutureTask.java:192)
	at org.apache.ratis.server.impl.LeaderElection.waitForResults(LeaderElection.java:263)
	at org.apache.ratis.server.impl.LeaderElection.askForVotes(LeaderElection.java:201)
	at org.apache.ratis.server.impl.LeaderElection.run(LeaderElection.java:133)
	at java.lang.Thread.run(Thread.java:748)
Caused by: org.apache.ratis.thirdparty.io.grpc.StatusRuntimeException: UNAVAILABLE: io exception
	at org.apache.ratis.thirdparty.io.grpc.stub.ClientCalls.toStatusRuntimeException(ClientCalls.java:233)
	at org.apache.ratis.thirdparty.io.grpc.stub.ClientCalls.getUnchecked(ClientCalls.java:214)
	at org.apache.ratis.thirdparty.io.grpc.stub.ClientCalls.blockingUnaryCall(ClientCalls.java:139)
	at org.apache.ratis.proto.grpc.RaftServerProtocolServiceGrpc$RaftServerProtocolServiceBlockingStub.requestVote(RaftServerProtocolServiceGrpc.java:265)
	at org.apache.ratis.grpc.server.GrpcServerProtocolClient.requestVote(GrpcServerProtocolClient.java:90)
	at org.apache.ratis.grpc.server.GrpcService.requestVote(GrpcService.java:204)
	at org.apache.ratis.server.impl.LeaderElection.lambda$submitRequests$1(LeaderElection.java:238)
	at java.util.concurrent.FutureTask.run(FutureTask.java:266)
	at java.util.concurrent.Executors$RunnableAdapter.call(Executors.java:511)
	at java.util.concurrent.FutureTask.run(FutureTask.java:266)
	at java.util.concurrent.ThreadPoolExecutor.runWorker(ThreadPoolExecutor.java:1149)
	at java.util.concurrent.ThreadPoolExecutor$Worker.run(ThreadPoolExecutor.java:624)
	... 1 more
Caused by: org.apache.ratis.thirdparty.io.netty.channel.AbstractChannel$AnnotatedConnectException: Connection refused: /192.168.30.42:42597
	at sun.nio.ch.SocketChannelImpl.checkConnect(Native Method)
	at sun.nio.ch.SocketChannelImpl.finishConnect(SocketChannelImpl.java:717)
	at org.apache.ratis.thirdparty.io.netty.channel.socket.nio.NioSocketChannel.doFinishConnect(NioSocketChannel.java:327)
	at org.apache.ratis.thirdparty.io.netty.channel.nio.AbstractNioChannel$AbstractNioUnsafe.finishConnect(AbstractNioChannel.java:340)
	at org.apache.ratis.thirdparty.io.netty.channel.nio.NioEventLoop.processSelectedKey(NioEventLoop.java:632)
	at org.apache.ratis.thirdparty.io.netty.channel.nio.NioEventLoop.processSelectedKeysOptimized(NioEventLoop.java:579)
	at org.apache.ratis.thirdparty.io.netty.channel.nio.NioEventLoop.processSelectedKeys(NioEventLoop.java:496)
	at org.apache.ratis.thirdparty.io.netty.channel.nio.NioEventLoop.run(NioEventLoop.java:458)
	at org.apache.ratis.thirdparty.io.netty.util.concurrent.SingleThreadEventExecutor$5.run(SingleThreadEventExecutor.java:897)
	at org.apache.ratis.thirdparty.io.netty.util.concurrent.FastThreadLocalRunnable.run(FastThreadLocalRunnable.java:30)
	... 1 more
Caused by: java.net.ConnectException: Connection refused
	... 11 more
2019-09-27 00:25:28,737 [9506ffde-d80f-4d1d-a7e4-1ae5324a65d9@group-C27C2544C493:LeaderElection87] INFO  impl.LeaderElection (LeaderElection.java:logAndReturn(56)) - 9506ffde-d80f-4d1d-a7e4-1ae5324a65d9@group-C27C2544C493:LeaderElection87: Election REJECTED; received 1 response(s) [9506ffde-d80f-4d1d-a7e4-1ae5324a65d9<-6f806a58-f02f-44e5-897d-0d307551e447#0:FAIL-t2] and 1 exception(s); 9506ffde-d80f-4d1d-a7e4-1ae5324a65d9@group-C27C2544C493:t2, leader=null, voted=9506ffde-d80f-4d1d-a7e4-1ae5324a65d9, raftlog=9506ffde-d80f-4d1d-a7e4-1ae5324a65d9@group-C27C2544C493-SegmentedRaftLog:OPENED:c15,f15,i15, conf=0: [9506ffde-d80f-4d1d-a7e4-1ae5324a65d9:192.168.30.42:45115, 3e2aa5f0-b552-4edc-b72c-2b543357819f:192.168.30.42:42597, 6f806a58-f02f-44e5-897d-0d307551e447:192.168.30.42:43683], old=null
2019-09-27 00:25:28,738 [9506ffde-d80f-4d1d-a7e4-1ae5324a65d9@group-C27C2544C493:LeaderElection87] INFO  impl.LeaderElection (LogUtils.java:infoOrTrace(149)) -   Exception 0: {}
java.util.concurrent.ExecutionException: org.apache.ratis.thirdparty.io.grpc.StatusRuntimeException: UNAVAILABLE: io exception
	at java.util.concurrent.FutureTask.report(FutureTask.java:122)
	at java.util.concurrent.FutureTask.get(FutureTask.java:192)
	at org.apache.ratis.server.impl.LeaderElection.waitForResults(LeaderElection.java:263)
	at org.apache.ratis.server.impl.LeaderElection.askForVotes(LeaderElection.java:201)
	at org.apache.ratis.server.impl.LeaderElection.run(LeaderElection.java:133)
	at java.lang.Thread.run(Thread.java:748)
Caused by: org.apache.ratis.thirdparty.io.grpc.StatusRuntimeException: UNAVAILABLE: io exception
	at org.apache.ratis.thirdparty.io.grpc.stub.ClientCalls.toStatusRuntimeException(ClientCalls.java:233)
	at org.apache.ratis.thirdparty.io.grpc.stub.ClientCalls.getUnchecked(ClientCalls.java:214)
	at org.apache.ratis.thirdparty.io.grpc.stub.ClientCalls.blockingUnaryCall(ClientCalls.java:139)
	at org.apache.ratis.proto.grpc.RaftServerProtocolServiceGrpc$RaftServerProtocolServiceBlockingStub.requestVote(RaftServerProtocolServiceGrpc.java:265)
	at org.apache.ratis.grpc.server.GrpcServerProtocolClient.requestVote(GrpcServerProtocolClient.java:90)
	at org.apache.ratis.grpc.server.GrpcService.requestVote(GrpcService.java:204)
	at org.apache.ratis.server.impl.LeaderElection.lambda$submitRequests$1(LeaderElection.java:238)
	at java.util.concurrent.FutureTask.run(FutureTask.java:266)
	at java.util.concurrent.Executors$RunnableAdapter.call(Executors.java:511)
	at java.util.concurrent.FutureTask.run(FutureTask.java:266)
	at java.util.concurrent.ThreadPoolExecutor.runWorker(ThreadPoolExecutor.java:1149)
	at java.util.concurrent.ThreadPoolExecutor$Worker.run(ThreadPoolExecutor.java:624)
	... 1 more
Caused by: org.apache.ratis.thirdparty.io.netty.channel.AbstractChannel$AnnotatedConnectException: Connection refused: /192.168.30.42:42597
	at sun.nio.ch.SocketChannelImpl.checkConnect(Native Method)
	at sun.nio.ch.SocketChannelImpl.finishConnect(SocketChannelImpl.java:717)
	at org.apache.ratis.thirdparty.io.netty.channel.socket.nio.NioSocketChannel.doFinishConnect(NioSocketChannel.java:327)
	at org.apache.ratis.thirdparty.io.netty.channel.nio.AbstractNioChannel$AbstractNioUnsafe.finishConnect(AbstractNioChannel.java:340)
	at org.apache.ratis.thirdparty.io.netty.channel.nio.NioEventLoop.processSelectedKey(NioEventLoop.java:632)
	at org.apache.ratis.thirdparty.io.netty.channel.nio.NioEventLoop.processSelectedKeysOptimized(NioEventLoop.java:579)
	at org.apache.ratis.thirdparty.io.netty.channel.nio.NioEventLoop.processSelectedKeys(NioEventLoop.java:496)
	at org.apache.ratis.thirdparty.io.netty.channel.nio.NioEventLoop.run(NioEventLoop.java:458)
	at org.apache.ratis.thirdparty.io.netty.util.concurrent.SingleThreadEventExecutor$5.run(SingleThreadEventExecutor.java:897)
	at org.apache.ratis.thirdparty.io.netty.util.concurrent.FastThreadLocalRunnable.run(FastThreadLocalRunnable.java:30)
	... 1 more
Caused by: java.net.ConnectException: Connection refused
	... 11 more
2019-09-27 00:25:28,738 [6f806a58-f02f-44e5-897d-0d307551e447@group-C27C2544C493:LeaderElection88] INFO  impl.LeaderElection (LeaderElection.java:logAndReturn(56)) - 6f806a58-f02f-44e5-897d-0d307551e447@group-C27C2544C493:LeaderElection88: Election REJECTED; received 1 response(s) [6f806a58-f02f-44e5-897d-0d307551e447<-9506ffde-d80f-4d1d-a7e4-1ae5324a65d9#0:FAIL-t2] and 1 exception(s); 6f806a58-f02f-44e5-897d-0d307551e447@group-C27C2544C493:t2, leader=null, voted=6f806a58-f02f-44e5-897d-0d307551e447, raftlog=6f806a58-f02f-44e5-897d-0d307551e447@group-C27C2544C493-SegmentedRaftLog:OPENED:c15,f15,i15, conf=0: [9506ffde-d80f-4d1d-a7e4-1ae5324a65d9:192.168.30.42:45115, 3e2aa5f0-b552-4edc-b72c-2b543357819f:192.168.30.42:42597, 6f806a58-f02f-44e5-897d-0d307551e447:192.168.30.42:43683], old=null
2019-09-27 00:25:28,740 [9506ffde-d80f-4d1d-a7e4-1ae5324a65d9@group-C27C2544C493:LeaderElection87] INFO  impl.RaftServerImpl (RaftServerImpl.java:setRole(174)) - 9506ffde-d80f-4d1d-a7e4-1ae5324a65d9@group-C27C2544C493: changes role from CANDIDATE to FOLLOWER at term 2 for DISCOVERED_A_NEW_TERM
2019-09-27 00:25:28,740 [6f806a58-f02f-44e5-897d-0d307551e447@group-C27C2544C493:LeaderElection88] INFO  impl.LeaderElection (LogUtils.java:infoOrTrace(149)) -   Exception 0: {}
java.util.concurrent.ExecutionException: org.apache.ratis.thirdparty.io.grpc.StatusRuntimeException: UNAVAILABLE: io exception
	at java.util.concurrent.FutureTask.report(FutureTask.java:122)
	at java.util.concurrent.FutureTask.get(FutureTask.java:192)
	at org.apache.ratis.server.impl.LeaderElection.waitForResults(LeaderElection.java:263)
	at org.apache.ratis.server.impl.LeaderElection.askForVotes(LeaderElection.java:201)
	at org.apache.ratis.server.impl.LeaderElection.run(LeaderElection.java:133)
	at java.lang.Thread.run(Thread.java:748)
Caused by: org.apache.ratis.thirdparty.io.grpc.StatusRuntimeException: UNAVAILABLE: io exception
	at org.apache.ratis.thirdparty.io.grpc.stub.ClientCalls.toStatusRuntimeException(ClientCalls.java:233)
	at org.apache.ratis.thirdparty.io.grpc.stub.ClientCalls.getUnchecked(ClientCalls.java:214)
	at org.apache.ratis.thirdparty.io.grpc.stub.ClientCalls.blockingUnaryCall(ClientCalls.java:139)
	at org.apache.ratis.proto.grpc.RaftServerProtocolServiceGrpc$RaftServerProtocolServiceBlockingStub.requestVote(RaftServerProtocolServiceGrpc.java:265)
	at org.apache.ratis.grpc.server.GrpcServerProtocolClient.requestVote(GrpcServerProtocolClient.java:90)
	at org.apache.ratis.grpc.server.GrpcService.requestVote(GrpcService.java:204)
	at org.apache.ratis.server.impl.LeaderElection.lambda$submitRequests$1(LeaderElection.java:238)
	at java.util.concurrent.FutureTask.run(FutureTask.java:266)
	at java.util.concurrent.Executors$RunnableAdapter.call(Executors.java:511)
	at java.util.concurrent.FutureTask.run(FutureTask.java:266)
	at java.util.concurrent.ThreadPoolExecutor.runWorker(ThreadPoolExecutor.java:1149)
	at java.util.concurrent.ThreadPoolExecutor$Worker.run(ThreadPoolExecutor.java:624)
	... 1 more
Caused by: org.apache.ratis.thirdparty.io.netty.channel.AbstractChannel$AnnotatedConnectException: Connection refused: /192.168.30.42:42597
	at sun.nio.ch.SocketChannelImpl.checkConnect(Native Method)
	at sun.nio.ch.SocketChannelImpl.finishConnect(SocketChannelImpl.java:717)
	at org.apache.ratis.thirdparty.io.netty.channel.socket.nio.NioSocketChannel.doFinishConnect(NioSocketChannel.java:327)
	at org.apache.ratis.thirdparty.io.netty.channel.nio.AbstractNioChannel$AbstractNioUnsafe.finishConnect(AbstractNioChannel.java:340)
	at org.apache.ratis.thirdparty.io.netty.channel.nio.NioEventLoop.processSelectedKey(NioEventLoop.java:632)
	at org.apache.ratis.thirdparty.io.netty.channel.nio.NioEventLoop.processSelectedKeysOptimized(NioEventLoop.java:579)
	at org.apache.ratis.thirdparty.io.netty.channel.nio.NioEventLoop.processSelectedKeys(NioEventLoop.java:496)
	at org.apache.ratis.thirdparty.io.netty.channel.nio.NioEventLoop.run(NioEventLoop.java:458)
	at org.apache.ratis.thirdparty.io.netty.util.concurrent.SingleThreadEventExecutor$5.run(SingleThreadEventExecutor.java:897)
	at org.apache.ratis.thirdparty.io.netty.util.concurrent.FastThreadLocalRunnable.run(FastThreadLocalRunnable.java:30)
	... 1 more
Caused by: java.net.ConnectException: Connection refused
	... 11 more
2019-09-27 00:25:28,741 [9506ffde-d80f-4d1d-a7e4-1ae5324a65d9@group-C27C2544C493:LeaderElection87] INFO  impl.RoleInfo (RoleInfo.java:shutdownLeaderElection(134)) - 9506ffde-d80f-4d1d-a7e4-1ae5324a65d9: shutdown LeaderElection
2019-09-27 00:25:28,743 [6f806a58-f02f-44e5-897d-0d307551e447@group-C27C2544C493:LeaderElection88] INFO  impl.RaftServerImpl (RaftServerImpl.java:setRole(174)) - 6f806a58-f02f-44e5-897d-0d307551e447@group-C27C2544C493: changes role from CANDIDATE to FOLLOWER at term 2 for DISCOVERED_A_NEW_TERM
2019-09-27 00:25:28,744 [6f806a58-f02f-44e5-897d-0d307551e447@group-C27C2544C493:LeaderElection88] INFO  impl.RoleInfo (RoleInfo.java:shutdownLeaderElection(134)) - 6f806a58-f02f-44e5-897d-0d307551e447: shutdown LeaderElection
2019-09-27 00:25:28,744 [9506ffde-d80f-4d1d-a7e4-1ae5324a65d9@group-C27C2544C493:LeaderElection87] INFO  impl.RoleInfo (RoleInfo.java:updateAndGet(143)) - 9506ffde-d80f-4d1d-a7e4-1ae5324a65d9: start FollowerState
2019-09-27 00:25:28,744 [6f806a58-f02f-44e5-897d-0d307551e447@group-C27C2544C493:LeaderElection88] INFO  impl.RoleInfo (RoleInfo.java:updateAndGet(143)) - 6f806a58-f02f-44e5-897d-0d307551e447: start FollowerState
2019-09-27 00:25:33,780 [Thread-3307] INFO  impl.FollowerState (FollowerState.java:run(106)) - 6f806a58-f02f-44e5-897d-0d307551e447:group-C27C2544C493 changes to CANDIDATE, lastRpcTime:5036, electionTimeout:5036ms
2019-09-27 00:25:33,781 [Thread-3307] INFO  impl.RoleInfo (RoleInfo.java:shutdownFollowerState(121)) - 6f806a58-f02f-44e5-897d-0d307551e447: shutdown FollowerState
2019-09-27 00:25:33,782 [Thread-3307] INFO  impl.RaftServerImpl (RaftServerImpl.java:setRole(174)) - 6f806a58-f02f-44e5-897d-0d307551e447@group-C27C2544C493: changes role from  FOLLOWER to CANDIDATE at term 2 for changeToCandidate
2019-09-27 00:25:33,782 [Thread-3307] INFO  impl.RoleInfo (RoleInfo.java:updateAndGet(143)) - 6f806a58-f02f-44e5-897d-0d307551e447: start LeaderElection
2019-09-27 00:25:33,799 [6f806a58-f02f-44e5-897d-0d307551e447@group-C27C2544C493:LeaderElection89] INFO  impl.LeaderElection (LeaderElection.java:askForVotes(182)) - 6f806a58-f02f-44e5-897d-0d307551e447@group-C27C2544C493:LeaderElection89: begin an election at term 3 for 0: [9506ffde-d80f-4d1d-a7e4-1ae5324a65d9:192.168.30.42:45115, 3e2aa5f0-b552-4edc-b72c-2b543357819f:192.168.30.42:42597, 6f806a58-f02f-44e5-897d-0d307551e447:192.168.30.42:43683], old=null
2019-09-27 00:25:33,800 [6f806a58-f02f-44e5-897d-0d307551e447@group-C27C2544C493:LeaderElection89] INFO  impl.LeaderElection (LogUtils.java:infoOrTrace(149)) - 6f806a58-f02f-44e5-897d-0d307551e447@group-C27C2544C493:LeaderElection89 got exception when requesting votes: {}
java.util.concurrent.ExecutionException: org.apache.ratis.thirdparty.io.grpc.StatusRuntimeException: UNAVAILABLE: io exception
	at java.util.concurrent.FutureTask.report(FutureTask.java:122)
	at java.util.concurrent.FutureTask.get(FutureTask.java:192)
	at org.apache.ratis.server.impl.LeaderElection.waitForResults(LeaderElection.java:263)
	at org.apache.ratis.server.impl.LeaderElection.askForVotes(LeaderElection.java:201)
	at org.apache.ratis.server.impl.LeaderElection.run(LeaderElection.java:133)
	at java.lang.Thread.run(Thread.java:748)
Caused by: org.apache.ratis.thirdparty.io.grpc.StatusRuntimeException: UNAVAILABLE: io exception
	at org.apache.ratis.thirdparty.io.grpc.stub.ClientCalls.toStatusRuntimeException(ClientCalls.java:233)
	at org.apache.ratis.thirdparty.io.grpc.stub.ClientCalls.getUnchecked(ClientCalls.java:214)
	at org.apache.ratis.thirdparty.io.grpc.stub.ClientCalls.blockingUnaryCall(ClientCalls.java:139)
	at org.apache.ratis.proto.grpc.RaftServerProtocolServiceGrpc$RaftServerProtocolServiceBlockingStub.requestVote(RaftServerProtocolServiceGrpc.java:265)
	at org.apache.ratis.grpc.server.GrpcServerProtocolClient.requestVote(GrpcServerProtocolClient.java:90)
	at org.apache.ratis.grpc.server.GrpcService.requestVote(GrpcService.java:204)
	at org.apache.ratis.server.impl.LeaderElection.lambda$submitRequests$1(LeaderElection.java:238)
	at java.util.concurrent.FutureTask.run(FutureTask.java:266)
	at java.util.concurrent.Executors$RunnableAdapter.call(Executors.java:511)
	at java.util.concurrent.FutureTask.run(FutureTask.java:266)
	at java.util.concurrent.ThreadPoolExecutor.runWorker(ThreadPoolExecutor.java:1149)
	at java.util.concurrent.ThreadPoolExecutor$Worker.run(ThreadPoolExecutor.java:624)
	... 1 more
Caused by: org.apache.ratis.thirdparty.io.netty.channel.AbstractChannel$AnnotatedConnectException: Connection refused: /192.168.30.42:42597
	at sun.nio.ch.SocketChannelImpl.checkConnect(Native Method)
	at sun.nio.ch.SocketChannelImpl.finishConnect(SocketChannelImpl.java:717)
	at org.apache.ratis.thirdparty.io.netty.channel.socket.nio.NioSocketChannel.doFinishConnect(NioSocketChannel.java:327)
	at org.apache.ratis.thirdparty.io.netty.channel.nio.AbstractNioChannel$AbstractNioUnsafe.finishConnect(AbstractNioChannel.java:340)
	at org.apache.ratis.thirdparty.io.netty.channel.nio.NioEventLoop.processSelectedKey(NioEventLoop.java:632)
	at org.apache.ratis.thirdparty.io.netty.channel.nio.NioEventLoop.processSelectedKeysOptimized(NioEventLoop.java:579)
	at org.apache.ratis.thirdparty.io.netty.channel.nio.NioEventLoop.processSelectedKeys(NioEventLoop.java:496)
	at org.apache.ratis.thirdparty.io.netty.channel.nio.NioEventLoop.run(NioEventLoop.java:458)
	at org.apache.ratis.thirdparty.io.netty.util.concurrent.SingleThreadEventExecutor$5.run(SingleThreadEventExecutor.java:897)
	at org.apache.ratis.thirdparty.io.netty.util.concurrent.FastThreadLocalRunnable.run(FastThreadLocalRunnable.java:30)
	... 1 more
Caused by: java.net.ConnectException: Connection refused
	... 11 more
2019-09-27 00:25:33,803 [grpc-default-executor-13] INFO  impl.RaftServerImpl (RaftServerImpl.java:setRole(174)) - 9506ffde-d80f-4d1d-a7e4-1ae5324a65d9@group-C27C2544C493: changes role from  FOLLOWER to FOLLOWER at term 3 for recognizeCandidate:6f806a58-f02f-44e5-897d-0d307551e447
2019-09-27 00:25:33,803 [grpc-default-executor-13] INFO  impl.RoleInfo (RoleInfo.java:shutdownFollowerState(121)) - 9506ffde-d80f-4d1d-a7e4-1ae5324a65d9: shutdown FollowerState
2019-09-27 00:25:33,804 [grpc-default-executor-13] INFO  impl.RoleInfo (RoleInfo.java:updateAndGet(143)) - 9506ffde-d80f-4d1d-a7e4-1ae5324a65d9: start FollowerState
2019-09-27 00:25:33,804 [Thread-3306] INFO  impl.FollowerState (FollowerState.java:run(115)) - 9506ffde-d80f-4d1d-a7e4-1ae5324a65d9: FollowerState was interrupted: java.lang.InterruptedException: sleep interrupted
2019-09-27 00:25:33,819 [6f806a58-f02f-44e5-897d-0d307551e447@group-C27C2544C493:LeaderElection89] INFO  impl.LeaderElection (LeaderElection.java:logAndReturn(56)) - 6f806a58-f02f-44e5-897d-0d307551e447@group-C27C2544C493:LeaderElection89: Election PASSED; received 1 response(s) [6f806a58-f02f-44e5-897d-0d307551e447<-9506ffde-d80f-4d1d-a7e4-1ae5324a65d9#0:OK-t3] and 1 exception(s); 6f806a58-f02f-44e5-897d-0d307551e447@group-C27C2544C493:t3, leader=null, voted=6f806a58-f02f-44e5-897d-0d307551e447, raftlog=6f806a58-f02f-44e5-897d-0d307551e447@group-C27C2544C493-SegmentedRaftLog:OPENED:c15,f15,i15, conf=0: [9506ffde-d80f-4d1d-a7e4-1ae5324a65d9:192.168.30.42:45115, 3e2aa5f0-b552-4edc-b72c-2b543357819f:192.168.30.42:42597, 6f806a58-f02f-44e5-897d-0d307551e447:192.168.30.42:43683], old=null
2019-09-27 00:25:33,820 [6f806a58-f02f-44e5-897d-0d307551e447@group-C27C2544C493:LeaderElection89] INFO  impl.LeaderElection (LogUtils.java:infoOrTrace(149)) -   Exception 0: {}
java.util.concurrent.ExecutionException: org.apache.ratis.thirdparty.io.grpc.StatusRuntimeException: UNAVAILABLE: io exception
	at java.util.concurrent.FutureTask.report(FutureTask.java:122)
	at java.util.concurrent.FutureTask.get(FutureTask.java:192)
	at org.apache.ratis.server.impl.LeaderElection.waitForResults(LeaderElection.java:263)
	at org.apache.ratis.server.impl.LeaderElection.askForVotes(LeaderElection.java:201)
	at org.apache.ratis.server.impl.LeaderElection.run(LeaderElection.java:133)
	at java.lang.Thread.run(Thread.java:748)
Caused by: org.apache.ratis.thirdparty.io.grpc.StatusRuntimeException: UNAVAILABLE: io exception
	at org.apache.ratis.thirdparty.io.grpc.stub.ClientCalls.toStatusRuntimeException(ClientCalls.java:233)
	at org.apache.ratis.thirdparty.io.grpc.stub.ClientCalls.getUnchecked(ClientCalls.java:214)
	at org.apache.ratis.thirdparty.io.grpc.stub.ClientCalls.blockingUnaryCall(ClientCalls.java:139)
	at org.apache.ratis.proto.grpc.RaftServerProtocolServiceGrpc$RaftServerProtocolServiceBlockingStub.requestVote(RaftServerProtocolServiceGrpc.java:265)
	at org.apache.ratis.grpc.server.GrpcServerProtocolClient.requestVote(GrpcServerProtocolClient.java:90)
	at org.apache.ratis.grpc.server.GrpcService.requestVote(GrpcService.java:204)
	at org.apache.ratis.server.impl.LeaderElection.lambda$submitRequests$1(LeaderElection.java:238)
	at java.util.concurrent.FutureTask.run(FutureTask.java:266)
	at java.util.concurrent.Executors$RunnableAdapter.call(Executors.java:511)
	at java.util.concurrent.FutureTask.run(FutureTask.java:266)
	at java.util.concurrent.ThreadPoolExecutor.runWorker(ThreadPoolExecutor.java:1149)
	at java.util.concurrent.ThreadPoolExecutor$Worker.run(ThreadPoolExecutor.java:624)
	... 1 more
Caused by: org.apache.ratis.thirdparty.io.netty.channel.AbstractChannel$AnnotatedConnectException: Connection refused: /192.168.30.42:42597
	at sun.nio.ch.SocketChannelImpl.checkConnect(Native Method)
	at sun.nio.ch.SocketChannelImpl.finishConnect(SocketChannelImpl.java:717)
	at org.apache.ratis.thirdparty.io.netty.channel.socket.nio.NioSocketChannel.doFinishConnect(NioSocketChannel.java:327)
	at org.apache.ratis.thirdparty.io.netty.channel.nio.AbstractNioChannel$AbstractNioUnsafe.finishConnect(AbstractNioChannel.java:340)
	at org.apache.ratis.thirdparty.io.netty.channel.nio.NioEventLoop.processSelectedKey(NioEventLoop.java:632)
	at org.apache.ratis.thirdparty.io.netty.channel.nio.NioEventLoop.processSelectedKeysOptimized(NioEventLoop.java:579)
	at org.apache.ratis.thirdparty.io.netty.channel.nio.NioEventLoop.processSelectedKeys(NioEventLoop.java:496)
	at org.apache.ratis.thirdparty.io.netty.channel.nio.NioEventLoop.run(NioEventLoop.java:458)
	at org.apache.ratis.thirdparty.io.netty.util.concurrent.SingleThreadEventExecutor$5.run(SingleThreadEventExecutor.java:897)
	at org.apache.ratis.thirdparty.io.netty.util.concurrent.FastThreadLocalRunnable.run(FastThreadLocalRunnable.java:30)
	... 1 more
Caused by: java.net.ConnectException: Connection refused
	... 11 more
2019-09-27 00:25:33,820 [6f806a58-f02f-44e5-897d-0d307551e447@group-C27C2544C493:LeaderElection89] INFO  impl.RoleInfo (RoleInfo.java:shutdownLeaderElection(134)) - 6f806a58-f02f-44e5-897d-0d307551e447: shutdown LeaderElection
2019-09-27 00:25:33,820 [6f806a58-f02f-44e5-897d-0d307551e447@group-C27C2544C493:LeaderElection89] INFO  impl.RaftServerImpl (RaftServerImpl.java:setRole(174)) - 6f806a58-f02f-44e5-897d-0d307551e447@group-C27C2544C493: changes role from CANDIDATE to LEADER at term 3 for changeToLeader
2019-09-27 00:25:33,821 [6f806a58-f02f-44e5-897d-0d307551e447@group-C27C2544C493:LeaderElection89] INFO  impl.RaftServerImpl (ServerState.java:setLeader(253)) - 6f806a58-f02f-44e5-897d-0d307551e447@group-C27C2544C493: change Leader from null to 6f806a58-f02f-44e5-897d-0d307551e447 at term 3 for becomeLeader, leader elected after 5098ms
2019-09-27 00:25:33,821 [6f806a58-f02f-44e5-897d-0d307551e447@group-C27C2544C493:LeaderElection89] INFO  server.RaftServerConfigKeys (ConfUtils.java:logGet(43)) - raft.server.staging.catchup.gap = 1000 (default)
2019-09-27 00:25:33,821 [6f806a58-f02f-44e5-897d-0d307551e447@group-C27C2544C493:LeaderElection89] INFO  server.RaftServerConfigKeys (ConfUtils.java:logGet(43)) - raft.server.rpc.sleep.time = 25ms (default)
2019-09-27 00:25:33,821 [6f806a58-f02f-44e5-897d-0d307551e447@group-C27C2544C493:LeaderElection89] INFO  server.RaftServerConfigKeys (ConfUtils.java:logGet(43)) - raft.server.write.element-limit = 4096 (default)
2019-09-27 00:25:33,822 [6f806a58-f02f-44e5-897d-0d307551e447@group-C27C2544C493:LeaderElection89] INFO  server.RaftServerConfigKeys (ConfUtils.java:logGet(43)) - raft.server.watch.timeout = 10s (default)
2019-09-27 00:25:33,822 [6f806a58-f02f-44e5-897d-0d307551e447@group-C27C2544C493:LeaderElection89] INFO  server.RaftServerConfigKeys (ConfUtils.java:logGet(43)) - raft.server.watch.timeout.denomination = 1s (default)
2019-09-27 00:25:33,822 [6f806a58-f02f-44e5-897d-0d307551e447@group-C27C2544C493:LeaderElection89] INFO  server.RaftServerConfigKeys (ConfUtils.java:logGet(43)) - raft.server.watch.element-limit = 65536 (default)
2019-09-27 00:25:33,825 [6f806a58-f02f-44e5-897d-0d307551e447@group-C27C2544C493:LeaderElection89] INFO  server.RaftServerConfigKeys (ConfUtils.java:logGet(43)) - raft.server.log.appender.snapshot.chunk.size.max = 16MB (=16777216) (default)
2019-09-27 00:25:33,826 [6f806a58-f02f-44e5-897d-0d307551e447@group-C27C2544C493:LeaderElection89] INFO  server.RaftServerConfigKeys (ConfUtils.java:logGet(43)) - raft.server.log.appender.buffer.byte-limit = 33554432 (custom)
2019-09-27 00:25:33,826 [6f806a58-f02f-44e5-897d-0d307551e447@group-C27C2544C493:LeaderElection89] INFO  server.RaftServerConfigKeys (ConfUtils.java:logGet(43)) - raft.server.log.appender.buffer.element-limit = 1 (custom)
2019-09-27 00:25:33,826 [6f806a58-f02f-44e5-897d-0d307551e447@group-C27C2544C493:LeaderElection89] INFO  grpc.GrpcConfigKeys$Server (ConfUtils.java:logGet(43)) - raft.grpc.server.leader.outstanding.appends.max = 128 (default)
2019-09-27 00:25:33,826 [6f806a58-f02f-44e5-897d-0d307551e447@group-C27C2544C493:LeaderElection89] INFO  server.RaftServerConfigKeys (ConfUtils.java:logGet(43)) - raft.server.rpc.request.timeout = 3000ms (default)
2019-09-27 00:25:33,827 [6f806a58-f02f-44e5-897d-0d307551e447@group-C27C2544C493:LeaderElection89] INFO  server.RaftServerConfigKeys (ConfUtils.java:logGet(43)) - raft.server.log.appender.install.snapshot.enabled = false (custom)
2019-09-27 00:25:33,827 [6f806a58-f02f-44e5-897d-0d307551e447@group-C27C2544C493:LeaderElection89] INFO  server.RaftServerConfigKeys (ConfUtils.java:logGet(43)) - raft.server.log.appender.snapshot.chunk.size.max = 16MB (=16777216) (default)
2019-09-27 00:25:33,827 [6f806a58-f02f-44e5-897d-0d307551e447@group-C27C2544C493:LeaderElection89] INFO  server.RaftServerConfigKeys (ConfUtils.java:logGet(43)) - raft.server.log.appender.buffer.byte-limit = 33554432 (custom)
2019-09-27 00:25:33,827 [6f806a58-f02f-44e5-897d-0d307551e447@group-C27C2544C493:LeaderElection89] INFO  server.RaftServerConfigKeys (ConfUtils.java:logGet(43)) - raft.server.log.appender.buffer.element-limit = 1 (custom)
2019-09-27 00:25:33,827 [6f806a58-f02f-44e5-897d-0d307551e447@group-C27C2544C493:LeaderElection89] INFO  grpc.GrpcConfigKeys$Server (ConfUtils.java:logGet(43)) - raft.grpc.server.leader.outstanding.appends.max = 128 (default)
2019-09-27 00:25:33,828 [6f806a58-f02f-44e5-897d-0d307551e447@group-C27C2544C493:LeaderElection89] INFO  server.RaftServerConfigKeys (ConfUtils.java:logGet(43)) - raft.server.rpc.request.timeout = 3000ms (default)
2019-09-27 00:25:33,828 [6f806a58-f02f-44e5-897d-0d307551e447@group-C27C2544C493:LeaderElection89] INFO  server.RaftServerConfigKeys (ConfUtils.java:logGet(43)) - raft.server.log.appender.install.snapshot.enabled = false (custom)
2019-09-27 00:25:33,828 [6f806a58-f02f-44e5-897d-0d307551e447@group-C27C2544C493:LeaderElection89] INFO  impl.RoleInfo (RoleInfo.java:updateAndGet(143)) - 6f806a58-f02f-44e5-897d-0d307551e447: start LeaderState
2019-09-27 00:25:33,829 [6f806a58-f02f-44e5-897d-0d307551e447@group-C27C2544C493:LeaderElection89] INFO  segmented.SegmentedRaftLogWorker (SegmentedRaftLogWorker.java:rollLogSegment(385)) - 6f806a58-f02f-44e5-897d-0d307551e447@group-C27C2544C493-SegmentedRaftLogWorker: Rolling segment log-0_15 to index:15
2019-09-27 00:25:33,830 [6f806a58-f02f-44e5-897d-0d307551e447@group-C27C2544C493:LeaderElection89] INFO  impl.RaftServerImpl (ServerState.java:setRaftConf(354)) - 6f806a58-f02f-44e5-897d-0d307551e447@group-C27C2544C493: set configuration 16: [9506ffde-d80f-4d1d-a7e4-1ae5324a65d9:192.168.30.42:45115, 3e2aa5f0-b552-4edc-b72c-2b543357819f:192.168.30.42:42597, 6f806a58-f02f-44e5-897d-0d307551e447:192.168.30.42:43683], old=null at 16
2019-09-27 00:25:33,830 [6f806a58-f02f-44e5-897d-0d307551e447@group-C27C2544C493-SegmentedRaftLogWorker] INFO  segmented.SegmentedRaftLogWorker (SegmentedRaftLogWorker.java:execute(526)) - 6f806a58-f02f-44e5-897d-0d307551e447@group-C27C2544C493-SegmentedRaftLogWorker: Rolled log segment from /workdir/hadoop-ozone/integration-test/target/test-dir/MiniOzoneClusterImpl-bd5938d5-a9f0-46e6-9cba-1e01c8d8b818/datanode-6/data/ratis/5846f67d-0250-41d1-a23b-c27c2544c493/current/log_inprogress_0 to /workdir/hadoop-ozone/integration-test/target/test-dir/MiniOzoneClusterImpl-bd5938d5-a9f0-46e6-9cba-1e01c8d8b818/datanode-6/data/ratis/5846f67d-0250-41d1-a23b-c27c2544c493/current/log_0-15
2019-09-27 00:25:33,832 [grpc-default-executor-13] WARN  server.GrpcLogAppender (LogUtils.java:warn(134)) - 6f806a58-f02f-44e5-897d-0d307551e447@group-C27C2544C493->3e2aa5f0-b552-4edc-b72c-2b543357819f-AppendLogResponseHandler: Failed appendEntries: org.apache.ratis.thirdparty.io.grpc.StatusRuntimeException: UNAVAILABLE: io exception
2019-09-27 00:25:33,833 [grpc-default-executor-7] INFO  impl.RaftServerImpl (ServerState.java:setLeader(253)) - 9506ffde-d80f-4d1d-a7e4-1ae5324a65d9@group-C27C2544C493: change Leader from null to 6f806a58-f02f-44e5-897d-0d307551e447 at term 3 for appendEntries, leader elected after 5121ms
2019-09-27 00:25:33,865 [grpc-default-executor-13] INFO  impl.FollowerInfo (FollowerInfo.java:lambda$new$0(51)) - 6f806a58-f02f-44e5-897d-0d307551e447@group-C27C2544C493->3e2aa5f0-b552-4edc-b72c-2b543357819f: nextIndex: updateUnconditionally 16 -> 1
2019-09-27 00:25:33,867 [grpc-default-executor-13] INFO  impl.RaftServerImpl (ServerState.java:setRaftConf(354)) - 9506ffde-d80f-4d1d-a7e4-1ae5324a65d9@group-C27C2544C493: set configuration 16: [9506ffde-d80f-4d1d-a7e4-1ae5324a65d9:192.168.30.42:45115, 3e2aa5f0-b552-4edc-b72c-2b543357819f:192.168.30.42:42597, 6f806a58-f02f-44e5-897d-0d307551e447:192.168.30.42:43683], old=null at 16
2019-09-27 00:25:33,868 [grpc-default-executor-13] INFO  segmented.SegmentedRaftLogWorker (SegmentedRaftLogWorker.java:rollLogSegment(385)) - 9506ffde-d80f-4d1d-a7e4-1ae5324a65d9@group-C27C2544C493-SegmentedRaftLogWorker: Rolling segment log-0_15 to index:15
2019-09-27 00:25:33,869 [9506ffde-d80f-4d1d-a7e4-1ae5324a65d9@group-C27C2544C493-SegmentedRaftLogWorker] INFO  segmented.SegmentedRaftLogWorker (SegmentedRaftLogWorker.java:execute(526)) - 9506ffde-d80f-4d1d-a7e4-1ae5324a65d9@group-C27C2544C493-SegmentedRaftLogWorker: Rolled log segment from /workdir/hadoop-ozone/integration-test/target/test-dir/MiniOzoneClusterImpl-bd5938d5-a9f0-46e6-9cba-1e01c8d8b818/datanode-3/data/ratis/5846f67d-0250-41d1-a23b-c27c2544c493/current/log_inprogress_0 to /workdir/hadoop-ozone/integration-test/target/test-dir/MiniOzoneClusterImpl-bd5938d5-a9f0-46e6-9cba-1e01c8d8b818/datanode-3/data/ratis/5846f67d-0250-41d1-a23b-c27c2544c493/current/log_0-15
2019-09-27 00:25:33,878 [6f806a58-f02f-44e5-897d-0d307551e447@group-C27C2544C493-SegmentedRaftLogWorker] INFO  segmented.SegmentedRaftLogWorker (SegmentedRaftLogWorker.java:execute(569)) - 6f806a58-f02f-44e5-897d-0d307551e447@group-C27C2544C493-SegmentedRaftLogWorker: created new log segment /workdir/hadoop-ozone/integration-test/target/test-dir/MiniOzoneClusterImpl-bd5938d5-a9f0-46e6-9cba-1e01c8d8b818/datanode-6/data/ratis/5846f67d-0250-41d1-a23b-c27c2544c493/current/log_inprogress_16
2019-09-27 00:25:33,918 [9506ffde-d80f-4d1d-a7e4-1ae5324a65d9@group-C27C2544C493-SegmentedRaftLogWorker] INFO  segmented.SegmentedRaftLogWorker (SegmentedRaftLogWorker.java:execute(569)) - 9506ffde-d80f-4d1d-a7e4-1ae5324a65d9@group-C27C2544C493-SegmentedRaftLogWorker: created new log segment /workdir/hadoop-ozone/integration-test/target/test-dir/MiniOzoneClusterImpl-bd5938d5-a9f0-46e6-9cba-1e01c8d8b818/datanode-3/data/ratis/5846f67d-0250-41d1-a23b-c27c2544c493/current/log_inprogress_16
2019-09-27 00:25:33,943 [grpc-default-executor-11] WARN  server.GrpcLogAppender (LogUtils.java:warn(134)) - 6f806a58-f02f-44e5-897d-0d307551e447@group-C27C2544C493->3e2aa5f0-b552-4edc-b72c-2b543357819f-AppendLogResponseHandler: Failed appendEntries: org.apache.ratis.thirdparty.io.grpc.StatusRuntimeException: UNAVAILABLE: io exception
2019-09-27 00:25:33,945 [grpc-default-executor-11] INFO  impl.FollowerInfo (FollowerInfo.java:lambda$new$0(51)) - 6f806a58-f02f-44e5-897d-0d307551e447@group-C27C2544C493->3e2aa5f0-b552-4edc-b72c-2b543357819f: nextIndex: updateUnconditionally 2 -> 1
2019-09-27 00:25:33,954 [grpc-default-executor-13] WARN  server.GrpcLogAppender (LogUtils.java:warn(134)) - 6f806a58-f02f-44e5-897d-0d307551e447@group-C27C2544C493->3e2aa5f0-b552-4edc-b72c-2b543357819f-AppendLogResponseHandler: Failed appendEntries: org.apache.ratis.thirdparty.io.grpc.StatusRuntimeException: UNAVAILABLE: io exception
2019-09-27 00:25:33,954 [grpc-default-executor-13] INFO  impl.FollowerInfo (FollowerInfo.java:lambda$new$0(51)) - 6f806a58-f02f-44e5-897d-0d307551e447@group-C27C2544C493->3e2aa5f0-b552-4edc-b72c-2b543357819f: nextIndex: updateUnconditionally 2 -> 1
00:25:34.437 [grpc-default-executor-11] ERROR DNAudit - user=null | ip=null | op=WRITE_CHUNK {blockData=conID: 1 locID: 102861629578608653 bcsId: 13} | ret=FAILURE
org.apache.hadoop.hdds.scm.container.common.helpers.ContainerNotOpenException: Container 1 in CLOSING state
	at org.apache.hadoop.ozone.container.common.impl.HddsDispatcher.validateContainerCommand(HddsDispatcher.java:434) ~[hadoop-hdds-container-service-0.5.0-SNAPSHOT.jar:?]
	at org.apache.hadoop.ozone.container.common.transport.server.ratis.ContainerStateMachine.startTransaction(ContainerStateMachine.java:315) ~[hadoop-hdds-container-service-0.5.0-SNAPSHOT.jar:?]
	at org.apache.ratis.server.impl.RaftServerImpl.submitClientRequestAsync(RaftServerImpl.java:573) ~[ratis-server-0.4.0.jar:0.4.0]
	at org.apache.ratis.server.impl.RaftServerProxy.lambda$submitClientRequestAsync$7(RaftServerProxy.java:333) ~[ratis-server-0.4.0.jar:0.4.0]
	at org.apache.ratis.server.impl.RaftServerProxy.lambda$null$5(RaftServerProxy.java:328) ~[ratis-server-0.4.0.jar:0.4.0]
	at org.apache.ratis.util.JavaUtils.callAsUnchecked(JavaUtils.java:109) ~[ratis-common-0.4.0.jar:0.4.0]
	at org.apache.ratis.server.impl.RaftServerProxy.lambda$submitRequest$6(RaftServerProxy.java:328) ~[ratis-server-0.4.0.jar:0.4.0]
	at java.util.concurrent.CompletableFuture.uniComposeStage(CompletableFuture.java:981) ~[?:1.8.0_212]
	at java.util.concurrent.CompletableFuture.thenCompose(CompletableFuture.java:2124) ~[?:1.8.0_212]
	at org.apache.ratis.server.impl.RaftServerProxy.submitRequest(RaftServerProxy.java:327) ~[ratis-server-0.4.0.jar:0.4.0]
	at org.apache.ratis.server.impl.RaftServerProxy.submitClientRequestAsync(RaftServerProxy.java:333) ~[ratis-server-0.4.0.jar:0.4.0]
	at org.apache.ratis.grpc.client.GrpcClientProtocolService$RequestStreamObserver.processClientRequest(GrpcClientProtocolService.java:220) ~[ratis-grpc-0.4.0.jar:0.4.0]
	at org.apache.ratis.grpc.client.GrpcClientProtocolService$OrderedRequestStreamObserver.processClientRequest(GrpcClientProtocolService.java:326) ~[ratis-grpc-0.4.0.jar:0.4.0]
	at org.apache.ratis.util.SlidingWindow$Server.processRequestsFromHead(SlidingWindow.java:429) [ratis-common-0.4.0.jar:0.4.0]
	at org.apache.ratis.util.SlidingWindow$Server.receivedRequest(SlidingWindow.java:421) [ratis-common-0.4.0.jar:0.4.0]
	at org.apache.ratis.grpc.client.GrpcClientProtocolService$OrderedRequestStreamObserver.processClientRequest(GrpcClientProtocolService.java:345) [ratis-grpc-0.4.0.jar:0.4.0]
	at org.apache.ratis.grpc.client.GrpcClientProtocolService$RequestStreamObserver.onNext(GrpcClientProtocolService.java:240) [ratis-grpc-0.4.0.jar:0.4.0]
	at org.apache.ratis.grpc.client.GrpcClientProtocolService$RequestStreamObserver.onNext(GrpcClientProtocolService.java:168) [ratis-grpc-0.4.0.jar:0.4.0]
	at org.apache.ratis.thirdparty.io.grpc.stub.ServerCalls$StreamingServerCallHandler$StreamingServerCallListener.onMessage(ServerCalls.java:248) [ratis-thirdparty-misc-0.2.0.jar:0.2.0]
	at org.apache.ratis.thirdparty.io.grpc.internal.ServerCallImpl$ServerStreamListenerImpl.messagesAvailable(ServerCallImpl.java:263) [ratis-thirdparty-misc-0.2.0.jar:0.2.0]
	at org.apache.ratis.thirdparty.io.grpc.internal.ServerImpl$JumpToApplicationThreadServerStreamListener$1MessagesAvailable.runInContext(ServerImpl.java:686) [ratis-thirdparty-misc-0.2.0.jar:0.2.0]
	at org.apache.ratis.thirdparty.io.grpc.internal.ContextRunnable.run(ContextRunnable.java:37) [ratis-thirdparty-misc-0.2.0.jar:0.2.0]
	at org.apache.ratis.thirdparty.io.grpc.internal.SerializingExecutor.run(SerializingExecutor.java:123) [ratis-thirdparty-misc-0.2.0.jar:0.2.0]
	at java.util.concurrent.ThreadPoolExecutor.runWorker(ThreadPoolExecutor.java:1149) [?:1.8.0_212]
	at java.util.concurrent.ThreadPoolExecutor$Worker.run(ThreadPoolExecutor.java:624) [?:1.8.0_212]
	at java.lang.Thread.run(Thread.java:748) [?:1.8.0_212]
00:25:34.461 [grpc-default-executor-7] ERROR DNAudit - user=null | ip=null | op=WRITE_CHUNK {blockData=conID: 1 locID: 102861629578608653 bcsId: 13} | ret=FAILURE
org.apache.hadoop.hdds.scm.container.common.helpers.ContainerNotOpenException: Container 1 in CLOSING state
	at org.apache.hadoop.ozone.container.common.impl.HddsDispatcher.validateContainerCommand(HddsDispatcher.java:434) ~[hadoop-hdds-container-service-0.5.0-SNAPSHOT.jar:?]
	at org.apache.hadoop.ozone.container.common.transport.server.ratis.ContainerStateMachine.startTransaction(ContainerStateMachine.java:315) ~[hadoop-hdds-container-service-0.5.0-SNAPSHOT.jar:?]
	at org.apache.ratis.server.impl.RaftServerImpl.submitClientRequestAsync(RaftServerImpl.java:573) ~[ratis-server-0.4.0.jar:0.4.0]
	at org.apache.ratis.server.impl.RaftServerProxy.lambda$submitClientRequestAsync$7(RaftServerProxy.java:333) ~[ratis-server-0.4.0.jar:0.4.0]
	at org.apache.ratis.server.impl.RaftServerProxy.lambda$null$5(RaftServerProxy.java:328) ~[ratis-server-0.4.0.jar:0.4.0]
	at org.apache.ratis.util.JavaUtils.callAsUnchecked(JavaUtils.java:109) ~[ratis-common-0.4.0.jar:0.4.0]
	at org.apache.ratis.server.impl.RaftServerProxy.lambda$submitRequest$6(RaftServerProxy.java:328) ~[ratis-server-0.4.0.jar:0.4.0]
	at java.util.concurrent.CompletableFuture.uniComposeStage(CompletableFuture.java:981) ~[?:1.8.0_212]
	at java.util.concurrent.CompletableFuture.thenCompose(CompletableFuture.java:2124) ~[?:1.8.0_212]
	at org.apache.ratis.server.impl.RaftServerProxy.submitRequest(RaftServerProxy.java:327) ~[ratis-server-0.4.0.jar:0.4.0]
	at org.apache.ratis.server.impl.RaftServerProxy.submitClientRequestAsync(RaftServerProxy.java:333) ~[ratis-server-0.4.0.jar:0.4.0]
	at org.apache.ratis.grpc.client.GrpcClientProtocolService$RequestStreamObserver.processClientRequest(GrpcClientProtocolService.java:220) ~[ratis-grpc-0.4.0.jar:0.4.0]
	at org.apache.ratis.grpc.client.GrpcClientProtocolService$OrderedRequestStreamObserver.processClientRequest(GrpcClientProtocolService.java:326) ~[ratis-grpc-0.4.0.jar:0.4.0]
	at org.apache.ratis.util.SlidingWindow$Server.processRequestsFromHead(SlidingWindow.java:429) [ratis-common-0.4.0.jar:0.4.0]
	at org.apache.ratis.util.SlidingWindow$Server.receivedRequest(SlidingWindow.java:421) [ratis-common-0.4.0.jar:0.4.0]
	at org.apache.ratis.grpc.client.GrpcClientProtocolService$OrderedRequestStreamObserver.processClientRequest(GrpcClientProtocolService.java:345) [ratis-grpc-0.4.0.jar:0.4.0]
	at org.apache.ratis.grpc.client.GrpcClientProtocolService$RequestStreamObserver.onNext(GrpcClientProtocolService.java:240) [ratis-grpc-0.4.0.jar:0.4.0]
	at org.apache.ratis.grpc.client.GrpcClientProtocolService$RequestStreamObserver.onNext(GrpcClientProtocolService.java:168) [ratis-grpc-0.4.0.jar:0.4.0]
	at org.apache.ratis.thirdparty.io.grpc.stub.ServerCalls$StreamingServerCallHandler$StreamingServerCallListener.onMessage(ServerCalls.java:248) [ratis-thirdparty-misc-0.2.0.jar:0.2.0]
	at org.apache.ratis.thirdparty.io.grpc.internal.ServerCallImpl$ServerStreamListenerImpl.messagesAvailable(ServerCallImpl.java:263) [ratis-thirdparty-misc-0.2.0.jar:0.2.0]
	at org.apache.ratis.thirdparty.io.grpc.internal.ServerImpl$JumpToApplicationThreadServerStreamListener$1MessagesAvailable.runInContext(ServerImpl.java:686) [ratis-thirdparty-misc-0.2.0.jar:0.2.0]
	at org.apache.ratis.thirdparty.io.grpc.internal.ContextRunnable.run(ContextRunnable.java:37) [ratis-thirdparty-misc-0.2.0.jar:0.2.0]
	at org.apache.ratis.thirdparty.io.grpc.internal.SerializingExecutor.run(SerializingExecutor.java:123) [ratis-thirdparty-misc-0.2.0.jar:0.2.0]
	at java.util.concurrent.ThreadPoolExecutor.runWorker(ThreadPoolExecutor.java:1149) [?:1.8.0_212]
	at java.util.concurrent.ThreadPoolExecutor$Worker.run(ThreadPoolExecutor.java:624) [?:1.8.0_212]
	at java.lang.Thread.run(Thread.java:748) [?:1.8.0_212]
00:25:34.472 [grpc-default-executor-7] ERROR DNAudit - user=null | ip=null | op=PUT_BLOCK {blockData=[blockId=conID: 1 locID: 102861629578608653 bcsId: 0,size=650]} | ret=FAILURE
org.apache.hadoop.hdds.scm.container.common.helpers.ContainerNotOpenException: Container 1 in CLOSING state
	at org.apache.hadoop.ozone.container.common.impl.HddsDispatcher.validateContainerCommand(HddsDispatcher.java:434) ~[hadoop-hdds-container-service-0.5.0-SNAPSHOT.jar:?]
	at org.apache.hadoop.ozone.container.common.transport.server.ratis.ContainerStateMachine.startTransaction(ContainerStateMachine.java:315) ~[hadoop-hdds-container-service-0.5.0-SNAPSHOT.jar:?]
	at org.apache.ratis.server.impl.RaftServerImpl.submitClientRequestAsync(RaftServerImpl.java:573) ~[ratis-server-0.4.0.jar:0.4.0]
	at org.apache.ratis.server.impl.RaftServerProxy.lambda$submitClientRequestAsync$7(RaftServerProxy.java:333) ~[ratis-server-0.4.0.jar:0.4.0]
	at org.apache.ratis.server.impl.RaftServerProxy.lambda$null$5(RaftServerProxy.java:328) ~[ratis-server-0.4.0.jar:0.4.0]
	at org.apache.ratis.util.JavaUtils.callAsUnchecked(JavaUtils.java:109) ~[ratis-common-0.4.0.jar:0.4.0]
	at org.apache.ratis.server.impl.RaftServerProxy.lambda$submitRequest$6(RaftServerProxy.java:328) ~[ratis-server-0.4.0.jar:0.4.0]
	at java.util.concurrent.CompletableFuture.uniComposeStage(CompletableFuture.java:981) ~[?:1.8.0_212]
	at java.util.concurrent.CompletableFuture.thenCompose(CompletableFuture.java:2124) ~[?:1.8.0_212]
	at org.apache.ratis.server.impl.RaftServerProxy.submitRequest(RaftServerProxy.java:327) ~[ratis-server-0.4.0.jar:0.4.0]
	at org.apache.ratis.server.impl.RaftServerProxy.submitClientRequestAsync(RaftServerProxy.java:333) ~[ratis-server-0.4.0.jar:0.4.0]
	at org.apache.ratis.grpc.client.GrpcClientProtocolService$RequestStreamObserver.processClientRequest(GrpcClientProtocolService.java:220) ~[ratis-grpc-0.4.0.jar:0.4.0]
	at org.apache.ratis.grpc.client.GrpcClientProtocolService$OrderedRequestStreamObserver.processClientRequest(GrpcClientProtocolService.java:326) ~[ratis-grpc-0.4.0.jar:0.4.0]
	at org.apache.ratis.util.SlidingWindow$Server.processRequestsFromHead(SlidingWindow.java:429) [ratis-common-0.4.0.jar:0.4.0]
	at org.apache.ratis.util.SlidingWindow$Server.receivedRequest(SlidingWindow.java:421) [ratis-common-0.4.0.jar:0.4.0]
	at org.apache.ratis.grpc.client.GrpcClientProtocolService$OrderedRequestStreamObserver.processClientRequest(GrpcClientProtocolService.java:345) [ratis-grpc-0.4.0.jar:0.4.0]
	at org.apache.ratis.grpc.client.GrpcClientProtocolService$RequestStreamObserver.onNext(GrpcClientProtocolService.java:240) [ratis-grpc-0.4.0.jar:0.4.0]
	at org.apache.ratis.grpc.client.GrpcClientProtocolService$RequestStreamObserver.onNext(GrpcClientProtocolService.java:168) [ratis-grpc-0.4.0.jar:0.4.0]
	at org.apache.ratis.thirdparty.io.grpc.stub.ServerCalls$StreamingServerCallHandler$StreamingServerCallListener.onMessage(ServerCalls.java:248) [ratis-thirdparty-misc-0.2.0.jar:0.2.0]
	at org.apache.ratis.thirdparty.io.grpc.internal.ServerCallImpl$ServerStreamListenerImpl.messagesAvailable(ServerCallImpl.java:263) [ratis-thirdparty-misc-0.2.0.jar:0.2.0]
	at org.apache.ratis.thirdparty.io.grpc.internal.ServerImpl$JumpToApplicationThreadServerStreamListener$1MessagesAvailable.runInContext(ServerImpl.java:686) [ratis-thirdparty-misc-0.2.0.jar:0.2.0]
	at org.apache.ratis.thirdparty.io.grpc.internal.ContextRunnable.run(ContextRunnable.java:37) [ratis-thirdparty-misc-0.2.0.jar:0.2.0]
	at org.apache.ratis.thirdparty.io.grpc.internal.SerializingExecutor.run(SerializingExecutor.java:123) [ratis-thirdparty-misc-0.2.0.jar:0.2.0]
	at java.util.concurrent.ThreadPoolExecutor.runWorker(ThreadPoolExecutor.java:1149) [?:1.8.0_212]
	at java.util.concurrent.ThreadPoolExecutor$Worker.run(ThreadPoolExecutor.java:624) [?:1.8.0_212]
	at java.lang.Thread.run(Thread.java:748) [?:1.8.0_212]
00:25:34.479 [grpc-default-executor-7] ERROR DNAudit - user=null | ip=null | op=WRITE_CHUNK {blockData=conID: 1 locID: 102861629578608653 bcsId: 13} | ret=FAILURE
org.apache.hadoop.hdds.scm.container.common.helpers.ContainerNotOpenException: Container 1 in CLOSING state
	at org.apache.hadoop.ozone.container.common.impl.HddsDispatcher.validateContainerCommand(HddsDispatcher.java:434) ~[hadoop-hdds-container-service-0.5.0-SNAPSHOT.jar:?]
	at org.apache.hadoop.ozone.container.common.transport.server.ratis.ContainerStateMachine.startTransaction(ContainerStateMachine.java:315) ~[hadoop-hdds-container-service-0.5.0-SNAPSHOT.jar:?]
	at org.apache.ratis.server.impl.RaftServerImpl.submitClientRequestAsync(RaftServerImpl.java:573) ~[ratis-server-0.4.0.jar:0.4.0]
	at org.apache.ratis.server.impl.RaftServerProxy.lambda$submitClientRequestAsync$7(RaftServerProxy.java:333) ~[ratis-server-0.4.0.jar:0.4.0]
	at org.apache.ratis.server.impl.RaftServerProxy.lambda$null$5(RaftServerProxy.java:328) ~[ratis-server-0.4.0.jar:0.4.0]
	at org.apache.ratis.util.JavaUtils.callAsUnchecked(JavaUtils.java:109) ~[ratis-common-0.4.0.jar:0.4.0]
	at org.apache.ratis.server.impl.RaftServerProxy.lambda$submitRequest$6(RaftServerProxy.java:328) ~[ratis-server-0.4.0.jar:0.4.0]
	at java.util.concurrent.CompletableFuture.uniComposeStage(CompletableFuture.java:981) ~[?:1.8.0_212]
	at java.util.concurrent.CompletableFuture.thenCompose(CompletableFuture.java:2124) ~[?:1.8.0_212]
	at org.apache.ratis.server.impl.RaftServerProxy.submitRequest(RaftServerProxy.java:327) ~[ratis-server-0.4.0.jar:0.4.0]
	at org.apache.ratis.server.impl.RaftServerProxy.submitClientRequestAsync(RaftServerProxy.java:333) ~[ratis-server-0.4.0.jar:0.4.0]
	at org.apache.ratis.grpc.client.GrpcClientProtocolService$RequestStreamObserver.processClientRequest(GrpcClientProtocolService.java:220) ~[ratis-grpc-0.4.0.jar:0.4.0]
	at org.apache.ratis.grpc.client.GrpcClientProtocolService$OrderedRequestStreamObserver.processClientRequest(GrpcClientProtocolService.java:326) ~[ratis-grpc-0.4.0.jar:0.4.0]
	at org.apache.ratis.util.SlidingWindow$Server.processRequestsFromHead(SlidingWindow.java:429) [ratis-common-0.4.0.jar:0.4.0]
	at org.apache.ratis.util.SlidingWindow$Server.receivedRequest(SlidingWindow.java:421) [ratis-common-0.4.0.jar:0.4.0]
	at org.apache.ratis.grpc.client.GrpcClientProtocolService$OrderedRequestStreamObserver.processClientRequest(GrpcClientProtocolService.java:345) [ratis-grpc-0.4.0.jar:0.4.0]
	at org.apache.ratis.grpc.client.GrpcClientProtocolService$RequestStreamObserver.onNext(GrpcClientProtocolService.java:240) [ratis-grpc-0.4.0.jar:0.4.0]
	at org.apache.ratis.grpc.client.GrpcClientProtocolService$RequestStreamObserver.onNext(GrpcClientProtocolService.java:168) [ratis-grpc-0.4.0.jar:0.4.0]
	at org.apache.ratis.thirdparty.io.grpc.stub.ServerCalls$StreamingServerCallHandler$StreamingServerCallListener.onMessage(ServerCalls.java:248) [ratis-thirdparty-misc-0.2.0.jar:0.2.0]
	at org.apache.ratis.thirdparty.io.grpc.internal.ServerCallImpl$ServerStreamListenerImpl.messagesAvailable(ServerCallImpl.java:263) [ratis-thirdparty-misc-0.2.0.jar:0.2.0]
	at org.apache.ratis.thirdparty.io.grpc.internal.ServerImpl$JumpToApplicationThreadServerStreamListener$1MessagesAvailable.runInContext(ServerImpl.java:686) [ratis-thirdparty-misc-0.2.0.jar:0.2.0]
	at org.apache.ratis.thirdparty.io.grpc.internal.ContextRunnable.run(ContextRunnable.java:37) [ratis-thirdparty-misc-0.2.0.jar:0.2.0]
	at org.apache.ratis.thirdparty.io.grpc.internal.SerializingExecutor.run(SerializingExecutor.java:123) [ratis-thirdparty-misc-0.2.0.jar:0.2.0]
	at java.util.concurrent.ThreadPoolExecutor.runWorker(ThreadPoolExecutor.java:1149) [?:1.8.0_212]
	at java.util.concurrent.ThreadPoolExecutor$Worker.run(ThreadPoolExecutor.java:624) [?:1.8.0_212]
	at java.lang.Thread.run(Thread.java:748) [?:1.8.0_212]
00:25:34.486 [grpc-default-executor-7] ERROR DNAudit - user=null | ip=null | op=WRITE_CHUNK {blockData=conID: 1 locID: 102861629578608653 bcsId: 13} | ret=FAILURE
org.apache.hadoop.hdds.scm.container.common.helpers.ContainerNotOpenException: Container 1 in CLOSING state
	at org.apache.hadoop.ozone.container.common.impl.HddsDispatcher.validateContainerCommand(HddsDispatcher.java:434) ~[hadoop-hdds-container-service-0.5.0-SNAPSHOT.jar:?]
	at org.apache.hadoop.ozone.container.common.transport.server.ratis.ContainerStateMachine.startTransaction(ContainerStateMachine.java:315) ~[hadoop-hdds-container-service-0.5.0-SNAPSHOT.jar:?]
	at org.apache.ratis.server.impl.RaftServerImpl.submitClientRequestAsync(RaftServerImpl.java:573) ~[ratis-server-0.4.0.jar:0.4.0]
	at org.apache.ratis.server.impl.RaftServerProxy.lambda$submitClientRequestAsync$7(RaftServerProxy.java:333) ~[ratis-server-0.4.0.jar:0.4.0]
	at org.apache.ratis.server.impl.RaftServerProxy.lambda$null$5(RaftServerProxy.java:328) ~[ratis-server-0.4.0.jar:0.4.0]
	at org.apache.ratis.util.JavaUtils.callAsUnchecked(JavaUtils.java:109) ~[ratis-common-0.4.0.jar:0.4.0]
	at org.apache.ratis.server.impl.RaftServerProxy.lambda$submitRequest$6(RaftServerProxy.java:328) ~[ratis-server-0.4.0.jar:0.4.0]
	at java.util.concurrent.CompletableFuture.uniComposeStage(CompletableFuture.java:981) ~[?:1.8.0_212]
	at java.util.concurrent.CompletableFuture.thenCompose(CompletableFuture.java:2124) ~[?:1.8.0_212]
	at org.apache.ratis.server.impl.RaftServerProxy.submitRequest(RaftServerProxy.java:327) ~[ratis-server-0.4.0.jar:0.4.0]
	at org.apache.ratis.server.impl.RaftServerProxy.submitClientRequestAsync(RaftServerProxy.java:333) ~[ratis-server-0.4.0.jar:0.4.0]
	at org.apache.ratis.grpc.client.GrpcClientProtocolService$RequestStreamObserver.processClientRequest(GrpcClientProtocolService.java:220) ~[ratis-grpc-0.4.0.jar:0.4.0]
	at org.apache.ratis.grpc.client.GrpcClientProtocolService$OrderedRequestStreamObserver.processClientRequest(GrpcClientProtocolService.java:326) ~[ratis-grpc-0.4.0.jar:0.4.0]
	at org.apache.ratis.util.SlidingWindow$Server.processRequestsFromHead(SlidingWindow.java:429) [ratis-common-0.4.0.jar:0.4.0]
	at org.apache.ratis.util.SlidingWindow$Server.receivedRequest(SlidingWindow.java:421) [ratis-common-0.4.0.jar:0.4.0]
	at org.apache.ratis.grpc.client.GrpcClientProtocolService$OrderedRequestStreamObserver.processClientRequest(GrpcClientProtocolService.java:345) [ratis-grpc-0.4.0.jar:0.4.0]
	at org.apache.ratis.grpc.client.GrpcClientProtocolService$RequestStreamObserver.onNext(GrpcClientProtocolService.java:240) [ratis-grpc-0.4.0.jar:0.4.0]
	at org.apache.ratis.grpc.client.GrpcClientProtocolService$RequestStreamObserver.onNext(GrpcClientProtocolService.java:168) [ratis-grpc-0.4.0.jar:0.4.0]
	at org.apache.ratis.thirdparty.io.grpc.stub.ServerCalls$StreamingServerCallHandler$StreamingServerCallListener.onMessage(ServerCalls.java:248) [ratis-thirdparty-misc-0.2.0.jar:0.2.0]
	at org.apache.ratis.thirdparty.io.grpc.internal.ServerCallImpl$ServerStreamListenerImpl.messagesAvailable(ServerCallImpl.java:263) [ratis-thirdparty-misc-0.2.0.jar:0.2.0]
	at org.apache.ratis.thirdparty.io.grpc.internal.ServerImpl$JumpToApplicationThreadServerStreamListener$1MessagesAvailable.runInContext(ServerImpl.java:686) [ratis-thirdparty-misc-0.2.0.jar:0.2.0]
	at org.apache.ratis.thirdparty.io.grpc.internal.ContextRunnable.run(ContextRunnable.java:37) [ratis-thirdparty-misc-0.2.0.jar:0.2.0]
	at org.apache.ratis.thirdparty.io.grpc.internal.SerializingExecutor.run(SerializingExecutor.java:123) [ratis-thirdparty-misc-0.2.0.jar:0.2.0]
	at java.util.concurrent.ThreadPoolExecutor.runWorker(ThreadPoolExecutor.java:1149) [?:1.8.0_212]
	at java.util.concurrent.ThreadPoolExecutor$Worker.run(ThreadPoolExecutor.java:624) [?:1.8.0_212]
	at java.lang.Thread.run(Thread.java:748) [?:1.8.0_212]
00:25:34.493 [grpc-default-executor-7] ERROR DNAudit - user=null | ip=null | op=PUT_BLOCK {blockData=[blockId=conID: 1 locID: 102861629578608653 bcsId: 0,size=800]} | ret=FAILURE
org.apache.hadoop.hdds.scm.container.common.helpers.ContainerNotOpenException: Container 1 in CLOSING state
	at org.apache.hadoop.ozone.container.common.impl.HddsDispatcher.validateContainerCommand(HddsDispatcher.java:434) ~[hadoop-hdds-container-service-0.5.0-SNAPSHOT.jar:?]
	at org.apache.hadoop.ozone.container.common.transport.server.ratis.ContainerStateMachine.startTransaction(ContainerStateMachine.java:315) ~[hadoop-hdds-container-service-0.5.0-SNAPSHOT.jar:?]
	at org.apache.ratis.server.impl.RaftServerImpl.submitClientRequestAsync(RaftServerImpl.java:573) ~[ratis-server-0.4.0.jar:0.4.0]
	at org.apache.ratis.server.impl.RaftServerProxy.lambda$submitClientRequestAsync$7(RaftServerProxy.java:333) ~[ratis-server-0.4.0.jar:0.4.0]
	at org.apache.ratis.server.impl.RaftServerProxy.lambda$null$5(RaftServerProxy.java:328) ~[ratis-server-0.4.0.jar:0.4.0]
	at org.apache.ratis.util.JavaUtils.callAsUnchecked(JavaUtils.java:109) ~[ratis-common-0.4.0.jar:0.4.0]
	at org.apache.ratis.server.impl.RaftServerProxy.lambda$submitRequest$6(RaftServerProxy.java:328) ~[ratis-server-0.4.0.jar:0.4.0]
	at java.util.concurrent.CompletableFuture.uniComposeStage(CompletableFuture.java:981) ~[?:1.8.0_212]
	at java.util.concurrent.CompletableFuture.thenCompose(CompletableFuture.java:2124) ~[?:1.8.0_212]
	at org.apache.ratis.server.impl.RaftServerProxy.submitRequest(RaftServerProxy.java:327) ~[ratis-server-0.4.0.jar:0.4.0]
	at org.apache.ratis.server.impl.RaftServerProxy.submitClientRequestAsync(RaftServerProxy.java:333) ~[ratis-server-0.4.0.jar:0.4.0]
	at org.apache.ratis.grpc.client.GrpcClientProtocolService$RequestStreamObserver.processClientRequest(GrpcClientProtocolService.java:220) ~[ratis-grpc-0.4.0.jar:0.4.0]
	at org.apache.ratis.grpc.client.GrpcClientProtocolService$OrderedRequestStreamObserver.processClientRequest(GrpcClientProtocolService.java:326) ~[ratis-grpc-0.4.0.jar:0.4.0]
	at org.apache.ratis.util.SlidingWindow$Server.processRequestsFromHead(SlidingWindow.java:429) [ratis-common-0.4.0.jar:0.4.0]
	at org.apache.ratis.util.SlidingWindow$Server.receivedRequest(SlidingWindow.java:421) [ratis-common-0.4.0.jar:0.4.0]
	at org.apache.ratis.grpc.client.GrpcClientProtocolService$OrderedRequestStreamObserver.processClientRequest(GrpcClientProtocolService.java:345) [ratis-grpc-0.4.0.jar:0.4.0]
	at org.apache.ratis.grpc.client.GrpcClientProtocolService$RequestStreamObserver.onNext(GrpcClientProtocolService.java:240) [ratis-grpc-0.4.0.jar:0.4.0]
	at org.apache.ratis.grpc.client.GrpcClientProtocolService$RequestStreamObserver.onNext(GrpcClientProtocolService.java:168) [ratis-grpc-0.4.0.jar:0.4.0]
	at org.apache.ratis.thirdparty.io.grpc.stub.ServerCalls$StreamingServerCallHandler$StreamingServerCallListener.onMessage(ServerCalls.java:248) [ratis-thirdparty-misc-0.2.0.jar:0.2.0]
	at org.apache.ratis.thirdparty.io.grpc.internal.ServerCallImpl$ServerStreamListenerImpl.messagesAvailable(ServerCallImpl.java:263) [ratis-thirdparty-misc-0.2.0.jar:0.2.0]
	at org.apache.ratis.thirdparty.io.grpc.internal.ServerImpl$JumpToApplicationThreadServerStreamListener$1MessagesAvailable.runInContext(ServerImpl.java:686) [ratis-thirdparty-misc-0.2.0.jar:0.2.0]
	at org.apache.ratis.thirdparty.io.grpc.internal.ContextRunnable.run(ContextRunnable.java:37) [ratis-thirdparty-misc-0.2.0.jar:0.2.0]
	at org.apache.ratis.thirdparty.io.grpc.internal.SerializingExecutor.run(SerializingExecutor.java:123) [ratis-thirdparty-misc-0.2.0.jar:0.2.0]
	at java.util.concurrent.ThreadPoolExecutor.runWorker(ThreadPoolExecutor.java:1149) [?:1.8.0_212]
	at java.util.concurrent.ThreadPoolExecutor$Worker.run(ThreadPoolExecutor.java:624) [?:1.8.0_212]
	at java.lang.Thread.run(Thread.java:748) [?:1.8.0_212]
2019-09-27 00:25:34,898 [main] INFO  ozone.MiniOzoneClusterImpl (MiniOzoneClusterImpl.java:shutdown(314)) - Shutting down the Mini Ozone Cluster
2019-09-27 00:25:34,898 [main] INFO  ozone.MiniOzoneClusterImpl (MiniOzoneClusterImpl.java:stop(330)) - Stopping the Mini Ozone Cluster
2019-09-27 00:25:34,899 [main] INFO  ozone.MiniOzoneClusterImpl (MiniOzoneClusterImpl.java:stopOM(400)) - Stopping the OzoneManager
2019-09-27 00:25:34,899 [main] INFO  ipc.Server (Server.java:stop(3082)) - Stopping server on 46169
2019-09-27 00:25:34,921 [main] INFO  ratis.OzoneManagerDoubleBuffer (OzoneManagerDoubleBuffer.java:stop(248)) - Stopping OMDoubleBuffer flush thread
2019-09-27 00:25:34,921 [IPC Server Responder] INFO  ipc.Server (Server.java:run(1319)) - Stopping IPC Server Responder
2019-09-27 00:25:34,921 [IPC Server listener on 46169] INFO  ipc.Server (Server.java:run(1185)) - Stopping IPC Server listener on 46169
2019-09-27 00:25:34,930 [OMDoubleBufferFlushThread] INFO  ratis.OzoneManagerDoubleBuffer (OzoneManagerDoubleBuffer.java:flushTransactions(191)) - OMDoubleBuffer flush thread OMDoubleBufferFlushThread is interrupted and will exit. OMDoubleBufferFlushThread
2019-09-27 00:25:34,932 [main] INFO  utils.BackgroundService (BackgroundService.java:shutdown(148)) - Shutting down service KeyDeletingService
2019-09-27 00:25:34,935 [main] INFO  handler.ContextHandler (ContextHandler.java:doStop(910)) - Stopped o.e.j.w.WebAppContext@22cb3d59{/,null,UNAVAILABLE}{/ozoneManager}
2019-09-27 00:25:34,937 [main] INFO  server.AbstractConnector (AbstractConnector.java:doStop(318)) - Stopped ServerConnector@33e4b9c4{HTTP/1.1,[http/1.1]}{0.0.0.0:0}
2019-09-27 00:25:34,937 [main] INFO  handler.ContextHandler (ContextHandler.java:doStop(910)) - Stopped o.e.j.s.ServletContextHandler@581c9bb7{/static,file:///workdir/hadoop-ozone/integration-test/target/test-classes/webapps/static,UNAVAILABLE}
2019-09-27 00:25:34,938 [main] INFO  handler.ContextHandler (ContextHandler.java:doStop(910)) - Stopped o.e.j.s.ServletContextHandler@7d59e968{/logs,file:///workdir/hadoop-ozone/integration-test/target/log,UNAVAILABLE}
2019-09-27 00:25:34,940 [main] INFO  ozone.MiniOzoneClusterImpl (MiniOzoneClusterImpl.java:stopDatanodes(377)) - Stopping the HddsDatanodes
2019-09-27 00:25:35,629 [Datanode State Machine Thread - 0] INFO  statemachine.DatanodeStateMachine (DatanodeStateMachine.java:lambda$startDaemon$0(350)) - Ozone container server started.
2019-09-27 00:25:35,688 [Datanode State Machine Thread - 0] INFO  statemachine.DatanodeStateMachine (DatanodeStateMachine.java:lambda$startDaemon$0(350)) - Ozone container server started.
2019-09-27 00:25:36,455 [grpc-default-executor-11] WARN  server.GrpcLogAppender (LogUtils.java:warn(134)) - 6f806a58-f02f-44e5-897d-0d307551e447@group-C27C2544C493->3e2aa5f0-b552-4edc-b72c-2b543357819f-AppendLogResponseHandler: Failed appendEntries: org.apache.ratis.thirdparty.io.grpc.StatusRuntimeException: UNAVAILABLE: io exception
2019-09-27 00:25:36,456 [grpc-default-executor-11] INFO  impl.FollowerInfo (FollowerInfo.java:lambda$new$0(51)) - 6f806a58-f02f-44e5-897d-0d307551e447@group-C27C2544C493->3e2aa5f0-b552-4edc-b72c-2b543357819f: nextIndex: updateUnconditionally 1 -> 0
2019-09-27 00:25:38,958 [grpc-default-executor-11] WARN  server.GrpcLogAppender (LogUtils.java:warn(134)) - 6f806a58-f02f-44e5-897d-0d307551e447@group-C27C2544C493->3e2aa5f0-b552-4edc-b72c-2b543357819f-AppendLogResponseHandler: Failed appendEntries: org.apache.ratis.thirdparty.io.grpc.StatusRuntimeException: UNAVAILABLE: io exception
2019-09-27 00:25:38,959 [grpc-default-executor-11] INFO  impl.FollowerInfo (FollowerInfo.java:lambda$new$0(51)) - 6f806a58-f02f-44e5-897d-0d307551e447@group-C27C2544C493->3e2aa5f0-b552-4edc-b72c-2b543357819f: nextIndex: updateUnconditionally 0 -> 0
2019-09-27 00:25:39,716 [EventQueue-StaleNodeForStaleNodeHandler] INFO  node.StaleNodeHandler (StaleNodeHandler.java:onMessage(58)) - Datanode 6e576732-ecfb-4248-9d86-5108c1c5cbaf{ip: 192.168.30.42, host: pr-hdds-2193-7pp9x-2361853758, networkLocation: /default-rack, certSerialId: null} moved to stale state. Finalizing its pipelines [PipelineID=1936d380-f982-4153-a9b0-206a3c67ed79, PipelineID=a361ef32-3cc1-4b2c-9785-0494638eb3ec]
2019-09-27 00:25:39,716 [EventQueue-StaleNodeForStaleNodeHandler] INFO  pipeline.SCMPipelineManager (SCMPipelineManager.java:finalizeAndDestroyPipeline(315)) - destroying pipeline:Pipeline[ Id: 1936d380-f982-4153-a9b0-206a3c67ed79, Nodes: 6e576732-ecfb-4248-9d86-5108c1c5cbaf{ip: 192.168.30.42, host: pr-hdds-2193-7pp9x-2361853758, networkLocation: /default-rack, certSerialId: null}efab0370-fcb4-4e55-b091-fb0e2fabfa09{ip: 192.168.30.42, host: pr-hdds-2193-7pp9x-2361853758, networkLocation: /default-rack, certSerialId: null}f77c7d1f-7fe6-48fc-9d3e-095734d688af{ip: 192.168.30.42, host: pr-hdds-2193-7pp9x-2361853758, networkLocation: /default-rack, certSerialId: null}, Type:RATIS, Factor:THREE, State:OPEN]
2019-09-27 00:25:39,716 [EventQueue-StaleNodeForStaleNodeHandler] INFO  pipeline.PipelineStateManager (PipelineStateManager.java:finalizePipeline(123)) - Pipeline Pipeline[ Id: 1936d380-f982-4153-a9b0-206a3c67ed79, Nodes: 6e576732-ecfb-4248-9d86-5108c1c5cbaf{ip: 192.168.30.42, host: pr-hdds-2193-7pp9x-2361853758, networkLocation: /default-rack, certSerialId: null}efab0370-fcb4-4e55-b091-fb0e2fabfa09{ip: 192.168.30.42, host: pr-hdds-2193-7pp9x-2361853758, networkLocation: /default-rack, certSerialId: null}f77c7d1f-7fe6-48fc-9d3e-095734d688af{ip: 192.168.30.42, host: pr-hdds-2193-7pp9x-2361853758, networkLocation: /default-rack, certSerialId: null}, Type:RATIS, Factor:THREE, State:CLOSED] moved to CLOSED state
2019-09-27 00:25:39,717 [EventQueue-StaleNodeForStaleNodeHandler] INFO  pipeline.SCMPipelineManager (SCMPipelineManager.java:finalizeAndDestroyPipeline(315)) - destroying pipeline:Pipeline[ Id: a361ef32-3cc1-4b2c-9785-0494638eb3ec, Nodes: 6e576732-ecfb-4248-9d86-5108c1c5cbaf{ip: 192.168.30.42, host: pr-hdds-2193-7pp9x-2361853758, networkLocation: /default-rack, certSerialId: null}, Type:RATIS, Factor:ONE, State:OPEN]
2019-09-27 00:25:39,717 [EventQueue-CloseContainerForCloseContainerEventHandler] INFO  container.CloseContainerEventHandler (CloseContainerEventHandler.java:onMessage(61)) - Close container Event triggered for container : #2
2019-09-27 00:25:39,724 [EventQueue-StaleNodeForStaleNodeHandler] INFO  pipeline.PipelineStateManager (PipelineStateManager.java:finalizePipeline(123)) - Pipeline Pipeline[ Id: a361ef32-3cc1-4b2c-9785-0494638eb3ec, Nodes: 6e576732-ecfb-4248-9d86-5108c1c5cbaf{ip: 192.168.30.42, host: pr-hdds-2193-7pp9x-2361853758, networkLocation: /default-rack, certSerialId: null}, Type:RATIS, Factor:ONE, State:CLOSED] moved to CLOSED state
2019-09-27 00:25:39,724 [EventQueue-StaleNodeForStaleNodeHandler] INFO  node.StaleNodeHandler (StaleNodeHandler.java:onMessage(58)) - Datanode 9506ffde-d80f-4d1d-a7e4-1ae5324a65d9{ip: 192.168.30.42, host: pr-hdds-2193-7pp9x-2361853758, networkLocation: /default-rack, certSerialId: null} moved to stale state. Finalizing its pipelines [PipelineID=29aee704-dc9e-4cbf-a2a1-f6299dbee69a, PipelineID=5846f67d-0250-41d1-a23b-c27c2544c493]
2019-09-27 00:25:39,724 [EventQueue-StaleNodeForStaleNodeHandler] INFO  pipeline.SCMPipelineManager (SCMPipelineManager.java:finalizeAndDestroyPipeline(315)) - destroying pipeline:Pipeline[ Id: 29aee704-dc9e-4cbf-a2a1-f6299dbee69a, Nodes: 9506ffde-d80f-4d1d-a7e4-1ae5324a65d9{ip: 192.168.30.42, host: pr-hdds-2193-7pp9x-2361853758, networkLocation: /default-rack, certSerialId: null}, Type:RATIS, Factor:ONE, State:OPEN]
2019-09-27 00:25:39,724 [EventQueue-StaleNodeForStaleNodeHandler] INFO  pipeline.PipelineStateManager (PipelineStateManager.java:finalizePipeline(123)) - Pipeline Pipeline[ Id: 29aee704-dc9e-4cbf-a2a1-f6299dbee69a, Nodes: 9506ffde-d80f-4d1d-a7e4-1ae5324a65d9{ip: 192.168.30.42, host: pr-hdds-2193-7pp9x-2361853758, networkLocation: /default-rack, certSerialId: null}, Type:RATIS, Factor:ONE, State:CLOSED] moved to CLOSED state
2019-09-27 00:25:39,724 [EventQueue-StaleNodeForStaleNodeHandler] INFO  pipeline.SCMPipelineManager (SCMPipelineManager.java:finalizeAndDestroyPipeline(315)) - destroying pipeline:Pipeline[ Id: 5846f67d-0250-41d1-a23b-c27c2544c493, Nodes: 3e2aa5f0-b552-4edc-b72c-2b543357819f{ip: 192.168.30.42, host: pr-hdds-2193-7pp9x-2361853758, networkLocation: /default-rack, certSerialId: null}9506ffde-d80f-4d1d-a7e4-1ae5324a65d9{ip: 192.168.30.42, host: pr-hdds-2193-7pp9x-2361853758, networkLocation: /default-rack, certSerialId: null}6f806a58-f02f-44e5-897d-0d307551e447{ip: 192.168.30.42, host: pr-hdds-2193-7pp9x-2361853758, networkLocation: /default-rack, certSerialId: null}, Type:RATIS, Factor:THREE, State:CLOSED]
2019-09-27 00:25:39,942 [ForkJoinPool.commonPool-worker-1] INFO  ozoneimpl.OzoneContainer (OzoneContainer.java:stop(231)) - Attempting to stop container services.
2019-09-27 00:25:39,942 [main] INFO  ozoneimpl.OzoneContainer (OzoneContainer.java:stop(231)) - Attempting to stop container services.
2019-09-27 00:25:39,946 [ForkJoinPool.commonPool-worker-1] INFO  impl.RaftServerProxy (RaftServerProxy.java:lambda$close$4(314)) - 6e576732-ecfb-4248-9d86-5108c1c5cbaf: close
2019-09-27 00:25:39,946 [main] INFO  impl.RaftServerProxy (RaftServerProxy.java:lambda$close$4(314)) - 9506ffde-d80f-4d1d-a7e4-1ae5324a65d9: close
2019-09-27 00:25:39,947 [ForkJoinPool.commonPool-worker-1] INFO  impl.RaftServerImpl (RaftServerImpl.java:lambda$shutdown$3(251)) - 6e576732-ecfb-4248-9d86-5108c1c5cbaf@group-206A3C67ED79: shutdown
2019-09-27 00:25:39,947 [main] INFO  impl.RaftServerImpl (RaftServerImpl.java:lambda$shutdown$3(251)) - 9506ffde-d80f-4d1d-a7e4-1ae5324a65d9@group-F6299DBEE69A: shutdown
2019-09-27 00:25:39,947 [ForkJoinPool.commonPool-worker-1] INFO  util.JmxRegister (JmxRegister.java:unregister(73)) - Successfully un-registered JMX Bean with object name Ratis:service=RaftServer,group=group-206A3C67ED79,id=6e576732-ecfb-4248-9d86-5108c1c5cbaf
2019-09-27 00:25:39,947 [main] INFO  util.JmxRegister (JmxRegister.java:unregister(73)) - Successfully un-registered JMX Bean with object name Ratis:service=RaftServer,group=group-F6299DBEE69A,id=9506ffde-d80f-4d1d-a7e4-1ae5324a65d9
2019-09-27 00:25:39,948 [ForkJoinPool.commonPool-worker-1] INFO  impl.RoleInfo (RoleInfo.java:shutdownFollowerState(121)) - 6e576732-ecfb-4248-9d86-5108c1c5cbaf: shutdown FollowerState
2019-09-27 00:25:39,948 [main] INFO  impl.RoleInfo (RoleInfo.java:shutdownLeaderState(104)) - 9506ffde-d80f-4d1d-a7e4-1ae5324a65d9: shutdown LeaderState
2019-09-27 00:25:39,948 [6e576732-ecfb-4248-9d86-5108c1c5cbaf@group-206A3C67ED79-StateMachineUpdater] INFO  ratis.ContainerStateMachine (ContainerStateMachine.java:takeSnapshot(289)) - group-206A3C67ED79: Taking a snapshot at:(t:1, i:13) file /workdir/hadoop-ozone/integration-test/target/test-dir/MiniOzoneClusterImpl-bd5938d5-a9f0-46e6-9cba-1e01c8d8b818/datanode-1/data/ratis/1936d380-f982-4153-a9b0-206a3c67ed79/sm/snapshot.1_13
2019-09-27 00:25:39,948 [Thread-3177] INFO  impl.FollowerState (FollowerState.java:run(115)) - 6e576732-ecfb-4248-9d86-5108c1c5cbaf: FollowerState was interrupted: java.lang.InterruptedException: sleep interrupted
2019-09-27 00:25:39,948 [ForkJoinPool.commonPool-worker-1] INFO  impl.StateMachineUpdater (StateMachineUpdater.java:stopAndJoin(125)) - 6e576732-ecfb-4248-9d86-5108c1c5cbaf@group-206A3C67ED79-StateMachineUpdater: set stopIndex = 15
2019-09-27 00:25:39,949 [main] INFO  impl.PendingRequests (PendingRequests.java:sendNotLeaderResponses(202)) - 9506ffde-d80f-4d1d-a7e4-1ae5324a65d9-PendingRequests: sendNotLeaderResponses
2019-09-27 00:25:39,953 [main] INFO  impl.StateMachineUpdater (StateMachineUpdater.java:stopAndJoin(125)) - 9506ffde-d80f-4d1d-a7e4-1ae5324a65d9@group-F6299DBEE69A-StateMachineUpdater: set stopIndex = 0
2019-09-27 00:25:39,954 [main] INFO  impl.RaftServerImpl (ServerState.java:close(385)) - 9506ffde-d80f-4d1d-a7e4-1ae5324a65d9@group-F6299DBEE69A: closes. applyIndex: 0
2019-09-27 00:25:39,954 [9506ffde-d80f-4d1d-a7e4-1ae5324a65d9@group-F6299DBEE69A-SegmentedRaftLogWorker] INFO  segmented.SegmentedRaftLogWorker (SegmentedRaftLogWorker.java:run(313)) - 9506ffde-d80f-4d1d-a7e4-1ae5324a65d9@group-F6299DBEE69A-SegmentedRaftLogWorker was interrupted, exiting. There are 0 tasks remaining in the queue.
2019-09-27 00:25:39,961 [main] INFO  segmented.SegmentedRaftLogWorker (SegmentedRaftLogWorker.java:close(228)) - 9506ffde-d80f-4d1d-a7e4-1ae5324a65d9@group-F6299DBEE69A-SegmentedRaftLogWorker close()
2019-09-27 00:25:39,966 [main] INFO  impl.RaftServerImpl (RaftServerImpl.java:lambda$shutdown$3(251)) - 9506ffde-d80f-4d1d-a7e4-1ae5324a65d9@group-C27C2544C493: shutdown
2019-09-27 00:25:39,967 [main] INFO  util.JmxRegister (JmxRegister.java:unregister(73)) - Successfully un-registered JMX Bean with object name Ratis:service=RaftServer,group=group-C27C2544C493,id=9506ffde-d80f-4d1d-a7e4-1ae5324a65d9
2019-09-27 00:25:39,967 [main] INFO  impl.RoleInfo (RoleInfo.java:shutdownFollowerState(121)) - 9506ffde-d80f-4d1d-a7e4-1ae5324a65d9: shutdown FollowerState
2019-09-27 00:25:39,966 [6e576732-ecfb-4248-9d86-5108c1c5cbaf@group-206A3C67ED79-StateMachineUpdater] INFO  ratis.ContainerStateMachine (ContainerStateMachine.java:takeSnapshot(300)) - group-206A3C67ED79: Finished taking a snapshot at:(t:1, i:13) file:/workdir/hadoop-ozone/integration-test/target/test-dir/MiniOzoneClusterImpl-bd5938d5-a9f0-46e6-9cba-1e01c8d8b818/datanode-1/data/ratis/1936d380-f982-4153-a9b0-206a3c67ed79/sm/snapshot.1_13 time:18
2019-09-27 00:25:39,968 [main] INFO  impl.StateMachineUpdater (StateMachineUpdater.java:stopAndJoin(125)) - 9506ffde-d80f-4d1d-a7e4-1ae5324a65d9@group-C27C2544C493-StateMachineUpdater: set stopIndex = 17
2019-09-27 00:25:39,968 [6e576732-ecfb-4248-9d86-5108c1c5cbaf@group-206A3C67ED79-StateMachineUpdater] INFO  impl.StateMachineUpdater (StateMachineUpdater.java:takeSnapshot(258)) - 6e576732-ecfb-4248-9d86-5108c1c5cbaf@group-206A3C67ED79-StateMachineUpdater: Took a snapshot at index 13
2019-09-27 00:25:39,968 [6e576732-ecfb-4248-9d86-5108c1c5cbaf@group-206A3C67ED79-StateMachineUpdater] INFO  impl.StateMachineUpdater (StateMachineUpdater.java:lambda$new$0(83)) - 6e576732-ecfb-4248-9d86-5108c1c5cbaf@group-206A3C67ED79-StateMachineUpdater: snapshotIndex: updateIncreasingly -1 -> 13
2019-09-27 00:25:39,968 [Thread-3325] INFO  impl.FollowerState (FollowerState.java:run(115)) - 9506ffde-d80f-4d1d-a7e4-1ae5324a65d9: FollowerState was interrupted: java.lang.InterruptedException: sleep interrupted
2019-09-27 00:25:39,968 [9506ffde-d80f-4d1d-a7e4-1ae5324a65d9@group-C27C2544C493-StateMachineUpdater] INFO  ratis.ContainerStateMachine (ContainerStateMachine.java:takeSnapshot(289)) - group-C27C2544C493: Taking a snapshot at:(t:1, i:13) file /workdir/hadoop-ozone/integration-test/target/test-dir/MiniOzoneClusterImpl-bd5938d5-a9f0-46e6-9cba-1e01c8d8b818/datanode-3/data/ratis/5846f67d-0250-41d1-a23b-c27c2544c493/sm/snapshot.1_13
2019-09-27 00:25:39,971 [6e576732-ecfb-4248-9d86-5108c1c5cbaf@group-206A3C67ED79-StateMachineUpdater] INFO  ratis.ContainerStateMachine (ContainerStateMachine.java:takeSnapshot(289)) - group-206A3C67ED79: Taking a snapshot at:(t:1, i:13) file /workdir/hadoop-ozone/integration-test/target/test-dir/MiniOzoneClusterImpl-bd5938d5-a9f0-46e6-9cba-1e01c8d8b818/datanode-1/data/ratis/1936d380-f982-4153-a9b0-206a3c67ed79/sm/snapshot.1_13
2019-09-27 00:25:39,985 [6e576732-ecfb-4248-9d86-5108c1c5cbaf@group-206A3C67ED79-StateMachineUpdater] INFO  ratis.ContainerStateMachine (ContainerStateMachine.java:takeSnapshot(300)) - group-206A3C67ED79: Finished taking a snapshot at:(t:1, i:13) file:/workdir/hadoop-ozone/integration-test/target/test-dir/MiniOzoneClusterImpl-bd5938d5-a9f0-46e6-9cba-1e01c8d8b818/datanode-1/data/ratis/1936d380-f982-4153-a9b0-206a3c67ed79/sm/snapshot.1_13 time:14
2019-09-27 00:25:39,985 [9506ffde-d80f-4d1d-a7e4-1ae5324a65d9@group-C27C2544C493-StateMachineUpdater] INFO  ratis.ContainerStateMachine (ContainerStateMachine.java:takeSnapshot(300)) - group-C27C2544C493: Finished taking a snapshot at:(t:1, i:13) file:/workdir/hadoop-ozone/integration-test/target/test-dir/MiniOzoneClusterImpl-bd5938d5-a9f0-46e6-9cba-1e01c8d8b818/datanode-3/data/ratis/5846f67d-0250-41d1-a23b-c27c2544c493/sm/snapshot.1_13 time:17
2019-09-27 00:25:39,985 [6e576732-ecfb-4248-9d86-5108c1c5cbaf@group-206A3C67ED79-StateMachineUpdater] INFO  impl.StateMachineUpdater (StateMachineUpdater.java:takeSnapshot(258)) - 6e576732-ecfb-4248-9d86-5108c1c5cbaf@group-206A3C67ED79-StateMachineUpdater: Took a snapshot at index 13
2019-09-27 00:25:39,985 [6e576732-ecfb-4248-9d86-5108c1c5cbaf@group-206A3C67ED79-StateMachineUpdater] INFO  impl.StateMachineUpdater (StateMachineUpdater.java:lambda$new$0(83)) - 6e576732-ecfb-4248-9d86-5108c1c5cbaf@group-206A3C67ED79-StateMachineUpdater: snapshotIndex: updateIncreasingly 13 -> 13
2019-09-27 00:25:39,985 [9506ffde-d80f-4d1d-a7e4-1ae5324a65d9@group-C27C2544C493-StateMachineUpdater] INFO  impl.StateMachineUpdater (StateMachineUpdater.java:takeSnapshot(258)) - 9506ffde-d80f-4d1d-a7e4-1ae5324a65d9@group-C27C2544C493-StateMachineUpdater: Took a snapshot at index 13
2019-09-27 00:25:39,985 [9506ffde-d80f-4d1d-a7e4-1ae5324a65d9@group-C27C2544C493-StateMachineUpdater] INFO  impl.StateMachineUpdater (StateMachineUpdater.java:lambda$new$0(83)) - 9506ffde-d80f-4d1d-a7e4-1ae5324a65d9@group-C27C2544C493-StateMachineUpdater: snapshotIndex: updateIncreasingly -1 -> 13
2019-09-27 00:25:39,985 [ForkJoinPool.commonPool-worker-1] INFO  impl.RaftServerImpl (ServerState.java:close(385)) - 6e576732-ecfb-4248-9d86-5108c1c5cbaf@group-206A3C67ED79: closes. applyIndex: 15
2019-09-27 00:25:39,985 [9506ffde-d80f-4d1d-a7e4-1ae5324a65d9@group-C27C2544C493-StateMachineUpdater] INFO  ratis.ContainerStateMachine (ContainerStateMachine.java:takeSnapshot(289)) - group-C27C2544C493: Taking a snapshot at:(t:1, i:13) file /workdir/hadoop-ozone/integration-test/target/test-dir/MiniOzoneClusterImpl-bd5938d5-a9f0-46e6-9cba-1e01c8d8b818/datanode-3/data/ratis/5846f67d-0250-41d1-a23b-c27c2544c493/sm/snapshot.1_13
2019-09-27 00:25:39,986 [6e576732-ecfb-4248-9d86-5108c1c5cbaf@group-206A3C67ED79-SegmentedRaftLogWorker] INFO  segmented.SegmentedRaftLogWorker (SegmentedRaftLogWorker.java:run(313)) - 6e576732-ecfb-4248-9d86-5108c1c5cbaf@group-206A3C67ED79-SegmentedRaftLogWorker was interrupted, exiting. There are 0 tasks remaining in the queue.
2019-09-27 00:25:39,988 [ForkJoinPool.commonPool-worker-1] INFO  segmented.SegmentedRaftLogWorker (SegmentedRaftLogWorker.java:close(228)) - 6e576732-ecfb-4248-9d86-5108c1c5cbaf@group-206A3C67ED79-SegmentedRaftLogWorker close()
2019-09-27 00:25:39,993 [ForkJoinPool.commonPool-worker-1] INFO  impl.RaftServerImpl (RaftServerImpl.java:lambda$shutdown$3(251)) - 6e576732-ecfb-4248-9d86-5108c1c5cbaf@group-0494638EB3EC: shutdown
2019-09-27 00:25:39,993 [ForkJoinPool.commonPool-worker-1] INFO  util.JmxRegister (JmxRegister.java:unregister(73)) - Successfully un-registered JMX Bean with object name Ratis:service=RaftServer,group=group-0494638EB3EC,id=6e576732-ecfb-4248-9d86-5108c1c5cbaf
2019-09-27 00:25:39,993 [ForkJoinPool.commonPool-worker-1] INFO  impl.RoleInfo (RoleInfo.java:shutdownLeaderState(104)) - 6e576732-ecfb-4248-9d86-5108c1c5cbaf: shutdown LeaderState
2019-09-27 00:25:39,994 [ForkJoinPool.commonPool-worker-1] INFO  impl.PendingRequests (PendingRequests.java:sendNotLeaderResponses(202)) - 6e576732-ecfb-4248-9d86-5108c1c5cbaf-PendingRequests: sendNotLeaderResponses
2019-09-27 00:25:39,994 [ForkJoinPool.commonPool-worker-1] INFO  impl.StateMachineUpdater (StateMachineUpdater.java:stopAndJoin(125)) - 6e576732-ecfb-4248-9d86-5108c1c5cbaf@group-0494638EB3EC-StateMachineUpdater: set stopIndex = 0
2019-09-27 00:25:39,994 [ForkJoinPool.commonPool-worker-1] INFO  impl.RaftServerImpl (ServerState.java:close(385)) - 6e576732-ecfb-4248-9d86-5108c1c5cbaf@group-0494638EB3EC: closes. applyIndex: 0
2019-09-27 00:25:39,995 [6e576732-ecfb-4248-9d86-5108c1c5cbaf@group-0494638EB3EC-SegmentedRaftLogWorker] INFO  segmented.SegmentedRaftLogWorker (SegmentedRaftLogWorker.java:run(313)) - 6e576732-ecfb-4248-9d86-5108c1c5cbaf@group-0494638EB3EC-SegmentedRaftLogWorker was interrupted, exiting. There are 0 tasks remaining in the queue.
2019-09-27 00:25:39,997 [ForkJoinPool.commonPool-worker-1] INFO  segmented.SegmentedRaftLogWorker (SegmentedRaftLogWorker.java:close(228)) - 6e576732-ecfb-4248-9d86-5108c1c5cbaf@group-0494638EB3EC-SegmentedRaftLogWorker close()
2019-09-27 00:25:40,000 [9506ffde-d80f-4d1d-a7e4-1ae5324a65d9@group-C27C2544C493-StateMachineUpdater] INFO  ratis.ContainerStateMachine (ContainerStateMachine.java:takeSnapshot(300)) - group-C27C2544C493: Finished taking a snapshot at:(t:1, i:13) file:/workdir/hadoop-ozone/integration-test/target/test-dir/MiniOzoneClusterImpl-bd5938d5-a9f0-46e6-9cba-1e01c8d8b818/datanode-3/data/ratis/5846f67d-0250-41d1-a23b-c27c2544c493/sm/snapshot.1_13 time:15
2019-09-27 00:25:40,002 [ForkJoinPool.commonPool-worker-1] INFO  server.GrpcService (GrpcService.java:closeImpl(164)) - 6e576732-ecfb-4248-9d86-5108c1c5cbaf: shutdown server with port 34225 now
2019-09-27 00:25:40,002 [9506ffde-d80f-4d1d-a7e4-1ae5324a65d9@group-C27C2544C493-StateMachineUpdater] INFO  impl.StateMachineUpdater (StateMachineUpdater.java:takeSnapshot(258)) - 9506ffde-d80f-4d1d-a7e4-1ae5324a65d9@group-C27C2544C493-StateMachineUpdater: Took a snapshot at index 13
2019-09-27 00:25:40,003 [9506ffde-d80f-4d1d-a7e4-1ae5324a65d9@group-C27C2544C493-StateMachineUpdater] INFO  impl.StateMachineUpdater (StateMachineUpdater.java:lambda$new$0(83)) - 9506ffde-d80f-4d1d-a7e4-1ae5324a65d9@group-C27C2544C493-StateMachineUpdater: snapshotIndex: updateIncreasingly 13 -> 13
2019-09-27 00:25:40,003 [main] INFO  impl.RaftServerImpl (ServerState.java:close(385)) - 9506ffde-d80f-4d1d-a7e4-1ae5324a65d9@group-C27C2544C493: closes. applyIndex: 17
2019-09-27 00:25:40,004 [9506ffde-d80f-4d1d-a7e4-1ae5324a65d9@group-C27C2544C493-SegmentedRaftLogWorker] INFO  segmented.SegmentedRaftLogWorker (SegmentedRaftLogWorker.java:run(313)) - 9506ffde-d80f-4d1d-a7e4-1ae5324a65d9@group-C27C2544C493-SegmentedRaftLogWorker was interrupted, exiting. There are 0 tasks remaining in the queue.
2019-09-27 00:25:40,006 [grpc-default-executor-11] WARN  server.GrpcServerProtocolService (LogUtils.java:warn(134)) - 6e576732-ecfb-4248-9d86-5108c1c5cbaf: installSnapshot onError, lastRequest: f77c7d1f-7fe6-48fc-9d3e-095734d688af->6e576732-ecfb-4248-9d86-5108c1c5cbaf#26-t1, previous=(t:1, i:15), leaderCommit=15, initializing? false, entries: <empty>: org.apache.ratis.thirdparty.io.grpc.StatusRuntimeException: CANCELLED: cancelled before receiving half close
2019-09-27 00:25:40,006 [main] INFO  segmented.SegmentedRaftLogWorker (SegmentedRaftLogWorker.java:close(228)) - 9506ffde-d80f-4d1d-a7e4-1ae5324a65d9@group-C27C2544C493-SegmentedRaftLogWorker close()
2019-09-27 00:25:40,006 [grpc-default-executor-7] WARN  server.GrpcLogAppender (LogUtils.java:warn(134)) - f77c7d1f-7fe6-48fc-9d3e-095734d688af@group-206A3C67ED79->6e576732-ecfb-4248-9d86-5108c1c5cbaf-AppendLogResponseHandler: Failed appendEntries: org.apache.ratis.thirdparty.io.grpc.StatusRuntimeException: CANCELLED: HTTP/2 error code: CANCEL
Received Rst Stream
2019-09-27 00:25:40,011 [main] INFO  server.GrpcService (GrpcService.java:closeImpl(164)) - 9506ffde-d80f-4d1d-a7e4-1ae5324a65d9: shutdown server with port 45115 now
2019-09-27 00:25:40,006 [ForkJoinPool.commonPool-worker-1] INFO  server.GrpcService (GrpcService.java:closeImpl(172)) - 6e576732-ecfb-4248-9d86-5108c1c5cbaf: shutdown server with port 34225 successfully
2019-09-27 00:25:40,011 [grpc-default-executor-7] INFO  impl.FollowerInfo (FollowerInfo.java:lambda$new$0(51)) - f77c7d1f-7fe6-48fc-9d3e-095734d688af@group-206A3C67ED79->6e576732-ecfb-4248-9d86-5108c1c5cbaf: nextIndex: updateUnconditionally 16 -> 15
2019-09-27 00:25:40,012 [grpc-default-executor-11] WARN  server.GrpcLogAppender (LogUtils.java:warn(134)) - 6f806a58-f02f-44e5-897d-0d307551e447@group-C27C2544C493->9506ffde-d80f-4d1d-a7e4-1ae5324a65d9-AppendLogResponseHandler: Failed appendEntries: org.apache.ratis.thirdparty.io.grpc.StatusRuntimeException: CANCELLED: HTTP/2 error code: CANCEL
Received Rst Stream
2019-09-27 00:25:40,012 [main] INFO  server.GrpcService (GrpcService.java:closeImpl(172)) - 9506ffde-d80f-4d1d-a7e4-1ae5324a65d9: shutdown server with port 45115 successfully
2019-09-27 00:25:40,012 [grpc-default-executor-13] WARN  server.GrpcServerProtocolService (LogUtils.java:warn(134)) - 9506ffde-d80f-4d1d-a7e4-1ae5324a65d9: installSnapshot onError, lastRequest: 6f806a58-f02f-44e5-897d-0d307551e447->9506ffde-d80f-4d1d-a7e4-1ae5324a65d9#4-t3, previous=(t:3, i:17), leaderCommit=17, initializing? false, entries: <empty>: org.apache.ratis.thirdparty.io.grpc.StatusRuntimeException: CANCELLED: cancelled before receiving half close
2019-09-27 00:25:40,012 [grpc-default-executor-11] INFO  impl.FollowerInfo (FollowerInfo.java:lambda$new$0(51)) - 6f806a58-f02f-44e5-897d-0d307551e447@group-C27C2544C493->9506ffde-d80f-4d1d-a7e4-1ae5324a65d9: nextIndex: updateUnconditionally 18 -> 17
2019-09-27 00:25:40,016 [refreshUsed-/workdir/hadoop-ozone/integration-test/target/test-dir/MiniOzoneClusterImpl-bd5938d5-a9f0-46e6-9cba-1e01c8d8b818/datanode-1/data/containers] WARN  fs.CachingGetSpaceUsed (CachingGetSpaceUsed.java:run(183)) - Thread Interrupted waiting to refresh disk information: sleep interrupted
2019-09-27 00:25:40,017 [refreshUsed-/workdir/hadoop-ozone/integration-test/target/test-dir/MiniOzoneClusterImpl-bd5938d5-a9f0-46e6-9cba-1e01c8d8b818/datanode-3/data/containers] WARN  fs.CachingGetSpaceUsed (CachingGetSpaceUsed.java:run(183)) - Thread Interrupted waiting to refresh disk information: sleep interrupted
2019-09-27 00:25:40,046 [ForkJoinPool.commonPool-worker-1] INFO  utils.BackgroundService (BackgroundService.java:shutdown(148)) - Shutting down service BlockDeletingService
2019-09-27 00:25:40,046 [main] INFO  utils.BackgroundService (BackgroundService.java:shutdown(148)) - Shutting down service BlockDeletingService
2019-09-27 00:25:40,056 [ForkJoinPool.commonPool-worker-1] INFO  statemachine.DatanodeStateMachine (DatanodeStateMachine.java:stopDaemon(395)) - Ozone container server stopped.
2019-09-27 00:25:40,058 [main] INFO  statemachine.DatanodeStateMachine (DatanodeStateMachine.java:stopDaemon(395)) - Ozone container server stopped.
2019-09-27 00:25:40,065 [ForkJoinPool.commonPool-worker-1] INFO  handler.ContextHandler (ContextHandler.java:doStop(910)) - Stopped o.e.j.w.WebAppContext@60591e1b{/,null,UNAVAILABLE}{/hddsDatanode}
2019-09-27 00:25:40,065 [main] INFO  handler.ContextHandler (ContextHandler.java:doStop(910)) - Stopped o.e.j.w.WebAppContext@115c946b{/,null,UNAVAILABLE}{/hddsDatanode}
2019-09-27 00:25:40,066 [ForkJoinPool.commonPool-worker-1] INFO  server.AbstractConnector (AbstractConnector.java:doStop(318)) - Stopped ServerConnector@29c53c4f{HTTP/1.1,[http/1.1]}{0.0.0.0:0}
2019-09-27 00:25:40,066 [main] INFO  server.AbstractConnector (AbstractConnector.java:doStop(318)) - Stopped ServerConnector@79ca7bea{HTTP/1.1,[http/1.1]}{0.0.0.0:0}
2019-09-27 00:25:40,068 [ForkJoinPool.commonPool-worker-1] INFO  handler.ContextHandler (ContextHandler.java:doStop(910)) - Stopped o.e.j.s.ServletContextHandler@2c48cede{/static,jar:file:/home/user/.m2/repository/org/apache/hadoop/hadoop-hdds-container-service/0.5.0-SNAPSHOT/hadoop-hdds-container-service-0.5.0-SNAPSHOT.jar!/webapps/static,UNAVAILABLE}
2019-09-27 00:25:40,069 [main] INFO  handler.ContextHandler (ContextHandler.java:doStop(910)) - Stopped o.e.j.s.ServletContextHandler@629075f4{/static,jar:file:/home/user/.m2/repository/org/apache/hadoop/hadoop-hdds-container-service/0.5.0-SNAPSHOT/hadoop-hdds-container-service-0.5.0-SNAPSHOT.jar!/webapps/static,UNAVAILABLE}
2019-09-27 00:25:40,071 [ForkJoinPool.commonPool-worker-1] INFO  handler.ContextHandler (ContextHandler.java:doStop(910)) - Stopped o.e.j.s.ServletContextHandler@6842c101{/logs,file:///workdir/hadoop-ozone/integration-test/target/log,UNAVAILABLE}
2019-09-27 00:25:40,071 [main] INFO  handler.ContextHandler (ContextHandler.java:doStop(910)) - Stopped o.e.j.s.ServletContextHandler@1c84d80a{/logs,file:///workdir/hadoop-ozone/integration-test/target/log,UNAVAILABLE}
2019-09-27 00:25:40,629 [Datanode State Machine Thread - 0] INFO  statemachine.DatanodeStateMachine (DatanodeStateMachine.java:lambda$startDaemon$0(350)) - Ozone container server started.
2019-09-27 00:25:40,687 [Datanode State Machine Thread - 0] INFO  statemachine.DatanodeStateMachine (DatanodeStateMachine.java:lambda$startDaemon$0(350)) - Ozone container server started.
2019-09-27 00:25:41,457 [grpc-default-executor-13] WARN  server.GrpcLogAppender (LogUtils.java:warn(134)) - 6f806a58-f02f-44e5-897d-0d307551e447@group-C27C2544C493->3e2aa5f0-b552-4edc-b72c-2b543357819f-AppendLogResponseHandler: Failed appendEntries: org.apache.ratis.thirdparty.io.grpc.StatusRuntimeException: UNAVAILABLE: io exception
2019-09-27 00:25:41,457 [grpc-default-executor-13] INFO  impl.FollowerInfo (FollowerInfo.java:lambda$new$0(51)) - 6f806a58-f02f-44e5-897d-0d307551e447@group-C27C2544C493->3e2aa5f0-b552-4edc-b72c-2b543357819f: nextIndex: updateUnconditionally 0 -> 0
2019-09-27 00:25:41,460 [grpc-default-executor-13] WARN  server.GrpcLogAppender (LogUtils.java:warn(134)) - 6f806a58-f02f-44e5-897d-0d307551e447@group-C27C2544C493->9506ffde-d80f-4d1d-a7e4-1ae5324a65d9-AppendLogResponseHandler: Failed appendEntries: org.apache.ratis.thirdparty.io.grpc.StatusRuntimeException: UNAVAILABLE: io exception
2019-09-27 00:25:41,460 [grpc-default-executor-13] INFO  impl.FollowerInfo (FollowerInfo.java:lambda$new$0(51)) - 6f806a58-f02f-44e5-897d-0d307551e447@group-C27C2544C493->9506ffde-d80f-4d1d-a7e4-1ae5324a65d9: nextIndex: updateUnconditionally 17 -> 16
2019-09-27 00:25:42,401 [grpc-default-executor-7] WARN  server.GrpcLogAppender (LogUtils.java:warn(134)) - f77c7d1f-7fe6-48fc-9d3e-095734d688af@group-206A3C67ED79->6e576732-ecfb-4248-9d86-5108c1c5cbaf-AppendLogResponseHandler: Failed appendEntries: org.apache.ratis.thirdparty.io.grpc.StatusRuntimeException: UNAVAILABLE: io exception
2019-09-27 00:25:42,402 [grpc-default-executor-7] INFO  impl.FollowerInfo (FollowerInfo.java:lambda$new$0(51)) - f77c7d1f-7fe6-48fc-9d3e-095734d688af@group-206A3C67ED79->6e576732-ecfb-4248-9d86-5108c1c5cbaf: nextIndex: updateUnconditionally 15 -> 14
2019-09-27 00:25:43,961 [grpc-default-executor-7] WARN  server.GrpcLogAppender (LogUtils.java:warn(134)) - 6f806a58-f02f-44e5-897d-0d307551e447@group-C27C2544C493->3e2aa5f0-b552-4edc-b72c-2b543357819f-AppendLogResponseHandler: Failed appendEntries: org.apache.ratis.thirdparty.io.grpc.StatusRuntimeException: UNAVAILABLE: io exception
2019-09-27 00:25:43,961 [grpc-default-executor-12] WARN  server.GrpcLogAppender (LogUtils.java:warn(134)) - 6f806a58-f02f-44e5-897d-0d307551e447@group-C27C2544C493->9506ffde-d80f-4d1d-a7e4-1ae5324a65d9-AppendLogResponseHandler: Failed appendEntries: org.apache.ratis.thirdparty.io.grpc.StatusRuntimeException: UNAVAILABLE: io exception
2019-09-27 00:25:43,962 [grpc-default-executor-7] INFO  impl.FollowerInfo (FollowerInfo.java:lambda$new$0(51)) - 6f806a58-f02f-44e5-897d-0d307551e447@group-C27C2544C493->3e2aa5f0-b552-4edc-b72c-2b543357819f: nextIndex: updateUnconditionally 0 -> 0
2019-09-27 00:25:43,962 [grpc-default-executor-12] INFO  impl.FollowerInfo (FollowerInfo.java:lambda$new$0(51)) - 6f806a58-f02f-44e5-897d-0d307551e447@group-C27C2544C493->9506ffde-d80f-4d1d-a7e4-1ae5324a65d9: nextIndex: updateUnconditionally 16 -> 15
2019-09-27 00:25:44,725 [EventQueue-StaleNodeForStaleNodeHandler] INFO  node.StaleNodeHandler (StaleNodeHandler.java:onMessage(58)) - Datanode f77c7d1f-7fe6-48fc-9d3e-095734d688af{ip: 192.168.30.42, host: pr-hdds-2193-7pp9x-2361853758, networkLocation: /default-rack, certSerialId: null} moved to stale state. Finalizing its pipelines [PipelineID=af363f15-f357-4967-8036-dfacc16ecc27, PipelineID=1936d380-f982-4153-a9b0-206a3c67ed79]
2019-09-27 00:25:44,725 [EventQueue-StaleNodeForStaleNodeHandler] INFO  pipeline.SCMPipelineManager (SCMPipelineManager.java:finalizeAndDestroyPipeline(315)) - destroying pipeline:Pipeline[ Id: af363f15-f357-4967-8036-dfacc16ecc27, Nodes: f77c7d1f-7fe6-48fc-9d3e-095734d688af{ip: 192.168.30.42, host: pr-hdds-2193-7pp9x-2361853758, networkLocation: /default-rack, certSerialId: null}, Type:RATIS, Factor:ONE, State:OPEN]
2019-09-27 00:25:44,726 [EventQueue-StaleNodeForStaleNodeHandler] INFO  pipeline.PipelineStateManager (PipelineStateManager.java:finalizePipeline(123)) - Pipeline Pipeline[ Id: af363f15-f357-4967-8036-dfacc16ecc27, Nodes: f77c7d1f-7fe6-48fc-9d3e-095734d688af{ip: 192.168.30.42, host: pr-hdds-2193-7pp9x-2361853758, networkLocation: /default-rack, certSerialId: null}, Type:RATIS, Factor:ONE, State:CLOSED] moved to CLOSED state
2019-09-27 00:25:44,727 [EventQueue-StaleNodeForStaleNodeHandler] INFO  pipeline.SCMPipelineManager (SCMPipelineManager.java:finalizeAndDestroyPipeline(315)) - destroying pipeline:Pipeline[ Id: 1936d380-f982-4153-a9b0-206a3c67ed79, Nodes: 6e576732-ecfb-4248-9d86-5108c1c5cbaf{ip: 192.168.30.42, host: pr-hdds-2193-7pp9x-2361853758, networkLocation: /default-rack, certSerialId: null}efab0370-fcb4-4e55-b091-fb0e2fabfa09{ip: 192.168.30.42, host: pr-hdds-2193-7pp9x-2361853758, networkLocation: /default-rack, certSerialId: null}f77c7d1f-7fe6-48fc-9d3e-095734d688af{ip: 192.168.30.42, host: pr-hdds-2193-7pp9x-2361853758, networkLocation: /default-rack, certSerialId: null}, Type:RATIS, Factor:THREE, State:CLOSED]
2019-09-27 00:25:44,727 [EventQueue-StaleNodeForStaleNodeHandler] INFO  node.StaleNodeHandler (StaleNodeHandler.java:onMessage(58)) - Datanode 6f806a58-f02f-44e5-897d-0d307551e447{ip: 192.168.30.42, host: pr-hdds-2193-7pp9x-2361853758, networkLocation: /default-rack, certSerialId: null} moved to stale state. Finalizing its pipelines [PipelineID=5846bd7c-1649-49e2-9f21-3f4b04312c19, PipelineID=5846f67d-0250-41d1-a23b-c27c2544c493]
2019-09-27 00:25:44,727 [EventQueue-StaleNodeForStaleNodeHandler] INFO  pipeline.SCMPipelineManager (SCMPipelineManager.java:finalizeAndDestroyPipeline(315)) - destroying pipeline:Pipeline[ Id: 5846bd7c-1649-49e2-9f21-3f4b04312c19, Nodes: 6f806a58-f02f-44e5-897d-0d307551e447{ip: 192.168.30.42, host: pr-hdds-2193-7pp9x-2361853758, networkLocation: /default-rack, certSerialId: null}, Type:RATIS, Factor:ONE, State:OPEN]
2019-09-27 00:25:44,727 [EventQueue-StaleNodeForStaleNodeHandler] INFO  pipeline.PipelineStateManager (PipelineStateManager.java:finalizePipeline(123)) - Pipeline Pipeline[ Id: 5846bd7c-1649-49e2-9f21-3f4b04312c19, Nodes: 6f806a58-f02f-44e5-897d-0d307551e447{ip: 192.168.30.42, host: pr-hdds-2193-7pp9x-2361853758, networkLocation: /default-rack, certSerialId: null}, Type:RATIS, Factor:ONE, State:CLOSED] moved to CLOSED state
2019-09-27 00:25:44,727 [EventQueue-StaleNodeForStaleNodeHandler] INFO  pipeline.SCMPipelineManager (SCMPipelineManager.java:finalizeAndDestroyPipeline(315)) - destroying pipeline:Pipeline[ Id: 5846f67d-0250-41d1-a23b-c27c2544c493, Nodes: 3e2aa5f0-b552-4edc-b72c-2b543357819f{ip: 192.168.30.42, host: pr-hdds-2193-7pp9x-2361853758, networkLocation: /default-rack, certSerialId: null}9506ffde-d80f-4d1d-a7e4-1ae5324a65d9{ip: 192.168.30.42, host: pr-hdds-2193-7pp9x-2361853758, networkLocation: /default-rack, certSerialId: null}6f806a58-f02f-44e5-897d-0d307551e447{ip: 192.168.30.42, host: pr-hdds-2193-7pp9x-2361853758, networkLocation: /default-rack, certSerialId: null}, Type:RATIS, Factor:THREE, State:CLOSED]
2019-09-27 00:25:44,905 [grpc-default-executor-11] WARN  server.GrpcLogAppender (LogUtils.java:warn(134)) - f77c7d1f-7fe6-48fc-9d3e-095734d688af@group-206A3C67ED79->6e576732-ecfb-4248-9d86-5108c1c5cbaf-AppendLogResponseHandler: Failed appendEntries: org.apache.ratis.thirdparty.io.grpc.StatusRuntimeException: UNAVAILABLE: io exception
2019-09-27 00:25:44,911 [grpc-default-executor-11] INFO  impl.FollowerInfo (FollowerInfo.java:lambda$new$0(51)) - f77c7d1f-7fe6-48fc-9d3e-095734d688af@group-206A3C67ED79->6e576732-ecfb-4248-9d86-5108c1c5cbaf: nextIndex: updateUnconditionally 14 -> 13
2019-09-27 00:25:45,074 [ForkJoinPool.commonPool-worker-1] INFO  ozoneimpl.OzoneContainer (OzoneContainer.java:stop(231)) - Attempting to stop container services.
2019-09-27 00:25:45,074 [main] INFO  ozoneimpl.OzoneContainer (OzoneContainer.java:stop(231)) - Attempting to stop container services.
2019-09-27 00:25:45,078 [ForkJoinPool.commonPool-worker-1] INFO  impl.RaftServerProxy (RaftServerProxy.java:lambda$close$4(314)) - f77c7d1f-7fe6-48fc-9d3e-095734d688af: close
2019-09-27 00:25:45,078 [main] INFO  impl.RaftServerProxy (RaftServerProxy.java:lambda$close$4(314)) - 6f806a58-f02f-44e5-897d-0d307551e447: close
2019-09-27 00:25:45,079 [ForkJoinPool.commonPool-worker-1] INFO  impl.RaftServerImpl (RaftServerImpl.java:lambda$shutdown$3(251)) - f77c7d1f-7fe6-48fc-9d3e-095734d688af@group-DFACC16ECC27: shutdown
2019-09-27 00:25:45,079 [main] INFO  impl.RaftServerImpl (RaftServerImpl.java:lambda$shutdown$3(251)) - 6f806a58-f02f-44e5-897d-0d307551e447@group-3F4B04312C19: shutdown
2019-09-27 00:25:45,080 [ForkJoinPool.commonPool-worker-1] INFO  util.JmxRegister (JmxRegister.java:unregister(73)) - Successfully un-registered JMX Bean with object name Ratis:service=RaftServer,group=group-DFACC16ECC27,id=f77c7d1f-7fe6-48fc-9d3e-095734d688af
2019-09-27 00:25:45,080 [main] INFO  util.JmxRegister (JmxRegister.java:unregister(73)) - Successfully un-registered JMX Bean with object name Ratis:service=RaftServer,group=group-3F4B04312C19,id=6f806a58-f02f-44e5-897d-0d307551e447
2019-09-27 00:25:45,081 [ForkJoinPool.commonPool-worker-1] INFO  impl.RoleInfo (RoleInfo.java:shutdownLeaderState(104)) - f77c7d1f-7fe6-48fc-9d3e-095734d688af: shutdown LeaderState
2019-09-27 00:25:45,081 [main] INFO  impl.RoleInfo (RoleInfo.java:shutdownLeaderState(104)) - 6f806a58-f02f-44e5-897d-0d307551e447: shutdown LeaderState
2019-09-27 00:25:45,081 [ForkJoinPool.commonPool-worker-1] INFO  impl.PendingRequests (PendingRequests.java:sendNotLeaderResponses(202)) - f77c7d1f-7fe6-48fc-9d3e-095734d688af-PendingRequests: sendNotLeaderResponses
2019-09-27 00:25:45,081 [main] INFO  impl.PendingRequests (PendingRequests.java:sendNotLeaderResponses(202)) - 6f806a58-f02f-44e5-897d-0d307551e447-PendingRequests: sendNotLeaderResponses
2019-09-27 00:25:45,082 [main] INFO  impl.StateMachineUpdater (StateMachineUpdater.java:stopAndJoin(125)) - 6f806a58-f02f-44e5-897d-0d307551e447@group-3F4B04312C19-StateMachineUpdater: set stopIndex = 0
2019-09-27 00:25:45,082 [ForkJoinPool.commonPool-worker-1] INFO  impl.StateMachineUpdater (StateMachineUpdater.java:stopAndJoin(125)) - f77c7d1f-7fe6-48fc-9d3e-095734d688af@group-DFACC16ECC27-StateMachineUpdater: set stopIndex = 0
2019-09-27 00:25:45,083 [ForkJoinPool.commonPool-worker-1] INFO  impl.RaftServerImpl (ServerState.java:close(385)) - f77c7d1f-7fe6-48fc-9d3e-095734d688af@group-DFACC16ECC27: closes. applyIndex: 0
2019-09-27 00:25:45,083 [main] INFO  impl.RaftServerImpl (ServerState.java:close(385)) - 6f806a58-f02f-44e5-897d-0d307551e447@group-3F4B04312C19: closes. applyIndex: 0
2019-09-27 00:25:45,083 [f77c7d1f-7fe6-48fc-9d3e-095734d688af@group-DFACC16ECC27-SegmentedRaftLogWorker] INFO  segmented.SegmentedRaftLogWorker (SegmentedRaftLogWorker.java:run(313)) - f77c7d1f-7fe6-48fc-9d3e-095734d688af@group-DFACC16ECC27-SegmentedRaftLogWorker was interrupted, exiting. There are 0 tasks remaining in the queue.
2019-09-27 00:25:45,084 [6f806a58-f02f-44e5-897d-0d307551e447@group-3F4B04312C19-SegmentedRaftLogWorker] INFO  segmented.SegmentedRaftLogWorker (SegmentedRaftLogWorker.java:run(313)) - 6f806a58-f02f-44e5-897d-0d307551e447@group-3F4B04312C19-SegmentedRaftLogWorker was interrupted, exiting. There are 0 tasks remaining in the queue.
2019-09-27 00:25:45,088 [main] INFO  segmented.SegmentedRaftLogWorker (SegmentedRaftLogWorker.java:close(228)) - 6f806a58-f02f-44e5-897d-0d307551e447@group-3F4B04312C19-SegmentedRaftLogWorker close()
2019-09-27 00:25:45,088 [ForkJoinPool.commonPool-worker-1] INFO  segmented.SegmentedRaftLogWorker (SegmentedRaftLogWorker.java:close(228)) - f77c7d1f-7fe6-48fc-9d3e-095734d688af@group-DFACC16ECC27-SegmentedRaftLogWorker close()
2019-09-27 00:25:45,092 [main] INFO  impl.RaftServerImpl (RaftServerImpl.java:lambda$shutdown$3(251)) - 6f806a58-f02f-44e5-897d-0d307551e447@group-C27C2544C493: shutdown
2019-09-27 00:25:45,096 [ForkJoinPool.commonPool-worker-1] INFO  impl.RaftServerImpl (RaftServerImpl.java:lambda$shutdown$3(251)) - f77c7d1f-7fe6-48fc-9d3e-095734d688af@group-206A3C67ED79: shutdown
2019-09-27 00:25:45,097 [main] INFO  util.JmxRegister (JmxRegister.java:unregister(73)) - Successfully un-registered JMX Bean with object name Ratis:service=RaftServer,group=group-C27C2544C493,id=6f806a58-f02f-44e5-897d-0d307551e447
2019-09-27 00:25:45,097 [ForkJoinPool.commonPool-worker-1] INFO  util.JmxRegister (JmxRegister.java:unregister(73)) - Successfully un-registered JMX Bean with object name Ratis:service=RaftServer,group=group-206A3C67ED79,id=f77c7d1f-7fe6-48fc-9d3e-095734d688af
2019-09-27 00:25:45,097 [main] INFO  impl.RoleInfo (RoleInfo.java:shutdownLeaderState(104)) - 6f806a58-f02f-44e5-897d-0d307551e447: shutdown LeaderState
2019-09-27 00:25:45,098 [ForkJoinPool.commonPool-worker-1] INFO  impl.RoleInfo (RoleInfo.java:shutdownLeaderState(104)) - f77c7d1f-7fe6-48fc-9d3e-095734d688af: shutdown LeaderState
2019-09-27 00:25:45,103 [org.apache.ratis.server.impl.LogAppender$AppenderDaemon$$Lambda$508/650007284@777b61f9] WARN  server.GrpcLogAppender (GrpcLogAppender.java:mayWait(143)) - 6f806a58-f02f-44e5-897d-0d307551e447@group-C27C2544C493->9506ffde-d80f-4d1d-a7e4-1ae5324a65d9-GrpcLogAppender: Wait interrupted by java.lang.InterruptedException
2019-09-27 00:25:45,102 [org.apache.ratis.server.impl.LogAppender$AppenderDaemon$$Lambda$508/650007284@59693a45] WARN  server.GrpcLogAppender (GrpcLogAppender.java:mayWait(143)) - 6f806a58-f02f-44e5-897d-0d307551e447@group-C27C2544C493->3e2aa5f0-b552-4edc-b72c-2b543357819f-GrpcLogAppender: Wait interrupted by java.lang.InterruptedException
2019-09-27 00:25:45,102 [main] INFO  impl.PendingRequests (PendingRequests.java:sendNotLeaderResponses(202)) - 6f806a58-f02f-44e5-897d-0d307551e447-PendingRequests: sendNotLeaderResponses
2019-09-27 00:25:45,107 [org.apache.ratis.server.impl.LogAppender$AppenderDaemon$$Lambda$508/650007284@1531ae3a] WARN  server.GrpcLogAppender (GrpcLogAppender.java:mayWait(143)) - f77c7d1f-7fe6-48fc-9d3e-095734d688af@group-206A3C67ED79->efab0370-fcb4-4e55-b091-fb0e2fabfa09-GrpcLogAppender: Wait interrupted by java.lang.InterruptedException
2019-09-27 00:25:45,107 [org.apache.ratis.server.impl.LogAppender$AppenderDaemon$$Lambda$508/650007284@1573efa5] WARN  server.GrpcLogAppender (GrpcLogAppender.java:mayWait(143)) - f77c7d1f-7fe6-48fc-9d3e-095734d688af@group-206A3C67ED79->6e576732-ecfb-4248-9d86-5108c1c5cbaf-GrpcLogAppender: Wait interrupted by java.lang.InterruptedException
2019-09-27 00:25:45,107 [ForkJoinPool.commonPool-worker-1] INFO  impl.PendingRequests (PendingRequests.java:sendNotLeaderResponses(202)) - f77c7d1f-7fe6-48fc-9d3e-095734d688af-PendingRequests: sendNotLeaderResponses
2019-09-27 00:25:45,108 [main] INFO  impl.StateMachineUpdater (StateMachineUpdater.java:stopAndJoin(125)) - 6f806a58-f02f-44e5-897d-0d307551e447@group-C27C2544C493-StateMachineUpdater: set stopIndex = 17
2019-09-27 00:25:45,113 [grpc-default-executor-12] INFO  server.GrpcServerProtocolService (GrpcServerProtocolService.java:onCompleted(113)) - efab0370-fcb4-4e55-b091-fb0e2fabfa09: Completed APPEND_ENTRIES, lastRequest: f77c7d1f-7fe6-48fc-9d3e-095734d688af->efab0370-fcb4-4e55-b091-fb0e2fabfa09#28-t1, previous=(t:1, i:15), leaderCommit=15, initializing? false, entries: <empty>
2019-09-27 00:25:45,112 [ForkJoinPool.commonPool-worker-1] INFO  impl.StateMachineUpdater (StateMachineUpdater.java:stopAndJoin(125)) - f77c7d1f-7fe6-48fc-9d3e-095734d688af@group-206A3C67ED79-StateMachineUpdater: set stopIndex = 15
2019-09-27 00:25:45,108 [6f806a58-f02f-44e5-897d-0d307551e447@group-C27C2544C493-StateMachineUpdater] INFO  ratis.ContainerStateMachine (ContainerStateMachine.java:takeSnapshot(289)) - group-C27C2544C493: Taking a snapshot at:(t:1, i:13) file /workdir/hadoop-ozone/integration-test/target/test-dir/MiniOzoneClusterImpl-bd5938d5-a9f0-46e6-9cba-1e01c8d8b818/datanode-6/data/ratis/5846f67d-0250-41d1-a23b-c27c2544c493/sm/snapshot.1_13
2019-09-27 00:25:45,113 [f77c7d1f-7fe6-48fc-9d3e-095734d688af@group-206A3C67ED79-StateMachineUpdater] INFO  ratis.ContainerStateMachine (ContainerStateMachine.java:takeSnapshot(289)) - group-206A3C67ED79: Taking a snapshot at:(t:1, i:13) file /workdir/hadoop-ozone/integration-test/target/test-dir/MiniOzoneClusterImpl-bd5938d5-a9f0-46e6-9cba-1e01c8d8b818/datanode-2/data/ratis/1936d380-f982-4153-a9b0-206a3c67ed79/sm/snapshot.1_13
2019-09-27 00:25:45,114 [grpc-default-executor-11] INFO  server.GrpcLogAppender (GrpcLogAppender.java:onCompleted(293)) - f77c7d1f-7fe6-48fc-9d3e-095734d688af@group-206A3C67ED79->efab0370-fcb4-4e55-b091-fb0e2fabfa09-AppendLogResponseHandler: follower responses appendEntries COMPLETED
2019-09-27 00:25:45,114 [grpc-default-executor-11] INFO  impl.FollowerInfo (FollowerInfo.java:lambda$new$0(51)) - f77c7d1f-7fe6-48fc-9d3e-095734d688af@group-206A3C67ED79->efab0370-fcb4-4e55-b091-fb0e2fabfa09: nextIndex: updateUnconditionally 16 -> 15
2019-09-27 00:25:45,128 [f77c7d1f-7fe6-48fc-9d3e-095734d688af@group-206A3C67ED79-StateMachineUpdater] INFO  ratis.ContainerStateMachine (ContainerStateMachine.java:takeSnapshot(300)) - group-206A3C67ED79: Finished taking a snapshot at:(t:1, i:13) file:/workdir/hadoop-ozone/integration-test/target/test-dir/MiniOzoneClusterImpl-bd5938d5-a9f0-46e6-9cba-1e01c8d8b818/datanode-2/data/ratis/1936d380-f982-4153-a9b0-206a3c67ed79/sm/snapshot.1_13 time:15
2019-09-27 00:25:45,128 [6f806a58-f02f-44e5-897d-0d307551e447@group-C27C2544C493-StateMachineUpdater] INFO  ratis.ContainerStateMachine (ContainerStateMachine.java:takeSnapshot(300)) - group-C27C2544C493: Finished taking a snapshot at:(t:1, i:13) file:/workdir/hadoop-ozone/integration-test/target/test-dir/MiniOzoneClusterImpl-bd5938d5-a9f0-46e6-9cba-1e01c8d8b818/datanode-6/data/ratis/5846f67d-0250-41d1-a23b-c27c2544c493/sm/snapshot.1_13 time:20
2019-09-27 00:25:45,128 [f77c7d1f-7fe6-48fc-9d3e-095734d688af@group-206A3C67ED79-StateMachineUpdater] INFO  impl.StateMachineUpdater (StateMachineUpdater.java:takeSnapshot(258)) - f77c7d1f-7fe6-48fc-9d3e-095734d688af@group-206A3C67ED79-StateMachineUpdater: Took a snapshot at index 13
2019-09-27 00:25:45,128 [f77c7d1f-7fe6-48fc-9d3e-095734d688af@group-206A3C67ED79-StateMachineUpdater] INFO  impl.StateMachineUpdater (StateMachineUpdater.java:lambda$new$0(83)) - f77c7d1f-7fe6-48fc-9d3e-095734d688af@group-206A3C67ED79-StateMachineUpdater: snapshotIndex: updateIncreasingly -1 -> 13
2019-09-27 00:25:45,128 [6f806a58-f02f-44e5-897d-0d307551e447@group-C27C2544C493-StateMachineUpdater] INFO  impl.StateMachineUpdater (StateMachineUpdater.java:takeSnapshot(258)) - 6f806a58-f02f-44e5-897d-0d307551e447@group-C27C2544C493-StateMachineUpdater: Took a snapshot at index 13
2019-09-27 00:25:45,129 [6f806a58-f02f-44e5-897d-0d307551e447@group-C27C2544C493-StateMachineUpdater] INFO  impl.StateMachineUpdater (StateMachineUpdater.java:lambda$new$0(83)) - 6f806a58-f02f-44e5-897d-0d307551e447@group-C27C2544C493-StateMachineUpdater: snapshotIndex: updateIncreasingly -1 -> 13
2019-09-27 00:25:45,129 [f77c7d1f-7fe6-48fc-9d3e-095734d688af@group-206A3C67ED79-StateMachineUpdater] INFO  ratis.ContainerStateMachine (ContainerStateMachine.java:takeSnapshot(289)) - group-206A3C67ED79: Taking a snapshot at:(t:1, i:13) file /workdir/hadoop-ozone/integration-test/target/test-dir/MiniOzoneClusterImpl-bd5938d5-a9f0-46e6-9cba-1e01c8d8b818/datanode-2/data/ratis/1936d380-f982-4153-a9b0-206a3c67ed79/sm/snapshot.1_13
2019-09-27 00:25:45,129 [6f806a58-f02f-44e5-897d-0d307551e447@group-C27C2544C493-StateMachineUpdater] INFO  ratis.ContainerStateMachine (ContainerStateMachine.java:takeSnapshot(289)) - group-C27C2544C493: Taking a snapshot at:(t:1, i:13) file /workdir/hadoop-ozone/integration-test/target/test-dir/MiniOzoneClusterImpl-bd5938d5-a9f0-46e6-9cba-1e01c8d8b818/datanode-6/data/ratis/5846f67d-0250-41d1-a23b-c27c2544c493/sm/snapshot.1_13
2019-09-27 00:25:45,143 [6f806a58-f02f-44e5-897d-0d307551e447@group-C27C2544C493-StateMachineUpdater] INFO  ratis.ContainerStateMachine (ContainerStateMachine.java:takeSnapshot(300)) - group-C27C2544C493: Finished taking a snapshot at:(t:1, i:13) file:/workdir/hadoop-ozone/integration-test/target/test-dir/MiniOzoneClusterImpl-bd5938d5-a9f0-46e6-9cba-1e01c8d8b818/datanode-6/data/ratis/5846f67d-0250-41d1-a23b-c27c2544c493/sm/snapshot.1_13 time:14
2019-09-27 00:25:45,143 [f77c7d1f-7fe6-48fc-9d3e-095734d688af@group-206A3C67ED79-StateMachineUpdater] INFO  ratis.ContainerStateMachine (ContainerStateMachine.java:takeSnapshot(300)) - group-206A3C67ED79: Finished taking a snapshot at:(t:1, i:13) file:/workdir/hadoop-ozone/integration-test/target/test-dir/MiniOzoneClusterImpl-bd5938d5-a9f0-46e6-9cba-1e01c8d8b818/datanode-2/data/ratis/1936d380-f982-4153-a9b0-206a3c67ed79/sm/snapshot.1_13 time:14
2019-09-27 00:25:45,143 [6f806a58-f02f-44e5-897d-0d307551e447@group-C27C2544C493-StateMachineUpdater] INFO  impl.StateMachineUpdater (StateMachineUpdater.java:takeSnapshot(258)) - 6f806a58-f02f-44e5-897d-0d307551e447@group-C27C2544C493-StateMachineUpdater: Took a snapshot at index 13
2019-09-27 00:25:45,143 [f77c7d1f-7fe6-48fc-9d3e-095734d688af@group-206A3C67ED79-StateMachineUpdater] INFO  impl.StateMachineUpdater (StateMachineUpdater.java:takeSnapshot(258)) - f77c7d1f-7fe6-48fc-9d3e-095734d688af@group-206A3C67ED79-StateMachineUpdater: Took a snapshot at index 13
2019-09-27 00:25:45,143 [6f806a58-f02f-44e5-897d-0d307551e447@group-C27C2544C493-StateMachineUpdater] INFO  impl.StateMachineUpdater (StateMachineUpdater.java:lambda$new$0(83)) - 6f806a58-f02f-44e5-897d-0d307551e447@group-C27C2544C493-StateMachineUpdater: snapshotIndex: updateIncreasingly 13 -> 13
2019-09-27 00:25:45,143 [f77c7d1f-7fe6-48fc-9d3e-095734d688af@group-206A3C67ED79-StateMachineUpdater] INFO  impl.StateMachineUpdater (StateMachineUpdater.java:lambda$new$0(83)) - f77c7d1f-7fe6-48fc-9d3e-095734d688af@group-206A3C67ED79-StateMachineUpdater: snapshotIndex: updateIncreasingly 13 -> 13
2019-09-27 00:25:45,144 [main] INFO  impl.RaftServerImpl (ServerState.java:close(385)) - 6f806a58-f02f-44e5-897d-0d307551e447@group-C27C2544C493: closes. applyIndex: 17
2019-09-27 00:25:45,144 [ForkJoinPool.commonPool-worker-1] INFO  impl.RaftServerImpl (ServerState.java:close(385)) - f77c7d1f-7fe6-48fc-9d3e-095734d688af@group-206A3C67ED79: closes. applyIndex: 15
2019-09-27 00:25:45,144 [6f806a58-f02f-44e5-897d-0d307551e447@group-C27C2544C493-SegmentedRaftLogWorker] INFO  segmented.SegmentedRaftLogWorker (SegmentedRaftLogWorker.java:run(313)) - 6f806a58-f02f-44e5-897d-0d307551e447@group-C27C2544C493-SegmentedRaftLogWorker was interrupted, exiting. There are 0 tasks remaining in the queue.
2019-09-27 00:25:45,146 [main] INFO  segmented.SegmentedRaftLogWorker (SegmentedRaftLogWorker.java:close(228)) - 6f806a58-f02f-44e5-897d-0d307551e447@group-C27C2544C493-SegmentedRaftLogWorker close()
2019-09-27 00:25:45,147 [f77c7d1f-7fe6-48fc-9d3e-095734d688af@group-206A3C67ED79-SegmentedRaftLogWorker] INFO  segmented.SegmentedRaftLogWorker (SegmentedRaftLogWorker.java:run(313)) - f77c7d1f-7fe6-48fc-9d3e-095734d688af@group-206A3C67ED79-SegmentedRaftLogWorker was interrupted, exiting. There are 0 tasks remaining in the queue.
2019-09-27 00:25:45,150 [main] INFO  server.GrpcService (GrpcService.java:closeImpl(164)) - 6f806a58-f02f-44e5-897d-0d307551e447: shutdown server with port 43683 now
2019-09-27 00:25:45,152 [ForkJoinPool.commonPool-worker-1] INFO  segmented.SegmentedRaftLogWorker (SegmentedRaftLogWorker.java:close(228)) - f77c7d1f-7fe6-48fc-9d3e-095734d688af@group-206A3C67ED79-SegmentedRaftLogWorker close()
2019-09-27 00:25:45,156 [ForkJoinPool.commonPool-worker-1] INFO  server.GrpcService (GrpcService.java:closeImpl(164)) - f77c7d1f-7fe6-48fc-9d3e-095734d688af: shutdown server with port 38959 now
2019-09-27 00:25:45,157 [main] INFO  server.GrpcService (GrpcService.java:closeImpl(172)) - 6f806a58-f02f-44e5-897d-0d307551e447: shutdown server with port 43683 successfully
2019-09-27 00:25:45,169 [ForkJoinPool.commonPool-worker-1] INFO  server.GrpcService (GrpcService.java:closeImpl(172)) - f77c7d1f-7fe6-48fc-9d3e-095734d688af: shutdown server with port 38959 successfully
2019-09-27 00:25:45,169 [grpc-default-executor-7] WARN  client.GrpcClientProtocolService (LogUtils.java:warn(134)) - 1-UnorderedRequestStreamObserver1: onError: org.apache.ratis.thirdparty.io.grpc.StatusRuntimeException: CANCELLED: cancelled before receiving half close
2019-09-27 00:25:45,175 [refreshUsed-/workdir/hadoop-ozone/integration-test/target/test-dir/MiniOzoneClusterImpl-bd5938d5-a9f0-46e6-9cba-1e01c8d8b818/datanode-2/data/containers] WARN  fs.CachingGetSpaceUsed (CachingGetSpaceUsed.java:run(183)) - Thread Interrupted waiting to refresh disk information: sleep interrupted
2019-09-27 00:25:45,178 [refreshUsed-/workdir/hadoop-ozone/integration-test/target/test-dir/MiniOzoneClusterImpl-bd5938d5-a9f0-46e6-9cba-1e01c8d8b818/datanode-6/data/containers] WARN  fs.CachingGetSpaceUsed (CachingGetSpaceUsed.java:run(183)) - Thread Interrupted waiting to refresh disk information: sleep interrupted
2019-09-27 00:25:45,192 [ForkJoinPool.commonPool-worker-1] INFO  utils.BackgroundService (BackgroundService.java:shutdown(148)) - Shutting down service BlockDeletingService
2019-09-27 00:25:45,192 [main] INFO  utils.BackgroundService (BackgroundService.java:shutdown(148)) - Shutting down service BlockDeletingService
2019-09-27 00:25:45,200 [main] INFO  statemachine.DatanodeStateMachine (DatanodeStateMachine.java:stopDaemon(395)) - Ozone container server stopped.
2019-09-27 00:25:45,200 [ForkJoinPool.commonPool-worker-1] INFO  statemachine.DatanodeStateMachine (DatanodeStateMachine.java:stopDaemon(395)) - Ozone container server stopped.
2019-09-27 00:25:45,207 [main] INFO  handler.ContextHandler (ContextHandler.java:doStop(910)) - Stopped o.e.j.w.WebAppContext@5b066c33{/,null,UNAVAILABLE}{/hddsDatanode}
2019-09-27 00:25:45,207 [ForkJoinPool.commonPool-worker-1] INFO  handler.ContextHandler (ContextHandler.java:doStop(910)) - Stopped o.e.j.w.WebAppContext@7741ae1b{/,null,UNAVAILABLE}{/hddsDatanode}
2019-09-27 00:25:45,213 [main] INFO  server.AbstractConnector (AbstractConnector.java:doStop(318)) - Stopped ServerConnector@62ea8931{HTTP/1.1,[http/1.1]}{0.0.0.0:0}
2019-09-27 00:25:45,213 [ForkJoinPool.commonPool-worker-1] INFO  server.AbstractConnector (AbstractConnector.java:doStop(318)) - Stopped ServerConnector@50e5032c{HTTP/1.1,[http/1.1]}{0.0.0.0:0}
2019-09-27 00:25:45,214 [main] INFO  handler.ContextHandler (ContextHandler.java:doStop(910)) - Stopped o.e.j.s.ServletContextHandler@56a05324{/static,jar:file:/home/user/.m2/repository/org/apache/hadoop/hadoop-hdds-container-service/0.5.0-SNAPSHOT/hadoop-hdds-container-service-0.5.0-SNAPSHOT.jar!/webapps/static,UNAVAILABLE}
2019-09-27 00:25:45,216 [ForkJoinPool.commonPool-worker-1] INFO  handler.ContextHandler (ContextHandler.java:doStop(910)) - Stopped o.e.j.s.ServletContextHandler@49232c6f{/static,jar:file:/home/user/.m2/repository/org/apache/hadoop/hadoop-hdds-container-service/0.5.0-SNAPSHOT/hadoop-hdds-container-service-0.5.0-SNAPSHOT.jar!/webapps/static,UNAVAILABLE}
2019-09-27 00:25:45,216 [main] INFO  handler.ContextHandler (ContextHandler.java:doStop(910)) - Stopped o.e.j.s.ServletContextHandler@7f2b584b{/logs,file:///workdir/hadoop-ozone/integration-test/target/log,UNAVAILABLE}
2019-09-27 00:25:45,218 [ForkJoinPool.commonPool-worker-1] INFO  handler.ContextHandler (ContextHandler.java:doStop(910)) - Stopped o.e.j.s.ServletContextHandler@2365ea38{/logs,file:///workdir/hadoop-ozone/integration-test/target/log,UNAVAILABLE}
2019-09-27 00:25:45,715 [Datanode State Machine Thread - 0] INFO  statemachine.DatanodeStateMachine (DatanodeStateMachine.java:lambda$startDaemon$0(350)) - Ozone container server started.
2019-09-27 00:25:46,154 [Datanode State Machine Thread - 0] INFO  statemachine.DatanodeStateMachine (DatanodeStateMachine.java:lambda$startDaemon$0(350)) - Ozone container server started.
2019-09-27 00:25:49,732 [EventQueue-StaleNodeForStaleNodeHandler] INFO  node.StaleNodeHandler (StaleNodeHandler.java:onMessage(58)) - Datanode efab0370-fcb4-4e55-b091-fb0e2fabfa09{ip: 192.168.30.42, host: pr-hdds-2193-7pp9x-2361853758, networkLocation: /default-rack, certSerialId: null} moved to stale state. Finalizing its pipelines [PipelineID=d24a34dd-5162-4b7e-ac3b-d4627996a434, PipelineID=1936d380-f982-4153-a9b0-206a3c67ed79]
2019-09-27 00:25:49,733 [EventQueue-StaleNodeForStaleNodeHandler] INFO  pipeline.SCMPipelineManager (SCMPipelineManager.java:finalizeAndDestroyPipeline(315)) - destroying pipeline:Pipeline[ Id: d24a34dd-5162-4b7e-ac3b-d4627996a434, Nodes: efab0370-fcb4-4e55-b091-fb0e2fabfa09{ip: 192.168.30.42, host: pr-hdds-2193-7pp9x-2361853758, networkLocation: /default-rack, certSerialId: null}, Type:RATIS, Factor:ONE, State:OPEN]
2019-09-27 00:25:49,733 [EventQueue-StaleNodeForStaleNodeHandler] INFO  pipeline.PipelineStateManager (PipelineStateManager.java:finalizePipeline(123)) - Pipeline Pipeline[ Id: d24a34dd-5162-4b7e-ac3b-d4627996a434, Nodes: efab0370-fcb4-4e55-b091-fb0e2fabfa09{ip: 192.168.30.42, host: pr-hdds-2193-7pp9x-2361853758, networkLocation: /default-rack, certSerialId: null}, Type:RATIS, Factor:ONE, State:CLOSED] moved to CLOSED state
2019-09-27 00:25:49,734 [EventQueue-StaleNodeForStaleNodeHandler] INFO  pipeline.SCMPipelineManager (SCMPipelineManager.java:finalizeAndDestroyPipeline(315)) - destroying pipeline:Pipeline[ Id: 1936d380-f982-4153-a9b0-206a3c67ed79, Nodes: 6e576732-ecfb-4248-9d86-5108c1c5cbaf{ip: 192.168.30.42, host: pr-hdds-2193-7pp9x-2361853758, networkLocation: /default-rack, certSerialId: null}efab0370-fcb4-4e55-b091-fb0e2fabfa09{ip: 192.168.30.42, host: pr-hdds-2193-7pp9x-2361853758, networkLocation: /default-rack, certSerialId: null}f77c7d1f-7fe6-48fc-9d3e-095734d688af{ip: 192.168.30.42, host: pr-hdds-2193-7pp9x-2361853758, networkLocation: /default-rack, certSerialId: null}, Type:RATIS, Factor:THREE, State:CLOSED]
2019-09-27 00:25:50,220 [main] INFO  ozoneimpl.OzoneContainer (OzoneContainer.java:stop(231)) - Attempting to stop container services.
2019-09-27 00:25:50,220 [ForkJoinPool.commonPool-worker-1] INFO  ozoneimpl.OzoneContainer (OzoneContainer.java:stop(231)) - Attempting to stop container services.
2019-09-27 00:25:50,224 [main] INFO  impl.RaftServerProxy (RaftServerProxy.java:lambda$close$4(314)) - 6254dac1-e2e4-4054-9496-1a085350dbc0: close
2019-09-27 00:25:50,224 [ForkJoinPool.commonPool-worker-1] INFO  impl.RaftServerProxy (RaftServerProxy.java:lambda$close$4(314)) - efab0370-fcb4-4e55-b091-fb0e2fabfa09: close
2019-09-27 00:25:50,225 [main] INFO  impl.RaftServerImpl (RaftServerImpl.java:lambda$shutdown$3(251)) - 6254dac1-e2e4-4054-9496-1a085350dbc0@group-5E8B427D6FD8: shutdown
2019-09-27 00:25:50,225 [ForkJoinPool.commonPool-worker-1] INFO  impl.RaftServerImpl (RaftServerImpl.java:lambda$shutdown$3(251)) - efab0370-fcb4-4e55-b091-fb0e2fabfa09@group-D4627996A434: shutdown
2019-09-27 00:25:50,225 [main] INFO  util.JmxRegister (JmxRegister.java:unregister(73)) - Successfully un-registered JMX Bean with object name Ratis:service=RaftServer,group=group-5E8B427D6FD8,id=6254dac1-e2e4-4054-9496-1a085350dbc0
2019-09-27 00:25:50,225 [ForkJoinPool.commonPool-worker-1] INFO  util.JmxRegister (JmxRegister.java:unregister(73)) - Successfully un-registered JMX Bean with object name Ratis:service=RaftServer,group=group-D4627996A434,id=efab0370-fcb4-4e55-b091-fb0e2fabfa09
2019-09-27 00:25:50,226 [main] INFO  impl.RoleInfo (RoleInfo.java:shutdownLeaderState(104)) - 6254dac1-e2e4-4054-9496-1a085350dbc0: shutdown LeaderState
2019-09-27 00:25:50,226 [ForkJoinPool.commonPool-worker-1] INFO  impl.RoleInfo (RoleInfo.java:shutdownLeaderState(104)) - efab0370-fcb4-4e55-b091-fb0e2fabfa09: shutdown LeaderState
2019-09-27 00:25:50,226 [main] INFO  impl.PendingRequests (PendingRequests.java:sendNotLeaderResponses(202)) - 6254dac1-e2e4-4054-9496-1a085350dbc0-PendingRequests: sendNotLeaderResponses
2019-09-27 00:25:50,226 [ForkJoinPool.commonPool-worker-1] INFO  impl.PendingRequests (PendingRequests.java:sendNotLeaderResponses(202)) - efab0370-fcb4-4e55-b091-fb0e2fabfa09-PendingRequests: sendNotLeaderResponses
2019-09-27 00:25:50,227 [main] INFO  impl.StateMachineUpdater (StateMachineUpdater.java:stopAndJoin(125)) - 6254dac1-e2e4-4054-9496-1a085350dbc0@group-5E8B427D6FD8-StateMachineUpdater: set stopIndex = 0
2019-09-27 00:25:50,227 [ForkJoinPool.commonPool-worker-1] INFO  impl.StateMachineUpdater (StateMachineUpdater.java:stopAndJoin(125)) - efab0370-fcb4-4e55-b091-fb0e2fabfa09@group-D4627996A434-StateMachineUpdater: set stopIndex = 0
2019-09-27 00:25:50,228 [main] INFO  impl.RaftServerImpl (ServerState.java:close(385)) - 6254dac1-e2e4-4054-9496-1a085350dbc0@group-5E8B427D6FD8: closes. applyIndex: 0
2019-09-27 00:25:50,228 [ForkJoinPool.commonPool-worker-1] INFO  impl.RaftServerImpl (ServerState.java:close(385)) - efab0370-fcb4-4e55-b091-fb0e2fabfa09@group-D4627996A434: closes. applyIndex: 0
2019-09-27 00:25:50,228 [6254dac1-e2e4-4054-9496-1a085350dbc0@group-5E8B427D6FD8-SegmentedRaftLogWorker] INFO  segmented.SegmentedRaftLogWorker (SegmentedRaftLogWorker.java:run(313)) - 6254dac1-e2e4-4054-9496-1a085350dbc0@group-5E8B427D6FD8-SegmentedRaftLogWorker was interrupted, exiting. There are 0 tasks remaining in the queue.
2019-09-27 00:25:50,229 [efab0370-fcb4-4e55-b091-fb0e2fabfa09@group-D4627996A434-SegmentedRaftLogWorker] INFO  segmented.SegmentedRaftLogWorker (SegmentedRaftLogWorker.java:run(313)) - efab0370-fcb4-4e55-b091-fb0e2fabfa09@group-D4627996A434-SegmentedRaftLogWorker was interrupted, exiting. There are 0 tasks remaining in the queue.
2019-09-27 00:25:50,232 [EventQueue-StaleNodeForStaleNodeHandler] INFO  node.StaleNodeHandler (StaleNodeHandler.java:onMessage(58)) - Datanode 6254dac1-e2e4-4054-9496-1a085350dbc0{ip: 192.168.30.42, host: pr-hdds-2193-7pp9x-2361853758, networkLocation: /default-rack, certSerialId: null} moved to stale state. Finalizing its pipelines [PipelineID=a7dc47e0-75f4-4bd6-8717-5e8b427d6fd8]
2019-09-27 00:25:50,232 [EventQueue-StaleNodeForStaleNodeHandler] INFO  pipeline.SCMPipelineManager (SCMPipelineManager.java:finalizeAndDestroyPipeline(315)) - destroying pipeline:Pipeline[ Id: a7dc47e0-75f4-4bd6-8717-5e8b427d6fd8, Nodes: 6254dac1-e2e4-4054-9496-1a085350dbc0{ip: 192.168.30.42, host: pr-hdds-2193-7pp9x-2361853758, networkLocation: /default-rack, certSerialId: null}, Type:RATIS, Factor:ONE, State:OPEN]
2019-09-27 00:25:50,232 [EventQueue-StaleNodeForStaleNodeHandler] INFO  pipeline.PipelineStateManager (PipelineStateManager.java:finalizePipeline(123)) - Pipeline Pipeline[ Id: a7dc47e0-75f4-4bd6-8717-5e8b427d6fd8, Nodes: 6254dac1-e2e4-4054-9496-1a085350dbc0{ip: 192.168.30.42, host: pr-hdds-2193-7pp9x-2361853758, networkLocation: /default-rack, certSerialId: null}, Type:RATIS, Factor:ONE, State:CLOSED] moved to CLOSED state
2019-09-27 00:25:50,238 [ForkJoinPool.commonPool-worker-1] INFO  segmented.SegmentedRaftLogWorker (SegmentedRaftLogWorker.java:close(228)) - efab0370-fcb4-4e55-b091-fb0e2fabfa09@group-D4627996A434-SegmentedRaftLogWorker close()
2019-09-27 00:25:50,238 [main] INFO  segmented.SegmentedRaftLogWorker (SegmentedRaftLogWorker.java:close(228)) - 6254dac1-e2e4-4054-9496-1a085350dbc0@group-5E8B427D6FD8-SegmentedRaftLogWorker close()
2019-09-27 00:25:50,241 [ForkJoinPool.commonPool-worker-1] INFO  impl.RaftServerImpl (RaftServerImpl.java:lambda$shutdown$3(251)) - efab0370-fcb4-4e55-b091-fb0e2fabfa09@group-206A3C67ED79: shutdown
2019-09-27 00:25:50,249 [main] INFO  server.GrpcService (GrpcService.java:closeImpl(164)) - 6254dac1-e2e4-4054-9496-1a085350dbc0: shutdown server with port 41609 now
2019-09-27 00:25:50,249 [ForkJoinPool.commonPool-worker-1] INFO  util.JmxRegister (JmxRegister.java:unregister(73)) - Successfully un-registered JMX Bean with object name Ratis:service=RaftServer,group=group-206A3C67ED79,id=efab0370-fcb4-4e55-b091-fb0e2fabfa09
2019-09-27 00:25:50,250 [ForkJoinPool.commonPool-worker-1] INFO  impl.RoleInfo (RoleInfo.java:shutdownFollowerState(121)) - efab0370-fcb4-4e55-b091-fb0e2fabfa09: shutdown FollowerState
2019-09-27 00:25:50,250 [main] INFO  server.GrpcService (GrpcService.java:closeImpl(172)) - 6254dac1-e2e4-4054-9496-1a085350dbc0: shutdown server with port 41609 successfully
2019-09-27 00:25:50,250 [efab0370-fcb4-4e55-b091-fb0e2fabfa09@group-206A3C67ED79-StateMachineUpdater] INFO  ratis.ContainerStateMachine (ContainerStateMachine.java:takeSnapshot(289)) - group-206A3C67ED79: Taking a snapshot at:(t:1, i:13) file /workdir/hadoop-ozone/integration-test/target/test-dir/MiniOzoneClusterImpl-bd5938d5-a9f0-46e6-9cba-1e01c8d8b818/datanode-0/data/ratis/1936d380-f982-4153-a9b0-206a3c67ed79/sm/snapshot.1_13
2019-09-27 00:25:50,250 [ForkJoinPool.commonPool-worker-1] INFO  impl.StateMachineUpdater (StateMachineUpdater.java:stopAndJoin(125)) - efab0370-fcb4-4e55-b091-fb0e2fabfa09@group-206A3C67ED79-StateMachineUpdater: set stopIndex = 15
2019-09-27 00:25:50,250 [Thread-3176] INFO  impl.FollowerState (FollowerState.java:run(115)) - efab0370-fcb4-4e55-b091-fb0e2fabfa09: FollowerState was interrupted: java.lang.InterruptedException: sleep interrupted
2019-09-27 00:25:50,259 [refreshUsed-/workdir/hadoop-ozone/integration-test/target/test-dir/MiniOzoneClusterImpl-bd5938d5-a9f0-46e6-9cba-1e01c8d8b818/datanode-5/data/containers] WARN  fs.CachingGetSpaceUsed (CachingGetSpaceUsed.java:run(183)) - Thread Interrupted waiting to refresh disk information: sleep interrupted
2019-09-27 00:25:50,269 [efab0370-fcb4-4e55-b091-fb0e2fabfa09@group-206A3C67ED79-StateMachineUpdater] INFO  ratis.ContainerStateMachine (ContainerStateMachine.java:takeSnapshot(300)) - group-206A3C67ED79: Finished taking a snapshot at:(t:1, i:13) file:/workdir/hadoop-ozone/integration-test/target/test-dir/MiniOzoneClusterImpl-bd5938d5-a9f0-46e6-9cba-1e01c8d8b818/datanode-0/data/ratis/1936d380-f982-4153-a9b0-206a3c67ed79/sm/snapshot.1_13 time:19
2019-09-27 00:25:50,269 [efab0370-fcb4-4e55-b091-fb0e2fabfa09@group-206A3C67ED79-StateMachineUpdater] INFO  impl.StateMachineUpdater (StateMachineUpdater.java:takeSnapshot(258)) - efab0370-fcb4-4e55-b091-fb0e2fabfa09@group-206A3C67ED79-StateMachineUpdater: Took a snapshot at index 13
2019-09-27 00:25:50,269 [efab0370-fcb4-4e55-b091-fb0e2fabfa09@group-206A3C67ED79-StateMachineUpdater] INFO  impl.StateMachineUpdater (StateMachineUpdater.java:lambda$new$0(83)) - efab0370-fcb4-4e55-b091-fb0e2fabfa09@group-206A3C67ED79-StateMachineUpdater: snapshotIndex: updateIncreasingly -1 -> 13
2019-09-27 00:25:50,270 [efab0370-fcb4-4e55-b091-fb0e2fabfa09@group-206A3C67ED79-StateMachineUpdater] INFO  ratis.ContainerStateMachine (ContainerStateMachine.java:takeSnapshot(289)) - group-206A3C67ED79: Taking a snapshot at:(t:1, i:13) file /workdir/hadoop-ozone/integration-test/target/test-dir/MiniOzoneClusterImpl-bd5938d5-a9f0-46e6-9cba-1e01c8d8b818/datanode-0/data/ratis/1936d380-f982-4153-a9b0-206a3c67ed79/sm/snapshot.1_13
2019-09-27 00:25:50,280 [main] INFO  utils.BackgroundService (BackgroundService.java:shutdown(148)) - Shutting down service BlockDeletingService
2019-09-27 00:25:50,282 [efab0370-fcb4-4e55-b091-fb0e2fabfa09@group-206A3C67ED79-StateMachineUpdater] INFO  ratis.ContainerStateMachine (ContainerStateMachine.java:takeSnapshot(300)) - group-206A3C67ED79: Finished taking a snapshot at:(t:1, i:13) file:/workdir/hadoop-ozone/integration-test/target/test-dir/MiniOzoneClusterImpl-bd5938d5-a9f0-46e6-9cba-1e01c8d8b818/datanode-0/data/ratis/1936d380-f982-4153-a9b0-206a3c67ed79/sm/snapshot.1_13 time:12
2019-09-27 00:25:50,282 [efab0370-fcb4-4e55-b091-fb0e2fabfa09@group-206A3C67ED79-StateMachineUpdater] INFO  impl.StateMachineUpdater (StateMachineUpdater.java:takeSnapshot(258)) - efab0370-fcb4-4e55-b091-fb0e2fabfa09@group-206A3C67ED79-StateMachineUpdater: Took a snapshot at index 13
2019-09-27 00:25:50,285 [efab0370-fcb4-4e55-b091-fb0e2fabfa09@group-206A3C67ED79-StateMachineUpdater] INFO  impl.StateMachineUpdater (StateMachineUpdater.java:lambda$new$0(83)) - efab0370-fcb4-4e55-b091-fb0e2fabfa09@group-206A3C67ED79-StateMachineUpdater: snapshotIndex: updateIncreasingly 13 -> 13
2019-09-27 00:25:50,287 [main] INFO  statemachine.DatanodeStateMachine (DatanodeStateMachine.java:stopDaemon(395)) - Ozone container server stopped.
2019-09-27 00:25:50,287 [ForkJoinPool.commonPool-worker-1] INFO  impl.RaftServerImpl (ServerState.java:close(385)) - efab0370-fcb4-4e55-b091-fb0e2fabfa09@group-206A3C67ED79: closes. applyIndex: 15
2019-09-27 00:25:50,288 [efab0370-fcb4-4e55-b091-fb0e2fabfa09@group-206A3C67ED79-SegmentedRaftLogWorker] INFO  segmented.SegmentedRaftLogWorker (SegmentedRaftLogWorker.java:run(313)) - efab0370-fcb4-4e55-b091-fb0e2fabfa09@group-206A3C67ED79-SegmentedRaftLogWorker was interrupted, exiting. There are 0 tasks remaining in the queue.
2019-09-27 00:25:50,288 [ForkJoinPool.commonPool-worker-1] INFO  segmented.SegmentedRaftLogWorker (SegmentedRaftLogWorker.java:close(228)) - efab0370-fcb4-4e55-b091-fb0e2fabfa09@group-206A3C67ED79-SegmentedRaftLogWorker close()
2019-09-27 00:25:50,290 [ForkJoinPool.commonPool-worker-1] INFO  server.GrpcService (GrpcService.java:closeImpl(164)) - efab0370-fcb4-4e55-b091-fb0e2fabfa09: shutdown server with port 41143 now
2019-09-27 00:25:50,290 [main] INFO  handler.ContextHandler (ContextHandler.java:doStop(910)) - Stopped o.e.j.w.WebAppContext@39449465{/,null,UNAVAILABLE}{/hddsDatanode}
2019-09-27 00:25:50,290 [ForkJoinPool.commonPool-worker-1] INFO  server.GrpcService (GrpcService.java:closeImpl(172)) - efab0370-fcb4-4e55-b091-fb0e2fabfa09: shutdown server with port 41143 successfully
2019-09-27 00:25:50,291 [main] INFO  server.AbstractConnector (AbstractConnector.java:doStop(318)) - Stopped ServerConnector@6e3dd5ce{HTTP/1.1,[http/1.1]}{0.0.0.0:0}
2019-09-27 00:25:50,292 [main] INFO  handler.ContextHandler (ContextHandler.java:doStop(910)) - Stopped o.e.j.s.ServletContextHandler@5175d9ad{/static,jar:file:/home/user/.m2/repository/org/apache/hadoop/hadoop-hdds-container-service/0.5.0-SNAPSHOT/hadoop-hdds-container-service-0.5.0-SNAPSHOT.jar!/webapps/static,UNAVAILABLE}
2019-09-27 00:25:50,293 [main] INFO  handler.ContextHandler (ContextHandler.java:doStop(910)) - Stopped o.e.j.s.ServletContextHandler@34f7b44f{/logs,file:///workdir/hadoop-ozone/integration-test/target/log,UNAVAILABLE}
2019-09-27 00:25:50,293 [refreshUsed-/workdir/hadoop-ozone/integration-test/target/test-dir/MiniOzoneClusterImpl-bd5938d5-a9f0-46e6-9cba-1e01c8d8b818/datanode-0/data/containers] WARN  fs.CachingGetSpaceUsed (CachingGetSpaceUsed.java:run(183)) - Thread Interrupted waiting to refresh disk information: sleep interrupted
2019-09-27 00:25:50,308 [ForkJoinPool.commonPool-worker-1] INFO  utils.BackgroundService (BackgroundService.java:shutdown(148)) - Shutting down service BlockDeletingService
2019-09-27 00:25:50,312 [ForkJoinPool.commonPool-worker-1] INFO  statemachine.DatanodeStateMachine (DatanodeStateMachine.java:stopDaemon(395)) - Ozone container server stopped.
2019-09-27 00:25:50,316 [ForkJoinPool.commonPool-worker-1] INFO  handler.ContextHandler (ContextHandler.java:doStop(910)) - Stopped o.e.j.w.WebAppContext@3a0b6a{/,null,UNAVAILABLE}{/hddsDatanode}
2019-09-27 00:25:50,317 [ForkJoinPool.commonPool-worker-1] INFO  server.AbstractConnector (AbstractConnector.java:doStop(318)) - Stopped ServerConnector@539c4830{HTTP/1.1,[http/1.1]}{0.0.0.0:0}
2019-09-27 00:25:50,320 [ForkJoinPool.commonPool-worker-1] INFO  handler.ContextHandler (ContextHandler.java:doStop(910)) - Stopped o.e.j.s.ServletContextHandler@27ec8754{/static,jar:file:/home/user/.m2/repository/org/apache/hadoop/hadoop-hdds-container-service/0.5.0-SNAPSHOT/hadoop-hdds-container-service-0.5.0-SNAPSHOT.jar!/webapps/static,UNAVAILABLE}
2019-09-27 00:25:50,320 [ForkJoinPool.commonPool-worker-1] INFO  handler.ContextHandler (ContextHandler.java:doStop(910)) - Stopped o.e.j.s.ServletContextHandler@546ed2a0{/logs,file:///workdir/hadoop-ozone/integration-test/target/log,UNAVAILABLE}
2019-09-27 00:25:50,321 [main] INFO  ozone.MiniOzoneClusterImpl (MiniOzoneClusterImpl.java:stopSCM(392)) - Stopping the StorageContainerManager
2019-09-27 00:25:50,322 [main] INFO  server.StorageContainerManager (StorageContainerManager.java:stop(808)) - Stopping Replication Manager Service.
2019-09-27 00:25:50,322 [main] INFO  container.ReplicationManager (ReplicationManager.java:stop(203)) - Stopping Replication Monitor Thread.
2019-09-27 00:25:50,322 [main] INFO  server.StorageContainerManager (StorageContainerManager.java:stop(815)) - Stopping Lease Manager of the command watchers
2019-09-27 00:25:50,322 [main] INFO  server.StorageContainerManager (StorageContainerManager.java:stop(822)) - Stopping datanode service RPC server
2019-09-27 00:25:50,322 [main] INFO  server.SCMDatanodeProtocolServer (SCMDatanodeProtocolServer.java:stop(367)) - Stopping the RPC server for DataNodes
2019-09-27 00:25:50,323 [main] INFO  ipc.Server (Server.java:stop(3082)) - Stopping server on 45370
2019-09-27 00:25:50,325 [IPC Server Responder] INFO  ipc.Server (Server.java:run(1319)) - Stopping IPC Server Responder
2019-09-27 00:25:50,325 [IPC Server listener on 45370] INFO  ipc.Server (Server.java:run(1185)) - Stopping IPC Server listener on 45370
2019-09-27 00:25:50,332 [SCM Heartbeat Processing Thread - 0] WARN  node.NodeStateManager (NodeStateManager.java:scheduleNextHealthCheck(646)) - Current Thread is interrupted, shutting down HB processing thread for Node Manager.
2019-09-27 00:25:50,332 [main] INFO  server.StorageContainerManager (StorageContainerManager.java:stop(830)) - Stopping block service RPC server
2019-09-27 00:25:50,332 [main] INFO  server.SCMBlockProtocolServer (SCMBlockProtocolServer.java:stop(155)) - Stopping the RPC server for Block Protocol
2019-09-27 00:25:50,333 [main] INFO  ipc.Server (Server.java:stop(3082)) - Stopping server on 44000
2019-09-27 00:25:50,335 [IPC Server listener on 44000] INFO  ipc.Server (Server.java:run(1185)) - Stopping IPC Server listener on 44000
2019-09-27 00:25:50,335 [main] INFO  server.StorageContainerManager (StorageContainerManager.java:stop(837)) - Stopping the StorageContainerLocationProtocol RPC server
2019-09-27 00:25:50,335 [IPC Server Responder] INFO  ipc.Server (Server.java:run(1319)) - Stopping IPC Server Responder
2019-09-27 00:25:50,335 [main] INFO  server.SCMClientProtocolServer (SCMClientProtocolServer.java:stop(159)) - Stopping the RPC server for Client Protocol
2019-09-27 00:25:50,336 [main] INFO  ipc.Server (Server.java:stop(3082)) - Stopping server on 44714
2019-09-27 00:25:50,338 [IPC Server listener on 44714] INFO  ipc.Server (Server.java:run(1185)) - Stopping IPC Server listener on 44714
2019-09-27 00:25:50,338 [main] INFO  server.StorageContainerManager (StorageContainerManager.java:stop(844)) - Stopping Storage Container Manager HTTP server.
2019-09-27 00:25:50,339 [IPC Server Responder] INFO  ipc.Server (Server.java:run(1319)) - Stopping IPC Server Responder
2019-09-27 00:25:50,340 [main] INFO  handler.ContextHandler (ContextHandler.java:doStop(910)) - Stopped o.e.j.w.WebAppContext@251c90f{/,null,UNAVAILABLE}{/scm}
2019-09-27 00:25:50,340 [main] INFO  server.AbstractConnector (AbstractConnector.java:doStop(318)) - Stopped ServerConnector@6629643d{HTTP/1.1,[http/1.1]}{0.0.0.0:0}
2019-09-27 00:25:50,341 [main] INFO  handler.ContextHandler (ContextHandler.java:doStop(910)) - Stopped o.e.j.s.ServletContextHandler@5a9840f3{/static,file:///workdir/hadoop-ozone/integration-test/target/test-classes/webapps/static,UNAVAILABLE}
2019-09-27 00:25:50,341 [main] INFO  handler.ContextHandler (ContextHandler.java:doStop(910)) - Stopped o.e.j.s.ServletContextHandler@2e6d76ba{/logs,file:///workdir/hadoop-ozone/integration-test/target/log,UNAVAILABLE}
2019-09-27 00:25:50,342 [main] INFO  server.StorageContainerManager (StorageContainerManager.java:stop(855)) - Stopping Block Manager Service.
2019-09-27 00:25:50,342 [main] INFO  utils.BackgroundService (BackgroundService.java:shutdown(148)) - Shutting down service SCMBlockDeletingService
2019-09-27 00:25:50,342 [main] INFO  utils.BackgroundService (BackgroundService.java:shutdown(148)) - Shutting down service SCMBlockDeletingService
2019-09-27 00:25:50,343 [main] INFO  server.StorageContainerManager (StorageContainerManager.java:stop(877)) - Stopping SCM Event Queue.
2019-09-27 00:25:50,348 [main] INFO  impl.MetricsSystemImpl (MetricsSystemImpl.java:stop(210)) - Stopping HddsDatanode metrics system...
2019-09-27 00:25:50,363 [main] INFO  impl.MetricsSystemImpl (MetricsSystemImpl.java:stop(216)) - HddsDatanode metrics system stopped.
]]></system-out>
    <system-err><![CDATA[Sep 27, 2019 12:25:33 AM org.apache.ratis.thirdparty.io.grpc.internal.ManagedChannelOrphanWrapper$ManagedChannelReference cleanQueue
SEVERE: *~*~*~ Channel ManagedChannelImpl{logId=2780, target=192.168.30.42:33503} was not shutdown properly!!! ~*~*~*
    Make sure to call shutdown()/shutdownNow() and wait until awaitTermination() returns true.
java.lang.RuntimeException: ManagedChannel allocation site
	at org.apache.ratis.thirdparty.io.grpc.internal.ManagedChannelOrphanWrapper$ManagedChannelReference.<init>(ManagedChannelOrphanWrapper.java:103)
	at org.apache.ratis.thirdparty.io.grpc.internal.ManagedChannelOrphanWrapper.<init>(ManagedChannelOrphanWrapper.java:53)
	at org.apache.ratis.thirdparty.io.grpc.internal.ManagedChannelOrphanWrapper.<init>(ManagedChannelOrphanWrapper.java:44)
	at org.apache.ratis.thirdparty.io.grpc.internal.AbstractManagedChannelImplBuilder.build(AbstractManagedChannelImplBuilder.java:411)
	at org.apache.ratis.grpc.client.GrpcClientProtocolClient.<init>(GrpcClientProtocolClient.java:127)
	at org.apache.ratis.grpc.client.GrpcClientRpc.lambda$new$0(GrpcClientRpc.java:55)
	at org.apache.ratis.util.PeerProxyMap$PeerAndProxy.lambda$getProxy$0(PeerProxyMap.java:61)
	at org.apache.ratis.util.LifeCycle.startAndTransition(LifeCycle.java:202)
	at org.apache.ratis.util.PeerProxyMap$PeerAndProxy.getProxy(PeerProxyMap.java:60)
	at org.apache.ratis.util.PeerProxyMap.getProxy(PeerProxyMap.java:108)
	at org.apache.ratis.grpc.client.GrpcClientRpc.sendRequestAsync(GrpcClientRpc.java:66)
	at org.apache.ratis.client.impl.OrderedAsync.sendRequest(OrderedAsync.java:208)
	at org.apache.ratis.client.impl.OrderedAsync.sendRequestWithRetry(OrderedAsync.java:169)
	at org.apache.ratis.util.SlidingWindow$Client.sendOrDelayRequest(SlidingWindow.java:278)
	at org.apache.ratis.util.SlidingWindow$Client.retry(SlidingWindow.java:294)
	at org.apache.ratis.client.impl.OrderedAsync.lambda$scheduleWithTimeout$7(OrderedAsync.java:195)
	at org.apache.ratis.util.TimeoutScheduler.lambda$onTimeout$0(TimeoutScheduler.java:113)
	at org.apache.ratis.util.TimeoutScheduler.lambda$onTimeout$1(TimeoutScheduler.java:133)
	at org.apache.ratis.util.LogUtils.runAndLog(LogUtils.java:50)
	at org.apache.ratis.util.LogUtils$1.run(LogUtils.java:91)
	at java.util.concurrent.Executors$RunnableAdapter.call(Executors.java:511)
	at java.util.concurrent.FutureTask.run(FutureTask.java:266)
	at java.util.concurrent.ScheduledThreadPoolExecutor$ScheduledFutureTask.access$201(ScheduledThreadPoolExecutor.java:180)
	at java.util.concurrent.ScheduledThreadPoolExecutor$ScheduledFutureTask.run(ScheduledThreadPoolExecutor.java:293)
	at java.util.concurrent.ThreadPoolExecutor.runWorker(ThreadPoolExecutor.java:1149)
	at java.util.concurrent.ThreadPoolExecutor$Worker.run(ThreadPoolExecutor.java:624)
	at java.lang.Thread.run(Thread.java:748)

Sep 27, 2019 12:25:33 AM org.apache.ratis.thirdparty.io.grpc.internal.ManagedChannelOrphanWrapper$ManagedChannelReference cleanQueue
SEVERE: *~*~*~ Channel ManagedChannelImpl{logId=2825, target=192.168.30.42:34432} was not shutdown properly!!! ~*~*~*
    Make sure to call shutdown()/shutdownNow() and wait until awaitTermination() returns true.
java.lang.RuntimeException: ManagedChannel allocation site
	at org.apache.ratis.thirdparty.io.grpc.internal.ManagedChannelOrphanWrapper$ManagedChannelReference.<init>(ManagedChannelOrphanWrapper.java:103)
	at org.apache.ratis.thirdparty.io.grpc.internal.ManagedChannelOrphanWrapper.<init>(ManagedChannelOrphanWrapper.java:53)
	at org.apache.ratis.thirdparty.io.grpc.internal.ManagedChannelOrphanWrapper.<init>(ManagedChannelOrphanWrapper.java:44)
	at org.apache.ratis.thirdparty.io.grpc.internal.AbstractManagedChannelImplBuilder.build(AbstractManagedChannelImplBuilder.java:411)
	at org.apache.hadoop.hdds.scm.XceiverClientGrpc.connectToDatanode(XceiverClientGrpc.java:181)
	at org.apache.hadoop.hdds.scm.XceiverClientGrpc.reconnect(XceiverClientGrpc.java:429)
	at org.apache.hadoop.hdds.scm.XceiverClientGrpc.sendCommandAsync(XceiverClientGrpc.java:378)
	at org.apache.hadoop.hdds.scm.XceiverClientGrpc.sendCommandWithRetry(XceiverClientGrpc.java:291)
	at org.apache.hadoop.hdds.scm.XceiverClientGrpc.sendCommandWithTraceIDAndRetry(XceiverClientGrpc.java:257)
	at org.apache.hadoop.hdds.scm.XceiverClientGrpc.sendCommand(XceiverClientGrpc.java:240)
	at org.apache.hadoop.hdds.scm.storage.ContainerProtocolCalls.getBlock(ContainerProtocolCalls.java:118)
	at org.apache.hadoop.hdds.scm.storage.BlockInputStream.getChunkInfos(BlockInputStream.java:167)
	at org.apache.hadoop.hdds.scm.storage.BlockInputStream.initialize(BlockInputStream.java:118)
	at org.apache.hadoop.hdds.scm.storage.BlockInputStream.read(BlockInputStream.java:222)
	at org.apache.hadoop.ozone.client.io.KeyInputStream.read(KeyInputStream.java:171)
	at org.apache.hadoop.ozone.client.io.OzoneInputStream.read(OzoneInputStream.java:47)
	at java.io.InputStream.read(InputStream.java:101)
	at org.apache.hadoop.ozone.container.ContainerTestHelper.validateData(ContainerTestHelper.java:714)
	at org.apache.hadoop.ozone.client.rpc.TestBlockOutputStreamWithFailures.validateData(TestBlockOutputStreamWithFailures.java:1216)
	at org.apache.hadoop.ozone.client.rpc.TestBlockOutputStreamWithFailures.testWatchForCommitWithSingleNodeRatis(TestBlockOutputStreamWithFailures.java:918)
	at sun.reflect.NativeMethodAccessorImpl.invoke0(Native Method)
	at sun.reflect.NativeMethodAccessorImpl.invoke(NativeMethodAccessorImpl.java:62)
	at sun.reflect.DelegatingMethodAccessorImpl.invoke(DelegatingMethodAccessorImpl.java:43)
	at java.lang.reflect.Method.invoke(Method.java:498)
	at org.junit.runners.model.FrameworkMethod$1.runReflectiveCall(FrameworkMethod.java:47)
	at org.junit.internal.runners.model.ReflectiveCallable.run(ReflectiveCallable.java:12)
	at org.junit.runners.model.FrameworkMethod.invokeExplosively(FrameworkMethod.java:44)
	at org.junit.internal.runners.statements.InvokeMethod.evaluate(InvokeMethod.java:17)
	at org.junit.internal.runners.statements.RunBefores.evaluate(RunBefores.java:26)
	at org.junit.internal.runners.statements.RunAfters.evaluate(RunAfters.java:27)
	at org.junit.runners.ParentRunner.runLeaf(ParentRunner.java:271)
	at org.junit.runners.BlockJUnit4ClassRunner.runChild(BlockJUnit4ClassRunner.java:70)
	at org.junit.runners.BlockJUnit4ClassRunner.runChild(BlockJUnit4ClassRunner.java:50)
	at org.junit.runners.ParentRunner$3.run(ParentRunner.java:238)
	at org.junit.runners.ParentRunner$1.schedule(ParentRunner.java:63)
	at org.junit.runners.ParentRunner.runChildren(ParentRunner.java:236)
	at org.junit.runners.ParentRunner.access$000(ParentRunner.java:53)
	at org.junit.runners.ParentRunner$2.evaluate(ParentRunner.java:229)
	at org.junit.runners.ParentRunner.run(ParentRunner.java:309)
	at org.apache.maven.surefire.junit4.JUnit4Provider.execute(JUnit4Provider.java:365)
	at org.apache.maven.surefire.junit4.JUnit4Provider.executeWithRerun(JUnit4Provider.java:273)
	at org.apache.maven.surefire.junit4.JUnit4Provider.executeTestSet(JUnit4Provider.java:238)
	at org.apache.maven.surefire.junit4.JUnit4Provider.invoke(JUnit4Provider.java:159)
	at org.apache.maven.surefire.booter.ForkedBooter.invokeProviderInSameClassLoader(ForkedBooter.java:384)
	at org.apache.maven.surefire.booter.ForkedBooter.runSuitesInProcess(ForkedBooter.java:345)
	at org.apache.maven.surefire.booter.ForkedBooter.execute(ForkedBooter.java:126)
	at org.apache.maven.surefire.booter.ForkedBooter.main(ForkedBooter.java:418)

Sep 27, 2019 12:25:33 AM org.apache.ratis.thirdparty.io.grpc.internal.ManagedChannelOrphanWrapper$ManagedChannelReference cleanQueue
SEVERE: *~*~*~ Channel ManagedChannelImpl{logId=2820, target=192.168.30.42:40490} was not shutdown properly!!! ~*~*~*
    Make sure to call shutdown()/shutdownNow() and wait until awaitTermination() returns true.
java.lang.RuntimeException: ManagedChannel allocation site
	at org.apache.ratis.thirdparty.io.grpc.internal.ManagedChannelOrphanWrapper$ManagedChannelReference.<init>(ManagedChannelOrphanWrapper.java:103)
	at org.apache.ratis.thirdparty.io.grpc.internal.ManagedChannelOrphanWrapper.<init>(ManagedChannelOrphanWrapper.java:53)
	at org.apache.ratis.thirdparty.io.grpc.internal.ManagedChannelOrphanWrapper.<init>(ManagedChannelOrphanWrapper.java:44)
	at org.apache.ratis.thirdparty.io.grpc.internal.AbstractManagedChannelImplBuilder.build(AbstractManagedChannelImplBuilder.java:411)
	at org.apache.hadoop.hdds.scm.XceiverClientGrpc.connectToDatanode(XceiverClientGrpc.java:181)
	at org.apache.hadoop.hdds.scm.XceiverClientGrpc.reconnect(XceiverClientGrpc.java:429)
	at org.apache.hadoop.hdds.scm.XceiverClientGrpc.sendCommandAsync(XceiverClientGrpc.java:378)
	at org.apache.hadoop.hdds.scm.XceiverClientGrpc.sendCommandWithRetry(XceiverClientGrpc.java:291)
	at org.apache.hadoop.hdds.scm.XceiverClientGrpc.sendCommandWithTraceIDAndRetry(XceiverClientGrpc.java:257)
	at org.apache.hadoop.hdds.scm.XceiverClientGrpc.sendCommand(XceiverClientGrpc.java:240)
	at org.apache.hadoop.hdds.scm.storage.ContainerProtocolCalls.getBlock(ContainerProtocolCalls.java:118)
	at org.apache.hadoop.hdds.scm.storage.BlockInputStream.getChunkInfos(BlockInputStream.java:167)
	at org.apache.hadoop.hdds.scm.storage.BlockInputStream.initialize(BlockInputStream.java:118)
	at org.apache.hadoop.hdds.scm.storage.BlockInputStream.read(BlockInputStream.java:222)
	at org.apache.hadoop.ozone.client.io.KeyInputStream.read(KeyInputStream.java:171)
	at org.apache.hadoop.ozone.client.io.OzoneInputStream.read(OzoneInputStream.java:47)
	at java.io.InputStream.read(InputStream.java:101)
	at org.apache.hadoop.ozone.container.ContainerTestHelper.validateData(ContainerTestHelper.java:714)
	at org.apache.hadoop.ozone.client.rpc.TestBlockOutputStreamWithFailures.validateData(TestBlockOutputStreamWithFailures.java:1216)
	at org.apache.hadoop.ozone.client.rpc.TestBlockOutputStreamWithFailures.testWatchForCommitWithSingleNodeRatis(TestBlockOutputStreamWithFailures.java:918)
	at sun.reflect.NativeMethodAccessorImpl.invoke0(Native Method)
	at sun.reflect.NativeMethodAccessorImpl.invoke(NativeMethodAccessorImpl.java:62)
	at sun.reflect.DelegatingMethodAccessorImpl.invoke(DelegatingMethodAccessorImpl.java:43)
	at java.lang.reflect.Method.invoke(Method.java:498)
	at org.junit.runners.model.FrameworkMethod$1.runReflectiveCall(FrameworkMethod.java:47)
	at org.junit.internal.runners.model.ReflectiveCallable.run(ReflectiveCallable.java:12)
	at org.junit.runners.model.FrameworkMethod.invokeExplosively(FrameworkMethod.java:44)
	at org.junit.internal.runners.statements.InvokeMethod.evaluate(InvokeMethod.java:17)
	at org.junit.internal.runners.statements.RunBefores.evaluate(RunBefores.java:26)
	at org.junit.internal.runners.statements.RunAfters.evaluate(RunAfters.java:27)
	at org.junit.runners.ParentRunner.runLeaf(ParentRunner.java:271)
	at org.junit.runners.BlockJUnit4ClassRunner.runChild(BlockJUnit4ClassRunner.java:70)
	at org.junit.runners.BlockJUnit4ClassRunner.runChild(BlockJUnit4ClassRunner.java:50)
	at org.junit.runners.ParentRunner$3.run(ParentRunner.java:238)
	at org.junit.runners.ParentRunner$1.schedule(ParentRunner.java:63)
	at org.junit.runners.ParentRunner.runChildren(ParentRunner.java:236)
	at org.junit.runners.ParentRunner.access$000(ParentRunner.java:53)
	at org.junit.runners.ParentRunner$2.evaluate(ParentRunner.java:229)
	at org.junit.runners.ParentRunner.run(ParentRunner.java:309)
	at org.apache.maven.surefire.junit4.JUnit4Provider.execute(JUnit4Provider.java:365)
	at org.apache.maven.surefire.junit4.JUnit4Provider.executeWithRerun(JUnit4Provider.java:273)
	at org.apache.maven.surefire.junit4.JUnit4Provider.executeTestSet(JUnit4Provider.java:238)
	at org.apache.maven.surefire.junit4.JUnit4Provider.invoke(JUnit4Provider.java:159)
	at org.apache.maven.surefire.booter.ForkedBooter.invokeProviderInSameClassLoader(ForkedBooter.java:384)
	at org.apache.maven.surefire.booter.ForkedBooter.runSuitesInProcess(ForkedBooter.java:345)
	at org.apache.maven.surefire.booter.ForkedBooter.execute(ForkedBooter.java:126)
	at org.apache.maven.surefire.booter.ForkedBooter.main(ForkedBooter.java:418)

Sep 27, 2019 12:25:33 AM org.apache.ratis.thirdparty.io.grpc.internal.ManagedChannelOrphanWrapper$ManagedChannelReference cleanQueue
SEVERE: *~*~*~ Channel ManagedChannelImpl{logId=2815, target=192.168.30.42:43961} was not shutdown properly!!! ~*~*~*
    Make sure to call shutdown()/shutdownNow() and wait until awaitTermination() returns true.
java.lang.RuntimeException: ManagedChannel allocation site
	at org.apache.ratis.thirdparty.io.grpc.internal.ManagedChannelOrphanWrapper$ManagedChannelReference.<init>(ManagedChannelOrphanWrapper.java:103)
	at org.apache.ratis.thirdparty.io.grpc.internal.ManagedChannelOrphanWrapper.<init>(ManagedChannelOrphanWrapper.java:53)
	at org.apache.ratis.thirdparty.io.grpc.internal.ManagedChannelOrphanWrapper.<init>(ManagedChannelOrphanWrapper.java:44)
	at org.apache.ratis.thirdparty.io.grpc.internal.AbstractManagedChannelImplBuilder.build(AbstractManagedChannelImplBuilder.java:411)
	at org.apache.ratis.grpc.client.GrpcClientProtocolClient.<init>(GrpcClientProtocolClient.java:127)
	at org.apache.ratis.grpc.client.GrpcClientRpc.lambda$new$0(GrpcClientRpc.java:55)
	at org.apache.ratis.util.PeerProxyMap$PeerAndProxy.lambda$getProxy$0(PeerProxyMap.java:61)
	at org.apache.ratis.util.LifeCycle.startAndTransition(LifeCycle.java:202)
	at org.apache.ratis.util.PeerProxyMap$PeerAndProxy.getProxy(PeerProxyMap.java:60)
	at org.apache.ratis.util.PeerProxyMap.getProxy(PeerProxyMap.java:108)
	at org.apache.ratis.grpc.client.GrpcClientRpc.sendRequestAsync(GrpcClientRpc.java:66)
	at org.apache.ratis.client.impl.OrderedAsync.sendRequest(OrderedAsync.java:208)
	at org.apache.ratis.client.impl.OrderedAsync.sendRequestWithRetry(OrderedAsync.java:169)
	at org.apache.ratis.util.SlidingWindow$Client.sendOrDelayRequest(SlidingWindow.java:278)
	at org.apache.ratis.util.SlidingWindow$Client.submitNewRequest(SlidingWindow.java:257)
	at org.apache.ratis.client.impl.OrderedAsync.send(OrderedAsync.java:155)
	at org.apache.ratis.client.impl.RaftClientImpl.sendAsync(RaftClientImpl.java:144)
	at org.apache.ratis.client.impl.RaftClientImpl.sendAsync(RaftClientImpl.java:124)
	at org.apache.hadoop.hdds.scm.XceiverClientRatis.sendRequestAsync(XceiverClientRatis.java:234)
	at org.apache.hadoop.hdds.scm.XceiverClientRatis.sendCommandAsync(XceiverClientRatis.java:332)
	at org.apache.hadoop.hdds.scm.storage.ContainerProtocolCalls.writeChunkAsync(ContainerProtocolCalls.java:310)
	at org.apache.hadoop.hdds.scm.storage.BlockOutputStream.writeChunkToContainer(BlockOutputStream.java:601)
	at org.apache.hadoop.hdds.scm.storage.BlockOutputStream.writeChunk(BlockOutputStream.java:459)
	at org.apache.hadoop.hdds.scm.storage.BlockOutputStream.writeOnRetry(BlockOutputStream.java:285)
	at org.apache.hadoop.ozone.client.io.BlockOutputStreamEntry.writeOnRetry(BlockOutputStreamEntry.java:200)
	at org.apache.hadoop.ozone.client.io.KeyOutputStream.handleWrite(KeyOutputStream.java:206)
	at org.apache.hadoop.ozone.client.io.KeyOutputStream.handleRetry(KeyOutputStream.java:375)
	at org.apache.hadoop.ozone.client.io.KeyOutputStream.handleException(KeyOutputStream.java:324)
	at org.apache.hadoop.ozone.client.io.KeyOutputStream.handleFlushOrClose(KeyOutputStream.java:449)
	at org.apache.hadoop.ozone.client.io.KeyOutputStream.handleWrite(KeyOutputStream.java:232)
	at org.apache.hadoop.ozone.client.io.KeyOutputStream.write(KeyOutputStream.java:190)
	at org.apache.hadoop.ozone.client.io.OzoneOutputStream.write(OzoneOutputStream.java:49)
	at java.io.OutputStream.write(OutputStream.java:75)
	at org.apache.hadoop.ozone.client.rpc.TestBlockOutputStreamWithFailures.testWatchForCommitWithSingleNodeRatis(TestBlockOutputStreamWithFailures.java:885)
	at sun.reflect.NativeMethodAccessorImpl.invoke0(Native Method)
	at sun.reflect.NativeMethodAccessorImpl.invoke(NativeMethodAccessorImpl.java:62)
	at sun.reflect.DelegatingMethodAccessorImpl.invoke(DelegatingMethodAccessorImpl.java:43)
	at java.lang.reflect.Method.invoke(Method.java:498)
	at org.junit.runners.model.FrameworkMethod$1.runReflectiveCall(FrameworkMethod.java:47)
	at org.junit.internal.runners.model.ReflectiveCallable.run(ReflectiveCallable.java:12)
	at org.junit.runners.model.FrameworkMethod.invokeExplosively(FrameworkMethod.java:44)
	at org.junit.internal.runners.statements.InvokeMethod.evaluate(InvokeMethod.java:17)
	at org.junit.internal.runners.statements.RunBefores.evaluate(RunBefores.java:26)
	at org.junit.internal.runners.statements.RunAfters.evaluate(RunAfters.java:27)
	at org.junit.runners.ParentRunner.runLeaf(ParentRunner.java:271)
	at org.junit.runners.BlockJUnit4ClassRunner.runChild(BlockJUnit4ClassRunner.java:70)
	at org.junit.runners.BlockJUnit4ClassRunner.runChild(BlockJUnit4ClassRunner.java:50)
	at org.junit.runners.ParentRunner$3.run(ParentRunner.java:238)
	at org.junit.runners.ParentRunner$1.schedule(ParentRunner.java:63)
	at org.junit.runners.ParentRunner.runChildren(ParentRunner.java:236)
	at org.junit.runners.ParentRunner.access$000(ParentRunner.java:53)
	at org.junit.runners.ParentRunner$2.evaluate(ParentRunner.java:229)
	at org.junit.runners.ParentRunner.run(ParentRunner.java:309)
	at org.apache.maven.surefire.junit4.JUnit4Provider.execute(JUnit4Provider.java:365)
	at org.apache.maven.surefire.junit4.JUnit4Provider.executeWithRerun(JUnit4Provider.java:273)
	at org.apache.maven.surefire.junit4.JUnit4Provider.executeTestSet(JUnit4Provider.java:238)
	at org.apache.maven.surefire.junit4.JUnit4Provider.invoke(JUnit4Provider.java:159)
	at org.apache.maven.surefire.booter.ForkedBooter.invokeProviderInSameClassLoader(ForkedBooter.java:384)
	at org.apache.maven.surefire.booter.ForkedBooter.runSuitesInProcess(ForkedBooter.java:345)
	at org.apache.maven.surefire.booter.ForkedBooter.execute(ForkedBooter.java:126)
	at org.apache.maven.surefire.booter.ForkedBooter.main(ForkedBooter.java:418)

Sep 27, 2019 12:25:33 AM org.apache.ratis.thirdparty.io.grpc.internal.ManagedChannelOrphanWrapper$ManagedChannelReference cleanQueue
SEVERE: *~*~*~ Channel ManagedChannelImpl{logId=2589, target=192.168.30.42:35501} was not shutdown properly!!! ~*~*~*
    Make sure to call shutdown()/shutdownNow() and wait until awaitTermination() returns true.
java.lang.RuntimeException: ManagedChannel allocation site
	at org.apache.ratis.thirdparty.io.grpc.internal.ManagedChannelOrphanWrapper$ManagedChannelReference.<init>(ManagedChannelOrphanWrapper.java:103)
	at org.apache.ratis.thirdparty.io.grpc.internal.ManagedChannelOrphanWrapper.<init>(ManagedChannelOrphanWrapper.java:53)
	at org.apache.ratis.thirdparty.io.grpc.internal.ManagedChannelOrphanWrapper.<init>(ManagedChannelOrphanWrapper.java:44)
	at org.apache.ratis.thirdparty.io.grpc.internal.AbstractManagedChannelImplBuilder.build(AbstractManagedChannelImplBuilder.java:411)
	at org.apache.ratis.grpc.client.GrpcClientProtocolClient.<init>(GrpcClientProtocolClient.java:127)
	at org.apache.ratis.grpc.client.GrpcClientRpc.lambda$new$0(GrpcClientRpc.java:55)
	at org.apache.ratis.util.PeerProxyMap$PeerAndProxy.lambda$getProxy$0(PeerProxyMap.java:61)
	at org.apache.ratis.util.LifeCycle.startAndTransition(LifeCycle.java:202)
	at org.apache.ratis.util.PeerProxyMap$PeerAndProxy.getProxy(PeerProxyMap.java:60)
	at org.apache.ratis.util.PeerProxyMap.getProxy(PeerProxyMap.java:108)
	at org.apache.ratis.grpc.client.GrpcClientRpc.sendRequestAsync(GrpcClientRpc.java:66)
	at org.apache.ratis.client.impl.OrderedAsync.sendRequest(OrderedAsync.java:208)
	at org.apache.ratis.client.impl.OrderedAsync.sendRequestWithRetry(OrderedAsync.java:169)
	at org.apache.ratis.util.SlidingWindow$Client.sendOrDelayRequest(SlidingWindow.java:278)
	at org.apache.ratis.util.SlidingWindow$Client.submitNewRequest(SlidingWindow.java:257)
	at org.apache.ratis.client.impl.OrderedAsync.send(OrderedAsync.java:155)
	at org.apache.ratis.client.impl.RaftClientImpl.sendAsync(RaftClientImpl.java:144)
	at org.apache.ratis.client.impl.RaftClientImpl.sendAsync(RaftClientImpl.java:124)
	at org.apache.hadoop.hdds.scm.XceiverClientRatis.sendRequestAsync(XceiverClientRatis.java:234)
	at org.apache.hadoop.hdds.scm.XceiverClientRatis.sendCommandAsync(XceiverClientRatis.java:332)
	at org.apache.hadoop.hdds.scm.storage.ContainerProtocolCalls.writeChunkAsync(ContainerProtocolCalls.java:310)
	at org.apache.hadoop.hdds.scm.storage.BlockOutputStream.writeChunkToContainer(BlockOutputStream.java:601)
	at org.apache.hadoop.hdds.scm.storage.BlockOutputStream.writeChunk(BlockOutputStream.java:459)
	at org.apache.hadoop.hdds.scm.storage.BlockOutputStream.writeOnRetry(BlockOutputStream.java:285)
	at org.apache.hadoop.ozone.client.io.BlockOutputStreamEntry.writeOnRetry(BlockOutputStreamEntry.java:200)
	at org.apache.hadoop.ozone.client.io.KeyOutputStream.handleWrite(KeyOutputStream.java:206)
	at org.apache.hadoop.ozone.client.io.KeyOutputStream.handleRetry(KeyOutputStream.java:375)
	at org.apache.hadoop.ozone.client.io.KeyOutputStream.handleException(KeyOutputStream.java:324)
	at org.apache.hadoop.ozone.client.io.KeyOutputStream.handleFlushOrClose(KeyOutputStream.java:449)
	at org.apache.hadoop.ozone.client.io.KeyOutputStream.handleWrite(KeyOutputStream.java:232)
	at org.apache.hadoop.ozone.client.io.KeyOutputStream.write(KeyOutputStream.java:190)
	at org.apache.hadoop.ozone.client.io.OzoneOutputStream.write(OzoneOutputStream.java:49)
	at java.io.OutputStream.write(OutputStream.java:75)
	at org.apache.hadoop.ozone.client.rpc.TestBlockOutputStreamWithFailures.testDatanodeFailureWithSingleNodeRatis(TestBlockOutputStreamWithFailures.java:1021)
	at sun.reflect.NativeMethodAccessorImpl.invoke0(Native Method)
	at sun.reflect.NativeMethodAccessorImpl.invoke(NativeMethodAccessorImpl.java:62)
	at sun.reflect.DelegatingMethodAccessorImpl.invoke(DelegatingMethodAccessorImpl.java:43)
	at java.lang.reflect.Method.invoke(Method.java:498)
	at org.junit.runners.model.FrameworkMethod$1.runReflectiveCall(FrameworkMethod.java:47)
	at org.junit.internal.runners.model.ReflectiveCallable.run(ReflectiveCallable.java:12)
	at org.junit.runners.model.FrameworkMethod.invokeExplosively(FrameworkMethod.java:44)
	at org.junit.internal.runners.statements.InvokeMethod.evaluate(InvokeMethod.java:17)
	at org.junit.internal.runners.statements.RunBefores.evaluate(RunBefores.java:26)
	at org.junit.internal.runners.statements.RunAfters.evaluate(RunAfters.java:27)
	at org.junit.runners.ParentRunner.runLeaf(ParentRunner.java:271)
	at org.junit.runners.BlockJUnit4ClassRunner.runChild(BlockJUnit4ClassRunner.java:70)
	at org.junit.runners.BlockJUnit4ClassRunner.runChild(BlockJUnit4ClassRunner.java:50)
	at org.junit.runners.ParentRunner$3.run(ParentRunner.java:238)
	at org.junit.runners.ParentRunner$1.schedule(ParentRunner.java:63)
	at org.junit.runners.ParentRunner.runChildren(ParentRunner.java:236)
	at org.junit.runners.ParentRunner.access$000(ParentRunner.java:53)
	at org.junit.runners.ParentRunner$2.evaluate(ParentRunner.java:229)
	at org.junit.runners.ParentRunner.run(ParentRunner.java:309)
	at org.apache.maven.surefire.junit4.JUnit4Provider.execute(JUnit4Provider.java:365)
	at org.apache.maven.surefire.junit4.JUnit4Provider.executeWithRerun(JUnit4Provider.java:273)
	at org.apache.maven.surefire.junit4.JUnit4Provider.executeTestSet(JUnit4Provider.java:238)
	at org.apache.maven.surefire.junit4.JUnit4Provider.invoke(JUnit4Provider.java:159)
	at org.apache.maven.surefire.booter.ForkedBooter.invokeProviderInSameClassLoader(ForkedBooter.java:384)
	at org.apache.maven.surefire.booter.ForkedBooter.runSuitesInProcess(ForkedBooter.java:345)
	at org.apache.maven.surefire.booter.ForkedBooter.execute(ForkedBooter.java:126)
	at org.apache.maven.surefire.booter.ForkedBooter.main(ForkedBooter.java:418)

Sep 27, 2019 12:25:33 AM org.apache.ratis.thirdparty.io.grpc.internal.ManagedChannelOrphanWrapper$ManagedChannelReference cleanQueue
SEVERE: *~*~*~ Channel ManagedChannelImpl{logId=2620, target=192.168.30.42:33167} was not shutdown properly!!! ~*~*~*
    Make sure to call shutdown()/shutdownNow() and wait until awaitTermination() returns true.
java.lang.RuntimeException: ManagedChannel allocation site
	at org.apache.ratis.thirdparty.io.grpc.internal.ManagedChannelOrphanWrapper$ManagedChannelReference.<init>(ManagedChannelOrphanWrapper.java:103)
	at org.apache.ratis.thirdparty.io.grpc.internal.ManagedChannelOrphanWrapper.<init>(ManagedChannelOrphanWrapper.java:53)
	at org.apache.ratis.thirdparty.io.grpc.internal.ManagedChannelOrphanWrapper.<init>(ManagedChannelOrphanWrapper.java:44)
	at org.apache.ratis.thirdparty.io.grpc.internal.AbstractManagedChannelImplBuilder.build(AbstractManagedChannelImplBuilder.java:411)
	at org.apache.hadoop.hdds.scm.XceiverClientGrpc.connectToDatanode(XceiverClientGrpc.java:181)
	at org.apache.hadoop.hdds.scm.XceiverClientGrpc.reconnect(XceiverClientGrpc.java:429)
	at org.apache.hadoop.hdds.scm.XceiverClientGrpc.sendCommandAsync(XceiverClientGrpc.java:378)
	at org.apache.hadoop.hdds.scm.XceiverClientGrpc.sendCommandWithRetry(XceiverClientGrpc.java:291)
	at org.apache.hadoop.hdds.scm.XceiverClientGrpc.sendCommandWithTraceIDAndRetry(XceiverClientGrpc.java:257)
	at org.apache.hadoop.hdds.scm.XceiverClientGrpc.sendCommand(XceiverClientGrpc.java:240)
	at org.apache.hadoop.hdds.scm.storage.ContainerProtocolCalls.getBlock(ContainerProtocolCalls.java:118)
	at org.apache.hadoop.hdds.scm.storage.BlockInputStream.getChunkInfos(BlockInputStream.java:167)
	at org.apache.hadoop.hdds.scm.storage.BlockInputStream.initialize(BlockInputStream.java:118)
	at org.apache.hadoop.hdds.scm.storage.BlockInputStream.read(BlockInputStream.java:222)
	at org.apache.hadoop.ozone.client.io.KeyInputStream.read(KeyInputStream.java:171)
	at org.apache.hadoop.ozone.client.io.OzoneInputStream.read(OzoneInputStream.java:47)
	at java.io.InputStream.read(InputStream.java:101)
	at org.apache.hadoop.ozone.container.ContainerTestHelper.validateData(ContainerTestHelper.java:714)
	at org.apache.hadoop.ozone.client.rpc.TestBlockOutputStreamWithFailures.validateData(TestBlockOutputStreamWithFailures.java:1216)
	at org.apache.hadoop.ozone.client.rpc.TestBlockOutputStreamWithFailures.testDatanodeFailureWithSingleNodeRatis(TestBlockOutputStreamWithFailures.java:1058)
	at sun.reflect.NativeMethodAccessorImpl.invoke0(Native Method)
	at sun.reflect.NativeMethodAccessorImpl.invoke(NativeMethodAccessorImpl.java:62)
	at sun.reflect.DelegatingMethodAccessorImpl.invoke(DelegatingMethodAccessorImpl.java:43)
	at java.lang.reflect.Method.invoke(Method.java:498)
	at org.junit.runners.model.FrameworkMethod$1.runReflectiveCall(FrameworkMethod.java:47)
	at org.junit.internal.runners.model.ReflectiveCallable.run(ReflectiveCallable.java:12)
	at org.junit.runners.model.FrameworkMethod.invokeExplosively(FrameworkMethod.java:44)
	at org.junit.internal.runners.statements.InvokeMethod.evaluate(InvokeMethod.java:17)
	at org.junit.internal.runners.statements.RunBefores.evaluate(RunBefores.java:26)
	at org.junit.internal.runners.statements.RunAfters.evaluate(RunAfters.java:27)
	at org.junit.runners.ParentRunner.runLeaf(ParentRunner.java:271)
	at org.junit.runners.BlockJUnit4ClassRunner.runChild(BlockJUnit4ClassRunner.java:70)
	at org.junit.runners.BlockJUnit4ClassRunner.runChild(BlockJUnit4ClassRunner.java:50)
	at org.junit.runners.ParentRunner$3.run(ParentRunner.java:238)
	at org.junit.runners.ParentRunner$1.schedule(ParentRunner.java:63)
	at org.junit.runners.ParentRunner.runChildren(ParentRunner.java:236)
	at org.junit.runners.ParentRunner.access$000(ParentRunner.java:53)
	at org.junit.runners.ParentRunner$2.evaluate(ParentRunner.java:229)
	at org.junit.runners.ParentRunner.run(ParentRunner.java:309)
	at org.apache.maven.surefire.junit4.JUnit4Provider.execute(JUnit4Provider.java:365)
	at org.apache.maven.surefire.junit4.JUnit4Provider.executeWithRerun(JUnit4Provider.java:273)
	at org.apache.maven.surefire.junit4.JUnit4Provider.executeTestSet(JUnit4Provider.java:238)
	at org.apache.maven.surefire.junit4.JUnit4Provider.invoke(JUnit4Provider.java:159)
	at org.apache.maven.surefire.booter.ForkedBooter.invokeProviderInSameClassLoader(ForkedBooter.java:384)
	at org.apache.maven.surefire.booter.ForkedBooter.runSuitesInProcess(ForkedBooter.java:345)
	at org.apache.maven.surefire.booter.ForkedBooter.execute(ForkedBooter.java:126)
	at org.apache.maven.surefire.booter.ForkedBooter.main(ForkedBooter.java:418)

Sep 27, 2019 12:25:33 AM org.apache.ratis.thirdparty.io.grpc.internal.ManagedChannelOrphanWrapper$ManagedChannelReference cleanQueue
SEVERE: *~*~*~ Channel ManagedChannelImpl{logId=2615, target=192.168.30.42:41619} was not shutdown properly!!! ~*~*~*
    Make sure to call shutdown()/shutdownNow() and wait until awaitTermination() returns true.
java.lang.RuntimeException: ManagedChannel allocation site
	at org.apache.ratis.thirdparty.io.grpc.internal.ManagedChannelOrphanWrapper$ManagedChannelReference.<init>(ManagedChannelOrphanWrapper.java:103)
	at org.apache.ratis.thirdparty.io.grpc.internal.ManagedChannelOrphanWrapper.<init>(ManagedChannelOrphanWrapper.java:53)
	at org.apache.ratis.thirdparty.io.grpc.internal.ManagedChannelOrphanWrapper.<init>(ManagedChannelOrphanWrapper.java:44)
	at org.apache.ratis.thirdparty.io.grpc.internal.AbstractManagedChannelImplBuilder.build(AbstractManagedChannelImplBuilder.java:411)
	at org.apache.hadoop.hdds.scm.XceiverClientGrpc.connectToDatanode(XceiverClientGrpc.java:181)
	at org.apache.hadoop.hdds.scm.XceiverClientGrpc.reconnect(XceiverClientGrpc.java:429)
	at org.apache.hadoop.hdds.scm.XceiverClientGrpc.sendCommandAsync(XceiverClientGrpc.java:378)
	at org.apache.hadoop.hdds.scm.XceiverClientGrpc.sendCommandWithRetry(XceiverClientGrpc.java:291)
	at org.apache.hadoop.hdds.scm.XceiverClientGrpc.sendCommandWithTraceIDAndRetry(XceiverClientGrpc.java:257)
	at org.apache.hadoop.hdds.scm.XceiverClientGrpc.sendCommand(XceiverClientGrpc.java:240)
	at org.apache.hadoop.hdds.scm.storage.ContainerProtocolCalls.getBlock(ContainerProtocolCalls.java:118)
	at org.apache.hadoop.hdds.scm.storage.BlockInputStream.getChunkInfos(BlockInputStream.java:167)
	at org.apache.hadoop.hdds.scm.storage.BlockInputStream.initialize(BlockInputStream.java:118)
	at org.apache.hadoop.hdds.scm.storage.BlockInputStream.read(BlockInputStream.java:222)
	at org.apache.hadoop.ozone.client.io.KeyInputStream.read(KeyInputStream.java:171)
	at org.apache.hadoop.ozone.client.io.OzoneInputStream.read(OzoneInputStream.java:47)
	at java.io.InputStream.read(InputStream.java:101)
	at org.apache.hadoop.ozone.container.ContainerTestHelper.validateData(ContainerTestHelper.java:714)
	at org.apache.hadoop.ozone.client.rpc.TestBlockOutputStreamWithFailures.validateData(TestBlockOutputStreamWithFailures.java:1216)
	at org.apache.hadoop.ozone.client.rpc.TestBlockOutputStreamWithFailures.testDatanodeFailureWithSingleNodeRatis(TestBlockOutputStreamWithFailures.java:1058)
	at sun.reflect.NativeMethodAccessorImpl.invoke0(Native Method)
	at sun.reflect.NativeMethodAccessorImpl.invoke(NativeMethodAccessorImpl.java:62)
	at sun.reflect.DelegatingMethodAccessorImpl.invoke(DelegatingMethodAccessorImpl.java:43)
	at java.lang.reflect.Method.invoke(Method.java:498)
	at org.junit.runners.model.FrameworkMethod$1.runReflectiveCall(FrameworkMethod.java:47)
	at org.junit.internal.runners.model.ReflectiveCallable.run(ReflectiveCallable.java:12)
	at org.junit.runners.model.FrameworkMethod.invokeExplosively(FrameworkMethod.java:44)
	at org.junit.internal.runners.statements.InvokeMethod.evaluate(InvokeMethod.java:17)
	at org.junit.internal.runners.statements.RunBefores.evaluate(RunBefores.java:26)
	at org.junit.internal.runners.statements.RunAfters.evaluate(RunAfters.java:27)
	at org.junit.runners.ParentRunner.runLeaf(ParentRunner.java:271)
	at org.junit.runners.BlockJUnit4ClassRunner.runChild(BlockJUnit4ClassRunner.java:70)
	at org.junit.runners.BlockJUnit4ClassRunner.runChild(BlockJUnit4ClassRunner.java:50)
	at org.junit.runners.ParentRunner$3.run(ParentRunner.java:238)
	at org.junit.runners.ParentRunner$1.schedule(ParentRunner.java:63)
	at org.junit.runners.ParentRunner.runChildren(ParentRunner.java:236)
	at org.junit.runners.ParentRunner.access$000(ParentRunner.java:53)
	at org.junit.runners.ParentRunner$2.evaluate(ParentRunner.java:229)
	at org.junit.runners.ParentRunner.run(ParentRunner.java:309)
	at org.apache.maven.surefire.junit4.JUnit4Provider.execute(JUnit4Provider.java:365)
	at org.apache.maven.surefire.junit4.JUnit4Provider.executeWithRerun(JUnit4Provider.java:273)
	at org.apache.maven.surefire.junit4.JUnit4Provider.executeTestSet(JUnit4Provider.java:238)
	at org.apache.maven.surefire.junit4.JUnit4Provider.invoke(JUnit4Provider.java:159)
	at org.apache.maven.surefire.booter.ForkedBooter.invokeProviderInSameClassLoader(ForkedBooter.java:384)
	at org.apache.maven.surefire.booter.ForkedBooter.runSuitesInProcess(ForkedBooter.java:345)
	at org.apache.maven.surefire.booter.ForkedBooter.execute(ForkedBooter.java:126)
	at org.apache.maven.surefire.booter.ForkedBooter.main(ForkedBooter.java:418)

Sep 27, 2019 12:25:40 AM org.apache.ratis.thirdparty.io.grpc.internal.SerializingExecutor run
SEVERE: Exception while executing runnable org.apache.ratis.thirdparty.io.grpc.internal.ServerImpl$JumpToApplicationThreadServerStreamListener$1Closed@688b70ad
org.apache.ratis.thirdparty.io.grpc.StatusRuntimeException: CANCELLED: call already cancelled
	at org.apache.ratis.thirdparty.io.grpc.Status.asRuntimeException(Status.java:517)
	at org.apache.ratis.thirdparty.io.grpc.stub.ServerCalls$ServerCallStreamObserverImpl.onCompleted(ServerCalls.java:356)
	at org.apache.ratis.grpc.server.GrpcServerProtocolService$ServerRequestStreamObserver.onError(GrpcServerProtocolService.java:121)
	at org.apache.ratis.thirdparty.io.grpc.stub.ServerCalls$StreamingServerCallHandler$StreamingServerCallListener.onCancel(ServerCalls.java:269)
	at org.apache.ratis.thirdparty.io.grpc.internal.ServerCallImpl$ServerStreamListenerImpl.closed(ServerCallImpl.java:293)
	at org.apache.ratis.thirdparty.io.grpc.internal.ServerImpl$JumpToApplicationThreadServerStreamListener$1Closed.runInContext(ServerImpl.java:741)
	at org.apache.ratis.thirdparty.io.grpc.internal.ContextRunnable.run(ContextRunnable.java:37)
	at org.apache.ratis.thirdparty.io.grpc.internal.SerializingExecutor.run(SerializingExecutor.java:123)
	at java.util.concurrent.ThreadPoolExecutor.runWorker(ThreadPoolExecutor.java:1149)
	at java.util.concurrent.ThreadPoolExecutor$Worker.run(ThreadPoolExecutor.java:624)
	at java.lang.Thread.run(Thread.java:748)

Sep 27, 2019 12:25:40 AM org.apache.ratis.thirdparty.io.grpc.internal.SerializingExecutor run
SEVERE: Exception while executing runnable org.apache.ratis.thirdparty.io.grpc.internal.ServerImpl$JumpToApplicationThreadServerStreamListener$1Closed@40c37d31
org.apache.ratis.thirdparty.io.grpc.StatusRuntimeException: CANCELLED: call already cancelled
	at org.apache.ratis.thirdparty.io.grpc.Status.asRuntimeException(Status.java:517)
	at org.apache.ratis.thirdparty.io.grpc.stub.ServerCalls$ServerCallStreamObserverImpl.onCompleted(ServerCalls.java:356)
	at org.apache.ratis.grpc.server.GrpcServerProtocolService$ServerRequestStreamObserver.onError(GrpcServerProtocolService.java:121)
	at org.apache.ratis.thirdparty.io.grpc.stub.ServerCalls$StreamingServerCallHandler$StreamingServerCallListener.onCancel(ServerCalls.java:269)
	at org.apache.ratis.thirdparty.io.grpc.internal.ServerCallImpl$ServerStreamListenerImpl.closed(ServerCallImpl.java:293)
	at org.apache.ratis.thirdparty.io.grpc.internal.ServerImpl$JumpToApplicationThreadServerStreamListener$1Closed.runInContext(ServerImpl.java:741)
	at org.apache.ratis.thirdparty.io.grpc.internal.ContextRunnable.run(ContextRunnable.java:37)
	at org.apache.ratis.thirdparty.io.grpc.internal.SerializingExecutor.run(SerializingExecutor.java:123)
	at java.util.concurrent.ThreadPoolExecutor.runWorker(ThreadPoolExecutor.java:1149)
	at java.util.concurrent.ThreadPoolExecutor$Worker.run(ThreadPoolExecutor.java:624)
	at java.lang.Thread.run(Thread.java:748)

]]></system-err>
  </testcase>
  <testcase name="testFailureWithPrimeSizedData" classname="org.apache.hadoop.ozone.client.rpc.TestBlockOutputStreamWithFailures" time="33.676"/>
  <testcase name="testWatchForCommitWithCloseContainerException" classname="org.apache.hadoop.ozone.client.rpc.TestBlockOutputStreamWithFailures" time="35.448"/>
  <testcase name="testExceptionDuringClose" classname="org.apache.hadoop.ozone.client.rpc.TestBlockOutputStreamWithFailures" time="37.862"/>
</testsuite>