<?xml version="1.0" encoding="UTF-8"?>
<testsuite xmlns:xsi="http://www.w3.org/2001/XMLSchema-instance" xsi:noNamespaceSchemaLocation="https://maven.apache.org/surefire/maven-surefire-plugin/xsd/surefire-test-report.xsd" name="org.apache.hadoop.ozone.freon.TestDataValidateWithDummyContainers" time="105.007" tests="3" errors="2" skipped="0" failures="0">
  <properties>
    <property name="awt.toolkit" value="sun.awt.X11.XToolkit"/>
    <property name="file.encoding.pkg" value="sun.io"/>
    <property name="java.specification.version" value="1.8"/>
    <property name="sun.cpu.isalist" value=""/>
    <property name="sun.jnu.encoding" value="ANSI_X3.4-1968"/>
    <property name="java.class.path" value="/workdir/hadoop-ozone/tools/target/test-classes:/workdir/hadoop-ozone/tools/target/classes:/home/user/.m2/repository/org/apache/hadoop/hadoop-ozone-ozone-manager/0.5.0-SNAPSHOT/hadoop-ozone-ozone-manager-0.5.0-SNAPSHOT.jar:/home/user/.m2/repository/org/apache/hadoop/hadoop-hdds-docs/0.5.0-SNAPSHOT/hadoop-hdds-docs-0.5.0-SNAPSHOT.jar:/home/user/.m2/repository/org/bouncycastle/bcprov-jdk15on/1.60/bcprov-jdk15on-1.60.jar:/home/user/.m2/repository/org/apache/hadoop/hadoop-ozone-common/0.5.0-SNAPSHOT/hadoop-ozone-common-0.5.0-SNAPSHOT.jar:/home/user/.m2/repository/org/apache/commons/commons-compress/1.4.1/commons-compress-1.4.1.jar:/home/user/.m2/repository/org/tukaani/xz/1.0/xz-1.0.jar:/home/user/.m2/repository/org/apache/hadoop/hadoop-hdfs-client/3.2.0/hadoop-hdfs-client-3.2.0.jar:/home/user/.m2/repository/com/fasterxml/jackson/core/jackson-annotations/2.9.9/jackson-annotations-2.9.9.jar:/home/user/.m2/repository/org/apache/hadoop/hadoop-hdds-common/0.5.0-SNAPSHOT/hadoop-hdds-common-0.5.0-SNAPSHOT.jar:/home/user/.m2/repository/org/apache/hadoop/hadoop-hdds-config/0.5.0-SNAPSHOT/hadoop-hdds-config-0.5.0-SNAPSHOT.jar:/home/user/.m2/repository/javax/annotation/javax.annotation-api/1.2/javax.annotation-api-1.2.jar:/home/user/.m2/repository/org/apache/ratis/ratis-server/0.5.0-3f446aa-SNAPSHOT/ratis-server-0.5.0-3f446aa-SNAPSHOT.jar:/home/user/.m2/repository/org/apache/ratis/ratis-thirdparty-misc/0.2.0/ratis-thirdparty-misc-0.2.0.jar:/home/user/.m2/repository/org/apache/ratis/ratis-proto/0.5.0-3f446aa-SNAPSHOT/ratis-proto-0.5.0-3f446aa-SNAPSHOT.jar:/home/user/.m2/repository/org/apache/ratis/ratis-common/0.5.0-3f446aa-SNAPSHOT/ratis-common-0.5.0-3f446aa-SNAPSHOT.jar:/home/user/.m2/repository/org/apache/ratis/ratis-client/0.5.0-3f446aa-SNAPSHOT/ratis-client-0.5.0-3f446aa-SNAPSHOT.jar:/home/user/.m2/repository/org/apache/ratis/ratis-metrics/0.5.0-3f446aa-SNAPSHOT/ratis-metrics-0.5.0-3f446aa-SNAPSHOT.jar:/home/user/.m2/repository/com/github/joshelser/dropwizard-metrics-hadoop-metrics2-reporter/0.1.2/dropwizard-metrics-hadoop-metrics2-reporter-0.1.2.jar:/home/user/.m2/repository/io/dropwizard/metrics/metrics-jvm/3.2.5/metrics-jvm-3.2.5.jar:/home/user/.m2/repository/io/dropwizard/metrics/metrics-ganglia/3.2.5/metrics-ganglia-3.2.5.jar:/home/user/.m2/repository/info/ganglia/gmetric4j/gmetric4j/1.0.7/gmetric4j-1.0.7.jar:/home/user/.m2/repository/org/apache/ratis/ratis-netty/0.5.0-3f446aa-SNAPSHOT/ratis-netty-0.5.0-3f446aa-SNAPSHOT.jar:/home/user/.m2/repository/org/apache/ratis/ratis-grpc/0.5.0-3f446aa-SNAPSHOT/ratis-grpc-0.5.0-3f446aa-SNAPSHOT.jar:/home/user/.m2/repository/org/rocksdb/rocksdbjni/6.0.1/rocksdbjni-6.0.1.jar:/home/user/.m2/repository/org/apache/logging/log4j/log4j-api/2.11.0/log4j-api-2.11.0.jar:/home/user/.m2/repository/org/apache/logging/log4j/log4j-core/2.11.0/log4j-core-2.11.0.jar:/home/user/.m2/repository/com/lmax/disruptor/3.4.2/disruptor-3.4.2.jar:/home/user/.m2/repository/org/apache/commons/commons-pool2/2.6.0/commons-pool2-2.6.0.jar:/home/user/.m2/repository/org/bouncycastle/bcpkix-jdk15on/1.60/bcpkix-jdk15on-1.60.jar:/home/user/.m2/repository/commons-validator/commons-validator/1.6/commons-validator-1.6.jar:/home/user/.m2/repository/commons-digester/commons-digester/1.8.1/commons-digester-1.8.1.jar:/home/user/.m2/repository/io/jaegertracing/jaeger-client/0.34.0/jaeger-client-0.34.0.jar:/home/user/.m2/repository/io/jaegertracing/jaeger-thrift/0.34.0/jaeger-thrift-0.34.0.jar:/home/user/.m2/repository/org/apache/thrift/libthrift/0.12.0/libthrift-0.12.0.jar:/home/user/.m2/repository/com/squareup/okhttp3/okhttp/3.9.0/okhttp-3.9.0.jar:/home/user/.m2/repository/com/squareup/okio/okio/1.13.0/okio-1.13.0.jar:/home/user/.m2/repository/io/jaegertracing/jaeger-core/0.34.0/jaeger-core-0.34.0.jar:/home/user/.m2/repository/io/jaegertracing/jaeger-tracerresolver/0.34.0/jaeger-tracerresolver-0.34.0.jar:/home/user/.m2/repository/io/opentracing/contrib/opentracing-tracerresolver/0.1.5/opentracing-tracerresolver-0.1.5.jar:/home/user/.m2/repository/io/opentracing/opentracing-util/0.31.0/opentracing-util-0.31.0.jar:/home/user/.m2/repository/io/opentracing/opentracing-api/0.31.0/opentracing-api-0.31.0.jar:/home/user/.m2/repository/io/opentracing/opentracing-noop/0.31.0/opentracing-noop-0.31.0.jar:/home/user/.m2/repository/org/yaml/snakeyaml/1.16/snakeyaml-1.16.jar:/home/user/.m2/repository/org/apache/hadoop/hadoop-hdds-container-service/0.5.0-SNAPSHOT/hadoop-hdds-container-service-0.5.0-SNAPSHOT.jar:/home/user/.m2/repository/org/apache/hadoop/hadoop-hdds-client/0.5.0-SNAPSHOT/hadoop-hdds-client-0.5.0-SNAPSHOT.jar:/home/user/.m2/repository/org/apache/hadoop/hadoop-hdds-tools/0.5.0-SNAPSHOT/hadoop-hdds-tools-0.5.0-SNAPSHOT.jar:/home/user/.m2/repository/org/xerial/sqlite-jdbc/3.25.2/sqlite-jdbc-3.25.2.jar:/home/user/.m2/repository/org/apache/hadoop/hadoop-hdds-server-scm/0.5.0-SNAPSHOT/hadoop-hdds-server-scm-0.5.0-SNAPSHOT.jar:/home/user/.m2/repository/org/hamcrest/hamcrest-all/1.3/hamcrest-all-1.3.jar:/home/user/.m2/repository/info/picocli/picocli/3.9.6/picocli-3.9.6.jar:/home/user/.m2/repository/com/google/protobuf/protobuf-java/2.5.0/protobuf-java-2.5.0.jar:/home/user/.m2/repository/com/google/guava/guava/11.0.2/guava-11.0.2.jar:/home/user/.m2/repository/org/apache/hadoop/hadoop-ozone-client/0.5.0-SNAPSHOT/hadoop-ozone-client-0.5.0-SNAPSHOT.jar:/workdir/hadoop-ozone/ozonefs/target/classes:/home/user/.m2/repository/org/apache/httpcomponents/httpclient/4.5.2/httpclient-4.5.2.jar:/home/user/.m2/repository/org/apache/httpcomponents/httpcore/4.4.4/httpcore-4.4.4.jar:/home/user/.m2/repository/org/apache/hadoop/hadoop-hdds-server-framework/0.5.0-SNAPSHOT/hadoop-hdds-server-framework-0.5.0-SNAPSHOT.jar:/home/user/.m2/repository/org/apache/hadoop/hadoop-common/3.2.0/hadoop-common-3.2.0.jar:/home/user/.m2/repository/org/apache/hadoop/hadoop-annotations/3.2.0/hadoop-annotations-3.2.0.jar:/usr/lib/jvm/java-1.8.0-openjdk-1.8.0.222.b10-1.el7_7.x86_64/jre/../lib/tools.jar:/home/user/.m2/repository/commons-cli/commons-cli/1.2/commons-cli-1.2.jar:/home/user/.m2/repository/org/apache/commons/commons-math3/3.1.1/commons-math3-3.1.1.jar:/home/user/.m2/repository/commons-codec/commons-codec/1.11/commons-codec-1.11.jar:/home/user/.m2/repository/commons-io/commons-io/2.5/commons-io-2.5.jar:/home/user/.m2/repository/commons-net/commons-net/3.6/commons-net-3.6.jar:/home/user/.m2/repository/commons-collections/commons-collections/3.2.2/commons-collections-3.2.2.jar:/home/user/.m2/repository/javax/servlet/javax.servlet-api/3.1.0/javax.servlet-api-3.1.0.jar:/home/user/.m2/repository/org/eclipse/jetty/jetty-server/9.3.25.v20180904/jetty-server-9.3.25.v20180904.jar:/home/user/.m2/repository/org/eclipse/jetty/jetty-http/9.3.25.v20180904/jetty-http-9.3.25.v20180904.jar:/home/user/.m2/repository/org/eclipse/jetty/jetty-io/9.3.25.v20180904/jetty-io-9.3.25.v20180904.jar:/home/user/.m2/repository/org/eclipse/jetty/jetty-util/9.3.25.v20180904/jetty-util-9.3.25.v20180904.jar:/home/user/.m2/repository/org/eclipse/jetty/jetty-servlet/9.3.25.v20180904/jetty-servlet-9.3.25.v20180904.jar:/home/user/.m2/repository/org/eclipse/jetty/jetty-security/9.3.25.v20180904/jetty-security-9.3.25.v20180904.jar:/home/user/.m2/repository/org/eclipse/jetty/jetty-webapp/9.3.25.v20180904/jetty-webapp-9.3.25.v20180904.jar:/home/user/.m2/repository/org/eclipse/jetty/jetty-xml/9.3.25.v20180904/jetty-xml-9.3.25.v20180904.jar:/home/user/.m2/repository/javax/servlet/jsp/jsp-api/2.1/jsp-api-2.1.jar:/home/user/.m2/repository/com/sun/jersey/jersey-core/1.19/jersey-core-1.19.jar:/home/user/.m2/repository/javax/ws/rs/jsr311-api/1.1.1/jsr311-api-1.1.1.jar:/home/user/.m2/repository/com/sun/jersey/jersey-servlet/1.19/jersey-servlet-1.19.jar:/home/user/.m2/repository/com/sun/jersey/jersey-json/1.19/jersey-json-1.19.jar:/home/user/.m2/repository/org/codehaus/jettison/jettison/1.1/jettison-1.1.jar:/home/user/.m2/repository/com/sun/xml/bind/jaxb-impl/2.3.0.1/jaxb-impl-2.3.0.1.jar:/home/user/.m2/repository/org/codehaus/jackson/jackson-core-asl/1.9.13/jackson-core-asl-1.9.13.jar:/home/user/.m2/repository/org/codehaus/jackson/jackson-mapper-asl/1.9.13/jackson-mapper-asl-1.9.13.jar:/home/user/.m2/repository/org/codehaus/jackson/jackson-jaxrs/1.9.13/jackson-jaxrs-1.9.13.jar:/home/user/.m2/repository/org/codehaus/jackson/jackson-xc/1.9.13/jackson-xc-1.9.13.jar:/home/user/.m2/repository/com/sun/jersey/jersey-server/1.19/jersey-server-1.19.jar:/home/user/.m2/repository/commons-logging/commons-logging/1.1.3/commons-logging-1.1.3.jar:/home/user/.m2/repository/log4j/log4j/1.2.17/log4j-1.2.17.jar:/home/user/.m2/repository/commons-beanutils/commons-beanutils/1.9.4/commons-beanutils-1.9.4.jar:/home/user/.m2/repository/org/apache/commons/commons-configuration2/2.1.1/commons-configuration2-2.1.1.jar:/home/user/.m2/repository/org/apache/commons/commons-lang3/3.7/commons-lang3-3.7.jar:/home/user/.m2/repository/org/apache/commons/commons-text/1.4/commons-text-1.4.jar:/home/user/.m2/repository/org/slf4j/slf4j-api/1.7.25/slf4j-api-1.7.25.jar:/home/user/.m2/repository/org/slf4j/slf4j-log4j12/1.7.25/slf4j-log4j12-1.7.25.jar:/home/user/.m2/repository/org/apache/avro/avro/1.7.7/avro-1.7.7.jar:/home/user/.m2/repository/com/thoughtworks/paranamer/paranamer/2.3/paranamer-2.3.jar:/home/user/.m2/repository/org/xerial/snappy/snappy-java/1.0.5/snappy-java-1.0.5.jar:/home/user/.m2/repository/com/google/re2j/re2j/1.1/re2j-1.1.jar:/home/user/.m2/repository/com/google/code/gson/gson/2.2.4/gson-2.2.4.jar:/home/user/.m2/repository/org/apache/hadoop/hadoop-auth/3.2.0/hadoop-auth-3.2.0.jar:/home/user/.m2/repository/com/nimbusds/nimbus-jose-jwt/4.41.1/nimbus-jose-jwt-4.41.1.jar:/home/user/.m2/repository/com/github/stephenc/jcip/jcip-annotations/1.0-1/jcip-annotations-1.0-1.jar:/home/user/.m2/repository/net/minidev/json-smart/2.3/json-smart-2.3.jar:/home/user/.m2/repository/net/minidev/accessors-smart/1.2/accessors-smart-1.2.jar:/home/user/.m2/repository/org/apache/curator/curator-framework/2.12.0/curator-framework-2.12.0.jar:/home/user/.m2/repository/com/jcraft/jsch/0.1.54/jsch-0.1.54.jar:/home/user/.m2/repository/org/apache/curator/curator-client/2.12.0/curator-client-2.12.0.jar:/home/user/.m2/repository/org/apache/curator/curator-recipes/2.12.0/curator-recipes-2.12.0.jar:/home/user/.m2/repository/com/google/code/findbugs/jsr305/3.0.0/jsr305-3.0.0.jar:/home/user/.m2/repository/org/apache/htrace/htrace-core4/4.1.0-incubating/htrace-core4-4.1.0-incubating.jar:/home/user/.m2/repository/org/apache/zookeeper/zookeeper/3.4.13/zookeeper-3.4.13.jar:/home/user/.m2/repository/jline/jline/0.9.94/jline-0.9.94.jar:/home/user/.m2/repository/org/apache/yetus/audience-annotations/0.5.0/audience-annotations-0.5.0.jar:/home/user/.m2/repository/org/apache/kerby/kerb-simplekdc/1.0.1/kerb-simplekdc-1.0.1.jar:/home/user/.m2/repository/org/apache/kerby/kerb-client/1.0.1/kerb-client-1.0.1.jar:/home/user/.m2/repository/org/apache/kerby/kerby-config/1.0.1/kerby-config-1.0.1.jar:/home/user/.m2/repository/org/apache/kerby/kerb-core/1.0.1/kerb-core-1.0.1.jar:/home/user/.m2/repository/org/apache/kerby/kerby-pkix/1.0.1/kerby-pkix-1.0.1.jar:/home/user/.m2/repository/org/apache/kerby/kerby-asn1/1.0.1/kerby-asn1-1.0.1.jar:/home/user/.m2/repository/org/apache/kerby/kerby-util/1.0.1/kerby-util-1.0.1.jar:/home/user/.m2/repository/org/apache/kerby/kerb-common/1.0.1/kerb-common-1.0.1.jar:/home/user/.m2/repository/org/apache/kerby/kerb-crypto/1.0.1/kerb-crypto-1.0.1.jar:/home/user/.m2/repository/org/apache/kerby/kerb-util/1.0.1/kerb-util-1.0.1.jar:/home/user/.m2/repository/org/apache/kerby/token-provider/1.0.1/token-provider-1.0.1.jar:/home/user/.m2/repository/org/apache/kerby/kerb-admin/1.0.1/kerb-admin-1.0.1.jar:/home/user/.m2/repository/org/apache/kerby/kerb-server/1.0.1/kerb-server-1.0.1.jar:/home/user/.m2/repository/org/apache/kerby/kerb-identity/1.0.1/kerb-identity-1.0.1.jar:/home/user/.m2/repository/org/apache/kerby/kerby-xdr/1.0.1/kerby-xdr-1.0.1.jar:/home/user/.m2/repository/com/fasterxml/jackson/core/jackson-databind/2.9.9/jackson-databind-2.9.9.jar:/home/user/.m2/repository/com/fasterxml/jackson/core/jackson-core/2.9.9/jackson-core-2.9.9.jar:/home/user/.m2/repository/org/codehaus/woodstox/stax2-api/3.1.4/stax2-api-3.1.4.jar:/home/user/.m2/repository/com/fasterxml/woodstox/woodstox-core/5.0.3/woodstox-core-5.0.3.jar:/home/user/.m2/repository/dnsjava/dnsjava/2.1.7/dnsjava-2.1.7.jar:/home/user/.m2/repository/org/apache/hadoop/hadoop-hdfs/3.2.0/hadoop-hdfs-3.2.0.jar:/home/user/.m2/repository/org/eclipse/jetty/jetty-util-ajax/9.3.25.v20180904/jetty-util-ajax-9.3.25.v20180904.jar:/home/user/.m2/repository/commons-daemon/commons-daemon/1.0.13/commons-daemon-1.0.13.jar:/home/user/.m2/repository/io/netty/netty/3.10.5.Final/netty-3.10.5.Final.jar:/home/user/.m2/repository/io/netty/netty-all/4.0.52.Final/netty-all-4.0.52.Final.jar:/home/user/.m2/repository/org/fusesource/leveldbjni/leveldbjni-all/1.8/leveldbjni-all-1.8.jar:/home/user/.m2/repository/com/sun/xml/bind/jaxb-core/2.3.0.1/jaxb-core-2.3.0.1.jar:/home/user/.m2/repository/javax/xml/bind/jaxb-api/2.3.0/jaxb-api-2.3.0.jar:/home/user/.m2/repository/javax/activation/activation/1.1.1/activation-1.1.1.jar:/home/user/.m2/repository/org/openjdk/jmh/jmh-core/1.19/jmh-core-1.19.jar:/home/user/.m2/repository/net/sf/jopt-simple/jopt-simple/4.6/jopt-simple-4.6.jar:/home/user/.m2/repository/org/openjdk/jmh/jmh-generator-annprocess/1.19/jmh-generator-annprocess-1.19.jar:/home/user/.m2/repository/io/dropwizard/metrics/metrics-core/3.2.4/metrics-core-3.2.4.jar:/home/user/.m2/repository/com/amazonaws/aws-java-sdk-s3/1.11.615/aws-java-sdk-s3-1.11.615.jar:/home/user/.m2/repository/com/amazonaws/aws-java-sdk-kms/1.11.615/aws-java-sdk-kms-1.11.615.jar:/home/user/.m2/repository/com/amazonaws/aws-java-sdk-core/1.11.615/aws-java-sdk-core-1.11.615.jar:/home/user/.m2/repository/software/amazon/ion/ion-java/1.0.2/ion-java-1.0.2.jar:/home/user/.m2/repository/com/fasterxml/jackson/dataformat/jackson-dataformat-cbor/2.9.9/jackson-dataformat-cbor-2.9.9.jar:/home/user/.m2/repository/joda-time/joda-time/2.9.9/joda-time-2.9.9.jar:/home/user/.m2/repository/com/amazonaws/jmespath-java/1.11.615/jmespath-java-1.11.615.jar:/home/user/.m2/repository/com/github/spotbugs/spotbugs/3.1.12/spotbugs-3.1.12.jar:/home/user/.m2/repository/org/ow2/asm/asm/5.0.4/asm-5.0.4.jar:/home/user/.m2/repository/org/ow2/asm/asm-analysis/7.0/asm-analysis-7.0.jar:/home/user/.m2/repository/org/ow2/asm/asm-commons/7.0/asm-commons-7.0.jar:/home/user/.m2/repository/org/ow2/asm/asm-tree/7.0/asm-tree-7.0.jar:/home/user/.m2/repository/org/ow2/asm/asm-util/7.0/asm-util-7.0.jar:/home/user/.m2/repository/org/apache/bcel/bcel/6.3/bcel-6.3.jar:/home/user/.m2/repository/net/jcip/jcip-annotations/1.0/jcip-annotations-1.0.jar:/home/user/.m2/repository/org/dom4j/dom4j/2.1.1/dom4j-2.1.1.jar:/home/user/.m2/repository/jaxen/jaxen/1.1.6/jaxen-1.1.6.jar:/home/user/.m2/repository/commons-lang/commons-lang/2.6/commons-lang-2.6.jar:/home/user/.m2/repository/com/github/spotbugs/spotbugs-annotations/3.1.12/spotbugs-annotations-3.1.12.jar:/home/user/.m2/repository/junit/junit/4.11/junit-4.11.jar:/home/user/.m2/repository/org/hamcrest/hamcrest-core/1.3/hamcrest-core-1.3.jar:/home/user/.m2/repository/org/apache/hadoop/hadoop-common/3.2.0/hadoop-common-3.2.0-tests.jar:/workdir/hadoop-ozone/integration-test/target/test-classes:/home/user/.m2/repository/org/apache/hadoop/hadoop-ozone-s3gateway/0.5.0-SNAPSHOT/hadoop-ozone-s3gateway-0.5.0-SNAPSHOT.jar:/home/user/.m2/repository/org/jboss/weld/servlet/weld-servlet/2.4.7.Final/weld-servlet-2.4.7.Final.jar:/home/user/.m2/repository/org/glassfish/jersey/containers/jersey-container-servlet-core/2.27/jersey-container-servlet-core-2.27.jar:/home/user/.m2/repository/org/glassfish/hk2/external/javax.inject/2.5.0-b42/javax.inject-2.5.0-b42.jar:/home/user/.m2/repository/org/glassfish/jersey/core/jersey-common/2.27/jersey-common-2.27.jar:/home/user/.m2/repository/org/glassfish/hk2/osgi-resource-locator/1.0.1/osgi-resource-locator-1.0.1.jar:/home/user/.m2/repository/javax/ws/rs/javax.ws.rs-api/2.1/javax.ws.rs-api-2.1.jar:/home/user/.m2/repository/org/glassfish/jersey/ext/cdi/jersey-cdi1x/2.27/jersey-cdi1x-2.27.jar:/home/user/.m2/repository/org/glassfish/jersey/inject/jersey-hk2/2.27/jersey-hk2-2.27.jar:/home/user/.m2/repository/org/glassfish/hk2/hk2-locator/2.5.0-b42/hk2-locator-2.5.0-b42.jar:/home/user/.m2/repository/org/javassist/javassist/3.22.0-CR2/javassist-3.22.0-CR2.jar:/home/user/.m2/repository/org/glassfish/hk2/hk2-api/2.5.0/hk2-api-2.5.0.jar:/home/user/.m2/repository/org/glassfish/hk2/external/jakarta.inject/2.5.0/jakarta.inject-2.5.0.jar:/home/user/.m2/repository/org/glassfish/hk2/hk2-utils/2.5.0/hk2-utils-2.5.0.jar:/home/user/.m2/repository/jakarta/annotation/jakarta.annotation-api/1.3.4/jakarta.annotation-api-1.3.4.jar:/home/user/.m2/repository/org/glassfish/hk2/external/aopalliance-repackaged/2.5.0/aopalliance-repackaged-2.5.0.jar:/home/user/.m2/repository/com/fasterxml/jackson/dataformat/jackson-dataformat-xml/2.9.0/jackson-dataformat-xml-2.9.0.jar:/home/user/.m2/repository/com/fasterxml/jackson/module/jackson-module-jaxb-annotations/2.9.9/jackson-module-jaxb-annotations-2.9.9.jar:/home/user/.m2/repository/javax/enterprise/cdi-api/1.2/cdi-api-1.2.jar:/home/user/.m2/repository/javax/el/javax.el-api/3.0.0/javax.el-api-3.0.0.jar:/home/user/.m2/repository/javax/interceptor/javax.interceptor-api/1.2/javax.interceptor-api-1.2.jar:/home/user/.m2/repository/javax/inject/javax.inject/1/javax.inject-1.jar:/home/user/.m2/repository/org/apache/hadoop/hadoop-ozone-csi/0.5.0-SNAPSHOT/hadoop-ozone-csi-0.5.0-SNAPSHOT.jar:/home/user/.m2/repository/com/google/protobuf/protobuf-java-util/3.5.1/protobuf-java-util-3.5.1.jar:/home/user/.m2/repository/io/grpc/grpc-netty/1.17.1/grpc-netty-1.17.1.jar:/home/user/.m2/repository/io/grpc/grpc-core/1.17.1/grpc-core-1.17.1.jar:/home/user/.m2/repository/io/grpc/grpc-context/1.17.1/grpc-context-1.17.1.jar:/home/user/.m2/repository/com/google/errorprone/error_prone_annotations/2.2.0/error_prone_annotations-2.2.0.jar:/home/user/.m2/repository/org/codehaus/mojo/animal-sniffer-annotations/1.17/animal-sniffer-annotations-1.17.jar:/home/user/.m2/repository/io/opencensus/opencensus-api/0.17.0/opencensus-api-0.17.0.jar:/home/user/.m2/repository/io/opencensus/opencensus-contrib-grpc-metrics/0.17.0/opencensus-contrib-grpc-metrics-0.17.0.jar:/home/user/.m2/repository/io/netty/netty-codec-http2/4.1.30.Final/netty-codec-http2-4.1.30.Final.jar:/home/user/.m2/repository/io/netty/netty-codec-http/4.1.30.Final/netty-codec-http-4.1.30.Final.jar:/home/user/.m2/repository/io/netty/netty-codec/4.1.30.Final/netty-codec-4.1.30.Final.jar:/home/user/.m2/repository/io/netty/netty-handler/4.1.30.Final/netty-handler-4.1.30.Final.jar:/home/user/.m2/repository/io/netty/netty-handler-proxy/4.1.30.Final/netty-handler-proxy-4.1.30.Final.jar:/home/user/.m2/repository/io/netty/netty-codec-socks/4.1.30.Final/netty-codec-socks-4.1.30.Final.jar:/home/user/.m2/repository/io/netty/netty-transport-native-epoll/4.1.30.Final/netty-transport-native-epoll-4.1.30.Final.jar:/home/user/.m2/repository/io/netty/netty-common/4.1.30.Final/netty-common-4.1.30.Final.jar:/home/user/.m2/repository/io/netty/netty-buffer/4.1.30.Final/netty-buffer-4.1.30.Final.jar:/home/user/.m2/repository/io/netty/netty-transport/4.1.30.Final/netty-transport-4.1.30.Final.jar:/home/user/.m2/repository/io/netty/netty-resolver/4.1.30.Final/netty-resolver-4.1.30.Final.jar:/home/user/.m2/repository/io/netty/netty-transport-native-unix-common/4.1.30.Final/netty-transport-native-unix-common-4.1.30.Final.jar:/home/user/.m2/repository/io/grpc/grpc-protobuf/1.17.1/grpc-protobuf-1.17.1.jar:/home/user/.m2/repository/com/google/api/grpc/proto-google-common-protos/1.0.0/proto-google-common-protos-1.0.0.jar:/home/user/.m2/repository/io/grpc/grpc-protobuf-lite/1.17.1/grpc-protobuf-lite-1.17.1.jar:/home/user/.m2/repository/io/grpc/grpc-stub/1.17.1/grpc-stub-1.17.1.jar:/home/user/.m2/repository/org/apache/hadoop/hadoop-ozone-recon/0.5.0-SNAPSHOT/hadoop-ozone-recon-0.5.0-SNAPSHOT.jar:/home/user/.m2/repository/org/apache/hadoop/hadoop-ozone-reconcodegen/0.5.0-SNAPSHOT/hadoop-ozone-reconcodegen-0.5.0-SNAPSHOT.jar:/home/user/.m2/repository/com/google/inject/extensions/guice-multibindings/4.0/guice-multibindings-4.0.jar:/home/user/.m2/repository/com/google/inject/guice/4.0/guice-4.0.jar:/home/user/.m2/repository/aopalliance/aopalliance/1.0/aopalliance-1.0.jar:/home/user/.m2/repository/com/google/inject/extensions/guice-servlet/4.0/guice-servlet-4.0.jar:/home/user/.m2/repository/org/glassfish/jersey/containers/jersey-container-servlet/2.27/jersey-container-servlet-2.27.jar:/home/user/.m2/repository/org/glassfish/hk2/guice-bridge/2.5.0/guice-bridge-2.5.0.jar:/home/user/.m2/repository/org/glassfish/jersey/core/jersey-server/2.27/jersey-server-2.27.jar:/home/user/.m2/repository/org/glassfish/jersey/core/jersey-client/2.27/jersey-client-2.27.jar:/home/user/.m2/repository/org/glassfish/jersey/media/jersey-media-jaxb/2.27/jersey-media-jaxb-2.27.jar:/home/user/.m2/repository/javax/validation/validation-api/1.1.0.Final/validation-api-1.1.0.Final.jar:/home/user/.m2/repository/org/glassfish/jersey/media/jersey-media-json-jackson/2.27/jersey-media-json-jackson-2.27.jar:/home/user/.m2/repository/org/glassfish/jersey/ext/jersey-entity-filtering/2.27/jersey-entity-filtering-2.27.jar:/home/user/.m2/repository/com/google/inject/extensions/guice-assistedinject/4.0/guice-assistedinject-4.0.jar:/home/user/.m2/repository/org/jooq/jooq/3.11.10/jooq-3.11.10.jar:/home/user/.m2/repository/org/jooq/jooq-meta/3.11.10/jooq-meta-3.11.10.jar:/home/user/.m2/repository/org/jooq/jooq-codegen/3.11.10/jooq-codegen-3.11.10.jar:/home/user/.m2/repository/com/jolbox/bonecp/0.8.0.RELEASE/bonecp-0.8.0.RELEASE.jar:/home/user/.m2/repository/org/springframework/spring-jdbc/5.1.3.RELEASE/spring-jdbc-5.1.3.RELEASE.jar:/home/user/.m2/repository/org/springframework/spring-beans/5.1.3.RELEASE/spring-beans-5.1.3.RELEASE.jar:/home/user/.m2/repository/org/springframework/spring-core/5.1.3.RELEASE/spring-core-5.1.3.RELEASE.jar:/home/user/.m2/repository/org/springframework/spring-jcl/5.1.3.RELEASE/spring-jcl-5.1.3.RELEASE.jar:/home/user/.m2/repository/org/springframework/spring-tx/5.1.3.RELEASE/spring-tx-5.1.3.RELEASE.jar:/home/user/.m2/repository/org/mockito/mockito-core/2.15.0/mockito-core-2.15.0.jar:/home/user/.m2/repository/net/bytebuddy/byte-buddy/1.7.9/byte-buddy-1.7.9.jar:/home/user/.m2/repository/net/bytebuddy/byte-buddy-agent/1.7.9/byte-buddy-agent-1.7.9.jar:/home/user/.m2/repository/org/objenesis/objenesis/1.0/objenesis-1.0.jar:"/>
    <property name="java.vm.vendor" value="Oracle Corporation"/>
    <property name="sun.arch.data.model" value="64"/>
    <property name="test.build.dir" value="/workdir/hadoop-ozone/tools/target/test-dir"/>
    <property name="test.cache.data" value=""/>
    <property name="java.vendor.url" value="http://java.oracle.com/"/>
    <property name="user.timezone" value=""/>
    <property name="java.vm.specification.version" value="1.8"/>
    <property name="os.name" value="Linux"/>
    <property name="test.build.data" value="/workdir/hadoop-ozone/tools/target/test-dir"/>
    <property name="user.country" value="US"/>
    <property name="sun.java.launcher" value="SUN_STANDARD"/>
    <property name="sun.boot.library.path" value="/usr/lib/jvm/java-1.8.0-openjdk-1.8.0.222.b10-1.el7_7.x86_64/jre/lib/amd64"/>
    <property name="sun.java.command" value="/workdir/hadoop-ozone/tools/target/surefire/surefirebooter1863622475405790639.jar /workdir/hadoop-ozone/tools/target/surefire 2019-10-17T18-57-27_965-jvmRun1 surefire4818999411523204376tmp surefire_1063075112768593042438tmp"/>
    <property name="surefire.test.class.path" value="/workdir/hadoop-ozone/tools/target/test-classes:/workdir/hadoop-ozone/tools/target/classes:/home/user/.m2/repository/org/apache/hadoop/hadoop-ozone-ozone-manager/0.5.0-SNAPSHOT/hadoop-ozone-ozone-manager-0.5.0-SNAPSHOT.jar:/home/user/.m2/repository/org/apache/hadoop/hadoop-hdds-docs/0.5.0-SNAPSHOT/hadoop-hdds-docs-0.5.0-SNAPSHOT.jar:/home/user/.m2/repository/org/bouncycastle/bcprov-jdk15on/1.60/bcprov-jdk15on-1.60.jar:/home/user/.m2/repository/org/apache/hadoop/hadoop-ozone-common/0.5.0-SNAPSHOT/hadoop-ozone-common-0.5.0-SNAPSHOT.jar:/home/user/.m2/repository/org/apache/commons/commons-compress/1.4.1/commons-compress-1.4.1.jar:/home/user/.m2/repository/org/tukaani/xz/1.0/xz-1.0.jar:/home/user/.m2/repository/org/apache/hadoop/hadoop-hdfs-client/3.2.0/hadoop-hdfs-client-3.2.0.jar:/home/user/.m2/repository/com/fasterxml/jackson/core/jackson-annotations/2.9.9/jackson-annotations-2.9.9.jar:/home/user/.m2/repository/org/apache/hadoop/hadoop-hdds-common/0.5.0-SNAPSHOT/hadoop-hdds-common-0.5.0-SNAPSHOT.jar:/home/user/.m2/repository/org/apache/hadoop/hadoop-hdds-config/0.5.0-SNAPSHOT/hadoop-hdds-config-0.5.0-SNAPSHOT.jar:/home/user/.m2/repository/javax/annotation/javax.annotation-api/1.2/javax.annotation-api-1.2.jar:/home/user/.m2/repository/org/apache/ratis/ratis-server/0.5.0-3f446aa-SNAPSHOT/ratis-server-0.5.0-3f446aa-SNAPSHOT.jar:/home/user/.m2/repository/org/apache/ratis/ratis-thirdparty-misc/0.2.0/ratis-thirdparty-misc-0.2.0.jar:/home/user/.m2/repository/org/apache/ratis/ratis-proto/0.5.0-3f446aa-SNAPSHOT/ratis-proto-0.5.0-3f446aa-SNAPSHOT.jar:/home/user/.m2/repository/org/apache/ratis/ratis-common/0.5.0-3f446aa-SNAPSHOT/ratis-common-0.5.0-3f446aa-SNAPSHOT.jar:/home/user/.m2/repository/org/apache/ratis/ratis-client/0.5.0-3f446aa-SNAPSHOT/ratis-client-0.5.0-3f446aa-SNAPSHOT.jar:/home/user/.m2/repository/org/apache/ratis/ratis-metrics/0.5.0-3f446aa-SNAPSHOT/ratis-metrics-0.5.0-3f446aa-SNAPSHOT.jar:/home/user/.m2/repository/com/github/joshelser/dropwizard-metrics-hadoop-metrics2-reporter/0.1.2/dropwizard-metrics-hadoop-metrics2-reporter-0.1.2.jar:/home/user/.m2/repository/io/dropwizard/metrics/metrics-jvm/3.2.5/metrics-jvm-3.2.5.jar:/home/user/.m2/repository/io/dropwizard/metrics/metrics-ganglia/3.2.5/metrics-ganglia-3.2.5.jar:/home/user/.m2/repository/info/ganglia/gmetric4j/gmetric4j/1.0.7/gmetric4j-1.0.7.jar:/home/user/.m2/repository/org/apache/ratis/ratis-netty/0.5.0-3f446aa-SNAPSHOT/ratis-netty-0.5.0-3f446aa-SNAPSHOT.jar:/home/user/.m2/repository/org/apache/ratis/ratis-grpc/0.5.0-3f446aa-SNAPSHOT/ratis-grpc-0.5.0-3f446aa-SNAPSHOT.jar:/home/user/.m2/repository/org/rocksdb/rocksdbjni/6.0.1/rocksdbjni-6.0.1.jar:/home/user/.m2/repository/org/apache/logging/log4j/log4j-api/2.11.0/log4j-api-2.11.0.jar:/home/user/.m2/repository/org/apache/logging/log4j/log4j-core/2.11.0/log4j-core-2.11.0.jar:/home/user/.m2/repository/com/lmax/disruptor/3.4.2/disruptor-3.4.2.jar:/home/user/.m2/repository/org/apache/commons/commons-pool2/2.6.0/commons-pool2-2.6.0.jar:/home/user/.m2/repository/org/bouncycastle/bcpkix-jdk15on/1.60/bcpkix-jdk15on-1.60.jar:/home/user/.m2/repository/commons-validator/commons-validator/1.6/commons-validator-1.6.jar:/home/user/.m2/repository/commons-digester/commons-digester/1.8.1/commons-digester-1.8.1.jar:/home/user/.m2/repository/io/jaegertracing/jaeger-client/0.34.0/jaeger-client-0.34.0.jar:/home/user/.m2/repository/io/jaegertracing/jaeger-thrift/0.34.0/jaeger-thrift-0.34.0.jar:/home/user/.m2/repository/org/apache/thrift/libthrift/0.12.0/libthrift-0.12.0.jar:/home/user/.m2/repository/com/squareup/okhttp3/okhttp/3.9.0/okhttp-3.9.0.jar:/home/user/.m2/repository/com/squareup/okio/okio/1.13.0/okio-1.13.0.jar:/home/user/.m2/repository/io/jaegertracing/jaeger-core/0.34.0/jaeger-core-0.34.0.jar:/home/user/.m2/repository/io/jaegertracing/jaeger-tracerresolver/0.34.0/jaeger-tracerresolver-0.34.0.jar:/home/user/.m2/repository/io/opentracing/contrib/opentracing-tracerresolver/0.1.5/opentracing-tracerresolver-0.1.5.jar:/home/user/.m2/repository/io/opentracing/opentracing-util/0.31.0/opentracing-util-0.31.0.jar:/home/user/.m2/repository/io/opentracing/opentracing-api/0.31.0/opentracing-api-0.31.0.jar:/home/user/.m2/repository/io/opentracing/opentracing-noop/0.31.0/opentracing-noop-0.31.0.jar:/home/user/.m2/repository/org/yaml/snakeyaml/1.16/snakeyaml-1.16.jar:/home/user/.m2/repository/org/apache/hadoop/hadoop-hdds-container-service/0.5.0-SNAPSHOT/hadoop-hdds-container-service-0.5.0-SNAPSHOT.jar:/home/user/.m2/repository/org/apache/hadoop/hadoop-hdds-client/0.5.0-SNAPSHOT/hadoop-hdds-client-0.5.0-SNAPSHOT.jar:/home/user/.m2/repository/org/apache/hadoop/hadoop-hdds-tools/0.5.0-SNAPSHOT/hadoop-hdds-tools-0.5.0-SNAPSHOT.jar:/home/user/.m2/repository/org/xerial/sqlite-jdbc/3.25.2/sqlite-jdbc-3.25.2.jar:/home/user/.m2/repository/org/apache/hadoop/hadoop-hdds-server-scm/0.5.0-SNAPSHOT/hadoop-hdds-server-scm-0.5.0-SNAPSHOT.jar:/home/user/.m2/repository/org/hamcrest/hamcrest-all/1.3/hamcrest-all-1.3.jar:/home/user/.m2/repository/info/picocli/picocli/3.9.6/picocli-3.9.6.jar:/home/user/.m2/repository/com/google/protobuf/protobuf-java/2.5.0/protobuf-java-2.5.0.jar:/home/user/.m2/repository/com/google/guava/guava/11.0.2/guava-11.0.2.jar:/home/user/.m2/repository/org/apache/hadoop/hadoop-ozone-client/0.5.0-SNAPSHOT/hadoop-ozone-client-0.5.0-SNAPSHOT.jar:/workdir/hadoop-ozone/ozonefs/target/classes:/home/user/.m2/repository/org/apache/httpcomponents/httpclient/4.5.2/httpclient-4.5.2.jar:/home/user/.m2/repository/org/apache/httpcomponents/httpcore/4.4.4/httpcore-4.4.4.jar:/home/user/.m2/repository/org/apache/hadoop/hadoop-hdds-server-framework/0.5.0-SNAPSHOT/hadoop-hdds-server-framework-0.5.0-SNAPSHOT.jar:/home/user/.m2/repository/org/apache/hadoop/hadoop-common/3.2.0/hadoop-common-3.2.0.jar:/home/user/.m2/repository/org/apache/hadoop/hadoop-annotations/3.2.0/hadoop-annotations-3.2.0.jar:/usr/lib/jvm/java-1.8.0-openjdk-1.8.0.222.b10-1.el7_7.x86_64/jre/../lib/tools.jar:/home/user/.m2/repository/commons-cli/commons-cli/1.2/commons-cli-1.2.jar:/home/user/.m2/repository/org/apache/commons/commons-math3/3.1.1/commons-math3-3.1.1.jar:/home/user/.m2/repository/commons-codec/commons-codec/1.11/commons-codec-1.11.jar:/home/user/.m2/repository/commons-io/commons-io/2.5/commons-io-2.5.jar:/home/user/.m2/repository/commons-net/commons-net/3.6/commons-net-3.6.jar:/home/user/.m2/repository/commons-collections/commons-collections/3.2.2/commons-collections-3.2.2.jar:/home/user/.m2/repository/javax/servlet/javax.servlet-api/3.1.0/javax.servlet-api-3.1.0.jar:/home/user/.m2/repository/org/eclipse/jetty/jetty-server/9.3.25.v20180904/jetty-server-9.3.25.v20180904.jar:/home/user/.m2/repository/org/eclipse/jetty/jetty-http/9.3.25.v20180904/jetty-http-9.3.25.v20180904.jar:/home/user/.m2/repository/org/eclipse/jetty/jetty-io/9.3.25.v20180904/jetty-io-9.3.25.v20180904.jar:/home/user/.m2/repository/org/eclipse/jetty/jetty-util/9.3.25.v20180904/jetty-util-9.3.25.v20180904.jar:/home/user/.m2/repository/org/eclipse/jetty/jetty-servlet/9.3.25.v20180904/jetty-servlet-9.3.25.v20180904.jar:/home/user/.m2/repository/org/eclipse/jetty/jetty-security/9.3.25.v20180904/jetty-security-9.3.25.v20180904.jar:/home/user/.m2/repository/org/eclipse/jetty/jetty-webapp/9.3.25.v20180904/jetty-webapp-9.3.25.v20180904.jar:/home/user/.m2/repository/org/eclipse/jetty/jetty-xml/9.3.25.v20180904/jetty-xml-9.3.25.v20180904.jar:/home/user/.m2/repository/javax/servlet/jsp/jsp-api/2.1/jsp-api-2.1.jar:/home/user/.m2/repository/com/sun/jersey/jersey-core/1.19/jersey-core-1.19.jar:/home/user/.m2/repository/javax/ws/rs/jsr311-api/1.1.1/jsr311-api-1.1.1.jar:/home/user/.m2/repository/com/sun/jersey/jersey-servlet/1.19/jersey-servlet-1.19.jar:/home/user/.m2/repository/com/sun/jersey/jersey-json/1.19/jersey-json-1.19.jar:/home/user/.m2/repository/org/codehaus/jettison/jettison/1.1/jettison-1.1.jar:/home/user/.m2/repository/com/sun/xml/bind/jaxb-impl/2.3.0.1/jaxb-impl-2.3.0.1.jar:/home/user/.m2/repository/org/codehaus/jackson/jackson-core-asl/1.9.13/jackson-core-asl-1.9.13.jar:/home/user/.m2/repository/org/codehaus/jackson/jackson-mapper-asl/1.9.13/jackson-mapper-asl-1.9.13.jar:/home/user/.m2/repository/org/codehaus/jackson/jackson-jaxrs/1.9.13/jackson-jaxrs-1.9.13.jar:/home/user/.m2/repository/org/codehaus/jackson/jackson-xc/1.9.13/jackson-xc-1.9.13.jar:/home/user/.m2/repository/com/sun/jersey/jersey-server/1.19/jersey-server-1.19.jar:/home/user/.m2/repository/commons-logging/commons-logging/1.1.3/commons-logging-1.1.3.jar:/home/user/.m2/repository/log4j/log4j/1.2.17/log4j-1.2.17.jar:/home/user/.m2/repository/commons-beanutils/commons-beanutils/1.9.4/commons-beanutils-1.9.4.jar:/home/user/.m2/repository/org/apache/commons/commons-configuration2/2.1.1/commons-configuration2-2.1.1.jar:/home/user/.m2/repository/org/apache/commons/commons-lang3/3.7/commons-lang3-3.7.jar:/home/user/.m2/repository/org/apache/commons/commons-text/1.4/commons-text-1.4.jar:/home/user/.m2/repository/org/slf4j/slf4j-api/1.7.25/slf4j-api-1.7.25.jar:/home/user/.m2/repository/org/slf4j/slf4j-log4j12/1.7.25/slf4j-log4j12-1.7.25.jar:/home/user/.m2/repository/org/apache/avro/avro/1.7.7/avro-1.7.7.jar:/home/user/.m2/repository/com/thoughtworks/paranamer/paranamer/2.3/paranamer-2.3.jar:/home/user/.m2/repository/org/xerial/snappy/snappy-java/1.0.5/snappy-java-1.0.5.jar:/home/user/.m2/repository/com/google/re2j/re2j/1.1/re2j-1.1.jar:/home/user/.m2/repository/com/google/code/gson/gson/2.2.4/gson-2.2.4.jar:/home/user/.m2/repository/org/apache/hadoop/hadoop-auth/3.2.0/hadoop-auth-3.2.0.jar:/home/user/.m2/repository/com/nimbusds/nimbus-jose-jwt/4.41.1/nimbus-jose-jwt-4.41.1.jar:/home/user/.m2/repository/com/github/stephenc/jcip/jcip-annotations/1.0-1/jcip-annotations-1.0-1.jar:/home/user/.m2/repository/net/minidev/json-smart/2.3/json-smart-2.3.jar:/home/user/.m2/repository/net/minidev/accessors-smart/1.2/accessors-smart-1.2.jar:/home/user/.m2/repository/org/apache/curator/curator-framework/2.12.0/curator-framework-2.12.0.jar:/home/user/.m2/repository/com/jcraft/jsch/0.1.54/jsch-0.1.54.jar:/home/user/.m2/repository/org/apache/curator/curator-client/2.12.0/curator-client-2.12.0.jar:/home/user/.m2/repository/org/apache/curator/curator-recipes/2.12.0/curator-recipes-2.12.0.jar:/home/user/.m2/repository/com/google/code/findbugs/jsr305/3.0.0/jsr305-3.0.0.jar:/home/user/.m2/repository/org/apache/htrace/htrace-core4/4.1.0-incubating/htrace-core4-4.1.0-incubating.jar:/home/user/.m2/repository/org/apache/zookeeper/zookeeper/3.4.13/zookeeper-3.4.13.jar:/home/user/.m2/repository/jline/jline/0.9.94/jline-0.9.94.jar:/home/user/.m2/repository/org/apache/yetus/audience-annotations/0.5.0/audience-annotations-0.5.0.jar:/home/user/.m2/repository/org/apache/kerby/kerb-simplekdc/1.0.1/kerb-simplekdc-1.0.1.jar:/home/user/.m2/repository/org/apache/kerby/kerb-client/1.0.1/kerb-client-1.0.1.jar:/home/user/.m2/repository/org/apache/kerby/kerby-config/1.0.1/kerby-config-1.0.1.jar:/home/user/.m2/repository/org/apache/kerby/kerb-core/1.0.1/kerb-core-1.0.1.jar:/home/user/.m2/repository/org/apache/kerby/kerby-pkix/1.0.1/kerby-pkix-1.0.1.jar:/home/user/.m2/repository/org/apache/kerby/kerby-asn1/1.0.1/kerby-asn1-1.0.1.jar:/home/user/.m2/repository/org/apache/kerby/kerby-util/1.0.1/kerby-util-1.0.1.jar:/home/user/.m2/repository/org/apache/kerby/kerb-common/1.0.1/kerb-common-1.0.1.jar:/home/user/.m2/repository/org/apache/kerby/kerb-crypto/1.0.1/kerb-crypto-1.0.1.jar:/home/user/.m2/repository/org/apache/kerby/kerb-util/1.0.1/kerb-util-1.0.1.jar:/home/user/.m2/repository/org/apache/kerby/token-provider/1.0.1/token-provider-1.0.1.jar:/home/user/.m2/repository/org/apache/kerby/kerb-admin/1.0.1/kerb-admin-1.0.1.jar:/home/user/.m2/repository/org/apache/kerby/kerb-server/1.0.1/kerb-server-1.0.1.jar:/home/user/.m2/repository/org/apache/kerby/kerb-identity/1.0.1/kerb-identity-1.0.1.jar:/home/user/.m2/repository/org/apache/kerby/kerby-xdr/1.0.1/kerby-xdr-1.0.1.jar:/home/user/.m2/repository/com/fasterxml/jackson/core/jackson-databind/2.9.9/jackson-databind-2.9.9.jar:/home/user/.m2/repository/com/fasterxml/jackson/core/jackson-core/2.9.9/jackson-core-2.9.9.jar:/home/user/.m2/repository/org/codehaus/woodstox/stax2-api/3.1.4/stax2-api-3.1.4.jar:/home/user/.m2/repository/com/fasterxml/woodstox/woodstox-core/5.0.3/woodstox-core-5.0.3.jar:/home/user/.m2/repository/dnsjava/dnsjava/2.1.7/dnsjava-2.1.7.jar:/home/user/.m2/repository/org/apache/hadoop/hadoop-hdfs/3.2.0/hadoop-hdfs-3.2.0.jar:/home/user/.m2/repository/org/eclipse/jetty/jetty-util-ajax/9.3.25.v20180904/jetty-util-ajax-9.3.25.v20180904.jar:/home/user/.m2/repository/commons-daemon/commons-daemon/1.0.13/commons-daemon-1.0.13.jar:/home/user/.m2/repository/io/netty/netty/3.10.5.Final/netty-3.10.5.Final.jar:/home/user/.m2/repository/io/netty/netty-all/4.0.52.Final/netty-all-4.0.52.Final.jar:/home/user/.m2/repository/org/fusesource/leveldbjni/leveldbjni-all/1.8/leveldbjni-all-1.8.jar:/home/user/.m2/repository/com/sun/xml/bind/jaxb-core/2.3.0.1/jaxb-core-2.3.0.1.jar:/home/user/.m2/repository/javax/xml/bind/jaxb-api/2.3.0/jaxb-api-2.3.0.jar:/home/user/.m2/repository/javax/activation/activation/1.1.1/activation-1.1.1.jar:/home/user/.m2/repository/org/openjdk/jmh/jmh-core/1.19/jmh-core-1.19.jar:/home/user/.m2/repository/net/sf/jopt-simple/jopt-simple/4.6/jopt-simple-4.6.jar:/home/user/.m2/repository/org/openjdk/jmh/jmh-generator-annprocess/1.19/jmh-generator-annprocess-1.19.jar:/home/user/.m2/repository/io/dropwizard/metrics/metrics-core/3.2.4/metrics-core-3.2.4.jar:/home/user/.m2/repository/com/amazonaws/aws-java-sdk-s3/1.11.615/aws-java-sdk-s3-1.11.615.jar:/home/user/.m2/repository/com/amazonaws/aws-java-sdk-kms/1.11.615/aws-java-sdk-kms-1.11.615.jar:/home/user/.m2/repository/com/amazonaws/aws-java-sdk-core/1.11.615/aws-java-sdk-core-1.11.615.jar:/home/user/.m2/repository/software/amazon/ion/ion-java/1.0.2/ion-java-1.0.2.jar:/home/user/.m2/repository/com/fasterxml/jackson/dataformat/jackson-dataformat-cbor/2.9.9/jackson-dataformat-cbor-2.9.9.jar:/home/user/.m2/repository/joda-time/joda-time/2.9.9/joda-time-2.9.9.jar:/home/user/.m2/repository/com/amazonaws/jmespath-java/1.11.615/jmespath-java-1.11.615.jar:/home/user/.m2/repository/com/github/spotbugs/spotbugs/3.1.12/spotbugs-3.1.12.jar:/home/user/.m2/repository/org/ow2/asm/asm/5.0.4/asm-5.0.4.jar:/home/user/.m2/repository/org/ow2/asm/asm-analysis/7.0/asm-analysis-7.0.jar:/home/user/.m2/repository/org/ow2/asm/asm-commons/7.0/asm-commons-7.0.jar:/home/user/.m2/repository/org/ow2/asm/asm-tree/7.0/asm-tree-7.0.jar:/home/user/.m2/repository/org/ow2/asm/asm-util/7.0/asm-util-7.0.jar:/home/user/.m2/repository/org/apache/bcel/bcel/6.3/bcel-6.3.jar:/home/user/.m2/repository/net/jcip/jcip-annotations/1.0/jcip-annotations-1.0.jar:/home/user/.m2/repository/org/dom4j/dom4j/2.1.1/dom4j-2.1.1.jar:/home/user/.m2/repository/jaxen/jaxen/1.1.6/jaxen-1.1.6.jar:/home/user/.m2/repository/commons-lang/commons-lang/2.6/commons-lang-2.6.jar:/home/user/.m2/repository/com/github/spotbugs/spotbugs-annotations/3.1.12/spotbugs-annotations-3.1.12.jar:/home/user/.m2/repository/junit/junit/4.11/junit-4.11.jar:/home/user/.m2/repository/org/hamcrest/hamcrest-core/1.3/hamcrest-core-1.3.jar:/home/user/.m2/repository/org/apache/hadoop/hadoop-common/3.2.0/hadoop-common-3.2.0-tests.jar:/workdir/hadoop-ozone/integration-test/target/test-classes:/home/user/.m2/repository/org/apache/hadoop/hadoop-ozone-s3gateway/0.5.0-SNAPSHOT/hadoop-ozone-s3gateway-0.5.0-SNAPSHOT.jar:/home/user/.m2/repository/org/jboss/weld/servlet/weld-servlet/2.4.7.Final/weld-servlet-2.4.7.Final.jar:/home/user/.m2/repository/org/glassfish/jersey/containers/jersey-container-servlet-core/2.27/jersey-container-servlet-core-2.27.jar:/home/user/.m2/repository/org/glassfish/hk2/external/javax.inject/2.5.0-b42/javax.inject-2.5.0-b42.jar:/home/user/.m2/repository/org/glassfish/jersey/core/jersey-common/2.27/jersey-common-2.27.jar:/home/user/.m2/repository/org/glassfish/hk2/osgi-resource-locator/1.0.1/osgi-resource-locator-1.0.1.jar:/home/user/.m2/repository/javax/ws/rs/javax.ws.rs-api/2.1/javax.ws.rs-api-2.1.jar:/home/user/.m2/repository/org/glassfish/jersey/ext/cdi/jersey-cdi1x/2.27/jersey-cdi1x-2.27.jar:/home/user/.m2/repository/org/glassfish/jersey/inject/jersey-hk2/2.27/jersey-hk2-2.27.jar:/home/user/.m2/repository/org/glassfish/hk2/hk2-locator/2.5.0-b42/hk2-locator-2.5.0-b42.jar:/home/user/.m2/repository/org/javassist/javassist/3.22.0-CR2/javassist-3.22.0-CR2.jar:/home/user/.m2/repository/org/glassfish/hk2/hk2-api/2.5.0/hk2-api-2.5.0.jar:/home/user/.m2/repository/org/glassfish/hk2/external/jakarta.inject/2.5.0/jakarta.inject-2.5.0.jar:/home/user/.m2/repository/org/glassfish/hk2/hk2-utils/2.5.0/hk2-utils-2.5.0.jar:/home/user/.m2/repository/jakarta/annotation/jakarta.annotation-api/1.3.4/jakarta.annotation-api-1.3.4.jar:/home/user/.m2/repository/org/glassfish/hk2/external/aopalliance-repackaged/2.5.0/aopalliance-repackaged-2.5.0.jar:/home/user/.m2/repository/com/fasterxml/jackson/dataformat/jackson-dataformat-xml/2.9.0/jackson-dataformat-xml-2.9.0.jar:/home/user/.m2/repository/com/fasterxml/jackson/module/jackson-module-jaxb-annotations/2.9.9/jackson-module-jaxb-annotations-2.9.9.jar:/home/user/.m2/repository/javax/enterprise/cdi-api/1.2/cdi-api-1.2.jar:/home/user/.m2/repository/javax/el/javax.el-api/3.0.0/javax.el-api-3.0.0.jar:/home/user/.m2/repository/javax/interceptor/javax.interceptor-api/1.2/javax.interceptor-api-1.2.jar:/home/user/.m2/repository/javax/inject/javax.inject/1/javax.inject-1.jar:/home/user/.m2/repository/org/apache/hadoop/hadoop-ozone-csi/0.5.0-SNAPSHOT/hadoop-ozone-csi-0.5.0-SNAPSHOT.jar:/home/user/.m2/repository/com/google/protobuf/protobuf-java-util/3.5.1/protobuf-java-util-3.5.1.jar:/home/user/.m2/repository/io/grpc/grpc-netty/1.17.1/grpc-netty-1.17.1.jar:/home/user/.m2/repository/io/grpc/grpc-core/1.17.1/grpc-core-1.17.1.jar:/home/user/.m2/repository/io/grpc/grpc-context/1.17.1/grpc-context-1.17.1.jar:/home/user/.m2/repository/com/google/errorprone/error_prone_annotations/2.2.0/error_prone_annotations-2.2.0.jar:/home/user/.m2/repository/org/codehaus/mojo/animal-sniffer-annotations/1.17/animal-sniffer-annotations-1.17.jar:/home/user/.m2/repository/io/opencensus/opencensus-api/0.17.0/opencensus-api-0.17.0.jar:/home/user/.m2/repository/io/opencensus/opencensus-contrib-grpc-metrics/0.17.0/opencensus-contrib-grpc-metrics-0.17.0.jar:/home/user/.m2/repository/io/netty/netty-codec-http2/4.1.30.Final/netty-codec-http2-4.1.30.Final.jar:/home/user/.m2/repository/io/netty/netty-codec-http/4.1.30.Final/netty-codec-http-4.1.30.Final.jar:/home/user/.m2/repository/io/netty/netty-codec/4.1.30.Final/netty-codec-4.1.30.Final.jar:/home/user/.m2/repository/io/netty/netty-handler/4.1.30.Final/netty-handler-4.1.30.Final.jar:/home/user/.m2/repository/io/netty/netty-handler-proxy/4.1.30.Final/netty-handler-proxy-4.1.30.Final.jar:/home/user/.m2/repository/io/netty/netty-codec-socks/4.1.30.Final/netty-codec-socks-4.1.30.Final.jar:/home/user/.m2/repository/io/netty/netty-transport-native-epoll/4.1.30.Final/netty-transport-native-epoll-4.1.30.Final.jar:/home/user/.m2/repository/io/netty/netty-common/4.1.30.Final/netty-common-4.1.30.Final.jar:/home/user/.m2/repository/io/netty/netty-buffer/4.1.30.Final/netty-buffer-4.1.30.Final.jar:/home/user/.m2/repository/io/netty/netty-transport/4.1.30.Final/netty-transport-4.1.30.Final.jar:/home/user/.m2/repository/io/netty/netty-resolver/4.1.30.Final/netty-resolver-4.1.30.Final.jar:/home/user/.m2/repository/io/netty/netty-transport-native-unix-common/4.1.30.Final/netty-transport-native-unix-common-4.1.30.Final.jar:/home/user/.m2/repository/io/grpc/grpc-protobuf/1.17.1/grpc-protobuf-1.17.1.jar:/home/user/.m2/repository/com/google/api/grpc/proto-google-common-protos/1.0.0/proto-google-common-protos-1.0.0.jar:/home/user/.m2/repository/io/grpc/grpc-protobuf-lite/1.17.1/grpc-protobuf-lite-1.17.1.jar:/home/user/.m2/repository/io/grpc/grpc-stub/1.17.1/grpc-stub-1.17.1.jar:/home/user/.m2/repository/org/apache/hadoop/hadoop-ozone-recon/0.5.0-SNAPSHOT/hadoop-ozone-recon-0.5.0-SNAPSHOT.jar:/home/user/.m2/repository/org/apache/hadoop/hadoop-ozone-reconcodegen/0.5.0-SNAPSHOT/hadoop-ozone-reconcodegen-0.5.0-SNAPSHOT.jar:/home/user/.m2/repository/com/google/inject/extensions/guice-multibindings/4.0/guice-multibindings-4.0.jar:/home/user/.m2/repository/com/google/inject/guice/4.0/guice-4.0.jar:/home/user/.m2/repository/aopalliance/aopalliance/1.0/aopalliance-1.0.jar:/home/user/.m2/repository/com/google/inject/extensions/guice-servlet/4.0/guice-servlet-4.0.jar:/home/user/.m2/repository/org/glassfish/jersey/containers/jersey-container-servlet/2.27/jersey-container-servlet-2.27.jar:/home/user/.m2/repository/org/glassfish/hk2/guice-bridge/2.5.0/guice-bridge-2.5.0.jar:/home/user/.m2/repository/org/glassfish/jersey/core/jersey-server/2.27/jersey-server-2.27.jar:/home/user/.m2/repository/org/glassfish/jersey/core/jersey-client/2.27/jersey-client-2.27.jar:/home/user/.m2/repository/org/glassfish/jersey/media/jersey-media-jaxb/2.27/jersey-media-jaxb-2.27.jar:/home/user/.m2/repository/javax/validation/validation-api/1.1.0.Final/validation-api-1.1.0.Final.jar:/home/user/.m2/repository/org/glassfish/jersey/media/jersey-media-json-jackson/2.27/jersey-media-json-jackson-2.27.jar:/home/user/.m2/repository/org/glassfish/jersey/ext/jersey-entity-filtering/2.27/jersey-entity-filtering-2.27.jar:/home/user/.m2/repository/com/google/inject/extensions/guice-assistedinject/4.0/guice-assistedinject-4.0.jar:/home/user/.m2/repository/org/jooq/jooq/3.11.10/jooq-3.11.10.jar:/home/user/.m2/repository/org/jooq/jooq-meta/3.11.10/jooq-meta-3.11.10.jar:/home/user/.m2/repository/org/jooq/jooq-codegen/3.11.10/jooq-codegen-3.11.10.jar:/home/user/.m2/repository/com/jolbox/bonecp/0.8.0.RELEASE/bonecp-0.8.0.RELEASE.jar:/home/user/.m2/repository/org/springframework/spring-jdbc/5.1.3.RELEASE/spring-jdbc-5.1.3.RELEASE.jar:/home/user/.m2/repository/org/springframework/spring-beans/5.1.3.RELEASE/spring-beans-5.1.3.RELEASE.jar:/home/user/.m2/repository/org/springframework/spring-core/5.1.3.RELEASE/spring-core-5.1.3.RELEASE.jar:/home/user/.m2/repository/org/springframework/spring-jcl/5.1.3.RELEASE/spring-jcl-5.1.3.RELEASE.jar:/home/user/.m2/repository/org/springframework/spring-tx/5.1.3.RELEASE/spring-tx-5.1.3.RELEASE.jar:/home/user/.m2/repository/org/mockito/mockito-core/2.15.0/mockito-core-2.15.0.jar:/home/user/.m2/repository/net/bytebuddy/byte-buddy/1.7.9/byte-buddy-1.7.9.jar:/home/user/.m2/repository/net/bytebuddy/byte-buddy-agent/1.7.9/byte-buddy-agent-1.7.9.jar:/home/user/.m2/repository/org/objenesis/objenesis/1.0/objenesis-1.0.jar:"/>
    <property name="sun.cpu.endian" value="little"/>
    <property name="user.home" value="/home/user"/>
    <property name="user.language" value="en"/>
    <property name="java.specification.vendor" value="Oracle Corporation"/>
    <property name="java.home" value="/usr/lib/jvm/java-1.8.0-openjdk-1.8.0.222.b10-1.el7_7.x86_64/jre"/>
    <property name="surefire.excludesFile" value="/tools/ozone-bad-unit-tests"/>
    <property name="java.security.krb5.conf" value="/workdir/hadoop-ozone/tools/target/test-classes/krb5.conf"/>
    <property name="basedir" value="/workdir/hadoop-ozone/tools"/>
    <property name="file.separator" value="/"/>
    <property name="line.separator" value="&#10;"/>
    <property name="java.vm.specification.vendor" value="Oracle Corporation"/>
    <property name="java.specification.name" value="Java Platform API Specification"/>
    <property name="java.awt.graphicsenv" value="sun.awt.X11GraphicsEnvironment"/>
    <property name="surefire.real.class.path" value="/workdir/hadoop-ozone/tools/target/surefire/surefirebooter1863622475405790639.jar"/>
    <property name="hadoop.log.dir" value="/workdir/hadoop-ozone/tools/target/log"/>
    <property name="sun.boot.class.path" value="/usr/lib/jvm/java-1.8.0-openjdk-1.8.0.222.b10-1.el7_7.x86_64/jre/lib/resources.jar:/usr/lib/jvm/java-1.8.0-openjdk-1.8.0.222.b10-1.el7_7.x86_64/jre/lib/rt.jar:/usr/lib/jvm/java-1.8.0-openjdk-1.8.0.222.b10-1.el7_7.x86_64/jre/lib/sunrsasign.jar:/usr/lib/jvm/java-1.8.0-openjdk-1.8.0.222.b10-1.el7_7.x86_64/jre/lib/jsse.jar:/usr/lib/jvm/java-1.8.0-openjdk-1.8.0.222.b10-1.el7_7.x86_64/jre/lib/jce.jar:/usr/lib/jvm/java-1.8.0-openjdk-1.8.0.222.b10-1.el7_7.x86_64/jre/lib/charsets.jar:/usr/lib/jvm/java-1.8.0-openjdk-1.8.0.222.b10-1.el7_7.x86_64/jre/lib/jfr.jar:/usr/lib/jvm/java-1.8.0-openjdk-1.8.0.222.b10-1.el7_7.x86_64/jre/classes"/>
    <property name="sun.management.compiler" value="HotSpot 64-Bit Tiered Compilers"/>
    <property name="java.runtime.version" value="1.8.0_222-b10"/>
    <property name="java.net.preferIPv4Stack" value="true"/>
    <property name="user.name" value="jenkins1000"/>
    <property name="path.separator" value=":"/>
    <property name="java.security.egd" value="file:///dev/urandom"/>
    <property name="os.version" value="3.10.0-957.12.2.el7.x86_64"/>
    <property name="java.endorsed.dirs" value="/usr/lib/jvm/java-1.8.0-openjdk-1.8.0.222.b10-1.el7_7.x86_64/jre/lib/endorsed"/>
    <property name="java.runtime.name" value="OpenJDK Runtime Environment"/>
    <property name="file.encoding" value="ANSI_X3.4-1968"/>
    <property name="java.vm.name" value="OpenJDK 64-Bit Server VM"/>
    <property name="test.build.webapps" value=""/>
    <property name="localRepository" value="/home/user/.m2/repository"/>
    <property name="java.vendor.url.bug" value="http://bugreport.sun.com/bugreport/"/>
    <property name="java.io.tmpdir" value="/tmp"/>
    <property name="require.test.libhadoop" value=""/>
    <property name="java.version" value="1.8.0_222"/>
    <property name="user.dir" value="/workdir/hadoop-ozone/tools"/>
    <property name="os.arch" value="amd64"/>
    <property name="java.vm.specification.name" value="Java Virtual Machine Specification"/>
    <property name="test.build.classes" value="/workdir/hadoop-ozone/tools/target/test-classes"/>
    <property name="java.awt.printerjob" value="sun.print.PSPrinterJob"/>
    <property name="sun.os.patch.level" value="unknown"/>
    <property name="hadoop.tmp.dir" value="/workdir/hadoop-ozone/tools/target/tmp"/>
    <property name="java.library.path" value="/usr/lib:/workdir/hadoop-ozone/tools/target/native/target/usr/local/lib:/workdir/hadoop-ozone/tools/../../hadoop-common-project/hadoop-common/target/native/target/usr/local/lib:/usr/java/packages/lib/amd64:/usr/lib64:/lib64:/lib:/usr/lib"/>
    <property name="java.vm.info" value="mixed mode"/>
    <property name="java.vendor" value="Oracle Corporation"/>
    <property name="java.vm.version" value="25.222-b10"/>
    <property name="java.ext.dirs" value="/usr/lib/jvm/java-1.8.0-openjdk-1.8.0.222.b10-1.el7_7.x86_64/jre/lib/ext:/usr/java/packages/lib/ext"/>
    <property name="sun.io.unicode.encoding" value="UnicodeLittle"/>
    <property name="java.class.version" value="52.0"/>
  </properties>
  <testcase name="validateWriteTest" classname="org.apache.hadoop.ozone.freon.TestDataValidateWithDummyContainers" time="0.001"/>
  <testcase name="ratisTestLargeKey" classname="org.apache.hadoop.ozone.freon.TestDataValidateWithDummyContainers" time="70.933">
    <error message="Allocated 0 blocks. Requested 1 blocks" type="INTERNAL_ERROR org.apache.hadoop.ozone.om.exceptions.OMException">INTERNAL_ERROR org.apache.hadoop.ozone.om.exceptions.OMException: Allocated 0 blocks. Requested 1 blocks
	at org.apache.hadoop.ozone.om.protocolPB.OzoneManagerProtocolClientSideTranslatorPB.handleError(OzoneManagerProtocolClientSideTranslatorPB.java:732)
	at org.apache.hadoop.ozone.om.protocolPB.OzoneManagerProtocolClientSideTranslatorPB.allocateBlock(OzoneManagerProtocolClientSideTranslatorPB.java:764)
	at sun.reflect.NativeMethodAccessorImpl.invoke0(Native Method)
	at sun.reflect.NativeMethodAccessorImpl.invoke(NativeMethodAccessorImpl.java:62)
	at sun.reflect.DelegatingMethodAccessorImpl.invoke(DelegatingMethodAccessorImpl.java:43)
	at java.lang.reflect.Method.invoke(Method.java:498)
	at org.apache.hadoop.hdds.tracing.TraceAllMethod.invoke(TraceAllMethod.java:66)
	at com.sun.proxy.$Proxy37.allocateBlock(Unknown Source)
	at org.apache.hadoop.ozone.client.io.BlockOutputStreamEntryPool.allocateNewBlock(BlockOutputStreamEntryPool.java:258)
	at org.apache.hadoop.ozone.client.io.BlockOutputStreamEntryPool.allocateBlockIfNeeded(BlockOutputStreamEntryPool.java:306)
	at org.apache.hadoop.ozone.client.io.KeyOutputStream.handleWrite(KeyOutputStream.java:198)
	at org.apache.hadoop.ozone.client.io.KeyOutputStream.handleRetry(KeyOutputStream.java:375)
	at org.apache.hadoop.ozone.client.io.KeyOutputStream.handleException(KeyOutputStream.java:324)
	at org.apache.hadoop.ozone.client.io.KeyOutputStream.handleWrite(KeyOutputStream.java:228)
	at org.apache.hadoop.ozone.client.io.KeyOutputStream.write(KeyOutputStream.java:190)
	at org.apache.hadoop.ozone.client.io.OzoneOutputStream.write(OzoneOutputStream.java:49)
	at org.apache.hadoop.ozone.freon.RandomKeyGenerator.createKey(RandomKeyGenerator.java:708)
	at org.apache.hadoop.ozone.freon.RandomKeyGenerator.access$1100(RandomKeyGenerator.java:88)
	at org.apache.hadoop.ozone.freon.RandomKeyGenerator$ObjectCreator.run(RandomKeyGenerator.java:615)
	at java.util.concurrent.Executors$RunnableAdapter.call(Executors.java:511)
	at java.util.concurrent.FutureTask.run(FutureTask.java:266)
	at java.util.concurrent.ThreadPoolExecutor.runWorker(ThreadPoolExecutor.java:1149)
	at java.util.concurrent.ThreadPoolExecutor$Worker.run(ThreadPoolExecutor.java:624)
	at java.lang.Thread.run(Thread.java:748)
</error>
    <system-out><![CDATA[2019-10-17 20:48:54,571 [main] INFO  freon.RandomKeyGenerator (RandomKeyGenerator.java:call(258)) - Override validateWrites to false, because hdds.container.chunk.persistdata is set to false.
2019-10-17 20:48:55,427 [main] INFO  freon.RandomKeyGenerator (RandomKeyGenerator.java:call(283)) - Number of Threads: 10
2019-10-17 20:48:55,428 [main] INFO  freon.RandomKeyGenerator (RandomKeyGenerator.java:call(288)) - Number of Volumes: 1.
2019-10-17 20:48:55,428 [main] INFO  freon.RandomKeyGenerator (RandomKeyGenerator.java:call(289)) - Number of Buckets per Volume: 1.
2019-10-17 20:48:55,428 [main] INFO  freon.RandomKeyGenerator (RandomKeyGenerator.java:call(290)) - Number of Keys per Bucket: 1.
2019-10-17 20:48:55,428 [main] INFO  freon.RandomKeyGenerator (RandomKeyGenerator.java:call(291)) - Key size: 20971520 bytes
2019-10-17 20:48:55,429 [main] INFO  freon.RandomKeyGenerator (RandomKeyGenerator.java:call(292)) - Buffer size: 4096 bytes
2019-10-17 20:48:55,429 [main] INFO  freon.RandomKeyGenerator (RandomKeyGenerator.java:call(293)) - validateWrites : false
2019-10-17 20:48:55,433 [main] INFO  freon.RandomKeyGenerator (RandomKeyGenerator.java:call(313)) - Starting progress bar Thread.

 0.00% |?                                                                                                    |  0/1 Time: 0:00:002019-10-17 20:48:55,460 [pool-73-thread-1] INFO  rpc.RpcClient (RpcClient.java:createVolume(272)) - Creating Volume: vol-0-62299, with jenkins1000 as owner.
2019-10-17 20:48:55,562 [IPC Server handler 18 on 43199] INFO  volume.OMVolumeCreateRequest (OMVolumeCreateRequest.java:validateAndUpdateCache(193)) - created volume:vol-0-62299 for user:jenkins1000
2019-10-17 20:48:55,598 [pool-73-thread-2] INFO  rpc.RpcClient (RpcClient.java:createBucket(411)) - Creating Bucket: vol-0-62299/bucket-0-54386, with Versioning false and Storage Type set to DISK and Encryption set to false 
2019-10-17 20:48:55,778 [pool-73-thread-3] INFO  impl.MetricsSystemImpl (MetricsSystemImpl.java:init(158)) - XceiverClientMetrics metrics system started (again)
2019-10-17 20:48:56,216 [pool-66-thread-1] ERROR impl.ChunkManagerImpl (ChunkManagerDummyImpl.java:writeChunk(86)) - data array does not match the length specified. DataLen: 1048576 Byte Array: 1048745
2019-10-17 20:48:56,217 [pool-66-thread-1] ERROR impl.ChunkManagerDummyImpl (ChunkManagerDummyImpl.java:writeChunk(105)) - write data failed. error: {}
org.apache.hadoop.hdds.scm.container.common.helpers.StorageContainerException: data array does not match the length specified. DataLen: 1048576 Byte Array: 1048745
	at org.apache.hadoop.ozone.container.keyvalue.impl.ChunkManagerDummyImpl.writeChunk(ChunkManagerDummyImpl.java:87)
	at org.apache.hadoop.ozone.container.keyvalue.KeyValueHandler.handleWriteChunk(KeyValueHandler.java:696)
	at org.apache.hadoop.ozone.container.keyvalue.KeyValueHandler.handle(KeyValueHandler.java:176)
	at org.apache.hadoop.ozone.container.common.impl.HddsDispatcher.dispatchRequest(HddsDispatcher.java:277)
	at org.apache.hadoop.ozone.container.common.impl.HddsDispatcher.dispatch(HddsDispatcher.java:150)
	at org.apache.hadoop.ozone.container.common.transport.server.ratis.ContainerStateMachine.dispatchCommand(ContainerStateMachine.java:415)
	at org.apache.hadoop.ozone.container.common.transport.server.ratis.ContainerStateMachine.runCommand(ContainerStateMachine.java:425)
	at org.apache.hadoop.ozone.container.common.transport.server.ratis.ContainerStateMachine.lambda$handleWriteChunk$1(ContainerStateMachine.java:460)
	at java.util.concurrent.CompletableFuture$AsyncSupply.run(CompletableFuture.java:1590)
	at java.util.concurrent.ThreadPoolExecutor.runWorker(ThreadPoolExecutor.java:1149)
	at java.util.concurrent.ThreadPoolExecutor$Worker.run(ThreadPoolExecutor.java:624)
	at java.lang.Thread.run(Thread.java:748)
2019-10-17 20:48:56,295 [pool-66-thread-1] INFO  keyvalue.KeyValueHandler (ContainerUtils.java:logAndReturnError(146)) - Operation: WriteChunk : Trace ID: 26ac167ccfe3711b:adbdc4220ea1fbfd:233bc0251b25eed7:0 : Message: Internal error:  : Result: CONTAINER_INTERNAL_ERROR
2019-10-17 20:48:56,335 [EventQueue-IncrementalContainerReportForIncrementalContainerReportHandler] WARN  container.IncrementalContainerReportHandler (AbstractContainerReportHandler.java:updateContainerState(145)) - Container #1 is in OPEN state, but the datanode d47c3a04-f2fd-4c6d-9c5b-cf5163b6c213{ip: 192.168.164.201, host: pr-hdds-1868-s6sc9-3720172378, networkLocation: /default-rack, certSerialId: null} reports an UNHEALTHY replica.
20:48:56.341 [pool-66-thread-1] ERROR DNAudit - user=null | ip=null | op=WRITE_CHUNK {blockData=conID: 1 locID: 102979687919321088 bcsId: 0} | ret=FAILURE
java.lang.Exception: Internal error: 
	at org.apache.hadoop.ozone.container.common.impl.HddsDispatcher.dispatchRequest(HddsDispatcher.java:332) ~[hadoop-hdds-container-service-0.5.0-SNAPSHOT.jar:?]
	at org.apache.hadoop.ozone.container.common.impl.HddsDispatcher.dispatch(HddsDispatcher.java:150) ~[hadoop-hdds-container-service-0.5.0-SNAPSHOT.jar:?]
	at org.apache.hadoop.ozone.container.common.transport.server.ratis.ContainerStateMachine.dispatchCommand(ContainerStateMachine.java:415) ~[hadoop-hdds-container-service-0.5.0-SNAPSHOT.jar:?]
	at org.apache.hadoop.ozone.container.common.transport.server.ratis.ContainerStateMachine.runCommand(ContainerStateMachine.java:425) ~[hadoop-hdds-container-service-0.5.0-SNAPSHOT.jar:?]
	at org.apache.hadoop.ozone.container.common.transport.server.ratis.ContainerStateMachine.lambda$handleWriteChunk$1(ContainerStateMachine.java:460) ~[hadoop-hdds-container-service-0.5.0-SNAPSHOT.jar:?]
	at java.util.concurrent.CompletableFuture$AsyncSupply.run(CompletableFuture.java:1590) [?:1.8.0_222]
	at java.util.concurrent.ThreadPoolExecutor.runWorker(ThreadPoolExecutor.java:1149) [?:1.8.0_222]
	at java.util.concurrent.ThreadPoolExecutor$Worker.run(ThreadPoolExecutor.java:624) [?:1.8.0_222]
	at java.lang.Thread.run(Thread.java:748) [?:1.8.0_222]
2019-10-17 20:48:56,355 [pool-66-thread-1] ERROR ratis.ContainerStateMachine (ContainerStateMachine.java:lambda$handleWriteChunk$2(482)) - group-60FDF5D3C047: writeChunk writeStateMachineData failed: blockIdcontainerID: 1
localID: 102979687919321088
blockCommitSequenceId: 0
 logIndex 1 chunkName 102979687919321088_chunk_1 Error message: Internal error:  Container Result: CONTAINER_INTERNAL_ERROR
2019-10-17 20:48:56,367 [d47c3a04-f2fd-4c6d-9c5b-cf5163b6c213@group-60FDF5D3C047-SegmentedRaftLogWorker] ERROR ratis.XceiverServerRatis (XceiverServerRatis.java:triggerPipelineClose(589)) - pipeline Action CLOSE  on pipeline PipelineID=a52f4707-3d5d-47fa-b787-60fdf5d3c047.Reason : Internal error: 
2019-10-17 20:48:56,368 [d47c3a04-f2fd-4c6d-9c5b-cf5163b6c213@group-60FDF5D3C047-SegmentedRaftLogWorker] ERROR ratis.XceiverServerRatis (XceiverServerRatis.java:triggerPipelineClose(589)) - pipeline Action CLOSE  on pipeline PipelineID=a52f4707-3d5d-47fa-b787-60fdf5d3c047.Reason : Log already failed at index 1 for task WriteLog:1: (t:2, i:1), STATEMACHINELOGENTRY, client-11CB76EB0B9E, cid=14
2019-10-17 20:48:56,372 [EventQueue-PipelineActionsForPipelineActionHandler] ERROR pipeline.PipelineActionHandler (PipelineActionHandler.java:onMessage(60)) - Received pipeline action CLOSE for Pipeline[ Id: a52f4707-3d5d-47fa-b787-60fdf5d3c047, Nodes: 9e5dbcb7-9947-4856-b3fd-92d703a68307{ip: 192.168.164.201, host: pr-hdds-1868-s6sc9-3720172378, networkLocation: /default-rack, certSerialId: null}d47c3a04-f2fd-4c6d-9c5b-cf5163b6c213{ip: 192.168.164.201, host: pr-hdds-1868-s6sc9-3720172378, networkLocation: /default-rack, certSerialId: null}834445fe-d519-4872-b649-1f7fcc1408aa{ip: 192.168.164.201, host: pr-hdds-1868-s6sc9-3720172378, networkLocation: /default-rack, certSerialId: null}, Type:RATIS, Factor:THREE, State:OPEN] from datanode d47c3a04-f2fd-4c6d-9c5b-cf5163b6c213{ip: 192.168.164.201, host: pr-hdds-1868-s6sc9-3720172378, networkLocation: /default-rack, certSerialId: null}. Reason : Internal error: 
2019-10-17 20:48:56,372 [EventQueue-PipelineActionsForPipelineActionHandler] INFO  pipeline.SCMPipelineManager (SCMPipelineManager.java:finalizeAndDestroyPipeline(315)) - destroying pipeline:Pipeline[ Id: a52f4707-3d5d-47fa-b787-60fdf5d3c047, Nodes: 9e5dbcb7-9947-4856-b3fd-92d703a68307{ip: 192.168.164.201, host: pr-hdds-1868-s6sc9-3720172378, networkLocation: /default-rack, certSerialId: null}d47c3a04-f2fd-4c6d-9c5b-cf5163b6c213{ip: 192.168.164.201, host: pr-hdds-1868-s6sc9-3720172378, networkLocation: /default-rack, certSerialId: null}834445fe-d519-4872-b649-1f7fcc1408aa{ip: 192.168.164.201, host: pr-hdds-1868-s6sc9-3720172378, networkLocation: /default-rack, certSerialId: null}, Type:RATIS, Factor:THREE, State:OPEN]
2019-10-17 20:48:56,372 [EventQueue-PipelineActionsForPipelineActionHandler] INFO  pipeline.PipelineStateManager (PipelineStateManager.java:finalizePipeline(121)) - Pipeline Pipeline[ Id: a52f4707-3d5d-47fa-b787-60fdf5d3c047, Nodes: 9e5dbcb7-9947-4856-b3fd-92d703a68307{ip: 192.168.164.201, host: pr-hdds-1868-s6sc9-3720172378, networkLocation: /default-rack, certSerialId: null}d47c3a04-f2fd-4c6d-9c5b-cf5163b6c213{ip: 192.168.164.201, host: pr-hdds-1868-s6sc9-3720172378, networkLocation: /default-rack, certSerialId: null}834445fe-d519-4872-b649-1f7fcc1408aa{ip: 192.168.164.201, host: pr-hdds-1868-s6sc9-3720172378, networkLocation: /default-rack, certSerialId: null}, Type:RATIS, Factor:THREE, State:CLOSED] moved to CLOSED state
2019-10-17 20:48:56,374 [EventQueue-CloseContainerForCloseContainerEventHandler] INFO  container.CloseContainerEventHandler (CloseContainerEventHandler.java:onMessage(61)) - Close container Event triggered for container : #1
2019-10-17 20:48:56,380 [EventQueue-CloseContainerForCloseContainerEventHandler] INFO  container.CloseContainerEventHandler (CloseContainerEventHandler.java:onMessage(61)) - Close container Event triggered for container : #1
2019-10-17 20:48:56,380 [EventQueue-CloseContainerForCloseContainerEventHandler] INFO  container.CloseContainerEventHandler (CloseContainerEventHandler.java:onMessage(61)) - Close container Event triggered for container : #2
2019-10-17 20:48:56,381 [EventQueue-CloseContainerForCloseContainerEventHandler] INFO  container.CloseContainerEventHandler (CloseContainerEventHandler.java:onMessage(61)) - Close container Event triggered for container : #3
 0.00% |?                                                                                                    |  0/1 Time: 0:00:012019-10-17 20:48:57,395 [Command processor thread] ERROR commandhandler.CloseContainerCommandHandler (CloseContainerCommandHandler.java:handle(84)) - Container #2 does not exist in datanode. Container close failed.
2019-10-17 20:48:57,396 [Command processor thread] ERROR commandhandler.CloseContainerCommandHandler (CloseContainerCommandHandler.java:handle(84)) - Container #3 does not exist in datanode. Container close failed.
2019-10-17 20:48:57,418 [Command processor thread] ERROR commandhandler.CloseContainerCommandHandler (CloseContainerCommandHandler.java:handle(84)) - Container #2 does not exist in datanode. Container close failed.
2019-10-17 20:48:57,420 [Command processor thread] ERROR commandhandler.CloseContainerCommandHandler (CloseContainerCommandHandler.java:handle(84)) - Container #3 does not exist in datanode. Container close failed.
 0.00% |?                                                                                                    |  0/1 Time: 0:00:022019-10-17 20:48:58,368 [Command processor thread] ERROR commandhandler.CloseContainerCommandHandler (CloseContainerCommandHandler.java:handle(84)) - Container #2 does not exist in datanode. Container close failed.
2019-10-17 20:48:58,368 [Command processor thread] ERROR commandhandler.CloseContainerCommandHandler (CloseContainerCommandHandler.java:handle(84)) - Container #3 does not exist in datanode. Container close failed.
 0.00% |?                                                                                                    |  0/1 Time: 0:00:03 0.00% |?                                                                                                    |  0/1 Time: 0:00:04 0.00% |?                                                                                                    |  0/1 Time: 0:00:05 0.00% |?                                                                                                    |  0/1 Time: 0:00:06 0.00% |?                                                                                                    |  0/1 Time: 0:00:07 0.00% |?                                                                                                    |  0/1 Time: 0:00:08 0.00% |?                                                                                                    |  0/1 Time: 0:00:09 0.00% |?                                                                                                    |  0/1 Time: 0:00:10 0.00% |?                                                                                                    |  0/1 Time: 0:00:11 0.00% |?                                                                                                    |  0/1 Time: 0:00:12 0.00% |?                                                                                                    |  0/1 Time: 0:00:13 0.00% |?                                                                                                    |  0/1 Time: 0:00:14 0.00% |?                                                                                                    |  0/1 Time: 0:00:15 0.00% |?                                                                                                    |  0/1 Time: 0:00:16 0.00% |?                                                                                                    |  0/1 Time: 0:00:17 0.00% |?                                                                                                    |  0/1 Time: 0:00:18 0.00% |?                                                                                                    |  0/1 Time: 0:00:19 0.00% |?                                                                                                    |  0/1 Time: 0:00:20 0.00% |?                                                                                                    |  0/1 Time: 0:00:21 0.00% |?                                                                                                    |  0/1 Time: 0:00:22 0.00% |?                                                                                                    |  0/1 Time: 0:00:23 0.00% |?                                                                                                    |  0/1 Time: 0:00:24 0.00% |?                                                                                                    |  0/1 Time: 0:00:25 0.00% |?                                                                                                    |  0/1 Time: 0:00:26 0.00% |?                                                                                                    |  0/1 Time: 0:00:27 0.00% |?                                                                                                    |  0/1 Time: 0:00:28 0.00% |?                                                                                                    |  0/1 Time: 0:00:29 0.00% |?                                                                                                    |  0/1 Time: 0:00:30 0.00% |?                                                                                                    |  0/1 Time: 0:00:31 0.00% |?                                                                                                    |  0/1 Time: 0:00:32 0.00% |?                                                                                                    |  0/1 Time: 0:00:33 0.00% |?                                                                                                    |  0/1 Time: 0:00:34 0.00% |?                                                                                                    |  0/1 Time: 0:00:35 0.00% |?                                                                                                    |  0/1 Time: 0:00:36 0.00% |?                                                                                                    |  0/1 Time: 0:00:37 0.00% |?                                                                                                    |  0/1 Time: 0:00:38 0.00% |?                                                                                                    |  0/1 Time: 0:00:39 0.00% |?                                                                                                    |  0/1 Time: 0:00:40 0.00% |?                                                                                                    |  0/1 Time: 0:00:41 0.00% |?                                                                                                    |  0/1 Time: 0:00:42 0.00% |?                                                                                                    |  0/1 Time: 0:00:43 0.00% |?                                                                                                    |  0/1 Time: 0:00:44 0.00% |?                                                                                                    |  0/1 Time: 0:00:45 0.00% |?                                                                                                    |  0/1 Time: 0:00:46 0.00% |?                                                                                                    |  0/1 Time: 0:00:47 0.00% |?                                                                                                    |  0/1 Time: 0:00:48 0.00% |?                                                                                                    |  0/1 Time: 0:00:49 0.00% |?                                                                                                    |  0/1 Time: 0:00:50 0.00% |?                                                                                                    |  0/1 Time: 0:00:51 0.00% |?                                                                                                    |  0/1 Time: 0:00:52 0.00% |?                                                                                                    |  0/1 Time: 0:00:53 0.00% |?                                                                                                    |  0/1 Time: 0:00:54 0.00% |?                                                                                                    |  0/1 Time: 0:00:55 0.00% |?                                                                                                    |  0/1 Time: 0:00:56 0.00% |?                                                                                                    |  0/1 Time: 0:00:57 0.00% |?                                                                                                    |  0/1 Time: 0:00:58 0.00% |?                                                                                                    |  0/1 Time: 0:00:59 0.00% |?                                                                                                    |  0/1 Time: 0:01:00 0.00% |?                                                                                                    |  0/1 Time: 0:01:01 0.00% |?                                                                                                    |  0/1 Time: 0:01:02 0.00% |?                                                                                                    |  0/1 Time: 0:01:03 0.00% |?                                                                                                    |  0/1 Time: 0:01:04 0.00% |?                                                                                                    |  0/1 Time: 0:01:05 0.00% |?                                                                                                    |  0/1 Time: 0:01:062019-10-17 20:50:02,391 [grpc-default-executor-3] INFO  impl.RaftServerProxy (RaftServerProxy.java:remove(95)) - 9e5dbcb7-9947-4856-b3fd-92d703a68307: remove  FOLLOWER 9e5dbcb7-9947-4856-b3fd-92d703a68307@group-60FDF5D3C047:t2, leader=d47c3a04-f2fd-4c6d-9c5b-cf5163b6c213, voted=d47c3a04-f2fd-4c6d-9c5b-cf5163b6c213, raftlog=9e5dbcb7-9947-4856-b3fd-92d703a68307@group-60FDF5D3C047-SegmentedRaftLog:OPENED:c0,f2,i2, conf=0: [9e5dbcb7-9947-4856-b3fd-92d703a68307:192.168.164.201:39744, 834445fe-d519-4872-b649-1f7fcc1408aa:192.168.164.201:32919, d47c3a04-f2fd-4c6d-9c5b-cf5163b6c213:192.168.164.201:45277], old=null RUNNING
2019-10-17 20:50:02,393 [grpc-default-executor-3] INFO  impl.RaftServerImpl (RaftServerImpl.java:lambda$shutdown$3(261)) - 9e5dbcb7-9947-4856-b3fd-92d703a68307@group-60FDF5D3C047: shutdown
2019-10-17 20:50:02,393 [grpc-default-executor-3] INFO  util.JmxRegister (JmxRegister.java:unregister(73)) - Successfully un-registered JMX Bean with object name Ratis:service=RaftServer,group=group-60FDF5D3C047,id=9e5dbcb7-9947-4856-b3fd-92d703a68307
2019-10-17 20:50:02,394 [grpc-default-executor-3] INFO  impl.RoleInfo (RoleInfo.java:shutdownFollowerState(121)) - 9e5dbcb7-9947-4856-b3fd-92d703a68307: shutdown FollowerState
2019-10-17 20:50:02,394 [grpc-default-executor-3] INFO  impl.StateMachineUpdater (StateMachineUpdater.java:stopAndJoin(136)) - 9e5dbcb7-9947-4856-b3fd-92d703a68307@group-60FDF5D3C047-StateMachineUpdater: set stopIndex = 0
2019-10-17 20:50:02,394 [Thread-341] INFO  impl.FollowerState (FollowerState.java:run(117)) - 9e5dbcb7-9947-4856-b3fd-92d703a68307@group-60FDF5D3C047-FollowerState was interrupted: java.lang.InterruptedException: sleep interrupted
2019-10-17 20:50:02,396 [grpc-default-executor-3] INFO  impl.RaftServerImpl (ServerState.java:close(388)) - 9e5dbcb7-9947-4856-b3fd-92d703a68307@group-60FDF5D3C047: closes. applyIndex: 0
2019-10-17 20:50:02,397 [9e5dbcb7-9947-4856-b3fd-92d703a68307@group-60FDF5D3C047-SegmentedRaftLogWorker] INFO  segmented.SegmentedRaftLogWorker (SegmentedRaftLogWorker.java:run(316)) - 9e5dbcb7-9947-4856-b3fd-92d703a68307@group-60FDF5D3C047-SegmentedRaftLogWorker was interrupted, exiting. There are 0 tasks remaining in the queue.
2019-10-17 20:50:02,398 [grpc-default-executor-3] INFO  segmented.SegmentedRaftLogWorker (SegmentedRaftLogWorker.java:close(224)) - 9e5dbcb7-9947-4856-b3fd-92d703a68307@group-60FDF5D3C047-SegmentedRaftLogWorker close()
 0.00% |?                                                                                                    |  0/1 Time: 0:01:072019-10-17 20:50:02,509 [grpc-default-executor-3] INFO  interfaces.Container (KeyValueContainer.java:flushAndSyncDB(386)) - Container 1 is synced with bcsId 0.
2019-10-17 20:50:02,509 [grpc-default-executor-3] INFO  interfaces.Container (KeyValueContainer.java:flushAndSyncDB(386)) - Container 1 is synced with bcsId 0.
2019-10-17 20:50:02,547 [EventQueue-IncrementalContainerReportForIncrementalContainerReportHandler] INFO  container.IncrementalContainerReportHandler (AbstractContainerReportHandler.java:updateContainerState(171)) - Moving container #1 to QUASI_CLOSED state, datanode 9e5dbcb7-9947-4856-b3fd-92d703a68307{ip: 192.168.164.201, host: pr-hdds-1868-s6sc9-3720172378, networkLocation: /default-rack, certSerialId: null} reported QUASI_CLOSED replica.
2019-10-17 20:50:02,555 [grpc-default-executor-3] INFO  impl.RaftServerProxy (RaftServerProxy.java:remove(95)) - d47c3a04-f2fd-4c6d-9c5b-cf5163b6c213: remove    LEADER d47c3a04-f2fd-4c6d-9c5b-cf5163b6c213@group-60FDF5D3C047:t2, leader=d47c3a04-f2fd-4c6d-9c5b-cf5163b6c213, voted=d47c3a04-f2fd-4c6d-9c5b-cf5163b6c213, raftlog=d47c3a04-f2fd-4c6d-9c5b-cf5163b6c213@group-60FDF5D3C047-SegmentedRaftLog:OPENED:c0,f0,i2, conf=0: [9e5dbcb7-9947-4856-b3fd-92d703a68307:192.168.164.201:39744, 834445fe-d519-4872-b649-1f7fcc1408aa:192.168.164.201:32919, d47c3a04-f2fd-4c6d-9c5b-cf5163b6c213:192.168.164.201:45277], old=null RUNNING
2019-10-17 20:50:02,555 [grpc-default-executor-3] INFO  impl.RaftServerImpl (RaftServerImpl.java:lambda$shutdown$3(261)) - d47c3a04-f2fd-4c6d-9c5b-cf5163b6c213@group-60FDF5D3C047: shutdown
2019-10-17 20:50:02,556 [grpc-default-executor-3] INFO  util.JmxRegister (JmxRegister.java:unregister(73)) - Successfully un-registered JMX Bean with object name Ratis:service=RaftServer,group=group-60FDF5D3C047,id=d47c3a04-f2fd-4c6d-9c5b-cf5163b6c213
2019-10-17 20:50:02,556 [grpc-default-executor-3] INFO  impl.RoleInfo (RoleInfo.java:shutdownLeaderState(104)) - d47c3a04-f2fd-4c6d-9c5b-cf5163b6c213: shutdown LeaderState
2019-10-17 20:50:02,558 [org.apache.ratis.server.impl.LogAppender$AppenderDaemon$$Lambda$414/1576448146@cef1bfa] WARN  server.GrpcLogAppender (GrpcLogAppender.java:mayWait(149)) - d47c3a04-f2fd-4c6d-9c5b-cf5163b6c213@group-60FDF5D3C047->834445fe-d519-4872-b649-1f7fcc1408aa-GrpcLogAppender: Wait interrupted by java.lang.InterruptedException
2019-10-17 20:50:02,558 [grpc-default-executor-3] INFO  impl.PendingRequests (PendingRequests.java:sendNotLeaderResponses(202)) - d47c3a04-f2fd-4c6d-9c5b-cf5163b6c213@group-60FDF5D3C047-PendingRequests: sendNotLeaderResponses
2019-10-17 20:50:02,558 [org.apache.ratis.server.impl.LogAppender$AppenderDaemon$$Lambda$414/1576448146@5d66af8d] WARN  server.GrpcLogAppender (GrpcLogAppender.java:mayWait(149)) - d47c3a04-f2fd-4c6d-9c5b-cf5163b6c213@group-60FDF5D3C047->9e5dbcb7-9947-4856-b3fd-92d703a68307-GrpcLogAppender: Wait interrupted by java.lang.InterruptedException
2019-10-17 20:50:02,562 [grpc-default-executor-4] INFO  server.GrpcServerProtocolService (GrpcServerProtocolService.java:onCompleted(113)) - 834445fe-d519-4872-b649-1f7fcc1408aa: Completed APPEND_ENTRIES, lastRequest: d47c3a04-f2fd-4c6d-9c5b-cf5163b6c213->834445fe-d519-4872-b649-1f7fcc1408aa#29-t2, previous=(t:2, i:2), leaderCommit=0, initializing? false, entries: <empty>
2019-10-17 20:50:02,562 [grpc-default-executor-2] INFO  server.GrpcServerProtocolService (GrpcServerProtocolService.java:onCompleted(113)) - 9e5dbcb7-9947-4856-b3fd-92d703a68307: Completed APPEND_ENTRIES, lastRequest: d47c3a04-f2fd-4c6d-9c5b-cf5163b6c213->9e5dbcb7-9947-4856-b3fd-92d703a68307#29-t2, previous=(t:2, i:2), leaderCommit=0, initializing? false, entries: <empty>
2019-10-17 20:50:02,563 [grpc-default-executor-2] INFO  server.GrpcLogAppender (GrpcLogAppender.java:onCompleted(308)) - d47c3a04-f2fd-4c6d-9c5b-cf5163b6c213@group-60FDF5D3C047->9e5dbcb7-9947-4856-b3fd-92d703a68307-AppendLogResponseHandler: follower responses appendEntries COMPLETED
2019-10-17 20:50:02,563 [grpc-default-executor-4] INFO  server.GrpcLogAppender (GrpcLogAppender.java:onCompleted(308)) - d47c3a04-f2fd-4c6d-9c5b-cf5163b6c213@group-60FDF5D3C047->834445fe-d519-4872-b649-1f7fcc1408aa-AppendLogResponseHandler: follower responses appendEntries COMPLETED
2019-10-17 20:50:02,565 [grpc-default-executor-2] INFO  impl.FollowerInfo (FollowerInfo.java:lambda$new$0(51)) - d47c3a04-f2fd-4c6d-9c5b-cf5163b6c213@group-60FDF5D3C047->9e5dbcb7-9947-4856-b3fd-92d703a68307: nextIndex: updateUnconditionally 3 -> 2
2019-10-17 20:50:02,566 [grpc-default-executor-4] INFO  impl.FollowerInfo (FollowerInfo.java:lambda$new$0(51)) - d47c3a04-f2fd-4c6d-9c5b-cf5163b6c213@group-60FDF5D3C047->834445fe-d519-4872-b649-1f7fcc1408aa: nextIndex: updateUnconditionally 3 -> 2
2019-10-17 20:50:02,570 [grpc-default-executor-3] INFO  impl.StateMachineUpdater (StateMachineUpdater.java:stopAndJoin(136)) - d47c3a04-f2fd-4c6d-9c5b-cf5163b6c213@group-60FDF5D3C047-StateMachineUpdater: set stopIndex = 0
2019-10-17 20:50:02,570 [grpc-default-executor-3] INFO  impl.RaftServerImpl (ServerState.java:close(388)) - d47c3a04-f2fd-4c6d-9c5b-cf5163b6c213@group-60FDF5D3C047: closes. applyIndex: 0
2019-10-17 20:50:02,571 [d47c3a04-f2fd-4c6d-9c5b-cf5163b6c213@group-60FDF5D3C047-SegmentedRaftLogWorker] INFO  segmented.SegmentedRaftLogWorker (SegmentedRaftLogWorker.java:run(316)) - d47c3a04-f2fd-4c6d-9c5b-cf5163b6c213@group-60FDF5D3C047-SegmentedRaftLogWorker was interrupted, exiting. There are 0 tasks remaining in the queue.
2019-10-17 20:50:02,573 [grpc-default-executor-3] INFO  segmented.SegmentedRaftLogWorker (SegmentedRaftLogWorker.java:close(224)) - d47c3a04-f2fd-4c6d-9c5b-cf5163b6c213@group-60FDF5D3C047-SegmentedRaftLogWorker close()
2019-10-17 20:50:02,588 [grpc-default-executor-3] INFO  impl.RaftServerProxy (RaftServerProxy.java:remove(95)) - 834445fe-d519-4872-b649-1f7fcc1408aa: remove  FOLLOWER 834445fe-d519-4872-b649-1f7fcc1408aa@group-60FDF5D3C047:t2, leader=d47c3a04-f2fd-4c6d-9c5b-cf5163b6c213, voted=834445fe-d519-4872-b649-1f7fcc1408aa, raftlog=834445fe-d519-4872-b649-1f7fcc1408aa@group-60FDF5D3C047-SegmentedRaftLog:OPENED:c0,f2,i2, conf=0: [9e5dbcb7-9947-4856-b3fd-92d703a68307:192.168.164.201:39744, 834445fe-d519-4872-b649-1f7fcc1408aa:192.168.164.201:32919, d47c3a04-f2fd-4c6d-9c5b-cf5163b6c213:192.168.164.201:45277], old=null RUNNING
2019-10-17 20:50:02,588 [grpc-default-executor-3] INFO  impl.RaftServerImpl (RaftServerImpl.java:lambda$shutdown$3(261)) - 834445fe-d519-4872-b649-1f7fcc1408aa@group-60FDF5D3C047: shutdown
2019-10-17 20:50:02,588 [grpc-default-executor-3] INFO  util.JmxRegister (JmxRegister.java:unregister(73)) - Successfully un-registered JMX Bean with object name Ratis:service=RaftServer,group=group-60FDF5D3C047,id=834445fe-d519-4872-b649-1f7fcc1408aa
2019-10-17 20:50:02,588 [grpc-default-executor-3] INFO  impl.RoleInfo (RoleInfo.java:shutdownFollowerState(121)) - 834445fe-d519-4872-b649-1f7fcc1408aa: shutdown FollowerState
2019-10-17 20:50:02,589 [grpc-default-executor-3] INFO  impl.StateMachineUpdater (StateMachineUpdater.java:stopAndJoin(136)) - 834445fe-d519-4872-b649-1f7fcc1408aa@group-60FDF5D3C047-StateMachineUpdater: set stopIndex = 0
2019-10-17 20:50:02,589 [Thread-350] INFO  impl.FollowerState (FollowerState.java:run(117)) - 834445fe-d519-4872-b649-1f7fcc1408aa@group-60FDF5D3C047-FollowerState was interrupted: java.lang.InterruptedException: sleep interrupted
2019-10-17 20:50:02,592 [grpc-default-executor-3] INFO  impl.RaftServerImpl (ServerState.java:close(388)) - 834445fe-d519-4872-b649-1f7fcc1408aa@group-60FDF5D3C047: closes. applyIndex: 0
2019-10-17 20:50:02,592 [834445fe-d519-4872-b649-1f7fcc1408aa@group-60FDF5D3C047-SegmentedRaftLogWorker] INFO  segmented.SegmentedRaftLogWorker (SegmentedRaftLogWorker.java:run(316)) - 834445fe-d519-4872-b649-1f7fcc1408aa@group-60FDF5D3C047-SegmentedRaftLogWorker was interrupted, exiting. There are 0 tasks remaining in the queue.
2019-10-17 20:50:02,593 [grpc-default-executor-3] INFO  segmented.SegmentedRaftLogWorker (SegmentedRaftLogWorker.java:close(224)) - 834445fe-d519-4872-b649-1f7fcc1408aa@group-60FDF5D3C047-SegmentedRaftLogWorker close()
2019-10-17 20:50:02,681 [grpc-default-executor-3] INFO  interfaces.Container (KeyValueContainer.java:flushAndSyncDB(386)) - Container 1 is synced with bcsId 0.
2019-10-17 20:50:02,681 [grpc-default-executor-3] INFO  interfaces.Container (KeyValueContainer.java:flushAndSyncDB(386)) - Container 1 is synced with bcsId 0.
2019-10-17 20:50:02,702 [RatisPipelineUtilsThread] INFO  pipeline.PipelineStateManager (PipelineStateManager.java:removePipeline(106)) - Pipeline Pipeline[ Id: a52f4707-3d5d-47fa-b787-60fdf5d3c047, Nodes: 9e5dbcb7-9947-4856-b3fd-92d703a68307{ip: 192.168.164.201, host: pr-hdds-1868-s6sc9-3720172378, networkLocation: /default-rack, certSerialId: null}d47c3a04-f2fd-4c6d-9c5b-cf5163b6c213{ip: 192.168.164.201, host: pr-hdds-1868-s6sc9-3720172378, networkLocation: /default-rack, certSerialId: null}834445fe-d519-4872-b649-1f7fcc1408aa{ip: 192.168.164.201, host: pr-hdds-1868-s6sc9-3720172378, networkLocation: /default-rack, certSerialId: null}, Type:RATIS, Factor:THREE, State:CLOSED] removed from db
2019-10-17 20:50:02,721 [grpc-default-executor-6] INFO  impl.RaftServerProxy (RaftServerProxy.java:addNew(89)) - 9e5dbcb7-9947-4856-b3fd-92d703a68307: addNew group-6C293A8FB381:[9e5dbcb7-9947-4856-b3fd-92d703a68307:192.168.164.201:39744, 834445fe-d519-4872-b649-1f7fcc1408aa:192.168.164.201:32919, d47c3a04-f2fd-4c6d-9c5b-cf5163b6c213:192.168.164.201:45277] returns group-6C293A8FB381:java.util.concurrent.CompletableFuture@3fa936f5[Not completed]
2019-10-17 20:50:02,721 [grpc-default-executor-2] INFO  impl.RaftServerProxy (RaftServerProxy.java:addNew(89)) - 834445fe-d519-4872-b649-1f7fcc1408aa: addNew group-6C293A8FB381:[9e5dbcb7-9947-4856-b3fd-92d703a68307:192.168.164.201:39744, 834445fe-d519-4872-b649-1f7fcc1408aa:192.168.164.201:32919, d47c3a04-f2fd-4c6d-9c5b-cf5163b6c213:192.168.164.201:45277] returns group-6C293A8FB381:java.util.concurrent.CompletableFuture@4881da45[Not completed]
2019-10-17 20:50:02,722 [grpc-default-executor-3] INFO  impl.RaftServerProxy (RaftServerProxy.java:addNew(89)) - d47c3a04-f2fd-4c6d-9c5b-cf5163b6c213: addNew group-6C293A8FB381:[9e5dbcb7-9947-4856-b3fd-92d703a68307:192.168.164.201:39744, 834445fe-d519-4872-b649-1f7fcc1408aa:192.168.164.201:32919, d47c3a04-f2fd-4c6d-9c5b-cf5163b6c213:192.168.164.201:45277] returns group-6C293A8FB381:java.util.concurrent.CompletableFuture@14790d06[Not completed]
2019-10-17 20:50:02,726 [pool-47-thread-1] INFO  impl.RaftServerImpl (RaftServerImpl.java:<init>(104)) - 9e5dbcb7-9947-4856-b3fd-92d703a68307: new RaftServerImpl for group-6C293A8FB381:[9e5dbcb7-9947-4856-b3fd-92d703a68307:192.168.164.201:39744, 834445fe-d519-4872-b649-1f7fcc1408aa:192.168.164.201:32919, d47c3a04-f2fd-4c6d-9c5b-cf5163b6c213:192.168.164.201:45277] with ContainerStateMachine:uninitialized
2019-10-17 20:50:02,726 [pool-47-thread-1] INFO  server.RaftServerConfigKeys (ConfUtils.java:logGet(43)) - raft.server.rpc.timeout.min = 5s (custom)
2019-10-17 20:50:02,726 [pool-47-thread-1] INFO  server.RaftServerConfigKeys (ConfUtils.java:logGet(43)) - raft.server.rpc.timeout.max = 5200ms (custom)
2019-10-17 20:50:02,726 [pool-47-thread-1] INFO  server.RaftServerConfigKeys (ConfUtils.java:logGet(43)) - raft.server.rpcslowness.timeout = 120s (custom)
2019-10-17 20:50:02,726 [pool-47-thread-1] INFO  server.RaftServerConfigKeys (ConfUtils.java:logGet(43)) - raft.server.sleep.deviation.threshold = 300 (default)
2019-10-17 20:50:02,727 [pool-47-thread-1] INFO  server.RaftServerConfigKeys (ConfUtils.java:logGet(43)) - raft.server.log.appender.install.snapshot.enabled = false (custom)
2019-10-17 20:50:02,727 [pool-47-thread-1] INFO  impl.RaftServerImpl (ServerState.java:<init>(103)) - 9e5dbcb7-9947-4856-b3fd-92d703a68307@group-6C293A8FB381: ConfigurationManager, init=-1: [9e5dbcb7-9947-4856-b3fd-92d703a68307:192.168.164.201:39744, 834445fe-d519-4872-b649-1f7fcc1408aa:192.168.164.201:32919, d47c3a04-f2fd-4c6d-9c5b-cf5163b6c213:192.168.164.201:45277], old=null, confs=<EMPTY_MAP>
2019-10-17 20:50:02,727 [pool-47-thread-1] INFO  server.RaftServerConfigKeys (ConfUtils.java:logGet(43)) - raft.server.storage.dir = [/workdir/hadoop-ozone/tools/target/test-dir/MiniOzoneClusterImpl-5d60dcbd-3d06-4278-a699-a506a2c6e7ab/datanode-2/data/ratis] (custom)
2019-10-17 20:50:02,727 [pool-27-thread-1] INFO  impl.RaftServerImpl (RaftServerImpl.java:<init>(104)) - 834445fe-d519-4872-b649-1f7fcc1408aa: new RaftServerImpl for group-6C293A8FB381:[9e5dbcb7-9947-4856-b3fd-92d703a68307:192.168.164.201:39744, 834445fe-d519-4872-b649-1f7fcc1408aa:192.168.164.201:32919, d47c3a04-f2fd-4c6d-9c5b-cf5163b6c213:192.168.164.201:45277] with ContainerStateMachine:uninitialized
2019-10-17 20:50:02,727 [pool-27-thread-1] INFO  server.RaftServerConfigKeys (ConfUtils.java:logGet(43)) - raft.server.rpc.timeout.min = 5s (custom)
2019-10-17 20:50:02,727 [pool-47-thread-1] INFO  server.RaftServerConfigKeys (ConfUtils.java:logGet(43)) - raft.server.log.corruption.policy = EXCEPTION (default)
2019-10-17 20:50:02,728 [pool-27-thread-1] INFO  server.RaftServerConfigKeys (ConfUtils.java:logGet(43)) - raft.server.rpc.timeout.max = 5200ms (custom)
2019-10-17 20:50:02,728 [pool-47-thread-1] INFO  storage.RaftStorageDirectory (RaftStorageDirectory.java:analyzeStorage(246)) - The storage directory /workdir/hadoop-ozone/tools/target/test-dir/MiniOzoneClusterImpl-5d60dcbd-3d06-4278-a699-a506a2c6e7ab/datanode-2/data/ratis/837aeac8-183b-434f-a0f9-6c293a8fb381 does not exist. Creating ...
2019-10-17 20:50:02,728 [pool-27-thread-1] INFO  server.RaftServerConfigKeys (ConfUtils.java:logGet(43)) - raft.server.rpcslowness.timeout = 120s (custom)
2019-10-17 20:50:02,728 [pool-27-thread-1] INFO  server.RaftServerConfigKeys (ConfUtils.java:logGet(43)) - raft.server.sleep.deviation.threshold = 300 (default)
2019-10-17 20:50:02,728 [pool-67-thread-1] INFO  impl.RaftServerImpl (RaftServerImpl.java:<init>(104)) - d47c3a04-f2fd-4c6d-9c5b-cf5163b6c213: new RaftServerImpl for group-6C293A8FB381:[9e5dbcb7-9947-4856-b3fd-92d703a68307:192.168.164.201:39744, 834445fe-d519-4872-b649-1f7fcc1408aa:192.168.164.201:32919, d47c3a04-f2fd-4c6d-9c5b-cf5163b6c213:192.168.164.201:45277] with ContainerStateMachine:uninitialized
2019-10-17 20:50:02,728 [pool-27-thread-1] INFO  server.RaftServerConfigKeys (ConfUtils.java:logGet(43)) - raft.server.log.appender.install.snapshot.enabled = false (custom)
2019-10-17 20:50:02,729 [pool-67-thread-1] INFO  server.RaftServerConfigKeys (ConfUtils.java:logGet(43)) - raft.server.rpc.timeout.min = 5s (custom)
2019-10-17 20:50:02,729 [pool-27-thread-1] INFO  impl.RaftServerImpl (ServerState.java:<init>(103)) - 834445fe-d519-4872-b649-1f7fcc1408aa@group-6C293A8FB381: ConfigurationManager, init=-1: [9e5dbcb7-9947-4856-b3fd-92d703a68307:192.168.164.201:39744, 834445fe-d519-4872-b649-1f7fcc1408aa:192.168.164.201:32919, d47c3a04-f2fd-4c6d-9c5b-cf5163b6c213:192.168.164.201:45277], old=null, confs=<EMPTY_MAP>
2019-10-17 20:50:02,729 [pool-67-thread-1] INFO  server.RaftServerConfigKeys (ConfUtils.java:logGet(43)) - raft.server.rpc.timeout.max = 5200ms (custom)
2019-10-17 20:50:02,729 [pool-27-thread-1] INFO  server.RaftServerConfigKeys (ConfUtils.java:logGet(43)) - raft.server.storage.dir = [/workdir/hadoop-ozone/tools/target/test-dir/MiniOzoneClusterImpl-5d60dcbd-3d06-4278-a699-a506a2c6e7ab/datanode-0/data/ratis] (custom)
2019-10-17 20:50:02,729 [pool-67-thread-1] INFO  server.RaftServerConfigKeys (ConfUtils.java:logGet(43)) - raft.server.rpcslowness.timeout = 120s (custom)
2019-10-17 20:50:02,729 [pool-67-thread-1] INFO  server.RaftServerConfigKeys (ConfUtils.java:logGet(43)) - raft.server.sleep.deviation.threshold = 300 (default)
2019-10-17 20:50:02,729 [pool-27-thread-1] INFO  server.RaftServerConfigKeys (ConfUtils.java:logGet(43)) - raft.server.log.corruption.policy = EXCEPTION (default)
2019-10-17 20:50:02,730 [pool-67-thread-1] INFO  server.RaftServerConfigKeys (ConfUtils.java:logGet(43)) - raft.server.log.appender.install.snapshot.enabled = false (custom)
2019-10-17 20:50:02,730 [pool-27-thread-1] INFO  storage.RaftStorageDirectory (RaftStorageDirectory.java:analyzeStorage(246)) - The storage directory /workdir/hadoop-ozone/tools/target/test-dir/MiniOzoneClusterImpl-5d60dcbd-3d06-4278-a699-a506a2c6e7ab/datanode-0/data/ratis/837aeac8-183b-434f-a0f9-6c293a8fb381 does not exist. Creating ...
2019-10-17 20:50:02,730 [pool-67-thread-1] INFO  impl.RaftServerImpl (ServerState.java:<init>(103)) - d47c3a04-f2fd-4c6d-9c5b-cf5163b6c213@group-6C293A8FB381: ConfigurationManager, init=-1: [9e5dbcb7-9947-4856-b3fd-92d703a68307:192.168.164.201:39744, 834445fe-d519-4872-b649-1f7fcc1408aa:192.168.164.201:32919, d47c3a04-f2fd-4c6d-9c5b-cf5163b6c213:192.168.164.201:45277], old=null, confs=<EMPTY_MAP>
2019-10-17 20:50:02,730 [pool-67-thread-1] INFO  server.RaftServerConfigKeys (ConfUtils.java:logGet(43)) - raft.server.storage.dir = [/workdir/hadoop-ozone/tools/target/test-dir/MiniOzoneClusterImpl-5d60dcbd-3d06-4278-a699-a506a2c6e7ab/datanode-4/data/ratis] (custom)
2019-10-17 20:50:02,731 [pool-67-thread-1] INFO  server.RaftServerConfigKeys (ConfUtils.java:logGet(43)) - raft.server.log.corruption.policy = EXCEPTION (default)
2019-10-17 20:50:02,731 [pool-67-thread-1] INFO  storage.RaftStorageDirectory (RaftStorageDirectory.java:analyzeStorage(246)) - The storage directory /workdir/hadoop-ozone/tools/target/test-dir/MiniOzoneClusterImpl-5d60dcbd-3d06-4278-a699-a506a2c6e7ab/datanode-4/data/ratis/837aeac8-183b-434f-a0f9-6c293a8fb381 does not exist. Creating ...
2019-10-17 20:50:02,751 [pool-47-thread-1] INFO  storage.RaftStorageDirectory (RaftStorageDirectory.java:tryLock(328)) - Lock on /workdir/hadoop-ozone/tools/target/test-dir/MiniOzoneClusterImpl-5d60dcbd-3d06-4278-a699-a506a2c6e7ab/datanode-2/data/ratis/837aeac8-183b-434f-a0f9-6c293a8fb381/in_use.lock acquired by nodename 9997@pr-hdds-1868-s6sc9-3720172378
2019-10-17 20:50:02,751 [pool-27-thread-1] INFO  storage.RaftStorageDirectory (RaftStorageDirectory.java:tryLock(328)) - Lock on /workdir/hadoop-ozone/tools/target/test-dir/MiniOzoneClusterImpl-5d60dcbd-3d06-4278-a699-a506a2c6e7ab/datanode-0/data/ratis/837aeac8-183b-434f-a0f9-6c293a8fb381/in_use.lock acquired by nodename 9997@pr-hdds-1868-s6sc9-3720172378
2019-10-17 20:50:02,751 [pool-67-thread-1] INFO  storage.RaftStorageDirectory (RaftStorageDirectory.java:tryLock(328)) - Lock on /workdir/hadoop-ozone/tools/target/test-dir/MiniOzoneClusterImpl-5d60dcbd-3d06-4278-a699-a506a2c6e7ab/datanode-4/data/ratis/837aeac8-183b-434f-a0f9-6c293a8fb381/in_use.lock acquired by nodename 9997@pr-hdds-1868-s6sc9-3720172378
2019-10-17 20:50:02,783 [pool-67-thread-1] INFO  storage.RaftStorage (RaftStorage.java:format(84)) - Storage directory /workdir/hadoop-ozone/tools/target/test-dir/MiniOzoneClusterImpl-5d60dcbd-3d06-4278-a699-a506a2c6e7ab/datanode-4/data/ratis/837aeac8-183b-434f-a0f9-6c293a8fb381 has been successfully formatted.
2019-10-17 20:50:02,783 [pool-27-thread-1] INFO  storage.RaftStorage (RaftStorage.java:format(84)) - Storage directory /workdir/hadoop-ozone/tools/target/test-dir/MiniOzoneClusterImpl-5d60dcbd-3d06-4278-a699-a506a2c6e7ab/datanode-0/data/ratis/837aeac8-183b-434f-a0f9-6c293a8fb381 has been successfully formatted.
2019-10-17 20:50:02,783 [pool-67-thread-1] INFO  ratis.ContainerStateMachine (ContainerStateMachine.java:loadSnapshot(233)) - group-6C293A8FB381: The snapshot info is null. Setting the last applied indexto:(t:0, i:~)
2019-10-17 20:50:02,783 [pool-47-thread-1] INFO  storage.RaftStorage (RaftStorage.java:format(84)) - Storage directory /workdir/hadoop-ozone/tools/target/test-dir/MiniOzoneClusterImpl-5d60dcbd-3d06-4278-a699-a506a2c6e7ab/datanode-2/data/ratis/837aeac8-183b-434f-a0f9-6c293a8fb381 has been successfully formatted.
2019-10-17 20:50:02,783 [pool-27-thread-1] INFO  ratis.ContainerStateMachine (ContainerStateMachine.java:loadSnapshot(233)) - group-6C293A8FB381: The snapshot info is null. Setting the last applied indexto:(t:0, i:~)
2019-10-17 20:50:02,783 [pool-67-thread-1] INFO  server.RaftServerConfigKeys (ConfUtils.java:logGet(43)) - raft.server.notification.no-leader.timeout = 120s (custom)
2019-10-17 20:50:02,784 [pool-27-thread-1] INFO  server.RaftServerConfigKeys (ConfUtils.java:logGet(43)) - raft.server.notification.no-leader.timeout = 120s (custom)
2019-10-17 20:50:02,784 [pool-47-thread-1] INFO  ratis.ContainerStateMachine (ContainerStateMachine.java:loadSnapshot(233)) - group-6C293A8FB381: The snapshot info is null. Setting the last applied indexto:(t:0, i:~)
2019-10-17 20:50:02,784 [pool-27-thread-1] INFO  server.RaftServerConfigKeys (ConfUtils.java:logGet(43)) - raft.server.log.use.memory = false (default)
2019-10-17 20:50:02,784 [pool-67-thread-1] INFO  server.RaftServerConfigKeys (ConfUtils.java:logGet(43)) - raft.server.log.use.memory = false (default)
2019-10-17 20:50:02,784 [pool-47-thread-1] INFO  server.RaftServerConfigKeys (ConfUtils.java:logGet(43)) - raft.server.notification.no-leader.timeout = 120s (custom)
2019-10-17 20:50:02,784 [pool-27-thread-1] INFO  server.RaftServerConfigKeys (ConfUtils.java:logGet(43)) - raft.server.log.purge.gap = 1000000 (custom)
2019-10-17 20:50:02,784 [pool-67-thread-1] INFO  server.RaftServerConfigKeys (ConfUtils.java:logGet(43)) - raft.server.log.purge.gap = 1000000 (custom)
2019-10-17 20:50:02,785 [pool-27-thread-1] INFO  server.RaftServerConfigKeys (ConfUtils.java:logGet(43)) - raft.server.log.appender.buffer.byte-limit = 33554432 (custom)
2019-10-17 20:50:02,785 [pool-47-thread-1] INFO  server.RaftServerConfigKeys (ConfUtils.java:logGet(43)) - raft.server.log.use.memory = false (default)
2019-10-17 20:50:02,785 [pool-27-thread-1] INFO  server.RaftServerConfigKeys (ConfUtils.java:logGet(43)) - raft.server.log.segment.size.max = 1048576 (custom)
2019-10-17 20:50:02,785 [pool-67-thread-1] INFO  server.RaftServerConfigKeys (ConfUtils.java:logGet(43)) - raft.server.log.appender.buffer.byte-limit = 33554432 (custom)
2019-10-17 20:50:02,785 [pool-47-thread-1] INFO  server.RaftServerConfigKeys (ConfUtils.java:logGet(43)) - raft.server.log.purge.gap = 1000000 (custom)
2019-10-17 20:50:02,786 [pool-67-thread-1] INFO  server.RaftServerConfigKeys (ConfUtils.java:logGet(43)) - raft.server.log.segment.size.max = 1048576 (custom)
2019-10-17 20:50:02,786 [pool-27-thread-1] INFO  server.RaftServerConfigKeys (ConfUtils.java:logGet(43)) - raft.server.log.segment.cache.num.max = 2 (custom)
2019-10-17 20:50:02,786 [pool-67-thread-1] INFO  server.RaftServerConfigKeys (ConfUtils.java:logGet(43)) - raft.server.log.segment.cache.num.max = 2 (custom)
2019-10-17 20:50:02,786 [pool-47-thread-1] INFO  server.RaftServerConfigKeys (ConfUtils.java:logGet(43)) - raft.server.log.appender.buffer.byte-limit = 33554432 (custom)
2019-10-17 20:50:02,786 [pool-67-thread-1] INFO  segmented.SegmentedRaftLogWorker (SegmentedRaftLogWorker.java:<init>(173)) - new d47c3a04-f2fd-4c6d-9c5b-cf5163b6c213@group-6C293A8FB381-SegmentedRaftLogWorker for RaftStorage:Storage Directory /workdir/hadoop-ozone/tools/target/test-dir/MiniOzoneClusterImpl-5d60dcbd-3d06-4278-a699-a506a2c6e7ab/datanode-4/data/ratis/837aeac8-183b-434f-a0f9-6c293a8fb381
2019-10-17 20:50:02,786 [pool-27-thread-1] INFO  segmented.SegmentedRaftLogWorker (SegmentedRaftLogWorker.java:<init>(173)) - new 834445fe-d519-4872-b649-1f7fcc1408aa@group-6C293A8FB381-SegmentedRaftLogWorker for RaftStorage:Storage Directory /workdir/hadoop-ozone/tools/target/test-dir/MiniOzoneClusterImpl-5d60dcbd-3d06-4278-a699-a506a2c6e7ab/datanode-0/data/ratis/837aeac8-183b-434f-a0f9-6c293a8fb381
2019-10-17 20:50:02,787 [pool-67-thread-1] INFO  server.RaftServerConfigKeys (ConfUtils.java:logGet(43)) - raft.server.log.queue.byte-limit = 2147483647 (custom)
2019-10-17 20:50:02,786 [pool-47-thread-1] INFO  server.RaftServerConfigKeys (ConfUtils.java:logGet(43)) - raft.server.log.segment.size.max = 1048576 (custom)
2019-10-17 20:50:02,787 [pool-67-thread-1] INFO  server.RaftServerConfigKeys (ConfUtils.java:logGet(43)) - raft.server.log.queue.element-limit = 1024 (custom)
2019-10-17 20:50:02,787 [pool-27-thread-1] INFO  server.RaftServerConfigKeys (ConfUtils.java:logGet(43)) - raft.server.log.queue.byte-limit = 2147483647 (custom)
2019-10-17 20:50:02,787 [pool-67-thread-1] INFO  server.RaftServerConfigKeys (ConfUtils.java:logGet(43)) - raft.server.log.segment.size.max = 1048576 (custom)
2019-10-17 20:50:02,787 [pool-47-thread-1] INFO  server.RaftServerConfigKeys (ConfUtils.java:logGet(43)) - raft.server.log.segment.cache.num.max = 2 (custom)
2019-10-17 20:50:02,788 [pool-67-thread-1] INFO  server.RaftServerConfigKeys (ConfUtils.java:logGet(43)) - raft.server.log.preallocated.size = 16384 (custom)
2019-10-17 20:50:02,787 [pool-27-thread-1] INFO  server.RaftServerConfigKeys (ConfUtils.java:logGet(43)) - raft.server.log.queue.element-limit = 1024 (custom)
2019-10-17 20:50:02,788 [pool-67-thread-1] INFO  server.RaftServerConfigKeys (ConfUtils.java:logGet(43)) - raft.server.log.write.buffer.size = 33554432 (custom)
2019-10-17 20:50:02,788 [pool-47-thread-1] INFO  segmented.SegmentedRaftLogWorker (SegmentedRaftLogWorker.java:<init>(173)) - new 9e5dbcb7-9947-4856-b3fd-92d703a68307@group-6C293A8FB381-SegmentedRaftLogWorker for RaftStorage:Storage Directory /workdir/hadoop-ozone/tools/target/test-dir/MiniOzoneClusterImpl-5d60dcbd-3d06-4278-a699-a506a2c6e7ab/datanode-2/data/ratis/837aeac8-183b-434f-a0f9-6c293a8fb381
2019-10-17 20:50:02,788 [pool-67-thread-1] INFO  server.RaftServerConfigKeys (ConfUtils.java:logGet(43)) - raft.server.log.force.sync.num = 128 (default)
2019-10-17 20:50:02,788 [pool-27-thread-1] INFO  server.RaftServerConfigKeys (ConfUtils.java:logGet(43)) - raft.server.log.segment.size.max = 1048576 (custom)
2019-10-17 20:50:02,789 [pool-67-thread-1] INFO  server.RaftServerConfigKeys (ConfUtils.java:logGet(43)) - raft.server.log.statemachine.data.sync = true (default)
2019-10-17 20:50:02,788 [pool-47-thread-1] INFO  server.RaftServerConfigKeys (ConfUtils.java:logGet(43)) - raft.server.log.queue.byte-limit = 2147483647 (custom)
2019-10-17 20:50:02,789 [pool-67-thread-1] INFO  server.RaftServerConfigKeys (ConfUtils.java:logGet(43)) - raft.server.log.statemachine.data.sync.timeout = 10s (default)
2019-10-17 20:50:02,789 [pool-27-thread-1] INFO  server.RaftServerConfigKeys (ConfUtils.java:logGet(43)) - raft.server.log.preallocated.size = 16384 (custom)
2019-10-17 20:50:02,789 [pool-67-thread-1] INFO  server.RaftServerConfigKeys (ConfUtils.java:logGet(43)) - raft.server.log.statemachine.data.sync.timeout.retry = -1 (default)
2019-10-17 20:50:02,789 [pool-47-thread-1] INFO  server.RaftServerConfigKeys (ConfUtils.java:logGet(43)) - raft.server.log.queue.element-limit = 1024 (custom)
2019-10-17 20:50:02,789 [pool-27-thread-1] INFO  server.RaftServerConfigKeys (ConfUtils.java:logGet(43)) - raft.server.log.write.buffer.size = 33554432 (custom)
2019-10-17 20:50:02,790 [pool-47-thread-1] INFO  server.RaftServerConfigKeys (ConfUtils.java:logGet(43)) - raft.server.log.segment.size.max = 1048576 (custom)
2019-10-17 20:50:02,790 [pool-67-thread-1] INFO  server.RaftServerConfigKeys (ConfUtils.java:logGet(43)) - raft.server.log.statemachine.data.caching.enabled = true (custom)
2019-10-17 20:50:02,790 [pool-47-thread-1] INFO  server.RaftServerConfigKeys (ConfUtils.java:logGet(43)) - raft.server.log.preallocated.size = 16384 (custom)
2019-10-17 20:50:02,790 [pool-27-thread-1] INFO  server.RaftServerConfigKeys (ConfUtils.java:logGet(43)) - raft.server.log.force.sync.num = 128 (default)
2019-10-17 20:50:02,790 [pool-47-thread-1] INFO  server.RaftServerConfigKeys (ConfUtils.java:logGet(43)) - raft.server.log.write.buffer.size = 33554432 (custom)
2019-10-17 20:50:02,791 [pool-27-thread-1] INFO  server.RaftServerConfigKeys (ConfUtils.java:logGet(43)) - raft.server.log.statemachine.data.sync = true (default)
2019-10-17 20:50:02,791 [pool-67-thread-1] INFO  segmented.SegmentedRaftLogWorker (SegmentedRaftLogWorker.java:lambda$new$0(128)) - d47c3a04-f2fd-4c6d-9c5b-cf5163b6c213@group-6C293A8FB381-SegmentedRaftLogWorker: flushIndex: setUnconditionally 0 -> -1
2019-10-17 20:50:02,791 [pool-27-thread-1] INFO  server.RaftServerConfigKeys (ConfUtils.java:logGet(43)) - raft.server.log.statemachine.data.sync.timeout = 10s (default)
2019-10-17 20:50:02,791 [pool-47-thread-1] INFO  server.RaftServerConfigKeys (ConfUtils.java:logGet(43)) - raft.server.log.force.sync.num = 128 (default)
2019-10-17 20:50:02,791 [pool-67-thread-1] INFO  server.RaftServerConfigKeys (ConfUtils.java:logGet(43)) - raft.server.snapshot.auto.trigger.enabled = true (custom)
2019-10-17 20:50:02,791 [pool-27-thread-1] INFO  server.RaftServerConfigKeys (ConfUtils.java:logGet(43)) - raft.server.log.statemachine.data.sync.timeout.retry = -1 (default)
2019-10-17 20:50:02,792 [pool-67-thread-1] INFO  server.RaftServerConfigKeys (ConfUtils.java:logGet(43)) - raft.server.snapshot.auto.trigger.threshold = 10000 (custom)
2019-10-17 20:50:02,792 [pool-47-thread-1] INFO  server.RaftServerConfigKeys (ConfUtils.java:logGet(43)) - raft.server.log.statemachine.data.sync = true (default)
2019-10-17 20:50:02,792 [pool-67-thread-1] INFO  server.RaftServerConfigKeys (ConfUtils.java:logGet(43)) - raft.server.snapshot.retention.file.num = 5 (custom)
2019-10-17 20:50:02,792 [pool-27-thread-1] INFO  server.RaftServerConfigKeys (ConfUtils.java:logGet(43)) - raft.server.log.statemachine.data.caching.enabled = true (custom)
2019-10-17 20:50:02,792 [pool-67-thread-1] INFO  server.RaftServerConfigKeys (ConfUtils.java:logGet(43)) - raft.server.retrycache.expirytime = 600000ms (custom)
2019-10-17 20:50:02,792 [pool-47-thread-1] INFO  server.RaftServerConfigKeys (ConfUtils.java:logGet(43)) - raft.server.log.statemachine.data.sync.timeout = 10s (default)
2019-10-17 20:50:02,793 [pool-27-thread-1] INFO  segmented.SegmentedRaftLogWorker (SegmentedRaftLogWorker.java:lambda$new$0(128)) - 834445fe-d519-4872-b649-1f7fcc1408aa@group-6C293A8FB381-SegmentedRaftLogWorker: flushIndex: setUnconditionally 0 -> -1
2019-10-17 20:50:02,793 [pool-47-thread-1] INFO  server.RaftServerConfigKeys (ConfUtils.java:logGet(43)) - raft.server.log.statemachine.data.sync.timeout.retry = -1 (default)
2019-10-17 20:50:02,793 [pool-47-thread-1] INFO  server.RaftServerConfigKeys (ConfUtils.java:logGet(43)) - raft.server.log.statemachine.data.caching.enabled = true (custom)
2019-10-17 20:50:02,793 [pool-27-thread-1] INFO  server.RaftServerConfigKeys (ConfUtils.java:logGet(43)) - raft.server.snapshot.auto.trigger.enabled = true (custom)
2019-10-17 20:50:02,794 [pool-27-thread-1] INFO  server.RaftServerConfigKeys (ConfUtils.java:logGet(43)) - raft.server.snapshot.auto.trigger.threshold = 10000 (custom)
2019-10-17 20:50:02,794 [pool-47-thread-1] INFO  segmented.SegmentedRaftLogWorker (SegmentedRaftLogWorker.java:lambda$new$0(128)) - 9e5dbcb7-9947-4856-b3fd-92d703a68307@group-6C293A8FB381-SegmentedRaftLogWorker: flushIndex: setUnconditionally 0 -> -1
2019-10-17 20:50:02,794 [pool-27-thread-1] INFO  server.RaftServerConfigKeys (ConfUtils.java:logGet(43)) - raft.server.snapshot.retention.file.num = 5 (custom)
2019-10-17 20:50:02,794 [pool-47-thread-1] INFO  server.RaftServerConfigKeys (ConfUtils.java:logGet(43)) - raft.server.snapshot.auto.trigger.enabled = true (custom)
2019-10-17 20:50:02,794 [pool-47-thread-1] INFO  server.RaftServerConfigKeys (ConfUtils.java:logGet(43)) - raft.server.snapshot.auto.trigger.threshold = 10000 (custom)
2019-10-17 20:50:02,794 [pool-27-thread-1] INFO  server.RaftServerConfigKeys (ConfUtils.java:logGet(43)) - raft.server.retrycache.expirytime = 600000ms (custom)
2019-10-17 20:50:02,795 [pool-47-thread-1] INFO  server.RaftServerConfigKeys (ConfUtils.java:logGet(43)) - raft.server.snapshot.retention.file.num = 5 (custom)
2019-10-17 20:50:02,795 [pool-47-thread-1] INFO  server.RaftServerConfigKeys (ConfUtils.java:logGet(43)) - raft.server.retrycache.expirytime = 600000ms (custom)
2019-10-17 20:50:02,797 [pool-67-thread-1] INFO  impl.RaftServerImpl (RaftServerImpl.java:start(195)) - d47c3a04-f2fd-4c6d-9c5b-cf5163b6c213@group-6C293A8FB381: start as a follower, conf=-1: [9e5dbcb7-9947-4856-b3fd-92d703a68307:192.168.164.201:39744, 834445fe-d519-4872-b649-1f7fcc1408aa:192.168.164.201:32919, d47c3a04-f2fd-4c6d-9c5b-cf5163b6c213:192.168.164.201:45277], old=null
2019-10-17 20:50:02,797 [pool-67-thread-1] INFO  impl.RaftServerImpl (RaftServerImpl.java:setRole(184)) - d47c3a04-f2fd-4c6d-9c5b-cf5163b6c213@group-6C293A8FB381: changes role from      null to FOLLOWER at term 0 for startAsFollower
2019-10-17 20:50:02,797 [pool-67-thread-1] INFO  impl.RoleInfo (RoleInfo.java:updateAndGet(143)) - d47c3a04-f2fd-4c6d-9c5b-cf5163b6c213: start FollowerState
2019-10-17 20:50:02,798 [pool-67-thread-1] INFO  util.JmxRegister (JmxRegister.java:tryRegister(44)) - Successfully registered JMX Bean with object name Ratis:service=RaftServer,group=group-6C293A8FB381,id=d47c3a04-f2fd-4c6d-9c5b-cf5163b6c213
2019-10-17 20:50:02,801 [pool-47-thread-1] INFO  impl.RaftServerImpl (RaftServerImpl.java:start(195)) - 9e5dbcb7-9947-4856-b3fd-92d703a68307@group-6C293A8FB381: start as a follower, conf=-1: [9e5dbcb7-9947-4856-b3fd-92d703a68307:192.168.164.201:39744, 834445fe-d519-4872-b649-1f7fcc1408aa:192.168.164.201:32919, d47c3a04-f2fd-4c6d-9c5b-cf5163b6c213:192.168.164.201:45277], old=null
2019-10-17 20:50:02,801 [pool-27-thread-1] INFO  impl.RaftServerImpl (RaftServerImpl.java:start(195)) - 834445fe-d519-4872-b649-1f7fcc1408aa@group-6C293A8FB381: start as a follower, conf=-1: [9e5dbcb7-9947-4856-b3fd-92d703a68307:192.168.164.201:39744, 834445fe-d519-4872-b649-1f7fcc1408aa:192.168.164.201:32919, d47c3a04-f2fd-4c6d-9c5b-cf5163b6c213:192.168.164.201:45277], old=null
2019-10-17 20:50:02,801 [pool-47-thread-1] INFO  impl.RaftServerImpl (RaftServerImpl.java:setRole(184)) - 9e5dbcb7-9947-4856-b3fd-92d703a68307@group-6C293A8FB381: changes role from      null to FOLLOWER at term 0 for startAsFollower
2019-10-17 20:50:02,801 [pool-27-thread-1] INFO  impl.RaftServerImpl (RaftServerImpl.java:setRole(184)) - 834445fe-d519-4872-b649-1f7fcc1408aa@group-6C293A8FB381: changes role from      null to FOLLOWER at term 0 for startAsFollower
2019-10-17 20:50:02,801 [pool-47-thread-1] INFO  impl.RoleInfo (RoleInfo.java:updateAndGet(143)) - 9e5dbcb7-9947-4856-b3fd-92d703a68307: start FollowerState
2019-10-17 20:50:02,801 [pool-27-thread-1] INFO  impl.RoleInfo (RoleInfo.java:updateAndGet(143)) - 834445fe-d519-4872-b649-1f7fcc1408aa: start FollowerState
2019-10-17 20:50:02,802 [pool-47-thread-1] INFO  util.JmxRegister (JmxRegister.java:tryRegister(44)) - Successfully registered JMX Bean with object name Ratis:service=RaftServer,group=group-6C293A8FB381,id=9e5dbcb7-9947-4856-b3fd-92d703a68307
2019-10-17 20:50:02,802 [pool-27-thread-1] INFO  util.JmxRegister (JmxRegister.java:tryRegister(44)) - Successfully registered JMX Bean with object name Ratis:service=RaftServer,group=group-6C293A8FB381,id=834445fe-d519-4872-b649-1f7fcc1408aa
2019-10-17 20:50:02,813 [RatisPipelineUtilsThread] INFO  pipeline.PipelineStateManager (PipelineStateManager.java:addPipeline(55)) - Created pipeline Pipeline[ Id: 837aeac8-183b-434f-a0f9-6c293a8fb381, Nodes: 9e5dbcb7-9947-4856-b3fd-92d703a68307{ip: 192.168.164.201, host: pr-hdds-1868-s6sc9-3720172378, networkLocation: /default-rack, certSerialId: null}d47c3a04-f2fd-4c6d-9c5b-cf5163b6c213{ip: 192.168.164.201, host: pr-hdds-1868-s6sc9-3720172378, networkLocation: /default-rack, certSerialId: null}834445fe-d519-4872-b649-1f7fcc1408aa{ip: 192.168.164.201, host: pr-hdds-1868-s6sc9-3720172378, networkLocation: /default-rack, certSerialId: null}, Type:RATIS, Factor:THREE, State:ALLOCATED]
2019-10-17 20:50:02,824 [Thread-461] INFO  impl.FollowerState (FollowerState.java:run(108)) - 834445fe-d519-4872-b649-1f7fcc1408aa@group-6C293A8FB381-FollowerState: change to CANDIDATE, lastRpcTime:22ms, electionTimeout:22ms
2019-10-17 20:50:02,824 [Thread-461] INFO  impl.RoleInfo (RoleInfo.java:shutdownFollowerState(121)) - 834445fe-d519-4872-b649-1f7fcc1408aa: shutdown FollowerState
2019-10-17 20:50:02,824 [Thread-461] INFO  impl.RaftServerImpl (RaftServerImpl.java:setRole(184)) - 834445fe-d519-4872-b649-1f7fcc1408aa@group-6C293A8FB381: changes role from  FOLLOWER to CANDIDATE at term 0 for changeToCandidate
2019-10-17 20:50:02,824 [Thread-461] INFO  impl.RoleInfo (RoleInfo.java:updateAndGet(143)) - 834445fe-d519-4872-b649-1f7fcc1408aa: start LeaderElection
2019-10-17 20:50:02,841 [Thread-459] INFO  impl.FollowerState (FollowerState.java:run(108)) - d47c3a04-f2fd-4c6d-9c5b-cf5163b6c213@group-6C293A8FB381-FollowerState: change to CANDIDATE, lastRpcTime:43ms, electionTimeout:43ms
2019-10-17 20:50:02,842 [Thread-459] INFO  impl.RoleInfo (RoleInfo.java:shutdownFollowerState(121)) - d47c3a04-f2fd-4c6d-9c5b-cf5163b6c213: shutdown FollowerState
2019-10-17 20:50:02,842 [Thread-459] INFO  impl.RaftServerImpl (RaftServerImpl.java:setRole(184)) - d47c3a04-f2fd-4c6d-9c5b-cf5163b6c213@group-6C293A8FB381: changes role from  FOLLOWER to CANDIDATE at term 0 for changeToCandidate
2019-10-17 20:50:02,842 [Thread-459] INFO  impl.RoleInfo (RoleInfo.java:updateAndGet(143)) - d47c3a04-f2fd-4c6d-9c5b-cf5163b6c213: start LeaderElection
2019-10-17 20:50:02,842 [834445fe-d519-4872-b649-1f7fcc1408aa@group-6C293A8FB381-LeaderElection21] INFO  impl.LeaderElection (LeaderElection.java:askForVotes(178)) - 834445fe-d519-4872-b649-1f7fcc1408aa@group-6C293A8FB381-LeaderElection21: begin an election at term 1 for -1: [9e5dbcb7-9947-4856-b3fd-92d703a68307:192.168.164.201:39744, 834445fe-d519-4872-b649-1f7fcc1408aa:192.168.164.201:32919, d47c3a04-f2fd-4c6d-9c5b-cf5163b6c213:192.168.164.201:45277], old=null
2019-10-17 20:50:02,850 [grpc-default-executor-2] INFO  impl.RaftServerImpl (RaftServerImpl.java:setRole(184)) - 9e5dbcb7-9947-4856-b3fd-92d703a68307@group-6C293A8FB381: changes role from  FOLLOWER to FOLLOWER at term 1 for recognizeCandidate:834445fe-d519-4872-b649-1f7fcc1408aa
2019-10-17 20:50:02,850 [grpc-default-executor-2] INFO  impl.RoleInfo (RoleInfo.java:shutdownFollowerState(121)) - 9e5dbcb7-9947-4856-b3fd-92d703a68307: shutdown FollowerState
2019-10-17 20:50:02,850 [grpc-default-executor-2] INFO  impl.RoleInfo (RoleInfo.java:updateAndGet(143)) - 9e5dbcb7-9947-4856-b3fd-92d703a68307: start FollowerState
2019-10-17 20:50:02,850 [Thread-460] INFO  impl.FollowerState (FollowerState.java:run(117)) - 9e5dbcb7-9947-4856-b3fd-92d703a68307@group-6C293A8FB381-FollowerState was interrupted: java.lang.InterruptedException: sleep interrupted
2019-10-17 20:50:02,870 [Thread-469] INFO  impl.FollowerState (FollowerState.java:run(108)) - 9e5dbcb7-9947-4856-b3fd-92d703a68307@group-6C293A8FB381-FollowerState: change to CANDIDATE, lastRpcTime:19ms, electionTimeout:16ms
2019-10-17 20:50:02,871 [Thread-469] INFO  impl.RoleInfo (RoleInfo.java:shutdownFollowerState(121)) - 9e5dbcb7-9947-4856-b3fd-92d703a68307: shutdown FollowerState
2019-10-17 20:50:02,871 [Thread-469] INFO  impl.RaftServerImpl (RaftServerImpl.java:setRole(184)) - 9e5dbcb7-9947-4856-b3fd-92d703a68307@group-6C293A8FB381: changes role from  FOLLOWER to CANDIDATE at term 1 for changeToCandidate
2019-10-17 20:50:02,871 [Thread-469] INFO  impl.RoleInfo (RoleInfo.java:updateAndGet(143)) - 9e5dbcb7-9947-4856-b3fd-92d703a68307: start LeaderElection
2019-10-17 20:50:02,871 [d47c3a04-f2fd-4c6d-9c5b-cf5163b6c213@group-6C293A8FB381-LeaderElection22] INFO  impl.LeaderElection (LeaderElection.java:askForVotes(178)) - d47c3a04-f2fd-4c6d-9c5b-cf5163b6c213@group-6C293A8FB381-LeaderElection22: begin an election at term 1 for -1: [9e5dbcb7-9947-4856-b3fd-92d703a68307:192.168.164.201:39744, 834445fe-d519-4872-b649-1f7fcc1408aa:192.168.164.201:32919, d47c3a04-f2fd-4c6d-9c5b-cf5163b6c213:192.168.164.201:45277], old=null
2019-10-17 20:50:02,874 [834445fe-d519-4872-b649-1f7fcc1408aa@group-6C293A8FB381-LeaderElection21] INFO  impl.LeaderElection (LeaderElection.java:logAndReturn(56)) - 834445fe-d519-4872-b649-1f7fcc1408aa@group-6C293A8FB381-LeaderElection21: Election PASSED; received 1 response(s) [834445fe-d519-4872-b649-1f7fcc1408aa<-9e5dbcb7-9947-4856-b3fd-92d703a68307#0:OK-t1] and 0 exception(s); 834445fe-d519-4872-b649-1f7fcc1408aa@group-6C293A8FB381:t1, leader=null, voted=834445fe-d519-4872-b649-1f7fcc1408aa, raftlog=834445fe-d519-4872-b649-1f7fcc1408aa@group-6C293A8FB381-SegmentedRaftLog:OPENED:c-1,f-1,i0, conf=-1: [9e5dbcb7-9947-4856-b3fd-92d703a68307:192.168.164.201:39744, 834445fe-d519-4872-b649-1f7fcc1408aa:192.168.164.201:32919, d47c3a04-f2fd-4c6d-9c5b-cf5163b6c213:192.168.164.201:45277], old=null
2019-10-17 20:50:02,875 [834445fe-d519-4872-b649-1f7fcc1408aa@group-6C293A8FB381-LeaderElection21] INFO  impl.RoleInfo (RoleInfo.java:shutdownLeaderElection(134)) - 834445fe-d519-4872-b649-1f7fcc1408aa: shutdown LeaderElection
2019-10-17 20:50:02,875 [834445fe-d519-4872-b649-1f7fcc1408aa@group-6C293A8FB381-LeaderElection21] INFO  impl.RaftServerImpl (RaftServerImpl.java:setRole(184)) - 834445fe-d519-4872-b649-1f7fcc1408aa@group-6C293A8FB381: changes role from CANDIDATE to LEADER at term 1 for changeToLeader
2019-10-17 20:50:02,875 [834445fe-d519-4872-b649-1f7fcc1408aa@group-6C293A8FB381-LeaderElection21] INFO  ratis.XceiverServerRatis (XceiverServerRatis.java:handleLeaderChangedNotification(700)) - Leader change notification received for group: group-6C293A8FB381 with new leaderId: 834445fe-d519-4872-b649-1f7fcc1408aa
2019-10-17 20:50:02,877 [834445fe-d519-4872-b649-1f7fcc1408aa@group-6C293A8FB381-LeaderElection21] INFO  impl.RaftServerImpl (ServerState.java:setLeader(256)) - 834445fe-d519-4872-b649-1f7fcc1408aa@group-6C293A8FB381: change Leader from null to 834445fe-d519-4872-b649-1f7fcc1408aa at term 1 for becomeLeader, leader elected after 91ms
2019-10-17 20:50:02,878 [834445fe-d519-4872-b649-1f7fcc1408aa@group-6C293A8FB381-LeaderElection21] INFO  server.RaftServerConfigKeys (ConfUtils.java:logGet(43)) - raft.server.staging.catchup.gap = 1000 (default)
2019-10-17 20:50:02,878 [834445fe-d519-4872-b649-1f7fcc1408aa@group-6C293A8FB381-LeaderElection21] INFO  server.RaftServerConfigKeys (ConfUtils.java:logGet(43)) - raft.server.rpc.sleep.time = 25ms (default)
2019-10-17 20:50:02,878 [834445fe-d519-4872-b649-1f7fcc1408aa@group-6C293A8FB381-LeaderElection21] INFO  server.RaftServerConfigKeys (ConfUtils.java:logGet(43)) - raft.server.write.element-limit = 4096 (default)
2019-10-17 20:50:02,879 [834445fe-d519-4872-b649-1f7fcc1408aa@group-6C293A8FB381-LeaderElection21] INFO  server.RaftServerConfigKeys (ConfUtils.java:logGet(43)) - raft.server.watch.timeout = 10s (default)
2019-10-17 20:50:02,879 [834445fe-d519-4872-b649-1f7fcc1408aa@group-6C293A8FB381-LeaderElection21] INFO  server.RaftServerConfigKeys (ConfUtils.java:logGet(43)) - raft.server.watch.timeout.denomination = 1s (default)
2019-10-17 20:50:02,879 [EventQueue-PipelineReportForPipelineReportHandler] INFO  pipeline.PipelineReportHandler (PipelineReportHandler.java:processPipelineReport(119)) - Pipeline PipelineID=837aeac8-183b-434f-a0f9-6c293a8fb381 reported by 834445fe-d519-4872-b649-1f7fcc1408aa{ip: 192.168.164.201, host: pr-hdds-1868-s6sc9-3720172378, networkLocation: /default-rack, certSerialId: null} with leaderId 834445fe-d519-4872-b649-1f7fcc1408aa
2019-10-17 20:50:02,880 [834445fe-d519-4872-b649-1f7fcc1408aa@group-6C293A8FB381-LeaderElection21] INFO  server.RaftServerConfigKeys (ConfUtils.java:logGet(43)) - raft.server.watch.element-limit = 65536 (default)
2019-10-17 20:50:02,884 [834445fe-d519-4872-b649-1f7fcc1408aa@group-6C293A8FB381-LeaderElection21] INFO  server.RaftServerConfigKeys (ConfUtils.java:logGet(43)) - raft.server.log.appender.snapshot.chunk.size.max = 16MB (=16777216) (default)
2019-10-17 20:50:02,884 [834445fe-d519-4872-b649-1f7fcc1408aa@group-6C293A8FB381-LeaderElection21] INFO  server.RaftServerConfigKeys (ConfUtils.java:logGet(43)) - raft.server.log.appender.buffer.byte-limit = 33554432 (custom)
2019-10-17 20:50:02,884 [834445fe-d519-4872-b649-1f7fcc1408aa@group-6C293A8FB381-LeaderElection21] INFO  server.RaftServerConfigKeys (ConfUtils.java:logGet(43)) - raft.server.log.appender.buffer.element-limit = 1 (custom)
2019-10-17 20:50:02,884 [834445fe-d519-4872-b649-1f7fcc1408aa@group-6C293A8FB381-LeaderElection21] INFO  grpc.GrpcConfigKeys$Server (ConfUtils.java:logGet(43)) - raft.grpc.server.leader.outstanding.appends.max = 128 (default)
2019-10-17 20:50:02,884 [834445fe-d519-4872-b649-1f7fcc1408aa@group-6C293A8FB381-LeaderElection21] INFO  server.RaftServerConfigKeys (ConfUtils.java:logGet(43)) - raft.server.rpc.request.timeout = 3000ms (default)
2019-10-17 20:50:02,885 [834445fe-d519-4872-b649-1f7fcc1408aa@group-6C293A8FB381-LeaderElection21] INFO  server.RaftServerConfigKeys (ConfUtils.java:logGet(43)) - raft.server.log.appender.install.snapshot.enabled = false (custom)
2019-10-17 20:50:02,887 [834445fe-d519-4872-b649-1f7fcc1408aa@group-6C293A8FB381-LeaderElection21] INFO  server.RaftServerConfigKeys (ConfUtils.java:logGet(43)) - raft.server.log.appender.snapshot.chunk.size.max = 16MB (=16777216) (default)
2019-10-17 20:50:02,887 [834445fe-d519-4872-b649-1f7fcc1408aa@group-6C293A8FB381-LeaderElection21] INFO  server.RaftServerConfigKeys (ConfUtils.java:logGet(43)) - raft.server.log.appender.buffer.byte-limit = 33554432 (custom)
2019-10-17 20:50:02,887 [834445fe-d519-4872-b649-1f7fcc1408aa@group-6C293A8FB381-LeaderElection21] INFO  server.RaftServerConfigKeys (ConfUtils.java:logGet(43)) - raft.server.log.appender.buffer.element-limit = 1 (custom)
2019-10-17 20:50:02,887 [834445fe-d519-4872-b649-1f7fcc1408aa@group-6C293A8FB381-LeaderElection21] INFO  grpc.GrpcConfigKeys$Server (ConfUtils.java:logGet(43)) - raft.grpc.server.leader.outstanding.appends.max = 128 (default)
2019-10-17 20:50:02,887 [834445fe-d519-4872-b649-1f7fcc1408aa@group-6C293A8FB381-LeaderElection21] INFO  server.RaftServerConfigKeys (ConfUtils.java:logGet(43)) - raft.server.rpc.request.timeout = 3000ms (default)
2019-10-17 20:50:02,887 [834445fe-d519-4872-b649-1f7fcc1408aa@group-6C293A8FB381-LeaderElection21] INFO  server.RaftServerConfigKeys (ConfUtils.java:logGet(43)) - raft.server.log.appender.install.snapshot.enabled = false (custom)
2019-10-17 20:50:02,890 [834445fe-d519-4872-b649-1f7fcc1408aa@group-6C293A8FB381-LeaderElection21] INFO  impl.RoleInfo (RoleInfo.java:updateAndGet(143)) - 834445fe-d519-4872-b649-1f7fcc1408aa: start LeaderState
2019-10-17 20:50:02,890 [834445fe-d519-4872-b649-1f7fcc1408aa@group-6C293A8FB381-LeaderElection21] INFO  segmented.SegmentedRaftLogWorker (SegmentedRaftLogWorker.java:startLogSegment(385)) - 834445fe-d519-4872-b649-1f7fcc1408aa@group-6C293A8FB381-SegmentedRaftLogWorker: Starting segment from index:0
2019-10-17 20:50:02,891 [834445fe-d519-4872-b649-1f7fcc1408aa@group-6C293A8FB381-LeaderElection21] INFO  impl.RaftServerImpl (ServerState.java:setRaftConf(357)) - 834445fe-d519-4872-b649-1f7fcc1408aa@group-6C293A8FB381: set configuration 0: [9e5dbcb7-9947-4856-b3fd-92d703a68307:192.168.164.201:39744, 834445fe-d519-4872-b649-1f7fcc1408aa:192.168.164.201:32919, d47c3a04-f2fd-4c6d-9c5b-cf5163b6c213:192.168.164.201:45277], old=null at 0
2019-10-17 20:50:02,891 [grpc-default-executor-3] INFO  impl.RaftServerImpl (RaftServerImpl.java:requestVote(776)) - 834445fe-d519-4872-b649-1f7fcc1408aa@group-6C293A8FB381-   LEADER: Withhold vote from candidate d47c3a04-f2fd-4c6d-9c5b-cf5163b6c213 with term 1. State: leader=834445fe-d519-4872-b649-1f7fcc1408aa, term=1, lastRpcElapsed=null
2019-10-17 20:50:02,895 [grpc-default-executor-6] INFO  impl.RaftServerImpl (RaftServerImpl.java:setRole(184)) - d47c3a04-f2fd-4c6d-9c5b-cf5163b6c213@group-6C293A8FB381: changes role from CANDIDATE to FOLLOWER at term 1 for appendEntries
2019-10-17 20:50:02,895 [grpc-default-executor-6] INFO  impl.RoleInfo (RoleInfo.java:shutdownLeaderElection(134)) - d47c3a04-f2fd-4c6d-9c5b-cf5163b6c213: shutdown LeaderElection
2019-10-17 20:50:02,896 [grpc-default-executor-6] INFO  impl.RoleInfo (RoleInfo.java:updateAndGet(143)) - d47c3a04-f2fd-4c6d-9c5b-cf5163b6c213: start FollowerState
2019-10-17 20:50:02,896 [grpc-default-executor-6] INFO  ratis.XceiverServerRatis (XceiverServerRatis.java:handleLeaderChangedNotification(700)) - Leader change notification received for group: group-6C293A8FB381 with new leaderId: 834445fe-d519-4872-b649-1f7fcc1408aa
2019-10-17 20:50:02,896 [grpc-default-executor-6] INFO  impl.RaftServerImpl (ServerState.java:setLeader(256)) - d47c3a04-f2fd-4c6d-9c5b-cf5163b6c213@group-6C293A8FB381: change Leader from null to 834445fe-d519-4872-b649-1f7fcc1408aa at term 1 for appendEntries, leader elected after 112ms
2019-10-17 20:50:02,897 [EventQueue-PipelineReportForPipelineReportHandler] INFO  pipeline.PipelineReportHandler (PipelineReportHandler.java:processPipelineReport(119)) - Pipeline PipelineID=837aeac8-183b-434f-a0f9-6c293a8fb381 reported by d47c3a04-f2fd-4c6d-9c5b-cf5163b6c213{ip: 192.168.164.201, host: pr-hdds-1868-s6sc9-3720172378, networkLocation: /default-rack, certSerialId: null} with leaderId 834445fe-d519-4872-b649-1f7fcc1408aa
2019-10-17 20:50:02,899 [grpc-default-executor-6] INFO  impl.RaftServerImpl (ServerState.java:setRaftConf(357)) - d47c3a04-f2fd-4c6d-9c5b-cf5163b6c213@group-6C293A8FB381: set configuration 0: [9e5dbcb7-9947-4856-b3fd-92d703a68307:192.168.164.201:39744, 834445fe-d519-4872-b649-1f7fcc1408aa:192.168.164.201:32919, d47c3a04-f2fd-4c6d-9c5b-cf5163b6c213:192.168.164.201:45277], old=null at 0
2019-10-17 20:50:02,899 [grpc-default-executor-6] INFO  segmented.SegmentedRaftLogWorker (SegmentedRaftLogWorker.java:startLogSegment(385)) - d47c3a04-f2fd-4c6d-9c5b-cf5163b6c213@group-6C293A8FB381-SegmentedRaftLogWorker: Starting segment from index:0
2019-10-17 20:50:02,902 [9e5dbcb7-9947-4856-b3fd-92d703a68307@group-6C293A8FB381-LeaderElection23] INFO  impl.LeaderElection (LeaderElection.java:askForVotes(178)) - 9e5dbcb7-9947-4856-b3fd-92d703a68307@group-6C293A8FB381-LeaderElection23: begin an election at term 2 for -1: [9e5dbcb7-9947-4856-b3fd-92d703a68307:192.168.164.201:39744, 834445fe-d519-4872-b649-1f7fcc1408aa:192.168.164.201:32919, d47c3a04-f2fd-4c6d-9c5b-cf5163b6c213:192.168.164.201:45277], old=null
2019-10-17 20:50:02,926 [9e5dbcb7-9947-4856-b3fd-92d703a68307@group-6C293A8FB381-LeaderElection23] INFO  impl.LeaderElection (LeaderElection.java:logAndReturn(56)) - 9e5dbcb7-9947-4856-b3fd-92d703a68307@group-6C293A8FB381-LeaderElection23: Election TIMEOUT; received 0 response(s) [] and 0 exception(s); 9e5dbcb7-9947-4856-b3fd-92d703a68307@group-6C293A8FB381:t2, leader=null, voted=9e5dbcb7-9947-4856-b3fd-92d703a68307, raftlog=9e5dbcb7-9947-4856-b3fd-92d703a68307@group-6C293A8FB381-SegmentedRaftLog:OPENED:c-1,f-1,i0, conf=-1: [9e5dbcb7-9947-4856-b3fd-92d703a68307:192.168.164.201:39744, 834445fe-d519-4872-b649-1f7fcc1408aa:192.168.164.201:32919, d47c3a04-f2fd-4c6d-9c5b-cf5163b6c213:192.168.164.201:45277], old=null
2019-10-17 20:50:02,926 [d47c3a04-f2fd-4c6d-9c5b-cf5163b6c213@group-6C293A8FB381-LeaderElection22] INFO  impl.LeaderElection (LeaderElection.java:logAndReturn(56)) - d47c3a04-f2fd-4c6d-9c5b-cf5163b6c213@group-6C293A8FB381-LeaderElection22: Election REJECTED; received 1 response(s) [d47c3a04-f2fd-4c6d-9c5b-cf5163b6c213<-834445fe-d519-4872-b649-1f7fcc1408aa#0:FAIL-t1] and 0 exception(s); d47c3a04-f2fd-4c6d-9c5b-cf5163b6c213@group-6C293A8FB381:t1, leader=834445fe-d519-4872-b649-1f7fcc1408aa, voted=d47c3a04-f2fd-4c6d-9c5b-cf5163b6c213, raftlog=d47c3a04-f2fd-4c6d-9c5b-cf5163b6c213@group-6C293A8FB381-SegmentedRaftLog:OPENED:c-1,f-1,i0, conf=0: [9e5dbcb7-9947-4856-b3fd-92d703a68307:192.168.164.201:39744, 834445fe-d519-4872-b649-1f7fcc1408aa:192.168.164.201:32919, d47c3a04-f2fd-4c6d-9c5b-cf5163b6c213:192.168.164.201:45277], old=null
2019-10-17 20:50:02,928 [Thread-473] INFO  impl.RaftServerImpl (ServerState.java:setLeader(256)) - 834445fe-d519-4872-b649-1f7fcc1408aa@group-6C293A8FB381: change Leader from 834445fe-d519-4872-b649-1f7fcc1408aa to null at term 2 for updateCurrentTerm
2019-10-17 20:50:02,929 [Thread-473] INFO  impl.RaftServerImpl (RaftServerImpl.java:setRole(184)) - 834445fe-d519-4872-b649-1f7fcc1408aa@group-6C293A8FB381: changes role from    LEADER to FOLLOWER at term 2 for stepDown
2019-10-17 20:50:02,929 [Thread-473] INFO  impl.RoleInfo (RoleInfo.java:shutdownLeaderState(104)) - 834445fe-d519-4872-b649-1f7fcc1408aa: shutdown LeaderState
2019-10-17 20:50:02,931 [org.apache.ratis.server.impl.LogAppender$AppenderDaemon$$Lambda$414/1576448146@6762e318] WARN  server.GrpcLogAppender (GrpcLogAppender.java:mayWait(149)) - 834445fe-d519-4872-b649-1f7fcc1408aa@group-6C293A8FB381->d47c3a04-f2fd-4c6d-9c5b-cf5163b6c213-GrpcLogAppender: Wait interrupted by java.lang.InterruptedException
2019-10-17 20:50:02,931 [org.apache.ratis.server.impl.LogAppender$AppenderDaemon$$Lambda$414/1576448146@567eb4c1] WARN  server.GrpcLogAppender (GrpcLogAppender.java:mayWait(149)) - 834445fe-d519-4872-b649-1f7fcc1408aa@group-6C293A8FB381->9e5dbcb7-9947-4856-b3fd-92d703a68307-GrpcLogAppender: Wait interrupted by java.lang.InterruptedException
2019-10-17 20:50:02,931 [Thread-473] INFO  impl.PendingRequests (PendingRequests.java:sendNotLeaderResponses(202)) - 834445fe-d519-4872-b649-1f7fcc1408aa@group-6C293A8FB381-PendingRequests: sendNotLeaderResponses
2019-10-17 20:50:02,932 [grpc-default-executor-3] INFO  server.GrpcServerProtocolService (GrpcServerProtocolService.java:onCompleted(113)) - d47c3a04-f2fd-4c6d-9c5b-cf5163b6c213: Completed APPEND_ENTRIES, lastRequest: 834445fe-d519-4872-b649-1f7fcc1408aa->d47c3a04-f2fd-4c6d-9c5b-cf5163b6c213#1-t1, previous=(t:0, i:0), leaderCommit=-1, initializing? false, entries: size=1, first=(t:1, i:0), CONFIGURATIONENTRY
2019-10-17 20:50:02,932 [Thread-473] INFO  impl.RoleInfo (RoleInfo.java:updateAndGet(143)) - 834445fe-d519-4872-b649-1f7fcc1408aa: start FollowerState
2019-10-17 20:50:02,933 [grpc-default-executor-2] INFO  server.GrpcServerProtocolService (GrpcServerProtocolService.java:onCompleted(113)) - 9e5dbcb7-9947-4856-b3fd-92d703a68307: Completed APPEND_ENTRIES, lastRequest: 834445fe-d519-4872-b649-1f7fcc1408aa->9e5dbcb7-9947-4856-b3fd-92d703a68307#0-t1, previous=(t:0, i:0), leaderCommit=-1, initializing? false, entries: <empty>
2019-10-17 20:50:02,933 [grpc-default-executor-3] INFO  server.GrpcLogAppender (GrpcLogAppender.java:onCompleted(308)) - 834445fe-d519-4872-b649-1f7fcc1408aa@group-6C293A8FB381->d47c3a04-f2fd-4c6d-9c5b-cf5163b6c213-AppendLogResponseHandler: follower responses appendEntries COMPLETED
2019-10-17 20:50:02,933 [grpc-default-executor-4] INFO  impl.RaftServerImpl (ServerState.java:setLeader(256)) - d47c3a04-f2fd-4c6d-9c5b-cf5163b6c213@group-6C293A8FB381: change Leader from 834445fe-d519-4872-b649-1f7fcc1408aa to null at term 2 for updateCurrentTerm
2019-10-17 20:50:02,933 [grpc-default-executor-4] INFO  impl.RaftServerImpl (RaftServerImpl.java:setRole(184)) - d47c3a04-f2fd-4c6d-9c5b-cf5163b6c213@group-6C293A8FB381: changes role from  FOLLOWER to FOLLOWER at term 2 for recognizeCandidate:9e5dbcb7-9947-4856-b3fd-92d703a68307
2019-10-17 20:50:02,933 [grpc-default-executor-2] INFO  server.GrpcLogAppender (GrpcLogAppender.java:onCompleted(308)) - 834445fe-d519-4872-b649-1f7fcc1408aa@group-6C293A8FB381->9e5dbcb7-9947-4856-b3fd-92d703a68307-AppendLogResponseHandler: follower responses appendEntries COMPLETED
2019-10-17 20:50:02,933 [grpc-default-executor-4] INFO  impl.RoleInfo (RoleInfo.java:shutdownFollowerState(121)) - d47c3a04-f2fd-4c6d-9c5b-cf5163b6c213: shutdown FollowerState
2019-10-17 20:50:02,933 [grpc-default-executor-4] INFO  impl.RoleInfo (RoleInfo.java:updateAndGet(143)) - d47c3a04-f2fd-4c6d-9c5b-cf5163b6c213: start FollowerState
2019-10-17 20:50:02,933 [grpc-default-executor-3] INFO  impl.FollowerInfo (FollowerInfo.java:lambda$new$0(51)) - 834445fe-d519-4872-b649-1f7fcc1408aa@group-6C293A8FB381->d47c3a04-f2fd-4c6d-9c5b-cf5163b6c213: nextIndex: updateUnconditionally 1 -> 0
2019-10-17 20:50:02,933 [Thread-478] INFO  impl.FollowerState (FollowerState.java:run(117)) - d47c3a04-f2fd-4c6d-9c5b-cf5163b6c213@group-6C293A8FB381-FollowerState was interrupted: java.lang.InterruptedException: sleep interrupted
2019-10-17 20:50:02,935 [grpc-default-executor-2] INFO  impl.FollowerInfo (FollowerInfo.java:lambda$new$0(51)) - 834445fe-d519-4872-b649-1f7fcc1408aa@group-6C293A8FB381->9e5dbcb7-9947-4856-b3fd-92d703a68307: nextIndex: updateUnconditionally 0 -> 0
2019-10-17 20:50:02,952 [834445fe-d519-4872-b649-1f7fcc1408aa@group-6C293A8FB381-SegmentedRaftLogWorker] INFO  segmented.SegmentedRaftLogWorker (SegmentedRaftLogWorker.java:execute(576)) - 834445fe-d519-4872-b649-1f7fcc1408aa@group-6C293A8FB381-SegmentedRaftLogWorker: created new log segment /workdir/hadoop-ozone/tools/target/test-dir/MiniOzoneClusterImpl-5d60dcbd-3d06-4278-a699-a506a2c6e7ab/datanode-0/data/ratis/837aeac8-183b-434f-a0f9-6c293a8fb381/current/log_inprogress_0
2019-10-17 20:50:02,952 [9e5dbcb7-9947-4856-b3fd-92d703a68307@group-6C293A8FB381-LeaderElection23] INFO  impl.LeaderElection (LeaderElection.java:askForVotes(178)) - 9e5dbcb7-9947-4856-b3fd-92d703a68307@group-6C293A8FB381-LeaderElection23: begin an election at term 3 for -1: [9e5dbcb7-9947-4856-b3fd-92d703a68307:192.168.164.201:39744, 834445fe-d519-4872-b649-1f7fcc1408aa:192.168.164.201:32919, d47c3a04-f2fd-4c6d-9c5b-cf5163b6c213:192.168.164.201:45277], old=null
2019-10-17 20:50:02,952 [d47c3a04-f2fd-4c6d-9c5b-cf5163b6c213@group-6C293A8FB381-SegmentedRaftLogWorker] INFO  segmented.SegmentedRaftLogWorker (SegmentedRaftLogWorker.java:execute(576)) - d47c3a04-f2fd-4c6d-9c5b-cf5163b6c213@group-6C293A8FB381-SegmentedRaftLogWorker: created new log segment /workdir/hadoop-ozone/tools/target/test-dir/MiniOzoneClusterImpl-5d60dcbd-3d06-4278-a699-a506a2c6e7ab/datanode-4/data/ratis/837aeac8-183b-434f-a0f9-6c293a8fb381/current/log_inprogress_0
2019-10-17 20:50:02,953 [grpc-default-executor-6] INFO  impl.RaftServerImpl (RaftServerImpl.java:setRole(184)) - 834445fe-d519-4872-b649-1f7fcc1408aa@group-6C293A8FB381: changes role from  FOLLOWER to FOLLOWER at term 2 for recognizeCandidate:9e5dbcb7-9947-4856-b3fd-92d703a68307
2019-10-17 20:50:02,953 [grpc-default-executor-6] INFO  impl.RoleInfo (RoleInfo.java:shutdownFollowerState(121)) - 834445fe-d519-4872-b649-1f7fcc1408aa: shutdown FollowerState
2019-10-17 20:50:02,954 [grpc-default-executor-6] INFO  impl.RoleInfo (RoleInfo.java:updateAndGet(143)) - 834445fe-d519-4872-b649-1f7fcc1408aa: start FollowerState
2019-10-17 20:50:02,954 [Thread-482] INFO  impl.FollowerState (FollowerState.java:run(117)) - 834445fe-d519-4872-b649-1f7fcc1408aa@group-6C293A8FB381-FollowerState was interrupted: java.lang.InterruptedException: sleep interrupted
2019-10-17 20:50:02,957 [grpc-default-executor-6] INFO  impl.RaftServerImpl (RaftServerImpl.java:setRole(184)) - 834445fe-d519-4872-b649-1f7fcc1408aa@group-6C293A8FB381: changes role from  FOLLOWER to FOLLOWER at term 3 for recognizeCandidate:9e5dbcb7-9947-4856-b3fd-92d703a68307
2019-10-17 20:50:02,957 [grpc-default-executor-6] INFO  impl.RoleInfo (RoleInfo.java:shutdownFollowerState(121)) - 834445fe-d519-4872-b649-1f7fcc1408aa: shutdown FollowerState
2019-10-17 20:50:02,957 [grpc-default-executor-4] INFO  impl.RaftServerImpl (RaftServerImpl.java:setRole(184)) - d47c3a04-f2fd-4c6d-9c5b-cf5163b6c213@group-6C293A8FB381: changes role from  FOLLOWER to FOLLOWER at term 3 for recognizeCandidate:9e5dbcb7-9947-4856-b3fd-92d703a68307
2019-10-17 20:50:02,957 [grpc-default-executor-6] INFO  impl.RoleInfo (RoleInfo.java:updateAndGet(143)) - 834445fe-d519-4872-b649-1f7fcc1408aa: start FollowerState
2019-10-17 20:50:02,957 [Thread-486] INFO  impl.FollowerState (FollowerState.java:run(117)) - 834445fe-d519-4872-b649-1f7fcc1408aa@group-6C293A8FB381-FollowerState was interrupted: java.lang.InterruptedException: sleep interrupted
2019-10-17 20:50:02,957 [grpc-default-executor-4] INFO  impl.RoleInfo (RoleInfo.java:shutdownFollowerState(121)) - d47c3a04-f2fd-4c6d-9c5b-cf5163b6c213: shutdown FollowerState
2019-10-17 20:50:02,958 [Thread-483] INFO  impl.FollowerState (FollowerState.java:run(117)) - d47c3a04-f2fd-4c6d-9c5b-cf5163b6c213@group-6C293A8FB381-FollowerState was interrupted: java.lang.InterruptedException: sleep interrupted
2019-10-17 20:50:02,958 [grpc-default-executor-4] INFO  impl.RoleInfo (RoleInfo.java:updateAndGet(143)) - d47c3a04-f2fd-4c6d-9c5b-cf5163b6c213: start FollowerState
2019-10-17 20:50:02,987 [9e5dbcb7-9947-4856-b3fd-92d703a68307@group-6C293A8FB381-LeaderElection23] INFO  impl.LeaderElection (LeaderElection.java:logAndReturn(56)) - 9e5dbcb7-9947-4856-b3fd-92d703a68307@group-6C293A8FB381-LeaderElection23: Election REJECTED; received 2 response(s) [9e5dbcb7-9947-4856-b3fd-92d703a68307<-834445fe-d519-4872-b649-1f7fcc1408aa#0:FAIL-t3, 9e5dbcb7-9947-4856-b3fd-92d703a68307<-d47c3a04-f2fd-4c6d-9c5b-cf5163b6c213#0:FAIL-t3] and 0 exception(s); 9e5dbcb7-9947-4856-b3fd-92d703a68307@group-6C293A8FB381:t3, leader=null, voted=9e5dbcb7-9947-4856-b3fd-92d703a68307, raftlog=9e5dbcb7-9947-4856-b3fd-92d703a68307@group-6C293A8FB381-SegmentedRaftLog:OPENED:c-1,f-1,i0, conf=-1: [9e5dbcb7-9947-4856-b3fd-92d703a68307:192.168.164.201:39744, 834445fe-d519-4872-b649-1f7fcc1408aa:192.168.164.201:32919, d47c3a04-f2fd-4c6d-9c5b-cf5163b6c213:192.168.164.201:45277], old=null
2019-10-17 20:50:02,987 [9e5dbcb7-9947-4856-b3fd-92d703a68307@group-6C293A8FB381-LeaderElection23] INFO  impl.RaftServerImpl (RaftServerImpl.java:setRole(184)) - 9e5dbcb7-9947-4856-b3fd-92d703a68307@group-6C293A8FB381: changes role from CANDIDATE to FOLLOWER at term 3 for DISCOVERED_A_NEW_TERM
2019-10-17 20:50:02,987 [9e5dbcb7-9947-4856-b3fd-92d703a68307@group-6C293A8FB381-LeaderElection23] INFO  impl.RoleInfo (RoleInfo.java:shutdownLeaderElection(134)) - 9e5dbcb7-9947-4856-b3fd-92d703a68307: shutdown LeaderElection
2019-10-17 20:50:02,988 [9e5dbcb7-9947-4856-b3fd-92d703a68307@group-6C293A8FB381-LeaderElection23] INFO  impl.RoleInfo (RoleInfo.java:updateAndGet(143)) - 9e5dbcb7-9947-4856-b3fd-92d703a68307: start FollowerState
2019-10-17 20:50:03,106 [Thread-490] INFO  impl.FollowerState (FollowerState.java:run(108)) - 9e5dbcb7-9947-4856-b3fd-92d703a68307@group-6C293A8FB381-FollowerState: change to CANDIDATE, lastRpcTime:118ms, electionTimeout:118ms
2019-10-17 20:50:03,107 [Thread-490] INFO  impl.RoleInfo (RoleInfo.java:shutdownFollowerState(121)) - 9e5dbcb7-9947-4856-b3fd-92d703a68307: shutdown FollowerState
2019-10-17 20:50:03,108 [Thread-490] INFO  impl.RaftServerImpl (RaftServerImpl.java:setRole(184)) - 9e5dbcb7-9947-4856-b3fd-92d703a68307@group-6C293A8FB381: changes role from  FOLLOWER to CANDIDATE at term 3 for changeToCandidate
2019-10-17 20:50:03,108 [Thread-490] INFO  impl.RoleInfo (RoleInfo.java:updateAndGet(143)) - 9e5dbcb7-9947-4856-b3fd-92d703a68307: start LeaderElection
2019-10-17 20:50:03,136 [9e5dbcb7-9947-4856-b3fd-92d703a68307@group-6C293A8FB381-LeaderElection24] INFO  impl.LeaderElection (LeaderElection.java:askForVotes(178)) - 9e5dbcb7-9947-4856-b3fd-92d703a68307@group-6C293A8FB381-LeaderElection24: begin an election at term 4 for -1: [9e5dbcb7-9947-4856-b3fd-92d703a68307:192.168.164.201:39744, 834445fe-d519-4872-b649-1f7fcc1408aa:192.168.164.201:32919, d47c3a04-f2fd-4c6d-9c5b-cf5163b6c213:192.168.164.201:45277], old=null
2019-10-17 20:50:03,139 [grpc-default-executor-6] INFO  impl.RaftServerImpl (RaftServerImpl.java:setRole(184)) - 834445fe-d519-4872-b649-1f7fcc1408aa@group-6C293A8FB381: changes role from  FOLLOWER to FOLLOWER at term 4 for recognizeCandidate:9e5dbcb7-9947-4856-b3fd-92d703a68307
2019-10-17 20:50:03,139 [grpc-default-executor-6] INFO  impl.RoleInfo (RoleInfo.java:shutdownFollowerState(121)) - 834445fe-d519-4872-b649-1f7fcc1408aa: shutdown FollowerState
2019-10-17 20:50:03,139 [grpc-default-executor-4] INFO  impl.RaftServerImpl (RaftServerImpl.java:setRole(184)) - d47c3a04-f2fd-4c6d-9c5b-cf5163b6c213@group-6C293A8FB381: changes role from  FOLLOWER to FOLLOWER at term 4 for recognizeCandidate:9e5dbcb7-9947-4856-b3fd-92d703a68307
2019-10-17 20:50:03,140 [grpc-default-executor-6] INFO  impl.RoleInfo (RoleInfo.java:updateAndGet(143)) - 834445fe-d519-4872-b649-1f7fcc1408aa: start FollowerState
2019-10-17 20:50:03,140 [Thread-488] INFO  impl.FollowerState (FollowerState.java:run(117)) - 834445fe-d519-4872-b649-1f7fcc1408aa@group-6C293A8FB381-FollowerState was interrupted: java.lang.InterruptedException: sleep interrupted
2019-10-17 20:50:03,140 [grpc-default-executor-4] INFO  impl.RoleInfo (RoleInfo.java:shutdownFollowerState(121)) - d47c3a04-f2fd-4c6d-9c5b-cf5163b6c213: shutdown FollowerState
2019-10-17 20:50:03,141 [grpc-default-executor-4] INFO  impl.RoleInfo (RoleInfo.java:updateAndGet(143)) - d47c3a04-f2fd-4c6d-9c5b-cf5163b6c213: start FollowerState
2019-10-17 20:50:03,141 [Thread-489] INFO  impl.FollowerState (FollowerState.java:run(117)) - d47c3a04-f2fd-4c6d-9c5b-cf5163b6c213@group-6C293A8FB381-FollowerState was interrupted: java.lang.InterruptedException: sleep interrupted
2019-10-17 20:50:03,171 [9e5dbcb7-9947-4856-b3fd-92d703a68307@group-6C293A8FB381-LeaderElection24] INFO  impl.LeaderElection (LeaderElection.java:logAndReturn(56)) - 9e5dbcb7-9947-4856-b3fd-92d703a68307@group-6C293A8FB381-LeaderElection24: Election REJECTED; received 2 response(s) [9e5dbcb7-9947-4856-b3fd-92d703a68307<-834445fe-d519-4872-b649-1f7fcc1408aa#0:FAIL-t4, 9e5dbcb7-9947-4856-b3fd-92d703a68307<-d47c3a04-f2fd-4c6d-9c5b-cf5163b6c213#0:FAIL-t4] and 0 exception(s); 9e5dbcb7-9947-4856-b3fd-92d703a68307@group-6C293A8FB381:t4, leader=null, voted=9e5dbcb7-9947-4856-b3fd-92d703a68307, raftlog=9e5dbcb7-9947-4856-b3fd-92d703a68307@group-6C293A8FB381-SegmentedRaftLog:OPENED:c-1,f-1,i0, conf=-1: [9e5dbcb7-9947-4856-b3fd-92d703a68307:192.168.164.201:39744, 834445fe-d519-4872-b649-1f7fcc1408aa:192.168.164.201:32919, d47c3a04-f2fd-4c6d-9c5b-cf5163b6c213:192.168.164.201:45277], old=null
2019-10-17 20:50:03,171 [9e5dbcb7-9947-4856-b3fd-92d703a68307@group-6C293A8FB381-LeaderElection24] INFO  impl.RaftServerImpl (RaftServerImpl.java:setRole(184)) - 9e5dbcb7-9947-4856-b3fd-92d703a68307@group-6C293A8FB381: changes role from CANDIDATE to FOLLOWER at term 4 for DISCOVERED_A_NEW_TERM
2019-10-17 20:50:03,172 [9e5dbcb7-9947-4856-b3fd-92d703a68307@group-6C293A8FB381-LeaderElection24] INFO  impl.RoleInfo (RoleInfo.java:shutdownLeaderElection(134)) - 9e5dbcb7-9947-4856-b3fd-92d703a68307: shutdown LeaderElection
2019-10-17 20:50:03,172 [9e5dbcb7-9947-4856-b3fd-92d703a68307@group-6C293A8FB381-LeaderElection24] INFO  impl.RoleInfo (RoleInfo.java:updateAndGet(143)) - 9e5dbcb7-9947-4856-b3fd-92d703a68307: start FollowerState
2019-10-17 20:50:03,194 [Thread-496] INFO  impl.FollowerState (FollowerState.java:run(108)) - 9e5dbcb7-9947-4856-b3fd-92d703a68307@group-6C293A8FB381-FollowerState: change to CANDIDATE, lastRpcTime:22ms, electionTimeout:22ms
2019-10-17 20:50:03,195 [Thread-496] INFO  impl.RoleInfo (RoleInfo.java:shutdownFollowerState(121)) - 9e5dbcb7-9947-4856-b3fd-92d703a68307: shutdown FollowerState
2019-10-17 20:50:03,195 [Thread-496] INFO  impl.RaftServerImpl (RaftServerImpl.java:setRole(184)) - 9e5dbcb7-9947-4856-b3fd-92d703a68307@group-6C293A8FB381: changes role from  FOLLOWER to CANDIDATE at term 4 for changeToCandidate
2019-10-17 20:50:03,195 [Thread-496] INFO  impl.RoleInfo (RoleInfo.java:updateAndGet(143)) - 9e5dbcb7-9947-4856-b3fd-92d703a68307: start LeaderElection
2019-10-17 20:50:03,220 [9e5dbcb7-9947-4856-b3fd-92d703a68307@group-6C293A8FB381-LeaderElection25] INFO  impl.LeaderElection (LeaderElection.java:askForVotes(178)) - 9e5dbcb7-9947-4856-b3fd-92d703a68307@group-6C293A8FB381-LeaderElection25: begin an election at term 5 for -1: [9e5dbcb7-9947-4856-b3fd-92d703a68307:192.168.164.201:39744, 834445fe-d519-4872-b649-1f7fcc1408aa:192.168.164.201:32919, d47c3a04-f2fd-4c6d-9c5b-cf5163b6c213:192.168.164.201:45277], old=null
2019-10-17 20:50:03,224 [grpc-default-executor-6] INFO  impl.RaftServerImpl (RaftServerImpl.java:setRole(184)) - 834445fe-d519-4872-b649-1f7fcc1408aa@group-6C293A8FB381: changes role from  FOLLOWER to FOLLOWER at term 5 for recognizeCandidate:9e5dbcb7-9947-4856-b3fd-92d703a68307
2019-10-17 20:50:03,224 [grpc-default-executor-4] INFO  impl.RaftServerImpl (RaftServerImpl.java:setRole(184)) - d47c3a04-f2fd-4c6d-9c5b-cf5163b6c213@group-6C293A8FB381: changes role from  FOLLOWER to FOLLOWER at term 5 for recognizeCandidate:9e5dbcb7-9947-4856-b3fd-92d703a68307
2019-10-17 20:50:03,224 [grpc-default-executor-4] INFO  impl.RoleInfo (RoleInfo.java:shutdownFollowerState(121)) - d47c3a04-f2fd-4c6d-9c5b-cf5163b6c213: shutdown FollowerState
2019-10-17 20:50:03,224 [grpc-default-executor-6] INFO  impl.RoleInfo (RoleInfo.java:shutdownFollowerState(121)) - 834445fe-d519-4872-b649-1f7fcc1408aa: shutdown FollowerState
2019-10-17 20:50:03,224 [Thread-495] INFO  impl.FollowerState (FollowerState.java:run(117)) - d47c3a04-f2fd-4c6d-9c5b-cf5163b6c213@group-6C293A8FB381-FollowerState was interrupted: java.lang.InterruptedException: sleep interrupted
2019-10-17 20:50:03,224 [grpc-default-executor-4] INFO  impl.RoleInfo (RoleInfo.java:updateAndGet(143)) - d47c3a04-f2fd-4c6d-9c5b-cf5163b6c213: start FollowerState
2019-10-17 20:50:03,225 [Thread-494] INFO  impl.FollowerState (FollowerState.java:run(117)) - 834445fe-d519-4872-b649-1f7fcc1408aa@group-6C293A8FB381-FollowerState was interrupted: java.lang.InterruptedException: sleep interrupted
2019-10-17 20:50:03,225 [grpc-default-executor-6] INFO  impl.RoleInfo (RoleInfo.java:updateAndGet(143)) - 834445fe-d519-4872-b649-1f7fcc1408aa: start FollowerState
2019-10-17 20:50:03,255 [9e5dbcb7-9947-4856-b3fd-92d703a68307@group-6C293A8FB381-LeaderElection25] INFO  impl.LeaderElection (LeaderElection.java:logAndReturn(56)) - 9e5dbcb7-9947-4856-b3fd-92d703a68307@group-6C293A8FB381-LeaderElection25: Election TIMEOUT; received 0 response(s) [] and 0 exception(s); 9e5dbcb7-9947-4856-b3fd-92d703a68307@group-6C293A8FB381:t5, leader=null, voted=9e5dbcb7-9947-4856-b3fd-92d703a68307, raftlog=9e5dbcb7-9947-4856-b3fd-92d703a68307@group-6C293A8FB381-SegmentedRaftLog:OPENED:c-1,f-1,i0, conf=-1: [9e5dbcb7-9947-4856-b3fd-92d703a68307:192.168.164.201:39744, 834445fe-d519-4872-b649-1f7fcc1408aa:192.168.164.201:32919, d47c3a04-f2fd-4c6d-9c5b-cf5163b6c213:192.168.164.201:45277], old=null
2019-10-17 20:50:03,280 [9e5dbcb7-9947-4856-b3fd-92d703a68307@group-6C293A8FB381-LeaderElection25] INFO  impl.LeaderElection (LeaderElection.java:askForVotes(178)) - 9e5dbcb7-9947-4856-b3fd-92d703a68307@group-6C293A8FB381-LeaderElection25: begin an election at term 6 for -1: [9e5dbcb7-9947-4856-b3fd-92d703a68307:192.168.164.201:39744, 834445fe-d519-4872-b649-1f7fcc1408aa:192.168.164.201:32919, d47c3a04-f2fd-4c6d-9c5b-cf5163b6c213:192.168.164.201:45277], old=null
2019-10-17 20:50:03,283 [grpc-default-executor-6] INFO  impl.RaftServerImpl (RaftServerImpl.java:setRole(184)) - 834445fe-d519-4872-b649-1f7fcc1408aa@group-6C293A8FB381: changes role from  FOLLOWER to FOLLOWER at term 6 for recognizeCandidate:9e5dbcb7-9947-4856-b3fd-92d703a68307
2019-10-17 20:50:03,283 [grpc-default-executor-6] INFO  impl.RoleInfo (RoleInfo.java:shutdownFollowerState(121)) - 834445fe-d519-4872-b649-1f7fcc1408aa: shutdown FollowerState
2019-10-17 20:50:03,284 [grpc-default-executor-6] INFO  impl.RoleInfo (RoleInfo.java:updateAndGet(143)) - 834445fe-d519-4872-b649-1f7fcc1408aa: start FollowerState
2019-10-17 20:50:03,284 [Thread-501] INFO  impl.FollowerState (FollowerState.java:run(117)) - 834445fe-d519-4872-b649-1f7fcc1408aa@group-6C293A8FB381-FollowerState was interrupted: java.lang.InterruptedException: sleep interrupted
2019-10-17 20:50:03,284 [grpc-default-executor-4] INFO  impl.RaftServerImpl (RaftServerImpl.java:setRole(184)) - d47c3a04-f2fd-4c6d-9c5b-cf5163b6c213@group-6C293A8FB381: changes role from  FOLLOWER to FOLLOWER at term 6 for recognizeCandidate:9e5dbcb7-9947-4856-b3fd-92d703a68307
2019-10-17 20:50:03,285 [grpc-default-executor-4] INFO  impl.RoleInfo (RoleInfo.java:shutdownFollowerState(121)) - d47c3a04-f2fd-4c6d-9c5b-cf5163b6c213: shutdown FollowerState
2019-10-17 20:50:03,285 [Thread-500] INFO  impl.FollowerState (FollowerState.java:run(117)) - d47c3a04-f2fd-4c6d-9c5b-cf5163b6c213@group-6C293A8FB381-FollowerState was interrupted: java.lang.InterruptedException: sleep interrupted
2019-10-17 20:50:03,285 [grpc-default-executor-4] INFO  impl.RoleInfo (RoleInfo.java:updateAndGet(143)) - d47c3a04-f2fd-4c6d-9c5b-cf5163b6c213: start FollowerState
2019-10-17 20:50:03,292 [9e5dbcb7-9947-4856-b3fd-92d703a68307@group-6C293A8FB381-LeaderElection25] INFO  impl.LeaderElection (LeaderElection.java:logAndReturn(56)) - 9e5dbcb7-9947-4856-b3fd-92d703a68307@group-6C293A8FB381-LeaderElection25: Election TIMEOUT; received 0 response(s) [] and 0 exception(s); 9e5dbcb7-9947-4856-b3fd-92d703a68307@group-6C293A8FB381:t6, leader=null, voted=9e5dbcb7-9947-4856-b3fd-92d703a68307, raftlog=9e5dbcb7-9947-4856-b3fd-92d703a68307@group-6C293A8FB381-SegmentedRaftLog:OPENED:c-1,f-1,i0, conf=-1: [9e5dbcb7-9947-4856-b3fd-92d703a68307:192.168.164.201:39744, 834445fe-d519-4872-b649-1f7fcc1408aa:192.168.164.201:32919, d47c3a04-f2fd-4c6d-9c5b-cf5163b6c213:192.168.164.201:45277], old=null
2019-10-17 20:50:03,305 [9e5dbcb7-9947-4856-b3fd-92d703a68307@group-6C293A8FB381-LeaderElection25] INFO  impl.LeaderElection (LeaderElection.java:askForVotes(178)) - 9e5dbcb7-9947-4856-b3fd-92d703a68307@group-6C293A8FB381-LeaderElection25: begin an election at term 7 for -1: [9e5dbcb7-9947-4856-b3fd-92d703a68307:192.168.164.201:39744, 834445fe-d519-4872-b649-1f7fcc1408aa:192.168.164.201:32919, d47c3a04-f2fd-4c6d-9c5b-cf5163b6c213:192.168.164.201:45277], old=null
2019-10-17 20:50:03,307 [grpc-default-executor-6] INFO  impl.RaftServerImpl (RaftServerImpl.java:setRole(184)) - 834445fe-d519-4872-b649-1f7fcc1408aa@group-6C293A8FB381: changes role from  FOLLOWER to FOLLOWER at term 7 for recognizeCandidate:9e5dbcb7-9947-4856-b3fd-92d703a68307
2019-10-17 20:50:03,308 [grpc-default-executor-6] INFO  impl.RoleInfo (RoleInfo.java:shutdownFollowerState(121)) - 834445fe-d519-4872-b649-1f7fcc1408aa: shutdown FollowerState
2019-10-17 20:50:03,308 [grpc-default-executor-6] INFO  impl.RoleInfo (RoleInfo.java:updateAndGet(143)) - 834445fe-d519-4872-b649-1f7fcc1408aa: start FollowerState
2019-10-17 20:50:03,308 [grpc-default-executor-4] INFO  impl.RaftServerImpl (RaftServerImpl.java:setRole(184)) - d47c3a04-f2fd-4c6d-9c5b-cf5163b6c213@group-6C293A8FB381: changes role from  FOLLOWER to FOLLOWER at term 7 for recognizeCandidate:9e5dbcb7-9947-4856-b3fd-92d703a68307
2019-10-17 20:50:03,308 [Thread-504] INFO  impl.FollowerState (FollowerState.java:run(117)) - 834445fe-d519-4872-b649-1f7fcc1408aa@group-6C293A8FB381-FollowerState was interrupted: java.lang.InterruptedException: sleep interrupted
2019-10-17 20:50:03,308 [grpc-default-executor-4] INFO  impl.RoleInfo (RoleInfo.java:shutdownFollowerState(121)) - d47c3a04-f2fd-4c6d-9c5b-cf5163b6c213: shutdown FollowerState
2019-10-17 20:50:03,309 [grpc-default-executor-4] INFO  impl.RoleInfo (RoleInfo.java:updateAndGet(143)) - d47c3a04-f2fd-4c6d-9c5b-cf5163b6c213: start FollowerState
2019-10-17 20:50:03,309 [Thread-505] INFO  impl.FollowerState (FollowerState.java:run(117)) - d47c3a04-f2fd-4c6d-9c5b-cf5163b6c213@group-6C293A8FB381-FollowerState was interrupted: java.lang.InterruptedException: sleep interrupted
2019-10-17 20:50:03,332 [9e5dbcb7-9947-4856-b3fd-92d703a68307@group-6C293A8FB381-LeaderElection25] INFO  impl.LeaderElection (LeaderElection.java:logAndReturn(56)) - 9e5dbcb7-9947-4856-b3fd-92d703a68307@group-6C293A8FB381-LeaderElection25: Election REJECTED; received 2 response(s) [9e5dbcb7-9947-4856-b3fd-92d703a68307<-834445fe-d519-4872-b649-1f7fcc1408aa#0:FAIL-t7, 9e5dbcb7-9947-4856-b3fd-92d703a68307<-d47c3a04-f2fd-4c6d-9c5b-cf5163b6c213#0:FAIL-t7] and 0 exception(s); 9e5dbcb7-9947-4856-b3fd-92d703a68307@group-6C293A8FB381:t7, leader=null, voted=9e5dbcb7-9947-4856-b3fd-92d703a68307, raftlog=9e5dbcb7-9947-4856-b3fd-92d703a68307@group-6C293A8FB381-SegmentedRaftLog:OPENED:c-1,f-1,i0, conf=-1: [9e5dbcb7-9947-4856-b3fd-92d703a68307:192.168.164.201:39744, 834445fe-d519-4872-b649-1f7fcc1408aa:192.168.164.201:32919, d47c3a04-f2fd-4c6d-9c5b-cf5163b6c213:192.168.164.201:45277], old=null
2019-10-17 20:50:03,332 [9e5dbcb7-9947-4856-b3fd-92d703a68307@group-6C293A8FB381-LeaderElection25] INFO  impl.RaftServerImpl (RaftServerImpl.java:setRole(184)) - 9e5dbcb7-9947-4856-b3fd-92d703a68307@group-6C293A8FB381: changes role from CANDIDATE to FOLLOWER at term 7 for DISCOVERED_A_NEW_TERM
2019-10-17 20:50:03,332 [9e5dbcb7-9947-4856-b3fd-92d703a68307@group-6C293A8FB381-LeaderElection25] INFO  impl.RoleInfo (RoleInfo.java:shutdownLeaderElection(134)) - 9e5dbcb7-9947-4856-b3fd-92d703a68307: shutdown LeaderElection
2019-10-17 20:50:03,332 [9e5dbcb7-9947-4856-b3fd-92d703a68307@group-6C293A8FB381-LeaderElection25] INFO  impl.RoleInfo (RoleInfo.java:updateAndGet(143)) - 9e5dbcb7-9947-4856-b3fd-92d703a68307: start FollowerState
2019-10-17 20:50:03,459 [Thread-510] INFO  impl.FollowerState (FollowerState.java:run(108)) - 9e5dbcb7-9947-4856-b3fd-92d703a68307@group-6C293A8FB381-FollowerState: change to CANDIDATE, lastRpcTime:126ms, electionTimeout:126ms
2019-10-17 20:50:03,460 [Thread-510] INFO  impl.RoleInfo (RoleInfo.java:shutdownFollowerState(121)) - 9e5dbcb7-9947-4856-b3fd-92d703a68307: shutdown FollowerState
2019-10-17 20:50:03,460 [Thread-510] INFO  impl.RaftServerImpl (RaftServerImpl.java:setRole(184)) - 9e5dbcb7-9947-4856-b3fd-92d703a68307@group-6C293A8FB381: changes role from  FOLLOWER to CANDIDATE at term 7 for changeToCandidate
2019-10-17 20:50:03,460 [Thread-510] INFO  impl.RoleInfo (RoleInfo.java:updateAndGet(143)) - 9e5dbcb7-9947-4856-b3fd-92d703a68307: start LeaderElection
 0.00% |?                                                                                                    |  0/1 Time: 0:01:082019-10-17 20:50:03,489 [9e5dbcb7-9947-4856-b3fd-92d703a68307@group-6C293A8FB381-LeaderElection26] INFO  impl.LeaderElection (LeaderElection.java:askForVotes(178)) - 9e5dbcb7-9947-4856-b3fd-92d703a68307@group-6C293A8FB381-LeaderElection26: begin an election at term 8 for -1: [9e5dbcb7-9947-4856-b3fd-92d703a68307:192.168.164.201:39744, 834445fe-d519-4872-b649-1f7fcc1408aa:192.168.164.201:32919, d47c3a04-f2fd-4c6d-9c5b-cf5163b6c213:192.168.164.201:45277], old=null
2019-10-17 20:50:03,493 [grpc-default-executor-6] INFO  impl.RaftServerImpl (RaftServerImpl.java:setRole(184)) - 834445fe-d519-4872-b649-1f7fcc1408aa@group-6C293A8FB381: changes role from  FOLLOWER to FOLLOWER at term 8 for recognizeCandidate:9e5dbcb7-9947-4856-b3fd-92d703a68307
2019-10-17 20:50:03,493 [grpc-default-executor-4] INFO  impl.RaftServerImpl (RaftServerImpl.java:setRole(184)) - d47c3a04-f2fd-4c6d-9c5b-cf5163b6c213@group-6C293A8FB381: changes role from  FOLLOWER to FOLLOWER at term 8 for recognizeCandidate:9e5dbcb7-9947-4856-b3fd-92d703a68307
2019-10-17 20:50:03,493 [grpc-default-executor-6] INFO  impl.RoleInfo (RoleInfo.java:shutdownFollowerState(121)) - 834445fe-d519-4872-b649-1f7fcc1408aa: shutdown FollowerState
2019-10-17 20:50:03,493 [grpc-default-executor-4] INFO  impl.RoleInfo (RoleInfo.java:shutdownFollowerState(121)) - d47c3a04-f2fd-4c6d-9c5b-cf5163b6c213: shutdown FollowerState
2019-10-17 20:50:03,494 [Thread-508] INFO  impl.FollowerState (FollowerState.java:run(117)) - 834445fe-d519-4872-b649-1f7fcc1408aa@group-6C293A8FB381-FollowerState was interrupted: java.lang.InterruptedException: sleep interrupted
2019-10-17 20:50:03,494 [grpc-default-executor-6] INFO  impl.RoleInfo (RoleInfo.java:updateAndGet(143)) - 834445fe-d519-4872-b649-1f7fcc1408aa: start FollowerState
2019-10-17 20:50:03,494 [Thread-509] INFO  impl.FollowerState (FollowerState.java:run(117)) - d47c3a04-f2fd-4c6d-9c5b-cf5163b6c213@group-6C293A8FB381-FollowerState was interrupted: java.lang.InterruptedException: sleep interrupted
2019-10-17 20:50:03,494 [grpc-default-executor-4] INFO  impl.RoleInfo (RoleInfo.java:updateAndGet(143)) - d47c3a04-f2fd-4c6d-9c5b-cf5163b6c213: start FollowerState
2019-10-17 20:50:03,525 [9e5dbcb7-9947-4856-b3fd-92d703a68307@group-6C293A8FB381-LeaderElection26] INFO  impl.LeaderElection (LeaderElection.java:logAndReturn(56)) - 9e5dbcb7-9947-4856-b3fd-92d703a68307@group-6C293A8FB381-LeaderElection26: Election REJECTED; received 2 response(s) [9e5dbcb7-9947-4856-b3fd-92d703a68307<-834445fe-d519-4872-b649-1f7fcc1408aa#0:FAIL-t8, 9e5dbcb7-9947-4856-b3fd-92d703a68307<-d47c3a04-f2fd-4c6d-9c5b-cf5163b6c213#0:FAIL-t8] and 0 exception(s); 9e5dbcb7-9947-4856-b3fd-92d703a68307@group-6C293A8FB381:t8, leader=null, voted=9e5dbcb7-9947-4856-b3fd-92d703a68307, raftlog=9e5dbcb7-9947-4856-b3fd-92d703a68307@group-6C293A8FB381-SegmentedRaftLog:OPENED:c-1,f-1,i0, conf=-1: [9e5dbcb7-9947-4856-b3fd-92d703a68307:192.168.164.201:39744, 834445fe-d519-4872-b649-1f7fcc1408aa:192.168.164.201:32919, d47c3a04-f2fd-4c6d-9c5b-cf5163b6c213:192.168.164.201:45277], old=null
2019-10-17 20:50:03,525 [9e5dbcb7-9947-4856-b3fd-92d703a68307@group-6C293A8FB381-LeaderElection26] INFO  impl.RaftServerImpl (RaftServerImpl.java:setRole(184)) - 9e5dbcb7-9947-4856-b3fd-92d703a68307@group-6C293A8FB381: changes role from CANDIDATE to FOLLOWER at term 8 for DISCOVERED_A_NEW_TERM
2019-10-17 20:50:03,525 [9e5dbcb7-9947-4856-b3fd-92d703a68307@group-6C293A8FB381-LeaderElection26] INFO  impl.RoleInfo (RoleInfo.java:shutdownLeaderElection(134)) - 9e5dbcb7-9947-4856-b3fd-92d703a68307: shutdown LeaderElection
2019-10-17 20:50:03,525 [9e5dbcb7-9947-4856-b3fd-92d703a68307@group-6C293A8FB381-LeaderElection26] INFO  impl.RoleInfo (RoleInfo.java:updateAndGet(143)) - 9e5dbcb7-9947-4856-b3fd-92d703a68307: start FollowerState
2019-10-17 20:50:03,560 [Thread-516] INFO  impl.FollowerState (FollowerState.java:run(108)) - 9e5dbcb7-9947-4856-b3fd-92d703a68307@group-6C293A8FB381-FollowerState: change to CANDIDATE, lastRpcTime:34ms, electionTimeout:34ms
2019-10-17 20:50:03,560 [Thread-516] INFO  impl.RoleInfo (RoleInfo.java:shutdownFollowerState(121)) - 9e5dbcb7-9947-4856-b3fd-92d703a68307: shutdown FollowerState
2019-10-17 20:50:03,561 [Thread-516] INFO  impl.RaftServerImpl (RaftServerImpl.java:setRole(184)) - 9e5dbcb7-9947-4856-b3fd-92d703a68307@group-6C293A8FB381: changes role from  FOLLOWER to CANDIDATE at term 8 for changeToCandidate
2019-10-17 20:50:03,561 [Thread-516] INFO  impl.RoleInfo (RoleInfo.java:updateAndGet(143)) - 9e5dbcb7-9947-4856-b3fd-92d703a68307: start LeaderElection
2019-10-17 20:50:03,590 [9e5dbcb7-9947-4856-b3fd-92d703a68307@group-6C293A8FB381-LeaderElection27] INFO  impl.LeaderElection (LeaderElection.java:askForVotes(178)) - 9e5dbcb7-9947-4856-b3fd-92d703a68307@group-6C293A8FB381-LeaderElection27: begin an election at term 9 for -1: [9e5dbcb7-9947-4856-b3fd-92d703a68307:192.168.164.201:39744, 834445fe-d519-4872-b649-1f7fcc1408aa:192.168.164.201:32919, d47c3a04-f2fd-4c6d-9c5b-cf5163b6c213:192.168.164.201:45277], old=null
2019-10-17 20:50:03,593 [grpc-default-executor-6] INFO  impl.RaftServerImpl (RaftServerImpl.java:setRole(184)) - 834445fe-d519-4872-b649-1f7fcc1408aa@group-6C293A8FB381: changes role from  FOLLOWER to FOLLOWER at term 9 for recognizeCandidate:9e5dbcb7-9947-4856-b3fd-92d703a68307
2019-10-17 20:50:03,594 [grpc-default-executor-6] INFO  impl.RoleInfo (RoleInfo.java:shutdownFollowerState(121)) - 834445fe-d519-4872-b649-1f7fcc1408aa: shutdown FollowerState
2019-10-17 20:50:03,594 [grpc-default-executor-2] INFO  impl.RaftServerImpl (RaftServerImpl.java:setRole(184)) - d47c3a04-f2fd-4c6d-9c5b-cf5163b6c213@group-6C293A8FB381: changes role from  FOLLOWER to FOLLOWER at term 9 for recognizeCandidate:9e5dbcb7-9947-4856-b3fd-92d703a68307
2019-10-17 20:50:03,594 [grpc-default-executor-6] INFO  impl.RoleInfo (RoleInfo.java:updateAndGet(143)) - 834445fe-d519-4872-b649-1f7fcc1408aa: start FollowerState
2019-10-17 20:50:03,594 [Thread-514] INFO  impl.FollowerState (FollowerState.java:run(117)) - 834445fe-d519-4872-b649-1f7fcc1408aa@group-6C293A8FB381-FollowerState was interrupted: java.lang.InterruptedException: sleep interrupted
2019-10-17 20:50:03,594 [grpc-default-executor-2] INFO  impl.RoleInfo (RoleInfo.java:shutdownFollowerState(121)) - d47c3a04-f2fd-4c6d-9c5b-cf5163b6c213: shutdown FollowerState
2019-10-17 20:50:03,596 [Thread-515] INFO  impl.FollowerState (FollowerState.java:run(117)) - d47c3a04-f2fd-4c6d-9c5b-cf5163b6c213@group-6C293A8FB381-FollowerState was interrupted: java.lang.InterruptedException: sleep interrupted
2019-10-17 20:50:03,596 [grpc-default-executor-2] INFO  impl.RoleInfo (RoleInfo.java:updateAndGet(143)) - d47c3a04-f2fd-4c6d-9c5b-cf5163b6c213: start FollowerState
2019-10-17 20:50:03,627 [9e5dbcb7-9947-4856-b3fd-92d703a68307@group-6C293A8FB381-LeaderElection27] INFO  impl.LeaderElection (LeaderElection.java:logAndReturn(56)) - 9e5dbcb7-9947-4856-b3fd-92d703a68307@group-6C293A8FB381-LeaderElection27: Election REJECTED; received 2 response(s) [9e5dbcb7-9947-4856-b3fd-92d703a68307<-834445fe-d519-4872-b649-1f7fcc1408aa#0:FAIL-t9, 9e5dbcb7-9947-4856-b3fd-92d703a68307<-d47c3a04-f2fd-4c6d-9c5b-cf5163b6c213#0:FAIL-t9] and 0 exception(s); 9e5dbcb7-9947-4856-b3fd-92d703a68307@group-6C293A8FB381:t9, leader=null, voted=9e5dbcb7-9947-4856-b3fd-92d703a68307, raftlog=9e5dbcb7-9947-4856-b3fd-92d703a68307@group-6C293A8FB381-SegmentedRaftLog:OPENED:c-1,f-1,i0, conf=-1: [9e5dbcb7-9947-4856-b3fd-92d703a68307:192.168.164.201:39744, 834445fe-d519-4872-b649-1f7fcc1408aa:192.168.164.201:32919, d47c3a04-f2fd-4c6d-9c5b-cf5163b6c213:192.168.164.201:45277], old=null
2019-10-17 20:50:03,628 [9e5dbcb7-9947-4856-b3fd-92d703a68307@group-6C293A8FB381-LeaderElection27] INFO  impl.RaftServerImpl (RaftServerImpl.java:setRole(184)) - 9e5dbcb7-9947-4856-b3fd-92d703a68307@group-6C293A8FB381: changes role from CANDIDATE to FOLLOWER at term 9 for DISCOVERED_A_NEW_TERM
2019-10-17 20:50:03,628 [9e5dbcb7-9947-4856-b3fd-92d703a68307@group-6C293A8FB381-LeaderElection27] INFO  impl.RoleInfo (RoleInfo.java:shutdownLeaderElection(134)) - 9e5dbcb7-9947-4856-b3fd-92d703a68307: shutdown LeaderElection
2019-10-17 20:50:03,628 [9e5dbcb7-9947-4856-b3fd-92d703a68307@group-6C293A8FB381-LeaderElection27] INFO  impl.RoleInfo (RoleInfo.java:updateAndGet(143)) - 9e5dbcb7-9947-4856-b3fd-92d703a68307: start FollowerState
2019-10-17 20:50:03,642 [Thread-523] INFO  impl.FollowerState (FollowerState.java:run(108)) - 9e5dbcb7-9947-4856-b3fd-92d703a68307@group-6C293A8FB381-FollowerState: change to CANDIDATE, lastRpcTime:14ms, electionTimeout:14ms
2019-10-17 20:50:03,642 [pool-73-thread-3] WARN  io.KeyOutputStream (KeyOutputStream.java:handleException(274)) - Encountered exception java.io.IOException: Unexpected Storage Container Exception: java.util.concurrent.CompletionException: java.util.concurrent.CompletionException: org.apache.ratis.protocol.GroupMismatchException: 834445fe-d519-4872-b649-1f7fcc1408aa: group-60FDF5D3C047 not found. on the pipeline Pipeline[ Id: a52f4707-3d5d-47fa-b787-60fdf5d3c047, Nodes: 9e5dbcb7-9947-4856-b3fd-92d703a68307{ip: 192.168.164.201, host: pr-hdds-1868-s6sc9-3720172378, networkLocation: /default-rack, certSerialId: null}d47c3a04-f2fd-4c6d-9c5b-cf5163b6c213{ip: 192.168.164.201, host: pr-hdds-1868-s6sc9-3720172378, networkLocation: /default-rack, certSerialId: null}834445fe-d519-4872-b649-1f7fcc1408aa{ip: 192.168.164.201, host: pr-hdds-1868-s6sc9-3720172378, networkLocation: /default-rack, certSerialId: null}, Type:RATIS, Factor:THREE, State:OPEN]. The last committed block length is 0, uncommitted data length is 2097152 retry count 0
2019-10-17 20:50:03,643 [Thread-523] INFO  impl.RoleInfo (RoleInfo.java:shutdownFollowerState(121)) - 9e5dbcb7-9947-4856-b3fd-92d703a68307: shutdown FollowerState
2019-10-17 20:50:03,643 [Thread-523] INFO  impl.RaftServerImpl (RaftServerImpl.java:setRole(184)) - 9e5dbcb7-9947-4856-b3fd-92d703a68307@group-6C293A8FB381: changes role from  FOLLOWER to CANDIDATE at term 9 for changeToCandidate
2019-10-17 20:50:03,644 [Thread-523] INFO  impl.RoleInfo (RoleInfo.java:updateAndGet(143)) - 9e5dbcb7-9947-4856-b3fd-92d703a68307: start LeaderElection
2019-10-17 20:50:03,667 [IPC Server handler 0 on 34359] WARN  block.BlockManagerImpl (BlockManagerImpl.java:allocateBlock(200)) - Pipeline creation failed for type:RATIS factor:THREE. Retrying get pipelines call once.
org.apache.hadoop.hdds.scm.pipeline.InsufficientDatanodesException: Cannot create pipeline of factor 3 using 2 nodes.
	at org.apache.hadoop.hdds.scm.pipeline.RatisPipelineProvider.create(RatisPipelineProvider.java:153)
	at org.apache.hadoop.hdds.scm.pipeline.PipelineFactory.create(PipelineFactory.java:58)
	at org.apache.hadoop.hdds.scm.pipeline.SCMPipelineManager.createPipeline(SCMPipelineManager.java:155)
	at org.apache.hadoop.hdds.scm.block.BlockManagerImpl.allocateBlock(BlockManagerImpl.java:198)
	at org.apache.hadoop.hdds.scm.server.SCMBlockProtocolServer.allocateBlock(SCMBlockProtocolServer.java:182)
	at org.apache.hadoop.hdds.scm.protocol.ScmBlockLocationProtocolServerSideTranslatorPB.allocateScmBlock(ScmBlockLocationProtocolServerSideTranslatorPB.java:159)
	at org.apache.hadoop.hdds.scm.protocol.ScmBlockLocationProtocolServerSideTranslatorPB.processMessage(ScmBlockLocationProtocolServerSideTranslatorPB.java:117)
	at org.apache.hadoop.hdds.server.OzoneProtocolMessageDispatcher.processRequest(OzoneProtocolMessageDispatcher.java:72)
	at org.apache.hadoop.hdds.scm.protocol.ScmBlockLocationProtocolServerSideTranslatorPB.send(ScmBlockLocationProtocolServerSideTranslatorPB.java:98)
	at org.apache.hadoop.hdds.protocol.proto.ScmBlockLocationProtocolProtos$ScmBlockLocationProtocolService$2.callBlockingMethod(ScmBlockLocationProtocolProtos.java:13157)
	at org.apache.hadoop.ipc.ProtobufRpcEngine$Server$ProtoBufRpcInvoker.call(ProtobufRpcEngine.java:524)
	at org.apache.hadoop.ipc.RPC$Server.call(RPC.java:1025)
	at org.apache.hadoop.ipc.Server$RpcCall.run(Server.java:876)
	at org.apache.hadoop.ipc.Server$RpcCall.run(Server.java:822)
	at java.security.AccessController.doPrivileged(Native Method)
	at javax.security.auth.Subject.doAs(Subject.java:422)
	at org.apache.hadoop.security.UserGroupInformation.doAs(UserGroupInformation.java:1730)
	at org.apache.hadoop.ipc.Server$Handler.run(Server.java:2682)
2019-10-17 20:50:03,669 [IPC Server handler 0 on 34359] INFO  block.BlockManagerImpl (BlockManagerImpl.java:allocateBlock(212)) - Could not find available pipeline of type:RATIS and factor:THREE even after retrying
2019-10-17 20:50:03,669 [IPC Server handler 0 on 34359] ERROR block.BlockManagerImpl (BlockManagerImpl.java:allocateBlock(236)) - Unable to allocate a block for the size: 4194304, type: RATIS, factor: THREE
2019-10-17 20:50:03,674 [9e5dbcb7-9947-4856-b3fd-92d703a68307@group-6C293A8FB381-LeaderElection28] INFO  impl.LeaderElection (LeaderElection.java:askForVotes(178)) - 9e5dbcb7-9947-4856-b3fd-92d703a68307@group-6C293A8FB381-LeaderElection28: begin an election at term 10 for -1: [9e5dbcb7-9947-4856-b3fd-92d703a68307:192.168.164.201:39744, 834445fe-d519-4872-b649-1f7fcc1408aa:192.168.164.201:32919, d47c3a04-f2fd-4c6d-9c5b-cf5163b6c213:192.168.164.201:45277], old=null
2019-10-17 20:50:03,676 [pool-73-thread-3] ERROR io.BlockOutputStreamEntryPool (BlockOutputStreamEntryPool.java:allocateBlockIfNeeded(309)) - Try to allocate more blocks for write failed, already allocated 0 blocks for this write.
INTERNAL_ERROR org.apache.hadoop.ozone.om.exceptions.OMException: Allocated 0 blocks. Requested 1 blocks
	at org.apache.hadoop.ozone.om.protocolPB.OzoneManagerProtocolClientSideTranslatorPB.handleError(OzoneManagerProtocolClientSideTranslatorPB.java:732)
	at org.apache.hadoop.ozone.om.protocolPB.OzoneManagerProtocolClientSideTranslatorPB.allocateBlock(OzoneManagerProtocolClientSideTranslatorPB.java:764)
	at sun.reflect.NativeMethodAccessorImpl.invoke0(Native Method)
	at sun.reflect.NativeMethodAccessorImpl.invoke(NativeMethodAccessorImpl.java:62)
	at sun.reflect.DelegatingMethodAccessorImpl.invoke(DelegatingMethodAccessorImpl.java:43)
	at java.lang.reflect.Method.invoke(Method.java:498)
	at org.apache.hadoop.hdds.tracing.TraceAllMethod.invoke(TraceAllMethod.java:66)
	at com.sun.proxy.$Proxy37.allocateBlock(Unknown Source)
	at org.apache.hadoop.ozone.client.io.BlockOutputStreamEntryPool.allocateNewBlock(BlockOutputStreamEntryPool.java:258)
	at org.apache.hadoop.ozone.client.io.BlockOutputStreamEntryPool.allocateBlockIfNeeded(BlockOutputStreamEntryPool.java:306)
	at org.apache.hadoop.ozone.client.io.KeyOutputStream.handleWrite(KeyOutputStream.java:198)
	at org.apache.hadoop.ozone.client.io.KeyOutputStream.handleRetry(KeyOutputStream.java:375)
	at org.apache.hadoop.ozone.client.io.KeyOutputStream.handleException(KeyOutputStream.java:324)
	at org.apache.hadoop.ozone.client.io.KeyOutputStream.handleWrite(KeyOutputStream.java:228)
	at org.apache.hadoop.ozone.client.io.KeyOutputStream.write(KeyOutputStream.java:190)
	at org.apache.hadoop.ozone.client.io.OzoneOutputStream.write(OzoneOutputStream.java:49)
	at org.apache.hadoop.ozone.freon.RandomKeyGenerator.createKey(RandomKeyGenerator.java:708)
	at org.apache.hadoop.ozone.freon.RandomKeyGenerator.access$1100(RandomKeyGenerator.java:88)
	at org.apache.hadoop.ozone.freon.RandomKeyGenerator$ObjectCreator.run(RandomKeyGenerator.java:615)
	at java.util.concurrent.Executors$RunnableAdapter.call(Executors.java:511)
	at java.util.concurrent.FutureTask.run(FutureTask.java:266)
	at java.util.concurrent.ThreadPoolExecutor.runWorker(ThreadPoolExecutor.java:1149)
	at java.util.concurrent.ThreadPoolExecutor$Worker.run(ThreadPoolExecutor.java:624)
	at java.lang.Thread.run(Thread.java:748)
2019-10-17 20:50:03,676 [pool-73-thread-3] ERROR freon.RandomKeyGenerator (RandomKeyGenerator.java:createKey(733)) - Exception while adding key: key-0-47708 in bucket: bucket-0-54386 of volume: vol-0-62299.
INTERNAL_ERROR org.apache.hadoop.ozone.om.exceptions.OMException: Allocated 0 blocks. Requested 1 blocks
	at org.apache.hadoop.ozone.om.protocolPB.OzoneManagerProtocolClientSideTranslatorPB.handleError(OzoneManagerProtocolClientSideTranslatorPB.java:732)
	at org.apache.hadoop.ozone.om.protocolPB.OzoneManagerProtocolClientSideTranslatorPB.allocateBlock(OzoneManagerProtocolClientSideTranslatorPB.java:764)
	at sun.reflect.NativeMethodAccessorImpl.invoke0(Native Method)
	at sun.reflect.NativeMethodAccessorImpl.invoke(NativeMethodAccessorImpl.java:62)
	at sun.reflect.DelegatingMethodAccessorImpl.invoke(DelegatingMethodAccessorImpl.java:43)
	at java.lang.reflect.Method.invoke(Method.java:498)
	at org.apache.hadoop.hdds.tracing.TraceAllMethod.invoke(TraceAllMethod.java:66)
	at com.sun.proxy.$Proxy37.allocateBlock(Unknown Source)
	at org.apache.hadoop.ozone.client.io.BlockOutputStreamEntryPool.allocateNewBlock(BlockOutputStreamEntryPool.java:258)
	at org.apache.hadoop.ozone.client.io.BlockOutputStreamEntryPool.allocateBlockIfNeeded(BlockOutputStreamEntryPool.java:306)
	at org.apache.hadoop.ozone.client.io.KeyOutputStream.handleWrite(KeyOutputStream.java:198)
	at org.apache.hadoop.ozone.client.io.KeyOutputStream.handleRetry(KeyOutputStream.java:375)
	at org.apache.hadoop.ozone.client.io.KeyOutputStream.handleException(KeyOutputStream.java:324)
	at org.apache.hadoop.ozone.client.io.KeyOutputStream.handleWrite(KeyOutputStream.java:228)
	at org.apache.hadoop.ozone.client.io.KeyOutputStream.write(KeyOutputStream.java:190)
	at org.apache.hadoop.ozone.client.io.OzoneOutputStream.write(OzoneOutputStream.java:49)
	at org.apache.hadoop.ozone.freon.RandomKeyGenerator.createKey(RandomKeyGenerator.java:708)
	at org.apache.hadoop.ozone.freon.RandomKeyGenerator.access$1100(RandomKeyGenerator.java:88)
	at org.apache.hadoop.ozone.freon.RandomKeyGenerator$ObjectCreator.run(RandomKeyGenerator.java:615)
	at java.util.concurrent.Executors$RunnableAdapter.call(Executors.java:511)
	at java.util.concurrent.FutureTask.run(FutureTask.java:266)
	at java.util.concurrent.ThreadPoolExecutor.runWorker(ThreadPoolExecutor.java:1149)
	at java.util.concurrent.ThreadPoolExecutor$Worker.run(ThreadPoolExecutor.java:624)
	at java.lang.Thread.run(Thread.java:748)
2019-10-17 20:50:03,678 [grpc-default-executor-2] INFO  impl.RaftServerImpl (RaftServerImpl.java:setRole(184)) - 834445fe-d519-4872-b649-1f7fcc1408aa@group-6C293A8FB381: changes role from  FOLLOWER to FOLLOWER at term 10 for recognizeCandidate:9e5dbcb7-9947-4856-b3fd-92d703a68307
2019-10-17 20:50:03,678 [grpc-default-executor-6] INFO  impl.RaftServerImpl (RaftServerImpl.java:setRole(184)) - d47c3a04-f2fd-4c6d-9c5b-cf5163b6c213@group-6C293A8FB381: changes role from  FOLLOWER to FOLLOWER at term 10 for recognizeCandidate:9e5dbcb7-9947-4856-b3fd-92d703a68307
2019-10-17 20:50:03,678 [grpc-default-executor-2] INFO  impl.RoleInfo (RoleInfo.java:shutdownFollowerState(121)) - 834445fe-d519-4872-b649-1f7fcc1408aa: shutdown FollowerState
2019-10-17 20:50:03,678 [grpc-default-executor-6] INFO  impl.RoleInfo (RoleInfo.java:shutdownFollowerState(121)) - d47c3a04-f2fd-4c6d-9c5b-cf5163b6c213: shutdown FollowerState
2019-10-17 20:50:03,679 [Thread-521] INFO  impl.FollowerState (FollowerState.java:run(117)) - 834445fe-d519-4872-b649-1f7fcc1408aa@group-6C293A8FB381-FollowerState was interrupted: java.lang.InterruptedException: sleep interrupted
2019-10-17 20:50:03,679 [grpc-default-executor-6] INFO  impl.RoleInfo (RoleInfo.java:updateAndGet(143)) - d47c3a04-f2fd-4c6d-9c5b-cf5163b6c213: start FollowerState
2019-10-17 20:50:03,679 [grpc-default-executor-2] INFO  impl.RoleInfo (RoleInfo.java:updateAndGet(143)) - 834445fe-d519-4872-b649-1f7fcc1408aa: start FollowerState
2019-10-17 20:50:03,679 [Thread-522] INFO  impl.FollowerState (FollowerState.java:run(117)) - d47c3a04-f2fd-4c6d-9c5b-cf5163b6c213@group-6C293A8FB381-FollowerState was interrupted: java.lang.InterruptedException: sleep interrupted
2019-10-17 20:50:03,707 [9e5dbcb7-9947-4856-b3fd-92d703a68307@group-6C293A8FB381-LeaderElection28] INFO  impl.LeaderElection (LeaderElection.java:logAndReturn(56)) - 9e5dbcb7-9947-4856-b3fd-92d703a68307@group-6C293A8FB381-LeaderElection28: Election TIMEOUT; received 0 response(s) [] and 0 exception(s); 9e5dbcb7-9947-4856-b3fd-92d703a68307@group-6C293A8FB381:t10, leader=null, voted=9e5dbcb7-9947-4856-b3fd-92d703a68307, raftlog=9e5dbcb7-9947-4856-b3fd-92d703a68307@group-6C293A8FB381-SegmentedRaftLog:OPENED:c-1,f-1,i0, conf=-1: [9e5dbcb7-9947-4856-b3fd-92d703a68307:192.168.164.201:39744, 834445fe-d519-4872-b649-1f7fcc1408aa:192.168.164.201:32919, d47c3a04-f2fd-4c6d-9c5b-cf5163b6c213:192.168.164.201:45277], old=null
2019-10-17 20:50:03,734 [9e5dbcb7-9947-4856-b3fd-92d703a68307@group-6C293A8FB381-LeaderElection28] INFO  impl.LeaderElection (LeaderElection.java:askForVotes(178)) - 9e5dbcb7-9947-4856-b3fd-92d703a68307@group-6C293A8FB381-LeaderElection28: begin an election at term 11 for -1: [9e5dbcb7-9947-4856-b3fd-92d703a68307:192.168.164.201:39744, 834445fe-d519-4872-b649-1f7fcc1408aa:192.168.164.201:32919, d47c3a04-f2fd-4c6d-9c5b-cf5163b6c213:192.168.164.201:45277], old=null
2019-10-17 20:50:03,737 [grpc-default-executor-6] INFO  impl.RaftServerImpl (RaftServerImpl.java:setRole(184)) - d47c3a04-f2fd-4c6d-9c5b-cf5163b6c213@group-6C293A8FB381: changes role from  FOLLOWER to FOLLOWER at term 11 for recognizeCandidate:9e5dbcb7-9947-4856-b3fd-92d703a68307
2019-10-17 20:50:03,738 [grpc-default-executor-6] INFO  impl.RoleInfo (RoleInfo.java:shutdownFollowerState(121)) - d47c3a04-f2fd-4c6d-9c5b-cf5163b6c213: shutdown FollowerState
2019-10-17 20:50:03,738 [grpc-default-executor-2] INFO  impl.RaftServerImpl (RaftServerImpl.java:setRole(184)) - 834445fe-d519-4872-b649-1f7fcc1408aa@group-6C293A8FB381: changes role from  FOLLOWER to FOLLOWER at term 11 for recognizeCandidate:9e5dbcb7-9947-4856-b3fd-92d703a68307
2019-10-17 20:50:03,738 [grpc-default-executor-6] INFO  impl.RoleInfo (RoleInfo.java:updateAndGet(143)) - d47c3a04-f2fd-4c6d-9c5b-cf5163b6c213: start FollowerState
2019-10-17 20:50:03,738 [Thread-530] INFO  impl.FollowerState (FollowerState.java:run(117)) - d47c3a04-f2fd-4c6d-9c5b-cf5163b6c213@group-6C293A8FB381-FollowerState was interrupted: java.lang.InterruptedException: sleep interrupted
2019-10-17 20:50:03,738 [grpc-default-executor-2] INFO  impl.RoleInfo (RoleInfo.java:shutdownFollowerState(121)) - 834445fe-d519-4872-b649-1f7fcc1408aa: shutdown FollowerState
2019-10-17 20:50:03,740 [Thread-529] INFO  impl.FollowerState (FollowerState.java:run(117)) - 834445fe-d519-4872-b649-1f7fcc1408aa@group-6C293A8FB381-FollowerState was interrupted: java.lang.InterruptedException: sleep interrupted
2019-10-17 20:50:03,740 [grpc-default-executor-2] INFO  impl.RoleInfo (RoleInfo.java:updateAndGet(143)) - 834445fe-d519-4872-b649-1f7fcc1408aa: start FollowerState
2019-10-17 20:50:03,769 [9e5dbcb7-9947-4856-b3fd-92d703a68307@group-6C293A8FB381-LeaderElection28] INFO  impl.LeaderElection (LeaderElection.java:logAndReturn(56)) - 9e5dbcb7-9947-4856-b3fd-92d703a68307@group-6C293A8FB381-LeaderElection28: Election REJECTED; received 2 response(s) [9e5dbcb7-9947-4856-b3fd-92d703a68307<-834445fe-d519-4872-b649-1f7fcc1408aa#0:FAIL-t11, 9e5dbcb7-9947-4856-b3fd-92d703a68307<-d47c3a04-f2fd-4c6d-9c5b-cf5163b6c213#0:FAIL-t11] and 0 exception(s); 9e5dbcb7-9947-4856-b3fd-92d703a68307@group-6C293A8FB381:t11, leader=null, voted=9e5dbcb7-9947-4856-b3fd-92d703a68307, raftlog=9e5dbcb7-9947-4856-b3fd-92d703a68307@group-6C293A8FB381-SegmentedRaftLog:OPENED:c-1,f-1,i0, conf=-1: [9e5dbcb7-9947-4856-b3fd-92d703a68307:192.168.164.201:39744, 834445fe-d519-4872-b649-1f7fcc1408aa:192.168.164.201:32919, d47c3a04-f2fd-4c6d-9c5b-cf5163b6c213:192.168.164.201:45277], old=null
2019-10-17 20:50:03,769 [9e5dbcb7-9947-4856-b3fd-92d703a68307@group-6C293A8FB381-LeaderElection28] INFO  impl.RaftServerImpl (RaftServerImpl.java:setRole(184)) - 9e5dbcb7-9947-4856-b3fd-92d703a68307@group-6C293A8FB381: changes role from CANDIDATE to FOLLOWER at term 11 for DISCOVERED_A_NEW_TERM
2019-10-17 20:50:03,769 [9e5dbcb7-9947-4856-b3fd-92d703a68307@group-6C293A8FB381-LeaderElection28] INFO  impl.RoleInfo (RoleInfo.java:shutdownLeaderElection(134)) - 9e5dbcb7-9947-4856-b3fd-92d703a68307: shutdown LeaderElection
2019-10-17 20:50:03,770 [9e5dbcb7-9947-4856-b3fd-92d703a68307@group-6C293A8FB381-LeaderElection28] INFO  impl.RoleInfo (RoleInfo.java:updateAndGet(143)) - 9e5dbcb7-9947-4856-b3fd-92d703a68307: start FollowerState
2019-10-17 20:50:03,965 [Thread-535] INFO  impl.FollowerState (FollowerState.java:run(108)) - 9e5dbcb7-9947-4856-b3fd-92d703a68307@group-6C293A8FB381-FollowerState: change to CANDIDATE, lastRpcTime:195ms, electionTimeout:195ms
2019-10-17 20:50:03,967 [Thread-535] INFO  impl.RoleInfo (RoleInfo.java:shutdownFollowerState(121)) - 9e5dbcb7-9947-4856-b3fd-92d703a68307: shutdown FollowerState
2019-10-17 20:50:03,968 [Thread-535] INFO  impl.RaftServerImpl (RaftServerImpl.java:setRole(184)) - 9e5dbcb7-9947-4856-b3fd-92d703a68307@group-6C293A8FB381: changes role from  FOLLOWER to CANDIDATE at term 11 for changeToCandidate
2019-10-17 20:50:03,968 [Thread-535] INFO  impl.RoleInfo (RoleInfo.java:updateAndGet(143)) - 9e5dbcb7-9947-4856-b3fd-92d703a68307: start LeaderElection
2019-10-17 20:50:03,994 [9e5dbcb7-9947-4856-b3fd-92d703a68307@group-6C293A8FB381-LeaderElection29] INFO  impl.LeaderElection (LeaderElection.java:askForVotes(178)) - 9e5dbcb7-9947-4856-b3fd-92d703a68307@group-6C293A8FB381-LeaderElection29: begin an election at term 12 for -1: [9e5dbcb7-9947-4856-b3fd-92d703a68307:192.168.164.201:39744, 834445fe-d519-4872-b649-1f7fcc1408aa:192.168.164.201:32919, d47c3a04-f2fd-4c6d-9c5b-cf5163b6c213:192.168.164.201:45277], old=null
2019-10-17 20:50:03,998 [grpc-default-executor-2] INFO  impl.RaftServerImpl (RaftServerImpl.java:setRole(184)) - 834445fe-d519-4872-b649-1f7fcc1408aa@group-6C293A8FB381: changes role from  FOLLOWER to FOLLOWER at term 12 for recognizeCandidate:9e5dbcb7-9947-4856-b3fd-92d703a68307
2019-10-17 20:50:03,998 [grpc-default-executor-2] INFO  impl.RoleInfo (RoleInfo.java:shutdownFollowerState(121)) - 834445fe-d519-4872-b649-1f7fcc1408aa: shutdown FollowerState
2019-10-17 20:50:03,998 [grpc-default-executor-2] INFO  impl.RoleInfo (RoleInfo.java:updateAndGet(143)) - 834445fe-d519-4872-b649-1f7fcc1408aa: start FollowerState
2019-10-17 20:50:03,998 [Thread-534] INFO  impl.FollowerState (FollowerState.java:run(117)) - 834445fe-d519-4872-b649-1f7fcc1408aa@group-6C293A8FB381-FollowerState was interrupted: java.lang.InterruptedException: sleep interrupted
2019-10-17 20:50:03,998 [grpc-default-executor-6] INFO  impl.RaftServerImpl (RaftServerImpl.java:setRole(184)) - d47c3a04-f2fd-4c6d-9c5b-cf5163b6c213@group-6C293A8FB381: changes role from  FOLLOWER to FOLLOWER at term 12 for recognizeCandidate:9e5dbcb7-9947-4856-b3fd-92d703a68307
2019-10-17 20:50:04,000 [grpc-default-executor-6] INFO  impl.RoleInfo (RoleInfo.java:shutdownFollowerState(121)) - d47c3a04-f2fd-4c6d-9c5b-cf5163b6c213: shutdown FollowerState
2019-10-17 20:50:04,001 [grpc-default-executor-6] INFO  impl.RoleInfo (RoleInfo.java:updateAndGet(143)) - d47c3a04-f2fd-4c6d-9c5b-cf5163b6c213: start FollowerState
2019-10-17 20:50:04,001 [Thread-533] INFO  impl.FollowerState (FollowerState.java:run(117)) - d47c3a04-f2fd-4c6d-9c5b-cf5163b6c213@group-6C293A8FB381-FollowerState was interrupted: java.lang.InterruptedException: sleep interrupted
2019-10-17 20:50:04,029 [9e5dbcb7-9947-4856-b3fd-92d703a68307@group-6C293A8FB381-LeaderElection29] INFO  impl.LeaderElection (LeaderElection.java:logAndReturn(56)) - 9e5dbcb7-9947-4856-b3fd-92d703a68307@group-6C293A8FB381-LeaderElection29: Election REJECTED; received 2 response(s) [9e5dbcb7-9947-4856-b3fd-92d703a68307<-834445fe-d519-4872-b649-1f7fcc1408aa#0:FAIL-t12, 9e5dbcb7-9947-4856-b3fd-92d703a68307<-d47c3a04-f2fd-4c6d-9c5b-cf5163b6c213#0:FAIL-t12] and 0 exception(s); 9e5dbcb7-9947-4856-b3fd-92d703a68307@group-6C293A8FB381:t12, leader=null, voted=9e5dbcb7-9947-4856-b3fd-92d703a68307, raftlog=9e5dbcb7-9947-4856-b3fd-92d703a68307@group-6C293A8FB381-SegmentedRaftLog:OPENED:c-1,f-1,i0, conf=-1: [9e5dbcb7-9947-4856-b3fd-92d703a68307:192.168.164.201:39744, 834445fe-d519-4872-b649-1f7fcc1408aa:192.168.164.201:32919, d47c3a04-f2fd-4c6d-9c5b-cf5163b6c213:192.168.164.201:45277], old=null
2019-10-17 20:50:04,030 [9e5dbcb7-9947-4856-b3fd-92d703a68307@group-6C293A8FB381-LeaderElection29] INFO  impl.RaftServerImpl (RaftServerImpl.java:setRole(184)) - 9e5dbcb7-9947-4856-b3fd-92d703a68307@group-6C293A8FB381: changes role from CANDIDATE to FOLLOWER at term 12 for DISCOVERED_A_NEW_TERM
2019-10-17 20:50:04,030 [9e5dbcb7-9947-4856-b3fd-92d703a68307@group-6C293A8FB381-LeaderElection29] INFO  impl.RoleInfo (RoleInfo.java:shutdownLeaderElection(134)) - 9e5dbcb7-9947-4856-b3fd-92d703a68307: shutdown LeaderElection
2019-10-17 20:50:04,030 [9e5dbcb7-9947-4856-b3fd-92d703a68307@group-6C293A8FB381-LeaderElection29] INFO  impl.RoleInfo (RoleInfo.java:updateAndGet(143)) - 9e5dbcb7-9947-4856-b3fd-92d703a68307: start FollowerState
2019-10-17 20:50:04,094 [Thread-541] INFO  impl.FollowerState (FollowerState.java:run(108)) - 9e5dbcb7-9947-4856-b3fd-92d703a68307@group-6C293A8FB381-FollowerState: change to CANDIDATE, lastRpcTime:64ms, electionTimeout:64ms
2019-10-17 20:50:04,096 [Thread-541] INFO  impl.RoleInfo (RoleInfo.java:shutdownFollowerState(121)) - 9e5dbcb7-9947-4856-b3fd-92d703a68307: shutdown FollowerState
2019-10-17 20:50:04,097 [Thread-541] INFO  impl.RaftServerImpl (RaftServerImpl.java:setRole(184)) - 9e5dbcb7-9947-4856-b3fd-92d703a68307@group-6C293A8FB381: changes role from  FOLLOWER to CANDIDATE at term 12 for changeToCandidate
2019-10-17 20:50:04,097 [Thread-541] INFO  impl.RoleInfo (RoleInfo.java:updateAndGet(143)) - 9e5dbcb7-9947-4856-b3fd-92d703a68307: start LeaderElection
2019-10-17 20:50:04,128 [9e5dbcb7-9947-4856-b3fd-92d703a68307@group-6C293A8FB381-LeaderElection30] INFO  impl.LeaderElection (LeaderElection.java:askForVotes(178)) - 9e5dbcb7-9947-4856-b3fd-92d703a68307@group-6C293A8FB381-LeaderElection30: begin an election at term 13 for -1: [9e5dbcb7-9947-4856-b3fd-92d703a68307:192.168.164.201:39744, 834445fe-d519-4872-b649-1f7fcc1408aa:192.168.164.201:32919, d47c3a04-f2fd-4c6d-9c5b-cf5163b6c213:192.168.164.201:45277], old=null
2019-10-17 20:50:04,132 [grpc-default-executor-2] INFO  impl.RaftServerImpl (RaftServerImpl.java:setRole(184)) - d47c3a04-f2fd-4c6d-9c5b-cf5163b6c213@group-6C293A8FB381: changes role from  FOLLOWER to FOLLOWER at term 13 for recognizeCandidate:9e5dbcb7-9947-4856-b3fd-92d703a68307
2019-10-17 20:50:04,132 [grpc-default-executor-6] INFO  impl.RaftServerImpl (RaftServerImpl.java:setRole(184)) - 834445fe-d519-4872-b649-1f7fcc1408aa@group-6C293A8FB381: changes role from  FOLLOWER to FOLLOWER at term 13 for recognizeCandidate:9e5dbcb7-9947-4856-b3fd-92d703a68307
2019-10-17 20:50:04,132 [grpc-default-executor-2] INFO  impl.RoleInfo (RoleInfo.java:shutdownFollowerState(121)) - d47c3a04-f2fd-4c6d-9c5b-cf5163b6c213: shutdown FollowerState
2019-10-17 20:50:04,132 [grpc-default-executor-6] INFO  impl.RoleInfo (RoleInfo.java:shutdownFollowerState(121)) - 834445fe-d519-4872-b649-1f7fcc1408aa: shutdown FollowerState
2019-10-17 20:50:04,133 [Thread-540] INFO  impl.FollowerState (FollowerState.java:run(117)) - d47c3a04-f2fd-4c6d-9c5b-cf5163b6c213@group-6C293A8FB381-FollowerState was interrupted: java.lang.InterruptedException: sleep interrupted
2019-10-17 20:50:04,133 [Thread-539] INFO  impl.FollowerState (FollowerState.java:run(117)) - 834445fe-d519-4872-b649-1f7fcc1408aa@group-6C293A8FB381-FollowerState was interrupted: java.lang.InterruptedException: sleep interrupted
2019-10-17 20:50:04,133 [grpc-default-executor-2] INFO  impl.RoleInfo (RoleInfo.java:updateAndGet(143)) - d47c3a04-f2fd-4c6d-9c5b-cf5163b6c213: start FollowerState
2019-10-17 20:50:04,133 [grpc-default-executor-6] INFO  impl.RoleInfo (RoleInfo.java:updateAndGet(143)) - 834445fe-d519-4872-b649-1f7fcc1408aa: start FollowerState
2019-10-17 20:50:04,164 [9e5dbcb7-9947-4856-b3fd-92d703a68307@group-6C293A8FB381-LeaderElection30] INFO  impl.LeaderElection (LeaderElection.java:logAndReturn(56)) - 9e5dbcb7-9947-4856-b3fd-92d703a68307@group-6C293A8FB381-LeaderElection30: Election REJECTED; received 2 response(s) [9e5dbcb7-9947-4856-b3fd-92d703a68307<-834445fe-d519-4872-b649-1f7fcc1408aa#0:FAIL-t13, 9e5dbcb7-9947-4856-b3fd-92d703a68307<-d47c3a04-f2fd-4c6d-9c5b-cf5163b6c213#0:FAIL-t13] and 0 exception(s); 9e5dbcb7-9947-4856-b3fd-92d703a68307@group-6C293A8FB381:t13, leader=null, voted=9e5dbcb7-9947-4856-b3fd-92d703a68307, raftlog=9e5dbcb7-9947-4856-b3fd-92d703a68307@group-6C293A8FB381-SegmentedRaftLog:OPENED:c-1,f-1,i0, conf=-1: [9e5dbcb7-9947-4856-b3fd-92d703a68307:192.168.164.201:39744, 834445fe-d519-4872-b649-1f7fcc1408aa:192.168.164.201:32919, d47c3a04-f2fd-4c6d-9c5b-cf5163b6c213:192.168.164.201:45277], old=null
2019-10-17 20:50:04,164 [9e5dbcb7-9947-4856-b3fd-92d703a68307@group-6C293A8FB381-LeaderElection30] INFO  impl.RaftServerImpl (RaftServerImpl.java:setRole(184)) - 9e5dbcb7-9947-4856-b3fd-92d703a68307@group-6C293A8FB381: changes role from CANDIDATE to FOLLOWER at term 13 for DISCOVERED_A_NEW_TERM
2019-10-17 20:50:04,164 [9e5dbcb7-9947-4856-b3fd-92d703a68307@group-6C293A8FB381-LeaderElection30] INFO  impl.RoleInfo (RoleInfo.java:shutdownLeaderElection(134)) - 9e5dbcb7-9947-4856-b3fd-92d703a68307: shutdown LeaderElection
2019-10-17 20:50:04,164 [9e5dbcb7-9947-4856-b3fd-92d703a68307@group-6C293A8FB381-LeaderElection30] INFO  impl.RoleInfo (RoleInfo.java:updateAndGet(143)) - 9e5dbcb7-9947-4856-b3fd-92d703a68307: start FollowerState
2019-10-17 20:50:04,226 [Thread-547] INFO  impl.FollowerState (FollowerState.java:run(108)) - 9e5dbcb7-9947-4856-b3fd-92d703a68307@group-6C293A8FB381-FollowerState: change to CANDIDATE, lastRpcTime:61ms, electionTimeout:61ms
2019-10-17 20:50:04,237 [Thread-547] INFO  impl.RoleInfo (RoleInfo.java:shutdownFollowerState(121)) - 9e5dbcb7-9947-4856-b3fd-92d703a68307: shutdown FollowerState
2019-10-17 20:50:04,237 [Thread-547] INFO  impl.RaftServerImpl (RaftServerImpl.java:setRole(184)) - 9e5dbcb7-9947-4856-b3fd-92d703a68307@group-6C293A8FB381: changes role from  FOLLOWER to CANDIDATE at term 13 for changeToCandidate
2019-10-17 20:50:04,238 [Thread-547] INFO  impl.RoleInfo (RoleInfo.java:updateAndGet(143)) - 9e5dbcb7-9947-4856-b3fd-92d703a68307: start LeaderElection
2019-10-17 20:50:04,268 [9e5dbcb7-9947-4856-b3fd-92d703a68307@group-6C293A8FB381-LeaderElection31] INFO  impl.LeaderElection (LeaderElection.java:askForVotes(178)) - 9e5dbcb7-9947-4856-b3fd-92d703a68307@group-6C293A8FB381-LeaderElection31: begin an election at term 14 for -1: [9e5dbcb7-9947-4856-b3fd-92d703a68307:192.168.164.201:39744, 834445fe-d519-4872-b649-1f7fcc1408aa:192.168.164.201:32919, d47c3a04-f2fd-4c6d-9c5b-cf5163b6c213:192.168.164.201:45277], old=null
2019-10-17 20:50:04,280 [grpc-default-executor-6] INFO  impl.RaftServerImpl (RaftServerImpl.java:setRole(184)) - 834445fe-d519-4872-b649-1f7fcc1408aa@group-6C293A8FB381: changes role from  FOLLOWER to FOLLOWER at term 14 for recognizeCandidate:9e5dbcb7-9947-4856-b3fd-92d703a68307
2019-10-17 20:50:04,280 [grpc-default-executor-2] INFO  impl.RaftServerImpl (RaftServerImpl.java:setRole(184)) - d47c3a04-f2fd-4c6d-9c5b-cf5163b6c213@group-6C293A8FB381: changes role from  FOLLOWER to FOLLOWER at term 14 for recognizeCandidate:9e5dbcb7-9947-4856-b3fd-92d703a68307
2019-10-17 20:50:04,280 [grpc-default-executor-6] INFO  impl.RoleInfo (RoleInfo.java:shutdownFollowerState(121)) - 834445fe-d519-4872-b649-1f7fcc1408aa: shutdown FollowerState
2019-10-17 20:50:04,280 [grpc-default-executor-2] INFO  impl.RoleInfo (RoleInfo.java:shutdownFollowerState(121)) - d47c3a04-f2fd-4c6d-9c5b-cf5163b6c213: shutdown FollowerState
2019-10-17 20:50:04,281 [grpc-default-executor-6] INFO  impl.RoleInfo (RoleInfo.java:updateAndGet(143)) - 834445fe-d519-4872-b649-1f7fcc1408aa: start FollowerState
2019-10-17 20:50:04,281 [grpc-default-executor-2] INFO  impl.RoleInfo (RoleInfo.java:updateAndGet(143)) - d47c3a04-f2fd-4c6d-9c5b-cf5163b6c213: start FollowerState
2019-10-17 20:50:04,281 [Thread-546] INFO  impl.FollowerState (FollowerState.java:run(117)) - 834445fe-d519-4872-b649-1f7fcc1408aa@group-6C293A8FB381-FollowerState was interrupted: java.lang.InterruptedException: sleep interrupted
2019-10-17 20:50:04,281 [Thread-545] INFO  impl.FollowerState (FollowerState.java:run(117)) - d47c3a04-f2fd-4c6d-9c5b-cf5163b6c213@group-6C293A8FB381-FollowerState was interrupted: java.lang.InterruptedException: sleep interrupted
2019-10-17 20:50:04,306 [9e5dbcb7-9947-4856-b3fd-92d703a68307@group-6C293A8FB381-LeaderElection31] INFO  impl.LeaderElection (LeaderElection.java:logAndReturn(56)) - 9e5dbcb7-9947-4856-b3fd-92d703a68307@group-6C293A8FB381-LeaderElection31: Election REJECTED; received 2 response(s) [9e5dbcb7-9947-4856-b3fd-92d703a68307<-834445fe-d519-4872-b649-1f7fcc1408aa#0:FAIL-t14, 9e5dbcb7-9947-4856-b3fd-92d703a68307<-d47c3a04-f2fd-4c6d-9c5b-cf5163b6c213#0:FAIL-t14] and 0 exception(s); 9e5dbcb7-9947-4856-b3fd-92d703a68307@group-6C293A8FB381:t14, leader=null, voted=9e5dbcb7-9947-4856-b3fd-92d703a68307, raftlog=9e5dbcb7-9947-4856-b3fd-92d703a68307@group-6C293A8FB381-SegmentedRaftLog:OPENED:c-1,f-1,i0, conf=-1: [9e5dbcb7-9947-4856-b3fd-92d703a68307:192.168.164.201:39744, 834445fe-d519-4872-b649-1f7fcc1408aa:192.168.164.201:32919, d47c3a04-f2fd-4c6d-9c5b-cf5163b6c213:192.168.164.201:45277], old=null
2019-10-17 20:50:04,306 [9e5dbcb7-9947-4856-b3fd-92d703a68307@group-6C293A8FB381-LeaderElection31] INFO  impl.RaftServerImpl (RaftServerImpl.java:setRole(184)) - 9e5dbcb7-9947-4856-b3fd-92d703a68307@group-6C293A8FB381: changes role from CANDIDATE to FOLLOWER at term 14 for DISCOVERED_A_NEW_TERM
2019-10-17 20:50:04,306 [9e5dbcb7-9947-4856-b3fd-92d703a68307@group-6C293A8FB381-LeaderElection31] INFO  impl.RoleInfo (RoleInfo.java:shutdownLeaderElection(134)) - 9e5dbcb7-9947-4856-b3fd-92d703a68307: shutdown LeaderElection
2019-10-17 20:50:04,306 [9e5dbcb7-9947-4856-b3fd-92d703a68307@group-6C293A8FB381-LeaderElection31] INFO  impl.RoleInfo (RoleInfo.java:updateAndGet(143)) - 9e5dbcb7-9947-4856-b3fd-92d703a68307: start FollowerState
2019-10-17 20:50:04,460 [Thread-553] INFO  impl.FollowerState (FollowerState.java:run(108)) - 9e5dbcb7-9947-4856-b3fd-92d703a68307@group-6C293A8FB381-FollowerState: change to CANDIDATE, lastRpcTime:153ms, electionTimeout:153ms
2019-10-17 20:50:04,461 [Thread-553] INFO  impl.RoleInfo (RoleInfo.java:shutdownFollowerState(121)) - 9e5dbcb7-9947-4856-b3fd-92d703a68307: shutdown FollowerState
2019-10-17 20:50:04,461 [Thread-553] INFO  impl.RaftServerImpl (RaftServerImpl.java:setRole(184)) - 9e5dbcb7-9947-4856-b3fd-92d703a68307@group-6C293A8FB381: changes role from  FOLLOWER to CANDIDATE at term 14 for changeToCandidate
2019-10-17 20:50:04,462 [Thread-553] INFO  impl.RoleInfo (RoleInfo.java:updateAndGet(143)) - 9e5dbcb7-9947-4856-b3fd-92d703a68307: start LeaderElection
 0.00% |?                                                                                                    |  0/1 Time: 0:01:092019-10-17 20:50:04,488 [9e5dbcb7-9947-4856-b3fd-92d703a68307@group-6C293A8FB381-LeaderElection32] INFO  impl.LeaderElection (LeaderElection.java:askForVotes(178)) - 9e5dbcb7-9947-4856-b3fd-92d703a68307@group-6C293A8FB381-LeaderElection32: begin an election at term 15 for -1: [9e5dbcb7-9947-4856-b3fd-92d703a68307:192.168.164.201:39744, 834445fe-d519-4872-b649-1f7fcc1408aa:192.168.164.201:32919, d47c3a04-f2fd-4c6d-9c5b-cf5163b6c213:192.168.164.201:45277], old=null
2019-10-17 20:50:04,492 [grpc-default-executor-6] INFO  impl.RaftServerImpl (RaftServerImpl.java:setRole(184)) - 834445fe-d519-4872-b649-1f7fcc1408aa@group-6C293A8FB381: changes role from  FOLLOWER to FOLLOWER at term 15 for recognizeCandidate:9e5dbcb7-9947-4856-b3fd-92d703a68307
2019-10-17 20:50:04,492 [grpc-default-executor-2] INFO  impl.RaftServerImpl (RaftServerImpl.java:setRole(184)) - d47c3a04-f2fd-4c6d-9c5b-cf5163b6c213@group-6C293A8FB381: changes role from  FOLLOWER to FOLLOWER at term 15 for recognizeCandidate:9e5dbcb7-9947-4856-b3fd-92d703a68307
2019-10-17 20:50:04,492 [grpc-default-executor-6] INFO  impl.RoleInfo (RoleInfo.java:shutdownFollowerState(121)) - 834445fe-d519-4872-b649-1f7fcc1408aa: shutdown FollowerState
2019-10-17 20:50:04,492 [grpc-default-executor-2] INFO  impl.RoleInfo (RoleInfo.java:shutdownFollowerState(121)) - d47c3a04-f2fd-4c6d-9c5b-cf5163b6c213: shutdown FollowerState
2019-10-17 20:50:04,492 [grpc-default-executor-6] INFO  impl.RoleInfo (RoleInfo.java:updateAndGet(143)) - 834445fe-d519-4872-b649-1f7fcc1408aa: start FollowerState
2019-10-17 20:50:04,492 [Thread-551] INFO  impl.FollowerState (FollowerState.java:run(117)) - 834445fe-d519-4872-b649-1f7fcc1408aa@group-6C293A8FB381-FollowerState was interrupted: java.lang.InterruptedException: sleep interrupted
2019-10-17 20:50:04,492 [Thread-552] INFO  impl.FollowerState (FollowerState.java:run(117)) - d47c3a04-f2fd-4c6d-9c5b-cf5163b6c213@group-6C293A8FB381-FollowerState was interrupted: java.lang.InterruptedException: sleep interrupted
2019-10-17 20:50:04,492 [grpc-default-executor-2] INFO  impl.RoleInfo (RoleInfo.java:updateAndGet(143)) - d47c3a04-f2fd-4c6d-9c5b-cf5163b6c213: start FollowerState
2019-10-17 20:50:04,523 [9e5dbcb7-9947-4856-b3fd-92d703a68307@group-6C293A8FB381-LeaderElection32] INFO  impl.LeaderElection (LeaderElection.java:logAndReturn(56)) - 9e5dbcb7-9947-4856-b3fd-92d703a68307@group-6C293A8FB381-LeaderElection32: Election REJECTED; received 2 response(s) [9e5dbcb7-9947-4856-b3fd-92d703a68307<-834445fe-d519-4872-b649-1f7fcc1408aa#0:FAIL-t15, 9e5dbcb7-9947-4856-b3fd-92d703a68307<-d47c3a04-f2fd-4c6d-9c5b-cf5163b6c213#0:FAIL-t15] and 0 exception(s); 9e5dbcb7-9947-4856-b3fd-92d703a68307@group-6C293A8FB381:t15, leader=null, voted=9e5dbcb7-9947-4856-b3fd-92d703a68307, raftlog=9e5dbcb7-9947-4856-b3fd-92d703a68307@group-6C293A8FB381-SegmentedRaftLog:OPENED:c-1,f-1,i0, conf=-1: [9e5dbcb7-9947-4856-b3fd-92d703a68307:192.168.164.201:39744, 834445fe-d519-4872-b649-1f7fcc1408aa:192.168.164.201:32919, d47c3a04-f2fd-4c6d-9c5b-cf5163b6c213:192.168.164.201:45277], old=null
2019-10-17 20:50:04,523 [9e5dbcb7-9947-4856-b3fd-92d703a68307@group-6C293A8FB381-LeaderElection32] INFO  impl.RaftServerImpl (RaftServerImpl.java:setRole(184)) - 9e5dbcb7-9947-4856-b3fd-92d703a68307@group-6C293A8FB381: changes role from CANDIDATE to FOLLOWER at term 15 for DISCOVERED_A_NEW_TERM
2019-10-17 20:50:04,523 [9e5dbcb7-9947-4856-b3fd-92d703a68307@group-6C293A8FB381-LeaderElection32] INFO  impl.RoleInfo (RoleInfo.java:shutdownLeaderElection(134)) - 9e5dbcb7-9947-4856-b3fd-92d703a68307: shutdown LeaderElection
2019-10-17 20:50:04,524 [9e5dbcb7-9947-4856-b3fd-92d703a68307@group-6C293A8FB381-LeaderElection32] INFO  impl.RoleInfo (RoleInfo.java:updateAndGet(143)) - 9e5dbcb7-9947-4856-b3fd-92d703a68307: start FollowerState
2019-10-17 20:50:04,713 [Thread-559] INFO  impl.FollowerState (FollowerState.java:run(108)) - 9e5dbcb7-9947-4856-b3fd-92d703a68307@group-6C293A8FB381-FollowerState: change to CANDIDATE, lastRpcTime:189ms, electionTimeout:189ms
2019-10-17 20:50:04,717 [Thread-559] INFO  impl.RoleInfo (RoleInfo.java:shutdownFollowerState(121)) - 9e5dbcb7-9947-4856-b3fd-92d703a68307: shutdown FollowerState
2019-10-17 20:50:04,717 [Thread-559] INFO  impl.RaftServerImpl (RaftServerImpl.java:setRole(184)) - 9e5dbcb7-9947-4856-b3fd-92d703a68307@group-6C293A8FB381: changes role from  FOLLOWER to CANDIDATE at term 15 for changeToCandidate
2019-10-17 20:50:04,718 [Thread-559] INFO  impl.RoleInfo (RoleInfo.java:updateAndGet(143)) - 9e5dbcb7-9947-4856-b3fd-92d703a68307: start LeaderElection
2019-10-17 20:50:04,748 [9e5dbcb7-9947-4856-b3fd-92d703a68307@group-6C293A8FB381-LeaderElection33] INFO  impl.LeaderElection (LeaderElection.java:askForVotes(178)) - 9e5dbcb7-9947-4856-b3fd-92d703a68307@group-6C293A8FB381-LeaderElection33: begin an election at term 16 for -1: [9e5dbcb7-9947-4856-b3fd-92d703a68307:192.168.164.201:39744, 834445fe-d519-4872-b649-1f7fcc1408aa:192.168.164.201:32919, d47c3a04-f2fd-4c6d-9c5b-cf5163b6c213:192.168.164.201:45277], old=null
2019-10-17 20:50:04,753 [grpc-default-executor-2] INFO  impl.RaftServerImpl (RaftServerImpl.java:setRole(184)) - 834445fe-d519-4872-b649-1f7fcc1408aa@group-6C293A8FB381: changes role from  FOLLOWER to FOLLOWER at term 16 for recognizeCandidate:9e5dbcb7-9947-4856-b3fd-92d703a68307
2019-10-17 20:50:04,754 [grpc-default-executor-6] INFO  impl.RaftServerImpl (RaftServerImpl.java:setRole(184)) - d47c3a04-f2fd-4c6d-9c5b-cf5163b6c213@group-6C293A8FB381: changes role from  FOLLOWER to FOLLOWER at term 16 for recognizeCandidate:9e5dbcb7-9947-4856-b3fd-92d703a68307
2019-10-17 20:50:04,754 [grpc-default-executor-2] INFO  impl.RoleInfo (RoleInfo.java:shutdownFollowerState(121)) - 834445fe-d519-4872-b649-1f7fcc1408aa: shutdown FollowerState
2019-10-17 20:50:04,754 [grpc-default-executor-6] INFO  impl.RoleInfo (RoleInfo.java:shutdownFollowerState(121)) - d47c3a04-f2fd-4c6d-9c5b-cf5163b6c213: shutdown FollowerState
2019-10-17 20:50:04,754 [grpc-default-executor-2] INFO  impl.RoleInfo (RoleInfo.java:updateAndGet(143)) - 834445fe-d519-4872-b649-1f7fcc1408aa: start FollowerState
2019-10-17 20:50:04,754 [Thread-558] INFO  impl.FollowerState (FollowerState.java:run(117)) - d47c3a04-f2fd-4c6d-9c5b-cf5163b6c213@group-6C293A8FB381-FollowerState was interrupted: java.lang.InterruptedException: sleep interrupted
2019-10-17 20:50:04,754 [grpc-default-executor-6] INFO  impl.RoleInfo (RoleInfo.java:updateAndGet(143)) - d47c3a04-f2fd-4c6d-9c5b-cf5163b6c213: start FollowerState
2019-10-17 20:50:04,754 [Thread-557] INFO  impl.FollowerState (FollowerState.java:run(117)) - 834445fe-d519-4872-b649-1f7fcc1408aa@group-6C293A8FB381-FollowerState was interrupted: java.lang.InterruptedException: sleep interrupted
2019-10-17 20:50:04,776 [9e5dbcb7-9947-4856-b3fd-92d703a68307@group-6C293A8FB381-LeaderElection33] INFO  impl.LeaderElection (LeaderElection.java:logAndReturn(56)) - 9e5dbcb7-9947-4856-b3fd-92d703a68307@group-6C293A8FB381-LeaderElection33: Election TIMEOUT; received 0 response(s) [] and 0 exception(s); 9e5dbcb7-9947-4856-b3fd-92d703a68307@group-6C293A8FB381:t16, leader=null, voted=9e5dbcb7-9947-4856-b3fd-92d703a68307, raftlog=9e5dbcb7-9947-4856-b3fd-92d703a68307@group-6C293A8FB381-SegmentedRaftLog:OPENED:c-1,f-1,i0, conf=-1: [9e5dbcb7-9947-4856-b3fd-92d703a68307:192.168.164.201:39744, 834445fe-d519-4872-b649-1f7fcc1408aa:192.168.164.201:32919, d47c3a04-f2fd-4c6d-9c5b-cf5163b6c213:192.168.164.201:45277], old=null
2019-10-17 20:50:04,798 [9e5dbcb7-9947-4856-b3fd-92d703a68307@group-6C293A8FB381-LeaderElection33] INFO  impl.LeaderElection (LeaderElection.java:askForVotes(178)) - 9e5dbcb7-9947-4856-b3fd-92d703a68307@group-6C293A8FB381-LeaderElection33: begin an election at term 17 for -1: [9e5dbcb7-9947-4856-b3fd-92d703a68307:192.168.164.201:39744, 834445fe-d519-4872-b649-1f7fcc1408aa:192.168.164.201:32919, d47c3a04-f2fd-4c6d-9c5b-cf5163b6c213:192.168.164.201:45277], old=null
2019-10-17 20:50:04,803 [grpc-default-executor-2] INFO  impl.RaftServerImpl (RaftServerImpl.java:setRole(184)) - 834445fe-d519-4872-b649-1f7fcc1408aa@group-6C293A8FB381: changes role from  FOLLOWER to FOLLOWER at term 17 for recognizeCandidate:9e5dbcb7-9947-4856-b3fd-92d703a68307
2019-10-17 20:50:04,804 [grpc-default-executor-2] INFO  impl.RoleInfo (RoleInfo.java:shutdownFollowerState(121)) - 834445fe-d519-4872-b649-1f7fcc1408aa: shutdown FollowerState
2019-10-17 20:50:04,804 [Thread-563] INFO  impl.FollowerState (FollowerState.java:run(117)) - 834445fe-d519-4872-b649-1f7fcc1408aa@group-6C293A8FB381-FollowerState was interrupted: java.lang.InterruptedException: sleep interrupted
2019-10-17 20:50:04,804 [grpc-default-executor-2] INFO  impl.RoleInfo (RoleInfo.java:updateAndGet(143)) - 834445fe-d519-4872-b649-1f7fcc1408aa: start FollowerState
2019-10-17 20:50:04,805 [grpc-default-executor-6] INFO  impl.RaftServerImpl (RaftServerImpl.java:setRole(184)) - d47c3a04-f2fd-4c6d-9c5b-cf5163b6c213@group-6C293A8FB381: changes role from  FOLLOWER to FOLLOWER at term 17 for recognizeCandidate:9e5dbcb7-9947-4856-b3fd-92d703a68307
2019-10-17 20:50:04,805 [grpc-default-executor-6] INFO  impl.RoleInfo (RoleInfo.java:shutdownFollowerState(121)) - d47c3a04-f2fd-4c6d-9c5b-cf5163b6c213: shutdown FollowerState
2019-10-17 20:50:04,805 [Thread-564] INFO  impl.FollowerState (FollowerState.java:run(117)) - d47c3a04-f2fd-4c6d-9c5b-cf5163b6c213@group-6C293A8FB381-FollowerState was interrupted: java.lang.InterruptedException: sleep interrupted
2019-10-17 20:50:04,805 [grpc-default-executor-6] INFO  impl.RoleInfo (RoleInfo.java:updateAndGet(143)) - d47c3a04-f2fd-4c6d-9c5b-cf5163b6c213: start FollowerState
2019-10-17 20:50:04,835 [9e5dbcb7-9947-4856-b3fd-92d703a68307@group-6C293A8FB381-LeaderElection33] INFO  impl.LeaderElection (LeaderElection.java:logAndReturn(56)) - 9e5dbcb7-9947-4856-b3fd-92d703a68307@group-6C293A8FB381-LeaderElection33: Election REJECTED; received 2 response(s) [9e5dbcb7-9947-4856-b3fd-92d703a68307<-834445fe-d519-4872-b649-1f7fcc1408aa#0:FAIL-t17, 9e5dbcb7-9947-4856-b3fd-92d703a68307<-d47c3a04-f2fd-4c6d-9c5b-cf5163b6c213#0:FAIL-t17] and 0 exception(s); 9e5dbcb7-9947-4856-b3fd-92d703a68307@group-6C293A8FB381:t17, leader=null, voted=9e5dbcb7-9947-4856-b3fd-92d703a68307, raftlog=9e5dbcb7-9947-4856-b3fd-92d703a68307@group-6C293A8FB381-SegmentedRaftLog:OPENED:c-1,f-1,i0, conf=-1: [9e5dbcb7-9947-4856-b3fd-92d703a68307:192.168.164.201:39744, 834445fe-d519-4872-b649-1f7fcc1408aa:192.168.164.201:32919, d47c3a04-f2fd-4c6d-9c5b-cf5163b6c213:192.168.164.201:45277], old=null
2019-10-17 20:50:04,835 [9e5dbcb7-9947-4856-b3fd-92d703a68307@group-6C293A8FB381-LeaderElection33] INFO  impl.RaftServerImpl (RaftServerImpl.java:setRole(184)) - 9e5dbcb7-9947-4856-b3fd-92d703a68307@group-6C293A8FB381: changes role from CANDIDATE to FOLLOWER at term 17 for DISCOVERED_A_NEW_TERM
2019-10-17 20:50:04,835 [9e5dbcb7-9947-4856-b3fd-92d703a68307@group-6C293A8FB381-LeaderElection33] INFO  impl.RoleInfo (RoleInfo.java:shutdownLeaderElection(134)) - 9e5dbcb7-9947-4856-b3fd-92d703a68307: shutdown LeaderElection
2019-10-17 20:50:04,835 [9e5dbcb7-9947-4856-b3fd-92d703a68307@group-6C293A8FB381-LeaderElection33] INFO  impl.RoleInfo (RoleInfo.java:updateAndGet(143)) - 9e5dbcb7-9947-4856-b3fd-92d703a68307: start FollowerState
2019-10-17 20:50:04,936 [Thread-569] INFO  impl.FollowerState (FollowerState.java:run(108)) - 9e5dbcb7-9947-4856-b3fd-92d703a68307@group-6C293A8FB381-FollowerState: change to CANDIDATE, lastRpcTime:100ms, electionTimeout:100ms
2019-10-17 20:50:04,937 [Thread-569] INFO  impl.RoleInfo (RoleInfo.java:shutdownFollowerState(121)) - 9e5dbcb7-9947-4856-b3fd-92d703a68307: shutdown FollowerState
2019-10-17 20:50:04,937 [Thread-569] INFO  impl.RaftServerImpl (RaftServerImpl.java:setRole(184)) - 9e5dbcb7-9947-4856-b3fd-92d703a68307@group-6C293A8FB381: changes role from  FOLLOWER to CANDIDATE at term 17 for changeToCandidate
2019-10-17 20:50:04,938 [Thread-569] INFO  impl.RoleInfo (RoleInfo.java:updateAndGet(143)) - 9e5dbcb7-9947-4856-b3fd-92d703a68307: start LeaderElection
2019-10-17 20:50:04,966 [9e5dbcb7-9947-4856-b3fd-92d703a68307@group-6C293A8FB381-LeaderElection34] INFO  impl.LeaderElection (LeaderElection.java:askForVotes(178)) - 9e5dbcb7-9947-4856-b3fd-92d703a68307@group-6C293A8FB381-LeaderElection34: begin an election at term 18 for -1: [9e5dbcb7-9947-4856-b3fd-92d703a68307:192.168.164.201:39744, 834445fe-d519-4872-b649-1f7fcc1408aa:192.168.164.201:32919, d47c3a04-f2fd-4c6d-9c5b-cf5163b6c213:192.168.164.201:45277], old=null
2019-10-17 20:50:04,968 [grpc-default-executor-6] INFO  impl.RaftServerImpl (RaftServerImpl.java:setRole(184)) - 834445fe-d519-4872-b649-1f7fcc1408aa@group-6C293A8FB381: changes role from  FOLLOWER to FOLLOWER at term 18 for recognizeCandidate:9e5dbcb7-9947-4856-b3fd-92d703a68307
2019-10-17 20:50:04,968 [grpc-default-executor-2] INFO  impl.RaftServerImpl (RaftServerImpl.java:setRole(184)) - d47c3a04-f2fd-4c6d-9c5b-cf5163b6c213@group-6C293A8FB381: changes role from  FOLLOWER to FOLLOWER at term 18 for recognizeCandidate:9e5dbcb7-9947-4856-b3fd-92d703a68307
2019-10-17 20:50:04,968 [grpc-default-executor-6] INFO  impl.RoleInfo (RoleInfo.java:shutdownFollowerState(121)) - 834445fe-d519-4872-b649-1f7fcc1408aa: shutdown FollowerState
2019-10-17 20:50:04,969 [grpc-default-executor-2] INFO  impl.RoleInfo (RoleInfo.java:shutdownFollowerState(121)) - d47c3a04-f2fd-4c6d-9c5b-cf5163b6c213: shutdown FollowerState
2019-10-17 20:50:04,969 [Thread-567] INFO  impl.FollowerState (FollowerState.java:run(117)) - 834445fe-d519-4872-b649-1f7fcc1408aa@group-6C293A8FB381-FollowerState was interrupted: java.lang.InterruptedException: sleep interrupted
2019-10-17 20:50:04,969 [grpc-default-executor-6] INFO  impl.RoleInfo (RoleInfo.java:updateAndGet(143)) - 834445fe-d519-4872-b649-1f7fcc1408aa: start FollowerState
2019-10-17 20:50:04,969 [grpc-default-executor-2] INFO  impl.RoleInfo (RoleInfo.java:updateAndGet(143)) - d47c3a04-f2fd-4c6d-9c5b-cf5163b6c213: start FollowerState
2019-10-17 20:50:04,969 [Thread-568] INFO  impl.FollowerState (FollowerState.java:run(117)) - d47c3a04-f2fd-4c6d-9c5b-cf5163b6c213@group-6C293A8FB381-FollowerState was interrupted: java.lang.InterruptedException: sleep interrupted
2019-10-17 20:50:04,993 [9e5dbcb7-9947-4856-b3fd-92d703a68307@group-6C293A8FB381-LeaderElection34] INFO  impl.LeaderElection (LeaderElection.java:logAndReturn(56)) - 9e5dbcb7-9947-4856-b3fd-92d703a68307@group-6C293A8FB381-LeaderElection34: Election REJECTED; received 2 response(s) [9e5dbcb7-9947-4856-b3fd-92d703a68307<-834445fe-d519-4872-b649-1f7fcc1408aa#0:FAIL-t18, 9e5dbcb7-9947-4856-b3fd-92d703a68307<-d47c3a04-f2fd-4c6d-9c5b-cf5163b6c213#0:FAIL-t18] and 0 exception(s); 9e5dbcb7-9947-4856-b3fd-92d703a68307@group-6C293A8FB381:t18, leader=null, voted=9e5dbcb7-9947-4856-b3fd-92d703a68307, raftlog=9e5dbcb7-9947-4856-b3fd-92d703a68307@group-6C293A8FB381-SegmentedRaftLog:OPENED:c-1,f-1,i0, conf=-1: [9e5dbcb7-9947-4856-b3fd-92d703a68307:192.168.164.201:39744, 834445fe-d519-4872-b649-1f7fcc1408aa:192.168.164.201:32919, d47c3a04-f2fd-4c6d-9c5b-cf5163b6c213:192.168.164.201:45277], old=null
2019-10-17 20:50:04,993 [9e5dbcb7-9947-4856-b3fd-92d703a68307@group-6C293A8FB381-LeaderElection34] INFO  impl.RaftServerImpl (RaftServerImpl.java:setRole(184)) - 9e5dbcb7-9947-4856-b3fd-92d703a68307@group-6C293A8FB381: changes role from CANDIDATE to FOLLOWER at term 18 for DISCOVERED_A_NEW_TERM
2019-10-17 20:50:04,993 [9e5dbcb7-9947-4856-b3fd-92d703a68307@group-6C293A8FB381-LeaderElection34] INFO  impl.RoleInfo (RoleInfo.java:shutdownLeaderElection(134)) - 9e5dbcb7-9947-4856-b3fd-92d703a68307: shutdown LeaderElection
2019-10-17 20:50:04,993 [9e5dbcb7-9947-4856-b3fd-92d703a68307@group-6C293A8FB381-LeaderElection34] INFO  impl.RoleInfo (RoleInfo.java:updateAndGet(143)) - 9e5dbcb7-9947-4856-b3fd-92d703a68307: start FollowerState
2019-10-17 20:50:05,106 [Thread-575] INFO  impl.FollowerState (FollowerState.java:run(108)) - 9e5dbcb7-9947-4856-b3fd-92d703a68307@group-6C293A8FB381-FollowerState: change to CANDIDATE, lastRpcTime:112ms, electionTimeout:112ms
2019-10-17 20:50:05,107 [Thread-575] INFO  impl.RoleInfo (RoleInfo.java:shutdownFollowerState(121)) - 9e5dbcb7-9947-4856-b3fd-92d703a68307: shutdown FollowerState
2019-10-17 20:50:05,107 [Thread-575] INFO  impl.RaftServerImpl (RaftServerImpl.java:setRole(184)) - 9e5dbcb7-9947-4856-b3fd-92d703a68307@group-6C293A8FB381: changes role from  FOLLOWER to CANDIDATE at term 18 for changeToCandidate
2019-10-17 20:50:05,107 [Thread-575] INFO  impl.RoleInfo (RoleInfo.java:updateAndGet(143)) - 9e5dbcb7-9947-4856-b3fd-92d703a68307: start LeaderElection
2019-10-17 20:50:05,133 [9e5dbcb7-9947-4856-b3fd-92d703a68307@group-6C293A8FB381-LeaderElection35] INFO  impl.LeaderElection (LeaderElection.java:askForVotes(178)) - 9e5dbcb7-9947-4856-b3fd-92d703a68307@group-6C293A8FB381-LeaderElection35: begin an election at term 19 for -1: [9e5dbcb7-9947-4856-b3fd-92d703a68307:192.168.164.201:39744, 834445fe-d519-4872-b649-1f7fcc1408aa:192.168.164.201:32919, d47c3a04-f2fd-4c6d-9c5b-cf5163b6c213:192.168.164.201:45277], old=null
2019-10-17 20:50:05,137 [grpc-default-executor-2] INFO  impl.RaftServerImpl (RaftServerImpl.java:setRole(184)) - 834445fe-d519-4872-b649-1f7fcc1408aa@group-6C293A8FB381: changes role from  FOLLOWER to FOLLOWER at term 19 for recognizeCandidate:9e5dbcb7-9947-4856-b3fd-92d703a68307
2019-10-17 20:50:05,137 [grpc-default-executor-2] INFO  impl.RoleInfo (RoleInfo.java:shutdownFollowerState(121)) - 834445fe-d519-4872-b649-1f7fcc1408aa: shutdown FollowerState
2019-10-17 20:50:05,138 [grpc-default-executor-2] INFO  impl.RoleInfo (RoleInfo.java:updateAndGet(143)) - 834445fe-d519-4872-b649-1f7fcc1408aa: start FollowerState
2019-10-17 20:50:05,138 [Thread-573] INFO  impl.FollowerState (FollowerState.java:run(117)) - 834445fe-d519-4872-b649-1f7fcc1408aa@group-6C293A8FB381-FollowerState was interrupted: java.lang.InterruptedException: sleep interrupted
2019-10-17 20:50:05,138 [grpc-default-executor-6] INFO  impl.RaftServerImpl (RaftServerImpl.java:setRole(184)) - d47c3a04-f2fd-4c6d-9c5b-cf5163b6c213@group-6C293A8FB381: changes role from  FOLLOWER to FOLLOWER at term 19 for recognizeCandidate:9e5dbcb7-9947-4856-b3fd-92d703a68307
2019-10-17 20:50:05,138 [grpc-default-executor-6] INFO  impl.RoleInfo (RoleInfo.java:shutdownFollowerState(121)) - d47c3a04-f2fd-4c6d-9c5b-cf5163b6c213: shutdown FollowerState
2019-10-17 20:50:05,138 [grpc-default-executor-6] INFO  impl.RoleInfo (RoleInfo.java:updateAndGet(143)) - d47c3a04-f2fd-4c6d-9c5b-cf5163b6c213: start FollowerState
2019-10-17 20:50:05,138 [Thread-574] INFO  impl.FollowerState (FollowerState.java:run(117)) - d47c3a04-f2fd-4c6d-9c5b-cf5163b6c213@group-6C293A8FB381-FollowerState was interrupted: java.lang.InterruptedException: sleep interrupted
2019-10-17 20:50:05,170 [9e5dbcb7-9947-4856-b3fd-92d703a68307@group-6C293A8FB381-LeaderElection35] INFO  impl.LeaderElection (LeaderElection.java:logAndReturn(56)) - 9e5dbcb7-9947-4856-b3fd-92d703a68307@group-6C293A8FB381-LeaderElection35: Election REJECTED; received 2 response(s) [9e5dbcb7-9947-4856-b3fd-92d703a68307<-834445fe-d519-4872-b649-1f7fcc1408aa#0:FAIL-t19, 9e5dbcb7-9947-4856-b3fd-92d703a68307<-d47c3a04-f2fd-4c6d-9c5b-cf5163b6c213#0:FAIL-t19] and 0 exception(s); 9e5dbcb7-9947-4856-b3fd-92d703a68307@group-6C293A8FB381:t19, leader=null, voted=9e5dbcb7-9947-4856-b3fd-92d703a68307, raftlog=9e5dbcb7-9947-4856-b3fd-92d703a68307@group-6C293A8FB381-SegmentedRaftLog:OPENED:c-1,f-1,i0, conf=-1: [9e5dbcb7-9947-4856-b3fd-92d703a68307:192.168.164.201:39744, 834445fe-d519-4872-b649-1f7fcc1408aa:192.168.164.201:32919, d47c3a04-f2fd-4c6d-9c5b-cf5163b6c213:192.168.164.201:45277], old=null
2019-10-17 20:50:05,170 [9e5dbcb7-9947-4856-b3fd-92d703a68307@group-6C293A8FB381-LeaderElection35] INFO  impl.RaftServerImpl (RaftServerImpl.java:setRole(184)) - 9e5dbcb7-9947-4856-b3fd-92d703a68307@group-6C293A8FB381: changes role from CANDIDATE to FOLLOWER at term 19 for DISCOVERED_A_NEW_TERM
2019-10-17 20:50:05,170 [9e5dbcb7-9947-4856-b3fd-92d703a68307@group-6C293A8FB381-LeaderElection35] INFO  impl.RoleInfo (RoleInfo.java:shutdownLeaderElection(134)) - 9e5dbcb7-9947-4856-b3fd-92d703a68307: shutdown LeaderElection
2019-10-17 20:50:05,170 [9e5dbcb7-9947-4856-b3fd-92d703a68307@group-6C293A8FB381-LeaderElection35] INFO  impl.RoleInfo (RoleInfo.java:updateAndGet(143)) - 9e5dbcb7-9947-4856-b3fd-92d703a68307: start FollowerState
2019-10-17 20:50:05,336 [Thread-581] INFO  impl.FollowerState (FollowerState.java:run(108)) - 9e5dbcb7-9947-4856-b3fd-92d703a68307@group-6C293A8FB381-FollowerState: change to CANDIDATE, lastRpcTime:165ms, electionTimeout:165ms
2019-10-17 20:50:05,339 [Thread-581] INFO  impl.RoleInfo (RoleInfo.java:shutdownFollowerState(121)) - 9e5dbcb7-9947-4856-b3fd-92d703a68307: shutdown FollowerState
2019-10-17 20:50:05,339 [Thread-581] INFO  impl.RaftServerImpl (RaftServerImpl.java:setRole(184)) - 9e5dbcb7-9947-4856-b3fd-92d703a68307@group-6C293A8FB381: changes role from  FOLLOWER to CANDIDATE at term 19 for changeToCandidate
2019-10-17 20:50:05,340 [Thread-581] INFO  impl.RoleInfo (RoleInfo.java:updateAndGet(143)) - 9e5dbcb7-9947-4856-b3fd-92d703a68307: start LeaderElection
2019-10-17 20:50:05,368 [9e5dbcb7-9947-4856-b3fd-92d703a68307@group-6C293A8FB381-LeaderElection36] INFO  impl.LeaderElection (LeaderElection.java:askForVotes(178)) - 9e5dbcb7-9947-4856-b3fd-92d703a68307@group-6C293A8FB381-LeaderElection36: begin an election at term 20 for -1: [9e5dbcb7-9947-4856-b3fd-92d703a68307:192.168.164.201:39744, 834445fe-d519-4872-b649-1f7fcc1408aa:192.168.164.201:32919, d47c3a04-f2fd-4c6d-9c5b-cf5163b6c213:192.168.164.201:45277], old=null
2019-10-17 20:50:05,371 [grpc-default-executor-6] INFO  impl.RaftServerImpl (RaftServerImpl.java:setRole(184)) - 834445fe-d519-4872-b649-1f7fcc1408aa@group-6C293A8FB381: changes role from  FOLLOWER to FOLLOWER at term 20 for recognizeCandidate:9e5dbcb7-9947-4856-b3fd-92d703a68307
2019-10-17 20:50:05,372 [grpc-default-executor-2] INFO  impl.RaftServerImpl (RaftServerImpl.java:setRole(184)) - d47c3a04-f2fd-4c6d-9c5b-cf5163b6c213@group-6C293A8FB381: changes role from  FOLLOWER to FOLLOWER at term 20 for recognizeCandidate:9e5dbcb7-9947-4856-b3fd-92d703a68307
2019-10-17 20:50:05,372 [grpc-default-executor-6] INFO  impl.RoleInfo (RoleInfo.java:shutdownFollowerState(121)) - 834445fe-d519-4872-b649-1f7fcc1408aa: shutdown FollowerState
2019-10-17 20:50:05,372 [grpc-default-executor-2] INFO  impl.RoleInfo (RoleInfo.java:shutdownFollowerState(121)) - d47c3a04-f2fd-4c6d-9c5b-cf5163b6c213: shutdown FollowerState
2019-10-17 20:50:05,372 [grpc-default-executor-6] INFO  impl.RoleInfo (RoleInfo.java:updateAndGet(143)) - 834445fe-d519-4872-b649-1f7fcc1408aa: start FollowerState
2019-10-17 20:50:05,372 [Thread-579] INFO  impl.FollowerState (FollowerState.java:run(117)) - 834445fe-d519-4872-b649-1f7fcc1408aa@group-6C293A8FB381-FollowerState was interrupted: java.lang.InterruptedException: sleep interrupted
2019-10-17 20:50:05,372 [Thread-580] INFO  impl.FollowerState (FollowerState.java:run(117)) - d47c3a04-f2fd-4c6d-9c5b-cf5163b6c213@group-6C293A8FB381-FollowerState was interrupted: java.lang.InterruptedException: sleep interrupted
2019-10-17 20:50:05,372 [grpc-default-executor-2] INFO  impl.RoleInfo (RoleInfo.java:updateAndGet(143)) - d47c3a04-f2fd-4c6d-9c5b-cf5163b6c213: start FollowerState
2019-10-17 20:50:05,403 [9e5dbcb7-9947-4856-b3fd-92d703a68307@group-6C293A8FB381-LeaderElection36] INFO  impl.LeaderElection (LeaderElection.java:logAndReturn(56)) - 9e5dbcb7-9947-4856-b3fd-92d703a68307@group-6C293A8FB381-LeaderElection36: Election REJECTED; received 2 response(s) [9e5dbcb7-9947-4856-b3fd-92d703a68307<-834445fe-d519-4872-b649-1f7fcc1408aa#0:FAIL-t20, 9e5dbcb7-9947-4856-b3fd-92d703a68307<-d47c3a04-f2fd-4c6d-9c5b-cf5163b6c213#0:FAIL-t20] and 0 exception(s); 9e5dbcb7-9947-4856-b3fd-92d703a68307@group-6C293A8FB381:t20, leader=null, voted=9e5dbcb7-9947-4856-b3fd-92d703a68307, raftlog=9e5dbcb7-9947-4856-b3fd-92d703a68307@group-6C293A8FB381-SegmentedRaftLog:OPENED:c-1,f-1,i0, conf=-1: [9e5dbcb7-9947-4856-b3fd-92d703a68307:192.168.164.201:39744, 834445fe-d519-4872-b649-1f7fcc1408aa:192.168.164.201:32919, d47c3a04-f2fd-4c6d-9c5b-cf5163b6c213:192.168.164.201:45277], old=null
2019-10-17 20:50:05,403 [9e5dbcb7-9947-4856-b3fd-92d703a68307@group-6C293A8FB381-LeaderElection36] INFO  impl.RaftServerImpl (RaftServerImpl.java:setRole(184)) - 9e5dbcb7-9947-4856-b3fd-92d703a68307@group-6C293A8FB381: changes role from CANDIDATE to FOLLOWER at term 20 for DISCOVERED_A_NEW_TERM
2019-10-17 20:50:05,403 [9e5dbcb7-9947-4856-b3fd-92d703a68307@group-6C293A8FB381-LeaderElection36] INFO  impl.RoleInfo (RoleInfo.java:shutdownLeaderElection(134)) - 9e5dbcb7-9947-4856-b3fd-92d703a68307: shutdown LeaderElection
2019-10-17 20:50:05,404 [9e5dbcb7-9947-4856-b3fd-92d703a68307@group-6C293A8FB381-LeaderElection36] INFO  impl.RoleInfo (RoleInfo.java:updateAndGet(143)) - 9e5dbcb7-9947-4856-b3fd-92d703a68307: start FollowerState
 100.00% |?????????????????????????????????????????????????????????????????????????????????????????????????????|  1/1 Time: 0:01:10
2019-10-17 20:50:05,469 [Thread-587] INFO  impl.FollowerState (FollowerState.java:run(108)) - 9e5dbcb7-9947-4856-b3fd-92d703a68307@group-6C293A8FB381-FollowerState: change to CANDIDATE, lastRpcTime:65ms, electionTimeout:65ms
2019-10-17 20:50:05,471 [Thread-587] INFO  impl.RoleInfo (RoleInfo.java:shutdownFollowerState(121)) - 9e5dbcb7-9947-4856-b3fd-92d703a68307: shutdown FollowerState
2019-10-17 20:50:05,472 [Thread-587] INFO  impl.RaftServerImpl (RaftServerImpl.java:setRole(184)) - 9e5dbcb7-9947-4856-b3fd-92d703a68307@group-6C293A8FB381: changes role from  FOLLOWER to CANDIDATE at term 20 for changeToCandidate
2019-10-17 20:50:05,472 [Thread-587] INFO  impl.RoleInfo (RoleInfo.java:updateAndGet(143)) - 9e5dbcb7-9947-4856-b3fd-92d703a68307: start LeaderElection
]]></system-out>
  </testcase>
  <testcase name="standaloneTestLargeKey" classname="org.apache.hadoop.ozone.freon.TestDataValidateWithDummyContainers" time="6.029">
    <error message="Allocated 0 blocks. Requested 5 blocks" type="INTERNAL_ERROR org.apache.hadoop.ozone.om.exceptions.OMException">INTERNAL_ERROR org.apache.hadoop.ozone.om.exceptions.OMException: Allocated 0 blocks. Requested 5 blocks
	at org.apache.hadoop.ozone.om.protocolPB.OzoneManagerProtocolClientSideTranslatorPB.handleError(OzoneManagerProtocolClientSideTranslatorPB.java:732)
	at org.apache.hadoop.ozone.om.protocolPB.OzoneManagerProtocolClientSideTranslatorPB.openKey(OzoneManagerProtocolClientSideTranslatorPB.java:723)
	at sun.reflect.NativeMethodAccessorImpl.invoke0(Native Method)
	at sun.reflect.NativeMethodAccessorImpl.invoke(NativeMethodAccessorImpl.java:62)
	at sun.reflect.DelegatingMethodAccessorImpl.invoke(DelegatingMethodAccessorImpl.java:43)
	at java.lang.reflect.Method.invoke(Method.java:498)
	at org.apache.hadoop.hdds.tracing.TraceAllMethod.invoke(TraceAllMethod.java:66)
	at com.sun.proxy.$Proxy37.openKey(Unknown Source)
	at org.apache.hadoop.ozone.client.rpc.RpcClient.createKey(RpcClient.java:614)
	at org.apache.hadoop.ozone.client.OzoneBucket.createKey(OzoneBucket.java:325)
	at org.apache.hadoop.ozone.freon.RandomKeyGenerator.createKey(RandomKeyGenerator.java:695)
	at org.apache.hadoop.ozone.freon.RandomKeyGenerator.access$1100(RandomKeyGenerator.java:88)
	at org.apache.hadoop.ozone.freon.RandomKeyGenerator$ObjectCreator.run(RandomKeyGenerator.java:615)
	at java.util.concurrent.Executors$RunnableAdapter.call(Executors.java:511)
	at java.util.concurrent.FutureTask.run(FutureTask.java:266)
	at java.util.concurrent.ThreadPoolExecutor.runWorker(ThreadPoolExecutor.java:1149)
	at java.util.concurrent.ThreadPoolExecutor$Worker.run(ThreadPoolExecutor.java:624)
	at java.lang.Thread.run(Thread.java:748)
</error>
    <system-out><![CDATA[2019-10-17 20:50:05,499 [main] INFO  freon.RandomKeyGenerator (RandomKeyGenerator.java:call(258)) - Override validateWrites to false, because hdds.container.chunk.persistdata is set to false.
2019-10-17 20:50:05,502 [9e5dbcb7-9947-4856-b3fd-92d703a68307@group-6C293A8FB381-LeaderElection37] INFO  impl.LeaderElection (LeaderElection.java:askForVotes(178)) - 9e5dbcb7-9947-4856-b3fd-92d703a68307@group-6C293A8FB381-LeaderElection37: begin an election at term 21 for -1: [9e5dbcb7-9947-4856-b3fd-92d703a68307:192.168.164.201:39744, 834445fe-d519-4872-b649-1f7fcc1408aa:192.168.164.201:32919, d47c3a04-f2fd-4c6d-9c5b-cf5163b6c213:192.168.164.201:45277], old=null
2019-10-17 20:50:05,506 [grpc-default-executor-2] INFO  impl.RaftServerImpl (RaftServerImpl.java:setRole(184)) - 834445fe-d519-4872-b649-1f7fcc1408aa@group-6C293A8FB381: changes role from  FOLLOWER to FOLLOWER at term 21 for recognizeCandidate:9e5dbcb7-9947-4856-b3fd-92d703a68307
2019-10-17 20:50:05,506 [grpc-default-executor-2] INFO  impl.RoleInfo (RoleInfo.java:shutdownFollowerState(121)) - 834445fe-d519-4872-b649-1f7fcc1408aa: shutdown FollowerState
2019-10-17 20:50:05,506 [grpc-default-executor-6] INFO  impl.RaftServerImpl (RaftServerImpl.java:setRole(184)) - d47c3a04-f2fd-4c6d-9c5b-cf5163b6c213@group-6C293A8FB381: changes role from  FOLLOWER to FOLLOWER at term 21 for recognizeCandidate:9e5dbcb7-9947-4856-b3fd-92d703a68307
2019-10-17 20:50:05,506 [grpc-default-executor-2] INFO  impl.RoleInfo (RoleInfo.java:updateAndGet(143)) - 834445fe-d519-4872-b649-1f7fcc1408aa: start FollowerState
2019-10-17 20:50:05,506 [Thread-585] INFO  impl.FollowerState (FollowerState.java:run(117)) - 834445fe-d519-4872-b649-1f7fcc1408aa@group-6C293A8FB381-FollowerState was interrupted: java.lang.InterruptedException: sleep interrupted
2019-10-17 20:50:05,506 [grpc-default-executor-6] INFO  impl.RoleInfo (RoleInfo.java:shutdownFollowerState(121)) - d47c3a04-f2fd-4c6d-9c5b-cf5163b6c213: shutdown FollowerState
2019-10-17 20:50:05,507 [Thread-586] INFO  impl.FollowerState (FollowerState.java:run(117)) - d47c3a04-f2fd-4c6d-9c5b-cf5163b6c213@group-6C293A8FB381-FollowerState was interrupted: java.lang.InterruptedException: sleep interrupted
2019-10-17 20:50:05,507 [grpc-default-executor-6] INFO  impl.RoleInfo (RoleInfo.java:updateAndGet(143)) - d47c3a04-f2fd-4c6d-9c5b-cf5163b6c213: start FollowerState
2019-10-17 20:50:05,520 [9e5dbcb7-9947-4856-b3fd-92d703a68307@group-6C293A8FB381-LeaderElection37] INFO  impl.LeaderElection (LeaderElection.java:logAndReturn(56)) - 9e5dbcb7-9947-4856-b3fd-92d703a68307@group-6C293A8FB381-LeaderElection37: Election TIMEOUT; received 0 response(s) [] and 0 exception(s); 9e5dbcb7-9947-4856-b3fd-92d703a68307@group-6C293A8FB381:t21, leader=null, voted=9e5dbcb7-9947-4856-b3fd-92d703a68307, raftlog=9e5dbcb7-9947-4856-b3fd-92d703a68307@group-6C293A8FB381-SegmentedRaftLog:OPENED:c-1,f-1,i0, conf=-1: [9e5dbcb7-9947-4856-b3fd-92d703a68307:192.168.164.201:39744, 834445fe-d519-4872-b649-1f7fcc1408aa:192.168.164.201:32919, d47c3a04-f2fd-4c6d-9c5b-cf5163b6c213:192.168.164.201:45277], old=null
2019-10-17 20:50:05,522 [main] INFO  freon.RandomKeyGenerator (RandomKeyGenerator.java:call(283)) - Number of Threads: 10
2019-10-17 20:50:05,522 [main] INFO  freon.RandomKeyGenerator (RandomKeyGenerator.java:call(288)) - Number of Volumes: 1.
2019-10-17 20:50:05,522 [main] INFO  freon.RandomKeyGenerator (RandomKeyGenerator.java:call(289)) - Number of Buckets per Volume: 1.
2019-10-17 20:50:05,523 [main] INFO  freon.RandomKeyGenerator (RandomKeyGenerator.java:call(290)) - Number of Keys per Bucket: 1.
2019-10-17 20:50:05,523 [main] INFO  freon.RandomKeyGenerator (RandomKeyGenerator.java:call(291)) - Key size: 20971520 bytes
2019-10-17 20:50:05,523 [main] INFO  freon.RandomKeyGenerator (RandomKeyGenerator.java:call(292)) - Buffer size: 4096 bytes
2019-10-17 20:50:05,523 [main] INFO  freon.RandomKeyGenerator (RandomKeyGenerator.java:call(293)) - validateWrites : false
2019-10-17 20:50:05,524 [main] INFO  freon.RandomKeyGenerator (RandomKeyGenerator.java:call(313)) - Starting progress bar Thread.

 0.00% |?                                                                                                    |  0/1 Time: 0:00:002019-10-17 20:50:05,525 [pool-75-thread-1] INFO  rpc.RpcClient (RpcClient.java:createVolume(272)) - Creating Volume: vol-0-64312, with jenkins1000 as owner.
2019-10-17 20:50:05,531 [IPC Server handler 19 on 43199] INFO  volume.OMVolumeCreateRequest (OMVolumeCreateRequest.java:validateAndUpdateCache(193)) - created volume:vol-0-64312 for user:jenkins1000
2019-10-17 20:50:05,544 [pool-75-thread-2] INFO  rpc.RpcClient (RpcClient.java:createBucket(411)) - Creating Bucket: vol-0-64312/bucket-0-08448, with Versioning false and Storage Type set to DISK and Encryption set to false 
2019-10-17 20:50:05,554 [9e5dbcb7-9947-4856-b3fd-92d703a68307@group-6C293A8FB381-LeaderElection37] INFO  impl.LeaderElection (LeaderElection.java:askForVotes(178)) - 9e5dbcb7-9947-4856-b3fd-92d703a68307@group-6C293A8FB381-LeaderElection37: begin an election at term 22 for -1: [9e5dbcb7-9947-4856-b3fd-92d703a68307:192.168.164.201:39744, 834445fe-d519-4872-b649-1f7fcc1408aa:192.168.164.201:32919, d47c3a04-f2fd-4c6d-9c5b-cf5163b6c213:192.168.164.201:45277], old=null
2019-10-17 20:50:05,557 [grpc-default-executor-6] INFO  impl.RaftServerImpl (RaftServerImpl.java:setRole(184)) - 834445fe-d519-4872-b649-1f7fcc1408aa@group-6C293A8FB381: changes role from  FOLLOWER to FOLLOWER at term 22 for recognizeCandidate:9e5dbcb7-9947-4856-b3fd-92d703a68307
2019-10-17 20:50:05,557 [grpc-default-executor-6] INFO  impl.RoleInfo (RoleInfo.java:shutdownFollowerState(121)) - 834445fe-d519-4872-b649-1f7fcc1408aa: shutdown FollowerState
2019-10-17 20:50:05,557 [grpc-default-executor-2] INFO  impl.RaftServerImpl (RaftServerImpl.java:setRole(184)) - d47c3a04-f2fd-4c6d-9c5b-cf5163b6c213@group-6C293A8FB381: changes role from  FOLLOWER to FOLLOWER at term 22 for recognizeCandidate:9e5dbcb7-9947-4856-b3fd-92d703a68307
2019-10-17 20:50:05,557 [grpc-default-executor-2] INFO  impl.RoleInfo (RoleInfo.java:shutdownFollowerState(121)) - d47c3a04-f2fd-4c6d-9c5b-cf5163b6c213: shutdown FollowerState
2019-10-17 20:50:05,557 [grpc-default-executor-6] INFO  impl.RoleInfo (RoleInfo.java:updateAndGet(143)) - 834445fe-d519-4872-b649-1f7fcc1408aa: start FollowerState
2019-10-17 20:50:05,557 [Thread-591] INFO  impl.FollowerState (FollowerState.java:run(117)) - 834445fe-d519-4872-b649-1f7fcc1408aa@group-6C293A8FB381-FollowerState was interrupted: java.lang.InterruptedException: sleep interrupted
2019-10-17 20:50:05,557 [grpc-default-executor-2] INFO  impl.RoleInfo (RoleInfo.java:updateAndGet(143)) - d47c3a04-f2fd-4c6d-9c5b-cf5163b6c213: start FollowerState
2019-10-17 20:50:05,557 [Thread-592] INFO  impl.FollowerState (FollowerState.java:run(117)) - d47c3a04-f2fd-4c6d-9c5b-cf5163b6c213@group-6C293A8FB381-FollowerState was interrupted: java.lang.InterruptedException: sleep interrupted
2019-10-17 20:50:05,558 [IPC Server handler 0 on 34359] WARN  block.BlockManagerImpl (BlockManagerImpl.java:allocateBlock(200)) - Pipeline creation failed for type:RATIS factor:THREE. Retrying get pipelines call once.
org.apache.hadoop.hdds.scm.pipeline.InsufficientDatanodesException: Cannot create pipeline of factor 3 using 2 nodes.
	at org.apache.hadoop.hdds.scm.pipeline.RatisPipelineProvider.create(RatisPipelineProvider.java:153)
	at org.apache.hadoop.hdds.scm.pipeline.PipelineFactory.create(PipelineFactory.java:58)
	at org.apache.hadoop.hdds.scm.pipeline.SCMPipelineManager.createPipeline(SCMPipelineManager.java:155)
	at org.apache.hadoop.hdds.scm.block.BlockManagerImpl.allocateBlock(BlockManagerImpl.java:198)
	at org.apache.hadoop.hdds.scm.server.SCMBlockProtocolServer.allocateBlock(SCMBlockProtocolServer.java:182)
	at org.apache.hadoop.hdds.scm.protocol.ScmBlockLocationProtocolServerSideTranslatorPB.allocateScmBlock(ScmBlockLocationProtocolServerSideTranslatorPB.java:159)
	at org.apache.hadoop.hdds.scm.protocol.ScmBlockLocationProtocolServerSideTranslatorPB.processMessage(ScmBlockLocationProtocolServerSideTranslatorPB.java:117)
	at org.apache.hadoop.hdds.server.OzoneProtocolMessageDispatcher.processRequest(OzoneProtocolMessageDispatcher.java:72)
	at org.apache.hadoop.hdds.scm.protocol.ScmBlockLocationProtocolServerSideTranslatorPB.send(ScmBlockLocationProtocolServerSideTranslatorPB.java:98)
	at org.apache.hadoop.hdds.protocol.proto.ScmBlockLocationProtocolProtos$ScmBlockLocationProtocolService$2.callBlockingMethod(ScmBlockLocationProtocolProtos.java:13157)
	at org.apache.hadoop.ipc.ProtobufRpcEngine$Server$ProtoBufRpcInvoker.call(ProtobufRpcEngine.java:524)
	at org.apache.hadoop.ipc.RPC$Server.call(RPC.java:1025)
	at org.apache.hadoop.ipc.Server$RpcCall.run(Server.java:876)
	at org.apache.hadoop.ipc.Server$RpcCall.run(Server.java:822)
	at java.security.AccessController.doPrivileged(Native Method)
	at javax.security.auth.Subject.doAs(Subject.java:422)
	at org.apache.hadoop.security.UserGroupInformation.doAs(UserGroupInformation.java:1730)
	at org.apache.hadoop.ipc.Server$Handler.run(Server.java:2682)
2019-10-17 20:50:05,559 [IPC Server handler 0 on 34359] INFO  block.BlockManagerImpl (BlockManagerImpl.java:allocateBlock(212)) - Could not find available pipeline of type:RATIS and factor:THREE even after retrying
2019-10-17 20:50:05,560 [IPC Server handler 0 on 34359] ERROR block.BlockManagerImpl (BlockManagerImpl.java:allocateBlock(236)) - Unable to allocate a block for the size: 4194304, type: RATIS, factor: THREE
2019-10-17 20:50:05,561 [IPC Server handler 0 on 34359] WARN  block.BlockManagerImpl (BlockManagerImpl.java:allocateBlock(200)) - Pipeline creation failed for type:RATIS factor:THREE. Retrying get pipelines call once.
org.apache.hadoop.hdds.scm.pipeline.InsufficientDatanodesException: Cannot create pipeline of factor 3 using 2 nodes.
	at org.apache.hadoop.hdds.scm.pipeline.RatisPipelineProvider.create(RatisPipelineProvider.java:153)
	at org.apache.hadoop.hdds.scm.pipeline.PipelineFactory.create(PipelineFactory.java:58)
	at org.apache.hadoop.hdds.scm.pipeline.SCMPipelineManager.createPipeline(SCMPipelineManager.java:155)
	at org.apache.hadoop.hdds.scm.block.BlockManagerImpl.allocateBlock(BlockManagerImpl.java:198)
	at org.apache.hadoop.hdds.scm.server.SCMBlockProtocolServer.allocateBlock(SCMBlockProtocolServer.java:182)
	at org.apache.hadoop.hdds.scm.protocol.ScmBlockLocationProtocolServerSideTranslatorPB.allocateScmBlock(ScmBlockLocationProtocolServerSideTranslatorPB.java:159)
	at org.apache.hadoop.hdds.scm.protocol.ScmBlockLocationProtocolServerSideTranslatorPB.processMessage(ScmBlockLocationProtocolServerSideTranslatorPB.java:117)
	at org.apache.hadoop.hdds.server.OzoneProtocolMessageDispatcher.processRequest(OzoneProtocolMessageDispatcher.java:72)
	at org.apache.hadoop.hdds.scm.protocol.ScmBlockLocationProtocolServerSideTranslatorPB.send(ScmBlockLocationProtocolServerSideTranslatorPB.java:98)
	at org.apache.hadoop.hdds.protocol.proto.ScmBlockLocationProtocolProtos$ScmBlockLocationProtocolService$2.callBlockingMethod(ScmBlockLocationProtocolProtos.java:13157)
	at org.apache.hadoop.ipc.ProtobufRpcEngine$Server$ProtoBufRpcInvoker.call(ProtobufRpcEngine.java:524)
	at org.apache.hadoop.ipc.RPC$Server.call(RPC.java:1025)
	at org.apache.hadoop.ipc.Server$RpcCall.run(Server.java:876)
	at org.apache.hadoop.ipc.Server$RpcCall.run(Server.java:822)
	at java.security.AccessController.doPrivileged(Native Method)
	at javax.security.auth.Subject.doAs(Subject.java:422)
	at org.apache.hadoop.security.UserGroupInformation.doAs(UserGroupInformation.java:1730)
	at org.apache.hadoop.ipc.Server$Handler.run(Server.java:2682)
2019-10-17 20:50:05,562 [IPC Server handler 0 on 34359] INFO  block.BlockManagerImpl (BlockManagerImpl.java:allocateBlock(212)) - Could not find available pipeline of type:RATIS and factor:THREE even after retrying
2019-10-17 20:50:05,562 [IPC Server handler 0 on 34359] ERROR block.BlockManagerImpl (BlockManagerImpl.java:allocateBlock(236)) - Unable to allocate a block for the size: 4194304, type: RATIS, factor: THREE
2019-10-17 20:50:05,565 [IPC Server handler 0 on 34359] WARN  block.BlockManagerImpl (BlockManagerImpl.java:allocateBlock(200)) - Pipeline creation failed for type:RATIS factor:THREE. Retrying get pipelines call once.
org.apache.hadoop.hdds.scm.pipeline.InsufficientDatanodesException: Cannot create pipeline of factor 3 using 2 nodes.
	at org.apache.hadoop.hdds.scm.pipeline.RatisPipelineProvider.create(RatisPipelineProvider.java:153)
	at org.apache.hadoop.hdds.scm.pipeline.PipelineFactory.create(PipelineFactory.java:58)
	at org.apache.hadoop.hdds.scm.pipeline.SCMPipelineManager.createPipeline(SCMPipelineManager.java:155)
	at org.apache.hadoop.hdds.scm.block.BlockManagerImpl.allocateBlock(BlockManagerImpl.java:198)
	at org.apache.hadoop.hdds.scm.server.SCMBlockProtocolServer.allocateBlock(SCMBlockProtocolServer.java:182)
	at org.apache.hadoop.hdds.scm.protocol.ScmBlockLocationProtocolServerSideTranslatorPB.allocateScmBlock(ScmBlockLocationProtocolServerSideTranslatorPB.java:159)
	at org.apache.hadoop.hdds.scm.protocol.ScmBlockLocationProtocolServerSideTranslatorPB.processMessage(ScmBlockLocationProtocolServerSideTranslatorPB.java:117)
	at org.apache.hadoop.hdds.server.OzoneProtocolMessageDispatcher.processRequest(OzoneProtocolMessageDispatcher.java:72)
	at org.apache.hadoop.hdds.scm.protocol.ScmBlockLocationProtocolServerSideTranslatorPB.send(ScmBlockLocationProtocolServerSideTranslatorPB.java:98)
	at org.apache.hadoop.hdds.protocol.proto.ScmBlockLocationProtocolProtos$ScmBlockLocationProtocolService$2.callBlockingMethod(ScmBlockLocationProtocolProtos.java:13157)
	at org.apache.hadoop.ipc.ProtobufRpcEngine$Server$ProtoBufRpcInvoker.call(ProtobufRpcEngine.java:524)
	at org.apache.hadoop.ipc.RPC$Server.call(RPC.java:1025)
	at org.apache.hadoop.ipc.Server$RpcCall.run(Server.java:876)
	at org.apache.hadoop.ipc.Server$RpcCall.run(Server.java:822)
	at java.security.AccessController.doPrivileged(Native Method)
	at javax.security.auth.Subject.doAs(Subject.java:422)
	at org.apache.hadoop.security.UserGroupInformation.doAs(UserGroupInformation.java:1730)
	at org.apache.hadoop.ipc.Server$Handler.run(Server.java:2682)
2019-10-17 20:50:05,565 [IPC Server handler 0 on 34359] INFO  block.BlockManagerImpl (BlockManagerImpl.java:allocateBlock(212)) - Could not find available pipeline of type:RATIS and factor:THREE even after retrying
2019-10-17 20:50:05,565 [IPC Server handler 0 on 34359] ERROR block.BlockManagerImpl (BlockManagerImpl.java:allocateBlock(236)) - Unable to allocate a block for the size: 4194304, type: RATIS, factor: THREE
2019-10-17 20:50:05,568 [IPC Server handler 0 on 34359] WARN  block.BlockManagerImpl (BlockManagerImpl.java:allocateBlock(200)) - Pipeline creation failed for type:RATIS factor:THREE. Retrying get pipelines call once.
org.apache.hadoop.hdds.scm.pipeline.InsufficientDatanodesException: Cannot create pipeline of factor 3 using 2 nodes.
	at org.apache.hadoop.hdds.scm.pipeline.RatisPipelineProvider.create(RatisPipelineProvider.java:153)
	at org.apache.hadoop.hdds.scm.pipeline.PipelineFactory.create(PipelineFactory.java:58)
	at org.apache.hadoop.hdds.scm.pipeline.SCMPipelineManager.createPipeline(SCMPipelineManager.java:155)
	at org.apache.hadoop.hdds.scm.block.BlockManagerImpl.allocateBlock(BlockManagerImpl.java:198)
	at org.apache.hadoop.hdds.scm.server.SCMBlockProtocolServer.allocateBlock(SCMBlockProtocolServer.java:182)
	at org.apache.hadoop.hdds.scm.protocol.ScmBlockLocationProtocolServerSideTranslatorPB.allocateScmBlock(ScmBlockLocationProtocolServerSideTranslatorPB.java:159)
	at org.apache.hadoop.hdds.scm.protocol.ScmBlockLocationProtocolServerSideTranslatorPB.processMessage(ScmBlockLocationProtocolServerSideTranslatorPB.java:117)
	at org.apache.hadoop.hdds.server.OzoneProtocolMessageDispatcher.processRequest(OzoneProtocolMessageDispatcher.java:72)
	at org.apache.hadoop.hdds.scm.protocol.ScmBlockLocationProtocolServerSideTranslatorPB.send(ScmBlockLocationProtocolServerSideTranslatorPB.java:98)
	at org.apache.hadoop.hdds.protocol.proto.ScmBlockLocationProtocolProtos$ScmBlockLocationProtocolService$2.callBlockingMethod(ScmBlockLocationProtocolProtos.java:13157)
	at org.apache.hadoop.ipc.ProtobufRpcEngine$Server$ProtoBufRpcInvoker.call(ProtobufRpcEngine.java:524)
	at org.apache.hadoop.ipc.RPC$Server.call(RPC.java:1025)
	at org.apache.hadoop.ipc.Server$RpcCall.run(Server.java:876)
	at org.apache.hadoop.ipc.Server$RpcCall.run(Server.java:822)
	at java.security.AccessController.doPrivileged(Native Method)
	at javax.security.auth.Subject.doAs(Subject.java:422)
	at org.apache.hadoop.security.UserGroupInformation.doAs(UserGroupInformation.java:1730)
	at org.apache.hadoop.ipc.Server$Handler.run(Server.java:2682)
2019-10-17 20:50:05,568 [IPC Server handler 0 on 34359] INFO  block.BlockManagerImpl (BlockManagerImpl.java:allocateBlock(212)) - Could not find available pipeline of type:RATIS and factor:THREE even after retrying
2019-10-17 20:50:05,568 [IPC Server handler 0 on 34359] ERROR block.BlockManagerImpl (BlockManagerImpl.java:allocateBlock(236)) - Unable to allocate a block for the size: 4194304, type: RATIS, factor: THREE
2019-10-17 20:50:05,570 [IPC Server handler 0 on 34359] WARN  block.BlockManagerImpl (BlockManagerImpl.java:allocateBlock(200)) - Pipeline creation failed for type:RATIS factor:THREE. Retrying get pipelines call once.
org.apache.hadoop.hdds.scm.pipeline.InsufficientDatanodesException: Cannot create pipeline of factor 3 using 2 nodes.
	at org.apache.hadoop.hdds.scm.pipeline.RatisPipelineProvider.create(RatisPipelineProvider.java:153)
	at org.apache.hadoop.hdds.scm.pipeline.PipelineFactory.create(PipelineFactory.java:58)
	at org.apache.hadoop.hdds.scm.pipeline.SCMPipelineManager.createPipeline(SCMPipelineManager.java:155)
	at org.apache.hadoop.hdds.scm.block.BlockManagerImpl.allocateBlock(BlockManagerImpl.java:198)
	at org.apache.hadoop.hdds.scm.server.SCMBlockProtocolServer.allocateBlock(SCMBlockProtocolServer.java:182)
	at org.apache.hadoop.hdds.scm.protocol.ScmBlockLocationProtocolServerSideTranslatorPB.allocateScmBlock(ScmBlockLocationProtocolServerSideTranslatorPB.java:159)
	at org.apache.hadoop.hdds.scm.protocol.ScmBlockLocationProtocolServerSideTranslatorPB.processMessage(ScmBlockLocationProtocolServerSideTranslatorPB.java:117)
	at org.apache.hadoop.hdds.server.OzoneProtocolMessageDispatcher.processRequest(OzoneProtocolMessageDispatcher.java:72)
	at org.apache.hadoop.hdds.scm.protocol.ScmBlockLocationProtocolServerSideTranslatorPB.send(ScmBlockLocationProtocolServerSideTranslatorPB.java:98)
	at org.apache.hadoop.hdds.protocol.proto.ScmBlockLocationProtocolProtos$ScmBlockLocationProtocolService$2.callBlockingMethod(ScmBlockLocationProtocolProtos.java:13157)
	at org.apache.hadoop.ipc.ProtobufRpcEngine$Server$ProtoBufRpcInvoker.call(ProtobufRpcEngine.java:524)
	at org.apache.hadoop.ipc.RPC$Server.call(RPC.java:1025)
	at org.apache.hadoop.ipc.Server$RpcCall.run(Server.java:876)
	at org.apache.hadoop.ipc.Server$RpcCall.run(Server.java:822)
	at java.security.AccessController.doPrivileged(Native Method)
	at javax.security.auth.Subject.doAs(Subject.java:422)
	at org.apache.hadoop.security.UserGroupInformation.doAs(UserGroupInformation.java:1730)
	at org.apache.hadoop.ipc.Server$Handler.run(Server.java:2682)
2019-10-17 20:50:05,570 [IPC Server handler 0 on 34359] INFO  block.BlockManagerImpl (BlockManagerImpl.java:allocateBlock(212)) - Could not find available pipeline of type:RATIS and factor:THREE even after retrying
2019-10-17 20:50:05,571 [IPC Server handler 0 on 34359] ERROR block.BlockManagerImpl (BlockManagerImpl.java:allocateBlock(236)) - Unable to allocate a block for the size: 4194304, type: RATIS, factor: THREE
2019-10-17 20:50:05,572 [pool-75-thread-5] ERROR freon.RandomKeyGenerator (RandomKeyGenerator.java:createKey(733)) - Exception while adding key: key-0-03337 in bucket: bucket-0-08448 of volume: vol-0-64312.
INTERNAL_ERROR org.apache.hadoop.ozone.om.exceptions.OMException: Allocated 0 blocks. Requested 5 blocks
	at org.apache.hadoop.ozone.om.protocolPB.OzoneManagerProtocolClientSideTranslatorPB.handleError(OzoneManagerProtocolClientSideTranslatorPB.java:732)
	at org.apache.hadoop.ozone.om.protocolPB.OzoneManagerProtocolClientSideTranslatorPB.openKey(OzoneManagerProtocolClientSideTranslatorPB.java:723)
	at sun.reflect.NativeMethodAccessorImpl.invoke0(Native Method)
	at sun.reflect.NativeMethodAccessorImpl.invoke(NativeMethodAccessorImpl.java:62)
	at sun.reflect.DelegatingMethodAccessorImpl.invoke(DelegatingMethodAccessorImpl.java:43)
	at java.lang.reflect.Method.invoke(Method.java:498)
	at org.apache.hadoop.hdds.tracing.TraceAllMethod.invoke(TraceAllMethod.java:66)
	at com.sun.proxy.$Proxy37.openKey(Unknown Source)
	at org.apache.hadoop.ozone.client.rpc.RpcClient.createKey(RpcClient.java:614)
	at org.apache.hadoop.ozone.client.OzoneBucket.createKey(OzoneBucket.java:325)
	at org.apache.hadoop.ozone.freon.RandomKeyGenerator.createKey(RandomKeyGenerator.java:695)
	at org.apache.hadoop.ozone.freon.RandomKeyGenerator.access$1100(RandomKeyGenerator.java:88)
	at org.apache.hadoop.ozone.freon.RandomKeyGenerator$ObjectCreator.run(RandomKeyGenerator.java:615)
	at java.util.concurrent.Executors$RunnableAdapter.call(Executors.java:511)
	at java.util.concurrent.FutureTask.run(FutureTask.java:266)
	at java.util.concurrent.ThreadPoolExecutor.runWorker(ThreadPoolExecutor.java:1149)
	at java.util.concurrent.ThreadPoolExecutor$Worker.run(ThreadPoolExecutor.java:624)
	at java.lang.Thread.run(Thread.java:748)
2019-10-17 20:50:05,580 [9e5dbcb7-9947-4856-b3fd-92d703a68307@group-6C293A8FB381-LeaderElection37] INFO  impl.LeaderElection (LeaderElection.java:logAndReturn(56)) - 9e5dbcb7-9947-4856-b3fd-92d703a68307@group-6C293A8FB381-LeaderElection37: Election REJECTED; received 2 response(s) [9e5dbcb7-9947-4856-b3fd-92d703a68307<-834445fe-d519-4872-b649-1f7fcc1408aa#0:FAIL-t22, 9e5dbcb7-9947-4856-b3fd-92d703a68307<-d47c3a04-f2fd-4c6d-9c5b-cf5163b6c213#0:FAIL-t22] and 0 exception(s); 9e5dbcb7-9947-4856-b3fd-92d703a68307@group-6C293A8FB381:t22, leader=null, voted=9e5dbcb7-9947-4856-b3fd-92d703a68307, raftlog=9e5dbcb7-9947-4856-b3fd-92d703a68307@group-6C293A8FB381-SegmentedRaftLog:OPENED:c-1,f-1,i0, conf=-1: [9e5dbcb7-9947-4856-b3fd-92d703a68307:192.168.164.201:39744, 834445fe-d519-4872-b649-1f7fcc1408aa:192.168.164.201:32919, d47c3a04-f2fd-4c6d-9c5b-cf5163b6c213:192.168.164.201:45277], old=null
2019-10-17 20:50:05,581 [9e5dbcb7-9947-4856-b3fd-92d703a68307@group-6C293A8FB381-LeaderElection37] INFO  impl.RaftServerImpl (RaftServerImpl.java:setRole(184)) - 9e5dbcb7-9947-4856-b3fd-92d703a68307@group-6C293A8FB381: changes role from CANDIDATE to FOLLOWER at term 22 for DISCOVERED_A_NEW_TERM
2019-10-17 20:50:05,581 [9e5dbcb7-9947-4856-b3fd-92d703a68307@group-6C293A8FB381-LeaderElection37] INFO  impl.RoleInfo (RoleInfo.java:shutdownLeaderElection(134)) - 9e5dbcb7-9947-4856-b3fd-92d703a68307: shutdown LeaderElection
2019-10-17 20:50:05,581 [9e5dbcb7-9947-4856-b3fd-92d703a68307@group-6C293A8FB381-LeaderElection37] INFO  impl.RoleInfo (RoleInfo.java:updateAndGet(143)) - 9e5dbcb7-9947-4856-b3fd-92d703a68307: start FollowerState
2019-10-17 20:50:05,777 [Thread-600] INFO  impl.FollowerState (FollowerState.java:run(108)) - 9e5dbcb7-9947-4856-b3fd-92d703a68307@group-6C293A8FB381-FollowerState: change to CANDIDATE, lastRpcTime:196ms, electionTimeout:196ms
2019-10-17 20:50:05,780 [Thread-600] INFO  impl.RoleInfo (RoleInfo.java:shutdownFollowerState(121)) - 9e5dbcb7-9947-4856-b3fd-92d703a68307: shutdown FollowerState
2019-10-17 20:50:05,780 [Thread-600] INFO  impl.RaftServerImpl (RaftServerImpl.java:setRole(184)) - 9e5dbcb7-9947-4856-b3fd-92d703a68307@group-6C293A8FB381: changes role from  FOLLOWER to CANDIDATE at term 22 for changeToCandidate
2019-10-17 20:50:05,781 [Thread-600] INFO  impl.RoleInfo (RoleInfo.java:updateAndGet(143)) - 9e5dbcb7-9947-4856-b3fd-92d703a68307: start LeaderElection
2019-10-17 20:50:05,805 [9e5dbcb7-9947-4856-b3fd-92d703a68307@group-6C293A8FB381-LeaderElection38] INFO  impl.LeaderElection (LeaderElection.java:askForVotes(178)) - 9e5dbcb7-9947-4856-b3fd-92d703a68307@group-6C293A8FB381-LeaderElection38: begin an election at term 23 for -1: [9e5dbcb7-9947-4856-b3fd-92d703a68307:192.168.164.201:39744, 834445fe-d519-4872-b649-1f7fcc1408aa:192.168.164.201:32919, d47c3a04-f2fd-4c6d-9c5b-cf5163b6c213:192.168.164.201:45277], old=null
2019-10-17 20:50:05,811 [grpc-default-executor-6] INFO  impl.RaftServerImpl (RaftServerImpl.java:setRole(184)) - 834445fe-d519-4872-b649-1f7fcc1408aa@group-6C293A8FB381: changes role from  FOLLOWER to FOLLOWER at term 23 for recognizeCandidate:9e5dbcb7-9947-4856-b3fd-92d703a68307
2019-10-17 20:50:05,811 [grpc-default-executor-2] INFO  impl.RaftServerImpl (RaftServerImpl.java:setRole(184)) - d47c3a04-f2fd-4c6d-9c5b-cf5163b6c213@group-6C293A8FB381: changes role from  FOLLOWER to FOLLOWER at term 23 for recognizeCandidate:9e5dbcb7-9947-4856-b3fd-92d703a68307
2019-10-17 20:50:05,811 [grpc-default-executor-6] INFO  impl.RoleInfo (RoleInfo.java:shutdownFollowerState(121)) - 834445fe-d519-4872-b649-1f7fcc1408aa: shutdown FollowerState
2019-10-17 20:50:05,811 [grpc-default-executor-2] INFO  impl.RoleInfo (RoleInfo.java:shutdownFollowerState(121)) - d47c3a04-f2fd-4c6d-9c5b-cf5163b6c213: shutdown FollowerState
2019-10-17 20:50:05,811 [Thread-598] INFO  impl.FollowerState (FollowerState.java:run(117)) - 834445fe-d519-4872-b649-1f7fcc1408aa@group-6C293A8FB381-FollowerState was interrupted: java.lang.InterruptedException: sleep interrupted
2019-10-17 20:50:05,811 [grpc-default-executor-6] INFO  impl.RoleInfo (RoleInfo.java:updateAndGet(143)) - 834445fe-d519-4872-b649-1f7fcc1408aa: start FollowerState
2019-10-17 20:50:05,812 [Thread-599] INFO  impl.FollowerState (FollowerState.java:run(117)) - d47c3a04-f2fd-4c6d-9c5b-cf5163b6c213@group-6C293A8FB381-FollowerState was interrupted: java.lang.InterruptedException: sleep interrupted
2019-10-17 20:50:05,812 [grpc-default-executor-2] INFO  impl.RoleInfo (RoleInfo.java:updateAndGet(143)) - d47c3a04-f2fd-4c6d-9c5b-cf5163b6c213: start FollowerState
2019-10-17 20:50:05,842 [9e5dbcb7-9947-4856-b3fd-92d703a68307@group-6C293A8FB381-LeaderElection38] INFO  impl.LeaderElection (LeaderElection.java:logAndReturn(56)) - 9e5dbcb7-9947-4856-b3fd-92d703a68307@group-6C293A8FB381-LeaderElection38: Election REJECTED; received 2 response(s) [9e5dbcb7-9947-4856-b3fd-92d703a68307<-834445fe-d519-4872-b649-1f7fcc1408aa#0:FAIL-t23, 9e5dbcb7-9947-4856-b3fd-92d703a68307<-d47c3a04-f2fd-4c6d-9c5b-cf5163b6c213#0:FAIL-t23] and 0 exception(s); 9e5dbcb7-9947-4856-b3fd-92d703a68307@group-6C293A8FB381:t23, leader=null, voted=9e5dbcb7-9947-4856-b3fd-92d703a68307, raftlog=9e5dbcb7-9947-4856-b3fd-92d703a68307@group-6C293A8FB381-SegmentedRaftLog:OPENED:c-1,f-1,i0, conf=-1: [9e5dbcb7-9947-4856-b3fd-92d703a68307:192.168.164.201:39744, 834445fe-d519-4872-b649-1f7fcc1408aa:192.168.164.201:32919, d47c3a04-f2fd-4c6d-9c5b-cf5163b6c213:192.168.164.201:45277], old=null
2019-10-17 20:50:05,843 [9e5dbcb7-9947-4856-b3fd-92d703a68307@group-6C293A8FB381-LeaderElection38] INFO  impl.RaftServerImpl (RaftServerImpl.java:setRole(184)) - 9e5dbcb7-9947-4856-b3fd-92d703a68307@group-6C293A8FB381: changes role from CANDIDATE to FOLLOWER at term 23 for DISCOVERED_A_NEW_TERM
2019-10-17 20:50:05,843 [9e5dbcb7-9947-4856-b3fd-92d703a68307@group-6C293A8FB381-LeaderElection38] INFO  impl.RoleInfo (RoleInfo.java:shutdownLeaderElection(134)) - 9e5dbcb7-9947-4856-b3fd-92d703a68307: shutdown LeaderElection
2019-10-17 20:50:05,843 [9e5dbcb7-9947-4856-b3fd-92d703a68307@group-6C293A8FB381-LeaderElection38] INFO  impl.RoleInfo (RoleInfo.java:updateAndGet(143)) - 9e5dbcb7-9947-4856-b3fd-92d703a68307: start FollowerState
2019-10-17 20:50:05,949 [Thread-606] INFO  impl.FollowerState (FollowerState.java:run(108)) - 9e5dbcb7-9947-4856-b3fd-92d703a68307@group-6C293A8FB381-FollowerState: change to CANDIDATE, lastRpcTime:106ms, electionTimeout:106ms
2019-10-17 20:50:05,951 [Thread-606] INFO  impl.RoleInfo (RoleInfo.java:shutdownFollowerState(121)) - 9e5dbcb7-9947-4856-b3fd-92d703a68307: shutdown FollowerState
2019-10-17 20:50:05,952 [Thread-606] INFO  impl.RaftServerImpl (RaftServerImpl.java:setRole(184)) - 9e5dbcb7-9947-4856-b3fd-92d703a68307@group-6C293A8FB381: changes role from  FOLLOWER to CANDIDATE at term 23 for changeToCandidate
2019-10-17 20:50:05,952 [Thread-606] INFO  impl.RoleInfo (RoleInfo.java:updateAndGet(143)) - 9e5dbcb7-9947-4856-b3fd-92d703a68307: start LeaderElection
2019-10-17 20:50:05,981 [9e5dbcb7-9947-4856-b3fd-92d703a68307@group-6C293A8FB381-LeaderElection39] INFO  impl.LeaderElection (LeaderElection.java:askForVotes(178)) - 9e5dbcb7-9947-4856-b3fd-92d703a68307@group-6C293A8FB381-LeaderElection39: begin an election at term 24 for -1: [9e5dbcb7-9947-4856-b3fd-92d703a68307:192.168.164.201:39744, 834445fe-d519-4872-b649-1f7fcc1408aa:192.168.164.201:32919, d47c3a04-f2fd-4c6d-9c5b-cf5163b6c213:192.168.164.201:45277], old=null
2019-10-17 20:50:05,985 [grpc-default-executor-2] INFO  impl.RaftServerImpl (RaftServerImpl.java:setRole(184)) - 834445fe-d519-4872-b649-1f7fcc1408aa@group-6C293A8FB381: changes role from  FOLLOWER to FOLLOWER at term 24 for recognizeCandidate:9e5dbcb7-9947-4856-b3fd-92d703a68307
2019-10-17 20:50:05,985 [grpc-default-executor-6] INFO  impl.RaftServerImpl (RaftServerImpl.java:setRole(184)) - d47c3a04-f2fd-4c6d-9c5b-cf5163b6c213@group-6C293A8FB381: changes role from  FOLLOWER to FOLLOWER at term 24 for recognizeCandidate:9e5dbcb7-9947-4856-b3fd-92d703a68307
2019-10-17 20:50:05,985 [grpc-default-executor-2] INFO  impl.RoleInfo (RoleInfo.java:shutdownFollowerState(121)) - 834445fe-d519-4872-b649-1f7fcc1408aa: shutdown FollowerState
2019-10-17 20:50:05,985 [grpc-default-executor-6] INFO  impl.RoleInfo (RoleInfo.java:shutdownFollowerState(121)) - d47c3a04-f2fd-4c6d-9c5b-cf5163b6c213: shutdown FollowerState
2019-10-17 20:50:05,985 [Thread-604] INFO  impl.FollowerState (FollowerState.java:run(117)) - 834445fe-d519-4872-b649-1f7fcc1408aa@group-6C293A8FB381-FollowerState was interrupted: java.lang.InterruptedException: sleep interrupted
2019-10-17 20:50:05,985 [grpc-default-executor-2] INFO  impl.RoleInfo (RoleInfo.java:updateAndGet(143)) - 834445fe-d519-4872-b649-1f7fcc1408aa: start FollowerState
2019-10-17 20:50:05,986 [Thread-605] INFO  impl.FollowerState (FollowerState.java:run(117)) - d47c3a04-f2fd-4c6d-9c5b-cf5163b6c213@group-6C293A8FB381-FollowerState was interrupted: java.lang.InterruptedException: sleep interrupted
2019-10-17 20:50:05,986 [grpc-default-executor-6] INFO  impl.RoleInfo (RoleInfo.java:updateAndGet(143)) - d47c3a04-f2fd-4c6d-9c5b-cf5163b6c213: start FollowerState
2019-10-17 20:50:06,018 [9e5dbcb7-9947-4856-b3fd-92d703a68307@group-6C293A8FB381-LeaderElection39] INFO  impl.LeaderElection (LeaderElection.java:logAndReturn(56)) - 9e5dbcb7-9947-4856-b3fd-92d703a68307@group-6C293A8FB381-LeaderElection39: Election REJECTED; received 2 response(s) [9e5dbcb7-9947-4856-b3fd-92d703a68307<-834445fe-d519-4872-b649-1f7fcc1408aa#0:FAIL-t24, 9e5dbcb7-9947-4856-b3fd-92d703a68307<-d47c3a04-f2fd-4c6d-9c5b-cf5163b6c213#0:FAIL-t24] and 0 exception(s); 9e5dbcb7-9947-4856-b3fd-92d703a68307@group-6C293A8FB381:t24, leader=null, voted=9e5dbcb7-9947-4856-b3fd-92d703a68307, raftlog=9e5dbcb7-9947-4856-b3fd-92d703a68307@group-6C293A8FB381-SegmentedRaftLog:OPENED:c-1,f-1,i0, conf=-1: [9e5dbcb7-9947-4856-b3fd-92d703a68307:192.168.164.201:39744, 834445fe-d519-4872-b649-1f7fcc1408aa:192.168.164.201:32919, d47c3a04-f2fd-4c6d-9c5b-cf5163b6c213:192.168.164.201:45277], old=null
2019-10-17 20:50:06,019 [9e5dbcb7-9947-4856-b3fd-92d703a68307@group-6C293A8FB381-LeaderElection39] INFO  impl.RaftServerImpl (RaftServerImpl.java:setRole(184)) - 9e5dbcb7-9947-4856-b3fd-92d703a68307@group-6C293A8FB381: changes role from CANDIDATE to FOLLOWER at term 24 for DISCOVERED_A_NEW_TERM
2019-10-17 20:50:06,019 [9e5dbcb7-9947-4856-b3fd-92d703a68307@group-6C293A8FB381-LeaderElection39] INFO  impl.RoleInfo (RoleInfo.java:shutdownLeaderElection(134)) - 9e5dbcb7-9947-4856-b3fd-92d703a68307: shutdown LeaderElection
2019-10-17 20:50:06,019 [9e5dbcb7-9947-4856-b3fd-92d703a68307@group-6C293A8FB381-LeaderElection39] INFO  impl.RoleInfo (RoleInfo.java:updateAndGet(143)) - 9e5dbcb7-9947-4856-b3fd-92d703a68307: start FollowerState
2019-10-17 20:50:06,068 [Thread-612] INFO  impl.FollowerState (FollowerState.java:run(108)) - 9e5dbcb7-9947-4856-b3fd-92d703a68307@group-6C293A8FB381-FollowerState: change to CANDIDATE, lastRpcTime:49ms, electionTimeout:49ms
2019-10-17 20:50:06,071 [Thread-612] INFO  impl.RoleInfo (RoleInfo.java:shutdownFollowerState(121)) - 9e5dbcb7-9947-4856-b3fd-92d703a68307: shutdown FollowerState
2019-10-17 20:50:06,071 [Thread-612] INFO  impl.RaftServerImpl (RaftServerImpl.java:setRole(184)) - 9e5dbcb7-9947-4856-b3fd-92d703a68307@group-6C293A8FB381: changes role from  FOLLOWER to CANDIDATE at term 24 for changeToCandidate
2019-10-17 20:50:06,071 [Thread-612] INFO  impl.RoleInfo (RoleInfo.java:updateAndGet(143)) - 9e5dbcb7-9947-4856-b3fd-92d703a68307: start LeaderElection
2019-10-17 20:50:06,098 [9e5dbcb7-9947-4856-b3fd-92d703a68307@group-6C293A8FB381-LeaderElection40] INFO  impl.LeaderElection (LeaderElection.java:askForVotes(178)) - 9e5dbcb7-9947-4856-b3fd-92d703a68307@group-6C293A8FB381-LeaderElection40: begin an election at term 25 for -1: [9e5dbcb7-9947-4856-b3fd-92d703a68307:192.168.164.201:39744, 834445fe-d519-4872-b649-1f7fcc1408aa:192.168.164.201:32919, d47c3a04-f2fd-4c6d-9c5b-cf5163b6c213:192.168.164.201:45277], old=null
2019-10-17 20:50:06,104 [grpc-default-executor-6] INFO  impl.RaftServerImpl (RaftServerImpl.java:setRole(184)) - d47c3a04-f2fd-4c6d-9c5b-cf5163b6c213@group-6C293A8FB381: changes role from  FOLLOWER to FOLLOWER at term 25 for recognizeCandidate:9e5dbcb7-9947-4856-b3fd-92d703a68307
2019-10-17 20:50:06,104 [grpc-default-executor-6] INFO  impl.RoleInfo (RoleInfo.java:shutdownFollowerState(121)) - d47c3a04-f2fd-4c6d-9c5b-cf5163b6c213: shutdown FollowerState
2019-10-17 20:50:06,104 [grpc-default-executor-2] INFO  impl.RaftServerImpl (RaftServerImpl.java:setRole(184)) - 834445fe-d519-4872-b649-1f7fcc1408aa@group-6C293A8FB381: changes role from  FOLLOWER to FOLLOWER at term 25 for recognizeCandidate:9e5dbcb7-9947-4856-b3fd-92d703a68307
2019-10-17 20:50:06,105 [grpc-default-executor-6] INFO  impl.RoleInfo (RoleInfo.java:updateAndGet(143)) - d47c3a04-f2fd-4c6d-9c5b-cf5163b6c213: start FollowerState
2019-10-17 20:50:06,104 [Thread-611] INFO  impl.FollowerState (FollowerState.java:run(117)) - d47c3a04-f2fd-4c6d-9c5b-cf5163b6c213@group-6C293A8FB381-FollowerState was interrupted: java.lang.InterruptedException: sleep interrupted
2019-10-17 20:50:06,105 [grpc-default-executor-2] INFO  impl.RoleInfo (RoleInfo.java:shutdownFollowerState(121)) - 834445fe-d519-4872-b649-1f7fcc1408aa: shutdown FollowerState
2019-10-17 20:50:06,105 [grpc-default-executor-2] INFO  impl.RoleInfo (RoleInfo.java:updateAndGet(143)) - 834445fe-d519-4872-b649-1f7fcc1408aa: start FollowerState
2019-10-17 20:50:06,105 [Thread-610] INFO  impl.FollowerState (FollowerState.java:run(117)) - 834445fe-d519-4872-b649-1f7fcc1408aa@group-6C293A8FB381-FollowerState was interrupted: java.lang.InterruptedException: sleep interrupted
2019-10-17 20:50:06,126 [9e5dbcb7-9947-4856-b3fd-92d703a68307@group-6C293A8FB381-LeaderElection40] INFO  impl.LeaderElection (LeaderElection.java:logAndReturn(56)) - 9e5dbcb7-9947-4856-b3fd-92d703a68307@group-6C293A8FB381-LeaderElection40: Election TIMEOUT; received 0 response(s) [] and 0 exception(s); 9e5dbcb7-9947-4856-b3fd-92d703a68307@group-6C293A8FB381:t25, leader=null, voted=9e5dbcb7-9947-4856-b3fd-92d703a68307, raftlog=9e5dbcb7-9947-4856-b3fd-92d703a68307@group-6C293A8FB381-SegmentedRaftLog:OPENED:c-1,f-1,i0, conf=-1: [9e5dbcb7-9947-4856-b3fd-92d703a68307:192.168.164.201:39744, 834445fe-d519-4872-b649-1f7fcc1408aa:192.168.164.201:32919, d47c3a04-f2fd-4c6d-9c5b-cf5163b6c213:192.168.164.201:45277], old=null
2019-10-17 20:50:06,149 [9e5dbcb7-9947-4856-b3fd-92d703a68307@group-6C293A8FB381-LeaderElection40] INFO  impl.LeaderElection (LeaderElection.java:askForVotes(178)) - 9e5dbcb7-9947-4856-b3fd-92d703a68307@group-6C293A8FB381-LeaderElection40: begin an election at term 26 for -1: [9e5dbcb7-9947-4856-b3fd-92d703a68307:192.168.164.201:39744, 834445fe-d519-4872-b649-1f7fcc1408aa:192.168.164.201:32919, d47c3a04-f2fd-4c6d-9c5b-cf5163b6c213:192.168.164.201:45277], old=null
2019-10-17 20:50:06,152 [grpc-default-executor-6] INFO  impl.RaftServerImpl (RaftServerImpl.java:setRole(184)) - 834445fe-d519-4872-b649-1f7fcc1408aa@group-6C293A8FB381: changes role from  FOLLOWER to FOLLOWER at term 26 for recognizeCandidate:9e5dbcb7-9947-4856-b3fd-92d703a68307
2019-10-17 20:50:06,154 [grpc-default-executor-6] INFO  impl.RoleInfo (RoleInfo.java:shutdownFollowerState(121)) - 834445fe-d519-4872-b649-1f7fcc1408aa: shutdown FollowerState
2019-10-17 20:50:06,154 [Thread-617] INFO  impl.FollowerState (FollowerState.java:run(117)) - 834445fe-d519-4872-b649-1f7fcc1408aa@group-6C293A8FB381-FollowerState was interrupted: java.lang.InterruptedException: sleep interrupted
2019-10-17 20:50:06,154 [grpc-default-executor-6] INFO  impl.RoleInfo (RoleInfo.java:updateAndGet(143)) - 834445fe-d519-4872-b649-1f7fcc1408aa: start FollowerState
2019-10-17 20:50:06,155 [grpc-default-executor-2] INFO  impl.RaftServerImpl (RaftServerImpl.java:setRole(184)) - d47c3a04-f2fd-4c6d-9c5b-cf5163b6c213@group-6C293A8FB381: changes role from  FOLLOWER to FOLLOWER at term 26 for recognizeCandidate:9e5dbcb7-9947-4856-b3fd-92d703a68307
2019-10-17 20:50:06,155 [grpc-default-executor-2] INFO  impl.RoleInfo (RoleInfo.java:shutdownFollowerState(121)) - d47c3a04-f2fd-4c6d-9c5b-cf5163b6c213: shutdown FollowerState
2019-10-17 20:50:06,155 [grpc-default-executor-2] INFO  impl.RoleInfo (RoleInfo.java:updateAndGet(143)) - d47c3a04-f2fd-4c6d-9c5b-cf5163b6c213: start FollowerState
2019-10-17 20:50:06,155 [Thread-616] INFO  impl.FollowerState (FollowerState.java:run(117)) - d47c3a04-f2fd-4c6d-9c5b-cf5163b6c213@group-6C293A8FB381-FollowerState was interrupted: java.lang.InterruptedException: sleep interrupted
2019-10-17 20:50:06,186 [9e5dbcb7-9947-4856-b3fd-92d703a68307@group-6C293A8FB381-LeaderElection40] INFO  impl.LeaderElection (LeaderElection.java:logAndReturn(56)) - 9e5dbcb7-9947-4856-b3fd-92d703a68307@group-6C293A8FB381-LeaderElection40: Election REJECTED; received 2 response(s) [9e5dbcb7-9947-4856-b3fd-92d703a68307<-834445fe-d519-4872-b649-1f7fcc1408aa#0:FAIL-t26, 9e5dbcb7-9947-4856-b3fd-92d703a68307<-d47c3a04-f2fd-4c6d-9c5b-cf5163b6c213#0:FAIL-t26] and 0 exception(s); 9e5dbcb7-9947-4856-b3fd-92d703a68307@group-6C293A8FB381:t26, leader=null, voted=9e5dbcb7-9947-4856-b3fd-92d703a68307, raftlog=9e5dbcb7-9947-4856-b3fd-92d703a68307@group-6C293A8FB381-SegmentedRaftLog:OPENED:c-1,f-1,i0, conf=-1: [9e5dbcb7-9947-4856-b3fd-92d703a68307:192.168.164.201:39744, 834445fe-d519-4872-b649-1f7fcc1408aa:192.168.164.201:32919, d47c3a04-f2fd-4c6d-9c5b-cf5163b6c213:192.168.164.201:45277], old=null
2019-10-17 20:50:06,186 [9e5dbcb7-9947-4856-b3fd-92d703a68307@group-6C293A8FB381-LeaderElection40] INFO  impl.RaftServerImpl (RaftServerImpl.java:setRole(184)) - 9e5dbcb7-9947-4856-b3fd-92d703a68307@group-6C293A8FB381: changes role from CANDIDATE to FOLLOWER at term 26 for DISCOVERED_A_NEW_TERM
2019-10-17 20:50:06,186 [9e5dbcb7-9947-4856-b3fd-92d703a68307@group-6C293A8FB381-LeaderElection40] INFO  impl.RoleInfo (RoleInfo.java:shutdownLeaderElection(134)) - 9e5dbcb7-9947-4856-b3fd-92d703a68307: shutdown LeaderElection
2019-10-17 20:50:06,186 [9e5dbcb7-9947-4856-b3fd-92d703a68307@group-6C293A8FB381-LeaderElection40] INFO  impl.RoleInfo (RoleInfo.java:updateAndGet(143)) - 9e5dbcb7-9947-4856-b3fd-92d703a68307: start FollowerState
2019-10-17 20:50:06,217 [Thread-622] INFO  impl.FollowerState (FollowerState.java:run(108)) - 9e5dbcb7-9947-4856-b3fd-92d703a68307@group-6C293A8FB381-FollowerState: change to CANDIDATE, lastRpcTime:30ms, electionTimeout:30ms
2019-10-17 20:50:06,219 [Thread-622] INFO  impl.RoleInfo (RoleInfo.java:shutdownFollowerState(121)) - 9e5dbcb7-9947-4856-b3fd-92d703a68307: shutdown FollowerState
2019-10-17 20:50:06,219 [Thread-622] INFO  impl.RaftServerImpl (RaftServerImpl.java:setRole(184)) - 9e5dbcb7-9947-4856-b3fd-92d703a68307@group-6C293A8FB381: changes role from  FOLLOWER to CANDIDATE at term 26 for changeToCandidate
2019-10-17 20:50:06,219 [Thread-622] INFO  impl.RoleInfo (RoleInfo.java:updateAndGet(143)) - 9e5dbcb7-9947-4856-b3fd-92d703a68307: start LeaderElection
2019-10-17 20:50:06,250 [9e5dbcb7-9947-4856-b3fd-92d703a68307@group-6C293A8FB381-LeaderElection41] INFO  impl.LeaderElection (LeaderElection.java:askForVotes(178)) - 9e5dbcb7-9947-4856-b3fd-92d703a68307@group-6C293A8FB381-LeaderElection41: begin an election at term 27 for -1: [9e5dbcb7-9947-4856-b3fd-92d703a68307:192.168.164.201:39744, 834445fe-d519-4872-b649-1f7fcc1408aa:192.168.164.201:32919, d47c3a04-f2fd-4c6d-9c5b-cf5163b6c213:192.168.164.201:45277], old=null
2019-10-17 20:50:06,255 [grpc-default-executor-2] INFO  impl.RaftServerImpl (RaftServerImpl.java:setRole(184)) - 834445fe-d519-4872-b649-1f7fcc1408aa@group-6C293A8FB381: changes role from  FOLLOWER to FOLLOWER at term 27 for recognizeCandidate:9e5dbcb7-9947-4856-b3fd-92d703a68307
2019-10-17 20:50:06,255 [grpc-default-executor-6] INFO  impl.RaftServerImpl (RaftServerImpl.java:setRole(184)) - d47c3a04-f2fd-4c6d-9c5b-cf5163b6c213@group-6C293A8FB381: changes role from  FOLLOWER to FOLLOWER at term 27 for recognizeCandidate:9e5dbcb7-9947-4856-b3fd-92d703a68307
2019-10-17 20:50:06,255 [grpc-default-executor-2] INFO  impl.RoleInfo (RoleInfo.java:shutdownFollowerState(121)) - 834445fe-d519-4872-b649-1f7fcc1408aa: shutdown FollowerState
2019-10-17 20:50:06,255 [grpc-default-executor-6] INFO  impl.RoleInfo (RoleInfo.java:shutdownFollowerState(121)) - d47c3a04-f2fd-4c6d-9c5b-cf5163b6c213: shutdown FollowerState
2019-10-17 20:50:06,256 [Thread-620] INFO  impl.FollowerState (FollowerState.java:run(117)) - 834445fe-d519-4872-b649-1f7fcc1408aa@group-6C293A8FB381-FollowerState was interrupted: java.lang.InterruptedException: sleep interrupted
2019-10-17 20:50:06,256 [grpc-default-executor-6] INFO  impl.RoleInfo (RoleInfo.java:updateAndGet(143)) - d47c3a04-f2fd-4c6d-9c5b-cf5163b6c213: start FollowerState
2019-10-17 20:50:06,256 [grpc-default-executor-2] INFO  impl.RoleInfo (RoleInfo.java:updateAndGet(143)) - 834445fe-d519-4872-b649-1f7fcc1408aa: start FollowerState
2019-10-17 20:50:06,256 [Thread-621] INFO  impl.FollowerState (FollowerState.java:run(117)) - d47c3a04-f2fd-4c6d-9c5b-cf5163b6c213@group-6C293A8FB381-FollowerState was interrupted: java.lang.InterruptedException: sleep interrupted
2019-10-17 20:50:06,286 [9e5dbcb7-9947-4856-b3fd-92d703a68307@group-6C293A8FB381-LeaderElection41] INFO  impl.LeaderElection (LeaderElection.java:logAndReturn(56)) - 9e5dbcb7-9947-4856-b3fd-92d703a68307@group-6C293A8FB381-LeaderElection41: Election REJECTED; received 2 response(s) [9e5dbcb7-9947-4856-b3fd-92d703a68307<-834445fe-d519-4872-b649-1f7fcc1408aa#0:FAIL-t27, 9e5dbcb7-9947-4856-b3fd-92d703a68307<-d47c3a04-f2fd-4c6d-9c5b-cf5163b6c213#0:FAIL-t27] and 0 exception(s); 9e5dbcb7-9947-4856-b3fd-92d703a68307@group-6C293A8FB381:t27, leader=null, voted=9e5dbcb7-9947-4856-b3fd-92d703a68307, raftlog=9e5dbcb7-9947-4856-b3fd-92d703a68307@group-6C293A8FB381-SegmentedRaftLog:OPENED:c-1,f-1,i0, conf=-1: [9e5dbcb7-9947-4856-b3fd-92d703a68307:192.168.164.201:39744, 834445fe-d519-4872-b649-1f7fcc1408aa:192.168.164.201:32919, d47c3a04-f2fd-4c6d-9c5b-cf5163b6c213:192.168.164.201:45277], old=null
2019-10-17 20:50:06,286 [9e5dbcb7-9947-4856-b3fd-92d703a68307@group-6C293A8FB381-LeaderElection41] INFO  impl.RaftServerImpl (RaftServerImpl.java:setRole(184)) - 9e5dbcb7-9947-4856-b3fd-92d703a68307@group-6C293A8FB381: changes role from CANDIDATE to FOLLOWER at term 27 for DISCOVERED_A_NEW_TERM
2019-10-17 20:50:06,287 [9e5dbcb7-9947-4856-b3fd-92d703a68307@group-6C293A8FB381-LeaderElection41] INFO  impl.RoleInfo (RoleInfo.java:shutdownLeaderElection(134)) - 9e5dbcb7-9947-4856-b3fd-92d703a68307: shutdown LeaderElection
2019-10-17 20:50:06,287 [9e5dbcb7-9947-4856-b3fd-92d703a68307@group-6C293A8FB381-LeaderElection41] INFO  impl.RoleInfo (RoleInfo.java:updateAndGet(143)) - 9e5dbcb7-9947-4856-b3fd-92d703a68307: start FollowerState
2019-10-17 20:50:06,315 [Thread-628] INFO  impl.FollowerState (FollowerState.java:run(108)) - 9e5dbcb7-9947-4856-b3fd-92d703a68307@group-6C293A8FB381-FollowerState: change to CANDIDATE, lastRpcTime:28ms, electionTimeout:28ms
2019-10-17 20:50:06,318 [Thread-628] INFO  impl.RoleInfo (RoleInfo.java:shutdownFollowerState(121)) - 9e5dbcb7-9947-4856-b3fd-92d703a68307: shutdown FollowerState
2019-10-17 20:50:06,318 [Thread-628] INFO  impl.RaftServerImpl (RaftServerImpl.java:setRole(184)) - 9e5dbcb7-9947-4856-b3fd-92d703a68307@group-6C293A8FB381: changes role from  FOLLOWER to CANDIDATE at term 27 for changeToCandidate
2019-10-17 20:50:06,318 [Thread-628] INFO  impl.RoleInfo (RoleInfo.java:updateAndGet(143)) - 9e5dbcb7-9947-4856-b3fd-92d703a68307: start LeaderElection
2019-10-17 20:50:06,343 [9e5dbcb7-9947-4856-b3fd-92d703a68307@group-6C293A8FB381-LeaderElection42] INFO  impl.LeaderElection (LeaderElection.java:askForVotes(178)) - 9e5dbcb7-9947-4856-b3fd-92d703a68307@group-6C293A8FB381-LeaderElection42: begin an election at term 28 for -1: [9e5dbcb7-9947-4856-b3fd-92d703a68307:192.168.164.201:39744, 834445fe-d519-4872-b649-1f7fcc1408aa:192.168.164.201:32919, d47c3a04-f2fd-4c6d-9c5b-cf5163b6c213:192.168.164.201:45277], old=null
2019-10-17 20:50:06,346 [grpc-default-executor-2] INFO  impl.RaftServerImpl (RaftServerImpl.java:setRole(184)) - 834445fe-d519-4872-b649-1f7fcc1408aa@group-6C293A8FB381: changes role from  FOLLOWER to FOLLOWER at term 28 for recognizeCandidate:9e5dbcb7-9947-4856-b3fd-92d703a68307
2019-10-17 20:50:06,346 [grpc-default-executor-6] INFO  impl.RaftServerImpl (RaftServerImpl.java:setRole(184)) - d47c3a04-f2fd-4c6d-9c5b-cf5163b6c213@group-6C293A8FB381: changes role from  FOLLOWER to FOLLOWER at term 28 for recognizeCandidate:9e5dbcb7-9947-4856-b3fd-92d703a68307
2019-10-17 20:50:06,346 [grpc-default-executor-2] INFO  impl.RoleInfo (RoleInfo.java:shutdownFollowerState(121)) - 834445fe-d519-4872-b649-1f7fcc1408aa: shutdown FollowerState
2019-10-17 20:50:06,347 [grpc-default-executor-6] INFO  impl.RoleInfo (RoleInfo.java:shutdownFollowerState(121)) - d47c3a04-f2fd-4c6d-9c5b-cf5163b6c213: shutdown FollowerState
2019-10-17 20:50:06,347 [Thread-626] INFO  impl.FollowerState (FollowerState.java:run(117)) - 834445fe-d519-4872-b649-1f7fcc1408aa@group-6C293A8FB381-FollowerState was interrupted: java.lang.InterruptedException: sleep interrupted
2019-10-17 20:50:06,347 [grpc-default-executor-2] INFO  impl.RoleInfo (RoleInfo.java:updateAndGet(143)) - 834445fe-d519-4872-b649-1f7fcc1408aa: start FollowerState
2019-10-17 20:50:06,347 [grpc-default-executor-6] INFO  impl.RoleInfo (RoleInfo.java:updateAndGet(143)) - d47c3a04-f2fd-4c6d-9c5b-cf5163b6c213: start FollowerState
2019-10-17 20:50:06,347 [Thread-627] INFO  impl.FollowerState (FollowerState.java:run(117)) - d47c3a04-f2fd-4c6d-9c5b-cf5163b6c213@group-6C293A8FB381-FollowerState was interrupted: java.lang.InterruptedException: sleep interrupted
2019-10-17 20:50:06,356 [9e5dbcb7-9947-4856-b3fd-92d703a68307@group-6C293A8FB381-LeaderElection42] INFO  impl.LeaderElection (LeaderElection.java:logAndReturn(56)) - 9e5dbcb7-9947-4856-b3fd-92d703a68307@group-6C293A8FB381-LeaderElection42: Election TIMEOUT; received 0 response(s) [] and 0 exception(s); 9e5dbcb7-9947-4856-b3fd-92d703a68307@group-6C293A8FB381:t28, leader=null, voted=9e5dbcb7-9947-4856-b3fd-92d703a68307, raftlog=9e5dbcb7-9947-4856-b3fd-92d703a68307@group-6C293A8FB381-SegmentedRaftLog:OPENED:c-1,f-1,i0, conf=-1: [9e5dbcb7-9947-4856-b3fd-92d703a68307:192.168.164.201:39744, 834445fe-d519-4872-b649-1f7fcc1408aa:192.168.164.201:32919, d47c3a04-f2fd-4c6d-9c5b-cf5163b6c213:192.168.164.201:45277], old=null
2019-10-17 20:50:06,385 [9e5dbcb7-9947-4856-b3fd-92d703a68307@group-6C293A8FB381-LeaderElection42] INFO  impl.LeaderElection (LeaderElection.java:askForVotes(178)) - 9e5dbcb7-9947-4856-b3fd-92d703a68307@group-6C293A8FB381-LeaderElection42: begin an election at term 29 for -1: [9e5dbcb7-9947-4856-b3fd-92d703a68307:192.168.164.201:39744, 834445fe-d519-4872-b649-1f7fcc1408aa:192.168.164.201:32919, d47c3a04-f2fd-4c6d-9c5b-cf5163b6c213:192.168.164.201:45277], old=null
2019-10-17 20:50:06,388 [grpc-default-executor-6] INFO  impl.RaftServerImpl (RaftServerImpl.java:setRole(184)) - 834445fe-d519-4872-b649-1f7fcc1408aa@group-6C293A8FB381: changes role from  FOLLOWER to FOLLOWER at term 29 for recognizeCandidate:9e5dbcb7-9947-4856-b3fd-92d703a68307
2019-10-17 20:50:06,390 [grpc-default-executor-2] INFO  impl.RaftServerImpl (RaftServerImpl.java:setRole(184)) - d47c3a04-f2fd-4c6d-9c5b-cf5163b6c213@group-6C293A8FB381: changes role from  FOLLOWER to FOLLOWER at term 29 for recognizeCandidate:9e5dbcb7-9947-4856-b3fd-92d703a68307
2019-10-17 20:50:06,390 [grpc-default-executor-6] INFO  impl.RoleInfo (RoleInfo.java:shutdownFollowerState(121)) - 834445fe-d519-4872-b649-1f7fcc1408aa: shutdown FollowerState
2019-10-17 20:50:06,390 [grpc-default-executor-2] INFO  impl.RoleInfo (RoleInfo.java:shutdownFollowerState(121)) - d47c3a04-f2fd-4c6d-9c5b-cf5163b6c213: shutdown FollowerState
2019-10-17 20:50:06,390 [Thread-632] INFO  impl.FollowerState (FollowerState.java:run(117)) - 834445fe-d519-4872-b649-1f7fcc1408aa@group-6C293A8FB381-FollowerState was interrupted: java.lang.InterruptedException: sleep interrupted
2019-10-17 20:50:06,390 [grpc-default-executor-6] INFO  impl.RoleInfo (RoleInfo.java:updateAndGet(143)) - 834445fe-d519-4872-b649-1f7fcc1408aa: start FollowerState
2019-10-17 20:50:06,390 [Thread-633] INFO  impl.FollowerState (FollowerState.java:run(117)) - d47c3a04-f2fd-4c6d-9c5b-cf5163b6c213@group-6C293A8FB381-FollowerState was interrupted: java.lang.InterruptedException: sleep interrupted
2019-10-17 20:50:06,390 [grpc-default-executor-2] INFO  impl.RoleInfo (RoleInfo.java:updateAndGet(143)) - d47c3a04-f2fd-4c6d-9c5b-cf5163b6c213: start FollowerState
2019-10-17 20:50:06,421 [9e5dbcb7-9947-4856-b3fd-92d703a68307@group-6C293A8FB381-LeaderElection42] INFO  impl.LeaderElection (LeaderElection.java:logAndReturn(56)) - 9e5dbcb7-9947-4856-b3fd-92d703a68307@group-6C293A8FB381-LeaderElection42: Election REJECTED; received 2 response(s) [9e5dbcb7-9947-4856-b3fd-92d703a68307<-834445fe-d519-4872-b649-1f7fcc1408aa#0:FAIL-t29, 9e5dbcb7-9947-4856-b3fd-92d703a68307<-d47c3a04-f2fd-4c6d-9c5b-cf5163b6c213#0:FAIL-t29] and 0 exception(s); 9e5dbcb7-9947-4856-b3fd-92d703a68307@group-6C293A8FB381:t29, leader=null, voted=9e5dbcb7-9947-4856-b3fd-92d703a68307, raftlog=9e5dbcb7-9947-4856-b3fd-92d703a68307@group-6C293A8FB381-SegmentedRaftLog:OPENED:c-1,f-1,i0, conf=-1: [9e5dbcb7-9947-4856-b3fd-92d703a68307:192.168.164.201:39744, 834445fe-d519-4872-b649-1f7fcc1408aa:192.168.164.201:32919, d47c3a04-f2fd-4c6d-9c5b-cf5163b6c213:192.168.164.201:45277], old=null
2019-10-17 20:50:06,421 [9e5dbcb7-9947-4856-b3fd-92d703a68307@group-6C293A8FB381-LeaderElection42] INFO  impl.RaftServerImpl (RaftServerImpl.java:setRole(184)) - 9e5dbcb7-9947-4856-b3fd-92d703a68307@group-6C293A8FB381: changes role from CANDIDATE to FOLLOWER at term 29 for DISCOVERED_A_NEW_TERM
2019-10-17 20:50:06,421 [9e5dbcb7-9947-4856-b3fd-92d703a68307@group-6C293A8FB381-LeaderElection42] INFO  impl.RoleInfo (RoleInfo.java:shutdownLeaderElection(134)) - 9e5dbcb7-9947-4856-b3fd-92d703a68307: shutdown LeaderElection
2019-10-17 20:50:06,421 [9e5dbcb7-9947-4856-b3fd-92d703a68307@group-6C293A8FB381-LeaderElection42] INFO  impl.RoleInfo (RoleInfo.java:updateAndGet(143)) - 9e5dbcb7-9947-4856-b3fd-92d703a68307: start FollowerState
 0.00% |?                                                                                                    |  0/1 Time: 0:00:012019-10-17 20:50:06,618 [Thread-638] INFO  impl.FollowerState (FollowerState.java:run(108)) - 9e5dbcb7-9947-4856-b3fd-92d703a68307@group-6C293A8FB381-FollowerState: change to CANDIDATE, lastRpcTime:196ms, electionTimeout:196ms
2019-10-17 20:50:06,620 [Thread-638] INFO  impl.RoleInfo (RoleInfo.java:shutdownFollowerState(121)) - 9e5dbcb7-9947-4856-b3fd-92d703a68307: shutdown FollowerState
2019-10-17 20:50:06,621 [Thread-638] INFO  impl.RaftServerImpl (RaftServerImpl.java:setRole(184)) - 9e5dbcb7-9947-4856-b3fd-92d703a68307@group-6C293A8FB381: changes role from  FOLLOWER to CANDIDATE at term 29 for changeToCandidate
2019-10-17 20:50:06,621 [Thread-638] INFO  impl.RoleInfo (RoleInfo.java:updateAndGet(143)) - 9e5dbcb7-9947-4856-b3fd-92d703a68307: start LeaderElection
2019-10-17 20:50:06,645 [9e5dbcb7-9947-4856-b3fd-92d703a68307@group-6C293A8FB381-LeaderElection43] INFO  impl.LeaderElection (LeaderElection.java:askForVotes(178)) - 9e5dbcb7-9947-4856-b3fd-92d703a68307@group-6C293A8FB381-LeaderElection43: begin an election at term 30 for -1: [9e5dbcb7-9947-4856-b3fd-92d703a68307:192.168.164.201:39744, 834445fe-d519-4872-b649-1f7fcc1408aa:192.168.164.201:32919, d47c3a04-f2fd-4c6d-9c5b-cf5163b6c213:192.168.164.201:45277], old=null
2019-10-17 20:50:06,649 [grpc-default-executor-2] INFO  impl.RaftServerImpl (RaftServerImpl.java:setRole(184)) - d47c3a04-f2fd-4c6d-9c5b-cf5163b6c213@group-6C293A8FB381: changes role from  FOLLOWER to FOLLOWER at term 30 for recognizeCandidate:9e5dbcb7-9947-4856-b3fd-92d703a68307
2019-10-17 20:50:06,649 [grpc-default-executor-6] INFO  impl.RaftServerImpl (RaftServerImpl.java:setRole(184)) - 834445fe-d519-4872-b649-1f7fcc1408aa@group-6C293A8FB381: changes role from  FOLLOWER to FOLLOWER at term 30 for recognizeCandidate:9e5dbcb7-9947-4856-b3fd-92d703a68307
2019-10-17 20:50:06,649 [grpc-default-executor-2] INFO  impl.RoleInfo (RoleInfo.java:shutdownFollowerState(121)) - d47c3a04-f2fd-4c6d-9c5b-cf5163b6c213: shutdown FollowerState
2019-10-17 20:50:06,649 [grpc-default-executor-6] INFO  impl.RoleInfo (RoleInfo.java:shutdownFollowerState(121)) - 834445fe-d519-4872-b649-1f7fcc1408aa: shutdown FollowerState
2019-10-17 20:50:06,649 [Thread-637] INFO  impl.FollowerState (FollowerState.java:run(117)) - d47c3a04-f2fd-4c6d-9c5b-cf5163b6c213@group-6C293A8FB381-FollowerState was interrupted: java.lang.InterruptedException: sleep interrupted
2019-10-17 20:50:06,649 [grpc-default-executor-2] INFO  impl.RoleInfo (RoleInfo.java:updateAndGet(143)) - d47c3a04-f2fd-4c6d-9c5b-cf5163b6c213: start FollowerState
2019-10-17 20:50:06,650 [grpc-default-executor-6] INFO  impl.RoleInfo (RoleInfo.java:updateAndGet(143)) - 834445fe-d519-4872-b649-1f7fcc1408aa: start FollowerState
2019-10-17 20:50:06,650 [Thread-636] INFO  impl.FollowerState (FollowerState.java:run(117)) - 834445fe-d519-4872-b649-1f7fcc1408aa@group-6C293A8FB381-FollowerState was interrupted: java.lang.InterruptedException: sleep interrupted
2019-10-17 20:50:06,673 [9e5dbcb7-9947-4856-b3fd-92d703a68307@group-6C293A8FB381-LeaderElection43] INFO  impl.LeaderElection (LeaderElection.java:logAndReturn(56)) - 9e5dbcb7-9947-4856-b3fd-92d703a68307@group-6C293A8FB381-LeaderElection43: Election REJECTED; received 2 response(s) [9e5dbcb7-9947-4856-b3fd-92d703a68307<-834445fe-d519-4872-b649-1f7fcc1408aa#0:FAIL-t30, 9e5dbcb7-9947-4856-b3fd-92d703a68307<-d47c3a04-f2fd-4c6d-9c5b-cf5163b6c213#0:FAIL-t30] and 0 exception(s); 9e5dbcb7-9947-4856-b3fd-92d703a68307@group-6C293A8FB381:t30, leader=null, voted=9e5dbcb7-9947-4856-b3fd-92d703a68307, raftlog=9e5dbcb7-9947-4856-b3fd-92d703a68307@group-6C293A8FB381-SegmentedRaftLog:OPENED:c-1,f-1,i0, conf=-1: [9e5dbcb7-9947-4856-b3fd-92d703a68307:192.168.164.201:39744, 834445fe-d519-4872-b649-1f7fcc1408aa:192.168.164.201:32919, d47c3a04-f2fd-4c6d-9c5b-cf5163b6c213:192.168.164.201:45277], old=null
2019-10-17 20:50:06,673 [9e5dbcb7-9947-4856-b3fd-92d703a68307@group-6C293A8FB381-LeaderElection43] INFO  impl.RaftServerImpl (RaftServerImpl.java:setRole(184)) - 9e5dbcb7-9947-4856-b3fd-92d703a68307@group-6C293A8FB381: changes role from CANDIDATE to FOLLOWER at term 30 for DISCOVERED_A_NEW_TERM
2019-10-17 20:50:06,673 [9e5dbcb7-9947-4856-b3fd-92d703a68307@group-6C293A8FB381-LeaderElection43] INFO  impl.RoleInfo (RoleInfo.java:shutdownLeaderElection(134)) - 9e5dbcb7-9947-4856-b3fd-92d703a68307: shutdown LeaderElection
2019-10-17 20:50:06,673 [9e5dbcb7-9947-4856-b3fd-92d703a68307@group-6C293A8FB381-LeaderElection43] INFO  impl.RoleInfo (RoleInfo.java:updateAndGet(143)) - 9e5dbcb7-9947-4856-b3fd-92d703a68307: start FollowerState
2019-10-17 20:50:06,779 [Thread-644] INFO  impl.FollowerState (FollowerState.java:run(108)) - 9e5dbcb7-9947-4856-b3fd-92d703a68307@group-6C293A8FB381-FollowerState: change to CANDIDATE, lastRpcTime:105ms, electionTimeout:105ms
2019-10-17 20:50:06,781 [Thread-644] INFO  impl.RoleInfo (RoleInfo.java:shutdownFollowerState(121)) - 9e5dbcb7-9947-4856-b3fd-92d703a68307: shutdown FollowerState
2019-10-17 20:50:06,781 [Thread-644] INFO  impl.RaftServerImpl (RaftServerImpl.java:setRole(184)) - 9e5dbcb7-9947-4856-b3fd-92d703a68307@group-6C293A8FB381: changes role from  FOLLOWER to CANDIDATE at term 30 for changeToCandidate
2019-10-17 20:50:06,782 [Thread-644] INFO  impl.RoleInfo (RoleInfo.java:updateAndGet(143)) - 9e5dbcb7-9947-4856-b3fd-92d703a68307: start LeaderElection
2019-10-17 20:50:06,805 [9e5dbcb7-9947-4856-b3fd-92d703a68307@group-6C293A8FB381-LeaderElection44] INFO  impl.LeaderElection (LeaderElection.java:askForVotes(178)) - 9e5dbcb7-9947-4856-b3fd-92d703a68307@group-6C293A8FB381-LeaderElection44: begin an election at term 31 for -1: [9e5dbcb7-9947-4856-b3fd-92d703a68307:192.168.164.201:39744, 834445fe-d519-4872-b649-1f7fcc1408aa:192.168.164.201:32919, d47c3a04-f2fd-4c6d-9c5b-cf5163b6c213:192.168.164.201:45277], old=null
2019-10-17 20:50:06,809 [grpc-default-executor-2] INFO  impl.RaftServerImpl (RaftServerImpl.java:setRole(184)) - 834445fe-d519-4872-b649-1f7fcc1408aa@group-6C293A8FB381: changes role from  FOLLOWER to FOLLOWER at term 31 for recognizeCandidate:9e5dbcb7-9947-4856-b3fd-92d703a68307
2019-10-17 20:50:06,809 [grpc-default-executor-2] INFO  impl.RoleInfo (RoleInfo.java:shutdownFollowerState(121)) - 834445fe-d519-4872-b649-1f7fcc1408aa: shutdown FollowerState
2019-10-17 20:50:06,809 [grpc-default-executor-2] INFO  impl.RoleInfo (RoleInfo.java:updateAndGet(143)) - 834445fe-d519-4872-b649-1f7fcc1408aa: start FollowerState
2019-10-17 20:50:06,809 [Thread-643] INFO  impl.FollowerState (FollowerState.java:run(117)) - 834445fe-d519-4872-b649-1f7fcc1408aa@group-6C293A8FB381-FollowerState was interrupted: java.lang.InterruptedException: sleep interrupted
2019-10-17 20:50:06,810 [grpc-default-executor-6] INFO  impl.RaftServerImpl (RaftServerImpl.java:setRole(184)) - d47c3a04-f2fd-4c6d-9c5b-cf5163b6c213@group-6C293A8FB381: changes role from  FOLLOWER to FOLLOWER at term 31 for recognizeCandidate:9e5dbcb7-9947-4856-b3fd-92d703a68307
2019-10-17 20:50:06,810 [grpc-default-executor-6] INFO  impl.RoleInfo (RoleInfo.java:shutdownFollowerState(121)) - d47c3a04-f2fd-4c6d-9c5b-cf5163b6c213: shutdown FollowerState
2019-10-17 20:50:06,810 [grpc-default-executor-6] INFO  impl.RoleInfo (RoleInfo.java:updateAndGet(143)) - d47c3a04-f2fd-4c6d-9c5b-cf5163b6c213: start FollowerState
2019-10-17 20:50:06,810 [Thread-642] INFO  impl.FollowerState (FollowerState.java:run(117)) - d47c3a04-f2fd-4c6d-9c5b-cf5163b6c213@group-6C293A8FB381-FollowerState was interrupted: java.lang.InterruptedException: sleep interrupted
2019-10-17 20:50:06,840 [9e5dbcb7-9947-4856-b3fd-92d703a68307@group-6C293A8FB381-LeaderElection44] INFO  impl.LeaderElection (LeaderElection.java:logAndReturn(56)) - 9e5dbcb7-9947-4856-b3fd-92d703a68307@group-6C293A8FB381-LeaderElection44: Election REJECTED; received 2 response(s) [9e5dbcb7-9947-4856-b3fd-92d703a68307<-834445fe-d519-4872-b649-1f7fcc1408aa#0:FAIL-t31, 9e5dbcb7-9947-4856-b3fd-92d703a68307<-d47c3a04-f2fd-4c6d-9c5b-cf5163b6c213#0:FAIL-t31] and 0 exception(s); 9e5dbcb7-9947-4856-b3fd-92d703a68307@group-6C293A8FB381:t31, leader=null, voted=9e5dbcb7-9947-4856-b3fd-92d703a68307, raftlog=9e5dbcb7-9947-4856-b3fd-92d703a68307@group-6C293A8FB381-SegmentedRaftLog:OPENED:c-1,f-1,i0, conf=-1: [9e5dbcb7-9947-4856-b3fd-92d703a68307:192.168.164.201:39744, 834445fe-d519-4872-b649-1f7fcc1408aa:192.168.164.201:32919, d47c3a04-f2fd-4c6d-9c5b-cf5163b6c213:192.168.164.201:45277], old=null
2019-10-17 20:50:06,841 [9e5dbcb7-9947-4856-b3fd-92d703a68307@group-6C293A8FB381-LeaderElection44] INFO  impl.RaftServerImpl (RaftServerImpl.java:setRole(184)) - 9e5dbcb7-9947-4856-b3fd-92d703a68307@group-6C293A8FB381: changes role from CANDIDATE to FOLLOWER at term 31 for DISCOVERED_A_NEW_TERM
2019-10-17 20:50:06,841 [9e5dbcb7-9947-4856-b3fd-92d703a68307@group-6C293A8FB381-LeaderElection44] INFO  impl.RoleInfo (RoleInfo.java:shutdownLeaderElection(134)) - 9e5dbcb7-9947-4856-b3fd-92d703a68307: shutdown LeaderElection
2019-10-17 20:50:06,841 [9e5dbcb7-9947-4856-b3fd-92d703a68307@group-6C293A8FB381-LeaderElection44] INFO  impl.RoleInfo (RoleInfo.java:updateAndGet(143)) - 9e5dbcb7-9947-4856-b3fd-92d703a68307: start FollowerState
2019-10-17 20:50:06,878 [Thread-650] INFO  impl.FollowerState (FollowerState.java:run(108)) - 9e5dbcb7-9947-4856-b3fd-92d703a68307@group-6C293A8FB381-FollowerState: change to CANDIDATE, lastRpcTime:36ms, electionTimeout:36ms
2019-10-17 20:50:06,880 [Thread-650] INFO  impl.RoleInfo (RoleInfo.java:shutdownFollowerState(121)) - 9e5dbcb7-9947-4856-b3fd-92d703a68307: shutdown FollowerState
2019-10-17 20:50:06,880 [Thread-650] INFO  impl.RaftServerImpl (RaftServerImpl.java:setRole(184)) - 9e5dbcb7-9947-4856-b3fd-92d703a68307@group-6C293A8FB381: changes role from  FOLLOWER to CANDIDATE at term 31 for changeToCandidate
2019-10-17 20:50:06,881 [Thread-650] INFO  impl.RoleInfo (RoleInfo.java:updateAndGet(143)) - 9e5dbcb7-9947-4856-b3fd-92d703a68307: start LeaderElection
2019-10-17 20:50:06,906 [9e5dbcb7-9947-4856-b3fd-92d703a68307@group-6C293A8FB381-LeaderElection45] INFO  impl.LeaderElection (LeaderElection.java:askForVotes(178)) - 9e5dbcb7-9947-4856-b3fd-92d703a68307@group-6C293A8FB381-LeaderElection45: begin an election at term 32 for -1: [9e5dbcb7-9947-4856-b3fd-92d703a68307:192.168.164.201:39744, 834445fe-d519-4872-b649-1f7fcc1408aa:192.168.164.201:32919, d47c3a04-f2fd-4c6d-9c5b-cf5163b6c213:192.168.164.201:45277], old=null
2019-10-17 20:50:06,909 [grpc-default-executor-6] INFO  impl.RaftServerImpl (RaftServerImpl.java:setRole(184)) - 834445fe-d519-4872-b649-1f7fcc1408aa@group-6C293A8FB381: changes role from  FOLLOWER to FOLLOWER at term 32 for recognizeCandidate:9e5dbcb7-9947-4856-b3fd-92d703a68307
2019-10-17 20:50:06,909 [grpc-default-executor-2] INFO  impl.RaftServerImpl (RaftServerImpl.java:setRole(184)) - d47c3a04-f2fd-4c6d-9c5b-cf5163b6c213@group-6C293A8FB381: changes role from  FOLLOWER to FOLLOWER at term 32 for recognizeCandidate:9e5dbcb7-9947-4856-b3fd-92d703a68307
2019-10-17 20:50:06,909 [grpc-default-executor-6] INFO  impl.RoleInfo (RoleInfo.java:shutdownFollowerState(121)) - 834445fe-d519-4872-b649-1f7fcc1408aa: shutdown FollowerState
2019-10-17 20:50:06,909 [grpc-default-executor-2] INFO  impl.RoleInfo (RoleInfo.java:shutdownFollowerState(121)) - d47c3a04-f2fd-4c6d-9c5b-cf5163b6c213: shutdown FollowerState
2019-10-17 20:50:06,910 [Thread-648] INFO  impl.FollowerState (FollowerState.java:run(117)) - 834445fe-d519-4872-b649-1f7fcc1408aa@group-6C293A8FB381-FollowerState was interrupted: java.lang.InterruptedException: sleep interrupted
2019-10-17 20:50:06,910 [Thread-649] INFO  impl.FollowerState (FollowerState.java:run(117)) - d47c3a04-f2fd-4c6d-9c5b-cf5163b6c213@group-6C293A8FB381-FollowerState was interrupted: java.lang.InterruptedException: sleep interrupted
2019-10-17 20:50:06,910 [grpc-default-executor-6] INFO  impl.RoleInfo (RoleInfo.java:updateAndGet(143)) - 834445fe-d519-4872-b649-1f7fcc1408aa: start FollowerState
2019-10-17 20:50:06,910 [grpc-default-executor-2] INFO  impl.RoleInfo (RoleInfo.java:updateAndGet(143)) - d47c3a04-f2fd-4c6d-9c5b-cf5163b6c213: start FollowerState
2019-10-17 20:50:06,933 [9e5dbcb7-9947-4856-b3fd-92d703a68307@group-6C293A8FB381-LeaderElection45] INFO  impl.LeaderElection (LeaderElection.java:logAndReturn(56)) - 9e5dbcb7-9947-4856-b3fd-92d703a68307@group-6C293A8FB381-LeaderElection45: Election REJECTED; received 2 response(s) [9e5dbcb7-9947-4856-b3fd-92d703a68307<-834445fe-d519-4872-b649-1f7fcc1408aa#0:FAIL-t32, 9e5dbcb7-9947-4856-b3fd-92d703a68307<-d47c3a04-f2fd-4c6d-9c5b-cf5163b6c213#0:FAIL-t32] and 0 exception(s); 9e5dbcb7-9947-4856-b3fd-92d703a68307@group-6C293A8FB381:t32, leader=null, voted=9e5dbcb7-9947-4856-b3fd-92d703a68307, raftlog=9e5dbcb7-9947-4856-b3fd-92d703a68307@group-6C293A8FB381-SegmentedRaftLog:OPENED:c-1,f-1,i0, conf=-1: [9e5dbcb7-9947-4856-b3fd-92d703a68307:192.168.164.201:39744, 834445fe-d519-4872-b649-1f7fcc1408aa:192.168.164.201:32919, d47c3a04-f2fd-4c6d-9c5b-cf5163b6c213:192.168.164.201:45277], old=null
2019-10-17 20:50:06,933 [9e5dbcb7-9947-4856-b3fd-92d703a68307@group-6C293A8FB381-LeaderElection45] INFO  impl.RaftServerImpl (RaftServerImpl.java:setRole(184)) - 9e5dbcb7-9947-4856-b3fd-92d703a68307@group-6C293A8FB381: changes role from CANDIDATE to FOLLOWER at term 32 for DISCOVERED_A_NEW_TERM
2019-10-17 20:50:06,933 [9e5dbcb7-9947-4856-b3fd-92d703a68307@group-6C293A8FB381-LeaderElection45] INFO  impl.RoleInfo (RoleInfo.java:shutdownLeaderElection(134)) - 9e5dbcb7-9947-4856-b3fd-92d703a68307: shutdown LeaderElection
2019-10-17 20:50:06,934 [9e5dbcb7-9947-4856-b3fd-92d703a68307@group-6C293A8FB381-LeaderElection45] INFO  impl.RoleInfo (RoleInfo.java:updateAndGet(143)) - 9e5dbcb7-9947-4856-b3fd-92d703a68307: start FollowerState
2019-10-17 20:50:07,097 [Thread-656] INFO  impl.FollowerState (FollowerState.java:run(108)) - 9e5dbcb7-9947-4856-b3fd-92d703a68307@group-6C293A8FB381-FollowerState: change to CANDIDATE, lastRpcTime:163ms, electionTimeout:163ms
2019-10-17 20:50:07,106 [Thread-656] INFO  impl.RoleInfo (RoleInfo.java:shutdownFollowerState(121)) - 9e5dbcb7-9947-4856-b3fd-92d703a68307: shutdown FollowerState
2019-10-17 20:50:07,106 [Thread-656] INFO  impl.RaftServerImpl (RaftServerImpl.java:setRole(184)) - 9e5dbcb7-9947-4856-b3fd-92d703a68307@group-6C293A8FB381: changes role from  FOLLOWER to CANDIDATE at term 32 for changeToCandidate
2019-10-17 20:50:07,106 [Thread-656] INFO  impl.RoleInfo (RoleInfo.java:updateAndGet(143)) - 9e5dbcb7-9947-4856-b3fd-92d703a68307: start LeaderElection
2019-10-17 20:50:07,132 [9e5dbcb7-9947-4856-b3fd-92d703a68307@group-6C293A8FB381-LeaderElection46] INFO  impl.LeaderElection (LeaderElection.java:askForVotes(178)) - 9e5dbcb7-9947-4856-b3fd-92d703a68307@group-6C293A8FB381-LeaderElection46: begin an election at term 33 for -1: [9e5dbcb7-9947-4856-b3fd-92d703a68307:192.168.164.201:39744, 834445fe-d519-4872-b649-1f7fcc1408aa:192.168.164.201:32919, d47c3a04-f2fd-4c6d-9c5b-cf5163b6c213:192.168.164.201:45277], old=null
2019-10-17 20:50:07,135 [grpc-default-executor-6] INFO  impl.RaftServerImpl (RaftServerImpl.java:setRole(184)) - d47c3a04-f2fd-4c6d-9c5b-cf5163b6c213@group-6C293A8FB381: changes role from  FOLLOWER to FOLLOWER at term 33 for recognizeCandidate:9e5dbcb7-9947-4856-b3fd-92d703a68307
2019-10-17 20:50:07,136 [grpc-default-executor-6] INFO  impl.RoleInfo (RoleInfo.java:shutdownFollowerState(121)) - d47c3a04-f2fd-4c6d-9c5b-cf5163b6c213: shutdown FollowerState
2019-10-17 20:50:07,136 [grpc-default-executor-2] INFO  impl.RaftServerImpl (RaftServerImpl.java:setRole(184)) - 834445fe-d519-4872-b649-1f7fcc1408aa@group-6C293A8FB381: changes role from  FOLLOWER to FOLLOWER at term 33 for recognizeCandidate:9e5dbcb7-9947-4856-b3fd-92d703a68307
2019-10-17 20:50:07,136 [Thread-655] INFO  impl.FollowerState (FollowerState.java:run(117)) - d47c3a04-f2fd-4c6d-9c5b-cf5163b6c213@group-6C293A8FB381-FollowerState was interrupted: java.lang.InterruptedException: sleep interrupted
2019-10-17 20:50:07,136 [grpc-default-executor-6] INFO  impl.RoleInfo (RoleInfo.java:updateAndGet(143)) - d47c3a04-f2fd-4c6d-9c5b-cf5163b6c213: start FollowerState
2019-10-17 20:50:07,136 [grpc-default-executor-2] INFO  impl.RoleInfo (RoleInfo.java:shutdownFollowerState(121)) - 834445fe-d519-4872-b649-1f7fcc1408aa: shutdown FollowerState
2019-10-17 20:50:07,137 [grpc-default-executor-2] INFO  impl.RoleInfo (RoleInfo.java:updateAndGet(143)) - 834445fe-d519-4872-b649-1f7fcc1408aa: start FollowerState
2019-10-17 20:50:07,137 [Thread-654] INFO  impl.FollowerState (FollowerState.java:run(117)) - 834445fe-d519-4872-b649-1f7fcc1408aa@group-6C293A8FB381-FollowerState was interrupted: java.lang.InterruptedException: sleep interrupted
2019-10-17 20:50:07,167 [9e5dbcb7-9947-4856-b3fd-92d703a68307@group-6C293A8FB381-LeaderElection46] INFO  impl.LeaderElection (LeaderElection.java:logAndReturn(56)) - 9e5dbcb7-9947-4856-b3fd-92d703a68307@group-6C293A8FB381-LeaderElection46: Election REJECTED; received 2 response(s) [9e5dbcb7-9947-4856-b3fd-92d703a68307<-834445fe-d519-4872-b649-1f7fcc1408aa#0:FAIL-t33, 9e5dbcb7-9947-4856-b3fd-92d703a68307<-d47c3a04-f2fd-4c6d-9c5b-cf5163b6c213#0:FAIL-t33] and 0 exception(s); 9e5dbcb7-9947-4856-b3fd-92d703a68307@group-6C293A8FB381:t33, leader=null, voted=9e5dbcb7-9947-4856-b3fd-92d703a68307, raftlog=9e5dbcb7-9947-4856-b3fd-92d703a68307@group-6C293A8FB381-SegmentedRaftLog:OPENED:c-1,f-1,i0, conf=-1: [9e5dbcb7-9947-4856-b3fd-92d703a68307:192.168.164.201:39744, 834445fe-d519-4872-b649-1f7fcc1408aa:192.168.164.201:32919, d47c3a04-f2fd-4c6d-9c5b-cf5163b6c213:192.168.164.201:45277], old=null
2019-10-17 20:50:07,167 [9e5dbcb7-9947-4856-b3fd-92d703a68307@group-6C293A8FB381-LeaderElection46] INFO  impl.RaftServerImpl (RaftServerImpl.java:setRole(184)) - 9e5dbcb7-9947-4856-b3fd-92d703a68307@group-6C293A8FB381: changes role from CANDIDATE to FOLLOWER at term 33 for DISCOVERED_A_NEW_TERM
2019-10-17 20:50:07,167 [9e5dbcb7-9947-4856-b3fd-92d703a68307@group-6C293A8FB381-LeaderElection46] INFO  impl.RoleInfo (RoleInfo.java:shutdownLeaderElection(134)) - 9e5dbcb7-9947-4856-b3fd-92d703a68307: shutdown LeaderElection
2019-10-17 20:50:07,167 [9e5dbcb7-9947-4856-b3fd-92d703a68307@group-6C293A8FB381-LeaderElection46] INFO  impl.RoleInfo (RoleInfo.java:updateAndGet(143)) - 9e5dbcb7-9947-4856-b3fd-92d703a68307: start FollowerState
2019-10-17 20:50:07,202 [Thread-662] INFO  impl.FollowerState (FollowerState.java:run(108)) - 9e5dbcb7-9947-4856-b3fd-92d703a68307@group-6C293A8FB381-FollowerState: change to CANDIDATE, lastRpcTime:34ms, electionTimeout:34ms
2019-10-17 20:50:07,202 [Thread-662] INFO  impl.RoleInfo (RoleInfo.java:shutdownFollowerState(121)) - 9e5dbcb7-9947-4856-b3fd-92d703a68307: shutdown FollowerState
2019-10-17 20:50:07,202 [Thread-662] INFO  impl.RaftServerImpl (RaftServerImpl.java:setRole(184)) - 9e5dbcb7-9947-4856-b3fd-92d703a68307@group-6C293A8FB381: changes role from  FOLLOWER to CANDIDATE at term 33 for changeToCandidate
2019-10-17 20:50:07,203 [Thread-662] INFO  impl.RoleInfo (RoleInfo.java:updateAndGet(143)) - 9e5dbcb7-9947-4856-b3fd-92d703a68307: start LeaderElection
2019-10-17 20:50:07,233 [9e5dbcb7-9947-4856-b3fd-92d703a68307@group-6C293A8FB381-LeaderElection47] INFO  impl.LeaderElection (LeaderElection.java:askForVotes(178)) - 9e5dbcb7-9947-4856-b3fd-92d703a68307@group-6C293A8FB381-LeaderElection47: begin an election at term 34 for -1: [9e5dbcb7-9947-4856-b3fd-92d703a68307:192.168.164.201:39744, 834445fe-d519-4872-b649-1f7fcc1408aa:192.168.164.201:32919, d47c3a04-f2fd-4c6d-9c5b-cf5163b6c213:192.168.164.201:45277], old=null
2019-10-17 20:50:07,235 [grpc-default-executor-2] INFO  impl.RaftServerImpl (RaftServerImpl.java:setRole(184)) - 834445fe-d519-4872-b649-1f7fcc1408aa@group-6C293A8FB381: changes role from  FOLLOWER to FOLLOWER at term 34 for recognizeCandidate:9e5dbcb7-9947-4856-b3fd-92d703a68307
2019-10-17 20:50:07,235 [grpc-default-executor-2] INFO  impl.RoleInfo (RoleInfo.java:shutdownFollowerState(121)) - 834445fe-d519-4872-b649-1f7fcc1408aa: shutdown FollowerState
2019-10-17 20:50:07,235 [grpc-default-executor-2] INFO  impl.RoleInfo (RoleInfo.java:updateAndGet(143)) - 834445fe-d519-4872-b649-1f7fcc1408aa: start FollowerState
2019-10-17 20:50:07,235 [Thread-661] INFO  impl.FollowerState (FollowerState.java:run(117)) - 834445fe-d519-4872-b649-1f7fcc1408aa@group-6C293A8FB381-FollowerState was interrupted: java.lang.InterruptedException: sleep interrupted
2019-10-17 20:50:07,236 [grpc-default-executor-6] INFO  impl.RaftServerImpl (RaftServerImpl.java:setRole(184)) - d47c3a04-f2fd-4c6d-9c5b-cf5163b6c213@group-6C293A8FB381: changes role from  FOLLOWER to FOLLOWER at term 34 for recognizeCandidate:9e5dbcb7-9947-4856-b3fd-92d703a68307
2019-10-17 20:50:07,236 [grpc-default-executor-6] INFO  impl.RoleInfo (RoleInfo.java:shutdownFollowerState(121)) - d47c3a04-f2fd-4c6d-9c5b-cf5163b6c213: shutdown FollowerState
2019-10-17 20:50:07,236 [grpc-default-executor-6] INFO  impl.RoleInfo (RoleInfo.java:updateAndGet(143)) - d47c3a04-f2fd-4c6d-9c5b-cf5163b6c213: start FollowerState
2019-10-17 20:50:07,236 [Thread-660] INFO  impl.FollowerState (FollowerState.java:run(117)) - d47c3a04-f2fd-4c6d-9c5b-cf5163b6c213@group-6C293A8FB381-FollowerState was interrupted: java.lang.InterruptedException: sleep interrupted
2019-10-17 20:50:07,259 [9e5dbcb7-9947-4856-b3fd-92d703a68307@group-6C293A8FB381-LeaderElection47] INFO  impl.LeaderElection (LeaderElection.java:logAndReturn(56)) - 9e5dbcb7-9947-4856-b3fd-92d703a68307@group-6C293A8FB381-LeaderElection47: Election REJECTED; received 2 response(s) [9e5dbcb7-9947-4856-b3fd-92d703a68307<-834445fe-d519-4872-b649-1f7fcc1408aa#0:FAIL-t34, 9e5dbcb7-9947-4856-b3fd-92d703a68307<-d47c3a04-f2fd-4c6d-9c5b-cf5163b6c213#0:FAIL-t34] and 0 exception(s); 9e5dbcb7-9947-4856-b3fd-92d703a68307@group-6C293A8FB381:t34, leader=null, voted=9e5dbcb7-9947-4856-b3fd-92d703a68307, raftlog=9e5dbcb7-9947-4856-b3fd-92d703a68307@group-6C293A8FB381-SegmentedRaftLog:OPENED:c-1,f-1,i0, conf=-1: [9e5dbcb7-9947-4856-b3fd-92d703a68307:192.168.164.201:39744, 834445fe-d519-4872-b649-1f7fcc1408aa:192.168.164.201:32919, d47c3a04-f2fd-4c6d-9c5b-cf5163b6c213:192.168.164.201:45277], old=null
2019-10-17 20:50:07,259 [9e5dbcb7-9947-4856-b3fd-92d703a68307@group-6C293A8FB381-LeaderElection47] INFO  impl.RaftServerImpl (RaftServerImpl.java:setRole(184)) - 9e5dbcb7-9947-4856-b3fd-92d703a68307@group-6C293A8FB381: changes role from CANDIDATE to FOLLOWER at term 34 for DISCOVERED_A_NEW_TERM
2019-10-17 20:50:07,260 [9e5dbcb7-9947-4856-b3fd-92d703a68307@group-6C293A8FB381-LeaderElection47] INFO  impl.RoleInfo (RoleInfo.java:shutdownLeaderElection(134)) - 9e5dbcb7-9947-4856-b3fd-92d703a68307: shutdown LeaderElection
2019-10-17 20:50:07,260 [9e5dbcb7-9947-4856-b3fd-92d703a68307@group-6C293A8FB381-LeaderElection47] INFO  impl.RoleInfo (RoleInfo.java:updateAndGet(143)) - 9e5dbcb7-9947-4856-b3fd-92d703a68307: start FollowerState
2019-10-17 20:50:07,342 [Thread-668] INFO  impl.FollowerState (FollowerState.java:run(108)) - 9e5dbcb7-9947-4856-b3fd-92d703a68307@group-6C293A8FB381-FollowerState: change to CANDIDATE, lastRpcTime:82ms, electionTimeout:82ms
2019-10-17 20:50:07,343 [Thread-668] INFO  impl.RoleInfo (RoleInfo.java:shutdownFollowerState(121)) - 9e5dbcb7-9947-4856-b3fd-92d703a68307: shutdown FollowerState
2019-10-17 20:50:07,343 [Thread-668] INFO  impl.RaftServerImpl (RaftServerImpl.java:setRole(184)) - 9e5dbcb7-9947-4856-b3fd-92d703a68307@group-6C293A8FB381: changes role from  FOLLOWER to CANDIDATE at term 34 for changeToCandidate
2019-10-17 20:50:07,343 [Thread-668] INFO  impl.RoleInfo (RoleInfo.java:updateAndGet(143)) - 9e5dbcb7-9947-4856-b3fd-92d703a68307: start LeaderElection
2019-10-17 20:50:07,367 [9e5dbcb7-9947-4856-b3fd-92d703a68307@group-6C293A8FB381-LeaderElection48] INFO  impl.LeaderElection (LeaderElection.java:askForVotes(178)) - 9e5dbcb7-9947-4856-b3fd-92d703a68307@group-6C293A8FB381-LeaderElection48: begin an election at term 35 for -1: [9e5dbcb7-9947-4856-b3fd-92d703a68307:192.168.164.201:39744, 834445fe-d519-4872-b649-1f7fcc1408aa:192.168.164.201:32919, d47c3a04-f2fd-4c6d-9c5b-cf5163b6c213:192.168.164.201:45277], old=null
2019-10-17 20:50:07,370 [grpc-default-executor-6] INFO  impl.RaftServerImpl (RaftServerImpl.java:setRole(184)) - 834445fe-d519-4872-b649-1f7fcc1408aa@group-6C293A8FB381: changes role from  FOLLOWER to FOLLOWER at term 35 for recognizeCandidate:9e5dbcb7-9947-4856-b3fd-92d703a68307
2019-10-17 20:50:07,371 [grpc-default-executor-2] INFO  impl.RaftServerImpl (RaftServerImpl.java:setRole(184)) - d47c3a04-f2fd-4c6d-9c5b-cf5163b6c213@group-6C293A8FB381: changes role from  FOLLOWER to FOLLOWER at term 35 for recognizeCandidate:9e5dbcb7-9947-4856-b3fd-92d703a68307
2019-10-17 20:50:07,371 [grpc-default-executor-2] INFO  impl.RoleInfo (RoleInfo.java:shutdownFollowerState(121)) - d47c3a04-f2fd-4c6d-9c5b-cf5163b6c213: shutdown FollowerState
2019-10-17 20:50:07,371 [grpc-default-executor-6] INFO  impl.RoleInfo (RoleInfo.java:shutdownFollowerState(121)) - 834445fe-d519-4872-b649-1f7fcc1408aa: shutdown FollowerState
2019-10-17 20:50:07,371 [Thread-667] INFO  impl.FollowerState (FollowerState.java:run(117)) - d47c3a04-f2fd-4c6d-9c5b-cf5163b6c213@group-6C293A8FB381-FollowerState was interrupted: java.lang.InterruptedException: sleep interrupted
2019-10-17 20:50:07,371 [grpc-default-executor-2] INFO  impl.RoleInfo (RoleInfo.java:updateAndGet(143)) - d47c3a04-f2fd-4c6d-9c5b-cf5163b6c213: start FollowerState
2019-10-17 20:50:07,371 [Thread-666] INFO  impl.FollowerState (FollowerState.java:run(117)) - 834445fe-d519-4872-b649-1f7fcc1408aa@group-6C293A8FB381-FollowerState was interrupted: java.lang.InterruptedException: sleep interrupted
2019-10-17 20:50:07,371 [grpc-default-executor-6] INFO  impl.RoleInfo (RoleInfo.java:updateAndGet(143)) - 834445fe-d519-4872-b649-1f7fcc1408aa: start FollowerState
2019-10-17 20:50:07,402 [9e5dbcb7-9947-4856-b3fd-92d703a68307@group-6C293A8FB381-LeaderElection48] INFO  impl.LeaderElection (LeaderElection.java:logAndReturn(56)) - 9e5dbcb7-9947-4856-b3fd-92d703a68307@group-6C293A8FB381-LeaderElection48: Election REJECTED; received 2 response(s) [9e5dbcb7-9947-4856-b3fd-92d703a68307<-834445fe-d519-4872-b649-1f7fcc1408aa#0:FAIL-t35, 9e5dbcb7-9947-4856-b3fd-92d703a68307<-d47c3a04-f2fd-4c6d-9c5b-cf5163b6c213#0:FAIL-t35] and 0 exception(s); 9e5dbcb7-9947-4856-b3fd-92d703a68307@group-6C293A8FB381:t35, leader=null, voted=9e5dbcb7-9947-4856-b3fd-92d703a68307, raftlog=9e5dbcb7-9947-4856-b3fd-92d703a68307@group-6C293A8FB381-SegmentedRaftLog:OPENED:c-1,f-1,i0, conf=-1: [9e5dbcb7-9947-4856-b3fd-92d703a68307:192.168.164.201:39744, 834445fe-d519-4872-b649-1f7fcc1408aa:192.168.164.201:32919, d47c3a04-f2fd-4c6d-9c5b-cf5163b6c213:192.168.164.201:45277], old=null
2019-10-17 20:50:07,403 [9e5dbcb7-9947-4856-b3fd-92d703a68307@group-6C293A8FB381-LeaderElection48] INFO  impl.RaftServerImpl (RaftServerImpl.java:setRole(184)) - 9e5dbcb7-9947-4856-b3fd-92d703a68307@group-6C293A8FB381: changes role from CANDIDATE to FOLLOWER at term 35 for DISCOVERED_A_NEW_TERM
2019-10-17 20:50:07,403 [9e5dbcb7-9947-4856-b3fd-92d703a68307@group-6C293A8FB381-LeaderElection48] INFO  impl.RoleInfo (RoleInfo.java:shutdownLeaderElection(134)) - 9e5dbcb7-9947-4856-b3fd-92d703a68307: shutdown LeaderElection
2019-10-17 20:50:07,403 [9e5dbcb7-9947-4856-b3fd-92d703a68307@group-6C293A8FB381-LeaderElection48] INFO  impl.RoleInfo (RoleInfo.java:updateAndGet(143)) - 9e5dbcb7-9947-4856-b3fd-92d703a68307: start FollowerState
 0.00% |?                                                                                                    |  0/1 Time: 0:00:022019-10-17 20:50:07,590 [Thread-674] INFO  impl.FollowerState (FollowerState.java:run(108)) - 9e5dbcb7-9947-4856-b3fd-92d703a68307@group-6C293A8FB381-FollowerState: change to CANDIDATE, lastRpcTime:186ms, electionTimeout:186ms
2019-10-17 20:50:07,590 [Thread-674] INFO  impl.RoleInfo (RoleInfo.java:shutdownFollowerState(121)) - 9e5dbcb7-9947-4856-b3fd-92d703a68307: shutdown FollowerState
2019-10-17 20:50:07,590 [Thread-674] INFO  impl.RaftServerImpl (RaftServerImpl.java:setRole(184)) - 9e5dbcb7-9947-4856-b3fd-92d703a68307@group-6C293A8FB381: changes role from  FOLLOWER to CANDIDATE at term 35 for changeToCandidate
2019-10-17 20:50:07,590 [Thread-674] INFO  impl.RoleInfo (RoleInfo.java:updateAndGet(143)) - 9e5dbcb7-9947-4856-b3fd-92d703a68307: start LeaderElection
2019-10-17 20:50:07,618 [9e5dbcb7-9947-4856-b3fd-92d703a68307@group-6C293A8FB381-LeaderElection49] INFO  impl.LeaderElection (LeaderElection.java:askForVotes(178)) - 9e5dbcb7-9947-4856-b3fd-92d703a68307@group-6C293A8FB381-LeaderElection49: begin an election at term 36 for -1: [9e5dbcb7-9947-4856-b3fd-92d703a68307:192.168.164.201:39744, 834445fe-d519-4872-b649-1f7fcc1408aa:192.168.164.201:32919, d47c3a04-f2fd-4c6d-9c5b-cf5163b6c213:192.168.164.201:45277], old=null
2019-10-17 20:50:07,622 [grpc-default-executor-2] INFO  impl.RaftServerImpl (RaftServerImpl.java:setRole(184)) - 834445fe-d519-4872-b649-1f7fcc1408aa@group-6C293A8FB381: changes role from  FOLLOWER to FOLLOWER at term 36 for recognizeCandidate:9e5dbcb7-9947-4856-b3fd-92d703a68307
2019-10-17 20:50:07,622 [grpc-default-executor-2] INFO  impl.RoleInfo (RoleInfo.java:shutdownFollowerState(121)) - 834445fe-d519-4872-b649-1f7fcc1408aa: shutdown FollowerState
2019-10-17 20:50:07,623 [grpc-default-executor-6] INFO  impl.RaftServerImpl (RaftServerImpl.java:setRole(184)) - d47c3a04-f2fd-4c6d-9c5b-cf5163b6c213@group-6C293A8FB381: changes role from  FOLLOWER to FOLLOWER at term 36 for recognizeCandidate:9e5dbcb7-9947-4856-b3fd-92d703a68307
2019-10-17 20:50:07,623 [grpc-default-executor-6] INFO  impl.RoleInfo (RoleInfo.java:shutdownFollowerState(121)) - d47c3a04-f2fd-4c6d-9c5b-cf5163b6c213: shutdown FollowerState
2019-10-17 20:50:07,623 [Thread-673] INFO  impl.FollowerState (FollowerState.java:run(117)) - 834445fe-d519-4872-b649-1f7fcc1408aa@group-6C293A8FB381-FollowerState was interrupted: java.lang.InterruptedException: sleep interrupted
2019-10-17 20:50:07,623 [grpc-default-executor-2] INFO  impl.RoleInfo (RoleInfo.java:updateAndGet(143)) - 834445fe-d519-4872-b649-1f7fcc1408aa: start FollowerState
2019-10-17 20:50:07,623 [Thread-672] INFO  impl.FollowerState (FollowerState.java:run(117)) - d47c3a04-f2fd-4c6d-9c5b-cf5163b6c213@group-6C293A8FB381-FollowerState was interrupted: java.lang.InterruptedException: sleep interrupted
2019-10-17 20:50:07,623 [grpc-default-executor-6] INFO  impl.RoleInfo (RoleInfo.java:updateAndGet(143)) - d47c3a04-f2fd-4c6d-9c5b-cf5163b6c213: start FollowerState
2019-10-17 20:50:07,653 [9e5dbcb7-9947-4856-b3fd-92d703a68307@group-6C293A8FB381-LeaderElection49] INFO  impl.LeaderElection (LeaderElection.java:logAndReturn(56)) - 9e5dbcb7-9947-4856-b3fd-92d703a68307@group-6C293A8FB381-LeaderElection49: Election REJECTED; received 2 response(s) [9e5dbcb7-9947-4856-b3fd-92d703a68307<-834445fe-d519-4872-b649-1f7fcc1408aa#0:FAIL-t36, 9e5dbcb7-9947-4856-b3fd-92d703a68307<-d47c3a04-f2fd-4c6d-9c5b-cf5163b6c213#0:FAIL-t36] and 0 exception(s); 9e5dbcb7-9947-4856-b3fd-92d703a68307@group-6C293A8FB381:t36, leader=null, voted=9e5dbcb7-9947-4856-b3fd-92d703a68307, raftlog=9e5dbcb7-9947-4856-b3fd-92d703a68307@group-6C293A8FB381-SegmentedRaftLog:OPENED:c-1,f-1,i0, conf=-1: [9e5dbcb7-9947-4856-b3fd-92d703a68307:192.168.164.201:39744, 834445fe-d519-4872-b649-1f7fcc1408aa:192.168.164.201:32919, d47c3a04-f2fd-4c6d-9c5b-cf5163b6c213:192.168.164.201:45277], old=null
2019-10-17 20:50:07,653 [9e5dbcb7-9947-4856-b3fd-92d703a68307@group-6C293A8FB381-LeaderElection49] INFO  impl.RaftServerImpl (RaftServerImpl.java:setRole(184)) - 9e5dbcb7-9947-4856-b3fd-92d703a68307@group-6C293A8FB381: changes role from CANDIDATE to FOLLOWER at term 36 for DISCOVERED_A_NEW_TERM
2019-10-17 20:50:07,653 [9e5dbcb7-9947-4856-b3fd-92d703a68307@group-6C293A8FB381-LeaderElection49] INFO  impl.RoleInfo (RoleInfo.java:shutdownLeaderElection(134)) - 9e5dbcb7-9947-4856-b3fd-92d703a68307: shutdown LeaderElection
2019-10-17 20:50:07,653 [9e5dbcb7-9947-4856-b3fd-92d703a68307@group-6C293A8FB381-LeaderElection49] INFO  impl.RoleInfo (RoleInfo.java:updateAndGet(143)) - 9e5dbcb7-9947-4856-b3fd-92d703a68307: start FollowerState
2019-10-17 20:50:07,849 [Thread-680] INFO  impl.FollowerState (FollowerState.java:run(108)) - 9e5dbcb7-9947-4856-b3fd-92d703a68307@group-6C293A8FB381-FollowerState: change to CANDIDATE, lastRpcTime:195ms, electionTimeout:195ms
2019-10-17 20:50:07,849 [Thread-680] INFO  impl.RoleInfo (RoleInfo.java:shutdownFollowerState(121)) - 9e5dbcb7-9947-4856-b3fd-92d703a68307: shutdown FollowerState
2019-10-17 20:50:07,849 [Thread-680] INFO  impl.RaftServerImpl (RaftServerImpl.java:setRole(184)) - 9e5dbcb7-9947-4856-b3fd-92d703a68307@group-6C293A8FB381: changes role from  FOLLOWER to CANDIDATE at term 36 for changeToCandidate
2019-10-17 20:50:07,850 [Thread-680] INFO  impl.RoleInfo (RoleInfo.java:updateAndGet(143)) - 9e5dbcb7-9947-4856-b3fd-92d703a68307: start LeaderElection
2019-10-17 20:50:07,877 [9e5dbcb7-9947-4856-b3fd-92d703a68307@group-6C293A8FB381-LeaderElection50] INFO  impl.LeaderElection (LeaderElection.java:askForVotes(178)) - 9e5dbcb7-9947-4856-b3fd-92d703a68307@group-6C293A8FB381-LeaderElection50: begin an election at term 37 for -1: [9e5dbcb7-9947-4856-b3fd-92d703a68307:192.168.164.201:39744, 834445fe-d519-4872-b649-1f7fcc1408aa:192.168.164.201:32919, d47c3a04-f2fd-4c6d-9c5b-cf5163b6c213:192.168.164.201:45277], old=null
2019-10-17 20:50:07,884 [grpc-default-executor-6] INFO  impl.RaftServerImpl (RaftServerImpl.java:setRole(184)) - 834445fe-d519-4872-b649-1f7fcc1408aa@group-6C293A8FB381: changes role from  FOLLOWER to FOLLOWER at term 37 for recognizeCandidate:9e5dbcb7-9947-4856-b3fd-92d703a68307
2019-10-17 20:50:07,884 [EventQueue-PipelineReportForPipelineReportHandler] INFO  pipeline.PipelineReportHandler (PipelineReportHandler.java:processPipelineReport(119)) - Pipeline PipelineID=837aeac8-183b-434f-a0f9-6c293a8fb381 reported by 834445fe-d519-4872-b649-1f7fcc1408aa{ip: 192.168.164.201, host: pr-hdds-1868-s6sc9-3720172378, networkLocation: /default-rack, certSerialId: null} with leaderId 834445fe-d519-4872-b649-1f7fcc1408aa
2019-10-17 20:50:07,884 [grpc-default-executor-2] INFO  impl.RaftServerImpl (RaftServerImpl.java:setRole(184)) - d47c3a04-f2fd-4c6d-9c5b-cf5163b6c213@group-6C293A8FB381: changes role from  FOLLOWER to FOLLOWER at term 37 for recognizeCandidate:9e5dbcb7-9947-4856-b3fd-92d703a68307
2019-10-17 20:50:07,884 [grpc-default-executor-6] INFO  impl.RoleInfo (RoleInfo.java:shutdownFollowerState(121)) - 834445fe-d519-4872-b649-1f7fcc1408aa: shutdown FollowerState
2019-10-17 20:50:07,884 [grpc-default-executor-2] INFO  impl.RoleInfo (RoleInfo.java:shutdownFollowerState(121)) - d47c3a04-f2fd-4c6d-9c5b-cf5163b6c213: shutdown FollowerState
2019-10-17 20:50:07,885 [Thread-678] INFO  impl.FollowerState (FollowerState.java:run(117)) - 834445fe-d519-4872-b649-1f7fcc1408aa@group-6C293A8FB381-FollowerState was interrupted: java.lang.InterruptedException: sleep interrupted
2019-10-17 20:50:07,885 [grpc-default-executor-6] INFO  impl.RoleInfo (RoleInfo.java:updateAndGet(143)) - 834445fe-d519-4872-b649-1f7fcc1408aa: start FollowerState
2019-10-17 20:50:07,885 [Thread-679] INFO  impl.FollowerState (FollowerState.java:run(117)) - d47c3a04-f2fd-4c6d-9c5b-cf5163b6c213@group-6C293A8FB381-FollowerState was interrupted: java.lang.InterruptedException: sleep interrupted
2019-10-17 20:50:07,885 [grpc-default-executor-2] INFO  impl.RoleInfo (RoleInfo.java:updateAndGet(143)) - d47c3a04-f2fd-4c6d-9c5b-cf5163b6c213: start FollowerState
2019-10-17 20:50:07,912 [9e5dbcb7-9947-4856-b3fd-92d703a68307@group-6C293A8FB381-LeaderElection50] INFO  impl.LeaderElection (LeaderElection.java:logAndReturn(56)) - 9e5dbcb7-9947-4856-b3fd-92d703a68307@group-6C293A8FB381-LeaderElection50: Election REJECTED; received 2 response(s) [9e5dbcb7-9947-4856-b3fd-92d703a68307<-834445fe-d519-4872-b649-1f7fcc1408aa#0:FAIL-t37, 9e5dbcb7-9947-4856-b3fd-92d703a68307<-d47c3a04-f2fd-4c6d-9c5b-cf5163b6c213#0:FAIL-t37] and 0 exception(s); 9e5dbcb7-9947-4856-b3fd-92d703a68307@group-6C293A8FB381:t37, leader=null, voted=9e5dbcb7-9947-4856-b3fd-92d703a68307, raftlog=9e5dbcb7-9947-4856-b3fd-92d703a68307@group-6C293A8FB381-SegmentedRaftLog:OPENED:c-1,f-1,i0, conf=-1: [9e5dbcb7-9947-4856-b3fd-92d703a68307:192.168.164.201:39744, 834445fe-d519-4872-b649-1f7fcc1408aa:192.168.164.201:32919, d47c3a04-f2fd-4c6d-9c5b-cf5163b6c213:192.168.164.201:45277], old=null
2019-10-17 20:50:07,913 [9e5dbcb7-9947-4856-b3fd-92d703a68307@group-6C293A8FB381-LeaderElection50] INFO  impl.RaftServerImpl (RaftServerImpl.java:setRole(184)) - 9e5dbcb7-9947-4856-b3fd-92d703a68307@group-6C293A8FB381: changes role from CANDIDATE to FOLLOWER at term 37 for DISCOVERED_A_NEW_TERM
2019-10-17 20:50:07,913 [9e5dbcb7-9947-4856-b3fd-92d703a68307@group-6C293A8FB381-LeaderElection50] INFO  impl.RoleInfo (RoleInfo.java:shutdownLeaderElection(134)) - 9e5dbcb7-9947-4856-b3fd-92d703a68307: shutdown LeaderElection
2019-10-17 20:50:07,913 [9e5dbcb7-9947-4856-b3fd-92d703a68307@group-6C293A8FB381-LeaderElection50] INFO  impl.RoleInfo (RoleInfo.java:updateAndGet(143)) - 9e5dbcb7-9947-4856-b3fd-92d703a68307: start FollowerState
2019-10-17 20:50:07,940 [Thread-686] INFO  impl.FollowerState (FollowerState.java:run(108)) - 9e5dbcb7-9947-4856-b3fd-92d703a68307@group-6C293A8FB381-FollowerState: change to CANDIDATE, lastRpcTime:26ms, electionTimeout:26ms
2019-10-17 20:50:07,940 [Thread-686] INFO  impl.RoleInfo (RoleInfo.java:shutdownFollowerState(121)) - 9e5dbcb7-9947-4856-b3fd-92d703a68307: shutdown FollowerState
2019-10-17 20:50:07,940 [Thread-686] INFO  impl.RaftServerImpl (RaftServerImpl.java:setRole(184)) - 9e5dbcb7-9947-4856-b3fd-92d703a68307@group-6C293A8FB381: changes role from  FOLLOWER to CANDIDATE at term 37 for changeToCandidate
2019-10-17 20:50:07,940 [Thread-686] INFO  impl.RoleInfo (RoleInfo.java:updateAndGet(143)) - 9e5dbcb7-9947-4856-b3fd-92d703a68307: start LeaderElection
2019-10-17 20:50:07,970 [9e5dbcb7-9947-4856-b3fd-92d703a68307@group-6C293A8FB381-LeaderElection51] INFO  impl.LeaderElection (LeaderElection.java:askForVotes(178)) - 9e5dbcb7-9947-4856-b3fd-92d703a68307@group-6C293A8FB381-LeaderElection51: begin an election at term 38 for -1: [9e5dbcb7-9947-4856-b3fd-92d703a68307:192.168.164.201:39744, 834445fe-d519-4872-b649-1f7fcc1408aa:192.168.164.201:32919, d47c3a04-f2fd-4c6d-9c5b-cf5163b6c213:192.168.164.201:45277], old=null
2019-10-17 20:50:07,976 [grpc-default-executor-2] INFO  impl.RaftServerImpl (RaftServerImpl.java:setRole(184)) - d47c3a04-f2fd-4c6d-9c5b-cf5163b6c213@group-6C293A8FB381: changes role from  FOLLOWER to FOLLOWER at term 38 for recognizeCandidate:9e5dbcb7-9947-4856-b3fd-92d703a68307
2019-10-17 20:50:07,976 [grpc-default-executor-2] INFO  impl.RoleInfo (RoleInfo.java:shutdownFollowerState(121)) - d47c3a04-f2fd-4c6d-9c5b-cf5163b6c213: shutdown FollowerState
2019-10-17 20:50:07,977 [grpc-default-executor-2] INFO  impl.RoleInfo (RoleInfo.java:updateAndGet(143)) - d47c3a04-f2fd-4c6d-9c5b-cf5163b6c213: start FollowerState
2019-10-17 20:50:07,977 [grpc-default-executor-6] INFO  impl.RaftServerImpl (RaftServerImpl.java:setRole(184)) - 834445fe-d519-4872-b649-1f7fcc1408aa@group-6C293A8FB381: changes role from  FOLLOWER to FOLLOWER at term 38 for recognizeCandidate:9e5dbcb7-9947-4856-b3fd-92d703a68307
2019-10-17 20:50:07,977 [Thread-685] INFO  impl.FollowerState (FollowerState.java:run(117)) - d47c3a04-f2fd-4c6d-9c5b-cf5163b6c213@group-6C293A8FB381-FollowerState was interrupted: java.lang.InterruptedException: sleep interrupted
2019-10-17 20:50:07,977 [grpc-default-executor-6] INFO  impl.RoleInfo (RoleInfo.java:shutdownFollowerState(121)) - 834445fe-d519-4872-b649-1f7fcc1408aa: shutdown FollowerState
2019-10-17 20:50:07,978 [Thread-684] INFO  impl.FollowerState (FollowerState.java:run(117)) - 834445fe-d519-4872-b649-1f7fcc1408aa@group-6C293A8FB381-FollowerState was interrupted: java.lang.InterruptedException: sleep interrupted
2019-10-17 20:50:07,978 [grpc-default-executor-6] INFO  impl.RoleInfo (RoleInfo.java:updateAndGet(143)) - 834445fe-d519-4872-b649-1f7fcc1408aa: start FollowerState
2019-10-17 20:50:08,005 [9e5dbcb7-9947-4856-b3fd-92d703a68307@group-6C293A8FB381-LeaderElection51] INFO  impl.LeaderElection (LeaderElection.java:logAndReturn(56)) - 9e5dbcb7-9947-4856-b3fd-92d703a68307@group-6C293A8FB381-LeaderElection51: Election REJECTED; received 2 response(s) [9e5dbcb7-9947-4856-b3fd-92d703a68307<-834445fe-d519-4872-b649-1f7fcc1408aa#0:FAIL-t38, 9e5dbcb7-9947-4856-b3fd-92d703a68307<-d47c3a04-f2fd-4c6d-9c5b-cf5163b6c213#0:FAIL-t38] and 0 exception(s); 9e5dbcb7-9947-4856-b3fd-92d703a68307@group-6C293A8FB381:t38, leader=null, voted=9e5dbcb7-9947-4856-b3fd-92d703a68307, raftlog=9e5dbcb7-9947-4856-b3fd-92d703a68307@group-6C293A8FB381-SegmentedRaftLog:OPENED:c-1,f-1,i0, conf=-1: [9e5dbcb7-9947-4856-b3fd-92d703a68307:192.168.164.201:39744, 834445fe-d519-4872-b649-1f7fcc1408aa:192.168.164.201:32919, d47c3a04-f2fd-4c6d-9c5b-cf5163b6c213:192.168.164.201:45277], old=null
2019-10-17 20:50:08,005 [9e5dbcb7-9947-4856-b3fd-92d703a68307@group-6C293A8FB381-LeaderElection51] INFO  impl.RaftServerImpl (RaftServerImpl.java:setRole(184)) - 9e5dbcb7-9947-4856-b3fd-92d703a68307@group-6C293A8FB381: changes role from CANDIDATE to FOLLOWER at term 38 for DISCOVERED_A_NEW_TERM
2019-10-17 20:50:08,005 [9e5dbcb7-9947-4856-b3fd-92d703a68307@group-6C293A8FB381-LeaderElection51] INFO  impl.RoleInfo (RoleInfo.java:shutdownLeaderElection(134)) - 9e5dbcb7-9947-4856-b3fd-92d703a68307: shutdown LeaderElection
2019-10-17 20:50:08,006 [9e5dbcb7-9947-4856-b3fd-92d703a68307@group-6C293A8FB381-LeaderElection51] INFO  impl.RoleInfo (RoleInfo.java:updateAndGet(143)) - 9e5dbcb7-9947-4856-b3fd-92d703a68307: start FollowerState
2019-10-17 20:50:08,176 [Thread-692] INFO  impl.FollowerState (FollowerState.java:run(108)) - 9e5dbcb7-9947-4856-b3fd-92d703a68307@group-6C293A8FB381-FollowerState: change to CANDIDATE, lastRpcTime:170ms, electionTimeout:170ms
2019-10-17 20:50:08,176 [Thread-692] INFO  impl.RoleInfo (RoleInfo.java:shutdownFollowerState(121)) - 9e5dbcb7-9947-4856-b3fd-92d703a68307: shutdown FollowerState
2019-10-17 20:50:08,176 [Thread-692] INFO  impl.RaftServerImpl (RaftServerImpl.java:setRole(184)) - 9e5dbcb7-9947-4856-b3fd-92d703a68307@group-6C293A8FB381: changes role from  FOLLOWER to CANDIDATE at term 38 for changeToCandidate
2019-10-17 20:50:08,177 [Thread-692] INFO  impl.RoleInfo (RoleInfo.java:updateAndGet(143)) - 9e5dbcb7-9947-4856-b3fd-92d703a68307: start LeaderElection
2019-10-17 20:50:08,204 [9e5dbcb7-9947-4856-b3fd-92d703a68307@group-6C293A8FB381-LeaderElection52] INFO  impl.LeaderElection (LeaderElection.java:askForVotes(178)) - 9e5dbcb7-9947-4856-b3fd-92d703a68307@group-6C293A8FB381-LeaderElection52: begin an election at term 39 for -1: [9e5dbcb7-9947-4856-b3fd-92d703a68307:192.168.164.201:39744, 834445fe-d519-4872-b649-1f7fcc1408aa:192.168.164.201:32919, d47c3a04-f2fd-4c6d-9c5b-cf5163b6c213:192.168.164.201:45277], old=null
2019-10-17 20:50:08,209 [grpc-default-executor-2] INFO  impl.RaftServerImpl (RaftServerImpl.java:setRole(184)) - 834445fe-d519-4872-b649-1f7fcc1408aa@group-6C293A8FB381: changes role from  FOLLOWER to FOLLOWER at term 39 for recognizeCandidate:9e5dbcb7-9947-4856-b3fd-92d703a68307
2019-10-17 20:50:08,209 [grpc-default-executor-2] INFO  impl.RoleInfo (RoleInfo.java:shutdownFollowerState(121)) - 834445fe-d519-4872-b649-1f7fcc1408aa: shutdown FollowerState
2019-10-17 20:50:08,209 [grpc-default-executor-6] INFO  impl.RaftServerImpl (RaftServerImpl.java:setRole(184)) - d47c3a04-f2fd-4c6d-9c5b-cf5163b6c213@group-6C293A8FB381: changes role from  FOLLOWER to FOLLOWER at term 39 for recognizeCandidate:9e5dbcb7-9947-4856-b3fd-92d703a68307
2019-10-17 20:50:08,209 [grpc-default-executor-2] INFO  impl.RoleInfo (RoleInfo.java:updateAndGet(143)) - 834445fe-d519-4872-b649-1f7fcc1408aa: start FollowerState
2019-10-17 20:50:08,209 [Thread-691] INFO  impl.FollowerState (FollowerState.java:run(117)) - 834445fe-d519-4872-b649-1f7fcc1408aa@group-6C293A8FB381-FollowerState was interrupted: java.lang.InterruptedException: sleep interrupted
2019-10-17 20:50:08,209 [grpc-default-executor-6] INFO  impl.RoleInfo (RoleInfo.java:shutdownFollowerState(121)) - d47c3a04-f2fd-4c6d-9c5b-cf5163b6c213: shutdown FollowerState
2019-10-17 20:50:08,210 [grpc-default-executor-6] INFO  impl.RoleInfo (RoleInfo.java:updateAndGet(143)) - d47c3a04-f2fd-4c6d-9c5b-cf5163b6c213: start FollowerState
2019-10-17 20:50:08,210 [Thread-690] INFO  impl.FollowerState (FollowerState.java:run(117)) - d47c3a04-f2fd-4c6d-9c5b-cf5163b6c213@group-6C293A8FB381-FollowerState was interrupted: java.lang.InterruptedException: sleep interrupted
2019-10-17 20:50:08,239 [9e5dbcb7-9947-4856-b3fd-92d703a68307@group-6C293A8FB381-LeaderElection52] INFO  impl.LeaderElection (LeaderElection.java:logAndReturn(56)) - 9e5dbcb7-9947-4856-b3fd-92d703a68307@group-6C293A8FB381-LeaderElection52: Election REJECTED; received 2 response(s) [9e5dbcb7-9947-4856-b3fd-92d703a68307<-834445fe-d519-4872-b649-1f7fcc1408aa#0:FAIL-t39, 9e5dbcb7-9947-4856-b3fd-92d703a68307<-d47c3a04-f2fd-4c6d-9c5b-cf5163b6c213#0:FAIL-t39] and 0 exception(s); 9e5dbcb7-9947-4856-b3fd-92d703a68307@group-6C293A8FB381:t39, leader=null, voted=9e5dbcb7-9947-4856-b3fd-92d703a68307, raftlog=9e5dbcb7-9947-4856-b3fd-92d703a68307@group-6C293A8FB381-SegmentedRaftLog:OPENED:c-1,f-1,i0, conf=-1: [9e5dbcb7-9947-4856-b3fd-92d703a68307:192.168.164.201:39744, 834445fe-d519-4872-b649-1f7fcc1408aa:192.168.164.201:32919, d47c3a04-f2fd-4c6d-9c5b-cf5163b6c213:192.168.164.201:45277], old=null
2019-10-17 20:50:08,239 [9e5dbcb7-9947-4856-b3fd-92d703a68307@group-6C293A8FB381-LeaderElection52] INFO  impl.RaftServerImpl (RaftServerImpl.java:setRole(184)) - 9e5dbcb7-9947-4856-b3fd-92d703a68307@group-6C293A8FB381: changes role from CANDIDATE to FOLLOWER at term 39 for DISCOVERED_A_NEW_TERM
2019-10-17 20:50:08,239 [9e5dbcb7-9947-4856-b3fd-92d703a68307@group-6C293A8FB381-LeaderElection52] INFO  impl.RoleInfo (RoleInfo.java:shutdownLeaderElection(134)) - 9e5dbcb7-9947-4856-b3fd-92d703a68307: shutdown LeaderElection
2019-10-17 20:50:08,240 [9e5dbcb7-9947-4856-b3fd-92d703a68307@group-6C293A8FB381-LeaderElection52] INFO  impl.RoleInfo (RoleInfo.java:updateAndGet(143)) - 9e5dbcb7-9947-4856-b3fd-92d703a68307: start FollowerState
2019-10-17 20:50:08,438 [Thread-698] INFO  impl.FollowerState (FollowerState.java:run(108)) - 9e5dbcb7-9947-4856-b3fd-92d703a68307@group-6C293A8FB381-FollowerState: change to CANDIDATE, lastRpcTime:198ms, electionTimeout:198ms
2019-10-17 20:50:08,438 [Thread-698] INFO  impl.RoleInfo (RoleInfo.java:shutdownFollowerState(121)) - 9e5dbcb7-9947-4856-b3fd-92d703a68307: shutdown FollowerState
2019-10-17 20:50:08,438 [Thread-698] INFO  impl.RaftServerImpl (RaftServerImpl.java:setRole(184)) - 9e5dbcb7-9947-4856-b3fd-92d703a68307@group-6C293A8FB381: changes role from  FOLLOWER to CANDIDATE at term 39 for changeToCandidate
2019-10-17 20:50:08,439 [Thread-698] INFO  impl.RoleInfo (RoleInfo.java:updateAndGet(143)) - 9e5dbcb7-9947-4856-b3fd-92d703a68307: start LeaderElection
2019-10-17 20:50:08,464 [9e5dbcb7-9947-4856-b3fd-92d703a68307@group-6C293A8FB381-LeaderElection53] INFO  impl.LeaderElection (LeaderElection.java:askForVotes(178)) - 9e5dbcb7-9947-4856-b3fd-92d703a68307@group-6C293A8FB381-LeaderElection53: begin an election at term 40 for -1: [9e5dbcb7-9947-4856-b3fd-92d703a68307:192.168.164.201:39744, 834445fe-d519-4872-b649-1f7fcc1408aa:192.168.164.201:32919, d47c3a04-f2fd-4c6d-9c5b-cf5163b6c213:192.168.164.201:45277], old=null
2019-10-17 20:50:08,470 [grpc-default-executor-6] INFO  impl.RaftServerImpl (RaftServerImpl.java:setRole(184)) - d47c3a04-f2fd-4c6d-9c5b-cf5163b6c213@group-6C293A8FB381: changes role from  FOLLOWER to FOLLOWER at term 40 for recognizeCandidate:9e5dbcb7-9947-4856-b3fd-92d703a68307
2019-10-17 20:50:08,470 [grpc-default-executor-2] INFO  impl.RaftServerImpl (RaftServerImpl.java:setRole(184)) - 834445fe-d519-4872-b649-1f7fcc1408aa@group-6C293A8FB381: changes role from  FOLLOWER to FOLLOWER at term 40 for recognizeCandidate:9e5dbcb7-9947-4856-b3fd-92d703a68307
2019-10-17 20:50:08,470 [grpc-default-executor-6] INFO  impl.RoleInfo (RoleInfo.java:shutdownFollowerState(121)) - d47c3a04-f2fd-4c6d-9c5b-cf5163b6c213: shutdown FollowerState
2019-10-17 20:50:08,471 [grpc-default-executor-2] INFO  impl.RoleInfo (RoleInfo.java:shutdownFollowerState(121)) - 834445fe-d519-4872-b649-1f7fcc1408aa: shutdown FollowerState
2019-10-17 20:50:08,471 [Thread-697] INFO  impl.FollowerState (FollowerState.java:run(117)) - d47c3a04-f2fd-4c6d-9c5b-cf5163b6c213@group-6C293A8FB381-FollowerState was interrupted: java.lang.InterruptedException: sleep interrupted
2019-10-17 20:50:08,471 [grpc-default-executor-6] INFO  impl.RoleInfo (RoleInfo.java:updateAndGet(143)) - d47c3a04-f2fd-4c6d-9c5b-cf5163b6c213: start FollowerState
2019-10-17 20:50:08,471 [Thread-696] INFO  impl.FollowerState (FollowerState.java:run(117)) - 834445fe-d519-4872-b649-1f7fcc1408aa@group-6C293A8FB381-FollowerState was interrupted: java.lang.InterruptedException: sleep interrupted
2019-10-17 20:50:08,471 [grpc-default-executor-2] INFO  impl.RoleInfo (RoleInfo.java:updateAndGet(143)) - 834445fe-d519-4872-b649-1f7fcc1408aa: start FollowerState
2019-10-17 20:50:08,499 [9e5dbcb7-9947-4856-b3fd-92d703a68307@group-6C293A8FB381-LeaderElection53] INFO  impl.LeaderElection (LeaderElection.java:logAndReturn(56)) - 9e5dbcb7-9947-4856-b3fd-92d703a68307@group-6C293A8FB381-LeaderElection53: Election REJECTED; received 2 response(s) [9e5dbcb7-9947-4856-b3fd-92d703a68307<-834445fe-d519-4872-b649-1f7fcc1408aa#0:FAIL-t40, 9e5dbcb7-9947-4856-b3fd-92d703a68307<-d47c3a04-f2fd-4c6d-9c5b-cf5163b6c213#0:FAIL-t40] and 0 exception(s); 9e5dbcb7-9947-4856-b3fd-92d703a68307@group-6C293A8FB381:t40, leader=null, voted=9e5dbcb7-9947-4856-b3fd-92d703a68307, raftlog=9e5dbcb7-9947-4856-b3fd-92d703a68307@group-6C293A8FB381-SegmentedRaftLog:OPENED:c-1,f-1,i0, conf=-1: [9e5dbcb7-9947-4856-b3fd-92d703a68307:192.168.164.201:39744, 834445fe-d519-4872-b649-1f7fcc1408aa:192.168.164.201:32919, d47c3a04-f2fd-4c6d-9c5b-cf5163b6c213:192.168.164.201:45277], old=null
2019-10-17 20:50:08,499 [9e5dbcb7-9947-4856-b3fd-92d703a68307@group-6C293A8FB381-LeaderElection53] INFO  impl.RaftServerImpl (RaftServerImpl.java:setRole(184)) - 9e5dbcb7-9947-4856-b3fd-92d703a68307@group-6C293A8FB381: changes role from CANDIDATE to FOLLOWER at term 40 for DISCOVERED_A_NEW_TERM
2019-10-17 20:50:08,499 [9e5dbcb7-9947-4856-b3fd-92d703a68307@group-6C293A8FB381-LeaderElection53] INFO  impl.RoleInfo (RoleInfo.java:shutdownLeaderElection(134)) - 9e5dbcb7-9947-4856-b3fd-92d703a68307: shutdown LeaderElection
2019-10-17 20:50:08,499 [9e5dbcb7-9947-4856-b3fd-92d703a68307@group-6C293A8FB381-LeaderElection53] INFO  impl.RoleInfo (RoleInfo.java:updateAndGet(143)) - 9e5dbcb7-9947-4856-b3fd-92d703a68307: start FollowerState
 0.00% |?                                                                                                    |  0/1 Time: 0:00:032019-10-17 20:50:08,550 [Thread-704] INFO  impl.FollowerState (FollowerState.java:run(108)) - 9e5dbcb7-9947-4856-b3fd-92d703a68307@group-6C293A8FB381-FollowerState: change to CANDIDATE, lastRpcTime:50ms, electionTimeout:50ms
2019-10-17 20:50:08,550 [Thread-704] INFO  impl.RoleInfo (RoleInfo.java:shutdownFollowerState(121)) - 9e5dbcb7-9947-4856-b3fd-92d703a68307: shutdown FollowerState
2019-10-17 20:50:08,550 [Thread-704] INFO  impl.RaftServerImpl (RaftServerImpl.java:setRole(184)) - 9e5dbcb7-9947-4856-b3fd-92d703a68307@group-6C293A8FB381: changes role from  FOLLOWER to CANDIDATE at term 40 for changeToCandidate
2019-10-17 20:50:08,550 [Thread-704] INFO  impl.RoleInfo (RoleInfo.java:updateAndGet(143)) - 9e5dbcb7-9947-4856-b3fd-92d703a68307: start LeaderElection
2019-10-17 20:50:08,573 [9e5dbcb7-9947-4856-b3fd-92d703a68307@group-6C293A8FB381-LeaderElection54] INFO  impl.LeaderElection (LeaderElection.java:askForVotes(178)) - 9e5dbcb7-9947-4856-b3fd-92d703a68307@group-6C293A8FB381-LeaderElection54: begin an election at term 41 for -1: [9e5dbcb7-9947-4856-b3fd-92d703a68307:192.168.164.201:39744, 834445fe-d519-4872-b649-1f7fcc1408aa:192.168.164.201:32919, d47c3a04-f2fd-4c6d-9c5b-cf5163b6c213:192.168.164.201:45277], old=null
2019-10-17 20:50:08,578 [grpc-default-executor-6] INFO  impl.RaftServerImpl (RaftServerImpl.java:setRole(184)) - 834445fe-d519-4872-b649-1f7fcc1408aa@group-6C293A8FB381: changes role from  FOLLOWER to FOLLOWER at term 41 for recognizeCandidate:9e5dbcb7-9947-4856-b3fd-92d703a68307
2019-10-17 20:50:08,579 [grpc-default-executor-6] INFO  impl.RoleInfo (RoleInfo.java:shutdownFollowerState(121)) - 834445fe-d519-4872-b649-1f7fcc1408aa: shutdown FollowerState
2019-10-17 20:50:08,579 [grpc-default-executor-2] INFO  impl.RaftServerImpl (RaftServerImpl.java:setRole(184)) - d47c3a04-f2fd-4c6d-9c5b-cf5163b6c213@group-6C293A8FB381: changes role from  FOLLOWER to FOLLOWER at term 41 for recognizeCandidate:9e5dbcb7-9947-4856-b3fd-92d703a68307
2019-10-17 20:50:08,579 [grpc-default-executor-6] INFO  impl.RoleInfo (RoleInfo.java:updateAndGet(143)) - 834445fe-d519-4872-b649-1f7fcc1408aa: start FollowerState
2019-10-17 20:50:08,579 [Thread-703] INFO  impl.FollowerState (FollowerState.java:run(117)) - 834445fe-d519-4872-b649-1f7fcc1408aa@group-6C293A8FB381-FollowerState was interrupted: java.lang.InterruptedException: sleep interrupted
2019-10-17 20:50:08,579 [grpc-default-executor-2] INFO  impl.RoleInfo (RoleInfo.java:shutdownFollowerState(121)) - d47c3a04-f2fd-4c6d-9c5b-cf5163b6c213: shutdown FollowerState
2019-10-17 20:50:08,580 [grpc-default-executor-2] INFO  impl.RoleInfo (RoleInfo.java:updateAndGet(143)) - d47c3a04-f2fd-4c6d-9c5b-cf5163b6c213: start FollowerState
2019-10-17 20:50:08,580 [Thread-702] INFO  impl.FollowerState (FollowerState.java:run(117)) - d47c3a04-f2fd-4c6d-9c5b-cf5163b6c213@group-6C293A8FB381-FollowerState was interrupted: java.lang.InterruptedException: sleep interrupted
2019-10-17 20:50:08,597 [9e5dbcb7-9947-4856-b3fd-92d703a68307@group-6C293A8FB381-LeaderElection54] INFO  impl.LeaderElection (LeaderElection.java:logAndReturn(56)) - 9e5dbcb7-9947-4856-b3fd-92d703a68307@group-6C293A8FB381-LeaderElection54: Election TIMEOUT; received 0 response(s) [] and 0 exception(s); 9e5dbcb7-9947-4856-b3fd-92d703a68307@group-6C293A8FB381:t41, leader=null, voted=9e5dbcb7-9947-4856-b3fd-92d703a68307, raftlog=9e5dbcb7-9947-4856-b3fd-92d703a68307@group-6C293A8FB381-SegmentedRaftLog:OPENED:c-1,f-1,i0, conf=-1: [9e5dbcb7-9947-4856-b3fd-92d703a68307:192.168.164.201:39744, 834445fe-d519-4872-b649-1f7fcc1408aa:192.168.164.201:32919, d47c3a04-f2fd-4c6d-9c5b-cf5163b6c213:192.168.164.201:45277], old=null
2019-10-17 20:50:08,624 [9e5dbcb7-9947-4856-b3fd-92d703a68307@group-6C293A8FB381-LeaderElection54] INFO  impl.LeaderElection (LeaderElection.java:askForVotes(178)) - 9e5dbcb7-9947-4856-b3fd-92d703a68307@group-6C293A8FB381-LeaderElection54: begin an election at term 42 for -1: [9e5dbcb7-9947-4856-b3fd-92d703a68307:192.168.164.201:39744, 834445fe-d519-4872-b649-1f7fcc1408aa:192.168.164.201:32919, d47c3a04-f2fd-4c6d-9c5b-cf5163b6c213:192.168.164.201:45277], old=null
2019-10-17 20:50:08,628 [grpc-default-executor-2] INFO  impl.RaftServerImpl (RaftServerImpl.java:setRole(184)) - 834445fe-d519-4872-b649-1f7fcc1408aa@group-6C293A8FB381: changes role from  FOLLOWER to FOLLOWER at term 42 for recognizeCandidate:9e5dbcb7-9947-4856-b3fd-92d703a68307
2019-10-17 20:50:08,628 [grpc-default-executor-2] INFO  impl.RoleInfo (RoleInfo.java:shutdownFollowerState(121)) - 834445fe-d519-4872-b649-1f7fcc1408aa: shutdown FollowerState
2019-10-17 20:50:08,628 [grpc-default-executor-2] INFO  impl.RoleInfo (RoleInfo.java:updateAndGet(143)) - 834445fe-d519-4872-b649-1f7fcc1408aa: start FollowerState
2019-10-17 20:50:08,628 [Thread-708] INFO  impl.FollowerState (FollowerState.java:run(117)) - 834445fe-d519-4872-b649-1f7fcc1408aa@group-6C293A8FB381-FollowerState was interrupted: java.lang.InterruptedException: sleep interrupted
2019-10-17 20:50:08,628 [grpc-default-executor-6] INFO  impl.RaftServerImpl (RaftServerImpl.java:setRole(184)) - d47c3a04-f2fd-4c6d-9c5b-cf5163b6c213@group-6C293A8FB381: changes role from  FOLLOWER to FOLLOWER at term 42 for recognizeCandidate:9e5dbcb7-9947-4856-b3fd-92d703a68307
2019-10-17 20:50:08,629 [grpc-default-executor-6] INFO  impl.RoleInfo (RoleInfo.java:shutdownFollowerState(121)) - d47c3a04-f2fd-4c6d-9c5b-cf5163b6c213: shutdown FollowerState
2019-10-17 20:50:08,629 [grpc-default-executor-6] INFO  impl.RoleInfo (RoleInfo.java:updateAndGet(143)) - d47c3a04-f2fd-4c6d-9c5b-cf5163b6c213: start FollowerState
2019-10-17 20:50:08,629 [Thread-709] INFO  impl.FollowerState (FollowerState.java:run(117)) - d47c3a04-f2fd-4c6d-9c5b-cf5163b6c213@group-6C293A8FB381-FollowerState was interrupted: java.lang.InterruptedException: sleep interrupted
2019-10-17 20:50:08,659 [9e5dbcb7-9947-4856-b3fd-92d703a68307@group-6C293A8FB381-LeaderElection54] INFO  impl.LeaderElection (LeaderElection.java:logAndReturn(56)) - 9e5dbcb7-9947-4856-b3fd-92d703a68307@group-6C293A8FB381-LeaderElection54: Election REJECTED; received 2 response(s) [9e5dbcb7-9947-4856-b3fd-92d703a68307<-834445fe-d519-4872-b649-1f7fcc1408aa#0:FAIL-t42, 9e5dbcb7-9947-4856-b3fd-92d703a68307<-d47c3a04-f2fd-4c6d-9c5b-cf5163b6c213#0:FAIL-t42] and 0 exception(s); 9e5dbcb7-9947-4856-b3fd-92d703a68307@group-6C293A8FB381:t42, leader=null, voted=9e5dbcb7-9947-4856-b3fd-92d703a68307, raftlog=9e5dbcb7-9947-4856-b3fd-92d703a68307@group-6C293A8FB381-SegmentedRaftLog:OPENED:c-1,f-1,i0, conf=-1: [9e5dbcb7-9947-4856-b3fd-92d703a68307:192.168.164.201:39744, 834445fe-d519-4872-b649-1f7fcc1408aa:192.168.164.201:32919, d47c3a04-f2fd-4c6d-9c5b-cf5163b6c213:192.168.164.201:45277], old=null
2019-10-17 20:50:08,659 [9e5dbcb7-9947-4856-b3fd-92d703a68307@group-6C293A8FB381-LeaderElection54] INFO  impl.RaftServerImpl (RaftServerImpl.java:setRole(184)) - 9e5dbcb7-9947-4856-b3fd-92d703a68307@group-6C293A8FB381: changes role from CANDIDATE to FOLLOWER at term 42 for DISCOVERED_A_NEW_TERM
2019-10-17 20:50:08,659 [9e5dbcb7-9947-4856-b3fd-92d703a68307@group-6C293A8FB381-LeaderElection54] INFO  impl.RoleInfo (RoleInfo.java:shutdownLeaderElection(134)) - 9e5dbcb7-9947-4856-b3fd-92d703a68307: shutdown LeaderElection
2019-10-17 20:50:08,660 [9e5dbcb7-9947-4856-b3fd-92d703a68307@group-6C293A8FB381-LeaderElection54] INFO  impl.RoleInfo (RoleInfo.java:updateAndGet(143)) - 9e5dbcb7-9947-4856-b3fd-92d703a68307: start FollowerState
2019-10-17 20:50:08,771 [Thread-714] INFO  impl.FollowerState (FollowerState.java:run(108)) - 9e5dbcb7-9947-4856-b3fd-92d703a68307@group-6C293A8FB381-FollowerState: change to CANDIDATE, lastRpcTime:111ms, electionTimeout:111ms
2019-10-17 20:50:08,771 [Thread-714] INFO  impl.RoleInfo (RoleInfo.java:shutdownFollowerState(121)) - 9e5dbcb7-9947-4856-b3fd-92d703a68307: shutdown FollowerState
2019-10-17 20:50:08,771 [Thread-714] INFO  impl.RaftServerImpl (RaftServerImpl.java:setRole(184)) - 9e5dbcb7-9947-4856-b3fd-92d703a68307@group-6C293A8FB381: changes role from  FOLLOWER to CANDIDATE at term 42 for changeToCandidate
2019-10-17 20:50:08,772 [Thread-714] INFO  impl.RoleInfo (RoleInfo.java:updateAndGet(143)) - 9e5dbcb7-9947-4856-b3fd-92d703a68307: start LeaderElection
2019-10-17 20:50:08,800 [9e5dbcb7-9947-4856-b3fd-92d703a68307@group-6C293A8FB381-LeaderElection55] INFO  impl.LeaderElection (LeaderElection.java:askForVotes(178)) - 9e5dbcb7-9947-4856-b3fd-92d703a68307@group-6C293A8FB381-LeaderElection55: begin an election at term 43 for -1: [9e5dbcb7-9947-4856-b3fd-92d703a68307:192.168.164.201:39744, 834445fe-d519-4872-b649-1f7fcc1408aa:192.168.164.201:32919, d47c3a04-f2fd-4c6d-9c5b-cf5163b6c213:192.168.164.201:45277], old=null
2019-10-17 20:50:08,804 [grpc-default-executor-2] INFO  impl.RaftServerImpl (RaftServerImpl.java:setRole(184)) - d47c3a04-f2fd-4c6d-9c5b-cf5163b6c213@group-6C293A8FB381: changes role from  FOLLOWER to FOLLOWER at term 43 for recognizeCandidate:9e5dbcb7-9947-4856-b3fd-92d703a68307
2019-10-17 20:50:08,805 [grpc-default-executor-6] INFO  impl.RaftServerImpl (RaftServerImpl.java:setRole(184)) - 834445fe-d519-4872-b649-1f7fcc1408aa@group-6C293A8FB381: changes role from  FOLLOWER to FOLLOWER at term 43 for recognizeCandidate:9e5dbcb7-9947-4856-b3fd-92d703a68307
2019-10-17 20:50:08,805 [grpc-default-executor-2] INFO  impl.RoleInfo (RoleInfo.java:shutdownFollowerState(121)) - d47c3a04-f2fd-4c6d-9c5b-cf5163b6c213: shutdown FollowerState
2019-10-17 20:50:08,805 [grpc-default-executor-6] INFO  impl.RoleInfo (RoleInfo.java:shutdownFollowerState(121)) - 834445fe-d519-4872-b649-1f7fcc1408aa: shutdown FollowerState
2019-10-17 20:50:08,805 [Thread-713] INFO  impl.FollowerState (FollowerState.java:run(117)) - d47c3a04-f2fd-4c6d-9c5b-cf5163b6c213@group-6C293A8FB381-FollowerState was interrupted: java.lang.InterruptedException: sleep interrupted
2019-10-17 20:50:08,805 [grpc-default-executor-2] INFO  impl.RoleInfo (RoleInfo.java:updateAndGet(143)) - d47c3a04-f2fd-4c6d-9c5b-cf5163b6c213: start FollowerState
2019-10-17 20:50:08,805 [Thread-712] INFO  impl.FollowerState (FollowerState.java:run(117)) - 834445fe-d519-4872-b649-1f7fcc1408aa@group-6C293A8FB381-FollowerState was interrupted: java.lang.InterruptedException: sleep interrupted
2019-10-17 20:50:08,805 [grpc-default-executor-6] INFO  impl.RoleInfo (RoleInfo.java:updateAndGet(143)) - 834445fe-d519-4872-b649-1f7fcc1408aa: start FollowerState
2019-10-17 20:50:08,852 [9e5dbcb7-9947-4856-b3fd-92d703a68307@group-6C293A8FB381-LeaderElection55] INFO  impl.LeaderElection (LeaderElection.java:logAndReturn(56)) - 9e5dbcb7-9947-4856-b3fd-92d703a68307@group-6C293A8FB381-LeaderElection55: Election REJECTED; received 2 response(s) [9e5dbcb7-9947-4856-b3fd-92d703a68307<-834445fe-d519-4872-b649-1f7fcc1408aa#0:FAIL-t43, 9e5dbcb7-9947-4856-b3fd-92d703a68307<-d47c3a04-f2fd-4c6d-9c5b-cf5163b6c213#0:FAIL-t43] and 0 exception(s); 9e5dbcb7-9947-4856-b3fd-92d703a68307@group-6C293A8FB381:t43, leader=null, voted=9e5dbcb7-9947-4856-b3fd-92d703a68307, raftlog=9e5dbcb7-9947-4856-b3fd-92d703a68307@group-6C293A8FB381-SegmentedRaftLog:OPENED:c-1,f-1,i0, conf=-1: [9e5dbcb7-9947-4856-b3fd-92d703a68307:192.168.164.201:39744, 834445fe-d519-4872-b649-1f7fcc1408aa:192.168.164.201:32919, d47c3a04-f2fd-4c6d-9c5b-cf5163b6c213:192.168.164.201:45277], old=null
2019-10-17 20:50:08,852 [9e5dbcb7-9947-4856-b3fd-92d703a68307@group-6C293A8FB381-LeaderElection55] INFO  impl.RaftServerImpl (RaftServerImpl.java:setRole(184)) - 9e5dbcb7-9947-4856-b3fd-92d703a68307@group-6C293A8FB381: changes role from CANDIDATE to FOLLOWER at term 43 for DISCOVERED_A_NEW_TERM
2019-10-17 20:50:08,852 [9e5dbcb7-9947-4856-b3fd-92d703a68307@group-6C293A8FB381-LeaderElection55] INFO  impl.RoleInfo (RoleInfo.java:shutdownLeaderElection(134)) - 9e5dbcb7-9947-4856-b3fd-92d703a68307: shutdown LeaderElection
2019-10-17 20:50:08,852 [9e5dbcb7-9947-4856-b3fd-92d703a68307@group-6C293A8FB381-LeaderElection55] INFO  impl.RoleInfo (RoleInfo.java:updateAndGet(143)) - 9e5dbcb7-9947-4856-b3fd-92d703a68307: start FollowerState
2019-10-17 20:50:08,996 [Thread-720] INFO  impl.FollowerState (FollowerState.java:run(108)) - 9e5dbcb7-9947-4856-b3fd-92d703a68307@group-6C293A8FB381-FollowerState: change to CANDIDATE, lastRpcTime:143ms, electionTimeout:143ms
2019-10-17 20:50:08,996 [Thread-720] INFO  impl.RoleInfo (RoleInfo.java:shutdownFollowerState(121)) - 9e5dbcb7-9947-4856-b3fd-92d703a68307: shutdown FollowerState
2019-10-17 20:50:08,996 [Thread-720] INFO  impl.RaftServerImpl (RaftServerImpl.java:setRole(184)) - 9e5dbcb7-9947-4856-b3fd-92d703a68307@group-6C293A8FB381: changes role from  FOLLOWER to CANDIDATE at term 43 for changeToCandidate
2019-10-17 20:50:08,996 [Thread-720] INFO  impl.RoleInfo (RoleInfo.java:updateAndGet(143)) - 9e5dbcb7-9947-4856-b3fd-92d703a68307: start LeaderElection
2019-10-17 20:50:09,026 [9e5dbcb7-9947-4856-b3fd-92d703a68307@group-6C293A8FB381-LeaderElection56] INFO  impl.LeaderElection (LeaderElection.java:askForVotes(178)) - 9e5dbcb7-9947-4856-b3fd-92d703a68307@group-6C293A8FB381-LeaderElection56: begin an election at term 44 for -1: [9e5dbcb7-9947-4856-b3fd-92d703a68307:192.168.164.201:39744, 834445fe-d519-4872-b649-1f7fcc1408aa:192.168.164.201:32919, d47c3a04-f2fd-4c6d-9c5b-cf5163b6c213:192.168.164.201:45277], old=null
2019-10-17 20:50:09,029 [grpc-default-executor-2] INFO  impl.RaftServerImpl (RaftServerImpl.java:setRole(184)) - 834445fe-d519-4872-b649-1f7fcc1408aa@group-6C293A8FB381: changes role from  FOLLOWER to FOLLOWER at term 44 for recognizeCandidate:9e5dbcb7-9947-4856-b3fd-92d703a68307
2019-10-17 20:50:09,029 [grpc-default-executor-2] INFO  impl.RoleInfo (RoleInfo.java:shutdownFollowerState(121)) - 834445fe-d519-4872-b649-1f7fcc1408aa: shutdown FollowerState
2019-10-17 20:50:09,029 [grpc-default-executor-2] INFO  impl.RoleInfo (RoleInfo.java:updateAndGet(143)) - 834445fe-d519-4872-b649-1f7fcc1408aa: start FollowerState
2019-10-17 20:50:09,029 [Thread-719] INFO  impl.FollowerState (FollowerState.java:run(117)) - 834445fe-d519-4872-b649-1f7fcc1408aa@group-6C293A8FB381-FollowerState was interrupted: java.lang.InterruptedException: sleep interrupted
2019-10-17 20:50:09,033 [grpc-default-executor-6] INFO  impl.RaftServerImpl (RaftServerImpl.java:setRole(184)) - d47c3a04-f2fd-4c6d-9c5b-cf5163b6c213@group-6C293A8FB381: changes role from  FOLLOWER to FOLLOWER at term 44 for recognizeCandidate:9e5dbcb7-9947-4856-b3fd-92d703a68307
2019-10-17 20:50:09,033 [grpc-default-executor-6] INFO  impl.RoleInfo (RoleInfo.java:shutdownFollowerState(121)) - d47c3a04-f2fd-4c6d-9c5b-cf5163b6c213: shutdown FollowerState
2019-10-17 20:50:09,034 [grpc-default-executor-6] INFO  impl.RoleInfo (RoleInfo.java:updateAndGet(143)) - d47c3a04-f2fd-4c6d-9c5b-cf5163b6c213: start FollowerState
2019-10-17 20:50:09,034 [Thread-718] INFO  impl.FollowerState (FollowerState.java:run(117)) - d47c3a04-f2fd-4c6d-9c5b-cf5163b6c213@group-6C293A8FB381-FollowerState was interrupted: java.lang.InterruptedException: sleep interrupted
2019-10-17 20:50:09,061 [9e5dbcb7-9947-4856-b3fd-92d703a68307@group-6C293A8FB381-LeaderElection56] INFO  impl.LeaderElection (LeaderElection.java:logAndReturn(56)) - 9e5dbcb7-9947-4856-b3fd-92d703a68307@group-6C293A8FB381-LeaderElection56: Election REJECTED; received 2 response(s) [9e5dbcb7-9947-4856-b3fd-92d703a68307<-834445fe-d519-4872-b649-1f7fcc1408aa#0:FAIL-t44, 9e5dbcb7-9947-4856-b3fd-92d703a68307<-d47c3a04-f2fd-4c6d-9c5b-cf5163b6c213#0:FAIL-t44] and 0 exception(s); 9e5dbcb7-9947-4856-b3fd-92d703a68307@group-6C293A8FB381:t44, leader=null, voted=9e5dbcb7-9947-4856-b3fd-92d703a68307, raftlog=9e5dbcb7-9947-4856-b3fd-92d703a68307@group-6C293A8FB381-SegmentedRaftLog:OPENED:c-1,f-1,i0, conf=-1: [9e5dbcb7-9947-4856-b3fd-92d703a68307:192.168.164.201:39744, 834445fe-d519-4872-b649-1f7fcc1408aa:192.168.164.201:32919, d47c3a04-f2fd-4c6d-9c5b-cf5163b6c213:192.168.164.201:45277], old=null
2019-10-17 20:50:09,061 [9e5dbcb7-9947-4856-b3fd-92d703a68307@group-6C293A8FB381-LeaderElection56] INFO  impl.RaftServerImpl (RaftServerImpl.java:setRole(184)) - 9e5dbcb7-9947-4856-b3fd-92d703a68307@group-6C293A8FB381: changes role from CANDIDATE to FOLLOWER at term 44 for DISCOVERED_A_NEW_TERM
2019-10-17 20:50:09,061 [9e5dbcb7-9947-4856-b3fd-92d703a68307@group-6C293A8FB381-LeaderElection56] INFO  impl.RoleInfo (RoleInfo.java:shutdownLeaderElection(134)) - 9e5dbcb7-9947-4856-b3fd-92d703a68307: shutdown LeaderElection
2019-10-17 20:50:09,061 [9e5dbcb7-9947-4856-b3fd-92d703a68307@group-6C293A8FB381-LeaderElection56] INFO  impl.RoleInfo (RoleInfo.java:updateAndGet(143)) - 9e5dbcb7-9947-4856-b3fd-92d703a68307: start FollowerState
2019-10-17 20:50:09,243 [Thread-726] INFO  impl.FollowerState (FollowerState.java:run(108)) - 9e5dbcb7-9947-4856-b3fd-92d703a68307@group-6C293A8FB381-FollowerState: change to CANDIDATE, lastRpcTime:181ms, electionTimeout:181ms
2019-10-17 20:50:09,243 [Thread-726] INFO  impl.RoleInfo (RoleInfo.java:shutdownFollowerState(121)) - 9e5dbcb7-9947-4856-b3fd-92d703a68307: shutdown FollowerState
2019-10-17 20:50:09,243 [Thread-726] INFO  impl.RaftServerImpl (RaftServerImpl.java:setRole(184)) - 9e5dbcb7-9947-4856-b3fd-92d703a68307@group-6C293A8FB381: changes role from  FOLLOWER to CANDIDATE at term 44 for changeToCandidate
2019-10-17 20:50:09,244 [Thread-726] INFO  impl.RoleInfo (RoleInfo.java:updateAndGet(143)) - 9e5dbcb7-9947-4856-b3fd-92d703a68307: start LeaderElection
2019-10-17 20:50:09,268 [9e5dbcb7-9947-4856-b3fd-92d703a68307@group-6C293A8FB381-LeaderElection57] INFO  impl.LeaderElection (LeaderElection.java:askForVotes(178)) - 9e5dbcb7-9947-4856-b3fd-92d703a68307@group-6C293A8FB381-LeaderElection57: begin an election at term 45 for -1: [9e5dbcb7-9947-4856-b3fd-92d703a68307:192.168.164.201:39744, 834445fe-d519-4872-b649-1f7fcc1408aa:192.168.164.201:32919, d47c3a04-f2fd-4c6d-9c5b-cf5163b6c213:192.168.164.201:45277], old=null
2019-10-17 20:50:09,272 [grpc-default-executor-2] INFO  impl.RaftServerImpl (RaftServerImpl.java:setRole(184)) - d47c3a04-f2fd-4c6d-9c5b-cf5163b6c213@group-6C293A8FB381: changes role from  FOLLOWER to FOLLOWER at term 45 for recognizeCandidate:9e5dbcb7-9947-4856-b3fd-92d703a68307
2019-10-17 20:50:09,272 [grpc-default-executor-2] INFO  impl.RoleInfo (RoleInfo.java:shutdownFollowerState(121)) - d47c3a04-f2fd-4c6d-9c5b-cf5163b6c213: shutdown FollowerState
2019-10-17 20:50:09,272 [grpc-default-executor-6] INFO  impl.RaftServerImpl (RaftServerImpl.java:setRole(184)) - 834445fe-d519-4872-b649-1f7fcc1408aa@group-6C293A8FB381: changes role from  FOLLOWER to FOLLOWER at term 45 for recognizeCandidate:9e5dbcb7-9947-4856-b3fd-92d703a68307
2019-10-17 20:50:09,272 [Thread-725] INFO  impl.FollowerState (FollowerState.java:run(117)) - d47c3a04-f2fd-4c6d-9c5b-cf5163b6c213@group-6C293A8FB381-FollowerState was interrupted: java.lang.InterruptedException: sleep interrupted
2019-10-17 20:50:09,272 [grpc-default-executor-2] INFO  impl.RoleInfo (RoleInfo.java:updateAndGet(143)) - d47c3a04-f2fd-4c6d-9c5b-cf5163b6c213: start FollowerState
2019-10-17 20:50:09,272 [grpc-default-executor-6] INFO  impl.RoleInfo (RoleInfo.java:shutdownFollowerState(121)) - 834445fe-d519-4872-b649-1f7fcc1408aa: shutdown FollowerState
2019-10-17 20:50:09,273 [Thread-724] INFO  impl.FollowerState (FollowerState.java:run(117)) - 834445fe-d519-4872-b649-1f7fcc1408aa@group-6C293A8FB381-FollowerState was interrupted: java.lang.InterruptedException: sleep interrupted
2019-10-17 20:50:09,273 [grpc-default-executor-6] INFO  impl.RoleInfo (RoleInfo.java:updateAndGet(143)) - 834445fe-d519-4872-b649-1f7fcc1408aa: start FollowerState
2019-10-17 20:50:09,295 [9e5dbcb7-9947-4856-b3fd-92d703a68307@group-6C293A8FB381-LeaderElection57] INFO  impl.LeaderElection (LeaderElection.java:logAndReturn(56)) - 9e5dbcb7-9947-4856-b3fd-92d703a68307@group-6C293A8FB381-LeaderElection57: Election REJECTED; received 2 response(s) [9e5dbcb7-9947-4856-b3fd-92d703a68307<-834445fe-d519-4872-b649-1f7fcc1408aa#0:FAIL-t45, 9e5dbcb7-9947-4856-b3fd-92d703a68307<-d47c3a04-f2fd-4c6d-9c5b-cf5163b6c213#0:FAIL-t45] and 0 exception(s); 9e5dbcb7-9947-4856-b3fd-92d703a68307@group-6C293A8FB381:t45, leader=null, voted=9e5dbcb7-9947-4856-b3fd-92d703a68307, raftlog=9e5dbcb7-9947-4856-b3fd-92d703a68307@group-6C293A8FB381-SegmentedRaftLog:OPENED:c-1,f-1,i0, conf=-1: [9e5dbcb7-9947-4856-b3fd-92d703a68307:192.168.164.201:39744, 834445fe-d519-4872-b649-1f7fcc1408aa:192.168.164.201:32919, d47c3a04-f2fd-4c6d-9c5b-cf5163b6c213:192.168.164.201:45277], old=null
2019-10-17 20:50:09,295 [9e5dbcb7-9947-4856-b3fd-92d703a68307@group-6C293A8FB381-LeaderElection57] INFO  impl.RaftServerImpl (RaftServerImpl.java:setRole(184)) - 9e5dbcb7-9947-4856-b3fd-92d703a68307@group-6C293A8FB381: changes role from CANDIDATE to FOLLOWER at term 45 for DISCOVERED_A_NEW_TERM
2019-10-17 20:50:09,295 [9e5dbcb7-9947-4856-b3fd-92d703a68307@group-6C293A8FB381-LeaderElection57] INFO  impl.RoleInfo (RoleInfo.java:shutdownLeaderElection(134)) - 9e5dbcb7-9947-4856-b3fd-92d703a68307: shutdown LeaderElection
2019-10-17 20:50:09,296 [9e5dbcb7-9947-4856-b3fd-92d703a68307@group-6C293A8FB381-LeaderElection57] INFO  impl.RoleInfo (RoleInfo.java:updateAndGet(143)) - 9e5dbcb7-9947-4856-b3fd-92d703a68307: start FollowerState
2019-10-17 20:50:09,404 [Thread-732] INFO  impl.FollowerState (FollowerState.java:run(108)) - 9e5dbcb7-9947-4856-b3fd-92d703a68307@group-6C293A8FB381-FollowerState: change to CANDIDATE, lastRpcTime:108ms, electionTimeout:108ms
2019-10-17 20:50:09,404 [Thread-732] INFO  impl.RoleInfo (RoleInfo.java:shutdownFollowerState(121)) - 9e5dbcb7-9947-4856-b3fd-92d703a68307: shutdown FollowerState
2019-10-17 20:50:09,405 [Thread-732] INFO  impl.RaftServerImpl (RaftServerImpl.java:setRole(184)) - 9e5dbcb7-9947-4856-b3fd-92d703a68307@group-6C293A8FB381: changes role from  FOLLOWER to CANDIDATE at term 45 for changeToCandidate
2019-10-17 20:50:09,405 [Thread-732] INFO  impl.RoleInfo (RoleInfo.java:updateAndGet(143)) - 9e5dbcb7-9947-4856-b3fd-92d703a68307: start LeaderElection
2019-10-17 20:50:09,436 [9e5dbcb7-9947-4856-b3fd-92d703a68307@group-6C293A8FB381-LeaderElection58] INFO  impl.LeaderElection (LeaderElection.java:askForVotes(178)) - 9e5dbcb7-9947-4856-b3fd-92d703a68307@group-6C293A8FB381-LeaderElection58: begin an election at term 46 for -1: [9e5dbcb7-9947-4856-b3fd-92d703a68307:192.168.164.201:39744, 834445fe-d519-4872-b649-1f7fcc1408aa:192.168.164.201:32919, d47c3a04-f2fd-4c6d-9c5b-cf5163b6c213:192.168.164.201:45277], old=null
2019-10-17 20:50:09,440 [grpc-default-executor-2] INFO  impl.RaftServerImpl (RaftServerImpl.java:setRole(184)) - 834445fe-d519-4872-b649-1f7fcc1408aa@group-6C293A8FB381: changes role from  FOLLOWER to FOLLOWER at term 46 for recognizeCandidate:9e5dbcb7-9947-4856-b3fd-92d703a68307
2019-10-17 20:50:09,440 [grpc-default-executor-2] INFO  impl.RoleInfo (RoleInfo.java:shutdownFollowerState(121)) - 834445fe-d519-4872-b649-1f7fcc1408aa: shutdown FollowerState
2019-10-17 20:50:09,440 [grpc-default-executor-6] INFO  impl.RaftServerImpl (RaftServerImpl.java:setRole(184)) - d47c3a04-f2fd-4c6d-9c5b-cf5163b6c213@group-6C293A8FB381: changes role from  FOLLOWER to FOLLOWER at term 46 for recognizeCandidate:9e5dbcb7-9947-4856-b3fd-92d703a68307
2019-10-17 20:50:09,440 [Thread-731] INFO  impl.FollowerState (FollowerState.java:run(117)) - 834445fe-d519-4872-b649-1f7fcc1408aa@group-6C293A8FB381-FollowerState was interrupted: java.lang.InterruptedException: sleep interrupted
2019-10-17 20:50:09,440 [grpc-default-executor-2] INFO  impl.RoleInfo (RoleInfo.java:updateAndGet(143)) - 834445fe-d519-4872-b649-1f7fcc1408aa: start FollowerState
2019-10-17 20:50:09,440 [grpc-default-executor-6] INFO  impl.RoleInfo (RoleInfo.java:shutdownFollowerState(121)) - d47c3a04-f2fd-4c6d-9c5b-cf5163b6c213: shutdown FollowerState
2019-10-17 20:50:09,441 [grpc-default-executor-6] INFO  impl.RoleInfo (RoleInfo.java:updateAndGet(143)) - d47c3a04-f2fd-4c6d-9c5b-cf5163b6c213: start FollowerState
2019-10-17 20:50:09,441 [Thread-730] INFO  impl.FollowerState (FollowerState.java:run(117)) - d47c3a04-f2fd-4c6d-9c5b-cf5163b6c213@group-6C293A8FB381-FollowerState was interrupted: java.lang.InterruptedException: sleep interrupted
2019-10-17 20:50:09,471 [9e5dbcb7-9947-4856-b3fd-92d703a68307@group-6C293A8FB381-LeaderElection58] INFO  impl.LeaderElection (LeaderElection.java:logAndReturn(56)) - 9e5dbcb7-9947-4856-b3fd-92d703a68307@group-6C293A8FB381-LeaderElection58: Election REJECTED; received 2 response(s) [9e5dbcb7-9947-4856-b3fd-92d703a68307<-834445fe-d519-4872-b649-1f7fcc1408aa#0:FAIL-t46, 9e5dbcb7-9947-4856-b3fd-92d703a68307<-d47c3a04-f2fd-4c6d-9c5b-cf5163b6c213#0:FAIL-t46] and 0 exception(s); 9e5dbcb7-9947-4856-b3fd-92d703a68307@group-6C293A8FB381:t46, leader=null, voted=9e5dbcb7-9947-4856-b3fd-92d703a68307, raftlog=9e5dbcb7-9947-4856-b3fd-92d703a68307@group-6C293A8FB381-SegmentedRaftLog:OPENED:c-1,f-1,i0, conf=-1: [9e5dbcb7-9947-4856-b3fd-92d703a68307:192.168.164.201:39744, 834445fe-d519-4872-b649-1f7fcc1408aa:192.168.164.201:32919, d47c3a04-f2fd-4c6d-9c5b-cf5163b6c213:192.168.164.201:45277], old=null
2019-10-17 20:50:09,471 [9e5dbcb7-9947-4856-b3fd-92d703a68307@group-6C293A8FB381-LeaderElection58] INFO  impl.RaftServerImpl (RaftServerImpl.java:setRole(184)) - 9e5dbcb7-9947-4856-b3fd-92d703a68307@group-6C293A8FB381: changes role from CANDIDATE to FOLLOWER at term 46 for DISCOVERED_A_NEW_TERM
2019-10-17 20:50:09,471 [9e5dbcb7-9947-4856-b3fd-92d703a68307@group-6C293A8FB381-LeaderElection58] INFO  impl.RoleInfo (RoleInfo.java:shutdownLeaderElection(134)) - 9e5dbcb7-9947-4856-b3fd-92d703a68307: shutdown LeaderElection
2019-10-17 20:50:09,472 [9e5dbcb7-9947-4856-b3fd-92d703a68307@group-6C293A8FB381-LeaderElection58] INFO  impl.RoleInfo (RoleInfo.java:updateAndGet(143)) - 9e5dbcb7-9947-4856-b3fd-92d703a68307: start FollowerState
2019-10-17 20:50:09,507 [Thread-738] INFO  impl.FollowerState (FollowerState.java:run(108)) - 9e5dbcb7-9947-4856-b3fd-92d703a68307@group-6C293A8FB381-FollowerState: change to CANDIDATE, lastRpcTime:35ms, electionTimeout:35ms
2019-10-17 20:50:09,507 [Thread-738] INFO  impl.RoleInfo (RoleInfo.java:shutdownFollowerState(121)) - 9e5dbcb7-9947-4856-b3fd-92d703a68307: shutdown FollowerState
2019-10-17 20:50:09,507 [Thread-738] INFO  impl.RaftServerImpl (RaftServerImpl.java:setRole(184)) - 9e5dbcb7-9947-4856-b3fd-92d703a68307@group-6C293A8FB381: changes role from  FOLLOWER to CANDIDATE at term 46 for changeToCandidate
2019-10-17 20:50:09,508 [Thread-738] INFO  impl.RoleInfo (RoleInfo.java:updateAndGet(143)) - 9e5dbcb7-9947-4856-b3fd-92d703a68307: start LeaderElection
 0.00% |?                                                                                                    |  0/1 Time: 0:00:042019-10-17 20:50:09,537 [9e5dbcb7-9947-4856-b3fd-92d703a68307@group-6C293A8FB381-LeaderElection59] INFO  impl.LeaderElection (LeaderElection.java:askForVotes(178)) - 9e5dbcb7-9947-4856-b3fd-92d703a68307@group-6C293A8FB381-LeaderElection59: begin an election at term 47 for -1: [9e5dbcb7-9947-4856-b3fd-92d703a68307:192.168.164.201:39744, 834445fe-d519-4872-b649-1f7fcc1408aa:192.168.164.201:32919, d47c3a04-f2fd-4c6d-9c5b-cf5163b6c213:192.168.164.201:45277], old=null
2019-10-17 20:50:09,540 [grpc-default-executor-6] INFO  impl.RaftServerImpl (RaftServerImpl.java:setRole(184)) - 834445fe-d519-4872-b649-1f7fcc1408aa@group-6C293A8FB381: changes role from  FOLLOWER to FOLLOWER at term 47 for recognizeCandidate:9e5dbcb7-9947-4856-b3fd-92d703a68307
2019-10-17 20:50:09,540 [grpc-default-executor-6] INFO  impl.RoleInfo (RoleInfo.java:shutdownFollowerState(121)) - 834445fe-d519-4872-b649-1f7fcc1408aa: shutdown FollowerState
2019-10-17 20:50:09,540 [grpc-default-executor-2] INFO  impl.RaftServerImpl (RaftServerImpl.java:setRole(184)) - d47c3a04-f2fd-4c6d-9c5b-cf5163b6c213@group-6C293A8FB381: changes role from  FOLLOWER to FOLLOWER at term 47 for recognizeCandidate:9e5dbcb7-9947-4856-b3fd-92d703a68307
2019-10-17 20:50:09,540 [Thread-736] INFO  impl.FollowerState (FollowerState.java:run(117)) - 834445fe-d519-4872-b649-1f7fcc1408aa@group-6C293A8FB381-FollowerState was interrupted: java.lang.InterruptedException: sleep interrupted
2019-10-17 20:50:09,540 [grpc-default-executor-6] INFO  impl.RoleInfo (RoleInfo.java:updateAndGet(143)) - 834445fe-d519-4872-b649-1f7fcc1408aa: start FollowerState
2019-10-17 20:50:09,540 [grpc-default-executor-2] INFO  impl.RoleInfo (RoleInfo.java:shutdownFollowerState(121)) - d47c3a04-f2fd-4c6d-9c5b-cf5163b6c213: shutdown FollowerState
2019-10-17 20:50:09,541 [grpc-default-executor-2] INFO  impl.RoleInfo (RoleInfo.java:updateAndGet(143)) - d47c3a04-f2fd-4c6d-9c5b-cf5163b6c213: start FollowerState
2019-10-17 20:50:09,541 [Thread-737] INFO  impl.FollowerState (FollowerState.java:run(117)) - d47c3a04-f2fd-4c6d-9c5b-cf5163b6c213@group-6C293A8FB381-FollowerState was interrupted: java.lang.InterruptedException: sleep interrupted
2019-10-17 20:50:09,546 [EventQueue-PipelineReportForPipelineReportHandler] INFO  pipeline.PipelineReportHandler (PipelineReportHandler.java:processPipelineReport(119)) - Pipeline PipelineID=837aeac8-183b-434f-a0f9-6c293a8fb381 reported by 9e5dbcb7-9947-4856-b3fd-92d703a68307{ip: 192.168.164.201, host: pr-hdds-1868-s6sc9-3720172378, networkLocation: /default-rack, certSerialId: null} with leaderId 
2019-10-17 20:50:09,564 [9e5dbcb7-9947-4856-b3fd-92d703a68307@group-6C293A8FB381-LeaderElection59] INFO  impl.LeaderElection (LeaderElection.java:logAndReturn(56)) - 9e5dbcb7-9947-4856-b3fd-92d703a68307@group-6C293A8FB381-LeaderElection59: Election REJECTED; received 2 response(s) [9e5dbcb7-9947-4856-b3fd-92d703a68307<-834445fe-d519-4872-b649-1f7fcc1408aa#0:FAIL-t47, 9e5dbcb7-9947-4856-b3fd-92d703a68307<-d47c3a04-f2fd-4c6d-9c5b-cf5163b6c213#0:FAIL-t47] and 0 exception(s); 9e5dbcb7-9947-4856-b3fd-92d703a68307@group-6C293A8FB381:t47, leader=null, voted=9e5dbcb7-9947-4856-b3fd-92d703a68307, raftlog=9e5dbcb7-9947-4856-b3fd-92d703a68307@group-6C293A8FB381-SegmentedRaftLog:OPENED:c-1,f-1,i0, conf=-1: [9e5dbcb7-9947-4856-b3fd-92d703a68307:192.168.164.201:39744, 834445fe-d519-4872-b649-1f7fcc1408aa:192.168.164.201:32919, d47c3a04-f2fd-4c6d-9c5b-cf5163b6c213:192.168.164.201:45277], old=null
2019-10-17 20:50:09,564 [9e5dbcb7-9947-4856-b3fd-92d703a68307@group-6C293A8FB381-LeaderElection59] INFO  impl.RaftServerImpl (RaftServerImpl.java:setRole(184)) - 9e5dbcb7-9947-4856-b3fd-92d703a68307@group-6C293A8FB381: changes role from CANDIDATE to FOLLOWER at term 47 for DISCOVERED_A_NEW_TERM
2019-10-17 20:50:09,564 [9e5dbcb7-9947-4856-b3fd-92d703a68307@group-6C293A8FB381-LeaderElection59] INFO  impl.RoleInfo (RoleInfo.java:shutdownLeaderElection(134)) - 9e5dbcb7-9947-4856-b3fd-92d703a68307: shutdown LeaderElection
2019-10-17 20:50:09,565 [9e5dbcb7-9947-4856-b3fd-92d703a68307@group-6C293A8FB381-LeaderElection59] INFO  impl.RoleInfo (RoleInfo.java:updateAndGet(143)) - 9e5dbcb7-9947-4856-b3fd-92d703a68307: start FollowerState
2019-10-17 20:50:09,743 [Thread-744] INFO  impl.FollowerState (FollowerState.java:run(108)) - 9e5dbcb7-9947-4856-b3fd-92d703a68307@group-6C293A8FB381-FollowerState: change to CANDIDATE, lastRpcTime:178ms, electionTimeout:178ms
2019-10-17 20:50:09,743 [Thread-744] INFO  impl.RoleInfo (RoleInfo.java:shutdownFollowerState(121)) - 9e5dbcb7-9947-4856-b3fd-92d703a68307: shutdown FollowerState
2019-10-17 20:50:09,743 [Thread-744] INFO  impl.RaftServerImpl (RaftServerImpl.java:setRole(184)) - 9e5dbcb7-9947-4856-b3fd-92d703a68307@group-6C293A8FB381: changes role from  FOLLOWER to CANDIDATE at term 47 for changeToCandidate
2019-10-17 20:50:09,744 [Thread-744] INFO  impl.RoleInfo (RoleInfo.java:updateAndGet(143)) - 9e5dbcb7-9947-4856-b3fd-92d703a68307: start LeaderElection
2019-10-17 20:50:09,771 [9e5dbcb7-9947-4856-b3fd-92d703a68307@group-6C293A8FB381-LeaderElection60] INFO  impl.LeaderElection (LeaderElection.java:askForVotes(178)) - 9e5dbcb7-9947-4856-b3fd-92d703a68307@group-6C293A8FB381-LeaderElection60: begin an election at term 48 for -1: [9e5dbcb7-9947-4856-b3fd-92d703a68307:192.168.164.201:39744, 834445fe-d519-4872-b649-1f7fcc1408aa:192.168.164.201:32919, d47c3a04-f2fd-4c6d-9c5b-cf5163b6c213:192.168.164.201:45277], old=null
2019-10-17 20:50:09,774 [grpc-default-executor-2] INFO  impl.RaftServerImpl (RaftServerImpl.java:setRole(184)) - 834445fe-d519-4872-b649-1f7fcc1408aa@group-6C293A8FB381: changes role from  FOLLOWER to FOLLOWER at term 48 for recognizeCandidate:9e5dbcb7-9947-4856-b3fd-92d703a68307
2019-10-17 20:50:09,774 [grpc-default-executor-6] INFO  impl.RaftServerImpl (RaftServerImpl.java:setRole(184)) - d47c3a04-f2fd-4c6d-9c5b-cf5163b6c213@group-6C293A8FB381: changes role from  FOLLOWER to FOLLOWER at term 48 for recognizeCandidate:9e5dbcb7-9947-4856-b3fd-92d703a68307
2019-10-17 20:50:09,775 [grpc-default-executor-2] INFO  impl.RoleInfo (RoleInfo.java:shutdownFollowerState(121)) - 834445fe-d519-4872-b649-1f7fcc1408aa: shutdown FollowerState
2019-10-17 20:50:09,775 [grpc-default-executor-6] INFO  impl.RoleInfo (RoleInfo.java:shutdownFollowerState(121)) - d47c3a04-f2fd-4c6d-9c5b-cf5163b6c213: shutdown FollowerState
2019-10-17 20:50:09,775 [Thread-742] INFO  impl.FollowerState (FollowerState.java:run(117)) - 834445fe-d519-4872-b649-1f7fcc1408aa@group-6C293A8FB381-FollowerState was interrupted: java.lang.InterruptedException: sleep interrupted
2019-10-17 20:50:09,775 [grpc-default-executor-2] INFO  impl.RoleInfo (RoleInfo.java:updateAndGet(143)) - 834445fe-d519-4872-b649-1f7fcc1408aa: start FollowerState
2019-10-17 20:50:09,775 [Thread-743] INFO  impl.FollowerState (FollowerState.java:run(117)) - d47c3a04-f2fd-4c6d-9c5b-cf5163b6c213@group-6C293A8FB381-FollowerState was interrupted: java.lang.InterruptedException: sleep interrupted
2019-10-17 20:50:09,775 [grpc-default-executor-6] INFO  impl.RoleInfo (RoleInfo.java:updateAndGet(143)) - d47c3a04-f2fd-4c6d-9c5b-cf5163b6c213: start FollowerState
2019-10-17 20:50:09,807 [9e5dbcb7-9947-4856-b3fd-92d703a68307@group-6C293A8FB381-LeaderElection60] INFO  impl.LeaderElection (LeaderElection.java:logAndReturn(56)) - 9e5dbcb7-9947-4856-b3fd-92d703a68307@group-6C293A8FB381-LeaderElection60: Election REJECTED; received 2 response(s) [9e5dbcb7-9947-4856-b3fd-92d703a68307<-834445fe-d519-4872-b649-1f7fcc1408aa#0:FAIL-t48, 9e5dbcb7-9947-4856-b3fd-92d703a68307<-d47c3a04-f2fd-4c6d-9c5b-cf5163b6c213#0:FAIL-t48] and 0 exception(s); 9e5dbcb7-9947-4856-b3fd-92d703a68307@group-6C293A8FB381:t48, leader=null, voted=9e5dbcb7-9947-4856-b3fd-92d703a68307, raftlog=9e5dbcb7-9947-4856-b3fd-92d703a68307@group-6C293A8FB381-SegmentedRaftLog:OPENED:c-1,f-1,i0, conf=-1: [9e5dbcb7-9947-4856-b3fd-92d703a68307:192.168.164.201:39744, 834445fe-d519-4872-b649-1f7fcc1408aa:192.168.164.201:32919, d47c3a04-f2fd-4c6d-9c5b-cf5163b6c213:192.168.164.201:45277], old=null
2019-10-17 20:50:09,807 [9e5dbcb7-9947-4856-b3fd-92d703a68307@group-6C293A8FB381-LeaderElection60] INFO  impl.RaftServerImpl (RaftServerImpl.java:setRole(184)) - 9e5dbcb7-9947-4856-b3fd-92d703a68307@group-6C293A8FB381: changes role from CANDIDATE to FOLLOWER at term 48 for DISCOVERED_A_NEW_TERM
2019-10-17 20:50:09,807 [9e5dbcb7-9947-4856-b3fd-92d703a68307@group-6C293A8FB381-LeaderElection60] INFO  impl.RoleInfo (RoleInfo.java:shutdownLeaderElection(134)) - 9e5dbcb7-9947-4856-b3fd-92d703a68307: shutdown LeaderElection
2019-10-17 20:50:09,807 [9e5dbcb7-9947-4856-b3fd-92d703a68307@group-6C293A8FB381-LeaderElection60] INFO  impl.RoleInfo (RoleInfo.java:updateAndGet(143)) - 9e5dbcb7-9947-4856-b3fd-92d703a68307: start FollowerState
2019-10-17 20:50:09,898 [EventQueue-PipelineReportForPipelineReportHandler] INFO  pipeline.PipelineReportHandler (PipelineReportHandler.java:processPipelineReport(119)) - Pipeline PipelineID=837aeac8-183b-434f-a0f9-6c293a8fb381 reported by d47c3a04-f2fd-4c6d-9c5b-cf5163b6c213{ip: 192.168.164.201, host: pr-hdds-1868-s6sc9-3720172378, networkLocation: /default-rack, certSerialId: null} with leaderId 834445fe-d519-4872-b649-1f7fcc1408aa
2019-10-17 20:50:09,941 [Thread-750] INFO  impl.FollowerState (FollowerState.java:run(108)) - 9e5dbcb7-9947-4856-b3fd-92d703a68307@group-6C293A8FB381-FollowerState: change to CANDIDATE, lastRpcTime:133ms, electionTimeout:133ms
2019-10-17 20:50:09,941 [Thread-750] INFO  impl.RoleInfo (RoleInfo.java:shutdownFollowerState(121)) - 9e5dbcb7-9947-4856-b3fd-92d703a68307: shutdown FollowerState
2019-10-17 20:50:09,941 [Thread-750] INFO  impl.RaftServerImpl (RaftServerImpl.java:setRole(184)) - 9e5dbcb7-9947-4856-b3fd-92d703a68307@group-6C293A8FB381: changes role from  FOLLOWER to CANDIDATE at term 48 for changeToCandidate
2019-10-17 20:50:09,942 [Thread-750] INFO  impl.RoleInfo (RoleInfo.java:updateAndGet(143)) - 9e5dbcb7-9947-4856-b3fd-92d703a68307: start LeaderElection
2019-10-17 20:50:09,972 [9e5dbcb7-9947-4856-b3fd-92d703a68307@group-6C293A8FB381-LeaderElection61] INFO  impl.LeaderElection (LeaderElection.java:askForVotes(178)) - 9e5dbcb7-9947-4856-b3fd-92d703a68307@group-6C293A8FB381-LeaderElection61: begin an election at term 49 for -1: [9e5dbcb7-9947-4856-b3fd-92d703a68307:192.168.164.201:39744, 834445fe-d519-4872-b649-1f7fcc1408aa:192.168.164.201:32919, d47c3a04-f2fd-4c6d-9c5b-cf5163b6c213:192.168.164.201:45277], old=null
2019-10-17 20:50:09,977 [grpc-default-executor-6] INFO  impl.RaftServerImpl (RaftServerImpl.java:setRole(184)) - d47c3a04-f2fd-4c6d-9c5b-cf5163b6c213@group-6C293A8FB381: changes role from  FOLLOWER to FOLLOWER at term 49 for recognizeCandidate:9e5dbcb7-9947-4856-b3fd-92d703a68307
2019-10-17 20:50:09,977 [grpc-default-executor-2] INFO  impl.RaftServerImpl (RaftServerImpl.java:setRole(184)) - 834445fe-d519-4872-b649-1f7fcc1408aa@group-6C293A8FB381: changes role from  FOLLOWER to FOLLOWER at term 49 for recognizeCandidate:9e5dbcb7-9947-4856-b3fd-92d703a68307
2019-10-17 20:50:09,977 [grpc-default-executor-6] INFO  impl.RoleInfo (RoleInfo.java:shutdownFollowerState(121)) - d47c3a04-f2fd-4c6d-9c5b-cf5163b6c213: shutdown FollowerState
2019-10-17 20:50:09,977 [grpc-default-executor-2] INFO  impl.RoleInfo (RoleInfo.java:shutdownFollowerState(121)) - 834445fe-d519-4872-b649-1f7fcc1408aa: shutdown FollowerState
2019-10-17 20:50:09,977 [Thread-749] INFO  impl.FollowerState (FollowerState.java:run(117)) - d47c3a04-f2fd-4c6d-9c5b-cf5163b6c213@group-6C293A8FB381-FollowerState was interrupted: java.lang.InterruptedException: sleep interrupted
2019-10-17 20:50:09,977 [grpc-default-executor-6] INFO  impl.RoleInfo (RoleInfo.java:updateAndGet(143)) - d47c3a04-f2fd-4c6d-9c5b-cf5163b6c213: start FollowerState
2019-10-17 20:50:09,977 [Thread-748] INFO  impl.FollowerState (FollowerState.java:run(117)) - 834445fe-d519-4872-b649-1f7fcc1408aa@group-6C293A8FB381-FollowerState was interrupted: java.lang.InterruptedException: sleep interrupted
2019-10-17 20:50:09,977 [grpc-default-executor-2] INFO  impl.RoleInfo (RoleInfo.java:updateAndGet(143)) - 834445fe-d519-4872-b649-1f7fcc1408aa: start FollowerState
2019-10-17 20:50:10,010 [9e5dbcb7-9947-4856-b3fd-92d703a68307@group-6C293A8FB381-LeaderElection61] INFO  impl.LeaderElection (LeaderElection.java:logAndReturn(56)) - 9e5dbcb7-9947-4856-b3fd-92d703a68307@group-6C293A8FB381-LeaderElection61: Election REJECTED; received 2 response(s) [9e5dbcb7-9947-4856-b3fd-92d703a68307<-834445fe-d519-4872-b649-1f7fcc1408aa#0:FAIL-t49, 9e5dbcb7-9947-4856-b3fd-92d703a68307<-d47c3a04-f2fd-4c6d-9c5b-cf5163b6c213#0:FAIL-t49] and 0 exception(s); 9e5dbcb7-9947-4856-b3fd-92d703a68307@group-6C293A8FB381:t49, leader=null, voted=9e5dbcb7-9947-4856-b3fd-92d703a68307, raftlog=9e5dbcb7-9947-4856-b3fd-92d703a68307@group-6C293A8FB381-SegmentedRaftLog:OPENED:c-1,f-1,i0, conf=-1: [9e5dbcb7-9947-4856-b3fd-92d703a68307:192.168.164.201:39744, 834445fe-d519-4872-b649-1f7fcc1408aa:192.168.164.201:32919, d47c3a04-f2fd-4c6d-9c5b-cf5163b6c213:192.168.164.201:45277], old=null
2019-10-17 20:50:10,010 [9e5dbcb7-9947-4856-b3fd-92d703a68307@group-6C293A8FB381-LeaderElection61] INFO  impl.RaftServerImpl (RaftServerImpl.java:setRole(184)) - 9e5dbcb7-9947-4856-b3fd-92d703a68307@group-6C293A8FB381: changes role from CANDIDATE to FOLLOWER at term 49 for DISCOVERED_A_NEW_TERM
2019-10-17 20:50:10,010 [9e5dbcb7-9947-4856-b3fd-92d703a68307@group-6C293A8FB381-LeaderElection61] INFO  impl.RoleInfo (RoleInfo.java:shutdownLeaderElection(134)) - 9e5dbcb7-9947-4856-b3fd-92d703a68307: shutdown LeaderElection
2019-10-17 20:50:10,011 [9e5dbcb7-9947-4856-b3fd-92d703a68307@group-6C293A8FB381-LeaderElection61] INFO  impl.RoleInfo (RoleInfo.java:updateAndGet(143)) - 9e5dbcb7-9947-4856-b3fd-92d703a68307: start FollowerState
2019-10-17 20:50:10,144 [Thread-756] INFO  impl.FollowerState (FollowerState.java:run(108)) - 9e5dbcb7-9947-4856-b3fd-92d703a68307@group-6C293A8FB381-FollowerState: change to CANDIDATE, lastRpcTime:133ms, electionTimeout:130ms
2019-10-17 20:50:10,144 [Thread-756] INFO  impl.RoleInfo (RoleInfo.java:shutdownFollowerState(121)) - 9e5dbcb7-9947-4856-b3fd-92d703a68307: shutdown FollowerState
2019-10-17 20:50:10,144 [Thread-756] INFO  impl.RaftServerImpl (RaftServerImpl.java:setRole(184)) - 9e5dbcb7-9947-4856-b3fd-92d703a68307@group-6C293A8FB381: changes role from  FOLLOWER to CANDIDATE at term 49 for changeToCandidate
2019-10-17 20:50:10,144 [Thread-756] INFO  impl.RoleInfo (RoleInfo.java:updateAndGet(143)) - 9e5dbcb7-9947-4856-b3fd-92d703a68307: start LeaderElection
2019-10-17 20:50:10,174 [9e5dbcb7-9947-4856-b3fd-92d703a68307@group-6C293A8FB381-LeaderElection62] INFO  impl.LeaderElection (LeaderElection.java:askForVotes(178)) - 9e5dbcb7-9947-4856-b3fd-92d703a68307@group-6C293A8FB381-LeaderElection62: begin an election at term 50 for -1: [9e5dbcb7-9947-4856-b3fd-92d703a68307:192.168.164.201:39744, 834445fe-d519-4872-b649-1f7fcc1408aa:192.168.164.201:32919, d47c3a04-f2fd-4c6d-9c5b-cf5163b6c213:192.168.164.201:45277], old=null
2019-10-17 20:50:10,178 [grpc-default-executor-2] INFO  impl.RaftServerImpl (RaftServerImpl.java:setRole(184)) - 834445fe-d519-4872-b649-1f7fcc1408aa@group-6C293A8FB381: changes role from  FOLLOWER to FOLLOWER at term 50 for recognizeCandidate:9e5dbcb7-9947-4856-b3fd-92d703a68307
2019-10-17 20:50:10,178 [grpc-default-executor-6] INFO  impl.RaftServerImpl (RaftServerImpl.java:setRole(184)) - d47c3a04-f2fd-4c6d-9c5b-cf5163b6c213@group-6C293A8FB381: changes role from  FOLLOWER to FOLLOWER at term 50 for recognizeCandidate:9e5dbcb7-9947-4856-b3fd-92d703a68307
2019-10-17 20:50:10,178 [grpc-default-executor-2] INFO  impl.RoleInfo (RoleInfo.java:shutdownFollowerState(121)) - 834445fe-d519-4872-b649-1f7fcc1408aa: shutdown FollowerState
2019-10-17 20:50:10,178 [grpc-default-executor-6] INFO  impl.RoleInfo (RoleInfo.java:shutdownFollowerState(121)) - d47c3a04-f2fd-4c6d-9c5b-cf5163b6c213: shutdown FollowerState
2019-10-17 20:50:10,178 [Thread-755] INFO  impl.FollowerState (FollowerState.java:run(117)) - 834445fe-d519-4872-b649-1f7fcc1408aa@group-6C293A8FB381-FollowerState was interrupted: java.lang.InterruptedException: sleep interrupted
2019-10-17 20:50:10,179 [grpc-default-executor-6] INFO  impl.RoleInfo (RoleInfo.java:updateAndGet(143)) - d47c3a04-f2fd-4c6d-9c5b-cf5163b6c213: start FollowerState
2019-10-17 20:50:10,178 [grpc-default-executor-2] INFO  impl.RoleInfo (RoleInfo.java:updateAndGet(143)) - 834445fe-d519-4872-b649-1f7fcc1408aa: start FollowerState
2019-10-17 20:50:10,179 [Thread-754] INFO  impl.FollowerState (FollowerState.java:run(117)) - d47c3a04-f2fd-4c6d-9c5b-cf5163b6c213@group-6C293A8FB381-FollowerState was interrupted: java.lang.InterruptedException: sleep interrupted
2019-10-17 20:50:10,209 [9e5dbcb7-9947-4856-b3fd-92d703a68307@group-6C293A8FB381-LeaderElection62] INFO  impl.LeaderElection (LeaderElection.java:logAndReturn(56)) - 9e5dbcb7-9947-4856-b3fd-92d703a68307@group-6C293A8FB381-LeaderElection62: Election REJECTED; received 2 response(s) [9e5dbcb7-9947-4856-b3fd-92d703a68307<-834445fe-d519-4872-b649-1f7fcc1408aa#0:FAIL-t50, 9e5dbcb7-9947-4856-b3fd-92d703a68307<-d47c3a04-f2fd-4c6d-9c5b-cf5163b6c213#0:FAIL-t50] and 0 exception(s); 9e5dbcb7-9947-4856-b3fd-92d703a68307@group-6C293A8FB381:t50, leader=null, voted=9e5dbcb7-9947-4856-b3fd-92d703a68307, raftlog=9e5dbcb7-9947-4856-b3fd-92d703a68307@group-6C293A8FB381-SegmentedRaftLog:OPENED:c-1,f-1,i0, conf=-1: [9e5dbcb7-9947-4856-b3fd-92d703a68307:192.168.164.201:39744, 834445fe-d519-4872-b649-1f7fcc1408aa:192.168.164.201:32919, d47c3a04-f2fd-4c6d-9c5b-cf5163b6c213:192.168.164.201:45277], old=null
2019-10-17 20:50:10,209 [9e5dbcb7-9947-4856-b3fd-92d703a68307@group-6C293A8FB381-LeaderElection62] INFO  impl.RaftServerImpl (RaftServerImpl.java:setRole(184)) - 9e5dbcb7-9947-4856-b3fd-92d703a68307@group-6C293A8FB381: changes role from CANDIDATE to FOLLOWER at term 50 for DISCOVERED_A_NEW_TERM
2019-10-17 20:50:10,210 [9e5dbcb7-9947-4856-b3fd-92d703a68307@group-6C293A8FB381-LeaderElection62] INFO  impl.RoleInfo (RoleInfo.java:shutdownLeaderElection(134)) - 9e5dbcb7-9947-4856-b3fd-92d703a68307: shutdown LeaderElection
2019-10-17 20:50:10,210 [9e5dbcb7-9947-4856-b3fd-92d703a68307@group-6C293A8FB381-LeaderElection62] INFO  impl.RoleInfo (RoleInfo.java:updateAndGet(143)) - 9e5dbcb7-9947-4856-b3fd-92d703a68307: start FollowerState
2019-10-17 20:50:10,267 [Thread-762] INFO  impl.FollowerState (FollowerState.java:run(108)) - 9e5dbcb7-9947-4856-b3fd-92d703a68307@group-6C293A8FB381-FollowerState: change to CANDIDATE, lastRpcTime:56ms, electionTimeout:56ms
2019-10-17 20:50:10,267 [Thread-762] INFO  impl.RoleInfo (RoleInfo.java:shutdownFollowerState(121)) - 9e5dbcb7-9947-4856-b3fd-92d703a68307: shutdown FollowerState
2019-10-17 20:50:10,267 [Thread-762] INFO  impl.RaftServerImpl (RaftServerImpl.java:setRole(184)) - 9e5dbcb7-9947-4856-b3fd-92d703a68307@group-6C293A8FB381: changes role from  FOLLOWER to CANDIDATE at term 50 for changeToCandidate
2019-10-17 20:50:10,267 [Thread-762] INFO  impl.RoleInfo (RoleInfo.java:updateAndGet(143)) - 9e5dbcb7-9947-4856-b3fd-92d703a68307: start LeaderElection
2019-10-17 20:50:10,291 [9e5dbcb7-9947-4856-b3fd-92d703a68307@group-6C293A8FB381-LeaderElection63] INFO  impl.LeaderElection (LeaderElection.java:askForVotes(178)) - 9e5dbcb7-9947-4856-b3fd-92d703a68307@group-6C293A8FB381-LeaderElection63: begin an election at term 51 for -1: [9e5dbcb7-9947-4856-b3fd-92d703a68307:192.168.164.201:39744, 834445fe-d519-4872-b649-1f7fcc1408aa:192.168.164.201:32919, d47c3a04-f2fd-4c6d-9c5b-cf5163b6c213:192.168.164.201:45277], old=null
2019-10-17 20:50:10,295 [grpc-default-executor-6] INFO  impl.RaftServerImpl (RaftServerImpl.java:setRole(184)) - 834445fe-d519-4872-b649-1f7fcc1408aa@group-6C293A8FB381: changes role from  FOLLOWER to FOLLOWER at term 51 for recognizeCandidate:9e5dbcb7-9947-4856-b3fd-92d703a68307
2019-10-17 20:50:10,295 [grpc-default-executor-6] INFO  impl.RoleInfo (RoleInfo.java:shutdownFollowerState(121)) - 834445fe-d519-4872-b649-1f7fcc1408aa: shutdown FollowerState
2019-10-17 20:50:10,295 [Thread-760] INFO  impl.FollowerState (FollowerState.java:run(117)) - 834445fe-d519-4872-b649-1f7fcc1408aa@group-6C293A8FB381-FollowerState was interrupted: java.lang.InterruptedException: sleep interrupted
2019-10-17 20:50:10,295 [grpc-default-executor-6] INFO  impl.RoleInfo (RoleInfo.java:updateAndGet(143)) - 834445fe-d519-4872-b649-1f7fcc1408aa: start FollowerState
2019-10-17 20:50:10,297 [grpc-default-executor-2] INFO  impl.RaftServerImpl (RaftServerImpl.java:setRole(184)) - d47c3a04-f2fd-4c6d-9c5b-cf5163b6c213@group-6C293A8FB381: changes role from  FOLLOWER to FOLLOWER at term 51 for recognizeCandidate:9e5dbcb7-9947-4856-b3fd-92d703a68307
2019-10-17 20:50:10,298 [grpc-default-executor-2] INFO  impl.RoleInfo (RoleInfo.java:shutdownFollowerState(121)) - d47c3a04-f2fd-4c6d-9c5b-cf5163b6c213: shutdown FollowerState
2019-10-17 20:50:10,298 [grpc-default-executor-2] INFO  impl.RoleInfo (RoleInfo.java:updateAndGet(143)) - d47c3a04-f2fd-4c6d-9c5b-cf5163b6c213: start FollowerState
2019-10-17 20:50:10,298 [Thread-761] INFO  impl.FollowerState (FollowerState.java:run(117)) - d47c3a04-f2fd-4c6d-9c5b-cf5163b6c213@group-6C293A8FB381-FollowerState was interrupted: java.lang.InterruptedException: sleep interrupted
2019-10-17 20:50:10,352 [9e5dbcb7-9947-4856-b3fd-92d703a68307@group-6C293A8FB381-LeaderElection63] INFO  impl.LeaderElection (LeaderElection.java:logAndReturn(56)) - 9e5dbcb7-9947-4856-b3fd-92d703a68307@group-6C293A8FB381-LeaderElection63: Election REJECTED; received 2 response(s) [9e5dbcb7-9947-4856-b3fd-92d703a68307<-834445fe-d519-4872-b649-1f7fcc1408aa#0:FAIL-t51, 9e5dbcb7-9947-4856-b3fd-92d703a68307<-d47c3a04-f2fd-4c6d-9c5b-cf5163b6c213#0:FAIL-t51] and 0 exception(s); 9e5dbcb7-9947-4856-b3fd-92d703a68307@group-6C293A8FB381:t51, leader=null, voted=9e5dbcb7-9947-4856-b3fd-92d703a68307, raftlog=9e5dbcb7-9947-4856-b3fd-92d703a68307@group-6C293A8FB381-SegmentedRaftLog:OPENED:c-1,f-1,i0, conf=-1: [9e5dbcb7-9947-4856-b3fd-92d703a68307:192.168.164.201:39744, 834445fe-d519-4872-b649-1f7fcc1408aa:192.168.164.201:32919, d47c3a04-f2fd-4c6d-9c5b-cf5163b6c213:192.168.164.201:45277], old=null
2019-10-17 20:50:10,352 [9e5dbcb7-9947-4856-b3fd-92d703a68307@group-6C293A8FB381-LeaderElection63] INFO  impl.RaftServerImpl (RaftServerImpl.java:setRole(184)) - 9e5dbcb7-9947-4856-b3fd-92d703a68307@group-6C293A8FB381: changes role from CANDIDATE to FOLLOWER at term 51 for DISCOVERED_A_NEW_TERM
2019-10-17 20:50:10,352 [9e5dbcb7-9947-4856-b3fd-92d703a68307@group-6C293A8FB381-LeaderElection63] INFO  impl.RoleInfo (RoleInfo.java:shutdownLeaderElection(134)) - 9e5dbcb7-9947-4856-b3fd-92d703a68307: shutdown LeaderElection
2019-10-17 20:50:10,352 [9e5dbcb7-9947-4856-b3fd-92d703a68307@group-6C293A8FB381-LeaderElection63] INFO  impl.RoleInfo (RoleInfo.java:updateAndGet(143)) - 9e5dbcb7-9947-4856-b3fd-92d703a68307: start FollowerState
2019-10-17 20:50:10,477 [Thread-768] INFO  impl.FollowerState (FollowerState.java:run(108)) - 9e5dbcb7-9947-4856-b3fd-92d703a68307@group-6C293A8FB381-FollowerState: change to CANDIDATE, lastRpcTime:124ms, electionTimeout:124ms
2019-10-17 20:50:10,477 [Thread-768] INFO  impl.RoleInfo (RoleInfo.java:shutdownFollowerState(121)) - 9e5dbcb7-9947-4856-b3fd-92d703a68307: shutdown FollowerState
2019-10-17 20:50:10,477 [Thread-768] INFO  impl.RaftServerImpl (RaftServerImpl.java:setRole(184)) - 9e5dbcb7-9947-4856-b3fd-92d703a68307@group-6C293A8FB381: changes role from  FOLLOWER to CANDIDATE at term 51 for changeToCandidate
2019-10-17 20:50:10,477 [Thread-768] INFO  impl.RoleInfo (RoleInfo.java:updateAndGet(143)) - 9e5dbcb7-9947-4856-b3fd-92d703a68307: start LeaderElection
2019-10-17 20:50:10,509 [9e5dbcb7-9947-4856-b3fd-92d703a68307@group-6C293A8FB381-LeaderElection64] INFO  impl.LeaderElection (LeaderElection.java:askForVotes(178)) - 9e5dbcb7-9947-4856-b3fd-92d703a68307@group-6C293A8FB381-LeaderElection64: begin an election at term 52 for -1: [9e5dbcb7-9947-4856-b3fd-92d703a68307:192.168.164.201:39744, 834445fe-d519-4872-b649-1f7fcc1408aa:192.168.164.201:32919, d47c3a04-f2fd-4c6d-9c5b-cf5163b6c213:192.168.164.201:45277], old=null
2019-10-17 20:50:10,515 [grpc-default-executor-6] INFO  impl.RaftServerImpl (RaftServerImpl.java:setRole(184)) - 834445fe-d519-4872-b649-1f7fcc1408aa@group-6C293A8FB381: changes role from  FOLLOWER to FOLLOWER at term 52 for recognizeCandidate:9e5dbcb7-9947-4856-b3fd-92d703a68307
2019-10-17 20:50:10,515 [grpc-default-executor-2] INFO  impl.RaftServerImpl (RaftServerImpl.java:setRole(184)) - d47c3a04-f2fd-4c6d-9c5b-cf5163b6c213@group-6C293A8FB381: changes role from  FOLLOWER to FOLLOWER at term 52 for recognizeCandidate:9e5dbcb7-9947-4856-b3fd-92d703a68307
2019-10-17 20:50:10,515 [grpc-default-executor-6] INFO  impl.RoleInfo (RoleInfo.java:shutdownFollowerState(121)) - 834445fe-d519-4872-b649-1f7fcc1408aa: shutdown FollowerState
2019-10-17 20:50:10,515 [grpc-default-executor-2] INFO  impl.RoleInfo (RoleInfo.java:shutdownFollowerState(121)) - d47c3a04-f2fd-4c6d-9c5b-cf5163b6c213: shutdown FollowerState
2019-10-17 20:50:10,515 [Thread-766] INFO  impl.FollowerState (FollowerState.java:run(117)) - 834445fe-d519-4872-b649-1f7fcc1408aa@group-6C293A8FB381-FollowerState was interrupted: java.lang.InterruptedException: sleep interrupted
2019-10-17 20:50:10,515 [grpc-default-executor-6] INFO  impl.RoleInfo (RoleInfo.java:updateAndGet(143)) - 834445fe-d519-4872-b649-1f7fcc1408aa: start FollowerState
2019-10-17 20:50:10,515 [Thread-767] INFO  impl.FollowerState (FollowerState.java:run(117)) - d47c3a04-f2fd-4c6d-9c5b-cf5163b6c213@group-6C293A8FB381-FollowerState was interrupted: java.lang.InterruptedException: sleep interrupted
2019-10-17 20:50:10,515 [grpc-default-executor-2] INFO  impl.RoleInfo (RoleInfo.java:updateAndGet(143)) - d47c3a04-f2fd-4c6d-9c5b-cf5163b6c213: start FollowerState
 0.00% |?                                                                                                    |  0/1 Time: 0:00:052019-10-17 20:50:10,545 [9e5dbcb7-9947-4856-b3fd-92d703a68307@group-6C293A8FB381-LeaderElection64] INFO  impl.LeaderElection (LeaderElection.java:logAndReturn(56)) - 9e5dbcb7-9947-4856-b3fd-92d703a68307@group-6C293A8FB381-LeaderElection64: Election REJECTED; received 2 response(s) [9e5dbcb7-9947-4856-b3fd-92d703a68307<-834445fe-d519-4872-b649-1f7fcc1408aa#0:FAIL-t52, 9e5dbcb7-9947-4856-b3fd-92d703a68307<-d47c3a04-f2fd-4c6d-9c5b-cf5163b6c213#0:FAIL-t52] and 0 exception(s); 9e5dbcb7-9947-4856-b3fd-92d703a68307@group-6C293A8FB381:t52, leader=null, voted=9e5dbcb7-9947-4856-b3fd-92d703a68307, raftlog=9e5dbcb7-9947-4856-b3fd-92d703a68307@group-6C293A8FB381-SegmentedRaftLog:OPENED:c-1,f-1,i0, conf=-1: [9e5dbcb7-9947-4856-b3fd-92d703a68307:192.168.164.201:39744, 834445fe-d519-4872-b649-1f7fcc1408aa:192.168.164.201:32919, d47c3a04-f2fd-4c6d-9c5b-cf5163b6c213:192.168.164.201:45277], old=null
2019-10-17 20:50:10,545 [9e5dbcb7-9947-4856-b3fd-92d703a68307@group-6C293A8FB381-LeaderElection64] INFO  impl.RaftServerImpl (RaftServerImpl.java:setRole(184)) - 9e5dbcb7-9947-4856-b3fd-92d703a68307@group-6C293A8FB381: changes role from CANDIDATE to FOLLOWER at term 52 for DISCOVERED_A_NEW_TERM
2019-10-17 20:50:10,545 [9e5dbcb7-9947-4856-b3fd-92d703a68307@group-6C293A8FB381-LeaderElection64] INFO  impl.RoleInfo (RoleInfo.java:shutdownLeaderElection(134)) - 9e5dbcb7-9947-4856-b3fd-92d703a68307: shutdown LeaderElection
2019-10-17 20:50:10,546 [9e5dbcb7-9947-4856-b3fd-92d703a68307@group-6C293A8FB381-LeaderElection64] INFO  impl.RoleInfo (RoleInfo.java:updateAndGet(143)) - 9e5dbcb7-9947-4856-b3fd-92d703a68307: start FollowerState
2019-10-17 20:50:10,633 [Thread-774] INFO  impl.FollowerState (FollowerState.java:run(108)) - 9e5dbcb7-9947-4856-b3fd-92d703a68307@group-6C293A8FB381-FollowerState: change to CANDIDATE, lastRpcTime:87ms, electionTimeout:87ms
2019-10-17 20:50:10,633 [Thread-774] INFO  impl.RoleInfo (RoleInfo.java:shutdownFollowerState(121)) - 9e5dbcb7-9947-4856-b3fd-92d703a68307: shutdown FollowerState
2019-10-17 20:50:10,634 [Thread-774] INFO  impl.RaftServerImpl (RaftServerImpl.java:setRole(184)) - 9e5dbcb7-9947-4856-b3fd-92d703a68307@group-6C293A8FB381: changes role from  FOLLOWER to CANDIDATE at term 52 for changeToCandidate
2019-10-17 20:50:10,634 [Thread-774] INFO  impl.RoleInfo (RoleInfo.java:updateAndGet(143)) - 9e5dbcb7-9947-4856-b3fd-92d703a68307: start LeaderElection
2019-10-17 20:50:10,660 [9e5dbcb7-9947-4856-b3fd-92d703a68307@group-6C293A8FB381-LeaderElection65] INFO  impl.LeaderElection (LeaderElection.java:askForVotes(178)) - 9e5dbcb7-9947-4856-b3fd-92d703a68307@group-6C293A8FB381-LeaderElection65: begin an election at term 53 for -1: [9e5dbcb7-9947-4856-b3fd-92d703a68307:192.168.164.201:39744, 834445fe-d519-4872-b649-1f7fcc1408aa:192.168.164.201:32919, d47c3a04-f2fd-4c6d-9c5b-cf5163b6c213:192.168.164.201:45277], old=null
2019-10-17 20:50:10,664 [grpc-default-executor-2] INFO  impl.RaftServerImpl (RaftServerImpl.java:setRole(184)) - d47c3a04-f2fd-4c6d-9c5b-cf5163b6c213@group-6C293A8FB381: changes role from  FOLLOWER to FOLLOWER at term 53 for recognizeCandidate:9e5dbcb7-9947-4856-b3fd-92d703a68307
2019-10-17 20:50:10,664 [grpc-default-executor-6] INFO  impl.RaftServerImpl (RaftServerImpl.java:setRole(184)) - 834445fe-d519-4872-b649-1f7fcc1408aa@group-6C293A8FB381: changes role from  FOLLOWER to FOLLOWER at term 53 for recognizeCandidate:9e5dbcb7-9947-4856-b3fd-92d703a68307
2019-10-17 20:50:10,664 [grpc-default-executor-2] INFO  impl.RoleInfo (RoleInfo.java:shutdownFollowerState(121)) - d47c3a04-f2fd-4c6d-9c5b-cf5163b6c213: shutdown FollowerState
2019-10-17 20:50:10,664 [grpc-default-executor-6] INFO  impl.RoleInfo (RoleInfo.java:shutdownFollowerState(121)) - 834445fe-d519-4872-b649-1f7fcc1408aa: shutdown FollowerState
2019-10-17 20:50:10,664 [Thread-773] INFO  impl.FollowerState (FollowerState.java:run(117)) - d47c3a04-f2fd-4c6d-9c5b-cf5163b6c213@group-6C293A8FB381-FollowerState was interrupted: java.lang.InterruptedException: sleep interrupted
2019-10-17 20:50:10,664 [grpc-default-executor-2] INFO  impl.RoleInfo (RoleInfo.java:updateAndGet(143)) - d47c3a04-f2fd-4c6d-9c5b-cf5163b6c213: start FollowerState
2019-10-17 20:50:10,665 [Thread-772] INFO  impl.FollowerState (FollowerState.java:run(117)) - 834445fe-d519-4872-b649-1f7fcc1408aa@group-6C293A8FB381-FollowerState was interrupted: java.lang.InterruptedException: sleep interrupted
2019-10-17 20:50:10,664 [grpc-default-executor-6] INFO  impl.RoleInfo (RoleInfo.java:updateAndGet(143)) - 834445fe-d519-4872-b649-1f7fcc1408aa: start FollowerState
2019-10-17 20:50:10,695 [9e5dbcb7-9947-4856-b3fd-92d703a68307@group-6C293A8FB381-LeaderElection65] INFO  impl.LeaderElection (LeaderElection.java:logAndReturn(56)) - 9e5dbcb7-9947-4856-b3fd-92d703a68307@group-6C293A8FB381-LeaderElection65: Election REJECTED; received 2 response(s) [9e5dbcb7-9947-4856-b3fd-92d703a68307<-834445fe-d519-4872-b649-1f7fcc1408aa#0:FAIL-t53, 9e5dbcb7-9947-4856-b3fd-92d703a68307<-d47c3a04-f2fd-4c6d-9c5b-cf5163b6c213#0:FAIL-t53] and 0 exception(s); 9e5dbcb7-9947-4856-b3fd-92d703a68307@group-6C293A8FB381:t53, leader=null, voted=9e5dbcb7-9947-4856-b3fd-92d703a68307, raftlog=9e5dbcb7-9947-4856-b3fd-92d703a68307@group-6C293A8FB381-SegmentedRaftLog:OPENED:c-1,f-1,i0, conf=-1: [9e5dbcb7-9947-4856-b3fd-92d703a68307:192.168.164.201:39744, 834445fe-d519-4872-b649-1f7fcc1408aa:192.168.164.201:32919, d47c3a04-f2fd-4c6d-9c5b-cf5163b6c213:192.168.164.201:45277], old=null
2019-10-17 20:50:10,695 [9e5dbcb7-9947-4856-b3fd-92d703a68307@group-6C293A8FB381-LeaderElection65] INFO  impl.RaftServerImpl (RaftServerImpl.java:setRole(184)) - 9e5dbcb7-9947-4856-b3fd-92d703a68307@group-6C293A8FB381: changes role from CANDIDATE to FOLLOWER at term 53 for DISCOVERED_A_NEW_TERM
2019-10-17 20:50:10,695 [9e5dbcb7-9947-4856-b3fd-92d703a68307@group-6C293A8FB381-LeaderElection65] INFO  impl.RoleInfo (RoleInfo.java:shutdownLeaderElection(134)) - 9e5dbcb7-9947-4856-b3fd-92d703a68307: shutdown LeaderElection
2019-10-17 20:50:10,695 [9e5dbcb7-9947-4856-b3fd-92d703a68307@group-6C293A8FB381-LeaderElection65] INFO  impl.RoleInfo (RoleInfo.java:updateAndGet(143)) - 9e5dbcb7-9947-4856-b3fd-92d703a68307: start FollowerState
2019-10-17 20:50:10,854 [Thread-780] INFO  impl.FollowerState (FollowerState.java:run(108)) - 9e5dbcb7-9947-4856-b3fd-92d703a68307@group-6C293A8FB381-FollowerState: change to CANDIDATE, lastRpcTime:158ms, electionTimeout:158ms
2019-10-17 20:50:10,854 [Thread-780] INFO  impl.RoleInfo (RoleInfo.java:shutdownFollowerState(121)) - 9e5dbcb7-9947-4856-b3fd-92d703a68307: shutdown FollowerState
2019-10-17 20:50:10,854 [Thread-780] INFO  impl.RaftServerImpl (RaftServerImpl.java:setRole(184)) - 9e5dbcb7-9947-4856-b3fd-92d703a68307@group-6C293A8FB381: changes role from  FOLLOWER to CANDIDATE at term 53 for changeToCandidate
2019-10-17 20:50:10,854 [Thread-780] INFO  impl.RoleInfo (RoleInfo.java:updateAndGet(143)) - 9e5dbcb7-9947-4856-b3fd-92d703a68307: start LeaderElection
2019-10-17 20:50:10,886 [9e5dbcb7-9947-4856-b3fd-92d703a68307@group-6C293A8FB381-LeaderElection66] INFO  impl.LeaderElection (LeaderElection.java:askForVotes(178)) - 9e5dbcb7-9947-4856-b3fd-92d703a68307@group-6C293A8FB381-LeaderElection66: begin an election at term 54 for -1: [9e5dbcb7-9947-4856-b3fd-92d703a68307:192.168.164.201:39744, 834445fe-d519-4872-b649-1f7fcc1408aa:192.168.164.201:32919, d47c3a04-f2fd-4c6d-9c5b-cf5163b6c213:192.168.164.201:45277], old=null
2019-10-17 20:50:10,890 [grpc-default-executor-6] INFO  impl.RaftServerImpl (RaftServerImpl.java:setRole(184)) - 834445fe-d519-4872-b649-1f7fcc1408aa@group-6C293A8FB381: changes role from  FOLLOWER to FOLLOWER at term 54 for recognizeCandidate:9e5dbcb7-9947-4856-b3fd-92d703a68307
2019-10-17 20:50:10,890 [grpc-default-executor-2] INFO  impl.RaftServerImpl (RaftServerImpl.java:setRole(184)) - d47c3a04-f2fd-4c6d-9c5b-cf5163b6c213@group-6C293A8FB381: changes role from  FOLLOWER to FOLLOWER at term 54 for recognizeCandidate:9e5dbcb7-9947-4856-b3fd-92d703a68307
2019-10-17 20:50:10,890 [grpc-default-executor-6] INFO  impl.RoleInfo (RoleInfo.java:shutdownFollowerState(121)) - 834445fe-d519-4872-b649-1f7fcc1408aa: shutdown FollowerState
2019-10-17 20:50:10,890 [grpc-default-executor-2] INFO  impl.RoleInfo (RoleInfo.java:shutdownFollowerState(121)) - d47c3a04-f2fd-4c6d-9c5b-cf5163b6c213: shutdown FollowerState
2019-10-17 20:50:10,890 [Thread-779] INFO  impl.FollowerState (FollowerState.java:run(117)) - 834445fe-d519-4872-b649-1f7fcc1408aa@group-6C293A8FB381-FollowerState was interrupted: java.lang.InterruptedException: sleep interrupted
2019-10-17 20:50:10,890 [grpc-default-executor-6] INFO  impl.RoleInfo (RoleInfo.java:updateAndGet(143)) - 834445fe-d519-4872-b649-1f7fcc1408aa: start FollowerState
2019-10-17 20:50:10,890 [grpc-default-executor-2] INFO  impl.RoleInfo (RoleInfo.java:updateAndGet(143)) - d47c3a04-f2fd-4c6d-9c5b-cf5163b6c213: start FollowerState
2019-10-17 20:50:10,890 [Thread-778] INFO  impl.FollowerState (FollowerState.java:run(117)) - d47c3a04-f2fd-4c6d-9c5b-cf5163b6c213@group-6C293A8FB381-FollowerState was interrupted: java.lang.InterruptedException: sleep interrupted
2019-10-17 20:50:10,909 [9e5dbcb7-9947-4856-b3fd-92d703a68307@group-6C293A8FB381-LeaderElection66] INFO  impl.LeaderElection (LeaderElection.java:logAndReturn(56)) - 9e5dbcb7-9947-4856-b3fd-92d703a68307@group-6C293A8FB381-LeaderElection66: Election TIMEOUT; received 0 response(s) [] and 0 exception(s); 9e5dbcb7-9947-4856-b3fd-92d703a68307@group-6C293A8FB381:t54, leader=null, voted=9e5dbcb7-9947-4856-b3fd-92d703a68307, raftlog=9e5dbcb7-9947-4856-b3fd-92d703a68307@group-6C293A8FB381-SegmentedRaftLog:OPENED:c-1,f-1,i0, conf=-1: [9e5dbcb7-9947-4856-b3fd-92d703a68307:192.168.164.201:39744, 834445fe-d519-4872-b649-1f7fcc1408aa:192.168.164.201:32919, d47c3a04-f2fd-4c6d-9c5b-cf5163b6c213:192.168.164.201:45277], old=null
2019-10-17 20:50:10,936 [9e5dbcb7-9947-4856-b3fd-92d703a68307@group-6C293A8FB381-LeaderElection66] INFO  impl.LeaderElection (LeaderElection.java:askForVotes(178)) - 9e5dbcb7-9947-4856-b3fd-92d703a68307@group-6C293A8FB381-LeaderElection66: begin an election at term 55 for -1: [9e5dbcb7-9947-4856-b3fd-92d703a68307:192.168.164.201:39744, 834445fe-d519-4872-b649-1f7fcc1408aa:192.168.164.201:32919, d47c3a04-f2fd-4c6d-9c5b-cf5163b6c213:192.168.164.201:45277], old=null
2019-10-17 20:50:10,940 [grpc-default-executor-2] INFO  impl.RaftServerImpl (RaftServerImpl.java:setRole(184)) - d47c3a04-f2fd-4c6d-9c5b-cf5163b6c213@group-6C293A8FB381: changes role from  FOLLOWER to FOLLOWER at term 55 for recognizeCandidate:9e5dbcb7-9947-4856-b3fd-92d703a68307
2019-10-17 20:50:10,940 [grpc-default-executor-6] INFO  impl.RaftServerImpl (RaftServerImpl.java:setRole(184)) - 834445fe-d519-4872-b649-1f7fcc1408aa@group-6C293A8FB381: changes role from  FOLLOWER to FOLLOWER at term 55 for recognizeCandidate:9e5dbcb7-9947-4856-b3fd-92d703a68307
2019-10-17 20:50:10,940 [grpc-default-executor-2] INFO  impl.RoleInfo (RoleInfo.java:shutdownFollowerState(121)) - d47c3a04-f2fd-4c6d-9c5b-cf5163b6c213: shutdown FollowerState
2019-10-17 20:50:10,940 [grpc-default-executor-6] INFO  impl.RoleInfo (RoleInfo.java:shutdownFollowerState(121)) - 834445fe-d519-4872-b649-1f7fcc1408aa: shutdown FollowerState
2019-10-17 20:50:10,940 [grpc-default-executor-2] INFO  impl.RoleInfo (RoleInfo.java:updateAndGet(143)) - d47c3a04-f2fd-4c6d-9c5b-cf5163b6c213: start FollowerState
2019-10-17 20:50:10,940 [Thread-784] INFO  impl.FollowerState (FollowerState.java:run(117)) - 834445fe-d519-4872-b649-1f7fcc1408aa@group-6C293A8FB381-FollowerState was interrupted: java.lang.InterruptedException: sleep interrupted
2019-10-17 20:50:10,940 [grpc-default-executor-6] INFO  impl.RoleInfo (RoleInfo.java:updateAndGet(143)) - 834445fe-d519-4872-b649-1f7fcc1408aa: start FollowerState
2019-10-17 20:50:10,940 [Thread-785] INFO  impl.FollowerState (FollowerState.java:run(117)) - d47c3a04-f2fd-4c6d-9c5b-cf5163b6c213@group-6C293A8FB381-FollowerState was interrupted: java.lang.InterruptedException: sleep interrupted
2019-10-17 20:50:10,963 [9e5dbcb7-9947-4856-b3fd-92d703a68307@group-6C293A8FB381-LeaderElection66] INFO  impl.LeaderElection (LeaderElection.java:logAndReturn(56)) - 9e5dbcb7-9947-4856-b3fd-92d703a68307@group-6C293A8FB381-LeaderElection66: Election REJECTED; received 2 response(s) [9e5dbcb7-9947-4856-b3fd-92d703a68307<-834445fe-d519-4872-b649-1f7fcc1408aa#0:FAIL-t55, 9e5dbcb7-9947-4856-b3fd-92d703a68307<-d47c3a04-f2fd-4c6d-9c5b-cf5163b6c213#0:FAIL-t55] and 0 exception(s); 9e5dbcb7-9947-4856-b3fd-92d703a68307@group-6C293A8FB381:t55, leader=null, voted=9e5dbcb7-9947-4856-b3fd-92d703a68307, raftlog=9e5dbcb7-9947-4856-b3fd-92d703a68307@group-6C293A8FB381-SegmentedRaftLog:OPENED:c-1,f-1,i0, conf=-1: [9e5dbcb7-9947-4856-b3fd-92d703a68307:192.168.164.201:39744, 834445fe-d519-4872-b649-1f7fcc1408aa:192.168.164.201:32919, d47c3a04-f2fd-4c6d-9c5b-cf5163b6c213:192.168.164.201:45277], old=null
2019-10-17 20:50:10,963 [9e5dbcb7-9947-4856-b3fd-92d703a68307@group-6C293A8FB381-LeaderElection66] INFO  impl.RaftServerImpl (RaftServerImpl.java:setRole(184)) - 9e5dbcb7-9947-4856-b3fd-92d703a68307@group-6C293A8FB381: changes role from CANDIDATE to FOLLOWER at term 55 for DISCOVERED_A_NEW_TERM
2019-10-17 20:50:10,963 [9e5dbcb7-9947-4856-b3fd-92d703a68307@group-6C293A8FB381-LeaderElection66] INFO  impl.RoleInfo (RoleInfo.java:shutdownLeaderElection(134)) - 9e5dbcb7-9947-4856-b3fd-92d703a68307: shutdown LeaderElection
2019-10-17 20:50:10,963 [9e5dbcb7-9947-4856-b3fd-92d703a68307@group-6C293A8FB381-LeaderElection66] INFO  impl.RoleInfo (RoleInfo.java:updateAndGet(143)) - 9e5dbcb7-9947-4856-b3fd-92d703a68307: start FollowerState
2019-10-17 20:50:10,993 [Thread-790] INFO  impl.FollowerState (FollowerState.java:run(108)) - 9e5dbcb7-9947-4856-b3fd-92d703a68307@group-6C293A8FB381-FollowerState: change to CANDIDATE, lastRpcTime:29ms, electionTimeout:29ms
2019-10-17 20:50:10,993 [Thread-790] INFO  impl.RoleInfo (RoleInfo.java:shutdownFollowerState(121)) - 9e5dbcb7-9947-4856-b3fd-92d703a68307: shutdown FollowerState
2019-10-17 20:50:10,993 [Thread-790] INFO  impl.RaftServerImpl (RaftServerImpl.java:setRole(184)) - 9e5dbcb7-9947-4856-b3fd-92d703a68307@group-6C293A8FB381: changes role from  FOLLOWER to CANDIDATE at term 55 for changeToCandidate
2019-10-17 20:50:10,993 [Thread-790] INFO  impl.RoleInfo (RoleInfo.java:updateAndGet(143)) - 9e5dbcb7-9947-4856-b3fd-92d703a68307: start LeaderElection
2019-10-17 20:50:11,021 [9e5dbcb7-9947-4856-b3fd-92d703a68307@group-6C293A8FB381-LeaderElection67] INFO  impl.LeaderElection (LeaderElection.java:askForVotes(178)) - 9e5dbcb7-9947-4856-b3fd-92d703a68307@group-6C293A8FB381-LeaderElection67: begin an election at term 56 for -1: [9e5dbcb7-9947-4856-b3fd-92d703a68307:192.168.164.201:39744, 834445fe-d519-4872-b649-1f7fcc1408aa:192.168.164.201:32919, d47c3a04-f2fd-4c6d-9c5b-cf5163b6c213:192.168.164.201:45277], old=null
2019-10-17 20:50:11,023 [grpc-default-executor-6] INFO  impl.RaftServerImpl (RaftServerImpl.java:setRole(184)) - 834445fe-d519-4872-b649-1f7fcc1408aa@group-6C293A8FB381: changes role from  FOLLOWER to FOLLOWER at term 56 for recognizeCandidate:9e5dbcb7-9947-4856-b3fd-92d703a68307
2019-10-17 20:50:11,024 [grpc-default-executor-6] INFO  impl.RoleInfo (RoleInfo.java:shutdownFollowerState(121)) - 834445fe-d519-4872-b649-1f7fcc1408aa: shutdown FollowerState
2019-10-17 20:50:11,024 [grpc-default-executor-6] INFO  impl.RoleInfo (RoleInfo.java:updateAndGet(143)) - 834445fe-d519-4872-b649-1f7fcc1408aa: start FollowerState
2019-10-17 20:50:11,024 [Thread-789] INFO  impl.FollowerState (FollowerState.java:run(117)) - 834445fe-d519-4872-b649-1f7fcc1408aa@group-6C293A8FB381-FollowerState was interrupted: java.lang.InterruptedException: sleep interrupted
2019-10-17 20:50:11,024 [grpc-default-executor-2] INFO  impl.RaftServerImpl (RaftServerImpl.java:setRole(184)) - d47c3a04-f2fd-4c6d-9c5b-cf5163b6c213@group-6C293A8FB381: changes role from  FOLLOWER to FOLLOWER at term 56 for recognizeCandidate:9e5dbcb7-9947-4856-b3fd-92d703a68307
2019-10-17 20:50:11,024 [grpc-default-executor-2] INFO  impl.RoleInfo (RoleInfo.java:shutdownFollowerState(121)) - d47c3a04-f2fd-4c6d-9c5b-cf5163b6c213: shutdown FollowerState
2019-10-17 20:50:11,025 [grpc-default-executor-2] INFO  impl.RoleInfo (RoleInfo.java:updateAndGet(143)) - d47c3a04-f2fd-4c6d-9c5b-cf5163b6c213: start FollowerState
2019-10-17 20:50:11,025 [Thread-788] INFO  impl.FollowerState (FollowerState.java:run(117)) - d47c3a04-f2fd-4c6d-9c5b-cf5163b6c213@group-6C293A8FB381-FollowerState was interrupted: java.lang.InterruptedException: sleep interrupted
2019-10-17 20:50:11,047 [9e5dbcb7-9947-4856-b3fd-92d703a68307@group-6C293A8FB381-LeaderElection67] INFO  impl.LeaderElection (LeaderElection.java:logAndReturn(56)) - 9e5dbcb7-9947-4856-b3fd-92d703a68307@group-6C293A8FB381-LeaderElection67: Election REJECTED; received 2 response(s) [9e5dbcb7-9947-4856-b3fd-92d703a68307<-834445fe-d519-4872-b649-1f7fcc1408aa#0:FAIL-t56, 9e5dbcb7-9947-4856-b3fd-92d703a68307<-d47c3a04-f2fd-4c6d-9c5b-cf5163b6c213#0:FAIL-t56] and 0 exception(s); 9e5dbcb7-9947-4856-b3fd-92d703a68307@group-6C293A8FB381:t56, leader=null, voted=9e5dbcb7-9947-4856-b3fd-92d703a68307, raftlog=9e5dbcb7-9947-4856-b3fd-92d703a68307@group-6C293A8FB381-SegmentedRaftLog:OPENED:c-1,f-1,i0, conf=-1: [9e5dbcb7-9947-4856-b3fd-92d703a68307:192.168.164.201:39744, 834445fe-d519-4872-b649-1f7fcc1408aa:192.168.164.201:32919, d47c3a04-f2fd-4c6d-9c5b-cf5163b6c213:192.168.164.201:45277], old=null
2019-10-17 20:50:11,048 [9e5dbcb7-9947-4856-b3fd-92d703a68307@group-6C293A8FB381-LeaderElection67] INFO  impl.RaftServerImpl (RaftServerImpl.java:setRole(184)) - 9e5dbcb7-9947-4856-b3fd-92d703a68307@group-6C293A8FB381: changes role from CANDIDATE to FOLLOWER at term 56 for DISCOVERED_A_NEW_TERM
2019-10-17 20:50:11,048 [9e5dbcb7-9947-4856-b3fd-92d703a68307@group-6C293A8FB381-LeaderElection67] INFO  impl.RoleInfo (RoleInfo.java:shutdownLeaderElection(134)) - 9e5dbcb7-9947-4856-b3fd-92d703a68307: shutdown LeaderElection
2019-10-17 20:50:11,048 [9e5dbcb7-9947-4856-b3fd-92d703a68307@group-6C293A8FB381-LeaderElection67] INFO  impl.RoleInfo (RoleInfo.java:updateAndGet(143)) - 9e5dbcb7-9947-4856-b3fd-92d703a68307: start FollowerState
2019-10-17 20:50:11,110 [Thread-796] INFO  impl.FollowerState (FollowerState.java:run(108)) - 9e5dbcb7-9947-4856-b3fd-92d703a68307@group-6C293A8FB381-FollowerState: change to CANDIDATE, lastRpcTime:62ms, electionTimeout:62ms
2019-10-17 20:50:11,110 [Thread-796] INFO  impl.RoleInfo (RoleInfo.java:shutdownFollowerState(121)) - 9e5dbcb7-9947-4856-b3fd-92d703a68307: shutdown FollowerState
2019-10-17 20:50:11,111 [Thread-796] INFO  impl.RaftServerImpl (RaftServerImpl.java:setRole(184)) - 9e5dbcb7-9947-4856-b3fd-92d703a68307@group-6C293A8FB381: changes role from  FOLLOWER to CANDIDATE at term 56 for changeToCandidate
2019-10-17 20:50:11,111 [Thread-796] INFO  impl.RoleInfo (RoleInfo.java:updateAndGet(143)) - 9e5dbcb7-9947-4856-b3fd-92d703a68307: start LeaderElection
2019-10-17 20:50:11,138 [9e5dbcb7-9947-4856-b3fd-92d703a68307@group-6C293A8FB381-LeaderElection68] INFO  impl.LeaderElection (LeaderElection.java:askForVotes(178)) - 9e5dbcb7-9947-4856-b3fd-92d703a68307@group-6C293A8FB381-LeaderElection68: begin an election at term 57 for -1: [9e5dbcb7-9947-4856-b3fd-92d703a68307:192.168.164.201:39744, 834445fe-d519-4872-b649-1f7fcc1408aa:192.168.164.201:32919, d47c3a04-f2fd-4c6d-9c5b-cf5163b6c213:192.168.164.201:45277], old=null
2019-10-17 20:50:11,141 [grpc-default-executor-2] INFO  impl.RaftServerImpl (RaftServerImpl.java:setRole(184)) - 834445fe-d519-4872-b649-1f7fcc1408aa@group-6C293A8FB381: changes role from  FOLLOWER to FOLLOWER at term 57 for recognizeCandidate:9e5dbcb7-9947-4856-b3fd-92d703a68307
2019-10-17 20:50:11,141 [grpc-default-executor-6] INFO  impl.RaftServerImpl (RaftServerImpl.java:setRole(184)) - d47c3a04-f2fd-4c6d-9c5b-cf5163b6c213@group-6C293A8FB381: changes role from  FOLLOWER to FOLLOWER at term 57 for recognizeCandidate:9e5dbcb7-9947-4856-b3fd-92d703a68307
2019-10-17 20:50:11,141 [grpc-default-executor-2] INFO  impl.RoleInfo (RoleInfo.java:shutdownFollowerState(121)) - 834445fe-d519-4872-b649-1f7fcc1408aa: shutdown FollowerState
2019-10-17 20:50:11,142 [grpc-default-executor-6] INFO  impl.RoleInfo (RoleInfo.java:shutdownFollowerState(121)) - d47c3a04-f2fd-4c6d-9c5b-cf5163b6c213: shutdown FollowerState
2019-10-17 20:50:11,142 [Thread-794] INFO  impl.FollowerState (FollowerState.java:run(117)) - 834445fe-d519-4872-b649-1f7fcc1408aa@group-6C293A8FB381-FollowerState was interrupted: java.lang.InterruptedException: sleep interrupted
2019-10-17 20:50:11,142 [grpc-default-executor-2] INFO  impl.RoleInfo (RoleInfo.java:updateAndGet(143)) - 834445fe-d519-4872-b649-1f7fcc1408aa: start FollowerState
2019-10-17 20:50:11,142 [Thread-795] INFO  impl.FollowerState (FollowerState.java:run(117)) - d47c3a04-f2fd-4c6d-9c5b-cf5163b6c213@group-6C293A8FB381-FollowerState was interrupted: java.lang.InterruptedException: sleep interrupted
2019-10-17 20:50:11,142 [grpc-default-executor-6] INFO  impl.RoleInfo (RoleInfo.java:updateAndGet(143)) - d47c3a04-f2fd-4c6d-9c5b-cf5163b6c213: start FollowerState
2019-10-17 20:50:11,165 [9e5dbcb7-9947-4856-b3fd-92d703a68307@group-6C293A8FB381-LeaderElection68] INFO  impl.LeaderElection (LeaderElection.java:logAndReturn(56)) - 9e5dbcb7-9947-4856-b3fd-92d703a68307@group-6C293A8FB381-LeaderElection68: Election REJECTED; received 2 response(s) [9e5dbcb7-9947-4856-b3fd-92d703a68307<-834445fe-d519-4872-b649-1f7fcc1408aa#0:FAIL-t57, 9e5dbcb7-9947-4856-b3fd-92d703a68307<-d47c3a04-f2fd-4c6d-9c5b-cf5163b6c213#0:FAIL-t57] and 0 exception(s); 9e5dbcb7-9947-4856-b3fd-92d703a68307@group-6C293A8FB381:t57, leader=null, voted=9e5dbcb7-9947-4856-b3fd-92d703a68307, raftlog=9e5dbcb7-9947-4856-b3fd-92d703a68307@group-6C293A8FB381-SegmentedRaftLog:OPENED:c-1,f-1,i0, conf=-1: [9e5dbcb7-9947-4856-b3fd-92d703a68307:192.168.164.201:39744, 834445fe-d519-4872-b649-1f7fcc1408aa:192.168.164.201:32919, d47c3a04-f2fd-4c6d-9c5b-cf5163b6c213:192.168.164.201:45277], old=null
2019-10-17 20:50:11,165 [9e5dbcb7-9947-4856-b3fd-92d703a68307@group-6C293A8FB381-LeaderElection68] INFO  impl.RaftServerImpl (RaftServerImpl.java:setRole(184)) - 9e5dbcb7-9947-4856-b3fd-92d703a68307@group-6C293A8FB381: changes role from CANDIDATE to FOLLOWER at term 57 for DISCOVERED_A_NEW_TERM
2019-10-17 20:50:11,165 [9e5dbcb7-9947-4856-b3fd-92d703a68307@group-6C293A8FB381-LeaderElection68] INFO  impl.RoleInfo (RoleInfo.java:shutdownLeaderElection(134)) - 9e5dbcb7-9947-4856-b3fd-92d703a68307: shutdown LeaderElection
2019-10-17 20:50:11,165 [9e5dbcb7-9947-4856-b3fd-92d703a68307@group-6C293A8FB381-LeaderElection68] INFO  impl.RoleInfo (RoleInfo.java:updateAndGet(143)) - 9e5dbcb7-9947-4856-b3fd-92d703a68307: start FollowerState
2019-10-17 20:50:11,360 [Thread-802] INFO  impl.FollowerState (FollowerState.java:run(108)) - 9e5dbcb7-9947-4856-b3fd-92d703a68307@group-6C293A8FB381-FollowerState: change to CANDIDATE, lastRpcTime:194ms, electionTimeout:194ms
2019-10-17 20:50:11,360 [Thread-802] INFO  impl.RoleInfo (RoleInfo.java:shutdownFollowerState(121)) - 9e5dbcb7-9947-4856-b3fd-92d703a68307: shutdown FollowerState
2019-10-17 20:50:11,360 [Thread-802] INFO  impl.RaftServerImpl (RaftServerImpl.java:setRole(184)) - 9e5dbcb7-9947-4856-b3fd-92d703a68307@group-6C293A8FB381: changes role from  FOLLOWER to CANDIDATE at term 57 for changeToCandidate
2019-10-17 20:50:11,360 [Thread-802] INFO  impl.RoleInfo (RoleInfo.java:updateAndGet(143)) - 9e5dbcb7-9947-4856-b3fd-92d703a68307: start LeaderElection
2019-10-17 20:50:11,389 [9e5dbcb7-9947-4856-b3fd-92d703a68307@group-6C293A8FB381-LeaderElection69] INFO  impl.LeaderElection (LeaderElection.java:askForVotes(178)) - 9e5dbcb7-9947-4856-b3fd-92d703a68307@group-6C293A8FB381-LeaderElection69: begin an election at term 58 for -1: [9e5dbcb7-9947-4856-b3fd-92d703a68307:192.168.164.201:39744, 834445fe-d519-4872-b649-1f7fcc1408aa:192.168.164.201:32919, d47c3a04-f2fd-4c6d-9c5b-cf5163b6c213:192.168.164.201:45277], old=null
2019-10-17 20:50:11,393 [grpc-default-executor-2] INFO  impl.RaftServerImpl (RaftServerImpl.java:setRole(184)) - d47c3a04-f2fd-4c6d-9c5b-cf5163b6c213@group-6C293A8FB381: changes role from  FOLLOWER to FOLLOWER at term 58 for recognizeCandidate:9e5dbcb7-9947-4856-b3fd-92d703a68307
2019-10-17 20:50:11,393 [grpc-default-executor-6] INFO  impl.RaftServerImpl (RaftServerImpl.java:setRole(184)) - 834445fe-d519-4872-b649-1f7fcc1408aa@group-6C293A8FB381: changes role from  FOLLOWER to FOLLOWER at term 58 for recognizeCandidate:9e5dbcb7-9947-4856-b3fd-92d703a68307
2019-10-17 20:50:11,394 [grpc-default-executor-2] INFO  impl.RoleInfo (RoleInfo.java:shutdownFollowerState(121)) - d47c3a04-f2fd-4c6d-9c5b-cf5163b6c213: shutdown FollowerState
2019-10-17 20:50:11,394 [grpc-default-executor-6] INFO  impl.RoleInfo (RoleInfo.java:shutdownFollowerState(121)) - 834445fe-d519-4872-b649-1f7fcc1408aa: shutdown FollowerState
2019-10-17 20:50:11,394 [Thread-801] INFO  impl.FollowerState (FollowerState.java:run(117)) - d47c3a04-f2fd-4c6d-9c5b-cf5163b6c213@group-6C293A8FB381-FollowerState was interrupted: java.lang.InterruptedException: sleep interrupted
2019-10-17 20:50:11,394 [grpc-default-executor-2] INFO  impl.RoleInfo (RoleInfo.java:updateAndGet(143)) - d47c3a04-f2fd-4c6d-9c5b-cf5163b6c213: start FollowerState
2019-10-17 20:50:11,394 [Thread-800] INFO  impl.FollowerState (FollowerState.java:run(117)) - 834445fe-d519-4872-b649-1f7fcc1408aa@group-6C293A8FB381-FollowerState was interrupted: java.lang.InterruptedException: sleep interrupted
2019-10-17 20:50:11,394 [grpc-default-executor-6] INFO  impl.RoleInfo (RoleInfo.java:updateAndGet(143)) - 834445fe-d519-4872-b649-1f7fcc1408aa: start FollowerState
2019-10-17 20:50:11,425 [9e5dbcb7-9947-4856-b3fd-92d703a68307@group-6C293A8FB381-LeaderElection69] INFO  impl.LeaderElection (LeaderElection.java:logAndReturn(56)) - 9e5dbcb7-9947-4856-b3fd-92d703a68307@group-6C293A8FB381-LeaderElection69: Election REJECTED; received 2 response(s) [9e5dbcb7-9947-4856-b3fd-92d703a68307<-834445fe-d519-4872-b649-1f7fcc1408aa#0:FAIL-t58, 9e5dbcb7-9947-4856-b3fd-92d703a68307<-d47c3a04-f2fd-4c6d-9c5b-cf5163b6c213#0:FAIL-t58] and 0 exception(s); 9e5dbcb7-9947-4856-b3fd-92d703a68307@group-6C293A8FB381:t58, leader=null, voted=9e5dbcb7-9947-4856-b3fd-92d703a68307, raftlog=9e5dbcb7-9947-4856-b3fd-92d703a68307@group-6C293A8FB381-SegmentedRaftLog:OPENED:c-1,f-1,i0, conf=-1: [9e5dbcb7-9947-4856-b3fd-92d703a68307:192.168.164.201:39744, 834445fe-d519-4872-b649-1f7fcc1408aa:192.168.164.201:32919, d47c3a04-f2fd-4c6d-9c5b-cf5163b6c213:192.168.164.201:45277], old=null
2019-10-17 20:50:11,425 [9e5dbcb7-9947-4856-b3fd-92d703a68307@group-6C293A8FB381-LeaderElection69] INFO  impl.RaftServerImpl (RaftServerImpl.java:setRole(184)) - 9e5dbcb7-9947-4856-b3fd-92d703a68307@group-6C293A8FB381: changes role from CANDIDATE to FOLLOWER at term 58 for DISCOVERED_A_NEW_TERM
2019-10-17 20:50:11,425 [9e5dbcb7-9947-4856-b3fd-92d703a68307@group-6C293A8FB381-LeaderElection69] INFO  impl.RoleInfo (RoleInfo.java:shutdownLeaderElection(134)) - 9e5dbcb7-9947-4856-b3fd-92d703a68307: shutdown LeaderElection
2019-10-17 20:50:11,425 [9e5dbcb7-9947-4856-b3fd-92d703a68307@group-6C293A8FB381-LeaderElection69] INFO  impl.RoleInfo (RoleInfo.java:updateAndGet(143)) - 9e5dbcb7-9947-4856-b3fd-92d703a68307: start FollowerState
 100.00% |?????????????????????????????????????????????????????????????????????????????????????????????????????|  1/1 Time: 0:00:06
]]></system-out>
  </testcase>
</testsuite>