<?xml version="1.0" encoding="UTF-8"?>
<testsuite xmlns:xsi="http://www.w3.org/2001/XMLSchema-instance" xsi:noNamespaceSchemaLocation="https://maven.apache.org/surefire/maven-surefire-plugin/xsd/surefire-test-report.xsd" name="org.apache.hadoop.ozone.freon.TestFreonWithPipelineDestroy" time="42.196" tests="1" errors="1" skipped="0" failures="0">
  <properties>
    <property name="awt.toolkit" value="sun.awt.X11.XToolkit"/>
    <property name="file.encoding.pkg" value="sun.io"/>
    <property name="java.specification.version" value="1.8"/>
    <property name="sun.cpu.isalist" value=""/>
    <property name="sun.jnu.encoding" value="ANSI_X3.4-1968"/>
    <property name="java.class.path" value="/workdir/hadoop-ozone/tools/target/test-classes:/workdir/hadoop-ozone/tools/target/classes:/home/user/.m2/repository/org/apache/hadoop/hadoop-ozone-ozone-manager/0.5.0-SNAPSHOT/hadoop-ozone-ozone-manager-0.5.0-SNAPSHOT.jar:/home/user/.m2/repository/org/apache/hadoop/hadoop-hdds-docs/0.5.0-SNAPSHOT/hadoop-hdds-docs-0.5.0-SNAPSHOT.jar:/home/user/.m2/repository/org/bouncycastle/bcprov-jdk15on/1.60/bcprov-jdk15on-1.60.jar:/home/user/.m2/repository/org/apache/hadoop/hadoop-ozone-common/0.5.0-SNAPSHOT/hadoop-ozone-common-0.5.0-SNAPSHOT.jar:/home/user/.m2/repository/org/apache/commons/commons-compress/1.4.1/commons-compress-1.4.1.jar:/home/user/.m2/repository/org/tukaani/xz/1.0/xz-1.0.jar:/home/user/.m2/repository/org/apache/hadoop/hadoop-hdfs-client/3.2.0/hadoop-hdfs-client-3.2.0.jar:/home/user/.m2/repository/com/fasterxml/jackson/core/jackson-annotations/2.9.9/jackson-annotations-2.9.9.jar:/home/user/.m2/repository/org/apache/hadoop/hadoop-hdds-common/0.5.0-SNAPSHOT/hadoop-hdds-common-0.5.0-SNAPSHOT.jar:/home/user/.m2/repository/org/apache/hadoop/hadoop-hdds-config/0.5.0-SNAPSHOT/hadoop-hdds-config-0.5.0-SNAPSHOT.jar:/home/user/.m2/repository/javax/annotation/javax.annotation-api/1.2/javax.annotation-api-1.2.jar:/home/user/.m2/repository/org/apache/ratis/ratis-server/0.5.0-3f446aa-SNAPSHOT/ratis-server-0.5.0-3f446aa-SNAPSHOT.jar:/home/user/.m2/repository/org/apache/ratis/ratis-thirdparty-misc/0.2.0/ratis-thirdparty-misc-0.2.0.jar:/home/user/.m2/repository/org/apache/ratis/ratis-proto/0.5.0-3f446aa-SNAPSHOT/ratis-proto-0.5.0-3f446aa-SNAPSHOT.jar:/home/user/.m2/repository/org/apache/ratis/ratis-common/0.5.0-3f446aa-SNAPSHOT/ratis-common-0.5.0-3f446aa-SNAPSHOT.jar:/home/user/.m2/repository/org/apache/ratis/ratis-client/0.5.0-3f446aa-SNAPSHOT/ratis-client-0.5.0-3f446aa-SNAPSHOT.jar:/home/user/.m2/repository/org/apache/ratis/ratis-metrics/0.5.0-3f446aa-SNAPSHOT/ratis-metrics-0.5.0-3f446aa-SNAPSHOT.jar:/home/user/.m2/repository/com/github/joshelser/dropwizard-metrics-hadoop-metrics2-reporter/0.1.2/dropwizard-metrics-hadoop-metrics2-reporter-0.1.2.jar:/home/user/.m2/repository/io/dropwizard/metrics/metrics-jvm/3.2.5/metrics-jvm-3.2.5.jar:/home/user/.m2/repository/io/dropwizard/metrics/metrics-ganglia/3.2.5/metrics-ganglia-3.2.5.jar:/home/user/.m2/repository/info/ganglia/gmetric4j/gmetric4j/1.0.7/gmetric4j-1.0.7.jar:/home/user/.m2/repository/org/apache/ratis/ratis-netty/0.5.0-3f446aa-SNAPSHOT/ratis-netty-0.5.0-3f446aa-SNAPSHOT.jar:/home/user/.m2/repository/org/apache/ratis/ratis-grpc/0.5.0-3f446aa-SNAPSHOT/ratis-grpc-0.5.0-3f446aa-SNAPSHOT.jar:/home/user/.m2/repository/org/rocksdb/rocksdbjni/6.0.1/rocksdbjni-6.0.1.jar:/home/user/.m2/repository/org/apache/logging/log4j/log4j-api/2.11.0/log4j-api-2.11.0.jar:/home/user/.m2/repository/org/apache/logging/log4j/log4j-core/2.11.0/log4j-core-2.11.0.jar:/home/user/.m2/repository/com/lmax/disruptor/3.4.2/disruptor-3.4.2.jar:/home/user/.m2/repository/org/apache/commons/commons-pool2/2.6.0/commons-pool2-2.6.0.jar:/home/user/.m2/repository/org/bouncycastle/bcpkix-jdk15on/1.60/bcpkix-jdk15on-1.60.jar:/home/user/.m2/repository/commons-validator/commons-validator/1.6/commons-validator-1.6.jar:/home/user/.m2/repository/commons-digester/commons-digester/1.8.1/commons-digester-1.8.1.jar:/home/user/.m2/repository/io/jaegertracing/jaeger-client/0.34.0/jaeger-client-0.34.0.jar:/home/user/.m2/repository/io/jaegertracing/jaeger-thrift/0.34.0/jaeger-thrift-0.34.0.jar:/home/user/.m2/repository/org/apache/thrift/libthrift/0.12.0/libthrift-0.12.0.jar:/home/user/.m2/repository/com/squareup/okhttp3/okhttp/3.9.0/okhttp-3.9.0.jar:/home/user/.m2/repository/com/squareup/okio/okio/1.13.0/okio-1.13.0.jar:/home/user/.m2/repository/io/jaegertracing/jaeger-core/0.34.0/jaeger-core-0.34.0.jar:/home/user/.m2/repository/io/jaegertracing/jaeger-tracerresolver/0.34.0/jaeger-tracerresolver-0.34.0.jar:/home/user/.m2/repository/io/opentracing/contrib/opentracing-tracerresolver/0.1.5/opentracing-tracerresolver-0.1.5.jar:/home/user/.m2/repository/io/opentracing/opentracing-util/0.31.0/opentracing-util-0.31.0.jar:/home/user/.m2/repository/io/opentracing/opentracing-api/0.31.0/opentracing-api-0.31.0.jar:/home/user/.m2/repository/io/opentracing/opentracing-noop/0.31.0/opentracing-noop-0.31.0.jar:/home/user/.m2/repository/org/yaml/snakeyaml/1.16/snakeyaml-1.16.jar:/home/user/.m2/repository/org/apache/hadoop/hadoop-hdds-container-service/0.5.0-SNAPSHOT/hadoop-hdds-container-service-0.5.0-SNAPSHOT.jar:/home/user/.m2/repository/org/apache/hadoop/hadoop-hdds-client/0.5.0-SNAPSHOT/hadoop-hdds-client-0.5.0-SNAPSHOT.jar:/home/user/.m2/repository/org/apache/hadoop/hadoop-hdds-tools/0.5.0-SNAPSHOT/hadoop-hdds-tools-0.5.0-SNAPSHOT.jar:/home/user/.m2/repository/org/xerial/sqlite-jdbc/3.25.2/sqlite-jdbc-3.25.2.jar:/home/user/.m2/repository/org/apache/hadoop/hadoop-hdds-server-scm/0.5.0-SNAPSHOT/hadoop-hdds-server-scm-0.5.0-SNAPSHOT.jar:/home/user/.m2/repository/org/hamcrest/hamcrest-all/1.3/hamcrest-all-1.3.jar:/home/user/.m2/repository/info/picocli/picocli/3.9.6/picocli-3.9.6.jar:/home/user/.m2/repository/com/google/protobuf/protobuf-java/2.5.0/protobuf-java-2.5.0.jar:/home/user/.m2/repository/com/google/guava/guava/11.0.2/guava-11.0.2.jar:/home/user/.m2/repository/org/apache/hadoop/hadoop-ozone-client/0.5.0-SNAPSHOT/hadoop-ozone-client-0.5.0-SNAPSHOT.jar:/workdir/hadoop-ozone/ozonefs/target/classes:/home/user/.m2/repository/org/apache/httpcomponents/httpclient/4.5.2/httpclient-4.5.2.jar:/home/user/.m2/repository/org/apache/httpcomponents/httpcore/4.4.4/httpcore-4.4.4.jar:/home/user/.m2/repository/org/apache/hadoop/hadoop-hdds-server-framework/0.5.0-SNAPSHOT/hadoop-hdds-server-framework-0.5.0-SNAPSHOT.jar:/home/user/.m2/repository/org/apache/hadoop/hadoop-common/3.2.0/hadoop-common-3.2.0.jar:/home/user/.m2/repository/org/apache/hadoop/hadoop-annotations/3.2.0/hadoop-annotations-3.2.0.jar:/usr/lib/jvm/java-1.8.0-openjdk-1.8.0.222.b10-1.el7_7.x86_64/jre/../lib/tools.jar:/home/user/.m2/repository/commons-cli/commons-cli/1.2/commons-cli-1.2.jar:/home/user/.m2/repository/org/apache/commons/commons-math3/3.1.1/commons-math3-3.1.1.jar:/home/user/.m2/repository/commons-codec/commons-codec/1.11/commons-codec-1.11.jar:/home/user/.m2/repository/commons-io/commons-io/2.5/commons-io-2.5.jar:/home/user/.m2/repository/commons-net/commons-net/3.6/commons-net-3.6.jar:/home/user/.m2/repository/commons-collections/commons-collections/3.2.2/commons-collections-3.2.2.jar:/home/user/.m2/repository/javax/servlet/javax.servlet-api/3.1.0/javax.servlet-api-3.1.0.jar:/home/user/.m2/repository/org/eclipse/jetty/jetty-server/9.3.25.v20180904/jetty-server-9.3.25.v20180904.jar:/home/user/.m2/repository/org/eclipse/jetty/jetty-http/9.3.25.v20180904/jetty-http-9.3.25.v20180904.jar:/home/user/.m2/repository/org/eclipse/jetty/jetty-io/9.3.25.v20180904/jetty-io-9.3.25.v20180904.jar:/home/user/.m2/repository/org/eclipse/jetty/jetty-util/9.3.25.v20180904/jetty-util-9.3.25.v20180904.jar:/home/user/.m2/repository/org/eclipse/jetty/jetty-servlet/9.3.25.v20180904/jetty-servlet-9.3.25.v20180904.jar:/home/user/.m2/repository/org/eclipse/jetty/jetty-security/9.3.25.v20180904/jetty-security-9.3.25.v20180904.jar:/home/user/.m2/repository/org/eclipse/jetty/jetty-webapp/9.3.25.v20180904/jetty-webapp-9.3.25.v20180904.jar:/home/user/.m2/repository/org/eclipse/jetty/jetty-xml/9.3.25.v20180904/jetty-xml-9.3.25.v20180904.jar:/home/user/.m2/repository/javax/servlet/jsp/jsp-api/2.1/jsp-api-2.1.jar:/home/user/.m2/repository/com/sun/jersey/jersey-core/1.19/jersey-core-1.19.jar:/home/user/.m2/repository/javax/ws/rs/jsr311-api/1.1.1/jsr311-api-1.1.1.jar:/home/user/.m2/repository/com/sun/jersey/jersey-servlet/1.19/jersey-servlet-1.19.jar:/home/user/.m2/repository/com/sun/jersey/jersey-json/1.19/jersey-json-1.19.jar:/home/user/.m2/repository/org/codehaus/jettison/jettison/1.1/jettison-1.1.jar:/home/user/.m2/repository/com/sun/xml/bind/jaxb-impl/2.3.0.1/jaxb-impl-2.3.0.1.jar:/home/user/.m2/repository/org/codehaus/jackson/jackson-core-asl/1.9.13/jackson-core-asl-1.9.13.jar:/home/user/.m2/repository/org/codehaus/jackson/jackson-mapper-asl/1.9.13/jackson-mapper-asl-1.9.13.jar:/home/user/.m2/repository/org/codehaus/jackson/jackson-jaxrs/1.9.13/jackson-jaxrs-1.9.13.jar:/home/user/.m2/repository/org/codehaus/jackson/jackson-xc/1.9.13/jackson-xc-1.9.13.jar:/home/user/.m2/repository/com/sun/jersey/jersey-server/1.19/jersey-server-1.19.jar:/home/user/.m2/repository/commons-logging/commons-logging/1.1.3/commons-logging-1.1.3.jar:/home/user/.m2/repository/log4j/log4j/1.2.17/log4j-1.2.17.jar:/home/user/.m2/repository/commons-beanutils/commons-beanutils/1.9.4/commons-beanutils-1.9.4.jar:/home/user/.m2/repository/org/apache/commons/commons-configuration2/2.1.1/commons-configuration2-2.1.1.jar:/home/user/.m2/repository/org/apache/commons/commons-lang3/3.7/commons-lang3-3.7.jar:/home/user/.m2/repository/org/apache/commons/commons-text/1.4/commons-text-1.4.jar:/home/user/.m2/repository/org/slf4j/slf4j-api/1.7.25/slf4j-api-1.7.25.jar:/home/user/.m2/repository/org/slf4j/slf4j-log4j12/1.7.25/slf4j-log4j12-1.7.25.jar:/home/user/.m2/repository/org/apache/avro/avro/1.7.7/avro-1.7.7.jar:/home/user/.m2/repository/com/thoughtworks/paranamer/paranamer/2.3/paranamer-2.3.jar:/home/user/.m2/repository/org/xerial/snappy/snappy-java/1.0.5/snappy-java-1.0.5.jar:/home/user/.m2/repository/com/google/re2j/re2j/1.1/re2j-1.1.jar:/home/user/.m2/repository/com/google/code/gson/gson/2.2.4/gson-2.2.4.jar:/home/user/.m2/repository/org/apache/hadoop/hadoop-auth/3.2.0/hadoop-auth-3.2.0.jar:/home/user/.m2/repository/com/nimbusds/nimbus-jose-jwt/4.41.1/nimbus-jose-jwt-4.41.1.jar:/home/user/.m2/repository/com/github/stephenc/jcip/jcip-annotations/1.0-1/jcip-annotations-1.0-1.jar:/home/user/.m2/repository/net/minidev/json-smart/2.3/json-smart-2.3.jar:/home/user/.m2/repository/net/minidev/accessors-smart/1.2/accessors-smart-1.2.jar:/home/user/.m2/repository/org/apache/curator/curator-framework/2.12.0/curator-framework-2.12.0.jar:/home/user/.m2/repository/com/jcraft/jsch/0.1.54/jsch-0.1.54.jar:/home/user/.m2/repository/org/apache/curator/curator-client/2.12.0/curator-client-2.12.0.jar:/home/user/.m2/repository/org/apache/curator/curator-recipes/2.12.0/curator-recipes-2.12.0.jar:/home/user/.m2/repository/com/google/code/findbugs/jsr305/3.0.0/jsr305-3.0.0.jar:/home/user/.m2/repository/org/apache/htrace/htrace-core4/4.1.0-incubating/htrace-core4-4.1.0-incubating.jar:/home/user/.m2/repository/org/apache/zookeeper/zookeeper/3.4.13/zookeeper-3.4.13.jar:/home/user/.m2/repository/jline/jline/0.9.94/jline-0.9.94.jar:/home/user/.m2/repository/org/apache/yetus/audience-annotations/0.5.0/audience-annotations-0.5.0.jar:/home/user/.m2/repository/org/apache/kerby/kerb-simplekdc/1.0.1/kerb-simplekdc-1.0.1.jar:/home/user/.m2/repository/org/apache/kerby/kerb-client/1.0.1/kerb-client-1.0.1.jar:/home/user/.m2/repository/org/apache/kerby/kerby-config/1.0.1/kerby-config-1.0.1.jar:/home/user/.m2/repository/org/apache/kerby/kerb-core/1.0.1/kerb-core-1.0.1.jar:/home/user/.m2/repository/org/apache/kerby/kerby-pkix/1.0.1/kerby-pkix-1.0.1.jar:/home/user/.m2/repository/org/apache/kerby/kerby-asn1/1.0.1/kerby-asn1-1.0.1.jar:/home/user/.m2/repository/org/apache/kerby/kerby-util/1.0.1/kerby-util-1.0.1.jar:/home/user/.m2/repository/org/apache/kerby/kerb-common/1.0.1/kerb-common-1.0.1.jar:/home/user/.m2/repository/org/apache/kerby/kerb-crypto/1.0.1/kerb-crypto-1.0.1.jar:/home/user/.m2/repository/org/apache/kerby/kerb-util/1.0.1/kerb-util-1.0.1.jar:/home/user/.m2/repository/org/apache/kerby/token-provider/1.0.1/token-provider-1.0.1.jar:/home/user/.m2/repository/org/apache/kerby/kerb-admin/1.0.1/kerb-admin-1.0.1.jar:/home/user/.m2/repository/org/apache/kerby/kerb-server/1.0.1/kerb-server-1.0.1.jar:/home/user/.m2/repository/org/apache/kerby/kerb-identity/1.0.1/kerb-identity-1.0.1.jar:/home/user/.m2/repository/org/apache/kerby/kerby-xdr/1.0.1/kerby-xdr-1.0.1.jar:/home/user/.m2/repository/com/fasterxml/jackson/core/jackson-databind/2.9.9/jackson-databind-2.9.9.jar:/home/user/.m2/repository/com/fasterxml/jackson/core/jackson-core/2.9.9/jackson-core-2.9.9.jar:/home/user/.m2/repository/org/codehaus/woodstox/stax2-api/3.1.4/stax2-api-3.1.4.jar:/home/user/.m2/repository/com/fasterxml/woodstox/woodstox-core/5.0.3/woodstox-core-5.0.3.jar:/home/user/.m2/repository/dnsjava/dnsjava/2.1.7/dnsjava-2.1.7.jar:/home/user/.m2/repository/org/apache/hadoop/hadoop-hdfs/3.2.0/hadoop-hdfs-3.2.0.jar:/home/user/.m2/repository/org/eclipse/jetty/jetty-util-ajax/9.3.25.v20180904/jetty-util-ajax-9.3.25.v20180904.jar:/home/user/.m2/repository/commons-daemon/commons-daemon/1.0.13/commons-daemon-1.0.13.jar:/home/user/.m2/repository/io/netty/netty/3.10.5.Final/netty-3.10.5.Final.jar:/home/user/.m2/repository/io/netty/netty-all/4.0.52.Final/netty-all-4.0.52.Final.jar:/home/user/.m2/repository/org/fusesource/leveldbjni/leveldbjni-all/1.8/leveldbjni-all-1.8.jar:/home/user/.m2/repository/com/sun/xml/bind/jaxb-core/2.3.0.1/jaxb-core-2.3.0.1.jar:/home/user/.m2/repository/javax/xml/bind/jaxb-api/2.3.0/jaxb-api-2.3.0.jar:/home/user/.m2/repository/javax/activation/activation/1.1.1/activation-1.1.1.jar:/home/user/.m2/repository/org/openjdk/jmh/jmh-core/1.19/jmh-core-1.19.jar:/home/user/.m2/repository/net/sf/jopt-simple/jopt-simple/4.6/jopt-simple-4.6.jar:/home/user/.m2/repository/org/openjdk/jmh/jmh-generator-annprocess/1.19/jmh-generator-annprocess-1.19.jar:/home/user/.m2/repository/io/dropwizard/metrics/metrics-core/3.2.4/metrics-core-3.2.4.jar:/home/user/.m2/repository/com/amazonaws/aws-java-sdk-s3/1.11.615/aws-java-sdk-s3-1.11.615.jar:/home/user/.m2/repository/com/amazonaws/aws-java-sdk-kms/1.11.615/aws-java-sdk-kms-1.11.615.jar:/home/user/.m2/repository/com/amazonaws/aws-java-sdk-core/1.11.615/aws-java-sdk-core-1.11.615.jar:/home/user/.m2/repository/software/amazon/ion/ion-java/1.0.2/ion-java-1.0.2.jar:/home/user/.m2/repository/com/fasterxml/jackson/dataformat/jackson-dataformat-cbor/2.9.9/jackson-dataformat-cbor-2.9.9.jar:/home/user/.m2/repository/joda-time/joda-time/2.9.9/joda-time-2.9.9.jar:/home/user/.m2/repository/com/amazonaws/jmespath-java/1.11.615/jmespath-java-1.11.615.jar:/home/user/.m2/repository/com/github/spotbugs/spotbugs/3.1.12/spotbugs-3.1.12.jar:/home/user/.m2/repository/org/ow2/asm/asm/5.0.4/asm-5.0.4.jar:/home/user/.m2/repository/org/ow2/asm/asm-analysis/7.0/asm-analysis-7.0.jar:/home/user/.m2/repository/org/ow2/asm/asm-commons/7.0/asm-commons-7.0.jar:/home/user/.m2/repository/org/ow2/asm/asm-tree/7.0/asm-tree-7.0.jar:/home/user/.m2/repository/org/ow2/asm/asm-util/7.0/asm-util-7.0.jar:/home/user/.m2/repository/org/apache/bcel/bcel/6.3/bcel-6.3.jar:/home/user/.m2/repository/net/jcip/jcip-annotations/1.0/jcip-annotations-1.0.jar:/home/user/.m2/repository/org/dom4j/dom4j/2.1.1/dom4j-2.1.1.jar:/home/user/.m2/repository/jaxen/jaxen/1.1.6/jaxen-1.1.6.jar:/home/user/.m2/repository/commons-lang/commons-lang/2.6/commons-lang-2.6.jar:/home/user/.m2/repository/com/github/spotbugs/spotbugs-annotations/3.1.12/spotbugs-annotations-3.1.12.jar:/home/user/.m2/repository/junit/junit/4.11/junit-4.11.jar:/home/user/.m2/repository/org/hamcrest/hamcrest-core/1.3/hamcrest-core-1.3.jar:/home/user/.m2/repository/org/apache/hadoop/hadoop-common/3.2.0/hadoop-common-3.2.0-tests.jar:/workdir/hadoop-ozone/integration-test/target/test-classes:/home/user/.m2/repository/org/apache/hadoop/hadoop-ozone-s3gateway/0.5.0-SNAPSHOT/hadoop-ozone-s3gateway-0.5.0-SNAPSHOT.jar:/home/user/.m2/repository/org/jboss/weld/servlet/weld-servlet/2.4.7.Final/weld-servlet-2.4.7.Final.jar:/home/user/.m2/repository/org/glassfish/jersey/containers/jersey-container-servlet-core/2.27/jersey-container-servlet-core-2.27.jar:/home/user/.m2/repository/org/glassfish/hk2/external/javax.inject/2.5.0-b42/javax.inject-2.5.0-b42.jar:/home/user/.m2/repository/org/glassfish/jersey/core/jersey-common/2.27/jersey-common-2.27.jar:/home/user/.m2/repository/org/glassfish/hk2/osgi-resource-locator/1.0.1/osgi-resource-locator-1.0.1.jar:/home/user/.m2/repository/javax/ws/rs/javax.ws.rs-api/2.1/javax.ws.rs-api-2.1.jar:/home/user/.m2/repository/org/glassfish/jersey/ext/cdi/jersey-cdi1x/2.27/jersey-cdi1x-2.27.jar:/home/user/.m2/repository/org/glassfish/jersey/inject/jersey-hk2/2.27/jersey-hk2-2.27.jar:/home/user/.m2/repository/org/glassfish/hk2/hk2-locator/2.5.0-b42/hk2-locator-2.5.0-b42.jar:/home/user/.m2/repository/org/javassist/javassist/3.22.0-CR2/javassist-3.22.0-CR2.jar:/home/user/.m2/repository/org/glassfish/hk2/hk2-api/2.5.0/hk2-api-2.5.0.jar:/home/user/.m2/repository/org/glassfish/hk2/external/jakarta.inject/2.5.0/jakarta.inject-2.5.0.jar:/home/user/.m2/repository/org/glassfish/hk2/hk2-utils/2.5.0/hk2-utils-2.5.0.jar:/home/user/.m2/repository/jakarta/annotation/jakarta.annotation-api/1.3.4/jakarta.annotation-api-1.3.4.jar:/home/user/.m2/repository/org/glassfish/hk2/external/aopalliance-repackaged/2.5.0/aopalliance-repackaged-2.5.0.jar:/home/user/.m2/repository/com/fasterxml/jackson/dataformat/jackson-dataformat-xml/2.9.0/jackson-dataformat-xml-2.9.0.jar:/home/user/.m2/repository/com/fasterxml/jackson/module/jackson-module-jaxb-annotations/2.9.9/jackson-module-jaxb-annotations-2.9.9.jar:/home/user/.m2/repository/javax/enterprise/cdi-api/1.2/cdi-api-1.2.jar:/home/user/.m2/repository/javax/el/javax.el-api/3.0.0/javax.el-api-3.0.0.jar:/home/user/.m2/repository/javax/interceptor/javax.interceptor-api/1.2/javax.interceptor-api-1.2.jar:/home/user/.m2/repository/javax/inject/javax.inject/1/javax.inject-1.jar:/home/user/.m2/repository/org/apache/hadoop/hadoop-ozone-csi/0.5.0-SNAPSHOT/hadoop-ozone-csi-0.5.0-SNAPSHOT.jar:/home/user/.m2/repository/com/google/protobuf/protobuf-java-util/3.5.1/protobuf-java-util-3.5.1.jar:/home/user/.m2/repository/io/grpc/grpc-netty/1.17.1/grpc-netty-1.17.1.jar:/home/user/.m2/repository/io/grpc/grpc-core/1.17.1/grpc-core-1.17.1.jar:/home/user/.m2/repository/io/grpc/grpc-context/1.17.1/grpc-context-1.17.1.jar:/home/user/.m2/repository/com/google/errorprone/error_prone_annotations/2.2.0/error_prone_annotations-2.2.0.jar:/home/user/.m2/repository/org/codehaus/mojo/animal-sniffer-annotations/1.17/animal-sniffer-annotations-1.17.jar:/home/user/.m2/repository/io/opencensus/opencensus-api/0.17.0/opencensus-api-0.17.0.jar:/home/user/.m2/repository/io/opencensus/opencensus-contrib-grpc-metrics/0.17.0/opencensus-contrib-grpc-metrics-0.17.0.jar:/home/user/.m2/repository/io/netty/netty-codec-http2/4.1.30.Final/netty-codec-http2-4.1.30.Final.jar:/home/user/.m2/repository/io/netty/netty-codec-http/4.1.30.Final/netty-codec-http-4.1.30.Final.jar:/home/user/.m2/repository/io/netty/netty-codec/4.1.30.Final/netty-codec-4.1.30.Final.jar:/home/user/.m2/repository/io/netty/netty-handler/4.1.30.Final/netty-handler-4.1.30.Final.jar:/home/user/.m2/repository/io/netty/netty-handler-proxy/4.1.30.Final/netty-handler-proxy-4.1.30.Final.jar:/home/user/.m2/repository/io/netty/netty-codec-socks/4.1.30.Final/netty-codec-socks-4.1.30.Final.jar:/home/user/.m2/repository/io/netty/netty-transport-native-epoll/4.1.30.Final/netty-transport-native-epoll-4.1.30.Final.jar:/home/user/.m2/repository/io/netty/netty-common/4.1.30.Final/netty-common-4.1.30.Final.jar:/home/user/.m2/repository/io/netty/netty-buffer/4.1.30.Final/netty-buffer-4.1.30.Final.jar:/home/user/.m2/repository/io/netty/netty-transport/4.1.30.Final/netty-transport-4.1.30.Final.jar:/home/user/.m2/repository/io/netty/netty-resolver/4.1.30.Final/netty-resolver-4.1.30.Final.jar:/home/user/.m2/repository/io/netty/netty-transport-native-unix-common/4.1.30.Final/netty-transport-native-unix-common-4.1.30.Final.jar:/home/user/.m2/repository/io/grpc/grpc-protobuf/1.17.1/grpc-protobuf-1.17.1.jar:/home/user/.m2/repository/com/google/api/grpc/proto-google-common-protos/1.0.0/proto-google-common-protos-1.0.0.jar:/home/user/.m2/repository/io/grpc/grpc-protobuf-lite/1.17.1/grpc-protobuf-lite-1.17.1.jar:/home/user/.m2/repository/io/grpc/grpc-stub/1.17.1/grpc-stub-1.17.1.jar:/home/user/.m2/repository/org/apache/hadoop/hadoop-ozone-recon/0.5.0-SNAPSHOT/hadoop-ozone-recon-0.5.0-SNAPSHOT.jar:/home/user/.m2/repository/org/apache/hadoop/hadoop-ozone-reconcodegen/0.5.0-SNAPSHOT/hadoop-ozone-reconcodegen-0.5.0-SNAPSHOT.jar:/home/user/.m2/repository/com/google/inject/extensions/guice-multibindings/4.0/guice-multibindings-4.0.jar:/home/user/.m2/repository/com/google/inject/guice/4.0/guice-4.0.jar:/home/user/.m2/repository/aopalliance/aopalliance/1.0/aopalliance-1.0.jar:/home/user/.m2/repository/com/google/inject/extensions/guice-servlet/4.0/guice-servlet-4.0.jar:/home/user/.m2/repository/org/glassfish/jersey/containers/jersey-container-servlet/2.27/jersey-container-servlet-2.27.jar:/home/user/.m2/repository/org/glassfish/hk2/guice-bridge/2.5.0/guice-bridge-2.5.0.jar:/home/user/.m2/repository/org/glassfish/jersey/core/jersey-server/2.27/jersey-server-2.27.jar:/home/user/.m2/repository/org/glassfish/jersey/core/jersey-client/2.27/jersey-client-2.27.jar:/home/user/.m2/repository/org/glassfish/jersey/media/jersey-media-jaxb/2.27/jersey-media-jaxb-2.27.jar:/home/user/.m2/repository/javax/validation/validation-api/1.1.0.Final/validation-api-1.1.0.Final.jar:/home/user/.m2/repository/org/glassfish/jersey/media/jersey-media-json-jackson/2.27/jersey-media-json-jackson-2.27.jar:/home/user/.m2/repository/org/glassfish/jersey/ext/jersey-entity-filtering/2.27/jersey-entity-filtering-2.27.jar:/home/user/.m2/repository/com/google/inject/extensions/guice-assistedinject/4.0/guice-assistedinject-4.0.jar:/home/user/.m2/repository/org/jooq/jooq/3.11.10/jooq-3.11.10.jar:/home/user/.m2/repository/org/jooq/jooq-meta/3.11.10/jooq-meta-3.11.10.jar:/home/user/.m2/repository/org/jooq/jooq-codegen/3.11.10/jooq-codegen-3.11.10.jar:/home/user/.m2/repository/com/jolbox/bonecp/0.8.0.RELEASE/bonecp-0.8.0.RELEASE.jar:/home/user/.m2/repository/org/springframework/spring-jdbc/5.1.3.RELEASE/spring-jdbc-5.1.3.RELEASE.jar:/home/user/.m2/repository/org/springframework/spring-beans/5.1.3.RELEASE/spring-beans-5.1.3.RELEASE.jar:/home/user/.m2/repository/org/springframework/spring-core/5.1.3.RELEASE/spring-core-5.1.3.RELEASE.jar:/home/user/.m2/repository/org/springframework/spring-jcl/5.1.3.RELEASE/spring-jcl-5.1.3.RELEASE.jar:/home/user/.m2/repository/org/springframework/spring-tx/5.1.3.RELEASE/spring-tx-5.1.3.RELEASE.jar:/home/user/.m2/repository/org/mockito/mockito-core/2.15.0/mockito-core-2.15.0.jar:/home/user/.m2/repository/net/bytebuddy/byte-buddy/1.7.9/byte-buddy-1.7.9.jar:/home/user/.m2/repository/net/bytebuddy/byte-buddy-agent/1.7.9/byte-buddy-agent-1.7.9.jar:/home/user/.m2/repository/org/objenesis/objenesis/1.0/objenesis-1.0.jar:"/>
    <property name="java.vm.vendor" value="Oracle Corporation"/>
    <property name="sun.arch.data.model" value="64"/>
    <property name="test.build.dir" value="/workdir/hadoop-ozone/tools/target/test-dir"/>
    <property name="test.cache.data" value=""/>
    <property name="java.vendor.url" value="http://java.oracle.com/"/>
    <property name="user.timezone" value=""/>
    <property name="java.vm.specification.version" value="1.8"/>
    <property name="os.name" value="Linux"/>
    <property name="test.build.data" value="/workdir/hadoop-ozone/tools/target/test-dir"/>
    <property name="user.country" value="US"/>
    <property name="sun.java.launcher" value="SUN_STANDARD"/>
    <property name="sun.boot.library.path" value="/usr/lib/jvm/java-1.8.0-openjdk-1.8.0.222.b10-1.el7_7.x86_64/jre/lib/amd64"/>
    <property name="sun.java.command" value="/workdir/hadoop-ozone/tools/target/surefire/surefirebooter4621200897628880141.jar /workdir/hadoop-ozone/tools/target/surefire 2019-10-17T18-57-27_965-jvmRun1 surefire4447911732816779989tmp surefire_1017252300491121425971tmp"/>
    <property name="surefire.test.class.path" value="/workdir/hadoop-ozone/tools/target/test-classes:/workdir/hadoop-ozone/tools/target/classes:/home/user/.m2/repository/org/apache/hadoop/hadoop-ozone-ozone-manager/0.5.0-SNAPSHOT/hadoop-ozone-ozone-manager-0.5.0-SNAPSHOT.jar:/home/user/.m2/repository/org/apache/hadoop/hadoop-hdds-docs/0.5.0-SNAPSHOT/hadoop-hdds-docs-0.5.0-SNAPSHOT.jar:/home/user/.m2/repository/org/bouncycastle/bcprov-jdk15on/1.60/bcprov-jdk15on-1.60.jar:/home/user/.m2/repository/org/apache/hadoop/hadoop-ozone-common/0.5.0-SNAPSHOT/hadoop-ozone-common-0.5.0-SNAPSHOT.jar:/home/user/.m2/repository/org/apache/commons/commons-compress/1.4.1/commons-compress-1.4.1.jar:/home/user/.m2/repository/org/tukaani/xz/1.0/xz-1.0.jar:/home/user/.m2/repository/org/apache/hadoop/hadoop-hdfs-client/3.2.0/hadoop-hdfs-client-3.2.0.jar:/home/user/.m2/repository/com/fasterxml/jackson/core/jackson-annotations/2.9.9/jackson-annotations-2.9.9.jar:/home/user/.m2/repository/org/apache/hadoop/hadoop-hdds-common/0.5.0-SNAPSHOT/hadoop-hdds-common-0.5.0-SNAPSHOT.jar:/home/user/.m2/repository/org/apache/hadoop/hadoop-hdds-config/0.5.0-SNAPSHOT/hadoop-hdds-config-0.5.0-SNAPSHOT.jar:/home/user/.m2/repository/javax/annotation/javax.annotation-api/1.2/javax.annotation-api-1.2.jar:/home/user/.m2/repository/org/apache/ratis/ratis-server/0.5.0-3f446aa-SNAPSHOT/ratis-server-0.5.0-3f446aa-SNAPSHOT.jar:/home/user/.m2/repository/org/apache/ratis/ratis-thirdparty-misc/0.2.0/ratis-thirdparty-misc-0.2.0.jar:/home/user/.m2/repository/org/apache/ratis/ratis-proto/0.5.0-3f446aa-SNAPSHOT/ratis-proto-0.5.0-3f446aa-SNAPSHOT.jar:/home/user/.m2/repository/org/apache/ratis/ratis-common/0.5.0-3f446aa-SNAPSHOT/ratis-common-0.5.0-3f446aa-SNAPSHOT.jar:/home/user/.m2/repository/org/apache/ratis/ratis-client/0.5.0-3f446aa-SNAPSHOT/ratis-client-0.5.0-3f446aa-SNAPSHOT.jar:/home/user/.m2/repository/org/apache/ratis/ratis-metrics/0.5.0-3f446aa-SNAPSHOT/ratis-metrics-0.5.0-3f446aa-SNAPSHOT.jar:/home/user/.m2/repository/com/github/joshelser/dropwizard-metrics-hadoop-metrics2-reporter/0.1.2/dropwizard-metrics-hadoop-metrics2-reporter-0.1.2.jar:/home/user/.m2/repository/io/dropwizard/metrics/metrics-jvm/3.2.5/metrics-jvm-3.2.5.jar:/home/user/.m2/repository/io/dropwizard/metrics/metrics-ganglia/3.2.5/metrics-ganglia-3.2.5.jar:/home/user/.m2/repository/info/ganglia/gmetric4j/gmetric4j/1.0.7/gmetric4j-1.0.7.jar:/home/user/.m2/repository/org/apache/ratis/ratis-netty/0.5.0-3f446aa-SNAPSHOT/ratis-netty-0.5.0-3f446aa-SNAPSHOT.jar:/home/user/.m2/repository/org/apache/ratis/ratis-grpc/0.5.0-3f446aa-SNAPSHOT/ratis-grpc-0.5.0-3f446aa-SNAPSHOT.jar:/home/user/.m2/repository/org/rocksdb/rocksdbjni/6.0.1/rocksdbjni-6.0.1.jar:/home/user/.m2/repository/org/apache/logging/log4j/log4j-api/2.11.0/log4j-api-2.11.0.jar:/home/user/.m2/repository/org/apache/logging/log4j/log4j-core/2.11.0/log4j-core-2.11.0.jar:/home/user/.m2/repository/com/lmax/disruptor/3.4.2/disruptor-3.4.2.jar:/home/user/.m2/repository/org/apache/commons/commons-pool2/2.6.0/commons-pool2-2.6.0.jar:/home/user/.m2/repository/org/bouncycastle/bcpkix-jdk15on/1.60/bcpkix-jdk15on-1.60.jar:/home/user/.m2/repository/commons-validator/commons-validator/1.6/commons-validator-1.6.jar:/home/user/.m2/repository/commons-digester/commons-digester/1.8.1/commons-digester-1.8.1.jar:/home/user/.m2/repository/io/jaegertracing/jaeger-client/0.34.0/jaeger-client-0.34.0.jar:/home/user/.m2/repository/io/jaegertracing/jaeger-thrift/0.34.0/jaeger-thrift-0.34.0.jar:/home/user/.m2/repository/org/apache/thrift/libthrift/0.12.0/libthrift-0.12.0.jar:/home/user/.m2/repository/com/squareup/okhttp3/okhttp/3.9.0/okhttp-3.9.0.jar:/home/user/.m2/repository/com/squareup/okio/okio/1.13.0/okio-1.13.0.jar:/home/user/.m2/repository/io/jaegertracing/jaeger-core/0.34.0/jaeger-core-0.34.0.jar:/home/user/.m2/repository/io/jaegertracing/jaeger-tracerresolver/0.34.0/jaeger-tracerresolver-0.34.0.jar:/home/user/.m2/repository/io/opentracing/contrib/opentracing-tracerresolver/0.1.5/opentracing-tracerresolver-0.1.5.jar:/home/user/.m2/repository/io/opentracing/opentracing-util/0.31.0/opentracing-util-0.31.0.jar:/home/user/.m2/repository/io/opentracing/opentracing-api/0.31.0/opentracing-api-0.31.0.jar:/home/user/.m2/repository/io/opentracing/opentracing-noop/0.31.0/opentracing-noop-0.31.0.jar:/home/user/.m2/repository/org/yaml/snakeyaml/1.16/snakeyaml-1.16.jar:/home/user/.m2/repository/org/apache/hadoop/hadoop-hdds-container-service/0.5.0-SNAPSHOT/hadoop-hdds-container-service-0.5.0-SNAPSHOT.jar:/home/user/.m2/repository/org/apache/hadoop/hadoop-hdds-client/0.5.0-SNAPSHOT/hadoop-hdds-client-0.5.0-SNAPSHOT.jar:/home/user/.m2/repository/org/apache/hadoop/hadoop-hdds-tools/0.5.0-SNAPSHOT/hadoop-hdds-tools-0.5.0-SNAPSHOT.jar:/home/user/.m2/repository/org/xerial/sqlite-jdbc/3.25.2/sqlite-jdbc-3.25.2.jar:/home/user/.m2/repository/org/apache/hadoop/hadoop-hdds-server-scm/0.5.0-SNAPSHOT/hadoop-hdds-server-scm-0.5.0-SNAPSHOT.jar:/home/user/.m2/repository/org/hamcrest/hamcrest-all/1.3/hamcrest-all-1.3.jar:/home/user/.m2/repository/info/picocli/picocli/3.9.6/picocli-3.9.6.jar:/home/user/.m2/repository/com/google/protobuf/protobuf-java/2.5.0/protobuf-java-2.5.0.jar:/home/user/.m2/repository/com/google/guava/guava/11.0.2/guava-11.0.2.jar:/home/user/.m2/repository/org/apache/hadoop/hadoop-ozone-client/0.5.0-SNAPSHOT/hadoop-ozone-client-0.5.0-SNAPSHOT.jar:/workdir/hadoop-ozone/ozonefs/target/classes:/home/user/.m2/repository/org/apache/httpcomponents/httpclient/4.5.2/httpclient-4.5.2.jar:/home/user/.m2/repository/org/apache/httpcomponents/httpcore/4.4.4/httpcore-4.4.4.jar:/home/user/.m2/repository/org/apache/hadoop/hadoop-hdds-server-framework/0.5.0-SNAPSHOT/hadoop-hdds-server-framework-0.5.0-SNAPSHOT.jar:/home/user/.m2/repository/org/apache/hadoop/hadoop-common/3.2.0/hadoop-common-3.2.0.jar:/home/user/.m2/repository/org/apache/hadoop/hadoop-annotations/3.2.0/hadoop-annotations-3.2.0.jar:/usr/lib/jvm/java-1.8.0-openjdk-1.8.0.222.b10-1.el7_7.x86_64/jre/../lib/tools.jar:/home/user/.m2/repository/commons-cli/commons-cli/1.2/commons-cli-1.2.jar:/home/user/.m2/repository/org/apache/commons/commons-math3/3.1.1/commons-math3-3.1.1.jar:/home/user/.m2/repository/commons-codec/commons-codec/1.11/commons-codec-1.11.jar:/home/user/.m2/repository/commons-io/commons-io/2.5/commons-io-2.5.jar:/home/user/.m2/repository/commons-net/commons-net/3.6/commons-net-3.6.jar:/home/user/.m2/repository/commons-collections/commons-collections/3.2.2/commons-collections-3.2.2.jar:/home/user/.m2/repository/javax/servlet/javax.servlet-api/3.1.0/javax.servlet-api-3.1.0.jar:/home/user/.m2/repository/org/eclipse/jetty/jetty-server/9.3.25.v20180904/jetty-server-9.3.25.v20180904.jar:/home/user/.m2/repository/org/eclipse/jetty/jetty-http/9.3.25.v20180904/jetty-http-9.3.25.v20180904.jar:/home/user/.m2/repository/org/eclipse/jetty/jetty-io/9.3.25.v20180904/jetty-io-9.3.25.v20180904.jar:/home/user/.m2/repository/org/eclipse/jetty/jetty-util/9.3.25.v20180904/jetty-util-9.3.25.v20180904.jar:/home/user/.m2/repository/org/eclipse/jetty/jetty-servlet/9.3.25.v20180904/jetty-servlet-9.3.25.v20180904.jar:/home/user/.m2/repository/org/eclipse/jetty/jetty-security/9.3.25.v20180904/jetty-security-9.3.25.v20180904.jar:/home/user/.m2/repository/org/eclipse/jetty/jetty-webapp/9.3.25.v20180904/jetty-webapp-9.3.25.v20180904.jar:/home/user/.m2/repository/org/eclipse/jetty/jetty-xml/9.3.25.v20180904/jetty-xml-9.3.25.v20180904.jar:/home/user/.m2/repository/javax/servlet/jsp/jsp-api/2.1/jsp-api-2.1.jar:/home/user/.m2/repository/com/sun/jersey/jersey-core/1.19/jersey-core-1.19.jar:/home/user/.m2/repository/javax/ws/rs/jsr311-api/1.1.1/jsr311-api-1.1.1.jar:/home/user/.m2/repository/com/sun/jersey/jersey-servlet/1.19/jersey-servlet-1.19.jar:/home/user/.m2/repository/com/sun/jersey/jersey-json/1.19/jersey-json-1.19.jar:/home/user/.m2/repository/org/codehaus/jettison/jettison/1.1/jettison-1.1.jar:/home/user/.m2/repository/com/sun/xml/bind/jaxb-impl/2.3.0.1/jaxb-impl-2.3.0.1.jar:/home/user/.m2/repository/org/codehaus/jackson/jackson-core-asl/1.9.13/jackson-core-asl-1.9.13.jar:/home/user/.m2/repository/org/codehaus/jackson/jackson-mapper-asl/1.9.13/jackson-mapper-asl-1.9.13.jar:/home/user/.m2/repository/org/codehaus/jackson/jackson-jaxrs/1.9.13/jackson-jaxrs-1.9.13.jar:/home/user/.m2/repository/org/codehaus/jackson/jackson-xc/1.9.13/jackson-xc-1.9.13.jar:/home/user/.m2/repository/com/sun/jersey/jersey-server/1.19/jersey-server-1.19.jar:/home/user/.m2/repository/commons-logging/commons-logging/1.1.3/commons-logging-1.1.3.jar:/home/user/.m2/repository/log4j/log4j/1.2.17/log4j-1.2.17.jar:/home/user/.m2/repository/commons-beanutils/commons-beanutils/1.9.4/commons-beanutils-1.9.4.jar:/home/user/.m2/repository/org/apache/commons/commons-configuration2/2.1.1/commons-configuration2-2.1.1.jar:/home/user/.m2/repository/org/apache/commons/commons-lang3/3.7/commons-lang3-3.7.jar:/home/user/.m2/repository/org/apache/commons/commons-text/1.4/commons-text-1.4.jar:/home/user/.m2/repository/org/slf4j/slf4j-api/1.7.25/slf4j-api-1.7.25.jar:/home/user/.m2/repository/org/slf4j/slf4j-log4j12/1.7.25/slf4j-log4j12-1.7.25.jar:/home/user/.m2/repository/org/apache/avro/avro/1.7.7/avro-1.7.7.jar:/home/user/.m2/repository/com/thoughtworks/paranamer/paranamer/2.3/paranamer-2.3.jar:/home/user/.m2/repository/org/xerial/snappy/snappy-java/1.0.5/snappy-java-1.0.5.jar:/home/user/.m2/repository/com/google/re2j/re2j/1.1/re2j-1.1.jar:/home/user/.m2/repository/com/google/code/gson/gson/2.2.4/gson-2.2.4.jar:/home/user/.m2/repository/org/apache/hadoop/hadoop-auth/3.2.0/hadoop-auth-3.2.0.jar:/home/user/.m2/repository/com/nimbusds/nimbus-jose-jwt/4.41.1/nimbus-jose-jwt-4.41.1.jar:/home/user/.m2/repository/com/github/stephenc/jcip/jcip-annotations/1.0-1/jcip-annotations-1.0-1.jar:/home/user/.m2/repository/net/minidev/json-smart/2.3/json-smart-2.3.jar:/home/user/.m2/repository/net/minidev/accessors-smart/1.2/accessors-smart-1.2.jar:/home/user/.m2/repository/org/apache/curator/curator-framework/2.12.0/curator-framework-2.12.0.jar:/home/user/.m2/repository/com/jcraft/jsch/0.1.54/jsch-0.1.54.jar:/home/user/.m2/repository/org/apache/curator/curator-client/2.12.0/curator-client-2.12.0.jar:/home/user/.m2/repository/org/apache/curator/curator-recipes/2.12.0/curator-recipes-2.12.0.jar:/home/user/.m2/repository/com/google/code/findbugs/jsr305/3.0.0/jsr305-3.0.0.jar:/home/user/.m2/repository/org/apache/htrace/htrace-core4/4.1.0-incubating/htrace-core4-4.1.0-incubating.jar:/home/user/.m2/repository/org/apache/zookeeper/zookeeper/3.4.13/zookeeper-3.4.13.jar:/home/user/.m2/repository/jline/jline/0.9.94/jline-0.9.94.jar:/home/user/.m2/repository/org/apache/yetus/audience-annotations/0.5.0/audience-annotations-0.5.0.jar:/home/user/.m2/repository/org/apache/kerby/kerb-simplekdc/1.0.1/kerb-simplekdc-1.0.1.jar:/home/user/.m2/repository/org/apache/kerby/kerb-client/1.0.1/kerb-client-1.0.1.jar:/home/user/.m2/repository/org/apache/kerby/kerby-config/1.0.1/kerby-config-1.0.1.jar:/home/user/.m2/repository/org/apache/kerby/kerb-core/1.0.1/kerb-core-1.0.1.jar:/home/user/.m2/repository/org/apache/kerby/kerby-pkix/1.0.1/kerby-pkix-1.0.1.jar:/home/user/.m2/repository/org/apache/kerby/kerby-asn1/1.0.1/kerby-asn1-1.0.1.jar:/home/user/.m2/repository/org/apache/kerby/kerby-util/1.0.1/kerby-util-1.0.1.jar:/home/user/.m2/repository/org/apache/kerby/kerb-common/1.0.1/kerb-common-1.0.1.jar:/home/user/.m2/repository/org/apache/kerby/kerb-crypto/1.0.1/kerb-crypto-1.0.1.jar:/home/user/.m2/repository/org/apache/kerby/kerb-util/1.0.1/kerb-util-1.0.1.jar:/home/user/.m2/repository/org/apache/kerby/token-provider/1.0.1/token-provider-1.0.1.jar:/home/user/.m2/repository/org/apache/kerby/kerb-admin/1.0.1/kerb-admin-1.0.1.jar:/home/user/.m2/repository/org/apache/kerby/kerb-server/1.0.1/kerb-server-1.0.1.jar:/home/user/.m2/repository/org/apache/kerby/kerb-identity/1.0.1/kerb-identity-1.0.1.jar:/home/user/.m2/repository/org/apache/kerby/kerby-xdr/1.0.1/kerby-xdr-1.0.1.jar:/home/user/.m2/repository/com/fasterxml/jackson/core/jackson-databind/2.9.9/jackson-databind-2.9.9.jar:/home/user/.m2/repository/com/fasterxml/jackson/core/jackson-core/2.9.9/jackson-core-2.9.9.jar:/home/user/.m2/repository/org/codehaus/woodstox/stax2-api/3.1.4/stax2-api-3.1.4.jar:/home/user/.m2/repository/com/fasterxml/woodstox/woodstox-core/5.0.3/woodstox-core-5.0.3.jar:/home/user/.m2/repository/dnsjava/dnsjava/2.1.7/dnsjava-2.1.7.jar:/home/user/.m2/repository/org/apache/hadoop/hadoop-hdfs/3.2.0/hadoop-hdfs-3.2.0.jar:/home/user/.m2/repository/org/eclipse/jetty/jetty-util-ajax/9.3.25.v20180904/jetty-util-ajax-9.3.25.v20180904.jar:/home/user/.m2/repository/commons-daemon/commons-daemon/1.0.13/commons-daemon-1.0.13.jar:/home/user/.m2/repository/io/netty/netty/3.10.5.Final/netty-3.10.5.Final.jar:/home/user/.m2/repository/io/netty/netty-all/4.0.52.Final/netty-all-4.0.52.Final.jar:/home/user/.m2/repository/org/fusesource/leveldbjni/leveldbjni-all/1.8/leveldbjni-all-1.8.jar:/home/user/.m2/repository/com/sun/xml/bind/jaxb-core/2.3.0.1/jaxb-core-2.3.0.1.jar:/home/user/.m2/repository/javax/xml/bind/jaxb-api/2.3.0/jaxb-api-2.3.0.jar:/home/user/.m2/repository/javax/activation/activation/1.1.1/activation-1.1.1.jar:/home/user/.m2/repository/org/openjdk/jmh/jmh-core/1.19/jmh-core-1.19.jar:/home/user/.m2/repository/net/sf/jopt-simple/jopt-simple/4.6/jopt-simple-4.6.jar:/home/user/.m2/repository/org/openjdk/jmh/jmh-generator-annprocess/1.19/jmh-generator-annprocess-1.19.jar:/home/user/.m2/repository/io/dropwizard/metrics/metrics-core/3.2.4/metrics-core-3.2.4.jar:/home/user/.m2/repository/com/amazonaws/aws-java-sdk-s3/1.11.615/aws-java-sdk-s3-1.11.615.jar:/home/user/.m2/repository/com/amazonaws/aws-java-sdk-kms/1.11.615/aws-java-sdk-kms-1.11.615.jar:/home/user/.m2/repository/com/amazonaws/aws-java-sdk-core/1.11.615/aws-java-sdk-core-1.11.615.jar:/home/user/.m2/repository/software/amazon/ion/ion-java/1.0.2/ion-java-1.0.2.jar:/home/user/.m2/repository/com/fasterxml/jackson/dataformat/jackson-dataformat-cbor/2.9.9/jackson-dataformat-cbor-2.9.9.jar:/home/user/.m2/repository/joda-time/joda-time/2.9.9/joda-time-2.9.9.jar:/home/user/.m2/repository/com/amazonaws/jmespath-java/1.11.615/jmespath-java-1.11.615.jar:/home/user/.m2/repository/com/github/spotbugs/spotbugs/3.1.12/spotbugs-3.1.12.jar:/home/user/.m2/repository/org/ow2/asm/asm/5.0.4/asm-5.0.4.jar:/home/user/.m2/repository/org/ow2/asm/asm-analysis/7.0/asm-analysis-7.0.jar:/home/user/.m2/repository/org/ow2/asm/asm-commons/7.0/asm-commons-7.0.jar:/home/user/.m2/repository/org/ow2/asm/asm-tree/7.0/asm-tree-7.0.jar:/home/user/.m2/repository/org/ow2/asm/asm-util/7.0/asm-util-7.0.jar:/home/user/.m2/repository/org/apache/bcel/bcel/6.3/bcel-6.3.jar:/home/user/.m2/repository/net/jcip/jcip-annotations/1.0/jcip-annotations-1.0.jar:/home/user/.m2/repository/org/dom4j/dom4j/2.1.1/dom4j-2.1.1.jar:/home/user/.m2/repository/jaxen/jaxen/1.1.6/jaxen-1.1.6.jar:/home/user/.m2/repository/commons-lang/commons-lang/2.6/commons-lang-2.6.jar:/home/user/.m2/repository/com/github/spotbugs/spotbugs-annotations/3.1.12/spotbugs-annotations-3.1.12.jar:/home/user/.m2/repository/junit/junit/4.11/junit-4.11.jar:/home/user/.m2/repository/org/hamcrest/hamcrest-core/1.3/hamcrest-core-1.3.jar:/home/user/.m2/repository/org/apache/hadoop/hadoop-common/3.2.0/hadoop-common-3.2.0-tests.jar:/workdir/hadoop-ozone/integration-test/target/test-classes:/home/user/.m2/repository/org/apache/hadoop/hadoop-ozone-s3gateway/0.5.0-SNAPSHOT/hadoop-ozone-s3gateway-0.5.0-SNAPSHOT.jar:/home/user/.m2/repository/org/jboss/weld/servlet/weld-servlet/2.4.7.Final/weld-servlet-2.4.7.Final.jar:/home/user/.m2/repository/org/glassfish/jersey/containers/jersey-container-servlet-core/2.27/jersey-container-servlet-core-2.27.jar:/home/user/.m2/repository/org/glassfish/hk2/external/javax.inject/2.5.0-b42/javax.inject-2.5.0-b42.jar:/home/user/.m2/repository/org/glassfish/jersey/core/jersey-common/2.27/jersey-common-2.27.jar:/home/user/.m2/repository/org/glassfish/hk2/osgi-resource-locator/1.0.1/osgi-resource-locator-1.0.1.jar:/home/user/.m2/repository/javax/ws/rs/javax.ws.rs-api/2.1/javax.ws.rs-api-2.1.jar:/home/user/.m2/repository/org/glassfish/jersey/ext/cdi/jersey-cdi1x/2.27/jersey-cdi1x-2.27.jar:/home/user/.m2/repository/org/glassfish/jersey/inject/jersey-hk2/2.27/jersey-hk2-2.27.jar:/home/user/.m2/repository/org/glassfish/hk2/hk2-locator/2.5.0-b42/hk2-locator-2.5.0-b42.jar:/home/user/.m2/repository/org/javassist/javassist/3.22.0-CR2/javassist-3.22.0-CR2.jar:/home/user/.m2/repository/org/glassfish/hk2/hk2-api/2.5.0/hk2-api-2.5.0.jar:/home/user/.m2/repository/org/glassfish/hk2/external/jakarta.inject/2.5.0/jakarta.inject-2.5.0.jar:/home/user/.m2/repository/org/glassfish/hk2/hk2-utils/2.5.0/hk2-utils-2.5.0.jar:/home/user/.m2/repository/jakarta/annotation/jakarta.annotation-api/1.3.4/jakarta.annotation-api-1.3.4.jar:/home/user/.m2/repository/org/glassfish/hk2/external/aopalliance-repackaged/2.5.0/aopalliance-repackaged-2.5.0.jar:/home/user/.m2/repository/com/fasterxml/jackson/dataformat/jackson-dataformat-xml/2.9.0/jackson-dataformat-xml-2.9.0.jar:/home/user/.m2/repository/com/fasterxml/jackson/module/jackson-module-jaxb-annotations/2.9.9/jackson-module-jaxb-annotations-2.9.9.jar:/home/user/.m2/repository/javax/enterprise/cdi-api/1.2/cdi-api-1.2.jar:/home/user/.m2/repository/javax/el/javax.el-api/3.0.0/javax.el-api-3.0.0.jar:/home/user/.m2/repository/javax/interceptor/javax.interceptor-api/1.2/javax.interceptor-api-1.2.jar:/home/user/.m2/repository/javax/inject/javax.inject/1/javax.inject-1.jar:/home/user/.m2/repository/org/apache/hadoop/hadoop-ozone-csi/0.5.0-SNAPSHOT/hadoop-ozone-csi-0.5.0-SNAPSHOT.jar:/home/user/.m2/repository/com/google/protobuf/protobuf-java-util/3.5.1/protobuf-java-util-3.5.1.jar:/home/user/.m2/repository/io/grpc/grpc-netty/1.17.1/grpc-netty-1.17.1.jar:/home/user/.m2/repository/io/grpc/grpc-core/1.17.1/grpc-core-1.17.1.jar:/home/user/.m2/repository/io/grpc/grpc-context/1.17.1/grpc-context-1.17.1.jar:/home/user/.m2/repository/com/google/errorprone/error_prone_annotations/2.2.0/error_prone_annotations-2.2.0.jar:/home/user/.m2/repository/org/codehaus/mojo/animal-sniffer-annotations/1.17/animal-sniffer-annotations-1.17.jar:/home/user/.m2/repository/io/opencensus/opencensus-api/0.17.0/opencensus-api-0.17.0.jar:/home/user/.m2/repository/io/opencensus/opencensus-contrib-grpc-metrics/0.17.0/opencensus-contrib-grpc-metrics-0.17.0.jar:/home/user/.m2/repository/io/netty/netty-codec-http2/4.1.30.Final/netty-codec-http2-4.1.30.Final.jar:/home/user/.m2/repository/io/netty/netty-codec-http/4.1.30.Final/netty-codec-http-4.1.30.Final.jar:/home/user/.m2/repository/io/netty/netty-codec/4.1.30.Final/netty-codec-4.1.30.Final.jar:/home/user/.m2/repository/io/netty/netty-handler/4.1.30.Final/netty-handler-4.1.30.Final.jar:/home/user/.m2/repository/io/netty/netty-handler-proxy/4.1.30.Final/netty-handler-proxy-4.1.30.Final.jar:/home/user/.m2/repository/io/netty/netty-codec-socks/4.1.30.Final/netty-codec-socks-4.1.30.Final.jar:/home/user/.m2/repository/io/netty/netty-transport-native-epoll/4.1.30.Final/netty-transport-native-epoll-4.1.30.Final.jar:/home/user/.m2/repository/io/netty/netty-common/4.1.30.Final/netty-common-4.1.30.Final.jar:/home/user/.m2/repository/io/netty/netty-buffer/4.1.30.Final/netty-buffer-4.1.30.Final.jar:/home/user/.m2/repository/io/netty/netty-transport/4.1.30.Final/netty-transport-4.1.30.Final.jar:/home/user/.m2/repository/io/netty/netty-resolver/4.1.30.Final/netty-resolver-4.1.30.Final.jar:/home/user/.m2/repository/io/netty/netty-transport-native-unix-common/4.1.30.Final/netty-transport-native-unix-common-4.1.30.Final.jar:/home/user/.m2/repository/io/grpc/grpc-protobuf/1.17.1/grpc-protobuf-1.17.1.jar:/home/user/.m2/repository/com/google/api/grpc/proto-google-common-protos/1.0.0/proto-google-common-protos-1.0.0.jar:/home/user/.m2/repository/io/grpc/grpc-protobuf-lite/1.17.1/grpc-protobuf-lite-1.17.1.jar:/home/user/.m2/repository/io/grpc/grpc-stub/1.17.1/grpc-stub-1.17.1.jar:/home/user/.m2/repository/org/apache/hadoop/hadoop-ozone-recon/0.5.0-SNAPSHOT/hadoop-ozone-recon-0.5.0-SNAPSHOT.jar:/home/user/.m2/repository/org/apache/hadoop/hadoop-ozone-reconcodegen/0.5.0-SNAPSHOT/hadoop-ozone-reconcodegen-0.5.0-SNAPSHOT.jar:/home/user/.m2/repository/com/google/inject/extensions/guice-multibindings/4.0/guice-multibindings-4.0.jar:/home/user/.m2/repository/com/google/inject/guice/4.0/guice-4.0.jar:/home/user/.m2/repository/aopalliance/aopalliance/1.0/aopalliance-1.0.jar:/home/user/.m2/repository/com/google/inject/extensions/guice-servlet/4.0/guice-servlet-4.0.jar:/home/user/.m2/repository/org/glassfish/jersey/containers/jersey-container-servlet/2.27/jersey-container-servlet-2.27.jar:/home/user/.m2/repository/org/glassfish/hk2/guice-bridge/2.5.0/guice-bridge-2.5.0.jar:/home/user/.m2/repository/org/glassfish/jersey/core/jersey-server/2.27/jersey-server-2.27.jar:/home/user/.m2/repository/org/glassfish/jersey/core/jersey-client/2.27/jersey-client-2.27.jar:/home/user/.m2/repository/org/glassfish/jersey/media/jersey-media-jaxb/2.27/jersey-media-jaxb-2.27.jar:/home/user/.m2/repository/javax/validation/validation-api/1.1.0.Final/validation-api-1.1.0.Final.jar:/home/user/.m2/repository/org/glassfish/jersey/media/jersey-media-json-jackson/2.27/jersey-media-json-jackson-2.27.jar:/home/user/.m2/repository/org/glassfish/jersey/ext/jersey-entity-filtering/2.27/jersey-entity-filtering-2.27.jar:/home/user/.m2/repository/com/google/inject/extensions/guice-assistedinject/4.0/guice-assistedinject-4.0.jar:/home/user/.m2/repository/org/jooq/jooq/3.11.10/jooq-3.11.10.jar:/home/user/.m2/repository/org/jooq/jooq-meta/3.11.10/jooq-meta-3.11.10.jar:/home/user/.m2/repository/org/jooq/jooq-codegen/3.11.10/jooq-codegen-3.11.10.jar:/home/user/.m2/repository/com/jolbox/bonecp/0.8.0.RELEASE/bonecp-0.8.0.RELEASE.jar:/home/user/.m2/repository/org/springframework/spring-jdbc/5.1.3.RELEASE/spring-jdbc-5.1.3.RELEASE.jar:/home/user/.m2/repository/org/springframework/spring-beans/5.1.3.RELEASE/spring-beans-5.1.3.RELEASE.jar:/home/user/.m2/repository/org/springframework/spring-core/5.1.3.RELEASE/spring-core-5.1.3.RELEASE.jar:/home/user/.m2/repository/org/springframework/spring-jcl/5.1.3.RELEASE/spring-jcl-5.1.3.RELEASE.jar:/home/user/.m2/repository/org/springframework/spring-tx/5.1.3.RELEASE/spring-tx-5.1.3.RELEASE.jar:/home/user/.m2/repository/org/mockito/mockito-core/2.15.0/mockito-core-2.15.0.jar:/home/user/.m2/repository/net/bytebuddy/byte-buddy/1.7.9/byte-buddy-1.7.9.jar:/home/user/.m2/repository/net/bytebuddy/byte-buddy-agent/1.7.9/byte-buddy-agent-1.7.9.jar:/home/user/.m2/repository/org/objenesis/objenesis/1.0/objenesis-1.0.jar:"/>
    <property name="sun.cpu.endian" value="little"/>
    <property name="user.home" value="/home/user"/>
    <property name="user.language" value="en"/>
    <property name="java.specification.vendor" value="Oracle Corporation"/>
    <property name="java.home" value="/usr/lib/jvm/java-1.8.0-openjdk-1.8.0.222.b10-1.el7_7.x86_64/jre"/>
    <property name="surefire.excludesFile" value="/tools/ozone-bad-unit-tests"/>
    <property name="java.security.krb5.conf" value="/workdir/hadoop-ozone/tools/target/test-classes/krb5.conf"/>
    <property name="basedir" value="/workdir/hadoop-ozone/tools"/>
    <property name="file.separator" value="/"/>
    <property name="line.separator" value="&#10;"/>
    <property name="java.vm.specification.vendor" value="Oracle Corporation"/>
    <property name="java.specification.name" value="Java Platform API Specification"/>
    <property name="java.awt.graphicsenv" value="sun.awt.X11GraphicsEnvironment"/>
    <property name="surefire.real.class.path" value="/workdir/hadoop-ozone/tools/target/surefire/surefirebooter4621200897628880141.jar"/>
    <property name="hadoop.log.dir" value="/workdir/hadoop-ozone/tools/target/log"/>
    <property name="sun.boot.class.path" value="/usr/lib/jvm/java-1.8.0-openjdk-1.8.0.222.b10-1.el7_7.x86_64/jre/lib/resources.jar:/usr/lib/jvm/java-1.8.0-openjdk-1.8.0.222.b10-1.el7_7.x86_64/jre/lib/rt.jar:/usr/lib/jvm/java-1.8.0-openjdk-1.8.0.222.b10-1.el7_7.x86_64/jre/lib/sunrsasign.jar:/usr/lib/jvm/java-1.8.0-openjdk-1.8.0.222.b10-1.el7_7.x86_64/jre/lib/jsse.jar:/usr/lib/jvm/java-1.8.0-openjdk-1.8.0.222.b10-1.el7_7.x86_64/jre/lib/jce.jar:/usr/lib/jvm/java-1.8.0-openjdk-1.8.0.222.b10-1.el7_7.x86_64/jre/lib/charsets.jar:/usr/lib/jvm/java-1.8.0-openjdk-1.8.0.222.b10-1.el7_7.x86_64/jre/lib/jfr.jar:/usr/lib/jvm/java-1.8.0-openjdk-1.8.0.222.b10-1.el7_7.x86_64/jre/classes"/>
    <property name="sun.management.compiler" value="HotSpot 64-Bit Tiered Compilers"/>
    <property name="java.runtime.version" value="1.8.0_222-b10"/>
    <property name="java.net.preferIPv4Stack" value="true"/>
    <property name="user.name" value="jenkins1000"/>
    <property name="path.separator" value=":"/>
    <property name="java.security.egd" value="file:///dev/urandom"/>
    <property name="os.version" value="3.10.0-957.12.2.el7.x86_64"/>
    <property name="java.endorsed.dirs" value="/usr/lib/jvm/java-1.8.0-openjdk-1.8.0.222.b10-1.el7_7.x86_64/jre/lib/endorsed"/>
    <property name="java.runtime.name" value="OpenJDK Runtime Environment"/>
    <property name="file.encoding" value="ANSI_X3.4-1968"/>
    <property name="java.vm.name" value="OpenJDK 64-Bit Server VM"/>
    <property name="test.build.webapps" value=""/>
    <property name="localRepository" value="/home/user/.m2/repository"/>
    <property name="java.vendor.url.bug" value="http://bugreport.sun.com/bugreport/"/>
    <property name="java.io.tmpdir" value="/tmp"/>
    <property name="require.test.libhadoop" value=""/>
    <property name="java.version" value="1.8.0_222"/>
    <property name="user.dir" value="/workdir/hadoop-ozone/tools"/>
    <property name="os.arch" value="amd64"/>
    <property name="java.vm.specification.name" value="Java Virtual Machine Specification"/>
    <property name="test.build.classes" value="/workdir/hadoop-ozone/tools/target/test-classes"/>
    <property name="java.awt.printerjob" value="sun.print.PSPrinterJob"/>
    <property name="sun.os.patch.level" value="unknown"/>
    <property name="hadoop.tmp.dir" value="/workdir/hadoop-ozone/tools/target/tmp"/>
    <property name="java.library.path" value="/usr/lib:/workdir/hadoop-ozone/tools/target/native/target/usr/local/lib:/workdir/hadoop-ozone/tools/../../hadoop-common-project/hadoop-common/target/native/target/usr/local/lib:/usr/java/packages/lib/amd64:/usr/lib64:/lib64:/lib:/usr/lib"/>
    <property name="java.vm.info" value="mixed mode"/>
    <property name="java.vendor" value="Oracle Corporation"/>
    <property name="java.vm.version" value="25.222-b10"/>
    <property name="java.ext.dirs" value="/usr/lib/jvm/java-1.8.0-openjdk-1.8.0.222.b10-1.el7_7.x86_64/jre/lib/ext:/usr/java/packages/lib/ext"/>
    <property name="sun.io.unicode.encoding" value="UnicodeLittle"/>
    <property name="java.class.version" value="52.0"/>
  </properties>
  <testcase name="testRestart" classname="org.apache.hadoop.ozone.freon.TestFreonWithPipelineDestroy" time="19.906">
    <error message="Allocated 0 blocks. Requested 5 blocks" type="INTERNAL_ERROR org.apache.hadoop.ozone.om.exceptions.OMException">INTERNAL_ERROR org.apache.hadoop.ozone.om.exceptions.OMException: Allocated 0 blocks. Requested 5 blocks
	at org.apache.hadoop.ozone.om.protocolPB.OzoneManagerProtocolClientSideTranslatorPB.handleError(OzoneManagerProtocolClientSideTranslatorPB.java:732)
	at org.apache.hadoop.ozone.om.protocolPB.OzoneManagerProtocolClientSideTranslatorPB.openKey(OzoneManagerProtocolClientSideTranslatorPB.java:723)
	at sun.reflect.NativeMethodAccessorImpl.invoke0(Native Method)
	at sun.reflect.NativeMethodAccessorImpl.invoke(NativeMethodAccessorImpl.java:62)
	at sun.reflect.DelegatingMethodAccessorImpl.invoke(DelegatingMethodAccessorImpl.java:43)
	at java.lang.reflect.Method.invoke(Method.java:498)
	at org.apache.hadoop.hdds.tracing.TraceAllMethod.invoke(TraceAllMethod.java:66)
	at com.sun.proxy.$Proxy37.openKey(Unknown Source)
	at org.apache.hadoop.ozone.client.rpc.RpcClient.createKey(RpcClient.java:614)
	at org.apache.hadoop.ozone.client.OzoneBucket.createKey(OzoneBucket.java:325)
	at org.apache.hadoop.ozone.freon.RandomKeyGenerator.createKey(RandomKeyGenerator.java:695)
	at org.apache.hadoop.ozone.freon.RandomKeyGenerator.access$1100(RandomKeyGenerator.java:88)
	at org.apache.hadoop.ozone.freon.RandomKeyGenerator$ObjectCreator.run(RandomKeyGenerator.java:615)
	at java.util.concurrent.Executors$RunnableAdapter.call(Executors.java:511)
	at java.util.concurrent.FutureTask.run(FutureTask.java:266)
	at java.util.concurrent.ThreadPoolExecutor.runWorker(ThreadPoolExecutor.java:1149)
	at java.util.concurrent.ThreadPoolExecutor$Worker.run(ThreadPoolExecutor.java:624)
	at java.lang.Thread.run(Thread.java:748)
</error>
    <system-out><![CDATA[2019-10-17 20:31:29,591 [main] WARN  server.ServerUtils (ServerUtils.java:getScmDbDir(145)) - ozone.scm.db.dirs is not configured. We recommend adding this setting. Falling back to ozone.metadata.dirs instead.
2019-10-17 20:31:29,721 [main] WARN  server.ServerUtils (ServerUtils.java:getScmDbDir(145)) - ozone.scm.db.dirs is not configured. We recommend adding this setting. Falling back to ozone.metadata.dirs instead.
2019-10-17 20:31:29,724 [main] WARN  server.ServerUtils (ServerUtils.java:getScmDbDir(145)) - ozone.scm.db.dirs is not configured. We recommend adding this setting. Falling back to ozone.metadata.dirs instead.
2019-10-17 20:31:29,752 [main] INFO  util.log (Log.java:initialized(192)) - Logging initialized @881ms
2019-10-17 20:31:29,856 [main] INFO  db.DBStoreBuilder (DBStoreBuilder.java:addTable(117)) - using custom profile for table: deletedBlocks
2019-10-17 20:31:29,857 [main] INFO  db.DBStoreBuilder (DBStoreBuilder.java:processTables(168)) - Using default column profile:DBProfile.DISK for Table:deletedBlocks
2019-10-17 20:31:29,857 [main] INFO  db.DBStoreBuilder (DBStoreBuilder.java:addTable(117)) - using custom profile for table: validCerts
2019-10-17 20:31:29,858 [main] INFO  db.DBStoreBuilder (DBStoreBuilder.java:processTables(168)) - Using default column profile:DBProfile.DISK for Table:validCerts
2019-10-17 20:31:29,858 [main] INFO  db.DBStoreBuilder (DBStoreBuilder.java:addTable(117)) - using custom profile for table: revokedCerts
2019-10-17 20:31:29,859 [main] INFO  db.DBStoreBuilder (DBStoreBuilder.java:processTables(168)) - Using default column profile:DBProfile.DISK for Table:revokedCerts
2019-10-17 20:31:29,875 [main] INFO  db.DBStoreBuilder (DBStoreBuilder.java:addTable(117)) - using custom profile for table: default
2019-10-17 20:31:29,875 [main] INFO  db.DBStoreBuilder (DBStoreBuilder.java:processTables(174)) - Using default column profile:DBProfile.DISK for Table:default
2019-10-17 20:31:29,877 [main] INFO  db.DBStoreBuilder (DBStoreBuilder.java:getDbProfile(205)) - Using default options. DBProfile.DISK
2019-10-17 20:31:30,223 [main] INFO  net.NodeSchemaLoader (NodeSchemaLoader.java:loadSchemaFromFile(125)) - Loading file from sun.misc.CompoundEnumeration@3754a4bf
2019-10-17 20:31:30,226 [main] INFO  net.NodeSchemaLoader (NodeSchemaLoader.java:loadSchema(171)) - Loading network topology layer schema file
2019-10-17 20:31:30,293 [main] INFO  node.SCMNodeManager (SCMNodeManager.java:<init>(116)) - Entering startup safe mode.
2019-10-17 20:31:30,355 [main] INFO  algorithms.ContainerPlacementPolicyFactory (ContainerPlacementPolicyFactory.java:getPolicy(57)) - Create container placement policy of type org.apache.hadoop.hdds.scm.container.placement.algorithms.SCMContainerPlacementRandom
2019-10-17 20:31:30,369 [main] WARN  server.ServerUtils (ServerUtils.java:getScmDbDir(145)) - ozone.scm.db.dirs is not configured. We recommend adding this setting. Falling back to ozone.metadata.dirs instead.
2019-10-17 20:31:30,482 [main] INFO  pipeline.SCMPipelineManager (SCMPipelineManager.java:initializePipelineState(132)) - No pipeline exists in current db
2019-10-17 20:31:30,486 [main] WARN  server.ServerUtils (ServerUtils.java:getScmDbDir(145)) - ozone.scm.db.dirs is not configured. We recommend adding this setting. Falling back to ozone.metadata.dirs instead.
2019-10-17 20:31:30,643 [main] WARN  events.EventQueue (EventQueue.java:fireEvent(183)) - No event handler registered for event TypedEvent{payloadType=SafeModeStatus, name='SafeModeStatus'}
2019-10-17 20:31:31,000 [main] INFO  ipc.CallQueueManager (CallQueueManager.java:<init>(84)) - Using callQueue: class java.util.concurrent.LinkedBlockingQueue, queueCapacity: 2000, scheduler: class org.apache.hadoop.ipc.DefaultRpcScheduler, ipcBackoff: false.
2019-10-17 20:31:31,142 [Socket Reader #1 for port 39781] INFO  ipc.Server (Server.java:run(1074)) - Starting Socket Reader #1 for port 39781
2019-10-17 20:31:31,182 [main] INFO  ipc.CallQueueManager (CallQueueManager.java:<init>(84)) - Using callQueue: class java.util.concurrent.LinkedBlockingQueue, queueCapacity: 2000, scheduler: class org.apache.hadoop.ipc.DefaultRpcScheduler, ipcBackoff: false.
2019-10-17 20:31:31,183 [Socket Reader #1 for port 39596] INFO  ipc.Server (Server.java:run(1074)) - Starting Socket Reader #1 for port 39596
2019-10-17 20:31:31,194 [main] INFO  ipc.CallQueueManager (CallQueueManager.java:<init>(84)) - Using callQueue: class java.util.concurrent.LinkedBlockingQueue, queueCapacity: 2000, scheduler: class org.apache.hadoop.ipc.DefaultRpcScheduler, ipcBackoff: false.
2019-10-17 20:31:31,195 [Socket Reader #1 for port 33225] INFO  ipc.Server (Server.java:run(1074)) - Starting Socket Reader #1 for port 33225
2019-10-17 20:31:31,223 [main] INFO  hdfs.DFSUtil (DFSUtil.java:httpServerTemplateForNNAndJN(1641)) - Starting Web-server for scm at: http://0.0.0.0:0
2019-10-17 20:31:31,343 [main] INFO  server.AuthenticationFilter (AuthenticationFilter.java:constructSecretProvider(240)) - Unable to initialize FileSignerSecretProvider, falling back to use random secrets.
2019-10-17 20:31:31,359 [main] WARN  http.HttpRequestLog (HttpRequestLog.java:getRequestLog(97)) - Jetty request log can only be enabled using Log4j
2019-10-17 20:31:31,367 [main] INFO  http.HttpServer2 (HttpServer2.java:addGlobalFilter(975)) - Added global filter 'safety' (class=org.apache.hadoop.http.HttpServer2$QuotingInputFilter)
2019-10-17 20:31:31,370 [main] INFO  http.HttpServer2 (HttpServer2.java:addFilter(948)) - Added filter static_user_filter (class=org.apache.hadoop.http.lib.StaticUserWebFilter$StaticUserFilter) to context scm
2019-10-17 20:31:31,370 [main] INFO  http.HttpServer2 (HttpServer2.java:addFilter(958)) - Added filter static_user_filter (class=org.apache.hadoop.http.lib.StaticUserWebFilter$StaticUserFilter) to context logs
2019-10-17 20:31:31,370 [main] INFO  http.HttpServer2 (HttpServer2.java:addFilter(958)) - Added filter static_user_filter (class=org.apache.hadoop.http.lib.StaticUserWebFilter$StaticUserFilter) to context static
2019-10-17 20:31:31,396 [main] INFO  server.StorageContainerManager (StorageContainerManager.java:start(772)) - StorageContainerLocationProtocol RPC server is listening at /0.0.0.0:33225
2019-10-17 20:31:31,446 [main] WARN  impl.MetricsConfig (MetricsConfig.java:loadFirst(134)) - Cannot locate configuration: tried hadoop-metrics2-storagecontainermanager.properties,hadoop-metrics2.properties
2019-10-17 20:31:31,465 [main] INFO  impl.MetricsSystemImpl (MetricsSystemImpl.java:startTimer(374)) - Scheduled Metric snapshot period at 10 second(s).
2019-10-17 20:31:31,465 [main] INFO  impl.MetricsSystemImpl (MetricsSystemImpl.java:start(191)) - StorageContainerManager metrics system started
2019-10-17 20:31:31,702 [main] INFO  server.SCMClientProtocolServer (SCMClientProtocolServer.java:start(159)) - RPC server for Client  is listening at /0.0.0.0:33225
2019-10-17 20:31:31,703 [IPC Server listener on 33225] INFO  ipc.Server (Server.java:run(1153)) - IPC Server listener on 33225: starting
2019-10-17 20:31:31,703 [IPC Server Responder] INFO  ipc.Server (Server.java:run(1314)) - IPC Server Responder: starting
2019-10-17 20:31:31,706 [main] INFO  server.StorageContainerManager (StorageContainerManager.java:start(782)) - ScmBlockLocationProtocol RPC server is listening at /0.0.0.0:39596
2019-10-17 20:31:31,707 [main] INFO  server.SCMBlockProtocolServer (SCMBlockProtocolServer.java:start(146)) - RPC server for Block Protocol is listening at /0.0.0.0:39596
2019-10-17 20:31:31,707 [IPC Server Responder] INFO  ipc.Server (Server.java:run(1314)) - IPC Server Responder: starting
2019-10-17 20:31:31,707 [IPC Server listener on 39596] INFO  ipc.Server (Server.java:run(1153)) - IPC Server listener on 39596: starting
2019-10-17 20:31:31,709 [main] INFO  server.StorageContainerManager (StorageContainerManager.java:start(786)) - ScmDatanodeProtocl RPC server is listening at /0.0.0.0:39781
2019-10-17 20:31:31,710 [main] INFO  server.SCMDatanodeProtocolServer (SCMDatanodeProtocolServer.java:start(169)) - RPC server for DataNodes is listening at /0.0.0.0:39781
2019-10-17 20:31:31,711 [IPC Server Responder] INFO  ipc.Server (Server.java:run(1314)) - IPC Server Responder: starting
2019-10-17 20:31:31,711 [IPC Server listener on 39781] INFO  ipc.Server (Server.java:run(1153)) - IPC Server listener on 39781: starting
2019-10-17 20:31:31,714 [main] INFO  http.HttpServer2 (HttpServer2.java:bindListener(1191)) - Jetty bound to port 37243
2019-10-17 20:31:31,716 [main] INFO  server.Server (Server.java:doStart(351)) - jetty-9.3.25.v20180904, build timestamp: 2018-09-04T21:11:46Z, git hash: 3ce520221d0240229c862b122d2b06c12a625732
2019-10-17 20:31:31,747 [main] INFO  handler.ContextHandler (ContextHandler.java:doStart(781)) - Started o.e.j.s.ServletContextHandler@61c9c3fd{/logs,file:///workdir/hadoop-ozone/tools/target/log,AVAILABLE}
2019-10-17 20:31:31,748 [main] INFO  handler.ContextHandler (ContextHandler.java:doStart(781)) - Started o.e.j.s.ServletContextHandler@302a07d{/static,jar:file:/home/user/.m2/repository/org/apache/hadoop/hadoop-hdds-server-scm/0.5.0-SNAPSHOT/hadoop-hdds-server-scm-0.5.0-SNAPSHOT.jar!/webapps/static,AVAILABLE}
2019-10-17 20:31:31,819 [main] INFO  handler.ContextHandler (ContextHandler.java:doStart(781)) - Started o.e.j.w.WebAppContext@46ab18da{/,file:///tmp/jetty-0.0.0.0-37243-scm-_-any-5973766576585925426.dir/webapp/,AVAILABLE}{/scm}
2019-10-17 20:31:31,824 [main] INFO  server.AbstractConnector (AbstractConnector.java:doStart(278)) - Started ServerConnector@2af616d3{HTTP/1.1,[http/1.1]}{0.0.0.0:37243}
2019-10-17 20:31:31,824 [main] INFO  server.Server (Server.java:doStart(419)) - Started @2953ms
2019-10-17 20:31:31,827 [main] INFO  impl.MetricsSinkAdapter (MetricsSinkAdapter.java:start(204)) - Sink prometheus started
2019-10-17 20:31:31,827 [main] INFO  impl.MetricsSystemImpl (MetricsSystemImpl.java:registerSink(301)) - Registered sink prometheus
2019-10-17 20:31:31,828 [main] INFO  server.BaseHttpServer (BaseHttpServer.java:updateConnectorAddress(215)) - HTTP server of SCM is listening at http://0.0.0.0:37243
2019-10-17 20:31:31,834 [org.apache.hadoop.util.JvmPauseMonitor$Monitor@226f885f] INFO  util.JvmPauseMonitor (JvmPauseMonitor.java:run(188)) - Starting JVM pause monitor
2019-10-17 20:31:31,837 [main] WARN  server.ServerUtils (ServerUtils.java:getDBPath(222)) - ozone.om.db.dirs is not configured. We recommend adding this setting. Falling back to ozone.metadata.dirs instead.
2019-10-17 20:31:31,954 [main] INFO  ha.OMHANodeDetails (OMHANodeDetails.java:loadOMHAConfig(190)) - Configuration either no ozone.om.address set. Falling back to the default OM address /127.0.0.1:0
2019-10-17 20:31:31,955 [main] INFO  ha.OMHANodeDetails (OMHANodeDetails.java:getOMNodeDetails(220)) - OM Service ID is not set. Setting it to the default ID: omServiceIdDefault
2019-10-17 20:31:31,956 [main] WARN  server.ServerUtils (ServerUtils.java:getDBPath(222)) - ozone.om.db.dirs is not configured. We recommend adding this setting. Falling back to ozone.metadata.dirs instead.
2019-10-17 20:31:31,957 [main] WARN  server.ServerUtils (ServerUtils.java:getDBPath(222)) - ozone.om.db.dirs is not configured. We recommend adding this setting. Falling back to ozone.metadata.dirs instead.
2019-10-17 20:31:32,530 [main] WARN  server.ServerUtils (ServerUtils.java:getDBPath(222)) - ozone.om.db.dirs is not configured. We recommend adding this setting. Falling back to ozone.metadata.dirs instead.
2019-10-17 20:31:32,537 [main] INFO  db.DBStoreBuilder (DBStoreBuilder.java:addTable(117)) - using custom profile for table: userTable
2019-10-17 20:31:32,537 [main] INFO  db.DBStoreBuilder (DBStoreBuilder.java:processTables(168)) - Using default column profile:DBProfile.DISK for Table:userTable
2019-10-17 20:31:32,538 [main] INFO  db.DBStoreBuilder (DBStoreBuilder.java:addTable(117)) - using custom profile for table: volumeTable
2019-10-17 20:31:32,538 [main] INFO  db.DBStoreBuilder (DBStoreBuilder.java:processTables(168)) - Using default column profile:DBProfile.DISK for Table:volumeTable
2019-10-17 20:31:32,538 [main] INFO  db.DBStoreBuilder (DBStoreBuilder.java:addTable(117)) - using custom profile for table: bucketTable
2019-10-17 20:31:32,538 [main] INFO  db.DBStoreBuilder (DBStoreBuilder.java:processTables(168)) - Using default column profile:DBProfile.DISK for Table:bucketTable
2019-10-17 20:31:32,538 [main] INFO  db.DBStoreBuilder (DBStoreBuilder.java:addTable(117)) - using custom profile for table: keyTable
2019-10-17 20:31:32,539 [main] INFO  db.DBStoreBuilder (DBStoreBuilder.java:processTables(168)) - Using default column profile:DBProfile.DISK for Table:keyTable
2019-10-17 20:31:32,539 [main] INFO  db.DBStoreBuilder (DBStoreBuilder.java:addTable(117)) - using custom profile for table: deletedTable
2019-10-17 20:31:32,539 [main] INFO  db.DBStoreBuilder (DBStoreBuilder.java:processTables(168)) - Using default column profile:DBProfile.DISK for Table:deletedTable
2019-10-17 20:31:32,539 [main] INFO  db.DBStoreBuilder (DBStoreBuilder.java:addTable(117)) - using custom profile for table: openKeyTable
2019-10-17 20:31:32,539 [main] INFO  db.DBStoreBuilder (DBStoreBuilder.java:processTables(168)) - Using default column profile:DBProfile.DISK for Table:openKeyTable
2019-10-17 20:31:32,540 [main] INFO  db.DBStoreBuilder (DBStoreBuilder.java:addTable(117)) - using custom profile for table: s3Table
2019-10-17 20:31:32,540 [main] INFO  db.DBStoreBuilder (DBStoreBuilder.java:processTables(168)) - Using default column profile:DBProfile.DISK for Table:s3Table
2019-10-17 20:31:32,540 [main] INFO  db.DBStoreBuilder (DBStoreBuilder.java:addTable(117)) - using custom profile for table: multipartInfoTable
2019-10-17 20:31:32,540 [main] INFO  db.DBStoreBuilder (DBStoreBuilder.java:processTables(168)) - Using default column profile:DBProfile.DISK for Table:multipartInfoTable
2019-10-17 20:31:32,540 [main] INFO  db.DBStoreBuilder (DBStoreBuilder.java:addTable(117)) - using custom profile for table: dTokenTable
2019-10-17 20:31:32,541 [main] INFO  db.DBStoreBuilder (DBStoreBuilder.java:processTables(168)) - Using default column profile:DBProfile.DISK for Table:dTokenTable
2019-10-17 20:31:32,541 [main] INFO  db.DBStoreBuilder (DBStoreBuilder.java:addTable(117)) - using custom profile for table: s3SecretTable
2019-10-17 20:31:32,541 [main] INFO  db.DBStoreBuilder (DBStoreBuilder.java:processTables(168)) - Using default column profile:DBProfile.DISK for Table:s3SecretTable
2019-10-17 20:31:32,541 [main] INFO  db.DBStoreBuilder (DBStoreBuilder.java:addTable(117)) - using custom profile for table: prefixTable
2019-10-17 20:31:32,541 [main] INFO  db.DBStoreBuilder (DBStoreBuilder.java:processTables(168)) - Using default column profile:DBProfile.DISK for Table:prefixTable
2019-10-17 20:31:32,542 [main] INFO  db.DBStoreBuilder (DBStoreBuilder.java:addTable(117)) - using custom profile for table: default
2019-10-17 20:31:32,542 [main] INFO  db.DBStoreBuilder (DBStoreBuilder.java:processTables(174)) - Using default column profile:DBProfile.DISK for Table:default
2019-10-17 20:31:32,542 [main] INFO  db.DBStoreBuilder (DBStoreBuilder.java:getDbProfile(205)) - Using default options. DBProfile.DISK
2019-10-17 20:31:33,201 [main] INFO  ipc.CallQueueManager (CallQueueManager.java:<init>(84)) - Using callQueue: class java.util.concurrent.LinkedBlockingQueue, queueCapacity: 2000, scheduler: class org.apache.hadoop.ipc.DefaultRpcScheduler, ipcBackoff: false.
2019-10-17 20:31:33,202 [Socket Reader #1 for port 36756] INFO  ipc.Server (Server.java:run(1074)) - Starting Socket Reader #1 for port 36756
2019-10-17 20:31:33,224 [main] INFO  om.OzoneManager (OzoneManager.java:start(1071)) - OzoneManager RPC server is listening at localhost/127.0.0.1:36756
2019-10-17 20:31:33,224 [main] INFO  impl.MetricsSystemImpl (MetricsSystemImpl.java:init(158)) - OzoneManager metrics system started (again)
2019-10-17 20:31:33,231 [IPC Server Responder] INFO  ipc.Server (Server.java:run(1314)) - IPC Server Responder: starting
2019-10-17 20:31:33,232 [IPC Server listener on 36756] INFO  ipc.Server (Server.java:run(1153)) - IPC Server listener on 36756: starting
2019-10-17 20:31:33,240 [main] INFO  hdfs.DFSUtil (DFSUtil.java:httpServerTemplateForNNAndJN(1641)) - Starting Web-server for ozoneManager at: http://0.0.0.0:0
2019-10-17 20:31:33,241 [main] INFO  server.AuthenticationFilter (AuthenticationFilter.java:constructSecretProvider(240)) - Unable to initialize FileSignerSecretProvider, falling back to use random secrets.
2019-10-17 20:31:33,242 [main] WARN  http.HttpRequestLog (HttpRequestLog.java:getRequestLog(97)) - Jetty request log can only be enabled using Log4j
2019-10-17 20:31:33,244 [main] INFO  http.HttpServer2 (HttpServer2.java:addGlobalFilter(975)) - Added global filter 'safety' (class=org.apache.hadoop.http.HttpServer2$QuotingInputFilter)
2019-10-17 20:31:33,244 [main] INFO  http.HttpServer2 (HttpServer2.java:addFilter(948)) - Added filter static_user_filter (class=org.apache.hadoop.http.lib.StaticUserWebFilter$StaticUserFilter) to context ozoneManager
2019-10-17 20:31:33,245 [main] INFO  http.HttpServer2 (HttpServer2.java:addFilter(958)) - Added filter static_user_filter (class=org.apache.hadoop.http.lib.StaticUserWebFilter$StaticUserFilter) to context static
2019-10-17 20:31:33,245 [main] INFO  http.HttpServer2 (HttpServer2.java:addFilter(958)) - Added filter static_user_filter (class=org.apache.hadoop.http.lib.StaticUserWebFilter$StaticUserFilter) to context logs
2019-10-17 20:31:33,247 [main] INFO  http.HttpServer2 (HttpServer2.java:bindListener(1191)) - Jetty bound to port 35713
2019-10-17 20:31:33,247 [main] INFO  server.Server (Server.java:doStart(351)) - jetty-9.3.25.v20180904, build timestamp: 2018-09-04T21:11:46Z, git hash: 3ce520221d0240229c862b122d2b06c12a625732
2019-10-17 20:31:33,249 [main] INFO  handler.ContextHandler (ContextHandler.java:doStart(781)) - Started o.e.j.s.ServletContextHandler@7e46d648{/logs,file:///workdir/hadoop-ozone/tools/target/log,AVAILABLE}
2019-10-17 20:31:33,250 [main] INFO  handler.ContextHandler (ContextHandler.java:doStart(781)) - Started o.e.j.s.ServletContextHandler@2b0b4d53{/static,jar:file:/home/user/.m2/repository/org/apache/hadoop/hadoop-ozone-ozone-manager/0.5.0-SNAPSHOT/hadoop-ozone-ozone-manager-0.5.0-SNAPSHOT.jar!/webapps/static,AVAILABLE}
2019-10-17 20:31:33,300 [main] INFO  handler.ContextHandler (ContextHandler.java:doStart(781)) - Started o.e.j.w.WebAppContext@4bee18dc{/,file:///tmp/jetty-0.0.0.0-35713-ozoneManager-_-any-2205022259995731718.dir/webapp/,AVAILABLE}{/ozoneManager}
2019-10-17 20:31:33,300 [main] INFO  server.AbstractConnector (AbstractConnector.java:doStart(278)) - Started ServerConnector@44f3fe83{HTTP/1.1,[http/1.1]}{0.0.0.0:35713}
2019-10-17 20:31:33,301 [main] INFO  server.Server (Server.java:doStart(419)) - Started @4429ms
2019-10-17 20:31:33,301 [main] WARN  impl.MetricsSystemImpl (MetricsSystemImpl.java:register(276)) - Sink prometheus already exists!
2019-10-17 20:31:33,302 [main] INFO  server.BaseHttpServer (BaseHttpServer.java:updateConnectorAddress(215)) - HTTP server of OZONEMANAGER is listening at http://0.0.0.0:35713
2019-10-17 20:31:33,609 [main] INFO  impl.MetricsSystemImpl (MetricsSystemImpl.java:init(158)) - HddsDatanode metrics system started (again)
2019-10-17 20:31:33,653 [main] INFO  ozone.HddsDatanodeService (HddsDatanodeService.java:start(184)) - HddsDatanodeService host:pr-hdds-1868-s6sc9-3720172378 ip:192.168.164.201
2019-10-17 20:31:33,684 [main] INFO  volume.HddsVolume (HddsVolume.java:<init>(176)) - Creating Volume: /workdir/hadoop-ozone/tools/target/test-dir/MiniOzoneClusterImpl-4067a7c1-930e-4438-9b9c-131754719370/datanode-0/data/containers/hdds of  storage type : DISK and capacity : 1482555576320
2019-10-17 20:31:33,685 [main] INFO  volume.VolumeSet (VolumeSet.java:initializeVolumeSet(170)) - Added Volume : /workdir/hadoop-ozone/tools/target/test-dir/MiniOzoneClusterImpl-4067a7c1-930e-4438-9b9c-131754719370/datanode-0/data/containers/hdds to VolumeSet
2019-10-17 20:31:33,688 [main] INFO  volume.ThrottledAsyncChecker (ThrottledAsyncChecker.java:schedule(141)) - Scheduling a check for /workdir/hadoop-ozone/tools/target/test-dir/MiniOzoneClusterImpl-4067a7c1-930e-4438-9b9c-131754719370/datanode-0/data/containers/hdds
2019-10-17 20:31:33,715 [main] INFO  volume.HddsVolumeChecker (HddsVolumeChecker.java:checkAllVolumes(204)) - Scheduled health check for volume /workdir/hadoop-ozone/tools/target/test-dir/MiniOzoneClusterImpl-4067a7c1-930e-4438-9b9c-131754719370/datanode-0/data/containers/hdds
2019-10-17 20:31:33,844 [main] INFO  impl.RaftServerProxy (ConfUtils.java:logGet(43)) - raft.rpc.type = GRPC (default)
2019-10-17 20:31:33,926 [main] INFO  grpc.GrpcFactory (GrpcFactory.java:checkPooledByteBufAllocatorUseCacheForAllThreads(45)) - PERFORMANCE WARNING: useCacheForAllThreads is true that may cause Netty to create a lot garbage objects and, as a result, trigger GC.
	It is recommended to disable useCacheForAllThreads by setting -Dorg.apache.ratis.thirdparty.io.netty.allocator.useCacheForAllThreads=false in command line.
2019-10-17 20:31:33,934 [main] INFO  grpc.GrpcConfigKeys$Server (ConfUtils.java:logGet(43)) - raft.grpc.server.port = 0 (default)
2019-10-17 20:31:33,936 [main] INFO  server.GrpcService (ConfUtils.java:logGet(43)) - raft.grpc.message.size.max = 33570816 (custom)
2019-10-17 20:31:33,938 [main] INFO  server.RaftServerConfigKeys (ConfUtils.java:logGet(43)) - raft.server.log.appender.buffer.byte-limit = 33554432 (custom)
2019-10-17 20:31:33,939 [main] INFO  server.GrpcService (ConfUtils.java:logGet(43)) - raft.grpc.flow.control.window = 1MB (=1048576) (default)
2019-10-17 20:31:33,941 [main] INFO  server.RaftServerConfigKeys (ConfUtils.java:logGet(43)) - raft.server.rpc.request.timeout = 3000ms (default)
2019-10-17 20:31:34,117 [main] INFO  server.RaftServerConfigKeys (ConfUtils.java:logGet(43)) - raft.server.storage.dir = [/workdir/hadoop-ozone/tools/target/test-dir/MiniOzoneClusterImpl-4067a7c1-930e-4438-9b9c-131754719370/datanode-0/data/ratis] (custom)
2019-10-17 20:31:34,173 [main] INFO  hdfs.DFSUtil (DFSUtil.java:httpServerTemplateForNNAndJN(1641)) - Starting Web-server for hddsDatanode at: http://0.0.0.0:0
2019-10-17 20:31:34,176 [main] INFO  server.AuthenticationFilter (AuthenticationFilter.java:constructSecretProvider(240)) - Unable to initialize FileSignerSecretProvider, falling back to use random secrets.
2019-10-17 20:31:34,176 [main] WARN  http.HttpRequestLog (HttpRequestLog.java:getRequestLog(97)) - Jetty request log can only be enabled using Log4j
2019-10-17 20:31:34,179 [main] INFO  http.HttpServer2 (HttpServer2.java:addGlobalFilter(975)) - Added global filter 'safety' (class=org.apache.hadoop.http.HttpServer2$QuotingInputFilter)
2019-10-17 20:31:34,180 [main] INFO  http.HttpServer2 (HttpServer2.java:addFilter(948)) - Added filter static_user_filter (class=org.apache.hadoop.http.lib.StaticUserWebFilter$StaticUserFilter) to context hddsDatanode
2019-10-17 20:31:34,180 [main] INFO  http.HttpServer2 (HttpServer2.java:addFilter(958)) - Added filter static_user_filter (class=org.apache.hadoop.http.lib.StaticUserWebFilter$StaticUserFilter) to context static
2019-10-17 20:31:34,180 [main] INFO  http.HttpServer2 (HttpServer2.java:addFilter(958)) - Added filter static_user_filter (class=org.apache.hadoop.http.lib.StaticUserWebFilter$StaticUserFilter) to context logs
2019-10-17 20:31:34,182 [main] INFO  http.HttpServer2 (HttpServer2.java:bindListener(1191)) - Jetty bound to port 41375
2019-10-17 20:31:34,182 [main] INFO  server.Server (Server.java:doStart(351)) - jetty-9.3.25.v20180904, build timestamp: 2018-09-04T21:11:46Z, git hash: 3ce520221d0240229c862b122d2b06c12a625732
2019-10-17 20:31:34,185 [main] INFO  handler.ContextHandler (ContextHandler.java:doStart(781)) - Started o.e.j.s.ServletContextHandler@de8039f{/logs,file:///workdir/hadoop-ozone/tools/target/log,AVAILABLE}
2019-10-17 20:31:34,186 [main] INFO  handler.ContextHandler (ContextHandler.java:doStart(781)) - Started o.e.j.s.ServletContextHandler@582a764a{/static,jar:file:/home/user/.m2/repository/org/apache/hadoop/hadoop-hdds-container-service/0.5.0-SNAPSHOT/hadoop-hdds-container-service-0.5.0-SNAPSHOT.jar!/webapps/static,AVAILABLE}
2019-10-17 20:31:34,224 [main] INFO  handler.ContextHandler (ContextHandler.java:doStart(781)) - Started o.e.j.w.WebAppContext@554f0dfb{/,file:///tmp/jetty-0.0.0.0-41375-hddsDatanode-_-any-7580700192090996961.dir/webapp/,AVAILABLE}{/hddsDatanode}
2019-10-17 20:31:34,225 [main] INFO  server.AbstractConnector (AbstractConnector.java:doStart(278)) - Started ServerConnector@1f7076bc{HTTP/1.1,[http/1.1]}{0.0.0.0:41375}
2019-10-17 20:31:34,226 [main] INFO  server.Server (Server.java:doStart(419)) - Started @5354ms
2019-10-17 20:31:34,226 [main] WARN  impl.MetricsSystemImpl (MetricsSystemImpl.java:register(276)) - Sink prometheus already exists!
2019-10-17 20:31:34,227 [main] INFO  server.BaseHttpServer (BaseHttpServer.java:updateConnectorAddress(215)) - HTTP server of HDDSDATANODE is listening at http://0.0.0.0:41375
2019-10-17 20:31:34,229 [main] INFO  impl.MetricsSystemImpl (MetricsSystemImpl.java:init(158)) - HddsDatanode metrics system started (again)
2019-10-17 20:31:34,233 [main] INFO  ozone.HddsDatanodeService (HddsDatanodeService.java:start(184)) - HddsDatanodeService host:pr-hdds-1868-s6sc9-3720172378 ip:192.168.164.201
2019-10-17 20:31:34,237 [org.apache.hadoop.util.JvmPauseMonitor$Monitor@5137be23] INFO  util.JvmPauseMonitor (JvmPauseMonitor.java:run(188)) - Starting JVM pause monitor
2019-10-17 20:31:34,243 [main] INFO  volume.HddsVolume (HddsVolume.java:<init>(176)) - Creating Volume: /workdir/hadoop-ozone/tools/target/test-dir/MiniOzoneClusterImpl-4067a7c1-930e-4438-9b9c-131754719370/datanode-1/data/containers/hdds of  storage type : DISK and capacity : 1482555576320
2019-10-17 20:31:34,244 [main] INFO  volume.VolumeSet (VolumeSet.java:initializeVolumeSet(170)) - Added Volume : /workdir/hadoop-ozone/tools/target/test-dir/MiniOzoneClusterImpl-4067a7c1-930e-4438-9b9c-131754719370/datanode-1/data/containers/hdds to VolumeSet
2019-10-17 20:31:34,245 [main] INFO  volume.ThrottledAsyncChecker (ThrottledAsyncChecker.java:schedule(141)) - Scheduling a check for /workdir/hadoop-ozone/tools/target/test-dir/MiniOzoneClusterImpl-4067a7c1-930e-4438-9b9c-131754719370/datanode-1/data/containers/hdds
2019-10-17 20:31:34,246 [main] INFO  volume.HddsVolumeChecker (HddsVolumeChecker.java:checkAllVolumes(204)) - Scheduled health check for volume /workdir/hadoop-ozone/tools/target/test-dir/MiniOzoneClusterImpl-4067a7c1-930e-4438-9b9c-131754719370/datanode-1/data/containers/hdds
2019-10-17 20:31:34,262 [main] INFO  impl.RaftServerProxy (ConfUtils.java:logGet(43)) - raft.rpc.type = GRPC (default)
2019-10-17 20:31:34,262 [main] INFO  grpc.GrpcFactory (GrpcFactory.java:checkPooledByteBufAllocatorUseCacheForAllThreads(45)) - PERFORMANCE WARNING: useCacheForAllThreads is true that may cause Netty to create a lot garbage objects and, as a result, trigger GC.
	It is recommended to disable useCacheForAllThreads by setting -Dorg.apache.ratis.thirdparty.io.netty.allocator.useCacheForAllThreads=false in command line.
2019-10-17 20:31:34,262 [main] INFO  grpc.GrpcConfigKeys$Server (ConfUtils.java:logGet(43)) - raft.grpc.server.port = 0 (default)
2019-10-17 20:31:34,263 [main] INFO  server.GrpcService (ConfUtils.java:logGet(43)) - raft.grpc.message.size.max = 33570816 (custom)
2019-10-17 20:31:34,263 [main] INFO  server.RaftServerConfigKeys (ConfUtils.java:logGet(43)) - raft.server.log.appender.buffer.byte-limit = 33554432 (custom)
2019-10-17 20:31:34,263 [main] INFO  server.GrpcService (ConfUtils.java:logGet(43)) - raft.grpc.flow.control.window = 1MB (=1048576) (default)
2019-10-17 20:31:34,263 [main] INFO  server.RaftServerConfigKeys (ConfUtils.java:logGet(43)) - raft.server.rpc.request.timeout = 3000ms (default)
2019-10-17 20:31:34,264 [main] INFO  server.RaftServerConfigKeys (ConfUtils.java:logGet(43)) - raft.server.storage.dir = [/workdir/hadoop-ozone/tools/target/test-dir/MiniOzoneClusterImpl-4067a7c1-930e-4438-9b9c-131754719370/datanode-1/data/ratis] (custom)
2019-10-17 20:31:34,266 [main] INFO  hdfs.DFSUtil (DFSUtil.java:httpServerTemplateForNNAndJN(1641)) - Starting Web-server for hddsDatanode at: http://0.0.0.0:0
2019-10-17 20:31:34,268 [main] INFO  server.AuthenticationFilter (AuthenticationFilter.java:constructSecretProvider(240)) - Unable to initialize FileSignerSecretProvider, falling back to use random secrets.
2019-10-17 20:31:34,268 [main] WARN  http.HttpRequestLog (HttpRequestLog.java:getRequestLog(97)) - Jetty request log can only be enabled using Log4j
2019-10-17 20:31:34,270 [main] INFO  http.HttpServer2 (HttpServer2.java:addGlobalFilter(975)) - Added global filter 'safety' (class=org.apache.hadoop.http.HttpServer2$QuotingInputFilter)
2019-10-17 20:31:34,271 [main] INFO  http.HttpServer2 (HttpServer2.java:addFilter(948)) - Added filter static_user_filter (class=org.apache.hadoop.http.lib.StaticUserWebFilter$StaticUserFilter) to context hddsDatanode
2019-10-17 20:31:34,271 [main] INFO  http.HttpServer2 (HttpServer2.java:addFilter(958)) - Added filter static_user_filter (class=org.apache.hadoop.http.lib.StaticUserWebFilter$StaticUserFilter) to context static
2019-10-17 20:31:34,271 [main] INFO  http.HttpServer2 (HttpServer2.java:addFilter(958)) - Added filter static_user_filter (class=org.apache.hadoop.http.lib.StaticUserWebFilter$StaticUserFilter) to context logs
2019-10-17 20:31:34,272 [main] INFO  http.HttpServer2 (HttpServer2.java:bindListener(1191)) - Jetty bound to port 36321
2019-10-17 20:31:34,272 [main] INFO  server.Server (Server.java:doStart(351)) - jetty-9.3.25.v20180904, build timestamp: 2018-09-04T21:11:46Z, git hash: 3ce520221d0240229c862b122d2b06c12a625732
2019-10-17 20:31:34,275 [main] INFO  handler.ContextHandler (ContextHandler.java:doStart(781)) - Started o.e.j.s.ServletContextHandler@1b1f5012{/logs,file:///workdir/hadoop-ozone/tools/target/log,AVAILABLE}
2019-10-17 20:31:34,276 [main] INFO  handler.ContextHandler (ContextHandler.java:doStart(781)) - Started o.e.j.s.ServletContextHandler@4a734c04{/static,jar:file:/home/user/.m2/repository/org/apache/hadoop/hadoop-hdds-container-service/0.5.0-SNAPSHOT/hadoop-hdds-container-service-0.5.0-SNAPSHOT.jar!/webapps/static,AVAILABLE}
2019-10-17 20:31:34,306 [main] INFO  handler.ContextHandler (ContextHandler.java:doStart(781)) - Started o.e.j.w.WebAppContext@262816a8{/,file:///tmp/jetty-0.0.0.0-36321-hddsDatanode-_-any-3888817570356973076.dir/webapp/,AVAILABLE}{/hddsDatanode}
2019-10-17 20:31:34,306 [main] INFO  server.AbstractConnector (AbstractConnector.java:doStart(278)) - Started ServerConnector@1effd53c{HTTP/1.1,[http/1.1]}{0.0.0.0:36321}
2019-10-17 20:31:34,307 [main] INFO  server.Server (Server.java:doStart(419)) - Started @5436ms
2019-10-17 20:31:34,307 [main] WARN  impl.MetricsSystemImpl (MetricsSystemImpl.java:register(276)) - Sink prometheus already exists!
2019-10-17 20:31:34,311 [main] INFO  server.BaseHttpServer (BaseHttpServer.java:updateConnectorAddress(215)) - HTTP server of HDDSDATANODE is listening at http://0.0.0.0:36321
2019-10-17 20:31:34,312 [main] INFO  impl.MetricsSystemImpl (MetricsSystemImpl.java:init(158)) - HddsDatanode metrics system started (again)
2019-10-17 20:31:34,316 [org.apache.hadoop.util.JvmPauseMonitor$Monitor@31cf4958] INFO  util.JvmPauseMonitor (JvmPauseMonitor.java:run(188)) - Starting JVM pause monitor
2019-10-17 20:31:34,318 [main] INFO  ozone.HddsDatanodeService (HddsDatanodeService.java:start(184)) - HddsDatanodeService host:pr-hdds-1868-s6sc9-3720172378 ip:192.168.164.201
2019-10-17 20:31:34,327 [main] INFO  volume.HddsVolume (HddsVolume.java:<init>(176)) - Creating Volume: /workdir/hadoop-ozone/tools/target/test-dir/MiniOzoneClusterImpl-4067a7c1-930e-4438-9b9c-131754719370/datanode-2/data/containers/hdds of  storage type : DISK and capacity : 1482555576320
2019-10-17 20:31:34,327 [main] INFO  volume.VolumeSet (VolumeSet.java:initializeVolumeSet(170)) - Added Volume : /workdir/hadoop-ozone/tools/target/test-dir/MiniOzoneClusterImpl-4067a7c1-930e-4438-9b9c-131754719370/datanode-2/data/containers/hdds to VolumeSet
2019-10-17 20:31:34,328 [main] INFO  volume.ThrottledAsyncChecker (ThrottledAsyncChecker.java:schedule(141)) - Scheduling a check for /workdir/hadoop-ozone/tools/target/test-dir/MiniOzoneClusterImpl-4067a7c1-930e-4438-9b9c-131754719370/datanode-2/data/containers/hdds
2019-10-17 20:31:34,329 [main] INFO  volume.HddsVolumeChecker (HddsVolumeChecker.java:checkAllVolumes(204)) - Scheduled health check for volume /workdir/hadoop-ozone/tools/target/test-dir/MiniOzoneClusterImpl-4067a7c1-930e-4438-9b9c-131754719370/datanode-2/data/containers/hdds
2019-10-17 20:31:34,334 [Datanode State Machine Thread - 0] INFO  datanode.InitDatanodeState (InitDatanodeState.java:persistContainerDatanodeDetails(140)) - DatanodeDetails is persisted to /workdir/hadoop-ozone/tools/target/test-dir/MiniOzoneClusterImpl-4067a7c1-930e-4438-9b9c-131754719370/datanode-0/meta/datanode.id
2019-10-17 20:31:34,337 [Datanode State Machine Thread - 0] INFO  datanode.InitDatanodeState (InitDatanodeState.java:persistContainerDatanodeDetails(140)) - DatanodeDetails is persisted to /workdir/hadoop-ozone/tools/target/test-dir/MiniOzoneClusterImpl-4067a7c1-930e-4438-9b9c-131754719370/datanode-1/meta/datanode.id
2019-10-17 20:31:34,352 [main] INFO  impl.RaftServerProxy (ConfUtils.java:logGet(43)) - raft.rpc.type = GRPC (default)
2019-10-17 20:31:34,352 [main] INFO  grpc.GrpcFactory (GrpcFactory.java:checkPooledByteBufAllocatorUseCacheForAllThreads(45)) - PERFORMANCE WARNING: useCacheForAllThreads is true that may cause Netty to create a lot garbage objects and, as a result, trigger GC.
	It is recommended to disable useCacheForAllThreads by setting -Dorg.apache.ratis.thirdparty.io.netty.allocator.useCacheForAllThreads=false in command line.
2019-10-17 20:31:34,352 [main] INFO  grpc.GrpcConfigKeys$Server (ConfUtils.java:logGet(43)) - raft.grpc.server.port = 0 (default)
2019-10-17 20:31:34,353 [main] INFO  server.GrpcService (ConfUtils.java:logGet(43)) - raft.grpc.message.size.max = 33570816 (custom)
2019-10-17 20:31:34,353 [main] INFO  server.RaftServerConfigKeys (ConfUtils.java:logGet(43)) - raft.server.log.appender.buffer.byte-limit = 33554432 (custom)
2019-10-17 20:31:34,353 [main] INFO  server.GrpcService (ConfUtils.java:logGet(43)) - raft.grpc.flow.control.window = 1MB (=1048576) (default)
2019-10-17 20:31:34,353 [main] INFO  server.RaftServerConfigKeys (ConfUtils.java:logGet(43)) - raft.server.rpc.request.timeout = 3000ms (default)
2019-10-17 20:31:34,355 [main] INFO  server.RaftServerConfigKeys (ConfUtils.java:logGet(43)) - raft.server.storage.dir = [/workdir/hadoop-ozone/tools/target/test-dir/MiniOzoneClusterImpl-4067a7c1-930e-4438-9b9c-131754719370/datanode-2/data/ratis] (custom)
2019-10-17 20:31:34,358 [main] INFO  hdfs.DFSUtil (DFSUtil.java:httpServerTemplateForNNAndJN(1641)) - Starting Web-server for hddsDatanode at: http://0.0.0.0:0
2019-10-17 20:31:34,360 [main] INFO  server.AuthenticationFilter (AuthenticationFilter.java:constructSecretProvider(240)) - Unable to initialize FileSignerSecretProvider, falling back to use random secrets.
2019-10-17 20:31:34,360 [main] WARN  http.HttpRequestLog (HttpRequestLog.java:getRequestLog(97)) - Jetty request log can only be enabled using Log4j
2019-10-17 20:31:34,362 [main] INFO  http.HttpServer2 (HttpServer2.java:addGlobalFilter(975)) - Added global filter 'safety' (class=org.apache.hadoop.http.HttpServer2$QuotingInputFilter)
2019-10-17 20:31:34,363 [main] INFO  http.HttpServer2 (HttpServer2.java:addFilter(948)) - Added filter static_user_filter (class=org.apache.hadoop.http.lib.StaticUserWebFilter$StaticUserFilter) to context hddsDatanode
2019-10-17 20:31:34,363 [main] INFO  http.HttpServer2 (HttpServer2.java:addFilter(958)) - Added filter static_user_filter (class=org.apache.hadoop.http.lib.StaticUserWebFilter$StaticUserFilter) to context logs
2019-10-17 20:31:34,363 [main] INFO  http.HttpServer2 (HttpServer2.java:addFilter(958)) - Added filter static_user_filter (class=org.apache.hadoop.http.lib.StaticUserWebFilter$StaticUserFilter) to context static
2019-10-17 20:31:34,364 [main] INFO  http.HttpServer2 (HttpServer2.java:bindListener(1191)) - Jetty bound to port 41419
2019-10-17 20:31:34,364 [main] INFO  server.Server (Server.java:doStart(351)) - jetty-9.3.25.v20180904, build timestamp: 2018-09-04T21:11:46Z, git hash: 3ce520221d0240229c862b122d2b06c12a625732
2019-10-17 20:31:34,367 [main] INFO  handler.ContextHandler (ContextHandler.java:doStart(781)) - Started o.e.j.s.ServletContextHandler@7aac8884{/logs,file:///workdir/hadoop-ozone/tools/target/log,AVAILABLE}
2019-10-17 20:31:34,367 [main] INFO  handler.ContextHandler (ContextHandler.java:doStart(781)) - Started o.e.j.s.ServletContextHandler@5b852b49{/static,jar:file:/home/user/.m2/repository/org/apache/hadoop/hadoop-hdds-container-service/0.5.0-SNAPSHOT/hadoop-hdds-container-service-0.5.0-SNAPSHOT.jar!/webapps/static,AVAILABLE}
2019-10-17 20:31:34,397 [main] INFO  handler.ContextHandler (ContextHandler.java:doStart(781)) - Started o.e.j.w.WebAppContext@3dffc764{/,file:///tmp/jetty-0.0.0.0-41419-hddsDatanode-_-any-1401317432113508139.dir/webapp/,AVAILABLE}{/hddsDatanode}
2019-10-17 20:31:34,398 [main] INFO  server.AbstractConnector (AbstractConnector.java:doStart(278)) - Started ServerConnector@4b6e1c0{HTTP/1.1,[http/1.1]}{0.0.0.0:41419}
2019-10-17 20:31:34,399 [main] INFO  server.Server (Server.java:doStart(419)) - Started @5527ms
2019-10-17 20:31:34,399 [main] WARN  impl.MetricsSystemImpl (MetricsSystemImpl.java:register(276)) - Sink prometheus already exists!
2019-10-17 20:31:34,400 [main] INFO  server.BaseHttpServer (BaseHttpServer.java:updateConnectorAddress(215)) - HTTP server of HDDSDATANODE is listening at http://0.0.0.0:41419
2019-10-17 20:31:34,402 [main] INFO  ozone.MiniOzoneClusterImpl (MiniOzoneClusterImpl.java:lambda$waitForClusterToBeReady$2(172)) - Waiting for cluster to be ready. Got 0 of 3 DN Heartbeats.
2019-10-17 20:31:34,403 [org.apache.hadoop.util.JvmPauseMonitor$Monitor@1829856d] INFO  util.JvmPauseMonitor (JvmPauseMonitor.java:run(188)) - Starting JVM pause monitor
2019-10-17 20:31:34,406 [Datanode State Machine Thread - 0] INFO  datanode.InitDatanodeState (InitDatanodeState.java:persistContainerDatanodeDetails(140)) - DatanodeDetails is persisted to /workdir/hadoop-ozone/tools/target/test-dir/MiniOzoneClusterImpl-4067a7c1-930e-4438-9b9c-131754719370/datanode-2/meta/datanode.id
2019-10-17 20:31:35,402 [main] INFO  ozone.MiniOzoneClusterImpl (MiniOzoneClusterImpl.java:lambda$waitForClusterToBeReady$2(172)) - Waiting for cluster to be ready. Got 0 of 3 DN Heartbeats.
2019-10-17 20:31:36,334 [Datanode State Machine Thread - 0] INFO  ozoneimpl.OzoneContainer (OzoneContainer.java:start(213)) - Attempting to start container services.
2019-10-17 20:31:36,334 [Datanode State Machine Thread - 0] INFO  ozoneimpl.OzoneContainer (OzoneContainer.java:start(213)) - Attempting to start container services.
2019-10-17 20:31:36,361 [Datanode State Machine Thread - 0] INFO  ozoneimpl.OzoneContainer (OzoneContainer.java:startContainerScrub(177)) - Background container scanner has been disabled.
2019-10-17 20:31:36,361 [Datanode State Machine Thread - 0] INFO  ozoneimpl.OzoneContainer (OzoneContainer.java:startContainerScrub(177)) - Background container scanner has been disabled.
2019-10-17 20:31:36,361 [Datanode State Machine Thread - 0] INFO  ratis.XceiverServerRatis (XceiverServerRatis.java:start(425)) - Starting XceiverServerRatis 12dca792-6614-46e6-8fa8-e27f364a29d9 at port 0
2019-10-17 20:31:36,361 [Datanode State Machine Thread - 0] INFO  ratis.XceiverServerRatis (XceiverServerRatis.java:start(425)) - Starting XceiverServerRatis 840dadcc-bbff-4158-865b-0f258f3c1721 at port 0
2019-10-17 20:31:36,393 [Datanode State Machine Thread - 0] INFO  impl.RaftServerProxy (RaftServerProxy.java:lambda$start$3(299)) - 840dadcc-bbff-4158-865b-0f258f3c1721: start RPC server
2019-10-17 20:31:36,393 [Datanode State Machine Thread - 0] INFO  impl.RaftServerProxy (RaftServerProxy.java:lambda$start$3(299)) - 12dca792-6614-46e6-8fa8-e27f364a29d9: start RPC server
2019-10-17 20:31:36,403 [main] INFO  ozone.MiniOzoneClusterImpl (MiniOzoneClusterImpl.java:lambda$waitForClusterToBeReady$2(172)) - Waiting for cluster to be ready. Got 0 of 3 DN Heartbeats.
2019-10-17 20:31:36,430 [Datanode State Machine Thread - 0] INFO  ozoneimpl.OzoneContainer (OzoneContainer.java:start(213)) - Attempting to start container services.
2019-10-17 20:31:36,435 [Datanode State Machine Thread - 0] INFO  ozoneimpl.OzoneContainer (OzoneContainer.java:startContainerScrub(177)) - Background container scanner has been disabled.
2019-10-17 20:31:36,436 [Datanode State Machine Thread - 0] INFO  ratis.XceiverServerRatis (XceiverServerRatis.java:start(425)) - Starting XceiverServerRatis bdd1c484-1a92-4a2c-bc93-a7d8718d9bdc at port 0
2019-10-17 20:31:36,445 [Datanode State Machine Thread - 0] INFO  impl.RaftServerProxy (RaftServerProxy.java:lambda$start$3(299)) - bdd1c484-1a92-4a2c-bc93-a7d8718d9bdc: start RPC server
2019-10-17 20:31:36,537 [Datanode State Machine Thread - 0] INFO  server.GrpcService (GrpcService.java:startImpl(158)) - bdd1c484-1a92-4a2c-bc93-a7d8718d9bdc: GrpcService started, listening on 0.0.0.0/0.0.0.0:46574
2019-10-17 20:31:36,537 [Datanode State Machine Thread - 0] INFO  server.GrpcService (GrpcService.java:startImpl(158)) - 12dca792-6614-46e6-8fa8-e27f364a29d9: GrpcService started, listening on 0.0.0.0/0.0.0.0:45540
2019-10-17 20:31:36,537 [Datanode State Machine Thread - 0] INFO  server.GrpcService (GrpcService.java:startImpl(158)) - 840dadcc-bbff-4158-865b-0f258f3c1721: GrpcService started, listening on 0.0.0.0/0.0.0.0:46061
2019-10-17 20:31:36,538 [Datanode State Machine Thread - 0] INFO  ratis.XceiverServerRatis (XceiverServerRatis.java:start(435)) - XceiverServerRatis 12dca792-6614-46e6-8fa8-e27f364a29d9 is started using port 45540
2019-10-17 20:31:36,538 [Datanode State Machine Thread - 0] INFO  ratis.XceiverServerRatis (XceiverServerRatis.java:start(435)) - XceiverServerRatis bdd1c484-1a92-4a2c-bc93-a7d8718d9bdc is started using port 46574
2019-10-17 20:31:36,538 [Datanode State Machine Thread - 0] INFO  ratis.XceiverServerRatis (XceiverServerRatis.java:start(435)) - XceiverServerRatis 840dadcc-bbff-4158-865b-0f258f3c1721 is started using port 46061
2019-10-17 20:31:36,543 [Datanode State Machine Thread - 0] INFO  server.XceiverServerGrpc (XceiverServerGrpc.java:start(149)) - XceiverServerGrpc 840dadcc-bbff-4158-865b-0f258f3c1721 is started using port 39323
2019-10-17 20:31:36,543 [Datanode State Machine Thread - 0] INFO  server.XceiverServerGrpc (XceiverServerGrpc.java:start(149)) - XceiverServerGrpc 12dca792-6614-46e6-8fa8-e27f364a29d9 is started using port 46039
2019-10-17 20:31:36,543 [Datanode State Machine Thread - 0] INFO  server.XceiverServerGrpc (XceiverServerGrpc.java:start(149)) - XceiverServerGrpc bdd1c484-1a92-4a2c-bc93-a7d8718d9bdc is started using port 36504
2019-10-17 20:31:37,403 [main] INFO  ozone.MiniOzoneClusterImpl (MiniOzoneClusterImpl.java:lambda$waitForClusterToBeReady$2(172)) - Waiting for cluster to be ready. Got 0 of 3 DN Heartbeats.
2019-10-17 20:31:38,278 [IPC Server handler 1 on 39781] INFO  net.NetworkTopology (NetworkTopologyImpl.java:add(111)) - Added a new node: /default-rack/840dadcc-bbff-4158-865b-0f258f3c1721
2019-10-17 20:31:38,279 [IPC Server handler 1 on 39781] INFO  node.SCMNodeManager (SCMNodeManager.java:register(268)) - Registered Data node : 840dadcc-bbff-4158-865b-0f258f3c1721{ip: 192.168.164.201, host: pr-hdds-1868-s6sc9-3720172378, networkLocation: /default-rack, certSerialId: null}
2019-10-17 20:31:38,282 [EventQueue-NodeRegistrationContainerReportForDataNodeSafeModeRule] INFO  safemode.SCMSafeModeManager (DataNodeSafeModeRule.java:process(71)) - SCM in safe mode. 1 DataNodes registered, 1 required.
2019-10-17 20:31:38,282 [EventQueue-NodeRegistrationContainerReportForContainerSafeModeRule] INFO  safemode.SCMSafeModeManager (SCMSafeModeManager.java:validateSafeModeExitRules(177)) - ScmSafeModeManager, all rules are successfully validated
2019-10-17 20:31:38,282 [EventQueue-NodeRegistrationContainerReportForContainerSafeModeRule] INFO  safemode.SCMSafeModeManager (SCMSafeModeManager.java:exitSafeMode(193)) - SCM exiting safe mode.
2019-10-17 20:31:38,318 [IPC Server handler 0 on 39781] INFO  net.NetworkTopology (NetworkTopologyImpl.java:add(111)) - Added a new node: /default-rack/12dca792-6614-46e6-8fa8-e27f364a29d9
2019-10-17 20:31:38,319 [IPC Server handler 0 on 39781] INFO  node.SCMNodeManager (SCMNodeManager.java:register(268)) - Registered Data node : 12dca792-6614-46e6-8fa8-e27f364a29d9{ip: 192.168.164.201, host: pr-hdds-1868-s6sc9-3720172378, networkLocation: /default-rack, certSerialId: null}
2019-10-17 20:31:38,406 [IPC Server handler 3 on 39781] INFO  net.NetworkTopology (NetworkTopologyImpl.java:add(111)) - Added a new node: /default-rack/bdd1c484-1a92-4a2c-bc93-a7d8718d9bdc
2019-10-17 20:31:38,406 [IPC Server handler 3 on 39781] INFO  node.SCMNodeManager (SCMNodeManager.java:register(268)) - Registered Data node : bdd1c484-1a92-4a2c-bc93-a7d8718d9bdc{ip: 192.168.164.201, host: pr-hdds-1868-s6sc9-3720172378, networkLocation: /default-rack, certSerialId: null}
2019-10-17 20:31:38,730 [grpc-default-executor-0] INFO  impl.RaftServerProxy (RaftServerProxy.java:addNew(89)) - 840dadcc-bbff-4158-865b-0f258f3c1721: addNew group-4B84F5AFBCFB:[840dadcc-bbff-4158-865b-0f258f3c1721:192.168.164.201:46061] returns group-4B84F5AFBCFB:java.util.concurrent.CompletableFuture@658e11bf[Not completed]
2019-10-17 20:31:38,744 [pool-27-thread-1] INFO  impl.RaftServerImpl (RaftServerImpl.java:<init>(104)) - 840dadcc-bbff-4158-865b-0f258f3c1721: new RaftServerImpl for group-4B84F5AFBCFB:[840dadcc-bbff-4158-865b-0f258f3c1721:192.168.164.201:46061] with ContainerStateMachine:uninitialized
2019-10-17 20:31:38,747 [pool-27-thread-1] INFO  server.RaftServerConfigKeys (ConfUtils.java:logGet(43)) - raft.server.rpc.timeout.min = 5s (custom)
2019-10-17 20:31:38,748 [pool-27-thread-1] INFO  server.RaftServerConfigKeys (ConfUtils.java:logGet(43)) - raft.server.rpc.timeout.max = 5200ms (custom)
2019-10-17 20:31:38,748 [pool-27-thread-1] INFO  server.RaftServerConfigKeys (ConfUtils.java:logGet(43)) - raft.server.rpcslowness.timeout = 120s (custom)
2019-10-17 20:31:38,749 [pool-27-thread-1] INFO  server.RaftServerConfigKeys (ConfUtils.java:logGet(43)) - raft.server.sleep.deviation.threshold = 300 (default)
2019-10-17 20:31:38,750 [pool-27-thread-1] INFO  server.RaftServerConfigKeys (ConfUtils.java:logGet(43)) - raft.server.log.appender.install.snapshot.enabled = false (custom)
2019-10-17 20:31:38,758 [pool-27-thread-1] INFO  impl.RaftServerImpl (ServerState.java:<init>(103)) - 840dadcc-bbff-4158-865b-0f258f3c1721@group-4B84F5AFBCFB: ConfigurationManager, init=-1: [840dadcc-bbff-4158-865b-0f258f3c1721:192.168.164.201:46061], old=null, confs=<EMPTY_MAP>
2019-10-17 20:31:38,759 [pool-27-thread-1] INFO  server.RaftServerConfigKeys (ConfUtils.java:logGet(43)) - raft.server.storage.dir = [/workdir/hadoop-ozone/tools/target/test-dir/MiniOzoneClusterImpl-4067a7c1-930e-4438-9b9c-131754719370/datanode-0/data/ratis] (custom)
2019-10-17 20:31:38,766 [pool-27-thread-1] INFO  server.RaftServerConfigKeys (ConfUtils.java:logGet(43)) - raft.server.log.corruption.policy = EXCEPTION (default)
2019-10-17 20:31:38,768 [pool-27-thread-1] INFO  storage.RaftStorageDirectory (RaftStorageDirectory.java:analyzeStorage(246)) - The storage directory /workdir/hadoop-ozone/tools/target/test-dir/MiniOzoneClusterImpl-4067a7c1-930e-4438-9b9c-131754719370/datanode-0/data/ratis/da34a644-4e3e-4cb8-af80-4b84f5afbcfb does not exist. Creating ...
2019-10-17 20:31:38,795 [pool-27-thread-1] INFO  storage.RaftStorageDirectory (RaftStorageDirectory.java:tryLock(328)) - Lock on /workdir/hadoop-ozone/tools/target/test-dir/MiniOzoneClusterImpl-4067a7c1-930e-4438-9b9c-131754719370/datanode-0/data/ratis/da34a644-4e3e-4cb8-af80-4b84f5afbcfb/in_use.lock acquired by nodename 9461@pr-hdds-1868-s6sc9-3720172378
2019-10-17 20:31:38,822 [pool-27-thread-1] INFO  storage.RaftStorage (RaftStorage.java:format(84)) - Storage directory /workdir/hadoop-ozone/tools/target/test-dir/MiniOzoneClusterImpl-4067a7c1-930e-4438-9b9c-131754719370/datanode-0/data/ratis/da34a644-4e3e-4cb8-af80-4b84f5afbcfb has been successfully formatted.
2019-10-17 20:31:38,825 [pool-27-thread-1] INFO  ratis.ContainerStateMachine (ContainerStateMachine.java:loadSnapshot(233)) - group-4B84F5AFBCFB: The snapshot info is null. Setting the last applied indexto:(t:0, i:~)
2019-10-17 20:31:38,825 [pool-27-thread-1] INFO  server.RaftServerConfigKeys (ConfUtils.java:logGet(43)) - raft.server.notification.no-leader.timeout = 120s (custom)
2019-10-17 20:31:38,828 [pool-27-thread-1] INFO  server.RaftServerConfigKeys (ConfUtils.java:logGet(43)) - raft.server.log.use.memory = false (default)
2019-10-17 20:31:38,835 [pool-27-thread-1] INFO  server.RaftServerConfigKeys (ConfUtils.java:logGet(43)) - raft.server.log.purge.gap = 1000000 (custom)
2019-10-17 20:31:38,835 [pool-27-thread-1] INFO  server.RaftServerConfigKeys (ConfUtils.java:logGet(43)) - raft.server.log.appender.buffer.byte-limit = 33554432 (custom)
2019-10-17 20:31:38,838 [pool-27-thread-1] INFO  server.RaftServerConfigKeys (ConfUtils.java:logGet(43)) - raft.server.log.segment.size.max = 1048576 (custom)
2019-10-17 20:31:38,840 [pool-27-thread-1] INFO  impl.MetricsSystemImpl (MetricsSystemImpl.java:init(158)) - ratis metrics system started (again)
2019-10-17 20:31:38,845 [pool-27-thread-1] INFO  metrics.MetricRegistries (MetricRegistriesLoader.java:load(64)) - Loaded MetricRegistries class org.apache.ratis.metrics.impl.MetricRegistriesImpl
2019-10-17 20:31:38,888 [pool-27-thread-1] INFO  server.RaftServerConfigKeys (ConfUtils.java:logGet(43)) - raft.server.log.segment.cache.num.max = 2 (custom)
2019-10-17 20:31:38,893 [pool-27-thread-1] INFO  segmented.SegmentedRaftLogWorker (SegmentedRaftLogWorker.java:<init>(173)) - new 840dadcc-bbff-4158-865b-0f258f3c1721@group-4B84F5AFBCFB-SegmentedRaftLogWorker for RaftStorage:Storage Directory /workdir/hadoop-ozone/tools/target/test-dir/MiniOzoneClusterImpl-4067a7c1-930e-4438-9b9c-131754719370/datanode-0/data/ratis/da34a644-4e3e-4cb8-af80-4b84f5afbcfb
2019-10-17 20:31:38,894 [pool-27-thread-1] INFO  server.RaftServerConfigKeys (ConfUtils.java:logGet(43)) - raft.server.log.queue.byte-limit = 2147483647 (custom)
2019-10-17 20:31:38,894 [pool-27-thread-1] INFO  server.RaftServerConfigKeys (ConfUtils.java:logGet(43)) - raft.server.log.queue.element-limit = 1024 (custom)
2019-10-17 20:31:38,895 [pool-27-thread-1] INFO  server.RaftServerConfigKeys (ConfUtils.java:logGet(43)) - raft.server.log.segment.size.max = 1048576 (custom)
2019-10-17 20:31:38,896 [pool-27-thread-1] INFO  server.RaftServerConfigKeys (ConfUtils.java:logGet(43)) - raft.server.log.preallocated.size = 16384 (custom)
2019-10-17 20:31:38,896 [pool-27-thread-1] INFO  server.RaftServerConfigKeys (ConfUtils.java:logGet(43)) - raft.server.log.write.buffer.size = 33554432 (custom)
2019-10-17 20:31:38,897 [pool-27-thread-1] INFO  server.RaftServerConfigKeys (ConfUtils.java:logGet(43)) - raft.server.log.force.sync.num = 128 (default)
2019-10-17 20:31:38,898 [pool-27-thread-1] INFO  server.RaftServerConfigKeys (ConfUtils.java:logGet(43)) - raft.server.log.statemachine.data.sync = true (default)
2019-10-17 20:31:38,898 [pool-27-thread-1] INFO  server.RaftServerConfigKeys (ConfUtils.java:logGet(43)) - raft.server.log.statemachine.data.sync.timeout = 10s (default)
2019-10-17 20:31:38,899 [pool-27-thread-1] INFO  server.RaftServerConfigKeys (ConfUtils.java:logGet(43)) - raft.server.log.statemachine.data.sync.timeout.retry = -1 (default)
2019-10-17 20:31:38,912 [pool-27-thread-1] INFO  server.RaftServerConfigKeys (ConfUtils.java:logGet(43)) - raft.server.log.statemachine.data.caching.enabled = true (custom)
2019-10-17 20:31:38,916 [pool-27-thread-1] INFO  segmented.SegmentedRaftLogWorker (SegmentedRaftLogWorker.java:lambda$new$0(128)) - 840dadcc-bbff-4158-865b-0f258f3c1721@group-4B84F5AFBCFB-SegmentedRaftLogWorker: flushIndex: setUnconditionally 0 -> -1
2019-10-17 20:31:38,920 [pool-27-thread-1] INFO  server.RaftServerConfigKeys (ConfUtils.java:logGet(43)) - raft.server.snapshot.auto.trigger.enabled = true (custom)
2019-10-17 20:31:38,921 [pool-27-thread-1] INFO  server.RaftServerConfigKeys (ConfUtils.java:logGet(43)) - raft.server.snapshot.auto.trigger.threshold = 10000 (custom)
2019-10-17 20:31:38,921 [pool-27-thread-1] INFO  server.RaftServerConfigKeys (ConfUtils.java:logGet(43)) - raft.server.snapshot.retention.file.num = 5 (custom)
2019-10-17 20:31:38,922 [pool-27-thread-1] INFO  server.RaftServerConfigKeys (ConfUtils.java:logGet(43)) - raft.server.retrycache.expirytime = 600000ms (custom)
2019-10-17 20:31:38,948 [pool-27-thread-1] INFO  impl.RaftServerImpl (RaftServerImpl.java:start(195)) - 840dadcc-bbff-4158-865b-0f258f3c1721@group-4B84F5AFBCFB: start as a follower, conf=-1: [840dadcc-bbff-4158-865b-0f258f3c1721:192.168.164.201:46061], old=null
2019-10-17 20:31:38,949 [pool-27-thread-1] INFO  impl.RaftServerImpl (RaftServerImpl.java:setRole(184)) - 840dadcc-bbff-4158-865b-0f258f3c1721@group-4B84F5AFBCFB: changes role from      null to FOLLOWER at term 0 for startAsFollower
2019-10-17 20:31:38,950 [pool-27-thread-1] INFO  impl.RoleInfo (RoleInfo.java:updateAndGet(143)) - 840dadcc-bbff-4158-865b-0f258f3c1721: start FollowerState
2019-10-17 20:31:38,951 [pool-27-thread-1] INFO  util.JmxRegister (JmxRegister.java:tryRegister(44)) - Successfully registered JMX Bean with object name Ratis:service=RaftServer,group=group-4B84F5AFBCFB,id=840dadcc-bbff-4158-865b-0f258f3c1721
2019-10-17 20:31:39,021 [RatisPipelineUtilsThread] INFO  pipeline.PipelineStateManager (PipelineStateManager.java:addPipeline(55)) - Created pipeline Pipeline[ Id: da34a644-4e3e-4cb8-af80-4b84f5afbcfb, Nodes: 840dadcc-bbff-4158-865b-0f258f3c1721{ip: 192.168.164.201, host: pr-hdds-1868-s6sc9-3720172378, networkLocation: /default-rack, certSerialId: null}, Type:RATIS, Factor:ONE, State:ALLOCATED]
2019-10-17 20:31:39,041 [grpc-default-executor-0] INFO  impl.RaftServerProxy (RaftServerProxy.java:addNew(89)) - bdd1c484-1a92-4a2c-bc93-a7d8718d9bdc: addNew group-5C47B5667DB3:[bdd1c484-1a92-4a2c-bc93-a7d8718d9bdc:192.168.164.201:46574] returns group-5C47B5667DB3:java.util.concurrent.CompletableFuture@661221fd[Not completed]
2019-10-17 20:31:39,063 [pool-47-thread-1] INFO  impl.RaftServerImpl (RaftServerImpl.java:<init>(104)) - bdd1c484-1a92-4a2c-bc93-a7d8718d9bdc: new RaftServerImpl for group-5C47B5667DB3:[bdd1c484-1a92-4a2c-bc93-a7d8718d9bdc:192.168.164.201:46574] with ContainerStateMachine:uninitialized
2019-10-17 20:31:39,064 [pool-47-thread-1] INFO  server.RaftServerConfigKeys (ConfUtils.java:logGet(43)) - raft.server.rpc.timeout.min = 5s (custom)
2019-10-17 20:31:39,064 [pool-47-thread-1] INFO  server.RaftServerConfigKeys (ConfUtils.java:logGet(43)) - raft.server.rpc.timeout.max = 5200ms (custom)
2019-10-17 20:31:39,065 [pool-47-thread-1] INFO  server.RaftServerConfigKeys (ConfUtils.java:logGet(43)) - raft.server.rpcslowness.timeout = 120s (custom)
2019-10-17 20:31:39,065 [pool-47-thread-1] INFO  server.RaftServerConfigKeys (ConfUtils.java:logGet(43)) - raft.server.sleep.deviation.threshold = 300 (default)
2019-10-17 20:31:39,065 [pool-47-thread-1] INFO  server.RaftServerConfigKeys (ConfUtils.java:logGet(43)) - raft.server.log.appender.install.snapshot.enabled = false (custom)
2019-10-17 20:31:39,065 [pool-47-thread-1] INFO  impl.RaftServerImpl (ServerState.java:<init>(103)) - bdd1c484-1a92-4a2c-bc93-a7d8718d9bdc@group-5C47B5667DB3: ConfigurationManager, init=-1: [bdd1c484-1a92-4a2c-bc93-a7d8718d9bdc:192.168.164.201:46574], old=null, confs=<EMPTY_MAP>
2019-10-17 20:31:39,065 [pool-47-thread-1] INFO  server.RaftServerConfigKeys (ConfUtils.java:logGet(43)) - raft.server.storage.dir = [/workdir/hadoop-ozone/tools/target/test-dir/MiniOzoneClusterImpl-4067a7c1-930e-4438-9b9c-131754719370/datanode-2/data/ratis] (custom)
2019-10-17 20:31:39,065 [pool-47-thread-1] INFO  server.RaftServerConfigKeys (ConfUtils.java:logGet(43)) - raft.server.log.corruption.policy = EXCEPTION (default)
2019-10-17 20:31:39,066 [pool-47-thread-1] INFO  storage.RaftStorageDirectory (RaftStorageDirectory.java:analyzeStorage(246)) - The storage directory /workdir/hadoop-ozone/tools/target/test-dir/MiniOzoneClusterImpl-4067a7c1-930e-4438-9b9c-131754719370/datanode-2/data/ratis/7613471d-66aa-45a7-add9-5c47b5667db3 does not exist. Creating ...
2019-10-17 20:31:39,081 [pool-47-thread-1] INFO  storage.RaftStorageDirectory (RaftStorageDirectory.java:tryLock(328)) - Lock on /workdir/hadoop-ozone/tools/target/test-dir/MiniOzoneClusterImpl-4067a7c1-930e-4438-9b9c-131754719370/datanode-2/data/ratis/7613471d-66aa-45a7-add9-5c47b5667db3/in_use.lock acquired by nodename 9461@pr-hdds-1868-s6sc9-3720172378
2019-10-17 20:31:39,086 [Thread-180] INFO  impl.FollowerState (FollowerState.java:run(108)) - 840dadcc-bbff-4158-865b-0f258f3c1721@group-4B84F5AFBCFB-FollowerState: change to CANDIDATE, lastRpcTime:136ms, electionTimeout:135ms
2019-10-17 20:31:39,089 [Thread-180] INFO  impl.RoleInfo (RoleInfo.java:shutdownFollowerState(121)) - 840dadcc-bbff-4158-865b-0f258f3c1721: shutdown FollowerState
2019-10-17 20:31:39,090 [Thread-180] INFO  impl.RaftServerImpl (RaftServerImpl.java:setRole(184)) - 840dadcc-bbff-4158-865b-0f258f3c1721@group-4B84F5AFBCFB: changes role from  FOLLOWER to CANDIDATE at term 0 for changeToCandidate
2019-10-17 20:31:39,095 [Thread-180] INFO  impl.RoleInfo (RoleInfo.java:updateAndGet(143)) - 840dadcc-bbff-4158-865b-0f258f3c1721: start LeaderElection
2019-10-17 20:31:39,104 [pool-47-thread-1] INFO  storage.RaftStorage (RaftStorage.java:format(84)) - Storage directory /workdir/hadoop-ozone/tools/target/test-dir/MiniOzoneClusterImpl-4067a7c1-930e-4438-9b9c-131754719370/datanode-2/data/ratis/7613471d-66aa-45a7-add9-5c47b5667db3 has been successfully formatted.
2019-10-17 20:31:39,105 [pool-47-thread-1] INFO  ratis.ContainerStateMachine (ContainerStateMachine.java:loadSnapshot(233)) - group-5C47B5667DB3: The snapshot info is null. Setting the last applied indexto:(t:0, i:~)
2019-10-17 20:31:39,106 [pool-47-thread-1] INFO  server.RaftServerConfigKeys (ConfUtils.java:logGet(43)) - raft.server.notification.no-leader.timeout = 120s (custom)
2019-10-17 20:31:39,106 [pool-47-thread-1] INFO  server.RaftServerConfigKeys (ConfUtils.java:logGet(43)) - raft.server.log.use.memory = false (default)
2019-10-17 20:31:39,107 [pool-47-thread-1] INFO  server.RaftServerConfigKeys (ConfUtils.java:logGet(43)) - raft.server.log.purge.gap = 1000000 (custom)
2019-10-17 20:31:39,107 [pool-47-thread-1] INFO  server.RaftServerConfigKeys (ConfUtils.java:logGet(43)) - raft.server.log.appender.buffer.byte-limit = 33554432 (custom)
2019-10-17 20:31:39,107 [pool-47-thread-1] INFO  server.RaftServerConfigKeys (ConfUtils.java:logGet(43)) - raft.server.log.segment.size.max = 1048576 (custom)
2019-10-17 20:31:39,113 [pool-47-thread-1] INFO  server.RaftServerConfigKeys (ConfUtils.java:logGet(43)) - raft.server.log.segment.cache.num.max = 2 (custom)
2019-10-17 20:31:39,113 [pool-47-thread-1] INFO  segmented.SegmentedRaftLogWorker (SegmentedRaftLogWorker.java:<init>(173)) - new bdd1c484-1a92-4a2c-bc93-a7d8718d9bdc@group-5C47B5667DB3-SegmentedRaftLogWorker for RaftStorage:Storage Directory /workdir/hadoop-ozone/tools/target/test-dir/MiniOzoneClusterImpl-4067a7c1-930e-4438-9b9c-131754719370/datanode-2/data/ratis/7613471d-66aa-45a7-add9-5c47b5667db3
2019-10-17 20:31:39,114 [pool-47-thread-1] INFO  server.RaftServerConfigKeys (ConfUtils.java:logGet(43)) - raft.server.log.queue.byte-limit = 2147483647 (custom)
2019-10-17 20:31:39,114 [pool-47-thread-1] INFO  server.RaftServerConfigKeys (ConfUtils.java:logGet(43)) - raft.server.log.queue.element-limit = 1024 (custom)
2019-10-17 20:31:39,114 [pool-47-thread-1] INFO  server.RaftServerConfigKeys (ConfUtils.java:logGet(43)) - raft.server.log.segment.size.max = 1048576 (custom)
2019-10-17 20:31:39,115 [pool-47-thread-1] INFO  server.RaftServerConfigKeys (ConfUtils.java:logGet(43)) - raft.server.log.preallocated.size = 16384 (custom)
2019-10-17 20:31:39,115 [pool-47-thread-1] INFO  server.RaftServerConfigKeys (ConfUtils.java:logGet(43)) - raft.server.log.write.buffer.size = 33554432 (custom)
2019-10-17 20:31:39,115 [pool-47-thread-1] INFO  server.RaftServerConfigKeys (ConfUtils.java:logGet(43)) - raft.server.log.force.sync.num = 128 (default)
2019-10-17 20:31:39,115 [pool-47-thread-1] INFO  server.RaftServerConfigKeys (ConfUtils.java:logGet(43)) - raft.server.log.statemachine.data.sync = true (default)
2019-10-17 20:31:39,116 [pool-47-thread-1] INFO  server.RaftServerConfigKeys (ConfUtils.java:logGet(43)) - raft.server.log.statemachine.data.sync.timeout = 10s (default)
2019-10-17 20:31:39,116 [pool-47-thread-1] INFO  server.RaftServerConfigKeys (ConfUtils.java:logGet(43)) - raft.server.log.statemachine.data.sync.timeout.retry = -1 (default)
2019-10-17 20:31:39,117 [pool-47-thread-1] INFO  server.RaftServerConfigKeys (ConfUtils.java:logGet(43)) - raft.server.log.statemachine.data.caching.enabled = true (custom)
2019-10-17 20:31:39,126 [pool-47-thread-1] INFO  segmented.SegmentedRaftLogWorker (SegmentedRaftLogWorker.java:lambda$new$0(128)) - bdd1c484-1a92-4a2c-bc93-a7d8718d9bdc@group-5C47B5667DB3-SegmentedRaftLogWorker: flushIndex: setUnconditionally 0 -> -1
2019-10-17 20:31:39,127 [pool-47-thread-1] INFO  server.RaftServerConfigKeys (ConfUtils.java:logGet(43)) - raft.server.snapshot.auto.trigger.enabled = true (custom)
2019-10-17 20:31:39,127 [840dadcc-bbff-4158-865b-0f258f3c1721@group-4B84F5AFBCFB-LeaderElection1] INFO  impl.LeaderElection (LeaderElection.java:askForVotes(178)) - 840dadcc-bbff-4158-865b-0f258f3c1721@group-4B84F5AFBCFB-LeaderElection1: begin an election at term 1 for -1: [840dadcc-bbff-4158-865b-0f258f3c1721:192.168.164.201:46061], old=null
2019-10-17 20:31:39,127 [pool-47-thread-1] INFO  server.RaftServerConfigKeys (ConfUtils.java:logGet(43)) - raft.server.snapshot.auto.trigger.threshold = 10000 (custom)
2019-10-17 20:31:39,127 [pool-47-thread-1] INFO  server.RaftServerConfigKeys (ConfUtils.java:logGet(43)) - raft.server.snapshot.retention.file.num = 5 (custom)
2019-10-17 20:31:39,128 [pool-47-thread-1] INFO  server.RaftServerConfigKeys (ConfUtils.java:logGet(43)) - raft.server.retrycache.expirytime = 600000ms (custom)
2019-10-17 20:31:39,129 [840dadcc-bbff-4158-865b-0f258f3c1721@group-4B84F5AFBCFB-LeaderElection1] INFO  impl.RoleInfo (RoleInfo.java:shutdownLeaderElection(134)) - 840dadcc-bbff-4158-865b-0f258f3c1721: shutdown LeaderElection
2019-10-17 20:31:39,129 [840dadcc-bbff-4158-865b-0f258f3c1721@group-4B84F5AFBCFB-LeaderElection1] INFO  impl.RaftServerImpl (RaftServerImpl.java:setRole(184)) - 840dadcc-bbff-4158-865b-0f258f3c1721@group-4B84F5AFBCFB: changes role from CANDIDATE to LEADER at term 1 for changeToLeader
2019-10-17 20:31:39,130 [840dadcc-bbff-4158-865b-0f258f3c1721@group-4B84F5AFBCFB-LeaderElection1] INFO  ratis.XceiverServerRatis (XceiverServerRatis.java:handleLeaderChangedNotification(700)) - Leader change notification received for group: group-4B84F5AFBCFB with new leaderId: 840dadcc-bbff-4158-865b-0f258f3c1721
2019-10-17 20:31:39,133 [840dadcc-bbff-4158-865b-0f258f3c1721@group-4B84F5AFBCFB-LeaderElection1] INFO  impl.RaftServerImpl (ServerState.java:setLeader(256)) - 840dadcc-bbff-4158-865b-0f258f3c1721@group-4B84F5AFBCFB: change Leader from null to 840dadcc-bbff-4158-865b-0f258f3c1721 at term 1 for becomeLeader, leader elected after 304ms
2019-10-17 20:31:39,139 [pool-47-thread-1] INFO  impl.RaftServerImpl (RaftServerImpl.java:start(195)) - bdd1c484-1a92-4a2c-bc93-a7d8718d9bdc@group-5C47B5667DB3: start as a follower, conf=-1: [bdd1c484-1a92-4a2c-bc93-a7d8718d9bdc:192.168.164.201:46574], old=null
2019-10-17 20:31:39,139 [pool-47-thread-1] INFO  impl.RaftServerImpl (RaftServerImpl.java:setRole(184)) - bdd1c484-1a92-4a2c-bc93-a7d8718d9bdc@group-5C47B5667DB3: changes role from      null to FOLLOWER at term 0 for startAsFollower
2019-10-17 20:31:39,139 [840dadcc-bbff-4158-865b-0f258f3c1721@group-4B84F5AFBCFB-LeaderElection1] INFO  server.RaftServerConfigKeys (ConfUtils.java:logGet(43)) - raft.server.staging.catchup.gap = 1000 (default)
2019-10-17 20:31:39,139 [pool-47-thread-1] INFO  impl.RoleInfo (RoleInfo.java:updateAndGet(143)) - bdd1c484-1a92-4a2c-bc93-a7d8718d9bdc: start FollowerState
2019-10-17 20:31:39,139 [840dadcc-bbff-4158-865b-0f258f3c1721@group-4B84F5AFBCFB-LeaderElection1] INFO  server.RaftServerConfigKeys (ConfUtils.java:logGet(43)) - raft.server.rpc.sleep.time = 25ms (default)
2019-10-17 20:31:39,140 [pool-47-thread-1] INFO  util.JmxRegister (JmxRegister.java:tryRegister(44)) - Successfully registered JMX Bean with object name Ratis:service=RaftServer,group=group-5C47B5667DB3,id=bdd1c484-1a92-4a2c-bc93-a7d8718d9bdc
2019-10-17 20:31:39,147 [840dadcc-bbff-4158-865b-0f258f3c1721@group-4B84F5AFBCFB-LeaderElection1] INFO  server.RaftServerConfigKeys (ConfUtils.java:logGet(43)) - raft.server.write.element-limit = 4096 (default)
2019-10-17 20:31:39,150 [840dadcc-bbff-4158-865b-0f258f3c1721@group-4B84F5AFBCFB-LeaderElection1] INFO  server.RaftServerConfigKeys (ConfUtils.java:logGet(43)) - raft.server.watch.timeout = 10s (default)
2019-10-17 20:31:39,150 [840dadcc-bbff-4158-865b-0f258f3c1721@group-4B84F5AFBCFB-LeaderElection1] INFO  server.RaftServerConfigKeys (ConfUtils.java:logGet(43)) - raft.server.watch.timeout.denomination = 1s (default)
2019-10-17 20:31:39,153 [840dadcc-bbff-4158-865b-0f258f3c1721@group-4B84F5AFBCFB-LeaderElection1] INFO  server.RaftServerConfigKeys (ConfUtils.java:logGet(43)) - raft.server.watch.element-limit = 65536 (default)
2019-10-17 20:31:39,161 [RatisPipelineUtilsThread] INFO  pipeline.PipelineStateManager (PipelineStateManager.java:addPipeline(55)) - Created pipeline Pipeline[ Id: 7613471d-66aa-45a7-add9-5c47b5667db3, Nodes: bdd1c484-1a92-4a2c-bc93-a7d8718d9bdc{ip: 192.168.164.201, host: pr-hdds-1868-s6sc9-3720172378, networkLocation: /default-rack, certSerialId: null}, Type:RATIS, Factor:ONE, State:ALLOCATED]
2019-10-17 20:31:39,163 [Thread-184] INFO  impl.FollowerState (FollowerState.java:run(108)) - bdd1c484-1a92-4a2c-bc93-a7d8718d9bdc@group-5C47B5667DB3-FollowerState: change to CANDIDATE, lastRpcTime:23ms, electionTimeout:23ms
2019-10-17 20:31:39,174 [Thread-184] INFO  impl.RoleInfo (RoleInfo.java:shutdownFollowerState(121)) - bdd1c484-1a92-4a2c-bc93-a7d8718d9bdc: shutdown FollowerState
2019-10-17 20:31:39,176 [Thread-184] INFO  impl.RaftServerImpl (RaftServerImpl.java:setRole(184)) - bdd1c484-1a92-4a2c-bc93-a7d8718d9bdc@group-5C47B5667DB3: changes role from  FOLLOWER to CANDIDATE at term 0 for changeToCandidate
2019-10-17 20:31:39,178 [Thread-184] INFO  impl.RoleInfo (RoleInfo.java:updateAndGet(143)) - bdd1c484-1a92-4a2c-bc93-a7d8718d9bdc: start LeaderElection
2019-10-17 20:31:39,211 [bdd1c484-1a92-4a2c-bc93-a7d8718d9bdc@group-5C47B5667DB3-LeaderElection2] INFO  impl.LeaderElection (LeaderElection.java:askForVotes(178)) - bdd1c484-1a92-4a2c-bc93-a7d8718d9bdc@group-5C47B5667DB3-LeaderElection2: begin an election at term 1 for -1: [bdd1c484-1a92-4a2c-bc93-a7d8718d9bdc:192.168.164.201:46574], old=null
2019-10-17 20:31:39,213 [grpc-default-executor-0] INFO  impl.RaftServerProxy (RaftServerProxy.java:addNew(89)) - 12dca792-6614-46e6-8fa8-e27f364a29d9: addNew group-955967E83F12:[12dca792-6614-46e6-8fa8-e27f364a29d9:192.168.164.201:45540] returns group-955967E83F12:java.util.concurrent.CompletableFuture@18b96e7[Not completed]
2019-10-17 20:31:39,214 [bdd1c484-1a92-4a2c-bc93-a7d8718d9bdc@group-5C47B5667DB3-LeaderElection2] INFO  impl.RoleInfo (RoleInfo.java:shutdownLeaderElection(134)) - bdd1c484-1a92-4a2c-bc93-a7d8718d9bdc: shutdown LeaderElection
2019-10-17 20:31:39,214 [bdd1c484-1a92-4a2c-bc93-a7d8718d9bdc@group-5C47B5667DB3-LeaderElection2] INFO  impl.RaftServerImpl (RaftServerImpl.java:setRole(184)) - bdd1c484-1a92-4a2c-bc93-a7d8718d9bdc@group-5C47B5667DB3: changes role from CANDIDATE to LEADER at term 1 for changeToLeader
2019-10-17 20:31:39,215 [bdd1c484-1a92-4a2c-bc93-a7d8718d9bdc@group-5C47B5667DB3-LeaderElection2] INFO  ratis.XceiverServerRatis (XceiverServerRatis.java:handleLeaderChangedNotification(700)) - Leader change notification received for group: group-5C47B5667DB3 with new leaderId: bdd1c484-1a92-4a2c-bc93-a7d8718d9bdc
2019-10-17 20:31:39,215 [bdd1c484-1a92-4a2c-bc93-a7d8718d9bdc@group-5C47B5667DB3-LeaderElection2] INFO  impl.RaftServerImpl (ServerState.java:setLeader(256)) - bdd1c484-1a92-4a2c-bc93-a7d8718d9bdc@group-5C47B5667DB3: change Leader from null to bdd1c484-1a92-4a2c-bc93-a7d8718d9bdc at term 1 for becomeLeader, leader elected after 108ms
2019-10-17 20:31:39,215 [bdd1c484-1a92-4a2c-bc93-a7d8718d9bdc@group-5C47B5667DB3-LeaderElection2] INFO  server.RaftServerConfigKeys (ConfUtils.java:logGet(43)) - raft.server.staging.catchup.gap = 1000 (default)
2019-10-17 20:31:39,216 [bdd1c484-1a92-4a2c-bc93-a7d8718d9bdc@group-5C47B5667DB3-LeaderElection2] INFO  server.RaftServerConfigKeys (ConfUtils.java:logGet(43)) - raft.server.rpc.sleep.time = 25ms (default)
2019-10-17 20:31:39,217 [pool-37-thread-1] INFO  impl.RaftServerImpl (RaftServerImpl.java:<init>(104)) - 12dca792-6614-46e6-8fa8-e27f364a29d9: new RaftServerImpl for group-955967E83F12:[12dca792-6614-46e6-8fa8-e27f364a29d9:192.168.164.201:45540] with ContainerStateMachine:uninitialized
2019-10-17 20:31:39,217 [bdd1c484-1a92-4a2c-bc93-a7d8718d9bdc@group-5C47B5667DB3-LeaderElection2] INFO  server.RaftServerConfigKeys (ConfUtils.java:logGet(43)) - raft.server.write.element-limit = 4096 (default)
2019-10-17 20:31:39,219 [pool-37-thread-1] INFO  server.RaftServerConfigKeys (ConfUtils.java:logGet(43)) - raft.server.rpc.timeout.min = 5s (custom)
2019-10-17 20:31:39,220 [bdd1c484-1a92-4a2c-bc93-a7d8718d9bdc@group-5C47B5667DB3-LeaderElection2] INFO  server.RaftServerConfigKeys (ConfUtils.java:logGet(43)) - raft.server.watch.timeout = 10s (default)
2019-10-17 20:31:39,220 [pool-37-thread-1] INFO  server.RaftServerConfigKeys (ConfUtils.java:logGet(43)) - raft.server.rpc.timeout.max = 5200ms (custom)
2019-10-17 20:31:39,220 [bdd1c484-1a92-4a2c-bc93-a7d8718d9bdc@group-5C47B5667DB3-LeaderElection2] INFO  server.RaftServerConfigKeys (ConfUtils.java:logGet(43)) - raft.server.watch.timeout.denomination = 1s (default)
2019-10-17 20:31:39,220 [pool-37-thread-1] INFO  server.RaftServerConfigKeys (ConfUtils.java:logGet(43)) - raft.server.rpcslowness.timeout = 120s (custom)
2019-10-17 20:31:39,221 [bdd1c484-1a92-4a2c-bc93-a7d8718d9bdc@group-5C47B5667DB3-LeaderElection2] INFO  server.RaftServerConfigKeys (ConfUtils.java:logGet(43)) - raft.server.watch.element-limit = 65536 (default)
2019-10-17 20:31:39,221 [pool-37-thread-1] INFO  server.RaftServerConfigKeys (ConfUtils.java:logGet(43)) - raft.server.sleep.deviation.threshold = 300 (default)
2019-10-17 20:31:39,221 [pool-37-thread-1] INFO  server.RaftServerConfigKeys (ConfUtils.java:logGet(43)) - raft.server.log.appender.install.snapshot.enabled = false (custom)
2019-10-17 20:31:39,221 [pool-37-thread-1] INFO  impl.RaftServerImpl (ServerState.java:<init>(103)) - 12dca792-6614-46e6-8fa8-e27f364a29d9@group-955967E83F12: ConfigurationManager, init=-1: [12dca792-6614-46e6-8fa8-e27f364a29d9:192.168.164.201:45540], old=null, confs=<EMPTY_MAP>
2019-10-17 20:31:39,222 [840dadcc-bbff-4158-865b-0f258f3c1721@group-4B84F5AFBCFB-LeaderElection1] INFO  impl.RoleInfo (RoleInfo.java:updateAndGet(143)) - 840dadcc-bbff-4158-865b-0f258f3c1721: start LeaderState
2019-10-17 20:31:39,222 [pool-37-thread-1] INFO  server.RaftServerConfigKeys (ConfUtils.java:logGet(43)) - raft.server.storage.dir = [/workdir/hadoop-ozone/tools/target/test-dir/MiniOzoneClusterImpl-4067a7c1-930e-4438-9b9c-131754719370/datanode-1/data/ratis] (custom)
2019-10-17 20:31:39,222 [pool-37-thread-1] INFO  server.RaftServerConfigKeys (ConfUtils.java:logGet(43)) - raft.server.log.corruption.policy = EXCEPTION (default)
2019-10-17 20:31:39,223 [pool-37-thread-1] INFO  storage.RaftStorageDirectory (RaftStorageDirectory.java:analyzeStorage(246)) - The storage directory /workdir/hadoop-ozone/tools/target/test-dir/MiniOzoneClusterImpl-4067a7c1-930e-4438-9b9c-131754719370/datanode-1/data/ratis/571b076a-597f-4539-bb54-955967e83f12 does not exist. Creating ...
2019-10-17 20:31:39,224 [bdd1c484-1a92-4a2c-bc93-a7d8718d9bdc@group-5C47B5667DB3-LeaderElection2] INFO  impl.RoleInfo (RoleInfo.java:updateAndGet(143)) - bdd1c484-1a92-4a2c-bc93-a7d8718d9bdc: start LeaderState
2019-10-17 20:31:39,242 [bdd1c484-1a92-4a2c-bc93-a7d8718d9bdc@group-5C47B5667DB3-LeaderElection2] INFO  segmented.SegmentedRaftLogWorker (SegmentedRaftLogWorker.java:startLogSegment(385)) - bdd1c484-1a92-4a2c-bc93-a7d8718d9bdc@group-5C47B5667DB3-SegmentedRaftLogWorker: Starting segment from index:0
2019-10-17 20:31:39,242 [840dadcc-bbff-4158-865b-0f258f3c1721@group-4B84F5AFBCFB-LeaderElection1] INFO  segmented.SegmentedRaftLogWorker (SegmentedRaftLogWorker.java:startLogSegment(385)) - 840dadcc-bbff-4158-865b-0f258f3c1721@group-4B84F5AFBCFB-SegmentedRaftLogWorker: Starting segment from index:0
2019-10-17 20:31:39,255 [pool-37-thread-1] INFO  storage.RaftStorageDirectory (RaftStorageDirectory.java:tryLock(328)) - Lock on /workdir/hadoop-ozone/tools/target/test-dir/MiniOzoneClusterImpl-4067a7c1-930e-4438-9b9c-131754719370/datanode-1/data/ratis/571b076a-597f-4539-bb54-955967e83f12/in_use.lock acquired by nodename 9461@pr-hdds-1868-s6sc9-3720172378
2019-10-17 20:31:39,255 [840dadcc-bbff-4158-865b-0f258f3c1721@group-4B84F5AFBCFB-LeaderElection1] INFO  impl.RaftServerImpl (ServerState.java:setRaftConf(357)) - 840dadcc-bbff-4158-865b-0f258f3c1721@group-4B84F5AFBCFB: set configuration 0: [840dadcc-bbff-4158-865b-0f258f3c1721:192.168.164.201:46061], old=null at 0
2019-10-17 20:31:39,255 [bdd1c484-1a92-4a2c-bc93-a7d8718d9bdc@group-5C47B5667DB3-LeaderElection2] INFO  impl.RaftServerImpl (ServerState.java:setRaftConf(357)) - bdd1c484-1a92-4a2c-bc93-a7d8718d9bdc@group-5C47B5667DB3: set configuration 0: [bdd1c484-1a92-4a2c-bc93-a7d8718d9bdc:192.168.164.201:46574], old=null at 0
2019-10-17 20:31:39,280 [pool-37-thread-1] INFO  storage.RaftStorage (RaftStorage.java:format(84)) - Storage directory /workdir/hadoop-ozone/tools/target/test-dir/MiniOzoneClusterImpl-4067a7c1-930e-4438-9b9c-131754719370/datanode-1/data/ratis/571b076a-597f-4539-bb54-955967e83f12 has been successfully formatted.
2019-10-17 20:31:39,281 [pool-37-thread-1] INFO  ratis.ContainerStateMachine (ContainerStateMachine.java:loadSnapshot(233)) - group-955967E83F12: The snapshot info is null. Setting the last applied indexto:(t:0, i:~)
2019-10-17 20:31:39,281 [pool-37-thread-1] INFO  server.RaftServerConfigKeys (ConfUtils.java:logGet(43)) - raft.server.notification.no-leader.timeout = 120s (custom)
2019-10-17 20:31:39,281 [pool-37-thread-1] INFO  server.RaftServerConfigKeys (ConfUtils.java:logGet(43)) - raft.server.log.use.memory = false (default)
2019-10-17 20:31:39,281 [pool-37-thread-1] INFO  server.RaftServerConfigKeys (ConfUtils.java:logGet(43)) - raft.server.log.purge.gap = 1000000 (custom)
2019-10-17 20:31:39,281 [pool-37-thread-1] INFO  server.RaftServerConfigKeys (ConfUtils.java:logGet(43)) - raft.server.log.appender.buffer.byte-limit = 33554432 (custom)
2019-10-17 20:31:39,282 [pool-37-thread-1] INFO  server.RaftServerConfigKeys (ConfUtils.java:logGet(43)) - raft.server.log.segment.size.max = 1048576 (custom)
2019-10-17 20:31:39,285 [pool-37-thread-1] INFO  server.RaftServerConfigKeys (ConfUtils.java:logGet(43)) - raft.server.log.segment.cache.num.max = 2 (custom)
2019-10-17 20:31:39,286 [pool-37-thread-1] INFO  segmented.SegmentedRaftLogWorker (SegmentedRaftLogWorker.java:<init>(173)) - new 12dca792-6614-46e6-8fa8-e27f364a29d9@group-955967E83F12-SegmentedRaftLogWorker for RaftStorage:Storage Directory /workdir/hadoop-ozone/tools/target/test-dir/MiniOzoneClusterImpl-4067a7c1-930e-4438-9b9c-131754719370/datanode-1/data/ratis/571b076a-597f-4539-bb54-955967e83f12
2019-10-17 20:31:39,286 [pool-37-thread-1] INFO  server.RaftServerConfigKeys (ConfUtils.java:logGet(43)) - raft.server.log.queue.byte-limit = 2147483647 (custom)
2019-10-17 20:31:39,286 [pool-37-thread-1] INFO  server.RaftServerConfigKeys (ConfUtils.java:logGet(43)) - raft.server.log.queue.element-limit = 1024 (custom)
2019-10-17 20:31:39,286 [pool-37-thread-1] INFO  server.RaftServerConfigKeys (ConfUtils.java:logGet(43)) - raft.server.log.segment.size.max = 1048576 (custom)
2019-10-17 20:31:39,286 [pool-37-thread-1] INFO  server.RaftServerConfigKeys (ConfUtils.java:logGet(43)) - raft.server.log.preallocated.size = 16384 (custom)
2019-10-17 20:31:39,286 [pool-37-thread-1] INFO  server.RaftServerConfigKeys (ConfUtils.java:logGet(43)) - raft.server.log.write.buffer.size = 33554432 (custom)
2019-10-17 20:31:39,287 [pool-37-thread-1] INFO  server.RaftServerConfigKeys (ConfUtils.java:logGet(43)) - raft.server.log.force.sync.num = 128 (default)
2019-10-17 20:31:39,287 [pool-37-thread-1] INFO  server.RaftServerConfigKeys (ConfUtils.java:logGet(43)) - raft.server.log.statemachine.data.sync = true (default)
2019-10-17 20:31:39,287 [pool-37-thread-1] INFO  server.RaftServerConfigKeys (ConfUtils.java:logGet(43)) - raft.server.log.statemachine.data.sync.timeout = 10s (default)
2019-10-17 20:31:39,287 [pool-37-thread-1] INFO  server.RaftServerConfigKeys (ConfUtils.java:logGet(43)) - raft.server.log.statemachine.data.sync.timeout.retry = -1 (default)
2019-10-17 20:31:39,288 [pool-37-thread-1] INFO  server.RaftServerConfigKeys (ConfUtils.java:logGet(43)) - raft.server.log.statemachine.data.caching.enabled = true (custom)
2019-10-17 20:31:39,288 [pool-37-thread-1] INFO  segmented.SegmentedRaftLogWorker (SegmentedRaftLogWorker.java:lambda$new$0(128)) - 12dca792-6614-46e6-8fa8-e27f364a29d9@group-955967E83F12-SegmentedRaftLogWorker: flushIndex: setUnconditionally 0 -> -1
2019-10-17 20:31:39,289 [pool-37-thread-1] INFO  server.RaftServerConfigKeys (ConfUtils.java:logGet(43)) - raft.server.snapshot.auto.trigger.enabled = true (custom)
2019-10-17 20:31:39,289 [pool-37-thread-1] INFO  server.RaftServerConfigKeys (ConfUtils.java:logGet(43)) - raft.server.snapshot.auto.trigger.threshold = 10000 (custom)
2019-10-17 20:31:39,289 [pool-37-thread-1] INFO  server.RaftServerConfigKeys (ConfUtils.java:logGet(43)) - raft.server.snapshot.retention.file.num = 5 (custom)
2019-10-17 20:31:39,289 [pool-37-thread-1] INFO  server.RaftServerConfigKeys (ConfUtils.java:logGet(43)) - raft.server.retrycache.expirytime = 600000ms (custom)
2019-10-17 20:31:39,296 [pool-37-thread-1] INFO  impl.RaftServerImpl (RaftServerImpl.java:start(195)) - 12dca792-6614-46e6-8fa8-e27f364a29d9@group-955967E83F12: start as a follower, conf=-1: [12dca792-6614-46e6-8fa8-e27f364a29d9:192.168.164.201:45540], old=null
2019-10-17 20:31:39,296 [pool-37-thread-1] INFO  impl.RaftServerImpl (RaftServerImpl.java:setRole(184)) - 12dca792-6614-46e6-8fa8-e27f364a29d9@group-955967E83F12: changes role from      null to FOLLOWER at term 0 for startAsFollower
2019-10-17 20:31:39,296 [pool-37-thread-1] INFO  impl.RoleInfo (RoleInfo.java:updateAndGet(143)) - 12dca792-6614-46e6-8fa8-e27f364a29d9: start FollowerState
2019-10-17 20:31:39,297 [pool-37-thread-1] INFO  util.JmxRegister (JmxRegister.java:tryRegister(44)) - Successfully registered JMX Bean with object name Ratis:service=RaftServer,group=group-955967E83F12,id=12dca792-6614-46e6-8fa8-e27f364a29d9
2019-10-17 20:31:39,311 [RatisPipelineUtilsThread] INFO  pipeline.PipelineStateManager (PipelineStateManager.java:addPipeline(55)) - Created pipeline Pipeline[ Id: 571b076a-597f-4539-bb54-955967e83f12, Nodes: 12dca792-6614-46e6-8fa8-e27f364a29d9{ip: 192.168.164.201, host: pr-hdds-1868-s6sc9-3720172378, networkLocation: /default-rack, certSerialId: null}, Type:RATIS, Factor:ONE, State:ALLOCATED]
2019-10-17 20:31:39,341 [grpc-default-executor-2] INFO  impl.RaftServerProxy (RaftServerProxy.java:addNew(89)) - 12dca792-6614-46e6-8fa8-e27f364a29d9: addNew group-2A6A460D0DE8:[12dca792-6614-46e6-8fa8-e27f364a29d9:192.168.164.201:45540, bdd1c484-1a92-4a2c-bc93-a7d8718d9bdc:192.168.164.201:46574, 840dadcc-bbff-4158-865b-0f258f3c1721:192.168.164.201:46061] returns group-2A6A460D0DE8:java.util.concurrent.CompletableFuture@e7721e[Not completed]
2019-10-17 20:31:39,342 [grpc-default-executor-1] INFO  impl.RaftServerProxy (RaftServerProxy.java:addNew(89)) - 840dadcc-bbff-4158-865b-0f258f3c1721: addNew group-2A6A460D0DE8:[12dca792-6614-46e6-8fa8-e27f364a29d9:192.168.164.201:45540, bdd1c484-1a92-4a2c-bc93-a7d8718d9bdc:192.168.164.201:46574, 840dadcc-bbff-4158-865b-0f258f3c1721:192.168.164.201:46061] returns group-2A6A460D0DE8:java.util.concurrent.CompletableFuture@7a7c61da[Not completed]
2019-10-17 20:31:39,342 [grpc-default-executor-0] INFO  impl.RaftServerProxy (RaftServerProxy.java:addNew(89)) - bdd1c484-1a92-4a2c-bc93-a7d8718d9bdc: addNew group-2A6A460D0DE8:[12dca792-6614-46e6-8fa8-e27f364a29d9:192.168.164.201:45540, bdd1c484-1a92-4a2c-bc93-a7d8718d9bdc:192.168.164.201:46574, 840dadcc-bbff-4158-865b-0f258f3c1721:192.168.164.201:46061] returns group-2A6A460D0DE8:java.util.concurrent.CompletableFuture@5eee7cdf[Not completed]
2019-10-17 20:31:39,343 [pool-37-thread-1] INFO  impl.RaftServerImpl (RaftServerImpl.java:<init>(104)) - 12dca792-6614-46e6-8fa8-e27f364a29d9: new RaftServerImpl for group-2A6A460D0DE8:[12dca792-6614-46e6-8fa8-e27f364a29d9:192.168.164.201:45540, bdd1c484-1a92-4a2c-bc93-a7d8718d9bdc:192.168.164.201:46574, 840dadcc-bbff-4158-865b-0f258f3c1721:192.168.164.201:46061] with ContainerStateMachine:uninitialized
2019-10-17 20:31:39,344 [pool-37-thread-1] INFO  server.RaftServerConfigKeys (ConfUtils.java:logGet(43)) - raft.server.rpc.timeout.min = 5s (custom)
2019-10-17 20:31:39,344 [pool-37-thread-1] INFO  server.RaftServerConfigKeys (ConfUtils.java:logGet(43)) - raft.server.rpc.timeout.max = 5200ms (custom)
2019-10-17 20:31:39,344 [pool-37-thread-1] INFO  server.RaftServerConfigKeys (ConfUtils.java:logGet(43)) - raft.server.rpcslowness.timeout = 120s (custom)
2019-10-17 20:31:39,344 [pool-37-thread-1] INFO  server.RaftServerConfigKeys (ConfUtils.java:logGet(43)) - raft.server.sleep.deviation.threshold = 300 (default)
2019-10-17 20:31:39,344 [pool-37-thread-1] INFO  server.RaftServerConfigKeys (ConfUtils.java:logGet(43)) - raft.server.log.appender.install.snapshot.enabled = false (custom)
2019-10-17 20:31:39,344 [pool-37-thread-1] INFO  impl.RaftServerImpl (ServerState.java:<init>(103)) - 12dca792-6614-46e6-8fa8-e27f364a29d9@group-2A6A460D0DE8: ConfigurationManager, init=-1: [12dca792-6614-46e6-8fa8-e27f364a29d9:192.168.164.201:45540, bdd1c484-1a92-4a2c-bc93-a7d8718d9bdc:192.168.164.201:46574, 840dadcc-bbff-4158-865b-0f258f3c1721:192.168.164.201:46061], old=null, confs=<EMPTY_MAP>
2019-10-17 20:31:39,345 [pool-47-thread-1] INFO  impl.RaftServerImpl (RaftServerImpl.java:<init>(104)) - bdd1c484-1a92-4a2c-bc93-a7d8718d9bdc: new RaftServerImpl for group-2A6A460D0DE8:[12dca792-6614-46e6-8fa8-e27f364a29d9:192.168.164.201:45540, bdd1c484-1a92-4a2c-bc93-a7d8718d9bdc:192.168.164.201:46574, 840dadcc-bbff-4158-865b-0f258f3c1721:192.168.164.201:46061] with ContainerStateMachine:uninitialized
2019-10-17 20:31:39,345 [pool-37-thread-1] INFO  server.RaftServerConfigKeys (ConfUtils.java:logGet(43)) - raft.server.storage.dir = [/workdir/hadoop-ozone/tools/target/test-dir/MiniOzoneClusterImpl-4067a7c1-930e-4438-9b9c-131754719370/datanode-1/data/ratis] (custom)
2019-10-17 20:31:39,345 [pool-47-thread-1] INFO  server.RaftServerConfigKeys (ConfUtils.java:logGet(43)) - raft.server.rpc.timeout.min = 5s (custom)
2019-10-17 20:31:39,345 [pool-47-thread-1] INFO  server.RaftServerConfigKeys (ConfUtils.java:logGet(43)) - raft.server.rpc.timeout.max = 5200ms (custom)
2019-10-17 20:31:39,345 [pool-37-thread-1] INFO  server.RaftServerConfigKeys (ConfUtils.java:logGet(43)) - raft.server.log.corruption.policy = EXCEPTION (default)
2019-10-17 20:31:39,345 [pool-47-thread-1] INFO  server.RaftServerConfigKeys (ConfUtils.java:logGet(43)) - raft.server.rpcslowness.timeout = 120s (custom)
2019-10-17 20:31:39,346 [pool-37-thread-1] INFO  storage.RaftStorageDirectory (RaftStorageDirectory.java:analyzeStorage(246)) - The storage directory /workdir/hadoop-ozone/tools/target/test-dir/MiniOzoneClusterImpl-4067a7c1-930e-4438-9b9c-131754719370/datanode-1/data/ratis/fabcd360-6f7c-4dfa-bd95-2a6a460d0de8 does not exist. Creating ...
2019-10-17 20:31:39,346 [pool-27-thread-1] INFO  impl.RaftServerImpl (RaftServerImpl.java:<init>(104)) - 840dadcc-bbff-4158-865b-0f258f3c1721: new RaftServerImpl for group-2A6A460D0DE8:[12dca792-6614-46e6-8fa8-e27f364a29d9:192.168.164.201:45540, bdd1c484-1a92-4a2c-bc93-a7d8718d9bdc:192.168.164.201:46574, 840dadcc-bbff-4158-865b-0f258f3c1721:192.168.164.201:46061] with ContainerStateMachine:uninitialized
2019-10-17 20:31:39,346 [pool-47-thread-1] INFO  server.RaftServerConfigKeys (ConfUtils.java:logGet(43)) - raft.server.sleep.deviation.threshold = 300 (default)
2019-10-17 20:31:39,346 [pool-27-thread-1] INFO  server.RaftServerConfigKeys (ConfUtils.java:logGet(43)) - raft.server.rpc.timeout.min = 5s (custom)
2019-10-17 20:31:39,346 [pool-47-thread-1] INFO  server.RaftServerConfigKeys (ConfUtils.java:logGet(43)) - raft.server.log.appender.install.snapshot.enabled = false (custom)
2019-10-17 20:31:39,346 [pool-27-thread-1] INFO  server.RaftServerConfigKeys (ConfUtils.java:logGet(43)) - raft.server.rpc.timeout.max = 5200ms (custom)
2019-10-17 20:31:39,346 [pool-47-thread-1] INFO  impl.RaftServerImpl (ServerState.java:<init>(103)) - bdd1c484-1a92-4a2c-bc93-a7d8718d9bdc@group-2A6A460D0DE8: ConfigurationManager, init=-1: [12dca792-6614-46e6-8fa8-e27f364a29d9:192.168.164.201:45540, bdd1c484-1a92-4a2c-bc93-a7d8718d9bdc:192.168.164.201:46574, 840dadcc-bbff-4158-865b-0f258f3c1721:192.168.164.201:46061], old=null, confs=<EMPTY_MAP>
2019-10-17 20:31:39,347 [pool-27-thread-1] INFO  server.RaftServerConfigKeys (ConfUtils.java:logGet(43)) - raft.server.rpcslowness.timeout = 120s (custom)
2019-10-17 20:31:39,347 [pool-47-thread-1] INFO  server.RaftServerConfigKeys (ConfUtils.java:logGet(43)) - raft.server.storage.dir = [/workdir/hadoop-ozone/tools/target/test-dir/MiniOzoneClusterImpl-4067a7c1-930e-4438-9b9c-131754719370/datanode-2/data/ratis] (custom)
2019-10-17 20:31:39,347 [pool-27-thread-1] INFO  server.RaftServerConfigKeys (ConfUtils.java:logGet(43)) - raft.server.sleep.deviation.threshold = 300 (default)
2019-10-17 20:31:39,347 [pool-27-thread-1] INFO  server.RaftServerConfigKeys (ConfUtils.java:logGet(43)) - raft.server.log.appender.install.snapshot.enabled = false (custom)
2019-10-17 20:31:39,347 [pool-47-thread-1] INFO  server.RaftServerConfigKeys (ConfUtils.java:logGet(43)) - raft.server.log.corruption.policy = EXCEPTION (default)
2019-10-17 20:31:39,347 [pool-27-thread-1] INFO  impl.RaftServerImpl (ServerState.java:<init>(103)) - 840dadcc-bbff-4158-865b-0f258f3c1721@group-2A6A460D0DE8: ConfigurationManager, init=-1: [12dca792-6614-46e6-8fa8-e27f364a29d9:192.168.164.201:45540, bdd1c484-1a92-4a2c-bc93-a7d8718d9bdc:192.168.164.201:46574, 840dadcc-bbff-4158-865b-0f258f3c1721:192.168.164.201:46061], old=null, confs=<EMPTY_MAP>
2019-10-17 20:31:39,348 [pool-47-thread-1] INFO  storage.RaftStorageDirectory (RaftStorageDirectory.java:analyzeStorage(246)) - The storage directory /workdir/hadoop-ozone/tools/target/test-dir/MiniOzoneClusterImpl-4067a7c1-930e-4438-9b9c-131754719370/datanode-2/data/ratis/fabcd360-6f7c-4dfa-bd95-2a6a460d0de8 does not exist. Creating ...
2019-10-17 20:31:39,348 [pool-27-thread-1] INFO  server.RaftServerConfigKeys (ConfUtils.java:logGet(43)) - raft.server.storage.dir = [/workdir/hadoop-ozone/tools/target/test-dir/MiniOzoneClusterImpl-4067a7c1-930e-4438-9b9c-131754719370/datanode-0/data/ratis] (custom)
2019-10-17 20:31:39,348 [pool-27-thread-1] INFO  server.RaftServerConfigKeys (ConfUtils.java:logGet(43)) - raft.server.log.corruption.policy = EXCEPTION (default)
2019-10-17 20:31:39,348 [pool-27-thread-1] INFO  storage.RaftStorageDirectory (RaftStorageDirectory.java:analyzeStorage(246)) - The storage directory /workdir/hadoop-ozone/tools/target/test-dir/MiniOzoneClusterImpl-4067a7c1-930e-4438-9b9c-131754719370/datanode-0/data/ratis/fabcd360-6f7c-4dfa-bd95-2a6a460d0de8 does not exist. Creating ...
2019-10-17 20:31:39,373 [pool-37-thread-1] INFO  storage.RaftStorageDirectory (RaftStorageDirectory.java:tryLock(328)) - Lock on /workdir/hadoop-ozone/tools/target/test-dir/MiniOzoneClusterImpl-4067a7c1-930e-4438-9b9c-131754719370/datanode-1/data/ratis/fabcd360-6f7c-4dfa-bd95-2a6a460d0de8/in_use.lock acquired by nodename 9461@pr-hdds-1868-s6sc9-3720172378
2019-10-17 20:31:39,373 [pool-47-thread-1] INFO  storage.RaftStorageDirectory (RaftStorageDirectory.java:tryLock(328)) - Lock on /workdir/hadoop-ozone/tools/target/test-dir/MiniOzoneClusterImpl-4067a7c1-930e-4438-9b9c-131754719370/datanode-2/data/ratis/fabcd360-6f7c-4dfa-bd95-2a6a460d0de8/in_use.lock acquired by nodename 9461@pr-hdds-1868-s6sc9-3720172378
2019-10-17 20:31:39,373 [pool-27-thread-1] INFO  storage.RaftStorageDirectory (RaftStorageDirectory.java:tryLock(328)) - Lock on /workdir/hadoop-ozone/tools/target/test-dir/MiniOzoneClusterImpl-4067a7c1-930e-4438-9b9c-131754719370/datanode-0/data/ratis/fabcd360-6f7c-4dfa-bd95-2a6a460d0de8/in_use.lock acquired by nodename 9461@pr-hdds-1868-s6sc9-3720172378
2019-10-17 20:31:39,399 [pool-47-thread-1] INFO  storage.RaftStorage (RaftStorage.java:format(84)) - Storage directory /workdir/hadoop-ozone/tools/target/test-dir/MiniOzoneClusterImpl-4067a7c1-930e-4438-9b9c-131754719370/datanode-2/data/ratis/fabcd360-6f7c-4dfa-bd95-2a6a460d0de8 has been successfully formatted.
2019-10-17 20:31:39,399 [pool-37-thread-1] INFO  storage.RaftStorage (RaftStorage.java:format(84)) - Storage directory /workdir/hadoop-ozone/tools/target/test-dir/MiniOzoneClusterImpl-4067a7c1-930e-4438-9b9c-131754719370/datanode-1/data/ratis/fabcd360-6f7c-4dfa-bd95-2a6a460d0de8 has been successfully formatted.
2019-10-17 20:31:39,399 [pool-27-thread-1] INFO  storage.RaftStorage (RaftStorage.java:format(84)) - Storage directory /workdir/hadoop-ozone/tools/target/test-dir/MiniOzoneClusterImpl-4067a7c1-930e-4438-9b9c-131754719370/datanode-0/data/ratis/fabcd360-6f7c-4dfa-bd95-2a6a460d0de8 has been successfully formatted.
2019-10-17 20:31:39,400 [pool-47-thread-1] INFO  ratis.ContainerStateMachine (ContainerStateMachine.java:loadSnapshot(233)) - group-2A6A460D0DE8: The snapshot info is null. Setting the last applied indexto:(t:0, i:~)
2019-10-17 20:31:39,400 [pool-37-thread-1] INFO  ratis.ContainerStateMachine (ContainerStateMachine.java:loadSnapshot(233)) - group-2A6A460D0DE8: The snapshot info is null. Setting the last applied indexto:(t:0, i:~)
2019-10-17 20:31:39,400 [pool-27-thread-1] INFO  ratis.ContainerStateMachine (ContainerStateMachine.java:loadSnapshot(233)) - group-2A6A460D0DE8: The snapshot info is null. Setting the last applied indexto:(t:0, i:~)
2019-10-17 20:31:39,400 [pool-47-thread-1] INFO  server.RaftServerConfigKeys (ConfUtils.java:logGet(43)) - raft.server.notification.no-leader.timeout = 120s (custom)
2019-10-17 20:31:39,401 [pool-27-thread-1] INFO  server.RaftServerConfigKeys (ConfUtils.java:logGet(43)) - raft.server.notification.no-leader.timeout = 120s (custom)
2019-10-17 20:31:39,401 [pool-37-thread-1] INFO  server.RaftServerConfigKeys (ConfUtils.java:logGet(43)) - raft.server.notification.no-leader.timeout = 120s (custom)
2019-10-17 20:31:39,401 [pool-27-thread-1] INFO  server.RaftServerConfigKeys (ConfUtils.java:logGet(43)) - raft.server.log.use.memory = false (default)
2019-10-17 20:31:39,401 [pool-47-thread-1] INFO  server.RaftServerConfigKeys (ConfUtils.java:logGet(43)) - raft.server.log.use.memory = false (default)
2019-10-17 20:31:39,401 [pool-27-thread-1] INFO  server.RaftServerConfigKeys (ConfUtils.java:logGet(43)) - raft.server.log.purge.gap = 1000000 (custom)
2019-10-17 20:31:39,401 [pool-37-thread-1] INFO  server.RaftServerConfigKeys (ConfUtils.java:logGet(43)) - raft.server.log.use.memory = false (default)
2019-10-17 20:31:39,402 [pool-27-thread-1] INFO  server.RaftServerConfigKeys (ConfUtils.java:logGet(43)) - raft.server.log.appender.buffer.byte-limit = 33554432 (custom)
2019-10-17 20:31:39,401 [pool-47-thread-1] INFO  server.RaftServerConfigKeys (ConfUtils.java:logGet(43)) - raft.server.log.purge.gap = 1000000 (custom)
2019-10-17 20:31:39,402 [pool-27-thread-1] INFO  server.RaftServerConfigKeys (ConfUtils.java:logGet(43)) - raft.server.log.segment.size.max = 1048576 (custom)
2019-10-17 20:31:39,402 [pool-37-thread-1] INFO  server.RaftServerConfigKeys (ConfUtils.java:logGet(43)) - raft.server.log.purge.gap = 1000000 (custom)
2019-10-17 20:31:39,402 [pool-47-thread-1] INFO  server.RaftServerConfigKeys (ConfUtils.java:logGet(43)) - raft.server.log.appender.buffer.byte-limit = 33554432 (custom)
2019-10-17 20:31:39,402 [pool-37-thread-1] INFO  server.RaftServerConfigKeys (ConfUtils.java:logGet(43)) - raft.server.log.appender.buffer.byte-limit = 33554432 (custom)
2019-10-17 20:31:39,402 [pool-27-thread-1] INFO  server.RaftServerConfigKeys (ConfUtils.java:logGet(43)) - raft.server.log.segment.cache.num.max = 2 (custom)
2019-10-17 20:31:39,403 [pool-37-thread-1] INFO  server.RaftServerConfigKeys (ConfUtils.java:logGet(43)) - raft.server.log.segment.size.max = 1048576 (custom)
2019-10-17 20:31:39,403 [pool-47-thread-1] INFO  server.RaftServerConfigKeys (ConfUtils.java:logGet(43)) - raft.server.log.segment.size.max = 1048576 (custom)
2019-10-17 20:31:39,403 [pool-37-thread-1] INFO  server.RaftServerConfigKeys (ConfUtils.java:logGet(43)) - raft.server.log.segment.cache.num.max = 2 (custom)
2019-10-17 20:31:39,403 [pool-27-thread-1] INFO  segmented.SegmentedRaftLogWorker (SegmentedRaftLogWorker.java:<init>(173)) - new 840dadcc-bbff-4158-865b-0f258f3c1721@group-2A6A460D0DE8-SegmentedRaftLogWorker for RaftStorage:Storage Directory /workdir/hadoop-ozone/tools/target/test-dir/MiniOzoneClusterImpl-4067a7c1-930e-4438-9b9c-131754719370/datanode-0/data/ratis/fabcd360-6f7c-4dfa-bd95-2a6a460d0de8
2019-10-17 20:31:39,403 [pool-37-thread-1] INFO  segmented.SegmentedRaftLogWorker (SegmentedRaftLogWorker.java:<init>(173)) - new 12dca792-6614-46e6-8fa8-e27f364a29d9@group-2A6A460D0DE8-SegmentedRaftLogWorker for RaftStorage:Storage Directory /workdir/hadoop-ozone/tools/target/test-dir/MiniOzoneClusterImpl-4067a7c1-930e-4438-9b9c-131754719370/datanode-1/data/ratis/fabcd360-6f7c-4dfa-bd95-2a6a460d0de8
2019-10-17 20:31:39,403 [pool-47-thread-1] INFO  server.RaftServerConfigKeys (ConfUtils.java:logGet(43)) - raft.server.log.segment.cache.num.max = 2 (custom)
2019-10-17 20:31:39,404 [pool-37-thread-1] INFO  server.RaftServerConfigKeys (ConfUtils.java:logGet(43)) - raft.server.log.queue.byte-limit = 2147483647 (custom)
2019-10-17 20:31:39,404 [pool-27-thread-1] INFO  server.RaftServerConfigKeys (ConfUtils.java:logGet(43)) - raft.server.log.queue.byte-limit = 2147483647 (custom)
2019-10-17 20:31:39,404 [pool-37-thread-1] INFO  server.RaftServerConfigKeys (ConfUtils.java:logGet(43)) - raft.server.log.queue.element-limit = 1024 (custom)
2019-10-17 20:31:39,404 [pool-47-thread-1] INFO  segmented.SegmentedRaftLogWorker (SegmentedRaftLogWorker.java:<init>(173)) - new bdd1c484-1a92-4a2c-bc93-a7d8718d9bdc@group-2A6A460D0DE8-SegmentedRaftLogWorker for RaftStorage:Storage Directory /workdir/hadoop-ozone/tools/target/test-dir/MiniOzoneClusterImpl-4067a7c1-930e-4438-9b9c-131754719370/datanode-2/data/ratis/fabcd360-6f7c-4dfa-bd95-2a6a460d0de8
2019-10-17 20:31:39,404 [pool-37-thread-1] INFO  server.RaftServerConfigKeys (ConfUtils.java:logGet(43)) - raft.server.log.segment.size.max = 1048576 (custom)
2019-10-17 20:31:39,404 [pool-27-thread-1] INFO  server.RaftServerConfigKeys (ConfUtils.java:logGet(43)) - raft.server.log.queue.element-limit = 1024 (custom)
2019-10-17 20:31:39,405 [pool-37-thread-1] INFO  server.RaftServerConfigKeys (ConfUtils.java:logGet(43)) - raft.server.log.preallocated.size = 16384 (custom)
2019-10-17 20:31:39,404 [pool-47-thread-1] INFO  server.RaftServerConfigKeys (ConfUtils.java:logGet(43)) - raft.server.log.queue.byte-limit = 2147483647 (custom)
2019-10-17 20:31:39,405 [pool-37-thread-1] INFO  server.RaftServerConfigKeys (ConfUtils.java:logGet(43)) - raft.server.log.write.buffer.size = 33554432 (custom)
2019-10-17 20:31:39,405 [pool-27-thread-1] INFO  server.RaftServerConfigKeys (ConfUtils.java:logGet(43)) - raft.server.log.segment.size.max = 1048576 (custom)
2019-10-17 20:31:39,405 [pool-37-thread-1] INFO  server.RaftServerConfigKeys (ConfUtils.java:logGet(43)) - raft.server.log.force.sync.num = 128 (default)
2019-10-17 20:31:39,405 [pool-47-thread-1] INFO  server.RaftServerConfigKeys (ConfUtils.java:logGet(43)) - raft.server.log.queue.element-limit = 1024 (custom)
2019-10-17 20:31:39,406 [pool-37-thread-1] INFO  server.RaftServerConfigKeys (ConfUtils.java:logGet(43)) - raft.server.log.statemachine.data.sync = true (default)
2019-10-17 20:31:39,405 [pool-27-thread-1] INFO  server.RaftServerConfigKeys (ConfUtils.java:logGet(43)) - raft.server.log.preallocated.size = 16384 (custom)
2019-10-17 20:31:39,406 [pool-37-thread-1] INFO  server.RaftServerConfigKeys (ConfUtils.java:logGet(43)) - raft.server.log.statemachine.data.sync.timeout = 10s (default)
2019-10-17 20:31:39,406 [pool-47-thread-1] INFO  server.RaftServerConfigKeys (ConfUtils.java:logGet(43)) - raft.server.log.segment.size.max = 1048576 (custom)
2019-10-17 20:31:39,406 [pool-37-thread-1] INFO  server.RaftServerConfigKeys (ConfUtils.java:logGet(43)) - raft.server.log.statemachine.data.sync.timeout.retry = -1 (default)
2019-10-17 20:31:39,406 [pool-27-thread-1] INFO  server.RaftServerConfigKeys (ConfUtils.java:logGet(43)) - raft.server.log.write.buffer.size = 33554432 (custom)
2019-10-17 20:31:39,406 [pool-47-thread-1] INFO  server.RaftServerConfigKeys (ConfUtils.java:logGet(43)) - raft.server.log.preallocated.size = 16384 (custom)
2019-10-17 20:31:39,407 [pool-27-thread-1] INFO  server.RaftServerConfigKeys (ConfUtils.java:logGet(43)) - raft.server.log.force.sync.num = 128 (default)
2019-10-17 20:31:39,407 [pool-37-thread-1] INFO  server.RaftServerConfigKeys (ConfUtils.java:logGet(43)) - raft.server.log.statemachine.data.caching.enabled = true (custom)
2019-10-17 20:31:39,407 [pool-27-thread-1] INFO  server.RaftServerConfigKeys (ConfUtils.java:logGet(43)) - raft.server.log.statemachine.data.sync = true (default)
2019-10-17 20:31:39,407 [pool-47-thread-1] INFO  server.RaftServerConfigKeys (ConfUtils.java:logGet(43)) - raft.server.log.write.buffer.size = 33554432 (custom)
2019-10-17 20:31:39,407 [pool-27-thread-1] INFO  server.RaftServerConfigKeys (ConfUtils.java:logGet(43)) - raft.server.log.statemachine.data.sync.timeout = 10s (default)
2019-10-17 20:31:39,407 [pool-37-thread-1] INFO  segmented.SegmentedRaftLogWorker (SegmentedRaftLogWorker.java:lambda$new$0(128)) - 12dca792-6614-46e6-8fa8-e27f364a29d9@group-2A6A460D0DE8-SegmentedRaftLogWorker: flushIndex: setUnconditionally 0 -> -1
2019-10-17 20:31:39,407 [pool-47-thread-1] INFO  server.RaftServerConfigKeys (ConfUtils.java:logGet(43)) - raft.server.log.force.sync.num = 128 (default)
2019-10-17 20:31:39,408 [pool-27-thread-1] INFO  server.RaftServerConfigKeys (ConfUtils.java:logGet(43)) - raft.server.log.statemachine.data.sync.timeout.retry = -1 (default)
2019-10-17 20:31:39,408 [pool-47-thread-1] INFO  server.RaftServerConfigKeys (ConfUtils.java:logGet(43)) - raft.server.log.statemachine.data.sync = true (default)
2019-10-17 20:31:39,408 [pool-37-thread-1] INFO  server.RaftServerConfigKeys (ConfUtils.java:logGet(43)) - raft.server.snapshot.auto.trigger.enabled = true (custom)
2019-10-17 20:31:39,408 [pool-27-thread-1] INFO  server.RaftServerConfigKeys (ConfUtils.java:logGet(43)) - raft.server.log.statemachine.data.caching.enabled = true (custom)
2019-10-17 20:31:39,408 [pool-47-thread-1] INFO  server.RaftServerConfigKeys (ConfUtils.java:logGet(43)) - raft.server.log.statemachine.data.sync.timeout = 10s (default)
2019-10-17 20:31:39,408 [pool-37-thread-1] INFO  server.RaftServerConfigKeys (ConfUtils.java:logGet(43)) - raft.server.snapshot.auto.trigger.threshold = 10000 (custom)
2019-10-17 20:31:39,408 [pool-47-thread-1] INFO  server.RaftServerConfigKeys (ConfUtils.java:logGet(43)) - raft.server.log.statemachine.data.sync.timeout.retry = -1 (default)
2019-10-17 20:31:39,409 [pool-27-thread-1] INFO  segmented.SegmentedRaftLogWorker (SegmentedRaftLogWorker.java:lambda$new$0(128)) - 840dadcc-bbff-4158-865b-0f258f3c1721@group-2A6A460D0DE8-SegmentedRaftLogWorker: flushIndex: setUnconditionally 0 -> -1
2019-10-17 20:31:39,409 [pool-37-thread-1] INFO  server.RaftServerConfigKeys (ConfUtils.java:logGet(43)) - raft.server.snapshot.retention.file.num = 5 (custom)
2019-10-17 20:31:39,409 [pool-47-thread-1] INFO  server.RaftServerConfigKeys (ConfUtils.java:logGet(43)) - raft.server.log.statemachine.data.caching.enabled = true (custom)
2019-10-17 20:31:39,409 [pool-37-thread-1] INFO  server.RaftServerConfigKeys (ConfUtils.java:logGet(43)) - raft.server.retrycache.expirytime = 600000ms (custom)
2019-10-17 20:31:39,409 [pool-27-thread-1] INFO  server.RaftServerConfigKeys (ConfUtils.java:logGet(43)) - raft.server.snapshot.auto.trigger.enabled = true (custom)
2019-10-17 20:31:39,409 [pool-47-thread-1] INFO  segmented.SegmentedRaftLogWorker (SegmentedRaftLogWorker.java:lambda$new$0(128)) - bdd1c484-1a92-4a2c-bc93-a7d8718d9bdc@group-2A6A460D0DE8-SegmentedRaftLogWorker: flushIndex: setUnconditionally 0 -> -1
2019-10-17 20:31:39,409 [pool-27-thread-1] INFO  server.RaftServerConfigKeys (ConfUtils.java:logGet(43)) - raft.server.snapshot.auto.trigger.threshold = 10000 (custom)
2019-10-17 20:31:39,410 [pool-47-thread-1] INFO  server.RaftServerConfigKeys (ConfUtils.java:logGet(43)) - raft.server.snapshot.auto.trigger.enabled = true (custom)
2019-10-17 20:31:39,410 [pool-27-thread-1] INFO  server.RaftServerConfigKeys (ConfUtils.java:logGet(43)) - raft.server.snapshot.retention.file.num = 5 (custom)
2019-10-17 20:31:39,410 [pool-47-thread-1] INFO  server.RaftServerConfigKeys (ConfUtils.java:logGet(43)) - raft.server.snapshot.auto.trigger.threshold = 10000 (custom)
2019-10-17 20:31:39,410 [pool-47-thread-1] INFO  server.RaftServerConfigKeys (ConfUtils.java:logGet(43)) - raft.server.snapshot.retention.file.num = 5 (custom)
2019-10-17 20:31:39,410 [pool-27-thread-1] INFO  server.RaftServerConfigKeys (ConfUtils.java:logGet(43)) - raft.server.retrycache.expirytime = 600000ms (custom)
2019-10-17 20:31:39,410 [pool-47-thread-1] INFO  server.RaftServerConfigKeys (ConfUtils.java:logGet(43)) - raft.server.retrycache.expirytime = 600000ms (custom)
2019-10-17 20:31:39,413 [pool-37-thread-1] INFO  impl.RaftServerImpl (RaftServerImpl.java:start(195)) - 12dca792-6614-46e6-8fa8-e27f364a29d9@group-2A6A460D0DE8: start as a follower, conf=-1: [12dca792-6614-46e6-8fa8-e27f364a29d9:192.168.164.201:45540, bdd1c484-1a92-4a2c-bc93-a7d8718d9bdc:192.168.164.201:46574, 840dadcc-bbff-4158-865b-0f258f3c1721:192.168.164.201:46061], old=null
2019-10-17 20:31:39,413 [pool-37-thread-1] INFO  impl.RaftServerImpl (RaftServerImpl.java:setRole(184)) - 12dca792-6614-46e6-8fa8-e27f364a29d9@group-2A6A460D0DE8: changes role from      null to FOLLOWER at term 0 for startAsFollower
2019-10-17 20:31:39,413 [pool-37-thread-1] INFO  impl.RoleInfo (RoleInfo.java:updateAndGet(143)) - 12dca792-6614-46e6-8fa8-e27f364a29d9: start FollowerState
2019-10-17 20:31:39,414 [pool-37-thread-1] INFO  util.JmxRegister (JmxRegister.java:tryRegister(44)) - Successfully registered JMX Bean with object name Ratis:service=RaftServer,group=group-2A6A460D0DE8,id=12dca792-6614-46e6-8fa8-e27f364a29d9
2019-10-17 20:31:39,415 [pool-27-thread-1] INFO  impl.RaftServerImpl (RaftServerImpl.java:start(195)) - 840dadcc-bbff-4158-865b-0f258f3c1721@group-2A6A460D0DE8: start as a follower, conf=-1: [12dca792-6614-46e6-8fa8-e27f364a29d9:192.168.164.201:45540, bdd1c484-1a92-4a2c-bc93-a7d8718d9bdc:192.168.164.201:46574, 840dadcc-bbff-4158-865b-0f258f3c1721:192.168.164.201:46061], old=null
2019-10-17 20:31:39,415 [pool-47-thread-1] INFO  impl.RaftServerImpl (RaftServerImpl.java:start(195)) - bdd1c484-1a92-4a2c-bc93-a7d8718d9bdc@group-2A6A460D0DE8: start as a follower, conf=-1: [12dca792-6614-46e6-8fa8-e27f364a29d9:192.168.164.201:45540, bdd1c484-1a92-4a2c-bc93-a7d8718d9bdc:192.168.164.201:46574, 840dadcc-bbff-4158-865b-0f258f3c1721:192.168.164.201:46061], old=null
2019-10-17 20:31:39,415 [pool-27-thread-1] INFO  impl.RaftServerImpl (RaftServerImpl.java:setRole(184)) - 840dadcc-bbff-4158-865b-0f258f3c1721@group-2A6A460D0DE8: changes role from      null to FOLLOWER at term 0 for startAsFollower
2019-10-17 20:31:39,415 [pool-47-thread-1] INFO  impl.RaftServerImpl (RaftServerImpl.java:setRole(184)) - bdd1c484-1a92-4a2c-bc93-a7d8718d9bdc@group-2A6A460D0DE8: changes role from      null to FOLLOWER at term 0 for startAsFollower
2019-10-17 20:31:39,416 [pool-27-thread-1] INFO  impl.RoleInfo (RoleInfo.java:updateAndGet(143)) - 840dadcc-bbff-4158-865b-0f258f3c1721: start FollowerState
2019-10-17 20:31:39,416 [pool-47-thread-1] INFO  impl.RoleInfo (RoleInfo.java:updateAndGet(143)) - bdd1c484-1a92-4a2c-bc93-a7d8718d9bdc: start FollowerState
2019-10-17 20:31:39,416 [pool-27-thread-1] INFO  util.JmxRegister (JmxRegister.java:tryRegister(44)) - Successfully registered JMX Bean with object name Ratis:service=RaftServer,group=group-2A6A460D0DE8,id=840dadcc-bbff-4158-865b-0f258f3c1721
2019-10-17 20:31:39,416 [pool-47-thread-1] INFO  util.JmxRegister (JmxRegister.java:tryRegister(44)) - Successfully registered JMX Bean with object name Ratis:service=RaftServer,group=group-2A6A460D0DE8,id=bdd1c484-1a92-4a2c-bc93-a7d8718d9bdc
2019-10-17 20:31:39,434 [bdd1c484-1a92-4a2c-bc93-a7d8718d9bdc@group-5C47B5667DB3-SegmentedRaftLogWorker] INFO  segmented.SegmentedRaftLogWorker (SegmentedRaftLogWorker.java:execute(576)) - bdd1c484-1a92-4a2c-bc93-a7d8718d9bdc@group-5C47B5667DB3-SegmentedRaftLogWorker: created new log segment /workdir/hadoop-ozone/tools/target/test-dir/MiniOzoneClusterImpl-4067a7c1-930e-4438-9b9c-131754719370/datanode-2/data/ratis/7613471d-66aa-45a7-add9-5c47b5667db3/current/log_inprogress_0
2019-10-17 20:31:39,434 [840dadcc-bbff-4158-865b-0f258f3c1721@group-4B84F5AFBCFB-SegmentedRaftLogWorker] INFO  segmented.SegmentedRaftLogWorker (SegmentedRaftLogWorker.java:execute(576)) - 840dadcc-bbff-4158-865b-0f258f3c1721@group-4B84F5AFBCFB-SegmentedRaftLogWorker: created new log segment /workdir/hadoop-ozone/tools/target/test-dir/MiniOzoneClusterImpl-4067a7c1-930e-4438-9b9c-131754719370/datanode-0/data/ratis/da34a644-4e3e-4cb8-af80-4b84f5afbcfb/current/log_inprogress_0
2019-10-17 20:31:39,446 [RatisPipelineUtilsThread] INFO  pipeline.PipelineStateManager (PipelineStateManager.java:addPipeline(55)) - Created pipeline Pipeline[ Id: fabcd360-6f7c-4dfa-bd95-2a6a460d0de8, Nodes: bdd1c484-1a92-4a2c-bc93-a7d8718d9bdc{ip: 192.168.164.201, host: pr-hdds-1868-s6sc9-3720172378, networkLocation: /default-rack, certSerialId: null}840dadcc-bbff-4158-865b-0f258f3c1721{ip: 192.168.164.201, host: pr-hdds-1868-s6sc9-3720172378, networkLocation: /default-rack, certSerialId: null}12dca792-6614-46e6-8fa8-e27f364a29d9{ip: 192.168.164.201, host: pr-hdds-1868-s6sc9-3720172378, networkLocation: /default-rack, certSerialId: null}, Type:RATIS, Factor:THREE, State:ALLOCATED]
2019-10-17 20:31:39,448 [EventQueue-PipelineReportForPipelineReportHandler] INFO  pipeline.PipelineReportHandler (PipelineReportHandler.java:processPipelineReport(119)) - Pipeline PipelineID=da34a644-4e3e-4cb8-af80-4b84f5afbcfb reported by 840dadcc-bbff-4158-865b-0f258f3c1721{ip: 192.168.164.201, host: pr-hdds-1868-s6sc9-3720172378, networkLocation: /default-rack, certSerialId: null} with leaderId 840dadcc-bbff-4158-865b-0f258f3c1721
2019-10-17 20:31:39,448 [main] INFO  ozone.MiniOzoneClusterImpl (MiniOzoneClusterImpl.java:lambda$waitForClusterToBeReady$2(164)) - Waiting for 4 number of pipelines out of 4, to report a leader.
2019-10-17 20:31:39,454 [EventQueue-PipelineReportForPipelineReportHandler] INFO  pipeline.PipelineStateManager (PipelineStateManager.java:openPipeline(134)) - Pipeline Pipeline[ Id: da34a644-4e3e-4cb8-af80-4b84f5afbcfb, Nodes: 840dadcc-bbff-4158-865b-0f258f3c1721{ip: 192.168.164.201, host: pr-hdds-1868-s6sc9-3720172378, networkLocation: /default-rack, certSerialId: null}, Type:RATIS, Factor:ONE, State:OPEN] moved to OPEN state
2019-10-17 20:31:39,454 [EventQueue-PipelineReportForPipelineReportHandler] INFO  pipeline.PipelineReportHandler (PipelineReportHandler.java:processPipelineReport(119)) - Pipeline PipelineID=7613471d-66aa-45a7-add9-5c47b5667db3 reported by bdd1c484-1a92-4a2c-bc93-a7d8718d9bdc{ip: 192.168.164.201, host: pr-hdds-1868-s6sc9-3720172378, networkLocation: /default-rack, certSerialId: null} with leaderId bdd1c484-1a92-4a2c-bc93-a7d8718d9bdc
2019-10-17 20:31:39,454 [EventQueue-PipelineReportForPipelineReportHandler] INFO  pipeline.PipelineStateManager (PipelineStateManager.java:openPipeline(134)) - Pipeline Pipeline[ Id: 7613471d-66aa-45a7-add9-5c47b5667db3, Nodes: bdd1c484-1a92-4a2c-bc93-a7d8718d9bdc{ip: 192.168.164.201, host: pr-hdds-1868-s6sc9-3720172378, networkLocation: /default-rack, certSerialId: null}, Type:RATIS, Factor:ONE, State:OPEN] moved to OPEN state
2019-10-17 20:31:39,460 [Thread-195] INFO  impl.FollowerState (FollowerState.java:run(108)) - 12dca792-6614-46e6-8fa8-e27f364a29d9@group-2A6A460D0DE8-FollowerState: change to CANDIDATE, lastRpcTime:46ms, electionTimeout:46ms
2019-10-17 20:31:39,460 [Thread-195] INFO  impl.RoleInfo (RoleInfo.java:shutdownFollowerState(121)) - 12dca792-6614-46e6-8fa8-e27f364a29d9: shutdown FollowerState
2019-10-17 20:31:39,460 [Thread-195] INFO  impl.RaftServerImpl (RaftServerImpl.java:setRole(184)) - 12dca792-6614-46e6-8fa8-e27f364a29d9@group-2A6A460D0DE8: changes role from  FOLLOWER to CANDIDATE at term 0 for changeToCandidate
2019-10-17 20:31:39,460 [Thread-195] INFO  impl.RoleInfo (RoleInfo.java:updateAndGet(143)) - 12dca792-6614-46e6-8fa8-e27f364a29d9: start LeaderElection
2019-10-17 20:31:39,463 [Thread-190] INFO  impl.FollowerState (FollowerState.java:run(108)) - 12dca792-6614-46e6-8fa8-e27f364a29d9@group-955967E83F12-FollowerState: change to CANDIDATE, lastRpcTime:166ms, electionTimeout:166ms
2019-10-17 20:31:39,463 [Thread-190] INFO  impl.RoleInfo (RoleInfo.java:shutdownFollowerState(121)) - 12dca792-6614-46e6-8fa8-e27f364a29d9: shutdown FollowerState
2019-10-17 20:31:39,463 [Thread-190] INFO  impl.RaftServerImpl (RaftServerImpl.java:setRole(184)) - 12dca792-6614-46e6-8fa8-e27f364a29d9@group-955967E83F12: changes role from  FOLLOWER to CANDIDATE at term 0 for changeToCandidate
2019-10-17 20:31:39,464 [Thread-190] INFO  impl.RoleInfo (RoleInfo.java:updateAndGet(143)) - 12dca792-6614-46e6-8fa8-e27f364a29d9: start LeaderElection
2019-10-17 20:31:39,492 [12dca792-6614-46e6-8fa8-e27f364a29d9@group-955967E83F12-LeaderElection4] INFO  impl.LeaderElection (LeaderElection.java:askForVotes(178)) - 12dca792-6614-46e6-8fa8-e27f364a29d9@group-955967E83F12-LeaderElection4: begin an election at term 1 for -1: [12dca792-6614-46e6-8fa8-e27f364a29d9:192.168.164.201:45540], old=null
2019-10-17 20:31:39,492 [12dca792-6614-46e6-8fa8-e27f364a29d9@group-2A6A460D0DE8-LeaderElection3] INFO  impl.LeaderElection (LeaderElection.java:askForVotes(178)) - 12dca792-6614-46e6-8fa8-e27f364a29d9@group-2A6A460D0DE8-LeaderElection3: begin an election at term 1 for -1: [12dca792-6614-46e6-8fa8-e27f364a29d9:192.168.164.201:45540, bdd1c484-1a92-4a2c-bc93-a7d8718d9bdc:192.168.164.201:46574, 840dadcc-bbff-4158-865b-0f258f3c1721:192.168.164.201:46061], old=null
2019-10-17 20:31:39,492 [12dca792-6614-46e6-8fa8-e27f364a29d9@group-955967E83F12-LeaderElection4] INFO  impl.RoleInfo (RoleInfo.java:shutdownLeaderElection(134)) - 12dca792-6614-46e6-8fa8-e27f364a29d9: shutdown LeaderElection
2019-10-17 20:31:39,492 [12dca792-6614-46e6-8fa8-e27f364a29d9@group-955967E83F12-LeaderElection4] INFO  impl.RaftServerImpl (RaftServerImpl.java:setRole(184)) - 12dca792-6614-46e6-8fa8-e27f364a29d9@group-955967E83F12: changes role from CANDIDATE to LEADER at term 1 for changeToLeader
2019-10-17 20:31:39,492 [12dca792-6614-46e6-8fa8-e27f364a29d9@group-955967E83F12-LeaderElection4] INFO  ratis.XceiverServerRatis (XceiverServerRatis.java:handleLeaderChangedNotification(700)) - Leader change notification received for group: group-955967E83F12 with new leaderId: 12dca792-6614-46e6-8fa8-e27f364a29d9
2019-10-17 20:31:39,493 [12dca792-6614-46e6-8fa8-e27f364a29d9@group-955967E83F12-LeaderElection4] INFO  impl.RaftServerImpl (ServerState.java:setLeader(256)) - 12dca792-6614-46e6-8fa8-e27f364a29d9@group-955967E83F12: change Leader from null to 12dca792-6614-46e6-8fa8-e27f364a29d9 at term 1 for becomeLeader, leader elected after 211ms
2019-10-17 20:31:39,493 [12dca792-6614-46e6-8fa8-e27f364a29d9@group-955967E83F12-LeaderElection4] INFO  server.RaftServerConfigKeys (ConfUtils.java:logGet(43)) - raft.server.staging.catchup.gap = 1000 (default)
2019-10-17 20:31:39,494 [12dca792-6614-46e6-8fa8-e27f364a29d9@group-955967E83F12-LeaderElection4] INFO  server.RaftServerConfigKeys (ConfUtils.java:logGet(43)) - raft.server.rpc.sleep.time = 25ms (default)
2019-10-17 20:31:39,494 [12dca792-6614-46e6-8fa8-e27f364a29d9@group-955967E83F12-LeaderElection4] INFO  server.RaftServerConfigKeys (ConfUtils.java:logGet(43)) - raft.server.write.element-limit = 4096 (default)
2019-10-17 20:31:39,495 [12dca792-6614-46e6-8fa8-e27f364a29d9@group-955967E83F12-LeaderElection4] INFO  server.RaftServerConfigKeys (ConfUtils.java:logGet(43)) - raft.server.watch.timeout = 10s (default)
2019-10-17 20:31:39,495 [12dca792-6614-46e6-8fa8-e27f364a29d9@group-955967E83F12-LeaderElection4] INFO  server.RaftServerConfigKeys (ConfUtils.java:logGet(43)) - raft.server.watch.timeout.denomination = 1s (default)
2019-10-17 20:31:39,496 [12dca792-6614-46e6-8fa8-e27f364a29d9@group-955967E83F12-LeaderElection4] INFO  server.RaftServerConfigKeys (ConfUtils.java:logGet(43)) - raft.server.watch.element-limit = 65536 (default)
2019-10-17 20:31:39,496 [EventQueue-PipelineReportForPipelineReportHandler] INFO  pipeline.PipelineReportHandler (PipelineReportHandler.java:processPipelineReport(119)) - Pipeline PipelineID=571b076a-597f-4539-bb54-955967e83f12 reported by 12dca792-6614-46e6-8fa8-e27f364a29d9{ip: 192.168.164.201, host: pr-hdds-1868-s6sc9-3720172378, networkLocation: /default-rack, certSerialId: null} with leaderId 12dca792-6614-46e6-8fa8-e27f364a29d9
2019-10-17 20:31:39,497 [EventQueue-PipelineReportForPipelineReportHandler] INFO  pipeline.PipelineStateManager (PipelineStateManager.java:openPipeline(134)) - Pipeline Pipeline[ Id: 571b076a-597f-4539-bb54-955967e83f12, Nodes: 12dca792-6614-46e6-8fa8-e27f364a29d9{ip: 192.168.164.201, host: pr-hdds-1868-s6sc9-3720172378, networkLocation: /default-rack, certSerialId: null}, Type:RATIS, Factor:ONE, State:OPEN] moved to OPEN state
2019-10-17 20:31:39,497 [EventQueue-PipelineReportForPipelineReportHandler] INFO  pipeline.PipelineReportHandler (PipelineReportHandler.java:processPipelineReport(119)) - Pipeline PipelineID=fabcd360-6f7c-4dfa-bd95-2a6a460d0de8 reported by 12dca792-6614-46e6-8fa8-e27f364a29d9{ip: 192.168.164.201, host: pr-hdds-1868-s6sc9-3720172378, networkLocation: /default-rack, certSerialId: null} with leaderId 
2019-10-17 20:31:39,500 [12dca792-6614-46e6-8fa8-e27f364a29d9@group-955967E83F12-LeaderElection4] INFO  impl.RoleInfo (RoleInfo.java:updateAndGet(143)) - 12dca792-6614-46e6-8fa8-e27f364a29d9: start LeaderState
2019-10-17 20:31:39,500 [12dca792-6614-46e6-8fa8-e27f364a29d9@group-955967E83F12-LeaderElection4] INFO  segmented.SegmentedRaftLogWorker (SegmentedRaftLogWorker.java:startLogSegment(385)) - 12dca792-6614-46e6-8fa8-e27f364a29d9@group-955967E83F12-SegmentedRaftLogWorker: Starting segment from index:0
2019-10-17 20:31:39,501 [12dca792-6614-46e6-8fa8-e27f364a29d9@group-955967E83F12-LeaderElection4] INFO  impl.RaftServerImpl (ServerState.java:setRaftConf(357)) - 12dca792-6614-46e6-8fa8-e27f364a29d9@group-955967E83F12: set configuration 0: [12dca792-6614-46e6-8fa8-e27f364a29d9:192.168.164.201:45540], old=null at 0
2019-10-17 20:31:39,557 [Thread-197] INFO  impl.FollowerState (FollowerState.java:run(108)) - bdd1c484-1a92-4a2c-bc93-a7d8718d9bdc@group-2A6A460D0DE8-FollowerState: change to CANDIDATE, lastRpcTime:141ms, electionTimeout:141ms
2019-10-17 20:31:39,558 [Thread-197] INFO  impl.RoleInfo (RoleInfo.java:shutdownFollowerState(121)) - bdd1c484-1a92-4a2c-bc93-a7d8718d9bdc: shutdown FollowerState
2019-10-17 20:31:39,558 [Thread-197] INFO  impl.RaftServerImpl (RaftServerImpl.java:setRole(184)) - bdd1c484-1a92-4a2c-bc93-a7d8718d9bdc@group-2A6A460D0DE8: changes role from  FOLLOWER to CANDIDATE at term 0 for changeToCandidate
2019-10-17 20:31:39,559 [Thread-197] INFO  impl.RoleInfo (RoleInfo.java:updateAndGet(143)) - bdd1c484-1a92-4a2c-bc93-a7d8718d9bdc: start LeaderElection
2019-10-17 20:31:39,559 [12dca792-6614-46e6-8fa8-e27f364a29d9@group-955967E83F12-SegmentedRaftLogWorker] INFO  segmented.SegmentedRaftLogWorker (SegmentedRaftLogWorker.java:execute(576)) - 12dca792-6614-46e6-8fa8-e27f364a29d9@group-955967E83F12-SegmentedRaftLogWorker: created new log segment /workdir/hadoop-ozone/tools/target/test-dir/MiniOzoneClusterImpl-4067a7c1-930e-4438-9b9c-131754719370/datanode-1/data/ratis/571b076a-597f-4539-bb54-955967e83f12/current/log_inprogress_0
2019-10-17 20:31:39,563 [grpc-default-executor-0] INFO  impl.RaftServerImpl (RaftServerImpl.java:setRole(184)) - 840dadcc-bbff-4158-865b-0f258f3c1721@group-2A6A460D0DE8: changes role from  FOLLOWER to FOLLOWER at term 1 for recognizeCandidate:12dca792-6614-46e6-8fa8-e27f364a29d9
2019-10-17 20:31:39,563 [grpc-default-executor-0] INFO  impl.RoleInfo (RoleInfo.java:shutdownFollowerState(121)) - 840dadcc-bbff-4158-865b-0f258f3c1721: shutdown FollowerState
2019-10-17 20:31:39,563 [Thread-196] INFO  impl.FollowerState (FollowerState.java:run(117)) - 840dadcc-bbff-4158-865b-0f258f3c1721@group-2A6A460D0DE8-FollowerState was interrupted: java.lang.InterruptedException: sleep interrupted
2019-10-17 20:31:39,563 [grpc-default-executor-0] INFO  impl.RoleInfo (RoleInfo.java:updateAndGet(143)) - 840dadcc-bbff-4158-865b-0f258f3c1721: start FollowerState
2019-10-17 20:31:39,584 [bdd1c484-1a92-4a2c-bc93-a7d8718d9bdc@group-2A6A460D0DE8-LeaderElection5] INFO  impl.LeaderElection (LeaderElection.java:askForVotes(178)) - bdd1c484-1a92-4a2c-bc93-a7d8718d9bdc@group-2A6A460D0DE8-LeaderElection5: begin an election at term 1 for -1: [12dca792-6614-46e6-8fa8-e27f364a29d9:192.168.164.201:45540, bdd1c484-1a92-4a2c-bc93-a7d8718d9bdc:192.168.164.201:46574, 840dadcc-bbff-4158-865b-0f258f3c1721:192.168.164.201:46061], old=null
2019-10-17 20:31:39,602 [12dca792-6614-46e6-8fa8-e27f364a29d9@group-2A6A460D0DE8-LeaderElection3] INFO  impl.LeaderElection (LeaderElection.java:logAndReturn(56)) - 12dca792-6614-46e6-8fa8-e27f364a29d9@group-2A6A460D0DE8-LeaderElection3: Election PASSED; received 1 response(s) [12dca792-6614-46e6-8fa8-e27f364a29d9<-840dadcc-bbff-4158-865b-0f258f3c1721#0:OK-t1] and 0 exception(s); 12dca792-6614-46e6-8fa8-e27f364a29d9@group-2A6A460D0DE8:t1, leader=null, voted=12dca792-6614-46e6-8fa8-e27f364a29d9, raftlog=12dca792-6614-46e6-8fa8-e27f364a29d9@group-2A6A460D0DE8-SegmentedRaftLog:OPENED:c-1,f-1,i0, conf=-1: [12dca792-6614-46e6-8fa8-e27f364a29d9:192.168.164.201:45540, bdd1c484-1a92-4a2c-bc93-a7d8718d9bdc:192.168.164.201:46574, 840dadcc-bbff-4158-865b-0f258f3c1721:192.168.164.201:46061], old=null
2019-10-17 20:31:39,603 [12dca792-6614-46e6-8fa8-e27f364a29d9@group-2A6A460D0DE8-LeaderElection3] INFO  impl.RoleInfo (RoleInfo.java:shutdownLeaderElection(134)) - 12dca792-6614-46e6-8fa8-e27f364a29d9: shutdown LeaderElection
2019-10-17 20:31:39,604 [12dca792-6614-46e6-8fa8-e27f364a29d9@group-2A6A460D0DE8-LeaderElection3] INFO  impl.RaftServerImpl (RaftServerImpl.java:setRole(184)) - 12dca792-6614-46e6-8fa8-e27f364a29d9@group-2A6A460D0DE8: changes role from CANDIDATE to LEADER at term 1 for changeToLeader
2019-10-17 20:31:39,604 [12dca792-6614-46e6-8fa8-e27f364a29d9@group-2A6A460D0DE8-LeaderElection3] INFO  ratis.XceiverServerRatis (XceiverServerRatis.java:handleLeaderChangedNotification(700)) - Leader change notification received for group: group-2A6A460D0DE8 with new leaderId: 12dca792-6614-46e6-8fa8-e27f364a29d9
2019-10-17 20:31:39,604 [12dca792-6614-46e6-8fa8-e27f364a29d9@group-2A6A460D0DE8-LeaderElection3] INFO  impl.RaftServerImpl (ServerState.java:setLeader(256)) - 12dca792-6614-46e6-8fa8-e27f364a29d9@group-2A6A460D0DE8: change Leader from null to 12dca792-6614-46e6-8fa8-e27f364a29d9 at term 1 for becomeLeader, leader elected after 203ms
2019-10-17 20:31:39,604 [12dca792-6614-46e6-8fa8-e27f364a29d9@group-2A6A460D0DE8-LeaderElection3] INFO  server.RaftServerConfigKeys (ConfUtils.java:logGet(43)) - raft.server.staging.catchup.gap = 1000 (default)
2019-10-17 20:31:39,604 [12dca792-6614-46e6-8fa8-e27f364a29d9@group-2A6A460D0DE8-LeaderElection3] INFO  server.RaftServerConfigKeys (ConfUtils.java:logGet(43)) - raft.server.rpc.sleep.time = 25ms (default)
2019-10-17 20:31:39,605 [12dca792-6614-46e6-8fa8-e27f364a29d9@group-2A6A460D0DE8-LeaderElection3] INFO  server.RaftServerConfigKeys (ConfUtils.java:logGet(43)) - raft.server.write.element-limit = 4096 (default)
2019-10-17 20:31:39,605 [12dca792-6614-46e6-8fa8-e27f364a29d9@group-2A6A460D0DE8-LeaderElection3] INFO  server.RaftServerConfigKeys (ConfUtils.java:logGet(43)) - raft.server.watch.timeout = 10s (default)
2019-10-17 20:31:39,606 [12dca792-6614-46e6-8fa8-e27f364a29d9@group-2A6A460D0DE8-LeaderElection3] INFO  server.RaftServerConfigKeys (ConfUtils.java:logGet(43)) - raft.server.watch.timeout.denomination = 1s (default)
2019-10-17 20:31:39,606 [12dca792-6614-46e6-8fa8-e27f364a29d9@group-2A6A460D0DE8-LeaderElection3] INFO  server.RaftServerConfigKeys (ConfUtils.java:logGet(43)) - raft.server.watch.element-limit = 65536 (default)
2019-10-17 20:31:39,608 [EventQueue-PipelineReportForPipelineReportHandler] INFO  pipeline.PipelineReportHandler (PipelineReportHandler.java:processPipelineReport(119)) - Pipeline PipelineID=fabcd360-6f7c-4dfa-bd95-2a6a460d0de8 reported by 12dca792-6614-46e6-8fa8-e27f364a29d9{ip: 192.168.164.201, host: pr-hdds-1868-s6sc9-3720172378, networkLocation: /default-rack, certSerialId: null} with leaderId 12dca792-6614-46e6-8fa8-e27f364a29d9
2019-10-17 20:31:39,616 [12dca792-6614-46e6-8fa8-e27f364a29d9@group-2A6A460D0DE8-LeaderElection3] INFO  server.RaftServerConfigKeys (ConfUtils.java:logGet(43)) - raft.server.log.appender.snapshot.chunk.size.max = 16MB (=16777216) (default)
2019-10-17 20:31:39,616 [12dca792-6614-46e6-8fa8-e27f364a29d9@group-2A6A460D0DE8-LeaderElection3] INFO  server.RaftServerConfigKeys (ConfUtils.java:logGet(43)) - raft.server.log.appender.buffer.byte-limit = 33554432 (custom)
2019-10-17 20:31:39,617 [12dca792-6614-46e6-8fa8-e27f364a29d9@group-2A6A460D0DE8-LeaderElection3] INFO  server.RaftServerConfigKeys (ConfUtils.java:logGet(43)) - raft.server.log.appender.buffer.element-limit = 1 (custom)
2019-10-17 20:31:39,621 [12dca792-6614-46e6-8fa8-e27f364a29d9@group-2A6A460D0DE8-LeaderElection3] INFO  grpc.GrpcConfigKeys$Server (ConfUtils.java:logGet(43)) - raft.grpc.server.leader.outstanding.appends.max = 128 (default)
2019-10-17 20:31:39,624 [12dca792-6614-46e6-8fa8-e27f364a29d9@group-2A6A460D0DE8-LeaderElection3] INFO  server.RaftServerConfigKeys (ConfUtils.java:logGet(43)) - raft.server.rpc.request.timeout = 3000ms (default)
2019-10-17 20:31:39,624 [12dca792-6614-46e6-8fa8-e27f364a29d9@group-2A6A460D0DE8-LeaderElection3] INFO  server.RaftServerConfigKeys (ConfUtils.java:logGet(43)) - raft.server.log.appender.install.snapshot.enabled = false (custom)
2019-10-17 20:31:39,630 [12dca792-6614-46e6-8fa8-e27f364a29d9@group-2A6A460D0DE8-LeaderElection3] INFO  server.RaftServerConfigKeys (ConfUtils.java:logGet(43)) - raft.server.log.appender.snapshot.chunk.size.max = 16MB (=16777216) (default)
2019-10-17 20:31:39,630 [12dca792-6614-46e6-8fa8-e27f364a29d9@group-2A6A460D0DE8-LeaderElection3] INFO  server.RaftServerConfigKeys (ConfUtils.java:logGet(43)) - raft.server.log.appender.buffer.byte-limit = 33554432 (custom)
2019-10-17 20:31:39,630 [12dca792-6614-46e6-8fa8-e27f364a29d9@group-2A6A460D0DE8-LeaderElection3] INFO  server.RaftServerConfigKeys (ConfUtils.java:logGet(43)) - raft.server.log.appender.buffer.element-limit = 1 (custom)
2019-10-17 20:31:39,631 [12dca792-6614-46e6-8fa8-e27f364a29d9@group-2A6A460D0DE8-LeaderElection3] INFO  grpc.GrpcConfigKeys$Server (ConfUtils.java:logGet(43)) - raft.grpc.server.leader.outstanding.appends.max = 128 (default)
2019-10-17 20:31:39,631 [12dca792-6614-46e6-8fa8-e27f364a29d9@group-2A6A460D0DE8-LeaderElection3] INFO  server.RaftServerConfigKeys (ConfUtils.java:logGet(43)) - raft.server.rpc.request.timeout = 3000ms (default)
2019-10-17 20:31:39,631 [12dca792-6614-46e6-8fa8-e27f364a29d9@group-2A6A460D0DE8-LeaderElection3] INFO  server.RaftServerConfigKeys (ConfUtils.java:logGet(43)) - raft.server.log.appender.install.snapshot.enabled = false (custom)
2019-10-17 20:31:39,637 [12dca792-6614-46e6-8fa8-e27f364a29d9@group-2A6A460D0DE8-LeaderElection3] INFO  impl.RoleInfo (RoleInfo.java:updateAndGet(143)) - 12dca792-6614-46e6-8fa8-e27f364a29d9: start LeaderState
2019-10-17 20:31:39,638 [12dca792-6614-46e6-8fa8-e27f364a29d9@group-2A6A460D0DE8-LeaderElection3] INFO  segmented.SegmentedRaftLogWorker (SegmentedRaftLogWorker.java:startLogSegment(385)) - 12dca792-6614-46e6-8fa8-e27f364a29d9@group-2A6A460D0DE8-SegmentedRaftLogWorker: Starting segment from index:0
2019-10-17 20:31:39,639 [12dca792-6614-46e6-8fa8-e27f364a29d9@group-2A6A460D0DE8-LeaderElection3] INFO  impl.RaftServerImpl (ServerState.java:setRaftConf(357)) - 12dca792-6614-46e6-8fa8-e27f364a29d9@group-2A6A460D0DE8: set configuration 0: [12dca792-6614-46e6-8fa8-e27f364a29d9:192.168.164.201:45540, bdd1c484-1a92-4a2c-bc93-a7d8718d9bdc:192.168.164.201:46574, 840dadcc-bbff-4158-865b-0f258f3c1721:192.168.164.201:46061], old=null at 0
2019-10-17 20:31:39,676 [grpc-default-executor-3] INFO  impl.RaftServerImpl (RaftServerImpl.java:requestVote(776)) - 12dca792-6614-46e6-8fa8-e27f364a29d9@group-2A6A460D0DE8-   LEADER: Withhold vote from candidate bdd1c484-1a92-4a2c-bc93-a7d8718d9bdc with term 1. State: leader=12dca792-6614-46e6-8fa8-e27f364a29d9, term=1, lastRpcElapsed=null
2019-10-17 20:31:39,685 [Thread-207] INFO  impl.FollowerState (FollowerState.java:run(108)) - 840dadcc-bbff-4158-865b-0f258f3c1721@group-2A6A460D0DE8-FollowerState: change to CANDIDATE, lastRpcTime:121ms, electionTimeout:120ms
2019-10-17 20:31:39,686 [Thread-207] INFO  impl.RoleInfo (RoleInfo.java:shutdownFollowerState(121)) - 840dadcc-bbff-4158-865b-0f258f3c1721: shutdown FollowerState
2019-10-17 20:31:39,686 [bdd1c484-1a92-4a2c-bc93-a7d8718d9bdc@group-2A6A460D0DE8-LeaderElection5] INFO  impl.LeaderElection (LeaderElection.java:logAndReturn(56)) - bdd1c484-1a92-4a2c-bc93-a7d8718d9bdc@group-2A6A460D0DE8-LeaderElection5: Election REJECTED; received 2 response(s) [bdd1c484-1a92-4a2c-bc93-a7d8718d9bdc<-12dca792-6614-46e6-8fa8-e27f364a29d9#0:FAIL-t1, bdd1c484-1a92-4a2c-bc93-a7d8718d9bdc<-840dadcc-bbff-4158-865b-0f258f3c1721#0:FAIL-t1] and 0 exception(s); bdd1c484-1a92-4a2c-bc93-a7d8718d9bdc@group-2A6A460D0DE8:t1, leader=null, voted=bdd1c484-1a92-4a2c-bc93-a7d8718d9bdc, raftlog=bdd1c484-1a92-4a2c-bc93-a7d8718d9bdc@group-2A6A460D0DE8-SegmentedRaftLog:OPENED:c-1,f-1,i0, conf=-1: [12dca792-6614-46e6-8fa8-e27f364a29d9:192.168.164.201:45540, bdd1c484-1a92-4a2c-bc93-a7d8718d9bdc:192.168.164.201:46574, 840dadcc-bbff-4158-865b-0f258f3c1721:192.168.164.201:46061], old=null
2019-10-17 20:31:39,686 [Thread-207] INFO  impl.RaftServerImpl (RaftServerImpl.java:setRole(184)) - 840dadcc-bbff-4158-865b-0f258f3c1721@group-2A6A460D0DE8: changes role from  FOLLOWER to CANDIDATE at term 1 for changeToCandidate
2019-10-17 20:31:39,686 [bdd1c484-1a92-4a2c-bc93-a7d8718d9bdc@group-2A6A460D0DE8-LeaderElection5] INFO  impl.RaftServerImpl (RaftServerImpl.java:setRole(184)) - bdd1c484-1a92-4a2c-bc93-a7d8718d9bdc@group-2A6A460D0DE8: changes role from CANDIDATE to FOLLOWER at term 1 for DISCOVERED_A_NEW_TERM
2019-10-17 20:31:39,688 [Thread-207] INFO  impl.RoleInfo (RoleInfo.java:updateAndGet(143)) - 840dadcc-bbff-4158-865b-0f258f3c1721: start LeaderElection
2019-10-17 20:31:39,688 [bdd1c484-1a92-4a2c-bc93-a7d8718d9bdc@group-2A6A460D0DE8-LeaderElection5] INFO  impl.RoleInfo (RoleInfo.java:shutdownLeaderElection(134)) - bdd1c484-1a92-4a2c-bc93-a7d8718d9bdc: shutdown LeaderElection
2019-10-17 20:31:39,688 [bdd1c484-1a92-4a2c-bc93-a7d8718d9bdc@group-2A6A460D0DE8-LeaderElection5] INFO  impl.RoleInfo (RoleInfo.java:updateAndGet(143)) - bdd1c484-1a92-4a2c-bc93-a7d8718d9bdc: start FollowerState
2019-10-17 20:31:39,701 [12dca792-6614-46e6-8fa8-e27f364a29d9@group-2A6A460D0DE8-SegmentedRaftLogWorker] INFO  segmented.SegmentedRaftLogWorker (SegmentedRaftLogWorker.java:execute(576)) - 12dca792-6614-46e6-8fa8-e27f364a29d9@group-2A6A460D0DE8-SegmentedRaftLogWorker: created new log segment /workdir/hadoop-ozone/tools/target/test-dir/MiniOzoneClusterImpl-4067a7c1-930e-4438-9b9c-131754719370/datanode-1/data/ratis/fabcd360-6f7c-4dfa-bd95-2a6a460d0de8/current/log_inprogress_0
2019-10-17 20:31:39,707 [grpc-default-executor-2] INFO  ratis.XceiverServerRatis (XceiverServerRatis.java:handleLeaderChangedNotification(700)) - Leader change notification received for group: group-2A6A460D0DE8 with new leaderId: 12dca792-6614-46e6-8fa8-e27f364a29d9
2019-10-17 20:31:39,708 [grpc-default-executor-2] INFO  impl.RaftServerImpl (ServerState.java:setLeader(256)) - bdd1c484-1a92-4a2c-bc93-a7d8718d9bdc@group-2A6A460D0DE8: change Leader from null to 12dca792-6614-46e6-8fa8-e27f364a29d9 at term 1 for appendEntries, leader elected after 307ms
2019-10-17 20:31:39,711 [EventQueue-PipelineReportForPipelineReportHandler] INFO  pipeline.PipelineReportHandler (PipelineReportHandler.java:processPipelineReport(119)) - Pipeline PipelineID=fabcd360-6f7c-4dfa-bd95-2a6a460d0de8 reported by bdd1c484-1a92-4a2c-bc93-a7d8718d9bdc{ip: 192.168.164.201, host: pr-hdds-1868-s6sc9-3720172378, networkLocation: /default-rack, certSerialId: null} with leaderId 12dca792-6614-46e6-8fa8-e27f364a29d9
2019-10-17 20:31:39,718 [840dadcc-bbff-4158-865b-0f258f3c1721@group-2A6A460D0DE8-LeaderElection6] INFO  impl.LeaderElection (LeaderElection.java:askForVotes(178)) - 840dadcc-bbff-4158-865b-0f258f3c1721@group-2A6A460D0DE8-LeaderElection6: begin an election at term 2 for -1: [12dca792-6614-46e6-8fa8-e27f364a29d9:192.168.164.201:45540, bdd1c484-1a92-4a2c-bc93-a7d8718d9bdc:192.168.164.201:46574, 840dadcc-bbff-4158-865b-0f258f3c1721:192.168.164.201:46061], old=null
2019-10-17 20:31:39,725 [Thread-210] INFO  impl.RaftServerImpl (ServerState.java:setLeader(256)) - 12dca792-6614-46e6-8fa8-e27f364a29d9@group-2A6A460D0DE8: change Leader from 12dca792-6614-46e6-8fa8-e27f364a29d9 to null at term 2 for updateCurrentTerm
2019-10-17 20:31:39,726 [Thread-210] INFO  impl.RaftServerImpl (RaftServerImpl.java:setRole(184)) - 12dca792-6614-46e6-8fa8-e27f364a29d9@group-2A6A460D0DE8: changes role from    LEADER to FOLLOWER at term 2 for stepDown
2019-10-17 20:31:39,726 [Thread-210] INFO  impl.RoleInfo (RoleInfo.java:shutdownLeaderState(104)) - 12dca792-6614-46e6-8fa8-e27f364a29d9: shutdown LeaderState
2019-10-17 20:31:39,728 [org.apache.ratis.server.impl.LogAppender$AppenderDaemon$$Lambda$438/1312829605@5152fa77] WARN  server.GrpcLogAppender (GrpcLogAppender.java:mayWait(149)) - 12dca792-6614-46e6-8fa8-e27f364a29d9@group-2A6A460D0DE8->840dadcc-bbff-4158-865b-0f258f3c1721-GrpcLogAppender: Wait interrupted by java.lang.InterruptedException
2019-10-17 20:31:39,731 [Thread-210] INFO  impl.PendingRequests (PendingRequests.java:sendNotLeaderResponses(202)) - 12dca792-6614-46e6-8fa8-e27f364a29d9@group-2A6A460D0DE8-PendingRequests: sendNotLeaderResponses
2019-10-17 20:31:39,732 [grpc-default-executor-2] INFO  server.GrpcServerProtocolService (GrpcServerProtocolService.java:onCompleted(113)) - bdd1c484-1a92-4a2c-bc93-a7d8718d9bdc: Completed APPEND_ENTRIES, lastRequest: 12dca792-6614-46e6-8fa8-e27f364a29d9->bdd1c484-1a92-4a2c-bc93-a7d8718d9bdc#0-t1, previous=(t:0, i:0), leaderCommit=-1, initializing? false, entries: <empty>
2019-10-17 20:31:39,732 [grpc-default-executor-1] INFO  server.GrpcServerProtocolService (GrpcServerProtocolService.java:onCompleted(113)) - 840dadcc-bbff-4158-865b-0f258f3c1721: Completed APPEND_ENTRIES, lastRequest: 12dca792-6614-46e6-8fa8-e27f364a29d9->840dadcc-bbff-4158-865b-0f258f3c1721#0-t1, previous=(t:0, i:0), leaderCommit=-1, initializing? false, entries: <empty>
2019-10-17 20:31:39,735 [Thread-210] INFO  impl.RoleInfo (RoleInfo.java:updateAndGet(143)) - 12dca792-6614-46e6-8fa8-e27f364a29d9: start FollowerState
2019-10-17 20:31:39,737 [grpc-default-executor-2] INFO  server.GrpcLogAppender (GrpcLogAppender.java:onCompleted(308)) - 12dca792-6614-46e6-8fa8-e27f364a29d9@group-2A6A460D0DE8->bdd1c484-1a92-4a2c-bc93-a7d8718d9bdc-AppendLogResponseHandler: follower responses appendEntries COMPLETED
2019-10-17 20:31:39,737 [grpc-default-executor-3] INFO  server.GrpcLogAppender (GrpcLogAppender.java:onCompleted(308)) - 12dca792-6614-46e6-8fa8-e27f364a29d9@group-2A6A460D0DE8->840dadcc-bbff-4158-865b-0f258f3c1721-AppendLogResponseHandler: follower responses appendEntries COMPLETED
2019-10-17 20:31:39,738 [grpc-default-executor-0] INFO  impl.RaftServerImpl (ServerState.java:setLeader(256)) - bdd1c484-1a92-4a2c-bc93-a7d8718d9bdc@group-2A6A460D0DE8: change Leader from 12dca792-6614-46e6-8fa8-e27f364a29d9 to null at term 2 for updateCurrentTerm
2019-10-17 20:31:39,739 [grpc-default-executor-0] INFO  impl.RaftServerImpl (RaftServerImpl.java:setRole(184)) - bdd1c484-1a92-4a2c-bc93-a7d8718d9bdc@group-2A6A460D0DE8: changes role from  FOLLOWER to FOLLOWER at term 2 for recognizeCandidate:840dadcc-bbff-4158-865b-0f258f3c1721
2019-10-17 20:31:39,739 [grpc-default-executor-0] INFO  impl.RoleInfo (RoleInfo.java:shutdownFollowerState(121)) - bdd1c484-1a92-4a2c-bc93-a7d8718d9bdc: shutdown FollowerState
2019-10-17 20:31:39,740 [Thread-214] INFO  impl.FollowerState (FollowerState.java:run(117)) - bdd1c484-1a92-4a2c-bc93-a7d8718d9bdc@group-2A6A460D0DE8-FollowerState was interrupted: java.lang.InterruptedException: sleep interrupted
2019-10-17 20:31:39,740 [grpc-default-executor-0] INFO  impl.RoleInfo (RoleInfo.java:updateAndGet(143)) - bdd1c484-1a92-4a2c-bc93-a7d8718d9bdc: start FollowerState
2019-10-17 20:31:39,742 [grpc-default-executor-2] INFO  impl.FollowerInfo (FollowerInfo.java:lambda$new$0(51)) - 12dca792-6614-46e6-8fa8-e27f364a29d9@group-2A6A460D0DE8->bdd1c484-1a92-4a2c-bc93-a7d8718d9bdc: nextIndex: updateUnconditionally 0 -> 0
2019-10-17 20:31:39,742 [grpc-default-executor-3] INFO  impl.FollowerInfo (FollowerInfo.java:lambda$new$0(51)) - 12dca792-6614-46e6-8fa8-e27f364a29d9@group-2A6A460D0DE8->840dadcc-bbff-4158-865b-0f258f3c1721: nextIndex: updateUnconditionally 0 -> 0
2019-10-17 20:31:39,761 [grpc-default-executor-1] INFO  impl.RaftServerImpl (RaftServerImpl.java:setRole(184)) - 12dca792-6614-46e6-8fa8-e27f364a29d9@group-2A6A460D0DE8: changes role from  FOLLOWER to FOLLOWER at term 2 for recognizeCandidate:840dadcc-bbff-4158-865b-0f258f3c1721
2019-10-17 20:31:39,761 [grpc-default-executor-1] INFO  impl.RoleInfo (RoleInfo.java:shutdownFollowerState(121)) - 12dca792-6614-46e6-8fa8-e27f364a29d9: shutdown FollowerState
2019-10-17 20:31:39,762 [Thread-220] INFO  impl.FollowerState (FollowerState.java:run(117)) - 12dca792-6614-46e6-8fa8-e27f364a29d9@group-2A6A460D0DE8-FollowerState was interrupted: java.lang.InterruptedException: sleep interrupted
2019-10-17 20:31:39,762 [grpc-default-executor-1] INFO  impl.RoleInfo (RoleInfo.java:updateAndGet(143)) - 12dca792-6614-46e6-8fa8-e27f364a29d9: start FollowerState
2019-10-17 20:31:39,766 [840dadcc-bbff-4158-865b-0f258f3c1721@group-2A6A460D0DE8-LeaderElection6] INFO  impl.LeaderElection (LeaderElection.java:logAndReturn(56)) - 840dadcc-bbff-4158-865b-0f258f3c1721@group-2A6A460D0DE8-LeaderElection6: Election PASSED; received 1 response(s) [840dadcc-bbff-4158-865b-0f258f3c1721<-bdd1c484-1a92-4a2c-bc93-a7d8718d9bdc#0:OK-t2] and 0 exception(s); 840dadcc-bbff-4158-865b-0f258f3c1721@group-2A6A460D0DE8:t2, leader=null, voted=840dadcc-bbff-4158-865b-0f258f3c1721, raftlog=840dadcc-bbff-4158-865b-0f258f3c1721@group-2A6A460D0DE8-SegmentedRaftLog:OPENED:c-1,f-1,i0, conf=-1: [12dca792-6614-46e6-8fa8-e27f364a29d9:192.168.164.201:45540, bdd1c484-1a92-4a2c-bc93-a7d8718d9bdc:192.168.164.201:46574, 840dadcc-bbff-4158-865b-0f258f3c1721:192.168.164.201:46061], old=null
2019-10-17 20:31:39,767 [840dadcc-bbff-4158-865b-0f258f3c1721@group-2A6A460D0DE8-LeaderElection6] INFO  impl.RoleInfo (RoleInfo.java:shutdownLeaderElection(134)) - 840dadcc-bbff-4158-865b-0f258f3c1721: shutdown LeaderElection
2019-10-17 20:31:39,767 [840dadcc-bbff-4158-865b-0f258f3c1721@group-2A6A460D0DE8-LeaderElection6] INFO  impl.RaftServerImpl (RaftServerImpl.java:setRole(184)) - 840dadcc-bbff-4158-865b-0f258f3c1721@group-2A6A460D0DE8: changes role from CANDIDATE to LEADER at term 2 for changeToLeader
2019-10-17 20:31:39,768 [840dadcc-bbff-4158-865b-0f258f3c1721@group-2A6A460D0DE8-LeaderElection6] INFO  ratis.XceiverServerRatis (XceiverServerRatis.java:handleLeaderChangedNotification(700)) - Leader change notification received for group: group-2A6A460D0DE8 with new leaderId: 840dadcc-bbff-4158-865b-0f258f3c1721
2019-10-17 20:31:39,769 [840dadcc-bbff-4158-865b-0f258f3c1721@group-2A6A460D0DE8-LeaderElection6] INFO  impl.RaftServerImpl (ServerState.java:setLeader(256)) - 840dadcc-bbff-4158-865b-0f258f3c1721@group-2A6A460D0DE8: change Leader from null to 840dadcc-bbff-4158-865b-0f258f3c1721 at term 2 for becomeLeader, leader elected after 366ms
2019-10-17 20:31:39,769 [840dadcc-bbff-4158-865b-0f258f3c1721@group-2A6A460D0DE8-LeaderElection6] INFO  server.RaftServerConfigKeys (ConfUtils.java:logGet(43)) - raft.server.staging.catchup.gap = 1000 (default)
2019-10-17 20:31:39,769 [840dadcc-bbff-4158-865b-0f258f3c1721@group-2A6A460D0DE8-LeaderElection6] INFO  server.RaftServerConfigKeys (ConfUtils.java:logGet(43)) - raft.server.rpc.sleep.time = 25ms (default)
2019-10-17 20:31:39,769 [840dadcc-bbff-4158-865b-0f258f3c1721@group-2A6A460D0DE8-LeaderElection6] INFO  server.RaftServerConfigKeys (ConfUtils.java:logGet(43)) - raft.server.write.element-limit = 4096 (default)
2019-10-17 20:31:39,770 [840dadcc-bbff-4158-865b-0f258f3c1721@group-2A6A460D0DE8-LeaderElection6] INFO  server.RaftServerConfigKeys (ConfUtils.java:logGet(43)) - raft.server.watch.timeout = 10s (default)
2019-10-17 20:31:39,770 [840dadcc-bbff-4158-865b-0f258f3c1721@group-2A6A460D0DE8-LeaderElection6] INFO  server.RaftServerConfigKeys (ConfUtils.java:logGet(43)) - raft.server.watch.timeout.denomination = 1s (default)
2019-10-17 20:31:39,770 [840dadcc-bbff-4158-865b-0f258f3c1721@group-2A6A460D0DE8-LeaderElection6] INFO  server.RaftServerConfigKeys (ConfUtils.java:logGet(43)) - raft.server.watch.element-limit = 65536 (default)
2019-10-17 20:31:39,771 [EventQueue-PipelineReportForPipelineReportHandler] INFO  pipeline.PipelineReportHandler (PipelineReportHandler.java:processPipelineReport(119)) - Pipeline PipelineID=fabcd360-6f7c-4dfa-bd95-2a6a460d0de8 reported by 840dadcc-bbff-4158-865b-0f258f3c1721{ip: 192.168.164.201, host: pr-hdds-1868-s6sc9-3720172378, networkLocation: /default-rack, certSerialId: null} with leaderId 840dadcc-bbff-4158-865b-0f258f3c1721
2019-10-17 20:31:39,774 [840dadcc-bbff-4158-865b-0f258f3c1721@group-2A6A460D0DE8-LeaderElection6] INFO  server.RaftServerConfigKeys (ConfUtils.java:logGet(43)) - raft.server.log.appender.snapshot.chunk.size.max = 16MB (=16777216) (default)
2019-10-17 20:31:39,774 [840dadcc-bbff-4158-865b-0f258f3c1721@group-2A6A460D0DE8-LeaderElection6] INFO  server.RaftServerConfigKeys (ConfUtils.java:logGet(43)) - raft.server.log.appender.buffer.byte-limit = 33554432 (custom)
2019-10-17 20:31:39,774 [840dadcc-bbff-4158-865b-0f258f3c1721@group-2A6A460D0DE8-LeaderElection6] INFO  server.RaftServerConfigKeys (ConfUtils.java:logGet(43)) - raft.server.log.appender.buffer.element-limit = 1 (custom)
2019-10-17 20:31:39,774 [840dadcc-bbff-4158-865b-0f258f3c1721@group-2A6A460D0DE8-LeaderElection6] INFO  grpc.GrpcConfigKeys$Server (ConfUtils.java:logGet(43)) - raft.grpc.server.leader.outstanding.appends.max = 128 (default)
2019-10-17 20:31:39,775 [840dadcc-bbff-4158-865b-0f258f3c1721@group-2A6A460D0DE8-LeaderElection6] INFO  server.RaftServerConfigKeys (ConfUtils.java:logGet(43)) - raft.server.rpc.request.timeout = 3000ms (default)
2019-10-17 20:31:39,775 [840dadcc-bbff-4158-865b-0f258f3c1721@group-2A6A460D0DE8-LeaderElection6] INFO  server.RaftServerConfigKeys (ConfUtils.java:logGet(43)) - raft.server.log.appender.install.snapshot.enabled = false (custom)
2019-10-17 20:31:39,777 [840dadcc-bbff-4158-865b-0f258f3c1721@group-2A6A460D0DE8-LeaderElection6] INFO  server.RaftServerConfigKeys (ConfUtils.java:logGet(43)) - raft.server.log.appender.snapshot.chunk.size.max = 16MB (=16777216) (default)
2019-10-17 20:31:39,777 [840dadcc-bbff-4158-865b-0f258f3c1721@group-2A6A460D0DE8-LeaderElection6] INFO  server.RaftServerConfigKeys (ConfUtils.java:logGet(43)) - raft.server.log.appender.buffer.byte-limit = 33554432 (custom)
2019-10-17 20:31:39,778 [840dadcc-bbff-4158-865b-0f258f3c1721@group-2A6A460D0DE8-LeaderElection6] INFO  server.RaftServerConfigKeys (ConfUtils.java:logGet(43)) - raft.server.log.appender.buffer.element-limit = 1 (custom)
2019-10-17 20:31:39,778 [840dadcc-bbff-4158-865b-0f258f3c1721@group-2A6A460D0DE8-LeaderElection6] INFO  grpc.GrpcConfigKeys$Server (ConfUtils.java:logGet(43)) - raft.grpc.server.leader.outstanding.appends.max = 128 (default)
2019-10-17 20:31:39,778 [840dadcc-bbff-4158-865b-0f258f3c1721@group-2A6A460D0DE8-LeaderElection6] INFO  server.RaftServerConfigKeys (ConfUtils.java:logGet(43)) - raft.server.rpc.request.timeout = 3000ms (default)
2019-10-17 20:31:39,778 [840dadcc-bbff-4158-865b-0f258f3c1721@group-2A6A460D0DE8-LeaderElection6] INFO  server.RaftServerConfigKeys (ConfUtils.java:logGet(43)) - raft.server.log.appender.install.snapshot.enabled = false (custom)
2019-10-17 20:31:39,780 [840dadcc-bbff-4158-865b-0f258f3c1721@group-2A6A460D0DE8-LeaderElection6] INFO  impl.RoleInfo (RoleInfo.java:updateAndGet(143)) - 840dadcc-bbff-4158-865b-0f258f3c1721: start LeaderState
2019-10-17 20:31:39,781 [840dadcc-bbff-4158-865b-0f258f3c1721@group-2A6A460D0DE8-LeaderElection6] INFO  segmented.SegmentedRaftLogWorker (SegmentedRaftLogWorker.java:startLogSegment(385)) - 840dadcc-bbff-4158-865b-0f258f3c1721@group-2A6A460D0DE8-SegmentedRaftLogWorker: Starting segment from index:0
2019-10-17 20:31:39,782 [840dadcc-bbff-4158-865b-0f258f3c1721@group-2A6A460D0DE8-LeaderElection6] INFO  impl.RaftServerImpl (ServerState.java:setRaftConf(357)) - 840dadcc-bbff-4158-865b-0f258f3c1721@group-2A6A460D0DE8: set configuration 0: [12dca792-6614-46e6-8fa8-e27f364a29d9:192.168.164.201:45540, bdd1c484-1a92-4a2c-bc93-a7d8718d9bdc:192.168.164.201:46574, 840dadcc-bbff-4158-865b-0f258f3c1721:192.168.164.201:46061], old=null at 0
2019-10-17 20:31:39,821 [grpc-default-executor-0] INFO  ratis.XceiverServerRatis (XceiverServerRatis.java:handleLeaderChangedNotification(700)) - Leader change notification received for group: group-2A6A460D0DE8 with new leaderId: 840dadcc-bbff-4158-865b-0f258f3c1721
2019-10-17 20:31:39,821 [grpc-default-executor-1] INFO  ratis.XceiverServerRatis (XceiverServerRatis.java:handleLeaderChangedNotification(700)) - Leader change notification received for group: group-2A6A460D0DE8 with new leaderId: 840dadcc-bbff-4158-865b-0f258f3c1721
2019-10-17 20:31:39,821 [grpc-default-executor-0] INFO  impl.RaftServerImpl (ServerState.java:setLeader(256)) - 12dca792-6614-46e6-8fa8-e27f364a29d9@group-2A6A460D0DE8: change Leader from null to 840dadcc-bbff-4158-865b-0f258f3c1721 at term 2 for appendEntries, leader elected after 96ms
2019-10-17 20:31:39,822 [grpc-default-executor-1] INFO  impl.RaftServerImpl (ServerState.java:setLeader(256)) - bdd1c484-1a92-4a2c-bc93-a7d8718d9bdc@group-2A6A460D0DE8: change Leader from null to 840dadcc-bbff-4158-865b-0f258f3c1721 at term 2 for appendEntries, leader elected after 82ms
2019-10-17 20:31:39,825 [EventQueue-PipelineReportForPipelineReportHandler] INFO  pipeline.PipelineReportHandler (PipelineReportHandler.java:processPipelineReport(119)) - Pipeline PipelineID=fabcd360-6f7c-4dfa-bd95-2a6a460d0de8 reported by 12dca792-6614-46e6-8fa8-e27f364a29d9{ip: 192.168.164.201, host: pr-hdds-1868-s6sc9-3720172378, networkLocation: /default-rack, certSerialId: null} with leaderId 840dadcc-bbff-4158-865b-0f258f3c1721
2019-10-17 20:31:39,830 [EventQueue-PipelineReportForPipelineReportHandler] INFO  pipeline.PipelineReportHandler (PipelineReportHandler.java:processPipelineReport(119)) - Pipeline PipelineID=fabcd360-6f7c-4dfa-bd95-2a6a460d0de8 reported by bdd1c484-1a92-4a2c-bc93-a7d8718d9bdc{ip: 192.168.164.201, host: pr-hdds-1868-s6sc9-3720172378, networkLocation: /default-rack, certSerialId: null} with leaderId 840dadcc-bbff-4158-865b-0f258f3c1721
2019-10-17 20:31:39,830 [EventQueue-PipelineReportForPipelineReportHandler] INFO  pipeline.PipelineStateManager (PipelineStateManager.java:openPipeline(134)) - Pipeline Pipeline[ Id: fabcd360-6f7c-4dfa-bd95-2a6a460d0de8, Nodes: bdd1c484-1a92-4a2c-bc93-a7d8718d9bdc{ip: 192.168.164.201, host: pr-hdds-1868-s6sc9-3720172378, networkLocation: /default-rack, certSerialId: null}840dadcc-bbff-4158-865b-0f258f3c1721{ip: 192.168.164.201, host: pr-hdds-1868-s6sc9-3720172378, networkLocation: /default-rack, certSerialId: null}12dca792-6614-46e6-8fa8-e27f364a29d9{ip: 192.168.164.201, host: pr-hdds-1868-s6sc9-3720172378, networkLocation: /default-rack, certSerialId: null}, Type:RATIS, Factor:THREE, State:OPEN] moved to OPEN state
2019-10-17 20:31:39,844 [grpc-default-executor-0] INFO  impl.RaftServerImpl (ServerState.java:setRaftConf(357)) - bdd1c484-1a92-4a2c-bc93-a7d8718d9bdc@group-2A6A460D0DE8: set configuration 0: [12dca792-6614-46e6-8fa8-e27f364a29d9:192.168.164.201:45540, bdd1c484-1a92-4a2c-bc93-a7d8718d9bdc:192.168.164.201:46574, 840dadcc-bbff-4158-865b-0f258f3c1721:192.168.164.201:46061], old=null at 0
2019-10-17 20:31:39,844 [840dadcc-bbff-4158-865b-0f258f3c1721@group-2A6A460D0DE8-SegmentedRaftLogWorker] INFO  segmented.SegmentedRaftLogWorker (SegmentedRaftLogWorker.java:execute(576)) - 840dadcc-bbff-4158-865b-0f258f3c1721@group-2A6A460D0DE8-SegmentedRaftLogWorker: created new log segment /workdir/hadoop-ozone/tools/target/test-dir/MiniOzoneClusterImpl-4067a7c1-930e-4438-9b9c-131754719370/datanode-0/data/ratis/fabcd360-6f7c-4dfa-bd95-2a6a460d0de8/current/log_inprogress_0
2019-10-17 20:31:39,846 [grpc-default-executor-0] INFO  segmented.SegmentedRaftLogWorker (SegmentedRaftLogWorker.java:startLogSegment(385)) - bdd1c484-1a92-4a2c-bc93-a7d8718d9bdc@group-2A6A460D0DE8-SegmentedRaftLogWorker: Starting segment from index:0
2019-10-17 20:31:39,844 [grpc-default-executor-1] INFO  impl.RaftServerImpl (ServerState.java:setRaftConf(357)) - 12dca792-6614-46e6-8fa8-e27f364a29d9@group-2A6A460D0DE8: set configuration 0: [12dca792-6614-46e6-8fa8-e27f364a29d9:192.168.164.201:45540, bdd1c484-1a92-4a2c-bc93-a7d8718d9bdc:192.168.164.201:46574, 840dadcc-bbff-4158-865b-0f258f3c1721:192.168.164.201:46061], old=null at 0
2019-10-17 20:31:39,848 [grpc-default-executor-1] INFO  segmented.SegmentedRaftLogWorker (SegmentedRaftLogWorker.java:truncate(401)) - 12dca792-6614-46e6-8fa8-e27f364a29d9@group-2A6A460D0DE8-SegmentedRaftLogWorker: Truncating segments toTruncate: null
  toDelete: [(0, 0) isOpen? true, length=0, newEndIndex=-1], start index 0
2019-10-17 20:31:39,849 [grpc-default-executor-1] INFO  segmented.SegmentedRaftLogWorker (SegmentedRaftLogWorker.java:startLogSegment(385)) - 12dca792-6614-46e6-8fa8-e27f364a29d9@group-2A6A460D0DE8-SegmentedRaftLogWorker: Starting segment from index:0
2019-10-17 20:31:39,850 [12dca792-6614-46e6-8fa8-e27f364a29d9@group-2A6A460D0DE8-SegmentedRaftLogWorker] INFO  segmented.SegmentedRaftLogWorker (SegmentedRaftLogWorker.java:execute(640)) - 12dca792-6614-46e6-8fa8-e27f364a29d9@group-2A6A460D0DE8-SegmentedRaftLogWorker: Deleted log file /workdir/hadoop-ozone/tools/target/test-dir/MiniOzoneClusterImpl-4067a7c1-930e-4438-9b9c-131754719370/datanode-1/data/ratis/fabcd360-6f7c-4dfa-bd95-2a6a460d0de8/current/log_inprogress_0
2019-10-17 20:31:39,850 [12dca792-6614-46e6-8fa8-e27f364a29d9@group-2A6A460D0DE8-SegmentedRaftLogWorker] INFO  segmented.SegmentedRaftLogWorker (SegmentedRaftLogWorker.java:lambda$new$0(128)) - 12dca792-6614-46e6-8fa8-e27f364a29d9@group-2A6A460D0DE8-SegmentedRaftLogWorker: flushIndex: setUnconditionally 0 -> -1
2019-10-17 20:31:39,886 [12dca792-6614-46e6-8fa8-e27f364a29d9@group-2A6A460D0DE8-SegmentedRaftLogWorker] INFO  segmented.SegmentedRaftLogWorker (SegmentedRaftLogWorker.java:execute(576)) - 12dca792-6614-46e6-8fa8-e27f364a29d9@group-2A6A460D0DE8-SegmentedRaftLogWorker: created new log segment /workdir/hadoop-ozone/tools/target/test-dir/MiniOzoneClusterImpl-4067a7c1-930e-4438-9b9c-131754719370/datanode-1/data/ratis/fabcd360-6f7c-4dfa-bd95-2a6a460d0de8/current/log_inprogress_0
2019-10-17 20:31:39,886 [bdd1c484-1a92-4a2c-bc93-a7d8718d9bdc@group-2A6A460D0DE8-SegmentedRaftLogWorker] INFO  segmented.SegmentedRaftLogWorker (SegmentedRaftLogWorker.java:execute(576)) - bdd1c484-1a92-4a2c-bc93-a7d8718d9bdc@group-2A6A460D0DE8-SegmentedRaftLogWorker: created new log segment /workdir/hadoop-ozone/tools/target/test-dir/MiniOzoneClusterImpl-4067a7c1-930e-4438-9b9c-131754719370/datanode-2/data/ratis/fabcd360-6f7c-4dfa-bd95-2a6a460d0de8/current/log_inprogress_0
2019-10-17 20:31:40,449 [main] INFO  ozone.MiniOzoneClusterImpl (MiniOzoneClusterImpl.java:lambda$waitForClusterToBeReady$2(172)) - Cluster is ready. Got 3 of 3 DN Heartbeats.
2019-10-17 20:31:41,288 [Thread-178] INFO  container.ReplicationManager (ReplicationManager.java:start(162)) - Starting Replication Monitor Thread.
2019-10-17 20:31:41,290 [ReplicationMonitor] INFO  container.ReplicationManager (ReplicationManager.java:run(225)) - Replication Monitor Thread took 1 milliseconds for processing 0 containers.
2019-10-17 20:31:41,354 [main] INFO  freon.RandomKeyGenerator (RandomKeyGenerator.java:call(283)) - Number of Threads: 10
2019-10-17 20:31:41,355 [main] INFO  freon.RandomKeyGenerator (RandomKeyGenerator.java:call(288)) - Number of Volumes: 1.
2019-10-17 20:31:41,355 [main] INFO  freon.RandomKeyGenerator (RandomKeyGenerator.java:call(289)) - Number of Buckets per Volume: 1.
2019-10-17 20:31:41,355 [main] INFO  freon.RandomKeyGenerator (RandomKeyGenerator.java:call(290)) - Number of Keys per Bucket: 1.
2019-10-17 20:31:41,355 [main] INFO  freon.RandomKeyGenerator (RandomKeyGenerator.java:call(291)) - Key size: 20971520 bytes
2019-10-17 20:31:41,355 [main] INFO  freon.RandomKeyGenerator (RandomKeyGenerator.java:call(292)) - Buffer size: 4096 bytes
2019-10-17 20:31:41,355 [main] INFO  freon.RandomKeyGenerator (RandomKeyGenerator.java:call(293)) - validateWrites : true
2019-10-17 20:31:41,360 [main] INFO  freon.RandomKeyGenerator (RandomKeyGenerator.java:call(307)) - Data validation is enabled.
2019-10-17 20:31:41,361 [main] INFO  freon.RandomKeyGenerator (RandomKeyGenerator.java:call(313)) - Starting progress bar Thread.

 0.00% |?                                                                                                    |  0/1 Time: 0:00:002019-10-17 20:31:41,386 [pool-53-thread-1] INFO  rpc.RpcClient (RpcClient.java:createVolume(272)) - Creating Volume: vol-0-89096, with jenkins1000 as owner.
2019-10-17 20:31:41,514 [IPC Server handler 2 on 36756] INFO  volume.OMVolumeCreateRequest (OMVolumeCreateRequest.java:validateAndUpdateCache(193)) - created volume:vol-0-89096 for user:jenkins1000
2019-10-17 20:31:41,555 [pool-53-thread-2] INFO  rpc.RpcClient (RpcClient.java:createBucket(411)) - Creating Bucket: vol-0-89096/bucket-0-95158, with Versioning false and Storage Type set to DISK and Encryption set to false 
2019-10-17 20:31:41,708 [pool-53-thread-3] INFO  impl.MetricsSystemImpl (MetricsSystemImpl.java:init(158)) - XceiverClientMetrics metrics system started (again)
 0.00% |?                                                                                                    |  0/1 Time: 0:00:01 0.00% |?                                                                                                    |  0/1 Time: 0:00:02 100.00% |?????????????????????????????????????????????????????????????????????????????????????????????????????|  1/1 Time: 0:00:03
2019-10-17 20:31:49,269 [main] INFO  pipeline.SCMPipelineManager (SCMPipelineManager.java:finalizeAndDestroyPipeline(315)) - destroying pipeline:Pipeline[ Id: fabcd360-6f7c-4dfa-bd95-2a6a460d0de8, Nodes: bdd1c484-1a92-4a2c-bc93-a7d8718d9bdc{ip: 192.168.164.201, host: pr-hdds-1868-s6sc9-3720172378, networkLocation: /default-rack, certSerialId: null}840dadcc-bbff-4158-865b-0f258f3c1721{ip: 192.168.164.201, host: pr-hdds-1868-s6sc9-3720172378, networkLocation: /default-rack, certSerialId: null}12dca792-6614-46e6-8fa8-e27f364a29d9{ip: 192.168.164.201, host: pr-hdds-1868-s6sc9-3720172378, networkLocation: /default-rack, certSerialId: null}, Type:RATIS, Factor:THREE, State:OPEN]
2019-10-17 20:31:49,270 [main] INFO  pipeline.PipelineStateManager (PipelineStateManager.java:finalizePipeline(121)) - Pipeline Pipeline[ Id: fabcd360-6f7c-4dfa-bd95-2a6a460d0de8, Nodes: bdd1c484-1a92-4a2c-bc93-a7d8718d9bdc{ip: 192.168.164.201, host: pr-hdds-1868-s6sc9-3720172378, networkLocation: /default-rack, certSerialId: null}840dadcc-bbff-4158-865b-0f258f3c1721{ip: 192.168.164.201, host: pr-hdds-1868-s6sc9-3720172378, networkLocation: /default-rack, certSerialId: null}12dca792-6614-46e6-8fa8-e27f364a29d9{ip: 192.168.164.201, host: pr-hdds-1868-s6sc9-3720172378, networkLocation: /default-rack, certSerialId: null}, Type:RATIS, Factor:THREE, State:CLOSED] moved to CLOSED state
2019-10-17 20:31:49,271 [EventQueue-CloseContainerForCloseContainerEventHandler] INFO  container.CloseContainerEventHandler (CloseContainerEventHandler.java:onMessage(61)) - Close container Event triggered for container : #1
2019-10-17 20:31:49,275 [EventQueue-CloseContainerForCloseContainerEventHandler] INFO  container.CloseContainerEventHandler (CloseContainerEventHandler.java:onMessage(61)) - Close container Event triggered for container : #2
2019-10-17 20:31:49,285 [EventQueue-CloseContainerForCloseContainerEventHandler] INFO  container.CloseContainerEventHandler (CloseContainerEventHandler.java:onMessage(61)) - Close container Event triggered for container : #3
2019-10-17 20:31:49,285 [grpc-default-executor-3] INFO  impl.RaftServerProxy (RaftServerProxy.java:remove(95)) - bdd1c484-1a92-4a2c-bc93-a7d8718d9bdc: remove  FOLLOWER bdd1c484-1a92-4a2c-bc93-a7d8718d9bdc@group-2A6A460D0DE8:t2, leader=840dadcc-bbff-4158-865b-0f258f3c1721, voted=840dadcc-bbff-4158-865b-0f258f3c1721, raftlog=bdd1c484-1a92-4a2c-bc93-a7d8718d9bdc@group-2A6A460D0DE8-SegmentedRaftLog:OPENED:c80,f80,i80, conf=0: [12dca792-6614-46e6-8fa8-e27f364a29d9:192.168.164.201:45540, bdd1c484-1a92-4a2c-bc93-a7d8718d9bdc:192.168.164.201:46574, 840dadcc-bbff-4158-865b-0f258f3c1721:192.168.164.201:46061], old=null RUNNING
2019-10-17 20:31:49,289 [grpc-default-executor-3] INFO  impl.RaftServerImpl (RaftServerImpl.java:lambda$shutdown$3(261)) - bdd1c484-1a92-4a2c-bc93-a7d8718d9bdc@group-2A6A460D0DE8: shutdown
2019-10-17 20:31:49,290 [grpc-default-executor-3] INFO  util.JmxRegister (JmxRegister.java:unregister(73)) - Successfully un-registered JMX Bean with object name Ratis:service=RaftServer,group=group-2A6A460D0DE8,id=bdd1c484-1a92-4a2c-bc93-a7d8718d9bdc
2019-10-17 20:31:49,290 [grpc-default-executor-3] INFO  impl.RoleInfo (RoleInfo.java:shutdownFollowerState(121)) - bdd1c484-1a92-4a2c-bc93-a7d8718d9bdc: shutdown FollowerState
2019-10-17 20:31:49,290 [grpc-default-executor-3] INFO  impl.StateMachineUpdater (StateMachineUpdater.java:stopAndJoin(136)) - bdd1c484-1a92-4a2c-bc93-a7d8718d9bdc@group-2A6A460D0DE8-StateMachineUpdater: set stopIndex = 80
2019-10-17 20:31:49,290 [Thread-221] INFO  impl.FollowerState (FollowerState.java:run(117)) - bdd1c484-1a92-4a2c-bc93-a7d8718d9bdc@group-2A6A460D0DE8-FollowerState was interrupted: java.lang.InterruptedException: sleep interrupted
2019-10-17 20:31:49,291 [bdd1c484-1a92-4a2c-bc93-a7d8718d9bdc@group-2A6A460D0DE8-StateMachineUpdater] INFO  ratis.ContainerStateMachine (ContainerStateMachine.java:takeSnapshot(296)) - group-2A6A460D0DE8: Taking a snapshot at:(t:2, i:78) file /workdir/hadoop-ozone/tools/target/test-dir/MiniOzoneClusterImpl-4067a7c1-930e-4438-9b9c-131754719370/datanode-2/data/ratis/fabcd360-6f7c-4dfa-bd95-2a6a460d0de8/sm/snapshot.2_78
2019-10-17 20:31:49,402 [bdd1c484-1a92-4a2c-bc93-a7d8718d9bdc@group-2A6A460D0DE8-StateMachineUpdater] INFO  ratis.ContainerStateMachine (ContainerStateMachine.java:takeSnapshot(307)) - group-2A6A460D0DE8: Finished taking a snapshot at:(t:2, i:78) file:/workdir/hadoop-ozone/tools/target/test-dir/MiniOzoneClusterImpl-4067a7c1-930e-4438-9b9c-131754719370/datanode-2/data/ratis/fabcd360-6f7c-4dfa-bd95-2a6a460d0de8/sm/snapshot.2_78 time:112
2019-10-17 20:31:49,404 [bdd1c484-1a92-4a2c-bc93-a7d8718d9bdc@group-2A6A460D0DE8-StateMachineUpdater] INFO  impl.StateMachineUpdater (StateMachineUpdater.java:takeSnapshot(269)) - bdd1c484-1a92-4a2c-bc93-a7d8718d9bdc@group-2A6A460D0DE8-StateMachineUpdater: Took a snapshot at index 78
2019-10-17 20:31:49,405 [bdd1c484-1a92-4a2c-bc93-a7d8718d9bdc@group-2A6A460D0DE8-StateMachineUpdater] INFO  impl.StateMachineUpdater (StateMachineUpdater.java:lambda$new$0(84)) - bdd1c484-1a92-4a2c-bc93-a7d8718d9bdc@group-2A6A460D0DE8-StateMachineUpdater: snapshotIndex: updateIncreasingly -1 -> 78
2019-10-17 20:31:49,408 [bdd1c484-1a92-4a2c-bc93-a7d8718d9bdc@group-2A6A460D0DE8-StateMachineUpdater] INFO  ratis.ContainerStateMachine (ContainerStateMachine.java:takeSnapshot(296)) - group-2A6A460D0DE8: Taking a snapshot at:(t:2, i:78) file /workdir/hadoop-ozone/tools/target/test-dir/MiniOzoneClusterImpl-4067a7c1-930e-4438-9b9c-131754719370/datanode-2/data/ratis/fabcd360-6f7c-4dfa-bd95-2a6a460d0de8/sm/snapshot.2_78
2019-10-17 20:31:49,431 [bdd1c484-1a92-4a2c-bc93-a7d8718d9bdc@group-2A6A460D0DE8-StateMachineUpdater] INFO  ratis.ContainerStateMachine (ContainerStateMachine.java:takeSnapshot(307)) - group-2A6A460D0DE8: Finished taking a snapshot at:(t:2, i:78) file:/workdir/hadoop-ozone/tools/target/test-dir/MiniOzoneClusterImpl-4067a7c1-930e-4438-9b9c-131754719370/datanode-2/data/ratis/fabcd360-6f7c-4dfa-bd95-2a6a460d0de8/sm/snapshot.2_78 time:22
2019-10-17 20:31:49,431 [bdd1c484-1a92-4a2c-bc93-a7d8718d9bdc@group-2A6A460D0DE8-StateMachineUpdater] INFO  impl.StateMachineUpdater (StateMachineUpdater.java:takeSnapshot(269)) - bdd1c484-1a92-4a2c-bc93-a7d8718d9bdc@group-2A6A460D0DE8-StateMachineUpdater: Took a snapshot at index 78
2019-10-17 20:31:49,431 [bdd1c484-1a92-4a2c-bc93-a7d8718d9bdc@group-2A6A460D0DE8-StateMachineUpdater] INFO  impl.StateMachineUpdater (StateMachineUpdater.java:lambda$new$0(84)) - bdd1c484-1a92-4a2c-bc93-a7d8718d9bdc@group-2A6A460D0DE8-StateMachineUpdater: snapshotIndex: updateIncreasingly 78 -> 78
2019-10-17 20:31:49,431 [grpc-default-executor-3] INFO  impl.RaftServerImpl (ServerState.java:close(388)) - bdd1c484-1a92-4a2c-bc93-a7d8718d9bdc@group-2A6A460D0DE8: closes. applyIndex: 80
2019-10-17 20:31:49,434 [bdd1c484-1a92-4a2c-bc93-a7d8718d9bdc@group-2A6A460D0DE8-SegmentedRaftLogWorker] INFO  segmented.SegmentedRaftLogWorker (SegmentedRaftLogWorker.java:run(316)) - bdd1c484-1a92-4a2c-bc93-a7d8718d9bdc@group-2A6A460D0DE8-SegmentedRaftLogWorker was interrupted, exiting. There are 0 tasks remaining in the queue.
2019-10-17 20:31:49,435 [grpc-default-executor-3] INFO  segmented.SegmentedRaftLogWorker (SegmentedRaftLogWorker.java:close(224)) - bdd1c484-1a92-4a2c-bc93-a7d8718d9bdc@group-2A6A460D0DE8-SegmentedRaftLogWorker close()
2019-10-17 20:31:49,482 [grpc-default-executor-3] INFO  interfaces.Container (KeyValueContainer.java:flushAndSyncDB(386)) - Container 1 is synced with bcsId 62.
2019-10-17 20:31:49,482 [grpc-default-executor-3] INFO  interfaces.Container (KeyValueContainer.java:flushAndSyncDB(386)) - Container 1 is synced with bcsId 62.
2019-10-17 20:31:49,511 [EventQueue-IncrementalContainerReportForIncrementalContainerReportHandler] INFO  container.IncrementalContainerReportHandler (AbstractContainerReportHandler.java:updateContainerState(171)) - Moving container #1 to QUASI_CLOSED state, datanode bdd1c484-1a92-4a2c-bc93-a7d8718d9bdc{ip: 192.168.164.201, host: pr-hdds-1868-s6sc9-3720172378, networkLocation: /default-rack, certSerialId: null} reported QUASI_CLOSED replica.
2019-10-17 20:31:49,535 [grpc-default-executor-3] INFO  interfaces.Container (KeyValueContainer.java:flushAndSyncDB(386)) - Container 2 is synced with bcsId 78.
2019-10-17 20:31:49,535 [grpc-default-executor-3] INFO  interfaces.Container (KeyValueContainer.java:flushAndSyncDB(386)) - Container 2 is synced with bcsId 78.
2019-10-17 20:31:49,563 [EventQueue-IncrementalContainerReportForIncrementalContainerReportHandler] INFO  container.IncrementalContainerReportHandler (AbstractContainerReportHandler.java:updateContainerState(171)) - Moving container #2 to QUASI_CLOSED state, datanode bdd1c484-1a92-4a2c-bc93-a7d8718d9bdc{ip: 192.168.164.201, host: pr-hdds-1868-s6sc9-3720172378, networkLocation: /default-rack, certSerialId: null} reported QUASI_CLOSED replica.
2019-10-17 20:31:49,608 [grpc-default-executor-3] INFO  interfaces.Container (KeyValueContainer.java:flushAndSyncDB(386)) - Container 3 is synced with bcsId 44.
2019-10-17 20:31:49,610 [grpc-default-executor-3] INFO  interfaces.Container (KeyValueContainer.java:flushAndSyncDB(386)) - Container 3 is synced with bcsId 44.
2019-10-17 20:31:49,644 [EventQueue-IncrementalContainerReportForIncrementalContainerReportHandler] INFO  container.IncrementalContainerReportHandler (AbstractContainerReportHandler.java:updateContainerState(171)) - Moving container #3 to QUASI_CLOSED state, datanode bdd1c484-1a92-4a2c-bc93-a7d8718d9bdc{ip: 192.168.164.201, host: pr-hdds-1868-s6sc9-3720172378, networkLocation: /default-rack, certSerialId: null} reported QUASI_CLOSED replica.
2019-10-17 20:31:49,661 [grpc-default-executor-3] INFO  impl.RaftServerProxy (RaftServerProxy.java:remove(95)) - 840dadcc-bbff-4158-865b-0f258f3c1721: remove    LEADER 840dadcc-bbff-4158-865b-0f258f3c1721@group-2A6A460D0DE8:t2, leader=840dadcc-bbff-4158-865b-0f258f3c1721, voted=840dadcc-bbff-4158-865b-0f258f3c1721, raftlog=840dadcc-bbff-4158-865b-0f258f3c1721@group-2A6A460D0DE8-SegmentedRaftLog:OPENED:c80,f80,i80, conf=0: [12dca792-6614-46e6-8fa8-e27f364a29d9:192.168.164.201:45540, bdd1c484-1a92-4a2c-bc93-a7d8718d9bdc:192.168.164.201:46574, 840dadcc-bbff-4158-865b-0f258f3c1721:192.168.164.201:46061], old=null RUNNING
2019-10-17 20:31:49,662 [grpc-default-executor-3] INFO  impl.RaftServerImpl (RaftServerImpl.java:lambda$shutdown$3(261)) - 840dadcc-bbff-4158-865b-0f258f3c1721@group-2A6A460D0DE8: shutdown
2019-10-17 20:31:49,662 [grpc-default-executor-3] INFO  util.JmxRegister (JmxRegister.java:unregister(73)) - Successfully un-registered JMX Bean with object name Ratis:service=RaftServer,group=group-2A6A460D0DE8,id=840dadcc-bbff-4158-865b-0f258f3c1721
2019-10-17 20:31:49,662 [grpc-default-executor-3] INFO  impl.RoleInfo (RoleInfo.java:shutdownLeaderState(104)) - 840dadcc-bbff-4158-865b-0f258f3c1721: shutdown LeaderState
2019-10-17 20:31:49,664 [org.apache.ratis.server.impl.LogAppender$AppenderDaemon$$Lambda$438/1312829605@75f7dd23] WARN  server.GrpcLogAppender (GrpcLogAppender.java:mayWait(149)) - 840dadcc-bbff-4158-865b-0f258f3c1721@group-2A6A460D0DE8->12dca792-6614-46e6-8fa8-e27f364a29d9-GrpcLogAppender: Wait interrupted by java.lang.InterruptedException
2019-10-17 20:31:49,664 [grpc-default-executor-3] INFO  impl.PendingRequests (PendingRequests.java:sendNotLeaderResponses(202)) - 840dadcc-bbff-4158-865b-0f258f3c1721@group-2A6A460D0DE8-PendingRequests: sendNotLeaderResponses
2019-10-17 20:31:49,664 [org.apache.ratis.server.impl.LogAppender$AppenderDaemon$$Lambda$438/1312829605@4448a806] WARN  server.GrpcLogAppender (GrpcLogAppender.java:mayWait(149)) - 840dadcc-bbff-4158-865b-0f258f3c1721@group-2A6A460D0DE8->bdd1c484-1a92-4a2c-bc93-a7d8718d9bdc-GrpcLogAppender: Wait interrupted by java.lang.InterruptedException
2019-10-17 20:31:49,670 [grpc-default-executor-1] INFO  server.GrpcServerProtocolService (GrpcServerProtocolService.java:onCompleted(113)) - 12dca792-6614-46e6-8fa8-e27f364a29d9: Completed APPEND_ENTRIES, lastRequest: 840dadcc-bbff-4158-865b-0f258f3c1721->12dca792-6614-46e6-8fa8-e27f364a29d9#83-t2, previous=(t:2, i:80), leaderCommit=80, initializing? false, entries: <empty>
2019-10-17 20:31:49,671 [grpc-default-executor-3] INFO  impl.StateMachineUpdater (StateMachineUpdater.java:stopAndJoin(136)) - 840dadcc-bbff-4158-865b-0f258f3c1721@group-2A6A460D0DE8-StateMachineUpdater: set stopIndex = 80
2019-10-17 20:31:49,671 [840dadcc-bbff-4158-865b-0f258f3c1721@group-2A6A460D0DE8-StateMachineUpdater] INFO  ratis.ContainerStateMachine (ContainerStateMachine.java:takeSnapshot(296)) - group-2A6A460D0DE8: Taking a snapshot at:(t:2, i:78) file /workdir/hadoop-ozone/tools/target/test-dir/MiniOzoneClusterImpl-4067a7c1-930e-4438-9b9c-131754719370/datanode-0/data/ratis/fabcd360-6f7c-4dfa-bd95-2a6a460d0de8/sm/snapshot.2_78
2019-10-17 20:31:49,671 [grpc-default-executor-2] INFO  server.GrpcServerProtocolService (GrpcServerProtocolService.java:onCompleted(113)) - bdd1c484-1a92-4a2c-bc93-a7d8718d9bdc: Completed APPEND_ENTRIES, lastRequest: 840dadcc-bbff-4158-865b-0f258f3c1721->bdd1c484-1a92-4a2c-bc93-a7d8718d9bdc#83-t2, previous=(t:2, i:80), leaderCommit=80, initializing? false, entries: <empty>
2019-10-17 20:31:49,671 [grpc-default-executor-1] INFO  server.GrpcLogAppender (GrpcLogAppender.java:onCompleted(308)) - 840dadcc-bbff-4158-865b-0f258f3c1721@group-2A6A460D0DE8->12dca792-6614-46e6-8fa8-e27f364a29d9-AppendLogResponseHandler: follower responses appendEntries COMPLETED
2019-10-17 20:31:49,673 [grpc-default-executor-2] INFO  server.GrpcLogAppender (GrpcLogAppender.java:onCompleted(308)) - 840dadcc-bbff-4158-865b-0f258f3c1721@group-2A6A460D0DE8->bdd1c484-1a92-4a2c-bc93-a7d8718d9bdc-AppendLogResponseHandler: follower responses appendEntries COMPLETED
2019-10-17 20:31:49,674 [grpc-default-executor-1] INFO  impl.FollowerInfo (FollowerInfo.java:lambda$new$0(51)) - 840dadcc-bbff-4158-865b-0f258f3c1721@group-2A6A460D0DE8->12dca792-6614-46e6-8fa8-e27f364a29d9: nextIndex: updateUnconditionally 81 -> 80
2019-10-17 20:31:49,675 [grpc-default-executor-2] INFO  impl.FollowerInfo (FollowerInfo.java:lambda$new$0(51)) - 840dadcc-bbff-4158-865b-0f258f3c1721@group-2A6A460D0DE8->bdd1c484-1a92-4a2c-bc93-a7d8718d9bdc: nextIndex: updateUnconditionally 81 -> 80
2019-10-17 20:31:49,700 [840dadcc-bbff-4158-865b-0f258f3c1721@group-2A6A460D0DE8-StateMachineUpdater] INFO  ratis.ContainerStateMachine (ContainerStateMachine.java:takeSnapshot(307)) - group-2A6A460D0DE8: Finished taking a snapshot at:(t:2, i:78) file:/workdir/hadoop-ozone/tools/target/test-dir/MiniOzoneClusterImpl-4067a7c1-930e-4438-9b9c-131754719370/datanode-0/data/ratis/fabcd360-6f7c-4dfa-bd95-2a6a460d0de8/sm/snapshot.2_78 time:29
2019-10-17 20:31:49,700 [840dadcc-bbff-4158-865b-0f258f3c1721@group-2A6A460D0DE8-StateMachineUpdater] INFO  impl.StateMachineUpdater (StateMachineUpdater.java:takeSnapshot(269)) - 840dadcc-bbff-4158-865b-0f258f3c1721@group-2A6A460D0DE8-StateMachineUpdater: Took a snapshot at index 78
2019-10-17 20:31:49,701 [840dadcc-bbff-4158-865b-0f258f3c1721@group-2A6A460D0DE8-StateMachineUpdater] INFO  impl.StateMachineUpdater (StateMachineUpdater.java:lambda$new$0(84)) - 840dadcc-bbff-4158-865b-0f258f3c1721@group-2A6A460D0DE8-StateMachineUpdater: snapshotIndex: updateIncreasingly -1 -> 78
2019-10-17 20:31:49,701 [840dadcc-bbff-4158-865b-0f258f3c1721@group-2A6A460D0DE8-StateMachineUpdater] INFO  ratis.ContainerStateMachine (ContainerStateMachine.java:takeSnapshot(296)) - group-2A6A460D0DE8: Taking a snapshot at:(t:2, i:78) file /workdir/hadoop-ozone/tools/target/test-dir/MiniOzoneClusterImpl-4067a7c1-930e-4438-9b9c-131754719370/datanode-0/data/ratis/fabcd360-6f7c-4dfa-bd95-2a6a460d0de8/sm/snapshot.2_78
2019-10-17 20:31:49,725 [840dadcc-bbff-4158-865b-0f258f3c1721@group-2A6A460D0DE8-StateMachineUpdater] INFO  ratis.ContainerStateMachine (ContainerStateMachine.java:takeSnapshot(307)) - group-2A6A460D0DE8: Finished taking a snapshot at:(t:2, i:78) file:/workdir/hadoop-ozone/tools/target/test-dir/MiniOzoneClusterImpl-4067a7c1-930e-4438-9b9c-131754719370/datanode-0/data/ratis/fabcd360-6f7c-4dfa-bd95-2a6a460d0de8/sm/snapshot.2_78 time:24
2019-10-17 20:31:49,726 [840dadcc-bbff-4158-865b-0f258f3c1721@group-2A6A460D0DE8-StateMachineUpdater] INFO  impl.StateMachineUpdater (StateMachineUpdater.java:takeSnapshot(269)) - 840dadcc-bbff-4158-865b-0f258f3c1721@group-2A6A460D0DE8-StateMachineUpdater: Took a snapshot at index 78
2019-10-17 20:31:49,726 [840dadcc-bbff-4158-865b-0f258f3c1721@group-2A6A460D0DE8-StateMachineUpdater] INFO  impl.StateMachineUpdater (StateMachineUpdater.java:lambda$new$0(84)) - 840dadcc-bbff-4158-865b-0f258f3c1721@group-2A6A460D0DE8-StateMachineUpdater: snapshotIndex: updateIncreasingly 78 -> 78
2019-10-17 20:31:49,726 [grpc-default-executor-3] INFO  impl.RaftServerImpl (ServerState.java:close(388)) - 840dadcc-bbff-4158-865b-0f258f3c1721@group-2A6A460D0DE8: closes. applyIndex: 80
2019-10-17 20:31:49,727 [840dadcc-bbff-4158-865b-0f258f3c1721@group-2A6A460D0DE8-SegmentedRaftLogWorker] INFO  segmented.SegmentedRaftLogWorker (SegmentedRaftLogWorker.java:run(316)) - 840dadcc-bbff-4158-865b-0f258f3c1721@group-2A6A460D0DE8-SegmentedRaftLogWorker was interrupted, exiting. There are 0 tasks remaining in the queue.
2019-10-17 20:31:49,728 [grpc-default-executor-3] INFO  segmented.SegmentedRaftLogWorker (SegmentedRaftLogWorker.java:close(224)) - 840dadcc-bbff-4158-865b-0f258f3c1721@group-2A6A460D0DE8-SegmentedRaftLogWorker close()
2019-10-17 20:31:49,768 [grpc-default-executor-3] INFO  interfaces.Container (KeyValueContainer.java:flushAndSyncDB(386)) - Container 1 is synced with bcsId 62.
2019-10-17 20:31:49,768 [grpc-default-executor-3] INFO  interfaces.Container (KeyValueContainer.java:flushAndSyncDB(386)) - Container 1 is synced with bcsId 62.
2019-10-17 20:31:49,843 [grpc-default-executor-3] INFO  interfaces.Container (KeyValueContainer.java:flushAndSyncDB(386)) - Container 2 is synced with bcsId 78.
2019-10-17 20:31:49,844 [grpc-default-executor-3] INFO  interfaces.Container (KeyValueContainer.java:flushAndSyncDB(386)) - Container 2 is synced with bcsId 78.
2019-10-17 20:31:49,911 [grpc-default-executor-3] INFO  interfaces.Container (KeyValueContainer.java:flushAndSyncDB(386)) - Container 3 is synced with bcsId 44.
2019-10-17 20:31:49,912 [grpc-default-executor-3] INFO  interfaces.Container (KeyValueContainer.java:flushAndSyncDB(386)) - Container 3 is synced with bcsId 44.
2019-10-17 20:31:49,953 [grpc-default-executor-3] INFO  impl.RaftServerProxy (RaftServerProxy.java:remove(95)) - 12dca792-6614-46e6-8fa8-e27f364a29d9: remove  FOLLOWER 12dca792-6614-46e6-8fa8-e27f364a29d9@group-2A6A460D0DE8:t2, leader=840dadcc-bbff-4158-865b-0f258f3c1721, voted=null, raftlog=12dca792-6614-46e6-8fa8-e27f364a29d9@group-2A6A460D0DE8-SegmentedRaftLog:OPENED:c80,f80,i80, conf=0: [12dca792-6614-46e6-8fa8-e27f364a29d9:192.168.164.201:45540, bdd1c484-1a92-4a2c-bc93-a7d8718d9bdc:192.168.164.201:46574, 840dadcc-bbff-4158-865b-0f258f3c1721:192.168.164.201:46061], old=null RUNNING
2019-10-17 20:31:49,954 [grpc-default-executor-3] INFO  impl.RaftServerImpl (RaftServerImpl.java:lambda$shutdown$3(261)) - 12dca792-6614-46e6-8fa8-e27f364a29d9@group-2A6A460D0DE8: shutdown
2019-10-17 20:31:49,954 [grpc-default-executor-3] INFO  util.JmxRegister (JmxRegister.java:unregister(73)) - Successfully un-registered JMX Bean with object name Ratis:service=RaftServer,group=group-2A6A460D0DE8,id=12dca792-6614-46e6-8fa8-e27f364a29d9
2019-10-17 20:31:49,954 [grpc-default-executor-3] INFO  impl.RoleInfo (RoleInfo.java:shutdownFollowerState(121)) - 12dca792-6614-46e6-8fa8-e27f364a29d9: shutdown FollowerState
2019-10-17 20:31:49,954 [grpc-default-executor-3] INFO  impl.StateMachineUpdater (StateMachineUpdater.java:stopAndJoin(136)) - 12dca792-6614-46e6-8fa8-e27f364a29d9@group-2A6A460D0DE8-StateMachineUpdater: set stopIndex = 80
2019-10-17 20:31:49,954 [Thread-222] INFO  impl.FollowerState (FollowerState.java:run(117)) - 12dca792-6614-46e6-8fa8-e27f364a29d9@group-2A6A460D0DE8-FollowerState was interrupted: java.lang.InterruptedException: sleep interrupted
2019-10-17 20:31:49,954 [12dca792-6614-46e6-8fa8-e27f364a29d9@group-2A6A460D0DE8-StateMachineUpdater] INFO  ratis.ContainerStateMachine (ContainerStateMachine.java:takeSnapshot(296)) - group-2A6A460D0DE8: Taking a snapshot at:(t:2, i:78) file /workdir/hadoop-ozone/tools/target/test-dir/MiniOzoneClusterImpl-4067a7c1-930e-4438-9b9c-131754719370/datanode-1/data/ratis/fabcd360-6f7c-4dfa-bd95-2a6a460d0de8/sm/snapshot.2_78
2019-10-17 20:31:49,979 [12dca792-6614-46e6-8fa8-e27f364a29d9@group-2A6A460D0DE8-StateMachineUpdater] INFO  ratis.ContainerStateMachine (ContainerStateMachine.java:takeSnapshot(307)) - group-2A6A460D0DE8: Finished taking a snapshot at:(t:2, i:78) file:/workdir/hadoop-ozone/tools/target/test-dir/MiniOzoneClusterImpl-4067a7c1-930e-4438-9b9c-131754719370/datanode-1/data/ratis/fabcd360-6f7c-4dfa-bd95-2a6a460d0de8/sm/snapshot.2_78 time:24
2019-10-17 20:31:49,979 [12dca792-6614-46e6-8fa8-e27f364a29d9@group-2A6A460D0DE8-StateMachineUpdater] INFO  impl.StateMachineUpdater (StateMachineUpdater.java:takeSnapshot(269)) - 12dca792-6614-46e6-8fa8-e27f364a29d9@group-2A6A460D0DE8-StateMachineUpdater: Took a snapshot at index 78
2019-10-17 20:31:49,979 [12dca792-6614-46e6-8fa8-e27f364a29d9@group-2A6A460D0DE8-StateMachineUpdater] INFO  impl.StateMachineUpdater (StateMachineUpdater.java:lambda$new$0(84)) - 12dca792-6614-46e6-8fa8-e27f364a29d9@group-2A6A460D0DE8-StateMachineUpdater: snapshotIndex: updateIncreasingly -1 -> 78
2019-10-17 20:31:49,980 [12dca792-6614-46e6-8fa8-e27f364a29d9@group-2A6A460D0DE8-StateMachineUpdater] INFO  ratis.ContainerStateMachine (ContainerStateMachine.java:takeSnapshot(296)) - group-2A6A460D0DE8: Taking a snapshot at:(t:2, i:78) file /workdir/hadoop-ozone/tools/target/test-dir/MiniOzoneClusterImpl-4067a7c1-930e-4438-9b9c-131754719370/datanode-1/data/ratis/fabcd360-6f7c-4dfa-bd95-2a6a460d0de8/sm/snapshot.2_78
2019-10-17 20:31:49,995 [12dca792-6614-46e6-8fa8-e27f364a29d9@group-2A6A460D0DE8-StateMachineUpdater] INFO  ratis.ContainerStateMachine (ContainerStateMachine.java:takeSnapshot(307)) - group-2A6A460D0DE8: Finished taking a snapshot at:(t:2, i:78) file:/workdir/hadoop-ozone/tools/target/test-dir/MiniOzoneClusterImpl-4067a7c1-930e-4438-9b9c-131754719370/datanode-1/data/ratis/fabcd360-6f7c-4dfa-bd95-2a6a460d0de8/sm/snapshot.2_78 time:16
2019-10-17 20:31:49,996 [12dca792-6614-46e6-8fa8-e27f364a29d9@group-2A6A460D0DE8-StateMachineUpdater] INFO  impl.StateMachineUpdater (StateMachineUpdater.java:takeSnapshot(269)) - 12dca792-6614-46e6-8fa8-e27f364a29d9@group-2A6A460D0DE8-StateMachineUpdater: Took a snapshot at index 78
2019-10-17 20:31:49,996 [12dca792-6614-46e6-8fa8-e27f364a29d9@group-2A6A460D0DE8-StateMachineUpdater] INFO  impl.StateMachineUpdater (StateMachineUpdater.java:lambda$new$0(84)) - 12dca792-6614-46e6-8fa8-e27f364a29d9@group-2A6A460D0DE8-StateMachineUpdater: snapshotIndex: updateIncreasingly 78 -> 78
2019-10-17 20:31:49,997 [grpc-default-executor-3] INFO  impl.RaftServerImpl (ServerState.java:close(388)) - 12dca792-6614-46e6-8fa8-e27f364a29d9@group-2A6A460D0DE8: closes. applyIndex: 80
2019-10-17 20:31:49,998 [12dca792-6614-46e6-8fa8-e27f364a29d9@group-2A6A460D0DE8-SegmentedRaftLogWorker] INFO  segmented.SegmentedRaftLogWorker (SegmentedRaftLogWorker.java:run(316)) - 12dca792-6614-46e6-8fa8-e27f364a29d9@group-2A6A460D0DE8-SegmentedRaftLogWorker was interrupted, exiting. There are 0 tasks remaining in the queue.
2019-10-17 20:31:50,000 [grpc-default-executor-3] INFO  segmented.SegmentedRaftLogWorker (SegmentedRaftLogWorker.java:close(224)) - 12dca792-6614-46e6-8fa8-e27f364a29d9@group-2A6A460D0DE8-SegmentedRaftLogWorker close()
2019-10-17 20:31:50,055 [grpc-default-executor-3] INFO  interfaces.Container (KeyValueContainer.java:flushAndSyncDB(386)) - Container 1 is synced with bcsId 62.
2019-10-17 20:31:50,055 [grpc-default-executor-3] INFO  interfaces.Container (KeyValueContainer.java:flushAndSyncDB(386)) - Container 1 is synced with bcsId 62.
2019-10-17 20:31:50,132 [grpc-default-executor-3] INFO  interfaces.Container (KeyValueContainer.java:flushAndSyncDB(386)) - Container 2 is synced with bcsId 78.
2019-10-17 20:31:50,132 [grpc-default-executor-3] INFO  interfaces.Container (KeyValueContainer.java:flushAndSyncDB(386)) - Container 2 is synced with bcsId 78.
2019-10-17 20:31:50,199 [grpc-default-executor-3] INFO  interfaces.Container (KeyValueContainer.java:flushAndSyncDB(386)) - Container 3 is synced with bcsId 44.
2019-10-17 20:31:50,199 [grpc-default-executor-3] INFO  interfaces.Container (KeyValueContainer.java:flushAndSyncDB(386)) - Container 3 is synced with bcsId 44.
2019-10-17 20:31:50,234 [main] INFO  pipeline.PipelineStateManager (PipelineStateManager.java:removePipeline(106)) - Pipeline Pipeline[ Id: fabcd360-6f7c-4dfa-bd95-2a6a460d0de8, Nodes: bdd1c484-1a92-4a2c-bc93-a7d8718d9bdc{ip: 192.168.164.201, host: pr-hdds-1868-s6sc9-3720172378, networkLocation: /default-rack, certSerialId: null}840dadcc-bbff-4158-865b-0f258f3c1721{ip: 192.168.164.201, host: pr-hdds-1868-s6sc9-3720172378, networkLocation: /default-rack, certSerialId: null}12dca792-6614-46e6-8fa8-e27f364a29d9{ip: 192.168.164.201, host: pr-hdds-1868-s6sc9-3720172378, networkLocation: /default-rack, certSerialId: null}, Type:RATIS, Factor:THREE, State:CLOSED] removed from db
2019-10-17 20:31:50,250 [grpc-default-executor-1] INFO  impl.RaftServerProxy (RaftServerProxy.java:addNew(89)) - 840dadcc-bbff-4158-865b-0f258f3c1721: addNew group-AC929BCCC495:[12dca792-6614-46e6-8fa8-e27f364a29d9:192.168.164.201:45540, bdd1c484-1a92-4a2c-bc93-a7d8718d9bdc:192.168.164.201:46574, 840dadcc-bbff-4158-865b-0f258f3c1721:192.168.164.201:46061] returns group-AC929BCCC495:java.util.concurrent.CompletableFuture@46941963[Not completed]
2019-10-17 20:31:50,251 [grpc-default-executor-3] INFO  impl.RaftServerProxy (RaftServerProxy.java:addNew(89)) - 12dca792-6614-46e6-8fa8-e27f364a29d9: addNew group-AC929BCCC495:[12dca792-6614-46e6-8fa8-e27f364a29d9:192.168.164.201:45540, bdd1c484-1a92-4a2c-bc93-a7d8718d9bdc:192.168.164.201:46574, 840dadcc-bbff-4158-865b-0f258f3c1721:192.168.164.201:46061] returns group-AC929BCCC495:java.util.concurrent.CompletableFuture@4e19763d[Not completed]
2019-10-17 20:31:50,253 [grpc-default-executor-1] INFO  impl.RaftServerProxy (RaftServerProxy.java:addNew(89)) - bdd1c484-1a92-4a2c-bc93-a7d8718d9bdc: addNew group-AC929BCCC495:[12dca792-6614-46e6-8fa8-e27f364a29d9:192.168.164.201:45540, bdd1c484-1a92-4a2c-bc93-a7d8718d9bdc:192.168.164.201:46574, 840dadcc-bbff-4158-865b-0f258f3c1721:192.168.164.201:46061] returns group-AC929BCCC495:java.util.concurrent.CompletableFuture@2f934c9f[Not completed]
2019-10-17 20:31:50,255 [pool-37-thread-1] INFO  impl.RaftServerImpl (RaftServerImpl.java:<init>(104)) - 12dca792-6614-46e6-8fa8-e27f364a29d9: new RaftServerImpl for group-AC929BCCC495:[12dca792-6614-46e6-8fa8-e27f364a29d9:192.168.164.201:45540, bdd1c484-1a92-4a2c-bc93-a7d8718d9bdc:192.168.164.201:46574, 840dadcc-bbff-4158-865b-0f258f3c1721:192.168.164.201:46061] with ContainerStateMachine:uninitialized
2019-10-17 20:31:50,255 [pool-37-thread-1] INFO  server.RaftServerConfigKeys (ConfUtils.java:logGet(43)) - raft.server.rpc.timeout.min = 5s (custom)
2019-10-17 20:31:50,255 [pool-37-thread-1] INFO  server.RaftServerConfigKeys (ConfUtils.java:logGet(43)) - raft.server.rpc.timeout.max = 5200ms (custom)
2019-10-17 20:31:50,255 [pool-37-thread-1] INFO  server.RaftServerConfigKeys (ConfUtils.java:logGet(43)) - raft.server.rpcslowness.timeout = 120s (custom)
2019-10-17 20:31:50,256 [pool-37-thread-1] INFO  server.RaftServerConfigKeys (ConfUtils.java:logGet(43)) - raft.server.sleep.deviation.threshold = 300 (default)
2019-10-17 20:31:50,256 [pool-37-thread-1] INFO  server.RaftServerConfigKeys (ConfUtils.java:logGet(43)) - raft.server.log.appender.install.snapshot.enabled = false (custom)
2019-10-17 20:31:50,256 [pool-37-thread-1] INFO  impl.RaftServerImpl (ServerState.java:<init>(103)) - 12dca792-6614-46e6-8fa8-e27f364a29d9@group-AC929BCCC495: ConfigurationManager, init=-1: [12dca792-6614-46e6-8fa8-e27f364a29d9:192.168.164.201:45540, bdd1c484-1a92-4a2c-bc93-a7d8718d9bdc:192.168.164.201:46574, 840dadcc-bbff-4158-865b-0f258f3c1721:192.168.164.201:46061], old=null, confs=<EMPTY_MAP>
2019-10-17 20:31:50,256 [pool-37-thread-1] INFO  server.RaftServerConfigKeys (ConfUtils.java:logGet(43)) - raft.server.storage.dir = [/workdir/hadoop-ozone/tools/target/test-dir/MiniOzoneClusterImpl-4067a7c1-930e-4438-9b9c-131754719370/datanode-1/data/ratis] (custom)
2019-10-17 20:31:50,257 [pool-37-thread-1] INFO  server.RaftServerConfigKeys (ConfUtils.java:logGet(43)) - raft.server.log.corruption.policy = EXCEPTION (default)
2019-10-17 20:31:50,257 [pool-37-thread-1] INFO  storage.RaftStorageDirectory (RaftStorageDirectory.java:analyzeStorage(246)) - The storage directory /workdir/hadoop-ozone/tools/target/test-dir/MiniOzoneClusterImpl-4067a7c1-930e-4438-9b9c-131754719370/datanode-1/data/ratis/2590f347-0478-4d3f-ab81-ac929bccc495 does not exist. Creating ...
2019-10-17 20:31:50,258 [pool-47-thread-1] INFO  impl.RaftServerImpl (RaftServerImpl.java:<init>(104)) - bdd1c484-1a92-4a2c-bc93-a7d8718d9bdc: new RaftServerImpl for group-AC929BCCC495:[12dca792-6614-46e6-8fa8-e27f364a29d9:192.168.164.201:45540, bdd1c484-1a92-4a2c-bc93-a7d8718d9bdc:192.168.164.201:46574, 840dadcc-bbff-4158-865b-0f258f3c1721:192.168.164.201:46061] with ContainerStateMachine:uninitialized
2019-10-17 20:31:50,259 [pool-47-thread-1] INFO  server.RaftServerConfigKeys (ConfUtils.java:logGet(43)) - raft.server.rpc.timeout.min = 5s (custom)
2019-10-17 20:31:50,259 [pool-47-thread-1] INFO  server.RaftServerConfigKeys (ConfUtils.java:logGet(43)) - raft.server.rpc.timeout.max = 5200ms (custom)
2019-10-17 20:31:50,259 [pool-47-thread-1] INFO  server.RaftServerConfigKeys (ConfUtils.java:logGet(43)) - raft.server.rpcslowness.timeout = 120s (custom)
2019-10-17 20:31:50,259 [pool-47-thread-1] INFO  server.RaftServerConfigKeys (ConfUtils.java:logGet(43)) - raft.server.sleep.deviation.threshold = 300 (default)
2019-10-17 20:31:50,260 [pool-47-thread-1] INFO  server.RaftServerConfigKeys (ConfUtils.java:logGet(43)) - raft.server.log.appender.install.snapshot.enabled = false (custom)
2019-10-17 20:31:50,260 [pool-27-thread-1] INFO  impl.RaftServerImpl (RaftServerImpl.java:<init>(104)) - 840dadcc-bbff-4158-865b-0f258f3c1721: new RaftServerImpl for group-AC929BCCC495:[12dca792-6614-46e6-8fa8-e27f364a29d9:192.168.164.201:45540, bdd1c484-1a92-4a2c-bc93-a7d8718d9bdc:192.168.164.201:46574, 840dadcc-bbff-4158-865b-0f258f3c1721:192.168.164.201:46061] with ContainerStateMachine:uninitialized
2019-10-17 20:31:50,260 [pool-47-thread-1] INFO  impl.RaftServerImpl (ServerState.java:<init>(103)) - bdd1c484-1a92-4a2c-bc93-a7d8718d9bdc@group-AC929BCCC495: ConfigurationManager, init=-1: [12dca792-6614-46e6-8fa8-e27f364a29d9:192.168.164.201:45540, bdd1c484-1a92-4a2c-bc93-a7d8718d9bdc:192.168.164.201:46574, 840dadcc-bbff-4158-865b-0f258f3c1721:192.168.164.201:46061], old=null, confs=<EMPTY_MAP>
2019-10-17 20:31:50,261 [pool-47-thread-1] INFO  server.RaftServerConfigKeys (ConfUtils.java:logGet(43)) - raft.server.storage.dir = [/workdir/hadoop-ozone/tools/target/test-dir/MiniOzoneClusterImpl-4067a7c1-930e-4438-9b9c-131754719370/datanode-2/data/ratis] (custom)
2019-10-17 20:31:50,261 [pool-47-thread-1] INFO  server.RaftServerConfigKeys (ConfUtils.java:logGet(43)) - raft.server.log.corruption.policy = EXCEPTION (default)
2019-10-17 20:31:50,260 [pool-27-thread-1] INFO  server.RaftServerConfigKeys (ConfUtils.java:logGet(43)) - raft.server.rpc.timeout.min = 5s (custom)
2019-10-17 20:31:50,261 [pool-47-thread-1] INFO  storage.RaftStorageDirectory (RaftStorageDirectory.java:analyzeStorage(246)) - The storage directory /workdir/hadoop-ozone/tools/target/test-dir/MiniOzoneClusterImpl-4067a7c1-930e-4438-9b9c-131754719370/datanode-2/data/ratis/2590f347-0478-4d3f-ab81-ac929bccc495 does not exist. Creating ...
2019-10-17 20:31:50,262 [pool-27-thread-1] INFO  server.RaftServerConfigKeys (ConfUtils.java:logGet(43)) - raft.server.rpc.timeout.max = 5200ms (custom)
2019-10-17 20:31:50,262 [pool-27-thread-1] INFO  server.RaftServerConfigKeys (ConfUtils.java:logGet(43)) - raft.server.rpcslowness.timeout = 120s (custom)
2019-10-17 20:31:50,262 [pool-27-thread-1] INFO  server.RaftServerConfigKeys (ConfUtils.java:logGet(43)) - raft.server.sleep.deviation.threshold = 300 (default)
2019-10-17 20:31:50,262 [pool-27-thread-1] INFO  server.RaftServerConfigKeys (ConfUtils.java:logGet(43)) - raft.server.log.appender.install.snapshot.enabled = false (custom)
2019-10-17 20:31:50,263 [pool-27-thread-1] INFO  impl.RaftServerImpl (ServerState.java:<init>(103)) - 840dadcc-bbff-4158-865b-0f258f3c1721@group-AC929BCCC495: ConfigurationManager, init=-1: [12dca792-6614-46e6-8fa8-e27f364a29d9:192.168.164.201:45540, bdd1c484-1a92-4a2c-bc93-a7d8718d9bdc:192.168.164.201:46574, 840dadcc-bbff-4158-865b-0f258f3c1721:192.168.164.201:46061], old=null, confs=<EMPTY_MAP>
2019-10-17 20:31:50,263 [pool-27-thread-1] INFO  server.RaftServerConfigKeys (ConfUtils.java:logGet(43)) - raft.server.storage.dir = [/workdir/hadoop-ozone/tools/target/test-dir/MiniOzoneClusterImpl-4067a7c1-930e-4438-9b9c-131754719370/datanode-0/data/ratis] (custom)
2019-10-17 20:31:50,263 [pool-27-thread-1] INFO  server.RaftServerConfigKeys (ConfUtils.java:logGet(43)) - raft.server.log.corruption.policy = EXCEPTION (default)
2019-10-17 20:31:50,264 [pool-27-thread-1] INFO  storage.RaftStorageDirectory (RaftStorageDirectory.java:analyzeStorage(246)) - The storage directory /workdir/hadoop-ozone/tools/target/test-dir/MiniOzoneClusterImpl-4067a7c1-930e-4438-9b9c-131754719370/datanode-0/data/ratis/2590f347-0478-4d3f-ab81-ac929bccc495 does not exist. Creating ...
2019-10-17 20:31:50,292 [pool-37-thread-1] INFO  storage.RaftStorageDirectory (RaftStorageDirectory.java:tryLock(328)) - Lock on /workdir/hadoop-ozone/tools/target/test-dir/MiniOzoneClusterImpl-4067a7c1-930e-4438-9b9c-131754719370/datanode-1/data/ratis/2590f347-0478-4d3f-ab81-ac929bccc495/in_use.lock acquired by nodename 9461@pr-hdds-1868-s6sc9-3720172378
2019-10-17 20:31:50,292 [pool-27-thread-1] INFO  storage.RaftStorageDirectory (RaftStorageDirectory.java:tryLock(328)) - Lock on /workdir/hadoop-ozone/tools/target/test-dir/MiniOzoneClusterImpl-4067a7c1-930e-4438-9b9c-131754719370/datanode-0/data/ratis/2590f347-0478-4d3f-ab81-ac929bccc495/in_use.lock acquired by nodename 9461@pr-hdds-1868-s6sc9-3720172378
2019-10-17 20:31:50,292 [pool-47-thread-1] INFO  storage.RaftStorageDirectory (RaftStorageDirectory.java:tryLock(328)) - Lock on /workdir/hadoop-ozone/tools/target/test-dir/MiniOzoneClusterImpl-4067a7c1-930e-4438-9b9c-131754719370/datanode-2/data/ratis/2590f347-0478-4d3f-ab81-ac929bccc495/in_use.lock acquired by nodename 9461@pr-hdds-1868-s6sc9-3720172378
2019-10-17 20:31:50,326 [pool-47-thread-1] INFO  storage.RaftStorage (RaftStorage.java:format(84)) - Storage directory /workdir/hadoop-ozone/tools/target/test-dir/MiniOzoneClusterImpl-4067a7c1-930e-4438-9b9c-131754719370/datanode-2/data/ratis/2590f347-0478-4d3f-ab81-ac929bccc495 has been successfully formatted.
2019-10-17 20:31:50,326 [pool-37-thread-1] INFO  storage.RaftStorage (RaftStorage.java:format(84)) - Storage directory /workdir/hadoop-ozone/tools/target/test-dir/MiniOzoneClusterImpl-4067a7c1-930e-4438-9b9c-131754719370/datanode-1/data/ratis/2590f347-0478-4d3f-ab81-ac929bccc495 has been successfully formatted.
2019-10-17 20:31:50,326 [pool-27-thread-1] INFO  storage.RaftStorage (RaftStorage.java:format(84)) - Storage directory /workdir/hadoop-ozone/tools/target/test-dir/MiniOzoneClusterImpl-4067a7c1-930e-4438-9b9c-131754719370/datanode-0/data/ratis/2590f347-0478-4d3f-ab81-ac929bccc495 has been successfully formatted.
2019-10-17 20:31:50,326 [pool-47-thread-1] INFO  ratis.ContainerStateMachine (ContainerStateMachine.java:loadSnapshot(233)) - group-AC929BCCC495: The snapshot info is null. Setting the last applied indexto:(t:0, i:~)
2019-10-17 20:31:50,326 [pool-37-thread-1] INFO  ratis.ContainerStateMachine (ContainerStateMachine.java:loadSnapshot(233)) - group-AC929BCCC495: The snapshot info is null. Setting the last applied indexto:(t:0, i:~)
2019-10-17 20:31:50,327 [pool-27-thread-1] INFO  ratis.ContainerStateMachine (ContainerStateMachine.java:loadSnapshot(233)) - group-AC929BCCC495: The snapshot info is null. Setting the last applied indexto:(t:0, i:~)
2019-10-17 20:31:50,327 [pool-47-thread-1] INFO  server.RaftServerConfigKeys (ConfUtils.java:logGet(43)) - raft.server.notification.no-leader.timeout = 120s (custom)
2019-10-17 20:31:50,327 [pool-27-thread-1] INFO  server.RaftServerConfigKeys (ConfUtils.java:logGet(43)) - raft.server.notification.no-leader.timeout = 120s (custom)
2019-10-17 20:31:50,327 [pool-37-thread-1] INFO  server.RaftServerConfigKeys (ConfUtils.java:logGet(43)) - raft.server.notification.no-leader.timeout = 120s (custom)
2019-10-17 20:31:50,327 [pool-27-thread-1] INFO  server.RaftServerConfigKeys (ConfUtils.java:logGet(43)) - raft.server.log.use.memory = false (default)
2019-10-17 20:31:50,327 [pool-47-thread-1] INFO  server.RaftServerConfigKeys (ConfUtils.java:logGet(43)) - raft.server.log.use.memory = false (default)
2019-10-17 20:31:50,327 [pool-37-thread-1] INFO  server.RaftServerConfigKeys (ConfUtils.java:logGet(43)) - raft.server.log.use.memory = false (default)
2019-10-17 20:31:50,327 [pool-47-thread-1] INFO  server.RaftServerConfigKeys (ConfUtils.java:logGet(43)) - raft.server.log.purge.gap = 1000000 (custom)
2019-10-17 20:31:50,327 [pool-27-thread-1] INFO  server.RaftServerConfigKeys (ConfUtils.java:logGet(43)) - raft.server.log.purge.gap = 1000000 (custom)
2019-10-17 20:31:50,328 [pool-47-thread-1] INFO  server.RaftServerConfigKeys (ConfUtils.java:logGet(43)) - raft.server.log.appender.buffer.byte-limit = 33554432 (custom)
2019-10-17 20:31:50,328 [pool-37-thread-1] INFO  server.RaftServerConfigKeys (ConfUtils.java:logGet(43)) - raft.server.log.purge.gap = 1000000 (custom)
2019-10-17 20:31:50,328 [pool-47-thread-1] INFO  server.RaftServerConfigKeys (ConfUtils.java:logGet(43)) - raft.server.log.segment.size.max = 1048576 (custom)
2019-10-17 20:31:50,328 [pool-27-thread-1] INFO  server.RaftServerConfigKeys (ConfUtils.java:logGet(43)) - raft.server.log.appender.buffer.byte-limit = 33554432 (custom)
2019-10-17 20:31:50,328 [pool-47-thread-1] INFO  server.RaftServerConfigKeys (ConfUtils.java:logGet(43)) - raft.server.log.segment.cache.num.max = 2 (custom)
2019-10-17 20:31:50,328 [pool-37-thread-1] INFO  server.RaftServerConfigKeys (ConfUtils.java:logGet(43)) - raft.server.log.appender.buffer.byte-limit = 33554432 (custom)
2019-10-17 20:31:50,328 [pool-47-thread-1] INFO  segmented.SegmentedRaftLogWorker (SegmentedRaftLogWorker.java:<init>(173)) - new bdd1c484-1a92-4a2c-bc93-a7d8718d9bdc@group-AC929BCCC495-SegmentedRaftLogWorker for RaftStorage:Storage Directory /workdir/hadoop-ozone/tools/target/test-dir/MiniOzoneClusterImpl-4067a7c1-930e-4438-9b9c-131754719370/datanode-2/data/ratis/2590f347-0478-4d3f-ab81-ac929bccc495
2019-10-17 20:31:50,328 [pool-27-thread-1] INFO  server.RaftServerConfigKeys (ConfUtils.java:logGet(43)) - raft.server.log.segment.size.max = 1048576 (custom)
2019-10-17 20:31:50,329 [pool-47-thread-1] INFO  server.RaftServerConfigKeys (ConfUtils.java:logGet(43)) - raft.server.log.queue.byte-limit = 2147483647 (custom)
2019-10-17 20:31:50,329 [pool-27-thread-1] INFO  server.RaftServerConfigKeys (ConfUtils.java:logGet(43)) - raft.server.log.segment.cache.num.max = 2 (custom)
2019-10-17 20:31:50,329 [pool-37-thread-1] INFO  server.RaftServerConfigKeys (ConfUtils.java:logGet(43)) - raft.server.log.segment.size.max = 1048576 (custom)
2019-10-17 20:31:50,329 [pool-27-thread-1] INFO  segmented.SegmentedRaftLogWorker (SegmentedRaftLogWorker.java:<init>(173)) - new 840dadcc-bbff-4158-865b-0f258f3c1721@group-AC929BCCC495-SegmentedRaftLogWorker for RaftStorage:Storage Directory /workdir/hadoop-ozone/tools/target/test-dir/MiniOzoneClusterImpl-4067a7c1-930e-4438-9b9c-131754719370/datanode-0/data/ratis/2590f347-0478-4d3f-ab81-ac929bccc495
2019-10-17 20:31:50,329 [pool-47-thread-1] INFO  server.RaftServerConfigKeys (ConfUtils.java:logGet(43)) - raft.server.log.queue.element-limit = 1024 (custom)
2019-10-17 20:31:50,329 [pool-27-thread-1] INFO  server.RaftServerConfigKeys (ConfUtils.java:logGet(43)) - raft.server.log.queue.byte-limit = 2147483647 (custom)
2019-10-17 20:31:50,329 [pool-37-thread-1] INFO  server.RaftServerConfigKeys (ConfUtils.java:logGet(43)) - raft.server.log.segment.cache.num.max = 2 (custom)
2019-10-17 20:31:50,330 [pool-27-thread-1] INFO  server.RaftServerConfigKeys (ConfUtils.java:logGet(43)) - raft.server.log.queue.element-limit = 1024 (custom)
2019-10-17 20:31:50,330 [pool-47-thread-1] INFO  server.RaftServerConfigKeys (ConfUtils.java:logGet(43)) - raft.server.log.segment.size.max = 1048576 (custom)
2019-10-17 20:31:50,330 [pool-27-thread-1] INFO  server.RaftServerConfigKeys (ConfUtils.java:logGet(43)) - raft.server.log.segment.size.max = 1048576 (custom)
2019-10-17 20:31:50,330 [pool-37-thread-1] INFO  segmented.SegmentedRaftLogWorker (SegmentedRaftLogWorker.java:<init>(173)) - new 12dca792-6614-46e6-8fa8-e27f364a29d9@group-AC929BCCC495-SegmentedRaftLogWorker for RaftStorage:Storage Directory /workdir/hadoop-ozone/tools/target/test-dir/MiniOzoneClusterImpl-4067a7c1-930e-4438-9b9c-131754719370/datanode-1/data/ratis/2590f347-0478-4d3f-ab81-ac929bccc495
2019-10-17 20:31:50,330 [pool-27-thread-1] INFO  server.RaftServerConfigKeys (ConfUtils.java:logGet(43)) - raft.server.log.preallocated.size = 16384 (custom)
2019-10-17 20:31:50,330 [pool-47-thread-1] INFO  server.RaftServerConfigKeys (ConfUtils.java:logGet(43)) - raft.server.log.preallocated.size = 16384 (custom)
2019-10-17 20:31:50,331 [pool-27-thread-1] INFO  server.RaftServerConfigKeys (ConfUtils.java:logGet(43)) - raft.server.log.write.buffer.size = 33554432 (custom)
2019-10-17 20:31:50,330 [pool-37-thread-1] INFO  server.RaftServerConfigKeys (ConfUtils.java:logGet(43)) - raft.server.log.queue.byte-limit = 2147483647 (custom)
2019-10-17 20:31:50,331 [pool-27-thread-1] INFO  server.RaftServerConfigKeys (ConfUtils.java:logGet(43)) - raft.server.log.force.sync.num = 128 (default)
2019-10-17 20:31:50,331 [pool-47-thread-1] INFO  server.RaftServerConfigKeys (ConfUtils.java:logGet(43)) - raft.server.log.write.buffer.size = 33554432 (custom)
2019-10-17 20:31:50,331 [pool-27-thread-1] INFO  server.RaftServerConfigKeys (ConfUtils.java:logGet(43)) - raft.server.log.statemachine.data.sync = true (default)
2019-10-17 20:31:50,331 [pool-37-thread-1] INFO  server.RaftServerConfigKeys (ConfUtils.java:logGet(43)) - raft.server.log.queue.element-limit = 1024 (custom)
2019-10-17 20:31:50,332 [pool-27-thread-1] INFO  server.RaftServerConfigKeys (ConfUtils.java:logGet(43)) - raft.server.log.statemachine.data.sync.timeout = 10s (default)
2019-10-17 20:31:50,331 [pool-47-thread-1] INFO  server.RaftServerConfigKeys (ConfUtils.java:logGet(43)) - raft.server.log.force.sync.num = 128 (default)
2019-10-17 20:31:50,332 [pool-27-thread-1] INFO  server.RaftServerConfigKeys (ConfUtils.java:logGet(43)) - raft.server.log.statemachine.data.sync.timeout.retry = -1 (default)
2019-10-17 20:31:50,332 [pool-37-thread-1] INFO  server.RaftServerConfigKeys (ConfUtils.java:logGet(43)) - raft.server.log.segment.size.max = 1048576 (custom)
2019-10-17 20:31:50,332 [pool-47-thread-1] INFO  server.RaftServerConfigKeys (ConfUtils.java:logGet(43)) - raft.server.log.statemachine.data.sync = true (default)
2019-10-17 20:31:50,332 [pool-27-thread-1] INFO  server.RaftServerConfigKeys (ConfUtils.java:logGet(43)) - raft.server.log.statemachine.data.caching.enabled = true (custom)
2019-10-17 20:31:50,332 [pool-37-thread-1] INFO  server.RaftServerConfigKeys (ConfUtils.java:logGet(43)) - raft.server.log.preallocated.size = 16384 (custom)
2019-10-17 20:31:50,332 [pool-47-thread-1] INFO  server.RaftServerConfigKeys (ConfUtils.java:logGet(43)) - raft.server.log.statemachine.data.sync.timeout = 10s (default)
2019-10-17 20:31:50,333 [pool-37-thread-1] INFO  server.RaftServerConfigKeys (ConfUtils.java:logGet(43)) - raft.server.log.write.buffer.size = 33554432 (custom)
2019-10-17 20:31:50,333 [pool-47-thread-1] INFO  server.RaftServerConfigKeys (ConfUtils.java:logGet(43)) - raft.server.log.statemachine.data.sync.timeout.retry = -1 (default)
2019-10-17 20:31:50,333 [pool-37-thread-1] INFO  server.RaftServerConfigKeys (ConfUtils.java:logGet(43)) - raft.server.log.force.sync.num = 128 (default)
2019-10-17 20:31:50,333 [pool-27-thread-1] INFO  segmented.SegmentedRaftLogWorker (SegmentedRaftLogWorker.java:lambda$new$0(128)) - 840dadcc-bbff-4158-865b-0f258f3c1721@group-AC929BCCC495-SegmentedRaftLogWorker: flushIndex: setUnconditionally 0 -> -1
2019-10-17 20:31:50,333 [pool-37-thread-1] INFO  server.RaftServerConfigKeys (ConfUtils.java:logGet(43)) - raft.server.log.statemachine.data.sync = true (default)
2019-10-17 20:31:50,333 [pool-47-thread-1] INFO  server.RaftServerConfigKeys (ConfUtils.java:logGet(43)) - raft.server.log.statemachine.data.caching.enabled = true (custom)
2019-10-17 20:31:50,333 [pool-37-thread-1] INFO  server.RaftServerConfigKeys (ConfUtils.java:logGet(43)) - raft.server.log.statemachine.data.sync.timeout = 10s (default)
2019-10-17 20:31:50,334 [pool-27-thread-1] INFO  server.RaftServerConfigKeys (ConfUtils.java:logGet(43)) - raft.server.snapshot.auto.trigger.enabled = true (custom)
2019-10-17 20:31:50,334 [pool-47-thread-1] INFO  segmented.SegmentedRaftLogWorker (SegmentedRaftLogWorker.java:lambda$new$0(128)) - bdd1c484-1a92-4a2c-bc93-a7d8718d9bdc@group-AC929BCCC495-SegmentedRaftLogWorker: flushIndex: setUnconditionally 0 -> -1
2019-10-17 20:31:50,334 [pool-37-thread-1] INFO  server.RaftServerConfigKeys (ConfUtils.java:logGet(43)) - raft.server.log.statemachine.data.sync.timeout.retry = -1 (default)
2019-10-17 20:31:50,334 [pool-27-thread-1] INFO  server.RaftServerConfigKeys (ConfUtils.java:logGet(43)) - raft.server.snapshot.auto.trigger.threshold = 10000 (custom)
2019-10-17 20:31:50,334 [pool-37-thread-1] INFO  server.RaftServerConfigKeys (ConfUtils.java:logGet(43)) - raft.server.log.statemachine.data.caching.enabled = true (custom)
2019-10-17 20:31:50,334 [pool-47-thread-1] INFO  server.RaftServerConfigKeys (ConfUtils.java:logGet(43)) - raft.server.snapshot.auto.trigger.enabled = true (custom)
2019-10-17 20:31:50,334 [pool-27-thread-1] INFO  server.RaftServerConfigKeys (ConfUtils.java:logGet(43)) - raft.server.snapshot.retention.file.num = 5 (custom)
2019-10-17 20:31:50,334 [pool-37-thread-1] INFO  segmented.SegmentedRaftLogWorker (SegmentedRaftLogWorker.java:lambda$new$0(128)) - 12dca792-6614-46e6-8fa8-e27f364a29d9@group-AC929BCCC495-SegmentedRaftLogWorker: flushIndex: setUnconditionally 0 -> -1
2019-10-17 20:31:50,334 [pool-47-thread-1] INFO  server.RaftServerConfigKeys (ConfUtils.java:logGet(43)) - raft.server.snapshot.auto.trigger.threshold = 10000 (custom)
2019-10-17 20:31:50,335 [pool-27-thread-1] INFO  server.RaftServerConfigKeys (ConfUtils.java:logGet(43)) - raft.server.retrycache.expirytime = 600000ms (custom)
2019-10-17 20:31:50,335 [pool-37-thread-1] INFO  server.RaftServerConfigKeys (ConfUtils.java:logGet(43)) - raft.server.snapshot.auto.trigger.enabled = true (custom)
2019-10-17 20:31:50,335 [pool-47-thread-1] INFO  server.RaftServerConfigKeys (ConfUtils.java:logGet(43)) - raft.server.snapshot.retention.file.num = 5 (custom)
2019-10-17 20:31:50,335 [pool-37-thread-1] INFO  server.RaftServerConfigKeys (ConfUtils.java:logGet(43)) - raft.server.snapshot.auto.trigger.threshold = 10000 (custom)
2019-10-17 20:31:50,335 [pool-47-thread-1] INFO  server.RaftServerConfigKeys (ConfUtils.java:logGet(43)) - raft.server.retrycache.expirytime = 600000ms (custom)
2019-10-17 20:31:50,335 [pool-37-thread-1] INFO  server.RaftServerConfigKeys (ConfUtils.java:logGet(43)) - raft.server.snapshot.retention.file.num = 5 (custom)
2019-10-17 20:31:50,336 [pool-37-thread-1] INFO  server.RaftServerConfigKeys (ConfUtils.java:logGet(43)) - raft.server.retrycache.expirytime = 600000ms (custom)
2019-10-17 20:31:50,341 [pool-37-thread-1] INFO  impl.RaftServerImpl (RaftServerImpl.java:start(195)) - 12dca792-6614-46e6-8fa8-e27f364a29d9@group-AC929BCCC495: start as a follower, conf=-1: [12dca792-6614-46e6-8fa8-e27f364a29d9:192.168.164.201:45540, bdd1c484-1a92-4a2c-bc93-a7d8718d9bdc:192.168.164.201:46574, 840dadcc-bbff-4158-865b-0f258f3c1721:192.168.164.201:46061], old=null
2019-10-17 20:31:50,341 [pool-27-thread-1] INFO  impl.RaftServerImpl (RaftServerImpl.java:start(195)) - 840dadcc-bbff-4158-865b-0f258f3c1721@group-AC929BCCC495: start as a follower, conf=-1: [12dca792-6614-46e6-8fa8-e27f364a29d9:192.168.164.201:45540, bdd1c484-1a92-4a2c-bc93-a7d8718d9bdc:192.168.164.201:46574, 840dadcc-bbff-4158-865b-0f258f3c1721:192.168.164.201:46061], old=null
2019-10-17 20:31:50,341 [pool-37-thread-1] INFO  impl.RaftServerImpl (RaftServerImpl.java:setRole(184)) - 12dca792-6614-46e6-8fa8-e27f364a29d9@group-AC929BCCC495: changes role from      null to FOLLOWER at term 0 for startAsFollower
2019-10-17 20:31:50,342 [pool-27-thread-1] INFO  impl.RaftServerImpl (RaftServerImpl.java:setRole(184)) - 840dadcc-bbff-4158-865b-0f258f3c1721@group-AC929BCCC495: changes role from      null to FOLLOWER at term 0 for startAsFollower
2019-10-17 20:31:50,342 [pool-47-thread-1] INFO  impl.RaftServerImpl (RaftServerImpl.java:start(195)) - bdd1c484-1a92-4a2c-bc93-a7d8718d9bdc@group-AC929BCCC495: start as a follower, conf=-1: [12dca792-6614-46e6-8fa8-e27f364a29d9:192.168.164.201:45540, bdd1c484-1a92-4a2c-bc93-a7d8718d9bdc:192.168.164.201:46574, 840dadcc-bbff-4158-865b-0f258f3c1721:192.168.164.201:46061], old=null
2019-10-17 20:31:50,342 [pool-37-thread-1] INFO  impl.RoleInfo (RoleInfo.java:updateAndGet(143)) - 12dca792-6614-46e6-8fa8-e27f364a29d9: start FollowerState
2019-10-17 20:31:50,342 [pool-47-thread-1] INFO  impl.RaftServerImpl (RaftServerImpl.java:setRole(184)) - bdd1c484-1a92-4a2c-bc93-a7d8718d9bdc@group-AC929BCCC495: changes role from      null to FOLLOWER at term 0 for startAsFollower
2019-10-17 20:31:50,342 [pool-27-thread-1] INFO  impl.RoleInfo (RoleInfo.java:updateAndGet(143)) - 840dadcc-bbff-4158-865b-0f258f3c1721: start FollowerState
2019-10-17 20:31:50,342 [pool-47-thread-1] INFO  impl.RoleInfo (RoleInfo.java:updateAndGet(143)) - bdd1c484-1a92-4a2c-bc93-a7d8718d9bdc: start FollowerState
2019-10-17 20:31:50,342 [pool-37-thread-1] INFO  util.JmxRegister (JmxRegister.java:tryRegister(44)) - Successfully registered JMX Bean with object name Ratis:service=RaftServer,group=group-AC929BCCC495,id=12dca792-6614-46e6-8fa8-e27f364a29d9
2019-10-17 20:31:50,343 [pool-27-thread-1] INFO  util.JmxRegister (JmxRegister.java:tryRegister(44)) - Successfully registered JMX Bean with object name Ratis:service=RaftServer,group=group-AC929BCCC495,id=840dadcc-bbff-4158-865b-0f258f3c1721
2019-10-17 20:31:50,343 [pool-47-thread-1] INFO  util.JmxRegister (JmxRegister.java:tryRegister(44)) - Successfully registered JMX Bean with object name Ratis:service=RaftServer,group=group-AC929BCCC495,id=bdd1c484-1a92-4a2c-bc93-a7d8718d9bdc
2019-10-17 20:31:50,345 [main] INFO  freon.RandomKeyGenerator (RandomKeyGenerator.java:call(283)) - Number of Threads: 10
2019-10-17 20:31:50,345 [main] INFO  freon.RandomKeyGenerator (RandomKeyGenerator.java:call(288)) - Number of Volumes: 1.
2019-10-17 20:31:50,345 [main] INFO  freon.RandomKeyGenerator (RandomKeyGenerator.java:call(289)) - Number of Buckets per Volume: 1.
2019-10-17 20:31:50,345 [main] INFO  freon.RandomKeyGenerator (RandomKeyGenerator.java:call(290)) - Number of Keys per Bucket: 1.
2019-10-17 20:31:50,345 [main] INFO  freon.RandomKeyGenerator (RandomKeyGenerator.java:call(291)) - Key size: 20971520 bytes
2019-10-17 20:31:50,346 [main] INFO  freon.RandomKeyGenerator (RandomKeyGenerator.java:call(292)) - Buffer size: 4096 bytes
2019-10-17 20:31:50,346 [main] INFO  freon.RandomKeyGenerator (RandomKeyGenerator.java:call(293)) - validateWrites : true
2019-10-17 20:31:50,347 [main] INFO  freon.RandomKeyGenerator (RandomKeyGenerator.java:call(307)) - Data validation is enabled.
2019-10-17 20:31:50,347 [main] INFO  freon.RandomKeyGenerator (RandomKeyGenerator.java:call(313)) - Starting progress bar Thread.

2019-10-17 20:31:50,348 [pool-59-thread-1] INFO  rpc.RpcClient (RpcClient.java:createVolume(272)) - Creating Volume: vol-0-81099, with jenkins1000 as owner.
 0.00% |?                                                                                                    |  0/1 Time: 0:00:002019-10-17 20:31:50,354 [Thread-481] INFO  impl.FollowerState (FollowerState.java:run(108)) - 840dadcc-bbff-4158-865b-0f258f3c1721@group-AC929BCCC495-FollowerState: change to CANDIDATE, lastRpcTime:11ms, electionTimeout:11ms
2019-10-17 20:31:50,354 [Thread-481] INFO  impl.RoleInfo (RoleInfo.java:shutdownFollowerState(121)) - 840dadcc-bbff-4158-865b-0f258f3c1721: shutdown FollowerState
2019-10-17 20:31:50,354 [Thread-481] INFO  impl.RaftServerImpl (RaftServerImpl.java:setRole(184)) - 840dadcc-bbff-4158-865b-0f258f3c1721@group-AC929BCCC495: changes role from  FOLLOWER to CANDIDATE at term 0 for changeToCandidate
2019-10-17 20:31:50,356 [Thread-481] INFO  impl.RoleInfo (RoleInfo.java:updateAndGet(143)) - 840dadcc-bbff-4158-865b-0f258f3c1721: start LeaderElection
2019-10-17 20:31:50,360 [RatisPipelineUtilsThread] INFO  pipeline.PipelineStateManager (PipelineStateManager.java:addPipeline(55)) - Created pipeline Pipeline[ Id: 2590f347-0478-4d3f-ab81-ac929bccc495, Nodes: bdd1c484-1a92-4a2c-bc93-a7d8718d9bdc{ip: 192.168.164.201, host: pr-hdds-1868-s6sc9-3720172378, networkLocation: /default-rack, certSerialId: null}840dadcc-bbff-4158-865b-0f258f3c1721{ip: 192.168.164.201, host: pr-hdds-1868-s6sc9-3720172378, networkLocation: /default-rack, certSerialId: null}12dca792-6614-46e6-8fa8-e27f364a29d9{ip: 192.168.164.201, host: pr-hdds-1868-s6sc9-3720172378, networkLocation: /default-rack, certSerialId: null}, Type:RATIS, Factor:THREE, State:ALLOCATED]
2019-10-17 20:31:50,362 [IPC Server handler 3 on 36756] INFO  volume.OMVolumeCreateRequest (OMVolumeCreateRequest.java:validateAndUpdateCache(193)) - created volume:vol-0-81099 for user:jenkins1000
2019-10-17 20:31:50,366 [Thread-482] INFO  impl.FollowerState (FollowerState.java:run(108)) - bdd1c484-1a92-4a2c-bc93-a7d8718d9bdc@group-AC929BCCC495-FollowerState: change to CANDIDATE, lastRpcTime:23ms, electionTimeout:23ms
2019-10-17 20:31:50,373 [Thread-482] INFO  impl.RoleInfo (RoleInfo.java:shutdownFollowerState(121)) - bdd1c484-1a92-4a2c-bc93-a7d8718d9bdc: shutdown FollowerState
2019-10-17 20:31:50,373 [Thread-482] INFO  impl.RaftServerImpl (RaftServerImpl.java:setRole(184)) - bdd1c484-1a92-4a2c-bc93-a7d8718d9bdc@group-AC929BCCC495: changes role from  FOLLOWER to CANDIDATE at term 0 for changeToCandidate
2019-10-17 20:31:50,373 [Thread-482] INFO  impl.RoleInfo (RoleInfo.java:updateAndGet(143)) - bdd1c484-1a92-4a2c-bc93-a7d8718d9bdc: start LeaderElection
2019-10-17 20:31:50,383 [pool-59-thread-4] INFO  rpc.RpcClient (RpcClient.java:createBucket(411)) - Creating Bucket: vol-0-81099/bucket-0-24732, with Versioning false and Storage Type set to DISK and Encryption set to false 
2019-10-17 20:31:50,393 [840dadcc-bbff-4158-865b-0f258f3c1721@group-AC929BCCC495-LeaderElection7] INFO  impl.LeaderElection (LeaderElection.java:askForVotes(178)) - 840dadcc-bbff-4158-865b-0f258f3c1721@group-AC929BCCC495-LeaderElection7: begin an election at term 1 for -1: [12dca792-6614-46e6-8fa8-e27f364a29d9:192.168.164.201:45540, bdd1c484-1a92-4a2c-bc93-a7d8718d9bdc:192.168.164.201:46574, 840dadcc-bbff-4158-865b-0f258f3c1721:192.168.164.201:46061], old=null
2019-10-17 20:31:50,396 [840dadcc-bbff-4158-865b-0f258f3c1721@group-AC929BCCC495-LeaderElection7] INFO  impl.LeaderElection (LeaderElection.java:logAndReturn(56)) - 840dadcc-bbff-4158-865b-0f258f3c1721@group-AC929BCCC495-LeaderElection7: Election TIMEOUT; received 0 response(s) [] and 0 exception(s); 840dadcc-bbff-4158-865b-0f258f3c1721@group-AC929BCCC495:t1, leader=null, voted=840dadcc-bbff-4158-865b-0f258f3c1721, raftlog=840dadcc-bbff-4158-865b-0f258f3c1721@group-AC929BCCC495-SegmentedRaftLog:OPENED:c-1,f-1,i0, conf=-1: [12dca792-6614-46e6-8fa8-e27f364a29d9:192.168.164.201:45540, bdd1c484-1a92-4a2c-bc93-a7d8718d9bdc:192.168.164.201:46574, 840dadcc-bbff-4158-865b-0f258f3c1721:192.168.164.201:46061], old=null
2019-10-17 20:31:50,400 [IPC Server handler 5 on 39596] WARN  block.BlockManagerImpl (BlockManagerImpl.java:allocateBlock(200)) - Pipeline creation failed for type:RATIS factor:THREE. Retrying get pipelines call once.
org.apache.hadoop.hdds.scm.pipeline.InsufficientDatanodesException: Cannot create pipeline of factor 3 using 0 nodes.
	at org.apache.hadoop.hdds.scm.pipeline.RatisPipelineProvider.create(RatisPipelineProvider.java:153)
	at org.apache.hadoop.hdds.scm.pipeline.PipelineFactory.create(PipelineFactory.java:58)
	at org.apache.hadoop.hdds.scm.pipeline.SCMPipelineManager.createPipeline(SCMPipelineManager.java:155)
	at org.apache.hadoop.hdds.scm.block.BlockManagerImpl.allocateBlock(BlockManagerImpl.java:198)
	at org.apache.hadoop.hdds.scm.server.SCMBlockProtocolServer.allocateBlock(SCMBlockProtocolServer.java:182)
	at org.apache.hadoop.hdds.scm.protocol.ScmBlockLocationProtocolServerSideTranslatorPB.allocateScmBlock(ScmBlockLocationProtocolServerSideTranslatorPB.java:159)
	at org.apache.hadoop.hdds.scm.protocol.ScmBlockLocationProtocolServerSideTranslatorPB.processMessage(ScmBlockLocationProtocolServerSideTranslatorPB.java:117)
	at org.apache.hadoop.hdds.server.OzoneProtocolMessageDispatcher.processRequest(OzoneProtocolMessageDispatcher.java:72)
	at org.apache.hadoop.hdds.scm.protocol.ScmBlockLocationProtocolServerSideTranslatorPB.send(ScmBlockLocationProtocolServerSideTranslatorPB.java:98)
	at org.apache.hadoop.hdds.protocol.proto.ScmBlockLocationProtocolProtos$ScmBlockLocationProtocolService$2.callBlockingMethod(ScmBlockLocationProtocolProtos.java:13157)
	at org.apache.hadoop.ipc.ProtobufRpcEngine$Server$ProtoBufRpcInvoker.call(ProtobufRpcEngine.java:524)
	at org.apache.hadoop.ipc.RPC$Server.call(RPC.java:1025)
	at org.apache.hadoop.ipc.Server$RpcCall.run(Server.java:876)
	at org.apache.hadoop.ipc.Server$RpcCall.run(Server.java:822)
	at java.security.AccessController.doPrivileged(Native Method)
	at javax.security.auth.Subject.doAs(Subject.java:422)
	at org.apache.hadoop.security.UserGroupInformation.doAs(UserGroupInformation.java:1730)
	at org.apache.hadoop.ipc.Server$Handler.run(Server.java:2682)
2019-10-17 20:31:50,402 [grpc-default-executor-1] INFO  impl.RaftServerImpl (RaftServerImpl.java:setRole(184)) - 12dca792-6614-46e6-8fa8-e27f364a29d9@group-AC929BCCC495: changes role from  FOLLOWER to FOLLOWER at term 1 for recognizeCandidate:840dadcc-bbff-4158-865b-0f258f3c1721
2019-10-17 20:31:50,403 [IPC Server handler 5 on 39596] INFO  block.BlockManagerImpl (BlockManagerImpl.java:allocateBlock(212)) - Could not find available pipeline of type:RATIS and factor:THREE even after retrying
2019-10-17 20:31:50,404 [grpc-default-executor-1] INFO  impl.RoleInfo (RoleInfo.java:shutdownFollowerState(121)) - 12dca792-6614-46e6-8fa8-e27f364a29d9: shutdown FollowerState
2019-10-17 20:31:50,404 [IPC Server handler 5 on 39596] ERROR block.BlockManagerImpl (BlockManagerImpl.java:allocateBlock(236)) - Unable to allocate a block for the size: 4194304, type: RATIS, factor: THREE
2019-10-17 20:31:50,405 [grpc-default-executor-1] INFO  impl.RoleInfo (RoleInfo.java:updateAndGet(143)) - 12dca792-6614-46e6-8fa8-e27f364a29d9: start FollowerState
2019-10-17 20:31:50,405 [Thread-480] INFO  impl.FollowerState (FollowerState.java:run(117)) - 12dca792-6614-46e6-8fa8-e27f364a29d9@group-AC929BCCC495-FollowerState was interrupted: java.lang.InterruptedException: sleep interrupted
2019-10-17 20:31:50,406 [IPC Server handler 5 on 39596] WARN  block.BlockManagerImpl (BlockManagerImpl.java:allocateBlock(200)) - Pipeline creation failed for type:RATIS factor:THREE. Retrying get pipelines call once.
org.apache.hadoop.hdds.scm.pipeline.InsufficientDatanodesException: Cannot create pipeline of factor 3 using 0 nodes.
	at org.apache.hadoop.hdds.scm.pipeline.RatisPipelineProvider.create(RatisPipelineProvider.java:153)
	at org.apache.hadoop.hdds.scm.pipeline.PipelineFactory.create(PipelineFactory.java:58)
	at org.apache.hadoop.hdds.scm.pipeline.SCMPipelineManager.createPipeline(SCMPipelineManager.java:155)
	at org.apache.hadoop.hdds.scm.block.BlockManagerImpl.allocateBlock(BlockManagerImpl.java:198)
	at org.apache.hadoop.hdds.scm.server.SCMBlockProtocolServer.allocateBlock(SCMBlockProtocolServer.java:182)
	at org.apache.hadoop.hdds.scm.protocol.ScmBlockLocationProtocolServerSideTranslatorPB.allocateScmBlock(ScmBlockLocationProtocolServerSideTranslatorPB.java:159)
	at org.apache.hadoop.hdds.scm.protocol.ScmBlockLocationProtocolServerSideTranslatorPB.processMessage(ScmBlockLocationProtocolServerSideTranslatorPB.java:117)
	at org.apache.hadoop.hdds.server.OzoneProtocolMessageDispatcher.processRequest(OzoneProtocolMessageDispatcher.java:72)
	at org.apache.hadoop.hdds.scm.protocol.ScmBlockLocationProtocolServerSideTranslatorPB.send(ScmBlockLocationProtocolServerSideTranslatorPB.java:98)
	at org.apache.hadoop.hdds.protocol.proto.ScmBlockLocationProtocolProtos$ScmBlockLocationProtocolService$2.callBlockingMethod(ScmBlockLocationProtocolProtos.java:13157)
	at org.apache.hadoop.ipc.ProtobufRpcEngine$Server$ProtoBufRpcInvoker.call(ProtobufRpcEngine.java:524)
	at org.apache.hadoop.ipc.RPC$Server.call(RPC.java:1025)
	at org.apache.hadoop.ipc.Server$RpcCall.run(Server.java:876)
	at org.apache.hadoop.ipc.Server$RpcCall.run(Server.java:822)
	at java.security.AccessController.doPrivileged(Native Method)
	at javax.security.auth.Subject.doAs(Subject.java:422)
	at org.apache.hadoop.security.UserGroupInformation.doAs(UserGroupInformation.java:1730)
	at org.apache.hadoop.ipc.Server$Handler.run(Server.java:2682)
2019-10-17 20:31:50,406 [IPC Server handler 5 on 39596] INFO  block.BlockManagerImpl (BlockManagerImpl.java:allocateBlock(212)) - Could not find available pipeline of type:RATIS and factor:THREE even after retrying
2019-10-17 20:31:50,407 [IPC Server handler 5 on 39596] ERROR block.BlockManagerImpl (BlockManagerImpl.java:allocateBlock(236)) - Unable to allocate a block for the size: 4194304, type: RATIS, factor: THREE
2019-10-17 20:31:50,408 [IPC Server handler 5 on 39596] WARN  block.BlockManagerImpl (BlockManagerImpl.java:allocateBlock(200)) - Pipeline creation failed for type:RATIS factor:THREE. Retrying get pipelines call once.
org.apache.hadoop.hdds.scm.pipeline.InsufficientDatanodesException: Cannot create pipeline of factor 3 using 0 nodes.
	at org.apache.hadoop.hdds.scm.pipeline.RatisPipelineProvider.create(RatisPipelineProvider.java:153)
	at org.apache.hadoop.hdds.scm.pipeline.PipelineFactory.create(PipelineFactory.java:58)
	at org.apache.hadoop.hdds.scm.pipeline.SCMPipelineManager.createPipeline(SCMPipelineManager.java:155)
	at org.apache.hadoop.hdds.scm.block.BlockManagerImpl.allocateBlock(BlockManagerImpl.java:198)
	at org.apache.hadoop.hdds.scm.server.SCMBlockProtocolServer.allocateBlock(SCMBlockProtocolServer.java:182)
	at org.apache.hadoop.hdds.scm.protocol.ScmBlockLocationProtocolServerSideTranslatorPB.allocateScmBlock(ScmBlockLocationProtocolServerSideTranslatorPB.java:159)
	at org.apache.hadoop.hdds.scm.protocol.ScmBlockLocationProtocolServerSideTranslatorPB.processMessage(ScmBlockLocationProtocolServerSideTranslatorPB.java:117)
	at org.apache.hadoop.hdds.server.OzoneProtocolMessageDispatcher.processRequest(OzoneProtocolMessageDispatcher.java:72)
	at org.apache.hadoop.hdds.scm.protocol.ScmBlockLocationProtocolServerSideTranslatorPB.send(ScmBlockLocationProtocolServerSideTranslatorPB.java:98)
	at org.apache.hadoop.hdds.protocol.proto.ScmBlockLocationProtocolProtos$ScmBlockLocationProtocolService$2.callBlockingMethod(ScmBlockLocationProtocolProtos.java:13157)
	at org.apache.hadoop.ipc.ProtobufRpcEngine$Server$ProtoBufRpcInvoker.call(ProtobufRpcEngine.java:524)
	at org.apache.hadoop.ipc.RPC$Server.call(RPC.java:1025)
	at org.apache.hadoop.ipc.Server$RpcCall.run(Server.java:876)
	at org.apache.hadoop.ipc.Server$RpcCall.run(Server.java:822)
	at java.security.AccessController.doPrivileged(Native Method)
	at javax.security.auth.Subject.doAs(Subject.java:422)
	at org.apache.hadoop.security.UserGroupInformation.doAs(UserGroupInformation.java:1730)
	at org.apache.hadoop.ipc.Server$Handler.run(Server.java:2682)
2019-10-17 20:31:50,408 [IPC Server handler 5 on 39596] INFO  block.BlockManagerImpl (BlockManagerImpl.java:allocateBlock(212)) - Could not find available pipeline of type:RATIS and factor:THREE even after retrying
2019-10-17 20:31:50,408 [IPC Server handler 5 on 39596] ERROR block.BlockManagerImpl (BlockManagerImpl.java:allocateBlock(236)) - Unable to allocate a block for the size: 4194304, type: RATIS, factor: THREE
2019-10-17 20:31:50,409 [IPC Server handler 5 on 39596] WARN  block.BlockManagerImpl (BlockManagerImpl.java:allocateBlock(200)) - Pipeline creation failed for type:RATIS factor:THREE. Retrying get pipelines call once.
org.apache.hadoop.hdds.scm.pipeline.InsufficientDatanodesException: Cannot create pipeline of factor 3 using 0 nodes.
	at org.apache.hadoop.hdds.scm.pipeline.RatisPipelineProvider.create(RatisPipelineProvider.java:153)
	at org.apache.hadoop.hdds.scm.pipeline.PipelineFactory.create(PipelineFactory.java:58)
	at org.apache.hadoop.hdds.scm.pipeline.SCMPipelineManager.createPipeline(SCMPipelineManager.java:155)
	at org.apache.hadoop.hdds.scm.block.BlockManagerImpl.allocateBlock(BlockManagerImpl.java:198)
	at org.apache.hadoop.hdds.scm.server.SCMBlockProtocolServer.allocateBlock(SCMBlockProtocolServer.java:182)
	at org.apache.hadoop.hdds.scm.protocol.ScmBlockLocationProtocolServerSideTranslatorPB.allocateScmBlock(ScmBlockLocationProtocolServerSideTranslatorPB.java:159)
	at org.apache.hadoop.hdds.scm.protocol.ScmBlockLocationProtocolServerSideTranslatorPB.processMessage(ScmBlockLocationProtocolServerSideTranslatorPB.java:117)
	at org.apache.hadoop.hdds.server.OzoneProtocolMessageDispatcher.processRequest(OzoneProtocolMessageDispatcher.java:72)
	at org.apache.hadoop.hdds.scm.protocol.ScmBlockLocationProtocolServerSideTranslatorPB.send(ScmBlockLocationProtocolServerSideTranslatorPB.java:98)
	at org.apache.hadoop.hdds.protocol.proto.ScmBlockLocationProtocolProtos$ScmBlockLocationProtocolService$2.callBlockingMethod(ScmBlockLocationProtocolProtos.java:13157)
	at org.apache.hadoop.ipc.ProtobufRpcEngine$Server$ProtoBufRpcInvoker.call(ProtobufRpcEngine.java:524)
	at org.apache.hadoop.ipc.RPC$Server.call(RPC.java:1025)
	at org.apache.hadoop.ipc.Server$RpcCall.run(Server.java:876)
	at org.apache.hadoop.ipc.Server$RpcCall.run(Server.java:822)
	at java.security.AccessController.doPrivileged(Native Method)
	at javax.security.auth.Subject.doAs(Subject.java:422)
	at org.apache.hadoop.security.UserGroupInformation.doAs(UserGroupInformation.java:1730)
	at org.apache.hadoop.ipc.Server$Handler.run(Server.java:2682)
2019-10-17 20:31:50,410 [IPC Server handler 5 on 39596] INFO  block.BlockManagerImpl (BlockManagerImpl.java:allocateBlock(212)) - Could not find available pipeline of type:RATIS and factor:THREE even after retrying
2019-10-17 20:31:50,410 [IPC Server handler 5 on 39596] ERROR block.BlockManagerImpl (BlockManagerImpl.java:allocateBlock(236)) - Unable to allocate a block for the size: 4194304, type: RATIS, factor: THREE
2019-10-17 20:31:50,410 [bdd1c484-1a92-4a2c-bc93-a7d8718d9bdc@group-AC929BCCC495-LeaderElection8] INFO  impl.LeaderElection (LeaderElection.java:askForVotes(178)) - bdd1c484-1a92-4a2c-bc93-a7d8718d9bdc@group-AC929BCCC495-LeaderElection8: begin an election at term 1 for -1: [12dca792-6614-46e6-8fa8-e27f364a29d9:192.168.164.201:45540, bdd1c484-1a92-4a2c-bc93-a7d8718d9bdc:192.168.164.201:46574, 840dadcc-bbff-4158-865b-0f258f3c1721:192.168.164.201:46061], old=null
2019-10-17 20:31:50,410 [IPC Server handler 5 on 39596] WARN  block.BlockManagerImpl (BlockManagerImpl.java:allocateBlock(200)) - Pipeline creation failed for type:RATIS factor:THREE. Retrying get pipelines call once.
org.apache.hadoop.hdds.scm.pipeline.InsufficientDatanodesException: Cannot create pipeline of factor 3 using 0 nodes.
	at org.apache.hadoop.hdds.scm.pipeline.RatisPipelineProvider.create(RatisPipelineProvider.java:153)
	at org.apache.hadoop.hdds.scm.pipeline.PipelineFactory.create(PipelineFactory.java:58)
	at org.apache.hadoop.hdds.scm.pipeline.SCMPipelineManager.createPipeline(SCMPipelineManager.java:155)
	at org.apache.hadoop.hdds.scm.block.BlockManagerImpl.allocateBlock(BlockManagerImpl.java:198)
	at org.apache.hadoop.hdds.scm.server.SCMBlockProtocolServer.allocateBlock(SCMBlockProtocolServer.java:182)
	at org.apache.hadoop.hdds.scm.protocol.ScmBlockLocationProtocolServerSideTranslatorPB.allocateScmBlock(ScmBlockLocationProtocolServerSideTranslatorPB.java:159)
	at org.apache.hadoop.hdds.scm.protocol.ScmBlockLocationProtocolServerSideTranslatorPB.processMessage(ScmBlockLocationProtocolServerSideTranslatorPB.java:117)
	at org.apache.hadoop.hdds.server.OzoneProtocolMessageDispatcher.processRequest(OzoneProtocolMessageDispatcher.java:72)
	at org.apache.hadoop.hdds.scm.protocol.ScmBlockLocationProtocolServerSideTranslatorPB.send(ScmBlockLocationProtocolServerSideTranslatorPB.java:98)
	at org.apache.hadoop.hdds.protocol.proto.ScmBlockLocationProtocolProtos$ScmBlockLocationProtocolService$2.callBlockingMethod(ScmBlockLocationProtocolProtos.java:13157)
	at org.apache.hadoop.ipc.ProtobufRpcEngine$Server$ProtoBufRpcInvoker.call(ProtobufRpcEngine.java:524)
	at org.apache.hadoop.ipc.RPC$Server.call(RPC.java:1025)
	at org.apache.hadoop.ipc.Server$RpcCall.run(Server.java:876)
	at org.apache.hadoop.ipc.Server$RpcCall.run(Server.java:822)
	at java.security.AccessController.doPrivileged(Native Method)
	at javax.security.auth.Subject.doAs(Subject.java:422)
	at org.apache.hadoop.security.UserGroupInformation.doAs(UserGroupInformation.java:1730)
	at org.apache.hadoop.ipc.Server$Handler.run(Server.java:2682)
2019-10-17 20:31:50,411 [IPC Server handler 5 on 39596] INFO  block.BlockManagerImpl (BlockManagerImpl.java:allocateBlock(212)) - Could not find available pipeline of type:RATIS and factor:THREE even after retrying
2019-10-17 20:31:50,411 [IPC Server handler 5 on 39596] ERROR block.BlockManagerImpl (BlockManagerImpl.java:allocateBlock(236)) - Unable to allocate a block for the size: 4194304, type: RATIS, factor: THREE
2019-10-17 20:31:50,418 [pool-59-thread-3] ERROR freon.RandomKeyGenerator (RandomKeyGenerator.java:createKey(733)) - Exception while adding key: key-0-22922 in bucket: bucket-0-24732 of volume: vol-0-81099.
INTERNAL_ERROR org.apache.hadoop.ozone.om.exceptions.OMException: Allocated 0 blocks. Requested 5 blocks
	at org.apache.hadoop.ozone.om.protocolPB.OzoneManagerProtocolClientSideTranslatorPB.handleError(OzoneManagerProtocolClientSideTranslatorPB.java:732)
	at org.apache.hadoop.ozone.om.protocolPB.OzoneManagerProtocolClientSideTranslatorPB.openKey(OzoneManagerProtocolClientSideTranslatorPB.java:723)
	at sun.reflect.NativeMethodAccessorImpl.invoke0(Native Method)
	at sun.reflect.NativeMethodAccessorImpl.invoke(NativeMethodAccessorImpl.java:62)
	at sun.reflect.DelegatingMethodAccessorImpl.invoke(DelegatingMethodAccessorImpl.java:43)
	at java.lang.reflect.Method.invoke(Method.java:498)
	at org.apache.hadoop.hdds.tracing.TraceAllMethod.invoke(TraceAllMethod.java:66)
	at com.sun.proxy.$Proxy37.openKey(Unknown Source)
	at org.apache.hadoop.ozone.client.rpc.RpcClient.createKey(RpcClient.java:614)
	at org.apache.hadoop.ozone.client.OzoneBucket.createKey(OzoneBucket.java:325)
	at org.apache.hadoop.ozone.freon.RandomKeyGenerator.createKey(RandomKeyGenerator.java:695)
	at org.apache.hadoop.ozone.freon.RandomKeyGenerator.access$1100(RandomKeyGenerator.java:88)
	at org.apache.hadoop.ozone.freon.RandomKeyGenerator$ObjectCreator.run(RandomKeyGenerator.java:615)
	at java.util.concurrent.Executors$RunnableAdapter.call(Executors.java:511)
	at java.util.concurrent.FutureTask.run(FutureTask.java:266)
	at java.util.concurrent.ThreadPoolExecutor.runWorker(ThreadPoolExecutor.java:1149)
	at java.util.concurrent.ThreadPoolExecutor$Worker.run(ThreadPoolExecutor.java:624)
	at java.lang.Thread.run(Thread.java:748)
2019-10-17 20:31:50,427 [840dadcc-bbff-4158-865b-0f258f3c1721@group-AC929BCCC495-LeaderElection7] INFO  impl.LeaderElection (LeaderElection.java:askForVotes(178)) - 840dadcc-bbff-4158-865b-0f258f3c1721@group-AC929BCCC495-LeaderElection7: begin an election at term 2 for -1: [12dca792-6614-46e6-8fa8-e27f364a29d9:192.168.164.201:45540, bdd1c484-1a92-4a2c-bc93-a7d8718d9bdc:192.168.164.201:46574, 840dadcc-bbff-4158-865b-0f258f3c1721:192.168.164.201:46061], old=null
2019-10-17 20:31:50,427 [Thread-493] INFO  impl.FollowerState (FollowerState.java:run(108)) - 12dca792-6614-46e6-8fa8-e27f364a29d9@group-AC929BCCC495-FollowerState: change to CANDIDATE, lastRpcTime:22ms, electionTimeout:10ms
2019-10-17 20:31:50,428 [Thread-493] INFO  impl.RoleInfo (RoleInfo.java:shutdownFollowerState(121)) - 12dca792-6614-46e6-8fa8-e27f364a29d9: shutdown FollowerState
2019-10-17 20:31:50,428 [Thread-493] INFO  impl.RaftServerImpl (RaftServerImpl.java:setRole(184)) - 12dca792-6614-46e6-8fa8-e27f364a29d9@group-AC929BCCC495: changes role from  FOLLOWER to CANDIDATE at term 1 for changeToCandidate
2019-10-17 20:31:50,428 [Thread-493] INFO  impl.RoleInfo (RoleInfo.java:updateAndGet(143)) - 12dca792-6614-46e6-8fa8-e27f364a29d9: start LeaderElection
2019-10-17 20:31:50,431 [bdd1c484-1a92-4a2c-bc93-a7d8718d9bdc@group-AC929BCCC495-LeaderElection8] INFO  impl.LeaderElection (LeaderElection.java:logAndReturn(56)) - bdd1c484-1a92-4a2c-bc93-a7d8718d9bdc@group-AC929BCCC495-LeaderElection8: Election DISCOVERED_A_NEW_TERM; received 1 response(s) [bdd1c484-1a92-4a2c-bc93-a7d8718d9bdc<-840dadcc-bbff-4158-865b-0f258f3c1721#0:FAIL-t2] and 0 exception(s); bdd1c484-1a92-4a2c-bc93-a7d8718d9bdc@group-AC929BCCC495:t1, leader=null, voted=bdd1c484-1a92-4a2c-bc93-a7d8718d9bdc, raftlog=bdd1c484-1a92-4a2c-bc93-a7d8718d9bdc@group-AC929BCCC495-SegmentedRaftLog:OPENED:c-1,f-1,i0, conf=-1: [12dca792-6614-46e6-8fa8-e27f364a29d9:192.168.164.201:45540, bdd1c484-1a92-4a2c-bc93-a7d8718d9bdc:192.168.164.201:46574, 840dadcc-bbff-4158-865b-0f258f3c1721:192.168.164.201:46061], old=null
2019-10-17 20:31:50,431 [bdd1c484-1a92-4a2c-bc93-a7d8718d9bdc@group-AC929BCCC495-LeaderElection8] INFO  impl.RaftServerImpl (RaftServerImpl.java:setRole(184)) - bdd1c484-1a92-4a2c-bc93-a7d8718d9bdc@group-AC929BCCC495: changes role from CANDIDATE to FOLLOWER at term 2 for DISCOVERED_A_NEW_TERM
2019-10-17 20:31:50,432 [bdd1c484-1a92-4a2c-bc93-a7d8718d9bdc@group-AC929BCCC495-LeaderElection8] INFO  impl.RoleInfo (RoleInfo.java:shutdownLeaderElection(134)) - bdd1c484-1a92-4a2c-bc93-a7d8718d9bdc: shutdown LeaderElection
2019-10-17 20:31:50,433 [bdd1c484-1a92-4a2c-bc93-a7d8718d9bdc@group-AC929BCCC495-LeaderElection8] INFO  impl.RoleInfo (RoleInfo.java:updateAndGet(143)) - bdd1c484-1a92-4a2c-bc93-a7d8718d9bdc: start FollowerState
2019-10-17 20:31:50,461 [12dca792-6614-46e6-8fa8-e27f364a29d9@group-AC929BCCC495-LeaderElection9] INFO  impl.LeaderElection (LeaderElection.java:askForVotes(178)) - 12dca792-6614-46e6-8fa8-e27f364a29d9@group-AC929BCCC495-LeaderElection9: begin an election at term 2 for -1: [12dca792-6614-46e6-8fa8-e27f364a29d9:192.168.164.201:45540, bdd1c484-1a92-4a2c-bc93-a7d8718d9bdc:192.168.164.201:46574, 840dadcc-bbff-4158-865b-0f258f3c1721:192.168.164.201:46061], old=null
2019-10-17 20:31:50,462 [grpc-default-executor-1] INFO  impl.RaftServerImpl (RaftServerImpl.java:setRole(184)) - bdd1c484-1a92-4a2c-bc93-a7d8718d9bdc@group-AC929BCCC495: changes role from  FOLLOWER to FOLLOWER at term 2 for recognizeCandidate:840dadcc-bbff-4158-865b-0f258f3c1721
2019-10-17 20:31:50,462 [grpc-default-executor-1] INFO  impl.RoleInfo (RoleInfo.java:shutdownFollowerState(121)) - bdd1c484-1a92-4a2c-bc93-a7d8718d9bdc: shutdown FollowerState
2019-10-17 20:31:50,463 [Thread-499] INFO  impl.FollowerState (FollowerState.java:run(117)) - bdd1c484-1a92-4a2c-bc93-a7d8718d9bdc@group-AC929BCCC495-FollowerState was interrupted: java.lang.InterruptedException: sleep interrupted
2019-10-17 20:31:50,463 [grpc-default-executor-1] INFO  impl.RoleInfo (RoleInfo.java:updateAndGet(143)) - bdd1c484-1a92-4a2c-bc93-a7d8718d9bdc: start FollowerState
2019-10-17 20:31:50,497 [840dadcc-bbff-4158-865b-0f258f3c1721@group-AC929BCCC495-LeaderElection7] INFO  impl.LeaderElection (LeaderElection.java:logAndReturn(56)) - 840dadcc-bbff-4158-865b-0f258f3c1721@group-AC929BCCC495-LeaderElection7: Election PASSED; received 2 response(s) [840dadcc-bbff-4158-865b-0f258f3c1721<-12dca792-6614-46e6-8fa8-e27f364a29d9#0:FAIL-t2, 840dadcc-bbff-4158-865b-0f258f3c1721<-bdd1c484-1a92-4a2c-bc93-a7d8718d9bdc#0:OK-t2] and 0 exception(s); 840dadcc-bbff-4158-865b-0f258f3c1721@group-AC929BCCC495:t2, leader=null, voted=840dadcc-bbff-4158-865b-0f258f3c1721, raftlog=840dadcc-bbff-4158-865b-0f258f3c1721@group-AC929BCCC495-SegmentedRaftLog:OPENED:c-1,f-1,i0, conf=-1: [12dca792-6614-46e6-8fa8-e27f364a29d9:192.168.164.201:45540, bdd1c484-1a92-4a2c-bc93-a7d8718d9bdc:192.168.164.201:46574, 840dadcc-bbff-4158-865b-0f258f3c1721:192.168.164.201:46061], old=null
2019-10-17 20:31:50,497 [840dadcc-bbff-4158-865b-0f258f3c1721@group-AC929BCCC495-LeaderElection7] INFO  impl.RoleInfo (RoleInfo.java:shutdownLeaderElection(134)) - 840dadcc-bbff-4158-865b-0f258f3c1721: shutdown LeaderElection
2019-10-17 20:31:50,498 [840dadcc-bbff-4158-865b-0f258f3c1721@group-AC929BCCC495-LeaderElection7] INFO  impl.RaftServerImpl (RaftServerImpl.java:setRole(184)) - 840dadcc-bbff-4158-865b-0f258f3c1721@group-AC929BCCC495: changes role from CANDIDATE to LEADER at term 2 for changeToLeader
2019-10-17 20:31:50,498 [12dca792-6614-46e6-8fa8-e27f364a29d9@group-AC929BCCC495-LeaderElection9] INFO  impl.LeaderElection (LeaderElection.java:logAndReturn(56)) - 12dca792-6614-46e6-8fa8-e27f364a29d9@group-AC929BCCC495-LeaderElection9: Election REJECTED; received 2 response(s) [12dca792-6614-46e6-8fa8-e27f364a29d9<-bdd1c484-1a92-4a2c-bc93-a7d8718d9bdc#0:FAIL-t2, 12dca792-6614-46e6-8fa8-e27f364a29d9<-840dadcc-bbff-4158-865b-0f258f3c1721#0:FAIL-t2] and 0 exception(s); 12dca792-6614-46e6-8fa8-e27f364a29d9@group-AC929BCCC495:t2, leader=null, voted=12dca792-6614-46e6-8fa8-e27f364a29d9, raftlog=12dca792-6614-46e6-8fa8-e27f364a29d9@group-AC929BCCC495-SegmentedRaftLog:OPENED:c-1,f-1,i0, conf=-1: [12dca792-6614-46e6-8fa8-e27f364a29d9:192.168.164.201:45540, bdd1c484-1a92-4a2c-bc93-a7d8718d9bdc:192.168.164.201:46574, 840dadcc-bbff-4158-865b-0f258f3c1721:192.168.164.201:46061], old=null
2019-10-17 20:31:50,498 [840dadcc-bbff-4158-865b-0f258f3c1721@group-AC929BCCC495-LeaderElection7] INFO  ratis.XceiverServerRatis (XceiverServerRatis.java:handleLeaderChangedNotification(700)) - Leader change notification received for group: group-AC929BCCC495 with new leaderId: 840dadcc-bbff-4158-865b-0f258f3c1721
2019-10-17 20:31:50,499 [12dca792-6614-46e6-8fa8-e27f364a29d9@group-AC929BCCC495-LeaderElection9] INFO  impl.RaftServerImpl (RaftServerImpl.java:setRole(184)) - 12dca792-6614-46e6-8fa8-e27f364a29d9@group-AC929BCCC495: changes role from CANDIDATE to FOLLOWER at term 2 for DISCOVERED_A_NEW_TERM
2019-10-17 20:31:50,501 [840dadcc-bbff-4158-865b-0f258f3c1721@group-AC929BCCC495-LeaderElection7] INFO  impl.RaftServerImpl (ServerState.java:setLeader(256)) - 840dadcc-bbff-4158-865b-0f258f3c1721@group-AC929BCCC495: change Leader from null to 840dadcc-bbff-4158-865b-0f258f3c1721 at term 2 for becomeLeader, leader elected after 171ms
2019-10-17 20:31:50,501 [12dca792-6614-46e6-8fa8-e27f364a29d9@group-AC929BCCC495-LeaderElection9] INFO  impl.RoleInfo (RoleInfo.java:shutdownLeaderElection(134)) - 12dca792-6614-46e6-8fa8-e27f364a29d9: shutdown LeaderElection
2019-10-17 20:31:50,501 [840dadcc-bbff-4158-865b-0f258f3c1721@group-AC929BCCC495-LeaderElection7] INFO  server.RaftServerConfigKeys (ConfUtils.java:logGet(43)) - raft.server.staging.catchup.gap = 1000 (default)
2019-10-17 20:31:50,501 [12dca792-6614-46e6-8fa8-e27f364a29d9@group-AC929BCCC495-LeaderElection9] INFO  impl.RoleInfo (RoleInfo.java:updateAndGet(143)) - 12dca792-6614-46e6-8fa8-e27f364a29d9: start FollowerState
2019-10-17 20:31:50,501 [840dadcc-bbff-4158-865b-0f258f3c1721@group-AC929BCCC495-LeaderElection7] INFO  server.RaftServerConfigKeys (ConfUtils.java:logGet(43)) - raft.server.rpc.sleep.time = 25ms (default)
2019-10-17 20:31:50,503 [840dadcc-bbff-4158-865b-0f258f3c1721@group-AC929BCCC495-LeaderElection7] INFO  server.RaftServerConfigKeys (ConfUtils.java:logGet(43)) - raft.server.write.element-limit = 4096 (default)
2019-10-17 20:31:50,503 [840dadcc-bbff-4158-865b-0f258f3c1721@group-AC929BCCC495-LeaderElection7] INFO  server.RaftServerConfigKeys (ConfUtils.java:logGet(43)) - raft.server.watch.timeout = 10s (default)
2019-10-17 20:31:50,503 [840dadcc-bbff-4158-865b-0f258f3c1721@group-AC929BCCC495-LeaderElection7] INFO  server.RaftServerConfigKeys (ConfUtils.java:logGet(43)) - raft.server.watch.timeout.denomination = 1s (default)
2019-10-17 20:31:50,503 [840dadcc-bbff-4158-865b-0f258f3c1721@group-AC929BCCC495-LeaderElection7] INFO  server.RaftServerConfigKeys (ConfUtils.java:logGet(43)) - raft.server.watch.element-limit = 65536 (default)
2019-10-17 20:31:50,504 [EventQueue-PipelineReportForPipelineReportHandler] INFO  pipeline.PipelineReportHandler (PipelineReportHandler.java:processPipelineReport(119)) - Pipeline PipelineID=2590f347-0478-4d3f-ab81-ac929bccc495 reported by 840dadcc-bbff-4158-865b-0f258f3c1721{ip: 192.168.164.201, host: pr-hdds-1868-s6sc9-3720172378, networkLocation: /default-rack, certSerialId: null} with leaderId 840dadcc-bbff-4158-865b-0f258f3c1721
2019-10-17 20:31:50,507 [840dadcc-bbff-4158-865b-0f258f3c1721@group-AC929BCCC495-LeaderElection7] INFO  server.RaftServerConfigKeys (ConfUtils.java:logGet(43)) - raft.server.log.appender.snapshot.chunk.size.max = 16MB (=16777216) (default)
2019-10-17 20:31:50,507 [840dadcc-bbff-4158-865b-0f258f3c1721@group-AC929BCCC495-LeaderElection7] INFO  server.RaftServerConfigKeys (ConfUtils.java:logGet(43)) - raft.server.log.appender.buffer.byte-limit = 33554432 (custom)
2019-10-17 20:31:50,507 [840dadcc-bbff-4158-865b-0f258f3c1721@group-AC929BCCC495-LeaderElection7] INFO  server.RaftServerConfigKeys (ConfUtils.java:logGet(43)) - raft.server.log.appender.buffer.element-limit = 1 (custom)
2019-10-17 20:31:50,507 [840dadcc-bbff-4158-865b-0f258f3c1721@group-AC929BCCC495-LeaderElection7] INFO  grpc.GrpcConfigKeys$Server (ConfUtils.java:logGet(43)) - raft.grpc.server.leader.outstanding.appends.max = 128 (default)
2019-10-17 20:31:50,508 [840dadcc-bbff-4158-865b-0f258f3c1721@group-AC929BCCC495-LeaderElection7] INFO  server.RaftServerConfigKeys (ConfUtils.java:logGet(43)) - raft.server.rpc.request.timeout = 3000ms (default)
2019-10-17 20:31:50,508 [840dadcc-bbff-4158-865b-0f258f3c1721@group-AC929BCCC495-LeaderElection7] INFO  server.RaftServerConfigKeys (ConfUtils.java:logGet(43)) - raft.server.log.appender.install.snapshot.enabled = false (custom)
2019-10-17 20:31:50,511 [840dadcc-bbff-4158-865b-0f258f3c1721@group-AC929BCCC495-LeaderElection7] INFO  server.RaftServerConfigKeys (ConfUtils.java:logGet(43)) - raft.server.log.appender.snapshot.chunk.size.max = 16MB (=16777216) (default)
2019-10-17 20:31:50,511 [840dadcc-bbff-4158-865b-0f258f3c1721@group-AC929BCCC495-LeaderElection7] INFO  server.RaftServerConfigKeys (ConfUtils.java:logGet(43)) - raft.server.log.appender.buffer.byte-limit = 33554432 (custom)
2019-10-17 20:31:50,511 [840dadcc-bbff-4158-865b-0f258f3c1721@group-AC929BCCC495-LeaderElection7] INFO  server.RaftServerConfigKeys (ConfUtils.java:logGet(43)) - raft.server.log.appender.buffer.element-limit = 1 (custom)
2019-10-17 20:31:50,511 [840dadcc-bbff-4158-865b-0f258f3c1721@group-AC929BCCC495-LeaderElection7] INFO  grpc.GrpcConfigKeys$Server (ConfUtils.java:logGet(43)) - raft.grpc.server.leader.outstanding.appends.max = 128 (default)
2019-10-17 20:31:50,511 [840dadcc-bbff-4158-865b-0f258f3c1721@group-AC929BCCC495-LeaderElection7] INFO  server.RaftServerConfigKeys (ConfUtils.java:logGet(43)) - raft.server.rpc.request.timeout = 3000ms (default)
2019-10-17 20:31:50,512 [840dadcc-bbff-4158-865b-0f258f3c1721@group-AC929BCCC495-LeaderElection7] INFO  server.RaftServerConfigKeys (ConfUtils.java:logGet(43)) - raft.server.log.appender.install.snapshot.enabled = false (custom)
2019-10-17 20:31:50,515 [Thread-501] INFO  impl.FollowerState (FollowerState.java:run(108)) - bdd1c484-1a92-4a2c-bc93-a7d8718d9bdc@group-AC929BCCC495-FollowerState: change to CANDIDATE, lastRpcTime:52ms, electionTimeout:51ms
2019-10-17 20:31:50,515 [Thread-501] INFO  impl.RoleInfo (RoleInfo.java:shutdownFollowerState(121)) - bdd1c484-1a92-4a2c-bc93-a7d8718d9bdc: shutdown FollowerState
2019-10-17 20:31:50,515 [840dadcc-bbff-4158-865b-0f258f3c1721@group-AC929BCCC495-LeaderElection7] INFO  impl.RoleInfo (RoleInfo.java:updateAndGet(143)) - 840dadcc-bbff-4158-865b-0f258f3c1721: start LeaderState
2019-10-17 20:31:50,515 [Thread-501] INFO  impl.RaftServerImpl (RaftServerImpl.java:setRole(184)) - bdd1c484-1a92-4a2c-bc93-a7d8718d9bdc@group-AC929BCCC495: changes role from  FOLLOWER to CANDIDATE at term 2 for changeToCandidate
2019-10-17 20:31:50,516 [Thread-501] INFO  impl.RoleInfo (RoleInfo.java:updateAndGet(143)) - bdd1c484-1a92-4a2c-bc93-a7d8718d9bdc: start LeaderElection
2019-10-17 20:31:50,516 [840dadcc-bbff-4158-865b-0f258f3c1721@group-AC929BCCC495-LeaderElection7] INFO  segmented.SegmentedRaftLogWorker (SegmentedRaftLogWorker.java:startLogSegment(385)) - 840dadcc-bbff-4158-865b-0f258f3c1721@group-AC929BCCC495-SegmentedRaftLogWorker: Starting segment from index:0
2019-10-17 20:31:50,517 [840dadcc-bbff-4158-865b-0f258f3c1721@group-AC929BCCC495-LeaderElection7] INFO  impl.RaftServerImpl (ServerState.java:setRaftConf(357)) - 840dadcc-bbff-4158-865b-0f258f3c1721@group-AC929BCCC495: set configuration 0: [12dca792-6614-46e6-8fa8-e27f364a29d9:192.168.164.201:45540, bdd1c484-1a92-4a2c-bc93-a7d8718d9bdc:192.168.164.201:46574, 840dadcc-bbff-4158-865b-0f258f3c1721:192.168.164.201:46061], old=null at 0
2019-10-17 20:31:50,556 [grpc-default-executor-1] INFO  ratis.XceiverServerRatis (XceiverServerRatis.java:handleLeaderChangedNotification(700)) - Leader change notification received for group: group-AC929BCCC495 with new leaderId: 840dadcc-bbff-4158-865b-0f258f3c1721
2019-10-17 20:31:50,556 [grpc-default-executor-1] INFO  impl.RaftServerImpl (ServerState.java:setLeader(256)) - 12dca792-6614-46e6-8fa8-e27f364a29d9@group-AC929BCCC495: change Leader from null to 840dadcc-bbff-4158-865b-0f258f3c1721 at term 2 for appendEntries, leader elected after 229ms
2019-10-17 20:31:50,558 [EventQueue-PipelineReportForPipelineReportHandler] INFO  pipeline.PipelineReportHandler (PipelineReportHandler.java:processPipelineReport(119)) - Pipeline PipelineID=2590f347-0478-4d3f-ab81-ac929bccc495 reported by 12dca792-6614-46e6-8fa8-e27f364a29d9{ip: 192.168.164.201, host: pr-hdds-1868-s6sc9-3720172378, networkLocation: /default-rack, certSerialId: null} with leaderId 840dadcc-bbff-4158-865b-0f258f3c1721
2019-10-17 20:31:50,560 [grpc-default-executor-1] INFO  impl.RaftServerImpl (ServerState.java:setRaftConf(357)) - 12dca792-6614-46e6-8fa8-e27f364a29d9@group-AC929BCCC495: set configuration 0: [12dca792-6614-46e6-8fa8-e27f364a29d9:192.168.164.201:45540, bdd1c484-1a92-4a2c-bc93-a7d8718d9bdc:192.168.164.201:46574, 840dadcc-bbff-4158-865b-0f258f3c1721:192.168.164.201:46061], old=null at 0
2019-10-17 20:31:50,561 [grpc-default-executor-1] INFO  segmented.SegmentedRaftLogWorker (SegmentedRaftLogWorker.java:startLogSegment(385)) - 12dca792-6614-46e6-8fa8-e27f364a29d9@group-AC929BCCC495-SegmentedRaftLogWorker: Starting segment from index:0
2019-10-17 20:31:50,604 [840dadcc-bbff-4158-865b-0f258f3c1721@group-AC929BCCC495-SegmentedRaftLogWorker] INFO  segmented.SegmentedRaftLogWorker (SegmentedRaftLogWorker.java:execute(576)) - 840dadcc-bbff-4158-865b-0f258f3c1721@group-AC929BCCC495-SegmentedRaftLogWorker: created new log segment /workdir/hadoop-ozone/tools/target/test-dir/MiniOzoneClusterImpl-4067a7c1-930e-4438-9b9c-131754719370/datanode-0/data/ratis/2590f347-0478-4d3f-ab81-ac929bccc495/current/log_inprogress_0
2019-10-17 20:31:50,604 [bdd1c484-1a92-4a2c-bc93-a7d8718d9bdc@group-AC929BCCC495-LeaderElection10] INFO  impl.LeaderElection (LeaderElection.java:askForVotes(178)) - bdd1c484-1a92-4a2c-bc93-a7d8718d9bdc@group-AC929BCCC495-LeaderElection10: begin an election at term 3 for -1: [12dca792-6614-46e6-8fa8-e27f364a29d9:192.168.164.201:45540, bdd1c484-1a92-4a2c-bc93-a7d8718d9bdc:192.168.164.201:46574, 840dadcc-bbff-4158-865b-0f258f3c1721:192.168.164.201:46061], old=null
2019-10-17 20:31:50,606 [Thread-504] INFO  impl.RaftServerImpl (ServerState.java:setLeader(256)) - 840dadcc-bbff-4158-865b-0f258f3c1721@group-AC929BCCC495: change Leader from 840dadcc-bbff-4158-865b-0f258f3c1721 to null at term 3 for updateCurrentTerm
2019-10-17 20:31:50,606 [Thread-504] INFO  impl.RaftServerImpl (RaftServerImpl.java:setRole(184)) - 840dadcc-bbff-4158-865b-0f258f3c1721@group-AC929BCCC495: changes role from    LEADER to FOLLOWER at term 3 for stepDown
2019-10-17 20:31:50,606 [Thread-504] INFO  impl.RoleInfo (RoleInfo.java:shutdownLeaderState(104)) - 840dadcc-bbff-4158-865b-0f258f3c1721: shutdown LeaderState
2019-10-17 20:31:50,610 [org.apache.ratis.server.impl.LogAppender$AppenderDaemon$$Lambda$438/1312829605@75b8b675] WARN  server.GrpcLogAppender (GrpcLogAppender.java:mayWait(149)) - 840dadcc-bbff-4158-865b-0f258f3c1721@group-AC929BCCC495->bdd1c484-1a92-4a2c-bc93-a7d8718d9bdc-GrpcLogAppender: Wait interrupted by java.lang.InterruptedException
2019-10-17 20:31:50,610 [org.apache.ratis.server.impl.LogAppender$AppenderDaemon$$Lambda$438/1312829605@24483ce7] WARN  server.GrpcLogAppender (GrpcLogAppender.java:mayWait(149)) - 840dadcc-bbff-4158-865b-0f258f3c1721@group-AC929BCCC495->12dca792-6614-46e6-8fa8-e27f364a29d9-GrpcLogAppender: Wait interrupted by java.lang.InterruptedException
2019-10-17 20:31:50,610 [Thread-504] INFO  impl.PendingRequests (PendingRequests.java:sendNotLeaderResponses(202)) - 840dadcc-bbff-4158-865b-0f258f3c1721@group-AC929BCCC495-PendingRequests: sendNotLeaderResponses
2019-10-17 20:31:50,614 [grpc-default-executor-2] INFO  impl.RaftServerImpl (ServerState.java:setLeader(256)) - 12dca792-6614-46e6-8fa8-e27f364a29d9@group-AC929BCCC495: change Leader from 840dadcc-bbff-4158-865b-0f258f3c1721 to null at term 3 for updateCurrentTerm
2019-10-17 20:31:50,616 [grpc-default-executor-2] INFO  impl.RaftServerImpl (RaftServerImpl.java:setRole(184)) - 12dca792-6614-46e6-8fa8-e27f364a29d9@group-AC929BCCC495: changes role from  FOLLOWER to FOLLOWER at term 3 for recognizeCandidate:bdd1c484-1a92-4a2c-bc93-a7d8718d9bdc
2019-10-17 20:31:50,616 [grpc-default-executor-3] INFO  server.GrpcServerProtocolService (GrpcServerProtocolService.java:onCompleted(113)) - 12dca792-6614-46e6-8fa8-e27f364a29d9: Completed APPEND_ENTRIES, lastRequest: 840dadcc-bbff-4158-865b-0f258f3c1721->12dca792-6614-46e6-8fa8-e27f364a29d9#1-t2, previous=(t:0, i:0), leaderCommit=-1, initializing? false, entries: size=1, first=(t:2, i:0), CONFIGURATIONENTRY
2019-10-17 20:31:50,616 [grpc-default-executor-0] INFO  server.GrpcServerProtocolService (GrpcServerProtocolService.java:onCompleted(113)) - bdd1c484-1a92-4a2c-bc93-a7d8718d9bdc: Completed APPEND_ENTRIES, lastRequest: 840dadcc-bbff-4158-865b-0f258f3c1721->bdd1c484-1a92-4a2c-bc93-a7d8718d9bdc#0-t2, previous=(t:0, i:0), leaderCommit=-1, initializing? false, entries: <empty>
2019-10-17 20:31:50,616 [Thread-504] INFO  impl.RoleInfo (RoleInfo.java:updateAndGet(143)) - 840dadcc-bbff-4158-865b-0f258f3c1721: start FollowerState
2019-10-17 20:31:50,616 [grpc-default-executor-2] INFO  impl.RoleInfo (RoleInfo.java:shutdownFollowerState(121)) - 12dca792-6614-46e6-8fa8-e27f364a29d9: shutdown FollowerState
2019-10-17 20:31:50,621 [12dca792-6614-46e6-8fa8-e27f364a29d9@group-AC929BCCC495-SegmentedRaftLogWorker] INFO  segmented.SegmentedRaftLogWorker (SegmentedRaftLogWorker.java:execute(576)) - 12dca792-6614-46e6-8fa8-e27f364a29d9@group-AC929BCCC495-SegmentedRaftLogWorker: created new log segment /workdir/hadoop-ozone/tools/target/test-dir/MiniOzoneClusterImpl-4067a7c1-930e-4438-9b9c-131754719370/datanode-1/data/ratis/2590f347-0478-4d3f-ab81-ac929bccc495/current/log_inprogress_0
2019-10-17 20:31:50,622 [grpc-default-executor-2] INFO  impl.RoleInfo (RoleInfo.java:updateAndGet(143)) - 12dca792-6614-46e6-8fa8-e27f364a29d9: start FollowerState
2019-10-17 20:31:50,622 [Thread-503] INFO  impl.FollowerState (FollowerState.java:run(117)) - 12dca792-6614-46e6-8fa8-e27f364a29d9@group-AC929BCCC495-FollowerState was interrupted: java.lang.InterruptedException: sleep interrupted
2019-10-17 20:31:50,622 [grpc-default-executor-3] INFO  server.GrpcLogAppender (GrpcLogAppender.java:onCompleted(308)) - 840dadcc-bbff-4158-865b-0f258f3c1721@group-AC929BCCC495->bdd1c484-1a92-4a2c-bc93-a7d8718d9bdc-AppendLogResponseHandler: follower responses appendEntries COMPLETED
2019-10-17 20:31:50,623 [grpc-default-executor-4] INFO  server.GrpcLogAppender (GrpcLogAppender.java:onCompleted(308)) - 840dadcc-bbff-4158-865b-0f258f3c1721@group-AC929BCCC495->12dca792-6614-46e6-8fa8-e27f364a29d9-AppendLogResponseHandler: follower responses appendEntries COMPLETED
2019-10-17 20:31:50,625 [grpc-default-executor-3] INFO  impl.FollowerInfo (FollowerInfo.java:lambda$new$0(51)) - 840dadcc-bbff-4158-865b-0f258f3c1721@group-AC929BCCC495->bdd1c484-1a92-4a2c-bc93-a7d8718d9bdc: nextIndex: updateUnconditionally 0 -> 0
2019-10-17 20:31:50,631 [grpc-default-executor-4] INFO  impl.FollowerInfo (FollowerInfo.java:lambda$new$0(51)) - 840dadcc-bbff-4158-865b-0f258f3c1721@group-AC929BCCC495->12dca792-6614-46e6-8fa8-e27f364a29d9: nextIndex: updateUnconditionally 1 -> 0
2019-10-17 20:31:50,647 [grpc-default-executor-1] INFO  impl.RaftServerImpl (RaftServerImpl.java:setRole(184)) - 840dadcc-bbff-4158-865b-0f258f3c1721@group-AC929BCCC495: changes role from  FOLLOWER to FOLLOWER at term 3 for recognizeCandidate:bdd1c484-1a92-4a2c-bc93-a7d8718d9bdc
2019-10-17 20:31:50,647 [grpc-default-executor-1] INFO  impl.RoleInfo (RoleInfo.java:shutdownFollowerState(121)) - 840dadcc-bbff-4158-865b-0f258f3c1721: shutdown FollowerState
2019-10-17 20:31:50,648 [grpc-default-executor-1] INFO  impl.RoleInfo (RoleInfo.java:updateAndGet(143)) - 840dadcc-bbff-4158-865b-0f258f3c1721: start FollowerState
2019-10-17 20:31:50,648 [Thread-513] INFO  impl.FollowerState (FollowerState.java:run(117)) - 840dadcc-bbff-4158-865b-0f258f3c1721@group-AC929BCCC495-FollowerState was interrupted: java.lang.InterruptedException: sleep interrupted
2019-10-17 20:31:50,650 [bdd1c484-1a92-4a2c-bc93-a7d8718d9bdc@group-AC929BCCC495-LeaderElection10] INFO  impl.LeaderElection (LeaderElection.java:logAndReturn(56)) - bdd1c484-1a92-4a2c-bc93-a7d8718d9bdc@group-AC929BCCC495-LeaderElection10: Election REJECTED; received 2 response(s) [bdd1c484-1a92-4a2c-bc93-a7d8718d9bdc<-12dca792-6614-46e6-8fa8-e27f364a29d9#0:FAIL-t3, bdd1c484-1a92-4a2c-bc93-a7d8718d9bdc<-840dadcc-bbff-4158-865b-0f258f3c1721#0:FAIL-t3] and 0 exception(s); bdd1c484-1a92-4a2c-bc93-a7d8718d9bdc@group-AC929BCCC495:t3, leader=null, voted=bdd1c484-1a92-4a2c-bc93-a7d8718d9bdc, raftlog=bdd1c484-1a92-4a2c-bc93-a7d8718d9bdc@group-AC929BCCC495-SegmentedRaftLog:OPENED:c-1,f-1,i0, conf=-1: [12dca792-6614-46e6-8fa8-e27f364a29d9:192.168.164.201:45540, bdd1c484-1a92-4a2c-bc93-a7d8718d9bdc:192.168.164.201:46574, 840dadcc-bbff-4158-865b-0f258f3c1721:192.168.164.201:46061], old=null
2019-10-17 20:31:50,650 [bdd1c484-1a92-4a2c-bc93-a7d8718d9bdc@group-AC929BCCC495-LeaderElection10] INFO  impl.RaftServerImpl (RaftServerImpl.java:setRole(184)) - bdd1c484-1a92-4a2c-bc93-a7d8718d9bdc@group-AC929BCCC495: changes role from CANDIDATE to FOLLOWER at term 3 for DISCOVERED_A_NEW_TERM
2019-10-17 20:31:50,652 [bdd1c484-1a92-4a2c-bc93-a7d8718d9bdc@group-AC929BCCC495-LeaderElection10] INFO  impl.RoleInfo (RoleInfo.java:shutdownLeaderElection(134)) - bdd1c484-1a92-4a2c-bc93-a7d8718d9bdc: shutdown LeaderElection
2019-10-17 20:31:50,652 [bdd1c484-1a92-4a2c-bc93-a7d8718d9bdc@group-AC929BCCC495-LeaderElection10] INFO  impl.RoleInfo (RoleInfo.java:updateAndGet(143)) - bdd1c484-1a92-4a2c-bc93-a7d8718d9bdc: start FollowerState
2019-10-17 20:31:50,826 [Thread-517] INFO  impl.FollowerState (FollowerState.java:run(108)) - bdd1c484-1a92-4a2c-bc93-a7d8718d9bdc@group-AC929BCCC495-FollowerState: change to CANDIDATE, lastRpcTime:174ms, electionTimeout:173ms
2019-10-17 20:31:50,827 [Thread-517] INFO  impl.RoleInfo (RoleInfo.java:shutdownFollowerState(121)) - bdd1c484-1a92-4a2c-bc93-a7d8718d9bdc: shutdown FollowerState
2019-10-17 20:31:50,828 [Thread-517] INFO  impl.RaftServerImpl (RaftServerImpl.java:setRole(184)) - bdd1c484-1a92-4a2c-bc93-a7d8718d9bdc@group-AC929BCCC495: changes role from  FOLLOWER to CANDIDATE at term 3 for changeToCandidate
2019-10-17 20:31:50,828 [Thread-517] INFO  impl.RoleInfo (RoleInfo.java:updateAndGet(143)) - bdd1c484-1a92-4a2c-bc93-a7d8718d9bdc: start LeaderElection
2019-10-17 20:31:50,863 [bdd1c484-1a92-4a2c-bc93-a7d8718d9bdc@group-AC929BCCC495-LeaderElection11] INFO  impl.LeaderElection (LeaderElection.java:askForVotes(178)) - bdd1c484-1a92-4a2c-bc93-a7d8718d9bdc@group-AC929BCCC495-LeaderElection11: begin an election at term 4 for -1: [12dca792-6614-46e6-8fa8-e27f364a29d9:192.168.164.201:45540, bdd1c484-1a92-4a2c-bc93-a7d8718d9bdc:192.168.164.201:46574, 840dadcc-bbff-4158-865b-0f258f3c1721:192.168.164.201:46061], old=null
2019-10-17 20:31:50,868 [grpc-default-executor-2] INFO  impl.RaftServerImpl (RaftServerImpl.java:setRole(184)) - 12dca792-6614-46e6-8fa8-e27f364a29d9@group-AC929BCCC495: changes role from  FOLLOWER to FOLLOWER at term 4 for recognizeCandidate:bdd1c484-1a92-4a2c-bc93-a7d8718d9bdc
2019-10-17 20:31:50,868 [grpc-default-executor-1] INFO  impl.RaftServerImpl (RaftServerImpl.java:setRole(184)) - 840dadcc-bbff-4158-865b-0f258f3c1721@group-AC929BCCC495: changes role from  FOLLOWER to FOLLOWER at term 4 for recognizeCandidate:bdd1c484-1a92-4a2c-bc93-a7d8718d9bdc
2019-10-17 20:31:50,868 [grpc-default-executor-2] INFO  impl.RoleInfo (RoleInfo.java:shutdownFollowerState(121)) - 12dca792-6614-46e6-8fa8-e27f364a29d9: shutdown FollowerState
2019-10-17 20:31:50,868 [grpc-default-executor-1] INFO  impl.RoleInfo (RoleInfo.java:shutdownFollowerState(121)) - 840dadcc-bbff-4158-865b-0f258f3c1721: shutdown FollowerState
2019-10-17 20:31:50,869 [grpc-default-executor-2] INFO  impl.RoleInfo (RoleInfo.java:updateAndGet(143)) - 12dca792-6614-46e6-8fa8-e27f364a29d9: start FollowerState
2019-10-17 20:31:50,869 [Thread-514] INFO  impl.FollowerState (FollowerState.java:run(117)) - 12dca792-6614-46e6-8fa8-e27f364a29d9@group-AC929BCCC495-FollowerState was interrupted: java.lang.InterruptedException: sleep interrupted
2019-10-17 20:31:50,869 [Thread-516] INFO  impl.FollowerState (FollowerState.java:run(117)) - 840dadcc-bbff-4158-865b-0f258f3c1721@group-AC929BCCC495-FollowerState was interrupted: java.lang.InterruptedException: sleep interrupted
2019-10-17 20:31:50,869 [grpc-default-executor-1] INFO  impl.RoleInfo (RoleInfo.java:updateAndGet(143)) - 840dadcc-bbff-4158-865b-0f258f3c1721: start FollowerState
2019-10-17 20:31:50,903 [bdd1c484-1a92-4a2c-bc93-a7d8718d9bdc@group-AC929BCCC495-LeaderElection11] INFO  impl.LeaderElection (LeaderElection.java:logAndReturn(56)) - bdd1c484-1a92-4a2c-bc93-a7d8718d9bdc@group-AC929BCCC495-LeaderElection11: Election TIMEOUT; received 0 response(s) [] and 0 exception(s); bdd1c484-1a92-4a2c-bc93-a7d8718d9bdc@group-AC929BCCC495:t4, leader=null, voted=bdd1c484-1a92-4a2c-bc93-a7d8718d9bdc, raftlog=bdd1c484-1a92-4a2c-bc93-a7d8718d9bdc@group-AC929BCCC495-SegmentedRaftLog:OPENED:c-1,f-1,i0, conf=-1: [12dca792-6614-46e6-8fa8-e27f364a29d9:192.168.164.201:45540, bdd1c484-1a92-4a2c-bc93-a7d8718d9bdc:192.168.164.201:46574, 840dadcc-bbff-4158-865b-0f258f3c1721:192.168.164.201:46061], old=null
2019-10-17 20:31:50,924 [bdd1c484-1a92-4a2c-bc93-a7d8718d9bdc@group-AC929BCCC495-LeaderElection11] INFO  impl.LeaderElection (LeaderElection.java:askForVotes(178)) - bdd1c484-1a92-4a2c-bc93-a7d8718d9bdc@group-AC929BCCC495-LeaderElection11: begin an election at term 5 for -1: [12dca792-6614-46e6-8fa8-e27f364a29d9:192.168.164.201:45540, bdd1c484-1a92-4a2c-bc93-a7d8718d9bdc:192.168.164.201:46574, 840dadcc-bbff-4158-865b-0f258f3c1721:192.168.164.201:46061], old=null
2019-10-17 20:31:50,928 [grpc-default-executor-1] INFO  impl.RaftServerImpl (RaftServerImpl.java:setRole(184)) - 12dca792-6614-46e6-8fa8-e27f364a29d9@group-AC929BCCC495: changes role from  FOLLOWER to FOLLOWER at term 5 for recognizeCandidate:bdd1c484-1a92-4a2c-bc93-a7d8718d9bdc
2019-10-17 20:31:50,928 [grpc-default-executor-2] INFO  impl.RaftServerImpl (RaftServerImpl.java:setRole(184)) - 840dadcc-bbff-4158-865b-0f258f3c1721@group-AC929BCCC495: changes role from  FOLLOWER to FOLLOWER at term 5 for recognizeCandidate:bdd1c484-1a92-4a2c-bc93-a7d8718d9bdc
2019-10-17 20:31:50,929 [grpc-default-executor-1] INFO  impl.RoleInfo (RoleInfo.java:shutdownFollowerState(121)) - 12dca792-6614-46e6-8fa8-e27f364a29d9: shutdown FollowerState
2019-10-17 20:31:50,929 [grpc-default-executor-2] INFO  impl.RoleInfo (RoleInfo.java:shutdownFollowerState(121)) - 840dadcc-bbff-4158-865b-0f258f3c1721: shutdown FollowerState
2019-10-17 20:31:50,929 [grpc-default-executor-1] INFO  impl.RoleInfo (RoleInfo.java:updateAndGet(143)) - 12dca792-6614-46e6-8fa8-e27f364a29d9: start FollowerState
2019-10-17 20:31:50,929 [Thread-521] INFO  impl.FollowerState (FollowerState.java:run(117)) - 12dca792-6614-46e6-8fa8-e27f364a29d9@group-AC929BCCC495-FollowerState was interrupted: java.lang.InterruptedException: sleep interrupted
2019-10-17 20:31:50,930 [grpc-default-executor-2] INFO  impl.RoleInfo (RoleInfo.java:updateAndGet(143)) - 840dadcc-bbff-4158-865b-0f258f3c1721: start FollowerState
2019-10-17 20:31:50,930 [Thread-522] INFO  impl.FollowerState (FollowerState.java:run(117)) - 840dadcc-bbff-4158-865b-0f258f3c1721@group-AC929BCCC495-FollowerState was interrupted: java.lang.InterruptedException: sleep interrupted
2019-10-17 20:31:50,959 [bdd1c484-1a92-4a2c-bc93-a7d8718d9bdc@group-AC929BCCC495-LeaderElection11] INFO  impl.LeaderElection (LeaderElection.java:logAndReturn(56)) - bdd1c484-1a92-4a2c-bc93-a7d8718d9bdc@group-AC929BCCC495-LeaderElection11: Election REJECTED; received 2 response(s) [bdd1c484-1a92-4a2c-bc93-a7d8718d9bdc<-12dca792-6614-46e6-8fa8-e27f364a29d9#0:FAIL-t5, bdd1c484-1a92-4a2c-bc93-a7d8718d9bdc<-840dadcc-bbff-4158-865b-0f258f3c1721#0:FAIL-t5] and 0 exception(s); bdd1c484-1a92-4a2c-bc93-a7d8718d9bdc@group-AC929BCCC495:t5, leader=null, voted=bdd1c484-1a92-4a2c-bc93-a7d8718d9bdc, raftlog=bdd1c484-1a92-4a2c-bc93-a7d8718d9bdc@group-AC929BCCC495-SegmentedRaftLog:OPENED:c-1,f-1,i0, conf=-1: [12dca792-6614-46e6-8fa8-e27f364a29d9:192.168.164.201:45540, bdd1c484-1a92-4a2c-bc93-a7d8718d9bdc:192.168.164.201:46574, 840dadcc-bbff-4158-865b-0f258f3c1721:192.168.164.201:46061], old=null
2019-10-17 20:31:50,959 [bdd1c484-1a92-4a2c-bc93-a7d8718d9bdc@group-AC929BCCC495-LeaderElection11] INFO  impl.RaftServerImpl (RaftServerImpl.java:setRole(184)) - bdd1c484-1a92-4a2c-bc93-a7d8718d9bdc@group-AC929BCCC495: changes role from CANDIDATE to FOLLOWER at term 5 for DISCOVERED_A_NEW_TERM
2019-10-17 20:31:50,960 [bdd1c484-1a92-4a2c-bc93-a7d8718d9bdc@group-AC929BCCC495-LeaderElection11] INFO  impl.RoleInfo (RoleInfo.java:shutdownLeaderElection(134)) - bdd1c484-1a92-4a2c-bc93-a7d8718d9bdc: shutdown LeaderElection
2019-10-17 20:31:50,960 [bdd1c484-1a92-4a2c-bc93-a7d8718d9bdc@group-AC929BCCC495-LeaderElection11] INFO  impl.RoleInfo (RoleInfo.java:updateAndGet(143)) - bdd1c484-1a92-4a2c-bc93-a7d8718d9bdc: start FollowerState
2019-10-17 20:31:51,105 [Thread-527] INFO  impl.FollowerState (FollowerState.java:run(108)) - bdd1c484-1a92-4a2c-bc93-a7d8718d9bdc@group-AC929BCCC495-FollowerState: change to CANDIDATE, lastRpcTime:145ms, electionTimeout:145ms
2019-10-17 20:31:51,107 [Thread-527] INFO  impl.RoleInfo (RoleInfo.java:shutdownFollowerState(121)) - bdd1c484-1a92-4a2c-bc93-a7d8718d9bdc: shutdown FollowerState
2019-10-17 20:31:51,108 [Thread-527] INFO  impl.RaftServerImpl (RaftServerImpl.java:setRole(184)) - bdd1c484-1a92-4a2c-bc93-a7d8718d9bdc@group-AC929BCCC495: changes role from  FOLLOWER to CANDIDATE at term 5 for changeToCandidate
2019-10-17 20:31:51,108 [Thread-527] INFO  impl.RoleInfo (RoleInfo.java:updateAndGet(143)) - bdd1c484-1a92-4a2c-bc93-a7d8718d9bdc: start LeaderElection
 0.00% |?                                                                                                    |  0/1 Time: 0:00:012019-10-17 20:31:51,367 [bdd1c484-1a92-4a2c-bc93-a7d8718d9bdc@group-AC929BCCC495-LeaderElection12] INFO  impl.LeaderElection (LeaderElection.java:askForVotes(178)) - bdd1c484-1a92-4a2c-bc93-a7d8718d9bdc@group-AC929BCCC495-LeaderElection12: begin an election at term 6 for -1: [12dca792-6614-46e6-8fa8-e27f364a29d9:192.168.164.201:45540, bdd1c484-1a92-4a2c-bc93-a7d8718d9bdc:192.168.164.201:46574, 840dadcc-bbff-4158-865b-0f258f3c1721:192.168.164.201:46061], old=null
2019-10-17 20:31:51,371 [grpc-default-executor-1] INFO  impl.RaftServerImpl (RaftServerImpl.java:setRole(184)) - 840dadcc-bbff-4158-865b-0f258f3c1721@group-AC929BCCC495: changes role from  FOLLOWER to FOLLOWER at term 6 for recognizeCandidate:bdd1c484-1a92-4a2c-bc93-a7d8718d9bdc
2019-10-17 20:31:51,371 [grpc-default-executor-1] INFO  impl.RoleInfo (RoleInfo.java:shutdownFollowerState(121)) - 840dadcc-bbff-4158-865b-0f258f3c1721: shutdown FollowerState
2019-10-17 20:31:51,371 [grpc-default-executor-2] INFO  impl.RaftServerImpl (RaftServerImpl.java:setRole(184)) - 12dca792-6614-46e6-8fa8-e27f364a29d9@group-AC929BCCC495: changes role from  FOLLOWER to FOLLOWER at term 6 for recognizeCandidate:bdd1c484-1a92-4a2c-bc93-a7d8718d9bdc
2019-10-17 20:31:51,371 [Thread-526] INFO  impl.FollowerState (FollowerState.java:run(117)) - 840dadcc-bbff-4158-865b-0f258f3c1721@group-AC929BCCC495-FollowerState was interrupted: java.lang.InterruptedException: sleep interrupted
2019-10-17 20:31:51,371 [grpc-default-executor-2] INFO  impl.RoleInfo (RoleInfo.java:shutdownFollowerState(121)) - 12dca792-6614-46e6-8fa8-e27f364a29d9: shutdown FollowerState
2019-10-17 20:31:51,371 [grpc-default-executor-1] INFO  impl.RoleInfo (RoleInfo.java:updateAndGet(143)) - 840dadcc-bbff-4158-865b-0f258f3c1721: start FollowerState
2019-10-17 20:31:51,373 [Thread-525] INFO  impl.FollowerState (FollowerState.java:run(117)) - 12dca792-6614-46e6-8fa8-e27f364a29d9@group-AC929BCCC495-FollowerState was interrupted: java.lang.InterruptedException: sleep interrupted
2019-10-17 20:31:51,373 [grpc-default-executor-2] INFO  impl.RoleInfo (RoleInfo.java:updateAndGet(143)) - 12dca792-6614-46e6-8fa8-e27f364a29d9: start FollowerState
2019-10-17 20:31:51,410 [bdd1c484-1a92-4a2c-bc93-a7d8718d9bdc@group-AC929BCCC495-LeaderElection12] INFO  impl.LeaderElection (LeaderElection.java:logAndReturn(56)) - bdd1c484-1a92-4a2c-bc93-a7d8718d9bdc@group-AC929BCCC495-LeaderElection12: Election REJECTED; received 2 response(s) [bdd1c484-1a92-4a2c-bc93-a7d8718d9bdc<-12dca792-6614-46e6-8fa8-e27f364a29d9#0:FAIL-t6, bdd1c484-1a92-4a2c-bc93-a7d8718d9bdc<-840dadcc-bbff-4158-865b-0f258f3c1721#0:FAIL-t6] and 0 exception(s); bdd1c484-1a92-4a2c-bc93-a7d8718d9bdc@group-AC929BCCC495:t6, leader=null, voted=bdd1c484-1a92-4a2c-bc93-a7d8718d9bdc, raftlog=bdd1c484-1a92-4a2c-bc93-a7d8718d9bdc@group-AC929BCCC495-SegmentedRaftLog:OPENED:c-1,f-1,i0, conf=-1: [12dca792-6614-46e6-8fa8-e27f364a29d9:192.168.164.201:45540, bdd1c484-1a92-4a2c-bc93-a7d8718d9bdc:192.168.164.201:46574, 840dadcc-bbff-4158-865b-0f258f3c1721:192.168.164.201:46061], old=null
2019-10-17 20:31:51,411 [bdd1c484-1a92-4a2c-bc93-a7d8718d9bdc@group-AC929BCCC495-LeaderElection12] INFO  impl.RaftServerImpl (RaftServerImpl.java:setRole(184)) - bdd1c484-1a92-4a2c-bc93-a7d8718d9bdc@group-AC929BCCC495: changes role from CANDIDATE to FOLLOWER at term 6 for DISCOVERED_A_NEW_TERM
2019-10-17 20:31:51,411 [bdd1c484-1a92-4a2c-bc93-a7d8718d9bdc@group-AC929BCCC495-LeaderElection12] INFO  impl.RoleInfo (RoleInfo.java:shutdownLeaderElection(134)) - bdd1c484-1a92-4a2c-bc93-a7d8718d9bdc: shutdown LeaderElection
2019-10-17 20:31:51,411 [bdd1c484-1a92-4a2c-bc93-a7d8718d9bdc@group-AC929BCCC495-LeaderElection12] INFO  impl.RoleInfo (RoleInfo.java:updateAndGet(143)) - bdd1c484-1a92-4a2c-bc93-a7d8718d9bdc: start FollowerState
2019-10-17 20:31:51,565 [Thread-533] INFO  impl.FollowerState (FollowerState.java:run(108)) - bdd1c484-1a92-4a2c-bc93-a7d8718d9bdc@group-AC929BCCC495-FollowerState: change to CANDIDATE, lastRpcTime:153ms, electionTimeout:153ms
2019-10-17 20:31:51,569 [Thread-533] INFO  impl.RoleInfo (RoleInfo.java:shutdownFollowerState(121)) - bdd1c484-1a92-4a2c-bc93-a7d8718d9bdc: shutdown FollowerState
2019-10-17 20:31:51,569 [Thread-533] INFO  impl.RaftServerImpl (RaftServerImpl.java:setRole(184)) - bdd1c484-1a92-4a2c-bc93-a7d8718d9bdc@group-AC929BCCC495: changes role from  FOLLOWER to CANDIDATE at term 6 for changeToCandidate
2019-10-17 20:31:51,570 [Thread-533] INFO  impl.RoleInfo (RoleInfo.java:updateAndGet(143)) - bdd1c484-1a92-4a2c-bc93-a7d8718d9bdc: start LeaderElection
2019-10-17 20:31:51,601 [bdd1c484-1a92-4a2c-bc93-a7d8718d9bdc@group-AC929BCCC495-LeaderElection13] INFO  impl.LeaderElection (LeaderElection.java:askForVotes(178)) - bdd1c484-1a92-4a2c-bc93-a7d8718d9bdc@group-AC929BCCC495-LeaderElection13: begin an election at term 7 for -1: [12dca792-6614-46e6-8fa8-e27f364a29d9:192.168.164.201:45540, bdd1c484-1a92-4a2c-bc93-a7d8718d9bdc:192.168.164.201:46574, 840dadcc-bbff-4158-865b-0f258f3c1721:192.168.164.201:46061], old=null
2019-10-17 20:31:51,606 [grpc-default-executor-2] INFO  impl.RaftServerImpl (RaftServerImpl.java:setRole(184)) - 12dca792-6614-46e6-8fa8-e27f364a29d9@group-AC929BCCC495: changes role from  FOLLOWER to FOLLOWER at term 7 for recognizeCandidate:bdd1c484-1a92-4a2c-bc93-a7d8718d9bdc
2019-10-17 20:31:51,606 [grpc-default-executor-1] INFO  impl.RaftServerImpl (RaftServerImpl.java:setRole(184)) - 840dadcc-bbff-4158-865b-0f258f3c1721@group-AC929BCCC495: changes role from  FOLLOWER to FOLLOWER at term 7 for recognizeCandidate:bdd1c484-1a92-4a2c-bc93-a7d8718d9bdc
2019-10-17 20:31:51,607 [grpc-default-executor-2] INFO  impl.RoleInfo (RoleInfo.java:shutdownFollowerState(121)) - 12dca792-6614-46e6-8fa8-e27f364a29d9: shutdown FollowerState
2019-10-17 20:31:51,607 [grpc-default-executor-1] INFO  impl.RoleInfo (RoleInfo.java:shutdownFollowerState(121)) - 840dadcc-bbff-4158-865b-0f258f3c1721: shutdown FollowerState
2019-10-17 20:31:51,607 [Thread-532] INFO  impl.FollowerState (FollowerState.java:run(117)) - 12dca792-6614-46e6-8fa8-e27f364a29d9@group-AC929BCCC495-FollowerState was interrupted: java.lang.InterruptedException: sleep interrupted
2019-10-17 20:31:51,607 [grpc-default-executor-2] INFO  impl.RoleInfo (RoleInfo.java:updateAndGet(143)) - 12dca792-6614-46e6-8fa8-e27f364a29d9: start FollowerState
2019-10-17 20:31:51,607 [Thread-531] INFO  impl.FollowerState (FollowerState.java:run(117)) - 840dadcc-bbff-4158-865b-0f258f3c1721@group-AC929BCCC495-FollowerState was interrupted: java.lang.InterruptedException: sleep interrupted
2019-10-17 20:31:51,607 [grpc-default-executor-1] INFO  impl.RoleInfo (RoleInfo.java:updateAndGet(143)) - 840dadcc-bbff-4158-865b-0f258f3c1721: start FollowerState
2019-10-17 20:31:51,636 [bdd1c484-1a92-4a2c-bc93-a7d8718d9bdc@group-AC929BCCC495-LeaderElection13] INFO  impl.LeaderElection (LeaderElection.java:logAndReturn(56)) - bdd1c484-1a92-4a2c-bc93-a7d8718d9bdc@group-AC929BCCC495-LeaderElection13: Election REJECTED; received 2 response(s) [bdd1c484-1a92-4a2c-bc93-a7d8718d9bdc<-12dca792-6614-46e6-8fa8-e27f364a29d9#0:FAIL-t7, bdd1c484-1a92-4a2c-bc93-a7d8718d9bdc<-840dadcc-bbff-4158-865b-0f258f3c1721#0:FAIL-t7] and 0 exception(s); bdd1c484-1a92-4a2c-bc93-a7d8718d9bdc@group-AC929BCCC495:t7, leader=null, voted=bdd1c484-1a92-4a2c-bc93-a7d8718d9bdc, raftlog=bdd1c484-1a92-4a2c-bc93-a7d8718d9bdc@group-AC929BCCC495-SegmentedRaftLog:OPENED:c-1,f-1,i0, conf=-1: [12dca792-6614-46e6-8fa8-e27f364a29d9:192.168.164.201:45540, bdd1c484-1a92-4a2c-bc93-a7d8718d9bdc:192.168.164.201:46574, 840dadcc-bbff-4158-865b-0f258f3c1721:192.168.164.201:46061], old=null
2019-10-17 20:31:51,637 [bdd1c484-1a92-4a2c-bc93-a7d8718d9bdc@group-AC929BCCC495-LeaderElection13] INFO  impl.RaftServerImpl (RaftServerImpl.java:setRole(184)) - bdd1c484-1a92-4a2c-bc93-a7d8718d9bdc@group-AC929BCCC495: changes role from CANDIDATE to FOLLOWER at term 7 for DISCOVERED_A_NEW_TERM
2019-10-17 20:31:51,637 [bdd1c484-1a92-4a2c-bc93-a7d8718d9bdc@group-AC929BCCC495-LeaderElection13] INFO  impl.RoleInfo (RoleInfo.java:shutdownLeaderElection(134)) - bdd1c484-1a92-4a2c-bc93-a7d8718d9bdc: shutdown LeaderElection
2019-10-17 20:31:51,637 [bdd1c484-1a92-4a2c-bc93-a7d8718d9bdc@group-AC929BCCC495-LeaderElection13] INFO  impl.RoleInfo (RoleInfo.java:updateAndGet(143)) - bdd1c484-1a92-4a2c-bc93-a7d8718d9bdc: start FollowerState
2019-10-17 20:31:51,756 [Thread-539] INFO  impl.FollowerState (FollowerState.java:run(108)) - bdd1c484-1a92-4a2c-bc93-a7d8718d9bdc@group-AC929BCCC495-FollowerState: change to CANDIDATE, lastRpcTime:119ms, electionTimeout:119ms
2019-10-17 20:31:51,758 [Thread-539] INFO  impl.RoleInfo (RoleInfo.java:shutdownFollowerState(121)) - bdd1c484-1a92-4a2c-bc93-a7d8718d9bdc: shutdown FollowerState
2019-10-17 20:31:51,758 [Thread-539] INFO  impl.RaftServerImpl (RaftServerImpl.java:setRole(184)) - bdd1c484-1a92-4a2c-bc93-a7d8718d9bdc@group-AC929BCCC495: changes role from  FOLLOWER to CANDIDATE at term 7 for changeToCandidate
2019-10-17 20:31:51,758 [Thread-539] INFO  impl.RoleInfo (RoleInfo.java:updateAndGet(143)) - bdd1c484-1a92-4a2c-bc93-a7d8718d9bdc: start LeaderElection
2019-10-17 20:31:51,785 [bdd1c484-1a92-4a2c-bc93-a7d8718d9bdc@group-AC929BCCC495-LeaderElection14] INFO  impl.LeaderElection (LeaderElection.java:askForVotes(178)) - bdd1c484-1a92-4a2c-bc93-a7d8718d9bdc@group-AC929BCCC495-LeaderElection14: begin an election at term 8 for -1: [12dca792-6614-46e6-8fa8-e27f364a29d9:192.168.164.201:45540, bdd1c484-1a92-4a2c-bc93-a7d8718d9bdc:192.168.164.201:46574, 840dadcc-bbff-4158-865b-0f258f3c1721:192.168.164.201:46061], old=null
2019-10-17 20:31:51,789 [grpc-default-executor-1] INFO  impl.RaftServerImpl (RaftServerImpl.java:setRole(184)) - 840dadcc-bbff-4158-865b-0f258f3c1721@group-AC929BCCC495: changes role from  FOLLOWER to FOLLOWER at term 8 for recognizeCandidate:bdd1c484-1a92-4a2c-bc93-a7d8718d9bdc
2019-10-17 20:31:51,789 [grpc-default-executor-2] INFO  impl.RaftServerImpl (RaftServerImpl.java:setRole(184)) - 12dca792-6614-46e6-8fa8-e27f364a29d9@group-AC929BCCC495: changes role from  FOLLOWER to FOLLOWER at term 8 for recognizeCandidate:bdd1c484-1a92-4a2c-bc93-a7d8718d9bdc
2019-10-17 20:31:51,789 [grpc-default-executor-1] INFO  impl.RoleInfo (RoleInfo.java:shutdownFollowerState(121)) - 840dadcc-bbff-4158-865b-0f258f3c1721: shutdown FollowerState
2019-10-17 20:31:51,789 [grpc-default-executor-2] INFO  impl.RoleInfo (RoleInfo.java:shutdownFollowerState(121)) - 12dca792-6614-46e6-8fa8-e27f364a29d9: shutdown FollowerState
2019-10-17 20:31:51,790 [Thread-538] INFO  impl.FollowerState (FollowerState.java:run(117)) - 840dadcc-bbff-4158-865b-0f258f3c1721@group-AC929BCCC495-FollowerState was interrupted: java.lang.InterruptedException: sleep interrupted
2019-10-17 20:31:51,790 [grpc-default-executor-1] INFO  impl.RoleInfo (RoleInfo.java:updateAndGet(143)) - 840dadcc-bbff-4158-865b-0f258f3c1721: start FollowerState
2019-10-17 20:31:51,790 [Thread-537] INFO  impl.FollowerState (FollowerState.java:run(117)) - 12dca792-6614-46e6-8fa8-e27f364a29d9@group-AC929BCCC495-FollowerState was interrupted: java.lang.InterruptedException: sleep interrupted
2019-10-17 20:31:51,790 [grpc-default-executor-2] INFO  impl.RoleInfo (RoleInfo.java:updateAndGet(143)) - 12dca792-6614-46e6-8fa8-e27f364a29d9: start FollowerState
2019-10-17 20:31:51,820 [bdd1c484-1a92-4a2c-bc93-a7d8718d9bdc@group-AC929BCCC495-LeaderElection14] INFO  impl.LeaderElection (LeaderElection.java:logAndReturn(56)) - bdd1c484-1a92-4a2c-bc93-a7d8718d9bdc@group-AC929BCCC495-LeaderElection14: Election REJECTED; received 2 response(s) [bdd1c484-1a92-4a2c-bc93-a7d8718d9bdc<-12dca792-6614-46e6-8fa8-e27f364a29d9#0:FAIL-t8, bdd1c484-1a92-4a2c-bc93-a7d8718d9bdc<-840dadcc-bbff-4158-865b-0f258f3c1721#0:FAIL-t8] and 0 exception(s); bdd1c484-1a92-4a2c-bc93-a7d8718d9bdc@group-AC929BCCC495:t8, leader=null, voted=bdd1c484-1a92-4a2c-bc93-a7d8718d9bdc, raftlog=bdd1c484-1a92-4a2c-bc93-a7d8718d9bdc@group-AC929BCCC495-SegmentedRaftLog:OPENED:c-1,f-1,i0, conf=-1: [12dca792-6614-46e6-8fa8-e27f364a29d9:192.168.164.201:45540, bdd1c484-1a92-4a2c-bc93-a7d8718d9bdc:192.168.164.201:46574, 840dadcc-bbff-4158-865b-0f258f3c1721:192.168.164.201:46061], old=null
2019-10-17 20:31:51,821 [bdd1c484-1a92-4a2c-bc93-a7d8718d9bdc@group-AC929BCCC495-LeaderElection14] INFO  impl.RaftServerImpl (RaftServerImpl.java:setRole(184)) - bdd1c484-1a92-4a2c-bc93-a7d8718d9bdc@group-AC929BCCC495: changes role from CANDIDATE to FOLLOWER at term 8 for DISCOVERED_A_NEW_TERM
2019-10-17 20:31:51,821 [bdd1c484-1a92-4a2c-bc93-a7d8718d9bdc@group-AC929BCCC495-LeaderElection14] INFO  impl.RoleInfo (RoleInfo.java:shutdownLeaderElection(134)) - bdd1c484-1a92-4a2c-bc93-a7d8718d9bdc: shutdown LeaderElection
2019-10-17 20:31:51,821 [bdd1c484-1a92-4a2c-bc93-a7d8718d9bdc@group-AC929BCCC495-LeaderElection14] INFO  impl.RoleInfo (RoleInfo.java:updateAndGet(143)) - bdd1c484-1a92-4a2c-bc93-a7d8718d9bdc: start FollowerState
2019-10-17 20:31:51,831 [Thread-545] INFO  impl.FollowerState (FollowerState.java:run(108)) - bdd1c484-1a92-4a2c-bc93-a7d8718d9bdc@group-AC929BCCC495-FollowerState: change to CANDIDATE, lastRpcTime:9ms, electionTimeout:9ms
2019-10-17 20:31:51,832 [Thread-545] INFO  impl.RoleInfo (RoleInfo.java:shutdownFollowerState(121)) - bdd1c484-1a92-4a2c-bc93-a7d8718d9bdc: shutdown FollowerState
2019-10-17 20:31:51,832 [Thread-545] INFO  impl.RaftServerImpl (RaftServerImpl.java:setRole(184)) - bdd1c484-1a92-4a2c-bc93-a7d8718d9bdc@group-AC929BCCC495: changes role from  FOLLOWER to CANDIDATE at term 8 for changeToCandidate
2019-10-17 20:31:51,832 [Thread-545] INFO  impl.RoleInfo (RoleInfo.java:updateAndGet(143)) - bdd1c484-1a92-4a2c-bc93-a7d8718d9bdc: start LeaderElection
2019-10-17 20:31:51,861 [bdd1c484-1a92-4a2c-bc93-a7d8718d9bdc@group-AC929BCCC495-LeaderElection15] INFO  impl.LeaderElection (LeaderElection.java:askForVotes(178)) - bdd1c484-1a92-4a2c-bc93-a7d8718d9bdc@group-AC929BCCC495-LeaderElection15: begin an election at term 9 for -1: [12dca792-6614-46e6-8fa8-e27f364a29d9:192.168.164.201:45540, bdd1c484-1a92-4a2c-bc93-a7d8718d9bdc:192.168.164.201:46574, 840dadcc-bbff-4158-865b-0f258f3c1721:192.168.164.201:46061], old=null
2019-10-17 20:31:51,864 [grpc-default-executor-1] INFO  impl.RaftServerImpl (RaftServerImpl.java:setRole(184)) - 12dca792-6614-46e6-8fa8-e27f364a29d9@group-AC929BCCC495: changes role from  FOLLOWER to FOLLOWER at term 9 for recognizeCandidate:bdd1c484-1a92-4a2c-bc93-a7d8718d9bdc
2019-10-17 20:31:51,864 [grpc-default-executor-2] INFO  impl.RaftServerImpl (RaftServerImpl.java:setRole(184)) - 840dadcc-bbff-4158-865b-0f258f3c1721@group-AC929BCCC495: changes role from  FOLLOWER to FOLLOWER at term 9 for recognizeCandidate:bdd1c484-1a92-4a2c-bc93-a7d8718d9bdc
2019-10-17 20:31:51,865 [grpc-default-executor-1] INFO  impl.RoleInfo (RoleInfo.java:shutdownFollowerState(121)) - 12dca792-6614-46e6-8fa8-e27f364a29d9: shutdown FollowerState
2019-10-17 20:31:51,865 [grpc-default-executor-2] INFO  impl.RoleInfo (RoleInfo.java:shutdownFollowerState(121)) - 840dadcc-bbff-4158-865b-0f258f3c1721: shutdown FollowerState
2019-10-17 20:31:51,865 [Thread-544] INFO  impl.FollowerState (FollowerState.java:run(117)) - 12dca792-6614-46e6-8fa8-e27f364a29d9@group-AC929BCCC495-FollowerState was interrupted: java.lang.InterruptedException: sleep interrupted
2019-10-17 20:31:51,865 [grpc-default-executor-1] INFO  impl.RoleInfo (RoleInfo.java:updateAndGet(143)) - 12dca792-6614-46e6-8fa8-e27f364a29d9: start FollowerState
2019-10-17 20:31:51,865 [grpc-default-executor-2] INFO  impl.RoleInfo (RoleInfo.java:updateAndGet(143)) - 840dadcc-bbff-4158-865b-0f258f3c1721: start FollowerState
2019-10-17 20:31:51,865 [Thread-543] INFO  impl.FollowerState (FollowerState.java:run(117)) - 840dadcc-bbff-4158-865b-0f258f3c1721@group-AC929BCCC495-FollowerState was interrupted: java.lang.InterruptedException: sleep interrupted
2019-10-17 20:31:51,896 [bdd1c484-1a92-4a2c-bc93-a7d8718d9bdc@group-AC929BCCC495-LeaderElection15] INFO  impl.LeaderElection (LeaderElection.java:logAndReturn(56)) - bdd1c484-1a92-4a2c-bc93-a7d8718d9bdc@group-AC929BCCC495-LeaderElection15: Election REJECTED; received 2 response(s) [bdd1c484-1a92-4a2c-bc93-a7d8718d9bdc<-12dca792-6614-46e6-8fa8-e27f364a29d9#0:FAIL-t9, bdd1c484-1a92-4a2c-bc93-a7d8718d9bdc<-840dadcc-bbff-4158-865b-0f258f3c1721#0:FAIL-t9] and 0 exception(s); bdd1c484-1a92-4a2c-bc93-a7d8718d9bdc@group-AC929BCCC495:t9, leader=null, voted=bdd1c484-1a92-4a2c-bc93-a7d8718d9bdc, raftlog=bdd1c484-1a92-4a2c-bc93-a7d8718d9bdc@group-AC929BCCC495-SegmentedRaftLog:OPENED:c-1,f-1,i0, conf=-1: [12dca792-6614-46e6-8fa8-e27f364a29d9:192.168.164.201:45540, bdd1c484-1a92-4a2c-bc93-a7d8718d9bdc:192.168.164.201:46574, 840dadcc-bbff-4158-865b-0f258f3c1721:192.168.164.201:46061], old=null
2019-10-17 20:31:51,897 [bdd1c484-1a92-4a2c-bc93-a7d8718d9bdc@group-AC929BCCC495-LeaderElection15] INFO  impl.RaftServerImpl (RaftServerImpl.java:setRole(184)) - bdd1c484-1a92-4a2c-bc93-a7d8718d9bdc@group-AC929BCCC495: changes role from CANDIDATE to FOLLOWER at term 9 for DISCOVERED_A_NEW_TERM
2019-10-17 20:31:51,897 [bdd1c484-1a92-4a2c-bc93-a7d8718d9bdc@group-AC929BCCC495-LeaderElection15] INFO  impl.RoleInfo (RoleInfo.java:shutdownLeaderElection(134)) - bdd1c484-1a92-4a2c-bc93-a7d8718d9bdc: shutdown LeaderElection
2019-10-17 20:31:51,897 [bdd1c484-1a92-4a2c-bc93-a7d8718d9bdc@group-AC929BCCC495-LeaderElection15] INFO  impl.RoleInfo (RoleInfo.java:updateAndGet(143)) - bdd1c484-1a92-4a2c-bc93-a7d8718d9bdc: start FollowerState
2019-10-17 20:31:52,046 [Thread-551] INFO  impl.FollowerState (FollowerState.java:run(108)) - bdd1c484-1a92-4a2c-bc93-a7d8718d9bdc@group-AC929BCCC495-FollowerState: change to CANDIDATE, lastRpcTime:148ms, electionTimeout:148ms
2019-10-17 20:31:52,047 [Thread-551] INFO  impl.RoleInfo (RoleInfo.java:shutdownFollowerState(121)) - bdd1c484-1a92-4a2c-bc93-a7d8718d9bdc: shutdown FollowerState
2019-10-17 20:31:52,047 [Thread-551] INFO  impl.RaftServerImpl (RaftServerImpl.java:setRole(184)) - bdd1c484-1a92-4a2c-bc93-a7d8718d9bdc@group-AC929BCCC495: changes role from  FOLLOWER to CANDIDATE at term 9 for changeToCandidate
2019-10-17 20:31:52,047 [Thread-551] INFO  impl.RoleInfo (RoleInfo.java:updateAndGet(143)) - bdd1c484-1a92-4a2c-bc93-a7d8718d9bdc: start LeaderElection
2019-10-17 20:31:52,079 [bdd1c484-1a92-4a2c-bc93-a7d8718d9bdc@group-AC929BCCC495-LeaderElection16] INFO  impl.LeaderElection (LeaderElection.java:askForVotes(178)) - bdd1c484-1a92-4a2c-bc93-a7d8718d9bdc@group-AC929BCCC495-LeaderElection16: begin an election at term 10 for -1: [12dca792-6614-46e6-8fa8-e27f364a29d9:192.168.164.201:45540, bdd1c484-1a92-4a2c-bc93-a7d8718d9bdc:192.168.164.201:46574, 840dadcc-bbff-4158-865b-0f258f3c1721:192.168.164.201:46061], old=null
2019-10-17 20:31:52,083 [grpc-default-executor-2] INFO  impl.RaftServerImpl (RaftServerImpl.java:setRole(184)) - 840dadcc-bbff-4158-865b-0f258f3c1721@group-AC929BCCC495: changes role from  FOLLOWER to FOLLOWER at term 10 for recognizeCandidate:bdd1c484-1a92-4a2c-bc93-a7d8718d9bdc
2019-10-17 20:31:52,083 [grpc-default-executor-1] INFO  impl.RaftServerImpl (RaftServerImpl.java:setRole(184)) - 12dca792-6614-46e6-8fa8-e27f364a29d9@group-AC929BCCC495: changes role from  FOLLOWER to FOLLOWER at term 10 for recognizeCandidate:bdd1c484-1a92-4a2c-bc93-a7d8718d9bdc
2019-10-17 20:31:52,083 [grpc-default-executor-2] INFO  impl.RoleInfo (RoleInfo.java:shutdownFollowerState(121)) - 840dadcc-bbff-4158-865b-0f258f3c1721: shutdown FollowerState
2019-10-17 20:31:52,083 [grpc-default-executor-1] INFO  impl.RoleInfo (RoleInfo.java:shutdownFollowerState(121)) - 12dca792-6614-46e6-8fa8-e27f364a29d9: shutdown FollowerState
2019-10-17 20:31:52,083 [Thread-550] INFO  impl.FollowerState (FollowerState.java:run(117)) - 840dadcc-bbff-4158-865b-0f258f3c1721@group-AC929BCCC495-FollowerState was interrupted: java.lang.InterruptedException: sleep interrupted
2019-10-17 20:31:52,083 [Thread-549] INFO  impl.FollowerState (FollowerState.java:run(117)) - 12dca792-6614-46e6-8fa8-e27f364a29d9@group-AC929BCCC495-FollowerState was interrupted: java.lang.InterruptedException: sleep interrupted
2019-10-17 20:31:52,083 [grpc-default-executor-2] INFO  impl.RoleInfo (RoleInfo.java:updateAndGet(143)) - 840dadcc-bbff-4158-865b-0f258f3c1721: start FollowerState
2019-10-17 20:31:52,083 [grpc-default-executor-1] INFO  impl.RoleInfo (RoleInfo.java:updateAndGet(143)) - 12dca792-6614-46e6-8fa8-e27f364a29d9: start FollowerState
2019-10-17 20:31:52,114 [bdd1c484-1a92-4a2c-bc93-a7d8718d9bdc@group-AC929BCCC495-LeaderElection16] INFO  impl.LeaderElection (LeaderElection.java:logAndReturn(56)) - bdd1c484-1a92-4a2c-bc93-a7d8718d9bdc@group-AC929BCCC495-LeaderElection16: Election REJECTED; received 2 response(s) [bdd1c484-1a92-4a2c-bc93-a7d8718d9bdc<-12dca792-6614-46e6-8fa8-e27f364a29d9#0:FAIL-t10, bdd1c484-1a92-4a2c-bc93-a7d8718d9bdc<-840dadcc-bbff-4158-865b-0f258f3c1721#0:FAIL-t10] and 0 exception(s); bdd1c484-1a92-4a2c-bc93-a7d8718d9bdc@group-AC929BCCC495:t10, leader=null, voted=bdd1c484-1a92-4a2c-bc93-a7d8718d9bdc, raftlog=bdd1c484-1a92-4a2c-bc93-a7d8718d9bdc@group-AC929BCCC495-SegmentedRaftLog:OPENED:c-1,f-1,i0, conf=-1: [12dca792-6614-46e6-8fa8-e27f364a29d9:192.168.164.201:45540, bdd1c484-1a92-4a2c-bc93-a7d8718d9bdc:192.168.164.201:46574, 840dadcc-bbff-4158-865b-0f258f3c1721:192.168.164.201:46061], old=null
2019-10-17 20:31:52,114 [bdd1c484-1a92-4a2c-bc93-a7d8718d9bdc@group-AC929BCCC495-LeaderElection16] INFO  impl.RaftServerImpl (RaftServerImpl.java:setRole(184)) - bdd1c484-1a92-4a2c-bc93-a7d8718d9bdc@group-AC929BCCC495: changes role from CANDIDATE to FOLLOWER at term 10 for DISCOVERED_A_NEW_TERM
2019-10-17 20:31:52,114 [bdd1c484-1a92-4a2c-bc93-a7d8718d9bdc@group-AC929BCCC495-LeaderElection16] INFO  impl.RoleInfo (RoleInfo.java:shutdownLeaderElection(134)) - bdd1c484-1a92-4a2c-bc93-a7d8718d9bdc: shutdown LeaderElection
2019-10-17 20:31:52,114 [bdd1c484-1a92-4a2c-bc93-a7d8718d9bdc@group-AC929BCCC495-LeaderElection16] INFO  impl.RoleInfo (RoleInfo.java:updateAndGet(143)) - bdd1c484-1a92-4a2c-bc93-a7d8718d9bdc: start FollowerState
2019-10-17 20:31:52,176 [Thread-557] INFO  impl.FollowerState (FollowerState.java:run(108)) - bdd1c484-1a92-4a2c-bc93-a7d8718d9bdc@group-AC929BCCC495-FollowerState: change to CANDIDATE, lastRpcTime:61ms, electionTimeout:61ms
2019-10-17 20:31:52,178 [Thread-557] INFO  impl.RoleInfo (RoleInfo.java:shutdownFollowerState(121)) - bdd1c484-1a92-4a2c-bc93-a7d8718d9bdc: shutdown FollowerState
2019-10-17 20:31:52,178 [Thread-557] INFO  impl.RaftServerImpl (RaftServerImpl.java:setRole(184)) - bdd1c484-1a92-4a2c-bc93-a7d8718d9bdc@group-AC929BCCC495: changes role from  FOLLOWER to CANDIDATE at term 10 for changeToCandidate
2019-10-17 20:31:52,178 [Thread-557] INFO  impl.RoleInfo (RoleInfo.java:updateAndGet(143)) - bdd1c484-1a92-4a2c-bc93-a7d8718d9bdc: start LeaderElection
2019-10-17 20:31:52,196 [bdd1c484-1a92-4a2c-bc93-a7d8718d9bdc@group-AC929BCCC495-LeaderElection17] INFO  impl.LeaderElection (LeaderElection.java:askForVotes(178)) - bdd1c484-1a92-4a2c-bc93-a7d8718d9bdc@group-AC929BCCC495-LeaderElection17: begin an election at term 11 for -1: [12dca792-6614-46e6-8fa8-e27f364a29d9:192.168.164.201:45540, bdd1c484-1a92-4a2c-bc93-a7d8718d9bdc:192.168.164.201:46574, 840dadcc-bbff-4158-865b-0f258f3c1721:192.168.164.201:46061], old=null
2019-10-17 20:31:52,199 [grpc-default-executor-1] INFO  impl.RaftServerImpl (RaftServerImpl.java:setRole(184)) - 12dca792-6614-46e6-8fa8-e27f364a29d9@group-AC929BCCC495: changes role from  FOLLOWER to FOLLOWER at term 11 for recognizeCandidate:bdd1c484-1a92-4a2c-bc93-a7d8718d9bdc
2019-10-17 20:31:52,199 [grpc-default-executor-1] INFO  impl.RoleInfo (RoleInfo.java:shutdownFollowerState(121)) - 12dca792-6614-46e6-8fa8-e27f364a29d9: shutdown FollowerState
2019-10-17 20:31:52,199 [grpc-default-executor-2] INFO  impl.RaftServerImpl (RaftServerImpl.java:setRole(184)) - 840dadcc-bbff-4158-865b-0f258f3c1721@group-AC929BCCC495: changes role from  FOLLOWER to FOLLOWER at term 11 for recognizeCandidate:bdd1c484-1a92-4a2c-bc93-a7d8718d9bdc
2019-10-17 20:31:52,200 [Thread-556] INFO  impl.FollowerState (FollowerState.java:run(117)) - 12dca792-6614-46e6-8fa8-e27f364a29d9@group-AC929BCCC495-FollowerState was interrupted: java.lang.InterruptedException: sleep interrupted
2019-10-17 20:31:52,200 [grpc-default-executor-1] INFO  impl.RoleInfo (RoleInfo.java:updateAndGet(143)) - 12dca792-6614-46e6-8fa8-e27f364a29d9: start FollowerState
2019-10-17 20:31:52,200 [grpc-default-executor-2] INFO  impl.RoleInfo (RoleInfo.java:shutdownFollowerState(121)) - 840dadcc-bbff-4158-865b-0f258f3c1721: shutdown FollowerState
2019-10-17 20:31:52,201 [grpc-default-executor-2] INFO  impl.RoleInfo (RoleInfo.java:updateAndGet(143)) - 840dadcc-bbff-4158-865b-0f258f3c1721: start FollowerState
2019-10-17 20:31:52,201 [Thread-555] INFO  impl.FollowerState (FollowerState.java:run(117)) - 840dadcc-bbff-4158-865b-0f258f3c1721@group-AC929BCCC495-FollowerState was interrupted: java.lang.InterruptedException: sleep interrupted
2019-10-17 20:31:52,231 [bdd1c484-1a92-4a2c-bc93-a7d8718d9bdc@group-AC929BCCC495-LeaderElection17] INFO  impl.LeaderElection (LeaderElection.java:logAndReturn(56)) - bdd1c484-1a92-4a2c-bc93-a7d8718d9bdc@group-AC929BCCC495-LeaderElection17: Election REJECTED; received 2 response(s) [bdd1c484-1a92-4a2c-bc93-a7d8718d9bdc<-12dca792-6614-46e6-8fa8-e27f364a29d9#0:FAIL-t11, bdd1c484-1a92-4a2c-bc93-a7d8718d9bdc<-840dadcc-bbff-4158-865b-0f258f3c1721#0:FAIL-t11] and 0 exception(s); bdd1c484-1a92-4a2c-bc93-a7d8718d9bdc@group-AC929BCCC495:t11, leader=null, voted=bdd1c484-1a92-4a2c-bc93-a7d8718d9bdc, raftlog=bdd1c484-1a92-4a2c-bc93-a7d8718d9bdc@group-AC929BCCC495-SegmentedRaftLog:OPENED:c-1,f-1,i0, conf=-1: [12dca792-6614-46e6-8fa8-e27f364a29d9:192.168.164.201:45540, bdd1c484-1a92-4a2c-bc93-a7d8718d9bdc:192.168.164.201:46574, 840dadcc-bbff-4158-865b-0f258f3c1721:192.168.164.201:46061], old=null
2019-10-17 20:31:52,231 [bdd1c484-1a92-4a2c-bc93-a7d8718d9bdc@group-AC929BCCC495-LeaderElection17] INFO  impl.RaftServerImpl (RaftServerImpl.java:setRole(184)) - bdd1c484-1a92-4a2c-bc93-a7d8718d9bdc@group-AC929BCCC495: changes role from CANDIDATE to FOLLOWER at term 11 for DISCOVERED_A_NEW_TERM
2019-10-17 20:31:52,232 [bdd1c484-1a92-4a2c-bc93-a7d8718d9bdc@group-AC929BCCC495-LeaderElection17] INFO  impl.RoleInfo (RoleInfo.java:shutdownLeaderElection(134)) - bdd1c484-1a92-4a2c-bc93-a7d8718d9bdc: shutdown LeaderElection
2019-10-17 20:31:52,232 [bdd1c484-1a92-4a2c-bc93-a7d8718d9bdc@group-AC929BCCC495-LeaderElection17] INFO  impl.RoleInfo (RoleInfo.java:updateAndGet(143)) - bdd1c484-1a92-4a2c-bc93-a7d8718d9bdc: start FollowerState
2019-10-17 20:31:52,256 [Thread-563] INFO  impl.FollowerState (FollowerState.java:run(108)) - bdd1c484-1a92-4a2c-bc93-a7d8718d9bdc@group-AC929BCCC495-FollowerState: change to CANDIDATE, lastRpcTime:24ms, electionTimeout:24ms
2019-10-17 20:31:52,258 [Thread-563] INFO  impl.RoleInfo (RoleInfo.java:shutdownFollowerState(121)) - bdd1c484-1a92-4a2c-bc93-a7d8718d9bdc: shutdown FollowerState
2019-10-17 20:31:52,258 [Thread-563] INFO  impl.RaftServerImpl (RaftServerImpl.java:setRole(184)) - bdd1c484-1a92-4a2c-bc93-a7d8718d9bdc@group-AC929BCCC495: changes role from  FOLLOWER to CANDIDATE at term 11 for changeToCandidate
2019-10-17 20:31:52,258 [Thread-563] INFO  impl.RoleInfo (RoleInfo.java:updateAndGet(143)) - bdd1c484-1a92-4a2c-bc93-a7d8718d9bdc: start LeaderElection
2019-10-17 20:31:52,289 [bdd1c484-1a92-4a2c-bc93-a7d8718d9bdc@group-AC929BCCC495-LeaderElection18] INFO  impl.LeaderElection (LeaderElection.java:askForVotes(178)) - bdd1c484-1a92-4a2c-bc93-a7d8718d9bdc@group-AC929BCCC495-LeaderElection18: begin an election at term 12 for -1: [12dca792-6614-46e6-8fa8-e27f364a29d9:192.168.164.201:45540, bdd1c484-1a92-4a2c-bc93-a7d8718d9bdc:192.168.164.201:46574, 840dadcc-bbff-4158-865b-0f258f3c1721:192.168.164.201:46061], old=null
2019-10-17 20:31:52,292 [grpc-default-executor-1] INFO  impl.RaftServerImpl (RaftServerImpl.java:setRole(184)) - 840dadcc-bbff-4158-865b-0f258f3c1721@group-AC929BCCC495: changes role from  FOLLOWER to FOLLOWER at term 12 for recognizeCandidate:bdd1c484-1a92-4a2c-bc93-a7d8718d9bdc
2019-10-17 20:31:52,292 [grpc-default-executor-2] INFO  impl.RaftServerImpl (RaftServerImpl.java:setRole(184)) - 12dca792-6614-46e6-8fa8-e27f364a29d9@group-AC929BCCC495: changes role from  FOLLOWER to FOLLOWER at term 12 for recognizeCandidate:bdd1c484-1a92-4a2c-bc93-a7d8718d9bdc
2019-10-17 20:31:52,292 [grpc-default-executor-1] INFO  impl.RoleInfo (RoleInfo.java:shutdownFollowerState(121)) - 840dadcc-bbff-4158-865b-0f258f3c1721: shutdown FollowerState
2019-10-17 20:31:52,292 [grpc-default-executor-2] INFO  impl.RoleInfo (RoleInfo.java:shutdownFollowerState(121)) - 12dca792-6614-46e6-8fa8-e27f364a29d9: shutdown FollowerState
2019-10-17 20:31:52,292 [Thread-562] INFO  impl.FollowerState (FollowerState.java:run(117)) - 840dadcc-bbff-4158-865b-0f258f3c1721@group-AC929BCCC495-FollowerState was interrupted: java.lang.InterruptedException: sleep interrupted
2019-10-17 20:31:52,293 [grpc-default-executor-2] INFO  impl.RoleInfo (RoleInfo.java:updateAndGet(143)) - 12dca792-6614-46e6-8fa8-e27f364a29d9: start FollowerState
2019-10-17 20:31:52,292 [grpc-default-executor-1] INFO  impl.RoleInfo (RoleInfo.java:updateAndGet(143)) - 840dadcc-bbff-4158-865b-0f258f3c1721: start FollowerState
2019-10-17 20:31:52,293 [Thread-561] INFO  impl.FollowerState (FollowerState.java:run(117)) - 12dca792-6614-46e6-8fa8-e27f364a29d9@group-AC929BCCC495-FollowerState was interrupted: java.lang.InterruptedException: sleep interrupted
2019-10-17 20:31:52,323 [bdd1c484-1a92-4a2c-bc93-a7d8718d9bdc@group-AC929BCCC495-LeaderElection18] INFO  impl.LeaderElection (LeaderElection.java:logAndReturn(56)) - bdd1c484-1a92-4a2c-bc93-a7d8718d9bdc@group-AC929BCCC495-LeaderElection18: Election REJECTED; received 2 response(s) [bdd1c484-1a92-4a2c-bc93-a7d8718d9bdc<-12dca792-6614-46e6-8fa8-e27f364a29d9#0:FAIL-t12, bdd1c484-1a92-4a2c-bc93-a7d8718d9bdc<-840dadcc-bbff-4158-865b-0f258f3c1721#0:FAIL-t12] and 0 exception(s); bdd1c484-1a92-4a2c-bc93-a7d8718d9bdc@group-AC929BCCC495:t12, leader=null, voted=bdd1c484-1a92-4a2c-bc93-a7d8718d9bdc, raftlog=bdd1c484-1a92-4a2c-bc93-a7d8718d9bdc@group-AC929BCCC495-SegmentedRaftLog:OPENED:c-1,f-1,i0, conf=-1: [12dca792-6614-46e6-8fa8-e27f364a29d9:192.168.164.201:45540, bdd1c484-1a92-4a2c-bc93-a7d8718d9bdc:192.168.164.201:46574, 840dadcc-bbff-4158-865b-0f258f3c1721:192.168.164.201:46061], old=null
2019-10-17 20:31:52,324 [bdd1c484-1a92-4a2c-bc93-a7d8718d9bdc@group-AC929BCCC495-LeaderElection18] INFO  impl.RaftServerImpl (RaftServerImpl.java:setRole(184)) - bdd1c484-1a92-4a2c-bc93-a7d8718d9bdc@group-AC929BCCC495: changes role from CANDIDATE to FOLLOWER at term 12 for DISCOVERED_A_NEW_TERM
2019-10-17 20:31:52,324 [bdd1c484-1a92-4a2c-bc93-a7d8718d9bdc@group-AC929BCCC495-LeaderElection18] INFO  impl.RoleInfo (RoleInfo.java:shutdownLeaderElection(134)) - bdd1c484-1a92-4a2c-bc93-a7d8718d9bdc: shutdown LeaderElection
2019-10-17 20:31:52,324 [bdd1c484-1a92-4a2c-bc93-a7d8718d9bdc@group-AC929BCCC495-LeaderElection18] INFO  impl.RoleInfo (RoleInfo.java:updateAndGet(143)) - bdd1c484-1a92-4a2c-bc93-a7d8718d9bdc: start FollowerState
 0.00% |?                                                                                                    |  0/1 Time: 0:00:022019-10-17 20:31:52,487 [Thread-569] INFO  impl.FollowerState (FollowerState.java:run(108)) - bdd1c484-1a92-4a2c-bc93-a7d8718d9bdc@group-AC929BCCC495-FollowerState: change to CANDIDATE, lastRpcTime:162ms, electionTimeout:162ms
2019-10-17 20:31:52,488 [Thread-569] INFO  impl.RoleInfo (RoleInfo.java:shutdownFollowerState(121)) - bdd1c484-1a92-4a2c-bc93-a7d8718d9bdc: shutdown FollowerState
2019-10-17 20:31:52,488 [Thread-569] INFO  impl.RaftServerImpl (RaftServerImpl.java:setRole(184)) - bdd1c484-1a92-4a2c-bc93-a7d8718d9bdc@group-AC929BCCC495: changes role from  FOLLOWER to CANDIDATE at term 12 for changeToCandidate
2019-10-17 20:31:52,489 [Thread-569] INFO  impl.RoleInfo (RoleInfo.java:updateAndGet(143)) - bdd1c484-1a92-4a2c-bc93-a7d8718d9bdc: start LeaderElection
2019-10-17 20:31:52,514 [bdd1c484-1a92-4a2c-bc93-a7d8718d9bdc@group-AC929BCCC495-LeaderElection19] INFO  impl.LeaderElection (LeaderElection.java:askForVotes(178)) - bdd1c484-1a92-4a2c-bc93-a7d8718d9bdc@group-AC929BCCC495-LeaderElection19: begin an election at term 13 for -1: [12dca792-6614-46e6-8fa8-e27f364a29d9:192.168.164.201:45540, bdd1c484-1a92-4a2c-bc93-a7d8718d9bdc:192.168.164.201:46574, 840dadcc-bbff-4158-865b-0f258f3c1721:192.168.164.201:46061], old=null
2019-10-17 20:31:52,522 [grpc-default-executor-2] INFO  impl.RaftServerImpl (RaftServerImpl.java:setRole(184)) - 12dca792-6614-46e6-8fa8-e27f364a29d9@group-AC929BCCC495: changes role from  FOLLOWER to FOLLOWER at term 13 for recognizeCandidate:bdd1c484-1a92-4a2c-bc93-a7d8718d9bdc
2019-10-17 20:31:52,522 [grpc-default-executor-1] INFO  impl.RaftServerImpl (RaftServerImpl.java:setRole(184)) - 840dadcc-bbff-4158-865b-0f258f3c1721@group-AC929BCCC495: changes role from  FOLLOWER to FOLLOWER at term 13 for recognizeCandidate:bdd1c484-1a92-4a2c-bc93-a7d8718d9bdc
2019-10-17 20:31:52,522 [grpc-default-executor-2] INFO  impl.RoleInfo (RoleInfo.java:shutdownFollowerState(121)) - 12dca792-6614-46e6-8fa8-e27f364a29d9: shutdown FollowerState
2019-10-17 20:31:52,522 [grpc-default-executor-1] INFO  impl.RoleInfo (RoleInfo.java:shutdownFollowerState(121)) - 840dadcc-bbff-4158-865b-0f258f3c1721: shutdown FollowerState
2019-10-17 20:31:52,522 [Thread-568] INFO  impl.FollowerState (FollowerState.java:run(117)) - 12dca792-6614-46e6-8fa8-e27f364a29d9@group-AC929BCCC495-FollowerState was interrupted: java.lang.InterruptedException: sleep interrupted
2019-10-17 20:31:52,522 [grpc-default-executor-2] INFO  impl.RoleInfo (RoleInfo.java:updateAndGet(143)) - 12dca792-6614-46e6-8fa8-e27f364a29d9: start FollowerState
2019-10-17 20:31:52,523 [Thread-567] INFO  impl.FollowerState (FollowerState.java:run(117)) - 840dadcc-bbff-4158-865b-0f258f3c1721@group-AC929BCCC495-FollowerState was interrupted: java.lang.InterruptedException: sleep interrupted
2019-10-17 20:31:52,523 [grpc-default-executor-1] INFO  impl.RoleInfo (RoleInfo.java:updateAndGet(143)) - 840dadcc-bbff-4158-865b-0f258f3c1721: start FollowerState
2019-10-17 20:31:52,550 [bdd1c484-1a92-4a2c-bc93-a7d8718d9bdc@group-AC929BCCC495-LeaderElection19] INFO  impl.LeaderElection (LeaderElection.java:logAndReturn(56)) - bdd1c484-1a92-4a2c-bc93-a7d8718d9bdc@group-AC929BCCC495-LeaderElection19: Election REJECTED; received 2 response(s) [bdd1c484-1a92-4a2c-bc93-a7d8718d9bdc<-12dca792-6614-46e6-8fa8-e27f364a29d9#0:FAIL-t13, bdd1c484-1a92-4a2c-bc93-a7d8718d9bdc<-840dadcc-bbff-4158-865b-0f258f3c1721#0:FAIL-t13] and 0 exception(s); bdd1c484-1a92-4a2c-bc93-a7d8718d9bdc@group-AC929BCCC495:t13, leader=null, voted=bdd1c484-1a92-4a2c-bc93-a7d8718d9bdc, raftlog=bdd1c484-1a92-4a2c-bc93-a7d8718d9bdc@group-AC929BCCC495-SegmentedRaftLog:OPENED:c-1,f-1,i0, conf=-1: [12dca792-6614-46e6-8fa8-e27f364a29d9:192.168.164.201:45540, bdd1c484-1a92-4a2c-bc93-a7d8718d9bdc:192.168.164.201:46574, 840dadcc-bbff-4158-865b-0f258f3c1721:192.168.164.201:46061], old=null
2019-10-17 20:31:52,550 [bdd1c484-1a92-4a2c-bc93-a7d8718d9bdc@group-AC929BCCC495-LeaderElection19] INFO  impl.RaftServerImpl (RaftServerImpl.java:setRole(184)) - bdd1c484-1a92-4a2c-bc93-a7d8718d9bdc@group-AC929BCCC495: changes role from CANDIDATE to FOLLOWER at term 13 for DISCOVERED_A_NEW_TERM
2019-10-17 20:31:52,551 [bdd1c484-1a92-4a2c-bc93-a7d8718d9bdc@group-AC929BCCC495-LeaderElection19] INFO  impl.RoleInfo (RoleInfo.java:shutdownLeaderElection(134)) - bdd1c484-1a92-4a2c-bc93-a7d8718d9bdc: shutdown LeaderElection
2019-10-17 20:31:52,551 [bdd1c484-1a92-4a2c-bc93-a7d8718d9bdc@group-AC929BCCC495-LeaderElection19] INFO  impl.RoleInfo (RoleInfo.java:updateAndGet(143)) - bdd1c484-1a92-4a2c-bc93-a7d8718d9bdc: start FollowerState
2019-10-17 20:31:52,679 [Thread-575] INFO  impl.FollowerState (FollowerState.java:run(108)) - bdd1c484-1a92-4a2c-bc93-a7d8718d9bdc@group-AC929BCCC495-FollowerState: change to CANDIDATE, lastRpcTime:128ms, electionTimeout:128ms
2019-10-17 20:31:52,680 [Thread-575] INFO  impl.RoleInfo (RoleInfo.java:shutdownFollowerState(121)) - bdd1c484-1a92-4a2c-bc93-a7d8718d9bdc: shutdown FollowerState
2019-10-17 20:31:52,681 [Thread-575] INFO  impl.RaftServerImpl (RaftServerImpl.java:setRole(184)) - bdd1c484-1a92-4a2c-bc93-a7d8718d9bdc@group-AC929BCCC495: changes role from  FOLLOWER to CANDIDATE at term 13 for changeToCandidate
2019-10-17 20:31:52,681 [Thread-575] INFO  impl.RoleInfo (RoleInfo.java:updateAndGet(143)) - bdd1c484-1a92-4a2c-bc93-a7d8718d9bdc: start LeaderElection
2019-10-17 20:31:52,707 [bdd1c484-1a92-4a2c-bc93-a7d8718d9bdc@group-AC929BCCC495-LeaderElection20] INFO  impl.LeaderElection (LeaderElection.java:askForVotes(178)) - bdd1c484-1a92-4a2c-bc93-a7d8718d9bdc@group-AC929BCCC495-LeaderElection20: begin an election at term 14 for -1: [12dca792-6614-46e6-8fa8-e27f364a29d9:192.168.164.201:45540, bdd1c484-1a92-4a2c-bc93-a7d8718d9bdc:192.168.164.201:46574, 840dadcc-bbff-4158-865b-0f258f3c1721:192.168.164.201:46061], old=null
2019-10-17 20:31:52,711 [grpc-default-executor-1] INFO  impl.RaftServerImpl (RaftServerImpl.java:setRole(184)) - 840dadcc-bbff-4158-865b-0f258f3c1721@group-AC929BCCC495: changes role from  FOLLOWER to FOLLOWER at term 14 for recognizeCandidate:bdd1c484-1a92-4a2c-bc93-a7d8718d9bdc
2019-10-17 20:31:52,711 [grpc-default-executor-2] INFO  impl.RaftServerImpl (RaftServerImpl.java:setRole(184)) - 12dca792-6614-46e6-8fa8-e27f364a29d9@group-AC929BCCC495: changes role from  FOLLOWER to FOLLOWER at term 14 for recognizeCandidate:bdd1c484-1a92-4a2c-bc93-a7d8718d9bdc
2019-10-17 20:31:52,711 [grpc-default-executor-1] INFO  impl.RoleInfo (RoleInfo.java:shutdownFollowerState(121)) - 840dadcc-bbff-4158-865b-0f258f3c1721: shutdown FollowerState
2019-10-17 20:31:52,711 [grpc-default-executor-2] INFO  impl.RoleInfo (RoleInfo.java:shutdownFollowerState(121)) - 12dca792-6614-46e6-8fa8-e27f364a29d9: shutdown FollowerState
2019-10-17 20:31:52,712 [Thread-574] INFO  impl.FollowerState (FollowerState.java:run(117)) - 840dadcc-bbff-4158-865b-0f258f3c1721@group-AC929BCCC495-FollowerState was interrupted: java.lang.InterruptedException: sleep interrupted
2019-10-17 20:31:52,712 [grpc-default-executor-1] INFO  impl.RoleInfo (RoleInfo.java:updateAndGet(143)) - 840dadcc-bbff-4158-865b-0f258f3c1721: start FollowerState
2019-10-17 20:31:52,712 [Thread-573] INFO  impl.FollowerState (FollowerState.java:run(117)) - 12dca792-6614-46e6-8fa8-e27f364a29d9@group-AC929BCCC495-FollowerState was interrupted: java.lang.InterruptedException: sleep interrupted
2019-10-17 20:31:52,712 [grpc-default-executor-2] INFO  impl.RoleInfo (RoleInfo.java:updateAndGet(143)) - 12dca792-6614-46e6-8fa8-e27f364a29d9: start FollowerState
2019-10-17 20:31:52,741 [bdd1c484-1a92-4a2c-bc93-a7d8718d9bdc@group-AC929BCCC495-LeaderElection20] INFO  impl.LeaderElection (LeaderElection.java:logAndReturn(56)) - bdd1c484-1a92-4a2c-bc93-a7d8718d9bdc@group-AC929BCCC495-LeaderElection20: Election TIMEOUT; received 0 response(s) [] and 0 exception(s); bdd1c484-1a92-4a2c-bc93-a7d8718d9bdc@group-AC929BCCC495:t14, leader=null, voted=bdd1c484-1a92-4a2c-bc93-a7d8718d9bdc, raftlog=bdd1c484-1a92-4a2c-bc93-a7d8718d9bdc@group-AC929BCCC495-SegmentedRaftLog:OPENED:c-1,f-1,i0, conf=-1: [12dca792-6614-46e6-8fa8-e27f364a29d9:192.168.164.201:45540, bdd1c484-1a92-4a2c-bc93-a7d8718d9bdc:192.168.164.201:46574, 840dadcc-bbff-4158-865b-0f258f3c1721:192.168.164.201:46061], old=null
2019-10-17 20:31:52,767 [bdd1c484-1a92-4a2c-bc93-a7d8718d9bdc@group-AC929BCCC495-LeaderElection20] INFO  impl.LeaderElection (LeaderElection.java:askForVotes(178)) - bdd1c484-1a92-4a2c-bc93-a7d8718d9bdc@group-AC929BCCC495-LeaderElection20: begin an election at term 15 for -1: [12dca792-6614-46e6-8fa8-e27f364a29d9:192.168.164.201:45540, bdd1c484-1a92-4a2c-bc93-a7d8718d9bdc:192.168.164.201:46574, 840dadcc-bbff-4158-865b-0f258f3c1721:192.168.164.201:46061], old=null
2019-10-17 20:31:52,771 [grpc-default-executor-2] INFO  impl.RaftServerImpl (RaftServerImpl.java:setRole(184)) - 12dca792-6614-46e6-8fa8-e27f364a29d9@group-AC929BCCC495: changes role from  FOLLOWER to FOLLOWER at term 15 for recognizeCandidate:bdd1c484-1a92-4a2c-bc93-a7d8718d9bdc
2019-10-17 20:31:52,773 [grpc-default-executor-2] INFO  impl.RoleInfo (RoleInfo.java:shutdownFollowerState(121)) - 12dca792-6614-46e6-8fa8-e27f364a29d9: shutdown FollowerState
2019-10-17 20:31:52,773 [grpc-default-executor-1] INFO  impl.RaftServerImpl (RaftServerImpl.java:setRole(184)) - 840dadcc-bbff-4158-865b-0f258f3c1721@group-AC929BCCC495: changes role from  FOLLOWER to FOLLOWER at term 15 for recognizeCandidate:bdd1c484-1a92-4a2c-bc93-a7d8718d9bdc
2019-10-17 20:31:52,773 [Thread-580] INFO  impl.FollowerState (FollowerState.java:run(117)) - 12dca792-6614-46e6-8fa8-e27f364a29d9@group-AC929BCCC495-FollowerState was interrupted: java.lang.InterruptedException: sleep interrupted
2019-10-17 20:31:52,773 [grpc-default-executor-2] INFO  impl.RoleInfo (RoleInfo.java:updateAndGet(143)) - 12dca792-6614-46e6-8fa8-e27f364a29d9: start FollowerState
2019-10-17 20:31:52,774 [grpc-default-executor-1] INFO  impl.RoleInfo (RoleInfo.java:shutdownFollowerState(121)) - 840dadcc-bbff-4158-865b-0f258f3c1721: shutdown FollowerState
2019-10-17 20:31:52,774 [Thread-579] INFO  impl.FollowerState (FollowerState.java:run(117)) - 840dadcc-bbff-4158-865b-0f258f3c1721@group-AC929BCCC495-FollowerState was interrupted: java.lang.InterruptedException: sleep interrupted
2019-10-17 20:31:52,774 [grpc-default-executor-1] INFO  impl.RoleInfo (RoleInfo.java:updateAndGet(143)) - 840dadcc-bbff-4158-865b-0f258f3c1721: start FollowerState
2019-10-17 20:31:52,803 [bdd1c484-1a92-4a2c-bc93-a7d8718d9bdc@group-AC929BCCC495-LeaderElection20] INFO  impl.LeaderElection (LeaderElection.java:logAndReturn(56)) - bdd1c484-1a92-4a2c-bc93-a7d8718d9bdc@group-AC929BCCC495-LeaderElection20: Election REJECTED; received 2 response(s) [bdd1c484-1a92-4a2c-bc93-a7d8718d9bdc<-12dca792-6614-46e6-8fa8-e27f364a29d9#0:FAIL-t15, bdd1c484-1a92-4a2c-bc93-a7d8718d9bdc<-840dadcc-bbff-4158-865b-0f258f3c1721#0:FAIL-t15] and 0 exception(s); bdd1c484-1a92-4a2c-bc93-a7d8718d9bdc@group-AC929BCCC495:t15, leader=null, voted=bdd1c484-1a92-4a2c-bc93-a7d8718d9bdc, raftlog=bdd1c484-1a92-4a2c-bc93-a7d8718d9bdc@group-AC929BCCC495-SegmentedRaftLog:OPENED:c-1,f-1,i0, conf=-1: [12dca792-6614-46e6-8fa8-e27f364a29d9:192.168.164.201:45540, bdd1c484-1a92-4a2c-bc93-a7d8718d9bdc:192.168.164.201:46574, 840dadcc-bbff-4158-865b-0f258f3c1721:192.168.164.201:46061], old=null
2019-10-17 20:31:52,803 [bdd1c484-1a92-4a2c-bc93-a7d8718d9bdc@group-AC929BCCC495-LeaderElection20] INFO  impl.RaftServerImpl (RaftServerImpl.java:setRole(184)) - bdd1c484-1a92-4a2c-bc93-a7d8718d9bdc@group-AC929BCCC495: changes role from CANDIDATE to FOLLOWER at term 15 for DISCOVERED_A_NEW_TERM
2019-10-17 20:31:52,803 [bdd1c484-1a92-4a2c-bc93-a7d8718d9bdc@group-AC929BCCC495-LeaderElection20] INFO  impl.RoleInfo (RoleInfo.java:shutdownLeaderElection(134)) - bdd1c484-1a92-4a2c-bc93-a7d8718d9bdc: shutdown LeaderElection
2019-10-17 20:31:52,803 [bdd1c484-1a92-4a2c-bc93-a7d8718d9bdc@group-AC929BCCC495-LeaderElection20] INFO  impl.RoleInfo (RoleInfo.java:updateAndGet(143)) - bdd1c484-1a92-4a2c-bc93-a7d8718d9bdc: start FollowerState
2019-10-17 20:31:52,954 [Thread-585] INFO  impl.FollowerState (FollowerState.java:run(108)) - bdd1c484-1a92-4a2c-bc93-a7d8718d9bdc@group-AC929BCCC495-FollowerState: change to CANDIDATE, lastRpcTime:150ms, electionTimeout:150ms
2019-10-17 20:31:52,956 [Thread-585] INFO  impl.RoleInfo (RoleInfo.java:shutdownFollowerState(121)) - bdd1c484-1a92-4a2c-bc93-a7d8718d9bdc: shutdown FollowerState
2019-10-17 20:31:52,956 [Thread-585] INFO  impl.RaftServerImpl (RaftServerImpl.java:setRole(184)) - bdd1c484-1a92-4a2c-bc93-a7d8718d9bdc@group-AC929BCCC495: changes role from  FOLLOWER to CANDIDATE at term 15 for changeToCandidate
2019-10-17 20:31:52,956 [Thread-585] INFO  impl.RoleInfo (RoleInfo.java:updateAndGet(143)) - bdd1c484-1a92-4a2c-bc93-a7d8718d9bdc: start LeaderElection
2019-10-17 20:31:52,985 [bdd1c484-1a92-4a2c-bc93-a7d8718d9bdc@group-AC929BCCC495-LeaderElection21] INFO  impl.LeaderElection (LeaderElection.java:askForVotes(178)) - bdd1c484-1a92-4a2c-bc93-a7d8718d9bdc@group-AC929BCCC495-LeaderElection21: begin an election at term 16 for -1: [12dca792-6614-46e6-8fa8-e27f364a29d9:192.168.164.201:45540, bdd1c484-1a92-4a2c-bc93-a7d8718d9bdc:192.168.164.201:46574, 840dadcc-bbff-4158-865b-0f258f3c1721:192.168.164.201:46061], old=null
2019-10-17 20:31:52,988 [grpc-default-executor-1] INFO  impl.RaftServerImpl (RaftServerImpl.java:setRole(184)) - 840dadcc-bbff-4158-865b-0f258f3c1721@group-AC929BCCC495: changes role from  FOLLOWER to FOLLOWER at term 16 for recognizeCandidate:bdd1c484-1a92-4a2c-bc93-a7d8718d9bdc
2019-10-17 20:31:52,988 [grpc-default-executor-1] INFO  impl.RoleInfo (RoleInfo.java:shutdownFollowerState(121)) - 840dadcc-bbff-4158-865b-0f258f3c1721: shutdown FollowerState
2019-10-17 20:31:52,988 [grpc-default-executor-1] INFO  impl.RoleInfo (RoleInfo.java:updateAndGet(143)) - 840dadcc-bbff-4158-865b-0f258f3c1721: start FollowerState
2019-10-17 20:31:52,988 [Thread-584] INFO  impl.FollowerState (FollowerState.java:run(117)) - 840dadcc-bbff-4158-865b-0f258f3c1721@group-AC929BCCC495-FollowerState was interrupted: java.lang.InterruptedException: sleep interrupted
2019-10-17 20:31:52,989 [grpc-default-executor-2] INFO  impl.RaftServerImpl (RaftServerImpl.java:setRole(184)) - 12dca792-6614-46e6-8fa8-e27f364a29d9@group-AC929BCCC495: changes role from  FOLLOWER to FOLLOWER at term 16 for recognizeCandidate:bdd1c484-1a92-4a2c-bc93-a7d8718d9bdc
2019-10-17 20:31:52,989 [grpc-default-executor-2] INFO  impl.RoleInfo (RoleInfo.java:shutdownFollowerState(121)) - 12dca792-6614-46e6-8fa8-e27f364a29d9: shutdown FollowerState
2019-10-17 20:31:52,989 [Thread-583] INFO  impl.FollowerState (FollowerState.java:run(117)) - 12dca792-6614-46e6-8fa8-e27f364a29d9@group-AC929BCCC495-FollowerState was interrupted: java.lang.InterruptedException: sleep interrupted
2019-10-17 20:31:52,989 [grpc-default-executor-2] INFO  impl.RoleInfo (RoleInfo.java:updateAndGet(143)) - 12dca792-6614-46e6-8fa8-e27f364a29d9: start FollowerState
2019-10-17 20:31:53,020 [bdd1c484-1a92-4a2c-bc93-a7d8718d9bdc@group-AC929BCCC495-LeaderElection21] INFO  impl.LeaderElection (LeaderElection.java:logAndReturn(56)) - bdd1c484-1a92-4a2c-bc93-a7d8718d9bdc@group-AC929BCCC495-LeaderElection21: Election REJECTED; received 2 response(s) [bdd1c484-1a92-4a2c-bc93-a7d8718d9bdc<-12dca792-6614-46e6-8fa8-e27f364a29d9#0:FAIL-t16, bdd1c484-1a92-4a2c-bc93-a7d8718d9bdc<-840dadcc-bbff-4158-865b-0f258f3c1721#0:FAIL-t16] and 0 exception(s); bdd1c484-1a92-4a2c-bc93-a7d8718d9bdc@group-AC929BCCC495:t16, leader=null, voted=bdd1c484-1a92-4a2c-bc93-a7d8718d9bdc, raftlog=bdd1c484-1a92-4a2c-bc93-a7d8718d9bdc@group-AC929BCCC495-SegmentedRaftLog:OPENED:c-1,f-1,i0, conf=-1: [12dca792-6614-46e6-8fa8-e27f364a29d9:192.168.164.201:45540, bdd1c484-1a92-4a2c-bc93-a7d8718d9bdc:192.168.164.201:46574, 840dadcc-bbff-4158-865b-0f258f3c1721:192.168.164.201:46061], old=null
2019-10-17 20:31:53,021 [bdd1c484-1a92-4a2c-bc93-a7d8718d9bdc@group-AC929BCCC495-LeaderElection21] INFO  impl.RaftServerImpl (RaftServerImpl.java:setRole(184)) - bdd1c484-1a92-4a2c-bc93-a7d8718d9bdc@group-AC929BCCC495: changes role from CANDIDATE to FOLLOWER at term 16 for DISCOVERED_A_NEW_TERM
2019-10-17 20:31:53,021 [bdd1c484-1a92-4a2c-bc93-a7d8718d9bdc@group-AC929BCCC495-LeaderElection21] INFO  impl.RoleInfo (RoleInfo.java:shutdownLeaderElection(134)) - bdd1c484-1a92-4a2c-bc93-a7d8718d9bdc: shutdown LeaderElection
2019-10-17 20:31:53,021 [bdd1c484-1a92-4a2c-bc93-a7d8718d9bdc@group-AC929BCCC495-LeaderElection21] INFO  impl.RoleInfo (RoleInfo.java:updateAndGet(143)) - bdd1c484-1a92-4a2c-bc93-a7d8718d9bdc: start FollowerState
2019-10-17 20:31:53,185 [Thread-591] INFO  impl.FollowerState (FollowerState.java:run(108)) - bdd1c484-1a92-4a2c-bc93-a7d8718d9bdc@group-AC929BCCC495-FollowerState: change to CANDIDATE, lastRpcTime:163ms, electionTimeout:163ms
2019-10-17 20:31:53,187 [Thread-591] INFO  impl.RoleInfo (RoleInfo.java:shutdownFollowerState(121)) - bdd1c484-1a92-4a2c-bc93-a7d8718d9bdc: shutdown FollowerState
2019-10-17 20:31:53,187 [Thread-591] INFO  impl.RaftServerImpl (RaftServerImpl.java:setRole(184)) - bdd1c484-1a92-4a2c-bc93-a7d8718d9bdc@group-AC929BCCC495: changes role from  FOLLOWER to CANDIDATE at term 16 for changeToCandidate
2019-10-17 20:31:53,187 [Thread-591] INFO  impl.RoleInfo (RoleInfo.java:updateAndGet(143)) - bdd1c484-1a92-4a2c-bc93-a7d8718d9bdc: start LeaderElection
2019-10-17 20:31:53,219 [bdd1c484-1a92-4a2c-bc93-a7d8718d9bdc@group-AC929BCCC495-LeaderElection22] INFO  impl.LeaderElection (LeaderElection.java:askForVotes(178)) - bdd1c484-1a92-4a2c-bc93-a7d8718d9bdc@group-AC929BCCC495-LeaderElection22: begin an election at term 17 for -1: [12dca792-6614-46e6-8fa8-e27f364a29d9:192.168.164.201:45540, bdd1c484-1a92-4a2c-bc93-a7d8718d9bdc:192.168.164.201:46574, 840dadcc-bbff-4158-865b-0f258f3c1721:192.168.164.201:46061], old=null
2019-10-17 20:31:53,222 [grpc-default-executor-1] INFO  impl.RaftServerImpl (RaftServerImpl.java:setRole(184)) - 840dadcc-bbff-4158-865b-0f258f3c1721@group-AC929BCCC495: changes role from  FOLLOWER to FOLLOWER at term 17 for recognizeCandidate:bdd1c484-1a92-4a2c-bc93-a7d8718d9bdc
2019-10-17 20:31:53,223 [grpc-default-executor-1] INFO  impl.RoleInfo (RoleInfo.java:shutdownFollowerState(121)) - 840dadcc-bbff-4158-865b-0f258f3c1721: shutdown FollowerState
2019-10-17 20:31:53,223 [grpc-default-executor-1] INFO  impl.RoleInfo (RoleInfo.java:updateAndGet(143)) - 840dadcc-bbff-4158-865b-0f258f3c1721: start FollowerState
2019-10-17 20:31:53,223 [Thread-589] INFO  impl.FollowerState (FollowerState.java:run(117)) - 840dadcc-bbff-4158-865b-0f258f3c1721@group-AC929BCCC495-FollowerState was interrupted: java.lang.InterruptedException: sleep interrupted
2019-10-17 20:31:53,224 [grpc-default-executor-2] INFO  impl.RaftServerImpl (RaftServerImpl.java:setRole(184)) - 12dca792-6614-46e6-8fa8-e27f364a29d9@group-AC929BCCC495: changes role from  FOLLOWER to FOLLOWER at term 17 for recognizeCandidate:bdd1c484-1a92-4a2c-bc93-a7d8718d9bdc
2019-10-17 20:31:53,224 [grpc-default-executor-2] INFO  impl.RoleInfo (RoleInfo.java:shutdownFollowerState(121)) - 12dca792-6614-46e6-8fa8-e27f364a29d9: shutdown FollowerState
2019-10-17 20:31:53,224 [Thread-590] INFO  impl.FollowerState (FollowerState.java:run(117)) - 12dca792-6614-46e6-8fa8-e27f364a29d9@group-AC929BCCC495-FollowerState was interrupted: java.lang.InterruptedException: sleep interrupted
2019-10-17 20:31:53,224 [grpc-default-executor-2] INFO  impl.RoleInfo (RoleInfo.java:updateAndGet(143)) - 12dca792-6614-46e6-8fa8-e27f364a29d9: start FollowerState
2019-10-17 20:31:53,246 [bdd1c484-1a92-4a2c-bc93-a7d8718d9bdc@group-AC929BCCC495-LeaderElection22] INFO  impl.LeaderElection (LeaderElection.java:logAndReturn(56)) - bdd1c484-1a92-4a2c-bc93-a7d8718d9bdc@group-AC929BCCC495-LeaderElection22: Election REJECTED; received 2 response(s) [bdd1c484-1a92-4a2c-bc93-a7d8718d9bdc<-12dca792-6614-46e6-8fa8-e27f364a29d9#0:FAIL-t17, bdd1c484-1a92-4a2c-bc93-a7d8718d9bdc<-840dadcc-bbff-4158-865b-0f258f3c1721#0:FAIL-t17] and 0 exception(s); bdd1c484-1a92-4a2c-bc93-a7d8718d9bdc@group-AC929BCCC495:t17, leader=null, voted=bdd1c484-1a92-4a2c-bc93-a7d8718d9bdc, raftlog=bdd1c484-1a92-4a2c-bc93-a7d8718d9bdc@group-AC929BCCC495-SegmentedRaftLog:OPENED:c-1,f-1,i0, conf=-1: [12dca792-6614-46e6-8fa8-e27f364a29d9:192.168.164.201:45540, bdd1c484-1a92-4a2c-bc93-a7d8718d9bdc:192.168.164.201:46574, 840dadcc-bbff-4158-865b-0f258f3c1721:192.168.164.201:46061], old=null
2019-10-17 20:31:53,247 [bdd1c484-1a92-4a2c-bc93-a7d8718d9bdc@group-AC929BCCC495-LeaderElection22] INFO  impl.RaftServerImpl (RaftServerImpl.java:setRole(184)) - bdd1c484-1a92-4a2c-bc93-a7d8718d9bdc@group-AC929BCCC495: changes role from CANDIDATE to FOLLOWER at term 17 for DISCOVERED_A_NEW_TERM
2019-10-17 20:31:53,247 [bdd1c484-1a92-4a2c-bc93-a7d8718d9bdc@group-AC929BCCC495-LeaderElection22] INFO  impl.RoleInfo (RoleInfo.java:shutdownLeaderElection(134)) - bdd1c484-1a92-4a2c-bc93-a7d8718d9bdc: shutdown LeaderElection
2019-10-17 20:31:53,247 [bdd1c484-1a92-4a2c-bc93-a7d8718d9bdc@group-AC929BCCC495-LeaderElection22] INFO  impl.RoleInfo (RoleInfo.java:updateAndGet(143)) - bdd1c484-1a92-4a2c-bc93-a7d8718d9bdc: start FollowerState
 0.00% |?                                                                                                    |  0/1 Time: 0:00:032019-10-17 20:31:53,380 [Thread-597] INFO  impl.FollowerState (FollowerState.java:run(108)) - bdd1c484-1a92-4a2c-bc93-a7d8718d9bdc@group-AC929BCCC495-FollowerState: change to CANDIDATE, lastRpcTime:133ms, electionTimeout:133ms
2019-10-17 20:31:53,382 [Thread-597] INFO  impl.RoleInfo (RoleInfo.java:shutdownFollowerState(121)) - bdd1c484-1a92-4a2c-bc93-a7d8718d9bdc: shutdown FollowerState
2019-10-17 20:31:53,382 [Thread-597] INFO  impl.RaftServerImpl (RaftServerImpl.java:setRole(184)) - bdd1c484-1a92-4a2c-bc93-a7d8718d9bdc@group-AC929BCCC495: changes role from  FOLLOWER to CANDIDATE at term 17 for changeToCandidate
2019-10-17 20:31:53,383 [Thread-597] INFO  impl.RoleInfo (RoleInfo.java:updateAndGet(143)) - bdd1c484-1a92-4a2c-bc93-a7d8718d9bdc: start LeaderElection
2019-10-17 20:31:53,412 [bdd1c484-1a92-4a2c-bc93-a7d8718d9bdc@group-AC929BCCC495-LeaderElection23] INFO  impl.LeaderElection (LeaderElection.java:askForVotes(178)) - bdd1c484-1a92-4a2c-bc93-a7d8718d9bdc@group-AC929BCCC495-LeaderElection23: begin an election at term 18 for -1: [12dca792-6614-46e6-8fa8-e27f364a29d9:192.168.164.201:45540, bdd1c484-1a92-4a2c-bc93-a7d8718d9bdc:192.168.164.201:46574, 840dadcc-bbff-4158-865b-0f258f3c1721:192.168.164.201:46061], old=null
2019-10-17 20:31:53,415 [grpc-default-executor-2] INFO  impl.RaftServerImpl (RaftServerImpl.java:setRole(184)) - 12dca792-6614-46e6-8fa8-e27f364a29d9@group-AC929BCCC495: changes role from  FOLLOWER to FOLLOWER at term 18 for recognizeCandidate:bdd1c484-1a92-4a2c-bc93-a7d8718d9bdc
2019-10-17 20:31:53,415 [grpc-default-executor-1] INFO  impl.RaftServerImpl (RaftServerImpl.java:setRole(184)) - 840dadcc-bbff-4158-865b-0f258f3c1721@group-AC929BCCC495: changes role from  FOLLOWER to FOLLOWER at term 18 for recognizeCandidate:bdd1c484-1a92-4a2c-bc93-a7d8718d9bdc
2019-10-17 20:31:53,416 [grpc-default-executor-2] INFO  impl.RoleInfo (RoleInfo.java:shutdownFollowerState(121)) - 12dca792-6614-46e6-8fa8-e27f364a29d9: shutdown FollowerState
2019-10-17 20:31:53,416 [grpc-default-executor-1] INFO  impl.RoleInfo (RoleInfo.java:shutdownFollowerState(121)) - 840dadcc-bbff-4158-865b-0f258f3c1721: shutdown FollowerState
2019-10-17 20:31:53,416 [Thread-596] INFO  impl.FollowerState (FollowerState.java:run(117)) - 12dca792-6614-46e6-8fa8-e27f364a29d9@group-AC929BCCC495-FollowerState was interrupted: java.lang.InterruptedException: sleep interrupted
2019-10-17 20:31:53,416 [grpc-default-executor-2] INFO  impl.RoleInfo (RoleInfo.java:updateAndGet(143)) - 12dca792-6614-46e6-8fa8-e27f364a29d9: start FollowerState
2019-10-17 20:31:53,416 [Thread-595] INFO  impl.FollowerState (FollowerState.java:run(117)) - 840dadcc-bbff-4158-865b-0f258f3c1721@group-AC929BCCC495-FollowerState was interrupted: java.lang.InterruptedException: sleep interrupted
2019-10-17 20:31:53,416 [grpc-default-executor-1] INFO  impl.RoleInfo (RoleInfo.java:updateAndGet(143)) - 840dadcc-bbff-4158-865b-0f258f3c1721: start FollowerState
2019-10-17 20:31:53,447 [bdd1c484-1a92-4a2c-bc93-a7d8718d9bdc@group-AC929BCCC495-LeaderElection23] INFO  impl.LeaderElection (LeaderElection.java:logAndReturn(56)) - bdd1c484-1a92-4a2c-bc93-a7d8718d9bdc@group-AC929BCCC495-LeaderElection23: Election REJECTED; received 2 response(s) [bdd1c484-1a92-4a2c-bc93-a7d8718d9bdc<-12dca792-6614-46e6-8fa8-e27f364a29d9#0:FAIL-t18, bdd1c484-1a92-4a2c-bc93-a7d8718d9bdc<-840dadcc-bbff-4158-865b-0f258f3c1721#0:FAIL-t18] and 0 exception(s); bdd1c484-1a92-4a2c-bc93-a7d8718d9bdc@group-AC929BCCC495:t18, leader=null, voted=bdd1c484-1a92-4a2c-bc93-a7d8718d9bdc, raftlog=bdd1c484-1a92-4a2c-bc93-a7d8718d9bdc@group-AC929BCCC495-SegmentedRaftLog:OPENED:c-1,f-1,i0, conf=-1: [12dca792-6614-46e6-8fa8-e27f364a29d9:192.168.164.201:45540, bdd1c484-1a92-4a2c-bc93-a7d8718d9bdc:192.168.164.201:46574, 840dadcc-bbff-4158-865b-0f258f3c1721:192.168.164.201:46061], old=null
2019-10-17 20:31:53,447 [bdd1c484-1a92-4a2c-bc93-a7d8718d9bdc@group-AC929BCCC495-LeaderElection23] INFO  impl.RaftServerImpl (RaftServerImpl.java:setRole(184)) - bdd1c484-1a92-4a2c-bc93-a7d8718d9bdc@group-AC929BCCC495: changes role from CANDIDATE to FOLLOWER at term 18 for DISCOVERED_A_NEW_TERM
2019-10-17 20:31:53,447 [bdd1c484-1a92-4a2c-bc93-a7d8718d9bdc@group-AC929BCCC495-LeaderElection23] INFO  impl.RoleInfo (RoleInfo.java:shutdownLeaderElection(134)) - bdd1c484-1a92-4a2c-bc93-a7d8718d9bdc: shutdown LeaderElection
2019-10-17 20:31:53,448 [bdd1c484-1a92-4a2c-bc93-a7d8718d9bdc@group-AC929BCCC495-LeaderElection23] INFO  impl.RoleInfo (RoleInfo.java:updateAndGet(143)) - bdd1c484-1a92-4a2c-bc93-a7d8718d9bdc: start FollowerState
2019-10-17 20:31:53,628 [Thread-603] INFO  impl.FollowerState (FollowerState.java:run(108)) - bdd1c484-1a92-4a2c-bc93-a7d8718d9bdc@group-AC929BCCC495-FollowerState: change to CANDIDATE, lastRpcTime:180ms, electionTimeout:180ms
2019-10-17 20:31:53,629 [Thread-603] INFO  impl.RoleInfo (RoleInfo.java:shutdownFollowerState(121)) - bdd1c484-1a92-4a2c-bc93-a7d8718d9bdc: shutdown FollowerState
2019-10-17 20:31:53,629 [Thread-603] INFO  impl.RaftServerImpl (RaftServerImpl.java:setRole(184)) - bdd1c484-1a92-4a2c-bc93-a7d8718d9bdc@group-AC929BCCC495: changes role from  FOLLOWER to CANDIDATE at term 18 for changeToCandidate
2019-10-17 20:31:53,630 [Thread-603] INFO  impl.RoleInfo (RoleInfo.java:updateAndGet(143)) - bdd1c484-1a92-4a2c-bc93-a7d8718d9bdc: start LeaderElection
2019-10-17 20:31:53,654 [bdd1c484-1a92-4a2c-bc93-a7d8718d9bdc@group-AC929BCCC495-LeaderElection24] INFO  impl.LeaderElection (LeaderElection.java:askForVotes(178)) - bdd1c484-1a92-4a2c-bc93-a7d8718d9bdc@group-AC929BCCC495-LeaderElection24: begin an election at term 19 for -1: [12dca792-6614-46e6-8fa8-e27f364a29d9:192.168.164.201:45540, bdd1c484-1a92-4a2c-bc93-a7d8718d9bdc:192.168.164.201:46574, 840dadcc-bbff-4158-865b-0f258f3c1721:192.168.164.201:46061], old=null
2019-10-17 20:31:53,658 [grpc-default-executor-1] INFO  impl.RaftServerImpl (RaftServerImpl.java:setRole(184)) - 12dca792-6614-46e6-8fa8-e27f364a29d9@group-AC929BCCC495: changes role from  FOLLOWER to FOLLOWER at term 19 for recognizeCandidate:bdd1c484-1a92-4a2c-bc93-a7d8718d9bdc
2019-10-17 20:31:53,658 [grpc-default-executor-2] INFO  impl.RaftServerImpl (RaftServerImpl.java:setRole(184)) - 840dadcc-bbff-4158-865b-0f258f3c1721@group-AC929BCCC495: changes role from  FOLLOWER to FOLLOWER at term 19 for recognizeCandidate:bdd1c484-1a92-4a2c-bc93-a7d8718d9bdc
2019-10-17 20:31:53,658 [grpc-default-executor-1] INFO  impl.RoleInfo (RoleInfo.java:shutdownFollowerState(121)) - 12dca792-6614-46e6-8fa8-e27f364a29d9: shutdown FollowerState
2019-10-17 20:31:53,659 [grpc-default-executor-2] INFO  impl.RoleInfo (RoleInfo.java:shutdownFollowerState(121)) - 840dadcc-bbff-4158-865b-0f258f3c1721: shutdown FollowerState
2019-10-17 20:31:53,659 [Thread-601] INFO  impl.FollowerState (FollowerState.java:run(117)) - 12dca792-6614-46e6-8fa8-e27f364a29d9@group-AC929BCCC495-FollowerState was interrupted: java.lang.InterruptedException: sleep interrupted
2019-10-17 20:31:53,659 [grpc-default-executor-1] INFO  impl.RoleInfo (RoleInfo.java:updateAndGet(143)) - 12dca792-6614-46e6-8fa8-e27f364a29d9: start FollowerState
2019-10-17 20:31:53,659 [Thread-602] INFO  impl.FollowerState (FollowerState.java:run(117)) - 840dadcc-bbff-4158-865b-0f258f3c1721@group-AC929BCCC495-FollowerState was interrupted: java.lang.InterruptedException: sleep interrupted
2019-10-17 20:31:53,659 [grpc-default-executor-2] INFO  impl.RoleInfo (RoleInfo.java:updateAndGet(143)) - 840dadcc-bbff-4158-865b-0f258f3c1721: start FollowerState
2019-10-17 20:31:53,691 [bdd1c484-1a92-4a2c-bc93-a7d8718d9bdc@group-AC929BCCC495-LeaderElection24] INFO  impl.LeaderElection (LeaderElection.java:logAndReturn(56)) - bdd1c484-1a92-4a2c-bc93-a7d8718d9bdc@group-AC929BCCC495-LeaderElection24: Election REJECTED; received 2 response(s) [bdd1c484-1a92-4a2c-bc93-a7d8718d9bdc<-12dca792-6614-46e6-8fa8-e27f364a29d9#0:FAIL-t19, bdd1c484-1a92-4a2c-bc93-a7d8718d9bdc<-840dadcc-bbff-4158-865b-0f258f3c1721#0:FAIL-t19] and 0 exception(s); bdd1c484-1a92-4a2c-bc93-a7d8718d9bdc@group-AC929BCCC495:t19, leader=null, voted=bdd1c484-1a92-4a2c-bc93-a7d8718d9bdc, raftlog=bdd1c484-1a92-4a2c-bc93-a7d8718d9bdc@group-AC929BCCC495-SegmentedRaftLog:OPENED:c-1,f-1,i0, conf=-1: [12dca792-6614-46e6-8fa8-e27f364a29d9:192.168.164.201:45540, bdd1c484-1a92-4a2c-bc93-a7d8718d9bdc:192.168.164.201:46574, 840dadcc-bbff-4158-865b-0f258f3c1721:192.168.164.201:46061], old=null
2019-10-17 20:31:53,691 [bdd1c484-1a92-4a2c-bc93-a7d8718d9bdc@group-AC929BCCC495-LeaderElection24] INFO  impl.RaftServerImpl (RaftServerImpl.java:setRole(184)) - bdd1c484-1a92-4a2c-bc93-a7d8718d9bdc@group-AC929BCCC495: changes role from CANDIDATE to FOLLOWER at term 19 for DISCOVERED_A_NEW_TERM
2019-10-17 20:31:53,691 [bdd1c484-1a92-4a2c-bc93-a7d8718d9bdc@group-AC929BCCC495-LeaderElection24] INFO  impl.RoleInfo (RoleInfo.java:shutdownLeaderElection(134)) - bdd1c484-1a92-4a2c-bc93-a7d8718d9bdc: shutdown LeaderElection
2019-10-17 20:31:53,692 [bdd1c484-1a92-4a2c-bc93-a7d8718d9bdc@group-AC929BCCC495-LeaderElection24] INFO  impl.RoleInfo (RoleInfo.java:updateAndGet(143)) - bdd1c484-1a92-4a2c-bc93-a7d8718d9bdc: start FollowerState
2019-10-17 20:31:53,709 [Thread-609] INFO  impl.FollowerState (FollowerState.java:run(108)) - bdd1c484-1a92-4a2c-bc93-a7d8718d9bdc@group-AC929BCCC495-FollowerState: change to CANDIDATE, lastRpcTime:17ms, electionTimeout:17ms
2019-10-17 20:31:53,710 [Thread-609] INFO  impl.RoleInfo (RoleInfo.java:shutdownFollowerState(121)) - bdd1c484-1a92-4a2c-bc93-a7d8718d9bdc: shutdown FollowerState
2019-10-17 20:31:53,710 [Thread-609] INFO  impl.RaftServerImpl (RaftServerImpl.java:setRole(184)) - bdd1c484-1a92-4a2c-bc93-a7d8718d9bdc@group-AC929BCCC495: changes role from  FOLLOWER to CANDIDATE at term 19 for changeToCandidate
2019-10-17 20:31:53,711 [Thread-609] INFO  impl.RoleInfo (RoleInfo.java:updateAndGet(143)) - bdd1c484-1a92-4a2c-bc93-a7d8718d9bdc: start LeaderElection
2019-10-17 20:31:53,739 [bdd1c484-1a92-4a2c-bc93-a7d8718d9bdc@group-AC929BCCC495-LeaderElection25] INFO  impl.LeaderElection (LeaderElection.java:askForVotes(178)) - bdd1c484-1a92-4a2c-bc93-a7d8718d9bdc@group-AC929BCCC495-LeaderElection25: begin an election at term 20 for -1: [12dca792-6614-46e6-8fa8-e27f364a29d9:192.168.164.201:45540, bdd1c484-1a92-4a2c-bc93-a7d8718d9bdc:192.168.164.201:46574, 840dadcc-bbff-4158-865b-0f258f3c1721:192.168.164.201:46061], old=null
2019-10-17 20:31:53,742 [grpc-default-executor-1] INFO  impl.RaftServerImpl (RaftServerImpl.java:setRole(184)) - 12dca792-6614-46e6-8fa8-e27f364a29d9@group-AC929BCCC495: changes role from  FOLLOWER to FOLLOWER at term 20 for recognizeCandidate:bdd1c484-1a92-4a2c-bc93-a7d8718d9bdc
2019-10-17 20:31:53,742 [grpc-default-executor-2] INFO  impl.RaftServerImpl (RaftServerImpl.java:setRole(184)) - 840dadcc-bbff-4158-865b-0f258f3c1721@group-AC929BCCC495: changes role from  FOLLOWER to FOLLOWER at term 20 for recognizeCandidate:bdd1c484-1a92-4a2c-bc93-a7d8718d9bdc
2019-10-17 20:31:53,742 [grpc-default-executor-1] INFO  impl.RoleInfo (RoleInfo.java:shutdownFollowerState(121)) - 12dca792-6614-46e6-8fa8-e27f364a29d9: shutdown FollowerState
2019-10-17 20:31:53,742 [grpc-default-executor-2] INFO  impl.RoleInfo (RoleInfo.java:shutdownFollowerState(121)) - 840dadcc-bbff-4158-865b-0f258f3c1721: shutdown FollowerState
2019-10-17 20:31:53,743 [Thread-607] INFO  impl.FollowerState (FollowerState.java:run(117)) - 12dca792-6614-46e6-8fa8-e27f364a29d9@group-AC929BCCC495-FollowerState was interrupted: java.lang.InterruptedException: sleep interrupted
2019-10-17 20:31:53,743 [grpc-default-executor-1] INFO  impl.RoleInfo (RoleInfo.java:updateAndGet(143)) - 12dca792-6614-46e6-8fa8-e27f364a29d9: start FollowerState
2019-10-17 20:31:53,743 [Thread-608] INFO  impl.FollowerState (FollowerState.java:run(117)) - 840dadcc-bbff-4158-865b-0f258f3c1721@group-AC929BCCC495-FollowerState was interrupted: java.lang.InterruptedException: sleep interrupted
2019-10-17 20:31:53,743 [grpc-default-executor-2] INFO  impl.RoleInfo (RoleInfo.java:updateAndGet(143)) - 840dadcc-bbff-4158-865b-0f258f3c1721: start FollowerState
2019-10-17 20:31:53,774 [bdd1c484-1a92-4a2c-bc93-a7d8718d9bdc@group-AC929BCCC495-LeaderElection25] INFO  impl.LeaderElection (LeaderElection.java:logAndReturn(56)) - bdd1c484-1a92-4a2c-bc93-a7d8718d9bdc@group-AC929BCCC495-LeaderElection25: Election REJECTED; received 2 response(s) [bdd1c484-1a92-4a2c-bc93-a7d8718d9bdc<-12dca792-6614-46e6-8fa8-e27f364a29d9#0:FAIL-t20, bdd1c484-1a92-4a2c-bc93-a7d8718d9bdc<-840dadcc-bbff-4158-865b-0f258f3c1721#0:FAIL-t20] and 0 exception(s); bdd1c484-1a92-4a2c-bc93-a7d8718d9bdc@group-AC929BCCC495:t20, leader=null, voted=bdd1c484-1a92-4a2c-bc93-a7d8718d9bdc, raftlog=bdd1c484-1a92-4a2c-bc93-a7d8718d9bdc@group-AC929BCCC495-SegmentedRaftLog:OPENED:c-1,f-1,i0, conf=-1: [12dca792-6614-46e6-8fa8-e27f364a29d9:192.168.164.201:45540, bdd1c484-1a92-4a2c-bc93-a7d8718d9bdc:192.168.164.201:46574, 840dadcc-bbff-4158-865b-0f258f3c1721:192.168.164.201:46061], old=null
2019-10-17 20:31:53,774 [bdd1c484-1a92-4a2c-bc93-a7d8718d9bdc@group-AC929BCCC495-LeaderElection25] INFO  impl.RaftServerImpl (RaftServerImpl.java:setRole(184)) - bdd1c484-1a92-4a2c-bc93-a7d8718d9bdc@group-AC929BCCC495: changes role from CANDIDATE to FOLLOWER at term 20 for DISCOVERED_A_NEW_TERM
2019-10-17 20:31:53,775 [bdd1c484-1a92-4a2c-bc93-a7d8718d9bdc@group-AC929BCCC495-LeaderElection25] INFO  impl.RoleInfo (RoleInfo.java:shutdownLeaderElection(134)) - bdd1c484-1a92-4a2c-bc93-a7d8718d9bdc: shutdown LeaderElection
2019-10-17 20:31:53,775 [bdd1c484-1a92-4a2c-bc93-a7d8718d9bdc@group-AC929BCCC495-LeaderElection25] INFO  impl.RoleInfo (RoleInfo.java:updateAndGet(143)) - bdd1c484-1a92-4a2c-bc93-a7d8718d9bdc: start FollowerState
2019-10-17 20:31:53,882 [Thread-615] INFO  impl.FollowerState (FollowerState.java:run(108)) - bdd1c484-1a92-4a2c-bc93-a7d8718d9bdc@group-AC929BCCC495-FollowerState: change to CANDIDATE, lastRpcTime:107ms, electionTimeout:107ms
2019-10-17 20:31:53,884 [Thread-615] INFO  impl.RoleInfo (RoleInfo.java:shutdownFollowerState(121)) - bdd1c484-1a92-4a2c-bc93-a7d8718d9bdc: shutdown FollowerState
2019-10-17 20:31:53,885 [Thread-615] INFO  impl.RaftServerImpl (RaftServerImpl.java:setRole(184)) - bdd1c484-1a92-4a2c-bc93-a7d8718d9bdc@group-AC929BCCC495: changes role from  FOLLOWER to CANDIDATE at term 20 for changeToCandidate
2019-10-17 20:31:53,885 [Thread-615] INFO  impl.RoleInfo (RoleInfo.java:updateAndGet(143)) - bdd1c484-1a92-4a2c-bc93-a7d8718d9bdc: start LeaderElection
2019-10-17 20:31:53,914 [bdd1c484-1a92-4a2c-bc93-a7d8718d9bdc@group-AC929BCCC495-LeaderElection26] INFO  impl.LeaderElection (LeaderElection.java:askForVotes(178)) - bdd1c484-1a92-4a2c-bc93-a7d8718d9bdc@group-AC929BCCC495-LeaderElection26: begin an election at term 21 for -1: [12dca792-6614-46e6-8fa8-e27f364a29d9:192.168.164.201:45540, bdd1c484-1a92-4a2c-bc93-a7d8718d9bdc:192.168.164.201:46574, 840dadcc-bbff-4158-865b-0f258f3c1721:192.168.164.201:46061], old=null
2019-10-17 20:31:53,919 [grpc-default-executor-2] INFO  impl.RaftServerImpl (RaftServerImpl.java:setRole(184)) - 12dca792-6614-46e6-8fa8-e27f364a29d9@group-AC929BCCC495: changes role from  FOLLOWER to FOLLOWER at term 21 for recognizeCandidate:bdd1c484-1a92-4a2c-bc93-a7d8718d9bdc
2019-10-17 20:31:53,919 [grpc-default-executor-1] INFO  impl.RaftServerImpl (RaftServerImpl.java:setRole(184)) - 840dadcc-bbff-4158-865b-0f258f3c1721@group-AC929BCCC495: changes role from  FOLLOWER to FOLLOWER at term 21 for recognizeCandidate:bdd1c484-1a92-4a2c-bc93-a7d8718d9bdc
2019-10-17 20:31:53,920 [grpc-default-executor-2] INFO  impl.RoleInfo (RoleInfo.java:shutdownFollowerState(121)) - 12dca792-6614-46e6-8fa8-e27f364a29d9: shutdown FollowerState
2019-10-17 20:31:53,920 [grpc-default-executor-1] INFO  impl.RoleInfo (RoleInfo.java:shutdownFollowerState(121)) - 840dadcc-bbff-4158-865b-0f258f3c1721: shutdown FollowerState
2019-10-17 20:31:53,920 [Thread-613] INFO  impl.FollowerState (FollowerState.java:run(117)) - 12dca792-6614-46e6-8fa8-e27f364a29d9@group-AC929BCCC495-FollowerState was interrupted: java.lang.InterruptedException: sleep interrupted
2019-10-17 20:31:53,920 [grpc-default-executor-2] INFO  impl.RoleInfo (RoleInfo.java:updateAndGet(143)) - 12dca792-6614-46e6-8fa8-e27f364a29d9: start FollowerState
2019-10-17 20:31:53,920 [grpc-default-executor-1] INFO  impl.RoleInfo (RoleInfo.java:updateAndGet(143)) - 840dadcc-bbff-4158-865b-0f258f3c1721: start FollowerState
2019-10-17 20:31:53,920 [Thread-614] INFO  impl.FollowerState (FollowerState.java:run(117)) - 840dadcc-bbff-4158-865b-0f258f3c1721@group-AC929BCCC495-FollowerState was interrupted: java.lang.InterruptedException: sleep interrupted
2019-10-17 20:31:53,952 [bdd1c484-1a92-4a2c-bc93-a7d8718d9bdc@group-AC929BCCC495-LeaderElection26] INFO  impl.LeaderElection (LeaderElection.java:logAndReturn(56)) - bdd1c484-1a92-4a2c-bc93-a7d8718d9bdc@group-AC929BCCC495-LeaderElection26: Election REJECTED; received 2 response(s) [bdd1c484-1a92-4a2c-bc93-a7d8718d9bdc<-12dca792-6614-46e6-8fa8-e27f364a29d9#0:FAIL-t21, bdd1c484-1a92-4a2c-bc93-a7d8718d9bdc<-840dadcc-bbff-4158-865b-0f258f3c1721#0:FAIL-t21] and 0 exception(s); bdd1c484-1a92-4a2c-bc93-a7d8718d9bdc@group-AC929BCCC495:t21, leader=null, voted=bdd1c484-1a92-4a2c-bc93-a7d8718d9bdc, raftlog=bdd1c484-1a92-4a2c-bc93-a7d8718d9bdc@group-AC929BCCC495-SegmentedRaftLog:OPENED:c-1,f-1,i0, conf=-1: [12dca792-6614-46e6-8fa8-e27f364a29d9:192.168.164.201:45540, bdd1c484-1a92-4a2c-bc93-a7d8718d9bdc:192.168.164.201:46574, 840dadcc-bbff-4158-865b-0f258f3c1721:192.168.164.201:46061], old=null
2019-10-17 20:31:53,952 [bdd1c484-1a92-4a2c-bc93-a7d8718d9bdc@group-AC929BCCC495-LeaderElection26] INFO  impl.RaftServerImpl (RaftServerImpl.java:setRole(184)) - bdd1c484-1a92-4a2c-bc93-a7d8718d9bdc@group-AC929BCCC495: changes role from CANDIDATE to FOLLOWER at term 21 for DISCOVERED_A_NEW_TERM
2019-10-17 20:31:53,953 [bdd1c484-1a92-4a2c-bc93-a7d8718d9bdc@group-AC929BCCC495-LeaderElection26] INFO  impl.RoleInfo (RoleInfo.java:shutdownLeaderElection(134)) - bdd1c484-1a92-4a2c-bc93-a7d8718d9bdc: shutdown LeaderElection
2019-10-17 20:31:53,953 [bdd1c484-1a92-4a2c-bc93-a7d8718d9bdc@group-AC929BCCC495-LeaderElection26] INFO  impl.RoleInfo (RoleInfo.java:updateAndGet(143)) - bdd1c484-1a92-4a2c-bc93-a7d8718d9bdc: start FollowerState
2019-10-17 20:31:54,110 [Thread-621] INFO  impl.FollowerState (FollowerState.java:run(108)) - bdd1c484-1a92-4a2c-bc93-a7d8718d9bdc@group-AC929BCCC495-FollowerState: change to CANDIDATE, lastRpcTime:156ms, electionTimeout:156ms
2019-10-17 20:31:54,112 [Thread-621] INFO  impl.RoleInfo (RoleInfo.java:shutdownFollowerState(121)) - bdd1c484-1a92-4a2c-bc93-a7d8718d9bdc: shutdown FollowerState
2019-10-17 20:31:54,113 [Thread-621] INFO  impl.RaftServerImpl (RaftServerImpl.java:setRole(184)) - bdd1c484-1a92-4a2c-bc93-a7d8718d9bdc@group-AC929BCCC495: changes role from  FOLLOWER to CANDIDATE at term 21 for changeToCandidate
2019-10-17 20:31:54,113 [Thread-621] INFO  impl.RoleInfo (RoleInfo.java:updateAndGet(143)) - bdd1c484-1a92-4a2c-bc93-a7d8718d9bdc: start LeaderElection
2019-10-17 20:31:54,140 [bdd1c484-1a92-4a2c-bc93-a7d8718d9bdc@group-AC929BCCC495-LeaderElection27] INFO  impl.LeaderElection (LeaderElection.java:askForVotes(178)) - bdd1c484-1a92-4a2c-bc93-a7d8718d9bdc@group-AC929BCCC495-LeaderElection27: begin an election at term 22 for -1: [12dca792-6614-46e6-8fa8-e27f364a29d9:192.168.164.201:45540, bdd1c484-1a92-4a2c-bc93-a7d8718d9bdc:192.168.164.201:46574, 840dadcc-bbff-4158-865b-0f258f3c1721:192.168.164.201:46061], old=null
2019-10-17 20:31:54,145 [grpc-default-executor-1] INFO  impl.RaftServerImpl (RaftServerImpl.java:setRole(184)) - 12dca792-6614-46e6-8fa8-e27f364a29d9@group-AC929BCCC495: changes role from  FOLLOWER to FOLLOWER at term 22 for recognizeCandidate:bdd1c484-1a92-4a2c-bc93-a7d8718d9bdc
2019-10-17 20:31:54,145 [grpc-default-executor-2] INFO  impl.RaftServerImpl (RaftServerImpl.java:setRole(184)) - 840dadcc-bbff-4158-865b-0f258f3c1721@group-AC929BCCC495: changes role from  FOLLOWER to FOLLOWER at term 22 for recognizeCandidate:bdd1c484-1a92-4a2c-bc93-a7d8718d9bdc
2019-10-17 20:31:54,145 [grpc-default-executor-1] INFO  impl.RoleInfo (RoleInfo.java:shutdownFollowerState(121)) - 12dca792-6614-46e6-8fa8-e27f364a29d9: shutdown FollowerState
2019-10-17 20:31:54,146 [grpc-default-executor-2] INFO  impl.RoleInfo (RoleInfo.java:shutdownFollowerState(121)) - 840dadcc-bbff-4158-865b-0f258f3c1721: shutdown FollowerState
2019-10-17 20:31:54,146 [grpc-default-executor-1] INFO  impl.RoleInfo (RoleInfo.java:updateAndGet(143)) - 12dca792-6614-46e6-8fa8-e27f364a29d9: start FollowerState
2019-10-17 20:31:54,146 [Thread-619] INFO  impl.FollowerState (FollowerState.java:run(117)) - 12dca792-6614-46e6-8fa8-e27f364a29d9@group-AC929BCCC495-FollowerState was interrupted: java.lang.InterruptedException: sleep interrupted
2019-10-17 20:31:54,146 [grpc-default-executor-2] INFO  impl.RoleInfo (RoleInfo.java:updateAndGet(143)) - 840dadcc-bbff-4158-865b-0f258f3c1721: start FollowerState
2019-10-17 20:31:54,146 [Thread-620] INFO  impl.FollowerState (FollowerState.java:run(117)) - 840dadcc-bbff-4158-865b-0f258f3c1721@group-AC929BCCC495-FollowerState was interrupted: java.lang.InterruptedException: sleep interrupted
2019-10-17 20:31:54,175 [bdd1c484-1a92-4a2c-bc93-a7d8718d9bdc@group-AC929BCCC495-LeaderElection27] INFO  impl.LeaderElection (LeaderElection.java:logAndReturn(56)) - bdd1c484-1a92-4a2c-bc93-a7d8718d9bdc@group-AC929BCCC495-LeaderElection27: Election REJECTED; received 2 response(s) [bdd1c484-1a92-4a2c-bc93-a7d8718d9bdc<-12dca792-6614-46e6-8fa8-e27f364a29d9#0:FAIL-t22, bdd1c484-1a92-4a2c-bc93-a7d8718d9bdc<-840dadcc-bbff-4158-865b-0f258f3c1721#0:FAIL-t22] and 0 exception(s); bdd1c484-1a92-4a2c-bc93-a7d8718d9bdc@group-AC929BCCC495:t22, leader=null, voted=bdd1c484-1a92-4a2c-bc93-a7d8718d9bdc, raftlog=bdd1c484-1a92-4a2c-bc93-a7d8718d9bdc@group-AC929BCCC495-SegmentedRaftLog:OPENED:c-1,f-1,i0, conf=-1: [12dca792-6614-46e6-8fa8-e27f364a29d9:192.168.164.201:45540, bdd1c484-1a92-4a2c-bc93-a7d8718d9bdc:192.168.164.201:46574, 840dadcc-bbff-4158-865b-0f258f3c1721:192.168.164.201:46061], old=null
2019-10-17 20:31:54,176 [bdd1c484-1a92-4a2c-bc93-a7d8718d9bdc@group-AC929BCCC495-LeaderElection27] INFO  impl.RaftServerImpl (RaftServerImpl.java:setRole(184)) - bdd1c484-1a92-4a2c-bc93-a7d8718d9bdc@group-AC929BCCC495: changes role from CANDIDATE to FOLLOWER at term 22 for DISCOVERED_A_NEW_TERM
2019-10-17 20:31:54,176 [bdd1c484-1a92-4a2c-bc93-a7d8718d9bdc@group-AC929BCCC495-LeaderElection27] INFO  impl.RoleInfo (RoleInfo.java:shutdownLeaderElection(134)) - bdd1c484-1a92-4a2c-bc93-a7d8718d9bdc: shutdown LeaderElection
2019-10-17 20:31:54,176 [bdd1c484-1a92-4a2c-bc93-a7d8718d9bdc@group-AC929BCCC495-LeaderElection27] INFO  impl.RoleInfo (RoleInfo.java:updateAndGet(143)) - bdd1c484-1a92-4a2c-bc93-a7d8718d9bdc: start FollowerState
2019-10-17 20:31:54,334 [Thread-627] INFO  impl.FollowerState (FollowerState.java:run(108)) - bdd1c484-1a92-4a2c-bc93-a7d8718d9bdc@group-AC929BCCC495-FollowerState: change to CANDIDATE, lastRpcTime:157ms, electionTimeout:157ms
2019-10-17 20:31:54,335 [Thread-627] INFO  impl.RoleInfo (RoleInfo.java:shutdownFollowerState(121)) - bdd1c484-1a92-4a2c-bc93-a7d8718d9bdc: shutdown FollowerState
2019-10-17 20:31:54,335 [Thread-627] INFO  impl.RaftServerImpl (RaftServerImpl.java:setRole(184)) - bdd1c484-1a92-4a2c-bc93-a7d8718d9bdc@group-AC929BCCC495: changes role from  FOLLOWER to CANDIDATE at term 22 for changeToCandidate
2019-10-17 20:31:54,335 [Thread-627] INFO  impl.RoleInfo (RoleInfo.java:updateAndGet(143)) - bdd1c484-1a92-4a2c-bc93-a7d8718d9bdc: start LeaderElection
 0.00% |?                                                                                                    |  0/1 Time: 0:00:042019-10-17 20:31:54,366 [bdd1c484-1a92-4a2c-bc93-a7d8718d9bdc@group-AC929BCCC495-LeaderElection28] INFO  impl.LeaderElection (LeaderElection.java:askForVotes(178)) - bdd1c484-1a92-4a2c-bc93-a7d8718d9bdc@group-AC929BCCC495-LeaderElection28: begin an election at term 23 for -1: [12dca792-6614-46e6-8fa8-e27f364a29d9:192.168.164.201:45540, bdd1c484-1a92-4a2c-bc93-a7d8718d9bdc:192.168.164.201:46574, 840dadcc-bbff-4158-865b-0f258f3c1721:192.168.164.201:46061], old=null
2019-10-17 20:31:54,370 [grpc-default-executor-1] INFO  impl.RaftServerImpl (RaftServerImpl.java:setRole(184)) - 12dca792-6614-46e6-8fa8-e27f364a29d9@group-AC929BCCC495: changes role from  FOLLOWER to FOLLOWER at term 23 for recognizeCandidate:bdd1c484-1a92-4a2c-bc93-a7d8718d9bdc
2019-10-17 20:31:54,370 [grpc-default-executor-2] INFO  impl.RaftServerImpl (RaftServerImpl.java:setRole(184)) - 840dadcc-bbff-4158-865b-0f258f3c1721@group-AC929BCCC495: changes role from  FOLLOWER to FOLLOWER at term 23 for recognizeCandidate:bdd1c484-1a92-4a2c-bc93-a7d8718d9bdc
2019-10-17 20:31:54,370 [grpc-default-executor-1] INFO  impl.RoleInfo (RoleInfo.java:shutdownFollowerState(121)) - 12dca792-6614-46e6-8fa8-e27f364a29d9: shutdown FollowerState
2019-10-17 20:31:54,370 [grpc-default-executor-2] INFO  impl.RoleInfo (RoleInfo.java:shutdownFollowerState(121)) - 840dadcc-bbff-4158-865b-0f258f3c1721: shutdown FollowerState
2019-10-17 20:31:54,370 [Thread-625] INFO  impl.FollowerState (FollowerState.java:run(117)) - 12dca792-6614-46e6-8fa8-e27f364a29d9@group-AC929BCCC495-FollowerState was interrupted: java.lang.InterruptedException: sleep interrupted
2019-10-17 20:31:54,370 [grpc-default-executor-1] INFO  impl.RoleInfo (RoleInfo.java:updateAndGet(143)) - 12dca792-6614-46e6-8fa8-e27f364a29d9: start FollowerState
2019-10-17 20:31:54,371 [Thread-626] INFO  impl.FollowerState (FollowerState.java:run(117)) - 840dadcc-bbff-4158-865b-0f258f3c1721@group-AC929BCCC495-FollowerState was interrupted: java.lang.InterruptedException: sleep interrupted
2019-10-17 20:31:54,371 [grpc-default-executor-2] INFO  impl.RoleInfo (RoleInfo.java:updateAndGet(143)) - 840dadcc-bbff-4158-865b-0f258f3c1721: start FollowerState
2019-10-17 20:31:54,395 [bdd1c484-1a92-4a2c-bc93-a7d8718d9bdc@group-AC929BCCC495-LeaderElection28] INFO  impl.LeaderElection (LeaderElection.java:logAndReturn(56)) - bdd1c484-1a92-4a2c-bc93-a7d8718d9bdc@group-AC929BCCC495-LeaderElection28: Election REJECTED; received 2 response(s) [bdd1c484-1a92-4a2c-bc93-a7d8718d9bdc<-12dca792-6614-46e6-8fa8-e27f364a29d9#0:FAIL-t23, bdd1c484-1a92-4a2c-bc93-a7d8718d9bdc<-840dadcc-bbff-4158-865b-0f258f3c1721#0:FAIL-t23] and 0 exception(s); bdd1c484-1a92-4a2c-bc93-a7d8718d9bdc@group-AC929BCCC495:t23, leader=null, voted=bdd1c484-1a92-4a2c-bc93-a7d8718d9bdc, raftlog=bdd1c484-1a92-4a2c-bc93-a7d8718d9bdc@group-AC929BCCC495-SegmentedRaftLog:OPENED:c-1,f-1,i0, conf=-1: [12dca792-6614-46e6-8fa8-e27f364a29d9:192.168.164.201:45540, bdd1c484-1a92-4a2c-bc93-a7d8718d9bdc:192.168.164.201:46574, 840dadcc-bbff-4158-865b-0f258f3c1721:192.168.164.201:46061], old=null
2019-10-17 20:31:54,395 [bdd1c484-1a92-4a2c-bc93-a7d8718d9bdc@group-AC929BCCC495-LeaderElection28] INFO  impl.RaftServerImpl (RaftServerImpl.java:setRole(184)) - bdd1c484-1a92-4a2c-bc93-a7d8718d9bdc@group-AC929BCCC495: changes role from CANDIDATE to FOLLOWER at term 23 for DISCOVERED_A_NEW_TERM
2019-10-17 20:31:54,395 [bdd1c484-1a92-4a2c-bc93-a7d8718d9bdc@group-AC929BCCC495-LeaderElection28] INFO  impl.RoleInfo (RoleInfo.java:shutdownLeaderElection(134)) - bdd1c484-1a92-4a2c-bc93-a7d8718d9bdc: shutdown LeaderElection
2019-10-17 20:31:54,395 [bdd1c484-1a92-4a2c-bc93-a7d8718d9bdc@group-AC929BCCC495-LeaderElection28] INFO  impl.RoleInfo (RoleInfo.java:updateAndGet(143)) - bdd1c484-1a92-4a2c-bc93-a7d8718d9bdc: start FollowerState
2019-10-17 20:31:54,588 [Thread-633] INFO  impl.FollowerState (FollowerState.java:run(108)) - bdd1c484-1a92-4a2c-bc93-a7d8718d9bdc@group-AC929BCCC495-FollowerState: change to CANDIDATE, lastRpcTime:192ms, electionTimeout:192ms
2019-10-17 20:31:54,589 [Thread-633] INFO  impl.RoleInfo (RoleInfo.java:shutdownFollowerState(121)) - bdd1c484-1a92-4a2c-bc93-a7d8718d9bdc: shutdown FollowerState
2019-10-17 20:31:54,589 [Thread-633] INFO  impl.RaftServerImpl (RaftServerImpl.java:setRole(184)) - bdd1c484-1a92-4a2c-bc93-a7d8718d9bdc@group-AC929BCCC495: changes role from  FOLLOWER to CANDIDATE at term 23 for changeToCandidate
2019-10-17 20:31:54,590 [Thread-633] INFO  impl.RoleInfo (RoleInfo.java:updateAndGet(143)) - bdd1c484-1a92-4a2c-bc93-a7d8718d9bdc: start LeaderElection
2019-10-17 20:31:54,618 [bdd1c484-1a92-4a2c-bc93-a7d8718d9bdc@group-AC929BCCC495-LeaderElection29] INFO  impl.LeaderElection (LeaderElection.java:askForVotes(178)) - bdd1c484-1a92-4a2c-bc93-a7d8718d9bdc@group-AC929BCCC495-LeaderElection29: begin an election at term 24 for -1: [12dca792-6614-46e6-8fa8-e27f364a29d9:192.168.164.201:45540, bdd1c484-1a92-4a2c-bc93-a7d8718d9bdc:192.168.164.201:46574, 840dadcc-bbff-4158-865b-0f258f3c1721:192.168.164.201:46061], old=null
2019-10-17 20:31:54,621 [grpc-default-executor-2] INFO  impl.RaftServerImpl (RaftServerImpl.java:setRole(184)) - 12dca792-6614-46e6-8fa8-e27f364a29d9@group-AC929BCCC495: changes role from  FOLLOWER to FOLLOWER at term 24 for recognizeCandidate:bdd1c484-1a92-4a2c-bc93-a7d8718d9bdc
2019-10-17 20:31:54,621 [grpc-default-executor-2] INFO  impl.RoleInfo (RoleInfo.java:shutdownFollowerState(121)) - 12dca792-6614-46e6-8fa8-e27f364a29d9: shutdown FollowerState
2019-10-17 20:31:54,621 [grpc-default-executor-1] INFO  impl.RaftServerImpl (RaftServerImpl.java:setRole(184)) - 840dadcc-bbff-4158-865b-0f258f3c1721@group-AC929BCCC495: changes role from  FOLLOWER to FOLLOWER at term 24 for recognizeCandidate:bdd1c484-1a92-4a2c-bc93-a7d8718d9bdc
2019-10-17 20:31:54,622 [Thread-631] INFO  impl.FollowerState (FollowerState.java:run(117)) - 12dca792-6614-46e6-8fa8-e27f364a29d9@group-AC929BCCC495-FollowerState was interrupted: java.lang.InterruptedException: sleep interrupted
2019-10-17 20:31:54,622 [grpc-default-executor-2] INFO  impl.RoleInfo (RoleInfo.java:updateAndGet(143)) - 12dca792-6614-46e6-8fa8-e27f364a29d9: start FollowerState
2019-10-17 20:31:54,622 [grpc-default-executor-1] INFO  impl.RoleInfo (RoleInfo.java:shutdownFollowerState(121)) - 840dadcc-bbff-4158-865b-0f258f3c1721: shutdown FollowerState
2019-10-17 20:31:54,622 [Thread-632] INFO  impl.FollowerState (FollowerState.java:run(117)) - 840dadcc-bbff-4158-865b-0f258f3c1721@group-AC929BCCC495-FollowerState was interrupted: java.lang.InterruptedException: sleep interrupted
2019-10-17 20:31:54,622 [grpc-default-executor-1] INFO  impl.RoleInfo (RoleInfo.java:updateAndGet(143)) - 840dadcc-bbff-4158-865b-0f258f3c1721: start FollowerState
2019-10-17 20:31:54,645 [bdd1c484-1a92-4a2c-bc93-a7d8718d9bdc@group-AC929BCCC495-LeaderElection29] INFO  impl.LeaderElection (LeaderElection.java:logAndReturn(56)) - bdd1c484-1a92-4a2c-bc93-a7d8718d9bdc@group-AC929BCCC495-LeaderElection29: Election REJECTED; received 2 response(s) [bdd1c484-1a92-4a2c-bc93-a7d8718d9bdc<-12dca792-6614-46e6-8fa8-e27f364a29d9#0:FAIL-t24, bdd1c484-1a92-4a2c-bc93-a7d8718d9bdc<-840dadcc-bbff-4158-865b-0f258f3c1721#0:FAIL-t24] and 0 exception(s); bdd1c484-1a92-4a2c-bc93-a7d8718d9bdc@group-AC929BCCC495:t24, leader=null, voted=bdd1c484-1a92-4a2c-bc93-a7d8718d9bdc, raftlog=bdd1c484-1a92-4a2c-bc93-a7d8718d9bdc@group-AC929BCCC495-SegmentedRaftLog:OPENED:c-1,f-1,i0, conf=-1: [12dca792-6614-46e6-8fa8-e27f364a29d9:192.168.164.201:45540, bdd1c484-1a92-4a2c-bc93-a7d8718d9bdc:192.168.164.201:46574, 840dadcc-bbff-4158-865b-0f258f3c1721:192.168.164.201:46061], old=null
2019-10-17 20:31:54,645 [bdd1c484-1a92-4a2c-bc93-a7d8718d9bdc@group-AC929BCCC495-LeaderElection29] INFO  impl.RaftServerImpl (RaftServerImpl.java:setRole(184)) - bdd1c484-1a92-4a2c-bc93-a7d8718d9bdc@group-AC929BCCC495: changes role from CANDIDATE to FOLLOWER at term 24 for DISCOVERED_A_NEW_TERM
2019-10-17 20:31:54,645 [bdd1c484-1a92-4a2c-bc93-a7d8718d9bdc@group-AC929BCCC495-LeaderElection29] INFO  impl.RoleInfo (RoleInfo.java:shutdownLeaderElection(134)) - bdd1c484-1a92-4a2c-bc93-a7d8718d9bdc: shutdown LeaderElection
2019-10-17 20:31:54,646 [bdd1c484-1a92-4a2c-bc93-a7d8718d9bdc@group-AC929BCCC495-LeaderElection29] INFO  impl.RoleInfo (RoleInfo.java:updateAndGet(143)) - bdd1c484-1a92-4a2c-bc93-a7d8718d9bdc: start FollowerState
2019-10-17 20:31:54,727 [Thread-639] INFO  impl.FollowerState (FollowerState.java:run(108)) - bdd1c484-1a92-4a2c-bc93-a7d8718d9bdc@group-AC929BCCC495-FollowerState: change to CANDIDATE, lastRpcTime:81ms, electionTimeout:81ms
2019-10-17 20:31:54,728 [Thread-639] INFO  impl.RoleInfo (RoleInfo.java:shutdownFollowerState(121)) - bdd1c484-1a92-4a2c-bc93-a7d8718d9bdc: shutdown FollowerState
2019-10-17 20:31:54,728 [Thread-639] INFO  impl.RaftServerImpl (RaftServerImpl.java:setRole(184)) - bdd1c484-1a92-4a2c-bc93-a7d8718d9bdc@group-AC929BCCC495: changes role from  FOLLOWER to CANDIDATE at term 24 for changeToCandidate
2019-10-17 20:31:54,728 [Thread-639] INFO  impl.RoleInfo (RoleInfo.java:updateAndGet(143)) - bdd1c484-1a92-4a2c-bc93-a7d8718d9bdc: start LeaderElection
2019-10-17 20:31:54,753 [bdd1c484-1a92-4a2c-bc93-a7d8718d9bdc@group-AC929BCCC495-LeaderElection30] INFO  impl.LeaderElection (LeaderElection.java:askForVotes(178)) - bdd1c484-1a92-4a2c-bc93-a7d8718d9bdc@group-AC929BCCC495-LeaderElection30: begin an election at term 25 for -1: [12dca792-6614-46e6-8fa8-e27f364a29d9:192.168.164.201:45540, bdd1c484-1a92-4a2c-bc93-a7d8718d9bdc:192.168.164.201:46574, 840dadcc-bbff-4158-865b-0f258f3c1721:192.168.164.201:46061], old=null
2019-10-17 20:31:54,756 [grpc-default-executor-1] INFO  impl.RaftServerImpl (RaftServerImpl.java:setRole(184)) - 840dadcc-bbff-4158-865b-0f258f3c1721@group-AC929BCCC495: changes role from  FOLLOWER to FOLLOWER at term 25 for recognizeCandidate:bdd1c484-1a92-4a2c-bc93-a7d8718d9bdc
2019-10-17 20:31:54,756 [grpc-default-executor-1] INFO  impl.RoleInfo (RoleInfo.java:shutdownFollowerState(121)) - 840dadcc-bbff-4158-865b-0f258f3c1721: shutdown FollowerState
2019-10-17 20:31:54,756 [grpc-default-executor-2] INFO  impl.RaftServerImpl (RaftServerImpl.java:setRole(184)) - 12dca792-6614-46e6-8fa8-e27f364a29d9@group-AC929BCCC495: changes role from  FOLLOWER to FOLLOWER at term 25 for recognizeCandidate:bdd1c484-1a92-4a2c-bc93-a7d8718d9bdc
2019-10-17 20:31:54,757 [Thread-638] INFO  impl.FollowerState (FollowerState.java:run(117)) - 840dadcc-bbff-4158-865b-0f258f3c1721@group-AC929BCCC495-FollowerState was interrupted: java.lang.InterruptedException: sleep interrupted
2019-10-17 20:31:54,757 [grpc-default-executor-1] INFO  impl.RoleInfo (RoleInfo.java:updateAndGet(143)) - 840dadcc-bbff-4158-865b-0f258f3c1721: start FollowerState
2019-10-17 20:31:54,757 [grpc-default-executor-2] INFO  impl.RoleInfo (RoleInfo.java:shutdownFollowerState(121)) - 12dca792-6614-46e6-8fa8-e27f364a29d9: shutdown FollowerState
2019-10-17 20:31:54,757 [grpc-default-executor-2] INFO  impl.RoleInfo (RoleInfo.java:updateAndGet(143)) - 12dca792-6614-46e6-8fa8-e27f364a29d9: start FollowerState
2019-10-17 20:31:54,757 [Thread-637] INFO  impl.FollowerState (FollowerState.java:run(117)) - 12dca792-6614-46e6-8fa8-e27f364a29d9@group-AC929BCCC495-FollowerState was interrupted: java.lang.InterruptedException: sleep interrupted
2019-10-17 20:31:54,787 [bdd1c484-1a92-4a2c-bc93-a7d8718d9bdc@group-AC929BCCC495-LeaderElection30] INFO  impl.LeaderElection (LeaderElection.java:logAndReturn(56)) - bdd1c484-1a92-4a2c-bc93-a7d8718d9bdc@group-AC929BCCC495-LeaderElection30: Election REJECTED; received 2 response(s) [bdd1c484-1a92-4a2c-bc93-a7d8718d9bdc<-12dca792-6614-46e6-8fa8-e27f364a29d9#0:FAIL-t25, bdd1c484-1a92-4a2c-bc93-a7d8718d9bdc<-840dadcc-bbff-4158-865b-0f258f3c1721#0:FAIL-t25] and 0 exception(s); bdd1c484-1a92-4a2c-bc93-a7d8718d9bdc@group-AC929BCCC495:t25, leader=null, voted=bdd1c484-1a92-4a2c-bc93-a7d8718d9bdc, raftlog=bdd1c484-1a92-4a2c-bc93-a7d8718d9bdc@group-AC929BCCC495-SegmentedRaftLog:OPENED:c-1,f-1,i0, conf=-1: [12dca792-6614-46e6-8fa8-e27f364a29d9:192.168.164.201:45540, bdd1c484-1a92-4a2c-bc93-a7d8718d9bdc:192.168.164.201:46574, 840dadcc-bbff-4158-865b-0f258f3c1721:192.168.164.201:46061], old=null
2019-10-17 20:31:54,788 [bdd1c484-1a92-4a2c-bc93-a7d8718d9bdc@group-AC929BCCC495-LeaderElection30] INFO  impl.RaftServerImpl (RaftServerImpl.java:setRole(184)) - bdd1c484-1a92-4a2c-bc93-a7d8718d9bdc@group-AC929BCCC495: changes role from CANDIDATE to FOLLOWER at term 25 for DISCOVERED_A_NEW_TERM
2019-10-17 20:31:54,788 [bdd1c484-1a92-4a2c-bc93-a7d8718d9bdc@group-AC929BCCC495-LeaderElection30] INFO  impl.RoleInfo (RoleInfo.java:shutdownLeaderElection(134)) - bdd1c484-1a92-4a2c-bc93-a7d8718d9bdc: shutdown LeaderElection
2019-10-17 20:31:54,788 [bdd1c484-1a92-4a2c-bc93-a7d8718d9bdc@group-AC929BCCC495-LeaderElection30] INFO  impl.RoleInfo (RoleInfo.java:updateAndGet(143)) - bdd1c484-1a92-4a2c-bc93-a7d8718d9bdc: start FollowerState
2019-10-17 20:31:54,974 [Thread-645] INFO  impl.FollowerState (FollowerState.java:run(108)) - bdd1c484-1a92-4a2c-bc93-a7d8718d9bdc@group-AC929BCCC495-FollowerState: change to CANDIDATE, lastRpcTime:186ms, electionTimeout:186ms
2019-10-17 20:31:54,980 [Thread-645] INFO  impl.RoleInfo (RoleInfo.java:shutdownFollowerState(121)) - bdd1c484-1a92-4a2c-bc93-a7d8718d9bdc: shutdown FollowerState
2019-10-17 20:31:54,980 [Thread-645] INFO  impl.RaftServerImpl (RaftServerImpl.java:setRole(184)) - bdd1c484-1a92-4a2c-bc93-a7d8718d9bdc@group-AC929BCCC495: changes role from  FOLLOWER to CANDIDATE at term 25 for changeToCandidate
2019-10-17 20:31:54,980 [Thread-645] INFO  impl.RoleInfo (RoleInfo.java:updateAndGet(143)) - bdd1c484-1a92-4a2c-bc93-a7d8718d9bdc: start LeaderElection
2019-10-17 20:31:55,012 [bdd1c484-1a92-4a2c-bc93-a7d8718d9bdc@group-AC929BCCC495-LeaderElection31] INFO  impl.LeaderElection (LeaderElection.java:askForVotes(178)) - bdd1c484-1a92-4a2c-bc93-a7d8718d9bdc@group-AC929BCCC495-LeaderElection31: begin an election at term 26 for -1: [12dca792-6614-46e6-8fa8-e27f364a29d9:192.168.164.201:45540, bdd1c484-1a92-4a2c-bc93-a7d8718d9bdc:192.168.164.201:46574, 840dadcc-bbff-4158-865b-0f258f3c1721:192.168.164.201:46061], old=null
2019-10-17 20:31:55,015 [grpc-default-executor-2] INFO  impl.RaftServerImpl (RaftServerImpl.java:setRole(184)) - 840dadcc-bbff-4158-865b-0f258f3c1721@group-AC929BCCC495: changes role from  FOLLOWER to FOLLOWER at term 26 for recognizeCandidate:bdd1c484-1a92-4a2c-bc93-a7d8718d9bdc
2019-10-17 20:31:55,015 [grpc-default-executor-1] INFO  impl.RaftServerImpl (RaftServerImpl.java:setRole(184)) - 12dca792-6614-46e6-8fa8-e27f364a29d9@group-AC929BCCC495: changes role from  FOLLOWER to FOLLOWER at term 26 for recognizeCandidate:bdd1c484-1a92-4a2c-bc93-a7d8718d9bdc
2019-10-17 20:31:55,016 [grpc-default-executor-2] INFO  impl.RoleInfo (RoleInfo.java:shutdownFollowerState(121)) - 840dadcc-bbff-4158-865b-0f258f3c1721: shutdown FollowerState
2019-10-17 20:31:55,016 [grpc-default-executor-1] INFO  impl.RoleInfo (RoleInfo.java:shutdownFollowerState(121)) - 12dca792-6614-46e6-8fa8-e27f364a29d9: shutdown FollowerState
2019-10-17 20:31:55,016 [Thread-643] INFO  impl.FollowerState (FollowerState.java:run(117)) - 840dadcc-bbff-4158-865b-0f258f3c1721@group-AC929BCCC495-FollowerState was interrupted: java.lang.InterruptedException: sleep interrupted
2019-10-17 20:31:55,016 [Thread-644] INFO  impl.FollowerState (FollowerState.java:run(117)) - 12dca792-6614-46e6-8fa8-e27f364a29d9@group-AC929BCCC495-FollowerState was interrupted: java.lang.InterruptedException: sleep interrupted
2019-10-17 20:31:55,016 [grpc-default-executor-2] INFO  impl.RoleInfo (RoleInfo.java:updateAndGet(143)) - 840dadcc-bbff-4158-865b-0f258f3c1721: start FollowerState
2019-10-17 20:31:55,016 [grpc-default-executor-1] INFO  impl.RoleInfo (RoleInfo.java:updateAndGet(143)) - 12dca792-6614-46e6-8fa8-e27f364a29d9: start FollowerState
2019-10-17 20:31:55,018 [bdd1c484-1a92-4a2c-bc93-a7d8718d9bdc@group-AC929BCCC495-LeaderElection31] INFO  impl.LeaderElection (LeaderElection.java:logAndReturn(56)) - bdd1c484-1a92-4a2c-bc93-a7d8718d9bdc@group-AC929BCCC495-LeaderElection31: Election TIMEOUT; received 0 response(s) [] and 0 exception(s); bdd1c484-1a92-4a2c-bc93-a7d8718d9bdc@group-AC929BCCC495:t26, leader=null, voted=bdd1c484-1a92-4a2c-bc93-a7d8718d9bdc, raftlog=bdd1c484-1a92-4a2c-bc93-a7d8718d9bdc@group-AC929BCCC495-SegmentedRaftLog:OPENED:c-1,f-1,i0, conf=-1: [12dca792-6614-46e6-8fa8-e27f364a29d9:192.168.164.201:45540, bdd1c484-1a92-4a2c-bc93-a7d8718d9bdc:192.168.164.201:46574, 840dadcc-bbff-4158-865b-0f258f3c1721:192.168.164.201:46061], old=null
2019-10-17 20:31:55,046 [bdd1c484-1a92-4a2c-bc93-a7d8718d9bdc@group-AC929BCCC495-LeaderElection31] INFO  impl.LeaderElection (LeaderElection.java:askForVotes(178)) - bdd1c484-1a92-4a2c-bc93-a7d8718d9bdc@group-AC929BCCC495-LeaderElection31: begin an election at term 27 for -1: [12dca792-6614-46e6-8fa8-e27f364a29d9:192.168.164.201:45540, bdd1c484-1a92-4a2c-bc93-a7d8718d9bdc:192.168.164.201:46574, 840dadcc-bbff-4158-865b-0f258f3c1721:192.168.164.201:46061], old=null
2019-10-17 20:31:55,048 [grpc-default-executor-1] INFO  impl.RaftServerImpl (RaftServerImpl.java:setRole(184)) - 840dadcc-bbff-4158-865b-0f258f3c1721@group-AC929BCCC495: changes role from  FOLLOWER to FOLLOWER at term 27 for recognizeCandidate:bdd1c484-1a92-4a2c-bc93-a7d8718d9bdc
2019-10-17 20:31:55,048 [grpc-default-executor-2] INFO  impl.RaftServerImpl (RaftServerImpl.java:setRole(184)) - 12dca792-6614-46e6-8fa8-e27f364a29d9@group-AC929BCCC495: changes role from  FOLLOWER to FOLLOWER at term 27 for recognizeCandidate:bdd1c484-1a92-4a2c-bc93-a7d8718d9bdc
2019-10-17 20:31:55,049 [grpc-default-executor-1] INFO  impl.RoleInfo (RoleInfo.java:shutdownFollowerState(121)) - 840dadcc-bbff-4158-865b-0f258f3c1721: shutdown FollowerState
2019-10-17 20:31:55,049 [grpc-default-executor-2] INFO  impl.RoleInfo (RoleInfo.java:shutdownFollowerState(121)) - 12dca792-6614-46e6-8fa8-e27f364a29d9: shutdown FollowerState
2019-10-17 20:31:55,049 [Thread-649] INFO  impl.FollowerState (FollowerState.java:run(117)) - 840dadcc-bbff-4158-865b-0f258f3c1721@group-AC929BCCC495-FollowerState was interrupted: java.lang.InterruptedException: sleep interrupted
2019-10-17 20:31:55,049 [grpc-default-executor-1] INFO  impl.RoleInfo (RoleInfo.java:updateAndGet(143)) - 840dadcc-bbff-4158-865b-0f258f3c1721: start FollowerState
2019-10-17 20:31:55,049 [Thread-650] INFO  impl.FollowerState (FollowerState.java:run(117)) - 12dca792-6614-46e6-8fa8-e27f364a29d9@group-AC929BCCC495-FollowerState was interrupted: java.lang.InterruptedException: sleep interrupted
2019-10-17 20:31:55,049 [grpc-default-executor-2] INFO  impl.RoleInfo (RoleInfo.java:updateAndGet(143)) - 12dca792-6614-46e6-8fa8-e27f364a29d9: start FollowerState
2019-10-17 20:31:55,072 [bdd1c484-1a92-4a2c-bc93-a7d8718d9bdc@group-AC929BCCC495-LeaderElection31] INFO  impl.LeaderElection (LeaderElection.java:logAndReturn(56)) - bdd1c484-1a92-4a2c-bc93-a7d8718d9bdc@group-AC929BCCC495-LeaderElection31: Election REJECTED; received 2 response(s) [bdd1c484-1a92-4a2c-bc93-a7d8718d9bdc<-12dca792-6614-46e6-8fa8-e27f364a29d9#0:FAIL-t27, bdd1c484-1a92-4a2c-bc93-a7d8718d9bdc<-840dadcc-bbff-4158-865b-0f258f3c1721#0:FAIL-t27] and 0 exception(s); bdd1c484-1a92-4a2c-bc93-a7d8718d9bdc@group-AC929BCCC495:t27, leader=null, voted=bdd1c484-1a92-4a2c-bc93-a7d8718d9bdc, raftlog=bdd1c484-1a92-4a2c-bc93-a7d8718d9bdc@group-AC929BCCC495-SegmentedRaftLog:OPENED:c-1,f-1,i0, conf=-1: [12dca792-6614-46e6-8fa8-e27f364a29d9:192.168.164.201:45540, bdd1c484-1a92-4a2c-bc93-a7d8718d9bdc:192.168.164.201:46574, 840dadcc-bbff-4158-865b-0f258f3c1721:192.168.164.201:46061], old=null
2019-10-17 20:31:55,073 [bdd1c484-1a92-4a2c-bc93-a7d8718d9bdc@group-AC929BCCC495-LeaderElection31] INFO  impl.RaftServerImpl (RaftServerImpl.java:setRole(184)) - bdd1c484-1a92-4a2c-bc93-a7d8718d9bdc@group-AC929BCCC495: changes role from CANDIDATE to FOLLOWER at term 27 for DISCOVERED_A_NEW_TERM
2019-10-17 20:31:55,073 [bdd1c484-1a92-4a2c-bc93-a7d8718d9bdc@group-AC929BCCC495-LeaderElection31] INFO  impl.RoleInfo (RoleInfo.java:shutdownLeaderElection(134)) - bdd1c484-1a92-4a2c-bc93-a7d8718d9bdc: shutdown LeaderElection
2019-10-17 20:31:55,073 [bdd1c484-1a92-4a2c-bc93-a7d8718d9bdc@group-AC929BCCC495-LeaderElection31] INFO  impl.RoleInfo (RoleInfo.java:updateAndGet(143)) - bdd1c484-1a92-4a2c-bc93-a7d8718d9bdc: start FollowerState
2019-10-17 20:31:55,224 [Thread-655] INFO  impl.FollowerState (FollowerState.java:run(108)) - bdd1c484-1a92-4a2c-bc93-a7d8718d9bdc@group-AC929BCCC495-FollowerState: change to CANDIDATE, lastRpcTime:150ms, electionTimeout:150ms
2019-10-17 20:31:55,224 [Thread-655] INFO  impl.RoleInfo (RoleInfo.java:shutdownFollowerState(121)) - bdd1c484-1a92-4a2c-bc93-a7d8718d9bdc: shutdown FollowerState
2019-10-17 20:31:55,224 [Thread-655] INFO  impl.RaftServerImpl (RaftServerImpl.java:setRole(184)) - bdd1c484-1a92-4a2c-bc93-a7d8718d9bdc@group-AC929BCCC495: changes role from  FOLLOWER to CANDIDATE at term 27 for changeToCandidate
2019-10-17 20:31:55,224 [Thread-655] INFO  impl.RoleInfo (RoleInfo.java:updateAndGet(143)) - bdd1c484-1a92-4a2c-bc93-a7d8718d9bdc: start LeaderElection
2019-10-17 20:31:55,255 [bdd1c484-1a92-4a2c-bc93-a7d8718d9bdc@group-AC929BCCC495-LeaderElection32] INFO  impl.LeaderElection (LeaderElection.java:askForVotes(178)) - bdd1c484-1a92-4a2c-bc93-a7d8718d9bdc@group-AC929BCCC495-LeaderElection32: begin an election at term 28 for -1: [12dca792-6614-46e6-8fa8-e27f364a29d9:192.168.164.201:45540, bdd1c484-1a92-4a2c-bc93-a7d8718d9bdc:192.168.164.201:46574, 840dadcc-bbff-4158-865b-0f258f3c1721:192.168.164.201:46061], old=null
2019-10-17 20:31:55,258 [grpc-default-executor-1] INFO  impl.RaftServerImpl (RaftServerImpl.java:setRole(184)) - 840dadcc-bbff-4158-865b-0f258f3c1721@group-AC929BCCC495: changes role from  FOLLOWER to FOLLOWER at term 28 for recognizeCandidate:bdd1c484-1a92-4a2c-bc93-a7d8718d9bdc
2019-10-17 20:31:55,259 [grpc-default-executor-1] INFO  impl.RoleInfo (RoleInfo.java:shutdownFollowerState(121)) - 840dadcc-bbff-4158-865b-0f258f3c1721: shutdown FollowerState
2019-10-17 20:31:55,258 [grpc-default-executor-2] INFO  impl.RaftServerImpl (RaftServerImpl.java:setRole(184)) - 12dca792-6614-46e6-8fa8-e27f364a29d9@group-AC929BCCC495: changes role from  FOLLOWER to FOLLOWER at term 28 for recognizeCandidate:bdd1c484-1a92-4a2c-bc93-a7d8718d9bdc
2019-10-17 20:31:55,259 [grpc-default-executor-1] INFO  impl.RoleInfo (RoleInfo.java:updateAndGet(143)) - 840dadcc-bbff-4158-865b-0f258f3c1721: start FollowerState
2019-10-17 20:31:55,259 [Thread-653] INFO  impl.FollowerState (FollowerState.java:run(117)) - 840dadcc-bbff-4158-865b-0f258f3c1721@group-AC929BCCC495-FollowerState was interrupted: java.lang.InterruptedException: sleep interrupted
2019-10-17 20:31:55,259 [grpc-default-executor-2] INFO  impl.RoleInfo (RoleInfo.java:shutdownFollowerState(121)) - 12dca792-6614-46e6-8fa8-e27f364a29d9: shutdown FollowerState
2019-10-17 20:31:55,260 [grpc-default-executor-2] INFO  impl.RoleInfo (RoleInfo.java:updateAndGet(143)) - 12dca792-6614-46e6-8fa8-e27f364a29d9: start FollowerState
2019-10-17 20:31:55,260 [Thread-654] INFO  impl.FollowerState (FollowerState.java:run(117)) - 12dca792-6614-46e6-8fa8-e27f364a29d9@group-AC929BCCC495-FollowerState was interrupted: java.lang.InterruptedException: sleep interrupted
2019-10-17 20:31:55,282 [bdd1c484-1a92-4a2c-bc93-a7d8718d9bdc@group-AC929BCCC495-LeaderElection32] INFO  impl.LeaderElection (LeaderElection.java:logAndReturn(56)) - bdd1c484-1a92-4a2c-bc93-a7d8718d9bdc@group-AC929BCCC495-LeaderElection32: Election REJECTED; received 2 response(s) [bdd1c484-1a92-4a2c-bc93-a7d8718d9bdc<-12dca792-6614-46e6-8fa8-e27f364a29d9#0:FAIL-t28, bdd1c484-1a92-4a2c-bc93-a7d8718d9bdc<-840dadcc-bbff-4158-865b-0f258f3c1721#0:FAIL-t28] and 0 exception(s); bdd1c484-1a92-4a2c-bc93-a7d8718d9bdc@group-AC929BCCC495:t28, leader=null, voted=bdd1c484-1a92-4a2c-bc93-a7d8718d9bdc, raftlog=bdd1c484-1a92-4a2c-bc93-a7d8718d9bdc@group-AC929BCCC495-SegmentedRaftLog:OPENED:c-1,f-1,i0, conf=-1: [12dca792-6614-46e6-8fa8-e27f364a29d9:192.168.164.201:45540, bdd1c484-1a92-4a2c-bc93-a7d8718d9bdc:192.168.164.201:46574, 840dadcc-bbff-4158-865b-0f258f3c1721:192.168.164.201:46061], old=null
2019-10-17 20:31:55,282 [bdd1c484-1a92-4a2c-bc93-a7d8718d9bdc@group-AC929BCCC495-LeaderElection32] INFO  impl.RaftServerImpl (RaftServerImpl.java:setRole(184)) - bdd1c484-1a92-4a2c-bc93-a7d8718d9bdc@group-AC929BCCC495: changes role from CANDIDATE to FOLLOWER at term 28 for DISCOVERED_A_NEW_TERM
2019-10-17 20:31:55,282 [bdd1c484-1a92-4a2c-bc93-a7d8718d9bdc@group-AC929BCCC495-LeaderElection32] INFO  impl.RoleInfo (RoleInfo.java:shutdownLeaderElection(134)) - bdd1c484-1a92-4a2c-bc93-a7d8718d9bdc: shutdown LeaderElection
2019-10-17 20:31:55,282 [bdd1c484-1a92-4a2c-bc93-a7d8718d9bdc@group-AC929BCCC495-LeaderElection32] INFO  impl.RoleInfo (RoleInfo.java:updateAndGet(143)) - bdd1c484-1a92-4a2c-bc93-a7d8718d9bdc: start FollowerState
 100.00% |?????????????????????????????????????????????????????????????????????????????????????????????????????|  1/1 Time: 0:00:05
2019-10-17 20:31:55,365 [Thread-661] INFO  impl.FollowerState (FollowerState.java:run(108)) - bdd1c484-1a92-4a2c-bc93-a7d8718d9bdc@group-AC929BCCC495-FollowerState: change to CANDIDATE, lastRpcTime:82ms, electionTimeout:82ms
2019-10-17 20:31:55,365 [Thread-661] INFO  impl.RoleInfo (RoleInfo.java:shutdownFollowerState(121)) - bdd1c484-1a92-4a2c-bc93-a7d8718d9bdc: shutdown FollowerState
2019-10-17 20:31:55,365 [Thread-661] INFO  impl.RaftServerImpl (RaftServerImpl.java:setRole(184)) - bdd1c484-1a92-4a2c-bc93-a7d8718d9bdc@group-AC929BCCC495: changes role from  FOLLOWER to CANDIDATE at term 28 for changeToCandidate
2019-10-17 20:31:55,365 [Thread-661] INFO  impl.RoleInfo (RoleInfo.java:updateAndGet(143)) - bdd1c484-1a92-4a2c-bc93-a7d8718d9bdc: start LeaderElection
2019-10-17 20:31:55,389 [bdd1c484-1a92-4a2c-bc93-a7d8718d9bdc@group-AC929BCCC495-LeaderElection33] INFO  impl.LeaderElection (LeaderElection.java:askForVotes(178)) - bdd1c484-1a92-4a2c-bc93-a7d8718d9bdc@group-AC929BCCC495-LeaderElection33: begin an election at term 29 for -1: [12dca792-6614-46e6-8fa8-e27f364a29d9:192.168.164.201:45540, bdd1c484-1a92-4a2c-bc93-a7d8718d9bdc:192.168.164.201:46574, 840dadcc-bbff-4158-865b-0f258f3c1721:192.168.164.201:46061], old=null
2019-10-17 20:31:55,393 [grpc-default-executor-1] INFO  impl.RaftServerImpl (RaftServerImpl.java:setRole(184)) - 12dca792-6614-46e6-8fa8-e27f364a29d9@group-AC929BCCC495: changes role from  FOLLOWER to FOLLOWER at term 29 for recognizeCandidate:bdd1c484-1a92-4a2c-bc93-a7d8718d9bdc
2019-10-17 20:31:55,393 [grpc-default-executor-2] INFO  impl.RaftServerImpl (RaftServerImpl.java:setRole(184)) - 840dadcc-bbff-4158-865b-0f258f3c1721@group-AC929BCCC495: changes role from  FOLLOWER to FOLLOWER at term 29 for recognizeCandidate:bdd1c484-1a92-4a2c-bc93-a7d8718d9bdc
2019-10-17 20:31:55,394 [grpc-default-executor-1] INFO  impl.RoleInfo (RoleInfo.java:shutdownFollowerState(121)) - 12dca792-6614-46e6-8fa8-e27f364a29d9: shutdown FollowerState
2019-10-17 20:31:55,394 [grpc-default-executor-2] INFO  impl.RoleInfo (RoleInfo.java:shutdownFollowerState(121)) - 840dadcc-bbff-4158-865b-0f258f3c1721: shutdown FollowerState
2019-10-17 20:31:55,394 [Thread-660] INFO  impl.FollowerState (FollowerState.java:run(117)) - 12dca792-6614-46e6-8fa8-e27f364a29d9@group-AC929BCCC495-FollowerState was interrupted: java.lang.InterruptedException: sleep interrupted
2019-10-17 20:31:55,395 [Thread-659] INFO  impl.FollowerState (FollowerState.java:run(117)) - 840dadcc-bbff-4158-865b-0f258f3c1721@group-AC929BCCC495-FollowerState was interrupted: java.lang.InterruptedException: sleep interrupted
2019-10-17 20:31:55,394 [grpc-default-executor-1] INFO  impl.RoleInfo (RoleInfo.java:updateAndGet(143)) - 12dca792-6614-46e6-8fa8-e27f364a29d9: start FollowerState
2019-10-17 20:31:55,394 [grpc-default-executor-2] INFO  impl.RoleInfo (RoleInfo.java:updateAndGet(143)) - 840dadcc-bbff-4158-865b-0f258f3c1721: start FollowerState
2019-10-17 20:31:55,425 [bdd1c484-1a92-4a2c-bc93-a7d8718d9bdc@group-AC929BCCC495-LeaderElection33] INFO  impl.LeaderElection (LeaderElection.java:logAndReturn(56)) - bdd1c484-1a92-4a2c-bc93-a7d8718d9bdc@group-AC929BCCC495-LeaderElection33: Election REJECTED; received 2 response(s) [bdd1c484-1a92-4a2c-bc93-a7d8718d9bdc<-12dca792-6614-46e6-8fa8-e27f364a29d9#0:FAIL-t29, bdd1c484-1a92-4a2c-bc93-a7d8718d9bdc<-840dadcc-bbff-4158-865b-0f258f3c1721#0:FAIL-t29] and 0 exception(s); bdd1c484-1a92-4a2c-bc93-a7d8718d9bdc@group-AC929BCCC495:t29, leader=null, voted=bdd1c484-1a92-4a2c-bc93-a7d8718d9bdc, raftlog=bdd1c484-1a92-4a2c-bc93-a7d8718d9bdc@group-AC929BCCC495-SegmentedRaftLog:OPENED:c-1,f-1,i0, conf=-1: [12dca792-6614-46e6-8fa8-e27f364a29d9:192.168.164.201:45540, bdd1c484-1a92-4a2c-bc93-a7d8718d9bdc:192.168.164.201:46574, 840dadcc-bbff-4158-865b-0f258f3c1721:192.168.164.201:46061], old=null
2019-10-17 20:31:55,425 [bdd1c484-1a92-4a2c-bc93-a7d8718d9bdc@group-AC929BCCC495-LeaderElection33] INFO  impl.RaftServerImpl (RaftServerImpl.java:setRole(184)) - bdd1c484-1a92-4a2c-bc93-a7d8718d9bdc@group-AC929BCCC495: changes role from CANDIDATE to FOLLOWER at term 29 for DISCOVERED_A_NEW_TERM
2019-10-17 20:31:55,425 [bdd1c484-1a92-4a2c-bc93-a7d8718d9bdc@group-AC929BCCC495-LeaderElection33] INFO  impl.RoleInfo (RoleInfo.java:shutdownLeaderElection(134)) - bdd1c484-1a92-4a2c-bc93-a7d8718d9bdc: shutdown LeaderElection
2019-10-17 20:31:55,425 [bdd1c484-1a92-4a2c-bc93-a7d8718d9bdc@group-AC929BCCC495-LeaderElection33] INFO  impl.RoleInfo (RoleInfo.java:updateAndGet(143)) - bdd1c484-1a92-4a2c-bc93-a7d8718d9bdc: start FollowerState
2019-10-17 20:31:55,537 [Thread-667] INFO  impl.FollowerState (FollowerState.java:run(108)) - bdd1c484-1a92-4a2c-bc93-a7d8718d9bdc@group-AC929BCCC495-FollowerState: change to CANDIDATE, lastRpcTime:111ms, electionTimeout:111ms
2019-10-17 20:31:55,537 [Thread-667] INFO  impl.RoleInfo (RoleInfo.java:shutdownFollowerState(121)) - bdd1c484-1a92-4a2c-bc93-a7d8718d9bdc: shutdown FollowerState
2019-10-17 20:31:55,537 [Thread-667] INFO  impl.RaftServerImpl (RaftServerImpl.java:setRole(184)) - bdd1c484-1a92-4a2c-bc93-a7d8718d9bdc@group-AC929BCCC495: changes role from  FOLLOWER to CANDIDATE at term 29 for changeToCandidate
2019-10-17 20:31:55,537 [Thread-667] INFO  impl.RoleInfo (RoleInfo.java:updateAndGet(143)) - bdd1c484-1a92-4a2c-bc93-a7d8718d9bdc: start LeaderElection
2019-10-17 20:31:55,565 [bdd1c484-1a92-4a2c-bc93-a7d8718d9bdc@group-AC929BCCC495-LeaderElection34] INFO  impl.LeaderElection (LeaderElection.java:askForVotes(178)) - bdd1c484-1a92-4a2c-bc93-a7d8718d9bdc@group-AC929BCCC495-LeaderElection34: begin an election at term 30 for -1: [12dca792-6614-46e6-8fa8-e27f364a29d9:192.168.164.201:45540, bdd1c484-1a92-4a2c-bc93-a7d8718d9bdc:192.168.164.201:46574, 840dadcc-bbff-4158-865b-0f258f3c1721:192.168.164.201:46061], old=null
2019-10-17 20:31:55,569 [grpc-default-executor-1] INFO  impl.RaftServerImpl (RaftServerImpl.java:setRole(184)) - 12dca792-6614-46e6-8fa8-e27f364a29d9@group-AC929BCCC495: changes role from  FOLLOWER to FOLLOWER at term 30 for recognizeCandidate:bdd1c484-1a92-4a2c-bc93-a7d8718d9bdc
2019-10-17 20:31:55,569 [grpc-default-executor-2] INFO  impl.RaftServerImpl (RaftServerImpl.java:setRole(184)) - 840dadcc-bbff-4158-865b-0f258f3c1721@group-AC929BCCC495: changes role from  FOLLOWER to FOLLOWER at term 30 for recognizeCandidate:bdd1c484-1a92-4a2c-bc93-a7d8718d9bdc
2019-10-17 20:31:55,569 [grpc-default-executor-1] INFO  impl.RoleInfo (RoleInfo.java:shutdownFollowerState(121)) - 12dca792-6614-46e6-8fa8-e27f364a29d9: shutdown FollowerState
2019-10-17 20:31:55,569 [grpc-default-executor-2] INFO  impl.RoleInfo (RoleInfo.java:shutdownFollowerState(121)) - 840dadcc-bbff-4158-865b-0f258f3c1721: shutdown FollowerState
2019-10-17 20:31:55,569 [grpc-default-executor-1] INFO  impl.RoleInfo (RoleInfo.java:updateAndGet(143)) - 12dca792-6614-46e6-8fa8-e27f364a29d9: start FollowerState
2019-10-17 20:31:55,569 [Thread-665] INFO  impl.FollowerState (FollowerState.java:run(117)) - 12dca792-6614-46e6-8fa8-e27f364a29d9@group-AC929BCCC495-FollowerState was interrupted: java.lang.InterruptedException: sleep interrupted
2019-10-17 20:31:55,569 [Thread-666] INFO  impl.FollowerState (FollowerState.java:run(117)) - 840dadcc-bbff-4158-865b-0f258f3c1721@group-AC929BCCC495-FollowerState was interrupted: java.lang.InterruptedException: sleep interrupted
2019-10-17 20:31:55,569 [grpc-default-executor-2] INFO  impl.RoleInfo (RoleInfo.java:updateAndGet(143)) - 840dadcc-bbff-4158-865b-0f258f3c1721: start FollowerState
2019-10-17 20:31:55,592 [bdd1c484-1a92-4a2c-bc93-a7d8718d9bdc@group-AC929BCCC495-LeaderElection34] INFO  impl.LeaderElection (LeaderElection.java:logAndReturn(56)) - bdd1c484-1a92-4a2c-bc93-a7d8718d9bdc@group-AC929BCCC495-LeaderElection34: Election REJECTED; received 2 response(s) [bdd1c484-1a92-4a2c-bc93-a7d8718d9bdc<-12dca792-6614-46e6-8fa8-e27f364a29d9#0:FAIL-t30, bdd1c484-1a92-4a2c-bc93-a7d8718d9bdc<-840dadcc-bbff-4158-865b-0f258f3c1721#0:FAIL-t30] and 0 exception(s); bdd1c484-1a92-4a2c-bc93-a7d8718d9bdc@group-AC929BCCC495:t30, leader=null, voted=bdd1c484-1a92-4a2c-bc93-a7d8718d9bdc, raftlog=bdd1c484-1a92-4a2c-bc93-a7d8718d9bdc@group-AC929BCCC495-SegmentedRaftLog:OPENED:c-1,f-1,i0, conf=-1: [12dca792-6614-46e6-8fa8-e27f364a29d9:192.168.164.201:45540, bdd1c484-1a92-4a2c-bc93-a7d8718d9bdc:192.168.164.201:46574, 840dadcc-bbff-4158-865b-0f258f3c1721:192.168.164.201:46061], old=null
2019-10-17 20:31:55,592 [bdd1c484-1a92-4a2c-bc93-a7d8718d9bdc@group-AC929BCCC495-LeaderElection34] INFO  impl.RaftServerImpl (RaftServerImpl.java:setRole(184)) - bdd1c484-1a92-4a2c-bc93-a7d8718d9bdc@group-AC929BCCC495: changes role from CANDIDATE to FOLLOWER at term 30 for DISCOVERED_A_NEW_TERM
2019-10-17 20:31:55,592 [bdd1c484-1a92-4a2c-bc93-a7d8718d9bdc@group-AC929BCCC495-LeaderElection34] INFO  impl.RoleInfo (RoleInfo.java:shutdownLeaderElection(134)) - bdd1c484-1a92-4a2c-bc93-a7d8718d9bdc: shutdown LeaderElection
2019-10-17 20:31:55,593 [bdd1c484-1a92-4a2c-bc93-a7d8718d9bdc@group-AC929BCCC495-LeaderElection34] INFO  impl.RoleInfo (RoleInfo.java:updateAndGet(143)) - bdd1c484-1a92-4a2c-bc93-a7d8718d9bdc: start FollowerState
2019-10-17 20:31:55,706 [Thread-673] INFO  impl.FollowerState (FollowerState.java:run(108)) - bdd1c484-1a92-4a2c-bc93-a7d8718d9bdc@group-AC929BCCC495-FollowerState: change to CANDIDATE, lastRpcTime:113ms, electionTimeout:113ms
2019-10-17 20:31:55,706 [Thread-673] INFO  impl.RoleInfo (RoleInfo.java:shutdownFollowerState(121)) - bdd1c484-1a92-4a2c-bc93-a7d8718d9bdc: shutdown FollowerState
2019-10-17 20:31:55,707 [Thread-673] INFO  impl.RaftServerImpl (RaftServerImpl.java:setRole(184)) - bdd1c484-1a92-4a2c-bc93-a7d8718d9bdc@group-AC929BCCC495: changes role from  FOLLOWER to CANDIDATE at term 30 for changeToCandidate
2019-10-17 20:31:55,707 [Thread-673] INFO  impl.RoleInfo (RoleInfo.java:updateAndGet(143)) - bdd1c484-1a92-4a2c-bc93-a7d8718d9bdc: start LeaderElection
2019-10-17 20:31:55,741 [bdd1c484-1a92-4a2c-bc93-a7d8718d9bdc@group-AC929BCCC495-LeaderElection35] INFO  impl.LeaderElection (LeaderElection.java:askForVotes(178)) - bdd1c484-1a92-4a2c-bc93-a7d8718d9bdc@group-AC929BCCC495-LeaderElection35: begin an election at term 31 for -1: [12dca792-6614-46e6-8fa8-e27f364a29d9:192.168.164.201:45540, bdd1c484-1a92-4a2c-bc93-a7d8718d9bdc:192.168.164.201:46574, 840dadcc-bbff-4158-865b-0f258f3c1721:192.168.164.201:46061], old=null
2019-10-17 20:31:55,745 [grpc-default-executor-2] INFO  impl.RaftServerImpl (RaftServerImpl.java:setRole(184)) - 12dca792-6614-46e6-8fa8-e27f364a29d9@group-AC929BCCC495: changes role from  FOLLOWER to FOLLOWER at term 31 for recognizeCandidate:bdd1c484-1a92-4a2c-bc93-a7d8718d9bdc
2019-10-17 20:31:55,745 [grpc-default-executor-1] INFO  impl.RaftServerImpl (RaftServerImpl.java:setRole(184)) - 840dadcc-bbff-4158-865b-0f258f3c1721@group-AC929BCCC495: changes role from  FOLLOWER to FOLLOWER at term 31 for recognizeCandidate:bdd1c484-1a92-4a2c-bc93-a7d8718d9bdc
2019-10-17 20:31:55,745 [grpc-default-executor-1] INFO  impl.RoleInfo (RoleInfo.java:shutdownFollowerState(121)) - 840dadcc-bbff-4158-865b-0f258f3c1721: shutdown FollowerState
2019-10-17 20:31:55,745 [grpc-default-executor-2] INFO  impl.RoleInfo (RoleInfo.java:shutdownFollowerState(121)) - 12dca792-6614-46e6-8fa8-e27f364a29d9: shutdown FollowerState
2019-10-17 20:31:55,745 [Thread-672] INFO  impl.FollowerState (FollowerState.java:run(117)) - 840dadcc-bbff-4158-865b-0f258f3c1721@group-AC929BCCC495-FollowerState was interrupted: java.lang.InterruptedException: sleep interrupted
2019-10-17 20:31:55,746 [Thread-671] INFO  impl.FollowerState (FollowerState.java:run(117)) - 12dca792-6614-46e6-8fa8-e27f364a29d9@group-AC929BCCC495-FollowerState was interrupted: java.lang.InterruptedException: sleep interrupted
2019-10-17 20:31:55,745 [grpc-default-executor-1] INFO  impl.RoleInfo (RoleInfo.java:updateAndGet(143)) - 840dadcc-bbff-4158-865b-0f258f3c1721: start FollowerState
2019-10-17 20:31:55,745 [grpc-default-executor-2] INFO  impl.RoleInfo (RoleInfo.java:updateAndGet(143)) - 12dca792-6614-46e6-8fa8-e27f364a29d9: start FollowerState
2019-10-17 20:31:55,777 [bdd1c484-1a92-4a2c-bc93-a7d8718d9bdc@group-AC929BCCC495-LeaderElection35] INFO  impl.LeaderElection (LeaderElection.java:logAndReturn(56)) - bdd1c484-1a92-4a2c-bc93-a7d8718d9bdc@group-AC929BCCC495-LeaderElection35: Election REJECTED; received 2 response(s) [bdd1c484-1a92-4a2c-bc93-a7d8718d9bdc<-12dca792-6614-46e6-8fa8-e27f364a29d9#0:FAIL-t31, bdd1c484-1a92-4a2c-bc93-a7d8718d9bdc<-840dadcc-bbff-4158-865b-0f258f3c1721#0:FAIL-t31] and 0 exception(s); bdd1c484-1a92-4a2c-bc93-a7d8718d9bdc@group-AC929BCCC495:t31, leader=null, voted=bdd1c484-1a92-4a2c-bc93-a7d8718d9bdc, raftlog=bdd1c484-1a92-4a2c-bc93-a7d8718d9bdc@group-AC929BCCC495-SegmentedRaftLog:OPENED:c-1,f-1,i0, conf=-1: [12dca792-6614-46e6-8fa8-e27f364a29d9:192.168.164.201:45540, bdd1c484-1a92-4a2c-bc93-a7d8718d9bdc:192.168.164.201:46574, 840dadcc-bbff-4158-865b-0f258f3c1721:192.168.164.201:46061], old=null
2019-10-17 20:31:55,777 [bdd1c484-1a92-4a2c-bc93-a7d8718d9bdc@group-AC929BCCC495-LeaderElection35] INFO  impl.RaftServerImpl (RaftServerImpl.java:setRole(184)) - bdd1c484-1a92-4a2c-bc93-a7d8718d9bdc@group-AC929BCCC495: changes role from CANDIDATE to FOLLOWER at term 31 for DISCOVERED_A_NEW_TERM
2019-10-17 20:31:55,777 [bdd1c484-1a92-4a2c-bc93-a7d8718d9bdc@group-AC929BCCC495-LeaderElection35] INFO  impl.RoleInfo (RoleInfo.java:shutdownLeaderElection(134)) - bdd1c484-1a92-4a2c-bc93-a7d8718d9bdc: shutdown LeaderElection
2019-10-17 20:31:55,777 [bdd1c484-1a92-4a2c-bc93-a7d8718d9bdc@group-AC929BCCC495-LeaderElection35] INFO  impl.RoleInfo (RoleInfo.java:updateAndGet(143)) - bdd1c484-1a92-4a2c-bc93-a7d8718d9bdc: start FollowerState
2019-10-17 20:31:55,966 [Thread-679] INFO  impl.FollowerState (FollowerState.java:run(108)) - bdd1c484-1a92-4a2c-bc93-a7d8718d9bdc@group-AC929BCCC495-FollowerState: change to CANDIDATE, lastRpcTime:188ms, electionTimeout:188ms
2019-10-17 20:31:55,966 [Thread-679] INFO  impl.RoleInfo (RoleInfo.java:shutdownFollowerState(121)) - bdd1c484-1a92-4a2c-bc93-a7d8718d9bdc: shutdown FollowerState
2019-10-17 20:31:55,966 [Thread-679] INFO  impl.RaftServerImpl (RaftServerImpl.java:setRole(184)) - bdd1c484-1a92-4a2c-bc93-a7d8718d9bdc@group-AC929BCCC495: changes role from  FOLLOWER to CANDIDATE at term 31 for changeToCandidate
2019-10-17 20:31:55,967 [Thread-679] INFO  impl.RoleInfo (RoleInfo.java:updateAndGet(143)) - bdd1c484-1a92-4a2c-bc93-a7d8718d9bdc: start LeaderElection
2019-10-17 20:31:55,992 [bdd1c484-1a92-4a2c-bc93-a7d8718d9bdc@group-AC929BCCC495-LeaderElection36] INFO  impl.LeaderElection (LeaderElection.java:askForVotes(178)) - bdd1c484-1a92-4a2c-bc93-a7d8718d9bdc@group-AC929BCCC495-LeaderElection36: begin an election at term 32 for -1: [12dca792-6614-46e6-8fa8-e27f364a29d9:192.168.164.201:45540, bdd1c484-1a92-4a2c-bc93-a7d8718d9bdc:192.168.164.201:46574, 840dadcc-bbff-4158-865b-0f258f3c1721:192.168.164.201:46061], old=null
2019-10-17 20:31:55,995 [grpc-default-executor-2] INFO  impl.RaftServerImpl (RaftServerImpl.java:setRole(184)) - 12dca792-6614-46e6-8fa8-e27f364a29d9@group-AC929BCCC495: changes role from  FOLLOWER to FOLLOWER at term 32 for recognizeCandidate:bdd1c484-1a92-4a2c-bc93-a7d8718d9bdc
2019-10-17 20:31:55,996 [grpc-default-executor-2] INFO  impl.RoleInfo (RoleInfo.java:shutdownFollowerState(121)) - 12dca792-6614-46e6-8fa8-e27f364a29d9: shutdown FollowerState
2019-10-17 20:31:55,996 [grpc-default-executor-1] INFO  impl.RaftServerImpl (RaftServerImpl.java:setRole(184)) - 840dadcc-bbff-4158-865b-0f258f3c1721@group-AC929BCCC495: changes role from  FOLLOWER to FOLLOWER at term 32 for recognizeCandidate:bdd1c484-1a92-4a2c-bc93-a7d8718d9bdc
2019-10-17 20:31:55,996 [Thread-678] INFO  impl.FollowerState (FollowerState.java:run(117)) - 12dca792-6614-46e6-8fa8-e27f364a29d9@group-AC929BCCC495-FollowerState was interrupted: java.lang.InterruptedException: sleep interrupted
2019-10-17 20:31:55,996 [grpc-default-executor-2] INFO  impl.RoleInfo (RoleInfo.java:updateAndGet(143)) - 12dca792-6614-46e6-8fa8-e27f364a29d9: start FollowerState
2019-10-17 20:31:55,996 [grpc-default-executor-1] INFO  impl.RoleInfo (RoleInfo.java:shutdownFollowerState(121)) - 840dadcc-bbff-4158-865b-0f258f3c1721: shutdown FollowerState
2019-10-17 20:31:55,996 [Thread-677] INFO  impl.FollowerState (FollowerState.java:run(117)) - 840dadcc-bbff-4158-865b-0f258f3c1721@group-AC929BCCC495-FollowerState was interrupted: java.lang.InterruptedException: sleep interrupted
2019-10-17 20:31:55,996 [grpc-default-executor-1] INFO  impl.RoleInfo (RoleInfo.java:updateAndGet(143)) - 840dadcc-bbff-4158-865b-0f258f3c1721: start FollowerState
2019-10-17 20:31:56,019 [bdd1c484-1a92-4a2c-bc93-a7d8718d9bdc@group-AC929BCCC495-LeaderElection36] INFO  impl.LeaderElection (LeaderElection.java:logAndReturn(56)) - bdd1c484-1a92-4a2c-bc93-a7d8718d9bdc@group-AC929BCCC495-LeaderElection36: Election REJECTED; received 2 response(s) [bdd1c484-1a92-4a2c-bc93-a7d8718d9bdc<-12dca792-6614-46e6-8fa8-e27f364a29d9#0:FAIL-t32, bdd1c484-1a92-4a2c-bc93-a7d8718d9bdc<-840dadcc-bbff-4158-865b-0f258f3c1721#0:FAIL-t32] and 0 exception(s); bdd1c484-1a92-4a2c-bc93-a7d8718d9bdc@group-AC929BCCC495:t32, leader=null, voted=bdd1c484-1a92-4a2c-bc93-a7d8718d9bdc, raftlog=bdd1c484-1a92-4a2c-bc93-a7d8718d9bdc@group-AC929BCCC495-SegmentedRaftLog:OPENED:c-1,f-1,i0, conf=-1: [12dca792-6614-46e6-8fa8-e27f364a29d9:192.168.164.201:45540, bdd1c484-1a92-4a2c-bc93-a7d8718d9bdc:192.168.164.201:46574, 840dadcc-bbff-4158-865b-0f258f3c1721:192.168.164.201:46061], old=null
2019-10-17 20:31:56,019 [bdd1c484-1a92-4a2c-bc93-a7d8718d9bdc@group-AC929BCCC495-LeaderElection36] INFO  impl.RaftServerImpl (RaftServerImpl.java:setRole(184)) - bdd1c484-1a92-4a2c-bc93-a7d8718d9bdc@group-AC929BCCC495: changes role from CANDIDATE to FOLLOWER at term 32 for DISCOVERED_A_NEW_TERM
2019-10-17 20:31:56,019 [bdd1c484-1a92-4a2c-bc93-a7d8718d9bdc@group-AC929BCCC495-LeaderElection36] INFO  impl.RoleInfo (RoleInfo.java:shutdownLeaderElection(134)) - bdd1c484-1a92-4a2c-bc93-a7d8718d9bdc: shutdown LeaderElection
2019-10-17 20:31:56,020 [bdd1c484-1a92-4a2c-bc93-a7d8718d9bdc@group-AC929BCCC495-LeaderElection36] INFO  impl.RoleInfo (RoleInfo.java:updateAndGet(143)) - bdd1c484-1a92-4a2c-bc93-a7d8718d9bdc: start FollowerState
2019-10-17 20:31:56,040 [Thread-685] INFO  impl.FollowerState (FollowerState.java:run(108)) - bdd1c484-1a92-4a2c-bc93-a7d8718d9bdc@group-AC929BCCC495-FollowerState: change to CANDIDATE, lastRpcTime:20ms, electionTimeout:20ms
2019-10-17 20:31:56,040 [Thread-685] INFO  impl.RoleInfo (RoleInfo.java:shutdownFollowerState(121)) - bdd1c484-1a92-4a2c-bc93-a7d8718d9bdc: shutdown FollowerState
2019-10-17 20:31:56,041 [Thread-685] INFO  impl.RaftServerImpl (RaftServerImpl.java:setRole(184)) - bdd1c484-1a92-4a2c-bc93-a7d8718d9bdc@group-AC929BCCC495: changes role from  FOLLOWER to CANDIDATE at term 32 for changeToCandidate
2019-10-17 20:31:56,041 [Thread-685] INFO  impl.RoleInfo (RoleInfo.java:updateAndGet(143)) - bdd1c484-1a92-4a2c-bc93-a7d8718d9bdc: start LeaderElection
2019-10-17 20:31:56,069 [bdd1c484-1a92-4a2c-bc93-a7d8718d9bdc@group-AC929BCCC495-LeaderElection37] INFO  impl.LeaderElection (LeaderElection.java:askForVotes(178)) - bdd1c484-1a92-4a2c-bc93-a7d8718d9bdc@group-AC929BCCC495-LeaderElection37: begin an election at term 33 for -1: [12dca792-6614-46e6-8fa8-e27f364a29d9:192.168.164.201:45540, bdd1c484-1a92-4a2c-bc93-a7d8718d9bdc:192.168.164.201:46574, 840dadcc-bbff-4158-865b-0f258f3c1721:192.168.164.201:46061], old=null
2019-10-17 20:31:56,072 [grpc-default-executor-2] INFO  impl.RaftServerImpl (RaftServerImpl.java:setRole(184)) - 840dadcc-bbff-4158-865b-0f258f3c1721@group-AC929BCCC495: changes role from  FOLLOWER to FOLLOWER at term 33 for recognizeCandidate:bdd1c484-1a92-4a2c-bc93-a7d8718d9bdc
2019-10-17 20:31:56,072 [grpc-default-executor-2] INFO  impl.RoleInfo (RoleInfo.java:shutdownFollowerState(121)) - 840dadcc-bbff-4158-865b-0f258f3c1721: shutdown FollowerState
2019-10-17 20:31:56,073 [grpc-default-executor-2] INFO  impl.RoleInfo (RoleInfo.java:updateAndGet(143)) - 840dadcc-bbff-4158-865b-0f258f3c1721: start FollowerState
2019-10-17 20:31:56,073 [Thread-684] INFO  impl.FollowerState (FollowerState.java:run(117)) - 840dadcc-bbff-4158-865b-0f258f3c1721@group-AC929BCCC495-FollowerState was interrupted: java.lang.InterruptedException: sleep interrupted
2019-10-17 20:31:56,073 [grpc-default-executor-1] INFO  impl.RaftServerImpl (RaftServerImpl.java:setRole(184)) - 12dca792-6614-46e6-8fa8-e27f364a29d9@group-AC929BCCC495: changes role from  FOLLOWER to FOLLOWER at term 33 for recognizeCandidate:bdd1c484-1a92-4a2c-bc93-a7d8718d9bdc
2019-10-17 20:31:56,073 [grpc-default-executor-1] INFO  impl.RoleInfo (RoleInfo.java:shutdownFollowerState(121)) - 12dca792-6614-46e6-8fa8-e27f364a29d9: shutdown FollowerState
2019-10-17 20:31:56,074 [grpc-default-executor-1] INFO  impl.RoleInfo (RoleInfo.java:updateAndGet(143)) - 12dca792-6614-46e6-8fa8-e27f364a29d9: start FollowerState
2019-10-17 20:31:56,074 [Thread-683] INFO  impl.FollowerState (FollowerState.java:run(117)) - 12dca792-6614-46e6-8fa8-e27f364a29d9@group-AC929BCCC495-FollowerState was interrupted: java.lang.InterruptedException: sleep interrupted
2019-10-17 20:31:56,097 [bdd1c484-1a92-4a2c-bc93-a7d8718d9bdc@group-AC929BCCC495-LeaderElection37] INFO  impl.LeaderElection (LeaderElection.java:logAndReturn(56)) - bdd1c484-1a92-4a2c-bc93-a7d8718d9bdc@group-AC929BCCC495-LeaderElection37: Election REJECTED; received 2 response(s) [bdd1c484-1a92-4a2c-bc93-a7d8718d9bdc<-12dca792-6614-46e6-8fa8-e27f364a29d9#0:FAIL-t33, bdd1c484-1a92-4a2c-bc93-a7d8718d9bdc<-840dadcc-bbff-4158-865b-0f258f3c1721#0:FAIL-t33] and 0 exception(s); bdd1c484-1a92-4a2c-bc93-a7d8718d9bdc@group-AC929BCCC495:t33, leader=null, voted=bdd1c484-1a92-4a2c-bc93-a7d8718d9bdc, raftlog=bdd1c484-1a92-4a2c-bc93-a7d8718d9bdc@group-AC929BCCC495-SegmentedRaftLog:OPENED:c-1,f-1,i0, conf=-1: [12dca792-6614-46e6-8fa8-e27f364a29d9:192.168.164.201:45540, bdd1c484-1a92-4a2c-bc93-a7d8718d9bdc:192.168.164.201:46574, 840dadcc-bbff-4158-865b-0f258f3c1721:192.168.164.201:46061], old=null
2019-10-17 20:31:56,097 [bdd1c484-1a92-4a2c-bc93-a7d8718d9bdc@group-AC929BCCC495-LeaderElection37] INFO  impl.RaftServerImpl (RaftServerImpl.java:setRole(184)) - bdd1c484-1a92-4a2c-bc93-a7d8718d9bdc@group-AC929BCCC495: changes role from CANDIDATE to FOLLOWER at term 33 for DISCOVERED_A_NEW_TERM
2019-10-17 20:31:56,097 [bdd1c484-1a92-4a2c-bc93-a7d8718d9bdc@group-AC929BCCC495-LeaderElection37] INFO  impl.RoleInfo (RoleInfo.java:shutdownLeaderElection(134)) - bdd1c484-1a92-4a2c-bc93-a7d8718d9bdc: shutdown LeaderElection
2019-10-17 20:31:56,097 [bdd1c484-1a92-4a2c-bc93-a7d8718d9bdc@group-AC929BCCC495-LeaderElection37] INFO  impl.RoleInfo (RoleInfo.java:updateAndGet(143)) - bdd1c484-1a92-4a2c-bc93-a7d8718d9bdc: start FollowerState
2019-10-17 20:31:56,295 [Thread-691] INFO  impl.FollowerState (FollowerState.java:run(108)) - bdd1c484-1a92-4a2c-bc93-a7d8718d9bdc@group-AC929BCCC495-FollowerState: change to CANDIDATE, lastRpcTime:197ms, electionTimeout:197ms
2019-10-17 20:31:56,295 [Thread-691] INFO  impl.RoleInfo (RoleInfo.java:shutdownFollowerState(121)) - bdd1c484-1a92-4a2c-bc93-a7d8718d9bdc: shutdown FollowerState
2019-10-17 20:31:56,295 [Thread-691] INFO  impl.RaftServerImpl (RaftServerImpl.java:setRole(184)) - bdd1c484-1a92-4a2c-bc93-a7d8718d9bdc@group-AC929BCCC495: changes role from  FOLLOWER to CANDIDATE at term 33 for changeToCandidate
2019-10-17 20:31:56,295 [Thread-691] INFO  impl.RoleInfo (RoleInfo.java:updateAndGet(143)) - bdd1c484-1a92-4a2c-bc93-a7d8718d9bdc: start LeaderElection
2019-10-17 20:31:56,320 [bdd1c484-1a92-4a2c-bc93-a7d8718d9bdc@group-AC929BCCC495-LeaderElection38] INFO  impl.LeaderElection (LeaderElection.java:askForVotes(178)) - bdd1c484-1a92-4a2c-bc93-a7d8718d9bdc@group-AC929BCCC495-LeaderElection38: begin an election at term 34 for -1: [12dca792-6614-46e6-8fa8-e27f364a29d9:192.168.164.201:45540, bdd1c484-1a92-4a2c-bc93-a7d8718d9bdc:192.168.164.201:46574, 840dadcc-bbff-4158-865b-0f258f3c1721:192.168.164.201:46061], old=null
2019-10-17 20:31:56,323 [grpc-default-executor-2] INFO  impl.RaftServerImpl (RaftServerImpl.java:setRole(184)) - 840dadcc-bbff-4158-865b-0f258f3c1721@group-AC929BCCC495: changes role from  FOLLOWER to FOLLOWER at term 34 for recognizeCandidate:bdd1c484-1a92-4a2c-bc93-a7d8718d9bdc
2019-10-17 20:31:56,323 [grpc-default-executor-1] INFO  impl.RaftServerImpl (RaftServerImpl.java:setRole(184)) - 12dca792-6614-46e6-8fa8-e27f364a29d9@group-AC929BCCC495: changes role from  FOLLOWER to FOLLOWER at term 34 for recognizeCandidate:bdd1c484-1a92-4a2c-bc93-a7d8718d9bdc
2019-10-17 20:31:56,324 [grpc-default-executor-2] INFO  impl.RoleInfo (RoleInfo.java:shutdownFollowerState(121)) - 840dadcc-bbff-4158-865b-0f258f3c1721: shutdown FollowerState
2019-10-17 20:31:56,324 [grpc-default-executor-1] INFO  impl.RoleInfo (RoleInfo.java:shutdownFollowerState(121)) - 12dca792-6614-46e6-8fa8-e27f364a29d9: shutdown FollowerState
2019-10-17 20:31:56,324 [grpc-default-executor-2] INFO  impl.RoleInfo (RoleInfo.java:updateAndGet(143)) - 840dadcc-bbff-4158-865b-0f258f3c1721: start FollowerState
2019-10-17 20:31:56,324 [grpc-default-executor-1] INFO  impl.RoleInfo (RoleInfo.java:updateAndGet(143)) - 12dca792-6614-46e6-8fa8-e27f364a29d9: start FollowerState
2019-10-17 20:31:56,324 [Thread-689] INFO  impl.FollowerState (FollowerState.java:run(117)) - 840dadcc-bbff-4158-865b-0f258f3c1721@group-AC929BCCC495-FollowerState was interrupted: java.lang.InterruptedException: sleep interrupted
2019-10-17 20:31:56,324 [Thread-690] INFO  impl.FollowerState (FollowerState.java:run(117)) - 12dca792-6614-46e6-8fa8-e27f364a29d9@group-AC929BCCC495-FollowerState was interrupted: java.lang.InterruptedException: sleep interrupted
2019-10-17 20:31:56,347 [bdd1c484-1a92-4a2c-bc93-a7d8718d9bdc@group-AC929BCCC495-LeaderElection38] INFO  impl.LeaderElection (LeaderElection.java:logAndReturn(56)) - bdd1c484-1a92-4a2c-bc93-a7d8718d9bdc@group-AC929BCCC495-LeaderElection38: Election REJECTED; received 2 response(s) [bdd1c484-1a92-4a2c-bc93-a7d8718d9bdc<-12dca792-6614-46e6-8fa8-e27f364a29d9#0:FAIL-t34, bdd1c484-1a92-4a2c-bc93-a7d8718d9bdc<-840dadcc-bbff-4158-865b-0f258f3c1721#0:FAIL-t34] and 0 exception(s); bdd1c484-1a92-4a2c-bc93-a7d8718d9bdc@group-AC929BCCC495:t34, leader=null, voted=bdd1c484-1a92-4a2c-bc93-a7d8718d9bdc, raftlog=bdd1c484-1a92-4a2c-bc93-a7d8718d9bdc@group-AC929BCCC495-SegmentedRaftLog:OPENED:c-1,f-1,i0, conf=-1: [12dca792-6614-46e6-8fa8-e27f364a29d9:192.168.164.201:45540, bdd1c484-1a92-4a2c-bc93-a7d8718d9bdc:192.168.164.201:46574, 840dadcc-bbff-4158-865b-0f258f3c1721:192.168.164.201:46061], old=null
2019-10-17 20:31:56,347 [bdd1c484-1a92-4a2c-bc93-a7d8718d9bdc@group-AC929BCCC495-LeaderElection38] INFO  impl.RaftServerImpl (RaftServerImpl.java:setRole(184)) - bdd1c484-1a92-4a2c-bc93-a7d8718d9bdc@group-AC929BCCC495: changes role from CANDIDATE to FOLLOWER at term 34 for DISCOVERED_A_NEW_TERM
2019-10-17 20:31:56,347 [bdd1c484-1a92-4a2c-bc93-a7d8718d9bdc@group-AC929BCCC495-LeaderElection38] INFO  impl.RoleInfo (RoleInfo.java:shutdownLeaderElection(134)) - bdd1c484-1a92-4a2c-bc93-a7d8718d9bdc: shutdown LeaderElection
2019-10-17 20:31:56,347 [bdd1c484-1a92-4a2c-bc93-a7d8718d9bdc@group-AC929BCCC495-LeaderElection38] INFO  impl.RoleInfo (RoleInfo.java:updateAndGet(143)) - bdd1c484-1a92-4a2c-bc93-a7d8718d9bdc: start FollowerState
2019-10-17 20:31:56,421 [Thread-697] INFO  impl.FollowerState (FollowerState.java:run(108)) - bdd1c484-1a92-4a2c-bc93-a7d8718d9bdc@group-AC929BCCC495-FollowerState: change to CANDIDATE, lastRpcTime:73ms, electionTimeout:73ms
2019-10-17 20:31:56,421 [Thread-697] INFO  impl.RoleInfo (RoleInfo.java:shutdownFollowerState(121)) - bdd1c484-1a92-4a2c-bc93-a7d8718d9bdc: shutdown FollowerState
2019-10-17 20:31:56,421 [Thread-697] INFO  impl.RaftServerImpl (RaftServerImpl.java:setRole(184)) - bdd1c484-1a92-4a2c-bc93-a7d8718d9bdc@group-AC929BCCC495: changes role from  FOLLOWER to CANDIDATE at term 34 for changeToCandidate
2019-10-17 20:31:56,421 [Thread-697] INFO  impl.RoleInfo (RoleInfo.java:updateAndGet(143)) - bdd1c484-1a92-4a2c-bc93-a7d8718d9bdc: start LeaderElection
2019-10-17 20:31:56,446 [bdd1c484-1a92-4a2c-bc93-a7d8718d9bdc@group-AC929BCCC495-LeaderElection39] INFO  impl.LeaderElection (LeaderElection.java:askForVotes(178)) - bdd1c484-1a92-4a2c-bc93-a7d8718d9bdc@group-AC929BCCC495-LeaderElection39: begin an election at term 35 for -1: [12dca792-6614-46e6-8fa8-e27f364a29d9:192.168.164.201:45540, bdd1c484-1a92-4a2c-bc93-a7d8718d9bdc:192.168.164.201:46574, 840dadcc-bbff-4158-865b-0f258f3c1721:192.168.164.201:46061], old=null
2019-10-17 20:31:56,449 [grpc-default-executor-1] INFO  impl.RaftServerImpl (RaftServerImpl.java:setRole(184)) - 12dca792-6614-46e6-8fa8-e27f364a29d9@group-AC929BCCC495: changes role from  FOLLOWER to FOLLOWER at term 35 for recognizeCandidate:bdd1c484-1a92-4a2c-bc93-a7d8718d9bdc
2019-10-17 20:31:56,449 [grpc-default-executor-1] INFO  impl.RoleInfo (RoleInfo.java:shutdownFollowerState(121)) - 12dca792-6614-46e6-8fa8-e27f364a29d9: shutdown FollowerState
2019-10-17 20:31:56,449 [grpc-default-executor-2] INFO  impl.RaftServerImpl (RaftServerImpl.java:setRole(184)) - 840dadcc-bbff-4158-865b-0f258f3c1721@group-AC929BCCC495: changes role from  FOLLOWER to FOLLOWER at term 35 for recognizeCandidate:bdd1c484-1a92-4a2c-bc93-a7d8718d9bdc
2019-10-17 20:31:56,449 [Thread-696] INFO  impl.FollowerState (FollowerState.java:run(117)) - 12dca792-6614-46e6-8fa8-e27f364a29d9@group-AC929BCCC495-FollowerState was interrupted: java.lang.InterruptedException: sleep interrupted
2019-10-17 20:31:56,449 [grpc-default-executor-1] INFO  impl.RoleInfo (RoleInfo.java:updateAndGet(143)) - 12dca792-6614-46e6-8fa8-e27f364a29d9: start FollowerState
2019-10-17 20:31:56,449 [grpc-default-executor-2] INFO  impl.RoleInfo (RoleInfo.java:shutdownFollowerState(121)) - 840dadcc-bbff-4158-865b-0f258f3c1721: shutdown FollowerState
2019-10-17 20:31:56,450 [grpc-default-executor-2] INFO  impl.RoleInfo (RoleInfo.java:updateAndGet(143)) - 840dadcc-bbff-4158-865b-0f258f3c1721: start FollowerState
2019-10-17 20:31:56,450 [Thread-695] INFO  impl.FollowerState (FollowerState.java:run(117)) - 840dadcc-bbff-4158-865b-0f258f3c1721@group-AC929BCCC495-FollowerState was interrupted: java.lang.InterruptedException: sleep interrupted
2019-10-17 20:31:56,473 [bdd1c484-1a92-4a2c-bc93-a7d8718d9bdc@group-AC929BCCC495-LeaderElection39] INFO  impl.LeaderElection (LeaderElection.java:logAndReturn(56)) - bdd1c484-1a92-4a2c-bc93-a7d8718d9bdc@group-AC929BCCC495-LeaderElection39: Election REJECTED; received 2 response(s) [bdd1c484-1a92-4a2c-bc93-a7d8718d9bdc<-12dca792-6614-46e6-8fa8-e27f364a29d9#0:FAIL-t35, bdd1c484-1a92-4a2c-bc93-a7d8718d9bdc<-840dadcc-bbff-4158-865b-0f258f3c1721#0:FAIL-t35] and 0 exception(s); bdd1c484-1a92-4a2c-bc93-a7d8718d9bdc@group-AC929BCCC495:t35, leader=null, voted=bdd1c484-1a92-4a2c-bc93-a7d8718d9bdc, raftlog=bdd1c484-1a92-4a2c-bc93-a7d8718d9bdc@group-AC929BCCC495-SegmentedRaftLog:OPENED:c-1,f-1,i0, conf=-1: [12dca792-6614-46e6-8fa8-e27f364a29d9:192.168.164.201:45540, bdd1c484-1a92-4a2c-bc93-a7d8718d9bdc:192.168.164.201:46574, 840dadcc-bbff-4158-865b-0f258f3c1721:192.168.164.201:46061], old=null
2019-10-17 20:31:56,473 [bdd1c484-1a92-4a2c-bc93-a7d8718d9bdc@group-AC929BCCC495-LeaderElection39] INFO  impl.RaftServerImpl (RaftServerImpl.java:setRole(184)) - bdd1c484-1a92-4a2c-bc93-a7d8718d9bdc@group-AC929BCCC495: changes role from CANDIDATE to FOLLOWER at term 35 for DISCOVERED_A_NEW_TERM
2019-10-17 20:31:56,473 [bdd1c484-1a92-4a2c-bc93-a7d8718d9bdc@group-AC929BCCC495-LeaderElection39] INFO  impl.RoleInfo (RoleInfo.java:shutdownLeaderElection(134)) - bdd1c484-1a92-4a2c-bc93-a7d8718d9bdc: shutdown LeaderElection
2019-10-17 20:31:56,473 [bdd1c484-1a92-4a2c-bc93-a7d8718d9bdc@group-AC929BCCC495-LeaderElection39] INFO  impl.RoleInfo (RoleInfo.java:updateAndGet(143)) - bdd1c484-1a92-4a2c-bc93-a7d8718d9bdc: start FollowerState
2019-10-17 20:31:56,531 [Thread-703] INFO  impl.FollowerState (FollowerState.java:run(108)) - bdd1c484-1a92-4a2c-bc93-a7d8718d9bdc@group-AC929BCCC495-FollowerState: change to CANDIDATE, lastRpcTime:57ms, electionTimeout:57ms
2019-10-17 20:31:56,531 [Thread-703] INFO  impl.RoleInfo (RoleInfo.java:shutdownFollowerState(121)) - bdd1c484-1a92-4a2c-bc93-a7d8718d9bdc: shutdown FollowerState
2019-10-17 20:31:56,531 [Thread-703] INFO  impl.RaftServerImpl (RaftServerImpl.java:setRole(184)) - bdd1c484-1a92-4a2c-bc93-a7d8718d9bdc@group-AC929BCCC495: changes role from  FOLLOWER to CANDIDATE at term 35 for changeToCandidate
2019-10-17 20:31:56,531 [Thread-703] INFO  impl.RoleInfo (RoleInfo.java:updateAndGet(143)) - bdd1c484-1a92-4a2c-bc93-a7d8718d9bdc: start LeaderElection
2019-10-17 20:31:56,555 [bdd1c484-1a92-4a2c-bc93-a7d8718d9bdc@group-AC929BCCC495-LeaderElection40] INFO  impl.LeaderElection (LeaderElection.java:askForVotes(178)) - bdd1c484-1a92-4a2c-bc93-a7d8718d9bdc@group-AC929BCCC495-LeaderElection40: begin an election at term 36 for -1: [12dca792-6614-46e6-8fa8-e27f364a29d9:192.168.164.201:45540, bdd1c484-1a92-4a2c-bc93-a7d8718d9bdc:192.168.164.201:46574, 840dadcc-bbff-4158-865b-0f258f3c1721:192.168.164.201:46061], old=null
2019-10-17 20:31:56,557 [grpc-default-executor-1] INFO  impl.RaftServerImpl (RaftServerImpl.java:setRole(184)) - 12dca792-6614-46e6-8fa8-e27f364a29d9@group-AC929BCCC495: changes role from  FOLLOWER to FOLLOWER at term 36 for recognizeCandidate:bdd1c484-1a92-4a2c-bc93-a7d8718d9bdc
2019-10-17 20:31:56,558 [grpc-default-executor-1] INFO  impl.RoleInfo (RoleInfo.java:shutdownFollowerState(121)) - 12dca792-6614-46e6-8fa8-e27f364a29d9: shutdown FollowerState
2019-10-17 20:31:56,558 [grpc-default-executor-1] INFO  impl.RoleInfo (RoleInfo.java:updateAndGet(143)) - 12dca792-6614-46e6-8fa8-e27f364a29d9: start FollowerState
2019-10-17 20:31:56,558 [Thread-701] INFO  impl.FollowerState (FollowerState.java:run(117)) - 12dca792-6614-46e6-8fa8-e27f364a29d9@group-AC929BCCC495-FollowerState was interrupted: java.lang.InterruptedException: sleep interrupted
2019-10-17 20:31:56,558 [grpc-default-executor-2] INFO  impl.RaftServerImpl (RaftServerImpl.java:setRole(184)) - 840dadcc-bbff-4158-865b-0f258f3c1721@group-AC929BCCC495: changes role from  FOLLOWER to FOLLOWER at term 36 for recognizeCandidate:bdd1c484-1a92-4a2c-bc93-a7d8718d9bdc
2019-10-17 20:31:56,559 [grpc-default-executor-2] INFO  impl.RoleInfo (RoleInfo.java:shutdownFollowerState(121)) - 840dadcc-bbff-4158-865b-0f258f3c1721: shutdown FollowerState
2019-10-17 20:31:56,559 [grpc-default-executor-2] INFO  impl.RoleInfo (RoleInfo.java:updateAndGet(143)) - 840dadcc-bbff-4158-865b-0f258f3c1721: start FollowerState
2019-10-17 20:31:56,559 [Thread-702] INFO  impl.FollowerState (FollowerState.java:run(117)) - 840dadcc-bbff-4158-865b-0f258f3c1721@group-AC929BCCC495-FollowerState was interrupted: java.lang.InterruptedException: sleep interrupted
2019-10-17 20:31:56,582 [bdd1c484-1a92-4a2c-bc93-a7d8718d9bdc@group-AC929BCCC495-LeaderElection40] INFO  impl.LeaderElection (LeaderElection.java:logAndReturn(56)) - bdd1c484-1a92-4a2c-bc93-a7d8718d9bdc@group-AC929BCCC495-LeaderElection40: Election REJECTED; received 2 response(s) [bdd1c484-1a92-4a2c-bc93-a7d8718d9bdc<-12dca792-6614-46e6-8fa8-e27f364a29d9#0:FAIL-t36, bdd1c484-1a92-4a2c-bc93-a7d8718d9bdc<-840dadcc-bbff-4158-865b-0f258f3c1721#0:FAIL-t36] and 0 exception(s); bdd1c484-1a92-4a2c-bc93-a7d8718d9bdc@group-AC929BCCC495:t36, leader=null, voted=bdd1c484-1a92-4a2c-bc93-a7d8718d9bdc, raftlog=bdd1c484-1a92-4a2c-bc93-a7d8718d9bdc@group-AC929BCCC495-SegmentedRaftLog:OPENED:c-1,f-1,i0, conf=-1: [12dca792-6614-46e6-8fa8-e27f364a29d9:192.168.164.201:45540, bdd1c484-1a92-4a2c-bc93-a7d8718d9bdc:192.168.164.201:46574, 840dadcc-bbff-4158-865b-0f258f3c1721:192.168.164.201:46061], old=null
2019-10-17 20:31:56,582 [bdd1c484-1a92-4a2c-bc93-a7d8718d9bdc@group-AC929BCCC495-LeaderElection40] INFO  impl.RaftServerImpl (RaftServerImpl.java:setRole(184)) - bdd1c484-1a92-4a2c-bc93-a7d8718d9bdc@group-AC929BCCC495: changes role from CANDIDATE to FOLLOWER at term 36 for DISCOVERED_A_NEW_TERM
2019-10-17 20:31:56,582 [bdd1c484-1a92-4a2c-bc93-a7d8718d9bdc@group-AC929BCCC495-LeaderElection40] INFO  impl.RoleInfo (RoleInfo.java:shutdownLeaderElection(134)) - bdd1c484-1a92-4a2c-bc93-a7d8718d9bdc: shutdown LeaderElection
2019-10-17 20:31:56,583 [bdd1c484-1a92-4a2c-bc93-a7d8718d9bdc@group-AC929BCCC495-LeaderElection40] INFO  impl.RoleInfo (RoleInfo.java:updateAndGet(143)) - bdd1c484-1a92-4a2c-bc93-a7d8718d9bdc: start FollowerState
2019-10-17 20:31:56,764 [Thread-709] INFO  impl.FollowerState (FollowerState.java:run(108)) - bdd1c484-1a92-4a2c-bc93-a7d8718d9bdc@group-AC929BCCC495-FollowerState: change to CANDIDATE, lastRpcTime:181ms, electionTimeout:181ms
2019-10-17 20:31:56,764 [Thread-709] INFO  impl.RoleInfo (RoleInfo.java:shutdownFollowerState(121)) - bdd1c484-1a92-4a2c-bc93-a7d8718d9bdc: shutdown FollowerState
2019-10-17 20:31:56,764 [Thread-709] INFO  impl.RaftServerImpl (RaftServerImpl.java:setRole(184)) - bdd1c484-1a92-4a2c-bc93-a7d8718d9bdc@group-AC929BCCC495: changes role from  FOLLOWER to CANDIDATE at term 36 for changeToCandidate
2019-10-17 20:31:56,765 [Thread-709] INFO  impl.RoleInfo (RoleInfo.java:updateAndGet(143)) - bdd1c484-1a92-4a2c-bc93-a7d8718d9bdc: start LeaderElection
2019-10-17 20:31:56,789 [bdd1c484-1a92-4a2c-bc93-a7d8718d9bdc@group-AC929BCCC495-LeaderElection41] INFO  impl.LeaderElection (LeaderElection.java:askForVotes(178)) - bdd1c484-1a92-4a2c-bc93-a7d8718d9bdc@group-AC929BCCC495-LeaderElection41: begin an election at term 37 for -1: [12dca792-6614-46e6-8fa8-e27f364a29d9:192.168.164.201:45540, bdd1c484-1a92-4a2c-bc93-a7d8718d9bdc:192.168.164.201:46574, 840dadcc-bbff-4158-865b-0f258f3c1721:192.168.164.201:46061], old=null
2019-10-17 20:31:56,793 [grpc-default-executor-2] INFO  impl.RaftServerImpl (RaftServerImpl.java:setRole(184)) - 12dca792-6614-46e6-8fa8-e27f364a29d9@group-AC929BCCC495: changes role from  FOLLOWER to FOLLOWER at term 37 for recognizeCandidate:bdd1c484-1a92-4a2c-bc93-a7d8718d9bdc
2019-10-17 20:31:56,793 [grpc-default-executor-1] INFO  impl.RaftServerImpl (RaftServerImpl.java:setRole(184)) - 840dadcc-bbff-4158-865b-0f258f3c1721@group-AC929BCCC495: changes role from  FOLLOWER to FOLLOWER at term 37 for recognizeCandidate:bdd1c484-1a92-4a2c-bc93-a7d8718d9bdc
2019-10-17 20:31:56,793 [grpc-default-executor-2] INFO  impl.RoleInfo (RoleInfo.java:shutdownFollowerState(121)) - 12dca792-6614-46e6-8fa8-e27f364a29d9: shutdown FollowerState
2019-10-17 20:31:56,794 [grpc-default-executor-1] INFO  impl.RoleInfo (RoleInfo.java:shutdownFollowerState(121)) - 840dadcc-bbff-4158-865b-0f258f3c1721: shutdown FollowerState
2019-10-17 20:31:56,794 [Thread-707] INFO  impl.FollowerState (FollowerState.java:run(117)) - 12dca792-6614-46e6-8fa8-e27f364a29d9@group-AC929BCCC495-FollowerState was interrupted: java.lang.InterruptedException: sleep interrupted
2019-10-17 20:31:56,794 [grpc-default-executor-2] INFO  impl.RoleInfo (RoleInfo.java:updateAndGet(143)) - 12dca792-6614-46e6-8fa8-e27f364a29d9: start FollowerState
2019-10-17 20:31:56,794 [Thread-708] INFO  impl.FollowerState (FollowerState.java:run(117)) - 840dadcc-bbff-4158-865b-0f258f3c1721@group-AC929BCCC495-FollowerState was interrupted: java.lang.InterruptedException: sleep interrupted
2019-10-17 20:31:56,794 [grpc-default-executor-1] INFO  impl.RoleInfo (RoleInfo.java:updateAndGet(143)) - 840dadcc-bbff-4158-865b-0f258f3c1721: start FollowerState
2019-10-17 20:31:56,825 [bdd1c484-1a92-4a2c-bc93-a7d8718d9bdc@group-AC929BCCC495-LeaderElection41] INFO  impl.LeaderElection (LeaderElection.java:logAndReturn(56)) - bdd1c484-1a92-4a2c-bc93-a7d8718d9bdc@group-AC929BCCC495-LeaderElection41: Election REJECTED; received 2 response(s) [bdd1c484-1a92-4a2c-bc93-a7d8718d9bdc<-12dca792-6614-46e6-8fa8-e27f364a29d9#0:FAIL-t37, bdd1c484-1a92-4a2c-bc93-a7d8718d9bdc<-840dadcc-bbff-4158-865b-0f258f3c1721#0:FAIL-t37] and 0 exception(s); bdd1c484-1a92-4a2c-bc93-a7d8718d9bdc@group-AC929BCCC495:t37, leader=null, voted=bdd1c484-1a92-4a2c-bc93-a7d8718d9bdc, raftlog=bdd1c484-1a92-4a2c-bc93-a7d8718d9bdc@group-AC929BCCC495-SegmentedRaftLog:OPENED:c-1,f-1,i0, conf=-1: [12dca792-6614-46e6-8fa8-e27f364a29d9:192.168.164.201:45540, bdd1c484-1a92-4a2c-bc93-a7d8718d9bdc:192.168.164.201:46574, 840dadcc-bbff-4158-865b-0f258f3c1721:192.168.164.201:46061], old=null
2019-10-17 20:31:56,825 [bdd1c484-1a92-4a2c-bc93-a7d8718d9bdc@group-AC929BCCC495-LeaderElection41] INFO  impl.RaftServerImpl (RaftServerImpl.java:setRole(184)) - bdd1c484-1a92-4a2c-bc93-a7d8718d9bdc@group-AC929BCCC495: changes role from CANDIDATE to FOLLOWER at term 37 for DISCOVERED_A_NEW_TERM
2019-10-17 20:31:56,825 [bdd1c484-1a92-4a2c-bc93-a7d8718d9bdc@group-AC929BCCC495-LeaderElection41] INFO  impl.RoleInfo (RoleInfo.java:shutdownLeaderElection(134)) - bdd1c484-1a92-4a2c-bc93-a7d8718d9bdc: shutdown LeaderElection
2019-10-17 20:31:56,825 [bdd1c484-1a92-4a2c-bc93-a7d8718d9bdc@group-AC929BCCC495-LeaderElection41] INFO  impl.RoleInfo (RoleInfo.java:updateAndGet(143)) - bdd1c484-1a92-4a2c-bc93-a7d8718d9bdc: start FollowerState
2019-10-17 20:31:56,972 [Thread-715] INFO  impl.FollowerState (FollowerState.java:run(108)) - bdd1c484-1a92-4a2c-bc93-a7d8718d9bdc@group-AC929BCCC495-FollowerState: change to CANDIDATE, lastRpcTime:146ms, electionTimeout:146ms
2019-10-17 20:31:56,972 [Thread-715] INFO  impl.RoleInfo (RoleInfo.java:shutdownFollowerState(121)) - bdd1c484-1a92-4a2c-bc93-a7d8718d9bdc: shutdown FollowerState
2019-10-17 20:31:56,972 [Thread-715] INFO  impl.RaftServerImpl (RaftServerImpl.java:setRole(184)) - bdd1c484-1a92-4a2c-bc93-a7d8718d9bdc@group-AC929BCCC495: changes role from  FOLLOWER to CANDIDATE at term 37 for changeToCandidate
2019-10-17 20:31:56,972 [Thread-715] INFO  impl.RoleInfo (RoleInfo.java:updateAndGet(143)) - bdd1c484-1a92-4a2c-bc93-a7d8718d9bdc: start LeaderElection
2019-10-17 20:31:56,999 [bdd1c484-1a92-4a2c-bc93-a7d8718d9bdc@group-AC929BCCC495-LeaderElection42] INFO  impl.LeaderElection (LeaderElection.java:askForVotes(178)) - bdd1c484-1a92-4a2c-bc93-a7d8718d9bdc@group-AC929BCCC495-LeaderElection42: begin an election at term 38 for -1: [12dca792-6614-46e6-8fa8-e27f364a29d9:192.168.164.201:45540, bdd1c484-1a92-4a2c-bc93-a7d8718d9bdc:192.168.164.201:46574, 840dadcc-bbff-4158-865b-0f258f3c1721:192.168.164.201:46061], old=null
2019-10-17 20:31:57,002 [grpc-default-executor-1] INFO  impl.RaftServerImpl (RaftServerImpl.java:setRole(184)) - 12dca792-6614-46e6-8fa8-e27f364a29d9@group-AC929BCCC495: changes role from  FOLLOWER to FOLLOWER at term 38 for recognizeCandidate:bdd1c484-1a92-4a2c-bc93-a7d8718d9bdc
2019-10-17 20:31:57,002 [grpc-default-executor-2] INFO  impl.RaftServerImpl (RaftServerImpl.java:setRole(184)) - 840dadcc-bbff-4158-865b-0f258f3c1721@group-AC929BCCC495: changes role from  FOLLOWER to FOLLOWER at term 38 for recognizeCandidate:bdd1c484-1a92-4a2c-bc93-a7d8718d9bdc
2019-10-17 20:31:57,003 [grpc-default-executor-2] INFO  impl.RoleInfo (RoleInfo.java:shutdownFollowerState(121)) - 840dadcc-bbff-4158-865b-0f258f3c1721: shutdown FollowerState
2019-10-17 20:31:57,003 [grpc-default-executor-1] INFO  impl.RoleInfo (RoleInfo.java:shutdownFollowerState(121)) - 12dca792-6614-46e6-8fa8-e27f364a29d9: shutdown FollowerState
2019-10-17 20:31:57,003 [Thread-714] INFO  impl.FollowerState (FollowerState.java:run(117)) - 840dadcc-bbff-4158-865b-0f258f3c1721@group-AC929BCCC495-FollowerState was interrupted: java.lang.InterruptedException: sleep interrupted
2019-10-17 20:31:57,003 [grpc-default-executor-2] INFO  impl.RoleInfo (RoleInfo.java:updateAndGet(143)) - 840dadcc-bbff-4158-865b-0f258f3c1721: start FollowerState
2019-10-17 20:31:57,004 [Thread-713] INFO  impl.FollowerState (FollowerState.java:run(117)) - 12dca792-6614-46e6-8fa8-e27f364a29d9@group-AC929BCCC495-FollowerState was interrupted: java.lang.InterruptedException: sleep interrupted
2019-10-17 20:31:57,004 [grpc-default-executor-1] INFO  impl.RoleInfo (RoleInfo.java:updateAndGet(143)) - 12dca792-6614-46e6-8fa8-e27f364a29d9: start FollowerState
2019-10-17 20:31:57,034 [bdd1c484-1a92-4a2c-bc93-a7d8718d9bdc@group-AC929BCCC495-LeaderElection42] INFO  impl.LeaderElection (LeaderElection.java:logAndReturn(56)) - bdd1c484-1a92-4a2c-bc93-a7d8718d9bdc@group-AC929BCCC495-LeaderElection42: Election REJECTED; received 2 response(s) [bdd1c484-1a92-4a2c-bc93-a7d8718d9bdc<-12dca792-6614-46e6-8fa8-e27f364a29d9#0:FAIL-t38, bdd1c484-1a92-4a2c-bc93-a7d8718d9bdc<-840dadcc-bbff-4158-865b-0f258f3c1721#0:FAIL-t38] and 0 exception(s); bdd1c484-1a92-4a2c-bc93-a7d8718d9bdc@group-AC929BCCC495:t38, leader=null, voted=bdd1c484-1a92-4a2c-bc93-a7d8718d9bdc, raftlog=bdd1c484-1a92-4a2c-bc93-a7d8718d9bdc@group-AC929BCCC495-SegmentedRaftLog:OPENED:c-1,f-1,i0, conf=-1: [12dca792-6614-46e6-8fa8-e27f364a29d9:192.168.164.201:45540, bdd1c484-1a92-4a2c-bc93-a7d8718d9bdc:192.168.164.201:46574, 840dadcc-bbff-4158-865b-0f258f3c1721:192.168.164.201:46061], old=null
2019-10-17 20:31:57,035 [bdd1c484-1a92-4a2c-bc93-a7d8718d9bdc@group-AC929BCCC495-LeaderElection42] INFO  impl.RaftServerImpl (RaftServerImpl.java:setRole(184)) - bdd1c484-1a92-4a2c-bc93-a7d8718d9bdc@group-AC929BCCC495: changes role from CANDIDATE to FOLLOWER at term 38 for DISCOVERED_A_NEW_TERM
2019-10-17 20:31:57,035 [bdd1c484-1a92-4a2c-bc93-a7d8718d9bdc@group-AC929BCCC495-LeaderElection42] INFO  impl.RoleInfo (RoleInfo.java:shutdownLeaderElection(134)) - bdd1c484-1a92-4a2c-bc93-a7d8718d9bdc: shutdown LeaderElection
2019-10-17 20:31:57,035 [bdd1c484-1a92-4a2c-bc93-a7d8718d9bdc@group-AC929BCCC495-LeaderElection42] INFO  impl.RoleInfo (RoleInfo.java:updateAndGet(143)) - bdd1c484-1a92-4a2c-bc93-a7d8718d9bdc: start FollowerState
2019-10-17 20:31:57,071 [Thread-721] INFO  impl.FollowerState (FollowerState.java:run(108)) - bdd1c484-1a92-4a2c-bc93-a7d8718d9bdc@group-AC929BCCC495-FollowerState: change to CANDIDATE, lastRpcTime:35ms, electionTimeout:35ms
2019-10-17 20:31:57,071 [Thread-721] INFO  impl.RoleInfo (RoleInfo.java:shutdownFollowerState(121)) - bdd1c484-1a92-4a2c-bc93-a7d8718d9bdc: shutdown FollowerState
2019-10-17 20:31:57,071 [Thread-721] INFO  impl.RaftServerImpl (RaftServerImpl.java:setRole(184)) - bdd1c484-1a92-4a2c-bc93-a7d8718d9bdc@group-AC929BCCC495: changes role from  FOLLOWER to CANDIDATE at term 38 for changeToCandidate
2019-10-17 20:31:57,071 [Thread-721] INFO  impl.RoleInfo (RoleInfo.java:updateAndGet(143)) - bdd1c484-1a92-4a2c-bc93-a7d8718d9bdc: start LeaderElection
2019-10-17 20:31:57,091 [bdd1c484-1a92-4a2c-bc93-a7d8718d9bdc@group-AC929BCCC495-LeaderElection43] INFO  impl.LeaderElection (LeaderElection.java:askForVotes(178)) - bdd1c484-1a92-4a2c-bc93-a7d8718d9bdc@group-AC929BCCC495-LeaderElection43: begin an election at term 39 for -1: [12dca792-6614-46e6-8fa8-e27f364a29d9:192.168.164.201:45540, bdd1c484-1a92-4a2c-bc93-a7d8718d9bdc:192.168.164.201:46574, 840dadcc-bbff-4158-865b-0f258f3c1721:192.168.164.201:46061], old=null
2019-10-17 20:31:57,094 [grpc-default-executor-1] INFO  impl.RaftServerImpl (RaftServerImpl.java:setRole(184)) - 12dca792-6614-46e6-8fa8-e27f364a29d9@group-AC929BCCC495: changes role from  FOLLOWER to FOLLOWER at term 39 for recognizeCandidate:bdd1c484-1a92-4a2c-bc93-a7d8718d9bdc
2019-10-17 20:31:57,095 [grpc-default-executor-2] INFO  impl.RaftServerImpl (RaftServerImpl.java:setRole(184)) - 840dadcc-bbff-4158-865b-0f258f3c1721@group-AC929BCCC495: changes role from  FOLLOWER to FOLLOWER at term 39 for recognizeCandidate:bdd1c484-1a92-4a2c-bc93-a7d8718d9bdc
2019-10-17 20:31:57,095 [grpc-default-executor-1] INFO  impl.RoleInfo (RoleInfo.java:shutdownFollowerState(121)) - 12dca792-6614-46e6-8fa8-e27f364a29d9: shutdown FollowerState
2019-10-17 20:31:57,095 [grpc-default-executor-2] INFO  impl.RoleInfo (RoleInfo.java:shutdownFollowerState(121)) - 840dadcc-bbff-4158-865b-0f258f3c1721: shutdown FollowerState
2019-10-17 20:31:57,095 [Thread-720] INFO  impl.FollowerState (FollowerState.java:run(117)) - 12dca792-6614-46e6-8fa8-e27f364a29d9@group-AC929BCCC495-FollowerState was interrupted: java.lang.InterruptedException: sleep interrupted
2019-10-17 20:31:57,095 [bdd1c484-1a92-4a2c-bc93-a7d8718d9bdc@group-AC929BCCC495-LeaderElection43] INFO  impl.LeaderElection (LeaderElection.java:logAndReturn(56)) - bdd1c484-1a92-4a2c-bc93-a7d8718d9bdc@group-AC929BCCC495-LeaderElection43: Election TIMEOUT; received 0 response(s) [] and 0 exception(s); bdd1c484-1a92-4a2c-bc93-a7d8718d9bdc@group-AC929BCCC495:t39, leader=null, voted=bdd1c484-1a92-4a2c-bc93-a7d8718d9bdc, raftlog=bdd1c484-1a92-4a2c-bc93-a7d8718d9bdc@group-AC929BCCC495-SegmentedRaftLog:OPENED:c-1,f-1,i0, conf=-1: [12dca792-6614-46e6-8fa8-e27f364a29d9:192.168.164.201:45540, bdd1c484-1a92-4a2c-bc93-a7d8718d9bdc:192.168.164.201:46574, 840dadcc-bbff-4158-865b-0f258f3c1721:192.168.164.201:46061], old=null
2019-10-17 20:31:57,095 [grpc-default-executor-1] INFO  impl.RoleInfo (RoleInfo.java:updateAndGet(143)) - 12dca792-6614-46e6-8fa8-e27f364a29d9: start FollowerState
2019-10-17 20:31:57,095 [grpc-default-executor-2] INFO  impl.RoleInfo (RoleInfo.java:updateAndGet(143)) - 840dadcc-bbff-4158-865b-0f258f3c1721: start FollowerState
2019-10-17 20:31:57,095 [Thread-719] INFO  impl.FollowerState (FollowerState.java:run(117)) - 840dadcc-bbff-4158-865b-0f258f3c1721@group-AC929BCCC495-FollowerState was interrupted: java.lang.InterruptedException: sleep interrupted
2019-10-17 20:31:57,125 [bdd1c484-1a92-4a2c-bc93-a7d8718d9bdc@group-AC929BCCC495-LeaderElection43] INFO  impl.LeaderElection (LeaderElection.java:askForVotes(178)) - bdd1c484-1a92-4a2c-bc93-a7d8718d9bdc@group-AC929BCCC495-LeaderElection43: begin an election at term 40 for -1: [12dca792-6614-46e6-8fa8-e27f364a29d9:192.168.164.201:45540, bdd1c484-1a92-4a2c-bc93-a7d8718d9bdc:192.168.164.201:46574, 840dadcc-bbff-4158-865b-0f258f3c1721:192.168.164.201:46061], old=null
2019-10-17 20:31:57,127 [grpc-default-executor-1] INFO  impl.RaftServerImpl (RaftServerImpl.java:setRole(184)) - 12dca792-6614-46e6-8fa8-e27f364a29d9@group-AC929BCCC495: changes role from  FOLLOWER to FOLLOWER at term 40 for recognizeCandidate:bdd1c484-1a92-4a2c-bc93-a7d8718d9bdc
2019-10-17 20:31:57,127 [grpc-default-executor-1] INFO  impl.RoleInfo (RoleInfo.java:shutdownFollowerState(121)) - 12dca792-6614-46e6-8fa8-e27f364a29d9: shutdown FollowerState
2019-10-17 20:31:57,127 [grpc-default-executor-2] INFO  impl.RaftServerImpl (RaftServerImpl.java:setRole(184)) - 840dadcc-bbff-4158-865b-0f258f3c1721@group-AC929BCCC495: changes role from  FOLLOWER to FOLLOWER at term 40 for recognizeCandidate:bdd1c484-1a92-4a2c-bc93-a7d8718d9bdc
2019-10-17 20:31:57,128 [Thread-725] INFO  impl.FollowerState (FollowerState.java:run(117)) - 12dca792-6614-46e6-8fa8-e27f364a29d9@group-AC929BCCC495-FollowerState was interrupted: java.lang.InterruptedException: sleep interrupted
2019-10-17 20:31:57,127 [grpc-default-executor-1] INFO  impl.RoleInfo (RoleInfo.java:updateAndGet(143)) - 12dca792-6614-46e6-8fa8-e27f364a29d9: start FollowerState
2019-10-17 20:31:57,128 [grpc-default-executor-2] INFO  impl.RoleInfo (RoleInfo.java:shutdownFollowerState(121)) - 840dadcc-bbff-4158-865b-0f258f3c1721: shutdown FollowerState
2019-10-17 20:31:57,128 [Thread-726] INFO  impl.FollowerState (FollowerState.java:run(117)) - 840dadcc-bbff-4158-865b-0f258f3c1721@group-AC929BCCC495-FollowerState was interrupted: java.lang.InterruptedException: sleep interrupted
2019-10-17 20:31:57,128 [grpc-default-executor-2] INFO  impl.RoleInfo (RoleInfo.java:updateAndGet(143)) - 840dadcc-bbff-4158-865b-0f258f3c1721: start FollowerState
2019-10-17 20:31:57,152 [bdd1c484-1a92-4a2c-bc93-a7d8718d9bdc@group-AC929BCCC495-LeaderElection43] INFO  impl.LeaderElection (LeaderElection.java:logAndReturn(56)) - bdd1c484-1a92-4a2c-bc93-a7d8718d9bdc@group-AC929BCCC495-LeaderElection43: Election REJECTED; received 2 response(s) [bdd1c484-1a92-4a2c-bc93-a7d8718d9bdc<-12dca792-6614-46e6-8fa8-e27f364a29d9#0:FAIL-t40, bdd1c484-1a92-4a2c-bc93-a7d8718d9bdc<-840dadcc-bbff-4158-865b-0f258f3c1721#0:FAIL-t40] and 0 exception(s); bdd1c484-1a92-4a2c-bc93-a7d8718d9bdc@group-AC929BCCC495:t40, leader=null, voted=bdd1c484-1a92-4a2c-bc93-a7d8718d9bdc, raftlog=bdd1c484-1a92-4a2c-bc93-a7d8718d9bdc@group-AC929BCCC495-SegmentedRaftLog:OPENED:c-1,f-1,i0, conf=-1: [12dca792-6614-46e6-8fa8-e27f364a29d9:192.168.164.201:45540, bdd1c484-1a92-4a2c-bc93-a7d8718d9bdc:192.168.164.201:46574, 840dadcc-bbff-4158-865b-0f258f3c1721:192.168.164.201:46061], old=null
2019-10-17 20:31:57,152 [bdd1c484-1a92-4a2c-bc93-a7d8718d9bdc@group-AC929BCCC495-LeaderElection43] INFO  impl.RaftServerImpl (RaftServerImpl.java:setRole(184)) - bdd1c484-1a92-4a2c-bc93-a7d8718d9bdc@group-AC929BCCC495: changes role from CANDIDATE to FOLLOWER at term 40 for DISCOVERED_A_NEW_TERM
2019-10-17 20:31:57,152 [bdd1c484-1a92-4a2c-bc93-a7d8718d9bdc@group-AC929BCCC495-LeaderElection43] INFO  impl.RoleInfo (RoleInfo.java:shutdownLeaderElection(134)) - bdd1c484-1a92-4a2c-bc93-a7d8718d9bdc: shutdown LeaderElection
2019-10-17 20:31:57,152 [bdd1c484-1a92-4a2c-bc93-a7d8718d9bdc@group-AC929BCCC495-LeaderElection43] INFO  impl.RoleInfo (RoleInfo.java:updateAndGet(143)) - bdd1c484-1a92-4a2c-bc93-a7d8718d9bdc: start FollowerState
2019-10-17 20:31:57,242 [Thread-731] INFO  impl.FollowerState (FollowerState.java:run(108)) - bdd1c484-1a92-4a2c-bc93-a7d8718d9bdc@group-AC929BCCC495-FollowerState: change to CANDIDATE, lastRpcTime:89ms, electionTimeout:89ms
2019-10-17 20:31:57,242 [Thread-731] INFO  impl.RoleInfo (RoleInfo.java:shutdownFollowerState(121)) - bdd1c484-1a92-4a2c-bc93-a7d8718d9bdc: shutdown FollowerState
2019-10-17 20:31:57,243 [Thread-731] INFO  impl.RaftServerImpl (RaftServerImpl.java:setRole(184)) - bdd1c484-1a92-4a2c-bc93-a7d8718d9bdc@group-AC929BCCC495: changes role from  FOLLOWER to CANDIDATE at term 40 for changeToCandidate
2019-10-17 20:31:57,244 [Thread-731] INFO  impl.RoleInfo (RoleInfo.java:updateAndGet(143)) - bdd1c484-1a92-4a2c-bc93-a7d8718d9bdc: start LeaderElection
2019-10-17 20:31:57,268 [bdd1c484-1a92-4a2c-bc93-a7d8718d9bdc@group-AC929BCCC495-LeaderElection44] INFO  impl.LeaderElection (LeaderElection.java:askForVotes(178)) - bdd1c484-1a92-4a2c-bc93-a7d8718d9bdc@group-AC929BCCC495-LeaderElection44: begin an election at term 41 for -1: [12dca792-6614-46e6-8fa8-e27f364a29d9:192.168.164.201:45540, bdd1c484-1a92-4a2c-bc93-a7d8718d9bdc:192.168.164.201:46574, 840dadcc-bbff-4158-865b-0f258f3c1721:192.168.164.201:46061], old=null
2019-10-17 20:31:57,274 [grpc-default-executor-1] INFO  impl.RaftServerImpl (RaftServerImpl.java:setRole(184)) - 840dadcc-bbff-4158-865b-0f258f3c1721@group-AC929BCCC495: changes role from  FOLLOWER to FOLLOWER at term 41 for recognizeCandidate:bdd1c484-1a92-4a2c-bc93-a7d8718d9bdc
2019-10-17 20:31:57,274 [grpc-default-executor-2] INFO  impl.RaftServerImpl (RaftServerImpl.java:setRole(184)) - 12dca792-6614-46e6-8fa8-e27f364a29d9@group-AC929BCCC495: changes role from  FOLLOWER to FOLLOWER at term 41 for recognizeCandidate:bdd1c484-1a92-4a2c-bc93-a7d8718d9bdc
2019-10-17 20:31:57,274 [grpc-default-executor-1] INFO  impl.RoleInfo (RoleInfo.java:shutdownFollowerState(121)) - 840dadcc-bbff-4158-865b-0f258f3c1721: shutdown FollowerState
2019-10-17 20:31:57,274 [grpc-default-executor-2] INFO  impl.RoleInfo (RoleInfo.java:shutdownFollowerState(121)) - 12dca792-6614-46e6-8fa8-e27f364a29d9: shutdown FollowerState
2019-10-17 20:31:57,274 [Thread-730] INFO  impl.FollowerState (FollowerState.java:run(117)) - 840dadcc-bbff-4158-865b-0f258f3c1721@group-AC929BCCC495-FollowerState was interrupted: java.lang.InterruptedException: sleep interrupted
2019-10-17 20:31:57,274 [grpc-default-executor-1] INFO  impl.RoleInfo (RoleInfo.java:updateAndGet(143)) - 840dadcc-bbff-4158-865b-0f258f3c1721: start FollowerState
2019-10-17 20:31:57,274 [Thread-729] INFO  impl.FollowerState (FollowerState.java:run(117)) - 12dca792-6614-46e6-8fa8-e27f364a29d9@group-AC929BCCC495-FollowerState was interrupted: java.lang.InterruptedException: sleep interrupted
2019-10-17 20:31:57,274 [grpc-default-executor-2] INFO  impl.RoleInfo (RoleInfo.java:updateAndGet(143)) - 12dca792-6614-46e6-8fa8-e27f364a29d9: start FollowerState
2019-10-17 20:31:57,305 [bdd1c484-1a92-4a2c-bc93-a7d8718d9bdc@group-AC929BCCC495-LeaderElection44] INFO  impl.LeaderElection (LeaderElection.java:logAndReturn(56)) - bdd1c484-1a92-4a2c-bc93-a7d8718d9bdc@group-AC929BCCC495-LeaderElection44: Election REJECTED; received 2 response(s) [bdd1c484-1a92-4a2c-bc93-a7d8718d9bdc<-12dca792-6614-46e6-8fa8-e27f364a29d9#0:FAIL-t41, bdd1c484-1a92-4a2c-bc93-a7d8718d9bdc<-840dadcc-bbff-4158-865b-0f258f3c1721#0:FAIL-t41] and 0 exception(s); bdd1c484-1a92-4a2c-bc93-a7d8718d9bdc@group-AC929BCCC495:t41, leader=null, voted=bdd1c484-1a92-4a2c-bc93-a7d8718d9bdc, raftlog=bdd1c484-1a92-4a2c-bc93-a7d8718d9bdc@group-AC929BCCC495-SegmentedRaftLog:OPENED:c-1,f-1,i0, conf=-1: [12dca792-6614-46e6-8fa8-e27f364a29d9:192.168.164.201:45540, bdd1c484-1a92-4a2c-bc93-a7d8718d9bdc:192.168.164.201:46574, 840dadcc-bbff-4158-865b-0f258f3c1721:192.168.164.201:46061], old=null
2019-10-17 20:31:57,306 [bdd1c484-1a92-4a2c-bc93-a7d8718d9bdc@group-AC929BCCC495-LeaderElection44] INFO  impl.RaftServerImpl (RaftServerImpl.java:setRole(184)) - bdd1c484-1a92-4a2c-bc93-a7d8718d9bdc@group-AC929BCCC495: changes role from CANDIDATE to FOLLOWER at term 41 for DISCOVERED_A_NEW_TERM
2019-10-17 20:31:57,306 [bdd1c484-1a92-4a2c-bc93-a7d8718d9bdc@group-AC929BCCC495-LeaderElection44] INFO  impl.RoleInfo (RoleInfo.java:shutdownLeaderElection(134)) - bdd1c484-1a92-4a2c-bc93-a7d8718d9bdc: shutdown LeaderElection
2019-10-17 20:31:57,306 [bdd1c484-1a92-4a2c-bc93-a7d8718d9bdc@group-AC929BCCC495-LeaderElection44] INFO  impl.RoleInfo (RoleInfo.java:updateAndGet(143)) - bdd1c484-1a92-4a2c-bc93-a7d8718d9bdc: start FollowerState
2019-10-17 20:31:57,501 [Thread-737] INFO  impl.FollowerState (FollowerState.java:run(108)) - bdd1c484-1a92-4a2c-bc93-a7d8718d9bdc@group-AC929BCCC495-FollowerState: change to CANDIDATE, lastRpcTime:194ms, electionTimeout:194ms
2019-10-17 20:31:57,501 [Thread-737] INFO  impl.RoleInfo (RoleInfo.java:shutdownFollowerState(121)) - bdd1c484-1a92-4a2c-bc93-a7d8718d9bdc: shutdown FollowerState
2019-10-17 20:31:57,501 [Thread-737] INFO  impl.RaftServerImpl (RaftServerImpl.java:setRole(184)) - bdd1c484-1a92-4a2c-bc93-a7d8718d9bdc@group-AC929BCCC495: changes role from  FOLLOWER to CANDIDATE at term 41 for changeToCandidate
2019-10-17 20:31:57,501 [Thread-737] INFO  impl.RoleInfo (RoleInfo.java:updateAndGet(143)) - bdd1c484-1a92-4a2c-bc93-a7d8718d9bdc: start LeaderElection
2019-10-17 20:31:57,527 [bdd1c484-1a92-4a2c-bc93-a7d8718d9bdc@group-AC929BCCC495-LeaderElection45] INFO  impl.LeaderElection (LeaderElection.java:askForVotes(178)) - bdd1c484-1a92-4a2c-bc93-a7d8718d9bdc@group-AC929BCCC495-LeaderElection45: begin an election at term 42 for -1: [12dca792-6614-46e6-8fa8-e27f364a29d9:192.168.164.201:45540, bdd1c484-1a92-4a2c-bc93-a7d8718d9bdc:192.168.164.201:46574, 840dadcc-bbff-4158-865b-0f258f3c1721:192.168.164.201:46061], old=null
2019-10-17 20:31:57,530 [grpc-default-executor-2] INFO  impl.RaftServerImpl (RaftServerImpl.java:setRole(184)) - 12dca792-6614-46e6-8fa8-e27f364a29d9@group-AC929BCCC495: changes role from  FOLLOWER to FOLLOWER at term 42 for recognizeCandidate:bdd1c484-1a92-4a2c-bc93-a7d8718d9bdc
2019-10-17 20:31:57,531 [grpc-default-executor-1] INFO  impl.RaftServerImpl (RaftServerImpl.java:setRole(184)) - 840dadcc-bbff-4158-865b-0f258f3c1721@group-AC929BCCC495: changes role from  FOLLOWER to FOLLOWER at term 42 for recognizeCandidate:bdd1c484-1a92-4a2c-bc93-a7d8718d9bdc
2019-10-17 20:31:57,531 [grpc-default-executor-2] INFO  impl.RoleInfo (RoleInfo.java:shutdownFollowerState(121)) - 12dca792-6614-46e6-8fa8-e27f364a29d9: shutdown FollowerState
2019-10-17 20:31:57,531 [grpc-default-executor-1] INFO  impl.RoleInfo (RoleInfo.java:shutdownFollowerState(121)) - 840dadcc-bbff-4158-865b-0f258f3c1721: shutdown FollowerState
2019-10-17 20:31:57,531 [Thread-736] INFO  impl.FollowerState (FollowerState.java:run(117)) - 12dca792-6614-46e6-8fa8-e27f364a29d9@group-AC929BCCC495-FollowerState was interrupted: java.lang.InterruptedException: sleep interrupted
2019-10-17 20:31:57,531 [grpc-default-executor-2] INFO  impl.RoleInfo (RoleInfo.java:updateAndGet(143)) - 12dca792-6614-46e6-8fa8-e27f364a29d9: start FollowerState
2019-10-17 20:31:57,531 [Thread-735] INFO  impl.FollowerState (FollowerState.java:run(117)) - 840dadcc-bbff-4158-865b-0f258f3c1721@group-AC929BCCC495-FollowerState was interrupted: java.lang.InterruptedException: sleep interrupted
2019-10-17 20:31:57,531 [grpc-default-executor-1] INFO  impl.RoleInfo (RoleInfo.java:updateAndGet(143)) - 840dadcc-bbff-4158-865b-0f258f3c1721: start FollowerState
2019-10-17 20:31:57,563 [bdd1c484-1a92-4a2c-bc93-a7d8718d9bdc@group-AC929BCCC495-LeaderElection45] INFO  impl.LeaderElection (LeaderElection.java:logAndReturn(56)) - bdd1c484-1a92-4a2c-bc93-a7d8718d9bdc@group-AC929BCCC495-LeaderElection45: Election REJECTED; received 2 response(s) [bdd1c484-1a92-4a2c-bc93-a7d8718d9bdc<-12dca792-6614-46e6-8fa8-e27f364a29d9#0:FAIL-t42, bdd1c484-1a92-4a2c-bc93-a7d8718d9bdc<-840dadcc-bbff-4158-865b-0f258f3c1721#0:FAIL-t42] and 0 exception(s); bdd1c484-1a92-4a2c-bc93-a7d8718d9bdc@group-AC929BCCC495:t42, leader=null, voted=bdd1c484-1a92-4a2c-bc93-a7d8718d9bdc, raftlog=bdd1c484-1a92-4a2c-bc93-a7d8718d9bdc@group-AC929BCCC495-SegmentedRaftLog:OPENED:c-1,f-1,i0, conf=-1: [12dca792-6614-46e6-8fa8-e27f364a29d9:192.168.164.201:45540, bdd1c484-1a92-4a2c-bc93-a7d8718d9bdc:192.168.164.201:46574, 840dadcc-bbff-4158-865b-0f258f3c1721:192.168.164.201:46061], old=null
2019-10-17 20:31:57,563 [bdd1c484-1a92-4a2c-bc93-a7d8718d9bdc@group-AC929BCCC495-LeaderElection45] INFO  impl.RaftServerImpl (RaftServerImpl.java:setRole(184)) - bdd1c484-1a92-4a2c-bc93-a7d8718d9bdc@group-AC929BCCC495: changes role from CANDIDATE to FOLLOWER at term 42 for DISCOVERED_A_NEW_TERM
2019-10-17 20:31:57,564 [bdd1c484-1a92-4a2c-bc93-a7d8718d9bdc@group-AC929BCCC495-LeaderElection45] INFO  impl.RoleInfo (RoleInfo.java:shutdownLeaderElection(134)) - bdd1c484-1a92-4a2c-bc93-a7d8718d9bdc: shutdown LeaderElection
2019-10-17 20:31:57,564 [bdd1c484-1a92-4a2c-bc93-a7d8718d9bdc@group-AC929BCCC495-LeaderElection45] INFO  impl.RoleInfo (RoleInfo.java:updateAndGet(143)) - bdd1c484-1a92-4a2c-bc93-a7d8718d9bdc: start FollowerState
2019-10-17 20:31:57,633 [Thread-743] INFO  impl.FollowerState (FollowerState.java:run(108)) - bdd1c484-1a92-4a2c-bc93-a7d8718d9bdc@group-AC929BCCC495-FollowerState: change to CANDIDATE, lastRpcTime:68ms, electionTimeout:68ms
2019-10-17 20:31:57,633 [Thread-743] INFO  impl.RoleInfo (RoleInfo.java:shutdownFollowerState(121)) - bdd1c484-1a92-4a2c-bc93-a7d8718d9bdc: shutdown FollowerState
2019-10-17 20:31:57,633 [Thread-743] INFO  impl.RaftServerImpl (RaftServerImpl.java:setRole(184)) - bdd1c484-1a92-4a2c-bc93-a7d8718d9bdc@group-AC929BCCC495: changes role from  FOLLOWER to CANDIDATE at term 42 for changeToCandidate
2019-10-17 20:31:57,633 [Thread-743] INFO  impl.RoleInfo (RoleInfo.java:updateAndGet(143)) - bdd1c484-1a92-4a2c-bc93-a7d8718d9bdc: start LeaderElection
2019-10-17 20:31:57,662 [bdd1c484-1a92-4a2c-bc93-a7d8718d9bdc@group-AC929BCCC495-LeaderElection46] INFO  impl.LeaderElection (LeaderElection.java:askForVotes(178)) - bdd1c484-1a92-4a2c-bc93-a7d8718d9bdc@group-AC929BCCC495-LeaderElection46: begin an election at term 43 for -1: [12dca792-6614-46e6-8fa8-e27f364a29d9:192.168.164.201:45540, bdd1c484-1a92-4a2c-bc93-a7d8718d9bdc:192.168.164.201:46574, 840dadcc-bbff-4158-865b-0f258f3c1721:192.168.164.201:46061], old=null
2019-10-17 20:31:57,665 [grpc-default-executor-2] INFO  impl.RaftServerImpl (RaftServerImpl.java:setRole(184)) - 840dadcc-bbff-4158-865b-0f258f3c1721@group-AC929BCCC495: changes role from  FOLLOWER to FOLLOWER at term 43 for recognizeCandidate:bdd1c484-1a92-4a2c-bc93-a7d8718d9bdc
2019-10-17 20:31:57,665 [grpc-default-executor-2] INFO  impl.RoleInfo (RoleInfo.java:shutdownFollowerState(121)) - 840dadcc-bbff-4158-865b-0f258f3c1721: shutdown FollowerState
2019-10-17 20:31:57,666 [grpc-default-executor-2] INFO  impl.RoleInfo (RoleInfo.java:updateAndGet(143)) - 840dadcc-bbff-4158-865b-0f258f3c1721: start FollowerState
2019-10-17 20:31:57,666 [Thread-742] INFO  impl.FollowerState (FollowerState.java:run(117)) - 840dadcc-bbff-4158-865b-0f258f3c1721@group-AC929BCCC495-FollowerState was interrupted: java.lang.InterruptedException: sleep interrupted
2019-10-17 20:31:57,666 [grpc-default-executor-1] INFO  impl.RaftServerImpl (RaftServerImpl.java:setRole(184)) - 12dca792-6614-46e6-8fa8-e27f364a29d9@group-AC929BCCC495: changes role from  FOLLOWER to FOLLOWER at term 43 for recognizeCandidate:bdd1c484-1a92-4a2c-bc93-a7d8718d9bdc
2019-10-17 20:31:57,666 [grpc-default-executor-1] INFO  impl.RoleInfo (RoleInfo.java:shutdownFollowerState(121)) - 12dca792-6614-46e6-8fa8-e27f364a29d9: shutdown FollowerState
2019-10-17 20:31:57,666 [grpc-default-executor-1] INFO  impl.RoleInfo (RoleInfo.java:updateAndGet(143)) - 12dca792-6614-46e6-8fa8-e27f364a29d9: start FollowerState
2019-10-17 20:31:57,666 [Thread-741] INFO  impl.FollowerState (FollowerState.java:run(117)) - 12dca792-6614-46e6-8fa8-e27f364a29d9@group-AC929BCCC495-FollowerState was interrupted: java.lang.InterruptedException: sleep interrupted
2019-10-17 20:31:57,689 [bdd1c484-1a92-4a2c-bc93-a7d8718d9bdc@group-AC929BCCC495-LeaderElection46] INFO  impl.LeaderElection (LeaderElection.java:logAndReturn(56)) - bdd1c484-1a92-4a2c-bc93-a7d8718d9bdc@group-AC929BCCC495-LeaderElection46: Election REJECTED; received 2 response(s) [bdd1c484-1a92-4a2c-bc93-a7d8718d9bdc<-12dca792-6614-46e6-8fa8-e27f364a29d9#0:FAIL-t43, bdd1c484-1a92-4a2c-bc93-a7d8718d9bdc<-840dadcc-bbff-4158-865b-0f258f3c1721#0:FAIL-t43] and 0 exception(s); bdd1c484-1a92-4a2c-bc93-a7d8718d9bdc@group-AC929BCCC495:t43, leader=null, voted=bdd1c484-1a92-4a2c-bc93-a7d8718d9bdc, raftlog=bdd1c484-1a92-4a2c-bc93-a7d8718d9bdc@group-AC929BCCC495-SegmentedRaftLog:OPENED:c-1,f-1,i0, conf=-1: [12dca792-6614-46e6-8fa8-e27f364a29d9:192.168.164.201:45540, bdd1c484-1a92-4a2c-bc93-a7d8718d9bdc:192.168.164.201:46574, 840dadcc-bbff-4158-865b-0f258f3c1721:192.168.164.201:46061], old=null
2019-10-17 20:31:57,689 [bdd1c484-1a92-4a2c-bc93-a7d8718d9bdc@group-AC929BCCC495-LeaderElection46] INFO  impl.RaftServerImpl (RaftServerImpl.java:setRole(184)) - bdd1c484-1a92-4a2c-bc93-a7d8718d9bdc@group-AC929BCCC495: changes role from CANDIDATE to FOLLOWER at term 43 for DISCOVERED_A_NEW_TERM
2019-10-17 20:31:57,689 [bdd1c484-1a92-4a2c-bc93-a7d8718d9bdc@group-AC929BCCC495-LeaderElection46] INFO  impl.RoleInfo (RoleInfo.java:shutdownLeaderElection(134)) - bdd1c484-1a92-4a2c-bc93-a7d8718d9bdc: shutdown LeaderElection
2019-10-17 20:31:57,689 [bdd1c484-1a92-4a2c-bc93-a7d8718d9bdc@group-AC929BCCC495-LeaderElection46] INFO  impl.RoleInfo (RoleInfo.java:updateAndGet(143)) - bdd1c484-1a92-4a2c-bc93-a7d8718d9bdc: start FollowerState
2019-10-17 20:31:57,722 [Thread-749] INFO  impl.FollowerState (FollowerState.java:run(108)) - bdd1c484-1a92-4a2c-bc93-a7d8718d9bdc@group-AC929BCCC495-FollowerState: change to CANDIDATE, lastRpcTime:32ms, electionTimeout:32ms
2019-10-17 20:31:57,722 [Thread-749] INFO  impl.RoleInfo (RoleInfo.java:shutdownFollowerState(121)) - bdd1c484-1a92-4a2c-bc93-a7d8718d9bdc: shutdown FollowerState
2019-10-17 20:31:57,722 [Thread-749] INFO  impl.RaftServerImpl (RaftServerImpl.java:setRole(184)) - bdd1c484-1a92-4a2c-bc93-a7d8718d9bdc@group-AC929BCCC495: changes role from  FOLLOWER to CANDIDATE at term 43 for changeToCandidate
2019-10-17 20:31:57,722 [Thread-749] INFO  impl.RoleInfo (RoleInfo.java:updateAndGet(143)) - bdd1c484-1a92-4a2c-bc93-a7d8718d9bdc: start LeaderElection
2019-10-17 20:31:57,746 [bdd1c484-1a92-4a2c-bc93-a7d8718d9bdc@group-AC929BCCC495-LeaderElection47] INFO  impl.LeaderElection (LeaderElection.java:askForVotes(178)) - bdd1c484-1a92-4a2c-bc93-a7d8718d9bdc@group-AC929BCCC495-LeaderElection47: begin an election at term 44 for -1: [12dca792-6614-46e6-8fa8-e27f364a29d9:192.168.164.201:45540, bdd1c484-1a92-4a2c-bc93-a7d8718d9bdc:192.168.164.201:46574, 840dadcc-bbff-4158-865b-0f258f3c1721:192.168.164.201:46061], old=null
2019-10-17 20:31:57,749 [grpc-default-executor-2] INFO  impl.RaftServerImpl (RaftServerImpl.java:setRole(184)) - 12dca792-6614-46e6-8fa8-e27f364a29d9@group-AC929BCCC495: changes role from  FOLLOWER to FOLLOWER at term 44 for recognizeCandidate:bdd1c484-1a92-4a2c-bc93-a7d8718d9bdc
2019-10-17 20:31:57,749 [grpc-default-executor-2] INFO  impl.RoleInfo (RoleInfo.java:shutdownFollowerState(121)) - 12dca792-6614-46e6-8fa8-e27f364a29d9: shutdown FollowerState
2019-10-17 20:31:57,749 [grpc-default-executor-2] INFO  impl.RoleInfo (RoleInfo.java:updateAndGet(143)) - 12dca792-6614-46e6-8fa8-e27f364a29d9: start FollowerState
2019-10-17 20:31:57,749 [grpc-default-executor-1] INFO  impl.RaftServerImpl (RaftServerImpl.java:setRole(184)) - 840dadcc-bbff-4158-865b-0f258f3c1721@group-AC929BCCC495: changes role from  FOLLOWER to FOLLOWER at term 44 for recognizeCandidate:bdd1c484-1a92-4a2c-bc93-a7d8718d9bdc
2019-10-17 20:31:57,749 [Thread-748] INFO  impl.FollowerState (FollowerState.java:run(117)) - 12dca792-6614-46e6-8fa8-e27f364a29d9@group-AC929BCCC495-FollowerState was interrupted: java.lang.InterruptedException: sleep interrupted
2019-10-17 20:31:57,749 [grpc-default-executor-1] INFO  impl.RoleInfo (RoleInfo.java:shutdownFollowerState(121)) - 840dadcc-bbff-4158-865b-0f258f3c1721: shutdown FollowerState
2019-10-17 20:31:57,750 [grpc-default-executor-1] INFO  impl.RoleInfo (RoleInfo.java:updateAndGet(143)) - 840dadcc-bbff-4158-865b-0f258f3c1721: start FollowerState
2019-10-17 20:31:57,750 [Thread-747] INFO  impl.FollowerState (FollowerState.java:run(117)) - 840dadcc-bbff-4158-865b-0f258f3c1721@group-AC929BCCC495-FollowerState was interrupted: java.lang.InterruptedException: sleep interrupted
2019-10-17 20:31:57,773 [bdd1c484-1a92-4a2c-bc93-a7d8718d9bdc@group-AC929BCCC495-LeaderElection47] INFO  impl.LeaderElection (LeaderElection.java:logAndReturn(56)) - bdd1c484-1a92-4a2c-bc93-a7d8718d9bdc@group-AC929BCCC495-LeaderElection47: Election REJECTED; received 2 response(s) [bdd1c484-1a92-4a2c-bc93-a7d8718d9bdc<-12dca792-6614-46e6-8fa8-e27f364a29d9#0:FAIL-t44, bdd1c484-1a92-4a2c-bc93-a7d8718d9bdc<-840dadcc-bbff-4158-865b-0f258f3c1721#0:FAIL-t44] and 0 exception(s); bdd1c484-1a92-4a2c-bc93-a7d8718d9bdc@group-AC929BCCC495:t44, leader=null, voted=bdd1c484-1a92-4a2c-bc93-a7d8718d9bdc, raftlog=bdd1c484-1a92-4a2c-bc93-a7d8718d9bdc@group-AC929BCCC495-SegmentedRaftLog:OPENED:c-1,f-1,i0, conf=-1: [12dca792-6614-46e6-8fa8-e27f364a29d9:192.168.164.201:45540, bdd1c484-1a92-4a2c-bc93-a7d8718d9bdc:192.168.164.201:46574, 840dadcc-bbff-4158-865b-0f258f3c1721:192.168.164.201:46061], old=null
2019-10-17 20:31:57,774 [bdd1c484-1a92-4a2c-bc93-a7d8718d9bdc@group-AC929BCCC495-LeaderElection47] INFO  impl.RaftServerImpl (RaftServerImpl.java:setRole(184)) - bdd1c484-1a92-4a2c-bc93-a7d8718d9bdc@group-AC929BCCC495: changes role from CANDIDATE to FOLLOWER at term 44 for DISCOVERED_A_NEW_TERM
2019-10-17 20:31:57,774 [bdd1c484-1a92-4a2c-bc93-a7d8718d9bdc@group-AC929BCCC495-LeaderElection47] INFO  impl.RoleInfo (RoleInfo.java:shutdownLeaderElection(134)) - bdd1c484-1a92-4a2c-bc93-a7d8718d9bdc: shutdown LeaderElection
2019-10-17 20:31:57,774 [bdd1c484-1a92-4a2c-bc93-a7d8718d9bdc@group-AC929BCCC495-LeaderElection47] INFO  impl.RoleInfo (RoleInfo.java:updateAndGet(143)) - bdd1c484-1a92-4a2c-bc93-a7d8718d9bdc: start FollowerState
2019-10-17 20:31:57,902 [Thread-755] INFO  impl.FollowerState (FollowerState.java:run(108)) - bdd1c484-1a92-4a2c-bc93-a7d8718d9bdc@group-AC929BCCC495-FollowerState: change to CANDIDATE, lastRpcTime:127ms, electionTimeout:127ms
2019-10-17 20:31:57,902 [Thread-755] INFO  impl.RoleInfo (RoleInfo.java:shutdownFollowerState(121)) - bdd1c484-1a92-4a2c-bc93-a7d8718d9bdc: shutdown FollowerState
2019-10-17 20:31:57,902 [Thread-755] INFO  impl.RaftServerImpl (RaftServerImpl.java:setRole(184)) - bdd1c484-1a92-4a2c-bc93-a7d8718d9bdc@group-AC929BCCC495: changes role from  FOLLOWER to CANDIDATE at term 44 for changeToCandidate
2019-10-17 20:31:57,902 [Thread-755] INFO  impl.RoleInfo (RoleInfo.java:updateAndGet(143)) - bdd1c484-1a92-4a2c-bc93-a7d8718d9bdc: start LeaderElection
2019-10-17 20:31:57,931 [bdd1c484-1a92-4a2c-bc93-a7d8718d9bdc@group-AC929BCCC495-LeaderElection48] INFO  impl.LeaderElection (LeaderElection.java:askForVotes(178)) - bdd1c484-1a92-4a2c-bc93-a7d8718d9bdc@group-AC929BCCC495-LeaderElection48: begin an election at term 45 for -1: [12dca792-6614-46e6-8fa8-e27f364a29d9:192.168.164.201:45540, bdd1c484-1a92-4a2c-bc93-a7d8718d9bdc:192.168.164.201:46574, 840dadcc-bbff-4158-865b-0f258f3c1721:192.168.164.201:46061], old=null
2019-10-17 20:31:57,935 [grpc-default-executor-2] INFO  impl.RaftServerImpl (RaftServerImpl.java:setRole(184)) - 12dca792-6614-46e6-8fa8-e27f364a29d9@group-AC929BCCC495: changes role from  FOLLOWER to FOLLOWER at term 45 for recognizeCandidate:bdd1c484-1a92-4a2c-bc93-a7d8718d9bdc
2019-10-17 20:31:57,936 [grpc-default-executor-2] INFO  impl.RoleInfo (RoleInfo.java:shutdownFollowerState(121)) - 12dca792-6614-46e6-8fa8-e27f364a29d9: shutdown FollowerState
2019-10-17 20:31:57,935 [grpc-default-executor-1] INFO  impl.RaftServerImpl (RaftServerImpl.java:setRole(184)) - 840dadcc-bbff-4158-865b-0f258f3c1721@group-AC929BCCC495: changes role from  FOLLOWER to FOLLOWER at term 45 for recognizeCandidate:bdd1c484-1a92-4a2c-bc93-a7d8718d9bdc
2019-10-17 20:31:57,936 [grpc-default-executor-1] INFO  impl.RoleInfo (RoleInfo.java:shutdownFollowerState(121)) - 840dadcc-bbff-4158-865b-0f258f3c1721: shutdown FollowerState
2019-10-17 20:31:57,936 [grpc-default-executor-2] INFO  impl.RoleInfo (RoleInfo.java:updateAndGet(143)) - 12dca792-6614-46e6-8fa8-e27f364a29d9: start FollowerState
2019-10-17 20:31:57,936 [Thread-753] INFO  impl.FollowerState (FollowerState.java:run(117)) - 12dca792-6614-46e6-8fa8-e27f364a29d9@group-AC929BCCC495-FollowerState was interrupted: java.lang.InterruptedException: sleep interrupted
2019-10-17 20:31:57,936 [Thread-754] INFO  impl.FollowerState (FollowerState.java:run(117)) - 840dadcc-bbff-4158-865b-0f258f3c1721@group-AC929BCCC495-FollowerState was interrupted: java.lang.InterruptedException: sleep interrupted
2019-10-17 20:31:57,936 [grpc-default-executor-1] INFO  impl.RoleInfo (RoleInfo.java:updateAndGet(143)) - 840dadcc-bbff-4158-865b-0f258f3c1721: start FollowerState
2019-10-17 20:31:57,958 [bdd1c484-1a92-4a2c-bc93-a7d8718d9bdc@group-AC929BCCC495-LeaderElection48] INFO  impl.LeaderElection (LeaderElection.java:logAndReturn(56)) - bdd1c484-1a92-4a2c-bc93-a7d8718d9bdc@group-AC929BCCC495-LeaderElection48: Election REJECTED; received 2 response(s) [bdd1c484-1a92-4a2c-bc93-a7d8718d9bdc<-12dca792-6614-46e6-8fa8-e27f364a29d9#0:FAIL-t45, bdd1c484-1a92-4a2c-bc93-a7d8718d9bdc<-840dadcc-bbff-4158-865b-0f258f3c1721#0:FAIL-t45] and 0 exception(s); bdd1c484-1a92-4a2c-bc93-a7d8718d9bdc@group-AC929BCCC495:t45, leader=null, voted=bdd1c484-1a92-4a2c-bc93-a7d8718d9bdc, raftlog=bdd1c484-1a92-4a2c-bc93-a7d8718d9bdc@group-AC929BCCC495-SegmentedRaftLog:OPENED:c-1,f-1,i0, conf=-1: [12dca792-6614-46e6-8fa8-e27f364a29d9:192.168.164.201:45540, bdd1c484-1a92-4a2c-bc93-a7d8718d9bdc:192.168.164.201:46574, 840dadcc-bbff-4158-865b-0f258f3c1721:192.168.164.201:46061], old=null
2019-10-17 20:31:57,958 [bdd1c484-1a92-4a2c-bc93-a7d8718d9bdc@group-AC929BCCC495-LeaderElection48] INFO  impl.RaftServerImpl (RaftServerImpl.java:setRole(184)) - bdd1c484-1a92-4a2c-bc93-a7d8718d9bdc@group-AC929BCCC495: changes role from CANDIDATE to FOLLOWER at term 45 for DISCOVERED_A_NEW_TERM
2019-10-17 20:31:57,958 [bdd1c484-1a92-4a2c-bc93-a7d8718d9bdc@group-AC929BCCC495-LeaderElection48] INFO  impl.RoleInfo (RoleInfo.java:shutdownLeaderElection(134)) - bdd1c484-1a92-4a2c-bc93-a7d8718d9bdc: shutdown LeaderElection
2019-10-17 20:31:57,958 [bdd1c484-1a92-4a2c-bc93-a7d8718d9bdc@group-AC929BCCC495-LeaderElection48] INFO  impl.RoleInfo (RoleInfo.java:updateAndGet(143)) - bdd1c484-1a92-4a2c-bc93-a7d8718d9bdc: start FollowerState
2019-10-17 20:31:58,108 [Thread-761] INFO  impl.FollowerState (FollowerState.java:run(108)) - bdd1c484-1a92-4a2c-bc93-a7d8718d9bdc@group-AC929BCCC495-FollowerState: change to CANDIDATE, lastRpcTime:149ms, electionTimeout:149ms
2019-10-17 20:31:58,108 [Thread-761] INFO  impl.RoleInfo (RoleInfo.java:shutdownFollowerState(121)) - bdd1c484-1a92-4a2c-bc93-a7d8718d9bdc: shutdown FollowerState
2019-10-17 20:31:58,109 [Thread-761] INFO  impl.RaftServerImpl (RaftServerImpl.java:setRole(184)) - bdd1c484-1a92-4a2c-bc93-a7d8718d9bdc@group-AC929BCCC495: changes role from  FOLLOWER to CANDIDATE at term 45 for changeToCandidate
2019-10-17 20:31:58,109 [Thread-761] INFO  impl.RoleInfo (RoleInfo.java:updateAndGet(143)) - bdd1c484-1a92-4a2c-bc93-a7d8718d9bdc: start LeaderElection
2019-10-17 20:31:58,140 [bdd1c484-1a92-4a2c-bc93-a7d8718d9bdc@group-AC929BCCC495-LeaderElection49] INFO  impl.LeaderElection (LeaderElection.java:askForVotes(178)) - bdd1c484-1a92-4a2c-bc93-a7d8718d9bdc@group-AC929BCCC495-LeaderElection49: begin an election at term 46 for -1: [12dca792-6614-46e6-8fa8-e27f364a29d9:192.168.164.201:45540, bdd1c484-1a92-4a2c-bc93-a7d8718d9bdc:192.168.164.201:46574, 840dadcc-bbff-4158-865b-0f258f3c1721:192.168.164.201:46061], old=null
2019-10-17 20:31:58,143 [grpc-default-executor-1] INFO  impl.RaftServerImpl (RaftServerImpl.java:setRole(184)) - 840dadcc-bbff-4158-865b-0f258f3c1721@group-AC929BCCC495: changes role from  FOLLOWER to FOLLOWER at term 46 for recognizeCandidate:bdd1c484-1a92-4a2c-bc93-a7d8718d9bdc
2019-10-17 20:31:58,143 [grpc-default-executor-1] INFO  impl.RoleInfo (RoleInfo.java:shutdownFollowerState(121)) - 840dadcc-bbff-4158-865b-0f258f3c1721: shutdown FollowerState
2019-10-17 20:31:58,143 [grpc-default-executor-1] INFO  impl.RoleInfo (RoleInfo.java:updateAndGet(143)) - 840dadcc-bbff-4158-865b-0f258f3c1721: start FollowerState
2019-10-17 20:31:58,143 [Thread-760] INFO  impl.FollowerState (FollowerState.java:run(117)) - 840dadcc-bbff-4158-865b-0f258f3c1721@group-AC929BCCC495-FollowerState was interrupted: java.lang.InterruptedException: sleep interrupted
2019-10-17 20:31:58,143 [grpc-default-executor-2] INFO  impl.RaftServerImpl (RaftServerImpl.java:setRole(184)) - 12dca792-6614-46e6-8fa8-e27f364a29d9@group-AC929BCCC495: changes role from  FOLLOWER to FOLLOWER at term 46 for recognizeCandidate:bdd1c484-1a92-4a2c-bc93-a7d8718d9bdc
2019-10-17 20:31:58,144 [grpc-default-executor-2] INFO  impl.RoleInfo (RoleInfo.java:shutdownFollowerState(121)) - 12dca792-6614-46e6-8fa8-e27f364a29d9: shutdown FollowerState
2019-10-17 20:31:58,144 [grpc-default-executor-2] INFO  impl.RoleInfo (RoleInfo.java:updateAndGet(143)) - 12dca792-6614-46e6-8fa8-e27f364a29d9: start FollowerState
2019-10-17 20:31:58,144 [Thread-759] INFO  impl.FollowerState (FollowerState.java:run(117)) - 12dca792-6614-46e6-8fa8-e27f364a29d9@group-AC929BCCC495-FollowerState was interrupted: java.lang.InterruptedException: sleep interrupted
2019-10-17 20:31:58,167 [bdd1c484-1a92-4a2c-bc93-a7d8718d9bdc@group-AC929BCCC495-LeaderElection49] INFO  impl.LeaderElection (LeaderElection.java:logAndReturn(56)) - bdd1c484-1a92-4a2c-bc93-a7d8718d9bdc@group-AC929BCCC495-LeaderElection49: Election REJECTED; received 2 response(s) [bdd1c484-1a92-4a2c-bc93-a7d8718d9bdc<-12dca792-6614-46e6-8fa8-e27f364a29d9#0:FAIL-t46, bdd1c484-1a92-4a2c-bc93-a7d8718d9bdc<-840dadcc-bbff-4158-865b-0f258f3c1721#0:FAIL-t46] and 0 exception(s); bdd1c484-1a92-4a2c-bc93-a7d8718d9bdc@group-AC929BCCC495:t46, leader=null, voted=bdd1c484-1a92-4a2c-bc93-a7d8718d9bdc, raftlog=bdd1c484-1a92-4a2c-bc93-a7d8718d9bdc@group-AC929BCCC495-SegmentedRaftLog:OPENED:c-1,f-1,i0, conf=-1: [12dca792-6614-46e6-8fa8-e27f364a29d9:192.168.164.201:45540, bdd1c484-1a92-4a2c-bc93-a7d8718d9bdc:192.168.164.201:46574, 840dadcc-bbff-4158-865b-0f258f3c1721:192.168.164.201:46061], old=null
2019-10-17 20:31:58,167 [bdd1c484-1a92-4a2c-bc93-a7d8718d9bdc@group-AC929BCCC495-LeaderElection49] INFO  impl.RaftServerImpl (RaftServerImpl.java:setRole(184)) - bdd1c484-1a92-4a2c-bc93-a7d8718d9bdc@group-AC929BCCC495: changes role from CANDIDATE to FOLLOWER at term 46 for DISCOVERED_A_NEW_TERM
2019-10-17 20:31:58,167 [bdd1c484-1a92-4a2c-bc93-a7d8718d9bdc@group-AC929BCCC495-LeaderElection49] INFO  impl.RoleInfo (RoleInfo.java:shutdownLeaderElection(134)) - bdd1c484-1a92-4a2c-bc93-a7d8718d9bdc: shutdown LeaderElection
2019-10-17 20:31:58,167 [bdd1c484-1a92-4a2c-bc93-a7d8718d9bdc@group-AC929BCCC495-LeaderElection49] INFO  impl.RoleInfo (RoleInfo.java:updateAndGet(143)) - bdd1c484-1a92-4a2c-bc93-a7d8718d9bdc: start FollowerState
2019-10-17 20:31:58,239 [Thread-767] INFO  impl.FollowerState (FollowerState.java:run(108)) - bdd1c484-1a92-4a2c-bc93-a7d8718d9bdc@group-AC929BCCC495-FollowerState: change to CANDIDATE, lastRpcTime:71ms, electionTimeout:71ms
2019-10-17 20:31:58,239 [Thread-767] INFO  impl.RoleInfo (RoleInfo.java:shutdownFollowerState(121)) - bdd1c484-1a92-4a2c-bc93-a7d8718d9bdc: shutdown FollowerState
2019-10-17 20:31:58,239 [Thread-767] INFO  impl.RaftServerImpl (RaftServerImpl.java:setRole(184)) - bdd1c484-1a92-4a2c-bc93-a7d8718d9bdc@group-AC929BCCC495: changes role from  FOLLOWER to CANDIDATE at term 46 for changeToCandidate
2019-10-17 20:31:58,239 [Thread-767] INFO  impl.RoleInfo (RoleInfo.java:updateAndGet(143)) - bdd1c484-1a92-4a2c-bc93-a7d8718d9bdc: start LeaderElection
2019-10-17 20:31:58,266 [bdd1c484-1a92-4a2c-bc93-a7d8718d9bdc@group-AC929BCCC495-LeaderElection50] INFO  impl.LeaderElection (LeaderElection.java:askForVotes(178)) - bdd1c484-1a92-4a2c-bc93-a7d8718d9bdc@group-AC929BCCC495-LeaderElection50: begin an election at term 47 for -1: [12dca792-6614-46e6-8fa8-e27f364a29d9:192.168.164.201:45540, bdd1c484-1a92-4a2c-bc93-a7d8718d9bdc:192.168.164.201:46574, 840dadcc-bbff-4158-865b-0f258f3c1721:192.168.164.201:46061], old=null
2019-10-17 20:31:58,269 [grpc-default-executor-1] INFO  impl.RaftServerImpl (RaftServerImpl.java:setRole(184)) - 840dadcc-bbff-4158-865b-0f258f3c1721@group-AC929BCCC495: changes role from  FOLLOWER to FOLLOWER at term 47 for recognizeCandidate:bdd1c484-1a92-4a2c-bc93-a7d8718d9bdc
2019-10-17 20:31:58,269 [grpc-default-executor-2] INFO  impl.RaftServerImpl (RaftServerImpl.java:setRole(184)) - 12dca792-6614-46e6-8fa8-e27f364a29d9@group-AC929BCCC495: changes role from  FOLLOWER to FOLLOWER at term 47 for recognizeCandidate:bdd1c484-1a92-4a2c-bc93-a7d8718d9bdc
2019-10-17 20:31:58,269 [grpc-default-executor-1] INFO  impl.RoleInfo (RoleInfo.java:shutdownFollowerState(121)) - 840dadcc-bbff-4158-865b-0f258f3c1721: shutdown FollowerState
2019-10-17 20:31:58,269 [grpc-default-executor-2] INFO  impl.RoleInfo (RoleInfo.java:shutdownFollowerState(121)) - 12dca792-6614-46e6-8fa8-e27f364a29d9: shutdown FollowerState
2019-10-17 20:31:58,269 [grpc-default-executor-1] INFO  impl.RoleInfo (RoleInfo.java:updateAndGet(143)) - 840dadcc-bbff-4158-865b-0f258f3c1721: start FollowerState
2019-10-17 20:31:58,269 [Thread-766] INFO  impl.FollowerState (FollowerState.java:run(117)) - 12dca792-6614-46e6-8fa8-e27f364a29d9@group-AC929BCCC495-FollowerState was interrupted: java.lang.InterruptedException: sleep interrupted
2019-10-17 20:31:58,269 [grpc-default-executor-2] INFO  impl.RoleInfo (RoleInfo.java:updateAndGet(143)) - 12dca792-6614-46e6-8fa8-e27f364a29d9: start FollowerState
2019-10-17 20:31:58,269 [Thread-765] INFO  impl.FollowerState (FollowerState.java:run(117)) - 840dadcc-bbff-4158-865b-0f258f3c1721@group-AC929BCCC495-FollowerState was interrupted: java.lang.InterruptedException: sleep interrupted
2019-10-17 20:31:58,292 [bdd1c484-1a92-4a2c-bc93-a7d8718d9bdc@group-AC929BCCC495-LeaderElection50] INFO  impl.LeaderElection (LeaderElection.java:logAndReturn(56)) - bdd1c484-1a92-4a2c-bc93-a7d8718d9bdc@group-AC929BCCC495-LeaderElection50: Election REJECTED; received 2 response(s) [bdd1c484-1a92-4a2c-bc93-a7d8718d9bdc<-12dca792-6614-46e6-8fa8-e27f364a29d9#0:FAIL-t47, bdd1c484-1a92-4a2c-bc93-a7d8718d9bdc<-840dadcc-bbff-4158-865b-0f258f3c1721#0:FAIL-t47] and 0 exception(s); bdd1c484-1a92-4a2c-bc93-a7d8718d9bdc@group-AC929BCCC495:t47, leader=null, voted=bdd1c484-1a92-4a2c-bc93-a7d8718d9bdc, raftlog=bdd1c484-1a92-4a2c-bc93-a7d8718d9bdc@group-AC929BCCC495-SegmentedRaftLog:OPENED:c-1,f-1,i0, conf=-1: [12dca792-6614-46e6-8fa8-e27f364a29d9:192.168.164.201:45540, bdd1c484-1a92-4a2c-bc93-a7d8718d9bdc:192.168.164.201:46574, 840dadcc-bbff-4158-865b-0f258f3c1721:192.168.164.201:46061], old=null
2019-10-17 20:31:58,292 [bdd1c484-1a92-4a2c-bc93-a7d8718d9bdc@group-AC929BCCC495-LeaderElection50] INFO  impl.RaftServerImpl (RaftServerImpl.java:setRole(184)) - bdd1c484-1a92-4a2c-bc93-a7d8718d9bdc@group-AC929BCCC495: changes role from CANDIDATE to FOLLOWER at term 47 for DISCOVERED_A_NEW_TERM
2019-10-17 20:31:58,293 [bdd1c484-1a92-4a2c-bc93-a7d8718d9bdc@group-AC929BCCC495-LeaderElection50] INFO  impl.RoleInfo (RoleInfo.java:shutdownLeaderElection(134)) - bdd1c484-1a92-4a2c-bc93-a7d8718d9bdc: shutdown LeaderElection
2019-10-17 20:31:58,293 [bdd1c484-1a92-4a2c-bc93-a7d8718d9bdc@group-AC929BCCC495-LeaderElection50] INFO  impl.RoleInfo (RoleInfo.java:updateAndGet(143)) - bdd1c484-1a92-4a2c-bc93-a7d8718d9bdc: start FollowerState
2019-10-17 20:31:58,488 [Thread-773] INFO  impl.FollowerState (FollowerState.java:run(108)) - bdd1c484-1a92-4a2c-bc93-a7d8718d9bdc@group-AC929BCCC495-FollowerState: change to CANDIDATE, lastRpcTime:195ms, electionTimeout:195ms
2019-10-17 20:31:58,489 [Thread-773] INFO  impl.RoleInfo (RoleInfo.java:shutdownFollowerState(121)) - bdd1c484-1a92-4a2c-bc93-a7d8718d9bdc: shutdown FollowerState
2019-10-17 20:31:58,489 [Thread-773] INFO  impl.RaftServerImpl (RaftServerImpl.java:setRole(184)) - bdd1c484-1a92-4a2c-bc93-a7d8718d9bdc@group-AC929BCCC495: changes role from  FOLLOWER to CANDIDATE at term 47 for changeToCandidate
2019-10-17 20:31:58,489 [Thread-773] INFO  impl.RoleInfo (RoleInfo.java:updateAndGet(143)) - bdd1c484-1a92-4a2c-bc93-a7d8718d9bdc: start LeaderElection
2019-10-17 20:31:58,517 [bdd1c484-1a92-4a2c-bc93-a7d8718d9bdc@group-AC929BCCC495-LeaderElection51] INFO  impl.LeaderElection (LeaderElection.java:askForVotes(178)) - bdd1c484-1a92-4a2c-bc93-a7d8718d9bdc@group-AC929BCCC495-LeaderElection51: begin an election at term 48 for -1: [12dca792-6614-46e6-8fa8-e27f364a29d9:192.168.164.201:45540, bdd1c484-1a92-4a2c-bc93-a7d8718d9bdc:192.168.164.201:46574, 840dadcc-bbff-4158-865b-0f258f3c1721:192.168.164.201:46061], old=null
2019-10-17 20:31:58,520 [grpc-default-executor-1] INFO  impl.RaftServerImpl (RaftServerImpl.java:setRole(184)) - 12dca792-6614-46e6-8fa8-e27f364a29d9@group-AC929BCCC495: changes role from  FOLLOWER to FOLLOWER at term 48 for recognizeCandidate:bdd1c484-1a92-4a2c-bc93-a7d8718d9bdc
2019-10-17 20:31:58,520 [grpc-default-executor-2] INFO  impl.RaftServerImpl (RaftServerImpl.java:setRole(184)) - 840dadcc-bbff-4158-865b-0f258f3c1721@group-AC929BCCC495: changes role from  FOLLOWER to FOLLOWER at term 48 for recognizeCandidate:bdd1c484-1a92-4a2c-bc93-a7d8718d9bdc
2019-10-17 20:31:58,520 [grpc-default-executor-1] INFO  impl.RoleInfo (RoleInfo.java:shutdownFollowerState(121)) - 12dca792-6614-46e6-8fa8-e27f364a29d9: shutdown FollowerState
2019-10-17 20:31:58,520 [grpc-default-executor-2] INFO  impl.RoleInfo (RoleInfo.java:shutdownFollowerState(121)) - 840dadcc-bbff-4158-865b-0f258f3c1721: shutdown FollowerState
2019-10-17 20:31:58,521 [Thread-772] INFO  impl.FollowerState (FollowerState.java:run(117)) - 12dca792-6614-46e6-8fa8-e27f364a29d9@group-AC929BCCC495-FollowerState was interrupted: java.lang.InterruptedException: sleep interrupted
2019-10-17 20:31:58,521 [grpc-default-executor-1] INFO  impl.RoleInfo (RoleInfo.java:updateAndGet(143)) - 12dca792-6614-46e6-8fa8-e27f364a29d9: start FollowerState
2019-10-17 20:31:58,521 [Thread-771] INFO  impl.FollowerState (FollowerState.java:run(117)) - 840dadcc-bbff-4158-865b-0f258f3c1721@group-AC929BCCC495-FollowerState was interrupted: java.lang.InterruptedException: sleep interrupted
2019-10-17 20:31:58,521 [grpc-default-executor-2] INFO  impl.RoleInfo (RoleInfo.java:updateAndGet(143)) - 840dadcc-bbff-4158-865b-0f258f3c1721: start FollowerState
2019-10-17 20:31:58,544 [bdd1c484-1a92-4a2c-bc93-a7d8718d9bdc@group-AC929BCCC495-LeaderElection51] INFO  impl.LeaderElection (LeaderElection.java:logAndReturn(56)) - bdd1c484-1a92-4a2c-bc93-a7d8718d9bdc@group-AC929BCCC495-LeaderElection51: Election REJECTED; received 2 response(s) [bdd1c484-1a92-4a2c-bc93-a7d8718d9bdc<-12dca792-6614-46e6-8fa8-e27f364a29d9#0:FAIL-t48, bdd1c484-1a92-4a2c-bc93-a7d8718d9bdc<-840dadcc-bbff-4158-865b-0f258f3c1721#0:FAIL-t48] and 0 exception(s); bdd1c484-1a92-4a2c-bc93-a7d8718d9bdc@group-AC929BCCC495:t48, leader=null, voted=bdd1c484-1a92-4a2c-bc93-a7d8718d9bdc, raftlog=bdd1c484-1a92-4a2c-bc93-a7d8718d9bdc@group-AC929BCCC495-SegmentedRaftLog:OPENED:c-1,f-1,i0, conf=-1: [12dca792-6614-46e6-8fa8-e27f364a29d9:192.168.164.201:45540, bdd1c484-1a92-4a2c-bc93-a7d8718d9bdc:192.168.164.201:46574, 840dadcc-bbff-4158-865b-0f258f3c1721:192.168.164.201:46061], old=null
2019-10-17 20:31:58,544 [bdd1c484-1a92-4a2c-bc93-a7d8718d9bdc@group-AC929BCCC495-LeaderElection51] INFO  impl.RaftServerImpl (RaftServerImpl.java:setRole(184)) - bdd1c484-1a92-4a2c-bc93-a7d8718d9bdc@group-AC929BCCC495: changes role from CANDIDATE to FOLLOWER at term 48 for DISCOVERED_A_NEW_TERM
2019-10-17 20:31:58,544 [bdd1c484-1a92-4a2c-bc93-a7d8718d9bdc@group-AC929BCCC495-LeaderElection51] INFO  impl.RoleInfo (RoleInfo.java:shutdownLeaderElection(134)) - bdd1c484-1a92-4a2c-bc93-a7d8718d9bdc: shutdown LeaderElection
2019-10-17 20:31:58,544 [bdd1c484-1a92-4a2c-bc93-a7d8718d9bdc@group-AC929BCCC495-LeaderElection51] INFO  impl.RoleInfo (RoleInfo.java:updateAndGet(143)) - bdd1c484-1a92-4a2c-bc93-a7d8718d9bdc: start FollowerState
2019-10-17 20:31:58,586 [Thread-779] INFO  impl.FollowerState (FollowerState.java:run(108)) - bdd1c484-1a92-4a2c-bc93-a7d8718d9bdc@group-AC929BCCC495-FollowerState: change to CANDIDATE, lastRpcTime:41ms, electionTimeout:41ms
2019-10-17 20:31:58,586 [Thread-779] INFO  impl.RoleInfo (RoleInfo.java:shutdownFollowerState(121)) - bdd1c484-1a92-4a2c-bc93-a7d8718d9bdc: shutdown FollowerState
2019-10-17 20:31:58,586 [Thread-779] INFO  impl.RaftServerImpl (RaftServerImpl.java:setRole(184)) - bdd1c484-1a92-4a2c-bc93-a7d8718d9bdc@group-AC929BCCC495: changes role from  FOLLOWER to CANDIDATE at term 48 for changeToCandidate
2019-10-17 20:31:58,586 [Thread-779] INFO  impl.RoleInfo (RoleInfo.java:updateAndGet(143)) - bdd1c484-1a92-4a2c-bc93-a7d8718d9bdc: start LeaderElection
2019-10-17 20:31:58,609 [bdd1c484-1a92-4a2c-bc93-a7d8718d9bdc@group-AC929BCCC495-LeaderElection52] INFO  impl.LeaderElection (LeaderElection.java:askForVotes(178)) - bdd1c484-1a92-4a2c-bc93-a7d8718d9bdc@group-AC929BCCC495-LeaderElection52: begin an election at term 49 for -1: [12dca792-6614-46e6-8fa8-e27f364a29d9:192.168.164.201:45540, bdd1c484-1a92-4a2c-bc93-a7d8718d9bdc:192.168.164.201:46574, 840dadcc-bbff-4158-865b-0f258f3c1721:192.168.164.201:46061], old=null
2019-10-17 20:31:58,612 [grpc-default-executor-1] INFO  impl.RaftServerImpl (RaftServerImpl.java:setRole(184)) - 12dca792-6614-46e6-8fa8-e27f364a29d9@group-AC929BCCC495: changes role from  FOLLOWER to FOLLOWER at term 49 for recognizeCandidate:bdd1c484-1a92-4a2c-bc93-a7d8718d9bdc
2019-10-17 20:31:58,612 [grpc-default-executor-2] INFO  impl.RaftServerImpl (RaftServerImpl.java:setRole(184)) - 840dadcc-bbff-4158-865b-0f258f3c1721@group-AC929BCCC495: changes role from  FOLLOWER to FOLLOWER at term 49 for recognizeCandidate:bdd1c484-1a92-4a2c-bc93-a7d8718d9bdc
2019-10-17 20:31:58,612 [grpc-default-executor-1] INFO  impl.RoleInfo (RoleInfo.java:shutdownFollowerState(121)) - 12dca792-6614-46e6-8fa8-e27f364a29d9: shutdown FollowerState
2019-10-17 20:31:58,612 [grpc-default-executor-2] INFO  impl.RoleInfo (RoleInfo.java:shutdownFollowerState(121)) - 840dadcc-bbff-4158-865b-0f258f3c1721: shutdown FollowerState
2019-10-17 20:31:58,613 [Thread-777] INFO  impl.FollowerState (FollowerState.java:run(117)) - 12dca792-6614-46e6-8fa8-e27f364a29d9@group-AC929BCCC495-FollowerState was interrupted: java.lang.InterruptedException: sleep interrupted
2019-10-17 20:31:58,613 [grpc-default-executor-1] INFO  impl.RoleInfo (RoleInfo.java:updateAndGet(143)) - 12dca792-6614-46e6-8fa8-e27f364a29d9: start FollowerState
2019-10-17 20:31:58,613 [Thread-778] INFO  impl.FollowerState (FollowerState.java:run(117)) - 840dadcc-bbff-4158-865b-0f258f3c1721@group-AC929BCCC495-FollowerState was interrupted: java.lang.InterruptedException: sleep interrupted
2019-10-17 20:31:58,613 [grpc-default-executor-2] INFO  impl.RoleInfo (RoleInfo.java:updateAndGet(143)) - 840dadcc-bbff-4158-865b-0f258f3c1721: start FollowerState
2019-10-17 20:31:58,618 [bdd1c484-1a92-4a2c-bc93-a7d8718d9bdc@group-AC929BCCC495-LeaderElection52] INFO  impl.LeaderElection (LeaderElection.java:logAndReturn(56)) - bdd1c484-1a92-4a2c-bc93-a7d8718d9bdc@group-AC929BCCC495-LeaderElection52: Election TIMEOUT; received 0 response(s) [] and 0 exception(s); bdd1c484-1a92-4a2c-bc93-a7d8718d9bdc@group-AC929BCCC495:t49, leader=null, voted=bdd1c484-1a92-4a2c-bc93-a7d8718d9bdc, raftlog=bdd1c484-1a92-4a2c-bc93-a7d8718d9bdc@group-AC929BCCC495-SegmentedRaftLog:OPENED:c-1,f-1,i0, conf=-1: [12dca792-6614-46e6-8fa8-e27f364a29d9:192.168.164.201:45540, bdd1c484-1a92-4a2c-bc93-a7d8718d9bdc:192.168.164.201:46574, 840dadcc-bbff-4158-865b-0f258f3c1721:192.168.164.201:46061], old=null
2019-10-17 20:31:58,635 [bdd1c484-1a92-4a2c-bc93-a7d8718d9bdc@group-AC929BCCC495-LeaderElection52] INFO  impl.LeaderElection (LeaderElection.java:askForVotes(178)) - bdd1c484-1a92-4a2c-bc93-a7d8718d9bdc@group-AC929BCCC495-LeaderElection52: begin an election at term 50 for -1: [12dca792-6614-46e6-8fa8-e27f364a29d9:192.168.164.201:45540, bdd1c484-1a92-4a2c-bc93-a7d8718d9bdc:192.168.164.201:46574, 840dadcc-bbff-4158-865b-0f258f3c1721:192.168.164.201:46061], old=null
2019-10-17 20:31:58,637 [grpc-default-executor-1] INFO  impl.RaftServerImpl (RaftServerImpl.java:setRole(184)) - 12dca792-6614-46e6-8fa8-e27f364a29d9@group-AC929BCCC495: changes role from  FOLLOWER to FOLLOWER at term 50 for recognizeCandidate:bdd1c484-1a92-4a2c-bc93-a7d8718d9bdc
2019-10-17 20:31:58,638 [grpc-default-executor-1] INFO  impl.RoleInfo (RoleInfo.java:shutdownFollowerState(121)) - 12dca792-6614-46e6-8fa8-e27f364a29d9: shutdown FollowerState
2019-10-17 20:31:58,638 [grpc-default-executor-2] INFO  impl.RaftServerImpl (RaftServerImpl.java:setRole(184)) - 840dadcc-bbff-4158-865b-0f258f3c1721@group-AC929BCCC495: changes role from  FOLLOWER to FOLLOWER at term 50 for recognizeCandidate:bdd1c484-1a92-4a2c-bc93-a7d8718d9bdc
2019-10-17 20:31:58,638 [Thread-783] INFO  impl.FollowerState (FollowerState.java:run(117)) - 12dca792-6614-46e6-8fa8-e27f364a29d9@group-AC929BCCC495-FollowerState was interrupted: java.lang.InterruptedException: sleep interrupted
2019-10-17 20:31:58,638 [grpc-default-executor-1] INFO  impl.RoleInfo (RoleInfo.java:updateAndGet(143)) - 12dca792-6614-46e6-8fa8-e27f364a29d9: start FollowerState
2019-10-17 20:31:58,638 [grpc-default-executor-2] INFO  impl.RoleInfo (RoleInfo.java:shutdownFollowerState(121)) - 840dadcc-bbff-4158-865b-0f258f3c1721: shutdown FollowerState
2019-10-17 20:31:58,638 [grpc-default-executor-2] INFO  impl.RoleInfo (RoleInfo.java:updateAndGet(143)) - 840dadcc-bbff-4158-865b-0f258f3c1721: start FollowerState
2019-10-17 20:31:58,639 [Thread-784] INFO  impl.FollowerState (FollowerState.java:run(117)) - 840dadcc-bbff-4158-865b-0f258f3c1721@group-AC929BCCC495-FollowerState was interrupted: java.lang.InterruptedException: sleep interrupted
2019-10-17 20:31:58,661 [bdd1c484-1a92-4a2c-bc93-a7d8718d9bdc@group-AC929BCCC495-LeaderElection52] INFO  impl.LeaderElection (LeaderElection.java:logAndReturn(56)) - bdd1c484-1a92-4a2c-bc93-a7d8718d9bdc@group-AC929BCCC495-LeaderElection52: Election REJECTED; received 2 response(s) [bdd1c484-1a92-4a2c-bc93-a7d8718d9bdc<-12dca792-6614-46e6-8fa8-e27f364a29d9#0:FAIL-t50, bdd1c484-1a92-4a2c-bc93-a7d8718d9bdc<-840dadcc-bbff-4158-865b-0f258f3c1721#0:FAIL-t50] and 0 exception(s); bdd1c484-1a92-4a2c-bc93-a7d8718d9bdc@group-AC929BCCC495:t50, leader=null, voted=bdd1c484-1a92-4a2c-bc93-a7d8718d9bdc, raftlog=bdd1c484-1a92-4a2c-bc93-a7d8718d9bdc@group-AC929BCCC495-SegmentedRaftLog:OPENED:c-1,f-1,i0, conf=-1: [12dca792-6614-46e6-8fa8-e27f364a29d9:192.168.164.201:45540, bdd1c484-1a92-4a2c-bc93-a7d8718d9bdc:192.168.164.201:46574, 840dadcc-bbff-4158-865b-0f258f3c1721:192.168.164.201:46061], old=null
2019-10-17 20:31:58,662 [bdd1c484-1a92-4a2c-bc93-a7d8718d9bdc@group-AC929BCCC495-LeaderElection52] INFO  impl.RaftServerImpl (RaftServerImpl.java:setRole(184)) - bdd1c484-1a92-4a2c-bc93-a7d8718d9bdc@group-AC929BCCC495: changes role from CANDIDATE to FOLLOWER at term 50 for DISCOVERED_A_NEW_TERM
2019-10-17 20:31:58,662 [bdd1c484-1a92-4a2c-bc93-a7d8718d9bdc@group-AC929BCCC495-LeaderElection52] INFO  impl.RoleInfo (RoleInfo.java:shutdownLeaderElection(134)) - bdd1c484-1a92-4a2c-bc93-a7d8718d9bdc: shutdown LeaderElection
2019-10-17 20:31:58,662 [bdd1c484-1a92-4a2c-bc93-a7d8718d9bdc@group-AC929BCCC495-LeaderElection52] INFO  impl.RoleInfo (RoleInfo.java:updateAndGet(143)) - bdd1c484-1a92-4a2c-bc93-a7d8718d9bdc: start FollowerState
2019-10-17 20:31:58,797 [Thread-789] INFO  impl.FollowerState (FollowerState.java:run(108)) - bdd1c484-1a92-4a2c-bc93-a7d8718d9bdc@group-AC929BCCC495-FollowerState: change to CANDIDATE, lastRpcTime:134ms, electionTimeout:134ms
2019-10-17 20:31:58,797 [Thread-789] INFO  impl.RoleInfo (RoleInfo.java:shutdownFollowerState(121)) - bdd1c484-1a92-4a2c-bc93-a7d8718d9bdc: shutdown FollowerState
2019-10-17 20:31:58,797 [Thread-789] INFO  impl.RaftServerImpl (RaftServerImpl.java:setRole(184)) - bdd1c484-1a92-4a2c-bc93-a7d8718d9bdc@group-AC929BCCC495: changes role from  FOLLOWER to CANDIDATE at term 50 for changeToCandidate
2019-10-17 20:31:58,797 [Thread-789] INFO  impl.RoleInfo (RoleInfo.java:updateAndGet(143)) - bdd1c484-1a92-4a2c-bc93-a7d8718d9bdc: start LeaderElection
2019-10-17 20:31:58,827 [bdd1c484-1a92-4a2c-bc93-a7d8718d9bdc@group-AC929BCCC495-LeaderElection53] INFO  impl.LeaderElection (LeaderElection.java:askForVotes(178)) - bdd1c484-1a92-4a2c-bc93-a7d8718d9bdc@group-AC929BCCC495-LeaderElection53: begin an election at term 51 for -1: [12dca792-6614-46e6-8fa8-e27f364a29d9:192.168.164.201:45540, bdd1c484-1a92-4a2c-bc93-a7d8718d9bdc:192.168.164.201:46574, 840dadcc-bbff-4158-865b-0f258f3c1721:192.168.164.201:46061], old=null
2019-10-17 20:31:58,830 [grpc-default-executor-1] INFO  impl.RaftServerImpl (RaftServerImpl.java:setRole(184)) - 12dca792-6614-46e6-8fa8-e27f364a29d9@group-AC929BCCC495: changes role from  FOLLOWER to FOLLOWER at term 51 for recognizeCandidate:bdd1c484-1a92-4a2c-bc93-a7d8718d9bdc
2019-10-17 20:31:58,830 [grpc-default-executor-2] INFO  impl.RaftServerImpl (RaftServerImpl.java:setRole(184)) - 840dadcc-bbff-4158-865b-0f258f3c1721@group-AC929BCCC495: changes role from  FOLLOWER to FOLLOWER at term 51 for recognizeCandidate:bdd1c484-1a92-4a2c-bc93-a7d8718d9bdc
2019-10-17 20:31:58,830 [grpc-default-executor-1] INFO  impl.RoleInfo (RoleInfo.java:shutdownFollowerState(121)) - 12dca792-6614-46e6-8fa8-e27f364a29d9: shutdown FollowerState
2019-10-17 20:31:58,830 [grpc-default-executor-2] INFO  impl.RoleInfo (RoleInfo.java:shutdownFollowerState(121)) - 840dadcc-bbff-4158-865b-0f258f3c1721: shutdown FollowerState
2019-10-17 20:31:58,831 [Thread-787] INFO  impl.FollowerState (FollowerState.java:run(117)) - 12dca792-6614-46e6-8fa8-e27f364a29d9@group-AC929BCCC495-FollowerState was interrupted: java.lang.InterruptedException: sleep interrupted
2019-10-17 20:31:58,831 [grpc-default-executor-1] INFO  impl.RoleInfo (RoleInfo.java:updateAndGet(143)) - 12dca792-6614-46e6-8fa8-e27f364a29d9: start FollowerState
2019-10-17 20:31:58,831 [grpc-default-executor-2] INFO  impl.RoleInfo (RoleInfo.java:updateAndGet(143)) - 840dadcc-bbff-4158-865b-0f258f3c1721: start FollowerState
2019-10-17 20:31:58,831 [Thread-788] INFO  impl.FollowerState (FollowerState.java:run(117)) - 840dadcc-bbff-4158-865b-0f258f3c1721@group-AC929BCCC495-FollowerState was interrupted: java.lang.InterruptedException: sleep interrupted
2019-10-17 20:31:58,854 [bdd1c484-1a92-4a2c-bc93-a7d8718d9bdc@group-AC929BCCC495-LeaderElection53] INFO  impl.LeaderElection (LeaderElection.java:logAndReturn(56)) - bdd1c484-1a92-4a2c-bc93-a7d8718d9bdc@group-AC929BCCC495-LeaderElection53: Election REJECTED; received 2 response(s) [bdd1c484-1a92-4a2c-bc93-a7d8718d9bdc<-12dca792-6614-46e6-8fa8-e27f364a29d9#0:FAIL-t51, bdd1c484-1a92-4a2c-bc93-a7d8718d9bdc<-840dadcc-bbff-4158-865b-0f258f3c1721#0:FAIL-t51] and 0 exception(s); bdd1c484-1a92-4a2c-bc93-a7d8718d9bdc@group-AC929BCCC495:t51, leader=null, voted=bdd1c484-1a92-4a2c-bc93-a7d8718d9bdc, raftlog=bdd1c484-1a92-4a2c-bc93-a7d8718d9bdc@group-AC929BCCC495-SegmentedRaftLog:OPENED:c-1,f-1,i0, conf=-1: [12dca792-6614-46e6-8fa8-e27f364a29d9:192.168.164.201:45540, bdd1c484-1a92-4a2c-bc93-a7d8718d9bdc:192.168.164.201:46574, 840dadcc-bbff-4158-865b-0f258f3c1721:192.168.164.201:46061], old=null
2019-10-17 20:31:58,854 [bdd1c484-1a92-4a2c-bc93-a7d8718d9bdc@group-AC929BCCC495-LeaderElection53] INFO  impl.RaftServerImpl (RaftServerImpl.java:setRole(184)) - bdd1c484-1a92-4a2c-bc93-a7d8718d9bdc@group-AC929BCCC495: changes role from CANDIDATE to FOLLOWER at term 51 for DISCOVERED_A_NEW_TERM
2019-10-17 20:31:58,854 [bdd1c484-1a92-4a2c-bc93-a7d8718d9bdc@group-AC929BCCC495-LeaderElection53] INFO  impl.RoleInfo (RoleInfo.java:shutdownLeaderElection(134)) - bdd1c484-1a92-4a2c-bc93-a7d8718d9bdc: shutdown LeaderElection
2019-10-17 20:31:58,855 [bdd1c484-1a92-4a2c-bc93-a7d8718d9bdc@group-AC929BCCC495-LeaderElection53] INFO  impl.RoleInfo (RoleInfo.java:updateAndGet(143)) - bdd1c484-1a92-4a2c-bc93-a7d8718d9bdc: start FollowerState
2019-10-17 20:31:58,928 [Thread-795] INFO  impl.FollowerState (FollowerState.java:run(108)) - bdd1c484-1a92-4a2c-bc93-a7d8718d9bdc@group-AC929BCCC495-FollowerState: change to CANDIDATE, lastRpcTime:73ms, electionTimeout:73ms
2019-10-17 20:31:58,928 [Thread-795] INFO  impl.RoleInfo (RoleInfo.java:shutdownFollowerState(121)) - bdd1c484-1a92-4a2c-bc93-a7d8718d9bdc: shutdown FollowerState
2019-10-17 20:31:58,928 [Thread-795] INFO  impl.RaftServerImpl (RaftServerImpl.java:setRole(184)) - bdd1c484-1a92-4a2c-bc93-a7d8718d9bdc@group-AC929BCCC495: changes role from  FOLLOWER to CANDIDATE at term 51 for changeToCandidate
2019-10-17 20:31:58,929 [Thread-795] INFO  impl.RoleInfo (RoleInfo.java:updateAndGet(143)) - bdd1c484-1a92-4a2c-bc93-a7d8718d9bdc: start LeaderElection
2019-10-17 20:31:58,953 [bdd1c484-1a92-4a2c-bc93-a7d8718d9bdc@group-AC929BCCC495-LeaderElection54] INFO  impl.LeaderElection (LeaderElection.java:askForVotes(178)) - bdd1c484-1a92-4a2c-bc93-a7d8718d9bdc@group-AC929BCCC495-LeaderElection54: begin an election at term 52 for -1: [12dca792-6614-46e6-8fa8-e27f364a29d9:192.168.164.201:45540, bdd1c484-1a92-4a2c-bc93-a7d8718d9bdc:192.168.164.201:46574, 840dadcc-bbff-4158-865b-0f258f3c1721:192.168.164.201:46061], old=null
2019-10-17 20:31:58,956 [grpc-default-executor-1] INFO  impl.RaftServerImpl (RaftServerImpl.java:setRole(184)) - 12dca792-6614-46e6-8fa8-e27f364a29d9@group-AC929BCCC495: changes role from  FOLLOWER to FOLLOWER at term 52 for recognizeCandidate:bdd1c484-1a92-4a2c-bc93-a7d8718d9bdc
2019-10-17 20:31:58,956 [grpc-default-executor-1] INFO  impl.RoleInfo (RoleInfo.java:shutdownFollowerState(121)) - 12dca792-6614-46e6-8fa8-e27f364a29d9: shutdown FollowerState
2019-10-17 20:31:58,956 [grpc-default-executor-2] INFO  impl.RaftServerImpl (RaftServerImpl.java:setRole(184)) - 840dadcc-bbff-4158-865b-0f258f3c1721@group-AC929BCCC495: changes role from  FOLLOWER to FOLLOWER at term 52 for recognizeCandidate:bdd1c484-1a92-4a2c-bc93-a7d8718d9bdc
2019-10-17 20:31:58,956 [Thread-793] INFO  impl.FollowerState (FollowerState.java:run(117)) - 12dca792-6614-46e6-8fa8-e27f364a29d9@group-AC929BCCC495-FollowerState was interrupted: java.lang.InterruptedException: sleep interrupted
2019-10-17 20:31:58,956 [grpc-default-executor-1] INFO  impl.RoleInfo (RoleInfo.java:updateAndGet(143)) - 12dca792-6614-46e6-8fa8-e27f364a29d9: start FollowerState
2019-10-17 20:31:58,956 [grpc-default-executor-2] INFO  impl.RoleInfo (RoleInfo.java:shutdownFollowerState(121)) - 840dadcc-bbff-4158-865b-0f258f3c1721: shutdown FollowerState
2019-10-17 20:31:58,957 [grpc-default-executor-2] INFO  impl.RoleInfo (RoleInfo.java:updateAndGet(143)) - 840dadcc-bbff-4158-865b-0f258f3c1721: start FollowerState
2019-10-17 20:31:58,957 [Thread-794] INFO  impl.FollowerState (FollowerState.java:run(117)) - 840dadcc-bbff-4158-865b-0f258f3c1721@group-AC929BCCC495-FollowerState was interrupted: java.lang.InterruptedException: sleep interrupted
2019-10-17 20:31:58,981 [bdd1c484-1a92-4a2c-bc93-a7d8718d9bdc@group-AC929BCCC495-LeaderElection54] INFO  impl.LeaderElection (LeaderElection.java:logAndReturn(56)) - bdd1c484-1a92-4a2c-bc93-a7d8718d9bdc@group-AC929BCCC495-LeaderElection54: Election REJECTED; received 2 response(s) [bdd1c484-1a92-4a2c-bc93-a7d8718d9bdc<-12dca792-6614-46e6-8fa8-e27f364a29d9#0:FAIL-t52, bdd1c484-1a92-4a2c-bc93-a7d8718d9bdc<-840dadcc-bbff-4158-865b-0f258f3c1721#0:FAIL-t52] and 0 exception(s); bdd1c484-1a92-4a2c-bc93-a7d8718d9bdc@group-AC929BCCC495:t52, leader=null, voted=bdd1c484-1a92-4a2c-bc93-a7d8718d9bdc, raftlog=bdd1c484-1a92-4a2c-bc93-a7d8718d9bdc@group-AC929BCCC495-SegmentedRaftLog:OPENED:c-1,f-1,i0, conf=-1: [12dca792-6614-46e6-8fa8-e27f364a29d9:192.168.164.201:45540, bdd1c484-1a92-4a2c-bc93-a7d8718d9bdc:192.168.164.201:46574, 840dadcc-bbff-4158-865b-0f258f3c1721:192.168.164.201:46061], old=null
2019-10-17 20:31:58,981 [bdd1c484-1a92-4a2c-bc93-a7d8718d9bdc@group-AC929BCCC495-LeaderElection54] INFO  impl.RaftServerImpl (RaftServerImpl.java:setRole(184)) - bdd1c484-1a92-4a2c-bc93-a7d8718d9bdc@group-AC929BCCC495: changes role from CANDIDATE to FOLLOWER at term 52 for DISCOVERED_A_NEW_TERM
2019-10-17 20:31:58,981 [bdd1c484-1a92-4a2c-bc93-a7d8718d9bdc@group-AC929BCCC495-LeaderElection54] INFO  impl.RoleInfo (RoleInfo.java:shutdownLeaderElection(134)) - bdd1c484-1a92-4a2c-bc93-a7d8718d9bdc: shutdown LeaderElection
2019-10-17 20:31:58,982 [bdd1c484-1a92-4a2c-bc93-a7d8718d9bdc@group-AC929BCCC495-LeaderElection54] INFO  impl.RoleInfo (RoleInfo.java:updateAndGet(143)) - bdd1c484-1a92-4a2c-bc93-a7d8718d9bdc: start FollowerState
2019-10-17 20:31:59,149 [Thread-801] INFO  impl.FollowerState (FollowerState.java:run(108)) - bdd1c484-1a92-4a2c-bc93-a7d8718d9bdc@group-AC929BCCC495-FollowerState: change to CANDIDATE, lastRpcTime:167ms, electionTimeout:167ms
2019-10-17 20:31:59,149 [Thread-801] INFO  impl.RoleInfo (RoleInfo.java:shutdownFollowerState(121)) - bdd1c484-1a92-4a2c-bc93-a7d8718d9bdc: shutdown FollowerState
2019-10-17 20:31:59,150 [Thread-801] INFO  impl.RaftServerImpl (RaftServerImpl.java:setRole(184)) - bdd1c484-1a92-4a2c-bc93-a7d8718d9bdc@group-AC929BCCC495: changes role from  FOLLOWER to CANDIDATE at term 52 for changeToCandidate
2019-10-17 20:31:59,150 [Thread-801] INFO  impl.RoleInfo (RoleInfo.java:updateAndGet(143)) - bdd1c484-1a92-4a2c-bc93-a7d8718d9bdc: start LeaderElection
2019-10-17 20:31:59,180 [bdd1c484-1a92-4a2c-bc93-a7d8718d9bdc@group-AC929BCCC495-LeaderElection55] INFO  impl.LeaderElection (LeaderElection.java:askForVotes(178)) - bdd1c484-1a92-4a2c-bc93-a7d8718d9bdc@group-AC929BCCC495-LeaderElection55: begin an election at term 53 for -1: [12dca792-6614-46e6-8fa8-e27f364a29d9:192.168.164.201:45540, bdd1c484-1a92-4a2c-bc93-a7d8718d9bdc:192.168.164.201:46574, 840dadcc-bbff-4158-865b-0f258f3c1721:192.168.164.201:46061], old=null
2019-10-17 20:31:59,183 [grpc-default-executor-2] INFO  impl.RaftServerImpl (RaftServerImpl.java:setRole(184)) - 840dadcc-bbff-4158-865b-0f258f3c1721@group-AC929BCCC495: changes role from  FOLLOWER to FOLLOWER at term 53 for recognizeCandidate:bdd1c484-1a92-4a2c-bc93-a7d8718d9bdc
2019-10-17 20:31:59,184 [grpc-default-executor-2] INFO  impl.RoleInfo (RoleInfo.java:shutdownFollowerState(121)) - 840dadcc-bbff-4158-865b-0f258f3c1721: shutdown FollowerState
2019-10-17 20:31:59,184 [grpc-default-executor-2] INFO  impl.RoleInfo (RoleInfo.java:updateAndGet(143)) - 840dadcc-bbff-4158-865b-0f258f3c1721: start FollowerState
2019-10-17 20:31:59,184 [grpc-default-executor-1] INFO  impl.RaftServerImpl (RaftServerImpl.java:setRole(184)) - 12dca792-6614-46e6-8fa8-e27f364a29d9@group-AC929BCCC495: changes role from  FOLLOWER to FOLLOWER at term 53 for recognizeCandidate:bdd1c484-1a92-4a2c-bc93-a7d8718d9bdc
2019-10-17 20:31:59,184 [Thread-800] INFO  impl.FollowerState (FollowerState.java:run(117)) - 840dadcc-bbff-4158-865b-0f258f3c1721@group-AC929BCCC495-FollowerState was interrupted: java.lang.InterruptedException: sleep interrupted
2019-10-17 20:31:59,184 [grpc-default-executor-1] INFO  impl.RoleInfo (RoleInfo.java:shutdownFollowerState(121)) - 12dca792-6614-46e6-8fa8-e27f364a29d9: shutdown FollowerState
2019-10-17 20:31:59,185 [grpc-default-executor-1] INFO  impl.RoleInfo (RoleInfo.java:updateAndGet(143)) - 12dca792-6614-46e6-8fa8-e27f364a29d9: start FollowerState
2019-10-17 20:31:59,185 [Thread-799] INFO  impl.FollowerState (FollowerState.java:run(117)) - 12dca792-6614-46e6-8fa8-e27f364a29d9@group-AC929BCCC495-FollowerState was interrupted: java.lang.InterruptedException: sleep interrupted
2019-10-17 20:31:59,207 [bdd1c484-1a92-4a2c-bc93-a7d8718d9bdc@group-AC929BCCC495-LeaderElection55] INFO  impl.LeaderElection (LeaderElection.java:logAndReturn(56)) - bdd1c484-1a92-4a2c-bc93-a7d8718d9bdc@group-AC929BCCC495-LeaderElection55: Election REJECTED; received 2 response(s) [bdd1c484-1a92-4a2c-bc93-a7d8718d9bdc<-12dca792-6614-46e6-8fa8-e27f364a29d9#0:FAIL-t53, bdd1c484-1a92-4a2c-bc93-a7d8718d9bdc<-840dadcc-bbff-4158-865b-0f258f3c1721#0:FAIL-t53] and 0 exception(s); bdd1c484-1a92-4a2c-bc93-a7d8718d9bdc@group-AC929BCCC495:t53, leader=null, voted=bdd1c484-1a92-4a2c-bc93-a7d8718d9bdc, raftlog=bdd1c484-1a92-4a2c-bc93-a7d8718d9bdc@group-AC929BCCC495-SegmentedRaftLog:OPENED:c-1,f-1,i0, conf=-1: [12dca792-6614-46e6-8fa8-e27f364a29d9:192.168.164.201:45540, bdd1c484-1a92-4a2c-bc93-a7d8718d9bdc:192.168.164.201:46574, 840dadcc-bbff-4158-865b-0f258f3c1721:192.168.164.201:46061], old=null
2019-10-17 20:31:59,207 [bdd1c484-1a92-4a2c-bc93-a7d8718d9bdc@group-AC929BCCC495-LeaderElection55] INFO  impl.RaftServerImpl (RaftServerImpl.java:setRole(184)) - bdd1c484-1a92-4a2c-bc93-a7d8718d9bdc@group-AC929BCCC495: changes role from CANDIDATE to FOLLOWER at term 53 for DISCOVERED_A_NEW_TERM
2019-10-17 20:31:59,207 [bdd1c484-1a92-4a2c-bc93-a7d8718d9bdc@group-AC929BCCC495-LeaderElection55] INFO  impl.RoleInfo (RoleInfo.java:shutdownLeaderElection(134)) - bdd1c484-1a92-4a2c-bc93-a7d8718d9bdc: shutdown LeaderElection
2019-10-17 20:31:59,208 [bdd1c484-1a92-4a2c-bc93-a7d8718d9bdc@group-AC929BCCC495-LeaderElection55] INFO  impl.RoleInfo (RoleInfo.java:updateAndGet(143)) - bdd1c484-1a92-4a2c-bc93-a7d8718d9bdc: start FollowerState
2019-10-17 20:31:59,255 [Thread-807] INFO  impl.FollowerState (FollowerState.java:run(108)) - bdd1c484-1a92-4a2c-bc93-a7d8718d9bdc@group-AC929BCCC495-FollowerState: change to CANDIDATE, lastRpcTime:47ms, electionTimeout:47ms
2019-10-17 20:31:59,255 [Thread-807] INFO  impl.RoleInfo (RoleInfo.java:shutdownFollowerState(121)) - bdd1c484-1a92-4a2c-bc93-a7d8718d9bdc: shutdown FollowerState
2019-10-17 20:31:59,255 [Thread-807] INFO  impl.RaftServerImpl (RaftServerImpl.java:setRole(184)) - bdd1c484-1a92-4a2c-bc93-a7d8718d9bdc@group-AC929BCCC495: changes role from  FOLLOWER to CANDIDATE at term 53 for changeToCandidate
2019-10-17 20:31:59,256 [Thread-807] INFO  impl.RoleInfo (RoleInfo.java:updateAndGet(143)) - bdd1c484-1a92-4a2c-bc93-a7d8718d9bdc: start LeaderElection
2019-10-17 20:31:59,281 [bdd1c484-1a92-4a2c-bc93-a7d8718d9bdc@group-AC929BCCC495-LeaderElection56] INFO  impl.LeaderElection (LeaderElection.java:askForVotes(178)) - bdd1c484-1a92-4a2c-bc93-a7d8718d9bdc@group-AC929BCCC495-LeaderElection56: begin an election at term 54 for -1: [12dca792-6614-46e6-8fa8-e27f364a29d9:192.168.164.201:45540, bdd1c484-1a92-4a2c-bc93-a7d8718d9bdc:192.168.164.201:46574, 840dadcc-bbff-4158-865b-0f258f3c1721:192.168.164.201:46061], old=null
2019-10-17 20:31:59,284 [grpc-default-executor-2] INFO  impl.RaftServerImpl (RaftServerImpl.java:setRole(184)) - 840dadcc-bbff-4158-865b-0f258f3c1721@group-AC929BCCC495: changes role from  FOLLOWER to FOLLOWER at term 54 for recognizeCandidate:bdd1c484-1a92-4a2c-bc93-a7d8718d9bdc
2019-10-17 20:31:59,284 [grpc-default-executor-2] INFO  impl.RoleInfo (RoleInfo.java:shutdownFollowerState(121)) - 840dadcc-bbff-4158-865b-0f258f3c1721: shutdown FollowerState
2019-10-17 20:31:59,284 [grpc-default-executor-1] INFO  impl.RaftServerImpl (RaftServerImpl.java:setRole(184)) - 12dca792-6614-46e6-8fa8-e27f364a29d9@group-AC929BCCC495: changes role from  FOLLOWER to FOLLOWER at term 54 for recognizeCandidate:bdd1c484-1a92-4a2c-bc93-a7d8718d9bdc
2019-10-17 20:31:59,284 [grpc-default-executor-2] INFO  impl.RoleInfo (RoleInfo.java:updateAndGet(143)) - 840dadcc-bbff-4158-865b-0f258f3c1721: start FollowerState
2019-10-17 20:31:59,284 [Thread-805] INFO  impl.FollowerState (FollowerState.java:run(117)) - 840dadcc-bbff-4158-865b-0f258f3c1721@group-AC929BCCC495-FollowerState was interrupted: java.lang.InterruptedException: sleep interrupted
2019-10-17 20:31:59,284 [grpc-default-executor-1] INFO  impl.RoleInfo (RoleInfo.java:shutdownFollowerState(121)) - 12dca792-6614-46e6-8fa8-e27f364a29d9: shutdown FollowerState
2019-10-17 20:31:59,285 [grpc-default-executor-1] INFO  impl.RoleInfo (RoleInfo.java:updateAndGet(143)) - 12dca792-6614-46e6-8fa8-e27f364a29d9: start FollowerState
2019-10-17 20:31:59,285 [Thread-806] INFO  impl.FollowerState (FollowerState.java:run(117)) - 12dca792-6614-46e6-8fa8-e27f364a29d9@group-AC929BCCC495-FollowerState was interrupted: java.lang.InterruptedException: sleep interrupted
2019-10-17 20:31:59,308 [bdd1c484-1a92-4a2c-bc93-a7d8718d9bdc@group-AC929BCCC495-LeaderElection56] INFO  impl.LeaderElection (LeaderElection.java:logAndReturn(56)) - bdd1c484-1a92-4a2c-bc93-a7d8718d9bdc@group-AC929BCCC495-LeaderElection56: Election REJECTED; received 2 response(s) [bdd1c484-1a92-4a2c-bc93-a7d8718d9bdc<-12dca792-6614-46e6-8fa8-e27f364a29d9#0:FAIL-t54, bdd1c484-1a92-4a2c-bc93-a7d8718d9bdc<-840dadcc-bbff-4158-865b-0f258f3c1721#0:FAIL-t54] and 0 exception(s); bdd1c484-1a92-4a2c-bc93-a7d8718d9bdc@group-AC929BCCC495:t54, leader=null, voted=bdd1c484-1a92-4a2c-bc93-a7d8718d9bdc, raftlog=bdd1c484-1a92-4a2c-bc93-a7d8718d9bdc@group-AC929BCCC495-SegmentedRaftLog:OPENED:c-1,f-1,i0, conf=-1: [12dca792-6614-46e6-8fa8-e27f364a29d9:192.168.164.201:45540, bdd1c484-1a92-4a2c-bc93-a7d8718d9bdc:192.168.164.201:46574, 840dadcc-bbff-4158-865b-0f258f3c1721:192.168.164.201:46061], old=null
2019-10-17 20:31:59,308 [bdd1c484-1a92-4a2c-bc93-a7d8718d9bdc@group-AC929BCCC495-LeaderElection56] INFO  impl.RaftServerImpl (RaftServerImpl.java:setRole(184)) - bdd1c484-1a92-4a2c-bc93-a7d8718d9bdc@group-AC929BCCC495: changes role from CANDIDATE to FOLLOWER at term 54 for DISCOVERED_A_NEW_TERM
2019-10-17 20:31:59,308 [bdd1c484-1a92-4a2c-bc93-a7d8718d9bdc@group-AC929BCCC495-LeaderElection56] INFO  impl.RoleInfo (RoleInfo.java:shutdownLeaderElection(134)) - bdd1c484-1a92-4a2c-bc93-a7d8718d9bdc: shutdown LeaderElection
2019-10-17 20:31:59,308 [bdd1c484-1a92-4a2c-bc93-a7d8718d9bdc@group-AC929BCCC495-LeaderElection56] INFO  impl.RoleInfo (RoleInfo.java:updateAndGet(143)) - bdd1c484-1a92-4a2c-bc93-a7d8718d9bdc: start FollowerState
2019-10-17 20:31:59,401 [Thread-813] INFO  impl.FollowerState (FollowerState.java:run(108)) - bdd1c484-1a92-4a2c-bc93-a7d8718d9bdc@group-AC929BCCC495-FollowerState: change to CANDIDATE, lastRpcTime:92ms, electionTimeout:92ms
2019-10-17 20:31:59,401 [Thread-813] INFO  impl.RoleInfo (RoleInfo.java:shutdownFollowerState(121)) - bdd1c484-1a92-4a2c-bc93-a7d8718d9bdc: shutdown FollowerState
2019-10-17 20:31:59,401 [Thread-813] INFO  impl.RaftServerImpl (RaftServerImpl.java:setRole(184)) - bdd1c484-1a92-4a2c-bc93-a7d8718d9bdc@group-AC929BCCC495: changes role from  FOLLOWER to CANDIDATE at term 54 for changeToCandidate
2019-10-17 20:31:59,401 [Thread-813] INFO  impl.RoleInfo (RoleInfo.java:updateAndGet(143)) - bdd1c484-1a92-4a2c-bc93-a7d8718d9bdc: start LeaderElection
2019-10-17 20:31:59,432 [bdd1c484-1a92-4a2c-bc93-a7d8718d9bdc@group-AC929BCCC495-LeaderElection57] INFO  impl.LeaderElection (LeaderElection.java:askForVotes(178)) - bdd1c484-1a92-4a2c-bc93-a7d8718d9bdc@group-AC929BCCC495-LeaderElection57: begin an election at term 55 for -1: [12dca792-6614-46e6-8fa8-e27f364a29d9:192.168.164.201:45540, bdd1c484-1a92-4a2c-bc93-a7d8718d9bdc:192.168.164.201:46574, 840dadcc-bbff-4158-865b-0f258f3c1721:192.168.164.201:46061], old=null
2019-10-17 20:31:59,435 [grpc-default-executor-1] INFO  impl.RaftServerImpl (RaftServerImpl.java:setRole(184)) - 12dca792-6614-46e6-8fa8-e27f364a29d9@group-AC929BCCC495: changes role from  FOLLOWER to FOLLOWER at term 55 for recognizeCandidate:bdd1c484-1a92-4a2c-bc93-a7d8718d9bdc
2019-10-17 20:31:59,435 [grpc-default-executor-2] INFO  impl.RaftServerImpl (RaftServerImpl.java:setRole(184)) - 840dadcc-bbff-4158-865b-0f258f3c1721@group-AC929BCCC495: changes role from  FOLLOWER to FOLLOWER at term 55 for recognizeCandidate:bdd1c484-1a92-4a2c-bc93-a7d8718d9bdc
2019-10-17 20:31:59,435 [grpc-default-executor-1] INFO  impl.RoleInfo (RoleInfo.java:shutdownFollowerState(121)) - 12dca792-6614-46e6-8fa8-e27f364a29d9: shutdown FollowerState
2019-10-17 20:31:59,435 [grpc-default-executor-2] INFO  impl.RoleInfo (RoleInfo.java:shutdownFollowerState(121)) - 840dadcc-bbff-4158-865b-0f258f3c1721: shutdown FollowerState
2019-10-17 20:31:59,436 [Thread-812] INFO  impl.FollowerState (FollowerState.java:run(117)) - 12dca792-6614-46e6-8fa8-e27f364a29d9@group-AC929BCCC495-FollowerState was interrupted: java.lang.InterruptedException: sleep interrupted
2019-10-17 20:31:59,436 [grpc-default-executor-1] INFO  impl.RoleInfo (RoleInfo.java:updateAndGet(143)) - 12dca792-6614-46e6-8fa8-e27f364a29d9: start FollowerState
2019-10-17 20:31:59,436 [Thread-811] INFO  impl.FollowerState (FollowerState.java:run(117)) - 840dadcc-bbff-4158-865b-0f258f3c1721@group-AC929BCCC495-FollowerState was interrupted: java.lang.InterruptedException: sleep interrupted
2019-10-17 20:31:59,436 [grpc-default-executor-2] INFO  impl.RoleInfo (RoleInfo.java:updateAndGet(143)) - 840dadcc-bbff-4158-865b-0f258f3c1721: start FollowerState
2019-10-17 20:31:59,459 [bdd1c484-1a92-4a2c-bc93-a7d8718d9bdc@group-AC929BCCC495-LeaderElection57] INFO  impl.LeaderElection (LeaderElection.java:logAndReturn(56)) - bdd1c484-1a92-4a2c-bc93-a7d8718d9bdc@group-AC929BCCC495-LeaderElection57: Election REJECTED; received 2 response(s) [bdd1c484-1a92-4a2c-bc93-a7d8718d9bdc<-12dca792-6614-46e6-8fa8-e27f364a29d9#0:FAIL-t55, bdd1c484-1a92-4a2c-bc93-a7d8718d9bdc<-840dadcc-bbff-4158-865b-0f258f3c1721#0:FAIL-t55] and 0 exception(s); bdd1c484-1a92-4a2c-bc93-a7d8718d9bdc@group-AC929BCCC495:t55, leader=null, voted=bdd1c484-1a92-4a2c-bc93-a7d8718d9bdc, raftlog=bdd1c484-1a92-4a2c-bc93-a7d8718d9bdc@group-AC929BCCC495-SegmentedRaftLog:OPENED:c-1,f-1,i0, conf=-1: [12dca792-6614-46e6-8fa8-e27f364a29d9:192.168.164.201:45540, bdd1c484-1a92-4a2c-bc93-a7d8718d9bdc:192.168.164.201:46574, 840dadcc-bbff-4158-865b-0f258f3c1721:192.168.164.201:46061], old=null
2019-10-17 20:31:59,459 [bdd1c484-1a92-4a2c-bc93-a7d8718d9bdc@group-AC929BCCC495-LeaderElection57] INFO  impl.RaftServerImpl (RaftServerImpl.java:setRole(184)) - bdd1c484-1a92-4a2c-bc93-a7d8718d9bdc@group-AC929BCCC495: changes role from CANDIDATE to FOLLOWER at term 55 for DISCOVERED_A_NEW_TERM
2019-10-17 20:31:59,459 [bdd1c484-1a92-4a2c-bc93-a7d8718d9bdc@group-AC929BCCC495-LeaderElection57] INFO  impl.RoleInfo (RoleInfo.java:shutdownLeaderElection(134)) - bdd1c484-1a92-4a2c-bc93-a7d8718d9bdc: shutdown LeaderElection
2019-10-17 20:31:59,459 [bdd1c484-1a92-4a2c-bc93-a7d8718d9bdc@group-AC929BCCC495-LeaderElection57] INFO  impl.RoleInfo (RoleInfo.java:updateAndGet(143)) - bdd1c484-1a92-4a2c-bc93-a7d8718d9bdc: start FollowerState
2019-10-17 20:31:59,487 [Thread-819] INFO  impl.FollowerState (FollowerState.java:run(108)) - bdd1c484-1a92-4a2c-bc93-a7d8718d9bdc@group-AC929BCCC495-FollowerState: change to CANDIDATE, lastRpcTime:28ms, electionTimeout:28ms
2019-10-17 20:31:59,488 [Thread-819] INFO  impl.RoleInfo (RoleInfo.java:shutdownFollowerState(121)) - bdd1c484-1a92-4a2c-bc93-a7d8718d9bdc: shutdown FollowerState
2019-10-17 20:31:59,488 [Thread-819] INFO  impl.RaftServerImpl (RaftServerImpl.java:setRole(184)) - bdd1c484-1a92-4a2c-bc93-a7d8718d9bdc@group-AC929BCCC495: changes role from  FOLLOWER to CANDIDATE at term 55 for changeToCandidate
2019-10-17 20:31:59,488 [Thread-819] INFO  impl.RoleInfo (RoleInfo.java:updateAndGet(143)) - bdd1c484-1a92-4a2c-bc93-a7d8718d9bdc: start LeaderElection
2019-10-17 20:31:59,516 [bdd1c484-1a92-4a2c-bc93-a7d8718d9bdc@group-AC929BCCC495-LeaderElection58] INFO  impl.LeaderElection (LeaderElection.java:askForVotes(178)) - bdd1c484-1a92-4a2c-bc93-a7d8718d9bdc@group-AC929BCCC495-LeaderElection58: begin an election at term 56 for -1: [12dca792-6614-46e6-8fa8-e27f364a29d9:192.168.164.201:45540, bdd1c484-1a92-4a2c-bc93-a7d8718d9bdc:192.168.164.201:46574, 840dadcc-bbff-4158-865b-0f258f3c1721:192.168.164.201:46061], old=null
2019-10-17 20:31:59,519 [grpc-default-executor-1] INFO  impl.RaftServerImpl (RaftServerImpl.java:setRole(184)) - 12dca792-6614-46e6-8fa8-e27f364a29d9@group-AC929BCCC495: changes role from  FOLLOWER to FOLLOWER at term 56 for recognizeCandidate:bdd1c484-1a92-4a2c-bc93-a7d8718d9bdc
2019-10-17 20:31:59,519 [grpc-default-executor-2] INFO  impl.RaftServerImpl (RaftServerImpl.java:setRole(184)) - 840dadcc-bbff-4158-865b-0f258f3c1721@group-AC929BCCC495: changes role from  FOLLOWER to FOLLOWER at term 56 for recognizeCandidate:bdd1c484-1a92-4a2c-bc93-a7d8718d9bdc
2019-10-17 20:31:59,519 [grpc-default-executor-1] INFO  impl.RoleInfo (RoleInfo.java:shutdownFollowerState(121)) - 12dca792-6614-46e6-8fa8-e27f364a29d9: shutdown FollowerState
2019-10-17 20:31:59,519 [grpc-default-executor-2] INFO  impl.RoleInfo (RoleInfo.java:shutdownFollowerState(121)) - 840dadcc-bbff-4158-865b-0f258f3c1721: shutdown FollowerState
2019-10-17 20:31:59,519 [Thread-817] INFO  impl.FollowerState (FollowerState.java:run(117)) - 12dca792-6614-46e6-8fa8-e27f364a29d9@group-AC929BCCC495-FollowerState was interrupted: java.lang.InterruptedException: sleep interrupted
2019-10-17 20:31:59,519 [grpc-default-executor-2] INFO  impl.RoleInfo (RoleInfo.java:updateAndGet(143)) - 840dadcc-bbff-4158-865b-0f258f3c1721: start FollowerState
2019-10-17 20:31:59,519 [grpc-default-executor-1] INFO  impl.RoleInfo (RoleInfo.java:updateAndGet(143)) - 12dca792-6614-46e6-8fa8-e27f364a29d9: start FollowerState
2019-10-17 20:31:59,519 [Thread-818] INFO  impl.FollowerState (FollowerState.java:run(117)) - 840dadcc-bbff-4158-865b-0f258f3c1721@group-AC929BCCC495-FollowerState was interrupted: java.lang.InterruptedException: sleep interrupted
2019-10-17 20:31:59,543 [bdd1c484-1a92-4a2c-bc93-a7d8718d9bdc@group-AC929BCCC495-LeaderElection58] INFO  impl.LeaderElection (LeaderElection.java:logAndReturn(56)) - bdd1c484-1a92-4a2c-bc93-a7d8718d9bdc@group-AC929BCCC495-LeaderElection58: Election REJECTED; received 2 response(s) [bdd1c484-1a92-4a2c-bc93-a7d8718d9bdc<-12dca792-6614-46e6-8fa8-e27f364a29d9#0:FAIL-t56, bdd1c484-1a92-4a2c-bc93-a7d8718d9bdc<-840dadcc-bbff-4158-865b-0f258f3c1721#0:FAIL-t56] and 0 exception(s); bdd1c484-1a92-4a2c-bc93-a7d8718d9bdc@group-AC929BCCC495:t56, leader=null, voted=bdd1c484-1a92-4a2c-bc93-a7d8718d9bdc, raftlog=bdd1c484-1a92-4a2c-bc93-a7d8718d9bdc@group-AC929BCCC495-SegmentedRaftLog:OPENED:c-1,f-1,i0, conf=-1: [12dca792-6614-46e6-8fa8-e27f364a29d9:192.168.164.201:45540, bdd1c484-1a92-4a2c-bc93-a7d8718d9bdc:192.168.164.201:46574, 840dadcc-bbff-4158-865b-0f258f3c1721:192.168.164.201:46061], old=null
2019-10-17 20:31:59,543 [bdd1c484-1a92-4a2c-bc93-a7d8718d9bdc@group-AC929BCCC495-LeaderElection58] INFO  impl.RaftServerImpl (RaftServerImpl.java:setRole(184)) - bdd1c484-1a92-4a2c-bc93-a7d8718d9bdc@group-AC929BCCC495: changes role from CANDIDATE to FOLLOWER at term 56 for DISCOVERED_A_NEW_TERM
2019-10-17 20:31:59,543 [bdd1c484-1a92-4a2c-bc93-a7d8718d9bdc@group-AC929BCCC495-LeaderElection58] INFO  impl.RoleInfo (RoleInfo.java:shutdownLeaderElection(134)) - bdd1c484-1a92-4a2c-bc93-a7d8718d9bdc: shutdown LeaderElection
2019-10-17 20:31:59,543 [bdd1c484-1a92-4a2c-bc93-a7d8718d9bdc@group-AC929BCCC495-LeaderElection58] INFO  impl.RoleInfo (RoleInfo.java:updateAndGet(143)) - bdd1c484-1a92-4a2c-bc93-a7d8718d9bdc: start FollowerState
2019-10-17 20:31:59,700 [Thread-825] INFO  impl.FollowerState (FollowerState.java:run(108)) - bdd1c484-1a92-4a2c-bc93-a7d8718d9bdc@group-AC929BCCC495-FollowerState: change to CANDIDATE, lastRpcTime:156ms, electionTimeout:156ms
2019-10-17 20:31:59,700 [Thread-825] INFO  impl.RoleInfo (RoleInfo.java:shutdownFollowerState(121)) - bdd1c484-1a92-4a2c-bc93-a7d8718d9bdc: shutdown FollowerState
2019-10-17 20:31:59,700 [Thread-825] INFO  impl.RaftServerImpl (RaftServerImpl.java:setRole(184)) - bdd1c484-1a92-4a2c-bc93-a7d8718d9bdc@group-AC929BCCC495: changes role from  FOLLOWER to CANDIDATE at term 56 for changeToCandidate
2019-10-17 20:31:59,701 [Thread-825] INFO  impl.RoleInfo (RoleInfo.java:updateAndGet(143)) - bdd1c484-1a92-4a2c-bc93-a7d8718d9bdc: start LeaderElection
2019-10-17 20:31:59,734 [bdd1c484-1a92-4a2c-bc93-a7d8718d9bdc@group-AC929BCCC495-LeaderElection59] INFO  impl.LeaderElection (LeaderElection.java:askForVotes(178)) - bdd1c484-1a92-4a2c-bc93-a7d8718d9bdc@group-AC929BCCC495-LeaderElection59: begin an election at term 57 for -1: [12dca792-6614-46e6-8fa8-e27f364a29d9:192.168.164.201:45540, bdd1c484-1a92-4a2c-bc93-a7d8718d9bdc:192.168.164.201:46574, 840dadcc-bbff-4158-865b-0f258f3c1721:192.168.164.201:46061], old=null
2019-10-17 20:31:59,737 [grpc-default-executor-2] INFO  impl.RaftServerImpl (RaftServerImpl.java:setRole(184)) - 840dadcc-bbff-4158-865b-0f258f3c1721@group-AC929BCCC495: changes role from  FOLLOWER to FOLLOWER at term 57 for recognizeCandidate:bdd1c484-1a92-4a2c-bc93-a7d8718d9bdc
2019-10-17 20:31:59,738 [grpc-default-executor-2] INFO  impl.RoleInfo (RoleInfo.java:shutdownFollowerState(121)) - 840dadcc-bbff-4158-865b-0f258f3c1721: shutdown FollowerState
2019-10-17 20:31:59,737 [grpc-default-executor-1] INFO  impl.RaftServerImpl (RaftServerImpl.java:setRole(184)) - 12dca792-6614-46e6-8fa8-e27f364a29d9@group-AC929BCCC495: changes role from  FOLLOWER to FOLLOWER at term 57 for recognizeCandidate:bdd1c484-1a92-4a2c-bc93-a7d8718d9bdc
2019-10-17 20:31:59,738 [Thread-824] INFO  impl.FollowerState (FollowerState.java:run(117)) - 840dadcc-bbff-4158-865b-0f258f3c1721@group-AC929BCCC495-FollowerState was interrupted: java.lang.InterruptedException: sleep interrupted
2019-10-17 20:31:59,738 [grpc-default-executor-2] INFO  impl.RoleInfo (RoleInfo.java:updateAndGet(143)) - 840dadcc-bbff-4158-865b-0f258f3c1721: start FollowerState
2019-10-17 20:31:59,738 [grpc-default-executor-1] INFO  impl.RoleInfo (RoleInfo.java:shutdownFollowerState(121)) - 12dca792-6614-46e6-8fa8-e27f364a29d9: shutdown FollowerState
2019-10-17 20:31:59,738 [grpc-default-executor-1] INFO  impl.RoleInfo (RoleInfo.java:updateAndGet(143)) - 12dca792-6614-46e6-8fa8-e27f364a29d9: start FollowerState
2019-10-17 20:31:59,739 [Thread-823] INFO  impl.FollowerState (FollowerState.java:run(117)) - 12dca792-6614-46e6-8fa8-e27f364a29d9@group-AC929BCCC495-FollowerState was interrupted: java.lang.InterruptedException: sleep interrupted
2019-10-17 20:31:59,770 [bdd1c484-1a92-4a2c-bc93-a7d8718d9bdc@group-AC929BCCC495-LeaderElection59] INFO  impl.LeaderElection (LeaderElection.java:logAndReturn(56)) - bdd1c484-1a92-4a2c-bc93-a7d8718d9bdc@group-AC929BCCC495-LeaderElection59: Election REJECTED; received 2 response(s) [bdd1c484-1a92-4a2c-bc93-a7d8718d9bdc<-12dca792-6614-46e6-8fa8-e27f364a29d9#0:FAIL-t57, bdd1c484-1a92-4a2c-bc93-a7d8718d9bdc<-840dadcc-bbff-4158-865b-0f258f3c1721#0:FAIL-t57] and 0 exception(s); bdd1c484-1a92-4a2c-bc93-a7d8718d9bdc@group-AC929BCCC495:t57, leader=null, voted=bdd1c484-1a92-4a2c-bc93-a7d8718d9bdc, raftlog=bdd1c484-1a92-4a2c-bc93-a7d8718d9bdc@group-AC929BCCC495-SegmentedRaftLog:OPENED:c-1,f-1,i0, conf=-1: [12dca792-6614-46e6-8fa8-e27f364a29d9:192.168.164.201:45540, bdd1c484-1a92-4a2c-bc93-a7d8718d9bdc:192.168.164.201:46574, 840dadcc-bbff-4158-865b-0f258f3c1721:192.168.164.201:46061], old=null
2019-10-17 20:31:59,771 [bdd1c484-1a92-4a2c-bc93-a7d8718d9bdc@group-AC929BCCC495-LeaderElection59] INFO  impl.RaftServerImpl (RaftServerImpl.java:setRole(184)) - bdd1c484-1a92-4a2c-bc93-a7d8718d9bdc@group-AC929BCCC495: changes role from CANDIDATE to FOLLOWER at term 57 for DISCOVERED_A_NEW_TERM
2019-10-17 20:31:59,771 [bdd1c484-1a92-4a2c-bc93-a7d8718d9bdc@group-AC929BCCC495-LeaderElection59] INFO  impl.RoleInfo (RoleInfo.java:shutdownLeaderElection(134)) - bdd1c484-1a92-4a2c-bc93-a7d8718d9bdc: shutdown LeaderElection
2019-10-17 20:31:59,771 [bdd1c484-1a92-4a2c-bc93-a7d8718d9bdc@group-AC929BCCC495-LeaderElection59] INFO  impl.RoleInfo (RoleInfo.java:updateAndGet(143)) - bdd1c484-1a92-4a2c-bc93-a7d8718d9bdc: start FollowerState
2019-10-17 20:31:59,774 [Thread-831] INFO  impl.FollowerState (FollowerState.java:run(108)) - bdd1c484-1a92-4a2c-bc93-a7d8718d9bdc@group-AC929BCCC495-FollowerState: change to CANDIDATE, lastRpcTime:2ms, electionTimeout:2ms
2019-10-17 20:31:59,774 [Thread-831] INFO  impl.RoleInfo (RoleInfo.java:shutdownFollowerState(121)) - bdd1c484-1a92-4a2c-bc93-a7d8718d9bdc: shutdown FollowerState
2019-10-17 20:31:59,774 [Thread-831] INFO  impl.RaftServerImpl (RaftServerImpl.java:setRole(184)) - bdd1c484-1a92-4a2c-bc93-a7d8718d9bdc@group-AC929BCCC495: changes role from  FOLLOWER to CANDIDATE at term 57 for changeToCandidate
2019-10-17 20:31:59,774 [Thread-831] INFO  impl.RoleInfo (RoleInfo.java:updateAndGet(143)) - bdd1c484-1a92-4a2c-bc93-a7d8718d9bdc: start LeaderElection
2019-10-17 20:31:59,801 [bdd1c484-1a92-4a2c-bc93-a7d8718d9bdc@group-AC929BCCC495-LeaderElection60] INFO  impl.LeaderElection (LeaderElection.java:askForVotes(178)) - bdd1c484-1a92-4a2c-bc93-a7d8718d9bdc@group-AC929BCCC495-LeaderElection60: begin an election at term 58 for -1: [12dca792-6614-46e6-8fa8-e27f364a29d9:192.168.164.201:45540, bdd1c484-1a92-4a2c-bc93-a7d8718d9bdc:192.168.164.201:46574, 840dadcc-bbff-4158-865b-0f258f3c1721:192.168.164.201:46061], old=null
2019-10-17 20:31:59,804 [grpc-default-executor-1] INFO  impl.RaftServerImpl (RaftServerImpl.java:setRole(184)) - 840dadcc-bbff-4158-865b-0f258f3c1721@group-AC929BCCC495: changes role from  FOLLOWER to FOLLOWER at term 58 for recognizeCandidate:bdd1c484-1a92-4a2c-bc93-a7d8718d9bdc
2019-10-17 20:31:59,805 [grpc-default-executor-2] INFO  impl.RaftServerImpl (RaftServerImpl.java:setRole(184)) - 12dca792-6614-46e6-8fa8-e27f364a29d9@group-AC929BCCC495: changes role from  FOLLOWER to FOLLOWER at term 58 for recognizeCandidate:bdd1c484-1a92-4a2c-bc93-a7d8718d9bdc
2019-10-17 20:31:59,805 [grpc-default-executor-1] INFO  impl.RoleInfo (RoleInfo.java:shutdownFollowerState(121)) - 840dadcc-bbff-4158-865b-0f258f3c1721: shutdown FollowerState
2019-10-17 20:31:59,805 [grpc-default-executor-2] INFO  impl.RoleInfo (RoleInfo.java:shutdownFollowerState(121)) - 12dca792-6614-46e6-8fa8-e27f364a29d9: shutdown FollowerState
2019-10-17 20:31:59,805 [grpc-default-executor-1] INFO  impl.RoleInfo (RoleInfo.java:updateAndGet(143)) - 840dadcc-bbff-4158-865b-0f258f3c1721: start FollowerState
2019-10-17 20:31:59,805 [Thread-829] INFO  impl.FollowerState (FollowerState.java:run(117)) - 840dadcc-bbff-4158-865b-0f258f3c1721@group-AC929BCCC495-FollowerState was interrupted: java.lang.InterruptedException: sleep interrupted
2019-10-17 20:31:59,805 [grpc-default-executor-2] INFO  impl.RoleInfo (RoleInfo.java:updateAndGet(143)) - 12dca792-6614-46e6-8fa8-e27f364a29d9: start FollowerState
2019-10-17 20:31:59,805 [Thread-830] INFO  impl.FollowerState (FollowerState.java:run(117)) - 12dca792-6614-46e6-8fa8-e27f364a29d9@group-AC929BCCC495-FollowerState was interrupted: java.lang.InterruptedException: sleep interrupted
2019-10-17 20:31:59,835 [bdd1c484-1a92-4a2c-bc93-a7d8718d9bdc@group-AC929BCCC495-LeaderElection60] INFO  impl.LeaderElection (LeaderElection.java:logAndReturn(56)) - bdd1c484-1a92-4a2c-bc93-a7d8718d9bdc@group-AC929BCCC495-LeaderElection60: Election TIMEOUT; received 0 response(s) [] and 0 exception(s); bdd1c484-1a92-4a2c-bc93-a7d8718d9bdc@group-AC929BCCC495:t58, leader=null, voted=bdd1c484-1a92-4a2c-bc93-a7d8718d9bdc, raftlog=bdd1c484-1a92-4a2c-bc93-a7d8718d9bdc@group-AC929BCCC495-SegmentedRaftLog:OPENED:c-1,f-1,i0, conf=-1: [12dca792-6614-46e6-8fa8-e27f364a29d9:192.168.164.201:45540, bdd1c484-1a92-4a2c-bc93-a7d8718d9bdc:192.168.164.201:46574, 840dadcc-bbff-4158-865b-0f258f3c1721:192.168.164.201:46061], old=null
2019-10-17 20:31:59,860 [bdd1c484-1a92-4a2c-bc93-a7d8718d9bdc@group-AC929BCCC495-LeaderElection60] INFO  impl.LeaderElection (LeaderElection.java:askForVotes(178)) - bdd1c484-1a92-4a2c-bc93-a7d8718d9bdc@group-AC929BCCC495-LeaderElection60: begin an election at term 59 for -1: [12dca792-6614-46e6-8fa8-e27f364a29d9:192.168.164.201:45540, bdd1c484-1a92-4a2c-bc93-a7d8718d9bdc:192.168.164.201:46574, 840dadcc-bbff-4158-865b-0f258f3c1721:192.168.164.201:46061], old=null
2019-10-17 20:31:59,863 [grpc-default-executor-1] INFO  impl.RaftServerImpl (RaftServerImpl.java:setRole(184)) - 840dadcc-bbff-4158-865b-0f258f3c1721@group-AC929BCCC495: changes role from  FOLLOWER to FOLLOWER at term 59 for recognizeCandidate:bdd1c484-1a92-4a2c-bc93-a7d8718d9bdc
2019-10-17 20:31:59,863 [grpc-default-executor-2] INFO  impl.RaftServerImpl (RaftServerImpl.java:setRole(184)) - 12dca792-6614-46e6-8fa8-e27f364a29d9@group-AC929BCCC495: changes role from  FOLLOWER to FOLLOWER at term 59 for recognizeCandidate:bdd1c484-1a92-4a2c-bc93-a7d8718d9bdc
2019-10-17 20:31:59,863 [grpc-default-executor-1] INFO  impl.RoleInfo (RoleInfo.java:shutdownFollowerState(121)) - 840dadcc-bbff-4158-865b-0f258f3c1721: shutdown FollowerState
2019-10-17 20:31:59,863 [grpc-default-executor-2] INFO  impl.RoleInfo (RoleInfo.java:shutdownFollowerState(121)) - 12dca792-6614-46e6-8fa8-e27f364a29d9: shutdown FollowerState
2019-10-17 20:31:59,864 [Thread-835] INFO  impl.FollowerState (FollowerState.java:run(117)) - 840dadcc-bbff-4158-865b-0f258f3c1721@group-AC929BCCC495-FollowerState was interrupted: java.lang.InterruptedException: sleep interrupted
2019-10-17 20:31:59,864 [grpc-default-executor-1] INFO  impl.RoleInfo (RoleInfo.java:updateAndGet(143)) - 840dadcc-bbff-4158-865b-0f258f3c1721: start FollowerState
2019-10-17 20:31:59,864 [Thread-836] INFO  impl.FollowerState (FollowerState.java:run(117)) - 12dca792-6614-46e6-8fa8-e27f364a29d9@group-AC929BCCC495-FollowerState was interrupted: java.lang.InterruptedException: sleep interrupted
2019-10-17 20:31:59,864 [grpc-default-executor-2] INFO  impl.RoleInfo (RoleInfo.java:updateAndGet(143)) - 12dca792-6614-46e6-8fa8-e27f364a29d9: start FollowerState
2019-10-17 20:31:59,887 [bdd1c484-1a92-4a2c-bc93-a7d8718d9bdc@group-AC929BCCC495-LeaderElection60] INFO  impl.LeaderElection (LeaderElection.java:logAndReturn(56)) - bdd1c484-1a92-4a2c-bc93-a7d8718d9bdc@group-AC929BCCC495-LeaderElection60: Election REJECTED; received 2 response(s) [bdd1c484-1a92-4a2c-bc93-a7d8718d9bdc<-12dca792-6614-46e6-8fa8-e27f364a29d9#0:FAIL-t59, bdd1c484-1a92-4a2c-bc93-a7d8718d9bdc<-840dadcc-bbff-4158-865b-0f258f3c1721#0:FAIL-t59] and 0 exception(s); bdd1c484-1a92-4a2c-bc93-a7d8718d9bdc@group-AC929BCCC495:t59, leader=null, voted=bdd1c484-1a92-4a2c-bc93-a7d8718d9bdc, raftlog=bdd1c484-1a92-4a2c-bc93-a7d8718d9bdc@group-AC929BCCC495-SegmentedRaftLog:OPENED:c-1,f-1,i0, conf=-1: [12dca792-6614-46e6-8fa8-e27f364a29d9:192.168.164.201:45540, bdd1c484-1a92-4a2c-bc93-a7d8718d9bdc:192.168.164.201:46574, 840dadcc-bbff-4158-865b-0f258f3c1721:192.168.164.201:46061], old=null
2019-10-17 20:31:59,887 [bdd1c484-1a92-4a2c-bc93-a7d8718d9bdc@group-AC929BCCC495-LeaderElection60] INFO  impl.RaftServerImpl (RaftServerImpl.java:setRole(184)) - bdd1c484-1a92-4a2c-bc93-a7d8718d9bdc@group-AC929BCCC495: changes role from CANDIDATE to FOLLOWER at term 59 for DISCOVERED_A_NEW_TERM
2019-10-17 20:31:59,887 [bdd1c484-1a92-4a2c-bc93-a7d8718d9bdc@group-AC929BCCC495-LeaderElection60] INFO  impl.RoleInfo (RoleInfo.java:shutdownLeaderElection(134)) - bdd1c484-1a92-4a2c-bc93-a7d8718d9bdc: shutdown LeaderElection
2019-10-17 20:31:59,887 [bdd1c484-1a92-4a2c-bc93-a7d8718d9bdc@group-AC929BCCC495-LeaderElection60] INFO  impl.RoleInfo (RoleInfo.java:updateAndGet(143)) - bdd1c484-1a92-4a2c-bc93-a7d8718d9bdc: start FollowerState
2019-10-17 20:31:59,914 [Thread-841] INFO  impl.FollowerState (FollowerState.java:run(108)) - bdd1c484-1a92-4a2c-bc93-a7d8718d9bdc@group-AC929BCCC495-FollowerState: change to CANDIDATE, lastRpcTime:26ms, electionTimeout:26ms
2019-10-17 20:31:59,914 [Thread-841] INFO  impl.RoleInfo (RoleInfo.java:shutdownFollowerState(121)) - bdd1c484-1a92-4a2c-bc93-a7d8718d9bdc: shutdown FollowerState
2019-10-17 20:31:59,914 [Thread-841] INFO  impl.RaftServerImpl (RaftServerImpl.java:setRole(184)) - bdd1c484-1a92-4a2c-bc93-a7d8718d9bdc@group-AC929BCCC495: changes role from  FOLLOWER to CANDIDATE at term 59 for changeToCandidate
2019-10-17 20:31:59,915 [Thread-841] INFO  impl.RoleInfo (RoleInfo.java:updateAndGet(143)) - bdd1c484-1a92-4a2c-bc93-a7d8718d9bdc: start LeaderElection
2019-10-17 20:31:59,945 [bdd1c484-1a92-4a2c-bc93-a7d8718d9bdc@group-AC929BCCC495-LeaderElection61] INFO  impl.LeaderElection (LeaderElection.java:askForVotes(178)) - bdd1c484-1a92-4a2c-bc93-a7d8718d9bdc@group-AC929BCCC495-LeaderElection61: begin an election at term 60 for -1: [12dca792-6614-46e6-8fa8-e27f364a29d9:192.168.164.201:45540, bdd1c484-1a92-4a2c-bc93-a7d8718d9bdc:192.168.164.201:46574, 840dadcc-bbff-4158-865b-0f258f3c1721:192.168.164.201:46061], old=null
2019-10-17 20:31:59,948 [grpc-default-executor-1] INFO  impl.RaftServerImpl (RaftServerImpl.java:setRole(184)) - 12dca792-6614-46e6-8fa8-e27f364a29d9@group-AC929BCCC495: changes role from  FOLLOWER to FOLLOWER at term 60 for recognizeCandidate:bdd1c484-1a92-4a2c-bc93-a7d8718d9bdc
2019-10-17 20:31:59,948 [grpc-default-executor-2] INFO  impl.RaftServerImpl (RaftServerImpl.java:setRole(184)) - 840dadcc-bbff-4158-865b-0f258f3c1721@group-AC929BCCC495: changes role from  FOLLOWER to FOLLOWER at term 60 for recognizeCandidate:bdd1c484-1a92-4a2c-bc93-a7d8718d9bdc
2019-10-17 20:31:59,948 [grpc-default-executor-1] INFO  impl.RoleInfo (RoleInfo.java:shutdownFollowerState(121)) - 12dca792-6614-46e6-8fa8-e27f364a29d9: shutdown FollowerState
2019-10-17 20:31:59,948 [grpc-default-executor-2] INFO  impl.RoleInfo (RoleInfo.java:shutdownFollowerState(121)) - 840dadcc-bbff-4158-865b-0f258f3c1721: shutdown FollowerState
2019-10-17 20:31:59,948 [Thread-840] INFO  impl.FollowerState (FollowerState.java:run(117)) - 12dca792-6614-46e6-8fa8-e27f364a29d9@group-AC929BCCC495-FollowerState was interrupted: java.lang.InterruptedException: sleep interrupted
2019-10-17 20:31:59,948 [Thread-839] INFO  impl.FollowerState (FollowerState.java:run(117)) - 840dadcc-bbff-4158-865b-0f258f3c1721@group-AC929BCCC495-FollowerState was interrupted: java.lang.InterruptedException: sleep interrupted
2019-10-17 20:31:59,948 [grpc-default-executor-1] INFO  impl.RoleInfo (RoleInfo.java:updateAndGet(143)) - 12dca792-6614-46e6-8fa8-e27f364a29d9: start FollowerState
2019-10-17 20:31:59,948 [grpc-default-executor-2] INFO  impl.RoleInfo (RoleInfo.java:updateAndGet(143)) - 840dadcc-bbff-4158-865b-0f258f3c1721: start FollowerState
2019-10-17 20:31:59,972 [bdd1c484-1a92-4a2c-bc93-a7d8718d9bdc@group-AC929BCCC495-LeaderElection61] INFO  impl.LeaderElection (LeaderElection.java:logAndReturn(56)) - bdd1c484-1a92-4a2c-bc93-a7d8718d9bdc@group-AC929BCCC495-LeaderElection61: Election REJECTED; received 2 response(s) [bdd1c484-1a92-4a2c-bc93-a7d8718d9bdc<-12dca792-6614-46e6-8fa8-e27f364a29d9#0:FAIL-t60, bdd1c484-1a92-4a2c-bc93-a7d8718d9bdc<-840dadcc-bbff-4158-865b-0f258f3c1721#0:FAIL-t60] and 0 exception(s); bdd1c484-1a92-4a2c-bc93-a7d8718d9bdc@group-AC929BCCC495:t60, leader=null, voted=bdd1c484-1a92-4a2c-bc93-a7d8718d9bdc, raftlog=bdd1c484-1a92-4a2c-bc93-a7d8718d9bdc@group-AC929BCCC495-SegmentedRaftLog:OPENED:c-1,f-1,i0, conf=-1: [12dca792-6614-46e6-8fa8-e27f364a29d9:192.168.164.201:45540, bdd1c484-1a92-4a2c-bc93-a7d8718d9bdc:192.168.164.201:46574, 840dadcc-bbff-4158-865b-0f258f3c1721:192.168.164.201:46061], old=null
2019-10-17 20:31:59,972 [bdd1c484-1a92-4a2c-bc93-a7d8718d9bdc@group-AC929BCCC495-LeaderElection61] INFO  impl.RaftServerImpl (RaftServerImpl.java:setRole(184)) - bdd1c484-1a92-4a2c-bc93-a7d8718d9bdc@group-AC929BCCC495: changes role from CANDIDATE to FOLLOWER at term 60 for DISCOVERED_A_NEW_TERM
2019-10-17 20:31:59,973 [bdd1c484-1a92-4a2c-bc93-a7d8718d9bdc@group-AC929BCCC495-LeaderElection61] INFO  impl.RoleInfo (RoleInfo.java:shutdownLeaderElection(134)) - bdd1c484-1a92-4a2c-bc93-a7d8718d9bdc: shutdown LeaderElection
2019-10-17 20:31:59,973 [bdd1c484-1a92-4a2c-bc93-a7d8718d9bdc@group-AC929BCCC495-LeaderElection61] INFO  impl.RoleInfo (RoleInfo.java:updateAndGet(143)) - bdd1c484-1a92-4a2c-bc93-a7d8718d9bdc: start FollowerState
2019-10-17 20:32:00,172 [Thread-847] INFO  impl.FollowerState (FollowerState.java:run(108)) - bdd1c484-1a92-4a2c-bc93-a7d8718d9bdc@group-AC929BCCC495-FollowerState: change to CANDIDATE, lastRpcTime:199ms, electionTimeout:199ms
2019-10-17 20:32:00,173 [Thread-847] INFO  impl.RoleInfo (RoleInfo.java:shutdownFollowerState(121)) - bdd1c484-1a92-4a2c-bc93-a7d8718d9bdc: shutdown FollowerState
2019-10-17 20:32:00,173 [Thread-847] INFO  impl.RaftServerImpl (RaftServerImpl.java:setRole(184)) - bdd1c484-1a92-4a2c-bc93-a7d8718d9bdc@group-AC929BCCC495: changes role from  FOLLOWER to CANDIDATE at term 60 for changeToCandidate
2019-10-17 20:32:00,173 [Thread-847] INFO  impl.RoleInfo (RoleInfo.java:updateAndGet(143)) - bdd1c484-1a92-4a2c-bc93-a7d8718d9bdc: start LeaderElection
2019-10-17 20:32:00,204 [bdd1c484-1a92-4a2c-bc93-a7d8718d9bdc@group-AC929BCCC495-LeaderElection62] INFO  impl.LeaderElection (LeaderElection.java:askForVotes(178)) - bdd1c484-1a92-4a2c-bc93-a7d8718d9bdc@group-AC929BCCC495-LeaderElection62: begin an election at term 61 for -1: [12dca792-6614-46e6-8fa8-e27f364a29d9:192.168.164.201:45540, bdd1c484-1a92-4a2c-bc93-a7d8718d9bdc:192.168.164.201:46574, 840dadcc-bbff-4158-865b-0f258f3c1721:192.168.164.201:46061], old=null
2019-10-17 20:32:00,208 [grpc-default-executor-2] INFO  impl.RaftServerImpl (RaftServerImpl.java:setRole(184)) - 840dadcc-bbff-4158-865b-0f258f3c1721@group-AC929BCCC495: changes role from  FOLLOWER to FOLLOWER at term 61 for recognizeCandidate:bdd1c484-1a92-4a2c-bc93-a7d8718d9bdc
2019-10-17 20:32:00,208 [grpc-default-executor-1] INFO  impl.RaftServerImpl (RaftServerImpl.java:setRole(184)) - 12dca792-6614-46e6-8fa8-e27f364a29d9@group-AC929BCCC495: changes role from  FOLLOWER to FOLLOWER at term 61 for recognizeCandidate:bdd1c484-1a92-4a2c-bc93-a7d8718d9bdc
2019-10-17 20:32:00,208 [grpc-default-executor-2] INFO  impl.RoleInfo (RoleInfo.java:shutdownFollowerState(121)) - 840dadcc-bbff-4158-865b-0f258f3c1721: shutdown FollowerState
2019-10-17 20:32:00,208 [grpc-default-executor-1] INFO  impl.RoleInfo (RoleInfo.java:shutdownFollowerState(121)) - 12dca792-6614-46e6-8fa8-e27f364a29d9: shutdown FollowerState
2019-10-17 20:32:00,208 [Thread-846] INFO  impl.FollowerState (FollowerState.java:run(117)) - 840dadcc-bbff-4158-865b-0f258f3c1721@group-AC929BCCC495-FollowerState was interrupted: java.lang.InterruptedException: sleep interrupted
2019-10-17 20:32:00,208 [grpc-default-executor-2] INFO  impl.RoleInfo (RoleInfo.java:updateAndGet(143)) - 840dadcc-bbff-4158-865b-0f258f3c1721: start FollowerState
2019-10-17 20:32:00,209 [Thread-845] INFO  impl.FollowerState (FollowerState.java:run(117)) - 12dca792-6614-46e6-8fa8-e27f364a29d9@group-AC929BCCC495-FollowerState was interrupted: java.lang.InterruptedException: sleep interrupted
2019-10-17 20:32:00,208 [grpc-default-executor-1] INFO  impl.RoleInfo (RoleInfo.java:updateAndGet(143)) - 12dca792-6614-46e6-8fa8-e27f364a29d9: start FollowerState
2019-10-17 20:32:00,239 [bdd1c484-1a92-4a2c-bc93-a7d8718d9bdc@group-AC929BCCC495-LeaderElection62] INFO  impl.LeaderElection (LeaderElection.java:logAndReturn(56)) - bdd1c484-1a92-4a2c-bc93-a7d8718d9bdc@group-AC929BCCC495-LeaderElection62: Election REJECTED; received 2 response(s) [bdd1c484-1a92-4a2c-bc93-a7d8718d9bdc<-12dca792-6614-46e6-8fa8-e27f364a29d9#0:FAIL-t61, bdd1c484-1a92-4a2c-bc93-a7d8718d9bdc<-840dadcc-bbff-4158-865b-0f258f3c1721#0:FAIL-t61] and 0 exception(s); bdd1c484-1a92-4a2c-bc93-a7d8718d9bdc@group-AC929BCCC495:t61, leader=null, voted=bdd1c484-1a92-4a2c-bc93-a7d8718d9bdc, raftlog=bdd1c484-1a92-4a2c-bc93-a7d8718d9bdc@group-AC929BCCC495-SegmentedRaftLog:OPENED:c-1,f-1,i0, conf=-1: [12dca792-6614-46e6-8fa8-e27f364a29d9:192.168.164.201:45540, bdd1c484-1a92-4a2c-bc93-a7d8718d9bdc:192.168.164.201:46574, 840dadcc-bbff-4158-865b-0f258f3c1721:192.168.164.201:46061], old=null
2019-10-17 20:32:00,239 [bdd1c484-1a92-4a2c-bc93-a7d8718d9bdc@group-AC929BCCC495-LeaderElection62] INFO  impl.RaftServerImpl (RaftServerImpl.java:setRole(184)) - bdd1c484-1a92-4a2c-bc93-a7d8718d9bdc@group-AC929BCCC495: changes role from CANDIDATE to FOLLOWER at term 61 for DISCOVERED_A_NEW_TERM
2019-10-17 20:32:00,239 [bdd1c484-1a92-4a2c-bc93-a7d8718d9bdc@group-AC929BCCC495-LeaderElection62] INFO  impl.RoleInfo (RoleInfo.java:shutdownLeaderElection(134)) - bdd1c484-1a92-4a2c-bc93-a7d8718d9bdc: shutdown LeaderElection
2019-10-17 20:32:00,240 [bdd1c484-1a92-4a2c-bc93-a7d8718d9bdc@group-AC929BCCC495-LeaderElection62] INFO  impl.RoleInfo (RoleInfo.java:updateAndGet(143)) - bdd1c484-1a92-4a2c-bc93-a7d8718d9bdc: start FollowerState
]]></system-out>
    <system-err><![CDATA[ERROR StatusLogger No Log4j 2 configuration file found. Using default configuration (logging only errors to the console), or user programmatically provided configurations. Set system property 'log4j2.debug' to show Log4j 2 internal initialization logging. See https://logging.apache.org/log4j/2.x/manual/configuration.html for instructions on how to configure Log4j 2
]]></system-err>
  </testcase>
</testsuite>