<?xml version="1.0" encoding="UTF-8"?>
<testsuite xmlns:xsi="http://www.w3.org/2001/XMLSchema-instance" xsi:noNamespaceSchemaLocation="https://maven.apache.org/surefire/maven-surefire-plugin/xsd/surefire-test-report.xsd" name="org.apache.hadoop.ozone.client.rpc.TestBlockOutputStreamWithFailures" time="789.21" tests="8" errors="0" skipped="0" failures="1">
  <properties>
    <property name="awt.toolkit" value="sun.awt.X11.XToolkit"/>
    <property name="file.encoding.pkg" value="sun.io"/>
    <property name="java.specification.version" value="1.8"/>
    <property name="sun.cpu.isalist" value=""/>
    <property name="sun.jnu.encoding" value="UTF-8"/>
    <property name="java.class.path" value="/workdir/hadoop-ozone/integration-test/target/test-classes:/workdir/hadoop-ozone/integration-test/target/classes:/home/user/.m2/repository/org/apache/hadoop/hadoop-ozone-common/0.5.0-SNAPSHOT/hadoop-ozone-common-0.5.0-SNAPSHOT.jar:/home/user/.m2/repository/org/apache/commons/commons-compress/1.4.1/commons-compress-1.4.1.jar:/home/user/.m2/repository/org/tukaani/xz/1.0/xz-1.0.jar:/home/user/.m2/repository/org/apache/hadoop/hadoop-common/3.2.0/hadoop-common-3.2.0.jar:/home/user/.m2/repository/org/apache/hadoop/hadoop-hdfs/3.2.0/hadoop-hdfs-3.2.0.jar:/home/user/.m2/repository/org/apache/hadoop/hadoop-hdfs-client/3.2.0/hadoop-hdfs-client-3.2.0.jar:/home/user/.m2/repository/com/fasterxml/jackson/core/jackson-annotations/2.9.9/jackson-annotations-2.9.9.jar:/home/user/.m2/repository/org/apache/hadoop/hadoop-hdds-common/0.5.0-SNAPSHOT/hadoop-hdds-common-0.5.0-SNAPSHOT.jar:/home/user/.m2/repository/javax/annotation/javax.annotation-api/1.2/javax.annotation-api-1.2.jar:/home/user/.m2/repository/org/apache/ratis/ratis-server/0.4.0/ratis-server-0.4.0.jar:/home/user/.m2/repository/org/apache/ratis/ratis-thirdparty-misc/0.2.0/ratis-thirdparty-misc-0.2.0.jar:/home/user/.m2/repository/org/apache/ratis/ratis-proto/0.4.0/ratis-proto-0.4.0.jar:/home/user/.m2/repository/org/apache/ratis/ratis-common/0.4.0/ratis-common-0.4.0.jar:/home/user/.m2/repository/org/apache/ratis/ratis-client/0.4.0/ratis-client-0.4.0.jar:/home/user/.m2/repository/org/apache/ratis/ratis-metrics/0.4.0/ratis-metrics-0.4.0.jar:/home/user/.m2/repository/com/github/joshelser/dropwizard-metrics-hadoop-metrics2-reporter/0.1.2/dropwizard-metrics-hadoop-metrics2-reporter-0.1.2.jar:/home/user/.m2/repository/io/dropwizard/metrics/metrics-jvm/3.2.5/metrics-jvm-3.2.5.jar:/home/user/.m2/repository/io/dropwizard/metrics/metrics-ganglia/3.2.5/metrics-ganglia-3.2.5.jar:/home/user/.m2/repository/info/ganglia/gmetric4j/gmetric4j/1.0.7/gmetric4j-1.0.7.jar:/home/user/.m2/repository/org/apache/ratis/ratis-netty/0.4.0/ratis-netty-0.4.0.jar:/home/user/.m2/repository/org/apache/ratis/ratis-grpc/0.4.0/ratis-grpc-0.4.0.jar:/home/user/.m2/repository/org/rocksdb/rocksdbjni/6.0.1/rocksdbjni-6.0.1.jar:/home/user/.m2/repository/org/apache/logging/log4j/log4j-api/2.11.0/log4j-api-2.11.0.jar:/home/user/.m2/repository/org/apache/logging/log4j/log4j-core/2.11.0/log4j-core-2.11.0.jar:/home/user/.m2/repository/com/lmax/disruptor/3.4.2/disruptor-3.4.2.jar:/home/user/.m2/repository/org/apache/commons/commons-pool2/2.6.0/commons-pool2-2.6.0.jar:/home/user/.m2/repository/org/bouncycastle/bcpkix-jdk15on/1.60/bcpkix-jdk15on-1.60.jar:/home/user/.m2/repository/commons-validator/commons-validator/1.6/commons-validator-1.6.jar:/home/user/.m2/repository/commons-digester/commons-digester/1.8.1/commons-digester-1.8.1.jar:/home/user/.m2/repository/io/jaegertracing/jaeger-client/0.34.0/jaeger-client-0.34.0.jar:/home/user/.m2/repository/io/jaegertracing/jaeger-thrift/0.34.0/jaeger-thrift-0.34.0.jar:/home/user/.m2/repository/org/apache/thrift/libthrift/0.12.0/libthrift-0.12.0.jar:/home/user/.m2/repository/com/squareup/okhttp3/okhttp/3.9.0/okhttp-3.9.0.jar:/home/user/.m2/repository/com/squareup/okio/okio/1.13.0/okio-1.13.0.jar:/home/user/.m2/repository/io/jaegertracing/jaeger-core/0.34.0/jaeger-core-0.34.0.jar:/home/user/.m2/repository/io/jaegertracing/jaeger-tracerresolver/0.34.0/jaeger-tracerresolver-0.34.0.jar:/home/user/.m2/repository/io/opentracing/contrib/opentracing-tracerresolver/0.1.5/opentracing-tracerresolver-0.1.5.jar:/home/user/.m2/repository/io/opentracing/opentracing-util/0.31.0/opentracing-util-0.31.0.jar:/home/user/.m2/repository/io/opentracing/opentracing-api/0.31.0/opentracing-api-0.31.0.jar:/home/user/.m2/repository/io/opentracing/opentracing-noop/0.31.0/opentracing-noop-0.31.0.jar:/home/user/.m2/repository/org/apache/hadoop/hadoop-hdds-server-framework/0.5.0-SNAPSHOT/hadoop-hdds-server-framework-0.5.0-SNAPSHOT.jar:/home/user/.m2/repository/org/apache/hadoop/hadoop-hdds-container-service/0.5.0-SNAPSHOT/hadoop-hdds-container-service-0.5.0-SNAPSHOT.jar:/home/user/.m2/repository/org/apache/hadoop/hadoop-hdds-client/0.5.0-SNAPSHOT/hadoop-hdds-client-0.5.0-SNAPSHOT.jar:/home/user/.m2/repository/org/apache/hadoop/hadoop-hdds-tools/0.5.0-SNAPSHOT/hadoop-hdds-tools-0.5.0-SNAPSHOT.jar:/home/user/.m2/repository/org/apache/hadoop/hadoop-hdds-server-scm/0.5.0-SNAPSHOT/hadoop-hdds-server-scm-0.5.0-SNAPSHOT.jar:/home/user/.m2/repository/org/apache/hadoop/hadoop-hdds-docs/0.5.0-SNAPSHOT/hadoop-hdds-docs-0.5.0-SNAPSHOT.jar:/home/user/.m2/repository/io/dropwizard/metrics/metrics-core/3.2.4/metrics-core-3.2.4.jar:/home/user/.m2/repository/org/hamcrest/hamcrest-all/1.3/hamcrest-all-1.3.jar:/home/user/.m2/repository/org/bouncycastle/bcprov-jdk15on/1.60/bcprov-jdk15on-1.60.jar:/home/user/.m2/repository/info/picocli/picocli/3.9.6/picocli-3.9.6.jar:/home/user/.m2/repository/com/google/protobuf/protobuf-java/2.5.0/protobuf-java-2.5.0.jar:/home/user/.m2/repository/com/google/guava/guava/11.0.2/guava-11.0.2.jar:/home/user/.m2/repository/org/apache/hadoop/hadoop-ozone-ozone-manager/0.5.0-SNAPSHOT/hadoop-ozone-ozone-manager-0.5.0-SNAPSHOT.jar:/home/user/.m2/repository/org/apache/hadoop/hadoop-minikdc/3.2.0/hadoop-minikdc-3.2.0.jar:/home/user/.m2/repository/commons-io/commons-io/2.5/commons-io-2.5.jar:/home/user/.m2/repository/org/apache/kerby/kerb-simplekdc/1.0.1/kerb-simplekdc-1.0.1.jar:/home/user/.m2/repository/org/apache/kerby/kerb-client/1.0.1/kerb-client-1.0.1.jar:/home/user/.m2/repository/org/apache/kerby/kerby-config/1.0.1/kerby-config-1.0.1.jar:/home/user/.m2/repository/org/apache/kerby/kerb-core/1.0.1/kerb-core-1.0.1.jar:/home/user/.m2/repository/org/apache/kerby/kerby-pkix/1.0.1/kerby-pkix-1.0.1.jar:/home/user/.m2/repository/org/apache/kerby/kerby-asn1/1.0.1/kerby-asn1-1.0.1.jar:/home/user/.m2/repository/org/apache/kerby/kerby-util/1.0.1/kerby-util-1.0.1.jar:/home/user/.m2/repository/org/apache/kerby/kerb-common/1.0.1/kerb-common-1.0.1.jar:/home/user/.m2/repository/org/apache/kerby/kerb-crypto/1.0.1/kerb-crypto-1.0.1.jar:/home/user/.m2/repository/org/apache/kerby/kerb-util/1.0.1/kerb-util-1.0.1.jar:/home/user/.m2/repository/org/apache/kerby/token-provider/1.0.1/token-provider-1.0.1.jar:/home/user/.m2/repository/org/apache/kerby/kerb-admin/1.0.1/kerb-admin-1.0.1.jar:/home/user/.m2/repository/org/apache/kerby/kerb-server/1.0.1/kerb-server-1.0.1.jar:/home/user/.m2/repository/org/apache/kerby/kerb-identity/1.0.1/kerb-identity-1.0.1.jar:/home/user/.m2/repository/org/apache/kerby/kerby-xdr/1.0.1/kerby-xdr-1.0.1.jar:/home/user/.m2/repository/org/slf4j/slf4j-log4j12/1.7.25/slf4j-log4j12-1.7.25.jar:/home/user/.m2/repository/org/apache/hadoop/hadoop-ozone-s3gateway/0.5.0-SNAPSHOT/hadoop-ozone-s3gateway-0.5.0-SNAPSHOT.jar:/home/user/.m2/repository/org/jboss/weld/servlet/weld-servlet/2.4.7.Final/weld-servlet-2.4.7.Final.jar:/home/user/.m2/repository/org/glassfish/jersey/containers/jersey-container-servlet-core/2.27/jersey-container-servlet-core-2.27.jar:/home/user/.m2/repository/org/glassfish/hk2/external/javax.inject/2.5.0-b42/javax.inject-2.5.0-b42.jar:/home/user/.m2/repository/org/glassfish/jersey/core/jersey-common/2.27/jersey-common-2.27.jar:/home/user/.m2/repository/org/glassfish/hk2/osgi-resource-locator/1.0.1/osgi-resource-locator-1.0.1.jar:/home/user/.m2/repository/javax/ws/rs/javax.ws.rs-api/2.1/javax.ws.rs-api-2.1.jar:/home/user/.m2/repository/org/glassfish/jersey/ext/cdi/jersey-cdi1x/2.27/jersey-cdi1x-2.27.jar:/home/user/.m2/repository/org/glassfish/jersey/inject/jersey-hk2/2.27/jersey-hk2-2.27.jar:/home/user/.m2/repository/org/glassfish/hk2/hk2-locator/2.5.0-b42/hk2-locator-2.5.0-b42.jar:/home/user/.m2/repository/org/javassist/javassist/3.22.0-CR2/javassist-3.22.0-CR2.jar:/home/user/.m2/repository/org/glassfish/hk2/hk2-api/2.5.0/hk2-api-2.5.0.jar:/home/user/.m2/repository/org/glassfish/hk2/external/jakarta.inject/2.5.0/jakarta.inject-2.5.0.jar:/home/user/.m2/repository/org/glassfish/hk2/hk2-utils/2.5.0/hk2-utils-2.5.0.jar:/home/user/.m2/repository/jakarta/annotation/jakarta.annotation-api/1.3.4/jakarta.annotation-api-1.3.4.jar:/home/user/.m2/repository/org/glassfish/hk2/external/aopalliance-repackaged/2.5.0/aopalliance-repackaged-2.5.0.jar:/home/user/.m2/repository/com/fasterxml/jackson/dataformat/jackson-dataformat-xml/2.9.0/jackson-dataformat-xml-2.9.0.jar:/home/user/.m2/repository/com/fasterxml/jackson/core/jackson-core/2.9.9/jackson-core-2.9.9.jar:/home/user/.m2/repository/com/fasterxml/jackson/module/jackson-module-jaxb-annotations/2.9.9/jackson-module-jaxb-annotations-2.9.9.jar:/home/user/.m2/repository/javax/enterprise/cdi-api/1.2/cdi-api-1.2.jar:/home/user/.m2/repository/javax/el/javax.el-api/3.0.0/javax.el-api-3.0.0.jar:/home/user/.m2/repository/javax/interceptor/javax.interceptor-api/1.2/javax.interceptor-api-1.2.jar:/home/user/.m2/repository/javax/inject/javax.inject/1/javax.inject-1.jar:/home/user/.m2/repository/com/sun/xml/bind/jaxb-impl/2.3.0.1/jaxb-impl-2.3.0.1.jar:/home/user/.m2/repository/com/sun/xml/bind/jaxb-core/2.3.0.1/jaxb-core-2.3.0.1.jar:/home/user/.m2/repository/javax/xml/bind/jaxb-api/2.3.0/jaxb-api-2.3.0.jar:/home/user/.m2/repository/javax/activation/activation/1.1.1/activation-1.1.1.jar:/home/user/.m2/repository/org/apache/hadoop/hadoop-ozone-csi/0.5.0-SNAPSHOT/hadoop-ozone-csi-0.5.0-SNAPSHOT.jar:/home/user/.m2/repository/com/google/protobuf/protobuf-java-util/3.5.1/protobuf-java-util-3.5.1.jar:/home/user/.m2/repository/org/apache/hadoop/hadoop-hdds-config/0.5.0-SNAPSHOT/hadoop-hdds-config-0.5.0-SNAPSHOT.jar:/home/user/.m2/repository/io/grpc/grpc-netty/1.17.1/grpc-netty-1.17.1.jar:/home/user/.m2/repository/io/grpc/grpc-core/1.17.1/grpc-core-1.17.1.jar:/home/user/.m2/repository/io/grpc/grpc-context/1.17.1/grpc-context-1.17.1.jar:/home/user/.m2/repository/com/google/errorprone/error_prone_annotations/2.2.0/error_prone_annotations-2.2.0.jar:/home/user/.m2/repository/org/codehaus/mojo/animal-sniffer-annotations/1.17/animal-sniffer-annotations-1.17.jar:/home/user/.m2/repository/io/opencensus/opencensus-api/0.17.0/opencensus-api-0.17.0.jar:/home/user/.m2/repository/io/opencensus/opencensus-contrib-grpc-metrics/0.17.0/opencensus-contrib-grpc-metrics-0.17.0.jar:/home/user/.m2/repository/io/netty/netty-codec-http2/4.1.30.Final/netty-codec-http2-4.1.30.Final.jar:/home/user/.m2/repository/io/netty/netty-codec-http/4.1.30.Final/netty-codec-http-4.1.30.Final.jar:/home/user/.m2/repository/io/netty/netty-codec/4.1.30.Final/netty-codec-4.1.30.Final.jar:/home/user/.m2/repository/io/netty/netty-handler/4.1.30.Final/netty-handler-4.1.30.Final.jar:/home/user/.m2/repository/io/netty/netty-handler-proxy/4.1.30.Final/netty-handler-proxy-4.1.30.Final.jar:/home/user/.m2/repository/io/netty/netty-codec-socks/4.1.30.Final/netty-codec-socks-4.1.30.Final.jar:/home/user/.m2/repository/io/netty/netty-transport-native-epoll/4.1.30.Final/netty-transport-native-epoll-4.1.30.Final.jar:/home/user/.m2/repository/io/netty/netty-common/4.1.30.Final/netty-common-4.1.30.Final.jar:/home/user/.m2/repository/io/netty/netty-buffer/4.1.30.Final/netty-buffer-4.1.30.Final.jar:/home/user/.m2/repository/io/netty/netty-transport/4.1.30.Final/netty-transport-4.1.30.Final.jar:/home/user/.m2/repository/io/netty/netty-resolver/4.1.30.Final/netty-resolver-4.1.30.Final.jar:/home/user/.m2/repository/io/netty/netty-transport-native-unix-common/4.1.30.Final/netty-transport-native-unix-common-4.1.30.Final.jar:/home/user/.m2/repository/io/grpc/grpc-protobuf/1.17.1/grpc-protobuf-1.17.1.jar:/home/user/.m2/repository/com/google/api/grpc/proto-google-common-protos/1.0.0/proto-google-common-protos-1.0.0.jar:/home/user/.m2/repository/io/grpc/grpc-protobuf-lite/1.17.1/grpc-protobuf-lite-1.17.1.jar:/home/user/.m2/repository/io/grpc/grpc-stub/1.17.1/grpc-stub-1.17.1.jar:/home/user/.m2/repository/org/apache/hadoop/hadoop-ozone-recon/0.5.0-SNAPSHOT/hadoop-ozone-recon-0.5.0-SNAPSHOT.jar:/home/user/.m2/repository/org/apache/hadoop/hadoop-ozone-reconcodegen/0.5.0-SNAPSHOT/hadoop-ozone-reconcodegen-0.5.0-SNAPSHOT.jar:/home/user/.m2/repository/com/google/inject/extensions/guice-multibindings/4.0/guice-multibindings-4.0.jar:/home/user/.m2/repository/com/google/inject/guice/4.0/guice-4.0.jar:/home/user/.m2/repository/aopalliance/aopalliance/1.0/aopalliance-1.0.jar:/home/user/.m2/repository/com/google/inject/extensions/guice-servlet/4.0/guice-servlet-4.0.jar:/home/user/.m2/repository/org/glassfish/jersey/containers/jersey-container-servlet/2.27/jersey-container-servlet-2.27.jar:/home/user/.m2/repository/org/glassfish/hk2/guice-bridge/2.5.0/guice-bridge-2.5.0.jar:/home/user/.m2/repository/org/glassfish/jersey/core/jersey-server/2.27/jersey-server-2.27.jar:/home/user/.m2/repository/org/glassfish/jersey/core/jersey-client/2.27/jersey-client-2.27.jar:/home/user/.m2/repository/org/glassfish/jersey/media/jersey-media-jaxb/2.27/jersey-media-jaxb-2.27.jar:/home/user/.m2/repository/javax/validation/validation-api/1.1.0.Final/validation-api-1.1.0.Final.jar:/home/user/.m2/repository/org/glassfish/jersey/media/jersey-media-json-jackson/2.27/jersey-media-json-jackson-2.27.jar:/home/user/.m2/repository/org/glassfish/jersey/ext/jersey-entity-filtering/2.27/jersey-entity-filtering-2.27.jar:/home/user/.m2/repository/com/google/inject/extensions/guice-assistedinject/4.0/guice-assistedinject-4.0.jar:/home/user/.m2/repository/org/jooq/jooq/3.11.10/jooq-3.11.10.jar:/home/user/.m2/repository/org/jooq/jooq-meta/3.11.10/jooq-meta-3.11.10.jar:/home/user/.m2/repository/org/jooq/jooq-codegen/3.11.10/jooq-codegen-3.11.10.jar:/home/user/.m2/repository/com/jolbox/bonecp/0.8.0.RELEASE/bonecp-0.8.0.RELEASE.jar:/home/user/.m2/repository/org/xerial/sqlite-jdbc/3.25.2/sqlite-jdbc-3.25.2.jar:/home/user/.m2/repository/org/springframework/spring-jdbc/5.1.3.RELEASE/spring-jdbc-5.1.3.RELEASE.jar:/home/user/.m2/repository/org/springframework/spring-beans/5.1.3.RELEASE/spring-beans-5.1.3.RELEASE.jar:/home/user/.m2/repository/org/springframework/spring-core/5.1.3.RELEASE/spring-core-5.1.3.RELEASE.jar:/home/user/.m2/repository/org/springframework/spring-jcl/5.1.3.RELEASE/spring-jcl-5.1.3.RELEASE.jar:/home/user/.m2/repository/org/springframework/spring-tx/5.1.3.RELEASE/spring-tx-5.1.3.RELEASE.jar:/home/user/.m2/repository/org/apache/hadoop/hadoop-ozone-client/0.5.0-SNAPSHOT/hadoop-ozone-client-0.5.0-SNAPSHOT.jar:/home/user/.m2/repository/commons-lang/commons-lang/2.6/commons-lang-2.6.jar:/home/user/.m2/repository/org/apache/hadoop/hadoop-ozone-ozone-manager/0.5.0-SNAPSHOT/hadoop-ozone-ozone-manager-0.5.0-SNAPSHOT-tests.jar:/home/user/.m2/repository/junit/junit/4.11/junit-4.11.jar:/home/user/.m2/repository/org/hamcrest/hamcrest-core/1.3/hamcrest-core-1.3.jar:/home/user/.m2/repository/org/openjdk/jmh/jmh-core/1.19/jmh-core-1.19.jar:/home/user/.m2/repository/net/sf/jopt-simple/jopt-simple/4.6/jopt-simple-4.6.jar:/home/user/.m2/repository/org/apache/commons/commons-math3/3.1.1/commons-math3-3.1.1.jar:/home/user/.m2/repository/org/openjdk/jmh/jmh-generator-annprocess/1.19/jmh-generator-annprocess-1.19.jar:/home/user/.m2/repository/org/mockito/mockito-all/1.8.5/mockito-all-1.8.5.jar:/home/user/.m2/repository/org/apache/hadoop/hadoop-kms/3.2.0/hadoop-kms-3.2.0.jar:/home/user/.m2/repository/org/apache/hadoop/hadoop-auth/3.2.0/hadoop-auth-3.2.0.jar:/home/user/.m2/repository/com/nimbusds/nimbus-jose-jwt/4.41.1/nimbus-jose-jwt-4.41.1.jar:/home/user/.m2/repository/com/github/stephenc/jcip/jcip-annotations/1.0-1/jcip-annotations-1.0-1.jar:/home/user/.m2/repository/net/minidev/json-smart/2.3/json-smart-2.3.jar:/home/user/.m2/repository/net/minidev/accessors-smart/1.2/accessors-smart-1.2.jar:/home/user/.m2/repository/org/ow2/asm/asm/5.0.4/asm-5.0.4.jar:/home/user/.m2/repository/org/apache/curator/curator-framework/2.12.0/curator-framework-2.12.0.jar:/home/user/.m2/repository/com/sun/jersey/jersey-core/1.19/jersey-core-1.19.jar:/home/user/.m2/repository/javax/ws/rs/jsr311-api/1.1.1/jsr311-api-1.1.1.jar:/home/user/.m2/repository/com/sun/jersey/jersey-server/1.19/jersey-server-1.19.jar:/home/user/.m2/repository/javax/servlet/javax.servlet-api/3.1.0/javax.servlet-api-3.1.0.jar:/home/user/.m2/repository/org/eclipse/jetty/jetty-server/9.3.25.v20180904/jetty-server-9.3.25.v20180904.jar:/home/user/.m2/repository/org/eclipse/jetty/jetty-http/9.3.25.v20180904/jetty-http-9.3.25.v20180904.jar:/home/user/.m2/repository/org/eclipse/jetty/jetty-io/9.3.25.v20180904/jetty-io-9.3.25.v20180904.jar:/home/user/.m2/repository/org/eclipse/jetty/jetty-webapp/9.3.25.v20180904/jetty-webapp-9.3.25.v20180904.jar:/home/user/.m2/repository/org/eclipse/jetty/jetty-xml/9.3.25.v20180904/jetty-xml-9.3.25.v20180904.jar:/home/user/.m2/repository/log4j/log4j/1.2.17/log4j-1.2.17.jar:/home/user/.m2/repository/org/slf4j/slf4j-api/1.7.25/slf4j-api-1.7.25.jar:/home/user/.m2/repository/org/slf4j/jul-to-slf4j/1.7.25/jul-to-slf4j-1.7.25.jar:/home/user/.m2/repository/org/eclipse/jetty/jetty-util/9.3.25.v20180904/jetty-util-9.3.25.v20180904.jar:/home/user/.m2/repository/com/fasterxml/jackson/core/jackson-databind/2.9.9/jackson-databind-2.9.9.jar:/home/user/.m2/repository/org/apache/hadoop/hadoop-kms/3.2.0/hadoop-kms-3.2.0-tests.jar:/home/user/.m2/repository/org/apache/hadoop/hadoop-hdds-server-scm/0.5.0-SNAPSHOT/hadoop-hdds-server-scm-0.5.0-SNAPSHOT-tests.jar:/home/user/.m2/repository/org/apache/hadoop/hadoop-hdds-container-service/0.5.0-SNAPSHOT/hadoop-hdds-container-service-0.5.0-SNAPSHOT-tests.jar:/home/user/.m2/repository/org/yaml/snakeyaml/1.16/snakeyaml-1.16.jar:/home/user/.m2/repository/org/apache/hadoop/hadoop-common/3.2.0/hadoop-common-3.2.0-tests.jar:/home/user/.m2/repository/org/apache/hadoop/hadoop-annotations/3.2.0/hadoop-annotations-3.2.0.jar:/usr/lib/jvm/java-1.8-openjdk/jre/../lib/tools.jar:/home/user/.m2/repository/commons-cli/commons-cli/1.2/commons-cli-1.2.jar:/home/user/.m2/repository/org/apache/httpcomponents/httpclient/4.5.2/httpclient-4.5.2.jar:/home/user/.m2/repository/org/apache/httpcomponents/httpcore/4.4.4/httpcore-4.4.4.jar:/home/user/.m2/repository/commons-codec/commons-codec/1.11/commons-codec-1.11.jar:/home/user/.m2/repository/commons-net/commons-net/3.6/commons-net-3.6.jar:/home/user/.m2/repository/commons-collections/commons-collections/3.2.2/commons-collections-3.2.2.jar:/home/user/.m2/repository/org/eclipse/jetty/jetty-servlet/9.3.25.v20180904/jetty-servlet-9.3.25.v20180904.jar:/home/user/.m2/repository/org/eclipse/jetty/jetty-security/9.3.25.v20180904/jetty-security-9.3.25.v20180904.jar:/home/user/.m2/repository/javax/servlet/jsp/jsp-api/2.1/jsp-api-2.1.jar:/home/user/.m2/repository/com/sun/jersey/jersey-servlet/1.19/jersey-servlet-1.19.jar:/home/user/.m2/repository/com/sun/jersey/jersey-json/1.19/jersey-json-1.19.jar:/home/user/.m2/repository/org/codehaus/jettison/jettison/1.1/jettison-1.1.jar:/home/user/.m2/repository/org/codehaus/jackson/jackson-core-asl/1.9.13/jackson-core-asl-1.9.13.jar:/home/user/.m2/repository/org/codehaus/jackson/jackson-mapper-asl/1.9.13/jackson-mapper-asl-1.9.13.jar:/home/user/.m2/repository/org/codehaus/jackson/jackson-jaxrs/1.9.13/jackson-jaxrs-1.9.13.jar:/home/user/.m2/repository/org/codehaus/jackson/jackson-xc/1.9.13/jackson-xc-1.9.13.jar:/home/user/.m2/repository/commons-logging/commons-logging/1.1.3/commons-logging-1.1.3.jar:/home/user/.m2/repository/commons-beanutils/commons-beanutils/1.9.4/commons-beanutils-1.9.4.jar:/home/user/.m2/repository/org/apache/commons/commons-configuration2/2.1.1/commons-configuration2-2.1.1.jar:/home/user/.m2/repository/org/apache/commons/commons-lang3/3.7/commons-lang3-3.7.jar:/home/user/.m2/repository/org/apache/commons/commons-text/1.4/commons-text-1.4.jar:/home/user/.m2/repository/org/apache/avro/avro/1.7.7/avro-1.7.7.jar:/home/user/.m2/repository/com/thoughtworks/paranamer/paranamer/2.3/paranamer-2.3.jar:/home/user/.m2/repository/org/xerial/snappy/snappy-java/1.0.5/snappy-java-1.0.5.jar:/home/user/.m2/repository/com/google/re2j/re2j/1.1/re2j-1.1.jar:/home/user/.m2/repository/com/google/code/gson/gson/2.2.4/gson-2.2.4.jar:/home/user/.m2/repository/com/jcraft/jsch/0.1.54/jsch-0.1.54.jar:/home/user/.m2/repository/org/apache/curator/curator-client/2.12.0/curator-client-2.12.0.jar:/home/user/.m2/repository/org/apache/curator/curator-recipes/2.12.0/curator-recipes-2.12.0.jar:/home/user/.m2/repository/com/google/code/findbugs/jsr305/3.0.0/jsr305-3.0.0.jar:/home/user/.m2/repository/org/apache/htrace/htrace-core4/4.1.0-incubating/htrace-core4-4.1.0-incubating.jar:/home/user/.m2/repository/org/apache/zookeeper/zookeeper/3.4.13/zookeeper-3.4.13.jar:/home/user/.m2/repository/jline/jline/0.9.94/jline-0.9.94.jar:/home/user/.m2/repository/org/apache/yetus/audience-annotations/0.5.0/audience-annotations-0.5.0.jar:/home/user/.m2/repository/org/codehaus/woodstox/stax2-api/3.1.4/stax2-api-3.1.4.jar:/home/user/.m2/repository/com/fasterxml/woodstox/woodstox-core/5.0.3/woodstox-core-5.0.3.jar:/home/user/.m2/repository/dnsjava/dnsjava/2.1.7/dnsjava-2.1.7.jar:/home/user/.m2/repository/org/apache/hadoop/hadoop-hdfs/3.2.0/hadoop-hdfs-3.2.0-tests.jar:/home/user/.m2/repository/org/eclipse/jetty/jetty-util-ajax/9.3.25.v20180904/jetty-util-ajax-9.3.25.v20180904.jar:/home/user/.m2/repository/commons-daemon/commons-daemon/1.0.13/commons-daemon-1.0.13.jar:/home/user/.m2/repository/io/netty/netty/3.10.5.Final/netty-3.10.5.Final.jar:/home/user/.m2/repository/io/netty/netty-all/4.0.52.Final/netty-all-4.0.52.Final.jar:/home/user/.m2/repository/org/fusesource/leveldbjni/leveldbjni-all/1.8/leveldbjni-all-1.8.jar:"/>
    <property name="java.vm.vendor" value="IcedTea"/>
    <property name="sun.arch.data.model" value="64"/>
    <property name="test.build.dir" value="/workdir/hadoop-ozone/integration-test/target/test-dir"/>
    <property name="test.cache.data" value=""/>
    <property name="java.vendor.url" value="https://icedtea.classpath.org"/>
    <property name="user.timezone" value=""/>
    <property name="java.vm.specification.version" value="1.8"/>
    <property name="os.name" value="Linux"/>
    <property name="test.build.data" value="/workdir/hadoop-ozone/integration-test/target/test-dir"/>
    <property name="user.country" value="US"/>
    <property name="sun.java.launcher" value="SUN_STANDARD"/>
    <property name="sun.boot.library.path" value="/usr/lib/jvm/java-1.8-openjdk/jre/lib/amd64"/>
    <property name="sun.java.command" value="/workdir/hadoop-ozone/integration-test/target/surefire/surefirebooter5715733997161486833.jar /workdir/hadoop-ozone/integration-test/target/surefire 2019-09-27T08-08-30_107-jvmRun1 surefire5907767438054267712tmp surefire_65920374446678874640tmp"/>
    <property name="test" value="!TestMiniChaosOzoneCluster"/>
    <property name="surefire.test.class.path" value="/workdir/hadoop-ozone/integration-test/target/test-classes:/workdir/hadoop-ozone/integration-test/target/classes:/home/user/.m2/repository/org/apache/hadoop/hadoop-ozone-common/0.5.0-SNAPSHOT/hadoop-ozone-common-0.5.0-SNAPSHOT.jar:/home/user/.m2/repository/org/apache/commons/commons-compress/1.4.1/commons-compress-1.4.1.jar:/home/user/.m2/repository/org/tukaani/xz/1.0/xz-1.0.jar:/home/user/.m2/repository/org/apache/hadoop/hadoop-common/3.2.0/hadoop-common-3.2.0.jar:/home/user/.m2/repository/org/apache/hadoop/hadoop-hdfs/3.2.0/hadoop-hdfs-3.2.0.jar:/home/user/.m2/repository/org/apache/hadoop/hadoop-hdfs-client/3.2.0/hadoop-hdfs-client-3.2.0.jar:/home/user/.m2/repository/com/fasterxml/jackson/core/jackson-annotations/2.9.9/jackson-annotations-2.9.9.jar:/home/user/.m2/repository/org/apache/hadoop/hadoop-hdds-common/0.5.0-SNAPSHOT/hadoop-hdds-common-0.5.0-SNAPSHOT.jar:/home/user/.m2/repository/javax/annotation/javax.annotation-api/1.2/javax.annotation-api-1.2.jar:/home/user/.m2/repository/org/apache/ratis/ratis-server/0.4.0/ratis-server-0.4.0.jar:/home/user/.m2/repository/org/apache/ratis/ratis-thirdparty-misc/0.2.0/ratis-thirdparty-misc-0.2.0.jar:/home/user/.m2/repository/org/apache/ratis/ratis-proto/0.4.0/ratis-proto-0.4.0.jar:/home/user/.m2/repository/org/apache/ratis/ratis-common/0.4.0/ratis-common-0.4.0.jar:/home/user/.m2/repository/org/apache/ratis/ratis-client/0.4.0/ratis-client-0.4.0.jar:/home/user/.m2/repository/org/apache/ratis/ratis-metrics/0.4.0/ratis-metrics-0.4.0.jar:/home/user/.m2/repository/com/github/joshelser/dropwizard-metrics-hadoop-metrics2-reporter/0.1.2/dropwizard-metrics-hadoop-metrics2-reporter-0.1.2.jar:/home/user/.m2/repository/io/dropwizard/metrics/metrics-jvm/3.2.5/metrics-jvm-3.2.5.jar:/home/user/.m2/repository/io/dropwizard/metrics/metrics-ganglia/3.2.5/metrics-ganglia-3.2.5.jar:/home/user/.m2/repository/info/ganglia/gmetric4j/gmetric4j/1.0.7/gmetric4j-1.0.7.jar:/home/user/.m2/repository/org/apache/ratis/ratis-netty/0.4.0/ratis-netty-0.4.0.jar:/home/user/.m2/repository/org/apache/ratis/ratis-grpc/0.4.0/ratis-grpc-0.4.0.jar:/home/user/.m2/repository/org/rocksdb/rocksdbjni/6.0.1/rocksdbjni-6.0.1.jar:/home/user/.m2/repository/org/apache/logging/log4j/log4j-api/2.11.0/log4j-api-2.11.0.jar:/home/user/.m2/repository/org/apache/logging/log4j/log4j-core/2.11.0/log4j-core-2.11.0.jar:/home/user/.m2/repository/com/lmax/disruptor/3.4.2/disruptor-3.4.2.jar:/home/user/.m2/repository/org/apache/commons/commons-pool2/2.6.0/commons-pool2-2.6.0.jar:/home/user/.m2/repository/org/bouncycastle/bcpkix-jdk15on/1.60/bcpkix-jdk15on-1.60.jar:/home/user/.m2/repository/commons-validator/commons-validator/1.6/commons-validator-1.6.jar:/home/user/.m2/repository/commons-digester/commons-digester/1.8.1/commons-digester-1.8.1.jar:/home/user/.m2/repository/io/jaegertracing/jaeger-client/0.34.0/jaeger-client-0.34.0.jar:/home/user/.m2/repository/io/jaegertracing/jaeger-thrift/0.34.0/jaeger-thrift-0.34.0.jar:/home/user/.m2/repository/org/apache/thrift/libthrift/0.12.0/libthrift-0.12.0.jar:/home/user/.m2/repository/com/squareup/okhttp3/okhttp/3.9.0/okhttp-3.9.0.jar:/home/user/.m2/repository/com/squareup/okio/okio/1.13.0/okio-1.13.0.jar:/home/user/.m2/repository/io/jaegertracing/jaeger-core/0.34.0/jaeger-core-0.34.0.jar:/home/user/.m2/repository/io/jaegertracing/jaeger-tracerresolver/0.34.0/jaeger-tracerresolver-0.34.0.jar:/home/user/.m2/repository/io/opentracing/contrib/opentracing-tracerresolver/0.1.5/opentracing-tracerresolver-0.1.5.jar:/home/user/.m2/repository/io/opentracing/opentracing-util/0.31.0/opentracing-util-0.31.0.jar:/home/user/.m2/repository/io/opentracing/opentracing-api/0.31.0/opentracing-api-0.31.0.jar:/home/user/.m2/repository/io/opentracing/opentracing-noop/0.31.0/opentracing-noop-0.31.0.jar:/home/user/.m2/repository/org/apache/hadoop/hadoop-hdds-server-framework/0.5.0-SNAPSHOT/hadoop-hdds-server-framework-0.5.0-SNAPSHOT.jar:/home/user/.m2/repository/org/apache/hadoop/hadoop-hdds-container-service/0.5.0-SNAPSHOT/hadoop-hdds-container-service-0.5.0-SNAPSHOT.jar:/home/user/.m2/repository/org/apache/hadoop/hadoop-hdds-client/0.5.0-SNAPSHOT/hadoop-hdds-client-0.5.0-SNAPSHOT.jar:/home/user/.m2/repository/org/apache/hadoop/hadoop-hdds-tools/0.5.0-SNAPSHOT/hadoop-hdds-tools-0.5.0-SNAPSHOT.jar:/home/user/.m2/repository/org/apache/hadoop/hadoop-hdds-server-scm/0.5.0-SNAPSHOT/hadoop-hdds-server-scm-0.5.0-SNAPSHOT.jar:/home/user/.m2/repository/org/apache/hadoop/hadoop-hdds-docs/0.5.0-SNAPSHOT/hadoop-hdds-docs-0.5.0-SNAPSHOT.jar:/home/user/.m2/repository/io/dropwizard/metrics/metrics-core/3.2.4/metrics-core-3.2.4.jar:/home/user/.m2/repository/org/hamcrest/hamcrest-all/1.3/hamcrest-all-1.3.jar:/home/user/.m2/repository/org/bouncycastle/bcprov-jdk15on/1.60/bcprov-jdk15on-1.60.jar:/home/user/.m2/repository/info/picocli/picocli/3.9.6/picocli-3.9.6.jar:/home/user/.m2/repository/com/google/protobuf/protobuf-java/2.5.0/protobuf-java-2.5.0.jar:/home/user/.m2/repository/com/google/guava/guava/11.0.2/guava-11.0.2.jar:/home/user/.m2/repository/org/apache/hadoop/hadoop-ozone-ozone-manager/0.5.0-SNAPSHOT/hadoop-ozone-ozone-manager-0.5.0-SNAPSHOT.jar:/home/user/.m2/repository/org/apache/hadoop/hadoop-minikdc/3.2.0/hadoop-minikdc-3.2.0.jar:/home/user/.m2/repository/commons-io/commons-io/2.5/commons-io-2.5.jar:/home/user/.m2/repository/org/apache/kerby/kerb-simplekdc/1.0.1/kerb-simplekdc-1.0.1.jar:/home/user/.m2/repository/org/apache/kerby/kerb-client/1.0.1/kerb-client-1.0.1.jar:/home/user/.m2/repository/org/apache/kerby/kerby-config/1.0.1/kerby-config-1.0.1.jar:/home/user/.m2/repository/org/apache/kerby/kerb-core/1.0.1/kerb-core-1.0.1.jar:/home/user/.m2/repository/org/apache/kerby/kerby-pkix/1.0.1/kerby-pkix-1.0.1.jar:/home/user/.m2/repository/org/apache/kerby/kerby-asn1/1.0.1/kerby-asn1-1.0.1.jar:/home/user/.m2/repository/org/apache/kerby/kerby-util/1.0.1/kerby-util-1.0.1.jar:/home/user/.m2/repository/org/apache/kerby/kerb-common/1.0.1/kerb-common-1.0.1.jar:/home/user/.m2/repository/org/apache/kerby/kerb-crypto/1.0.1/kerb-crypto-1.0.1.jar:/home/user/.m2/repository/org/apache/kerby/kerb-util/1.0.1/kerb-util-1.0.1.jar:/home/user/.m2/repository/org/apache/kerby/token-provider/1.0.1/token-provider-1.0.1.jar:/home/user/.m2/repository/org/apache/kerby/kerb-admin/1.0.1/kerb-admin-1.0.1.jar:/home/user/.m2/repository/org/apache/kerby/kerb-server/1.0.1/kerb-server-1.0.1.jar:/home/user/.m2/repository/org/apache/kerby/kerb-identity/1.0.1/kerb-identity-1.0.1.jar:/home/user/.m2/repository/org/apache/kerby/kerby-xdr/1.0.1/kerby-xdr-1.0.1.jar:/home/user/.m2/repository/org/slf4j/slf4j-log4j12/1.7.25/slf4j-log4j12-1.7.25.jar:/home/user/.m2/repository/org/apache/hadoop/hadoop-ozone-s3gateway/0.5.0-SNAPSHOT/hadoop-ozone-s3gateway-0.5.0-SNAPSHOT.jar:/home/user/.m2/repository/org/jboss/weld/servlet/weld-servlet/2.4.7.Final/weld-servlet-2.4.7.Final.jar:/home/user/.m2/repository/org/glassfish/jersey/containers/jersey-container-servlet-core/2.27/jersey-container-servlet-core-2.27.jar:/home/user/.m2/repository/org/glassfish/hk2/external/javax.inject/2.5.0-b42/javax.inject-2.5.0-b42.jar:/home/user/.m2/repository/org/glassfish/jersey/core/jersey-common/2.27/jersey-common-2.27.jar:/home/user/.m2/repository/org/glassfish/hk2/osgi-resource-locator/1.0.1/osgi-resource-locator-1.0.1.jar:/home/user/.m2/repository/javax/ws/rs/javax.ws.rs-api/2.1/javax.ws.rs-api-2.1.jar:/home/user/.m2/repository/org/glassfish/jersey/ext/cdi/jersey-cdi1x/2.27/jersey-cdi1x-2.27.jar:/home/user/.m2/repository/org/glassfish/jersey/inject/jersey-hk2/2.27/jersey-hk2-2.27.jar:/home/user/.m2/repository/org/glassfish/hk2/hk2-locator/2.5.0-b42/hk2-locator-2.5.0-b42.jar:/home/user/.m2/repository/org/javassist/javassist/3.22.0-CR2/javassist-3.22.0-CR2.jar:/home/user/.m2/repository/org/glassfish/hk2/hk2-api/2.5.0/hk2-api-2.5.0.jar:/home/user/.m2/repository/org/glassfish/hk2/external/jakarta.inject/2.5.0/jakarta.inject-2.5.0.jar:/home/user/.m2/repository/org/glassfish/hk2/hk2-utils/2.5.0/hk2-utils-2.5.0.jar:/home/user/.m2/repository/jakarta/annotation/jakarta.annotation-api/1.3.4/jakarta.annotation-api-1.3.4.jar:/home/user/.m2/repository/org/glassfish/hk2/external/aopalliance-repackaged/2.5.0/aopalliance-repackaged-2.5.0.jar:/home/user/.m2/repository/com/fasterxml/jackson/dataformat/jackson-dataformat-xml/2.9.0/jackson-dataformat-xml-2.9.0.jar:/home/user/.m2/repository/com/fasterxml/jackson/core/jackson-core/2.9.9/jackson-core-2.9.9.jar:/home/user/.m2/repository/com/fasterxml/jackson/module/jackson-module-jaxb-annotations/2.9.9/jackson-module-jaxb-annotations-2.9.9.jar:/home/user/.m2/repository/javax/enterprise/cdi-api/1.2/cdi-api-1.2.jar:/home/user/.m2/repository/javax/el/javax.el-api/3.0.0/javax.el-api-3.0.0.jar:/home/user/.m2/repository/javax/interceptor/javax.interceptor-api/1.2/javax.interceptor-api-1.2.jar:/home/user/.m2/repository/javax/inject/javax.inject/1/javax.inject-1.jar:/home/user/.m2/repository/com/sun/xml/bind/jaxb-impl/2.3.0.1/jaxb-impl-2.3.0.1.jar:/home/user/.m2/repository/com/sun/xml/bind/jaxb-core/2.3.0.1/jaxb-core-2.3.0.1.jar:/home/user/.m2/repository/javax/xml/bind/jaxb-api/2.3.0/jaxb-api-2.3.0.jar:/home/user/.m2/repository/javax/activation/activation/1.1.1/activation-1.1.1.jar:/home/user/.m2/repository/org/apache/hadoop/hadoop-ozone-csi/0.5.0-SNAPSHOT/hadoop-ozone-csi-0.5.0-SNAPSHOT.jar:/home/user/.m2/repository/com/google/protobuf/protobuf-java-util/3.5.1/protobuf-java-util-3.5.1.jar:/home/user/.m2/repository/org/apache/hadoop/hadoop-hdds-config/0.5.0-SNAPSHOT/hadoop-hdds-config-0.5.0-SNAPSHOT.jar:/home/user/.m2/repository/io/grpc/grpc-netty/1.17.1/grpc-netty-1.17.1.jar:/home/user/.m2/repository/io/grpc/grpc-core/1.17.1/grpc-core-1.17.1.jar:/home/user/.m2/repository/io/grpc/grpc-context/1.17.1/grpc-context-1.17.1.jar:/home/user/.m2/repository/com/google/errorprone/error_prone_annotations/2.2.0/error_prone_annotations-2.2.0.jar:/home/user/.m2/repository/org/codehaus/mojo/animal-sniffer-annotations/1.17/animal-sniffer-annotations-1.17.jar:/home/user/.m2/repository/io/opencensus/opencensus-api/0.17.0/opencensus-api-0.17.0.jar:/home/user/.m2/repository/io/opencensus/opencensus-contrib-grpc-metrics/0.17.0/opencensus-contrib-grpc-metrics-0.17.0.jar:/home/user/.m2/repository/io/netty/netty-codec-http2/4.1.30.Final/netty-codec-http2-4.1.30.Final.jar:/home/user/.m2/repository/io/netty/netty-codec-http/4.1.30.Final/netty-codec-http-4.1.30.Final.jar:/home/user/.m2/repository/io/netty/netty-codec/4.1.30.Final/netty-codec-4.1.30.Final.jar:/home/user/.m2/repository/io/netty/netty-handler/4.1.30.Final/netty-handler-4.1.30.Final.jar:/home/user/.m2/repository/io/netty/netty-handler-proxy/4.1.30.Final/netty-handler-proxy-4.1.30.Final.jar:/home/user/.m2/repository/io/netty/netty-codec-socks/4.1.30.Final/netty-codec-socks-4.1.30.Final.jar:/home/user/.m2/repository/io/netty/netty-transport-native-epoll/4.1.30.Final/netty-transport-native-epoll-4.1.30.Final.jar:/home/user/.m2/repository/io/netty/netty-common/4.1.30.Final/netty-common-4.1.30.Final.jar:/home/user/.m2/repository/io/netty/netty-buffer/4.1.30.Final/netty-buffer-4.1.30.Final.jar:/home/user/.m2/repository/io/netty/netty-transport/4.1.30.Final/netty-transport-4.1.30.Final.jar:/home/user/.m2/repository/io/netty/netty-resolver/4.1.30.Final/netty-resolver-4.1.30.Final.jar:/home/user/.m2/repository/io/netty/netty-transport-native-unix-common/4.1.30.Final/netty-transport-native-unix-common-4.1.30.Final.jar:/home/user/.m2/repository/io/grpc/grpc-protobuf/1.17.1/grpc-protobuf-1.17.1.jar:/home/user/.m2/repository/com/google/api/grpc/proto-google-common-protos/1.0.0/proto-google-common-protos-1.0.0.jar:/home/user/.m2/repository/io/grpc/grpc-protobuf-lite/1.17.1/grpc-protobuf-lite-1.17.1.jar:/home/user/.m2/repository/io/grpc/grpc-stub/1.17.1/grpc-stub-1.17.1.jar:/home/user/.m2/repository/org/apache/hadoop/hadoop-ozone-recon/0.5.0-SNAPSHOT/hadoop-ozone-recon-0.5.0-SNAPSHOT.jar:/home/user/.m2/repository/org/apache/hadoop/hadoop-ozone-reconcodegen/0.5.0-SNAPSHOT/hadoop-ozone-reconcodegen-0.5.0-SNAPSHOT.jar:/home/user/.m2/repository/com/google/inject/extensions/guice-multibindings/4.0/guice-multibindings-4.0.jar:/home/user/.m2/repository/com/google/inject/guice/4.0/guice-4.0.jar:/home/user/.m2/repository/aopalliance/aopalliance/1.0/aopalliance-1.0.jar:/home/user/.m2/repository/com/google/inject/extensions/guice-servlet/4.0/guice-servlet-4.0.jar:/home/user/.m2/repository/org/glassfish/jersey/containers/jersey-container-servlet/2.27/jersey-container-servlet-2.27.jar:/home/user/.m2/repository/org/glassfish/hk2/guice-bridge/2.5.0/guice-bridge-2.5.0.jar:/home/user/.m2/repository/org/glassfish/jersey/core/jersey-server/2.27/jersey-server-2.27.jar:/home/user/.m2/repository/org/glassfish/jersey/core/jersey-client/2.27/jersey-client-2.27.jar:/home/user/.m2/repository/org/glassfish/jersey/media/jersey-media-jaxb/2.27/jersey-media-jaxb-2.27.jar:/home/user/.m2/repository/javax/validation/validation-api/1.1.0.Final/validation-api-1.1.0.Final.jar:/home/user/.m2/repository/org/glassfish/jersey/media/jersey-media-json-jackson/2.27/jersey-media-json-jackson-2.27.jar:/home/user/.m2/repository/org/glassfish/jersey/ext/jersey-entity-filtering/2.27/jersey-entity-filtering-2.27.jar:/home/user/.m2/repository/com/google/inject/extensions/guice-assistedinject/4.0/guice-assistedinject-4.0.jar:/home/user/.m2/repository/org/jooq/jooq/3.11.10/jooq-3.11.10.jar:/home/user/.m2/repository/org/jooq/jooq-meta/3.11.10/jooq-meta-3.11.10.jar:/home/user/.m2/repository/org/jooq/jooq-codegen/3.11.10/jooq-codegen-3.11.10.jar:/home/user/.m2/repository/com/jolbox/bonecp/0.8.0.RELEASE/bonecp-0.8.0.RELEASE.jar:/home/user/.m2/repository/org/xerial/sqlite-jdbc/3.25.2/sqlite-jdbc-3.25.2.jar:/home/user/.m2/repository/org/springframework/spring-jdbc/5.1.3.RELEASE/spring-jdbc-5.1.3.RELEASE.jar:/home/user/.m2/repository/org/springframework/spring-beans/5.1.3.RELEASE/spring-beans-5.1.3.RELEASE.jar:/home/user/.m2/repository/org/springframework/spring-core/5.1.3.RELEASE/spring-core-5.1.3.RELEASE.jar:/home/user/.m2/repository/org/springframework/spring-jcl/5.1.3.RELEASE/spring-jcl-5.1.3.RELEASE.jar:/home/user/.m2/repository/org/springframework/spring-tx/5.1.3.RELEASE/spring-tx-5.1.3.RELEASE.jar:/home/user/.m2/repository/org/apache/hadoop/hadoop-ozone-client/0.5.0-SNAPSHOT/hadoop-ozone-client-0.5.0-SNAPSHOT.jar:/home/user/.m2/repository/commons-lang/commons-lang/2.6/commons-lang-2.6.jar:/home/user/.m2/repository/org/apache/hadoop/hadoop-ozone-ozone-manager/0.5.0-SNAPSHOT/hadoop-ozone-ozone-manager-0.5.0-SNAPSHOT-tests.jar:/home/user/.m2/repository/junit/junit/4.11/junit-4.11.jar:/home/user/.m2/repository/org/hamcrest/hamcrest-core/1.3/hamcrest-core-1.3.jar:/home/user/.m2/repository/org/openjdk/jmh/jmh-core/1.19/jmh-core-1.19.jar:/home/user/.m2/repository/net/sf/jopt-simple/jopt-simple/4.6/jopt-simple-4.6.jar:/home/user/.m2/repository/org/apache/commons/commons-math3/3.1.1/commons-math3-3.1.1.jar:/home/user/.m2/repository/org/openjdk/jmh/jmh-generator-annprocess/1.19/jmh-generator-annprocess-1.19.jar:/home/user/.m2/repository/org/mockito/mockito-all/1.8.5/mockito-all-1.8.5.jar:/home/user/.m2/repository/org/apache/hadoop/hadoop-kms/3.2.0/hadoop-kms-3.2.0.jar:/home/user/.m2/repository/org/apache/hadoop/hadoop-auth/3.2.0/hadoop-auth-3.2.0.jar:/home/user/.m2/repository/com/nimbusds/nimbus-jose-jwt/4.41.1/nimbus-jose-jwt-4.41.1.jar:/home/user/.m2/repository/com/github/stephenc/jcip/jcip-annotations/1.0-1/jcip-annotations-1.0-1.jar:/home/user/.m2/repository/net/minidev/json-smart/2.3/json-smart-2.3.jar:/home/user/.m2/repository/net/minidev/accessors-smart/1.2/accessors-smart-1.2.jar:/home/user/.m2/repository/org/ow2/asm/asm/5.0.4/asm-5.0.4.jar:/home/user/.m2/repository/org/apache/curator/curator-framework/2.12.0/curator-framework-2.12.0.jar:/home/user/.m2/repository/com/sun/jersey/jersey-core/1.19/jersey-core-1.19.jar:/home/user/.m2/repository/javax/ws/rs/jsr311-api/1.1.1/jsr311-api-1.1.1.jar:/home/user/.m2/repository/com/sun/jersey/jersey-server/1.19/jersey-server-1.19.jar:/home/user/.m2/repository/javax/servlet/javax.servlet-api/3.1.0/javax.servlet-api-3.1.0.jar:/home/user/.m2/repository/org/eclipse/jetty/jetty-server/9.3.25.v20180904/jetty-server-9.3.25.v20180904.jar:/home/user/.m2/repository/org/eclipse/jetty/jetty-http/9.3.25.v20180904/jetty-http-9.3.25.v20180904.jar:/home/user/.m2/repository/org/eclipse/jetty/jetty-io/9.3.25.v20180904/jetty-io-9.3.25.v20180904.jar:/home/user/.m2/repository/org/eclipse/jetty/jetty-webapp/9.3.25.v20180904/jetty-webapp-9.3.25.v20180904.jar:/home/user/.m2/repository/org/eclipse/jetty/jetty-xml/9.3.25.v20180904/jetty-xml-9.3.25.v20180904.jar:/home/user/.m2/repository/log4j/log4j/1.2.17/log4j-1.2.17.jar:/home/user/.m2/repository/org/slf4j/slf4j-api/1.7.25/slf4j-api-1.7.25.jar:/home/user/.m2/repository/org/slf4j/jul-to-slf4j/1.7.25/jul-to-slf4j-1.7.25.jar:/home/user/.m2/repository/org/eclipse/jetty/jetty-util/9.3.25.v20180904/jetty-util-9.3.25.v20180904.jar:/home/user/.m2/repository/com/fasterxml/jackson/core/jackson-databind/2.9.9/jackson-databind-2.9.9.jar:/home/user/.m2/repository/org/apache/hadoop/hadoop-kms/3.2.0/hadoop-kms-3.2.0-tests.jar:/home/user/.m2/repository/org/apache/hadoop/hadoop-hdds-server-scm/0.5.0-SNAPSHOT/hadoop-hdds-server-scm-0.5.0-SNAPSHOT-tests.jar:/home/user/.m2/repository/org/apache/hadoop/hadoop-hdds-container-service/0.5.0-SNAPSHOT/hadoop-hdds-container-service-0.5.0-SNAPSHOT-tests.jar:/home/user/.m2/repository/org/yaml/snakeyaml/1.16/snakeyaml-1.16.jar:/home/user/.m2/repository/org/apache/hadoop/hadoop-common/3.2.0/hadoop-common-3.2.0-tests.jar:/home/user/.m2/repository/org/apache/hadoop/hadoop-annotations/3.2.0/hadoop-annotations-3.2.0.jar:/usr/lib/jvm/java-1.8-openjdk/jre/../lib/tools.jar:/home/user/.m2/repository/commons-cli/commons-cli/1.2/commons-cli-1.2.jar:/home/user/.m2/repository/org/apache/httpcomponents/httpclient/4.5.2/httpclient-4.5.2.jar:/home/user/.m2/repository/org/apache/httpcomponents/httpcore/4.4.4/httpcore-4.4.4.jar:/home/user/.m2/repository/commons-codec/commons-codec/1.11/commons-codec-1.11.jar:/home/user/.m2/repository/commons-net/commons-net/3.6/commons-net-3.6.jar:/home/user/.m2/repository/commons-collections/commons-collections/3.2.2/commons-collections-3.2.2.jar:/home/user/.m2/repository/org/eclipse/jetty/jetty-servlet/9.3.25.v20180904/jetty-servlet-9.3.25.v20180904.jar:/home/user/.m2/repository/org/eclipse/jetty/jetty-security/9.3.25.v20180904/jetty-security-9.3.25.v20180904.jar:/home/user/.m2/repository/javax/servlet/jsp/jsp-api/2.1/jsp-api-2.1.jar:/home/user/.m2/repository/com/sun/jersey/jersey-servlet/1.19/jersey-servlet-1.19.jar:/home/user/.m2/repository/com/sun/jersey/jersey-json/1.19/jersey-json-1.19.jar:/home/user/.m2/repository/org/codehaus/jettison/jettison/1.1/jettison-1.1.jar:/home/user/.m2/repository/org/codehaus/jackson/jackson-core-asl/1.9.13/jackson-core-asl-1.9.13.jar:/home/user/.m2/repository/org/codehaus/jackson/jackson-mapper-asl/1.9.13/jackson-mapper-asl-1.9.13.jar:/home/user/.m2/repository/org/codehaus/jackson/jackson-jaxrs/1.9.13/jackson-jaxrs-1.9.13.jar:/home/user/.m2/repository/org/codehaus/jackson/jackson-xc/1.9.13/jackson-xc-1.9.13.jar:/home/user/.m2/repository/commons-logging/commons-logging/1.1.3/commons-logging-1.1.3.jar:/home/user/.m2/repository/commons-beanutils/commons-beanutils/1.9.4/commons-beanutils-1.9.4.jar:/home/user/.m2/repository/org/apache/commons/commons-configuration2/2.1.1/commons-configuration2-2.1.1.jar:/home/user/.m2/repository/org/apache/commons/commons-lang3/3.7/commons-lang3-3.7.jar:/home/user/.m2/repository/org/apache/commons/commons-text/1.4/commons-text-1.4.jar:/home/user/.m2/repository/org/apache/avro/avro/1.7.7/avro-1.7.7.jar:/home/user/.m2/repository/com/thoughtworks/paranamer/paranamer/2.3/paranamer-2.3.jar:/home/user/.m2/repository/org/xerial/snappy/snappy-java/1.0.5/snappy-java-1.0.5.jar:/home/user/.m2/repository/com/google/re2j/re2j/1.1/re2j-1.1.jar:/home/user/.m2/repository/com/google/code/gson/gson/2.2.4/gson-2.2.4.jar:/home/user/.m2/repository/com/jcraft/jsch/0.1.54/jsch-0.1.54.jar:/home/user/.m2/repository/org/apache/curator/curator-client/2.12.0/curator-client-2.12.0.jar:/home/user/.m2/repository/org/apache/curator/curator-recipes/2.12.0/curator-recipes-2.12.0.jar:/home/user/.m2/repository/com/google/code/findbugs/jsr305/3.0.0/jsr305-3.0.0.jar:/home/user/.m2/repository/org/apache/htrace/htrace-core4/4.1.0-incubating/htrace-core4-4.1.0-incubating.jar:/home/user/.m2/repository/org/apache/zookeeper/zookeeper/3.4.13/zookeeper-3.4.13.jar:/home/user/.m2/repository/jline/jline/0.9.94/jline-0.9.94.jar:/home/user/.m2/repository/org/apache/yetus/audience-annotations/0.5.0/audience-annotations-0.5.0.jar:/home/user/.m2/repository/org/codehaus/woodstox/stax2-api/3.1.4/stax2-api-3.1.4.jar:/home/user/.m2/repository/com/fasterxml/woodstox/woodstox-core/5.0.3/woodstox-core-5.0.3.jar:/home/user/.m2/repository/dnsjava/dnsjava/2.1.7/dnsjava-2.1.7.jar:/home/user/.m2/repository/org/apache/hadoop/hadoop-hdfs/3.2.0/hadoop-hdfs-3.2.0-tests.jar:/home/user/.m2/repository/org/eclipse/jetty/jetty-util-ajax/9.3.25.v20180904/jetty-util-ajax-9.3.25.v20180904.jar:/home/user/.m2/repository/commons-daemon/commons-daemon/1.0.13/commons-daemon-1.0.13.jar:/home/user/.m2/repository/io/netty/netty/3.10.5.Final/netty-3.10.5.Final.jar:/home/user/.m2/repository/io/netty/netty-all/4.0.52.Final/netty-all-4.0.52.Final.jar:/home/user/.m2/repository/org/fusesource/leveldbjni/leveldbjni-all/1.8/leveldbjni-all-1.8.jar:"/>
    <property name="sun.cpu.endian" value="little"/>
    <property name="user.home" value="/home/user"/>
    <property name="user.language" value="en"/>
    <property name="java.specification.vendor" value="Oracle Corporation"/>
    <property name="java.home" value="/usr/lib/jvm/java-1.8-openjdk/jre"/>
    <property name="java.security.krb5.conf" value="/workdir/hadoop-ozone/integration-test/target/test-classes/krb5.conf"/>
    <property name="basedir" value="/workdir/hadoop-ozone/integration-test"/>
    <property name="file.separator" value="/"/>
    <property name="line.separator" value="&#10;"/>
    <property name="java.vm.specification.vendor" value="Oracle Corporation"/>
    <property name="java.specification.name" value="Java Platform API Specification"/>
    <property name="java.awt.graphicsenv" value="sun.awt.X11GraphicsEnvironment"/>
    <property name="surefire.real.class.path" value="/workdir/hadoop-ozone/integration-test/target/surefire/surefirebooter5715733997161486833.jar"/>
    <property name="hadoop.log.dir" value="/workdir/hadoop-ozone/integration-test/target/log"/>
    <property name="sun.boot.class.path" value="/usr/lib/jvm/java-1.8-openjdk/jre/lib/resources.jar:/usr/lib/jvm/java-1.8-openjdk/jre/lib/rt.jar:/usr/lib/jvm/java-1.8-openjdk/jre/lib/sunrsasign.jar:/usr/lib/jvm/java-1.8-openjdk/jre/lib/jsse.jar:/usr/lib/jvm/java-1.8-openjdk/jre/lib/jce.jar:/usr/lib/jvm/java-1.8-openjdk/jre/lib/charsets.jar:/usr/lib/jvm/java-1.8-openjdk/jre/lib/jfr.jar:/usr/lib/jvm/java-1.8-openjdk/jre/classes"/>
    <property name="sun.management.compiler" value="HotSpot 64-Bit Tiered Compilers"/>
    <property name="java.runtime.version" value="1.8.0_212-b04"/>
    <property name="java.net.preferIPv4Stack" value="true"/>
    <property name="user.name" value="jenkins1000"/>
    <property name="path.separator" value=":"/>
    <property name="java.security.egd" value="file:///dev/urandom"/>
    <property name="os.version" value="3.10.0-957.12.2.el7.x86_64"/>
    <property name="java.endorsed.dirs" value="/usr/lib/jvm/java-1.8-openjdk/jre/lib/endorsed"/>
    <property name="java.runtime.name" value="OpenJDK Runtime Environment"/>
    <property name="file.encoding" value="UTF-8"/>
    <property name="java.vm.name" value="OpenJDK 64-Bit Server VM"/>
    <property name="test.build.webapps" value=""/>
    <property name="localRepository" value="/home/user/.m2/repository"/>
    <property name="java.vendor.url.bug" value="https://icedtea.classpath.org/bugzilla"/>
    <property name="java.io.tmpdir" value="/tmp"/>
    <property name="require.test.libhadoop" value=""/>
    <property name="java.version" value="1.8.0_212"/>
    <property name="user.dir" value="/workdir/hadoop-ozone/integration-test"/>
    <property name="os.arch" value="amd64"/>
    <property name="java.vm.specification.name" value="Java Virtual Machine Specification"/>
    <property name="test.build.classes" value="/workdir/hadoop-ozone/integration-test/target/test-classes"/>
    <property name="java.awt.printerjob" value="sun.print.PSPrinterJob"/>
    <property name="sun.os.patch.level" value="unknown"/>
    <property name="hadoop.tmp.dir" value="/workdir/hadoop-ozone/integration-test/target/tmp"/>
    <property name="java.library.path" value="/usr/lib/jvm/java-1.8-openjdk/jre/lib/amd64/server:/usr/lib/jvm/java-1.8-openjdk/jre/lib/amd64:/usr/lib/jvm/java-1.8-openjdk/jre/../lib/amd64:/workdir/hadoop-ozone/integration-test/target/native/target/usr/local/lib:/workdir/hadoop-ozone/integration-test/../../hadoop-common-project/hadoop-common/target/native/target/usr/local/lib:/usr/java/packages/lib/amd64:/usr/lib64:/lib64:/lib:/usr/lib"/>
    <property name="java.vm.info" value="mixed mode"/>
    <property name="java.vendor" value="IcedTea"/>
    <property name="java.vm.version" value="25.212-b04"/>
    <property name="java.ext.dirs" value="/usr/lib/jvm/java-1.8-openjdk/jre/lib/ext:/usr/java/packages/lib/ext"/>
    <property name="sun.io.unicode.encoding" value="UnicodeLittle"/>
    <property name="java.class.version" value="52.0"/>
  </properties>
  <testcase name="test2DatanodesFailure" classname="org.apache.hadoop.ozone.client.rpc.TestBlockOutputStreamWithFailures" time="110.863"/>
  <testcase name="testDatanodeFailureWithPreAllocation" classname="org.apache.hadoop.ozone.client.rpc.TestBlockOutputStreamWithFailures" time="226.363"/>
  <testcase name="testDatanodeFailureWithSingleNodeRatis" classname="org.apache.hadoop.ozone.client.rpc.TestBlockOutputStreamWithFailures" time="226.755"/>
  <testcase name="testWatchForCommitWithSingleNodeRatis" classname="org.apache.hadoop.ozone.client.rpc.TestBlockOutputStreamWithFailures" time="36.603"/>
  <testcase name="testWatchForCommitDatanodeFailure" classname="org.apache.hadoop.ozone.client.rpc.TestBlockOutputStreamWithFailures" time="37.355">
    <failure message="expected:&lt;2&gt; but was:&lt;3&gt;" type="java.lang.AssertionError"><![CDATA[java.lang.AssertionError: expected:<2> but was:<3>
	at org.junit.Assert.fail(Assert.java:88)
	at org.junit.Assert.failNotEquals(Assert.java:743)
	at org.junit.Assert.assertEquals(Assert.java:118)
	at org.junit.Assert.assertEquals(Assert.java:555)
	at org.junit.Assert.assertEquals(Assert.java:542)
	at org.apache.hadoop.ozone.client.rpc.TestBlockOutputStreamWithFailures.testWatchForCommitDatanodeFailure(TestBlockOutputStreamWithFailures.java:366)
	at sun.reflect.NativeMethodAccessorImpl.invoke0(Native Method)
	at sun.reflect.NativeMethodAccessorImpl.invoke(NativeMethodAccessorImpl.java:62)
	at sun.reflect.DelegatingMethodAccessorImpl.invoke(DelegatingMethodAccessorImpl.java:43)
	at java.lang.reflect.Method.invoke(Method.java:498)
	at org.junit.runners.model.FrameworkMethod$1.runReflectiveCall(FrameworkMethod.java:47)
	at org.junit.internal.runners.model.ReflectiveCallable.run(ReflectiveCallable.java:12)
	at org.junit.runners.model.FrameworkMethod.invokeExplosively(FrameworkMethod.java:44)
	at org.junit.internal.runners.statements.InvokeMethod.evaluate(InvokeMethod.java:17)
	at org.junit.internal.runners.statements.RunBefores.evaluate(RunBefores.java:26)
	at org.junit.internal.runners.statements.RunAfters.evaluate(RunAfters.java:27)
	at org.junit.runners.ParentRunner.runLeaf(ParentRunner.java:271)
	at org.junit.runners.BlockJUnit4ClassRunner.runChild(BlockJUnit4ClassRunner.java:70)
	at org.junit.runners.BlockJUnit4ClassRunner.runChild(BlockJUnit4ClassRunner.java:50)
	at org.junit.runners.ParentRunner$3.run(ParentRunner.java:238)
	at org.junit.runners.ParentRunner$1.schedule(ParentRunner.java:63)
	at org.junit.runners.ParentRunner.runChildren(ParentRunner.java:236)
	at org.junit.runners.ParentRunner.access$000(ParentRunner.java:53)
	at org.junit.runners.ParentRunner$2.evaluate(ParentRunner.java:229)
	at org.junit.runners.ParentRunner.run(ParentRunner.java:309)
	at org.apache.maven.surefire.junit4.JUnit4Provider.execute(JUnit4Provider.java:365)
	at org.apache.maven.surefire.junit4.JUnit4Provider.executeWithRerun(JUnit4Provider.java:273)
	at org.apache.maven.surefire.junit4.JUnit4Provider.executeTestSet(JUnit4Provider.java:238)
	at org.apache.maven.surefire.junit4.JUnit4Provider.invoke(JUnit4Provider.java:159)
	at org.apache.maven.surefire.booter.ForkedBooter.invokeProviderInSameClassLoader(ForkedBooter.java:384)
	at org.apache.maven.surefire.booter.ForkedBooter.runSuitesInProcess(ForkedBooter.java:345)
	at org.apache.maven.surefire.booter.ForkedBooter.execute(ForkedBooter.java:126)
	at org.apache.maven.surefire.booter.ForkedBooter.main(ForkedBooter.java:418)
]]></failure>
    <system-out><![CDATA[2019-09-27 09:29:35,186 [main] WARN  server.ServerUtils (ServerUtils.java:getScmDbDir(145)) - ozone.scm.db.dirs is not configured. We recommend adding this setting. Falling back to ozone.metadata.dirs instead.
2019-09-27 09:29:35,234 [main] WARN  server.ServerUtils (ServerUtils.java:getScmDbDir(145)) - ozone.scm.db.dirs is not configured. We recommend adding this setting. Falling back to ozone.metadata.dirs instead.
2019-09-27 09:29:35,234 [main] WARN  server.ServerUtils (ServerUtils.java:getScmDbDir(145)) - ozone.scm.db.dirs is not configured. We recommend adding this setting. Falling back to ozone.metadata.dirs instead.
2019-09-27 09:29:35,235 [main] INFO  db.DBStoreBuilder (DBStoreBuilder.java:addTable(110)) - using custom profile for table: deletedBlocks
2019-09-27 09:29:35,235 [main] INFO  db.DBStoreBuilder (DBStoreBuilder.java:processTables(161)) - Using default column profile:DBProfile.DISK for Table:deletedBlocks
2019-09-27 09:29:35,235 [main] INFO  db.DBStoreBuilder (DBStoreBuilder.java:addTable(110)) - using custom profile for table: validCerts
2019-09-27 09:29:35,235 [main] INFO  db.DBStoreBuilder (DBStoreBuilder.java:processTables(161)) - Using default column profile:DBProfile.DISK for Table:validCerts
2019-09-27 09:29:35,235 [main] INFO  db.DBStoreBuilder (DBStoreBuilder.java:addTable(110)) - using custom profile for table: revokedCerts
2019-09-27 09:29:35,236 [main] INFO  db.DBStoreBuilder (DBStoreBuilder.java:processTables(161)) - Using default column profile:DBProfile.DISK for Table:revokedCerts
2019-09-27 09:29:35,236 [main] INFO  db.DBStoreBuilder (DBStoreBuilder.java:addTable(110)) - using custom profile for table: default
2019-09-27 09:29:35,236 [main] INFO  db.DBStoreBuilder (DBStoreBuilder.java:processTables(167)) - Using default column profile:DBProfile.DISK for Table:default
2019-09-27 09:29:35,236 [main] INFO  db.DBStoreBuilder (DBStoreBuilder.java:getDbProfile(198)) - Using default options. DBProfile.DISK
2019-09-27 09:29:35,320 [main] INFO  net.NodeSchemaLoader (NodeSchemaLoader.java:loadSchemaFromFile(125)) - Loading file from sun.misc.CompoundEnumeration@5657967b
2019-09-27 09:29:35,321 [main] INFO  net.NodeSchemaLoader (NodeSchemaLoader.java:loadSchema(171)) - Loading network topology layer schema file
2019-09-27 09:29:35,325 [main] INFO  node.SCMNodeManager (SCMNodeManager.java:<init>(114)) - Entering startup safe mode.
2019-09-27 09:29:35,325 [main] INFO  algorithms.ContainerPlacementPolicyFactory (ContainerPlacementPolicyFactory.java:getPolicy(59)) - Create container placement policy of type org.apache.hadoop.hdds.scm.container.placement.algorithms.SCMContainerPlacementRandom
2019-09-27 09:29:35,326 [main] WARN  server.ServerUtils (ServerUtils.java:getScmDbDir(145)) - ozone.scm.db.dirs is not configured. We recommend adding this setting. Falling back to ozone.metadata.dirs instead.
2019-09-27 09:29:35,357 [main] INFO  pipeline.SCMPipelineManager (SCMPipelineManager.java:initializePipelineState(147)) - No pipeline exists in current db
2019-09-27 09:29:35,357 [main] WARN  server.ServerUtils (ServerUtils.java:getScmDbDir(145)) - ozone.scm.db.dirs is not configured. We recommend adding this setting. Falling back to ozone.metadata.dirs instead.
2019-09-27 09:29:35,387 [main] INFO  safemode.HealthyPipelineSafeModeRule (HealthyPipelineSafeModeRule.java:<init>(89)) -  Total pipeline count is 0, healthy pipeline threshold count is 1
2019-09-27 09:29:35,388 [main] INFO  safemode.OneReplicaPipelineSafeModeRule (OneReplicaPipelineSafeModeRule.java:<init>(80)) - Total pipeline count is 0, pipeline's with at least one datanode reported threshold count is 0
2019-09-27 09:29:35,388 [main] WARN  events.EventQueue (EventQueue.java:fireEvent(183)) - No event handler registered for event TypedEvent{payloadType=SafeModeStatus, name='SafeModeStatus'}
2019-09-27 09:29:35,389 [main] INFO  ipc.CallQueueManager (CallQueueManager.java:<init>(84)) - Using callQueue: class java.util.concurrent.LinkedBlockingQueue, queueCapacity: 2000, scheduler: class org.apache.hadoop.ipc.DefaultRpcScheduler, ipcBackoff: false.
2019-09-27 09:29:35,390 [Socket Reader #1 for port 45827] INFO  ipc.Server (Server.java:run(1074)) - Starting Socket Reader #1 for port 45827
2019-09-27 09:29:35,391 [main] INFO  ipc.CallQueueManager (CallQueueManager.java:<init>(84)) - Using callQueue: class java.util.concurrent.LinkedBlockingQueue, queueCapacity: 2000, scheduler: class org.apache.hadoop.ipc.DefaultRpcScheduler, ipcBackoff: false.
2019-09-27 09:29:35,392 [Socket Reader #1 for port 39119] INFO  ipc.Server (Server.java:run(1074)) - Starting Socket Reader #1 for port 39119
2019-09-27 09:29:35,393 [main] INFO  ipc.CallQueueManager (CallQueueManager.java:<init>(84)) - Using callQueue: class java.util.concurrent.LinkedBlockingQueue, queueCapacity: 2000, scheduler: class org.apache.hadoop.ipc.DefaultRpcScheduler, ipcBackoff: false.
2019-09-27 09:29:35,394 [Socket Reader #1 for port 33155] INFO  ipc.Server (Server.java:run(1074)) - Starting Socket Reader #1 for port 33155
2019-09-27 09:29:35,396 [main] INFO  hdfs.DFSUtil (DFSUtil.java:httpServerTemplateForNNAndJN(1641)) - Starting Web-server for scm at: http://0.0.0.0:0
2019-09-27 09:29:35,399 [main] INFO  server.AuthenticationFilter (AuthenticationFilter.java:constructSecretProvider(240)) - Unable to initialize FileSignerSecretProvider, falling back to use random secrets.
2019-09-27 09:29:35,399 [main] WARN  http.HttpRequestLog (HttpRequestLog.java:getRequestLog(97)) - Jetty request log can only be enabled using Log4j
2019-09-27 09:29:35,402 [main] INFO  http.HttpServer2 (HttpServer2.java:addGlobalFilter(975)) - Added global filter 'safety' (class=org.apache.hadoop.http.HttpServer2$QuotingInputFilter)
2019-09-27 09:29:35,403 [main] INFO  http.HttpServer2 (HttpServer2.java:addFilter(948)) - Added filter static_user_filter (class=org.apache.hadoop.http.lib.StaticUserWebFilter$StaticUserFilter) to context scm
2019-09-27 09:29:35,403 [main] INFO  http.HttpServer2 (HttpServer2.java:addFilter(958)) - Added filter static_user_filter (class=org.apache.hadoop.http.lib.StaticUserWebFilter$StaticUserFilter) to context static
2019-09-27 09:29:35,403 [main] INFO  http.HttpServer2 (HttpServer2.java:addFilter(958)) - Added filter static_user_filter (class=org.apache.hadoop.http.lib.StaticUserWebFilter$StaticUserFilter) to context logs
2019-09-27 09:29:35,407 [main] INFO  server.StorageContainerManager (StorageContainerManager.java:start(770)) - StorageContainerLocationProtocol RPC server is listening at /0.0.0.0:33155
2019-09-27 09:29:35,411 [main] WARN  impl.MetricsConfig (MetricsConfig.java:loadFirst(134)) - Cannot locate configuration: tried hadoop-metrics2-storagecontainermanager.properties,hadoop-metrics2.properties
2019-09-27 09:29:35,412 [main] INFO  impl.MetricsSystemImpl (MetricsSystemImpl.java:startTimer(374)) - Scheduled Metric snapshot period at 10 second(s).
2019-09-27 09:29:35,412 [main] INFO  impl.MetricsSystemImpl (MetricsSystemImpl.java:start(191)) - StorageContainerManager metrics system started
2019-09-27 09:29:35,498 [main] WARN  impl.MetricsSystemImpl (MetricsSystemImpl.java:register(276)) - Sink prometheus already exists!
2019-09-27 09:29:35,603 [main] INFO  server.SCMClientProtocolServer (SCMClientProtocolServer.java:start(151)) - RPC server for Client  is listening at /0.0.0.0:33155
2019-09-27 09:29:35,604 [IPC Server Responder] INFO  ipc.Server (Server.java:run(1314)) - IPC Server Responder: starting
2019-09-27 09:29:35,604 [IPC Server listener on 33155] INFO  ipc.Server (Server.java:run(1153)) - IPC Server listener on 33155: starting
2019-09-27 09:29:35,609 [main] INFO  server.StorageContainerManager (StorageContainerManager.java:start(780)) - ScmBlockLocationProtocol RPC server is listening at /0.0.0.0:39119
2019-09-27 09:29:35,609 [main] INFO  server.SCMBlockProtocolServer (SCMBlockProtocolServer.java:start(146)) - RPC server for Block Protocol is listening at /0.0.0.0:39119
2019-09-27 09:29:35,610 [IPC Server Responder] INFO  ipc.Server (Server.java:run(1314)) - IPC Server Responder: starting
2019-09-27 09:29:35,610 [IPC Server listener on 39119] INFO  ipc.Server (Server.java:run(1153)) - IPC Server listener on 39119: starting
2019-09-27 09:29:35,615 [main] INFO  server.StorageContainerManager (StorageContainerManager.java:start(784)) - ScmDatanodeProtocl RPC server is listening at /0.0.0.0:45827
2019-09-27 09:29:35,615 [main] INFO  server.SCMDatanodeProtocolServer (SCMDatanodeProtocolServer.java:start(199)) - RPC server for DataNodes is listening at /0.0.0.0:45827
2019-09-27 09:29:35,615 [IPC Server Responder] INFO  ipc.Server (Server.java:run(1314)) - IPC Server Responder: starting
2019-09-27 09:29:35,616 [IPC Server listener on 45827] INFO  ipc.Server (Server.java:run(1153)) - IPC Server listener on 45827: starting
2019-09-27 09:29:35,620 [main] INFO  http.HttpServer2 (HttpServer2.java:bindListener(1191)) - Jetty bound to port 35296
2019-09-27 09:29:35,621 [main] INFO  server.Server (Server.java:doStart(351)) - jetty-9.3.25.v20180904, build timestamp: 2018-09-04T21:11:46Z, git hash: 3ce520221d0240229c862b122d2b06c12a625732
2019-09-27 09:29:35,622 [main] INFO  handler.ContextHandler (ContextHandler.java:doStart(781)) - Started o.e.j.s.ServletContextHandler@1595d2b2{/logs,file:///workdir/hadoop-ozone/integration-test/target/log,AVAILABLE}
2019-09-27 09:29:35,623 [main] INFO  handler.ContextHandler (ContextHandler.java:doStart(781)) - Started o.e.j.s.ServletContextHandler@6cbb7a7d{/static,file:///workdir/hadoop-ozone/integration-test/target/test-classes/webapps/static,AVAILABLE}
2019-09-27 09:29:35,627 [main] INFO  handler.ContextHandler (ContextHandler.java:doStart(781)) - Started o.e.j.w.WebAppContext@2b6fb197{/,file:///workdir/hadoop-ozone/integration-test/target/test-classes/webapps/scm/,AVAILABLE}{/scm}
2019-09-27 09:29:35,627 [main] INFO  server.AbstractConnector (AbstractConnector.java:doStart(278)) - Started ServerConnector@2eb0cefe{HTTP/1.1,[http/1.1]}{0.0.0.0:35296}
2019-09-27 09:29:35,628 [main] INFO  server.Server (Server.java:doStart(419)) - Started @601636ms
2019-09-27 09:29:35,629 [main] WARN  impl.MetricsSystemImpl (MetricsSystemImpl.java:register(276)) - Sink prometheus already exists!
2019-09-27 09:29:35,629 [main] INFO  server.BaseHttpServer (BaseHttpServer.java:updateConnectorAddress(215)) - HTTP server of SCM is listening at http://0.0.0.0:35296
2019-09-27 09:29:35,631 [main] WARN  server.ServerUtils (ServerUtils.java:getDBPath(222)) - ozone.om.db.dirs is not configured. We recommend adding this setting. Falling back to ozone.metadata.dirs instead.
2019-09-27 09:29:35,631 [org.apache.hadoop.util.JvmPauseMonitor$Monitor@2bec068b] INFO  util.JvmPauseMonitor (JvmPauseMonitor.java:run(188)) - Starting JVM pause monitor
2019-09-27 09:29:35,645 [main] WARN  server.ServerUtils (ServerUtils.java:getDBPath(222)) - ozone.om.db.dirs is not configured. We recommend adding this setting. Falling back to ozone.metadata.dirs instead.
2019-09-27 09:29:35,645 [main] WARN  server.ServerUtils (ServerUtils.java:getDBPath(222)) - ozone.om.db.dirs is not configured. We recommend adding this setting. Falling back to ozone.metadata.dirs instead.
2019-09-27 09:29:35,646 [main] INFO  om.OzoneManager (OzoneManager.java:setOMNodeDetails(652)) - OM Service ID is not set. Setting it to the default ID: omServiceIdDefault
2019-09-27 09:29:35,646 [main] INFO  om.OzoneManager (OzoneManager.java:setOMNodeDetails(658)) - OM Node ID is not set. Setting it to the OmStorage's OmID: f5d0a974-3d96-423b-b495-f81d0aa34dc4
2019-09-27 09:29:35,646 [main] INFO  om.OzoneManager (OzoneManager.java:loadOMHAConfigs(609)) - Found matching OM address with OMServiceId: null, OMNodeId: null, RPC Address: localhost:0 and Ratis port: 9872
2019-09-27 09:29:35,654 [main] WARN  server.ServerUtils (ServerUtils.java:getDBPath(222)) - ozone.om.db.dirs is not configured. We recommend adding this setting. Falling back to ozone.metadata.dirs instead.
2019-09-27 09:29:35,654 [main] INFO  db.DBStoreBuilder (DBStoreBuilder.java:addTable(110)) - using custom profile for table: userTable
2019-09-27 09:29:35,654 [main] INFO  db.DBStoreBuilder (DBStoreBuilder.java:processTables(161)) - Using default column profile:DBProfile.DISK for Table:userTable
2019-09-27 09:29:35,655 [main] INFO  db.DBStoreBuilder (DBStoreBuilder.java:addTable(110)) - using custom profile for table: volumeTable
2019-09-27 09:29:35,655 [main] INFO  db.DBStoreBuilder (DBStoreBuilder.java:processTables(161)) - Using default column profile:DBProfile.DISK for Table:volumeTable
2019-09-27 09:29:35,655 [main] INFO  db.DBStoreBuilder (DBStoreBuilder.java:addTable(110)) - using custom profile for table: bucketTable
2019-09-27 09:29:35,655 [main] INFO  db.DBStoreBuilder (DBStoreBuilder.java:processTables(161)) - Using default column profile:DBProfile.DISK for Table:bucketTable
2019-09-27 09:29:35,656 [main] INFO  db.DBStoreBuilder (DBStoreBuilder.java:addTable(110)) - using custom profile for table: keyTable
2019-09-27 09:29:35,656 [main] INFO  db.DBStoreBuilder (DBStoreBuilder.java:processTables(161)) - Using default column profile:DBProfile.DISK for Table:keyTable
2019-09-27 09:29:35,656 [main] INFO  db.DBStoreBuilder (DBStoreBuilder.java:addTable(110)) - using custom profile for table: deletedTable
2019-09-27 09:29:35,656 [main] INFO  db.DBStoreBuilder (DBStoreBuilder.java:processTables(161)) - Using default column profile:DBProfile.DISK for Table:deletedTable
2019-09-27 09:29:35,657 [main] INFO  db.DBStoreBuilder (DBStoreBuilder.java:addTable(110)) - using custom profile for table: openKeyTable
2019-09-27 09:29:35,657 [main] INFO  db.DBStoreBuilder (DBStoreBuilder.java:processTables(161)) - Using default column profile:DBProfile.DISK for Table:openKeyTable
2019-09-27 09:29:35,657 [main] INFO  db.DBStoreBuilder (DBStoreBuilder.java:addTable(110)) - using custom profile for table: s3Table
2019-09-27 09:29:35,657 [main] INFO  db.DBStoreBuilder (DBStoreBuilder.java:processTables(161)) - Using default column profile:DBProfile.DISK for Table:s3Table
2019-09-27 09:29:35,657 [main] INFO  db.DBStoreBuilder (DBStoreBuilder.java:addTable(110)) - using custom profile for table: multipartInfoTable
2019-09-27 09:29:35,658 [main] INFO  db.DBStoreBuilder (DBStoreBuilder.java:processTables(161)) - Using default column profile:DBProfile.DISK for Table:multipartInfoTable
2019-09-27 09:29:35,658 [main] INFO  db.DBStoreBuilder (DBStoreBuilder.java:addTable(110)) - using custom profile for table: dTokenTable
2019-09-27 09:29:35,658 [main] INFO  db.DBStoreBuilder (DBStoreBuilder.java:processTables(161)) - Using default column profile:DBProfile.DISK for Table:dTokenTable
2019-09-27 09:29:35,658 [main] INFO  db.DBStoreBuilder (DBStoreBuilder.java:addTable(110)) - using custom profile for table: s3SecretTable
2019-09-27 09:29:35,659 [main] INFO  db.DBStoreBuilder (DBStoreBuilder.java:processTables(161)) - Using default column profile:DBProfile.DISK for Table:s3SecretTable
2019-09-27 09:29:35,659 [main] INFO  db.DBStoreBuilder (DBStoreBuilder.java:addTable(110)) - using custom profile for table: prefixTable
2019-09-27 09:29:35,659 [main] INFO  db.DBStoreBuilder (DBStoreBuilder.java:processTables(161)) - Using default column profile:DBProfile.DISK for Table:prefixTable
2019-09-27 09:29:35,659 [main] INFO  db.DBStoreBuilder (DBStoreBuilder.java:addTable(110)) - using custom profile for table: default
2019-09-27 09:29:35,659 [main] INFO  db.DBStoreBuilder (DBStoreBuilder.java:processTables(167)) - Using default column profile:DBProfile.DISK for Table:default
2019-09-27 09:29:35,660 [main] INFO  db.DBStoreBuilder (DBStoreBuilder.java:getDbProfile(198)) - Using default options. DBProfile.DISK
2019-09-27 09:29:36,082 [main] INFO  ipc.CallQueueManager (CallQueueManager.java:<init>(84)) - Using callQueue: class java.util.concurrent.LinkedBlockingQueue, queueCapacity: 2000, scheduler: class org.apache.hadoop.ipc.DefaultRpcScheduler, ipcBackoff: false.
2019-09-27 09:29:36,083 [Socket Reader #1 for port 40739] INFO  ipc.Server (Server.java:run(1074)) - Starting Socket Reader #1 for port 40739
2019-09-27 09:29:36,100 [main] INFO  om.OzoneManager (OzoneManager.java:start(1243)) - OzoneManager RPC server is listening at localhost/127.0.0.1:40739
2019-09-27 09:29:36,100 [main] INFO  impl.MetricsSystemImpl (MetricsSystemImpl.java:init(158)) - OzoneManager metrics system started (again)
2019-09-27 09:29:36,101 [IPC Server Responder] INFO  ipc.Server (Server.java:run(1314)) - IPC Server Responder: starting
2019-09-27 09:29:36,101 [IPC Server listener on 40739] INFO  ipc.Server (Server.java:run(1153)) - IPC Server listener on 40739: starting
2019-09-27 09:29:36,107 [main] INFO  hdfs.DFSUtil (DFSUtil.java:httpServerTemplateForNNAndJN(1641)) - Starting Web-server for ozoneManager at: http://0.0.0.0:0
2019-09-27 09:29:36,109 [main] INFO  server.AuthenticationFilter (AuthenticationFilter.java:constructSecretProvider(240)) - Unable to initialize FileSignerSecretProvider, falling back to use random secrets.
2019-09-27 09:29:36,110 [main] WARN  http.HttpRequestLog (HttpRequestLog.java:getRequestLog(97)) - Jetty request log can only be enabled using Log4j
2019-09-27 09:29:36,112 [main] INFO  http.HttpServer2 (HttpServer2.java:addGlobalFilter(975)) - Added global filter 'safety' (class=org.apache.hadoop.http.HttpServer2$QuotingInputFilter)
2019-09-27 09:29:36,113 [main] INFO  http.HttpServer2 (HttpServer2.java:addFilter(948)) - Added filter static_user_filter (class=org.apache.hadoop.http.lib.StaticUserWebFilter$StaticUserFilter) to context ozoneManager
2019-09-27 09:29:36,114 [main] INFO  http.HttpServer2 (HttpServer2.java:addFilter(958)) - Added filter static_user_filter (class=org.apache.hadoop.http.lib.StaticUserWebFilter$StaticUserFilter) to context logs
2019-09-27 09:29:36,114 [main] INFO  http.HttpServer2 (HttpServer2.java:addFilter(958)) - Added filter static_user_filter (class=org.apache.hadoop.http.lib.StaticUserWebFilter$StaticUserFilter) to context static
2019-09-27 09:29:36,115 [main] INFO  http.HttpServer2 (HttpServer2.java:bindListener(1191)) - Jetty bound to port 32813
2019-09-27 09:29:36,115 [main] INFO  server.Server (Server.java:doStart(351)) - jetty-9.3.25.v20180904, build timestamp: 2018-09-04T21:11:46Z, git hash: 3ce520221d0240229c862b122d2b06c12a625732
2019-09-27 09:29:36,117 [main] INFO  handler.ContextHandler (ContextHandler.java:doStart(781)) - Started o.e.j.s.ServletContextHandler@76563ae7{/logs,file:///workdir/hadoop-ozone/integration-test/target/log,AVAILABLE}
2019-09-27 09:29:36,117 [main] INFO  handler.ContextHandler (ContextHandler.java:doStart(781)) - Started o.e.j.s.ServletContextHandler@4fea840f{/static,file:///workdir/hadoop-ozone/integration-test/target/test-classes/webapps/static,AVAILABLE}
2019-09-27 09:29:36,122 [main] INFO  handler.ContextHandler (ContextHandler.java:doStart(781)) - Started o.e.j.w.WebAppContext@656842bc{/,file:///workdir/hadoop-ozone/integration-test/target/test-classes/webapps/ozoneManager/,AVAILABLE}{/ozoneManager}
2019-09-27 09:29:36,122 [main] INFO  server.AbstractConnector (AbstractConnector.java:doStart(278)) - Started ServerConnector@6b867ee7{HTTP/1.1,[http/1.1]}{0.0.0.0:32813}
2019-09-27 09:29:36,123 [main] INFO  server.Server (Server.java:doStart(419)) - Started @602131ms
2019-09-27 09:29:36,124 [main] WARN  impl.MetricsSystemImpl (MetricsSystemImpl.java:register(276)) - Sink prometheus already exists!
2019-09-27 09:29:36,124 [main] INFO  server.BaseHttpServer (BaseHttpServer.java:updateConnectorAddress(215)) - HTTP server of OZONEMANAGER is listening at http://0.0.0.0:32813
2019-09-27 09:29:36,140 [main] INFO  impl.MetricsSystemImpl (MetricsSystemImpl.java:init(158)) - HddsDatanode metrics system started (again)
2019-09-27 09:29:36,144 [main] INFO  ozone.HddsDatanodeService (HddsDatanodeService.java:start(184)) - HddsDatanodeService host:pr-hdds2034-jk2kc-152962534 ip:192.168.164.207
2019-09-27 09:29:36,150 [main] INFO  volume.HddsVolume (HddsVolume.java:<init>(176)) - Creating Volume: /workdir/hadoop-ozone/integration-test/target/test-dir/MiniOzoneClusterImpl-e8789e20-d44e-4897-90e6-dbedbc9dc13b/datanode-0/data/containers/hdds of  storage type : DISK and capacity : 1482555576320
2019-09-27 09:29:36,150 [main] INFO  volume.VolumeSet (VolumeSet.java:initializeVolumeSet(170)) - Added Volume : /workdir/hadoop-ozone/integration-test/target/test-dir/MiniOzoneClusterImpl-e8789e20-d44e-4897-90e6-dbedbc9dc13b/datanode-0/data/containers/hdds to VolumeSet
2019-09-27 09:29:36,151 [main] INFO  volume.ThrottledAsyncChecker (ThrottledAsyncChecker.java:schedule(139)) - Scheduling a check for org.apache.hadoop.ozone.container.common.volume.HddsVolume@681e913c
2019-09-27 09:29:36,152 [main] INFO  volume.HddsVolumeChecker (HddsVolumeChecker.java:checkAllVolumes(202)) - Scheduled health check for volume org.apache.hadoop.ozone.container.common.volume.HddsVolume@681e913c
2019-09-27 09:29:36,166 [main] INFO  impl.RaftServerProxy (ConfUtils.java:logGet(43)) - raft.rpc.type = GRPC (default)
2019-09-27 09:29:36,166 [main] INFO  grpc.GrpcFactory (GrpcFactory.java:checkPooledByteBufAllocatorUseCacheForAllThreads(45)) - PERFORMANCE WARNING: useCacheForAllThreads is true that may cause Netty to create a lot garbage objects and, as a result, trigger GC.
	It is recommended to disable useCacheForAllThreads by setting -Dorg.apache.ratis.thirdparty.io.netty.allocator.useCacheForAllThreads=false in command line.
2019-09-27 09:29:36,167 [main] INFO  grpc.GrpcConfigKeys$Server (ConfUtils.java:logGet(43)) - raft.grpc.server.port = 0 (default)
2019-09-27 09:29:36,167 [main] INFO  server.GrpcService (ConfUtils.java:logGet(43)) - raft.grpc.message.size.max = 33570816 (custom)
2019-09-27 09:29:36,167 [main] INFO  server.RaftServerConfigKeys (ConfUtils.java:logGet(43)) - raft.server.log.appender.buffer.byte-limit = 33554432 (custom)
2019-09-27 09:29:36,167 [main] INFO  server.GrpcService (ConfUtils.java:logGet(43)) - raft.grpc.flow.control.window = 1MB (=1048576) (default)
2019-09-27 09:29:36,168 [main] INFO  server.RaftServerConfigKeys (ConfUtils.java:logGet(43)) - raft.server.rpc.request.timeout = 3000ms (default)
2019-09-27 09:29:36,168 [main] INFO  server.RaftServerConfigKeys (ConfUtils.java:logGet(43)) - raft.server.storage.dir = [/workdir/hadoop-ozone/integration-test/target/test-dir/MiniOzoneClusterImpl-e8789e20-d44e-4897-90e6-dbedbc9dc13b/datanode-0/data/ratis] (custom)
2019-09-27 09:29:36,170 [main] INFO  hdfs.DFSUtil (DFSUtil.java:httpServerTemplateForNNAndJN(1641)) - Starting Web-server for hddsDatanode at: http://0.0.0.0:0
2019-09-27 09:29:36,171 [main] INFO  server.AuthenticationFilter (AuthenticationFilter.java:constructSecretProvider(240)) - Unable to initialize FileSignerSecretProvider, falling back to use random secrets.
2019-09-27 09:29:36,172 [main] WARN  http.HttpRequestLog (HttpRequestLog.java:getRequestLog(97)) - Jetty request log can only be enabled using Log4j
2019-09-27 09:29:36,173 [main] INFO  http.HttpServer2 (HttpServer2.java:addGlobalFilter(975)) - Added global filter 'safety' (class=org.apache.hadoop.http.HttpServer2$QuotingInputFilter)
2019-09-27 09:29:36,174 [main] INFO  http.HttpServer2 (HttpServer2.java:addFilter(948)) - Added filter static_user_filter (class=org.apache.hadoop.http.lib.StaticUserWebFilter$StaticUserFilter) to context hddsDatanode
2019-09-27 09:29:36,174 [main] INFO  http.HttpServer2 (HttpServer2.java:addFilter(958)) - Added filter static_user_filter (class=org.apache.hadoop.http.lib.StaticUserWebFilter$StaticUserFilter) to context static
2019-09-27 09:29:36,174 [main] INFO  http.HttpServer2 (HttpServer2.java:addFilter(958)) - Added filter static_user_filter (class=org.apache.hadoop.http.lib.StaticUserWebFilter$StaticUserFilter) to context logs
2019-09-27 09:29:36,175 [main] INFO  http.HttpServer2 (HttpServer2.java:bindListener(1191)) - Jetty bound to port 37025
2019-09-27 09:29:36,175 [main] INFO  server.Server (Server.java:doStart(351)) - jetty-9.3.25.v20180904, build timestamp: 2018-09-04T21:11:46Z, git hash: 3ce520221d0240229c862b122d2b06c12a625732
2019-09-27 09:29:36,176 [main] INFO  handler.ContextHandler (ContextHandler.java:doStart(781)) - Started o.e.j.s.ServletContextHandler@272778ae{/logs,file:///workdir/hadoop-ozone/integration-test/target/log,AVAILABLE}
2019-09-27 09:29:36,177 [main] INFO  handler.ContextHandler (ContextHandler.java:doStart(781)) - Started o.e.j.s.ServletContextHandler@3c18942{/static,jar:file:/home/user/.m2/repository/org/apache/hadoop/hadoop-hdds-container-service/0.5.0-SNAPSHOT/hadoop-hdds-container-service-0.5.0-SNAPSHOT.jar!/webapps/static,AVAILABLE}
2019-09-27 09:29:36,210 [main] INFO  handler.ContextHandler (ContextHandler.java:doStart(781)) - Started o.e.j.w.WebAppContext@2d130ac4{/,file:///tmp/jetty-0.0.0.0-37025-hddsDatanode-_-any-5124935037851457098.dir/webapp/,AVAILABLE}{/hddsDatanode}
2019-09-27 09:29:36,210 [main] INFO  server.AbstractConnector (AbstractConnector.java:doStart(278)) - Started ServerConnector@2f0ccb34{HTTP/1.1,[http/1.1]}{0.0.0.0:37025}
2019-09-27 09:29:36,211 [main] INFO  server.Server (Server.java:doStart(419)) - Started @602219ms
2019-09-27 09:29:36,212 [main] WARN  impl.MetricsSystemImpl (MetricsSystemImpl.java:register(276)) - Sink prometheus already exists!
2019-09-27 09:29:36,212 [main] INFO  server.BaseHttpServer (BaseHttpServer.java:updateConnectorAddress(215)) - HTTP server of HDDSDATANODE is listening at http://0.0.0.0:37025
2019-09-27 09:29:36,212 [main] INFO  impl.MetricsSystemImpl (MetricsSystemImpl.java:init(158)) - HddsDatanode metrics system started (again)
2019-09-27 09:29:36,216 [org.apache.hadoop.util.JvmPauseMonitor$Monitor@4090c07f] INFO  util.JvmPauseMonitor (JvmPauseMonitor.java:run(188)) - Starting JVM pause monitor
2019-09-27 09:29:36,216 [main] INFO  ozone.HddsDatanodeService (HddsDatanodeService.java:start(184)) - HddsDatanodeService host:pr-hdds2034-jk2kc-152962534 ip:192.168.164.207
2019-09-27 09:29:36,218 [Datanode State Machine Thread - 0] INFO  datanode.InitDatanodeState (InitDatanodeState.java:persistContainerDatanodeDetails(140)) - DatanodeDetails is persisted to /workdir/hadoop-ozone/integration-test/target/test-dir/MiniOzoneClusterImpl-e8789e20-d44e-4897-90e6-dbedbc9dc13b/datanode-0/meta/datanode.id
2019-09-27 09:29:36,222 [main] INFO  volume.HddsVolume (HddsVolume.java:<init>(176)) - Creating Volume: /workdir/hadoop-ozone/integration-test/target/test-dir/MiniOzoneClusterImpl-e8789e20-d44e-4897-90e6-dbedbc9dc13b/datanode-1/data/containers/hdds of  storage type : DISK and capacity : 1482555576320
2019-09-27 09:29:36,222 [main] INFO  volume.VolumeSet (VolumeSet.java:initializeVolumeSet(170)) - Added Volume : /workdir/hadoop-ozone/integration-test/target/test-dir/MiniOzoneClusterImpl-e8789e20-d44e-4897-90e6-dbedbc9dc13b/datanode-1/data/containers/hdds to VolumeSet
2019-09-27 09:29:36,222 [main] INFO  volume.ThrottledAsyncChecker (ThrottledAsyncChecker.java:schedule(139)) - Scheduling a check for org.apache.hadoop.ozone.container.common.volume.HddsVolume@48e41b5d
2019-09-27 09:29:36,223 [main] INFO  volume.HddsVolumeChecker (HddsVolumeChecker.java:checkAllVolumes(202)) - Scheduled health check for volume org.apache.hadoop.ozone.container.common.volume.HddsVolume@48e41b5d
2019-09-27 09:29:36,240 [main] INFO  impl.RaftServerProxy (ConfUtils.java:logGet(43)) - raft.rpc.type = GRPC (default)
2019-09-27 09:29:36,240 [main] INFO  grpc.GrpcFactory (GrpcFactory.java:checkPooledByteBufAllocatorUseCacheForAllThreads(45)) - PERFORMANCE WARNING: useCacheForAllThreads is true that may cause Netty to create a lot garbage objects and, as a result, trigger GC.
	It is recommended to disable useCacheForAllThreads by setting -Dorg.apache.ratis.thirdparty.io.netty.allocator.useCacheForAllThreads=false in command line.
2019-09-27 09:29:36,240 [main] INFO  grpc.GrpcConfigKeys$Server (ConfUtils.java:logGet(43)) - raft.grpc.server.port = 0 (default)
2019-09-27 09:29:36,241 [main] INFO  server.GrpcService (ConfUtils.java:logGet(43)) - raft.grpc.message.size.max = 33570816 (custom)
2019-09-27 09:29:36,241 [main] INFO  server.RaftServerConfigKeys (ConfUtils.java:logGet(43)) - raft.server.log.appender.buffer.byte-limit = 33554432 (custom)
2019-09-27 09:29:36,241 [main] INFO  server.GrpcService (ConfUtils.java:logGet(43)) - raft.grpc.flow.control.window = 1MB (=1048576) (default)
2019-09-27 09:29:36,242 [main] INFO  server.RaftServerConfigKeys (ConfUtils.java:logGet(43)) - raft.server.rpc.request.timeout = 3000ms (default)
2019-09-27 09:29:36,242 [main] INFO  server.RaftServerConfigKeys (ConfUtils.java:logGet(43)) - raft.server.storage.dir = [/workdir/hadoop-ozone/integration-test/target/test-dir/MiniOzoneClusterImpl-e8789e20-d44e-4897-90e6-dbedbc9dc13b/datanode-1/data/ratis] (custom)
2019-09-27 09:29:36,244 [main] INFO  hdfs.DFSUtil (DFSUtil.java:httpServerTemplateForNNAndJN(1641)) - Starting Web-server for hddsDatanode at: http://0.0.0.0:0
2019-09-27 09:29:36,245 [main] INFO  server.AuthenticationFilter (AuthenticationFilter.java:constructSecretProvider(240)) - Unable to initialize FileSignerSecretProvider, falling back to use random secrets.
2019-09-27 09:29:36,246 [main] WARN  http.HttpRequestLog (HttpRequestLog.java:getRequestLog(97)) - Jetty request log can only be enabled using Log4j
2019-09-27 09:29:36,248 [main] INFO  http.HttpServer2 (HttpServer2.java:addGlobalFilter(975)) - Added global filter 'safety' (class=org.apache.hadoop.http.HttpServer2$QuotingInputFilter)
2019-09-27 09:29:36,248 [main] INFO  http.HttpServer2 (HttpServer2.java:addFilter(948)) - Added filter static_user_filter (class=org.apache.hadoop.http.lib.StaticUserWebFilter$StaticUserFilter) to context hddsDatanode
2019-09-27 09:29:36,248 [main] INFO  http.HttpServer2 (HttpServer2.java:addFilter(958)) - Added filter static_user_filter (class=org.apache.hadoop.http.lib.StaticUserWebFilter$StaticUserFilter) to context logs
2019-09-27 09:29:36,249 [main] INFO  http.HttpServer2 (HttpServer2.java:addFilter(958)) - Added filter static_user_filter (class=org.apache.hadoop.http.lib.StaticUserWebFilter$StaticUserFilter) to context static
2019-09-27 09:29:36,250 [main] INFO  http.HttpServer2 (HttpServer2.java:bindListener(1191)) - Jetty bound to port 36707
2019-09-27 09:29:36,250 [main] INFO  server.Server (Server.java:doStart(351)) - jetty-9.3.25.v20180904, build timestamp: 2018-09-04T21:11:46Z, git hash: 3ce520221d0240229c862b122d2b06c12a625732
2019-09-27 09:29:36,252 [main] INFO  handler.ContextHandler (ContextHandler.java:doStart(781)) - Started o.e.j.s.ServletContextHandler@129c4d19{/logs,file:///workdir/hadoop-ozone/integration-test/target/log,AVAILABLE}
2019-09-27 09:29:36,252 [main] INFO  handler.ContextHandler (ContextHandler.java:doStart(781)) - Started o.e.j.s.ServletContextHandler@13278a41{/static,jar:file:/home/user/.m2/repository/org/apache/hadoop/hadoop-hdds-container-service/0.5.0-SNAPSHOT/hadoop-hdds-container-service-0.5.0-SNAPSHOT.jar!/webapps/static,AVAILABLE}
2019-09-27 09:29:36,295 [main] INFO  handler.ContextHandler (ContextHandler.java:doStart(781)) - Started o.e.j.w.WebAppContext@325162e9{/,file:///tmp/jetty-0.0.0.0-36707-hddsDatanode-_-any-4085903371182861012.dir/webapp/,AVAILABLE}{/hddsDatanode}
2019-09-27 09:29:36,296 [main] INFO  server.AbstractConnector (AbstractConnector.java:doStart(278)) - Started ServerConnector@1ee40b5c{HTTP/1.1,[http/1.1]}{0.0.0.0:36707}
2019-09-27 09:29:36,298 [main] INFO  server.Server (Server.java:doStart(419)) - Started @602305ms
2019-09-27 09:29:36,298 [main] WARN  impl.MetricsSystemImpl (MetricsSystemImpl.java:register(276)) - Sink prometheus already exists!
2019-09-27 09:29:36,299 [main] INFO  server.BaseHttpServer (BaseHttpServer.java:updateConnectorAddress(215)) - HTTP server of HDDSDATANODE is listening at http://0.0.0.0:36707
2019-09-27 09:29:36,299 [main] INFO  impl.MetricsSystemImpl (MetricsSystemImpl.java:init(158)) - HddsDatanode metrics system started (again)
2019-09-27 09:29:36,303 [org.apache.hadoop.util.JvmPauseMonitor$Monitor@215220c4] INFO  util.JvmPauseMonitor (JvmPauseMonitor.java:run(188)) - Starting JVM pause monitor
2019-09-27 09:29:36,304 [main] INFO  ozone.HddsDatanodeService (HddsDatanodeService.java:start(184)) - HddsDatanodeService host:pr-hdds2034-jk2kc-152962534 ip:192.168.164.207
2019-09-27 09:29:36,305 [Datanode State Machine Thread - 0] INFO  datanode.InitDatanodeState (InitDatanodeState.java:persistContainerDatanodeDetails(140)) - DatanodeDetails is persisted to /workdir/hadoop-ozone/integration-test/target/test-dir/MiniOzoneClusterImpl-e8789e20-d44e-4897-90e6-dbedbc9dc13b/datanode-1/meta/datanode.id
2019-09-27 09:29:36,311 [main] INFO  volume.HddsVolume (HddsVolume.java:<init>(176)) - Creating Volume: /workdir/hadoop-ozone/integration-test/target/test-dir/MiniOzoneClusterImpl-e8789e20-d44e-4897-90e6-dbedbc9dc13b/datanode-2/data/containers/hdds of  storage type : DISK and capacity : 1482555576320
2019-09-27 09:29:36,311 [main] INFO  volume.VolumeSet (VolumeSet.java:initializeVolumeSet(170)) - Added Volume : /workdir/hadoop-ozone/integration-test/target/test-dir/MiniOzoneClusterImpl-e8789e20-d44e-4897-90e6-dbedbc9dc13b/datanode-2/data/containers/hdds to VolumeSet
2019-09-27 09:29:36,311 [main] INFO  volume.ThrottledAsyncChecker (ThrottledAsyncChecker.java:schedule(139)) - Scheduling a check for org.apache.hadoop.ozone.container.common.volume.HddsVolume@7b9e25bd
2019-09-27 09:29:36,312 [main] INFO  volume.HddsVolumeChecker (HddsVolumeChecker.java:checkAllVolumes(202)) - Scheduled health check for volume org.apache.hadoop.ozone.container.common.volume.HddsVolume@7b9e25bd
2019-09-27 09:29:36,330 [main] INFO  impl.RaftServerProxy (ConfUtils.java:logGet(43)) - raft.rpc.type = GRPC (default)
2019-09-27 09:29:36,331 [main] INFO  grpc.GrpcFactory (GrpcFactory.java:checkPooledByteBufAllocatorUseCacheForAllThreads(45)) - PERFORMANCE WARNING: useCacheForAllThreads is true that may cause Netty to create a lot garbage objects and, as a result, trigger GC.
	It is recommended to disable useCacheForAllThreads by setting -Dorg.apache.ratis.thirdparty.io.netty.allocator.useCacheForAllThreads=false in command line.
2019-09-27 09:29:36,331 [main] INFO  grpc.GrpcConfigKeys$Server (ConfUtils.java:logGet(43)) - raft.grpc.server.port = 0 (default)
2019-09-27 09:29:36,331 [main] INFO  server.GrpcService (ConfUtils.java:logGet(43)) - raft.grpc.message.size.max = 33570816 (custom)
2019-09-27 09:29:36,331 [main] INFO  server.RaftServerConfigKeys (ConfUtils.java:logGet(43)) - raft.server.log.appender.buffer.byte-limit = 33554432 (custom)
2019-09-27 09:29:36,331 [main] INFO  server.GrpcService (ConfUtils.java:logGet(43)) - raft.grpc.flow.control.window = 1MB (=1048576) (default)
2019-09-27 09:29:36,332 [main] INFO  server.RaftServerConfigKeys (ConfUtils.java:logGet(43)) - raft.server.rpc.request.timeout = 3000ms (default)
2019-09-27 09:29:36,332 [main] INFO  server.RaftServerConfigKeys (ConfUtils.java:logGet(43)) - raft.server.storage.dir = [/workdir/hadoop-ozone/integration-test/target/test-dir/MiniOzoneClusterImpl-e8789e20-d44e-4897-90e6-dbedbc9dc13b/datanode-2/data/ratis] (custom)
2019-09-27 09:29:36,334 [main] INFO  hdfs.DFSUtil (DFSUtil.java:httpServerTemplateForNNAndJN(1641)) - Starting Web-server for hddsDatanode at: http://0.0.0.0:0
2019-09-27 09:29:36,335 [main] INFO  server.AuthenticationFilter (AuthenticationFilter.java:constructSecretProvider(240)) - Unable to initialize FileSignerSecretProvider, falling back to use random secrets.
2019-09-27 09:29:36,336 [main] WARN  http.HttpRequestLog (HttpRequestLog.java:getRequestLog(97)) - Jetty request log can only be enabled using Log4j
2019-09-27 09:29:36,337 [main] INFO  http.HttpServer2 (HttpServer2.java:addGlobalFilter(975)) - Added global filter 'safety' (class=org.apache.hadoop.http.HttpServer2$QuotingInputFilter)
2019-09-27 09:29:36,338 [main] INFO  http.HttpServer2 (HttpServer2.java:addFilter(948)) - Added filter static_user_filter (class=org.apache.hadoop.http.lib.StaticUserWebFilter$StaticUserFilter) to context hddsDatanode
2019-09-27 09:29:36,338 [main] INFO  http.HttpServer2 (HttpServer2.java:addFilter(958)) - Added filter static_user_filter (class=org.apache.hadoop.http.lib.StaticUserWebFilter$StaticUserFilter) to context static
2019-09-27 09:29:36,338 [main] INFO  http.HttpServer2 (HttpServer2.java:addFilter(958)) - Added filter static_user_filter (class=org.apache.hadoop.http.lib.StaticUserWebFilter$StaticUserFilter) to context logs
2019-09-27 09:29:36,339 [main] INFO  http.HttpServer2 (HttpServer2.java:bindListener(1191)) - Jetty bound to port 36679
2019-09-27 09:29:36,339 [main] INFO  server.Server (Server.java:doStart(351)) - jetty-9.3.25.v20180904, build timestamp: 2018-09-04T21:11:46Z, git hash: 3ce520221d0240229c862b122d2b06c12a625732
2019-09-27 09:29:36,341 [main] INFO  handler.ContextHandler (ContextHandler.java:doStart(781)) - Started o.e.j.s.ServletContextHandler@5763a655{/logs,file:///workdir/hadoop-ozone/integration-test/target/log,AVAILABLE}
2019-09-27 09:29:36,341 [main] INFO  handler.ContextHandler (ContextHandler.java:doStart(781)) - Started o.e.j.s.ServletContextHandler@46bb0bdf{/static,jar:file:/home/user/.m2/repository/org/apache/hadoop/hadoop-hdds-container-service/0.5.0-SNAPSHOT/hadoop-hdds-container-service-0.5.0-SNAPSHOT.jar!/webapps/static,AVAILABLE}
2019-09-27 09:29:36,372 [main] INFO  handler.ContextHandler (ContextHandler.java:doStart(781)) - Started o.e.j.w.WebAppContext@61da0413{/,file:///tmp/jetty-0.0.0.0-36679-hddsDatanode-_-any-7205339433861399062.dir/webapp/,AVAILABLE}{/hddsDatanode}
2019-09-27 09:29:36,372 [main] INFO  server.AbstractConnector (AbstractConnector.java:doStart(278)) - Started ServerConnector@5627cb29{HTTP/1.1,[http/1.1]}{0.0.0.0:36679}
2019-09-27 09:29:36,372 [main] INFO  server.Server (Server.java:doStart(419)) - Started @602380ms
2019-09-27 09:29:36,374 [main] WARN  impl.MetricsSystemImpl (MetricsSystemImpl.java:register(276)) - Sink prometheus already exists!
2019-09-27 09:29:36,375 [main] INFO  server.BaseHttpServer (BaseHttpServer.java:updateConnectorAddress(215)) - HTTP server of HDDSDATANODE is listening at http://0.0.0.0:36679
2019-09-27 09:29:36,376 [main] INFO  impl.MetricsSystemImpl (MetricsSystemImpl.java:init(158)) - HddsDatanode metrics system started (again)
2019-09-27 09:29:36,380 [org.apache.hadoop.util.JvmPauseMonitor$Monitor@3607a922] INFO  util.JvmPauseMonitor (JvmPauseMonitor.java:run(188)) - Starting JVM pause monitor
2019-09-27 09:29:36,380 [main] INFO  ozone.HddsDatanodeService (HddsDatanodeService.java:start(184)) - HddsDatanodeService host:pr-hdds2034-jk2kc-152962534 ip:192.168.164.207
2019-09-27 09:29:36,381 [Datanode State Machine Thread - 0] INFO  datanode.InitDatanodeState (InitDatanodeState.java:persistContainerDatanodeDetails(140)) - DatanodeDetails is persisted to /workdir/hadoop-ozone/integration-test/target/test-dir/MiniOzoneClusterImpl-e8789e20-d44e-4897-90e6-dbedbc9dc13b/datanode-2/meta/datanode.id
2019-09-27 09:29:36,387 [main] INFO  volume.HddsVolume (HddsVolume.java:<init>(176)) - Creating Volume: /workdir/hadoop-ozone/integration-test/target/test-dir/MiniOzoneClusterImpl-e8789e20-d44e-4897-90e6-dbedbc9dc13b/datanode-3/data/containers/hdds of  storage type : DISK and capacity : 1482555576320
2019-09-27 09:29:36,388 [main] INFO  volume.VolumeSet (VolumeSet.java:initializeVolumeSet(170)) - Added Volume : /workdir/hadoop-ozone/integration-test/target/test-dir/MiniOzoneClusterImpl-e8789e20-d44e-4897-90e6-dbedbc9dc13b/datanode-3/data/containers/hdds to VolumeSet
2019-09-27 09:29:36,388 [main] INFO  volume.ThrottledAsyncChecker (ThrottledAsyncChecker.java:schedule(139)) - Scheduling a check for org.apache.hadoop.ozone.container.common.volume.HddsVolume@340afaf8
2019-09-27 09:29:36,388 [main] INFO  volume.HddsVolumeChecker (HddsVolumeChecker.java:checkAllVolumes(202)) - Scheduled health check for volume org.apache.hadoop.ozone.container.common.volume.HddsVolume@340afaf8
2019-09-27 09:29:36,403 [main] INFO  impl.RaftServerProxy (ConfUtils.java:logGet(43)) - raft.rpc.type = GRPC (default)
2019-09-27 09:29:36,403 [main] INFO  grpc.GrpcFactory (GrpcFactory.java:checkPooledByteBufAllocatorUseCacheForAllThreads(45)) - PERFORMANCE WARNING: useCacheForAllThreads is true that may cause Netty to create a lot garbage objects and, as a result, trigger GC.
	It is recommended to disable useCacheForAllThreads by setting -Dorg.apache.ratis.thirdparty.io.netty.allocator.useCacheForAllThreads=false in command line.
2019-09-27 09:29:36,404 [main] INFO  grpc.GrpcConfigKeys$Server (ConfUtils.java:logGet(43)) - raft.grpc.server.port = 0 (default)
2019-09-27 09:29:36,404 [main] INFO  server.GrpcService (ConfUtils.java:logGet(43)) - raft.grpc.message.size.max = 33570816 (custom)
2019-09-27 09:29:36,404 [main] INFO  server.RaftServerConfigKeys (ConfUtils.java:logGet(43)) - raft.server.log.appender.buffer.byte-limit = 33554432 (custom)
2019-09-27 09:29:36,404 [main] INFO  server.GrpcService (ConfUtils.java:logGet(43)) - raft.grpc.flow.control.window = 1MB (=1048576) (default)
2019-09-27 09:29:36,404 [main] INFO  server.RaftServerConfigKeys (ConfUtils.java:logGet(43)) - raft.server.rpc.request.timeout = 3000ms (default)
2019-09-27 09:29:36,405 [main] INFO  server.RaftServerConfigKeys (ConfUtils.java:logGet(43)) - raft.server.storage.dir = [/workdir/hadoop-ozone/integration-test/target/test-dir/MiniOzoneClusterImpl-e8789e20-d44e-4897-90e6-dbedbc9dc13b/datanode-3/data/ratis] (custom)
2019-09-27 09:29:36,406 [main] INFO  hdfs.DFSUtil (DFSUtil.java:httpServerTemplateForNNAndJN(1641)) - Starting Web-server for hddsDatanode at: http://0.0.0.0:0
2019-09-27 09:29:36,407 [main] INFO  server.AuthenticationFilter (AuthenticationFilter.java:constructSecretProvider(240)) - Unable to initialize FileSignerSecretProvider, falling back to use random secrets.
2019-09-27 09:29:36,407 [main] WARN  http.HttpRequestLog (HttpRequestLog.java:getRequestLog(97)) - Jetty request log can only be enabled using Log4j
2019-09-27 09:29:36,409 [main] INFO  http.HttpServer2 (HttpServer2.java:addGlobalFilter(975)) - Added global filter 'safety' (class=org.apache.hadoop.http.HttpServer2$QuotingInputFilter)
2019-09-27 09:29:36,409 [main] INFO  http.HttpServer2 (HttpServer2.java:addFilter(948)) - Added filter static_user_filter (class=org.apache.hadoop.http.lib.StaticUserWebFilter$StaticUserFilter) to context hddsDatanode
2019-09-27 09:29:36,409 [main] INFO  http.HttpServer2 (HttpServer2.java:addFilter(958)) - Added filter static_user_filter (class=org.apache.hadoop.http.lib.StaticUserWebFilter$StaticUserFilter) to context static
2019-09-27 09:29:36,410 [main] INFO  http.HttpServer2 (HttpServer2.java:addFilter(958)) - Added filter static_user_filter (class=org.apache.hadoop.http.lib.StaticUserWebFilter$StaticUserFilter) to context logs
2019-09-27 09:29:36,410 [main] INFO  http.HttpServer2 (HttpServer2.java:bindListener(1191)) - Jetty bound to port 33910
2019-09-27 09:29:36,410 [main] INFO  server.Server (Server.java:doStart(351)) - jetty-9.3.25.v20180904, build timestamp: 2018-09-04T21:11:46Z, git hash: 3ce520221d0240229c862b122d2b06c12a625732
2019-09-27 09:29:36,412 [main] INFO  handler.ContextHandler (ContextHandler.java:doStart(781)) - Started o.e.j.s.ServletContextHandler@788e3702{/logs,file:///workdir/hadoop-ozone/integration-test/target/log,AVAILABLE}
2019-09-27 09:29:36,412 [main] INFO  handler.ContextHandler (ContextHandler.java:doStart(781)) - Started o.e.j.s.ServletContextHandler@47187f50{/static,jar:file:/home/user/.m2/repository/org/apache/hadoop/hadoop-hdds-container-service/0.5.0-SNAPSHOT/hadoop-hdds-container-service-0.5.0-SNAPSHOT.jar!/webapps/static,AVAILABLE}
2019-09-27 09:29:36,441 [main] INFO  handler.ContextHandler (ContextHandler.java:doStart(781)) - Started o.e.j.w.WebAppContext@67c6f4d8{/,file:///tmp/jetty-0.0.0.0-33910-hddsDatanode-_-any-8684133264013002337.dir/webapp/,AVAILABLE}{/hddsDatanode}
2019-09-27 09:29:36,442 [main] INFO  server.AbstractConnector (AbstractConnector.java:doStart(278)) - Started ServerConnector@3a6e9856{HTTP/1.1,[http/1.1]}{0.0.0.0:33910}
2019-09-27 09:29:36,442 [main] INFO  server.Server (Server.java:doStart(419)) - Started @602450ms
2019-09-27 09:29:36,444 [main] WARN  impl.MetricsSystemImpl (MetricsSystemImpl.java:register(276)) - Sink prometheus already exists!
2019-09-27 09:29:36,444 [main] INFO  server.BaseHttpServer (BaseHttpServer.java:updateConnectorAddress(215)) - HTTP server of HDDSDATANODE is listening at http://0.0.0.0:33910
2019-09-27 09:29:36,444 [main] INFO  impl.MetricsSystemImpl (MetricsSystemImpl.java:init(158)) - HddsDatanode metrics system started (again)
2019-09-27 09:29:36,448 [org.apache.hadoop.util.JvmPauseMonitor$Monitor@52db9d06] INFO  util.JvmPauseMonitor (JvmPauseMonitor.java:run(188)) - Starting JVM pause monitor
2019-09-27 09:29:36,449 [main] INFO  ozone.HddsDatanodeService (HddsDatanodeService.java:start(184)) - HddsDatanodeService host:pr-hdds2034-jk2kc-152962534 ip:192.168.164.207
2019-09-27 09:29:36,450 [Datanode State Machine Thread - 0] INFO  datanode.InitDatanodeState (InitDatanodeState.java:persistContainerDatanodeDetails(140)) - DatanodeDetails is persisted to /workdir/hadoop-ozone/integration-test/target/test-dir/MiniOzoneClusterImpl-e8789e20-d44e-4897-90e6-dbedbc9dc13b/datanode-3/meta/datanode.id
2019-09-27 09:29:36,455 [main] INFO  volume.HddsVolume (HddsVolume.java:<init>(176)) - Creating Volume: /workdir/hadoop-ozone/integration-test/target/test-dir/MiniOzoneClusterImpl-e8789e20-d44e-4897-90e6-dbedbc9dc13b/datanode-4/data/containers/hdds of  storage type : DISK and capacity : 1482555576320
2019-09-27 09:29:36,456 [main] INFO  volume.VolumeSet (VolumeSet.java:initializeVolumeSet(170)) - Added Volume : /workdir/hadoop-ozone/integration-test/target/test-dir/MiniOzoneClusterImpl-e8789e20-d44e-4897-90e6-dbedbc9dc13b/datanode-4/data/containers/hdds to VolumeSet
2019-09-27 09:29:36,456 [main] INFO  volume.ThrottledAsyncChecker (ThrottledAsyncChecker.java:schedule(139)) - Scheduling a check for org.apache.hadoop.ozone.container.common.volume.HddsVolume@7be94cd6
2019-09-27 09:29:36,456 [main] INFO  volume.HddsVolumeChecker (HddsVolumeChecker.java:checkAllVolumes(202)) - Scheduled health check for volume org.apache.hadoop.ozone.container.common.volume.HddsVolume@7be94cd6
2019-09-27 09:29:36,470 [main] INFO  impl.RaftServerProxy (ConfUtils.java:logGet(43)) - raft.rpc.type = GRPC (default)
2019-09-27 09:29:36,470 [main] INFO  grpc.GrpcFactory (GrpcFactory.java:checkPooledByteBufAllocatorUseCacheForAllThreads(45)) - PERFORMANCE WARNING: useCacheForAllThreads is true that may cause Netty to create a lot garbage objects and, as a result, trigger GC.
	It is recommended to disable useCacheForAllThreads by setting -Dorg.apache.ratis.thirdparty.io.netty.allocator.useCacheForAllThreads=false in command line.
2019-09-27 09:29:36,470 [main] INFO  grpc.GrpcConfigKeys$Server (ConfUtils.java:logGet(43)) - raft.grpc.server.port = 0 (default)
2019-09-27 09:29:36,470 [main] INFO  server.GrpcService (ConfUtils.java:logGet(43)) - raft.grpc.message.size.max = 33570816 (custom)
2019-09-27 09:29:36,470 [main] INFO  server.RaftServerConfigKeys (ConfUtils.java:logGet(43)) - raft.server.log.appender.buffer.byte-limit = 33554432 (custom)
2019-09-27 09:29:36,470 [main] INFO  server.GrpcService (ConfUtils.java:logGet(43)) - raft.grpc.flow.control.window = 1MB (=1048576) (default)
2019-09-27 09:29:36,471 [main] INFO  server.RaftServerConfigKeys (ConfUtils.java:logGet(43)) - raft.server.rpc.request.timeout = 3000ms (default)
2019-09-27 09:29:36,471 [main] INFO  server.RaftServerConfigKeys (ConfUtils.java:logGet(43)) - raft.server.storage.dir = [/workdir/hadoop-ozone/integration-test/target/test-dir/MiniOzoneClusterImpl-e8789e20-d44e-4897-90e6-dbedbc9dc13b/datanode-4/data/ratis] (custom)
2019-09-27 09:29:36,472 [main] INFO  hdfs.DFSUtil (DFSUtil.java:httpServerTemplateForNNAndJN(1641)) - Starting Web-server for hddsDatanode at: http://0.0.0.0:0
2019-09-27 09:29:36,473 [main] INFO  server.AuthenticationFilter (AuthenticationFilter.java:constructSecretProvider(240)) - Unable to initialize FileSignerSecretProvider, falling back to use random secrets.
2019-09-27 09:29:36,473 [main] WARN  http.HttpRequestLog (HttpRequestLog.java:getRequestLog(97)) - Jetty request log can only be enabled using Log4j
2019-09-27 09:29:36,474 [main] INFO  http.HttpServer2 (HttpServer2.java:addGlobalFilter(975)) - Added global filter 'safety' (class=org.apache.hadoop.http.HttpServer2$QuotingInputFilter)
2019-09-27 09:29:36,474 [main] INFO  http.HttpServer2 (HttpServer2.java:addFilter(948)) - Added filter static_user_filter (class=org.apache.hadoop.http.lib.StaticUserWebFilter$StaticUserFilter) to context hddsDatanode
2019-09-27 09:29:36,475 [main] INFO  http.HttpServer2 (HttpServer2.java:addFilter(958)) - Added filter static_user_filter (class=org.apache.hadoop.http.lib.StaticUserWebFilter$StaticUserFilter) to context static
2019-09-27 09:29:36,475 [main] INFO  http.HttpServer2 (HttpServer2.java:addFilter(958)) - Added filter static_user_filter (class=org.apache.hadoop.http.lib.StaticUserWebFilter$StaticUserFilter) to context logs
2019-09-27 09:29:36,475 [main] INFO  http.HttpServer2 (HttpServer2.java:bindListener(1191)) - Jetty bound to port 45877
2019-09-27 09:29:36,475 [main] INFO  server.Server (Server.java:doStart(351)) - jetty-9.3.25.v20180904, build timestamp: 2018-09-04T21:11:46Z, git hash: 3ce520221d0240229c862b122d2b06c12a625732
2019-09-27 09:29:36,476 [main] INFO  handler.ContextHandler (ContextHandler.java:doStart(781)) - Started o.e.j.s.ServletContextHandler@16e1219f{/logs,file:///workdir/hadoop-ozone/integration-test/target/log,AVAILABLE}
2019-09-27 09:29:36,477 [main] INFO  handler.ContextHandler (ContextHandler.java:doStart(781)) - Started o.e.j.s.ServletContextHandler@73a845cb{/static,jar:file:/home/user/.m2/repository/org/apache/hadoop/hadoop-hdds-container-service/0.5.0-SNAPSHOT/hadoop-hdds-container-service-0.5.0-SNAPSHOT.jar!/webapps/static,AVAILABLE}
2019-09-27 09:29:36,505 [main] INFO  handler.ContextHandler (ContextHandler.java:doStart(781)) - Started o.e.j.w.WebAppContext@1b7554d4{/,file:///tmp/jetty-0.0.0.0-45877-hddsDatanode-_-any-6446398570072628236.dir/webapp/,AVAILABLE}{/hddsDatanode}
2019-09-27 09:29:36,505 [main] INFO  server.AbstractConnector (AbstractConnector.java:doStart(278)) - Started ServerConnector@57ce2898{HTTP/1.1,[http/1.1]}{0.0.0.0:45877}
2019-09-27 09:29:36,507 [main] INFO  server.Server (Server.java:doStart(419)) - Started @602514ms
2019-09-27 09:29:36,507 [main] WARN  impl.MetricsSystemImpl (MetricsSystemImpl.java:register(276)) - Sink prometheus already exists!
2019-09-27 09:29:36,507 [main] INFO  server.BaseHttpServer (BaseHttpServer.java:updateConnectorAddress(215)) - HTTP server of HDDSDATANODE is listening at http://0.0.0.0:45877
2019-09-27 09:29:36,507 [main] INFO  impl.MetricsSystemImpl (MetricsSystemImpl.java:init(158)) - HddsDatanode metrics system started (again)
2019-09-27 09:29:36,512 [org.apache.hadoop.util.JvmPauseMonitor$Monitor@46329d9c] INFO  util.JvmPauseMonitor (JvmPauseMonitor.java:run(188)) - Starting JVM pause monitor
2019-09-27 09:29:36,512 [main] INFO  ozone.HddsDatanodeService (HddsDatanodeService.java:start(184)) - HddsDatanodeService host:pr-hdds2034-jk2kc-152962534 ip:192.168.164.207
2019-09-27 09:29:36,513 [Datanode State Machine Thread - 0] INFO  datanode.InitDatanodeState (InitDatanodeState.java:persistContainerDatanodeDetails(140)) - DatanodeDetails is persisted to /workdir/hadoop-ozone/integration-test/target/test-dir/MiniOzoneClusterImpl-e8789e20-d44e-4897-90e6-dbedbc9dc13b/datanode-4/meta/datanode.id
2019-09-27 09:29:36,518 [main] INFO  volume.HddsVolume (HddsVolume.java:<init>(176)) - Creating Volume: /workdir/hadoop-ozone/integration-test/target/test-dir/MiniOzoneClusterImpl-e8789e20-d44e-4897-90e6-dbedbc9dc13b/datanode-5/data/containers/hdds of  storage type : DISK and capacity : 1482555576320
2019-09-27 09:29:36,519 [main] INFO  volume.VolumeSet (VolumeSet.java:initializeVolumeSet(170)) - Added Volume : /workdir/hadoop-ozone/integration-test/target/test-dir/MiniOzoneClusterImpl-e8789e20-d44e-4897-90e6-dbedbc9dc13b/datanode-5/data/containers/hdds to VolumeSet
2019-09-27 09:29:36,519 [main] INFO  volume.ThrottledAsyncChecker (ThrottledAsyncChecker.java:schedule(139)) - Scheduling a check for org.apache.hadoop.ozone.container.common.volume.HddsVolume@1693ff90
2019-09-27 09:29:36,519 [main] INFO  volume.HddsVolumeChecker (HddsVolumeChecker.java:checkAllVolumes(202)) - Scheduled health check for volume org.apache.hadoop.ozone.container.common.volume.HddsVolume@1693ff90
2019-09-27 09:29:36,532 [main] INFO  impl.RaftServerProxy (ConfUtils.java:logGet(43)) - raft.rpc.type = GRPC (default)
2019-09-27 09:29:36,533 [main] INFO  grpc.GrpcFactory (GrpcFactory.java:checkPooledByteBufAllocatorUseCacheForAllThreads(45)) - PERFORMANCE WARNING: useCacheForAllThreads is true that may cause Netty to create a lot garbage objects and, as a result, trigger GC.
	It is recommended to disable useCacheForAllThreads by setting -Dorg.apache.ratis.thirdparty.io.netty.allocator.useCacheForAllThreads=false in command line.
2019-09-27 09:29:36,533 [main] INFO  grpc.GrpcConfigKeys$Server (ConfUtils.java:logGet(43)) - raft.grpc.server.port = 0 (default)
2019-09-27 09:29:36,533 [main] INFO  server.GrpcService (ConfUtils.java:logGet(43)) - raft.grpc.message.size.max = 33570816 (custom)
2019-09-27 09:29:36,533 [main] INFO  server.RaftServerConfigKeys (ConfUtils.java:logGet(43)) - raft.server.log.appender.buffer.byte-limit = 33554432 (custom)
2019-09-27 09:29:36,533 [main] INFO  server.GrpcService (ConfUtils.java:logGet(43)) - raft.grpc.flow.control.window = 1MB (=1048576) (default)
2019-09-27 09:29:36,533 [main] INFO  server.RaftServerConfigKeys (ConfUtils.java:logGet(43)) - raft.server.rpc.request.timeout = 3000ms (default)
2019-09-27 09:29:36,534 [main] INFO  server.RaftServerConfigKeys (ConfUtils.java:logGet(43)) - raft.server.storage.dir = [/workdir/hadoop-ozone/integration-test/target/test-dir/MiniOzoneClusterImpl-e8789e20-d44e-4897-90e6-dbedbc9dc13b/datanode-5/data/ratis] (custom)
2019-09-27 09:29:36,534 [main] INFO  hdfs.DFSUtil (DFSUtil.java:httpServerTemplateForNNAndJN(1641)) - Starting Web-server for hddsDatanode at: http://0.0.0.0:0
2019-09-27 09:29:36,535 [main] INFO  server.AuthenticationFilter (AuthenticationFilter.java:constructSecretProvider(240)) - Unable to initialize FileSignerSecretProvider, falling back to use random secrets.
2019-09-27 09:29:36,536 [main] WARN  http.HttpRequestLog (HttpRequestLog.java:getRequestLog(97)) - Jetty request log can only be enabled using Log4j
2019-09-27 09:29:36,537 [main] INFO  http.HttpServer2 (HttpServer2.java:addGlobalFilter(975)) - Added global filter 'safety' (class=org.apache.hadoop.http.HttpServer2$QuotingInputFilter)
2019-09-27 09:29:36,537 [main] INFO  http.HttpServer2 (HttpServer2.java:addFilter(948)) - Added filter static_user_filter (class=org.apache.hadoop.http.lib.StaticUserWebFilter$StaticUserFilter) to context hddsDatanode
2019-09-27 09:29:36,537 [main] INFO  http.HttpServer2 (HttpServer2.java:addFilter(958)) - Added filter static_user_filter (class=org.apache.hadoop.http.lib.StaticUserWebFilter$StaticUserFilter) to context static
2019-09-27 09:29:36,537 [main] INFO  http.HttpServer2 (HttpServer2.java:addFilter(958)) - Added filter static_user_filter (class=org.apache.hadoop.http.lib.StaticUserWebFilter$StaticUserFilter) to context logs
2019-09-27 09:29:36,538 [main] INFO  http.HttpServer2 (HttpServer2.java:bindListener(1191)) - Jetty bound to port 42920
2019-09-27 09:29:36,538 [main] INFO  server.Server (Server.java:doStart(351)) - jetty-9.3.25.v20180904, build timestamp: 2018-09-04T21:11:46Z, git hash: 3ce520221d0240229c862b122d2b06c12a625732
2019-09-27 09:29:36,539 [main] INFO  handler.ContextHandler (ContextHandler.java:doStart(781)) - Started o.e.j.s.ServletContextHandler@9785903{/logs,file:///workdir/hadoop-ozone/integration-test/target/log,AVAILABLE}
2019-09-27 09:29:36,540 [main] INFO  handler.ContextHandler (ContextHandler.java:doStart(781)) - Started o.e.j.s.ServletContextHandler@3f68a7f8{/static,jar:file:/home/user/.m2/repository/org/apache/hadoop/hadoop-hdds-container-service/0.5.0-SNAPSHOT/hadoop-hdds-container-service-0.5.0-SNAPSHOT.jar!/webapps/static,AVAILABLE}
2019-09-27 09:29:36,565 [main] INFO  handler.ContextHandler (ContextHandler.java:doStart(781)) - Started o.e.j.w.WebAppContext@7ec3a8bd{/,file:///tmp/jetty-0.0.0.0-42920-hddsDatanode-_-any-1583057012227400704.dir/webapp/,AVAILABLE}{/hddsDatanode}
2019-09-27 09:29:36,565 [main] INFO  server.AbstractConnector (AbstractConnector.java:doStart(278)) - Started ServerConnector@9690008{HTTP/1.1,[http/1.1]}{0.0.0.0:42920}
2019-09-27 09:29:36,565 [main] INFO  server.Server (Server.java:doStart(419)) - Started @602573ms
2019-09-27 09:29:36,567 [main] WARN  impl.MetricsSystemImpl (MetricsSystemImpl.java:register(276)) - Sink prometheus already exists!
2019-09-27 09:29:36,568 [main] INFO  server.BaseHttpServer (BaseHttpServer.java:updateConnectorAddress(215)) - HTTP server of HDDSDATANODE is listening at http://0.0.0.0:42920
2019-09-27 09:29:36,568 [main] INFO  impl.MetricsSystemImpl (MetricsSystemImpl.java:init(158)) - HddsDatanode metrics system started (again)
2019-09-27 09:29:36,572 [org.apache.hadoop.util.JvmPauseMonitor$Monitor@99c6f69] INFO  util.JvmPauseMonitor (JvmPauseMonitor.java:run(188)) - Starting JVM pause monitor
2019-09-27 09:29:36,572 [main] INFO  ozone.HddsDatanodeService (HddsDatanodeService.java:start(184)) - HddsDatanodeService host:pr-hdds2034-jk2kc-152962534 ip:192.168.164.207
2019-09-27 09:29:36,573 [Datanode State Machine Thread - 0] INFO  datanode.InitDatanodeState (InitDatanodeState.java:persistContainerDatanodeDetails(140)) - DatanodeDetails is persisted to /workdir/hadoop-ozone/integration-test/target/test-dir/MiniOzoneClusterImpl-e8789e20-d44e-4897-90e6-dbedbc9dc13b/datanode-5/meta/datanode.id
2019-09-27 09:29:36,578 [main] INFO  volume.HddsVolume (HddsVolume.java:<init>(176)) - Creating Volume: /workdir/hadoop-ozone/integration-test/target/test-dir/MiniOzoneClusterImpl-e8789e20-d44e-4897-90e6-dbedbc9dc13b/datanode-6/data/containers/hdds of  storage type : DISK and capacity : 1482555576320
2019-09-27 09:29:36,579 [main] INFO  volume.VolumeSet (VolumeSet.java:initializeVolumeSet(170)) - Added Volume : /workdir/hadoop-ozone/integration-test/target/test-dir/MiniOzoneClusterImpl-e8789e20-d44e-4897-90e6-dbedbc9dc13b/datanode-6/data/containers/hdds to VolumeSet
2019-09-27 09:29:36,579 [main] INFO  volume.ThrottledAsyncChecker (ThrottledAsyncChecker.java:schedule(139)) - Scheduling a check for org.apache.hadoop.ozone.container.common.volume.HddsVolume@76e4212
2019-09-27 09:29:36,579 [main] INFO  volume.HddsVolumeChecker (HddsVolumeChecker.java:checkAllVolumes(202)) - Scheduled health check for volume org.apache.hadoop.ozone.container.common.volume.HddsVolume@76e4212
2019-09-27 09:29:36,591 [main] INFO  impl.RaftServerProxy (ConfUtils.java:logGet(43)) - raft.rpc.type = GRPC (default)
2019-09-27 09:29:36,591 [main] INFO  grpc.GrpcFactory (GrpcFactory.java:checkPooledByteBufAllocatorUseCacheForAllThreads(45)) - PERFORMANCE WARNING: useCacheForAllThreads is true that may cause Netty to create a lot garbage objects and, as a result, trigger GC.
	It is recommended to disable useCacheForAllThreads by setting -Dorg.apache.ratis.thirdparty.io.netty.allocator.useCacheForAllThreads=false in command line.
2019-09-27 09:29:36,591 [main] INFO  grpc.GrpcConfigKeys$Server (ConfUtils.java:logGet(43)) - raft.grpc.server.port = 0 (default)
2019-09-27 09:29:36,592 [main] INFO  server.GrpcService (ConfUtils.java:logGet(43)) - raft.grpc.message.size.max = 33570816 (custom)
2019-09-27 09:29:36,592 [main] INFO  server.RaftServerConfigKeys (ConfUtils.java:logGet(43)) - raft.server.log.appender.buffer.byte-limit = 33554432 (custom)
2019-09-27 09:29:36,592 [main] INFO  server.GrpcService (ConfUtils.java:logGet(43)) - raft.grpc.flow.control.window = 1MB (=1048576) (default)
2019-09-27 09:29:36,592 [main] INFO  server.RaftServerConfigKeys (ConfUtils.java:logGet(43)) - raft.server.rpc.request.timeout = 3000ms (default)
2019-09-27 09:29:36,592 [main] INFO  server.RaftServerConfigKeys (ConfUtils.java:logGet(43)) - raft.server.storage.dir = [/workdir/hadoop-ozone/integration-test/target/test-dir/MiniOzoneClusterImpl-e8789e20-d44e-4897-90e6-dbedbc9dc13b/datanode-6/data/ratis] (custom)
2019-09-27 09:29:36,593 [main] INFO  hdfs.DFSUtil (DFSUtil.java:httpServerTemplateForNNAndJN(1641)) - Starting Web-server for hddsDatanode at: http://0.0.0.0:0
2019-09-27 09:29:36,594 [main] INFO  server.AuthenticationFilter (AuthenticationFilter.java:constructSecretProvider(240)) - Unable to initialize FileSignerSecretProvider, falling back to use random secrets.
2019-09-27 09:29:36,595 [main] WARN  http.HttpRequestLog (HttpRequestLog.java:getRequestLog(97)) - Jetty request log can only be enabled using Log4j
2019-09-27 09:29:36,596 [main] INFO  http.HttpServer2 (HttpServer2.java:addGlobalFilter(975)) - Added global filter 'safety' (class=org.apache.hadoop.http.HttpServer2$QuotingInputFilter)
2019-09-27 09:29:36,596 [main] INFO  http.HttpServer2 (HttpServer2.java:addFilter(948)) - Added filter static_user_filter (class=org.apache.hadoop.http.lib.StaticUserWebFilter$StaticUserFilter) to context hddsDatanode
2019-09-27 09:29:36,596 [main] INFO  http.HttpServer2 (HttpServer2.java:addFilter(958)) - Added filter static_user_filter (class=org.apache.hadoop.http.lib.StaticUserWebFilter$StaticUserFilter) to context static
2019-09-27 09:29:36,597 [main] INFO  http.HttpServer2 (HttpServer2.java:addFilter(958)) - Added filter static_user_filter (class=org.apache.hadoop.http.lib.StaticUserWebFilter$StaticUserFilter) to context logs
2019-09-27 09:29:36,597 [main] INFO  http.HttpServer2 (HttpServer2.java:bindListener(1191)) - Jetty bound to port 44419
2019-09-27 09:29:36,597 [main] INFO  server.Server (Server.java:doStart(351)) - jetty-9.3.25.v20180904, build timestamp: 2018-09-04T21:11:46Z, git hash: 3ce520221d0240229c862b122d2b06c12a625732
2019-09-27 09:29:36,599 [main] INFO  handler.ContextHandler (ContextHandler.java:doStart(781)) - Started o.e.j.s.ServletContextHandler@7a3f08b6{/logs,file:///workdir/hadoop-ozone/integration-test/target/log,AVAILABLE}
2019-09-27 09:29:36,599 [main] INFO  handler.ContextHandler (ContextHandler.java:doStart(781)) - Started o.e.j.s.ServletContextHandler@5fb5ad40{/static,jar:file:/home/user/.m2/repository/org/apache/hadoop/hadoop-hdds-container-service/0.5.0-SNAPSHOT/hadoop-hdds-container-service-0.5.0-SNAPSHOT.jar!/webapps/static,AVAILABLE}
2019-09-27 09:29:36,625 [main] INFO  handler.ContextHandler (ContextHandler.java:doStart(781)) - Started o.e.j.w.WebAppContext@736b21ee{/,file:///tmp/jetty-0.0.0.0-44419-hddsDatanode-_-any-388490409204218446.dir/webapp/,AVAILABLE}{/hddsDatanode}
2019-09-27 09:29:36,626 [main] INFO  server.AbstractConnector (AbstractConnector.java:doStart(278)) - Started ServerConnector@60deefed{HTTP/1.1,[http/1.1]}{0.0.0.0:44419}
2019-09-27 09:29:36,626 [main] INFO  server.Server (Server.java:doStart(419)) - Started @602634ms
2019-09-27 09:29:36,633 [main] WARN  impl.MetricsSystemImpl (MetricsSystemImpl.java:register(276)) - Sink prometheus already exists!
2019-09-27 09:29:36,633 [main] INFO  server.BaseHttpServer (BaseHttpServer.java:updateConnectorAddress(215)) - HTTP server of HDDSDATANODE is listening at http://0.0.0.0:44419
2019-09-27 09:29:36,633 [main] INFO  ozone.MiniOzoneClusterImpl (MiniOzoneClusterImpl.java:lambda$waitForClusterToBeReady$0(150)) - Waiting for nodes to be ready. Got 0 of 7 DN Heartbeats.
2019-09-27 09:29:36,633 [main] INFO  ozone.MiniOzoneClusterImpl (MiniOzoneClusterImpl.java:lambda$waitForClusterToBeReady$0(153)) - Waiting for cluster to exit safe mode
2019-09-27 09:29:36,635 [org.apache.hadoop.util.JvmPauseMonitor$Monitor@33b8935e] INFO  util.JvmPauseMonitor (JvmPauseMonitor.java:run(188)) - Starting JVM pause monitor
2019-09-27 09:29:36,636 [Datanode State Machine Thread - 0] INFO  datanode.InitDatanodeState (InitDatanodeState.java:persistContainerDatanodeDetails(140)) - DatanodeDetails is persisted to /workdir/hadoop-ozone/integration-test/target/test-dir/MiniOzoneClusterImpl-e8789e20-d44e-4897-90e6-dbedbc9dc13b/datanode-6/meta/datanode.id
2019-09-27 09:29:37,634 [main] INFO  ozone.MiniOzoneClusterImpl (MiniOzoneClusterImpl.java:lambda$waitForClusterToBeReady$0(150)) - Waiting for nodes to be ready. Got 0 of 7 DN Heartbeats.
2019-09-27 09:29:37,635 [main] INFO  ozone.MiniOzoneClusterImpl (MiniOzoneClusterImpl.java:lambda$waitForClusterToBeReady$0(153)) - Waiting for cluster to exit safe mode
2019-09-27 09:29:38,245 [Datanode State Machine Thread - 0] INFO  ozoneimpl.OzoneContainer (OzoneContainer.java:start(217)) - Attempting to start container services.
2019-09-27 09:29:38,245 [Datanode State Machine Thread - 0] INFO  ozoneimpl.OzoneContainer (OzoneContainer.java:startContainerScrub(179)) - Background container scanner has been disabled.
2019-09-27 09:29:38,246 [Datanode State Machine Thread - 0] INFO  ratis.XceiverServerRatis (XceiverServerRatis.java:start(411)) - Starting XceiverServerRatis c1881364-9dcc-42c4-84ad-47b5251ecddf at port 0
2019-09-27 09:29:38,254 [Datanode State Machine Thread - 0] INFO  impl.RaftServerProxy (RaftServerProxy.java:lambda$start$3(299)) - c1881364-9dcc-42c4-84ad-47b5251ecddf: start RPC server
2019-09-27 09:29:38,257 [Datanode State Machine Thread - 0] INFO  server.GrpcService (GrpcService.java:startImpl(158)) - c1881364-9dcc-42c4-84ad-47b5251ecddf: GrpcService started, listening on 0.0.0.0/0.0.0.0:43284
2019-09-27 09:29:38,257 [Datanode State Machine Thread - 0] INFO  ratis.XceiverServerRatis (XceiverServerRatis.java:start(421)) - XceiverServerRatis c1881364-9dcc-42c4-84ad-47b5251ecddf is started using port 43284
2019-09-27 09:29:38,259 [Datanode State Machine Thread - 0] INFO  server.XceiverServerGrpc (XceiverServerGrpc.java:start(149)) - XceiverServerGrpc c1881364-9dcc-42c4-84ad-47b5251ecddf is started using port 39673
2019-09-27 09:29:38,319 [Datanode State Machine Thread - 0] INFO  ozoneimpl.OzoneContainer (OzoneContainer.java:start(217)) - Attempting to start container services.
2019-09-27 09:29:38,319 [Datanode State Machine Thread - 0] INFO  ozoneimpl.OzoneContainer (OzoneContainer.java:startContainerScrub(179)) - Background container scanner has been disabled.
2019-09-27 09:29:38,319 [Datanode State Machine Thread - 0] INFO  ratis.XceiverServerRatis (XceiverServerRatis.java:start(411)) - Starting XceiverServerRatis 957e8e6f-6264-48fe-9446-a284b22f5345 at port 0
2019-09-27 09:29:38,326 [Datanode State Machine Thread - 0] INFO  impl.RaftServerProxy (RaftServerProxy.java:lambda$start$3(299)) - 957e8e6f-6264-48fe-9446-a284b22f5345: start RPC server
2019-09-27 09:29:38,327 [Datanode State Machine Thread - 0] INFO  server.GrpcService (GrpcService.java:startImpl(158)) - 957e8e6f-6264-48fe-9446-a284b22f5345: GrpcService started, listening on 0.0.0.0/0.0.0.0:37145
2019-09-27 09:29:38,327 [Datanode State Machine Thread - 0] INFO  ratis.XceiverServerRatis (XceiverServerRatis.java:start(421)) - XceiverServerRatis 957e8e6f-6264-48fe-9446-a284b22f5345 is started using port 37145
2019-09-27 09:29:38,329 [Datanode State Machine Thread - 0] INFO  server.XceiverServerGrpc (XceiverServerGrpc.java:start(149)) - XceiverServerGrpc 957e8e6f-6264-48fe-9446-a284b22f5345 is started using port 42226
2019-09-27 09:29:38,393 [Datanode State Machine Thread - 0] INFO  ozoneimpl.OzoneContainer (OzoneContainer.java:start(217)) - Attempting to start container services.
2019-09-27 09:29:38,393 [Datanode State Machine Thread - 0] INFO  ozoneimpl.OzoneContainer (OzoneContainer.java:startContainerScrub(179)) - Background container scanner has been disabled.
2019-09-27 09:29:38,393 [Datanode State Machine Thread - 0] INFO  ratis.XceiverServerRatis (XceiverServerRatis.java:start(411)) - Starting XceiverServerRatis 3500c2db-13f5-4e26-87d2-1522afc87a3c at port 0
2019-09-27 09:29:38,399 [Datanode State Machine Thread - 0] INFO  impl.RaftServerProxy (RaftServerProxy.java:lambda$start$3(299)) - 3500c2db-13f5-4e26-87d2-1522afc87a3c: start RPC server
2019-09-27 09:29:38,400 [Datanode State Machine Thread - 0] INFO  server.GrpcService (GrpcService.java:startImpl(158)) - 3500c2db-13f5-4e26-87d2-1522afc87a3c: GrpcService started, listening on 0.0.0.0/0.0.0.0:35169
2019-09-27 09:29:38,400 [Datanode State Machine Thread - 0] INFO  ratis.XceiverServerRatis (XceiverServerRatis.java:start(421)) - XceiverServerRatis 3500c2db-13f5-4e26-87d2-1522afc87a3c is started using port 35169
2019-09-27 09:29:38,403 [Datanode State Machine Thread - 0] INFO  server.XceiverServerGrpc (XceiverServerGrpc.java:start(149)) - XceiverServerGrpc 3500c2db-13f5-4e26-87d2-1522afc87a3c is started using port 33675
2019-09-27 09:29:38,453 [Datanode State Machine Thread - 0] INFO  ozoneimpl.OzoneContainer (OzoneContainer.java:start(217)) - Attempting to start container services.
2019-09-27 09:29:38,453 [Datanode State Machine Thread - 0] INFO  ozoneimpl.OzoneContainer (OzoneContainer.java:startContainerScrub(179)) - Background container scanner has been disabled.
2019-09-27 09:29:38,453 [Datanode State Machine Thread - 0] INFO  ratis.XceiverServerRatis (XceiverServerRatis.java:start(411)) - Starting XceiverServerRatis 5edf00d6-0a79-4628-9112-08a4085059e1 at port 0
2019-09-27 09:29:38,460 [Datanode State Machine Thread - 0] INFO  impl.RaftServerProxy (RaftServerProxy.java:lambda$start$3(299)) - 5edf00d6-0a79-4628-9112-08a4085059e1: start RPC server
2019-09-27 09:29:38,463 [Datanode State Machine Thread - 0] INFO  server.GrpcService (GrpcService.java:startImpl(158)) - 5edf00d6-0a79-4628-9112-08a4085059e1: GrpcService started, listening on 0.0.0.0/0.0.0.0:39793
2019-09-27 09:29:38,463 [Datanode State Machine Thread - 0] INFO  ratis.XceiverServerRatis (XceiverServerRatis.java:start(421)) - XceiverServerRatis 5edf00d6-0a79-4628-9112-08a4085059e1 is started using port 39793
2019-09-27 09:29:38,464 [Datanode State Machine Thread - 0] INFO  server.XceiverServerGrpc (XceiverServerGrpc.java:start(149)) - XceiverServerGrpc 5edf00d6-0a79-4628-9112-08a4085059e1 is started using port 37230
2019-09-27 09:29:38,553 [Datanode State Machine Thread - 0] INFO  ozoneimpl.OzoneContainer (OzoneContainer.java:start(217)) - Attempting to start container services.
2019-09-27 09:29:38,553 [Datanode State Machine Thread - 0] INFO  ozoneimpl.OzoneContainer (OzoneContainer.java:startContainerScrub(179)) - Background container scanner has been disabled.
2019-09-27 09:29:38,554 [Datanode State Machine Thread - 0] INFO  ratis.XceiverServerRatis (XceiverServerRatis.java:start(411)) - Starting XceiverServerRatis b4cddf6c-1726-4158-affc-29121d755033 at port 0
2019-09-27 09:29:38,559 [Datanode State Machine Thread - 0] INFO  impl.RaftServerProxy (RaftServerProxy.java:lambda$start$3(299)) - b4cddf6c-1726-4158-affc-29121d755033: start RPC server
2019-09-27 09:29:38,560 [Datanode State Machine Thread - 0] INFO  server.GrpcService (GrpcService.java:startImpl(158)) - b4cddf6c-1726-4158-affc-29121d755033: GrpcService started, listening on 0.0.0.0/0.0.0.0:36506
2019-09-27 09:29:38,560 [Datanode State Machine Thread - 0] INFO  ratis.XceiverServerRatis (XceiverServerRatis.java:start(421)) - XceiverServerRatis b4cddf6c-1726-4158-affc-29121d755033 is started using port 36506
2019-09-27 09:29:38,563 [Datanode State Machine Thread - 0] INFO  server.XceiverServerGrpc (XceiverServerGrpc.java:start(149)) - XceiverServerGrpc b4cddf6c-1726-4158-affc-29121d755033 is started using port 43033
2019-09-27 09:29:38,585 [Datanode State Machine Thread - 0] INFO  ozoneimpl.OzoneContainer (OzoneContainer.java:start(217)) - Attempting to start container services.
2019-09-27 09:29:38,585 [Datanode State Machine Thread - 0] INFO  ozoneimpl.OzoneContainer (OzoneContainer.java:startContainerScrub(179)) - Background container scanner has been disabled.
2019-09-27 09:29:38,585 [Datanode State Machine Thread - 0] INFO  ratis.XceiverServerRatis (XceiverServerRatis.java:start(411)) - Starting XceiverServerRatis cf46e290-a091-4e06-9f92-f0d0996d41f4 at port 0
2019-09-27 09:29:38,591 [Datanode State Machine Thread - 0] INFO  impl.RaftServerProxy (RaftServerProxy.java:lambda$start$3(299)) - cf46e290-a091-4e06-9f92-f0d0996d41f4: start RPC server
2019-09-27 09:29:38,593 [Datanode State Machine Thread - 0] INFO  server.GrpcService (GrpcService.java:startImpl(158)) - cf46e290-a091-4e06-9f92-f0d0996d41f4: GrpcService started, listening on 0.0.0.0/0.0.0.0:41234
2019-09-27 09:29:38,594 [Datanode State Machine Thread - 0] INFO  ratis.XceiverServerRatis (XceiverServerRatis.java:start(421)) - XceiverServerRatis cf46e290-a091-4e06-9f92-f0d0996d41f4 is started using port 41234
2019-09-27 09:29:38,594 [Datanode State Machine Thread - 0] INFO  server.XceiverServerGrpc (XceiverServerGrpc.java:start(149)) - XceiverServerGrpc cf46e290-a091-4e06-9f92-f0d0996d41f4 is started using port 37142
2019-09-27 09:29:38,636 [main] INFO  ozone.MiniOzoneClusterImpl (MiniOzoneClusterImpl.java:lambda$waitForClusterToBeReady$0(150)) - Waiting for nodes to be ready. Got 0 of 7 DN Heartbeats.
2019-09-27 09:29:38,636 [main] INFO  ozone.MiniOzoneClusterImpl (MiniOzoneClusterImpl.java:lambda$waitForClusterToBeReady$0(153)) - Waiting for cluster to exit safe mode
2019-09-27 09:29:38,648 [Datanode State Machine Thread - 0] INFO  ozoneimpl.OzoneContainer (OzoneContainer.java:start(217)) - Attempting to start container services.
2019-09-27 09:29:38,648 [Datanode State Machine Thread - 0] INFO  ozoneimpl.OzoneContainer (OzoneContainer.java:startContainerScrub(179)) - Background container scanner has been disabled.
2019-09-27 09:29:38,648 [Datanode State Machine Thread - 0] INFO  ratis.XceiverServerRatis (XceiverServerRatis.java:start(411)) - Starting XceiverServerRatis 574bfb90-d286-488d-ba4e-6dbfeac38abd at port 0
2019-09-27 09:29:38,655 [Datanode State Machine Thread - 0] INFO  impl.RaftServerProxy (RaftServerProxy.java:lambda$start$3(299)) - 574bfb90-d286-488d-ba4e-6dbfeac38abd: start RPC server
2019-09-27 09:29:38,656 [Datanode State Machine Thread - 0] INFO  server.GrpcService (GrpcService.java:startImpl(158)) - 574bfb90-d286-488d-ba4e-6dbfeac38abd: GrpcService started, listening on 0.0.0.0/0.0.0.0:42930
2019-09-27 09:29:38,656 [Datanode State Machine Thread - 0] INFO  ratis.XceiverServerRatis (XceiverServerRatis.java:start(421)) - XceiverServerRatis 574bfb90-d286-488d-ba4e-6dbfeac38abd is started using port 42930
2019-09-27 09:29:38,664 [Datanode State Machine Thread - 0] INFO  server.XceiverServerGrpc (XceiverServerGrpc.java:start(149)) - XceiverServerGrpc 574bfb90-d286-488d-ba4e-6dbfeac38abd is started using port 34389
2019-09-27 09:29:39,637 [main] INFO  ozone.MiniOzoneClusterImpl (MiniOzoneClusterImpl.java:lambda$waitForClusterToBeReady$0(150)) - Waiting for nodes to be ready. Got 0 of 7 DN Heartbeats.
2019-09-27 09:29:39,637 [main] INFO  ozone.MiniOzoneClusterImpl (MiniOzoneClusterImpl.java:lambda$waitForClusterToBeReady$0(153)) - Waiting for cluster to exit safe mode
2019-09-27 09:29:40,222 [IPC Server handler 2 on 45827] INFO  net.NetworkTopology (NetworkTopologyImpl.java:add(111)) - Added a new node: /default-rack/c1881364-9dcc-42c4-84ad-47b5251ecddf
2019-09-27 09:29:40,222 [IPC Server handler 2 on 45827] INFO  node.SCMNodeManager (SCMNodeManager.java:register(266)) - Registered Data node : c1881364-9dcc-42c4-84ad-47b5251ecddf{ip: 192.168.164.207, host: pr-hdds2034-jk2kc-152962534, networkLocation: /default-rack, certSerialId: null}
2019-09-27 09:29:40,223 [RatisPipelineUtilsThread] INFO  pipeline.RatisPipelineProvider (RatisPipelineProvider.java:lambda$create$4(164)) - Send pipeline:PipelineID=dfeb364b-d891-49f7-aa9f-be3727a7195d create command to datanode c1881364-9dcc-42c4-84ad-47b5251ecddf
2019-09-27 09:29:40,223 [EventQueue-NodeRegistrationContainerReportForContainerSafeModeRule] INFO  safemode.SCMSafeModeManager (SCMSafeModeManager.java:validateSafeModeExitRules(169)) - ContainerSafeModeRule rule is successfully validated
2019-09-27 09:29:40,223 [EventQueue-NodeRegistrationContainerReportForDataNodeSafeModeRule] INFO  safemode.SCMSafeModeManager (DataNodeSafeModeRule.java:process(71)) - SCM in safe mode. 1 DataNodes registered, 1 required.
2019-09-27 09:29:40,226 [EventQueue-NodeRegistrationContainerReportForDataNodeSafeModeRule] INFO  safemode.SCMSafeModeManager (SCMSafeModeManager.java:validateSafeModeExitRules(169)) - DataNodeSafeModeRule rule is successfully validated
2019-09-27 09:29:40,304 [IPC Server handler 3 on 45827] INFO  net.NetworkTopology (NetworkTopologyImpl.java:add(111)) - Added a new node: /default-rack/957e8e6f-6264-48fe-9446-a284b22f5345
2019-09-27 09:29:40,304 [IPC Server handler 3 on 45827] INFO  node.SCMNodeManager (SCMNodeManager.java:register(266)) - Registered Data node : 957e8e6f-6264-48fe-9446-a284b22f5345{ip: 192.168.164.207, host: pr-hdds2034-jk2kc-152962534, networkLocation: /default-rack, certSerialId: null}
2019-09-27 09:29:40,304 [EventQueue-NodeRegistrationContainerReportForContainerSafeModeRule] INFO  safemode.SCMSafeModeManager (SCMSafeModeManager.java:validateSafeModeExitRules(169)) - ContainerSafeModeRule rule is successfully validated
2019-09-27 09:29:40,304 [EventQueue-NodeRegistrationContainerReportForDataNodeSafeModeRule] INFO  safemode.SCMSafeModeManager (SCMSafeModeManager.java:validateSafeModeExitRules(169)) - DataNodeSafeModeRule rule is successfully validated
2019-09-27 09:29:40,305 [RatisPipelineUtilsThread] INFO  pipeline.RatisPipelineProvider (RatisPipelineProvider.java:lambda$create$4(164)) - Send pipeline:PipelineID=425bb875-b0ff-4e42-a504-f71ef262f48c create command to datanode 957e8e6f-6264-48fe-9446-a284b22f5345
2019-09-27 09:29:40,382 [IPC Server handler 1 on 45827] INFO  net.NetworkTopology (NetworkTopologyImpl.java:add(111)) - Added a new node: /default-rack/3500c2db-13f5-4e26-87d2-1522afc87a3c
2019-09-27 09:29:40,382 [IPC Server handler 1 on 45827] INFO  node.SCMNodeManager (SCMNodeManager.java:register(266)) - Registered Data node : 3500c2db-13f5-4e26-87d2-1522afc87a3c{ip: 192.168.164.207, host: pr-hdds2034-jk2kc-152962534, networkLocation: /default-rack, certSerialId: null}
2019-09-27 09:29:40,383 [EventQueue-NodeRegistrationContainerReportForDataNodeSafeModeRule] INFO  safemode.SCMSafeModeManager (SCMSafeModeManager.java:validateSafeModeExitRules(169)) - DataNodeSafeModeRule rule is successfully validated
2019-09-27 09:29:40,383 [RatisPipelineUtilsThread] INFO  pipeline.RatisPipelineProvider (RatisPipelineProvider.java:lambda$create$4(164)) - Send pipeline:PipelineID=20dff681-667e-4745-9e35-513a7f2687d9 create command to datanode 3500c2db-13f5-4e26-87d2-1522afc87a3c
2019-09-27 09:29:40,383 [EventQueue-NodeRegistrationContainerReportForContainerSafeModeRule] INFO  safemode.SCMSafeModeManager (SCMSafeModeManager.java:validateSafeModeExitRules(169)) - ContainerSafeModeRule rule is successfully validated
2019-09-27 09:29:40,386 [RatisPipelineUtilsThread] INFO  pipeline.RatisPipelineProvider (RatisPipelineProvider.java:lambda$create$4(164)) - Send pipeline:PipelineID=f79ebf6d-3f0c-449a-baed-cd1c27e8a675 create command to datanode 957e8e6f-6264-48fe-9446-a284b22f5345
2019-09-27 09:29:40,387 [RatisPipelineUtilsThread] INFO  pipeline.RatisPipelineProvider (RatisPipelineProvider.java:lambda$create$4(164)) - Send pipeline:PipelineID=f79ebf6d-3f0c-449a-baed-cd1c27e8a675 create command to datanode 3500c2db-13f5-4e26-87d2-1522afc87a3c
2019-09-27 09:29:40,387 [RatisPipelineUtilsThread] INFO  pipeline.RatisPipelineProvider (RatisPipelineProvider.java:lambda$create$4(164)) - Send pipeline:PipelineID=f79ebf6d-3f0c-449a-baed-cd1c27e8a675 create command to datanode c1881364-9dcc-42c4-84ad-47b5251ecddf
2019-09-27 09:29:40,449 [IPC Server handler 4 on 45827] INFO  net.NetworkTopology (NetworkTopologyImpl.java:add(111)) - Added a new node: /default-rack/5edf00d6-0a79-4628-9112-08a4085059e1
2019-09-27 09:29:40,450 [RatisPipelineUtilsThread] INFO  pipeline.RatisPipelineProvider (RatisPipelineProvider.java:lambda$create$4(164)) - Send pipeline:PipelineID=f23bfbdc-46cf-4f6d-b9d9-aa56bbdbaec4 create command to datanode 5edf00d6-0a79-4628-9112-08a4085059e1
2019-09-27 09:29:40,450 [IPC Server handler 4 on 45827] INFO  node.SCMNodeManager (SCMNodeManager.java:register(266)) - Registered Data node : 5edf00d6-0a79-4628-9112-08a4085059e1{ip: 192.168.164.207, host: pr-hdds2034-jk2kc-152962534, networkLocation: /default-rack, certSerialId: null}
2019-09-27 09:29:40,450 [EventQueue-NodeRegistrationContainerReportForContainerSafeModeRule] INFO  safemode.SCMSafeModeManager (SCMSafeModeManager.java:validateSafeModeExitRules(169)) - ContainerSafeModeRule rule is successfully validated
2019-09-27 09:29:40,451 [EventQueue-NodeRegistrationContainerReportForDataNodeSafeModeRule] INFO  safemode.SCMSafeModeManager (SCMSafeModeManager.java:validateSafeModeExitRules(169)) - DataNodeSafeModeRule rule is successfully validated
2019-09-27 09:29:40,514 [IPC Server handler 5 on 45827] INFO  net.NetworkTopology (NetworkTopologyImpl.java:add(111)) - Added a new node: /default-rack/b4cddf6c-1726-4158-affc-29121d755033
2019-09-27 09:29:40,514 [IPC Server handler 5 on 45827] INFO  node.SCMNodeManager (SCMNodeManager.java:register(266)) - Registered Data node : b4cddf6c-1726-4158-affc-29121d755033{ip: 192.168.164.207, host: pr-hdds2034-jk2kc-152962534, networkLocation: /default-rack, certSerialId: null}
2019-09-27 09:29:40,519 [RatisPipelineUtilsThread] INFO  pipeline.RatisPipelineProvider (RatisPipelineProvider.java:lambda$create$4(164)) - Send pipeline:PipelineID=ae23ae2e-9ada-4d05-a922-3f1c6e70baf4 create command to datanode b4cddf6c-1726-4158-affc-29121d755033
2019-09-27 09:29:40,519 [EventQueue-NodeRegistrationContainerReportForContainerSafeModeRule] INFO  safemode.SCMSafeModeManager (SCMSafeModeManager.java:validateSafeModeExitRules(169)) - ContainerSafeModeRule rule is successfully validated
2019-09-27 09:29:40,519 [EventQueue-NodeRegistrationContainerReportForDataNodeSafeModeRule] INFO  safemode.SCMSafeModeManager (SCMSafeModeManager.java:validateSafeModeExitRules(169)) - DataNodeSafeModeRule rule is successfully validated
2019-09-27 09:29:40,573 [IPC Server handler 6 on 45827] INFO  net.NetworkTopology (NetworkTopologyImpl.java:add(111)) - Added a new node: /default-rack/cf46e290-a091-4e06-9f92-f0d0996d41f4
2019-09-27 09:29:40,573 [IPC Server handler 6 on 45827] INFO  node.SCMNodeManager (SCMNodeManager.java:register(266)) - Registered Data node : cf46e290-a091-4e06-9f92-f0d0996d41f4{ip: 192.168.164.207, host: pr-hdds2034-jk2kc-152962534, networkLocation: /default-rack, certSerialId: null}
2019-09-27 09:29:40,573 [RatisPipelineUtilsThread] INFO  pipeline.RatisPipelineProvider (RatisPipelineProvider.java:lambda$create$4(164)) - Send pipeline:PipelineID=1f9877c7-d6ec-4793-adee-541b8c95e6c6 create command to datanode cf46e290-a091-4e06-9f92-f0d0996d41f4
2019-09-27 09:29:40,573 [EventQueue-NodeRegistrationContainerReportForDataNodeSafeModeRule] INFO  safemode.SCMSafeModeManager (SCMSafeModeManager.java:validateSafeModeExitRules(169)) - DataNodeSafeModeRule rule is successfully validated
2019-09-27 09:29:40,573 [EventQueue-NodeRegistrationContainerReportForContainerSafeModeRule] INFO  safemode.SCMSafeModeManager (SCMSafeModeManager.java:validateSafeModeExitRules(169)) - ContainerSafeModeRule rule is successfully validated
2019-09-27 09:29:40,585 [RatisPipelineUtilsThread] INFO  pipeline.RatisPipelineProvider (RatisPipelineProvider.java:lambda$create$4(164)) - Send pipeline:PipelineID=96611dd2-c69f-44bb-a857-07cfed83ed1a create command to datanode b4cddf6c-1726-4158-affc-29121d755033
2019-09-27 09:29:40,585 [RatisPipelineUtilsThread] INFO  pipeline.RatisPipelineProvider (RatisPipelineProvider.java:lambda$create$4(164)) - Send pipeline:PipelineID=96611dd2-c69f-44bb-a857-07cfed83ed1a create command to datanode cf46e290-a091-4e06-9f92-f0d0996d41f4
2019-09-27 09:29:40,585 [RatisPipelineUtilsThread] INFO  pipeline.RatisPipelineProvider (RatisPipelineProvider.java:lambda$create$4(164)) - Send pipeline:PipelineID=96611dd2-c69f-44bb-a857-07cfed83ed1a create command to datanode 5edf00d6-0a79-4628-9112-08a4085059e1
2019-09-27 09:29:40,636 [IPC Server handler 2 on 45827] INFO  net.NetworkTopology (NetworkTopologyImpl.java:add(111)) - Added a new node: /default-rack/574bfb90-d286-488d-ba4e-6dbfeac38abd
2019-09-27 09:29:40,639 [main] INFO  ozone.MiniOzoneClusterImpl (MiniOzoneClusterImpl.java:lambda$waitForClusterToBeReady$0(150)) - Nodes are ready. Got 7 of 7 DN Heartbeats.
2019-09-27 09:29:40,639 [main] INFO  ozone.MiniOzoneClusterImpl (MiniOzoneClusterImpl.java:lambda$waitForClusterToBeReady$0(153)) - Waiting for cluster to exit safe mode
2019-09-27 09:29:40,639 [RatisPipelineUtilsThread] INFO  pipeline.RatisPipelineProvider (RatisPipelineProvider.java:lambda$create$4(164)) - Send pipeline:PipelineID=370f983c-e54a-4390-b6d5-afa18d6fffea create command to datanode 574bfb90-d286-488d-ba4e-6dbfeac38abd
2019-09-27 09:29:40,639 [IPC Server handler 2 on 45827] INFO  node.SCMNodeManager (SCMNodeManager.java:register(266)) - Registered Data node : 574bfb90-d286-488d-ba4e-6dbfeac38abd{ip: 192.168.164.207, host: pr-hdds2034-jk2kc-152962534, networkLocation: /default-rack, certSerialId: null}
2019-09-27 09:29:40,640 [EventQueue-NodeRegistrationContainerReportForContainerSafeModeRule] INFO  safemode.SCMSafeModeManager (SCMSafeModeManager.java:validateSafeModeExitRules(169)) - ContainerSafeModeRule rule is successfully validated
2019-09-27 09:29:40,641 [EventQueue-NodeRegistrationContainerReportForDataNodeSafeModeRule] INFO  safemode.SCMSafeModeManager (SCMSafeModeManager.java:validateSafeModeExitRules(169)) - DataNodeSafeModeRule rule is successfully validated
2019-09-27 09:29:41,639 [main] INFO  ozone.MiniOzoneClusterImpl (MiniOzoneClusterImpl.java:lambda$waitForClusterToBeReady$0(150)) - Nodes are ready. Got 7 of 7 DN Heartbeats.
2019-09-27 09:29:41,640 [main] INFO  ozone.MiniOzoneClusterImpl (MiniOzoneClusterImpl.java:lambda$waitForClusterToBeReady$0(153)) - Waiting for cluster to exit safe mode
2019-09-27 09:29:42,640 [main] INFO  ozone.MiniOzoneClusterImpl (MiniOzoneClusterImpl.java:lambda$waitForClusterToBeReady$0(150)) - Nodes are ready. Got 7 of 7 DN Heartbeats.
2019-09-27 09:29:42,641 [main] INFO  ozone.MiniOzoneClusterImpl (MiniOzoneClusterImpl.java:lambda$waitForClusterToBeReady$0(153)) - Waiting for cluster to exit safe mode
2019-09-27 09:29:43,233 [grpc-default-executor-7] INFO  impl.RaftServerProxy (RaftServerProxy.java:addNew(89)) - c1881364-9dcc-42c4-84ad-47b5251ecddf: addNew group-BE3727A7195D:[c1881364-9dcc-42c4-84ad-47b5251ecddf:192.168.164.207:43284] returns group-BE3727A7195D:java.util.concurrent.CompletableFuture@11d5d0ad[Not completed]
2019-09-27 09:29:43,237 [pool-409-thread-1] INFO  impl.RaftServerImpl (RaftServerImpl.java:<init>(95)) - c1881364-9dcc-42c4-84ad-47b5251ecddf: new RaftServerImpl for group-BE3727A7195D:[c1881364-9dcc-42c4-84ad-47b5251ecddf:192.168.164.207:43284] with ContainerStateMachine:uninitialized
2019-09-27 09:29:43,238 [pool-409-thread-1] INFO  server.RaftServerConfigKeys (ConfUtils.java:logGet(43)) - raft.server.rpc.timeout.min = 5s (custom)
2019-09-27 09:29:43,238 [pool-409-thread-1] INFO  server.RaftServerConfigKeys (ConfUtils.java:logGet(43)) - raft.server.rpc.timeout.max = 5200ms (custom)
2019-09-27 09:29:43,238 [pool-409-thread-1] INFO  server.RaftServerConfigKeys (ConfUtils.java:logGet(43)) - raft.server.rpcslowness.timeout = 120s (custom)
2019-09-27 09:29:43,238 [pool-409-thread-1] INFO  server.RaftServerConfigKeys (ConfUtils.java:logGet(43)) - raft.server.sleep.deviation.threshold = 300 (default)
2019-09-27 09:29:43,239 [pool-409-thread-1] INFO  server.RaftServerConfigKeys (ConfUtils.java:logGet(43)) - raft.server.log.appender.install.snapshot.enabled = false (custom)
2019-09-27 09:29:43,239 [pool-409-thread-1] INFO  impl.RaftServerImpl (ServerState.java:<init>(103)) - c1881364-9dcc-42c4-84ad-47b5251ecddf@group-BE3727A7195D: ConfigurationManager, init=-1: [c1881364-9dcc-42c4-84ad-47b5251ecddf:192.168.164.207:43284], old=null, confs=<EMPTY_MAP>
2019-09-27 09:29:43,239 [pool-409-thread-1] INFO  server.RaftServerConfigKeys (ConfUtils.java:logGet(43)) - raft.server.storage.dir = [/workdir/hadoop-ozone/integration-test/target/test-dir/MiniOzoneClusterImpl-e8789e20-d44e-4897-90e6-dbedbc9dc13b/datanode-0/data/ratis] (custom)
2019-09-27 09:29:43,240 [pool-409-thread-1] INFO  storage.RaftStorageDirectory (RaftStorageDirectory.java:analyzeStorage(246)) - The storage directory /workdir/hadoop-ozone/integration-test/target/test-dir/MiniOzoneClusterImpl-e8789e20-d44e-4897-90e6-dbedbc9dc13b/datanode-0/data/ratis/dfeb364b-d891-49f7-aa9f-be3727a7195d does not exist. Creating ...
2019-09-27 09:29:43,255 [pool-409-thread-1] INFO  storage.RaftStorageDirectory (RaftStorageDirectory.java:tryLock(328)) - Lock on /workdir/hadoop-ozone/integration-test/target/test-dir/MiniOzoneClusterImpl-e8789e20-d44e-4897-90e6-dbedbc9dc13b/datanode-0/data/ratis/dfeb364b-d891-49f7-aa9f-be3727a7195d/in_use.lock acquired by nodename 16033@pr-hdds2034-jk2kc-152962534
2019-09-27 09:29:43,272 [pool-409-thread-1] INFO  storage.RaftStorage (RaftStorage.java:format(72)) - Storage directory /workdir/hadoop-ozone/integration-test/target/test-dir/MiniOzoneClusterImpl-e8789e20-d44e-4897-90e6-dbedbc9dc13b/datanode-0/data/ratis/dfeb364b-d891-49f7-aa9f-be3727a7195d has been successfully formatted.
2019-09-27 09:29:43,274 [pool-409-thread-1] INFO  ratis.ContainerStateMachine (ContainerStateMachine.java:loadSnapshot(230)) - group-BE3727A7195D: The snapshot info is null. Setting the last applied indexto:(t:0, i:~)
2019-09-27 09:29:43,274 [pool-409-thread-1] INFO  server.RaftServerConfigKeys (ConfUtils.java:logGet(43)) - raft.server.notification.no-leader.timeout = 120s (custom)
2019-09-27 09:29:43,274 [pool-409-thread-1] INFO  server.RaftServerConfigKeys (ConfUtils.java:logGet(43)) - raft.server.log.use.memory = false (default)
2019-09-27 09:29:43,275 [pool-409-thread-1] INFO  server.RaftServerConfigKeys (ConfUtils.java:logGet(43)) - raft.server.log.purge.gap = 1000000 (custom)
2019-09-27 09:29:43,275 [pool-409-thread-1] INFO  server.RaftServerConfigKeys (ConfUtils.java:logGet(43)) - raft.server.log.appender.buffer.byte-limit = 33554432 (custom)
2019-09-27 09:29:43,275 [pool-409-thread-1] INFO  server.RaftServerConfigKeys (ConfUtils.java:logGet(43)) - raft.server.log.segment.size.max = 1048576 (custom)
2019-09-27 09:29:43,275 [pool-409-thread-1] INFO  server.RaftServerConfigKeys (ConfUtils.java:logGet(43)) - raft.server.log.segment.cache.num.max = 2 (custom)
2019-09-27 09:29:43,276 [pool-409-thread-1] INFO  segmented.SegmentedRaftLogWorker (SegmentedRaftLogWorker.java:<init>(172)) - new c1881364-9dcc-42c4-84ad-47b5251ecddf@group-BE3727A7195D-SegmentedRaftLogWorker for RaftStorage:Storage Directory /workdir/hadoop-ozone/integration-test/target/test-dir/MiniOzoneClusterImpl-e8789e20-d44e-4897-90e6-dbedbc9dc13b/datanode-0/data/ratis/dfeb364b-d891-49f7-aa9f-be3727a7195d
2019-09-27 09:29:43,280 [pool-409-thread-1] INFO  server.RaftServerConfigKeys (ConfUtils.java:logGet(43)) - raft.server.log.queue.byte-limit = 2147483647 (custom)
2019-09-27 09:29:43,280 [pool-409-thread-1] INFO  server.RaftServerConfigKeys (ConfUtils.java:logGet(43)) - raft.server.log.queue.element-limit = 1024 (custom)
2019-09-27 09:29:43,280 [pool-409-thread-1] INFO  server.RaftServerConfigKeys (ConfUtils.java:logGet(43)) - raft.server.log.segment.size.max = 1048576 (custom)
2019-09-27 09:29:43,280 [pool-409-thread-1] INFO  server.RaftServerConfigKeys (ConfUtils.java:logGet(43)) - raft.server.log.preallocated.size = 16384 (custom)
2019-09-27 09:29:43,281 [pool-409-thread-1] INFO  server.RaftServerConfigKeys (ConfUtils.java:logGet(43)) - raft.server.log.write.buffer.size = 33554432 (custom)
2019-09-27 09:29:43,281 [pool-409-thread-1] INFO  server.RaftServerConfigKeys (ConfUtils.java:logGet(43)) - raft.server.log.force.sync.num = 128 (default)
2019-09-27 09:29:43,281 [pool-409-thread-1] INFO  server.RaftServerConfigKeys (ConfUtils.java:logGet(43)) - raft.server.log.statemachine.data.sync = true (default)
2019-09-27 09:29:43,281 [pool-409-thread-1] INFO  server.RaftServerConfigKeys (ConfUtils.java:logGet(43)) - raft.server.log.statemachine.data.sync.timeout = 10s (default)
2019-09-27 09:29:43,281 [pool-409-thread-1] INFO  server.RaftServerConfigKeys (ConfUtils.java:logGet(43)) - raft.server.log.statemachine.data.sync.timeout.retry = -1 (default)
2019-09-27 09:29:43,281 [pool-409-thread-1] INFO  server.RaftServerConfigKeys (ConfUtils.java:logGet(43)) - raft.server.log.statemachine.data.caching.enabled = true (custom)
2019-09-27 09:29:43,282 [pool-409-thread-1] INFO  segmented.SegmentedRaftLogWorker (SegmentedRaftLogWorker.java:lambda$new$0(132)) - c1881364-9dcc-42c4-84ad-47b5251ecddf@group-BE3727A7195D-SegmentedRaftLogWorker: flushIndex: setUnconditionally 0 -> -1
2019-09-27 09:29:43,283 [pool-409-thread-1] INFO  server.RaftServerConfigKeys (ConfUtils.java:logGet(43)) - raft.server.snapshot.auto.trigger.enabled = true (custom)
2019-09-27 09:29:43,283 [pool-409-thread-1] INFO  server.RaftServerConfigKeys (ConfUtils.java:logGet(43)) - raft.server.snapshot.auto.trigger.threshold = 10000 (custom)
2019-09-27 09:29:43,283 [pool-409-thread-1] INFO  server.RaftServerConfigKeys (ConfUtils.java:logGet(43)) - raft.server.snapshot.retention.num.files = 5 (custom)
2019-09-27 09:29:43,283 [pool-409-thread-1] INFO  server.RaftServerConfigKeys (ConfUtils.java:logGet(43)) - raft.server.retrycache.expirytime = 600000ms (custom)
2019-09-27 09:29:43,285 [pool-409-thread-1] INFO  impl.RaftServerImpl (RaftServerImpl.java:start(185)) - c1881364-9dcc-42c4-84ad-47b5251ecddf@group-BE3727A7195D: start as a follower, conf=-1: [c1881364-9dcc-42c4-84ad-47b5251ecddf:192.168.164.207:43284], old=null
2019-09-27 09:29:43,285 [pool-409-thread-1] INFO  impl.RaftServerImpl (RaftServerImpl.java:setRole(174)) - c1881364-9dcc-42c4-84ad-47b5251ecddf@group-BE3727A7195D: changes role from      null to FOLLOWER at term 0 for startAsFollower
2019-09-27 09:29:43,285 [pool-409-thread-1] INFO  impl.RoleInfo (RoleInfo.java:updateAndGet(143)) - c1881364-9dcc-42c4-84ad-47b5251ecddf: start FollowerState
2019-09-27 09:29:43,286 [pool-409-thread-1] INFO  util.JmxRegister (JmxRegister.java:tryRegister(44)) - Successfully registered JMX Bean with object name Ratis:service=RaftServer,group=group-BE3727A7195D,id=c1881364-9dcc-42c4-84ad-47b5251ecddf
2019-09-27 09:29:43,290 [Command processor thread] INFO  commandhandler.CreatePipelineCommandHandler (CreatePipelineCommandHandler.java:handle(116)) - Create Pipeline RATIS ONE #PipelineID=dfeb364b-d891-49f7-aa9f-be3727a7195d command succeed on datanode c1881364-9dcc-42c4-84ad-47b5251ecddf.
2019-09-27 09:29:43,295 [grpc-default-executor-7] INFO  impl.RaftServerProxy (RaftServerProxy.java:addNew(89)) - c1881364-9dcc-42c4-84ad-47b5251ecddf: addNew group-CD1C27E8A675:[3500c2db-13f5-4e26-87d2-1522afc87a3c:192.168.164.207:35169, 957e8e6f-6264-48fe-9446-a284b22f5345:192.168.164.207:37145, c1881364-9dcc-42c4-84ad-47b5251ecddf:192.168.164.207:43284] returns group-CD1C27E8A675:java.util.concurrent.CompletableFuture@38c489e[Not completed]
2019-09-27 09:29:43,297 [pool-409-thread-1] INFO  impl.RaftServerImpl (RaftServerImpl.java:<init>(95)) - c1881364-9dcc-42c4-84ad-47b5251ecddf: new RaftServerImpl for group-CD1C27E8A675:[3500c2db-13f5-4e26-87d2-1522afc87a3c:192.168.164.207:35169, 957e8e6f-6264-48fe-9446-a284b22f5345:192.168.164.207:37145, c1881364-9dcc-42c4-84ad-47b5251ecddf:192.168.164.207:43284] with ContainerStateMachine:uninitialized
2019-09-27 09:29:43,297 [pool-409-thread-1] INFO  server.RaftServerConfigKeys (ConfUtils.java:logGet(43)) - raft.server.rpc.timeout.min = 5s (custom)
2019-09-27 09:29:43,297 [pool-409-thread-1] INFO  server.RaftServerConfigKeys (ConfUtils.java:logGet(43)) - raft.server.rpc.timeout.max = 5200ms (custom)
2019-09-27 09:29:43,297 [pool-409-thread-1] INFO  server.RaftServerConfigKeys (ConfUtils.java:logGet(43)) - raft.server.rpcslowness.timeout = 120s (custom)
2019-09-27 09:29:43,297 [pool-409-thread-1] INFO  server.RaftServerConfigKeys (ConfUtils.java:logGet(43)) - raft.server.sleep.deviation.threshold = 300 (default)
2019-09-27 09:29:43,297 [pool-409-thread-1] INFO  server.RaftServerConfigKeys (ConfUtils.java:logGet(43)) - raft.server.log.appender.install.snapshot.enabled = false (custom)
2019-09-27 09:29:43,297 [pool-409-thread-1] INFO  impl.RaftServerImpl (ServerState.java:<init>(103)) - c1881364-9dcc-42c4-84ad-47b5251ecddf@group-CD1C27E8A675: ConfigurationManager, init=-1: [3500c2db-13f5-4e26-87d2-1522afc87a3c:192.168.164.207:35169, 957e8e6f-6264-48fe-9446-a284b22f5345:192.168.164.207:37145, c1881364-9dcc-42c4-84ad-47b5251ecddf:192.168.164.207:43284], old=null, confs=<EMPTY_MAP>
2019-09-27 09:29:43,298 [pool-409-thread-1] INFO  server.RaftServerConfigKeys (ConfUtils.java:logGet(43)) - raft.server.storage.dir = [/workdir/hadoop-ozone/integration-test/target/test-dir/MiniOzoneClusterImpl-e8789e20-d44e-4897-90e6-dbedbc9dc13b/datanode-0/data/ratis] (custom)
2019-09-27 09:29:43,298 [pool-409-thread-1] INFO  storage.RaftStorageDirectory (RaftStorageDirectory.java:analyzeStorage(246)) - The storage directory /workdir/hadoop-ozone/integration-test/target/test-dir/MiniOzoneClusterImpl-e8789e20-d44e-4897-90e6-dbedbc9dc13b/datanode-0/data/ratis/f79ebf6d-3f0c-449a-baed-cd1c27e8a675 does not exist. Creating ...
2019-09-27 09:29:43,310 [grpc-default-executor-7] INFO  impl.RaftServerProxy (RaftServerProxy.java:addNew(89)) - 957e8e6f-6264-48fe-9446-a284b22f5345: addNew group-F71EF262F48C:[957e8e6f-6264-48fe-9446-a284b22f5345:192.168.164.207:37145] returns group-F71EF262F48C:java.util.concurrent.CompletableFuture@2c1d1f58[Not completed]
2019-09-27 09:29:43,311 [pool-419-thread-1] INFO  impl.RaftServerImpl (RaftServerImpl.java:<init>(95)) - 957e8e6f-6264-48fe-9446-a284b22f5345: new RaftServerImpl for group-F71EF262F48C:[957e8e6f-6264-48fe-9446-a284b22f5345:192.168.164.207:37145] with ContainerStateMachine:uninitialized
2019-09-27 09:29:43,311 [pool-419-thread-1] INFO  server.RaftServerConfigKeys (ConfUtils.java:logGet(43)) - raft.server.rpc.timeout.min = 5s (custom)
2019-09-27 09:29:43,311 [pool-419-thread-1] INFO  server.RaftServerConfigKeys (ConfUtils.java:logGet(43)) - raft.server.rpc.timeout.max = 5200ms (custom)
2019-09-27 09:29:43,311 [pool-419-thread-1] INFO  server.RaftServerConfigKeys (ConfUtils.java:logGet(43)) - raft.server.rpcslowness.timeout = 120s (custom)
2019-09-27 09:29:43,311 [pool-409-thread-1] INFO  storage.RaftStorageDirectory (RaftStorageDirectory.java:tryLock(328)) - Lock on /workdir/hadoop-ozone/integration-test/target/test-dir/MiniOzoneClusterImpl-e8789e20-d44e-4897-90e6-dbedbc9dc13b/datanode-0/data/ratis/f79ebf6d-3f0c-449a-baed-cd1c27e8a675/in_use.lock acquired by nodename 16033@pr-hdds2034-jk2kc-152962534
2019-09-27 09:29:43,311 [pool-419-thread-1] INFO  server.RaftServerConfigKeys (ConfUtils.java:logGet(43)) - raft.server.sleep.deviation.threshold = 300 (default)
2019-09-27 09:29:43,312 [pool-419-thread-1] INFO  server.RaftServerConfigKeys (ConfUtils.java:logGet(43)) - raft.server.log.appender.install.snapshot.enabled = false (custom)
2019-09-27 09:29:43,312 [pool-419-thread-1] INFO  impl.RaftServerImpl (ServerState.java:<init>(103)) - 957e8e6f-6264-48fe-9446-a284b22f5345@group-F71EF262F48C: ConfigurationManager, init=-1: [957e8e6f-6264-48fe-9446-a284b22f5345:192.168.164.207:37145], old=null, confs=<EMPTY_MAP>
2019-09-27 09:29:43,312 [pool-419-thread-1] INFO  server.RaftServerConfigKeys (ConfUtils.java:logGet(43)) - raft.server.storage.dir = [/workdir/hadoop-ozone/integration-test/target/test-dir/MiniOzoneClusterImpl-e8789e20-d44e-4897-90e6-dbedbc9dc13b/datanode-1/data/ratis] (custom)
2019-09-27 09:29:43,312 [pool-419-thread-1] INFO  storage.RaftStorageDirectory (RaftStorageDirectory.java:analyzeStorage(246)) - The storage directory /workdir/hadoop-ozone/integration-test/target/test-dir/MiniOzoneClusterImpl-e8789e20-d44e-4897-90e6-dbedbc9dc13b/datanode-1/data/ratis/425bb875-b0ff-4e42-a504-f71ef262f48c does not exist. Creating ...
2019-09-27 09:29:43,325 [pool-419-thread-1] INFO  storage.RaftStorageDirectory (RaftStorageDirectory.java:tryLock(328)) - Lock on /workdir/hadoop-ozone/integration-test/target/test-dir/MiniOzoneClusterImpl-e8789e20-d44e-4897-90e6-dbedbc9dc13b/datanode-1/data/ratis/425bb875-b0ff-4e42-a504-f71ef262f48c/in_use.lock acquired by nodename 16033@pr-hdds2034-jk2kc-152962534
2019-09-27 09:29:43,325 [pool-409-thread-1] INFO  storage.RaftStorage (RaftStorage.java:format(72)) - Storage directory /workdir/hadoop-ozone/integration-test/target/test-dir/MiniOzoneClusterImpl-e8789e20-d44e-4897-90e6-dbedbc9dc13b/datanode-0/data/ratis/f79ebf6d-3f0c-449a-baed-cd1c27e8a675 has been successfully formatted.
2019-09-27 09:29:43,326 [pool-409-thread-1] INFO  ratis.ContainerStateMachine (ContainerStateMachine.java:loadSnapshot(230)) - group-CD1C27E8A675: The snapshot info is null. Setting the last applied indexto:(t:0, i:~)
2019-09-27 09:29:43,326 [pool-409-thread-1] INFO  server.RaftServerConfigKeys (ConfUtils.java:logGet(43)) - raft.server.notification.no-leader.timeout = 120s (custom)
2019-09-27 09:29:43,326 [pool-409-thread-1] INFO  server.RaftServerConfigKeys (ConfUtils.java:logGet(43)) - raft.server.log.use.memory = false (default)
2019-09-27 09:29:43,326 [pool-409-thread-1] INFO  server.RaftServerConfigKeys (ConfUtils.java:logGet(43)) - raft.server.log.purge.gap = 1000000 (custom)
2019-09-27 09:29:43,326 [pool-409-thread-1] INFO  server.RaftServerConfigKeys (ConfUtils.java:logGet(43)) - raft.server.log.appender.buffer.byte-limit = 33554432 (custom)
2019-09-27 09:29:43,327 [pool-409-thread-1] INFO  server.RaftServerConfigKeys (ConfUtils.java:logGet(43)) - raft.server.log.segment.size.max = 1048576 (custom)
2019-09-27 09:29:43,327 [pool-409-thread-1] INFO  server.RaftServerConfigKeys (ConfUtils.java:logGet(43)) - raft.server.log.segment.cache.num.max = 2 (custom)
2019-09-27 09:29:43,327 [pool-409-thread-1] INFO  segmented.SegmentedRaftLogWorker (SegmentedRaftLogWorker.java:<init>(172)) - new c1881364-9dcc-42c4-84ad-47b5251ecddf@group-CD1C27E8A675-SegmentedRaftLogWorker for RaftStorage:Storage Directory /workdir/hadoop-ozone/integration-test/target/test-dir/MiniOzoneClusterImpl-e8789e20-d44e-4897-90e6-dbedbc9dc13b/datanode-0/data/ratis/f79ebf6d-3f0c-449a-baed-cd1c27e8a675
2019-09-27 09:29:43,327 [pool-409-thread-1] INFO  server.RaftServerConfigKeys (ConfUtils.java:logGet(43)) - raft.server.log.queue.byte-limit = 2147483647 (custom)
2019-09-27 09:29:43,327 [pool-409-thread-1] INFO  server.RaftServerConfigKeys (ConfUtils.java:logGet(43)) - raft.server.log.queue.element-limit = 1024 (custom)
2019-09-27 09:29:43,327 [pool-409-thread-1] INFO  server.RaftServerConfigKeys (ConfUtils.java:logGet(43)) - raft.server.log.segment.size.max = 1048576 (custom)
2019-09-27 09:29:43,328 [pool-409-thread-1] INFO  server.RaftServerConfigKeys (ConfUtils.java:logGet(43)) - raft.server.log.preallocated.size = 16384 (custom)
2019-09-27 09:29:43,328 [pool-409-thread-1] INFO  server.RaftServerConfigKeys (ConfUtils.java:logGet(43)) - raft.server.log.write.buffer.size = 33554432 (custom)
2019-09-27 09:29:43,328 [pool-409-thread-1] INFO  server.RaftServerConfigKeys (ConfUtils.java:logGet(43)) - raft.server.log.force.sync.num = 128 (default)
2019-09-27 09:29:43,328 [pool-409-thread-1] INFO  server.RaftServerConfigKeys (ConfUtils.java:logGet(43)) - raft.server.log.statemachine.data.sync = true (default)
2019-09-27 09:29:43,328 [pool-409-thread-1] INFO  server.RaftServerConfigKeys (ConfUtils.java:logGet(43)) - raft.server.log.statemachine.data.sync.timeout = 10s (default)
2019-09-27 09:29:43,328 [pool-409-thread-1] INFO  server.RaftServerConfigKeys (ConfUtils.java:logGet(43)) - raft.server.log.statemachine.data.sync.timeout.retry = -1 (default)
2019-09-27 09:29:43,329 [pool-409-thread-1] INFO  server.RaftServerConfigKeys (ConfUtils.java:logGet(43)) - raft.server.log.statemachine.data.caching.enabled = true (custom)
2019-09-27 09:29:43,329 [pool-409-thread-1] INFO  segmented.SegmentedRaftLogWorker (SegmentedRaftLogWorker.java:lambda$new$0(132)) - c1881364-9dcc-42c4-84ad-47b5251ecddf@group-CD1C27E8A675-SegmentedRaftLogWorker: flushIndex: setUnconditionally 0 -> -1
2019-09-27 09:29:43,329 [pool-409-thread-1] INFO  server.RaftServerConfigKeys (ConfUtils.java:logGet(43)) - raft.server.snapshot.auto.trigger.enabled = true (custom)
2019-09-27 09:29:43,329 [pool-409-thread-1] INFO  server.RaftServerConfigKeys (ConfUtils.java:logGet(43)) - raft.server.snapshot.auto.trigger.threshold = 10000 (custom)
2019-09-27 09:29:43,330 [pool-409-thread-1] INFO  server.RaftServerConfigKeys (ConfUtils.java:logGet(43)) - raft.server.snapshot.retention.num.files = 5 (custom)
2019-09-27 09:29:43,330 [pool-409-thread-1] INFO  server.RaftServerConfigKeys (ConfUtils.java:logGet(43)) - raft.server.retrycache.expirytime = 600000ms (custom)
2019-09-27 09:29:43,332 [pool-409-thread-1] INFO  impl.RaftServerImpl (RaftServerImpl.java:start(185)) - c1881364-9dcc-42c4-84ad-47b5251ecddf@group-CD1C27E8A675: start as a follower, conf=-1: [3500c2db-13f5-4e26-87d2-1522afc87a3c:192.168.164.207:35169, 957e8e6f-6264-48fe-9446-a284b22f5345:192.168.164.207:37145, c1881364-9dcc-42c4-84ad-47b5251ecddf:192.168.164.207:43284], old=null
2019-09-27 09:29:43,332 [pool-409-thread-1] INFO  impl.RaftServerImpl (RaftServerImpl.java:setRole(174)) - c1881364-9dcc-42c4-84ad-47b5251ecddf@group-CD1C27E8A675: changes role from      null to FOLLOWER at term 0 for startAsFollower
2019-09-27 09:29:43,332 [pool-409-thread-1] INFO  impl.RoleInfo (RoleInfo.java:updateAndGet(143)) - c1881364-9dcc-42c4-84ad-47b5251ecddf: start FollowerState
2019-09-27 09:29:43,332 [pool-409-thread-1] INFO  util.JmxRegister (JmxRegister.java:tryRegister(44)) - Successfully registered JMX Bean with object name Ratis:service=RaftServer,group=group-CD1C27E8A675,id=c1881364-9dcc-42c4-84ad-47b5251ecddf
2019-09-27 09:29:43,334 [Command processor thread] INFO  commandhandler.CreatePipelineCommandHandler (CreatePipelineCommandHandler.java:handle(116)) - Create Pipeline RATIS THREE #PipelineID=f79ebf6d-3f0c-449a-baed-cd1c27e8a675 command succeed on datanode c1881364-9dcc-42c4-84ad-47b5251ecddf.
2019-09-27 09:29:43,350 [pool-419-thread-1] INFO  storage.RaftStorage (RaftStorage.java:format(72)) - Storage directory /workdir/hadoop-ozone/integration-test/target/test-dir/MiniOzoneClusterImpl-e8789e20-d44e-4897-90e6-dbedbc9dc13b/datanode-1/data/ratis/425bb875-b0ff-4e42-a504-f71ef262f48c has been successfully formatted.
2019-09-27 09:29:43,350 [pool-419-thread-1] INFO  ratis.ContainerStateMachine (ContainerStateMachine.java:loadSnapshot(230)) - group-F71EF262F48C: The snapshot info is null. Setting the last applied indexto:(t:0, i:~)
2019-09-27 09:29:43,350 [pool-419-thread-1] INFO  server.RaftServerConfigKeys (ConfUtils.java:logGet(43)) - raft.server.notification.no-leader.timeout = 120s (custom)
2019-09-27 09:29:43,350 [pool-419-thread-1] INFO  server.RaftServerConfigKeys (ConfUtils.java:logGet(43)) - raft.server.log.use.memory = false (default)
2019-09-27 09:29:43,350 [pool-419-thread-1] INFO  server.RaftServerConfigKeys (ConfUtils.java:logGet(43)) - raft.server.log.purge.gap = 1000000 (custom)
2019-09-27 09:29:43,350 [pool-419-thread-1] INFO  server.RaftServerConfigKeys (ConfUtils.java:logGet(43)) - raft.server.log.appender.buffer.byte-limit = 33554432 (custom)
2019-09-27 09:29:43,350 [pool-419-thread-1] INFO  server.RaftServerConfigKeys (ConfUtils.java:logGet(43)) - raft.server.log.segment.size.max = 1048576 (custom)
2019-09-27 09:29:43,351 [pool-419-thread-1] INFO  server.RaftServerConfigKeys (ConfUtils.java:logGet(43)) - raft.server.log.segment.cache.num.max = 2 (custom)
2019-09-27 09:29:43,351 [pool-419-thread-1] INFO  segmented.SegmentedRaftLogWorker (SegmentedRaftLogWorker.java:<init>(172)) - new 957e8e6f-6264-48fe-9446-a284b22f5345@group-F71EF262F48C-SegmentedRaftLogWorker for RaftStorage:Storage Directory /workdir/hadoop-ozone/integration-test/target/test-dir/MiniOzoneClusterImpl-e8789e20-d44e-4897-90e6-dbedbc9dc13b/datanode-1/data/ratis/425bb875-b0ff-4e42-a504-f71ef262f48c
2019-09-27 09:29:43,352 [pool-419-thread-1] INFO  server.RaftServerConfigKeys (ConfUtils.java:logGet(43)) - raft.server.log.queue.byte-limit = 2147483647 (custom)
2019-09-27 09:29:43,352 [pool-419-thread-1] INFO  server.RaftServerConfigKeys (ConfUtils.java:logGet(43)) - raft.server.log.queue.element-limit = 1024 (custom)
2019-09-27 09:29:43,352 [pool-419-thread-1] INFO  server.RaftServerConfigKeys (ConfUtils.java:logGet(43)) - raft.server.log.segment.size.max = 1048576 (custom)
2019-09-27 09:29:43,352 [pool-419-thread-1] INFO  server.RaftServerConfigKeys (ConfUtils.java:logGet(43)) - raft.server.log.preallocated.size = 16384 (custom)
2019-09-27 09:29:43,352 [pool-419-thread-1] INFO  server.RaftServerConfigKeys (ConfUtils.java:logGet(43)) - raft.server.log.write.buffer.size = 33554432 (custom)
2019-09-27 09:29:43,352 [pool-419-thread-1] INFO  server.RaftServerConfigKeys (ConfUtils.java:logGet(43)) - raft.server.log.force.sync.num = 128 (default)
2019-09-27 09:29:43,352 [pool-419-thread-1] INFO  server.RaftServerConfigKeys (ConfUtils.java:logGet(43)) - raft.server.log.statemachine.data.sync = true (default)
2019-09-27 09:29:43,352 [pool-419-thread-1] INFO  server.RaftServerConfigKeys (ConfUtils.java:logGet(43)) - raft.server.log.statemachine.data.sync.timeout = 10s (default)
2019-09-27 09:29:43,353 [pool-419-thread-1] INFO  server.RaftServerConfigKeys (ConfUtils.java:logGet(43)) - raft.server.log.statemachine.data.sync.timeout.retry = -1 (default)
2019-09-27 09:29:43,353 [pool-419-thread-1] INFO  server.RaftServerConfigKeys (ConfUtils.java:logGet(43)) - raft.server.log.statemachine.data.caching.enabled = true (custom)
2019-09-27 09:29:43,353 [pool-419-thread-1] INFO  segmented.SegmentedRaftLogWorker (SegmentedRaftLogWorker.java:lambda$new$0(132)) - 957e8e6f-6264-48fe-9446-a284b22f5345@group-F71EF262F48C-SegmentedRaftLogWorker: flushIndex: setUnconditionally 0 -> -1
2019-09-27 09:29:43,353 [pool-419-thread-1] INFO  server.RaftServerConfigKeys (ConfUtils.java:logGet(43)) - raft.server.snapshot.auto.trigger.enabled = true (custom)
2019-09-27 09:29:43,353 [pool-419-thread-1] INFO  server.RaftServerConfigKeys (ConfUtils.java:logGet(43)) - raft.server.snapshot.auto.trigger.threshold = 10000 (custom)
2019-09-27 09:29:43,353 [pool-419-thread-1] INFO  server.RaftServerConfigKeys (ConfUtils.java:logGet(43)) - raft.server.snapshot.retention.num.files = 5 (custom)
2019-09-27 09:29:43,353 [pool-419-thread-1] INFO  server.RaftServerConfigKeys (ConfUtils.java:logGet(43)) - raft.server.retrycache.expirytime = 600000ms (custom)
2019-09-27 09:29:43,355 [pool-419-thread-1] INFO  impl.RaftServerImpl (RaftServerImpl.java:start(185)) - 957e8e6f-6264-48fe-9446-a284b22f5345@group-F71EF262F48C: start as a follower, conf=-1: [957e8e6f-6264-48fe-9446-a284b22f5345:192.168.164.207:37145], old=null
2019-09-27 09:29:43,355 [pool-419-thread-1] INFO  impl.RaftServerImpl (RaftServerImpl.java:setRole(174)) - 957e8e6f-6264-48fe-9446-a284b22f5345@group-F71EF262F48C: changes role from      null to FOLLOWER at term 0 for startAsFollower
2019-09-27 09:29:43,355 [pool-419-thread-1] INFO  impl.RoleInfo (RoleInfo.java:updateAndGet(143)) - 957e8e6f-6264-48fe-9446-a284b22f5345: start FollowerState
2019-09-27 09:29:43,355 [pool-419-thread-1] INFO  util.JmxRegister (JmxRegister.java:tryRegister(44)) - Successfully registered JMX Bean with object name Ratis:service=RaftServer,group=group-F71EF262F48C,id=957e8e6f-6264-48fe-9446-a284b22f5345
2019-09-27 09:29:43,357 [Command processor thread] INFO  commandhandler.CreatePipelineCommandHandler (CreatePipelineCommandHandler.java:handle(116)) - Create Pipeline RATIS ONE #PipelineID=425bb875-b0ff-4e42-a504-f71ef262f48c command succeed on datanode 957e8e6f-6264-48fe-9446-a284b22f5345.
2019-09-27 09:29:43,361 [grpc-default-executor-7] INFO  impl.RaftServerProxy (RaftServerProxy.java:addNew(89)) - 957e8e6f-6264-48fe-9446-a284b22f5345: addNew group-CD1C27E8A675:[3500c2db-13f5-4e26-87d2-1522afc87a3c:192.168.164.207:35169, 957e8e6f-6264-48fe-9446-a284b22f5345:192.168.164.207:37145, c1881364-9dcc-42c4-84ad-47b5251ecddf:192.168.164.207:43284] returns group-CD1C27E8A675:java.util.concurrent.CompletableFuture@6c4ccfd6[Not completed]
2019-09-27 09:29:43,362 [pool-419-thread-1] INFO  impl.RaftServerImpl (RaftServerImpl.java:<init>(95)) - 957e8e6f-6264-48fe-9446-a284b22f5345: new RaftServerImpl for group-CD1C27E8A675:[3500c2db-13f5-4e26-87d2-1522afc87a3c:192.168.164.207:35169, 957e8e6f-6264-48fe-9446-a284b22f5345:192.168.164.207:37145, c1881364-9dcc-42c4-84ad-47b5251ecddf:192.168.164.207:43284] with ContainerStateMachine:uninitialized
2019-09-27 09:29:43,362 [pool-419-thread-1] INFO  server.RaftServerConfigKeys (ConfUtils.java:logGet(43)) - raft.server.rpc.timeout.min = 5s (custom)
2019-09-27 09:29:43,362 [pool-419-thread-1] INFO  server.RaftServerConfigKeys (ConfUtils.java:logGet(43)) - raft.server.rpc.timeout.max = 5200ms (custom)
2019-09-27 09:29:43,362 [pool-419-thread-1] INFO  server.RaftServerConfigKeys (ConfUtils.java:logGet(43)) - raft.server.rpcslowness.timeout = 120s (custom)
2019-09-27 09:29:43,362 [pool-419-thread-1] INFO  server.RaftServerConfigKeys (ConfUtils.java:logGet(43)) - raft.server.sleep.deviation.threshold = 300 (default)
2019-09-27 09:29:43,362 [pool-419-thread-1] INFO  server.RaftServerConfigKeys (ConfUtils.java:logGet(43)) - raft.server.log.appender.install.snapshot.enabled = false (custom)
2019-09-27 09:29:43,362 [pool-419-thread-1] INFO  impl.RaftServerImpl (ServerState.java:<init>(103)) - 957e8e6f-6264-48fe-9446-a284b22f5345@group-CD1C27E8A675: ConfigurationManager, init=-1: [3500c2db-13f5-4e26-87d2-1522afc87a3c:192.168.164.207:35169, 957e8e6f-6264-48fe-9446-a284b22f5345:192.168.164.207:37145, c1881364-9dcc-42c4-84ad-47b5251ecddf:192.168.164.207:43284], old=null, confs=<EMPTY_MAP>
2019-09-27 09:29:43,362 [pool-419-thread-1] INFO  server.RaftServerConfigKeys (ConfUtils.java:logGet(43)) - raft.server.storage.dir = [/workdir/hadoop-ozone/integration-test/target/test-dir/MiniOzoneClusterImpl-e8789e20-d44e-4897-90e6-dbedbc9dc13b/datanode-1/data/ratis] (custom)
2019-09-27 09:29:43,363 [pool-419-thread-1] INFO  storage.RaftStorageDirectory (RaftStorageDirectory.java:analyzeStorage(246)) - The storage directory /workdir/hadoop-ozone/integration-test/target/test-dir/MiniOzoneClusterImpl-e8789e20-d44e-4897-90e6-dbedbc9dc13b/datanode-1/data/ratis/f79ebf6d-3f0c-449a-baed-cd1c27e8a675 does not exist. Creating ...
2019-09-27 09:29:43,375 [pool-419-thread-1] INFO  storage.RaftStorageDirectory (RaftStorageDirectory.java:tryLock(328)) - Lock on /workdir/hadoop-ozone/integration-test/target/test-dir/MiniOzoneClusterImpl-e8789e20-d44e-4897-90e6-dbedbc9dc13b/datanode-1/data/ratis/f79ebf6d-3f0c-449a-baed-cd1c27e8a675/in_use.lock acquired by nodename 16033@pr-hdds2034-jk2kc-152962534
2019-09-27 09:29:43,388 [pool-419-thread-1] INFO  storage.RaftStorage (RaftStorage.java:format(72)) - Storage directory /workdir/hadoop-ozone/integration-test/target/test-dir/MiniOzoneClusterImpl-e8789e20-d44e-4897-90e6-dbedbc9dc13b/datanode-1/data/ratis/f79ebf6d-3f0c-449a-baed-cd1c27e8a675 has been successfully formatted.
2019-09-27 09:29:43,388 [pool-419-thread-1] INFO  ratis.ContainerStateMachine (ContainerStateMachine.java:loadSnapshot(230)) - group-CD1C27E8A675: The snapshot info is null. Setting the last applied indexto:(t:0, i:~)
2019-09-27 09:29:43,388 [grpc-default-executor-7] INFO  impl.RaftServerProxy (RaftServerProxy.java:addNew(89)) - 3500c2db-13f5-4e26-87d2-1522afc87a3c: addNew group-513A7F2687D9:[3500c2db-13f5-4e26-87d2-1522afc87a3c:192.168.164.207:35169] returns group-513A7F2687D9:java.util.concurrent.CompletableFuture@2f2f9cc8[Not completed]
2019-09-27 09:29:43,388 [pool-419-thread-1] INFO  server.RaftServerConfigKeys (ConfUtils.java:logGet(43)) - raft.server.notification.no-leader.timeout = 120s (custom)
2019-09-27 09:29:43,389 [pool-419-thread-1] INFO  server.RaftServerConfigKeys (ConfUtils.java:logGet(43)) - raft.server.log.use.memory = false (default)
2019-09-27 09:29:43,389 [pool-419-thread-1] INFO  server.RaftServerConfigKeys (ConfUtils.java:logGet(43)) - raft.server.log.purge.gap = 1000000 (custom)
2019-09-27 09:29:43,389 [pool-419-thread-1] INFO  server.RaftServerConfigKeys (ConfUtils.java:logGet(43)) - raft.server.log.appender.buffer.byte-limit = 33554432 (custom)
2019-09-27 09:29:43,389 [pool-419-thread-1] INFO  server.RaftServerConfigKeys (ConfUtils.java:logGet(43)) - raft.server.log.segment.size.max = 1048576 (custom)
2019-09-27 09:29:43,389 [pool-419-thread-1] INFO  server.RaftServerConfigKeys (ConfUtils.java:logGet(43)) - raft.server.log.segment.cache.num.max = 2 (custom)
2019-09-27 09:29:43,389 [pool-419-thread-1] INFO  segmented.SegmentedRaftLogWorker (SegmentedRaftLogWorker.java:<init>(172)) - new 957e8e6f-6264-48fe-9446-a284b22f5345@group-CD1C27E8A675-SegmentedRaftLogWorker for RaftStorage:Storage Directory /workdir/hadoop-ozone/integration-test/target/test-dir/MiniOzoneClusterImpl-e8789e20-d44e-4897-90e6-dbedbc9dc13b/datanode-1/data/ratis/f79ebf6d-3f0c-449a-baed-cd1c27e8a675
2019-09-27 09:29:43,389 [pool-419-thread-1] INFO  server.RaftServerConfigKeys (ConfUtils.java:logGet(43)) - raft.server.log.queue.byte-limit = 2147483647 (custom)
2019-09-27 09:29:43,389 [pool-419-thread-1] INFO  server.RaftServerConfigKeys (ConfUtils.java:logGet(43)) - raft.server.log.queue.element-limit = 1024 (custom)
2019-09-27 09:29:43,389 [pool-419-thread-1] INFO  server.RaftServerConfigKeys (ConfUtils.java:logGet(43)) - raft.server.log.segment.size.max = 1048576 (custom)
2019-09-27 09:29:43,390 [pool-419-thread-1] INFO  server.RaftServerConfigKeys (ConfUtils.java:logGet(43)) - raft.server.log.preallocated.size = 16384 (custom)
2019-09-27 09:29:43,390 [pool-419-thread-1] INFO  server.RaftServerConfigKeys (ConfUtils.java:logGet(43)) - raft.server.log.write.buffer.size = 33554432 (custom)
2019-09-27 09:29:43,390 [pool-419-thread-1] INFO  server.RaftServerConfigKeys (ConfUtils.java:logGet(43)) - raft.server.log.force.sync.num = 128 (default)
2019-09-27 09:29:43,390 [pool-419-thread-1] INFO  server.RaftServerConfigKeys (ConfUtils.java:logGet(43)) - raft.server.log.statemachine.data.sync = true (default)
2019-09-27 09:29:43,390 [pool-419-thread-1] INFO  server.RaftServerConfigKeys (ConfUtils.java:logGet(43)) - raft.server.log.statemachine.data.sync.timeout = 10s (default)
2019-09-27 09:29:43,390 [pool-419-thread-1] INFO  server.RaftServerConfigKeys (ConfUtils.java:logGet(43)) - raft.server.log.statemachine.data.sync.timeout.retry = -1 (default)
2019-09-27 09:29:43,390 [pool-419-thread-1] INFO  server.RaftServerConfigKeys (ConfUtils.java:logGet(43)) - raft.server.log.statemachine.data.caching.enabled = true (custom)
2019-09-27 09:29:43,390 [pool-429-thread-1] INFO  impl.RaftServerImpl (RaftServerImpl.java:<init>(95)) - 3500c2db-13f5-4e26-87d2-1522afc87a3c: new RaftServerImpl for group-513A7F2687D9:[3500c2db-13f5-4e26-87d2-1522afc87a3c:192.168.164.207:35169] with ContainerStateMachine:uninitialized
2019-09-27 09:29:43,390 [pool-419-thread-1] INFO  segmented.SegmentedRaftLogWorker (SegmentedRaftLogWorker.java:lambda$new$0(132)) - 957e8e6f-6264-48fe-9446-a284b22f5345@group-CD1C27E8A675-SegmentedRaftLogWorker: flushIndex: setUnconditionally 0 -> -1
2019-09-27 09:29:43,390 [pool-429-thread-1] INFO  server.RaftServerConfigKeys (ConfUtils.java:logGet(43)) - raft.server.rpc.timeout.min = 5s (custom)
2019-09-27 09:29:43,391 [pool-419-thread-1] INFO  server.RaftServerConfigKeys (ConfUtils.java:logGet(43)) - raft.server.snapshot.auto.trigger.enabled = true (custom)
2019-09-27 09:29:43,391 [pool-429-thread-1] INFO  server.RaftServerConfigKeys (ConfUtils.java:logGet(43)) - raft.server.rpc.timeout.max = 5200ms (custom)
2019-09-27 09:29:43,391 [pool-419-thread-1] INFO  server.RaftServerConfigKeys (ConfUtils.java:logGet(43)) - raft.server.snapshot.auto.trigger.threshold = 10000 (custom)
2019-09-27 09:29:43,391 [pool-429-thread-1] INFO  server.RaftServerConfigKeys (ConfUtils.java:logGet(43)) - raft.server.rpcslowness.timeout = 120s (custom)
2019-09-27 09:29:43,391 [pool-419-thread-1] INFO  server.RaftServerConfigKeys (ConfUtils.java:logGet(43)) - raft.server.snapshot.retention.num.files = 5 (custom)
2019-09-27 09:29:43,391 [pool-429-thread-1] INFO  server.RaftServerConfigKeys (ConfUtils.java:logGet(43)) - raft.server.sleep.deviation.threshold = 300 (default)
2019-09-27 09:29:43,391 [pool-419-thread-1] INFO  server.RaftServerConfigKeys (ConfUtils.java:logGet(43)) - raft.server.retrycache.expirytime = 600000ms (custom)
2019-09-27 09:29:43,391 [pool-429-thread-1] INFO  server.RaftServerConfigKeys (ConfUtils.java:logGet(43)) - raft.server.log.appender.install.snapshot.enabled = false (custom)
2019-09-27 09:29:43,392 [pool-429-thread-1] INFO  impl.RaftServerImpl (ServerState.java:<init>(103)) - 3500c2db-13f5-4e26-87d2-1522afc87a3c@group-513A7F2687D9: ConfigurationManager, init=-1: [3500c2db-13f5-4e26-87d2-1522afc87a3c:192.168.164.207:35169], old=null, confs=<EMPTY_MAP>
2019-09-27 09:29:43,392 [pool-429-thread-1] INFO  server.RaftServerConfigKeys (ConfUtils.java:logGet(43)) - raft.server.storage.dir = [/workdir/hadoop-ozone/integration-test/target/test-dir/MiniOzoneClusterImpl-e8789e20-d44e-4897-90e6-dbedbc9dc13b/datanode-2/data/ratis] (custom)
2019-09-27 09:29:43,392 [pool-429-thread-1] INFO  storage.RaftStorageDirectory (RaftStorageDirectory.java:analyzeStorage(246)) - The storage directory /workdir/hadoop-ozone/integration-test/target/test-dir/MiniOzoneClusterImpl-e8789e20-d44e-4897-90e6-dbedbc9dc13b/datanode-2/data/ratis/20dff681-667e-4745-9e35-513a7f2687d9 does not exist. Creating ...
2019-09-27 09:29:43,392 [pool-419-thread-1] INFO  impl.RaftServerImpl (RaftServerImpl.java:start(185)) - 957e8e6f-6264-48fe-9446-a284b22f5345@group-CD1C27E8A675: start as a follower, conf=-1: [3500c2db-13f5-4e26-87d2-1522afc87a3c:192.168.164.207:35169, 957e8e6f-6264-48fe-9446-a284b22f5345:192.168.164.207:37145, c1881364-9dcc-42c4-84ad-47b5251ecddf:192.168.164.207:43284], old=null
2019-09-27 09:29:43,393 [pool-419-thread-1] INFO  impl.RaftServerImpl (RaftServerImpl.java:setRole(174)) - 957e8e6f-6264-48fe-9446-a284b22f5345@group-CD1C27E8A675: changes role from      null to FOLLOWER at term 0 for startAsFollower
2019-09-27 09:29:43,393 [pool-419-thread-1] INFO  impl.RoleInfo (RoleInfo.java:updateAndGet(143)) - 957e8e6f-6264-48fe-9446-a284b22f5345: start FollowerState
2019-09-27 09:29:43,408 [pool-419-thread-1] INFO  util.JmxRegister (JmxRegister.java:tryRegister(44)) - Successfully registered JMX Bean with object name Ratis:service=RaftServer,group=group-CD1C27E8A675,id=957e8e6f-6264-48fe-9446-a284b22f5345
2019-09-27 09:29:43,408 [pool-429-thread-1] INFO  storage.RaftStorageDirectory (RaftStorageDirectory.java:tryLock(328)) - Lock on /workdir/hadoop-ozone/integration-test/target/test-dir/MiniOzoneClusterImpl-e8789e20-d44e-4897-90e6-dbedbc9dc13b/datanode-2/data/ratis/20dff681-667e-4745-9e35-513a7f2687d9/in_use.lock acquired by nodename 16033@pr-hdds2034-jk2kc-152962534
2019-09-27 09:29:43,417 [Command processor thread] INFO  commandhandler.CreatePipelineCommandHandler (CreatePipelineCommandHandler.java:handle(116)) - Create Pipeline RATIS THREE #PipelineID=f79ebf6d-3f0c-449a-baed-cd1c27e8a675 command succeed on datanode 957e8e6f-6264-48fe-9446-a284b22f5345.
2019-09-27 09:29:43,430 [pool-429-thread-1] INFO  storage.RaftStorage (RaftStorage.java:format(72)) - Storage directory /workdir/hadoop-ozone/integration-test/target/test-dir/MiniOzoneClusterImpl-e8789e20-d44e-4897-90e6-dbedbc9dc13b/datanode-2/data/ratis/20dff681-667e-4745-9e35-513a7f2687d9 has been successfully formatted.
2019-09-27 09:29:43,430 [pool-429-thread-1] INFO  ratis.ContainerStateMachine (ContainerStateMachine.java:loadSnapshot(230)) - group-513A7F2687D9: The snapshot info is null. Setting the last applied indexto:(t:0, i:~)
2019-09-27 09:29:43,430 [pool-429-thread-1] INFO  server.RaftServerConfigKeys (ConfUtils.java:logGet(43)) - raft.server.notification.no-leader.timeout = 120s (custom)
2019-09-27 09:29:43,431 [pool-429-thread-1] INFO  server.RaftServerConfigKeys (ConfUtils.java:logGet(43)) - raft.server.log.use.memory = false (default)
2019-09-27 09:29:43,431 [pool-429-thread-1] INFO  server.RaftServerConfigKeys (ConfUtils.java:logGet(43)) - raft.server.log.purge.gap = 1000000 (custom)
2019-09-27 09:29:43,431 [pool-429-thread-1] INFO  server.RaftServerConfigKeys (ConfUtils.java:logGet(43)) - raft.server.log.appender.buffer.byte-limit = 33554432 (custom)
2019-09-27 09:29:43,431 [pool-429-thread-1] INFO  server.RaftServerConfigKeys (ConfUtils.java:logGet(43)) - raft.server.log.segment.size.max = 1048576 (custom)
2019-09-27 09:29:43,431 [pool-429-thread-1] INFO  server.RaftServerConfigKeys (ConfUtils.java:logGet(43)) - raft.server.log.segment.cache.num.max = 2 (custom)
2019-09-27 09:29:43,431 [pool-429-thread-1] INFO  segmented.SegmentedRaftLogWorker (SegmentedRaftLogWorker.java:<init>(172)) - new 3500c2db-13f5-4e26-87d2-1522afc87a3c@group-513A7F2687D9-SegmentedRaftLogWorker for RaftStorage:Storage Directory /workdir/hadoop-ozone/integration-test/target/test-dir/MiniOzoneClusterImpl-e8789e20-d44e-4897-90e6-dbedbc9dc13b/datanode-2/data/ratis/20dff681-667e-4745-9e35-513a7f2687d9
2019-09-27 09:29:43,435 [pool-429-thread-1] INFO  server.RaftServerConfigKeys (ConfUtils.java:logGet(43)) - raft.server.log.queue.byte-limit = 2147483647 (custom)
2019-09-27 09:29:43,435 [pool-429-thread-1] INFO  server.RaftServerConfigKeys (ConfUtils.java:logGet(43)) - raft.server.log.queue.element-limit = 1024 (custom)
2019-09-27 09:29:43,436 [pool-429-thread-1] INFO  server.RaftServerConfigKeys (ConfUtils.java:logGet(43)) - raft.server.log.segment.size.max = 1048576 (custom)
2019-09-27 09:29:43,436 [pool-429-thread-1] INFO  server.RaftServerConfigKeys (ConfUtils.java:logGet(43)) - raft.server.log.preallocated.size = 16384 (custom)
2019-09-27 09:29:43,436 [pool-429-thread-1] INFO  server.RaftServerConfigKeys (ConfUtils.java:logGet(43)) - raft.server.log.write.buffer.size = 33554432 (custom)
2019-09-27 09:29:43,436 [pool-429-thread-1] INFO  server.RaftServerConfigKeys (ConfUtils.java:logGet(43)) - raft.server.log.force.sync.num = 128 (default)
2019-09-27 09:29:43,436 [pool-429-thread-1] INFO  server.RaftServerConfigKeys (ConfUtils.java:logGet(43)) - raft.server.log.statemachine.data.sync = true (default)
2019-09-27 09:29:43,436 [pool-429-thread-1] INFO  server.RaftServerConfigKeys (ConfUtils.java:logGet(43)) - raft.server.log.statemachine.data.sync.timeout = 10s (default)
2019-09-27 09:29:43,436 [pool-429-thread-1] INFO  server.RaftServerConfigKeys (ConfUtils.java:logGet(43)) - raft.server.log.statemachine.data.sync.timeout.retry = -1 (default)
2019-09-27 09:29:43,437 [pool-429-thread-1] INFO  server.RaftServerConfigKeys (ConfUtils.java:logGet(43)) - raft.server.log.statemachine.data.caching.enabled = true (custom)
2019-09-27 09:29:43,437 [pool-429-thread-1] INFO  segmented.SegmentedRaftLogWorker (SegmentedRaftLogWorker.java:lambda$new$0(132)) - 3500c2db-13f5-4e26-87d2-1522afc87a3c@group-513A7F2687D9-SegmentedRaftLogWorker: flushIndex: setUnconditionally 0 -> -1
2019-09-27 09:29:43,437 [pool-429-thread-1] INFO  server.RaftServerConfigKeys (ConfUtils.java:logGet(43)) - raft.server.snapshot.auto.trigger.enabled = true (custom)
2019-09-27 09:29:43,437 [pool-429-thread-1] INFO  server.RaftServerConfigKeys (ConfUtils.java:logGet(43)) - raft.server.snapshot.auto.trigger.threshold = 10000 (custom)
2019-09-27 09:29:43,437 [pool-429-thread-1] INFO  server.RaftServerConfigKeys (ConfUtils.java:logGet(43)) - raft.server.snapshot.retention.num.files = 5 (custom)
2019-09-27 09:29:43,438 [pool-429-thread-1] INFO  server.RaftServerConfigKeys (ConfUtils.java:logGet(43)) - raft.server.retrycache.expirytime = 600000ms (custom)
2019-09-27 09:29:43,439 [pool-429-thread-1] INFO  impl.RaftServerImpl (RaftServerImpl.java:start(185)) - 3500c2db-13f5-4e26-87d2-1522afc87a3c@group-513A7F2687D9: start as a follower, conf=-1: [3500c2db-13f5-4e26-87d2-1522afc87a3c:192.168.164.207:35169], old=null
2019-09-27 09:29:43,439 [pool-429-thread-1] INFO  impl.RaftServerImpl (RaftServerImpl.java:setRole(174)) - 3500c2db-13f5-4e26-87d2-1522afc87a3c@group-513A7F2687D9: changes role from      null to FOLLOWER at term 0 for startAsFollower
2019-09-27 09:29:43,439 [pool-429-thread-1] INFO  impl.RoleInfo (RoleInfo.java:updateAndGet(143)) - 3500c2db-13f5-4e26-87d2-1522afc87a3c: start FollowerState
2019-09-27 09:29:43,440 [pool-429-thread-1] INFO  util.JmxRegister (JmxRegister.java:tryRegister(44)) - Successfully registered JMX Bean with object name Ratis:service=RaftServer,group=group-513A7F2687D9,id=3500c2db-13f5-4e26-87d2-1522afc87a3c
2019-09-27 09:29:43,441 [Command processor thread] INFO  commandhandler.CreatePipelineCommandHandler (CreatePipelineCommandHandler.java:handle(116)) - Create Pipeline RATIS ONE #PipelineID=20dff681-667e-4745-9e35-513a7f2687d9 command succeed on datanode 3500c2db-13f5-4e26-87d2-1522afc87a3c.
2019-09-27 09:29:43,446 [grpc-default-executor-7] INFO  impl.RaftServerProxy (RaftServerProxy.java:addNew(89)) - 3500c2db-13f5-4e26-87d2-1522afc87a3c: addNew group-CD1C27E8A675:[3500c2db-13f5-4e26-87d2-1522afc87a3c:192.168.164.207:35169, 957e8e6f-6264-48fe-9446-a284b22f5345:192.168.164.207:37145, c1881364-9dcc-42c4-84ad-47b5251ecddf:192.168.164.207:43284] returns group-CD1C27E8A675:java.util.concurrent.CompletableFuture@24832b79[Not completed]
2019-09-27 09:29:43,447 [pool-429-thread-1] INFO  impl.RaftServerImpl (RaftServerImpl.java:<init>(95)) - 3500c2db-13f5-4e26-87d2-1522afc87a3c: new RaftServerImpl for group-CD1C27E8A675:[3500c2db-13f5-4e26-87d2-1522afc87a3c:192.168.164.207:35169, 957e8e6f-6264-48fe-9446-a284b22f5345:192.168.164.207:37145, c1881364-9dcc-42c4-84ad-47b5251ecddf:192.168.164.207:43284] with ContainerStateMachine:uninitialized
2019-09-27 09:29:43,447 [pool-429-thread-1] INFO  server.RaftServerConfigKeys (ConfUtils.java:logGet(43)) - raft.server.rpc.timeout.min = 5s (custom)
2019-09-27 09:29:43,447 [pool-429-thread-1] INFO  server.RaftServerConfigKeys (ConfUtils.java:logGet(43)) - raft.server.rpc.timeout.max = 5200ms (custom)
2019-09-27 09:29:43,447 [pool-429-thread-1] INFO  server.RaftServerConfigKeys (ConfUtils.java:logGet(43)) - raft.server.rpcslowness.timeout = 120s (custom)
2019-09-27 09:29:43,447 [pool-429-thread-1] INFO  server.RaftServerConfigKeys (ConfUtils.java:logGet(43)) - raft.server.sleep.deviation.threshold = 300 (default)
2019-09-27 09:29:43,447 [pool-429-thread-1] INFO  server.RaftServerConfigKeys (ConfUtils.java:logGet(43)) - raft.server.log.appender.install.snapshot.enabled = false (custom)
2019-09-27 09:29:43,447 [pool-429-thread-1] INFO  impl.RaftServerImpl (ServerState.java:<init>(103)) - 3500c2db-13f5-4e26-87d2-1522afc87a3c@group-CD1C27E8A675: ConfigurationManager, init=-1: [3500c2db-13f5-4e26-87d2-1522afc87a3c:192.168.164.207:35169, 957e8e6f-6264-48fe-9446-a284b22f5345:192.168.164.207:37145, c1881364-9dcc-42c4-84ad-47b5251ecddf:192.168.164.207:43284], old=null, confs=<EMPTY_MAP>
2019-09-27 09:29:43,447 [pool-429-thread-1] INFO  server.RaftServerConfigKeys (ConfUtils.java:logGet(43)) - raft.server.storage.dir = [/workdir/hadoop-ozone/integration-test/target/test-dir/MiniOzoneClusterImpl-e8789e20-d44e-4897-90e6-dbedbc9dc13b/datanode-2/data/ratis] (custom)
2019-09-27 09:29:43,448 [pool-429-thread-1] INFO  storage.RaftStorageDirectory (RaftStorageDirectory.java:analyzeStorage(246)) - The storage directory /workdir/hadoop-ozone/integration-test/target/test-dir/MiniOzoneClusterImpl-e8789e20-d44e-4897-90e6-dbedbc9dc13b/datanode-2/data/ratis/f79ebf6d-3f0c-449a-baed-cd1c27e8a675 does not exist. Creating ...
2019-09-27 09:29:43,456 [grpc-default-executor-7] INFO  impl.RaftServerProxy (RaftServerProxy.java:addNew(89)) - 5edf00d6-0a79-4628-9112-08a4085059e1: addNew group-AA56BBDBAEC4:[5edf00d6-0a79-4628-9112-08a4085059e1:192.168.164.207:39793] returns group-AA56BBDBAEC4:java.util.concurrent.CompletableFuture@309d5952[Not completed]
2019-09-27 09:29:43,457 [pool-439-thread-1] INFO  impl.RaftServerImpl (RaftServerImpl.java:<init>(95)) - 5edf00d6-0a79-4628-9112-08a4085059e1: new RaftServerImpl for group-AA56BBDBAEC4:[5edf00d6-0a79-4628-9112-08a4085059e1:192.168.164.207:39793] with ContainerStateMachine:uninitialized
2019-09-27 09:29:43,458 [pool-439-thread-1] INFO  server.RaftServerConfigKeys (ConfUtils.java:logGet(43)) - raft.server.rpc.timeout.min = 5s (custom)
2019-09-27 09:29:43,458 [pool-439-thread-1] INFO  server.RaftServerConfigKeys (ConfUtils.java:logGet(43)) - raft.server.rpc.timeout.max = 5200ms (custom)
2019-09-27 09:29:43,458 [pool-439-thread-1] INFO  server.RaftServerConfigKeys (ConfUtils.java:logGet(43)) - raft.server.rpcslowness.timeout = 120s (custom)
2019-09-27 09:29:43,458 [pool-439-thread-1] INFO  server.RaftServerConfigKeys (ConfUtils.java:logGet(43)) - raft.server.sleep.deviation.threshold = 300 (default)
2019-09-27 09:29:43,458 [pool-439-thread-1] INFO  server.RaftServerConfigKeys (ConfUtils.java:logGet(43)) - raft.server.log.appender.install.snapshot.enabled = false (custom)
2019-09-27 09:29:43,458 [pool-439-thread-1] INFO  impl.RaftServerImpl (ServerState.java:<init>(103)) - 5edf00d6-0a79-4628-9112-08a4085059e1@group-AA56BBDBAEC4: ConfigurationManager, init=-1: [5edf00d6-0a79-4628-9112-08a4085059e1:192.168.164.207:39793], old=null, confs=<EMPTY_MAP>
2019-09-27 09:29:43,458 [pool-439-thread-1] INFO  server.RaftServerConfigKeys (ConfUtils.java:logGet(43)) - raft.server.storage.dir = [/workdir/hadoop-ozone/integration-test/target/test-dir/MiniOzoneClusterImpl-e8789e20-d44e-4897-90e6-dbedbc9dc13b/datanode-3/data/ratis] (custom)
2019-09-27 09:29:43,459 [pool-439-thread-1] INFO  storage.RaftStorageDirectory (RaftStorageDirectory.java:analyzeStorage(246)) - The storage directory /workdir/hadoop-ozone/integration-test/target/test-dir/MiniOzoneClusterImpl-e8789e20-d44e-4897-90e6-dbedbc9dc13b/datanode-3/data/ratis/f23bfbdc-46cf-4f6d-b9d9-aa56bbdbaec4 does not exist. Creating ...
2019-09-27 09:29:43,473 [pool-439-thread-1] INFO  storage.RaftStorageDirectory (RaftStorageDirectory.java:tryLock(328)) - Lock on /workdir/hadoop-ozone/integration-test/target/test-dir/MiniOzoneClusterImpl-e8789e20-d44e-4897-90e6-dbedbc9dc13b/datanode-3/data/ratis/f23bfbdc-46cf-4f6d-b9d9-aa56bbdbaec4/in_use.lock acquired by nodename 16033@pr-hdds2034-jk2kc-152962534
2019-09-27 09:29:43,473 [pool-429-thread-1] INFO  storage.RaftStorageDirectory (RaftStorageDirectory.java:tryLock(328)) - Lock on /workdir/hadoop-ozone/integration-test/target/test-dir/MiniOzoneClusterImpl-e8789e20-d44e-4897-90e6-dbedbc9dc13b/datanode-2/data/ratis/f79ebf6d-3f0c-449a-baed-cd1c27e8a675/in_use.lock acquired by nodename 16033@pr-hdds2034-jk2kc-152962534
2019-09-27 09:29:43,479 [pool-439-thread-1] INFO  storage.RaftStorage (RaftStorage.java:format(72)) - Storage directory /workdir/hadoop-ozone/integration-test/target/test-dir/MiniOzoneClusterImpl-e8789e20-d44e-4897-90e6-dbedbc9dc13b/datanode-3/data/ratis/f23bfbdc-46cf-4f6d-b9d9-aa56bbdbaec4 has been successfully formatted.
2019-09-27 09:29:43,479 [pool-429-thread-1] INFO  storage.RaftStorage (RaftStorage.java:format(72)) - Storage directory /workdir/hadoop-ozone/integration-test/target/test-dir/MiniOzoneClusterImpl-e8789e20-d44e-4897-90e6-dbedbc9dc13b/datanode-2/data/ratis/f79ebf6d-3f0c-449a-baed-cd1c27e8a675 has been successfully formatted.
2019-09-27 09:29:43,479 [pool-439-thread-1] INFO  ratis.ContainerStateMachine (ContainerStateMachine.java:loadSnapshot(230)) - group-AA56BBDBAEC4: The snapshot info is null. Setting the last applied indexto:(t:0, i:~)
2019-09-27 09:29:43,479 [pool-439-thread-1] INFO  server.RaftServerConfigKeys (ConfUtils.java:logGet(43)) - raft.server.notification.no-leader.timeout = 120s (custom)
2019-09-27 09:29:43,479 [pool-429-thread-1] INFO  ratis.ContainerStateMachine (ContainerStateMachine.java:loadSnapshot(230)) - group-CD1C27E8A675: The snapshot info is null. Setting the last applied indexto:(t:0, i:~)
2019-09-27 09:29:43,479 [pool-439-thread-1] INFO  server.RaftServerConfigKeys (ConfUtils.java:logGet(43)) - raft.server.log.use.memory = false (default)
2019-09-27 09:29:43,479 [pool-429-thread-1] INFO  server.RaftServerConfigKeys (ConfUtils.java:logGet(43)) - raft.server.notification.no-leader.timeout = 120s (custom)
2019-09-27 09:29:43,480 [pool-439-thread-1] INFO  server.RaftServerConfigKeys (ConfUtils.java:logGet(43)) - raft.server.log.purge.gap = 1000000 (custom)
2019-09-27 09:29:43,480 [pool-429-thread-1] INFO  server.RaftServerConfigKeys (ConfUtils.java:logGet(43)) - raft.server.log.use.memory = false (default)
2019-09-27 09:29:43,480 [pool-439-thread-1] INFO  server.RaftServerConfigKeys (ConfUtils.java:logGet(43)) - raft.server.log.appender.buffer.byte-limit = 33554432 (custom)
2019-09-27 09:29:43,480 [pool-429-thread-1] INFO  server.RaftServerConfigKeys (ConfUtils.java:logGet(43)) - raft.server.log.purge.gap = 1000000 (custom)
2019-09-27 09:29:43,480 [pool-439-thread-1] INFO  server.RaftServerConfigKeys (ConfUtils.java:logGet(43)) - raft.server.log.segment.size.max = 1048576 (custom)
2019-09-27 09:29:43,480 [pool-429-thread-1] INFO  server.RaftServerConfigKeys (ConfUtils.java:logGet(43)) - raft.server.log.appender.buffer.byte-limit = 33554432 (custom)
2019-09-27 09:29:43,480 [pool-439-thread-1] INFO  server.RaftServerConfigKeys (ConfUtils.java:logGet(43)) - raft.server.log.segment.cache.num.max = 2 (custom)
2019-09-27 09:29:43,480 [pool-429-thread-1] INFO  server.RaftServerConfigKeys (ConfUtils.java:logGet(43)) - raft.server.log.segment.size.max = 1048576 (custom)
2019-09-27 09:29:43,481 [pool-439-thread-1] INFO  segmented.SegmentedRaftLogWorker (SegmentedRaftLogWorker.java:<init>(172)) - new 5edf00d6-0a79-4628-9112-08a4085059e1@group-AA56BBDBAEC4-SegmentedRaftLogWorker for RaftStorage:Storage Directory /workdir/hadoop-ozone/integration-test/target/test-dir/MiniOzoneClusterImpl-e8789e20-d44e-4897-90e6-dbedbc9dc13b/datanode-3/data/ratis/f23bfbdc-46cf-4f6d-b9d9-aa56bbdbaec4
2019-09-27 09:29:43,481 [pool-429-thread-1] INFO  server.RaftServerConfigKeys (ConfUtils.java:logGet(43)) - raft.server.log.segment.cache.num.max = 2 (custom)
2019-09-27 09:29:43,481 [pool-429-thread-1] INFO  segmented.SegmentedRaftLogWorker (SegmentedRaftLogWorker.java:<init>(172)) - new 3500c2db-13f5-4e26-87d2-1522afc87a3c@group-CD1C27E8A675-SegmentedRaftLogWorker for RaftStorage:Storage Directory /workdir/hadoop-ozone/integration-test/target/test-dir/MiniOzoneClusterImpl-e8789e20-d44e-4897-90e6-dbedbc9dc13b/datanode-2/data/ratis/f79ebf6d-3f0c-449a-baed-cd1c27e8a675
2019-09-27 09:29:43,481 [pool-429-thread-1] INFO  server.RaftServerConfigKeys (ConfUtils.java:logGet(43)) - raft.server.log.queue.byte-limit = 2147483647 (custom)
2019-09-27 09:29:43,481 [pool-429-thread-1] INFO  server.RaftServerConfigKeys (ConfUtils.java:logGet(43)) - raft.server.log.queue.element-limit = 1024 (custom)
2019-09-27 09:29:43,481 [pool-429-thread-1] INFO  server.RaftServerConfigKeys (ConfUtils.java:logGet(43)) - raft.server.log.segment.size.max = 1048576 (custom)
2019-09-27 09:29:43,481 [pool-429-thread-1] INFO  server.RaftServerConfigKeys (ConfUtils.java:logGet(43)) - raft.server.log.preallocated.size = 16384 (custom)
2019-09-27 09:29:43,481 [pool-429-thread-1] INFO  server.RaftServerConfigKeys (ConfUtils.java:logGet(43)) - raft.server.log.write.buffer.size = 33554432 (custom)
2019-09-27 09:29:43,482 [pool-429-thread-1] INFO  server.RaftServerConfigKeys (ConfUtils.java:logGet(43)) - raft.server.log.force.sync.num = 128 (default)
2019-09-27 09:29:43,482 [pool-429-thread-1] INFO  server.RaftServerConfigKeys (ConfUtils.java:logGet(43)) - raft.server.log.statemachine.data.sync = true (default)
2019-09-27 09:29:43,482 [pool-429-thread-1] INFO  server.RaftServerConfigKeys (ConfUtils.java:logGet(43)) - raft.server.log.statemachine.data.sync.timeout = 10s (default)
2019-09-27 09:29:43,482 [pool-429-thread-1] INFO  server.RaftServerConfigKeys (ConfUtils.java:logGet(43)) - raft.server.log.statemachine.data.sync.timeout.retry = -1 (default)
2019-09-27 09:29:43,482 [pool-429-thread-1] INFO  server.RaftServerConfigKeys (ConfUtils.java:logGet(43)) - raft.server.log.statemachine.data.caching.enabled = true (custom)
2019-09-27 09:29:43,482 [pool-439-thread-1] INFO  server.RaftServerConfigKeys (ConfUtils.java:logGet(43)) - raft.server.log.queue.byte-limit = 2147483647 (custom)
2019-09-27 09:29:43,482 [pool-429-thread-1] INFO  segmented.SegmentedRaftLogWorker (SegmentedRaftLogWorker.java:lambda$new$0(132)) - 3500c2db-13f5-4e26-87d2-1522afc87a3c@group-CD1C27E8A675-SegmentedRaftLogWorker: flushIndex: setUnconditionally 0 -> -1
2019-09-27 09:29:43,482 [pool-439-thread-1] INFO  server.RaftServerConfigKeys (ConfUtils.java:logGet(43)) - raft.server.log.queue.element-limit = 1024 (custom)
2019-09-27 09:29:43,483 [pool-439-thread-1] INFO  server.RaftServerConfigKeys (ConfUtils.java:logGet(43)) - raft.server.log.segment.size.max = 1048576 (custom)
2019-09-27 09:29:43,483 [pool-429-thread-1] INFO  server.RaftServerConfigKeys (ConfUtils.java:logGet(43)) - raft.server.snapshot.auto.trigger.enabled = true (custom)
2019-09-27 09:29:43,483 [pool-439-thread-1] INFO  server.RaftServerConfigKeys (ConfUtils.java:logGet(43)) - raft.server.log.preallocated.size = 16384 (custom)
2019-09-27 09:29:43,483 [pool-429-thread-1] INFO  server.RaftServerConfigKeys (ConfUtils.java:logGet(43)) - raft.server.snapshot.auto.trigger.threshold = 10000 (custom)
2019-09-27 09:29:43,483 [pool-439-thread-1] INFO  server.RaftServerConfigKeys (ConfUtils.java:logGet(43)) - raft.server.log.write.buffer.size = 33554432 (custom)
2019-09-27 09:29:43,483 [pool-429-thread-1] INFO  server.RaftServerConfigKeys (ConfUtils.java:logGet(43)) - raft.server.snapshot.retention.num.files = 5 (custom)
2019-09-27 09:29:43,483 [pool-439-thread-1] INFO  server.RaftServerConfigKeys (ConfUtils.java:logGet(43)) - raft.server.log.force.sync.num = 128 (default)
2019-09-27 09:29:43,483 [pool-429-thread-1] INFO  server.RaftServerConfigKeys (ConfUtils.java:logGet(43)) - raft.server.retrycache.expirytime = 600000ms (custom)
2019-09-27 09:29:43,483 [pool-439-thread-1] INFO  server.RaftServerConfigKeys (ConfUtils.java:logGet(43)) - raft.server.log.statemachine.data.sync = true (default)
2019-09-27 09:29:43,483 [pool-439-thread-1] INFO  server.RaftServerConfigKeys (ConfUtils.java:logGet(43)) - raft.server.log.statemachine.data.sync.timeout = 10s (default)
2019-09-27 09:29:43,484 [pool-439-thread-1] INFO  server.RaftServerConfigKeys (ConfUtils.java:logGet(43)) - raft.server.log.statemachine.data.sync.timeout.retry = -1 (default)
2019-09-27 09:29:43,484 [pool-439-thread-1] INFO  server.RaftServerConfigKeys (ConfUtils.java:logGet(43)) - raft.server.log.statemachine.data.caching.enabled = true (custom)
2019-09-27 09:29:43,484 [pool-439-thread-1] INFO  segmented.SegmentedRaftLogWorker (SegmentedRaftLogWorker.java:lambda$new$0(132)) - 5edf00d6-0a79-4628-9112-08a4085059e1@group-AA56BBDBAEC4-SegmentedRaftLogWorker: flushIndex: setUnconditionally 0 -> -1
2019-09-27 09:29:43,484 [pool-439-thread-1] INFO  server.RaftServerConfigKeys (ConfUtils.java:logGet(43)) - raft.server.snapshot.auto.trigger.enabled = true (custom)
2019-09-27 09:29:43,484 [pool-439-thread-1] INFO  server.RaftServerConfigKeys (ConfUtils.java:logGet(43)) - raft.server.snapshot.auto.trigger.threshold = 10000 (custom)
2019-09-27 09:29:43,484 [pool-439-thread-1] INFO  server.RaftServerConfigKeys (ConfUtils.java:logGet(43)) - raft.server.snapshot.retention.num.files = 5 (custom)
2019-09-27 09:29:43,485 [pool-439-thread-1] INFO  server.RaftServerConfigKeys (ConfUtils.java:logGet(43)) - raft.server.retrycache.expirytime = 600000ms (custom)
2019-09-27 09:29:43,485 [pool-429-thread-1] INFO  impl.RaftServerImpl (RaftServerImpl.java:start(185)) - 3500c2db-13f5-4e26-87d2-1522afc87a3c@group-CD1C27E8A675: start as a follower, conf=-1: [3500c2db-13f5-4e26-87d2-1522afc87a3c:192.168.164.207:35169, 957e8e6f-6264-48fe-9446-a284b22f5345:192.168.164.207:37145, c1881364-9dcc-42c4-84ad-47b5251ecddf:192.168.164.207:43284], old=null
2019-09-27 09:29:43,485 [pool-429-thread-1] INFO  impl.RaftServerImpl (RaftServerImpl.java:setRole(174)) - 3500c2db-13f5-4e26-87d2-1522afc87a3c@group-CD1C27E8A675: changes role from      null to FOLLOWER at term 0 for startAsFollower
2019-09-27 09:29:43,485 [pool-429-thread-1] INFO  impl.RoleInfo (RoleInfo.java:updateAndGet(143)) - 3500c2db-13f5-4e26-87d2-1522afc87a3c: start FollowerState
2019-09-27 09:29:43,485 [pool-429-thread-1] INFO  util.JmxRegister (JmxRegister.java:tryRegister(44)) - Successfully registered JMX Bean with object name Ratis:service=RaftServer,group=group-CD1C27E8A675,id=3500c2db-13f5-4e26-87d2-1522afc87a3c
2019-09-27 09:29:43,486 [pool-439-thread-1] INFO  impl.RaftServerImpl (RaftServerImpl.java:start(185)) - 5edf00d6-0a79-4628-9112-08a4085059e1@group-AA56BBDBAEC4: start as a follower, conf=-1: [5edf00d6-0a79-4628-9112-08a4085059e1:192.168.164.207:39793], old=null
2019-09-27 09:29:43,486 [pool-439-thread-1] INFO  impl.RaftServerImpl (RaftServerImpl.java:setRole(174)) - 5edf00d6-0a79-4628-9112-08a4085059e1@group-AA56BBDBAEC4: changes role from      null to FOLLOWER at term 0 for startAsFollower
2019-09-27 09:29:43,486 [pool-439-thread-1] INFO  impl.RoleInfo (RoleInfo.java:updateAndGet(143)) - 5edf00d6-0a79-4628-9112-08a4085059e1: start FollowerState
2019-09-27 09:29:43,486 [pool-439-thread-1] INFO  util.JmxRegister (JmxRegister.java:tryRegister(44)) - Successfully registered JMX Bean with object name Ratis:service=RaftServer,group=group-AA56BBDBAEC4,id=5edf00d6-0a79-4628-9112-08a4085059e1
2019-09-27 09:29:43,488 [Command processor thread] INFO  commandhandler.CreatePipelineCommandHandler (CreatePipelineCommandHandler.java:handle(116)) - Create Pipeline RATIS ONE #PipelineID=f23bfbdc-46cf-4f6d-b9d9-aa56bbdbaec4 command succeed on datanode 5edf00d6-0a79-4628-9112-08a4085059e1.
2019-09-27 09:29:43,488 [Command processor thread] INFO  commandhandler.CreatePipelineCommandHandler (CreatePipelineCommandHandler.java:handle(116)) - Create Pipeline RATIS THREE #PipelineID=f79ebf6d-3f0c-449a-baed-cd1c27e8a675 command succeed on datanode 3500c2db-13f5-4e26-87d2-1522afc87a3c.
2019-09-27 09:29:43,492 [grpc-default-executor-7] INFO  impl.RaftServerProxy (RaftServerProxy.java:addNew(89)) - 5edf00d6-0a79-4628-9112-08a4085059e1: addNew group-07CFED83ED1A:[cf46e290-a091-4e06-9f92-f0d0996d41f4:192.168.164.207:41234, b4cddf6c-1726-4158-affc-29121d755033:192.168.164.207:36506, 5edf00d6-0a79-4628-9112-08a4085059e1:192.168.164.207:39793] returns group-07CFED83ED1A:java.util.concurrent.CompletableFuture@9d96998[Not completed]
2019-09-27 09:29:43,493 [pool-439-thread-1] INFO  impl.RaftServerImpl (RaftServerImpl.java:<init>(95)) - 5edf00d6-0a79-4628-9112-08a4085059e1: new RaftServerImpl for group-07CFED83ED1A:[cf46e290-a091-4e06-9f92-f0d0996d41f4:192.168.164.207:41234, b4cddf6c-1726-4158-affc-29121d755033:192.168.164.207:36506, 5edf00d6-0a79-4628-9112-08a4085059e1:192.168.164.207:39793] with ContainerStateMachine:uninitialized
2019-09-27 09:29:43,493 [pool-439-thread-1] INFO  server.RaftServerConfigKeys (ConfUtils.java:logGet(43)) - raft.server.rpc.timeout.min = 5s (custom)
2019-09-27 09:29:43,493 [pool-439-thread-1] INFO  server.RaftServerConfigKeys (ConfUtils.java:logGet(43)) - raft.server.rpc.timeout.max = 5200ms (custom)
2019-09-27 09:29:43,493 [pool-439-thread-1] INFO  server.RaftServerConfigKeys (ConfUtils.java:logGet(43)) - raft.server.rpcslowness.timeout = 120s (custom)
2019-09-27 09:29:43,493 [pool-439-thread-1] INFO  server.RaftServerConfigKeys (ConfUtils.java:logGet(43)) - raft.server.sleep.deviation.threshold = 300 (default)
2019-09-27 09:29:43,493 [pool-439-thread-1] INFO  server.RaftServerConfigKeys (ConfUtils.java:logGet(43)) - raft.server.log.appender.install.snapshot.enabled = false (custom)
2019-09-27 09:29:43,493 [pool-439-thread-1] INFO  impl.RaftServerImpl (ServerState.java:<init>(103)) - 5edf00d6-0a79-4628-9112-08a4085059e1@group-07CFED83ED1A: ConfigurationManager, init=-1: [cf46e290-a091-4e06-9f92-f0d0996d41f4:192.168.164.207:41234, b4cddf6c-1726-4158-affc-29121d755033:192.168.164.207:36506, 5edf00d6-0a79-4628-9112-08a4085059e1:192.168.164.207:39793], old=null, confs=<EMPTY_MAP>
2019-09-27 09:29:43,493 [pool-439-thread-1] INFO  server.RaftServerConfigKeys (ConfUtils.java:logGet(43)) - raft.server.storage.dir = [/workdir/hadoop-ozone/integration-test/target/test-dir/MiniOzoneClusterImpl-e8789e20-d44e-4897-90e6-dbedbc9dc13b/datanode-3/data/ratis] (custom)
2019-09-27 09:29:43,494 [pool-439-thread-1] INFO  storage.RaftStorageDirectory (RaftStorageDirectory.java:analyzeStorage(246)) - The storage directory /workdir/hadoop-ozone/integration-test/target/test-dir/MiniOzoneClusterImpl-e8789e20-d44e-4897-90e6-dbedbc9dc13b/datanode-3/data/ratis/96611dd2-c69f-44bb-a857-07cfed83ed1a does not exist. Creating ...
2019-09-27 09:29:43,496 [pool-439-thread-1] INFO  storage.RaftStorageDirectory (RaftStorageDirectory.java:tryLock(328)) - Lock on /workdir/hadoop-ozone/integration-test/target/test-dir/MiniOzoneClusterImpl-e8789e20-d44e-4897-90e6-dbedbc9dc13b/datanode-3/data/ratis/96611dd2-c69f-44bb-a857-07cfed83ed1a/in_use.lock acquired by nodename 16033@pr-hdds2034-jk2kc-152962534
2019-09-27 09:29:43,507 [pool-439-thread-1] INFO  storage.RaftStorage (RaftStorage.java:format(72)) - Storage directory /workdir/hadoop-ozone/integration-test/target/test-dir/MiniOzoneClusterImpl-e8789e20-d44e-4897-90e6-dbedbc9dc13b/datanode-3/data/ratis/96611dd2-c69f-44bb-a857-07cfed83ed1a has been successfully formatted.
2019-09-27 09:29:43,508 [pool-439-thread-1] INFO  ratis.ContainerStateMachine (ContainerStateMachine.java:loadSnapshot(230)) - group-07CFED83ED1A: The snapshot info is null. Setting the last applied indexto:(t:0, i:~)
2019-09-27 09:29:43,508 [pool-439-thread-1] INFO  server.RaftServerConfigKeys (ConfUtils.java:logGet(43)) - raft.server.notification.no-leader.timeout = 120s (custom)
2019-09-27 09:29:43,508 [pool-439-thread-1] INFO  server.RaftServerConfigKeys (ConfUtils.java:logGet(43)) - raft.server.log.use.memory = false (default)
2019-09-27 09:29:43,508 [pool-439-thread-1] INFO  server.RaftServerConfigKeys (ConfUtils.java:logGet(43)) - raft.server.log.purge.gap = 1000000 (custom)
2019-09-27 09:29:43,508 [pool-439-thread-1] INFO  server.RaftServerConfigKeys (ConfUtils.java:logGet(43)) - raft.server.log.appender.buffer.byte-limit = 33554432 (custom)
2019-09-27 09:29:43,508 [pool-439-thread-1] INFO  server.RaftServerConfigKeys (ConfUtils.java:logGet(43)) - raft.server.log.segment.size.max = 1048576 (custom)
2019-09-27 09:29:43,508 [pool-439-thread-1] INFO  server.RaftServerConfigKeys (ConfUtils.java:logGet(43)) - raft.server.log.segment.cache.num.max = 2 (custom)
2019-09-27 09:29:43,508 [pool-439-thread-1] INFO  segmented.SegmentedRaftLogWorker (SegmentedRaftLogWorker.java:<init>(172)) - new 5edf00d6-0a79-4628-9112-08a4085059e1@group-07CFED83ED1A-SegmentedRaftLogWorker for RaftStorage:Storage Directory /workdir/hadoop-ozone/integration-test/target/test-dir/MiniOzoneClusterImpl-e8789e20-d44e-4897-90e6-dbedbc9dc13b/datanode-3/data/ratis/96611dd2-c69f-44bb-a857-07cfed83ed1a
2019-09-27 09:29:43,508 [pool-439-thread-1] INFO  server.RaftServerConfigKeys (ConfUtils.java:logGet(43)) - raft.server.log.queue.byte-limit = 2147483647 (custom)
2019-09-27 09:29:43,508 [pool-439-thread-1] INFO  server.RaftServerConfigKeys (ConfUtils.java:logGet(43)) - raft.server.log.queue.element-limit = 1024 (custom)
2019-09-27 09:29:43,509 [pool-439-thread-1] INFO  server.RaftServerConfigKeys (ConfUtils.java:logGet(43)) - raft.server.log.segment.size.max = 1048576 (custom)
2019-09-27 09:29:43,509 [pool-439-thread-1] INFO  server.RaftServerConfigKeys (ConfUtils.java:logGet(43)) - raft.server.log.preallocated.size = 16384 (custom)
2019-09-27 09:29:43,509 [pool-439-thread-1] INFO  server.RaftServerConfigKeys (ConfUtils.java:logGet(43)) - raft.server.log.write.buffer.size = 33554432 (custom)
2019-09-27 09:29:43,509 [pool-439-thread-1] INFO  server.RaftServerConfigKeys (ConfUtils.java:logGet(43)) - raft.server.log.force.sync.num = 128 (default)
2019-09-27 09:29:43,509 [pool-439-thread-1] INFO  server.RaftServerConfigKeys (ConfUtils.java:logGet(43)) - raft.server.log.statemachine.data.sync = true (default)
2019-09-27 09:29:43,509 [pool-439-thread-1] INFO  server.RaftServerConfigKeys (ConfUtils.java:logGet(43)) - raft.server.log.statemachine.data.sync.timeout = 10s (default)
2019-09-27 09:29:43,509 [pool-439-thread-1] INFO  server.RaftServerConfigKeys (ConfUtils.java:logGet(43)) - raft.server.log.statemachine.data.sync.timeout.retry = -1 (default)
2019-09-27 09:29:43,509 [pool-439-thread-1] INFO  server.RaftServerConfigKeys (ConfUtils.java:logGet(43)) - raft.server.log.statemachine.data.caching.enabled = true (custom)
2019-09-27 09:29:43,509 [pool-439-thread-1] INFO  segmented.SegmentedRaftLogWorker (SegmentedRaftLogWorker.java:lambda$new$0(132)) - 5edf00d6-0a79-4628-9112-08a4085059e1@group-07CFED83ED1A-SegmentedRaftLogWorker: flushIndex: setUnconditionally 0 -> -1
2019-09-27 09:29:43,510 [pool-439-thread-1] INFO  server.RaftServerConfigKeys (ConfUtils.java:logGet(43)) - raft.server.snapshot.auto.trigger.enabled = true (custom)
2019-09-27 09:29:43,510 [pool-439-thread-1] INFO  server.RaftServerConfigKeys (ConfUtils.java:logGet(43)) - raft.server.snapshot.auto.trigger.threshold = 10000 (custom)
2019-09-27 09:29:43,510 [pool-439-thread-1] INFO  server.RaftServerConfigKeys (ConfUtils.java:logGet(43)) - raft.server.snapshot.retention.num.files = 5 (custom)
2019-09-27 09:29:43,510 [pool-439-thread-1] INFO  server.RaftServerConfigKeys (ConfUtils.java:logGet(43)) - raft.server.retrycache.expirytime = 600000ms (custom)
2019-09-27 09:29:43,511 [pool-439-thread-1] INFO  impl.RaftServerImpl (RaftServerImpl.java:start(185)) - 5edf00d6-0a79-4628-9112-08a4085059e1@group-07CFED83ED1A: start as a follower, conf=-1: [cf46e290-a091-4e06-9f92-f0d0996d41f4:192.168.164.207:41234, b4cddf6c-1726-4158-affc-29121d755033:192.168.164.207:36506, 5edf00d6-0a79-4628-9112-08a4085059e1:192.168.164.207:39793], old=null
2019-09-27 09:29:43,511 [pool-439-thread-1] INFO  impl.RaftServerImpl (RaftServerImpl.java:setRole(174)) - 5edf00d6-0a79-4628-9112-08a4085059e1@group-07CFED83ED1A: changes role from      null to FOLLOWER at term 0 for startAsFollower
2019-09-27 09:29:43,511 [pool-439-thread-1] INFO  impl.RoleInfo (RoleInfo.java:updateAndGet(143)) - 5edf00d6-0a79-4628-9112-08a4085059e1: start FollowerState
2019-09-27 09:29:43,512 [pool-439-thread-1] INFO  util.JmxRegister (JmxRegister.java:tryRegister(44)) - Successfully registered JMX Bean with object name Ratis:service=RaftServer,group=group-07CFED83ED1A,id=5edf00d6-0a79-4628-9112-08a4085059e1
2019-09-27 09:29:43,513 [Command processor thread] INFO  commandhandler.CreatePipelineCommandHandler (CreatePipelineCommandHandler.java:handle(116)) - Create Pipeline RATIS THREE #PipelineID=96611dd2-c69f-44bb-a857-07cfed83ed1a command succeed on datanode 5edf00d6-0a79-4628-9112-08a4085059e1.
2019-09-27 09:29:43,520 [grpc-default-executor-7] INFO  impl.RaftServerProxy (RaftServerProxy.java:addNew(89)) - b4cddf6c-1726-4158-affc-29121d755033: addNew group-3F1C6E70BAF4:[b4cddf6c-1726-4158-affc-29121d755033:192.168.164.207:36506] returns group-3F1C6E70BAF4:java.util.concurrent.CompletableFuture@1a2c4bf1[Not completed]
2019-09-27 09:29:43,522 [pool-449-thread-1] INFO  impl.RaftServerImpl (RaftServerImpl.java:<init>(95)) - b4cddf6c-1726-4158-affc-29121d755033: new RaftServerImpl for group-3F1C6E70BAF4:[b4cddf6c-1726-4158-affc-29121d755033:192.168.164.207:36506] with ContainerStateMachine:uninitialized
2019-09-27 09:29:43,522 [pool-449-thread-1] INFO  server.RaftServerConfigKeys (ConfUtils.java:logGet(43)) - raft.server.rpc.timeout.min = 5s (custom)
2019-09-27 09:29:43,522 [pool-449-thread-1] INFO  server.RaftServerConfigKeys (ConfUtils.java:logGet(43)) - raft.server.rpc.timeout.max = 5200ms (custom)
2019-09-27 09:29:43,522 [pool-449-thread-1] INFO  server.RaftServerConfigKeys (ConfUtils.java:logGet(43)) - raft.server.rpcslowness.timeout = 120s (custom)
2019-09-27 09:29:43,523 [pool-449-thread-1] INFO  server.RaftServerConfigKeys (ConfUtils.java:logGet(43)) - raft.server.sleep.deviation.threshold = 300 (default)
2019-09-27 09:29:43,523 [pool-449-thread-1] INFO  server.RaftServerConfigKeys (ConfUtils.java:logGet(43)) - raft.server.log.appender.install.snapshot.enabled = false (custom)
2019-09-27 09:29:43,523 [pool-449-thread-1] INFO  impl.RaftServerImpl (ServerState.java:<init>(103)) - b4cddf6c-1726-4158-affc-29121d755033@group-3F1C6E70BAF4: ConfigurationManager, init=-1: [b4cddf6c-1726-4158-affc-29121d755033:192.168.164.207:36506], old=null, confs=<EMPTY_MAP>
2019-09-27 09:29:43,523 [pool-449-thread-1] INFO  server.RaftServerConfigKeys (ConfUtils.java:logGet(43)) - raft.server.storage.dir = [/workdir/hadoop-ozone/integration-test/target/test-dir/MiniOzoneClusterImpl-e8789e20-d44e-4897-90e6-dbedbc9dc13b/datanode-4/data/ratis] (custom)
2019-09-27 09:29:43,523 [pool-449-thread-1] INFO  storage.RaftStorageDirectory (RaftStorageDirectory.java:analyzeStorage(246)) - The storage directory /workdir/hadoop-ozone/integration-test/target/test-dir/MiniOzoneClusterImpl-e8789e20-d44e-4897-90e6-dbedbc9dc13b/datanode-4/data/ratis/ae23ae2e-9ada-4d05-a922-3f1c6e70baf4 does not exist. Creating ...
2019-09-27 09:29:43,545 [pool-449-thread-1] INFO  storage.RaftStorageDirectory (RaftStorageDirectory.java:tryLock(328)) - Lock on /workdir/hadoop-ozone/integration-test/target/test-dir/MiniOzoneClusterImpl-e8789e20-d44e-4897-90e6-dbedbc9dc13b/datanode-4/data/ratis/ae23ae2e-9ada-4d05-a922-3f1c6e70baf4/in_use.lock acquired by nodename 16033@pr-hdds2034-jk2kc-152962534
2019-09-27 09:29:43,576 [pool-449-thread-1] INFO  storage.RaftStorage (RaftStorage.java:format(72)) - Storage directory /workdir/hadoop-ozone/integration-test/target/test-dir/MiniOzoneClusterImpl-e8789e20-d44e-4897-90e6-dbedbc9dc13b/datanode-4/data/ratis/ae23ae2e-9ada-4d05-a922-3f1c6e70baf4 has been successfully formatted.
2019-09-27 09:29:43,580 [grpc-default-executor-7] INFO  impl.RaftServerProxy (RaftServerProxy.java:addNew(89)) - cf46e290-a091-4e06-9f92-f0d0996d41f4: addNew group-541B8C95E6C6:[cf46e290-a091-4e06-9f92-f0d0996d41f4:192.168.164.207:41234] returns group-541B8C95E6C6:java.util.concurrent.CompletableFuture@6ebaf455[Not completed]
2019-09-27 09:29:43,580 [pool-449-thread-1] INFO  ratis.ContainerStateMachine (ContainerStateMachine.java:loadSnapshot(230)) - group-3F1C6E70BAF4: The snapshot info is null. Setting the last applied indexto:(t:0, i:~)
2019-09-27 09:29:43,581 [pool-449-thread-1] INFO  server.RaftServerConfigKeys (ConfUtils.java:logGet(43)) - raft.server.notification.no-leader.timeout = 120s (custom)
2019-09-27 09:29:43,581 [pool-449-thread-1] INFO  server.RaftServerConfigKeys (ConfUtils.java:logGet(43)) - raft.server.log.use.memory = false (default)
2019-09-27 09:29:43,581 [pool-449-thread-1] INFO  server.RaftServerConfigKeys (ConfUtils.java:logGet(43)) - raft.server.log.purge.gap = 1000000 (custom)
2019-09-27 09:29:43,581 [pool-449-thread-1] INFO  server.RaftServerConfigKeys (ConfUtils.java:logGet(43)) - raft.server.log.appender.buffer.byte-limit = 33554432 (custom)
2019-09-27 09:29:43,581 [pool-449-thread-1] INFO  server.RaftServerConfigKeys (ConfUtils.java:logGet(43)) - raft.server.log.segment.size.max = 1048576 (custom)
2019-09-27 09:29:43,581 [pool-449-thread-1] INFO  server.RaftServerConfigKeys (ConfUtils.java:logGet(43)) - raft.server.log.segment.cache.num.max = 2 (custom)
2019-09-27 09:29:43,581 [pool-449-thread-1] INFO  segmented.SegmentedRaftLogWorker (SegmentedRaftLogWorker.java:<init>(172)) - new b4cddf6c-1726-4158-affc-29121d755033@group-3F1C6E70BAF4-SegmentedRaftLogWorker for RaftStorage:Storage Directory /workdir/hadoop-ozone/integration-test/target/test-dir/MiniOzoneClusterImpl-e8789e20-d44e-4897-90e6-dbedbc9dc13b/datanode-4/data/ratis/ae23ae2e-9ada-4d05-a922-3f1c6e70baf4
2019-09-27 09:29:43,582 [pool-459-thread-1] INFO  impl.RaftServerImpl (RaftServerImpl.java:<init>(95)) - cf46e290-a091-4e06-9f92-f0d0996d41f4: new RaftServerImpl for group-541B8C95E6C6:[cf46e290-a091-4e06-9f92-f0d0996d41f4:192.168.164.207:41234] with ContainerStateMachine:uninitialized
2019-09-27 09:29:43,582 [pool-459-thread-1] INFO  server.RaftServerConfigKeys (ConfUtils.java:logGet(43)) - raft.server.rpc.timeout.min = 5s (custom)
2019-09-27 09:29:43,582 [pool-459-thread-1] INFO  server.RaftServerConfigKeys (ConfUtils.java:logGet(43)) - raft.server.rpc.timeout.max = 5200ms (custom)
2019-09-27 09:29:43,583 [pool-459-thread-1] INFO  server.RaftServerConfigKeys (ConfUtils.java:logGet(43)) - raft.server.rpcslowness.timeout = 120s (custom)
2019-09-27 09:29:43,583 [pool-459-thread-1] INFO  server.RaftServerConfigKeys (ConfUtils.java:logGet(43)) - raft.server.sleep.deviation.threshold = 300 (default)
2019-09-27 09:29:43,583 [pool-459-thread-1] INFO  server.RaftServerConfigKeys (ConfUtils.java:logGet(43)) - raft.server.log.appender.install.snapshot.enabled = false (custom)
2019-09-27 09:29:43,583 [pool-459-thread-1] INFO  impl.RaftServerImpl (ServerState.java:<init>(103)) - cf46e290-a091-4e06-9f92-f0d0996d41f4@group-541B8C95E6C6: ConfigurationManager, init=-1: [cf46e290-a091-4e06-9f92-f0d0996d41f4:192.168.164.207:41234], old=null, confs=<EMPTY_MAP>
2019-09-27 09:29:43,584 [pool-449-thread-1] INFO  server.RaftServerConfigKeys (ConfUtils.java:logGet(43)) - raft.server.log.queue.byte-limit = 2147483647 (custom)
2019-09-27 09:29:43,584 [pool-459-thread-1] INFO  server.RaftServerConfigKeys (ConfUtils.java:logGet(43)) - raft.server.storage.dir = [/workdir/hadoop-ozone/integration-test/target/test-dir/MiniOzoneClusterImpl-e8789e20-d44e-4897-90e6-dbedbc9dc13b/datanode-5/data/ratis] (custom)
2019-09-27 09:29:43,584 [pool-449-thread-1] INFO  server.RaftServerConfigKeys (ConfUtils.java:logGet(43)) - raft.server.log.queue.element-limit = 1024 (custom)
2019-09-27 09:29:43,584 [pool-449-thread-1] INFO  server.RaftServerConfigKeys (ConfUtils.java:logGet(43)) - raft.server.log.segment.size.max = 1048576 (custom)
2019-09-27 09:29:43,584 [pool-449-thread-1] INFO  server.RaftServerConfigKeys (ConfUtils.java:logGet(43)) - raft.server.log.preallocated.size = 16384 (custom)
2019-09-27 09:29:43,584 [pool-459-thread-1] INFO  storage.RaftStorageDirectory (RaftStorageDirectory.java:analyzeStorage(246)) - The storage directory /workdir/hadoop-ozone/integration-test/target/test-dir/MiniOzoneClusterImpl-e8789e20-d44e-4897-90e6-dbedbc9dc13b/datanode-5/data/ratis/1f9877c7-d6ec-4793-adee-541b8c95e6c6 does not exist. Creating ...
2019-09-27 09:29:43,584 [pool-449-thread-1] INFO  server.RaftServerConfigKeys (ConfUtils.java:logGet(43)) - raft.server.log.write.buffer.size = 33554432 (custom)
2019-09-27 09:29:43,585 [pool-449-thread-1] INFO  server.RaftServerConfigKeys (ConfUtils.java:logGet(43)) - raft.server.log.force.sync.num = 128 (default)
2019-09-27 09:29:43,585 [pool-449-thread-1] INFO  server.RaftServerConfigKeys (ConfUtils.java:logGet(43)) - raft.server.log.statemachine.data.sync = true (default)
2019-09-27 09:29:43,585 [pool-449-thread-1] INFO  server.RaftServerConfigKeys (ConfUtils.java:logGet(43)) - raft.server.log.statemachine.data.sync.timeout = 10s (default)
2019-09-27 09:29:43,585 [pool-449-thread-1] INFO  server.RaftServerConfigKeys (ConfUtils.java:logGet(43)) - raft.server.log.statemachine.data.sync.timeout.retry = -1 (default)
2019-09-27 09:29:43,585 [pool-449-thread-1] INFO  server.RaftServerConfigKeys (ConfUtils.java:logGet(43)) - raft.server.log.statemachine.data.caching.enabled = true (custom)
2019-09-27 09:29:43,586 [pool-449-thread-1] INFO  segmented.SegmentedRaftLogWorker (SegmentedRaftLogWorker.java:lambda$new$0(132)) - b4cddf6c-1726-4158-affc-29121d755033@group-3F1C6E70BAF4-SegmentedRaftLogWorker: flushIndex: setUnconditionally 0 -> -1
2019-09-27 09:29:43,586 [pool-449-thread-1] INFO  server.RaftServerConfigKeys (ConfUtils.java:logGet(43)) - raft.server.snapshot.auto.trigger.enabled = true (custom)
2019-09-27 09:29:43,586 [pool-449-thread-1] INFO  server.RaftServerConfigKeys (ConfUtils.java:logGet(43)) - raft.server.snapshot.auto.trigger.threshold = 10000 (custom)
2019-09-27 09:29:43,586 [pool-449-thread-1] INFO  server.RaftServerConfigKeys (ConfUtils.java:logGet(43)) - raft.server.snapshot.retention.num.files = 5 (custom)
2019-09-27 09:29:43,587 [pool-449-thread-1] INFO  server.RaftServerConfigKeys (ConfUtils.java:logGet(43)) - raft.server.retrycache.expirytime = 600000ms (custom)
2019-09-27 09:29:43,590 [pool-449-thread-1] INFO  impl.RaftServerImpl (RaftServerImpl.java:start(185)) - b4cddf6c-1726-4158-affc-29121d755033@group-3F1C6E70BAF4: start as a follower, conf=-1: [b4cddf6c-1726-4158-affc-29121d755033:192.168.164.207:36506], old=null
2019-09-27 09:29:43,590 [pool-449-thread-1] INFO  impl.RaftServerImpl (RaftServerImpl.java:setRole(174)) - b4cddf6c-1726-4158-affc-29121d755033@group-3F1C6E70BAF4: changes role from      null to FOLLOWER at term 0 for startAsFollower
2019-09-27 09:29:43,590 [pool-449-thread-1] INFO  impl.RoleInfo (RoleInfo.java:updateAndGet(143)) - b4cddf6c-1726-4158-affc-29121d755033: start FollowerState
2019-09-27 09:29:43,591 [pool-449-thread-1] INFO  util.JmxRegister (JmxRegister.java:tryRegister(44)) - Successfully registered JMX Bean with object name Ratis:service=RaftServer,group=group-3F1C6E70BAF4,id=b4cddf6c-1726-4158-affc-29121d755033
2019-09-27 09:29:43,592 [Command processor thread] INFO  commandhandler.CreatePipelineCommandHandler (CreatePipelineCommandHandler.java:handle(116)) - Create Pipeline RATIS ONE #PipelineID=ae23ae2e-9ada-4d05-a922-3f1c6e70baf4 command succeed on datanode b4cddf6c-1726-4158-affc-29121d755033.
2019-09-27 09:29:43,596 [grpc-default-executor-7] INFO  impl.RaftServerProxy (RaftServerProxy.java:addNew(89)) - b4cddf6c-1726-4158-affc-29121d755033: addNew group-07CFED83ED1A:[cf46e290-a091-4e06-9f92-f0d0996d41f4:192.168.164.207:41234, b4cddf6c-1726-4158-affc-29121d755033:192.168.164.207:36506, 5edf00d6-0a79-4628-9112-08a4085059e1:192.168.164.207:39793] returns group-07CFED83ED1A:java.util.concurrent.CompletableFuture@15edc8bf[Not completed]
2019-09-27 09:29:43,597 [pool-449-thread-1] INFO  impl.RaftServerImpl (RaftServerImpl.java:<init>(95)) - b4cddf6c-1726-4158-affc-29121d755033: new RaftServerImpl for group-07CFED83ED1A:[cf46e290-a091-4e06-9f92-f0d0996d41f4:192.168.164.207:41234, b4cddf6c-1726-4158-affc-29121d755033:192.168.164.207:36506, 5edf00d6-0a79-4628-9112-08a4085059e1:192.168.164.207:39793] with ContainerStateMachine:uninitialized
2019-09-27 09:29:43,597 [pool-449-thread-1] INFO  server.RaftServerConfigKeys (ConfUtils.java:logGet(43)) - raft.server.rpc.timeout.min = 5s (custom)
2019-09-27 09:29:43,597 [pool-449-thread-1] INFO  server.RaftServerConfigKeys (ConfUtils.java:logGet(43)) - raft.server.rpc.timeout.max = 5200ms (custom)
2019-09-27 09:29:43,597 [pool-459-thread-1] INFO  storage.RaftStorageDirectory (RaftStorageDirectory.java:tryLock(328)) - Lock on /workdir/hadoop-ozone/integration-test/target/test-dir/MiniOzoneClusterImpl-e8789e20-d44e-4897-90e6-dbedbc9dc13b/datanode-5/data/ratis/1f9877c7-d6ec-4793-adee-541b8c95e6c6/in_use.lock acquired by nodename 16033@pr-hdds2034-jk2kc-152962534
2019-09-27 09:29:43,597 [pool-449-thread-1] INFO  server.RaftServerConfigKeys (ConfUtils.java:logGet(43)) - raft.server.rpcslowness.timeout = 120s (custom)
2019-09-27 09:29:43,598 [pool-449-thread-1] INFO  server.RaftServerConfigKeys (ConfUtils.java:logGet(43)) - raft.server.sleep.deviation.threshold = 300 (default)
2019-09-27 09:29:43,598 [pool-449-thread-1] INFO  server.RaftServerConfigKeys (ConfUtils.java:logGet(43)) - raft.server.log.appender.install.snapshot.enabled = false (custom)
2019-09-27 09:29:43,598 [pool-449-thread-1] INFO  impl.RaftServerImpl (ServerState.java:<init>(103)) - b4cddf6c-1726-4158-affc-29121d755033@group-07CFED83ED1A: ConfigurationManager, init=-1: [cf46e290-a091-4e06-9f92-f0d0996d41f4:192.168.164.207:41234, b4cddf6c-1726-4158-affc-29121d755033:192.168.164.207:36506, 5edf00d6-0a79-4628-9112-08a4085059e1:192.168.164.207:39793], old=null, confs=<EMPTY_MAP>
2019-09-27 09:29:43,598 [pool-449-thread-1] INFO  server.RaftServerConfigKeys (ConfUtils.java:logGet(43)) - raft.server.storage.dir = [/workdir/hadoop-ozone/integration-test/target/test-dir/MiniOzoneClusterImpl-e8789e20-d44e-4897-90e6-dbedbc9dc13b/datanode-4/data/ratis] (custom)
2019-09-27 09:29:43,598 [pool-449-thread-1] INFO  storage.RaftStorageDirectory (RaftStorageDirectory.java:analyzeStorage(246)) - The storage directory /workdir/hadoop-ozone/integration-test/target/test-dir/MiniOzoneClusterImpl-e8789e20-d44e-4897-90e6-dbedbc9dc13b/datanode-4/data/ratis/96611dd2-c69f-44bb-a857-07cfed83ed1a does not exist. Creating ...
2019-09-27 09:29:43,623 [pool-449-thread-1] INFO  storage.RaftStorageDirectory (RaftStorageDirectory.java:tryLock(328)) - Lock on /workdir/hadoop-ozone/integration-test/target/test-dir/MiniOzoneClusterImpl-e8789e20-d44e-4897-90e6-dbedbc9dc13b/datanode-4/data/ratis/96611dd2-c69f-44bb-a857-07cfed83ed1a/in_use.lock acquired by nodename 16033@pr-hdds2034-jk2kc-152962534
2019-09-27 09:29:43,623 [pool-459-thread-1] INFO  storage.RaftStorage (RaftStorage.java:format(72)) - Storage directory /workdir/hadoop-ozone/integration-test/target/test-dir/MiniOzoneClusterImpl-e8789e20-d44e-4897-90e6-dbedbc9dc13b/datanode-5/data/ratis/1f9877c7-d6ec-4793-adee-541b8c95e6c6 has been successfully formatted.
2019-09-27 09:29:43,623 [pool-459-thread-1] INFO  ratis.ContainerStateMachine (ContainerStateMachine.java:loadSnapshot(230)) - group-541B8C95E6C6: The snapshot info is null. Setting the last applied indexto:(t:0, i:~)
2019-09-27 09:29:43,623 [pool-459-thread-1] INFO  server.RaftServerConfigKeys (ConfUtils.java:logGet(43)) - raft.server.notification.no-leader.timeout = 120s (custom)
2019-09-27 09:29:43,624 [pool-459-thread-1] INFO  server.RaftServerConfigKeys (ConfUtils.java:logGet(43)) - raft.server.log.use.memory = false (default)
2019-09-27 09:29:43,624 [pool-459-thread-1] INFO  server.RaftServerConfigKeys (ConfUtils.java:logGet(43)) - raft.server.log.purge.gap = 1000000 (custom)
2019-09-27 09:29:43,624 [pool-459-thread-1] INFO  server.RaftServerConfigKeys (ConfUtils.java:logGet(43)) - raft.server.log.appender.buffer.byte-limit = 33554432 (custom)
2019-09-27 09:29:43,624 [pool-459-thread-1] INFO  server.RaftServerConfigKeys (ConfUtils.java:logGet(43)) - raft.server.log.segment.size.max = 1048576 (custom)
2019-09-27 09:29:43,624 [pool-459-thread-1] INFO  server.RaftServerConfigKeys (ConfUtils.java:logGet(43)) - raft.server.log.segment.cache.num.max = 2 (custom)
2019-09-27 09:29:43,624 [pool-459-thread-1] INFO  segmented.SegmentedRaftLogWorker (SegmentedRaftLogWorker.java:<init>(172)) - new cf46e290-a091-4e06-9f92-f0d0996d41f4@group-541B8C95E6C6-SegmentedRaftLogWorker for RaftStorage:Storage Directory /workdir/hadoop-ozone/integration-test/target/test-dir/MiniOzoneClusterImpl-e8789e20-d44e-4897-90e6-dbedbc9dc13b/datanode-5/data/ratis/1f9877c7-d6ec-4793-adee-541b8c95e6c6
2019-09-27 09:29:43,626 [pool-459-thread-1] INFO  server.RaftServerConfigKeys (ConfUtils.java:logGet(43)) - raft.server.log.queue.byte-limit = 2147483647 (custom)
2019-09-27 09:29:43,626 [pool-459-thread-1] INFO  server.RaftServerConfigKeys (ConfUtils.java:logGet(43)) - raft.server.log.queue.element-limit = 1024 (custom)
2019-09-27 09:29:43,627 [pool-459-thread-1] INFO  server.RaftServerConfigKeys (ConfUtils.java:logGet(43)) - raft.server.log.segment.size.max = 1048576 (custom)
2019-09-27 09:29:43,627 [pool-459-thread-1] INFO  server.RaftServerConfigKeys (ConfUtils.java:logGet(43)) - raft.server.log.preallocated.size = 16384 (custom)
2019-09-27 09:29:43,627 [pool-459-thread-1] INFO  server.RaftServerConfigKeys (ConfUtils.java:logGet(43)) - raft.server.log.write.buffer.size = 33554432 (custom)
2019-09-27 09:29:43,627 [pool-459-thread-1] INFO  server.RaftServerConfigKeys (ConfUtils.java:logGet(43)) - raft.server.log.force.sync.num = 128 (default)
2019-09-27 09:29:43,627 [pool-459-thread-1] INFO  server.RaftServerConfigKeys (ConfUtils.java:logGet(43)) - raft.server.log.statemachine.data.sync = true (default)
2019-09-27 09:29:43,627 [pool-459-thread-1] INFO  server.RaftServerConfigKeys (ConfUtils.java:logGet(43)) - raft.server.log.statemachine.data.sync.timeout = 10s (default)
2019-09-27 09:29:43,627 [pool-459-thread-1] INFO  server.RaftServerConfigKeys (ConfUtils.java:logGet(43)) - raft.server.log.statemachine.data.sync.timeout.retry = -1 (default)
2019-09-27 09:29:43,628 [pool-459-thread-1] INFO  server.RaftServerConfigKeys (ConfUtils.java:logGet(43)) - raft.server.log.statemachine.data.caching.enabled = true (custom)
2019-09-27 09:29:43,628 [pool-459-thread-1] INFO  segmented.SegmentedRaftLogWorker (SegmentedRaftLogWorker.java:lambda$new$0(132)) - cf46e290-a091-4e06-9f92-f0d0996d41f4@group-541B8C95E6C6-SegmentedRaftLogWorker: flushIndex: setUnconditionally 0 -> -1
2019-09-27 09:29:43,628 [pool-459-thread-1] INFO  server.RaftServerConfigKeys (ConfUtils.java:logGet(43)) - raft.server.snapshot.auto.trigger.enabled = true (custom)
2019-09-27 09:29:43,628 [pool-459-thread-1] INFO  server.RaftServerConfigKeys (ConfUtils.java:logGet(43)) - raft.server.snapshot.auto.trigger.threshold = 10000 (custom)
2019-09-27 09:29:43,629 [pool-459-thread-1] INFO  server.RaftServerConfigKeys (ConfUtils.java:logGet(43)) - raft.server.snapshot.retention.num.files = 5 (custom)
2019-09-27 09:29:43,629 [pool-459-thread-1] INFO  server.RaftServerConfigKeys (ConfUtils.java:logGet(43)) - raft.server.retrycache.expirytime = 600000ms (custom)
2019-09-27 09:29:43,630 [pool-459-thread-1] INFO  impl.RaftServerImpl (RaftServerImpl.java:start(185)) - cf46e290-a091-4e06-9f92-f0d0996d41f4@group-541B8C95E6C6: start as a follower, conf=-1: [cf46e290-a091-4e06-9f92-f0d0996d41f4:192.168.164.207:41234], old=null
2019-09-27 09:29:43,630 [pool-459-thread-1] INFO  impl.RaftServerImpl (RaftServerImpl.java:setRole(174)) - cf46e290-a091-4e06-9f92-f0d0996d41f4@group-541B8C95E6C6: changes role from      null to FOLLOWER at term 0 for startAsFollower
2019-09-27 09:29:43,631 [pool-459-thread-1] INFO  impl.RoleInfo (RoleInfo.java:updateAndGet(143)) - cf46e290-a091-4e06-9f92-f0d0996d41f4: start FollowerState
2019-09-27 09:29:43,631 [pool-459-thread-1] INFO  util.JmxRegister (JmxRegister.java:tryRegister(44)) - Successfully registered JMX Bean with object name Ratis:service=RaftServer,group=group-541B8C95E6C6,id=cf46e290-a091-4e06-9f92-f0d0996d41f4
2019-09-27 09:29:43,633 [Command processor thread] INFO  commandhandler.CreatePipelineCommandHandler (CreatePipelineCommandHandler.java:handle(116)) - Create Pipeline RATIS ONE #PipelineID=1f9877c7-d6ec-4793-adee-541b8c95e6c6 command succeed on datanode cf46e290-a091-4e06-9f92-f0d0996d41f4.
2019-09-27 09:29:43,635 [pool-449-thread-1] INFO  storage.RaftStorage (RaftStorage.java:format(72)) - Storage directory /workdir/hadoop-ozone/integration-test/target/test-dir/MiniOzoneClusterImpl-e8789e20-d44e-4897-90e6-dbedbc9dc13b/datanode-4/data/ratis/96611dd2-c69f-44bb-a857-07cfed83ed1a has been successfully formatted.
2019-09-27 09:29:43,636 [pool-449-thread-1] INFO  ratis.ContainerStateMachine (ContainerStateMachine.java:loadSnapshot(230)) - group-07CFED83ED1A: The snapshot info is null. Setting the last applied indexto:(t:0, i:~)
2019-09-27 09:29:43,636 [pool-449-thread-1] INFO  server.RaftServerConfigKeys (ConfUtils.java:logGet(43)) - raft.server.notification.no-leader.timeout = 120s (custom)
2019-09-27 09:29:43,636 [pool-449-thread-1] INFO  server.RaftServerConfigKeys (ConfUtils.java:logGet(43)) - raft.server.log.use.memory = false (default)
2019-09-27 09:29:43,636 [pool-449-thread-1] INFO  server.RaftServerConfigKeys (ConfUtils.java:logGet(43)) - raft.server.log.purge.gap = 1000000 (custom)
2019-09-27 09:29:43,636 [pool-449-thread-1] INFO  server.RaftServerConfigKeys (ConfUtils.java:logGet(43)) - raft.server.log.appender.buffer.byte-limit = 33554432 (custom)
2019-09-27 09:29:43,636 [pool-449-thread-1] INFO  server.RaftServerConfigKeys (ConfUtils.java:logGet(43)) - raft.server.log.segment.size.max = 1048576 (custom)
2019-09-27 09:29:43,636 [grpc-default-executor-7] INFO  impl.RaftServerProxy (RaftServerProxy.java:addNew(89)) - cf46e290-a091-4e06-9f92-f0d0996d41f4: addNew group-07CFED83ED1A:[cf46e290-a091-4e06-9f92-f0d0996d41f4:192.168.164.207:41234, b4cddf6c-1726-4158-affc-29121d755033:192.168.164.207:36506, 5edf00d6-0a79-4628-9112-08a4085059e1:192.168.164.207:39793] returns group-07CFED83ED1A:java.util.concurrent.CompletableFuture@3407337c[Not completed]
2019-09-27 09:29:43,636 [pool-449-thread-1] INFO  server.RaftServerConfigKeys (ConfUtils.java:logGet(43)) - raft.server.log.segment.cache.num.max = 2 (custom)
2019-09-27 09:29:43,637 [pool-449-thread-1] INFO  segmented.SegmentedRaftLogWorker (SegmentedRaftLogWorker.java:<init>(172)) - new b4cddf6c-1726-4158-affc-29121d755033@group-07CFED83ED1A-SegmentedRaftLogWorker for RaftStorage:Storage Directory /workdir/hadoop-ozone/integration-test/target/test-dir/MiniOzoneClusterImpl-e8789e20-d44e-4897-90e6-dbedbc9dc13b/datanode-4/data/ratis/96611dd2-c69f-44bb-a857-07cfed83ed1a
2019-09-27 09:29:43,637 [pool-449-thread-1] INFO  server.RaftServerConfigKeys (ConfUtils.java:logGet(43)) - raft.server.log.queue.byte-limit = 2147483647 (custom)
2019-09-27 09:29:43,637 [pool-449-thread-1] INFO  server.RaftServerConfigKeys (ConfUtils.java:logGet(43)) - raft.server.log.queue.element-limit = 1024 (custom)
2019-09-27 09:29:43,637 [pool-449-thread-1] INFO  server.RaftServerConfigKeys (ConfUtils.java:logGet(43)) - raft.server.log.segment.size.max = 1048576 (custom)
2019-09-27 09:29:43,637 [pool-449-thread-1] INFO  server.RaftServerConfigKeys (ConfUtils.java:logGet(43)) - raft.server.log.preallocated.size = 16384 (custom)
2019-09-27 09:29:43,637 [pool-449-thread-1] INFO  server.RaftServerConfigKeys (ConfUtils.java:logGet(43)) - raft.server.log.write.buffer.size = 33554432 (custom)
2019-09-27 09:29:43,637 [pool-459-thread-1] INFO  impl.RaftServerImpl (RaftServerImpl.java:<init>(95)) - cf46e290-a091-4e06-9f92-f0d0996d41f4: new RaftServerImpl for group-07CFED83ED1A:[cf46e290-a091-4e06-9f92-f0d0996d41f4:192.168.164.207:41234, b4cddf6c-1726-4158-affc-29121d755033:192.168.164.207:36506, 5edf00d6-0a79-4628-9112-08a4085059e1:192.168.164.207:39793] with ContainerStateMachine:uninitialized
2019-09-27 09:29:43,638 [pool-449-thread-1] INFO  server.RaftServerConfigKeys (ConfUtils.java:logGet(43)) - raft.server.log.force.sync.num = 128 (default)
2019-09-27 09:29:43,638 [pool-459-thread-1] INFO  server.RaftServerConfigKeys (ConfUtils.java:logGet(43)) - raft.server.rpc.timeout.min = 5s (custom)
2019-09-27 09:29:43,638 [pool-449-thread-1] INFO  server.RaftServerConfigKeys (ConfUtils.java:logGet(43)) - raft.server.log.statemachine.data.sync = true (default)
2019-09-27 09:29:43,642 [grpc-default-executor-7] INFO  impl.RaftServerProxy (RaftServerProxy.java:addNew(89)) - 574bfb90-d286-488d-ba4e-6dbfeac38abd: addNew group-AFA18D6FFFEA:[574bfb90-d286-488d-ba4e-6dbfeac38abd:192.168.164.207:42930] returns group-AFA18D6FFFEA:java.util.concurrent.CompletableFuture@6c98de24[Not completed]
2019-09-27 09:29:43,642 [main] INFO  ozone.MiniOzoneClusterImpl (MiniOzoneClusterImpl.java:lambda$waitForClusterToBeReady$0(150)) - Nodes are ready. Got 7 of 7 DN Heartbeats.
2019-09-27 09:29:43,643 [main] INFO  ozone.MiniOzoneClusterImpl (MiniOzoneClusterImpl.java:lambda$waitForClusterToBeReady$0(153)) - Waiting for cluster to exit safe mode
2019-09-27 09:29:43,638 [pool-459-thread-1] INFO  server.RaftServerConfigKeys (ConfUtils.java:logGet(43)) - raft.server.rpc.timeout.max = 5200ms (custom)
2019-09-27 09:29:43,642 [pool-449-thread-1] INFO  server.RaftServerConfigKeys (ConfUtils.java:logGet(43)) - raft.server.log.statemachine.data.sync.timeout = 10s (default)
2019-09-27 09:29:43,643 [pool-459-thread-1] INFO  server.RaftServerConfigKeys (ConfUtils.java:logGet(43)) - raft.server.rpcslowness.timeout = 120s (custom)
2019-09-27 09:29:43,643 [pool-449-thread-1] INFO  server.RaftServerConfigKeys (ConfUtils.java:logGet(43)) - raft.server.log.statemachine.data.sync.timeout.retry = -1 (default)
2019-09-27 09:29:43,643 [pool-469-thread-1] INFO  impl.RaftServerImpl (RaftServerImpl.java:<init>(95)) - 574bfb90-d286-488d-ba4e-6dbfeac38abd: new RaftServerImpl for group-AFA18D6FFFEA:[574bfb90-d286-488d-ba4e-6dbfeac38abd:192.168.164.207:42930] with ContainerStateMachine:uninitialized
2019-09-27 09:29:43,644 [pool-449-thread-1] INFO  server.RaftServerConfigKeys (ConfUtils.java:logGet(43)) - raft.server.log.statemachine.data.caching.enabled = true (custom)
2019-09-27 09:29:43,643 [pool-459-thread-1] INFO  server.RaftServerConfigKeys (ConfUtils.java:logGet(43)) - raft.server.sleep.deviation.threshold = 300 (default)
2019-09-27 09:29:43,644 [pool-459-thread-1] INFO  server.RaftServerConfigKeys (ConfUtils.java:logGet(43)) - raft.server.log.appender.install.snapshot.enabled = false (custom)
2019-09-27 09:29:43,644 [pool-469-thread-1] INFO  server.RaftServerConfigKeys (ConfUtils.java:logGet(43)) - raft.server.rpc.timeout.min = 5s (custom)
2019-09-27 09:29:43,644 [pool-459-thread-1] INFO  impl.RaftServerImpl (ServerState.java:<init>(103)) - cf46e290-a091-4e06-9f92-f0d0996d41f4@group-07CFED83ED1A: ConfigurationManager, init=-1: [cf46e290-a091-4e06-9f92-f0d0996d41f4:192.168.164.207:41234, b4cddf6c-1726-4158-affc-29121d755033:192.168.164.207:36506, 5edf00d6-0a79-4628-9112-08a4085059e1:192.168.164.207:39793], old=null, confs=<EMPTY_MAP>
2019-09-27 09:29:43,644 [pool-449-thread-1] INFO  segmented.SegmentedRaftLogWorker (SegmentedRaftLogWorker.java:lambda$new$0(132)) - b4cddf6c-1726-4158-affc-29121d755033@group-07CFED83ED1A-SegmentedRaftLogWorker: flushIndex: setUnconditionally 0 -> -1
2019-09-27 09:29:43,645 [pool-459-thread-1] INFO  server.RaftServerConfigKeys (ConfUtils.java:logGet(43)) - raft.server.storage.dir = [/workdir/hadoop-ozone/integration-test/target/test-dir/MiniOzoneClusterImpl-e8789e20-d44e-4897-90e6-dbedbc9dc13b/datanode-5/data/ratis] (custom)
2019-09-27 09:29:43,644 [pool-469-thread-1] INFO  server.RaftServerConfigKeys (ConfUtils.java:logGet(43)) - raft.server.rpc.timeout.max = 5200ms (custom)
2019-09-27 09:29:43,645 [pool-449-thread-1] INFO  server.RaftServerConfigKeys (ConfUtils.java:logGet(43)) - raft.server.snapshot.auto.trigger.enabled = true (custom)
2019-09-27 09:29:43,645 [pool-469-thread-1] INFO  server.RaftServerConfigKeys (ConfUtils.java:logGet(43)) - raft.server.rpcslowness.timeout = 120s (custom)
2019-09-27 09:29:43,645 [pool-459-thread-1] INFO  storage.RaftStorageDirectory (RaftStorageDirectory.java:analyzeStorage(246)) - The storage directory /workdir/hadoop-ozone/integration-test/target/test-dir/MiniOzoneClusterImpl-e8789e20-d44e-4897-90e6-dbedbc9dc13b/datanode-5/data/ratis/96611dd2-c69f-44bb-a857-07cfed83ed1a does not exist. Creating ...
2019-09-27 09:29:43,645 [pool-469-thread-1] INFO  server.RaftServerConfigKeys (ConfUtils.java:logGet(43)) - raft.server.sleep.deviation.threshold = 300 (default)
2019-09-27 09:29:43,645 [pool-449-thread-1] INFO  server.RaftServerConfigKeys (ConfUtils.java:logGet(43)) - raft.server.snapshot.auto.trigger.threshold = 10000 (custom)
2019-09-27 09:29:43,646 [pool-469-thread-1] INFO  server.RaftServerConfigKeys (ConfUtils.java:logGet(43)) - raft.server.log.appender.install.snapshot.enabled = false (custom)
2019-09-27 09:29:43,646 [pool-449-thread-1] INFO  server.RaftServerConfigKeys (ConfUtils.java:logGet(43)) - raft.server.snapshot.retention.num.files = 5 (custom)
2019-09-27 09:29:43,646 [pool-469-thread-1] INFO  impl.RaftServerImpl (ServerState.java:<init>(103)) - 574bfb90-d286-488d-ba4e-6dbfeac38abd@group-AFA18D6FFFEA: ConfigurationManager, init=-1: [574bfb90-d286-488d-ba4e-6dbfeac38abd:192.168.164.207:42930], old=null, confs=<EMPTY_MAP>
2019-09-27 09:29:43,646 [pool-449-thread-1] INFO  server.RaftServerConfigKeys (ConfUtils.java:logGet(43)) - raft.server.retrycache.expirytime = 600000ms (custom)
2019-09-27 09:29:43,646 [pool-469-thread-1] INFO  server.RaftServerConfigKeys (ConfUtils.java:logGet(43)) - raft.server.storage.dir = [/workdir/hadoop-ozone/integration-test/target/test-dir/MiniOzoneClusterImpl-e8789e20-d44e-4897-90e6-dbedbc9dc13b/datanode-6/data/ratis] (custom)
2019-09-27 09:29:43,646 [pool-469-thread-1] INFO  storage.RaftStorageDirectory (RaftStorageDirectory.java:analyzeStorage(246)) - The storage directory /workdir/hadoop-ozone/integration-test/target/test-dir/MiniOzoneClusterImpl-e8789e20-d44e-4897-90e6-dbedbc9dc13b/datanode-6/data/ratis/370f983c-e54a-4390-b6d5-afa18d6fffea does not exist. Creating ...
2019-09-27 09:29:43,648 [pool-449-thread-1] INFO  impl.RaftServerImpl (RaftServerImpl.java:start(185)) - b4cddf6c-1726-4158-affc-29121d755033@group-07CFED83ED1A: start as a follower, conf=-1: [cf46e290-a091-4e06-9f92-f0d0996d41f4:192.168.164.207:41234, b4cddf6c-1726-4158-affc-29121d755033:192.168.164.207:36506, 5edf00d6-0a79-4628-9112-08a4085059e1:192.168.164.207:39793], old=null
2019-09-27 09:29:43,648 [pool-449-thread-1] INFO  impl.RaftServerImpl (RaftServerImpl.java:setRole(174)) - b4cddf6c-1726-4158-affc-29121d755033@group-07CFED83ED1A: changes role from      null to FOLLOWER at term 0 for startAsFollower
2019-09-27 09:29:43,648 [pool-449-thread-1] INFO  impl.RoleInfo (RoleInfo.java:updateAndGet(143)) - b4cddf6c-1726-4158-affc-29121d755033: start FollowerState
2019-09-27 09:29:43,648 [pool-449-thread-1] INFO  util.JmxRegister (JmxRegister.java:tryRegister(44)) - Successfully registered JMX Bean with object name Ratis:service=RaftServer,group=group-07CFED83ED1A,id=b4cddf6c-1726-4158-affc-29121d755033
2019-09-27 09:29:43,650 [Command processor thread] INFO  commandhandler.CreatePipelineCommandHandler (CreatePipelineCommandHandler.java:handle(116)) - Create Pipeline RATIS THREE #PipelineID=96611dd2-c69f-44bb-a857-07cfed83ed1a command succeed on datanode b4cddf6c-1726-4158-affc-29121d755033.
2019-09-27 09:29:43,671 [pool-469-thread-1] INFO  storage.RaftStorageDirectory (RaftStorageDirectory.java:tryLock(328)) - Lock on /workdir/hadoop-ozone/integration-test/target/test-dir/MiniOzoneClusterImpl-e8789e20-d44e-4897-90e6-dbedbc9dc13b/datanode-6/data/ratis/370f983c-e54a-4390-b6d5-afa18d6fffea/in_use.lock acquired by nodename 16033@pr-hdds2034-jk2kc-152962534
2019-09-27 09:29:43,671 [pool-459-thread-1] INFO  storage.RaftStorageDirectory (RaftStorageDirectory.java:tryLock(328)) - Lock on /workdir/hadoop-ozone/integration-test/target/test-dir/MiniOzoneClusterImpl-e8789e20-d44e-4897-90e6-dbedbc9dc13b/datanode-5/data/ratis/96611dd2-c69f-44bb-a857-07cfed83ed1a/in_use.lock acquired by nodename 16033@pr-hdds2034-jk2kc-152962534
2019-09-27 09:29:43,696 [pool-469-thread-1] INFO  storage.RaftStorage (RaftStorage.java:format(72)) - Storage directory /workdir/hadoop-ozone/integration-test/target/test-dir/MiniOzoneClusterImpl-e8789e20-d44e-4897-90e6-dbedbc9dc13b/datanode-6/data/ratis/370f983c-e54a-4390-b6d5-afa18d6fffea has been successfully formatted.
2019-09-27 09:29:43,696 [pool-459-thread-1] INFO  storage.RaftStorage (RaftStorage.java:format(72)) - Storage directory /workdir/hadoop-ozone/integration-test/target/test-dir/MiniOzoneClusterImpl-e8789e20-d44e-4897-90e6-dbedbc9dc13b/datanode-5/data/ratis/96611dd2-c69f-44bb-a857-07cfed83ed1a has been successfully formatted.
2019-09-27 09:29:43,696 [pool-469-thread-1] INFO  ratis.ContainerStateMachine (ContainerStateMachine.java:loadSnapshot(230)) - group-AFA18D6FFFEA: The snapshot info is null. Setting the last applied indexto:(t:0, i:~)
2019-09-27 09:29:43,697 [pool-469-thread-1] INFO  server.RaftServerConfigKeys (ConfUtils.java:logGet(43)) - raft.server.notification.no-leader.timeout = 120s (custom)
2019-09-27 09:29:43,697 [pool-459-thread-1] INFO  ratis.ContainerStateMachine (ContainerStateMachine.java:loadSnapshot(230)) - group-07CFED83ED1A: The snapshot info is null. Setting the last applied indexto:(t:0, i:~)
2019-09-27 09:29:43,697 [pool-469-thread-1] INFO  server.RaftServerConfigKeys (ConfUtils.java:logGet(43)) - raft.server.log.use.memory = false (default)
2019-09-27 09:29:43,697 [pool-459-thread-1] INFO  server.RaftServerConfigKeys (ConfUtils.java:logGet(43)) - raft.server.notification.no-leader.timeout = 120s (custom)
2019-09-27 09:29:43,697 [pool-469-thread-1] INFO  server.RaftServerConfigKeys (ConfUtils.java:logGet(43)) - raft.server.log.purge.gap = 1000000 (custom)
2019-09-27 09:29:43,697 [pool-459-thread-1] INFO  server.RaftServerConfigKeys (ConfUtils.java:logGet(43)) - raft.server.log.use.memory = false (default)
2019-09-27 09:29:43,697 [pool-469-thread-1] INFO  server.RaftServerConfigKeys (ConfUtils.java:logGet(43)) - raft.server.log.appender.buffer.byte-limit = 33554432 (custom)
2019-09-27 09:29:43,697 [pool-459-thread-1] INFO  server.RaftServerConfigKeys (ConfUtils.java:logGet(43)) - raft.server.log.purge.gap = 1000000 (custom)
2019-09-27 09:29:43,698 [pool-469-thread-1] INFO  server.RaftServerConfigKeys (ConfUtils.java:logGet(43)) - raft.server.log.segment.size.max = 1048576 (custom)
2019-09-27 09:29:43,698 [pool-459-thread-1] INFO  server.RaftServerConfigKeys (ConfUtils.java:logGet(43)) - raft.server.log.appender.buffer.byte-limit = 33554432 (custom)
2019-09-27 09:29:43,698 [pool-469-thread-1] INFO  server.RaftServerConfigKeys (ConfUtils.java:logGet(43)) - raft.server.log.segment.cache.num.max = 2 (custom)
2019-09-27 09:29:43,698 [pool-459-thread-1] INFO  server.RaftServerConfigKeys (ConfUtils.java:logGet(43)) - raft.server.log.segment.size.max = 1048576 (custom)
2019-09-27 09:29:43,698 [pool-469-thread-1] INFO  segmented.SegmentedRaftLogWorker (SegmentedRaftLogWorker.java:<init>(172)) - new 574bfb90-d286-488d-ba4e-6dbfeac38abd@group-AFA18D6FFFEA-SegmentedRaftLogWorker for RaftStorage:Storage Directory /workdir/hadoop-ozone/integration-test/target/test-dir/MiniOzoneClusterImpl-e8789e20-d44e-4897-90e6-dbedbc9dc13b/datanode-6/data/ratis/370f983c-e54a-4390-b6d5-afa18d6fffea
2019-09-27 09:29:43,698 [pool-459-thread-1] INFO  server.RaftServerConfigKeys (ConfUtils.java:logGet(43)) - raft.server.log.segment.cache.num.max = 2 (custom)
2019-09-27 09:29:43,698 [pool-459-thread-1] INFO  segmented.SegmentedRaftLogWorker (SegmentedRaftLogWorker.java:<init>(172)) - new cf46e290-a091-4e06-9f92-f0d0996d41f4@group-07CFED83ED1A-SegmentedRaftLogWorker for RaftStorage:Storage Directory /workdir/hadoop-ozone/integration-test/target/test-dir/MiniOzoneClusterImpl-e8789e20-d44e-4897-90e6-dbedbc9dc13b/datanode-5/data/ratis/96611dd2-c69f-44bb-a857-07cfed83ed1a
2019-09-27 09:29:43,698 [pool-459-thread-1] INFO  server.RaftServerConfigKeys (ConfUtils.java:logGet(43)) - raft.server.log.queue.byte-limit = 2147483647 (custom)
2019-09-27 09:29:43,699 [pool-459-thread-1] INFO  server.RaftServerConfigKeys (ConfUtils.java:logGet(43)) - raft.server.log.queue.element-limit = 1024 (custom)
2019-09-27 09:29:43,699 [pool-459-thread-1] INFO  server.RaftServerConfigKeys (ConfUtils.java:logGet(43)) - raft.server.log.segment.size.max = 1048576 (custom)
2019-09-27 09:29:43,699 [pool-459-thread-1] INFO  server.RaftServerConfigKeys (ConfUtils.java:logGet(43)) - raft.server.log.preallocated.size = 16384 (custom)
2019-09-27 09:29:43,699 [pool-459-thread-1] INFO  server.RaftServerConfigKeys (ConfUtils.java:logGet(43)) - raft.server.log.write.buffer.size = 33554432 (custom)
2019-09-27 09:29:43,699 [pool-459-thread-1] INFO  server.RaftServerConfigKeys (ConfUtils.java:logGet(43)) - raft.server.log.force.sync.num = 128 (default)
2019-09-27 09:29:43,699 [pool-459-thread-1] INFO  server.RaftServerConfigKeys (ConfUtils.java:logGet(43)) - raft.server.log.statemachine.data.sync = true (default)
2019-09-27 09:29:43,699 [pool-459-thread-1] INFO  server.RaftServerConfigKeys (ConfUtils.java:logGet(43)) - raft.server.log.statemachine.data.sync.timeout = 10s (default)
2019-09-27 09:29:43,700 [pool-459-thread-1] INFO  server.RaftServerConfigKeys (ConfUtils.java:logGet(43)) - raft.server.log.statemachine.data.sync.timeout.retry = -1 (default)
2019-09-27 09:29:43,700 [pool-469-thread-1] INFO  server.RaftServerConfigKeys (ConfUtils.java:logGet(43)) - raft.server.log.queue.byte-limit = 2147483647 (custom)
2019-09-27 09:29:43,700 [pool-459-thread-1] INFO  server.RaftServerConfigKeys (ConfUtils.java:logGet(43)) - raft.server.log.statemachine.data.caching.enabled = true (custom)
2019-09-27 09:29:43,700 [pool-469-thread-1] INFO  server.RaftServerConfigKeys (ConfUtils.java:logGet(43)) - raft.server.log.queue.element-limit = 1024 (custom)
2019-09-27 09:29:43,700 [pool-459-thread-1] INFO  segmented.SegmentedRaftLogWorker (SegmentedRaftLogWorker.java:lambda$new$0(132)) - cf46e290-a091-4e06-9f92-f0d0996d41f4@group-07CFED83ED1A-SegmentedRaftLogWorker: flushIndex: setUnconditionally 0 -> -1
2019-09-27 09:29:43,700 [pool-469-thread-1] INFO  server.RaftServerConfigKeys (ConfUtils.java:logGet(43)) - raft.server.log.segment.size.max = 1048576 (custom)
2019-09-27 09:29:43,700 [pool-469-thread-1] INFO  server.RaftServerConfigKeys (ConfUtils.java:logGet(43)) - raft.server.log.preallocated.size = 16384 (custom)
2019-09-27 09:29:43,700 [pool-459-thread-1] INFO  server.RaftServerConfigKeys (ConfUtils.java:logGet(43)) - raft.server.snapshot.auto.trigger.enabled = true (custom)
2019-09-27 09:29:43,700 [pool-469-thread-1] INFO  server.RaftServerConfigKeys (ConfUtils.java:logGet(43)) - raft.server.log.write.buffer.size = 33554432 (custom)
2019-09-27 09:29:43,701 [pool-459-thread-1] INFO  server.RaftServerConfigKeys (ConfUtils.java:logGet(43)) - raft.server.snapshot.auto.trigger.threshold = 10000 (custom)
2019-09-27 09:29:43,701 [pool-469-thread-1] INFO  server.RaftServerConfigKeys (ConfUtils.java:logGet(43)) - raft.server.log.force.sync.num = 128 (default)
2019-09-27 09:29:43,701 [pool-459-thread-1] INFO  server.RaftServerConfigKeys (ConfUtils.java:logGet(43)) - raft.server.snapshot.retention.num.files = 5 (custom)
2019-09-27 09:29:43,701 [pool-469-thread-1] INFO  server.RaftServerConfigKeys (ConfUtils.java:logGet(43)) - raft.server.log.statemachine.data.sync = true (default)
2019-09-27 09:29:43,701 [pool-459-thread-1] INFO  server.RaftServerConfigKeys (ConfUtils.java:logGet(43)) - raft.server.retrycache.expirytime = 600000ms (custom)
2019-09-27 09:29:43,701 [pool-469-thread-1] INFO  server.RaftServerConfigKeys (ConfUtils.java:logGet(43)) - raft.server.log.statemachine.data.sync.timeout = 10s (default)
2019-09-27 09:29:43,701 [pool-469-thread-1] INFO  server.RaftServerConfigKeys (ConfUtils.java:logGet(43)) - raft.server.log.statemachine.data.sync.timeout.retry = -1 (default)
2019-09-27 09:29:43,701 [pool-469-thread-1] INFO  server.RaftServerConfigKeys (ConfUtils.java:logGet(43)) - raft.server.log.statemachine.data.caching.enabled = true (custom)
2019-09-27 09:29:43,702 [pool-469-thread-1] INFO  segmented.SegmentedRaftLogWorker (SegmentedRaftLogWorker.java:lambda$new$0(132)) - 574bfb90-d286-488d-ba4e-6dbfeac38abd@group-AFA18D6FFFEA-SegmentedRaftLogWorker: flushIndex: setUnconditionally 0 -> -1
2019-09-27 09:29:43,702 [pool-469-thread-1] INFO  server.RaftServerConfigKeys (ConfUtils.java:logGet(43)) - raft.server.snapshot.auto.trigger.enabled = true (custom)
2019-09-27 09:29:43,702 [pool-469-thread-1] INFO  server.RaftServerConfigKeys (ConfUtils.java:logGet(43)) - raft.server.snapshot.auto.trigger.threshold = 10000 (custom)
2019-09-27 09:29:43,702 [pool-469-thread-1] INFO  server.RaftServerConfigKeys (ConfUtils.java:logGet(43)) - raft.server.snapshot.retention.num.files = 5 (custom)
2019-09-27 09:29:43,702 [pool-469-thread-1] INFO  server.RaftServerConfigKeys (ConfUtils.java:logGet(43)) - raft.server.retrycache.expirytime = 600000ms (custom)
2019-09-27 09:29:43,702 [pool-459-thread-1] INFO  impl.RaftServerImpl (RaftServerImpl.java:start(185)) - cf46e290-a091-4e06-9f92-f0d0996d41f4@group-07CFED83ED1A: start as a follower, conf=-1: [cf46e290-a091-4e06-9f92-f0d0996d41f4:192.168.164.207:41234, b4cddf6c-1726-4158-affc-29121d755033:192.168.164.207:36506, 5edf00d6-0a79-4628-9112-08a4085059e1:192.168.164.207:39793], old=null
2019-09-27 09:29:43,702 [pool-459-thread-1] INFO  impl.RaftServerImpl (RaftServerImpl.java:setRole(174)) - cf46e290-a091-4e06-9f92-f0d0996d41f4@group-07CFED83ED1A: changes role from      null to FOLLOWER at term 0 for startAsFollower
2019-09-27 09:29:43,703 [pool-459-thread-1] INFO  impl.RoleInfo (RoleInfo.java:updateAndGet(143)) - cf46e290-a091-4e06-9f92-f0d0996d41f4: start FollowerState
2019-09-27 09:29:43,703 [pool-459-thread-1] INFO  util.JmxRegister (JmxRegister.java:tryRegister(44)) - Successfully registered JMX Bean with object name Ratis:service=RaftServer,group=group-07CFED83ED1A,id=cf46e290-a091-4e06-9f92-f0d0996d41f4
2019-09-27 09:29:43,704 [pool-469-thread-1] INFO  impl.RaftServerImpl (RaftServerImpl.java:start(185)) - 574bfb90-d286-488d-ba4e-6dbfeac38abd@group-AFA18D6FFFEA: start as a follower, conf=-1: [574bfb90-d286-488d-ba4e-6dbfeac38abd:192.168.164.207:42930], old=null
2019-09-27 09:29:43,704 [pool-469-thread-1] INFO  impl.RaftServerImpl (RaftServerImpl.java:setRole(174)) - 574bfb90-d286-488d-ba4e-6dbfeac38abd@group-AFA18D6FFFEA: changes role from      null to FOLLOWER at term 0 for startAsFollower
2019-09-27 09:29:43,704 [pool-469-thread-1] INFO  impl.RoleInfo (RoleInfo.java:updateAndGet(143)) - 574bfb90-d286-488d-ba4e-6dbfeac38abd: start FollowerState
2019-09-27 09:29:43,704 [pool-469-thread-1] INFO  util.JmxRegister (JmxRegister.java:tryRegister(44)) - Successfully registered JMX Bean with object name Ratis:service=RaftServer,group=group-AFA18D6FFFEA,id=574bfb90-d286-488d-ba4e-6dbfeac38abd
2019-09-27 09:29:43,705 [Command processor thread] INFO  commandhandler.CreatePipelineCommandHandler (CreatePipelineCommandHandler.java:handle(116)) - Create Pipeline RATIS THREE #PipelineID=96611dd2-c69f-44bb-a857-07cfed83ed1a command succeed on datanode cf46e290-a091-4e06-9f92-f0d0996d41f4.
2019-09-27 09:29:43,706 [Command processor thread] INFO  commandhandler.CreatePipelineCommandHandler (CreatePipelineCommandHandler.java:handle(116)) - Create Pipeline RATIS ONE #PipelineID=370f983c-e54a-4390-b6d5-afa18d6fffea command succeed on datanode 574bfb90-d286-488d-ba4e-6dbfeac38abd.
2019-09-27 09:29:44,223 [EventQueue-CreatePipelineStatusForSCMPipelineManager] INFO  pipeline.SCMPipelineManager (SCMPipelineManager.java:onMessage(505)) - receive pipeline PipelineID=dfeb364b-d891-49f7-aa9f-be3727a7195d create status EXECUTED
2019-09-27 09:29:44,224 [EventQueue-CreatePipelineStatusForSCMPipelineManager] INFO  pipeline.PipelineStateManager (PipelineStateManager.java:openPipeline(134)) - Pipeline Pipeline[ Id: dfeb364b-d891-49f7-aa9f-be3727a7195d, Nodes: c1881364-9dcc-42c4-84ad-47b5251ecddf{ip: 192.168.164.207, host: pr-hdds2034-jk2kc-152962534, networkLocation: /default-rack, certSerialId: null}, Type:RATIS, Factor:ONE, State:ALLOCATED] moved to OPEN state
add pipeline PipelineID=dfeb364b-d891-49f7-aa9f-be3727a7195d to metrics map
2019-09-27 09:29:44,225 [EventQueue-OpenPipelineForHealthyPipelineSafeModeRule] INFO  safemode.SCMSafeModeManager (HealthyPipelineSafeModeRule.java:process(123)) - SCM in safe mode. Healthy pipelines reported count is 1, required healthy pipeline reported count is 1
2019-09-27 09:29:44,225 [EventQueue-CreatePipelineStatusForSCMPipelineManager] INFO  pipeline.SCMPipelineManager (SCMPipelineManager.java:onMessage(505)) - receive pipeline PipelineID=f79ebf6d-3f0c-449a-baed-cd1c27e8a675 create status EXECUTED
2019-09-27 09:29:44,225 [EventQueue-OpenPipelineForHealthyPipelineSafeModeRule] INFO  safemode.HealthyPipelineSafeModeRule (HealthyPipelineSafeModeRule.java:validate(104)) - HealthyPipelineSafeModeRule rule satisfied
2019-09-27 09:29:44,225 [EventQueue-OpenPipelineForOneReplicaPipelineSafeModeRule] INFO  safemode.OneReplicaPipelineSafeModeRule (OneReplicaPipelineSafeModeRule.java:validate(96)) - OneReplicaPipelineSafeModeRule rule satisfied
2019-09-27 09:29:44,225 [EventQueue-OpenPipelineForHealthyPipelineSafeModeRule] INFO  safemode.SCMSafeModeManager (SCMSafeModeManager.java:validateSafeModeExitRules(169)) - HealthyPipelineSafeModeRule rule is successfully validated
2019-09-27 09:29:44,225 [EventQueue-CreatePipelineStatusForSCMPipelineManager] INFO  pipeline.PipelineStateManager (PipelineStateManager.java:openPipeline(134)) - Pipeline Pipeline[ Id: f79ebf6d-3f0c-449a-baed-cd1c27e8a675, Nodes: 957e8e6f-6264-48fe-9446-a284b22f5345{ip: 192.168.164.207, host: pr-hdds2034-jk2kc-152962534, networkLocation: /default-rack, certSerialId: null}3500c2db-13f5-4e26-87d2-1522afc87a3c{ip: 192.168.164.207, host: pr-hdds2034-jk2kc-152962534, networkLocation: /default-rack, certSerialId: null}c1881364-9dcc-42c4-84ad-47b5251ecddf{ip: 192.168.164.207, host: pr-hdds2034-jk2kc-152962534, networkLocation: /default-rack, certSerialId: null}, Type:RATIS, Factor:THREE, State:ALLOCATED] moved to OPEN state
add pipeline PipelineID=f79ebf6d-3f0c-449a-baed-cd1c27e8a675 to metrics map
2019-09-27 09:29:44,225 [EventQueue-OpenPipelineForOneReplicaPipelineSafeModeRule] INFO  safemode.SCMSafeModeManager (SCMSafeModeManager.java:validateSafeModeExitRules(169)) - AtleastOneDatanodeReportedRule rule is successfully validated
2019-09-27 09:29:44,225 [EventQueue-OpenPipelineForHealthyPipelineSafeModeRule] INFO  safemode.HealthyPipelineSafeModeRule (HealthyPipelineSafeModeRule.java:validate(104)) - HealthyPipelineSafeModeRule rule satisfied
2019-09-27 09:29:44,225 [EventQueue-OpenPipelineForOneReplicaPipelineSafeModeRule] INFO  safemode.SCMSafeModeManager (SCMSafeModeManager.java:validateSafeModeExitRules(178)) - ScmSafeModeManager, all rules are successfully validated
2019-09-27 09:29:44,228 [EventQueue-OpenPipelineForOneReplicaPipelineSafeModeRule] INFO  safemode.SCMSafeModeManager (SCMSafeModeManager.java:exitSafeMode(194)) - SCM exiting safe mode.
2019-09-27 09:29:44,229 [EventQueue-OpenPipelineForHealthyPipelineSafeModeRule] INFO  safemode.SCMSafeModeManager (SCMSafeModeManager.java:validateSafeModeExitRules(169)) - HealthyPipelineSafeModeRule rule is successfully validated
2019-09-27 09:29:44,229 [EventQueue-OpenPipelineForHealthyPipelineSafeModeRule] INFO  safemode.SCMSafeModeManager (SCMSafeModeManager.java:validateSafeModeExitRules(178)) - ScmSafeModeManager, all rules are successfully validated
2019-09-27 09:29:44,229 [EventQueue-OpenPipelineForHealthyPipelineSafeModeRule] INFO  safemode.SCMSafeModeManager (SCMSafeModeManager.java:exitSafeMode(194)) - SCM exiting safe mode.
2019-09-27 09:29:44,305 [EventQueue-CreatePipelineStatusForSCMPipelineManager] INFO  pipeline.SCMPipelineManager (SCMPipelineManager.java:onMessage(505)) - receive pipeline PipelineID=425bb875-b0ff-4e42-a504-f71ef262f48c create status EXECUTED
2019-09-27 09:29:44,306 [EventQueue-CreatePipelineStatusForSCMPipelineManager] INFO  pipeline.PipelineStateManager (PipelineStateManager.java:openPipeline(134)) - Pipeline Pipeline[ Id: 425bb875-b0ff-4e42-a504-f71ef262f48c, Nodes: 957e8e6f-6264-48fe-9446-a284b22f5345{ip: 192.168.164.207, host: pr-hdds2034-jk2kc-152962534, networkLocation: /default-rack, certSerialId: null}, Type:RATIS, Factor:ONE, State:ALLOCATED] moved to OPEN state
add pipeline PipelineID=425bb875-b0ff-4e42-a504-f71ef262f48c to metrics map
2019-09-27 09:29:44,306 [EventQueue-CreatePipelineStatusForSCMPipelineManager] INFO  pipeline.SCMPipelineManager (SCMPipelineManager.java:onMessage(505)) - receive pipeline PipelineID=f79ebf6d-3f0c-449a-baed-cd1c27e8a675 create status EXECUTED
2019-09-27 09:29:44,383 [EventQueue-CreatePipelineStatusForSCMPipelineManager] INFO  pipeline.SCMPipelineManager (SCMPipelineManager.java:onMessage(505)) - receive pipeline PipelineID=20dff681-667e-4745-9e35-513a7f2687d9 create status EXECUTED
2019-09-27 09:29:44,383 [EventQueue-CreatePipelineStatusForSCMPipelineManager] INFO  pipeline.PipelineStateManager (PipelineStateManager.java:openPipeline(134)) - Pipeline Pipeline[ Id: 20dff681-667e-4745-9e35-513a7f2687d9, Nodes: 3500c2db-13f5-4e26-87d2-1522afc87a3c{ip: 192.168.164.207, host: pr-hdds2034-jk2kc-152962534, networkLocation: /default-rack, certSerialId: null}, Type:RATIS, Factor:ONE, State:ALLOCATED] moved to OPEN state
add pipeline PipelineID=20dff681-667e-4745-9e35-513a7f2687d9 to metrics map
2019-09-27 09:29:44,383 [EventQueue-CreatePipelineStatusForSCMPipelineManager] INFO  pipeline.SCMPipelineManager (SCMPipelineManager.java:onMessage(505)) - receive pipeline PipelineID=f79ebf6d-3f0c-449a-baed-cd1c27e8a675 create status EXECUTED
add pipeline PipelineID=f79ebf6d-3f0c-449a-baed-cd1c27e8a675 to metrics map
2019-09-27 09:29:44,450 [EventQueue-CreatePipelineStatusForSCMPipelineManager] INFO  pipeline.SCMPipelineManager (SCMPipelineManager.java:onMessage(505)) - receive pipeline PipelineID=f23bfbdc-46cf-4f6d-b9d9-aa56bbdbaec4 create status EXECUTED
2019-09-27 09:29:44,450 [EventQueue-CreatePipelineStatusForSCMPipelineManager] INFO  pipeline.PipelineStateManager (PipelineStateManager.java:openPipeline(134)) - Pipeline Pipeline[ Id: f23bfbdc-46cf-4f6d-b9d9-aa56bbdbaec4, Nodes: 5edf00d6-0a79-4628-9112-08a4085059e1{ip: 192.168.164.207, host: pr-hdds2034-jk2kc-152962534, networkLocation: /default-rack, certSerialId: null}, Type:RATIS, Factor:ONE, State:ALLOCATED] moved to OPEN state
add pipeline PipelineID=f23bfbdc-46cf-4f6d-b9d9-aa56bbdbaec4 to metrics map
2019-09-27 09:29:44,451 [EventQueue-CreatePipelineStatusForSCMPipelineManager] INFO  pipeline.SCMPipelineManager (SCMPipelineManager.java:onMessage(505)) - receive pipeline PipelineID=96611dd2-c69f-44bb-a857-07cfed83ed1a create status EXECUTED
2019-09-27 09:29:44,451 [EventQueue-CreatePipelineStatusForSCMPipelineManager] INFO  pipeline.PipelineStateManager (PipelineStateManager.java:openPipeline(134)) - Pipeline Pipeline[ Id: 96611dd2-c69f-44bb-a857-07cfed83ed1a, Nodes: b4cddf6c-1726-4158-affc-29121d755033{ip: 192.168.164.207, host: pr-hdds2034-jk2kc-152962534, networkLocation: /default-rack, certSerialId: null}cf46e290-a091-4e06-9f92-f0d0996d41f4{ip: 192.168.164.207, host: pr-hdds2034-jk2kc-152962534, networkLocation: /default-rack, certSerialId: null}5edf00d6-0a79-4628-9112-08a4085059e1{ip: 192.168.164.207, host: pr-hdds2034-jk2kc-152962534, networkLocation: /default-rack, certSerialId: null}, Type:RATIS, Factor:THREE, State:ALLOCATED] moved to OPEN state
add pipeline PipelineID=96611dd2-c69f-44bb-a857-07cfed83ed1a to metrics map
2019-09-27 09:29:44,515 [EventQueue-CreatePipelineStatusForSCMPipelineManager] INFO  pipeline.SCMPipelineManager (SCMPipelineManager.java:onMessage(505)) - receive pipeline PipelineID=ae23ae2e-9ada-4d05-a922-3f1c6e70baf4 create status EXECUTED
2019-09-27 09:29:44,515 [EventQueue-CreatePipelineStatusForSCMPipelineManager] INFO  pipeline.PipelineStateManager (PipelineStateManager.java:openPipeline(134)) - Pipeline Pipeline[ Id: ae23ae2e-9ada-4d05-a922-3f1c6e70baf4, Nodes: b4cddf6c-1726-4158-affc-29121d755033{ip: 192.168.164.207, host: pr-hdds2034-jk2kc-152962534, networkLocation: /default-rack, certSerialId: null}, Type:RATIS, Factor:ONE, State:ALLOCATED] moved to OPEN state
add pipeline PipelineID=ae23ae2e-9ada-4d05-a922-3f1c6e70baf4 to metrics map
2019-09-27 09:29:44,515 [EventQueue-CreatePipelineStatusForSCMPipelineManager] INFO  pipeline.SCMPipelineManager (SCMPipelineManager.java:onMessage(505)) - receive pipeline PipelineID=96611dd2-c69f-44bb-a857-07cfed83ed1a create status EXECUTED
2019-09-27 09:29:44,574 [EventQueue-CreatePipelineStatusForSCMPipelineManager] INFO  pipeline.SCMPipelineManager (SCMPipelineManager.java:onMessage(505)) - receive pipeline PipelineID=1f9877c7-d6ec-4793-adee-541b8c95e6c6 create status EXECUTED
2019-09-27 09:29:44,574 [EventQueue-CreatePipelineStatusForSCMPipelineManager] INFO  pipeline.PipelineStateManager (PipelineStateManager.java:openPipeline(134)) - Pipeline Pipeline[ Id: 1f9877c7-d6ec-4793-adee-541b8c95e6c6, Nodes: cf46e290-a091-4e06-9f92-f0d0996d41f4{ip: 192.168.164.207, host: pr-hdds2034-jk2kc-152962534, networkLocation: /default-rack, certSerialId: null}, Type:RATIS, Factor:ONE, State:ALLOCATED] moved to OPEN state
add pipeline PipelineID=1f9877c7-d6ec-4793-adee-541b8c95e6c6 to metrics map
2019-09-27 09:29:44,574 [EventQueue-CreatePipelineStatusForSCMPipelineManager] INFO  pipeline.SCMPipelineManager (SCMPipelineManager.java:onMessage(505)) - receive pipeline PipelineID=96611dd2-c69f-44bb-a857-07cfed83ed1a create status EXECUTED
add pipeline PipelineID=96611dd2-c69f-44bb-a857-07cfed83ed1a to metrics map
2019-09-27 09:29:44,643 [main] INFO  ozone.MiniOzoneClusterImpl (MiniOzoneClusterImpl.java:lambda$waitForClusterToBeReady$0(150)) - Nodes are ready. Got 7 of 7 DN Heartbeats.
2019-09-27 09:29:44,645 [main] INFO  ozone.MiniOzoneClusterImpl (MiniOzoneClusterImpl.java:lambda$waitForClusterToBeReady$0(153)) - Cluster exits safe mode
2019-09-27 09:29:44,685 [main] INFO  rpc.RpcClient (RpcClient.java:createVolume(276)) - Creating Volume: testblockoutputstream, with jenkins1000 as owner.
2019-09-27 09:29:44,688 [IPC Server handler 2 on 40739] INFO  volume.OMVolumeCreateRequest (OMVolumeCreateRequest.java:validateAndUpdateCache(189)) - created volume:testblockoutputstream for user:jenkins1000
2019-09-27 09:29:44,700 [main] INFO  rpc.RpcClient (RpcClient.java:createBucket(415)) - Creating Bucket: testblockoutputstream/testblockoutputstream, with Versioning false and Storage Type set to DISK and Encryption set to false 
2019-09-27 09:29:45,636 [EventQueue-CreatePipelineStatusForSCMPipelineManager] INFO  pipeline.SCMPipelineManager (SCMPipelineManager.java:onMessage(505)) - receive pipeline PipelineID=370f983c-e54a-4390-b6d5-afa18d6fffea create status EXECUTED
2019-09-27 09:29:45,636 [EventQueue-CreatePipelineStatusForSCMPipelineManager] INFO  pipeline.PipelineStateManager (PipelineStateManager.java:openPipeline(134)) - Pipeline Pipeline[ Id: 370f983c-e54a-4390-b6d5-afa18d6fffea, Nodes: 574bfb90-d286-488d-ba4e-6dbfeac38abd{ip: 192.168.164.207, host: pr-hdds2034-jk2kc-152962534, networkLocation: /default-rack, certSerialId: null}, Type:RATIS, Factor:ONE, State:ALLOCATED] moved to OPEN state
add pipeline PipelineID=370f983c-e54a-4390-b6d5-afa18d6fffea to metrics map
2019-09-27 09:29:47,234 [Thread-3132] INFO  container.ReplicationManager (ReplicationManager.java:start(163)) - Starting Replication Monitor Thread.
2019-09-27 09:29:47,234 [Thread-3133] INFO  container.ReplicationManager (ReplicationManager.java:start(170)) - Replication Monitor Thread is already running.
2019-09-27 09:29:47,235 [ReplicationMonitor] INFO  container.ReplicationManager (ReplicationManager.java:run(226)) - Replication Monitor Thread took 0 milliseconds for processing 1 containers.
2019-09-27 09:29:48,369 [Thread-3089] INFO  impl.FollowerState (FollowerState.java:run(106)) - c1881364-9dcc-42c4-84ad-47b5251ecddf:group-BE3727A7195D changes to CANDIDATE, lastRpcTime:5083, electionTimeout:5083ms
2019-09-27 09:29:48,369 [Thread-3089] INFO  impl.RoleInfo (RoleInfo.java:shutdownFollowerState(121)) - c1881364-9dcc-42c4-84ad-47b5251ecddf: shutdown FollowerState
2019-09-27 09:29:48,370 [Thread-3089] INFO  impl.RaftServerImpl (RaftServerImpl.java:setRole(174)) - c1881364-9dcc-42c4-84ad-47b5251ecddf@group-BE3727A7195D: changes role from  FOLLOWER to CANDIDATE at term 0 for changeToCandidate
2019-09-27 09:29:48,370 [Thread-3089] INFO  impl.RoleInfo (RoleInfo.java:updateAndGet(143)) - c1881364-9dcc-42c4-84ad-47b5251ecddf: start LeaderElection
2019-09-27 09:29:48,390 [c1881364-9dcc-42c4-84ad-47b5251ecddf@group-BE3727A7195D:LeaderElection63] INFO  impl.LeaderElection (LeaderElection.java:askForVotes(182)) - c1881364-9dcc-42c4-84ad-47b5251ecddf@group-BE3727A7195D:LeaderElection63: begin an election at term 1 for -1: [c1881364-9dcc-42c4-84ad-47b5251ecddf:192.168.164.207:43284], old=null
2019-09-27 09:29:48,390 [c1881364-9dcc-42c4-84ad-47b5251ecddf@group-BE3727A7195D:LeaderElection63] INFO  impl.RoleInfo (RoleInfo.java:shutdownLeaderElection(134)) - c1881364-9dcc-42c4-84ad-47b5251ecddf: shutdown LeaderElection
2019-09-27 09:29:48,390 [c1881364-9dcc-42c4-84ad-47b5251ecddf@group-BE3727A7195D:LeaderElection63] INFO  impl.RaftServerImpl (RaftServerImpl.java:setRole(174)) - c1881364-9dcc-42c4-84ad-47b5251ecddf@group-BE3727A7195D: changes role from CANDIDATE to LEADER at term 1 for changeToLeader
2019-09-27 09:29:48,390 [c1881364-9dcc-42c4-84ad-47b5251ecddf@group-BE3727A7195D:LeaderElection63] INFO  impl.RaftServerImpl (ServerState.java:setLeader(253)) - c1881364-9dcc-42c4-84ad-47b5251ecddf@group-BE3727A7195D: change Leader from null to c1881364-9dcc-42c4-84ad-47b5251ecddf at term 1 for becomeLeader, leader elected after 5116ms
2019-09-27 09:29:48,390 [c1881364-9dcc-42c4-84ad-47b5251ecddf@group-BE3727A7195D:LeaderElection63] INFO  server.RaftServerConfigKeys (ConfUtils.java:logGet(43)) - raft.server.staging.catchup.gap = 1000 (default)
2019-09-27 09:29:48,390 [c1881364-9dcc-42c4-84ad-47b5251ecddf@group-BE3727A7195D:LeaderElection63] INFO  server.RaftServerConfigKeys (ConfUtils.java:logGet(43)) - raft.server.rpc.sleep.time = 25ms (default)
2019-09-27 09:29:48,391 [c1881364-9dcc-42c4-84ad-47b5251ecddf@group-BE3727A7195D:LeaderElection63] INFO  server.RaftServerConfigKeys (ConfUtils.java:logGet(43)) - raft.server.write.element-limit = 4096 (default)
2019-09-27 09:29:48,391 [c1881364-9dcc-42c4-84ad-47b5251ecddf@group-BE3727A7195D:LeaderElection63] INFO  server.RaftServerConfigKeys (ConfUtils.java:logGet(43)) - raft.server.watch.timeout = 10s (default)
2019-09-27 09:29:48,391 [c1881364-9dcc-42c4-84ad-47b5251ecddf@group-BE3727A7195D:LeaderElection63] INFO  server.RaftServerConfigKeys (ConfUtils.java:logGet(43)) - raft.server.watch.timeout.denomination = 1s (default)
2019-09-27 09:29:48,391 [c1881364-9dcc-42c4-84ad-47b5251ecddf@group-BE3727A7195D:LeaderElection63] INFO  server.RaftServerConfigKeys (ConfUtils.java:logGet(43)) - raft.server.watch.element-limit = 65536 (default)
2019-09-27 09:29:48,393 [c1881364-9dcc-42c4-84ad-47b5251ecddf@group-BE3727A7195D:LeaderElection63] INFO  impl.RoleInfo (RoleInfo.java:updateAndGet(143)) - c1881364-9dcc-42c4-84ad-47b5251ecddf: start LeaderState
2019-09-27 09:29:48,393 [c1881364-9dcc-42c4-84ad-47b5251ecddf@group-BE3727A7195D:LeaderElection63] INFO  segmented.SegmentedRaftLogWorker (SegmentedRaftLogWorker.java:startLogSegment(380)) - c1881364-9dcc-42c4-84ad-47b5251ecddf@group-BE3727A7195D-SegmentedRaftLogWorker: Starting segment from index:0
2019-09-27 09:29:48,393 [c1881364-9dcc-42c4-84ad-47b5251ecddf@group-BE3727A7195D:LeaderElection63] INFO  impl.RaftServerImpl (ServerState.java:setRaftConf(354)) - c1881364-9dcc-42c4-84ad-47b5251ecddf@group-BE3727A7195D: set configuration 0: [c1881364-9dcc-42c4-84ad-47b5251ecddf:192.168.164.207:43284], old=null at 0
2019-09-27 09:29:48,432 [c1881364-9dcc-42c4-84ad-47b5251ecddf@group-BE3727A7195D-SegmentedRaftLogWorker] INFO  segmented.SegmentedRaftLogWorker (SegmentedRaftLogWorker.java:execute(569)) - c1881364-9dcc-42c4-84ad-47b5251ecddf@group-BE3727A7195D-SegmentedRaftLogWorker: created new log segment /workdir/hadoop-ozone/integration-test/target/test-dir/MiniOzoneClusterImpl-e8789e20-d44e-4897-90e6-dbedbc9dc13b/datanode-0/data/ratis/dfeb364b-d891-49f7-aa9f-be3727a7195d/current/log_inprogress_0
2019-09-27 09:29:48,463 [Thread-3095] INFO  impl.FollowerState (FollowerState.java:run(106)) - 957e8e6f-6264-48fe-9446-a284b22f5345:group-F71EF262F48C changes to CANDIDATE, lastRpcTime:5108, electionTimeout:5108ms
2019-09-27 09:29:48,463 [Thread-3095] INFO  impl.RoleInfo (RoleInfo.java:shutdownFollowerState(121)) - 957e8e6f-6264-48fe-9446-a284b22f5345: shutdown FollowerState
2019-09-27 09:29:48,463 [Thread-3095] INFO  impl.RaftServerImpl (RaftServerImpl.java:setRole(174)) - 957e8e6f-6264-48fe-9446-a284b22f5345@group-F71EF262F48C: changes role from  FOLLOWER to CANDIDATE at term 0 for changeToCandidate
2019-09-27 09:29:48,464 [Thread-3095] INFO  impl.RoleInfo (RoleInfo.java:updateAndGet(143)) - 957e8e6f-6264-48fe-9446-a284b22f5345: start LeaderElection
2019-09-27 09:29:48,474 [Thread-3092] INFO  impl.FollowerState (FollowerState.java:run(106)) - c1881364-9dcc-42c4-84ad-47b5251ecddf:group-CD1C27E8A675 changes to CANDIDATE, lastRpcTime:5142, electionTimeout:5142ms
2019-09-27 09:29:48,475 [Thread-3092] INFO  impl.RoleInfo (RoleInfo.java:shutdownFollowerState(121)) - c1881364-9dcc-42c4-84ad-47b5251ecddf: shutdown FollowerState
2019-09-27 09:29:48,475 [Thread-3092] INFO  impl.RaftServerImpl (RaftServerImpl.java:setRole(174)) - c1881364-9dcc-42c4-84ad-47b5251ecddf@group-CD1C27E8A675: changes role from  FOLLOWER to CANDIDATE at term 0 for changeToCandidate
2019-09-27 09:29:48,475 [Thread-3092] INFO  impl.RoleInfo (RoleInfo.java:updateAndGet(143)) - c1881364-9dcc-42c4-84ad-47b5251ecddf: start LeaderElection
2019-09-27 09:29:48,478 [Thread-3101] INFO  impl.FollowerState (FollowerState.java:run(106)) - 3500c2db-13f5-4e26-87d2-1522afc87a3c:group-513A7F2687D9 changes to CANDIDATE, lastRpcTime:5038, electionTimeout:5038ms
2019-09-27 09:29:48,478 [Thread-3101] INFO  impl.RoleInfo (RoleInfo.java:shutdownFollowerState(121)) - 3500c2db-13f5-4e26-87d2-1522afc87a3c: shutdown FollowerState
2019-09-27 09:29:48,478 [Thread-3101] INFO  impl.RaftServerImpl (RaftServerImpl.java:setRole(174)) - 3500c2db-13f5-4e26-87d2-1522afc87a3c@group-513A7F2687D9: changes role from  FOLLOWER to CANDIDATE at term 0 for changeToCandidate
2019-09-27 09:29:48,478 [Thread-3101] INFO  impl.RoleInfo (RoleInfo.java:updateAndGet(143)) - 3500c2db-13f5-4e26-87d2-1522afc87a3c: start LeaderElection
2019-09-27 09:29:48,485 [Thread-3098] INFO  impl.FollowerState (FollowerState.java:run(106)) - 957e8e6f-6264-48fe-9446-a284b22f5345:group-CD1C27E8A675 changes to CANDIDATE, lastRpcTime:5092, electionTimeout:5076ms
2019-09-27 09:29:48,485 [Thread-3098] INFO  impl.RoleInfo (RoleInfo.java:shutdownFollowerState(121)) - 957e8e6f-6264-48fe-9446-a284b22f5345: shutdown FollowerState
2019-09-27 09:29:48,485 [Thread-3098] INFO  impl.RaftServerImpl (RaftServerImpl.java:setRole(174)) - 957e8e6f-6264-48fe-9446-a284b22f5345@group-CD1C27E8A675: changes role from  FOLLOWER to CANDIDATE at term 0 for changeToCandidate
2019-09-27 09:29:48,485 [Thread-3098] INFO  impl.RoleInfo (RoleInfo.java:updateAndGet(143)) - 957e8e6f-6264-48fe-9446-a284b22f5345: start LeaderElection
2019-09-27 09:29:48,492 [957e8e6f-6264-48fe-9446-a284b22f5345@group-F71EF262F48C:LeaderElection64] INFO  impl.LeaderElection (LeaderElection.java:askForVotes(182)) - 957e8e6f-6264-48fe-9446-a284b22f5345@group-F71EF262F48C:LeaderElection64: begin an election at term 1 for -1: [957e8e6f-6264-48fe-9446-a284b22f5345:192.168.164.207:37145], old=null
2019-09-27 09:29:48,492 [c1881364-9dcc-42c4-84ad-47b5251ecddf@group-CD1C27E8A675:LeaderElection65] INFO  impl.LeaderElection (LeaderElection.java:askForVotes(182)) - c1881364-9dcc-42c4-84ad-47b5251ecddf@group-CD1C27E8A675:LeaderElection65: begin an election at term 1 for -1: [3500c2db-13f5-4e26-87d2-1522afc87a3c:192.168.164.207:35169, 957e8e6f-6264-48fe-9446-a284b22f5345:192.168.164.207:37145, c1881364-9dcc-42c4-84ad-47b5251ecddf:192.168.164.207:43284], old=null
2019-09-27 09:29:48,492 [957e8e6f-6264-48fe-9446-a284b22f5345@group-F71EF262F48C:LeaderElection64] INFO  impl.RoleInfo (RoleInfo.java:shutdownLeaderElection(134)) - 957e8e6f-6264-48fe-9446-a284b22f5345: shutdown LeaderElection
2019-09-27 09:29:48,492 [957e8e6f-6264-48fe-9446-a284b22f5345@group-F71EF262F48C:LeaderElection64] INFO  impl.RaftServerImpl (RaftServerImpl.java:setRole(174)) - 957e8e6f-6264-48fe-9446-a284b22f5345@group-F71EF262F48C: changes role from CANDIDATE to LEADER at term 1 for changeToLeader
2019-09-27 09:29:48,493 [957e8e6f-6264-48fe-9446-a284b22f5345@group-F71EF262F48C:LeaderElection64] INFO  impl.RaftServerImpl (ServerState.java:setLeader(253)) - 957e8e6f-6264-48fe-9446-a284b22f5345@group-F71EF262F48C: change Leader from null to 957e8e6f-6264-48fe-9446-a284b22f5345 at term 1 for becomeLeader, leader elected after 5142ms
2019-09-27 09:29:48,493 [957e8e6f-6264-48fe-9446-a284b22f5345@group-F71EF262F48C:LeaderElection64] INFO  server.RaftServerConfigKeys (ConfUtils.java:logGet(43)) - raft.server.staging.catchup.gap = 1000 (default)
2019-09-27 09:29:48,493 [957e8e6f-6264-48fe-9446-a284b22f5345@group-F71EF262F48C:LeaderElection64] INFO  server.RaftServerConfigKeys (ConfUtils.java:logGet(43)) - raft.server.rpc.sleep.time = 25ms (default)
2019-09-27 09:29:48,493 [957e8e6f-6264-48fe-9446-a284b22f5345@group-F71EF262F48C:LeaderElection64] INFO  server.RaftServerConfigKeys (ConfUtils.java:logGet(43)) - raft.server.write.element-limit = 4096 (default)
2019-09-27 09:29:48,493 [957e8e6f-6264-48fe-9446-a284b22f5345@group-F71EF262F48C:LeaderElection64] INFO  server.RaftServerConfigKeys (ConfUtils.java:logGet(43)) - raft.server.watch.timeout = 10s (default)
2019-09-27 09:29:48,493 [957e8e6f-6264-48fe-9446-a284b22f5345@group-F71EF262F48C:LeaderElection64] INFO  server.RaftServerConfigKeys (ConfUtils.java:logGet(43)) - raft.server.watch.timeout.denomination = 1s (default)
2019-09-27 09:29:48,494 [957e8e6f-6264-48fe-9446-a284b22f5345@group-F71EF262F48C:LeaderElection64] INFO  server.RaftServerConfigKeys (ConfUtils.java:logGet(43)) - raft.server.watch.element-limit = 65536 (default)
2019-09-27 09:29:48,503 [957e8e6f-6264-48fe-9446-a284b22f5345@group-F71EF262F48C:LeaderElection64] INFO  impl.RoleInfo (RoleInfo.java:updateAndGet(143)) - 957e8e6f-6264-48fe-9446-a284b22f5345: start LeaderState
2019-09-27 09:29:48,503 [957e8e6f-6264-48fe-9446-a284b22f5345@group-F71EF262F48C:LeaderElection64] INFO  segmented.SegmentedRaftLogWorker (SegmentedRaftLogWorker.java:startLogSegment(380)) - 957e8e6f-6264-48fe-9446-a284b22f5345@group-F71EF262F48C-SegmentedRaftLogWorker: Starting segment from index:0
2019-09-27 09:29:48,504 [957e8e6f-6264-48fe-9446-a284b22f5345@group-F71EF262F48C:LeaderElection64] INFO  impl.RaftServerImpl (ServerState.java:setRaftConf(354)) - 957e8e6f-6264-48fe-9446-a284b22f5345@group-F71EF262F48C: set configuration 0: [957e8e6f-6264-48fe-9446-a284b22f5345:192.168.164.207:37145], old=null at 0
2019-09-27 09:29:48,507 [957e8e6f-6264-48fe-9446-a284b22f5345@group-CD1C27E8A675:LeaderElection67] INFO  impl.LeaderElection (LeaderElection.java:askForVotes(182)) - 957e8e6f-6264-48fe-9446-a284b22f5345@group-CD1C27E8A675:LeaderElection67: begin an election at term 1 for -1: [3500c2db-13f5-4e26-87d2-1522afc87a3c:192.168.164.207:35169, 957e8e6f-6264-48fe-9446-a284b22f5345:192.168.164.207:37145, c1881364-9dcc-42c4-84ad-47b5251ecddf:192.168.164.207:43284], old=null
2019-09-27 09:29:48,507 [3500c2db-13f5-4e26-87d2-1522afc87a3c@group-513A7F2687D9:LeaderElection66] INFO  impl.LeaderElection (LeaderElection.java:askForVotes(182)) - 3500c2db-13f5-4e26-87d2-1522afc87a3c@group-513A7F2687D9:LeaderElection66: begin an election at term 1 for -1: [3500c2db-13f5-4e26-87d2-1522afc87a3c:192.168.164.207:35169], old=null
2019-09-27 09:29:48,507 [3500c2db-13f5-4e26-87d2-1522afc87a3c@group-513A7F2687D9:LeaderElection66] INFO  impl.RoleInfo (RoleInfo.java:shutdownLeaderElection(134)) - 3500c2db-13f5-4e26-87d2-1522afc87a3c: shutdown LeaderElection
2019-09-27 09:29:48,507 [3500c2db-13f5-4e26-87d2-1522afc87a3c@group-513A7F2687D9:LeaderElection66] INFO  impl.RaftServerImpl (RaftServerImpl.java:setRole(174)) - 3500c2db-13f5-4e26-87d2-1522afc87a3c@group-513A7F2687D9: changes role from CANDIDATE to LEADER at term 1 for changeToLeader
2019-09-27 09:29:48,507 [3500c2db-13f5-4e26-87d2-1522afc87a3c@group-513A7F2687D9:LeaderElection66] INFO  impl.RaftServerImpl (ServerState.java:setLeader(253)) - 3500c2db-13f5-4e26-87d2-1522afc87a3c@group-513A7F2687D9: change Leader from null to 3500c2db-13f5-4e26-87d2-1522afc87a3c at term 1 for becomeLeader, leader elected after 5076ms
2019-09-27 09:29:48,507 [grpc-default-executor-8] INFO  impl.RaftServerImpl (RaftServerImpl.java:setRole(174)) - 3500c2db-13f5-4e26-87d2-1522afc87a3c@group-CD1C27E8A675: changes role from  FOLLOWER to FOLLOWER at term 1 for recognizeCandidate:c1881364-9dcc-42c4-84ad-47b5251ecddf
2019-09-27 09:29:48,532 [Thread-3107] INFO  impl.FollowerState (FollowerState.java:run(106)) - 5edf00d6-0a79-4628-9112-08a4085059e1:group-AA56BBDBAEC4 changes to CANDIDATE, lastRpcTime:5046, electionTimeout:5029ms
2019-09-27 09:29:48,533 [grpc-default-executor-8] INFO  impl.RoleInfo (RoleInfo.java:shutdownFollowerState(121)) - 3500c2db-13f5-4e26-87d2-1522afc87a3c: shutdown FollowerState
2019-09-27 09:29:48,533 [3500c2db-13f5-4e26-87d2-1522afc87a3c@group-513A7F2687D9:LeaderElection66] INFO  server.RaftServerConfigKeys (ConfUtils.java:logGet(43)) - raft.server.staging.catchup.gap = 1000 (default)
2019-09-27 09:29:48,533 [grpc-default-executor-8] INFO  impl.RoleInfo (RoleInfo.java:updateAndGet(143)) - 3500c2db-13f5-4e26-87d2-1522afc87a3c: start FollowerState
2019-09-27 09:29:48,533 [Thread-3107] INFO  impl.RoleInfo (RoleInfo.java:shutdownFollowerState(121)) - 5edf00d6-0a79-4628-9112-08a4085059e1: shutdown FollowerState
2019-09-27 09:29:48,533 [Thread-3105] INFO  impl.FollowerState (FollowerState.java:run(115)) - 3500c2db-13f5-4e26-87d2-1522afc87a3c: FollowerState was interrupted: java.lang.InterruptedException: sleep interrupted
2019-09-27 09:29:48,533 [3500c2db-13f5-4e26-87d2-1522afc87a3c@group-513A7F2687D9:LeaderElection66] INFO  server.RaftServerConfigKeys (ConfUtils.java:logGet(43)) - raft.server.rpc.sleep.time = 25ms (default)
2019-09-27 09:29:48,534 [Thread-3107] INFO  impl.RaftServerImpl (RaftServerImpl.java:setRole(174)) - 5edf00d6-0a79-4628-9112-08a4085059e1@group-AA56BBDBAEC4: changes role from  FOLLOWER to CANDIDATE at term 0 for changeToCandidate
2019-09-27 09:29:48,537 [3500c2db-13f5-4e26-87d2-1522afc87a3c@group-513A7F2687D9:LeaderElection66] INFO  server.RaftServerConfigKeys (ConfUtils.java:logGet(43)) - raft.server.write.element-limit = 4096 (default)
2019-09-27 09:29:48,539 [Thread-3107] INFO  impl.RoleInfo (RoleInfo.java:updateAndGet(143)) - 5edf00d6-0a79-4628-9112-08a4085059e1: start LeaderElection
2019-09-27 09:29:48,539 [3500c2db-13f5-4e26-87d2-1522afc87a3c@group-513A7F2687D9:LeaderElection66] INFO  server.RaftServerConfigKeys (ConfUtils.java:logGet(43)) - raft.server.watch.timeout = 10s (default)
2019-09-27 09:29:48,539 [3500c2db-13f5-4e26-87d2-1522afc87a3c@group-513A7F2687D9:LeaderElection66] INFO  server.RaftServerConfigKeys (ConfUtils.java:logGet(43)) - raft.server.watch.timeout.denomination = 1s (default)
2019-09-27 09:29:48,540 [3500c2db-13f5-4e26-87d2-1522afc87a3c@group-513A7F2687D9:LeaderElection66] INFO  server.RaftServerConfigKeys (ConfUtils.java:logGet(43)) - raft.server.watch.element-limit = 65536 (default)
2019-09-27 09:29:48,547 [957e8e6f-6264-48fe-9446-a284b22f5345@group-F71EF262F48C-SegmentedRaftLogWorker] INFO  segmented.SegmentedRaftLogWorker (SegmentedRaftLogWorker.java:execute(569)) - 957e8e6f-6264-48fe-9446-a284b22f5345@group-F71EF262F48C-SegmentedRaftLogWorker: created new log segment /workdir/hadoop-ozone/integration-test/target/test-dir/MiniOzoneClusterImpl-e8789e20-d44e-4897-90e6-dbedbc9dc13b/datanode-1/data/ratis/425bb875-b0ff-4e42-a504-f71ef262f48c/current/log_inprogress_0
2019-09-27 09:29:48,547 [Thread-3110] INFO  impl.FollowerState (FollowerState.java:run(106)) - 5edf00d6-0a79-4628-9112-08a4085059e1:group-07CFED83ED1A changes to CANDIDATE, lastRpcTime:5036, electionTimeout:5034ms
2019-09-27 09:29:48,548 [Thread-3110] INFO  impl.RoleInfo (RoleInfo.java:shutdownFollowerState(121)) - 5edf00d6-0a79-4628-9112-08a4085059e1: shutdown FollowerState
2019-09-27 09:29:48,548 [Thread-3110] INFO  impl.RaftServerImpl (RaftServerImpl.java:setRole(174)) - 5edf00d6-0a79-4628-9112-08a4085059e1@group-07CFED83ED1A: changes role from  FOLLOWER to CANDIDATE at term 0 for changeToCandidate
2019-09-27 09:29:48,548 [Thread-3110] INFO  impl.RoleInfo (RoleInfo.java:updateAndGet(143)) - 5edf00d6-0a79-4628-9112-08a4085059e1: start LeaderElection
2019-09-27 09:29:48,562 [c1881364-9dcc-42c4-84ad-47b5251ecddf@group-CD1C27E8A675:LeaderElection65] INFO  impl.LeaderElection (LeaderElection.java:logAndReturn(56)) - c1881364-9dcc-42c4-84ad-47b5251ecddf@group-CD1C27E8A675:LeaderElection65: Election PASSED; received 2 response(s) [c1881364-9dcc-42c4-84ad-47b5251ecddf<-3500c2db-13f5-4e26-87d2-1522afc87a3c#0:OK-t1, c1881364-9dcc-42c4-84ad-47b5251ecddf<-957e8e6f-6264-48fe-9446-a284b22f5345#0:FAIL-t1] and 0 exception(s); c1881364-9dcc-42c4-84ad-47b5251ecddf@group-CD1C27E8A675:t1, leader=null, voted=c1881364-9dcc-42c4-84ad-47b5251ecddf, raftlog=c1881364-9dcc-42c4-84ad-47b5251ecddf@group-CD1C27E8A675-SegmentedRaftLog:OPENED:c-1,f-1,i0, conf=-1: [3500c2db-13f5-4e26-87d2-1522afc87a3c:192.168.164.207:35169, 957e8e6f-6264-48fe-9446-a284b22f5345:192.168.164.207:37145, c1881364-9dcc-42c4-84ad-47b5251ecddf:192.168.164.207:43284], old=null
2019-09-27 09:29:48,562 [5edf00d6-0a79-4628-9112-08a4085059e1@group-AA56BBDBAEC4:LeaderElection68] INFO  impl.LeaderElection (LeaderElection.java:askForVotes(182)) - 5edf00d6-0a79-4628-9112-08a4085059e1@group-AA56BBDBAEC4:LeaderElection68: begin an election at term 1 for -1: [5edf00d6-0a79-4628-9112-08a4085059e1:192.168.164.207:39793], old=null
2019-09-27 09:29:48,562 [c1881364-9dcc-42c4-84ad-47b5251ecddf@group-CD1C27E8A675:LeaderElection65] INFO  impl.RoleInfo (RoleInfo.java:shutdownLeaderElection(134)) - c1881364-9dcc-42c4-84ad-47b5251ecddf: shutdown LeaderElection
2019-09-27 09:29:48,564 [5edf00d6-0a79-4628-9112-08a4085059e1@group-AA56BBDBAEC4:LeaderElection68] INFO  impl.RoleInfo (RoleInfo.java:shutdownLeaderElection(134)) - 5edf00d6-0a79-4628-9112-08a4085059e1: shutdown LeaderElection
2019-09-27 09:29:48,564 [c1881364-9dcc-42c4-84ad-47b5251ecddf@group-CD1C27E8A675:LeaderElection65] INFO  impl.RaftServerImpl (RaftServerImpl.java:setRole(174)) - c1881364-9dcc-42c4-84ad-47b5251ecddf@group-CD1C27E8A675: changes role from CANDIDATE to LEADER at term 1 for changeToLeader
2019-09-27 09:29:48,564 [5edf00d6-0a79-4628-9112-08a4085059e1@group-AA56BBDBAEC4:LeaderElection68] INFO  impl.RaftServerImpl (RaftServerImpl.java:setRole(174)) - 5edf00d6-0a79-4628-9112-08a4085059e1@group-AA56BBDBAEC4: changes role from CANDIDATE to LEADER at term 1 for changeToLeader
2019-09-27 09:29:48,564 [c1881364-9dcc-42c4-84ad-47b5251ecddf@group-CD1C27E8A675:LeaderElection65] INFO  impl.RaftServerImpl (ServerState.java:setLeader(253)) - c1881364-9dcc-42c4-84ad-47b5251ecddf@group-CD1C27E8A675: change Leader from null to c1881364-9dcc-42c4-84ad-47b5251ecddf at term 1 for becomeLeader, leader elected after 5238ms
2019-09-27 09:29:48,564 [5edf00d6-0a79-4628-9112-08a4085059e1@group-AA56BBDBAEC4:LeaderElection68] INFO  impl.RaftServerImpl (ServerState.java:setLeader(253)) - 5edf00d6-0a79-4628-9112-08a4085059e1@group-AA56BBDBAEC4: change Leader from null to 5edf00d6-0a79-4628-9112-08a4085059e1 at term 1 for becomeLeader, leader elected after 5085ms
2019-09-27 09:29:48,565 [c1881364-9dcc-42c4-84ad-47b5251ecddf@group-CD1C27E8A675:LeaderElection65] INFO  server.RaftServerConfigKeys (ConfUtils.java:logGet(43)) - raft.server.staging.catchup.gap = 1000 (default)
2019-09-27 09:29:48,565 [5edf00d6-0a79-4628-9112-08a4085059e1@group-AA56BBDBAEC4:LeaderElection68] INFO  server.RaftServerConfigKeys (ConfUtils.java:logGet(43)) - raft.server.staging.catchup.gap = 1000 (default)
2019-09-27 09:29:48,565 [957e8e6f-6264-48fe-9446-a284b22f5345@group-CD1C27E8A675:LeaderElection67] INFO  impl.LeaderElection (LeaderElection.java:logAndReturn(56)) - 957e8e6f-6264-48fe-9446-a284b22f5345@group-CD1C27E8A675:LeaderElection67: Election REJECTED; received 2 response(s) [957e8e6f-6264-48fe-9446-a284b22f5345<-3500c2db-13f5-4e26-87d2-1522afc87a3c#0:FAIL-t1, 957e8e6f-6264-48fe-9446-a284b22f5345<-c1881364-9dcc-42c4-84ad-47b5251ecddf#0:FAIL-t1] and 0 exception(s); 957e8e6f-6264-48fe-9446-a284b22f5345@group-CD1C27E8A675:t1, leader=null, voted=957e8e6f-6264-48fe-9446-a284b22f5345, raftlog=957e8e6f-6264-48fe-9446-a284b22f5345@group-CD1C27E8A675-SegmentedRaftLog:OPENED:c-1,f-1,i0, conf=-1: [3500c2db-13f5-4e26-87d2-1522afc87a3c:192.168.164.207:35169, 957e8e6f-6264-48fe-9446-a284b22f5345:192.168.164.207:37145, c1881364-9dcc-42c4-84ad-47b5251ecddf:192.168.164.207:43284], old=null
2019-09-27 09:29:48,565 [c1881364-9dcc-42c4-84ad-47b5251ecddf@group-CD1C27E8A675:LeaderElection65] INFO  server.RaftServerConfigKeys (ConfUtils.java:logGet(43)) - raft.server.rpc.sleep.time = 25ms (default)
2019-09-27 09:29:48,565 [957e8e6f-6264-48fe-9446-a284b22f5345@group-CD1C27E8A675:LeaderElection67] INFO  impl.RaftServerImpl (RaftServerImpl.java:setRole(174)) - 957e8e6f-6264-48fe-9446-a284b22f5345@group-CD1C27E8A675: changes role from CANDIDATE to FOLLOWER at term 1 for DISCOVERED_A_NEW_TERM
2019-09-27 09:29:48,565 [5edf00d6-0a79-4628-9112-08a4085059e1@group-AA56BBDBAEC4:LeaderElection68] INFO  server.RaftServerConfigKeys (ConfUtils.java:logGet(43)) - raft.server.rpc.sleep.time = 25ms (default)
2019-09-27 09:29:48,567 [957e8e6f-6264-48fe-9446-a284b22f5345@group-CD1C27E8A675:LeaderElection67] INFO  impl.RoleInfo (RoleInfo.java:shutdownLeaderElection(134)) - 957e8e6f-6264-48fe-9446-a284b22f5345: shutdown LeaderElection
2019-09-27 09:29:48,565 [c1881364-9dcc-42c4-84ad-47b5251ecddf@group-CD1C27E8A675:LeaderElection65] INFO  server.RaftServerConfigKeys (ConfUtils.java:logGet(43)) - raft.server.write.element-limit = 4096 (default)
2019-09-27 09:29:48,565 [3500c2db-13f5-4e26-87d2-1522afc87a3c@group-513A7F2687D9:LeaderElection66] INFO  impl.RoleInfo (RoleInfo.java:updateAndGet(143)) - 3500c2db-13f5-4e26-87d2-1522afc87a3c: start LeaderState
2019-09-27 09:29:48,568 [c1881364-9dcc-42c4-84ad-47b5251ecddf@group-CD1C27E8A675:LeaderElection65] INFO  server.RaftServerConfigKeys (ConfUtils.java:logGet(43)) - raft.server.watch.timeout = 10s (default)
2019-09-27 09:29:48,568 [957e8e6f-6264-48fe-9446-a284b22f5345@group-CD1C27E8A675:LeaderElection67] INFO  impl.RoleInfo (RoleInfo.java:updateAndGet(143)) - 957e8e6f-6264-48fe-9446-a284b22f5345: start FollowerState
2019-09-27 09:29:48,567 [5edf00d6-0a79-4628-9112-08a4085059e1@group-AA56BBDBAEC4:LeaderElection68] INFO  server.RaftServerConfigKeys (ConfUtils.java:logGet(43)) - raft.server.write.element-limit = 4096 (default)
2019-09-27 09:29:48,568 [c1881364-9dcc-42c4-84ad-47b5251ecddf@group-CD1C27E8A675:LeaderElection65] INFO  server.RaftServerConfigKeys (ConfUtils.java:logGet(43)) - raft.server.watch.timeout.denomination = 1s (default)
2019-09-27 09:29:48,568 [c1881364-9dcc-42c4-84ad-47b5251ecddf@group-CD1C27E8A675:LeaderElection65] INFO  server.RaftServerConfigKeys (ConfUtils.java:logGet(43)) - raft.server.watch.element-limit = 65536 (default)
2019-09-27 09:29:48,568 [3500c2db-13f5-4e26-87d2-1522afc87a3c@group-513A7F2687D9:LeaderElection66] INFO  segmented.SegmentedRaftLogWorker (SegmentedRaftLogWorker.java:startLogSegment(380)) - 3500c2db-13f5-4e26-87d2-1522afc87a3c@group-513A7F2687D9-SegmentedRaftLogWorker: Starting segment from index:0
2019-09-27 09:29:48,568 [5edf00d6-0a79-4628-9112-08a4085059e1@group-AA56BBDBAEC4:LeaderElection68] INFO  server.RaftServerConfigKeys (ConfUtils.java:logGet(43)) - raft.server.watch.timeout = 10s (default)
2019-09-27 09:29:48,569 [5edf00d6-0a79-4628-9112-08a4085059e1@group-AA56BBDBAEC4:LeaderElection68] INFO  server.RaftServerConfigKeys (ConfUtils.java:logGet(43)) - raft.server.watch.timeout.denomination = 1s (default)
2019-09-27 09:29:48,569 [5edf00d6-0a79-4628-9112-08a4085059e1@group-AA56BBDBAEC4:LeaderElection68] INFO  server.RaftServerConfigKeys (ConfUtils.java:logGet(43)) - raft.server.watch.element-limit = 65536 (default)
2019-09-27 09:29:48,569 [3500c2db-13f5-4e26-87d2-1522afc87a3c@group-513A7F2687D9:LeaderElection66] INFO  impl.RaftServerImpl (ServerState.java:setRaftConf(354)) - 3500c2db-13f5-4e26-87d2-1522afc87a3c@group-513A7F2687D9: set configuration 0: [3500c2db-13f5-4e26-87d2-1522afc87a3c:192.168.164.207:35169], old=null at 0
2019-09-27 09:29:48,595 [5edf00d6-0a79-4628-9112-08a4085059e1@group-07CFED83ED1A:LeaderElection69] INFO  impl.LeaderElection (LeaderElection.java:askForVotes(182)) - 5edf00d6-0a79-4628-9112-08a4085059e1@group-07CFED83ED1A:LeaderElection69: begin an election at term 1 for -1: [cf46e290-a091-4e06-9f92-f0d0996d41f4:192.168.164.207:41234, b4cddf6c-1726-4158-affc-29121d755033:192.168.164.207:36506, 5edf00d6-0a79-4628-9112-08a4085059e1:192.168.164.207:39793], old=null
2019-09-27 09:29:48,598 [grpc-default-executor-2] INFO  impl.RaftServerImpl (RaftServerImpl.java:setRole(174)) - cf46e290-a091-4e06-9f92-f0d0996d41f4@group-07CFED83ED1A: changes role from  FOLLOWER to FOLLOWER at term 1 for recognizeCandidate:5edf00d6-0a79-4628-9112-08a4085059e1
2019-09-27 09:29:48,598 [grpc-default-executor-8] INFO  impl.RaftServerImpl (RaftServerImpl.java:setRole(174)) - b4cddf6c-1726-4158-affc-29121d755033@group-07CFED83ED1A: changes role from  FOLLOWER to FOLLOWER at term 1 for recognizeCandidate:5edf00d6-0a79-4628-9112-08a4085059e1
2019-09-27 09:29:48,598 [grpc-default-executor-2] INFO  impl.RoleInfo (RoleInfo.java:shutdownFollowerState(121)) - cf46e290-a091-4e06-9f92-f0d0996d41f4: shutdown FollowerState
2019-09-27 09:29:48,599 [grpc-default-executor-8] INFO  impl.RoleInfo (RoleInfo.java:shutdownFollowerState(121)) - b4cddf6c-1726-4158-affc-29121d755033: shutdown FollowerState
2019-09-27 09:29:48,599 [grpc-default-executor-2] INFO  impl.RoleInfo (RoleInfo.java:updateAndGet(143)) - cf46e290-a091-4e06-9f92-f0d0996d41f4: start FollowerState
2019-09-27 09:29:48,599 [Thread-3123] INFO  impl.FollowerState (FollowerState.java:run(115)) - cf46e290-a091-4e06-9f92-f0d0996d41f4: FollowerState was interrupted: java.lang.InterruptedException: sleep interrupted
2019-09-27 09:29:48,599 [grpc-default-executor-8] INFO  impl.RoleInfo (RoleInfo.java:updateAndGet(143)) - b4cddf6c-1726-4158-affc-29121d755033: start FollowerState
2019-09-27 09:29:48,599 [5edf00d6-0a79-4628-9112-08a4085059e1@group-AA56BBDBAEC4:LeaderElection68] INFO  impl.RoleInfo (RoleInfo.java:updateAndGet(143)) - 5edf00d6-0a79-4628-9112-08a4085059e1: start LeaderState
2019-09-27 09:29:48,599 [Thread-3119] INFO  impl.FollowerState (FollowerState.java:run(115)) - b4cddf6c-1726-4158-affc-29121d755033: FollowerState was interrupted: java.lang.InterruptedException: sleep interrupted
2019-09-27 09:29:48,602 [5edf00d6-0a79-4628-9112-08a4085059e1@group-AA56BBDBAEC4:LeaderElection68] INFO  segmented.SegmentedRaftLogWorker (SegmentedRaftLogWorker.java:startLogSegment(380)) - 5edf00d6-0a79-4628-9112-08a4085059e1@group-AA56BBDBAEC4-SegmentedRaftLogWorker: Starting segment from index:0
2019-09-27 09:29:48,602 [c1881364-9dcc-42c4-84ad-47b5251ecddf@group-CD1C27E8A675:LeaderElection65] INFO  server.RaftServerConfigKeys (ConfUtils.java:logGet(43)) - raft.server.log.appender.snapshot.chunk.size.max = 16MB (=16777216) (default)
2019-09-27 09:29:48,604 [5edf00d6-0a79-4628-9112-08a4085059e1@group-AA56BBDBAEC4:LeaderElection68] INFO  impl.RaftServerImpl (ServerState.java:setRaftConf(354)) - 5edf00d6-0a79-4628-9112-08a4085059e1@group-AA56BBDBAEC4: set configuration 0: [5edf00d6-0a79-4628-9112-08a4085059e1:192.168.164.207:39793], old=null at 0
2019-09-27 09:29:48,604 [c1881364-9dcc-42c4-84ad-47b5251ecddf@group-CD1C27E8A675:LeaderElection65] INFO  server.RaftServerConfigKeys (ConfUtils.java:logGet(43)) - raft.server.log.appender.buffer.byte-limit = 33554432 (custom)
2019-09-27 09:29:48,637 [3500c2db-13f5-4e26-87d2-1522afc87a3c@group-513A7F2687D9-SegmentedRaftLogWorker] INFO  segmented.SegmentedRaftLogWorker (SegmentedRaftLogWorker.java:execute(569)) - 3500c2db-13f5-4e26-87d2-1522afc87a3c@group-513A7F2687D9-SegmentedRaftLogWorker: created new log segment /workdir/hadoop-ozone/integration-test/target/test-dir/MiniOzoneClusterImpl-e8789e20-d44e-4897-90e6-dbedbc9dc13b/datanode-2/data/ratis/20dff681-667e-4745-9e35-513a7f2687d9/current/log_inprogress_0
2019-09-27 09:29:48,637 [c1881364-9dcc-42c4-84ad-47b5251ecddf@group-CD1C27E8A675:LeaderElection65] INFO  server.RaftServerConfigKeys (ConfUtils.java:logGet(43)) - raft.server.log.appender.buffer.element-limit = 1 (custom)
2019-09-27 09:29:48,638 [c1881364-9dcc-42c4-84ad-47b5251ecddf@group-CD1C27E8A675:LeaderElection65] INFO  grpc.GrpcConfigKeys$Server (ConfUtils.java:logGet(43)) - raft.grpc.server.leader.outstanding.appends.max = 128 (default)
2019-09-27 09:29:48,638 [c1881364-9dcc-42c4-84ad-47b5251ecddf@group-CD1C27E8A675:LeaderElection65] INFO  server.RaftServerConfigKeys (ConfUtils.java:logGet(43)) - raft.server.rpc.request.timeout = 3000ms (default)
2019-09-27 09:29:48,638 [5edf00d6-0a79-4628-9112-08a4085059e1@group-07CFED83ED1A:LeaderElection69] INFO  impl.LeaderElection (LeaderElection.java:logAndReturn(56)) - 5edf00d6-0a79-4628-9112-08a4085059e1@group-07CFED83ED1A:LeaderElection69: Election PASSED; received 1 response(s) [5edf00d6-0a79-4628-9112-08a4085059e1<-cf46e290-a091-4e06-9f92-f0d0996d41f4#0:OK-t1] and 0 exception(s); 5edf00d6-0a79-4628-9112-08a4085059e1@group-07CFED83ED1A:t1, leader=null, voted=5edf00d6-0a79-4628-9112-08a4085059e1, raftlog=5edf00d6-0a79-4628-9112-08a4085059e1@group-07CFED83ED1A-SegmentedRaftLog:OPENED:c-1,f-1,i0, conf=-1: [cf46e290-a091-4e06-9f92-f0d0996d41f4:192.168.164.207:41234, b4cddf6c-1726-4158-affc-29121d755033:192.168.164.207:36506, 5edf00d6-0a79-4628-9112-08a4085059e1:192.168.164.207:39793], old=null
2019-09-27 09:29:48,638 [c1881364-9dcc-42c4-84ad-47b5251ecddf@group-CD1C27E8A675:LeaderElection65] INFO  server.RaftServerConfigKeys (ConfUtils.java:logGet(43)) - raft.server.log.appender.install.snapshot.enabled = false (custom)
2019-09-27 09:29:48,638 [5edf00d6-0a79-4628-9112-08a4085059e1@group-07CFED83ED1A:LeaderElection69] INFO  impl.RoleInfo (RoleInfo.java:shutdownLeaderElection(134)) - 5edf00d6-0a79-4628-9112-08a4085059e1: shutdown LeaderElection
2019-09-27 09:29:48,642 [5edf00d6-0a79-4628-9112-08a4085059e1@group-AA56BBDBAEC4-SegmentedRaftLogWorker] INFO  segmented.SegmentedRaftLogWorker (SegmentedRaftLogWorker.java:execute(569)) - 5edf00d6-0a79-4628-9112-08a4085059e1@group-AA56BBDBAEC4-SegmentedRaftLogWorker: created new log segment /workdir/hadoop-ozone/integration-test/target/test-dir/MiniOzoneClusterImpl-e8789e20-d44e-4897-90e6-dbedbc9dc13b/datanode-3/data/ratis/f23bfbdc-46cf-4f6d-b9d9-aa56bbdbaec4/current/log_inprogress_0
2019-09-27 09:29:48,642 [5edf00d6-0a79-4628-9112-08a4085059e1@group-07CFED83ED1A:LeaderElection69] INFO  impl.RaftServerImpl (RaftServerImpl.java:setRole(174)) - 5edf00d6-0a79-4628-9112-08a4085059e1@group-07CFED83ED1A: changes role from CANDIDATE to LEADER at term 1 for changeToLeader
2019-09-27 09:29:48,642 [c1881364-9dcc-42c4-84ad-47b5251ecddf@group-CD1C27E8A675:LeaderElection65] INFO  server.RaftServerConfigKeys (ConfUtils.java:logGet(43)) - raft.server.log.appender.snapshot.chunk.size.max = 16MB (=16777216) (default)
2019-09-27 09:29:48,642 [5edf00d6-0a79-4628-9112-08a4085059e1@group-07CFED83ED1A:LeaderElection69] INFO  impl.RaftServerImpl (ServerState.java:setLeader(253)) - 5edf00d6-0a79-4628-9112-08a4085059e1@group-07CFED83ED1A: change Leader from null to 5edf00d6-0a79-4628-9112-08a4085059e1 at term 1 for becomeLeader, leader elected after 5134ms
2019-09-27 09:29:48,642 [c1881364-9dcc-42c4-84ad-47b5251ecddf@group-CD1C27E8A675:LeaderElection65] INFO  server.RaftServerConfigKeys (ConfUtils.java:logGet(43)) - raft.server.log.appender.buffer.byte-limit = 33554432 (custom)
2019-09-27 09:29:48,642 [5edf00d6-0a79-4628-9112-08a4085059e1@group-07CFED83ED1A:LeaderElection69] INFO  server.RaftServerConfigKeys (ConfUtils.java:logGet(43)) - raft.server.staging.catchup.gap = 1000 (default)
2019-09-27 09:29:48,642 [c1881364-9dcc-42c4-84ad-47b5251ecddf@group-CD1C27E8A675:LeaderElection65] INFO  server.RaftServerConfigKeys (ConfUtils.java:logGet(43)) - raft.server.log.appender.buffer.element-limit = 1 (custom)
2019-09-27 09:29:48,643 [5edf00d6-0a79-4628-9112-08a4085059e1@group-07CFED83ED1A:LeaderElection69] INFO  server.RaftServerConfigKeys (ConfUtils.java:logGet(43)) - raft.server.rpc.sleep.time = 25ms (default)
2019-09-27 09:29:48,643 [c1881364-9dcc-42c4-84ad-47b5251ecddf@group-CD1C27E8A675:LeaderElection65] INFO  grpc.GrpcConfigKeys$Server (ConfUtils.java:logGet(43)) - raft.grpc.server.leader.outstanding.appends.max = 128 (default)
2019-09-27 09:29:48,643 [5edf00d6-0a79-4628-9112-08a4085059e1@group-07CFED83ED1A:LeaderElection69] INFO  server.RaftServerConfigKeys (ConfUtils.java:logGet(43)) - raft.server.write.element-limit = 4096 (default)
2019-09-27 09:29:48,643 [c1881364-9dcc-42c4-84ad-47b5251ecddf@group-CD1C27E8A675:LeaderElection65] INFO  server.RaftServerConfigKeys (ConfUtils.java:logGet(43)) - raft.server.rpc.request.timeout = 3000ms (default)
2019-09-27 09:29:48,643 [5edf00d6-0a79-4628-9112-08a4085059e1@group-07CFED83ED1A:LeaderElection69] INFO  server.RaftServerConfigKeys (ConfUtils.java:logGet(43)) - raft.server.watch.timeout = 10s (default)
2019-09-27 09:29:48,643 [c1881364-9dcc-42c4-84ad-47b5251ecddf@group-CD1C27E8A675:LeaderElection65] INFO  server.RaftServerConfigKeys (ConfUtils.java:logGet(43)) - raft.server.log.appender.install.snapshot.enabled = false (custom)
2019-09-27 09:29:48,644 [5edf00d6-0a79-4628-9112-08a4085059e1@group-07CFED83ED1A:LeaderElection69] INFO  server.RaftServerConfigKeys (ConfUtils.java:logGet(43)) - raft.server.watch.timeout.denomination = 1s (default)
2019-09-27 09:29:48,644 [c1881364-9dcc-42c4-84ad-47b5251ecddf@group-CD1C27E8A675:LeaderElection65] INFO  impl.RoleInfo (RoleInfo.java:updateAndGet(143)) - c1881364-9dcc-42c4-84ad-47b5251ecddf: start LeaderState
2019-09-27 09:29:48,644 [5edf00d6-0a79-4628-9112-08a4085059e1@group-07CFED83ED1A:LeaderElection69] INFO  server.RaftServerConfigKeys (ConfUtils.java:logGet(43)) - raft.server.watch.element-limit = 65536 (default)
2019-09-27 09:29:48,644 [c1881364-9dcc-42c4-84ad-47b5251ecddf@group-CD1C27E8A675:LeaderElection65] INFO  segmented.SegmentedRaftLogWorker (SegmentedRaftLogWorker.java:startLogSegment(380)) - c1881364-9dcc-42c4-84ad-47b5251ecddf@group-CD1C27E8A675-SegmentedRaftLogWorker: Starting segment from index:0
2019-09-27 09:29:48,645 [c1881364-9dcc-42c4-84ad-47b5251ecddf@group-CD1C27E8A675:LeaderElection65] INFO  impl.RaftServerImpl (ServerState.java:setRaftConf(354)) - c1881364-9dcc-42c4-84ad-47b5251ecddf@group-CD1C27E8A675: set configuration 0: [3500c2db-13f5-4e26-87d2-1522afc87a3c:192.168.164.207:35169, 957e8e6f-6264-48fe-9446-a284b22f5345:192.168.164.207:37145, c1881364-9dcc-42c4-84ad-47b5251ecddf:192.168.164.207:43284], old=null at 0
2019-09-27 09:29:48,682 [Thread-3113] INFO  impl.FollowerState (FollowerState.java:run(106)) - b4cddf6c-1726-4158-affc-29121d755033:group-3F1C6E70BAF4 changes to CANDIDATE, lastRpcTime:5091, electionTimeout:5071ms
2019-09-27 09:29:48,685 [Thread-3113] INFO  impl.RoleInfo (RoleInfo.java:shutdownFollowerState(121)) - b4cddf6c-1726-4158-affc-29121d755033: shutdown FollowerState
2019-09-27 09:29:48,686 [Thread-3113] INFO  impl.RaftServerImpl (RaftServerImpl.java:setRole(174)) - b4cddf6c-1726-4158-affc-29121d755033@group-3F1C6E70BAF4: changes role from  FOLLOWER to CANDIDATE at term 0 for changeToCandidate
2019-09-27 09:29:48,686 [Thread-3113] INFO  impl.RoleInfo (RoleInfo.java:updateAndGet(143)) - b4cddf6c-1726-4158-affc-29121d755033: start LeaderElection
2019-09-27 09:29:48,690 [5edf00d6-0a79-4628-9112-08a4085059e1@group-07CFED83ED1A:LeaderElection69] INFO  server.RaftServerConfigKeys (ConfUtils.java:logGet(43)) - raft.server.log.appender.snapshot.chunk.size.max = 16MB (=16777216) (default)
2019-09-27 09:29:48,691 [5edf00d6-0a79-4628-9112-08a4085059e1@group-07CFED83ED1A:LeaderElection69] INFO  server.RaftServerConfigKeys (ConfUtils.java:logGet(43)) - raft.server.log.appender.buffer.byte-limit = 33554432 (custom)
2019-09-27 09:29:48,691 [5edf00d6-0a79-4628-9112-08a4085059e1@group-07CFED83ED1A:LeaderElection69] INFO  server.RaftServerConfigKeys (ConfUtils.java:logGet(43)) - raft.server.log.appender.buffer.element-limit = 1 (custom)
2019-09-27 09:29:48,691 [5edf00d6-0a79-4628-9112-08a4085059e1@group-07CFED83ED1A:LeaderElection69] INFO  grpc.GrpcConfigKeys$Server (ConfUtils.java:logGet(43)) - raft.grpc.server.leader.outstanding.appends.max = 128 (default)
2019-09-27 09:29:48,694 [c1881364-9dcc-42c4-84ad-47b5251ecddf@group-CD1C27E8A675-SegmentedRaftLogWorker] INFO  segmented.SegmentedRaftLogWorker (SegmentedRaftLogWorker.java:execute(569)) - c1881364-9dcc-42c4-84ad-47b5251ecddf@group-CD1C27E8A675-SegmentedRaftLogWorker: created new log segment /workdir/hadoop-ozone/integration-test/target/test-dir/MiniOzoneClusterImpl-e8789e20-d44e-4897-90e6-dbedbc9dc13b/datanode-0/data/ratis/f79ebf6d-3f0c-449a-baed-cd1c27e8a675/current/log_inprogress_0
2019-09-27 09:29:48,697 [grpc-default-executor-2] INFO  impl.RaftServerImpl (ServerState.java:setLeader(253)) - 3500c2db-13f5-4e26-87d2-1522afc87a3c@group-CD1C27E8A675: change Leader from null to c1881364-9dcc-42c4-84ad-47b5251ecddf at term 1 for appendEntries, leader elected after 5217ms
2019-09-27 09:29:48,694 [5edf00d6-0a79-4628-9112-08a4085059e1@group-07CFED83ED1A:LeaderElection69] INFO  server.RaftServerConfigKeys (ConfUtils.java:logGet(43)) - raft.server.rpc.request.timeout = 3000ms (default)
2019-09-27 09:29:48,691 [grpc-default-executor-8] INFO  impl.RaftServerImpl (ServerState.java:setLeader(253)) - 957e8e6f-6264-48fe-9446-a284b22f5345@group-CD1C27E8A675: change Leader from null to c1881364-9dcc-42c4-84ad-47b5251ecddf at term 1 for appendEntries, leader elected after 5302ms
2019-09-27 09:29:48,698 [5edf00d6-0a79-4628-9112-08a4085059e1@group-07CFED83ED1A:LeaderElection69] INFO  server.RaftServerConfigKeys (ConfUtils.java:logGet(43)) - raft.server.log.appender.install.snapshot.enabled = false (custom)
2019-09-27 09:29:48,698 [5edf00d6-0a79-4628-9112-08a4085059e1@group-07CFED83ED1A:LeaderElection69] INFO  server.RaftServerConfigKeys (ConfUtils.java:logGet(43)) - raft.server.log.appender.snapshot.chunk.size.max = 16MB (=16777216) (default)
2019-09-27 09:29:48,699 [5edf00d6-0a79-4628-9112-08a4085059e1@group-07CFED83ED1A:LeaderElection69] INFO  server.RaftServerConfigKeys (ConfUtils.java:logGet(43)) - raft.server.log.appender.buffer.byte-limit = 33554432 (custom)
2019-09-27 09:29:48,699 [5edf00d6-0a79-4628-9112-08a4085059e1@group-07CFED83ED1A:LeaderElection69] INFO  server.RaftServerConfigKeys (ConfUtils.java:logGet(43)) - raft.server.log.appender.buffer.element-limit = 1 (custom)
2019-09-27 09:29:48,699 [5edf00d6-0a79-4628-9112-08a4085059e1@group-07CFED83ED1A:LeaderElection69] INFO  grpc.GrpcConfigKeys$Server (ConfUtils.java:logGet(43)) - raft.grpc.server.leader.outstanding.appends.max = 128 (default)
2019-09-27 09:29:48,699 [5edf00d6-0a79-4628-9112-08a4085059e1@group-07CFED83ED1A:LeaderElection69] INFO  server.RaftServerConfigKeys (ConfUtils.java:logGet(43)) - raft.server.rpc.request.timeout = 3000ms (default)
2019-09-27 09:29:48,699 [5edf00d6-0a79-4628-9112-08a4085059e1@group-07CFED83ED1A:LeaderElection69] INFO  server.RaftServerConfigKeys (ConfUtils.java:logGet(43)) - raft.server.log.appender.install.snapshot.enabled = false (custom)
2019-09-27 09:29:48,700 [5edf00d6-0a79-4628-9112-08a4085059e1@group-07CFED83ED1A:LeaderElection69] INFO  impl.RoleInfo (RoleInfo.java:updateAndGet(143)) - 5edf00d6-0a79-4628-9112-08a4085059e1: start LeaderState
2019-09-27 09:29:48,700 [5edf00d6-0a79-4628-9112-08a4085059e1@group-07CFED83ED1A:LeaderElection69] INFO  segmented.SegmentedRaftLogWorker (SegmentedRaftLogWorker.java:startLogSegment(380)) - 5edf00d6-0a79-4628-9112-08a4085059e1@group-07CFED83ED1A-SegmentedRaftLogWorker: Starting segment from index:0
2019-09-27 09:29:48,700 [grpc-default-executor-8] INFO  impl.RaftServerImpl (ServerState.java:setRaftConf(354)) - 3500c2db-13f5-4e26-87d2-1522afc87a3c@group-CD1C27E8A675: set configuration 0: [3500c2db-13f5-4e26-87d2-1522afc87a3c:192.168.164.207:35169, 957e8e6f-6264-48fe-9446-a284b22f5345:192.168.164.207:37145, c1881364-9dcc-42c4-84ad-47b5251ecddf:192.168.164.207:43284], old=null at 0
2019-09-27 09:29:48,700 [grpc-default-executor-8] INFO  segmented.SegmentedRaftLogWorker (SegmentedRaftLogWorker.java:startLogSegment(380)) - 3500c2db-13f5-4e26-87d2-1522afc87a3c@group-CD1C27E8A675-SegmentedRaftLogWorker: Starting segment from index:0
2019-09-27 09:29:48,738 [5edf00d6-0a79-4628-9112-08a4085059e1@group-07CFED83ED1A:LeaderElection69] INFO  impl.RaftServerImpl (ServerState.java:setRaftConf(354)) - 5edf00d6-0a79-4628-9112-08a4085059e1@group-07CFED83ED1A: set configuration 0: [cf46e290-a091-4e06-9f92-f0d0996d41f4:192.168.164.207:41234, b4cddf6c-1726-4158-affc-29121d755033:192.168.164.207:36506, 5edf00d6-0a79-4628-9112-08a4085059e1:192.168.164.207:39793], old=null at 0
2019-09-27 09:29:48,741 [Thread-3116] INFO  impl.FollowerState (FollowerState.java:run(106)) - cf46e290-a091-4e06-9f92-f0d0996d41f4:group-541B8C95E6C6 changes to CANDIDATE, lastRpcTime:5110, electionTimeout:5108ms
2019-09-27 09:29:48,738 [b4cddf6c-1726-4158-affc-29121d755033@group-3F1C6E70BAF4:LeaderElection70] INFO  impl.LeaderElection (LeaderElection.java:askForVotes(182)) - b4cddf6c-1726-4158-affc-29121d755033@group-3F1C6E70BAF4:LeaderElection70: begin an election at term 1 for -1: [b4cddf6c-1726-4158-affc-29121d755033:192.168.164.207:36506], old=null
2019-09-27 09:29:48,742 [Thread-3116] INFO  impl.RoleInfo (RoleInfo.java:shutdownFollowerState(121)) - cf46e290-a091-4e06-9f92-f0d0996d41f4: shutdown FollowerState
2019-09-27 09:29:48,742 [grpc-default-executor-2] INFO  impl.RaftServerImpl (ServerState.java:setRaftConf(354)) - 957e8e6f-6264-48fe-9446-a284b22f5345@group-CD1C27E8A675: set configuration 0: [3500c2db-13f5-4e26-87d2-1522afc87a3c:192.168.164.207:35169, 957e8e6f-6264-48fe-9446-a284b22f5345:192.168.164.207:37145, c1881364-9dcc-42c4-84ad-47b5251ecddf:192.168.164.207:43284], old=null at 0
2019-09-27 09:29:48,742 [b4cddf6c-1726-4158-affc-29121d755033@group-3F1C6E70BAF4:LeaderElection70] INFO  impl.RoleInfo (RoleInfo.java:shutdownLeaderElection(134)) - b4cddf6c-1726-4158-affc-29121d755033: shutdown LeaderElection
2019-09-27 09:29:48,743 [grpc-default-executor-2] INFO  segmented.SegmentedRaftLogWorker (SegmentedRaftLogWorker.java:startLogSegment(380)) - 957e8e6f-6264-48fe-9446-a284b22f5345@group-CD1C27E8A675-SegmentedRaftLogWorker: Starting segment from index:0
2019-09-27 09:29:48,743 [Thread-3116] INFO  impl.RaftServerImpl (RaftServerImpl.java:setRole(174)) - cf46e290-a091-4e06-9f92-f0d0996d41f4@group-541B8C95E6C6: changes role from  FOLLOWER to CANDIDATE at term 0 for changeToCandidate
2019-09-27 09:29:48,743 [b4cddf6c-1726-4158-affc-29121d755033@group-3F1C6E70BAF4:LeaderElection70] INFO  impl.RaftServerImpl (RaftServerImpl.java:setRole(174)) - b4cddf6c-1726-4158-affc-29121d755033@group-3F1C6E70BAF4: changes role from CANDIDATE to LEADER at term 1 for changeToLeader
2019-09-27 09:29:48,743 [Thread-3116] INFO  impl.RoleInfo (RoleInfo.java:updateAndGet(143)) - cf46e290-a091-4e06-9f92-f0d0996d41f4: start LeaderElection
2019-09-27 09:29:48,743 [b4cddf6c-1726-4158-affc-29121d755033@group-3F1C6E70BAF4:LeaderElection70] INFO  impl.RaftServerImpl (ServerState.java:setLeader(253)) - b4cddf6c-1726-4158-affc-29121d755033@group-3F1C6E70BAF4: change Leader from null to b4cddf6c-1726-4158-affc-29121d755033 at term 1 for becomeLeader, leader elected after 5162ms
2019-09-27 09:29:48,778 [Thread-3125] INFO  impl.FollowerState (FollowerState.java:run(106)) - 574bfb90-d286-488d-ba4e-6dbfeac38abd:group-AFA18D6FFFEA changes to CANDIDATE, lastRpcTime:5074, electionTimeout:5051ms
2019-09-27 09:29:48,778 [5edf00d6-0a79-4628-9112-08a4085059e1@group-07CFED83ED1A-SegmentedRaftLogWorker] INFO  segmented.SegmentedRaftLogWorker (SegmentedRaftLogWorker.java:execute(569)) - 5edf00d6-0a79-4628-9112-08a4085059e1@group-07CFED83ED1A-SegmentedRaftLogWorker: created new log segment /workdir/hadoop-ozone/integration-test/target/test-dir/MiniOzoneClusterImpl-e8789e20-d44e-4897-90e6-dbedbc9dc13b/datanode-3/data/ratis/96611dd2-c69f-44bb-a857-07cfed83ed1a/current/log_inprogress_0
2019-09-27 09:29:48,778 [Thread-3125] INFO  impl.RoleInfo (RoleInfo.java:shutdownFollowerState(121)) - 574bfb90-d286-488d-ba4e-6dbfeac38abd: shutdown FollowerState
2019-09-27 09:29:48,778 [b4cddf6c-1726-4158-affc-29121d755033@group-3F1C6E70BAF4:LeaderElection70] INFO  server.RaftServerConfigKeys (ConfUtils.java:logGet(43)) - raft.server.staging.catchup.gap = 1000 (default)
2019-09-27 09:29:48,779 [Thread-3125] INFO  impl.RaftServerImpl (RaftServerImpl.java:setRole(174)) - 574bfb90-d286-488d-ba4e-6dbfeac38abd@group-AFA18D6FFFEA: changes role from  FOLLOWER to CANDIDATE at term 0 for changeToCandidate
2019-09-27 09:29:48,781 [grpc-default-executor-2] INFO  impl.RaftServerImpl (ServerState.java:setLeader(253)) - b4cddf6c-1726-4158-affc-29121d755033@group-07CFED83ED1A: change Leader from null to 5edf00d6-0a79-4628-9112-08a4085059e1 at term 1 for appendEntries, leader elected after 5145ms
2019-09-27 09:29:48,781 [grpc-default-executor-7] INFO  impl.RaftServerImpl (ServerState.java:setLeader(253)) - cf46e290-a091-4e06-9f92-f0d0996d41f4@group-07CFED83ED1A: change Leader from null to 5edf00d6-0a79-4628-9112-08a4085059e1 at term 1 for appendEntries, leader elected after 5083ms
2019-09-27 09:29:48,781 [b4cddf6c-1726-4158-affc-29121d755033@group-3F1C6E70BAF4:LeaderElection70] INFO  server.RaftServerConfigKeys (ConfUtils.java:logGet(43)) - raft.server.rpc.sleep.time = 25ms (default)
2019-09-27 09:29:48,781 [Thread-3125] INFO  impl.RoleInfo (RoleInfo.java:updateAndGet(143)) - 574bfb90-d286-488d-ba4e-6dbfeac38abd: start LeaderElection
2019-09-27 09:29:48,782 [b4cddf6c-1726-4158-affc-29121d755033@group-3F1C6E70BAF4:LeaderElection70] INFO  server.RaftServerConfigKeys (ConfUtils.java:logGet(43)) - raft.server.write.element-limit = 4096 (default)
2019-09-27 09:29:48,785 [b4cddf6c-1726-4158-affc-29121d755033@group-3F1C6E70BAF4:LeaderElection70] INFO  server.RaftServerConfigKeys (ConfUtils.java:logGet(43)) - raft.server.watch.timeout = 10s (default)
2019-09-27 09:29:48,786 [b4cddf6c-1726-4158-affc-29121d755033@group-3F1C6E70BAF4:LeaderElection70] INFO  server.RaftServerConfigKeys (ConfUtils.java:logGet(43)) - raft.server.watch.timeout.denomination = 1s (default)
2019-09-27 09:29:48,787 [b4cddf6c-1726-4158-affc-29121d755033@group-3F1C6E70BAF4:LeaderElection70] INFO  server.RaftServerConfigKeys (ConfUtils.java:logGet(43)) - raft.server.watch.element-limit = 65536 (default)
2019-09-27 09:29:48,788 [grpc-default-executor-7] INFO  impl.RaftServerImpl (ServerState.java:setRaftConf(354)) - b4cddf6c-1726-4158-affc-29121d755033@group-07CFED83ED1A: set configuration 0: [cf46e290-a091-4e06-9f92-f0d0996d41f4:192.168.164.207:41234, b4cddf6c-1726-4158-affc-29121d755033:192.168.164.207:36506, 5edf00d6-0a79-4628-9112-08a4085059e1:192.168.164.207:39793], old=null at 0
2019-09-27 09:29:48,788 [grpc-default-executor-2] INFO  impl.RaftServerImpl (ServerState.java:setRaftConf(354)) - cf46e290-a091-4e06-9f92-f0d0996d41f4@group-07CFED83ED1A: set configuration 0: [cf46e290-a091-4e06-9f92-f0d0996d41f4:192.168.164.207:41234, b4cddf6c-1726-4158-affc-29121d755033:192.168.164.207:36506, 5edf00d6-0a79-4628-9112-08a4085059e1:192.168.164.207:39793], old=null at 0
2019-09-27 09:29:48,788 [grpc-default-executor-7] INFO  segmented.SegmentedRaftLogWorker (SegmentedRaftLogWorker.java:startLogSegment(380)) - b4cddf6c-1726-4158-affc-29121d755033@group-07CFED83ED1A-SegmentedRaftLogWorker: Starting segment from index:0
2019-09-27 09:29:48,789 [grpc-default-executor-2] INFO  segmented.SegmentedRaftLogWorker (SegmentedRaftLogWorker.java:startLogSegment(380)) - cf46e290-a091-4e06-9f92-f0d0996d41f4@group-07CFED83ED1A-SegmentedRaftLogWorker: Starting segment from index:0
2019-09-27 09:29:48,790 [957e8e6f-6264-48fe-9446-a284b22f5345@group-CD1C27E8A675-SegmentedRaftLogWorker] INFO  segmented.SegmentedRaftLogWorker (SegmentedRaftLogWorker.java:execute(569)) - 957e8e6f-6264-48fe-9446-a284b22f5345@group-CD1C27E8A675-SegmentedRaftLogWorker: created new log segment /workdir/hadoop-ozone/integration-test/target/test-dir/MiniOzoneClusterImpl-e8789e20-d44e-4897-90e6-dbedbc9dc13b/datanode-1/data/ratis/f79ebf6d-3f0c-449a-baed-cd1c27e8a675/current/log_inprogress_0
2019-09-27 09:29:48,790 [cf46e290-a091-4e06-9f92-f0d0996d41f4@group-541B8C95E6C6:LeaderElection71] INFO  impl.LeaderElection (LeaderElection.java:askForVotes(182)) - cf46e290-a091-4e06-9f92-f0d0996d41f4@group-541B8C95E6C6:LeaderElection71: begin an election at term 1 for -1: [cf46e290-a091-4e06-9f92-f0d0996d41f4:192.168.164.207:41234], old=null
2019-09-27 09:29:48,790 [574bfb90-d286-488d-ba4e-6dbfeac38abd@group-AFA18D6FFFEA:LeaderElection72] INFO  impl.LeaderElection (LeaderElection.java:askForVotes(182)) - 574bfb90-d286-488d-ba4e-6dbfeac38abd@group-AFA18D6FFFEA:LeaderElection72: begin an election at term 1 for -1: [574bfb90-d286-488d-ba4e-6dbfeac38abd:192.168.164.207:42930], old=null
2019-09-27 09:29:48,790 [cf46e290-a091-4e06-9f92-f0d0996d41f4@group-541B8C95E6C6:LeaderElection71] INFO  impl.RoleInfo (RoleInfo.java:shutdownLeaderElection(134)) - cf46e290-a091-4e06-9f92-f0d0996d41f4: shutdown LeaderElection
2019-09-27 09:29:48,790 [3500c2db-13f5-4e26-87d2-1522afc87a3c@group-CD1C27E8A675-SegmentedRaftLogWorker] INFO  segmented.SegmentedRaftLogWorker (SegmentedRaftLogWorker.java:execute(569)) - 3500c2db-13f5-4e26-87d2-1522afc87a3c@group-CD1C27E8A675-SegmentedRaftLogWorker: created new log segment /workdir/hadoop-ozone/integration-test/target/test-dir/MiniOzoneClusterImpl-e8789e20-d44e-4897-90e6-dbedbc9dc13b/datanode-2/data/ratis/f79ebf6d-3f0c-449a-baed-cd1c27e8a675/current/log_inprogress_0
2019-09-27 09:29:48,791 [cf46e290-a091-4e06-9f92-f0d0996d41f4@group-541B8C95E6C6:LeaderElection71] INFO  impl.RaftServerImpl (RaftServerImpl.java:setRole(174)) - cf46e290-a091-4e06-9f92-f0d0996d41f4@group-541B8C95E6C6: changes role from CANDIDATE to LEADER at term 1 for changeToLeader
2019-09-27 09:29:48,790 [574bfb90-d286-488d-ba4e-6dbfeac38abd@group-AFA18D6FFFEA:LeaderElection72] INFO  impl.RoleInfo (RoleInfo.java:shutdownLeaderElection(134)) - 574bfb90-d286-488d-ba4e-6dbfeac38abd: shutdown LeaderElection
2019-09-27 09:29:48,790 [b4cddf6c-1726-4158-affc-29121d755033@group-3F1C6E70BAF4:LeaderElection70] INFO  impl.RoleInfo (RoleInfo.java:updateAndGet(143)) - b4cddf6c-1726-4158-affc-29121d755033: start LeaderState
2019-09-27 09:29:48,791 [574bfb90-d286-488d-ba4e-6dbfeac38abd@group-AFA18D6FFFEA:LeaderElection72] INFO  impl.RaftServerImpl (RaftServerImpl.java:setRole(174)) - 574bfb90-d286-488d-ba4e-6dbfeac38abd@group-AFA18D6FFFEA: changes role from CANDIDATE to LEADER at term 1 for changeToLeader
2019-09-27 09:29:48,791 [cf46e290-a091-4e06-9f92-f0d0996d41f4@group-541B8C95E6C6:LeaderElection71] INFO  impl.RaftServerImpl (ServerState.java:setLeader(253)) - cf46e290-a091-4e06-9f92-f0d0996d41f4@group-541B8C95E6C6: change Leader from null to cf46e290-a091-4e06-9f92-f0d0996d41f4 at term 1 for becomeLeader, leader elected after 5167ms
2019-09-27 09:29:48,791 [b4cddf6c-1726-4158-affc-29121d755033@group-3F1C6E70BAF4:LeaderElection70] INFO  segmented.SegmentedRaftLogWorker (SegmentedRaftLogWorker.java:startLogSegment(380)) - b4cddf6c-1726-4158-affc-29121d755033@group-3F1C6E70BAF4-SegmentedRaftLogWorker: Starting segment from index:0
2019-09-27 09:29:48,791 [574bfb90-d286-488d-ba4e-6dbfeac38abd@group-AFA18D6FFFEA:LeaderElection72] INFO  impl.RaftServerImpl (ServerState.java:setLeader(253)) - 574bfb90-d286-488d-ba4e-6dbfeac38abd@group-AFA18D6FFFEA: change Leader from null to 574bfb90-d286-488d-ba4e-6dbfeac38abd at term 1 for becomeLeader, leader elected after 5094ms
2019-09-27 09:29:48,791 [cf46e290-a091-4e06-9f92-f0d0996d41f4@group-541B8C95E6C6:LeaderElection71] INFO  server.RaftServerConfigKeys (ConfUtils.java:logGet(43)) - raft.server.staging.catchup.gap = 1000 (default)
2019-09-27 09:29:48,791 [574bfb90-d286-488d-ba4e-6dbfeac38abd@group-AFA18D6FFFEA:LeaderElection72] INFO  server.RaftServerConfigKeys (ConfUtils.java:logGet(43)) - raft.server.staging.catchup.gap = 1000 (default)
2019-09-27 09:29:48,792 [b4cddf6c-1726-4158-affc-29121d755033@group-3F1C6E70BAF4:LeaderElection70] INFO  impl.RaftServerImpl (ServerState.java:setRaftConf(354)) - b4cddf6c-1726-4158-affc-29121d755033@group-3F1C6E70BAF4: set configuration 0: [b4cddf6c-1726-4158-affc-29121d755033:192.168.164.207:36506], old=null at 0
2019-09-27 09:29:48,792 [cf46e290-a091-4e06-9f92-f0d0996d41f4@group-541B8C95E6C6:LeaderElection71] INFO  server.RaftServerConfigKeys (ConfUtils.java:logGet(43)) - raft.server.rpc.sleep.time = 25ms (default)
2019-09-27 09:29:48,792 [574bfb90-d286-488d-ba4e-6dbfeac38abd@group-AFA18D6FFFEA:LeaderElection72] INFO  server.RaftServerConfigKeys (ConfUtils.java:logGet(43)) - raft.server.rpc.sleep.time = 25ms (default)
2019-09-27 09:29:48,826 [cf46e290-a091-4e06-9f92-f0d0996d41f4@group-541B8C95E6C6:LeaderElection71] INFO  server.RaftServerConfigKeys (ConfUtils.java:logGet(43)) - raft.server.write.element-limit = 4096 (default)
2019-09-27 09:29:48,826 [574bfb90-d286-488d-ba4e-6dbfeac38abd@group-AFA18D6FFFEA:LeaderElection72] INFO  server.RaftServerConfigKeys (ConfUtils.java:logGet(43)) - raft.server.write.element-limit = 4096 (default)
2019-09-27 09:29:48,826 [cf46e290-a091-4e06-9f92-f0d0996d41f4@group-541B8C95E6C6:LeaderElection71] INFO  server.RaftServerConfigKeys (ConfUtils.java:logGet(43)) - raft.server.watch.timeout = 10s (default)
2019-09-27 09:29:48,826 [574bfb90-d286-488d-ba4e-6dbfeac38abd@group-AFA18D6FFFEA:LeaderElection72] INFO  server.RaftServerConfigKeys (ConfUtils.java:logGet(43)) - raft.server.watch.timeout = 10s (default)
2019-09-27 09:29:48,827 [cf46e290-a091-4e06-9f92-f0d0996d41f4@group-541B8C95E6C6:LeaderElection71] INFO  server.RaftServerConfigKeys (ConfUtils.java:logGet(43)) - raft.server.watch.timeout.denomination = 1s (default)
2019-09-27 09:29:48,827 [574bfb90-d286-488d-ba4e-6dbfeac38abd@group-AFA18D6FFFEA:LeaderElection72] INFO  server.RaftServerConfigKeys (ConfUtils.java:logGet(43)) - raft.server.watch.timeout.denomination = 1s (default)
2019-09-27 09:29:48,827 [cf46e290-a091-4e06-9f92-f0d0996d41f4@group-541B8C95E6C6:LeaderElection71] INFO  server.RaftServerConfigKeys (ConfUtils.java:logGet(43)) - raft.server.watch.element-limit = 65536 (default)
2019-09-27 09:29:48,827 [574bfb90-d286-488d-ba4e-6dbfeac38abd@group-AFA18D6FFFEA:LeaderElection72] INFO  server.RaftServerConfigKeys (ConfUtils.java:logGet(43)) - raft.server.watch.element-limit = 65536 (default)
2019-09-27 09:29:48,829 [574bfb90-d286-488d-ba4e-6dbfeac38abd@group-AFA18D6FFFEA:LeaderElection72] INFO  impl.RoleInfo (RoleInfo.java:updateAndGet(143)) - 574bfb90-d286-488d-ba4e-6dbfeac38abd: start LeaderState
2019-09-27 09:29:48,829 [cf46e290-a091-4e06-9f92-f0d0996d41f4@group-541B8C95E6C6:LeaderElection71] INFO  impl.RoleInfo (RoleInfo.java:updateAndGet(143)) - cf46e290-a091-4e06-9f92-f0d0996d41f4: start LeaderState
2019-09-27 09:29:48,829 [574bfb90-d286-488d-ba4e-6dbfeac38abd@group-AFA18D6FFFEA:LeaderElection72] INFO  segmented.SegmentedRaftLogWorker (SegmentedRaftLogWorker.java:startLogSegment(380)) - 574bfb90-d286-488d-ba4e-6dbfeac38abd@group-AFA18D6FFFEA-SegmentedRaftLogWorker: Starting segment from index:0
2019-09-27 09:29:48,830 [cf46e290-a091-4e06-9f92-f0d0996d41f4@group-541B8C95E6C6:LeaderElection71] INFO  segmented.SegmentedRaftLogWorker (SegmentedRaftLogWorker.java:startLogSegment(380)) - cf46e290-a091-4e06-9f92-f0d0996d41f4@group-541B8C95E6C6-SegmentedRaftLogWorker: Starting segment from index:0
2019-09-27 09:29:48,830 [574bfb90-d286-488d-ba4e-6dbfeac38abd@group-AFA18D6FFFEA:LeaderElection72] INFO  impl.RaftServerImpl (ServerState.java:setRaftConf(354)) - 574bfb90-d286-488d-ba4e-6dbfeac38abd@group-AFA18D6FFFEA: set configuration 0: [574bfb90-d286-488d-ba4e-6dbfeac38abd:192.168.164.207:42930], old=null at 0
2019-09-27 09:29:48,830 [cf46e290-a091-4e06-9f92-f0d0996d41f4@group-541B8C95E6C6:LeaderElection71] INFO  impl.RaftServerImpl (ServerState.java:setRaftConf(354)) - cf46e290-a091-4e06-9f92-f0d0996d41f4@group-541B8C95E6C6: set configuration 0: [cf46e290-a091-4e06-9f92-f0d0996d41f4:192.168.164.207:41234], old=null at 0
2019-09-27 09:29:48,857 [b4cddf6c-1726-4158-affc-29121d755033@group-07CFED83ED1A-SegmentedRaftLogWorker] INFO  segmented.SegmentedRaftLogWorker (SegmentedRaftLogWorker.java:execute(569)) - b4cddf6c-1726-4158-affc-29121d755033@group-07CFED83ED1A-SegmentedRaftLogWorker: created new log segment /workdir/hadoop-ozone/integration-test/target/test-dir/MiniOzoneClusterImpl-e8789e20-d44e-4897-90e6-dbedbc9dc13b/datanode-4/data/ratis/96611dd2-c69f-44bb-a857-07cfed83ed1a/current/log_inprogress_0
2019-09-27 09:29:48,857 [cf46e290-a091-4e06-9f92-f0d0996d41f4@group-07CFED83ED1A-SegmentedRaftLogWorker] INFO  segmented.SegmentedRaftLogWorker (SegmentedRaftLogWorker.java:execute(569)) - cf46e290-a091-4e06-9f92-f0d0996d41f4@group-07CFED83ED1A-SegmentedRaftLogWorker: created new log segment /workdir/hadoop-ozone/integration-test/target/test-dir/MiniOzoneClusterImpl-e8789e20-d44e-4897-90e6-dbedbc9dc13b/datanode-5/data/ratis/96611dd2-c69f-44bb-a857-07cfed83ed1a/current/log_inprogress_0
2019-09-27 09:29:48,857 [b4cddf6c-1726-4158-affc-29121d755033@group-3F1C6E70BAF4-SegmentedRaftLogWorker] INFO  segmented.SegmentedRaftLogWorker (SegmentedRaftLogWorker.java:execute(569)) - b4cddf6c-1726-4158-affc-29121d755033@group-3F1C6E70BAF4-SegmentedRaftLogWorker: created new log segment /workdir/hadoop-ozone/integration-test/target/test-dir/MiniOzoneClusterImpl-e8789e20-d44e-4897-90e6-dbedbc9dc13b/datanode-4/data/ratis/ae23ae2e-9ada-4d05-a922-3f1c6e70baf4/current/log_inprogress_0
2019-09-27 09:29:48,876 [574bfb90-d286-488d-ba4e-6dbfeac38abd@group-AFA18D6FFFEA-SegmentedRaftLogWorker] INFO  segmented.SegmentedRaftLogWorker (SegmentedRaftLogWorker.java:execute(569)) - 574bfb90-d286-488d-ba4e-6dbfeac38abd@group-AFA18D6FFFEA-SegmentedRaftLogWorker: created new log segment /workdir/hadoop-ozone/integration-test/target/test-dir/MiniOzoneClusterImpl-e8789e20-d44e-4897-90e6-dbedbc9dc13b/datanode-6/data/ratis/370f983c-e54a-4390-b6d5-afa18d6fffea/current/log_inprogress_0
2019-09-27 09:29:48,876 [cf46e290-a091-4e06-9f92-f0d0996d41f4@group-541B8C95E6C6-SegmentedRaftLogWorker] INFO  segmented.SegmentedRaftLogWorker (SegmentedRaftLogWorker.java:execute(569)) - cf46e290-a091-4e06-9f92-f0d0996d41f4@group-541B8C95E6C6-SegmentedRaftLogWorker: created new log segment /workdir/hadoop-ozone/integration-test/target/test-dir/MiniOzoneClusterImpl-e8789e20-d44e-4897-90e6-dbedbc9dc13b/datanode-5/data/ratis/1f9877c7-d6ec-4793-adee-541b8c95e6c6/current/log_inprogress_0
2019-09-27 09:29:49,915 [Datanode State Machine Thread - 0] INFO  statemachine.DatanodeStateMachine (DatanodeStateMachine.java:lambda$startDaemon$0(356)) - Ozone container server started.
2019-09-27 09:29:53,988 [EventQueue-StaleNodeForStaleNodeHandler] INFO  node.StaleNodeHandler (StaleNodeHandler.java:onMessage(58)) - Datanode b4cddf6c-1726-4158-affc-29121d755033{ip: 192.168.164.207, host: pr-hdds2034-jk2kc-152962534, networkLocation: /default-rack, certSerialId: null} moved to stale state. Finalizing its pipelines [PipelineID=96611dd2-c69f-44bb-a857-07cfed83ed1a, PipelineID=ae23ae2e-9ada-4d05-a922-3f1c6e70baf4]
2019-09-27 09:29:53,988 [EventQueue-StaleNodeForStaleNodeHandler] INFO  pipeline.SCMPipelineManager (SCMPipelineManager.java:finalizeAndDestroyPipeline(348)) - destroying pipeline:Pipeline[ Id: 96611dd2-c69f-44bb-a857-07cfed83ed1a, Nodes: b4cddf6c-1726-4158-affc-29121d755033{ip: 192.168.164.207, host: pr-hdds2034-jk2kc-152962534, networkLocation: /default-rack, certSerialId: null}cf46e290-a091-4e06-9f92-f0d0996d41f4{ip: 192.168.164.207, host: pr-hdds2034-jk2kc-152962534, networkLocation: /default-rack, certSerialId: null}5edf00d6-0a79-4628-9112-08a4085059e1{ip: 192.168.164.207, host: pr-hdds2034-jk2kc-152962534, networkLocation: /default-rack, certSerialId: null}, Type:RATIS, Factor:THREE, State:OPEN]
2019-09-27 09:29:53,989 [EventQueue-StaleNodeForStaleNodeHandler] INFO  pipeline.PipelineStateManager (PipelineStateManager.java:finalizePipeline(123)) - Pipeline Pipeline[ Id: 96611dd2-c69f-44bb-a857-07cfed83ed1a, Nodes: b4cddf6c-1726-4158-affc-29121d755033{ip: 192.168.164.207, host: pr-hdds2034-jk2kc-152962534, networkLocation: /default-rack, certSerialId: null}cf46e290-a091-4e06-9f92-f0d0996d41f4{ip: 192.168.164.207, host: pr-hdds2034-jk2kc-152962534, networkLocation: /default-rack, certSerialId: null}5edf00d6-0a79-4628-9112-08a4085059e1{ip: 192.168.164.207, host: pr-hdds2034-jk2kc-152962534, networkLocation: /default-rack, certSerialId: null}, Type:RATIS, Factor:THREE, State:CLOSED] moved to CLOSED state
2019-09-27 09:29:53,989 [EventQueue-CloseContainerForCloseContainerEventHandler] INFO  container.CloseContainerEventHandler (CloseContainerEventHandler.java:onMessage(61)) - Close container Event triggered for container : #1
2019-09-27 09:29:53,993 [EventQueue-StaleNodeForStaleNodeHandler] INFO  pipeline.SCMPipelineManager (SCMPipelineManager.java:finalizeAndDestroyPipeline(348)) - destroying pipeline:Pipeline[ Id: ae23ae2e-9ada-4d05-a922-3f1c6e70baf4, Nodes: b4cddf6c-1726-4158-affc-29121d755033{ip: 192.168.164.207, host: pr-hdds2034-jk2kc-152962534, networkLocation: /default-rack, certSerialId: null}, Type:RATIS, Factor:ONE, State:OPEN]
2019-09-27 09:29:53,995 [EventQueue-StaleNodeForStaleNodeHandler] INFO  pipeline.PipelineStateManager (PipelineStateManager.java:finalizePipeline(123)) - Pipeline Pipeline[ Id: ae23ae2e-9ada-4d05-a922-3f1c6e70baf4, Nodes: b4cddf6c-1726-4158-affc-29121d755033{ip: 192.168.164.207, host: pr-hdds2034-jk2kc-152962534, networkLocation: /default-rack, certSerialId: null}, Type:RATIS, Factor:ONE, State:CLOSED] moved to CLOSED state
2019-09-27 09:29:54,150 [main] INFO  ozoneimpl.OzoneContainer (OzoneContainer.java:stop(231)) - Attempting to stop container services.
2019-09-27 09:29:54,151 [main] INFO  impl.RaftServerProxy (RaftServerProxy.java:lambda$close$4(314)) - b4cddf6c-1726-4158-affc-29121d755033: close
2019-09-27 09:29:54,151 [main] INFO  impl.RaftServerImpl (RaftServerImpl.java:lambda$shutdown$3(251)) - b4cddf6c-1726-4158-affc-29121d755033@group-07CFED83ED1A: shutdown
2019-09-27 09:29:54,152 [ForkJoinPool.commonPool-worker-1] INFO  impl.RaftServerImpl (RaftServerImpl.java:lambda$shutdown$3(251)) - b4cddf6c-1726-4158-affc-29121d755033@group-3F1C6E70BAF4: shutdown
2019-09-27 09:29:54,152 [main] INFO  util.JmxRegister (JmxRegister.java:unregister(73)) - Successfully un-registered JMX Bean with object name Ratis:service=RaftServer,group=group-07CFED83ED1A,id=b4cddf6c-1726-4158-affc-29121d755033
2019-09-27 09:29:54,152 [ForkJoinPool.commonPool-worker-1] INFO  util.JmxRegister (JmxRegister.java:unregister(73)) - Successfully un-registered JMX Bean with object name Ratis:service=RaftServer,group=group-3F1C6E70BAF4,id=b4cddf6c-1726-4158-affc-29121d755033
2019-09-27 09:29:54,152 [main] INFO  impl.RoleInfo (RoleInfo.java:shutdownFollowerState(121)) - b4cddf6c-1726-4158-affc-29121d755033: shutdown FollowerState
2019-09-27 09:29:54,152 [ForkJoinPool.commonPool-worker-1] INFO  impl.RoleInfo (RoleInfo.java:shutdownLeaderState(104)) - b4cddf6c-1726-4158-affc-29121d755033: shutdown LeaderState
2019-09-27 09:29:54,153 [Thread-3167] INFO  impl.FollowerState (FollowerState.java:run(115)) - b4cddf6c-1726-4158-affc-29121d755033: FollowerState was interrupted: java.lang.InterruptedException: sleep interrupted
2019-09-27 09:29:54,153 [main] INFO  impl.StateMachineUpdater (StateMachineUpdater.java:stopAndJoin(125)) - b4cddf6c-1726-4158-affc-29121d755033@group-07CFED83ED1A-StateMachineUpdater: set stopIndex = 16
2019-09-27 09:29:54,157 [b4cddf6c-1726-4158-affc-29121d755033@group-07CFED83ED1A-StateMachineUpdater] INFO  ratis.ContainerStateMachine (ContainerStateMachine.java:takeSnapshot(289)) - group-07CFED83ED1A: Taking a snapshot at:(t:1, i:14) file /workdir/hadoop-ozone/integration-test/target/test-dir/MiniOzoneClusterImpl-e8789e20-d44e-4897-90e6-dbedbc9dc13b/datanode-4/data/ratis/96611dd2-c69f-44bb-a857-07cfed83ed1a/sm/snapshot.1_14
2019-09-27 09:29:54,153 [ForkJoinPool.commonPool-worker-1] INFO  impl.PendingRequests (PendingRequests.java:sendNotLeaderResponses(202)) - b4cddf6c-1726-4158-affc-29121d755033-PendingRequests: sendNotLeaderResponses
2019-09-27 09:29:54,158 [ForkJoinPool.commonPool-worker-1] INFO  impl.StateMachineUpdater (StateMachineUpdater.java:stopAndJoin(125)) - b4cddf6c-1726-4158-affc-29121d755033@group-3F1C6E70BAF4-StateMachineUpdater: set stopIndex = 0
2019-09-27 09:29:54,158 [ForkJoinPool.commonPool-worker-1] INFO  impl.RaftServerImpl (ServerState.java:close(385)) - b4cddf6c-1726-4158-affc-29121d755033@group-3F1C6E70BAF4: closes. applyIndex: 0
2019-09-27 09:29:54,158 [b4cddf6c-1726-4158-affc-29121d755033@group-3F1C6E70BAF4-SegmentedRaftLogWorker] INFO  segmented.SegmentedRaftLogWorker (SegmentedRaftLogWorker.java:run(313)) - b4cddf6c-1726-4158-affc-29121d755033@group-3F1C6E70BAF4-SegmentedRaftLogWorker was interrupted, exiting. There are 0 tasks remaining in the queue.
2019-09-27 09:29:54,161 [ForkJoinPool.commonPool-worker-1] INFO  segmented.SegmentedRaftLogWorker (SegmentedRaftLogWorker.java:close(228)) - b4cddf6c-1726-4158-affc-29121d755033@group-3F1C6E70BAF4-SegmentedRaftLogWorker close()
2019-09-27 09:29:54,182 [b4cddf6c-1726-4158-affc-29121d755033@group-07CFED83ED1A-StateMachineUpdater] INFO  ratis.ContainerStateMachine (ContainerStateMachine.java:takeSnapshot(300)) - group-07CFED83ED1A: Finished taking a snapshot at:(t:1, i:14) file:/workdir/hadoop-ozone/integration-test/target/test-dir/MiniOzoneClusterImpl-e8789e20-d44e-4897-90e6-dbedbc9dc13b/datanode-4/data/ratis/96611dd2-c69f-44bb-a857-07cfed83ed1a/sm/snapshot.1_14 time:25
2019-09-27 09:29:54,183 [b4cddf6c-1726-4158-affc-29121d755033@group-07CFED83ED1A-StateMachineUpdater] INFO  impl.StateMachineUpdater (StateMachineUpdater.java:takeSnapshot(258)) - b4cddf6c-1726-4158-affc-29121d755033@group-07CFED83ED1A-StateMachineUpdater: Took a snapshot at index 14
2019-09-27 09:29:54,183 [b4cddf6c-1726-4158-affc-29121d755033@group-07CFED83ED1A-StateMachineUpdater] INFO  impl.StateMachineUpdater (StateMachineUpdater.java:lambda$new$0(83)) - b4cddf6c-1726-4158-affc-29121d755033@group-07CFED83ED1A-StateMachineUpdater: snapshotIndex: updateIncreasingly -1 -> 14
2019-09-27 09:29:54,183 [b4cddf6c-1726-4158-affc-29121d755033@group-07CFED83ED1A-StateMachineUpdater] INFO  ratis.ContainerStateMachine (ContainerStateMachine.java:takeSnapshot(289)) - group-07CFED83ED1A: Taking a snapshot at:(t:1, i:14) file /workdir/hadoop-ozone/integration-test/target/test-dir/MiniOzoneClusterImpl-e8789e20-d44e-4897-90e6-dbedbc9dc13b/datanode-4/data/ratis/96611dd2-c69f-44bb-a857-07cfed83ed1a/sm/snapshot.1_14
2019-09-27 09:29:54,196 [b4cddf6c-1726-4158-affc-29121d755033@group-07CFED83ED1A-StateMachineUpdater] INFO  ratis.ContainerStateMachine (ContainerStateMachine.java:takeSnapshot(300)) - group-07CFED83ED1A: Finished taking a snapshot at:(t:1, i:14) file:/workdir/hadoop-ozone/integration-test/target/test-dir/MiniOzoneClusterImpl-e8789e20-d44e-4897-90e6-dbedbc9dc13b/datanode-4/data/ratis/96611dd2-c69f-44bb-a857-07cfed83ed1a/sm/snapshot.1_14 time:13
2019-09-27 09:29:54,196 [b4cddf6c-1726-4158-affc-29121d755033@group-07CFED83ED1A-StateMachineUpdater] INFO  impl.StateMachineUpdater (StateMachineUpdater.java:takeSnapshot(258)) - b4cddf6c-1726-4158-affc-29121d755033@group-07CFED83ED1A-StateMachineUpdater: Took a snapshot at index 14
2019-09-27 09:29:54,196 [b4cddf6c-1726-4158-affc-29121d755033@group-07CFED83ED1A-StateMachineUpdater] INFO  impl.StateMachineUpdater (StateMachineUpdater.java:lambda$new$0(83)) - b4cddf6c-1726-4158-affc-29121d755033@group-07CFED83ED1A-StateMachineUpdater: snapshotIndex: updateIncreasingly 14 -> 14
2019-09-27 09:29:54,196 [main] INFO  impl.RaftServerImpl (ServerState.java:close(385)) - b4cddf6c-1726-4158-affc-29121d755033@group-07CFED83ED1A: closes. applyIndex: 16
2019-09-27 09:29:54,197 [b4cddf6c-1726-4158-affc-29121d755033@group-07CFED83ED1A-SegmentedRaftLogWorker] INFO  segmented.SegmentedRaftLogWorker (SegmentedRaftLogWorker.java:run(313)) - b4cddf6c-1726-4158-affc-29121d755033@group-07CFED83ED1A-SegmentedRaftLogWorker was interrupted, exiting. There are 0 tasks remaining in the queue.
2019-09-27 09:29:54,199 [main] INFO  segmented.SegmentedRaftLogWorker (SegmentedRaftLogWorker.java:close(228)) - b4cddf6c-1726-4158-affc-29121d755033@group-07CFED83ED1A-SegmentedRaftLogWorker close()
2019-09-27 09:29:54,203 [main] INFO  server.GrpcService (GrpcService.java:closeImpl(164)) - b4cddf6c-1726-4158-affc-29121d755033: shutdown server with port 36506 now
2019-09-27 09:29:54,204 [grpc-default-executor-2] WARN  server.GrpcServerProtocolService (LogUtils.java:warn(134)) - b4cddf6c-1726-4158-affc-29121d755033: installSnapshot onError, lastRequest: 5edf00d6-0a79-4628-9112-08a4085059e1->b4cddf6c-1726-4158-affc-29121d755033#19-t1, previous=(t:1, i:16), leaderCommit=16, initializing? false, entries: <empty>: org.apache.ratis.thirdparty.io.grpc.StatusRuntimeException: CANCELLED: cancelled before receiving half close
2019-09-27 09:29:54,204 [main] INFO  server.GrpcService (GrpcService.java:closeImpl(172)) - b4cddf6c-1726-4158-affc-29121d755033: shutdown server with port 36506 successfully
2019-09-27 09:29:54,204 [grpc-default-executor-8] WARN  server.GrpcLogAppender (LogUtils.java:warn(134)) - 5edf00d6-0a79-4628-9112-08a4085059e1@group-07CFED83ED1A->b4cddf6c-1726-4158-affc-29121d755033-AppendLogResponseHandler: Failed appendEntries: org.apache.ratis.thirdparty.io.grpc.StatusRuntimeException: CANCELLED: HTTP/2 error code: CANCEL
Received Rst Stream
2019-09-27 09:29:54,205 [grpc-default-executor-8] INFO  impl.FollowerInfo (FollowerInfo.java:lambda$new$0(51)) - 5edf00d6-0a79-4628-9112-08a4085059e1@group-07CFED83ED1A->b4cddf6c-1726-4158-affc-29121d755033: nextIndex: updateUnconditionally 17 -> 16
2019-09-27 09:29:54,209 [refreshUsed-/workdir/hadoop-ozone/integration-test/target/test-dir/MiniOzoneClusterImpl-e8789e20-d44e-4897-90e6-dbedbc9dc13b/datanode-4/data/containers] WARN  fs.CachingGetSpaceUsed (CachingGetSpaceUsed.java:run(183)) - Thread Interrupted waiting to refresh disk information: sleep interrupted
2019-09-27 09:29:54,225 [main] INFO  utils.BackgroundService (BackgroundService.java:shutdown(148)) - Shutting down service BlockDeletingService
2019-09-27 09:29:54,231 [main] INFO  statemachine.DatanodeStateMachine (DatanodeStateMachine.java:stopDaemon(401)) - Ozone container server stopped.
2019-09-27 09:29:54,233 [main] INFO  handler.ContextHandler (ContextHandler.java:doStop(910)) - Stopped o.e.j.w.WebAppContext@1b7554d4{/,null,UNAVAILABLE}{/hddsDatanode}
2019-09-27 09:29:54,234 [main] INFO  server.AbstractConnector (AbstractConnector.java:doStop(318)) - Stopped ServerConnector@57ce2898{HTTP/1.1,[http/1.1]}{0.0.0.0:0}
2019-09-27 09:29:54,234 [main] INFO  handler.ContextHandler (ContextHandler.java:doStop(910)) - Stopped o.e.j.s.ServletContextHandler@73a845cb{/static,jar:file:/home/user/.m2/repository/org/apache/hadoop/hadoop-hdds-container-service/0.5.0-SNAPSHOT/hadoop-hdds-container-service-0.5.0-SNAPSHOT.jar!/webapps/static,UNAVAILABLE}
2019-09-27 09:29:54,234 [main] INFO  handler.ContextHandler (ContextHandler.java:doStop(910)) - Stopped o.e.j.s.ServletContextHandler@16e1219f{/logs,file:///workdir/hadoop-ozone/integration-test/target/log,UNAVAILABLE}
2019-09-27 09:29:54,638 [grpc-default-executor-2] WARN  server.GrpcLogAppender (LogUtils.java:warn(134)) - 5edf00d6-0a79-4628-9112-08a4085059e1@group-07CFED83ED1A->b4cddf6c-1726-4158-affc-29121d755033-AppendLogResponseHandler: Failed appendEntries: org.apache.ratis.thirdparty.io.grpc.StatusRuntimeException: UNAVAILABLE: io exception
2019-09-27 09:29:54,638 [grpc-default-executor-2] INFO  impl.FollowerInfo (FollowerInfo.java:lambda$new$0(51)) - 5edf00d6-0a79-4628-9112-08a4085059e1@group-07CFED83ED1A->b4cddf6c-1726-4158-affc-29121d755033: nextIndex: updateUnconditionally 17 -> 16
2019-09-27 09:29:54,718 [grpc-default-executor-7] WARN  server.GrpcLogAppender (LogUtils.java:warn(134)) - 5edf00d6-0a79-4628-9112-08a4085059e1@group-07CFED83ED1A->b4cddf6c-1726-4158-affc-29121d755033-AppendLogResponseHandler: Failed appendEntries: org.apache.ratis.thirdparty.io.grpc.StatusRuntimeException: UNAVAILABLE: io exception
2019-09-27 09:29:54,718 [grpc-default-executor-7] INFO  impl.FollowerInfo (FollowerInfo.java:lambda$new$0(51)) - 5edf00d6-0a79-4628-9112-08a4085059e1@group-07CFED83ED1A->b4cddf6c-1726-4158-affc-29121d755033: nextIndex: updateUnconditionally 17 -> 16
2019-09-27 09:29:55,721 [main] WARN  scm.XceiverClientRatis (XceiverClientRatis.java:watchForCommit(292)) - 3 way commit failed on pipeline Pipeline[ Id: 96611dd2-c69f-44bb-a857-07cfed83ed1a, Nodes: b4cddf6c-1726-4158-affc-29121d755033{ip: 192.168.164.207, host: pr-hdds2034-jk2kc-152962534, networkLocation: /default-rack, certSerialId: null}cf46e290-a091-4e06-9f92-f0d0996d41f4{ip: 192.168.164.207, host: pr-hdds2034-jk2kc-152962534, networkLocation: /default-rack, certSerialId: null}5edf00d6-0a79-4628-9112-08a4085059e1{ip: 192.168.164.207, host: pr-hdds2034-jk2kc-152962534, networkLocation: /default-rack, certSerialId: null}, Type:RATIS, Factor:THREE, State:OPEN]
java.util.concurrent.TimeoutException
	at java.util.concurrent.CompletableFuture.timedGet(CompletableFuture.java:1771)
	at java.util.concurrent.CompletableFuture.get(CompletableFuture.java:1915)
	at org.apache.hadoop.hdds.scm.XceiverClientRatis.watchForCommit(XceiverClientRatis.java:289)
	at org.apache.hadoop.hdds.scm.storage.CommitWatcher.watchForCommit(CommitWatcher.java:194)
	at org.apache.hadoop.hdds.scm.storage.CommitWatcher.watchOnLastIndex(CommitWatcher.java:157)
	at org.apache.hadoop.hdds.scm.storage.BlockOutputStream.watchForCommit(BlockOutputStream.java:347)
	at org.apache.hadoop.hdds.scm.storage.BlockOutputStream.handleFlush(BlockOutputStream.java:479)
	at org.apache.hadoop.hdds.scm.storage.BlockOutputStream.close(BlockOutputStream.java:493)
	at org.apache.hadoop.ozone.client.io.BlockOutputStreamEntry.close(BlockOutputStreamEntry.java:143)
	at org.apache.hadoop.ozone.client.io.KeyOutputStream.handleFlushOrClose(KeyOutputStream.java:439)
	at org.apache.hadoop.ozone.client.io.KeyOutputStream.handleWrite(KeyOutputStream.java:232)
	at org.apache.hadoop.ozone.client.io.KeyOutputStream.write(KeyOutputStream.java:190)
	at org.apache.hadoop.ozone.client.io.OzoneOutputStream.write(OzoneOutputStream.java:49)
	at java.io.OutputStream.write(OutputStream.java:75)
	at org.apache.hadoop.ozone.client.rpc.TestBlockOutputStreamWithFailures.testWatchForCommitDatanodeFailure(TestBlockOutputStreamWithFailures.java:363)
	at sun.reflect.NativeMethodAccessorImpl.invoke0(Native Method)
	at sun.reflect.NativeMethodAccessorImpl.invoke(NativeMethodAccessorImpl.java:62)
	at sun.reflect.DelegatingMethodAccessorImpl.invoke(DelegatingMethodAccessorImpl.java:43)
	at java.lang.reflect.Method.invoke(Method.java:498)
	at org.junit.runners.model.FrameworkMethod$1.runReflectiveCall(FrameworkMethod.java:47)
	at org.junit.internal.runners.model.ReflectiveCallable.run(ReflectiveCallable.java:12)
	at org.junit.runners.model.FrameworkMethod.invokeExplosively(FrameworkMethod.java:44)
	at org.junit.internal.runners.statements.InvokeMethod.evaluate(InvokeMethod.java:17)
	at org.junit.internal.runners.statements.RunBefores.evaluate(RunBefores.java:26)
	at org.junit.internal.runners.statements.RunAfters.evaluate(RunAfters.java:27)
	at org.junit.runners.ParentRunner.runLeaf(ParentRunner.java:271)
	at org.junit.runners.BlockJUnit4ClassRunner.runChild(BlockJUnit4ClassRunner.java:70)
	at org.junit.runners.BlockJUnit4ClassRunner.runChild(BlockJUnit4ClassRunner.java:50)
	at org.junit.runners.ParentRunner$3.run(ParentRunner.java:238)
	at org.junit.runners.ParentRunner$1.schedule(ParentRunner.java:63)
	at org.junit.runners.ParentRunner.runChildren(ParentRunner.java:236)
	at org.junit.runners.ParentRunner.access$000(ParentRunner.java:53)
	at org.junit.runners.ParentRunner$2.evaluate(ParentRunner.java:229)
	at org.junit.runners.ParentRunner.run(ParentRunner.java:309)
	at org.apache.maven.surefire.junit4.JUnit4Provider.execute(JUnit4Provider.java:365)
	at org.apache.maven.surefire.junit4.JUnit4Provider.executeWithRerun(JUnit4Provider.java:273)
	at org.apache.maven.surefire.junit4.JUnit4Provider.executeTestSet(JUnit4Provider.java:238)
	at org.apache.maven.surefire.junit4.JUnit4Provider.invoke(JUnit4Provider.java:159)
	at org.apache.maven.surefire.booter.ForkedBooter.invokeProviderInSameClassLoader(ForkedBooter.java:384)
	at org.apache.maven.surefire.booter.ForkedBooter.runSuitesInProcess(ForkedBooter.java:345)
	at org.apache.maven.surefire.booter.ForkedBooter.execute(ForkedBooter.java:126)
	at org.apache.maven.surefire.booter.ForkedBooter.main(ForkedBooter.java:418)
2019-09-27 09:29:56,724 [main] WARN  storage.CommitWatcher (CommitWatcher.java:watchForCommit(203)) - watchForCommit failed for index 22
java.util.concurrent.TimeoutException
	at java.util.concurrent.CompletableFuture.timedGet(CompletableFuture.java:1771)
	at java.util.concurrent.CompletableFuture.get(CompletableFuture.java:1915)
	at org.apache.hadoop.hdds.scm.XceiverClientRatis.watchForCommit(XceiverClientRatis.java:298)
	at org.apache.hadoop.hdds.scm.storage.CommitWatcher.watchForCommit(CommitWatcher.java:194)
	at org.apache.hadoop.hdds.scm.storage.CommitWatcher.watchOnLastIndex(CommitWatcher.java:157)
	at org.apache.hadoop.hdds.scm.storage.BlockOutputStream.watchForCommit(BlockOutputStream.java:347)
	at org.apache.hadoop.hdds.scm.storage.BlockOutputStream.handleFlush(BlockOutputStream.java:479)
	at org.apache.hadoop.hdds.scm.storage.BlockOutputStream.close(BlockOutputStream.java:493)
	at org.apache.hadoop.ozone.client.io.BlockOutputStreamEntry.close(BlockOutputStreamEntry.java:143)
	at org.apache.hadoop.ozone.client.io.KeyOutputStream.handleFlushOrClose(KeyOutputStream.java:439)
	at org.apache.hadoop.ozone.client.io.KeyOutputStream.handleWrite(KeyOutputStream.java:232)
	at org.apache.hadoop.ozone.client.io.KeyOutputStream.write(KeyOutputStream.java:190)
	at org.apache.hadoop.ozone.client.io.OzoneOutputStream.write(OzoneOutputStream.java:49)
	at java.io.OutputStream.write(OutputStream.java:75)
	at org.apache.hadoop.ozone.client.rpc.TestBlockOutputStreamWithFailures.testWatchForCommitDatanodeFailure(TestBlockOutputStreamWithFailures.java:363)
	at sun.reflect.NativeMethodAccessorImpl.invoke0(Native Method)
	at sun.reflect.NativeMethodAccessorImpl.invoke(NativeMethodAccessorImpl.java:62)
	at sun.reflect.DelegatingMethodAccessorImpl.invoke(DelegatingMethodAccessorImpl.java:43)
	at java.lang.reflect.Method.invoke(Method.java:498)
	at org.junit.runners.model.FrameworkMethod$1.runReflectiveCall(FrameworkMethod.java:47)
	at org.junit.internal.runners.model.ReflectiveCallable.run(ReflectiveCallable.java:12)
	at org.junit.runners.model.FrameworkMethod.invokeExplosively(FrameworkMethod.java:44)
	at org.junit.internal.runners.statements.InvokeMethod.evaluate(InvokeMethod.java:17)
	at org.junit.internal.runners.statements.RunBefores.evaluate(RunBefores.java:26)
	at org.junit.internal.runners.statements.RunAfters.evaluate(RunAfters.java:27)
	at org.junit.runners.ParentRunner.runLeaf(ParentRunner.java:271)
	at org.junit.runners.BlockJUnit4ClassRunner.runChild(BlockJUnit4ClassRunner.java:70)
	at org.junit.runners.BlockJUnit4ClassRunner.runChild(BlockJUnit4ClassRunner.java:50)
	at org.junit.runners.ParentRunner$3.run(ParentRunner.java:238)
	at org.junit.runners.ParentRunner$1.schedule(ParentRunner.java:63)
	at org.junit.runners.ParentRunner.runChildren(ParentRunner.java:236)
	at org.junit.runners.ParentRunner.access$000(ParentRunner.java:53)
	at org.junit.runners.ParentRunner$2.evaluate(ParentRunner.java:229)
	at org.junit.runners.ParentRunner.run(ParentRunner.java:309)
	at org.apache.maven.surefire.junit4.JUnit4Provider.execute(JUnit4Provider.java:365)
	at org.apache.maven.surefire.junit4.JUnit4Provider.executeWithRerun(JUnit4Provider.java:273)
	at org.apache.maven.surefire.junit4.JUnit4Provider.executeTestSet(JUnit4Provider.java:238)
	at org.apache.maven.surefire.junit4.JUnit4Provider.invoke(JUnit4Provider.java:159)
	at org.apache.maven.surefire.booter.ForkedBooter.invokeProviderInSameClassLoader(ForkedBooter.java:384)
	at org.apache.maven.surefire.booter.ForkedBooter.runSuitesInProcess(ForkedBooter.java:345)
	at org.apache.maven.surefire.booter.ForkedBooter.execute(ForkedBooter.java:126)
	at org.apache.maven.surefire.booter.ForkedBooter.main(ForkedBooter.java:418)
2019-09-27 09:29:56,726 [main] WARN  io.KeyOutputStream (KeyOutputStream.java:handleException(274)) - Encountered exception java.io.IOException: Unexpected Storage Container Exception: java.io.IOException: Unexpected Storage Container Exception: java.util.concurrent.TimeoutException on the pipeline Pipeline[ Id: 96611dd2-c69f-44bb-a857-07cfed83ed1a, Nodes: b4cddf6c-1726-4158-affc-29121d755033{ip: 192.168.164.207, host: pr-hdds2034-jk2kc-152962534, networkLocation: /default-rack, certSerialId: null}cf46e290-a091-4e06-9f92-f0d0996d41f4{ip: 192.168.164.207, host: pr-hdds2034-jk2kc-152962534, networkLocation: /default-rack, certSerialId: null}5edf00d6-0a79-4628-9112-08a4085059e1{ip: 192.168.164.207, host: pr-hdds2034-jk2kc-152962534, networkLocation: /default-rack, certSerialId: null}, Type:RATIS, Factor:THREE, State:OPEN]. The last committed block length is 450, uncommitted data length is 350 retry count 0
2019-09-27 09:29:56,935 [grpc-default-executor-7] WARN  server.GrpcLogAppender (LogUtils.java:warn(134)) - 5edf00d6-0a79-4628-9112-08a4085059e1@group-07CFED83ED1A->b4cddf6c-1726-4158-affc-29121d755033-AppendLogResponseHandler: Failed appendEntries: org.apache.ratis.thirdparty.io.grpc.StatusRuntimeException: UNAVAILABLE: io exception
2019-09-27 09:29:56,937 [grpc-default-executor-7] INFO  impl.FollowerInfo (FollowerInfo.java:lambda$new$0(51)) - 5edf00d6-0a79-4628-9112-08a4085059e1@group-07CFED83ED1A->b4cddf6c-1726-4158-affc-29121d755033: nextIndex: updateUnconditionally 17 -> 16
2019-09-27 09:29:56,942 [grpc-default-executor-8] WARN  server.GrpcLogAppender (LogUtils.java:warn(134)) - 5edf00d6-0a79-4628-9112-08a4085059e1@group-07CFED83ED1A->b4cddf6c-1726-4158-affc-29121d755033-AppendLogResponseHandler: Failed appendEntries: org.apache.ratis.thirdparty.io.grpc.StatusRuntimeException: UNAVAILABLE: io exception
2019-09-27 09:29:56,944 [grpc-default-executor-8] INFO  impl.FollowerInfo (FollowerInfo.java:lambda$new$0(51)) - 5edf00d6-0a79-4628-9112-08a4085059e1@group-07CFED83ED1A->b4cddf6c-1726-4158-affc-29121d755033: nextIndex: updateUnconditionally 17 -> 16
2019-09-27 09:29:56,945 [grpc-default-executor-8] WARN  server.GrpcLogAppender (LogUtils.java:warn(134)) - 5edf00d6-0a79-4628-9112-08a4085059e1@group-07CFED83ED1A->b4cddf6c-1726-4158-affc-29121d755033-AppendLogResponseHandler: Failed appendEntries: org.apache.ratis.thirdparty.io.grpc.StatusRuntimeException: UNAVAILABLE: io exception
2019-09-27 09:29:56,946 [grpc-default-executor-8] INFO  impl.FollowerInfo (FollowerInfo.java:lambda$new$0(51)) - 5edf00d6-0a79-4628-9112-08a4085059e1@group-07CFED83ED1A->b4cddf6c-1726-4158-affc-29121d755033: nextIndex: updateUnconditionally 17 -> 16
2019-09-27 09:29:57,044 [RatisApplyTransactionExecutor 1] INFO  interfaces.Container (KeyValueContainer.java:flushAndSyncDB(386)) - Container 1 is synced with bcsId 22.
2019-09-27 09:29:57,044 [RatisApplyTransactionExecutor 1] INFO  interfaces.Container (KeyValueContainer.java:flushAndSyncDB(386)) - Container 1 is synced with bcsId 22.
2019-09-27 09:29:57,044 [RatisApplyTransactionExecutor 1] INFO  interfaces.Container (KeyValueContainer.java:flushAndSyncDB(386)) - Container 1 is synced with bcsId 22.
2019-09-27 09:29:57,045 [RatisApplyTransactionExecutor 1] INFO  interfaces.Container (KeyValueContainer.java:flushAndSyncDB(386)) - Container 1 is synced with bcsId 22.
2019-09-27 09:29:57,072 [RatisApplyTransactionExecutor 1] INFO  interfaces.Container (KeyValueContainer.java:close(335)) - Container 1 is closed with bcsId 22.
2019-09-27 09:29:57,072 [RatisApplyTransactionExecutor 1] INFO  interfaces.Container (KeyValueContainer.java:close(335)) - Container 1 is closed with bcsId 22.
2019-09-27 09:29:57,076 [EventQueue-IncrementalContainerReportForIncrementalContainerReportHandler] INFO  container.IncrementalContainerReportHandler (AbstractContainerReportHandler.java:updateContainerState(176)) - Moving container #1 to CLOSED state, datanode 5edf00d6-0a79-4628-9112-08a4085059e1{ip: 192.168.164.207, host: pr-hdds2034-jk2kc-152962534, networkLocation: /default-rack, certSerialId: null} reported CLOSED replica.
2019-09-27 09:29:57,077 [main] INFO  ozone.MiniOzoneClusterImpl (MiniOzoneClusterImpl.java:shutdown(320)) - Shutting down the Mini Ozone Cluster
2019-09-27 09:29:57,078 [main] INFO  ozone.MiniOzoneClusterImpl (MiniOzoneClusterImpl.java:stop(336)) - Stopping the Mini Ozone Cluster
2019-09-27 09:29:57,078 [main] INFO  ozone.MiniOzoneClusterImpl (MiniOzoneClusterImpl.java:stopOM(406)) - Stopping the OzoneManager
2019-09-27 09:29:57,078 [main] INFO  ipc.Server (Server.java:stop(3082)) - Stopping server on 40739
2019-09-27 09:29:57,086 [IPC Server listener on 40739] INFO  ipc.Server (Server.java:run(1185)) - Stopping IPC Server listener on 40739
2019-09-27 09:29:57,090 [IPC Server Responder] INFO  ipc.Server (Server.java:run(1319)) - Stopping IPC Server Responder
2019-09-27 09:29:57,091 [main] INFO  ratis.OzoneManagerDoubleBuffer (OzoneManagerDoubleBuffer.java:stop(248)) - Stopping OMDoubleBuffer flush thread
2019-09-27 09:29:57,093 [OMDoubleBufferFlushThread] INFO  ratis.OzoneManagerDoubleBuffer (OzoneManagerDoubleBuffer.java:flushTransactions(191)) - OMDoubleBuffer flush thread OMDoubleBufferFlushThread is interrupted and will exit. OMDoubleBufferFlushThread
2019-09-27 09:29:57,102 [main] INFO  utils.BackgroundService (BackgroundService.java:shutdown(148)) - Shutting down service KeyDeletingService
2019-09-27 09:29:57,103 [main] INFO  handler.ContextHandler (ContextHandler.java:doStop(910)) - Stopped o.e.j.w.WebAppContext@656842bc{/,null,UNAVAILABLE}{/ozoneManager}
2019-09-27 09:29:57,104 [main] INFO  server.AbstractConnector (AbstractConnector.java:doStop(318)) - Stopped ServerConnector@6b867ee7{HTTP/1.1,[http/1.1]}{0.0.0.0:0}
2019-09-27 09:29:57,104 [main] INFO  handler.ContextHandler (ContextHandler.java:doStop(910)) - Stopped o.e.j.s.ServletContextHandler@4fea840f{/static,file:///workdir/hadoop-ozone/integration-test/target/test-classes/webapps/static,UNAVAILABLE}
2019-09-27 09:29:57,104 [main] INFO  handler.ContextHandler (ContextHandler.java:doStop(910)) - Stopped o.e.j.s.ServletContextHandler@76563ae7{/logs,file:///workdir/hadoop-ozone/integration-test/target/log,UNAVAILABLE}
2019-09-27 09:29:57,106 [main] INFO  ozone.MiniOzoneClusterImpl (MiniOzoneClusterImpl.java:stopDatanodes(383)) - Stopping the HddsDatanodes
2019-09-27 09:29:57,859 [Datanode State Machine Thread - 0] INFO  statemachine.DatanodeStateMachine (DatanodeStateMachine.java:lambda$startDaemon$0(356)) - Ozone container server started.
2019-09-27 09:29:58,073 [Datanode State Machine Thread - 0] INFO  statemachine.DatanodeStateMachine (DatanodeStateMachine.java:lambda$startDaemon$0(356)) - Ozone container server started.
2019-09-27 09:29:59,452 [grpc-default-executor-8] WARN  server.GrpcLogAppender (LogUtils.java:warn(134)) - 5edf00d6-0a79-4628-9112-08a4085059e1@group-07CFED83ED1A->b4cddf6c-1726-4158-affc-29121d755033-AppendLogResponseHandler: Failed appendEntries: org.apache.ratis.thirdparty.io.grpc.StatusRuntimeException: UNAVAILABLE: io exception
2019-09-27 09:29:59,453 [grpc-default-executor-8] INFO  impl.FollowerInfo (FollowerInfo.java:lambda$new$0(51)) - 5edf00d6-0a79-4628-9112-08a4085059e1@group-07CFED83ED1A->b4cddf6c-1726-4158-affc-29121d755033: nextIndex: updateUnconditionally 16 -> 15
2019-09-27 09:30:01,940 [EventQueue-StaleNodeForStaleNodeHandler] INFO  node.StaleNodeHandler (StaleNodeHandler.java:onMessage(58)) - Datanode 957e8e6f-6264-48fe-9446-a284b22f5345{ip: 192.168.164.207, host: pr-hdds2034-jk2kc-152962534, networkLocation: /default-rack, certSerialId: null} moved to stale state. Finalizing its pipelines [PipelineID=425bb875-b0ff-4e42-a504-f71ef262f48c, PipelineID=f79ebf6d-3f0c-449a-baed-cd1c27e8a675]
2019-09-27 09:30:01,941 [EventQueue-StaleNodeForStaleNodeHandler] INFO  pipeline.SCMPipelineManager (SCMPipelineManager.java:finalizeAndDestroyPipeline(348)) - destroying pipeline:Pipeline[ Id: 425bb875-b0ff-4e42-a504-f71ef262f48c, Nodes: 957e8e6f-6264-48fe-9446-a284b22f5345{ip: 192.168.164.207, host: pr-hdds2034-jk2kc-152962534, networkLocation: /default-rack, certSerialId: null}, Type:RATIS, Factor:ONE, State:OPEN]
2019-09-27 09:30:01,941 [EventQueue-StaleNodeForStaleNodeHandler] INFO  pipeline.PipelineStateManager (PipelineStateManager.java:finalizePipeline(123)) - Pipeline Pipeline[ Id: 425bb875-b0ff-4e42-a504-f71ef262f48c, Nodes: 957e8e6f-6264-48fe-9446-a284b22f5345{ip: 192.168.164.207, host: pr-hdds2034-jk2kc-152962534, networkLocation: /default-rack, certSerialId: null}, Type:RATIS, Factor:ONE, State:CLOSED] moved to CLOSED state
2019-09-27 09:30:01,942 [EventQueue-StaleNodeForStaleNodeHandler] INFO  pipeline.SCMPipelineManager (SCMPipelineManager.java:finalizeAndDestroyPipeline(348)) - destroying pipeline:Pipeline[ Id: f79ebf6d-3f0c-449a-baed-cd1c27e8a675, Nodes: 957e8e6f-6264-48fe-9446-a284b22f5345{ip: 192.168.164.207, host: pr-hdds2034-jk2kc-152962534, networkLocation: /default-rack, certSerialId: null}3500c2db-13f5-4e26-87d2-1522afc87a3c{ip: 192.168.164.207, host: pr-hdds2034-jk2kc-152962534, networkLocation: /default-rack, certSerialId: null}c1881364-9dcc-42c4-84ad-47b5251ecddf{ip: 192.168.164.207, host: pr-hdds2034-jk2kc-152962534, networkLocation: /default-rack, certSerialId: null}, Type:RATIS, Factor:THREE, State:OPEN]
2019-09-27 09:30:01,942 [EventQueue-StaleNodeForStaleNodeHandler] INFO  pipeline.PipelineStateManager (PipelineStateManager.java:finalizePipeline(123)) - Pipeline Pipeline[ Id: f79ebf6d-3f0c-449a-baed-cd1c27e8a675, Nodes: 957e8e6f-6264-48fe-9446-a284b22f5345{ip: 192.168.164.207, host: pr-hdds2034-jk2kc-152962534, networkLocation: /default-rack, certSerialId: null}3500c2db-13f5-4e26-87d2-1522afc87a3c{ip: 192.168.164.207, host: pr-hdds2034-jk2kc-152962534, networkLocation: /default-rack, certSerialId: null}c1881364-9dcc-42c4-84ad-47b5251ecddf{ip: 192.168.164.207, host: pr-hdds2034-jk2kc-152962534, networkLocation: /default-rack, certSerialId: null}, Type:RATIS, Factor:THREE, State:CLOSED] moved to CLOSED state
2019-09-27 09:30:01,942 [EventQueue-CloseContainerForCloseContainerEventHandler] INFO  container.CloseContainerEventHandler (CloseContainerEventHandler.java:onMessage(61)) - Close container Event triggered for container : #2
2019-09-27 09:30:01,952 [grpc-default-executor-8] WARN  server.GrpcLogAppender (LogUtils.java:warn(134)) - 5edf00d6-0a79-4628-9112-08a4085059e1@group-07CFED83ED1A->b4cddf6c-1726-4158-affc-29121d755033-AppendLogResponseHandler: Failed appendEntries: org.apache.ratis.thirdparty.io.grpc.StatusRuntimeException: UNAVAILABLE: io exception
2019-09-27 09:30:01,956 [grpc-default-executor-8] INFO  impl.FollowerInfo (FollowerInfo.java:lambda$new$0(51)) - 5edf00d6-0a79-4628-9112-08a4085059e1@group-07CFED83ED1A->b4cddf6c-1726-4158-affc-29121d755033: nextIndex: updateUnconditionally 15 -> 14
2019-09-27 09:30:02,108 [ForkJoinPool.commonPool-worker-0] INFO  ozoneimpl.OzoneContainer (OzoneContainer.java:stop(231)) - Attempting to stop container services.
2019-09-27 09:30:02,108 [ForkJoinPool.commonPool-worker-0] INFO  impl.RaftServerProxy (RaftServerProxy.java:lambda$close$4(314)) - 957e8e6f-6264-48fe-9446-a284b22f5345: close
2019-09-27 09:30:02,109 [ForkJoinPool.commonPool-worker-0] INFO  impl.RaftServerImpl (RaftServerImpl.java:lambda$shutdown$3(251)) - 957e8e6f-6264-48fe-9446-a284b22f5345@group-F71EF262F48C: shutdown
2019-09-27 09:30:02,110 [main] INFO  ozoneimpl.OzoneContainer (OzoneContainer.java:stop(231)) - Attempting to stop container services.
2019-09-27 09:30:02,111 [ForkJoinPool.commonPool-worker-0] INFO  util.JmxRegister (JmxRegister.java:unregister(73)) - Successfully un-registered JMX Bean with object name Ratis:service=RaftServer,group=group-F71EF262F48C,id=957e8e6f-6264-48fe-9446-a284b22f5345
2019-09-27 09:30:02,112 [main] INFO  impl.RaftServerProxy (RaftServerProxy.java:lambda$close$4(314)) - 5edf00d6-0a79-4628-9112-08a4085059e1: close
2019-09-27 09:30:02,112 [ForkJoinPool.commonPool-worker-0] INFO  impl.RoleInfo (RoleInfo.java:shutdownLeaderState(104)) - 957e8e6f-6264-48fe-9446-a284b22f5345: shutdown LeaderState
2019-09-27 09:30:02,112 [main] INFO  impl.RaftServerImpl (RaftServerImpl.java:lambda$shutdown$3(251)) - 5edf00d6-0a79-4628-9112-08a4085059e1@group-AA56BBDBAEC4: shutdown
2019-09-27 09:30:02,113 [ForkJoinPool.commonPool-worker-0] INFO  impl.PendingRequests (PendingRequests.java:sendNotLeaderResponses(202)) - 957e8e6f-6264-48fe-9446-a284b22f5345-PendingRequests: sendNotLeaderResponses
2019-09-27 09:30:02,113 [main] INFO  util.JmxRegister (JmxRegister.java:unregister(73)) - Successfully un-registered JMX Bean with object name Ratis:service=RaftServer,group=group-AA56BBDBAEC4,id=5edf00d6-0a79-4628-9112-08a4085059e1
2019-09-27 09:30:02,114 [main] INFO  impl.RoleInfo (RoleInfo.java:shutdownLeaderState(104)) - 5edf00d6-0a79-4628-9112-08a4085059e1: shutdown LeaderState
2019-09-27 09:30:02,114 [ForkJoinPool.commonPool-worker-0] INFO  impl.StateMachineUpdater (StateMachineUpdater.java:stopAndJoin(125)) - 957e8e6f-6264-48fe-9446-a284b22f5345@group-F71EF262F48C-StateMachineUpdater: set stopIndex = 0
2019-09-27 09:30:02,114 [main] INFO  impl.PendingRequests (PendingRequests.java:sendNotLeaderResponses(202)) - 5edf00d6-0a79-4628-9112-08a4085059e1-PendingRequests: sendNotLeaderResponses
2019-09-27 09:30:02,115 [ForkJoinPool.commonPool-worker-0] INFO  impl.RaftServerImpl (ServerState.java:close(385)) - 957e8e6f-6264-48fe-9446-a284b22f5345@group-F71EF262F48C: closes. applyIndex: 0
2019-09-27 09:30:02,115 [main] INFO  impl.StateMachineUpdater (StateMachineUpdater.java:stopAndJoin(125)) - 5edf00d6-0a79-4628-9112-08a4085059e1@group-AA56BBDBAEC4-StateMachineUpdater: set stopIndex = 0
2019-09-27 09:30:02,116 [957e8e6f-6264-48fe-9446-a284b22f5345@group-F71EF262F48C-SegmentedRaftLogWorker] INFO  segmented.SegmentedRaftLogWorker (SegmentedRaftLogWorker.java:run(313)) - 957e8e6f-6264-48fe-9446-a284b22f5345@group-F71EF262F48C-SegmentedRaftLogWorker was interrupted, exiting. There are 0 tasks remaining in the queue.
2019-09-27 09:30:02,116 [main] INFO  impl.RaftServerImpl (ServerState.java:close(385)) - 5edf00d6-0a79-4628-9112-08a4085059e1@group-AA56BBDBAEC4: closes. applyIndex: 0
2019-09-27 09:30:02,120 [ForkJoinPool.commonPool-worker-0] INFO  segmented.SegmentedRaftLogWorker (SegmentedRaftLogWorker.java:close(228)) - 957e8e6f-6264-48fe-9446-a284b22f5345@group-F71EF262F48C-SegmentedRaftLogWorker close()
2019-09-27 09:30:02,120 [5edf00d6-0a79-4628-9112-08a4085059e1@group-AA56BBDBAEC4-SegmentedRaftLogWorker] INFO  segmented.SegmentedRaftLogWorker (SegmentedRaftLogWorker.java:run(313)) - 5edf00d6-0a79-4628-9112-08a4085059e1@group-AA56BBDBAEC4-SegmentedRaftLogWorker was interrupted, exiting. There are 0 tasks remaining in the queue.
2019-09-27 09:30:02,123 [ForkJoinPool.commonPool-worker-0] INFO  impl.RaftServerImpl (RaftServerImpl.java:lambda$shutdown$3(251)) - 957e8e6f-6264-48fe-9446-a284b22f5345@group-CD1C27E8A675: shutdown
2019-09-27 09:30:02,125 [ForkJoinPool.commonPool-worker-0] INFO  util.JmxRegister (JmxRegister.java:unregister(73)) - Successfully un-registered JMX Bean with object name Ratis:service=RaftServer,group=group-CD1C27E8A675,id=957e8e6f-6264-48fe-9446-a284b22f5345
2019-09-27 09:30:02,125 [main] INFO  segmented.SegmentedRaftLogWorker (SegmentedRaftLogWorker.java:close(228)) - 5edf00d6-0a79-4628-9112-08a4085059e1@group-AA56BBDBAEC4-SegmentedRaftLogWorker close()
2019-09-27 09:30:02,125 [ForkJoinPool.commonPool-worker-0] INFO  impl.RoleInfo (RoleInfo.java:shutdownFollowerState(121)) - 957e8e6f-6264-48fe-9446-a284b22f5345: shutdown FollowerState
2019-09-27 09:30:02,129 [main] INFO  impl.RaftServerImpl (RaftServerImpl.java:lambda$shutdown$3(251)) - 5edf00d6-0a79-4628-9112-08a4085059e1@group-07CFED83ED1A: shutdown
2019-09-27 09:30:02,130 [Thread-3163] INFO  impl.FollowerState (FollowerState.java:run(115)) - 957e8e6f-6264-48fe-9446-a284b22f5345: FollowerState was interrupted: java.lang.InterruptedException: sleep interrupted
2019-09-27 09:30:02,130 [957e8e6f-6264-48fe-9446-a284b22f5345@group-CD1C27E8A675-StateMachineUpdater] INFO  ratis.ContainerStateMachine (ContainerStateMachine.java:takeSnapshot(289)) - group-CD1C27E8A675: Taking a snapshot at:(t:1, i:14) file /workdir/hadoop-ozone/integration-test/target/test-dir/MiniOzoneClusterImpl-e8789e20-d44e-4897-90e6-dbedbc9dc13b/datanode-1/data/ratis/f79ebf6d-3f0c-449a-baed-cd1c27e8a675/sm/snapshot.1_14
2019-09-27 09:30:02,129 [ForkJoinPool.commonPool-worker-0] INFO  impl.StateMachineUpdater (StateMachineUpdater.java:stopAndJoin(125)) - 957e8e6f-6264-48fe-9446-a284b22f5345@group-CD1C27E8A675-StateMachineUpdater: set stopIndex = 16
2019-09-27 09:30:02,130 [main] INFO  util.JmxRegister (JmxRegister.java:unregister(73)) - Successfully un-registered JMX Bean with object name Ratis:service=RaftServer,group=group-07CFED83ED1A,id=5edf00d6-0a79-4628-9112-08a4085059e1
2019-09-27 09:30:02,132 [main] INFO  impl.RoleInfo (RoleInfo.java:shutdownLeaderState(104)) - 5edf00d6-0a79-4628-9112-08a4085059e1: shutdown LeaderState
2019-09-27 09:30:02,135 [main] INFO  impl.PendingRequests (PendingRequests.java:sendNotLeaderResponses(202)) - 5edf00d6-0a79-4628-9112-08a4085059e1-PendingRequests: sendNotLeaderResponses
2019-09-27 09:30:02,136 [org.apache.ratis.server.impl.LogAppender$AppenderDaemon$$Lambda$874/470839323@4b4b57c6] WARN  server.GrpcLogAppender (GrpcLogAppender.java:mayWait(143)) - 5edf00d6-0a79-4628-9112-08a4085059e1@group-07CFED83ED1A->cf46e290-a091-4e06-9f92-f0d0996d41f4-GrpcLogAppender: Wait interrupted by java.lang.InterruptedException
2019-09-27 09:30:02,135 [org.apache.ratis.server.impl.LogAppender$AppenderDaemon$$Lambda$874/470839323@426b1cdf] WARN  server.GrpcLogAppender (GrpcLogAppender.java:mayWait(143)) - 5edf00d6-0a79-4628-9112-08a4085059e1@group-07CFED83ED1A->b4cddf6c-1726-4158-affc-29121d755033-GrpcLogAppender: Wait interrupted by java.lang.InterruptedException
2019-09-27 09:30:02,138 [main] INFO  impl.StateMachineUpdater (StateMachineUpdater.java:stopAndJoin(125)) - 5edf00d6-0a79-4628-9112-08a4085059e1@group-07CFED83ED1A-StateMachineUpdater: set stopIndex = 26
2019-09-27 09:30:02,138 [grpc-default-executor-8] INFO  server.GrpcServerProtocolService (GrpcServerProtocolService.java:onCompleted(113)) - cf46e290-a091-4e06-9f92-f0d0996d41f4: Completed APPEND_ENTRIES, lastRequest: 5edf00d6-0a79-4628-9112-08a4085059e1->cf46e290-a091-4e06-9f92-f0d0996d41f4#31-t1, previous=(t:1, i:26), leaderCommit=26, initializing? false, entries: <empty>
2019-09-27 09:30:02,138 [5edf00d6-0a79-4628-9112-08a4085059e1@group-07CFED83ED1A-StateMachineUpdater] INFO  ratis.ContainerStateMachine (ContainerStateMachine.java:takeSnapshot(289)) - group-07CFED83ED1A: Taking a snapshot at:(t:1, i:26) file /workdir/hadoop-ozone/integration-test/target/test-dir/MiniOzoneClusterImpl-e8789e20-d44e-4897-90e6-dbedbc9dc13b/datanode-3/data/ratis/96611dd2-c69f-44bb-a857-07cfed83ed1a/sm/snapshot.1_26
2019-09-27 09:30:02,139 [grpc-default-executor-0] INFO  server.GrpcLogAppender (GrpcLogAppender.java:onCompleted(293)) - 5edf00d6-0a79-4628-9112-08a4085059e1@group-07CFED83ED1A->cf46e290-a091-4e06-9f92-f0d0996d41f4-AppendLogResponseHandler: follower responses appendEntries COMPLETED
2019-09-27 09:30:02,140 [grpc-default-executor-0] INFO  impl.FollowerInfo (FollowerInfo.java:lambda$new$0(51)) - 5edf00d6-0a79-4628-9112-08a4085059e1@group-07CFED83ED1A->cf46e290-a091-4e06-9f92-f0d0996d41f4: nextIndex: updateUnconditionally 27 -> 26
2019-09-27 09:30:02,140 [Thread-3330] INFO  client.GrpcClientProtocolService (GrpcClientProtocolService.java:lambda$processClientRequest$0(278)) - Failed RaftClientRequest:client-8D7659FA02A3->5edf00d6-0a79-4628-9112-08a4085059e1@group-07CFED83ED1A, cid=191, seq=0, Watch-ALL_COMMITTED(22), Message:<EMPTY>, reply=RaftClientReply:client-8D7659FA02A3->5edf00d6-0a79-4628-9112-08a4085059e1@group-07CFED83ED1A, cid=191, FAILED org.apache.ratis.protocol.NotLeaderException: Server 5edf00d6-0a79-4628-9112-08a4085059e1@group-07CFED83ED1A is not the leader, logIndex=0, commits[5edf00d6-0a79-4628-9112-08a4085059e1:c26]
2019-09-27 09:30:02,140 [EventQueue-StaleNodeForStaleNodeHandler] INFO  node.StaleNodeHandler (StaleNodeHandler.java:onMessage(58)) - Datanode 5edf00d6-0a79-4628-9112-08a4085059e1{ip: 192.168.164.207, host: pr-hdds2034-jk2kc-152962534, networkLocation: /default-rack, certSerialId: null} moved to stale state. Finalizing its pipelines [PipelineID=f23bfbdc-46cf-4f6d-b9d9-aa56bbdbaec4, PipelineID=96611dd2-c69f-44bb-a857-07cfed83ed1a]
2019-09-27 09:30:02,140 [Thread-3329] INFO  client.GrpcClientProtocolService (GrpcClientProtocolService.java:lambda$processClientRequest$0(278)) - Failed RaftClientRequest:client-8D7659FA02A3->5edf00d6-0a79-4628-9112-08a4085059e1@group-07CFED83ED1A, cid=191, seq=0, Watch-ALL_COMMITTED(22), Message:<EMPTY>, reply=RaftClientReply:client-8D7659FA02A3->5edf00d6-0a79-4628-9112-08a4085059e1@group-07CFED83ED1A, cid=191, FAILED org.apache.ratis.protocol.NotLeaderException: Server 5edf00d6-0a79-4628-9112-08a4085059e1@group-07CFED83ED1A is not the leader, logIndex=0, commits[5edf00d6-0a79-4628-9112-08a4085059e1:c26]
2019-09-27 09:30:02,141 [EventQueue-StaleNodeForStaleNodeHandler] INFO  pipeline.SCMPipelineManager (SCMPipelineManager.java:finalizeAndDestroyPipeline(348)) - destroying pipeline:Pipeline[ Id: f23bfbdc-46cf-4f6d-b9d9-aa56bbdbaec4, Nodes: 5edf00d6-0a79-4628-9112-08a4085059e1{ip: 192.168.164.207, host: pr-hdds2034-jk2kc-152962534, networkLocation: /default-rack, certSerialId: null}, Type:RATIS, Factor:ONE, State:OPEN]
2019-09-27 09:30:02,142 [EventQueue-StaleNodeForStaleNodeHandler] INFO  pipeline.PipelineStateManager (PipelineStateManager.java:finalizePipeline(123)) - Pipeline Pipeline[ Id: f23bfbdc-46cf-4f6d-b9d9-aa56bbdbaec4, Nodes: 5edf00d6-0a79-4628-9112-08a4085059e1{ip: 192.168.164.207, host: pr-hdds2034-jk2kc-152962534, networkLocation: /default-rack, certSerialId: null}, Type:RATIS, Factor:ONE, State:CLOSED] moved to CLOSED state
2019-09-27 09:30:02,143 [EventQueue-StaleNodeForStaleNodeHandler] INFO  pipeline.SCMPipelineManager (SCMPipelineManager.java:finalizeAndDestroyPipeline(348)) - destroying pipeline:Pipeline[ Id: 96611dd2-c69f-44bb-a857-07cfed83ed1a, Nodes: b4cddf6c-1726-4158-affc-29121d755033{ip: 192.168.164.207, host: pr-hdds2034-jk2kc-152962534, networkLocation: /default-rack, certSerialId: null}cf46e290-a091-4e06-9f92-f0d0996d41f4{ip: 192.168.164.207, host: pr-hdds2034-jk2kc-152962534, networkLocation: /default-rack, certSerialId: null}5edf00d6-0a79-4628-9112-08a4085059e1{ip: 192.168.164.207, host: pr-hdds2034-jk2kc-152962534, networkLocation: /default-rack, certSerialId: null}, Type:RATIS, Factor:THREE, State:CLOSED]
2019-09-27 09:30:02,157 [957e8e6f-6264-48fe-9446-a284b22f5345@group-CD1C27E8A675-StateMachineUpdater] INFO  ratis.ContainerStateMachine (ContainerStateMachine.java:takeSnapshot(300)) - group-CD1C27E8A675: Finished taking a snapshot at:(t:1, i:14) file:/workdir/hadoop-ozone/integration-test/target/test-dir/MiniOzoneClusterImpl-e8789e20-d44e-4897-90e6-dbedbc9dc13b/datanode-1/data/ratis/f79ebf6d-3f0c-449a-baed-cd1c27e8a675/sm/snapshot.1_14 time:28
2019-09-27 09:30:02,159 [5edf00d6-0a79-4628-9112-08a4085059e1@group-07CFED83ED1A-StateMachineUpdater] INFO  ratis.ContainerStateMachine (ContainerStateMachine.java:takeSnapshot(300)) - group-07CFED83ED1A: Finished taking a snapshot at:(t:1, i:26) file:/workdir/hadoop-ozone/integration-test/target/test-dir/MiniOzoneClusterImpl-e8789e20-d44e-4897-90e6-dbedbc9dc13b/datanode-3/data/ratis/96611dd2-c69f-44bb-a857-07cfed83ed1a/sm/snapshot.1_26 time:19
2019-09-27 09:30:02,161 [957e8e6f-6264-48fe-9446-a284b22f5345@group-CD1C27E8A675-StateMachineUpdater] INFO  impl.StateMachineUpdater (StateMachineUpdater.java:takeSnapshot(258)) - 957e8e6f-6264-48fe-9446-a284b22f5345@group-CD1C27E8A675-StateMachineUpdater: Took a snapshot at index 14
2019-09-27 09:30:02,161 [5edf00d6-0a79-4628-9112-08a4085059e1@group-07CFED83ED1A-StateMachineUpdater] INFO  impl.StateMachineUpdater (StateMachineUpdater.java:takeSnapshot(258)) - 5edf00d6-0a79-4628-9112-08a4085059e1@group-07CFED83ED1A-StateMachineUpdater: Took a snapshot at index 26
2019-09-27 09:30:02,161 [957e8e6f-6264-48fe-9446-a284b22f5345@group-CD1C27E8A675-StateMachineUpdater] INFO  impl.StateMachineUpdater (StateMachineUpdater.java:lambda$new$0(83)) - 957e8e6f-6264-48fe-9446-a284b22f5345@group-CD1C27E8A675-StateMachineUpdater: snapshotIndex: updateIncreasingly -1 -> 14
2019-09-27 09:30:02,161 [5edf00d6-0a79-4628-9112-08a4085059e1@group-07CFED83ED1A-StateMachineUpdater] INFO  impl.StateMachineUpdater (StateMachineUpdater.java:lambda$new$0(83)) - 5edf00d6-0a79-4628-9112-08a4085059e1@group-07CFED83ED1A-StateMachineUpdater: snapshotIndex: updateIncreasingly -1 -> 26
2019-09-27 09:30:02,162 [957e8e6f-6264-48fe-9446-a284b22f5345@group-CD1C27E8A675-StateMachineUpdater] INFO  ratis.ContainerStateMachine (ContainerStateMachine.java:takeSnapshot(289)) - group-CD1C27E8A675: Taking a snapshot at:(t:1, i:14) file /workdir/hadoop-ozone/integration-test/target/test-dir/MiniOzoneClusterImpl-e8789e20-d44e-4897-90e6-dbedbc9dc13b/datanode-1/data/ratis/f79ebf6d-3f0c-449a-baed-cd1c27e8a675/sm/snapshot.1_14
2019-09-27 09:30:02,162 [main] INFO  impl.RaftServerImpl (ServerState.java:close(385)) - 5edf00d6-0a79-4628-9112-08a4085059e1@group-07CFED83ED1A: closes. applyIndex: 26
2019-09-27 09:30:02,163 [5edf00d6-0a79-4628-9112-08a4085059e1@group-07CFED83ED1A-SegmentedRaftLogWorker] INFO  segmented.SegmentedRaftLogWorker (SegmentedRaftLogWorker.java:run(313)) - 5edf00d6-0a79-4628-9112-08a4085059e1@group-07CFED83ED1A-SegmentedRaftLogWorker was interrupted, exiting. There are 0 tasks remaining in the queue.
2019-09-27 09:30:02,164 [main] INFO  segmented.SegmentedRaftLogWorker (SegmentedRaftLogWorker.java:close(228)) - 5edf00d6-0a79-4628-9112-08a4085059e1@group-07CFED83ED1A-SegmentedRaftLogWorker close()
2019-09-27 09:30:02,167 [main] INFO  server.GrpcService (GrpcService.java:closeImpl(164)) - 5edf00d6-0a79-4628-9112-08a4085059e1: shutdown server with port 39793 now
2019-09-27 09:30:02,167 [957e8e6f-6264-48fe-9446-a284b22f5345@group-CD1C27E8A675-StateMachineUpdater] INFO  ratis.ContainerStateMachine (ContainerStateMachine.java:takeSnapshot(300)) - group-CD1C27E8A675: Finished taking a snapshot at:(t:1, i:14) file:/workdir/hadoop-ozone/integration-test/target/test-dir/MiniOzoneClusterImpl-e8789e20-d44e-4897-90e6-dbedbc9dc13b/datanode-1/data/ratis/f79ebf6d-3f0c-449a-baed-cd1c27e8a675/sm/snapshot.1_14 time:6
2019-09-27 09:30:02,168 [957e8e6f-6264-48fe-9446-a284b22f5345@group-CD1C27E8A675-StateMachineUpdater] INFO  impl.StateMachineUpdater (StateMachineUpdater.java:takeSnapshot(258)) - 957e8e6f-6264-48fe-9446-a284b22f5345@group-CD1C27E8A675-StateMachineUpdater: Took a snapshot at index 14
2019-09-27 09:30:02,168 [957e8e6f-6264-48fe-9446-a284b22f5345@group-CD1C27E8A675-StateMachineUpdater] INFO  impl.StateMachineUpdater (StateMachineUpdater.java:lambda$new$0(83)) - 957e8e6f-6264-48fe-9446-a284b22f5345@group-CD1C27E8A675-StateMachineUpdater: snapshotIndex: updateIncreasingly 14 -> 14
2019-09-27 09:30:02,168 [grpc-default-executor-8] WARN  client.GrpcClientProtocolService (LogUtils.java:warn(134)) - 2-UnorderedRequestStreamObserver2: onError: org.apache.ratis.thirdparty.io.grpc.StatusRuntimeException: CANCELLED: cancelled before receiving half close
2019-09-27 09:30:02,168 [main] INFO  server.GrpcService (GrpcService.java:closeImpl(172)) - 5edf00d6-0a79-4628-9112-08a4085059e1: shutdown server with port 39793 successfully
2019-09-27 09:30:02,168 [ForkJoinPool.commonPool-worker-0] INFO  impl.RaftServerImpl (ServerState.java:close(385)) - 957e8e6f-6264-48fe-9446-a284b22f5345@group-CD1C27E8A675: closes. applyIndex: 16
2019-09-27 09:30:02,169 [957e8e6f-6264-48fe-9446-a284b22f5345@group-CD1C27E8A675-SegmentedRaftLogWorker] INFO  segmented.SegmentedRaftLogWorker (SegmentedRaftLogWorker.java:run(313)) - 957e8e6f-6264-48fe-9446-a284b22f5345@group-CD1C27E8A675-SegmentedRaftLogWorker was interrupted, exiting. There are 0 tasks remaining in the queue.
2019-09-27 09:30:02,171 [ForkJoinPool.commonPool-worker-0] INFO  segmented.SegmentedRaftLogWorker (SegmentedRaftLogWorker.java:close(228)) - 957e8e6f-6264-48fe-9446-a284b22f5345@group-CD1C27E8A675-SegmentedRaftLogWorker close()
2019-09-27 09:30:02,174 [ForkJoinPool.commonPool-worker-0] INFO  server.GrpcService (GrpcService.java:closeImpl(164)) - 957e8e6f-6264-48fe-9446-a284b22f5345: shutdown server with port 37145 now
2019-09-27 09:30:02,176 [refreshUsed-/workdir/hadoop-ozone/integration-test/target/test-dir/MiniOzoneClusterImpl-e8789e20-d44e-4897-90e6-dbedbc9dc13b/datanode-3/data/containers] WARN  fs.CachingGetSpaceUsed (CachingGetSpaceUsed.java:run(183)) - Thread Interrupted waiting to refresh disk information: sleep interrupted
2019-09-27 09:30:02,177 [grpc-default-executor-8] WARN  server.GrpcServerProtocolService (LogUtils.java:warn(134)) - 957e8e6f-6264-48fe-9446-a284b22f5345: installSnapshot onError, lastRequest: c1881364-9dcc-42c4-84ad-47b5251ecddf->957e8e6f-6264-48fe-9446-a284b22f5345#22-t1, previous=(t:1, i:16), leaderCommit=16, initializing? false, entries: <empty>: org.apache.ratis.thirdparty.io.grpc.StatusRuntimeException: CANCELLED: cancelled before receiving half close
2019-09-27 09:30:02,177 [ForkJoinPool.commonPool-worker-0] INFO  server.GrpcService (GrpcService.java:closeImpl(172)) - 957e8e6f-6264-48fe-9446-a284b22f5345: shutdown server with port 37145 successfully
2019-09-27 09:30:02,177 [grpc-default-executor-0] WARN  server.GrpcLogAppender (LogUtils.java:warn(134)) - c1881364-9dcc-42c4-84ad-47b5251ecddf@group-CD1C27E8A675->957e8e6f-6264-48fe-9446-a284b22f5345-AppendLogResponseHandler: Failed appendEntries: org.apache.ratis.thirdparty.io.grpc.StatusRuntimeException: CANCELLED: HTTP/2 error code: CANCEL
Received Rst Stream
2019-09-27 09:30:02,178 [grpc-default-executor-0] INFO  impl.FollowerInfo (FollowerInfo.java:lambda$new$0(51)) - c1881364-9dcc-42c4-84ad-47b5251ecddf@group-CD1C27E8A675->957e8e6f-6264-48fe-9446-a284b22f5345: nextIndex: updateUnconditionally 17 -> 16
2019-09-27 09:30:02,179 [refreshUsed-/workdir/hadoop-ozone/integration-test/target/test-dir/MiniOzoneClusterImpl-e8789e20-d44e-4897-90e6-dbedbc9dc13b/datanode-1/data/containers] WARN  fs.CachingGetSpaceUsed (CachingGetSpaceUsed.java:run(183)) - Thread Interrupted waiting to refresh disk information: sleep interrupted
2019-09-27 09:30:02,199 [ForkJoinPool.commonPool-worker-0] INFO  utils.BackgroundService (BackgroundService.java:shutdown(148)) - Shutting down service BlockDeletingService
2019-09-27 09:30:02,200 [main] INFO  utils.BackgroundService (BackgroundService.java:shutdown(148)) - Shutting down service BlockDeletingService
2019-09-27 09:30:02,205 [ForkJoinPool.commonPool-worker-0] INFO  statemachine.DatanodeStateMachine (DatanodeStateMachine.java:stopDaemon(401)) - Ozone container server stopped.
2019-09-27 09:30:02,208 [main] INFO  statemachine.DatanodeStateMachine (DatanodeStateMachine.java:stopDaemon(401)) - Ozone container server stopped.
2019-09-27 09:30:02,212 [ForkJoinPool.commonPool-worker-0] INFO  handler.ContextHandler (ContextHandler.java:doStop(910)) - Stopped o.e.j.w.WebAppContext@325162e9{/,null,UNAVAILABLE}{/hddsDatanode}
2019-09-27 09:30:02,212 [main] INFO  handler.ContextHandler (ContextHandler.java:doStop(910)) - Stopped o.e.j.w.WebAppContext@67c6f4d8{/,null,UNAVAILABLE}{/hddsDatanode}
2019-09-27 09:30:02,212 [ForkJoinPool.commonPool-worker-0] INFO  server.AbstractConnector (AbstractConnector.java:doStop(318)) - Stopped ServerConnector@1ee40b5c{HTTP/1.1,[http/1.1]}{0.0.0.0:0}
2019-09-27 09:30:02,212 [main] INFO  server.AbstractConnector (AbstractConnector.java:doStop(318)) - Stopped ServerConnector@3a6e9856{HTTP/1.1,[http/1.1]}{0.0.0.0:0}
2019-09-27 09:30:02,214 [ForkJoinPool.commonPool-worker-0] INFO  handler.ContextHandler (ContextHandler.java:doStop(910)) - Stopped o.e.j.s.ServletContextHandler@13278a41{/static,jar:file:/home/user/.m2/repository/org/apache/hadoop/hadoop-hdds-container-service/0.5.0-SNAPSHOT/hadoop-hdds-container-service-0.5.0-SNAPSHOT.jar!/webapps/static,UNAVAILABLE}
2019-09-27 09:30:02,214 [main] INFO  handler.ContextHandler (ContextHandler.java:doStop(910)) - Stopped o.e.j.s.ServletContextHandler@47187f50{/static,jar:file:/home/user/.m2/repository/org/apache/hadoop/hadoop-hdds-container-service/0.5.0-SNAPSHOT/hadoop-hdds-container-service-0.5.0-SNAPSHOT.jar!/webapps/static,UNAVAILABLE}
2019-09-27 09:30:02,216 [ForkJoinPool.commonPool-worker-0] INFO  handler.ContextHandler (ContextHandler.java:doStop(910)) - Stopped o.e.j.s.ServletContextHandler@129c4d19{/logs,file:///workdir/hadoop-ozone/integration-test/target/log,UNAVAILABLE}
2019-09-27 09:30:02,216 [main] INFO  handler.ContextHandler (ContextHandler.java:doStop(910)) - Stopped o.e.j.s.ServletContextHandler@788e3702{/logs,file:///workdir/hadoop-ozone/integration-test/target/log,UNAVAILABLE}
2019-09-27 09:30:02,638 [Datanode State Machine Thread - 0] INFO  statemachine.DatanodeStateMachine (DatanodeStateMachine.java:lambda$startDaemon$0(356)) - Ozone container server started.
2019-09-27 09:30:02,861 [Datanode State Machine Thread - 0] INFO  statemachine.DatanodeStateMachine (DatanodeStateMachine.java:lambda$startDaemon$0(356)) - Ozone container server started.
2019-09-27 09:30:03,888 [grpc-default-executor-7] WARN  server.GrpcLogAppender (LogUtils.java:warn(134)) - c1881364-9dcc-42c4-84ad-47b5251ecddf@group-CD1C27E8A675->957e8e6f-6264-48fe-9446-a284b22f5345-AppendLogResponseHandler: Failed appendEntries: org.apache.ratis.thirdparty.io.grpc.StatusRuntimeException: UNAVAILABLE: io exception
2019-09-27 09:30:03,888 [grpc-default-executor-7] INFO  impl.FollowerInfo (FollowerInfo.java:lambda$new$0(51)) - c1881364-9dcc-42c4-84ad-47b5251ecddf@group-CD1C27E8A675->957e8e6f-6264-48fe-9446-a284b22f5345: nextIndex: updateUnconditionally 17 -> 16
2019-09-27 09:30:03,900 [grpc-default-executor-8] WARN  server.GrpcLogAppender (LogUtils.java:warn(134)) - c1881364-9dcc-42c4-84ad-47b5251ecddf@group-CD1C27E8A675->957e8e6f-6264-48fe-9446-a284b22f5345-AppendLogResponseHandler: Failed appendEntries: org.apache.ratis.thirdparty.io.grpc.StatusRuntimeException: UNAVAILABLE: io exception
2019-09-27 09:30:03,900 [grpc-default-executor-8] INFO  impl.FollowerInfo (FollowerInfo.java:lambda$new$0(51)) - c1881364-9dcc-42c4-84ad-47b5251ecddf@group-CD1C27E8A675->957e8e6f-6264-48fe-9446-a284b22f5345: nextIndex: updateUnconditionally 17 -> 16
2019-09-27 09:30:03,914 [grpc-default-executor-7] WARN  server.GrpcLogAppender (LogUtils.java:warn(134)) - c1881364-9dcc-42c4-84ad-47b5251ecddf@group-CD1C27E8A675->957e8e6f-6264-48fe-9446-a284b22f5345-AppendLogResponseHandler: Failed appendEntries: org.apache.ratis.thirdparty.io.grpc.StatusRuntimeException: UNAVAILABLE: io exception
2019-09-27 09:30:03,914 [grpc-default-executor-7] INFO  impl.FollowerInfo (FollowerInfo.java:lambda$new$0(51)) - c1881364-9dcc-42c4-84ad-47b5251ecddf@group-CD1C27E8A675->957e8e6f-6264-48fe-9446-a284b22f5345: nextIndex: updateUnconditionally 17 -> 16
2019-09-27 09:30:03,923 [RatisApplyTransactionExecutor 2] INFO  interfaces.Container (KeyValueContainer.java:flushAndSyncDB(386)) - Container 2 is synced with bcsId 14.
2019-09-27 09:30:03,923 [RatisApplyTransactionExecutor 2] INFO  interfaces.Container (KeyValueContainer.java:flushAndSyncDB(386)) - Container 2 is synced with bcsId 14.
2019-09-27 09:30:03,939 [RatisApplyTransactionExecutor 2] INFO  interfaces.Container (KeyValueContainer.java:flushAndSyncDB(386)) - Container 2 is synced with bcsId 14.
2019-09-27 09:30:03,939 [RatisApplyTransactionExecutor 2] INFO  interfaces.Container (KeyValueContainer.java:close(335)) - Container 2 is closed with bcsId 14.
2019-09-27 09:30:03,939 [RatisApplyTransactionExecutor 2] INFO  interfaces.Container (KeyValueContainer.java:flushAndSyncDB(386)) - Container 2 is synced with bcsId 14.
2019-09-27 09:30:03,940 [EventQueue-IncrementalContainerReportForIncrementalContainerReportHandler] INFO  container.IncrementalContainerReportHandler (AbstractContainerReportHandler.java:updateContainerState(176)) - Moving container #2 to CLOSED state, datanode c1881364-9dcc-42c4-84ad-47b5251ecddf{ip: 192.168.164.207, host: pr-hdds2034-jk2kc-152962534, networkLocation: /default-rack, certSerialId: null} reported CLOSED replica.
2019-09-27 09:30:03,953 [RatisApplyTransactionExecutor 2] INFO  interfaces.Container (KeyValueContainer.java:close(335)) - Container 2 is closed with bcsId 14.
2019-09-27 09:30:04,755 [Thread-3337] INFO  client.GrpcClientProtocolService (GrpcClientProtocolService.java:lambda$processClientRequest$0(278)) - Failed RaftClientRequest:client-8D7659FA02A3->cf46e290-a091-4e06-9f92-f0d0996d41f4@group-07CFED83ED1A, cid=191, seq=0, Watch-ALL_COMMITTED(22), Message:<EMPTY>, reply=RaftClientReply:client-8D7659FA02A3->cf46e290-a091-4e06-9f92-f0d0996d41f4@group-07CFED83ED1A, cid=191, FAILED org.apache.ratis.protocol.NotLeaderException: Server cf46e290-a091-4e06-9f92-f0d0996d41f4@group-07CFED83ED1A is not the leader 5edf00d6-0a79-4628-9112-08a4085059e1:192.168.164.207:39793, logIndex=0, commits[cf46e290-a091-4e06-9f92-f0d0996d41f4:c26, b4cddf6c-1726-4158-affc-29121d755033:c16, 5edf00d6-0a79-4628-9112-08a4085059e1:c26]
2019-09-27 09:30:06,418 [grpc-default-executor-8] WARN  server.GrpcLogAppender (LogUtils.java:warn(134)) - c1881364-9dcc-42c4-84ad-47b5251ecddf@group-CD1C27E8A675->957e8e6f-6264-48fe-9446-a284b22f5345-AppendLogResponseHandler: Failed appendEntries: org.apache.ratis.thirdparty.io.grpc.StatusRuntimeException: UNAVAILABLE: io exception
2019-09-27 09:30:06,419 [grpc-default-executor-8] INFO  impl.FollowerInfo (FollowerInfo.java:lambda$new$0(51)) - c1881364-9dcc-42c4-84ad-47b5251ecddf@group-CD1C27E8A675->957e8e6f-6264-48fe-9446-a284b22f5345: nextIndex: updateUnconditionally 16 -> 15
2019-09-27 09:30:06,653 [EventQueue-StaleNodeForStaleNodeHandler] INFO  node.StaleNodeHandler (StaleNodeHandler.java:onMessage(58)) - Datanode 574bfb90-d286-488d-ba4e-6dbfeac38abd{ip: 192.168.164.207, host: pr-hdds2034-jk2kc-152962534, networkLocation: /default-rack, certSerialId: null} moved to stale state. Finalizing its pipelines [PipelineID=370f983c-e54a-4390-b6d5-afa18d6fffea]
2019-09-27 09:30:06,660 [EventQueue-StaleNodeForStaleNodeHandler] INFO  pipeline.SCMPipelineManager (SCMPipelineManager.java:finalizeAndDestroyPipeline(348)) - destroying pipeline:Pipeline[ Id: 370f983c-e54a-4390-b6d5-afa18d6fffea, Nodes: 574bfb90-d286-488d-ba4e-6dbfeac38abd{ip: 192.168.164.207, host: pr-hdds2034-jk2kc-152962534, networkLocation: /default-rack, certSerialId: null}, Type:RATIS, Factor:ONE, State:OPEN]
2019-09-27 09:30:06,660 [EventQueue-StaleNodeForStaleNodeHandler] INFO  pipeline.PipelineStateManager (PipelineStateManager.java:finalizePipeline(123)) - Pipeline Pipeline[ Id: 370f983c-e54a-4390-b6d5-afa18d6fffea, Nodes: 574bfb90-d286-488d-ba4e-6dbfeac38abd{ip: 192.168.164.207, host: pr-hdds2034-jk2kc-152962534, networkLocation: /default-rack, certSerialId: null}, Type:RATIS, Factor:ONE, State:CLOSED] moved to CLOSED state
2019-09-27 09:30:06,953 [EventQueue-StaleNodeForStaleNodeHandler] INFO  node.StaleNodeHandler (StaleNodeHandler.java:onMessage(58)) - Datanode 3500c2db-13f5-4e26-87d2-1522afc87a3c{ip: 192.168.164.207, host: pr-hdds2034-jk2kc-152962534, networkLocation: /default-rack, certSerialId: null} moved to stale state. Finalizing its pipelines [PipelineID=20dff681-667e-4745-9e35-513a7f2687d9, PipelineID=f79ebf6d-3f0c-449a-baed-cd1c27e8a675]
2019-09-27 09:30:06,954 [EventQueue-StaleNodeForStaleNodeHandler] INFO  pipeline.SCMPipelineManager (SCMPipelineManager.java:finalizeAndDestroyPipeline(348)) - destroying pipeline:Pipeline[ Id: 20dff681-667e-4745-9e35-513a7f2687d9, Nodes: 3500c2db-13f5-4e26-87d2-1522afc87a3c{ip: 192.168.164.207, host: pr-hdds2034-jk2kc-152962534, networkLocation: /default-rack, certSerialId: null}, Type:RATIS, Factor:ONE, State:OPEN]
2019-09-27 09:30:06,954 [EventQueue-StaleNodeForStaleNodeHandler] INFO  pipeline.PipelineStateManager (PipelineStateManager.java:finalizePipeline(123)) - Pipeline Pipeline[ Id: 20dff681-667e-4745-9e35-513a7f2687d9, Nodes: 3500c2db-13f5-4e26-87d2-1522afc87a3c{ip: 192.168.164.207, host: pr-hdds2034-jk2kc-152962534, networkLocation: /default-rack, certSerialId: null}, Type:RATIS, Factor:ONE, State:CLOSED] moved to CLOSED state
2019-09-27 09:30:06,954 [EventQueue-StaleNodeForStaleNodeHandler] INFO  pipeline.SCMPipelineManager (SCMPipelineManager.java:finalizeAndDestroyPipeline(348)) - destroying pipeline:Pipeline[ Id: f79ebf6d-3f0c-449a-baed-cd1c27e8a675, Nodes: 957e8e6f-6264-48fe-9446-a284b22f5345{ip: 192.168.164.207, host: pr-hdds2034-jk2kc-152962534, networkLocation: /default-rack, certSerialId: null}3500c2db-13f5-4e26-87d2-1522afc87a3c{ip: 192.168.164.207, host: pr-hdds2034-jk2kc-152962534, networkLocation: /default-rack, certSerialId: null}c1881364-9dcc-42c4-84ad-47b5251ecddf{ip: 192.168.164.207, host: pr-hdds2034-jk2kc-152962534, networkLocation: /default-rack, certSerialId: null}, Type:RATIS, Factor:THREE, State:CLOSED]
2019-09-27 09:30:07,219 [ForkJoinPool.commonPool-worker-0] INFO  ozoneimpl.OzoneContainer (OzoneContainer.java:stop(231)) - Attempting to stop container services.
2019-09-27 09:30:07,219 [main] INFO  ozoneimpl.OzoneContainer (OzoneContainer.java:stop(231)) - Attempting to stop container services.
2019-09-27 09:30:07,223 [ForkJoinPool.commonPool-worker-0] INFO  impl.RaftServerProxy (RaftServerProxy.java:lambda$close$4(314)) - 3500c2db-13f5-4e26-87d2-1522afc87a3c: close
2019-09-27 09:30:07,224 [main] INFO  impl.RaftServerProxy (RaftServerProxy.java:lambda$close$4(314)) - 574bfb90-d286-488d-ba4e-6dbfeac38abd: close
2019-09-27 09:30:07,224 [ForkJoinPool.commonPool-worker-0] INFO  impl.RaftServerImpl (RaftServerImpl.java:lambda$shutdown$3(251)) - 3500c2db-13f5-4e26-87d2-1522afc87a3c@group-513A7F2687D9: shutdown
2019-09-27 09:30:07,224 [main] INFO  impl.RaftServerImpl (RaftServerImpl.java:lambda$shutdown$3(251)) - 574bfb90-d286-488d-ba4e-6dbfeac38abd@group-AFA18D6FFFEA: shutdown
2019-09-27 09:30:07,225 [ForkJoinPool.commonPool-worker-0] INFO  util.JmxRegister (JmxRegister.java:unregister(73)) - Successfully un-registered JMX Bean with object name Ratis:service=RaftServer,group=group-513A7F2687D9,id=3500c2db-13f5-4e26-87d2-1522afc87a3c
2019-09-27 09:30:07,225 [main] INFO  util.JmxRegister (JmxRegister.java:unregister(73)) - Successfully un-registered JMX Bean with object name Ratis:service=RaftServer,group=group-AFA18D6FFFEA,id=574bfb90-d286-488d-ba4e-6dbfeac38abd
2019-09-27 09:30:07,225 [ForkJoinPool.commonPool-worker-0] INFO  impl.RoleInfo (RoleInfo.java:shutdownLeaderState(104)) - 3500c2db-13f5-4e26-87d2-1522afc87a3c: shutdown LeaderState
2019-09-27 09:30:07,225 [main] INFO  impl.RoleInfo (RoleInfo.java:shutdownLeaderState(104)) - 574bfb90-d286-488d-ba4e-6dbfeac38abd: shutdown LeaderState
2019-09-27 09:30:07,226 [ForkJoinPool.commonPool-worker-0] INFO  impl.PendingRequests (PendingRequests.java:sendNotLeaderResponses(202)) - 3500c2db-13f5-4e26-87d2-1522afc87a3c-PendingRequests: sendNotLeaderResponses
2019-09-27 09:30:07,226 [main] INFO  impl.PendingRequests (PendingRequests.java:sendNotLeaderResponses(202)) - 574bfb90-d286-488d-ba4e-6dbfeac38abd-PendingRequests: sendNotLeaderResponses
2019-09-27 09:30:07,227 [ForkJoinPool.commonPool-worker-0] INFO  impl.StateMachineUpdater (StateMachineUpdater.java:stopAndJoin(125)) - 3500c2db-13f5-4e26-87d2-1522afc87a3c@group-513A7F2687D9-StateMachineUpdater: set stopIndex = 0
2019-09-27 09:30:07,227 [main] INFO  impl.StateMachineUpdater (StateMachineUpdater.java:stopAndJoin(125)) - 574bfb90-d286-488d-ba4e-6dbfeac38abd@group-AFA18D6FFFEA-StateMachineUpdater: set stopIndex = 0
2019-09-27 09:30:07,227 [ForkJoinPool.commonPool-worker-0] INFO  impl.RaftServerImpl (ServerState.java:close(385)) - 3500c2db-13f5-4e26-87d2-1522afc87a3c@group-513A7F2687D9: closes. applyIndex: 0
2019-09-27 09:30:07,227 [main] INFO  impl.RaftServerImpl (ServerState.java:close(385)) - 574bfb90-d286-488d-ba4e-6dbfeac38abd@group-AFA18D6FFFEA: closes. applyIndex: 0
2019-09-27 09:30:07,228 [3500c2db-13f5-4e26-87d2-1522afc87a3c@group-513A7F2687D9-SegmentedRaftLogWorker] INFO  segmented.SegmentedRaftLogWorker (SegmentedRaftLogWorker.java:run(313)) - 3500c2db-13f5-4e26-87d2-1522afc87a3c@group-513A7F2687D9-SegmentedRaftLogWorker was interrupted, exiting. There are 0 tasks remaining in the queue.
2019-09-27 09:30:07,228 [574bfb90-d286-488d-ba4e-6dbfeac38abd@group-AFA18D6FFFEA-SegmentedRaftLogWorker] INFO  segmented.SegmentedRaftLogWorker (SegmentedRaftLogWorker.java:run(313)) - 574bfb90-d286-488d-ba4e-6dbfeac38abd@group-AFA18D6FFFEA-SegmentedRaftLogWorker was interrupted, exiting. There are 0 tasks remaining in the queue.
2019-09-27 09:30:07,231 [ForkJoinPool.commonPool-worker-0] INFO  segmented.SegmentedRaftLogWorker (SegmentedRaftLogWorker.java:close(228)) - 3500c2db-13f5-4e26-87d2-1522afc87a3c@group-513A7F2687D9-SegmentedRaftLogWorker close()
2019-09-27 09:30:07,231 [main] INFO  segmented.SegmentedRaftLogWorker (SegmentedRaftLogWorker.java:close(228)) - 574bfb90-d286-488d-ba4e-6dbfeac38abd@group-AFA18D6FFFEA-SegmentedRaftLogWorker close()
2019-09-27 09:30:07,235 [ForkJoinPool.commonPool-worker-0] INFO  impl.RaftServerImpl (RaftServerImpl.java:lambda$shutdown$3(251)) - 3500c2db-13f5-4e26-87d2-1522afc87a3c@group-CD1C27E8A675: shutdown
2019-09-27 09:30:07,239 [main] INFO  server.GrpcService (GrpcService.java:closeImpl(164)) - 574bfb90-d286-488d-ba4e-6dbfeac38abd: shutdown server with port 42930 now
2019-09-27 09:30:07,239 [ForkJoinPool.commonPool-worker-0] INFO  util.JmxRegister (JmxRegister.java:unregister(73)) - Successfully un-registered JMX Bean with object name Ratis:service=RaftServer,group=group-CD1C27E8A675,id=3500c2db-13f5-4e26-87d2-1522afc87a3c
2019-09-27 09:30:07,240 [ForkJoinPool.commonPool-worker-0] INFO  impl.RoleInfo (RoleInfo.java:shutdownFollowerState(121)) - 3500c2db-13f5-4e26-87d2-1522afc87a3c: shutdown FollowerState
2019-09-27 09:30:07,240 [main] INFO  server.GrpcService (GrpcService.java:closeImpl(172)) - 574bfb90-d286-488d-ba4e-6dbfeac38abd: shutdown server with port 42930 successfully
2019-09-27 09:30:07,240 [Thread-3157] INFO  impl.FollowerState (FollowerState.java:run(115)) - 3500c2db-13f5-4e26-87d2-1522afc87a3c: FollowerState was interrupted: java.lang.InterruptedException: sleep interrupted
2019-09-27 09:30:07,240 [3500c2db-13f5-4e26-87d2-1522afc87a3c@group-CD1C27E8A675-StateMachineUpdater] INFO  ratis.ContainerStateMachine (ContainerStateMachine.java:takeSnapshot(289)) - group-CD1C27E8A675: Taking a snapshot at:(t:1, i:17) file /workdir/hadoop-ozone/integration-test/target/test-dir/MiniOzoneClusterImpl-e8789e20-d44e-4897-90e6-dbedbc9dc13b/datanode-2/data/ratis/f79ebf6d-3f0c-449a-baed-cd1c27e8a675/sm/snapshot.1_17
2019-09-27 09:30:07,240 [ForkJoinPool.commonPool-worker-0] INFO  impl.StateMachineUpdater (StateMachineUpdater.java:stopAndJoin(125)) - 3500c2db-13f5-4e26-87d2-1522afc87a3c@group-CD1C27E8A675-StateMachineUpdater: set stopIndex = 18
2019-09-27 09:30:07,245 [refreshUsed-/workdir/hadoop-ozone/integration-test/target/test-dir/MiniOzoneClusterImpl-e8789e20-d44e-4897-90e6-dbedbc9dc13b/datanode-6/data/containers] WARN  fs.CachingGetSpaceUsed (CachingGetSpaceUsed.java:run(183)) - Thread Interrupted waiting to refresh disk information: sleep interrupted
2019-09-27 09:30:07,263 [main] INFO  utils.BackgroundService (BackgroundService.java:shutdown(148)) - Shutting down service BlockDeletingService
2019-09-27 09:30:07,268 [main] INFO  statemachine.DatanodeStateMachine (DatanodeStateMachine.java:stopDaemon(401)) - Ozone container server stopped.
2019-09-27 09:30:07,269 [3500c2db-13f5-4e26-87d2-1522afc87a3c@group-CD1C27E8A675-StateMachineUpdater] INFO  ratis.ContainerStateMachine (ContainerStateMachine.java:takeSnapshot(300)) - group-CD1C27E8A675: Finished taking a snapshot at:(t:1, i:17) file:/workdir/hadoop-ozone/integration-test/target/test-dir/MiniOzoneClusterImpl-e8789e20-d44e-4897-90e6-dbedbc9dc13b/datanode-2/data/ratis/f79ebf6d-3f0c-449a-baed-cd1c27e8a675/sm/snapshot.1_17 time:29
2019-09-27 09:30:07,269 [3500c2db-13f5-4e26-87d2-1522afc87a3c@group-CD1C27E8A675-StateMachineUpdater] INFO  impl.StateMachineUpdater (StateMachineUpdater.java:takeSnapshot(258)) - 3500c2db-13f5-4e26-87d2-1522afc87a3c@group-CD1C27E8A675-StateMachineUpdater: Took a snapshot at index 17
2019-09-27 09:30:07,269 [3500c2db-13f5-4e26-87d2-1522afc87a3c@group-CD1C27E8A675-StateMachineUpdater] INFO  impl.StateMachineUpdater (StateMachineUpdater.java:lambda$new$0(83)) - 3500c2db-13f5-4e26-87d2-1522afc87a3c@group-CD1C27E8A675-StateMachineUpdater: snapshotIndex: updateIncreasingly -1 -> 17
2019-09-27 09:30:07,270 [3500c2db-13f5-4e26-87d2-1522afc87a3c@group-CD1C27E8A675-StateMachineUpdater] INFO  ratis.ContainerStateMachine (ContainerStateMachine.java:takeSnapshot(289)) - group-CD1C27E8A675: Taking a snapshot at:(t:1, i:17) file /workdir/hadoop-ozone/integration-test/target/test-dir/MiniOzoneClusterImpl-e8789e20-d44e-4897-90e6-dbedbc9dc13b/datanode-2/data/ratis/f79ebf6d-3f0c-449a-baed-cd1c27e8a675/sm/snapshot.1_17
2019-09-27 09:30:07,270 [main] INFO  handler.ContextHandler (ContextHandler.java:doStop(910)) - Stopped o.e.j.w.WebAppContext@736b21ee{/,null,UNAVAILABLE}{/hddsDatanode}
2019-09-27 09:30:07,272 [main] INFO  server.AbstractConnector (AbstractConnector.java:doStop(318)) - Stopped ServerConnector@60deefed{HTTP/1.1,[http/1.1]}{0.0.0.0:0}
2019-09-27 09:30:07,273 [main] INFO  handler.ContextHandler (ContextHandler.java:doStop(910)) - Stopped o.e.j.s.ServletContextHandler@5fb5ad40{/static,jar:file:/home/user/.m2/repository/org/apache/hadoop/hadoop-hdds-container-service/0.5.0-SNAPSHOT/hadoop-hdds-container-service-0.5.0-SNAPSHOT.jar!/webapps/static,UNAVAILABLE}
2019-09-27 09:30:07,273 [main] INFO  handler.ContextHandler (ContextHandler.java:doStop(910)) - Stopped o.e.j.s.ServletContextHandler@7a3f08b6{/logs,file:///workdir/hadoop-ozone/integration-test/target/log,UNAVAILABLE}
2019-09-27 09:30:07,284 [3500c2db-13f5-4e26-87d2-1522afc87a3c@group-CD1C27E8A675-StateMachineUpdater] INFO  ratis.ContainerStateMachine (ContainerStateMachine.java:takeSnapshot(300)) - group-CD1C27E8A675: Finished taking a snapshot at:(t:1, i:17) file:/workdir/hadoop-ozone/integration-test/target/test-dir/MiniOzoneClusterImpl-e8789e20-d44e-4897-90e6-dbedbc9dc13b/datanode-2/data/ratis/f79ebf6d-3f0c-449a-baed-cd1c27e8a675/sm/snapshot.1_17 time:14
2019-09-27 09:30:07,284 [3500c2db-13f5-4e26-87d2-1522afc87a3c@group-CD1C27E8A675-StateMachineUpdater] INFO  impl.StateMachineUpdater (StateMachineUpdater.java:takeSnapshot(258)) - 3500c2db-13f5-4e26-87d2-1522afc87a3c@group-CD1C27E8A675-StateMachineUpdater: Took a snapshot at index 17
2019-09-27 09:30:07,284 [3500c2db-13f5-4e26-87d2-1522afc87a3c@group-CD1C27E8A675-StateMachineUpdater] INFO  impl.StateMachineUpdater (StateMachineUpdater.java:lambda$new$0(83)) - 3500c2db-13f5-4e26-87d2-1522afc87a3c@group-CD1C27E8A675-StateMachineUpdater: snapshotIndex: updateIncreasingly 17 -> 17
2019-09-27 09:30:07,284 [ForkJoinPool.commonPool-worker-0] INFO  impl.RaftServerImpl (ServerState.java:close(385)) - 3500c2db-13f5-4e26-87d2-1522afc87a3c@group-CD1C27E8A675: closes. applyIndex: 18
2019-09-27 09:30:07,284 [3500c2db-13f5-4e26-87d2-1522afc87a3c@group-CD1C27E8A675-SegmentedRaftLogWorker] INFO  segmented.SegmentedRaftLogWorker (SegmentedRaftLogWorker.java:run(313)) - 3500c2db-13f5-4e26-87d2-1522afc87a3c@group-CD1C27E8A675-SegmentedRaftLogWorker was interrupted, exiting. There are 0 tasks remaining in the queue.
2019-09-27 09:30:07,287 [ForkJoinPool.commonPool-worker-0] INFO  segmented.SegmentedRaftLogWorker (SegmentedRaftLogWorker.java:close(228)) - 3500c2db-13f5-4e26-87d2-1522afc87a3c@group-CD1C27E8A675-SegmentedRaftLogWorker close()
2019-09-27 09:30:07,291 [ForkJoinPool.commonPool-worker-0] INFO  server.GrpcService (GrpcService.java:closeImpl(164)) - 3500c2db-13f5-4e26-87d2-1522afc87a3c: shutdown server with port 35169 now
2019-09-27 09:30:07,292 [grpc-default-executor-0] WARN  server.GrpcServerProtocolService (LogUtils.java:warn(134)) - 3500c2db-13f5-4e26-87d2-1522afc87a3c: installSnapshot onError, lastRequest: c1881364-9dcc-42c4-84ad-47b5251ecddf->3500c2db-13f5-4e26-87d2-1522afc87a3c#25-t1, previous=(t:1, i:18), leaderCommit=18, initializing? false, entries: <empty>: org.apache.ratis.thirdparty.io.grpc.StatusRuntimeException: CANCELLED: cancelled before receiving half close
2019-09-27 09:30:07,292 [ForkJoinPool.commonPool-worker-0] INFO  server.GrpcService (GrpcService.java:closeImpl(172)) - 3500c2db-13f5-4e26-87d2-1522afc87a3c: shutdown server with port 35169 successfully
2019-09-27 09:30:07,292 [grpc-default-executor-7] WARN  server.GrpcLogAppender (LogUtils.java:warn(134)) - c1881364-9dcc-42c4-84ad-47b5251ecddf@group-CD1C27E8A675->3500c2db-13f5-4e26-87d2-1522afc87a3c-AppendLogResponseHandler: Failed appendEntries: org.apache.ratis.thirdparty.io.grpc.StatusRuntimeException: CANCELLED: HTTP/2 error code: CANCEL
Received Rst Stream
2019-09-27 09:30:07,293 [grpc-default-executor-7] INFO  impl.FollowerInfo (FollowerInfo.java:lambda$new$0(51)) - c1881364-9dcc-42c4-84ad-47b5251ecddf@group-CD1C27E8A675->3500c2db-13f5-4e26-87d2-1522afc87a3c: nextIndex: updateUnconditionally 19 -> 18
2019-09-27 09:30:07,308 [refreshUsed-/workdir/hadoop-ozone/integration-test/target/test-dir/MiniOzoneClusterImpl-e8789e20-d44e-4897-90e6-dbedbc9dc13b/datanode-2/data/containers] WARN  fs.CachingGetSpaceUsed (CachingGetSpaceUsed.java:run(183)) - Thread Interrupted waiting to refresh disk information: sleep interrupted
2019-09-27 09:30:07,320 [ForkJoinPool.commonPool-worker-0] INFO  utils.BackgroundService (BackgroundService.java:shutdown(148)) - Shutting down service BlockDeletingService
2019-09-27 09:30:07,325 [ForkJoinPool.commonPool-worker-0] INFO  statemachine.DatanodeStateMachine (DatanodeStateMachine.java:stopDaemon(401)) - Ozone container server stopped.
2019-09-27 09:30:07,329 [ForkJoinPool.commonPool-worker-0] INFO  handler.ContextHandler (ContextHandler.java:doStop(910)) - Stopped o.e.j.w.WebAppContext@61da0413{/,null,UNAVAILABLE}{/hddsDatanode}
2019-09-27 09:30:07,330 [ForkJoinPool.commonPool-worker-0] INFO  server.AbstractConnector (AbstractConnector.java:doStop(318)) - Stopped ServerConnector@5627cb29{HTTP/1.1,[http/1.1]}{0.0.0.0:0}
2019-09-27 09:30:07,331 [ForkJoinPool.commonPool-worker-0] INFO  handler.ContextHandler (ContextHandler.java:doStop(910)) - Stopped o.e.j.s.ServletContextHandler@46bb0bdf{/static,jar:file:/home/user/.m2/repository/org/apache/hadoop/hadoop-hdds-container-service/0.5.0-SNAPSHOT/hadoop-hdds-container-service-0.5.0-SNAPSHOT.jar!/webapps/static,UNAVAILABLE}
2019-09-27 09:30:07,332 [ForkJoinPool.commonPool-worker-0] INFO  handler.ContextHandler (ContextHandler.java:doStop(910)) - Stopped o.e.j.s.ServletContextHandler@5763a655{/logs,file:///workdir/hadoop-ozone/integration-test/target/log,UNAVAILABLE}
2019-09-27 09:30:07,779 [Thread-3347] INFO  client.GrpcClientProtocolService (GrpcClientProtocolService.java:lambda$processClientRequest$0(278)) - Failed RaftClientRequest:client-8D7659FA02A3->cf46e290-a091-4e06-9f92-f0d0996d41f4@group-07CFED83ED1A, cid=191, seq=0, Watch-ALL_COMMITTED(22), Message:<EMPTY>, reply=RaftClientReply:client-8D7659FA02A3->cf46e290-a091-4e06-9f92-f0d0996d41f4@group-07CFED83ED1A, cid=191, FAILED org.apache.ratis.protocol.NotLeaderException: Server cf46e290-a091-4e06-9f92-f0d0996d41f4@group-07CFED83ED1A is not the leader 5edf00d6-0a79-4628-9112-08a4085059e1:192.168.164.207:39793, logIndex=0, commits[cf46e290-a091-4e06-9f92-f0d0996d41f4:c26, b4cddf6c-1726-4158-affc-29121d755033:c16, 5edf00d6-0a79-4628-9112-08a4085059e1:c26]
2019-09-27 09:30:07,940 [Datanode State Machine Thread - 0] INFO  statemachine.DatanodeStateMachine (DatanodeStateMachine.java:lambda$startDaemon$0(356)) - Ozone container server started.
2019-09-27 09:30:08,073 [Datanode State Machine Thread - 0] INFO  statemachine.DatanodeStateMachine (DatanodeStateMachine.java:lambda$startDaemon$0(356)) - Ozone container server started.
2019-09-27 09:30:08,788 [Thread-3352] INFO  client.GrpcClientProtocolService (GrpcClientProtocolService.java:lambda$processClientRequest$0(278)) - Failed RaftClientRequest:client-8D7659FA02A3->cf46e290-a091-4e06-9f92-f0d0996d41f4@group-07CFED83ED1A, cid=191, seq=0, Watch-ALL_COMMITTED(22), Message:<EMPTY>, reply=RaftClientReply:client-8D7659FA02A3->cf46e290-a091-4e06-9f92-f0d0996d41f4@group-07CFED83ED1A, cid=191, FAILED org.apache.ratis.protocol.NotLeaderException: Server cf46e290-a091-4e06-9f92-f0d0996d41f4@group-07CFED83ED1A is not the leader 5edf00d6-0a79-4628-9112-08a4085059e1:192.168.164.207:39793, logIndex=0, commits[cf46e290-a091-4e06-9f92-f0d0996d41f4:c26, b4cddf6c-1726-4158-affc-29121d755033:c16, 5edf00d6-0a79-4628-9112-08a4085059e1:c26]
2019-09-27 09:30:08,917 [grpc-default-executor-0] WARN  server.GrpcLogAppender (LogUtils.java:warn(134)) - c1881364-9dcc-42c4-84ad-47b5251ecddf@group-CD1C27E8A675->957e8e6f-6264-48fe-9446-a284b22f5345-AppendLogResponseHandler: Failed appendEntries: org.apache.ratis.thirdparty.io.grpc.StatusRuntimeException: UNAVAILABLE: io exception
2019-09-27 09:30:08,917 [grpc-default-executor-0] INFO  impl.FollowerInfo (FollowerInfo.java:lambda$new$0(51)) - c1881364-9dcc-42c4-84ad-47b5251ecddf@group-CD1C27E8A675->957e8e6f-6264-48fe-9446-a284b22f5345: nextIndex: updateUnconditionally 15 -> 14
2019-09-27 09:30:08,922 [grpc-default-executor-7] WARN  server.GrpcLogAppender (LogUtils.java:warn(134)) - c1881364-9dcc-42c4-84ad-47b5251ecddf@group-CD1C27E8A675->3500c2db-13f5-4e26-87d2-1522afc87a3c-AppendLogResponseHandler: Failed appendEntries: org.apache.ratis.thirdparty.io.grpc.StatusRuntimeException: UNAVAILABLE: io exception
2019-09-27 09:30:08,924 [grpc-default-executor-7] INFO  impl.FollowerInfo (FollowerInfo.java:lambda$new$0(51)) - c1881364-9dcc-42c4-84ad-47b5251ecddf@group-CD1C27E8A675->3500c2db-13f5-4e26-87d2-1522afc87a3c: nextIndex: updateUnconditionally 18 -> 17
2019-09-27 09:30:09,132 [Thread-3166] INFO  impl.FollowerState (FollowerState.java:run(106)) - cf46e290-a091-4e06-9f92-f0d0996d41f4:group-07CFED83ED1A changes to CANDIDATE, lastRpcTime:7175, electionTimeout:5188ms
2019-09-27 09:30:09,132 [Thread-3166] INFO  impl.RoleInfo (RoleInfo.java:shutdownFollowerState(121)) - cf46e290-a091-4e06-9f92-f0d0996d41f4: shutdown FollowerState
2019-09-27 09:30:09,133 [Thread-3166] INFO  impl.RaftServerImpl (RaftServerImpl.java:setRole(174)) - cf46e290-a091-4e06-9f92-f0d0996d41f4@group-07CFED83ED1A: changes role from  FOLLOWER to CANDIDATE at term 1 for changeToCandidate
2019-09-27 09:30:09,133 [Thread-3166] INFO  impl.RoleInfo (RoleInfo.java:updateAndGet(143)) - cf46e290-a091-4e06-9f92-f0d0996d41f4: start LeaderElection
2019-09-27 09:30:09,135 [cf46e290-a091-4e06-9f92-f0d0996d41f4@group-07CFED83ED1A:LeaderElection73] INFO  impl.RaftServerImpl (ServerState.java:setLeader(253)) - cf46e290-a091-4e06-9f92-f0d0996d41f4@group-07CFED83ED1A: change Leader from 5edf00d6-0a79-4628-9112-08a4085059e1 to null at term 1 for initElection
2019-09-27 09:30:09,150 [cf46e290-a091-4e06-9f92-f0d0996d41f4@group-07CFED83ED1A:LeaderElection73] INFO  impl.LeaderElection (LeaderElection.java:askForVotes(182)) - cf46e290-a091-4e06-9f92-f0d0996d41f4@group-07CFED83ED1A:LeaderElection73: begin an election at term 2 for 0: [cf46e290-a091-4e06-9f92-f0d0996d41f4:192.168.164.207:41234, b4cddf6c-1726-4158-affc-29121d755033:192.168.164.207:36506, 5edf00d6-0a79-4628-9112-08a4085059e1:192.168.164.207:39793], old=null
2019-09-27 09:30:09,152 [cf46e290-a091-4e06-9f92-f0d0996d41f4@group-07CFED83ED1A:LeaderElection73] INFO  impl.LeaderElection (LogUtils.java:infoOrTrace(149)) - cf46e290-a091-4e06-9f92-f0d0996d41f4@group-07CFED83ED1A:LeaderElection73 got exception when requesting votes: {}
java.util.concurrent.ExecutionException: org.apache.ratis.thirdparty.io.grpc.StatusRuntimeException: UNAVAILABLE: io exception
	at java.util.concurrent.FutureTask.report(FutureTask.java:122)
	at java.util.concurrent.FutureTask.get(FutureTask.java:192)
	at org.apache.ratis.server.impl.LeaderElection.waitForResults(LeaderElection.java:263)
	at org.apache.ratis.server.impl.LeaderElection.askForVotes(LeaderElection.java:201)
	at org.apache.ratis.server.impl.LeaderElection.run(LeaderElection.java:133)
	at java.lang.Thread.run(Thread.java:748)
Caused by: org.apache.ratis.thirdparty.io.grpc.StatusRuntimeException: UNAVAILABLE: io exception
	at org.apache.ratis.thirdparty.io.grpc.stub.ClientCalls.toStatusRuntimeException(ClientCalls.java:233)
	at org.apache.ratis.thirdparty.io.grpc.stub.ClientCalls.getUnchecked(ClientCalls.java:214)
	at org.apache.ratis.thirdparty.io.grpc.stub.ClientCalls.blockingUnaryCall(ClientCalls.java:139)
	at org.apache.ratis.proto.grpc.RaftServerProtocolServiceGrpc$RaftServerProtocolServiceBlockingStub.requestVote(RaftServerProtocolServiceGrpc.java:265)
	at org.apache.ratis.grpc.server.GrpcServerProtocolClient.requestVote(GrpcServerProtocolClient.java:90)
	at org.apache.ratis.grpc.server.GrpcService.requestVote(GrpcService.java:204)
	at org.apache.ratis.server.impl.LeaderElection.lambda$submitRequests$1(LeaderElection.java:238)
	at java.util.concurrent.FutureTask.run(FutureTask.java:266)
	at java.util.concurrent.Executors$RunnableAdapter.call(Executors.java:511)
	at java.util.concurrent.FutureTask.run(FutureTask.java:266)
	at java.util.concurrent.ThreadPoolExecutor.runWorker(ThreadPoolExecutor.java:1149)
	at java.util.concurrent.ThreadPoolExecutor$Worker.run(ThreadPoolExecutor.java:624)
	... 1 more
Caused by: org.apache.ratis.thirdparty.io.netty.channel.AbstractChannel$AnnotatedConnectException: Connection refused: /192.168.164.207:36506
	at sun.nio.ch.SocketChannelImpl.checkConnect(Native Method)
	at sun.nio.ch.SocketChannelImpl.finishConnect(SocketChannelImpl.java:717)
	at org.apache.ratis.thirdparty.io.netty.channel.socket.nio.NioSocketChannel.doFinishConnect(NioSocketChannel.java:327)
	at org.apache.ratis.thirdparty.io.netty.channel.nio.AbstractNioChannel$AbstractNioUnsafe.finishConnect(AbstractNioChannel.java:340)
	at org.apache.ratis.thirdparty.io.netty.channel.nio.NioEventLoop.processSelectedKey(NioEventLoop.java:632)
	at org.apache.ratis.thirdparty.io.netty.channel.nio.NioEventLoop.processSelectedKeysOptimized(NioEventLoop.java:579)
	at org.apache.ratis.thirdparty.io.netty.channel.nio.NioEventLoop.processSelectedKeys(NioEventLoop.java:496)
	at org.apache.ratis.thirdparty.io.netty.channel.nio.NioEventLoop.run(NioEventLoop.java:458)
	at org.apache.ratis.thirdparty.io.netty.util.concurrent.SingleThreadEventExecutor$5.run(SingleThreadEventExecutor.java:897)
	at org.apache.ratis.thirdparty.io.netty.util.concurrent.FastThreadLocalRunnable.run(FastThreadLocalRunnable.java:30)
	... 1 more
Caused by: java.net.ConnectException: Connection refused
	... 11 more
2019-09-27 09:30:09,154 [cf46e290-a091-4e06-9f92-f0d0996d41f4@group-07CFED83ED1A:LeaderElection73] INFO  impl.LeaderElection (LogUtils.java:infoOrTrace(149)) - cf46e290-a091-4e06-9f92-f0d0996d41f4@group-07CFED83ED1A:LeaderElection73 got exception when requesting votes: {}
java.util.concurrent.ExecutionException: org.apache.ratis.thirdparty.io.grpc.StatusRuntimeException: UNAVAILABLE: io exception
	at java.util.concurrent.FutureTask.report(FutureTask.java:122)
	at java.util.concurrent.FutureTask.get(FutureTask.java:192)
	at org.apache.ratis.server.impl.LeaderElection.waitForResults(LeaderElection.java:263)
	at org.apache.ratis.server.impl.LeaderElection.askForVotes(LeaderElection.java:201)
	at org.apache.ratis.server.impl.LeaderElection.run(LeaderElection.java:133)
	at java.lang.Thread.run(Thread.java:748)
Caused by: org.apache.ratis.thirdparty.io.grpc.StatusRuntimeException: UNAVAILABLE: io exception
	at org.apache.ratis.thirdparty.io.grpc.stub.ClientCalls.toStatusRuntimeException(ClientCalls.java:233)
	at org.apache.ratis.thirdparty.io.grpc.stub.ClientCalls.getUnchecked(ClientCalls.java:214)
	at org.apache.ratis.thirdparty.io.grpc.stub.ClientCalls.blockingUnaryCall(ClientCalls.java:139)
	at org.apache.ratis.proto.grpc.RaftServerProtocolServiceGrpc$RaftServerProtocolServiceBlockingStub.requestVote(RaftServerProtocolServiceGrpc.java:265)
	at org.apache.ratis.grpc.server.GrpcServerProtocolClient.requestVote(GrpcServerProtocolClient.java:90)
	at org.apache.ratis.grpc.server.GrpcService.requestVote(GrpcService.java:204)
	at org.apache.ratis.server.impl.LeaderElection.lambda$submitRequests$1(LeaderElection.java:238)
	at java.util.concurrent.FutureTask.run(FutureTask.java:266)
	at java.util.concurrent.Executors$RunnableAdapter.call(Executors.java:511)
	at java.util.concurrent.FutureTask.run(FutureTask.java:266)
	at java.util.concurrent.ThreadPoolExecutor.runWorker(ThreadPoolExecutor.java:1149)
	at java.util.concurrent.ThreadPoolExecutor$Worker.run(ThreadPoolExecutor.java:624)
	... 1 more
Caused by: org.apache.ratis.thirdparty.io.netty.channel.AbstractChannel$AnnotatedConnectException: Connection refused: /192.168.164.207:39793
	at sun.nio.ch.SocketChannelImpl.checkConnect(Native Method)
	at sun.nio.ch.SocketChannelImpl.finishConnect(SocketChannelImpl.java:717)
	at org.apache.ratis.thirdparty.io.netty.channel.socket.nio.NioSocketChannel.doFinishConnect(NioSocketChannel.java:327)
	at org.apache.ratis.thirdparty.io.netty.channel.nio.AbstractNioChannel$AbstractNioUnsafe.finishConnect(AbstractNioChannel.java:340)
	at org.apache.ratis.thirdparty.io.netty.channel.nio.NioEventLoop.processSelectedKey(NioEventLoop.java:632)
	at org.apache.ratis.thirdparty.io.netty.channel.nio.NioEventLoop.processSelectedKeysOptimized(NioEventLoop.java:579)
	at org.apache.ratis.thirdparty.io.netty.channel.nio.NioEventLoop.processSelectedKeys(NioEventLoop.java:496)
	at org.apache.ratis.thirdparty.io.netty.channel.nio.NioEventLoop.run(NioEventLoop.java:458)
	at org.apache.ratis.thirdparty.io.netty.util.concurrent.SingleThreadEventExecutor$5.run(SingleThreadEventExecutor.java:897)
	at org.apache.ratis.thirdparty.io.netty.util.concurrent.FastThreadLocalRunnable.run(FastThreadLocalRunnable.java:30)
	... 1 more
Caused by: java.net.ConnectException: Connection refused
	... 11 more
2019-09-27 09:30:09,156 [cf46e290-a091-4e06-9f92-f0d0996d41f4@group-07CFED83ED1A:LeaderElection73] INFO  impl.LeaderElection (LeaderElection.java:logAndReturn(56)) - cf46e290-a091-4e06-9f92-f0d0996d41f4@group-07CFED83ED1A:LeaderElection73: Election REJECTED; received 0 response(s) [] and 2 exception(s); cf46e290-a091-4e06-9f92-f0d0996d41f4@group-07CFED83ED1A:t2, leader=null, voted=cf46e290-a091-4e06-9f92-f0d0996d41f4, raftlog=cf46e290-a091-4e06-9f92-f0d0996d41f4@group-07CFED83ED1A-SegmentedRaftLog:OPENED:c26,f26,i26, conf=0: [cf46e290-a091-4e06-9f92-f0d0996d41f4:192.168.164.207:41234, b4cddf6c-1726-4158-affc-29121d755033:192.168.164.207:36506, 5edf00d6-0a79-4628-9112-08a4085059e1:192.168.164.207:39793], old=null
2019-09-27 09:30:09,156 [cf46e290-a091-4e06-9f92-f0d0996d41f4@group-07CFED83ED1A:LeaderElection73] INFO  impl.LeaderElection (LogUtils.java:infoOrTrace(149)) -   Exception 0: {}
java.util.concurrent.ExecutionException: org.apache.ratis.thirdparty.io.grpc.StatusRuntimeException: UNAVAILABLE: io exception
	at java.util.concurrent.FutureTask.report(FutureTask.java:122)
	at java.util.concurrent.FutureTask.get(FutureTask.java:192)
	at org.apache.ratis.server.impl.LeaderElection.waitForResults(LeaderElection.java:263)
	at org.apache.ratis.server.impl.LeaderElection.askForVotes(LeaderElection.java:201)
	at org.apache.ratis.server.impl.LeaderElection.run(LeaderElection.java:133)
	at java.lang.Thread.run(Thread.java:748)
Caused by: org.apache.ratis.thirdparty.io.grpc.StatusRuntimeException: UNAVAILABLE: io exception
	at org.apache.ratis.thirdparty.io.grpc.stub.ClientCalls.toStatusRuntimeException(ClientCalls.java:233)
	at org.apache.ratis.thirdparty.io.grpc.stub.ClientCalls.getUnchecked(ClientCalls.java:214)
	at org.apache.ratis.thirdparty.io.grpc.stub.ClientCalls.blockingUnaryCall(ClientCalls.java:139)
	at org.apache.ratis.proto.grpc.RaftServerProtocolServiceGrpc$RaftServerProtocolServiceBlockingStub.requestVote(RaftServerProtocolServiceGrpc.java:265)
	at org.apache.ratis.grpc.server.GrpcServerProtocolClient.requestVote(GrpcServerProtocolClient.java:90)
	at org.apache.ratis.grpc.server.GrpcService.requestVote(GrpcService.java:204)
	at org.apache.ratis.server.impl.LeaderElection.lambda$submitRequests$1(LeaderElection.java:238)
	at java.util.concurrent.FutureTask.run(FutureTask.java:266)
	at java.util.concurrent.Executors$RunnableAdapter.call(Executors.java:511)
	at java.util.concurrent.FutureTask.run(FutureTask.java:266)
	at java.util.concurrent.ThreadPoolExecutor.runWorker(ThreadPoolExecutor.java:1149)
	at java.util.concurrent.ThreadPoolExecutor$Worker.run(ThreadPoolExecutor.java:624)
	... 1 more
Caused by: org.apache.ratis.thirdparty.io.netty.channel.AbstractChannel$AnnotatedConnectException: Connection refused: /192.168.164.207:36506
	at sun.nio.ch.SocketChannelImpl.checkConnect(Native Method)
	at sun.nio.ch.SocketChannelImpl.finishConnect(SocketChannelImpl.java:717)
	at org.apache.ratis.thirdparty.io.netty.channel.socket.nio.NioSocketChannel.doFinishConnect(NioSocketChannel.java:327)
	at org.apache.ratis.thirdparty.io.netty.channel.nio.AbstractNioChannel$AbstractNioUnsafe.finishConnect(AbstractNioChannel.java:340)
	at org.apache.ratis.thirdparty.io.netty.channel.nio.NioEventLoop.processSelectedKey(NioEventLoop.java:632)
	at org.apache.ratis.thirdparty.io.netty.channel.nio.NioEventLoop.processSelectedKeysOptimized(NioEventLoop.java:579)
	at org.apache.ratis.thirdparty.io.netty.channel.nio.NioEventLoop.processSelectedKeys(NioEventLoop.java:496)
	at org.apache.ratis.thirdparty.io.netty.channel.nio.NioEventLoop.run(NioEventLoop.java:458)
	at org.apache.ratis.thirdparty.io.netty.util.concurrent.SingleThreadEventExecutor$5.run(SingleThreadEventExecutor.java:897)
	at org.apache.ratis.thirdparty.io.netty.util.concurrent.FastThreadLocalRunnable.run(FastThreadLocalRunnable.java:30)
	... 1 more
Caused by: java.net.ConnectException: Connection refused
	... 11 more
2019-09-27 09:30:09,156 [cf46e290-a091-4e06-9f92-f0d0996d41f4@group-07CFED83ED1A:LeaderElection73] INFO  impl.LeaderElection (LogUtils.java:infoOrTrace(149)) -   Exception 1: {}
java.util.concurrent.ExecutionException: org.apache.ratis.thirdparty.io.grpc.StatusRuntimeException: UNAVAILABLE: io exception
	at java.util.concurrent.FutureTask.report(FutureTask.java:122)
	at java.util.concurrent.FutureTask.get(FutureTask.java:192)
	at org.apache.ratis.server.impl.LeaderElection.waitForResults(LeaderElection.java:263)
	at org.apache.ratis.server.impl.LeaderElection.askForVotes(LeaderElection.java:201)
	at org.apache.ratis.server.impl.LeaderElection.run(LeaderElection.java:133)
	at java.lang.Thread.run(Thread.java:748)
Caused by: org.apache.ratis.thirdparty.io.grpc.StatusRuntimeException: UNAVAILABLE: io exception
	at org.apache.ratis.thirdparty.io.grpc.stub.ClientCalls.toStatusRuntimeException(ClientCalls.java:233)
	at org.apache.ratis.thirdparty.io.grpc.stub.ClientCalls.getUnchecked(ClientCalls.java:214)
	at org.apache.ratis.thirdparty.io.grpc.stub.ClientCalls.blockingUnaryCall(ClientCalls.java:139)
	at org.apache.ratis.proto.grpc.RaftServerProtocolServiceGrpc$RaftServerProtocolServiceBlockingStub.requestVote(RaftServerProtocolServiceGrpc.java:265)
	at org.apache.ratis.grpc.server.GrpcServerProtocolClient.requestVote(GrpcServerProtocolClient.java:90)
	at org.apache.ratis.grpc.server.GrpcService.requestVote(GrpcService.java:204)
	at org.apache.ratis.server.impl.LeaderElection.lambda$submitRequests$1(LeaderElection.java:238)
	at java.util.concurrent.FutureTask.run(FutureTask.java:266)
	at java.util.concurrent.Executors$RunnableAdapter.call(Executors.java:511)
	at java.util.concurrent.FutureTask.run(FutureTask.java:266)
	at java.util.concurrent.ThreadPoolExecutor.runWorker(ThreadPoolExecutor.java:1149)
	at java.util.concurrent.ThreadPoolExecutor$Worker.run(ThreadPoolExecutor.java:624)
	... 1 more
Caused by: org.apache.ratis.thirdparty.io.netty.channel.AbstractChannel$AnnotatedConnectException: Connection refused: /192.168.164.207:39793
	at sun.nio.ch.SocketChannelImpl.checkConnect(Native Method)
	at sun.nio.ch.SocketChannelImpl.finishConnect(SocketChannelImpl.java:717)
	at org.apache.ratis.thirdparty.io.netty.channel.socket.nio.NioSocketChannel.doFinishConnect(NioSocketChannel.java:327)
	at org.apache.ratis.thirdparty.io.netty.channel.nio.AbstractNioChannel$AbstractNioUnsafe.finishConnect(AbstractNioChannel.java:340)
	at org.apache.ratis.thirdparty.io.netty.channel.nio.NioEventLoop.processSelectedKey(NioEventLoop.java:632)
	at org.apache.ratis.thirdparty.io.netty.channel.nio.NioEventLoop.processSelectedKeysOptimized(NioEventLoop.java:579)
	at org.apache.ratis.thirdparty.io.netty.channel.nio.NioEventLoop.processSelectedKeys(NioEventLoop.java:496)
	at org.apache.ratis.thirdparty.io.netty.channel.nio.NioEventLoop.run(NioEventLoop.java:458)
	at org.apache.ratis.thirdparty.io.netty.util.concurrent.SingleThreadEventExecutor$5.run(SingleThreadEventExecutor.java:897)
	at org.apache.ratis.thirdparty.io.netty.util.concurrent.FastThreadLocalRunnable.run(FastThreadLocalRunnable.java:30)
	... 1 more
Caused by: java.net.ConnectException: Connection refused
	... 11 more
2019-09-27 09:30:09,157 [cf46e290-a091-4e06-9f92-f0d0996d41f4@group-07CFED83ED1A:LeaderElection73] INFO  impl.RaftServerImpl (RaftServerImpl.java:setRole(174)) - cf46e290-a091-4e06-9f92-f0d0996d41f4@group-07CFED83ED1A: changes role from CANDIDATE to FOLLOWER at term 2 for DISCOVERED_A_NEW_TERM
2019-09-27 09:30:09,157 [cf46e290-a091-4e06-9f92-f0d0996d41f4@group-07CFED83ED1A:LeaderElection73] INFO  impl.RoleInfo (RoleInfo.java:shutdownLeaderElection(134)) - cf46e290-a091-4e06-9f92-f0d0996d41f4: shutdown LeaderElection
2019-09-27 09:30:09,157 [cf46e290-a091-4e06-9f92-f0d0996d41f4@group-07CFED83ED1A:LeaderElection73] INFO  impl.RoleInfo (RoleInfo.java:updateAndGet(143)) - cf46e290-a091-4e06-9f92-f0d0996d41f4: start FollowerState
2019-09-27 09:30:11,418 [grpc-default-executor-0] WARN  server.GrpcLogAppender (LogUtils.java:warn(134)) - c1881364-9dcc-42c4-84ad-47b5251ecddf@group-CD1C27E8A675->957e8e6f-6264-48fe-9446-a284b22f5345-AppendLogResponseHandler: Failed appendEntries: org.apache.ratis.thirdparty.io.grpc.StatusRuntimeException: UNAVAILABLE: io exception
2019-09-27 09:30:11,423 [grpc-default-executor-2] WARN  server.GrpcLogAppender (LogUtils.java:warn(134)) - c1881364-9dcc-42c4-84ad-47b5251ecddf@group-CD1C27E8A675->3500c2db-13f5-4e26-87d2-1522afc87a3c-AppendLogResponseHandler: Failed appendEntries: org.apache.ratis.thirdparty.io.grpc.StatusRuntimeException: UNAVAILABLE: io exception
2019-09-27 09:30:11,423 [grpc-default-executor-0] INFO  impl.FollowerInfo (FollowerInfo.java:lambda$new$0(51)) - c1881364-9dcc-42c4-84ad-47b5251ecddf@group-CD1C27E8A675->957e8e6f-6264-48fe-9446-a284b22f5345: nextIndex: updateUnconditionally 14 -> 13
2019-09-27 09:30:11,423 [grpc-default-executor-2] INFO  impl.FollowerInfo (FollowerInfo.java:lambda$new$0(51)) - c1881364-9dcc-42c4-84ad-47b5251ecddf@group-CD1C27E8A675->3500c2db-13f5-4e26-87d2-1522afc87a3c: nextIndex: updateUnconditionally 17 -> 16
2019-09-27 09:30:11,963 [EventQueue-StaleNodeForStaleNodeHandler] INFO  node.StaleNodeHandler (StaleNodeHandler.java:onMessage(58)) - Datanode c1881364-9dcc-42c4-84ad-47b5251ecddf{ip: 192.168.164.207, host: pr-hdds2034-jk2kc-152962534, networkLocation: /default-rack, certSerialId: null} moved to stale state. Finalizing its pipelines [PipelineID=dfeb364b-d891-49f7-aa9f-be3727a7195d, PipelineID=f79ebf6d-3f0c-449a-baed-cd1c27e8a675]
2019-09-27 09:30:11,963 [EventQueue-StaleNodeForStaleNodeHandler] INFO  pipeline.SCMPipelineManager (SCMPipelineManager.java:finalizeAndDestroyPipeline(348)) - destroying pipeline:Pipeline[ Id: dfeb364b-d891-49f7-aa9f-be3727a7195d, Nodes: c1881364-9dcc-42c4-84ad-47b5251ecddf{ip: 192.168.164.207, host: pr-hdds2034-jk2kc-152962534, networkLocation: /default-rack, certSerialId: null}, Type:RATIS, Factor:ONE, State:OPEN]
2019-09-27 09:30:11,964 [EventQueue-StaleNodeForStaleNodeHandler] INFO  pipeline.PipelineStateManager (PipelineStateManager.java:finalizePipeline(123)) - Pipeline Pipeline[ Id: dfeb364b-d891-49f7-aa9f-be3727a7195d, Nodes: c1881364-9dcc-42c4-84ad-47b5251ecddf{ip: 192.168.164.207, host: pr-hdds2034-jk2kc-152962534, networkLocation: /default-rack, certSerialId: null}, Type:RATIS, Factor:ONE, State:CLOSED] moved to CLOSED state
2019-09-27 09:30:11,964 [EventQueue-StaleNodeForStaleNodeHandler] INFO  pipeline.SCMPipelineManager (SCMPipelineManager.java:finalizeAndDestroyPipeline(348)) - destroying pipeline:Pipeline[ Id: f79ebf6d-3f0c-449a-baed-cd1c27e8a675, Nodes: 957e8e6f-6264-48fe-9446-a284b22f5345{ip: 192.168.164.207, host: pr-hdds2034-jk2kc-152962534, networkLocation: /default-rack, certSerialId: null}3500c2db-13f5-4e26-87d2-1522afc87a3c{ip: 192.168.164.207, host: pr-hdds2034-jk2kc-152962534, networkLocation: /default-rack, certSerialId: null}c1881364-9dcc-42c4-84ad-47b5251ecddf{ip: 192.168.164.207, host: pr-hdds2034-jk2kc-152962534, networkLocation: /default-rack, certSerialId: null}, Type:RATIS, Factor:THREE, State:CLOSED]
2019-09-27 09:30:12,163 [EventQueue-StaleNodeForStaleNodeHandler] INFO  node.StaleNodeHandler (StaleNodeHandler.java:onMessage(58)) - Datanode cf46e290-a091-4e06-9f92-f0d0996d41f4{ip: 192.168.164.207, host: pr-hdds2034-jk2kc-152962534, networkLocation: /default-rack, certSerialId: null} moved to stale state. Finalizing its pipelines [PipelineID=1f9877c7-d6ec-4793-adee-541b8c95e6c6, PipelineID=96611dd2-c69f-44bb-a857-07cfed83ed1a]
2019-09-27 09:30:12,163 [EventQueue-StaleNodeForStaleNodeHandler] INFO  pipeline.SCMPipelineManager (SCMPipelineManager.java:finalizeAndDestroyPipeline(348)) - destroying pipeline:Pipeline[ Id: 1f9877c7-d6ec-4793-adee-541b8c95e6c6, Nodes: cf46e290-a091-4e06-9f92-f0d0996d41f4{ip: 192.168.164.207, host: pr-hdds2034-jk2kc-152962534, networkLocation: /default-rack, certSerialId: null}, Type:RATIS, Factor:ONE, State:OPEN]
2019-09-27 09:30:12,163 [EventQueue-StaleNodeForStaleNodeHandler] INFO  pipeline.PipelineStateManager (PipelineStateManager.java:finalizePipeline(123)) - Pipeline Pipeline[ Id: 1f9877c7-d6ec-4793-adee-541b8c95e6c6, Nodes: cf46e290-a091-4e06-9f92-f0d0996d41f4{ip: 192.168.164.207, host: pr-hdds2034-jk2kc-152962534, networkLocation: /default-rack, certSerialId: null}, Type:RATIS, Factor:ONE, State:CLOSED] moved to CLOSED state
2019-09-27 09:30:12,164 [EventQueue-StaleNodeForStaleNodeHandler] INFO  pipeline.SCMPipelineManager (SCMPipelineManager.java:finalizeAndDestroyPipeline(348)) - destroying pipeline:Pipeline[ Id: 96611dd2-c69f-44bb-a857-07cfed83ed1a, Nodes: b4cddf6c-1726-4158-affc-29121d755033{ip: 192.168.164.207, host: pr-hdds2034-jk2kc-152962534, networkLocation: /default-rack, certSerialId: null}cf46e290-a091-4e06-9f92-f0d0996d41f4{ip: 192.168.164.207, host: pr-hdds2034-jk2kc-152962534, networkLocation: /default-rack, certSerialId: null}5edf00d6-0a79-4628-9112-08a4085059e1{ip: 192.168.164.207, host: pr-hdds2034-jk2kc-152962534, networkLocation: /default-rack, certSerialId: null}, Type:RATIS, Factor:THREE, State:CLOSED]
2019-09-27 09:30:12,275 [main] INFO  ozoneimpl.OzoneContainer (OzoneContainer.java:stop(231)) - Attempting to stop container services.
2019-09-27 09:30:12,290 [main] INFO  impl.RaftServerProxy (RaftServerProxy.java:lambda$close$4(314)) - cf46e290-a091-4e06-9f92-f0d0996d41f4: close
2019-09-27 09:30:12,290 [main] INFO  impl.RaftServerImpl (RaftServerImpl.java:lambda$shutdown$3(251)) - cf46e290-a091-4e06-9f92-f0d0996d41f4@group-541B8C95E6C6: shutdown
2019-09-27 09:30:12,291 [main] INFO  util.JmxRegister (JmxRegister.java:unregister(73)) - Successfully un-registered JMX Bean with object name Ratis:service=RaftServer,group=group-541B8C95E6C6,id=cf46e290-a091-4e06-9f92-f0d0996d41f4
2019-09-27 09:30:12,292 [main] INFO  impl.RoleInfo (RoleInfo.java:shutdownLeaderState(104)) - cf46e290-a091-4e06-9f92-f0d0996d41f4: shutdown LeaderState
2019-09-27 09:30:12,292 [main] INFO  impl.PendingRequests (PendingRequests.java:sendNotLeaderResponses(202)) - cf46e290-a091-4e06-9f92-f0d0996d41f4-PendingRequests: sendNotLeaderResponses
2019-09-27 09:30:12,293 [main] INFO  impl.StateMachineUpdater (StateMachineUpdater.java:stopAndJoin(125)) - cf46e290-a091-4e06-9f92-f0d0996d41f4@group-541B8C95E6C6-StateMachineUpdater: set stopIndex = 0
2019-09-27 09:30:12,294 [main] INFO  impl.RaftServerImpl (ServerState.java:close(385)) - cf46e290-a091-4e06-9f92-f0d0996d41f4@group-541B8C95E6C6: closes. applyIndex: 0
2019-09-27 09:30:12,295 [cf46e290-a091-4e06-9f92-f0d0996d41f4@group-541B8C95E6C6-SegmentedRaftLogWorker] INFO  segmented.SegmentedRaftLogWorker (SegmentedRaftLogWorker.java:run(313)) - cf46e290-a091-4e06-9f92-f0d0996d41f4@group-541B8C95E6C6-SegmentedRaftLogWorker was interrupted, exiting. There are 0 tasks remaining in the queue.
2019-09-27 09:30:12,298 [main] INFO  segmented.SegmentedRaftLogWorker (SegmentedRaftLogWorker.java:close(228)) - cf46e290-a091-4e06-9f92-f0d0996d41f4@group-541B8C95E6C6-SegmentedRaftLogWorker close()
2019-09-27 09:30:12,300 [main] INFO  impl.RaftServerImpl (RaftServerImpl.java:lambda$shutdown$3(251)) - cf46e290-a091-4e06-9f92-f0d0996d41f4@group-07CFED83ED1A: shutdown
2019-09-27 09:30:12,300 [main] INFO  util.JmxRegister (JmxRegister.java:unregister(73)) - Successfully un-registered JMX Bean with object name Ratis:service=RaftServer,group=group-07CFED83ED1A,id=cf46e290-a091-4e06-9f92-f0d0996d41f4
2019-09-27 09:30:12,300 [main] INFO  impl.RoleInfo (RoleInfo.java:shutdownFollowerState(121)) - cf46e290-a091-4e06-9f92-f0d0996d41f4: shutdown FollowerState
2019-09-27 09:30:12,301 [main] INFO  impl.StateMachineUpdater (StateMachineUpdater.java:stopAndJoin(125)) - cf46e290-a091-4e06-9f92-f0d0996d41f4@group-07CFED83ED1A-StateMachineUpdater: set stopIndex = 26
2019-09-27 09:30:12,301 [cf46e290-a091-4e06-9f92-f0d0996d41f4@group-07CFED83ED1A-StateMachineUpdater] INFO  ratis.ContainerStateMachine (ContainerStateMachine.java:takeSnapshot(289)) - group-07CFED83ED1A: Taking a snapshot at:(t:1, i:25) file /workdir/hadoop-ozone/integration-test/target/test-dir/MiniOzoneClusterImpl-e8789e20-d44e-4897-90e6-dbedbc9dc13b/datanode-5/data/ratis/96611dd2-c69f-44bb-a857-07cfed83ed1a/sm/snapshot.1_25
2019-09-27 09:30:12,301 [Thread-3359] INFO  impl.FollowerState (FollowerState.java:run(115)) - cf46e290-a091-4e06-9f92-f0d0996d41f4: FollowerState was interrupted: java.lang.InterruptedException: sleep interrupted
2019-09-27 09:30:12,315 [cf46e290-a091-4e06-9f92-f0d0996d41f4@group-07CFED83ED1A-StateMachineUpdater] INFO  ratis.ContainerStateMachine (ContainerStateMachine.java:takeSnapshot(300)) - group-07CFED83ED1A: Finished taking a snapshot at:(t:1, i:25) file:/workdir/hadoop-ozone/integration-test/target/test-dir/MiniOzoneClusterImpl-e8789e20-d44e-4897-90e6-dbedbc9dc13b/datanode-5/data/ratis/96611dd2-c69f-44bb-a857-07cfed83ed1a/sm/snapshot.1_25 time:14
2019-09-27 09:30:12,316 [cf46e290-a091-4e06-9f92-f0d0996d41f4@group-07CFED83ED1A-StateMachineUpdater] INFO  impl.StateMachineUpdater (StateMachineUpdater.java:takeSnapshot(258)) - cf46e290-a091-4e06-9f92-f0d0996d41f4@group-07CFED83ED1A-StateMachineUpdater: Took a snapshot at index 25
2019-09-27 09:30:12,316 [cf46e290-a091-4e06-9f92-f0d0996d41f4@group-07CFED83ED1A-StateMachineUpdater] INFO  impl.StateMachineUpdater (StateMachineUpdater.java:lambda$new$0(83)) - cf46e290-a091-4e06-9f92-f0d0996d41f4@group-07CFED83ED1A-StateMachineUpdater: snapshotIndex: updateIncreasingly -1 -> 25
2019-09-27 09:30:12,316 [cf46e290-a091-4e06-9f92-f0d0996d41f4@group-07CFED83ED1A-StateMachineUpdater] INFO  ratis.ContainerStateMachine (ContainerStateMachine.java:takeSnapshot(289)) - group-07CFED83ED1A: Taking a snapshot at:(t:1, i:25) file /workdir/hadoop-ozone/integration-test/target/test-dir/MiniOzoneClusterImpl-e8789e20-d44e-4897-90e6-dbedbc9dc13b/datanode-5/data/ratis/96611dd2-c69f-44bb-a857-07cfed83ed1a/sm/snapshot.1_25
2019-09-27 09:30:12,330 [cf46e290-a091-4e06-9f92-f0d0996d41f4@group-07CFED83ED1A-StateMachineUpdater] INFO  ratis.ContainerStateMachine (ContainerStateMachine.java:takeSnapshot(300)) - group-07CFED83ED1A: Finished taking a snapshot at:(t:1, i:25) file:/workdir/hadoop-ozone/integration-test/target/test-dir/MiniOzoneClusterImpl-e8789e20-d44e-4897-90e6-dbedbc9dc13b/datanode-5/data/ratis/96611dd2-c69f-44bb-a857-07cfed83ed1a/sm/snapshot.1_25 time:13
2019-09-27 09:30:12,330 [cf46e290-a091-4e06-9f92-f0d0996d41f4@group-07CFED83ED1A-StateMachineUpdater] INFO  impl.StateMachineUpdater (StateMachineUpdater.java:takeSnapshot(258)) - cf46e290-a091-4e06-9f92-f0d0996d41f4@group-07CFED83ED1A-StateMachineUpdater: Took a snapshot at index 25
2019-09-27 09:30:12,330 [cf46e290-a091-4e06-9f92-f0d0996d41f4@group-07CFED83ED1A-StateMachineUpdater] INFO  impl.StateMachineUpdater (StateMachineUpdater.java:lambda$new$0(83)) - cf46e290-a091-4e06-9f92-f0d0996d41f4@group-07CFED83ED1A-StateMachineUpdater: snapshotIndex: updateIncreasingly 25 -> 25
2019-09-27 09:30:12,331 [main] INFO  impl.RaftServerImpl (ServerState.java:close(385)) - cf46e290-a091-4e06-9f92-f0d0996d41f4@group-07CFED83ED1A: closes. applyIndex: 26
2019-09-27 09:30:12,331 [cf46e290-a091-4e06-9f92-f0d0996d41f4@group-07CFED83ED1A-SegmentedRaftLogWorker] INFO  segmented.SegmentedRaftLogWorker (SegmentedRaftLogWorker.java:run(313)) - cf46e290-a091-4e06-9f92-f0d0996d41f4@group-07CFED83ED1A-SegmentedRaftLogWorker was interrupted, exiting. There are 0 tasks remaining in the queue.
2019-09-27 09:30:12,333 [main] INFO  segmented.SegmentedRaftLogWorker (SegmentedRaftLogWorker.java:close(228)) - cf46e290-a091-4e06-9f92-f0d0996d41f4@group-07CFED83ED1A-SegmentedRaftLogWorker close()
2019-09-27 09:30:12,334 [ForkJoinPool.commonPool-worker-0] INFO  ozoneimpl.OzoneContainer (OzoneContainer.java:stop(231)) - Attempting to stop container services.
2019-09-27 09:30:12,336 [main] INFO  server.GrpcService (GrpcService.java:closeImpl(164)) - cf46e290-a091-4e06-9f92-f0d0996d41f4: shutdown server with port 41234 now
2019-09-27 09:30:12,336 [ForkJoinPool.commonPool-worker-0] INFO  impl.RaftServerProxy (RaftServerProxy.java:lambda$close$4(314)) - c1881364-9dcc-42c4-84ad-47b5251ecddf: close
2019-09-27 09:30:12,337 [ForkJoinPool.commonPool-worker-0] INFO  impl.RaftServerImpl (RaftServerImpl.java:lambda$shutdown$3(251)) - c1881364-9dcc-42c4-84ad-47b5251ecddf@group-BE3727A7195D: shutdown
2019-09-27 09:30:12,337 [main] INFO  server.GrpcService (GrpcService.java:closeImpl(172)) - cf46e290-a091-4e06-9f92-f0d0996d41f4: shutdown server with port 41234 successfully
2019-09-27 09:30:12,338 [ForkJoinPool.commonPool-worker-0] INFO  util.JmxRegister (JmxRegister.java:unregister(73)) - Successfully un-registered JMX Bean with object name Ratis:service=RaftServer,group=group-BE3727A7195D,id=c1881364-9dcc-42c4-84ad-47b5251ecddf
2019-09-27 09:30:12,339 [ForkJoinPool.commonPool-worker-0] INFO  impl.RoleInfo (RoleInfo.java:shutdownLeaderState(104)) - c1881364-9dcc-42c4-84ad-47b5251ecddf: shutdown LeaderState
2019-09-27 09:30:12,339 [ForkJoinPool.commonPool-worker-0] INFO  impl.PendingRequests (PendingRequests.java:sendNotLeaderResponses(202)) - c1881364-9dcc-42c4-84ad-47b5251ecddf-PendingRequests: sendNotLeaderResponses
2019-09-27 09:30:12,340 [ForkJoinPool.commonPool-worker-0] INFO  impl.StateMachineUpdater (StateMachineUpdater.java:stopAndJoin(125)) - c1881364-9dcc-42c4-84ad-47b5251ecddf@group-BE3727A7195D-StateMachineUpdater: set stopIndex = 0
2019-09-27 09:30:12,340 [ForkJoinPool.commonPool-worker-0] INFO  impl.RaftServerImpl (ServerState.java:close(385)) - c1881364-9dcc-42c4-84ad-47b5251ecddf@group-BE3727A7195D: closes. applyIndex: 0
2019-09-27 09:30:12,341 [c1881364-9dcc-42c4-84ad-47b5251ecddf@group-BE3727A7195D-SegmentedRaftLogWorker] INFO  segmented.SegmentedRaftLogWorker (SegmentedRaftLogWorker.java:run(313)) - c1881364-9dcc-42c4-84ad-47b5251ecddf@group-BE3727A7195D-SegmentedRaftLogWorker was interrupted, exiting. There are 0 tasks remaining in the queue.
2019-09-27 09:30:12,343 [ForkJoinPool.commonPool-worker-0] INFO  segmented.SegmentedRaftLogWorker (SegmentedRaftLogWorker.java:close(228)) - c1881364-9dcc-42c4-84ad-47b5251ecddf@group-BE3727A7195D-SegmentedRaftLogWorker close()
2019-09-27 09:30:12,350 [ForkJoinPool.commonPool-worker-0] INFO  impl.RaftServerImpl (RaftServerImpl.java:lambda$shutdown$3(251)) - c1881364-9dcc-42c4-84ad-47b5251ecddf@group-CD1C27E8A675: shutdown
2019-09-27 09:30:12,350 [ForkJoinPool.commonPool-worker-0] INFO  util.JmxRegister (JmxRegister.java:unregister(73)) - Successfully un-registered JMX Bean with object name Ratis:service=RaftServer,group=group-CD1C27E8A675,id=c1881364-9dcc-42c4-84ad-47b5251ecddf
2019-09-27 09:30:12,350 [ForkJoinPool.commonPool-worker-0] INFO  impl.RoleInfo (RoleInfo.java:shutdownLeaderState(104)) - c1881364-9dcc-42c4-84ad-47b5251ecddf: shutdown LeaderState
2019-09-27 09:30:12,354 [ForkJoinPool.commonPool-worker-0] INFO  impl.PendingRequests (PendingRequests.java:sendNotLeaderResponses(202)) - c1881364-9dcc-42c4-84ad-47b5251ecddf-PendingRequests: sendNotLeaderResponses
2019-09-27 09:30:12,354 [org.apache.ratis.server.impl.LogAppender$AppenderDaemon$$Lambda$874/470839323@498775b8] WARN  server.GrpcLogAppender (GrpcLogAppender.java:mayWait(143)) - c1881364-9dcc-42c4-84ad-47b5251ecddf@group-CD1C27E8A675->957e8e6f-6264-48fe-9446-a284b22f5345-GrpcLogAppender: Wait interrupted by java.lang.InterruptedException
2019-09-27 09:30:12,354 [org.apache.ratis.server.impl.LogAppender$AppenderDaemon$$Lambda$874/470839323@141a3b2c] WARN  server.GrpcLogAppender (GrpcLogAppender.java:mayWait(143)) - c1881364-9dcc-42c4-84ad-47b5251ecddf@group-CD1C27E8A675->3500c2db-13f5-4e26-87d2-1522afc87a3c-GrpcLogAppender: Wait interrupted by java.lang.InterruptedException
2019-09-27 09:30:12,354 [refreshUsed-/workdir/hadoop-ozone/integration-test/target/test-dir/MiniOzoneClusterImpl-e8789e20-d44e-4897-90e6-dbedbc9dc13b/datanode-5/data/containers] WARN  fs.CachingGetSpaceUsed (CachingGetSpaceUsed.java:run(183)) - Thread Interrupted waiting to refresh disk information: sleep interrupted
2019-09-27 09:30:12,358 [ForkJoinPool.commonPool-worker-0] INFO  impl.StateMachineUpdater (StateMachineUpdater.java:stopAndJoin(125)) - c1881364-9dcc-42c4-84ad-47b5251ecddf@group-CD1C27E8A675-StateMachineUpdater: set stopIndex = 18
2019-09-27 09:30:12,358 [c1881364-9dcc-42c4-84ad-47b5251ecddf@group-CD1C27E8A675-StateMachineUpdater] INFO  ratis.ContainerStateMachine (ContainerStateMachine.java:takeSnapshot(289)) - group-CD1C27E8A675: Taking a snapshot at:(t:1, i:18) file /workdir/hadoop-ozone/integration-test/target/test-dir/MiniOzoneClusterImpl-e8789e20-d44e-4897-90e6-dbedbc9dc13b/datanode-0/data/ratis/f79ebf6d-3f0c-449a-baed-cd1c27e8a675/sm/snapshot.1_18
2019-09-27 09:30:12,370 [c1881364-9dcc-42c4-84ad-47b5251ecddf@group-CD1C27E8A675-StateMachineUpdater] INFO  ratis.ContainerStateMachine (ContainerStateMachine.java:takeSnapshot(300)) - group-CD1C27E8A675: Finished taking a snapshot at:(t:1, i:18) file:/workdir/hadoop-ozone/integration-test/target/test-dir/MiniOzoneClusterImpl-e8789e20-d44e-4897-90e6-dbedbc9dc13b/datanode-0/data/ratis/f79ebf6d-3f0c-449a-baed-cd1c27e8a675/sm/snapshot.1_18 time:13
2019-09-27 09:30:12,371 [c1881364-9dcc-42c4-84ad-47b5251ecddf@group-CD1C27E8A675-StateMachineUpdater] INFO  impl.StateMachineUpdater (StateMachineUpdater.java:takeSnapshot(258)) - c1881364-9dcc-42c4-84ad-47b5251ecddf@group-CD1C27E8A675-StateMachineUpdater: Took a snapshot at index 18
2019-09-27 09:30:12,371 [c1881364-9dcc-42c4-84ad-47b5251ecddf@group-CD1C27E8A675-StateMachineUpdater] INFO  impl.StateMachineUpdater (StateMachineUpdater.java:lambda$new$0(83)) - c1881364-9dcc-42c4-84ad-47b5251ecddf@group-CD1C27E8A675-StateMachineUpdater: snapshotIndex: updateIncreasingly -1 -> 18
2019-09-27 09:30:12,371 [ForkJoinPool.commonPool-worker-0] INFO  impl.RaftServerImpl (ServerState.java:close(385)) - c1881364-9dcc-42c4-84ad-47b5251ecddf@group-CD1C27E8A675: closes. applyIndex: 18
2019-09-27 09:30:12,371 [c1881364-9dcc-42c4-84ad-47b5251ecddf@group-CD1C27E8A675-SegmentedRaftLogWorker] INFO  segmented.SegmentedRaftLogWorker (SegmentedRaftLogWorker.java:run(313)) - c1881364-9dcc-42c4-84ad-47b5251ecddf@group-CD1C27E8A675-SegmentedRaftLogWorker was interrupted, exiting. There are 0 tasks remaining in the queue.
2019-09-27 09:30:12,372 [ForkJoinPool.commonPool-worker-0] INFO  segmented.SegmentedRaftLogWorker (SegmentedRaftLogWorker.java:close(228)) - c1881364-9dcc-42c4-84ad-47b5251ecddf@group-CD1C27E8A675-SegmentedRaftLogWorker close()
2019-09-27 09:30:12,373 [ForkJoinPool.commonPool-worker-0] INFO  server.GrpcService (GrpcService.java:closeImpl(164)) - c1881364-9dcc-42c4-84ad-47b5251ecddf: shutdown server with port 43284 now
2019-09-27 09:30:12,375 [grpc-default-executor-2] WARN  client.GrpcClientProtocolService (LogUtils.java:warn(134)) - 1-UnorderedRequestStreamObserver1: onError: org.apache.ratis.thirdparty.io.grpc.StatusRuntimeException: CANCELLED: cancelled before receiving half close
2019-09-27 09:30:12,375 [ForkJoinPool.commonPool-worker-0] INFO  server.GrpcService (GrpcService.java:closeImpl(172)) - c1881364-9dcc-42c4-84ad-47b5251ecddf: shutdown server with port 43284 successfully
2019-09-27 09:30:12,377 [refreshUsed-/workdir/hadoop-ozone/integration-test/target/test-dir/MiniOzoneClusterImpl-e8789e20-d44e-4897-90e6-dbedbc9dc13b/datanode-0/data/containers] WARN  fs.CachingGetSpaceUsed (CachingGetSpaceUsed.java:run(183)) - Thread Interrupted waiting to refresh disk information: sleep interrupted
2019-09-27 09:30:12,386 [main] INFO  utils.BackgroundService (BackgroundService.java:shutdown(148)) - Shutting down service BlockDeletingService
2019-09-27 09:30:12,390 [main] INFO  statemachine.DatanodeStateMachine (DatanodeStateMachine.java:stopDaemon(401)) - Ozone container server stopped.
2019-09-27 09:30:12,393 [main] INFO  handler.ContextHandler (ContextHandler.java:doStop(910)) - Stopped o.e.j.w.WebAppContext@7ec3a8bd{/,null,UNAVAILABLE}{/hddsDatanode}
2019-09-27 09:30:12,394 [main] INFO  server.AbstractConnector (AbstractConnector.java:doStop(318)) - Stopped ServerConnector@9690008{HTTP/1.1,[http/1.1]}{0.0.0.0:0}
2019-09-27 09:30:12,395 [main] INFO  handler.ContextHandler (ContextHandler.java:doStop(910)) - Stopped o.e.j.s.ServletContextHandler@3f68a7f8{/static,jar:file:/home/user/.m2/repository/org/apache/hadoop/hadoop-hdds-container-service/0.5.0-SNAPSHOT/hadoop-hdds-container-service-0.5.0-SNAPSHOT.jar!/webapps/static,UNAVAILABLE}
2019-09-27 09:30:12,395 [main] INFO  handler.ContextHandler (ContextHandler.java:doStop(910)) - Stopped o.e.j.s.ServletContextHandler@9785903{/logs,file:///workdir/hadoop-ozone/integration-test/target/log,UNAVAILABLE}
2019-09-27 09:30:12,399 [ForkJoinPool.commonPool-worker-0] INFO  utils.BackgroundService (BackgroundService.java:shutdown(148)) - Shutting down service BlockDeletingService
2019-09-27 09:30:12,402 [ForkJoinPool.commonPool-worker-0] INFO  statemachine.DatanodeStateMachine (DatanodeStateMachine.java:stopDaemon(401)) - Ozone container server stopped.
2019-09-27 09:30:12,405 [ForkJoinPool.commonPool-worker-0] INFO  handler.ContextHandler (ContextHandler.java:doStop(910)) - Stopped o.e.j.w.WebAppContext@2d130ac4{/,null,UNAVAILABLE}{/hddsDatanode}
2019-09-27 09:30:12,406 [ForkJoinPool.commonPool-worker-0] INFO  server.AbstractConnector (AbstractConnector.java:doStop(318)) - Stopped ServerConnector@2f0ccb34{HTTP/1.1,[http/1.1]}{0.0.0.0:0}
2019-09-27 09:30:12,406 [ForkJoinPool.commonPool-worker-0] INFO  handler.ContextHandler (ContextHandler.java:doStop(910)) - Stopped o.e.j.s.ServletContextHandler@3c18942{/static,jar:file:/home/user/.m2/repository/org/apache/hadoop/hadoop-hdds-container-service/0.5.0-SNAPSHOT/hadoop-hdds-container-service-0.5.0-SNAPSHOT.jar!/webapps/static,UNAVAILABLE}
2019-09-27 09:30:12,407 [ForkJoinPool.commonPool-worker-0] INFO  handler.ContextHandler (ContextHandler.java:doStop(910)) - Stopped o.e.j.s.ServletContextHandler@272778ae{/logs,file:///workdir/hadoop-ozone/integration-test/target/log,UNAVAILABLE}
2019-09-27 09:30:12,408 [main] INFO  ozone.MiniOzoneClusterImpl (MiniOzoneClusterImpl.java:stopSCM(398)) - Stopping the StorageContainerManager
2019-09-27 09:30:12,409 [main] INFO  server.StorageContainerManager (StorageContainerManager.java:stop(808)) - Stopping Replication Manager Service.
2019-09-27 09:30:12,409 [main] INFO  container.ReplicationManager (ReplicationManager.java:stop(204)) - Stopping Replication Monitor Thread.
2019-09-27 09:30:12,409 [main] INFO  server.StorageContainerManager (StorageContainerManager.java:stop(815)) - Stopping Lease Manager of the command watchers
2019-09-27 09:30:12,409 [main] INFO  server.StorageContainerManager (StorageContainerManager.java:stop(822)) - Stopping datanode service RPC server
2019-09-27 09:30:12,410 [main] INFO  server.SCMDatanodeProtocolServer (SCMDatanodeProtocolServer.java:stop(387)) - Stopping the RPC server for DataNodes
2019-09-27 09:30:12,410 [main] INFO  ipc.Server (Server.java:stop(3082)) - Stopping server on 45827
2019-09-27 09:30:12,412 [IPC Server listener on 45827] INFO  ipc.Server (Server.java:run(1185)) - Stopping IPC Server listener on 45827
2019-09-27 09:30:12,412 [IPC Server Responder] INFO  ipc.Server (Server.java:run(1319)) - Stopping IPC Server Responder
2019-09-27 09:30:12,463 [SCM Heartbeat Processing Thread - 0] WARN  node.NodeStateManager (NodeStateManager.java:scheduleNextHealthCheck(655)) - Current Thread is interrupted, shutting down HB processing thread for Node Manager.
2019-09-27 09:30:12,463 [main] INFO  server.StorageContainerManager (StorageContainerManager.java:stop(830)) - Stopping block service RPC server
2019-09-27 09:30:12,464 [main] INFO  server.SCMBlockProtocolServer (SCMBlockProtocolServer.java:stop(155)) - Stopping the RPC server for Block Protocol
2019-09-27 09:30:12,464 [main] INFO  ipc.Server (Server.java:stop(3082)) - Stopping server on 39119
2019-09-27 09:30:12,465 [main] INFO  server.StorageContainerManager (StorageContainerManager.java:stop(837)) - Stopping the StorageContainerLocationProtocol RPC server
2019-09-27 09:30:12,465 [IPC Server listener on 39119] INFO  ipc.Server (Server.java:run(1185)) - Stopping IPC Server listener on 39119
2019-09-27 09:30:12,466 [main] INFO  server.SCMClientProtocolServer (SCMClientProtocolServer.java:stop(159)) - Stopping the RPC server for Client Protocol
2019-09-27 09:30:12,466 [main] INFO  ipc.Server (Server.java:stop(3082)) - Stopping server on 33155
2019-09-27 09:30:12,466 [IPC Server Responder] INFO  ipc.Server (Server.java:run(1319)) - Stopping IPC Server Responder
2019-09-27 09:30:12,469 [IPC Server listener on 33155] INFO  ipc.Server (Server.java:run(1185)) - Stopping IPC Server listener on 33155
2019-09-27 09:30:12,469 [main] INFO  server.StorageContainerManager (StorageContainerManager.java:stop(844)) - Stopping Storage Container Manager HTTP server.
2019-09-27 09:30:12,470 [IPC Server Responder] INFO  ipc.Server (Server.java:run(1319)) - Stopping IPC Server Responder
2019-09-27 09:30:12,471 [main] INFO  handler.ContextHandler (ContextHandler.java:doStop(910)) - Stopped o.e.j.w.WebAppContext@2b6fb197{/,null,UNAVAILABLE}{/scm}
2019-09-27 09:30:12,472 [main] INFO  server.AbstractConnector (AbstractConnector.java:doStop(318)) - Stopped ServerConnector@2eb0cefe{HTTP/1.1,[http/1.1]}{0.0.0.0:0}
2019-09-27 09:30:12,472 [main] INFO  handler.ContextHandler (ContextHandler.java:doStop(910)) - Stopped o.e.j.s.ServletContextHandler@6cbb7a7d{/static,file:///workdir/hadoop-ozone/integration-test/target/test-classes/webapps/static,UNAVAILABLE}
2019-09-27 09:30:12,472 [main] INFO  handler.ContextHandler (ContextHandler.java:doStop(910)) - Stopped o.e.j.s.ServletContextHandler@1595d2b2{/logs,file:///workdir/hadoop-ozone/integration-test/target/log,UNAVAILABLE}
2019-09-27 09:30:12,473 [main] INFO  server.StorageContainerManager (StorageContainerManager.java:stop(855)) - Stopping Block Manager Service.
2019-09-27 09:30:12,473 [main] INFO  utils.BackgroundService (BackgroundService.java:shutdown(148)) - Shutting down service SCMBlockDeletingService
2019-09-27 09:30:12,474 [main] INFO  utils.BackgroundService (BackgroundService.java:shutdown(148)) - Shutting down service SCMBlockDeletingService
2019-09-27 09:30:12,474 [main] INFO  server.StorageContainerManager (StorageContainerManager.java:stop(877)) - Stopping SCM Event Queue.
2019-09-27 09:30:12,478 [main] INFO  impl.MetricsSystemImpl (MetricsSystemImpl.java:stop(210)) - Stopping HddsDatanode metrics system...
2019-09-27 09:30:12,494 [main] INFO  impl.MetricsSystemImpl (MetricsSystemImpl.java:stop(216)) - HddsDatanode metrics system stopped.
]]></system-out>
    <system-err><![CDATA[Sep 27, 2019 9:29:54 AM org.apache.ratis.thirdparty.io.grpc.internal.SerializingExecutor run
SEVERE: Exception while executing runnable org.apache.ratis.thirdparty.io.grpc.internal.ServerImpl$JumpToApplicationThreadServerStreamListener$1Closed@7772468c
org.apache.ratis.thirdparty.io.grpc.StatusRuntimeException: CANCELLED: call already cancelled
	at org.apache.ratis.thirdparty.io.grpc.Status.asRuntimeException(Status.java:517)
	at org.apache.ratis.thirdparty.io.grpc.stub.ServerCalls$ServerCallStreamObserverImpl.onCompleted(ServerCalls.java:356)
	at org.apache.ratis.grpc.server.GrpcServerProtocolService$ServerRequestStreamObserver.onError(GrpcServerProtocolService.java:121)
	at org.apache.ratis.thirdparty.io.grpc.stub.ServerCalls$StreamingServerCallHandler$StreamingServerCallListener.onCancel(ServerCalls.java:269)
	at org.apache.ratis.thirdparty.io.grpc.internal.ServerCallImpl$ServerStreamListenerImpl.closed(ServerCallImpl.java:293)
	at org.apache.ratis.thirdparty.io.grpc.internal.ServerImpl$JumpToApplicationThreadServerStreamListener$1Closed.runInContext(ServerImpl.java:741)
	at org.apache.ratis.thirdparty.io.grpc.internal.ContextRunnable.run(ContextRunnable.java:37)
	at org.apache.ratis.thirdparty.io.grpc.internal.SerializingExecutor.run(SerializingExecutor.java:123)
	at java.util.concurrent.ThreadPoolExecutor.runWorker(ThreadPoolExecutor.java:1149)
	at java.util.concurrent.ThreadPoolExecutor$Worker.run(ThreadPoolExecutor.java:624)
	at java.lang.Thread.run(Thread.java:748)

Sep 27, 2019 9:29:54 AM org.apache.ratis.thirdparty.io.grpc.internal.ManagedChannelOrphanWrapper$ManagedChannelReference cleanQueue
SEVERE: *~*~*~ Channel ManagedChannelImpl{logId=2699, target=192.168.164.207:45456} was not shutdown properly!!! ~*~*~*
    Make sure to call shutdown()/shutdownNow() and wait until awaitTermination() returns true.
java.lang.RuntimeException: ManagedChannel allocation site
	at org.apache.ratis.thirdparty.io.grpc.internal.ManagedChannelOrphanWrapper$ManagedChannelReference.<init>(ManagedChannelOrphanWrapper.java:103)
	at org.apache.ratis.thirdparty.io.grpc.internal.ManagedChannelOrphanWrapper.<init>(ManagedChannelOrphanWrapper.java:53)
	at org.apache.ratis.thirdparty.io.grpc.internal.ManagedChannelOrphanWrapper.<init>(ManagedChannelOrphanWrapper.java:44)
	at org.apache.ratis.thirdparty.io.grpc.internal.AbstractManagedChannelImplBuilder.build(AbstractManagedChannelImplBuilder.java:411)
	at org.apache.hadoop.hdds.scm.XceiverClientGrpc.connectToDatanode(XceiverClientGrpc.java:181)
	at org.apache.hadoop.hdds.scm.XceiverClientGrpc.reconnect(XceiverClientGrpc.java:429)
	at org.apache.hadoop.hdds.scm.XceiverClientGrpc.sendCommandAsync(XceiverClientGrpc.java:378)
	at org.apache.hadoop.hdds.scm.XceiverClientGrpc.sendCommandWithRetry(XceiverClientGrpc.java:291)
	at org.apache.hadoop.hdds.scm.XceiverClientGrpc.sendCommandWithTraceIDAndRetry(XceiverClientGrpc.java:257)
	at org.apache.hadoop.hdds.scm.XceiverClientGrpc.sendCommand(XceiverClientGrpc.java:240)
	at org.apache.hadoop.hdds.scm.storage.ContainerProtocolCalls.getBlock(ContainerProtocolCalls.java:118)
	at org.apache.hadoop.hdds.scm.storage.BlockInputStream.getChunkInfos(BlockInputStream.java:167)
	at org.apache.hadoop.hdds.scm.storage.BlockInputStream.initialize(BlockInputStream.java:118)
	at org.apache.hadoop.hdds.scm.storage.BlockInputStream.read(BlockInputStream.java:222)
	at org.apache.hadoop.ozone.client.io.KeyInputStream.read(KeyInputStream.java:171)
	at org.apache.hadoop.ozone.client.io.OzoneInputStream.read(OzoneInputStream.java:47)
	at java.io.InputStream.read(InputStream.java:101)
	at org.apache.hadoop.ozone.container.ContainerTestHelper.validateData(ContainerTestHelper.java:714)
	at org.apache.hadoop.ozone.client.rpc.TestBlockOutputStreamWithFailures.validateData(TestBlockOutputStreamWithFailures.java:1216)
	at org.apache.hadoop.ozone.client.rpc.TestBlockOutputStreamWithFailures.testDatanodeFailureWithSingleNodeRatis(TestBlockOutputStreamWithFailures.java:1058)
	at sun.reflect.NativeMethodAccessorImpl.invoke0(Native Method)
	at sun.reflect.NativeMethodAccessorImpl.invoke(NativeMethodAccessorImpl.java:62)
	at sun.reflect.DelegatingMethodAccessorImpl.invoke(DelegatingMethodAccessorImpl.java:43)
	at java.lang.reflect.Method.invoke(Method.java:498)
	at org.junit.runners.model.FrameworkMethod$1.runReflectiveCall(FrameworkMethod.java:47)
	at org.junit.internal.runners.model.ReflectiveCallable.run(ReflectiveCallable.java:12)
	at org.junit.runners.model.FrameworkMethod.invokeExplosively(FrameworkMethod.java:44)
	at org.junit.internal.runners.statements.InvokeMethod.evaluate(InvokeMethod.java:17)
	at org.junit.internal.runners.statements.RunBefores.evaluate(RunBefores.java:26)
	at org.junit.internal.runners.statements.RunAfters.evaluate(RunAfters.java:27)
	at org.junit.runners.ParentRunner.runLeaf(ParentRunner.java:271)
	at org.junit.runners.BlockJUnit4ClassRunner.runChild(BlockJUnit4ClassRunner.java:70)
	at org.junit.runners.BlockJUnit4ClassRunner.runChild(BlockJUnit4ClassRunner.java:50)
	at org.junit.runners.ParentRunner$3.run(ParentRunner.java:238)
	at org.junit.runners.ParentRunner$1.schedule(ParentRunner.java:63)
	at org.junit.runners.ParentRunner.runChildren(ParentRunner.java:236)
	at org.junit.runners.ParentRunner.access$000(ParentRunner.java:53)
	at org.junit.runners.ParentRunner$2.evaluate(ParentRunner.java:229)
	at org.junit.runners.ParentRunner.run(ParentRunner.java:309)
	at org.apache.maven.surefire.junit4.JUnit4Provider.execute(JUnit4Provider.java:365)
	at org.apache.maven.surefire.junit4.JUnit4Provider.executeWithRerun(JUnit4Provider.java:273)
	at org.apache.maven.surefire.junit4.JUnit4Provider.executeTestSet(JUnit4Provider.java:238)
	at org.apache.maven.surefire.junit4.JUnit4Provider.invoke(JUnit4Provider.java:159)
	at org.apache.maven.surefire.booter.ForkedBooter.invokeProviderInSameClassLoader(ForkedBooter.java:384)
	at org.apache.maven.surefire.booter.ForkedBooter.runSuitesInProcess(ForkedBooter.java:345)
	at org.apache.maven.surefire.booter.ForkedBooter.execute(ForkedBooter.java:126)
	at org.apache.maven.surefire.booter.ForkedBooter.main(ForkedBooter.java:418)

Sep 27, 2019 9:29:54 AM org.apache.ratis.thirdparty.io.grpc.internal.ManagedChannelOrphanWrapper$ManagedChannelReference cleanQueue
SEVERE: *~*~*~ Channel ManagedChannelImpl{logId=2687, target=192.168.164.207:32789} was not shutdown properly!!! ~*~*~*
    Make sure to call shutdown()/shutdownNow() and wait until awaitTermination() returns true.
java.lang.RuntimeException: ManagedChannel allocation site
	at org.apache.ratis.thirdparty.io.grpc.internal.ManagedChannelOrphanWrapper$ManagedChannelReference.<init>(ManagedChannelOrphanWrapper.java:103)
	at org.apache.ratis.thirdparty.io.grpc.internal.ManagedChannelOrphanWrapper.<init>(ManagedChannelOrphanWrapper.java:53)
	at org.apache.ratis.thirdparty.io.grpc.internal.ManagedChannelOrphanWrapper.<init>(ManagedChannelOrphanWrapper.java:44)
	at org.apache.ratis.thirdparty.io.grpc.internal.AbstractManagedChannelImplBuilder.build(AbstractManagedChannelImplBuilder.java:411)
	at org.apache.hadoop.hdds.scm.XceiverClientGrpc.connectToDatanode(XceiverClientGrpc.java:181)
	at org.apache.hadoop.hdds.scm.XceiverClientGrpc.reconnect(XceiverClientGrpc.java:429)
	at org.apache.hadoop.hdds.scm.XceiverClientGrpc.sendCommandAsync(XceiverClientGrpc.java:378)
	at org.apache.hadoop.hdds.scm.XceiverClientGrpc.sendCommandWithRetry(XceiverClientGrpc.java:291)
	at org.apache.hadoop.hdds.scm.XceiverClientGrpc.sendCommandWithTraceIDAndRetry(XceiverClientGrpc.java:257)
	at org.apache.hadoop.hdds.scm.XceiverClientGrpc.sendCommand(XceiverClientGrpc.java:240)
	at org.apache.hadoop.hdds.scm.storage.ContainerProtocolCalls.getBlock(ContainerProtocolCalls.java:118)
	at org.apache.hadoop.hdds.scm.storage.BlockInputStream.getChunkInfos(BlockInputStream.java:167)
	at org.apache.hadoop.hdds.scm.storage.BlockInputStream.initialize(BlockInputStream.java:118)
	at org.apache.hadoop.hdds.scm.storage.BlockInputStream.read(BlockInputStream.java:222)
	at org.apache.hadoop.ozone.client.io.KeyInputStream.read(KeyInputStream.java:171)
	at org.apache.hadoop.ozone.client.io.OzoneInputStream.read(OzoneInputStream.java:47)
	at java.io.InputStream.read(InputStream.java:101)
	at org.apache.hadoop.ozone.container.ContainerTestHelper.validateData(ContainerTestHelper.java:714)
	at org.apache.hadoop.ozone.client.rpc.TestBlockOutputStreamWithFailures.validateData(TestBlockOutputStreamWithFailures.java:1216)
	at org.apache.hadoop.ozone.client.rpc.TestBlockOutputStreamWithFailures.testDatanodeFailureWithSingleNodeRatis(TestBlockOutputStreamWithFailures.java:1058)
	at sun.reflect.NativeMethodAccessorImpl.invoke0(Native Method)
	at sun.reflect.NativeMethodAccessorImpl.invoke(NativeMethodAccessorImpl.java:62)
	at sun.reflect.DelegatingMethodAccessorImpl.invoke(DelegatingMethodAccessorImpl.java:43)
	at java.lang.reflect.Method.invoke(Method.java:498)
	at org.junit.runners.model.FrameworkMethod$1.runReflectiveCall(FrameworkMethod.java:47)
	at org.junit.internal.runners.model.ReflectiveCallable.run(ReflectiveCallable.java:12)
	at org.junit.runners.model.FrameworkMethod.invokeExplosively(FrameworkMethod.java:44)
	at org.junit.internal.runners.statements.InvokeMethod.evaluate(InvokeMethod.java:17)
	at org.junit.internal.runners.statements.RunBefores.evaluate(RunBefores.java:26)
	at org.junit.internal.runners.statements.RunAfters.evaluate(RunAfters.java:27)
	at org.junit.runners.ParentRunner.runLeaf(ParentRunner.java:271)
	at org.junit.runners.BlockJUnit4ClassRunner.runChild(BlockJUnit4ClassRunner.java:70)
	at org.junit.runners.BlockJUnit4ClassRunner.runChild(BlockJUnit4ClassRunner.java:50)
	at org.junit.runners.ParentRunner$3.run(ParentRunner.java:238)
	at org.junit.runners.ParentRunner$1.schedule(ParentRunner.java:63)
	at org.junit.runners.ParentRunner.runChildren(ParentRunner.java:236)
	at org.junit.runners.ParentRunner.access$000(ParentRunner.java:53)
	at org.junit.runners.ParentRunner$2.evaluate(ParentRunner.java:229)
	at org.junit.runners.ParentRunner.run(ParentRunner.java:309)
	at org.apache.maven.surefire.junit4.JUnit4Provider.execute(JUnit4Provider.java:365)
	at org.apache.maven.surefire.junit4.JUnit4Provider.executeWithRerun(JUnit4Provider.java:273)
	at org.apache.maven.surefire.junit4.JUnit4Provider.executeTestSet(JUnit4Provider.java:238)
	at org.apache.maven.surefire.junit4.JUnit4Provider.invoke(JUnit4Provider.java:159)
	at org.apache.maven.surefire.booter.ForkedBooter.invokeProviderInSameClassLoader(ForkedBooter.java:384)
	at org.apache.maven.surefire.booter.ForkedBooter.runSuitesInProcess(ForkedBooter.java:345)
	at org.apache.maven.surefire.booter.ForkedBooter.execute(ForkedBooter.java:126)
	at org.apache.maven.surefire.booter.ForkedBooter.main(ForkedBooter.java:418)

Sep 27, 2019 9:29:54 AM org.apache.ratis.thirdparty.io.grpc.internal.ManagedChannelOrphanWrapper$ManagedChannelReference cleanQueue
SEVERE: *~*~*~ Channel ManagedChannelImpl{logId=2899, target=192.168.164.207:35647} was not shutdown properly!!! ~*~*~*
    Make sure to call shutdown()/shutdownNow() and wait until awaitTermination() returns true.
java.lang.RuntimeException: ManagedChannel allocation site
	at org.apache.ratis.thirdparty.io.grpc.internal.ManagedChannelOrphanWrapper$ManagedChannelReference.<init>(ManagedChannelOrphanWrapper.java:103)
	at org.apache.ratis.thirdparty.io.grpc.internal.ManagedChannelOrphanWrapper.<init>(ManagedChannelOrphanWrapper.java:53)
	at org.apache.ratis.thirdparty.io.grpc.internal.ManagedChannelOrphanWrapper.<init>(ManagedChannelOrphanWrapper.java:44)
	at org.apache.ratis.thirdparty.io.grpc.internal.AbstractManagedChannelImplBuilder.build(AbstractManagedChannelImplBuilder.java:411)
	at org.apache.hadoop.hdds.scm.XceiverClientGrpc.connectToDatanode(XceiverClientGrpc.java:181)
	at org.apache.hadoop.hdds.scm.XceiverClientGrpc.reconnect(XceiverClientGrpc.java:429)
	at org.apache.hadoop.hdds.scm.XceiverClientGrpc.sendCommandAsync(XceiverClientGrpc.java:378)
	at org.apache.hadoop.hdds.scm.XceiverClientGrpc.sendCommandWithRetry(XceiverClientGrpc.java:291)
	at org.apache.hadoop.hdds.scm.XceiverClientGrpc.sendCommandWithTraceIDAndRetry(XceiverClientGrpc.java:257)
	at org.apache.hadoop.hdds.scm.XceiverClientGrpc.sendCommand(XceiverClientGrpc.java:240)
	at org.apache.hadoop.hdds.scm.storage.ContainerProtocolCalls.getBlock(ContainerProtocolCalls.java:118)
	at org.apache.hadoop.hdds.scm.storage.BlockInputStream.getChunkInfos(BlockInputStream.java:167)
	at org.apache.hadoop.hdds.scm.storage.BlockInputStream.initialize(BlockInputStream.java:118)
	at org.apache.hadoop.hdds.scm.storage.BlockInputStream.read(BlockInputStream.java:222)
	at org.apache.hadoop.ozone.client.io.KeyInputStream.read(KeyInputStream.java:171)
	at org.apache.hadoop.ozone.client.io.OzoneInputStream.read(OzoneInputStream.java:47)
	at java.io.InputStream.read(InputStream.java:101)
	at org.apache.hadoop.ozone.container.ContainerTestHelper.validateData(ContainerTestHelper.java:714)
	at org.apache.hadoop.ozone.client.rpc.TestBlockOutputStreamWithFailures.validateData(TestBlockOutputStreamWithFailures.java:1216)
	at org.apache.hadoop.ozone.client.rpc.TestBlockOutputStreamWithFailures.testWatchForCommitWithSingleNodeRatis(TestBlockOutputStreamWithFailures.java:918)
	at sun.reflect.NativeMethodAccessorImpl.invoke0(Native Method)
	at sun.reflect.NativeMethodAccessorImpl.invoke(NativeMethodAccessorImpl.java:62)
	at sun.reflect.DelegatingMethodAccessorImpl.invoke(DelegatingMethodAccessorImpl.java:43)
	at java.lang.reflect.Method.invoke(Method.java:498)
	at org.junit.runners.model.FrameworkMethod$1.runReflectiveCall(FrameworkMethod.java:47)
	at org.junit.internal.runners.model.ReflectiveCallable.run(ReflectiveCallable.java:12)
	at org.junit.runners.model.FrameworkMethod.invokeExplosively(FrameworkMethod.java:44)
	at org.junit.internal.runners.statements.InvokeMethod.evaluate(InvokeMethod.java:17)
	at org.junit.internal.runners.statements.RunBefores.evaluate(RunBefores.java:26)
	at org.junit.internal.runners.statements.RunAfters.evaluate(RunAfters.java:27)
	at org.junit.runners.ParentRunner.runLeaf(ParentRunner.java:271)
	at org.junit.runners.BlockJUnit4ClassRunner.runChild(BlockJUnit4ClassRunner.java:70)
	at org.junit.runners.BlockJUnit4ClassRunner.runChild(BlockJUnit4ClassRunner.java:50)
	at org.junit.runners.ParentRunner$3.run(ParentRunner.java:238)
	at org.junit.runners.ParentRunner$1.schedule(ParentRunner.java:63)
	at org.junit.runners.ParentRunner.runChildren(ParentRunner.java:236)
	at org.junit.runners.ParentRunner.access$000(ParentRunner.java:53)
	at org.junit.runners.ParentRunner$2.evaluate(ParentRunner.java:229)
	at org.junit.runners.ParentRunner.run(ParentRunner.java:309)
	at org.apache.maven.surefire.junit4.JUnit4Provider.execute(JUnit4Provider.java:365)
	at org.apache.maven.surefire.junit4.JUnit4Provider.executeWithRerun(JUnit4Provider.java:273)
	at org.apache.maven.surefire.junit4.JUnit4Provider.executeTestSet(JUnit4Provider.java:238)
	at org.apache.maven.surefire.junit4.JUnit4Provider.invoke(JUnit4Provider.java:159)
	at org.apache.maven.surefire.booter.ForkedBooter.invokeProviderInSameClassLoader(ForkedBooter.java:384)
	at org.apache.maven.surefire.booter.ForkedBooter.runSuitesInProcess(ForkedBooter.java:345)
	at org.apache.maven.surefire.booter.ForkedBooter.execute(ForkedBooter.java:126)
	at org.apache.maven.surefire.booter.ForkedBooter.main(ForkedBooter.java:418)

Sep 27, 2019 9:29:54 AM org.apache.ratis.thirdparty.io.grpc.internal.ManagedChannelOrphanWrapper$ManagedChannelReference cleanQueue
SEVERE: *~*~*~ Channel ManagedChannelImpl{logId=2884, target=192.168.164.207:42834} was not shutdown properly!!! ~*~*~*
    Make sure to call shutdown()/shutdownNow() and wait until awaitTermination() returns true.
java.lang.RuntimeException: ManagedChannel allocation site
	at org.apache.ratis.thirdparty.io.grpc.internal.ManagedChannelOrphanWrapper$ManagedChannelReference.<init>(ManagedChannelOrphanWrapper.java:103)
	at org.apache.ratis.thirdparty.io.grpc.internal.ManagedChannelOrphanWrapper.<init>(ManagedChannelOrphanWrapper.java:53)
	at org.apache.ratis.thirdparty.io.grpc.internal.ManagedChannelOrphanWrapper.<init>(ManagedChannelOrphanWrapper.java:44)
	at org.apache.ratis.thirdparty.io.grpc.internal.AbstractManagedChannelImplBuilder.build(AbstractManagedChannelImplBuilder.java:411)
	at org.apache.ratis.grpc.client.GrpcClientProtocolClient.<init>(GrpcClientProtocolClient.java:127)
	at org.apache.ratis.grpc.client.GrpcClientRpc.lambda$new$0(GrpcClientRpc.java:55)
	at org.apache.ratis.util.PeerProxyMap$PeerAndProxy.lambda$getProxy$0(PeerProxyMap.java:61)
	at org.apache.ratis.util.LifeCycle.startAndTransition(LifeCycle.java:202)
	at org.apache.ratis.util.PeerProxyMap$PeerAndProxy.getProxy(PeerProxyMap.java:60)
	at org.apache.ratis.util.PeerProxyMap.getProxy(PeerProxyMap.java:108)
	at org.apache.ratis.grpc.client.GrpcClientRpc.sendRequestAsync(GrpcClientRpc.java:66)
	at org.apache.ratis.client.impl.OrderedAsync.sendRequest(OrderedAsync.java:208)
	at org.apache.ratis.client.impl.OrderedAsync.sendRequestWithRetry(OrderedAsync.java:169)
	at org.apache.ratis.util.SlidingWindow$Client.sendOrDelayRequest(SlidingWindow.java:278)
	at org.apache.ratis.util.SlidingWindow$Client.retry(SlidingWindow.java:294)
	at org.apache.ratis.client.impl.OrderedAsync.lambda$scheduleWithTimeout$7(OrderedAsync.java:195)
	at org.apache.ratis.util.TimeoutScheduler.lambda$onTimeout$0(TimeoutScheduler.java:113)
	at org.apache.ratis.util.TimeoutScheduler.lambda$onTimeout$1(TimeoutScheduler.java:133)
	at org.apache.ratis.util.LogUtils.runAndLog(LogUtils.java:50)
	at org.apache.ratis.util.LogUtils$1.run(LogUtils.java:91)
	at java.util.concurrent.Executors$RunnableAdapter.call(Executors.java:511)
	at java.util.concurrent.FutureTask.run(FutureTask.java:266)
	at java.util.concurrent.ScheduledThreadPoolExecutor$ScheduledFutureTask.access$201(ScheduledThreadPoolExecutor.java:180)
	at java.util.concurrent.ScheduledThreadPoolExecutor$ScheduledFutureTask.run(ScheduledThreadPoolExecutor.java:293)
	at java.util.concurrent.ThreadPoolExecutor.runWorker(ThreadPoolExecutor.java:1149)
	at java.util.concurrent.ThreadPoolExecutor$Worker.run(ThreadPoolExecutor.java:624)
	at java.lang.Thread.run(Thread.java:748)

Sep 27, 2019 9:29:54 AM org.apache.ratis.thirdparty.io.grpc.internal.ManagedChannelOrphanWrapper$ManagedChannelReference cleanQueue
SEVERE: *~*~*~ Channel ManagedChannelImpl{logId=2889, target=192.168.164.207:43478} was not shutdown properly!!! ~*~*~*
    Make sure to call shutdown()/shutdownNow() and wait until awaitTermination() returns true.
java.lang.RuntimeException: ManagedChannel allocation site
	at org.apache.ratis.thirdparty.io.grpc.internal.ManagedChannelOrphanWrapper$ManagedChannelReference.<init>(ManagedChannelOrphanWrapper.java:103)
	at org.apache.ratis.thirdparty.io.grpc.internal.ManagedChannelOrphanWrapper.<init>(ManagedChannelOrphanWrapper.java:53)
	at org.apache.ratis.thirdparty.io.grpc.internal.ManagedChannelOrphanWrapper.<init>(ManagedChannelOrphanWrapper.java:44)
	at org.apache.ratis.thirdparty.io.grpc.internal.AbstractManagedChannelImplBuilder.build(AbstractManagedChannelImplBuilder.java:411)
	at org.apache.ratis.grpc.client.GrpcClientProtocolClient.<init>(GrpcClientProtocolClient.java:127)
	at org.apache.ratis.grpc.client.GrpcClientRpc.lambda$new$0(GrpcClientRpc.java:55)
	at org.apache.ratis.util.PeerProxyMap$PeerAndProxy.lambda$getProxy$0(PeerProxyMap.java:61)
	at org.apache.ratis.util.LifeCycle.startAndTransition(LifeCycle.java:202)
	at org.apache.ratis.util.PeerProxyMap$PeerAndProxy.getProxy(PeerProxyMap.java:60)
	at org.apache.ratis.util.PeerProxyMap.getProxy(PeerProxyMap.java:108)
	at org.apache.ratis.grpc.client.GrpcClientRpc.sendRequestAsync(GrpcClientRpc.java:66)
	at org.apache.ratis.client.impl.OrderedAsync.sendRequest(OrderedAsync.java:208)
	at org.apache.ratis.client.impl.OrderedAsync.sendRequestWithRetry(OrderedAsync.java:169)
	at org.apache.ratis.util.SlidingWindow$Client.sendOrDelayRequest(SlidingWindow.java:278)
	at org.apache.ratis.util.SlidingWindow$Client.submitNewRequest(SlidingWindow.java:257)
	at org.apache.ratis.client.impl.OrderedAsync.send(OrderedAsync.java:155)
	at org.apache.ratis.client.impl.RaftClientImpl.sendAsync(RaftClientImpl.java:144)
	at org.apache.ratis.client.impl.RaftClientImpl.sendAsync(RaftClientImpl.java:124)
	at org.apache.hadoop.hdds.scm.XceiverClientRatis.sendRequestAsync(XceiverClientRatis.java:234)
	at org.apache.hadoop.hdds.scm.XceiverClientRatis.sendCommandAsync(XceiverClientRatis.java:332)
	at org.apache.hadoop.hdds.scm.storage.ContainerProtocolCalls.writeChunkAsync(ContainerProtocolCalls.java:310)
	at org.apache.hadoop.hdds.scm.storage.BlockOutputStream.writeChunkToContainer(BlockOutputStream.java:601)
	at org.apache.hadoop.hdds.scm.storage.BlockOutputStream.writeChunk(BlockOutputStream.java:459)
	at org.apache.hadoop.hdds.scm.storage.BlockOutputStream.writeOnRetry(BlockOutputStream.java:285)
	at org.apache.hadoop.ozone.client.io.BlockOutputStreamEntry.writeOnRetry(BlockOutputStreamEntry.java:200)
	at org.apache.hadoop.ozone.client.io.KeyOutputStream.handleWrite(KeyOutputStream.java:206)
	at org.apache.hadoop.ozone.client.io.KeyOutputStream.handleRetry(KeyOutputStream.java:375)
	at org.apache.hadoop.ozone.client.io.KeyOutputStream.handleException(KeyOutputStream.java:324)
	at org.apache.hadoop.ozone.client.io.KeyOutputStream.handleFlushOrClose(KeyOutputStream.java:449)
	at org.apache.hadoop.ozone.client.io.KeyOutputStream.handleWrite(KeyOutputStream.java:232)
	at org.apache.hadoop.ozone.client.io.KeyOutputStream.write(KeyOutputStream.java:190)
	at org.apache.hadoop.ozone.client.io.OzoneOutputStream.write(OzoneOutputStream.java:49)
	at java.io.OutputStream.write(OutputStream.java:75)
	at org.apache.hadoop.ozone.client.rpc.TestBlockOutputStreamWithFailures.testWatchForCommitWithSingleNodeRatis(TestBlockOutputStreamWithFailures.java:885)
	at sun.reflect.NativeMethodAccessorImpl.invoke0(Native Method)
	at sun.reflect.NativeMethodAccessorImpl.invoke(NativeMethodAccessorImpl.java:62)
	at sun.reflect.DelegatingMethodAccessorImpl.invoke(DelegatingMethodAccessorImpl.java:43)
	at java.lang.reflect.Method.invoke(Method.java:498)
	at org.junit.runners.model.FrameworkMethod$1.runReflectiveCall(FrameworkMethod.java:47)
	at org.junit.internal.runners.model.ReflectiveCallable.run(ReflectiveCallable.java:12)
	at org.junit.runners.model.FrameworkMethod.invokeExplosively(FrameworkMethod.java:44)
	at org.junit.internal.runners.statements.InvokeMethod.evaluate(InvokeMethod.java:17)
	at org.junit.internal.runners.statements.RunBefores.evaluate(RunBefores.java:26)
	at org.junit.internal.runners.statements.RunAfters.evaluate(RunAfters.java:27)
	at org.junit.runners.ParentRunner.runLeaf(ParentRunner.java:271)
	at org.junit.runners.BlockJUnit4ClassRunner.runChild(BlockJUnit4ClassRunner.java:70)
	at org.junit.runners.BlockJUnit4ClassRunner.runChild(BlockJUnit4ClassRunner.java:50)
	at org.junit.runners.ParentRunner$3.run(ParentRunner.java:238)
	at org.junit.runners.ParentRunner$1.schedule(ParentRunner.java:63)
	at org.junit.runners.ParentRunner.runChildren(ParentRunner.java:236)
	at org.junit.runners.ParentRunner.access$000(ParentRunner.java:53)
	at org.junit.runners.ParentRunner$2.evaluate(ParentRunner.java:229)
	at org.junit.runners.ParentRunner.run(ParentRunner.java:309)
	at org.apache.maven.surefire.junit4.JUnit4Provider.execute(JUnit4Provider.java:365)
	at org.apache.maven.surefire.junit4.JUnit4Provider.executeWithRerun(JUnit4Provider.java:273)
	at org.apache.maven.surefire.junit4.JUnit4Provider.executeTestSet(JUnit4Provider.java:238)
	at org.apache.maven.surefire.junit4.JUnit4Provider.invoke(JUnit4Provider.java:159)
	at org.apache.maven.surefire.booter.ForkedBooter.invokeProviderInSameClassLoader(ForkedBooter.java:384)
	at org.apache.maven.surefire.booter.ForkedBooter.runSuitesInProcess(ForkedBooter.java:345)
	at org.apache.maven.surefire.booter.ForkedBooter.execute(ForkedBooter.java:126)
	at org.apache.maven.surefire.booter.ForkedBooter.main(ForkedBooter.java:418)

Sep 27, 2019 9:29:54 AM org.apache.ratis.thirdparty.io.grpc.internal.ManagedChannelOrphanWrapper$ManagedChannelReference cleanQueue
SEVERE: *~*~*~ Channel ManagedChannelImpl{logId=2668, target=192.168.164.207:40738} was not shutdown properly!!! ~*~*~*
    Make sure to call shutdown()/shutdownNow() and wait until awaitTermination() returns true.
java.lang.RuntimeException: ManagedChannel allocation site
	at org.apache.ratis.thirdparty.io.grpc.internal.ManagedChannelOrphanWrapper$ManagedChannelReference.<init>(ManagedChannelOrphanWrapper.java:103)
	at org.apache.ratis.thirdparty.io.grpc.internal.ManagedChannelOrphanWrapper.<init>(ManagedChannelOrphanWrapper.java:53)
	at org.apache.ratis.thirdparty.io.grpc.internal.ManagedChannelOrphanWrapper.<init>(ManagedChannelOrphanWrapper.java:44)
	at org.apache.ratis.thirdparty.io.grpc.internal.AbstractManagedChannelImplBuilder.build(AbstractManagedChannelImplBuilder.java:411)
	at org.apache.ratis.grpc.client.GrpcClientProtocolClient.<init>(GrpcClientProtocolClient.java:127)
	at org.apache.ratis.grpc.client.GrpcClientRpc.lambda$new$0(GrpcClientRpc.java:55)
	at org.apache.ratis.util.PeerProxyMap$PeerAndProxy.lambda$getProxy$0(PeerProxyMap.java:61)
	at org.apache.ratis.util.LifeCycle.startAndTransition(LifeCycle.java:202)
	at org.apache.ratis.util.PeerProxyMap$PeerAndProxy.getProxy(PeerProxyMap.java:60)
	at org.apache.ratis.util.PeerProxyMap.getProxy(PeerProxyMap.java:108)
	at org.apache.ratis.grpc.client.GrpcClientRpc.sendRequestAsync(GrpcClientRpc.java:66)
	at org.apache.ratis.client.impl.OrderedAsync.sendRequest(OrderedAsync.java:208)
	at org.apache.ratis.client.impl.OrderedAsync.sendRequestWithRetry(OrderedAsync.java:169)
	at org.apache.ratis.util.SlidingWindow$Client.sendOrDelayRequest(SlidingWindow.java:278)
	at org.apache.ratis.util.SlidingWindow$Client.submitNewRequest(SlidingWindow.java:257)
	at org.apache.ratis.client.impl.OrderedAsync.send(OrderedAsync.java:155)
	at org.apache.ratis.client.impl.RaftClientImpl.sendAsync(RaftClientImpl.java:144)
	at org.apache.ratis.client.impl.RaftClientImpl.sendAsync(RaftClientImpl.java:124)
	at org.apache.hadoop.hdds.scm.XceiverClientRatis.sendRequestAsync(XceiverClientRatis.java:234)
	at org.apache.hadoop.hdds.scm.XceiverClientRatis.sendCommandAsync(XceiverClientRatis.java:332)
	at org.apache.hadoop.hdds.scm.storage.ContainerProtocolCalls.writeChunkAsync(ContainerProtocolCalls.java:310)
	at org.apache.hadoop.hdds.scm.storage.BlockOutputStream.writeChunkToContainer(BlockOutputStream.java:601)
	at org.apache.hadoop.hdds.scm.storage.BlockOutputStream.writeChunk(BlockOutputStream.java:459)
	at org.apache.hadoop.hdds.scm.storage.BlockOutputStream.writeOnRetry(BlockOutputStream.java:285)
	at org.apache.hadoop.ozone.client.io.BlockOutputStreamEntry.writeOnRetry(BlockOutputStreamEntry.java:200)
	at org.apache.hadoop.ozone.client.io.KeyOutputStream.handleWrite(KeyOutputStream.java:206)
	at org.apache.hadoop.ozone.client.io.KeyOutputStream.handleRetry(KeyOutputStream.java:375)
	at org.apache.hadoop.ozone.client.io.KeyOutputStream.handleException(KeyOutputStream.java:324)
	at org.apache.hadoop.ozone.client.io.KeyOutputStream.handleFlushOrClose(KeyOutputStream.java:449)
	at org.apache.hadoop.ozone.client.io.KeyOutputStream.handleWrite(KeyOutputStream.java:232)
	at org.apache.hadoop.ozone.client.io.KeyOutputStream.write(KeyOutputStream.java:190)
	at org.apache.hadoop.ozone.client.io.OzoneOutputStream.write(OzoneOutputStream.java:49)
	at java.io.OutputStream.write(OutputStream.java:75)
	at org.apache.hadoop.ozone.client.rpc.TestBlockOutputStreamWithFailures.testDatanodeFailureWithSingleNodeRatis(TestBlockOutputStreamWithFailures.java:1021)
	at sun.reflect.NativeMethodAccessorImpl.invoke0(Native Method)
	at sun.reflect.NativeMethodAccessorImpl.invoke(NativeMethodAccessorImpl.java:62)
	at sun.reflect.DelegatingMethodAccessorImpl.invoke(DelegatingMethodAccessorImpl.java:43)
	at java.lang.reflect.Method.invoke(Method.java:498)
	at org.junit.runners.model.FrameworkMethod$1.runReflectiveCall(FrameworkMethod.java:47)
	at org.junit.internal.runners.model.ReflectiveCallable.run(ReflectiveCallable.java:12)
	at org.junit.runners.model.FrameworkMethod.invokeExplosively(FrameworkMethod.java:44)
	at org.junit.internal.runners.statements.InvokeMethod.evaluate(InvokeMethod.java:17)
	at org.junit.internal.runners.statements.RunBefores.evaluate(RunBefores.java:26)
	at org.junit.internal.runners.statements.RunAfters.evaluate(RunAfters.java:27)
	at org.junit.runners.ParentRunner.runLeaf(ParentRunner.java:271)
	at org.junit.runners.BlockJUnit4ClassRunner.runChild(BlockJUnit4ClassRunner.java:70)
	at org.junit.runners.BlockJUnit4ClassRunner.runChild(BlockJUnit4ClassRunner.java:50)
	at org.junit.runners.ParentRunner$3.run(ParentRunner.java:238)
	at org.junit.runners.ParentRunner$1.schedule(ParentRunner.java:63)
	at org.junit.runners.ParentRunner.runChildren(ParentRunner.java:236)
	at org.junit.runners.ParentRunner.access$000(ParentRunner.java:53)
	at org.junit.runners.ParentRunner$2.evaluate(ParentRunner.java:229)
	at org.junit.runners.ParentRunner.run(ParentRunner.java:309)
	at org.apache.maven.surefire.junit4.JUnit4Provider.execute(JUnit4Provider.java:365)
	at org.apache.maven.surefire.junit4.JUnit4Provider.executeWithRerun(JUnit4Provider.java:273)
	at org.apache.maven.surefire.junit4.JUnit4Provider.executeTestSet(JUnit4Provider.java:238)
	at org.apache.maven.surefire.junit4.JUnit4Provider.invoke(JUnit4Provider.java:159)
	at org.apache.maven.surefire.booter.ForkedBooter.invokeProviderInSameClassLoader(ForkedBooter.java:384)
	at org.apache.maven.surefire.booter.ForkedBooter.runSuitesInProcess(ForkedBooter.java:345)
	at org.apache.maven.surefire.booter.ForkedBooter.execute(ForkedBooter.java:126)
	at org.apache.maven.surefire.booter.ForkedBooter.main(ForkedBooter.java:418)

Sep 27, 2019 9:29:54 AM org.apache.ratis.thirdparty.io.grpc.internal.ManagedChannelOrphanWrapper$ManagedChannelReference cleanQueue
SEVERE: *~*~*~ Channel ManagedChannelImpl{logId=2894, target=192.168.164.207:43261} was not shutdown properly!!! ~*~*~*
    Make sure to call shutdown()/shutdownNow() and wait until awaitTermination() returns true.
java.lang.RuntimeException: ManagedChannel allocation site
	at org.apache.ratis.thirdparty.io.grpc.internal.ManagedChannelOrphanWrapper$ManagedChannelReference.<init>(ManagedChannelOrphanWrapper.java:103)
	at org.apache.ratis.thirdparty.io.grpc.internal.ManagedChannelOrphanWrapper.<init>(ManagedChannelOrphanWrapper.java:53)
	at org.apache.ratis.thirdparty.io.grpc.internal.ManagedChannelOrphanWrapper.<init>(ManagedChannelOrphanWrapper.java:44)
	at org.apache.ratis.thirdparty.io.grpc.internal.AbstractManagedChannelImplBuilder.build(AbstractManagedChannelImplBuilder.java:411)
	at org.apache.hadoop.hdds.scm.XceiverClientGrpc.connectToDatanode(XceiverClientGrpc.java:181)
	at org.apache.hadoop.hdds.scm.XceiverClientGrpc.reconnect(XceiverClientGrpc.java:429)
	at org.apache.hadoop.hdds.scm.XceiverClientGrpc.sendCommandAsync(XceiverClientGrpc.java:378)
	at org.apache.hadoop.hdds.scm.XceiverClientGrpc.sendCommandWithRetry(XceiverClientGrpc.java:291)
	at org.apache.hadoop.hdds.scm.XceiverClientGrpc.sendCommandWithTraceIDAndRetry(XceiverClientGrpc.java:257)
	at org.apache.hadoop.hdds.scm.XceiverClientGrpc.sendCommand(XceiverClientGrpc.java:240)
	at org.apache.hadoop.hdds.scm.storage.ContainerProtocolCalls.getBlock(ContainerProtocolCalls.java:118)
	at org.apache.hadoop.hdds.scm.storage.BlockInputStream.getChunkInfos(BlockInputStream.java:167)
	at org.apache.hadoop.hdds.scm.storage.BlockInputStream.initialize(BlockInputStream.java:118)
	at org.apache.hadoop.hdds.scm.storage.BlockInputStream.read(BlockInputStream.java:222)
	at org.apache.hadoop.ozone.client.io.KeyInputStream.read(KeyInputStream.java:171)
	at org.apache.hadoop.ozone.client.io.OzoneInputStream.read(OzoneInputStream.java:47)
	at java.io.InputStream.read(InputStream.java:101)
	at org.apache.hadoop.ozone.container.ContainerTestHelper.validateData(ContainerTestHelper.java:714)
	at org.apache.hadoop.ozone.client.rpc.TestBlockOutputStreamWithFailures.validateData(TestBlockOutputStreamWithFailures.java:1216)
	at org.apache.hadoop.ozone.client.rpc.TestBlockOutputStreamWithFailures.testWatchForCommitWithSingleNodeRatis(TestBlockOutputStreamWithFailures.java:918)
	at sun.reflect.NativeMethodAccessorImpl.invoke0(Native Method)
	at sun.reflect.NativeMethodAccessorImpl.invoke(NativeMethodAccessorImpl.java:62)
	at sun.reflect.DelegatingMethodAccessorImpl.invoke(DelegatingMethodAccessorImpl.java:43)
	at java.lang.reflect.Method.invoke(Method.java:498)
	at org.junit.runners.model.FrameworkMethod$1.runReflectiveCall(FrameworkMethod.java:47)
	at org.junit.internal.runners.model.ReflectiveCallable.run(ReflectiveCallable.java:12)
	at org.junit.runners.model.FrameworkMethod.invokeExplosively(FrameworkMethod.java:44)
	at org.junit.internal.runners.statements.InvokeMethod.evaluate(InvokeMethod.java:17)
	at org.junit.internal.runners.statements.RunBefores.evaluate(RunBefores.java:26)
	at org.junit.internal.runners.statements.RunAfters.evaluate(RunAfters.java:27)
	at org.junit.runners.ParentRunner.runLeaf(ParentRunner.java:271)
	at org.junit.runners.BlockJUnit4ClassRunner.runChild(BlockJUnit4ClassRunner.java:70)
	at org.junit.runners.BlockJUnit4ClassRunner.runChild(BlockJUnit4ClassRunner.java:50)
	at org.junit.runners.ParentRunner$3.run(ParentRunner.java:238)
	at org.junit.runners.ParentRunner$1.schedule(ParentRunner.java:63)
	at org.junit.runners.ParentRunner.runChildren(ParentRunner.java:236)
	at org.junit.runners.ParentRunner.access$000(ParentRunner.java:53)
	at org.junit.runners.ParentRunner$2.evaluate(ParentRunner.java:229)
	at org.junit.runners.ParentRunner.run(ParentRunner.java:309)
	at org.apache.maven.surefire.junit4.JUnit4Provider.execute(JUnit4Provider.java:365)
	at org.apache.maven.surefire.junit4.JUnit4Provider.executeWithRerun(JUnit4Provider.java:273)
	at org.apache.maven.surefire.junit4.JUnit4Provider.executeTestSet(JUnit4Provider.java:238)
	at org.apache.maven.surefire.junit4.JUnit4Provider.invoke(JUnit4Provider.java:159)
	at org.apache.maven.surefire.booter.ForkedBooter.invokeProviderInSameClassLoader(ForkedBooter.java:384)
	at org.apache.maven.surefire.booter.ForkedBooter.runSuitesInProcess(ForkedBooter.java:345)
	at org.apache.maven.surefire.booter.ForkedBooter.execute(ForkedBooter.java:126)
	at org.apache.maven.surefire.booter.ForkedBooter.main(ForkedBooter.java:418)

Sep 27, 2019 9:30:02 AM org.apache.ratis.thirdparty.io.grpc.internal.SerializingExecutor run
SEVERE: Exception while executing runnable org.apache.ratis.thirdparty.io.grpc.internal.ServerImpl$JumpToApplicationThreadServerStreamListener$1Closed@e03f
org.apache.ratis.thirdparty.io.grpc.StatusRuntimeException: CANCELLED: call already cancelled
	at org.apache.ratis.thirdparty.io.grpc.Status.asRuntimeException(Status.java:517)
	at org.apache.ratis.thirdparty.io.grpc.stub.ServerCalls$ServerCallStreamObserverImpl.onCompleted(ServerCalls.java:356)
	at org.apache.ratis.grpc.server.GrpcServerProtocolService$ServerRequestStreamObserver.onError(GrpcServerProtocolService.java:121)
	at org.apache.ratis.thirdparty.io.grpc.stub.ServerCalls$StreamingServerCallHandler$StreamingServerCallListener.onCancel(ServerCalls.java:269)
	at org.apache.ratis.thirdparty.io.grpc.internal.ServerCallImpl$ServerStreamListenerImpl.closed(ServerCallImpl.java:293)
	at org.apache.ratis.thirdparty.io.grpc.internal.ServerImpl$JumpToApplicationThreadServerStreamListener$1Closed.runInContext(ServerImpl.java:741)
	at org.apache.ratis.thirdparty.io.grpc.internal.ContextRunnable.run(ContextRunnable.java:37)
	at org.apache.ratis.thirdparty.io.grpc.internal.SerializingExecutor.run(SerializingExecutor.java:123)
	at java.util.concurrent.ThreadPoolExecutor.runWorker(ThreadPoolExecutor.java:1149)
	at java.util.concurrent.ThreadPoolExecutor$Worker.run(ThreadPoolExecutor.java:624)
	at java.lang.Thread.run(Thread.java:748)

Sep 27, 2019 9:30:07 AM org.apache.ratis.thirdparty.io.grpc.internal.SerializingExecutor run
SEVERE: Exception while executing runnable org.apache.ratis.thirdparty.io.grpc.internal.ServerImpl$JumpToApplicationThreadServerStreamListener$1Closed@4fcaa4db
org.apache.ratis.thirdparty.io.grpc.StatusRuntimeException: CANCELLED: call already cancelled
	at org.apache.ratis.thirdparty.io.grpc.Status.asRuntimeException(Status.java:517)
	at org.apache.ratis.thirdparty.io.grpc.stub.ServerCalls$ServerCallStreamObserverImpl.onCompleted(ServerCalls.java:356)
	at org.apache.ratis.grpc.server.GrpcServerProtocolService$ServerRequestStreamObserver.onError(GrpcServerProtocolService.java:121)
	at org.apache.ratis.thirdparty.io.grpc.stub.ServerCalls$StreamingServerCallHandler$StreamingServerCallListener.onCancel(ServerCalls.java:269)
	at org.apache.ratis.thirdparty.io.grpc.internal.ServerCallImpl$ServerStreamListenerImpl.closed(ServerCallImpl.java:293)
	at org.apache.ratis.thirdparty.io.grpc.internal.ServerImpl$JumpToApplicationThreadServerStreamListener$1Closed.runInContext(ServerImpl.java:741)
	at org.apache.ratis.thirdparty.io.grpc.internal.ContextRunnable.run(ContextRunnable.java:37)
	at org.apache.ratis.thirdparty.io.grpc.internal.SerializingExecutor.run(SerializingExecutor.java:123)
	at java.util.concurrent.ThreadPoolExecutor.runWorker(ThreadPoolExecutor.java:1149)
	at java.util.concurrent.ThreadPoolExecutor$Worker.run(ThreadPoolExecutor.java:624)
	at java.lang.Thread.run(Thread.java:748)

]]></system-err>
  </testcase>
  <testcase name="testFailureWithPrimeSizedData" classname="org.apache.hadoop.ozone.client.rpc.TestBlockOutputStreamWithFailures" time="37.253"/>
  <testcase name="testWatchForCommitWithCloseContainerException" classname="org.apache.hadoop.ozone.client.rpc.TestBlockOutputStreamWithFailures" time="44.484"/>
  <testcase name="testExceptionDuringClose" classname="org.apache.hadoop.ozone.client.rpc.TestBlockOutputStreamWithFailures" time="69.285"/>
</testsuite>