<?xml version="1.0" encoding="UTF-8"?>
<testsuite xmlns:xsi="http://www.w3.org/2001/XMLSchema-instance" xsi:noNamespaceSchemaLocation="https://maven.apache.org/surefire/maven-surefire-plugin/xsd/surefire-test-report.xsd" name="org.apache.hadoop.ozone.client.rpc.TestWatchForCommit" time="287.721" tests="5" errors="1" skipped="0" failures="0">
  <properties>
    <property name="awt.toolkit" value="sun.awt.X11.XToolkit"/>
    <property name="file.encoding.pkg" value="sun.io"/>
    <property name="java.specification.version" value="1.8"/>
    <property name="sun.cpu.isalist" value=""/>
    <property name="sun.jnu.encoding" value="UTF-8"/>
    <property name="java.class.path" value="/workdir/hadoop-ozone/integration-test/target/test-classes:/workdir/hadoop-ozone/integration-test/target/classes:/home/user/.m2/repository/org/apache/hadoop/hadoop-ozone-common/0.5.0-SNAPSHOT/hadoop-ozone-common-0.5.0-SNAPSHOT.jar:/home/user/.m2/repository/org/apache/commons/commons-compress/1.4.1/commons-compress-1.4.1.jar:/home/user/.m2/repository/org/tukaani/xz/1.0/xz-1.0.jar:/home/user/.m2/repository/org/apache/hadoop/hadoop-common/3.2.0/hadoop-common-3.2.0.jar:/home/user/.m2/repository/org/apache/hadoop/hadoop-hdfs/3.2.0/hadoop-hdfs-3.2.0.jar:/home/user/.m2/repository/org/apache/hadoop/hadoop-hdfs-client/3.2.0/hadoop-hdfs-client-3.2.0.jar:/home/user/.m2/repository/com/fasterxml/jackson/core/jackson-annotations/2.9.9/jackson-annotations-2.9.9.jar:/home/user/.m2/repository/org/apache/hadoop/hadoop-hdds-common/0.5.0-SNAPSHOT/hadoop-hdds-common-0.5.0-SNAPSHOT.jar:/home/user/.m2/repository/javax/annotation/javax.annotation-api/1.2/javax.annotation-api-1.2.jar:/home/user/.m2/repository/org/apache/ratis/ratis-server/0.5.0-201fc85-SNAPSHOT/ratis-server-0.5.0-201fc85-SNAPSHOT.jar:/home/user/.m2/repository/org/apache/ratis/ratis-thirdparty-misc/0.2.0/ratis-thirdparty-misc-0.2.0.jar:/home/user/.m2/repository/org/apache/ratis/ratis-proto/0.5.0-201fc85-SNAPSHOT/ratis-proto-0.5.0-201fc85-SNAPSHOT.jar:/home/user/.m2/repository/org/apache/ratis/ratis-common/0.5.0-201fc85-SNAPSHOT/ratis-common-0.5.0-201fc85-SNAPSHOT.jar:/home/user/.m2/repository/org/apache/ratis/ratis-client/0.5.0-201fc85-SNAPSHOT/ratis-client-0.5.0-201fc85-SNAPSHOT.jar:/home/user/.m2/repository/org/apache/ratis/ratis-metrics/0.5.0-201fc85-SNAPSHOT/ratis-metrics-0.5.0-201fc85-SNAPSHOT.jar:/home/user/.m2/repository/com/github/joshelser/dropwizard-metrics-hadoop-metrics2-reporter/0.1.2/dropwizard-metrics-hadoop-metrics2-reporter-0.1.2.jar:/home/user/.m2/repository/io/dropwizard/metrics/metrics-jvm/3.2.5/metrics-jvm-3.2.5.jar:/home/user/.m2/repository/io/dropwizard/metrics/metrics-ganglia/3.2.5/metrics-ganglia-3.2.5.jar:/home/user/.m2/repository/info/ganglia/gmetric4j/gmetric4j/1.0.7/gmetric4j-1.0.7.jar:/home/user/.m2/repository/org/apache/ratis/ratis-netty/0.5.0-201fc85-SNAPSHOT/ratis-netty-0.5.0-201fc85-SNAPSHOT.jar:/home/user/.m2/repository/org/apache/ratis/ratis-grpc/0.5.0-201fc85-SNAPSHOT/ratis-grpc-0.5.0-201fc85-SNAPSHOT.jar:/home/user/.m2/repository/org/rocksdb/rocksdbjni/6.0.1/rocksdbjni-6.0.1.jar:/home/user/.m2/repository/org/apache/logging/log4j/log4j-api/2.11.0/log4j-api-2.11.0.jar:/home/user/.m2/repository/org/apache/logging/log4j/log4j-core/2.11.0/log4j-core-2.11.0.jar:/home/user/.m2/repository/com/lmax/disruptor/3.4.2/disruptor-3.4.2.jar:/home/user/.m2/repository/org/apache/commons/commons-pool2/2.6.0/commons-pool2-2.6.0.jar:/home/user/.m2/repository/org/bouncycastle/bcpkix-jdk15on/1.60/bcpkix-jdk15on-1.60.jar:/home/user/.m2/repository/commons-validator/commons-validator/1.6/commons-validator-1.6.jar:/home/user/.m2/repository/commons-digester/commons-digester/1.8.1/commons-digester-1.8.1.jar:/home/user/.m2/repository/io/jaegertracing/jaeger-client/0.34.0/jaeger-client-0.34.0.jar:/home/user/.m2/repository/io/jaegertracing/jaeger-thrift/0.34.0/jaeger-thrift-0.34.0.jar:/home/user/.m2/repository/org/apache/thrift/libthrift/0.12.0/libthrift-0.12.0.jar:/home/user/.m2/repository/com/squareup/okhttp3/okhttp/3.9.0/okhttp-3.9.0.jar:/home/user/.m2/repository/com/squareup/okio/okio/1.13.0/okio-1.13.0.jar:/home/user/.m2/repository/io/jaegertracing/jaeger-core/0.34.0/jaeger-core-0.34.0.jar:/home/user/.m2/repository/io/jaegertracing/jaeger-tracerresolver/0.34.0/jaeger-tracerresolver-0.34.0.jar:/home/user/.m2/repository/io/opentracing/contrib/opentracing-tracerresolver/0.1.5/opentracing-tracerresolver-0.1.5.jar:/home/user/.m2/repository/io/opentracing/opentracing-util/0.31.0/opentracing-util-0.31.0.jar:/home/user/.m2/repository/io/opentracing/opentracing-api/0.31.0/opentracing-api-0.31.0.jar:/home/user/.m2/repository/io/opentracing/opentracing-noop/0.31.0/opentracing-noop-0.31.0.jar:/home/user/.m2/repository/org/apache/hadoop/hadoop-hdds-server-framework/0.5.0-SNAPSHOT/hadoop-hdds-server-framework-0.5.0-SNAPSHOT.jar:/home/user/.m2/repository/org/apache/hadoop/hadoop-hdds-container-service/0.5.0-SNAPSHOT/hadoop-hdds-container-service-0.5.0-SNAPSHOT.jar:/home/user/.m2/repository/org/apache/hadoop/hadoop-hdds-client/0.5.0-SNAPSHOT/hadoop-hdds-client-0.5.0-SNAPSHOT.jar:/home/user/.m2/repository/org/apache/hadoop/hadoop-hdds-tools/0.5.0-SNAPSHOT/hadoop-hdds-tools-0.5.0-SNAPSHOT.jar:/home/user/.m2/repository/org/apache/hadoop/hadoop-hdds-server-scm/0.5.0-SNAPSHOT/hadoop-hdds-server-scm-0.5.0-SNAPSHOT.jar:/home/user/.m2/repository/org/apache/hadoop/hadoop-hdds-docs/0.5.0-SNAPSHOT/hadoop-hdds-docs-0.5.0-SNAPSHOT.jar:/home/user/.m2/repository/io/dropwizard/metrics/metrics-core/3.2.4/metrics-core-3.2.4.jar:/home/user/.m2/repository/org/hamcrest/hamcrest-all/1.3/hamcrest-all-1.3.jar:/home/user/.m2/repository/org/bouncycastle/bcprov-jdk15on/1.60/bcprov-jdk15on-1.60.jar:/home/user/.m2/repository/info/picocli/picocli/3.9.6/picocli-3.9.6.jar:/home/user/.m2/repository/com/google/protobuf/protobuf-java/2.5.0/protobuf-java-2.5.0.jar:/home/user/.m2/repository/com/google/guava/guava/11.0.2/guava-11.0.2.jar:/home/user/.m2/repository/org/apache/hadoop/hadoop-ozone-ozone-manager/0.5.0-SNAPSHOT/hadoop-ozone-ozone-manager-0.5.0-SNAPSHOT.jar:/home/user/.m2/repository/org/apache/hadoop/hadoop-minikdc/3.2.0/hadoop-minikdc-3.2.0.jar:/home/user/.m2/repository/commons-io/commons-io/2.5/commons-io-2.5.jar:/home/user/.m2/repository/org/apache/kerby/kerb-simplekdc/1.0.1/kerb-simplekdc-1.0.1.jar:/home/user/.m2/repository/org/apache/kerby/kerb-client/1.0.1/kerb-client-1.0.1.jar:/home/user/.m2/repository/org/apache/kerby/kerby-config/1.0.1/kerby-config-1.0.1.jar:/home/user/.m2/repository/org/apache/kerby/kerb-core/1.0.1/kerb-core-1.0.1.jar:/home/user/.m2/repository/org/apache/kerby/kerby-pkix/1.0.1/kerby-pkix-1.0.1.jar:/home/user/.m2/repository/org/apache/kerby/kerby-asn1/1.0.1/kerby-asn1-1.0.1.jar:/home/user/.m2/repository/org/apache/kerby/kerby-util/1.0.1/kerby-util-1.0.1.jar:/home/user/.m2/repository/org/apache/kerby/kerb-common/1.0.1/kerb-common-1.0.1.jar:/home/user/.m2/repository/org/apache/kerby/kerb-crypto/1.0.1/kerb-crypto-1.0.1.jar:/home/user/.m2/repository/org/apache/kerby/kerb-util/1.0.1/kerb-util-1.0.1.jar:/home/user/.m2/repository/org/apache/kerby/token-provider/1.0.1/token-provider-1.0.1.jar:/home/user/.m2/repository/org/apache/kerby/kerb-admin/1.0.1/kerb-admin-1.0.1.jar:/home/user/.m2/repository/org/apache/kerby/kerb-server/1.0.1/kerb-server-1.0.1.jar:/home/user/.m2/repository/org/apache/kerby/kerb-identity/1.0.1/kerb-identity-1.0.1.jar:/home/user/.m2/repository/org/apache/kerby/kerby-xdr/1.0.1/kerby-xdr-1.0.1.jar:/home/user/.m2/repository/org/slf4j/slf4j-log4j12/1.7.25/slf4j-log4j12-1.7.25.jar:/home/user/.m2/repository/org/apache/hadoop/hadoop-ozone-s3gateway/0.5.0-SNAPSHOT/hadoop-ozone-s3gateway-0.5.0-SNAPSHOT.jar:/home/user/.m2/repository/org/jboss/weld/servlet/weld-servlet/2.4.7.Final/weld-servlet-2.4.7.Final.jar:/home/user/.m2/repository/org/glassfish/jersey/containers/jersey-container-servlet-core/2.27/jersey-container-servlet-core-2.27.jar:/home/user/.m2/repository/org/glassfish/hk2/external/javax.inject/2.5.0-b42/javax.inject-2.5.0-b42.jar:/home/user/.m2/repository/org/glassfish/jersey/core/jersey-common/2.27/jersey-common-2.27.jar:/home/user/.m2/repository/org/glassfish/hk2/osgi-resource-locator/1.0.1/osgi-resource-locator-1.0.1.jar:/home/user/.m2/repository/javax/ws/rs/javax.ws.rs-api/2.1/javax.ws.rs-api-2.1.jar:/home/user/.m2/repository/org/glassfish/jersey/ext/cdi/jersey-cdi1x/2.27/jersey-cdi1x-2.27.jar:/home/user/.m2/repository/org/glassfish/jersey/inject/jersey-hk2/2.27/jersey-hk2-2.27.jar:/home/user/.m2/repository/org/glassfish/hk2/hk2-locator/2.5.0-b42/hk2-locator-2.5.0-b42.jar:/home/user/.m2/repository/org/javassist/javassist/3.22.0-CR2/javassist-3.22.0-CR2.jar:/home/user/.m2/repository/org/glassfish/hk2/hk2-api/2.5.0/hk2-api-2.5.0.jar:/home/user/.m2/repository/org/glassfish/hk2/external/jakarta.inject/2.5.0/jakarta.inject-2.5.0.jar:/home/user/.m2/repository/org/glassfish/hk2/hk2-utils/2.5.0/hk2-utils-2.5.0.jar:/home/user/.m2/repository/jakarta/annotation/jakarta.annotation-api/1.3.4/jakarta.annotation-api-1.3.4.jar:/home/user/.m2/repository/org/glassfish/hk2/external/aopalliance-repackaged/2.5.0/aopalliance-repackaged-2.5.0.jar:/home/user/.m2/repository/com/fasterxml/jackson/dataformat/jackson-dataformat-xml/2.9.0/jackson-dataformat-xml-2.9.0.jar:/home/user/.m2/repository/com/fasterxml/jackson/core/jackson-core/2.9.9/jackson-core-2.9.9.jar:/home/user/.m2/repository/com/fasterxml/jackson/module/jackson-module-jaxb-annotations/2.9.9/jackson-module-jaxb-annotations-2.9.9.jar:/home/user/.m2/repository/javax/enterprise/cdi-api/1.2/cdi-api-1.2.jar:/home/user/.m2/repository/javax/el/javax.el-api/3.0.0/javax.el-api-3.0.0.jar:/home/user/.m2/repository/javax/interceptor/javax.interceptor-api/1.2/javax.interceptor-api-1.2.jar:/home/user/.m2/repository/javax/inject/javax.inject/1/javax.inject-1.jar:/home/user/.m2/repository/com/sun/xml/bind/jaxb-impl/2.3.0.1/jaxb-impl-2.3.0.1.jar:/home/user/.m2/repository/com/sun/xml/bind/jaxb-core/2.3.0.1/jaxb-core-2.3.0.1.jar:/home/user/.m2/repository/javax/xml/bind/jaxb-api/2.3.0/jaxb-api-2.3.0.jar:/home/user/.m2/repository/javax/activation/activation/1.1.1/activation-1.1.1.jar:/home/user/.m2/repository/org/apache/hadoop/hadoop-ozone-csi/0.5.0-SNAPSHOT/hadoop-ozone-csi-0.5.0-SNAPSHOT.jar:/home/user/.m2/repository/com/google/protobuf/protobuf-java-util/3.5.1/protobuf-java-util-3.5.1.jar:/home/user/.m2/repository/org/apache/hadoop/hadoop-hdds-config/0.5.0-SNAPSHOT/hadoop-hdds-config-0.5.0-SNAPSHOT.jar:/home/user/.m2/repository/io/grpc/grpc-netty/1.17.1/grpc-netty-1.17.1.jar:/home/user/.m2/repository/io/grpc/grpc-core/1.17.1/grpc-core-1.17.1.jar:/home/user/.m2/repository/io/grpc/grpc-context/1.17.1/grpc-context-1.17.1.jar:/home/user/.m2/repository/com/google/errorprone/error_prone_annotations/2.2.0/error_prone_annotations-2.2.0.jar:/home/user/.m2/repository/org/codehaus/mojo/animal-sniffer-annotations/1.17/animal-sniffer-annotations-1.17.jar:/home/user/.m2/repository/io/opencensus/opencensus-api/0.17.0/opencensus-api-0.17.0.jar:/home/user/.m2/repository/io/opencensus/opencensus-contrib-grpc-metrics/0.17.0/opencensus-contrib-grpc-metrics-0.17.0.jar:/home/user/.m2/repository/io/netty/netty-codec-http2/4.1.30.Final/netty-codec-http2-4.1.30.Final.jar:/home/user/.m2/repository/io/netty/netty-codec-http/4.1.30.Final/netty-codec-http-4.1.30.Final.jar:/home/user/.m2/repository/io/netty/netty-codec/4.1.30.Final/netty-codec-4.1.30.Final.jar:/home/user/.m2/repository/io/netty/netty-handler/4.1.30.Final/netty-handler-4.1.30.Final.jar:/home/user/.m2/repository/io/netty/netty-handler-proxy/4.1.30.Final/netty-handler-proxy-4.1.30.Final.jar:/home/user/.m2/repository/io/netty/netty-codec-socks/4.1.30.Final/netty-codec-socks-4.1.30.Final.jar:/home/user/.m2/repository/io/netty/netty-transport-native-epoll/4.1.30.Final/netty-transport-native-epoll-4.1.30.Final.jar:/home/user/.m2/repository/io/netty/netty-common/4.1.30.Final/netty-common-4.1.30.Final.jar:/home/user/.m2/repository/io/netty/netty-buffer/4.1.30.Final/netty-buffer-4.1.30.Final.jar:/home/user/.m2/repository/io/netty/netty-transport/4.1.30.Final/netty-transport-4.1.30.Final.jar:/home/user/.m2/repository/io/netty/netty-resolver/4.1.30.Final/netty-resolver-4.1.30.Final.jar:/home/user/.m2/repository/io/netty/netty-transport-native-unix-common/4.1.30.Final/netty-transport-native-unix-common-4.1.30.Final.jar:/home/user/.m2/repository/io/grpc/grpc-protobuf/1.17.1/grpc-protobuf-1.17.1.jar:/home/user/.m2/repository/com/google/api/grpc/proto-google-common-protos/1.0.0/proto-google-common-protos-1.0.0.jar:/home/user/.m2/repository/io/grpc/grpc-protobuf-lite/1.17.1/grpc-protobuf-lite-1.17.1.jar:/home/user/.m2/repository/io/grpc/grpc-stub/1.17.1/grpc-stub-1.17.1.jar:/home/user/.m2/repository/org/apache/hadoop/hadoop-ozone-recon/0.5.0-SNAPSHOT/hadoop-ozone-recon-0.5.0-SNAPSHOT.jar:/home/user/.m2/repository/org/apache/hadoop/hadoop-ozone-reconcodegen/0.5.0-SNAPSHOT/hadoop-ozone-reconcodegen-0.5.0-SNAPSHOT.jar:/home/user/.m2/repository/com/google/inject/extensions/guice-multibindings/4.0/guice-multibindings-4.0.jar:/home/user/.m2/repository/com/google/inject/guice/4.0/guice-4.0.jar:/home/user/.m2/repository/aopalliance/aopalliance/1.0/aopalliance-1.0.jar:/home/user/.m2/repository/com/google/inject/extensions/guice-servlet/4.0/guice-servlet-4.0.jar:/home/user/.m2/repository/org/glassfish/jersey/containers/jersey-container-servlet/2.27/jersey-container-servlet-2.27.jar:/home/user/.m2/repository/org/glassfish/hk2/guice-bridge/2.5.0/guice-bridge-2.5.0.jar:/home/user/.m2/repository/org/glassfish/jersey/core/jersey-server/2.27/jersey-server-2.27.jar:/home/user/.m2/repository/org/glassfish/jersey/core/jersey-client/2.27/jersey-client-2.27.jar:/home/user/.m2/repository/org/glassfish/jersey/media/jersey-media-jaxb/2.27/jersey-media-jaxb-2.27.jar:/home/user/.m2/repository/javax/validation/validation-api/1.1.0.Final/validation-api-1.1.0.Final.jar:/home/user/.m2/repository/org/glassfish/jersey/media/jersey-media-json-jackson/2.27/jersey-media-json-jackson-2.27.jar:/home/user/.m2/repository/org/glassfish/jersey/ext/jersey-entity-filtering/2.27/jersey-entity-filtering-2.27.jar:/home/user/.m2/repository/com/google/inject/extensions/guice-assistedinject/4.0/guice-assistedinject-4.0.jar:/home/user/.m2/repository/org/jooq/jooq/3.11.10/jooq-3.11.10.jar:/home/user/.m2/repository/org/jooq/jooq-meta/3.11.10/jooq-meta-3.11.10.jar:/home/user/.m2/repository/org/jooq/jooq-codegen/3.11.10/jooq-codegen-3.11.10.jar:/home/user/.m2/repository/com/jolbox/bonecp/0.8.0.RELEASE/bonecp-0.8.0.RELEASE.jar:/home/user/.m2/repository/org/xerial/sqlite-jdbc/3.25.2/sqlite-jdbc-3.25.2.jar:/home/user/.m2/repository/org/springframework/spring-jdbc/5.1.3.RELEASE/spring-jdbc-5.1.3.RELEASE.jar:/home/user/.m2/repository/org/springframework/spring-beans/5.1.3.RELEASE/spring-beans-5.1.3.RELEASE.jar:/home/user/.m2/repository/org/springframework/spring-core/5.1.3.RELEASE/spring-core-5.1.3.RELEASE.jar:/home/user/.m2/repository/org/springframework/spring-jcl/5.1.3.RELEASE/spring-jcl-5.1.3.RELEASE.jar:/home/user/.m2/repository/org/springframework/spring-tx/5.1.3.RELEASE/spring-tx-5.1.3.RELEASE.jar:/home/user/.m2/repository/org/apache/hadoop/hadoop-ozone-client/0.5.0-SNAPSHOT/hadoop-ozone-client-0.5.0-SNAPSHOT.jar:/home/user/.m2/repository/commons-lang/commons-lang/2.6/commons-lang-2.6.jar:/home/user/.m2/repository/org/apache/hadoop/hadoop-ozone-ozone-manager/0.5.0-SNAPSHOT/hadoop-ozone-ozone-manager-0.5.0-SNAPSHOT-tests.jar:/home/user/.m2/repository/junit/junit/4.11/junit-4.11.jar:/home/user/.m2/repository/org/hamcrest/hamcrest-core/1.3/hamcrest-core-1.3.jar:/home/user/.m2/repository/org/openjdk/jmh/jmh-core/1.19/jmh-core-1.19.jar:/home/user/.m2/repository/net/sf/jopt-simple/jopt-simple/4.6/jopt-simple-4.6.jar:/home/user/.m2/repository/org/apache/commons/commons-math3/3.1.1/commons-math3-3.1.1.jar:/home/user/.m2/repository/org/openjdk/jmh/jmh-generator-annprocess/1.19/jmh-generator-annprocess-1.19.jar:/home/user/.m2/repository/org/mockito/mockito-all/1.8.5/mockito-all-1.8.5.jar:/home/user/.m2/repository/org/apache/hadoop/hadoop-kms/3.2.0/hadoop-kms-3.2.0.jar:/home/user/.m2/repository/org/apache/hadoop/hadoop-auth/3.2.0/hadoop-auth-3.2.0.jar:/home/user/.m2/repository/com/nimbusds/nimbus-jose-jwt/4.41.1/nimbus-jose-jwt-4.41.1.jar:/home/user/.m2/repository/com/github/stephenc/jcip/jcip-annotations/1.0-1/jcip-annotations-1.0-1.jar:/home/user/.m2/repository/net/minidev/json-smart/2.3/json-smart-2.3.jar:/home/user/.m2/repository/net/minidev/accessors-smart/1.2/accessors-smart-1.2.jar:/home/user/.m2/repository/org/ow2/asm/asm/5.0.4/asm-5.0.4.jar:/home/user/.m2/repository/org/apache/curator/curator-framework/2.12.0/curator-framework-2.12.0.jar:/home/user/.m2/repository/com/sun/jersey/jersey-core/1.19/jersey-core-1.19.jar:/home/user/.m2/repository/javax/ws/rs/jsr311-api/1.1.1/jsr311-api-1.1.1.jar:/home/user/.m2/repository/com/sun/jersey/jersey-server/1.19/jersey-server-1.19.jar:/home/user/.m2/repository/javax/servlet/javax.servlet-api/3.1.0/javax.servlet-api-3.1.0.jar:/home/user/.m2/repository/org/eclipse/jetty/jetty-server/9.3.25.v20180904/jetty-server-9.3.25.v20180904.jar:/home/user/.m2/repository/org/eclipse/jetty/jetty-http/9.3.25.v20180904/jetty-http-9.3.25.v20180904.jar:/home/user/.m2/repository/org/eclipse/jetty/jetty-io/9.3.25.v20180904/jetty-io-9.3.25.v20180904.jar:/home/user/.m2/repository/org/eclipse/jetty/jetty-webapp/9.3.25.v20180904/jetty-webapp-9.3.25.v20180904.jar:/home/user/.m2/repository/org/eclipse/jetty/jetty-xml/9.3.25.v20180904/jetty-xml-9.3.25.v20180904.jar:/home/user/.m2/repository/log4j/log4j/1.2.17/log4j-1.2.17.jar:/home/user/.m2/repository/org/slf4j/slf4j-api/1.7.25/slf4j-api-1.7.25.jar:/home/user/.m2/repository/org/slf4j/jul-to-slf4j/1.7.25/jul-to-slf4j-1.7.25.jar:/home/user/.m2/repository/org/eclipse/jetty/jetty-util/9.3.25.v20180904/jetty-util-9.3.25.v20180904.jar:/home/user/.m2/repository/com/fasterxml/jackson/core/jackson-databind/2.9.9/jackson-databind-2.9.9.jar:/home/user/.m2/repository/org/apache/hadoop/hadoop-kms/3.2.0/hadoop-kms-3.2.0-tests.jar:/home/user/.m2/repository/org/apache/hadoop/hadoop-hdds-server-scm/0.5.0-SNAPSHOT/hadoop-hdds-server-scm-0.5.0-SNAPSHOT-tests.jar:/home/user/.m2/repository/org/apache/hadoop/hadoop-hdds-container-service/0.5.0-SNAPSHOT/hadoop-hdds-container-service-0.5.0-SNAPSHOT-tests.jar:/home/user/.m2/repository/org/yaml/snakeyaml/1.16/snakeyaml-1.16.jar:/home/user/.m2/repository/org/apache/hadoop/hadoop-common/3.2.0/hadoop-common-3.2.0-tests.jar:/home/user/.m2/repository/org/apache/hadoop/hadoop-annotations/3.2.0/hadoop-annotations-3.2.0.jar:/usr/lib/jvm/java-1.8-openjdk/jre/../lib/tools.jar:/home/user/.m2/repository/commons-cli/commons-cli/1.2/commons-cli-1.2.jar:/home/user/.m2/repository/org/apache/httpcomponents/httpclient/4.5.2/httpclient-4.5.2.jar:/home/user/.m2/repository/org/apache/httpcomponents/httpcore/4.4.4/httpcore-4.4.4.jar:/home/user/.m2/repository/commons-codec/commons-codec/1.11/commons-codec-1.11.jar:/home/user/.m2/repository/commons-net/commons-net/3.6/commons-net-3.6.jar:/home/user/.m2/repository/commons-collections/commons-collections/3.2.2/commons-collections-3.2.2.jar:/home/user/.m2/repository/org/eclipse/jetty/jetty-servlet/9.3.25.v20180904/jetty-servlet-9.3.25.v20180904.jar:/home/user/.m2/repository/org/eclipse/jetty/jetty-security/9.3.25.v20180904/jetty-security-9.3.25.v20180904.jar:/home/user/.m2/repository/javax/servlet/jsp/jsp-api/2.1/jsp-api-2.1.jar:/home/user/.m2/repository/com/sun/jersey/jersey-servlet/1.19/jersey-servlet-1.19.jar:/home/user/.m2/repository/com/sun/jersey/jersey-json/1.19/jersey-json-1.19.jar:/home/user/.m2/repository/org/codehaus/jettison/jettison/1.1/jettison-1.1.jar:/home/user/.m2/repository/org/codehaus/jackson/jackson-core-asl/1.9.13/jackson-core-asl-1.9.13.jar:/home/user/.m2/repository/org/codehaus/jackson/jackson-mapper-asl/1.9.13/jackson-mapper-asl-1.9.13.jar:/home/user/.m2/repository/org/codehaus/jackson/jackson-jaxrs/1.9.13/jackson-jaxrs-1.9.13.jar:/home/user/.m2/repository/org/codehaus/jackson/jackson-xc/1.9.13/jackson-xc-1.9.13.jar:/home/user/.m2/repository/commons-logging/commons-logging/1.1.3/commons-logging-1.1.3.jar:/home/user/.m2/repository/commons-beanutils/commons-beanutils/1.9.4/commons-beanutils-1.9.4.jar:/home/user/.m2/repository/org/apache/commons/commons-configuration2/2.1.1/commons-configuration2-2.1.1.jar:/home/user/.m2/repository/org/apache/commons/commons-lang3/3.7/commons-lang3-3.7.jar:/home/user/.m2/repository/org/apache/commons/commons-text/1.4/commons-text-1.4.jar:/home/user/.m2/repository/org/apache/avro/avro/1.7.7/avro-1.7.7.jar:/home/user/.m2/repository/com/thoughtworks/paranamer/paranamer/2.3/paranamer-2.3.jar:/home/user/.m2/repository/org/xerial/snappy/snappy-java/1.0.5/snappy-java-1.0.5.jar:/home/user/.m2/repository/com/google/re2j/re2j/1.1/re2j-1.1.jar:/home/user/.m2/repository/com/google/code/gson/gson/2.2.4/gson-2.2.4.jar:/home/user/.m2/repository/com/jcraft/jsch/0.1.54/jsch-0.1.54.jar:/home/user/.m2/repository/org/apache/curator/curator-client/2.12.0/curator-client-2.12.0.jar:/home/user/.m2/repository/org/apache/curator/curator-recipes/2.12.0/curator-recipes-2.12.0.jar:/home/user/.m2/repository/com/google/code/findbugs/jsr305/3.0.0/jsr305-3.0.0.jar:/home/user/.m2/repository/org/apache/htrace/htrace-core4/4.1.0-incubating/htrace-core4-4.1.0-incubating.jar:/home/user/.m2/repository/org/apache/zookeeper/zookeeper/3.4.13/zookeeper-3.4.13.jar:/home/user/.m2/repository/jline/jline/0.9.94/jline-0.9.94.jar:/home/user/.m2/repository/org/apache/yetus/audience-annotations/0.5.0/audience-annotations-0.5.0.jar:/home/user/.m2/repository/org/codehaus/woodstox/stax2-api/3.1.4/stax2-api-3.1.4.jar:/home/user/.m2/repository/com/fasterxml/woodstox/woodstox-core/5.0.3/woodstox-core-5.0.3.jar:/home/user/.m2/repository/dnsjava/dnsjava/2.1.7/dnsjava-2.1.7.jar:/home/user/.m2/repository/org/apache/hadoop/hadoop-hdfs/3.2.0/hadoop-hdfs-3.2.0-tests.jar:/home/user/.m2/repository/org/eclipse/jetty/jetty-util-ajax/9.3.25.v20180904/jetty-util-ajax-9.3.25.v20180904.jar:/home/user/.m2/repository/commons-daemon/commons-daemon/1.0.13/commons-daemon-1.0.13.jar:/home/user/.m2/repository/io/netty/netty/3.10.5.Final/netty-3.10.5.Final.jar:/home/user/.m2/repository/io/netty/netty-all/4.0.52.Final/netty-all-4.0.52.Final.jar:/home/user/.m2/repository/org/fusesource/leveldbjni/leveldbjni-all/1.8/leveldbjni-all-1.8.jar:"/>
    <property name="java.vm.vendor" value="IcedTea"/>
    <property name="sun.arch.data.model" value="64"/>
    <property name="test.build.dir" value="/workdir/hadoop-ozone/integration-test/target/test-dir"/>
    <property name="test.cache.data" value=""/>
    <property name="java.vendor.url" value="https://icedtea.classpath.org"/>
    <property name="user.timezone" value=""/>
    <property name="java.vm.specification.version" value="1.8"/>
    <property name="os.name" value="Linux"/>
    <property name="test.build.data" value="/workdir/hadoop-ozone/integration-test/target/test-dir"/>
    <property name="user.country" value="US"/>
    <property name="sun.java.launcher" value="SUN_STANDARD"/>
    <property name="sun.boot.library.path" value="/usr/lib/jvm/java-1.8-openjdk/jre/lib/amd64"/>
    <property name="sun.java.command" value="/workdir/hadoop-ozone/integration-test/target/surefire/surefirebooter1155169825138239335.jar /workdir/hadoop-ozone/integration-test/target/surefire 2019-10-14T10-54-40_176-jvmRun1 surefire1425203760251663071tmp surefire_411891764142229906317tmp"/>
    <property name="test" value="!TestMiniChaosOzoneCluster"/>
    <property name="surefire.test.class.path" value="/workdir/hadoop-ozone/integration-test/target/test-classes:/workdir/hadoop-ozone/integration-test/target/classes:/home/user/.m2/repository/org/apache/hadoop/hadoop-ozone-common/0.5.0-SNAPSHOT/hadoop-ozone-common-0.5.0-SNAPSHOT.jar:/home/user/.m2/repository/org/apache/commons/commons-compress/1.4.1/commons-compress-1.4.1.jar:/home/user/.m2/repository/org/tukaani/xz/1.0/xz-1.0.jar:/home/user/.m2/repository/org/apache/hadoop/hadoop-common/3.2.0/hadoop-common-3.2.0.jar:/home/user/.m2/repository/org/apache/hadoop/hadoop-hdfs/3.2.0/hadoop-hdfs-3.2.0.jar:/home/user/.m2/repository/org/apache/hadoop/hadoop-hdfs-client/3.2.0/hadoop-hdfs-client-3.2.0.jar:/home/user/.m2/repository/com/fasterxml/jackson/core/jackson-annotations/2.9.9/jackson-annotations-2.9.9.jar:/home/user/.m2/repository/org/apache/hadoop/hadoop-hdds-common/0.5.0-SNAPSHOT/hadoop-hdds-common-0.5.0-SNAPSHOT.jar:/home/user/.m2/repository/javax/annotation/javax.annotation-api/1.2/javax.annotation-api-1.2.jar:/home/user/.m2/repository/org/apache/ratis/ratis-server/0.5.0-201fc85-SNAPSHOT/ratis-server-0.5.0-201fc85-SNAPSHOT.jar:/home/user/.m2/repository/org/apache/ratis/ratis-thirdparty-misc/0.2.0/ratis-thirdparty-misc-0.2.0.jar:/home/user/.m2/repository/org/apache/ratis/ratis-proto/0.5.0-201fc85-SNAPSHOT/ratis-proto-0.5.0-201fc85-SNAPSHOT.jar:/home/user/.m2/repository/org/apache/ratis/ratis-common/0.5.0-201fc85-SNAPSHOT/ratis-common-0.5.0-201fc85-SNAPSHOT.jar:/home/user/.m2/repository/org/apache/ratis/ratis-client/0.5.0-201fc85-SNAPSHOT/ratis-client-0.5.0-201fc85-SNAPSHOT.jar:/home/user/.m2/repository/org/apache/ratis/ratis-metrics/0.5.0-201fc85-SNAPSHOT/ratis-metrics-0.5.0-201fc85-SNAPSHOT.jar:/home/user/.m2/repository/com/github/joshelser/dropwizard-metrics-hadoop-metrics2-reporter/0.1.2/dropwizard-metrics-hadoop-metrics2-reporter-0.1.2.jar:/home/user/.m2/repository/io/dropwizard/metrics/metrics-jvm/3.2.5/metrics-jvm-3.2.5.jar:/home/user/.m2/repository/io/dropwizard/metrics/metrics-ganglia/3.2.5/metrics-ganglia-3.2.5.jar:/home/user/.m2/repository/info/ganglia/gmetric4j/gmetric4j/1.0.7/gmetric4j-1.0.7.jar:/home/user/.m2/repository/org/apache/ratis/ratis-netty/0.5.0-201fc85-SNAPSHOT/ratis-netty-0.5.0-201fc85-SNAPSHOT.jar:/home/user/.m2/repository/org/apache/ratis/ratis-grpc/0.5.0-201fc85-SNAPSHOT/ratis-grpc-0.5.0-201fc85-SNAPSHOT.jar:/home/user/.m2/repository/org/rocksdb/rocksdbjni/6.0.1/rocksdbjni-6.0.1.jar:/home/user/.m2/repository/org/apache/logging/log4j/log4j-api/2.11.0/log4j-api-2.11.0.jar:/home/user/.m2/repository/org/apache/logging/log4j/log4j-core/2.11.0/log4j-core-2.11.0.jar:/home/user/.m2/repository/com/lmax/disruptor/3.4.2/disruptor-3.4.2.jar:/home/user/.m2/repository/org/apache/commons/commons-pool2/2.6.0/commons-pool2-2.6.0.jar:/home/user/.m2/repository/org/bouncycastle/bcpkix-jdk15on/1.60/bcpkix-jdk15on-1.60.jar:/home/user/.m2/repository/commons-validator/commons-validator/1.6/commons-validator-1.6.jar:/home/user/.m2/repository/commons-digester/commons-digester/1.8.1/commons-digester-1.8.1.jar:/home/user/.m2/repository/io/jaegertracing/jaeger-client/0.34.0/jaeger-client-0.34.0.jar:/home/user/.m2/repository/io/jaegertracing/jaeger-thrift/0.34.0/jaeger-thrift-0.34.0.jar:/home/user/.m2/repository/org/apache/thrift/libthrift/0.12.0/libthrift-0.12.0.jar:/home/user/.m2/repository/com/squareup/okhttp3/okhttp/3.9.0/okhttp-3.9.0.jar:/home/user/.m2/repository/com/squareup/okio/okio/1.13.0/okio-1.13.0.jar:/home/user/.m2/repository/io/jaegertracing/jaeger-core/0.34.0/jaeger-core-0.34.0.jar:/home/user/.m2/repository/io/jaegertracing/jaeger-tracerresolver/0.34.0/jaeger-tracerresolver-0.34.0.jar:/home/user/.m2/repository/io/opentracing/contrib/opentracing-tracerresolver/0.1.5/opentracing-tracerresolver-0.1.5.jar:/home/user/.m2/repository/io/opentracing/opentracing-util/0.31.0/opentracing-util-0.31.0.jar:/home/user/.m2/repository/io/opentracing/opentracing-api/0.31.0/opentracing-api-0.31.0.jar:/home/user/.m2/repository/io/opentracing/opentracing-noop/0.31.0/opentracing-noop-0.31.0.jar:/home/user/.m2/repository/org/apache/hadoop/hadoop-hdds-server-framework/0.5.0-SNAPSHOT/hadoop-hdds-server-framework-0.5.0-SNAPSHOT.jar:/home/user/.m2/repository/org/apache/hadoop/hadoop-hdds-container-service/0.5.0-SNAPSHOT/hadoop-hdds-container-service-0.5.0-SNAPSHOT.jar:/home/user/.m2/repository/org/apache/hadoop/hadoop-hdds-client/0.5.0-SNAPSHOT/hadoop-hdds-client-0.5.0-SNAPSHOT.jar:/home/user/.m2/repository/org/apache/hadoop/hadoop-hdds-tools/0.5.0-SNAPSHOT/hadoop-hdds-tools-0.5.0-SNAPSHOT.jar:/home/user/.m2/repository/org/apache/hadoop/hadoop-hdds-server-scm/0.5.0-SNAPSHOT/hadoop-hdds-server-scm-0.5.0-SNAPSHOT.jar:/home/user/.m2/repository/org/apache/hadoop/hadoop-hdds-docs/0.5.0-SNAPSHOT/hadoop-hdds-docs-0.5.0-SNAPSHOT.jar:/home/user/.m2/repository/io/dropwizard/metrics/metrics-core/3.2.4/metrics-core-3.2.4.jar:/home/user/.m2/repository/org/hamcrest/hamcrest-all/1.3/hamcrest-all-1.3.jar:/home/user/.m2/repository/org/bouncycastle/bcprov-jdk15on/1.60/bcprov-jdk15on-1.60.jar:/home/user/.m2/repository/info/picocli/picocli/3.9.6/picocli-3.9.6.jar:/home/user/.m2/repository/com/google/protobuf/protobuf-java/2.5.0/protobuf-java-2.5.0.jar:/home/user/.m2/repository/com/google/guava/guava/11.0.2/guava-11.0.2.jar:/home/user/.m2/repository/org/apache/hadoop/hadoop-ozone-ozone-manager/0.5.0-SNAPSHOT/hadoop-ozone-ozone-manager-0.5.0-SNAPSHOT.jar:/home/user/.m2/repository/org/apache/hadoop/hadoop-minikdc/3.2.0/hadoop-minikdc-3.2.0.jar:/home/user/.m2/repository/commons-io/commons-io/2.5/commons-io-2.5.jar:/home/user/.m2/repository/org/apache/kerby/kerb-simplekdc/1.0.1/kerb-simplekdc-1.0.1.jar:/home/user/.m2/repository/org/apache/kerby/kerb-client/1.0.1/kerb-client-1.0.1.jar:/home/user/.m2/repository/org/apache/kerby/kerby-config/1.0.1/kerby-config-1.0.1.jar:/home/user/.m2/repository/org/apache/kerby/kerb-core/1.0.1/kerb-core-1.0.1.jar:/home/user/.m2/repository/org/apache/kerby/kerby-pkix/1.0.1/kerby-pkix-1.0.1.jar:/home/user/.m2/repository/org/apache/kerby/kerby-asn1/1.0.1/kerby-asn1-1.0.1.jar:/home/user/.m2/repository/org/apache/kerby/kerby-util/1.0.1/kerby-util-1.0.1.jar:/home/user/.m2/repository/org/apache/kerby/kerb-common/1.0.1/kerb-common-1.0.1.jar:/home/user/.m2/repository/org/apache/kerby/kerb-crypto/1.0.1/kerb-crypto-1.0.1.jar:/home/user/.m2/repository/org/apache/kerby/kerb-util/1.0.1/kerb-util-1.0.1.jar:/home/user/.m2/repository/org/apache/kerby/token-provider/1.0.1/token-provider-1.0.1.jar:/home/user/.m2/repository/org/apache/kerby/kerb-admin/1.0.1/kerb-admin-1.0.1.jar:/home/user/.m2/repository/org/apache/kerby/kerb-server/1.0.1/kerb-server-1.0.1.jar:/home/user/.m2/repository/org/apache/kerby/kerb-identity/1.0.1/kerb-identity-1.0.1.jar:/home/user/.m2/repository/org/apache/kerby/kerby-xdr/1.0.1/kerby-xdr-1.0.1.jar:/home/user/.m2/repository/org/slf4j/slf4j-log4j12/1.7.25/slf4j-log4j12-1.7.25.jar:/home/user/.m2/repository/org/apache/hadoop/hadoop-ozone-s3gateway/0.5.0-SNAPSHOT/hadoop-ozone-s3gateway-0.5.0-SNAPSHOT.jar:/home/user/.m2/repository/org/jboss/weld/servlet/weld-servlet/2.4.7.Final/weld-servlet-2.4.7.Final.jar:/home/user/.m2/repository/org/glassfish/jersey/containers/jersey-container-servlet-core/2.27/jersey-container-servlet-core-2.27.jar:/home/user/.m2/repository/org/glassfish/hk2/external/javax.inject/2.5.0-b42/javax.inject-2.5.0-b42.jar:/home/user/.m2/repository/org/glassfish/jersey/core/jersey-common/2.27/jersey-common-2.27.jar:/home/user/.m2/repository/org/glassfish/hk2/osgi-resource-locator/1.0.1/osgi-resource-locator-1.0.1.jar:/home/user/.m2/repository/javax/ws/rs/javax.ws.rs-api/2.1/javax.ws.rs-api-2.1.jar:/home/user/.m2/repository/org/glassfish/jersey/ext/cdi/jersey-cdi1x/2.27/jersey-cdi1x-2.27.jar:/home/user/.m2/repository/org/glassfish/jersey/inject/jersey-hk2/2.27/jersey-hk2-2.27.jar:/home/user/.m2/repository/org/glassfish/hk2/hk2-locator/2.5.0-b42/hk2-locator-2.5.0-b42.jar:/home/user/.m2/repository/org/javassist/javassist/3.22.0-CR2/javassist-3.22.0-CR2.jar:/home/user/.m2/repository/org/glassfish/hk2/hk2-api/2.5.0/hk2-api-2.5.0.jar:/home/user/.m2/repository/org/glassfish/hk2/external/jakarta.inject/2.5.0/jakarta.inject-2.5.0.jar:/home/user/.m2/repository/org/glassfish/hk2/hk2-utils/2.5.0/hk2-utils-2.5.0.jar:/home/user/.m2/repository/jakarta/annotation/jakarta.annotation-api/1.3.4/jakarta.annotation-api-1.3.4.jar:/home/user/.m2/repository/org/glassfish/hk2/external/aopalliance-repackaged/2.5.0/aopalliance-repackaged-2.5.0.jar:/home/user/.m2/repository/com/fasterxml/jackson/dataformat/jackson-dataformat-xml/2.9.0/jackson-dataformat-xml-2.9.0.jar:/home/user/.m2/repository/com/fasterxml/jackson/core/jackson-core/2.9.9/jackson-core-2.9.9.jar:/home/user/.m2/repository/com/fasterxml/jackson/module/jackson-module-jaxb-annotations/2.9.9/jackson-module-jaxb-annotations-2.9.9.jar:/home/user/.m2/repository/javax/enterprise/cdi-api/1.2/cdi-api-1.2.jar:/home/user/.m2/repository/javax/el/javax.el-api/3.0.0/javax.el-api-3.0.0.jar:/home/user/.m2/repository/javax/interceptor/javax.interceptor-api/1.2/javax.interceptor-api-1.2.jar:/home/user/.m2/repository/javax/inject/javax.inject/1/javax.inject-1.jar:/home/user/.m2/repository/com/sun/xml/bind/jaxb-impl/2.3.0.1/jaxb-impl-2.3.0.1.jar:/home/user/.m2/repository/com/sun/xml/bind/jaxb-core/2.3.0.1/jaxb-core-2.3.0.1.jar:/home/user/.m2/repository/javax/xml/bind/jaxb-api/2.3.0/jaxb-api-2.3.0.jar:/home/user/.m2/repository/javax/activation/activation/1.1.1/activation-1.1.1.jar:/home/user/.m2/repository/org/apache/hadoop/hadoop-ozone-csi/0.5.0-SNAPSHOT/hadoop-ozone-csi-0.5.0-SNAPSHOT.jar:/home/user/.m2/repository/com/google/protobuf/protobuf-java-util/3.5.1/protobuf-java-util-3.5.1.jar:/home/user/.m2/repository/org/apache/hadoop/hadoop-hdds-config/0.5.0-SNAPSHOT/hadoop-hdds-config-0.5.0-SNAPSHOT.jar:/home/user/.m2/repository/io/grpc/grpc-netty/1.17.1/grpc-netty-1.17.1.jar:/home/user/.m2/repository/io/grpc/grpc-core/1.17.1/grpc-core-1.17.1.jar:/home/user/.m2/repository/io/grpc/grpc-context/1.17.1/grpc-context-1.17.1.jar:/home/user/.m2/repository/com/google/errorprone/error_prone_annotations/2.2.0/error_prone_annotations-2.2.0.jar:/home/user/.m2/repository/org/codehaus/mojo/animal-sniffer-annotations/1.17/animal-sniffer-annotations-1.17.jar:/home/user/.m2/repository/io/opencensus/opencensus-api/0.17.0/opencensus-api-0.17.0.jar:/home/user/.m2/repository/io/opencensus/opencensus-contrib-grpc-metrics/0.17.0/opencensus-contrib-grpc-metrics-0.17.0.jar:/home/user/.m2/repository/io/netty/netty-codec-http2/4.1.30.Final/netty-codec-http2-4.1.30.Final.jar:/home/user/.m2/repository/io/netty/netty-codec-http/4.1.30.Final/netty-codec-http-4.1.30.Final.jar:/home/user/.m2/repository/io/netty/netty-codec/4.1.30.Final/netty-codec-4.1.30.Final.jar:/home/user/.m2/repository/io/netty/netty-handler/4.1.30.Final/netty-handler-4.1.30.Final.jar:/home/user/.m2/repository/io/netty/netty-handler-proxy/4.1.30.Final/netty-handler-proxy-4.1.30.Final.jar:/home/user/.m2/repository/io/netty/netty-codec-socks/4.1.30.Final/netty-codec-socks-4.1.30.Final.jar:/home/user/.m2/repository/io/netty/netty-transport-native-epoll/4.1.30.Final/netty-transport-native-epoll-4.1.30.Final.jar:/home/user/.m2/repository/io/netty/netty-common/4.1.30.Final/netty-common-4.1.30.Final.jar:/home/user/.m2/repository/io/netty/netty-buffer/4.1.30.Final/netty-buffer-4.1.30.Final.jar:/home/user/.m2/repository/io/netty/netty-transport/4.1.30.Final/netty-transport-4.1.30.Final.jar:/home/user/.m2/repository/io/netty/netty-resolver/4.1.30.Final/netty-resolver-4.1.30.Final.jar:/home/user/.m2/repository/io/netty/netty-transport-native-unix-common/4.1.30.Final/netty-transport-native-unix-common-4.1.30.Final.jar:/home/user/.m2/repository/io/grpc/grpc-protobuf/1.17.1/grpc-protobuf-1.17.1.jar:/home/user/.m2/repository/com/google/api/grpc/proto-google-common-protos/1.0.0/proto-google-common-protos-1.0.0.jar:/home/user/.m2/repository/io/grpc/grpc-protobuf-lite/1.17.1/grpc-protobuf-lite-1.17.1.jar:/home/user/.m2/repository/io/grpc/grpc-stub/1.17.1/grpc-stub-1.17.1.jar:/home/user/.m2/repository/org/apache/hadoop/hadoop-ozone-recon/0.5.0-SNAPSHOT/hadoop-ozone-recon-0.5.0-SNAPSHOT.jar:/home/user/.m2/repository/org/apache/hadoop/hadoop-ozone-reconcodegen/0.5.0-SNAPSHOT/hadoop-ozone-reconcodegen-0.5.0-SNAPSHOT.jar:/home/user/.m2/repository/com/google/inject/extensions/guice-multibindings/4.0/guice-multibindings-4.0.jar:/home/user/.m2/repository/com/google/inject/guice/4.0/guice-4.0.jar:/home/user/.m2/repository/aopalliance/aopalliance/1.0/aopalliance-1.0.jar:/home/user/.m2/repository/com/google/inject/extensions/guice-servlet/4.0/guice-servlet-4.0.jar:/home/user/.m2/repository/org/glassfish/jersey/containers/jersey-container-servlet/2.27/jersey-container-servlet-2.27.jar:/home/user/.m2/repository/org/glassfish/hk2/guice-bridge/2.5.0/guice-bridge-2.5.0.jar:/home/user/.m2/repository/org/glassfish/jersey/core/jersey-server/2.27/jersey-server-2.27.jar:/home/user/.m2/repository/org/glassfish/jersey/core/jersey-client/2.27/jersey-client-2.27.jar:/home/user/.m2/repository/org/glassfish/jersey/media/jersey-media-jaxb/2.27/jersey-media-jaxb-2.27.jar:/home/user/.m2/repository/javax/validation/validation-api/1.1.0.Final/validation-api-1.1.0.Final.jar:/home/user/.m2/repository/org/glassfish/jersey/media/jersey-media-json-jackson/2.27/jersey-media-json-jackson-2.27.jar:/home/user/.m2/repository/org/glassfish/jersey/ext/jersey-entity-filtering/2.27/jersey-entity-filtering-2.27.jar:/home/user/.m2/repository/com/google/inject/extensions/guice-assistedinject/4.0/guice-assistedinject-4.0.jar:/home/user/.m2/repository/org/jooq/jooq/3.11.10/jooq-3.11.10.jar:/home/user/.m2/repository/org/jooq/jooq-meta/3.11.10/jooq-meta-3.11.10.jar:/home/user/.m2/repository/org/jooq/jooq-codegen/3.11.10/jooq-codegen-3.11.10.jar:/home/user/.m2/repository/com/jolbox/bonecp/0.8.0.RELEASE/bonecp-0.8.0.RELEASE.jar:/home/user/.m2/repository/org/xerial/sqlite-jdbc/3.25.2/sqlite-jdbc-3.25.2.jar:/home/user/.m2/repository/org/springframework/spring-jdbc/5.1.3.RELEASE/spring-jdbc-5.1.3.RELEASE.jar:/home/user/.m2/repository/org/springframework/spring-beans/5.1.3.RELEASE/spring-beans-5.1.3.RELEASE.jar:/home/user/.m2/repository/org/springframework/spring-core/5.1.3.RELEASE/spring-core-5.1.3.RELEASE.jar:/home/user/.m2/repository/org/springframework/spring-jcl/5.1.3.RELEASE/spring-jcl-5.1.3.RELEASE.jar:/home/user/.m2/repository/org/springframework/spring-tx/5.1.3.RELEASE/spring-tx-5.1.3.RELEASE.jar:/home/user/.m2/repository/org/apache/hadoop/hadoop-ozone-client/0.5.0-SNAPSHOT/hadoop-ozone-client-0.5.0-SNAPSHOT.jar:/home/user/.m2/repository/commons-lang/commons-lang/2.6/commons-lang-2.6.jar:/home/user/.m2/repository/org/apache/hadoop/hadoop-ozone-ozone-manager/0.5.0-SNAPSHOT/hadoop-ozone-ozone-manager-0.5.0-SNAPSHOT-tests.jar:/home/user/.m2/repository/junit/junit/4.11/junit-4.11.jar:/home/user/.m2/repository/org/hamcrest/hamcrest-core/1.3/hamcrest-core-1.3.jar:/home/user/.m2/repository/org/openjdk/jmh/jmh-core/1.19/jmh-core-1.19.jar:/home/user/.m2/repository/net/sf/jopt-simple/jopt-simple/4.6/jopt-simple-4.6.jar:/home/user/.m2/repository/org/apache/commons/commons-math3/3.1.1/commons-math3-3.1.1.jar:/home/user/.m2/repository/org/openjdk/jmh/jmh-generator-annprocess/1.19/jmh-generator-annprocess-1.19.jar:/home/user/.m2/repository/org/mockito/mockito-all/1.8.5/mockito-all-1.8.5.jar:/home/user/.m2/repository/org/apache/hadoop/hadoop-kms/3.2.0/hadoop-kms-3.2.0.jar:/home/user/.m2/repository/org/apache/hadoop/hadoop-auth/3.2.0/hadoop-auth-3.2.0.jar:/home/user/.m2/repository/com/nimbusds/nimbus-jose-jwt/4.41.1/nimbus-jose-jwt-4.41.1.jar:/home/user/.m2/repository/com/github/stephenc/jcip/jcip-annotations/1.0-1/jcip-annotations-1.0-1.jar:/home/user/.m2/repository/net/minidev/json-smart/2.3/json-smart-2.3.jar:/home/user/.m2/repository/net/minidev/accessors-smart/1.2/accessors-smart-1.2.jar:/home/user/.m2/repository/org/ow2/asm/asm/5.0.4/asm-5.0.4.jar:/home/user/.m2/repository/org/apache/curator/curator-framework/2.12.0/curator-framework-2.12.0.jar:/home/user/.m2/repository/com/sun/jersey/jersey-core/1.19/jersey-core-1.19.jar:/home/user/.m2/repository/javax/ws/rs/jsr311-api/1.1.1/jsr311-api-1.1.1.jar:/home/user/.m2/repository/com/sun/jersey/jersey-server/1.19/jersey-server-1.19.jar:/home/user/.m2/repository/javax/servlet/javax.servlet-api/3.1.0/javax.servlet-api-3.1.0.jar:/home/user/.m2/repository/org/eclipse/jetty/jetty-server/9.3.25.v20180904/jetty-server-9.3.25.v20180904.jar:/home/user/.m2/repository/org/eclipse/jetty/jetty-http/9.3.25.v20180904/jetty-http-9.3.25.v20180904.jar:/home/user/.m2/repository/org/eclipse/jetty/jetty-io/9.3.25.v20180904/jetty-io-9.3.25.v20180904.jar:/home/user/.m2/repository/org/eclipse/jetty/jetty-webapp/9.3.25.v20180904/jetty-webapp-9.3.25.v20180904.jar:/home/user/.m2/repository/org/eclipse/jetty/jetty-xml/9.3.25.v20180904/jetty-xml-9.3.25.v20180904.jar:/home/user/.m2/repository/log4j/log4j/1.2.17/log4j-1.2.17.jar:/home/user/.m2/repository/org/slf4j/slf4j-api/1.7.25/slf4j-api-1.7.25.jar:/home/user/.m2/repository/org/slf4j/jul-to-slf4j/1.7.25/jul-to-slf4j-1.7.25.jar:/home/user/.m2/repository/org/eclipse/jetty/jetty-util/9.3.25.v20180904/jetty-util-9.3.25.v20180904.jar:/home/user/.m2/repository/com/fasterxml/jackson/core/jackson-databind/2.9.9/jackson-databind-2.9.9.jar:/home/user/.m2/repository/org/apache/hadoop/hadoop-kms/3.2.0/hadoop-kms-3.2.0-tests.jar:/home/user/.m2/repository/org/apache/hadoop/hadoop-hdds-server-scm/0.5.0-SNAPSHOT/hadoop-hdds-server-scm-0.5.0-SNAPSHOT-tests.jar:/home/user/.m2/repository/org/apache/hadoop/hadoop-hdds-container-service/0.5.0-SNAPSHOT/hadoop-hdds-container-service-0.5.0-SNAPSHOT-tests.jar:/home/user/.m2/repository/org/yaml/snakeyaml/1.16/snakeyaml-1.16.jar:/home/user/.m2/repository/org/apache/hadoop/hadoop-common/3.2.0/hadoop-common-3.2.0-tests.jar:/home/user/.m2/repository/org/apache/hadoop/hadoop-annotations/3.2.0/hadoop-annotations-3.2.0.jar:/usr/lib/jvm/java-1.8-openjdk/jre/../lib/tools.jar:/home/user/.m2/repository/commons-cli/commons-cli/1.2/commons-cli-1.2.jar:/home/user/.m2/repository/org/apache/httpcomponents/httpclient/4.5.2/httpclient-4.5.2.jar:/home/user/.m2/repository/org/apache/httpcomponents/httpcore/4.4.4/httpcore-4.4.4.jar:/home/user/.m2/repository/commons-codec/commons-codec/1.11/commons-codec-1.11.jar:/home/user/.m2/repository/commons-net/commons-net/3.6/commons-net-3.6.jar:/home/user/.m2/repository/commons-collections/commons-collections/3.2.2/commons-collections-3.2.2.jar:/home/user/.m2/repository/org/eclipse/jetty/jetty-servlet/9.3.25.v20180904/jetty-servlet-9.3.25.v20180904.jar:/home/user/.m2/repository/org/eclipse/jetty/jetty-security/9.3.25.v20180904/jetty-security-9.3.25.v20180904.jar:/home/user/.m2/repository/javax/servlet/jsp/jsp-api/2.1/jsp-api-2.1.jar:/home/user/.m2/repository/com/sun/jersey/jersey-servlet/1.19/jersey-servlet-1.19.jar:/home/user/.m2/repository/com/sun/jersey/jersey-json/1.19/jersey-json-1.19.jar:/home/user/.m2/repository/org/codehaus/jettison/jettison/1.1/jettison-1.1.jar:/home/user/.m2/repository/org/codehaus/jackson/jackson-core-asl/1.9.13/jackson-core-asl-1.9.13.jar:/home/user/.m2/repository/org/codehaus/jackson/jackson-mapper-asl/1.9.13/jackson-mapper-asl-1.9.13.jar:/home/user/.m2/repository/org/codehaus/jackson/jackson-jaxrs/1.9.13/jackson-jaxrs-1.9.13.jar:/home/user/.m2/repository/org/codehaus/jackson/jackson-xc/1.9.13/jackson-xc-1.9.13.jar:/home/user/.m2/repository/commons-logging/commons-logging/1.1.3/commons-logging-1.1.3.jar:/home/user/.m2/repository/commons-beanutils/commons-beanutils/1.9.4/commons-beanutils-1.9.4.jar:/home/user/.m2/repository/org/apache/commons/commons-configuration2/2.1.1/commons-configuration2-2.1.1.jar:/home/user/.m2/repository/org/apache/commons/commons-lang3/3.7/commons-lang3-3.7.jar:/home/user/.m2/repository/org/apache/commons/commons-text/1.4/commons-text-1.4.jar:/home/user/.m2/repository/org/apache/avro/avro/1.7.7/avro-1.7.7.jar:/home/user/.m2/repository/com/thoughtworks/paranamer/paranamer/2.3/paranamer-2.3.jar:/home/user/.m2/repository/org/xerial/snappy/snappy-java/1.0.5/snappy-java-1.0.5.jar:/home/user/.m2/repository/com/google/re2j/re2j/1.1/re2j-1.1.jar:/home/user/.m2/repository/com/google/code/gson/gson/2.2.4/gson-2.2.4.jar:/home/user/.m2/repository/com/jcraft/jsch/0.1.54/jsch-0.1.54.jar:/home/user/.m2/repository/org/apache/curator/curator-client/2.12.0/curator-client-2.12.0.jar:/home/user/.m2/repository/org/apache/curator/curator-recipes/2.12.0/curator-recipes-2.12.0.jar:/home/user/.m2/repository/com/google/code/findbugs/jsr305/3.0.0/jsr305-3.0.0.jar:/home/user/.m2/repository/org/apache/htrace/htrace-core4/4.1.0-incubating/htrace-core4-4.1.0-incubating.jar:/home/user/.m2/repository/org/apache/zookeeper/zookeeper/3.4.13/zookeeper-3.4.13.jar:/home/user/.m2/repository/jline/jline/0.9.94/jline-0.9.94.jar:/home/user/.m2/repository/org/apache/yetus/audience-annotations/0.5.0/audience-annotations-0.5.0.jar:/home/user/.m2/repository/org/codehaus/woodstox/stax2-api/3.1.4/stax2-api-3.1.4.jar:/home/user/.m2/repository/com/fasterxml/woodstox/woodstox-core/5.0.3/woodstox-core-5.0.3.jar:/home/user/.m2/repository/dnsjava/dnsjava/2.1.7/dnsjava-2.1.7.jar:/home/user/.m2/repository/org/apache/hadoop/hadoop-hdfs/3.2.0/hadoop-hdfs-3.2.0-tests.jar:/home/user/.m2/repository/org/eclipse/jetty/jetty-util-ajax/9.3.25.v20180904/jetty-util-ajax-9.3.25.v20180904.jar:/home/user/.m2/repository/commons-daemon/commons-daemon/1.0.13/commons-daemon-1.0.13.jar:/home/user/.m2/repository/io/netty/netty/3.10.5.Final/netty-3.10.5.Final.jar:/home/user/.m2/repository/io/netty/netty-all/4.0.52.Final/netty-all-4.0.52.Final.jar:/home/user/.m2/repository/org/fusesource/leveldbjni/leveldbjni-all/1.8/leveldbjni-all-1.8.jar:"/>
    <property name="sun.cpu.endian" value="little"/>
    <property name="user.home" value="/home/user"/>
    <property name="user.language" value="en"/>
    <property name="java.specification.vendor" value="Oracle Corporation"/>
    <property name="java.home" value="/usr/lib/jvm/java-1.8-openjdk/jre"/>
    <property name="surefire.excludesFile" value="/tools/ozone-bad-unit-tests"/>
    <property name="java.security.krb5.conf" value="/workdir/hadoop-ozone/integration-test/target/test-classes/krb5.conf"/>
    <property name="basedir" value="/workdir/hadoop-ozone/integration-test"/>
    <property name="file.separator" value="/"/>
    <property name="line.separator" value="&#10;"/>
    <property name="java.vm.specification.vendor" value="Oracle Corporation"/>
    <property name="java.specification.name" value="Java Platform API Specification"/>
    <property name="java.awt.graphicsenv" value="sun.awt.X11GraphicsEnvironment"/>
    <property name="surefire.real.class.path" value="/workdir/hadoop-ozone/integration-test/target/surefire/surefirebooter1155169825138239335.jar"/>
    <property name="hadoop.log.dir" value="/workdir/hadoop-ozone/integration-test/target/log"/>
    <property name="sun.boot.class.path" value="/usr/lib/jvm/java-1.8-openjdk/jre/lib/resources.jar:/usr/lib/jvm/java-1.8-openjdk/jre/lib/rt.jar:/usr/lib/jvm/java-1.8-openjdk/jre/lib/sunrsasign.jar:/usr/lib/jvm/java-1.8-openjdk/jre/lib/jsse.jar:/usr/lib/jvm/java-1.8-openjdk/jre/lib/jce.jar:/usr/lib/jvm/java-1.8-openjdk/jre/lib/charsets.jar:/usr/lib/jvm/java-1.8-openjdk/jre/lib/jfr.jar:/usr/lib/jvm/java-1.8-openjdk/jre/classes"/>
    <property name="sun.management.compiler" value="HotSpot 64-Bit Tiered Compilers"/>
    <property name="java.runtime.version" value="1.8.0_212-b04"/>
    <property name="java.net.preferIPv4Stack" value="true"/>
    <property name="user.name" value="jenkins1000"/>
    <property name="path.separator" value=":"/>
    <property name="java.security.egd" value="file:///dev/urandom"/>
    <property name="os.version" value="3.10.0-957.12.2.el7.x86_64"/>
    <property name="java.endorsed.dirs" value="/usr/lib/jvm/java-1.8-openjdk/jre/lib/endorsed"/>
    <property name="java.runtime.name" value="OpenJDK Runtime Environment"/>
    <property name="file.encoding" value="UTF-8"/>
    <property name="java.vm.name" value="OpenJDK 64-Bit Server VM"/>
    <property name="test.build.webapps" value=""/>
    <property name="localRepository" value="/home/user/.m2/repository"/>
    <property name="java.vendor.url.bug" value="https://icedtea.classpath.org/bugzilla"/>
    <property name="java.io.tmpdir" value="/tmp"/>
    <property name="require.test.libhadoop" value=""/>
    <property name="java.version" value="1.8.0_212"/>
    <property name="user.dir" value="/workdir/hadoop-ozone/integration-test"/>
    <property name="os.arch" value="amd64"/>
    <property name="java.vm.specification.name" value="Java Virtual Machine Specification"/>
    <property name="test.build.classes" value="/workdir/hadoop-ozone/integration-test/target/test-classes"/>
    <property name="java.awt.printerjob" value="sun.print.PSPrinterJob"/>
    <property name="sun.os.patch.level" value="unknown"/>
    <property name="hadoop.tmp.dir" value="/workdir/hadoop-ozone/integration-test/target/tmp"/>
    <property name="java.library.path" value="/usr/lib/jvm/java-1.8-openjdk/jre/lib/amd64/server:/usr/lib/jvm/java-1.8-openjdk/jre/lib/amd64:/usr/lib/jvm/java-1.8-openjdk/jre/../lib/amd64:/workdir/hadoop-ozone/integration-test/target/native/target/usr/local/lib:/workdir/hadoop-ozone/integration-test/../../hadoop-common-project/hadoop-common/target/native/target/usr/local/lib:/usr/java/packages/lib/amd64:/usr/lib64:/lib64:/lib:/usr/lib"/>
    <property name="java.vm.info" value="mixed mode"/>
    <property name="java.vendor" value="IcedTea"/>
    <property name="java.vm.version" value="25.212-b04"/>
    <property name="java.ext.dirs" value="/usr/lib/jvm/java-1.8-openjdk/jre/lib/ext:/usr/java/packages/lib/ext"/>
    <property name="sun.io.unicode.encoding" value="UnicodeLittle"/>
    <property name="java.class.version" value="52.0"/>
  </properties>
  <testcase name="testWatchForCommitWithKeyWrite" classname="org.apache.hadoop.ozone.client.rpc.TestWatchForCommit" time="80.41"/>
  <testcase name="testWatchForCommitWithSmallerTimeoutValue" classname="org.apache.hadoop.ozone.client.rpc.TestWatchForCommit" time="42.378"/>
  <testcase name="testWatchForCommitForRetryfailure" classname="org.apache.hadoop.ozone.client.rpc.TestWatchForCommit" time="92.739"/>
  <testcase name="testWatchForCommitForGroupMismatchException" classname="org.apache.hadoop.ozone.client.rpc.TestWatchForCommit" time="40.129"/>
  <testcase name="test2WayCommitForTimeoutException" classname="org.apache.hadoop.ozone.client.rpc.TestWatchForCommit" time="31.997">
    <error type="java.util.concurrent.TimeoutException">java.util.concurrent.TimeoutException
	at java.util.concurrent.CompletableFuture.timedGet(CompletableFuture.java:1771)
	at java.util.concurrent.CompletableFuture.get(CompletableFuture.java:1915)
	at org.apache.hadoop.hdds.scm.XceiverClientRatis.watchForCommit(XceiverClientRatis.java:283)
	at org.apache.hadoop.ozone.client.rpc.TestWatchForCommit.test2WayCommitForTimeoutException(TestWatchForCommit.java:391)
	at sun.reflect.NativeMethodAccessorImpl.invoke0(Native Method)
	at sun.reflect.NativeMethodAccessorImpl.invoke(NativeMethodAccessorImpl.java:62)
	at sun.reflect.DelegatingMethodAccessorImpl.invoke(DelegatingMethodAccessorImpl.java:43)
	at java.lang.reflect.Method.invoke(Method.java:498)
	at org.junit.runners.model.FrameworkMethod$1.runReflectiveCall(FrameworkMethod.java:47)
	at org.junit.internal.runners.model.ReflectiveCallable.run(ReflectiveCallable.java:12)
	at org.junit.runners.model.FrameworkMethod.invokeExplosively(FrameworkMethod.java:44)
	at org.junit.internal.runners.statements.InvokeMethod.evaluate(InvokeMethod.java:17)
	at org.junit.runners.ParentRunner.runLeaf(ParentRunner.java:271)
	at org.junit.runners.BlockJUnit4ClassRunner.runChild(BlockJUnit4ClassRunner.java:70)
	at org.junit.runners.BlockJUnit4ClassRunner.runChild(BlockJUnit4ClassRunner.java:50)
	at org.junit.runners.ParentRunner$3.run(ParentRunner.java:238)
	at org.junit.runners.ParentRunner$1.schedule(ParentRunner.java:63)
	at org.junit.runners.ParentRunner.runChildren(ParentRunner.java:236)
	at org.junit.runners.ParentRunner.access$000(ParentRunner.java:53)
	at org.junit.runners.ParentRunner$2.evaluate(ParentRunner.java:229)
	at org.junit.runners.ParentRunner.run(ParentRunner.java:309)
	at org.apache.maven.surefire.junit4.JUnit4Provider.execute(JUnit4Provider.java:365)
	at org.apache.maven.surefire.junit4.JUnit4Provider.executeWithRerun(JUnit4Provider.java:273)
	at org.apache.maven.surefire.junit4.JUnit4Provider.executeTestSet(JUnit4Provider.java:238)
	at org.apache.maven.surefire.junit4.JUnit4Provider.invoke(JUnit4Provider.java:159)
	at org.apache.maven.surefire.booter.ForkedBooter.invokeProviderInSameClassLoader(ForkedBooter.java:384)
	at org.apache.maven.surefire.booter.ForkedBooter.runSuitesInProcess(ForkedBooter.java:345)
	at org.apache.maven.surefire.booter.ForkedBooter.execute(ForkedBooter.java:126)
	at org.apache.maven.surefire.booter.ForkedBooter.main(ForkedBooter.java:418)
</error>
    <system-out><![CDATA[2019-10-14 11:32:21,053 [main] WARN  server.ServerUtils (ServerUtils.java:getScmDbDir(145)) - ozone.scm.db.dirs is not configured. We recommend adding this setting. Falling back to ozone.metadata.dirs instead.
2019-10-14 11:32:21,086 [main] WARN  server.ServerUtils (ServerUtils.java:getScmDbDir(145)) - ozone.scm.db.dirs is not configured. We recommend adding this setting. Falling back to ozone.metadata.dirs instead.
2019-10-14 11:32:21,087 [main] WARN  server.ServerUtils (ServerUtils.java:getScmDbDir(145)) - ozone.scm.db.dirs is not configured. We recommend adding this setting. Falling back to ozone.metadata.dirs instead.
2019-10-14 11:32:21,087 [main] INFO  db.DBStoreBuilder (DBStoreBuilder.java:addTable(117)) - using custom profile for table: deletedBlocks
2019-10-14 11:32:21,087 [main] INFO  db.DBStoreBuilder (DBStoreBuilder.java:processTables(168)) - Using default column profile:DBProfile.DISK for Table:deletedBlocks
2019-10-14 11:32:21,087 [main] INFO  db.DBStoreBuilder (DBStoreBuilder.java:addTable(117)) - using custom profile for table: validCerts
2019-10-14 11:32:21,088 [main] INFO  db.DBStoreBuilder (DBStoreBuilder.java:processTables(168)) - Using default column profile:DBProfile.DISK for Table:validCerts
2019-10-14 11:32:21,088 [main] INFO  db.DBStoreBuilder (DBStoreBuilder.java:addTable(117)) - using custom profile for table: revokedCerts
2019-10-14 11:32:21,088 [main] INFO  db.DBStoreBuilder (DBStoreBuilder.java:processTables(168)) - Using default column profile:DBProfile.DISK for Table:revokedCerts
2019-10-14 11:32:21,088 [main] INFO  db.DBStoreBuilder (DBStoreBuilder.java:addTable(117)) - using custom profile for table: default
2019-10-14 11:32:21,088 [main] INFO  db.DBStoreBuilder (DBStoreBuilder.java:processTables(174)) - Using default column profile:DBProfile.DISK for Table:default
2019-10-14 11:32:21,088 [main] INFO  db.DBStoreBuilder (DBStoreBuilder.java:getDbProfile(205)) - Using default options. DBProfile.DISK
2019-10-14 11:32:21,205 [main] INFO  net.NodeSchemaLoader (NodeSchemaLoader.java:loadSchemaFromFile(125)) - Loading file from sun.misc.CompoundEnumeration@7c7e73c5
2019-10-14 11:32:21,205 [main] INFO  net.NodeSchemaLoader (NodeSchemaLoader.java:loadSchema(171)) - Loading network topology layer schema file
2019-10-14 11:32:21,211 [main] WARN  server.ServerUtils (ServerUtils.java:sanitizeUserArgs(70)) - ozone.scm.stale.node.interval value = 300000 is larger than max = 100000 based on the key value of ozone.scm.heartbeat.thread.interval, reset to the max value 100000.
2019-10-14 11:32:21,211 [main] WARN  server.ServerUtils (ServerUtils.java:sanitizeUserArgs(70)) - ozone.scm.stale.node.interval value = 300000 is larger than max = 100000 based on the key value of ozone.scm.heartbeat.thread.interval, reset to the max value 100000.
2019-10-14 11:32:21,211 [main] INFO  node.SCMNodeManager (SCMNodeManager.java:<init>(117)) - Entering startup safe mode.
2019-10-14 11:32:21,212 [main] INFO  algorithms.ContainerPlacementPolicyFactory (ContainerPlacementPolicyFactory.java:getPolicy(57)) - Create container placement policy of type org.apache.hadoop.hdds.scm.container.placement.algorithms.SCMContainerPlacementRandom
2019-10-14 11:32:21,212 [main] WARN  server.ServerUtils (ServerUtils.java:getScmDbDir(145)) - ozone.scm.db.dirs is not configured. We recommend adding this setting. Falling back to ozone.metadata.dirs instead.
2019-10-14 11:32:21,261 [main] INFO  pipeline.SCMPipelineManager (SCMPipelineManager.java:initializePipelineState(132)) - No pipeline exists in current db
2019-10-14 11:32:21,261 [main] WARN  server.ServerUtils (ServerUtils.java:getScmDbDir(145)) - ozone.scm.db.dirs is not configured. We recommend adding this setting. Falling back to ozone.metadata.dirs instead.
2019-10-14 11:32:21,288 [main] WARN  events.EventQueue (EventQueue.java:fireEvent(183)) - No event handler registered for event TypedEvent{payloadType=SafeModeStatus, name='SafeModeStatus'}
2019-10-14 11:32:21,289 [main] INFO  ipc.CallQueueManager (CallQueueManager.java:<init>(84)) - Using callQueue: class java.util.concurrent.LinkedBlockingQueue, queueCapacity: 2000, scheduler: class org.apache.hadoop.ipc.DefaultRpcScheduler, ipcBackoff: false.
2019-10-14 11:32:21,290 [Socket Reader #1 for port 43263] INFO  ipc.Server (Server.java:run(1074)) - Starting Socket Reader #1 for port 43263
2019-10-14 11:32:21,293 [main] INFO  ipc.CallQueueManager (CallQueueManager.java:<init>(84)) - Using callQueue: class java.util.concurrent.LinkedBlockingQueue, queueCapacity: 2000, scheduler: class org.apache.hadoop.ipc.DefaultRpcScheduler, ipcBackoff: false.
2019-10-14 11:32:21,294 [Socket Reader #1 for port 45857] INFO  ipc.Server (Server.java:run(1074)) - Starting Socket Reader #1 for port 45857
2019-10-14 11:32:21,296 [main] INFO  ipc.CallQueueManager (CallQueueManager.java:<init>(84)) - Using callQueue: class java.util.concurrent.LinkedBlockingQueue, queueCapacity: 2000, scheduler: class org.apache.hadoop.ipc.DefaultRpcScheduler, ipcBackoff: false.
2019-10-14 11:32:21,297 [Socket Reader #1 for port 39959] INFO  ipc.Server (Server.java:run(1074)) - Starting Socket Reader #1 for port 39959
2019-10-14 11:32:21,300 [main] INFO  hdfs.DFSUtil (DFSUtil.java:httpServerTemplateForNNAndJN(1641)) - Starting Web-server for scm at: http://0.0.0.0:0
2019-10-14 11:32:21,302 [main] INFO  server.AuthenticationFilter (AuthenticationFilter.java:constructSecretProvider(240)) - Unable to initialize FileSignerSecretProvider, falling back to use random secrets.
2019-10-14 11:32:21,302 [main] WARN  http.HttpRequestLog (HttpRequestLog.java:getRequestLog(97)) - Jetty request log can only be enabled using Log4j
2019-10-14 11:32:21,304 [main] INFO  http.HttpServer2 (HttpServer2.java:addGlobalFilter(975)) - Added global filter 'safety' (class=org.apache.hadoop.http.HttpServer2$QuotingInputFilter)
2019-10-14 11:32:21,305 [main] INFO  http.HttpServer2 (HttpServer2.java:addFilter(948)) - Added filter static_user_filter (class=org.apache.hadoop.http.lib.StaticUserWebFilter$StaticUserFilter) to context scm
2019-10-14 11:32:21,305 [main] INFO  http.HttpServer2 (HttpServer2.java:addFilter(958)) - Added filter static_user_filter (class=org.apache.hadoop.http.lib.StaticUserWebFilter$StaticUserFilter) to context static
2019-10-14 11:32:21,305 [main] INFO  http.HttpServer2 (HttpServer2.java:addFilter(958)) - Added filter static_user_filter (class=org.apache.hadoop.http.lib.StaticUserWebFilter$StaticUserFilter) to context logs
2019-10-14 11:32:21,308 [main] INFO  server.StorageContainerManager (StorageContainerManager.java:start(777)) - StorageContainerLocationProtocol RPC server is listening at /0.0.0.0:39959
2019-10-14 11:32:21,310 [main] WARN  impl.MetricsConfig (MetricsConfig.java:loadFirst(134)) - Cannot locate configuration: tried hadoop-metrics2-storagecontainermanager.properties,hadoop-metrics2.properties
2019-10-14 11:32:21,311 [main] INFO  impl.MetricsSystemImpl (MetricsSystemImpl.java:startTimer(374)) - Scheduled Metric snapshot period at 10 second(s).
2019-10-14 11:32:21,311 [main] INFO  impl.MetricsSystemImpl (MetricsSystemImpl.java:start(191)) - StorageContainerManager metrics system started
2019-10-14 11:32:21,373 [main] WARN  impl.MetricsSystemImpl (MetricsSystemImpl.java:register(276)) - Sink prometheus already exists!
2019-10-14 11:32:21,469 [main] INFO  server.SCMClientProtocolServer (SCMClientProtocolServer.java:start(159)) - RPC server for Client  is listening at /0.0.0.0:39959
2019-10-14 11:32:21,470 [IPC Server Responder] INFO  ipc.Server (Server.java:run(1314)) - IPC Server Responder: starting
2019-10-14 11:32:21,470 [IPC Server listener on 39959] INFO  ipc.Server (Server.java:run(1153)) - IPC Server listener on 39959: starting
2019-10-14 11:32:21,474 [main] INFO  server.StorageContainerManager (StorageContainerManager.java:start(787)) - ScmBlockLocationProtocol RPC server is listening at /0.0.0.0:45857
2019-10-14 11:32:21,474 [main] INFO  server.SCMBlockProtocolServer (SCMBlockProtocolServer.java:start(146)) - RPC server for Block Protocol is listening at /0.0.0.0:45857
2019-10-14 11:32:21,475 [IPC Server listener on 45857] INFO  ipc.Server (Server.java:run(1153)) - IPC Server listener on 45857: starting
2019-10-14 11:32:21,475 [IPC Server Responder] INFO  ipc.Server (Server.java:run(1314)) - IPC Server Responder: starting
2019-10-14 11:32:21,480 [main] INFO  server.StorageContainerManager (StorageContainerManager.java:start(791)) - ScmDatanodeProtocl RPC server is listening at /0.0.0.0:43263
2019-10-14 11:32:21,480 [main] INFO  server.SCMDatanodeProtocolServer (SCMDatanodeProtocolServer.java:start(169)) - RPC server for DataNodes is listening at /0.0.0.0:43263
2019-10-14 11:32:21,481 [IPC Server Responder] INFO  ipc.Server (Server.java:run(1314)) - IPC Server Responder: starting
2019-10-14 11:32:21,481 [IPC Server listener on 43263] INFO  ipc.Server (Server.java:run(1153)) - IPC Server listener on 43263: starting
2019-10-14 11:32:21,484 [main] INFO  http.HttpServer2 (HttpServer2.java:bindListener(1191)) - Jetty bound to port 41177
2019-10-14 11:32:21,485 [main] INFO  server.Server (Server.java:doStart(351)) - jetty-9.3.25.v20180904, build timestamp: 2018-09-04T21:11:46Z, git hash: 3ce520221d0240229c862b122d2b06c12a625732
2019-10-14 11:32:21,486 [main] INFO  handler.ContextHandler (ContextHandler.java:doStart(781)) - Started o.e.j.s.ServletContextHandler@6af609ea{/logs,file:///workdir/hadoop-ozone/integration-test/target/log,AVAILABLE}
2019-10-14 11:32:21,487 [main] INFO  handler.ContextHandler (ContextHandler.java:doStart(781)) - Started o.e.j.s.ServletContextHandler@39e53bef{/static,file:///workdir/hadoop-ozone/integration-test/target/test-classes/webapps/static,AVAILABLE}
2019-10-14 11:32:21,490 [main] INFO  handler.ContextHandler (ContextHandler.java:doStart(781)) - Started o.e.j.w.WebAppContext@291a4791{/,file:///workdir/hadoop-ozone/integration-test/target/test-classes/webapps/scm/,AVAILABLE}{/scm}
2019-10-14 11:32:21,490 [main] INFO  server.AbstractConnector (AbstractConnector.java:doStart(278)) - Started ServerConnector@5b1e88f{HTTP/1.1,[http/1.1]}{0.0.0.0:41177}
2019-10-14 11:32:21,491 [main] INFO  server.Server (Server.java:doStart(419)) - Started @256527ms
2019-10-14 11:32:21,492 [main] WARN  impl.MetricsSystemImpl (MetricsSystemImpl.java:register(276)) - Sink prometheus already exists!
2019-10-14 11:32:21,492 [main] INFO  server.BaseHttpServer (BaseHttpServer.java:updateConnectorAddress(215)) - HTTP server of SCM is listening at http://0.0.0.0:41177
2019-10-14 11:32:21,493 [main] WARN  server.ServerUtils (ServerUtils.java:getDBPath(222)) - ozone.om.db.dirs is not configured. We recommend adding this setting. Falling back to ozone.metadata.dirs instead.
2019-10-14 11:32:21,493 [org.apache.hadoop.util.JvmPauseMonitor$Monitor@6a1568d6] INFO  util.JvmPauseMonitor (JvmPauseMonitor.java:run(188)) - Starting JVM pause monitor
2019-10-14 11:32:21,506 [main] INFO  ha.OMHANodeDetails (OMHANodeDetails.java:loadOMHAConfig(190)) - Configuration either no ozone.om.address set. Falling back to the default OM address /127.0.0.1:0
2019-10-14 11:32:21,506 [main] INFO  ha.OMHANodeDetails (OMHANodeDetails.java:getOMNodeDetails(220)) - OM Service ID is not set. Setting it to the default ID: omServiceIdDefault
2019-10-14 11:32:21,506 [main] WARN  server.ServerUtils (ServerUtils.java:getDBPath(222)) - ozone.om.db.dirs is not configured. We recommend adding this setting. Falling back to ozone.metadata.dirs instead.
2019-10-14 11:32:21,507 [main] WARN  server.ServerUtils (ServerUtils.java:getDBPath(222)) - ozone.om.db.dirs is not configured. We recommend adding this setting. Falling back to ozone.metadata.dirs instead.
2019-10-14 11:32:21,513 [main] WARN  server.ServerUtils (ServerUtils.java:getDBPath(222)) - ozone.om.db.dirs is not configured. We recommend adding this setting. Falling back to ozone.metadata.dirs instead.
2019-10-14 11:32:21,513 [main] INFO  db.DBStoreBuilder (DBStoreBuilder.java:addTable(117)) - using custom profile for table: userTable
2019-10-14 11:32:21,514 [main] INFO  db.DBStoreBuilder (DBStoreBuilder.java:processTables(168)) - Using default column profile:DBProfile.DISK for Table:userTable
2019-10-14 11:32:21,514 [main] INFO  db.DBStoreBuilder (DBStoreBuilder.java:addTable(117)) - using custom profile for table: volumeTable
2019-10-14 11:32:21,514 [main] INFO  db.DBStoreBuilder (DBStoreBuilder.java:processTables(168)) - Using default column profile:DBProfile.DISK for Table:volumeTable
2019-10-14 11:32:21,514 [main] INFO  db.DBStoreBuilder (DBStoreBuilder.java:addTable(117)) - using custom profile for table: bucketTable
2019-10-14 11:32:21,514 [main] INFO  db.DBStoreBuilder (DBStoreBuilder.java:processTables(168)) - Using default column profile:DBProfile.DISK for Table:bucketTable
2019-10-14 11:32:21,514 [main] INFO  db.DBStoreBuilder (DBStoreBuilder.java:addTable(117)) - using custom profile for table: keyTable
2019-10-14 11:32:21,515 [main] INFO  db.DBStoreBuilder (DBStoreBuilder.java:processTables(168)) - Using default column profile:DBProfile.DISK for Table:keyTable
2019-10-14 11:32:21,515 [main] INFO  db.DBStoreBuilder (DBStoreBuilder.java:addTable(117)) - using custom profile for table: deletedTable
2019-10-14 11:32:21,515 [main] INFO  db.DBStoreBuilder (DBStoreBuilder.java:processTables(168)) - Using default column profile:DBProfile.DISK for Table:deletedTable
2019-10-14 11:32:21,515 [main] INFO  db.DBStoreBuilder (DBStoreBuilder.java:addTable(117)) - using custom profile for table: openKeyTable
2019-10-14 11:32:21,515 [main] INFO  db.DBStoreBuilder (DBStoreBuilder.java:processTables(168)) - Using default column profile:DBProfile.DISK for Table:openKeyTable
2019-10-14 11:32:21,516 [main] INFO  db.DBStoreBuilder (DBStoreBuilder.java:addTable(117)) - using custom profile for table: s3Table
2019-10-14 11:32:21,516 [main] INFO  db.DBStoreBuilder (DBStoreBuilder.java:processTables(168)) - Using default column profile:DBProfile.DISK for Table:s3Table
2019-10-14 11:32:21,516 [main] INFO  db.DBStoreBuilder (DBStoreBuilder.java:addTable(117)) - using custom profile for table: multipartInfoTable
2019-10-14 11:32:21,516 [main] INFO  db.DBStoreBuilder (DBStoreBuilder.java:processTables(168)) - Using default column profile:DBProfile.DISK for Table:multipartInfoTable
2019-10-14 11:32:21,516 [main] INFO  db.DBStoreBuilder (DBStoreBuilder.java:addTable(117)) - using custom profile for table: dTokenTable
2019-10-14 11:32:21,516 [main] INFO  db.DBStoreBuilder (DBStoreBuilder.java:processTables(168)) - Using default column profile:DBProfile.DISK for Table:dTokenTable
2019-10-14 11:32:21,517 [main] INFO  db.DBStoreBuilder (DBStoreBuilder.java:addTable(117)) - using custom profile for table: s3SecretTable
2019-10-14 11:32:21,517 [main] INFO  db.DBStoreBuilder (DBStoreBuilder.java:processTables(168)) - Using default column profile:DBProfile.DISK for Table:s3SecretTable
2019-10-14 11:32:21,517 [main] INFO  db.DBStoreBuilder (DBStoreBuilder.java:addTable(117)) - using custom profile for table: prefixTable
2019-10-14 11:32:21,517 [main] INFO  db.DBStoreBuilder (DBStoreBuilder.java:processTables(168)) - Using default column profile:DBProfile.DISK for Table:prefixTable
2019-10-14 11:32:21,517 [main] INFO  db.DBStoreBuilder (DBStoreBuilder.java:addTable(117)) - using custom profile for table: default
2019-10-14 11:32:21,517 [main] INFO  db.DBStoreBuilder (DBStoreBuilder.java:processTables(174)) - Using default column profile:DBProfile.DISK for Table:default
2019-10-14 11:32:21,518 [main] INFO  db.DBStoreBuilder (DBStoreBuilder.java:getDbProfile(205)) - Using default options. DBProfile.DISK
2019-10-14 11:32:21,748 [main] INFO  ipc.CallQueueManager (CallQueueManager.java:<init>(84)) - Using callQueue: class java.util.concurrent.LinkedBlockingQueue, queueCapacity: 2000, scheduler: class org.apache.hadoop.ipc.DefaultRpcScheduler, ipcBackoff: false.
2019-10-14 11:32:21,749 [Socket Reader #1 for port 43129] INFO  ipc.Server (Server.java:run(1074)) - Starting Socket Reader #1 for port 43129
2019-10-14 11:32:21,761 [main] INFO  om.OzoneManager (OzoneManager.java:start(1071)) - OzoneManager RPC server is listening at localhost/127.0.0.1:43129
2019-10-14 11:32:21,762 [main] INFO  impl.MetricsSystemImpl (MetricsSystemImpl.java:init(158)) - OzoneManager metrics system started (again)
2019-10-14 11:32:21,763 [IPC Server Responder] INFO  ipc.Server (Server.java:run(1314)) - IPC Server Responder: starting
2019-10-14 11:32:21,763 [IPC Server listener on 43129] INFO  ipc.Server (Server.java:run(1153)) - IPC Server listener on 43129: starting
2019-10-14 11:32:21,770 [main] INFO  hdfs.DFSUtil (DFSUtil.java:httpServerTemplateForNNAndJN(1641)) - Starting Web-server for ozoneManager at: http://0.0.0.0:0
2019-10-14 11:32:21,771 [main] INFO  server.AuthenticationFilter (AuthenticationFilter.java:constructSecretProvider(240)) - Unable to initialize FileSignerSecretProvider, falling back to use random secrets.
2019-10-14 11:32:21,771 [main] WARN  http.HttpRequestLog (HttpRequestLog.java:getRequestLog(97)) - Jetty request log can only be enabled using Log4j
2019-10-14 11:32:21,773 [main] INFO  http.HttpServer2 (HttpServer2.java:addGlobalFilter(975)) - Added global filter 'safety' (class=org.apache.hadoop.http.HttpServer2$QuotingInputFilter)
2019-10-14 11:32:21,773 [main] INFO  http.HttpServer2 (HttpServer2.java:addFilter(948)) - Added filter static_user_filter (class=org.apache.hadoop.http.lib.StaticUserWebFilter$StaticUserFilter) to context ozoneManager
2019-10-14 11:32:21,773 [main] INFO  http.HttpServer2 (HttpServer2.java:addFilter(958)) - Added filter static_user_filter (class=org.apache.hadoop.http.lib.StaticUserWebFilter$StaticUserFilter) to context static
2019-10-14 11:32:21,774 [main] INFO  http.HttpServer2 (HttpServer2.java:addFilter(958)) - Added filter static_user_filter (class=org.apache.hadoop.http.lib.StaticUserWebFilter$StaticUserFilter) to context logs
2019-10-14 11:32:21,774 [main] INFO  http.HttpServer2 (HttpServer2.java:bindListener(1191)) - Jetty bound to port 40995
2019-10-14 11:32:21,774 [main] INFO  server.Server (Server.java:doStart(351)) - jetty-9.3.25.v20180904, build timestamp: 2018-09-04T21:11:46Z, git hash: 3ce520221d0240229c862b122d2b06c12a625732
2019-10-14 11:32:21,776 [main] INFO  handler.ContextHandler (ContextHandler.java:doStart(781)) - Started o.e.j.s.ServletContextHandler@353e6389{/logs,file:///workdir/hadoop-ozone/integration-test/target/log,AVAILABLE}
2019-10-14 11:32:21,776 [main] INFO  handler.ContextHandler (ContextHandler.java:doStart(781)) - Started o.e.j.s.ServletContextHandler@7a65c995{/static,file:///workdir/hadoop-ozone/integration-test/target/test-classes/webapps/static,AVAILABLE}
2019-10-14 11:32:21,780 [main] INFO  handler.ContextHandler (ContextHandler.java:doStart(781)) - Started o.e.j.w.WebAppContext@666618d6{/,file:///workdir/hadoop-ozone/integration-test/target/test-classes/webapps/ozoneManager/,AVAILABLE}{/ozoneManager}
2019-10-14 11:32:21,780 [main] INFO  server.AbstractConnector (AbstractConnector.java:doStart(278)) - Started ServerConnector@5b1c32e4{HTTP/1.1,[http/1.1]}{0.0.0.0:40995}
2019-10-14 11:32:21,781 [main] INFO  server.Server (Server.java:doStart(419)) - Started @256817ms
2019-10-14 11:32:21,782 [main] WARN  impl.MetricsSystemImpl (MetricsSystemImpl.java:register(276)) - Sink prometheus already exists!
2019-10-14 11:32:21,782 [main] INFO  server.BaseHttpServer (BaseHttpServer.java:updateConnectorAddress(215)) - HTTP server of OZONEMANAGER is listening at http://0.0.0.0:40995
2019-10-14 11:32:21,795 [main] INFO  impl.MetricsSystemImpl (MetricsSystemImpl.java:init(158)) - HddsDatanode metrics system started (again)
2019-10-14 11:32:21,798 [main] INFO  ozone.HddsDatanodeService (HddsDatanodeService.java:start(184)) - HddsDatanodeService host:pr-hdds-2196-wn72n-1164029319 ip:192.168.157.207
2019-10-14 11:32:21,804 [main] INFO  volume.HddsVolume (HddsVolume.java:<init>(176)) - Creating Volume: /workdir/hadoop-ozone/integration-test/target/test-dir/MiniOzoneClusterImpl-95aba73e-a2ce-4cb2-acaf-01244b70b3f2/datanode-0/data/containers/hdds of  storage type : DISK and capacity : 1482555576320
2019-10-14 11:32:21,804 [main] INFO  volume.VolumeSet (VolumeSet.java:initializeVolumeSet(170)) - Added Volume : /workdir/hadoop-ozone/integration-test/target/test-dir/MiniOzoneClusterImpl-95aba73e-a2ce-4cb2-acaf-01244b70b3f2/datanode-0/data/containers/hdds to VolumeSet
2019-10-14 11:32:21,805 [main] INFO  volume.ThrottledAsyncChecker (ThrottledAsyncChecker.java:schedule(141)) - Scheduling a check for org.apache.hadoop.ozone.container.common.volume.HddsVolume@59c43561
2019-10-14 11:32:21,805 [main] INFO  volume.HddsVolumeChecker (HddsVolumeChecker.java:checkAllVolumes(204)) - Scheduled health check for volume org.apache.hadoop.ozone.container.common.volume.HddsVolume@59c43561
2019-10-14 11:32:21,818 [main] INFO  impl.RaftServerProxy (ConfUtils.java:logGet(43)) - raft.rpc.type = GRPC (default)
2019-10-14 11:32:21,818 [main] INFO  grpc.GrpcFactory (GrpcFactory.java:checkPooledByteBufAllocatorUseCacheForAllThreads(45)) - PERFORMANCE WARNING: useCacheForAllThreads is true that may cause Netty to create a lot garbage objects and, as a result, trigger GC.
	It is recommended to disable useCacheForAllThreads by setting -Dorg.apache.ratis.thirdparty.io.netty.allocator.useCacheForAllThreads=false in command line.
2019-10-14 11:32:21,818 [main] INFO  grpc.GrpcConfigKeys$Server (ConfUtils.java:logGet(43)) - raft.grpc.server.port = 0 (default)
2019-10-14 11:32:21,819 [main] INFO  server.GrpcService (ConfUtils.java:logGet(43)) - raft.grpc.message.size.max = 33570816 (custom)
2019-10-14 11:32:21,819 [main] INFO  server.RaftServerConfigKeys (ConfUtils.java:logGet(43)) - raft.server.log.appender.buffer.byte-limit = 33554432 (custom)
2019-10-14 11:32:21,819 [main] INFO  server.GrpcService (ConfUtils.java:logGet(43)) - raft.grpc.flow.control.window = 1MB (=1048576) (default)
2019-10-14 11:32:21,819 [main] INFO  server.RaftServerConfigKeys (ConfUtils.java:logGet(43)) - raft.server.rpc.request.timeout = 3000ms (default)
2019-10-14 11:32:21,820 [main] INFO  server.RaftServerConfigKeys (ConfUtils.java:logGet(43)) - raft.server.storage.dir = [/workdir/hadoop-ozone/integration-test/target/test-dir/MiniOzoneClusterImpl-95aba73e-a2ce-4cb2-acaf-01244b70b3f2/datanode-0/data/ratis] (custom)
2019-10-14 11:32:21,821 [main] INFO  hdfs.DFSUtil (DFSUtil.java:httpServerTemplateForNNAndJN(1641)) - Starting Web-server for hddsDatanode at: http://0.0.0.0:0
2019-10-14 11:32:21,822 [main] INFO  server.AuthenticationFilter (AuthenticationFilter.java:constructSecretProvider(240)) - Unable to initialize FileSignerSecretProvider, falling back to use random secrets.
2019-10-14 11:32:21,823 [main] WARN  http.HttpRequestLog (HttpRequestLog.java:getRequestLog(97)) - Jetty request log can only be enabled using Log4j
2019-10-14 11:32:21,824 [main] INFO  http.HttpServer2 (HttpServer2.java:addGlobalFilter(975)) - Added global filter 'safety' (class=org.apache.hadoop.http.HttpServer2$QuotingInputFilter)
2019-10-14 11:32:21,824 [main] INFO  http.HttpServer2 (HttpServer2.java:addFilter(948)) - Added filter static_user_filter (class=org.apache.hadoop.http.lib.StaticUserWebFilter$StaticUserFilter) to context hddsDatanode
2019-10-14 11:32:21,824 [main] INFO  http.HttpServer2 (HttpServer2.java:addFilter(958)) - Added filter static_user_filter (class=org.apache.hadoop.http.lib.StaticUserWebFilter$StaticUserFilter) to context logs
2019-10-14 11:32:21,825 [main] INFO  http.HttpServer2 (HttpServer2.java:addFilter(958)) - Added filter static_user_filter (class=org.apache.hadoop.http.lib.StaticUserWebFilter$StaticUserFilter) to context static
2019-10-14 11:32:21,825 [main] INFO  http.HttpServer2 (HttpServer2.java:bindListener(1191)) - Jetty bound to port 35853
2019-10-14 11:32:21,825 [main] INFO  server.Server (Server.java:doStart(351)) - jetty-9.3.25.v20180904, build timestamp: 2018-09-04T21:11:46Z, git hash: 3ce520221d0240229c862b122d2b06c12a625732
2019-10-14 11:32:21,827 [main] INFO  handler.ContextHandler (ContextHandler.java:doStart(781)) - Started o.e.j.s.ServletContextHandler@66f16742{/logs,file:///workdir/hadoop-ozone/integration-test/target/log,AVAILABLE}
2019-10-14 11:32:21,827 [main] INFO  handler.ContextHandler (ContextHandler.java:doStart(781)) - Started o.e.j.s.ServletContextHandler@3c54ddec{/static,jar:file:/home/user/.m2/repository/org/apache/hadoop/hadoop-hdds-container-service/0.5.0-SNAPSHOT/hadoop-hdds-container-service-0.5.0-SNAPSHOT.jar!/webapps/static,AVAILABLE}
2019-10-14 11:32:21,865 [main] INFO  handler.ContextHandler (ContextHandler.java:doStart(781)) - Started o.e.j.w.WebAppContext@492521c4{/,file:///tmp/jetty-0.0.0.0-35853-hddsDatanode-_-any-6610184657224829705.dir/webapp/,AVAILABLE}{/hddsDatanode}
2019-10-14 11:32:21,866 [main] INFO  server.AbstractConnector (AbstractConnector.java:doStart(278)) - Started ServerConnector@443a06ad{HTTP/1.1,[http/1.1]}{0.0.0.0:35853}
2019-10-14 11:32:21,867 [main] INFO  server.Server (Server.java:doStart(419)) - Started @256903ms
2019-10-14 11:32:21,868 [main] WARN  impl.MetricsSystemImpl (MetricsSystemImpl.java:register(276)) - Sink prometheus already exists!
2019-10-14 11:32:21,869 [main] INFO  server.BaseHttpServer (BaseHttpServer.java:updateConnectorAddress(215)) - HTTP server of HDDSDATANODE is listening at http://0.0.0.0:35853
2019-10-14 11:32:21,869 [main] INFO  impl.MetricsSystemImpl (MetricsSystemImpl.java:init(158)) - HddsDatanode metrics system started (again)
2019-10-14 11:32:21,873 [org.apache.hadoop.util.JvmPauseMonitor$Monitor@43dbcf84] INFO  util.JvmPauseMonitor (JvmPauseMonitor.java:run(188)) - Starting JVM pause monitor
2019-10-14 11:32:21,875 [main] INFO  ozone.HddsDatanodeService (HddsDatanodeService.java:start(184)) - HddsDatanodeService host:pr-hdds-2196-wn72n-1164029319 ip:192.168.157.207
2019-10-14 11:32:21,875 [Datanode State Machine Thread - 0] INFO  datanode.InitDatanodeState (InitDatanodeState.java:persistContainerDatanodeDetails(140)) - DatanodeDetails is persisted to /workdir/hadoop-ozone/integration-test/target/test-dir/MiniOzoneClusterImpl-95aba73e-a2ce-4cb2-acaf-01244b70b3f2/datanode-0/meta/datanode.id
2019-10-14 11:32:21,881 [main] INFO  volume.HddsVolume (HddsVolume.java:<init>(176)) - Creating Volume: /workdir/hadoop-ozone/integration-test/target/test-dir/MiniOzoneClusterImpl-95aba73e-a2ce-4cb2-acaf-01244b70b3f2/datanode-1/data/containers/hdds of  storage type : DISK and capacity : 1482555576320
2019-10-14 11:32:21,881 [main] INFO  volume.VolumeSet (VolumeSet.java:initializeVolumeSet(170)) - Added Volume : /workdir/hadoop-ozone/integration-test/target/test-dir/MiniOzoneClusterImpl-95aba73e-a2ce-4cb2-acaf-01244b70b3f2/datanode-1/data/containers/hdds to VolumeSet
2019-10-14 11:32:21,881 [main] INFO  volume.ThrottledAsyncChecker (ThrottledAsyncChecker.java:schedule(141)) - Scheduling a check for org.apache.hadoop.ozone.container.common.volume.HddsVolume@42c0a16e
2019-10-14 11:32:21,882 [main] INFO  volume.HddsVolumeChecker (HddsVolumeChecker.java:checkAllVolumes(204)) - Scheduled health check for volume org.apache.hadoop.ozone.container.common.volume.HddsVolume@42c0a16e
2019-10-14 11:32:21,900 [main] INFO  impl.RaftServerProxy (ConfUtils.java:logGet(43)) - raft.rpc.type = GRPC (default)
2019-10-14 11:32:21,901 [main] INFO  grpc.GrpcFactory (GrpcFactory.java:checkPooledByteBufAllocatorUseCacheForAllThreads(45)) - PERFORMANCE WARNING: useCacheForAllThreads is true that may cause Netty to create a lot garbage objects and, as a result, trigger GC.
	It is recommended to disable useCacheForAllThreads by setting -Dorg.apache.ratis.thirdparty.io.netty.allocator.useCacheForAllThreads=false in command line.
2019-10-14 11:32:21,901 [main] INFO  grpc.GrpcConfigKeys$Server (ConfUtils.java:logGet(43)) - raft.grpc.server.port = 0 (default)
2019-10-14 11:32:21,901 [main] INFO  server.GrpcService (ConfUtils.java:logGet(43)) - raft.grpc.message.size.max = 33570816 (custom)
2019-10-14 11:32:21,901 [main] INFO  server.RaftServerConfigKeys (ConfUtils.java:logGet(43)) - raft.server.log.appender.buffer.byte-limit = 33554432 (custom)
2019-10-14 11:32:21,902 [main] INFO  server.GrpcService (ConfUtils.java:logGet(43)) - raft.grpc.flow.control.window = 1MB (=1048576) (default)
2019-10-14 11:32:21,902 [main] INFO  server.RaftServerConfigKeys (ConfUtils.java:logGet(43)) - raft.server.rpc.request.timeout = 3000ms (default)
2019-10-14 11:32:21,902 [main] INFO  server.RaftServerConfigKeys (ConfUtils.java:logGet(43)) - raft.server.storage.dir = [/workdir/hadoop-ozone/integration-test/target/test-dir/MiniOzoneClusterImpl-95aba73e-a2ce-4cb2-acaf-01244b70b3f2/datanode-1/data/ratis] (custom)
2019-10-14 11:32:21,904 [main] INFO  hdfs.DFSUtil (DFSUtil.java:httpServerTemplateForNNAndJN(1641)) - Starting Web-server for hddsDatanode at: http://0.0.0.0:0
2019-10-14 11:32:21,905 [main] INFO  server.AuthenticationFilter (AuthenticationFilter.java:constructSecretProvider(240)) - Unable to initialize FileSignerSecretProvider, falling back to use random secrets.
2019-10-14 11:32:21,906 [main] WARN  http.HttpRequestLog (HttpRequestLog.java:getRequestLog(97)) - Jetty request log can only be enabled using Log4j
2019-10-14 11:32:21,908 [main] INFO  http.HttpServer2 (HttpServer2.java:addGlobalFilter(975)) - Added global filter 'safety' (class=org.apache.hadoop.http.HttpServer2$QuotingInputFilter)
2019-10-14 11:32:21,908 [main] INFO  http.HttpServer2 (HttpServer2.java:addFilter(948)) - Added filter static_user_filter (class=org.apache.hadoop.http.lib.StaticUserWebFilter$StaticUserFilter) to context hddsDatanode
2019-10-14 11:32:21,908 [main] INFO  http.HttpServer2 (HttpServer2.java:addFilter(958)) - Added filter static_user_filter (class=org.apache.hadoop.http.lib.StaticUserWebFilter$StaticUserFilter) to context static
2019-10-14 11:32:21,909 [main] INFO  http.HttpServer2 (HttpServer2.java:addFilter(958)) - Added filter static_user_filter (class=org.apache.hadoop.http.lib.StaticUserWebFilter$StaticUserFilter) to context logs
2019-10-14 11:32:21,910 [main] INFO  http.HttpServer2 (HttpServer2.java:bindListener(1191)) - Jetty bound to port 34703
2019-10-14 11:32:21,910 [main] INFO  server.Server (Server.java:doStart(351)) - jetty-9.3.25.v20180904, build timestamp: 2018-09-04T21:11:46Z, git hash: 3ce520221d0240229c862b122d2b06c12a625732
2019-10-14 11:32:21,911 [main] INFO  handler.ContextHandler (ContextHandler.java:doStart(781)) - Started o.e.j.s.ServletContextHandler@6d0e45a5{/logs,file:///workdir/hadoop-ozone/integration-test/target/log,AVAILABLE}
2019-10-14 11:32:21,912 [main] INFO  handler.ContextHandler (ContextHandler.java:doStart(781)) - Started o.e.j.s.ServletContextHandler@7aa01bd9{/static,jar:file:/home/user/.m2/repository/org/apache/hadoop/hadoop-hdds-container-service/0.5.0-SNAPSHOT/hadoop-hdds-container-service-0.5.0-SNAPSHOT.jar!/webapps/static,AVAILABLE}
2019-10-14 11:32:21,948 [main] INFO  handler.ContextHandler (ContextHandler.java:doStart(781)) - Started o.e.j.w.WebAppContext@26f0141{/,file:///tmp/jetty-0.0.0.0-34703-hddsDatanode-_-any-1626255451509167113.dir/webapp/,AVAILABLE}{/hddsDatanode}
2019-10-14 11:32:21,948 [main] INFO  server.AbstractConnector (AbstractConnector.java:doStart(278)) - Started ServerConnector@34136bd1{HTTP/1.1,[http/1.1]}{0.0.0.0:34703}
2019-10-14 11:32:21,950 [main] INFO  server.Server (Server.java:doStart(419)) - Started @256986ms
2019-10-14 11:32:21,950 [main] WARN  impl.MetricsSystemImpl (MetricsSystemImpl.java:register(276)) - Sink prometheus already exists!
2019-10-14 11:32:21,951 [main] INFO  server.BaseHttpServer (BaseHttpServer.java:updateConnectorAddress(215)) - HTTP server of HDDSDATANODE is listening at http://0.0.0.0:34703
2019-10-14 11:32:21,951 [main] INFO  impl.MetricsSystemImpl (MetricsSystemImpl.java:init(158)) - HddsDatanode metrics system started (again)
2019-10-14 11:32:21,955 [org.apache.hadoop.util.JvmPauseMonitor$Monitor@773e0bef] INFO  util.JvmPauseMonitor (JvmPauseMonitor.java:run(188)) - Starting JVM pause monitor
2019-10-14 11:32:21,955 [main] INFO  ozone.HddsDatanodeService (HddsDatanodeService.java:start(184)) - HddsDatanodeService host:pr-hdds-2196-wn72n-1164029319 ip:192.168.157.207
2019-10-14 11:32:21,957 [Datanode State Machine Thread - 0] INFO  datanode.InitDatanodeState (InitDatanodeState.java:persistContainerDatanodeDetails(140)) - DatanodeDetails is persisted to /workdir/hadoop-ozone/integration-test/target/test-dir/MiniOzoneClusterImpl-95aba73e-a2ce-4cb2-acaf-01244b70b3f2/datanode-1/meta/datanode.id
2019-10-14 11:32:21,962 [main] INFO  volume.HddsVolume (HddsVolume.java:<init>(176)) - Creating Volume: /workdir/hadoop-ozone/integration-test/target/test-dir/MiniOzoneClusterImpl-95aba73e-a2ce-4cb2-acaf-01244b70b3f2/datanode-2/data/containers/hdds of  storage type : DISK and capacity : 1482555576320
2019-10-14 11:32:21,962 [main] INFO  volume.VolumeSet (VolumeSet.java:initializeVolumeSet(170)) - Added Volume : /workdir/hadoop-ozone/integration-test/target/test-dir/MiniOzoneClusterImpl-95aba73e-a2ce-4cb2-acaf-01244b70b3f2/datanode-2/data/containers/hdds to VolumeSet
2019-10-14 11:32:21,962 [main] INFO  volume.ThrottledAsyncChecker (ThrottledAsyncChecker.java:schedule(141)) - Scheduling a check for org.apache.hadoop.ozone.container.common.volume.HddsVolume@5657967b
2019-10-14 11:32:21,963 [main] INFO  volume.HddsVolumeChecker (HddsVolumeChecker.java:checkAllVolumes(204)) - Scheduled health check for volume org.apache.hadoop.ozone.container.common.volume.HddsVolume@5657967b
2019-10-14 11:32:21,975 [main] INFO  impl.RaftServerProxy (ConfUtils.java:logGet(43)) - raft.rpc.type = GRPC (default)
2019-10-14 11:32:21,975 [main] INFO  grpc.GrpcFactory (GrpcFactory.java:checkPooledByteBufAllocatorUseCacheForAllThreads(45)) - PERFORMANCE WARNING: useCacheForAllThreads is true that may cause Netty to create a lot garbage objects and, as a result, trigger GC.
	It is recommended to disable useCacheForAllThreads by setting -Dorg.apache.ratis.thirdparty.io.netty.allocator.useCacheForAllThreads=false in command line.
2019-10-14 11:32:21,976 [main] INFO  grpc.GrpcConfigKeys$Server (ConfUtils.java:logGet(43)) - raft.grpc.server.port = 0 (default)
2019-10-14 11:32:21,976 [main] INFO  server.GrpcService (ConfUtils.java:logGet(43)) - raft.grpc.message.size.max = 33570816 (custom)
2019-10-14 11:32:21,976 [main] INFO  server.RaftServerConfigKeys (ConfUtils.java:logGet(43)) - raft.server.log.appender.buffer.byte-limit = 33554432 (custom)
2019-10-14 11:32:21,976 [main] INFO  server.GrpcService (ConfUtils.java:logGet(43)) - raft.grpc.flow.control.window = 1MB (=1048576) (default)
2019-10-14 11:32:21,976 [main] INFO  server.RaftServerConfigKeys (ConfUtils.java:logGet(43)) - raft.server.rpc.request.timeout = 3000ms (default)
2019-10-14 11:32:21,977 [main] INFO  server.RaftServerConfigKeys (ConfUtils.java:logGet(43)) - raft.server.storage.dir = [/workdir/hadoop-ozone/integration-test/target/test-dir/MiniOzoneClusterImpl-95aba73e-a2ce-4cb2-acaf-01244b70b3f2/datanode-2/data/ratis] (custom)
2019-10-14 11:32:21,979 [main] INFO  hdfs.DFSUtil (DFSUtil.java:httpServerTemplateForNNAndJN(1641)) - Starting Web-server for hddsDatanode at: http://0.0.0.0:0
2019-10-14 11:32:21,980 [main] INFO  server.AuthenticationFilter (AuthenticationFilter.java:constructSecretProvider(240)) - Unable to initialize FileSignerSecretProvider, falling back to use random secrets.
2019-10-14 11:32:21,980 [main] WARN  http.HttpRequestLog (HttpRequestLog.java:getRequestLog(97)) - Jetty request log can only be enabled using Log4j
2019-10-14 11:32:21,982 [main] INFO  http.HttpServer2 (HttpServer2.java:addGlobalFilter(975)) - Added global filter 'safety' (class=org.apache.hadoop.http.HttpServer2$QuotingInputFilter)
2019-10-14 11:32:21,982 [main] INFO  http.HttpServer2 (HttpServer2.java:addFilter(948)) - Added filter static_user_filter (class=org.apache.hadoop.http.lib.StaticUserWebFilter$StaticUserFilter) to context hddsDatanode
2019-10-14 11:32:21,982 [main] INFO  http.HttpServer2 (HttpServer2.java:addFilter(958)) - Added filter static_user_filter (class=org.apache.hadoop.http.lib.StaticUserWebFilter$StaticUserFilter) to context logs
2019-10-14 11:32:21,983 [main] INFO  http.HttpServer2 (HttpServer2.java:addFilter(958)) - Added filter static_user_filter (class=org.apache.hadoop.http.lib.StaticUserWebFilter$StaticUserFilter) to context static
2019-10-14 11:32:21,983 [main] INFO  http.HttpServer2 (HttpServer2.java:bindListener(1191)) - Jetty bound to port 38408
2019-10-14 11:32:21,983 [main] INFO  server.Server (Server.java:doStart(351)) - jetty-9.3.25.v20180904, build timestamp: 2018-09-04T21:11:46Z, git hash: 3ce520221d0240229c862b122d2b06c12a625732
2019-10-14 11:32:21,985 [main] INFO  handler.ContextHandler (ContextHandler.java:doStart(781)) - Started o.e.j.s.ServletContextHandler@14b4340c{/logs,file:///workdir/hadoop-ozone/integration-test/target/log,AVAILABLE}
2019-10-14 11:32:21,985 [main] INFO  handler.ContextHandler (ContextHandler.java:doStart(781)) - Started o.e.j.s.ServletContextHandler@2fd9fb34{/static,jar:file:/home/user/.m2/repository/org/apache/hadoop/hadoop-hdds-container-service/0.5.0-SNAPSHOT/hadoop-hdds-container-service-0.5.0-SNAPSHOT.jar!/webapps/static,AVAILABLE}
2019-10-14 11:32:22,011 [main] INFO  handler.ContextHandler (ContextHandler.java:doStart(781)) - Started o.e.j.w.WebAppContext@6094de13{/,file:///tmp/jetty-0.0.0.0-38408-hddsDatanode-_-any-3634869029804224387.dir/webapp/,AVAILABLE}{/hddsDatanode}
2019-10-14 11:32:22,011 [main] INFO  server.AbstractConnector (AbstractConnector.java:doStart(278)) - Started ServerConnector@bbb6f0{HTTP/1.1,[http/1.1]}{0.0.0.0:38408}
2019-10-14 11:32:22,014 [main] INFO  server.Server (Server.java:doStart(419)) - Started @257049ms
2019-10-14 11:32:22,014 [main] WARN  impl.MetricsSystemImpl (MetricsSystemImpl.java:register(276)) - Sink prometheus already exists!
2019-10-14 11:32:22,014 [main] INFO  server.BaseHttpServer (BaseHttpServer.java:updateConnectorAddress(215)) - HTTP server of HDDSDATANODE is listening at http://0.0.0.0:38408
2019-10-14 11:32:22,015 [main] INFO  impl.MetricsSystemImpl (MetricsSystemImpl.java:init(158)) - HddsDatanode metrics system started (again)
2019-10-14 11:32:22,018 [org.apache.hadoop.util.JvmPauseMonitor$Monitor@3accae78] INFO  util.JvmPauseMonitor (JvmPauseMonitor.java:run(188)) - Starting JVM pause monitor
2019-10-14 11:32:22,019 [main] INFO  ozone.HddsDatanodeService (HddsDatanodeService.java:start(184)) - HddsDatanodeService host:pr-hdds-2196-wn72n-1164029319 ip:192.168.157.207
2019-10-14 11:32:22,019 [Datanode State Machine Thread - 0] INFO  datanode.InitDatanodeState (InitDatanodeState.java:persistContainerDatanodeDetails(140)) - DatanodeDetails is persisted to /workdir/hadoop-ozone/integration-test/target/test-dir/MiniOzoneClusterImpl-95aba73e-a2ce-4cb2-acaf-01244b70b3f2/datanode-2/meta/datanode.id
2019-10-14 11:32:22,025 [main] INFO  volume.HddsVolume (HddsVolume.java:<init>(176)) - Creating Volume: /workdir/hadoop-ozone/integration-test/target/test-dir/MiniOzoneClusterImpl-95aba73e-a2ce-4cb2-acaf-01244b70b3f2/datanode-3/data/containers/hdds of  storage type : DISK and capacity : 1482555576320
2019-10-14 11:32:22,025 [main] INFO  volume.VolumeSet (VolumeSet.java:initializeVolumeSet(170)) - Added Volume : /workdir/hadoop-ozone/integration-test/target/test-dir/MiniOzoneClusterImpl-95aba73e-a2ce-4cb2-acaf-01244b70b3f2/datanode-3/data/containers/hdds to VolumeSet
2019-10-14 11:32:22,026 [main] INFO  volume.ThrottledAsyncChecker (ThrottledAsyncChecker.java:schedule(141)) - Scheduling a check for org.apache.hadoop.ozone.container.common.volume.HddsVolume@63e5b8aa
2019-10-14 11:32:22,026 [main] INFO  volume.HddsVolumeChecker (HddsVolumeChecker.java:checkAllVolumes(204)) - Scheduled health check for volume org.apache.hadoop.ozone.container.common.volume.HddsVolume@63e5b8aa
2019-10-14 11:32:22,039 [main] INFO  impl.RaftServerProxy (ConfUtils.java:logGet(43)) - raft.rpc.type = GRPC (default)
2019-10-14 11:32:22,040 [main] INFO  grpc.GrpcFactory (GrpcFactory.java:checkPooledByteBufAllocatorUseCacheForAllThreads(45)) - PERFORMANCE WARNING: useCacheForAllThreads is true that may cause Netty to create a lot garbage objects and, as a result, trigger GC.
	It is recommended to disable useCacheForAllThreads by setting -Dorg.apache.ratis.thirdparty.io.netty.allocator.useCacheForAllThreads=false in command line.
2019-10-14 11:32:22,040 [main] INFO  grpc.GrpcConfigKeys$Server (ConfUtils.java:logGet(43)) - raft.grpc.server.port = 0 (default)
2019-10-14 11:32:22,040 [main] INFO  server.GrpcService (ConfUtils.java:logGet(43)) - raft.grpc.message.size.max = 33570816 (custom)
2019-10-14 11:32:22,040 [main] INFO  server.RaftServerConfigKeys (ConfUtils.java:logGet(43)) - raft.server.log.appender.buffer.byte-limit = 33554432 (custom)
2019-10-14 11:32:22,040 [main] INFO  server.GrpcService (ConfUtils.java:logGet(43)) - raft.grpc.flow.control.window = 1MB (=1048576) (default)
2019-10-14 11:32:22,041 [main] INFO  server.RaftServerConfigKeys (ConfUtils.java:logGet(43)) - raft.server.rpc.request.timeout = 3000ms (default)
2019-10-14 11:32:22,041 [main] INFO  server.RaftServerConfigKeys (ConfUtils.java:logGet(43)) - raft.server.storage.dir = [/workdir/hadoop-ozone/integration-test/target/test-dir/MiniOzoneClusterImpl-95aba73e-a2ce-4cb2-acaf-01244b70b3f2/datanode-3/data/ratis] (custom)
2019-10-14 11:32:22,042 [main] INFO  hdfs.DFSUtil (DFSUtil.java:httpServerTemplateForNNAndJN(1641)) - Starting Web-server for hddsDatanode at: http://0.0.0.0:0
2019-10-14 11:32:22,043 [main] INFO  server.AuthenticationFilter (AuthenticationFilter.java:constructSecretProvider(240)) - Unable to initialize FileSignerSecretProvider, falling back to use random secrets.
2019-10-14 11:32:22,044 [main] WARN  http.HttpRequestLog (HttpRequestLog.java:getRequestLog(97)) - Jetty request log can only be enabled using Log4j
2019-10-14 11:32:22,045 [main] INFO  http.HttpServer2 (HttpServer2.java:addGlobalFilter(975)) - Added global filter 'safety' (class=org.apache.hadoop.http.HttpServer2$QuotingInputFilter)
2019-10-14 11:32:22,046 [main] INFO  http.HttpServer2 (HttpServer2.java:addFilter(948)) - Added filter static_user_filter (class=org.apache.hadoop.http.lib.StaticUserWebFilter$StaticUserFilter) to context hddsDatanode
2019-10-14 11:32:22,046 [main] INFO  http.HttpServer2 (HttpServer2.java:addFilter(958)) - Added filter static_user_filter (class=org.apache.hadoop.http.lib.StaticUserWebFilter$StaticUserFilter) to context logs
2019-10-14 11:32:22,046 [main] INFO  http.HttpServer2 (HttpServer2.java:addFilter(958)) - Added filter static_user_filter (class=org.apache.hadoop.http.lib.StaticUserWebFilter$StaticUserFilter) to context static
2019-10-14 11:32:22,047 [main] INFO  http.HttpServer2 (HttpServer2.java:bindListener(1191)) - Jetty bound to port 42280
2019-10-14 11:32:22,047 [main] INFO  server.Server (Server.java:doStart(351)) - jetty-9.3.25.v20180904, build timestamp: 2018-09-04T21:11:46Z, git hash: 3ce520221d0240229c862b122d2b06c12a625732
2019-10-14 11:32:22,048 [main] INFO  handler.ContextHandler (ContextHandler.java:doStart(781)) - Started o.e.j.s.ServletContextHandler@70881123{/logs,file:///workdir/hadoop-ozone/integration-test/target/log,AVAILABLE}
2019-10-14 11:32:22,049 [main] INFO  handler.ContextHandler (ContextHandler.java:doStart(781)) - Started o.e.j.s.ServletContextHandler@5e905f2c{/static,jar:file:/home/user/.m2/repository/org/apache/hadoop/hadoop-hdds-container-service/0.5.0-SNAPSHOT/hadoop-hdds-container-service-0.5.0-SNAPSHOT.jar!/webapps/static,AVAILABLE}
2019-10-14 11:32:22,076 [main] INFO  handler.ContextHandler (ContextHandler.java:doStart(781)) - Started o.e.j.w.WebAppContext@6d4a82{/,file:///tmp/jetty-0.0.0.0-42280-hddsDatanode-_-any-6722382535062388697.dir/webapp/,AVAILABLE}{/hddsDatanode}
2019-10-14 11:32:22,076 [main] INFO  server.AbstractConnector (AbstractConnector.java:doStart(278)) - Started ServerConnector@14f060b8{HTTP/1.1,[http/1.1]}{0.0.0.0:42280}
2019-10-14 11:32:22,078 [main] INFO  server.Server (Server.java:doStart(419)) - Started @257114ms
2019-10-14 11:32:22,079 [main] WARN  impl.MetricsSystemImpl (MetricsSystemImpl.java:register(276)) - Sink prometheus already exists!
2019-10-14 11:32:22,079 [main] INFO  server.BaseHttpServer (BaseHttpServer.java:updateConnectorAddress(215)) - HTTP server of HDDSDATANODE is listening at http://0.0.0.0:42280
2019-10-14 11:32:22,080 [main] INFO  impl.MetricsSystemImpl (MetricsSystemImpl.java:init(158)) - HddsDatanode metrics system started (again)
2019-10-14 11:32:22,083 [org.apache.hadoop.util.JvmPauseMonitor$Monitor@1c6f8a0e] INFO  util.JvmPauseMonitor (JvmPauseMonitor.java:run(188)) - Starting JVM pause monitor
2019-10-14 11:32:22,085 [Datanode State Machine Thread - 0] INFO  datanode.InitDatanodeState (InitDatanodeState.java:persistContainerDatanodeDetails(140)) - DatanodeDetails is persisted to /workdir/hadoop-ozone/integration-test/target/test-dir/MiniOzoneClusterImpl-95aba73e-a2ce-4cb2-acaf-01244b70b3f2/datanode-3/meta/datanode.id
2019-10-14 11:32:22,085 [main] INFO  ozone.HddsDatanodeService (HddsDatanodeService.java:start(184)) - HddsDatanodeService host:pr-hdds-2196-wn72n-1164029319 ip:192.168.157.207
2019-10-14 11:32:22,091 [main] INFO  volume.HddsVolume (HddsVolume.java:<init>(176)) - Creating Volume: /workdir/hadoop-ozone/integration-test/target/test-dir/MiniOzoneClusterImpl-95aba73e-a2ce-4cb2-acaf-01244b70b3f2/datanode-4/data/containers/hdds of  storage type : DISK and capacity : 1482555576320
2019-10-14 11:32:22,092 [main] INFO  volume.VolumeSet (VolumeSet.java:initializeVolumeSet(170)) - Added Volume : /workdir/hadoop-ozone/integration-test/target/test-dir/MiniOzoneClusterImpl-95aba73e-a2ce-4cb2-acaf-01244b70b3f2/datanode-4/data/containers/hdds to VolumeSet
2019-10-14 11:32:22,092 [main] INFO  volume.ThrottledAsyncChecker (ThrottledAsyncChecker.java:schedule(141)) - Scheduling a check for org.apache.hadoop.ozone.container.common.volume.HddsVolume@132e3594
2019-10-14 11:32:22,092 [main] INFO  volume.HddsVolumeChecker (HddsVolumeChecker.java:checkAllVolumes(204)) - Scheduled health check for volume org.apache.hadoop.ozone.container.common.volume.HddsVolume@132e3594
2019-10-14 11:32:22,105 [main] INFO  impl.RaftServerProxy (ConfUtils.java:logGet(43)) - raft.rpc.type = GRPC (default)
2019-10-14 11:32:22,106 [main] INFO  grpc.GrpcFactory (GrpcFactory.java:checkPooledByteBufAllocatorUseCacheForAllThreads(45)) - PERFORMANCE WARNING: useCacheForAllThreads is true that may cause Netty to create a lot garbage objects and, as a result, trigger GC.
	It is recommended to disable useCacheForAllThreads by setting -Dorg.apache.ratis.thirdparty.io.netty.allocator.useCacheForAllThreads=false in command line.
2019-10-14 11:32:22,106 [main] INFO  grpc.GrpcConfigKeys$Server (ConfUtils.java:logGet(43)) - raft.grpc.server.port = 0 (default)
2019-10-14 11:32:22,106 [main] INFO  server.GrpcService (ConfUtils.java:logGet(43)) - raft.grpc.message.size.max = 33570816 (custom)
2019-10-14 11:32:22,106 [main] INFO  server.RaftServerConfigKeys (ConfUtils.java:logGet(43)) - raft.server.log.appender.buffer.byte-limit = 33554432 (custom)
2019-10-14 11:32:22,106 [main] INFO  server.GrpcService (ConfUtils.java:logGet(43)) - raft.grpc.flow.control.window = 1MB (=1048576) (default)
2019-10-14 11:32:22,106 [main] INFO  server.RaftServerConfigKeys (ConfUtils.java:logGet(43)) - raft.server.rpc.request.timeout = 3000ms (default)
2019-10-14 11:32:22,107 [main] INFO  server.RaftServerConfigKeys (ConfUtils.java:logGet(43)) - raft.server.storage.dir = [/workdir/hadoop-ozone/integration-test/target/test-dir/MiniOzoneClusterImpl-95aba73e-a2ce-4cb2-acaf-01244b70b3f2/datanode-4/data/ratis] (custom)
2019-10-14 11:32:22,108 [main] INFO  hdfs.DFSUtil (DFSUtil.java:httpServerTemplateForNNAndJN(1641)) - Starting Web-server for hddsDatanode at: http://0.0.0.0:0
2019-10-14 11:32:22,109 [main] INFO  server.AuthenticationFilter (AuthenticationFilter.java:constructSecretProvider(240)) - Unable to initialize FileSignerSecretProvider, falling back to use random secrets.
2019-10-14 11:32:22,109 [main] WARN  http.HttpRequestLog (HttpRequestLog.java:getRequestLog(97)) - Jetty request log can only be enabled using Log4j
2019-10-14 11:32:22,111 [main] INFO  http.HttpServer2 (HttpServer2.java:addGlobalFilter(975)) - Added global filter 'safety' (class=org.apache.hadoop.http.HttpServer2$QuotingInputFilter)
2019-10-14 11:32:22,111 [main] INFO  http.HttpServer2 (HttpServer2.java:addFilter(948)) - Added filter static_user_filter (class=org.apache.hadoop.http.lib.StaticUserWebFilter$StaticUserFilter) to context hddsDatanode
2019-10-14 11:32:22,111 [main] INFO  http.HttpServer2 (HttpServer2.java:addFilter(958)) - Added filter static_user_filter (class=org.apache.hadoop.http.lib.StaticUserWebFilter$StaticUserFilter) to context logs
2019-10-14 11:32:22,111 [main] INFO  http.HttpServer2 (HttpServer2.java:addFilter(958)) - Added filter static_user_filter (class=org.apache.hadoop.http.lib.StaticUserWebFilter$StaticUserFilter) to context static
2019-10-14 11:32:22,112 [main] INFO  http.HttpServer2 (HttpServer2.java:bindListener(1191)) - Jetty bound to port 41980
2019-10-14 11:32:22,112 [main] INFO  server.Server (Server.java:doStart(351)) - jetty-9.3.25.v20180904, build timestamp: 2018-09-04T21:11:46Z, git hash: 3ce520221d0240229c862b122d2b06c12a625732
2019-10-14 11:32:22,114 [main] INFO  handler.ContextHandler (ContextHandler.java:doStart(781)) - Started o.e.j.s.ServletContextHandler@231b35fb{/logs,file:///workdir/hadoop-ozone/integration-test/target/log,AVAILABLE}
2019-10-14 11:32:22,114 [main] INFO  handler.ContextHandler (ContextHandler.java:doStart(781)) - Started o.e.j.s.ServletContextHandler@3820cfe{/static,jar:file:/home/user/.m2/repository/org/apache/hadoop/hadoop-hdds-container-service/0.5.0-SNAPSHOT/hadoop-hdds-container-service-0.5.0-SNAPSHOT.jar!/webapps/static,AVAILABLE}
2019-10-14 11:32:22,140 [main] INFO  handler.ContextHandler (ContextHandler.java:doStart(781)) - Started o.e.j.w.WebAppContext@21b51e59{/,file:///tmp/jetty-0.0.0.0-41980-hddsDatanode-_-any-5509456060963894481.dir/webapp/,AVAILABLE}{/hddsDatanode}
2019-10-14 11:32:22,140 [main] INFO  server.AbstractConnector (AbstractConnector.java:doStart(278)) - Started ServerConnector@1785d194{HTTP/1.1,[http/1.1]}{0.0.0.0:41980}
2019-10-14 11:32:22,142 [main] INFO  server.Server (Server.java:doStart(419)) - Started @257178ms
2019-10-14 11:32:22,142 [main] WARN  impl.MetricsSystemImpl (MetricsSystemImpl.java:register(276)) - Sink prometheus already exists!
2019-10-14 11:32:22,143 [main] INFO  server.BaseHttpServer (BaseHttpServer.java:updateConnectorAddress(215)) - HTTP server of HDDSDATANODE is listening at http://0.0.0.0:41980
2019-10-14 11:32:22,144 [main] INFO  impl.MetricsSystemImpl (MetricsSystemImpl.java:init(158)) - HddsDatanode metrics system started (again)
2019-10-14 11:32:22,148 [org.apache.hadoop.util.JvmPauseMonitor$Monitor@2fecd53b] INFO  util.JvmPauseMonitor (JvmPauseMonitor.java:run(188)) - Starting JVM pause monitor
2019-10-14 11:32:22,149 [main] INFO  ozone.HddsDatanodeService (HddsDatanodeService.java:start(184)) - HddsDatanodeService host:pr-hdds-2196-wn72n-1164029319 ip:192.168.157.207
2019-10-14 11:32:22,149 [Datanode State Machine Thread - 0] INFO  datanode.InitDatanodeState (InitDatanodeState.java:persistContainerDatanodeDetails(140)) - DatanodeDetails is persisted to /workdir/hadoop-ozone/integration-test/target/test-dir/MiniOzoneClusterImpl-95aba73e-a2ce-4cb2-acaf-01244b70b3f2/datanode-4/meta/datanode.id
2019-10-14 11:32:22,156 [main] INFO  volume.HddsVolume (HddsVolume.java:<init>(176)) - Creating Volume: /workdir/hadoop-ozone/integration-test/target/test-dir/MiniOzoneClusterImpl-95aba73e-a2ce-4cb2-acaf-01244b70b3f2/datanode-5/data/containers/hdds of  storage type : DISK and capacity : 1482555576320
2019-10-14 11:32:22,156 [main] INFO  volume.VolumeSet (VolumeSet.java:initializeVolumeSet(170)) - Added Volume : /workdir/hadoop-ozone/integration-test/target/test-dir/MiniOzoneClusterImpl-95aba73e-a2ce-4cb2-acaf-01244b70b3f2/datanode-5/data/containers/hdds to VolumeSet
2019-10-14 11:32:22,156 [main] INFO  volume.ThrottledAsyncChecker (ThrottledAsyncChecker.java:schedule(141)) - Scheduling a check for org.apache.hadoop.ozone.container.common.volume.HddsVolume@73e4387
2019-10-14 11:32:22,157 [main] INFO  volume.HddsVolumeChecker (HddsVolumeChecker.java:checkAllVolumes(204)) - Scheduled health check for volume org.apache.hadoop.ozone.container.common.volume.HddsVolume@73e4387
2019-10-14 11:32:22,172 [main] INFO  impl.RaftServerProxy (ConfUtils.java:logGet(43)) - raft.rpc.type = GRPC (default)
2019-10-14 11:32:22,173 [main] INFO  grpc.GrpcFactory (GrpcFactory.java:checkPooledByteBufAllocatorUseCacheForAllThreads(45)) - PERFORMANCE WARNING: useCacheForAllThreads is true that may cause Netty to create a lot garbage objects and, as a result, trigger GC.
	It is recommended to disable useCacheForAllThreads by setting -Dorg.apache.ratis.thirdparty.io.netty.allocator.useCacheForAllThreads=false in command line.
2019-10-14 11:32:22,173 [main] INFO  grpc.GrpcConfigKeys$Server (ConfUtils.java:logGet(43)) - raft.grpc.server.port = 0 (default)
2019-10-14 11:32:22,173 [main] INFO  server.GrpcService (ConfUtils.java:logGet(43)) - raft.grpc.message.size.max = 33570816 (custom)
2019-10-14 11:32:22,173 [main] INFO  server.RaftServerConfigKeys (ConfUtils.java:logGet(43)) - raft.server.log.appender.buffer.byte-limit = 33554432 (custom)
2019-10-14 11:32:22,173 [main] INFO  server.GrpcService (ConfUtils.java:logGet(43)) - raft.grpc.flow.control.window = 1MB (=1048576) (default)
2019-10-14 11:32:22,173 [main] INFO  server.RaftServerConfigKeys (ConfUtils.java:logGet(43)) - raft.server.rpc.request.timeout = 3000ms (default)
2019-10-14 11:32:22,174 [main] INFO  server.RaftServerConfigKeys (ConfUtils.java:logGet(43)) - raft.server.storage.dir = [/workdir/hadoop-ozone/integration-test/target/test-dir/MiniOzoneClusterImpl-95aba73e-a2ce-4cb2-acaf-01244b70b3f2/datanode-5/data/ratis] (custom)
2019-10-14 11:32:22,175 [main] INFO  hdfs.DFSUtil (DFSUtil.java:httpServerTemplateForNNAndJN(1641)) - Starting Web-server for hddsDatanode at: http://0.0.0.0:0
2019-10-14 11:32:22,176 [main] INFO  server.AuthenticationFilter (AuthenticationFilter.java:constructSecretProvider(240)) - Unable to initialize FileSignerSecretProvider, falling back to use random secrets.
2019-10-14 11:32:22,177 [main] WARN  http.HttpRequestLog (HttpRequestLog.java:getRequestLog(97)) - Jetty request log can only be enabled using Log4j
2019-10-14 11:32:22,178 [main] INFO  http.HttpServer2 (HttpServer2.java:addGlobalFilter(975)) - Added global filter 'safety' (class=org.apache.hadoop.http.HttpServer2$QuotingInputFilter)
2019-10-14 11:32:22,178 [main] INFO  http.HttpServer2 (HttpServer2.java:addFilter(948)) - Added filter static_user_filter (class=org.apache.hadoop.http.lib.StaticUserWebFilter$StaticUserFilter) to context hddsDatanode
2019-10-14 11:32:22,179 [main] INFO  http.HttpServer2 (HttpServer2.java:addFilter(958)) - Added filter static_user_filter (class=org.apache.hadoop.http.lib.StaticUserWebFilter$StaticUserFilter) to context static
2019-10-14 11:32:22,179 [main] INFO  http.HttpServer2 (HttpServer2.java:addFilter(958)) - Added filter static_user_filter (class=org.apache.hadoop.http.lib.StaticUserWebFilter$StaticUserFilter) to context logs
2019-10-14 11:32:22,179 [main] INFO  http.HttpServer2 (HttpServer2.java:bindListener(1191)) - Jetty bound to port 35220
2019-10-14 11:32:22,180 [main] INFO  server.Server (Server.java:doStart(351)) - jetty-9.3.25.v20180904, build timestamp: 2018-09-04T21:11:46Z, git hash: 3ce520221d0240229c862b122d2b06c12a625732
2019-10-14 11:32:22,181 [main] INFO  handler.ContextHandler (ContextHandler.java:doStart(781)) - Started o.e.j.s.ServletContextHandler@93bf0e0{/logs,file:///workdir/hadoop-ozone/integration-test/target/log,AVAILABLE}
2019-10-14 11:32:22,181 [main] INFO  handler.ContextHandler (ContextHandler.java:doStart(781)) - Started o.e.j.s.ServletContextHandler@656842bc{/static,jar:file:/home/user/.m2/repository/org/apache/hadoop/hadoop-hdds-container-service/0.5.0-SNAPSHOT/hadoop-hdds-container-service-0.5.0-SNAPSHOT.jar!/webapps/static,AVAILABLE}
2019-10-14 11:32:22,207 [main] INFO  handler.ContextHandler (ContextHandler.java:doStart(781)) - Started o.e.j.w.WebAppContext@28ee882c{/,file:///tmp/jetty-0.0.0.0-35220-hddsDatanode-_-any-7281606780961369451.dir/webapp/,AVAILABLE}{/hddsDatanode}
2019-10-14 11:32:22,207 [main] INFO  server.AbstractConnector (AbstractConnector.java:doStart(278)) - Started ServerConnector@78d73b1b{HTTP/1.1,[http/1.1]}{0.0.0.0:35220}
2019-10-14 11:32:22,209 [main] INFO  server.Server (Server.java:doStart(419)) - Started @257245ms
2019-10-14 11:32:22,210 [main] WARN  impl.MetricsSystemImpl (MetricsSystemImpl.java:register(276)) - Sink prometheus already exists!
2019-10-14 11:32:22,210 [main] INFO  server.BaseHttpServer (BaseHttpServer.java:updateConnectorAddress(215)) - HTTP server of HDDSDATANODE is listening at http://0.0.0.0:35220
2019-10-14 11:32:22,211 [main] INFO  impl.MetricsSystemImpl (MetricsSystemImpl.java:init(158)) - HddsDatanode metrics system started (again)
2019-10-14 11:32:22,215 [org.apache.hadoop.util.JvmPauseMonitor$Monitor@63797323] INFO  util.JvmPauseMonitor (JvmPauseMonitor.java:run(188)) - Starting JVM pause monitor
2019-10-14 11:32:22,216 [main] INFO  ozone.HddsDatanodeService (HddsDatanodeService.java:start(184)) - HddsDatanodeService host:pr-hdds-2196-wn72n-1164029319 ip:192.168.157.207
2019-10-14 11:32:22,216 [Datanode State Machine Thread - 0] INFO  datanode.InitDatanodeState (InitDatanodeState.java:persistContainerDatanodeDetails(140)) - DatanodeDetails is persisted to /workdir/hadoop-ozone/integration-test/target/test-dir/MiniOzoneClusterImpl-95aba73e-a2ce-4cb2-acaf-01244b70b3f2/datanode-5/meta/datanode.id
2019-10-14 11:32:22,223 [main] INFO  volume.HddsVolume (HddsVolume.java:<init>(176)) - Creating Volume: /workdir/hadoop-ozone/integration-test/target/test-dir/MiniOzoneClusterImpl-95aba73e-a2ce-4cb2-acaf-01244b70b3f2/datanode-6/data/containers/hdds of  storage type : DISK and capacity : 1482555576320
2019-10-14 11:32:22,223 [main] INFO  volume.VolumeSet (VolumeSet.java:initializeVolumeSet(170)) - Added Volume : /workdir/hadoop-ozone/integration-test/target/test-dir/MiniOzoneClusterImpl-95aba73e-a2ce-4cb2-acaf-01244b70b3f2/datanode-6/data/containers/hdds to VolumeSet
2019-10-14 11:32:22,223 [main] INFO  volume.ThrottledAsyncChecker (ThrottledAsyncChecker.java:schedule(141)) - Scheduling a check for org.apache.hadoop.ozone.container.common.volume.HddsVolume@696fad31
2019-10-14 11:32:22,224 [main] INFO  volume.HddsVolumeChecker (HddsVolumeChecker.java:checkAllVolumes(204)) - Scheduled health check for volume org.apache.hadoop.ozone.container.common.volume.HddsVolume@696fad31
2019-10-14 11:32:22,242 [main] INFO  impl.RaftServerProxy (ConfUtils.java:logGet(43)) - raft.rpc.type = GRPC (default)
2019-10-14 11:32:22,242 [main] INFO  grpc.GrpcFactory (GrpcFactory.java:checkPooledByteBufAllocatorUseCacheForAllThreads(45)) - PERFORMANCE WARNING: useCacheForAllThreads is true that may cause Netty to create a lot garbage objects and, as a result, trigger GC.
	It is recommended to disable useCacheForAllThreads by setting -Dorg.apache.ratis.thirdparty.io.netty.allocator.useCacheForAllThreads=false in command line.
2019-10-14 11:32:22,242 [main] INFO  grpc.GrpcConfigKeys$Server (ConfUtils.java:logGet(43)) - raft.grpc.server.port = 0 (default)
2019-10-14 11:32:22,242 [main] INFO  server.GrpcService (ConfUtils.java:logGet(43)) - raft.grpc.message.size.max = 33570816 (custom)
2019-10-14 11:32:22,243 [main] INFO  server.RaftServerConfigKeys (ConfUtils.java:logGet(43)) - raft.server.log.appender.buffer.byte-limit = 33554432 (custom)
2019-10-14 11:32:22,243 [main] INFO  server.GrpcService (ConfUtils.java:logGet(43)) - raft.grpc.flow.control.window = 1MB (=1048576) (default)
2019-10-14 11:32:22,243 [main] INFO  server.RaftServerConfigKeys (ConfUtils.java:logGet(43)) - raft.server.rpc.request.timeout = 3000ms (default)
2019-10-14 11:32:22,243 [main] INFO  server.RaftServerConfigKeys (ConfUtils.java:logGet(43)) - raft.server.storage.dir = [/workdir/hadoop-ozone/integration-test/target/test-dir/MiniOzoneClusterImpl-95aba73e-a2ce-4cb2-acaf-01244b70b3f2/datanode-6/data/ratis] (custom)
2019-10-14 11:32:22,244 [main] INFO  hdfs.DFSUtil (DFSUtil.java:httpServerTemplateForNNAndJN(1641)) - Starting Web-server for hddsDatanode at: http://0.0.0.0:0
2019-10-14 11:32:22,245 [main] INFO  server.AuthenticationFilter (AuthenticationFilter.java:constructSecretProvider(240)) - Unable to initialize FileSignerSecretProvider, falling back to use random secrets.
2019-10-14 11:32:22,246 [main] WARN  http.HttpRequestLog (HttpRequestLog.java:getRequestLog(97)) - Jetty request log can only be enabled using Log4j
2019-10-14 11:32:22,247 [main] INFO  http.HttpServer2 (HttpServer2.java:addGlobalFilter(975)) - Added global filter 'safety' (class=org.apache.hadoop.http.HttpServer2$QuotingInputFilter)
2019-10-14 11:32:22,247 [main] INFO  http.HttpServer2 (HttpServer2.java:addFilter(948)) - Added filter static_user_filter (class=org.apache.hadoop.http.lib.StaticUserWebFilter$StaticUserFilter) to context hddsDatanode
2019-10-14 11:32:22,248 [main] INFO  http.HttpServer2 (HttpServer2.java:addFilter(958)) - Added filter static_user_filter (class=org.apache.hadoop.http.lib.StaticUserWebFilter$StaticUserFilter) to context static
2019-10-14 11:32:22,248 [main] INFO  http.HttpServer2 (HttpServer2.java:addFilter(958)) - Added filter static_user_filter (class=org.apache.hadoop.http.lib.StaticUserWebFilter$StaticUserFilter) to context logs
2019-10-14 11:32:22,248 [main] INFO  http.HttpServer2 (HttpServer2.java:bindListener(1191)) - Jetty bound to port 36236
2019-10-14 11:32:22,249 [main] INFO  server.Server (Server.java:doStart(351)) - jetty-9.3.25.v20180904, build timestamp: 2018-09-04T21:11:46Z, git hash: 3ce520221d0240229c862b122d2b06c12a625732
2019-10-14 11:32:22,250 [main] INFO  handler.ContextHandler (ContextHandler.java:doStart(781)) - Started o.e.j.s.ServletContextHandler@6ad6443{/logs,file:///workdir/hadoop-ozone/integration-test/target/log,AVAILABLE}
2019-10-14 11:32:22,250 [main] INFO  handler.ContextHandler (ContextHandler.java:doStart(781)) - Started o.e.j.s.ServletContextHandler@3f5dfe69{/static,jar:file:/home/user/.m2/repository/org/apache/hadoop/hadoop-hdds-container-service/0.5.0-SNAPSHOT/hadoop-hdds-container-service-0.5.0-SNAPSHOT.jar!/webapps/static,AVAILABLE}
2019-10-14 11:32:22,276 [main] INFO  handler.ContextHandler (ContextHandler.java:doStart(781)) - Started o.e.j.w.WebAppContext@4f2ac7e0{/,file:///tmp/jetty-0.0.0.0-36236-hddsDatanode-_-any-6903488894443676526.dir/webapp/,AVAILABLE}{/hddsDatanode}
2019-10-14 11:32:22,276 [main] INFO  server.AbstractConnector (AbstractConnector.java:doStart(278)) - Started ServerConnector@2484dbb7{HTTP/1.1,[http/1.1]}{0.0.0.0:36236}
2019-10-14 11:32:22,279 [main] INFO  server.Server (Server.java:doStart(419)) - Started @257314ms
2019-10-14 11:32:22,279 [main] WARN  impl.MetricsSystemImpl (MetricsSystemImpl.java:register(276)) - Sink prometheus already exists!
2019-10-14 11:32:22,280 [main] INFO  server.BaseHttpServer (BaseHttpServer.java:updateConnectorAddress(215)) - HTTP server of HDDSDATANODE is listening at http://0.0.0.0:36236
2019-10-14 11:32:22,280 [main] INFO  ozone.MiniOzoneClusterImpl (MiniOzoneClusterImpl.java:lambda$waitForClusterToBeReady$0(147)) - Waiting for cluster to be ready. Got 0 of 7 DN Heartbeats.
2019-10-14 11:32:22,281 [org.apache.hadoop.util.JvmPauseMonitor$Monitor@39b04523] INFO  util.JvmPauseMonitor (JvmPauseMonitor.java:run(188)) - Starting JVM pause monitor
2019-10-14 11:32:22,282 [Datanode State Machine Thread - 0] INFO  datanode.InitDatanodeState (InitDatanodeState.java:persistContainerDatanodeDetails(140)) - DatanodeDetails is persisted to /workdir/hadoop-ozone/integration-test/target/test-dir/MiniOzoneClusterImpl-95aba73e-a2ce-4cb2-acaf-01244b70b3f2/datanode-6/meta/datanode.id
2019-10-14 11:32:23,280 [main] INFO  ozone.MiniOzoneClusterImpl (MiniOzoneClusterImpl.java:lambda$waitForClusterToBeReady$0(147)) - Waiting for cluster to be ready. Got 0 of 7 DN Heartbeats.
2019-10-14 11:32:23,941 [Datanode State Machine Thread - 0] INFO  ozoneimpl.OzoneContainer (OzoneContainer.java:start(213)) - Attempting to start container services.
2019-10-14 11:32:23,941 [Datanode State Machine Thread - 0] INFO  ozoneimpl.OzoneContainer (OzoneContainer.java:startContainerScrub(177)) - Background container scanner has been disabled.
2019-10-14 11:32:23,941 [Datanode State Machine Thread - 0] INFO  ratis.XceiverServerRatis (XceiverServerRatis.java:start(418)) - Starting XceiverServerRatis b0dcf559-b940-4ebf-a0c2-bcecb035ae36 at port 0
2019-10-14 11:32:23,948 [Datanode State Machine Thread - 0] INFO  impl.RaftServerProxy (RaftServerProxy.java:lambda$start$3(299)) - b0dcf559-b940-4ebf-a0c2-bcecb035ae36: start RPC server
2019-10-14 11:32:23,950 [Datanode State Machine Thread - 0] INFO  server.GrpcService (GrpcService.java:startImpl(158)) - b0dcf559-b940-4ebf-a0c2-bcecb035ae36: GrpcService started, listening on 0.0.0.0/0.0.0.0:33021
2019-10-14 11:32:23,950 [Datanode State Machine Thread - 0] INFO  ratis.XceiverServerRatis (XceiverServerRatis.java:start(428)) - XceiverServerRatis b0dcf559-b940-4ebf-a0c2-bcecb035ae36 is started using port 33021
2019-10-14 11:32:23,951 [Datanode State Machine Thread - 0] INFO  server.XceiverServerGrpc (XceiverServerGrpc.java:start(149)) - XceiverServerGrpc b0dcf559-b940-4ebf-a0c2-bcecb035ae36 is started using port 39493
2019-10-14 11:32:23,972 [Datanode State Machine Thread - 0] INFO  ozoneimpl.OzoneContainer (OzoneContainer.java:start(213)) - Attempting to start container services.
2019-10-14 11:32:23,972 [Datanode State Machine Thread - 0] INFO  ozoneimpl.OzoneContainer (OzoneContainer.java:startContainerScrub(177)) - Background container scanner has been disabled.
2019-10-14 11:32:23,972 [Datanode State Machine Thread - 0] INFO  ratis.XceiverServerRatis (XceiverServerRatis.java:start(418)) - Starting XceiverServerRatis 73fe8d94-c0de-4eed-aabf-ff16f2610fde at port 0
2019-10-14 11:32:23,979 [Datanode State Machine Thread - 0] INFO  impl.RaftServerProxy (RaftServerProxy.java:lambda$start$3(299)) - 73fe8d94-c0de-4eed-aabf-ff16f2610fde: start RPC server
2019-10-14 11:32:23,988 [Datanode State Machine Thread - 0] INFO  server.GrpcService (GrpcService.java:startImpl(158)) - 73fe8d94-c0de-4eed-aabf-ff16f2610fde: GrpcService started, listening on 0.0.0.0/0.0.0.0:44357
2019-10-14 11:32:23,988 [Datanode State Machine Thread - 0] INFO  ratis.XceiverServerRatis (XceiverServerRatis.java:start(428)) - XceiverServerRatis 73fe8d94-c0de-4eed-aabf-ff16f2610fde is started using port 44357
2019-10-14 11:32:23,988 [Datanode State Machine Thread - 0] INFO  server.XceiverServerGrpc (XceiverServerGrpc.java:start(149)) - XceiverServerGrpc 73fe8d94-c0de-4eed-aabf-ff16f2610fde is started using port 45674
2019-10-14 11:32:24,033 [Datanode State Machine Thread - 0] INFO  ozoneimpl.OzoneContainer (OzoneContainer.java:start(213)) - Attempting to start container services.
2019-10-14 11:32:24,033 [Datanode State Machine Thread - 0] INFO  ozoneimpl.OzoneContainer (OzoneContainer.java:startContainerScrub(177)) - Background container scanner has been disabled.
2019-10-14 11:32:24,033 [Datanode State Machine Thread - 0] INFO  ratis.XceiverServerRatis (XceiverServerRatis.java:start(418)) - Starting XceiverServerRatis 462cc878-52e4-4fe3-b7f7-a02da95ab560 at port 0
2019-10-14 11:32:24,038 [Datanode State Machine Thread - 0] INFO  impl.RaftServerProxy (RaftServerProxy.java:lambda$start$3(299)) - 462cc878-52e4-4fe3-b7f7-a02da95ab560: start RPC server
2019-10-14 11:32:24,039 [Datanode State Machine Thread - 0] INFO  server.GrpcService (GrpcService.java:startImpl(158)) - 462cc878-52e4-4fe3-b7f7-a02da95ab560: GrpcService started, listening on 0.0.0.0/0.0.0.0:35449
2019-10-14 11:32:24,039 [Datanode State Machine Thread - 0] INFO  ratis.XceiverServerRatis (XceiverServerRatis.java:start(428)) - XceiverServerRatis 462cc878-52e4-4fe3-b7f7-a02da95ab560 is started using port 35449
2019-10-14 11:32:24,039 [Datanode State Machine Thread - 0] INFO  server.XceiverServerGrpc (XceiverServerGrpc.java:start(149)) - XceiverServerGrpc 462cc878-52e4-4fe3-b7f7-a02da95ab560 is started using port 43083
2019-10-14 11:32:24,098 [Datanode State Machine Thread - 0] INFO  ozoneimpl.OzoneContainer (OzoneContainer.java:start(213)) - Attempting to start container services.
2019-10-14 11:32:24,098 [Datanode State Machine Thread - 0] INFO  ozoneimpl.OzoneContainer (OzoneContainer.java:startContainerScrub(177)) - Background container scanner has been disabled.
2019-10-14 11:32:24,099 [Datanode State Machine Thread - 0] INFO  ratis.XceiverServerRatis (XceiverServerRatis.java:start(418)) - Starting XceiverServerRatis 66f555dd-9c74-4857-b62c-0d97b88edda2 at port 0
2019-10-14 11:32:24,105 [Datanode State Machine Thread - 0] INFO  impl.RaftServerProxy (RaftServerProxy.java:lambda$start$3(299)) - 66f555dd-9c74-4857-b62c-0d97b88edda2: start RPC server
2019-10-14 11:32:24,106 [Datanode State Machine Thread - 0] INFO  server.GrpcService (GrpcService.java:startImpl(158)) - 66f555dd-9c74-4857-b62c-0d97b88edda2: GrpcService started, listening on 0.0.0.0/0.0.0.0:34228
2019-10-14 11:32:24,106 [Datanode State Machine Thread - 0] INFO  ratis.XceiverServerRatis (XceiverServerRatis.java:start(428)) - XceiverServerRatis 66f555dd-9c74-4857-b62c-0d97b88edda2 is started using port 34228
2019-10-14 11:32:24,106 [Datanode State Machine Thread - 0] INFO  server.XceiverServerGrpc (XceiverServerGrpc.java:start(149)) - XceiverServerGrpc 66f555dd-9c74-4857-b62c-0d97b88edda2 is started using port 36903
2019-10-14 11:32:24,163 [Datanode State Machine Thread - 0] INFO  ozoneimpl.OzoneContainer (OzoneContainer.java:start(213)) - Attempting to start container services.
2019-10-14 11:32:24,163 [Datanode State Machine Thread - 0] INFO  ozoneimpl.OzoneContainer (OzoneContainer.java:startContainerScrub(177)) - Background container scanner has been disabled.
2019-10-14 11:32:24,163 [Datanode State Machine Thread - 0] INFO  ratis.XceiverServerRatis (XceiverServerRatis.java:start(418)) - Starting XceiverServerRatis ec3a2837-cb0d-4f51-a3ea-5e1be70e3360 at port 0
2019-10-14 11:32:24,169 [Datanode State Machine Thread - 0] INFO  impl.RaftServerProxy (RaftServerProxy.java:lambda$start$3(299)) - ec3a2837-cb0d-4f51-a3ea-5e1be70e3360: start RPC server
2019-10-14 11:32:24,169 [Datanode State Machine Thread - 0] INFO  server.GrpcService (GrpcService.java:startImpl(158)) - ec3a2837-cb0d-4f51-a3ea-5e1be70e3360: GrpcService started, listening on 0.0.0.0/0.0.0.0:42220
2019-10-14 11:32:24,169 [Datanode State Machine Thread - 0] INFO  ratis.XceiverServerRatis (XceiverServerRatis.java:start(428)) - XceiverServerRatis ec3a2837-cb0d-4f51-a3ea-5e1be70e3360 is started using port 42220
2019-10-14 11:32:24,170 [Datanode State Machine Thread - 0] INFO  server.XceiverServerGrpc (XceiverServerGrpc.java:start(149)) - XceiverServerGrpc ec3a2837-cb0d-4f51-a3ea-5e1be70e3360 is started using port 38886
2019-10-14 11:32:24,229 [Datanode State Machine Thread - 0] INFO  ozoneimpl.OzoneContainer (OzoneContainer.java:start(213)) - Attempting to start container services.
2019-10-14 11:32:24,230 [Datanode State Machine Thread - 0] INFO  ozoneimpl.OzoneContainer (OzoneContainer.java:startContainerScrub(177)) - Background container scanner has been disabled.
2019-10-14 11:32:24,230 [Datanode State Machine Thread - 0] INFO  ratis.XceiverServerRatis (XceiverServerRatis.java:start(418)) - Starting XceiverServerRatis bf5a0562-303e-4741-95e7-68482fe7a3ed at port 0
2019-10-14 11:32:24,235 [Datanode State Machine Thread - 0] INFO  impl.RaftServerProxy (RaftServerProxy.java:lambda$start$3(299)) - bf5a0562-303e-4741-95e7-68482fe7a3ed: start RPC server
2019-10-14 11:32:24,238 [Datanode State Machine Thread - 0] INFO  server.GrpcService (GrpcService.java:startImpl(158)) - bf5a0562-303e-4741-95e7-68482fe7a3ed: GrpcService started, listening on 0.0.0.0/0.0.0.0:36698
2019-10-14 11:32:24,238 [Datanode State Machine Thread - 0] INFO  ratis.XceiverServerRatis (XceiverServerRatis.java:start(428)) - XceiverServerRatis bf5a0562-303e-4741-95e7-68482fe7a3ed is started using port 36698
2019-10-14 11:32:24,239 [Datanode State Machine Thread - 0] INFO  server.XceiverServerGrpc (XceiverServerGrpc.java:start(149)) - XceiverServerGrpc bf5a0562-303e-4741-95e7-68482fe7a3ed is started using port 40014
2019-10-14 11:32:24,281 [main] INFO  ozone.MiniOzoneClusterImpl (MiniOzoneClusterImpl.java:lambda$waitForClusterToBeReady$0(147)) - Waiting for cluster to be ready. Got 0 of 7 DN Heartbeats.
2019-10-14 11:32:24,295 [Datanode State Machine Thread - 0] INFO  ozoneimpl.OzoneContainer (OzoneContainer.java:start(213)) - Attempting to start container services.
2019-10-14 11:32:24,295 [Datanode State Machine Thread - 0] INFO  ozoneimpl.OzoneContainer (OzoneContainer.java:startContainerScrub(177)) - Background container scanner has been disabled.
2019-10-14 11:32:24,295 [Datanode State Machine Thread - 0] INFO  ratis.XceiverServerRatis (XceiverServerRatis.java:start(418)) - Starting XceiverServerRatis 4584dad4-a1ca-47d4-8076-08c1e2a710fb at port 0
2019-10-14 11:32:24,302 [Datanode State Machine Thread - 0] INFO  impl.RaftServerProxy (RaftServerProxy.java:lambda$start$3(299)) - 4584dad4-a1ca-47d4-8076-08c1e2a710fb: start RPC server
2019-10-14 11:32:24,303 [Datanode State Machine Thread - 0] INFO  server.GrpcService (GrpcService.java:startImpl(158)) - 4584dad4-a1ca-47d4-8076-08c1e2a710fb: GrpcService started, listening on 0.0.0.0/0.0.0.0:37190
2019-10-14 11:32:24,303 [Datanode State Machine Thread - 0] INFO  ratis.XceiverServerRatis (XceiverServerRatis.java:start(428)) - XceiverServerRatis 4584dad4-a1ca-47d4-8076-08c1e2a710fb is started using port 37190
2019-10-14 11:32:24,307 [Datanode State Machine Thread - 0] INFO  server.XceiverServerGrpc (XceiverServerGrpc.java:start(149)) - XceiverServerGrpc 4584dad4-a1ca-47d4-8076-08c1e2a710fb is started using port 34867
2019-10-14 11:32:25,281 [main] INFO  ozone.MiniOzoneClusterImpl (MiniOzoneClusterImpl.java:lambda$waitForClusterToBeReady$0(147)) - Waiting for cluster to be ready. Got 0 of 7 DN Heartbeats.
2019-10-14 11:32:25,881 [IPC Server handler 0 on 43263] INFO  net.NetworkTopology (NetworkTopologyImpl.java:add(111)) - Added a new node: /default-rack/b0dcf559-b940-4ebf-a0c2-bcecb035ae36
2019-10-14 11:32:25,885 [IPC Server handler 0 on 43263] INFO  node.SCMNodeManager (SCMNodeManager.java:register(313)) - Registered Data node : b0dcf559-b940-4ebf-a0c2-bcecb035ae36{ip: 192.168.157.207, host: pr-hdds-2196-wn72n-1164029319, networkLocation: /default-rack, certSerialId: null}
2019-10-14 11:32:25,886 [EventQueue-NodeRegistrationContainerReportForDataNodeSafeModeRule] INFO  safemode.SCMSafeModeManager (DataNodeSafeModeRule.java:process(71)) - SCM in safe mode. 1 DataNodes registered, 1 required.
2019-10-14 11:32:25,888 [EventQueue-NodeRegistrationContainerReportForDataNodeSafeModeRule] INFO  safemode.SCMSafeModeManager (SCMSafeModeManager.java:validateSafeModeExitRules(177)) - ScmSafeModeManager, all rules are successfully validated
2019-10-14 11:32:25,888 [EventQueue-NodeRegistrationContainerReportForDataNodeSafeModeRule] INFO  safemode.SCMSafeModeManager (SCMSafeModeManager.java:exitSafeMode(193)) - SCM exiting safe mode.
2019-10-14 11:32:25,898 [grpc-default-executor-6] INFO  impl.RaftServerProxy (RaftServerProxy.java:addNew(89)) - b0dcf559-b940-4ebf-a0c2-bcecb035ae36: addNew group-D58A83B87F1D:[b0dcf559-b940-4ebf-a0c2-bcecb035ae36:192.168.157.207:33021] returns group-D58A83B87F1D:java.util.concurrent.CompletableFuture@f4faccd[Not completed]
2019-10-14 11:32:25,899 [pool-383-thread-1] INFO  impl.RaftServerImpl (RaftServerImpl.java:<init>(95)) - b0dcf559-b940-4ebf-a0c2-bcecb035ae36: new RaftServerImpl for group-D58A83B87F1D:[b0dcf559-b940-4ebf-a0c2-bcecb035ae36:192.168.157.207:33021] with ContainerStateMachine:uninitialized
2019-10-14 11:32:25,900 [pool-383-thread-1] INFO  server.RaftServerConfigKeys (ConfUtils.java:logGet(43)) - raft.server.rpc.timeout.min = 5s (custom)
2019-10-14 11:32:25,900 [pool-383-thread-1] INFO  server.RaftServerConfigKeys (ConfUtils.java:logGet(43)) - raft.server.rpc.timeout.max = 5200ms (custom)
2019-10-14 11:32:25,900 [pool-383-thread-1] INFO  server.RaftServerConfigKeys (ConfUtils.java:logGet(43)) - raft.server.rpcslowness.timeout = 120s (custom)
2019-10-14 11:32:25,900 [pool-383-thread-1] INFO  server.RaftServerConfigKeys (ConfUtils.java:logGet(43)) - raft.server.sleep.deviation.threshold = 300 (default)
2019-10-14 11:32:25,900 [pool-383-thread-1] INFO  server.RaftServerConfigKeys (ConfUtils.java:logGet(43)) - raft.server.log.appender.install.snapshot.enabled = false (custom)
2019-10-14 11:32:25,900 [pool-383-thread-1] INFO  impl.RaftServerImpl (ServerState.java:<init>(103)) - b0dcf559-b940-4ebf-a0c2-bcecb035ae36@group-D58A83B87F1D: ConfigurationManager, init=-1: [b0dcf559-b940-4ebf-a0c2-bcecb035ae36:192.168.157.207:33021], old=null, confs=<EMPTY_MAP>
2019-10-14 11:32:25,900 [pool-383-thread-1] INFO  server.RaftServerConfigKeys (ConfUtils.java:logGet(43)) - raft.server.storage.dir = [/workdir/hadoop-ozone/integration-test/target/test-dir/MiniOzoneClusterImpl-95aba73e-a2ce-4cb2-acaf-01244b70b3f2/datanode-0/data/ratis] (custom)
2019-10-14 11:32:25,901 [pool-383-thread-1] INFO  server.RaftServerConfigKeys (ConfUtils.java:logGet(43)) - raft.server.log.corruption.policy = EXCEPTION (default)
2019-10-14 11:32:25,901 [pool-383-thread-1] INFO  storage.RaftStorageDirectory (RaftStorageDirectory.java:analyzeStorage(246)) - The storage directory /workdir/hadoop-ozone/integration-test/target/test-dir/MiniOzoneClusterImpl-95aba73e-a2ce-4cb2-acaf-01244b70b3f2/datanode-0/data/ratis/2124983c-68f5-47fc-afb6-d58a83b87f1d does not exist. Creating ...
2019-10-14 11:32:25,915 [pool-383-thread-1] INFO  storage.RaftStorageDirectory (RaftStorageDirectory.java:tryLock(328)) - Lock on /workdir/hadoop-ozone/integration-test/target/test-dir/MiniOzoneClusterImpl-95aba73e-a2ce-4cb2-acaf-01244b70b3f2/datanode-0/data/ratis/2124983c-68f5-47fc-afb6-d58a83b87f1d/in_use.lock acquired by nodename 26295@pr-hdds-2196-wn72n-1164029319
2019-10-14 11:32:25,928 [pool-383-thread-1] INFO  storage.RaftStorage (RaftStorage.java:format(84)) - Storage directory /workdir/hadoop-ozone/integration-test/target/test-dir/MiniOzoneClusterImpl-95aba73e-a2ce-4cb2-acaf-01244b70b3f2/datanode-0/data/ratis/2124983c-68f5-47fc-afb6-d58a83b87f1d has been successfully formatted.
2019-10-14 11:32:25,929 [pool-383-thread-1] INFO  ratis.ContainerStateMachine (ContainerStateMachine.java:loadSnapshot(231)) - group-D58A83B87F1D: The snapshot info is null. Setting the last applied indexto:(t:0, i:~)
2019-10-14 11:32:25,929 [pool-383-thread-1] INFO  server.RaftServerConfigKeys (ConfUtils.java:logGet(43)) - raft.server.notification.no-leader.timeout = 120s (custom)
2019-10-14 11:32:25,929 [pool-383-thread-1] INFO  server.RaftServerConfigKeys (ConfUtils.java:logGet(43)) - raft.server.log.use.memory = false (default)
2019-10-14 11:32:25,929 [pool-383-thread-1] INFO  server.RaftServerConfigKeys (ConfUtils.java:logGet(43)) - raft.server.log.purge.gap = 1000000 (custom)
2019-10-14 11:32:25,929 [pool-383-thread-1] INFO  server.RaftServerConfigKeys (ConfUtils.java:logGet(43)) - raft.server.log.appender.buffer.byte-limit = 33554432 (custom)
2019-10-14 11:32:25,929 [pool-383-thread-1] INFO  server.RaftServerConfigKeys (ConfUtils.java:logGet(43)) - raft.server.log.segment.size.max = 1048576 (custom)
2019-10-14 11:32:25,932 [pool-383-thread-1] INFO  server.RaftServerConfigKeys (ConfUtils.java:logGet(43)) - raft.server.log.segment.cache.num.max = 2 (custom)
2019-10-14 11:32:25,932 [pool-383-thread-1] INFO  segmented.SegmentedRaftLogWorker (SegmentedRaftLogWorker.java:<init>(173)) - new b0dcf559-b940-4ebf-a0c2-bcecb035ae36@group-D58A83B87F1D-SegmentedRaftLogWorker for RaftStorage:Storage Directory /workdir/hadoop-ozone/integration-test/target/test-dir/MiniOzoneClusterImpl-95aba73e-a2ce-4cb2-acaf-01244b70b3f2/datanode-0/data/ratis/2124983c-68f5-47fc-afb6-d58a83b87f1d
2019-10-14 11:32:25,933 [pool-383-thread-1] INFO  server.RaftServerConfigKeys (ConfUtils.java:logGet(43)) - raft.server.log.queue.byte-limit = 2147483647 (custom)
2019-10-14 11:32:25,933 [pool-383-thread-1] INFO  server.RaftServerConfigKeys (ConfUtils.java:logGet(43)) - raft.server.log.queue.element-limit = 1024 (custom)
2019-10-14 11:32:25,933 [pool-383-thread-1] INFO  server.RaftServerConfigKeys (ConfUtils.java:logGet(43)) - raft.server.log.segment.size.max = 1048576 (custom)
2019-10-14 11:32:25,933 [pool-383-thread-1] INFO  server.RaftServerConfigKeys (ConfUtils.java:logGet(43)) - raft.server.log.preallocated.size = 16384 (custom)
2019-10-14 11:32:25,933 [pool-383-thread-1] INFO  server.RaftServerConfigKeys (ConfUtils.java:logGet(43)) - raft.server.log.write.buffer.size = 33554432 (custom)
2019-10-14 11:32:25,933 [pool-383-thread-1] INFO  server.RaftServerConfigKeys (ConfUtils.java:logGet(43)) - raft.server.log.force.sync.num = 128 (default)
2019-10-14 11:32:25,933 [pool-383-thread-1] INFO  server.RaftServerConfigKeys (ConfUtils.java:logGet(43)) - raft.server.log.statemachine.data.sync = true (default)
2019-10-14 11:32:25,933 [pool-383-thread-1] INFO  server.RaftServerConfigKeys (ConfUtils.java:logGet(43)) - raft.server.log.statemachine.data.sync.timeout = 10s (default)
2019-10-14 11:32:25,933 [pool-383-thread-1] INFO  server.RaftServerConfigKeys (ConfUtils.java:logGet(43)) - raft.server.log.statemachine.data.sync.timeout.retry = -1 (default)
2019-10-14 11:32:25,934 [pool-383-thread-1] INFO  server.RaftServerConfigKeys (ConfUtils.java:logGet(43)) - raft.server.log.statemachine.data.caching.enabled = true (custom)
2019-10-14 11:32:25,934 [pool-383-thread-1] INFO  segmented.SegmentedRaftLogWorker (SegmentedRaftLogWorker.java:lambda$new$0(128)) - b0dcf559-b940-4ebf-a0c2-bcecb035ae36@group-D58A83B87F1D-SegmentedRaftLogWorker: flushIndex: setUnconditionally 0 -> -1
2019-10-14 11:32:25,934 [pool-383-thread-1] INFO  server.RaftServerConfigKeys (ConfUtils.java:logGet(43)) - raft.server.snapshot.auto.trigger.enabled = true (custom)
2019-10-14 11:32:25,934 [pool-383-thread-1] INFO  server.RaftServerConfigKeys (ConfUtils.java:logGet(43)) - raft.server.snapshot.auto.trigger.threshold = 10000 (custom)
2019-10-14 11:32:25,935 [pool-383-thread-1] INFO  server.RaftServerConfigKeys (ConfUtils.java:logGet(43)) - raft.server.snapshot.retention.file.num = 5 (custom)
2019-10-14 11:32:25,935 [pool-383-thread-1] INFO  server.RaftServerConfigKeys (ConfUtils.java:logGet(43)) - raft.server.retrycache.expirytime = 600000ms (custom)
2019-10-14 11:32:25,936 [pool-383-thread-1] INFO  impl.RaftServerImpl (RaftServerImpl.java:start(181)) - b0dcf559-b940-4ebf-a0c2-bcecb035ae36@group-D58A83B87F1D: start as a follower, conf=-1: [b0dcf559-b940-4ebf-a0c2-bcecb035ae36:192.168.157.207:33021], old=null
2019-10-14 11:32:25,936 [pool-383-thread-1] INFO  impl.RaftServerImpl (RaftServerImpl.java:setRole(170)) - b0dcf559-b940-4ebf-a0c2-bcecb035ae36@group-D58A83B87F1D: changes role from      null to FOLLOWER at term 0 for startAsFollower
2019-10-14 11:32:25,936 [pool-383-thread-1] INFO  impl.RoleInfo (RoleInfo.java:updateAndGet(143)) - b0dcf559-b940-4ebf-a0c2-bcecb035ae36: start FollowerState
2019-10-14 11:32:25,936 [pool-383-thread-1] INFO  util.JmxRegister (JmxRegister.java:tryRegister(44)) - Successfully registered JMX Bean with object name Ratis:service=RaftServer,group=group-D58A83B87F1D,id=b0dcf559-b940-4ebf-a0c2-bcecb035ae36
2019-10-14 11:32:25,940 [RatisPipelineUtilsThread] INFO  pipeline.PipelineStateManager (PipelineStateManager.java:addPipeline(56)) - Created pipeline Pipeline[ Id: 2124983c-68f5-47fc-afb6-d58a83b87f1d, Nodes: b0dcf559-b940-4ebf-a0c2-bcecb035ae36{ip: 192.168.157.207, host: pr-hdds-2196-wn72n-1164029319, networkLocation: /default-rack, certSerialId: null}, Type:RATIS, Factor:ONE, State:OPEN]
2019-10-14 11:32:25,956 [IPC Server handler 1 on 43263] INFO  net.NetworkTopology (NetworkTopologyImpl.java:add(111)) - Added a new node: /default-rack/73fe8d94-c0de-4eed-aabf-ff16f2610fde
2019-10-14 11:32:25,956 [IPC Server handler 1 on 43263] INFO  node.SCMNodeManager (SCMNodeManager.java:register(313)) - Registered Data node : 73fe8d94-c0de-4eed-aabf-ff16f2610fde{ip: 192.168.157.207, host: pr-hdds-2196-wn72n-1164029319, networkLocation: /default-rack, certSerialId: null}
2019-10-14 11:32:25,963 [grpc-default-executor-6] INFO  impl.RaftServerProxy (RaftServerProxy.java:addNew(89)) - 73fe8d94-c0de-4eed-aabf-ff16f2610fde: addNew group-6A0F450C4305:[73fe8d94-c0de-4eed-aabf-ff16f2610fde:192.168.157.207:44357] returns group-6A0F450C4305:java.util.concurrent.CompletableFuture@133d15b5[Not completed]
2019-10-14 11:32:25,964 [pool-393-thread-1] INFO  impl.RaftServerImpl (RaftServerImpl.java:<init>(95)) - 73fe8d94-c0de-4eed-aabf-ff16f2610fde: new RaftServerImpl for group-6A0F450C4305:[73fe8d94-c0de-4eed-aabf-ff16f2610fde:192.168.157.207:44357] with ContainerStateMachine:uninitialized
2019-10-14 11:32:25,964 [pool-393-thread-1] INFO  server.RaftServerConfigKeys (ConfUtils.java:logGet(43)) - raft.server.rpc.timeout.min = 5s (custom)
2019-10-14 11:32:25,964 [pool-393-thread-1] INFO  server.RaftServerConfigKeys (ConfUtils.java:logGet(43)) - raft.server.rpc.timeout.max = 5200ms (custom)
2019-10-14 11:32:25,964 [pool-393-thread-1] INFO  server.RaftServerConfigKeys (ConfUtils.java:logGet(43)) - raft.server.rpcslowness.timeout = 120s (custom)
2019-10-14 11:32:25,965 [pool-393-thread-1] INFO  server.RaftServerConfigKeys (ConfUtils.java:logGet(43)) - raft.server.sleep.deviation.threshold = 300 (default)
2019-10-14 11:32:25,965 [pool-393-thread-1] INFO  server.RaftServerConfigKeys (ConfUtils.java:logGet(43)) - raft.server.log.appender.install.snapshot.enabled = false (custom)
2019-10-14 11:32:25,965 [pool-393-thread-1] INFO  impl.RaftServerImpl (ServerState.java:<init>(103)) - 73fe8d94-c0de-4eed-aabf-ff16f2610fde@group-6A0F450C4305: ConfigurationManager, init=-1: [73fe8d94-c0de-4eed-aabf-ff16f2610fde:192.168.157.207:44357], old=null, confs=<EMPTY_MAP>
2019-10-14 11:32:25,965 [pool-393-thread-1] INFO  server.RaftServerConfigKeys (ConfUtils.java:logGet(43)) - raft.server.storage.dir = [/workdir/hadoop-ozone/integration-test/target/test-dir/MiniOzoneClusterImpl-95aba73e-a2ce-4cb2-acaf-01244b70b3f2/datanode-1/data/ratis] (custom)
2019-10-14 11:32:25,965 [pool-393-thread-1] INFO  server.RaftServerConfigKeys (ConfUtils.java:logGet(43)) - raft.server.log.corruption.policy = EXCEPTION (default)
2019-10-14 11:32:25,965 [pool-393-thread-1] INFO  storage.RaftStorageDirectory (RaftStorageDirectory.java:analyzeStorage(246)) - The storage directory /workdir/hadoop-ozone/integration-test/target/test-dir/MiniOzoneClusterImpl-95aba73e-a2ce-4cb2-acaf-01244b70b3f2/datanode-1/data/ratis/13361c65-b907-4e6b-a5e1-6a0f450c4305 does not exist. Creating ...
2019-10-14 11:32:25,978 [pool-393-thread-1] INFO  storage.RaftStorageDirectory (RaftStorageDirectory.java:tryLock(328)) - Lock on /workdir/hadoop-ozone/integration-test/target/test-dir/MiniOzoneClusterImpl-95aba73e-a2ce-4cb2-acaf-01244b70b3f2/datanode-1/data/ratis/13361c65-b907-4e6b-a5e1-6a0f450c4305/in_use.lock acquired by nodename 26295@pr-hdds-2196-wn72n-1164029319
2019-10-14 11:32:25,991 [pool-393-thread-1] INFO  storage.RaftStorage (RaftStorage.java:format(84)) - Storage directory /workdir/hadoop-ozone/integration-test/target/test-dir/MiniOzoneClusterImpl-95aba73e-a2ce-4cb2-acaf-01244b70b3f2/datanode-1/data/ratis/13361c65-b907-4e6b-a5e1-6a0f450c4305 has been successfully formatted.
2019-10-14 11:32:25,991 [pool-393-thread-1] INFO  ratis.ContainerStateMachine (ContainerStateMachine.java:loadSnapshot(231)) - group-6A0F450C4305: The snapshot info is null. Setting the last applied indexto:(t:0, i:~)
2019-10-14 11:32:25,991 [pool-393-thread-1] INFO  server.RaftServerConfigKeys (ConfUtils.java:logGet(43)) - raft.server.notification.no-leader.timeout = 120s (custom)
2019-10-14 11:32:25,991 [pool-393-thread-1] INFO  server.RaftServerConfigKeys (ConfUtils.java:logGet(43)) - raft.server.log.use.memory = false (default)
2019-10-14 11:32:25,991 [pool-393-thread-1] INFO  server.RaftServerConfigKeys (ConfUtils.java:logGet(43)) - raft.server.log.purge.gap = 1000000 (custom)
2019-10-14 11:32:25,991 [pool-393-thread-1] INFO  server.RaftServerConfigKeys (ConfUtils.java:logGet(43)) - raft.server.log.appender.buffer.byte-limit = 33554432 (custom)
2019-10-14 11:32:25,991 [pool-393-thread-1] INFO  server.RaftServerConfigKeys (ConfUtils.java:logGet(43)) - raft.server.log.segment.size.max = 1048576 (custom)
2019-10-14 11:32:25,992 [pool-393-thread-1] INFO  server.RaftServerConfigKeys (ConfUtils.java:logGet(43)) - raft.server.log.segment.cache.num.max = 2 (custom)
2019-10-14 11:32:25,993 [pool-393-thread-1] INFO  segmented.SegmentedRaftLogWorker (SegmentedRaftLogWorker.java:<init>(173)) - new 73fe8d94-c0de-4eed-aabf-ff16f2610fde@group-6A0F450C4305-SegmentedRaftLogWorker for RaftStorage:Storage Directory /workdir/hadoop-ozone/integration-test/target/test-dir/MiniOzoneClusterImpl-95aba73e-a2ce-4cb2-acaf-01244b70b3f2/datanode-1/data/ratis/13361c65-b907-4e6b-a5e1-6a0f450c4305
2019-10-14 11:32:25,993 [pool-393-thread-1] INFO  server.RaftServerConfigKeys (ConfUtils.java:logGet(43)) - raft.server.log.queue.byte-limit = 2147483647 (custom)
2019-10-14 11:32:25,993 [pool-393-thread-1] INFO  server.RaftServerConfigKeys (ConfUtils.java:logGet(43)) - raft.server.log.queue.element-limit = 1024 (custom)
2019-10-14 11:32:25,993 [pool-393-thread-1] INFO  server.RaftServerConfigKeys (ConfUtils.java:logGet(43)) - raft.server.log.segment.size.max = 1048576 (custom)
2019-10-14 11:32:25,993 [pool-393-thread-1] INFO  server.RaftServerConfigKeys (ConfUtils.java:logGet(43)) - raft.server.log.preallocated.size = 16384 (custom)
2019-10-14 11:32:25,993 [pool-393-thread-1] INFO  server.RaftServerConfigKeys (ConfUtils.java:logGet(43)) - raft.server.log.write.buffer.size = 33554432 (custom)
2019-10-14 11:32:25,993 [pool-393-thread-1] INFO  server.RaftServerConfigKeys (ConfUtils.java:logGet(43)) - raft.server.log.force.sync.num = 128 (default)
2019-10-14 11:32:25,993 [pool-393-thread-1] INFO  server.RaftServerConfigKeys (ConfUtils.java:logGet(43)) - raft.server.log.statemachine.data.sync = true (default)
2019-10-14 11:32:25,993 [pool-393-thread-1] INFO  server.RaftServerConfigKeys (ConfUtils.java:logGet(43)) - raft.server.log.statemachine.data.sync.timeout = 10s (default)
2019-10-14 11:32:25,993 [pool-393-thread-1] INFO  server.RaftServerConfigKeys (ConfUtils.java:logGet(43)) - raft.server.log.statemachine.data.sync.timeout.retry = -1 (default)
2019-10-14 11:32:25,994 [pool-393-thread-1] INFO  server.RaftServerConfigKeys (ConfUtils.java:logGet(43)) - raft.server.log.statemachine.data.caching.enabled = true (custom)
2019-10-14 11:32:25,994 [pool-393-thread-1] INFO  segmented.SegmentedRaftLogWorker (SegmentedRaftLogWorker.java:lambda$new$0(128)) - 73fe8d94-c0de-4eed-aabf-ff16f2610fde@group-6A0F450C4305-SegmentedRaftLogWorker: flushIndex: setUnconditionally 0 -> -1
2019-10-14 11:32:25,994 [pool-393-thread-1] INFO  server.RaftServerConfigKeys (ConfUtils.java:logGet(43)) - raft.server.snapshot.auto.trigger.enabled = true (custom)
2019-10-14 11:32:25,994 [pool-393-thread-1] INFO  server.RaftServerConfigKeys (ConfUtils.java:logGet(43)) - raft.server.snapshot.auto.trigger.threshold = 10000 (custom)
2019-10-14 11:32:25,994 [pool-393-thread-1] INFO  server.RaftServerConfigKeys (ConfUtils.java:logGet(43)) - raft.server.snapshot.retention.file.num = 5 (custom)
2019-10-14 11:32:25,994 [pool-393-thread-1] INFO  server.RaftServerConfigKeys (ConfUtils.java:logGet(43)) - raft.server.retrycache.expirytime = 600000ms (custom)
2019-10-14 11:32:25,995 [pool-393-thread-1] INFO  impl.RaftServerImpl (RaftServerImpl.java:start(181)) - 73fe8d94-c0de-4eed-aabf-ff16f2610fde@group-6A0F450C4305: start as a follower, conf=-1: [73fe8d94-c0de-4eed-aabf-ff16f2610fde:192.168.157.207:44357], old=null
2019-10-14 11:32:25,996 [pool-393-thread-1] INFO  impl.RaftServerImpl (RaftServerImpl.java:setRole(170)) - 73fe8d94-c0de-4eed-aabf-ff16f2610fde@group-6A0F450C4305: changes role from      null to FOLLOWER at term 0 for startAsFollower
2019-10-14 11:32:25,996 [pool-393-thread-1] INFO  impl.RoleInfo (RoleInfo.java:updateAndGet(143)) - 73fe8d94-c0de-4eed-aabf-ff16f2610fde: start FollowerState
2019-10-14 11:32:25,996 [pool-393-thread-1] INFO  util.JmxRegister (JmxRegister.java:tryRegister(44)) - Successfully registered JMX Bean with object name Ratis:service=RaftServer,group=group-6A0F450C4305,id=73fe8d94-c0de-4eed-aabf-ff16f2610fde
2019-10-14 11:32:26,000 [RatisPipelineUtilsThread] INFO  pipeline.PipelineStateManager (PipelineStateManager.java:addPipeline(56)) - Created pipeline Pipeline[ Id: 13361c65-b907-4e6b-a5e1-6a0f450c4305, Nodes: 73fe8d94-c0de-4eed-aabf-ff16f2610fde{ip: 192.168.157.207, host: pr-hdds-2196-wn72n-1164029319, networkLocation: /default-rack, certSerialId: null}, Type:RATIS, Factor:ONE, State:OPEN]
2019-10-14 11:32:26,020 [IPC Server handler 2 on 43263] INFO  net.NetworkTopology (NetworkTopologyImpl.java:add(111)) - Added a new node: /default-rack/462cc878-52e4-4fe3-b7f7-a02da95ab560
2019-10-14 11:32:26,020 [IPC Server handler 2 on 43263] INFO  node.SCMNodeManager (SCMNodeManager.java:register(313)) - Registered Data node : 462cc878-52e4-4fe3-b7f7-a02da95ab560{ip: 192.168.157.207, host: pr-hdds-2196-wn72n-1164029319, networkLocation: /default-rack, certSerialId: null}
2019-10-14 11:32:26,027 [grpc-default-executor-6] INFO  impl.RaftServerProxy (RaftServerProxy.java:addNew(89)) - 462cc878-52e4-4fe3-b7f7-a02da95ab560: addNew group-8359CCB18A58:[462cc878-52e4-4fe3-b7f7-a02da95ab560:192.168.157.207:35449] returns group-8359CCB18A58:java.util.concurrent.CompletableFuture@6c184aaa[Not completed]
2019-10-14 11:32:26,029 [pool-403-thread-1] INFO  impl.RaftServerImpl (RaftServerImpl.java:<init>(95)) - 462cc878-52e4-4fe3-b7f7-a02da95ab560: new RaftServerImpl for group-8359CCB18A58:[462cc878-52e4-4fe3-b7f7-a02da95ab560:192.168.157.207:35449] with ContainerStateMachine:uninitialized
2019-10-14 11:32:26,029 [pool-403-thread-1] INFO  server.RaftServerConfigKeys (ConfUtils.java:logGet(43)) - raft.server.rpc.timeout.min = 5s (custom)
2019-10-14 11:32:26,029 [pool-403-thread-1] INFO  server.RaftServerConfigKeys (ConfUtils.java:logGet(43)) - raft.server.rpc.timeout.max = 5200ms (custom)
2019-10-14 11:32:26,029 [pool-403-thread-1] INFO  server.RaftServerConfigKeys (ConfUtils.java:logGet(43)) - raft.server.rpcslowness.timeout = 120s (custom)
2019-10-14 11:32:26,029 [pool-403-thread-1] INFO  server.RaftServerConfigKeys (ConfUtils.java:logGet(43)) - raft.server.sleep.deviation.threshold = 300 (default)
2019-10-14 11:32:26,030 [pool-403-thread-1] INFO  server.RaftServerConfigKeys (ConfUtils.java:logGet(43)) - raft.server.log.appender.install.snapshot.enabled = false (custom)
2019-10-14 11:32:26,030 [pool-403-thread-1] INFO  impl.RaftServerImpl (ServerState.java:<init>(103)) - 462cc878-52e4-4fe3-b7f7-a02da95ab560@group-8359CCB18A58: ConfigurationManager, init=-1: [462cc878-52e4-4fe3-b7f7-a02da95ab560:192.168.157.207:35449], old=null, confs=<EMPTY_MAP>
2019-10-14 11:32:26,030 [pool-403-thread-1] INFO  server.RaftServerConfigKeys (ConfUtils.java:logGet(43)) - raft.server.storage.dir = [/workdir/hadoop-ozone/integration-test/target/test-dir/MiniOzoneClusterImpl-95aba73e-a2ce-4cb2-acaf-01244b70b3f2/datanode-2/data/ratis] (custom)
2019-10-14 11:32:26,030 [pool-403-thread-1] INFO  server.RaftServerConfigKeys (ConfUtils.java:logGet(43)) - raft.server.log.corruption.policy = EXCEPTION (default)
2019-10-14 11:32:26,031 [pool-403-thread-1] INFO  storage.RaftStorageDirectory (RaftStorageDirectory.java:analyzeStorage(246)) - The storage directory /workdir/hadoop-ozone/integration-test/target/test-dir/MiniOzoneClusterImpl-95aba73e-a2ce-4cb2-acaf-01244b70b3f2/datanode-2/data/ratis/e3cbea0e-83aa-48c2-9d76-8359ccb18a58 does not exist. Creating ...
2019-10-14 11:32:26,043 [pool-403-thread-1] INFO  storage.RaftStorageDirectory (RaftStorageDirectory.java:tryLock(328)) - Lock on /workdir/hadoop-ozone/integration-test/target/test-dir/MiniOzoneClusterImpl-95aba73e-a2ce-4cb2-acaf-01244b70b3f2/datanode-2/data/ratis/e3cbea0e-83aa-48c2-9d76-8359ccb18a58/in_use.lock acquired by nodename 26295@pr-hdds-2196-wn72n-1164029319
2019-10-14 11:32:26,056 [pool-403-thread-1] INFO  storage.RaftStorage (RaftStorage.java:format(84)) - Storage directory /workdir/hadoop-ozone/integration-test/target/test-dir/MiniOzoneClusterImpl-95aba73e-a2ce-4cb2-acaf-01244b70b3f2/datanode-2/data/ratis/e3cbea0e-83aa-48c2-9d76-8359ccb18a58 has been successfully formatted.
2019-10-14 11:32:26,057 [pool-403-thread-1] INFO  ratis.ContainerStateMachine (ContainerStateMachine.java:loadSnapshot(231)) - group-8359CCB18A58: The snapshot info is null. Setting the last applied indexto:(t:0, i:~)
2019-10-14 11:32:26,057 [pool-403-thread-1] INFO  server.RaftServerConfigKeys (ConfUtils.java:logGet(43)) - raft.server.notification.no-leader.timeout = 120s (custom)
2019-10-14 11:32:26,057 [pool-403-thread-1] INFO  server.RaftServerConfigKeys (ConfUtils.java:logGet(43)) - raft.server.log.use.memory = false (default)
2019-10-14 11:32:26,057 [pool-403-thread-1] INFO  server.RaftServerConfigKeys (ConfUtils.java:logGet(43)) - raft.server.log.purge.gap = 1000000 (custom)
2019-10-14 11:32:26,057 [pool-403-thread-1] INFO  server.RaftServerConfigKeys (ConfUtils.java:logGet(43)) - raft.server.log.appender.buffer.byte-limit = 33554432 (custom)
2019-10-14 11:32:26,057 [pool-403-thread-1] INFO  server.RaftServerConfigKeys (ConfUtils.java:logGet(43)) - raft.server.log.segment.size.max = 1048576 (custom)
2019-10-14 11:32:26,059 [pool-403-thread-1] INFO  server.RaftServerConfigKeys (ConfUtils.java:logGet(43)) - raft.server.log.segment.cache.num.max = 2 (custom)
2019-10-14 11:32:26,060 [pool-403-thread-1] INFO  segmented.SegmentedRaftLogWorker (SegmentedRaftLogWorker.java:<init>(173)) - new 462cc878-52e4-4fe3-b7f7-a02da95ab560@group-8359CCB18A58-SegmentedRaftLogWorker for RaftStorage:Storage Directory /workdir/hadoop-ozone/integration-test/target/test-dir/MiniOzoneClusterImpl-95aba73e-a2ce-4cb2-acaf-01244b70b3f2/datanode-2/data/ratis/e3cbea0e-83aa-48c2-9d76-8359ccb18a58
2019-10-14 11:32:26,060 [pool-403-thread-1] INFO  server.RaftServerConfigKeys (ConfUtils.java:logGet(43)) - raft.server.log.queue.byte-limit = 2147483647 (custom)
2019-10-14 11:32:26,060 [pool-403-thread-1] INFO  server.RaftServerConfigKeys (ConfUtils.java:logGet(43)) - raft.server.log.queue.element-limit = 1024 (custom)
2019-10-14 11:32:26,060 [pool-403-thread-1] INFO  server.RaftServerConfigKeys (ConfUtils.java:logGet(43)) - raft.server.log.segment.size.max = 1048576 (custom)
2019-10-14 11:32:26,060 [pool-403-thread-1] INFO  server.RaftServerConfigKeys (ConfUtils.java:logGet(43)) - raft.server.log.preallocated.size = 16384 (custom)
2019-10-14 11:32:26,060 [pool-403-thread-1] INFO  server.RaftServerConfigKeys (ConfUtils.java:logGet(43)) - raft.server.log.write.buffer.size = 33554432 (custom)
2019-10-14 11:32:26,060 [pool-403-thread-1] INFO  server.RaftServerConfigKeys (ConfUtils.java:logGet(43)) - raft.server.log.force.sync.num = 128 (default)
2019-10-14 11:32:26,061 [pool-403-thread-1] INFO  server.RaftServerConfigKeys (ConfUtils.java:logGet(43)) - raft.server.log.statemachine.data.sync = true (default)
2019-10-14 11:32:26,061 [pool-403-thread-1] INFO  server.RaftServerConfigKeys (ConfUtils.java:logGet(43)) - raft.server.log.statemachine.data.sync.timeout = 10s (default)
2019-10-14 11:32:26,061 [pool-403-thread-1] INFO  server.RaftServerConfigKeys (ConfUtils.java:logGet(43)) - raft.server.log.statemachine.data.sync.timeout.retry = -1 (default)
2019-10-14 11:32:26,061 [pool-403-thread-1] INFO  server.RaftServerConfigKeys (ConfUtils.java:logGet(43)) - raft.server.log.statemachine.data.caching.enabled = true (custom)
2019-10-14 11:32:26,062 [pool-403-thread-1] INFO  segmented.SegmentedRaftLogWorker (SegmentedRaftLogWorker.java:lambda$new$0(128)) - 462cc878-52e4-4fe3-b7f7-a02da95ab560@group-8359CCB18A58-SegmentedRaftLogWorker: flushIndex: setUnconditionally 0 -> -1
2019-10-14 11:32:26,062 [pool-403-thread-1] INFO  server.RaftServerConfigKeys (ConfUtils.java:logGet(43)) - raft.server.snapshot.auto.trigger.enabled = true (custom)
2019-10-14 11:32:26,062 [pool-403-thread-1] INFO  server.RaftServerConfigKeys (ConfUtils.java:logGet(43)) - raft.server.snapshot.auto.trigger.threshold = 10000 (custom)
2019-10-14 11:32:26,062 [pool-403-thread-1] INFO  server.RaftServerConfigKeys (ConfUtils.java:logGet(43)) - raft.server.snapshot.retention.file.num = 5 (custom)
2019-10-14 11:32:26,063 [pool-403-thread-1] INFO  server.RaftServerConfigKeys (ConfUtils.java:logGet(43)) - raft.server.retrycache.expirytime = 600000ms (custom)
2019-10-14 11:32:26,064 [pool-403-thread-1] INFO  impl.RaftServerImpl (RaftServerImpl.java:start(181)) - 462cc878-52e4-4fe3-b7f7-a02da95ab560@group-8359CCB18A58: start as a follower, conf=-1: [462cc878-52e4-4fe3-b7f7-a02da95ab560:192.168.157.207:35449], old=null
2019-10-14 11:32:26,064 [pool-403-thread-1] INFO  impl.RaftServerImpl (RaftServerImpl.java:setRole(170)) - 462cc878-52e4-4fe3-b7f7-a02da95ab560@group-8359CCB18A58: changes role from      null to FOLLOWER at term 0 for startAsFollower
2019-10-14 11:32:26,064 [pool-403-thread-1] INFO  impl.RoleInfo (RoleInfo.java:updateAndGet(143)) - 462cc878-52e4-4fe3-b7f7-a02da95ab560: start FollowerState
2019-10-14 11:32:26,065 [pool-403-thread-1] INFO  util.JmxRegister (JmxRegister.java:tryRegister(44)) - Successfully registered JMX Bean with object name Ratis:service=RaftServer,group=group-8359CCB18A58,id=462cc878-52e4-4fe3-b7f7-a02da95ab560
2019-10-14 11:32:26,069 [RatisPipelineUtilsThread] INFO  pipeline.PipelineStateManager (PipelineStateManager.java:addPipeline(56)) - Created pipeline Pipeline[ Id: e3cbea0e-83aa-48c2-9d76-8359ccb18a58, Nodes: 462cc878-52e4-4fe3-b7f7-a02da95ab560{ip: 192.168.157.207, host: pr-hdds-2196-wn72n-1164029319, networkLocation: /default-rack, certSerialId: null}, Type:RATIS, Factor:ONE, State:OPEN]
2019-10-14 11:32:26,086 [IPC Server handler 7 on 43263] INFO  net.NetworkTopology (NetworkTopologyImpl.java:add(111)) - Added a new node: /default-rack/66f555dd-9c74-4857-b62c-0d97b88edda2
2019-10-14 11:32:26,086 [IPC Server handler 7 on 43263] INFO  node.SCMNodeManager (SCMNodeManager.java:register(313)) - Registered Data node : 66f555dd-9c74-4857-b62c-0d97b88edda2{ip: 192.168.157.207, host: pr-hdds-2196-wn72n-1164029319, networkLocation: /default-rack, certSerialId: null}
2019-10-14 11:32:26,086 [grpc-default-executor-7] INFO  impl.RaftServerProxy (RaftServerProxy.java:addNew(89)) - b0dcf559-b940-4ebf-a0c2-bcecb035ae36: addNew group-A23B89D701A5:[b0dcf559-b940-4ebf-a0c2-bcecb035ae36:192.168.157.207:33021, 462cc878-52e4-4fe3-b7f7-a02da95ab560:192.168.157.207:35449, 73fe8d94-c0de-4eed-aabf-ff16f2610fde:192.168.157.207:44357] returns group-A23B89D701A5:java.util.concurrent.CompletableFuture@387e26d0[Not completed]
2019-10-14 11:32:26,086 [grpc-default-executor-0] INFO  impl.RaftServerProxy (RaftServerProxy.java:addNew(89)) - 73fe8d94-c0de-4eed-aabf-ff16f2610fde: addNew group-A23B89D701A5:[b0dcf559-b940-4ebf-a0c2-bcecb035ae36:192.168.157.207:33021, 462cc878-52e4-4fe3-b7f7-a02da95ab560:192.168.157.207:35449, 73fe8d94-c0de-4eed-aabf-ff16f2610fde:192.168.157.207:44357] returns group-A23B89D701A5:java.util.concurrent.CompletableFuture@2968aad8[Not completed]
2019-10-14 11:32:26,087 [grpc-default-executor-0] INFO  impl.RaftServerProxy (RaftServerProxy.java:addNew(89)) - 462cc878-52e4-4fe3-b7f7-a02da95ab560: addNew group-A23B89D701A5:[b0dcf559-b940-4ebf-a0c2-bcecb035ae36:192.168.157.207:33021, 462cc878-52e4-4fe3-b7f7-a02da95ab560:192.168.157.207:35449, 73fe8d94-c0de-4eed-aabf-ff16f2610fde:192.168.157.207:44357] returns group-A23B89D701A5:java.util.concurrent.CompletableFuture@2b9fccb5[Not completed]
2019-10-14 11:32:26,087 [pool-383-thread-1] INFO  impl.RaftServerImpl (RaftServerImpl.java:<init>(95)) - b0dcf559-b940-4ebf-a0c2-bcecb035ae36: new RaftServerImpl for group-A23B89D701A5:[b0dcf559-b940-4ebf-a0c2-bcecb035ae36:192.168.157.207:33021, 462cc878-52e4-4fe3-b7f7-a02da95ab560:192.168.157.207:35449, 73fe8d94-c0de-4eed-aabf-ff16f2610fde:192.168.157.207:44357] with ContainerStateMachine:uninitialized
2019-10-14 11:32:26,087 [pool-383-thread-1] INFO  server.RaftServerConfigKeys (ConfUtils.java:logGet(43)) - raft.server.rpc.timeout.min = 5s (custom)
2019-10-14 11:32:26,087 [pool-383-thread-1] INFO  server.RaftServerConfigKeys (ConfUtils.java:logGet(43)) - raft.server.rpc.timeout.max = 5200ms (custom)
2019-10-14 11:32:26,087 [pool-393-thread-1] INFO  impl.RaftServerImpl (RaftServerImpl.java:<init>(95)) - 73fe8d94-c0de-4eed-aabf-ff16f2610fde: new RaftServerImpl for group-A23B89D701A5:[b0dcf559-b940-4ebf-a0c2-bcecb035ae36:192.168.157.207:33021, 462cc878-52e4-4fe3-b7f7-a02da95ab560:192.168.157.207:35449, 73fe8d94-c0de-4eed-aabf-ff16f2610fde:192.168.157.207:44357] with ContainerStateMachine:uninitialized
2019-10-14 11:32:26,087 [pool-383-thread-1] INFO  server.RaftServerConfigKeys (ConfUtils.java:logGet(43)) - raft.server.rpcslowness.timeout = 120s (custom)
2019-10-14 11:32:26,087 [pool-393-thread-1] INFO  server.RaftServerConfigKeys (ConfUtils.java:logGet(43)) - raft.server.rpc.timeout.min = 5s (custom)
2019-10-14 11:32:26,088 [pool-383-thread-1] INFO  server.RaftServerConfigKeys (ConfUtils.java:logGet(43)) - raft.server.sleep.deviation.threshold = 300 (default)
2019-10-14 11:32:26,088 [pool-393-thread-1] INFO  server.RaftServerConfigKeys (ConfUtils.java:logGet(43)) - raft.server.rpc.timeout.max = 5200ms (custom)
2019-10-14 11:32:26,088 [pool-383-thread-1] INFO  server.RaftServerConfigKeys (ConfUtils.java:logGet(43)) - raft.server.log.appender.install.snapshot.enabled = false (custom)
2019-10-14 11:32:26,088 [pool-393-thread-1] INFO  server.RaftServerConfigKeys (ConfUtils.java:logGet(43)) - raft.server.rpcslowness.timeout = 120s (custom)
2019-10-14 11:32:26,088 [pool-403-thread-1] INFO  impl.RaftServerImpl (RaftServerImpl.java:<init>(95)) - 462cc878-52e4-4fe3-b7f7-a02da95ab560: new RaftServerImpl for group-A23B89D701A5:[b0dcf559-b940-4ebf-a0c2-bcecb035ae36:192.168.157.207:33021, 462cc878-52e4-4fe3-b7f7-a02da95ab560:192.168.157.207:35449, 73fe8d94-c0de-4eed-aabf-ff16f2610fde:192.168.157.207:44357] with ContainerStateMachine:uninitialized
2019-10-14 11:32:26,088 [pool-383-thread-1] INFO  impl.RaftServerImpl (ServerState.java:<init>(103)) - b0dcf559-b940-4ebf-a0c2-bcecb035ae36@group-A23B89D701A5: ConfigurationManager, init=-1: [b0dcf559-b940-4ebf-a0c2-bcecb035ae36:192.168.157.207:33021, 462cc878-52e4-4fe3-b7f7-a02da95ab560:192.168.157.207:35449, 73fe8d94-c0de-4eed-aabf-ff16f2610fde:192.168.157.207:44357], old=null, confs=<EMPTY_MAP>
2019-10-14 11:32:26,088 [pool-403-thread-1] INFO  server.RaftServerConfigKeys (ConfUtils.java:logGet(43)) - raft.server.rpc.timeout.min = 5s (custom)
2019-10-14 11:32:26,088 [pool-393-thread-1] INFO  server.RaftServerConfigKeys (ConfUtils.java:logGet(43)) - raft.server.sleep.deviation.threshold = 300 (default)
2019-10-14 11:32:26,088 [pool-403-thread-1] INFO  server.RaftServerConfigKeys (ConfUtils.java:logGet(43)) - raft.server.rpc.timeout.max = 5200ms (custom)
2019-10-14 11:32:26,088 [pool-383-thread-1] INFO  server.RaftServerConfigKeys (ConfUtils.java:logGet(43)) - raft.server.storage.dir = [/workdir/hadoop-ozone/integration-test/target/test-dir/MiniOzoneClusterImpl-95aba73e-a2ce-4cb2-acaf-01244b70b3f2/datanode-0/data/ratis] (custom)
2019-10-14 11:32:26,089 [pool-403-thread-1] INFO  server.RaftServerConfigKeys (ConfUtils.java:logGet(43)) - raft.server.rpcslowness.timeout = 120s (custom)
2019-10-14 11:32:26,089 [pool-393-thread-1] INFO  server.RaftServerConfigKeys (ConfUtils.java:logGet(43)) - raft.server.log.appender.install.snapshot.enabled = false (custom)
2019-10-14 11:32:26,089 [pool-403-thread-1] INFO  server.RaftServerConfigKeys (ConfUtils.java:logGet(43)) - raft.server.sleep.deviation.threshold = 300 (default)
2019-10-14 11:32:26,089 [pool-383-thread-1] INFO  server.RaftServerConfigKeys (ConfUtils.java:logGet(43)) - raft.server.log.corruption.policy = EXCEPTION (default)
2019-10-14 11:32:26,089 [pool-393-thread-1] INFO  impl.RaftServerImpl (ServerState.java:<init>(103)) - 73fe8d94-c0de-4eed-aabf-ff16f2610fde@group-A23B89D701A5: ConfigurationManager, init=-1: [b0dcf559-b940-4ebf-a0c2-bcecb035ae36:192.168.157.207:33021, 462cc878-52e4-4fe3-b7f7-a02da95ab560:192.168.157.207:35449, 73fe8d94-c0de-4eed-aabf-ff16f2610fde:192.168.157.207:44357], old=null, confs=<EMPTY_MAP>
2019-10-14 11:32:26,089 [pool-403-thread-1] INFO  server.RaftServerConfigKeys (ConfUtils.java:logGet(43)) - raft.server.log.appender.install.snapshot.enabled = false (custom)
2019-10-14 11:32:26,089 [pool-393-thread-1] INFO  server.RaftServerConfigKeys (ConfUtils.java:logGet(43)) - raft.server.storage.dir = [/workdir/hadoop-ozone/integration-test/target/test-dir/MiniOzoneClusterImpl-95aba73e-a2ce-4cb2-acaf-01244b70b3f2/datanode-1/data/ratis] (custom)
2019-10-14 11:32:26,089 [pool-383-thread-1] INFO  storage.RaftStorageDirectory (RaftStorageDirectory.java:analyzeStorage(246)) - The storage directory /workdir/hadoop-ozone/integration-test/target/test-dir/MiniOzoneClusterImpl-95aba73e-a2ce-4cb2-acaf-01244b70b3f2/datanode-0/data/ratis/a818afd9-bd51-4df5-9a80-a23b89d701a5 does not exist. Creating ...
2019-10-14 11:32:26,090 [pool-393-thread-1] INFO  server.RaftServerConfigKeys (ConfUtils.java:logGet(43)) - raft.server.log.corruption.policy = EXCEPTION (default)
2019-10-14 11:32:26,090 [pool-403-thread-1] INFO  impl.RaftServerImpl (ServerState.java:<init>(103)) - 462cc878-52e4-4fe3-b7f7-a02da95ab560@group-A23B89D701A5: ConfigurationManager, init=-1: [b0dcf559-b940-4ebf-a0c2-bcecb035ae36:192.168.157.207:33021, 462cc878-52e4-4fe3-b7f7-a02da95ab560:192.168.157.207:35449, 73fe8d94-c0de-4eed-aabf-ff16f2610fde:192.168.157.207:44357], old=null, confs=<EMPTY_MAP>
2019-10-14 11:32:26,090 [pool-393-thread-1] INFO  storage.RaftStorageDirectory (RaftStorageDirectory.java:analyzeStorage(246)) - The storage directory /workdir/hadoop-ozone/integration-test/target/test-dir/MiniOzoneClusterImpl-95aba73e-a2ce-4cb2-acaf-01244b70b3f2/datanode-1/data/ratis/a818afd9-bd51-4df5-9a80-a23b89d701a5 does not exist. Creating ...
2019-10-14 11:32:26,090 [pool-403-thread-1] INFO  server.RaftServerConfigKeys (ConfUtils.java:logGet(43)) - raft.server.storage.dir = [/workdir/hadoop-ozone/integration-test/target/test-dir/MiniOzoneClusterImpl-95aba73e-a2ce-4cb2-acaf-01244b70b3f2/datanode-2/data/ratis] (custom)
2019-10-14 11:32:26,090 [pool-403-thread-1] INFO  server.RaftServerConfigKeys (ConfUtils.java:logGet(43)) - raft.server.log.corruption.policy = EXCEPTION (default)
2019-10-14 11:32:26,091 [pool-403-thread-1] INFO  storage.RaftStorageDirectory (RaftStorageDirectory.java:analyzeStorage(246)) - The storage directory /workdir/hadoop-ozone/integration-test/target/test-dir/MiniOzoneClusterImpl-95aba73e-a2ce-4cb2-acaf-01244b70b3f2/datanode-2/data/ratis/a818afd9-bd51-4df5-9a80-a23b89d701a5 does not exist. Creating ...
2019-10-14 11:32:26,103 [pool-393-thread-1] INFO  storage.RaftStorageDirectory (RaftStorageDirectory.java:tryLock(328)) - Lock on /workdir/hadoop-ozone/integration-test/target/test-dir/MiniOzoneClusterImpl-95aba73e-a2ce-4cb2-acaf-01244b70b3f2/datanode-1/data/ratis/a818afd9-bd51-4df5-9a80-a23b89d701a5/in_use.lock acquired by nodename 26295@pr-hdds-2196-wn72n-1164029319
2019-10-14 11:32:26,103 [pool-403-thread-1] INFO  storage.RaftStorageDirectory (RaftStorageDirectory.java:tryLock(328)) - Lock on /workdir/hadoop-ozone/integration-test/target/test-dir/MiniOzoneClusterImpl-95aba73e-a2ce-4cb2-acaf-01244b70b3f2/datanode-2/data/ratis/a818afd9-bd51-4df5-9a80-a23b89d701a5/in_use.lock acquired by nodename 26295@pr-hdds-2196-wn72n-1164029319
2019-10-14 11:32:26,103 [pool-383-thread-1] INFO  storage.RaftStorageDirectory (RaftStorageDirectory.java:tryLock(328)) - Lock on /workdir/hadoop-ozone/integration-test/target/test-dir/MiniOzoneClusterImpl-95aba73e-a2ce-4cb2-acaf-01244b70b3f2/datanode-0/data/ratis/a818afd9-bd51-4df5-9a80-a23b89d701a5/in_use.lock acquired by nodename 26295@pr-hdds-2196-wn72n-1164029319
2019-10-14 11:32:26,116 [pool-403-thread-1] INFO  storage.RaftStorage (RaftStorage.java:format(84)) - Storage directory /workdir/hadoop-ozone/integration-test/target/test-dir/MiniOzoneClusterImpl-95aba73e-a2ce-4cb2-acaf-01244b70b3f2/datanode-2/data/ratis/a818afd9-bd51-4df5-9a80-a23b89d701a5 has been successfully formatted.
2019-10-14 11:32:26,116 [pool-383-thread-1] INFO  storage.RaftStorage (RaftStorage.java:format(84)) - Storage directory /workdir/hadoop-ozone/integration-test/target/test-dir/MiniOzoneClusterImpl-95aba73e-a2ce-4cb2-acaf-01244b70b3f2/datanode-0/data/ratis/a818afd9-bd51-4df5-9a80-a23b89d701a5 has been successfully formatted.
2019-10-14 11:32:26,116 [pool-403-thread-1] INFO  ratis.ContainerStateMachine (ContainerStateMachine.java:loadSnapshot(231)) - group-A23B89D701A5: The snapshot info is null. Setting the last applied indexto:(t:0, i:~)
2019-10-14 11:32:26,116 [pool-393-thread-1] INFO  storage.RaftStorage (RaftStorage.java:format(84)) - Storage directory /workdir/hadoop-ozone/integration-test/target/test-dir/MiniOzoneClusterImpl-95aba73e-a2ce-4cb2-acaf-01244b70b3f2/datanode-1/data/ratis/a818afd9-bd51-4df5-9a80-a23b89d701a5 has been successfully formatted.
2019-10-14 11:32:26,117 [pool-403-thread-1] INFO  server.RaftServerConfigKeys (ConfUtils.java:logGet(43)) - raft.server.notification.no-leader.timeout = 120s (custom)
2019-10-14 11:32:26,117 [pool-393-thread-1] INFO  ratis.ContainerStateMachine (ContainerStateMachine.java:loadSnapshot(231)) - group-A23B89D701A5: The snapshot info is null. Setting the last applied indexto:(t:0, i:~)
2019-10-14 11:32:26,117 [pool-383-thread-1] INFO  ratis.ContainerStateMachine (ContainerStateMachine.java:loadSnapshot(231)) - group-A23B89D701A5: The snapshot info is null. Setting the last applied indexto:(t:0, i:~)
2019-10-14 11:32:26,117 [pool-393-thread-1] INFO  server.RaftServerConfigKeys (ConfUtils.java:logGet(43)) - raft.server.notification.no-leader.timeout = 120s (custom)
2019-10-14 11:32:26,117 [pool-403-thread-1] INFO  server.RaftServerConfigKeys (ConfUtils.java:logGet(43)) - raft.server.log.use.memory = false (default)
2019-10-14 11:32:26,117 [pool-393-thread-1] INFO  server.RaftServerConfigKeys (ConfUtils.java:logGet(43)) - raft.server.log.use.memory = false (default)
2019-10-14 11:32:26,117 [pool-383-thread-1] INFO  server.RaftServerConfigKeys (ConfUtils.java:logGet(43)) - raft.server.notification.no-leader.timeout = 120s (custom)
2019-10-14 11:32:26,117 [pool-393-thread-1] INFO  server.RaftServerConfigKeys (ConfUtils.java:logGet(43)) - raft.server.log.purge.gap = 1000000 (custom)
2019-10-14 11:32:26,117 [pool-403-thread-1] INFO  server.RaftServerConfigKeys (ConfUtils.java:logGet(43)) - raft.server.log.purge.gap = 1000000 (custom)
2019-10-14 11:32:26,117 [pool-393-thread-1] INFO  server.RaftServerConfigKeys (ConfUtils.java:logGet(43)) - raft.server.log.appender.buffer.byte-limit = 33554432 (custom)
2019-10-14 11:32:26,117 [pool-383-thread-1] INFO  server.RaftServerConfigKeys (ConfUtils.java:logGet(43)) - raft.server.log.use.memory = false (default)
2019-10-14 11:32:26,118 [pool-393-thread-1] INFO  server.RaftServerConfigKeys (ConfUtils.java:logGet(43)) - raft.server.log.segment.size.max = 1048576 (custom)
2019-10-14 11:32:26,117 [pool-403-thread-1] INFO  server.RaftServerConfigKeys (ConfUtils.java:logGet(43)) - raft.server.log.appender.buffer.byte-limit = 33554432 (custom)
2019-10-14 11:32:26,118 [pool-393-thread-1] INFO  server.RaftServerConfigKeys (ConfUtils.java:logGet(43)) - raft.server.log.segment.cache.num.max = 2 (custom)
2019-10-14 11:32:26,118 [pool-383-thread-1] INFO  server.RaftServerConfigKeys (ConfUtils.java:logGet(43)) - raft.server.log.purge.gap = 1000000 (custom)
2019-10-14 11:32:26,118 [pool-393-thread-1] INFO  segmented.SegmentedRaftLogWorker (SegmentedRaftLogWorker.java:<init>(173)) - new 73fe8d94-c0de-4eed-aabf-ff16f2610fde@group-A23B89D701A5-SegmentedRaftLogWorker for RaftStorage:Storage Directory /workdir/hadoop-ozone/integration-test/target/test-dir/MiniOzoneClusterImpl-95aba73e-a2ce-4cb2-acaf-01244b70b3f2/datanode-1/data/ratis/a818afd9-bd51-4df5-9a80-a23b89d701a5
2019-10-14 11:32:26,118 [pool-403-thread-1] INFO  server.RaftServerConfigKeys (ConfUtils.java:logGet(43)) - raft.server.log.segment.size.max = 1048576 (custom)
2019-10-14 11:32:26,118 [pool-393-thread-1] INFO  server.RaftServerConfigKeys (ConfUtils.java:logGet(43)) - raft.server.log.queue.byte-limit = 2147483647 (custom)
2019-10-14 11:32:26,118 [pool-383-thread-1] INFO  server.RaftServerConfigKeys (ConfUtils.java:logGet(43)) - raft.server.log.appender.buffer.byte-limit = 33554432 (custom)
2019-10-14 11:32:26,118 [pool-393-thread-1] INFO  server.RaftServerConfigKeys (ConfUtils.java:logGet(43)) - raft.server.log.queue.element-limit = 1024 (custom)
2019-10-14 11:32:26,118 [pool-403-thread-1] INFO  server.RaftServerConfigKeys (ConfUtils.java:logGet(43)) - raft.server.log.segment.cache.num.max = 2 (custom)
2019-10-14 11:32:26,119 [pool-393-thread-1] INFO  server.RaftServerConfigKeys (ConfUtils.java:logGet(43)) - raft.server.log.segment.size.max = 1048576 (custom)
2019-10-14 11:32:26,118 [pool-383-thread-1] INFO  server.RaftServerConfigKeys (ConfUtils.java:logGet(43)) - raft.server.log.segment.size.max = 1048576 (custom)
2019-10-14 11:32:26,119 [pool-393-thread-1] INFO  server.RaftServerConfigKeys (ConfUtils.java:logGet(43)) - raft.server.log.preallocated.size = 16384 (custom)
2019-10-14 11:32:26,119 [pool-403-thread-1] INFO  segmented.SegmentedRaftLogWorker (SegmentedRaftLogWorker.java:<init>(173)) - new 462cc878-52e4-4fe3-b7f7-a02da95ab560@group-A23B89D701A5-SegmentedRaftLogWorker for RaftStorage:Storage Directory /workdir/hadoop-ozone/integration-test/target/test-dir/MiniOzoneClusterImpl-95aba73e-a2ce-4cb2-acaf-01244b70b3f2/datanode-2/data/ratis/a818afd9-bd51-4df5-9a80-a23b89d701a5
2019-10-14 11:32:26,119 [pool-393-thread-1] INFO  server.RaftServerConfigKeys (ConfUtils.java:logGet(43)) - raft.server.log.write.buffer.size = 33554432 (custom)
2019-10-14 11:32:26,119 [pool-383-thread-1] INFO  server.RaftServerConfigKeys (ConfUtils.java:logGet(43)) - raft.server.log.segment.cache.num.max = 2 (custom)
2019-10-14 11:32:26,119 [pool-393-thread-1] INFO  server.RaftServerConfigKeys (ConfUtils.java:logGet(43)) - raft.server.log.force.sync.num = 128 (default)
2019-10-14 11:32:26,119 [pool-403-thread-1] INFO  server.RaftServerConfigKeys (ConfUtils.java:logGet(43)) - raft.server.log.queue.byte-limit = 2147483647 (custom)
2019-10-14 11:32:26,119 [pool-393-thread-1] INFO  server.RaftServerConfigKeys (ConfUtils.java:logGet(43)) - raft.server.log.statemachine.data.sync = true (default)
2019-10-14 11:32:26,119 [pool-383-thread-1] INFO  segmented.SegmentedRaftLogWorker (SegmentedRaftLogWorker.java:<init>(173)) - new b0dcf559-b940-4ebf-a0c2-bcecb035ae36@group-A23B89D701A5-SegmentedRaftLogWorker for RaftStorage:Storage Directory /workdir/hadoop-ozone/integration-test/target/test-dir/MiniOzoneClusterImpl-95aba73e-a2ce-4cb2-acaf-01244b70b3f2/datanode-0/data/ratis/a818afd9-bd51-4df5-9a80-a23b89d701a5
2019-10-14 11:32:26,119 [pool-393-thread-1] INFO  server.RaftServerConfigKeys (ConfUtils.java:logGet(43)) - raft.server.log.statemachine.data.sync.timeout = 10s (default)
2019-10-14 11:32:26,119 [pool-403-thread-1] INFO  server.RaftServerConfigKeys (ConfUtils.java:logGet(43)) - raft.server.log.queue.element-limit = 1024 (custom)
2019-10-14 11:32:26,120 [pool-393-thread-1] INFO  server.RaftServerConfigKeys (ConfUtils.java:logGet(43)) - raft.server.log.statemachine.data.sync.timeout.retry = -1 (default)
2019-10-14 11:32:26,120 [pool-383-thread-1] INFO  server.RaftServerConfigKeys (ConfUtils.java:logGet(43)) - raft.server.log.queue.byte-limit = 2147483647 (custom)
2019-10-14 11:32:26,120 [pool-393-thread-1] INFO  server.RaftServerConfigKeys (ConfUtils.java:logGet(43)) - raft.server.log.statemachine.data.caching.enabled = true (custom)
2019-10-14 11:32:26,120 [pool-403-thread-1] INFO  server.RaftServerConfigKeys (ConfUtils.java:logGet(43)) - raft.server.log.segment.size.max = 1048576 (custom)
2019-10-14 11:32:26,120 [pool-383-thread-1] INFO  server.RaftServerConfigKeys (ConfUtils.java:logGet(43)) - raft.server.log.queue.element-limit = 1024 (custom)
2019-10-14 11:32:26,120 [pool-393-thread-1] INFO  segmented.SegmentedRaftLogWorker (SegmentedRaftLogWorker.java:lambda$new$0(128)) - 73fe8d94-c0de-4eed-aabf-ff16f2610fde@group-A23B89D701A5-SegmentedRaftLogWorker: flushIndex: setUnconditionally 0 -> -1
2019-10-14 11:32:26,120 [pool-403-thread-1] INFO  server.RaftServerConfigKeys (ConfUtils.java:logGet(43)) - raft.server.log.preallocated.size = 16384 (custom)
2019-10-14 11:32:26,120 [pool-383-thread-1] INFO  server.RaftServerConfigKeys (ConfUtils.java:logGet(43)) - raft.server.log.segment.size.max = 1048576 (custom)
2019-10-14 11:32:26,120 [pool-393-thread-1] INFO  server.RaftServerConfigKeys (ConfUtils.java:logGet(43)) - raft.server.snapshot.auto.trigger.enabled = true (custom)
2019-10-14 11:32:26,120 [pool-403-thread-1] INFO  server.RaftServerConfigKeys (ConfUtils.java:logGet(43)) - raft.server.log.write.buffer.size = 33554432 (custom)
2019-10-14 11:32:26,121 [pool-393-thread-1] INFO  server.RaftServerConfigKeys (ConfUtils.java:logGet(43)) - raft.server.snapshot.auto.trigger.threshold = 10000 (custom)
2019-10-14 11:32:26,121 [pool-383-thread-1] INFO  server.RaftServerConfigKeys (ConfUtils.java:logGet(43)) - raft.server.log.preallocated.size = 16384 (custom)
2019-10-14 11:32:26,121 [pool-393-thread-1] INFO  server.RaftServerConfigKeys (ConfUtils.java:logGet(43)) - raft.server.snapshot.retention.file.num = 5 (custom)
2019-10-14 11:32:26,121 [pool-403-thread-1] INFO  server.RaftServerConfigKeys (ConfUtils.java:logGet(43)) - raft.server.log.force.sync.num = 128 (default)
2019-10-14 11:32:26,121 [pool-393-thread-1] INFO  server.RaftServerConfigKeys (ConfUtils.java:logGet(43)) - raft.server.retrycache.expirytime = 600000ms (custom)
2019-10-14 11:32:26,121 [pool-383-thread-1] INFO  server.RaftServerConfigKeys (ConfUtils.java:logGet(43)) - raft.server.log.write.buffer.size = 33554432 (custom)
2019-10-14 11:32:26,121 [pool-403-thread-1] INFO  server.RaftServerConfigKeys (ConfUtils.java:logGet(43)) - raft.server.log.statemachine.data.sync = true (default)
2019-10-14 11:32:26,121 [pool-383-thread-1] INFO  server.RaftServerConfigKeys (ConfUtils.java:logGet(43)) - raft.server.log.force.sync.num = 128 (default)
2019-10-14 11:32:26,121 [pool-403-thread-1] INFO  server.RaftServerConfigKeys (ConfUtils.java:logGet(43)) - raft.server.log.statemachine.data.sync.timeout = 10s (default)
2019-10-14 11:32:26,121 [pool-383-thread-1] INFO  server.RaftServerConfigKeys (ConfUtils.java:logGet(43)) - raft.server.log.statemachine.data.sync = true (default)
2019-10-14 11:32:26,122 [pool-403-thread-1] INFO  server.RaftServerConfigKeys (ConfUtils.java:logGet(43)) - raft.server.log.statemachine.data.sync.timeout.retry = -1 (default)
2019-10-14 11:32:26,122 [pool-383-thread-1] INFO  server.RaftServerConfigKeys (ConfUtils.java:logGet(43)) - raft.server.log.statemachine.data.sync.timeout = 10s (default)
2019-10-14 11:32:26,122 [pool-403-thread-1] INFO  server.RaftServerConfigKeys (ConfUtils.java:logGet(43)) - raft.server.log.statemachine.data.caching.enabled = true (custom)
2019-10-14 11:32:26,122 [pool-383-thread-1] INFO  server.RaftServerConfigKeys (ConfUtils.java:logGet(43)) - raft.server.log.statemachine.data.sync.timeout.retry = -1 (default)
2019-10-14 11:32:26,122 [pool-403-thread-1] INFO  segmented.SegmentedRaftLogWorker (SegmentedRaftLogWorker.java:lambda$new$0(128)) - 462cc878-52e4-4fe3-b7f7-a02da95ab560@group-A23B89D701A5-SegmentedRaftLogWorker: flushIndex: setUnconditionally 0 -> -1
2019-10-14 11:32:26,122 [pool-383-thread-1] INFO  server.RaftServerConfigKeys (ConfUtils.java:logGet(43)) - raft.server.log.statemachine.data.caching.enabled = true (custom)
2019-10-14 11:32:26,122 [pool-403-thread-1] INFO  server.RaftServerConfigKeys (ConfUtils.java:logGet(43)) - raft.server.snapshot.auto.trigger.enabled = true (custom)
2019-10-14 11:32:26,122 [pool-383-thread-1] INFO  segmented.SegmentedRaftLogWorker (SegmentedRaftLogWorker.java:lambda$new$0(128)) - b0dcf559-b940-4ebf-a0c2-bcecb035ae36@group-A23B89D701A5-SegmentedRaftLogWorker: flushIndex: setUnconditionally 0 -> -1
2019-10-14 11:32:26,122 [pool-393-thread-1] INFO  impl.RaftServerImpl (RaftServerImpl.java:start(181)) - 73fe8d94-c0de-4eed-aabf-ff16f2610fde@group-A23B89D701A5: start as a follower, conf=-1: [b0dcf559-b940-4ebf-a0c2-bcecb035ae36:192.168.157.207:33021, 462cc878-52e4-4fe3-b7f7-a02da95ab560:192.168.157.207:35449, 73fe8d94-c0de-4eed-aabf-ff16f2610fde:192.168.157.207:44357], old=null
2019-10-14 11:32:26,123 [pool-383-thread-1] INFO  server.RaftServerConfigKeys (ConfUtils.java:logGet(43)) - raft.server.snapshot.auto.trigger.enabled = true (custom)
2019-10-14 11:32:26,123 [pool-403-thread-1] INFO  server.RaftServerConfigKeys (ConfUtils.java:logGet(43)) - raft.server.snapshot.auto.trigger.threshold = 10000 (custom)
2019-10-14 11:32:26,123 [pool-383-thread-1] INFO  server.RaftServerConfigKeys (ConfUtils.java:logGet(43)) - raft.server.snapshot.auto.trigger.threshold = 10000 (custom)
2019-10-14 11:32:26,123 [pool-393-thread-1] INFO  impl.RaftServerImpl (RaftServerImpl.java:setRole(170)) - 73fe8d94-c0de-4eed-aabf-ff16f2610fde@group-A23B89D701A5: changes role from      null to FOLLOWER at term 0 for startAsFollower
2019-10-14 11:32:26,123 [pool-383-thread-1] INFO  server.RaftServerConfigKeys (ConfUtils.java:logGet(43)) - raft.server.snapshot.retention.file.num = 5 (custom)
2019-10-14 11:32:26,123 [pool-403-thread-1] INFO  server.RaftServerConfigKeys (ConfUtils.java:logGet(43)) - raft.server.snapshot.retention.file.num = 5 (custom)
2019-10-14 11:32:26,123 [pool-383-thread-1] INFO  server.RaftServerConfigKeys (ConfUtils.java:logGet(43)) - raft.server.retrycache.expirytime = 600000ms (custom)
2019-10-14 11:32:26,123 [pool-393-thread-1] INFO  impl.RoleInfo (RoleInfo.java:updateAndGet(143)) - 73fe8d94-c0de-4eed-aabf-ff16f2610fde: start FollowerState
2019-10-14 11:32:26,123 [pool-403-thread-1] INFO  server.RaftServerConfigKeys (ConfUtils.java:logGet(43)) - raft.server.retrycache.expirytime = 600000ms (custom)
2019-10-14 11:32:26,124 [pool-393-thread-1] INFO  util.JmxRegister (JmxRegister.java:tryRegister(44)) - Successfully registered JMX Bean with object name Ratis:service=RaftServer,group=group-A23B89D701A5,id=73fe8d94-c0de-4eed-aabf-ff16f2610fde
2019-10-14 11:32:26,126 [pool-383-thread-1] INFO  impl.RaftServerImpl (RaftServerImpl.java:start(181)) - b0dcf559-b940-4ebf-a0c2-bcecb035ae36@group-A23B89D701A5: start as a follower, conf=-1: [b0dcf559-b940-4ebf-a0c2-bcecb035ae36:192.168.157.207:33021, 462cc878-52e4-4fe3-b7f7-a02da95ab560:192.168.157.207:35449, 73fe8d94-c0de-4eed-aabf-ff16f2610fde:192.168.157.207:44357], old=null
2019-10-14 11:32:26,126 [pool-383-thread-1] INFO  impl.RaftServerImpl (RaftServerImpl.java:setRole(170)) - b0dcf559-b940-4ebf-a0c2-bcecb035ae36@group-A23B89D701A5: changes role from      null to FOLLOWER at term 0 for startAsFollower
2019-10-14 11:32:26,126 [pool-403-thread-1] INFO  impl.RaftServerImpl (RaftServerImpl.java:start(181)) - 462cc878-52e4-4fe3-b7f7-a02da95ab560@group-A23B89D701A5: start as a follower, conf=-1: [b0dcf559-b940-4ebf-a0c2-bcecb035ae36:192.168.157.207:33021, 462cc878-52e4-4fe3-b7f7-a02da95ab560:192.168.157.207:35449, 73fe8d94-c0de-4eed-aabf-ff16f2610fde:192.168.157.207:44357], old=null
2019-10-14 11:32:26,126 [pool-383-thread-1] INFO  impl.RoleInfo (RoleInfo.java:updateAndGet(143)) - b0dcf559-b940-4ebf-a0c2-bcecb035ae36: start FollowerState
2019-10-14 11:32:26,126 [pool-403-thread-1] INFO  impl.RaftServerImpl (RaftServerImpl.java:setRole(170)) - 462cc878-52e4-4fe3-b7f7-a02da95ab560@group-A23B89D701A5: changes role from      null to FOLLOWER at term 0 for startAsFollower
2019-10-14 11:32:26,127 [pool-403-thread-1] INFO  impl.RoleInfo (RoleInfo.java:updateAndGet(143)) - 462cc878-52e4-4fe3-b7f7-a02da95ab560: start FollowerState
2019-10-14 11:32:26,127 [pool-383-thread-1] INFO  util.JmxRegister (JmxRegister.java:tryRegister(44)) - Successfully registered JMX Bean with object name Ratis:service=RaftServer,group=group-A23B89D701A5,id=b0dcf559-b940-4ebf-a0c2-bcecb035ae36
2019-10-14 11:32:26,127 [pool-403-thread-1] INFO  util.JmxRegister (JmxRegister.java:tryRegister(44)) - Successfully registered JMX Bean with object name Ratis:service=RaftServer,group=group-A23B89D701A5,id=462cc878-52e4-4fe3-b7f7-a02da95ab560
2019-10-14 11:32:26,132 [RatisPipelineUtilsThread] INFO  pipeline.PipelineStateManager (PipelineStateManager.java:addPipeline(56)) - Created pipeline Pipeline[ Id: a818afd9-bd51-4df5-9a80-a23b89d701a5, Nodes: 462cc878-52e4-4fe3-b7f7-a02da95ab560{ip: 192.168.157.207, host: pr-hdds-2196-wn72n-1164029319, networkLocation: /default-rack, certSerialId: null}b0dcf559-b940-4ebf-a0c2-bcecb035ae36{ip: 192.168.157.207, host: pr-hdds-2196-wn72n-1164029319, networkLocation: /default-rack, certSerialId: null}73fe8d94-c0de-4eed-aabf-ff16f2610fde{ip: 192.168.157.207, host: pr-hdds-2196-wn72n-1164029319, networkLocation: /default-rack, certSerialId: null}, Type:RATIS, Factor:THREE, State:OPEN]
2019-10-14 11:32:26,150 [IPC Server handler 8 on 43263] INFO  net.NetworkTopology (NetworkTopologyImpl.java:add(111)) - Added a new node: /default-rack/ec3a2837-cb0d-4f51-a3ea-5e1be70e3360
2019-10-14 11:32:26,150 [IPC Server handler 8 on 43263] INFO  node.SCMNodeManager (SCMNodeManager.java:register(313)) - Registered Data node : ec3a2837-cb0d-4f51-a3ea-5e1be70e3360{ip: 192.168.157.207, host: pr-hdds-2196-wn72n-1164029319, networkLocation: /default-rack, certSerialId: null}
2019-10-14 11:32:26,156 [grpc-default-executor-0] INFO  impl.RaftServerProxy (RaftServerProxy.java:addNew(89)) - 66f555dd-9c74-4857-b62c-0d97b88edda2: addNew group-A9D35A582A18:[66f555dd-9c74-4857-b62c-0d97b88edda2:192.168.157.207:34228] returns group-A9D35A582A18:java.util.concurrent.CompletableFuture@b11c953[Not completed]
2019-10-14 11:32:26,159 [pool-413-thread-1] INFO  impl.RaftServerImpl (RaftServerImpl.java:<init>(95)) - 66f555dd-9c74-4857-b62c-0d97b88edda2: new RaftServerImpl for group-A9D35A582A18:[66f555dd-9c74-4857-b62c-0d97b88edda2:192.168.157.207:34228] with ContainerStateMachine:uninitialized
2019-10-14 11:32:26,159 [pool-413-thread-1] INFO  server.RaftServerConfigKeys (ConfUtils.java:logGet(43)) - raft.server.rpc.timeout.min = 5s (custom)
2019-10-14 11:32:26,159 [pool-413-thread-1] INFO  server.RaftServerConfigKeys (ConfUtils.java:logGet(43)) - raft.server.rpc.timeout.max = 5200ms (custom)
2019-10-14 11:32:26,159 [pool-413-thread-1] INFO  server.RaftServerConfigKeys (ConfUtils.java:logGet(43)) - raft.server.rpcslowness.timeout = 120s (custom)
2019-10-14 11:32:26,160 [pool-413-thread-1] INFO  server.RaftServerConfigKeys (ConfUtils.java:logGet(43)) - raft.server.sleep.deviation.threshold = 300 (default)
2019-10-14 11:32:26,160 [pool-413-thread-1] INFO  server.RaftServerConfigKeys (ConfUtils.java:logGet(43)) - raft.server.log.appender.install.snapshot.enabled = false (custom)
2019-10-14 11:32:26,160 [pool-413-thread-1] INFO  impl.RaftServerImpl (ServerState.java:<init>(103)) - 66f555dd-9c74-4857-b62c-0d97b88edda2@group-A9D35A582A18: ConfigurationManager, init=-1: [66f555dd-9c74-4857-b62c-0d97b88edda2:192.168.157.207:34228], old=null, confs=<EMPTY_MAP>
2019-10-14 11:32:26,160 [pool-413-thread-1] INFO  server.RaftServerConfigKeys (ConfUtils.java:logGet(43)) - raft.server.storage.dir = [/workdir/hadoop-ozone/integration-test/target/test-dir/MiniOzoneClusterImpl-95aba73e-a2ce-4cb2-acaf-01244b70b3f2/datanode-3/data/ratis] (custom)
2019-10-14 11:32:26,160 [pool-413-thread-1] INFO  server.RaftServerConfigKeys (ConfUtils.java:logGet(43)) - raft.server.log.corruption.policy = EXCEPTION (default)
2019-10-14 11:32:26,161 [pool-413-thread-1] INFO  storage.RaftStorageDirectory (RaftStorageDirectory.java:analyzeStorage(246)) - The storage directory /workdir/hadoop-ozone/integration-test/target/test-dir/MiniOzoneClusterImpl-95aba73e-a2ce-4cb2-acaf-01244b70b3f2/datanode-3/data/ratis/5f22d562-ed6f-4cc4-8343-a9d35a582a18 does not exist. Creating ...
2019-10-14 11:32:26,174 [pool-413-thread-1] INFO  storage.RaftStorageDirectory (RaftStorageDirectory.java:tryLock(328)) - Lock on /workdir/hadoop-ozone/integration-test/target/test-dir/MiniOzoneClusterImpl-95aba73e-a2ce-4cb2-acaf-01244b70b3f2/datanode-3/data/ratis/5f22d562-ed6f-4cc4-8343-a9d35a582a18/in_use.lock acquired by nodename 26295@pr-hdds-2196-wn72n-1164029319
2019-10-14 11:32:26,187 [pool-413-thread-1] INFO  storage.RaftStorage (RaftStorage.java:format(84)) - Storage directory /workdir/hadoop-ozone/integration-test/target/test-dir/MiniOzoneClusterImpl-95aba73e-a2ce-4cb2-acaf-01244b70b3f2/datanode-3/data/ratis/5f22d562-ed6f-4cc4-8343-a9d35a582a18 has been successfully formatted.
2019-10-14 11:32:26,187 [pool-413-thread-1] INFO  ratis.ContainerStateMachine (ContainerStateMachine.java:loadSnapshot(231)) - group-A9D35A582A18: The snapshot info is null. Setting the last applied indexto:(t:0, i:~)
2019-10-14 11:32:26,187 [pool-413-thread-1] INFO  server.RaftServerConfigKeys (ConfUtils.java:logGet(43)) - raft.server.notification.no-leader.timeout = 120s (custom)
2019-10-14 11:32:26,187 [pool-413-thread-1] INFO  server.RaftServerConfigKeys (ConfUtils.java:logGet(43)) - raft.server.log.use.memory = false (default)
2019-10-14 11:32:26,187 [pool-413-thread-1] INFO  server.RaftServerConfigKeys (ConfUtils.java:logGet(43)) - raft.server.log.purge.gap = 1000000 (custom)
2019-10-14 11:32:26,188 [pool-413-thread-1] INFO  server.RaftServerConfigKeys (ConfUtils.java:logGet(43)) - raft.server.log.appender.buffer.byte-limit = 33554432 (custom)
2019-10-14 11:32:26,188 [pool-413-thread-1] INFO  server.RaftServerConfigKeys (ConfUtils.java:logGet(43)) - raft.server.log.segment.size.max = 1048576 (custom)
2019-10-14 11:32:26,189 [pool-413-thread-1] INFO  server.RaftServerConfigKeys (ConfUtils.java:logGet(43)) - raft.server.log.segment.cache.num.max = 2 (custom)
2019-10-14 11:32:26,189 [pool-413-thread-1] INFO  segmented.SegmentedRaftLogWorker (SegmentedRaftLogWorker.java:<init>(173)) - new 66f555dd-9c74-4857-b62c-0d97b88edda2@group-A9D35A582A18-SegmentedRaftLogWorker for RaftStorage:Storage Directory /workdir/hadoop-ozone/integration-test/target/test-dir/MiniOzoneClusterImpl-95aba73e-a2ce-4cb2-acaf-01244b70b3f2/datanode-3/data/ratis/5f22d562-ed6f-4cc4-8343-a9d35a582a18
2019-10-14 11:32:26,189 [pool-413-thread-1] INFO  server.RaftServerConfigKeys (ConfUtils.java:logGet(43)) - raft.server.log.queue.byte-limit = 2147483647 (custom)
2019-10-14 11:32:26,189 [pool-413-thread-1] INFO  server.RaftServerConfigKeys (ConfUtils.java:logGet(43)) - raft.server.log.queue.element-limit = 1024 (custom)
2019-10-14 11:32:26,190 [pool-413-thread-1] INFO  server.RaftServerConfigKeys (ConfUtils.java:logGet(43)) - raft.server.log.segment.size.max = 1048576 (custom)
2019-10-14 11:32:26,190 [pool-413-thread-1] INFO  server.RaftServerConfigKeys (ConfUtils.java:logGet(43)) - raft.server.log.preallocated.size = 16384 (custom)
2019-10-14 11:32:26,190 [pool-413-thread-1] INFO  server.RaftServerConfigKeys (ConfUtils.java:logGet(43)) - raft.server.log.write.buffer.size = 33554432 (custom)
2019-10-14 11:32:26,190 [pool-413-thread-1] INFO  server.RaftServerConfigKeys (ConfUtils.java:logGet(43)) - raft.server.log.force.sync.num = 128 (default)
2019-10-14 11:32:26,190 [pool-413-thread-1] INFO  server.RaftServerConfigKeys (ConfUtils.java:logGet(43)) - raft.server.log.statemachine.data.sync = true (default)
2019-10-14 11:32:26,190 [pool-413-thread-1] INFO  server.RaftServerConfigKeys (ConfUtils.java:logGet(43)) - raft.server.log.statemachine.data.sync.timeout = 10s (default)
2019-10-14 11:32:26,190 [pool-413-thread-1] INFO  server.RaftServerConfigKeys (ConfUtils.java:logGet(43)) - raft.server.log.statemachine.data.sync.timeout.retry = -1 (default)
2019-10-14 11:32:26,191 [pool-413-thread-1] INFO  server.RaftServerConfigKeys (ConfUtils.java:logGet(43)) - raft.server.log.statemachine.data.caching.enabled = true (custom)
2019-10-14 11:32:26,191 [pool-413-thread-1] INFO  segmented.SegmentedRaftLogWorker (SegmentedRaftLogWorker.java:lambda$new$0(128)) - 66f555dd-9c74-4857-b62c-0d97b88edda2@group-A9D35A582A18-SegmentedRaftLogWorker: flushIndex: setUnconditionally 0 -> -1
2019-10-14 11:32:26,191 [pool-413-thread-1] INFO  server.RaftServerConfigKeys (ConfUtils.java:logGet(43)) - raft.server.snapshot.auto.trigger.enabled = true (custom)
2019-10-14 11:32:26,191 [pool-413-thread-1] INFO  server.RaftServerConfigKeys (ConfUtils.java:logGet(43)) - raft.server.snapshot.auto.trigger.threshold = 10000 (custom)
2019-10-14 11:32:26,192 [pool-413-thread-1] INFO  server.RaftServerConfigKeys (ConfUtils.java:logGet(43)) - raft.server.snapshot.retention.file.num = 5 (custom)
2019-10-14 11:32:26,192 [pool-413-thread-1] INFO  server.RaftServerConfigKeys (ConfUtils.java:logGet(43)) - raft.server.retrycache.expirytime = 600000ms (custom)
2019-10-14 11:32:26,193 [pool-413-thread-1] INFO  impl.RaftServerImpl (RaftServerImpl.java:start(181)) - 66f555dd-9c74-4857-b62c-0d97b88edda2@group-A9D35A582A18: start as a follower, conf=-1: [66f555dd-9c74-4857-b62c-0d97b88edda2:192.168.157.207:34228], old=null
2019-10-14 11:32:26,193 [pool-413-thread-1] INFO  impl.RaftServerImpl (RaftServerImpl.java:setRole(170)) - 66f555dd-9c74-4857-b62c-0d97b88edda2@group-A9D35A582A18: changes role from      null to FOLLOWER at term 0 for startAsFollower
2019-10-14 11:32:26,193 [pool-413-thread-1] INFO  impl.RoleInfo (RoleInfo.java:updateAndGet(143)) - 66f555dd-9c74-4857-b62c-0d97b88edda2: start FollowerState
2019-10-14 11:32:26,194 [pool-413-thread-1] INFO  util.JmxRegister (JmxRegister.java:tryRegister(44)) - Successfully registered JMX Bean with object name Ratis:service=RaftServer,group=group-A9D35A582A18,id=66f555dd-9c74-4857-b62c-0d97b88edda2
2019-10-14 11:32:26,197 [RatisPipelineUtilsThread] INFO  pipeline.PipelineStateManager (PipelineStateManager.java:addPipeline(56)) - Created pipeline Pipeline[ Id: 5f22d562-ed6f-4cc4-8343-a9d35a582a18, Nodes: 66f555dd-9c74-4857-b62c-0d97b88edda2{ip: 192.168.157.207, host: pr-hdds-2196-wn72n-1164029319, networkLocation: /default-rack, certSerialId: null}, Type:RATIS, Factor:ONE, State:OPEN]
2019-10-14 11:32:26,205 [grpc-default-executor-0] INFO  impl.RaftServerProxy (RaftServerProxy.java:addNew(89)) - ec3a2837-cb0d-4f51-a3ea-5e1be70e3360: addNew group-058D0246719A:[ec3a2837-cb0d-4f51-a3ea-5e1be70e3360:192.168.157.207:42220] returns group-058D0246719A:java.util.concurrent.CompletableFuture@5c39e2b8[Not completed]
2019-10-14 11:32:26,206 [pool-423-thread-1] INFO  impl.RaftServerImpl (RaftServerImpl.java:<init>(95)) - ec3a2837-cb0d-4f51-a3ea-5e1be70e3360: new RaftServerImpl for group-058D0246719A:[ec3a2837-cb0d-4f51-a3ea-5e1be70e3360:192.168.157.207:42220] with ContainerStateMachine:uninitialized
2019-10-14 11:32:26,206 [pool-423-thread-1] INFO  server.RaftServerConfigKeys (ConfUtils.java:logGet(43)) - raft.server.rpc.timeout.min = 5s (custom)
2019-10-14 11:32:26,206 [pool-423-thread-1] INFO  server.RaftServerConfigKeys (ConfUtils.java:logGet(43)) - raft.server.rpc.timeout.max = 5200ms (custom)
2019-10-14 11:32:26,206 [pool-423-thread-1] INFO  server.RaftServerConfigKeys (ConfUtils.java:logGet(43)) - raft.server.rpcslowness.timeout = 120s (custom)
2019-10-14 11:32:26,206 [pool-423-thread-1] INFO  server.RaftServerConfigKeys (ConfUtils.java:logGet(43)) - raft.server.sleep.deviation.threshold = 300 (default)
2019-10-14 11:32:26,207 [pool-423-thread-1] INFO  server.RaftServerConfigKeys (ConfUtils.java:logGet(43)) - raft.server.log.appender.install.snapshot.enabled = false (custom)
2019-10-14 11:32:26,207 [pool-423-thread-1] INFO  impl.RaftServerImpl (ServerState.java:<init>(103)) - ec3a2837-cb0d-4f51-a3ea-5e1be70e3360@group-058D0246719A: ConfigurationManager, init=-1: [ec3a2837-cb0d-4f51-a3ea-5e1be70e3360:192.168.157.207:42220], old=null, confs=<EMPTY_MAP>
2019-10-14 11:32:26,207 [pool-423-thread-1] INFO  server.RaftServerConfigKeys (ConfUtils.java:logGet(43)) - raft.server.storage.dir = [/workdir/hadoop-ozone/integration-test/target/test-dir/MiniOzoneClusterImpl-95aba73e-a2ce-4cb2-acaf-01244b70b3f2/datanode-4/data/ratis] (custom)
2019-10-14 11:32:26,207 [pool-423-thread-1] INFO  server.RaftServerConfigKeys (ConfUtils.java:logGet(43)) - raft.server.log.corruption.policy = EXCEPTION (default)
2019-10-14 11:32:26,207 [pool-423-thread-1] INFO  storage.RaftStorageDirectory (RaftStorageDirectory.java:analyzeStorage(246)) - The storage directory /workdir/hadoop-ozone/integration-test/target/test-dir/MiniOzoneClusterImpl-95aba73e-a2ce-4cb2-acaf-01244b70b3f2/datanode-4/data/ratis/c3658f74-7c97-43a0-b821-058d0246719a does not exist. Creating ...
2019-10-14 11:32:26,216 [IPC Server handler 4 on 43263] INFO  net.NetworkTopology (NetworkTopologyImpl.java:add(111)) - Added a new node: /default-rack/bf5a0562-303e-4741-95e7-68482fe7a3ed
2019-10-14 11:32:26,216 [IPC Server handler 4 on 43263] INFO  node.SCMNodeManager (SCMNodeManager.java:register(313)) - Registered Data node : bf5a0562-303e-4741-95e7-68482fe7a3ed{ip: 192.168.157.207, host: pr-hdds-2196-wn72n-1164029319, networkLocation: /default-rack, certSerialId: null}
2019-10-14 11:32:26,227 [pool-423-thread-1] INFO  storage.RaftStorageDirectory (RaftStorageDirectory.java:tryLock(328)) - Lock on /workdir/hadoop-ozone/integration-test/target/test-dir/MiniOzoneClusterImpl-95aba73e-a2ce-4cb2-acaf-01244b70b3f2/datanode-4/data/ratis/c3658f74-7c97-43a0-b821-058d0246719a/in_use.lock acquired by nodename 26295@pr-hdds-2196-wn72n-1164029319
2019-10-14 11:32:26,241 [pool-423-thread-1] INFO  storage.RaftStorage (RaftStorage.java:format(84)) - Storage directory /workdir/hadoop-ozone/integration-test/target/test-dir/MiniOzoneClusterImpl-95aba73e-a2ce-4cb2-acaf-01244b70b3f2/datanode-4/data/ratis/c3658f74-7c97-43a0-b821-058d0246719a has been successfully formatted.
2019-10-14 11:32:26,241 [pool-423-thread-1] INFO  ratis.ContainerStateMachine (ContainerStateMachine.java:loadSnapshot(231)) - group-058D0246719A: The snapshot info is null. Setting the last applied indexto:(t:0, i:~)
2019-10-14 11:32:26,241 [pool-423-thread-1] INFO  server.RaftServerConfigKeys (ConfUtils.java:logGet(43)) - raft.server.notification.no-leader.timeout = 120s (custom)
2019-10-14 11:32:26,241 [pool-423-thread-1] INFO  server.RaftServerConfigKeys (ConfUtils.java:logGet(43)) - raft.server.log.use.memory = false (default)
2019-10-14 11:32:26,241 [pool-423-thread-1] INFO  server.RaftServerConfigKeys (ConfUtils.java:logGet(43)) - raft.server.log.purge.gap = 1000000 (custom)
2019-10-14 11:32:26,241 [pool-423-thread-1] INFO  server.RaftServerConfigKeys (ConfUtils.java:logGet(43)) - raft.server.log.appender.buffer.byte-limit = 33554432 (custom)
2019-10-14 11:32:26,241 [pool-423-thread-1] INFO  server.RaftServerConfigKeys (ConfUtils.java:logGet(43)) - raft.server.log.segment.size.max = 1048576 (custom)
2019-10-14 11:32:26,243 [pool-423-thread-1] INFO  server.RaftServerConfigKeys (ConfUtils.java:logGet(43)) - raft.server.log.segment.cache.num.max = 2 (custom)
2019-10-14 11:32:26,243 [pool-423-thread-1] INFO  segmented.SegmentedRaftLogWorker (SegmentedRaftLogWorker.java:<init>(173)) - new ec3a2837-cb0d-4f51-a3ea-5e1be70e3360@group-058D0246719A-SegmentedRaftLogWorker for RaftStorage:Storage Directory /workdir/hadoop-ozone/integration-test/target/test-dir/MiniOzoneClusterImpl-95aba73e-a2ce-4cb2-acaf-01244b70b3f2/datanode-4/data/ratis/c3658f74-7c97-43a0-b821-058d0246719a
2019-10-14 11:32:26,243 [pool-423-thread-1] INFO  server.RaftServerConfigKeys (ConfUtils.java:logGet(43)) - raft.server.log.queue.byte-limit = 2147483647 (custom)
2019-10-14 11:32:26,243 [pool-423-thread-1] INFO  server.RaftServerConfigKeys (ConfUtils.java:logGet(43)) - raft.server.log.queue.element-limit = 1024 (custom)
2019-10-14 11:32:26,243 [pool-423-thread-1] INFO  server.RaftServerConfigKeys (ConfUtils.java:logGet(43)) - raft.server.log.segment.size.max = 1048576 (custom)
2019-10-14 11:32:26,243 [pool-423-thread-1] INFO  server.RaftServerConfigKeys (ConfUtils.java:logGet(43)) - raft.server.log.preallocated.size = 16384 (custom)
2019-10-14 11:32:26,243 [pool-423-thread-1] INFO  server.RaftServerConfigKeys (ConfUtils.java:logGet(43)) - raft.server.log.write.buffer.size = 33554432 (custom)
2019-10-14 11:32:26,243 [pool-423-thread-1] INFO  server.RaftServerConfigKeys (ConfUtils.java:logGet(43)) - raft.server.log.force.sync.num = 128 (default)
2019-10-14 11:32:26,244 [pool-423-thread-1] INFO  server.RaftServerConfigKeys (ConfUtils.java:logGet(43)) - raft.server.log.statemachine.data.sync = true (default)
2019-10-14 11:32:26,244 [pool-423-thread-1] INFO  server.RaftServerConfigKeys (ConfUtils.java:logGet(43)) - raft.server.log.statemachine.data.sync.timeout = 10s (default)
2019-10-14 11:32:26,244 [pool-423-thread-1] INFO  server.RaftServerConfigKeys (ConfUtils.java:logGet(43)) - raft.server.log.statemachine.data.sync.timeout.retry = -1 (default)
2019-10-14 11:32:26,244 [pool-423-thread-1] INFO  server.RaftServerConfigKeys (ConfUtils.java:logGet(43)) - raft.server.log.statemachine.data.caching.enabled = true (custom)
2019-10-14 11:32:26,244 [pool-423-thread-1] INFO  segmented.SegmentedRaftLogWorker (SegmentedRaftLogWorker.java:lambda$new$0(128)) - ec3a2837-cb0d-4f51-a3ea-5e1be70e3360@group-058D0246719A-SegmentedRaftLogWorker: flushIndex: setUnconditionally 0 -> -1
2019-10-14 11:32:26,245 [pool-423-thread-1] INFO  server.RaftServerConfigKeys (ConfUtils.java:logGet(43)) - raft.server.snapshot.auto.trigger.enabled = true (custom)
2019-10-14 11:32:26,245 [pool-423-thread-1] INFO  server.RaftServerConfigKeys (ConfUtils.java:logGet(43)) - raft.server.snapshot.auto.trigger.threshold = 10000 (custom)
2019-10-14 11:32:26,245 [pool-423-thread-1] INFO  server.RaftServerConfigKeys (ConfUtils.java:logGet(43)) - raft.server.snapshot.retention.file.num = 5 (custom)
2019-10-14 11:32:26,245 [pool-423-thread-1] INFO  server.RaftServerConfigKeys (ConfUtils.java:logGet(43)) - raft.server.retrycache.expirytime = 600000ms (custom)
2019-10-14 11:32:26,246 [pool-423-thread-1] INFO  impl.RaftServerImpl (RaftServerImpl.java:start(181)) - ec3a2837-cb0d-4f51-a3ea-5e1be70e3360@group-058D0246719A: start as a follower, conf=-1: [ec3a2837-cb0d-4f51-a3ea-5e1be70e3360:192.168.157.207:42220], old=null
2019-10-14 11:32:26,246 [pool-423-thread-1] INFO  impl.RaftServerImpl (RaftServerImpl.java:setRole(170)) - ec3a2837-cb0d-4f51-a3ea-5e1be70e3360@group-058D0246719A: changes role from      null to FOLLOWER at term 0 for startAsFollower
2019-10-14 11:32:26,246 [pool-423-thread-1] INFO  impl.RoleInfo (RoleInfo.java:updateAndGet(143)) - ec3a2837-cb0d-4f51-a3ea-5e1be70e3360: start FollowerState
2019-10-14 11:32:26,246 [pool-423-thread-1] INFO  util.JmxRegister (JmxRegister.java:tryRegister(44)) - Successfully registered JMX Bean with object name Ratis:service=RaftServer,group=group-058D0246719A,id=ec3a2837-cb0d-4f51-a3ea-5e1be70e3360
2019-10-14 11:32:26,250 [RatisPipelineUtilsThread] INFO  pipeline.PipelineStateManager (PipelineStateManager.java:addPipeline(56)) - Created pipeline Pipeline[ Id: c3658f74-7c97-43a0-b821-058d0246719a, Nodes: ec3a2837-cb0d-4f51-a3ea-5e1be70e3360{ip: 192.168.157.207, host: pr-hdds-2196-wn72n-1164029319, networkLocation: /default-rack, certSerialId: null}, Type:RATIS, Factor:ONE, State:OPEN]
2019-10-14 11:32:26,256 [grpc-default-executor-0] INFO  impl.RaftServerProxy (RaftServerProxy.java:addNew(89)) - bf5a0562-303e-4741-95e7-68482fe7a3ed: addNew group-920AD1A7F9C0:[bf5a0562-303e-4741-95e7-68482fe7a3ed:192.168.157.207:36698] returns group-920AD1A7F9C0:java.util.concurrent.CompletableFuture@19072c3a[Not completed]
2019-10-14 11:32:26,257 [pool-433-thread-1] INFO  impl.RaftServerImpl (RaftServerImpl.java:<init>(95)) - bf5a0562-303e-4741-95e7-68482fe7a3ed: new RaftServerImpl for group-920AD1A7F9C0:[bf5a0562-303e-4741-95e7-68482fe7a3ed:192.168.157.207:36698] with ContainerStateMachine:uninitialized
2019-10-14 11:32:26,257 [pool-433-thread-1] INFO  server.RaftServerConfigKeys (ConfUtils.java:logGet(43)) - raft.server.rpc.timeout.min = 5s (custom)
2019-10-14 11:32:26,257 [pool-433-thread-1] INFO  server.RaftServerConfigKeys (ConfUtils.java:logGet(43)) - raft.server.rpc.timeout.max = 5200ms (custom)
2019-10-14 11:32:26,257 [pool-433-thread-1] INFO  server.RaftServerConfigKeys (ConfUtils.java:logGet(43)) - raft.server.rpcslowness.timeout = 120s (custom)
2019-10-14 11:32:26,257 [pool-433-thread-1] INFO  server.RaftServerConfigKeys (ConfUtils.java:logGet(43)) - raft.server.sleep.deviation.threshold = 300 (default)
2019-10-14 11:32:26,257 [pool-433-thread-1] INFO  server.RaftServerConfigKeys (ConfUtils.java:logGet(43)) - raft.server.log.appender.install.snapshot.enabled = false (custom)
2019-10-14 11:32:26,257 [pool-433-thread-1] INFO  impl.RaftServerImpl (ServerState.java:<init>(103)) - bf5a0562-303e-4741-95e7-68482fe7a3ed@group-920AD1A7F9C0: ConfigurationManager, init=-1: [bf5a0562-303e-4741-95e7-68482fe7a3ed:192.168.157.207:36698], old=null, confs=<EMPTY_MAP>
2019-10-14 11:32:26,257 [pool-433-thread-1] INFO  server.RaftServerConfigKeys (ConfUtils.java:logGet(43)) - raft.server.storage.dir = [/workdir/hadoop-ozone/integration-test/target/test-dir/MiniOzoneClusterImpl-95aba73e-a2ce-4cb2-acaf-01244b70b3f2/datanode-5/data/ratis] (custom)
2019-10-14 11:32:26,258 [pool-433-thread-1] INFO  server.RaftServerConfigKeys (ConfUtils.java:logGet(43)) - raft.server.log.corruption.policy = EXCEPTION (default)
2019-10-14 11:32:26,258 [pool-433-thread-1] INFO  storage.RaftStorageDirectory (RaftStorageDirectory.java:analyzeStorage(246)) - The storage directory /workdir/hadoop-ozone/integration-test/target/test-dir/MiniOzoneClusterImpl-95aba73e-a2ce-4cb2-acaf-01244b70b3f2/datanode-5/data/ratis/3c3c78a7-b4f1-417b-8d87-920ad1a7f9c0 does not exist. Creating ...
2019-10-14 11:32:26,271 [pool-433-thread-1] INFO  storage.RaftStorageDirectory (RaftStorageDirectory.java:tryLock(328)) - Lock on /workdir/hadoop-ozone/integration-test/target/test-dir/MiniOzoneClusterImpl-95aba73e-a2ce-4cb2-acaf-01244b70b3f2/datanode-5/data/ratis/3c3c78a7-b4f1-417b-8d87-920ad1a7f9c0/in_use.lock acquired by nodename 26295@pr-hdds-2196-wn72n-1164029319
2019-10-14 11:32:26,282 [main] INFO  ozone.MiniOzoneClusterImpl (MiniOzoneClusterImpl.java:lambda$waitForClusterToBeReady$0(147)) - Waiting for cluster to be ready. Got 6 of 7 DN Heartbeats.
2019-10-14 11:32:26,283 [IPC Server handler 5 on 43263] INFO  net.NetworkTopology (NetworkTopologyImpl.java:add(111)) - Added a new node: /default-rack/4584dad4-a1ca-47d4-8076-08c1e2a710fb
2019-10-14 11:32:26,283 [IPC Server handler 5 on 43263] INFO  node.SCMNodeManager (SCMNodeManager.java:register(313)) - Registered Data node : 4584dad4-a1ca-47d4-8076-08c1e2a710fb{ip: 192.168.157.207, host: pr-hdds-2196-wn72n-1164029319, networkLocation: /default-rack, certSerialId: null}
2019-10-14 11:32:26,284 [pool-433-thread-1] INFO  storage.RaftStorage (RaftStorage.java:format(84)) - Storage directory /workdir/hadoop-ozone/integration-test/target/test-dir/MiniOzoneClusterImpl-95aba73e-a2ce-4cb2-acaf-01244b70b3f2/datanode-5/data/ratis/3c3c78a7-b4f1-417b-8d87-920ad1a7f9c0 has been successfully formatted.
2019-10-14 11:32:26,284 [pool-433-thread-1] INFO  ratis.ContainerStateMachine (ContainerStateMachine.java:loadSnapshot(231)) - group-920AD1A7F9C0: The snapshot info is null. Setting the last applied indexto:(t:0, i:~)
2019-10-14 11:32:26,284 [pool-433-thread-1] INFO  server.RaftServerConfigKeys (ConfUtils.java:logGet(43)) - raft.server.notification.no-leader.timeout = 120s (custom)
2019-10-14 11:32:26,284 [pool-433-thread-1] INFO  server.RaftServerConfigKeys (ConfUtils.java:logGet(43)) - raft.server.log.use.memory = false (default)
2019-10-14 11:32:26,284 [pool-433-thread-1] INFO  server.RaftServerConfigKeys (ConfUtils.java:logGet(43)) - raft.server.log.purge.gap = 1000000 (custom)
2019-10-14 11:32:26,284 [pool-433-thread-1] INFO  server.RaftServerConfigKeys (ConfUtils.java:logGet(43)) - raft.server.log.appender.buffer.byte-limit = 33554432 (custom)
2019-10-14 11:32:26,284 [pool-433-thread-1] INFO  server.RaftServerConfigKeys (ConfUtils.java:logGet(43)) - raft.server.log.segment.size.max = 1048576 (custom)
2019-10-14 11:32:26,286 [pool-433-thread-1] INFO  server.RaftServerConfigKeys (ConfUtils.java:logGet(43)) - raft.server.log.segment.cache.num.max = 2 (custom)
2019-10-14 11:32:26,286 [pool-433-thread-1] INFO  segmented.SegmentedRaftLogWorker (SegmentedRaftLogWorker.java:<init>(173)) - new bf5a0562-303e-4741-95e7-68482fe7a3ed@group-920AD1A7F9C0-SegmentedRaftLogWorker for RaftStorage:Storage Directory /workdir/hadoop-ozone/integration-test/target/test-dir/MiniOzoneClusterImpl-95aba73e-a2ce-4cb2-acaf-01244b70b3f2/datanode-5/data/ratis/3c3c78a7-b4f1-417b-8d87-920ad1a7f9c0
2019-10-14 11:32:26,286 [pool-433-thread-1] INFO  server.RaftServerConfigKeys (ConfUtils.java:logGet(43)) - raft.server.log.queue.byte-limit = 2147483647 (custom)
2019-10-14 11:32:26,286 [pool-433-thread-1] INFO  server.RaftServerConfigKeys (ConfUtils.java:logGet(43)) - raft.server.log.queue.element-limit = 1024 (custom)
2019-10-14 11:32:26,286 [pool-433-thread-1] INFO  server.RaftServerConfigKeys (ConfUtils.java:logGet(43)) - raft.server.log.segment.size.max = 1048576 (custom)
2019-10-14 11:32:26,286 [pool-433-thread-1] INFO  server.RaftServerConfigKeys (ConfUtils.java:logGet(43)) - raft.server.log.preallocated.size = 16384 (custom)
2019-10-14 11:32:26,286 [pool-433-thread-1] INFO  server.RaftServerConfigKeys (ConfUtils.java:logGet(43)) - raft.server.log.write.buffer.size = 33554432 (custom)
2019-10-14 11:32:26,286 [pool-433-thread-1] INFO  server.RaftServerConfigKeys (ConfUtils.java:logGet(43)) - raft.server.log.force.sync.num = 128 (default)
2019-10-14 11:32:26,286 [pool-433-thread-1] INFO  server.RaftServerConfigKeys (ConfUtils.java:logGet(43)) - raft.server.log.statemachine.data.sync = true (default)
2019-10-14 11:32:26,286 [pool-433-thread-1] INFO  server.RaftServerConfigKeys (ConfUtils.java:logGet(43)) - raft.server.log.statemachine.data.sync.timeout = 10s (default)
2019-10-14 11:32:26,287 [pool-433-thread-1] INFO  server.RaftServerConfigKeys (ConfUtils.java:logGet(43)) - raft.server.log.statemachine.data.sync.timeout.retry = -1 (default)
2019-10-14 11:32:26,287 [pool-433-thread-1] INFO  server.RaftServerConfigKeys (ConfUtils.java:logGet(43)) - raft.server.log.statemachine.data.caching.enabled = true (custom)
2019-10-14 11:32:26,287 [pool-433-thread-1] INFO  segmented.SegmentedRaftLogWorker (SegmentedRaftLogWorker.java:lambda$new$0(128)) - bf5a0562-303e-4741-95e7-68482fe7a3ed@group-920AD1A7F9C0-SegmentedRaftLogWorker: flushIndex: setUnconditionally 0 -> -1
2019-10-14 11:32:26,287 [pool-433-thread-1] INFO  server.RaftServerConfigKeys (ConfUtils.java:logGet(43)) - raft.server.snapshot.auto.trigger.enabled = true (custom)
2019-10-14 11:32:26,287 [pool-433-thread-1] INFO  server.RaftServerConfigKeys (ConfUtils.java:logGet(43)) - raft.server.snapshot.auto.trigger.threshold = 10000 (custom)
2019-10-14 11:32:26,287 [pool-433-thread-1] INFO  server.RaftServerConfigKeys (ConfUtils.java:logGet(43)) - raft.server.snapshot.retention.file.num = 5 (custom)
2019-10-14 11:32:26,288 [pool-433-thread-1] INFO  server.RaftServerConfigKeys (ConfUtils.java:logGet(43)) - raft.server.retrycache.expirytime = 600000ms (custom)
2019-10-14 11:32:26,289 [pool-433-thread-1] INFO  impl.RaftServerImpl (RaftServerImpl.java:start(181)) - bf5a0562-303e-4741-95e7-68482fe7a3ed@group-920AD1A7F9C0: start as a follower, conf=-1: [bf5a0562-303e-4741-95e7-68482fe7a3ed:192.168.157.207:36698], old=null
2019-10-14 11:32:26,289 [pool-433-thread-1] INFO  impl.RaftServerImpl (RaftServerImpl.java:setRole(170)) - bf5a0562-303e-4741-95e7-68482fe7a3ed@group-920AD1A7F9C0: changes role from      null to FOLLOWER at term 0 for startAsFollower
2019-10-14 11:32:26,289 [pool-433-thread-1] INFO  impl.RoleInfo (RoleInfo.java:updateAndGet(143)) - bf5a0562-303e-4741-95e7-68482fe7a3ed: start FollowerState
2019-10-14 11:32:26,289 [pool-433-thread-1] INFO  util.JmxRegister (JmxRegister.java:tryRegister(44)) - Successfully registered JMX Bean with object name Ratis:service=RaftServer,group=group-920AD1A7F9C0,id=bf5a0562-303e-4741-95e7-68482fe7a3ed
2019-10-14 11:32:26,292 [RatisPipelineUtilsThread] INFO  pipeline.PipelineStateManager (PipelineStateManager.java:addPipeline(56)) - Created pipeline Pipeline[ Id: 3c3c78a7-b4f1-417b-8d87-920ad1a7f9c0, Nodes: bf5a0562-303e-4741-95e7-68482fe7a3ed{ip: 192.168.157.207, host: pr-hdds-2196-wn72n-1164029319, networkLocation: /default-rack, certSerialId: null}, Type:RATIS, Factor:ONE, State:OPEN]
2019-10-14 11:32:26,298 [grpc-default-executor-0] INFO  impl.RaftServerProxy (RaftServerProxy.java:addNew(89)) - 4584dad4-a1ca-47d4-8076-08c1e2a710fb: addNew group-901A95718A4D:[4584dad4-a1ca-47d4-8076-08c1e2a710fb:192.168.157.207:37190] returns group-901A95718A4D:java.util.concurrent.CompletableFuture@83ba84d[Not completed]
2019-10-14 11:32:26,299 [pool-443-thread-1] INFO  impl.RaftServerImpl (RaftServerImpl.java:<init>(95)) - 4584dad4-a1ca-47d4-8076-08c1e2a710fb: new RaftServerImpl for group-901A95718A4D:[4584dad4-a1ca-47d4-8076-08c1e2a710fb:192.168.157.207:37190] with ContainerStateMachine:uninitialized
2019-10-14 11:32:26,299 [pool-443-thread-1] INFO  server.RaftServerConfigKeys (ConfUtils.java:logGet(43)) - raft.server.rpc.timeout.min = 5s (custom)
2019-10-14 11:32:26,299 [pool-443-thread-1] INFO  server.RaftServerConfigKeys (ConfUtils.java:logGet(43)) - raft.server.rpc.timeout.max = 5200ms (custom)
2019-10-14 11:32:26,300 [pool-443-thread-1] INFO  server.RaftServerConfigKeys (ConfUtils.java:logGet(43)) - raft.server.rpcslowness.timeout = 120s (custom)
2019-10-14 11:32:26,300 [pool-443-thread-1] INFO  server.RaftServerConfigKeys (ConfUtils.java:logGet(43)) - raft.server.sleep.deviation.threshold = 300 (default)
2019-10-14 11:32:26,300 [pool-443-thread-1] INFO  server.RaftServerConfigKeys (ConfUtils.java:logGet(43)) - raft.server.log.appender.install.snapshot.enabled = false (custom)
2019-10-14 11:32:26,300 [pool-443-thread-1] INFO  impl.RaftServerImpl (ServerState.java:<init>(103)) - 4584dad4-a1ca-47d4-8076-08c1e2a710fb@group-901A95718A4D: ConfigurationManager, init=-1: [4584dad4-a1ca-47d4-8076-08c1e2a710fb:192.168.157.207:37190], old=null, confs=<EMPTY_MAP>
2019-10-14 11:32:26,300 [pool-443-thread-1] INFO  server.RaftServerConfigKeys (ConfUtils.java:logGet(43)) - raft.server.storage.dir = [/workdir/hadoop-ozone/integration-test/target/test-dir/MiniOzoneClusterImpl-95aba73e-a2ce-4cb2-acaf-01244b70b3f2/datanode-6/data/ratis] (custom)
2019-10-14 11:32:26,300 [pool-443-thread-1] INFO  server.RaftServerConfigKeys (ConfUtils.java:logGet(43)) - raft.server.log.corruption.policy = EXCEPTION (default)
2019-10-14 11:32:26,300 [pool-443-thread-1] INFO  storage.RaftStorageDirectory (RaftStorageDirectory.java:analyzeStorage(246)) - The storage directory /workdir/hadoop-ozone/integration-test/target/test-dir/MiniOzoneClusterImpl-95aba73e-a2ce-4cb2-acaf-01244b70b3f2/datanode-6/data/ratis/dd1c0aa9-653e-4210-a540-901a95718a4d does not exist. Creating ...
2019-10-14 11:32:26,313 [pool-443-thread-1] INFO  storage.RaftStorageDirectory (RaftStorageDirectory.java:tryLock(328)) - Lock on /workdir/hadoop-ozone/integration-test/target/test-dir/MiniOzoneClusterImpl-95aba73e-a2ce-4cb2-acaf-01244b70b3f2/datanode-6/data/ratis/dd1c0aa9-653e-4210-a540-901a95718a4d/in_use.lock acquired by nodename 26295@pr-hdds-2196-wn72n-1164029319
2019-10-14 11:32:26,326 [pool-443-thread-1] INFO  storage.RaftStorage (RaftStorage.java:format(84)) - Storage directory /workdir/hadoop-ozone/integration-test/target/test-dir/MiniOzoneClusterImpl-95aba73e-a2ce-4cb2-acaf-01244b70b3f2/datanode-6/data/ratis/dd1c0aa9-653e-4210-a540-901a95718a4d has been successfully formatted.
2019-10-14 11:32:26,327 [pool-443-thread-1] INFO  ratis.ContainerStateMachine (ContainerStateMachine.java:loadSnapshot(231)) - group-901A95718A4D: The snapshot info is null. Setting the last applied indexto:(t:0, i:~)
2019-10-14 11:32:26,327 [pool-443-thread-1] INFO  server.RaftServerConfigKeys (ConfUtils.java:logGet(43)) - raft.server.notification.no-leader.timeout = 120s (custom)
2019-10-14 11:32:26,327 [pool-443-thread-1] INFO  server.RaftServerConfigKeys (ConfUtils.java:logGet(43)) - raft.server.log.use.memory = false (default)
2019-10-14 11:32:26,327 [pool-443-thread-1] INFO  server.RaftServerConfigKeys (ConfUtils.java:logGet(43)) - raft.server.log.purge.gap = 1000000 (custom)
2019-10-14 11:32:26,327 [pool-443-thread-1] INFO  server.RaftServerConfigKeys (ConfUtils.java:logGet(43)) - raft.server.log.appender.buffer.byte-limit = 33554432 (custom)
2019-10-14 11:32:26,327 [pool-443-thread-1] INFO  server.RaftServerConfigKeys (ConfUtils.java:logGet(43)) - raft.server.log.segment.size.max = 1048576 (custom)
2019-10-14 11:32:26,329 [pool-443-thread-1] INFO  server.RaftServerConfigKeys (ConfUtils.java:logGet(43)) - raft.server.log.segment.cache.num.max = 2 (custom)
2019-10-14 11:32:26,329 [pool-443-thread-1] INFO  segmented.SegmentedRaftLogWorker (SegmentedRaftLogWorker.java:<init>(173)) - new 4584dad4-a1ca-47d4-8076-08c1e2a710fb@group-901A95718A4D-SegmentedRaftLogWorker for RaftStorage:Storage Directory /workdir/hadoop-ozone/integration-test/target/test-dir/MiniOzoneClusterImpl-95aba73e-a2ce-4cb2-acaf-01244b70b3f2/datanode-6/data/ratis/dd1c0aa9-653e-4210-a540-901a95718a4d
2019-10-14 11:32:26,329 [pool-443-thread-1] INFO  server.RaftServerConfigKeys (ConfUtils.java:logGet(43)) - raft.server.log.queue.byte-limit = 2147483647 (custom)
2019-10-14 11:32:26,329 [pool-443-thread-1] INFO  server.RaftServerConfigKeys (ConfUtils.java:logGet(43)) - raft.server.log.queue.element-limit = 1024 (custom)
2019-10-14 11:32:26,329 [pool-443-thread-1] INFO  server.RaftServerConfigKeys (ConfUtils.java:logGet(43)) - raft.server.log.segment.size.max = 1048576 (custom)
2019-10-14 11:32:26,329 [pool-443-thread-1] INFO  server.RaftServerConfigKeys (ConfUtils.java:logGet(43)) - raft.server.log.preallocated.size = 16384 (custom)
2019-10-14 11:32:26,329 [pool-443-thread-1] INFO  server.RaftServerConfigKeys (ConfUtils.java:logGet(43)) - raft.server.log.write.buffer.size = 33554432 (custom)
2019-10-14 11:32:26,329 [pool-443-thread-1] INFO  server.RaftServerConfigKeys (ConfUtils.java:logGet(43)) - raft.server.log.force.sync.num = 128 (default)
2019-10-14 11:32:26,329 [pool-443-thread-1] INFO  server.RaftServerConfigKeys (ConfUtils.java:logGet(43)) - raft.server.log.statemachine.data.sync = true (default)
2019-10-14 11:32:26,329 [pool-443-thread-1] INFO  server.RaftServerConfigKeys (ConfUtils.java:logGet(43)) - raft.server.log.statemachine.data.sync.timeout = 10s (default)
2019-10-14 11:32:26,329 [pool-443-thread-1] INFO  server.RaftServerConfigKeys (ConfUtils.java:logGet(43)) - raft.server.log.statemachine.data.sync.timeout.retry = -1 (default)
2019-10-14 11:32:26,330 [pool-443-thread-1] INFO  server.RaftServerConfigKeys (ConfUtils.java:logGet(43)) - raft.server.log.statemachine.data.caching.enabled = true (custom)
2019-10-14 11:32:26,330 [pool-443-thread-1] INFO  segmented.SegmentedRaftLogWorker (SegmentedRaftLogWorker.java:lambda$new$0(128)) - 4584dad4-a1ca-47d4-8076-08c1e2a710fb@group-901A95718A4D-SegmentedRaftLogWorker: flushIndex: setUnconditionally 0 -> -1
2019-10-14 11:32:26,330 [pool-443-thread-1] INFO  server.RaftServerConfigKeys (ConfUtils.java:logGet(43)) - raft.server.snapshot.auto.trigger.enabled = true (custom)
2019-10-14 11:32:26,330 [pool-443-thread-1] INFO  server.RaftServerConfigKeys (ConfUtils.java:logGet(43)) - raft.server.snapshot.auto.trigger.threshold = 10000 (custom)
2019-10-14 11:32:26,330 [pool-443-thread-1] INFO  server.RaftServerConfigKeys (ConfUtils.java:logGet(43)) - raft.server.snapshot.retention.file.num = 5 (custom)
2019-10-14 11:32:26,330 [pool-443-thread-1] INFO  server.RaftServerConfigKeys (ConfUtils.java:logGet(43)) - raft.server.retrycache.expirytime = 600000ms (custom)
2019-10-14 11:32:26,332 [pool-443-thread-1] INFO  impl.RaftServerImpl (RaftServerImpl.java:start(181)) - 4584dad4-a1ca-47d4-8076-08c1e2a710fb@group-901A95718A4D: start as a follower, conf=-1: [4584dad4-a1ca-47d4-8076-08c1e2a710fb:192.168.157.207:37190], old=null
2019-10-14 11:32:26,332 [pool-443-thread-1] INFO  impl.RaftServerImpl (RaftServerImpl.java:setRole(170)) - 4584dad4-a1ca-47d4-8076-08c1e2a710fb@group-901A95718A4D: changes role from      null to FOLLOWER at term 0 for startAsFollower
2019-10-14 11:32:26,332 [pool-443-thread-1] INFO  impl.RoleInfo (RoleInfo.java:updateAndGet(143)) - 4584dad4-a1ca-47d4-8076-08c1e2a710fb: start FollowerState
2019-10-14 11:32:26,332 [pool-443-thread-1] INFO  util.JmxRegister (JmxRegister.java:tryRegister(44)) - Successfully registered JMX Bean with object name Ratis:service=RaftServer,group=group-901A95718A4D,id=4584dad4-a1ca-47d4-8076-08c1e2a710fb
2019-10-14 11:32:26,336 [RatisPipelineUtilsThread] INFO  pipeline.PipelineStateManager (PipelineStateManager.java:addPipeline(56)) - Created pipeline Pipeline[ Id: dd1c0aa9-653e-4210-a540-901a95718a4d, Nodes: 4584dad4-a1ca-47d4-8076-08c1e2a710fb{ip: 192.168.157.207, host: pr-hdds-2196-wn72n-1164029319, networkLocation: /default-rack, certSerialId: null}, Type:RATIS, Factor:ONE, State:OPEN]
2019-10-14 11:32:26,366 [grpc-default-executor-6] INFO  impl.RaftServerProxy (RaftServerProxy.java:addNew(89)) - 4584dad4-a1ca-47d4-8076-08c1e2a710fb: addNew group-55914A942442:[bf5a0562-303e-4741-95e7-68482fe7a3ed:192.168.157.207:36698, 66f555dd-9c74-4857-b62c-0d97b88edda2:192.168.157.207:34228, 4584dad4-a1ca-47d4-8076-08c1e2a710fb:192.168.157.207:37190] returns group-55914A942442:java.util.concurrent.CompletableFuture@1cb350b3[Not completed]
2019-10-14 11:32:26,366 [grpc-default-executor-0] INFO  impl.RaftServerProxy (RaftServerProxy.java:addNew(89)) - bf5a0562-303e-4741-95e7-68482fe7a3ed: addNew group-55914A942442:[bf5a0562-303e-4741-95e7-68482fe7a3ed:192.168.157.207:36698, 66f555dd-9c74-4857-b62c-0d97b88edda2:192.168.157.207:34228, 4584dad4-a1ca-47d4-8076-08c1e2a710fb:192.168.157.207:37190] returns group-55914A942442:java.util.concurrent.CompletableFuture@63822322[Not completed]
2019-10-14 11:32:26,366 [grpc-default-executor-7] INFO  impl.RaftServerProxy (RaftServerProxy.java:addNew(89)) - 66f555dd-9c74-4857-b62c-0d97b88edda2: addNew group-55914A942442:[bf5a0562-303e-4741-95e7-68482fe7a3ed:192.168.157.207:36698, 66f555dd-9c74-4857-b62c-0d97b88edda2:192.168.157.207:34228, 4584dad4-a1ca-47d4-8076-08c1e2a710fb:192.168.157.207:37190] returns group-55914A942442:java.util.concurrent.CompletableFuture@40c7027d[Not completed]
2019-10-14 11:32:26,367 [pool-433-thread-1] INFO  impl.RaftServerImpl (RaftServerImpl.java:<init>(95)) - bf5a0562-303e-4741-95e7-68482fe7a3ed: new RaftServerImpl for group-55914A942442:[bf5a0562-303e-4741-95e7-68482fe7a3ed:192.168.157.207:36698, 66f555dd-9c74-4857-b62c-0d97b88edda2:192.168.157.207:34228, 4584dad4-a1ca-47d4-8076-08c1e2a710fb:192.168.157.207:37190] with ContainerStateMachine:uninitialized
2019-10-14 11:32:26,367 [pool-433-thread-1] INFO  server.RaftServerConfigKeys (ConfUtils.java:logGet(43)) - raft.server.rpc.timeout.min = 5s (custom)
2019-10-14 11:32:26,367 [pool-433-thread-1] INFO  server.RaftServerConfigKeys (ConfUtils.java:logGet(43)) - raft.server.rpc.timeout.max = 5200ms (custom)
2019-10-14 11:32:26,367 [pool-433-thread-1] INFO  server.RaftServerConfigKeys (ConfUtils.java:logGet(43)) - raft.server.rpcslowness.timeout = 120s (custom)
2019-10-14 11:32:26,367 [pool-433-thread-1] INFO  server.RaftServerConfigKeys (ConfUtils.java:logGet(43)) - raft.server.sleep.deviation.threshold = 300 (default)
2019-10-14 11:32:26,368 [pool-433-thread-1] INFO  server.RaftServerConfigKeys (ConfUtils.java:logGet(43)) - raft.server.log.appender.install.snapshot.enabled = false (custom)
2019-10-14 11:32:26,368 [pool-413-thread-1] INFO  impl.RaftServerImpl (RaftServerImpl.java:<init>(95)) - 66f555dd-9c74-4857-b62c-0d97b88edda2: new RaftServerImpl for group-55914A942442:[bf5a0562-303e-4741-95e7-68482fe7a3ed:192.168.157.207:36698, 66f555dd-9c74-4857-b62c-0d97b88edda2:192.168.157.207:34228, 4584dad4-a1ca-47d4-8076-08c1e2a710fb:192.168.157.207:37190] with ContainerStateMachine:uninitialized
2019-10-14 11:32:26,368 [pool-433-thread-1] INFO  impl.RaftServerImpl (ServerState.java:<init>(103)) - bf5a0562-303e-4741-95e7-68482fe7a3ed@group-55914A942442: ConfigurationManager, init=-1: [bf5a0562-303e-4741-95e7-68482fe7a3ed:192.168.157.207:36698, 66f555dd-9c74-4857-b62c-0d97b88edda2:192.168.157.207:34228, 4584dad4-a1ca-47d4-8076-08c1e2a710fb:192.168.157.207:37190], old=null, confs=<EMPTY_MAP>
2019-10-14 11:32:26,368 [pool-413-thread-1] INFO  server.RaftServerConfigKeys (ConfUtils.java:logGet(43)) - raft.server.rpc.timeout.min = 5s (custom)
2019-10-14 11:32:26,368 [pool-433-thread-1] INFO  server.RaftServerConfigKeys (ConfUtils.java:logGet(43)) - raft.server.storage.dir = [/workdir/hadoop-ozone/integration-test/target/test-dir/MiniOzoneClusterImpl-95aba73e-a2ce-4cb2-acaf-01244b70b3f2/datanode-5/data/ratis] (custom)
2019-10-14 11:32:26,368 [pool-413-thread-1] INFO  server.RaftServerConfigKeys (ConfUtils.java:logGet(43)) - raft.server.rpc.timeout.max = 5200ms (custom)
2019-10-14 11:32:26,368 [pool-413-thread-1] INFO  server.RaftServerConfigKeys (ConfUtils.java:logGet(43)) - raft.server.rpcslowness.timeout = 120s (custom)
2019-10-14 11:32:26,368 [pool-443-thread-1] INFO  impl.RaftServerImpl (RaftServerImpl.java:<init>(95)) - 4584dad4-a1ca-47d4-8076-08c1e2a710fb: new RaftServerImpl for group-55914A942442:[bf5a0562-303e-4741-95e7-68482fe7a3ed:192.168.157.207:36698, 66f555dd-9c74-4857-b62c-0d97b88edda2:192.168.157.207:34228, 4584dad4-a1ca-47d4-8076-08c1e2a710fb:192.168.157.207:37190] with ContainerStateMachine:uninitialized
2019-10-14 11:32:26,368 [pool-433-thread-1] INFO  server.RaftServerConfigKeys (ConfUtils.java:logGet(43)) - raft.server.log.corruption.policy = EXCEPTION (default)
2019-10-14 11:32:26,369 [pool-443-thread-1] INFO  server.RaftServerConfigKeys (ConfUtils.java:logGet(43)) - raft.server.rpc.timeout.min = 5s (custom)
2019-10-14 11:32:26,368 [pool-413-thread-1] INFO  server.RaftServerConfigKeys (ConfUtils.java:logGet(43)) - raft.server.sleep.deviation.threshold = 300 (default)
2019-10-14 11:32:26,369 [pool-443-thread-1] INFO  server.RaftServerConfigKeys (ConfUtils.java:logGet(43)) - raft.server.rpc.timeout.max = 5200ms (custom)
2019-10-14 11:32:26,369 [pool-433-thread-1] INFO  storage.RaftStorageDirectory (RaftStorageDirectory.java:analyzeStorage(246)) - The storage directory /workdir/hadoop-ozone/integration-test/target/test-dir/MiniOzoneClusterImpl-95aba73e-a2ce-4cb2-acaf-01244b70b3f2/datanode-5/data/ratis/8a370bab-4d8b-4ce7-9465-55914a942442 does not exist. Creating ...
2019-10-14 11:32:26,369 [pool-443-thread-1] INFO  server.RaftServerConfigKeys (ConfUtils.java:logGet(43)) - raft.server.rpcslowness.timeout = 120s (custom)
2019-10-14 11:32:26,369 [pool-413-thread-1] INFO  server.RaftServerConfigKeys (ConfUtils.java:logGet(43)) - raft.server.log.appender.install.snapshot.enabled = false (custom)
2019-10-14 11:32:26,369 [pool-443-thread-1] INFO  server.RaftServerConfigKeys (ConfUtils.java:logGet(43)) - raft.server.sleep.deviation.threshold = 300 (default)
2019-10-14 11:32:26,370 [pool-413-thread-1] INFO  impl.RaftServerImpl (ServerState.java:<init>(103)) - 66f555dd-9c74-4857-b62c-0d97b88edda2@group-55914A942442: ConfigurationManager, init=-1: [bf5a0562-303e-4741-95e7-68482fe7a3ed:192.168.157.207:36698, 66f555dd-9c74-4857-b62c-0d97b88edda2:192.168.157.207:34228, 4584dad4-a1ca-47d4-8076-08c1e2a710fb:192.168.157.207:37190], old=null, confs=<EMPTY_MAP>
2019-10-14 11:32:26,370 [pool-443-thread-1] INFO  server.RaftServerConfigKeys (ConfUtils.java:logGet(43)) - raft.server.log.appender.install.snapshot.enabled = false (custom)
2019-10-14 11:32:26,371 [pool-413-thread-1] INFO  server.RaftServerConfigKeys (ConfUtils.java:logGet(43)) - raft.server.storage.dir = [/workdir/hadoop-ozone/integration-test/target/test-dir/MiniOzoneClusterImpl-95aba73e-a2ce-4cb2-acaf-01244b70b3f2/datanode-3/data/ratis] (custom)
2019-10-14 11:32:26,371 [pool-443-thread-1] INFO  impl.RaftServerImpl (ServerState.java:<init>(103)) - 4584dad4-a1ca-47d4-8076-08c1e2a710fb@group-55914A942442: ConfigurationManager, init=-1: [bf5a0562-303e-4741-95e7-68482fe7a3ed:192.168.157.207:36698, 66f555dd-9c74-4857-b62c-0d97b88edda2:192.168.157.207:34228, 4584dad4-a1ca-47d4-8076-08c1e2a710fb:192.168.157.207:37190], old=null, confs=<EMPTY_MAP>
2019-10-14 11:32:26,371 [pool-443-thread-1] INFO  server.RaftServerConfigKeys (ConfUtils.java:logGet(43)) - raft.server.storage.dir = [/workdir/hadoop-ozone/integration-test/target/test-dir/MiniOzoneClusterImpl-95aba73e-a2ce-4cb2-acaf-01244b70b3f2/datanode-6/data/ratis] (custom)
2019-10-14 11:32:26,371 [pool-413-thread-1] INFO  server.RaftServerConfigKeys (ConfUtils.java:logGet(43)) - raft.server.log.corruption.policy = EXCEPTION (default)
2019-10-14 11:32:26,371 [pool-443-thread-1] INFO  server.RaftServerConfigKeys (ConfUtils.java:logGet(43)) - raft.server.log.corruption.policy = EXCEPTION (default)
2019-10-14 11:32:26,371 [pool-413-thread-1] INFO  storage.RaftStorageDirectory (RaftStorageDirectory.java:analyzeStorage(246)) - The storage directory /workdir/hadoop-ozone/integration-test/target/test-dir/MiniOzoneClusterImpl-95aba73e-a2ce-4cb2-acaf-01244b70b3f2/datanode-3/data/ratis/8a370bab-4d8b-4ce7-9465-55914a942442 does not exist. Creating ...
2019-10-14 11:32:26,372 [pool-443-thread-1] INFO  storage.RaftStorageDirectory (RaftStorageDirectory.java:analyzeStorage(246)) - The storage directory /workdir/hadoop-ozone/integration-test/target/test-dir/MiniOzoneClusterImpl-95aba73e-a2ce-4cb2-acaf-01244b70b3f2/datanode-6/data/ratis/8a370bab-4d8b-4ce7-9465-55914a942442 does not exist. Creating ...
2019-10-14 11:32:26,383 [pool-443-thread-1] INFO  storage.RaftStorageDirectory (RaftStorageDirectory.java:tryLock(328)) - Lock on /workdir/hadoop-ozone/integration-test/target/test-dir/MiniOzoneClusterImpl-95aba73e-a2ce-4cb2-acaf-01244b70b3f2/datanode-6/data/ratis/8a370bab-4d8b-4ce7-9465-55914a942442/in_use.lock acquired by nodename 26295@pr-hdds-2196-wn72n-1164029319
2019-10-14 11:32:26,383 [pool-433-thread-1] INFO  storage.RaftStorageDirectory (RaftStorageDirectory.java:tryLock(328)) - Lock on /workdir/hadoop-ozone/integration-test/target/test-dir/MiniOzoneClusterImpl-95aba73e-a2ce-4cb2-acaf-01244b70b3f2/datanode-5/data/ratis/8a370bab-4d8b-4ce7-9465-55914a942442/in_use.lock acquired by nodename 26295@pr-hdds-2196-wn72n-1164029319
2019-10-14 11:32:26,383 [pool-413-thread-1] INFO  storage.RaftStorageDirectory (RaftStorageDirectory.java:tryLock(328)) - Lock on /workdir/hadoop-ozone/integration-test/target/test-dir/MiniOzoneClusterImpl-95aba73e-a2ce-4cb2-acaf-01244b70b3f2/datanode-3/data/ratis/8a370bab-4d8b-4ce7-9465-55914a942442/in_use.lock acquired by nodename 26295@pr-hdds-2196-wn72n-1164029319
2019-10-14 11:32:26,397 [pool-443-thread-1] INFO  storage.RaftStorage (RaftStorage.java:format(84)) - Storage directory /workdir/hadoop-ozone/integration-test/target/test-dir/MiniOzoneClusterImpl-95aba73e-a2ce-4cb2-acaf-01244b70b3f2/datanode-6/data/ratis/8a370bab-4d8b-4ce7-9465-55914a942442 has been successfully formatted.
2019-10-14 11:32:26,397 [pool-413-thread-1] INFO  storage.RaftStorage (RaftStorage.java:format(84)) - Storage directory /workdir/hadoop-ozone/integration-test/target/test-dir/MiniOzoneClusterImpl-95aba73e-a2ce-4cb2-acaf-01244b70b3f2/datanode-3/data/ratis/8a370bab-4d8b-4ce7-9465-55914a942442 has been successfully formatted.
2019-10-14 11:32:26,397 [pool-443-thread-1] INFO  ratis.ContainerStateMachine (ContainerStateMachine.java:loadSnapshot(231)) - group-55914A942442: The snapshot info is null. Setting the last applied indexto:(t:0, i:~)
2019-10-14 11:32:26,397 [pool-433-thread-1] INFO  storage.RaftStorage (RaftStorage.java:format(84)) - Storage directory /workdir/hadoop-ozone/integration-test/target/test-dir/MiniOzoneClusterImpl-95aba73e-a2ce-4cb2-acaf-01244b70b3f2/datanode-5/data/ratis/8a370bab-4d8b-4ce7-9465-55914a942442 has been successfully formatted.
2019-10-14 11:32:26,398 [pool-413-thread-1] INFO  ratis.ContainerStateMachine (ContainerStateMachine.java:loadSnapshot(231)) - group-55914A942442: The snapshot info is null. Setting the last applied indexto:(t:0, i:~)
2019-10-14 11:32:26,398 [pool-443-thread-1] INFO  server.RaftServerConfigKeys (ConfUtils.java:logGet(43)) - raft.server.notification.no-leader.timeout = 120s (custom)
2019-10-14 11:32:26,398 [pool-413-thread-1] INFO  server.RaftServerConfigKeys (ConfUtils.java:logGet(43)) - raft.server.notification.no-leader.timeout = 120s (custom)
2019-10-14 11:32:26,398 [pool-433-thread-1] INFO  ratis.ContainerStateMachine (ContainerStateMachine.java:loadSnapshot(231)) - group-55914A942442: The snapshot info is null. Setting the last applied indexto:(t:0, i:~)
2019-10-14 11:32:26,398 [pool-413-thread-1] INFO  server.RaftServerConfigKeys (ConfUtils.java:logGet(43)) - raft.server.log.use.memory = false (default)
2019-10-14 11:32:26,398 [pool-443-thread-1] INFO  server.RaftServerConfigKeys (ConfUtils.java:logGet(43)) - raft.server.log.use.memory = false (default)
2019-10-14 11:32:26,398 [pool-413-thread-1] INFO  server.RaftServerConfigKeys (ConfUtils.java:logGet(43)) - raft.server.log.purge.gap = 1000000 (custom)
2019-10-14 11:32:26,398 [pool-433-thread-1] INFO  server.RaftServerConfigKeys (ConfUtils.java:logGet(43)) - raft.server.notification.no-leader.timeout = 120s (custom)
2019-10-14 11:32:26,399 [pool-413-thread-1] INFO  server.RaftServerConfigKeys (ConfUtils.java:logGet(43)) - raft.server.log.appender.buffer.byte-limit = 33554432 (custom)
2019-10-14 11:32:26,398 [pool-443-thread-1] INFO  server.RaftServerConfigKeys (ConfUtils.java:logGet(43)) - raft.server.log.purge.gap = 1000000 (custom)
2019-10-14 11:32:26,399 [pool-413-thread-1] INFO  server.RaftServerConfigKeys (ConfUtils.java:logGet(43)) - raft.server.log.segment.size.max = 1048576 (custom)
2019-10-14 11:32:26,399 [pool-433-thread-1] INFO  server.RaftServerConfigKeys (ConfUtils.java:logGet(43)) - raft.server.log.use.memory = false (default)
2019-10-14 11:32:26,399 [pool-413-thread-1] INFO  server.RaftServerConfigKeys (ConfUtils.java:logGet(43)) - raft.server.log.segment.cache.num.max = 2 (custom)
2019-10-14 11:32:26,399 [pool-443-thread-1] INFO  server.RaftServerConfigKeys (ConfUtils.java:logGet(43)) - raft.server.log.appender.buffer.byte-limit = 33554432 (custom)
2019-10-14 11:32:26,400 [pool-413-thread-1] INFO  segmented.SegmentedRaftLogWorker (SegmentedRaftLogWorker.java:<init>(173)) - new 66f555dd-9c74-4857-b62c-0d97b88edda2@group-55914A942442-SegmentedRaftLogWorker for RaftStorage:Storage Directory /workdir/hadoop-ozone/integration-test/target/test-dir/MiniOzoneClusterImpl-95aba73e-a2ce-4cb2-acaf-01244b70b3f2/datanode-3/data/ratis/8a370bab-4d8b-4ce7-9465-55914a942442
2019-10-14 11:32:26,399 [pool-433-thread-1] INFO  server.RaftServerConfigKeys (ConfUtils.java:logGet(43)) - raft.server.log.purge.gap = 1000000 (custom)
2019-10-14 11:32:26,400 [pool-413-thread-1] INFO  server.RaftServerConfigKeys (ConfUtils.java:logGet(43)) - raft.server.log.queue.byte-limit = 2147483647 (custom)
2019-10-14 11:32:26,400 [pool-443-thread-1] INFO  server.RaftServerConfigKeys (ConfUtils.java:logGet(43)) - raft.server.log.segment.size.max = 1048576 (custom)
2019-10-14 11:32:26,400 [pool-413-thread-1] INFO  server.RaftServerConfigKeys (ConfUtils.java:logGet(43)) - raft.server.log.queue.element-limit = 1024 (custom)
2019-10-14 11:32:26,400 [pool-433-thread-1] INFO  server.RaftServerConfigKeys (ConfUtils.java:logGet(43)) - raft.server.log.appender.buffer.byte-limit = 33554432 (custom)
2019-10-14 11:32:26,400 [pool-413-thread-1] INFO  server.RaftServerConfigKeys (ConfUtils.java:logGet(43)) - raft.server.log.segment.size.max = 1048576 (custom)
2019-10-14 11:32:26,400 [pool-443-thread-1] INFO  server.RaftServerConfigKeys (ConfUtils.java:logGet(43)) - raft.server.log.segment.cache.num.max = 2 (custom)
2019-10-14 11:32:26,401 [pool-413-thread-1] INFO  server.RaftServerConfigKeys (ConfUtils.java:logGet(43)) - raft.server.log.preallocated.size = 16384 (custom)
2019-10-14 11:32:26,400 [pool-433-thread-1] INFO  server.RaftServerConfigKeys (ConfUtils.java:logGet(43)) - raft.server.log.segment.size.max = 1048576 (custom)
2019-10-14 11:32:26,401 [pool-413-thread-1] INFO  server.RaftServerConfigKeys (ConfUtils.java:logGet(43)) - raft.server.log.write.buffer.size = 33554432 (custom)
2019-10-14 11:32:26,401 [pool-413-thread-1] INFO  server.RaftServerConfigKeys (ConfUtils.java:logGet(43)) - raft.server.log.force.sync.num = 128 (default)
2019-10-14 11:32:26,401 [pool-443-thread-1] INFO  segmented.SegmentedRaftLogWorker (SegmentedRaftLogWorker.java:<init>(173)) - new 4584dad4-a1ca-47d4-8076-08c1e2a710fb@group-55914A942442-SegmentedRaftLogWorker for RaftStorage:Storage Directory /workdir/hadoop-ozone/integration-test/target/test-dir/MiniOzoneClusterImpl-95aba73e-a2ce-4cb2-acaf-01244b70b3f2/datanode-6/data/ratis/8a370bab-4d8b-4ce7-9465-55914a942442
2019-10-14 11:32:26,401 [pool-413-thread-1] INFO  server.RaftServerConfigKeys (ConfUtils.java:logGet(43)) - raft.server.log.statemachine.data.sync = true (default)
2019-10-14 11:32:26,401 [pool-433-thread-1] INFO  server.RaftServerConfigKeys (ConfUtils.java:logGet(43)) - raft.server.log.segment.cache.num.max = 2 (custom)
2019-10-14 11:32:26,402 [pool-413-thread-1] INFO  server.RaftServerConfigKeys (ConfUtils.java:logGet(43)) - raft.server.log.statemachine.data.sync.timeout = 10s (default)
2019-10-14 11:32:26,401 [pool-443-thread-1] INFO  server.RaftServerConfigKeys (ConfUtils.java:logGet(43)) - raft.server.log.queue.byte-limit = 2147483647 (custom)
2019-10-14 11:32:26,402 [pool-413-thread-1] INFO  server.RaftServerConfigKeys (ConfUtils.java:logGet(43)) - raft.server.log.statemachine.data.sync.timeout.retry = -1 (default)
2019-10-14 11:32:26,402 [pool-433-thread-1] INFO  segmented.SegmentedRaftLogWorker (SegmentedRaftLogWorker.java:<init>(173)) - new bf5a0562-303e-4741-95e7-68482fe7a3ed@group-55914A942442-SegmentedRaftLogWorker for RaftStorage:Storage Directory /workdir/hadoop-ozone/integration-test/target/test-dir/MiniOzoneClusterImpl-95aba73e-a2ce-4cb2-acaf-01244b70b3f2/datanode-5/data/ratis/8a370bab-4d8b-4ce7-9465-55914a942442
2019-10-14 11:32:26,402 [pool-413-thread-1] INFO  server.RaftServerConfigKeys (ConfUtils.java:logGet(43)) - raft.server.log.statemachine.data.caching.enabled = true (custom)
2019-10-14 11:32:26,402 [pool-443-thread-1] INFO  server.RaftServerConfigKeys (ConfUtils.java:logGet(43)) - raft.server.log.queue.element-limit = 1024 (custom)
2019-10-14 11:32:26,402 [pool-433-thread-1] INFO  server.RaftServerConfigKeys (ConfUtils.java:logGet(43)) - raft.server.log.queue.byte-limit = 2147483647 (custom)
2019-10-14 11:32:26,403 [pool-413-thread-1] INFO  segmented.SegmentedRaftLogWorker (SegmentedRaftLogWorker.java:lambda$new$0(128)) - 66f555dd-9c74-4857-b62c-0d97b88edda2@group-55914A942442-SegmentedRaftLogWorker: flushIndex: setUnconditionally 0 -> -1
2019-10-14 11:32:26,402 [pool-443-thread-1] INFO  server.RaftServerConfigKeys (ConfUtils.java:logGet(43)) - raft.server.log.segment.size.max = 1048576 (custom)
2019-10-14 11:32:26,403 [pool-433-thread-1] INFO  server.RaftServerConfigKeys (ConfUtils.java:logGet(43)) - raft.server.log.queue.element-limit = 1024 (custom)
2019-10-14 11:32:26,403 [pool-413-thread-1] INFO  server.RaftServerConfigKeys (ConfUtils.java:logGet(43)) - raft.server.snapshot.auto.trigger.enabled = true (custom)
2019-10-14 11:32:26,403 [pool-443-thread-1] INFO  server.RaftServerConfigKeys (ConfUtils.java:logGet(43)) - raft.server.log.preallocated.size = 16384 (custom)
2019-10-14 11:32:26,403 [pool-413-thread-1] INFO  server.RaftServerConfigKeys (ConfUtils.java:logGet(43)) - raft.server.snapshot.auto.trigger.threshold = 10000 (custom)
2019-10-14 11:32:26,403 [pool-433-thread-1] INFO  server.RaftServerConfigKeys (ConfUtils.java:logGet(43)) - raft.server.log.segment.size.max = 1048576 (custom)
2019-10-14 11:32:26,403 [pool-413-thread-1] INFO  server.RaftServerConfigKeys (ConfUtils.java:logGet(43)) - raft.server.snapshot.retention.file.num = 5 (custom)
2019-10-14 11:32:26,403 [pool-443-thread-1] INFO  server.RaftServerConfigKeys (ConfUtils.java:logGet(43)) - raft.server.log.write.buffer.size = 33554432 (custom)
2019-10-14 11:32:26,404 [pool-413-thread-1] INFO  server.RaftServerConfigKeys (ConfUtils.java:logGet(43)) - raft.server.retrycache.expirytime = 600000ms (custom)
2019-10-14 11:32:26,403 [pool-433-thread-1] INFO  server.RaftServerConfigKeys (ConfUtils.java:logGet(43)) - raft.server.log.preallocated.size = 16384 (custom)
2019-10-14 11:32:26,404 [pool-443-thread-1] INFO  server.RaftServerConfigKeys (ConfUtils.java:logGet(43)) - raft.server.log.force.sync.num = 128 (default)
2019-10-14 11:32:26,404 [pool-433-thread-1] INFO  server.RaftServerConfigKeys (ConfUtils.java:logGet(43)) - raft.server.log.write.buffer.size = 33554432 (custom)
2019-10-14 11:32:26,404 [pool-443-thread-1] INFO  server.RaftServerConfigKeys (ConfUtils.java:logGet(43)) - raft.server.log.statemachine.data.sync = true (default)
2019-10-14 11:32:26,404 [pool-433-thread-1] INFO  server.RaftServerConfigKeys (ConfUtils.java:logGet(43)) - raft.server.log.force.sync.num = 128 (default)
2019-10-14 11:32:26,404 [pool-443-thread-1] INFO  server.RaftServerConfigKeys (ConfUtils.java:logGet(43)) - raft.server.log.statemachine.data.sync.timeout = 10s (default)
2019-10-14 11:32:26,404 [pool-433-thread-1] INFO  server.RaftServerConfigKeys (ConfUtils.java:logGet(43)) - raft.server.log.statemachine.data.sync = true (default)
2019-10-14 11:32:26,404 [pool-443-thread-1] INFO  server.RaftServerConfigKeys (ConfUtils.java:logGet(43)) - raft.server.log.statemachine.data.sync.timeout.retry = -1 (default)
2019-10-14 11:32:26,405 [pool-433-thread-1] INFO  server.RaftServerConfigKeys (ConfUtils.java:logGet(43)) - raft.server.log.statemachine.data.sync.timeout = 10s (default)
2019-10-14 11:32:26,405 [pool-443-thread-1] INFO  server.RaftServerConfigKeys (ConfUtils.java:logGet(43)) - raft.server.log.statemachine.data.caching.enabled = true (custom)
2019-10-14 11:32:26,405 [pool-433-thread-1] INFO  server.RaftServerConfigKeys (ConfUtils.java:logGet(43)) - raft.server.log.statemachine.data.sync.timeout.retry = -1 (default)
2019-10-14 11:32:26,405 [pool-443-thread-1] INFO  segmented.SegmentedRaftLogWorker (SegmentedRaftLogWorker.java:lambda$new$0(128)) - 4584dad4-a1ca-47d4-8076-08c1e2a710fb@group-55914A942442-SegmentedRaftLogWorker: flushIndex: setUnconditionally 0 -> -1
2019-10-14 11:32:26,405 [pool-433-thread-1] INFO  server.RaftServerConfigKeys (ConfUtils.java:logGet(43)) - raft.server.log.statemachine.data.caching.enabled = true (custom)
2019-10-14 11:32:26,405 [pool-443-thread-1] INFO  server.RaftServerConfigKeys (ConfUtils.java:logGet(43)) - raft.server.snapshot.auto.trigger.enabled = true (custom)
2019-10-14 11:32:26,405 [pool-413-thread-1] INFO  impl.RaftServerImpl (RaftServerImpl.java:start(181)) - 66f555dd-9c74-4857-b62c-0d97b88edda2@group-55914A942442: start as a follower, conf=-1: [bf5a0562-303e-4741-95e7-68482fe7a3ed:192.168.157.207:36698, 66f555dd-9c74-4857-b62c-0d97b88edda2:192.168.157.207:34228, 4584dad4-a1ca-47d4-8076-08c1e2a710fb:192.168.157.207:37190], old=null
2019-10-14 11:32:26,405 [pool-433-thread-1] INFO  segmented.SegmentedRaftLogWorker (SegmentedRaftLogWorker.java:lambda$new$0(128)) - bf5a0562-303e-4741-95e7-68482fe7a3ed@group-55914A942442-SegmentedRaftLogWorker: flushIndex: setUnconditionally 0 -> -1
2019-10-14 11:32:26,405 [pool-443-thread-1] INFO  server.RaftServerConfigKeys (ConfUtils.java:logGet(43)) - raft.server.snapshot.auto.trigger.threshold = 10000 (custom)
2019-10-14 11:32:26,405 [pool-413-thread-1] INFO  impl.RaftServerImpl (RaftServerImpl.java:setRole(170)) - 66f555dd-9c74-4857-b62c-0d97b88edda2@group-55914A942442: changes role from      null to FOLLOWER at term 0 for startAsFollower
2019-10-14 11:32:26,406 [pool-433-thread-1] INFO  server.RaftServerConfigKeys (ConfUtils.java:logGet(43)) - raft.server.snapshot.auto.trigger.enabled = true (custom)
2019-10-14 11:32:26,406 [pool-443-thread-1] INFO  server.RaftServerConfigKeys (ConfUtils.java:logGet(43)) - raft.server.snapshot.retention.file.num = 5 (custom)
2019-10-14 11:32:26,406 [pool-433-thread-1] INFO  server.RaftServerConfigKeys (ConfUtils.java:logGet(43)) - raft.server.snapshot.auto.trigger.threshold = 10000 (custom)
2019-10-14 11:32:26,406 [pool-413-thread-1] INFO  impl.RoleInfo (RoleInfo.java:updateAndGet(143)) - 66f555dd-9c74-4857-b62c-0d97b88edda2: start FollowerState
2019-10-14 11:32:26,406 [pool-433-thread-1] INFO  server.RaftServerConfigKeys (ConfUtils.java:logGet(43)) - raft.server.snapshot.retention.file.num = 5 (custom)
2019-10-14 11:32:26,406 [pool-443-thread-1] INFO  server.RaftServerConfigKeys (ConfUtils.java:logGet(43)) - raft.server.retrycache.expirytime = 600000ms (custom)
2019-10-14 11:32:26,406 [pool-433-thread-1] INFO  server.RaftServerConfigKeys (ConfUtils.java:logGet(43)) - raft.server.retrycache.expirytime = 600000ms (custom)
2019-10-14 11:32:26,406 [pool-413-thread-1] INFO  util.JmxRegister (JmxRegister.java:tryRegister(44)) - Successfully registered JMX Bean with object name Ratis:service=RaftServer,group=group-55914A942442,id=66f555dd-9c74-4857-b62c-0d97b88edda2
2019-10-14 11:32:26,409 [pool-443-thread-1] INFO  impl.RaftServerImpl (RaftServerImpl.java:start(181)) - 4584dad4-a1ca-47d4-8076-08c1e2a710fb@group-55914A942442: start as a follower, conf=-1: [bf5a0562-303e-4741-95e7-68482fe7a3ed:192.168.157.207:36698, 66f555dd-9c74-4857-b62c-0d97b88edda2:192.168.157.207:34228, 4584dad4-a1ca-47d4-8076-08c1e2a710fb:192.168.157.207:37190], old=null
2019-10-14 11:32:26,409 [pool-443-thread-1] INFO  impl.RaftServerImpl (RaftServerImpl.java:setRole(170)) - 4584dad4-a1ca-47d4-8076-08c1e2a710fb@group-55914A942442: changes role from      null to FOLLOWER at term 0 for startAsFollower
2019-10-14 11:32:26,409 [pool-443-thread-1] INFO  impl.RoleInfo (RoleInfo.java:updateAndGet(143)) - 4584dad4-a1ca-47d4-8076-08c1e2a710fb: start FollowerState
2019-10-14 11:32:26,409 [pool-443-thread-1] INFO  util.JmxRegister (JmxRegister.java:tryRegister(44)) - Successfully registered JMX Bean with object name Ratis:service=RaftServer,group=group-55914A942442,id=4584dad4-a1ca-47d4-8076-08c1e2a710fb
2019-10-14 11:32:26,409 [pool-433-thread-1] INFO  impl.RaftServerImpl (RaftServerImpl.java:start(181)) - bf5a0562-303e-4741-95e7-68482fe7a3ed@group-55914A942442: start as a follower, conf=-1: [bf5a0562-303e-4741-95e7-68482fe7a3ed:192.168.157.207:36698, 66f555dd-9c74-4857-b62c-0d97b88edda2:192.168.157.207:34228, 4584dad4-a1ca-47d4-8076-08c1e2a710fb:192.168.157.207:37190], old=null
2019-10-14 11:32:26,410 [pool-433-thread-1] INFO  impl.RaftServerImpl (RaftServerImpl.java:setRole(170)) - bf5a0562-303e-4741-95e7-68482fe7a3ed@group-55914A942442: changes role from      null to FOLLOWER at term 0 for startAsFollower
2019-10-14 11:32:26,410 [pool-433-thread-1] INFO  impl.RoleInfo (RoleInfo.java:updateAndGet(143)) - bf5a0562-303e-4741-95e7-68482fe7a3ed: start FollowerState
2019-10-14 11:32:26,410 [pool-433-thread-1] INFO  util.JmxRegister (JmxRegister.java:tryRegister(44)) - Successfully registered JMX Bean with object name Ratis:service=RaftServer,group=group-55914A942442,id=bf5a0562-303e-4741-95e7-68482fe7a3ed
2019-10-14 11:32:26,414 [RatisPipelineUtilsThread] INFO  pipeline.PipelineStateManager (PipelineStateManager.java:addPipeline(56)) - Created pipeline Pipeline[ Id: 8a370bab-4d8b-4ce7-9465-55914a942442, Nodes: bf5a0562-303e-4741-95e7-68482fe7a3ed{ip: 192.168.157.207, host: pr-hdds-2196-wn72n-1164029319, networkLocation: /default-rack, certSerialId: null}4584dad4-a1ca-47d4-8076-08c1e2a710fb{ip: 192.168.157.207, host: pr-hdds-2196-wn72n-1164029319, networkLocation: /default-rack, certSerialId: null}66f555dd-9c74-4857-b62c-0d97b88edda2{ip: 192.168.157.207, host: pr-hdds-2196-wn72n-1164029319, networkLocation: /default-rack, certSerialId: null}, Type:RATIS, Factor:THREE, State:OPEN]
2019-10-14 11:32:27,282 [main] INFO  ozone.MiniOzoneClusterImpl (MiniOzoneClusterImpl.java:lambda$waitForClusterToBeReady$0(147)) - Cluster is ready. Got 7 of 7 DN Heartbeats.
2019-10-14 11:32:27,325 [main] INFO  rpc.RpcClient (RpcClient.java:createVolume(272)) - Creating Volume: watchforcommithandlingtest, with jenkins1000 as owner.
2019-10-14 11:32:27,328 [IPC Server handler 1 on 43129] INFO  volume.OMVolumeCreateRequest (OMVolumeCreateRequest.java:validateAndUpdateCache(193)) - created volume:watchforcommithandlingtest for user:jenkins1000
2019-10-14 11:32:27,346 [main] INFO  rpc.RpcClient (RpcClient.java:createBucket(411)) - Creating Bucket: watchforcommithandlingtest/watchforcommithandlingtest, with Versioning false and Storage Type set to DISK and Encryption set to false 
2019-10-14 11:32:27,350 [main] INFO  ozone.MiniOzoneClusterImpl (MiniOzoneClusterImpl.java:getStorageContainerLocationClient(234)) - Creating StorageContainerLocationProtocol RPC client with address /0.0.0.0:39959
2019-10-14 11:32:28,890 [Thread-2315] INFO  container.ReplicationManager (ReplicationManager.java:start(162)) - Starting Replication Monitor Thread.
2019-10-14 11:32:28,898 [ReplicationMonitor] INFO  container.ReplicationManager (ReplicationManager.java:run(225)) - Replication Monitor Thread took 0 milliseconds for processing 1 containers.
2019-10-14 11:32:31,078 [Thread-2320] INFO  impl.FollowerState (FollowerState.java:run(108)) - 73fe8d94-c0de-4eed-aabf-ff16f2610fde@group-6A0F450C4305-FollowerState: change to CANDIDATE, lastRpcTime:5082ms, electionTimeout:5082ms
2019-10-14 11:32:31,079 [Thread-2320] INFO  impl.RoleInfo (RoleInfo.java:shutdownFollowerState(121)) - 73fe8d94-c0de-4eed-aabf-ff16f2610fde: shutdown FollowerState
2019-10-14 11:32:31,079 [Thread-2320] INFO  impl.RaftServerImpl (RaftServerImpl.java:setRole(170)) - 73fe8d94-c0de-4eed-aabf-ff16f2610fde@group-6A0F450C4305: changes role from  FOLLOWER to CANDIDATE at term 0 for changeToCandidate
2019-10-14 11:32:31,079 [Thread-2320] INFO  impl.RoleInfo (RoleInfo.java:updateAndGet(143)) - 73fe8d94-c0de-4eed-aabf-ff16f2610fde: start LeaderElection
2019-10-14 11:32:31,122 [Thread-2317] INFO  impl.FollowerState (FollowerState.java:run(108)) - b0dcf559-b940-4ebf-a0c2-bcecb035ae36@group-D58A83B87F1D-FollowerState: change to CANDIDATE, lastRpcTime:5186ms, electionTimeout:5186ms
2019-10-14 11:32:31,123 [Thread-2317] INFO  impl.RoleInfo (RoleInfo.java:shutdownFollowerState(121)) - b0dcf559-b940-4ebf-a0c2-bcecb035ae36: shutdown FollowerState
2019-10-14 11:32:31,123 [Thread-2317] INFO  impl.RaftServerImpl (RaftServerImpl.java:setRole(170)) - b0dcf559-b940-4ebf-a0c2-bcecb035ae36@group-D58A83B87F1D: changes role from  FOLLOWER to CANDIDATE at term 0 for changeToCandidate
2019-10-14 11:32:31,123 [Thread-2317] INFO  impl.RoleInfo (RoleInfo.java:updateAndGet(143)) - b0dcf559-b940-4ebf-a0c2-bcecb035ae36: start LeaderElection
2019-10-14 11:32:31,130 [73fe8d94-c0de-4eed-aabf-ff16f2610fde@group-6A0F450C4305-LeaderElection54] INFO  impl.LeaderElection (LeaderElection.java:askForVotes(178)) - 73fe8d94-c0de-4eed-aabf-ff16f2610fde@group-6A0F450C4305-LeaderElection54: begin an election at term 1 for -1: [73fe8d94-c0de-4eed-aabf-ff16f2610fde:192.168.157.207:44357], old=null
2019-10-14 11:32:31,130 [73fe8d94-c0de-4eed-aabf-ff16f2610fde@group-6A0F450C4305-LeaderElection54] INFO  impl.RoleInfo (RoleInfo.java:shutdownLeaderElection(134)) - 73fe8d94-c0de-4eed-aabf-ff16f2610fde: shutdown LeaderElection
2019-10-14 11:32:31,131 [73fe8d94-c0de-4eed-aabf-ff16f2610fde@group-6A0F450C4305-LeaderElection54] INFO  impl.RaftServerImpl (RaftServerImpl.java:setRole(170)) - 73fe8d94-c0de-4eed-aabf-ff16f2610fde@group-6A0F450C4305: changes role from CANDIDATE to LEADER at term 1 for changeToLeader
2019-10-14 11:32:31,131 [73fe8d94-c0de-4eed-aabf-ff16f2610fde@group-6A0F450C4305-LeaderElection54] INFO  impl.RaftServerImpl (ServerState.java:setLeader(255)) - 73fe8d94-c0de-4eed-aabf-ff16f2610fde@group-6A0F450C4305: change Leader from null to 73fe8d94-c0de-4eed-aabf-ff16f2610fde at term 1 for becomeLeader, leader elected after 5139ms
2019-10-14 11:32:31,131 [73fe8d94-c0de-4eed-aabf-ff16f2610fde@group-6A0F450C4305-LeaderElection54] INFO  server.RaftServerConfigKeys (ConfUtils.java:logGet(43)) - raft.server.staging.catchup.gap = 1000 (default)
2019-10-14 11:32:31,131 [73fe8d94-c0de-4eed-aabf-ff16f2610fde@group-6A0F450C4305-LeaderElection54] INFO  server.RaftServerConfigKeys (ConfUtils.java:logGet(43)) - raft.server.rpc.sleep.time = 25ms (default)
2019-10-14 11:32:31,131 [73fe8d94-c0de-4eed-aabf-ff16f2610fde@group-6A0F450C4305-LeaderElection54] INFO  server.RaftServerConfigKeys (ConfUtils.java:logGet(43)) - raft.server.write.element-limit = 4096 (default)
2019-10-14 11:32:31,131 [73fe8d94-c0de-4eed-aabf-ff16f2610fde@group-6A0F450C4305-LeaderElection54] INFO  server.RaftServerConfigKeys (ConfUtils.java:logGet(43)) - raft.server.watch.timeout = 10s (default)
2019-10-14 11:32:31,131 [73fe8d94-c0de-4eed-aabf-ff16f2610fde@group-6A0F450C4305-LeaderElection54] INFO  server.RaftServerConfigKeys (ConfUtils.java:logGet(43)) - raft.server.watch.timeout.denomination = 1s (default)
2019-10-14 11:32:31,132 [73fe8d94-c0de-4eed-aabf-ff16f2610fde@group-6A0F450C4305-LeaderElection54] INFO  server.RaftServerConfigKeys (ConfUtils.java:logGet(43)) - raft.server.watch.element-limit = 65536 (default)
2019-10-14 11:32:31,134 [73fe8d94-c0de-4eed-aabf-ff16f2610fde@group-6A0F450C4305-LeaderElection54] INFO  impl.RoleInfo (RoleInfo.java:updateAndGet(143)) - 73fe8d94-c0de-4eed-aabf-ff16f2610fde: start LeaderState
2019-10-14 11:32:31,134 [73fe8d94-c0de-4eed-aabf-ff16f2610fde@group-6A0F450C4305-LeaderElection54] INFO  segmented.SegmentedRaftLogWorker (SegmentedRaftLogWorker.java:startLogSegment(385)) - 73fe8d94-c0de-4eed-aabf-ff16f2610fde@group-6A0F450C4305-SegmentedRaftLogWorker: Starting segment from index:0
2019-10-14 11:32:31,135 [73fe8d94-c0de-4eed-aabf-ff16f2610fde@group-6A0F450C4305-LeaderElection54] INFO  impl.RaftServerImpl (ServerState.java:setRaftConf(356)) - 73fe8d94-c0de-4eed-aabf-ff16f2610fde@group-6A0F450C4305: set configuration 0: [73fe8d94-c0de-4eed-aabf-ff16f2610fde:192.168.157.207:44357], old=null at 0
2019-10-14 11:32:31,146 [Thread-2331] INFO  impl.FollowerState (FollowerState.java:run(108)) - 462cc878-52e4-4fe3-b7f7-a02da95ab560@group-A23B89D701A5-FollowerState: change to CANDIDATE, lastRpcTime:5019ms, electionTimeout:5019ms
2019-10-14 11:32:31,146 [Thread-2331] INFO  impl.RoleInfo (RoleInfo.java:shutdownFollowerState(121)) - 462cc878-52e4-4fe3-b7f7-a02da95ab560: shutdown FollowerState
2019-10-14 11:32:31,147 [Thread-2331] INFO  impl.RaftServerImpl (RaftServerImpl.java:setRole(170)) - 462cc878-52e4-4fe3-b7f7-a02da95ab560@group-A23B89D701A5: changes role from  FOLLOWER to CANDIDATE at term 0 for changeToCandidate
2019-10-14 11:32:31,147 [Thread-2331] INFO  impl.RoleInfo (RoleInfo.java:updateAndGet(143)) - 462cc878-52e4-4fe3-b7f7-a02da95ab560: start LeaderElection
2019-10-14 11:32:31,158 [b0dcf559-b940-4ebf-a0c2-bcecb035ae36@group-D58A83B87F1D-LeaderElection55] INFO  impl.LeaderElection (LeaderElection.java:askForVotes(178)) - b0dcf559-b940-4ebf-a0c2-bcecb035ae36@group-D58A83B87F1D-LeaderElection55: begin an election at term 1 for -1: [b0dcf559-b940-4ebf-a0c2-bcecb035ae36:192.168.157.207:33021], old=null
2019-10-14 11:32:31,160 [b0dcf559-b940-4ebf-a0c2-bcecb035ae36@group-D58A83B87F1D-LeaderElection55] INFO  impl.RoleInfo (RoleInfo.java:shutdownLeaderElection(134)) - b0dcf559-b940-4ebf-a0c2-bcecb035ae36: shutdown LeaderElection
2019-10-14 11:32:31,160 [b0dcf559-b940-4ebf-a0c2-bcecb035ae36@group-D58A83B87F1D-LeaderElection55] INFO  impl.RaftServerImpl (RaftServerImpl.java:setRole(170)) - b0dcf559-b940-4ebf-a0c2-bcecb035ae36@group-D58A83B87F1D: changes role from CANDIDATE to LEADER at term 1 for changeToLeader
2019-10-14 11:32:31,160 [b0dcf559-b940-4ebf-a0c2-bcecb035ae36@group-D58A83B87F1D-LeaderElection55] INFO  impl.RaftServerImpl (ServerState.java:setLeader(255)) - b0dcf559-b940-4ebf-a0c2-bcecb035ae36@group-D58A83B87F1D: change Leader from null to b0dcf559-b940-4ebf-a0c2-bcecb035ae36 at term 1 for becomeLeader, leader elected after 5231ms
2019-10-14 11:32:31,160 [b0dcf559-b940-4ebf-a0c2-bcecb035ae36@group-D58A83B87F1D-LeaderElection55] INFO  server.RaftServerConfigKeys (ConfUtils.java:logGet(43)) - raft.server.staging.catchup.gap = 1000 (default)
2019-10-14 11:32:31,161 [b0dcf559-b940-4ebf-a0c2-bcecb035ae36@group-D58A83B87F1D-LeaderElection55] INFO  server.RaftServerConfigKeys (ConfUtils.java:logGet(43)) - raft.server.rpc.sleep.time = 25ms (default)
2019-10-14 11:32:31,161 [b0dcf559-b940-4ebf-a0c2-bcecb035ae36@group-D58A83B87F1D-LeaderElection55] INFO  server.RaftServerConfigKeys (ConfUtils.java:logGet(43)) - raft.server.write.element-limit = 4096 (default)
2019-10-14 11:32:31,161 [b0dcf559-b940-4ebf-a0c2-bcecb035ae36@group-D58A83B87F1D-LeaderElection55] INFO  server.RaftServerConfigKeys (ConfUtils.java:logGet(43)) - raft.server.watch.timeout = 10s (default)
2019-10-14 11:32:31,161 [b0dcf559-b940-4ebf-a0c2-bcecb035ae36@group-D58A83B87F1D-LeaderElection55] INFO  server.RaftServerConfigKeys (ConfUtils.java:logGet(43)) - raft.server.watch.timeout.denomination = 1s (default)
2019-10-14 11:32:31,161 [b0dcf559-b940-4ebf-a0c2-bcecb035ae36@group-D58A83B87F1D-LeaderElection55] INFO  server.RaftServerConfigKeys (ConfUtils.java:logGet(43)) - raft.server.watch.element-limit = 65536 (default)
2019-10-14 11:32:31,162 [73fe8d94-c0de-4eed-aabf-ff16f2610fde@group-6A0F450C4305-SegmentedRaftLogWorker] INFO  segmented.SegmentedRaftLogWorker (SegmentedRaftLogWorker.java:execute(574)) - 73fe8d94-c0de-4eed-aabf-ff16f2610fde@group-6A0F450C4305-SegmentedRaftLogWorker: created new log segment /workdir/hadoop-ozone/integration-test/target/test-dir/MiniOzoneClusterImpl-95aba73e-a2ce-4cb2-acaf-01244b70b3f2/datanode-1/data/ratis/13361c65-b907-4e6b-a5e1-6a0f450c4305/current/log_inprogress_0
2019-10-14 11:32:31,163 [b0dcf559-b940-4ebf-a0c2-bcecb035ae36@group-D58A83B87F1D-LeaderElection55] INFO  impl.RoleInfo (RoleInfo.java:updateAndGet(143)) - b0dcf559-b940-4ebf-a0c2-bcecb035ae36: start LeaderState
2019-10-14 11:32:31,163 [b0dcf559-b940-4ebf-a0c2-bcecb035ae36@group-D58A83B87F1D-LeaderElection55] INFO  segmented.SegmentedRaftLogWorker (SegmentedRaftLogWorker.java:startLogSegment(385)) - b0dcf559-b940-4ebf-a0c2-bcecb035ae36@group-D58A83B87F1D-SegmentedRaftLogWorker: Starting segment from index:0
2019-10-14 11:32:31,164 [462cc878-52e4-4fe3-b7f7-a02da95ab560@group-A23B89D701A5-LeaderElection56] INFO  impl.LeaderElection (LeaderElection.java:askForVotes(178)) - 462cc878-52e4-4fe3-b7f7-a02da95ab560@group-A23B89D701A5-LeaderElection56: begin an election at term 1 for -1: [b0dcf559-b940-4ebf-a0c2-bcecb035ae36:192.168.157.207:33021, 462cc878-52e4-4fe3-b7f7-a02da95ab560:192.168.157.207:35449, 73fe8d94-c0de-4eed-aabf-ff16f2610fde:192.168.157.207:44357], old=null
2019-10-14 11:32:31,164 [b0dcf559-b940-4ebf-a0c2-bcecb035ae36@group-D58A83B87F1D-LeaderElection55] INFO  impl.RaftServerImpl (ServerState.java:setRaftConf(356)) - b0dcf559-b940-4ebf-a0c2-bcecb035ae36@group-D58A83B87F1D: set configuration 0: [b0dcf559-b940-4ebf-a0c2-bcecb035ae36:192.168.157.207:33021], old=null at 0
2019-10-14 11:32:31,192 [grpc-default-executor-0] INFO  impl.RaftServerImpl (RaftServerImpl.java:setRole(170)) - 73fe8d94-c0de-4eed-aabf-ff16f2610fde@group-A23B89D701A5: changes role from  FOLLOWER to FOLLOWER at term 1 for recognizeCandidate:462cc878-52e4-4fe3-b7f7-a02da95ab560
2019-10-14 11:32:31,192 [grpc-default-executor-7] INFO  impl.RaftServerImpl (RaftServerImpl.java:setRole(170)) - b0dcf559-b940-4ebf-a0c2-bcecb035ae36@group-A23B89D701A5: changes role from  FOLLOWER to FOLLOWER at term 1 for recognizeCandidate:462cc878-52e4-4fe3-b7f7-a02da95ab560
2019-10-14 11:32:31,192 [grpc-default-executor-0] INFO  impl.RoleInfo (RoleInfo.java:shutdownFollowerState(121)) - 73fe8d94-c0de-4eed-aabf-ff16f2610fde: shutdown FollowerState
2019-10-14 11:32:31,192 [grpc-default-executor-7] INFO  impl.RoleInfo (RoleInfo.java:shutdownFollowerState(121)) - b0dcf559-b940-4ebf-a0c2-bcecb035ae36: shutdown FollowerState
2019-10-14 11:32:31,192 [Thread-2326] INFO  impl.FollowerState (FollowerState.java:run(117)) - 73fe8d94-c0de-4eed-aabf-ff16f2610fde@group-A23B89D701A5-FollowerState was interrupted: java.lang.InterruptedException: sleep interrupted
2019-10-14 11:32:31,192 [grpc-default-executor-0] INFO  impl.RoleInfo (RoleInfo.java:updateAndGet(143)) - 73fe8d94-c0de-4eed-aabf-ff16f2610fde: start FollowerState
2019-10-14 11:32:31,194 [b0dcf559-b940-4ebf-a0c2-bcecb035ae36@group-D58A83B87F1D-SegmentedRaftLogWorker] INFO  segmented.SegmentedRaftLogWorker (SegmentedRaftLogWorker.java:execute(574)) - b0dcf559-b940-4ebf-a0c2-bcecb035ae36@group-D58A83B87F1D-SegmentedRaftLogWorker: created new log segment /workdir/hadoop-ozone/integration-test/target/test-dir/MiniOzoneClusterImpl-95aba73e-a2ce-4cb2-acaf-01244b70b3f2/datanode-0/data/ratis/2124983c-68f5-47fc-afb6-d58a83b87f1d/current/log_inprogress_0
2019-10-14 11:32:31,192 [Thread-2329] INFO  impl.FollowerState (FollowerState.java:run(117)) - b0dcf559-b940-4ebf-a0c2-bcecb035ae36@group-A23B89D701A5-FollowerState was interrupted: java.lang.InterruptedException: sleep interrupted
2019-10-14 11:32:31,192 [grpc-default-executor-7] INFO  impl.RoleInfo (RoleInfo.java:updateAndGet(143)) - b0dcf559-b940-4ebf-a0c2-bcecb035ae36: start FollowerState
2019-10-14 11:32:31,201 [462cc878-52e4-4fe3-b7f7-a02da95ab560@group-A23B89D701A5-LeaderElection56] INFO  impl.LeaderElection (LeaderElection.java:logAndReturn(56)) - 462cc878-52e4-4fe3-b7f7-a02da95ab560@group-A23B89D701A5-LeaderElection56: Election PASSED; received 1 response(s) [462cc878-52e4-4fe3-b7f7-a02da95ab560<-73fe8d94-c0de-4eed-aabf-ff16f2610fde#0:OK-t1] and 0 exception(s); 462cc878-52e4-4fe3-b7f7-a02da95ab560@group-A23B89D701A5:t1, leader=null, voted=462cc878-52e4-4fe3-b7f7-a02da95ab560, raftlog=462cc878-52e4-4fe3-b7f7-a02da95ab560@group-A23B89D701A5-SegmentedRaftLog:OPENED:c-1,f-1,i0, conf=-1: [b0dcf559-b940-4ebf-a0c2-bcecb035ae36:192.168.157.207:33021, 462cc878-52e4-4fe3-b7f7-a02da95ab560:192.168.157.207:35449, 73fe8d94-c0de-4eed-aabf-ff16f2610fde:192.168.157.207:44357], old=null
2019-10-14 11:32:31,201 [462cc878-52e4-4fe3-b7f7-a02da95ab560@group-A23B89D701A5-LeaderElection56] INFO  impl.RoleInfo (RoleInfo.java:shutdownLeaderElection(134)) - 462cc878-52e4-4fe3-b7f7-a02da95ab560: shutdown LeaderElection
2019-10-14 11:32:31,202 [462cc878-52e4-4fe3-b7f7-a02da95ab560@group-A23B89D701A5-LeaderElection56] INFO  impl.RaftServerImpl (RaftServerImpl.java:setRole(170)) - 462cc878-52e4-4fe3-b7f7-a02da95ab560@group-A23B89D701A5: changes role from CANDIDATE to LEADER at term 1 for changeToLeader
2019-10-14 11:32:31,202 [462cc878-52e4-4fe3-b7f7-a02da95ab560@group-A23B89D701A5-LeaderElection56] INFO  impl.RaftServerImpl (ServerState.java:setLeader(255)) - 462cc878-52e4-4fe3-b7f7-a02da95ab560@group-A23B89D701A5: change Leader from null to 462cc878-52e4-4fe3-b7f7-a02da95ab560 at term 1 for becomeLeader, leader elected after 5085ms
2019-10-14 11:32:31,202 [462cc878-52e4-4fe3-b7f7-a02da95ab560@group-A23B89D701A5-LeaderElection56] INFO  server.RaftServerConfigKeys (ConfUtils.java:logGet(43)) - raft.server.staging.catchup.gap = 1000 (default)
2019-10-14 11:32:31,202 [462cc878-52e4-4fe3-b7f7-a02da95ab560@group-A23B89D701A5-LeaderElection56] INFO  server.RaftServerConfigKeys (ConfUtils.java:logGet(43)) - raft.server.rpc.sleep.time = 25ms (default)
2019-10-14 11:32:31,202 [462cc878-52e4-4fe3-b7f7-a02da95ab560@group-A23B89D701A5-LeaderElection56] INFO  server.RaftServerConfigKeys (ConfUtils.java:logGet(43)) - raft.server.write.element-limit = 4096 (default)
2019-10-14 11:32:31,202 [462cc878-52e4-4fe3-b7f7-a02da95ab560@group-A23B89D701A5-LeaderElection56] INFO  server.RaftServerConfigKeys (ConfUtils.java:logGet(43)) - raft.server.watch.timeout = 10s (default)
2019-10-14 11:32:31,202 [462cc878-52e4-4fe3-b7f7-a02da95ab560@group-A23B89D701A5-LeaderElection56] INFO  server.RaftServerConfigKeys (ConfUtils.java:logGet(43)) - raft.server.watch.timeout.denomination = 1s (default)
2019-10-14 11:32:31,202 [462cc878-52e4-4fe3-b7f7-a02da95ab560@group-A23B89D701A5-LeaderElection56] INFO  server.RaftServerConfigKeys (ConfUtils.java:logGet(43)) - raft.server.watch.element-limit = 65536 (default)
2019-10-14 11:32:31,203 [462cc878-52e4-4fe3-b7f7-a02da95ab560@group-A23B89D701A5-LeaderElection56] INFO  server.RaftServerConfigKeys (ConfUtils.java:logGet(43)) - raft.server.log.appender.snapshot.chunk.size.max = 16MB (=16777216) (default)
2019-10-14 11:32:31,203 [462cc878-52e4-4fe3-b7f7-a02da95ab560@group-A23B89D701A5-LeaderElection56] INFO  server.RaftServerConfigKeys (ConfUtils.java:logGet(43)) - raft.server.log.appender.buffer.byte-limit = 33554432 (custom)
2019-10-14 11:32:31,204 [462cc878-52e4-4fe3-b7f7-a02da95ab560@group-A23B89D701A5-LeaderElection56] INFO  server.RaftServerConfigKeys (ConfUtils.java:logGet(43)) - raft.server.log.appender.buffer.element-limit = 1 (custom)
2019-10-14 11:32:31,204 [462cc878-52e4-4fe3-b7f7-a02da95ab560@group-A23B89D701A5-LeaderElection56] INFO  grpc.GrpcConfigKeys$Server (ConfUtils.java:logGet(43)) - raft.grpc.server.leader.outstanding.appends.max = 128 (default)
2019-10-14 11:32:31,204 [462cc878-52e4-4fe3-b7f7-a02da95ab560@group-A23B89D701A5-LeaderElection56] INFO  server.RaftServerConfigKeys (ConfUtils.java:logGet(43)) - raft.server.rpc.request.timeout = 3000ms (default)
2019-10-14 11:32:31,204 [Thread-2323] INFO  impl.FollowerState (FollowerState.java:run(108)) - 462cc878-52e4-4fe3-b7f7-a02da95ab560@group-8359CCB18A58-FollowerState: change to CANDIDATE, lastRpcTime:5139ms, electionTimeout:5139ms
2019-10-14 11:32:31,204 [462cc878-52e4-4fe3-b7f7-a02da95ab560@group-A23B89D701A5-LeaderElection56] INFO  server.RaftServerConfigKeys (ConfUtils.java:logGet(43)) - raft.server.log.appender.install.snapshot.enabled = false (custom)
2019-10-14 11:32:31,206 [Thread-2323] INFO  impl.RoleInfo (RoleInfo.java:shutdownFollowerState(121)) - 462cc878-52e4-4fe3-b7f7-a02da95ab560: shutdown FollowerState
2019-10-14 11:32:31,206 [462cc878-52e4-4fe3-b7f7-a02da95ab560@group-A23B89D701A5-LeaderElection56] INFO  server.RaftServerConfigKeys (ConfUtils.java:logGet(43)) - raft.server.log.appender.snapshot.chunk.size.max = 16MB (=16777216) (default)
2019-10-14 11:32:31,206 [Thread-2323] INFO  impl.RaftServerImpl (RaftServerImpl.java:setRole(170)) - 462cc878-52e4-4fe3-b7f7-a02da95ab560@group-8359CCB18A58: changes role from  FOLLOWER to CANDIDATE at term 0 for changeToCandidate
2019-10-14 11:32:31,206 [462cc878-52e4-4fe3-b7f7-a02da95ab560@group-A23B89D701A5-LeaderElection56] INFO  server.RaftServerConfigKeys (ConfUtils.java:logGet(43)) - raft.server.log.appender.buffer.byte-limit = 33554432 (custom)
2019-10-14 11:32:31,207 [Thread-2323] INFO  impl.RoleInfo (RoleInfo.java:updateAndGet(143)) - 462cc878-52e4-4fe3-b7f7-a02da95ab560: start LeaderElection
2019-10-14 11:32:31,207 [462cc878-52e4-4fe3-b7f7-a02da95ab560@group-A23B89D701A5-LeaderElection56] INFO  server.RaftServerConfigKeys (ConfUtils.java:logGet(43)) - raft.server.log.appender.buffer.element-limit = 1 (custom)
2019-10-14 11:32:31,207 [462cc878-52e4-4fe3-b7f7-a02da95ab560@group-A23B89D701A5-LeaderElection56] INFO  grpc.GrpcConfigKeys$Server (ConfUtils.java:logGet(43)) - raft.grpc.server.leader.outstanding.appends.max = 128 (default)
2019-10-14 11:32:31,209 [462cc878-52e4-4fe3-b7f7-a02da95ab560@group-A23B89D701A5-LeaderElection56] INFO  server.RaftServerConfigKeys (ConfUtils.java:logGet(43)) - raft.server.rpc.request.timeout = 3000ms (default)
2019-10-14 11:32:31,211 [462cc878-52e4-4fe3-b7f7-a02da95ab560@group-A23B89D701A5-LeaderElection56] INFO  server.RaftServerConfigKeys (ConfUtils.java:logGet(43)) - raft.server.log.appender.install.snapshot.enabled = false (custom)
2019-10-14 11:32:31,211 [462cc878-52e4-4fe3-b7f7-a02da95ab560@group-A23B89D701A5-LeaderElection56] INFO  impl.RoleInfo (RoleInfo.java:updateAndGet(143)) - 462cc878-52e4-4fe3-b7f7-a02da95ab560: start LeaderState
2019-10-14 11:32:31,211 [462cc878-52e4-4fe3-b7f7-a02da95ab560@group-A23B89D701A5-LeaderElection56] INFO  segmented.SegmentedRaftLogWorker (SegmentedRaftLogWorker.java:startLogSegment(385)) - 462cc878-52e4-4fe3-b7f7-a02da95ab560@group-A23B89D701A5-SegmentedRaftLogWorker: Starting segment from index:0
2019-10-14 11:32:31,212 [462cc878-52e4-4fe3-b7f7-a02da95ab560@group-A23B89D701A5-LeaderElection56] INFO  impl.RaftServerImpl (ServerState.java:setRaftConf(356)) - 462cc878-52e4-4fe3-b7f7-a02da95ab560@group-A23B89D701A5: set configuration 0: [b0dcf559-b940-4ebf-a0c2-bcecb035ae36:192.168.157.207:33021, 462cc878-52e4-4fe3-b7f7-a02da95ab560:192.168.157.207:35449, 73fe8d94-c0de-4eed-aabf-ff16f2610fde:192.168.157.207:44357], old=null at 0
2019-10-14 11:32:31,244 [462cc878-52e4-4fe3-b7f7-a02da95ab560@group-8359CCB18A58-LeaderElection57] INFO  impl.LeaderElection (LeaderElection.java:askForVotes(178)) - 462cc878-52e4-4fe3-b7f7-a02da95ab560@group-8359CCB18A58-LeaderElection57: begin an election at term 1 for -1: [462cc878-52e4-4fe3-b7f7-a02da95ab560:192.168.157.207:35449], old=null
2019-10-14 11:32:31,245 [462cc878-52e4-4fe3-b7f7-a02da95ab560@group-8359CCB18A58-LeaderElection57] INFO  impl.RoleInfo (RoleInfo.java:shutdownLeaderElection(134)) - 462cc878-52e4-4fe3-b7f7-a02da95ab560: shutdown LeaderElection
2019-10-14 11:32:31,245 [462cc878-52e4-4fe3-b7f7-a02da95ab560@group-8359CCB18A58-LeaderElection57] INFO  impl.RaftServerImpl (RaftServerImpl.java:setRole(170)) - 462cc878-52e4-4fe3-b7f7-a02da95ab560@group-8359CCB18A58: changes role from CANDIDATE to LEADER at term 1 for changeToLeader
2019-10-14 11:32:31,245 [462cc878-52e4-4fe3-b7f7-a02da95ab560@group-8359CCB18A58-LeaderElection57] INFO  impl.RaftServerImpl (ServerState.java:setLeader(255)) - 462cc878-52e4-4fe3-b7f7-a02da95ab560@group-8359CCB18A58: change Leader from null to 462cc878-52e4-4fe3-b7f7-a02da95ab560 at term 1 for becomeLeader, leader elected after 5188ms
2019-10-14 11:32:31,245 [462cc878-52e4-4fe3-b7f7-a02da95ab560@group-8359CCB18A58-LeaderElection57] INFO  server.RaftServerConfigKeys (ConfUtils.java:logGet(43)) - raft.server.staging.catchup.gap = 1000 (default)
2019-10-14 11:32:31,246 [462cc878-52e4-4fe3-b7f7-a02da95ab560@group-8359CCB18A58-LeaderElection57] INFO  server.RaftServerConfigKeys (ConfUtils.java:logGet(43)) - raft.server.rpc.sleep.time = 25ms (default)
2019-10-14 11:32:31,246 [462cc878-52e4-4fe3-b7f7-a02da95ab560@group-8359CCB18A58-LeaderElection57] INFO  server.RaftServerConfigKeys (ConfUtils.java:logGet(43)) - raft.server.write.element-limit = 4096 (default)
2019-10-14 11:32:31,249 [grpc-default-executor-0] INFO  impl.RaftServerImpl (ServerState.java:setLeader(255)) - b0dcf559-b940-4ebf-a0c2-bcecb035ae36@group-A23B89D701A5: change Leader from null to 462cc878-52e4-4fe3-b7f7-a02da95ab560 at term 1 for appendEntries, leader elected after 5131ms
2019-10-14 11:32:31,248 [462cc878-52e4-4fe3-b7f7-a02da95ab560@group-A23B89D701A5-SegmentedRaftLogWorker] INFO  segmented.SegmentedRaftLogWorker (SegmentedRaftLogWorker.java:execute(574)) - 462cc878-52e4-4fe3-b7f7-a02da95ab560@group-A23B89D701A5-SegmentedRaftLogWorker: created new log segment /workdir/hadoop-ozone/integration-test/target/test-dir/MiniOzoneClusterImpl-95aba73e-a2ce-4cb2-acaf-01244b70b3f2/datanode-2/data/ratis/a818afd9-bd51-4df5-9a80-a23b89d701a5/current/log_inprogress_0
2019-10-14 11:32:31,249 [462cc878-52e4-4fe3-b7f7-a02da95ab560@group-8359CCB18A58-LeaderElection57] INFO  server.RaftServerConfigKeys (ConfUtils.java:logGet(43)) - raft.server.watch.timeout = 10s (default)
2019-10-14 11:32:31,249 [grpc-default-executor-7] INFO  impl.RaftServerImpl (ServerState.java:setLeader(255)) - 73fe8d94-c0de-4eed-aabf-ff16f2610fde@group-A23B89D701A5: change Leader from null to 462cc878-52e4-4fe3-b7f7-a02da95ab560 at term 1 for appendEntries, leader elected after 5131ms
2019-10-14 11:32:31,249 [462cc878-52e4-4fe3-b7f7-a02da95ab560@group-8359CCB18A58-LeaderElection57] INFO  server.RaftServerConfigKeys (ConfUtils.java:logGet(43)) - raft.server.watch.timeout.denomination = 1s (default)
2019-10-14 11:32:31,250 [462cc878-52e4-4fe3-b7f7-a02da95ab560@group-8359CCB18A58-LeaderElection57] INFO  server.RaftServerConfigKeys (ConfUtils.java:logGet(43)) - raft.server.watch.element-limit = 65536 (default)
2019-10-14 11:32:31,251 [grpc-default-executor-7] INFO  impl.RaftServerImpl (ServerState.java:setRaftConf(356)) - b0dcf559-b940-4ebf-a0c2-bcecb035ae36@group-A23B89D701A5: set configuration 0: [b0dcf559-b940-4ebf-a0c2-bcecb035ae36:192.168.157.207:33021, 462cc878-52e4-4fe3-b7f7-a02da95ab560:192.168.157.207:35449, 73fe8d94-c0de-4eed-aabf-ff16f2610fde:192.168.157.207:44357], old=null at 0
2019-10-14 11:32:31,251 [grpc-default-executor-0] INFO  impl.RaftServerImpl (ServerState.java:setRaftConf(356)) - 73fe8d94-c0de-4eed-aabf-ff16f2610fde@group-A23B89D701A5: set configuration 0: [b0dcf559-b940-4ebf-a0c2-bcecb035ae36:192.168.157.207:33021, 462cc878-52e4-4fe3-b7f7-a02da95ab560:192.168.157.207:35449, 73fe8d94-c0de-4eed-aabf-ff16f2610fde:192.168.157.207:44357], old=null at 0
2019-10-14 11:32:31,251 [462cc878-52e4-4fe3-b7f7-a02da95ab560@group-8359CCB18A58-LeaderElection57] INFO  impl.RoleInfo (RoleInfo.java:updateAndGet(143)) - 462cc878-52e4-4fe3-b7f7-a02da95ab560: start LeaderState
2019-10-14 11:32:31,252 [grpc-default-executor-0] INFO  segmented.SegmentedRaftLogWorker (SegmentedRaftLogWorker.java:startLogSegment(385)) - 73fe8d94-c0de-4eed-aabf-ff16f2610fde@group-A23B89D701A5-SegmentedRaftLogWorker: Starting segment from index:0
2019-10-14 11:32:31,251 [grpc-default-executor-7] INFO  segmented.SegmentedRaftLogWorker (SegmentedRaftLogWorker.java:startLogSegment(385)) - b0dcf559-b940-4ebf-a0c2-bcecb035ae36@group-A23B89D701A5-SegmentedRaftLogWorker: Starting segment from index:0
2019-10-14 11:32:31,252 [462cc878-52e4-4fe3-b7f7-a02da95ab560@group-8359CCB18A58-LeaderElection57] INFO  segmented.SegmentedRaftLogWorker (SegmentedRaftLogWorker.java:startLogSegment(385)) - 462cc878-52e4-4fe3-b7f7-a02da95ab560@group-8359CCB18A58-SegmentedRaftLogWorker: Starting segment from index:0
2019-10-14 11:32:31,253 [462cc878-52e4-4fe3-b7f7-a02da95ab560@group-8359CCB18A58-LeaderElection57] INFO  impl.RaftServerImpl (ServerState.java:setRaftConf(356)) - 462cc878-52e4-4fe3-b7f7-a02da95ab560@group-8359CCB18A58: set configuration 0: [462cc878-52e4-4fe3-b7f7-a02da95ab560:192.168.157.207:35449], old=null at 0
2019-10-14 11:32:31,280 [Thread-2338] INFO  impl.FollowerState (FollowerState.java:run(108)) - ec3a2837-cb0d-4f51-a3ea-5e1be70e3360@group-058D0246719A-FollowerState: change to CANDIDATE, lastRpcTime:5033ms, electionTimeout:5033ms
2019-10-14 11:32:31,280 [Thread-2338] INFO  impl.RoleInfo (RoleInfo.java:shutdownFollowerState(121)) - ec3a2837-cb0d-4f51-a3ea-5e1be70e3360: shutdown FollowerState
2019-10-14 11:32:31,280 [Thread-2338] INFO  impl.RaftServerImpl (RaftServerImpl.java:setRole(170)) - ec3a2837-cb0d-4f51-a3ea-5e1be70e3360@group-058D0246719A: changes role from  FOLLOWER to CANDIDATE at term 0 for changeToCandidate
2019-10-14 11:32:31,280 [Thread-2338] INFO  impl.RoleInfo (RoleInfo.java:updateAndGet(143)) - ec3a2837-cb0d-4f51-a3ea-5e1be70e3360: start LeaderElection
2019-10-14 11:32:31,317 [73fe8d94-c0de-4eed-aabf-ff16f2610fde@group-A23B89D701A5-SegmentedRaftLogWorker] INFO  segmented.SegmentedRaftLogWorker (SegmentedRaftLogWorker.java:execute(574)) - 73fe8d94-c0de-4eed-aabf-ff16f2610fde@group-A23B89D701A5-SegmentedRaftLogWorker: created new log segment /workdir/hadoop-ozone/integration-test/target/test-dir/MiniOzoneClusterImpl-95aba73e-a2ce-4cb2-acaf-01244b70b3f2/datanode-1/data/ratis/a818afd9-bd51-4df5-9a80-a23b89d701a5/current/log_inprogress_0
2019-10-14 11:32:31,324 [Thread-2335] INFO  impl.FollowerState (FollowerState.java:run(108)) - 66f555dd-9c74-4857-b62c-0d97b88edda2@group-A9D35A582A18-FollowerState: change to CANDIDATE, lastRpcTime:5130ms, electionTimeout:5130ms
2019-10-14 11:32:31,324 [Thread-2335] INFO  impl.RoleInfo (RoleInfo.java:shutdownFollowerState(121)) - 66f555dd-9c74-4857-b62c-0d97b88edda2: shutdown FollowerState
2019-10-14 11:32:31,324 [Thread-2335] INFO  impl.RaftServerImpl (RaftServerImpl.java:setRole(170)) - 66f555dd-9c74-4857-b62c-0d97b88edda2@group-A9D35A582A18: changes role from  FOLLOWER to CANDIDATE at term 0 for changeToCandidate
2019-10-14 11:32:31,324 [Thread-2335] INFO  impl.RoleInfo (RoleInfo.java:updateAndGet(143)) - 66f555dd-9c74-4857-b62c-0d97b88edda2: start LeaderElection
2019-10-14 11:32:31,333 [b0dcf559-b940-4ebf-a0c2-bcecb035ae36@group-A23B89D701A5-SegmentedRaftLogWorker] INFO  segmented.SegmentedRaftLogWorker (SegmentedRaftLogWorker.java:execute(574)) - b0dcf559-b940-4ebf-a0c2-bcecb035ae36@group-A23B89D701A5-SegmentedRaftLogWorker: created new log segment /workdir/hadoop-ozone/integration-test/target/test-dir/MiniOzoneClusterImpl-95aba73e-a2ce-4cb2-acaf-01244b70b3f2/datanode-0/data/ratis/a818afd9-bd51-4df5-9a80-a23b89d701a5/current/log_inprogress_0
2019-10-14 11:32:31,333 [462cc878-52e4-4fe3-b7f7-a02da95ab560@group-8359CCB18A58-SegmentedRaftLogWorker] INFO  segmented.SegmentedRaftLogWorker (SegmentedRaftLogWorker.java:execute(574)) - 462cc878-52e4-4fe3-b7f7-a02da95ab560@group-8359CCB18A58-SegmentedRaftLogWorker: created new log segment /workdir/hadoop-ozone/integration-test/target/test-dir/MiniOzoneClusterImpl-95aba73e-a2ce-4cb2-acaf-01244b70b3f2/datanode-2/data/ratis/e3cbea0e-83aa-48c2-9d76-8359ccb18a58/current/log_inprogress_0
2019-10-14 11:32:31,334 [ec3a2837-cb0d-4f51-a3ea-5e1be70e3360@group-058D0246719A-LeaderElection58] INFO  impl.LeaderElection (LeaderElection.java:askForVotes(178)) - ec3a2837-cb0d-4f51-a3ea-5e1be70e3360@group-058D0246719A-LeaderElection58: begin an election at term 1 for -1: [ec3a2837-cb0d-4f51-a3ea-5e1be70e3360:192.168.157.207:42220], old=null
2019-10-14 11:32:31,334 [ec3a2837-cb0d-4f51-a3ea-5e1be70e3360@group-058D0246719A-LeaderElection58] INFO  impl.RoleInfo (RoleInfo.java:shutdownLeaderElection(134)) - ec3a2837-cb0d-4f51-a3ea-5e1be70e3360: shutdown LeaderElection
2019-10-14 11:32:31,334 [ec3a2837-cb0d-4f51-a3ea-5e1be70e3360@group-058D0246719A-LeaderElection58] INFO  impl.RaftServerImpl (RaftServerImpl.java:setRole(170)) - ec3a2837-cb0d-4f51-a3ea-5e1be70e3360@group-058D0246719A: changes role from CANDIDATE to LEADER at term 1 for changeToLeader
2019-10-14 11:32:31,334 [ec3a2837-cb0d-4f51-a3ea-5e1be70e3360@group-058D0246719A-LeaderElection58] INFO  impl.RaftServerImpl (ServerState.java:setLeader(255)) - ec3a2837-cb0d-4f51-a3ea-5e1be70e3360@group-058D0246719A: change Leader from null to ec3a2837-cb0d-4f51-a3ea-5e1be70e3360 at term 1 for becomeLeader, leader elected after 5093ms
2019-10-14 11:32:31,334 [ec3a2837-cb0d-4f51-a3ea-5e1be70e3360@group-058D0246719A-LeaderElection58] INFO  server.RaftServerConfigKeys (ConfUtils.java:logGet(43)) - raft.server.staging.catchup.gap = 1000 (default)
2019-10-14 11:32:31,334 [ec3a2837-cb0d-4f51-a3ea-5e1be70e3360@group-058D0246719A-LeaderElection58] INFO  server.RaftServerConfigKeys (ConfUtils.java:logGet(43)) - raft.server.rpc.sleep.time = 25ms (default)
2019-10-14 11:32:31,335 [ec3a2837-cb0d-4f51-a3ea-5e1be70e3360@group-058D0246719A-LeaderElection58] INFO  server.RaftServerConfigKeys (ConfUtils.java:logGet(43)) - raft.server.write.element-limit = 4096 (default)
2019-10-14 11:32:31,335 [ec3a2837-cb0d-4f51-a3ea-5e1be70e3360@group-058D0246719A-LeaderElection58] INFO  server.RaftServerConfigKeys (ConfUtils.java:logGet(43)) - raft.server.watch.timeout = 10s (default)
2019-10-14 11:32:31,335 [ec3a2837-cb0d-4f51-a3ea-5e1be70e3360@group-058D0246719A-LeaderElection58] INFO  server.RaftServerConfigKeys (ConfUtils.java:logGet(43)) - raft.server.watch.timeout.denomination = 1s (default)
2019-10-14 11:32:31,335 [ec3a2837-cb0d-4f51-a3ea-5e1be70e3360@group-058D0246719A-LeaderElection58] INFO  server.RaftServerConfigKeys (ConfUtils.java:logGet(43)) - raft.server.watch.element-limit = 65536 (default)
2019-10-14 11:32:31,337 [ec3a2837-cb0d-4f51-a3ea-5e1be70e3360@group-058D0246719A-LeaderElection58] INFO  impl.RoleInfo (RoleInfo.java:updateAndGet(143)) - ec3a2837-cb0d-4f51-a3ea-5e1be70e3360: start LeaderState
2019-10-14 11:32:31,337 [ec3a2837-cb0d-4f51-a3ea-5e1be70e3360@group-058D0246719A-LeaderElection58] INFO  segmented.SegmentedRaftLogWorker (SegmentedRaftLogWorker.java:startLogSegment(385)) - ec3a2837-cb0d-4f51-a3ea-5e1be70e3360@group-058D0246719A-SegmentedRaftLogWorker: Starting segment from index:0
2019-10-14 11:32:31,337 [ec3a2837-cb0d-4f51-a3ea-5e1be70e3360@group-058D0246719A-LeaderElection58] INFO  impl.RaftServerImpl (ServerState.java:setRaftConf(356)) - ec3a2837-cb0d-4f51-a3ea-5e1be70e3360@group-058D0246719A: set configuration 0: [ec3a2837-cb0d-4f51-a3ea-5e1be70e3360:192.168.157.207:42220], old=null at 0
2019-10-14 11:32:31,350 [66f555dd-9c74-4857-b62c-0d97b88edda2@group-A9D35A582A18-LeaderElection59] INFO  impl.LeaderElection (LeaderElection.java:askForVotes(178)) - 66f555dd-9c74-4857-b62c-0d97b88edda2@group-A9D35A582A18-LeaderElection59: begin an election at term 1 for -1: [66f555dd-9c74-4857-b62c-0d97b88edda2:192.168.157.207:34228], old=null
2019-10-14 11:32:31,350 [66f555dd-9c74-4857-b62c-0d97b88edda2@group-A9D35A582A18-LeaderElection59] INFO  impl.RoleInfo (RoleInfo.java:shutdownLeaderElection(134)) - 66f555dd-9c74-4857-b62c-0d97b88edda2: shutdown LeaderElection
2019-10-14 11:32:31,350 [66f555dd-9c74-4857-b62c-0d97b88edda2@group-A9D35A582A18-LeaderElection59] INFO  impl.RaftServerImpl (RaftServerImpl.java:setRole(170)) - 66f555dd-9c74-4857-b62c-0d97b88edda2@group-A9D35A582A18: changes role from CANDIDATE to LEADER at term 1 for changeToLeader
2019-10-14 11:32:31,350 [66f555dd-9c74-4857-b62c-0d97b88edda2@group-A9D35A582A18-LeaderElection59] INFO  impl.RaftServerImpl (ServerState.java:setLeader(255)) - 66f555dd-9c74-4857-b62c-0d97b88edda2@group-A9D35A582A18: change Leader from null to 66f555dd-9c74-4857-b62c-0d97b88edda2 at term 1 for becomeLeader, leader elected after 5163ms
2019-10-14 11:32:31,350 [66f555dd-9c74-4857-b62c-0d97b88edda2@group-A9D35A582A18-LeaderElection59] INFO  server.RaftServerConfigKeys (ConfUtils.java:logGet(43)) - raft.server.staging.catchup.gap = 1000 (default)
2019-10-14 11:32:31,350 [66f555dd-9c74-4857-b62c-0d97b88edda2@group-A9D35A582A18-LeaderElection59] INFO  server.RaftServerConfigKeys (ConfUtils.java:logGet(43)) - raft.server.rpc.sleep.time = 25ms (default)
2019-10-14 11:32:31,351 [66f555dd-9c74-4857-b62c-0d97b88edda2@group-A9D35A582A18-LeaderElection59] INFO  server.RaftServerConfigKeys (ConfUtils.java:logGet(43)) - raft.server.write.element-limit = 4096 (default)
2019-10-14 11:32:31,351 [66f555dd-9c74-4857-b62c-0d97b88edda2@group-A9D35A582A18-LeaderElection59] INFO  server.RaftServerConfigKeys (ConfUtils.java:logGet(43)) - raft.server.watch.timeout = 10s (default)
2019-10-14 11:32:31,351 [66f555dd-9c74-4857-b62c-0d97b88edda2@group-A9D35A582A18-LeaderElection59] INFO  server.RaftServerConfigKeys (ConfUtils.java:logGet(43)) - raft.server.watch.timeout.denomination = 1s (default)
2019-10-14 11:32:31,351 [66f555dd-9c74-4857-b62c-0d97b88edda2@group-A9D35A582A18-LeaderElection59] INFO  server.RaftServerConfigKeys (ConfUtils.java:logGet(43)) - raft.server.watch.element-limit = 65536 (default)
2019-10-14 11:32:31,352 [66f555dd-9c74-4857-b62c-0d97b88edda2@group-A9D35A582A18-LeaderElection59] INFO  impl.RoleInfo (RoleInfo.java:updateAndGet(143)) - 66f555dd-9c74-4857-b62c-0d97b88edda2: start LeaderState
2019-10-14 11:32:31,352 [66f555dd-9c74-4857-b62c-0d97b88edda2@group-A9D35A582A18-LeaderElection59] INFO  segmented.SegmentedRaftLogWorker (SegmentedRaftLogWorker.java:startLogSegment(385)) - 66f555dd-9c74-4857-b62c-0d97b88edda2@group-A9D35A582A18-SegmentedRaftLogWorker: Starting segment from index:0
2019-10-14 11:32:31,352 [66f555dd-9c74-4857-b62c-0d97b88edda2@group-A9D35A582A18-LeaderElection59] INFO  impl.RaftServerImpl (ServerState.java:setRaftConf(356)) - 66f555dd-9c74-4857-b62c-0d97b88edda2@group-A9D35A582A18: set configuration 0: [66f555dd-9c74-4857-b62c-0d97b88edda2:192.168.157.207:34228], old=null at 0
2019-10-14 11:32:31,357 [Thread-2341] INFO  impl.FollowerState (FollowerState.java:run(108)) - bf5a0562-303e-4741-95e7-68482fe7a3ed@group-920AD1A7F9C0-FollowerState: change to CANDIDATE, lastRpcTime:5068ms, electionTimeout:5068ms
2019-10-14 11:32:31,358 [Thread-2341] INFO  impl.RoleInfo (RoleInfo.java:shutdownFollowerState(121)) - bf5a0562-303e-4741-95e7-68482fe7a3ed: shutdown FollowerState
2019-10-14 11:32:31,358 [Thread-2341] INFO  impl.RaftServerImpl (RaftServerImpl.java:setRole(170)) - bf5a0562-303e-4741-95e7-68482fe7a3ed@group-920AD1A7F9C0: changes role from  FOLLOWER to CANDIDATE at term 0 for changeToCandidate
2019-10-14 11:32:31,358 [Thread-2341] INFO  impl.RoleInfo (RoleInfo.java:updateAndGet(143)) - bf5a0562-303e-4741-95e7-68482fe7a3ed: start LeaderElection
2019-10-14 11:32:31,395 [ec3a2837-cb0d-4f51-a3ea-5e1be70e3360@group-058D0246719A-SegmentedRaftLogWorker] INFO  segmented.SegmentedRaftLogWorker (SegmentedRaftLogWorker.java:execute(574)) - ec3a2837-cb0d-4f51-a3ea-5e1be70e3360@group-058D0246719A-SegmentedRaftLogWorker: created new log segment /workdir/hadoop-ozone/integration-test/target/test-dir/MiniOzoneClusterImpl-95aba73e-a2ce-4cb2-acaf-01244b70b3f2/datanode-4/data/ratis/c3658f74-7c97-43a0-b821-058d0246719a/current/log_inprogress_0
2019-10-14 11:32:31,395 [66f555dd-9c74-4857-b62c-0d97b88edda2@group-A9D35A582A18-SegmentedRaftLogWorker] INFO  segmented.SegmentedRaftLogWorker (SegmentedRaftLogWorker.java:execute(574)) - 66f555dd-9c74-4857-b62c-0d97b88edda2@group-A9D35A582A18-SegmentedRaftLogWorker: created new log segment /workdir/hadoop-ozone/integration-test/target/test-dir/MiniOzoneClusterImpl-95aba73e-a2ce-4cb2-acaf-01244b70b3f2/datanode-3/data/ratis/5f22d562-ed6f-4cc4-8343-a9d35a582a18/current/log_inprogress_0
2019-10-14 11:32:31,399 [bf5a0562-303e-4741-95e7-68482fe7a3ed@group-920AD1A7F9C0-LeaderElection60] INFO  impl.LeaderElection (LeaderElection.java:askForVotes(178)) - bf5a0562-303e-4741-95e7-68482fe7a3ed@group-920AD1A7F9C0-LeaderElection60: begin an election at term 1 for -1: [bf5a0562-303e-4741-95e7-68482fe7a3ed:192.168.157.207:36698], old=null
2019-10-14 11:32:31,399 [bf5a0562-303e-4741-95e7-68482fe7a3ed@group-920AD1A7F9C0-LeaderElection60] INFO  impl.RoleInfo (RoleInfo.java:shutdownLeaderElection(134)) - bf5a0562-303e-4741-95e7-68482fe7a3ed: shutdown LeaderElection
2019-10-14 11:32:31,399 [bf5a0562-303e-4741-95e7-68482fe7a3ed@group-920AD1A7F9C0-LeaderElection60] INFO  impl.RaftServerImpl (RaftServerImpl.java:setRole(170)) - bf5a0562-303e-4741-95e7-68482fe7a3ed@group-920AD1A7F9C0: changes role from CANDIDATE to LEADER at term 1 for changeToLeader
2019-10-14 11:32:31,399 [bf5a0562-303e-4741-95e7-68482fe7a3ed@group-920AD1A7F9C0-LeaderElection60] INFO  impl.RaftServerImpl (ServerState.java:setLeader(255)) - bf5a0562-303e-4741-95e7-68482fe7a3ed@group-920AD1A7F9C0: change Leader from null to bf5a0562-303e-4741-95e7-68482fe7a3ed at term 1 for becomeLeader, leader elected after 5115ms
2019-10-14 11:32:31,399 [bf5a0562-303e-4741-95e7-68482fe7a3ed@group-920AD1A7F9C0-LeaderElection60] INFO  server.RaftServerConfigKeys (ConfUtils.java:logGet(43)) - raft.server.staging.catchup.gap = 1000 (default)
2019-10-14 11:32:31,399 [bf5a0562-303e-4741-95e7-68482fe7a3ed@group-920AD1A7F9C0-LeaderElection60] INFO  server.RaftServerConfigKeys (ConfUtils.java:logGet(43)) - raft.server.rpc.sleep.time = 25ms (default)
2019-10-14 11:32:31,400 [bf5a0562-303e-4741-95e7-68482fe7a3ed@group-920AD1A7F9C0-LeaderElection60] INFO  server.RaftServerConfigKeys (ConfUtils.java:logGet(43)) - raft.server.write.element-limit = 4096 (default)
2019-10-14 11:32:31,400 [bf5a0562-303e-4741-95e7-68482fe7a3ed@group-920AD1A7F9C0-LeaderElection60] INFO  server.RaftServerConfigKeys (ConfUtils.java:logGet(43)) - raft.server.watch.timeout = 10s (default)
2019-10-14 11:32:31,400 [bf5a0562-303e-4741-95e7-68482fe7a3ed@group-920AD1A7F9C0-LeaderElection60] INFO  server.RaftServerConfigKeys (ConfUtils.java:logGet(43)) - raft.server.watch.timeout.denomination = 1s (default)
2019-10-14 11:32:31,400 [bf5a0562-303e-4741-95e7-68482fe7a3ed@group-920AD1A7F9C0-LeaderElection60] INFO  server.RaftServerConfigKeys (ConfUtils.java:logGet(43)) - raft.server.watch.element-limit = 65536 (default)
2019-10-14 11:32:31,402 [bf5a0562-303e-4741-95e7-68482fe7a3ed@group-920AD1A7F9C0-LeaderElection60] INFO  impl.RoleInfo (RoleInfo.java:updateAndGet(143)) - bf5a0562-303e-4741-95e7-68482fe7a3ed: start LeaderState
2019-10-14 11:32:31,402 [bf5a0562-303e-4741-95e7-68482fe7a3ed@group-920AD1A7F9C0-LeaderElection60] INFO  segmented.SegmentedRaftLogWorker (SegmentedRaftLogWorker.java:startLogSegment(385)) - bf5a0562-303e-4741-95e7-68482fe7a3ed@group-920AD1A7F9C0-SegmentedRaftLogWorker: Starting segment from index:0
2019-10-14 11:32:31,402 [bf5a0562-303e-4741-95e7-68482fe7a3ed@group-920AD1A7F9C0-LeaderElection60] INFO  impl.RaftServerImpl (ServerState.java:setRaftConf(356)) - bf5a0562-303e-4741-95e7-68482fe7a3ed@group-920AD1A7F9C0: set configuration 0: [bf5a0562-303e-4741-95e7-68482fe7a3ed:192.168.157.207:36698], old=null at 0
2019-10-14 11:32:31,439 [Thread-2352] INFO  impl.FollowerState (FollowerState.java:run(108)) - bf5a0562-303e-4741-95e7-68482fe7a3ed@group-55914A942442-FollowerState: change to CANDIDATE, lastRpcTime:5029ms, electionTimeout:5025ms
2019-10-14 11:32:31,439 [Thread-2352] INFO  impl.RoleInfo (RoleInfo.java:shutdownFollowerState(121)) - bf5a0562-303e-4741-95e7-68482fe7a3ed: shutdown FollowerState
2019-10-14 11:32:31,440 [Thread-2352] INFO  impl.RaftServerImpl (RaftServerImpl.java:setRole(170)) - bf5a0562-303e-4741-95e7-68482fe7a3ed@group-55914A942442: changes role from  FOLLOWER to CANDIDATE at term 0 for changeToCandidate
2019-10-14 11:32:31,440 [Thread-2352] INFO  impl.RoleInfo (RoleInfo.java:updateAndGet(143)) - bf5a0562-303e-4741-95e7-68482fe7a3ed: start LeaderElection
2019-10-14 11:32:31,451 [bf5a0562-303e-4741-95e7-68482fe7a3ed@group-920AD1A7F9C0-SegmentedRaftLogWorker] INFO  segmented.SegmentedRaftLogWorker (SegmentedRaftLogWorker.java:execute(574)) - bf5a0562-303e-4741-95e7-68482fe7a3ed@group-920AD1A7F9C0-SegmentedRaftLogWorker: created new log segment /workdir/hadoop-ozone/integration-test/target/test-dir/MiniOzoneClusterImpl-95aba73e-a2ce-4cb2-acaf-01244b70b3f2/datanode-5/data/ratis/3c3c78a7-b4f1-417b-8d87-920ad1a7f9c0/current/log_inprogress_0
2019-10-14 11:32:31,456 [bf5a0562-303e-4741-95e7-68482fe7a3ed@group-55914A942442-LeaderElection61] INFO  impl.LeaderElection (LeaderElection.java:askForVotes(178)) - bf5a0562-303e-4741-95e7-68482fe7a3ed@group-55914A942442-LeaderElection61: begin an election at term 1 for -1: [bf5a0562-303e-4741-95e7-68482fe7a3ed:192.168.157.207:36698, 66f555dd-9c74-4857-b62c-0d97b88edda2:192.168.157.207:34228, 4584dad4-a1ca-47d4-8076-08c1e2a710fb:192.168.157.207:37190], old=null
2019-10-14 11:32:31,466 [grpc-default-executor-6] INFO  impl.RaftServerImpl (RaftServerImpl.java:setRole(170)) - 66f555dd-9c74-4857-b62c-0d97b88edda2@group-55914A942442: changes role from  FOLLOWER to FOLLOWER at term 1 for recognizeCandidate:bf5a0562-303e-4741-95e7-68482fe7a3ed
2019-10-14 11:32:31,466 [grpc-default-executor-6] INFO  impl.RoleInfo (RoleInfo.java:shutdownFollowerState(121)) - 66f555dd-9c74-4857-b62c-0d97b88edda2: shutdown FollowerState
2019-10-14 11:32:31,466 [grpc-default-executor-6] INFO  impl.RoleInfo (RoleInfo.java:updateAndGet(143)) - 66f555dd-9c74-4857-b62c-0d97b88edda2: start FollowerState
2019-10-14 11:32:31,468 [Thread-2347] INFO  impl.FollowerState (FollowerState.java:run(117)) - 66f555dd-9c74-4857-b62c-0d97b88edda2@group-55914A942442-FollowerState was interrupted: java.lang.InterruptedException: sleep interrupted
2019-10-14 11:32:31,468 [grpc-default-executor-0] INFO  impl.RaftServerImpl (RaftServerImpl.java:setRole(170)) - 4584dad4-a1ca-47d4-8076-08c1e2a710fb@group-55914A942442: changes role from  FOLLOWER to FOLLOWER at term 1 for recognizeCandidate:bf5a0562-303e-4741-95e7-68482fe7a3ed
2019-10-14 11:32:31,471 [grpc-default-executor-0] INFO  impl.RoleInfo (RoleInfo.java:shutdownFollowerState(121)) - 4584dad4-a1ca-47d4-8076-08c1e2a710fb: shutdown FollowerState
2019-10-14 11:32:31,471 [grpc-default-executor-0] INFO  impl.RoleInfo (RoleInfo.java:updateAndGet(143)) - 4584dad4-a1ca-47d4-8076-08c1e2a710fb: start FollowerState
2019-10-14 11:32:31,471 [Thread-2350] INFO  impl.FollowerState (FollowerState.java:run(117)) - 4584dad4-a1ca-47d4-8076-08c1e2a710fb@group-55914A942442-FollowerState was interrupted: java.lang.InterruptedException: sleep interrupted
2019-10-14 11:32:31,476 [bf5a0562-303e-4741-95e7-68482fe7a3ed@group-55914A942442-LeaderElection61] INFO  impl.LeaderElection (LeaderElection.java:logAndReturn(56)) - bf5a0562-303e-4741-95e7-68482fe7a3ed@group-55914A942442-LeaderElection61: Election PASSED; received 1 response(s) [bf5a0562-303e-4741-95e7-68482fe7a3ed<-66f555dd-9c74-4857-b62c-0d97b88edda2#0:OK-t1] and 0 exception(s); bf5a0562-303e-4741-95e7-68482fe7a3ed@group-55914A942442:t1, leader=null, voted=bf5a0562-303e-4741-95e7-68482fe7a3ed, raftlog=bf5a0562-303e-4741-95e7-68482fe7a3ed@group-55914A942442-SegmentedRaftLog:OPENED:c-1,f-1,i0, conf=-1: [bf5a0562-303e-4741-95e7-68482fe7a3ed:192.168.157.207:36698, 66f555dd-9c74-4857-b62c-0d97b88edda2:192.168.157.207:34228, 4584dad4-a1ca-47d4-8076-08c1e2a710fb:192.168.157.207:37190], old=null
2019-10-14 11:32:31,476 [bf5a0562-303e-4741-95e7-68482fe7a3ed@group-55914A942442-LeaderElection61] INFO  impl.RoleInfo (RoleInfo.java:shutdownLeaderElection(134)) - bf5a0562-303e-4741-95e7-68482fe7a3ed: shutdown LeaderElection
2019-10-14 11:32:31,477 [bf5a0562-303e-4741-95e7-68482fe7a3ed@group-55914A942442-LeaderElection61] INFO  impl.RaftServerImpl (RaftServerImpl.java:setRole(170)) - bf5a0562-303e-4741-95e7-68482fe7a3ed@group-55914A942442: changes role from CANDIDATE to LEADER at term 1 for changeToLeader
2019-10-14 11:32:31,477 [bf5a0562-303e-4741-95e7-68482fe7a3ed@group-55914A942442-LeaderElection61] INFO  impl.RaftServerImpl (ServerState.java:setLeader(255)) - bf5a0562-303e-4741-95e7-68482fe7a3ed@group-55914A942442: change Leader from null to bf5a0562-303e-4741-95e7-68482fe7a3ed at term 1 for becomeLeader, leader elected after 5078ms
2019-10-14 11:32:31,477 [bf5a0562-303e-4741-95e7-68482fe7a3ed@group-55914A942442-LeaderElection61] INFO  server.RaftServerConfigKeys (ConfUtils.java:logGet(43)) - raft.server.staging.catchup.gap = 1000 (default)
2019-10-14 11:32:31,477 [bf5a0562-303e-4741-95e7-68482fe7a3ed@group-55914A942442-LeaderElection61] INFO  server.RaftServerConfigKeys (ConfUtils.java:logGet(43)) - raft.server.rpc.sleep.time = 25ms (default)
2019-10-14 11:32:31,477 [bf5a0562-303e-4741-95e7-68482fe7a3ed@group-55914A942442-LeaderElection61] INFO  server.RaftServerConfigKeys (ConfUtils.java:logGet(43)) - raft.server.write.element-limit = 4096 (default)
2019-10-14 11:32:31,477 [bf5a0562-303e-4741-95e7-68482fe7a3ed@group-55914A942442-LeaderElection61] INFO  server.RaftServerConfigKeys (ConfUtils.java:logGet(43)) - raft.server.watch.timeout = 10s (default)
2019-10-14 11:32:31,477 [bf5a0562-303e-4741-95e7-68482fe7a3ed@group-55914A942442-LeaderElection61] INFO  server.RaftServerConfigKeys (ConfUtils.java:logGet(43)) - raft.server.watch.timeout.denomination = 1s (default)
2019-10-14 11:32:31,477 [bf5a0562-303e-4741-95e7-68482fe7a3ed@group-55914A942442-LeaderElection61] INFO  server.RaftServerConfigKeys (ConfUtils.java:logGet(43)) - raft.server.watch.element-limit = 65536 (default)
2019-10-14 11:32:31,478 [bf5a0562-303e-4741-95e7-68482fe7a3ed@group-55914A942442-LeaderElection61] INFO  server.RaftServerConfigKeys (ConfUtils.java:logGet(43)) - raft.server.log.appender.snapshot.chunk.size.max = 16MB (=16777216) (default)
2019-10-14 11:32:31,479 [bf5a0562-303e-4741-95e7-68482fe7a3ed@group-55914A942442-LeaderElection61] INFO  server.RaftServerConfigKeys (ConfUtils.java:logGet(43)) - raft.server.log.appender.buffer.byte-limit = 33554432 (custom)
2019-10-14 11:32:31,479 [bf5a0562-303e-4741-95e7-68482fe7a3ed@group-55914A942442-LeaderElection61] INFO  server.RaftServerConfigKeys (ConfUtils.java:logGet(43)) - raft.server.log.appender.buffer.element-limit = 1 (custom)
2019-10-14 11:32:31,479 [bf5a0562-303e-4741-95e7-68482fe7a3ed@group-55914A942442-LeaderElection61] INFO  grpc.GrpcConfigKeys$Server (ConfUtils.java:logGet(43)) - raft.grpc.server.leader.outstanding.appends.max = 128 (default)
2019-10-14 11:32:31,479 [bf5a0562-303e-4741-95e7-68482fe7a3ed@group-55914A942442-LeaderElection61] INFO  server.RaftServerConfigKeys (ConfUtils.java:logGet(43)) - raft.server.rpc.request.timeout = 3000ms (default)
2019-10-14 11:32:31,479 [bf5a0562-303e-4741-95e7-68482fe7a3ed@group-55914A942442-LeaderElection61] INFO  server.RaftServerConfigKeys (ConfUtils.java:logGet(43)) - raft.server.log.appender.install.snapshot.enabled = false (custom)
2019-10-14 11:32:31,479 [bf5a0562-303e-4741-95e7-68482fe7a3ed@group-55914A942442-LeaderElection61] INFO  server.RaftServerConfigKeys (ConfUtils.java:logGet(43)) - raft.server.log.appender.snapshot.chunk.size.max = 16MB (=16777216) (default)
2019-10-14 11:32:31,480 [bf5a0562-303e-4741-95e7-68482fe7a3ed@group-55914A942442-LeaderElection61] INFO  server.RaftServerConfigKeys (ConfUtils.java:logGet(43)) - raft.server.log.appender.buffer.byte-limit = 33554432 (custom)
2019-10-14 11:32:31,480 [bf5a0562-303e-4741-95e7-68482fe7a3ed@group-55914A942442-LeaderElection61] INFO  server.RaftServerConfigKeys (ConfUtils.java:logGet(43)) - raft.server.log.appender.buffer.element-limit = 1 (custom)
2019-10-14 11:32:31,480 [bf5a0562-303e-4741-95e7-68482fe7a3ed@group-55914A942442-LeaderElection61] INFO  grpc.GrpcConfigKeys$Server (ConfUtils.java:logGet(43)) - raft.grpc.server.leader.outstanding.appends.max = 128 (default)
2019-10-14 11:32:31,480 [bf5a0562-303e-4741-95e7-68482fe7a3ed@group-55914A942442-LeaderElection61] INFO  server.RaftServerConfigKeys (ConfUtils.java:logGet(43)) - raft.server.rpc.request.timeout = 3000ms (default)
2019-10-14 11:32:31,481 [bf5a0562-303e-4741-95e7-68482fe7a3ed@group-55914A942442-LeaderElection61] INFO  server.RaftServerConfigKeys (ConfUtils.java:logGet(43)) - raft.server.log.appender.install.snapshot.enabled = false (custom)
2019-10-14 11:32:31,481 [bf5a0562-303e-4741-95e7-68482fe7a3ed@group-55914A942442-LeaderElection61] INFO  impl.RoleInfo (RoleInfo.java:updateAndGet(143)) - bf5a0562-303e-4741-95e7-68482fe7a3ed: start LeaderState
2019-10-14 11:32:31,481 [bf5a0562-303e-4741-95e7-68482fe7a3ed@group-55914A942442-LeaderElection61] INFO  segmented.SegmentedRaftLogWorker (SegmentedRaftLogWorker.java:startLogSegment(385)) - bf5a0562-303e-4741-95e7-68482fe7a3ed@group-55914A942442-SegmentedRaftLogWorker: Starting segment from index:0
2019-10-14 11:32:31,481 [bf5a0562-303e-4741-95e7-68482fe7a3ed@group-55914A942442-LeaderElection61] INFO  impl.RaftServerImpl (ServerState.java:setRaftConf(356)) - bf5a0562-303e-4741-95e7-68482fe7a3ed@group-55914A942442: set configuration 0: [bf5a0562-303e-4741-95e7-68482fe7a3ed:192.168.157.207:36698, 66f555dd-9c74-4857-b62c-0d97b88edda2:192.168.157.207:34228, 4584dad4-a1ca-47d4-8076-08c1e2a710fb:192.168.157.207:37190], old=null at 0
2019-10-14 11:32:31,483 [grpc-default-executor-0] INFO  impl.RaftServerImpl (ServerState.java:setLeader(255)) - 4584dad4-a1ca-47d4-8076-08c1e2a710fb@group-55914A942442: change Leader from null to bf5a0562-303e-4741-95e7-68482fe7a3ed at term 1 for appendEntries, leader elected after 5085ms
2019-10-14 11:32:31,513 [grpc-default-executor-6] INFO  impl.RaftServerImpl (ServerState.java:setLeader(255)) - 66f555dd-9c74-4857-b62c-0d97b88edda2@group-55914A942442: change Leader from null to bf5a0562-303e-4741-95e7-68482fe7a3ed at term 1 for appendEntries, leader elected after 5115ms
2019-10-14 11:32:31,517 [grpc-default-executor-0] INFO  impl.RaftServerImpl (ServerState.java:setRaftConf(356)) - 4584dad4-a1ca-47d4-8076-08c1e2a710fb@group-55914A942442: set configuration 0: [bf5a0562-303e-4741-95e7-68482fe7a3ed:192.168.157.207:36698, 66f555dd-9c74-4857-b62c-0d97b88edda2:192.168.157.207:34228, 4584dad4-a1ca-47d4-8076-08c1e2a710fb:192.168.157.207:37190], old=null at 0
2019-10-14 11:32:31,517 [grpc-default-executor-6] INFO  impl.RaftServerImpl (ServerState.java:setRaftConf(356)) - 66f555dd-9c74-4857-b62c-0d97b88edda2@group-55914A942442: set configuration 0: [bf5a0562-303e-4741-95e7-68482fe7a3ed:192.168.157.207:36698, 66f555dd-9c74-4857-b62c-0d97b88edda2:192.168.157.207:34228, 4584dad4-a1ca-47d4-8076-08c1e2a710fb:192.168.157.207:37190], old=null at 0
2019-10-14 11:32:31,517 [grpc-default-executor-0] INFO  segmented.SegmentedRaftLogWorker (SegmentedRaftLogWorker.java:startLogSegment(385)) - 4584dad4-a1ca-47d4-8076-08c1e2a710fb@group-55914A942442-SegmentedRaftLogWorker: Starting segment from index:0
2019-10-14 11:32:31,517 [grpc-default-executor-6] INFO  segmented.SegmentedRaftLogWorker (SegmentedRaftLogWorker.java:startLogSegment(385)) - 66f555dd-9c74-4857-b62c-0d97b88edda2@group-55914A942442-SegmentedRaftLogWorker: Starting segment from index:0
2019-10-14 11:32:31,522 [Thread-2344] INFO  impl.FollowerState (FollowerState.java:run(108)) - 4584dad4-a1ca-47d4-8076-08c1e2a710fb@group-901A95718A4D-FollowerState: change to CANDIDATE, lastRpcTime:5190ms, electionTimeout:5190ms
2019-10-14 11:32:31,522 [Thread-2344] INFO  impl.RoleInfo (RoleInfo.java:shutdownFollowerState(121)) - 4584dad4-a1ca-47d4-8076-08c1e2a710fb: shutdown FollowerState
2019-10-14 11:32:31,522 [Thread-2344] INFO  impl.RaftServerImpl (RaftServerImpl.java:setRole(170)) - 4584dad4-a1ca-47d4-8076-08c1e2a710fb@group-901A95718A4D: changes role from  FOLLOWER to CANDIDATE at term 0 for changeToCandidate
2019-10-14 11:32:31,523 [Thread-2344] INFO  impl.RoleInfo (RoleInfo.java:updateAndGet(143)) - 4584dad4-a1ca-47d4-8076-08c1e2a710fb: start LeaderElection
2019-10-14 11:32:31,523 [bf5a0562-303e-4741-95e7-68482fe7a3ed@group-55914A942442-SegmentedRaftLogWorker] INFO  segmented.SegmentedRaftLogWorker (SegmentedRaftLogWorker.java:execute(574)) - bf5a0562-303e-4741-95e7-68482fe7a3ed@group-55914A942442-SegmentedRaftLogWorker: created new log segment /workdir/hadoop-ozone/integration-test/target/test-dir/MiniOzoneClusterImpl-95aba73e-a2ce-4cb2-acaf-01244b70b3f2/datanode-5/data/ratis/8a370bab-4d8b-4ce7-9465-55914a942442/current/log_inprogress_0
2019-10-14 11:32:31,559 [4584dad4-a1ca-47d4-8076-08c1e2a710fb@group-55914A942442-SegmentedRaftLogWorker] INFO  segmented.SegmentedRaftLogWorker (SegmentedRaftLogWorker.java:execute(574)) - 4584dad4-a1ca-47d4-8076-08c1e2a710fb@group-55914A942442-SegmentedRaftLogWorker: created new log segment /workdir/hadoop-ozone/integration-test/target/test-dir/MiniOzoneClusterImpl-95aba73e-a2ce-4cb2-acaf-01244b70b3f2/datanode-6/data/ratis/8a370bab-4d8b-4ce7-9465-55914a942442/current/log_inprogress_0
2019-10-14 11:32:31,559 [4584dad4-a1ca-47d4-8076-08c1e2a710fb@group-901A95718A4D-LeaderElection62] INFO  impl.LeaderElection (LeaderElection.java:askForVotes(178)) - 4584dad4-a1ca-47d4-8076-08c1e2a710fb@group-901A95718A4D-LeaderElection62: begin an election at term 1 for -1: [4584dad4-a1ca-47d4-8076-08c1e2a710fb:192.168.157.207:37190], old=null
2019-10-14 11:32:31,559 [66f555dd-9c74-4857-b62c-0d97b88edda2@group-55914A942442-SegmentedRaftLogWorker] INFO  segmented.SegmentedRaftLogWorker (SegmentedRaftLogWorker.java:execute(574)) - 66f555dd-9c74-4857-b62c-0d97b88edda2@group-55914A942442-SegmentedRaftLogWorker: created new log segment /workdir/hadoop-ozone/integration-test/target/test-dir/MiniOzoneClusterImpl-95aba73e-a2ce-4cb2-acaf-01244b70b3f2/datanode-3/data/ratis/8a370bab-4d8b-4ce7-9465-55914a942442/current/log_inprogress_0
2019-10-14 11:32:31,562 [4584dad4-a1ca-47d4-8076-08c1e2a710fb@group-901A95718A4D-LeaderElection62] INFO  impl.RoleInfo (RoleInfo.java:shutdownLeaderElection(134)) - 4584dad4-a1ca-47d4-8076-08c1e2a710fb: shutdown LeaderElection
2019-10-14 11:32:31,562 [4584dad4-a1ca-47d4-8076-08c1e2a710fb@group-901A95718A4D-LeaderElection62] INFO  impl.RaftServerImpl (RaftServerImpl.java:setRole(170)) - 4584dad4-a1ca-47d4-8076-08c1e2a710fb@group-901A95718A4D: changes role from CANDIDATE to LEADER at term 1 for changeToLeader
2019-10-14 11:32:31,562 [4584dad4-a1ca-47d4-8076-08c1e2a710fb@group-901A95718A4D-LeaderElection62] INFO  impl.RaftServerImpl (ServerState.java:setLeader(255)) - 4584dad4-a1ca-47d4-8076-08c1e2a710fb@group-901A95718A4D: change Leader from null to 4584dad4-a1ca-47d4-8076-08c1e2a710fb at term 1 for becomeLeader, leader elected after 5235ms
2019-10-14 11:32:31,562 [4584dad4-a1ca-47d4-8076-08c1e2a710fb@group-901A95718A4D-LeaderElection62] INFO  server.RaftServerConfigKeys (ConfUtils.java:logGet(43)) - raft.server.staging.catchup.gap = 1000 (default)
2019-10-14 11:32:31,562 [4584dad4-a1ca-47d4-8076-08c1e2a710fb@group-901A95718A4D-LeaderElection62] INFO  server.RaftServerConfigKeys (ConfUtils.java:logGet(43)) - raft.server.rpc.sleep.time = 25ms (default)
2019-10-14 11:32:31,563 [4584dad4-a1ca-47d4-8076-08c1e2a710fb@group-901A95718A4D-LeaderElection62] INFO  server.RaftServerConfigKeys (ConfUtils.java:logGet(43)) - raft.server.write.element-limit = 4096 (default)
2019-10-14 11:32:31,563 [4584dad4-a1ca-47d4-8076-08c1e2a710fb@group-901A95718A4D-LeaderElection62] INFO  server.RaftServerConfigKeys (ConfUtils.java:logGet(43)) - raft.server.watch.timeout = 10s (default)
2019-10-14 11:32:31,563 [4584dad4-a1ca-47d4-8076-08c1e2a710fb@group-901A95718A4D-LeaderElection62] INFO  server.RaftServerConfigKeys (ConfUtils.java:logGet(43)) - raft.server.watch.timeout.denomination = 1s (default)
2019-10-14 11:32:31,563 [4584dad4-a1ca-47d4-8076-08c1e2a710fb@group-901A95718A4D-LeaderElection62] INFO  server.RaftServerConfigKeys (ConfUtils.java:logGet(43)) - raft.server.watch.element-limit = 65536 (default)
2019-10-14 11:32:31,564 [4584dad4-a1ca-47d4-8076-08c1e2a710fb@group-901A95718A4D-LeaderElection62] INFO  impl.RoleInfo (RoleInfo.java:updateAndGet(143)) - 4584dad4-a1ca-47d4-8076-08c1e2a710fb: start LeaderState
2019-10-14 11:32:31,564 [4584dad4-a1ca-47d4-8076-08c1e2a710fb@group-901A95718A4D-LeaderElection62] INFO  segmented.SegmentedRaftLogWorker (SegmentedRaftLogWorker.java:startLogSegment(385)) - 4584dad4-a1ca-47d4-8076-08c1e2a710fb@group-901A95718A4D-SegmentedRaftLogWorker: Starting segment from index:0
2019-10-14 11:32:31,564 [4584dad4-a1ca-47d4-8076-08c1e2a710fb@group-901A95718A4D-LeaderElection62] INFO  impl.RaftServerImpl (ServerState.java:setRaftConf(356)) - 4584dad4-a1ca-47d4-8076-08c1e2a710fb@group-901A95718A4D: set configuration 0: [4584dad4-a1ca-47d4-8076-08c1e2a710fb:192.168.157.207:37190], old=null at 0
2019-10-14 11:32:31,599 [4584dad4-a1ca-47d4-8076-08c1e2a710fb@group-901A95718A4D-SegmentedRaftLogWorker] INFO  segmented.SegmentedRaftLogWorker (SegmentedRaftLogWorker.java:execute(574)) - 4584dad4-a1ca-47d4-8076-08c1e2a710fb@group-901A95718A4D-SegmentedRaftLogWorker: created new log segment /workdir/hadoop-ozone/integration-test/target/test-dir/MiniOzoneClusterImpl-95aba73e-a2ce-4cb2-acaf-01244b70b3f2/datanode-6/data/ratis/dd1c0aa9-653e-4210-a540-901a95718a4d/current/log_inprogress_0
2019-10-14 11:32:32,548 [Datanode State Machine Thread - 0] INFO  statemachine.DatanodeStateMachine (DatanodeStateMachine.java:lambda$startDaemon$0(350)) - Ozone container server started.
2019-10-14 11:32:36,557 [main] INFO  ozoneimpl.OzoneContainer (OzoneContainer.java:stop(227)) - Attempting to stop container services.
2019-10-14 11:32:36,562 [main] INFO  impl.RaftServerProxy (RaftServerProxy.java:lambda$close$4(314)) - 462cc878-52e4-4fe3-b7f7-a02da95ab560: close
2019-10-14 11:32:36,563 [main] INFO  impl.RaftServerImpl (RaftServerImpl.java:lambda$shutdown$3(247)) - 462cc878-52e4-4fe3-b7f7-a02da95ab560@group-8359CCB18A58: shutdown
2019-10-14 11:32:36,563 [main] INFO  util.JmxRegister (JmxRegister.java:unregister(73)) - Successfully un-registered JMX Bean with object name Ratis:service=RaftServer,group=group-8359CCB18A58,id=462cc878-52e4-4fe3-b7f7-a02da95ab560
2019-10-14 11:32:36,564 [main] INFO  impl.RoleInfo (RoleInfo.java:shutdownLeaderState(104)) - 462cc878-52e4-4fe3-b7f7-a02da95ab560: shutdown LeaderState
2019-10-14 11:32:36,564 [main] INFO  impl.PendingRequests (PendingRequests.java:sendNotLeaderResponses(202)) - 462cc878-52e4-4fe3-b7f7-a02da95ab560@group-8359CCB18A58-PendingRequests: sendNotLeaderResponses
2019-10-14 11:32:36,565 [main] INFO  impl.StateMachineUpdater (StateMachineUpdater.java:stopAndJoin(136)) - 462cc878-52e4-4fe3-b7f7-a02da95ab560@group-8359CCB18A58-StateMachineUpdater: set stopIndex = 0
2019-10-14 11:32:36,565 [main] INFO  impl.RaftServerImpl (ServerState.java:close(387)) - 462cc878-52e4-4fe3-b7f7-a02da95ab560@group-8359CCB18A58: closes. applyIndex: 0
2019-10-14 11:32:36,566 [462cc878-52e4-4fe3-b7f7-a02da95ab560@group-8359CCB18A58-SegmentedRaftLogWorker] INFO  segmented.SegmentedRaftLogWorker (SegmentedRaftLogWorker.java:run(316)) - 462cc878-52e4-4fe3-b7f7-a02da95ab560@group-8359CCB18A58-SegmentedRaftLogWorker was interrupted, exiting. There are 0 tasks remaining in the queue.
2019-10-14 11:32:36,573 [main] INFO  segmented.SegmentedRaftLogWorker (SegmentedRaftLogWorker.java:close(224)) - 462cc878-52e4-4fe3-b7f7-a02da95ab560@group-8359CCB18A58-SegmentedRaftLogWorker close()
2019-10-14 11:32:36,576 [main] INFO  impl.RaftServerImpl (RaftServerImpl.java:lambda$shutdown$3(247)) - 462cc878-52e4-4fe3-b7f7-a02da95ab560@group-A23B89D701A5: shutdown
2019-10-14 11:32:36,577 [main] INFO  util.JmxRegister (JmxRegister.java:unregister(73)) - Successfully un-registered JMX Bean with object name Ratis:service=RaftServer,group=group-A23B89D701A5,id=462cc878-52e4-4fe3-b7f7-a02da95ab560
2019-10-14 11:32:36,577 [main] INFO  impl.RoleInfo (RoleInfo.java:shutdownLeaderState(104)) - 462cc878-52e4-4fe3-b7f7-a02da95ab560: shutdown LeaderState
2019-10-14 11:32:36,579 [org.apache.ratis.server.impl.LogAppender$AppenderDaemon$$Lambda$528/1443644337@78f1e734] WARN  server.GrpcLogAppender (GrpcLogAppender.java:mayWait(143)) - 462cc878-52e4-4fe3-b7f7-a02da95ab560@group-A23B89D701A5->b0dcf559-b940-4ebf-a0c2-bcecb035ae36-GrpcLogAppender: Wait interrupted by java.lang.InterruptedException
2019-10-14 11:32:36,581 [org.apache.ratis.server.impl.LogAppender$AppenderDaemon$$Lambda$528/1443644337@1739ba51] WARN  server.GrpcLogAppender (GrpcLogAppender.java:mayWait(143)) - 462cc878-52e4-4fe3-b7f7-a02da95ab560@group-A23B89D701A5->73fe8d94-c0de-4eed-aabf-ff16f2610fde-GrpcLogAppender: Wait interrupted by java.lang.InterruptedException
2019-10-14 11:32:36,581 [main] INFO  impl.PendingRequests (PendingRequests.java:sendNotLeaderResponses(202)) - 462cc878-52e4-4fe3-b7f7-a02da95ab560@group-A23B89D701A5-PendingRequests: sendNotLeaderResponses
2019-10-14 11:32:36,587 [grpc-default-executor-6] INFO  server.GrpcServerProtocolService (GrpcServerProtocolService.java:onCompleted(113)) - 73fe8d94-c0de-4eed-aabf-ff16f2610fde: Completed APPEND_ENTRIES, lastRequest: 462cc878-52e4-4fe3-b7f7-a02da95ab560->73fe8d94-c0de-4eed-aabf-ff16f2610fde#5-t1, previous=(t:1, i:2), leaderCommit=2, initializing? false, entries: <empty>
2019-10-14 11:32:36,587 [462cc878-52e4-4fe3-b7f7-a02da95ab560@group-A23B89D701A5-StateMachineUpdater] INFO  ratis.ContainerStateMachine (ContainerStateMachine.java:takeSnapshot(294)) - group-A23B89D701A5: Taking a snapshot at:(t:1, i:2) file /workdir/hadoop-ozone/integration-test/target/test-dir/MiniOzoneClusterImpl-95aba73e-a2ce-4cb2-acaf-01244b70b3f2/datanode-2/data/ratis/a818afd9-bd51-4df5-9a80-a23b89d701a5/sm/snapshot.1_2
2019-10-14 11:32:36,587 [main] INFO  impl.StateMachineUpdater (StateMachineUpdater.java:stopAndJoin(136)) - 462cc878-52e4-4fe3-b7f7-a02da95ab560@group-A23B89D701A5-StateMachineUpdater: set stopIndex = 2
2019-10-14 11:32:36,587 [grpc-default-executor-0] INFO  server.GrpcServerProtocolService (GrpcServerProtocolService.java:onCompleted(113)) - b0dcf559-b940-4ebf-a0c2-bcecb035ae36: Completed APPEND_ENTRIES, lastRequest: 462cc878-52e4-4fe3-b7f7-a02da95ab560->b0dcf559-b940-4ebf-a0c2-bcecb035ae36#5-t1, previous=(t:1, i:2), leaderCommit=2, initializing? false, entries: <empty>
2019-10-14 11:32:36,588 [grpc-default-executor-6] INFO  server.GrpcLogAppender (GrpcLogAppender.java:onCompleted(293)) - 462cc878-52e4-4fe3-b7f7-a02da95ab560@group-A23B89D701A5->73fe8d94-c0de-4eed-aabf-ff16f2610fde-AppendLogResponseHandler: follower responses appendEntries COMPLETED
2019-10-14 11:32:36,588 [grpc-default-executor-0] INFO  server.GrpcLogAppender (GrpcLogAppender.java:onCompleted(293)) - 462cc878-52e4-4fe3-b7f7-a02da95ab560@group-A23B89D701A5->b0dcf559-b940-4ebf-a0c2-bcecb035ae36-AppendLogResponseHandler: follower responses appendEntries COMPLETED
2019-10-14 11:32:36,589 [grpc-default-executor-6] INFO  impl.FollowerInfo (FollowerInfo.java:lambda$new$0(51)) - 462cc878-52e4-4fe3-b7f7-a02da95ab560@group-A23B89D701A5->73fe8d94-c0de-4eed-aabf-ff16f2610fde: nextIndex: updateUnconditionally 3 -> 2
2019-10-14 11:32:36,589 [grpc-default-executor-0] INFO  impl.FollowerInfo (FollowerInfo.java:lambda$new$0(51)) - 462cc878-52e4-4fe3-b7f7-a02da95ab560@group-A23B89D701A5->b0dcf559-b940-4ebf-a0c2-bcecb035ae36: nextIndex: updateUnconditionally 3 -> 2
2019-10-14 11:32:36,630 [462cc878-52e4-4fe3-b7f7-a02da95ab560@group-A23B89D701A5-StateMachineUpdater] INFO  ratis.ContainerStateMachine (ContainerStateMachine.java:takeSnapshot(305)) - group-A23B89D701A5: Finished taking a snapshot at:(t:1, i:2) file:/workdir/hadoop-ozone/integration-test/target/test-dir/MiniOzoneClusterImpl-95aba73e-a2ce-4cb2-acaf-01244b70b3f2/datanode-2/data/ratis/a818afd9-bd51-4df5-9a80-a23b89d701a5/sm/snapshot.1_2 time:44
2019-10-14 11:32:36,630 [462cc878-52e4-4fe3-b7f7-a02da95ab560@group-A23B89D701A5-StateMachineUpdater] INFO  impl.StateMachineUpdater (StateMachineUpdater.java:takeSnapshot(269)) - 462cc878-52e4-4fe3-b7f7-a02da95ab560@group-A23B89D701A5-StateMachineUpdater: Took a snapshot at index 2
2019-10-14 11:32:36,630 [462cc878-52e4-4fe3-b7f7-a02da95ab560@group-A23B89D701A5-StateMachineUpdater] INFO  impl.StateMachineUpdater (StateMachineUpdater.java:lambda$new$0(84)) - 462cc878-52e4-4fe3-b7f7-a02da95ab560@group-A23B89D701A5-StateMachineUpdater: snapshotIndex: updateIncreasingly -1 -> 2
2019-10-14 11:32:36,631 [main] INFO  impl.RaftServerImpl (ServerState.java:close(387)) - 462cc878-52e4-4fe3-b7f7-a02da95ab560@group-A23B89D701A5: closes. applyIndex: 2
2019-10-14 11:32:36,631 [462cc878-52e4-4fe3-b7f7-a02da95ab560@group-A23B89D701A5-SegmentedRaftLogWorker] INFO  segmented.SegmentedRaftLogWorker (SegmentedRaftLogWorker.java:run(316)) - 462cc878-52e4-4fe3-b7f7-a02da95ab560@group-A23B89D701A5-SegmentedRaftLogWorker was interrupted, exiting. There are 0 tasks remaining in the queue.
2019-10-14 11:32:36,635 [main] INFO  segmented.SegmentedRaftLogWorker (SegmentedRaftLogWorker.java:close(224)) - 462cc878-52e4-4fe3-b7f7-a02da95ab560@group-A23B89D701A5-SegmentedRaftLogWorker close()
2019-10-14 11:32:36,639 [main] INFO  server.GrpcService (GrpcService.java:closeImpl(164)) - 462cc878-52e4-4fe3-b7f7-a02da95ab560: shutdown server with port 35449 now
2019-10-14 11:32:36,639 [main] INFO  server.GrpcService (GrpcService.java:closeImpl(172)) - 462cc878-52e4-4fe3-b7f7-a02da95ab560: shutdown server with port 35449 successfully
2019-10-14 11:32:36,642 [refreshUsed-/workdir/hadoop-ozone/integration-test/target/test-dir/MiniOzoneClusterImpl-95aba73e-a2ce-4cb2-acaf-01244b70b3f2/datanode-2/data/containers] WARN  fs.CachingGetSpaceUsed (CachingGetSpaceUsed.java:run(183)) - Thread Interrupted waiting to refresh disk information: sleep interrupted
2019-10-14 11:32:36,658 [main] INFO  utils.BackgroundService (BackgroundService.java:shutdown(151)) - Shutting down service BlockDeletingService
2019-10-14 11:32:36,665 [main] INFO  statemachine.DatanodeStateMachine (DatanodeStateMachine.java:stopDaemon(395)) - Ozone container server stopped.
2019-10-14 11:32:36,667 [main] INFO  handler.ContextHandler (ContextHandler.java:doStop(910)) - Stopped o.e.j.w.WebAppContext@6094de13{/,null,UNAVAILABLE}{/hddsDatanode}
2019-10-14 11:32:36,668 [main] INFO  server.AbstractConnector (AbstractConnector.java:doStop(318)) - Stopped ServerConnector@bbb6f0{HTTP/1.1,[http/1.1]}{0.0.0.0:0}
2019-10-14 11:32:36,668 [main] INFO  handler.ContextHandler (ContextHandler.java:doStop(910)) - Stopped o.e.j.s.ServletContextHandler@2fd9fb34{/static,jar:file:/home/user/.m2/repository/org/apache/hadoop/hadoop-hdds-container-service/0.5.0-SNAPSHOT/hadoop-hdds-container-service-0.5.0-SNAPSHOT.jar!/webapps/static,UNAVAILABLE}
2019-10-14 11:32:36,668 [main] INFO  handler.ContextHandler (ContextHandler.java:doStop(910)) - Stopped o.e.j.s.ServletContextHandler@14b4340c{/logs,file:///workdir/hadoop-ozone/integration-test/target/log,UNAVAILABLE}
2019-10-14 11:32:46,335 [Thread-2374] INFO  impl.FollowerState (FollowerState.java:run(108)) - 73fe8d94-c0de-4eed-aabf-ff16f2610fde@group-A23B89D701A5-FollowerState: change to CANDIDATE, lastRpcTime:9853ms, electionTimeout:5072ms
2019-10-14 11:32:46,336 [Thread-2374] INFO  impl.RoleInfo (RoleInfo.java:shutdownFollowerState(121)) - 73fe8d94-c0de-4eed-aabf-ff16f2610fde: shutdown FollowerState
2019-10-14 11:32:46,336 [Thread-2374] INFO  impl.RaftServerImpl (RaftServerImpl.java:setRole(170)) - 73fe8d94-c0de-4eed-aabf-ff16f2610fde@group-A23B89D701A5: changes role from  FOLLOWER to CANDIDATE at term 1 for changeToCandidate
2019-10-14 11:32:46,336 [Thread-2374] INFO  impl.RoleInfo (RoleInfo.java:updateAndGet(143)) - 73fe8d94-c0de-4eed-aabf-ff16f2610fde: start LeaderElection
2019-10-14 11:32:46,341 [73fe8d94-c0de-4eed-aabf-ff16f2610fde@group-A23B89D701A5-LeaderElection63] INFO  impl.RaftServerImpl (ServerState.java:setLeader(255)) - 73fe8d94-c0de-4eed-aabf-ff16f2610fde@group-A23B89D701A5: change Leader from 462cc878-52e4-4fe3-b7f7-a02da95ab560 to null at term 1 for initElection
2019-10-14 11:32:46,382 [73fe8d94-c0de-4eed-aabf-ff16f2610fde@group-A23B89D701A5-LeaderElection63] INFO  impl.LeaderElection (LeaderElection.java:askForVotes(178)) - 73fe8d94-c0de-4eed-aabf-ff16f2610fde@group-A23B89D701A5-LeaderElection63: begin an election at term 2 for 0: [b0dcf559-b940-4ebf-a0c2-bcecb035ae36:192.168.157.207:33021, 462cc878-52e4-4fe3-b7f7-a02da95ab560:192.168.157.207:35449, 73fe8d94-c0de-4eed-aabf-ff16f2610fde:192.168.157.207:44357], old=null
2019-10-14 11:32:46,385 [73fe8d94-c0de-4eed-aabf-ff16f2610fde@group-A23B89D701A5-LeaderElection63] INFO  impl.LeaderElection (LogUtils.java:infoOrTrace(149)) - 73fe8d94-c0de-4eed-aabf-ff16f2610fde@group-A23B89D701A5-LeaderElection63 got exception when requesting votes: {}
java.util.concurrent.ExecutionException: org.apache.ratis.thirdparty.io.grpc.StatusRuntimeException: UNAVAILABLE: io exception
	at java.util.concurrent.FutureTask.report(FutureTask.java:122)
	at java.util.concurrent.FutureTask.get(FutureTask.java:192)
	at org.apache.ratis.server.impl.LeaderElection.waitForResults(LeaderElection.java:259)
	at org.apache.ratis.server.impl.LeaderElection.askForVotes(LeaderElection.java:197)
	at org.apache.ratis.server.impl.LeaderElection.run(LeaderElection.java:133)
	at java.lang.Thread.run(Thread.java:748)
Caused by: org.apache.ratis.thirdparty.io.grpc.StatusRuntimeException: UNAVAILABLE: io exception
	at org.apache.ratis.thirdparty.io.grpc.stub.ClientCalls.toStatusRuntimeException(ClientCalls.java:233)
	at org.apache.ratis.thirdparty.io.grpc.stub.ClientCalls.getUnchecked(ClientCalls.java:214)
	at org.apache.ratis.thirdparty.io.grpc.stub.ClientCalls.blockingUnaryCall(ClientCalls.java:139)
	at org.apache.ratis.proto.grpc.RaftServerProtocolServiceGrpc$RaftServerProtocolServiceBlockingStub.requestVote(RaftServerProtocolServiceGrpc.java:265)
	at org.apache.ratis.grpc.server.GrpcServerProtocolClient.requestVote(GrpcServerProtocolClient.java:99)
	at org.apache.ratis.grpc.server.GrpcService.requestVote(GrpcService.java:204)
	at org.apache.ratis.server.impl.LeaderElection.lambda$submitRequests$1(LeaderElection.java:234)
	at java.util.concurrent.FutureTask.run(FutureTask.java:266)
	at java.util.concurrent.Executors$RunnableAdapter.call(Executors.java:511)
	at java.util.concurrent.FutureTask.run(FutureTask.java:266)
	at java.util.concurrent.ThreadPoolExecutor.runWorker(ThreadPoolExecutor.java:1149)
	at java.util.concurrent.ThreadPoolExecutor$Worker.run(ThreadPoolExecutor.java:624)
	... 1 more
Caused by: org.apache.ratis.thirdparty.io.netty.channel.AbstractChannel$AnnotatedConnectException: Connection refused: /192.168.157.207:35449
	at sun.nio.ch.SocketChannelImpl.checkConnect(Native Method)
	at sun.nio.ch.SocketChannelImpl.finishConnect(SocketChannelImpl.java:717)
	at org.apache.ratis.thirdparty.io.netty.channel.socket.nio.NioSocketChannel.doFinishConnect(NioSocketChannel.java:327)
	at org.apache.ratis.thirdparty.io.netty.channel.nio.AbstractNioChannel$AbstractNioUnsafe.finishConnect(AbstractNioChannel.java:340)
	at org.apache.ratis.thirdparty.io.netty.channel.nio.NioEventLoop.processSelectedKey(NioEventLoop.java:632)
	at org.apache.ratis.thirdparty.io.netty.channel.nio.NioEventLoop.processSelectedKeysOptimized(NioEventLoop.java:579)
	at org.apache.ratis.thirdparty.io.netty.channel.nio.NioEventLoop.processSelectedKeys(NioEventLoop.java:496)
	at org.apache.ratis.thirdparty.io.netty.channel.nio.NioEventLoop.run(NioEventLoop.java:458)
	at org.apache.ratis.thirdparty.io.netty.util.concurrent.SingleThreadEventExecutor$5.run(SingleThreadEventExecutor.java:897)
	at org.apache.ratis.thirdparty.io.netty.util.concurrent.FastThreadLocalRunnable.run(FastThreadLocalRunnable.java:30)
	... 1 more
Caused by: java.net.ConnectException: Connection refused
	... 11 more
2019-10-14 11:32:46,390 [grpc-default-executor-7] INFO  impl.RaftServerImpl (ServerState.java:setLeader(255)) - b0dcf559-b940-4ebf-a0c2-bcecb035ae36@group-A23B89D701A5: change Leader from 462cc878-52e4-4fe3-b7f7-a02da95ab560 to null at term 2 for updateCurrentTerm
2019-10-14 11:32:46,391 [grpc-default-executor-7] INFO  impl.RaftServerImpl (RaftServerImpl.java:setRole(170)) - b0dcf559-b940-4ebf-a0c2-bcecb035ae36@group-A23B89D701A5: changes role from  FOLLOWER to FOLLOWER at term 2 for recognizeCandidate:73fe8d94-c0de-4eed-aabf-ff16f2610fde
2019-10-14 11:32:46,391 [grpc-default-executor-7] INFO  impl.RoleInfo (RoleInfo.java:shutdownFollowerState(121)) - b0dcf559-b940-4ebf-a0c2-bcecb035ae36: shutdown FollowerState
2019-10-14 11:32:46,391 [grpc-default-executor-7] INFO  impl.RoleInfo (RoleInfo.java:updateAndGet(143)) - b0dcf559-b940-4ebf-a0c2-bcecb035ae36: start FollowerState
2019-10-14 11:32:46,391 [Thread-2375] INFO  impl.FollowerState (FollowerState.java:run(117)) - b0dcf559-b940-4ebf-a0c2-bcecb035ae36@group-A23B89D701A5-FollowerState was interrupted: java.lang.InterruptedException: sleep interrupted
2019-10-14 11:32:46,409 [73fe8d94-c0de-4eed-aabf-ff16f2610fde@group-A23B89D701A5-LeaderElection63] INFO  impl.LeaderElection (LeaderElection.java:logAndReturn(56)) - 73fe8d94-c0de-4eed-aabf-ff16f2610fde@group-A23B89D701A5-LeaderElection63: Election PASSED; received 1 response(s) [73fe8d94-c0de-4eed-aabf-ff16f2610fde<-b0dcf559-b940-4ebf-a0c2-bcecb035ae36#0:OK-t2] and 1 exception(s); 73fe8d94-c0de-4eed-aabf-ff16f2610fde@group-A23B89D701A5:t2, leader=null, voted=73fe8d94-c0de-4eed-aabf-ff16f2610fde, raftlog=73fe8d94-c0de-4eed-aabf-ff16f2610fde@group-A23B89D701A5-SegmentedRaftLog:OPENED:c2,f2,i2, conf=0: [b0dcf559-b940-4ebf-a0c2-bcecb035ae36:192.168.157.207:33021, 462cc878-52e4-4fe3-b7f7-a02da95ab560:192.168.157.207:35449, 73fe8d94-c0de-4eed-aabf-ff16f2610fde:192.168.157.207:44357], old=null
2019-10-14 11:32:46,409 [73fe8d94-c0de-4eed-aabf-ff16f2610fde@group-A23B89D701A5-LeaderElection63] INFO  impl.LeaderElection (LogUtils.java:infoOrTrace(149)) -   Exception 0: {}
java.util.concurrent.ExecutionException: org.apache.ratis.thirdparty.io.grpc.StatusRuntimeException: UNAVAILABLE: io exception
	at java.util.concurrent.FutureTask.report(FutureTask.java:122)
	at java.util.concurrent.FutureTask.get(FutureTask.java:192)
	at org.apache.ratis.server.impl.LeaderElection.waitForResults(LeaderElection.java:259)
	at org.apache.ratis.server.impl.LeaderElection.askForVotes(LeaderElection.java:197)
	at org.apache.ratis.server.impl.LeaderElection.run(LeaderElection.java:133)
	at java.lang.Thread.run(Thread.java:748)
Caused by: org.apache.ratis.thirdparty.io.grpc.StatusRuntimeException: UNAVAILABLE: io exception
	at org.apache.ratis.thirdparty.io.grpc.stub.ClientCalls.toStatusRuntimeException(ClientCalls.java:233)
	at org.apache.ratis.thirdparty.io.grpc.stub.ClientCalls.getUnchecked(ClientCalls.java:214)
	at org.apache.ratis.thirdparty.io.grpc.stub.ClientCalls.blockingUnaryCall(ClientCalls.java:139)
	at org.apache.ratis.proto.grpc.RaftServerProtocolServiceGrpc$RaftServerProtocolServiceBlockingStub.requestVote(RaftServerProtocolServiceGrpc.java:265)
	at org.apache.ratis.grpc.server.GrpcServerProtocolClient.requestVote(GrpcServerProtocolClient.java:99)
	at org.apache.ratis.grpc.server.GrpcService.requestVote(GrpcService.java:204)
	at org.apache.ratis.server.impl.LeaderElection.lambda$submitRequests$1(LeaderElection.java:234)
	at java.util.concurrent.FutureTask.run(FutureTask.java:266)
	at java.util.concurrent.Executors$RunnableAdapter.call(Executors.java:511)
	at java.util.concurrent.FutureTask.run(FutureTask.java:266)
	at java.util.concurrent.ThreadPoolExecutor.runWorker(ThreadPoolExecutor.java:1149)
	at java.util.concurrent.ThreadPoolExecutor$Worker.run(ThreadPoolExecutor.java:624)
	... 1 more
Caused by: org.apache.ratis.thirdparty.io.netty.channel.AbstractChannel$AnnotatedConnectException: Connection refused: /192.168.157.207:35449
	at sun.nio.ch.SocketChannelImpl.checkConnect(Native Method)
	at sun.nio.ch.SocketChannelImpl.finishConnect(SocketChannelImpl.java:717)
	at org.apache.ratis.thirdparty.io.netty.channel.socket.nio.NioSocketChannel.doFinishConnect(NioSocketChannel.java:327)
	at org.apache.ratis.thirdparty.io.netty.channel.nio.AbstractNioChannel$AbstractNioUnsafe.finishConnect(AbstractNioChannel.java:340)
	at org.apache.ratis.thirdparty.io.netty.channel.nio.NioEventLoop.processSelectedKey(NioEventLoop.java:632)
	at org.apache.ratis.thirdparty.io.netty.channel.nio.NioEventLoop.processSelectedKeysOptimized(NioEventLoop.java:579)
	at org.apache.ratis.thirdparty.io.netty.channel.nio.NioEventLoop.processSelectedKeys(NioEventLoop.java:496)
	at org.apache.ratis.thirdparty.io.netty.channel.nio.NioEventLoop.run(NioEventLoop.java:458)
	at org.apache.ratis.thirdparty.io.netty.util.concurrent.SingleThreadEventExecutor$5.run(SingleThreadEventExecutor.java:897)
	at org.apache.ratis.thirdparty.io.netty.util.concurrent.FastThreadLocalRunnable.run(FastThreadLocalRunnable.java:30)
	... 1 more
Caused by: java.net.ConnectException: Connection refused
	... 11 more
2019-10-14 11:32:46,410 [73fe8d94-c0de-4eed-aabf-ff16f2610fde@group-A23B89D701A5-LeaderElection63] INFO  impl.RoleInfo (RoleInfo.java:shutdownLeaderElection(134)) - 73fe8d94-c0de-4eed-aabf-ff16f2610fde: shutdown LeaderElection
2019-10-14 11:32:46,410 [73fe8d94-c0de-4eed-aabf-ff16f2610fde@group-A23B89D701A5-LeaderElection63] INFO  impl.RaftServerImpl (RaftServerImpl.java:setRole(170)) - 73fe8d94-c0de-4eed-aabf-ff16f2610fde@group-A23B89D701A5: changes role from CANDIDATE to LEADER at term 2 for changeToLeader
2019-10-14 11:32:46,410 [73fe8d94-c0de-4eed-aabf-ff16f2610fde@group-A23B89D701A5-LeaderElection63] INFO  impl.RaftServerImpl (ServerState.java:setLeader(255)) - 73fe8d94-c0de-4eed-aabf-ff16f2610fde@group-A23B89D701A5: change Leader from null to 73fe8d94-c0de-4eed-aabf-ff16f2610fde at term 2 for becomeLeader, leader elected after 68ms
2019-10-14 11:32:46,410 [73fe8d94-c0de-4eed-aabf-ff16f2610fde@group-A23B89D701A5-LeaderElection63] INFO  server.RaftServerConfigKeys (ConfUtils.java:logGet(43)) - raft.server.staging.catchup.gap = 1000 (default)
2019-10-14 11:32:46,410 [73fe8d94-c0de-4eed-aabf-ff16f2610fde@group-A23B89D701A5-LeaderElection63] INFO  server.RaftServerConfigKeys (ConfUtils.java:logGet(43)) - raft.server.rpc.sleep.time = 25ms (default)
2019-10-14 11:32:46,411 [73fe8d94-c0de-4eed-aabf-ff16f2610fde@group-A23B89D701A5-LeaderElection63] INFO  server.RaftServerConfigKeys (ConfUtils.java:logGet(43)) - raft.server.write.element-limit = 4096 (default)
2019-10-14 11:32:46,411 [73fe8d94-c0de-4eed-aabf-ff16f2610fde@group-A23B89D701A5-LeaderElection63] INFO  server.RaftServerConfigKeys (ConfUtils.java:logGet(43)) - raft.server.watch.timeout = 10s (default)
2019-10-14 11:32:46,411 [73fe8d94-c0de-4eed-aabf-ff16f2610fde@group-A23B89D701A5-LeaderElection63] INFO  server.RaftServerConfigKeys (ConfUtils.java:logGet(43)) - raft.server.watch.timeout.denomination = 1s (default)
2019-10-14 11:32:46,411 [73fe8d94-c0de-4eed-aabf-ff16f2610fde@group-A23B89D701A5-LeaderElection63] INFO  server.RaftServerConfigKeys (ConfUtils.java:logGet(43)) - raft.server.watch.element-limit = 65536 (default)
2019-10-14 11:32:46,414 [73fe8d94-c0de-4eed-aabf-ff16f2610fde@group-A23B89D701A5-LeaderElection63] INFO  server.RaftServerConfigKeys (ConfUtils.java:logGet(43)) - raft.server.log.appender.snapshot.chunk.size.max = 16MB (=16777216) (default)
2019-10-14 11:32:46,414 [73fe8d94-c0de-4eed-aabf-ff16f2610fde@group-A23B89D701A5-LeaderElection63] INFO  server.RaftServerConfigKeys (ConfUtils.java:logGet(43)) - raft.server.log.appender.buffer.byte-limit = 33554432 (custom)
2019-10-14 11:32:46,415 [73fe8d94-c0de-4eed-aabf-ff16f2610fde@group-A23B89D701A5-LeaderElection63] INFO  server.RaftServerConfigKeys (ConfUtils.java:logGet(43)) - raft.server.log.appender.buffer.element-limit = 1 (custom)
2019-10-14 11:32:46,415 [73fe8d94-c0de-4eed-aabf-ff16f2610fde@group-A23B89D701A5-LeaderElection63] INFO  grpc.GrpcConfigKeys$Server (ConfUtils.java:logGet(43)) - raft.grpc.server.leader.outstanding.appends.max = 128 (default)
2019-10-14 11:32:46,415 [73fe8d94-c0de-4eed-aabf-ff16f2610fde@group-A23B89D701A5-LeaderElection63] INFO  server.RaftServerConfigKeys (ConfUtils.java:logGet(43)) - raft.server.rpc.request.timeout = 3000ms (default)
2019-10-14 11:32:46,415 [73fe8d94-c0de-4eed-aabf-ff16f2610fde@group-A23B89D701A5-LeaderElection63] INFO  server.RaftServerConfigKeys (ConfUtils.java:logGet(43)) - raft.server.log.appender.install.snapshot.enabled = false (custom)
2019-10-14 11:32:46,416 [73fe8d94-c0de-4eed-aabf-ff16f2610fde@group-A23B89D701A5-LeaderElection63] INFO  server.RaftServerConfigKeys (ConfUtils.java:logGet(43)) - raft.server.log.appender.snapshot.chunk.size.max = 16MB (=16777216) (default)
2019-10-14 11:32:46,416 [73fe8d94-c0de-4eed-aabf-ff16f2610fde@group-A23B89D701A5-LeaderElection63] INFO  server.RaftServerConfigKeys (ConfUtils.java:logGet(43)) - raft.server.log.appender.buffer.byte-limit = 33554432 (custom)
2019-10-14 11:32:46,416 [73fe8d94-c0de-4eed-aabf-ff16f2610fde@group-A23B89D701A5-LeaderElection63] INFO  server.RaftServerConfigKeys (ConfUtils.java:logGet(43)) - raft.server.log.appender.buffer.element-limit = 1 (custom)
2019-10-14 11:32:46,416 [73fe8d94-c0de-4eed-aabf-ff16f2610fde@group-A23B89D701A5-LeaderElection63] INFO  grpc.GrpcConfigKeys$Server (ConfUtils.java:logGet(43)) - raft.grpc.server.leader.outstanding.appends.max = 128 (default)
2019-10-14 11:32:46,416 [73fe8d94-c0de-4eed-aabf-ff16f2610fde@group-A23B89D701A5-LeaderElection63] INFO  server.RaftServerConfigKeys (ConfUtils.java:logGet(43)) - raft.server.rpc.request.timeout = 3000ms (default)
2019-10-14 11:32:46,417 [73fe8d94-c0de-4eed-aabf-ff16f2610fde@group-A23B89D701A5-LeaderElection63] INFO  server.RaftServerConfigKeys (ConfUtils.java:logGet(43)) - raft.server.log.appender.install.snapshot.enabled = false (custom)
2019-10-14 11:32:46,417 [73fe8d94-c0de-4eed-aabf-ff16f2610fde@group-A23B89D701A5-LeaderElection63] INFO  impl.RoleInfo (RoleInfo.java:updateAndGet(143)) - 73fe8d94-c0de-4eed-aabf-ff16f2610fde: start LeaderState
2019-10-14 11:32:46,417 [73fe8d94-c0de-4eed-aabf-ff16f2610fde@group-A23B89D701A5-LeaderElection63] INFO  segmented.SegmentedRaftLogWorker (SegmentedRaftLogWorker.java:rollLogSegment(390)) - 73fe8d94-c0de-4eed-aabf-ff16f2610fde@group-A23B89D701A5-SegmentedRaftLogWorker: Rolling segment log-0_2 to index:2
2019-10-14 11:32:46,418 [73fe8d94-c0de-4eed-aabf-ff16f2610fde@group-A23B89D701A5-SegmentedRaftLogWorker] INFO  segmented.SegmentedRaftLogWorker (SegmentedRaftLogWorker.java:execute(531)) - 73fe8d94-c0de-4eed-aabf-ff16f2610fde@group-A23B89D701A5-SegmentedRaftLogWorker: Rolled log segment from /workdir/hadoop-ozone/integration-test/target/test-dir/MiniOzoneClusterImpl-95aba73e-a2ce-4cb2-acaf-01244b70b3f2/datanode-1/data/ratis/a818afd9-bd51-4df5-9a80-a23b89d701a5/current/log_inprogress_0 to /workdir/hadoop-ozone/integration-test/target/test-dir/MiniOzoneClusterImpl-95aba73e-a2ce-4cb2-acaf-01244b70b3f2/datanode-1/data/ratis/a818afd9-bd51-4df5-9a80-a23b89d701a5/current/log_0-2
2019-10-14 11:32:46,422 [73fe8d94-c0de-4eed-aabf-ff16f2610fde@group-A23B89D701A5-LeaderElection63] INFO  impl.RaftServerImpl (ServerState.java:setRaftConf(356)) - 73fe8d94-c0de-4eed-aabf-ff16f2610fde@group-A23B89D701A5: set configuration 3: [b0dcf559-b940-4ebf-a0c2-bcecb035ae36:192.168.157.207:33021, 462cc878-52e4-4fe3-b7f7-a02da95ab560:192.168.157.207:35449, 73fe8d94-c0de-4eed-aabf-ff16f2610fde:192.168.157.207:44357], old=null at 3
2019-10-14 11:32:46,422 [grpc-default-executor-7] WARN  server.GrpcLogAppender (LogUtils.java:warn(134)) - 73fe8d94-c0de-4eed-aabf-ff16f2610fde@group-A23B89D701A5->462cc878-52e4-4fe3-b7f7-a02da95ab560-AppendLogResponseHandler: Failed appendEntries: org.apache.ratis.thirdparty.io.grpc.StatusRuntimeException: UNAVAILABLE: io exception
2019-10-14 11:32:46,450 [grpc-default-executor-7] INFO  impl.FollowerInfo (FollowerInfo.java:lambda$new$0(51)) - 73fe8d94-c0de-4eed-aabf-ff16f2610fde@group-A23B89D701A5->462cc878-52e4-4fe3-b7f7-a02da95ab560: nextIndex: updateUnconditionally 3 -> 1
2019-10-14 11:32:46,450 [grpc-default-executor-0] INFO  impl.RaftServerImpl (ServerState.java:setLeader(255)) - b0dcf559-b940-4ebf-a0c2-bcecb035ae36@group-A23B89D701A5: change Leader from null to 73fe8d94-c0de-4eed-aabf-ff16f2610fde at term 2 for appendEntries, leader elected after 59ms
2019-10-14 11:32:46,453 [grpc-default-executor-0] INFO  impl.RaftServerImpl (ServerState.java:setRaftConf(356)) - b0dcf559-b940-4ebf-a0c2-bcecb035ae36@group-A23B89D701A5: set configuration 3: [b0dcf559-b940-4ebf-a0c2-bcecb035ae36:192.168.157.207:33021, 462cc878-52e4-4fe3-b7f7-a02da95ab560:192.168.157.207:35449, 73fe8d94-c0de-4eed-aabf-ff16f2610fde:192.168.157.207:44357], old=null at 3
2019-10-14 11:32:46,453 [grpc-default-executor-0] INFO  segmented.SegmentedRaftLogWorker (SegmentedRaftLogWorker.java:rollLogSegment(390)) - b0dcf559-b940-4ebf-a0c2-bcecb035ae36@group-A23B89D701A5-SegmentedRaftLogWorker: Rolling segment log-0_2 to index:2
2019-10-14 11:32:46,454 [b0dcf559-b940-4ebf-a0c2-bcecb035ae36@group-A23B89D701A5-SegmentedRaftLogWorker] INFO  segmented.SegmentedRaftLogWorker (SegmentedRaftLogWorker.java:execute(531)) - b0dcf559-b940-4ebf-a0c2-bcecb035ae36@group-A23B89D701A5-SegmentedRaftLogWorker: Rolled log segment from /workdir/hadoop-ozone/integration-test/target/test-dir/MiniOzoneClusterImpl-95aba73e-a2ce-4cb2-acaf-01244b70b3f2/datanode-0/data/ratis/a818afd9-bd51-4df5-9a80-a23b89d701a5/current/log_inprogress_0 to /workdir/hadoop-ozone/integration-test/target/test-dir/MiniOzoneClusterImpl-95aba73e-a2ce-4cb2-acaf-01244b70b3f2/datanode-0/data/ratis/a818afd9-bd51-4df5-9a80-a23b89d701a5/current/log_0-2
2019-10-14 11:32:46,463 [73fe8d94-c0de-4eed-aabf-ff16f2610fde@group-A23B89D701A5-SegmentedRaftLogWorker] INFO  segmented.SegmentedRaftLogWorker (SegmentedRaftLogWorker.java:execute(574)) - 73fe8d94-c0de-4eed-aabf-ff16f2610fde@group-A23B89D701A5-SegmentedRaftLogWorker: created new log segment /workdir/hadoop-ozone/integration-test/target/test-dir/MiniOzoneClusterImpl-95aba73e-a2ce-4cb2-acaf-01244b70b3f2/datanode-1/data/ratis/a818afd9-bd51-4df5-9a80-a23b89d701a5/current/log_inprogress_3
2019-10-14 11:32:46,490 [b0dcf559-b940-4ebf-a0c2-bcecb035ae36@group-A23B89D701A5-SegmentedRaftLogWorker] INFO  segmented.SegmentedRaftLogWorker (SegmentedRaftLogWorker.java:execute(574)) - b0dcf559-b940-4ebf-a0c2-bcecb035ae36@group-A23B89D701A5-SegmentedRaftLogWorker: created new log segment /workdir/hadoop-ozone/integration-test/target/test-dir/MiniOzoneClusterImpl-95aba73e-a2ce-4cb2-acaf-01244b70b3f2/datanode-0/data/ratis/a818afd9-bd51-4df5-9a80-a23b89d701a5/current/log_inprogress_3
2019-10-14 11:32:46,509 [grpc-default-executor-6] WARN  server.GrpcLogAppender (LogUtils.java:warn(134)) - 73fe8d94-c0de-4eed-aabf-ff16f2610fde@group-A23B89D701A5->462cc878-52e4-4fe3-b7f7-a02da95ab560-AppendLogResponseHandler: Failed appendEntries: org.apache.ratis.thirdparty.io.grpc.StatusRuntimeException: UNAVAILABLE: io exception
2019-10-14 11:32:46,510 [grpc-default-executor-6] INFO  impl.FollowerInfo (FollowerInfo.java:lambda$new$0(51)) - 73fe8d94-c0de-4eed-aabf-ff16f2610fde@group-A23B89D701A5->462cc878-52e4-4fe3-b7f7-a02da95ab560: nextIndex: updateUnconditionally 2 -> 1
2019-10-14 11:32:46,523 [grpc-default-executor-7] WARN  server.GrpcLogAppender (LogUtils.java:warn(134)) - 73fe8d94-c0de-4eed-aabf-ff16f2610fde@group-A23B89D701A5->462cc878-52e4-4fe3-b7f7-a02da95ab560-AppendLogResponseHandler: Failed appendEntries: org.apache.ratis.thirdparty.io.grpc.StatusRuntimeException: UNAVAILABLE: io exception
2019-10-14 11:32:46,524 [grpc-default-executor-7] INFO  impl.FollowerInfo (FollowerInfo.java:lambda$new$0(51)) - 73fe8d94-c0de-4eed-aabf-ff16f2610fde@group-A23B89D701A5->462cc878-52e4-4fe3-b7f7-a02da95ab560: nextIndex: updateUnconditionally 2 -> 1
2019-10-14 11:32:46,835 [grpc-default-executor-7] WARN  server.GrpcLogAppender (LogUtils.java:warn(134)) - 73fe8d94-c0de-4eed-aabf-ff16f2610fde@group-A23B89D701A5->462cc878-52e4-4fe3-b7f7-a02da95ab560-AppendLogResponseHandler: Failed appendEntries: org.apache.ratis.thirdparty.io.grpc.StatusRuntimeException: UNAVAILABLE: io exception
2019-10-14 11:32:46,836 [grpc-default-executor-7] INFO  impl.FollowerInfo (FollowerInfo.java:lambda$new$0(51)) - 73fe8d94-c0de-4eed-aabf-ff16f2610fde@group-A23B89D701A5->462cc878-52e4-4fe3-b7f7-a02da95ab560: nextIndex: updateUnconditionally 2 -> 1
2019-10-14 11:32:46,848 [grpc-default-executor-0] WARN  server.GrpcLogAppender (LogUtils.java:warn(134)) - 73fe8d94-c0de-4eed-aabf-ff16f2610fde@group-A23B89D701A5->462cc878-52e4-4fe3-b7f7-a02da95ab560-AppendLogResponseHandler: Failed appendEntries: org.apache.ratis.thirdparty.io.grpc.StatusRuntimeException: UNAVAILABLE: io exception
2019-10-14 11:32:46,849 [grpc-default-executor-0] INFO  impl.FollowerInfo (FollowerInfo.java:lambda$new$0(51)) - 73fe8d94-c0de-4eed-aabf-ff16f2610fde@group-A23B89D701A5->462cc878-52e4-4fe3-b7f7-a02da95ab560: nextIndex: updateUnconditionally 2 -> 1
2019-10-14 11:32:46,860 [grpc-default-executor-0] WARN  server.GrpcLogAppender (LogUtils.java:warn(134)) - 73fe8d94-c0de-4eed-aabf-ff16f2610fde@group-A23B89D701A5->462cc878-52e4-4fe3-b7f7-a02da95ab560-AppendLogResponseHandler: Failed appendEntries: org.apache.ratis.thirdparty.io.grpc.StatusRuntimeException: UNAVAILABLE: io exception
2019-10-14 11:32:46,861 [grpc-default-executor-0] INFO  impl.FollowerInfo (FollowerInfo.java:lambda$new$0(51)) - 73fe8d94-c0de-4eed-aabf-ff16f2610fde@group-A23B89D701A5->462cc878-52e4-4fe3-b7f7-a02da95ab560: nextIndex: updateUnconditionally 2 -> 1
2019-10-14 11:32:46,862 [EventQueue-IncrementalContainerReportForIncrementalContainerReportHandler] WARN  container.IncrementalContainerReportHandler (AbstractContainerReportHandler.java:updateContainerState(145)) - Container #1 is in OPEN state, but the datanode 73fe8d94-c0de-4eed-aabf-ff16f2610fde{ip: 192.168.157.207, host: pr-hdds-2196-wn72n-1164029319, networkLocation: /default-rack, certSerialId: null} reports an CLOSING replica.
2019-10-14 11:32:46,875 [EventQueue-IncrementalContainerReportForIncrementalContainerReportHandler] WARN  container.IncrementalContainerReportHandler (AbstractContainerReportHandler.java:updateContainerState(145)) - Container #1 is in OPEN state, but the datanode b0dcf559-b940-4ebf-a0c2-bcecb035ae36{ip: 192.168.157.207, host: pr-hdds-2196-wn72n-1164029319, networkLocation: /default-rack, certSerialId: null} reports an CLOSING replica.
2019-10-14 11:32:46,925 [RatisApplyTransactionExecutor 1] INFO  interfaces.Container (KeyValueContainer.java:flushAndSyncDB(386)) - Container 1 is synced with bcsId 0.
2019-10-14 11:32:46,969 [RatisApplyTransactionExecutor 1] INFO  interfaces.Container (KeyValueContainer.java:flushAndSyncDB(386)) - Container 1 is synced with bcsId 0.
2019-10-14 11:32:46,981 [RatisApplyTransactionExecutor 1] INFO  interfaces.Container (KeyValueContainer.java:flushAndSyncDB(386)) - Container 1 is synced with bcsId 0.
2019-10-14 11:32:46,981 [RatisApplyTransactionExecutor 1] INFO  interfaces.Container (KeyValueContainer.java:flushAndSyncDB(386)) - Container 1 is synced with bcsId 0.
2019-10-14 11:32:46,994 [RatisApplyTransactionExecutor 1] INFO  interfaces.Container (KeyValueContainer.java:close(335)) - Container 1 is closed with bcsId 0.
2019-10-14 11:32:46,995 [RatisApplyTransactionExecutor 1] INFO  interfaces.Container (KeyValueContainer.java:close(335)) - Container 1 is closed with bcsId 0.
2019-10-14 11:32:46,999 [EventQueue-IncrementalContainerReportForIncrementalContainerReportHandler] WARN  container.IncrementalContainerReportHandler (AbstractContainerReportHandler.java:updateContainerState(145)) - Container #1 is in OPEN state, but the datanode 73fe8d94-c0de-4eed-aabf-ff16f2610fde{ip: 192.168.157.207, host: pr-hdds-2196-wn72n-1164029319, networkLocation: /default-rack, certSerialId: null} reports an CLOSED replica.
2019-10-14 11:32:46,999 [EventQueue-IncrementalContainerReportForIncrementalContainerReportHandler] WARN  container.IncrementalContainerReportHandler (AbstractContainerReportHandler.java:updateContainerState(145)) - Container #1 is in OPEN state, but the datanode b0dcf559-b940-4ebf-a0c2-bcecb035ae36{ip: 192.168.157.207, host: pr-hdds-2196-wn72n-1164029319, networkLocation: /default-rack, certSerialId: null} reports an CLOSED replica.
2019-10-14 11:32:49,364 [grpc-default-executor-0] WARN  server.GrpcLogAppender (LogUtils.java:warn(134)) - 73fe8d94-c0de-4eed-aabf-ff16f2610fde@group-A23B89D701A5->462cc878-52e4-4fe3-b7f7-a02da95ab560-AppendLogResponseHandler: Failed appendEntries: org.apache.ratis.thirdparty.io.grpc.StatusRuntimeException: UNAVAILABLE: io exception
2019-10-14 11:32:49,365 [grpc-default-executor-0] INFO  impl.FollowerInfo (FollowerInfo.java:lambda$new$0(51)) - 73fe8d94-c0de-4eed-aabf-ff16f2610fde@group-A23B89D701A5->462cc878-52e4-4fe3-b7f7-a02da95ab560: nextIndex: updateUnconditionally 1 -> 0
2019-10-14 11:32:50,001 [main] WARN  scm.XceiverClientRatis (XceiverClientRatis.java:watchForCommit(277)) - 3 way commit failed on pipeline Pipeline[ Id: a818afd9-bd51-4df5-9a80-a23b89d701a5, Nodes: 462cc878-52e4-4fe3-b7f7-a02da95ab560{ip: 192.168.157.207, host: pr-hdds-2196-wn72n-1164029319, networkLocation: /default-rack, certSerialId: null}b0dcf559-b940-4ebf-a0c2-bcecb035ae36{ip: 192.168.157.207, host: pr-hdds-2196-wn72n-1164029319, networkLocation: /default-rack, certSerialId: null}73fe8d94-c0de-4eed-aabf-ff16f2610fde{ip: 192.168.157.207, host: pr-hdds-2196-wn72n-1164029319, networkLocation: /default-rack, certSerialId: null}, Type:RATIS, Factor:THREE, State:OPEN]
java.util.concurrent.TimeoutException
	at java.util.concurrent.CompletableFuture.timedGet(CompletableFuture.java:1771)
	at java.util.concurrent.CompletableFuture.get(CompletableFuture.java:1915)
	at org.apache.hadoop.hdds.scm.XceiverClientRatis.watchForCommit(XceiverClientRatis.java:274)
	at org.apache.hadoop.ozone.client.rpc.TestWatchForCommit.test2WayCommitForTimeoutException(TestWatchForCommit.java:391)
	at sun.reflect.NativeMethodAccessorImpl.invoke0(Native Method)
	at sun.reflect.NativeMethodAccessorImpl.invoke(NativeMethodAccessorImpl.java:62)
	at sun.reflect.DelegatingMethodAccessorImpl.invoke(DelegatingMethodAccessorImpl.java:43)
	at java.lang.reflect.Method.invoke(Method.java:498)
	at org.junit.runners.model.FrameworkMethod$1.runReflectiveCall(FrameworkMethod.java:47)
	at org.junit.internal.runners.model.ReflectiveCallable.run(ReflectiveCallable.java:12)
	at org.junit.runners.model.FrameworkMethod.invokeExplosively(FrameworkMethod.java:44)
	at org.junit.internal.runners.statements.InvokeMethod.evaluate(InvokeMethod.java:17)
	at org.junit.runners.ParentRunner.runLeaf(ParentRunner.java:271)
	at org.junit.runners.BlockJUnit4ClassRunner.runChild(BlockJUnit4ClassRunner.java:70)
	at org.junit.runners.BlockJUnit4ClassRunner.runChild(BlockJUnit4ClassRunner.java:50)
	at org.junit.runners.ParentRunner$3.run(ParentRunner.java:238)
	at org.junit.runners.ParentRunner$1.schedule(ParentRunner.java:63)
	at org.junit.runners.ParentRunner.runChildren(ParentRunner.java:236)
	at org.junit.runners.ParentRunner.access$000(ParentRunner.java:53)
	at org.junit.runners.ParentRunner$2.evaluate(ParentRunner.java:229)
	at org.junit.runners.ParentRunner.run(ParentRunner.java:309)
	at org.apache.maven.surefire.junit4.JUnit4Provider.execute(JUnit4Provider.java:365)
	at org.apache.maven.surefire.junit4.JUnit4Provider.executeWithRerun(JUnit4Provider.java:273)
	at org.apache.maven.surefire.junit4.JUnit4Provider.executeTestSet(JUnit4Provider.java:238)
	at org.apache.maven.surefire.junit4.JUnit4Provider.invoke(JUnit4Provider.java:159)
	at org.apache.maven.surefire.booter.ForkedBooter.invokeProviderInSameClassLoader(ForkedBooter.java:384)
	at org.apache.maven.surefire.booter.ForkedBooter.runSuitesInProcess(ForkedBooter.java:345)
	at org.apache.maven.surefire.booter.ForkedBooter.execute(ForkedBooter.java:126)
	at org.apache.maven.surefire.booter.ForkedBooter.main(ForkedBooter.java:418)
2019-10-14 11:32:50,014 [Thread-2486] INFO  client.GrpcClientProtocolService (GrpcClientProtocolService.java:lambda$processClientRequest$0(278)) - Failed RaftClientRequest:client-33C2BAF57820->b0dcf559-b940-4ebf-a0c2-bcecb035ae36@group-A23B89D701A5, cid=106, seq=0, Watch-MAJORITY_COMMITTED(5), Message:<EMPTY>, reply=RaftClientReply:client-33C2BAF57820->b0dcf559-b940-4ebf-a0c2-bcecb035ae36@group-A23B89D701A5, cid=106, FAILED org.apache.ratis.protocol.NotLeaderException: Server b0dcf559-b940-4ebf-a0c2-bcecb035ae36@group-A23B89D701A5 is not the leader 73fe8d94-c0de-4eed-aabf-ff16f2610fde:192.168.157.207:44357, logIndex=0, commits[b0dcf559-b940-4ebf-a0c2-bcecb035ae36:c6, 462cc878-52e4-4fe3-b7f7-a02da95ab560:c2, 73fe8d94-c0de-4eed-aabf-ff16f2610fde:c6]
2019-10-14 11:32:51,865 [grpc-default-executor-7] WARN  server.GrpcLogAppender (LogUtils.java:warn(134)) - 73fe8d94-c0de-4eed-aabf-ff16f2610fde@group-A23B89D701A5->462cc878-52e4-4fe3-b7f7-a02da95ab560-AppendLogResponseHandler: Failed appendEntries: org.apache.ratis.thirdparty.io.grpc.StatusRuntimeException: UNAVAILABLE: io exception
2019-10-14 11:32:51,871 [grpc-default-executor-7] INFO  impl.FollowerInfo (FollowerInfo.java:lambda$new$0(51)) - 73fe8d94-c0de-4eed-aabf-ff16f2610fde@group-A23B89D701A5->462cc878-52e4-4fe3-b7f7-a02da95ab560: nextIndex: updateUnconditionally 0 -> 0
]]></system-out>
  </testcase>
</testsuite>