<?xml version="1.0" encoding="UTF-8"?>
<testsuite xmlns:xsi="http://www.w3.org/2001/XMLSchema-instance" xsi:noNamespaceSchemaLocation="https://maven.apache.org/surefire/maven-surefire-plugin/xsd/surefire-test-report.xsd" name="org.apache.hadoop.ozone.scm.TestSCMContainerPlacementPolicyMetrics" time="82.307" tests="1" errors="1" skipped="0" failures="0">
  <properties>
    <property name="awt.toolkit" value="sun.awt.X11.XToolkit"/>
    <property name="file.encoding.pkg" value="sun.io"/>
    <property name="java.specification.version" value="1.8"/>
    <property name="sun.cpu.isalist" value=""/>
    <property name="sun.jnu.encoding" value="UTF-8"/>
    <property name="java.class.path" value="/workdir/hadoop-ozone/integration-test/target/test-classes:/workdir/hadoop-ozone/integration-test/target/classes:/home/user/.m2/repository/org/apache/hadoop/hadoop-ozone-common/0.5.0-SNAPSHOT/hadoop-ozone-common-0.5.0-SNAPSHOT.jar:/home/user/.m2/repository/org/apache/commons/commons-compress/1.4.1/commons-compress-1.4.1.jar:/home/user/.m2/repository/org/tukaani/xz/1.0/xz-1.0.jar:/home/user/.m2/repository/org/apache/hadoop/hadoop-common/3.2.0/hadoop-common-3.2.0.jar:/home/user/.m2/repository/org/apache/hadoop/hadoop-hdfs/3.2.0/hadoop-hdfs-3.2.0.jar:/home/user/.m2/repository/org/apache/hadoop/hadoop-hdfs-client/3.2.0/hadoop-hdfs-client-3.2.0.jar:/home/user/.m2/repository/com/fasterxml/jackson/core/jackson-annotations/2.9.9/jackson-annotations-2.9.9.jar:/home/user/.m2/repository/org/apache/hadoop/hadoop-hdds-common/0.5.0-SNAPSHOT/hadoop-hdds-common-0.5.0-SNAPSHOT.jar:/home/user/.m2/repository/javax/annotation/javax.annotation-api/1.2/javax.annotation-api-1.2.jar:/home/user/.m2/repository/org/apache/ratis/ratis-server/0.4.0/ratis-server-0.4.0.jar:/home/user/.m2/repository/org/apache/ratis/ratis-thirdparty-misc/0.2.0/ratis-thirdparty-misc-0.2.0.jar:/home/user/.m2/repository/org/apache/ratis/ratis-proto/0.4.0/ratis-proto-0.4.0.jar:/home/user/.m2/repository/org/apache/ratis/ratis-common/0.4.0/ratis-common-0.4.0.jar:/home/user/.m2/repository/org/apache/ratis/ratis-client/0.4.0/ratis-client-0.4.0.jar:/home/user/.m2/repository/org/apache/ratis/ratis-metrics/0.4.0/ratis-metrics-0.4.0.jar:/home/user/.m2/repository/com/github/joshelser/dropwizard-metrics-hadoop-metrics2-reporter/0.1.2/dropwizard-metrics-hadoop-metrics2-reporter-0.1.2.jar:/home/user/.m2/repository/io/dropwizard/metrics/metrics-jvm/3.2.5/metrics-jvm-3.2.5.jar:/home/user/.m2/repository/io/dropwizard/metrics/metrics-ganglia/3.2.5/metrics-ganglia-3.2.5.jar:/home/user/.m2/repository/info/ganglia/gmetric4j/gmetric4j/1.0.7/gmetric4j-1.0.7.jar:/home/user/.m2/repository/org/apache/ratis/ratis-netty/0.4.0/ratis-netty-0.4.0.jar:/home/user/.m2/repository/org/apache/ratis/ratis-grpc/0.4.0/ratis-grpc-0.4.0.jar:/home/user/.m2/repository/org/rocksdb/rocksdbjni/6.0.1/rocksdbjni-6.0.1.jar:/home/user/.m2/repository/org/apache/logging/log4j/log4j-api/2.11.0/log4j-api-2.11.0.jar:/home/user/.m2/repository/org/apache/logging/log4j/log4j-core/2.11.0/log4j-core-2.11.0.jar:/home/user/.m2/repository/com/lmax/disruptor/3.4.2/disruptor-3.4.2.jar:/home/user/.m2/repository/org/apache/commons/commons-pool2/2.6.0/commons-pool2-2.6.0.jar:/home/user/.m2/repository/org/bouncycastle/bcpkix-jdk15on/1.60/bcpkix-jdk15on-1.60.jar:/home/user/.m2/repository/commons-validator/commons-validator/1.6/commons-validator-1.6.jar:/home/user/.m2/repository/commons-digester/commons-digester/1.8.1/commons-digester-1.8.1.jar:/home/user/.m2/repository/io/jaegertracing/jaeger-client/0.34.0/jaeger-client-0.34.0.jar:/home/user/.m2/repository/io/jaegertracing/jaeger-thrift/0.34.0/jaeger-thrift-0.34.0.jar:/home/user/.m2/repository/org/apache/thrift/libthrift/0.12.0/libthrift-0.12.0.jar:/home/user/.m2/repository/com/squareup/okhttp3/okhttp/3.9.0/okhttp-3.9.0.jar:/home/user/.m2/repository/com/squareup/okio/okio/1.13.0/okio-1.13.0.jar:/home/user/.m2/repository/io/jaegertracing/jaeger-core/0.34.0/jaeger-core-0.34.0.jar:/home/user/.m2/repository/io/jaegertracing/jaeger-tracerresolver/0.34.0/jaeger-tracerresolver-0.34.0.jar:/home/user/.m2/repository/io/opentracing/contrib/opentracing-tracerresolver/0.1.5/opentracing-tracerresolver-0.1.5.jar:/home/user/.m2/repository/io/opentracing/opentracing-util/0.31.0/opentracing-util-0.31.0.jar:/home/user/.m2/repository/io/opentracing/opentracing-api/0.31.0/opentracing-api-0.31.0.jar:/home/user/.m2/repository/io/opentracing/opentracing-noop/0.31.0/opentracing-noop-0.31.0.jar:/home/user/.m2/repository/org/apache/hadoop/hadoop-hdds-server-framework/0.5.0-SNAPSHOT/hadoop-hdds-server-framework-0.5.0-SNAPSHOT.jar:/home/user/.m2/repository/org/apache/hadoop/hadoop-hdds-container-service/0.5.0-SNAPSHOT/hadoop-hdds-container-service-0.5.0-SNAPSHOT.jar:/home/user/.m2/repository/org/apache/hadoop/hadoop-hdds-client/0.5.0-SNAPSHOT/hadoop-hdds-client-0.5.0-SNAPSHOT.jar:/home/user/.m2/repository/org/apache/hadoop/hadoop-hdds-tools/0.5.0-SNAPSHOT/hadoop-hdds-tools-0.5.0-SNAPSHOT.jar:/home/user/.m2/repository/org/apache/hadoop/hadoop-hdds-server-scm/0.5.0-SNAPSHOT/hadoop-hdds-server-scm-0.5.0-SNAPSHOT.jar:/home/user/.m2/repository/org/apache/hadoop/hadoop-hdds-docs/0.5.0-SNAPSHOT/hadoop-hdds-docs-0.5.0-SNAPSHOT.jar:/home/user/.m2/repository/io/dropwizard/metrics/metrics-core/3.2.4/metrics-core-3.2.4.jar:/home/user/.m2/repository/org/hamcrest/hamcrest-all/1.3/hamcrest-all-1.3.jar:/home/user/.m2/repository/org/bouncycastle/bcprov-jdk15on/1.60/bcprov-jdk15on-1.60.jar:/home/user/.m2/repository/info/picocli/picocli/3.9.6/picocli-3.9.6.jar:/home/user/.m2/repository/com/google/protobuf/protobuf-java/2.5.0/protobuf-java-2.5.0.jar:/home/user/.m2/repository/com/google/guava/guava/11.0.2/guava-11.0.2.jar:/home/user/.m2/repository/org/apache/hadoop/hadoop-ozone-ozone-manager/0.5.0-SNAPSHOT/hadoop-ozone-ozone-manager-0.5.0-SNAPSHOT.jar:/home/user/.m2/repository/org/apache/hadoop/hadoop-minikdc/3.2.0/hadoop-minikdc-3.2.0.jar:/home/user/.m2/repository/commons-io/commons-io/2.5/commons-io-2.5.jar:/home/user/.m2/repository/org/apache/kerby/kerb-simplekdc/1.0.1/kerb-simplekdc-1.0.1.jar:/home/user/.m2/repository/org/apache/kerby/kerb-client/1.0.1/kerb-client-1.0.1.jar:/home/user/.m2/repository/org/apache/kerby/kerby-config/1.0.1/kerby-config-1.0.1.jar:/home/user/.m2/repository/org/apache/kerby/kerb-core/1.0.1/kerb-core-1.0.1.jar:/home/user/.m2/repository/org/apache/kerby/kerby-pkix/1.0.1/kerby-pkix-1.0.1.jar:/home/user/.m2/repository/org/apache/kerby/kerby-asn1/1.0.1/kerby-asn1-1.0.1.jar:/home/user/.m2/repository/org/apache/kerby/kerby-util/1.0.1/kerby-util-1.0.1.jar:/home/user/.m2/repository/org/apache/kerby/kerb-common/1.0.1/kerb-common-1.0.1.jar:/home/user/.m2/repository/org/apache/kerby/kerb-crypto/1.0.1/kerb-crypto-1.0.1.jar:/home/user/.m2/repository/org/apache/kerby/kerb-util/1.0.1/kerb-util-1.0.1.jar:/home/user/.m2/repository/org/apache/kerby/token-provider/1.0.1/token-provider-1.0.1.jar:/home/user/.m2/repository/org/apache/kerby/kerb-admin/1.0.1/kerb-admin-1.0.1.jar:/home/user/.m2/repository/org/apache/kerby/kerb-server/1.0.1/kerb-server-1.0.1.jar:/home/user/.m2/repository/org/apache/kerby/kerb-identity/1.0.1/kerb-identity-1.0.1.jar:/home/user/.m2/repository/org/apache/kerby/kerby-xdr/1.0.1/kerby-xdr-1.0.1.jar:/home/user/.m2/repository/org/slf4j/slf4j-log4j12/1.7.25/slf4j-log4j12-1.7.25.jar:/home/user/.m2/repository/org/apache/hadoop/hadoop-ozone-s3gateway/0.5.0-SNAPSHOT/hadoop-ozone-s3gateway-0.5.0-SNAPSHOT.jar:/home/user/.m2/repository/org/jboss/weld/servlet/weld-servlet/2.4.7.Final/weld-servlet-2.4.7.Final.jar:/home/user/.m2/repository/org/glassfish/jersey/containers/jersey-container-servlet-core/2.27/jersey-container-servlet-core-2.27.jar:/home/user/.m2/repository/org/glassfish/hk2/external/javax.inject/2.5.0-b42/javax.inject-2.5.0-b42.jar:/home/user/.m2/repository/org/glassfish/jersey/core/jersey-common/2.27/jersey-common-2.27.jar:/home/user/.m2/repository/org/glassfish/hk2/osgi-resource-locator/1.0.1/osgi-resource-locator-1.0.1.jar:/home/user/.m2/repository/javax/ws/rs/javax.ws.rs-api/2.1/javax.ws.rs-api-2.1.jar:/home/user/.m2/repository/org/glassfish/jersey/ext/cdi/jersey-cdi1x/2.27/jersey-cdi1x-2.27.jar:/home/user/.m2/repository/org/glassfish/jersey/inject/jersey-hk2/2.27/jersey-hk2-2.27.jar:/home/user/.m2/repository/org/glassfish/hk2/hk2-locator/2.5.0-b42/hk2-locator-2.5.0-b42.jar:/home/user/.m2/repository/org/javassist/javassist/3.22.0-CR2/javassist-3.22.0-CR2.jar:/home/user/.m2/repository/org/glassfish/hk2/hk2-api/2.5.0/hk2-api-2.5.0.jar:/home/user/.m2/repository/org/glassfish/hk2/external/jakarta.inject/2.5.0/jakarta.inject-2.5.0.jar:/home/user/.m2/repository/org/glassfish/hk2/hk2-utils/2.5.0/hk2-utils-2.5.0.jar:/home/user/.m2/repository/jakarta/annotation/jakarta.annotation-api/1.3.4/jakarta.annotation-api-1.3.4.jar:/home/user/.m2/repository/org/glassfish/hk2/external/aopalliance-repackaged/2.5.0/aopalliance-repackaged-2.5.0.jar:/home/user/.m2/repository/com/fasterxml/jackson/dataformat/jackson-dataformat-xml/2.9.0/jackson-dataformat-xml-2.9.0.jar:/home/user/.m2/repository/com/fasterxml/jackson/core/jackson-core/2.9.9/jackson-core-2.9.9.jar:/home/user/.m2/repository/com/fasterxml/jackson/module/jackson-module-jaxb-annotations/2.9.9/jackson-module-jaxb-annotations-2.9.9.jar:/home/user/.m2/repository/javax/enterprise/cdi-api/1.2/cdi-api-1.2.jar:/home/user/.m2/repository/javax/el/javax.el-api/3.0.0/javax.el-api-3.0.0.jar:/home/user/.m2/repository/javax/interceptor/javax.interceptor-api/1.2/javax.interceptor-api-1.2.jar:/home/user/.m2/repository/javax/inject/javax.inject/1/javax.inject-1.jar:/home/user/.m2/repository/com/sun/xml/bind/jaxb-impl/2.3.0.1/jaxb-impl-2.3.0.1.jar:/home/user/.m2/repository/com/sun/xml/bind/jaxb-core/2.3.0.1/jaxb-core-2.3.0.1.jar:/home/user/.m2/repository/javax/xml/bind/jaxb-api/2.3.0/jaxb-api-2.3.0.jar:/home/user/.m2/repository/javax/activation/activation/1.1.1/activation-1.1.1.jar:/home/user/.m2/repository/org/apache/hadoop/hadoop-ozone-csi/0.5.0-SNAPSHOT/hadoop-ozone-csi-0.5.0-SNAPSHOT.jar:/home/user/.m2/repository/com/google/protobuf/protobuf-java-util/3.5.1/protobuf-java-util-3.5.1.jar:/home/user/.m2/repository/org/apache/hadoop/hadoop-hdds-config/0.5.0-SNAPSHOT/hadoop-hdds-config-0.5.0-SNAPSHOT.jar:/home/user/.m2/repository/io/grpc/grpc-netty/1.17.1/grpc-netty-1.17.1.jar:/home/user/.m2/repository/io/grpc/grpc-core/1.17.1/grpc-core-1.17.1.jar:/home/user/.m2/repository/io/grpc/grpc-context/1.17.1/grpc-context-1.17.1.jar:/home/user/.m2/repository/com/google/errorprone/error_prone_annotations/2.2.0/error_prone_annotations-2.2.0.jar:/home/user/.m2/repository/org/codehaus/mojo/animal-sniffer-annotations/1.17/animal-sniffer-annotations-1.17.jar:/home/user/.m2/repository/io/opencensus/opencensus-api/0.17.0/opencensus-api-0.17.0.jar:/home/user/.m2/repository/io/opencensus/opencensus-contrib-grpc-metrics/0.17.0/opencensus-contrib-grpc-metrics-0.17.0.jar:/home/user/.m2/repository/io/netty/netty-codec-http2/4.1.30.Final/netty-codec-http2-4.1.30.Final.jar:/home/user/.m2/repository/io/netty/netty-codec-http/4.1.30.Final/netty-codec-http-4.1.30.Final.jar:/home/user/.m2/repository/io/netty/netty-codec/4.1.30.Final/netty-codec-4.1.30.Final.jar:/home/user/.m2/repository/io/netty/netty-handler/4.1.30.Final/netty-handler-4.1.30.Final.jar:/home/user/.m2/repository/io/netty/netty-handler-proxy/4.1.30.Final/netty-handler-proxy-4.1.30.Final.jar:/home/user/.m2/repository/io/netty/netty-codec-socks/4.1.30.Final/netty-codec-socks-4.1.30.Final.jar:/home/user/.m2/repository/io/netty/netty-transport-native-epoll/4.1.30.Final/netty-transport-native-epoll-4.1.30.Final.jar:/home/user/.m2/repository/io/netty/netty-common/4.1.30.Final/netty-common-4.1.30.Final.jar:/home/user/.m2/repository/io/netty/netty-buffer/4.1.30.Final/netty-buffer-4.1.30.Final.jar:/home/user/.m2/repository/io/netty/netty-transport/4.1.30.Final/netty-transport-4.1.30.Final.jar:/home/user/.m2/repository/io/netty/netty-resolver/4.1.30.Final/netty-resolver-4.1.30.Final.jar:/home/user/.m2/repository/io/netty/netty-transport-native-unix-common/4.1.30.Final/netty-transport-native-unix-common-4.1.30.Final.jar:/home/user/.m2/repository/io/grpc/grpc-protobuf/1.17.1/grpc-protobuf-1.17.1.jar:/home/user/.m2/repository/com/google/api/grpc/proto-google-common-protos/1.0.0/proto-google-common-protos-1.0.0.jar:/home/user/.m2/repository/io/grpc/grpc-protobuf-lite/1.17.1/grpc-protobuf-lite-1.17.1.jar:/home/user/.m2/repository/io/grpc/grpc-stub/1.17.1/grpc-stub-1.17.1.jar:/home/user/.m2/repository/org/apache/hadoop/hadoop-ozone-recon/0.5.0-SNAPSHOT/hadoop-ozone-recon-0.5.0-SNAPSHOT.jar:/home/user/.m2/repository/org/apache/hadoop/hadoop-ozone-reconcodegen/0.5.0-SNAPSHOT/hadoop-ozone-reconcodegen-0.5.0-SNAPSHOT.jar:/home/user/.m2/repository/com/google/inject/extensions/guice-multibindings/4.0/guice-multibindings-4.0.jar:/home/user/.m2/repository/com/google/inject/guice/4.0/guice-4.0.jar:/home/user/.m2/repository/aopalliance/aopalliance/1.0/aopalliance-1.0.jar:/home/user/.m2/repository/com/google/inject/extensions/guice-servlet/4.0/guice-servlet-4.0.jar:/home/user/.m2/repository/org/glassfish/jersey/containers/jersey-container-servlet/2.27/jersey-container-servlet-2.27.jar:/home/user/.m2/repository/org/glassfish/hk2/guice-bridge/2.5.0/guice-bridge-2.5.0.jar:/home/user/.m2/repository/org/glassfish/jersey/core/jersey-server/2.27/jersey-server-2.27.jar:/home/user/.m2/repository/org/glassfish/jersey/core/jersey-client/2.27/jersey-client-2.27.jar:/home/user/.m2/repository/org/glassfish/jersey/media/jersey-media-jaxb/2.27/jersey-media-jaxb-2.27.jar:/home/user/.m2/repository/javax/validation/validation-api/1.1.0.Final/validation-api-1.1.0.Final.jar:/home/user/.m2/repository/org/glassfish/jersey/media/jersey-media-json-jackson/2.27/jersey-media-json-jackson-2.27.jar:/home/user/.m2/repository/org/glassfish/jersey/ext/jersey-entity-filtering/2.27/jersey-entity-filtering-2.27.jar:/home/user/.m2/repository/com/google/inject/extensions/guice-assistedinject/4.0/guice-assistedinject-4.0.jar:/home/user/.m2/repository/org/jooq/jooq/3.11.10/jooq-3.11.10.jar:/home/user/.m2/repository/org/jooq/jooq-meta/3.11.10/jooq-meta-3.11.10.jar:/home/user/.m2/repository/org/jooq/jooq-codegen/3.11.10/jooq-codegen-3.11.10.jar:/home/user/.m2/repository/com/jolbox/bonecp/0.8.0.RELEASE/bonecp-0.8.0.RELEASE.jar:/home/user/.m2/repository/org/xerial/sqlite-jdbc/3.25.2/sqlite-jdbc-3.25.2.jar:/home/user/.m2/repository/org/springframework/spring-jdbc/5.1.3.RELEASE/spring-jdbc-5.1.3.RELEASE.jar:/home/user/.m2/repository/org/springframework/spring-beans/5.1.3.RELEASE/spring-beans-5.1.3.RELEASE.jar:/home/user/.m2/repository/org/springframework/spring-core/5.1.3.RELEASE/spring-core-5.1.3.RELEASE.jar:/home/user/.m2/repository/org/springframework/spring-jcl/5.1.3.RELEASE/spring-jcl-5.1.3.RELEASE.jar:/home/user/.m2/repository/org/springframework/spring-tx/5.1.3.RELEASE/spring-tx-5.1.3.RELEASE.jar:/home/user/.m2/repository/org/apache/hadoop/hadoop-ozone-client/0.5.0-SNAPSHOT/hadoop-ozone-client-0.5.0-SNAPSHOT.jar:/home/user/.m2/repository/commons-lang/commons-lang/2.6/commons-lang-2.6.jar:/home/user/.m2/repository/org/apache/hadoop/hadoop-ozone-ozone-manager/0.5.0-SNAPSHOT/hadoop-ozone-ozone-manager-0.5.0-SNAPSHOT-tests.jar:/home/user/.m2/repository/junit/junit/4.11/junit-4.11.jar:/home/user/.m2/repository/org/hamcrest/hamcrest-core/1.3/hamcrest-core-1.3.jar:/home/user/.m2/repository/org/openjdk/jmh/jmh-core/1.19/jmh-core-1.19.jar:/home/user/.m2/repository/net/sf/jopt-simple/jopt-simple/4.6/jopt-simple-4.6.jar:/home/user/.m2/repository/org/apache/commons/commons-math3/3.1.1/commons-math3-3.1.1.jar:/home/user/.m2/repository/org/openjdk/jmh/jmh-generator-annprocess/1.19/jmh-generator-annprocess-1.19.jar:/home/user/.m2/repository/org/mockito/mockito-all/1.8.5/mockito-all-1.8.5.jar:/home/user/.m2/repository/org/apache/hadoop/hadoop-kms/3.2.0/hadoop-kms-3.2.0.jar:/home/user/.m2/repository/org/apache/hadoop/hadoop-auth/3.2.0/hadoop-auth-3.2.0.jar:/home/user/.m2/repository/com/nimbusds/nimbus-jose-jwt/4.41.1/nimbus-jose-jwt-4.41.1.jar:/home/user/.m2/repository/com/github/stephenc/jcip/jcip-annotations/1.0-1/jcip-annotations-1.0-1.jar:/home/user/.m2/repository/net/minidev/json-smart/2.3/json-smart-2.3.jar:/home/user/.m2/repository/net/minidev/accessors-smart/1.2/accessors-smart-1.2.jar:/home/user/.m2/repository/org/ow2/asm/asm/5.0.4/asm-5.0.4.jar:/home/user/.m2/repository/org/apache/curator/curator-framework/2.12.0/curator-framework-2.12.0.jar:/home/user/.m2/repository/com/sun/jersey/jersey-core/1.19/jersey-core-1.19.jar:/home/user/.m2/repository/javax/ws/rs/jsr311-api/1.1.1/jsr311-api-1.1.1.jar:/home/user/.m2/repository/com/sun/jersey/jersey-server/1.19/jersey-server-1.19.jar:/home/user/.m2/repository/javax/servlet/javax.servlet-api/3.1.0/javax.servlet-api-3.1.0.jar:/home/user/.m2/repository/org/eclipse/jetty/jetty-server/9.3.25.v20180904/jetty-server-9.3.25.v20180904.jar:/home/user/.m2/repository/org/eclipse/jetty/jetty-http/9.3.25.v20180904/jetty-http-9.3.25.v20180904.jar:/home/user/.m2/repository/org/eclipse/jetty/jetty-io/9.3.25.v20180904/jetty-io-9.3.25.v20180904.jar:/home/user/.m2/repository/org/eclipse/jetty/jetty-webapp/9.3.25.v20180904/jetty-webapp-9.3.25.v20180904.jar:/home/user/.m2/repository/org/eclipse/jetty/jetty-xml/9.3.25.v20180904/jetty-xml-9.3.25.v20180904.jar:/home/user/.m2/repository/log4j/log4j/1.2.17/log4j-1.2.17.jar:/home/user/.m2/repository/org/slf4j/slf4j-api/1.7.25/slf4j-api-1.7.25.jar:/home/user/.m2/repository/org/slf4j/jul-to-slf4j/1.7.25/jul-to-slf4j-1.7.25.jar:/home/user/.m2/repository/org/eclipse/jetty/jetty-util/9.3.25.v20180904/jetty-util-9.3.25.v20180904.jar:/home/user/.m2/repository/com/fasterxml/jackson/core/jackson-databind/2.9.9/jackson-databind-2.9.9.jar:/home/user/.m2/repository/org/apache/hadoop/hadoop-kms/3.2.0/hadoop-kms-3.2.0-tests.jar:/home/user/.m2/repository/org/apache/hadoop/hadoop-hdds-server-scm/0.5.0-SNAPSHOT/hadoop-hdds-server-scm-0.5.0-SNAPSHOT-tests.jar:/home/user/.m2/repository/org/apache/hadoop/hadoop-hdds-container-service/0.5.0-SNAPSHOT/hadoop-hdds-container-service-0.5.0-SNAPSHOT-tests.jar:/home/user/.m2/repository/org/yaml/snakeyaml/1.16/snakeyaml-1.16.jar:/home/user/.m2/repository/org/apache/hadoop/hadoop-common/3.2.0/hadoop-common-3.2.0-tests.jar:/home/user/.m2/repository/org/apache/hadoop/hadoop-annotations/3.2.0/hadoop-annotations-3.2.0.jar:/usr/lib/jvm/java-1.8-openjdk/jre/../lib/tools.jar:/home/user/.m2/repository/commons-cli/commons-cli/1.2/commons-cli-1.2.jar:/home/user/.m2/repository/org/apache/httpcomponents/httpclient/4.5.2/httpclient-4.5.2.jar:/home/user/.m2/repository/org/apache/httpcomponents/httpcore/4.4.4/httpcore-4.4.4.jar:/home/user/.m2/repository/commons-codec/commons-codec/1.11/commons-codec-1.11.jar:/home/user/.m2/repository/commons-net/commons-net/3.6/commons-net-3.6.jar:/home/user/.m2/repository/commons-collections/commons-collections/3.2.2/commons-collections-3.2.2.jar:/home/user/.m2/repository/org/eclipse/jetty/jetty-servlet/9.3.25.v20180904/jetty-servlet-9.3.25.v20180904.jar:/home/user/.m2/repository/org/eclipse/jetty/jetty-security/9.3.25.v20180904/jetty-security-9.3.25.v20180904.jar:/home/user/.m2/repository/javax/servlet/jsp/jsp-api/2.1/jsp-api-2.1.jar:/home/user/.m2/repository/com/sun/jersey/jersey-servlet/1.19/jersey-servlet-1.19.jar:/home/user/.m2/repository/com/sun/jersey/jersey-json/1.19/jersey-json-1.19.jar:/home/user/.m2/repository/org/codehaus/jettison/jettison/1.1/jettison-1.1.jar:/home/user/.m2/repository/org/codehaus/jackson/jackson-core-asl/1.9.13/jackson-core-asl-1.9.13.jar:/home/user/.m2/repository/org/codehaus/jackson/jackson-mapper-asl/1.9.13/jackson-mapper-asl-1.9.13.jar:/home/user/.m2/repository/org/codehaus/jackson/jackson-jaxrs/1.9.13/jackson-jaxrs-1.9.13.jar:/home/user/.m2/repository/org/codehaus/jackson/jackson-xc/1.9.13/jackson-xc-1.9.13.jar:/home/user/.m2/repository/commons-logging/commons-logging/1.1.3/commons-logging-1.1.3.jar:/home/user/.m2/repository/commons-beanutils/commons-beanutils/1.9.4/commons-beanutils-1.9.4.jar:/home/user/.m2/repository/org/apache/commons/commons-configuration2/2.1.1/commons-configuration2-2.1.1.jar:/home/user/.m2/repository/org/apache/commons/commons-lang3/3.7/commons-lang3-3.7.jar:/home/user/.m2/repository/org/apache/commons/commons-text/1.4/commons-text-1.4.jar:/home/user/.m2/repository/org/apache/avro/avro/1.7.7/avro-1.7.7.jar:/home/user/.m2/repository/com/thoughtworks/paranamer/paranamer/2.3/paranamer-2.3.jar:/home/user/.m2/repository/org/xerial/snappy/snappy-java/1.0.5/snappy-java-1.0.5.jar:/home/user/.m2/repository/com/google/re2j/re2j/1.1/re2j-1.1.jar:/home/user/.m2/repository/com/google/code/gson/gson/2.2.4/gson-2.2.4.jar:/home/user/.m2/repository/com/jcraft/jsch/0.1.54/jsch-0.1.54.jar:/home/user/.m2/repository/org/apache/curator/curator-client/2.12.0/curator-client-2.12.0.jar:/home/user/.m2/repository/org/apache/curator/curator-recipes/2.12.0/curator-recipes-2.12.0.jar:/home/user/.m2/repository/com/google/code/findbugs/jsr305/3.0.0/jsr305-3.0.0.jar:/home/user/.m2/repository/org/apache/htrace/htrace-core4/4.1.0-incubating/htrace-core4-4.1.0-incubating.jar:/home/user/.m2/repository/org/apache/zookeeper/zookeeper/3.4.13/zookeeper-3.4.13.jar:/home/user/.m2/repository/jline/jline/0.9.94/jline-0.9.94.jar:/home/user/.m2/repository/org/apache/yetus/audience-annotations/0.5.0/audience-annotations-0.5.0.jar:/home/user/.m2/repository/org/codehaus/woodstox/stax2-api/3.1.4/stax2-api-3.1.4.jar:/home/user/.m2/repository/com/fasterxml/woodstox/woodstox-core/5.0.3/woodstox-core-5.0.3.jar:/home/user/.m2/repository/dnsjava/dnsjava/2.1.7/dnsjava-2.1.7.jar:/home/user/.m2/repository/org/apache/hadoop/hadoop-hdfs/3.2.0/hadoop-hdfs-3.2.0-tests.jar:/home/user/.m2/repository/org/eclipse/jetty/jetty-util-ajax/9.3.25.v20180904/jetty-util-ajax-9.3.25.v20180904.jar:/home/user/.m2/repository/commons-daemon/commons-daemon/1.0.13/commons-daemon-1.0.13.jar:/home/user/.m2/repository/io/netty/netty/3.10.5.Final/netty-3.10.5.Final.jar:/home/user/.m2/repository/io/netty/netty-all/4.0.52.Final/netty-all-4.0.52.Final.jar:/home/user/.m2/repository/org/fusesource/leveldbjni/leveldbjni-all/1.8/leveldbjni-all-1.8.jar:"/>
    <property name="java.vm.vendor" value="IcedTea"/>
    <property name="sun.arch.data.model" value="64"/>
    <property name="test.build.dir" value="/workdir/hadoop-ozone/integration-test/target/test-dir"/>
    <property name="test.cache.data" value=""/>
    <property name="java.vendor.url" value="https://icedtea.classpath.org"/>
    <property name="user.timezone" value=""/>
    <property name="java.vm.specification.version" value="1.8"/>
    <property name="os.name" value="Linux"/>
    <property name="test.build.data" value="/workdir/hadoop-ozone/integration-test/target/test-dir"/>
    <property name="user.country" value="US"/>
    <property name="sun.java.launcher" value="SUN_STANDARD"/>
    <property name="sun.boot.library.path" value="/usr/lib/jvm/java-1.8-openjdk/jre/lib/amd64"/>
    <property name="sun.java.command" value="/workdir/hadoop-ozone/integration-test/target/surefire/surefirebooter2183326831370976613.jar /workdir/hadoop-ozone/integration-test/target/surefire 2019-10-01T13-06-33_442-jvmRun1 surefire6334386166924346629tmp surefire_317950968419781648005tmp"/>
    <property name="test" value="!TestMiniChaosOzoneCluster"/>
    <property name="surefire.test.class.path" value="/workdir/hadoop-ozone/integration-test/target/test-classes:/workdir/hadoop-ozone/integration-test/target/classes:/home/user/.m2/repository/org/apache/hadoop/hadoop-ozone-common/0.5.0-SNAPSHOT/hadoop-ozone-common-0.5.0-SNAPSHOT.jar:/home/user/.m2/repository/org/apache/commons/commons-compress/1.4.1/commons-compress-1.4.1.jar:/home/user/.m2/repository/org/tukaani/xz/1.0/xz-1.0.jar:/home/user/.m2/repository/org/apache/hadoop/hadoop-common/3.2.0/hadoop-common-3.2.0.jar:/home/user/.m2/repository/org/apache/hadoop/hadoop-hdfs/3.2.0/hadoop-hdfs-3.2.0.jar:/home/user/.m2/repository/org/apache/hadoop/hadoop-hdfs-client/3.2.0/hadoop-hdfs-client-3.2.0.jar:/home/user/.m2/repository/com/fasterxml/jackson/core/jackson-annotations/2.9.9/jackson-annotations-2.9.9.jar:/home/user/.m2/repository/org/apache/hadoop/hadoop-hdds-common/0.5.0-SNAPSHOT/hadoop-hdds-common-0.5.0-SNAPSHOT.jar:/home/user/.m2/repository/javax/annotation/javax.annotation-api/1.2/javax.annotation-api-1.2.jar:/home/user/.m2/repository/org/apache/ratis/ratis-server/0.4.0/ratis-server-0.4.0.jar:/home/user/.m2/repository/org/apache/ratis/ratis-thirdparty-misc/0.2.0/ratis-thirdparty-misc-0.2.0.jar:/home/user/.m2/repository/org/apache/ratis/ratis-proto/0.4.0/ratis-proto-0.4.0.jar:/home/user/.m2/repository/org/apache/ratis/ratis-common/0.4.0/ratis-common-0.4.0.jar:/home/user/.m2/repository/org/apache/ratis/ratis-client/0.4.0/ratis-client-0.4.0.jar:/home/user/.m2/repository/org/apache/ratis/ratis-metrics/0.4.0/ratis-metrics-0.4.0.jar:/home/user/.m2/repository/com/github/joshelser/dropwizard-metrics-hadoop-metrics2-reporter/0.1.2/dropwizard-metrics-hadoop-metrics2-reporter-0.1.2.jar:/home/user/.m2/repository/io/dropwizard/metrics/metrics-jvm/3.2.5/metrics-jvm-3.2.5.jar:/home/user/.m2/repository/io/dropwizard/metrics/metrics-ganglia/3.2.5/metrics-ganglia-3.2.5.jar:/home/user/.m2/repository/info/ganglia/gmetric4j/gmetric4j/1.0.7/gmetric4j-1.0.7.jar:/home/user/.m2/repository/org/apache/ratis/ratis-netty/0.4.0/ratis-netty-0.4.0.jar:/home/user/.m2/repository/org/apache/ratis/ratis-grpc/0.4.0/ratis-grpc-0.4.0.jar:/home/user/.m2/repository/org/rocksdb/rocksdbjni/6.0.1/rocksdbjni-6.0.1.jar:/home/user/.m2/repository/org/apache/logging/log4j/log4j-api/2.11.0/log4j-api-2.11.0.jar:/home/user/.m2/repository/org/apache/logging/log4j/log4j-core/2.11.0/log4j-core-2.11.0.jar:/home/user/.m2/repository/com/lmax/disruptor/3.4.2/disruptor-3.4.2.jar:/home/user/.m2/repository/org/apache/commons/commons-pool2/2.6.0/commons-pool2-2.6.0.jar:/home/user/.m2/repository/org/bouncycastle/bcpkix-jdk15on/1.60/bcpkix-jdk15on-1.60.jar:/home/user/.m2/repository/commons-validator/commons-validator/1.6/commons-validator-1.6.jar:/home/user/.m2/repository/commons-digester/commons-digester/1.8.1/commons-digester-1.8.1.jar:/home/user/.m2/repository/io/jaegertracing/jaeger-client/0.34.0/jaeger-client-0.34.0.jar:/home/user/.m2/repository/io/jaegertracing/jaeger-thrift/0.34.0/jaeger-thrift-0.34.0.jar:/home/user/.m2/repository/org/apache/thrift/libthrift/0.12.0/libthrift-0.12.0.jar:/home/user/.m2/repository/com/squareup/okhttp3/okhttp/3.9.0/okhttp-3.9.0.jar:/home/user/.m2/repository/com/squareup/okio/okio/1.13.0/okio-1.13.0.jar:/home/user/.m2/repository/io/jaegertracing/jaeger-core/0.34.0/jaeger-core-0.34.0.jar:/home/user/.m2/repository/io/jaegertracing/jaeger-tracerresolver/0.34.0/jaeger-tracerresolver-0.34.0.jar:/home/user/.m2/repository/io/opentracing/contrib/opentracing-tracerresolver/0.1.5/opentracing-tracerresolver-0.1.5.jar:/home/user/.m2/repository/io/opentracing/opentracing-util/0.31.0/opentracing-util-0.31.0.jar:/home/user/.m2/repository/io/opentracing/opentracing-api/0.31.0/opentracing-api-0.31.0.jar:/home/user/.m2/repository/io/opentracing/opentracing-noop/0.31.0/opentracing-noop-0.31.0.jar:/home/user/.m2/repository/org/apache/hadoop/hadoop-hdds-server-framework/0.5.0-SNAPSHOT/hadoop-hdds-server-framework-0.5.0-SNAPSHOT.jar:/home/user/.m2/repository/org/apache/hadoop/hadoop-hdds-container-service/0.5.0-SNAPSHOT/hadoop-hdds-container-service-0.5.0-SNAPSHOT.jar:/home/user/.m2/repository/org/apache/hadoop/hadoop-hdds-client/0.5.0-SNAPSHOT/hadoop-hdds-client-0.5.0-SNAPSHOT.jar:/home/user/.m2/repository/org/apache/hadoop/hadoop-hdds-tools/0.5.0-SNAPSHOT/hadoop-hdds-tools-0.5.0-SNAPSHOT.jar:/home/user/.m2/repository/org/apache/hadoop/hadoop-hdds-server-scm/0.5.0-SNAPSHOT/hadoop-hdds-server-scm-0.5.0-SNAPSHOT.jar:/home/user/.m2/repository/org/apache/hadoop/hadoop-hdds-docs/0.5.0-SNAPSHOT/hadoop-hdds-docs-0.5.0-SNAPSHOT.jar:/home/user/.m2/repository/io/dropwizard/metrics/metrics-core/3.2.4/metrics-core-3.2.4.jar:/home/user/.m2/repository/org/hamcrest/hamcrest-all/1.3/hamcrest-all-1.3.jar:/home/user/.m2/repository/org/bouncycastle/bcprov-jdk15on/1.60/bcprov-jdk15on-1.60.jar:/home/user/.m2/repository/info/picocli/picocli/3.9.6/picocli-3.9.6.jar:/home/user/.m2/repository/com/google/protobuf/protobuf-java/2.5.0/protobuf-java-2.5.0.jar:/home/user/.m2/repository/com/google/guava/guava/11.0.2/guava-11.0.2.jar:/home/user/.m2/repository/org/apache/hadoop/hadoop-ozone-ozone-manager/0.5.0-SNAPSHOT/hadoop-ozone-ozone-manager-0.5.0-SNAPSHOT.jar:/home/user/.m2/repository/org/apache/hadoop/hadoop-minikdc/3.2.0/hadoop-minikdc-3.2.0.jar:/home/user/.m2/repository/commons-io/commons-io/2.5/commons-io-2.5.jar:/home/user/.m2/repository/org/apache/kerby/kerb-simplekdc/1.0.1/kerb-simplekdc-1.0.1.jar:/home/user/.m2/repository/org/apache/kerby/kerb-client/1.0.1/kerb-client-1.0.1.jar:/home/user/.m2/repository/org/apache/kerby/kerby-config/1.0.1/kerby-config-1.0.1.jar:/home/user/.m2/repository/org/apache/kerby/kerb-core/1.0.1/kerb-core-1.0.1.jar:/home/user/.m2/repository/org/apache/kerby/kerby-pkix/1.0.1/kerby-pkix-1.0.1.jar:/home/user/.m2/repository/org/apache/kerby/kerby-asn1/1.0.1/kerby-asn1-1.0.1.jar:/home/user/.m2/repository/org/apache/kerby/kerby-util/1.0.1/kerby-util-1.0.1.jar:/home/user/.m2/repository/org/apache/kerby/kerb-common/1.0.1/kerb-common-1.0.1.jar:/home/user/.m2/repository/org/apache/kerby/kerb-crypto/1.0.1/kerb-crypto-1.0.1.jar:/home/user/.m2/repository/org/apache/kerby/kerb-util/1.0.1/kerb-util-1.0.1.jar:/home/user/.m2/repository/org/apache/kerby/token-provider/1.0.1/token-provider-1.0.1.jar:/home/user/.m2/repository/org/apache/kerby/kerb-admin/1.0.1/kerb-admin-1.0.1.jar:/home/user/.m2/repository/org/apache/kerby/kerb-server/1.0.1/kerb-server-1.0.1.jar:/home/user/.m2/repository/org/apache/kerby/kerb-identity/1.0.1/kerb-identity-1.0.1.jar:/home/user/.m2/repository/org/apache/kerby/kerby-xdr/1.0.1/kerby-xdr-1.0.1.jar:/home/user/.m2/repository/org/slf4j/slf4j-log4j12/1.7.25/slf4j-log4j12-1.7.25.jar:/home/user/.m2/repository/org/apache/hadoop/hadoop-ozone-s3gateway/0.5.0-SNAPSHOT/hadoop-ozone-s3gateway-0.5.0-SNAPSHOT.jar:/home/user/.m2/repository/org/jboss/weld/servlet/weld-servlet/2.4.7.Final/weld-servlet-2.4.7.Final.jar:/home/user/.m2/repository/org/glassfish/jersey/containers/jersey-container-servlet-core/2.27/jersey-container-servlet-core-2.27.jar:/home/user/.m2/repository/org/glassfish/hk2/external/javax.inject/2.5.0-b42/javax.inject-2.5.0-b42.jar:/home/user/.m2/repository/org/glassfish/jersey/core/jersey-common/2.27/jersey-common-2.27.jar:/home/user/.m2/repository/org/glassfish/hk2/osgi-resource-locator/1.0.1/osgi-resource-locator-1.0.1.jar:/home/user/.m2/repository/javax/ws/rs/javax.ws.rs-api/2.1/javax.ws.rs-api-2.1.jar:/home/user/.m2/repository/org/glassfish/jersey/ext/cdi/jersey-cdi1x/2.27/jersey-cdi1x-2.27.jar:/home/user/.m2/repository/org/glassfish/jersey/inject/jersey-hk2/2.27/jersey-hk2-2.27.jar:/home/user/.m2/repository/org/glassfish/hk2/hk2-locator/2.5.0-b42/hk2-locator-2.5.0-b42.jar:/home/user/.m2/repository/org/javassist/javassist/3.22.0-CR2/javassist-3.22.0-CR2.jar:/home/user/.m2/repository/org/glassfish/hk2/hk2-api/2.5.0/hk2-api-2.5.0.jar:/home/user/.m2/repository/org/glassfish/hk2/external/jakarta.inject/2.5.0/jakarta.inject-2.5.0.jar:/home/user/.m2/repository/org/glassfish/hk2/hk2-utils/2.5.0/hk2-utils-2.5.0.jar:/home/user/.m2/repository/jakarta/annotation/jakarta.annotation-api/1.3.4/jakarta.annotation-api-1.3.4.jar:/home/user/.m2/repository/org/glassfish/hk2/external/aopalliance-repackaged/2.5.0/aopalliance-repackaged-2.5.0.jar:/home/user/.m2/repository/com/fasterxml/jackson/dataformat/jackson-dataformat-xml/2.9.0/jackson-dataformat-xml-2.9.0.jar:/home/user/.m2/repository/com/fasterxml/jackson/core/jackson-core/2.9.9/jackson-core-2.9.9.jar:/home/user/.m2/repository/com/fasterxml/jackson/module/jackson-module-jaxb-annotations/2.9.9/jackson-module-jaxb-annotations-2.9.9.jar:/home/user/.m2/repository/javax/enterprise/cdi-api/1.2/cdi-api-1.2.jar:/home/user/.m2/repository/javax/el/javax.el-api/3.0.0/javax.el-api-3.0.0.jar:/home/user/.m2/repository/javax/interceptor/javax.interceptor-api/1.2/javax.interceptor-api-1.2.jar:/home/user/.m2/repository/javax/inject/javax.inject/1/javax.inject-1.jar:/home/user/.m2/repository/com/sun/xml/bind/jaxb-impl/2.3.0.1/jaxb-impl-2.3.0.1.jar:/home/user/.m2/repository/com/sun/xml/bind/jaxb-core/2.3.0.1/jaxb-core-2.3.0.1.jar:/home/user/.m2/repository/javax/xml/bind/jaxb-api/2.3.0/jaxb-api-2.3.0.jar:/home/user/.m2/repository/javax/activation/activation/1.1.1/activation-1.1.1.jar:/home/user/.m2/repository/org/apache/hadoop/hadoop-ozone-csi/0.5.0-SNAPSHOT/hadoop-ozone-csi-0.5.0-SNAPSHOT.jar:/home/user/.m2/repository/com/google/protobuf/protobuf-java-util/3.5.1/protobuf-java-util-3.5.1.jar:/home/user/.m2/repository/org/apache/hadoop/hadoop-hdds-config/0.5.0-SNAPSHOT/hadoop-hdds-config-0.5.0-SNAPSHOT.jar:/home/user/.m2/repository/io/grpc/grpc-netty/1.17.1/grpc-netty-1.17.1.jar:/home/user/.m2/repository/io/grpc/grpc-core/1.17.1/grpc-core-1.17.1.jar:/home/user/.m2/repository/io/grpc/grpc-context/1.17.1/grpc-context-1.17.1.jar:/home/user/.m2/repository/com/google/errorprone/error_prone_annotations/2.2.0/error_prone_annotations-2.2.0.jar:/home/user/.m2/repository/org/codehaus/mojo/animal-sniffer-annotations/1.17/animal-sniffer-annotations-1.17.jar:/home/user/.m2/repository/io/opencensus/opencensus-api/0.17.0/opencensus-api-0.17.0.jar:/home/user/.m2/repository/io/opencensus/opencensus-contrib-grpc-metrics/0.17.0/opencensus-contrib-grpc-metrics-0.17.0.jar:/home/user/.m2/repository/io/netty/netty-codec-http2/4.1.30.Final/netty-codec-http2-4.1.30.Final.jar:/home/user/.m2/repository/io/netty/netty-codec-http/4.1.30.Final/netty-codec-http-4.1.30.Final.jar:/home/user/.m2/repository/io/netty/netty-codec/4.1.30.Final/netty-codec-4.1.30.Final.jar:/home/user/.m2/repository/io/netty/netty-handler/4.1.30.Final/netty-handler-4.1.30.Final.jar:/home/user/.m2/repository/io/netty/netty-handler-proxy/4.1.30.Final/netty-handler-proxy-4.1.30.Final.jar:/home/user/.m2/repository/io/netty/netty-codec-socks/4.1.30.Final/netty-codec-socks-4.1.30.Final.jar:/home/user/.m2/repository/io/netty/netty-transport-native-epoll/4.1.30.Final/netty-transport-native-epoll-4.1.30.Final.jar:/home/user/.m2/repository/io/netty/netty-common/4.1.30.Final/netty-common-4.1.30.Final.jar:/home/user/.m2/repository/io/netty/netty-buffer/4.1.30.Final/netty-buffer-4.1.30.Final.jar:/home/user/.m2/repository/io/netty/netty-transport/4.1.30.Final/netty-transport-4.1.30.Final.jar:/home/user/.m2/repository/io/netty/netty-resolver/4.1.30.Final/netty-resolver-4.1.30.Final.jar:/home/user/.m2/repository/io/netty/netty-transport-native-unix-common/4.1.30.Final/netty-transport-native-unix-common-4.1.30.Final.jar:/home/user/.m2/repository/io/grpc/grpc-protobuf/1.17.1/grpc-protobuf-1.17.1.jar:/home/user/.m2/repository/com/google/api/grpc/proto-google-common-protos/1.0.0/proto-google-common-protos-1.0.0.jar:/home/user/.m2/repository/io/grpc/grpc-protobuf-lite/1.17.1/grpc-protobuf-lite-1.17.1.jar:/home/user/.m2/repository/io/grpc/grpc-stub/1.17.1/grpc-stub-1.17.1.jar:/home/user/.m2/repository/org/apache/hadoop/hadoop-ozone-recon/0.5.0-SNAPSHOT/hadoop-ozone-recon-0.5.0-SNAPSHOT.jar:/home/user/.m2/repository/org/apache/hadoop/hadoop-ozone-reconcodegen/0.5.0-SNAPSHOT/hadoop-ozone-reconcodegen-0.5.0-SNAPSHOT.jar:/home/user/.m2/repository/com/google/inject/extensions/guice-multibindings/4.0/guice-multibindings-4.0.jar:/home/user/.m2/repository/com/google/inject/guice/4.0/guice-4.0.jar:/home/user/.m2/repository/aopalliance/aopalliance/1.0/aopalliance-1.0.jar:/home/user/.m2/repository/com/google/inject/extensions/guice-servlet/4.0/guice-servlet-4.0.jar:/home/user/.m2/repository/org/glassfish/jersey/containers/jersey-container-servlet/2.27/jersey-container-servlet-2.27.jar:/home/user/.m2/repository/org/glassfish/hk2/guice-bridge/2.5.0/guice-bridge-2.5.0.jar:/home/user/.m2/repository/org/glassfish/jersey/core/jersey-server/2.27/jersey-server-2.27.jar:/home/user/.m2/repository/org/glassfish/jersey/core/jersey-client/2.27/jersey-client-2.27.jar:/home/user/.m2/repository/org/glassfish/jersey/media/jersey-media-jaxb/2.27/jersey-media-jaxb-2.27.jar:/home/user/.m2/repository/javax/validation/validation-api/1.1.0.Final/validation-api-1.1.0.Final.jar:/home/user/.m2/repository/org/glassfish/jersey/media/jersey-media-json-jackson/2.27/jersey-media-json-jackson-2.27.jar:/home/user/.m2/repository/org/glassfish/jersey/ext/jersey-entity-filtering/2.27/jersey-entity-filtering-2.27.jar:/home/user/.m2/repository/com/google/inject/extensions/guice-assistedinject/4.0/guice-assistedinject-4.0.jar:/home/user/.m2/repository/org/jooq/jooq/3.11.10/jooq-3.11.10.jar:/home/user/.m2/repository/org/jooq/jooq-meta/3.11.10/jooq-meta-3.11.10.jar:/home/user/.m2/repository/org/jooq/jooq-codegen/3.11.10/jooq-codegen-3.11.10.jar:/home/user/.m2/repository/com/jolbox/bonecp/0.8.0.RELEASE/bonecp-0.8.0.RELEASE.jar:/home/user/.m2/repository/org/xerial/sqlite-jdbc/3.25.2/sqlite-jdbc-3.25.2.jar:/home/user/.m2/repository/org/springframework/spring-jdbc/5.1.3.RELEASE/spring-jdbc-5.1.3.RELEASE.jar:/home/user/.m2/repository/org/springframework/spring-beans/5.1.3.RELEASE/spring-beans-5.1.3.RELEASE.jar:/home/user/.m2/repository/org/springframework/spring-core/5.1.3.RELEASE/spring-core-5.1.3.RELEASE.jar:/home/user/.m2/repository/org/springframework/spring-jcl/5.1.3.RELEASE/spring-jcl-5.1.3.RELEASE.jar:/home/user/.m2/repository/org/springframework/spring-tx/5.1.3.RELEASE/spring-tx-5.1.3.RELEASE.jar:/home/user/.m2/repository/org/apache/hadoop/hadoop-ozone-client/0.5.0-SNAPSHOT/hadoop-ozone-client-0.5.0-SNAPSHOT.jar:/home/user/.m2/repository/commons-lang/commons-lang/2.6/commons-lang-2.6.jar:/home/user/.m2/repository/org/apache/hadoop/hadoop-ozone-ozone-manager/0.5.0-SNAPSHOT/hadoop-ozone-ozone-manager-0.5.0-SNAPSHOT-tests.jar:/home/user/.m2/repository/junit/junit/4.11/junit-4.11.jar:/home/user/.m2/repository/org/hamcrest/hamcrest-core/1.3/hamcrest-core-1.3.jar:/home/user/.m2/repository/org/openjdk/jmh/jmh-core/1.19/jmh-core-1.19.jar:/home/user/.m2/repository/net/sf/jopt-simple/jopt-simple/4.6/jopt-simple-4.6.jar:/home/user/.m2/repository/org/apache/commons/commons-math3/3.1.1/commons-math3-3.1.1.jar:/home/user/.m2/repository/org/openjdk/jmh/jmh-generator-annprocess/1.19/jmh-generator-annprocess-1.19.jar:/home/user/.m2/repository/org/mockito/mockito-all/1.8.5/mockito-all-1.8.5.jar:/home/user/.m2/repository/org/apache/hadoop/hadoop-kms/3.2.0/hadoop-kms-3.2.0.jar:/home/user/.m2/repository/org/apache/hadoop/hadoop-auth/3.2.0/hadoop-auth-3.2.0.jar:/home/user/.m2/repository/com/nimbusds/nimbus-jose-jwt/4.41.1/nimbus-jose-jwt-4.41.1.jar:/home/user/.m2/repository/com/github/stephenc/jcip/jcip-annotations/1.0-1/jcip-annotations-1.0-1.jar:/home/user/.m2/repository/net/minidev/json-smart/2.3/json-smart-2.3.jar:/home/user/.m2/repository/net/minidev/accessors-smart/1.2/accessors-smart-1.2.jar:/home/user/.m2/repository/org/ow2/asm/asm/5.0.4/asm-5.0.4.jar:/home/user/.m2/repository/org/apache/curator/curator-framework/2.12.0/curator-framework-2.12.0.jar:/home/user/.m2/repository/com/sun/jersey/jersey-core/1.19/jersey-core-1.19.jar:/home/user/.m2/repository/javax/ws/rs/jsr311-api/1.1.1/jsr311-api-1.1.1.jar:/home/user/.m2/repository/com/sun/jersey/jersey-server/1.19/jersey-server-1.19.jar:/home/user/.m2/repository/javax/servlet/javax.servlet-api/3.1.0/javax.servlet-api-3.1.0.jar:/home/user/.m2/repository/org/eclipse/jetty/jetty-server/9.3.25.v20180904/jetty-server-9.3.25.v20180904.jar:/home/user/.m2/repository/org/eclipse/jetty/jetty-http/9.3.25.v20180904/jetty-http-9.3.25.v20180904.jar:/home/user/.m2/repository/org/eclipse/jetty/jetty-io/9.3.25.v20180904/jetty-io-9.3.25.v20180904.jar:/home/user/.m2/repository/org/eclipse/jetty/jetty-webapp/9.3.25.v20180904/jetty-webapp-9.3.25.v20180904.jar:/home/user/.m2/repository/org/eclipse/jetty/jetty-xml/9.3.25.v20180904/jetty-xml-9.3.25.v20180904.jar:/home/user/.m2/repository/log4j/log4j/1.2.17/log4j-1.2.17.jar:/home/user/.m2/repository/org/slf4j/slf4j-api/1.7.25/slf4j-api-1.7.25.jar:/home/user/.m2/repository/org/slf4j/jul-to-slf4j/1.7.25/jul-to-slf4j-1.7.25.jar:/home/user/.m2/repository/org/eclipse/jetty/jetty-util/9.3.25.v20180904/jetty-util-9.3.25.v20180904.jar:/home/user/.m2/repository/com/fasterxml/jackson/core/jackson-databind/2.9.9/jackson-databind-2.9.9.jar:/home/user/.m2/repository/org/apache/hadoop/hadoop-kms/3.2.0/hadoop-kms-3.2.0-tests.jar:/home/user/.m2/repository/org/apache/hadoop/hadoop-hdds-server-scm/0.5.0-SNAPSHOT/hadoop-hdds-server-scm-0.5.0-SNAPSHOT-tests.jar:/home/user/.m2/repository/org/apache/hadoop/hadoop-hdds-container-service/0.5.0-SNAPSHOT/hadoop-hdds-container-service-0.5.0-SNAPSHOT-tests.jar:/home/user/.m2/repository/org/yaml/snakeyaml/1.16/snakeyaml-1.16.jar:/home/user/.m2/repository/org/apache/hadoop/hadoop-common/3.2.0/hadoop-common-3.2.0-tests.jar:/home/user/.m2/repository/org/apache/hadoop/hadoop-annotations/3.2.0/hadoop-annotations-3.2.0.jar:/usr/lib/jvm/java-1.8-openjdk/jre/../lib/tools.jar:/home/user/.m2/repository/commons-cli/commons-cli/1.2/commons-cli-1.2.jar:/home/user/.m2/repository/org/apache/httpcomponents/httpclient/4.5.2/httpclient-4.5.2.jar:/home/user/.m2/repository/org/apache/httpcomponents/httpcore/4.4.4/httpcore-4.4.4.jar:/home/user/.m2/repository/commons-codec/commons-codec/1.11/commons-codec-1.11.jar:/home/user/.m2/repository/commons-net/commons-net/3.6/commons-net-3.6.jar:/home/user/.m2/repository/commons-collections/commons-collections/3.2.2/commons-collections-3.2.2.jar:/home/user/.m2/repository/org/eclipse/jetty/jetty-servlet/9.3.25.v20180904/jetty-servlet-9.3.25.v20180904.jar:/home/user/.m2/repository/org/eclipse/jetty/jetty-security/9.3.25.v20180904/jetty-security-9.3.25.v20180904.jar:/home/user/.m2/repository/javax/servlet/jsp/jsp-api/2.1/jsp-api-2.1.jar:/home/user/.m2/repository/com/sun/jersey/jersey-servlet/1.19/jersey-servlet-1.19.jar:/home/user/.m2/repository/com/sun/jersey/jersey-json/1.19/jersey-json-1.19.jar:/home/user/.m2/repository/org/codehaus/jettison/jettison/1.1/jettison-1.1.jar:/home/user/.m2/repository/org/codehaus/jackson/jackson-core-asl/1.9.13/jackson-core-asl-1.9.13.jar:/home/user/.m2/repository/org/codehaus/jackson/jackson-mapper-asl/1.9.13/jackson-mapper-asl-1.9.13.jar:/home/user/.m2/repository/org/codehaus/jackson/jackson-jaxrs/1.9.13/jackson-jaxrs-1.9.13.jar:/home/user/.m2/repository/org/codehaus/jackson/jackson-xc/1.9.13/jackson-xc-1.9.13.jar:/home/user/.m2/repository/commons-logging/commons-logging/1.1.3/commons-logging-1.1.3.jar:/home/user/.m2/repository/commons-beanutils/commons-beanutils/1.9.4/commons-beanutils-1.9.4.jar:/home/user/.m2/repository/org/apache/commons/commons-configuration2/2.1.1/commons-configuration2-2.1.1.jar:/home/user/.m2/repository/org/apache/commons/commons-lang3/3.7/commons-lang3-3.7.jar:/home/user/.m2/repository/org/apache/commons/commons-text/1.4/commons-text-1.4.jar:/home/user/.m2/repository/org/apache/avro/avro/1.7.7/avro-1.7.7.jar:/home/user/.m2/repository/com/thoughtworks/paranamer/paranamer/2.3/paranamer-2.3.jar:/home/user/.m2/repository/org/xerial/snappy/snappy-java/1.0.5/snappy-java-1.0.5.jar:/home/user/.m2/repository/com/google/re2j/re2j/1.1/re2j-1.1.jar:/home/user/.m2/repository/com/google/code/gson/gson/2.2.4/gson-2.2.4.jar:/home/user/.m2/repository/com/jcraft/jsch/0.1.54/jsch-0.1.54.jar:/home/user/.m2/repository/org/apache/curator/curator-client/2.12.0/curator-client-2.12.0.jar:/home/user/.m2/repository/org/apache/curator/curator-recipes/2.12.0/curator-recipes-2.12.0.jar:/home/user/.m2/repository/com/google/code/findbugs/jsr305/3.0.0/jsr305-3.0.0.jar:/home/user/.m2/repository/org/apache/htrace/htrace-core4/4.1.0-incubating/htrace-core4-4.1.0-incubating.jar:/home/user/.m2/repository/org/apache/zookeeper/zookeeper/3.4.13/zookeeper-3.4.13.jar:/home/user/.m2/repository/jline/jline/0.9.94/jline-0.9.94.jar:/home/user/.m2/repository/org/apache/yetus/audience-annotations/0.5.0/audience-annotations-0.5.0.jar:/home/user/.m2/repository/org/codehaus/woodstox/stax2-api/3.1.4/stax2-api-3.1.4.jar:/home/user/.m2/repository/com/fasterxml/woodstox/woodstox-core/5.0.3/woodstox-core-5.0.3.jar:/home/user/.m2/repository/dnsjava/dnsjava/2.1.7/dnsjava-2.1.7.jar:/home/user/.m2/repository/org/apache/hadoop/hadoop-hdfs/3.2.0/hadoop-hdfs-3.2.0-tests.jar:/home/user/.m2/repository/org/eclipse/jetty/jetty-util-ajax/9.3.25.v20180904/jetty-util-ajax-9.3.25.v20180904.jar:/home/user/.m2/repository/commons-daemon/commons-daemon/1.0.13/commons-daemon-1.0.13.jar:/home/user/.m2/repository/io/netty/netty/3.10.5.Final/netty-3.10.5.Final.jar:/home/user/.m2/repository/io/netty/netty-all/4.0.52.Final/netty-all-4.0.52.Final.jar:/home/user/.m2/repository/org/fusesource/leveldbjni/leveldbjni-all/1.8/leveldbjni-all-1.8.jar:"/>
    <property name="sun.cpu.endian" value="little"/>
    <property name="user.home" value="/home/user"/>
    <property name="user.language" value="en"/>
    <property name="java.specification.vendor" value="Oracle Corporation"/>
    <property name="java.home" value="/usr/lib/jvm/java-1.8-openjdk/jre"/>
    <property name="java.security.krb5.conf" value="/workdir/hadoop-ozone/integration-test/target/test-classes/krb5.conf"/>
    <property name="basedir" value="/workdir/hadoop-ozone/integration-test"/>
    <property name="file.separator" value="/"/>
    <property name="line.separator" value="&#10;"/>
    <property name="java.vm.specification.vendor" value="Oracle Corporation"/>
    <property name="java.specification.name" value="Java Platform API Specification"/>
    <property name="java.awt.graphicsenv" value="sun.awt.X11GraphicsEnvironment"/>
    <property name="surefire.real.class.path" value="/workdir/hadoop-ozone/integration-test/target/surefire/surefirebooter2183326831370976613.jar"/>
    <property name="hadoop.log.dir" value="/workdir/hadoop-ozone/integration-test/target/log"/>
    <property name="sun.boot.class.path" value="/usr/lib/jvm/java-1.8-openjdk/jre/lib/resources.jar:/usr/lib/jvm/java-1.8-openjdk/jre/lib/rt.jar:/usr/lib/jvm/java-1.8-openjdk/jre/lib/sunrsasign.jar:/usr/lib/jvm/java-1.8-openjdk/jre/lib/jsse.jar:/usr/lib/jvm/java-1.8-openjdk/jre/lib/jce.jar:/usr/lib/jvm/java-1.8-openjdk/jre/lib/charsets.jar:/usr/lib/jvm/java-1.8-openjdk/jre/lib/jfr.jar:/usr/lib/jvm/java-1.8-openjdk/jre/classes"/>
    <property name="sun.management.compiler" value="HotSpot 64-Bit Tiered Compilers"/>
    <property name="java.runtime.version" value="1.8.0_212-b04"/>
    <property name="java.net.preferIPv4Stack" value="true"/>
    <property name="user.name" value="jenkins1000"/>
    <property name="path.separator" value=":"/>
    <property name="java.security.egd" value="file:///dev/urandom"/>
    <property name="os.version" value="3.10.0-957.12.2.el7.x86_64"/>
    <property name="java.endorsed.dirs" value="/usr/lib/jvm/java-1.8-openjdk/jre/lib/endorsed"/>
    <property name="java.runtime.name" value="OpenJDK Runtime Environment"/>
    <property name="file.encoding" value="UTF-8"/>
    <property name="java.vm.name" value="OpenJDK 64-Bit Server VM"/>
    <property name="test.build.webapps" value=""/>
    <property name="localRepository" value="/home/user/.m2/repository"/>
    <property name="java.vendor.url.bug" value="https://icedtea.classpath.org/bugzilla"/>
    <property name="java.io.tmpdir" value="/tmp"/>
    <property name="require.test.libhadoop" value=""/>
    <property name="java.version" value="1.8.0_212"/>
    <property name="user.dir" value="/workdir/hadoop-ozone/integration-test"/>
    <property name="os.arch" value="amd64"/>
    <property name="java.vm.specification.name" value="Java Virtual Machine Specification"/>
    <property name="test.build.classes" value="/workdir/hadoop-ozone/integration-test/target/test-classes"/>
    <property name="java.awt.printerjob" value="sun.print.PSPrinterJob"/>
    <property name="sun.os.patch.level" value="unknown"/>
    <property name="hadoop.tmp.dir" value="/workdir/hadoop-ozone/integration-test/target/tmp"/>
    <property name="java.library.path" value="/usr/lib/jvm/java-1.8-openjdk/jre/lib/amd64/server:/usr/lib/jvm/java-1.8-openjdk/jre/lib/amd64:/usr/lib/jvm/java-1.8-openjdk/jre/../lib/amd64:/workdir/hadoop-ozone/integration-test/target/native/target/usr/local/lib:/workdir/hadoop-ozone/integration-test/../../hadoop-common-project/hadoop-common/target/native/target/usr/local/lib:/usr/java/packages/lib/amd64:/usr/lib64:/lib64:/lib:/usr/lib"/>
    <property name="java.vm.info" value="mixed mode"/>
    <property name="java.vendor" value="IcedTea"/>
    <property name="java.vm.version" value="25.212-b04"/>
    <property name="java.ext.dirs" value="/usr/lib/jvm/java-1.8-openjdk/jre/lib/ext:/usr/java/packages/lib/ext"/>
    <property name="sun.io.unicode.encoding" value="UnicodeLittle"/>
    <property name="java.class.version" value="52.0"/>
  </properties>
  <testcase name="test" classname="org.apache.hadoop.ozone.scm.TestSCMContainerPlacementPolicyMetrics" time="82.241">
    <error message="test timed out after 60000 milliseconds" type="java.lang.Exception">java.lang.Exception: test timed out after 60000 milliseconds
	at sun.misc.Unsafe.park(Native Method)
	at java.util.concurrent.locks.LockSupport.park(LockSupport.java:175)
	at java.util.concurrent.CompletableFuture$Signaller.block(CompletableFuture.java:1693)
	at java.util.concurrent.ForkJoinPool.managedBlock(ForkJoinPool.java:3323)
	at java.util.concurrent.CompletableFuture.waitingGet(CompletableFuture.java:1729)
	at java.util.concurrent.CompletableFuture.get(CompletableFuture.java:1895)
	at org.apache.hadoop.hdds.scm.storage.BlockOutputStream.waitOnFlushFutures(BlockOutputStream.java:515)
	at org.apache.hadoop.hdds.scm.storage.BlockOutputStream.handleFlush(BlockOutputStream.java:478)
	at org.apache.hadoop.hdds.scm.storage.BlockOutputStream.close(BlockOutputStream.java:493)
	at org.apache.hadoop.ozone.client.io.BlockOutputStreamEntry.close(BlockOutputStreamEntry.java:143)
	at org.apache.hadoop.ozone.client.io.KeyOutputStream.handleFlushOrClose(KeyOutputStream.java:435)
	at org.apache.hadoop.ozone.client.io.KeyOutputStream.close(KeyOutputStream.java:473)
	at org.apache.hadoop.ozone.client.io.OzoneOutputStream.close(OzoneOutputStream.java:60)
	at org.apache.hadoop.ozone.scm.TestSCMContainerPlacementPolicyMetrics.test(TestSCMContainerPlacementPolicyMetrics.java:112)
	at sun.reflect.NativeMethodAccessorImpl.invoke0(Native Method)
	at sun.reflect.NativeMethodAccessorImpl.invoke(NativeMethodAccessorImpl.java:62)
	at sun.reflect.DelegatingMethodAccessorImpl.invoke(DelegatingMethodAccessorImpl.java:43)
	at java.lang.reflect.Method.invoke(Method.java:498)
	at org.junit.runners.model.FrameworkMethod$1.runReflectiveCall(FrameworkMethod.java:47)
	at org.junit.internal.runners.model.ReflectiveCallable.run(ReflectiveCallable.java:12)
	at org.junit.runners.model.FrameworkMethod.invokeExplosively(FrameworkMethod.java:44)
	at org.junit.internal.runners.statements.InvokeMethod.evaluate(InvokeMethod.java:17)
	at org.junit.internal.runners.statements.FailOnTimeout$StatementThread.run(FailOnTimeout.java:74)
</error>
    <system-out><![CDATA[2019-10-01 13:47:52,821 [main] WARN  server.ServerUtils (ServerUtils.java:getScmDbDir(145)) - ozone.scm.db.dirs is not configured. We recommend adding this setting. Falling back to ozone.metadata.dirs instead.
2019-10-01 13:47:52,953 [main] WARN  server.ServerUtils (ServerUtils.java:getScmDbDir(145)) - ozone.scm.db.dirs is not configured. We recommend adding this setting. Falling back to ozone.metadata.dirs instead.
2019-10-01 13:47:52,957 [main] WARN  server.ServerUtils (ServerUtils.java:getScmDbDir(145)) - ozone.scm.db.dirs is not configured. We recommend adding this setting. Falling back to ozone.metadata.dirs instead.
2019-10-01 13:47:52,981 [main] INFO  util.log (Log.java:initialized(192)) - Logging initialized @907ms
2019-10-01 13:47:53,089 [main] INFO  db.DBStoreBuilder (DBStoreBuilder.java:addTable(110)) - using custom profile for table: deletedBlocks
2019-10-01 13:47:53,089 [main] INFO  db.DBStoreBuilder (DBStoreBuilder.java:processTables(161)) - Using default column profile:DBProfile.DISK for Table:deletedBlocks
2019-10-01 13:47:53,090 [main] INFO  db.DBStoreBuilder (DBStoreBuilder.java:addTable(110)) - using custom profile for table: validCerts
2019-10-01 13:47:53,090 [main] INFO  db.DBStoreBuilder (DBStoreBuilder.java:processTables(161)) - Using default column profile:DBProfile.DISK for Table:validCerts
2019-10-01 13:47:53,090 [main] INFO  db.DBStoreBuilder (DBStoreBuilder.java:addTable(110)) - using custom profile for table: revokedCerts
2019-10-01 13:47:53,091 [main] INFO  db.DBStoreBuilder (DBStoreBuilder.java:processTables(161)) - Using default column profile:DBProfile.DISK for Table:revokedCerts
2019-10-01 13:47:53,108 [main] INFO  db.DBStoreBuilder (DBStoreBuilder.java:addTable(110)) - using custom profile for table: default
2019-10-01 13:47:53,108 [main] INFO  db.DBStoreBuilder (DBStoreBuilder.java:processTables(167)) - Using default column profile:DBProfile.DISK for Table:default
2019-10-01 13:47:53,110 [main] INFO  db.DBStoreBuilder (DBStoreBuilder.java:getDbProfile(198)) - Using default options. DBProfile.DISK
2019-10-01 13:47:53,376 [main] INFO  net.NodeSchemaLoader (NodeSchemaLoader.java:loadSchemaFromFile(125)) - Loading file from sun.misc.CompoundEnumeration@33d512c1
2019-10-01 13:47:53,378 [main] INFO  net.NodeSchemaLoader (NodeSchemaLoader.java:loadSchema(171)) - Loading network topology layer schema file
2019-10-01 13:47:53,474 [main] WARN  server.ServerUtils (ServerUtils.java:sanitizeUserArgs(70)) - ozone.scm.stale.node.interval value = 300000 is larger than max = 100000 based on the key value of ozone.scm.heartbeat.thread.interval, reset to the max value 100000.
2019-10-01 13:47:53,476 [main] WARN  server.ServerUtils (ServerUtils.java:sanitizeUserArgs(70)) - ozone.scm.stale.node.interval value = 300000 is larger than max = 100000 based on the key value of ozone.scm.heartbeat.thread.interval, reset to the max value 100000.
2019-10-01 13:47:53,479 [main] INFO  node.SCMNodeManager (SCMNodeManager.java:<init>(114)) - Entering startup safe mode.
2019-10-01 13:47:53,557 [main] INFO  Configuration.deprecation (Configuration.java:logDeprecation(1394)) - hadoop.configured.node.mapping is deprecated. Instead, use net.topology.configured.node.mapping
2019-10-01 13:47:53,561 [main] INFO  algorithms.ContainerPlacementPolicyFactory (ContainerPlacementPolicyFactory.java:getPolicy(57)) - Create container placement policy of type org.apache.hadoop.hdds.scm.container.placement.algorithms.SCMContainerPlacementRackAware
2019-10-01 13:47:53,576 [main] WARN  server.ServerUtils (ServerUtils.java:getScmDbDir(145)) - ozone.scm.db.dirs is not configured. We recommend adding this setting. Falling back to ozone.metadata.dirs instead.
2019-10-01 13:47:53,648 [main] INFO  pipeline.SCMPipelineManager (SCMPipelineManager.java:initializePipelineState(132)) - No pipeline exists in current db
2019-10-01 13:47:53,651 [main] WARN  server.ServerUtils (ServerUtils.java:getScmDbDir(145)) - ozone.scm.db.dirs is not configured. We recommend adding this setting. Falling back to ozone.metadata.dirs instead.
2019-10-01 13:47:53,783 [main] WARN  events.EventQueue (EventQueue.java:fireEvent(183)) - No event handler registered for event TypedEvent{payloadType=SafeModeStatus, name='SafeModeStatus'}
2019-10-01 13:47:54,166 [main] INFO  ipc.CallQueueManager (CallQueueManager.java:<init>(84)) - Using callQueue: class java.util.concurrent.LinkedBlockingQueue, queueCapacity: 2000, scheduler: class org.apache.hadoop.ipc.DefaultRpcScheduler, ipcBackoff: false.
2019-10-01 13:47:54,194 [Socket Reader #1 for port 37416] INFO  ipc.Server (Server.java:run(1074)) - Starting Socket Reader #1 for port 37416
2019-10-01 13:47:54,382 [main] INFO  ipc.CallQueueManager (CallQueueManager.java:<init>(84)) - Using callQueue: class java.util.concurrent.LinkedBlockingQueue, queueCapacity: 2000, scheduler: class org.apache.hadoop.ipc.DefaultRpcScheduler, ipcBackoff: false.
2019-10-01 13:47:54,384 [Socket Reader #1 for port 39940] INFO  ipc.Server (Server.java:run(1074)) - Starting Socket Reader #1 for port 39940
2019-10-01 13:47:54,397 [main] INFO  ipc.CallQueueManager (CallQueueManager.java:<init>(84)) - Using callQueue: class java.util.concurrent.LinkedBlockingQueue, queueCapacity: 2000, scheduler: class org.apache.hadoop.ipc.DefaultRpcScheduler, ipcBackoff: false.
2019-10-01 13:47:54,399 [Socket Reader #1 for port 35136] INFO  ipc.Server (Server.java:run(1074)) - Starting Socket Reader #1 for port 35136
2019-10-01 13:47:54,428 [main] INFO  hdfs.DFSUtil (DFSUtil.java:httpServerTemplateForNNAndJN(1641)) - Starting Web-server for scm at: http://0.0.0.0:0
2019-10-01 13:47:54,599 [main] INFO  server.AuthenticationFilter (AuthenticationFilter.java:constructSecretProvider(240)) - Unable to initialize FileSignerSecretProvider, falling back to use random secrets.
2019-10-01 13:47:54,607 [main] WARN  http.HttpRequestLog (HttpRequestLog.java:getRequestLog(97)) - Jetty request log can only be enabled using Log4j
2019-10-01 13:47:54,615 [main] INFO  http.HttpServer2 (HttpServer2.java:addGlobalFilter(975)) - Added global filter 'safety' (class=org.apache.hadoop.http.HttpServer2$QuotingInputFilter)
2019-10-01 13:47:54,618 [main] INFO  http.HttpServer2 (HttpServer2.java:addFilter(948)) - Added filter static_user_filter (class=org.apache.hadoop.http.lib.StaticUserWebFilter$StaticUserFilter) to context scm
2019-10-01 13:47:54,618 [main] INFO  http.HttpServer2 (HttpServer2.java:addFilter(958)) - Added filter static_user_filter (class=org.apache.hadoop.http.lib.StaticUserWebFilter$StaticUserFilter) to context static
2019-10-01 13:47:54,618 [main] INFO  http.HttpServer2 (HttpServer2.java:addFilter(958)) - Added filter static_user_filter (class=org.apache.hadoop.http.lib.StaticUserWebFilter$StaticUserFilter) to context logs
2019-10-01 13:47:54,650 [main] INFO  server.StorageContainerManager (StorageContainerManager.java:start(770)) - StorageContainerLocationProtocol RPC server is listening at /0.0.0.0:35136
2019-10-01 13:47:54,710 [main] WARN  impl.MetricsConfig (MetricsConfig.java:loadFirst(134)) - Cannot locate configuration: tried hadoop-metrics2-storagecontainermanager.properties,hadoop-metrics2.properties
2019-10-01 13:47:54,723 [main] INFO  impl.MetricsSystemImpl (MetricsSystemImpl.java:startTimer(374)) - Scheduled Metric snapshot period at 10 second(s).
2019-10-01 13:47:54,724 [main] INFO  impl.MetricsSystemImpl (MetricsSystemImpl.java:start(191)) - StorageContainerManager metrics system started
2019-10-01 13:47:54,965 [main] INFO  server.SCMClientProtocolServer (SCMClientProtocolServer.java:start(150)) - RPC server for Client  is listening at /0.0.0.0:35136
2019-10-01 13:47:54,965 [IPC Server Responder] INFO  ipc.Server (Server.java:run(1314)) - IPC Server Responder: starting
2019-10-01 13:47:54,966 [IPC Server listener on 35136] INFO  ipc.Server (Server.java:run(1153)) - IPC Server listener on 35136: starting
2019-10-01 13:47:54,968 [main] INFO  server.StorageContainerManager (StorageContainerManager.java:start(780)) - ScmBlockLocationProtocol RPC server is listening at /0.0.0.0:39940
2019-10-01 13:47:54,970 [main] INFO  server.SCMBlockProtocolServer (SCMBlockProtocolServer.java:start(146)) - RPC server for Block Protocol is listening at /0.0.0.0:39940
2019-10-01 13:47:54,970 [IPC Server Responder] INFO  ipc.Server (Server.java:run(1314)) - IPC Server Responder: starting
2019-10-01 13:47:54,971 [IPC Server listener on 39940] INFO  ipc.Server (Server.java:run(1153)) - IPC Server listener on 39940: starting
2019-10-01 13:47:54,973 [main] INFO  server.StorageContainerManager (StorageContainerManager.java:start(784)) - ScmDatanodeProtocl RPC server is listening at /0.0.0.0:37416
2019-10-01 13:47:54,973 [main] INFO  server.SCMDatanodeProtocolServer (SCMDatanodeProtocolServer.java:start(191)) - RPC server for DataNodes is listening at /0.0.0.0:37416
2019-10-01 13:47:54,974 [IPC Server Responder] INFO  ipc.Server (Server.java:run(1314)) - IPC Server Responder: starting
2019-10-01 13:47:54,974 [IPC Server listener on 37416] INFO  ipc.Server (Server.java:run(1153)) - IPC Server listener on 37416: starting
2019-10-01 13:47:54,978 [main] INFO  http.HttpServer2 (HttpServer2.java:bindListener(1191)) - Jetty bound to port 46744
2019-10-01 13:47:54,980 [main] INFO  server.Server (Server.java:doStart(351)) - jetty-9.3.25.v20180904, build timestamp: 2018-09-04T21:11:46Z, git hash: 3ce520221d0240229c862b122d2b06c12a625732
2019-10-01 13:47:55,019 [main] INFO  handler.ContextHandler (ContextHandler.java:doStart(781)) - Started o.e.j.s.ServletContextHandler@615091b8{/logs,file:///workdir/hadoop-ozone/integration-test/target/log,AVAILABLE}
2019-10-01 13:47:55,020 [main] INFO  handler.ContextHandler (ContextHandler.java:doStart(781)) - Started o.e.j.s.ServletContextHandler@4aa83f4f{/static,file:///workdir/hadoop-ozone/integration-test/target/test-classes/webapps/static,AVAILABLE}
2019-10-01 13:47:55,054 [main] INFO  handler.ContextHandler (ContextHandler.java:doStart(781)) - Started o.e.j.w.WebAppContext@3574e198{/,file:///workdir/hadoop-ozone/integration-test/target/test-classes/webapps/scm/,AVAILABLE}{/scm}
2019-10-01 13:47:55,060 [main] INFO  server.AbstractConnector (AbstractConnector.java:doStart(278)) - Started ServerConnector@3aa3193a{HTTP/1.1,[http/1.1]}{0.0.0.0:46744}
2019-10-01 13:47:55,061 [main] INFO  server.Server (Server.java:doStart(419)) - Started @2987ms
2019-10-01 13:47:55,063 [main] INFO  impl.MetricsSinkAdapter (MetricsSinkAdapter.java:start(204)) - Sink prometheus started
2019-10-01 13:47:55,063 [main] INFO  impl.MetricsSystemImpl (MetricsSystemImpl.java:registerSink(301)) - Registered sink prometheus
2019-10-01 13:47:55,065 [main] INFO  server.BaseHttpServer (BaseHttpServer.java:updateConnectorAddress(215)) - HTTP server of SCM is listening at http://0.0.0.0:46744
2019-10-01 13:47:55,070 [org.apache.hadoop.util.JvmPauseMonitor$Monitor@3b366632] INFO  util.JvmPauseMonitor (JvmPauseMonitor.java:run(188)) - Starting JVM pause monitor
2019-10-01 13:47:55,073 [main] WARN  server.ServerUtils (ServerUtils.java:getDBPath(222)) - ozone.om.db.dirs is not configured. We recommend adding this setting. Falling back to ozone.metadata.dirs instead.
2019-10-01 13:47:55,180 [main] WARN  server.ServerUtils (ServerUtils.java:getDBPath(222)) - ozone.om.db.dirs is not configured. We recommend adding this setting. Falling back to ozone.metadata.dirs instead.
2019-10-01 13:47:55,181 [main] WARN  server.ServerUtils (ServerUtils.java:getDBPath(222)) - ozone.om.db.dirs is not configured. We recommend adding this setting. Falling back to ozone.metadata.dirs instead.
2019-10-01 13:47:55,183 [main] INFO  om.OzoneManager (OzoneManager.java:setOMNodeDetails(652)) - OM Service ID is not set. Setting it to the default ID: omServiceIdDefault
2019-10-01 13:47:55,183 [main] INFO  om.OzoneManager (OzoneManager.java:setOMNodeDetails(658)) - OM Node ID is not set. Setting it to the OmStorage's OmID: bcafd34a-568d-4ca4-b756-47903f4546f5
2019-10-01 13:47:55,186 [main] INFO  om.OzoneManager (OzoneManager.java:loadOMHAConfigs(609)) - Found matching OM address with OMServiceId: null, OMNodeId: null, RPC Address: localhost:0 and Ratis port: 9872
2019-10-01 13:47:55,976 [main] WARN  server.ServerUtils (ServerUtils.java:getDBPath(222)) - ozone.om.db.dirs is not configured. We recommend adding this setting. Falling back to ozone.metadata.dirs instead.
2019-10-01 13:47:55,984 [main] INFO  db.DBStoreBuilder (DBStoreBuilder.java:addTable(110)) - using custom profile for table: userTable
2019-10-01 13:47:55,985 [main] INFO  db.DBStoreBuilder (DBStoreBuilder.java:processTables(161)) - Using default column profile:DBProfile.DISK for Table:userTable
2019-10-01 13:47:55,985 [main] INFO  db.DBStoreBuilder (DBStoreBuilder.java:addTable(110)) - using custom profile for table: volumeTable
2019-10-01 13:47:55,985 [main] INFO  db.DBStoreBuilder (DBStoreBuilder.java:processTables(161)) - Using default column profile:DBProfile.DISK for Table:volumeTable
2019-10-01 13:47:55,985 [main] INFO  db.DBStoreBuilder (DBStoreBuilder.java:addTable(110)) - using custom profile for table: bucketTable
2019-10-01 13:47:55,986 [main] INFO  db.DBStoreBuilder (DBStoreBuilder.java:processTables(161)) - Using default column profile:DBProfile.DISK for Table:bucketTable
2019-10-01 13:47:55,986 [main] INFO  db.DBStoreBuilder (DBStoreBuilder.java:addTable(110)) - using custom profile for table: keyTable
2019-10-01 13:47:55,986 [main] INFO  db.DBStoreBuilder (DBStoreBuilder.java:processTables(161)) - Using default column profile:DBProfile.DISK for Table:keyTable
2019-10-01 13:47:55,986 [main] INFO  db.DBStoreBuilder (DBStoreBuilder.java:addTable(110)) - using custom profile for table: deletedTable
2019-10-01 13:47:55,987 [main] INFO  db.DBStoreBuilder (DBStoreBuilder.java:processTables(161)) - Using default column profile:DBProfile.DISK for Table:deletedTable
2019-10-01 13:47:55,987 [main] INFO  db.DBStoreBuilder (DBStoreBuilder.java:addTable(110)) - using custom profile for table: openKeyTable
2019-10-01 13:47:55,987 [main] INFO  db.DBStoreBuilder (DBStoreBuilder.java:processTables(161)) - Using default column profile:DBProfile.DISK for Table:openKeyTable
2019-10-01 13:47:55,987 [main] INFO  db.DBStoreBuilder (DBStoreBuilder.java:addTable(110)) - using custom profile for table: s3Table
2019-10-01 13:47:55,988 [main] INFO  db.DBStoreBuilder (DBStoreBuilder.java:processTables(161)) - Using default column profile:DBProfile.DISK for Table:s3Table
2019-10-01 13:47:55,988 [main] INFO  db.DBStoreBuilder (DBStoreBuilder.java:addTable(110)) - using custom profile for table: multipartInfoTable
2019-10-01 13:47:55,988 [main] INFO  db.DBStoreBuilder (DBStoreBuilder.java:processTables(161)) - Using default column profile:DBProfile.DISK for Table:multipartInfoTable
2019-10-01 13:47:55,988 [main] INFO  db.DBStoreBuilder (DBStoreBuilder.java:addTable(110)) - using custom profile for table: dTokenTable
2019-10-01 13:47:55,989 [main] INFO  db.DBStoreBuilder (DBStoreBuilder.java:processTables(161)) - Using default column profile:DBProfile.DISK for Table:dTokenTable
2019-10-01 13:47:55,989 [main] INFO  db.DBStoreBuilder (DBStoreBuilder.java:addTable(110)) - using custom profile for table: s3SecretTable
2019-10-01 13:47:55,989 [main] INFO  db.DBStoreBuilder (DBStoreBuilder.java:processTables(161)) - Using default column profile:DBProfile.DISK for Table:s3SecretTable
2019-10-01 13:47:55,989 [main] INFO  db.DBStoreBuilder (DBStoreBuilder.java:addTable(110)) - using custom profile for table: prefixTable
2019-10-01 13:47:55,990 [main] INFO  db.DBStoreBuilder (DBStoreBuilder.java:processTables(161)) - Using default column profile:DBProfile.DISK for Table:prefixTable
2019-10-01 13:47:55,990 [main] INFO  db.DBStoreBuilder (DBStoreBuilder.java:addTable(110)) - using custom profile for table: default
2019-10-01 13:47:55,990 [main] INFO  db.DBStoreBuilder (DBStoreBuilder.java:processTables(167)) - Using default column profile:DBProfile.DISK for Table:default
2019-10-01 13:47:55,990 [main] INFO  db.DBStoreBuilder (DBStoreBuilder.java:getDbProfile(198)) - Using default options. DBProfile.DISK
2019-10-01 13:47:56,534 [KeyDeletingService#0] WARN  utils.BackgroundService (BackgroundService.java:lambda$run$0(135)) - Background task fails to execute, retrying in next interval
java.util.concurrent.ExecutionException: java.lang.NullPointerException
	at java.util.concurrent.FutureTask.report(FutureTask.java:122)
	at java.util.concurrent.FutureTask.get(FutureTask.java:206)
	at org.apache.hadoop.hdds.utils.BackgroundService$PeriodicalTask.lambda$run$0(BackgroundService.java:129)
	at java.util.stream.ForEachOps$ForEachOp$OfRef.accept(ForEachOps.java:184)
	at java.util.ArrayList$ArrayListSpliterator.forEachRemaining(ArrayList.java:1382)
	at java.util.stream.AbstractPipeline.copyInto(AbstractPipeline.java:482)
	at java.util.stream.ForEachOps$ForEachTask.compute(ForEachOps.java:291)
	at java.util.concurrent.CountedCompleter.exec(CountedCompleter.java:731)
	at java.util.concurrent.ForkJoinTask.doExec(ForkJoinTask.java:289)
	at java.util.concurrent.ForkJoinTask.doInvoke(ForkJoinTask.java:401)
	at java.util.concurrent.ForkJoinTask.invoke(ForkJoinTask.java:734)
	at java.util.stream.ForEachOps$ForEachOp.evaluateParallel(ForEachOps.java:160)
	at java.util.stream.ForEachOps$ForEachOp$OfRef.evaluateParallel(ForEachOps.java:174)
	at java.util.stream.AbstractPipeline.evaluate(AbstractPipeline.java:233)
	at java.util.stream.ReferencePipeline.forEach(ReferencePipeline.java:418)
	at java.util.stream.ReferencePipeline$Head.forEach(ReferencePipeline.java:583)
	at org.apache.hadoop.hdds.utils.BackgroundService$PeriodicalTask.run(BackgroundService.java:125)
	at java.util.concurrent.Executors$RunnableAdapter.call(Executors.java:511)
	at java.util.concurrent.FutureTask.runAndReset(FutureTask.java:308)
	at java.util.concurrent.ScheduledThreadPoolExecutor$ScheduledFutureTask.access$301(ScheduledThreadPoolExecutor.java:180)
	at java.util.concurrent.ScheduledThreadPoolExecutor$ScheduledFutureTask.run(ScheduledThreadPoolExecutor.java:294)
	at java.util.concurrent.ThreadPoolExecutor.runWorker(ThreadPoolExecutor.java:1149)
	at java.util.concurrent.ThreadPoolExecutor$Worker.run(ThreadPoolExecutor.java:624)
	at java.lang.Thread.run(Thread.java:748)
Caused by: java.lang.NullPointerException
	at org.apache.hadoop.ozone.om.OzoneManager.isLeader(OzoneManager.java:3430)
	at org.apache.hadoop.ozone.om.KeyDeletingService.shouldRun(KeyDeletingService.java:120)
	at org.apache.hadoop.ozone.om.KeyDeletingService.access$100(KeyDeletingService.java:58)
	at org.apache.hadoop.ozone.om.KeyDeletingService$KeyDeletingTask.call(KeyDeletingService.java:149)
	at org.apache.hadoop.ozone.om.KeyDeletingService$KeyDeletingTask.call(KeyDeletingService.java:137)
	at java.util.concurrent.FutureTask.run(FutureTask.java:266)
	at java.util.concurrent.Executors$RunnableAdapter.call(Executors.java:511)
	at java.util.concurrent.FutureTask.run(FutureTask.java:266)
	at java.util.concurrent.Executors$RunnableAdapter.call(Executors.java:511)
	at java.util.concurrent.FutureTask.run(FutureTask.java:266)
	at java.util.concurrent.ScheduledThreadPoolExecutor$ScheduledFutureTask.access$201(ScheduledThreadPoolExecutor.java:180)
	at java.util.concurrent.ScheduledThreadPoolExecutor$ScheduledFutureTask.run(ScheduledThreadPoolExecutor.java:293)
	... 3 more
2019-10-01 13:47:56,562 [main] WARN  scm.HddsServerUtil (HddsServerUtil.java:getDefaultRatisDirectory(354)) - Storage directory for Ratis is not configured. It is a good idea to map this to an SSD disk. Falling back to ozone.metadata.dirs
2019-10-01 13:47:56,586 [main] INFO  ratis.OzoneManagerRatisServer (OzoneManagerRatisServer.java:<init>(241)) - Instantiating OM Ratis server with GroupID: omServiceIdDefault and Raft Peers: localhost:9872
2019-10-01 13:47:56,764 [main] INFO  impl.RaftServerProxy (ConfUtils.java:logGet(43)) - raft.rpc.type = GRPC (default)
2019-10-01 13:47:56,842 [main] INFO  grpc.GrpcFactory (GrpcFactory.java:checkPooledByteBufAllocatorUseCacheForAllThreads(45)) - PERFORMANCE WARNING: useCacheForAllThreads is true that may cause Netty to create a lot garbage objects and, as a result, trigger GC.
	It is recommended to disable useCacheForAllThreads by setting -Dorg.apache.ratis.thirdparty.io.netty.allocator.useCacheForAllThreads=false in command line.
2019-10-01 13:47:56,847 [main] INFO  grpc.GrpcConfigKeys$Server (ConfUtils.java:logGet(43)) - raft.grpc.server.port = 9872 (custom)
2019-10-01 13:47:56,848 [main] INFO  server.GrpcService (ConfUtils.java:logGet(43)) - raft.grpc.message.size.max = 33554432 (custom)
2019-10-01 13:47:56,849 [main] INFO  server.RaftServerConfigKeys (ConfUtils.java:logGet(43)) - raft.server.log.appender.buffer.byte-limit = 33554432 (custom)
2019-10-01 13:47:56,850 [main] INFO  server.GrpcService (ConfUtils.java:logGet(43)) - raft.grpc.flow.control.window = 1MB (=1048576) (default)
2019-10-01 13:47:56,851 [main] INFO  server.RaftServerConfigKeys (ConfUtils.java:logGet(43)) - raft.server.rpc.request.timeout = 3000ms (default)
2019-10-01 13:47:57,012 [main] INFO  server.RaftServerConfigKeys (ConfUtils.java:logGet(43)) - raft.server.storage.dir = [/workdir/hadoop-ozone/integration-test/target/test-dir/MiniOzoneClusterImpl-c454a207-f4f8-4ee2-a371-1771be9b0699/ozone-meta/ratis] (custom)
2019-10-01 13:47:57,018 [main] INFO  impl.RaftServerProxy (RaftServerProxy.java:addNew(89)) - bcafd34a-568d-4ca4-b756-47903f4546f5: addNew group-C5BA1605619E:[bcafd34a-568d-4ca4-b756-47903f4546f5:localhost:9872] returns group-C5BA1605619E:java.util.concurrent.CompletableFuture@10bd9df0[Not completed]
2019-10-01 13:47:57,020 [main] INFO  om.OzoneManager (OzoneManager.java:initializeRatisServer(1389)) - OzoneManager Ratis server initialized at port 9872
2019-10-01 13:47:57,022 [main] WARN  scm.HddsServerUtil (HddsServerUtil.java:getDefaultRatisDirectory(354)) - Storage directory for Ratis is not configured. It is a good idea to map this to an SSD disk. Falling back to ozone.metadata.dirs
2019-10-01 13:47:57,023 [main] WARN  scm.HddsServerUtil (HddsServerUtil.java:getDefaultRatisDirectory(354)) - Storage directory for Ratis is not configured. It is a good idea to map this to an SSD disk. Falling back to ozone.metadata.dirs
2019-10-01 13:47:57,037 [pool-22-thread-1] INFO  impl.RaftServerImpl (RaftServerImpl.java:<init>(95)) - bcafd34a-568d-4ca4-b756-47903f4546f5: new RaftServerImpl for group-C5BA1605619E:[bcafd34a-568d-4ca4-b756-47903f4546f5:localhost:9872] with OzoneManagerStateMachine:uninitialized
2019-10-01 13:47:57,039 [main] INFO  ipc.CallQueueManager (CallQueueManager.java:<init>(84)) - Using callQueue: class java.util.concurrent.LinkedBlockingQueue, queueCapacity: 2000, scheduler: class org.apache.hadoop.ipc.DefaultRpcScheduler, ipcBackoff: false.
2019-10-01 13:47:57,040 [pool-22-thread-1] INFO  server.RaftServerConfigKeys (ConfUtils.java:logGet(43)) - raft.server.rpc.timeout.min = 1s (custom)
2019-10-01 13:47:57,041 [Socket Reader #1 for port 43317] INFO  ipc.Server (Server.java:run(1074)) - Starting Socket Reader #1 for port 43317
2019-10-01 13:47:57,041 [pool-22-thread-1] INFO  server.RaftServerConfigKeys (ConfUtils.java:logGet(43)) - raft.server.rpc.timeout.max = 1200ms (custom)
2019-10-01 13:47:57,042 [pool-22-thread-1] INFO  server.RaftServerConfigKeys (ConfUtils.java:logGet(43)) - raft.server.rpcslowness.timeout = 120s (custom)
2019-10-01 13:47:57,043 [pool-22-thread-1] INFO  server.RaftServerConfigKeys (ConfUtils.java:logGet(43)) - raft.server.sleep.deviation.threshold = 300 (default)
2019-10-01 13:47:57,044 [pool-22-thread-1] INFO  server.RaftServerConfigKeys (ConfUtils.java:logGet(43)) - raft.server.log.appender.install.snapshot.enabled = false (custom)
2019-10-01 13:47:57,055 [pool-22-thread-1] INFO  impl.RaftServerImpl (ServerState.java:<init>(103)) - bcafd34a-568d-4ca4-b756-47903f4546f5@group-C5BA1605619E: ConfigurationManager, init=-1: [bcafd34a-568d-4ca4-b756-47903f4546f5:localhost:9872], old=null, confs=<EMPTY_MAP>
2019-10-01 13:47:57,056 [pool-22-thread-1] INFO  server.RaftServerConfigKeys (ConfUtils.java:logGet(43)) - raft.server.storage.dir = [/workdir/hadoop-ozone/integration-test/target/test-dir/MiniOzoneClusterImpl-c454a207-f4f8-4ee2-a371-1771be9b0699/ozone-meta/ratis] (custom)
2019-10-01 13:47:57,064 [main] INFO  om.OzoneManager (OzoneManager.java:start(1243)) - OzoneManager RPC server is listening at localhost/127.0.0.1:43317
2019-10-01 13:47:57,064 [main] INFO  impl.MetricsSystemImpl (MetricsSystemImpl.java:init(158)) - OzoneManager metrics system started (again)
2019-10-01 13:47:57,064 [main] INFO  ratis.OzoneManagerRatisServer (OzoneManagerRatisServer.java:start(331)) - Starting OzoneManagerRatisServer bcafd34a-568d-4ca4-b756-47903f4546f5 at port 9872
2019-10-01 13:47:57,070 [pool-22-thread-1] INFO  storage.RaftStorageDirectory (RaftStorageDirectory.java:analyzeStorage(246)) - The storage directory /workdir/hadoop-ozone/integration-test/target/test-dir/MiniOzoneClusterImpl-c454a207-f4f8-4ee2-a371-1771be9b0699/ozone-meta/ratis/bf265839-605b-3f16-9796-c5ba1605619e does not exist. Creating ...
2019-10-01 13:47:57,089 [pool-22-thread-1] INFO  storage.RaftStorageDirectory (RaftStorageDirectory.java:tryLock(328)) - Lock on /workdir/hadoop-ozone/integration-test/target/test-dir/MiniOzoneClusterImpl-c454a207-f4f8-4ee2-a371-1771be9b0699/ozone-meta/ratis/bf265839-605b-3f16-9796-c5ba1605619e/in_use.lock acquired by nodename 29402@pr-trunk-878pl-325597374
2019-10-01 13:47:57,105 [pool-22-thread-1] INFO  storage.RaftStorage (RaftStorage.java:format(72)) - Storage directory /workdir/hadoop-ozone/integration-test/target/test-dir/MiniOzoneClusterImpl-c454a207-f4f8-4ee2-a371-1771be9b0699/ozone-meta/ratis/bf265839-605b-3f16-9796-c5ba1605619e has been successfully formatted.
2019-10-01 13:47:57,109 [pool-22-thread-1] INFO  server.RaftServerConfigKeys (ConfUtils.java:logGet(43)) - raft.server.notification.no-leader.timeout = 120s (custom)
2019-10-01 13:47:57,113 [pool-22-thread-1] INFO  server.RaftServerConfigKeys (ConfUtils.java:logGet(43)) - raft.server.log.use.memory = false (default)
2019-10-01 13:47:57,120 [pool-22-thread-1] INFO  server.RaftServerConfigKeys (ConfUtils.java:logGet(43)) - raft.server.log.purge.gap = 1000000 (custom)
2019-10-01 13:47:57,121 [pool-22-thread-1] INFO  server.RaftServerConfigKeys (ConfUtils.java:logGet(43)) - raft.server.log.appender.buffer.byte-limit = 33554432 (custom)
2019-10-01 13:47:57,123 [pool-22-thread-1] INFO  server.RaftServerConfigKeys (ConfUtils.java:logGet(43)) - raft.server.log.segment.size.max = 16384 (custom)
2019-10-01 13:47:57,128 [pool-22-thread-1] INFO  server.RaftServerConfigKeys (ConfUtils.java:logGet(43)) - raft.server.log.segment.cache.num.max = 2 (custom)
2019-10-01 13:47:57,134 [pool-22-thread-1] INFO  segmented.SegmentedRaftLogWorker (SegmentedRaftLogWorker.java:<init>(172)) - new bcafd34a-568d-4ca4-b756-47903f4546f5@group-C5BA1605619E-SegmentedRaftLogWorker for RaftStorage:Storage Directory /workdir/hadoop-ozone/integration-test/target/test-dir/MiniOzoneClusterImpl-c454a207-f4f8-4ee2-a371-1771be9b0699/ozone-meta/ratis/bf265839-605b-3f16-9796-c5ba1605619e
2019-10-01 13:47:57,136 [pool-22-thread-1] INFO  impl.MetricsSystemImpl (MetricsSystemImpl.java:init(158)) - ratis metrics system started (again)
2019-10-01 13:47:57,166 [pool-22-thread-1] INFO  metrics.MetricRegistries (MetricRegistriesLoader.java:load(64)) - Loaded MetricRegistries class org.apache.ratis.metrics.impl.MetricRegistriesImpl
2019-10-01 13:47:57,213 [pool-22-thread-1] INFO  server.RaftServerConfigKeys (ConfUtils.java:logGet(43)) - raft.server.log.queue.byte-limit = 64MB (=67108864) (default)
2019-10-01 13:47:57,214 [pool-22-thread-1] INFO  server.RaftServerConfigKeys (ConfUtils.java:logGet(43)) - raft.server.log.queue.element-limit = 4096 (default)
2019-10-01 13:47:57,218 [pool-22-thread-1] INFO  server.RaftServerConfigKeys (ConfUtils.java:logGet(43)) - raft.server.log.segment.size.max = 16384 (custom)
2019-10-01 13:47:57,219 [pool-22-thread-1] INFO  server.RaftServerConfigKeys (ConfUtils.java:logGet(43)) - raft.server.log.preallocated.size = 16384 (custom)
2019-10-01 13:47:57,219 [pool-22-thread-1] INFO  server.RaftServerConfigKeys (ConfUtils.java:logGet(43)) - raft.server.log.write.buffer.size = 64KB (=65536) (default)
2019-10-01 13:47:57,220 [pool-22-thread-1] INFO  server.RaftServerConfigKeys (ConfUtils.java:logGet(43)) - raft.server.log.force.sync.num = 128 (default)
2019-10-01 13:47:57,222 [pool-22-thread-1] INFO  server.RaftServerConfigKeys (ConfUtils.java:logGet(43)) - raft.server.log.statemachine.data.sync = true (default)
2019-10-01 13:47:57,222 [pool-22-thread-1] INFO  server.RaftServerConfigKeys (ConfUtils.java:logGet(43)) - raft.server.log.statemachine.data.sync.timeout = 10s (default)
2019-10-01 13:47:57,223 [pool-22-thread-1] INFO  server.RaftServerConfigKeys (ConfUtils.java:logGet(43)) - raft.server.log.statemachine.data.sync.timeout.retry = -1 (default)
2019-10-01 13:47:57,236 [pool-22-thread-1] INFO  server.RaftServerConfigKeys (ConfUtils.java:logGet(43)) - raft.server.log.statemachine.data.caching.enabled = false (default)
2019-10-01 13:47:57,242 [pool-22-thread-1] INFO  segmented.SegmentedRaftLogWorker (SegmentedRaftLogWorker.java:lambda$new$0(132)) - bcafd34a-568d-4ca4-b756-47903f4546f5@group-C5BA1605619E-SegmentedRaftLogWorker: flushIndex: setUnconditionally 0 -> -1
2019-10-01 13:47:57,248 [pool-22-thread-1] INFO  server.RaftServerConfigKeys (ConfUtils.java:logGet(43)) - raft.server.snapshot.auto.trigger.enabled = true (custom)
2019-10-01 13:47:57,249 [pool-22-thread-1] INFO  server.RaftServerConfigKeys (ConfUtils.java:logGet(43)) - raft.server.snapshot.auto.trigger.threshold = 400000 (default)
2019-10-01 13:47:57,252 [pool-22-thread-1] INFO  server.RaftServerConfigKeys (ConfUtils.java:logGet(43)) - raft.server.snapshot.retention.num.files = -1 (default)
2019-10-01 13:47:57,253 [pool-22-thread-1] INFO  server.RaftServerConfigKeys (ConfUtils.java:logGet(43)) - raft.server.retrycache.expirytime = 600000ms (custom)
2019-10-01 13:47:57,284 [main] INFO  impl.RaftServerImpl (RaftServerImpl.java:start(185)) - bcafd34a-568d-4ca4-b756-47903f4546f5@group-C5BA1605619E: start as a follower, conf=-1: [bcafd34a-568d-4ca4-b756-47903f4546f5:localhost:9872], old=null
2019-10-01 13:47:57,288 [main] INFO  impl.RaftServerImpl (RaftServerImpl.java:setRole(174)) - bcafd34a-568d-4ca4-b756-47903f4546f5@group-C5BA1605619E: changes role from      null to FOLLOWER at term 0 for startAsFollower
2019-10-01 13:47:57,290 [main] INFO  impl.RoleInfo (RoleInfo.java:updateAndGet(143)) - bcafd34a-568d-4ca4-b756-47903f4546f5: start FollowerState
2019-10-01 13:47:57,293 [main] INFO  util.JmxRegister (JmxRegister.java:tryRegister(44)) - Successfully registered JMX Bean with object name Ratis:service=RaftServer,group=group-C5BA1605619E,id=bcafd34a-568d-4ca4-b756-47903f4546f5
2019-10-01 13:47:57,295 [main] INFO  impl.RaftServerProxy (RaftServerProxy.java:lambda$start$3(299)) - bcafd34a-568d-4ca4-b756-47903f4546f5: start RPC server
2019-10-01 13:47:57,427 [main] INFO  server.GrpcService (GrpcService.java:startImpl(158)) - bcafd34a-568d-4ca4-b756-47903f4546f5: GrpcService started, listening on 0.0.0.0/0.0.0.0:9872
2019-10-01 13:47:57,441 [IPC Server listener on 43317] INFO  ipc.Server (Server.java:run(1153)) - IPC Server listener on 43317: starting
2019-10-01 13:47:57,441 [IPC Server Responder] INFO  ipc.Server (Server.java:run(1314)) - IPC Server Responder: starting
2019-10-01 13:47:57,449 [main] INFO  hdfs.DFSUtil (DFSUtil.java:httpServerTemplateForNNAndJN(1641)) - Starting Web-server for ozoneManager at: http://0.0.0.0:0
2019-10-01 13:47:57,451 [main] INFO  server.AuthenticationFilter (AuthenticationFilter.java:constructSecretProvider(240)) - Unable to initialize FileSignerSecretProvider, falling back to use random secrets.
2019-10-01 13:47:57,452 [main] WARN  http.HttpRequestLog (HttpRequestLog.java:getRequestLog(97)) - Jetty request log can only be enabled using Log4j
2019-10-01 13:47:57,454 [main] INFO  http.HttpServer2 (HttpServer2.java:addGlobalFilter(975)) - Added global filter 'safety' (class=org.apache.hadoop.http.HttpServer2$QuotingInputFilter)
2019-10-01 13:47:57,455 [main] INFO  http.HttpServer2 (HttpServer2.java:addFilter(948)) - Added filter static_user_filter (class=org.apache.hadoop.http.lib.StaticUserWebFilter$StaticUserFilter) to context ozoneManager
2019-10-01 13:47:57,455 [main] INFO  http.HttpServer2 (HttpServer2.java:addFilter(958)) - Added filter static_user_filter (class=org.apache.hadoop.http.lib.StaticUserWebFilter$StaticUserFilter) to context logs
2019-10-01 13:47:57,456 [main] INFO  http.HttpServer2 (HttpServer2.java:addFilter(958)) - Added filter static_user_filter (class=org.apache.hadoop.http.lib.StaticUserWebFilter$StaticUserFilter) to context static
2019-10-01 13:47:57,458 [main] INFO  http.HttpServer2 (HttpServer2.java:bindListener(1191)) - Jetty bound to port 39114
2019-10-01 13:47:57,458 [main] INFO  server.Server (Server.java:doStart(351)) - jetty-9.3.25.v20180904, build timestamp: 2018-09-04T21:11:46Z, git hash: 3ce520221d0240229c862b122d2b06c12a625732
2019-10-01 13:47:57,461 [main] INFO  handler.ContextHandler (ContextHandler.java:doStart(781)) - Started o.e.j.s.ServletContextHandler@59d77850{/logs,file:///workdir/hadoop-ozone/integration-test/target/log,AVAILABLE}
2019-10-01 13:47:57,461 [main] INFO  handler.ContextHandler (ContextHandler.java:doStart(781)) - Started o.e.j.s.ServletContextHandler@60859f5a{/static,file:///workdir/hadoop-ozone/integration-test/target/test-classes/webapps/static,AVAILABLE}
2019-10-01 13:47:57,466 [main] INFO  handler.ContextHandler (ContextHandler.java:doStart(781)) - Started o.e.j.w.WebAppContext@66420549{/,file:///workdir/hadoop-ozone/integration-test/target/test-classes/webapps/ozoneManager/,AVAILABLE}{/ozoneManager}
2019-10-01 13:47:57,467 [main] INFO  server.AbstractConnector (AbstractConnector.java:doStart(278)) - Started ServerConnector@15dc339f{HTTP/1.1,[http/1.1]}{0.0.0.0:39114}
2019-10-01 13:47:57,467 [main] INFO  server.Server (Server.java:doStart(419)) - Started @5394ms
2019-10-01 13:47:57,469 [main] WARN  impl.MetricsSystemImpl (MetricsSystemImpl.java:register(276)) - Sink prometheus already exists!
2019-10-01 13:47:57,469 [main] INFO  server.BaseHttpServer (BaseHttpServer.java:updateConnectorAddress(215)) - HTTP server of OZONEMANAGER is listening at http://0.0.0.0:39114
2019-10-01 13:47:57,638 [main] INFO  impl.MetricsSystemImpl (MetricsSystemImpl.java:init(158)) - HddsDatanode metrics system started (again)
2019-10-01 13:47:57,687 [main] INFO  ozone.HddsDatanodeService (HddsDatanodeService.java:start(184)) - HddsDatanodeService host:pr-trunk-878pl-325597374 ip:192.168.151.103
2019-10-01 13:47:57,721 [main] INFO  volume.HddsVolume (HddsVolume.java:<init>(176)) - Creating Volume: /workdir/hadoop-ozone/integration-test/target/test-dir/MiniOzoneClusterImpl-c454a207-f4f8-4ee2-a371-1771be9b0699/datanode-0/data/containers/hdds of  storage type : DISK and capacity : 1482555576320
2019-10-01 13:47:57,722 [main] INFO  volume.VolumeSet (VolumeSet.java:initializeVolumeSet(170)) - Added Volume : /workdir/hadoop-ozone/integration-test/target/test-dir/MiniOzoneClusterImpl-c454a207-f4f8-4ee2-a371-1771be9b0699/datanode-0/data/containers/hdds to VolumeSet
2019-10-01 13:47:57,726 [main] INFO  volume.ThrottledAsyncChecker (ThrottledAsyncChecker.java:schedule(139)) - Scheduling a check for org.apache.hadoop.ozone.container.common.volume.HddsVolume@25ad4f71
2019-10-01 13:47:57,742 [main] INFO  volume.HddsVolumeChecker (HddsVolumeChecker.java:checkAllVolumes(202)) - Scheduled health check for volume org.apache.hadoop.ozone.container.common.volume.HddsVolume@25ad4f71
2019-10-01 13:47:57,797 [main] INFO  impl.RaftServerProxy (ConfUtils.java:logGet(43)) - raft.rpc.type = GRPC (default)
2019-10-01 13:47:57,797 [main] INFO  grpc.GrpcFactory (GrpcFactory.java:checkPooledByteBufAllocatorUseCacheForAllThreads(45)) - PERFORMANCE WARNING: useCacheForAllThreads is true that may cause Netty to create a lot garbage objects and, as a result, trigger GC.
	It is recommended to disable useCacheForAllThreads by setting -Dorg.apache.ratis.thirdparty.io.netty.allocator.useCacheForAllThreads=false in command line.
2019-10-01 13:47:57,798 [main] INFO  grpc.GrpcConfigKeys$Server (ConfUtils.java:logGet(43)) - raft.grpc.server.port = 0 (default)
2019-10-01 13:47:57,798 [main] INFO  server.GrpcService (ConfUtils.java:logGet(43)) - raft.grpc.message.size.max = 33570816 (custom)
2019-10-01 13:47:57,798 [main] INFO  server.RaftServerConfigKeys (ConfUtils.java:logGet(43)) - raft.server.log.appender.buffer.byte-limit = 33554432 (custom)
2019-10-01 13:47:57,799 [main] INFO  server.GrpcService (ConfUtils.java:logGet(43)) - raft.grpc.flow.control.window = 1MB (=1048576) (default)
2019-10-01 13:47:57,799 [main] INFO  server.RaftServerConfigKeys (ConfUtils.java:logGet(43)) - raft.server.rpc.request.timeout = 3000ms (default)
2019-10-01 13:47:57,800 [main] INFO  server.RaftServerConfigKeys (ConfUtils.java:logGet(43)) - raft.server.storage.dir = [/workdir/hadoop-ozone/integration-test/target/test-dir/MiniOzoneClusterImpl-c454a207-f4f8-4ee2-a371-1771be9b0699/datanode-0/data/ratis] (custom)
2019-10-01 13:47:57,865 [main] INFO  hdfs.DFSUtil (DFSUtil.java:httpServerTemplateForNNAndJN(1641)) - Starting Web-server for hddsDatanode at: http://0.0.0.0:0
2019-10-01 13:47:57,867 [main] INFO  server.AuthenticationFilter (AuthenticationFilter.java:constructSecretProvider(240)) - Unable to initialize FileSignerSecretProvider, falling back to use random secrets.
2019-10-01 13:47:57,868 [main] WARN  http.HttpRequestLog (HttpRequestLog.java:getRequestLog(97)) - Jetty request log can only be enabled using Log4j
2019-10-01 13:47:57,869 [main] INFO  http.HttpServer2 (HttpServer2.java:addGlobalFilter(975)) - Added global filter 'safety' (class=org.apache.hadoop.http.HttpServer2$QuotingInputFilter)
2019-10-01 13:47:57,870 [main] INFO  http.HttpServer2 (HttpServer2.java:addFilter(948)) - Added filter static_user_filter (class=org.apache.hadoop.http.lib.StaticUserWebFilter$StaticUserFilter) to context hddsDatanode
2019-10-01 13:47:57,870 [main] INFO  http.HttpServer2 (HttpServer2.java:addFilter(958)) - Added filter static_user_filter (class=org.apache.hadoop.http.lib.StaticUserWebFilter$StaticUserFilter) to context static
2019-10-01 13:47:57,871 [main] INFO  http.HttpServer2 (HttpServer2.java:addFilter(958)) - Added filter static_user_filter (class=org.apache.hadoop.http.lib.StaticUserWebFilter$StaticUserFilter) to context logs
2019-10-01 13:47:57,871 [main] INFO  http.HttpServer2 (HttpServer2.java:bindListener(1191)) - Jetty bound to port 45473
2019-10-01 13:47:57,872 [main] INFO  server.Server (Server.java:doStart(351)) - jetty-9.3.25.v20180904, build timestamp: 2018-09-04T21:11:46Z, git hash: 3ce520221d0240229c862b122d2b06c12a625732
2019-10-01 13:47:57,874 [main] INFO  handler.ContextHandler (ContextHandler.java:doStart(781)) - Started o.e.j.s.ServletContextHandler@1caa9eb6{/logs,file:///workdir/hadoop-ozone/integration-test/target/log,AVAILABLE}
2019-10-01 13:47:57,874 [main] INFO  handler.ContextHandler (ContextHandler.java:doStart(781)) - Started o.e.j.s.ServletContextHandler@2fcd7d3f{/static,jar:file:/home/user/.m2/repository/org/apache/hadoop/hadoop-hdds-container-service/0.5.0-SNAPSHOT/hadoop-hdds-container-service-0.5.0-SNAPSHOT.jar!/webapps/static,AVAILABLE}
2019-10-01 13:47:57,908 [main] INFO  handler.ContextHandler (ContextHandler.java:doStart(781)) - Started o.e.j.w.WebAppContext@765ffb14{/,file:///tmp/jetty-0.0.0.0-45473-hddsDatanode-_-any-952186213134467193.dir/webapp/,AVAILABLE}{/hddsDatanode}
2019-10-01 13:47:57,908 [main] INFO  server.AbstractConnector (AbstractConnector.java:doStart(278)) - Started ServerConnector@57562473{HTTP/1.1,[http/1.1]}{0.0.0.0:45473}
2019-10-01 13:47:57,909 [main] INFO  server.Server (Server.java:doStart(419)) - Started @5836ms
2019-10-01 13:47:57,910 [main] WARN  impl.MetricsSystemImpl (MetricsSystemImpl.java:register(276)) - Sink prometheus already exists!
2019-10-01 13:47:57,911 [main] INFO  server.BaseHttpServer (BaseHttpServer.java:updateConnectorAddress(215)) - HTTP server of HDDSDATANODE is listening at http://0.0.0.0:45473
2019-10-01 13:47:57,913 [main] INFO  impl.MetricsSystemImpl (MetricsSystemImpl.java:init(158)) - HddsDatanode metrics system started (again)
2019-10-01 13:47:57,917 [main] INFO  ozone.HddsDatanodeService (HddsDatanodeService.java:start(184)) - HddsDatanodeService host:pr-trunk-878pl-325597374 ip:192.168.151.103
2019-10-01 13:47:57,919 [org.apache.hadoop.util.JvmPauseMonitor$Monitor@546dccd] INFO  util.JvmPauseMonitor (JvmPauseMonitor.java:run(188)) - Starting JVM pause monitor
2019-10-01 13:47:57,927 [main] INFO  volume.HddsVolume (HddsVolume.java:<init>(176)) - Creating Volume: /workdir/hadoop-ozone/integration-test/target/test-dir/MiniOzoneClusterImpl-c454a207-f4f8-4ee2-a371-1771be9b0699/datanode-1/data/containers/hdds of  storage type : DISK and capacity : 1482555576320
2019-10-01 13:47:57,928 [main] INFO  volume.VolumeSet (VolumeSet.java:initializeVolumeSet(170)) - Added Volume : /workdir/hadoop-ozone/integration-test/target/test-dir/MiniOzoneClusterImpl-c454a207-f4f8-4ee2-a371-1771be9b0699/datanode-1/data/containers/hdds to VolumeSet
2019-10-01 13:47:57,929 [main] INFO  volume.ThrottledAsyncChecker (ThrottledAsyncChecker.java:schedule(139)) - Scheduling a check for org.apache.hadoop.ozone.container.common.volume.HddsVolume@4e49ce2b
2019-10-01 13:47:57,930 [main] INFO  volume.HddsVolumeChecker (HddsVolumeChecker.java:checkAllVolumes(202)) - Scheduled health check for volume org.apache.hadoop.ozone.container.common.volume.HddsVolume@4e49ce2b
2019-10-01 13:47:57,957 [main] INFO  impl.RaftServerProxy (ConfUtils.java:logGet(43)) - raft.rpc.type = GRPC (default)
2019-10-01 13:47:57,958 [main] INFO  grpc.GrpcFactory (GrpcFactory.java:checkPooledByteBufAllocatorUseCacheForAllThreads(45)) - PERFORMANCE WARNING: useCacheForAllThreads is true that may cause Netty to create a lot garbage objects and, as a result, trigger GC.
	It is recommended to disable useCacheForAllThreads by setting -Dorg.apache.ratis.thirdparty.io.netty.allocator.useCacheForAllThreads=false in command line.
2019-10-01 13:47:57,958 [main] INFO  grpc.GrpcConfigKeys$Server (ConfUtils.java:logGet(43)) - raft.grpc.server.port = 0 (default)
2019-10-01 13:47:57,959 [main] INFO  server.GrpcService (ConfUtils.java:logGet(43)) - raft.grpc.message.size.max = 33570816 (custom)
2019-10-01 13:47:57,960 [main] INFO  server.RaftServerConfigKeys (ConfUtils.java:logGet(43)) - raft.server.log.appender.buffer.byte-limit = 33554432 (custom)
2019-10-01 13:47:57,960 [main] INFO  server.GrpcService (ConfUtils.java:logGet(43)) - raft.grpc.flow.control.window = 1MB (=1048576) (default)
2019-10-01 13:47:57,961 [main] INFO  server.RaftServerConfigKeys (ConfUtils.java:logGet(43)) - raft.server.rpc.request.timeout = 3000ms (default)
2019-10-01 13:47:57,962 [main] INFO  server.RaftServerConfigKeys (ConfUtils.java:logGet(43)) - raft.server.storage.dir = [/workdir/hadoop-ozone/integration-test/target/test-dir/MiniOzoneClusterImpl-c454a207-f4f8-4ee2-a371-1771be9b0699/datanode-1/data/ratis] (custom)
2019-10-01 13:47:57,965 [main] INFO  hdfs.DFSUtil (DFSUtil.java:httpServerTemplateForNNAndJN(1641)) - Starting Web-server for hddsDatanode at: http://0.0.0.0:0
2019-10-01 13:47:57,967 [main] INFO  server.AuthenticationFilter (AuthenticationFilter.java:constructSecretProvider(240)) - Unable to initialize FileSignerSecretProvider, falling back to use random secrets.
2019-10-01 13:47:57,969 [main] WARN  http.HttpRequestLog (HttpRequestLog.java:getRequestLog(97)) - Jetty request log can only be enabled using Log4j
2019-10-01 13:47:57,972 [main] INFO  http.HttpServer2 (HttpServer2.java:addGlobalFilter(975)) - Added global filter 'safety' (class=org.apache.hadoop.http.HttpServer2$QuotingInputFilter)
2019-10-01 13:47:57,973 [main] INFO  http.HttpServer2 (HttpServer2.java:addFilter(948)) - Added filter static_user_filter (class=org.apache.hadoop.http.lib.StaticUserWebFilter$StaticUserFilter) to context hddsDatanode
2019-10-01 13:47:57,973 [main] INFO  http.HttpServer2 (HttpServer2.java:addFilter(958)) - Added filter static_user_filter (class=org.apache.hadoop.http.lib.StaticUserWebFilter$StaticUserFilter) to context static
2019-10-01 13:47:57,973 [main] INFO  http.HttpServer2 (HttpServer2.java:addFilter(958)) - Added filter static_user_filter (class=org.apache.hadoop.http.lib.StaticUserWebFilter$StaticUserFilter) to context logs
2019-10-01 13:47:57,974 [main] INFO  http.HttpServer2 (HttpServer2.java:bindListener(1191)) - Jetty bound to port 35859
2019-10-01 13:47:57,975 [main] INFO  server.Server (Server.java:doStart(351)) - jetty-9.3.25.v20180904, build timestamp: 2018-09-04T21:11:46Z, git hash: 3ce520221d0240229c862b122d2b06c12a625732
2019-10-01 13:47:57,981 [main] INFO  handler.ContextHandler (ContextHandler.java:doStart(781)) - Started o.e.j.s.ServletContextHandler@429f7919{/logs,file:///workdir/hadoop-ozone/integration-test/target/log,AVAILABLE}
2019-10-01 13:47:57,982 [main] INFO  handler.ContextHandler (ContextHandler.java:doStart(781)) - Started o.e.j.s.ServletContextHandler@cda6019{/static,jar:file:/home/user/.m2/repository/org/apache/hadoop/hadoop-hdds-container-service/0.5.0-SNAPSHOT/hadoop-hdds-container-service-0.5.0-SNAPSHOT.jar!/webapps/static,AVAILABLE}
2019-10-01 13:47:58,017 [main] INFO  handler.ContextHandler (ContextHandler.java:doStart(781)) - Started o.e.j.w.WebAppContext@707b1a44{/,file:///tmp/jetty-0.0.0.0-35859-hddsDatanode-_-any-8203547980283415181.dir/webapp/,AVAILABLE}{/hddsDatanode}
2019-10-01 13:47:58,018 [main] INFO  server.AbstractConnector (AbstractConnector.java:doStart(278)) - Started ServerConnector@7132a9dc{HTTP/1.1,[http/1.1]}{0.0.0.0:35859}
2019-10-01 13:47:58,020 [main] INFO  server.Server (Server.java:doStart(419)) - Started @5946ms
2019-10-01 13:47:58,020 [main] WARN  impl.MetricsSystemImpl (MetricsSystemImpl.java:register(276)) - Sink prometheus already exists!
2019-10-01 13:47:58,021 [main] INFO  server.BaseHttpServer (BaseHttpServer.java:updateConnectorAddress(215)) - HTTP server of HDDSDATANODE is listening at http://0.0.0.0:35859
2019-10-01 13:47:58,021 [main] INFO  impl.MetricsSystemImpl (MetricsSystemImpl.java:init(158)) - HddsDatanode metrics system started (again)
2019-10-01 13:47:58,025 [org.apache.hadoop.util.JvmPauseMonitor$Monitor@94f1751] INFO  util.JvmPauseMonitor (JvmPauseMonitor.java:run(188)) - Starting JVM pause monitor
2019-10-01 13:47:58,027 [main] INFO  ozone.HddsDatanodeService (HddsDatanodeService.java:start(184)) - HddsDatanodeService host:pr-trunk-878pl-325597374 ip:192.168.151.103
2019-10-01 13:47:58,036 [main] INFO  volume.HddsVolume (HddsVolume.java:<init>(176)) - Creating Volume: /workdir/hadoop-ozone/integration-test/target/test-dir/MiniOzoneClusterImpl-c454a207-f4f8-4ee2-a371-1771be9b0699/datanode-2/data/containers/hdds of  storage type : DISK and capacity : 1482555576320
2019-10-01 13:47:58,037 [main] INFO  volume.VolumeSet (VolumeSet.java:initializeVolumeSet(170)) - Added Volume : /workdir/hadoop-ozone/integration-test/target/test-dir/MiniOzoneClusterImpl-c454a207-f4f8-4ee2-a371-1771be9b0699/datanode-2/data/containers/hdds to VolumeSet
2019-10-01 13:47:58,037 [main] INFO  volume.ThrottledAsyncChecker (ThrottledAsyncChecker.java:schedule(139)) - Scheduling a check for org.apache.hadoop.ozone.container.common.volume.HddsVolume@7654f833
2019-10-01 13:47:58,038 [main] INFO  volume.HddsVolumeChecker (HddsVolumeChecker.java:checkAllVolumes(202)) - Scheduled health check for volume org.apache.hadoop.ozone.container.common.volume.HddsVolume@7654f833
2019-10-01 13:47:58,058 [main] INFO  impl.RaftServerProxy (ConfUtils.java:logGet(43)) - raft.rpc.type = GRPC (default)
2019-10-01 13:47:58,059 [main] INFO  grpc.GrpcFactory (GrpcFactory.java:checkPooledByteBufAllocatorUseCacheForAllThreads(45)) - PERFORMANCE WARNING: useCacheForAllThreads is true that may cause Netty to create a lot garbage objects and, as a result, trigger GC.
	It is recommended to disable useCacheForAllThreads by setting -Dorg.apache.ratis.thirdparty.io.netty.allocator.useCacheForAllThreads=false in command line.
2019-10-01 13:47:58,059 [main] INFO  grpc.GrpcConfigKeys$Server (ConfUtils.java:logGet(43)) - raft.grpc.server.port = 0 (default)
2019-10-01 13:47:58,059 [main] INFO  server.GrpcService (ConfUtils.java:logGet(43)) - raft.grpc.message.size.max = 33570816 (custom)
2019-10-01 13:47:58,060 [main] INFO  server.RaftServerConfigKeys (ConfUtils.java:logGet(43)) - raft.server.log.appender.buffer.byte-limit = 33554432 (custom)
2019-10-01 13:47:58,060 [main] INFO  server.GrpcService (ConfUtils.java:logGet(43)) - raft.grpc.flow.control.window = 1MB (=1048576) (default)
2019-10-01 13:47:58,060 [main] INFO  server.RaftServerConfigKeys (ConfUtils.java:logGet(43)) - raft.server.rpc.request.timeout = 3000ms (default)
2019-10-01 13:47:58,062 [main] INFO  server.RaftServerConfigKeys (ConfUtils.java:logGet(43)) - raft.server.storage.dir = [/workdir/hadoop-ozone/integration-test/target/test-dir/MiniOzoneClusterImpl-c454a207-f4f8-4ee2-a371-1771be9b0699/datanode-2/data/ratis] (custom)
2019-10-01 13:47:58,064 [main] INFO  hdfs.DFSUtil (DFSUtil.java:httpServerTemplateForNNAndJN(1641)) - Starting Web-server for hddsDatanode at: http://0.0.0.0:0
2019-10-01 13:47:58,065 [main] INFO  server.AuthenticationFilter (AuthenticationFilter.java:constructSecretProvider(240)) - Unable to initialize FileSignerSecretProvider, falling back to use random secrets.
2019-10-01 13:47:58,066 [main] WARN  http.HttpRequestLog (HttpRequestLog.java:getRequestLog(97)) - Jetty request log can only be enabled using Log4j
2019-10-01 13:47:58,069 [main] INFO  http.HttpServer2 (HttpServer2.java:addGlobalFilter(975)) - Added global filter 'safety' (class=org.apache.hadoop.http.HttpServer2$QuotingInputFilter)
2019-10-01 13:47:58,070 [main] INFO  http.HttpServer2 (HttpServer2.java:addFilter(948)) - Added filter static_user_filter (class=org.apache.hadoop.http.lib.StaticUserWebFilter$StaticUserFilter) to context hddsDatanode
2019-10-01 13:47:58,070 [main] INFO  http.HttpServer2 (HttpServer2.java:addFilter(958)) - Added filter static_user_filter (class=org.apache.hadoop.http.lib.StaticUserWebFilter$StaticUserFilter) to context logs
2019-10-01 13:47:58,070 [main] INFO  http.HttpServer2 (HttpServer2.java:addFilter(958)) - Added filter static_user_filter (class=org.apache.hadoop.http.lib.StaticUserWebFilter$StaticUserFilter) to context static
2019-10-01 13:47:58,073 [main] INFO  http.HttpServer2 (HttpServer2.java:bindListener(1191)) - Jetty bound to port 46715
2019-10-01 13:47:58,073 [main] INFO  server.Server (Server.java:doStart(351)) - jetty-9.3.25.v20180904, build timestamp: 2018-09-04T21:11:46Z, git hash: 3ce520221d0240229c862b122d2b06c12a625732
2019-10-01 13:47:58,075 [main] INFO  handler.ContextHandler (ContextHandler.java:doStart(781)) - Started o.e.j.s.ServletContextHandler@5c441290{/logs,file:///workdir/hadoop-ozone/integration-test/target/log,AVAILABLE}
2019-10-01 13:47:58,076 [main] INFO  handler.ContextHandler (ContextHandler.java:doStart(781)) - Started o.e.j.s.ServletContextHandler@7f1ef916{/static,jar:file:/home/user/.m2/repository/org/apache/hadoop/hadoop-hdds-container-service/0.5.0-SNAPSHOT/hadoop-hdds-container-service-0.5.0-SNAPSHOT.jar!/webapps/static,AVAILABLE}
2019-10-01 13:47:58,079 [Datanode State Machine Thread - 0] INFO  datanode.InitDatanodeState (InitDatanodeState.java:persistContainerDatanodeDetails(140)) - DatanodeDetails is persisted to /workdir/hadoop-ozone/integration-test/target/test-dir/MiniOzoneClusterImpl-c454a207-f4f8-4ee2-a371-1771be9b0699/datanode-0/meta/datanode.id
2019-10-01 13:47:58,084 [Datanode State Machine Thread - 0] INFO  datanode.InitDatanodeState (InitDatanodeState.java:persistContainerDatanodeDetails(140)) - DatanodeDetails is persisted to /workdir/hadoop-ozone/integration-test/target/test-dir/MiniOzoneClusterImpl-c454a207-f4f8-4ee2-a371-1771be9b0699/datanode-1/meta/datanode.id
2019-10-01 13:47:58,117 [main] INFO  handler.ContextHandler (ContextHandler.java:doStart(781)) - Started o.e.j.w.WebAppContext@20f6f88c{/,file:///tmp/jetty-0.0.0.0-46715-hddsDatanode-_-any-2172437719361070188.dir/webapp/,AVAILABLE}{/hddsDatanode}
2019-10-01 13:47:58,118 [main] INFO  server.AbstractConnector (AbstractConnector.java:doStart(278)) - Started ServerConnector@4277127c{HTTP/1.1,[http/1.1]}{0.0.0.0:46715}
2019-10-01 13:47:58,119 [main] INFO  server.Server (Server.java:doStart(419)) - Started @6046ms
2019-10-01 13:47:58,120 [main] WARN  impl.MetricsSystemImpl (MetricsSystemImpl.java:register(276)) - Sink prometheus already exists!
2019-10-01 13:47:58,121 [main] INFO  server.BaseHttpServer (BaseHttpServer.java:updateConnectorAddress(215)) - HTTP server of HDDSDATANODE is listening at http://0.0.0.0:46715
2019-10-01 13:47:58,122 [main] INFO  impl.MetricsSystemImpl (MetricsSystemImpl.java:init(158)) - HddsDatanode metrics system started (again)
2019-10-01 13:47:58,125 [main] INFO  ozone.HddsDatanodeService (HddsDatanodeService.java:start(184)) - HddsDatanodeService host:pr-trunk-878pl-325597374 ip:192.168.151.103
2019-10-01 13:47:58,126 [org.apache.hadoop.util.JvmPauseMonitor$Monitor@5a4db8d7] INFO  util.JvmPauseMonitor (JvmPauseMonitor.java:run(188)) - Starting JVM pause monitor
2019-10-01 13:47:58,129 [Datanode State Machine Thread - 0] INFO  datanode.InitDatanodeState (InitDatanodeState.java:persistContainerDatanodeDetails(140)) - DatanodeDetails is persisted to /workdir/hadoop-ozone/integration-test/target/test-dir/MiniOzoneClusterImpl-c454a207-f4f8-4ee2-a371-1771be9b0699/datanode-2/meta/datanode.id
2019-10-01 13:47:58,135 [main] INFO  volume.HddsVolume (HddsVolume.java:<init>(176)) - Creating Volume: /workdir/hadoop-ozone/integration-test/target/test-dir/MiniOzoneClusterImpl-c454a207-f4f8-4ee2-a371-1771be9b0699/datanode-3/data/containers/hdds of  storage type : DISK and capacity : 1482555576320
2019-10-01 13:47:58,135 [main] INFO  volume.VolumeSet (VolumeSet.java:initializeVolumeSet(170)) - Added Volume : /workdir/hadoop-ozone/integration-test/target/test-dir/MiniOzoneClusterImpl-c454a207-f4f8-4ee2-a371-1771be9b0699/datanode-3/data/containers/hdds to VolumeSet
2019-10-01 13:47:58,135 [main] INFO  volume.ThrottledAsyncChecker (ThrottledAsyncChecker.java:schedule(139)) - Scheduling a check for org.apache.hadoop.ozone.container.common.volume.HddsVolume@54db056b
2019-10-01 13:47:58,136 [main] INFO  volume.HddsVolumeChecker (HddsVolumeChecker.java:checkAllVolumes(202)) - Scheduled health check for volume org.apache.hadoop.ozone.container.common.volume.HddsVolume@54db056b
2019-10-01 13:47:58,151 [main] INFO  impl.RaftServerProxy (ConfUtils.java:logGet(43)) - raft.rpc.type = GRPC (default)
2019-10-01 13:47:58,152 [main] INFO  grpc.GrpcFactory (GrpcFactory.java:checkPooledByteBufAllocatorUseCacheForAllThreads(45)) - PERFORMANCE WARNING: useCacheForAllThreads is true that may cause Netty to create a lot garbage objects and, as a result, trigger GC.
	It is recommended to disable useCacheForAllThreads by setting -Dorg.apache.ratis.thirdparty.io.netty.allocator.useCacheForAllThreads=false in command line.
2019-10-01 13:47:58,152 [main] INFO  grpc.GrpcConfigKeys$Server (ConfUtils.java:logGet(43)) - raft.grpc.server.port = 0 (default)
2019-10-01 13:47:58,152 [main] INFO  server.GrpcService (ConfUtils.java:logGet(43)) - raft.grpc.message.size.max = 33570816 (custom)
2019-10-01 13:47:58,153 [main] INFO  server.RaftServerConfigKeys (ConfUtils.java:logGet(43)) - raft.server.log.appender.buffer.byte-limit = 33554432 (custom)
2019-10-01 13:47:58,153 [main] INFO  server.GrpcService (ConfUtils.java:logGet(43)) - raft.grpc.flow.control.window = 1MB (=1048576) (default)
2019-10-01 13:47:58,153 [main] INFO  server.RaftServerConfigKeys (ConfUtils.java:logGet(43)) - raft.server.rpc.request.timeout = 3000ms (default)
2019-10-01 13:47:58,154 [main] INFO  server.RaftServerConfigKeys (ConfUtils.java:logGet(43)) - raft.server.storage.dir = [/workdir/hadoop-ozone/integration-test/target/test-dir/MiniOzoneClusterImpl-c454a207-f4f8-4ee2-a371-1771be9b0699/datanode-3/data/ratis] (custom)
2019-10-01 13:47:58,156 [main] INFO  hdfs.DFSUtil (DFSUtil.java:httpServerTemplateForNNAndJN(1641)) - Starting Web-server for hddsDatanode at: http://0.0.0.0:0
2019-10-01 13:47:58,157 [main] INFO  server.AuthenticationFilter (AuthenticationFilter.java:constructSecretProvider(240)) - Unable to initialize FileSignerSecretProvider, falling back to use random secrets.
2019-10-01 13:47:58,157 [main] WARN  http.HttpRequestLog (HttpRequestLog.java:getRequestLog(97)) - Jetty request log can only be enabled using Log4j
2019-10-01 13:47:58,159 [main] INFO  http.HttpServer2 (HttpServer2.java:addGlobalFilter(975)) - Added global filter 'safety' (class=org.apache.hadoop.http.HttpServer2$QuotingInputFilter)
2019-10-01 13:47:58,160 [main] INFO  http.HttpServer2 (HttpServer2.java:addFilter(948)) - Added filter static_user_filter (class=org.apache.hadoop.http.lib.StaticUserWebFilter$StaticUserFilter) to context hddsDatanode
2019-10-01 13:47:58,160 [main] INFO  http.HttpServer2 (HttpServer2.java:addFilter(958)) - Added filter static_user_filter (class=org.apache.hadoop.http.lib.StaticUserWebFilter$StaticUserFilter) to context logs
2019-10-01 13:47:58,160 [main] INFO  http.HttpServer2 (HttpServer2.java:addFilter(958)) - Added filter static_user_filter (class=org.apache.hadoop.http.lib.StaticUserWebFilter$StaticUserFilter) to context static
2019-10-01 13:47:58,161 [main] INFO  http.HttpServer2 (HttpServer2.java:bindListener(1191)) - Jetty bound to port 38746
2019-10-01 13:47:58,161 [main] INFO  server.Server (Server.java:doStart(351)) - jetty-9.3.25.v20180904, build timestamp: 2018-09-04T21:11:46Z, git hash: 3ce520221d0240229c862b122d2b06c12a625732
2019-10-01 13:47:58,169 [main] INFO  handler.ContextHandler (ContextHandler.java:doStart(781)) - Started o.e.j.s.ServletContextHandler@4c5228e7{/logs,file:///workdir/hadoop-ozone/integration-test/target/log,AVAILABLE}
2019-10-01 13:47:58,169 [main] INFO  handler.ContextHandler (ContextHandler.java:doStart(781)) - Started o.e.j.s.ServletContextHandler@806996{/static,jar:file:/home/user/.m2/repository/org/apache/hadoop/hadoop-hdds-container-service/0.5.0-SNAPSHOT/hadoop-hdds-container-service-0.5.0-SNAPSHOT.jar!/webapps/static,AVAILABLE}
2019-10-01 13:47:58,199 [main] INFO  handler.ContextHandler (ContextHandler.java:doStart(781)) - Started o.e.j.w.WebAppContext@6a6f6c7e{/,file:///tmp/jetty-0.0.0.0-38746-hddsDatanode-_-any-4679840643603104035.dir/webapp/,AVAILABLE}{/hddsDatanode}
2019-10-01 13:47:58,200 [main] INFO  server.AbstractConnector (AbstractConnector.java:doStart(278)) - Started ServerConnector@6c5ddccd{HTTP/1.1,[http/1.1]}{0.0.0.0:38746}
2019-10-01 13:47:58,201 [main] INFO  server.Server (Server.java:doStart(419)) - Started @6128ms
2019-10-01 13:47:58,202 [main] WARN  impl.MetricsSystemImpl (MetricsSystemImpl.java:register(276)) - Sink prometheus already exists!
2019-10-01 13:47:58,203 [main] INFO  server.BaseHttpServer (BaseHttpServer.java:updateConnectorAddress(215)) - HTTP server of HDDSDATANODE is listening at http://0.0.0.0:38746
2019-10-01 13:47:58,208 [main] INFO  ozone.MiniOzoneClusterImpl (MiniOzoneClusterImpl.java:lambda$waitForClusterToBeReady$0(147)) - Waiting for cluster to be ready. Got 0 of 4 DN Heartbeats.
2019-10-01 13:47:58,210 [org.apache.hadoop.util.JvmPauseMonitor$Monitor@331978c3] INFO  util.JvmPauseMonitor (JvmPauseMonitor.java:run(188)) - Starting JVM pause monitor
2019-10-01 13:47:58,213 [Datanode State Machine Thread - 0] INFO  datanode.InitDatanodeState (InitDatanodeState.java:persistContainerDatanodeDetails(140)) - DatanodeDetails is persisted to /workdir/hadoop-ozone/integration-test/target/test-dir/MiniOzoneClusterImpl-c454a207-f4f8-4ee2-a371-1771be9b0699/datanode-3/meta/datanode.id
2019-10-01 13:47:58,430 [Thread-95] INFO  impl.FollowerState (FollowerState.java:run(106)) - bcafd34a-568d-4ca4-b756-47903f4546f5:group-C5BA1605619E changes to CANDIDATE, lastRpcTime:1140, electionTimeout:1139ms
2019-10-01 13:47:58,436 [Thread-95] INFO  impl.RoleInfo (RoleInfo.java:shutdownFollowerState(121)) - bcafd34a-568d-4ca4-b756-47903f4546f5: shutdown FollowerState
2019-10-01 13:47:58,437 [Thread-95] INFO  impl.RaftServerImpl (RaftServerImpl.java:setRole(174)) - bcafd34a-568d-4ca4-b756-47903f4546f5@group-C5BA1605619E: changes role from  FOLLOWER to CANDIDATE at term 0 for changeToCandidate
2019-10-01 13:47:58,442 [Thread-95] INFO  impl.RoleInfo (RoleInfo.java:updateAndGet(143)) - bcafd34a-568d-4ca4-b756-47903f4546f5: start LeaderElection
2019-10-01 13:47:58,458 [bcafd34a-568d-4ca4-b756-47903f4546f5@group-C5BA1605619E:LeaderElection1] INFO  impl.LeaderElection (LeaderElection.java:askForVotes(182)) - bcafd34a-568d-4ca4-b756-47903f4546f5@group-C5BA1605619E:LeaderElection1: begin an election at term 1 for -1: [bcafd34a-568d-4ca4-b756-47903f4546f5:localhost:9872], old=null
2019-10-01 13:47:58,460 [bcafd34a-568d-4ca4-b756-47903f4546f5@group-C5BA1605619E:LeaderElection1] INFO  impl.RoleInfo (RoleInfo.java:shutdownLeaderElection(134)) - bcafd34a-568d-4ca4-b756-47903f4546f5: shutdown LeaderElection
2019-10-01 13:47:58,461 [bcafd34a-568d-4ca4-b756-47903f4546f5@group-C5BA1605619E:LeaderElection1] INFO  impl.RaftServerImpl (RaftServerImpl.java:setRole(174)) - bcafd34a-568d-4ca4-b756-47903f4546f5@group-C5BA1605619E: changes role from CANDIDATE to LEADER at term 1 for changeToLeader
2019-10-01 13:47:58,461 [bcafd34a-568d-4ca4-b756-47903f4546f5@group-C5BA1605619E:LeaderElection1] INFO  impl.RaftServerImpl (ServerState.java:setLeader(253)) - bcafd34a-568d-4ca4-b756-47903f4546f5@group-C5BA1605619E: change Leader from null to bcafd34a-568d-4ca4-b756-47903f4546f5 at term 1 for becomeLeader, leader elected after 1352ms
2019-10-01 13:47:58,471 [bcafd34a-568d-4ca4-b756-47903f4546f5@group-C5BA1605619E:LeaderElection1] INFO  server.RaftServerConfigKeys (ConfUtils.java:logGet(43)) - raft.server.staging.catchup.gap = 1000 (default)
2019-10-01 13:47:58,471 [bcafd34a-568d-4ca4-b756-47903f4546f5@group-C5BA1605619E:LeaderElection1] INFO  server.RaftServerConfigKeys (ConfUtils.java:logGet(43)) - raft.server.rpc.sleep.time = 25ms (default)
2019-10-01 13:47:58,474 [bcafd34a-568d-4ca4-b756-47903f4546f5@group-C5BA1605619E:LeaderElection1] INFO  server.RaftServerConfigKeys (ConfUtils.java:logGet(43)) - raft.server.write.element-limit = 4096 (default)
2019-10-01 13:47:58,478 [bcafd34a-568d-4ca4-b756-47903f4546f5@group-C5BA1605619E:LeaderElection1] INFO  server.RaftServerConfigKeys (ConfUtils.java:logGet(43)) - raft.server.watch.timeout = 10s (default)
2019-10-01 13:47:58,478 [bcafd34a-568d-4ca4-b756-47903f4546f5@group-C5BA1605619E:LeaderElection1] INFO  server.RaftServerConfigKeys (ConfUtils.java:logGet(43)) - raft.server.watch.timeout.denomination = 1s (default)
2019-10-01 13:47:58,479 [bcafd34a-568d-4ca4-b756-47903f4546f5@group-C5BA1605619E:LeaderElection1] INFO  server.RaftServerConfigKeys (ConfUtils.java:logGet(43)) - raft.server.watch.element-limit = 65536 (default)
2019-10-01 13:47:58,519 [bcafd34a-568d-4ca4-b756-47903f4546f5@group-C5BA1605619E:LeaderElection1] INFO  impl.RoleInfo (RoleInfo.java:updateAndGet(143)) - bcafd34a-568d-4ca4-b756-47903f4546f5: start LeaderState
2019-10-01 13:47:58,550 [bcafd34a-568d-4ca4-b756-47903f4546f5@group-C5BA1605619E:LeaderElection1] INFO  segmented.SegmentedRaftLogWorker (SegmentedRaftLogWorker.java:startLogSegment(380)) - bcafd34a-568d-4ca4-b756-47903f4546f5@group-C5BA1605619E-SegmentedRaftLogWorker: Starting segment from index:0
2019-10-01 13:47:58,568 [bcafd34a-568d-4ca4-b756-47903f4546f5@group-C5BA1605619E:LeaderElection1] INFO  impl.RaftServerImpl (ServerState.java:setRaftConf(354)) - bcafd34a-568d-4ca4-b756-47903f4546f5@group-C5BA1605619E: set configuration 0: [bcafd34a-568d-4ca4-b756-47903f4546f5:localhost:9872], old=null at 0
2019-10-01 13:47:58,774 [bcafd34a-568d-4ca4-b756-47903f4546f5@group-C5BA1605619E-SegmentedRaftLogWorker] INFO  segmented.SegmentedRaftLogWorker (SegmentedRaftLogWorker.java:execute(569)) - bcafd34a-568d-4ca4-b756-47903f4546f5@group-C5BA1605619E-SegmentedRaftLogWorker: created new log segment /workdir/hadoop-ozone/integration-test/target/test-dir/MiniOzoneClusterImpl-c454a207-f4f8-4ee2-a371-1771be9b0699/ozone-meta/ratis/bf265839-605b-3f16-9796-c5ba1605619e/current/log_inprogress_0
2019-10-01 13:47:59,209 [main] INFO  ozone.MiniOzoneClusterImpl (MiniOzoneClusterImpl.java:lambda$waitForClusterToBeReady$0(147)) - Waiting for cluster to be ready. Got 0 of 4 DN Heartbeats.
2019-10-01 13:47:59,980 [Datanode State Machine Thread - 0] INFO  ozoneimpl.OzoneContainer (OzoneContainer.java:start(217)) - Attempting to start container services.
2019-10-01 13:47:59,983 [Datanode State Machine Thread - 0] INFO  ozoneimpl.OzoneContainer (OzoneContainer.java:startContainerScrub(179)) - Background container scanner has been disabled.
2019-10-01 13:47:59,984 [Datanode State Machine Thread - 0] INFO  ratis.XceiverServerRatis (XceiverServerRatis.java:start(411)) - Starting XceiverServerRatis ca9409bf-535d-46b2-a29d-0f3e9142befc at port 0
2019-10-01 13:47:59,993 [Datanode State Machine Thread - 0] INFO  impl.RaftServerProxy (RaftServerProxy.java:lambda$start$3(299)) - ca9409bf-535d-46b2-a29d-0f3e9142befc: start RPC server
2019-10-01 13:47:59,998 [Datanode State Machine Thread - 0] INFO  server.GrpcService (GrpcService.java:startImpl(158)) - ca9409bf-535d-46b2-a29d-0f3e9142befc: GrpcService started, listening on 0.0.0.0/0.0.0.0:43158
2019-10-01 13:47:59,999 [Datanode State Machine Thread - 0] INFO  ratis.XceiverServerRatis (XceiverServerRatis.java:start(421)) - XceiverServerRatis ca9409bf-535d-46b2-a29d-0f3e9142befc is started using port 43158
2019-10-01 13:48:00,002 [Datanode State Machine Thread - 0] INFO  server.XceiverServerGrpc (XceiverServerGrpc.java:start(149)) - XceiverServerGrpc ca9409bf-535d-46b2-a29d-0f3e9142befc is started using port 38990
2019-10-01 13:48:00,040 [Datanode State Machine Thread - 0] INFO  ozoneimpl.OzoneContainer (OzoneContainer.java:start(217)) - Attempting to start container services.
2019-10-01 13:48:00,047 [Datanode State Machine Thread - 0] INFO  ozoneimpl.OzoneContainer (OzoneContainer.java:startContainerScrub(179)) - Background container scanner has been disabled.
2019-10-01 13:48:00,047 [Datanode State Machine Thread - 0] INFO  ratis.XceiverServerRatis (XceiverServerRatis.java:start(411)) - Starting XceiverServerRatis 12dc2f29-1138-4721-9a66-3f514902d6d7 at port 0
2019-10-01 13:48:00,057 [Datanode State Machine Thread - 0] INFO  impl.RaftServerProxy (RaftServerProxy.java:lambda$start$3(299)) - 12dc2f29-1138-4721-9a66-3f514902d6d7: start RPC server
2019-10-01 13:48:00,060 [Datanode State Machine Thread - 0] INFO  server.GrpcService (GrpcService.java:startImpl(158)) - 12dc2f29-1138-4721-9a66-3f514902d6d7: GrpcService started, listening on 0.0.0.0/0.0.0.0:32920
2019-10-01 13:48:00,060 [Datanode State Machine Thread - 0] INFO  ratis.XceiverServerRatis (XceiverServerRatis.java:start(421)) - XceiverServerRatis 12dc2f29-1138-4721-9a66-3f514902d6d7 is started using port 32920
2019-10-01 13:48:00,063 [Datanode State Machine Thread - 0] INFO  server.XceiverServerGrpc (XceiverServerGrpc.java:start(149)) - XceiverServerGrpc 12dc2f29-1138-4721-9a66-3f514902d6d7 is started using port 36362
2019-10-01 13:48:00,145 [Datanode State Machine Thread - 0] INFO  ozoneimpl.OzoneContainer (OzoneContainer.java:start(217)) - Attempting to start container services.
2019-10-01 13:48:00,147 [Datanode State Machine Thread - 0] INFO  ozoneimpl.OzoneContainer (OzoneContainer.java:startContainerScrub(179)) - Background container scanner has been disabled.
2019-10-01 13:48:00,148 [Datanode State Machine Thread - 0] INFO  ratis.XceiverServerRatis (XceiverServerRatis.java:start(411)) - Starting XceiverServerRatis 060a3888-7a74-4b9b-97fd-fd9a817a6619 at port 0
2019-10-01 13:48:00,157 [Datanode State Machine Thread - 0] INFO  impl.RaftServerProxy (RaftServerProxy.java:lambda$start$3(299)) - 060a3888-7a74-4b9b-97fd-fd9a817a6619: start RPC server
2019-10-01 13:48:00,160 [Datanode State Machine Thread - 0] INFO  server.GrpcService (GrpcService.java:startImpl(158)) - 060a3888-7a74-4b9b-97fd-fd9a817a6619: GrpcService started, listening on 0.0.0.0/0.0.0.0:34514
2019-10-01 13:48:00,160 [Datanode State Machine Thread - 0] INFO  ratis.XceiverServerRatis (XceiverServerRatis.java:start(421)) - XceiverServerRatis 060a3888-7a74-4b9b-97fd-fd9a817a6619 is started using port 34514
2019-10-01 13:48:00,163 [Datanode State Machine Thread - 0] INFO  server.XceiverServerGrpc (XceiverServerGrpc.java:start(149)) - XceiverServerGrpc 060a3888-7a74-4b9b-97fd-fd9a817a6619 is started using port 38582
2019-10-01 13:48:00,209 [main] INFO  ozone.MiniOzoneClusterImpl (MiniOzoneClusterImpl.java:lambda$waitForClusterToBeReady$0(147)) - Waiting for cluster to be ready. Got 0 of 4 DN Heartbeats.
2019-10-01 13:48:00,226 [Datanode State Machine Thread - 0] INFO  ozoneimpl.OzoneContainer (OzoneContainer.java:start(217)) - Attempting to start container services.
2019-10-01 13:48:00,228 [Datanode State Machine Thread - 0] INFO  ozoneimpl.OzoneContainer (OzoneContainer.java:startContainerScrub(179)) - Background container scanner has been disabled.
2019-10-01 13:48:00,228 [Datanode State Machine Thread - 0] INFO  ratis.XceiverServerRatis (XceiverServerRatis.java:start(411)) - Starting XceiverServerRatis 28e6f063-521b-4b0b-a02a-5e9043c40346 at port 0
2019-10-01 13:48:00,240 [Datanode State Machine Thread - 0] INFO  impl.RaftServerProxy (RaftServerProxy.java:lambda$start$3(299)) - 28e6f063-521b-4b0b-a02a-5e9043c40346: start RPC server
2019-10-01 13:48:00,244 [Datanode State Machine Thread - 0] INFO  server.GrpcService (GrpcService.java:startImpl(158)) - 28e6f063-521b-4b0b-a02a-5e9043c40346: GrpcService started, listening on 0.0.0.0/0.0.0.0:43810
2019-10-01 13:48:00,244 [Datanode State Machine Thread - 0] INFO  ratis.XceiverServerRatis (XceiverServerRatis.java:start(421)) - XceiverServerRatis 28e6f063-521b-4b0b-a02a-5e9043c40346 is started using port 43810
2019-10-01 13:48:00,248 [Datanode State Machine Thread - 0] INFO  server.XceiverServerGrpc (XceiverServerGrpc.java:start(149)) - XceiverServerGrpc 28e6f063-521b-4b0b-a02a-5e9043c40346 is started using port 43399
2019-10-01 13:48:01,210 [main] INFO  ozone.MiniOzoneClusterImpl (MiniOzoneClusterImpl.java:lambda$waitForClusterToBeReady$0(147)) - Waiting for cluster to be ready. Got 0 of 4 DN Heartbeats.
2019-10-01 13:48:01,966 [IPC Server handler 3 on 37416] INFO  net.NetworkTopology (NetworkTopologyImpl.java:add(111)) - Added a new node: /rack1/ca9409bf-535d-46b2-a29d-0f3e9142befc
2019-10-01 13:48:01,966 [IPC Server handler 3 on 37416] INFO  node.SCMNodeManager (SCMNodeManager.java:register(266)) - Registered Data node : ca9409bf-535d-46b2-a29d-0f3e9142befc{ip: 192.168.151.103, host: pr-trunk-878pl-325597374, networkLocation: /rack1, certSerialId: null}
2019-10-01 13:48:01,973 [EventQueue-NodeRegistrationContainerReportForDataNodeSafeModeRule] INFO  safemode.SCMSafeModeManager (DataNodeSafeModeRule.java:process(71)) - SCM in safe mode. 1 DataNodes registered, 1 required.
2019-10-01 13:48:01,973 [EventQueue-NodeRegistrationContainerReportForDataNodeSafeModeRule] INFO  safemode.SCMSafeModeManager (SCMSafeModeManager.java:validateSafeModeExitRules(177)) - ScmSafeModeManager, all rules are successfully validated
2019-10-01 13:48:01,973 [EventQueue-NodeRegistrationContainerReportForDataNodeSafeModeRule] INFO  safemode.SCMSafeModeManager (SCMSafeModeManager.java:exitSafeMode(193)) - SCM exiting safe mode.
2019-10-01 13:48:02,028 [IPC Server handler 2 on 37416] INFO  net.NetworkTopology (NetworkTopologyImpl.java:add(111)) - Added a new node: /rack1/12dc2f29-1138-4721-9a66-3f514902d6d7
2019-10-01 13:48:02,029 [IPC Server handler 2 on 37416] INFO  node.SCMNodeManager (SCMNodeManager.java:register(266)) - Registered Data node : 12dc2f29-1138-4721-9a66-3f514902d6d7{ip: 192.168.151.103, host: pr-trunk-878pl-325597374, networkLocation: /rack1, certSerialId: null}
2019-10-01 13:48:02,129 [IPC Server handler 1 on 37416] INFO  net.NetworkTopology (NetworkTopologyImpl.java:add(111)) - Added a new node: /rack1/060a3888-7a74-4b9b-97fd-fd9a817a6619
2019-10-01 13:48:02,129 [IPC Server handler 1 on 37416] INFO  node.SCMNodeManager (SCMNodeManager.java:register(266)) - Registered Data node : 060a3888-7a74-4b9b-97fd-fd9a817a6619{ip: 192.168.151.103, host: pr-trunk-878pl-325597374, networkLocation: /rack1, certSerialId: null}
2019-10-01 13:48:02,210 [main] INFO  ozone.MiniOzoneClusterImpl (MiniOzoneClusterImpl.java:lambda$waitForClusterToBeReady$0(147)) - Waiting for cluster to be ready. Got 3 of 4 DN Heartbeats.
2019-10-01 13:48:02,214 [IPC Server handler 4 on 37416] INFO  net.NetworkTopology (NetworkTopologyImpl.java:add(111)) - Added a new node: /rack1/28e6f063-521b-4b0b-a02a-5e9043c40346
2019-10-01 13:48:02,214 [IPC Server handler 4 on 37416] INFO  node.SCMNodeManager (SCMNodeManager.java:register(266)) - Registered Data node : 28e6f063-521b-4b0b-a02a-5e9043c40346{ip: 192.168.151.103, host: pr-trunk-878pl-325597374, networkLocation: /rack1, certSerialId: null}
2019-10-01 13:48:02,499 [grpc-default-executor-0] INFO  impl.RaftServerProxy (RaftServerProxy.java:addNew(89)) - ca9409bf-535d-46b2-a29d-0f3e9142befc: addNew group-9442C5EDA40E:[ca9409bf-535d-46b2-a29d-0f3e9142befc:192.168.151.103:43158] returns group-9442C5EDA40E:java.util.concurrent.CompletableFuture@35ec588b[Not completed]
2019-10-01 13:48:02,511 [pool-32-thread-1] INFO  impl.RaftServerImpl (RaftServerImpl.java:<init>(95)) - ca9409bf-535d-46b2-a29d-0f3e9142befc: new RaftServerImpl for group-9442C5EDA40E:[ca9409bf-535d-46b2-a29d-0f3e9142befc:192.168.151.103:43158] with ContainerStateMachine:uninitialized
2019-10-01 13:48:02,512 [pool-32-thread-1] INFO  server.RaftServerConfigKeys (ConfUtils.java:logGet(43)) - raft.server.rpc.timeout.min = 5s (custom)
2019-10-01 13:48:02,513 [pool-32-thread-1] INFO  server.RaftServerConfigKeys (ConfUtils.java:logGet(43)) - raft.server.rpc.timeout.max = 5200ms (custom)
2019-10-01 13:48:02,513 [pool-32-thread-1] INFO  server.RaftServerConfigKeys (ConfUtils.java:logGet(43)) - raft.server.rpcslowness.timeout = 120s (custom)
2019-10-01 13:48:02,513 [pool-32-thread-1] INFO  server.RaftServerConfigKeys (ConfUtils.java:logGet(43)) - raft.server.sleep.deviation.threshold = 300 (default)
2019-10-01 13:48:02,513 [pool-32-thread-1] INFO  server.RaftServerConfigKeys (ConfUtils.java:logGet(43)) - raft.server.log.appender.install.snapshot.enabled = false (custom)
2019-10-01 13:48:02,513 [pool-32-thread-1] INFO  impl.RaftServerImpl (ServerState.java:<init>(103)) - ca9409bf-535d-46b2-a29d-0f3e9142befc@group-9442C5EDA40E: ConfigurationManager, init=-1: [ca9409bf-535d-46b2-a29d-0f3e9142befc:192.168.151.103:43158], old=null, confs=<EMPTY_MAP>
2019-10-01 13:48:02,514 [pool-32-thread-1] INFO  server.RaftServerConfigKeys (ConfUtils.java:logGet(43)) - raft.server.storage.dir = [/workdir/hadoop-ozone/integration-test/target/test-dir/MiniOzoneClusterImpl-c454a207-f4f8-4ee2-a371-1771be9b0699/datanode-0/data/ratis] (custom)
2019-10-01 13:48:02,514 [pool-32-thread-1] INFO  storage.RaftStorageDirectory (RaftStorageDirectory.java:analyzeStorage(246)) - The storage directory /workdir/hadoop-ozone/integration-test/target/test-dir/MiniOzoneClusterImpl-c454a207-f4f8-4ee2-a371-1771be9b0699/datanode-0/data/ratis/ddc20bbb-e132-4094-96a8-9442c5eda40e does not exist. Creating ...
2019-10-01 13:48:02,529 [pool-32-thread-1] INFO  storage.RaftStorageDirectory (RaftStorageDirectory.java:tryLock(328)) - Lock on /workdir/hadoop-ozone/integration-test/target/test-dir/MiniOzoneClusterImpl-c454a207-f4f8-4ee2-a371-1771be9b0699/datanode-0/data/ratis/ddc20bbb-e132-4094-96a8-9442c5eda40e/in_use.lock acquired by nodename 29402@pr-trunk-878pl-325597374
2019-10-01 13:48:02,542 [pool-32-thread-1] INFO  storage.RaftStorage (RaftStorage.java:format(72)) - Storage directory /workdir/hadoop-ozone/integration-test/target/test-dir/MiniOzoneClusterImpl-c454a207-f4f8-4ee2-a371-1771be9b0699/datanode-0/data/ratis/ddc20bbb-e132-4094-96a8-9442c5eda40e has been successfully formatted.
2019-10-01 13:48:02,544 [pool-32-thread-1] INFO  ratis.ContainerStateMachine (ContainerStateMachine.java:loadSnapshot(231)) - group-9442C5EDA40E: The snapshot info is null. Setting the last applied indexto:(t:0, i:~)
2019-10-01 13:48:02,544 [pool-32-thread-1] INFO  server.RaftServerConfigKeys (ConfUtils.java:logGet(43)) - raft.server.notification.no-leader.timeout = 120s (custom)
2019-10-01 13:48:02,544 [pool-32-thread-1] INFO  server.RaftServerConfigKeys (ConfUtils.java:logGet(43)) - raft.server.log.use.memory = false (default)
2019-10-01 13:48:02,545 [pool-32-thread-1] INFO  server.RaftServerConfigKeys (ConfUtils.java:logGet(43)) - raft.server.log.purge.gap = 1000000 (custom)
2019-10-01 13:48:02,545 [pool-32-thread-1] INFO  server.RaftServerConfigKeys (ConfUtils.java:logGet(43)) - raft.server.log.appender.buffer.byte-limit = 33554432 (custom)
2019-10-01 13:48:02,545 [pool-32-thread-1] INFO  server.RaftServerConfigKeys (ConfUtils.java:logGet(43)) - raft.server.log.segment.size.max = 1048576 (custom)
2019-10-01 13:48:02,545 [pool-32-thread-1] INFO  server.RaftServerConfigKeys (ConfUtils.java:logGet(43)) - raft.server.log.segment.cache.num.max = 2 (custom)
2019-10-01 13:48:02,546 [pool-32-thread-1] INFO  segmented.SegmentedRaftLogWorker (SegmentedRaftLogWorker.java:<init>(172)) - new ca9409bf-535d-46b2-a29d-0f3e9142befc@group-9442C5EDA40E-SegmentedRaftLogWorker for RaftStorage:Storage Directory /workdir/hadoop-ozone/integration-test/target/test-dir/MiniOzoneClusterImpl-c454a207-f4f8-4ee2-a371-1771be9b0699/datanode-0/data/ratis/ddc20bbb-e132-4094-96a8-9442c5eda40e
2019-10-01 13:48:02,582 [pool-32-thread-1] INFO  server.RaftServerConfigKeys (ConfUtils.java:logGet(43)) - raft.server.log.queue.byte-limit = 2147483647 (custom)
2019-10-01 13:48:02,582 [pool-32-thread-1] INFO  server.RaftServerConfigKeys (ConfUtils.java:logGet(43)) - raft.server.log.queue.element-limit = 1024 (custom)
2019-10-01 13:48:02,583 [pool-32-thread-1] INFO  server.RaftServerConfigKeys (ConfUtils.java:logGet(43)) - raft.server.log.segment.size.max = 1048576 (custom)
2019-10-01 13:48:02,583 [pool-32-thread-1] INFO  server.RaftServerConfigKeys (ConfUtils.java:logGet(43)) - raft.server.log.preallocated.size = 16384 (custom)
2019-10-01 13:48:02,583 [pool-32-thread-1] INFO  server.RaftServerConfigKeys (ConfUtils.java:logGet(43)) - raft.server.log.write.buffer.size = 33554432 (custom)
2019-10-01 13:48:02,583 [pool-32-thread-1] INFO  server.RaftServerConfigKeys (ConfUtils.java:logGet(43)) - raft.server.log.force.sync.num = 128 (default)
2019-10-01 13:48:02,584 [pool-32-thread-1] INFO  server.RaftServerConfigKeys (ConfUtils.java:logGet(43)) - raft.server.log.statemachine.data.sync = true (default)
2019-10-01 13:48:02,584 [pool-32-thread-1] INFO  server.RaftServerConfigKeys (ConfUtils.java:logGet(43)) - raft.server.log.statemachine.data.sync.timeout = 10s (default)
2019-10-01 13:48:02,584 [pool-32-thread-1] INFO  server.RaftServerConfigKeys (ConfUtils.java:logGet(43)) - raft.server.log.statemachine.data.sync.timeout.retry = -1 (default)
2019-10-01 13:48:02,585 [pool-32-thread-1] INFO  server.RaftServerConfigKeys (ConfUtils.java:logGet(43)) - raft.server.log.statemachine.data.caching.enabled = true (custom)
2019-10-01 13:48:02,585 [pool-32-thread-1] INFO  segmented.SegmentedRaftLogWorker (SegmentedRaftLogWorker.java:lambda$new$0(132)) - ca9409bf-535d-46b2-a29d-0f3e9142befc@group-9442C5EDA40E-SegmentedRaftLogWorker: flushIndex: setUnconditionally 0 -> -1
2019-10-01 13:48:02,586 [pool-32-thread-1] INFO  server.RaftServerConfigKeys (ConfUtils.java:logGet(43)) - raft.server.snapshot.auto.trigger.enabled = true (custom)
2019-10-01 13:48:02,586 [pool-32-thread-1] INFO  server.RaftServerConfigKeys (ConfUtils.java:logGet(43)) - raft.server.snapshot.auto.trigger.threshold = 10000 (custom)
2019-10-01 13:48:02,586 [pool-32-thread-1] INFO  server.RaftServerConfigKeys (ConfUtils.java:logGet(43)) - raft.server.snapshot.retention.num.files = 5 (custom)
2019-10-01 13:48:02,587 [pool-32-thread-1] INFO  server.RaftServerConfigKeys (ConfUtils.java:logGet(43)) - raft.server.retrycache.expirytime = 600000ms (custom)
2019-10-01 13:48:02,592 [pool-32-thread-1] INFO  impl.RaftServerImpl (RaftServerImpl.java:start(185)) - ca9409bf-535d-46b2-a29d-0f3e9142befc@group-9442C5EDA40E: start as a follower, conf=-1: [ca9409bf-535d-46b2-a29d-0f3e9142befc:192.168.151.103:43158], old=null
2019-10-01 13:48:02,593 [pool-32-thread-1] INFO  impl.RaftServerImpl (RaftServerImpl.java:setRole(174)) - ca9409bf-535d-46b2-a29d-0f3e9142befc@group-9442C5EDA40E: changes role from      null to FOLLOWER at term 0 for startAsFollower
2019-10-01 13:48:02,593 [pool-32-thread-1] INFO  impl.RoleInfo (RoleInfo.java:updateAndGet(143)) - ca9409bf-535d-46b2-a29d-0f3e9142befc: start FollowerState
2019-10-01 13:48:02,593 [pool-32-thread-1] INFO  util.JmxRegister (JmxRegister.java:tryRegister(44)) - Successfully registered JMX Bean with object name Ratis:service=RaftServer,group=group-9442C5EDA40E,id=ca9409bf-535d-46b2-a29d-0f3e9142befc
2019-10-01 13:48:02,664 [RatisPipelineUtilsThread] INFO  pipeline.PipelineStateManager (PipelineStateManager.java:addPipeline(56)) - Created pipeline Pipeline[ Id: ddc20bbb-e132-4094-96a8-9442c5eda40e, Nodes: ca9409bf-535d-46b2-a29d-0f3e9142befc{ip: 192.168.151.103, host: pr-trunk-878pl-325597374, networkLocation: /rack1, certSerialId: null}, Type:RATIS, Factor:ONE, State:OPEN]
2019-10-01 13:48:02,687 [grpc-default-executor-0] INFO  impl.RaftServerProxy (RaftServerProxy.java:addNew(89)) - 060a3888-7a74-4b9b-97fd-fd9a817a6619: addNew group-4C3DA90DB26A:[060a3888-7a74-4b9b-97fd-fd9a817a6619:192.168.151.103:34514] returns group-4C3DA90DB26A:java.util.concurrent.CompletableFuture@452f5ff[Not completed]
2019-10-01 13:48:02,702 [pool-52-thread-1] INFO  impl.RaftServerImpl (RaftServerImpl.java:<init>(95)) - 060a3888-7a74-4b9b-97fd-fd9a817a6619: new RaftServerImpl for group-4C3DA90DB26A:[060a3888-7a74-4b9b-97fd-fd9a817a6619:192.168.151.103:34514] with ContainerStateMachine:uninitialized
2019-10-01 13:48:02,706 [pool-52-thread-1] INFO  server.RaftServerConfigKeys (ConfUtils.java:logGet(43)) - raft.server.rpc.timeout.min = 5s (custom)
2019-10-01 13:48:02,706 [pool-52-thread-1] INFO  server.RaftServerConfigKeys (ConfUtils.java:logGet(43)) - raft.server.rpc.timeout.max = 5200ms (custom)
2019-10-01 13:48:02,706 [pool-52-thread-1] INFO  server.RaftServerConfigKeys (ConfUtils.java:logGet(43)) - raft.server.rpcslowness.timeout = 120s (custom)
2019-10-01 13:48:02,706 [pool-52-thread-1] INFO  server.RaftServerConfigKeys (ConfUtils.java:logGet(43)) - raft.server.sleep.deviation.threshold = 300 (default)
2019-10-01 13:48:02,707 [pool-52-thread-1] INFO  server.RaftServerConfigKeys (ConfUtils.java:logGet(43)) - raft.server.log.appender.install.snapshot.enabled = false (custom)
2019-10-01 13:48:02,707 [pool-52-thread-1] INFO  impl.RaftServerImpl (ServerState.java:<init>(103)) - 060a3888-7a74-4b9b-97fd-fd9a817a6619@group-4C3DA90DB26A: ConfigurationManager, init=-1: [060a3888-7a74-4b9b-97fd-fd9a817a6619:192.168.151.103:34514], old=null, confs=<EMPTY_MAP>
2019-10-01 13:48:02,707 [pool-52-thread-1] INFO  server.RaftServerConfigKeys (ConfUtils.java:logGet(43)) - raft.server.storage.dir = [/workdir/hadoop-ozone/integration-test/target/test-dir/MiniOzoneClusterImpl-c454a207-f4f8-4ee2-a371-1771be9b0699/datanode-2/data/ratis] (custom)
2019-10-01 13:48:02,708 [pool-52-thread-1] INFO  storage.RaftStorageDirectory (RaftStorageDirectory.java:analyzeStorage(246)) - The storage directory /workdir/hadoop-ozone/integration-test/target/test-dir/MiniOzoneClusterImpl-c454a207-f4f8-4ee2-a371-1771be9b0699/datanode-2/data/ratis/43110b9a-2f36-4355-9bd7-4c3da90db26a does not exist. Creating ...
2019-10-01 13:48:02,721 [pool-52-thread-1] INFO  storage.RaftStorageDirectory (RaftStorageDirectory.java:tryLock(328)) - Lock on /workdir/hadoop-ozone/integration-test/target/test-dir/MiniOzoneClusterImpl-c454a207-f4f8-4ee2-a371-1771be9b0699/datanode-2/data/ratis/43110b9a-2f36-4355-9bd7-4c3da90db26a/in_use.lock acquired by nodename 29402@pr-trunk-878pl-325597374
2019-10-01 13:48:02,734 [pool-52-thread-1] INFO  storage.RaftStorage (RaftStorage.java:format(72)) - Storage directory /workdir/hadoop-ozone/integration-test/target/test-dir/MiniOzoneClusterImpl-c454a207-f4f8-4ee2-a371-1771be9b0699/datanode-2/data/ratis/43110b9a-2f36-4355-9bd7-4c3da90db26a has been successfully formatted.
2019-10-01 13:48:02,734 [pool-52-thread-1] INFO  ratis.ContainerStateMachine (ContainerStateMachine.java:loadSnapshot(231)) - group-4C3DA90DB26A: The snapshot info is null. Setting the last applied indexto:(t:0, i:~)
2019-10-01 13:48:02,735 [pool-52-thread-1] INFO  server.RaftServerConfigKeys (ConfUtils.java:logGet(43)) - raft.server.notification.no-leader.timeout = 120s (custom)
2019-10-01 13:48:02,736 [pool-52-thread-1] INFO  server.RaftServerConfigKeys (ConfUtils.java:logGet(43)) - raft.server.log.use.memory = false (default)
2019-10-01 13:48:02,736 [pool-52-thread-1] INFO  server.RaftServerConfigKeys (ConfUtils.java:logGet(43)) - raft.server.log.purge.gap = 1000000 (custom)
2019-10-01 13:48:02,736 [pool-52-thread-1] INFO  server.RaftServerConfigKeys (ConfUtils.java:logGet(43)) - raft.server.log.appender.buffer.byte-limit = 33554432 (custom)
2019-10-01 13:48:02,736 [pool-52-thread-1] INFO  server.RaftServerConfigKeys (ConfUtils.java:logGet(43)) - raft.server.log.segment.size.max = 1048576 (custom)
2019-10-01 13:48:02,736 [pool-52-thread-1] INFO  server.RaftServerConfigKeys (ConfUtils.java:logGet(43)) - raft.server.log.segment.cache.num.max = 2 (custom)
2019-10-01 13:48:02,737 [pool-52-thread-1] INFO  segmented.SegmentedRaftLogWorker (SegmentedRaftLogWorker.java:<init>(172)) - new 060a3888-7a74-4b9b-97fd-fd9a817a6619@group-4C3DA90DB26A-SegmentedRaftLogWorker for RaftStorage:Storage Directory /workdir/hadoop-ozone/integration-test/target/test-dir/MiniOzoneClusterImpl-c454a207-f4f8-4ee2-a371-1771be9b0699/datanode-2/data/ratis/43110b9a-2f36-4355-9bd7-4c3da90db26a
2019-10-01 13:48:02,741 [pool-52-thread-1] INFO  server.RaftServerConfigKeys (ConfUtils.java:logGet(43)) - raft.server.log.queue.byte-limit = 2147483647 (custom)
2019-10-01 13:48:02,742 [pool-52-thread-1] INFO  server.RaftServerConfigKeys (ConfUtils.java:logGet(43)) - raft.server.log.queue.element-limit = 1024 (custom)
2019-10-01 13:48:02,742 [pool-52-thread-1] INFO  server.RaftServerConfigKeys (ConfUtils.java:logGet(43)) - raft.server.log.segment.size.max = 1048576 (custom)
2019-10-01 13:48:02,742 [pool-52-thread-1] INFO  server.RaftServerConfigKeys (ConfUtils.java:logGet(43)) - raft.server.log.preallocated.size = 16384 (custom)
2019-10-01 13:48:02,742 [pool-52-thread-1] INFO  server.RaftServerConfigKeys (ConfUtils.java:logGet(43)) - raft.server.log.write.buffer.size = 33554432 (custom)
2019-10-01 13:48:02,742 [pool-52-thread-1] INFO  server.RaftServerConfigKeys (ConfUtils.java:logGet(43)) - raft.server.log.force.sync.num = 128 (default)
2019-10-01 13:48:02,743 [pool-52-thread-1] INFO  server.RaftServerConfigKeys (ConfUtils.java:logGet(43)) - raft.server.log.statemachine.data.sync = true (default)
2019-10-01 13:48:02,743 [pool-52-thread-1] INFO  server.RaftServerConfigKeys (ConfUtils.java:logGet(43)) - raft.server.log.statemachine.data.sync.timeout = 10s (default)
2019-10-01 13:48:02,743 [pool-52-thread-1] INFO  server.RaftServerConfigKeys (ConfUtils.java:logGet(43)) - raft.server.log.statemachine.data.sync.timeout.retry = -1 (default)
2019-10-01 13:48:02,743 [pool-52-thread-1] INFO  server.RaftServerConfigKeys (ConfUtils.java:logGet(43)) - raft.server.log.statemachine.data.caching.enabled = true (custom)
2019-10-01 13:48:02,744 [pool-52-thread-1] INFO  segmented.SegmentedRaftLogWorker (SegmentedRaftLogWorker.java:lambda$new$0(132)) - 060a3888-7a74-4b9b-97fd-fd9a817a6619@group-4C3DA90DB26A-SegmentedRaftLogWorker: flushIndex: setUnconditionally 0 -> -1
2019-10-01 13:48:02,744 [pool-52-thread-1] INFO  server.RaftServerConfigKeys (ConfUtils.java:logGet(43)) - raft.server.snapshot.auto.trigger.enabled = true (custom)
2019-10-01 13:48:02,744 [pool-52-thread-1] INFO  server.RaftServerConfigKeys (ConfUtils.java:logGet(43)) - raft.server.snapshot.auto.trigger.threshold = 10000 (custom)
2019-10-01 13:48:02,744 [pool-52-thread-1] INFO  server.RaftServerConfigKeys (ConfUtils.java:logGet(43)) - raft.server.snapshot.retention.num.files = 5 (custom)
2019-10-01 13:48:02,745 [pool-52-thread-1] INFO  server.RaftServerConfigKeys (ConfUtils.java:logGet(43)) - raft.server.retrycache.expirytime = 600000ms (custom)
2019-10-01 13:48:02,749 [pool-52-thread-1] INFO  impl.RaftServerImpl (RaftServerImpl.java:start(185)) - 060a3888-7a74-4b9b-97fd-fd9a817a6619@group-4C3DA90DB26A: start as a follower, conf=-1: [060a3888-7a74-4b9b-97fd-fd9a817a6619:192.168.151.103:34514], old=null
2019-10-01 13:48:02,749 [pool-52-thread-1] INFO  impl.RaftServerImpl (RaftServerImpl.java:setRole(174)) - 060a3888-7a74-4b9b-97fd-fd9a817a6619@group-4C3DA90DB26A: changes role from      null to FOLLOWER at term 0 for startAsFollower
2019-10-01 13:48:02,750 [pool-52-thread-1] INFO  impl.RoleInfo (RoleInfo.java:updateAndGet(143)) - 060a3888-7a74-4b9b-97fd-fd9a817a6619: start FollowerState
2019-10-01 13:48:02,750 [pool-52-thread-1] INFO  util.JmxRegister (JmxRegister.java:tryRegister(44)) - Successfully registered JMX Bean with object name Ratis:service=RaftServer,group=group-4C3DA90DB26A,id=060a3888-7a74-4b9b-97fd-fd9a817a6619
2019-10-01 13:48:02,762 [RatisPipelineUtilsThread] INFO  pipeline.PipelineStateManager (PipelineStateManager.java:addPipeline(56)) - Created pipeline Pipeline[ Id: 43110b9a-2f36-4355-9bd7-4c3da90db26a, Nodes: 060a3888-7a74-4b9b-97fd-fd9a817a6619{ip: 192.168.151.103, host: pr-trunk-878pl-325597374, networkLocation: /rack1, certSerialId: null}, Type:RATIS, Factor:ONE, State:OPEN]
2019-10-01 13:48:02,784 [grpc-default-executor-0] INFO  impl.RaftServerProxy (RaftServerProxy.java:addNew(89)) - 28e6f063-521b-4b0b-a02a-5e9043c40346: addNew group-4FD31D4D5196:[28e6f063-521b-4b0b-a02a-5e9043c40346:192.168.151.103:43810] returns group-4FD31D4D5196:java.util.concurrent.CompletableFuture@94b5d85[Not completed]
2019-10-01 13:48:02,787 [pool-62-thread-1] INFO  impl.RaftServerImpl (RaftServerImpl.java:<init>(95)) - 28e6f063-521b-4b0b-a02a-5e9043c40346: new RaftServerImpl for group-4FD31D4D5196:[28e6f063-521b-4b0b-a02a-5e9043c40346:192.168.151.103:43810] with ContainerStateMachine:uninitialized
2019-10-01 13:48:02,787 [pool-62-thread-1] INFO  server.RaftServerConfigKeys (ConfUtils.java:logGet(43)) - raft.server.rpc.timeout.min = 5s (custom)
2019-10-01 13:48:02,787 [pool-62-thread-1] INFO  server.RaftServerConfigKeys (ConfUtils.java:logGet(43)) - raft.server.rpc.timeout.max = 5200ms (custom)
2019-10-01 13:48:02,787 [pool-62-thread-1] INFO  server.RaftServerConfigKeys (ConfUtils.java:logGet(43)) - raft.server.rpcslowness.timeout = 120s (custom)
2019-10-01 13:48:02,787 [pool-62-thread-1] INFO  server.RaftServerConfigKeys (ConfUtils.java:logGet(43)) - raft.server.sleep.deviation.threshold = 300 (default)
2019-10-01 13:48:02,788 [pool-62-thread-1] INFO  server.RaftServerConfigKeys (ConfUtils.java:logGet(43)) - raft.server.log.appender.install.snapshot.enabled = false (custom)
2019-10-01 13:48:02,788 [pool-62-thread-1] INFO  impl.RaftServerImpl (ServerState.java:<init>(103)) - 28e6f063-521b-4b0b-a02a-5e9043c40346@group-4FD31D4D5196: ConfigurationManager, init=-1: [28e6f063-521b-4b0b-a02a-5e9043c40346:192.168.151.103:43810], old=null, confs=<EMPTY_MAP>
2019-10-01 13:48:02,788 [pool-62-thread-1] INFO  server.RaftServerConfigKeys (ConfUtils.java:logGet(43)) - raft.server.storage.dir = [/workdir/hadoop-ozone/integration-test/target/test-dir/MiniOzoneClusterImpl-c454a207-f4f8-4ee2-a371-1771be9b0699/datanode-3/data/ratis] (custom)
2019-10-01 13:48:02,789 [pool-62-thread-1] INFO  storage.RaftStorageDirectory (RaftStorageDirectory.java:analyzeStorage(246)) - The storage directory /workdir/hadoop-ozone/integration-test/target/test-dir/MiniOzoneClusterImpl-c454a207-f4f8-4ee2-a371-1771be9b0699/datanode-3/data/ratis/1a46c41c-d620-40be-9507-4fd31d4d5196 does not exist. Creating ...
2019-10-01 13:48:02,814 [pool-62-thread-1] INFO  storage.RaftStorageDirectory (RaftStorageDirectory.java:tryLock(328)) - Lock on /workdir/hadoop-ozone/integration-test/target/test-dir/MiniOzoneClusterImpl-c454a207-f4f8-4ee2-a371-1771be9b0699/datanode-3/data/ratis/1a46c41c-d620-40be-9507-4fd31d4d5196/in_use.lock acquired by nodename 29402@pr-trunk-878pl-325597374
2019-10-01 13:48:02,827 [pool-62-thread-1] INFO  storage.RaftStorage (RaftStorage.java:format(72)) - Storage directory /workdir/hadoop-ozone/integration-test/target/test-dir/MiniOzoneClusterImpl-c454a207-f4f8-4ee2-a371-1771be9b0699/datanode-3/data/ratis/1a46c41c-d620-40be-9507-4fd31d4d5196 has been successfully formatted.
2019-10-01 13:48:02,828 [pool-62-thread-1] INFO  ratis.ContainerStateMachine (ContainerStateMachine.java:loadSnapshot(231)) - group-4FD31D4D5196: The snapshot info is null. Setting the last applied indexto:(t:0, i:~)
2019-10-01 13:48:02,828 [pool-62-thread-1] INFO  server.RaftServerConfigKeys (ConfUtils.java:logGet(43)) - raft.server.notification.no-leader.timeout = 120s (custom)
2019-10-01 13:48:02,828 [pool-62-thread-1] INFO  server.RaftServerConfigKeys (ConfUtils.java:logGet(43)) - raft.server.log.use.memory = false (default)
2019-10-01 13:48:02,828 [pool-62-thread-1] INFO  server.RaftServerConfigKeys (ConfUtils.java:logGet(43)) - raft.server.log.purge.gap = 1000000 (custom)
2019-10-01 13:48:02,829 [pool-62-thread-1] INFO  server.RaftServerConfigKeys (ConfUtils.java:logGet(43)) - raft.server.log.appender.buffer.byte-limit = 33554432 (custom)
2019-10-01 13:48:02,829 [pool-62-thread-1] INFO  server.RaftServerConfigKeys (ConfUtils.java:logGet(43)) - raft.server.log.segment.size.max = 1048576 (custom)
2019-10-01 13:48:02,829 [pool-62-thread-1] INFO  server.RaftServerConfigKeys (ConfUtils.java:logGet(43)) - raft.server.log.segment.cache.num.max = 2 (custom)
2019-10-01 13:48:02,829 [pool-62-thread-1] INFO  segmented.SegmentedRaftLogWorker (SegmentedRaftLogWorker.java:<init>(172)) - new 28e6f063-521b-4b0b-a02a-5e9043c40346@group-4FD31D4D5196-SegmentedRaftLogWorker for RaftStorage:Storage Directory /workdir/hadoop-ozone/integration-test/target/test-dir/MiniOzoneClusterImpl-c454a207-f4f8-4ee2-a371-1771be9b0699/datanode-3/data/ratis/1a46c41c-d620-40be-9507-4fd31d4d5196
2019-10-01 13:48:02,835 [pool-62-thread-1] INFO  server.RaftServerConfigKeys (ConfUtils.java:logGet(43)) - raft.server.log.queue.byte-limit = 2147483647 (custom)
2019-10-01 13:48:02,835 [pool-62-thread-1] INFO  server.RaftServerConfigKeys (ConfUtils.java:logGet(43)) - raft.server.log.queue.element-limit = 1024 (custom)
2019-10-01 13:48:02,835 [pool-62-thread-1] INFO  server.RaftServerConfigKeys (ConfUtils.java:logGet(43)) - raft.server.log.segment.size.max = 1048576 (custom)
2019-10-01 13:48:02,835 [pool-62-thread-1] INFO  server.RaftServerConfigKeys (ConfUtils.java:logGet(43)) - raft.server.log.preallocated.size = 16384 (custom)
2019-10-01 13:48:02,836 [pool-62-thread-1] INFO  server.RaftServerConfigKeys (ConfUtils.java:logGet(43)) - raft.server.log.write.buffer.size = 33554432 (custom)
2019-10-01 13:48:02,836 [pool-62-thread-1] INFO  server.RaftServerConfigKeys (ConfUtils.java:logGet(43)) - raft.server.log.force.sync.num = 128 (default)
2019-10-01 13:48:02,836 [pool-62-thread-1] INFO  server.RaftServerConfigKeys (ConfUtils.java:logGet(43)) - raft.server.log.statemachine.data.sync = true (default)
2019-10-01 13:48:02,836 [pool-62-thread-1] INFO  server.RaftServerConfigKeys (ConfUtils.java:logGet(43)) - raft.server.log.statemachine.data.sync.timeout = 10s (default)
2019-10-01 13:48:02,837 [pool-62-thread-1] INFO  server.RaftServerConfigKeys (ConfUtils.java:logGet(43)) - raft.server.log.statemachine.data.sync.timeout.retry = -1 (default)
2019-10-01 13:48:02,837 [pool-62-thread-1] INFO  server.RaftServerConfigKeys (ConfUtils.java:logGet(43)) - raft.server.log.statemachine.data.caching.enabled = true (custom)
2019-10-01 13:48:02,838 [pool-62-thread-1] INFO  segmented.SegmentedRaftLogWorker (SegmentedRaftLogWorker.java:lambda$new$0(132)) - 28e6f063-521b-4b0b-a02a-5e9043c40346@group-4FD31D4D5196-SegmentedRaftLogWorker: flushIndex: setUnconditionally 0 -> -1
2019-10-01 13:48:02,838 [pool-62-thread-1] INFO  server.RaftServerConfigKeys (ConfUtils.java:logGet(43)) - raft.server.snapshot.auto.trigger.enabled = true (custom)
2019-10-01 13:48:02,838 [pool-62-thread-1] INFO  server.RaftServerConfigKeys (ConfUtils.java:logGet(43)) - raft.server.snapshot.auto.trigger.threshold = 10000 (custom)
2019-10-01 13:48:02,838 [pool-62-thread-1] INFO  server.RaftServerConfigKeys (ConfUtils.java:logGet(43)) - raft.server.snapshot.retention.num.files = 5 (custom)
2019-10-01 13:48:02,839 [pool-62-thread-1] INFO  server.RaftServerConfigKeys (ConfUtils.java:logGet(43)) - raft.server.retrycache.expirytime = 600000ms (custom)
2019-10-01 13:48:02,843 [pool-62-thread-1] INFO  impl.RaftServerImpl (RaftServerImpl.java:start(185)) - 28e6f063-521b-4b0b-a02a-5e9043c40346@group-4FD31D4D5196: start as a follower, conf=-1: [28e6f063-521b-4b0b-a02a-5e9043c40346:192.168.151.103:43810], old=null
2019-10-01 13:48:02,843 [pool-62-thread-1] INFO  impl.RaftServerImpl (RaftServerImpl.java:setRole(174)) - 28e6f063-521b-4b0b-a02a-5e9043c40346@group-4FD31D4D5196: changes role from      null to FOLLOWER at term 0 for startAsFollower
2019-10-01 13:48:02,844 [pool-62-thread-1] INFO  impl.RoleInfo (RoleInfo.java:updateAndGet(143)) - 28e6f063-521b-4b0b-a02a-5e9043c40346: start FollowerState
2019-10-01 13:48:02,844 [pool-62-thread-1] INFO  util.JmxRegister (JmxRegister.java:tryRegister(44)) - Successfully registered JMX Bean with object name Ratis:service=RaftServer,group=group-4FD31D4D5196,id=28e6f063-521b-4b0b-a02a-5e9043c40346
2019-10-01 13:48:02,858 [RatisPipelineUtilsThread] INFO  pipeline.PipelineStateManager (PipelineStateManager.java:addPipeline(56)) - Created pipeline Pipeline[ Id: 1a46c41c-d620-40be-9507-4fd31d4d5196, Nodes: 28e6f063-521b-4b0b-a02a-5e9043c40346{ip: 192.168.151.103, host: pr-trunk-878pl-325597374, networkLocation: /rack1, certSerialId: null}, Type:RATIS, Factor:ONE, State:OPEN]
2019-10-01 13:48:02,879 [grpc-default-executor-0] INFO  impl.RaftServerProxy (RaftServerProxy.java:addNew(89)) - 12dc2f29-1138-4721-9a66-3f514902d6d7: addNew group-92436C6B8900:[12dc2f29-1138-4721-9a66-3f514902d6d7:192.168.151.103:32920] returns group-92436C6B8900:java.util.concurrent.CompletableFuture@e399504[Not completed]
2019-10-01 13:48:02,881 [pool-42-thread-1] INFO  impl.RaftServerImpl (RaftServerImpl.java:<init>(95)) - 12dc2f29-1138-4721-9a66-3f514902d6d7: new RaftServerImpl for group-92436C6B8900:[12dc2f29-1138-4721-9a66-3f514902d6d7:192.168.151.103:32920] with ContainerStateMachine:uninitialized
2019-10-01 13:48:02,881 [pool-42-thread-1] INFO  server.RaftServerConfigKeys (ConfUtils.java:logGet(43)) - raft.server.rpc.timeout.min = 5s (custom)
2019-10-01 13:48:02,881 [pool-42-thread-1] INFO  server.RaftServerConfigKeys (ConfUtils.java:logGet(43)) - raft.server.rpc.timeout.max = 5200ms (custom)
2019-10-01 13:48:02,881 [pool-42-thread-1] INFO  server.RaftServerConfigKeys (ConfUtils.java:logGet(43)) - raft.server.rpcslowness.timeout = 120s (custom)
2019-10-01 13:48:02,881 [pool-42-thread-1] INFO  server.RaftServerConfigKeys (ConfUtils.java:logGet(43)) - raft.server.sleep.deviation.threshold = 300 (default)
2019-10-01 13:48:02,882 [pool-42-thread-1] INFO  server.RaftServerConfigKeys (ConfUtils.java:logGet(43)) - raft.server.log.appender.install.snapshot.enabled = false (custom)
2019-10-01 13:48:02,882 [pool-42-thread-1] INFO  impl.RaftServerImpl (ServerState.java:<init>(103)) - 12dc2f29-1138-4721-9a66-3f514902d6d7@group-92436C6B8900: ConfigurationManager, init=-1: [12dc2f29-1138-4721-9a66-3f514902d6d7:192.168.151.103:32920], old=null, confs=<EMPTY_MAP>
2019-10-01 13:48:02,882 [pool-42-thread-1] INFO  server.RaftServerConfigKeys (ConfUtils.java:logGet(43)) - raft.server.storage.dir = [/workdir/hadoop-ozone/integration-test/target/test-dir/MiniOzoneClusterImpl-c454a207-f4f8-4ee2-a371-1771be9b0699/datanode-1/data/ratis] (custom)
2019-10-01 13:48:02,883 [pool-42-thread-1] INFO  storage.RaftStorageDirectory (RaftStorageDirectory.java:analyzeStorage(246)) - The storage directory /workdir/hadoop-ozone/integration-test/target/test-dir/MiniOzoneClusterImpl-c454a207-f4f8-4ee2-a371-1771be9b0699/datanode-1/data/ratis/940089e8-9b0e-46e9-b5c0-92436c6b8900 does not exist. Creating ...
2019-10-01 13:48:02,896 [pool-42-thread-1] INFO  storage.RaftStorageDirectory (RaftStorageDirectory.java:tryLock(328)) - Lock on /workdir/hadoop-ozone/integration-test/target/test-dir/MiniOzoneClusterImpl-c454a207-f4f8-4ee2-a371-1771be9b0699/datanode-1/data/ratis/940089e8-9b0e-46e9-b5c0-92436c6b8900/in_use.lock acquired by nodename 29402@pr-trunk-878pl-325597374
2019-10-01 13:48:02,909 [pool-42-thread-1] INFO  storage.RaftStorage (RaftStorage.java:format(72)) - Storage directory /workdir/hadoop-ozone/integration-test/target/test-dir/MiniOzoneClusterImpl-c454a207-f4f8-4ee2-a371-1771be9b0699/datanode-1/data/ratis/940089e8-9b0e-46e9-b5c0-92436c6b8900 has been successfully formatted.
2019-10-01 13:48:02,909 [pool-42-thread-1] INFO  ratis.ContainerStateMachine (ContainerStateMachine.java:loadSnapshot(231)) - group-92436C6B8900: The snapshot info is null. Setting the last applied indexto:(t:0, i:~)
2019-10-01 13:48:02,909 [pool-42-thread-1] INFO  server.RaftServerConfigKeys (ConfUtils.java:logGet(43)) - raft.server.notification.no-leader.timeout = 120s (custom)
2019-10-01 13:48:02,909 [pool-42-thread-1] INFO  server.RaftServerConfigKeys (ConfUtils.java:logGet(43)) - raft.server.log.use.memory = false (default)
2019-10-01 13:48:02,910 [pool-42-thread-1] INFO  server.RaftServerConfigKeys (ConfUtils.java:logGet(43)) - raft.server.log.purge.gap = 1000000 (custom)
2019-10-01 13:48:02,910 [pool-42-thread-1] INFO  server.RaftServerConfigKeys (ConfUtils.java:logGet(43)) - raft.server.log.appender.buffer.byte-limit = 33554432 (custom)
2019-10-01 13:48:02,910 [pool-42-thread-1] INFO  server.RaftServerConfigKeys (ConfUtils.java:logGet(43)) - raft.server.log.segment.size.max = 1048576 (custom)
2019-10-01 13:48:02,910 [pool-42-thread-1] INFO  server.RaftServerConfigKeys (ConfUtils.java:logGet(43)) - raft.server.log.segment.cache.num.max = 2 (custom)
2019-10-01 13:48:02,910 [pool-42-thread-1] INFO  segmented.SegmentedRaftLogWorker (SegmentedRaftLogWorker.java:<init>(172)) - new 12dc2f29-1138-4721-9a66-3f514902d6d7@group-92436C6B8900-SegmentedRaftLogWorker for RaftStorage:Storage Directory /workdir/hadoop-ozone/integration-test/target/test-dir/MiniOzoneClusterImpl-c454a207-f4f8-4ee2-a371-1771be9b0699/datanode-1/data/ratis/940089e8-9b0e-46e9-b5c0-92436c6b8900
2019-10-01 13:48:02,914 [pool-42-thread-1] INFO  server.RaftServerConfigKeys (ConfUtils.java:logGet(43)) - raft.server.log.queue.byte-limit = 2147483647 (custom)
2019-10-01 13:48:02,914 [pool-42-thread-1] INFO  server.RaftServerConfigKeys (ConfUtils.java:logGet(43)) - raft.server.log.queue.element-limit = 1024 (custom)
2019-10-01 13:48:02,915 [pool-42-thread-1] INFO  server.RaftServerConfigKeys (ConfUtils.java:logGet(43)) - raft.server.log.segment.size.max = 1048576 (custom)
2019-10-01 13:48:02,915 [pool-42-thread-1] INFO  server.RaftServerConfigKeys (ConfUtils.java:logGet(43)) - raft.server.log.preallocated.size = 16384 (custom)
2019-10-01 13:48:02,915 [pool-42-thread-1] INFO  server.RaftServerConfigKeys (ConfUtils.java:logGet(43)) - raft.server.log.write.buffer.size = 33554432 (custom)
2019-10-01 13:48:02,915 [pool-42-thread-1] INFO  server.RaftServerConfigKeys (ConfUtils.java:logGet(43)) - raft.server.log.force.sync.num = 128 (default)
2019-10-01 13:48:02,915 [pool-42-thread-1] INFO  server.RaftServerConfigKeys (ConfUtils.java:logGet(43)) - raft.server.log.statemachine.data.sync = true (default)
2019-10-01 13:48:02,915 [pool-42-thread-1] INFO  server.RaftServerConfigKeys (ConfUtils.java:logGet(43)) - raft.server.log.statemachine.data.sync.timeout = 10s (default)
2019-10-01 13:48:02,916 [pool-42-thread-1] INFO  server.RaftServerConfigKeys (ConfUtils.java:logGet(43)) - raft.server.log.statemachine.data.sync.timeout.retry = -1 (default)
2019-10-01 13:48:02,916 [pool-42-thread-1] INFO  server.RaftServerConfigKeys (ConfUtils.java:logGet(43)) - raft.server.log.statemachine.data.caching.enabled = true (custom)
2019-10-01 13:48:02,916 [pool-42-thread-1] INFO  segmented.SegmentedRaftLogWorker (SegmentedRaftLogWorker.java:lambda$new$0(132)) - 12dc2f29-1138-4721-9a66-3f514902d6d7@group-92436C6B8900-SegmentedRaftLogWorker: flushIndex: setUnconditionally 0 -> -1
2019-10-01 13:48:02,917 [pool-42-thread-1] INFO  server.RaftServerConfigKeys (ConfUtils.java:logGet(43)) - raft.server.snapshot.auto.trigger.enabled = true (custom)
2019-10-01 13:48:02,917 [pool-42-thread-1] INFO  server.RaftServerConfigKeys (ConfUtils.java:logGet(43)) - raft.server.snapshot.auto.trigger.threshold = 10000 (custom)
2019-10-01 13:48:02,917 [pool-42-thread-1] INFO  server.RaftServerConfigKeys (ConfUtils.java:logGet(43)) - raft.server.snapshot.retention.num.files = 5 (custom)
2019-10-01 13:48:02,917 [pool-42-thread-1] INFO  server.RaftServerConfigKeys (ConfUtils.java:logGet(43)) - raft.server.retrycache.expirytime = 600000ms (custom)
2019-10-01 13:48:02,921 [pool-42-thread-1] INFO  impl.RaftServerImpl (RaftServerImpl.java:start(185)) - 12dc2f29-1138-4721-9a66-3f514902d6d7@group-92436C6B8900: start as a follower, conf=-1: [12dc2f29-1138-4721-9a66-3f514902d6d7:192.168.151.103:32920], old=null
2019-10-01 13:48:02,921 [pool-42-thread-1] INFO  impl.RaftServerImpl (RaftServerImpl.java:setRole(174)) - 12dc2f29-1138-4721-9a66-3f514902d6d7@group-92436C6B8900: changes role from      null to FOLLOWER at term 0 for startAsFollower
2019-10-01 13:48:02,921 [pool-42-thread-1] INFO  impl.RoleInfo (RoleInfo.java:updateAndGet(143)) - 12dc2f29-1138-4721-9a66-3f514902d6d7: start FollowerState
2019-10-01 13:48:02,922 [pool-42-thread-1] INFO  util.JmxRegister (JmxRegister.java:tryRegister(44)) - Successfully registered JMX Bean with object name Ratis:service=RaftServer,group=group-92436C6B8900,id=12dc2f29-1138-4721-9a66-3f514902d6d7
2019-10-01 13:48:02,934 [RatisPipelineUtilsThread] INFO  pipeline.PipelineStateManager (PipelineStateManager.java:addPipeline(56)) - Created pipeline Pipeline[ Id: 940089e8-9b0e-46e9-b5c0-92436c6b8900, Nodes: 12dc2f29-1138-4721-9a66-3f514902d6d7{ip: 192.168.151.103, host: pr-trunk-878pl-325597374, networkLocation: /rack1, certSerialId: null}, Type:RATIS, Factor:ONE, State:OPEN]
2019-10-01 13:48:02,989 [grpc-default-executor-1] INFO  impl.RaftServerProxy (RaftServerProxy.java:addNew(89)) - 060a3888-7a74-4b9b-97fd-fd9a817a6619: addNew group-D49482B05581:[ca9409bf-535d-46b2-a29d-0f3e9142befc:192.168.151.103:43158, 28e6f063-521b-4b0b-a02a-5e9043c40346:192.168.151.103:43810, 060a3888-7a74-4b9b-97fd-fd9a817a6619:192.168.151.103:34514] returns group-D49482B05581:java.util.concurrent.CompletableFuture@3de5ccc8[Not completed]
2019-10-01 13:48:02,989 [grpc-default-executor-0] INFO  impl.RaftServerProxy (RaftServerProxy.java:addNew(89)) - 28e6f063-521b-4b0b-a02a-5e9043c40346: addNew group-D49482B05581:[ca9409bf-535d-46b2-a29d-0f3e9142befc:192.168.151.103:43158, 28e6f063-521b-4b0b-a02a-5e9043c40346:192.168.151.103:43810, 060a3888-7a74-4b9b-97fd-fd9a817a6619:192.168.151.103:34514] returns group-D49482B05581:java.util.concurrent.CompletableFuture@6abd5688[Not completed]
2019-10-01 13:48:02,989 [grpc-default-executor-2] INFO  impl.RaftServerProxy (RaftServerProxy.java:addNew(89)) - ca9409bf-535d-46b2-a29d-0f3e9142befc: addNew group-D49482B05581:[ca9409bf-535d-46b2-a29d-0f3e9142befc:192.168.151.103:43158, 28e6f063-521b-4b0b-a02a-5e9043c40346:192.168.151.103:43810, 060a3888-7a74-4b9b-97fd-fd9a817a6619:192.168.151.103:34514] returns group-D49482B05581:java.util.concurrent.CompletableFuture@410a0326[Not completed]
2019-10-01 13:48:02,991 [pool-52-thread-1] INFO  impl.RaftServerImpl (RaftServerImpl.java:<init>(95)) - 060a3888-7a74-4b9b-97fd-fd9a817a6619: new RaftServerImpl for group-D49482B05581:[ca9409bf-535d-46b2-a29d-0f3e9142befc:192.168.151.103:43158, 28e6f063-521b-4b0b-a02a-5e9043c40346:192.168.151.103:43810, 060a3888-7a74-4b9b-97fd-fd9a817a6619:192.168.151.103:34514] with ContainerStateMachine:uninitialized
2019-10-01 13:48:02,991 [pool-52-thread-1] INFO  server.RaftServerConfigKeys (ConfUtils.java:logGet(43)) - raft.server.rpc.timeout.min = 5s (custom)
2019-10-01 13:48:02,991 [pool-52-thread-1] INFO  server.RaftServerConfigKeys (ConfUtils.java:logGet(43)) - raft.server.rpc.timeout.max = 5200ms (custom)
2019-10-01 13:48:02,992 [pool-52-thread-1] INFO  server.RaftServerConfigKeys (ConfUtils.java:logGet(43)) - raft.server.rpcslowness.timeout = 120s (custom)
2019-10-01 13:48:02,992 [pool-52-thread-1] INFO  server.RaftServerConfigKeys (ConfUtils.java:logGet(43)) - raft.server.sleep.deviation.threshold = 300 (default)
2019-10-01 13:48:02,992 [pool-32-thread-1] INFO  impl.RaftServerImpl (RaftServerImpl.java:<init>(95)) - ca9409bf-535d-46b2-a29d-0f3e9142befc: new RaftServerImpl for group-D49482B05581:[ca9409bf-535d-46b2-a29d-0f3e9142befc:192.168.151.103:43158, 28e6f063-521b-4b0b-a02a-5e9043c40346:192.168.151.103:43810, 060a3888-7a74-4b9b-97fd-fd9a817a6619:192.168.151.103:34514] with ContainerStateMachine:uninitialized
2019-10-01 13:48:02,992 [pool-52-thread-1] INFO  server.RaftServerConfigKeys (ConfUtils.java:logGet(43)) - raft.server.log.appender.install.snapshot.enabled = false (custom)
2019-10-01 13:48:02,992 [pool-32-thread-1] INFO  server.RaftServerConfigKeys (ConfUtils.java:logGet(43)) - raft.server.rpc.timeout.min = 5s (custom)
2019-10-01 13:48:02,992 [pool-52-thread-1] INFO  impl.RaftServerImpl (ServerState.java:<init>(103)) - 060a3888-7a74-4b9b-97fd-fd9a817a6619@group-D49482B05581: ConfigurationManager, init=-1: [ca9409bf-535d-46b2-a29d-0f3e9142befc:192.168.151.103:43158, 28e6f063-521b-4b0b-a02a-5e9043c40346:192.168.151.103:43810, 060a3888-7a74-4b9b-97fd-fd9a817a6619:192.168.151.103:34514], old=null, confs=<EMPTY_MAP>
2019-10-01 13:48:02,993 [pool-32-thread-1] INFO  server.RaftServerConfigKeys (ConfUtils.java:logGet(43)) - raft.server.rpc.timeout.max = 5200ms (custom)
2019-10-01 13:48:02,993 [pool-62-thread-1] INFO  impl.RaftServerImpl (RaftServerImpl.java:<init>(95)) - 28e6f063-521b-4b0b-a02a-5e9043c40346: new RaftServerImpl for group-D49482B05581:[ca9409bf-535d-46b2-a29d-0f3e9142befc:192.168.151.103:43158, 28e6f063-521b-4b0b-a02a-5e9043c40346:192.168.151.103:43810, 060a3888-7a74-4b9b-97fd-fd9a817a6619:192.168.151.103:34514] with ContainerStateMachine:uninitialized
2019-10-01 13:48:02,993 [pool-52-thread-1] INFO  server.RaftServerConfigKeys (ConfUtils.java:logGet(43)) - raft.server.storage.dir = [/workdir/hadoop-ozone/integration-test/target/test-dir/MiniOzoneClusterImpl-c454a207-f4f8-4ee2-a371-1771be9b0699/datanode-2/data/ratis] (custom)
2019-10-01 13:48:02,993 [pool-32-thread-1] INFO  server.RaftServerConfigKeys (ConfUtils.java:logGet(43)) - raft.server.rpcslowness.timeout = 120s (custom)
2019-10-01 13:48:02,993 [pool-62-thread-1] INFO  server.RaftServerConfigKeys (ConfUtils.java:logGet(43)) - raft.server.rpc.timeout.min = 5s (custom)
2019-10-01 13:48:02,993 [pool-32-thread-1] INFO  server.RaftServerConfigKeys (ConfUtils.java:logGet(43)) - raft.server.sleep.deviation.threshold = 300 (default)
2019-10-01 13:48:02,993 [pool-62-thread-1] INFO  server.RaftServerConfigKeys (ConfUtils.java:logGet(43)) - raft.server.rpc.timeout.max = 5200ms (custom)
2019-10-01 13:48:02,993 [pool-32-thread-1] INFO  server.RaftServerConfigKeys (ConfUtils.java:logGet(43)) - raft.server.log.appender.install.snapshot.enabled = false (custom)
2019-10-01 13:48:02,993 [pool-52-thread-1] INFO  storage.RaftStorageDirectory (RaftStorageDirectory.java:analyzeStorage(246)) - The storage directory /workdir/hadoop-ozone/integration-test/target/test-dir/MiniOzoneClusterImpl-c454a207-f4f8-4ee2-a371-1771be9b0699/datanode-2/data/ratis/1be204de-e5b7-42ce-9bf1-d49482b05581 does not exist. Creating ...
2019-10-01 13:48:02,994 [pool-32-thread-1] INFO  impl.RaftServerImpl (ServerState.java:<init>(103)) - ca9409bf-535d-46b2-a29d-0f3e9142befc@group-D49482B05581: ConfigurationManager, init=-1: [ca9409bf-535d-46b2-a29d-0f3e9142befc:192.168.151.103:43158, 28e6f063-521b-4b0b-a02a-5e9043c40346:192.168.151.103:43810, 060a3888-7a74-4b9b-97fd-fd9a817a6619:192.168.151.103:34514], old=null, confs=<EMPTY_MAP>
2019-10-01 13:48:02,994 [pool-62-thread-1] INFO  server.RaftServerConfigKeys (ConfUtils.java:logGet(43)) - raft.server.rpcslowness.timeout = 120s (custom)
2019-10-01 13:48:02,994 [pool-32-thread-1] INFO  server.RaftServerConfigKeys (ConfUtils.java:logGet(43)) - raft.server.storage.dir = [/workdir/hadoop-ozone/integration-test/target/test-dir/MiniOzoneClusterImpl-c454a207-f4f8-4ee2-a371-1771be9b0699/datanode-0/data/ratis] (custom)
2019-10-01 13:48:02,994 [pool-62-thread-1] INFO  server.RaftServerConfigKeys (ConfUtils.java:logGet(43)) - raft.server.sleep.deviation.threshold = 300 (default)
2019-10-01 13:48:02,994 [pool-62-thread-1] INFO  server.RaftServerConfigKeys (ConfUtils.java:logGet(43)) - raft.server.log.appender.install.snapshot.enabled = false (custom)
2019-10-01 13:48:02,994 [pool-32-thread-1] INFO  storage.RaftStorageDirectory (RaftStorageDirectory.java:analyzeStorage(246)) - The storage directory /workdir/hadoop-ozone/integration-test/target/test-dir/MiniOzoneClusterImpl-c454a207-f4f8-4ee2-a371-1771be9b0699/datanode-0/data/ratis/1be204de-e5b7-42ce-9bf1-d49482b05581 does not exist. Creating ...
2019-10-01 13:48:02,994 [pool-62-thread-1] INFO  impl.RaftServerImpl (ServerState.java:<init>(103)) - 28e6f063-521b-4b0b-a02a-5e9043c40346@group-D49482B05581: ConfigurationManager, init=-1: [ca9409bf-535d-46b2-a29d-0f3e9142befc:192.168.151.103:43158, 28e6f063-521b-4b0b-a02a-5e9043c40346:192.168.151.103:43810, 060a3888-7a74-4b9b-97fd-fd9a817a6619:192.168.151.103:34514], old=null, confs=<EMPTY_MAP>
2019-10-01 13:48:02,995 [pool-62-thread-1] INFO  server.RaftServerConfigKeys (ConfUtils.java:logGet(43)) - raft.server.storage.dir = [/workdir/hadoop-ozone/integration-test/target/test-dir/MiniOzoneClusterImpl-c454a207-f4f8-4ee2-a371-1771be9b0699/datanode-3/data/ratis] (custom)
2019-10-01 13:48:02,995 [pool-62-thread-1] INFO  storage.RaftStorageDirectory (RaftStorageDirectory.java:analyzeStorage(246)) - The storage directory /workdir/hadoop-ozone/integration-test/target/test-dir/MiniOzoneClusterImpl-c454a207-f4f8-4ee2-a371-1771be9b0699/datanode-3/data/ratis/1be204de-e5b7-42ce-9bf1-d49482b05581 does not exist. Creating ...
2019-10-01 13:48:03,008 [pool-52-thread-1] INFO  storage.RaftStorageDirectory (RaftStorageDirectory.java:tryLock(328)) - Lock on /workdir/hadoop-ozone/integration-test/target/test-dir/MiniOzoneClusterImpl-c454a207-f4f8-4ee2-a371-1771be9b0699/datanode-2/data/ratis/1be204de-e5b7-42ce-9bf1-d49482b05581/in_use.lock acquired by nodename 29402@pr-trunk-878pl-325597374
2019-10-01 13:48:03,008 [pool-62-thread-1] INFO  storage.RaftStorageDirectory (RaftStorageDirectory.java:tryLock(328)) - Lock on /workdir/hadoop-ozone/integration-test/target/test-dir/MiniOzoneClusterImpl-c454a207-f4f8-4ee2-a371-1771be9b0699/datanode-3/data/ratis/1be204de-e5b7-42ce-9bf1-d49482b05581/in_use.lock acquired by nodename 29402@pr-trunk-878pl-325597374
2019-10-01 13:48:03,008 [pool-32-thread-1] INFO  storage.RaftStorageDirectory (RaftStorageDirectory.java:tryLock(328)) - Lock on /workdir/hadoop-ozone/integration-test/target/test-dir/MiniOzoneClusterImpl-c454a207-f4f8-4ee2-a371-1771be9b0699/datanode-0/data/ratis/1be204de-e5b7-42ce-9bf1-d49482b05581/in_use.lock acquired by nodename 29402@pr-trunk-878pl-325597374
2019-10-01 13:48:03,022 [pool-32-thread-1] INFO  storage.RaftStorage (RaftStorage.java:format(72)) - Storage directory /workdir/hadoop-ozone/integration-test/target/test-dir/MiniOzoneClusterImpl-c454a207-f4f8-4ee2-a371-1771be9b0699/datanode-0/data/ratis/1be204de-e5b7-42ce-9bf1-d49482b05581 has been successfully formatted.
2019-10-01 13:48:03,022 [pool-62-thread-1] INFO  storage.RaftStorage (RaftStorage.java:format(72)) - Storage directory /workdir/hadoop-ozone/integration-test/target/test-dir/MiniOzoneClusterImpl-c454a207-f4f8-4ee2-a371-1771be9b0699/datanode-3/data/ratis/1be204de-e5b7-42ce-9bf1-d49482b05581 has been successfully formatted.
2019-10-01 13:48:03,022 [pool-52-thread-1] INFO  storage.RaftStorage (RaftStorage.java:format(72)) - Storage directory /workdir/hadoop-ozone/integration-test/target/test-dir/MiniOzoneClusterImpl-c454a207-f4f8-4ee2-a371-1771be9b0699/datanode-2/data/ratis/1be204de-e5b7-42ce-9bf1-d49482b05581 has been successfully formatted.
2019-10-01 13:48:03,022 [pool-32-thread-1] INFO  ratis.ContainerStateMachine (ContainerStateMachine.java:loadSnapshot(231)) - group-D49482B05581: The snapshot info is null. Setting the last applied indexto:(t:0, i:~)
2019-10-01 13:48:03,023 [pool-62-thread-1] INFO  ratis.ContainerStateMachine (ContainerStateMachine.java:loadSnapshot(231)) - group-D49482B05581: The snapshot info is null. Setting the last applied indexto:(t:0, i:~)
2019-10-01 13:48:03,023 [pool-32-thread-1] INFO  server.RaftServerConfigKeys (ConfUtils.java:logGet(43)) - raft.server.notification.no-leader.timeout = 120s (custom)
2019-10-01 13:48:03,023 [pool-52-thread-1] INFO  ratis.ContainerStateMachine (ContainerStateMachine.java:loadSnapshot(231)) - group-D49482B05581: The snapshot info is null. Setting the last applied indexto:(t:0, i:~)
2019-10-01 13:48:03,023 [pool-32-thread-1] INFO  server.RaftServerConfigKeys (ConfUtils.java:logGet(43)) - raft.server.log.use.memory = false (default)
2019-10-01 13:48:03,023 [pool-62-thread-1] INFO  server.RaftServerConfigKeys (ConfUtils.java:logGet(43)) - raft.server.notification.no-leader.timeout = 120s (custom)
2019-10-01 13:48:03,023 [pool-32-thread-1] INFO  server.RaftServerConfigKeys (ConfUtils.java:logGet(43)) - raft.server.log.purge.gap = 1000000 (custom)
2019-10-01 13:48:03,023 [pool-52-thread-1] INFO  server.RaftServerConfigKeys (ConfUtils.java:logGet(43)) - raft.server.notification.no-leader.timeout = 120s (custom)
2019-10-01 13:48:03,024 [pool-32-thread-1] INFO  server.RaftServerConfigKeys (ConfUtils.java:logGet(43)) - raft.server.log.appender.buffer.byte-limit = 33554432 (custom)
2019-10-01 13:48:03,023 [pool-62-thread-1] INFO  server.RaftServerConfigKeys (ConfUtils.java:logGet(43)) - raft.server.log.use.memory = false (default)
2019-10-01 13:48:03,024 [pool-32-thread-1] INFO  server.RaftServerConfigKeys (ConfUtils.java:logGet(43)) - raft.server.log.segment.size.max = 1048576 (custom)
2019-10-01 13:48:03,024 [pool-62-thread-1] INFO  server.RaftServerConfigKeys (ConfUtils.java:logGet(43)) - raft.server.log.purge.gap = 1000000 (custom)
2019-10-01 13:48:03,024 [pool-52-thread-1] INFO  server.RaftServerConfigKeys (ConfUtils.java:logGet(43)) - raft.server.log.use.memory = false (default)
2019-10-01 13:48:03,024 [pool-62-thread-1] INFO  server.RaftServerConfigKeys (ConfUtils.java:logGet(43)) - raft.server.log.appender.buffer.byte-limit = 33554432 (custom)
2019-10-01 13:48:03,024 [pool-32-thread-1] INFO  server.RaftServerConfigKeys (ConfUtils.java:logGet(43)) - raft.server.log.segment.cache.num.max = 2 (custom)
2019-10-01 13:48:03,025 [pool-62-thread-1] INFO  server.RaftServerConfigKeys (ConfUtils.java:logGet(43)) - raft.server.log.segment.size.max = 1048576 (custom)
2019-10-01 13:48:03,025 [pool-52-thread-1] INFO  server.RaftServerConfigKeys (ConfUtils.java:logGet(43)) - raft.server.log.purge.gap = 1000000 (custom)
2019-10-01 13:48:03,025 [pool-62-thread-1] INFO  server.RaftServerConfigKeys (ConfUtils.java:logGet(43)) - raft.server.log.segment.cache.num.max = 2 (custom)
2019-10-01 13:48:03,025 [pool-32-thread-1] INFO  segmented.SegmentedRaftLogWorker (SegmentedRaftLogWorker.java:<init>(172)) - new ca9409bf-535d-46b2-a29d-0f3e9142befc@group-D49482B05581-SegmentedRaftLogWorker for RaftStorage:Storage Directory /workdir/hadoop-ozone/integration-test/target/test-dir/MiniOzoneClusterImpl-c454a207-f4f8-4ee2-a371-1771be9b0699/datanode-0/data/ratis/1be204de-e5b7-42ce-9bf1-d49482b05581
2019-10-01 13:48:03,025 [pool-62-thread-1] INFO  segmented.SegmentedRaftLogWorker (SegmentedRaftLogWorker.java:<init>(172)) - new 28e6f063-521b-4b0b-a02a-5e9043c40346@group-D49482B05581-SegmentedRaftLogWorker for RaftStorage:Storage Directory /workdir/hadoop-ozone/integration-test/target/test-dir/MiniOzoneClusterImpl-c454a207-f4f8-4ee2-a371-1771be9b0699/datanode-3/data/ratis/1be204de-e5b7-42ce-9bf1-d49482b05581
2019-10-01 13:48:03,025 [pool-52-thread-1] INFO  server.RaftServerConfigKeys (ConfUtils.java:logGet(43)) - raft.server.log.appender.buffer.byte-limit = 33554432 (custom)
2019-10-01 13:48:03,026 [pool-62-thread-1] INFO  server.RaftServerConfigKeys (ConfUtils.java:logGet(43)) - raft.server.log.queue.byte-limit = 2147483647 (custom)
2019-10-01 13:48:03,025 [pool-32-thread-1] INFO  server.RaftServerConfigKeys (ConfUtils.java:logGet(43)) - raft.server.log.queue.byte-limit = 2147483647 (custom)
2019-10-01 13:48:03,026 [pool-62-thread-1] INFO  server.RaftServerConfigKeys (ConfUtils.java:logGet(43)) - raft.server.log.queue.element-limit = 1024 (custom)
2019-10-01 13:48:03,026 [pool-52-thread-1] INFO  server.RaftServerConfigKeys (ConfUtils.java:logGet(43)) - raft.server.log.segment.size.max = 1048576 (custom)
2019-10-01 13:48:03,026 [pool-62-thread-1] INFO  server.RaftServerConfigKeys (ConfUtils.java:logGet(43)) - raft.server.log.segment.size.max = 1048576 (custom)
2019-10-01 13:48:03,026 [pool-32-thread-1] INFO  server.RaftServerConfigKeys (ConfUtils.java:logGet(43)) - raft.server.log.queue.element-limit = 1024 (custom)
2019-10-01 13:48:03,027 [pool-62-thread-1] INFO  server.RaftServerConfigKeys (ConfUtils.java:logGet(43)) - raft.server.log.preallocated.size = 16384 (custom)
2019-10-01 13:48:03,026 [pool-52-thread-1] INFO  server.RaftServerConfigKeys (ConfUtils.java:logGet(43)) - raft.server.log.segment.cache.num.max = 2 (custom)
2019-10-01 13:48:03,027 [pool-62-thread-1] INFO  server.RaftServerConfigKeys (ConfUtils.java:logGet(43)) - raft.server.log.write.buffer.size = 33554432 (custom)
2019-10-01 13:48:03,027 [pool-32-thread-1] INFO  server.RaftServerConfigKeys (ConfUtils.java:logGet(43)) - raft.server.log.segment.size.max = 1048576 (custom)
2019-10-01 13:48:03,027 [pool-62-thread-1] INFO  server.RaftServerConfigKeys (ConfUtils.java:logGet(43)) - raft.server.log.force.sync.num = 128 (default)
2019-10-01 13:48:03,027 [pool-52-thread-1] INFO  segmented.SegmentedRaftLogWorker (SegmentedRaftLogWorker.java:<init>(172)) - new 060a3888-7a74-4b9b-97fd-fd9a817a6619@group-D49482B05581-SegmentedRaftLogWorker for RaftStorage:Storage Directory /workdir/hadoop-ozone/integration-test/target/test-dir/MiniOzoneClusterImpl-c454a207-f4f8-4ee2-a371-1771be9b0699/datanode-2/data/ratis/1be204de-e5b7-42ce-9bf1-d49482b05581
2019-10-01 13:48:03,028 [pool-62-thread-1] INFO  server.RaftServerConfigKeys (ConfUtils.java:logGet(43)) - raft.server.log.statemachine.data.sync = true (default)
2019-10-01 13:48:03,027 [pool-32-thread-1] INFO  server.RaftServerConfigKeys (ConfUtils.java:logGet(43)) - raft.server.log.preallocated.size = 16384 (custom)
2019-10-01 13:48:03,028 [pool-62-thread-1] INFO  server.RaftServerConfigKeys (ConfUtils.java:logGet(43)) - raft.server.log.statemachine.data.sync.timeout = 10s (default)
2019-10-01 13:48:03,028 [pool-52-thread-1] INFO  server.RaftServerConfigKeys (ConfUtils.java:logGet(43)) - raft.server.log.queue.byte-limit = 2147483647 (custom)
2019-10-01 13:48:03,028 [pool-62-thread-1] INFO  server.RaftServerConfigKeys (ConfUtils.java:logGet(43)) - raft.server.log.statemachine.data.sync.timeout.retry = -1 (default)
2019-10-01 13:48:03,028 [pool-32-thread-1] INFO  server.RaftServerConfigKeys (ConfUtils.java:logGet(43)) - raft.server.log.write.buffer.size = 33554432 (custom)
2019-10-01 13:48:03,028 [pool-52-thread-1] INFO  server.RaftServerConfigKeys (ConfUtils.java:logGet(43)) - raft.server.log.queue.element-limit = 1024 (custom)
2019-10-01 13:48:03,029 [pool-62-thread-1] INFO  server.RaftServerConfigKeys (ConfUtils.java:logGet(43)) - raft.server.log.statemachine.data.caching.enabled = true (custom)
2019-10-01 13:48:03,029 [pool-32-thread-1] INFO  server.RaftServerConfigKeys (ConfUtils.java:logGet(43)) - raft.server.log.force.sync.num = 128 (default)
2019-10-01 13:48:03,029 [pool-52-thread-1] INFO  server.RaftServerConfigKeys (ConfUtils.java:logGet(43)) - raft.server.log.segment.size.max = 1048576 (custom)
2019-10-01 13:48:03,029 [pool-62-thread-1] INFO  segmented.SegmentedRaftLogWorker (SegmentedRaftLogWorker.java:lambda$new$0(132)) - 28e6f063-521b-4b0b-a02a-5e9043c40346@group-D49482B05581-SegmentedRaftLogWorker: flushIndex: setUnconditionally 0 -> -1
2019-10-01 13:48:03,029 [pool-32-thread-1] INFO  server.RaftServerConfigKeys (ConfUtils.java:logGet(43)) - raft.server.log.statemachine.data.sync = true (default)
2019-10-01 13:48:03,029 [pool-52-thread-1] INFO  server.RaftServerConfigKeys (ConfUtils.java:logGet(43)) - raft.server.log.preallocated.size = 16384 (custom)
2019-10-01 13:48:03,030 [pool-62-thread-1] INFO  server.RaftServerConfigKeys (ConfUtils.java:logGet(43)) - raft.server.snapshot.auto.trigger.enabled = true (custom)
2019-10-01 13:48:03,030 [pool-32-thread-1] INFO  server.RaftServerConfigKeys (ConfUtils.java:logGet(43)) - raft.server.log.statemachine.data.sync.timeout = 10s (default)
2019-10-01 13:48:03,030 [pool-62-thread-1] INFO  server.RaftServerConfigKeys (ConfUtils.java:logGet(43)) - raft.server.snapshot.auto.trigger.threshold = 10000 (custom)
2019-10-01 13:48:03,030 [pool-52-thread-1] INFO  server.RaftServerConfigKeys (ConfUtils.java:logGet(43)) - raft.server.log.write.buffer.size = 33554432 (custom)
2019-10-01 13:48:03,030 [pool-62-thread-1] INFO  server.RaftServerConfigKeys (ConfUtils.java:logGet(43)) - raft.server.snapshot.retention.num.files = 5 (custom)
2019-10-01 13:48:03,030 [pool-32-thread-1] INFO  server.RaftServerConfigKeys (ConfUtils.java:logGet(43)) - raft.server.log.statemachine.data.sync.timeout.retry = -1 (default)
2019-10-01 13:48:03,031 [pool-62-thread-1] INFO  server.RaftServerConfigKeys (ConfUtils.java:logGet(43)) - raft.server.retrycache.expirytime = 600000ms (custom)
2019-10-01 13:48:03,030 [pool-52-thread-1] INFO  server.RaftServerConfigKeys (ConfUtils.java:logGet(43)) - raft.server.log.force.sync.num = 128 (default)
2019-10-01 13:48:03,031 [pool-32-thread-1] INFO  server.RaftServerConfigKeys (ConfUtils.java:logGet(43)) - raft.server.log.statemachine.data.caching.enabled = true (custom)
2019-10-01 13:48:03,031 [pool-52-thread-1] INFO  server.RaftServerConfigKeys (ConfUtils.java:logGet(43)) - raft.server.log.statemachine.data.sync = true (default)
2019-10-01 13:48:03,031 [pool-32-thread-1] INFO  segmented.SegmentedRaftLogWorker (SegmentedRaftLogWorker.java:lambda$new$0(132)) - ca9409bf-535d-46b2-a29d-0f3e9142befc@group-D49482B05581-SegmentedRaftLogWorker: flushIndex: setUnconditionally 0 -> -1
2019-10-01 13:48:03,031 [pool-52-thread-1] INFO  server.RaftServerConfigKeys (ConfUtils.java:logGet(43)) - raft.server.log.statemachine.data.sync.timeout = 10s (default)
2019-10-01 13:48:03,032 [pool-52-thread-1] INFO  server.RaftServerConfigKeys (ConfUtils.java:logGet(43)) - raft.server.log.statemachine.data.sync.timeout.retry = -1 (default)
2019-10-01 13:48:03,032 [pool-32-thread-1] INFO  server.RaftServerConfigKeys (ConfUtils.java:logGet(43)) - raft.server.snapshot.auto.trigger.enabled = true (custom)
2019-10-01 13:48:03,032 [pool-52-thread-1] INFO  server.RaftServerConfigKeys (ConfUtils.java:logGet(43)) - raft.server.log.statemachine.data.caching.enabled = true (custom)
2019-10-01 13:48:03,032 [pool-32-thread-1] INFO  server.RaftServerConfigKeys (ConfUtils.java:logGet(43)) - raft.server.snapshot.auto.trigger.threshold = 10000 (custom)
2019-10-01 13:48:03,032 [pool-32-thread-1] INFO  server.RaftServerConfigKeys (ConfUtils.java:logGet(43)) - raft.server.snapshot.retention.num.files = 5 (custom)
2019-10-01 13:48:03,032 [pool-52-thread-1] INFO  segmented.SegmentedRaftLogWorker (SegmentedRaftLogWorker.java:lambda$new$0(132)) - 060a3888-7a74-4b9b-97fd-fd9a817a6619@group-D49482B05581-SegmentedRaftLogWorker: flushIndex: setUnconditionally 0 -> -1
2019-10-01 13:48:03,033 [pool-32-thread-1] INFO  server.RaftServerConfigKeys (ConfUtils.java:logGet(43)) - raft.server.retrycache.expirytime = 600000ms (custom)
2019-10-01 13:48:03,033 [pool-52-thread-1] INFO  server.RaftServerConfigKeys (ConfUtils.java:logGet(43)) - raft.server.snapshot.auto.trigger.enabled = true (custom)
2019-10-01 13:48:03,033 [pool-52-thread-1] INFO  server.RaftServerConfigKeys (ConfUtils.java:logGet(43)) - raft.server.snapshot.auto.trigger.threshold = 10000 (custom)
2019-10-01 13:48:03,033 [pool-52-thread-1] INFO  server.RaftServerConfigKeys (ConfUtils.java:logGet(43)) - raft.server.snapshot.retention.num.files = 5 (custom)
2019-10-01 13:48:03,033 [pool-52-thread-1] INFO  server.RaftServerConfigKeys (ConfUtils.java:logGet(43)) - raft.server.retrycache.expirytime = 600000ms (custom)
2019-10-01 13:48:03,035 [pool-62-thread-1] INFO  impl.RaftServerImpl (RaftServerImpl.java:start(185)) - 28e6f063-521b-4b0b-a02a-5e9043c40346@group-D49482B05581: start as a follower, conf=-1: [ca9409bf-535d-46b2-a29d-0f3e9142befc:192.168.151.103:43158, 28e6f063-521b-4b0b-a02a-5e9043c40346:192.168.151.103:43810, 060a3888-7a74-4b9b-97fd-fd9a817a6619:192.168.151.103:34514], old=null
2019-10-01 13:48:03,035 [pool-62-thread-1] INFO  impl.RaftServerImpl (RaftServerImpl.java:setRole(174)) - 28e6f063-521b-4b0b-a02a-5e9043c40346@group-D49482B05581: changes role from      null to FOLLOWER at term 0 for startAsFollower
2019-10-01 13:48:03,035 [pool-62-thread-1] INFO  impl.RoleInfo (RoleInfo.java:updateAndGet(143)) - 28e6f063-521b-4b0b-a02a-5e9043c40346: start FollowerState
2019-10-01 13:48:03,036 [pool-62-thread-1] INFO  util.JmxRegister (JmxRegister.java:tryRegister(44)) - Successfully registered JMX Bean with object name Ratis:service=RaftServer,group=group-D49482B05581,id=28e6f063-521b-4b0b-a02a-5e9043c40346
2019-10-01 13:48:03,036 [pool-32-thread-1] INFO  impl.RaftServerImpl (RaftServerImpl.java:start(185)) - ca9409bf-535d-46b2-a29d-0f3e9142befc@group-D49482B05581: start as a follower, conf=-1: [ca9409bf-535d-46b2-a29d-0f3e9142befc:192.168.151.103:43158, 28e6f063-521b-4b0b-a02a-5e9043c40346:192.168.151.103:43810, 060a3888-7a74-4b9b-97fd-fd9a817a6619:192.168.151.103:34514], old=null
2019-10-01 13:48:03,036 [pool-32-thread-1] INFO  impl.RaftServerImpl (RaftServerImpl.java:setRole(174)) - ca9409bf-535d-46b2-a29d-0f3e9142befc@group-D49482B05581: changes role from      null to FOLLOWER at term 0 for startAsFollower
2019-10-01 13:48:03,036 [pool-32-thread-1] INFO  impl.RoleInfo (RoleInfo.java:updateAndGet(143)) - ca9409bf-535d-46b2-a29d-0f3e9142befc: start FollowerState
2019-10-01 13:48:03,037 [pool-52-thread-1] INFO  impl.RaftServerImpl (RaftServerImpl.java:start(185)) - 060a3888-7a74-4b9b-97fd-fd9a817a6619@group-D49482B05581: start as a follower, conf=-1: [ca9409bf-535d-46b2-a29d-0f3e9142befc:192.168.151.103:43158, 28e6f063-521b-4b0b-a02a-5e9043c40346:192.168.151.103:43810, 060a3888-7a74-4b9b-97fd-fd9a817a6619:192.168.151.103:34514], old=null
2019-10-01 13:48:03,037 [pool-32-thread-1] INFO  util.JmxRegister (JmxRegister.java:tryRegister(44)) - Successfully registered JMX Bean with object name Ratis:service=RaftServer,group=group-D49482B05581,id=ca9409bf-535d-46b2-a29d-0f3e9142befc
2019-10-01 13:48:03,037 [pool-52-thread-1] INFO  impl.RaftServerImpl (RaftServerImpl.java:setRole(174)) - 060a3888-7a74-4b9b-97fd-fd9a817a6619@group-D49482B05581: changes role from      null to FOLLOWER at term 0 for startAsFollower
2019-10-01 13:48:03,039 [pool-52-thread-1] INFO  impl.RoleInfo (RoleInfo.java:updateAndGet(143)) - 060a3888-7a74-4b9b-97fd-fd9a817a6619: start FollowerState
2019-10-01 13:48:03,040 [pool-52-thread-1] INFO  util.JmxRegister (JmxRegister.java:tryRegister(44)) - Successfully registered JMX Bean with object name Ratis:service=RaftServer,group=group-D49482B05581,id=060a3888-7a74-4b9b-97fd-fd9a817a6619
2019-10-01 13:48:03,065 [RatisPipelineUtilsThread] INFO  pipeline.PipelineStateManager (PipelineStateManager.java:addPipeline(56)) - Created pipeline Pipeline[ Id: 1be204de-e5b7-42ce-9bf1-d49482b05581, Nodes: ca9409bf-535d-46b2-a29d-0f3e9142befc{ip: 192.168.151.103, host: pr-trunk-878pl-325597374, networkLocation: /rack1, certSerialId: null}060a3888-7a74-4b9b-97fd-fd9a817a6619{ip: 192.168.151.103, host: pr-trunk-878pl-325597374, networkLocation: /rack1, certSerialId: null}28e6f063-521b-4b0b-a02a-5e9043c40346{ip: 192.168.151.103, host: pr-trunk-878pl-325597374, networkLocation: /rack1, certSerialId: null}, Type:RATIS, Factor:THREE, State:OPEN]
2019-10-01 13:48:03,213 [main] INFO  ozone.MiniOzoneClusterImpl (MiniOzoneClusterImpl.java:lambda$waitForClusterToBeReady$0(147)) - Cluster is ready. Got 4 of 4 DN Heartbeats.
2019-10-01 13:48:04,374 [Thread-223] INFO  rpc.RpcClient (RpcClient.java:createVolume(276)) - Creating Volume: ecc2af17-7530-4636-9593-3889ba4b0373, with jenkins1000 as owner.
2019-10-01 13:48:04,507 [OM StateMachine ApplyTransaction Thread - 0] INFO  volume.OMVolumeCreateRequest (OMVolumeCreateRequest.java:validateAndUpdateCache(194)) - created volume:ecc2af17-7530-4636-9593-3889ba4b0373 for user:jenkins1000
2019-10-01 13:48:04,532 [Thread-223] INFO  rpc.RpcClient (RpcClient.java:createBucket(415)) - Creating Bucket: ecc2af17-7530-4636-9593-3889ba4b0373/44daec99-48b1-49ad-9cb4-7d8be0094443, with Versioning false and Storage Type set to DISK and Encryption set to false 
2019-10-01 13:48:04,849 [Thread-223] INFO  impl.MetricsSystemImpl (MetricsSystemImpl.java:init(158)) - XceiverClientMetrics metrics system started (again)
2019-10-01 13:48:04,981 [Thread-198] INFO  container.ReplicationManager (ReplicationManager.java:start(162)) - Starting Replication Monitor Thread.
2019-10-01 13:48:04,985 [ReplicationMonitor] INFO  container.ReplicationManager (ReplicationManager.java:run(225)) - Replication Monitor Thread took 3 milliseconds for processing 1 containers.
2019-10-01 13:48:07,617 [Thread-200] INFO  impl.FollowerState (FollowerState.java:run(106)) - ca9409bf-535d-46b2-a29d-0f3e9142befc:group-9442C5EDA40E changes to CANDIDATE, lastRpcTime:5024, electionTimeout:5024ms
2019-10-01 13:48:07,620 [Thread-200] INFO  impl.RoleInfo (RoleInfo.java:shutdownFollowerState(121)) - ca9409bf-535d-46b2-a29d-0f3e9142befc: shutdown FollowerState
2019-10-01 13:48:07,621 [Thread-200] INFO  impl.RaftServerImpl (RaftServerImpl.java:setRole(174)) - ca9409bf-535d-46b2-a29d-0f3e9142befc@group-9442C5EDA40E: changes role from  FOLLOWER to CANDIDATE at term 0 for changeToCandidate
2019-10-01 13:48:07,621 [Thread-200] INFO  impl.RoleInfo (RoleInfo.java:updateAndGet(143)) - ca9409bf-535d-46b2-a29d-0f3e9142befc: start LeaderElection
2019-10-01 13:48:07,641 [ca9409bf-535d-46b2-a29d-0f3e9142befc@group-9442C5EDA40E:LeaderElection2] INFO  impl.LeaderElection (LeaderElection.java:askForVotes(182)) - ca9409bf-535d-46b2-a29d-0f3e9142befc@group-9442C5EDA40E:LeaderElection2: begin an election at term 1 for -1: [ca9409bf-535d-46b2-a29d-0f3e9142befc:192.168.151.103:43158], old=null
2019-10-01 13:48:07,643 [ca9409bf-535d-46b2-a29d-0f3e9142befc@group-9442C5EDA40E:LeaderElection2] INFO  impl.RoleInfo (RoleInfo.java:shutdownLeaderElection(134)) - ca9409bf-535d-46b2-a29d-0f3e9142befc: shutdown LeaderElection
2019-10-01 13:48:07,643 [ca9409bf-535d-46b2-a29d-0f3e9142befc@group-9442C5EDA40E:LeaderElection2] INFO  impl.RaftServerImpl (RaftServerImpl.java:setRole(174)) - ca9409bf-535d-46b2-a29d-0f3e9142befc@group-9442C5EDA40E: changes role from CANDIDATE to LEADER at term 1 for changeToLeader
2019-10-01 13:48:07,643 [ca9409bf-535d-46b2-a29d-0f3e9142befc@group-9442C5EDA40E:LeaderElection2] INFO  impl.RaftServerImpl (ServerState.java:setLeader(253)) - ca9409bf-535d-46b2-a29d-0f3e9142befc@group-9442C5EDA40E: change Leader from null to ca9409bf-535d-46b2-a29d-0f3e9142befc at term 1 for becomeLeader, leader elected after 5098ms
2019-10-01 13:48:07,643 [ca9409bf-535d-46b2-a29d-0f3e9142befc@group-9442C5EDA40E:LeaderElection2] INFO  server.RaftServerConfigKeys (ConfUtils.java:logGet(43)) - raft.server.staging.catchup.gap = 1000 (default)
2019-10-01 13:48:07,643 [ca9409bf-535d-46b2-a29d-0f3e9142befc@group-9442C5EDA40E:LeaderElection2] INFO  server.RaftServerConfigKeys (ConfUtils.java:logGet(43)) - raft.server.rpc.sleep.time = 25ms (default)
2019-10-01 13:48:07,644 [ca9409bf-535d-46b2-a29d-0f3e9142befc@group-9442C5EDA40E:LeaderElection2] INFO  server.RaftServerConfigKeys (ConfUtils.java:logGet(43)) - raft.server.write.element-limit = 4096 (default)
2019-10-01 13:48:07,644 [ca9409bf-535d-46b2-a29d-0f3e9142befc@group-9442C5EDA40E:LeaderElection2] INFO  server.RaftServerConfigKeys (ConfUtils.java:logGet(43)) - raft.server.watch.timeout = 10s (default)
2019-10-01 13:48:07,644 [ca9409bf-535d-46b2-a29d-0f3e9142befc@group-9442C5EDA40E:LeaderElection2] INFO  server.RaftServerConfigKeys (ConfUtils.java:logGet(43)) - raft.server.watch.timeout.denomination = 1s (default)
2019-10-01 13:48:07,644 [ca9409bf-535d-46b2-a29d-0f3e9142befc@group-9442C5EDA40E:LeaderElection2] INFO  server.RaftServerConfigKeys (ConfUtils.java:logGet(43)) - raft.server.watch.element-limit = 65536 (default)
2019-10-01 13:48:07,648 [ca9409bf-535d-46b2-a29d-0f3e9142befc@group-9442C5EDA40E:LeaderElection2] INFO  impl.RoleInfo (RoleInfo.java:updateAndGet(143)) - ca9409bf-535d-46b2-a29d-0f3e9142befc: start LeaderState
2019-10-01 13:48:07,648 [ca9409bf-535d-46b2-a29d-0f3e9142befc@group-9442C5EDA40E:LeaderElection2] INFO  segmented.SegmentedRaftLogWorker (SegmentedRaftLogWorker.java:startLogSegment(380)) - ca9409bf-535d-46b2-a29d-0f3e9142befc@group-9442C5EDA40E-SegmentedRaftLogWorker: Starting segment from index:0
2019-10-01 13:48:07,649 [ca9409bf-535d-46b2-a29d-0f3e9142befc@group-9442C5EDA40E:LeaderElection2] INFO  impl.RaftServerImpl (ServerState.java:setRaftConf(354)) - ca9409bf-535d-46b2-a29d-0f3e9142befc@group-9442C5EDA40E: set configuration 0: [ca9409bf-535d-46b2-a29d-0f3e9142befc:192.168.151.103:43158], old=null at 0
2019-10-01 13:48:07,700 [ca9409bf-535d-46b2-a29d-0f3e9142befc@group-9442C5EDA40E-SegmentedRaftLogWorker] INFO  segmented.SegmentedRaftLogWorker (SegmentedRaftLogWorker.java:execute(569)) - ca9409bf-535d-46b2-a29d-0f3e9142befc@group-9442C5EDA40E-SegmentedRaftLogWorker: created new log segment /workdir/hadoop-ozone/integration-test/target/test-dir/MiniOzoneClusterImpl-c454a207-f4f8-4ee2-a371-1771be9b0699/datanode-0/data/ratis/ddc20bbb-e132-4094-96a8-9442c5eda40e/current/log_inprogress_0
2019-10-01 13:48:07,945 [Thread-203] INFO  impl.FollowerState (FollowerState.java:run(106)) - 060a3888-7a74-4b9b-97fd-fd9a817a6619:group-4C3DA90DB26A changes to CANDIDATE, lastRpcTime:5195, electionTimeout:5195ms
2019-10-01 13:48:07,946 [Thread-203] INFO  impl.RoleInfo (RoleInfo.java:shutdownFollowerState(121)) - 060a3888-7a74-4b9b-97fd-fd9a817a6619: shutdown FollowerState
2019-10-01 13:48:07,946 [Thread-203] INFO  impl.RaftServerImpl (RaftServerImpl.java:setRole(174)) - 060a3888-7a74-4b9b-97fd-fd9a817a6619@group-4C3DA90DB26A: changes role from  FOLLOWER to CANDIDATE at term 0 for changeToCandidate
2019-10-01 13:48:07,946 [Thread-203] INFO  impl.RoleInfo (RoleInfo.java:updateAndGet(143)) - 060a3888-7a74-4b9b-97fd-fd9a817a6619: start LeaderElection
2019-10-01 13:48:07,966 [060a3888-7a74-4b9b-97fd-fd9a817a6619@group-4C3DA90DB26A:LeaderElection3] INFO  impl.LeaderElection (LeaderElection.java:askForVotes(182)) - 060a3888-7a74-4b9b-97fd-fd9a817a6619@group-4C3DA90DB26A:LeaderElection3: begin an election at term 1 for -1: [060a3888-7a74-4b9b-97fd-fd9a817a6619:192.168.151.103:34514], old=null
2019-10-01 13:48:07,966 [060a3888-7a74-4b9b-97fd-fd9a817a6619@group-4C3DA90DB26A:LeaderElection3] INFO  impl.RoleInfo (RoleInfo.java:shutdownLeaderElection(134)) - 060a3888-7a74-4b9b-97fd-fd9a817a6619: shutdown LeaderElection
2019-10-01 13:48:07,967 [060a3888-7a74-4b9b-97fd-fd9a817a6619@group-4C3DA90DB26A:LeaderElection3] INFO  impl.RaftServerImpl (RaftServerImpl.java:setRole(174)) - 060a3888-7a74-4b9b-97fd-fd9a817a6619@group-4C3DA90DB26A: changes role from CANDIDATE to LEADER at term 1 for changeToLeader
2019-10-01 13:48:07,967 [060a3888-7a74-4b9b-97fd-fd9a817a6619@group-4C3DA90DB26A:LeaderElection3] INFO  impl.RaftServerImpl (ServerState.java:setLeader(253)) - 060a3888-7a74-4b9b-97fd-fd9a817a6619@group-4C3DA90DB26A: change Leader from null to 060a3888-7a74-4b9b-97fd-fd9a817a6619 at term 1 for becomeLeader, leader elected after 5231ms
2019-10-01 13:48:07,970 [060a3888-7a74-4b9b-97fd-fd9a817a6619@group-4C3DA90DB26A:LeaderElection3] INFO  server.RaftServerConfigKeys (ConfUtils.java:logGet(43)) - raft.server.staging.catchup.gap = 1000 (default)
2019-10-01 13:48:07,970 [060a3888-7a74-4b9b-97fd-fd9a817a6619@group-4C3DA90DB26A:LeaderElection3] INFO  server.RaftServerConfigKeys (ConfUtils.java:logGet(43)) - raft.server.rpc.sleep.time = 25ms (default)
2019-10-01 13:48:07,972 [060a3888-7a74-4b9b-97fd-fd9a817a6619@group-4C3DA90DB26A:LeaderElection3] INFO  server.RaftServerConfigKeys (ConfUtils.java:logGet(43)) - raft.server.write.element-limit = 4096 (default)
2019-10-01 13:48:07,972 [060a3888-7a74-4b9b-97fd-fd9a817a6619@group-4C3DA90DB26A:LeaderElection3] INFO  server.RaftServerConfigKeys (ConfUtils.java:logGet(43)) - raft.server.watch.timeout = 10s (default)
2019-10-01 13:48:07,973 [060a3888-7a74-4b9b-97fd-fd9a817a6619@group-4C3DA90DB26A:LeaderElection3] INFO  server.RaftServerConfigKeys (ConfUtils.java:logGet(43)) - raft.server.watch.timeout.denomination = 1s (default)
2019-10-01 13:48:07,973 [060a3888-7a74-4b9b-97fd-fd9a817a6619@group-4C3DA90DB26A:LeaderElection3] INFO  server.RaftServerConfigKeys (ConfUtils.java:logGet(43)) - raft.server.watch.element-limit = 65536 (default)
2019-10-01 13:48:07,976 [Thread-206] INFO  impl.FollowerState (FollowerState.java:run(106)) - 28e6f063-521b-4b0b-a02a-5e9043c40346:group-4FD31D4D5196 changes to CANDIDATE, lastRpcTime:5132, electionTimeout:5132ms
2019-10-01 13:48:07,977 [Thread-206] INFO  impl.RoleInfo (RoleInfo.java:shutdownFollowerState(121)) - 28e6f063-521b-4b0b-a02a-5e9043c40346: shutdown FollowerState
2019-10-01 13:48:07,977 [Thread-206] INFO  impl.RaftServerImpl (RaftServerImpl.java:setRole(174)) - 28e6f063-521b-4b0b-a02a-5e9043c40346@group-4FD31D4D5196: changes role from  FOLLOWER to CANDIDATE at term 0 for changeToCandidate
2019-10-01 13:48:07,977 [Thread-206] INFO  impl.RoleInfo (RoleInfo.java:updateAndGet(143)) - 28e6f063-521b-4b0b-a02a-5e9043c40346: start LeaderElection
2019-10-01 13:48:07,981 [060a3888-7a74-4b9b-97fd-fd9a817a6619@group-4C3DA90DB26A:LeaderElection3] INFO  impl.RoleInfo (RoleInfo.java:updateAndGet(143)) - 060a3888-7a74-4b9b-97fd-fd9a817a6619: start LeaderState
2019-10-01 13:48:07,982 [060a3888-7a74-4b9b-97fd-fd9a817a6619@group-4C3DA90DB26A:LeaderElection3] INFO  segmented.SegmentedRaftLogWorker (SegmentedRaftLogWorker.java:startLogSegment(380)) - 060a3888-7a74-4b9b-97fd-fd9a817a6619@group-4C3DA90DB26A-SegmentedRaftLogWorker: Starting segment from index:0
2019-10-01 13:48:07,982 [060a3888-7a74-4b9b-97fd-fd9a817a6619@group-4C3DA90DB26A:LeaderElection3] INFO  impl.RaftServerImpl (ServerState.java:setRaftConf(354)) - 060a3888-7a74-4b9b-97fd-fd9a817a6619@group-4C3DA90DB26A: set configuration 0: [060a3888-7a74-4b9b-97fd-fd9a817a6619:192.168.151.103:34514], old=null at 0
2019-10-01 13:48:08,017 [28e6f063-521b-4b0b-a02a-5e9043c40346@group-4FD31D4D5196:LeaderElection4] INFO  impl.LeaderElection (LeaderElection.java:askForVotes(182)) - 28e6f063-521b-4b0b-a02a-5e9043c40346@group-4FD31D4D5196:LeaderElection4: begin an election at term 1 for -1: [28e6f063-521b-4b0b-a02a-5e9043c40346:192.168.151.103:43810], old=null
2019-10-01 13:48:08,018 [28e6f063-521b-4b0b-a02a-5e9043c40346@group-4FD31D4D5196:LeaderElection4] INFO  impl.RoleInfo (RoleInfo.java:shutdownLeaderElection(134)) - 28e6f063-521b-4b0b-a02a-5e9043c40346: shutdown LeaderElection
2019-10-01 13:48:08,018 [28e6f063-521b-4b0b-a02a-5e9043c40346@group-4FD31D4D5196:LeaderElection4] INFO  impl.RaftServerImpl (RaftServerImpl.java:setRole(174)) - 28e6f063-521b-4b0b-a02a-5e9043c40346@group-4FD31D4D5196: changes role from CANDIDATE to LEADER at term 1 for changeToLeader
2019-10-01 13:48:08,018 [28e6f063-521b-4b0b-a02a-5e9043c40346@group-4FD31D4D5196:LeaderElection4] INFO  impl.RaftServerImpl (ServerState.java:setLeader(253)) - 28e6f063-521b-4b0b-a02a-5e9043c40346@group-4FD31D4D5196: change Leader from null to 28e6f063-521b-4b0b-a02a-5e9043c40346 at term 1 for becomeLeader, leader elected after 5190ms
2019-10-01 13:48:08,020 [28e6f063-521b-4b0b-a02a-5e9043c40346@group-4FD31D4D5196:LeaderElection4] INFO  server.RaftServerConfigKeys (ConfUtils.java:logGet(43)) - raft.server.staging.catchup.gap = 1000 (default)
2019-10-01 13:48:08,020 [28e6f063-521b-4b0b-a02a-5e9043c40346@group-4FD31D4D5196:LeaderElection4] INFO  server.RaftServerConfigKeys (ConfUtils.java:logGet(43)) - raft.server.rpc.sleep.time = 25ms (default)
2019-10-01 13:48:08,020 [28e6f063-521b-4b0b-a02a-5e9043c40346@group-4FD31D4D5196:LeaderElection4] INFO  server.RaftServerConfigKeys (ConfUtils.java:logGet(43)) - raft.server.write.element-limit = 4096 (default)
2019-10-01 13:48:08,021 [28e6f063-521b-4b0b-a02a-5e9043c40346@group-4FD31D4D5196:LeaderElection4] INFO  server.RaftServerConfigKeys (ConfUtils.java:logGet(43)) - raft.server.watch.timeout = 10s (default)
2019-10-01 13:48:08,021 [28e6f063-521b-4b0b-a02a-5e9043c40346@group-4FD31D4D5196:LeaderElection4] INFO  server.RaftServerConfigKeys (ConfUtils.java:logGet(43)) - raft.server.watch.timeout.denomination = 1s (default)
2019-10-01 13:48:08,021 [28e6f063-521b-4b0b-a02a-5e9043c40346@group-4FD31D4D5196:LeaderElection4] INFO  server.RaftServerConfigKeys (ConfUtils.java:logGet(43)) - raft.server.watch.element-limit = 65536 (default)
2019-10-01 13:48:08,026 [28e6f063-521b-4b0b-a02a-5e9043c40346@group-4FD31D4D5196:LeaderElection4] INFO  impl.RoleInfo (RoleInfo.java:updateAndGet(143)) - 28e6f063-521b-4b0b-a02a-5e9043c40346: start LeaderState
2019-10-01 13:48:08,026 [28e6f063-521b-4b0b-a02a-5e9043c40346@group-4FD31D4D5196:LeaderElection4] INFO  segmented.SegmentedRaftLogWorker (SegmentedRaftLogWorker.java:startLogSegment(380)) - 28e6f063-521b-4b0b-a02a-5e9043c40346@group-4FD31D4D5196-SegmentedRaftLogWorker: Starting segment from index:0
2019-10-01 13:48:08,027 [28e6f063-521b-4b0b-a02a-5e9043c40346@group-4FD31D4D5196:LeaderElection4] INFO  impl.RaftServerImpl (ServerState.java:setRaftConf(354)) - 28e6f063-521b-4b0b-a02a-5e9043c40346@group-4FD31D4D5196: set configuration 0: [28e6f063-521b-4b0b-a02a-5e9043c40346:192.168.151.103:43810], old=null at 0
2019-10-01 13:48:08,065 [060a3888-7a74-4b9b-97fd-fd9a817a6619@group-4C3DA90DB26A-SegmentedRaftLogWorker] INFO  segmented.SegmentedRaftLogWorker (SegmentedRaftLogWorker.java:execute(569)) - 060a3888-7a74-4b9b-97fd-fd9a817a6619@group-4C3DA90DB26A-SegmentedRaftLogWorker: created new log segment /workdir/hadoop-ozone/integration-test/target/test-dir/MiniOzoneClusterImpl-c454a207-f4f8-4ee2-a371-1771be9b0699/datanode-2/data/ratis/43110b9a-2f36-4355-9bd7-4c3da90db26a/current/log_inprogress_0
2019-10-01 13:48:08,078 [28e6f063-521b-4b0b-a02a-5e9043c40346@group-4FD31D4D5196-SegmentedRaftLogWorker] INFO  segmented.SegmentedRaftLogWorker (SegmentedRaftLogWorker.java:execute(569)) - 28e6f063-521b-4b0b-a02a-5e9043c40346@group-4FD31D4D5196-SegmentedRaftLogWorker: created new log segment /workdir/hadoop-ozone/integration-test/target/test-dir/MiniOzoneClusterImpl-c454a207-f4f8-4ee2-a371-1771be9b0699/datanode-3/data/ratis/1a46c41c-d620-40be-9507-4fd31d4d5196/current/log_inprogress_0
2019-10-01 13:48:08,116 [Thread-209] INFO  impl.FollowerState (FollowerState.java:run(106)) - 12dc2f29-1138-4721-9a66-3f514902d6d7:group-92436C6B8900 changes to CANDIDATE, lastRpcTime:5194, electionTimeout:5194ms
2019-10-01 13:48:08,116 [Thread-216] INFO  impl.FollowerState (FollowerState.java:run(106)) - ca9409bf-535d-46b2-a29d-0f3e9142befc:group-D49482B05581 changes to CANDIDATE, lastRpcTime:5079, electionTimeout:5079ms
2019-10-01 13:48:08,116 [Thread-209] INFO  impl.RoleInfo (RoleInfo.java:shutdownFollowerState(121)) - 12dc2f29-1138-4721-9a66-3f514902d6d7: shutdown FollowerState
2019-10-01 13:48:08,116 [Thread-216] INFO  impl.RoleInfo (RoleInfo.java:shutdownFollowerState(121)) - ca9409bf-535d-46b2-a29d-0f3e9142befc: shutdown FollowerState
2019-10-01 13:48:08,116 [Thread-209] INFO  impl.RaftServerImpl (RaftServerImpl.java:setRole(174)) - 12dc2f29-1138-4721-9a66-3f514902d6d7@group-92436C6B8900: changes role from  FOLLOWER to CANDIDATE at term 0 for changeToCandidate
2019-10-01 13:48:08,116 [Thread-216] INFO  impl.RaftServerImpl (RaftServerImpl.java:setRole(174)) - ca9409bf-535d-46b2-a29d-0f3e9142befc@group-D49482B05581: changes role from  FOLLOWER to CANDIDATE at term 0 for changeToCandidate
2019-10-01 13:48:08,117 [Thread-209] INFO  impl.RoleInfo (RoleInfo.java:updateAndGet(143)) - 12dc2f29-1138-4721-9a66-3f514902d6d7: start LeaderElection
2019-10-01 13:48:08,117 [Thread-216] INFO  impl.RoleInfo (RoleInfo.java:updateAndGet(143)) - ca9409bf-535d-46b2-a29d-0f3e9142befc: start LeaderElection
2019-10-01 13:48:08,137 [12dc2f29-1138-4721-9a66-3f514902d6d7@group-92436C6B8900:LeaderElection5] INFO  impl.LeaderElection (LeaderElection.java:askForVotes(182)) - 12dc2f29-1138-4721-9a66-3f514902d6d7@group-92436C6B8900:LeaderElection5: begin an election at term 1 for -1: [12dc2f29-1138-4721-9a66-3f514902d6d7:192.168.151.103:32920], old=null
2019-10-01 13:48:08,137 [ca9409bf-535d-46b2-a29d-0f3e9142befc@group-D49482B05581:LeaderElection6] INFO  impl.LeaderElection (LeaderElection.java:askForVotes(182)) - ca9409bf-535d-46b2-a29d-0f3e9142befc@group-D49482B05581:LeaderElection6: begin an election at term 1 for -1: [ca9409bf-535d-46b2-a29d-0f3e9142befc:192.168.151.103:43158, 28e6f063-521b-4b0b-a02a-5e9043c40346:192.168.151.103:43810, 060a3888-7a74-4b9b-97fd-fd9a817a6619:192.168.151.103:34514], old=null
2019-10-01 13:48:08,137 [12dc2f29-1138-4721-9a66-3f514902d6d7@group-92436C6B8900:LeaderElection5] INFO  impl.RoleInfo (RoleInfo.java:shutdownLeaderElection(134)) - 12dc2f29-1138-4721-9a66-3f514902d6d7: shutdown LeaderElection
2019-10-01 13:48:08,138 [12dc2f29-1138-4721-9a66-3f514902d6d7@group-92436C6B8900:LeaderElection5] INFO  impl.RaftServerImpl (RaftServerImpl.java:setRole(174)) - 12dc2f29-1138-4721-9a66-3f514902d6d7@group-92436C6B8900: changes role from CANDIDATE to LEADER at term 1 for changeToLeader
2019-10-01 13:48:08,138 [12dc2f29-1138-4721-9a66-3f514902d6d7@group-92436C6B8900:LeaderElection5] INFO  impl.RaftServerImpl (ServerState.java:setLeader(253)) - 12dc2f29-1138-4721-9a66-3f514902d6d7@group-92436C6B8900: change Leader from null to 12dc2f29-1138-4721-9a66-3f514902d6d7 at term 1 for becomeLeader, leader elected after 5228ms
2019-10-01 13:48:08,139 [12dc2f29-1138-4721-9a66-3f514902d6d7@group-92436C6B8900:LeaderElection5] INFO  server.RaftServerConfigKeys (ConfUtils.java:logGet(43)) - raft.server.staging.catchup.gap = 1000 (default)
2019-10-01 13:48:08,139 [Thread-214] INFO  impl.FollowerState (FollowerState.java:run(106)) - 28e6f063-521b-4b0b-a02a-5e9043c40346:group-D49482B05581 changes to CANDIDATE, lastRpcTime:5104, electionTimeout:5103ms
2019-10-01 13:48:08,139 [12dc2f29-1138-4721-9a66-3f514902d6d7@group-92436C6B8900:LeaderElection5] INFO  server.RaftServerConfigKeys (ConfUtils.java:logGet(43)) - raft.server.rpc.sleep.time = 25ms (default)
2019-10-01 13:48:08,139 [Thread-214] INFO  impl.RoleInfo (RoleInfo.java:shutdownFollowerState(121)) - 28e6f063-521b-4b0b-a02a-5e9043c40346: shutdown FollowerState
2019-10-01 13:48:08,140 [12dc2f29-1138-4721-9a66-3f514902d6d7@group-92436C6B8900:LeaderElection5] INFO  server.RaftServerConfigKeys (ConfUtils.java:logGet(43)) - raft.server.write.element-limit = 4096 (default)
2019-10-01 13:48:08,140 [Thread-214] INFO  impl.RaftServerImpl (RaftServerImpl.java:setRole(174)) - 28e6f063-521b-4b0b-a02a-5e9043c40346@group-D49482B05581: changes role from  FOLLOWER to CANDIDATE at term 0 for changeToCandidate
2019-10-01 13:48:08,140 [12dc2f29-1138-4721-9a66-3f514902d6d7@group-92436C6B8900:LeaderElection5] INFO  server.RaftServerConfigKeys (ConfUtils.java:logGet(43)) - raft.server.watch.timeout = 10s (default)
2019-10-01 13:48:08,140 [Thread-214] INFO  impl.RoleInfo (RoleInfo.java:updateAndGet(143)) - 28e6f063-521b-4b0b-a02a-5e9043c40346: start LeaderElection
2019-10-01 13:48:08,140 [12dc2f29-1138-4721-9a66-3f514902d6d7@group-92436C6B8900:LeaderElection5] INFO  server.RaftServerConfigKeys (ConfUtils.java:logGet(43)) - raft.server.watch.timeout.denomination = 1s (default)
2019-10-01 13:48:08,140 [12dc2f29-1138-4721-9a66-3f514902d6d7@group-92436C6B8900:LeaderElection5] INFO  server.RaftServerConfigKeys (ConfUtils.java:logGet(43)) - raft.server.watch.element-limit = 65536 (default)
2019-10-01 13:48:08,149 [12dc2f29-1138-4721-9a66-3f514902d6d7@group-92436C6B8900:LeaderElection5] INFO  impl.RoleInfo (RoleInfo.java:updateAndGet(143)) - 12dc2f29-1138-4721-9a66-3f514902d6d7: start LeaderState
2019-10-01 13:48:08,149 [12dc2f29-1138-4721-9a66-3f514902d6d7@group-92436C6B8900:LeaderElection5] INFO  segmented.SegmentedRaftLogWorker (SegmentedRaftLogWorker.java:startLogSegment(380)) - 12dc2f29-1138-4721-9a66-3f514902d6d7@group-92436C6B8900-SegmentedRaftLogWorker: Starting segment from index:0
2019-10-01 13:48:08,150 [12dc2f29-1138-4721-9a66-3f514902d6d7@group-92436C6B8900:LeaderElection5] INFO  impl.RaftServerImpl (ServerState.java:setRaftConf(354)) - 12dc2f29-1138-4721-9a66-3f514902d6d7@group-92436C6B8900: set configuration 0: [12dc2f29-1138-4721-9a66-3f514902d6d7:192.168.151.103:32920], old=null at 0
2019-10-01 13:48:08,189 [Thread-217] INFO  impl.FollowerState (FollowerState.java:run(106)) - 060a3888-7a74-4b9b-97fd-fd9a817a6619:group-D49482B05581 changes to CANDIDATE, lastRpcTime:5149, electionTimeout:5116ms
2019-10-01 13:48:08,189 [28e6f063-521b-4b0b-a02a-5e9043c40346@group-D49482B05581:LeaderElection7] INFO  impl.LeaderElection (LeaderElection.java:askForVotes(182)) - 28e6f063-521b-4b0b-a02a-5e9043c40346@group-D49482B05581:LeaderElection7: begin an election at term 1 for -1: [ca9409bf-535d-46b2-a29d-0f3e9142befc:192.168.151.103:43158, 28e6f063-521b-4b0b-a02a-5e9043c40346:192.168.151.103:43810, 060a3888-7a74-4b9b-97fd-fd9a817a6619:192.168.151.103:34514], old=null
2019-10-01 13:48:08,189 [Thread-217] INFO  impl.RoleInfo (RoleInfo.java:shutdownFollowerState(121)) - 060a3888-7a74-4b9b-97fd-fd9a817a6619: shutdown FollowerState
2019-10-01 13:48:08,189 [Thread-217] INFO  impl.RaftServerImpl (RaftServerImpl.java:setRole(174)) - 060a3888-7a74-4b9b-97fd-fd9a817a6619@group-D49482B05581: changes role from  FOLLOWER to CANDIDATE at term 0 for changeToCandidate
2019-10-01 13:48:08,190 [Thread-217] INFO  impl.RoleInfo (RoleInfo.java:updateAndGet(143)) - 060a3888-7a74-4b9b-97fd-fd9a817a6619: start LeaderElection
2019-10-01 13:48:08,201 [12dc2f29-1138-4721-9a66-3f514902d6d7@group-92436C6B8900-SegmentedRaftLogWorker] INFO  segmented.SegmentedRaftLogWorker (SegmentedRaftLogWorker.java:execute(569)) - 12dc2f29-1138-4721-9a66-3f514902d6d7@group-92436C6B8900-SegmentedRaftLogWorker: created new log segment /workdir/hadoop-ozone/integration-test/target/test-dir/MiniOzoneClusterImpl-c454a207-f4f8-4ee2-a371-1771be9b0699/datanode-1/data/ratis/940089e8-9b0e-46e9-b5c0-92436c6b8900/current/log_inprogress_0
2019-10-01 13:48:08,202 [060a3888-7a74-4b9b-97fd-fd9a817a6619@group-D49482B05581:LeaderElection8] INFO  impl.LeaderElection (LeaderElection.java:askForVotes(182)) - 060a3888-7a74-4b9b-97fd-fd9a817a6619@group-D49482B05581:LeaderElection8: begin an election at term 1 for -1: [ca9409bf-535d-46b2-a29d-0f3e9142befc:192.168.151.103:43158, 28e6f063-521b-4b0b-a02a-5e9043c40346:192.168.151.103:43810, 060a3888-7a74-4b9b-97fd-fd9a817a6619:192.168.151.103:34514], old=null
2019-10-01 13:48:08,266 [ca9409bf-535d-46b2-a29d-0f3e9142befc@group-D49482B05581:LeaderElection6] INFO  impl.LeaderElection (LeaderElection.java:logAndReturn(56)) - ca9409bf-535d-46b2-a29d-0f3e9142befc@group-D49482B05581:LeaderElection6: Election REJECTED; received 2 response(s) [ca9409bf-535d-46b2-a29d-0f3e9142befc<-28e6f063-521b-4b0b-a02a-5e9043c40346#0:FAIL-t1, ca9409bf-535d-46b2-a29d-0f3e9142befc<-060a3888-7a74-4b9b-97fd-fd9a817a6619#0:FAIL-t1] and 0 exception(s); ca9409bf-535d-46b2-a29d-0f3e9142befc@group-D49482B05581:t1, leader=null, voted=ca9409bf-535d-46b2-a29d-0f3e9142befc, raftlog=ca9409bf-535d-46b2-a29d-0f3e9142befc@group-D49482B05581-SegmentedRaftLog:OPENED:c-1,f-1,i0, conf=-1: [ca9409bf-535d-46b2-a29d-0f3e9142befc:192.168.151.103:43158, 28e6f063-521b-4b0b-a02a-5e9043c40346:192.168.151.103:43810, 060a3888-7a74-4b9b-97fd-fd9a817a6619:192.168.151.103:34514], old=null
2019-10-01 13:48:08,267 [060a3888-7a74-4b9b-97fd-fd9a817a6619@group-D49482B05581:LeaderElection8] INFO  impl.LeaderElection (LeaderElection.java:logAndReturn(56)) - 060a3888-7a74-4b9b-97fd-fd9a817a6619@group-D49482B05581:LeaderElection8: Election REJECTED; received 2 response(s) [060a3888-7a74-4b9b-97fd-fd9a817a6619<-ca9409bf-535d-46b2-a29d-0f3e9142befc#0:FAIL-t1, 060a3888-7a74-4b9b-97fd-fd9a817a6619<-28e6f063-521b-4b0b-a02a-5e9043c40346#0:FAIL-t1] and 0 exception(s); 060a3888-7a74-4b9b-97fd-fd9a817a6619@group-D49482B05581:t1, leader=null, voted=060a3888-7a74-4b9b-97fd-fd9a817a6619, raftlog=060a3888-7a74-4b9b-97fd-fd9a817a6619@group-D49482B05581-SegmentedRaftLog:OPENED:c-1,f-1,i0, conf=-1: [ca9409bf-535d-46b2-a29d-0f3e9142befc:192.168.151.103:43158, 28e6f063-521b-4b0b-a02a-5e9043c40346:192.168.151.103:43810, 060a3888-7a74-4b9b-97fd-fd9a817a6619:192.168.151.103:34514], old=null
2019-10-01 13:48:08,267 [28e6f063-521b-4b0b-a02a-5e9043c40346@group-D49482B05581:LeaderElection7] INFO  impl.LeaderElection (LeaderElection.java:logAndReturn(56)) - 28e6f063-521b-4b0b-a02a-5e9043c40346@group-D49482B05581:LeaderElection7: Election REJECTED; received 2 response(s) [28e6f063-521b-4b0b-a02a-5e9043c40346<-ca9409bf-535d-46b2-a29d-0f3e9142befc#0:FAIL-t1, 28e6f063-521b-4b0b-a02a-5e9043c40346<-060a3888-7a74-4b9b-97fd-fd9a817a6619#0:FAIL-t1] and 0 exception(s); 28e6f063-521b-4b0b-a02a-5e9043c40346@group-D49482B05581:t1, leader=null, voted=28e6f063-521b-4b0b-a02a-5e9043c40346, raftlog=28e6f063-521b-4b0b-a02a-5e9043c40346@group-D49482B05581-SegmentedRaftLog:OPENED:c-1,f-1,i0, conf=-1: [ca9409bf-535d-46b2-a29d-0f3e9142befc:192.168.151.103:43158, 28e6f063-521b-4b0b-a02a-5e9043c40346:192.168.151.103:43810, 060a3888-7a74-4b9b-97fd-fd9a817a6619:192.168.151.103:34514], old=null
2019-10-01 13:48:08,274 [ca9409bf-535d-46b2-a29d-0f3e9142befc@group-D49482B05581:LeaderElection6] INFO  impl.RaftServerImpl (RaftServerImpl.java:setRole(174)) - ca9409bf-535d-46b2-a29d-0f3e9142befc@group-D49482B05581: changes role from CANDIDATE to FOLLOWER at term 1 for DISCOVERED_A_NEW_TERM
2019-10-01 13:48:08,275 [060a3888-7a74-4b9b-97fd-fd9a817a6619@group-D49482B05581:LeaderElection8] INFO  impl.RaftServerImpl (RaftServerImpl.java:setRole(174)) - 060a3888-7a74-4b9b-97fd-fd9a817a6619@group-D49482B05581: changes role from CANDIDATE to FOLLOWER at term 1 for DISCOVERED_A_NEW_TERM
2019-10-01 13:48:08,277 [ca9409bf-535d-46b2-a29d-0f3e9142befc@group-D49482B05581:LeaderElection6] INFO  impl.RoleInfo (RoleInfo.java:shutdownLeaderElection(134)) - ca9409bf-535d-46b2-a29d-0f3e9142befc: shutdown LeaderElection
2019-10-01 13:48:08,277 [28e6f063-521b-4b0b-a02a-5e9043c40346@group-D49482B05581:LeaderElection7] INFO  impl.RaftServerImpl (RaftServerImpl.java:setRole(174)) - 28e6f063-521b-4b0b-a02a-5e9043c40346@group-D49482B05581: changes role from CANDIDATE to FOLLOWER at term 1 for DISCOVERED_A_NEW_TERM
2019-10-01 13:48:08,280 [ca9409bf-535d-46b2-a29d-0f3e9142befc@group-D49482B05581:LeaderElection6] INFO  impl.RoleInfo (RoleInfo.java:updateAndGet(143)) - ca9409bf-535d-46b2-a29d-0f3e9142befc: start FollowerState
2019-10-01 13:48:08,277 [060a3888-7a74-4b9b-97fd-fd9a817a6619@group-D49482B05581:LeaderElection8] INFO  impl.RoleInfo (RoleInfo.java:shutdownLeaderElection(134)) - 060a3888-7a74-4b9b-97fd-fd9a817a6619: shutdown LeaderElection
2019-10-01 13:48:08,281 [28e6f063-521b-4b0b-a02a-5e9043c40346@group-D49482B05581:LeaderElection7] INFO  impl.RoleInfo (RoleInfo.java:shutdownLeaderElection(134)) - 28e6f063-521b-4b0b-a02a-5e9043c40346: shutdown LeaderElection
2019-10-01 13:48:08,282 [060a3888-7a74-4b9b-97fd-fd9a817a6619@group-D49482B05581:LeaderElection8] INFO  impl.RoleInfo (RoleInfo.java:updateAndGet(143)) - 060a3888-7a74-4b9b-97fd-fd9a817a6619: start FollowerState
2019-10-01 13:48:08,283 [28e6f063-521b-4b0b-a02a-5e9043c40346@group-D49482B05581:LeaderElection7] INFO  impl.RoleInfo (RoleInfo.java:updateAndGet(143)) - 28e6f063-521b-4b0b-a02a-5e9043c40346: start FollowerState
2019-10-01 13:48:13,319 [Thread-254] INFO  impl.FollowerState (FollowerState.java:run(106)) - 28e6f063-521b-4b0b-a02a-5e9043c40346:group-D49482B05581 changes to CANDIDATE, lastRpcTime:5036, electionTimeout:5033ms
2019-10-01 13:48:13,320 [Thread-254] INFO  impl.RoleInfo (RoleInfo.java:shutdownFollowerState(121)) - 28e6f063-521b-4b0b-a02a-5e9043c40346: shutdown FollowerState
2019-10-01 13:48:13,320 [Thread-254] INFO  impl.RaftServerImpl (RaftServerImpl.java:setRole(174)) - 28e6f063-521b-4b0b-a02a-5e9043c40346@group-D49482B05581: changes role from  FOLLOWER to CANDIDATE at term 1 for changeToCandidate
2019-10-01 13:48:13,320 [Thread-254] INFO  impl.RoleInfo (RoleInfo.java:updateAndGet(143)) - 28e6f063-521b-4b0b-a02a-5e9043c40346: start LeaderElection
2019-10-01 13:48:13,330 [Thread-253] INFO  impl.FollowerState (FollowerState.java:run(106)) - 060a3888-7a74-4b9b-97fd-fd9a817a6619:group-D49482B05581 changes to CANDIDATE, lastRpcTime:5047, electionTimeout:5047ms
2019-10-01 13:48:13,330 [Thread-253] INFO  impl.RoleInfo (RoleInfo.java:shutdownFollowerState(121)) - 060a3888-7a74-4b9b-97fd-fd9a817a6619: shutdown FollowerState
2019-10-01 13:48:13,330 [Thread-253] INFO  impl.RaftServerImpl (RaftServerImpl.java:setRole(174)) - 060a3888-7a74-4b9b-97fd-fd9a817a6619@group-D49482B05581: changes role from  FOLLOWER to CANDIDATE at term 1 for changeToCandidate
2019-10-01 13:48:13,331 [Thread-253] INFO  impl.RoleInfo (RoleInfo.java:updateAndGet(143)) - 060a3888-7a74-4b9b-97fd-fd9a817a6619: start LeaderElection
2019-10-01 13:48:13,337 [28e6f063-521b-4b0b-a02a-5e9043c40346@group-D49482B05581:LeaderElection9] INFO  impl.LeaderElection (LeaderElection.java:askForVotes(182)) - 28e6f063-521b-4b0b-a02a-5e9043c40346@group-D49482B05581:LeaderElection9: begin an election at term 2 for -1: [ca9409bf-535d-46b2-a29d-0f3e9142befc:192.168.151.103:43158, 28e6f063-521b-4b0b-a02a-5e9043c40346:192.168.151.103:43810, 060a3888-7a74-4b9b-97fd-fd9a817a6619:192.168.151.103:34514], old=null
2019-10-01 13:48:13,337 [060a3888-7a74-4b9b-97fd-fd9a817a6619@group-D49482B05581:LeaderElection10] INFO  impl.LeaderElection (LeaderElection.java:askForVotes(182)) - 060a3888-7a74-4b9b-97fd-fd9a817a6619@group-D49482B05581:LeaderElection10: begin an election at term 2 for -1: [ca9409bf-535d-46b2-a29d-0f3e9142befc:192.168.151.103:43158, 28e6f063-521b-4b0b-a02a-5e9043c40346:192.168.151.103:43810, 060a3888-7a74-4b9b-97fd-fd9a817a6619:192.168.151.103:34514], old=null
2019-10-01 13:48:13,345 [grpc-default-executor-4] INFO  impl.RaftServerImpl (RaftServerImpl.java:setRole(174)) - ca9409bf-535d-46b2-a29d-0f3e9142befc@group-D49482B05581: changes role from  FOLLOWER to FOLLOWER at term 2 for recognizeCandidate:28e6f063-521b-4b0b-a02a-5e9043c40346
2019-10-01 13:48:13,348 [grpc-default-executor-4] INFO  impl.RoleInfo (RoleInfo.java:shutdownFollowerState(121)) - ca9409bf-535d-46b2-a29d-0f3e9142befc: shutdown FollowerState
2019-10-01 13:48:13,349 [grpc-default-executor-4] INFO  impl.RoleInfo (RoleInfo.java:updateAndGet(143)) - ca9409bf-535d-46b2-a29d-0f3e9142befc: start FollowerState
2019-10-01 13:48:13,349 [Thread-252] INFO  impl.FollowerState (FollowerState.java:run(115)) - ca9409bf-535d-46b2-a29d-0f3e9142befc: FollowerState was interrupted: java.lang.InterruptedException: sleep interrupted
2019-10-01 13:48:13,383 [060a3888-7a74-4b9b-97fd-fd9a817a6619@group-D49482B05581:LeaderElection10] INFO  impl.LeaderElection (LeaderElection.java:logAndReturn(56)) - 060a3888-7a74-4b9b-97fd-fd9a817a6619@group-D49482B05581:LeaderElection10: Election REJECTED; received 2 response(s) [060a3888-7a74-4b9b-97fd-fd9a817a6619<-ca9409bf-535d-46b2-a29d-0f3e9142befc#0:FAIL-t2, 060a3888-7a74-4b9b-97fd-fd9a817a6619<-28e6f063-521b-4b0b-a02a-5e9043c40346#0:FAIL-t2] and 0 exception(s); 060a3888-7a74-4b9b-97fd-fd9a817a6619@group-D49482B05581:t2, leader=null, voted=060a3888-7a74-4b9b-97fd-fd9a817a6619, raftlog=060a3888-7a74-4b9b-97fd-fd9a817a6619@group-D49482B05581-SegmentedRaftLog:OPENED:c-1,f-1,i0, conf=-1: [ca9409bf-535d-46b2-a29d-0f3e9142befc:192.168.151.103:43158, 28e6f063-521b-4b0b-a02a-5e9043c40346:192.168.151.103:43810, 060a3888-7a74-4b9b-97fd-fd9a817a6619:192.168.151.103:34514], old=null
2019-10-01 13:48:13,383 [28e6f063-521b-4b0b-a02a-5e9043c40346@group-D49482B05581:LeaderElection9] INFO  impl.LeaderElection (LeaderElection.java:logAndReturn(56)) - 28e6f063-521b-4b0b-a02a-5e9043c40346@group-D49482B05581:LeaderElection9: Election PASSED; received 2 response(s) [28e6f063-521b-4b0b-a02a-5e9043c40346<-ca9409bf-535d-46b2-a29d-0f3e9142befc#0:OK-t2, 28e6f063-521b-4b0b-a02a-5e9043c40346<-060a3888-7a74-4b9b-97fd-fd9a817a6619#0:FAIL-t2] and 0 exception(s); 28e6f063-521b-4b0b-a02a-5e9043c40346@group-D49482B05581:t2, leader=null, voted=28e6f063-521b-4b0b-a02a-5e9043c40346, raftlog=28e6f063-521b-4b0b-a02a-5e9043c40346@group-D49482B05581-SegmentedRaftLog:OPENED:c-1,f-1,i0, conf=-1: [ca9409bf-535d-46b2-a29d-0f3e9142befc:192.168.151.103:43158, 28e6f063-521b-4b0b-a02a-5e9043c40346:192.168.151.103:43810, 060a3888-7a74-4b9b-97fd-fd9a817a6619:192.168.151.103:34514], old=null
2019-10-01 13:48:13,383 [060a3888-7a74-4b9b-97fd-fd9a817a6619@group-D49482B05581:LeaderElection10] INFO  impl.RaftServerImpl (RaftServerImpl.java:setRole(174)) - 060a3888-7a74-4b9b-97fd-fd9a817a6619@group-D49482B05581: changes role from CANDIDATE to FOLLOWER at term 2 for DISCOVERED_A_NEW_TERM
2019-10-01 13:48:13,385 [28e6f063-521b-4b0b-a02a-5e9043c40346@group-D49482B05581:LeaderElection9] INFO  impl.RoleInfo (RoleInfo.java:shutdownLeaderElection(134)) - 28e6f063-521b-4b0b-a02a-5e9043c40346: shutdown LeaderElection
2019-10-01 13:48:13,387 [060a3888-7a74-4b9b-97fd-fd9a817a6619@group-D49482B05581:LeaderElection10] INFO  impl.RoleInfo (RoleInfo.java:shutdownLeaderElection(134)) - 060a3888-7a74-4b9b-97fd-fd9a817a6619: shutdown LeaderElection
2019-10-01 13:48:13,388 [28e6f063-521b-4b0b-a02a-5e9043c40346@group-D49482B05581:LeaderElection9] INFO  impl.RaftServerImpl (RaftServerImpl.java:setRole(174)) - 28e6f063-521b-4b0b-a02a-5e9043c40346@group-D49482B05581: changes role from CANDIDATE to LEADER at term 2 for changeToLeader
2019-10-01 13:48:13,388 [060a3888-7a74-4b9b-97fd-fd9a817a6619@group-D49482B05581:LeaderElection10] INFO  impl.RoleInfo (RoleInfo.java:updateAndGet(143)) - 060a3888-7a74-4b9b-97fd-fd9a817a6619: start FollowerState
2019-10-01 13:48:13,388 [28e6f063-521b-4b0b-a02a-5e9043c40346@group-D49482B05581:LeaderElection9] INFO  impl.RaftServerImpl (ServerState.java:setLeader(253)) - 28e6f063-521b-4b0b-a02a-5e9043c40346@group-D49482B05581: change Leader from null to 28e6f063-521b-4b0b-a02a-5e9043c40346 at term 2 for becomeLeader, leader elected after 10365ms
2019-10-01 13:48:13,390 [28e6f063-521b-4b0b-a02a-5e9043c40346@group-D49482B05581:LeaderElection9] INFO  server.RaftServerConfigKeys (ConfUtils.java:logGet(43)) - raft.server.staging.catchup.gap = 1000 (default)
2019-10-01 13:48:13,390 [28e6f063-521b-4b0b-a02a-5e9043c40346@group-D49482B05581:LeaderElection9] INFO  server.RaftServerConfigKeys (ConfUtils.java:logGet(43)) - raft.server.rpc.sleep.time = 25ms (default)
2019-10-01 13:48:13,390 [28e6f063-521b-4b0b-a02a-5e9043c40346@group-D49482B05581:LeaderElection9] INFO  server.RaftServerConfigKeys (ConfUtils.java:logGet(43)) - raft.server.write.element-limit = 4096 (default)
2019-10-01 13:48:13,391 [28e6f063-521b-4b0b-a02a-5e9043c40346@group-D49482B05581:LeaderElection9] INFO  server.RaftServerConfigKeys (ConfUtils.java:logGet(43)) - raft.server.watch.timeout = 10s (default)
2019-10-01 13:48:13,391 [28e6f063-521b-4b0b-a02a-5e9043c40346@group-D49482B05581:LeaderElection9] INFO  server.RaftServerConfigKeys (ConfUtils.java:logGet(43)) - raft.server.watch.timeout.denomination = 1s (default)
2019-10-01 13:48:13,391 [28e6f063-521b-4b0b-a02a-5e9043c40346@group-D49482B05581:LeaderElection9] INFO  server.RaftServerConfigKeys (ConfUtils.java:logGet(43)) - raft.server.watch.element-limit = 65536 (default)
2019-10-01 13:48:13,399 [28e6f063-521b-4b0b-a02a-5e9043c40346@group-D49482B05581:LeaderElection9] INFO  server.RaftServerConfigKeys (ConfUtils.java:logGet(43)) - raft.server.log.appender.snapshot.chunk.size.max = 16MB (=16777216) (default)
2019-10-01 13:48:13,399 [28e6f063-521b-4b0b-a02a-5e9043c40346@group-D49482B05581:LeaderElection9] INFO  server.RaftServerConfigKeys (ConfUtils.java:logGet(43)) - raft.server.log.appender.buffer.byte-limit = 33554432 (custom)
2019-10-01 13:48:13,400 [28e6f063-521b-4b0b-a02a-5e9043c40346@group-D49482B05581:LeaderElection9] INFO  server.RaftServerConfigKeys (ConfUtils.java:logGet(43)) - raft.server.log.appender.buffer.element-limit = 1 (custom)
2019-10-01 13:48:13,405 [28e6f063-521b-4b0b-a02a-5e9043c40346@group-D49482B05581:LeaderElection9] INFO  grpc.GrpcConfigKeys$Server (ConfUtils.java:logGet(43)) - raft.grpc.server.leader.outstanding.appends.max = 128 (default)
2019-10-01 13:48:13,407 [28e6f063-521b-4b0b-a02a-5e9043c40346@group-D49482B05581:LeaderElection9] INFO  server.RaftServerConfigKeys (ConfUtils.java:logGet(43)) - raft.server.rpc.request.timeout = 3000ms (default)
2019-10-01 13:48:13,407 [28e6f063-521b-4b0b-a02a-5e9043c40346@group-D49482B05581:LeaderElection9] INFO  server.RaftServerConfigKeys (ConfUtils.java:logGet(43)) - raft.server.log.appender.install.snapshot.enabled = false (custom)
2019-10-01 13:48:13,408 [28e6f063-521b-4b0b-a02a-5e9043c40346@group-D49482B05581:LeaderElection9] INFO  server.RaftServerConfigKeys (ConfUtils.java:logGet(43)) - raft.server.log.appender.snapshot.chunk.size.max = 16MB (=16777216) (default)
2019-10-01 13:48:13,409 [28e6f063-521b-4b0b-a02a-5e9043c40346@group-D49482B05581:LeaderElection9] INFO  server.RaftServerConfigKeys (ConfUtils.java:logGet(43)) - raft.server.log.appender.buffer.byte-limit = 33554432 (custom)
2019-10-01 13:48:13,409 [28e6f063-521b-4b0b-a02a-5e9043c40346@group-D49482B05581:LeaderElection9] INFO  server.RaftServerConfigKeys (ConfUtils.java:logGet(43)) - raft.server.log.appender.buffer.element-limit = 1 (custom)
2019-10-01 13:48:13,409 [28e6f063-521b-4b0b-a02a-5e9043c40346@group-D49482B05581:LeaderElection9] INFO  grpc.GrpcConfigKeys$Server (ConfUtils.java:logGet(43)) - raft.grpc.server.leader.outstanding.appends.max = 128 (default)
2019-10-01 13:48:13,409 [28e6f063-521b-4b0b-a02a-5e9043c40346@group-D49482B05581:LeaderElection9] INFO  server.RaftServerConfigKeys (ConfUtils.java:logGet(43)) - raft.server.rpc.request.timeout = 3000ms (default)
2019-10-01 13:48:13,410 [28e6f063-521b-4b0b-a02a-5e9043c40346@group-D49482B05581:LeaderElection9] INFO  server.RaftServerConfigKeys (ConfUtils.java:logGet(43)) - raft.server.log.appender.install.snapshot.enabled = false (custom)
2019-10-01 13:48:13,411 [28e6f063-521b-4b0b-a02a-5e9043c40346@group-D49482B05581:LeaderElection9] INFO  impl.RoleInfo (RoleInfo.java:updateAndGet(143)) - 28e6f063-521b-4b0b-a02a-5e9043c40346: start LeaderState
2019-10-01 13:48:13,412 [28e6f063-521b-4b0b-a02a-5e9043c40346@group-D49482B05581:LeaderElection9] INFO  segmented.SegmentedRaftLogWorker (SegmentedRaftLogWorker.java:startLogSegment(380)) - 28e6f063-521b-4b0b-a02a-5e9043c40346@group-D49482B05581-SegmentedRaftLogWorker: Starting segment from index:0
2019-10-01 13:48:13,413 [28e6f063-521b-4b0b-a02a-5e9043c40346@group-D49482B05581:LeaderElection9] INFO  impl.RaftServerImpl (ServerState.java:setRaftConf(354)) - 28e6f063-521b-4b0b-a02a-5e9043c40346@group-D49482B05581: set configuration 0: [ca9409bf-535d-46b2-a29d-0f3e9142befc:192.168.151.103:43158, 28e6f063-521b-4b0b-a02a-5e9043c40346:192.168.151.103:43810, 060a3888-7a74-4b9b-97fd-fd9a817a6619:192.168.151.103:34514], old=null at 0
2019-10-01 13:48:13,464 [28e6f063-521b-4b0b-a02a-5e9043c40346@group-D49482B05581-SegmentedRaftLogWorker] INFO  segmented.SegmentedRaftLogWorker (SegmentedRaftLogWorker.java:execute(569)) - 28e6f063-521b-4b0b-a02a-5e9043c40346@group-D49482B05581-SegmentedRaftLogWorker: created new log segment /workdir/hadoop-ozone/integration-test/target/test-dir/MiniOzoneClusterImpl-c454a207-f4f8-4ee2-a371-1771be9b0699/datanode-3/data/ratis/1be204de-e5b7-42ce-9bf1-d49482b05581/current/log_inprogress_0
2019-10-01 13:48:13,490 [grpc-default-executor-4] INFO  impl.RaftServerImpl (ServerState.java:setLeader(253)) - ca9409bf-535d-46b2-a29d-0f3e9142befc@group-D49482B05581: change Leader from null to 28e6f063-521b-4b0b-a02a-5e9043c40346 at term 2 for appendEntries, leader elected after 10467ms
2019-10-01 13:48:13,491 [grpc-default-executor-3] INFO  impl.RaftServerImpl (ServerState.java:setLeader(253)) - 060a3888-7a74-4b9b-97fd-fd9a817a6619@group-D49482B05581: change Leader from null to 28e6f063-521b-4b0b-a02a-5e9043c40346 at term 2 for appendEntries, leader elected after 10467ms
2019-10-01 13:48:13,523 [grpc-default-executor-4] INFO  impl.RaftServerImpl (ServerState.java:setRaftConf(354)) - ca9409bf-535d-46b2-a29d-0f3e9142befc@group-D49482B05581: set configuration 0: [ca9409bf-535d-46b2-a29d-0f3e9142befc:192.168.151.103:43158, 28e6f063-521b-4b0b-a02a-5e9043c40346:192.168.151.103:43810, 060a3888-7a74-4b9b-97fd-fd9a817a6619:192.168.151.103:34514], old=null at 0
2019-10-01 13:48:13,523 [grpc-default-executor-3] INFO  impl.RaftServerImpl (ServerState.java:setRaftConf(354)) - 060a3888-7a74-4b9b-97fd-fd9a817a6619@group-D49482B05581: set configuration 0: [ca9409bf-535d-46b2-a29d-0f3e9142befc:192.168.151.103:43158, 28e6f063-521b-4b0b-a02a-5e9043c40346:192.168.151.103:43810, 060a3888-7a74-4b9b-97fd-fd9a817a6619:192.168.151.103:34514], old=null at 0
2019-10-01 13:48:13,524 [grpc-default-executor-4] INFO  segmented.SegmentedRaftLogWorker (SegmentedRaftLogWorker.java:startLogSegment(380)) - ca9409bf-535d-46b2-a29d-0f3e9142befc@group-D49482B05581-SegmentedRaftLogWorker: Starting segment from index:0
2019-10-01 13:48:13,524 [grpc-default-executor-3] INFO  segmented.SegmentedRaftLogWorker (SegmentedRaftLogWorker.java:startLogSegment(380)) - 060a3888-7a74-4b9b-97fd-fd9a817a6619@group-D49482B05581-SegmentedRaftLogWorker: Starting segment from index:0
2019-10-01 13:48:13,577 [060a3888-7a74-4b9b-97fd-fd9a817a6619@group-D49482B05581-SegmentedRaftLogWorker] INFO  segmented.SegmentedRaftLogWorker (SegmentedRaftLogWorker.java:execute(569)) - 060a3888-7a74-4b9b-97fd-fd9a817a6619@group-D49482B05581-SegmentedRaftLogWorker: created new log segment /workdir/hadoop-ozone/integration-test/target/test-dir/MiniOzoneClusterImpl-c454a207-f4f8-4ee2-a371-1771be9b0699/datanode-2/data/ratis/1be204de-e5b7-42ce-9bf1-d49482b05581/current/log_inprogress_0
2019-10-01 13:48:13,577 [ca9409bf-535d-46b2-a29d-0f3e9142befc@group-D49482B05581-SegmentedRaftLogWorker] INFO  segmented.SegmentedRaftLogWorker (SegmentedRaftLogWorker.java:execute(569)) - ca9409bf-535d-46b2-a29d-0f3e9142befc@group-D49482B05581-SegmentedRaftLogWorker: created new log segment /workdir/hadoop-ozone/integration-test/target/test-dir/MiniOzoneClusterImpl-c454a207-f4f8-4ee2-a371-1771be9b0699/datanode-0/data/ratis/1be204de-e5b7-42ce-9bf1-d49482b05581/current/log_inprogress_0
2019-10-01 13:48:14,444 [pool-61-thread-1] ERROR impl.ChunkManagerImpl (ChunkUtils.java:writeData(89)) - data array does not match the length specified. DataLen: 12 Byte Array: 168
2019-10-01 13:48:14,445 [pool-61-thread-1] INFO  keyvalue.KeyValueHandler (ContainerUtils.java:logAndReturnError(146)) - Operation: WriteChunk : Trace ID: 41f0fc96a1cefb37:41f0fc96a1cefb37:0:0 : Message: data array does not match the length specified. DataLen: 12 Byte Array: 168 : Result: INVALID_WRITE_SIZE
2019-10-01 13:48:14,476 [EventQueue-IncrementalContainerReportForIncrementalContainerReportHandler] WARN  container.IncrementalContainerReportHandler (AbstractContainerReportHandler.java:updateContainerState(143)) - Container #1 is in OPEN state, but the datanode 28e6f063-521b-4b0b-a02a-5e9043c40346{ip: 192.168.151.103, host: pr-trunk-878pl-325597374, networkLocation: /rack1, certSerialId: null} reports an UNHEALTHY replica.
13:48:14.486 [pool-61-thread-1] ERROR DNAudit - user=null | ip=null | op=WRITE_CHUNK {blockData=conID: 1 locID: 102887436101025792 bcsId: 0} | ret=FAILURE
java.lang.Exception: data array does not match the length specified. DataLen: 12 Byte Array: 168
	at org.apache.hadoop.ozone.container.common.impl.HddsDispatcher.dispatchRequest(HddsDispatcher.java:330) ~[hadoop-hdds-container-service-0.5.0-SNAPSHOT.jar:?]
	at org.apache.hadoop.ozone.container.common.impl.HddsDispatcher.dispatch(HddsDispatcher.java:150) ~[hadoop-hdds-container-service-0.5.0-SNAPSHOT.jar:?]
	at org.apache.hadoop.ozone.container.common.transport.server.ratis.ContainerStateMachine.dispatchCommand(ContainerStateMachine.java:407) ~[hadoop-hdds-container-service-0.5.0-SNAPSHOT.jar:?]
	at org.apache.hadoop.ozone.container.common.transport.server.ratis.ContainerStateMachine.runCommand(ContainerStateMachine.java:415) ~[hadoop-hdds-container-service-0.5.0-SNAPSHOT.jar:?]
	at org.apache.hadoop.ozone.container.common.transport.server.ratis.ContainerStateMachine.lambda$handleWriteChunk$1(ContainerStateMachine.java:450) ~[hadoop-hdds-container-service-0.5.0-SNAPSHOT.jar:?]
	at java.util.concurrent.CompletableFuture$AsyncSupply.run(CompletableFuture.java:1590) [?:1.8.0_212]
	at java.util.concurrent.ThreadPoolExecutor.runWorker(ThreadPoolExecutor.java:1149) [?:1.8.0_212]
	at java.util.concurrent.ThreadPoolExecutor$Worker.run(ThreadPoolExecutor.java:624) [?:1.8.0_212]
	at java.lang.Thread.run(Thread.java:748) [?:1.8.0_212]
2019-10-01 13:48:14,513 [pool-61-thread-1] ERROR ratis.ContainerStateMachine (ContainerStateMachine.java:lambda$handleWriteChunk$2(470)) - group-D49482B05581: writeChunk writeStateMachineData failed: blockIdcontainerID: 1
localID: 102887436101025792
blockCommitSequenceId: 0
 logIndex 1 chunkName 102887436101025792_chunk_1 Error message: data array does not match the length specified. DataLen: 12 Byte Array: 168 Container Result: INVALID_WRITE_SIZE
2019-10-01 13:48:14,527 [28e6f063-521b-4b0b-a02a-5e9043c40346@group-D49482B05581-SegmentedRaftLogWorker] ERROR ratis.XceiverServerRatis (XceiverServerRatis.java:triggerPipelineClose(575)) - pipeline Action CLOSE  on pipeline PipelineID=1be204de-e5b7-42ce-9bf1-d49482b05581.Reason : data array does not match the length specified. DataLen: 12 Byte Array: 168
2019-10-01 13:48:14,527 [28e6f063-521b-4b0b-a02a-5e9043c40346@group-D49482B05581-SegmentedRaftLogWorker] ERROR ratis.XceiverServerRatis (XceiverServerRatis.java:triggerPipelineClose(575)) - pipeline Action CLOSE  on pipeline PipelineID=1be204de-e5b7-42ce-9bf1-d49482b05581.Reason : Log already failed at index 1 for task WriteLog:1: (t:2, i:1), STATEMACHINELOGENTRY, client-E68FBE484E6C, cid=7
2019-10-01 13:48:14,532 [EventQueue-PipelineActionsForPipelineActionHandler] ERROR pipeline.PipelineActionHandler (PipelineActionHandler.java:onMessage(60)) - Received pipeline action CLOSE for Pipeline[ Id: 1be204de-e5b7-42ce-9bf1-d49482b05581, Nodes: ca9409bf-535d-46b2-a29d-0f3e9142befc{ip: 192.168.151.103, host: pr-trunk-878pl-325597374, networkLocation: /rack1, certSerialId: null}060a3888-7a74-4b9b-97fd-fd9a817a6619{ip: 192.168.151.103, host: pr-trunk-878pl-325597374, networkLocation: /rack1, certSerialId: null}28e6f063-521b-4b0b-a02a-5e9043c40346{ip: 192.168.151.103, host: pr-trunk-878pl-325597374, networkLocation: /rack1, certSerialId: null}, Type:RATIS, Factor:THREE, State:OPEN] from datanode 28e6f063-521b-4b0b-a02a-5e9043c40346{ip: 192.168.151.103, host: pr-trunk-878pl-325597374, networkLocation: /rack1, certSerialId: null}. Reason : data array does not match the length specified. DataLen: 12 Byte Array: 168
2019-10-01 13:48:14,532 [EventQueue-PipelineActionsForPipelineActionHandler] INFO  pipeline.SCMPipelineManager (SCMPipelineManager.java:finalizeAndDestroyPipeline(315)) - destroying pipeline:Pipeline[ Id: 1be204de-e5b7-42ce-9bf1-d49482b05581, Nodes: ca9409bf-535d-46b2-a29d-0f3e9142befc{ip: 192.168.151.103, host: pr-trunk-878pl-325597374, networkLocation: /rack1, certSerialId: null}060a3888-7a74-4b9b-97fd-fd9a817a6619{ip: 192.168.151.103, host: pr-trunk-878pl-325597374, networkLocation: /rack1, certSerialId: null}28e6f063-521b-4b0b-a02a-5e9043c40346{ip: 192.168.151.103, host: pr-trunk-878pl-325597374, networkLocation: /rack1, certSerialId: null}, Type:RATIS, Factor:THREE, State:OPEN]
2019-10-01 13:48:14,534 [EventQueue-CloseContainerForCloseContainerEventHandler] INFO  container.CloseContainerEventHandler (CloseContainerEventHandler.java:onMessage(61)) - Close container Event triggered for container : #1
2019-10-01 13:48:14,537 [EventQueue-PipelineActionsForPipelineActionHandler] INFO  pipeline.PipelineStateManager (PipelineStateManager.java:finalizePipeline(123)) - Pipeline Pipeline[ Id: 1be204de-e5b7-42ce-9bf1-d49482b05581, Nodes: ca9409bf-535d-46b2-a29d-0f3e9142befc{ip: 192.168.151.103, host: pr-trunk-878pl-325597374, networkLocation: /rack1, certSerialId: null}060a3888-7a74-4b9b-97fd-fd9a817a6619{ip: 192.168.151.103, host: pr-trunk-878pl-325597374, networkLocation: /rack1, certSerialId: null}28e6f063-521b-4b0b-a02a-5e9043c40346{ip: 192.168.151.103, host: pr-trunk-878pl-325597374, networkLocation: /rack1, certSerialId: null}, Type:RATIS, Factor:THREE, State:CLOSED] moved to CLOSED state
2019-10-01 13:48:14,543 [EventQueue-CloseContainerForCloseContainerEventHandler] INFO  container.CloseContainerEventHandler (CloseContainerEventHandler.java:onMessage(61)) - Close container Event triggered for container : #1
2019-10-01 13:49:04,349 [main] INFO  ozone.MiniOzoneClusterImpl (MiniOzoneClusterImpl.java:shutdown(314)) - Shutting down the Mini Ozone Cluster
2019-10-01 13:49:04,353 [main] INFO  ozone.MiniOzoneClusterImpl (MiniOzoneClusterImpl.java:stop(330)) - Stopping the Mini Ozone Cluster
2019-10-01 13:49:04,353 [main] INFO  ozone.MiniOzoneClusterImpl (MiniOzoneClusterImpl.java:stopOM(400)) - Stopping the OzoneManager
2019-10-01 13:49:04,353 [main] INFO  ipc.Server (Server.java:stop(3082)) - Stopping server on 43317
2019-10-01 13:49:04,364 [IPC Server listener on 43317] INFO  ipc.Server (Server.java:run(1185)) - Stopping IPC Server listener on 43317
2019-10-01 13:49:04,369 [IPC Server Responder] INFO  ipc.Server (Server.java:run(1319)) - Stopping IPC Server Responder
2019-10-01 13:49:04,388 [main] INFO  impl.RaftServerProxy (RaftServerProxy.java:lambda$close$4(314)) - bcafd34a-568d-4ca4-b756-47903f4546f5: close
2019-10-01 13:49:04,398 [main] INFO  impl.RaftServerImpl (RaftServerImpl.java:lambda$shutdown$3(251)) - bcafd34a-568d-4ca4-b756-47903f4546f5@group-C5BA1605619E: shutdown
2019-10-01 13:49:04,399 [main] INFO  util.JmxRegister (JmxRegister.java:unregister(73)) - Successfully un-registered JMX Bean with object name Ratis:service=RaftServer,group=group-C5BA1605619E,id=bcafd34a-568d-4ca4-b756-47903f4546f5
2019-10-01 13:49:04,400 [main] INFO  impl.RoleInfo (RoleInfo.java:shutdownLeaderState(104)) - bcafd34a-568d-4ca4-b756-47903f4546f5: shutdown LeaderState
2019-10-01 13:49:04,401 [main] INFO  impl.PendingRequests (PendingRequests.java:sendNotLeaderResponses(202)) - bcafd34a-568d-4ca4-b756-47903f4546f5-PendingRequests: sendNotLeaderResponses
2019-10-01 13:49:04,408 [main] INFO  impl.StateMachineUpdater (StateMachineUpdater.java:stopAndJoin(125)) - bcafd34a-568d-4ca4-b756-47903f4546f5@group-C5BA1605619E-StateMachineUpdater: set stopIndex = 6
2019-10-01 13:49:04,409 [bcafd34a-568d-4ca4-b756-47903f4546f5@group-C5BA1605619E-StateMachineUpdater] INFO  ratis.OzoneManagerStateMachine (OzoneManagerStateMachine.java:takeSnapshot(254)) - Saving Ratis snapshot on the OM.
2019-10-01 13:49:04,421 [bcafd34a-568d-4ca4-b756-47903f4546f5@group-C5BA1605619E-StateMachineUpdater] INFO  ratis.OMRatisSnapshotInfo (OMRatisSnapshotInfo.java:saveRatisSnapshotToDisk(107)) - Saved Ratis Snapshot on the OM with snapshotIndex 5
2019-10-01 13:49:04,421 [bcafd34a-568d-4ca4-b756-47903f4546f5@group-C5BA1605619E-StateMachineUpdater] INFO  impl.StateMachineUpdater (StateMachineUpdater.java:takeSnapshot(258)) - bcafd34a-568d-4ca4-b756-47903f4546f5@group-C5BA1605619E-StateMachineUpdater: Took a snapshot at index 5
2019-10-01 13:49:04,423 [bcafd34a-568d-4ca4-b756-47903f4546f5@group-C5BA1605619E-StateMachineUpdater] INFO  impl.StateMachineUpdater (StateMachineUpdater.java:lambda$new$0(83)) - bcafd34a-568d-4ca4-b756-47903f4546f5@group-C5BA1605619E-StateMachineUpdater: snapshotIndex: updateIncreasingly -1 -> 5
2019-10-01 13:49:04,427 [bcafd34a-568d-4ca4-b756-47903f4546f5@group-C5BA1605619E-StateMachineUpdater] INFO  ratis.OzoneManagerStateMachine (OzoneManagerStateMachine.java:takeSnapshot(254)) - Saving Ratis snapshot on the OM.
2019-10-01 13:49:04,428 [bcafd34a-568d-4ca4-b756-47903f4546f5@group-C5BA1605619E-StateMachineUpdater] INFO  ratis.OMRatisSnapshotInfo (OMRatisSnapshotInfo.java:saveRatisSnapshotToDisk(107)) - Saved Ratis Snapshot on the OM with snapshotIndex 5
2019-10-01 13:49:04,428 [bcafd34a-568d-4ca4-b756-47903f4546f5@group-C5BA1605619E-StateMachineUpdater] INFO  impl.StateMachineUpdater (StateMachineUpdater.java:takeSnapshot(258)) - bcafd34a-568d-4ca4-b756-47903f4546f5@group-C5BA1605619E-StateMachineUpdater: Took a snapshot at index 5
2019-10-01 13:49:04,428 [bcafd34a-568d-4ca4-b756-47903f4546f5@group-C5BA1605619E-StateMachineUpdater] INFO  impl.StateMachineUpdater (StateMachineUpdater.java:lambda$new$0(83)) - bcafd34a-568d-4ca4-b756-47903f4546f5@group-C5BA1605619E-StateMachineUpdater: snapshotIndex: updateIncreasingly 5 -> 5
2019-10-01 13:49:04,429 [main] INFO  impl.RaftServerImpl (ServerState.java:close(385)) - bcafd34a-568d-4ca4-b756-47903f4546f5@group-C5BA1605619E: closes. applyIndex: 6
2019-10-01 13:49:04,431 [bcafd34a-568d-4ca4-b756-47903f4546f5@group-C5BA1605619E-SegmentedRaftLogWorker] INFO  segmented.SegmentedRaftLogWorker (SegmentedRaftLogWorker.java:run(313)) - bcafd34a-568d-4ca4-b756-47903f4546f5@group-C5BA1605619E-SegmentedRaftLogWorker was interrupted, exiting. There are 0 tasks remaining in the queue.
2019-10-01 13:49:04,433 [main] INFO  segmented.SegmentedRaftLogWorker (SegmentedRaftLogWorker.java:close(228)) - bcafd34a-568d-4ca4-b756-47903f4546f5@group-C5BA1605619E-SegmentedRaftLogWorker close()
2019-10-01 13:49:04,436 [main] INFO  server.GrpcService (GrpcService.java:closeImpl(164)) - bcafd34a-568d-4ca4-b756-47903f4546f5: shutdown server with port 9872 now
2019-10-01 13:49:04,439 [main] INFO  server.GrpcService (GrpcService.java:closeImpl(172)) - bcafd34a-568d-4ca4-b756-47903f4546f5: shutdown server with port 9872 successfully
2019-10-01 13:49:04,439 [main] INFO  ratis.OzoneManagerDoubleBuffer (OzoneManagerDoubleBuffer.java:stop(248)) - Stopping OMDoubleBuffer flush thread
2019-10-01 13:49:04,439 [OMDoubleBufferFlushThread] INFO  ratis.OzoneManagerDoubleBuffer (OzoneManagerDoubleBuffer.java:flushTransactions(191)) - OMDoubleBuffer flush thread OMDoubleBufferFlushThread is interrupted and will exit. OMDoubleBufferFlushThread
2019-10-01 13:49:04,441 [main] INFO  utils.BackgroundService (BackgroundService.java:shutdown(148)) - Shutting down service KeyDeletingService
2019-10-01 13:49:04,447 [main] INFO  handler.ContextHandler (ContextHandler.java:doStop(910)) - Stopped o.e.j.w.WebAppContext@66420549{/,null,UNAVAILABLE}{/ozoneManager}
2019-10-01 13:49:04,455 [main] INFO  server.AbstractConnector (AbstractConnector.java:doStop(318)) - Stopped ServerConnector@15dc339f{HTTP/1.1,[http/1.1]}{0.0.0.0:0}
2019-10-01 13:49:04,455 [main] INFO  handler.ContextHandler (ContextHandler.java:doStop(910)) - Stopped o.e.j.s.ServletContextHandler@60859f5a{/static,file:///workdir/hadoop-ozone/integration-test/target/test-classes/webapps/static,UNAVAILABLE}
2019-10-01 13:49:04,456 [main] INFO  handler.ContextHandler (ContextHandler.java:doStop(910)) - Stopped o.e.j.s.ServletContextHandler@59d77850{/logs,file:///workdir/hadoop-ozone/integration-test/target/log,UNAVAILABLE}
2019-10-01 13:49:04,461 [main] INFO  ozone.MiniOzoneClusterImpl (MiniOzoneClusterImpl.java:stopDatanodes(377)) - Stopping the HddsDatanodes
2019-10-01 13:49:05,311 [Datanode State Machine Thread - 0] INFO  statemachine.DatanodeStateMachine (DatanodeStateMachine.java:lambda$startDaemon$0(350)) - Ozone container server started.
2019-10-01 13:49:05,318 [Datanode State Machine Thread - 0] INFO  statemachine.DatanodeStateMachine (DatanodeStateMachine.java:lambda$startDaemon$0(350)) - Ozone container server started.
2019-10-01 13:49:09,466 [ForkJoinPool.commonPool-worker-0] INFO  ozoneimpl.OzoneContainer (OzoneContainer.java:stop(231)) - Attempting to stop container services.
2019-10-01 13:49:09,466 [main] INFO  ozoneimpl.OzoneContainer (OzoneContainer.java:stop(231)) - Attempting to stop container services.
2019-10-01 13:49:09,468 [ForkJoinPool.commonPool-worker-0] INFO  impl.RaftServerProxy (RaftServerProxy.java:lambda$close$4(314)) - 12dc2f29-1138-4721-9a66-3f514902d6d7: close
2019-10-01 13:49:09,468 [main] INFO  impl.RaftServerProxy (RaftServerProxy.java:lambda$close$4(314)) - 060a3888-7a74-4b9b-97fd-fd9a817a6619: close
2019-10-01 13:49:09,468 [ForkJoinPool.commonPool-worker-0] INFO  impl.RaftServerImpl (RaftServerImpl.java:lambda$shutdown$3(251)) - 12dc2f29-1138-4721-9a66-3f514902d6d7@group-92436C6B8900: shutdown
2019-10-01 13:49:09,469 [main] INFO  impl.RaftServerImpl (RaftServerImpl.java:lambda$shutdown$3(251)) - 060a3888-7a74-4b9b-97fd-fd9a817a6619@group-D49482B05581: shutdown
2019-10-01 13:49:09,469 [ForkJoinPool.commonPool-worker-0] INFO  util.JmxRegister (JmxRegister.java:unregister(73)) - Successfully un-registered JMX Bean with object name Ratis:service=RaftServer,group=group-92436C6B8900,id=12dc2f29-1138-4721-9a66-3f514902d6d7
2019-10-01 13:49:09,469 [main] INFO  util.JmxRegister (JmxRegister.java:unregister(73)) - Successfully un-registered JMX Bean with object name Ratis:service=RaftServer,group=group-D49482B05581,id=060a3888-7a74-4b9b-97fd-fd9a817a6619
2019-10-01 13:49:09,470 [ForkJoinPool.commonPool-worker-0] INFO  impl.RoleInfo (RoleInfo.java:shutdownLeaderState(104)) - 12dc2f29-1138-4721-9a66-3f514902d6d7: shutdown LeaderState
2019-10-01 13:49:09,470 [main] INFO  impl.RoleInfo (RoleInfo.java:shutdownFollowerState(121)) - 060a3888-7a74-4b9b-97fd-fd9a817a6619: shutdown FollowerState
2019-10-01 13:49:09,471 [ForkJoinPool.commonPool-worker-0] INFO  impl.PendingRequests (PendingRequests.java:sendNotLeaderResponses(202)) - 12dc2f29-1138-4721-9a66-3f514902d6d7-PendingRequests: sendNotLeaderResponses
2019-10-01 13:49:09,471 [main] INFO  impl.StateMachineUpdater (StateMachineUpdater.java:stopAndJoin(125)) - 060a3888-7a74-4b9b-97fd-fd9a817a6619@group-D49482B05581-StateMachineUpdater: set stopIndex = 0
2019-10-01 13:49:09,471 [Thread-273] INFO  impl.FollowerState (FollowerState.java:run(115)) - 060a3888-7a74-4b9b-97fd-fd9a817a6619: FollowerState was interrupted: java.lang.InterruptedException: sleep interrupted
2019-10-01 13:49:09,472 [ForkJoinPool.commonPool-worker-0] INFO  impl.StateMachineUpdater (StateMachineUpdater.java:stopAndJoin(125)) - 12dc2f29-1138-4721-9a66-3f514902d6d7@group-92436C6B8900-StateMachineUpdater: set stopIndex = 0
2019-10-01 13:49:09,474 [main] INFO  impl.RaftServerImpl (ServerState.java:close(385)) - 060a3888-7a74-4b9b-97fd-fd9a817a6619@group-D49482B05581: closes. applyIndex: 0
2019-10-01 13:49:09,475 [ForkJoinPool.commonPool-worker-0] INFO  impl.RaftServerImpl (ServerState.java:close(385)) - 12dc2f29-1138-4721-9a66-3f514902d6d7@group-92436C6B8900: closes. applyIndex: 0
2019-10-01 13:49:09,476 [060a3888-7a74-4b9b-97fd-fd9a817a6619@group-D49482B05581-SegmentedRaftLogWorker] INFO  segmented.SegmentedRaftLogWorker (SegmentedRaftLogWorker.java:run(313)) - 060a3888-7a74-4b9b-97fd-fd9a817a6619@group-D49482B05581-SegmentedRaftLogWorker was interrupted, exiting. There are 0 tasks remaining in the queue.
2019-10-01 13:49:09,476 [12dc2f29-1138-4721-9a66-3f514902d6d7@group-92436C6B8900-SegmentedRaftLogWorker] INFO  segmented.SegmentedRaftLogWorker (SegmentedRaftLogWorker.java:run(313)) - 12dc2f29-1138-4721-9a66-3f514902d6d7@group-92436C6B8900-SegmentedRaftLogWorker was interrupted, exiting. There are 0 tasks remaining in the queue.
2019-10-01 13:49:09,477 [main] INFO  segmented.SegmentedRaftLogWorker (SegmentedRaftLogWorker.java:close(228)) - 060a3888-7a74-4b9b-97fd-fd9a817a6619@group-D49482B05581-SegmentedRaftLogWorker close()
2019-10-01 13:49:09,481 [main] INFO  impl.RaftServerImpl (RaftServerImpl.java:lambda$shutdown$3(251)) - 060a3888-7a74-4b9b-97fd-fd9a817a6619@group-4C3DA90DB26A: shutdown
2019-10-01 13:49:09,482 [main] INFO  util.JmxRegister (JmxRegister.java:unregister(73)) - Successfully un-registered JMX Bean with object name Ratis:service=RaftServer,group=group-4C3DA90DB26A,id=060a3888-7a74-4b9b-97fd-fd9a817a6619
2019-10-01 13:49:09,482 [main] INFO  impl.RoleInfo (RoleInfo.java:shutdownLeaderState(104)) - 060a3888-7a74-4b9b-97fd-fd9a817a6619: shutdown LeaderState
2019-10-01 13:49:09,483 [main] INFO  impl.PendingRequests (PendingRequests.java:sendNotLeaderResponses(202)) - 060a3888-7a74-4b9b-97fd-fd9a817a6619-PendingRequests: sendNotLeaderResponses
2019-10-01 13:49:09,484 [main] INFO  impl.StateMachineUpdater (StateMachineUpdater.java:stopAndJoin(125)) - 060a3888-7a74-4b9b-97fd-fd9a817a6619@group-4C3DA90DB26A-StateMachineUpdater: set stopIndex = 0
2019-10-01 13:49:09,485 [main] INFO  impl.RaftServerImpl (ServerState.java:close(385)) - 060a3888-7a74-4b9b-97fd-fd9a817a6619@group-4C3DA90DB26A: closes. applyIndex: 0
2019-10-01 13:49:09,485 [060a3888-7a74-4b9b-97fd-fd9a817a6619@group-4C3DA90DB26A-SegmentedRaftLogWorker] INFO  segmented.SegmentedRaftLogWorker (SegmentedRaftLogWorker.java:run(313)) - 060a3888-7a74-4b9b-97fd-fd9a817a6619@group-4C3DA90DB26A-SegmentedRaftLogWorker was interrupted, exiting. There are 0 tasks remaining in the queue.
2019-10-01 13:49:09,487 [main] INFO  segmented.SegmentedRaftLogWorker (SegmentedRaftLogWorker.java:close(228)) - 060a3888-7a74-4b9b-97fd-fd9a817a6619@group-4C3DA90DB26A-SegmentedRaftLogWorker close()
2019-10-01 13:49:09,489 [ForkJoinPool.commonPool-worker-0] INFO  segmented.SegmentedRaftLogWorker (SegmentedRaftLogWorker.java:close(228)) - 12dc2f29-1138-4721-9a66-3f514902d6d7@group-92436C6B8900-SegmentedRaftLogWorker close()
2019-10-01 13:49:09,490 [main] INFO  server.GrpcService (GrpcService.java:closeImpl(164)) - 060a3888-7a74-4b9b-97fd-fd9a817a6619: shutdown server with port 34514 now
2019-10-01 13:49:09,492 [ForkJoinPool.commonPool-worker-0] INFO  server.GrpcService (GrpcService.java:closeImpl(164)) - 12dc2f29-1138-4721-9a66-3f514902d6d7: shutdown server with port 32920 now
2019-10-01 13:49:09,494 [ForkJoinPool.commonPool-worker-0] INFO  server.GrpcService (GrpcService.java:closeImpl(172)) - 12dc2f29-1138-4721-9a66-3f514902d6d7: shutdown server with port 32920 successfully
2019-10-01 13:49:09,501 [refreshUsed-/workdir/hadoop-ozone/integration-test/target/test-dir/MiniOzoneClusterImpl-c454a207-f4f8-4ee2-a371-1771be9b0699/datanode-1/data/containers] WARN  fs.CachingGetSpaceUsed (CachingGetSpaceUsed.java:run(183)) - Thread Interrupted waiting to refresh disk information: sleep interrupted
2019-10-01 13:49:09,501 [main] INFO  server.GrpcService (GrpcService.java:closeImpl(172)) - 060a3888-7a74-4b9b-97fd-fd9a817a6619: shutdown server with port 34514 successfully
2019-10-01 13:49:09,506 [grpc-default-executor-3] WARN  server.GrpcLogAppender (LogUtils.java:warn(134)) - 28e6f063-521b-4b0b-a02a-5e9043c40346@group-D49482B05581->060a3888-7a74-4b9b-97fd-fd9a817a6619-AppendLogResponseHandler: Failed appendEntries: org.apache.ratis.thirdparty.io.grpc.StatusRuntimeException: CANCELLED: HTTP/2 error code: CANCEL
Received Rst Stream
2019-10-01 13:49:09,506 [grpc-default-executor-4] WARN  server.GrpcServerProtocolService (LogUtils.java:warn(134)) - 060a3888-7a74-4b9b-97fd-fd9a817a6619: installSnapshot onError, lastRequest: 28e6f063-521b-4b0b-a02a-5e9043c40346->060a3888-7a74-4b9b-97fd-fd9a817a6619#24-t2, previous=(t:2, i:2), leaderCommit=0, initializing? false, entries: <empty>: org.apache.ratis.thirdparty.io.grpc.StatusRuntimeException: CANCELLED: cancelled before receiving half close
2019-10-01 13:49:09,510 [refreshUsed-/workdir/hadoop-ozone/integration-test/target/test-dir/MiniOzoneClusterImpl-c454a207-f4f8-4ee2-a371-1771be9b0699/datanode-2/data/containers] WARN  fs.CachingGetSpaceUsed (CachingGetSpaceUsed.java:run(183)) - Thread Interrupted waiting to refresh disk information: sleep interrupted
2019-10-01 13:49:09,513 [grpc-default-executor-3] INFO  impl.FollowerInfo (FollowerInfo.java:lambda$new$0(51)) - 28e6f063-521b-4b0b-a02a-5e9043c40346@group-D49482B05581->060a3888-7a74-4b9b-97fd-fd9a817a6619: nextIndex: updateUnconditionally 3 -> 2
2019-10-01 13:49:09,534 [ForkJoinPool.commonPool-worker-0] INFO  utils.BackgroundService (BackgroundService.java:shutdown(148)) - Shutting down service BlockDeletingService
2019-10-01 13:49:09,536 [main] INFO  utils.BackgroundService (BackgroundService.java:shutdown(148)) - Shutting down service BlockDeletingService
2019-10-01 13:49:09,538 [ForkJoinPool.commonPool-worker-0] INFO  statemachine.DatanodeStateMachine (DatanodeStateMachine.java:stopDaemon(395)) - Ozone container server stopped.
2019-10-01 13:49:09,542 [main] INFO  statemachine.DatanodeStateMachine (DatanodeStateMachine.java:stopDaemon(395)) - Ozone container server stopped.
2019-10-01 13:49:09,545 [main] INFO  handler.ContextHandler (ContextHandler.java:doStop(910)) - Stopped o.e.j.w.WebAppContext@20f6f88c{/,null,UNAVAILABLE}{/hddsDatanode}
2019-10-01 13:49:09,545 [ForkJoinPool.commonPool-worker-0] INFO  handler.ContextHandler (ContextHandler.java:doStop(910)) - Stopped o.e.j.w.WebAppContext@707b1a44{/,null,UNAVAILABLE}{/hddsDatanode}
2019-10-01 13:49:09,546 [main] INFO  server.AbstractConnector (AbstractConnector.java:doStop(318)) - Stopped ServerConnector@4277127c{HTTP/1.1,[http/1.1]}{0.0.0.0:0}
2019-10-01 13:49:09,546 [ForkJoinPool.commonPool-worker-0] INFO  server.AbstractConnector (AbstractConnector.java:doStop(318)) - Stopped ServerConnector@7132a9dc{HTTP/1.1,[http/1.1]}{0.0.0.0:0}
2019-10-01 13:49:09,546 [main] INFO  handler.ContextHandler (ContextHandler.java:doStop(910)) - Stopped o.e.j.s.ServletContextHandler@7f1ef916{/static,jar:file:/home/user/.m2/repository/org/apache/hadoop/hadoop-hdds-container-service/0.5.0-SNAPSHOT/hadoop-hdds-container-service-0.5.0-SNAPSHOT.jar!/webapps/static,UNAVAILABLE}
2019-10-01 13:49:09,547 [ForkJoinPool.commonPool-worker-0] INFO  handler.ContextHandler (ContextHandler.java:doStop(910)) - Stopped o.e.j.s.ServletContextHandler@cda6019{/static,jar:file:/home/user/.m2/repository/org/apache/hadoop/hadoop-hdds-container-service/0.5.0-SNAPSHOT/hadoop-hdds-container-service-0.5.0-SNAPSHOT.jar!/webapps/static,UNAVAILABLE}
2019-10-01 13:49:09,548 [main] INFO  handler.ContextHandler (ContextHandler.java:doStop(910)) - Stopped o.e.j.s.ServletContextHandler@5c441290{/logs,file:///workdir/hadoop-ozone/integration-test/target/log,UNAVAILABLE}
2019-10-01 13:49:09,549 [ForkJoinPool.commonPool-worker-0] INFO  handler.ContextHandler (ContextHandler.java:doStop(910)) - Stopped o.e.j.s.ServletContextHandler@429f7919{/logs,file:///workdir/hadoop-ozone/integration-test/target/log,UNAVAILABLE}
2019-10-01 13:49:09,694 [grpc-default-executor-3] WARN  server.GrpcLogAppender (LogUtils.java:warn(134)) - 28e6f063-521b-4b0b-a02a-5e9043c40346@group-D49482B05581->060a3888-7a74-4b9b-97fd-fd9a817a6619-AppendLogResponseHandler: Failed appendEntries: org.apache.ratis.thirdparty.io.grpc.StatusRuntimeException: UNAVAILABLE: io exception
2019-10-01 13:49:09,696 [grpc-default-executor-3] INFO  impl.FollowerInfo (FollowerInfo.java:lambda$new$0(51)) - 28e6f063-521b-4b0b-a02a-5e9043c40346@group-D49482B05581->060a3888-7a74-4b9b-97fd-fd9a817a6619: nextIndex: updateUnconditionally 2 -> 1
2019-10-01 13:49:10,519 [Datanode State Machine Thread - 0] INFO  statemachine.DatanodeStateMachine (DatanodeStateMachine.java:lambda$startDaemon$0(350)) - Ozone container server started.
2019-10-01 13:49:10,535 [Datanode State Machine Thread - 0] INFO  statemachine.DatanodeStateMachine (DatanodeStateMachine.java:lambda$startDaemon$0(350)) - Ozone container server started.
2019-10-01 13:49:12,189 [grpc-default-executor-5] WARN  server.GrpcLogAppender (LogUtils.java:warn(134)) - 28e6f063-521b-4b0b-a02a-5e9043c40346@group-D49482B05581->060a3888-7a74-4b9b-97fd-fd9a817a6619-AppendLogResponseHandler: Failed appendEntries: org.apache.ratis.thirdparty.io.grpc.StatusRuntimeException: UNAVAILABLE: io exception
2019-10-01 13:49:12,192 [grpc-default-executor-5] INFO  impl.FollowerInfo (FollowerInfo.java:lambda$new$0(51)) - 28e6f063-521b-4b0b-a02a-5e9043c40346@group-D49482B05581->060a3888-7a74-4b9b-97fd-fd9a817a6619: nextIndex: updateUnconditionally 1 -> 0
2019-10-01 13:49:14,552 [main] INFO  ozoneimpl.OzoneContainer (OzoneContainer.java:stop(231)) - Attempting to stop container services.
2019-10-01 13:49:14,552 [ForkJoinPool.commonPool-worker-0] INFO  ozoneimpl.OzoneContainer (OzoneContainer.java:stop(231)) - Attempting to stop container services.
2019-10-01 13:49:14,554 [main] INFO  impl.RaftServerProxy (RaftServerProxy.java:lambda$close$4(314)) - 28e6f063-521b-4b0b-a02a-5e9043c40346: close
2019-10-01 13:49:14,554 [ForkJoinPool.commonPool-worker-0] INFO  impl.RaftServerProxy (RaftServerProxy.java:lambda$close$4(314)) - ca9409bf-535d-46b2-a29d-0f3e9142befc: close
2019-10-01 13:49:14,555 [main] INFO  impl.RaftServerImpl (RaftServerImpl.java:lambda$shutdown$3(251)) - 28e6f063-521b-4b0b-a02a-5e9043c40346@group-D49482B05581: shutdown
2019-10-01 13:49:14,555 [ForkJoinPool.commonPool-worker-0] INFO  impl.RaftServerImpl (RaftServerImpl.java:lambda$shutdown$3(251)) - ca9409bf-535d-46b2-a29d-0f3e9142befc@group-D49482B05581: shutdown
2019-10-01 13:49:14,555 [main] INFO  util.JmxRegister (JmxRegister.java:unregister(73)) - Successfully un-registered JMX Bean with object name Ratis:service=RaftServer,group=group-D49482B05581,id=28e6f063-521b-4b0b-a02a-5e9043c40346
2019-10-01 13:49:14,556 [ForkJoinPool.commonPool-worker-0] INFO  util.JmxRegister (JmxRegister.java:unregister(73)) - Successfully un-registered JMX Bean with object name Ratis:service=RaftServer,group=group-D49482B05581,id=ca9409bf-535d-46b2-a29d-0f3e9142befc
2019-10-01 13:49:14,556 [main] INFO  impl.RoleInfo (RoleInfo.java:shutdownLeaderState(104)) - 28e6f063-521b-4b0b-a02a-5e9043c40346: shutdown LeaderState
2019-10-01 13:49:14,556 [ForkJoinPool.commonPool-worker-0] INFO  impl.RoleInfo (RoleInfo.java:shutdownFollowerState(121)) - ca9409bf-535d-46b2-a29d-0f3e9142befc: shutdown FollowerState
2019-10-01 13:49:14,561 [main] INFO  impl.PendingRequests (PendingRequests.java:sendNotLeaderResponses(202)) - 28e6f063-521b-4b0b-a02a-5e9043c40346-PendingRequests: sendNotLeaderResponses
2019-10-01 13:49:14,561 [org.apache.ratis.server.impl.LogAppender$AppenderDaemon$$Lambda$501/682171241@7f8e8fa5] WARN  server.GrpcLogAppender (GrpcLogAppender.java:mayWait(143)) - 28e6f063-521b-4b0b-a02a-5e9043c40346@group-D49482B05581->ca9409bf-535d-46b2-a29d-0f3e9142befc-GrpcLogAppender: Wait interrupted by java.lang.InterruptedException
2019-10-01 13:49:14,561 [org.apache.ratis.server.impl.LogAppender$AppenderDaemon$$Lambda$501/682171241@77c301cc] WARN  server.GrpcLogAppender (GrpcLogAppender.java:mayWait(143)) - 28e6f063-521b-4b0b-a02a-5e9043c40346@group-D49482B05581->060a3888-7a74-4b9b-97fd-fd9a817a6619-GrpcLogAppender: Wait interrupted by java.lang.InterruptedException
2019-10-01 13:49:14,561 [ForkJoinPool.commonPool-worker-0] INFO  impl.StateMachineUpdater (StateMachineUpdater.java:stopAndJoin(125)) - ca9409bf-535d-46b2-a29d-0f3e9142befc@group-D49482B05581-StateMachineUpdater: set stopIndex = 0
2019-10-01 13:49:14,561 [Thread-272] INFO  impl.FollowerState (FollowerState.java:run(115)) - ca9409bf-535d-46b2-a29d-0f3e9142befc: FollowerState was interrupted: java.lang.InterruptedException: sleep interrupted
2019-10-01 13:49:14,563 [ForkJoinPool.commonPool-worker-0] INFO  impl.RaftServerImpl (ServerState.java:close(385)) - ca9409bf-535d-46b2-a29d-0f3e9142befc@group-D49482B05581: closes. applyIndex: 0
2019-10-01 13:49:14,565 [ca9409bf-535d-46b2-a29d-0f3e9142befc@group-D49482B05581-SegmentedRaftLogWorker] INFO  segmented.SegmentedRaftLogWorker (SegmentedRaftLogWorker.java:run(313)) - ca9409bf-535d-46b2-a29d-0f3e9142befc@group-D49482B05581-SegmentedRaftLogWorker was interrupted, exiting. There are 0 tasks remaining in the queue.
2019-10-01 13:49:14,567 [ForkJoinPool.commonPool-worker-0] INFO  segmented.SegmentedRaftLogWorker (SegmentedRaftLogWorker.java:close(228)) - ca9409bf-535d-46b2-a29d-0f3e9142befc@group-D49482B05581-SegmentedRaftLogWorker close()
2019-10-01 13:49:14,578 [ForkJoinPool.commonPool-worker-0] INFO  impl.RaftServerImpl (RaftServerImpl.java:lambda$shutdown$3(251)) - ca9409bf-535d-46b2-a29d-0f3e9142befc@group-9442C5EDA40E: shutdown
2019-10-01 13:49:14,578 [ForkJoinPool.commonPool-worker-0] INFO  util.JmxRegister (JmxRegister.java:unregister(73)) - Successfully un-registered JMX Bean with object name Ratis:service=RaftServer,group=group-9442C5EDA40E,id=ca9409bf-535d-46b2-a29d-0f3e9142befc
2019-10-01 13:49:14,579 [ForkJoinPool.commonPool-worker-0] INFO  impl.RoleInfo (RoleInfo.java:shutdownLeaderState(104)) - ca9409bf-535d-46b2-a29d-0f3e9142befc: shutdown LeaderState
2019-10-01 13:49:14,579 [ForkJoinPool.commonPool-worker-0] INFO  impl.PendingRequests (PendingRequests.java:sendNotLeaderResponses(202)) - ca9409bf-535d-46b2-a29d-0f3e9142befc-PendingRequests: sendNotLeaderResponses
2019-10-01 13:49:14,579 [grpc-default-executor-5] INFO  server.GrpcServerProtocolService (GrpcServerProtocolService.java:onCompleted(113)) - ca9409bf-535d-46b2-a29d-0f3e9142befc: Completed APPEND_ENTRIES, lastRequest: 28e6f063-521b-4b0b-a02a-5e9043c40346->ca9409bf-535d-46b2-a29d-0f3e9142befc#26-t2, previous=(t:2, i:2), leaderCommit=0, initializing? false, entries: <empty>
2019-10-01 13:49:14,580 [ForkJoinPool.commonPool-worker-0] INFO  impl.StateMachineUpdater (StateMachineUpdater.java:stopAndJoin(125)) - ca9409bf-535d-46b2-a29d-0f3e9142befc@group-9442C5EDA40E-StateMachineUpdater: set stopIndex = 0
2019-10-01 13:49:14,581 [ForkJoinPool.commonPool-worker-0] INFO  impl.RaftServerImpl (ServerState.java:close(385)) - ca9409bf-535d-46b2-a29d-0f3e9142befc@group-9442C5EDA40E: closes. applyIndex: 0
2019-10-01 13:49:14,583 [ca9409bf-535d-46b2-a29d-0f3e9142befc@group-9442C5EDA40E-SegmentedRaftLogWorker] INFO  segmented.SegmentedRaftLogWorker (SegmentedRaftLogWorker.java:run(313)) - ca9409bf-535d-46b2-a29d-0f3e9142befc@group-9442C5EDA40E-SegmentedRaftLogWorker was interrupted, exiting. There are 0 tasks remaining in the queue.
2019-10-01 13:49:14,583 [grpc-default-executor-5] INFO  server.GrpcLogAppender (GrpcLogAppender.java:onCompleted(293)) - 28e6f063-521b-4b0b-a02a-5e9043c40346@group-D49482B05581->ca9409bf-535d-46b2-a29d-0f3e9142befc-AppendLogResponseHandler: follower responses appendEntries COMPLETED
2019-10-01 13:49:14,585 [ForkJoinPool.commonPool-worker-0] INFO  segmented.SegmentedRaftLogWorker (SegmentedRaftLogWorker.java:close(228)) - ca9409bf-535d-46b2-a29d-0f3e9142befc@group-9442C5EDA40E-SegmentedRaftLogWorker close()
2019-10-01 13:49:14,584 [main] INFO  impl.StateMachineUpdater (StateMachineUpdater.java:stopAndJoin(125)) - 28e6f063-521b-4b0b-a02a-5e9043c40346@group-D49482B05581-StateMachineUpdater: set stopIndex = 0
2019-10-01 13:49:14,587 [ForkJoinPool.commonPool-worker-0] INFO  server.GrpcService (GrpcService.java:closeImpl(164)) - ca9409bf-535d-46b2-a29d-0f3e9142befc: shutdown server with port 43158 now
2019-10-01 13:49:14,587 [grpc-default-executor-5] INFO  impl.FollowerInfo (FollowerInfo.java:lambda$new$0(51)) - 28e6f063-521b-4b0b-a02a-5e9043c40346@group-D49482B05581->ca9409bf-535d-46b2-a29d-0f3e9142befc: nextIndex: updateUnconditionally 3 -> 2
2019-10-01 13:49:14,588 [main] INFO  impl.RaftServerImpl (ServerState.java:close(385)) - 28e6f063-521b-4b0b-a02a-5e9043c40346@group-D49482B05581: closes. applyIndex: 0
2019-10-01 13:49:14,588 [ForkJoinPool.commonPool-worker-0] INFO  server.GrpcService (GrpcService.java:closeImpl(172)) - ca9409bf-535d-46b2-a29d-0f3e9142befc: shutdown server with port 43158 successfully
2019-10-01 13:49:14,589 [28e6f063-521b-4b0b-a02a-5e9043c40346@group-D49482B05581-SegmentedRaftLogWorker] INFO  segmented.SegmentedRaftLogWorker (SegmentedRaftLogWorker.java:run(313)) - 28e6f063-521b-4b0b-a02a-5e9043c40346@group-D49482B05581-SegmentedRaftLogWorker was interrupted, exiting. There are 0 tasks remaining in the queue.
2019-10-01 13:49:14,590 [main] INFO  segmented.SegmentedRaftLogWorker (SegmentedRaftLogWorker.java:close(228)) - 28e6f063-521b-4b0b-a02a-5e9043c40346@group-D49482B05581-SegmentedRaftLogWorker close()
2019-10-01 13:49:14,593 [main] INFO  impl.RaftServerImpl (RaftServerImpl.java:lambda$shutdown$3(251)) - 28e6f063-521b-4b0b-a02a-5e9043c40346@group-4FD31D4D5196: shutdown
2019-10-01 13:49:14,594 [main] INFO  util.JmxRegister (JmxRegister.java:unregister(73)) - Successfully un-registered JMX Bean with object name Ratis:service=RaftServer,group=group-4FD31D4D5196,id=28e6f063-521b-4b0b-a02a-5e9043c40346
2019-10-01 13:49:14,594 [main] INFO  impl.RoleInfo (RoleInfo.java:shutdownLeaderState(104)) - 28e6f063-521b-4b0b-a02a-5e9043c40346: shutdown LeaderState
2019-10-01 13:49:14,595 [main] INFO  impl.PendingRequests (PendingRequests.java:sendNotLeaderResponses(202)) - 28e6f063-521b-4b0b-a02a-5e9043c40346-PendingRequests: sendNotLeaderResponses
2019-10-01 13:49:14,595 [main] INFO  impl.StateMachineUpdater (StateMachineUpdater.java:stopAndJoin(125)) - 28e6f063-521b-4b0b-a02a-5e9043c40346@group-4FD31D4D5196-StateMachineUpdater: set stopIndex = 0
2019-10-01 13:49:14,597 [main] INFO  impl.RaftServerImpl (ServerState.java:close(385)) - 28e6f063-521b-4b0b-a02a-5e9043c40346@group-4FD31D4D5196: closes. applyIndex: 0
2019-10-01 13:49:14,597 [28e6f063-521b-4b0b-a02a-5e9043c40346@group-4FD31D4D5196-SegmentedRaftLogWorker] INFO  segmented.SegmentedRaftLogWorker (SegmentedRaftLogWorker.java:run(313)) - 28e6f063-521b-4b0b-a02a-5e9043c40346@group-4FD31D4D5196-SegmentedRaftLogWorker was interrupted, exiting. There are 0 tasks remaining in the queue.
2019-10-01 13:49:14,599 [main] INFO  segmented.SegmentedRaftLogWorker (SegmentedRaftLogWorker.java:close(228)) - 28e6f063-521b-4b0b-a02a-5e9043c40346@group-4FD31D4D5196-SegmentedRaftLogWorker close()
2019-10-01 13:49:14,602 [main] INFO  server.GrpcService (GrpcService.java:closeImpl(164)) - 28e6f063-521b-4b0b-a02a-5e9043c40346: shutdown server with port 43810 now
2019-10-01 13:49:14,602 [main] INFO  server.GrpcService (GrpcService.java:closeImpl(172)) - 28e6f063-521b-4b0b-a02a-5e9043c40346: shutdown server with port 43810 successfully
2019-10-01 13:49:14,614 [refreshUsed-/workdir/hadoop-ozone/integration-test/target/test-dir/MiniOzoneClusterImpl-c454a207-f4f8-4ee2-a371-1771be9b0699/datanode-0/data/containers] WARN  fs.CachingGetSpaceUsed (CachingGetSpaceUsed.java:run(183)) - Thread Interrupted waiting to refresh disk information: sleep interrupted
2019-10-01 13:49:14,625 [refreshUsed-/workdir/hadoop-ozone/integration-test/target/test-dir/MiniOzoneClusterImpl-c454a207-f4f8-4ee2-a371-1771be9b0699/datanode-3/data/containers] WARN  fs.CachingGetSpaceUsed (CachingGetSpaceUsed.java:run(183)) - Thread Interrupted waiting to refresh disk information: sleep interrupted
2019-10-01 13:49:14,635 [ForkJoinPool.commonPool-worker-0] INFO  utils.BackgroundService (BackgroundService.java:shutdown(148)) - Shutting down service BlockDeletingService
2019-10-01 13:49:14,638 [ForkJoinPool.commonPool-worker-0] INFO  statemachine.DatanodeStateMachine (DatanodeStateMachine.java:stopDaemon(395)) - Ozone container server stopped.
2019-10-01 13:49:14,641 [ForkJoinPool.commonPool-worker-0] INFO  handler.ContextHandler (ContextHandler.java:doStop(910)) - Stopped o.e.j.w.WebAppContext@765ffb14{/,null,UNAVAILABLE}{/hddsDatanode}
2019-10-01 13:49:14,642 [ForkJoinPool.commonPool-worker-0] INFO  server.AbstractConnector (AbstractConnector.java:doStop(318)) - Stopped ServerConnector@57562473{HTTP/1.1,[http/1.1]}{0.0.0.0:0}
2019-10-01 13:49:14,642 [main] INFO  utils.BackgroundService (BackgroundService.java:shutdown(148)) - Shutting down service BlockDeletingService
2019-10-01 13:49:14,643 [ForkJoinPool.commonPool-worker-0] INFO  handler.ContextHandler (ContextHandler.java:doStop(910)) - Stopped o.e.j.s.ServletContextHandler@2fcd7d3f{/static,jar:file:/home/user/.m2/repository/org/apache/hadoop/hadoop-hdds-container-service/0.5.0-SNAPSHOT/hadoop-hdds-container-service-0.5.0-SNAPSHOT.jar!/webapps/static,UNAVAILABLE}
2019-10-01 13:49:14,644 [ForkJoinPool.commonPool-worker-0] INFO  handler.ContextHandler (ContextHandler.java:doStop(910)) - Stopped o.e.j.s.ServletContextHandler@1caa9eb6{/logs,file:///workdir/hadoop-ozone/integration-test/target/log,UNAVAILABLE}
2019-10-01 13:49:14,646 [main] INFO  statemachine.DatanodeStateMachine (DatanodeStateMachine.java:stopDaemon(395)) - Ozone container server stopped.
2019-10-01 13:49:14,647 [main] INFO  handler.ContextHandler (ContextHandler.java:doStop(910)) - Stopped o.e.j.w.WebAppContext@6a6f6c7e{/,null,UNAVAILABLE}{/hddsDatanode}
2019-10-01 13:49:14,648 [main] INFO  server.AbstractConnector (AbstractConnector.java:doStop(318)) - Stopped ServerConnector@6c5ddccd{HTTP/1.1,[http/1.1]}{0.0.0.0:0}
2019-10-01 13:49:14,649 [main] INFO  handler.ContextHandler (ContextHandler.java:doStop(910)) - Stopped o.e.j.s.ServletContextHandler@806996{/static,jar:file:/home/user/.m2/repository/org/apache/hadoop/hadoop-hdds-container-service/0.5.0-SNAPSHOT/hadoop-hdds-container-service-0.5.0-SNAPSHOT.jar!/webapps/static,UNAVAILABLE}
2019-10-01 13:49:14,649 [main] INFO  handler.ContextHandler (ContextHandler.java:doStop(910)) - Stopped o.e.j.s.ServletContextHandler@4c5228e7{/logs,file:///workdir/hadoop-ozone/integration-test/target/log,UNAVAILABLE}
2019-10-01 13:49:14,650 [main] INFO  ozone.MiniOzoneClusterImpl (MiniOzoneClusterImpl.java:stopSCM(392)) - Stopping the StorageContainerManager
2019-10-01 13:49:14,650 [main] INFO  server.StorageContainerManager (StorageContainerManager.java:stop(808)) - Stopping Replication Manager Service.
2019-10-01 13:49:14,650 [main] INFO  container.ReplicationManager (ReplicationManager.java:stop(203)) - Stopping Replication Monitor Thread.
2019-10-01 13:49:14,651 [main] INFO  server.StorageContainerManager (StorageContainerManager.java:stop(815)) - Stopping Lease Manager of the command watchers
2019-10-01 13:49:14,651 [main] INFO  server.StorageContainerManager (StorageContainerManager.java:stop(822)) - Stopping datanode service RPC server
2019-10-01 13:49:14,651 [main] INFO  server.SCMDatanodeProtocolServer (SCMDatanodeProtocolServer.java:stop(367)) - Stopping the RPC server for DataNodes
2019-10-01 13:49:14,651 [main] INFO  ipc.Server (Server.java:stop(3082)) - Stopping server on 37416
2019-10-01 13:49:14,652 [IPC Server listener on 37416] INFO  ipc.Server (Server.java:run(1185)) - Stopping IPC Server listener on 37416
2019-10-01 13:49:14,653 [IPC Server Responder] INFO  ipc.Server (Server.java:run(1319)) - Stopping IPC Server Responder
2019-10-01 13:49:14,662 [SCM Heartbeat Processing Thread - 0] WARN  node.NodeStateManager (NodeStateManager.java:scheduleNextHealthCheck(646)) - Current Thread is interrupted, shutting down HB processing thread for Node Manager.
2019-10-01 13:49:14,663 [main] INFO  server.StorageContainerManager (StorageContainerManager.java:stop(830)) - Stopping block service RPC server
2019-10-01 13:49:14,663 [main] INFO  server.SCMBlockProtocolServer (SCMBlockProtocolServer.java:stop(155)) - Stopping the RPC server for Block Protocol
2019-10-01 13:49:14,663 [main] INFO  ipc.Server (Server.java:stop(3082)) - Stopping server on 39940
2019-10-01 13:49:14,664 [IPC Server listener on 39940] INFO  ipc.Server (Server.java:run(1185)) - Stopping IPC Server listener on 39940
2019-10-01 13:49:14,664 [main] INFO  server.StorageContainerManager (StorageContainerManager.java:stop(837)) - Stopping the StorageContainerLocationProtocol RPC server
2019-10-01 13:49:14,664 [IPC Server Responder] INFO  ipc.Server (Server.java:run(1319)) - Stopping IPC Server Responder
2019-10-01 13:49:14,664 [main] INFO  server.SCMClientProtocolServer (SCMClientProtocolServer.java:stop(158)) - Stopping the RPC server for Client Protocol
2019-10-01 13:49:14,664 [main] INFO  ipc.Server (Server.java:stop(3082)) - Stopping server on 35136
2019-10-01 13:49:14,665 [IPC Server listener on 35136] INFO  ipc.Server (Server.java:run(1185)) - Stopping IPC Server listener on 35136
2019-10-01 13:49:14,665 [main] INFO  server.StorageContainerManager (StorageContainerManager.java:stop(844)) - Stopping Storage Container Manager HTTP server.
2019-10-01 13:49:14,666 [IPC Server Responder] INFO  ipc.Server (Server.java:run(1319)) - Stopping IPC Server Responder
2019-10-01 13:49:14,667 [main] INFO  handler.ContextHandler (ContextHandler.java:doStop(910)) - Stopped o.e.j.w.WebAppContext@3574e198{/,null,UNAVAILABLE}{/scm}
2019-10-01 13:49:14,668 [main] INFO  server.AbstractConnector (AbstractConnector.java:doStop(318)) - Stopped ServerConnector@3aa3193a{HTTP/1.1,[http/1.1]}{0.0.0.0:0}
2019-10-01 13:49:14,668 [main] INFO  handler.ContextHandler (ContextHandler.java:doStop(910)) - Stopped o.e.j.s.ServletContextHandler@4aa83f4f{/static,file:///workdir/hadoop-ozone/integration-test/target/test-classes/webapps/static,UNAVAILABLE}
2019-10-01 13:49:14,669 [main] INFO  handler.ContextHandler (ContextHandler.java:doStop(910)) - Stopped o.e.j.s.ServletContextHandler@615091b8{/logs,file:///workdir/hadoop-ozone/integration-test/target/log,UNAVAILABLE}
2019-10-01 13:49:14,670 [main] INFO  server.StorageContainerManager (StorageContainerManager.java:stop(855)) - Stopping Block Manager Service.
2019-10-01 13:49:14,670 [main] INFO  utils.BackgroundService (BackgroundService.java:shutdown(148)) - Shutting down service SCMBlockDeletingService
2019-10-01 13:49:14,670 [main] INFO  utils.BackgroundService (BackgroundService.java:shutdown(148)) - Shutting down service SCMBlockDeletingService
2019-10-01 13:49:14,671 [main] INFO  server.StorageContainerManager (StorageContainerManager.java:stop(877)) - Stopping SCM Event Queue.
2019-10-01 13:49:14,678 [main] INFO  impl.MetricsSystemImpl (MetricsSystemImpl.java:stop(210)) - Stopping XceiverClientMetrics metrics system...
2019-10-01 13:49:14,684 [prometheus] INFO  impl.MetricsSinkAdapter (MetricsSinkAdapter.java:publishMetricsFromQueue(141)) - prometheus thread interrupted.
2019-10-01 13:49:14,684 [main] INFO  impl.MetricsSystemImpl (MetricsSystemImpl.java:stop(216)) - XceiverClientMetrics metrics system stopped.
]]></system-out>
    <system-err><![CDATA[ERROR StatusLogger No Log4j 2 configuration file found. Using default configuration (logging only errors to the console), or user programmatically provided configurations. Set system property 'log4j2.debug' to show Log4j 2 internal initialization logging. See https://logging.apache.org/log4j/2.x/manual/configuration.html for instructions on how to configure Log4j 2
Oct 01, 2019 1:49:09 PM org.apache.ratis.thirdparty.io.grpc.internal.SerializingExecutor run
SEVERE: Exception while executing runnable org.apache.ratis.thirdparty.io.grpc.internal.ServerImpl$JumpToApplicationThreadServerStreamListener$1Closed@4e570caa
org.apache.ratis.thirdparty.io.grpc.StatusRuntimeException: CANCELLED: call already cancelled
	at org.apache.ratis.thirdparty.io.grpc.Status.asRuntimeException(Status.java:517)
	at org.apache.ratis.thirdparty.io.grpc.stub.ServerCalls$ServerCallStreamObserverImpl.onCompleted(ServerCalls.java:356)
	at org.apache.ratis.grpc.server.GrpcServerProtocolService$ServerRequestStreamObserver.onError(GrpcServerProtocolService.java:121)
	at org.apache.ratis.thirdparty.io.grpc.stub.ServerCalls$StreamingServerCallHandler$StreamingServerCallListener.onCancel(ServerCalls.java:269)
	at org.apache.ratis.thirdparty.io.grpc.internal.ServerCallImpl$ServerStreamListenerImpl.closed(ServerCallImpl.java:293)
	at org.apache.ratis.thirdparty.io.grpc.internal.ServerImpl$JumpToApplicationThreadServerStreamListener$1Closed.runInContext(ServerImpl.java:741)
	at org.apache.ratis.thirdparty.io.grpc.internal.ContextRunnable.run(ContextRunnable.java:37)
	at org.apache.ratis.thirdparty.io.grpc.internal.SerializingExecutor.run(SerializingExecutor.java:123)
	at java.util.concurrent.ThreadPoolExecutor.runWorker(ThreadPoolExecutor.java:1149)
	at java.util.concurrent.ThreadPoolExecutor$Worker.run(ThreadPoolExecutor.java:624)
	at java.lang.Thread.run(Thread.java:748)

]]></system-err>
  </testcase>
</testsuite>