<?xml version="1.0" encoding="UTF-8"?>
<testsuite xmlns:xsi="http://www.w3.org/2001/XMLSchema-instance" xsi:noNamespaceSchemaLocation="https://maven.apache.org/surefire/maven-surefire-plugin/xsd/surefire-test-report.xsd" name="org.apache.hadoop.ozone.client.rpc.TestCommitWatcher" time="177.192" tests="2" errors="2" skipped="0" failures="0">
  <properties>
    <property name="awt.toolkit" value="sun.awt.X11.XToolkit"/>
    <property name="file.encoding.pkg" value="sun.io"/>
    <property name="java.specification.version" value="1.8"/>
    <property name="sun.cpu.isalist" value=""/>
    <property name="sun.jnu.encoding" value="UTF-8"/>
    <property name="java.class.path" value="/workdir/hadoop-ozone/integration-test/target/test-classes:/workdir/hadoop-ozone/integration-test/target/classes:/home/user/.m2/repository/org/apache/hadoop/hadoop-ozone-common/0.5.0-SNAPSHOT/hadoop-ozone-common-0.5.0-SNAPSHOT.jar:/home/user/.m2/repository/org/apache/commons/commons-compress/1.4.1/commons-compress-1.4.1.jar:/home/user/.m2/repository/org/tukaani/xz/1.0/xz-1.0.jar:/home/user/.m2/repository/org/apache/hadoop/hadoop-common/3.2.0/hadoop-common-3.2.0.jar:/home/user/.m2/repository/org/apache/hadoop/hadoop-hdfs/3.2.0/hadoop-hdfs-3.2.0.jar:/home/user/.m2/repository/org/apache/hadoop/hadoop-hdfs-client/3.2.0/hadoop-hdfs-client-3.2.0.jar:/home/user/.m2/repository/com/fasterxml/jackson/core/jackson-annotations/2.9.9/jackson-annotations-2.9.9.jar:/home/user/.m2/repository/org/apache/hadoop/hadoop-hdds-common/0.5.0-SNAPSHOT/hadoop-hdds-common-0.5.0-SNAPSHOT.jar:/home/user/.m2/repository/javax/annotation/javax.annotation-api/1.2/javax.annotation-api-1.2.jar:/home/user/.m2/repository/org/apache/ratis/ratis-server/0.4.0/ratis-server-0.4.0.jar:/home/user/.m2/repository/org/apache/ratis/ratis-thirdparty-misc/0.2.0/ratis-thirdparty-misc-0.2.0.jar:/home/user/.m2/repository/org/apache/ratis/ratis-proto/0.4.0/ratis-proto-0.4.0.jar:/home/user/.m2/repository/org/apache/ratis/ratis-common/0.4.0/ratis-common-0.4.0.jar:/home/user/.m2/repository/org/apache/ratis/ratis-client/0.4.0/ratis-client-0.4.0.jar:/home/user/.m2/repository/org/apache/ratis/ratis-metrics/0.4.0/ratis-metrics-0.4.0.jar:/home/user/.m2/repository/com/github/joshelser/dropwizard-metrics-hadoop-metrics2-reporter/0.1.2/dropwizard-metrics-hadoop-metrics2-reporter-0.1.2.jar:/home/user/.m2/repository/io/dropwizard/metrics/metrics-jvm/3.2.5/metrics-jvm-3.2.5.jar:/home/user/.m2/repository/io/dropwizard/metrics/metrics-ganglia/3.2.5/metrics-ganglia-3.2.5.jar:/home/user/.m2/repository/info/ganglia/gmetric4j/gmetric4j/1.0.7/gmetric4j-1.0.7.jar:/home/user/.m2/repository/org/apache/ratis/ratis-netty/0.4.0/ratis-netty-0.4.0.jar:/home/user/.m2/repository/org/apache/ratis/ratis-grpc/0.4.0/ratis-grpc-0.4.0.jar:/home/user/.m2/repository/org/rocksdb/rocksdbjni/6.0.1/rocksdbjni-6.0.1.jar:/home/user/.m2/repository/org/apache/logging/log4j/log4j-api/2.11.0/log4j-api-2.11.0.jar:/home/user/.m2/repository/org/apache/logging/log4j/log4j-core/2.11.0/log4j-core-2.11.0.jar:/home/user/.m2/repository/com/lmax/disruptor/3.4.2/disruptor-3.4.2.jar:/home/user/.m2/repository/org/apache/commons/commons-pool2/2.6.0/commons-pool2-2.6.0.jar:/home/user/.m2/repository/org/bouncycastle/bcpkix-jdk15on/1.60/bcpkix-jdk15on-1.60.jar:/home/user/.m2/repository/commons-validator/commons-validator/1.6/commons-validator-1.6.jar:/home/user/.m2/repository/commons-digester/commons-digester/1.8.1/commons-digester-1.8.1.jar:/home/user/.m2/repository/io/jaegertracing/jaeger-client/0.34.0/jaeger-client-0.34.0.jar:/home/user/.m2/repository/io/jaegertracing/jaeger-thrift/0.34.0/jaeger-thrift-0.34.0.jar:/home/user/.m2/repository/org/apache/thrift/libthrift/0.12.0/libthrift-0.12.0.jar:/home/user/.m2/repository/com/squareup/okhttp3/okhttp/3.9.0/okhttp-3.9.0.jar:/home/user/.m2/repository/com/squareup/okio/okio/1.13.0/okio-1.13.0.jar:/home/user/.m2/repository/io/jaegertracing/jaeger-core/0.34.0/jaeger-core-0.34.0.jar:/home/user/.m2/repository/io/jaegertracing/jaeger-tracerresolver/0.34.0/jaeger-tracerresolver-0.34.0.jar:/home/user/.m2/repository/io/opentracing/contrib/opentracing-tracerresolver/0.1.5/opentracing-tracerresolver-0.1.5.jar:/home/user/.m2/repository/io/opentracing/opentracing-util/0.31.0/opentracing-util-0.31.0.jar:/home/user/.m2/repository/io/opentracing/opentracing-api/0.31.0/opentracing-api-0.31.0.jar:/home/user/.m2/repository/io/opentracing/opentracing-noop/0.31.0/opentracing-noop-0.31.0.jar:/home/user/.m2/repository/org/apache/hadoop/hadoop-hdds-server-framework/0.5.0-SNAPSHOT/hadoop-hdds-server-framework-0.5.0-SNAPSHOT.jar:/home/user/.m2/repository/org/apache/hadoop/hadoop-hdds-container-service/0.5.0-SNAPSHOT/hadoop-hdds-container-service-0.5.0-SNAPSHOT.jar:/home/user/.m2/repository/org/apache/hadoop/hadoop-hdds-client/0.5.0-SNAPSHOT/hadoop-hdds-client-0.5.0-SNAPSHOT.jar:/home/user/.m2/repository/org/apache/hadoop/hadoop-hdds-tools/0.5.0-SNAPSHOT/hadoop-hdds-tools-0.5.0-SNAPSHOT.jar:/home/user/.m2/repository/org/apache/hadoop/hadoop-hdds-server-scm/0.5.0-SNAPSHOT/hadoop-hdds-server-scm-0.5.0-SNAPSHOT.jar:/home/user/.m2/repository/org/apache/hadoop/hadoop-hdds-docs/0.5.0-SNAPSHOT/hadoop-hdds-docs-0.5.0-SNAPSHOT.jar:/home/user/.m2/repository/io/dropwizard/metrics/metrics-core/3.2.4/metrics-core-3.2.4.jar:/home/user/.m2/repository/org/hamcrest/hamcrest-all/1.3/hamcrest-all-1.3.jar:/home/user/.m2/repository/org/bouncycastle/bcprov-jdk15on/1.60/bcprov-jdk15on-1.60.jar:/home/user/.m2/repository/info/picocli/picocli/3.9.6/picocli-3.9.6.jar:/home/user/.m2/repository/com/google/protobuf/protobuf-java/2.5.0/protobuf-java-2.5.0.jar:/home/user/.m2/repository/com/google/guava/guava/11.0.2/guava-11.0.2.jar:/home/user/.m2/repository/org/apache/hadoop/hadoop-ozone-ozone-manager/0.5.0-SNAPSHOT/hadoop-ozone-ozone-manager-0.5.0-SNAPSHOT.jar:/home/user/.m2/repository/org/apache/hadoop/hadoop-minikdc/3.2.0/hadoop-minikdc-3.2.0.jar:/home/user/.m2/repository/commons-io/commons-io/2.5/commons-io-2.5.jar:/home/user/.m2/repository/org/apache/kerby/kerb-simplekdc/1.0.1/kerb-simplekdc-1.0.1.jar:/home/user/.m2/repository/org/apache/kerby/kerb-client/1.0.1/kerb-client-1.0.1.jar:/home/user/.m2/repository/org/apache/kerby/kerby-config/1.0.1/kerby-config-1.0.1.jar:/home/user/.m2/repository/org/apache/kerby/kerb-core/1.0.1/kerb-core-1.0.1.jar:/home/user/.m2/repository/org/apache/kerby/kerby-pkix/1.0.1/kerby-pkix-1.0.1.jar:/home/user/.m2/repository/org/apache/kerby/kerby-asn1/1.0.1/kerby-asn1-1.0.1.jar:/home/user/.m2/repository/org/apache/kerby/kerby-util/1.0.1/kerby-util-1.0.1.jar:/home/user/.m2/repository/org/apache/kerby/kerb-common/1.0.1/kerb-common-1.0.1.jar:/home/user/.m2/repository/org/apache/kerby/kerb-crypto/1.0.1/kerb-crypto-1.0.1.jar:/home/user/.m2/repository/org/apache/kerby/kerb-util/1.0.1/kerb-util-1.0.1.jar:/home/user/.m2/repository/org/apache/kerby/token-provider/1.0.1/token-provider-1.0.1.jar:/home/user/.m2/repository/org/apache/kerby/kerb-admin/1.0.1/kerb-admin-1.0.1.jar:/home/user/.m2/repository/org/apache/kerby/kerb-server/1.0.1/kerb-server-1.0.1.jar:/home/user/.m2/repository/org/apache/kerby/kerb-identity/1.0.1/kerb-identity-1.0.1.jar:/home/user/.m2/repository/org/apache/kerby/kerby-xdr/1.0.1/kerby-xdr-1.0.1.jar:/home/user/.m2/repository/org/slf4j/slf4j-log4j12/1.7.25/slf4j-log4j12-1.7.25.jar:/home/user/.m2/repository/org/apache/hadoop/hadoop-ozone-s3gateway/0.5.0-SNAPSHOT/hadoop-ozone-s3gateway-0.5.0-SNAPSHOT.jar:/home/user/.m2/repository/org/jboss/weld/servlet/weld-servlet/2.4.7.Final/weld-servlet-2.4.7.Final.jar:/home/user/.m2/repository/org/glassfish/jersey/containers/jersey-container-servlet-core/2.27/jersey-container-servlet-core-2.27.jar:/home/user/.m2/repository/org/glassfish/hk2/external/javax.inject/2.5.0-b42/javax.inject-2.5.0-b42.jar:/home/user/.m2/repository/org/glassfish/jersey/core/jersey-common/2.27/jersey-common-2.27.jar:/home/user/.m2/repository/org/glassfish/hk2/osgi-resource-locator/1.0.1/osgi-resource-locator-1.0.1.jar:/home/user/.m2/repository/javax/ws/rs/javax.ws.rs-api/2.1/javax.ws.rs-api-2.1.jar:/home/user/.m2/repository/org/glassfish/jersey/ext/cdi/jersey-cdi1x/2.27/jersey-cdi1x-2.27.jar:/home/user/.m2/repository/org/glassfish/jersey/inject/jersey-hk2/2.27/jersey-hk2-2.27.jar:/home/user/.m2/repository/org/glassfish/hk2/hk2-locator/2.5.0-b42/hk2-locator-2.5.0-b42.jar:/home/user/.m2/repository/org/javassist/javassist/3.22.0-CR2/javassist-3.22.0-CR2.jar:/home/user/.m2/repository/org/glassfish/hk2/hk2-api/2.5.0/hk2-api-2.5.0.jar:/home/user/.m2/repository/org/glassfish/hk2/external/jakarta.inject/2.5.0/jakarta.inject-2.5.0.jar:/home/user/.m2/repository/org/glassfish/hk2/hk2-utils/2.5.0/hk2-utils-2.5.0.jar:/home/user/.m2/repository/jakarta/annotation/jakarta.annotation-api/1.3.4/jakarta.annotation-api-1.3.4.jar:/home/user/.m2/repository/org/glassfish/hk2/external/aopalliance-repackaged/2.5.0/aopalliance-repackaged-2.5.0.jar:/home/user/.m2/repository/com/fasterxml/jackson/dataformat/jackson-dataformat-xml/2.9.0/jackson-dataformat-xml-2.9.0.jar:/home/user/.m2/repository/com/fasterxml/jackson/core/jackson-core/2.9.9/jackson-core-2.9.9.jar:/home/user/.m2/repository/com/fasterxml/jackson/module/jackson-module-jaxb-annotations/2.9.9/jackson-module-jaxb-annotations-2.9.9.jar:/home/user/.m2/repository/javax/enterprise/cdi-api/1.2/cdi-api-1.2.jar:/home/user/.m2/repository/javax/el/javax.el-api/3.0.0/javax.el-api-3.0.0.jar:/home/user/.m2/repository/javax/interceptor/javax.interceptor-api/1.2/javax.interceptor-api-1.2.jar:/home/user/.m2/repository/javax/inject/javax.inject/1/javax.inject-1.jar:/home/user/.m2/repository/com/sun/xml/bind/jaxb-impl/2.3.0.1/jaxb-impl-2.3.0.1.jar:/home/user/.m2/repository/com/sun/xml/bind/jaxb-core/2.3.0.1/jaxb-core-2.3.0.1.jar:/home/user/.m2/repository/javax/xml/bind/jaxb-api/2.3.0/jaxb-api-2.3.0.jar:/home/user/.m2/repository/javax/activation/activation/1.1.1/activation-1.1.1.jar:/home/user/.m2/repository/org/apache/hadoop/hadoop-ozone-csi/0.5.0-SNAPSHOT/hadoop-ozone-csi-0.5.0-SNAPSHOT.jar:/home/user/.m2/repository/com/google/protobuf/protobuf-java-util/3.5.1/protobuf-java-util-3.5.1.jar:/home/user/.m2/repository/org/apache/hadoop/hadoop-hdds-config/0.5.0-SNAPSHOT/hadoop-hdds-config-0.5.0-SNAPSHOT.jar:/home/user/.m2/repository/io/grpc/grpc-netty/1.17.1/grpc-netty-1.17.1.jar:/home/user/.m2/repository/io/grpc/grpc-core/1.17.1/grpc-core-1.17.1.jar:/home/user/.m2/repository/io/grpc/grpc-context/1.17.1/grpc-context-1.17.1.jar:/home/user/.m2/repository/com/google/errorprone/error_prone_annotations/2.2.0/error_prone_annotations-2.2.0.jar:/home/user/.m2/repository/org/codehaus/mojo/animal-sniffer-annotations/1.17/animal-sniffer-annotations-1.17.jar:/home/user/.m2/repository/io/opencensus/opencensus-api/0.17.0/opencensus-api-0.17.0.jar:/home/user/.m2/repository/io/opencensus/opencensus-contrib-grpc-metrics/0.17.0/opencensus-contrib-grpc-metrics-0.17.0.jar:/home/user/.m2/repository/io/netty/netty-codec-http2/4.1.30.Final/netty-codec-http2-4.1.30.Final.jar:/home/user/.m2/repository/io/netty/netty-codec-http/4.1.30.Final/netty-codec-http-4.1.30.Final.jar:/home/user/.m2/repository/io/netty/netty-codec/4.1.30.Final/netty-codec-4.1.30.Final.jar:/home/user/.m2/repository/io/netty/netty-handler/4.1.30.Final/netty-handler-4.1.30.Final.jar:/home/user/.m2/repository/io/netty/netty-handler-proxy/4.1.30.Final/netty-handler-proxy-4.1.30.Final.jar:/home/user/.m2/repository/io/netty/netty-codec-socks/4.1.30.Final/netty-codec-socks-4.1.30.Final.jar:/home/user/.m2/repository/io/netty/netty-transport-native-epoll/4.1.30.Final/netty-transport-native-epoll-4.1.30.Final.jar:/home/user/.m2/repository/io/netty/netty-common/4.1.30.Final/netty-common-4.1.30.Final.jar:/home/user/.m2/repository/io/netty/netty-buffer/4.1.30.Final/netty-buffer-4.1.30.Final.jar:/home/user/.m2/repository/io/netty/netty-transport/4.1.30.Final/netty-transport-4.1.30.Final.jar:/home/user/.m2/repository/io/netty/netty-resolver/4.1.30.Final/netty-resolver-4.1.30.Final.jar:/home/user/.m2/repository/io/netty/netty-transport-native-unix-common/4.1.30.Final/netty-transport-native-unix-common-4.1.30.Final.jar:/home/user/.m2/repository/io/grpc/grpc-protobuf/1.17.1/grpc-protobuf-1.17.1.jar:/home/user/.m2/repository/com/google/api/grpc/proto-google-common-protos/1.0.0/proto-google-common-protos-1.0.0.jar:/home/user/.m2/repository/io/grpc/grpc-protobuf-lite/1.17.1/grpc-protobuf-lite-1.17.1.jar:/home/user/.m2/repository/io/grpc/grpc-stub/1.17.1/grpc-stub-1.17.1.jar:/home/user/.m2/repository/org/apache/hadoop/hadoop-ozone-recon/0.5.0-SNAPSHOT/hadoop-ozone-recon-0.5.0-SNAPSHOT.jar:/home/user/.m2/repository/org/apache/hadoop/hadoop-ozone-reconcodegen/0.5.0-SNAPSHOT/hadoop-ozone-reconcodegen-0.5.0-SNAPSHOT.jar:/home/user/.m2/repository/com/google/inject/extensions/guice-multibindings/4.0/guice-multibindings-4.0.jar:/home/user/.m2/repository/com/google/inject/guice/4.0/guice-4.0.jar:/home/user/.m2/repository/aopalliance/aopalliance/1.0/aopalliance-1.0.jar:/home/user/.m2/repository/com/google/inject/extensions/guice-servlet/4.0/guice-servlet-4.0.jar:/home/user/.m2/repository/org/glassfish/jersey/containers/jersey-container-servlet/2.27/jersey-container-servlet-2.27.jar:/home/user/.m2/repository/org/glassfish/hk2/guice-bridge/2.5.0/guice-bridge-2.5.0.jar:/home/user/.m2/repository/org/glassfish/jersey/core/jersey-server/2.27/jersey-server-2.27.jar:/home/user/.m2/repository/org/glassfish/jersey/core/jersey-client/2.27/jersey-client-2.27.jar:/home/user/.m2/repository/org/glassfish/jersey/media/jersey-media-jaxb/2.27/jersey-media-jaxb-2.27.jar:/home/user/.m2/repository/javax/validation/validation-api/1.1.0.Final/validation-api-1.1.0.Final.jar:/home/user/.m2/repository/org/glassfish/jersey/media/jersey-media-json-jackson/2.27/jersey-media-json-jackson-2.27.jar:/home/user/.m2/repository/org/glassfish/jersey/ext/jersey-entity-filtering/2.27/jersey-entity-filtering-2.27.jar:/home/user/.m2/repository/com/google/inject/extensions/guice-assistedinject/4.0/guice-assistedinject-4.0.jar:/home/user/.m2/repository/org/jooq/jooq/3.11.10/jooq-3.11.10.jar:/home/user/.m2/repository/org/jooq/jooq-meta/3.11.10/jooq-meta-3.11.10.jar:/home/user/.m2/repository/org/jooq/jooq-codegen/3.11.10/jooq-codegen-3.11.10.jar:/home/user/.m2/repository/com/jolbox/bonecp/0.8.0.RELEASE/bonecp-0.8.0.RELEASE.jar:/home/user/.m2/repository/org/xerial/sqlite-jdbc/3.25.2/sqlite-jdbc-3.25.2.jar:/home/user/.m2/repository/org/springframework/spring-jdbc/5.1.3.RELEASE/spring-jdbc-5.1.3.RELEASE.jar:/home/user/.m2/repository/org/springframework/spring-beans/5.1.3.RELEASE/spring-beans-5.1.3.RELEASE.jar:/home/user/.m2/repository/org/springframework/spring-core/5.1.3.RELEASE/spring-core-5.1.3.RELEASE.jar:/home/user/.m2/repository/org/springframework/spring-jcl/5.1.3.RELEASE/spring-jcl-5.1.3.RELEASE.jar:/home/user/.m2/repository/org/springframework/spring-tx/5.1.3.RELEASE/spring-tx-5.1.3.RELEASE.jar:/home/user/.m2/repository/org/apache/hadoop/hadoop-ozone-client/0.5.0-SNAPSHOT/hadoop-ozone-client-0.5.0-SNAPSHOT.jar:/home/user/.m2/repository/commons-lang/commons-lang/2.6/commons-lang-2.6.jar:/home/user/.m2/repository/org/apache/hadoop/hadoop-ozone-ozone-manager/0.5.0-SNAPSHOT/hadoop-ozone-ozone-manager-0.5.0-SNAPSHOT-tests.jar:/home/user/.m2/repository/junit/junit/4.11/junit-4.11.jar:/home/user/.m2/repository/org/hamcrest/hamcrest-core/1.3/hamcrest-core-1.3.jar:/home/user/.m2/repository/org/openjdk/jmh/jmh-core/1.19/jmh-core-1.19.jar:/home/user/.m2/repository/net/sf/jopt-simple/jopt-simple/4.6/jopt-simple-4.6.jar:/home/user/.m2/repository/org/apache/commons/commons-math3/3.1.1/commons-math3-3.1.1.jar:/home/user/.m2/repository/org/openjdk/jmh/jmh-generator-annprocess/1.19/jmh-generator-annprocess-1.19.jar:/home/user/.m2/repository/org/mockito/mockito-all/1.8.5/mockito-all-1.8.5.jar:/home/user/.m2/repository/org/apache/hadoop/hadoop-kms/3.2.0/hadoop-kms-3.2.0.jar:/home/user/.m2/repository/org/apache/hadoop/hadoop-auth/3.2.0/hadoop-auth-3.2.0.jar:/home/user/.m2/repository/com/nimbusds/nimbus-jose-jwt/4.41.1/nimbus-jose-jwt-4.41.1.jar:/home/user/.m2/repository/com/github/stephenc/jcip/jcip-annotations/1.0-1/jcip-annotations-1.0-1.jar:/home/user/.m2/repository/net/minidev/json-smart/2.3/json-smart-2.3.jar:/home/user/.m2/repository/net/minidev/accessors-smart/1.2/accessors-smart-1.2.jar:/home/user/.m2/repository/org/ow2/asm/asm/5.0.4/asm-5.0.4.jar:/home/user/.m2/repository/org/apache/curator/curator-framework/2.12.0/curator-framework-2.12.0.jar:/home/user/.m2/repository/com/sun/jersey/jersey-core/1.19/jersey-core-1.19.jar:/home/user/.m2/repository/javax/ws/rs/jsr311-api/1.1.1/jsr311-api-1.1.1.jar:/home/user/.m2/repository/com/sun/jersey/jersey-server/1.19/jersey-server-1.19.jar:/home/user/.m2/repository/javax/servlet/javax.servlet-api/3.1.0/javax.servlet-api-3.1.0.jar:/home/user/.m2/repository/org/eclipse/jetty/jetty-server/9.3.25.v20180904/jetty-server-9.3.25.v20180904.jar:/home/user/.m2/repository/org/eclipse/jetty/jetty-http/9.3.25.v20180904/jetty-http-9.3.25.v20180904.jar:/home/user/.m2/repository/org/eclipse/jetty/jetty-io/9.3.25.v20180904/jetty-io-9.3.25.v20180904.jar:/home/user/.m2/repository/org/eclipse/jetty/jetty-webapp/9.3.25.v20180904/jetty-webapp-9.3.25.v20180904.jar:/home/user/.m2/repository/org/eclipse/jetty/jetty-xml/9.3.25.v20180904/jetty-xml-9.3.25.v20180904.jar:/home/user/.m2/repository/log4j/log4j/1.2.17/log4j-1.2.17.jar:/home/user/.m2/repository/org/slf4j/slf4j-api/1.7.25/slf4j-api-1.7.25.jar:/home/user/.m2/repository/org/slf4j/jul-to-slf4j/1.7.25/jul-to-slf4j-1.7.25.jar:/home/user/.m2/repository/org/eclipse/jetty/jetty-util/9.3.25.v20180904/jetty-util-9.3.25.v20180904.jar:/home/user/.m2/repository/com/fasterxml/jackson/core/jackson-databind/2.9.9/jackson-databind-2.9.9.jar:/home/user/.m2/repository/org/apache/hadoop/hadoop-kms/3.2.0/hadoop-kms-3.2.0-tests.jar:/home/user/.m2/repository/org/apache/hadoop/hadoop-hdds-server-scm/0.5.0-SNAPSHOT/hadoop-hdds-server-scm-0.5.0-SNAPSHOT-tests.jar:/home/user/.m2/repository/org/apache/hadoop/hadoop-hdds-container-service/0.5.0-SNAPSHOT/hadoop-hdds-container-service-0.5.0-SNAPSHOT-tests.jar:/home/user/.m2/repository/org/yaml/snakeyaml/1.16/snakeyaml-1.16.jar:/home/user/.m2/repository/org/apache/hadoop/hadoop-common/3.2.0/hadoop-common-3.2.0-tests.jar:/home/user/.m2/repository/org/apache/hadoop/hadoop-annotations/3.2.0/hadoop-annotations-3.2.0.jar:/usr/lib/jvm/java-1.8-openjdk/jre/../lib/tools.jar:/home/user/.m2/repository/commons-cli/commons-cli/1.2/commons-cli-1.2.jar:/home/user/.m2/repository/org/apache/httpcomponents/httpclient/4.5.2/httpclient-4.5.2.jar:/home/user/.m2/repository/org/apache/httpcomponents/httpcore/4.4.4/httpcore-4.4.4.jar:/home/user/.m2/repository/commons-codec/commons-codec/1.11/commons-codec-1.11.jar:/home/user/.m2/repository/commons-net/commons-net/3.6/commons-net-3.6.jar:/home/user/.m2/repository/commons-collections/commons-collections/3.2.2/commons-collections-3.2.2.jar:/home/user/.m2/repository/org/eclipse/jetty/jetty-servlet/9.3.25.v20180904/jetty-servlet-9.3.25.v20180904.jar:/home/user/.m2/repository/org/eclipse/jetty/jetty-security/9.3.25.v20180904/jetty-security-9.3.25.v20180904.jar:/home/user/.m2/repository/javax/servlet/jsp/jsp-api/2.1/jsp-api-2.1.jar:/home/user/.m2/repository/com/sun/jersey/jersey-servlet/1.19/jersey-servlet-1.19.jar:/home/user/.m2/repository/com/sun/jersey/jersey-json/1.19/jersey-json-1.19.jar:/home/user/.m2/repository/org/codehaus/jettison/jettison/1.1/jettison-1.1.jar:/home/user/.m2/repository/org/codehaus/jackson/jackson-core-asl/1.9.13/jackson-core-asl-1.9.13.jar:/home/user/.m2/repository/org/codehaus/jackson/jackson-mapper-asl/1.9.13/jackson-mapper-asl-1.9.13.jar:/home/user/.m2/repository/org/codehaus/jackson/jackson-jaxrs/1.9.13/jackson-jaxrs-1.9.13.jar:/home/user/.m2/repository/org/codehaus/jackson/jackson-xc/1.9.13/jackson-xc-1.9.13.jar:/home/user/.m2/repository/commons-logging/commons-logging/1.1.3/commons-logging-1.1.3.jar:/home/user/.m2/repository/commons-beanutils/commons-beanutils/1.9.4/commons-beanutils-1.9.4.jar:/home/user/.m2/repository/org/apache/commons/commons-configuration2/2.1.1/commons-configuration2-2.1.1.jar:/home/user/.m2/repository/org/apache/commons/commons-lang3/3.7/commons-lang3-3.7.jar:/home/user/.m2/repository/org/apache/commons/commons-text/1.4/commons-text-1.4.jar:/home/user/.m2/repository/org/apache/avro/avro/1.7.7/avro-1.7.7.jar:/home/user/.m2/repository/com/thoughtworks/paranamer/paranamer/2.3/paranamer-2.3.jar:/home/user/.m2/repository/org/xerial/snappy/snappy-java/1.0.5/snappy-java-1.0.5.jar:/home/user/.m2/repository/com/google/re2j/re2j/1.1/re2j-1.1.jar:/home/user/.m2/repository/com/google/code/gson/gson/2.2.4/gson-2.2.4.jar:/home/user/.m2/repository/com/jcraft/jsch/0.1.54/jsch-0.1.54.jar:/home/user/.m2/repository/org/apache/curator/curator-client/2.12.0/curator-client-2.12.0.jar:/home/user/.m2/repository/org/apache/curator/curator-recipes/2.12.0/curator-recipes-2.12.0.jar:/home/user/.m2/repository/com/google/code/findbugs/jsr305/3.0.0/jsr305-3.0.0.jar:/home/user/.m2/repository/org/apache/htrace/htrace-core4/4.1.0-incubating/htrace-core4-4.1.0-incubating.jar:/home/user/.m2/repository/org/apache/zookeeper/zookeeper/3.4.13/zookeeper-3.4.13.jar:/home/user/.m2/repository/jline/jline/0.9.94/jline-0.9.94.jar:/home/user/.m2/repository/org/apache/yetus/audience-annotations/0.5.0/audience-annotations-0.5.0.jar:/home/user/.m2/repository/org/codehaus/woodstox/stax2-api/3.1.4/stax2-api-3.1.4.jar:/home/user/.m2/repository/com/fasterxml/woodstox/woodstox-core/5.0.3/woodstox-core-5.0.3.jar:/home/user/.m2/repository/dnsjava/dnsjava/2.1.7/dnsjava-2.1.7.jar:/home/user/.m2/repository/org/apache/hadoop/hadoop-hdfs/3.2.0/hadoop-hdfs-3.2.0-tests.jar:/home/user/.m2/repository/org/eclipse/jetty/jetty-util-ajax/9.3.25.v20180904/jetty-util-ajax-9.3.25.v20180904.jar:/home/user/.m2/repository/commons-daemon/commons-daemon/1.0.13/commons-daemon-1.0.13.jar:/home/user/.m2/repository/io/netty/netty/3.10.5.Final/netty-3.10.5.Final.jar:/home/user/.m2/repository/io/netty/netty-all/4.0.52.Final/netty-all-4.0.52.Final.jar:/home/user/.m2/repository/org/fusesource/leveldbjni/leveldbjni-all/1.8/leveldbjni-all-1.8.jar:"/>
    <property name="java.vm.vendor" value="IcedTea"/>
    <property name="sun.arch.data.model" value="64"/>
    <property name="test.build.dir" value="/workdir/hadoop-ozone/integration-test/target/test-dir"/>
    <property name="test.cache.data" value=""/>
    <property name="java.vendor.url" value="https://icedtea.classpath.org"/>
    <property name="user.timezone" value=""/>
    <property name="java.vm.specification.version" value="1.8"/>
    <property name="os.name" value="Linux"/>
    <property name="test.build.data" value="/workdir/hadoop-ozone/integration-test/target/test-dir"/>
    <property name="user.country" value="US"/>
    <property name="sun.java.launcher" value="SUN_STANDARD"/>
    <property name="sun.boot.library.path" value="/usr/lib/jvm/java-1.8-openjdk/jre/lib/amd64"/>
    <property name="sun.java.command" value="/workdir/hadoop-ozone/integration-test/target/surefire/surefirebooter7501342934772245348.jar /workdir/hadoop-ozone/integration-test/target/surefire 2019-10-01T13-06-33_442-jvmRun1 surefire6370031997366145306tmp surefire_575781040954755947746tmp"/>
    <property name="test" value="!TestMiniChaosOzoneCluster"/>
    <property name="surefire.test.class.path" value="/workdir/hadoop-ozone/integration-test/target/test-classes:/workdir/hadoop-ozone/integration-test/target/classes:/home/user/.m2/repository/org/apache/hadoop/hadoop-ozone-common/0.5.0-SNAPSHOT/hadoop-ozone-common-0.5.0-SNAPSHOT.jar:/home/user/.m2/repository/org/apache/commons/commons-compress/1.4.1/commons-compress-1.4.1.jar:/home/user/.m2/repository/org/tukaani/xz/1.0/xz-1.0.jar:/home/user/.m2/repository/org/apache/hadoop/hadoop-common/3.2.0/hadoop-common-3.2.0.jar:/home/user/.m2/repository/org/apache/hadoop/hadoop-hdfs/3.2.0/hadoop-hdfs-3.2.0.jar:/home/user/.m2/repository/org/apache/hadoop/hadoop-hdfs-client/3.2.0/hadoop-hdfs-client-3.2.0.jar:/home/user/.m2/repository/com/fasterxml/jackson/core/jackson-annotations/2.9.9/jackson-annotations-2.9.9.jar:/home/user/.m2/repository/org/apache/hadoop/hadoop-hdds-common/0.5.0-SNAPSHOT/hadoop-hdds-common-0.5.0-SNAPSHOT.jar:/home/user/.m2/repository/javax/annotation/javax.annotation-api/1.2/javax.annotation-api-1.2.jar:/home/user/.m2/repository/org/apache/ratis/ratis-server/0.4.0/ratis-server-0.4.0.jar:/home/user/.m2/repository/org/apache/ratis/ratis-thirdparty-misc/0.2.0/ratis-thirdparty-misc-0.2.0.jar:/home/user/.m2/repository/org/apache/ratis/ratis-proto/0.4.0/ratis-proto-0.4.0.jar:/home/user/.m2/repository/org/apache/ratis/ratis-common/0.4.0/ratis-common-0.4.0.jar:/home/user/.m2/repository/org/apache/ratis/ratis-client/0.4.0/ratis-client-0.4.0.jar:/home/user/.m2/repository/org/apache/ratis/ratis-metrics/0.4.0/ratis-metrics-0.4.0.jar:/home/user/.m2/repository/com/github/joshelser/dropwizard-metrics-hadoop-metrics2-reporter/0.1.2/dropwizard-metrics-hadoop-metrics2-reporter-0.1.2.jar:/home/user/.m2/repository/io/dropwizard/metrics/metrics-jvm/3.2.5/metrics-jvm-3.2.5.jar:/home/user/.m2/repository/io/dropwizard/metrics/metrics-ganglia/3.2.5/metrics-ganglia-3.2.5.jar:/home/user/.m2/repository/info/ganglia/gmetric4j/gmetric4j/1.0.7/gmetric4j-1.0.7.jar:/home/user/.m2/repository/org/apache/ratis/ratis-netty/0.4.0/ratis-netty-0.4.0.jar:/home/user/.m2/repository/org/apache/ratis/ratis-grpc/0.4.0/ratis-grpc-0.4.0.jar:/home/user/.m2/repository/org/rocksdb/rocksdbjni/6.0.1/rocksdbjni-6.0.1.jar:/home/user/.m2/repository/org/apache/logging/log4j/log4j-api/2.11.0/log4j-api-2.11.0.jar:/home/user/.m2/repository/org/apache/logging/log4j/log4j-core/2.11.0/log4j-core-2.11.0.jar:/home/user/.m2/repository/com/lmax/disruptor/3.4.2/disruptor-3.4.2.jar:/home/user/.m2/repository/org/apache/commons/commons-pool2/2.6.0/commons-pool2-2.6.0.jar:/home/user/.m2/repository/org/bouncycastle/bcpkix-jdk15on/1.60/bcpkix-jdk15on-1.60.jar:/home/user/.m2/repository/commons-validator/commons-validator/1.6/commons-validator-1.6.jar:/home/user/.m2/repository/commons-digester/commons-digester/1.8.1/commons-digester-1.8.1.jar:/home/user/.m2/repository/io/jaegertracing/jaeger-client/0.34.0/jaeger-client-0.34.0.jar:/home/user/.m2/repository/io/jaegertracing/jaeger-thrift/0.34.0/jaeger-thrift-0.34.0.jar:/home/user/.m2/repository/org/apache/thrift/libthrift/0.12.0/libthrift-0.12.0.jar:/home/user/.m2/repository/com/squareup/okhttp3/okhttp/3.9.0/okhttp-3.9.0.jar:/home/user/.m2/repository/com/squareup/okio/okio/1.13.0/okio-1.13.0.jar:/home/user/.m2/repository/io/jaegertracing/jaeger-core/0.34.0/jaeger-core-0.34.0.jar:/home/user/.m2/repository/io/jaegertracing/jaeger-tracerresolver/0.34.0/jaeger-tracerresolver-0.34.0.jar:/home/user/.m2/repository/io/opentracing/contrib/opentracing-tracerresolver/0.1.5/opentracing-tracerresolver-0.1.5.jar:/home/user/.m2/repository/io/opentracing/opentracing-util/0.31.0/opentracing-util-0.31.0.jar:/home/user/.m2/repository/io/opentracing/opentracing-api/0.31.0/opentracing-api-0.31.0.jar:/home/user/.m2/repository/io/opentracing/opentracing-noop/0.31.0/opentracing-noop-0.31.0.jar:/home/user/.m2/repository/org/apache/hadoop/hadoop-hdds-server-framework/0.5.0-SNAPSHOT/hadoop-hdds-server-framework-0.5.0-SNAPSHOT.jar:/home/user/.m2/repository/org/apache/hadoop/hadoop-hdds-container-service/0.5.0-SNAPSHOT/hadoop-hdds-container-service-0.5.0-SNAPSHOT.jar:/home/user/.m2/repository/org/apache/hadoop/hadoop-hdds-client/0.5.0-SNAPSHOT/hadoop-hdds-client-0.5.0-SNAPSHOT.jar:/home/user/.m2/repository/org/apache/hadoop/hadoop-hdds-tools/0.5.0-SNAPSHOT/hadoop-hdds-tools-0.5.0-SNAPSHOT.jar:/home/user/.m2/repository/org/apache/hadoop/hadoop-hdds-server-scm/0.5.0-SNAPSHOT/hadoop-hdds-server-scm-0.5.0-SNAPSHOT.jar:/home/user/.m2/repository/org/apache/hadoop/hadoop-hdds-docs/0.5.0-SNAPSHOT/hadoop-hdds-docs-0.5.0-SNAPSHOT.jar:/home/user/.m2/repository/io/dropwizard/metrics/metrics-core/3.2.4/metrics-core-3.2.4.jar:/home/user/.m2/repository/org/hamcrest/hamcrest-all/1.3/hamcrest-all-1.3.jar:/home/user/.m2/repository/org/bouncycastle/bcprov-jdk15on/1.60/bcprov-jdk15on-1.60.jar:/home/user/.m2/repository/info/picocli/picocli/3.9.6/picocli-3.9.6.jar:/home/user/.m2/repository/com/google/protobuf/protobuf-java/2.5.0/protobuf-java-2.5.0.jar:/home/user/.m2/repository/com/google/guava/guava/11.0.2/guava-11.0.2.jar:/home/user/.m2/repository/org/apache/hadoop/hadoop-ozone-ozone-manager/0.5.0-SNAPSHOT/hadoop-ozone-ozone-manager-0.5.0-SNAPSHOT.jar:/home/user/.m2/repository/org/apache/hadoop/hadoop-minikdc/3.2.0/hadoop-minikdc-3.2.0.jar:/home/user/.m2/repository/commons-io/commons-io/2.5/commons-io-2.5.jar:/home/user/.m2/repository/org/apache/kerby/kerb-simplekdc/1.0.1/kerb-simplekdc-1.0.1.jar:/home/user/.m2/repository/org/apache/kerby/kerb-client/1.0.1/kerb-client-1.0.1.jar:/home/user/.m2/repository/org/apache/kerby/kerby-config/1.0.1/kerby-config-1.0.1.jar:/home/user/.m2/repository/org/apache/kerby/kerb-core/1.0.1/kerb-core-1.0.1.jar:/home/user/.m2/repository/org/apache/kerby/kerby-pkix/1.0.1/kerby-pkix-1.0.1.jar:/home/user/.m2/repository/org/apache/kerby/kerby-asn1/1.0.1/kerby-asn1-1.0.1.jar:/home/user/.m2/repository/org/apache/kerby/kerby-util/1.0.1/kerby-util-1.0.1.jar:/home/user/.m2/repository/org/apache/kerby/kerb-common/1.0.1/kerb-common-1.0.1.jar:/home/user/.m2/repository/org/apache/kerby/kerb-crypto/1.0.1/kerb-crypto-1.0.1.jar:/home/user/.m2/repository/org/apache/kerby/kerb-util/1.0.1/kerb-util-1.0.1.jar:/home/user/.m2/repository/org/apache/kerby/token-provider/1.0.1/token-provider-1.0.1.jar:/home/user/.m2/repository/org/apache/kerby/kerb-admin/1.0.1/kerb-admin-1.0.1.jar:/home/user/.m2/repository/org/apache/kerby/kerb-server/1.0.1/kerb-server-1.0.1.jar:/home/user/.m2/repository/org/apache/kerby/kerb-identity/1.0.1/kerb-identity-1.0.1.jar:/home/user/.m2/repository/org/apache/kerby/kerby-xdr/1.0.1/kerby-xdr-1.0.1.jar:/home/user/.m2/repository/org/slf4j/slf4j-log4j12/1.7.25/slf4j-log4j12-1.7.25.jar:/home/user/.m2/repository/org/apache/hadoop/hadoop-ozone-s3gateway/0.5.0-SNAPSHOT/hadoop-ozone-s3gateway-0.5.0-SNAPSHOT.jar:/home/user/.m2/repository/org/jboss/weld/servlet/weld-servlet/2.4.7.Final/weld-servlet-2.4.7.Final.jar:/home/user/.m2/repository/org/glassfish/jersey/containers/jersey-container-servlet-core/2.27/jersey-container-servlet-core-2.27.jar:/home/user/.m2/repository/org/glassfish/hk2/external/javax.inject/2.5.0-b42/javax.inject-2.5.0-b42.jar:/home/user/.m2/repository/org/glassfish/jersey/core/jersey-common/2.27/jersey-common-2.27.jar:/home/user/.m2/repository/org/glassfish/hk2/osgi-resource-locator/1.0.1/osgi-resource-locator-1.0.1.jar:/home/user/.m2/repository/javax/ws/rs/javax.ws.rs-api/2.1/javax.ws.rs-api-2.1.jar:/home/user/.m2/repository/org/glassfish/jersey/ext/cdi/jersey-cdi1x/2.27/jersey-cdi1x-2.27.jar:/home/user/.m2/repository/org/glassfish/jersey/inject/jersey-hk2/2.27/jersey-hk2-2.27.jar:/home/user/.m2/repository/org/glassfish/hk2/hk2-locator/2.5.0-b42/hk2-locator-2.5.0-b42.jar:/home/user/.m2/repository/org/javassist/javassist/3.22.0-CR2/javassist-3.22.0-CR2.jar:/home/user/.m2/repository/org/glassfish/hk2/hk2-api/2.5.0/hk2-api-2.5.0.jar:/home/user/.m2/repository/org/glassfish/hk2/external/jakarta.inject/2.5.0/jakarta.inject-2.5.0.jar:/home/user/.m2/repository/org/glassfish/hk2/hk2-utils/2.5.0/hk2-utils-2.5.0.jar:/home/user/.m2/repository/jakarta/annotation/jakarta.annotation-api/1.3.4/jakarta.annotation-api-1.3.4.jar:/home/user/.m2/repository/org/glassfish/hk2/external/aopalliance-repackaged/2.5.0/aopalliance-repackaged-2.5.0.jar:/home/user/.m2/repository/com/fasterxml/jackson/dataformat/jackson-dataformat-xml/2.9.0/jackson-dataformat-xml-2.9.0.jar:/home/user/.m2/repository/com/fasterxml/jackson/core/jackson-core/2.9.9/jackson-core-2.9.9.jar:/home/user/.m2/repository/com/fasterxml/jackson/module/jackson-module-jaxb-annotations/2.9.9/jackson-module-jaxb-annotations-2.9.9.jar:/home/user/.m2/repository/javax/enterprise/cdi-api/1.2/cdi-api-1.2.jar:/home/user/.m2/repository/javax/el/javax.el-api/3.0.0/javax.el-api-3.0.0.jar:/home/user/.m2/repository/javax/interceptor/javax.interceptor-api/1.2/javax.interceptor-api-1.2.jar:/home/user/.m2/repository/javax/inject/javax.inject/1/javax.inject-1.jar:/home/user/.m2/repository/com/sun/xml/bind/jaxb-impl/2.3.0.1/jaxb-impl-2.3.0.1.jar:/home/user/.m2/repository/com/sun/xml/bind/jaxb-core/2.3.0.1/jaxb-core-2.3.0.1.jar:/home/user/.m2/repository/javax/xml/bind/jaxb-api/2.3.0/jaxb-api-2.3.0.jar:/home/user/.m2/repository/javax/activation/activation/1.1.1/activation-1.1.1.jar:/home/user/.m2/repository/org/apache/hadoop/hadoop-ozone-csi/0.5.0-SNAPSHOT/hadoop-ozone-csi-0.5.0-SNAPSHOT.jar:/home/user/.m2/repository/com/google/protobuf/protobuf-java-util/3.5.1/protobuf-java-util-3.5.1.jar:/home/user/.m2/repository/org/apache/hadoop/hadoop-hdds-config/0.5.0-SNAPSHOT/hadoop-hdds-config-0.5.0-SNAPSHOT.jar:/home/user/.m2/repository/io/grpc/grpc-netty/1.17.1/grpc-netty-1.17.1.jar:/home/user/.m2/repository/io/grpc/grpc-core/1.17.1/grpc-core-1.17.1.jar:/home/user/.m2/repository/io/grpc/grpc-context/1.17.1/grpc-context-1.17.1.jar:/home/user/.m2/repository/com/google/errorprone/error_prone_annotations/2.2.0/error_prone_annotations-2.2.0.jar:/home/user/.m2/repository/org/codehaus/mojo/animal-sniffer-annotations/1.17/animal-sniffer-annotations-1.17.jar:/home/user/.m2/repository/io/opencensus/opencensus-api/0.17.0/opencensus-api-0.17.0.jar:/home/user/.m2/repository/io/opencensus/opencensus-contrib-grpc-metrics/0.17.0/opencensus-contrib-grpc-metrics-0.17.0.jar:/home/user/.m2/repository/io/netty/netty-codec-http2/4.1.30.Final/netty-codec-http2-4.1.30.Final.jar:/home/user/.m2/repository/io/netty/netty-codec-http/4.1.30.Final/netty-codec-http-4.1.30.Final.jar:/home/user/.m2/repository/io/netty/netty-codec/4.1.30.Final/netty-codec-4.1.30.Final.jar:/home/user/.m2/repository/io/netty/netty-handler/4.1.30.Final/netty-handler-4.1.30.Final.jar:/home/user/.m2/repository/io/netty/netty-handler-proxy/4.1.30.Final/netty-handler-proxy-4.1.30.Final.jar:/home/user/.m2/repository/io/netty/netty-codec-socks/4.1.30.Final/netty-codec-socks-4.1.30.Final.jar:/home/user/.m2/repository/io/netty/netty-transport-native-epoll/4.1.30.Final/netty-transport-native-epoll-4.1.30.Final.jar:/home/user/.m2/repository/io/netty/netty-common/4.1.30.Final/netty-common-4.1.30.Final.jar:/home/user/.m2/repository/io/netty/netty-buffer/4.1.30.Final/netty-buffer-4.1.30.Final.jar:/home/user/.m2/repository/io/netty/netty-transport/4.1.30.Final/netty-transport-4.1.30.Final.jar:/home/user/.m2/repository/io/netty/netty-resolver/4.1.30.Final/netty-resolver-4.1.30.Final.jar:/home/user/.m2/repository/io/netty/netty-transport-native-unix-common/4.1.30.Final/netty-transport-native-unix-common-4.1.30.Final.jar:/home/user/.m2/repository/io/grpc/grpc-protobuf/1.17.1/grpc-protobuf-1.17.1.jar:/home/user/.m2/repository/com/google/api/grpc/proto-google-common-protos/1.0.0/proto-google-common-protos-1.0.0.jar:/home/user/.m2/repository/io/grpc/grpc-protobuf-lite/1.17.1/grpc-protobuf-lite-1.17.1.jar:/home/user/.m2/repository/io/grpc/grpc-stub/1.17.1/grpc-stub-1.17.1.jar:/home/user/.m2/repository/org/apache/hadoop/hadoop-ozone-recon/0.5.0-SNAPSHOT/hadoop-ozone-recon-0.5.0-SNAPSHOT.jar:/home/user/.m2/repository/org/apache/hadoop/hadoop-ozone-reconcodegen/0.5.0-SNAPSHOT/hadoop-ozone-reconcodegen-0.5.0-SNAPSHOT.jar:/home/user/.m2/repository/com/google/inject/extensions/guice-multibindings/4.0/guice-multibindings-4.0.jar:/home/user/.m2/repository/com/google/inject/guice/4.0/guice-4.0.jar:/home/user/.m2/repository/aopalliance/aopalliance/1.0/aopalliance-1.0.jar:/home/user/.m2/repository/com/google/inject/extensions/guice-servlet/4.0/guice-servlet-4.0.jar:/home/user/.m2/repository/org/glassfish/jersey/containers/jersey-container-servlet/2.27/jersey-container-servlet-2.27.jar:/home/user/.m2/repository/org/glassfish/hk2/guice-bridge/2.5.0/guice-bridge-2.5.0.jar:/home/user/.m2/repository/org/glassfish/jersey/core/jersey-server/2.27/jersey-server-2.27.jar:/home/user/.m2/repository/org/glassfish/jersey/core/jersey-client/2.27/jersey-client-2.27.jar:/home/user/.m2/repository/org/glassfish/jersey/media/jersey-media-jaxb/2.27/jersey-media-jaxb-2.27.jar:/home/user/.m2/repository/javax/validation/validation-api/1.1.0.Final/validation-api-1.1.0.Final.jar:/home/user/.m2/repository/org/glassfish/jersey/media/jersey-media-json-jackson/2.27/jersey-media-json-jackson-2.27.jar:/home/user/.m2/repository/org/glassfish/jersey/ext/jersey-entity-filtering/2.27/jersey-entity-filtering-2.27.jar:/home/user/.m2/repository/com/google/inject/extensions/guice-assistedinject/4.0/guice-assistedinject-4.0.jar:/home/user/.m2/repository/org/jooq/jooq/3.11.10/jooq-3.11.10.jar:/home/user/.m2/repository/org/jooq/jooq-meta/3.11.10/jooq-meta-3.11.10.jar:/home/user/.m2/repository/org/jooq/jooq-codegen/3.11.10/jooq-codegen-3.11.10.jar:/home/user/.m2/repository/com/jolbox/bonecp/0.8.0.RELEASE/bonecp-0.8.0.RELEASE.jar:/home/user/.m2/repository/org/xerial/sqlite-jdbc/3.25.2/sqlite-jdbc-3.25.2.jar:/home/user/.m2/repository/org/springframework/spring-jdbc/5.1.3.RELEASE/spring-jdbc-5.1.3.RELEASE.jar:/home/user/.m2/repository/org/springframework/spring-beans/5.1.3.RELEASE/spring-beans-5.1.3.RELEASE.jar:/home/user/.m2/repository/org/springframework/spring-core/5.1.3.RELEASE/spring-core-5.1.3.RELEASE.jar:/home/user/.m2/repository/org/springframework/spring-jcl/5.1.3.RELEASE/spring-jcl-5.1.3.RELEASE.jar:/home/user/.m2/repository/org/springframework/spring-tx/5.1.3.RELEASE/spring-tx-5.1.3.RELEASE.jar:/home/user/.m2/repository/org/apache/hadoop/hadoop-ozone-client/0.5.0-SNAPSHOT/hadoop-ozone-client-0.5.0-SNAPSHOT.jar:/home/user/.m2/repository/commons-lang/commons-lang/2.6/commons-lang-2.6.jar:/home/user/.m2/repository/org/apache/hadoop/hadoop-ozone-ozone-manager/0.5.0-SNAPSHOT/hadoop-ozone-ozone-manager-0.5.0-SNAPSHOT-tests.jar:/home/user/.m2/repository/junit/junit/4.11/junit-4.11.jar:/home/user/.m2/repository/org/hamcrest/hamcrest-core/1.3/hamcrest-core-1.3.jar:/home/user/.m2/repository/org/openjdk/jmh/jmh-core/1.19/jmh-core-1.19.jar:/home/user/.m2/repository/net/sf/jopt-simple/jopt-simple/4.6/jopt-simple-4.6.jar:/home/user/.m2/repository/org/apache/commons/commons-math3/3.1.1/commons-math3-3.1.1.jar:/home/user/.m2/repository/org/openjdk/jmh/jmh-generator-annprocess/1.19/jmh-generator-annprocess-1.19.jar:/home/user/.m2/repository/org/mockito/mockito-all/1.8.5/mockito-all-1.8.5.jar:/home/user/.m2/repository/org/apache/hadoop/hadoop-kms/3.2.0/hadoop-kms-3.2.0.jar:/home/user/.m2/repository/org/apache/hadoop/hadoop-auth/3.2.0/hadoop-auth-3.2.0.jar:/home/user/.m2/repository/com/nimbusds/nimbus-jose-jwt/4.41.1/nimbus-jose-jwt-4.41.1.jar:/home/user/.m2/repository/com/github/stephenc/jcip/jcip-annotations/1.0-1/jcip-annotations-1.0-1.jar:/home/user/.m2/repository/net/minidev/json-smart/2.3/json-smart-2.3.jar:/home/user/.m2/repository/net/minidev/accessors-smart/1.2/accessors-smart-1.2.jar:/home/user/.m2/repository/org/ow2/asm/asm/5.0.4/asm-5.0.4.jar:/home/user/.m2/repository/org/apache/curator/curator-framework/2.12.0/curator-framework-2.12.0.jar:/home/user/.m2/repository/com/sun/jersey/jersey-core/1.19/jersey-core-1.19.jar:/home/user/.m2/repository/javax/ws/rs/jsr311-api/1.1.1/jsr311-api-1.1.1.jar:/home/user/.m2/repository/com/sun/jersey/jersey-server/1.19/jersey-server-1.19.jar:/home/user/.m2/repository/javax/servlet/javax.servlet-api/3.1.0/javax.servlet-api-3.1.0.jar:/home/user/.m2/repository/org/eclipse/jetty/jetty-server/9.3.25.v20180904/jetty-server-9.3.25.v20180904.jar:/home/user/.m2/repository/org/eclipse/jetty/jetty-http/9.3.25.v20180904/jetty-http-9.3.25.v20180904.jar:/home/user/.m2/repository/org/eclipse/jetty/jetty-io/9.3.25.v20180904/jetty-io-9.3.25.v20180904.jar:/home/user/.m2/repository/org/eclipse/jetty/jetty-webapp/9.3.25.v20180904/jetty-webapp-9.3.25.v20180904.jar:/home/user/.m2/repository/org/eclipse/jetty/jetty-xml/9.3.25.v20180904/jetty-xml-9.3.25.v20180904.jar:/home/user/.m2/repository/log4j/log4j/1.2.17/log4j-1.2.17.jar:/home/user/.m2/repository/org/slf4j/slf4j-api/1.7.25/slf4j-api-1.7.25.jar:/home/user/.m2/repository/org/slf4j/jul-to-slf4j/1.7.25/jul-to-slf4j-1.7.25.jar:/home/user/.m2/repository/org/eclipse/jetty/jetty-util/9.3.25.v20180904/jetty-util-9.3.25.v20180904.jar:/home/user/.m2/repository/com/fasterxml/jackson/core/jackson-databind/2.9.9/jackson-databind-2.9.9.jar:/home/user/.m2/repository/org/apache/hadoop/hadoop-kms/3.2.0/hadoop-kms-3.2.0-tests.jar:/home/user/.m2/repository/org/apache/hadoop/hadoop-hdds-server-scm/0.5.0-SNAPSHOT/hadoop-hdds-server-scm-0.5.0-SNAPSHOT-tests.jar:/home/user/.m2/repository/org/apache/hadoop/hadoop-hdds-container-service/0.5.0-SNAPSHOT/hadoop-hdds-container-service-0.5.0-SNAPSHOT-tests.jar:/home/user/.m2/repository/org/yaml/snakeyaml/1.16/snakeyaml-1.16.jar:/home/user/.m2/repository/org/apache/hadoop/hadoop-common/3.2.0/hadoop-common-3.2.0-tests.jar:/home/user/.m2/repository/org/apache/hadoop/hadoop-annotations/3.2.0/hadoop-annotations-3.2.0.jar:/usr/lib/jvm/java-1.8-openjdk/jre/../lib/tools.jar:/home/user/.m2/repository/commons-cli/commons-cli/1.2/commons-cli-1.2.jar:/home/user/.m2/repository/org/apache/httpcomponents/httpclient/4.5.2/httpclient-4.5.2.jar:/home/user/.m2/repository/org/apache/httpcomponents/httpcore/4.4.4/httpcore-4.4.4.jar:/home/user/.m2/repository/commons-codec/commons-codec/1.11/commons-codec-1.11.jar:/home/user/.m2/repository/commons-net/commons-net/3.6/commons-net-3.6.jar:/home/user/.m2/repository/commons-collections/commons-collections/3.2.2/commons-collections-3.2.2.jar:/home/user/.m2/repository/org/eclipse/jetty/jetty-servlet/9.3.25.v20180904/jetty-servlet-9.3.25.v20180904.jar:/home/user/.m2/repository/org/eclipse/jetty/jetty-security/9.3.25.v20180904/jetty-security-9.3.25.v20180904.jar:/home/user/.m2/repository/javax/servlet/jsp/jsp-api/2.1/jsp-api-2.1.jar:/home/user/.m2/repository/com/sun/jersey/jersey-servlet/1.19/jersey-servlet-1.19.jar:/home/user/.m2/repository/com/sun/jersey/jersey-json/1.19/jersey-json-1.19.jar:/home/user/.m2/repository/org/codehaus/jettison/jettison/1.1/jettison-1.1.jar:/home/user/.m2/repository/org/codehaus/jackson/jackson-core-asl/1.9.13/jackson-core-asl-1.9.13.jar:/home/user/.m2/repository/org/codehaus/jackson/jackson-mapper-asl/1.9.13/jackson-mapper-asl-1.9.13.jar:/home/user/.m2/repository/org/codehaus/jackson/jackson-jaxrs/1.9.13/jackson-jaxrs-1.9.13.jar:/home/user/.m2/repository/org/codehaus/jackson/jackson-xc/1.9.13/jackson-xc-1.9.13.jar:/home/user/.m2/repository/commons-logging/commons-logging/1.1.3/commons-logging-1.1.3.jar:/home/user/.m2/repository/commons-beanutils/commons-beanutils/1.9.4/commons-beanutils-1.9.4.jar:/home/user/.m2/repository/org/apache/commons/commons-configuration2/2.1.1/commons-configuration2-2.1.1.jar:/home/user/.m2/repository/org/apache/commons/commons-lang3/3.7/commons-lang3-3.7.jar:/home/user/.m2/repository/org/apache/commons/commons-text/1.4/commons-text-1.4.jar:/home/user/.m2/repository/org/apache/avro/avro/1.7.7/avro-1.7.7.jar:/home/user/.m2/repository/com/thoughtworks/paranamer/paranamer/2.3/paranamer-2.3.jar:/home/user/.m2/repository/org/xerial/snappy/snappy-java/1.0.5/snappy-java-1.0.5.jar:/home/user/.m2/repository/com/google/re2j/re2j/1.1/re2j-1.1.jar:/home/user/.m2/repository/com/google/code/gson/gson/2.2.4/gson-2.2.4.jar:/home/user/.m2/repository/com/jcraft/jsch/0.1.54/jsch-0.1.54.jar:/home/user/.m2/repository/org/apache/curator/curator-client/2.12.0/curator-client-2.12.0.jar:/home/user/.m2/repository/org/apache/curator/curator-recipes/2.12.0/curator-recipes-2.12.0.jar:/home/user/.m2/repository/com/google/code/findbugs/jsr305/3.0.0/jsr305-3.0.0.jar:/home/user/.m2/repository/org/apache/htrace/htrace-core4/4.1.0-incubating/htrace-core4-4.1.0-incubating.jar:/home/user/.m2/repository/org/apache/zookeeper/zookeeper/3.4.13/zookeeper-3.4.13.jar:/home/user/.m2/repository/jline/jline/0.9.94/jline-0.9.94.jar:/home/user/.m2/repository/org/apache/yetus/audience-annotations/0.5.0/audience-annotations-0.5.0.jar:/home/user/.m2/repository/org/codehaus/woodstox/stax2-api/3.1.4/stax2-api-3.1.4.jar:/home/user/.m2/repository/com/fasterxml/woodstox/woodstox-core/5.0.3/woodstox-core-5.0.3.jar:/home/user/.m2/repository/dnsjava/dnsjava/2.1.7/dnsjava-2.1.7.jar:/home/user/.m2/repository/org/apache/hadoop/hadoop-hdfs/3.2.0/hadoop-hdfs-3.2.0-tests.jar:/home/user/.m2/repository/org/eclipse/jetty/jetty-util-ajax/9.3.25.v20180904/jetty-util-ajax-9.3.25.v20180904.jar:/home/user/.m2/repository/commons-daemon/commons-daemon/1.0.13/commons-daemon-1.0.13.jar:/home/user/.m2/repository/io/netty/netty/3.10.5.Final/netty-3.10.5.Final.jar:/home/user/.m2/repository/io/netty/netty-all/4.0.52.Final/netty-all-4.0.52.Final.jar:/home/user/.m2/repository/org/fusesource/leveldbjni/leveldbjni-all/1.8/leveldbjni-all-1.8.jar:"/>
    <property name="sun.cpu.endian" value="little"/>
    <property name="user.home" value="/home/user"/>
    <property name="user.language" value="en"/>
    <property name="java.specification.vendor" value="Oracle Corporation"/>
    <property name="java.home" value="/usr/lib/jvm/java-1.8-openjdk/jre"/>
    <property name="java.security.krb5.conf" value="/workdir/hadoop-ozone/integration-test/target/test-classes/krb5.conf"/>
    <property name="basedir" value="/workdir/hadoop-ozone/integration-test"/>
    <property name="file.separator" value="/"/>
    <property name="line.separator" value="&#10;"/>
    <property name="java.vm.specification.vendor" value="Oracle Corporation"/>
    <property name="java.specification.name" value="Java Platform API Specification"/>
    <property name="java.awt.graphicsenv" value="sun.awt.X11GraphicsEnvironment"/>
    <property name="surefire.real.class.path" value="/workdir/hadoop-ozone/integration-test/target/surefire/surefirebooter7501342934772245348.jar"/>
    <property name="hadoop.log.dir" value="/workdir/hadoop-ozone/integration-test/target/log"/>
    <property name="sun.boot.class.path" value="/usr/lib/jvm/java-1.8-openjdk/jre/lib/resources.jar:/usr/lib/jvm/java-1.8-openjdk/jre/lib/rt.jar:/usr/lib/jvm/java-1.8-openjdk/jre/lib/sunrsasign.jar:/usr/lib/jvm/java-1.8-openjdk/jre/lib/jsse.jar:/usr/lib/jvm/java-1.8-openjdk/jre/lib/jce.jar:/usr/lib/jvm/java-1.8-openjdk/jre/lib/charsets.jar:/usr/lib/jvm/java-1.8-openjdk/jre/lib/jfr.jar:/usr/lib/jvm/java-1.8-openjdk/jre/classes"/>
    <property name="sun.management.compiler" value="HotSpot 64-Bit Tiered Compilers"/>
    <property name="java.runtime.version" value="1.8.0_212-b04"/>
    <property name="java.net.preferIPv4Stack" value="true"/>
    <property name="user.name" value="jenkins1000"/>
    <property name="path.separator" value=":"/>
    <property name="java.security.egd" value="file:///dev/urandom"/>
    <property name="os.version" value="3.10.0-957.12.2.el7.x86_64"/>
    <property name="java.endorsed.dirs" value="/usr/lib/jvm/java-1.8-openjdk/jre/lib/endorsed"/>
    <property name="java.runtime.name" value="OpenJDK Runtime Environment"/>
    <property name="file.encoding" value="UTF-8"/>
    <property name="java.vm.name" value="OpenJDK 64-Bit Server VM"/>
    <property name="test.build.webapps" value=""/>
    <property name="localRepository" value="/home/user/.m2/repository"/>
    <property name="java.vendor.url.bug" value="https://icedtea.classpath.org/bugzilla"/>
    <property name="java.io.tmpdir" value="/tmp"/>
    <property name="require.test.libhadoop" value=""/>
    <property name="java.version" value="1.8.0_212"/>
    <property name="user.dir" value="/workdir/hadoop-ozone/integration-test"/>
    <property name="os.arch" value="amd64"/>
    <property name="java.vm.specification.name" value="Java Virtual Machine Specification"/>
    <property name="test.build.classes" value="/workdir/hadoop-ozone/integration-test/target/test-classes"/>
    <property name="java.awt.printerjob" value="sun.print.PSPrinterJob"/>
    <property name="sun.os.patch.level" value="unknown"/>
    <property name="hadoop.tmp.dir" value="/workdir/hadoop-ozone/integration-test/target/tmp"/>
    <property name="java.library.path" value="/usr/lib/jvm/java-1.8-openjdk/jre/lib/amd64/server:/usr/lib/jvm/java-1.8-openjdk/jre/lib/amd64:/usr/lib/jvm/java-1.8-openjdk/jre/../lib/amd64:/workdir/hadoop-ozone/integration-test/target/native/target/usr/local/lib:/workdir/hadoop-ozone/integration-test/../../hadoop-common-project/hadoop-common/target/native/target/usr/local/lib:/usr/java/packages/lib/amd64:/usr/lib64:/lib64:/lib:/usr/lib"/>
    <property name="java.vm.info" value="mixed mode"/>
    <property name="java.vendor" value="IcedTea"/>
    <property name="java.vm.version" value="25.212-b04"/>
    <property name="java.ext.dirs" value="/usr/lib/jvm/java-1.8-openjdk/jre/lib/ext:/usr/java/packages/lib/ext"/>
    <property name="sun.io.unicode.encoding" value="UnicodeLittle"/>
    <property name="java.class.version" value="52.0"/>
  </properties>
  <testcase name="testReleaseBuffers" classname="org.apache.hadoop.ozone.client.rpc.TestCommitWatcher" time="73.924">
    <error message="org.apache.ratis.protocol.AlreadyClosedException: SlidingWindow$Client:client-2ADAD18CAA9E-&gt;RAFT is closed." type="java.util.concurrent.ExecutionException">java.util.concurrent.ExecutionException: org.apache.ratis.protocol.AlreadyClosedException: SlidingWindow$Client:client-2ADAD18CAA9E->RAFT is closed.
	at java.util.concurrent.CompletableFuture.reportGet(CompletableFuture.java:357)
	at java.util.concurrent.CompletableFuture.get(CompletableFuture.java:1895)
	at org.apache.hadoop.ozone.client.rpc.TestCommitWatcher.testReleaseBuffers(TestCommitWatcher.java:180)
	at sun.reflect.NativeMethodAccessorImpl.invoke0(Native Method)
	at sun.reflect.NativeMethodAccessorImpl.invoke(NativeMethodAccessorImpl.java:62)
	at sun.reflect.DelegatingMethodAccessorImpl.invoke(DelegatingMethodAccessorImpl.java:43)
	at java.lang.reflect.Method.invoke(Method.java:498)
	at org.junit.runners.model.FrameworkMethod$1.runReflectiveCall(FrameworkMethod.java:47)
	at org.junit.internal.runners.model.ReflectiveCallable.run(ReflectiveCallable.java:12)
	at org.junit.runners.model.FrameworkMethod.invokeExplosively(FrameworkMethod.java:44)
	at org.junit.internal.runners.statements.InvokeMethod.evaluate(InvokeMethod.java:17)
	at org.junit.runners.ParentRunner.runLeaf(ParentRunner.java:271)
	at org.junit.runners.BlockJUnit4ClassRunner.runChild(BlockJUnit4ClassRunner.java:70)
	at org.junit.runners.BlockJUnit4ClassRunner.runChild(BlockJUnit4ClassRunner.java:50)
	at org.junit.runners.ParentRunner$3.run(ParentRunner.java:238)
	at org.junit.runners.ParentRunner$1.schedule(ParentRunner.java:63)
	at org.junit.runners.ParentRunner.runChildren(ParentRunner.java:236)
	at org.junit.runners.ParentRunner.access$000(ParentRunner.java:53)
	at org.junit.runners.ParentRunner$2.evaluate(ParentRunner.java:229)
	at org.junit.internal.runners.statements.RunBefores.evaluate(RunBefores.java:26)
	at org.junit.internal.runners.statements.RunAfters.evaluate(RunAfters.java:27)
	at org.junit.runners.ParentRunner.run(ParentRunner.java:309)
	at org.apache.maven.surefire.junit4.JUnit4Provider.execute(JUnit4Provider.java:365)
	at org.apache.maven.surefire.junit4.JUnit4Provider.executeWithRerun(JUnit4Provider.java:273)
	at org.apache.maven.surefire.junit4.JUnit4Provider.executeTestSet(JUnit4Provider.java:238)
	at org.apache.maven.surefire.junit4.JUnit4Provider.invoke(JUnit4Provider.java:159)
	at org.apache.maven.surefire.booter.ForkedBooter.invokeProviderInSameClassLoader(ForkedBooter.java:384)
	at org.apache.maven.surefire.booter.ForkedBooter.runSuitesInProcess(ForkedBooter.java:345)
	at org.apache.maven.surefire.booter.ForkedBooter.execute(ForkedBooter.java:126)
	at org.apache.maven.surefire.booter.ForkedBooter.main(ForkedBooter.java:418)
Caused by: org.apache.ratis.protocol.AlreadyClosedException: SlidingWindow$Client:client-2ADAD18CAA9E->RAFT is closed.
	at org.apache.ratis.util.SlidingWindow$Client.alreadyClosed(SlidingWindow.java:376)
	at org.apache.ratis.util.SlidingWindow$Client.fail(SlidingWindow.java:364)
	at org.apache.ratis.client.impl.OrderedAsync.failAllAsyncRequests(OrderedAsync.java:134)
	at org.apache.ratis.client.impl.OrderedAsync.lambda$sendRequest$10(OrderedAsync.java:244)
	at java.util.concurrent.CompletableFuture.uniExceptionally(CompletableFuture.java:870)
	at java.util.concurrent.CompletableFuture$UniExceptionally.tryFire(CompletableFuture.java:852)
	at java.util.concurrent.CompletableFuture.postComplete(CompletableFuture.java:474)
	at java.util.concurrent.CompletableFuture.completeExceptionally(CompletableFuture.java:1977)
	at org.apache.ratis.grpc.client.GrpcClientProtocolClient$AsyncStreamObservers.completeReplyExceptionally(GrpcClientProtocolClient.java:339)
	at org.apache.ratis.grpc.client.GrpcClientProtocolClient$AsyncStreamObservers.access$000(GrpcClientProtocolClient.java:255)
	at org.apache.ratis.grpc.client.GrpcClientProtocolClient$AsyncStreamObservers$1.onError(GrpcClientProtocolClient.java:284)
	at org.apache.ratis.thirdparty.io.grpc.stub.ClientCalls$StreamObserverToCallListenerAdapter.onClose(ClientCalls.java:434)
	at org.apache.ratis.thirdparty.io.grpc.PartialForwardingClientCallListener.onClose(PartialForwardingClientCallListener.java:39)
	at org.apache.ratis.thirdparty.io.grpc.ForwardingClientCallListener.onClose(ForwardingClientCallListener.java:23)
	at org.apache.ratis.thirdparty.io.grpc.ForwardingClientCallListener$SimpleForwardingClientCallListener.onClose(ForwardingClientCallListener.java:40)
	at org.apache.ratis.thirdparty.io.grpc.internal.CensusStatsModule$StatsClientInterceptor$1$1.onClose(CensusStatsModule.java:678)
	at org.apache.ratis.thirdparty.io.grpc.PartialForwardingClientCallListener.onClose(PartialForwardingClientCallListener.java:39)
	at org.apache.ratis.thirdparty.io.grpc.ForwardingClientCallListener.onClose(ForwardingClientCallListener.java:23)
	at org.apache.ratis.thirdparty.io.grpc.ForwardingClientCallListener$SimpleForwardingClientCallListener.onClose(ForwardingClientCallListener.java:40)
	at org.apache.ratis.thirdparty.io.grpc.internal.CensusTracingModule$TracingClientInterceptor$1$1.onClose(CensusTracingModule.java:397)
	at org.apache.ratis.thirdparty.io.grpc.internal.ClientCallImpl.closeObserver(ClientCallImpl.java:459)
	at org.apache.ratis.thirdparty.io.grpc.internal.ClientCallImpl.access$300(ClientCallImpl.java:63)
	at org.apache.ratis.thirdparty.io.grpc.internal.ClientCallImpl$ClientStreamListenerImpl.close(ClientCallImpl.java:546)
	at org.apache.ratis.thirdparty.io.grpc.internal.ClientCallImpl$ClientStreamListenerImpl.access$600(ClientCallImpl.java:467)
	at org.apache.ratis.thirdparty.io.grpc.internal.ClientCallImpl$ClientStreamListenerImpl$1StreamClosed.runInContext(ClientCallImpl.java:584)
	at org.apache.ratis.thirdparty.io.grpc.internal.ContextRunnable.run(ContextRunnable.java:37)
	at org.apache.ratis.thirdparty.io.grpc.internal.SerializingExecutor.run(SerializingExecutor.java:123)
	at java.util.concurrent.ThreadPoolExecutor.runWorker(ThreadPoolExecutor.java:1149)
	at java.util.concurrent.ThreadPoolExecutor$Worker.run(ThreadPoolExecutor.java:624)
	at java.lang.Thread.run(Thread.java:748)
Caused by: org.apache.ratis.protocol.GroupMismatchException: b5420178-9b9a-48fb-beed-521737d432b7: group-AE4D0B056602 not found.
	at org.apache.ratis.server.impl.RaftServerProxy$ImplMap.get(RaftServerProxy.java:122)
	at org.apache.ratis.server.impl.RaftServerProxy.getImplFuture(RaftServerProxy.java:269)
	at org.apache.ratis.server.impl.RaftServerProxy.submitRequest(RaftServerProxy.java:327)
	at org.apache.ratis.server.impl.RaftServerProxy.submitClientRequestAsync(RaftServerProxy.java:333)
	at org.apache.ratis.grpc.client.GrpcClientProtocolService$RequestStreamObserver.processClientRequest(GrpcClientProtocolService.java:220)
	at org.apache.ratis.grpc.client.GrpcClientProtocolService$OrderedRequestStreamObserver.processClientRequest(GrpcClientProtocolService.java:326)
	at org.apache.ratis.util.SlidingWindow$Server.processRequestsFromHead(SlidingWindow.java:429)
	at org.apache.ratis.util.SlidingWindow$Server.receivedRequest(SlidingWindow.java:421)
	at org.apache.ratis.grpc.client.GrpcClientProtocolService$OrderedRequestStreamObserver.processClientRequest(GrpcClientProtocolService.java:345)
	at org.apache.ratis.grpc.client.GrpcClientProtocolService$RequestStreamObserver.onNext(GrpcClientProtocolService.java:240)
	at org.apache.ratis.grpc.client.GrpcClientProtocolService$RequestStreamObserver.onNext(GrpcClientProtocolService.java:168)
	at org.apache.ratis.thirdparty.io.grpc.stub.ServerCalls$StreamingServerCallHandler$StreamingServerCallListener.onMessage(ServerCalls.java:248)
	at org.apache.ratis.thirdparty.io.grpc.internal.ServerCallImpl$ServerStreamListenerImpl.messagesAvailable(ServerCallImpl.java:263)
	at org.apache.ratis.thirdparty.io.grpc.internal.ServerImpl$JumpToApplicationThreadServerStreamListener$1MessagesAvailable.runInContext(ServerImpl.java:686)
	... 5 more
</error>
    <system-out><![CDATA[2019-10-01 14:15:45,432 [main] WARN  server.ServerUtils (ServerUtils.java:getScmDbDir(145)) - ozone.scm.db.dirs is not configured. We recommend adding this setting. Falling back to ozone.metadata.dirs instead.
2019-10-01 14:15:45,531 [main] WARN  server.ServerUtils (ServerUtils.java:getScmDbDir(145)) - ozone.scm.db.dirs is not configured. We recommend adding this setting. Falling back to ozone.metadata.dirs instead.
2019-10-01 14:15:45,535 [main] WARN  server.ServerUtils (ServerUtils.java:getScmDbDir(145)) - ozone.scm.db.dirs is not configured. We recommend adding this setting. Falling back to ozone.metadata.dirs instead.
2019-10-01 14:15:45,553 [main] INFO  util.log (Log.java:initialized(192)) - Logging initialized @927ms
2019-10-01 14:15:45,659 [main] INFO  db.DBStoreBuilder (DBStoreBuilder.java:addTable(110)) - using custom profile for table: deletedBlocks
2019-10-01 14:15:45,660 [main] INFO  db.DBStoreBuilder (DBStoreBuilder.java:processTables(161)) - Using default column profile:DBProfile.DISK for Table:deletedBlocks
2019-10-01 14:15:45,660 [main] INFO  db.DBStoreBuilder (DBStoreBuilder.java:addTable(110)) - using custom profile for table: validCerts
2019-10-01 14:15:45,661 [main] INFO  db.DBStoreBuilder (DBStoreBuilder.java:processTables(161)) - Using default column profile:DBProfile.DISK for Table:validCerts
2019-10-01 14:15:45,662 [main] INFO  db.DBStoreBuilder (DBStoreBuilder.java:addTable(110)) - using custom profile for table: revokedCerts
2019-10-01 14:15:45,662 [main] INFO  db.DBStoreBuilder (DBStoreBuilder.java:processTables(161)) - Using default column profile:DBProfile.DISK for Table:revokedCerts
2019-10-01 14:15:45,685 [main] INFO  db.DBStoreBuilder (DBStoreBuilder.java:addTable(110)) - using custom profile for table: default
2019-10-01 14:15:45,685 [main] INFO  db.DBStoreBuilder (DBStoreBuilder.java:processTables(167)) - Using default column profile:DBProfile.DISK for Table:default
2019-10-01 14:15:45,687 [main] INFO  db.DBStoreBuilder (DBStoreBuilder.java:getDbProfile(198)) - Using default options. DBProfile.DISK
2019-10-01 14:15:45,963 [main] INFO  net.NodeSchemaLoader (NodeSchemaLoader.java:loadSchemaFromFile(125)) - Loading file from sun.misc.CompoundEnumeration@30c15d8b
2019-10-01 14:15:45,965 [main] INFO  net.NodeSchemaLoader (NodeSchemaLoader.java:loadSchema(171)) - Loading network topology layer schema file
2019-10-01 14:15:46,043 [main] INFO  node.SCMNodeManager (SCMNodeManager.java:<init>(114)) - Entering startup safe mode.
2019-10-01 14:15:46,116 [main] INFO  algorithms.ContainerPlacementPolicyFactory (ContainerPlacementPolicyFactory.java:getPolicy(57)) - Create container placement policy of type org.apache.hadoop.hdds.scm.container.placement.algorithms.SCMContainerPlacementRandom
2019-10-01 14:15:46,131 [main] WARN  server.ServerUtils (ServerUtils.java:getScmDbDir(145)) - ozone.scm.db.dirs is not configured. We recommend adding this setting. Falling back to ozone.metadata.dirs instead.
2019-10-01 14:15:46,190 [main] INFO  pipeline.SCMPipelineManager (SCMPipelineManager.java:initializePipelineState(132)) - No pipeline exists in current db
2019-10-01 14:15:46,193 [main] WARN  server.ServerUtils (ServerUtils.java:getScmDbDir(145)) - ozone.scm.db.dirs is not configured. We recommend adding this setting. Falling back to ozone.metadata.dirs instead.
2019-10-01 14:15:46,294 [main] WARN  events.EventQueue (EventQueue.java:fireEvent(183)) - No event handler registered for event TypedEvent{payloadType=SafeModeStatus, name='SafeModeStatus'}
2019-10-01 14:15:46,654 [main] INFO  ipc.CallQueueManager (CallQueueManager.java:<init>(84)) - Using callQueue: class java.util.concurrent.LinkedBlockingQueue, queueCapacity: 2000, scheduler: class org.apache.hadoop.ipc.DefaultRpcScheduler, ipcBackoff: false.
2019-10-01 14:15:46,801 [Socket Reader #1 for port 37842] INFO  ipc.Server (Server.java:run(1074)) - Starting Socket Reader #1 for port 37842
2019-10-01 14:15:46,848 [main] INFO  ipc.CallQueueManager (CallQueueManager.java:<init>(84)) - Using callQueue: class java.util.concurrent.LinkedBlockingQueue, queueCapacity: 2000, scheduler: class org.apache.hadoop.ipc.DefaultRpcScheduler, ipcBackoff: false.
2019-10-01 14:15:46,849 [Socket Reader #1 for port 34725] INFO  ipc.Server (Server.java:run(1074)) - Starting Socket Reader #1 for port 34725
2019-10-01 14:15:46,862 [main] INFO  ipc.CallQueueManager (CallQueueManager.java:<init>(84)) - Using callQueue: class java.util.concurrent.LinkedBlockingQueue, queueCapacity: 2000, scheduler: class org.apache.hadoop.ipc.DefaultRpcScheduler, ipcBackoff: false.
2019-10-01 14:15:46,864 [Socket Reader #1 for port 43126] INFO  ipc.Server (Server.java:run(1074)) - Starting Socket Reader #1 for port 43126
2019-10-01 14:15:46,890 [main] INFO  hdfs.DFSUtil (DFSUtil.java:httpServerTemplateForNNAndJN(1641)) - Starting Web-server for scm at: http://0.0.0.0:0
2019-10-01 14:15:47,057 [main] INFO  server.AuthenticationFilter (AuthenticationFilter.java:constructSecretProvider(240)) - Unable to initialize FileSignerSecretProvider, falling back to use random secrets.
2019-10-01 14:15:47,066 [main] WARN  http.HttpRequestLog (HttpRequestLog.java:getRequestLog(97)) - Jetty request log can only be enabled using Log4j
2019-10-01 14:15:47,074 [main] INFO  http.HttpServer2 (HttpServer2.java:addGlobalFilter(975)) - Added global filter 'safety' (class=org.apache.hadoop.http.HttpServer2$QuotingInputFilter)
2019-10-01 14:15:47,076 [main] INFO  http.HttpServer2 (HttpServer2.java:addFilter(948)) - Added filter static_user_filter (class=org.apache.hadoop.http.lib.StaticUserWebFilter$StaticUserFilter) to context scm
2019-10-01 14:15:47,077 [main] INFO  http.HttpServer2 (HttpServer2.java:addFilter(958)) - Added filter static_user_filter (class=org.apache.hadoop.http.lib.StaticUserWebFilter$StaticUserFilter) to context static
2019-10-01 14:15:47,077 [main] INFO  http.HttpServer2 (HttpServer2.java:addFilter(958)) - Added filter static_user_filter (class=org.apache.hadoop.http.lib.StaticUserWebFilter$StaticUserFilter) to context logs
2019-10-01 14:15:47,109 [main] INFO  server.StorageContainerManager (StorageContainerManager.java:start(770)) - StorageContainerLocationProtocol RPC server is listening at /0.0.0.0:43126
2019-10-01 14:15:47,184 [main] WARN  impl.MetricsConfig (MetricsConfig.java:loadFirst(134)) - Cannot locate configuration: tried hadoop-metrics2-storagecontainermanager.properties,hadoop-metrics2.properties
2019-10-01 14:15:47,199 [main] INFO  impl.MetricsSystemImpl (MetricsSystemImpl.java:startTimer(374)) - Scheduled Metric snapshot period at 10 second(s).
2019-10-01 14:15:47,199 [main] INFO  impl.MetricsSystemImpl (MetricsSystemImpl.java:start(191)) - StorageContainerManager metrics system started
2019-10-01 14:15:47,443 [main] INFO  server.SCMClientProtocolServer (SCMClientProtocolServer.java:start(150)) - RPC server for Client  is listening at /0.0.0.0:43126
2019-10-01 14:15:47,443 [IPC Server Responder] INFO  ipc.Server (Server.java:run(1314)) - IPC Server Responder: starting
2019-10-01 14:15:47,444 [IPC Server listener on 43126] INFO  ipc.Server (Server.java:run(1153)) - IPC Server listener on 43126: starting
2019-10-01 14:15:47,447 [main] INFO  server.StorageContainerManager (StorageContainerManager.java:start(780)) - ScmBlockLocationProtocol RPC server is listening at /0.0.0.0:34725
2019-10-01 14:15:47,448 [main] INFO  server.SCMBlockProtocolServer (SCMBlockProtocolServer.java:start(146)) - RPC server for Block Protocol is listening at /0.0.0.0:34725
2019-10-01 14:15:47,449 [IPC Server Responder] INFO  ipc.Server (Server.java:run(1314)) - IPC Server Responder: starting
2019-10-01 14:15:47,449 [IPC Server listener on 34725] INFO  ipc.Server (Server.java:run(1153)) - IPC Server listener on 34725: starting
2019-10-01 14:15:47,452 [main] INFO  server.StorageContainerManager (StorageContainerManager.java:start(784)) - ScmDatanodeProtocl RPC server is listening at /0.0.0.0:37842
2019-10-01 14:15:47,452 [main] INFO  server.SCMDatanodeProtocolServer (SCMDatanodeProtocolServer.java:start(191)) - RPC server for DataNodes is listening at /0.0.0.0:37842
2019-10-01 14:15:47,452 [IPC Server Responder] INFO  ipc.Server (Server.java:run(1314)) - IPC Server Responder: starting
2019-10-01 14:15:47,452 [IPC Server listener on 37842] INFO  ipc.Server (Server.java:run(1153)) - IPC Server listener on 37842: starting
2019-10-01 14:15:47,456 [main] INFO  http.HttpServer2 (HttpServer2.java:bindListener(1191)) - Jetty bound to port 45479
2019-10-01 14:15:47,458 [main] INFO  server.Server (Server.java:doStart(351)) - jetty-9.3.25.v20180904, build timestamp: 2018-09-04T21:11:46Z, git hash: 3ce520221d0240229c862b122d2b06c12a625732
2019-10-01 14:15:47,497 [main] INFO  handler.ContextHandler (ContextHandler.java:doStart(781)) - Started o.e.j.s.ServletContextHandler@34f7234e{/logs,file:///workdir/hadoop-ozone/integration-test/target/log,AVAILABLE}
2019-10-01 14:15:47,498 [main] INFO  handler.ContextHandler (ContextHandler.java:doStart(781)) - Started o.e.j.s.ServletContextHandler@23bff419{/static,file:///workdir/hadoop-ozone/integration-test/target/test-classes/webapps/static,AVAILABLE}
2019-10-01 14:15:47,532 [main] INFO  handler.ContextHandler (ContextHandler.java:doStart(781)) - Started o.e.j.w.WebAppContext@ca27722{/,file:///workdir/hadoop-ozone/integration-test/target/test-classes/webapps/scm/,AVAILABLE}{/scm}
2019-10-01 14:15:47,538 [main] INFO  server.AbstractConnector (AbstractConnector.java:doStart(278)) - Started ServerConnector@532721fd{HTTP/1.1,[http/1.1]}{0.0.0.0:45479}
2019-10-01 14:15:47,539 [main] INFO  server.Server (Server.java:doStart(419)) - Started @2913ms
2019-10-01 14:15:47,541 [main] INFO  impl.MetricsSinkAdapter (MetricsSinkAdapter.java:start(204)) - Sink prometheus started
2019-10-01 14:15:47,541 [main] INFO  impl.MetricsSystemImpl (MetricsSystemImpl.java:registerSink(301)) - Registered sink prometheus
2019-10-01 14:15:47,542 [main] INFO  server.BaseHttpServer (BaseHttpServer.java:updateConnectorAddress(215)) - HTTP server of SCM is listening at http://0.0.0.0:45479
2019-10-01 14:15:47,548 [org.apache.hadoop.util.JvmPauseMonitor$Monitor@3546d80f] INFO  util.JvmPauseMonitor (JvmPauseMonitor.java:run(188)) - Starting JVM pause monitor
2019-10-01 14:15:47,551 [main] WARN  server.ServerUtils (ServerUtils.java:getDBPath(222)) - ozone.om.db.dirs is not configured. We recommend adding this setting. Falling back to ozone.metadata.dirs instead.
2019-10-01 14:15:47,650 [main] WARN  server.ServerUtils (ServerUtils.java:getDBPath(222)) - ozone.om.db.dirs is not configured. We recommend adding this setting. Falling back to ozone.metadata.dirs instead.
2019-10-01 14:15:47,650 [main] WARN  server.ServerUtils (ServerUtils.java:getDBPath(222)) - ozone.om.db.dirs is not configured. We recommend adding this setting. Falling back to ozone.metadata.dirs instead.
2019-10-01 14:15:47,651 [main] INFO  om.OzoneManager (OzoneManager.java:setOMNodeDetails(652)) - OM Service ID is not set. Setting it to the default ID: omServiceIdDefault
2019-10-01 14:15:47,651 [main] INFO  om.OzoneManager (OzoneManager.java:setOMNodeDetails(658)) - OM Node ID is not set. Setting it to the OmStorage's OmID: 6698b681-dd21-4d56-bf60-76a6487ee89d
2019-10-01 14:15:47,652 [main] INFO  om.OzoneManager (OzoneManager.java:loadOMHAConfigs(609)) - Found matching OM address with OMServiceId: null, OMNodeId: null, RPC Address: localhost:0 and Ratis port: 9872
2019-10-01 14:15:48,282 [main] WARN  server.ServerUtils (ServerUtils.java:getDBPath(222)) - ozone.om.db.dirs is not configured. We recommend adding this setting. Falling back to ozone.metadata.dirs instead.
2019-10-01 14:15:48,288 [main] INFO  db.DBStoreBuilder (DBStoreBuilder.java:addTable(110)) - using custom profile for table: userTable
2019-10-01 14:15:48,289 [main] INFO  db.DBStoreBuilder (DBStoreBuilder.java:processTables(161)) - Using default column profile:DBProfile.DISK for Table:userTable
2019-10-01 14:15:48,289 [main] INFO  db.DBStoreBuilder (DBStoreBuilder.java:addTable(110)) - using custom profile for table: volumeTable
2019-10-01 14:15:48,289 [main] INFO  db.DBStoreBuilder (DBStoreBuilder.java:processTables(161)) - Using default column profile:DBProfile.DISK for Table:volumeTable
2019-10-01 14:15:48,289 [main] INFO  db.DBStoreBuilder (DBStoreBuilder.java:addTable(110)) - using custom profile for table: bucketTable
2019-10-01 14:15:48,289 [main] INFO  db.DBStoreBuilder (DBStoreBuilder.java:processTables(161)) - Using default column profile:DBProfile.DISK for Table:bucketTable
2019-10-01 14:15:48,290 [main] INFO  db.DBStoreBuilder (DBStoreBuilder.java:addTable(110)) - using custom profile for table: keyTable
2019-10-01 14:15:48,290 [main] INFO  db.DBStoreBuilder (DBStoreBuilder.java:processTables(161)) - Using default column profile:DBProfile.DISK for Table:keyTable
2019-10-01 14:15:48,290 [main] INFO  db.DBStoreBuilder (DBStoreBuilder.java:addTable(110)) - using custom profile for table: deletedTable
2019-10-01 14:15:48,290 [main] INFO  db.DBStoreBuilder (DBStoreBuilder.java:processTables(161)) - Using default column profile:DBProfile.DISK for Table:deletedTable
2019-10-01 14:15:48,290 [main] INFO  db.DBStoreBuilder (DBStoreBuilder.java:addTable(110)) - using custom profile for table: openKeyTable
2019-10-01 14:15:48,291 [main] INFO  db.DBStoreBuilder (DBStoreBuilder.java:processTables(161)) - Using default column profile:DBProfile.DISK for Table:openKeyTable
2019-10-01 14:15:48,291 [main] INFO  db.DBStoreBuilder (DBStoreBuilder.java:addTable(110)) - using custom profile for table: s3Table
2019-10-01 14:15:48,291 [main] INFO  db.DBStoreBuilder (DBStoreBuilder.java:processTables(161)) - Using default column profile:DBProfile.DISK for Table:s3Table
2019-10-01 14:15:48,291 [main] INFO  db.DBStoreBuilder (DBStoreBuilder.java:addTable(110)) - using custom profile for table: multipartInfoTable
2019-10-01 14:15:48,291 [main] INFO  db.DBStoreBuilder (DBStoreBuilder.java:processTables(161)) - Using default column profile:DBProfile.DISK for Table:multipartInfoTable
2019-10-01 14:15:48,292 [main] INFO  db.DBStoreBuilder (DBStoreBuilder.java:addTable(110)) - using custom profile for table: dTokenTable
2019-10-01 14:15:48,292 [main] INFO  db.DBStoreBuilder (DBStoreBuilder.java:processTables(161)) - Using default column profile:DBProfile.DISK for Table:dTokenTable
2019-10-01 14:15:48,292 [main] INFO  db.DBStoreBuilder (DBStoreBuilder.java:addTable(110)) - using custom profile for table: s3SecretTable
2019-10-01 14:15:48,292 [main] INFO  db.DBStoreBuilder (DBStoreBuilder.java:processTables(161)) - Using default column profile:DBProfile.DISK for Table:s3SecretTable
2019-10-01 14:15:48,293 [main] INFO  db.DBStoreBuilder (DBStoreBuilder.java:addTable(110)) - using custom profile for table: prefixTable
2019-10-01 14:15:48,293 [main] INFO  db.DBStoreBuilder (DBStoreBuilder.java:processTables(161)) - Using default column profile:DBProfile.DISK for Table:prefixTable
2019-10-01 14:15:48,293 [main] INFO  db.DBStoreBuilder (DBStoreBuilder.java:addTable(110)) - using custom profile for table: default
2019-10-01 14:15:48,293 [main] INFO  db.DBStoreBuilder (DBStoreBuilder.java:processTables(167)) - Using default column profile:DBProfile.DISK for Table:default
2019-10-01 14:15:48,293 [main] INFO  db.DBStoreBuilder (DBStoreBuilder.java:getDbProfile(198)) - Using default options. DBProfile.DISK
2019-10-01 14:15:48,744 [main] INFO  ipc.CallQueueManager (CallQueueManager.java:<init>(84)) - Using callQueue: class java.util.concurrent.LinkedBlockingQueue, queueCapacity: 2000, scheduler: class org.apache.hadoop.ipc.DefaultRpcScheduler, ipcBackoff: false.
2019-10-01 14:15:48,745 [Socket Reader #1 for port 41896] INFO  ipc.Server (Server.java:run(1074)) - Starting Socket Reader #1 for port 41896
2019-10-01 14:15:48,767 [main] INFO  om.OzoneManager (OzoneManager.java:start(1243)) - OzoneManager RPC server is listening at localhost/127.0.0.1:41896
2019-10-01 14:15:48,767 [main] INFO  impl.MetricsSystemImpl (MetricsSystemImpl.java:init(158)) - OzoneManager metrics system started (again)
2019-10-01 14:15:48,769 [IPC Server Responder] INFO  ipc.Server (Server.java:run(1314)) - IPC Server Responder: starting
2019-10-01 14:15:48,769 [IPC Server listener on 41896] INFO  ipc.Server (Server.java:run(1153)) - IPC Server listener on 41896: starting
2019-10-01 14:15:48,774 [main] INFO  hdfs.DFSUtil (DFSUtil.java:httpServerTemplateForNNAndJN(1641)) - Starting Web-server for ozoneManager at: http://0.0.0.0:0
2019-10-01 14:15:48,775 [main] INFO  server.AuthenticationFilter (AuthenticationFilter.java:constructSecretProvider(240)) - Unable to initialize FileSignerSecretProvider, falling back to use random secrets.
2019-10-01 14:15:48,776 [main] WARN  http.HttpRequestLog (HttpRequestLog.java:getRequestLog(97)) - Jetty request log can only be enabled using Log4j
2019-10-01 14:15:48,778 [main] INFO  http.HttpServer2 (HttpServer2.java:addGlobalFilter(975)) - Added global filter 'safety' (class=org.apache.hadoop.http.HttpServer2$QuotingInputFilter)
2019-10-01 14:15:48,778 [main] INFO  http.HttpServer2 (HttpServer2.java:addFilter(948)) - Added filter static_user_filter (class=org.apache.hadoop.http.lib.StaticUserWebFilter$StaticUserFilter) to context ozoneManager
2019-10-01 14:15:48,779 [main] INFO  http.HttpServer2 (HttpServer2.java:addFilter(958)) - Added filter static_user_filter (class=org.apache.hadoop.http.lib.StaticUserWebFilter$StaticUserFilter) to context static
2019-10-01 14:15:48,779 [main] INFO  http.HttpServer2 (HttpServer2.java:addFilter(958)) - Added filter static_user_filter (class=org.apache.hadoop.http.lib.StaticUserWebFilter$StaticUserFilter) to context logs
2019-10-01 14:15:48,781 [main] INFO  http.HttpServer2 (HttpServer2.java:bindListener(1191)) - Jetty bound to port 39292
2019-10-01 14:15:48,781 [main] INFO  server.Server (Server.java:doStart(351)) - jetty-9.3.25.v20180904, build timestamp: 2018-09-04T21:11:46Z, git hash: 3ce520221d0240229c862b122d2b06c12a625732
2019-10-01 14:15:48,783 [main] INFO  handler.ContextHandler (ContextHandler.java:doStart(781)) - Started o.e.j.s.ServletContextHandler@66e889df{/logs,file:///workdir/hadoop-ozone/integration-test/target/log,AVAILABLE}
2019-10-01 14:15:48,784 [main] INFO  handler.ContextHandler (ContextHandler.java:doStart(781)) - Started o.e.j.s.ServletContextHandler@3766c667{/static,file:///workdir/hadoop-ozone/integration-test/target/test-classes/webapps/static,AVAILABLE}
2019-10-01 14:15:48,789 [main] INFO  handler.ContextHandler (ContextHandler.java:doStart(781)) - Started o.e.j.w.WebAppContext@68ba310d{/,file:///workdir/hadoop-ozone/integration-test/target/test-classes/webapps/ozoneManager/,AVAILABLE}{/ozoneManager}
2019-10-01 14:15:48,790 [main] INFO  server.AbstractConnector (AbstractConnector.java:doStart(278)) - Started ServerConnector@153f66e7{HTTP/1.1,[http/1.1]}{0.0.0.0:39292}
2019-10-01 14:15:48,790 [main] INFO  server.Server (Server.java:doStart(419)) - Started @4164ms
2019-10-01 14:15:48,791 [main] WARN  impl.MetricsSystemImpl (MetricsSystemImpl.java:register(276)) - Sink prometheus already exists!
2019-10-01 14:15:48,792 [main] INFO  server.BaseHttpServer (BaseHttpServer.java:updateConnectorAddress(215)) - HTTP server of OZONEMANAGER is listening at http://0.0.0.0:39292
2019-10-01 14:15:49,142 [main] INFO  impl.MetricsSystemImpl (MetricsSystemImpl.java:init(158)) - HddsDatanode metrics system started (again)
2019-10-01 14:15:49,191 [main] INFO  ozone.HddsDatanodeService (HddsDatanodeService.java:start(184)) - HddsDatanodeService host:pr-trunk-878pl-325597374 ip:192.168.151.103
2019-10-01 14:15:49,224 [main] INFO  volume.HddsVolume (HddsVolume.java:<init>(176)) - Creating Volume: /workdir/hadoop-ozone/integration-test/target/test-dir/MiniOzoneClusterImpl-0c299cea-4044-47dd-bdd4-f5c3153bf6dc/datanode-0/data/containers/hdds of  storage type : DISK and capacity : 1482555576320
2019-10-01 14:15:49,226 [main] INFO  volume.VolumeSet (VolumeSet.java:initializeVolumeSet(170)) - Added Volume : /workdir/hadoop-ozone/integration-test/target/test-dir/MiniOzoneClusterImpl-0c299cea-4044-47dd-bdd4-f5c3153bf6dc/datanode-0/data/containers/hdds to VolumeSet
2019-10-01 14:15:49,228 [main] INFO  volume.ThrottledAsyncChecker (ThrottledAsyncChecker.java:schedule(139)) - Scheduling a check for org.apache.hadoop.ozone.container.common.volume.HddsVolume@2c43eb8
2019-10-01 14:15:49,245 [main] INFO  volume.HddsVolumeChecker (HddsVolumeChecker.java:checkAllVolumes(202)) - Scheduled health check for volume org.apache.hadoop.ozone.container.common.volume.HddsVolume@2c43eb8
2019-10-01 14:15:49,354 [main] INFO  impl.RaftServerProxy (ConfUtils.java:logGet(43)) - raft.rpc.type = GRPC (default)
2019-10-01 14:15:49,425 [main] INFO  grpc.GrpcFactory (GrpcFactory.java:checkPooledByteBufAllocatorUseCacheForAllThreads(45)) - PERFORMANCE WARNING: useCacheForAllThreads is true that may cause Netty to create a lot garbage objects and, as a result, trigger GC.
	It is recommended to disable useCacheForAllThreads by setting -Dorg.apache.ratis.thirdparty.io.netty.allocator.useCacheForAllThreads=false in command line.
2019-10-01 14:15:49,431 [main] INFO  grpc.GrpcConfigKeys$Server (ConfUtils.java:logGet(43)) - raft.grpc.server.port = 0 (default)
2019-10-01 14:15:49,432 [main] INFO  server.GrpcService (ConfUtils.java:logGet(43)) - raft.grpc.message.size.max = 33570816 (custom)
2019-10-01 14:15:49,434 [main] INFO  server.RaftServerConfigKeys (ConfUtils.java:logGet(43)) - raft.server.log.appender.buffer.byte-limit = 33554432 (custom)
2019-10-01 14:15:49,434 [main] INFO  server.GrpcService (ConfUtils.java:logGet(43)) - raft.grpc.flow.control.window = 1MB (=1048576) (default)
2019-10-01 14:15:49,435 [main] INFO  server.RaftServerConfigKeys (ConfUtils.java:logGet(43)) - raft.server.rpc.request.timeout = 3000ms (default)
2019-10-01 14:15:49,636 [main] INFO  server.RaftServerConfigKeys (ConfUtils.java:logGet(43)) - raft.server.storage.dir = [/workdir/hadoop-ozone/integration-test/target/test-dir/MiniOzoneClusterImpl-0c299cea-4044-47dd-bdd4-f5c3153bf6dc/datanode-0/data/ratis] (custom)
2019-10-01 14:15:49,695 [main] INFO  hdfs.DFSUtil (DFSUtil.java:httpServerTemplateForNNAndJN(1641)) - Starting Web-server for hddsDatanode at: http://0.0.0.0:0
2019-10-01 14:15:49,699 [main] INFO  server.AuthenticationFilter (AuthenticationFilter.java:constructSecretProvider(240)) - Unable to initialize FileSignerSecretProvider, falling back to use random secrets.
2019-10-01 14:15:49,700 [main] WARN  http.HttpRequestLog (HttpRequestLog.java:getRequestLog(97)) - Jetty request log can only be enabled using Log4j
2019-10-01 14:15:49,703 [main] INFO  http.HttpServer2 (HttpServer2.java:addGlobalFilter(975)) - Added global filter 'safety' (class=org.apache.hadoop.http.HttpServer2$QuotingInputFilter)
2019-10-01 14:15:49,704 [main] INFO  http.HttpServer2 (HttpServer2.java:addFilter(948)) - Added filter static_user_filter (class=org.apache.hadoop.http.lib.StaticUserWebFilter$StaticUserFilter) to context hddsDatanode
2019-10-01 14:15:49,704 [main] INFO  http.HttpServer2 (HttpServer2.java:addFilter(958)) - Added filter static_user_filter (class=org.apache.hadoop.http.lib.StaticUserWebFilter$StaticUserFilter) to context logs
2019-10-01 14:15:49,705 [main] INFO  http.HttpServer2 (HttpServer2.java:addFilter(958)) - Added filter static_user_filter (class=org.apache.hadoop.http.lib.StaticUserWebFilter$StaticUserFilter) to context static
2019-10-01 14:15:49,707 [main] INFO  http.HttpServer2 (HttpServer2.java:bindListener(1191)) - Jetty bound to port 46458
2019-10-01 14:15:49,707 [main] INFO  server.Server (Server.java:doStart(351)) - jetty-9.3.25.v20180904, build timestamp: 2018-09-04T21:11:46Z, git hash: 3ce520221d0240229c862b122d2b06c12a625732
2019-10-01 14:15:49,711 [main] INFO  handler.ContextHandler (ContextHandler.java:doStart(781)) - Started o.e.j.s.ServletContextHandler@767a014e{/logs,file:///workdir/hadoop-ozone/integration-test/target/log,AVAILABLE}
2019-10-01 14:15:49,712 [main] INFO  handler.ContextHandler (ContextHandler.java:doStart(781)) - Started o.e.j.s.ServletContextHandler@3968bc60{/static,jar:file:/home/user/.m2/repository/org/apache/hadoop/hadoop-hdds-container-service/0.5.0-SNAPSHOT/hadoop-hdds-container-service-0.5.0-SNAPSHOT.jar!/webapps/static,AVAILABLE}
2019-10-01 14:15:49,757 [main] INFO  handler.ContextHandler (ContextHandler.java:doStart(781)) - Started o.e.j.w.WebAppContext@4c6007fb{/,file:///tmp/jetty-0.0.0.0-46458-hddsDatanode-_-any-352165575255059751.dir/webapp/,AVAILABLE}{/hddsDatanode}
2019-10-01 14:15:49,758 [main] INFO  server.AbstractConnector (AbstractConnector.java:doStart(278)) - Started ServerConnector@3e33d73e{HTTP/1.1,[http/1.1]}{0.0.0.0:46458}
2019-10-01 14:15:49,759 [main] INFO  server.Server (Server.java:doStart(419)) - Started @5133ms
2019-10-01 14:15:49,760 [main] WARN  impl.MetricsSystemImpl (MetricsSystemImpl.java:register(276)) - Sink prometheus already exists!
2019-10-01 14:15:49,761 [main] INFO  server.BaseHttpServer (BaseHttpServer.java:updateConnectorAddress(215)) - HTTP server of HDDSDATANODE is listening at http://0.0.0.0:46458
2019-10-01 14:15:49,762 [main] INFO  impl.MetricsSystemImpl (MetricsSystemImpl.java:init(158)) - HddsDatanode metrics system started (again)
2019-10-01 14:15:49,766 [main] INFO  ozone.HddsDatanodeService (HddsDatanodeService.java:start(184)) - HddsDatanodeService host:pr-trunk-878pl-325597374 ip:192.168.151.103
2019-10-01 14:15:49,768 [org.apache.hadoop.util.JvmPauseMonitor$Monitor@3114902f] INFO  util.JvmPauseMonitor (JvmPauseMonitor.java:run(188)) - Starting JVM pause monitor
2019-10-01 14:15:49,776 [main] INFO  volume.HddsVolume (HddsVolume.java:<init>(176)) - Creating Volume: /workdir/hadoop-ozone/integration-test/target/test-dir/MiniOzoneClusterImpl-0c299cea-4044-47dd-bdd4-f5c3153bf6dc/datanode-1/data/containers/hdds of  storage type : DISK and capacity : 1482555576320
2019-10-01 14:15:49,777 [main] INFO  volume.VolumeSet (VolumeSet.java:initializeVolumeSet(170)) - Added Volume : /workdir/hadoop-ozone/integration-test/target/test-dir/MiniOzoneClusterImpl-0c299cea-4044-47dd-bdd4-f5c3153bf6dc/datanode-1/data/containers/hdds to VolumeSet
2019-10-01 14:15:49,778 [main] INFO  volume.ThrottledAsyncChecker (ThrottledAsyncChecker.java:schedule(139)) - Scheduling a check for org.apache.hadoop.ozone.container.common.volume.HddsVolume@3dffc764
2019-10-01 14:15:49,779 [main] INFO  volume.HddsVolumeChecker (HddsVolumeChecker.java:checkAllVolumes(202)) - Scheduled health check for volume org.apache.hadoop.ozone.container.common.volume.HddsVolume@3dffc764
2019-10-01 14:15:49,803 [main] INFO  impl.RaftServerProxy (ConfUtils.java:logGet(43)) - raft.rpc.type = GRPC (default)
2019-10-01 14:15:49,804 [main] INFO  grpc.GrpcFactory (GrpcFactory.java:checkPooledByteBufAllocatorUseCacheForAllThreads(45)) - PERFORMANCE WARNING: useCacheForAllThreads is true that may cause Netty to create a lot garbage objects and, as a result, trigger GC.
	It is recommended to disable useCacheForAllThreads by setting -Dorg.apache.ratis.thirdparty.io.netty.allocator.useCacheForAllThreads=false in command line.
2019-10-01 14:15:49,804 [main] INFO  grpc.GrpcConfigKeys$Server (ConfUtils.java:logGet(43)) - raft.grpc.server.port = 0 (default)
2019-10-01 14:15:49,805 [main] INFO  server.GrpcService (ConfUtils.java:logGet(43)) - raft.grpc.message.size.max = 33570816 (custom)
2019-10-01 14:15:49,805 [main] INFO  server.RaftServerConfigKeys (ConfUtils.java:logGet(43)) - raft.server.log.appender.buffer.byte-limit = 33554432 (custom)
2019-10-01 14:15:49,806 [main] INFO  server.GrpcService (ConfUtils.java:logGet(43)) - raft.grpc.flow.control.window = 1MB (=1048576) (default)
2019-10-01 14:15:49,806 [main] INFO  server.RaftServerConfigKeys (ConfUtils.java:logGet(43)) - raft.server.rpc.request.timeout = 3000ms (default)
2019-10-01 14:15:49,807 [main] INFO  server.RaftServerConfigKeys (ConfUtils.java:logGet(43)) - raft.server.storage.dir = [/workdir/hadoop-ozone/integration-test/target/test-dir/MiniOzoneClusterImpl-0c299cea-4044-47dd-bdd4-f5c3153bf6dc/datanode-1/data/ratis] (custom)
2019-10-01 14:15:49,810 [main] INFO  hdfs.DFSUtil (DFSUtil.java:httpServerTemplateForNNAndJN(1641)) - Starting Web-server for hddsDatanode at: http://0.0.0.0:0
2019-10-01 14:15:49,812 [main] INFO  server.AuthenticationFilter (AuthenticationFilter.java:constructSecretProvider(240)) - Unable to initialize FileSignerSecretProvider, falling back to use random secrets.
2019-10-01 14:15:49,813 [main] WARN  http.HttpRequestLog (HttpRequestLog.java:getRequestLog(97)) - Jetty request log can only be enabled using Log4j
2019-10-01 14:15:49,817 [main] INFO  http.HttpServer2 (HttpServer2.java:addGlobalFilter(975)) - Added global filter 'safety' (class=org.apache.hadoop.http.HttpServer2$QuotingInputFilter)
2019-10-01 14:15:49,818 [main] INFO  http.HttpServer2 (HttpServer2.java:addFilter(948)) - Added filter static_user_filter (class=org.apache.hadoop.http.lib.StaticUserWebFilter$StaticUserFilter) to context hddsDatanode
2019-10-01 14:15:49,818 [main] INFO  http.HttpServer2 (HttpServer2.java:addFilter(958)) - Added filter static_user_filter (class=org.apache.hadoop.http.lib.StaticUserWebFilter$StaticUserFilter) to context logs
2019-10-01 14:15:49,818 [main] INFO  http.HttpServer2 (HttpServer2.java:addFilter(958)) - Added filter static_user_filter (class=org.apache.hadoop.http.lib.StaticUserWebFilter$StaticUserFilter) to context static
2019-10-01 14:15:49,820 [main] INFO  http.HttpServer2 (HttpServer2.java:bindListener(1191)) - Jetty bound to port 35461
2019-10-01 14:15:49,820 [main] INFO  server.Server (Server.java:doStart(351)) - jetty-9.3.25.v20180904, build timestamp: 2018-09-04T21:11:46Z, git hash: 3ce520221d0240229c862b122d2b06c12a625732
2019-10-01 14:15:49,825 [main] INFO  handler.ContextHandler (ContextHandler.java:doStart(781)) - Started o.e.j.s.ServletContextHandler@12fcc71f{/logs,file:///workdir/hadoop-ozone/integration-test/target/log,AVAILABLE}
2019-10-01 14:15:49,826 [main] INFO  handler.ContextHandler (ContextHandler.java:doStart(781)) - Started o.e.j.s.ServletContextHandler@3ed7821{/static,jar:file:/home/user/.m2/repository/org/apache/hadoop/hadoop-hdds-container-service/0.5.0-SNAPSHOT/hadoop-hdds-container-service-0.5.0-SNAPSHOT.jar!/webapps/static,AVAILABLE}
2019-10-01 14:15:49,876 [main] INFO  handler.ContextHandler (ContextHandler.java:doStart(781)) - Started o.e.j.w.WebAppContext@524a076e{/,file:///tmp/jetty-0.0.0.0-35461-hddsDatanode-_-any-3997405327048601004.dir/webapp/,AVAILABLE}{/hddsDatanode}
2019-10-01 14:15:49,877 [main] INFO  server.AbstractConnector (AbstractConnector.java:doStart(278)) - Started ServerConnector@5b5e7036{HTTP/1.1,[http/1.1]}{0.0.0.0:35461}
2019-10-01 14:15:49,878 [main] INFO  server.Server (Server.java:doStart(419)) - Started @5252ms
2019-10-01 14:15:49,879 [main] WARN  impl.MetricsSystemImpl (MetricsSystemImpl.java:register(276)) - Sink prometheus already exists!
2019-10-01 14:15:49,880 [main] INFO  server.BaseHttpServer (BaseHttpServer.java:updateConnectorAddress(215)) - HTTP server of HDDSDATANODE is listening at http://0.0.0.0:35461
2019-10-01 14:15:49,881 [main] INFO  impl.MetricsSystemImpl (MetricsSystemImpl.java:init(158)) - HddsDatanode metrics system started (again)
2019-10-01 14:15:49,884 [org.apache.hadoop.util.JvmPauseMonitor$Monitor@488d1812] INFO  util.JvmPauseMonitor (JvmPauseMonitor.java:run(188)) - Starting JVM pause monitor
2019-10-01 14:15:49,885 [main] INFO  ozone.HddsDatanodeService (HddsDatanodeService.java:start(184)) - HddsDatanodeService host:pr-trunk-878pl-325597374 ip:192.168.151.103
2019-10-01 14:15:49,893 [main] INFO  volume.HddsVolume (HddsVolume.java:<init>(176)) - Creating Volume: /workdir/hadoop-ozone/integration-test/target/test-dir/MiniOzoneClusterImpl-0c299cea-4044-47dd-bdd4-f5c3153bf6dc/datanode-2/data/containers/hdds of  storage type : DISK and capacity : 1482555576320
2019-10-01 14:15:49,893 [main] INFO  volume.VolumeSet (VolumeSet.java:initializeVolumeSet(170)) - Added Volume : /workdir/hadoop-ozone/integration-test/target/test-dir/MiniOzoneClusterImpl-0c299cea-4044-47dd-bdd4-f5c3153bf6dc/datanode-2/data/containers/hdds to VolumeSet
2019-10-01 14:15:49,894 [main] INFO  volume.ThrottledAsyncChecker (ThrottledAsyncChecker.java:schedule(139)) - Scheduling a check for org.apache.hadoop.ozone.container.common.volume.HddsVolume@1aad0b1
2019-10-01 14:15:49,894 [main] INFO  volume.HddsVolumeChecker (HddsVolumeChecker.java:checkAllVolumes(202)) - Scheduled health check for volume org.apache.hadoop.ozone.container.common.volume.HddsVolume@1aad0b1
2019-10-01 14:15:49,914 [main] INFO  impl.RaftServerProxy (ConfUtils.java:logGet(43)) - raft.rpc.type = GRPC (default)
2019-10-01 14:15:49,914 [main] INFO  grpc.GrpcFactory (GrpcFactory.java:checkPooledByteBufAllocatorUseCacheForAllThreads(45)) - PERFORMANCE WARNING: useCacheForAllThreads is true that may cause Netty to create a lot garbage objects and, as a result, trigger GC.
	It is recommended to disable useCacheForAllThreads by setting -Dorg.apache.ratis.thirdparty.io.netty.allocator.useCacheForAllThreads=false in command line.
2019-10-01 14:15:49,914 [main] INFO  grpc.GrpcConfigKeys$Server (ConfUtils.java:logGet(43)) - raft.grpc.server.port = 0 (default)
2019-10-01 14:15:49,915 [main] INFO  server.GrpcService (ConfUtils.java:logGet(43)) - raft.grpc.message.size.max = 33570816 (custom)
2019-10-01 14:15:49,915 [main] INFO  server.RaftServerConfigKeys (ConfUtils.java:logGet(43)) - raft.server.log.appender.buffer.byte-limit = 33554432 (custom)
2019-10-01 14:15:49,915 [main] INFO  server.GrpcService (ConfUtils.java:logGet(43)) - raft.grpc.flow.control.window = 1MB (=1048576) (default)
2019-10-01 14:15:49,915 [main] INFO  server.RaftServerConfigKeys (ConfUtils.java:logGet(43)) - raft.server.rpc.request.timeout = 3000ms (default)
2019-10-01 14:15:49,916 [main] INFO  server.RaftServerConfigKeys (ConfUtils.java:logGet(43)) - raft.server.storage.dir = [/workdir/hadoop-ozone/integration-test/target/test-dir/MiniOzoneClusterImpl-0c299cea-4044-47dd-bdd4-f5c3153bf6dc/datanode-2/data/ratis] (custom)
2019-10-01 14:15:49,918 [main] INFO  hdfs.DFSUtil (DFSUtil.java:httpServerTemplateForNNAndJN(1641)) - Starting Web-server for hddsDatanode at: http://0.0.0.0:0
2019-10-01 14:15:49,921 [main] INFO  server.AuthenticationFilter (AuthenticationFilter.java:constructSecretProvider(240)) - Unable to initialize FileSignerSecretProvider, falling back to use random secrets.
2019-10-01 14:15:49,921 [main] WARN  http.HttpRequestLog (HttpRequestLog.java:getRequestLog(97)) - Jetty request log can only be enabled using Log4j
2019-10-01 14:15:49,923 [main] INFO  http.HttpServer2 (HttpServer2.java:addGlobalFilter(975)) - Added global filter 'safety' (class=org.apache.hadoop.http.HttpServer2$QuotingInputFilter)
2019-10-01 14:15:49,924 [main] INFO  http.HttpServer2 (HttpServer2.java:addFilter(948)) - Added filter static_user_filter (class=org.apache.hadoop.http.lib.StaticUserWebFilter$StaticUserFilter) to context hddsDatanode
2019-10-01 14:15:49,924 [main] INFO  http.HttpServer2 (HttpServer2.java:addFilter(958)) - Added filter static_user_filter (class=org.apache.hadoop.http.lib.StaticUserWebFilter$StaticUserFilter) to context logs
2019-10-01 14:15:49,925 [main] INFO  http.HttpServer2 (HttpServer2.java:addFilter(958)) - Added filter static_user_filter (class=org.apache.hadoop.http.lib.StaticUserWebFilter$StaticUserFilter) to context static
2019-10-01 14:15:49,925 [main] INFO  http.HttpServer2 (HttpServer2.java:bindListener(1191)) - Jetty bound to port 33515
2019-10-01 14:15:49,925 [main] INFO  server.Server (Server.java:doStart(351)) - jetty-9.3.25.v20180904, build timestamp: 2018-09-04T21:11:46Z, git hash: 3ce520221d0240229c862b122d2b06c12a625732
2019-10-01 14:15:49,927 [main] INFO  handler.ContextHandler (ContextHandler.java:doStart(781)) - Started o.e.j.s.ServletContextHandler@4faa298{/logs,file:///workdir/hadoop-ozone/integration-test/target/log,AVAILABLE}
2019-10-01 14:15:49,928 [main] INFO  handler.ContextHandler (ContextHandler.java:doStart(781)) - Started o.e.j.s.ServletContextHandler@151bf776{/static,jar:file:/home/user/.m2/repository/org/apache/hadoop/hadoop-hdds-container-service/0.5.0-SNAPSHOT/hadoop-hdds-container-service-0.5.0-SNAPSHOT.jar!/webapps/static,AVAILABLE}
2019-10-01 14:15:49,929 [Datanode State Machine Thread - 0] INFO  datanode.InitDatanodeState (InitDatanodeState.java:persistContainerDatanodeDetails(140)) - DatanodeDetails is persisted to /workdir/hadoop-ozone/integration-test/target/test-dir/MiniOzoneClusterImpl-0c299cea-4044-47dd-bdd4-f5c3153bf6dc/datanode-0/meta/datanode.id
2019-10-01 14:15:49,933 [Datanode State Machine Thread - 0] INFO  datanode.InitDatanodeState (InitDatanodeState.java:persistContainerDatanodeDetails(140)) - DatanodeDetails is persisted to /workdir/hadoop-ozone/integration-test/target/test-dir/MiniOzoneClusterImpl-0c299cea-4044-47dd-bdd4-f5c3153bf6dc/datanode-1/meta/datanode.id
2019-10-01 14:15:49,961 [main] INFO  handler.ContextHandler (ContextHandler.java:doStart(781)) - Started o.e.j.w.WebAppContext@74174a23{/,file:///tmp/jetty-0.0.0.0-33515-hddsDatanode-_-any-6746333194455980828.dir/webapp/,AVAILABLE}{/hddsDatanode}
2019-10-01 14:15:49,962 [main] INFO  server.AbstractConnector (AbstractConnector.java:doStart(278)) - Started ServerConnector@6342d610{HTTP/1.1,[http/1.1]}{0.0.0.0:33515}
2019-10-01 14:15:49,965 [main] INFO  server.Server (Server.java:doStart(419)) - Started @5339ms
2019-10-01 14:15:49,965 [main] WARN  impl.MetricsSystemImpl (MetricsSystemImpl.java:register(276)) - Sink prometheus already exists!
2019-10-01 14:15:49,966 [main] INFO  server.BaseHttpServer (BaseHttpServer.java:updateConnectorAddress(215)) - HTTP server of HDDSDATANODE is listening at http://0.0.0.0:33515
2019-10-01 14:15:49,967 [main] INFO  impl.MetricsSystemImpl (MetricsSystemImpl.java:init(158)) - HddsDatanode metrics system started (again)
2019-10-01 14:15:49,969 [org.apache.hadoop.util.JvmPauseMonitor$Monitor@58c85041] INFO  util.JvmPauseMonitor (JvmPauseMonitor.java:run(188)) - Starting JVM pause monitor
2019-10-01 14:15:49,970 [main] INFO  ozone.HddsDatanodeService (HddsDatanodeService.java:start(184)) - HddsDatanodeService host:pr-trunk-878pl-325597374 ip:192.168.151.103
2019-10-01 14:15:49,973 [Datanode State Machine Thread - 0] INFO  datanode.InitDatanodeState (InitDatanodeState.java:persistContainerDatanodeDetails(140)) - DatanodeDetails is persisted to /workdir/hadoop-ozone/integration-test/target/test-dir/MiniOzoneClusterImpl-0c299cea-4044-47dd-bdd4-f5c3153bf6dc/datanode-2/meta/datanode.id
2019-10-01 14:15:49,976 [main] INFO  volume.HddsVolume (HddsVolume.java:<init>(176)) - Creating Volume: /workdir/hadoop-ozone/integration-test/target/test-dir/MiniOzoneClusterImpl-0c299cea-4044-47dd-bdd4-f5c3153bf6dc/datanode-3/data/containers/hdds of  storage type : DISK and capacity : 1482555576320
2019-10-01 14:15:49,977 [main] INFO  volume.VolumeSet (VolumeSet.java:initializeVolumeSet(170)) - Added Volume : /workdir/hadoop-ozone/integration-test/target/test-dir/MiniOzoneClusterImpl-0c299cea-4044-47dd-bdd4-f5c3153bf6dc/datanode-3/data/containers/hdds to VolumeSet
2019-10-01 14:15:49,977 [main] INFO  volume.ThrottledAsyncChecker (ThrottledAsyncChecker.java:schedule(139)) - Scheduling a check for org.apache.hadoop.ozone.container.common.volume.HddsVolume@3cd9aa64
2019-10-01 14:15:49,978 [main] INFO  volume.HddsVolumeChecker (HddsVolumeChecker.java:checkAllVolumes(202)) - Scheduled health check for volume org.apache.hadoop.ozone.container.common.volume.HddsVolume@3cd9aa64
2019-10-01 14:15:49,991 [main] INFO  impl.RaftServerProxy (ConfUtils.java:logGet(43)) - raft.rpc.type = GRPC (default)
2019-10-01 14:15:49,991 [main] INFO  grpc.GrpcFactory (GrpcFactory.java:checkPooledByteBufAllocatorUseCacheForAllThreads(45)) - PERFORMANCE WARNING: useCacheForAllThreads is true that may cause Netty to create a lot garbage objects and, as a result, trigger GC.
	It is recommended to disable useCacheForAllThreads by setting -Dorg.apache.ratis.thirdparty.io.netty.allocator.useCacheForAllThreads=false in command line.
2019-10-01 14:15:49,991 [main] INFO  grpc.GrpcConfigKeys$Server (ConfUtils.java:logGet(43)) - raft.grpc.server.port = 0 (default)
2019-10-01 14:15:49,991 [main] INFO  server.GrpcService (ConfUtils.java:logGet(43)) - raft.grpc.message.size.max = 33570816 (custom)
2019-10-01 14:15:49,992 [main] INFO  server.RaftServerConfigKeys (ConfUtils.java:logGet(43)) - raft.server.log.appender.buffer.byte-limit = 33554432 (custom)
2019-10-01 14:15:49,992 [main] INFO  server.GrpcService (ConfUtils.java:logGet(43)) - raft.grpc.flow.control.window = 1MB (=1048576) (default)
2019-10-01 14:15:49,992 [main] INFO  server.RaftServerConfigKeys (ConfUtils.java:logGet(43)) - raft.server.rpc.request.timeout = 3000ms (default)
2019-10-01 14:15:49,993 [main] INFO  server.RaftServerConfigKeys (ConfUtils.java:logGet(43)) - raft.server.storage.dir = [/workdir/hadoop-ozone/integration-test/target/test-dir/MiniOzoneClusterImpl-0c299cea-4044-47dd-bdd4-f5c3153bf6dc/datanode-3/data/ratis] (custom)
2019-10-01 14:15:49,994 [main] INFO  hdfs.DFSUtil (DFSUtil.java:httpServerTemplateForNNAndJN(1641)) - Starting Web-server for hddsDatanode at: http://0.0.0.0:0
2019-10-01 14:15:49,995 [main] INFO  server.AuthenticationFilter (AuthenticationFilter.java:constructSecretProvider(240)) - Unable to initialize FileSignerSecretProvider, falling back to use random secrets.
2019-10-01 14:15:49,996 [main] WARN  http.HttpRequestLog (HttpRequestLog.java:getRequestLog(97)) - Jetty request log can only be enabled using Log4j
2019-10-01 14:15:49,997 [main] INFO  http.HttpServer2 (HttpServer2.java:addGlobalFilter(975)) - Added global filter 'safety' (class=org.apache.hadoop.http.HttpServer2$QuotingInputFilter)
2019-10-01 14:15:49,997 [main] INFO  http.HttpServer2 (HttpServer2.java:addFilter(948)) - Added filter static_user_filter (class=org.apache.hadoop.http.lib.StaticUserWebFilter$StaticUserFilter) to context hddsDatanode
2019-10-01 14:15:49,998 [main] INFO  http.HttpServer2 (HttpServer2.java:addFilter(958)) - Added filter static_user_filter (class=org.apache.hadoop.http.lib.StaticUserWebFilter$StaticUserFilter) to context static
2019-10-01 14:15:49,998 [main] INFO  http.HttpServer2 (HttpServer2.java:addFilter(958)) - Added filter static_user_filter (class=org.apache.hadoop.http.lib.StaticUserWebFilter$StaticUserFilter) to context logs
2019-10-01 14:15:49,998 [main] INFO  http.HttpServer2 (HttpServer2.java:bindListener(1191)) - Jetty bound to port 33139
2019-10-01 14:15:49,999 [main] INFO  server.Server (Server.java:doStart(351)) - jetty-9.3.25.v20180904, build timestamp: 2018-09-04T21:11:46Z, git hash: 3ce520221d0240229c862b122d2b06c12a625732
2019-10-01 14:15:50,005 [main] INFO  handler.ContextHandler (ContextHandler.java:doStart(781)) - Started o.e.j.s.ServletContextHandler@642f9a77{/logs,file:///workdir/hadoop-ozone/integration-test/target/log,AVAILABLE}
2019-10-01 14:15:50,006 [main] INFO  handler.ContextHandler (ContextHandler.java:doStart(781)) - Started o.e.j.s.ServletContextHandler@5634d0f4{/static,jar:file:/home/user/.m2/repository/org/apache/hadoop/hadoop-hdds-container-service/0.5.0-SNAPSHOT/hadoop-hdds-container-service-0.5.0-SNAPSHOT.jar!/webapps/static,AVAILABLE}
2019-10-01 14:15:50,034 [main] INFO  handler.ContextHandler (ContextHandler.java:doStart(781)) - Started o.e.j.w.WebAppContext@73844119{/,file:///tmp/jetty-0.0.0.0-33139-hddsDatanode-_-any-7362159870002453192.dir/webapp/,AVAILABLE}{/hddsDatanode}
2019-10-01 14:15:50,035 [main] INFO  server.AbstractConnector (AbstractConnector.java:doStart(278)) - Started ServerConnector@44f24a20{HTTP/1.1,[http/1.1]}{0.0.0.0:33139}
2019-10-01 14:15:50,035 [main] INFO  server.Server (Server.java:doStart(419)) - Started @5410ms
2019-10-01 14:15:50,036 [main] WARN  impl.MetricsSystemImpl (MetricsSystemImpl.java:register(276)) - Sink prometheus already exists!
2019-10-01 14:15:50,038 [main] INFO  server.BaseHttpServer (BaseHttpServer.java:updateConnectorAddress(215)) - HTTP server of HDDSDATANODE is listening at http://0.0.0.0:33139
2019-10-01 14:15:50,038 [main] INFO  impl.MetricsSystemImpl (MetricsSystemImpl.java:init(158)) - HddsDatanode metrics system started (again)
2019-10-01 14:15:50,041 [main] INFO  ozone.HddsDatanodeService (HddsDatanodeService.java:start(184)) - HddsDatanodeService host:pr-trunk-878pl-325597374 ip:192.168.151.103
2019-10-01 14:15:50,042 [org.apache.hadoop.util.JvmPauseMonitor$Monitor@94849ef] INFO  util.JvmPauseMonitor (JvmPauseMonitor.java:run(188)) - Starting JVM pause monitor
2019-10-01 14:15:50,045 [Datanode State Machine Thread - 0] INFO  datanode.InitDatanodeState (InitDatanodeState.java:persistContainerDatanodeDetails(140)) - DatanodeDetails is persisted to /workdir/hadoop-ozone/integration-test/target/test-dir/MiniOzoneClusterImpl-0c299cea-4044-47dd-bdd4-f5c3153bf6dc/datanode-3/meta/datanode.id
2019-10-01 14:15:50,050 [main] INFO  volume.HddsVolume (HddsVolume.java:<init>(176)) - Creating Volume: /workdir/hadoop-ozone/integration-test/target/test-dir/MiniOzoneClusterImpl-0c299cea-4044-47dd-bdd4-f5c3153bf6dc/datanode-4/data/containers/hdds of  storage type : DISK and capacity : 1482555576320
2019-10-01 14:15:50,050 [main] INFO  volume.VolumeSet (VolumeSet.java:initializeVolumeSet(170)) - Added Volume : /workdir/hadoop-ozone/integration-test/target/test-dir/MiniOzoneClusterImpl-0c299cea-4044-47dd-bdd4-f5c3153bf6dc/datanode-4/data/containers/hdds to VolumeSet
2019-10-01 14:15:50,050 [main] INFO  volume.ThrottledAsyncChecker (ThrottledAsyncChecker.java:schedule(139)) - Scheduling a check for org.apache.hadoop.ozone.container.common.volume.HddsVolume@237f7970
2019-10-01 14:15:50,051 [main] INFO  volume.HddsVolumeChecker (HddsVolumeChecker.java:checkAllVolumes(202)) - Scheduled health check for volume org.apache.hadoop.ozone.container.common.volume.HddsVolume@237f7970
2019-10-01 14:15:50,064 [main] INFO  impl.RaftServerProxy (ConfUtils.java:logGet(43)) - raft.rpc.type = GRPC (default)
2019-10-01 14:15:50,064 [main] INFO  grpc.GrpcFactory (GrpcFactory.java:checkPooledByteBufAllocatorUseCacheForAllThreads(45)) - PERFORMANCE WARNING: useCacheForAllThreads is true that may cause Netty to create a lot garbage objects and, as a result, trigger GC.
	It is recommended to disable useCacheForAllThreads by setting -Dorg.apache.ratis.thirdparty.io.netty.allocator.useCacheForAllThreads=false in command line.
2019-10-01 14:15:50,065 [main] INFO  grpc.GrpcConfigKeys$Server (ConfUtils.java:logGet(43)) - raft.grpc.server.port = 0 (default)
2019-10-01 14:15:50,065 [main] INFO  server.GrpcService (ConfUtils.java:logGet(43)) - raft.grpc.message.size.max = 33570816 (custom)
2019-10-01 14:15:50,065 [main] INFO  server.RaftServerConfigKeys (ConfUtils.java:logGet(43)) - raft.server.log.appender.buffer.byte-limit = 33554432 (custom)
2019-10-01 14:15:50,065 [main] INFO  server.GrpcService (ConfUtils.java:logGet(43)) - raft.grpc.flow.control.window = 1MB (=1048576) (default)
2019-10-01 14:15:50,066 [main] INFO  server.RaftServerConfigKeys (ConfUtils.java:logGet(43)) - raft.server.rpc.request.timeout = 3000ms (default)
2019-10-01 14:15:50,066 [main] INFO  server.RaftServerConfigKeys (ConfUtils.java:logGet(43)) - raft.server.storage.dir = [/workdir/hadoop-ozone/integration-test/target/test-dir/MiniOzoneClusterImpl-0c299cea-4044-47dd-bdd4-f5c3153bf6dc/datanode-4/data/ratis] (custom)
2019-10-01 14:15:50,067 [main] INFO  hdfs.DFSUtil (DFSUtil.java:httpServerTemplateForNNAndJN(1641)) - Starting Web-server for hddsDatanode at: http://0.0.0.0:0
2019-10-01 14:15:50,069 [main] INFO  server.AuthenticationFilter (AuthenticationFilter.java:constructSecretProvider(240)) - Unable to initialize FileSignerSecretProvider, falling back to use random secrets.
2019-10-01 14:15:50,069 [main] WARN  http.HttpRequestLog (HttpRequestLog.java:getRequestLog(97)) - Jetty request log can only be enabled using Log4j
2019-10-01 14:15:50,073 [main] INFO  http.HttpServer2 (HttpServer2.java:addGlobalFilter(975)) - Added global filter 'safety' (class=org.apache.hadoop.http.HttpServer2$QuotingInputFilter)
2019-10-01 14:15:50,073 [main] INFO  http.HttpServer2 (HttpServer2.java:addFilter(948)) - Added filter static_user_filter (class=org.apache.hadoop.http.lib.StaticUserWebFilter$StaticUserFilter) to context hddsDatanode
2019-10-01 14:15:50,074 [main] INFO  http.HttpServer2 (HttpServer2.java:addFilter(958)) - Added filter static_user_filter (class=org.apache.hadoop.http.lib.StaticUserWebFilter$StaticUserFilter) to context static
2019-10-01 14:15:50,074 [main] INFO  http.HttpServer2 (HttpServer2.java:addFilter(958)) - Added filter static_user_filter (class=org.apache.hadoop.http.lib.StaticUserWebFilter$StaticUserFilter) to context logs
2019-10-01 14:15:50,074 [main] INFO  http.HttpServer2 (HttpServer2.java:bindListener(1191)) - Jetty bound to port 35059
2019-10-01 14:15:50,075 [main] INFO  server.Server (Server.java:doStart(351)) - jetty-9.3.25.v20180904, build timestamp: 2018-09-04T21:11:46Z, git hash: 3ce520221d0240229c862b122d2b06c12a625732
2019-10-01 14:15:50,077 [main] INFO  handler.ContextHandler (ContextHandler.java:doStart(781)) - Started o.e.j.s.ServletContextHandler@20b9d5d5{/logs,file:///workdir/hadoop-ozone/integration-test/target/log,AVAILABLE}
2019-10-01 14:15:50,077 [main] INFO  handler.ContextHandler (ContextHandler.java:doStart(781)) - Started o.e.j.s.ServletContextHandler@60c8a093{/static,jar:file:/home/user/.m2/repository/org/apache/hadoop/hadoop-hdds-container-service/0.5.0-SNAPSHOT/hadoop-hdds-container-service-0.5.0-SNAPSHOT.jar!/webapps/static,AVAILABLE}
2019-10-01 14:15:50,105 [main] INFO  handler.ContextHandler (ContextHandler.java:doStart(781)) - Started o.e.j.w.WebAppContext@56637cff{/,file:///tmp/jetty-0.0.0.0-35059-hddsDatanode-_-any-9222783426970915338.dir/webapp/,AVAILABLE}{/hddsDatanode}
2019-10-01 14:15:50,105 [main] INFO  server.AbstractConnector (AbstractConnector.java:doStart(278)) - Started ServerConnector@2938127d{HTTP/1.1,[http/1.1]}{0.0.0.0:35059}
2019-10-01 14:15:50,106 [main] INFO  server.Server (Server.java:doStart(419)) - Started @5480ms
2019-10-01 14:15:50,106 [main] WARN  impl.MetricsSystemImpl (MetricsSystemImpl.java:register(276)) - Sink prometheus already exists!
2019-10-01 14:15:50,110 [main] INFO  server.BaseHttpServer (BaseHttpServer.java:updateConnectorAddress(215)) - HTTP server of HDDSDATANODE is listening at http://0.0.0.0:35059
2019-10-01 14:15:50,110 [main] INFO  impl.MetricsSystemImpl (MetricsSystemImpl.java:init(158)) - HddsDatanode metrics system started (again)
2019-10-01 14:15:50,113 [main] INFO  ozone.HddsDatanodeService (HddsDatanodeService.java:start(184)) - HddsDatanodeService host:pr-trunk-878pl-325597374 ip:192.168.151.103
2019-10-01 14:15:50,113 [org.apache.hadoop.util.JvmPauseMonitor$Monitor@62bf9720] INFO  util.JvmPauseMonitor (JvmPauseMonitor.java:run(188)) - Starting JVM pause monitor
2019-10-01 14:15:50,116 [Datanode State Machine Thread - 0] INFO  datanode.InitDatanodeState (InitDatanodeState.java:persistContainerDatanodeDetails(140)) - DatanodeDetails is persisted to /workdir/hadoop-ozone/integration-test/target/test-dir/MiniOzoneClusterImpl-0c299cea-4044-47dd-bdd4-f5c3153bf6dc/datanode-4/meta/datanode.id
2019-10-01 14:15:50,121 [main] INFO  volume.HddsVolume (HddsVolume.java:<init>(176)) - Creating Volume: /workdir/hadoop-ozone/integration-test/target/test-dir/MiniOzoneClusterImpl-0c299cea-4044-47dd-bdd4-f5c3153bf6dc/datanode-5/data/containers/hdds of  storage type : DISK and capacity : 1482555576320
2019-10-01 14:15:50,121 [main] INFO  volume.VolumeSet (VolumeSet.java:initializeVolumeSet(170)) - Added Volume : /workdir/hadoop-ozone/integration-test/target/test-dir/MiniOzoneClusterImpl-0c299cea-4044-47dd-bdd4-f5c3153bf6dc/datanode-5/data/containers/hdds to VolumeSet
2019-10-01 14:15:50,121 [main] INFO  volume.ThrottledAsyncChecker (ThrottledAsyncChecker.java:schedule(139)) - Scheduling a check for org.apache.hadoop.ozone.container.common.volume.HddsVolume@1b956cfa
2019-10-01 14:15:50,122 [main] INFO  volume.HddsVolumeChecker (HddsVolumeChecker.java:checkAllVolumes(202)) - Scheduled health check for volume org.apache.hadoop.ozone.container.common.volume.HddsVolume@1b956cfa
2019-10-01 14:15:50,137 [main] INFO  impl.RaftServerProxy (ConfUtils.java:logGet(43)) - raft.rpc.type = GRPC (default)
2019-10-01 14:15:50,137 [main] INFO  grpc.GrpcFactory (GrpcFactory.java:checkPooledByteBufAllocatorUseCacheForAllThreads(45)) - PERFORMANCE WARNING: useCacheForAllThreads is true that may cause Netty to create a lot garbage objects and, as a result, trigger GC.
	It is recommended to disable useCacheForAllThreads by setting -Dorg.apache.ratis.thirdparty.io.netty.allocator.useCacheForAllThreads=false in command line.
2019-10-01 14:15:50,137 [main] INFO  grpc.GrpcConfigKeys$Server (ConfUtils.java:logGet(43)) - raft.grpc.server.port = 0 (default)
2019-10-01 14:15:50,138 [main] INFO  server.GrpcService (ConfUtils.java:logGet(43)) - raft.grpc.message.size.max = 33570816 (custom)
2019-10-01 14:15:50,138 [main] INFO  server.RaftServerConfigKeys (ConfUtils.java:logGet(43)) - raft.server.log.appender.buffer.byte-limit = 33554432 (custom)
2019-10-01 14:15:50,138 [main] INFO  server.GrpcService (ConfUtils.java:logGet(43)) - raft.grpc.flow.control.window = 1MB (=1048576) (default)
2019-10-01 14:15:50,138 [main] INFO  server.RaftServerConfigKeys (ConfUtils.java:logGet(43)) - raft.server.rpc.request.timeout = 3000ms (default)
2019-10-01 14:15:50,139 [main] INFO  server.RaftServerConfigKeys (ConfUtils.java:logGet(43)) - raft.server.storage.dir = [/workdir/hadoop-ozone/integration-test/target/test-dir/MiniOzoneClusterImpl-0c299cea-4044-47dd-bdd4-f5c3153bf6dc/datanode-5/data/ratis] (custom)
2019-10-01 14:15:50,140 [main] INFO  hdfs.DFSUtil (DFSUtil.java:httpServerTemplateForNNAndJN(1641)) - Starting Web-server for hddsDatanode at: http://0.0.0.0:0
2019-10-01 14:15:50,141 [main] INFO  server.AuthenticationFilter (AuthenticationFilter.java:constructSecretProvider(240)) - Unable to initialize FileSignerSecretProvider, falling back to use random secrets.
2019-10-01 14:15:50,141 [main] WARN  http.HttpRequestLog (HttpRequestLog.java:getRequestLog(97)) - Jetty request log can only be enabled using Log4j
2019-10-01 14:15:50,143 [main] INFO  http.HttpServer2 (HttpServer2.java:addGlobalFilter(975)) - Added global filter 'safety' (class=org.apache.hadoop.http.HttpServer2$QuotingInputFilter)
2019-10-01 14:15:50,143 [main] INFO  http.HttpServer2 (HttpServer2.java:addFilter(948)) - Added filter static_user_filter (class=org.apache.hadoop.http.lib.StaticUserWebFilter$StaticUserFilter) to context hddsDatanode
2019-10-01 14:15:50,143 [main] INFO  http.HttpServer2 (HttpServer2.java:addFilter(958)) - Added filter static_user_filter (class=org.apache.hadoop.http.lib.StaticUserWebFilter$StaticUserFilter) to context static
2019-10-01 14:15:50,143 [main] INFO  http.HttpServer2 (HttpServer2.java:addFilter(958)) - Added filter static_user_filter (class=org.apache.hadoop.http.lib.StaticUserWebFilter$StaticUserFilter) to context logs
2019-10-01 14:15:50,144 [main] INFO  http.HttpServer2 (HttpServer2.java:bindListener(1191)) - Jetty bound to port 45471
2019-10-01 14:15:50,144 [main] INFO  server.Server (Server.java:doStart(351)) - jetty-9.3.25.v20180904, build timestamp: 2018-09-04T21:11:46Z, git hash: 3ce520221d0240229c862b122d2b06c12a625732
2019-10-01 14:15:50,146 [main] INFO  handler.ContextHandler (ContextHandler.java:doStart(781)) - Started o.e.j.s.ServletContextHandler@75de6341{/logs,file:///workdir/hadoop-ozone/integration-test/target/log,AVAILABLE}
2019-10-01 14:15:50,147 [main] INFO  handler.ContextHandler (ContextHandler.java:doStart(781)) - Started o.e.j.s.ServletContextHandler@68f0f72c{/static,jar:file:/home/user/.m2/repository/org/apache/hadoop/hadoop-hdds-container-service/0.5.0-SNAPSHOT/hadoop-hdds-container-service-0.5.0-SNAPSHOT.jar!/webapps/static,AVAILABLE}
2019-10-01 14:15:50,175 [main] INFO  handler.ContextHandler (ContextHandler.java:doStart(781)) - Started o.e.j.w.WebAppContext@2dc3271b{/,file:///tmp/jetty-0.0.0.0-45471-hddsDatanode-_-any-5844097540730672744.dir/webapp/,AVAILABLE}{/hddsDatanode}
2019-10-01 14:15:50,175 [main] INFO  server.AbstractConnector (AbstractConnector.java:doStart(278)) - Started ServerConnector@254f906e{HTTP/1.1,[http/1.1]}{0.0.0.0:45471}
2019-10-01 14:15:50,176 [main] INFO  server.Server (Server.java:doStart(419)) - Started @5550ms
2019-10-01 14:15:50,176 [main] WARN  impl.MetricsSystemImpl (MetricsSystemImpl.java:register(276)) - Sink prometheus already exists!
2019-10-01 14:15:50,177 [main] INFO  server.BaseHttpServer (BaseHttpServer.java:updateConnectorAddress(215)) - HTTP server of HDDSDATANODE is listening at http://0.0.0.0:45471
2019-10-01 14:15:50,178 [main] INFO  impl.MetricsSystemImpl (MetricsSystemImpl.java:init(158)) - HddsDatanode metrics system started (again)
2019-10-01 14:15:50,189 [org.apache.hadoop.util.JvmPauseMonitor$Monitor@f56aa27] INFO  util.JvmPauseMonitor (JvmPauseMonitor.java:run(188)) - Starting JVM pause monitor
2019-10-01 14:15:50,191 [main] INFO  ozone.HddsDatanodeService (HddsDatanodeService.java:start(184)) - HddsDatanodeService host:pr-trunk-878pl-325597374 ip:192.168.151.103
2019-10-01 14:15:50,193 [Datanode State Machine Thread - 0] INFO  datanode.InitDatanodeState (InitDatanodeState.java:persistContainerDatanodeDetails(140)) - DatanodeDetails is persisted to /workdir/hadoop-ozone/integration-test/target/test-dir/MiniOzoneClusterImpl-0c299cea-4044-47dd-bdd4-f5c3153bf6dc/datanode-5/meta/datanode.id
2019-10-01 14:15:50,200 [main] INFO  volume.HddsVolume (HddsVolume.java:<init>(176)) - Creating Volume: /workdir/hadoop-ozone/integration-test/target/test-dir/MiniOzoneClusterImpl-0c299cea-4044-47dd-bdd4-f5c3153bf6dc/datanode-6/data/containers/hdds of  storage type : DISK and capacity : 1482555576320
2019-10-01 14:15:50,200 [main] INFO  volume.VolumeSet (VolumeSet.java:initializeVolumeSet(170)) - Added Volume : /workdir/hadoop-ozone/integration-test/target/test-dir/MiniOzoneClusterImpl-0c299cea-4044-47dd-bdd4-f5c3153bf6dc/datanode-6/data/containers/hdds to VolumeSet
2019-10-01 14:15:50,201 [main] INFO  volume.ThrottledAsyncChecker (ThrottledAsyncChecker.java:schedule(139)) - Scheduling a check for org.apache.hadoop.ozone.container.common.volume.HddsVolume@29149030
2019-10-01 14:15:50,201 [main] INFO  volume.HddsVolumeChecker (HddsVolumeChecker.java:checkAllVolumes(202)) - Scheduled health check for volume org.apache.hadoop.ozone.container.common.volume.HddsVolume@29149030
2019-10-01 14:15:50,224 [main] INFO  impl.RaftServerProxy (ConfUtils.java:logGet(43)) - raft.rpc.type = GRPC (default)
2019-10-01 14:15:50,224 [main] INFO  grpc.GrpcFactory (GrpcFactory.java:checkPooledByteBufAllocatorUseCacheForAllThreads(45)) - PERFORMANCE WARNING: useCacheForAllThreads is true that may cause Netty to create a lot garbage objects and, as a result, trigger GC.
	It is recommended to disable useCacheForAllThreads by setting -Dorg.apache.ratis.thirdparty.io.netty.allocator.useCacheForAllThreads=false in command line.
2019-10-01 14:15:50,224 [main] INFO  grpc.GrpcConfigKeys$Server (ConfUtils.java:logGet(43)) - raft.grpc.server.port = 0 (default)
2019-10-01 14:15:50,225 [main] INFO  server.GrpcService (ConfUtils.java:logGet(43)) - raft.grpc.message.size.max = 33570816 (custom)
2019-10-01 14:15:50,225 [main] INFO  server.RaftServerConfigKeys (ConfUtils.java:logGet(43)) - raft.server.log.appender.buffer.byte-limit = 33554432 (custom)
2019-10-01 14:15:50,225 [main] INFO  server.GrpcService (ConfUtils.java:logGet(43)) - raft.grpc.flow.control.window = 1MB (=1048576) (default)
2019-10-01 14:15:50,226 [main] INFO  server.RaftServerConfigKeys (ConfUtils.java:logGet(43)) - raft.server.rpc.request.timeout = 3000ms (default)
2019-10-01 14:15:50,227 [main] INFO  server.RaftServerConfigKeys (ConfUtils.java:logGet(43)) - raft.server.storage.dir = [/workdir/hadoop-ozone/integration-test/target/test-dir/MiniOzoneClusterImpl-0c299cea-4044-47dd-bdd4-f5c3153bf6dc/datanode-6/data/ratis] (custom)
2019-10-01 14:15:50,229 [main] INFO  hdfs.DFSUtil (DFSUtil.java:httpServerTemplateForNNAndJN(1641)) - Starting Web-server for hddsDatanode at: http://0.0.0.0:0
2019-10-01 14:15:50,230 [main] INFO  server.AuthenticationFilter (AuthenticationFilter.java:constructSecretProvider(240)) - Unable to initialize FileSignerSecretProvider, falling back to use random secrets.
2019-10-01 14:15:50,231 [main] WARN  http.HttpRequestLog (HttpRequestLog.java:getRequestLog(97)) - Jetty request log can only be enabled using Log4j
2019-10-01 14:15:50,233 [main] INFO  http.HttpServer2 (HttpServer2.java:addGlobalFilter(975)) - Added global filter 'safety' (class=org.apache.hadoop.http.HttpServer2$QuotingInputFilter)
2019-10-01 14:15:50,234 [main] INFO  http.HttpServer2 (HttpServer2.java:addFilter(948)) - Added filter static_user_filter (class=org.apache.hadoop.http.lib.StaticUserWebFilter$StaticUserFilter) to context hddsDatanode
2019-10-01 14:15:50,234 [main] INFO  http.HttpServer2 (HttpServer2.java:addFilter(958)) - Added filter static_user_filter (class=org.apache.hadoop.http.lib.StaticUserWebFilter$StaticUserFilter) to context static
2019-10-01 14:15:50,235 [main] INFO  http.HttpServer2 (HttpServer2.java:addFilter(958)) - Added filter static_user_filter (class=org.apache.hadoop.http.lib.StaticUserWebFilter$StaticUserFilter) to context logs
2019-10-01 14:15:50,236 [main] INFO  http.HttpServer2 (HttpServer2.java:bindListener(1191)) - Jetty bound to port 39650
2019-10-01 14:15:50,236 [main] INFO  server.Server (Server.java:doStart(351)) - jetty-9.3.25.v20180904, build timestamp: 2018-09-04T21:11:46Z, git hash: 3ce520221d0240229c862b122d2b06c12a625732
2019-10-01 14:15:50,238 [main] INFO  handler.ContextHandler (ContextHandler.java:doStart(781)) - Started o.e.j.s.ServletContextHandler@753aca85{/logs,file:///workdir/hadoop-ozone/integration-test/target/log,AVAILABLE}
2019-10-01 14:15:50,239 [main] INFO  handler.ContextHandler (ContextHandler.java:doStart(781)) - Started o.e.j.s.ServletContextHandler@574a89e2{/static,jar:file:/home/user/.m2/repository/org/apache/hadoop/hadoop-hdds-container-service/0.5.0-SNAPSHOT/hadoop-hdds-container-service-0.5.0-SNAPSHOT.jar!/webapps/static,AVAILABLE}
2019-10-01 14:15:50,279 [main] INFO  handler.ContextHandler (ContextHandler.java:doStart(781)) - Started o.e.j.w.WebAppContext@984169e{/,file:///tmp/jetty-0.0.0.0-39650-hddsDatanode-_-any-2239141280860361513.dir/webapp/,AVAILABLE}{/hddsDatanode}
2019-10-01 14:15:50,279 [main] INFO  server.AbstractConnector (AbstractConnector.java:doStart(278)) - Started ServerConnector@43f1bb92{HTTP/1.1,[http/1.1]}{0.0.0.0:39650}
2019-10-01 14:15:50,280 [main] INFO  server.Server (Server.java:doStart(419)) - Started @5654ms
2019-10-01 14:15:50,280 [main] WARN  impl.MetricsSystemImpl (MetricsSystemImpl.java:register(276)) - Sink prometheus already exists!
2019-10-01 14:15:50,281 [main] INFO  server.BaseHttpServer (BaseHttpServer.java:updateConnectorAddress(215)) - HTTP server of HDDSDATANODE is listening at http://0.0.0.0:39650
2019-10-01 14:15:50,284 [main] INFO  ozone.MiniOzoneClusterImpl (MiniOzoneClusterImpl.java:lambda$waitForClusterToBeReady$0(147)) - Waiting for cluster to be ready. Got 0 of 7 DN Heartbeats.
2019-10-01 14:15:50,285 [org.apache.hadoop.util.JvmPauseMonitor$Monitor@4e248341] INFO  util.JvmPauseMonitor (JvmPauseMonitor.java:run(188)) - Starting JVM pause monitor
2019-10-01 14:15:50,288 [Datanode State Machine Thread - 0] INFO  datanode.InitDatanodeState (InitDatanodeState.java:persistContainerDatanodeDetails(140)) - DatanodeDetails is persisted to /workdir/hadoop-ozone/integration-test/target/test-dir/MiniOzoneClusterImpl-0c299cea-4044-47dd-bdd4-f5c3153bf6dc/datanode-6/meta/datanode.id
2019-10-01 14:15:51,284 [main] INFO  ozone.MiniOzoneClusterImpl (MiniOzoneClusterImpl.java:lambda$waitForClusterToBeReady$0(147)) - Waiting for cluster to be ready. Got 0 of 7 DN Heartbeats.
2019-10-01 14:15:51,843 [Datanode State Machine Thread - 0] INFO  ozoneimpl.OzoneContainer (OzoneContainer.java:start(217)) - Attempting to start container services.
2019-10-01 14:15:51,847 [Datanode State Machine Thread - 0] INFO  ozoneimpl.OzoneContainer (OzoneContainer.java:startContainerScrub(179)) - Background container scanner has been disabled.
2019-10-01 14:15:51,847 [Datanode State Machine Thread - 0] INFO  ratis.XceiverServerRatis (XceiverServerRatis.java:start(411)) - Starting XceiverServerRatis 6ed75269-c7ff-4c56-90b4-a9f3149a0f61 at port 0
2019-10-01 14:15:51,880 [Datanode State Machine Thread - 0] INFO  impl.RaftServerProxy (RaftServerProxy.java:lambda$start$3(299)) - 6ed75269-c7ff-4c56-90b4-a9f3149a0f61: start RPC server
2019-10-01 14:15:51,901 [Datanode State Machine Thread - 0] INFO  ozoneimpl.OzoneContainer (OzoneContainer.java:start(217)) - Attempting to start container services.
2019-10-01 14:15:51,908 [Datanode State Machine Thread - 0] INFO  ozoneimpl.OzoneContainer (OzoneContainer.java:startContainerScrub(179)) - Background container scanner has been disabled.
2019-10-01 14:15:51,909 [Datanode State Machine Thread - 0] INFO  ratis.XceiverServerRatis (XceiverServerRatis.java:start(411)) - Starting XceiverServerRatis 65c19552-f16c-4986-8bf5-e40a8bae68e8 at port 0
2019-10-01 14:15:51,922 [Datanode State Machine Thread - 0] INFO  impl.RaftServerProxy (RaftServerProxy.java:lambda$start$3(299)) - 65c19552-f16c-4986-8bf5-e40a8bae68e8: start RPC server
2019-10-01 14:15:51,986 [Datanode State Machine Thread - 0] INFO  ozoneimpl.OzoneContainer (OzoneContainer.java:start(217)) - Attempting to start container services.
2019-10-01 14:15:51,991 [Datanode State Machine Thread - 0] INFO  ozoneimpl.OzoneContainer (OzoneContainer.java:startContainerScrub(179)) - Background container scanner has been disabled.
2019-10-01 14:15:51,991 [Datanode State Machine Thread - 0] INFO  ratis.XceiverServerRatis (XceiverServerRatis.java:start(411)) - Starting XceiverServerRatis b5420178-9b9a-48fb-beed-521737d432b7 at port 0
2019-10-01 14:15:52,002 [Datanode State Machine Thread - 0] INFO  impl.RaftServerProxy (RaftServerProxy.java:lambda$start$3(299)) - b5420178-9b9a-48fb-beed-521737d432b7: start RPC server
2019-10-01 14:15:52,059 [Datanode State Machine Thread - 0] INFO  ozoneimpl.OzoneContainer (OzoneContainer.java:start(217)) - Attempting to start container services.
2019-10-01 14:15:52,059 [Datanode State Machine Thread - 0] INFO  ozoneimpl.OzoneContainer (OzoneContainer.java:startContainerScrub(179)) - Background container scanner has been disabled.
2019-10-01 14:15:52,060 [Datanode State Machine Thread - 0] INFO  ratis.XceiverServerRatis (XceiverServerRatis.java:start(411)) - Starting XceiverServerRatis e052c69a-a915-4972-b3db-0764541643ec at port 0
2019-10-01 14:15:52,062 [Datanode State Machine Thread - 0] INFO  server.GrpcService (GrpcService.java:startImpl(158)) - b5420178-9b9a-48fb-beed-521737d432b7: GrpcService started, listening on 0.0.0.0/0.0.0.0:39141
2019-10-01 14:15:52,062 [Datanode State Machine Thread - 0] INFO  server.GrpcService (GrpcService.java:startImpl(158)) - 6ed75269-c7ff-4c56-90b4-a9f3149a0f61: GrpcService started, listening on 0.0.0.0/0.0.0.0:38366
2019-10-01 14:15:52,062 [Datanode State Machine Thread - 0] INFO  server.GrpcService (GrpcService.java:startImpl(158)) - 65c19552-f16c-4986-8bf5-e40a8bae68e8: GrpcService started, listening on 0.0.0.0/0.0.0.0:45524
2019-10-01 14:15:52,064 [Datanode State Machine Thread - 0] INFO  ratis.XceiverServerRatis (XceiverServerRatis.java:start(421)) - XceiverServerRatis 6ed75269-c7ff-4c56-90b4-a9f3149a0f61 is started using port 38366
2019-10-01 14:15:52,063 [Datanode State Machine Thread - 0] INFO  ratis.XceiverServerRatis (XceiverServerRatis.java:start(421)) - XceiverServerRatis b5420178-9b9a-48fb-beed-521737d432b7 is started using port 39141
2019-10-01 14:15:52,064 [Datanode State Machine Thread - 0] INFO  ratis.XceiverServerRatis (XceiverServerRatis.java:start(421)) - XceiverServerRatis 65c19552-f16c-4986-8bf5-e40a8bae68e8 is started using port 45524
2019-10-01 14:15:52,073 [Datanode State Machine Thread - 0] INFO  server.XceiverServerGrpc (XceiverServerGrpc.java:start(149)) - XceiverServerGrpc 6ed75269-c7ff-4c56-90b4-a9f3149a0f61 is started using port 34108
2019-10-01 14:15:52,073 [Datanode State Machine Thread - 0] INFO  server.XceiverServerGrpc (XceiverServerGrpc.java:start(149)) - XceiverServerGrpc 65c19552-f16c-4986-8bf5-e40a8bae68e8 is started using port 43150
2019-10-01 14:15:52,073 [Datanode State Machine Thread - 0] INFO  server.XceiverServerGrpc (XceiverServerGrpc.java:start(149)) - XceiverServerGrpc b5420178-9b9a-48fb-beed-521737d432b7 is started using port 46099
2019-10-01 14:15:52,077 [Datanode State Machine Thread - 0] INFO  impl.RaftServerProxy (RaftServerProxy.java:lambda$start$3(299)) - e052c69a-a915-4972-b3db-0764541643ec: start RPC server
2019-10-01 14:15:52,080 [Datanode State Machine Thread - 0] INFO  server.GrpcService (GrpcService.java:startImpl(158)) - e052c69a-a915-4972-b3db-0764541643ec: GrpcService started, listening on 0.0.0.0/0.0.0.0:43920
2019-10-01 14:15:52,080 [Datanode State Machine Thread - 0] INFO  ratis.XceiverServerRatis (XceiverServerRatis.java:start(421)) - XceiverServerRatis e052c69a-a915-4972-b3db-0764541643ec is started using port 43920
2019-10-01 14:15:52,082 [Datanode State Machine Thread - 0] INFO  server.XceiverServerGrpc (XceiverServerGrpc.java:start(149)) - XceiverServerGrpc e052c69a-a915-4972-b3db-0764541643ec is started using port 45314
2019-10-01 14:15:52,133 [Datanode State Machine Thread - 0] INFO  ozoneimpl.OzoneContainer (OzoneContainer.java:start(217)) - Attempting to start container services.
2019-10-01 14:15:52,133 [Datanode State Machine Thread - 0] INFO  ozoneimpl.OzoneContainer (OzoneContainer.java:startContainerScrub(179)) - Background container scanner has been disabled.
2019-10-01 14:15:52,133 [Datanode State Machine Thread - 0] INFO  ratis.XceiverServerRatis (XceiverServerRatis.java:start(411)) - Starting XceiverServerRatis 804e63cd-c050-4a97-8e09-72401e6f6fea at port 0
2019-10-01 14:15:52,144 [Datanode State Machine Thread - 0] INFO  impl.RaftServerProxy (RaftServerProxy.java:lambda$start$3(299)) - 804e63cd-c050-4a97-8e09-72401e6f6fea: start RPC server
2019-10-01 14:15:52,149 [Datanode State Machine Thread - 0] INFO  server.GrpcService (GrpcService.java:startImpl(158)) - 804e63cd-c050-4a97-8e09-72401e6f6fea: GrpcService started, listening on 0.0.0.0/0.0.0.0:35361
2019-10-01 14:15:52,149 [Datanode State Machine Thread - 0] INFO  ratis.XceiverServerRatis (XceiverServerRatis.java:start(421)) - XceiverServerRatis 804e63cd-c050-4a97-8e09-72401e6f6fea is started using port 35361
2019-10-01 14:15:52,153 [Datanode State Machine Thread - 0] INFO  server.XceiverServerGrpc (XceiverServerGrpc.java:start(149)) - XceiverServerGrpc 804e63cd-c050-4a97-8e09-72401e6f6fea is started using port 39142
2019-10-01 14:15:52,205 [Datanode State Machine Thread - 0] INFO  ozoneimpl.OzoneContainer (OzoneContainer.java:start(217)) - Attempting to start container services.
2019-10-01 14:15:52,206 [Datanode State Machine Thread - 0] INFO  ozoneimpl.OzoneContainer (OzoneContainer.java:startContainerScrub(179)) - Background container scanner has been disabled.
2019-10-01 14:15:52,206 [Datanode State Machine Thread - 0] INFO  ratis.XceiverServerRatis (XceiverServerRatis.java:start(411)) - Starting XceiverServerRatis 67738115-7cb7-4102-ab79-b8d90a321e49 at port 0
2019-10-01 14:15:52,216 [Datanode State Machine Thread - 0] INFO  impl.RaftServerProxy (RaftServerProxy.java:lambda$start$3(299)) - 67738115-7cb7-4102-ab79-b8d90a321e49: start RPC server
2019-10-01 14:15:52,220 [Datanode State Machine Thread - 0] INFO  server.GrpcService (GrpcService.java:startImpl(158)) - 67738115-7cb7-4102-ab79-b8d90a321e49: GrpcService started, listening on 0.0.0.0/0.0.0.0:45628
2019-10-01 14:15:52,220 [Datanode State Machine Thread - 0] INFO  ratis.XceiverServerRatis (XceiverServerRatis.java:start(421)) - XceiverServerRatis 67738115-7cb7-4102-ab79-b8d90a321e49 is started using port 45628
2019-10-01 14:15:52,224 [Datanode State Machine Thread - 0] INFO  server.XceiverServerGrpc (XceiverServerGrpc.java:start(149)) - XceiverServerGrpc 67738115-7cb7-4102-ab79-b8d90a321e49 is started using port 34221
2019-10-01 14:15:52,287 [main] INFO  ozone.MiniOzoneClusterImpl (MiniOzoneClusterImpl.java:lambda$waitForClusterToBeReady$0(147)) - Waiting for cluster to be ready. Got 0 of 7 DN Heartbeats.
2019-10-01 14:15:52,303 [Datanode State Machine Thread - 0] INFO  ozoneimpl.OzoneContainer (OzoneContainer.java:start(217)) - Attempting to start container services.
2019-10-01 14:15:52,304 [Datanode State Machine Thread - 0] INFO  ozoneimpl.OzoneContainer (OzoneContainer.java:startContainerScrub(179)) - Background container scanner has been disabled.
2019-10-01 14:15:52,304 [Datanode State Machine Thread - 0] INFO  ratis.XceiverServerRatis (XceiverServerRatis.java:start(411)) - Starting XceiverServerRatis 466aa3db-ea72-4dcd-95a1-963c4eca687f at port 0
2019-10-01 14:15:52,315 [Datanode State Machine Thread - 0] INFO  impl.RaftServerProxy (RaftServerProxy.java:lambda$start$3(299)) - 466aa3db-ea72-4dcd-95a1-963c4eca687f: start RPC server
2019-10-01 14:15:52,319 [Datanode State Machine Thread - 0] INFO  server.GrpcService (GrpcService.java:startImpl(158)) - 466aa3db-ea72-4dcd-95a1-963c4eca687f: GrpcService started, listening on 0.0.0.0/0.0.0.0:43159
2019-10-01 14:15:52,320 [Datanode State Machine Thread - 0] INFO  ratis.XceiverServerRatis (XceiverServerRatis.java:start(421)) - XceiverServerRatis 466aa3db-ea72-4dcd-95a1-963c4eca687f is started using port 43159
2019-10-01 14:15:52,324 [Datanode State Machine Thread - 0] INFO  server.XceiverServerGrpc (XceiverServerGrpc.java:start(149)) - XceiverServerGrpc 466aa3db-ea72-4dcd-95a1-963c4eca687f is started using port 39778
2019-10-01 14:15:53,287 [main] INFO  ozone.MiniOzoneClusterImpl (MiniOzoneClusterImpl.java:lambda$waitForClusterToBeReady$0(147)) - Waiting for cluster to be ready. Got 0 of 7 DN Heartbeats.
2019-10-01 14:15:53,817 [IPC Server handler 0 on 37842] INFO  net.NetworkTopology (NetworkTopologyImpl.java:add(111)) - Added a new node: /default-rack/6ed75269-c7ff-4c56-90b4-a9f3149a0f61
2019-10-01 14:15:53,820 [IPC Server handler 0 on 37842] INFO  node.SCMNodeManager (SCMNodeManager.java:register(266)) - Registered Data node : 6ed75269-c7ff-4c56-90b4-a9f3149a0f61{ip: 192.168.151.103, host: pr-trunk-878pl-325597374, networkLocation: /default-rack, certSerialId: null}
2019-10-01 14:15:53,824 [EventQueue-NodeRegistrationContainerReportForDataNodeSafeModeRule] INFO  safemode.SCMSafeModeManager (DataNodeSafeModeRule.java:process(71)) - SCM in safe mode. 1 DataNodes registered, 1 required.
2019-10-01 14:15:53,825 [EventQueue-NodeRegistrationContainerReportForDataNodeSafeModeRule] INFO  safemode.SCMSafeModeManager (SCMSafeModeManager.java:validateSafeModeExitRules(177)) - ScmSafeModeManager, all rules are successfully validated
2019-10-01 14:15:53,825 [EventQueue-NodeRegistrationContainerReportForDataNodeSafeModeRule] INFO  safemode.SCMSafeModeManager (SCMSafeModeManager.java:exitSafeMode(193)) - SCM exiting safe mode.
2019-10-01 14:15:53,888 [IPC Server handler 2 on 37842] INFO  net.NetworkTopology (NetworkTopologyImpl.java:add(111)) - Added a new node: /default-rack/65c19552-f16c-4986-8bf5-e40a8bae68e8
2019-10-01 14:15:53,888 [IPC Server handler 2 on 37842] INFO  node.SCMNodeManager (SCMNodeManager.java:register(266)) - Registered Data node : 65c19552-f16c-4986-8bf5-e40a8bae68e8{ip: 192.168.151.103, host: pr-trunk-878pl-325597374, networkLocation: /default-rack, certSerialId: null}
2019-10-01 14:15:53,975 [IPC Server handler 3 on 37842] INFO  net.NetworkTopology (NetworkTopologyImpl.java:add(111)) - Added a new node: /default-rack/b5420178-9b9a-48fb-beed-521737d432b7
2019-10-01 14:15:53,976 [IPC Server handler 3 on 37842] INFO  node.SCMNodeManager (SCMNodeManager.java:register(266)) - Registered Data node : b5420178-9b9a-48fb-beed-521737d432b7{ip: 192.168.151.103, host: pr-trunk-878pl-325597374, networkLocation: /default-rack, certSerialId: null}
2019-10-01 14:15:54,048 [IPC Server handler 4 on 37842] INFO  net.NetworkTopology (NetworkTopologyImpl.java:add(111)) - Added a new node: /default-rack/e052c69a-a915-4972-b3db-0764541643ec
2019-10-01 14:15:54,049 [IPC Server handler 4 on 37842] INFO  node.SCMNodeManager (SCMNodeManager.java:register(266)) - Registered Data node : e052c69a-a915-4972-b3db-0764541643ec{ip: 192.168.151.103, host: pr-trunk-878pl-325597374, networkLocation: /default-rack, certSerialId: null}
2019-10-01 14:15:54,134 [IPC Server handler 5 on 37842] INFO  net.NetworkTopology (NetworkTopologyImpl.java:add(111)) - Added a new node: /default-rack/804e63cd-c050-4a97-8e09-72401e6f6fea
2019-10-01 14:15:54,134 [IPC Server handler 5 on 37842] INFO  node.SCMNodeManager (SCMNodeManager.java:register(266)) - Registered Data node : 804e63cd-c050-4a97-8e09-72401e6f6fea{ip: 192.168.151.103, host: pr-trunk-878pl-325597374, networkLocation: /default-rack, certSerialId: null}
2019-10-01 14:15:54,195 [IPC Server handler 6 on 37842] INFO  net.NetworkTopology (NetworkTopologyImpl.java:add(111)) - Added a new node: /default-rack/67738115-7cb7-4102-ab79-b8d90a321e49
2019-10-01 14:15:54,195 [IPC Server handler 6 on 37842] INFO  node.SCMNodeManager (SCMNodeManager.java:register(266)) - Registered Data node : 67738115-7cb7-4102-ab79-b8d90a321e49{ip: 192.168.151.103, host: pr-trunk-878pl-325597374, networkLocation: /default-rack, certSerialId: null}
2019-10-01 14:15:54,288 [IPC Server handler 9 on 37842] INFO  net.NetworkTopology (NetworkTopologyImpl.java:add(111)) - Added a new node: /default-rack/466aa3db-ea72-4dcd-95a1-963c4eca687f
2019-10-01 14:15:54,288 [main] INFO  ozone.MiniOzoneClusterImpl (MiniOzoneClusterImpl.java:lambda$waitForClusterToBeReady$0(147)) - Cluster is ready. Got 7 of 7 DN Heartbeats.
2019-10-01 14:15:54,288 [IPC Server handler 9 on 37842] INFO  node.SCMNodeManager (SCMNodeManager.java:register(266)) - Registered Data node : 466aa3db-ea72-4dcd-95a1-963c4eca687f{ip: 192.168.151.103, host: pr-trunk-878pl-325597374, networkLocation: /default-rack, certSerialId: null}
2019-10-01 14:15:54,420 [grpc-default-executor-0] INFO  impl.RaftServerProxy (RaftServerProxy.java:addNew(89)) - 6ed75269-c7ff-4c56-90b4-a9f3149a0f61: addNew group-C30502ECF8E1:[6ed75269-c7ff-4c56-90b4-a9f3149a0f61:192.168.151.103:38366] returns group-C30502ECF8E1:java.util.concurrent.CompletableFuture@6e12c750[Not completed]
2019-10-01 14:15:54,448 [pool-27-thread-1] INFO  impl.RaftServerImpl (RaftServerImpl.java:<init>(95)) - 6ed75269-c7ff-4c56-90b4-a9f3149a0f61: new RaftServerImpl for group-C30502ECF8E1:[6ed75269-c7ff-4c56-90b4-a9f3149a0f61:192.168.151.103:38366] with ContainerStateMachine:uninitialized
2019-10-01 14:15:54,450 [pool-27-thread-1] INFO  server.RaftServerConfigKeys (ConfUtils.java:logGet(43)) - raft.server.rpc.timeout.min = 5s (custom)
2019-10-01 14:15:54,452 [pool-27-thread-1] INFO  server.RaftServerConfigKeys (ConfUtils.java:logGet(43)) - raft.server.rpc.timeout.max = 5200ms (custom)
2019-10-01 14:15:54,452 [pool-27-thread-1] INFO  server.RaftServerConfigKeys (ConfUtils.java:logGet(43)) - raft.server.rpcslowness.timeout = 120s (custom)
2019-10-01 14:15:54,453 [pool-27-thread-1] INFO  server.RaftServerConfigKeys (ConfUtils.java:logGet(43)) - raft.server.sleep.deviation.threshold = 300 (default)
2019-10-01 14:15:54,454 [pool-27-thread-1] INFO  server.RaftServerConfigKeys (ConfUtils.java:logGet(43)) - raft.server.log.appender.install.snapshot.enabled = false (custom)
2019-10-01 14:15:54,465 [pool-27-thread-1] INFO  impl.RaftServerImpl (ServerState.java:<init>(103)) - 6ed75269-c7ff-4c56-90b4-a9f3149a0f61@group-C30502ECF8E1: ConfigurationManager, init=-1: [6ed75269-c7ff-4c56-90b4-a9f3149a0f61:192.168.151.103:38366], old=null, confs=<EMPTY_MAP>
2019-10-01 14:15:54,466 [pool-27-thread-1] INFO  server.RaftServerConfigKeys (ConfUtils.java:logGet(43)) - raft.server.storage.dir = [/workdir/hadoop-ozone/integration-test/target/test-dir/MiniOzoneClusterImpl-0c299cea-4044-47dd-bdd4-f5c3153bf6dc/datanode-0/data/ratis] (custom)
2019-10-01 14:15:54,475 [pool-27-thread-1] INFO  storage.RaftStorageDirectory (RaftStorageDirectory.java:analyzeStorage(246)) - The storage directory /workdir/hadoop-ozone/integration-test/target/test-dir/MiniOzoneClusterImpl-0c299cea-4044-47dd-bdd4-f5c3153bf6dc/datanode-0/data/ratis/c879c426-647b-43e5-9d0f-c30502ecf8e1 does not exist. Creating ...
2019-10-01 14:15:54,492 [pool-27-thread-1] INFO  storage.RaftStorageDirectory (RaftStorageDirectory.java:tryLock(328)) - Lock on /workdir/hadoop-ozone/integration-test/target/test-dir/MiniOzoneClusterImpl-0c299cea-4044-47dd-bdd4-f5c3153bf6dc/datanode-0/data/ratis/c879c426-647b-43e5-9d0f-c30502ecf8e1/in_use.lock acquired by nodename 28339@pr-trunk-878pl-325597374
2019-10-01 14:15:54,508 [pool-27-thread-1] INFO  storage.RaftStorage (RaftStorage.java:format(72)) - Storage directory /workdir/hadoop-ozone/integration-test/target/test-dir/MiniOzoneClusterImpl-0c299cea-4044-47dd-bdd4-f5c3153bf6dc/datanode-0/data/ratis/c879c426-647b-43e5-9d0f-c30502ecf8e1 has been successfully formatted.
2019-10-01 14:15:54,510 [pool-27-thread-1] INFO  ratis.ContainerStateMachine (ContainerStateMachine.java:loadSnapshot(231)) - group-C30502ECF8E1: The snapshot info is null. Setting the last applied indexto:(t:0, i:~)
2019-10-01 14:15:54,510 [pool-27-thread-1] INFO  server.RaftServerConfigKeys (ConfUtils.java:logGet(43)) - raft.server.notification.no-leader.timeout = 120s (custom)
2019-10-01 14:15:54,513 [pool-27-thread-1] INFO  server.RaftServerConfigKeys (ConfUtils.java:logGet(43)) - raft.server.log.use.memory = false (default)
2019-10-01 14:15:54,519 [pool-27-thread-1] INFO  server.RaftServerConfigKeys (ConfUtils.java:logGet(43)) - raft.server.log.purge.gap = 1000000 (custom)
2019-10-01 14:15:54,519 [pool-27-thread-1] INFO  server.RaftServerConfigKeys (ConfUtils.java:logGet(43)) - raft.server.log.appender.buffer.byte-limit = 33554432 (custom)
2019-10-01 14:15:54,522 [pool-27-thread-1] INFO  server.RaftServerConfigKeys (ConfUtils.java:logGet(43)) - raft.server.log.segment.size.max = 1048576 (custom)
2019-10-01 14:15:54,527 [pool-27-thread-1] INFO  server.RaftServerConfigKeys (ConfUtils.java:logGet(43)) - raft.server.log.segment.cache.num.max = 2 (custom)
2019-10-01 14:15:54,539 [pool-27-thread-1] INFO  segmented.SegmentedRaftLogWorker (SegmentedRaftLogWorker.java:<init>(172)) - new 6ed75269-c7ff-4c56-90b4-a9f3149a0f61@group-C30502ECF8E1-SegmentedRaftLogWorker for RaftStorage:Storage Directory /workdir/hadoop-ozone/integration-test/target/test-dir/MiniOzoneClusterImpl-0c299cea-4044-47dd-bdd4-f5c3153bf6dc/datanode-0/data/ratis/c879c426-647b-43e5-9d0f-c30502ecf8e1
2019-10-01 14:15:54,541 [pool-27-thread-1] INFO  impl.MetricsSystemImpl (MetricsSystemImpl.java:init(158)) - ratis metrics system started (again)
2019-10-01 14:15:54,547 [pool-27-thread-1] INFO  metrics.MetricRegistries (MetricRegistriesLoader.java:load(64)) - Loaded MetricRegistries class org.apache.ratis.metrics.impl.MetricRegistriesImpl
2019-10-01 14:15:54,576 [pool-27-thread-1] INFO  server.RaftServerConfigKeys (ConfUtils.java:logGet(43)) - raft.server.log.queue.byte-limit = 2147483647 (custom)
2019-10-01 14:15:54,576 [pool-27-thread-1] INFO  server.RaftServerConfigKeys (ConfUtils.java:logGet(43)) - raft.server.log.queue.element-limit = 1024 (custom)
2019-10-01 14:15:54,580 [pool-27-thread-1] INFO  server.RaftServerConfigKeys (ConfUtils.java:logGet(43)) - raft.server.log.segment.size.max = 1048576 (custom)
2019-10-01 14:15:54,580 [pool-27-thread-1] INFO  server.RaftServerConfigKeys (ConfUtils.java:logGet(43)) - raft.server.log.preallocated.size = 16384 (custom)
2019-10-01 14:15:54,580 [pool-27-thread-1] INFO  server.RaftServerConfigKeys (ConfUtils.java:logGet(43)) - raft.server.log.write.buffer.size = 33554432 (custom)
2019-10-01 14:15:54,581 [pool-27-thread-1] INFO  server.RaftServerConfigKeys (ConfUtils.java:logGet(43)) - raft.server.log.force.sync.num = 128 (default)
2019-10-01 14:15:54,582 [pool-27-thread-1] INFO  server.RaftServerConfigKeys (ConfUtils.java:logGet(43)) - raft.server.log.statemachine.data.sync = true (default)
2019-10-01 14:15:54,582 [pool-27-thread-1] INFO  server.RaftServerConfigKeys (ConfUtils.java:logGet(43)) - raft.server.log.statemachine.data.sync.timeout = 10s (default)
2019-10-01 14:15:54,582 [pool-27-thread-1] INFO  server.RaftServerConfigKeys (ConfUtils.java:logGet(43)) - raft.server.log.statemachine.data.sync.timeout.retry = -1 (default)
2019-10-01 14:15:54,591 [pool-27-thread-1] INFO  server.RaftServerConfigKeys (ConfUtils.java:logGet(43)) - raft.server.log.statemachine.data.caching.enabled = true (custom)
2019-10-01 14:15:54,595 [pool-27-thread-1] INFO  segmented.SegmentedRaftLogWorker (SegmentedRaftLogWorker.java:lambda$new$0(132)) - 6ed75269-c7ff-4c56-90b4-a9f3149a0f61@group-C30502ECF8E1-SegmentedRaftLogWorker: flushIndex: setUnconditionally 0 -> -1
2019-10-01 14:15:54,600 [pool-27-thread-1] INFO  server.RaftServerConfigKeys (ConfUtils.java:logGet(43)) - raft.server.snapshot.auto.trigger.enabled = true (custom)
2019-10-01 14:15:54,601 [pool-27-thread-1] INFO  server.RaftServerConfigKeys (ConfUtils.java:logGet(43)) - raft.server.snapshot.auto.trigger.threshold = 10000 (custom)
2019-10-01 14:15:54,601 [pool-27-thread-1] INFO  server.RaftServerConfigKeys (ConfUtils.java:logGet(43)) - raft.server.snapshot.retention.num.files = 5 (custom)
2019-10-01 14:15:54,601 [pool-27-thread-1] INFO  server.RaftServerConfigKeys (ConfUtils.java:logGet(43)) - raft.server.retrycache.expirytime = 600000ms (custom)
2019-10-01 14:15:54,629 [pool-27-thread-1] INFO  impl.RaftServerImpl (RaftServerImpl.java:start(185)) - 6ed75269-c7ff-4c56-90b4-a9f3149a0f61@group-C30502ECF8E1: start as a follower, conf=-1: [6ed75269-c7ff-4c56-90b4-a9f3149a0f61:192.168.151.103:38366], old=null
2019-10-01 14:15:54,630 [pool-27-thread-1] INFO  impl.RaftServerImpl (RaftServerImpl.java:setRole(174)) - 6ed75269-c7ff-4c56-90b4-a9f3149a0f61@group-C30502ECF8E1: changes role from      null to FOLLOWER at term 0 for startAsFollower
2019-10-01 14:15:54,631 [pool-27-thread-1] INFO  impl.RoleInfo (RoleInfo.java:updateAndGet(143)) - 6ed75269-c7ff-4c56-90b4-a9f3149a0f61: start FollowerState
2019-10-01 14:15:54,633 [pool-27-thread-1] INFO  util.JmxRegister (JmxRegister.java:tryRegister(44)) - Successfully registered JMX Bean with object name Ratis:service=RaftServer,group=group-C30502ECF8E1,id=6ed75269-c7ff-4c56-90b4-a9f3149a0f61
2019-10-01 14:15:54,708 [RatisPipelineUtilsThread] INFO  pipeline.PipelineStateManager (PipelineStateManager.java:addPipeline(56)) - Created pipeline Pipeline[ Id: c879c426-647b-43e5-9d0f-c30502ecf8e1, Nodes: 6ed75269-c7ff-4c56-90b4-a9f3149a0f61{ip: 192.168.151.103, host: pr-trunk-878pl-325597374, networkLocation: /default-rack, certSerialId: null}, Type:RATIS, Factor:ONE, State:OPEN]
2019-10-01 14:15:54,741 [grpc-default-executor-0] INFO  impl.RaftServerProxy (RaftServerProxy.java:addNew(89)) - 65c19552-f16c-4986-8bf5-e40a8bae68e8: addNew group-02EB4A1634CE:[65c19552-f16c-4986-8bf5-e40a8bae68e8:192.168.151.103:45524] returns group-02EB4A1634CE:java.util.concurrent.CompletableFuture@729f0cbe[Not completed]
2019-10-01 14:15:54,798 [pool-37-thread-1] INFO  impl.RaftServerImpl (RaftServerImpl.java:<init>(95)) - 65c19552-f16c-4986-8bf5-e40a8bae68e8: new RaftServerImpl for group-02EB4A1634CE:[65c19552-f16c-4986-8bf5-e40a8bae68e8:192.168.151.103:45524] with ContainerStateMachine:uninitialized
2019-10-01 14:15:54,800 [pool-37-thread-1] INFO  server.RaftServerConfigKeys (ConfUtils.java:logGet(43)) - raft.server.rpc.timeout.min = 5s (custom)
2019-10-01 14:15:54,800 [pool-37-thread-1] INFO  server.RaftServerConfigKeys (ConfUtils.java:logGet(43)) - raft.server.rpc.timeout.max = 5200ms (custom)
2019-10-01 14:15:54,801 [pool-37-thread-1] INFO  server.RaftServerConfigKeys (ConfUtils.java:logGet(43)) - raft.server.rpcslowness.timeout = 120s (custom)
2019-10-01 14:15:54,801 [pool-37-thread-1] INFO  server.RaftServerConfigKeys (ConfUtils.java:logGet(43)) - raft.server.sleep.deviation.threshold = 300 (default)
2019-10-01 14:15:54,801 [pool-37-thread-1] INFO  server.RaftServerConfigKeys (ConfUtils.java:logGet(43)) - raft.server.log.appender.install.snapshot.enabled = false (custom)
2019-10-01 14:15:54,801 [pool-37-thread-1] INFO  impl.RaftServerImpl (ServerState.java:<init>(103)) - 65c19552-f16c-4986-8bf5-e40a8bae68e8@group-02EB4A1634CE: ConfigurationManager, init=-1: [65c19552-f16c-4986-8bf5-e40a8bae68e8:192.168.151.103:45524], old=null, confs=<EMPTY_MAP>
2019-10-01 14:15:54,802 [pool-37-thread-1] INFO  server.RaftServerConfigKeys (ConfUtils.java:logGet(43)) - raft.server.storage.dir = [/workdir/hadoop-ozone/integration-test/target/test-dir/MiniOzoneClusterImpl-0c299cea-4044-47dd-bdd4-f5c3153bf6dc/datanode-1/data/ratis] (custom)
2019-10-01 14:15:54,802 [pool-37-thread-1] INFO  storage.RaftStorageDirectory (RaftStorageDirectory.java:analyzeStorage(246)) - The storage directory /workdir/hadoop-ozone/integration-test/target/test-dir/MiniOzoneClusterImpl-0c299cea-4044-47dd-bdd4-f5c3153bf6dc/datanode-1/data/ratis/0feb3664-677a-48e3-ab6b-02eb4a1634ce does not exist. Creating ...
2019-10-01 14:15:54,818 [pool-37-thread-1] INFO  storage.RaftStorageDirectory (RaftStorageDirectory.java:tryLock(328)) - Lock on /workdir/hadoop-ozone/integration-test/target/test-dir/MiniOzoneClusterImpl-0c299cea-4044-47dd-bdd4-f5c3153bf6dc/datanode-1/data/ratis/0feb3664-677a-48e3-ab6b-02eb4a1634ce/in_use.lock acquired by nodename 28339@pr-trunk-878pl-325597374
2019-10-01 14:15:54,831 [pool-37-thread-1] INFO  storage.RaftStorage (RaftStorage.java:format(72)) - Storage directory /workdir/hadoop-ozone/integration-test/target/test-dir/MiniOzoneClusterImpl-0c299cea-4044-47dd-bdd4-f5c3153bf6dc/datanode-1/data/ratis/0feb3664-677a-48e3-ab6b-02eb4a1634ce has been successfully formatted.
2019-10-01 14:15:54,832 [pool-37-thread-1] INFO  ratis.ContainerStateMachine (ContainerStateMachine.java:loadSnapshot(231)) - group-02EB4A1634CE: The snapshot info is null. Setting the last applied indexto:(t:0, i:~)
2019-10-01 14:15:54,834 [pool-37-thread-1] INFO  server.RaftServerConfigKeys (ConfUtils.java:logGet(43)) - raft.server.notification.no-leader.timeout = 120s (custom)
2019-10-01 14:15:54,834 [pool-37-thread-1] INFO  server.RaftServerConfigKeys (ConfUtils.java:logGet(43)) - raft.server.log.use.memory = false (default)
2019-10-01 14:15:54,834 [pool-37-thread-1] INFO  server.RaftServerConfigKeys (ConfUtils.java:logGet(43)) - raft.server.log.purge.gap = 1000000 (custom)
2019-10-01 14:15:54,834 [pool-37-thread-1] INFO  server.RaftServerConfigKeys (ConfUtils.java:logGet(43)) - raft.server.log.appender.buffer.byte-limit = 33554432 (custom)
2019-10-01 14:15:54,835 [pool-37-thread-1] INFO  server.RaftServerConfigKeys (ConfUtils.java:logGet(43)) - raft.server.log.segment.size.max = 1048576 (custom)
2019-10-01 14:15:54,835 [pool-37-thread-1] INFO  server.RaftServerConfigKeys (ConfUtils.java:logGet(43)) - raft.server.log.segment.cache.num.max = 2 (custom)
2019-10-01 14:15:54,835 [pool-37-thread-1] INFO  segmented.SegmentedRaftLogWorker (SegmentedRaftLogWorker.java:<init>(172)) - new 65c19552-f16c-4986-8bf5-e40a8bae68e8@group-02EB4A1634CE-SegmentedRaftLogWorker for RaftStorage:Storage Directory /workdir/hadoop-ozone/integration-test/target/test-dir/MiniOzoneClusterImpl-0c299cea-4044-47dd-bdd4-f5c3153bf6dc/datanode-1/data/ratis/0feb3664-677a-48e3-ab6b-02eb4a1634ce
2019-10-01 14:15:54,846 [pool-37-thread-1] INFO  server.RaftServerConfigKeys (ConfUtils.java:logGet(43)) - raft.server.log.queue.byte-limit = 2147483647 (custom)
2019-10-01 14:15:54,846 [pool-37-thread-1] INFO  server.RaftServerConfigKeys (ConfUtils.java:logGet(43)) - raft.server.log.queue.element-limit = 1024 (custom)
2019-10-01 14:15:54,847 [pool-37-thread-1] INFO  server.RaftServerConfigKeys (ConfUtils.java:logGet(43)) - raft.server.log.segment.size.max = 1048576 (custom)
2019-10-01 14:15:54,847 [pool-37-thread-1] INFO  server.RaftServerConfigKeys (ConfUtils.java:logGet(43)) - raft.server.log.preallocated.size = 16384 (custom)
2019-10-01 14:15:54,847 [pool-37-thread-1] INFO  server.RaftServerConfigKeys (ConfUtils.java:logGet(43)) - raft.server.log.write.buffer.size = 33554432 (custom)
2019-10-01 14:15:54,847 [pool-37-thread-1] INFO  server.RaftServerConfigKeys (ConfUtils.java:logGet(43)) - raft.server.log.force.sync.num = 128 (default)
2019-10-01 14:15:54,847 [pool-37-thread-1] INFO  server.RaftServerConfigKeys (ConfUtils.java:logGet(43)) - raft.server.log.statemachine.data.sync = true (default)
2019-10-01 14:15:54,848 [pool-37-thread-1] INFO  server.RaftServerConfigKeys (ConfUtils.java:logGet(43)) - raft.server.log.statemachine.data.sync.timeout = 10s (default)
2019-10-01 14:15:54,848 [pool-37-thread-1] INFO  server.RaftServerConfigKeys (ConfUtils.java:logGet(43)) - raft.server.log.statemachine.data.sync.timeout.retry = -1 (default)
2019-10-01 14:15:54,848 [pool-37-thread-1] INFO  server.RaftServerConfigKeys (ConfUtils.java:logGet(43)) - raft.server.log.statemachine.data.caching.enabled = true (custom)
2019-10-01 14:15:54,849 [pool-37-thread-1] INFO  segmented.SegmentedRaftLogWorker (SegmentedRaftLogWorker.java:lambda$new$0(132)) - 65c19552-f16c-4986-8bf5-e40a8bae68e8@group-02EB4A1634CE-SegmentedRaftLogWorker: flushIndex: setUnconditionally 0 -> -1
2019-10-01 14:15:54,849 [pool-37-thread-1] INFO  server.RaftServerConfigKeys (ConfUtils.java:logGet(43)) - raft.server.snapshot.auto.trigger.enabled = true (custom)
2019-10-01 14:15:54,850 [pool-37-thread-1] INFO  server.RaftServerConfigKeys (ConfUtils.java:logGet(43)) - raft.server.snapshot.auto.trigger.threshold = 10000 (custom)
2019-10-01 14:15:54,850 [pool-37-thread-1] INFO  server.RaftServerConfigKeys (ConfUtils.java:logGet(43)) - raft.server.snapshot.retention.num.files = 5 (custom)
2019-10-01 14:15:54,850 [pool-37-thread-1] INFO  server.RaftServerConfigKeys (ConfUtils.java:logGet(43)) - raft.server.retrycache.expirytime = 600000ms (custom)
2019-10-01 14:15:54,857 [pool-37-thread-1] INFO  impl.RaftServerImpl (RaftServerImpl.java:start(185)) - 65c19552-f16c-4986-8bf5-e40a8bae68e8@group-02EB4A1634CE: start as a follower, conf=-1: [65c19552-f16c-4986-8bf5-e40a8bae68e8:192.168.151.103:45524], old=null
2019-10-01 14:15:54,857 [pool-37-thread-1] INFO  impl.RaftServerImpl (RaftServerImpl.java:setRole(174)) - 65c19552-f16c-4986-8bf5-e40a8bae68e8@group-02EB4A1634CE: changes role from      null to FOLLOWER at term 0 for startAsFollower
2019-10-01 14:15:54,857 [pool-37-thread-1] INFO  impl.RoleInfo (RoleInfo.java:updateAndGet(143)) - 65c19552-f16c-4986-8bf5-e40a8bae68e8: start FollowerState
2019-10-01 14:15:54,859 [pool-37-thread-1] INFO  util.JmxRegister (JmxRegister.java:tryRegister(44)) - Successfully registered JMX Bean with object name Ratis:service=RaftServer,group=group-02EB4A1634CE,id=65c19552-f16c-4986-8bf5-e40a8bae68e8
2019-10-01 14:15:54,872 [RatisPipelineUtilsThread] INFO  pipeline.PipelineStateManager (PipelineStateManager.java:addPipeline(56)) - Created pipeline Pipeline[ Id: 0feb3664-677a-48e3-ab6b-02eb4a1634ce, Nodes: 65c19552-f16c-4986-8bf5-e40a8bae68e8{ip: 192.168.151.103, host: pr-trunk-878pl-325597374, networkLocation: /default-rack, certSerialId: null}, Type:RATIS, Factor:ONE, State:OPEN]
2019-10-01 14:15:54,903 [grpc-default-executor-0] INFO  impl.RaftServerProxy (RaftServerProxy.java:addNew(89)) - b5420178-9b9a-48fb-beed-521737d432b7: addNew group-F19E8F94A37E:[b5420178-9b9a-48fb-beed-521737d432b7:192.168.151.103:39141] returns group-F19E8F94A37E:java.util.concurrent.CompletableFuture@567c0047[Not completed]
2019-10-01 14:15:54,930 [pool-47-thread-1] INFO  impl.RaftServerImpl (RaftServerImpl.java:<init>(95)) - b5420178-9b9a-48fb-beed-521737d432b7: new RaftServerImpl for group-F19E8F94A37E:[b5420178-9b9a-48fb-beed-521737d432b7:192.168.151.103:39141] with ContainerStateMachine:uninitialized
2019-10-01 14:15:54,930 [pool-47-thread-1] INFO  server.RaftServerConfigKeys (ConfUtils.java:logGet(43)) - raft.server.rpc.timeout.min = 5s (custom)
2019-10-01 14:15:54,931 [pool-47-thread-1] INFO  server.RaftServerConfigKeys (ConfUtils.java:logGet(43)) - raft.server.rpc.timeout.max = 5200ms (custom)
2019-10-01 14:15:54,931 [pool-47-thread-1] INFO  server.RaftServerConfigKeys (ConfUtils.java:logGet(43)) - raft.server.rpcslowness.timeout = 120s (custom)
2019-10-01 14:15:54,931 [pool-47-thread-1] INFO  server.RaftServerConfigKeys (ConfUtils.java:logGet(43)) - raft.server.sleep.deviation.threshold = 300 (default)
2019-10-01 14:15:54,931 [pool-47-thread-1] INFO  server.RaftServerConfigKeys (ConfUtils.java:logGet(43)) - raft.server.log.appender.install.snapshot.enabled = false (custom)
2019-10-01 14:15:54,931 [pool-47-thread-1] INFO  impl.RaftServerImpl (ServerState.java:<init>(103)) - b5420178-9b9a-48fb-beed-521737d432b7@group-F19E8F94A37E: ConfigurationManager, init=-1: [b5420178-9b9a-48fb-beed-521737d432b7:192.168.151.103:39141], old=null, confs=<EMPTY_MAP>
2019-10-01 14:15:54,932 [pool-47-thread-1] INFO  server.RaftServerConfigKeys (ConfUtils.java:logGet(43)) - raft.server.storage.dir = [/workdir/hadoop-ozone/integration-test/target/test-dir/MiniOzoneClusterImpl-0c299cea-4044-47dd-bdd4-f5c3153bf6dc/datanode-2/data/ratis] (custom)
2019-10-01 14:15:54,932 [pool-47-thread-1] INFO  storage.RaftStorageDirectory (RaftStorageDirectory.java:analyzeStorage(246)) - The storage directory /workdir/hadoop-ozone/integration-test/target/test-dir/MiniOzoneClusterImpl-0c299cea-4044-47dd-bdd4-f5c3153bf6dc/datanode-2/data/ratis/e6ef22fc-222c-48c0-8d18-f19e8f94a37e does not exist. Creating ...
2019-10-01 14:15:54,935 [main] INFO  rpc.RpcClient (RpcClient.java:createVolume(276)) - Creating Volume: testblockoutputstream, with jenkins1000 as owner.
2019-10-01 14:15:54,945 [pool-47-thread-1] INFO  storage.RaftStorageDirectory (RaftStorageDirectory.java:tryLock(328)) - Lock on /workdir/hadoop-ozone/integration-test/target/test-dir/MiniOzoneClusterImpl-0c299cea-4044-47dd-bdd4-f5c3153bf6dc/datanode-2/data/ratis/e6ef22fc-222c-48c0-8d18-f19e8f94a37e/in_use.lock acquired by nodename 28339@pr-trunk-878pl-325597374
2019-10-01 14:15:54,960 [pool-47-thread-1] INFO  storage.RaftStorage (RaftStorage.java:format(72)) - Storage directory /workdir/hadoop-ozone/integration-test/target/test-dir/MiniOzoneClusterImpl-0c299cea-4044-47dd-bdd4-f5c3153bf6dc/datanode-2/data/ratis/e6ef22fc-222c-48c0-8d18-f19e8f94a37e has been successfully formatted.
2019-10-01 14:15:54,960 [pool-47-thread-1] INFO  ratis.ContainerStateMachine (ContainerStateMachine.java:loadSnapshot(231)) - group-F19E8F94A37E: The snapshot info is null. Setting the last applied indexto:(t:0, i:~)
2019-10-01 14:15:54,961 [pool-47-thread-1] INFO  server.RaftServerConfigKeys (ConfUtils.java:logGet(43)) - raft.server.notification.no-leader.timeout = 120s (custom)
2019-10-01 14:15:54,961 [pool-47-thread-1] INFO  server.RaftServerConfigKeys (ConfUtils.java:logGet(43)) - raft.server.log.use.memory = false (default)
2019-10-01 14:15:54,961 [pool-47-thread-1] INFO  server.RaftServerConfigKeys (ConfUtils.java:logGet(43)) - raft.server.log.purge.gap = 1000000 (custom)
2019-10-01 14:15:54,961 [pool-47-thread-1] INFO  server.RaftServerConfigKeys (ConfUtils.java:logGet(43)) - raft.server.log.appender.buffer.byte-limit = 33554432 (custom)
2019-10-01 14:15:54,961 [pool-47-thread-1] INFO  server.RaftServerConfigKeys (ConfUtils.java:logGet(43)) - raft.server.log.segment.size.max = 1048576 (custom)
2019-10-01 14:15:54,962 [pool-47-thread-1] INFO  server.RaftServerConfigKeys (ConfUtils.java:logGet(43)) - raft.server.log.segment.cache.num.max = 2 (custom)
2019-10-01 14:15:54,962 [pool-47-thread-1] INFO  segmented.SegmentedRaftLogWorker (SegmentedRaftLogWorker.java:<init>(172)) - new b5420178-9b9a-48fb-beed-521737d432b7@group-F19E8F94A37E-SegmentedRaftLogWorker for RaftStorage:Storage Directory /workdir/hadoop-ozone/integration-test/target/test-dir/MiniOzoneClusterImpl-0c299cea-4044-47dd-bdd4-f5c3153bf6dc/datanode-2/data/ratis/e6ef22fc-222c-48c0-8d18-f19e8f94a37e
2019-10-01 14:15:54,991 [pool-47-thread-1] INFO  server.RaftServerConfigKeys (ConfUtils.java:logGet(43)) - raft.server.log.queue.byte-limit = 2147483647 (custom)
2019-10-01 14:15:54,991 [pool-47-thread-1] INFO  server.RaftServerConfigKeys (ConfUtils.java:logGet(43)) - raft.server.log.queue.element-limit = 1024 (custom)
2019-10-01 14:15:54,992 [pool-47-thread-1] INFO  server.RaftServerConfigKeys (ConfUtils.java:logGet(43)) - raft.server.log.segment.size.max = 1048576 (custom)
2019-10-01 14:15:54,992 [pool-47-thread-1] INFO  server.RaftServerConfigKeys (ConfUtils.java:logGet(43)) - raft.server.log.preallocated.size = 16384 (custom)
2019-10-01 14:15:54,992 [pool-47-thread-1] INFO  server.RaftServerConfigKeys (ConfUtils.java:logGet(43)) - raft.server.log.write.buffer.size = 33554432 (custom)
2019-10-01 14:15:54,993 [pool-47-thread-1] INFO  server.RaftServerConfigKeys (ConfUtils.java:logGet(43)) - raft.server.log.force.sync.num = 128 (default)
2019-10-01 14:15:54,993 [pool-47-thread-1] INFO  server.RaftServerConfigKeys (ConfUtils.java:logGet(43)) - raft.server.log.statemachine.data.sync = true (default)
2019-10-01 14:15:54,993 [pool-47-thread-1] INFO  server.RaftServerConfigKeys (ConfUtils.java:logGet(43)) - raft.server.log.statemachine.data.sync.timeout = 10s (default)
2019-10-01 14:15:54,993 [pool-47-thread-1] INFO  server.RaftServerConfigKeys (ConfUtils.java:logGet(43)) - raft.server.log.statemachine.data.sync.timeout.retry = -1 (default)
2019-10-01 14:15:54,994 [pool-47-thread-1] INFO  server.RaftServerConfigKeys (ConfUtils.java:logGet(43)) - raft.server.log.statemachine.data.caching.enabled = true (custom)
2019-10-01 14:15:54,994 [pool-47-thread-1] INFO  segmented.SegmentedRaftLogWorker (SegmentedRaftLogWorker.java:lambda$new$0(132)) - b5420178-9b9a-48fb-beed-521737d432b7@group-F19E8F94A37E-SegmentedRaftLogWorker: flushIndex: setUnconditionally 0 -> -1
2019-10-01 14:15:54,994 [pool-47-thread-1] INFO  server.RaftServerConfigKeys (ConfUtils.java:logGet(43)) - raft.server.snapshot.auto.trigger.enabled = true (custom)
2019-10-01 14:15:54,995 [pool-47-thread-1] INFO  server.RaftServerConfigKeys (ConfUtils.java:logGet(43)) - raft.server.snapshot.auto.trigger.threshold = 10000 (custom)
2019-10-01 14:15:54,995 [pool-47-thread-1] INFO  server.RaftServerConfigKeys (ConfUtils.java:logGet(43)) - raft.server.snapshot.retention.num.files = 5 (custom)
2019-10-01 14:15:54,995 [pool-47-thread-1] INFO  server.RaftServerConfigKeys (ConfUtils.java:logGet(43)) - raft.server.retrycache.expirytime = 600000ms (custom)
2019-10-01 14:15:55,001 [pool-47-thread-1] INFO  impl.RaftServerImpl (RaftServerImpl.java:start(185)) - b5420178-9b9a-48fb-beed-521737d432b7@group-F19E8F94A37E: start as a follower, conf=-1: [b5420178-9b9a-48fb-beed-521737d432b7:192.168.151.103:39141], old=null
2019-10-01 14:15:55,001 [pool-47-thread-1] INFO  impl.RaftServerImpl (RaftServerImpl.java:setRole(174)) - b5420178-9b9a-48fb-beed-521737d432b7@group-F19E8F94A37E: changes role from      null to FOLLOWER at term 0 for startAsFollower
2019-10-01 14:15:55,002 [pool-47-thread-1] INFO  impl.RoleInfo (RoleInfo.java:updateAndGet(143)) - b5420178-9b9a-48fb-beed-521737d432b7: start FollowerState
2019-10-01 14:15:55,002 [pool-47-thread-1] INFO  util.JmxRegister (JmxRegister.java:tryRegister(44)) - Successfully registered JMX Bean with object name Ratis:service=RaftServer,group=group-F19E8F94A37E,id=b5420178-9b9a-48fb-beed-521737d432b7
2019-10-01 14:15:55,013 [RatisPipelineUtilsThread] INFO  pipeline.PipelineStateManager (PipelineStateManager.java:addPipeline(56)) - Created pipeline Pipeline[ Id: e6ef22fc-222c-48c0-8d18-f19e8f94a37e, Nodes: b5420178-9b9a-48fb-beed-521737d432b7{ip: 192.168.151.103, host: pr-trunk-878pl-325597374, networkLocation: /default-rack, certSerialId: null}, Type:RATIS, Factor:ONE, State:OPEN]
2019-10-01 14:15:55,033 [grpc-default-executor-0] INFO  impl.RaftServerProxy (RaftServerProxy.java:addNew(89)) - 466aa3db-ea72-4dcd-95a1-963c4eca687f: addNew group-84D715B579F0:[466aa3db-ea72-4dcd-95a1-963c4eca687f:192.168.151.103:43159] returns group-84D715B579F0:java.util.concurrent.CompletableFuture@2dff5420[Not completed]
2019-10-01 14:15:55,037 [pool-87-thread-1] INFO  impl.RaftServerImpl (RaftServerImpl.java:<init>(95)) - 466aa3db-ea72-4dcd-95a1-963c4eca687f: new RaftServerImpl for group-84D715B579F0:[466aa3db-ea72-4dcd-95a1-963c4eca687f:192.168.151.103:43159] with ContainerStateMachine:uninitialized
2019-10-01 14:15:55,038 [pool-87-thread-1] INFO  server.RaftServerConfigKeys (ConfUtils.java:logGet(43)) - raft.server.rpc.timeout.min = 5s (custom)
2019-10-01 14:15:55,038 [pool-87-thread-1] INFO  server.RaftServerConfigKeys (ConfUtils.java:logGet(43)) - raft.server.rpc.timeout.max = 5200ms (custom)
2019-10-01 14:15:55,038 [pool-87-thread-1] INFO  server.RaftServerConfigKeys (ConfUtils.java:logGet(43)) - raft.server.rpcslowness.timeout = 120s (custom)
2019-10-01 14:15:55,038 [pool-87-thread-1] INFO  server.RaftServerConfigKeys (ConfUtils.java:logGet(43)) - raft.server.sleep.deviation.threshold = 300 (default)
2019-10-01 14:15:55,039 [pool-87-thread-1] INFO  server.RaftServerConfigKeys (ConfUtils.java:logGet(43)) - raft.server.log.appender.install.snapshot.enabled = false (custom)
2019-10-01 14:15:55,039 [pool-87-thread-1] INFO  impl.RaftServerImpl (ServerState.java:<init>(103)) - 466aa3db-ea72-4dcd-95a1-963c4eca687f@group-84D715B579F0: ConfigurationManager, init=-1: [466aa3db-ea72-4dcd-95a1-963c4eca687f:192.168.151.103:43159], old=null, confs=<EMPTY_MAP>
2019-10-01 14:15:55,039 [pool-87-thread-1] INFO  server.RaftServerConfigKeys (ConfUtils.java:logGet(43)) - raft.server.storage.dir = [/workdir/hadoop-ozone/integration-test/target/test-dir/MiniOzoneClusterImpl-0c299cea-4044-47dd-bdd4-f5c3153bf6dc/datanode-6/data/ratis] (custom)
2019-10-01 14:15:55,040 [pool-87-thread-1] INFO  storage.RaftStorageDirectory (RaftStorageDirectory.java:analyzeStorage(246)) - The storage directory /workdir/hadoop-ozone/integration-test/target/test-dir/MiniOzoneClusterImpl-0c299cea-4044-47dd-bdd4-f5c3153bf6dc/datanode-6/data/ratis/b8ebc2c8-ec6b-4160-a299-84d715b579f0 does not exist. Creating ...
2019-10-01 14:15:55,053 [pool-87-thread-1] INFO  storage.RaftStorageDirectory (RaftStorageDirectory.java:tryLock(328)) - Lock on /workdir/hadoop-ozone/integration-test/target/test-dir/MiniOzoneClusterImpl-0c299cea-4044-47dd-bdd4-f5c3153bf6dc/datanode-6/data/ratis/b8ebc2c8-ec6b-4160-a299-84d715b579f0/in_use.lock acquired by nodename 28339@pr-trunk-878pl-325597374
2019-10-01 14:15:55,066 [pool-87-thread-1] INFO  storage.RaftStorage (RaftStorage.java:format(72)) - Storage directory /workdir/hadoop-ozone/integration-test/target/test-dir/MiniOzoneClusterImpl-0c299cea-4044-47dd-bdd4-f5c3153bf6dc/datanode-6/data/ratis/b8ebc2c8-ec6b-4160-a299-84d715b579f0 has been successfully formatted.
2019-10-01 14:15:55,067 [pool-87-thread-1] INFO  ratis.ContainerStateMachine (ContainerStateMachine.java:loadSnapshot(231)) - group-84D715B579F0: The snapshot info is null. Setting the last applied indexto:(t:0, i:~)
2019-10-01 14:15:55,067 [pool-87-thread-1] INFO  server.RaftServerConfigKeys (ConfUtils.java:logGet(43)) - raft.server.notification.no-leader.timeout = 120s (custom)
2019-10-01 14:15:55,067 [pool-87-thread-1] INFO  server.RaftServerConfigKeys (ConfUtils.java:logGet(43)) - raft.server.log.use.memory = false (default)
2019-10-01 14:15:55,067 [pool-87-thread-1] INFO  server.RaftServerConfigKeys (ConfUtils.java:logGet(43)) - raft.server.log.purge.gap = 1000000 (custom)
2019-10-01 14:15:55,067 [pool-87-thread-1] INFO  server.RaftServerConfigKeys (ConfUtils.java:logGet(43)) - raft.server.log.appender.buffer.byte-limit = 33554432 (custom)
2019-10-01 14:15:55,068 [pool-87-thread-1] INFO  server.RaftServerConfigKeys (ConfUtils.java:logGet(43)) - raft.server.log.segment.size.max = 1048576 (custom)
2019-10-01 14:15:55,068 [pool-87-thread-1] INFO  server.RaftServerConfigKeys (ConfUtils.java:logGet(43)) - raft.server.log.segment.cache.num.max = 2 (custom)
2019-10-01 14:15:55,068 [pool-87-thread-1] INFO  segmented.SegmentedRaftLogWorker (SegmentedRaftLogWorker.java:<init>(172)) - new 466aa3db-ea72-4dcd-95a1-963c4eca687f@group-84D715B579F0-SegmentedRaftLogWorker for RaftStorage:Storage Directory /workdir/hadoop-ozone/integration-test/target/test-dir/MiniOzoneClusterImpl-0c299cea-4044-47dd-bdd4-f5c3153bf6dc/datanode-6/data/ratis/b8ebc2c8-ec6b-4160-a299-84d715b579f0
2019-10-01 14:15:55,074 [pool-87-thread-1] INFO  server.RaftServerConfigKeys (ConfUtils.java:logGet(43)) - raft.server.log.queue.byte-limit = 2147483647 (custom)
2019-10-01 14:15:55,074 [pool-87-thread-1] INFO  server.RaftServerConfigKeys (ConfUtils.java:logGet(43)) - raft.server.log.queue.element-limit = 1024 (custom)
2019-10-01 14:15:55,074 [pool-87-thread-1] INFO  server.RaftServerConfigKeys (ConfUtils.java:logGet(43)) - raft.server.log.segment.size.max = 1048576 (custom)
2019-10-01 14:15:55,075 [pool-87-thread-1] INFO  server.RaftServerConfigKeys (ConfUtils.java:logGet(43)) - raft.server.log.preallocated.size = 16384 (custom)
2019-10-01 14:15:55,075 [pool-87-thread-1] INFO  server.RaftServerConfigKeys (ConfUtils.java:logGet(43)) - raft.server.log.write.buffer.size = 33554432 (custom)
2019-10-01 14:15:55,075 [pool-87-thread-1] INFO  server.RaftServerConfigKeys (ConfUtils.java:logGet(43)) - raft.server.log.force.sync.num = 128 (default)
2019-10-01 14:15:55,075 [pool-87-thread-1] INFO  server.RaftServerConfigKeys (ConfUtils.java:logGet(43)) - raft.server.log.statemachine.data.sync = true (default)
2019-10-01 14:15:55,075 [pool-87-thread-1] INFO  server.RaftServerConfigKeys (ConfUtils.java:logGet(43)) - raft.server.log.statemachine.data.sync.timeout = 10s (default)
2019-10-01 14:15:55,075 [pool-87-thread-1] INFO  server.RaftServerConfigKeys (ConfUtils.java:logGet(43)) - raft.server.log.statemachine.data.sync.timeout.retry = -1 (default)
2019-10-01 14:15:55,076 [pool-87-thread-1] INFO  server.RaftServerConfigKeys (ConfUtils.java:logGet(43)) - raft.server.log.statemachine.data.caching.enabled = true (custom)
2019-10-01 14:15:55,076 [pool-87-thread-1] INFO  segmented.SegmentedRaftLogWorker (SegmentedRaftLogWorker.java:lambda$new$0(132)) - 466aa3db-ea72-4dcd-95a1-963c4eca687f@group-84D715B579F0-SegmentedRaftLogWorker: flushIndex: setUnconditionally 0 -> -1
2019-10-01 14:15:55,077 [pool-87-thread-1] INFO  server.RaftServerConfigKeys (ConfUtils.java:logGet(43)) - raft.server.snapshot.auto.trigger.enabled = true (custom)
2019-10-01 14:15:55,077 [pool-87-thread-1] INFO  server.RaftServerConfigKeys (ConfUtils.java:logGet(43)) - raft.server.snapshot.auto.trigger.threshold = 10000 (custom)
2019-10-01 14:15:55,077 [pool-87-thread-1] INFO  server.RaftServerConfigKeys (ConfUtils.java:logGet(43)) - raft.server.snapshot.retention.num.files = 5 (custom)
2019-10-01 14:15:55,077 [pool-87-thread-1] INFO  server.RaftServerConfigKeys (ConfUtils.java:logGet(43)) - raft.server.retrycache.expirytime = 600000ms (custom)
2019-10-01 14:15:55,083 [pool-87-thread-1] INFO  impl.RaftServerImpl (RaftServerImpl.java:start(185)) - 466aa3db-ea72-4dcd-95a1-963c4eca687f@group-84D715B579F0: start as a follower, conf=-1: [466aa3db-ea72-4dcd-95a1-963c4eca687f:192.168.151.103:43159], old=null
2019-10-01 14:15:55,083 [pool-87-thread-1] INFO  impl.RaftServerImpl (RaftServerImpl.java:setRole(174)) - 466aa3db-ea72-4dcd-95a1-963c4eca687f@group-84D715B579F0: changes role from      null to FOLLOWER at term 0 for startAsFollower
2019-10-01 14:15:55,083 [pool-87-thread-1] INFO  impl.RoleInfo (RoleInfo.java:updateAndGet(143)) - 466aa3db-ea72-4dcd-95a1-963c4eca687f: start FollowerState
2019-10-01 14:15:55,084 [pool-87-thread-1] INFO  util.JmxRegister (JmxRegister.java:tryRegister(44)) - Successfully registered JMX Bean with object name Ratis:service=RaftServer,group=group-84D715B579F0,id=466aa3db-ea72-4dcd-95a1-963c4eca687f
2019-10-01 14:15:55,094 [RatisPipelineUtilsThread] INFO  pipeline.PipelineStateManager (PipelineStateManager.java:addPipeline(56)) - Created pipeline Pipeline[ Id: b8ebc2c8-ec6b-4160-a299-84d715b579f0, Nodes: 466aa3db-ea72-4dcd-95a1-963c4eca687f{ip: 192.168.151.103, host: pr-trunk-878pl-325597374, networkLocation: /default-rack, certSerialId: null}, Type:RATIS, Factor:ONE, State:OPEN]
2019-10-01 14:15:55,115 [grpc-default-executor-0] INFO  impl.RaftServerProxy (RaftServerProxy.java:addNew(89)) - 804e63cd-c050-4a97-8e09-72401e6f6fea: addNew group-78C61476148F:[804e63cd-c050-4a97-8e09-72401e6f6fea:192.168.151.103:35361] returns group-78C61476148F:java.util.concurrent.CompletableFuture@19cfdc35[Not completed]
2019-10-01 14:15:55,115 [IPC Server handler 18 on 41896] INFO  volume.OMVolumeCreateRequest (OMVolumeCreateRequest.java:validateAndUpdateCache(194)) - created volume:testblockoutputstream for user:jenkins1000
2019-10-01 14:15:55,120 [pool-67-thread-1] INFO  impl.RaftServerImpl (RaftServerImpl.java:<init>(95)) - 804e63cd-c050-4a97-8e09-72401e6f6fea: new RaftServerImpl for group-78C61476148F:[804e63cd-c050-4a97-8e09-72401e6f6fea:192.168.151.103:35361] with ContainerStateMachine:uninitialized
2019-10-01 14:15:55,121 [pool-67-thread-1] INFO  server.RaftServerConfigKeys (ConfUtils.java:logGet(43)) - raft.server.rpc.timeout.min = 5s (custom)
2019-10-01 14:15:55,121 [pool-67-thread-1] INFO  server.RaftServerConfigKeys (ConfUtils.java:logGet(43)) - raft.server.rpc.timeout.max = 5200ms (custom)
2019-10-01 14:15:55,121 [pool-67-thread-1] INFO  server.RaftServerConfigKeys (ConfUtils.java:logGet(43)) - raft.server.rpcslowness.timeout = 120s (custom)
2019-10-01 14:15:55,121 [pool-67-thread-1] INFO  server.RaftServerConfigKeys (ConfUtils.java:logGet(43)) - raft.server.sleep.deviation.threshold = 300 (default)
2019-10-01 14:15:55,122 [pool-67-thread-1] INFO  server.RaftServerConfigKeys (ConfUtils.java:logGet(43)) - raft.server.log.appender.install.snapshot.enabled = false (custom)
2019-10-01 14:15:55,122 [pool-67-thread-1] INFO  impl.RaftServerImpl (ServerState.java:<init>(103)) - 804e63cd-c050-4a97-8e09-72401e6f6fea@group-78C61476148F: ConfigurationManager, init=-1: [804e63cd-c050-4a97-8e09-72401e6f6fea:192.168.151.103:35361], old=null, confs=<EMPTY_MAP>
2019-10-01 14:15:55,122 [pool-67-thread-1] INFO  server.RaftServerConfigKeys (ConfUtils.java:logGet(43)) - raft.server.storage.dir = [/workdir/hadoop-ozone/integration-test/target/test-dir/MiniOzoneClusterImpl-0c299cea-4044-47dd-bdd4-f5c3153bf6dc/datanode-4/data/ratis] (custom)
2019-10-01 14:15:55,123 [pool-67-thread-1] INFO  storage.RaftStorageDirectory (RaftStorageDirectory.java:analyzeStorage(246)) - The storage directory /workdir/hadoop-ozone/integration-test/target/test-dir/MiniOzoneClusterImpl-0c299cea-4044-47dd-bdd4-f5c3153bf6dc/datanode-4/data/ratis/edb40528-7300-4763-8a74-78c61476148f does not exist. Creating ...
2019-10-01 14:15:55,136 [pool-67-thread-1] INFO  storage.RaftStorageDirectory (RaftStorageDirectory.java:tryLock(328)) - Lock on /workdir/hadoop-ozone/integration-test/target/test-dir/MiniOzoneClusterImpl-0c299cea-4044-47dd-bdd4-f5c3153bf6dc/datanode-4/data/ratis/edb40528-7300-4763-8a74-78c61476148f/in_use.lock acquired by nodename 28339@pr-trunk-878pl-325597374
2019-10-01 14:15:55,145 [main] INFO  rpc.RpcClient (RpcClient.java:createBucket(415)) - Creating Bucket: testblockoutputstream/testblockoutputstream, with Versioning false and Storage Type set to DISK and Encryption set to false 
2019-10-01 14:15:55,149 [pool-67-thread-1] INFO  storage.RaftStorage (RaftStorage.java:format(72)) - Storage directory /workdir/hadoop-ozone/integration-test/target/test-dir/MiniOzoneClusterImpl-0c299cea-4044-47dd-bdd4-f5c3153bf6dc/datanode-4/data/ratis/edb40528-7300-4763-8a74-78c61476148f has been successfully formatted.
2019-10-01 14:15:55,150 [pool-67-thread-1] INFO  ratis.ContainerStateMachine (ContainerStateMachine.java:loadSnapshot(231)) - group-78C61476148F: The snapshot info is null. Setting the last applied indexto:(t:0, i:~)
2019-10-01 14:15:55,150 [pool-67-thread-1] INFO  server.RaftServerConfigKeys (ConfUtils.java:logGet(43)) - raft.server.notification.no-leader.timeout = 120s (custom)
2019-10-01 14:15:55,150 [pool-67-thread-1] INFO  server.RaftServerConfigKeys (ConfUtils.java:logGet(43)) - raft.server.log.use.memory = false (default)
2019-10-01 14:15:55,150 [pool-67-thread-1] INFO  server.RaftServerConfigKeys (ConfUtils.java:logGet(43)) - raft.server.log.purge.gap = 1000000 (custom)
2019-10-01 14:15:55,159 [pool-67-thread-1] INFO  server.RaftServerConfigKeys (ConfUtils.java:logGet(43)) - raft.server.log.appender.buffer.byte-limit = 33554432 (custom)
2019-10-01 14:15:55,159 [pool-67-thread-1] INFO  server.RaftServerConfigKeys (ConfUtils.java:logGet(43)) - raft.server.log.segment.size.max = 1048576 (custom)
2019-10-01 14:15:55,159 [pool-67-thread-1] INFO  server.RaftServerConfigKeys (ConfUtils.java:logGet(43)) - raft.server.log.segment.cache.num.max = 2 (custom)
2019-10-01 14:15:55,159 [pool-67-thread-1] INFO  segmented.SegmentedRaftLogWorker (SegmentedRaftLogWorker.java:<init>(172)) - new 804e63cd-c050-4a97-8e09-72401e6f6fea@group-78C61476148F-SegmentedRaftLogWorker for RaftStorage:Storage Directory /workdir/hadoop-ozone/integration-test/target/test-dir/MiniOzoneClusterImpl-0c299cea-4044-47dd-bdd4-f5c3153bf6dc/datanode-4/data/ratis/edb40528-7300-4763-8a74-78c61476148f
2019-10-01 14:15:55,165 [pool-67-thread-1] INFO  server.RaftServerConfigKeys (ConfUtils.java:logGet(43)) - raft.server.log.queue.byte-limit = 2147483647 (custom)
2019-10-01 14:15:55,165 [pool-67-thread-1] INFO  server.RaftServerConfigKeys (ConfUtils.java:logGet(43)) - raft.server.log.queue.element-limit = 1024 (custom)
2019-10-01 14:15:55,165 [pool-67-thread-1] INFO  server.RaftServerConfigKeys (ConfUtils.java:logGet(43)) - raft.server.log.segment.size.max = 1048576 (custom)
2019-10-01 14:15:55,165 [pool-67-thread-1] INFO  server.RaftServerConfigKeys (ConfUtils.java:logGet(43)) - raft.server.log.preallocated.size = 16384 (custom)
2019-10-01 14:15:55,166 [pool-67-thread-1] INFO  server.RaftServerConfigKeys (ConfUtils.java:logGet(43)) - raft.server.log.write.buffer.size = 33554432 (custom)
2019-10-01 14:15:55,166 [pool-67-thread-1] INFO  server.RaftServerConfigKeys (ConfUtils.java:logGet(43)) - raft.server.log.force.sync.num = 128 (default)
2019-10-01 14:15:55,166 [pool-67-thread-1] INFO  server.RaftServerConfigKeys (ConfUtils.java:logGet(43)) - raft.server.log.statemachine.data.sync = true (default)
2019-10-01 14:15:55,167 [pool-67-thread-1] INFO  server.RaftServerConfigKeys (ConfUtils.java:logGet(43)) - raft.server.log.statemachine.data.sync.timeout = 10s (default)
2019-10-01 14:15:55,167 [pool-67-thread-1] INFO  server.RaftServerConfigKeys (ConfUtils.java:logGet(43)) - raft.server.log.statemachine.data.sync.timeout.retry = -1 (default)
2019-10-01 14:15:55,168 [pool-67-thread-1] INFO  server.RaftServerConfigKeys (ConfUtils.java:logGet(43)) - raft.server.log.statemachine.data.caching.enabled = true (custom)
2019-10-01 14:15:55,168 [pool-67-thread-1] INFO  segmented.SegmentedRaftLogWorker (SegmentedRaftLogWorker.java:lambda$new$0(132)) - 804e63cd-c050-4a97-8e09-72401e6f6fea@group-78C61476148F-SegmentedRaftLogWorker: flushIndex: setUnconditionally 0 -> -1
2019-10-01 14:15:55,168 [pool-67-thread-1] INFO  server.RaftServerConfigKeys (ConfUtils.java:logGet(43)) - raft.server.snapshot.auto.trigger.enabled = true (custom)
2019-10-01 14:15:55,169 [pool-67-thread-1] INFO  server.RaftServerConfigKeys (ConfUtils.java:logGet(43)) - raft.server.snapshot.auto.trigger.threshold = 10000 (custom)
2019-10-01 14:15:55,169 [pool-67-thread-1] INFO  server.RaftServerConfigKeys (ConfUtils.java:logGet(43)) - raft.server.snapshot.retention.num.files = 5 (custom)
2019-10-01 14:15:55,169 [pool-67-thread-1] INFO  server.RaftServerConfigKeys (ConfUtils.java:logGet(43)) - raft.server.retrycache.expirytime = 600000ms (custom)
2019-10-01 14:15:55,173 [main] INFO  ozone.MiniOzoneClusterImpl (MiniOzoneClusterImpl.java:getStorageContainerLocationClient(234)) - Creating StorageContainerLocationProtocol RPC client with address /0.0.0.0:43126
2019-10-01 14:15:55,174 [pool-67-thread-1] INFO  impl.RaftServerImpl (RaftServerImpl.java:start(185)) - 804e63cd-c050-4a97-8e09-72401e6f6fea@group-78C61476148F: start as a follower, conf=-1: [804e63cd-c050-4a97-8e09-72401e6f6fea:192.168.151.103:35361], old=null
2019-10-01 14:15:55,174 [pool-67-thread-1] INFO  impl.RaftServerImpl (RaftServerImpl.java:setRole(174)) - 804e63cd-c050-4a97-8e09-72401e6f6fea@group-78C61476148F: changes role from      null to FOLLOWER at term 0 for startAsFollower
2019-10-01 14:15:55,174 [pool-67-thread-1] INFO  impl.RoleInfo (RoleInfo.java:updateAndGet(143)) - 804e63cd-c050-4a97-8e09-72401e6f6fea: start FollowerState
2019-10-01 14:15:55,175 [pool-67-thread-1] INFO  util.JmxRegister (JmxRegister.java:tryRegister(44)) - Successfully registered JMX Bean with object name Ratis:service=RaftServer,group=group-78C61476148F,id=804e63cd-c050-4a97-8e09-72401e6f6fea
2019-10-01 14:15:55,185 [RatisPipelineUtilsThread] INFO  pipeline.PipelineStateManager (PipelineStateManager.java:addPipeline(56)) - Created pipeline Pipeline[ Id: edb40528-7300-4763-8a74-78c61476148f, Nodes: 804e63cd-c050-4a97-8e09-72401e6f6fea{ip: 192.168.151.103, host: pr-trunk-878pl-325597374, networkLocation: /default-rack, certSerialId: null}, Type:RATIS, Factor:ONE, State:OPEN]
2019-10-01 14:15:55,206 [grpc-default-executor-0] INFO  impl.RaftServerProxy (RaftServerProxy.java:addNew(89)) - 67738115-7cb7-4102-ab79-b8d90a321e49: addNew group-2C08B173DFCA:[67738115-7cb7-4102-ab79-b8d90a321e49:192.168.151.103:45628] returns group-2C08B173DFCA:java.util.concurrent.CompletableFuture@43b20d48[Not completed]
2019-10-01 14:15:55,210 [pool-77-thread-1] INFO  impl.RaftServerImpl (RaftServerImpl.java:<init>(95)) - 67738115-7cb7-4102-ab79-b8d90a321e49: new RaftServerImpl for group-2C08B173DFCA:[67738115-7cb7-4102-ab79-b8d90a321e49:192.168.151.103:45628] with ContainerStateMachine:uninitialized
2019-10-01 14:15:55,210 [pool-77-thread-1] INFO  server.RaftServerConfigKeys (ConfUtils.java:logGet(43)) - raft.server.rpc.timeout.min = 5s (custom)
2019-10-01 14:15:55,210 [pool-77-thread-1] INFO  server.RaftServerConfigKeys (ConfUtils.java:logGet(43)) - raft.server.rpc.timeout.max = 5200ms (custom)
2019-10-01 14:15:55,210 [pool-77-thread-1] INFO  server.RaftServerConfigKeys (ConfUtils.java:logGet(43)) - raft.server.rpcslowness.timeout = 120s (custom)
2019-10-01 14:15:55,210 [pool-77-thread-1] INFO  server.RaftServerConfigKeys (ConfUtils.java:logGet(43)) - raft.server.sleep.deviation.threshold = 300 (default)
2019-10-01 14:15:55,210 [pool-77-thread-1] INFO  server.RaftServerConfigKeys (ConfUtils.java:logGet(43)) - raft.server.log.appender.install.snapshot.enabled = false (custom)
2019-10-01 14:15:55,210 [pool-77-thread-1] INFO  impl.RaftServerImpl (ServerState.java:<init>(103)) - 67738115-7cb7-4102-ab79-b8d90a321e49@group-2C08B173DFCA: ConfigurationManager, init=-1: [67738115-7cb7-4102-ab79-b8d90a321e49:192.168.151.103:45628], old=null, confs=<EMPTY_MAP>
2019-10-01 14:15:55,211 [pool-77-thread-1] INFO  server.RaftServerConfigKeys (ConfUtils.java:logGet(43)) - raft.server.storage.dir = [/workdir/hadoop-ozone/integration-test/target/test-dir/MiniOzoneClusterImpl-0c299cea-4044-47dd-bdd4-f5c3153bf6dc/datanode-5/data/ratis] (custom)
2019-10-01 14:15:55,211 [pool-77-thread-1] INFO  storage.RaftStorageDirectory (RaftStorageDirectory.java:analyzeStorage(246)) - The storage directory /workdir/hadoop-ozone/integration-test/target/test-dir/MiniOzoneClusterImpl-0c299cea-4044-47dd-bdd4-f5c3153bf6dc/datanode-5/data/ratis/d8009ae4-0926-47df-9d8a-2c08b173dfca does not exist. Creating ...
2019-10-01 14:15:55,242 [pool-77-thread-1] INFO  storage.RaftStorageDirectory (RaftStorageDirectory.java:tryLock(328)) - Lock on /workdir/hadoop-ozone/integration-test/target/test-dir/MiniOzoneClusterImpl-0c299cea-4044-47dd-bdd4-f5c3153bf6dc/datanode-5/data/ratis/d8009ae4-0926-47df-9d8a-2c08b173dfca/in_use.lock acquired by nodename 28339@pr-trunk-878pl-325597374
2019-10-01 14:15:55,257 [pool-77-thread-1] INFO  storage.RaftStorage (RaftStorage.java:format(72)) - Storage directory /workdir/hadoop-ozone/integration-test/target/test-dir/MiniOzoneClusterImpl-0c299cea-4044-47dd-bdd4-f5c3153bf6dc/datanode-5/data/ratis/d8009ae4-0926-47df-9d8a-2c08b173dfca has been successfully formatted.
2019-10-01 14:15:55,257 [pool-77-thread-1] INFO  ratis.ContainerStateMachine (ContainerStateMachine.java:loadSnapshot(231)) - group-2C08B173DFCA: The snapshot info is null. Setting the last applied indexto:(t:0, i:~)
2019-10-01 14:15:55,257 [pool-77-thread-1] INFO  server.RaftServerConfigKeys (ConfUtils.java:logGet(43)) - raft.server.notification.no-leader.timeout = 120s (custom)
2019-10-01 14:15:55,257 [pool-77-thread-1] INFO  server.RaftServerConfigKeys (ConfUtils.java:logGet(43)) - raft.server.log.use.memory = false (default)
2019-10-01 14:15:55,257 [pool-77-thread-1] INFO  server.RaftServerConfigKeys (ConfUtils.java:logGet(43)) - raft.server.log.purge.gap = 1000000 (custom)
2019-10-01 14:15:55,257 [pool-77-thread-1] INFO  server.RaftServerConfigKeys (ConfUtils.java:logGet(43)) - raft.server.log.appender.buffer.byte-limit = 33554432 (custom)
2019-10-01 14:15:55,258 [pool-77-thread-1] INFO  server.RaftServerConfigKeys (ConfUtils.java:logGet(43)) - raft.server.log.segment.size.max = 1048576 (custom)
2019-10-01 14:15:55,258 [pool-77-thread-1] INFO  server.RaftServerConfigKeys (ConfUtils.java:logGet(43)) - raft.server.log.segment.cache.num.max = 2 (custom)
2019-10-01 14:15:55,258 [pool-77-thread-1] INFO  segmented.SegmentedRaftLogWorker (SegmentedRaftLogWorker.java:<init>(172)) - new 67738115-7cb7-4102-ab79-b8d90a321e49@group-2C08B173DFCA-SegmentedRaftLogWorker for RaftStorage:Storage Directory /workdir/hadoop-ozone/integration-test/target/test-dir/MiniOzoneClusterImpl-0c299cea-4044-47dd-bdd4-f5c3153bf6dc/datanode-5/data/ratis/d8009ae4-0926-47df-9d8a-2c08b173dfca
2019-10-01 14:15:55,261 [pool-77-thread-1] INFO  server.RaftServerConfigKeys (ConfUtils.java:logGet(43)) - raft.server.log.queue.byte-limit = 2147483647 (custom)
2019-10-01 14:15:55,261 [pool-77-thread-1] INFO  server.RaftServerConfigKeys (ConfUtils.java:logGet(43)) - raft.server.log.queue.element-limit = 1024 (custom)
2019-10-01 14:15:55,261 [pool-77-thread-1] INFO  server.RaftServerConfigKeys (ConfUtils.java:logGet(43)) - raft.server.log.segment.size.max = 1048576 (custom)
2019-10-01 14:15:55,261 [pool-77-thread-1] INFO  server.RaftServerConfigKeys (ConfUtils.java:logGet(43)) - raft.server.log.preallocated.size = 16384 (custom)
2019-10-01 14:15:55,261 [pool-77-thread-1] INFO  server.RaftServerConfigKeys (ConfUtils.java:logGet(43)) - raft.server.log.write.buffer.size = 33554432 (custom)
2019-10-01 14:15:55,261 [pool-77-thread-1] INFO  server.RaftServerConfigKeys (ConfUtils.java:logGet(43)) - raft.server.log.force.sync.num = 128 (default)
2019-10-01 14:15:55,261 [pool-77-thread-1] INFO  server.RaftServerConfigKeys (ConfUtils.java:logGet(43)) - raft.server.log.statemachine.data.sync = true (default)
2019-10-01 14:15:55,262 [pool-77-thread-1] INFO  server.RaftServerConfigKeys (ConfUtils.java:logGet(43)) - raft.server.log.statemachine.data.sync.timeout = 10s (default)
2019-10-01 14:15:55,262 [pool-77-thread-1] INFO  server.RaftServerConfigKeys (ConfUtils.java:logGet(43)) - raft.server.log.statemachine.data.sync.timeout.retry = -1 (default)
2019-10-01 14:15:55,262 [pool-77-thread-1] INFO  server.RaftServerConfigKeys (ConfUtils.java:logGet(43)) - raft.server.log.statemachine.data.caching.enabled = true (custom)
2019-10-01 14:15:55,262 [pool-77-thread-1] INFO  segmented.SegmentedRaftLogWorker (SegmentedRaftLogWorker.java:lambda$new$0(132)) - 67738115-7cb7-4102-ab79-b8d90a321e49@group-2C08B173DFCA-SegmentedRaftLogWorker: flushIndex: setUnconditionally 0 -> -1
2019-10-01 14:15:55,262 [pool-77-thread-1] INFO  server.RaftServerConfigKeys (ConfUtils.java:logGet(43)) - raft.server.snapshot.auto.trigger.enabled = true (custom)
2019-10-01 14:15:55,263 [pool-77-thread-1] INFO  server.RaftServerConfigKeys (ConfUtils.java:logGet(43)) - raft.server.snapshot.auto.trigger.threshold = 10000 (custom)
2019-10-01 14:15:55,263 [pool-77-thread-1] INFO  server.RaftServerConfigKeys (ConfUtils.java:logGet(43)) - raft.server.snapshot.retention.num.files = 5 (custom)
2019-10-01 14:15:55,263 [pool-77-thread-1] INFO  server.RaftServerConfigKeys (ConfUtils.java:logGet(43)) - raft.server.retrycache.expirytime = 600000ms (custom)
2019-10-01 14:15:55,265 [pool-77-thread-1] INFO  impl.RaftServerImpl (RaftServerImpl.java:start(185)) - 67738115-7cb7-4102-ab79-b8d90a321e49@group-2C08B173DFCA: start as a follower, conf=-1: [67738115-7cb7-4102-ab79-b8d90a321e49:192.168.151.103:45628], old=null
2019-10-01 14:15:55,266 [pool-77-thread-1] INFO  impl.RaftServerImpl (RaftServerImpl.java:setRole(174)) - 67738115-7cb7-4102-ab79-b8d90a321e49@group-2C08B173DFCA: changes role from      null to FOLLOWER at term 0 for startAsFollower
2019-10-01 14:15:55,266 [pool-77-thread-1] INFO  impl.RoleInfo (RoleInfo.java:updateAndGet(143)) - 67738115-7cb7-4102-ab79-b8d90a321e49: start FollowerState
2019-10-01 14:15:55,266 [pool-77-thread-1] INFO  util.JmxRegister (JmxRegister.java:tryRegister(44)) - Successfully registered JMX Bean with object name Ratis:service=RaftServer,group=group-2C08B173DFCA,id=67738115-7cb7-4102-ab79-b8d90a321e49
2019-10-01 14:15:55,278 [RatisPipelineUtilsThread] INFO  pipeline.PipelineStateManager (PipelineStateManager.java:addPipeline(56)) - Created pipeline Pipeline[ Id: d8009ae4-0926-47df-9d8a-2c08b173dfca, Nodes: 67738115-7cb7-4102-ab79-b8d90a321e49{ip: 192.168.151.103, host: pr-trunk-878pl-325597374, networkLocation: /default-rack, certSerialId: null}, Type:RATIS, Factor:ONE, State:OPEN]
2019-10-01 14:15:55,293 [grpc-default-executor-0] INFO  impl.RaftServerProxy (RaftServerProxy.java:addNew(89)) - e052c69a-a915-4972-b3db-0764541643ec: addNew group-850BCD1F4B02:[e052c69a-a915-4972-b3db-0764541643ec:192.168.151.103:43920] returns group-850BCD1F4B02:java.util.concurrent.CompletableFuture@5b1e242c[Not completed]
2019-10-01 14:15:55,297 [pool-57-thread-1] INFO  impl.RaftServerImpl (RaftServerImpl.java:<init>(95)) - e052c69a-a915-4972-b3db-0764541643ec: new RaftServerImpl for group-850BCD1F4B02:[e052c69a-a915-4972-b3db-0764541643ec:192.168.151.103:43920] with ContainerStateMachine:uninitialized
2019-10-01 14:15:55,297 [pool-57-thread-1] INFO  server.RaftServerConfigKeys (ConfUtils.java:logGet(43)) - raft.server.rpc.timeout.min = 5s (custom)
2019-10-01 14:15:55,297 [pool-57-thread-1] INFO  server.RaftServerConfigKeys (ConfUtils.java:logGet(43)) - raft.server.rpc.timeout.max = 5200ms (custom)
2019-10-01 14:15:55,298 [pool-57-thread-1] INFO  server.RaftServerConfigKeys (ConfUtils.java:logGet(43)) - raft.server.rpcslowness.timeout = 120s (custom)
2019-10-01 14:15:55,298 [pool-57-thread-1] INFO  server.RaftServerConfigKeys (ConfUtils.java:logGet(43)) - raft.server.sleep.deviation.threshold = 300 (default)
2019-10-01 14:15:55,298 [pool-57-thread-1] INFO  server.RaftServerConfigKeys (ConfUtils.java:logGet(43)) - raft.server.log.appender.install.snapshot.enabled = false (custom)
2019-10-01 14:15:55,298 [pool-57-thread-1] INFO  impl.RaftServerImpl (ServerState.java:<init>(103)) - e052c69a-a915-4972-b3db-0764541643ec@group-850BCD1F4B02: ConfigurationManager, init=-1: [e052c69a-a915-4972-b3db-0764541643ec:192.168.151.103:43920], old=null, confs=<EMPTY_MAP>
2019-10-01 14:15:55,298 [pool-57-thread-1] INFO  server.RaftServerConfigKeys (ConfUtils.java:logGet(43)) - raft.server.storage.dir = [/workdir/hadoop-ozone/integration-test/target/test-dir/MiniOzoneClusterImpl-0c299cea-4044-47dd-bdd4-f5c3153bf6dc/datanode-3/data/ratis] (custom)
2019-10-01 14:15:55,298 [pool-57-thread-1] INFO  storage.RaftStorageDirectory (RaftStorageDirectory.java:analyzeStorage(246)) - The storage directory /workdir/hadoop-ozone/integration-test/target/test-dir/MiniOzoneClusterImpl-0c299cea-4044-47dd-bdd4-f5c3153bf6dc/datanode-3/data/ratis/14ec4b9e-eb02-4c5a-b1b5-850bcd1f4b02 does not exist. Creating ...
2019-10-01 14:15:55,311 [pool-57-thread-1] INFO  storage.RaftStorageDirectory (RaftStorageDirectory.java:tryLock(328)) - Lock on /workdir/hadoop-ozone/integration-test/target/test-dir/MiniOzoneClusterImpl-0c299cea-4044-47dd-bdd4-f5c3153bf6dc/datanode-3/data/ratis/14ec4b9e-eb02-4c5a-b1b5-850bcd1f4b02/in_use.lock acquired by nodename 28339@pr-trunk-878pl-325597374
2019-10-01 14:15:55,324 [pool-57-thread-1] INFO  storage.RaftStorage (RaftStorage.java:format(72)) - Storage directory /workdir/hadoop-ozone/integration-test/target/test-dir/MiniOzoneClusterImpl-0c299cea-4044-47dd-bdd4-f5c3153bf6dc/datanode-3/data/ratis/14ec4b9e-eb02-4c5a-b1b5-850bcd1f4b02 has been successfully formatted.
2019-10-01 14:15:55,324 [pool-57-thread-1] INFO  ratis.ContainerStateMachine (ContainerStateMachine.java:loadSnapshot(231)) - group-850BCD1F4B02: The snapshot info is null. Setting the last applied indexto:(t:0, i:~)
2019-10-01 14:15:55,324 [pool-57-thread-1] INFO  server.RaftServerConfigKeys (ConfUtils.java:logGet(43)) - raft.server.notification.no-leader.timeout = 120s (custom)
2019-10-01 14:15:55,324 [pool-57-thread-1] INFO  server.RaftServerConfigKeys (ConfUtils.java:logGet(43)) - raft.server.log.use.memory = false (default)
2019-10-01 14:15:55,324 [pool-57-thread-1] INFO  server.RaftServerConfigKeys (ConfUtils.java:logGet(43)) - raft.server.log.purge.gap = 1000000 (custom)
2019-10-01 14:15:55,325 [pool-57-thread-1] INFO  server.RaftServerConfigKeys (ConfUtils.java:logGet(43)) - raft.server.log.appender.buffer.byte-limit = 33554432 (custom)
2019-10-01 14:15:55,325 [pool-57-thread-1] INFO  server.RaftServerConfigKeys (ConfUtils.java:logGet(43)) - raft.server.log.segment.size.max = 1048576 (custom)
2019-10-01 14:15:55,325 [pool-57-thread-1] INFO  server.RaftServerConfigKeys (ConfUtils.java:logGet(43)) - raft.server.log.segment.cache.num.max = 2 (custom)
2019-10-01 14:15:55,325 [pool-57-thread-1] INFO  segmented.SegmentedRaftLogWorker (SegmentedRaftLogWorker.java:<init>(172)) - new e052c69a-a915-4972-b3db-0764541643ec@group-850BCD1F4B02-SegmentedRaftLogWorker for RaftStorage:Storage Directory /workdir/hadoop-ozone/integration-test/target/test-dir/MiniOzoneClusterImpl-0c299cea-4044-47dd-bdd4-f5c3153bf6dc/datanode-3/data/ratis/14ec4b9e-eb02-4c5a-b1b5-850bcd1f4b02
2019-10-01 14:15:55,328 [pool-57-thread-1] INFO  server.RaftServerConfigKeys (ConfUtils.java:logGet(43)) - raft.server.log.queue.byte-limit = 2147483647 (custom)
2019-10-01 14:15:55,328 [pool-57-thread-1] INFO  server.RaftServerConfigKeys (ConfUtils.java:logGet(43)) - raft.server.log.queue.element-limit = 1024 (custom)
2019-10-01 14:15:55,328 [pool-57-thread-1] INFO  server.RaftServerConfigKeys (ConfUtils.java:logGet(43)) - raft.server.log.segment.size.max = 1048576 (custom)
2019-10-01 14:15:55,328 [pool-57-thread-1] INFO  server.RaftServerConfigKeys (ConfUtils.java:logGet(43)) - raft.server.log.preallocated.size = 16384 (custom)
2019-10-01 14:15:55,328 [pool-57-thread-1] INFO  server.RaftServerConfigKeys (ConfUtils.java:logGet(43)) - raft.server.log.write.buffer.size = 33554432 (custom)
2019-10-01 14:15:55,328 [pool-57-thread-1] INFO  server.RaftServerConfigKeys (ConfUtils.java:logGet(43)) - raft.server.log.force.sync.num = 128 (default)
2019-10-01 14:15:55,328 [pool-57-thread-1] INFO  server.RaftServerConfigKeys (ConfUtils.java:logGet(43)) - raft.server.log.statemachine.data.sync = true (default)
2019-10-01 14:15:55,329 [pool-57-thread-1] INFO  server.RaftServerConfigKeys (ConfUtils.java:logGet(43)) - raft.server.log.statemachine.data.sync.timeout = 10s (default)
2019-10-01 14:15:55,329 [pool-57-thread-1] INFO  server.RaftServerConfigKeys (ConfUtils.java:logGet(43)) - raft.server.log.statemachine.data.sync.timeout.retry = -1 (default)
2019-10-01 14:15:55,329 [pool-57-thread-1] INFO  server.RaftServerConfigKeys (ConfUtils.java:logGet(43)) - raft.server.log.statemachine.data.caching.enabled = true (custom)
2019-10-01 14:15:55,329 [pool-57-thread-1] INFO  segmented.SegmentedRaftLogWorker (SegmentedRaftLogWorker.java:lambda$new$0(132)) - e052c69a-a915-4972-b3db-0764541643ec@group-850BCD1F4B02-SegmentedRaftLogWorker: flushIndex: setUnconditionally 0 -> -1
2019-10-01 14:15:55,329 [pool-57-thread-1] INFO  server.RaftServerConfigKeys (ConfUtils.java:logGet(43)) - raft.server.snapshot.auto.trigger.enabled = true (custom)
2019-10-01 14:15:55,330 [pool-57-thread-1] INFO  server.RaftServerConfigKeys (ConfUtils.java:logGet(43)) - raft.server.snapshot.auto.trigger.threshold = 10000 (custom)
2019-10-01 14:15:55,330 [pool-57-thread-1] INFO  server.RaftServerConfigKeys (ConfUtils.java:logGet(43)) - raft.server.snapshot.retention.num.files = 5 (custom)
2019-10-01 14:15:55,330 [pool-57-thread-1] INFO  server.RaftServerConfigKeys (ConfUtils.java:logGet(43)) - raft.server.retrycache.expirytime = 600000ms (custom)
2019-10-01 14:15:55,332 [pool-57-thread-1] INFO  impl.RaftServerImpl (RaftServerImpl.java:start(185)) - e052c69a-a915-4972-b3db-0764541643ec@group-850BCD1F4B02: start as a follower, conf=-1: [e052c69a-a915-4972-b3db-0764541643ec:192.168.151.103:43920], old=null
2019-10-01 14:15:55,332 [pool-57-thread-1] INFO  impl.RaftServerImpl (RaftServerImpl.java:setRole(174)) - e052c69a-a915-4972-b3db-0764541643ec@group-850BCD1F4B02: changes role from      null to FOLLOWER at term 0 for startAsFollower
2019-10-01 14:15:55,333 [pool-57-thread-1] INFO  impl.RoleInfo (RoleInfo.java:updateAndGet(143)) - e052c69a-a915-4972-b3db-0764541643ec: start FollowerState
2019-10-01 14:15:55,333 [pool-57-thread-1] INFO  util.JmxRegister (JmxRegister.java:tryRegister(44)) - Successfully registered JMX Bean with object name Ratis:service=RaftServer,group=group-850BCD1F4B02,id=e052c69a-a915-4972-b3db-0764541643ec
2019-10-01 14:15:55,355 [RatisPipelineUtilsThread] INFO  pipeline.PipelineStateManager (PipelineStateManager.java:addPipeline(56)) - Created pipeline Pipeline[ Id: 14ec4b9e-eb02-4c5a-b1b5-850bcd1f4b02, Nodes: e052c69a-a915-4972-b3db-0764541643ec{ip: 192.168.151.103, host: pr-trunk-878pl-325597374, networkLocation: /default-rack, certSerialId: null}, Type:RATIS, Factor:ONE, State:OPEN]
2019-10-01 14:15:55,393 [grpc-default-executor-1] INFO  impl.RaftServerProxy (RaftServerProxy.java:addNew(89)) - 65c19552-f16c-4986-8bf5-e40a8bae68e8: addNew group-AE4D0B056602:[466aa3db-ea72-4dcd-95a1-963c4eca687f:192.168.151.103:43159, 65c19552-f16c-4986-8bf5-e40a8bae68e8:192.168.151.103:45524, b5420178-9b9a-48fb-beed-521737d432b7:192.168.151.103:39141] returns group-AE4D0B056602:java.util.concurrent.CompletableFuture@cafab57[Not completed]
2019-10-01 14:15:55,394 [grpc-default-executor-2] INFO  impl.RaftServerProxy (RaftServerProxy.java:addNew(89)) - b5420178-9b9a-48fb-beed-521737d432b7: addNew group-AE4D0B056602:[466aa3db-ea72-4dcd-95a1-963c4eca687f:192.168.151.103:43159, 65c19552-f16c-4986-8bf5-e40a8bae68e8:192.168.151.103:45524, b5420178-9b9a-48fb-beed-521737d432b7:192.168.151.103:39141] returns group-AE4D0B056602:java.util.concurrent.CompletableFuture@4d2d6bfc[Not completed]
2019-10-01 14:15:55,396 [grpc-default-executor-2] INFO  impl.RaftServerProxy (RaftServerProxy.java:addNew(89)) - 466aa3db-ea72-4dcd-95a1-963c4eca687f: addNew group-AE4D0B056602:[466aa3db-ea72-4dcd-95a1-963c4eca687f:192.168.151.103:43159, 65c19552-f16c-4986-8bf5-e40a8bae68e8:192.168.151.103:45524, b5420178-9b9a-48fb-beed-521737d432b7:192.168.151.103:39141] returns group-AE4D0B056602:java.util.concurrent.CompletableFuture@82fec3d[Not completed]
2019-10-01 14:15:55,397 [pool-37-thread-1] INFO  impl.RaftServerImpl (RaftServerImpl.java:<init>(95)) - 65c19552-f16c-4986-8bf5-e40a8bae68e8: new RaftServerImpl for group-AE4D0B056602:[466aa3db-ea72-4dcd-95a1-963c4eca687f:192.168.151.103:43159, 65c19552-f16c-4986-8bf5-e40a8bae68e8:192.168.151.103:45524, b5420178-9b9a-48fb-beed-521737d432b7:192.168.151.103:39141] with ContainerStateMachine:uninitialized
2019-10-01 14:15:55,398 [pool-37-thread-1] INFO  server.RaftServerConfigKeys (ConfUtils.java:logGet(43)) - raft.server.rpc.timeout.min = 5s (custom)
2019-10-01 14:15:55,398 [pool-37-thread-1] INFO  server.RaftServerConfigKeys (ConfUtils.java:logGet(43)) - raft.server.rpc.timeout.max = 5200ms (custom)
2019-10-01 14:15:55,398 [pool-37-thread-1] INFO  server.RaftServerConfigKeys (ConfUtils.java:logGet(43)) - raft.server.rpcslowness.timeout = 120s (custom)
2019-10-01 14:15:55,398 [pool-87-thread-1] INFO  impl.RaftServerImpl (RaftServerImpl.java:<init>(95)) - 466aa3db-ea72-4dcd-95a1-963c4eca687f: new RaftServerImpl for group-AE4D0B056602:[466aa3db-ea72-4dcd-95a1-963c4eca687f:192.168.151.103:43159, 65c19552-f16c-4986-8bf5-e40a8bae68e8:192.168.151.103:45524, b5420178-9b9a-48fb-beed-521737d432b7:192.168.151.103:39141] with ContainerStateMachine:uninitialized
2019-10-01 14:15:55,398 [pool-37-thread-1] INFO  server.RaftServerConfigKeys (ConfUtils.java:logGet(43)) - raft.server.sleep.deviation.threshold = 300 (default)
2019-10-01 14:15:55,398 [pool-87-thread-1] INFO  server.RaftServerConfigKeys (ConfUtils.java:logGet(43)) - raft.server.rpc.timeout.min = 5s (custom)
2019-10-01 14:15:55,398 [pool-37-thread-1] INFO  server.RaftServerConfigKeys (ConfUtils.java:logGet(43)) - raft.server.log.appender.install.snapshot.enabled = false (custom)
2019-10-01 14:15:55,399 [pool-87-thread-1] INFO  server.RaftServerConfigKeys (ConfUtils.java:logGet(43)) - raft.server.rpc.timeout.max = 5200ms (custom)
2019-10-01 14:15:55,399 [pool-37-thread-1] INFO  impl.RaftServerImpl (ServerState.java:<init>(103)) - 65c19552-f16c-4986-8bf5-e40a8bae68e8@group-AE4D0B056602: ConfigurationManager, init=-1: [466aa3db-ea72-4dcd-95a1-963c4eca687f:192.168.151.103:43159, 65c19552-f16c-4986-8bf5-e40a8bae68e8:192.168.151.103:45524, b5420178-9b9a-48fb-beed-521737d432b7:192.168.151.103:39141], old=null, confs=<EMPTY_MAP>
2019-10-01 14:15:55,399 [pool-87-thread-1] INFO  server.RaftServerConfigKeys (ConfUtils.java:logGet(43)) - raft.server.rpcslowness.timeout = 120s (custom)
2019-10-01 14:15:55,399 [pool-87-thread-1] INFO  server.RaftServerConfigKeys (ConfUtils.java:logGet(43)) - raft.server.sleep.deviation.threshold = 300 (default)
2019-10-01 14:15:55,399 [pool-37-thread-1] INFO  server.RaftServerConfigKeys (ConfUtils.java:logGet(43)) - raft.server.storage.dir = [/workdir/hadoop-ozone/integration-test/target/test-dir/MiniOzoneClusterImpl-0c299cea-4044-47dd-bdd4-f5c3153bf6dc/datanode-1/data/ratis] (custom)
2019-10-01 14:15:55,399 [pool-87-thread-1] INFO  server.RaftServerConfigKeys (ConfUtils.java:logGet(43)) - raft.server.log.appender.install.snapshot.enabled = false (custom)
2019-10-01 14:15:55,399 [pool-87-thread-1] INFO  impl.RaftServerImpl (ServerState.java:<init>(103)) - 466aa3db-ea72-4dcd-95a1-963c4eca687f@group-AE4D0B056602: ConfigurationManager, init=-1: [466aa3db-ea72-4dcd-95a1-963c4eca687f:192.168.151.103:43159, 65c19552-f16c-4986-8bf5-e40a8bae68e8:192.168.151.103:45524, b5420178-9b9a-48fb-beed-521737d432b7:192.168.151.103:39141], old=null, confs=<EMPTY_MAP>
2019-10-01 14:15:55,400 [pool-87-thread-1] INFO  server.RaftServerConfigKeys (ConfUtils.java:logGet(43)) - raft.server.storage.dir = [/workdir/hadoop-ozone/integration-test/target/test-dir/MiniOzoneClusterImpl-0c299cea-4044-47dd-bdd4-f5c3153bf6dc/datanode-6/data/ratis] (custom)
2019-10-01 14:15:55,400 [pool-37-thread-1] INFO  storage.RaftStorageDirectory (RaftStorageDirectory.java:analyzeStorage(246)) - The storage directory /workdir/hadoop-ozone/integration-test/target/test-dir/MiniOzoneClusterImpl-0c299cea-4044-47dd-bdd4-f5c3153bf6dc/datanode-1/data/ratis/28d41d7f-9346-422e-ac1c-ae4d0b056602 does not exist. Creating ...
2019-10-01 14:15:55,400 [pool-87-thread-1] INFO  storage.RaftStorageDirectory (RaftStorageDirectory.java:analyzeStorage(246)) - The storage directory /workdir/hadoop-ozone/integration-test/target/test-dir/MiniOzoneClusterImpl-0c299cea-4044-47dd-bdd4-f5c3153bf6dc/datanode-6/data/ratis/28d41d7f-9346-422e-ac1c-ae4d0b056602 does not exist. Creating ...
2019-10-01 14:15:55,400 [pool-47-thread-1] INFO  impl.RaftServerImpl (RaftServerImpl.java:<init>(95)) - b5420178-9b9a-48fb-beed-521737d432b7: new RaftServerImpl for group-AE4D0B056602:[466aa3db-ea72-4dcd-95a1-963c4eca687f:192.168.151.103:43159, 65c19552-f16c-4986-8bf5-e40a8bae68e8:192.168.151.103:45524, b5420178-9b9a-48fb-beed-521737d432b7:192.168.151.103:39141] with ContainerStateMachine:uninitialized
2019-10-01 14:15:55,400 [pool-47-thread-1] INFO  server.RaftServerConfigKeys (ConfUtils.java:logGet(43)) - raft.server.rpc.timeout.min = 5s (custom)
2019-10-01 14:15:55,400 [pool-47-thread-1] INFO  server.RaftServerConfigKeys (ConfUtils.java:logGet(43)) - raft.server.rpc.timeout.max = 5200ms (custom)
2019-10-01 14:15:55,401 [pool-47-thread-1] INFO  server.RaftServerConfigKeys (ConfUtils.java:logGet(43)) - raft.server.rpcslowness.timeout = 120s (custom)
2019-10-01 14:15:55,401 [pool-47-thread-1] INFO  server.RaftServerConfigKeys (ConfUtils.java:logGet(43)) - raft.server.sleep.deviation.threshold = 300 (default)
2019-10-01 14:15:55,401 [pool-47-thread-1] INFO  server.RaftServerConfigKeys (ConfUtils.java:logGet(43)) - raft.server.log.appender.install.snapshot.enabled = false (custom)
2019-10-01 14:15:55,401 [pool-47-thread-1] INFO  impl.RaftServerImpl (ServerState.java:<init>(103)) - b5420178-9b9a-48fb-beed-521737d432b7@group-AE4D0B056602: ConfigurationManager, init=-1: [466aa3db-ea72-4dcd-95a1-963c4eca687f:192.168.151.103:43159, 65c19552-f16c-4986-8bf5-e40a8bae68e8:192.168.151.103:45524, b5420178-9b9a-48fb-beed-521737d432b7:192.168.151.103:39141], old=null, confs=<EMPTY_MAP>
2019-10-01 14:15:55,401 [pool-47-thread-1] INFO  server.RaftServerConfigKeys (ConfUtils.java:logGet(43)) - raft.server.storage.dir = [/workdir/hadoop-ozone/integration-test/target/test-dir/MiniOzoneClusterImpl-0c299cea-4044-47dd-bdd4-f5c3153bf6dc/datanode-2/data/ratis] (custom)
2019-10-01 14:15:55,402 [pool-47-thread-1] INFO  storage.RaftStorageDirectory (RaftStorageDirectory.java:analyzeStorage(246)) - The storage directory /workdir/hadoop-ozone/integration-test/target/test-dir/MiniOzoneClusterImpl-0c299cea-4044-47dd-bdd4-f5c3153bf6dc/datanode-2/data/ratis/28d41d7f-9346-422e-ac1c-ae4d0b056602 does not exist. Creating ...
2019-10-01 14:15:55,413 [pool-47-thread-1] INFO  storage.RaftStorageDirectory (RaftStorageDirectory.java:tryLock(328)) - Lock on /workdir/hadoop-ozone/integration-test/target/test-dir/MiniOzoneClusterImpl-0c299cea-4044-47dd-bdd4-f5c3153bf6dc/datanode-2/data/ratis/28d41d7f-9346-422e-ac1c-ae4d0b056602/in_use.lock acquired by nodename 28339@pr-trunk-878pl-325597374
2019-10-01 14:15:55,413 [pool-37-thread-1] INFO  storage.RaftStorageDirectory (RaftStorageDirectory.java:tryLock(328)) - Lock on /workdir/hadoop-ozone/integration-test/target/test-dir/MiniOzoneClusterImpl-0c299cea-4044-47dd-bdd4-f5c3153bf6dc/datanode-1/data/ratis/28d41d7f-9346-422e-ac1c-ae4d0b056602/in_use.lock acquired by nodename 28339@pr-trunk-878pl-325597374
2019-10-01 14:15:55,413 [pool-87-thread-1] INFO  storage.RaftStorageDirectory (RaftStorageDirectory.java:tryLock(328)) - Lock on /workdir/hadoop-ozone/integration-test/target/test-dir/MiniOzoneClusterImpl-0c299cea-4044-47dd-bdd4-f5c3153bf6dc/datanode-6/data/ratis/28d41d7f-9346-422e-ac1c-ae4d0b056602/in_use.lock acquired by nodename 28339@pr-trunk-878pl-325597374
2019-10-01 14:15:55,440 [pool-87-thread-1] INFO  storage.RaftStorage (RaftStorage.java:format(72)) - Storage directory /workdir/hadoop-ozone/integration-test/target/test-dir/MiniOzoneClusterImpl-0c299cea-4044-47dd-bdd4-f5c3153bf6dc/datanode-6/data/ratis/28d41d7f-9346-422e-ac1c-ae4d0b056602 has been successfully formatted.
2019-10-01 14:15:55,440 [pool-47-thread-1] INFO  storage.RaftStorage (RaftStorage.java:format(72)) - Storage directory /workdir/hadoop-ozone/integration-test/target/test-dir/MiniOzoneClusterImpl-0c299cea-4044-47dd-bdd4-f5c3153bf6dc/datanode-2/data/ratis/28d41d7f-9346-422e-ac1c-ae4d0b056602 has been successfully formatted.
2019-10-01 14:15:55,440 [pool-37-thread-1] INFO  storage.RaftStorage (RaftStorage.java:format(72)) - Storage directory /workdir/hadoop-ozone/integration-test/target/test-dir/MiniOzoneClusterImpl-0c299cea-4044-47dd-bdd4-f5c3153bf6dc/datanode-1/data/ratis/28d41d7f-9346-422e-ac1c-ae4d0b056602 has been successfully formatted.
2019-10-01 14:15:55,441 [pool-87-thread-1] INFO  ratis.ContainerStateMachine (ContainerStateMachine.java:loadSnapshot(231)) - group-AE4D0B056602: The snapshot info is null. Setting the last applied indexto:(t:0, i:~)
2019-10-01 14:15:55,441 [pool-37-thread-1] INFO  ratis.ContainerStateMachine (ContainerStateMachine.java:loadSnapshot(231)) - group-AE4D0B056602: The snapshot info is null. Setting the last applied indexto:(t:0, i:~)
2019-10-01 14:15:55,441 [pool-47-thread-1] INFO  ratis.ContainerStateMachine (ContainerStateMachine.java:loadSnapshot(231)) - group-AE4D0B056602: The snapshot info is null. Setting the last applied indexto:(t:0, i:~)
2019-10-01 14:15:55,441 [pool-37-thread-1] INFO  server.RaftServerConfigKeys (ConfUtils.java:logGet(43)) - raft.server.notification.no-leader.timeout = 120s (custom)
2019-10-01 14:15:55,441 [pool-87-thread-1] INFO  server.RaftServerConfigKeys (ConfUtils.java:logGet(43)) - raft.server.notification.no-leader.timeout = 120s (custom)
2019-10-01 14:15:55,441 [pool-37-thread-1] INFO  server.RaftServerConfigKeys (ConfUtils.java:logGet(43)) - raft.server.log.use.memory = false (default)
2019-10-01 14:15:55,441 [pool-47-thread-1] INFO  server.RaftServerConfigKeys (ConfUtils.java:logGet(43)) - raft.server.notification.no-leader.timeout = 120s (custom)
2019-10-01 14:15:55,442 [pool-37-thread-1] INFO  server.RaftServerConfigKeys (ConfUtils.java:logGet(43)) - raft.server.log.purge.gap = 1000000 (custom)
2019-10-01 14:15:55,442 [pool-87-thread-1] INFO  server.RaftServerConfigKeys (ConfUtils.java:logGet(43)) - raft.server.log.use.memory = false (default)
2019-10-01 14:15:55,442 [pool-37-thread-1] INFO  server.RaftServerConfigKeys (ConfUtils.java:logGet(43)) - raft.server.log.appender.buffer.byte-limit = 33554432 (custom)
2019-10-01 14:15:55,442 [pool-47-thread-1] INFO  server.RaftServerConfigKeys (ConfUtils.java:logGet(43)) - raft.server.log.use.memory = false (default)
2019-10-01 14:15:55,442 [pool-37-thread-1] INFO  server.RaftServerConfigKeys (ConfUtils.java:logGet(43)) - raft.server.log.segment.size.max = 1048576 (custom)
2019-10-01 14:15:55,442 [pool-87-thread-1] INFO  server.RaftServerConfigKeys (ConfUtils.java:logGet(43)) - raft.server.log.purge.gap = 1000000 (custom)
2019-10-01 14:15:55,442 [pool-37-thread-1] INFO  server.RaftServerConfigKeys (ConfUtils.java:logGet(43)) - raft.server.log.segment.cache.num.max = 2 (custom)
2019-10-01 14:15:55,442 [pool-47-thread-1] INFO  server.RaftServerConfigKeys (ConfUtils.java:logGet(43)) - raft.server.log.purge.gap = 1000000 (custom)
2019-10-01 14:15:55,443 [pool-37-thread-1] INFO  segmented.SegmentedRaftLogWorker (SegmentedRaftLogWorker.java:<init>(172)) - new 65c19552-f16c-4986-8bf5-e40a8bae68e8@group-AE4D0B056602-SegmentedRaftLogWorker for RaftStorage:Storage Directory /workdir/hadoop-ozone/integration-test/target/test-dir/MiniOzoneClusterImpl-0c299cea-4044-47dd-bdd4-f5c3153bf6dc/datanode-1/data/ratis/28d41d7f-9346-422e-ac1c-ae4d0b056602
2019-10-01 14:15:55,443 [pool-87-thread-1] INFO  server.RaftServerConfigKeys (ConfUtils.java:logGet(43)) - raft.server.log.appender.buffer.byte-limit = 33554432 (custom)
2019-10-01 14:15:55,443 [pool-37-thread-1] INFO  server.RaftServerConfigKeys (ConfUtils.java:logGet(43)) - raft.server.log.queue.byte-limit = 2147483647 (custom)
2019-10-01 14:15:55,443 [pool-47-thread-1] INFO  server.RaftServerConfigKeys (ConfUtils.java:logGet(43)) - raft.server.log.appender.buffer.byte-limit = 33554432 (custom)
2019-10-01 14:15:55,443 [pool-37-thread-1] INFO  server.RaftServerConfigKeys (ConfUtils.java:logGet(43)) - raft.server.log.queue.element-limit = 1024 (custom)
2019-10-01 14:15:55,443 [pool-87-thread-1] INFO  server.RaftServerConfigKeys (ConfUtils.java:logGet(43)) - raft.server.log.segment.size.max = 1048576 (custom)
2019-10-01 14:15:55,443 [pool-37-thread-1] INFO  server.RaftServerConfigKeys (ConfUtils.java:logGet(43)) - raft.server.log.segment.size.max = 1048576 (custom)
2019-10-01 14:15:55,443 [pool-47-thread-1] INFO  server.RaftServerConfigKeys (ConfUtils.java:logGet(43)) - raft.server.log.segment.size.max = 1048576 (custom)
2019-10-01 14:15:55,444 [pool-37-thread-1] INFO  server.RaftServerConfigKeys (ConfUtils.java:logGet(43)) - raft.server.log.preallocated.size = 16384 (custom)
2019-10-01 14:15:55,444 [pool-87-thread-1] INFO  server.RaftServerConfigKeys (ConfUtils.java:logGet(43)) - raft.server.log.segment.cache.num.max = 2 (custom)
2019-10-01 14:15:55,444 [pool-37-thread-1] INFO  server.RaftServerConfigKeys (ConfUtils.java:logGet(43)) - raft.server.log.write.buffer.size = 33554432 (custom)
2019-10-01 14:15:55,444 [pool-47-thread-1] INFO  server.RaftServerConfigKeys (ConfUtils.java:logGet(43)) - raft.server.log.segment.cache.num.max = 2 (custom)
2019-10-01 14:15:55,444 [pool-37-thread-1] INFO  server.RaftServerConfigKeys (ConfUtils.java:logGet(43)) - raft.server.log.force.sync.num = 128 (default)
2019-10-01 14:15:55,444 [pool-87-thread-1] INFO  segmented.SegmentedRaftLogWorker (SegmentedRaftLogWorker.java:<init>(172)) - new 466aa3db-ea72-4dcd-95a1-963c4eca687f@group-AE4D0B056602-SegmentedRaftLogWorker for RaftStorage:Storage Directory /workdir/hadoop-ozone/integration-test/target/test-dir/MiniOzoneClusterImpl-0c299cea-4044-47dd-bdd4-f5c3153bf6dc/datanode-6/data/ratis/28d41d7f-9346-422e-ac1c-ae4d0b056602
2019-10-01 14:15:55,444 [pool-37-thread-1] INFO  server.RaftServerConfigKeys (ConfUtils.java:logGet(43)) - raft.server.log.statemachine.data.sync = true (default)
2019-10-01 14:15:55,444 [pool-47-thread-1] INFO  segmented.SegmentedRaftLogWorker (SegmentedRaftLogWorker.java:<init>(172)) - new b5420178-9b9a-48fb-beed-521737d432b7@group-AE4D0B056602-SegmentedRaftLogWorker for RaftStorage:Storage Directory /workdir/hadoop-ozone/integration-test/target/test-dir/MiniOzoneClusterImpl-0c299cea-4044-47dd-bdd4-f5c3153bf6dc/datanode-2/data/ratis/28d41d7f-9346-422e-ac1c-ae4d0b056602
2019-10-01 14:15:55,445 [pool-37-thread-1] INFO  server.RaftServerConfigKeys (ConfUtils.java:logGet(43)) - raft.server.log.statemachine.data.sync.timeout = 10s (default)
2019-10-01 14:15:55,444 [pool-87-thread-1] INFO  server.RaftServerConfigKeys (ConfUtils.java:logGet(43)) - raft.server.log.queue.byte-limit = 2147483647 (custom)
2019-10-01 14:15:55,445 [pool-37-thread-1] INFO  server.RaftServerConfigKeys (ConfUtils.java:logGet(43)) - raft.server.log.statemachine.data.sync.timeout.retry = -1 (default)
2019-10-01 14:15:55,445 [pool-47-thread-1] INFO  server.RaftServerConfigKeys (ConfUtils.java:logGet(43)) - raft.server.log.queue.byte-limit = 2147483647 (custom)
2019-10-01 14:15:55,445 [pool-37-thread-1] INFO  server.RaftServerConfigKeys (ConfUtils.java:logGet(43)) - raft.server.log.statemachine.data.caching.enabled = true (custom)
2019-10-01 14:15:55,445 [pool-87-thread-1] INFO  server.RaftServerConfigKeys (ConfUtils.java:logGet(43)) - raft.server.log.queue.element-limit = 1024 (custom)
2019-10-01 14:15:55,445 [pool-47-thread-1] INFO  server.RaftServerConfigKeys (ConfUtils.java:logGet(43)) - raft.server.log.queue.element-limit = 1024 (custom)
2019-10-01 14:15:55,446 [pool-37-thread-1] INFO  segmented.SegmentedRaftLogWorker (SegmentedRaftLogWorker.java:lambda$new$0(132)) - 65c19552-f16c-4986-8bf5-e40a8bae68e8@group-AE4D0B056602-SegmentedRaftLogWorker: flushIndex: setUnconditionally 0 -> -1
2019-10-01 14:15:55,446 [pool-47-thread-1] INFO  server.RaftServerConfigKeys (ConfUtils.java:logGet(43)) - raft.server.log.segment.size.max = 1048576 (custom)
2019-10-01 14:15:55,446 [pool-87-thread-1] INFO  server.RaftServerConfigKeys (ConfUtils.java:logGet(43)) - raft.server.log.segment.size.max = 1048576 (custom)
2019-10-01 14:15:55,446 [pool-37-thread-1] INFO  server.RaftServerConfigKeys (ConfUtils.java:logGet(43)) - raft.server.snapshot.auto.trigger.enabled = true (custom)
2019-10-01 14:15:55,446 [pool-47-thread-1] INFO  server.RaftServerConfigKeys (ConfUtils.java:logGet(43)) - raft.server.log.preallocated.size = 16384 (custom)
2019-10-01 14:15:55,446 [pool-37-thread-1] INFO  server.RaftServerConfigKeys (ConfUtils.java:logGet(43)) - raft.server.snapshot.auto.trigger.threshold = 10000 (custom)
2019-10-01 14:15:55,446 [pool-87-thread-1] INFO  server.RaftServerConfigKeys (ConfUtils.java:logGet(43)) - raft.server.log.preallocated.size = 16384 (custom)
2019-10-01 14:15:55,446 [pool-37-thread-1] INFO  server.RaftServerConfigKeys (ConfUtils.java:logGet(43)) - raft.server.snapshot.retention.num.files = 5 (custom)
2019-10-01 14:15:55,446 [pool-47-thread-1] INFO  server.RaftServerConfigKeys (ConfUtils.java:logGet(43)) - raft.server.log.write.buffer.size = 33554432 (custom)
2019-10-01 14:15:55,447 [pool-37-thread-1] INFO  server.RaftServerConfigKeys (ConfUtils.java:logGet(43)) - raft.server.retrycache.expirytime = 600000ms (custom)
2019-10-01 14:15:55,446 [pool-87-thread-1] INFO  server.RaftServerConfigKeys (ConfUtils.java:logGet(43)) - raft.server.log.write.buffer.size = 33554432 (custom)
2019-10-01 14:15:55,447 [pool-47-thread-1] INFO  server.RaftServerConfigKeys (ConfUtils.java:logGet(43)) - raft.server.log.force.sync.num = 128 (default)
2019-10-01 14:15:55,447 [pool-87-thread-1] INFO  server.RaftServerConfigKeys (ConfUtils.java:logGet(43)) - raft.server.log.force.sync.num = 128 (default)
2019-10-01 14:15:55,447 [pool-47-thread-1] INFO  server.RaftServerConfigKeys (ConfUtils.java:logGet(43)) - raft.server.log.statemachine.data.sync = true (default)
2019-10-01 14:15:55,447 [pool-87-thread-1] INFO  server.RaftServerConfigKeys (ConfUtils.java:logGet(43)) - raft.server.log.statemachine.data.sync = true (default)
2019-10-01 14:15:55,447 [pool-47-thread-1] INFO  server.RaftServerConfigKeys (ConfUtils.java:logGet(43)) - raft.server.log.statemachine.data.sync.timeout = 10s (default)
2019-10-01 14:15:55,448 [pool-87-thread-1] INFO  server.RaftServerConfigKeys (ConfUtils.java:logGet(43)) - raft.server.log.statemachine.data.sync.timeout = 10s (default)
2019-10-01 14:15:55,448 [pool-47-thread-1] INFO  server.RaftServerConfigKeys (ConfUtils.java:logGet(43)) - raft.server.log.statemachine.data.sync.timeout.retry = -1 (default)
2019-10-01 14:15:55,448 [pool-87-thread-1] INFO  server.RaftServerConfigKeys (ConfUtils.java:logGet(43)) - raft.server.log.statemachine.data.sync.timeout.retry = -1 (default)
2019-10-01 14:15:55,448 [pool-47-thread-1] INFO  server.RaftServerConfigKeys (ConfUtils.java:logGet(43)) - raft.server.log.statemachine.data.caching.enabled = true (custom)
2019-10-01 14:15:55,448 [pool-87-thread-1] INFO  server.RaftServerConfigKeys (ConfUtils.java:logGet(43)) - raft.server.log.statemachine.data.caching.enabled = true (custom)
2019-10-01 14:15:55,448 [pool-47-thread-1] INFO  segmented.SegmentedRaftLogWorker (SegmentedRaftLogWorker.java:lambda$new$0(132)) - b5420178-9b9a-48fb-beed-521737d432b7@group-AE4D0B056602-SegmentedRaftLogWorker: flushIndex: setUnconditionally 0 -> -1
2019-10-01 14:15:55,449 [pool-87-thread-1] INFO  segmented.SegmentedRaftLogWorker (SegmentedRaftLogWorker.java:lambda$new$0(132)) - 466aa3db-ea72-4dcd-95a1-963c4eca687f@group-AE4D0B056602-SegmentedRaftLogWorker: flushIndex: setUnconditionally 0 -> -1
2019-10-01 14:15:55,449 [pool-47-thread-1] INFO  server.RaftServerConfigKeys (ConfUtils.java:logGet(43)) - raft.server.snapshot.auto.trigger.enabled = true (custom)
2019-10-01 14:15:55,449 [pool-47-thread-1] INFO  server.RaftServerConfigKeys (ConfUtils.java:logGet(43)) - raft.server.snapshot.auto.trigger.threshold = 10000 (custom)
2019-10-01 14:15:55,449 [pool-87-thread-1] INFO  server.RaftServerConfigKeys (ConfUtils.java:logGet(43)) - raft.server.snapshot.auto.trigger.enabled = true (custom)
2019-10-01 14:15:55,449 [pool-47-thread-1] INFO  server.RaftServerConfigKeys (ConfUtils.java:logGet(43)) - raft.server.snapshot.retention.num.files = 5 (custom)
2019-10-01 14:15:55,449 [pool-87-thread-1] INFO  server.RaftServerConfigKeys (ConfUtils.java:logGet(43)) - raft.server.snapshot.auto.trigger.threshold = 10000 (custom)
2019-10-01 14:15:55,449 [pool-47-thread-1] INFO  server.RaftServerConfigKeys (ConfUtils.java:logGet(43)) - raft.server.retrycache.expirytime = 600000ms (custom)
2019-10-01 14:15:55,449 [pool-87-thread-1] INFO  server.RaftServerConfigKeys (ConfUtils.java:logGet(43)) - raft.server.snapshot.retention.num.files = 5 (custom)
2019-10-01 14:15:55,450 [pool-87-thread-1] INFO  server.RaftServerConfigKeys (ConfUtils.java:logGet(43)) - raft.server.retrycache.expirytime = 600000ms (custom)
2019-10-01 14:15:55,451 [pool-37-thread-1] INFO  impl.RaftServerImpl (RaftServerImpl.java:start(185)) - 65c19552-f16c-4986-8bf5-e40a8bae68e8@group-AE4D0B056602: start as a follower, conf=-1: [466aa3db-ea72-4dcd-95a1-963c4eca687f:192.168.151.103:43159, 65c19552-f16c-4986-8bf5-e40a8bae68e8:192.168.151.103:45524, b5420178-9b9a-48fb-beed-521737d432b7:192.168.151.103:39141], old=null
2019-10-01 14:15:55,451 [pool-37-thread-1] INFO  impl.RaftServerImpl (RaftServerImpl.java:setRole(174)) - 65c19552-f16c-4986-8bf5-e40a8bae68e8@group-AE4D0B056602: changes role from      null to FOLLOWER at term 0 for startAsFollower
2019-10-01 14:15:55,451 [pool-37-thread-1] INFO  impl.RoleInfo (RoleInfo.java:updateAndGet(143)) - 65c19552-f16c-4986-8bf5-e40a8bae68e8: start FollowerState
2019-10-01 14:15:55,452 [pool-37-thread-1] INFO  util.JmxRegister (JmxRegister.java:tryRegister(44)) - Successfully registered JMX Bean with object name Ratis:service=RaftServer,group=group-AE4D0B056602,id=65c19552-f16c-4986-8bf5-e40a8bae68e8
2019-10-01 14:15:55,458 [pool-47-thread-1] INFO  impl.RaftServerImpl (RaftServerImpl.java:start(185)) - b5420178-9b9a-48fb-beed-521737d432b7@group-AE4D0B056602: start as a follower, conf=-1: [466aa3db-ea72-4dcd-95a1-963c4eca687f:192.168.151.103:43159, 65c19552-f16c-4986-8bf5-e40a8bae68e8:192.168.151.103:45524, b5420178-9b9a-48fb-beed-521737d432b7:192.168.151.103:39141], old=null
2019-10-01 14:15:55,459 [pool-47-thread-1] INFO  impl.RaftServerImpl (RaftServerImpl.java:setRole(174)) - b5420178-9b9a-48fb-beed-521737d432b7@group-AE4D0B056602: changes role from      null to FOLLOWER at term 0 for startAsFollower
2019-10-01 14:15:55,459 [pool-87-thread-1] INFO  impl.RaftServerImpl (RaftServerImpl.java:start(185)) - 466aa3db-ea72-4dcd-95a1-963c4eca687f@group-AE4D0B056602: start as a follower, conf=-1: [466aa3db-ea72-4dcd-95a1-963c4eca687f:192.168.151.103:43159, 65c19552-f16c-4986-8bf5-e40a8bae68e8:192.168.151.103:45524, b5420178-9b9a-48fb-beed-521737d432b7:192.168.151.103:39141], old=null
2019-10-01 14:15:55,461 [pool-47-thread-1] INFO  impl.RoleInfo (RoleInfo.java:updateAndGet(143)) - b5420178-9b9a-48fb-beed-521737d432b7: start FollowerState
2019-10-01 14:15:55,461 [pool-87-thread-1] INFO  impl.RaftServerImpl (RaftServerImpl.java:setRole(174)) - 466aa3db-ea72-4dcd-95a1-963c4eca687f@group-AE4D0B056602: changes role from      null to FOLLOWER at term 0 for startAsFollower
2019-10-01 14:15:55,462 [pool-87-thread-1] INFO  impl.RoleInfo (RoleInfo.java:updateAndGet(143)) - 466aa3db-ea72-4dcd-95a1-963c4eca687f: start FollowerState
2019-10-01 14:15:55,462 [pool-47-thread-1] INFO  util.JmxRegister (JmxRegister.java:tryRegister(44)) - Successfully registered JMX Bean with object name Ratis:service=RaftServer,group=group-AE4D0B056602,id=b5420178-9b9a-48fb-beed-521737d432b7
2019-10-01 14:15:55,463 [pool-87-thread-1] INFO  util.JmxRegister (JmxRegister.java:tryRegister(44)) - Successfully registered JMX Bean with object name Ratis:service=RaftServer,group=group-AE4D0B056602,id=466aa3db-ea72-4dcd-95a1-963c4eca687f
2019-10-01 14:15:55,479 [RatisPipelineUtilsThread] INFO  pipeline.PipelineStateManager (PipelineStateManager.java:addPipeline(56)) - Created pipeline Pipeline[ Id: 28d41d7f-9346-422e-ac1c-ae4d0b056602, Nodes: 65c19552-f16c-4986-8bf5-e40a8bae68e8{ip: 192.168.151.103, host: pr-trunk-878pl-325597374, networkLocation: /default-rack, certSerialId: null}b5420178-9b9a-48fb-beed-521737d432b7{ip: 192.168.151.103, host: pr-trunk-878pl-325597374, networkLocation: /default-rack, certSerialId: null}466aa3db-ea72-4dcd-95a1-963c4eca687f{ip: 192.168.151.103, host: pr-trunk-878pl-325597374, networkLocation: /default-rack, certSerialId: null}, Type:RATIS, Factor:THREE, State:OPEN]
2019-10-01 14:15:55,511 [grpc-default-executor-0] INFO  impl.RaftServerProxy (RaftServerProxy.java:addNew(89)) - 804e63cd-c050-4a97-8e09-72401e6f6fea: addNew group-4783FD9B2FC9:[804e63cd-c050-4a97-8e09-72401e6f6fea:192.168.151.103:35361, e052c69a-a915-4972-b3db-0764541643ec:192.168.151.103:43920, 67738115-7cb7-4102-ab79-b8d90a321e49:192.168.151.103:45628] returns group-4783FD9B2FC9:java.util.concurrent.CompletableFuture@7525db85[Not completed]
2019-10-01 14:15:55,511 [grpc-default-executor-1] INFO  impl.RaftServerProxy (RaftServerProxy.java:addNew(89)) - 67738115-7cb7-4102-ab79-b8d90a321e49: addNew group-4783FD9B2FC9:[804e63cd-c050-4a97-8e09-72401e6f6fea:192.168.151.103:35361, e052c69a-a915-4972-b3db-0764541643ec:192.168.151.103:43920, 67738115-7cb7-4102-ab79-b8d90a321e49:192.168.151.103:45628] returns group-4783FD9B2FC9:java.util.concurrent.CompletableFuture@4d92a16c[Not completed]
2019-10-01 14:15:55,515 [grpc-default-executor-2] INFO  impl.RaftServerProxy (RaftServerProxy.java:addNew(89)) - e052c69a-a915-4972-b3db-0764541643ec: addNew group-4783FD9B2FC9:[804e63cd-c050-4a97-8e09-72401e6f6fea:192.168.151.103:35361, e052c69a-a915-4972-b3db-0764541643ec:192.168.151.103:43920, 67738115-7cb7-4102-ab79-b8d90a321e49:192.168.151.103:45628] returns group-4783FD9B2FC9:java.util.concurrent.CompletableFuture@396da4f6[Not completed]
2019-10-01 14:15:55,516 [pool-77-thread-1] INFO  impl.RaftServerImpl (RaftServerImpl.java:<init>(95)) - 67738115-7cb7-4102-ab79-b8d90a321e49: new RaftServerImpl for group-4783FD9B2FC9:[804e63cd-c050-4a97-8e09-72401e6f6fea:192.168.151.103:35361, e052c69a-a915-4972-b3db-0764541643ec:192.168.151.103:43920, 67738115-7cb7-4102-ab79-b8d90a321e49:192.168.151.103:45628] with ContainerStateMachine:uninitialized
2019-10-01 14:15:55,517 [pool-77-thread-1] INFO  server.RaftServerConfigKeys (ConfUtils.java:logGet(43)) - raft.server.rpc.timeout.min = 5s (custom)
2019-10-01 14:15:55,517 [pool-77-thread-1] INFO  server.RaftServerConfigKeys (ConfUtils.java:logGet(43)) - raft.server.rpc.timeout.max = 5200ms (custom)
2019-10-01 14:15:55,517 [pool-77-thread-1] INFO  server.RaftServerConfigKeys (ConfUtils.java:logGet(43)) - raft.server.rpcslowness.timeout = 120s (custom)
2019-10-01 14:15:55,517 [pool-77-thread-1] INFO  server.RaftServerConfigKeys (ConfUtils.java:logGet(43)) - raft.server.sleep.deviation.threshold = 300 (default)
2019-10-01 14:15:55,517 [pool-77-thread-1] INFO  server.RaftServerConfigKeys (ConfUtils.java:logGet(43)) - raft.server.log.appender.install.snapshot.enabled = false (custom)
2019-10-01 14:15:55,518 [pool-77-thread-1] INFO  impl.RaftServerImpl (ServerState.java:<init>(103)) - 67738115-7cb7-4102-ab79-b8d90a321e49@group-4783FD9B2FC9: ConfigurationManager, init=-1: [804e63cd-c050-4a97-8e09-72401e6f6fea:192.168.151.103:35361, e052c69a-a915-4972-b3db-0764541643ec:192.168.151.103:43920, 67738115-7cb7-4102-ab79-b8d90a321e49:192.168.151.103:45628], old=null, confs=<EMPTY_MAP>
2019-10-01 14:15:55,518 [pool-77-thread-1] INFO  server.RaftServerConfigKeys (ConfUtils.java:logGet(43)) - raft.server.storage.dir = [/workdir/hadoop-ozone/integration-test/target/test-dir/MiniOzoneClusterImpl-0c299cea-4044-47dd-bdd4-f5c3153bf6dc/datanode-5/data/ratis] (custom)
2019-10-01 14:15:55,518 [pool-57-thread-1] INFO  impl.RaftServerImpl (RaftServerImpl.java:<init>(95)) - e052c69a-a915-4972-b3db-0764541643ec: new RaftServerImpl for group-4783FD9B2FC9:[804e63cd-c050-4a97-8e09-72401e6f6fea:192.168.151.103:35361, e052c69a-a915-4972-b3db-0764541643ec:192.168.151.103:43920, 67738115-7cb7-4102-ab79-b8d90a321e49:192.168.151.103:45628] with ContainerStateMachine:uninitialized
2019-10-01 14:15:55,518 [pool-77-thread-1] INFO  storage.RaftStorageDirectory (RaftStorageDirectory.java:analyzeStorage(246)) - The storage directory /workdir/hadoop-ozone/integration-test/target/test-dir/MiniOzoneClusterImpl-0c299cea-4044-47dd-bdd4-f5c3153bf6dc/datanode-5/data/ratis/426cf578-d2ae-4a9a-a7c0-4783fd9b2fc9 does not exist. Creating ...
2019-10-01 14:15:55,518 [pool-57-thread-1] INFO  server.RaftServerConfigKeys (ConfUtils.java:logGet(43)) - raft.server.rpc.timeout.min = 5s (custom)
2019-10-01 14:15:55,519 [pool-57-thread-1] INFO  server.RaftServerConfigKeys (ConfUtils.java:logGet(43)) - raft.server.rpc.timeout.max = 5200ms (custom)
2019-10-01 14:15:55,519 [pool-57-thread-1] INFO  server.RaftServerConfigKeys (ConfUtils.java:logGet(43)) - raft.server.rpcslowness.timeout = 120s (custom)
2019-10-01 14:15:55,519 [pool-57-thread-1] INFO  server.RaftServerConfigKeys (ConfUtils.java:logGet(43)) - raft.server.sleep.deviation.threshold = 300 (default)
2019-10-01 14:15:55,519 [pool-57-thread-1] INFO  server.RaftServerConfigKeys (ConfUtils.java:logGet(43)) - raft.server.log.appender.install.snapshot.enabled = false (custom)
2019-10-01 14:15:55,519 [pool-57-thread-1] INFO  impl.RaftServerImpl (ServerState.java:<init>(103)) - e052c69a-a915-4972-b3db-0764541643ec@group-4783FD9B2FC9: ConfigurationManager, init=-1: [804e63cd-c050-4a97-8e09-72401e6f6fea:192.168.151.103:35361, e052c69a-a915-4972-b3db-0764541643ec:192.168.151.103:43920, 67738115-7cb7-4102-ab79-b8d90a321e49:192.168.151.103:45628], old=null, confs=<EMPTY_MAP>
2019-10-01 14:15:55,520 [pool-57-thread-1] INFO  server.RaftServerConfigKeys (ConfUtils.java:logGet(43)) - raft.server.storage.dir = [/workdir/hadoop-ozone/integration-test/target/test-dir/MiniOzoneClusterImpl-0c299cea-4044-47dd-bdd4-f5c3153bf6dc/datanode-3/data/ratis] (custom)
2019-10-01 14:15:55,520 [pool-67-thread-1] INFO  impl.RaftServerImpl (RaftServerImpl.java:<init>(95)) - 804e63cd-c050-4a97-8e09-72401e6f6fea: new RaftServerImpl for group-4783FD9B2FC9:[804e63cd-c050-4a97-8e09-72401e6f6fea:192.168.151.103:35361, e052c69a-a915-4972-b3db-0764541643ec:192.168.151.103:43920, 67738115-7cb7-4102-ab79-b8d90a321e49:192.168.151.103:45628] with ContainerStateMachine:uninitialized
2019-10-01 14:15:55,520 [pool-57-thread-1] INFO  storage.RaftStorageDirectory (RaftStorageDirectory.java:analyzeStorage(246)) - The storage directory /workdir/hadoop-ozone/integration-test/target/test-dir/MiniOzoneClusterImpl-0c299cea-4044-47dd-bdd4-f5c3153bf6dc/datanode-3/data/ratis/426cf578-d2ae-4a9a-a7c0-4783fd9b2fc9 does not exist. Creating ...
2019-10-01 14:15:55,520 [pool-67-thread-1] INFO  server.RaftServerConfigKeys (ConfUtils.java:logGet(43)) - raft.server.rpc.timeout.min = 5s (custom)
2019-10-01 14:15:55,521 [pool-67-thread-1] INFO  server.RaftServerConfigKeys (ConfUtils.java:logGet(43)) - raft.server.rpc.timeout.max = 5200ms (custom)
2019-10-01 14:15:55,521 [pool-67-thread-1] INFO  server.RaftServerConfigKeys (ConfUtils.java:logGet(43)) - raft.server.rpcslowness.timeout = 120s (custom)
2019-10-01 14:15:55,521 [pool-67-thread-1] INFO  server.RaftServerConfigKeys (ConfUtils.java:logGet(43)) - raft.server.sleep.deviation.threshold = 300 (default)
2019-10-01 14:15:55,521 [pool-67-thread-1] INFO  server.RaftServerConfigKeys (ConfUtils.java:logGet(43)) - raft.server.log.appender.install.snapshot.enabled = false (custom)
2019-10-01 14:15:55,522 [pool-67-thread-1] INFO  impl.RaftServerImpl (ServerState.java:<init>(103)) - 804e63cd-c050-4a97-8e09-72401e6f6fea@group-4783FD9B2FC9: ConfigurationManager, init=-1: [804e63cd-c050-4a97-8e09-72401e6f6fea:192.168.151.103:35361, e052c69a-a915-4972-b3db-0764541643ec:192.168.151.103:43920, 67738115-7cb7-4102-ab79-b8d90a321e49:192.168.151.103:45628], old=null, confs=<EMPTY_MAP>
2019-10-01 14:15:55,522 [pool-67-thread-1] INFO  server.RaftServerConfigKeys (ConfUtils.java:logGet(43)) - raft.server.storage.dir = [/workdir/hadoop-ozone/integration-test/target/test-dir/MiniOzoneClusterImpl-0c299cea-4044-47dd-bdd4-f5c3153bf6dc/datanode-4/data/ratis] (custom)
2019-10-01 14:15:55,523 [pool-67-thread-1] INFO  storage.RaftStorageDirectory (RaftStorageDirectory.java:analyzeStorage(246)) - The storage directory /workdir/hadoop-ozone/integration-test/target/test-dir/MiniOzoneClusterImpl-0c299cea-4044-47dd-bdd4-f5c3153bf6dc/datanode-4/data/ratis/426cf578-d2ae-4a9a-a7c0-4783fd9b2fc9 does not exist. Creating ...
2019-10-01 14:15:55,534 [pool-57-thread-1] INFO  storage.RaftStorageDirectory (RaftStorageDirectory.java:tryLock(328)) - Lock on /workdir/hadoop-ozone/integration-test/target/test-dir/MiniOzoneClusterImpl-0c299cea-4044-47dd-bdd4-f5c3153bf6dc/datanode-3/data/ratis/426cf578-d2ae-4a9a-a7c0-4783fd9b2fc9/in_use.lock acquired by nodename 28339@pr-trunk-878pl-325597374
2019-10-01 14:15:55,534 [pool-77-thread-1] INFO  storage.RaftStorageDirectory (RaftStorageDirectory.java:tryLock(328)) - Lock on /workdir/hadoop-ozone/integration-test/target/test-dir/MiniOzoneClusterImpl-0c299cea-4044-47dd-bdd4-f5c3153bf6dc/datanode-5/data/ratis/426cf578-d2ae-4a9a-a7c0-4783fd9b2fc9/in_use.lock acquired by nodename 28339@pr-trunk-878pl-325597374
2019-10-01 14:15:55,534 [pool-67-thread-1] INFO  storage.RaftStorageDirectory (RaftStorageDirectory.java:tryLock(328)) - Lock on /workdir/hadoop-ozone/integration-test/target/test-dir/MiniOzoneClusterImpl-0c299cea-4044-47dd-bdd4-f5c3153bf6dc/datanode-4/data/ratis/426cf578-d2ae-4a9a-a7c0-4783fd9b2fc9/in_use.lock acquired by nodename 28339@pr-trunk-878pl-325597374
2019-10-01 14:15:55,549 [pool-77-thread-1] INFO  storage.RaftStorage (RaftStorage.java:format(72)) - Storage directory /workdir/hadoop-ozone/integration-test/target/test-dir/MiniOzoneClusterImpl-0c299cea-4044-47dd-bdd4-f5c3153bf6dc/datanode-5/data/ratis/426cf578-d2ae-4a9a-a7c0-4783fd9b2fc9 has been successfully formatted.
2019-10-01 14:15:55,549 [pool-67-thread-1] INFO  storage.RaftStorage (RaftStorage.java:format(72)) - Storage directory /workdir/hadoop-ozone/integration-test/target/test-dir/MiniOzoneClusterImpl-0c299cea-4044-47dd-bdd4-f5c3153bf6dc/datanode-4/data/ratis/426cf578-d2ae-4a9a-a7c0-4783fd9b2fc9 has been successfully formatted.
2019-10-01 14:15:55,549 [pool-77-thread-1] INFO  ratis.ContainerStateMachine (ContainerStateMachine.java:loadSnapshot(231)) - group-4783FD9B2FC9: The snapshot info is null. Setting the last applied indexto:(t:0, i:~)
2019-10-01 14:15:55,549 [pool-57-thread-1] INFO  storage.RaftStorage (RaftStorage.java:format(72)) - Storage directory /workdir/hadoop-ozone/integration-test/target/test-dir/MiniOzoneClusterImpl-0c299cea-4044-47dd-bdd4-f5c3153bf6dc/datanode-3/data/ratis/426cf578-d2ae-4a9a-a7c0-4783fd9b2fc9 has been successfully formatted.
2019-10-01 14:15:55,549 [pool-67-thread-1] INFO  ratis.ContainerStateMachine (ContainerStateMachine.java:loadSnapshot(231)) - group-4783FD9B2FC9: The snapshot info is null. Setting the last applied indexto:(t:0, i:~)
2019-10-01 14:15:55,549 [pool-77-thread-1] INFO  server.RaftServerConfigKeys (ConfUtils.java:logGet(43)) - raft.server.notification.no-leader.timeout = 120s (custom)
2019-10-01 14:15:55,549 [pool-57-thread-1] INFO  ratis.ContainerStateMachine (ContainerStateMachine.java:loadSnapshot(231)) - group-4783FD9B2FC9: The snapshot info is null. Setting the last applied indexto:(t:0, i:~)
2019-10-01 14:15:55,550 [pool-77-thread-1] INFO  server.RaftServerConfigKeys (ConfUtils.java:logGet(43)) - raft.server.log.use.memory = false (default)
2019-10-01 14:15:55,550 [pool-67-thread-1] INFO  server.RaftServerConfigKeys (ConfUtils.java:logGet(43)) - raft.server.notification.no-leader.timeout = 120s (custom)
2019-10-01 14:15:55,550 [pool-77-thread-1] INFO  server.RaftServerConfigKeys (ConfUtils.java:logGet(43)) - raft.server.log.purge.gap = 1000000 (custom)
2019-10-01 14:15:55,550 [pool-57-thread-1] INFO  server.RaftServerConfigKeys (ConfUtils.java:logGet(43)) - raft.server.notification.no-leader.timeout = 120s (custom)
2019-10-01 14:15:55,550 [pool-77-thread-1] INFO  server.RaftServerConfigKeys (ConfUtils.java:logGet(43)) - raft.server.log.appender.buffer.byte-limit = 33554432 (custom)
2019-10-01 14:15:55,550 [pool-67-thread-1] INFO  server.RaftServerConfigKeys (ConfUtils.java:logGet(43)) - raft.server.log.use.memory = false (default)
2019-10-01 14:15:55,551 [pool-77-thread-1] INFO  server.RaftServerConfigKeys (ConfUtils.java:logGet(43)) - raft.server.log.segment.size.max = 1048576 (custom)
2019-10-01 14:15:55,550 [pool-57-thread-1] INFO  server.RaftServerConfigKeys (ConfUtils.java:logGet(43)) - raft.server.log.use.memory = false (default)
2019-10-01 14:15:55,551 [pool-77-thread-1] INFO  server.RaftServerConfigKeys (ConfUtils.java:logGet(43)) - raft.server.log.segment.cache.num.max = 2 (custom)
2019-10-01 14:15:55,551 [pool-67-thread-1] INFO  server.RaftServerConfigKeys (ConfUtils.java:logGet(43)) - raft.server.log.purge.gap = 1000000 (custom)
2019-10-01 14:15:55,551 [pool-77-thread-1] INFO  segmented.SegmentedRaftLogWorker (SegmentedRaftLogWorker.java:<init>(172)) - new 67738115-7cb7-4102-ab79-b8d90a321e49@group-4783FD9B2FC9-SegmentedRaftLogWorker for RaftStorage:Storage Directory /workdir/hadoop-ozone/integration-test/target/test-dir/MiniOzoneClusterImpl-0c299cea-4044-47dd-bdd4-f5c3153bf6dc/datanode-5/data/ratis/426cf578-d2ae-4a9a-a7c0-4783fd9b2fc9
2019-10-01 14:15:55,551 [pool-57-thread-1] INFO  server.RaftServerConfigKeys (ConfUtils.java:logGet(43)) - raft.server.log.purge.gap = 1000000 (custom)
2019-10-01 14:15:55,551 [pool-77-thread-1] INFO  server.RaftServerConfigKeys (ConfUtils.java:logGet(43)) - raft.server.log.queue.byte-limit = 2147483647 (custom)
2019-10-01 14:15:55,551 [pool-67-thread-1] INFO  server.RaftServerConfigKeys (ConfUtils.java:logGet(43)) - raft.server.log.appender.buffer.byte-limit = 33554432 (custom)
2019-10-01 14:15:55,552 [pool-77-thread-1] INFO  server.RaftServerConfigKeys (ConfUtils.java:logGet(43)) - raft.server.log.queue.element-limit = 1024 (custom)
2019-10-01 14:15:55,552 [pool-57-thread-1] INFO  server.RaftServerConfigKeys (ConfUtils.java:logGet(43)) - raft.server.log.appender.buffer.byte-limit = 33554432 (custom)
2019-10-01 14:15:55,552 [pool-77-thread-1] INFO  server.RaftServerConfigKeys (ConfUtils.java:logGet(43)) - raft.server.log.segment.size.max = 1048576 (custom)
2019-10-01 14:15:55,552 [pool-67-thread-1] INFO  server.RaftServerConfigKeys (ConfUtils.java:logGet(43)) - raft.server.log.segment.size.max = 1048576 (custom)
2019-10-01 14:15:55,553 [pool-77-thread-1] INFO  server.RaftServerConfigKeys (ConfUtils.java:logGet(43)) - raft.server.log.preallocated.size = 16384 (custom)
2019-10-01 14:15:55,552 [pool-57-thread-1] INFO  server.RaftServerConfigKeys (ConfUtils.java:logGet(43)) - raft.server.log.segment.size.max = 1048576 (custom)
2019-10-01 14:15:55,553 [pool-77-thread-1] INFO  server.RaftServerConfigKeys (ConfUtils.java:logGet(43)) - raft.server.log.write.buffer.size = 33554432 (custom)
2019-10-01 14:15:55,553 [pool-67-thread-1] INFO  server.RaftServerConfigKeys (ConfUtils.java:logGet(43)) - raft.server.log.segment.cache.num.max = 2 (custom)
2019-10-01 14:15:55,553 [pool-77-thread-1] INFO  server.RaftServerConfigKeys (ConfUtils.java:logGet(43)) - raft.server.log.force.sync.num = 128 (default)
2019-10-01 14:15:55,553 [pool-57-thread-1] INFO  server.RaftServerConfigKeys (ConfUtils.java:logGet(43)) - raft.server.log.segment.cache.num.max = 2 (custom)
2019-10-01 14:15:55,554 [pool-77-thread-1] INFO  server.RaftServerConfigKeys (ConfUtils.java:logGet(43)) - raft.server.log.statemachine.data.sync = true (default)
2019-10-01 14:15:55,553 [pool-67-thread-1] INFO  segmented.SegmentedRaftLogWorker (SegmentedRaftLogWorker.java:<init>(172)) - new 804e63cd-c050-4a97-8e09-72401e6f6fea@group-4783FD9B2FC9-SegmentedRaftLogWorker for RaftStorage:Storage Directory /workdir/hadoop-ozone/integration-test/target/test-dir/MiniOzoneClusterImpl-0c299cea-4044-47dd-bdd4-f5c3153bf6dc/datanode-4/data/ratis/426cf578-d2ae-4a9a-a7c0-4783fd9b2fc9
2019-10-01 14:15:55,554 [pool-77-thread-1] INFO  server.RaftServerConfigKeys (ConfUtils.java:logGet(43)) - raft.server.log.statemachine.data.sync.timeout = 10s (default)
2019-10-01 14:15:55,554 [pool-57-thread-1] INFO  segmented.SegmentedRaftLogWorker (SegmentedRaftLogWorker.java:<init>(172)) - new e052c69a-a915-4972-b3db-0764541643ec@group-4783FD9B2FC9-SegmentedRaftLogWorker for RaftStorage:Storage Directory /workdir/hadoop-ozone/integration-test/target/test-dir/MiniOzoneClusterImpl-0c299cea-4044-47dd-bdd4-f5c3153bf6dc/datanode-3/data/ratis/426cf578-d2ae-4a9a-a7c0-4783fd9b2fc9
2019-10-01 14:15:55,554 [pool-77-thread-1] INFO  server.RaftServerConfigKeys (ConfUtils.java:logGet(43)) - raft.server.log.statemachine.data.sync.timeout.retry = -1 (default)
2019-10-01 14:15:55,554 [pool-67-thread-1] INFO  server.RaftServerConfigKeys (ConfUtils.java:logGet(43)) - raft.server.log.queue.byte-limit = 2147483647 (custom)
2019-10-01 14:15:55,555 [pool-77-thread-1] INFO  server.RaftServerConfigKeys (ConfUtils.java:logGet(43)) - raft.server.log.statemachine.data.caching.enabled = true (custom)
2019-10-01 14:15:55,554 [pool-57-thread-1] INFO  server.RaftServerConfigKeys (ConfUtils.java:logGet(43)) - raft.server.log.queue.byte-limit = 2147483647 (custom)
2019-10-01 14:15:55,555 [pool-67-thread-1] INFO  server.RaftServerConfigKeys (ConfUtils.java:logGet(43)) - raft.server.log.queue.element-limit = 1024 (custom)
2019-10-01 14:15:55,555 [pool-77-thread-1] INFO  segmented.SegmentedRaftLogWorker (SegmentedRaftLogWorker.java:lambda$new$0(132)) - 67738115-7cb7-4102-ab79-b8d90a321e49@group-4783FD9B2FC9-SegmentedRaftLogWorker: flushIndex: setUnconditionally 0 -> -1
2019-10-01 14:15:55,555 [pool-57-thread-1] INFO  server.RaftServerConfigKeys (ConfUtils.java:logGet(43)) - raft.server.log.queue.element-limit = 1024 (custom)
2019-10-01 14:15:55,555 [pool-67-thread-1] INFO  server.RaftServerConfigKeys (ConfUtils.java:logGet(43)) - raft.server.log.segment.size.max = 1048576 (custom)
2019-10-01 14:15:55,556 [pool-57-thread-1] INFO  server.RaftServerConfigKeys (ConfUtils.java:logGet(43)) - raft.server.log.segment.size.max = 1048576 (custom)
2019-10-01 14:15:55,556 [pool-77-thread-1] INFO  server.RaftServerConfigKeys (ConfUtils.java:logGet(43)) - raft.server.snapshot.auto.trigger.enabled = true (custom)
2019-10-01 14:15:55,556 [pool-57-thread-1] INFO  server.RaftServerConfigKeys (ConfUtils.java:logGet(43)) - raft.server.log.preallocated.size = 16384 (custom)
2019-10-01 14:15:55,556 [pool-67-thread-1] INFO  server.RaftServerConfigKeys (ConfUtils.java:logGet(43)) - raft.server.log.preallocated.size = 16384 (custom)
2019-10-01 14:15:55,556 [pool-57-thread-1] INFO  server.RaftServerConfigKeys (ConfUtils.java:logGet(43)) - raft.server.log.write.buffer.size = 33554432 (custom)
2019-10-01 14:15:55,556 [pool-77-thread-1] INFO  server.RaftServerConfigKeys (ConfUtils.java:logGet(43)) - raft.server.snapshot.auto.trigger.threshold = 10000 (custom)
2019-10-01 14:15:55,557 [pool-57-thread-1] INFO  server.RaftServerConfigKeys (ConfUtils.java:logGet(43)) - raft.server.log.force.sync.num = 128 (default)
2019-10-01 14:15:55,557 [pool-67-thread-1] INFO  server.RaftServerConfigKeys (ConfUtils.java:logGet(43)) - raft.server.log.write.buffer.size = 33554432 (custom)
2019-10-01 14:15:55,557 [pool-57-thread-1] INFO  server.RaftServerConfigKeys (ConfUtils.java:logGet(43)) - raft.server.log.statemachine.data.sync = true (default)
2019-10-01 14:15:55,557 [pool-77-thread-1] INFO  server.RaftServerConfigKeys (ConfUtils.java:logGet(43)) - raft.server.snapshot.retention.num.files = 5 (custom)
2019-10-01 14:15:55,557 [pool-57-thread-1] INFO  server.RaftServerConfigKeys (ConfUtils.java:logGet(43)) - raft.server.log.statemachine.data.sync.timeout = 10s (default)
2019-10-01 14:15:55,558 [pool-77-thread-1] INFO  server.RaftServerConfigKeys (ConfUtils.java:logGet(43)) - raft.server.retrycache.expirytime = 600000ms (custom)
2019-10-01 14:15:55,557 [pool-67-thread-1] INFO  server.RaftServerConfigKeys (ConfUtils.java:logGet(43)) - raft.server.log.force.sync.num = 128 (default)
2019-10-01 14:15:55,558 [pool-57-thread-1] INFO  server.RaftServerConfigKeys (ConfUtils.java:logGet(43)) - raft.server.log.statemachine.data.sync.timeout.retry = -1 (default)
2019-10-01 14:15:55,558 [pool-67-thread-1] INFO  server.RaftServerConfigKeys (ConfUtils.java:logGet(43)) - raft.server.log.statemachine.data.sync = true (default)
2019-10-01 14:15:55,558 [pool-57-thread-1] INFO  server.RaftServerConfigKeys (ConfUtils.java:logGet(43)) - raft.server.log.statemachine.data.caching.enabled = true (custom)
2019-10-01 14:15:55,558 [pool-67-thread-1] INFO  server.RaftServerConfigKeys (ConfUtils.java:logGet(43)) - raft.server.log.statemachine.data.sync.timeout = 10s (default)
2019-10-01 14:15:55,559 [pool-57-thread-1] INFO  segmented.SegmentedRaftLogWorker (SegmentedRaftLogWorker.java:lambda$new$0(132)) - e052c69a-a915-4972-b3db-0764541643ec@group-4783FD9B2FC9-SegmentedRaftLogWorker: flushIndex: setUnconditionally 0 -> -1
2019-10-01 14:15:55,559 [pool-67-thread-1] INFO  server.RaftServerConfigKeys (ConfUtils.java:logGet(43)) - raft.server.log.statemachine.data.sync.timeout.retry = -1 (default)
2019-10-01 14:15:55,559 [pool-57-thread-1] INFO  server.RaftServerConfigKeys (ConfUtils.java:logGet(43)) - raft.server.snapshot.auto.trigger.enabled = true (custom)
2019-10-01 14:15:55,559 [pool-67-thread-1] INFO  server.RaftServerConfigKeys (ConfUtils.java:logGet(43)) - raft.server.log.statemachine.data.caching.enabled = true (custom)
2019-10-01 14:15:55,559 [pool-57-thread-1] INFO  server.RaftServerConfigKeys (ConfUtils.java:logGet(43)) - raft.server.snapshot.auto.trigger.threshold = 10000 (custom)
2019-10-01 14:15:55,560 [pool-57-thread-1] INFO  server.RaftServerConfigKeys (ConfUtils.java:logGet(43)) - raft.server.snapshot.retention.num.files = 5 (custom)
2019-10-01 14:15:55,560 [pool-67-thread-1] INFO  segmented.SegmentedRaftLogWorker (SegmentedRaftLogWorker.java:lambda$new$0(132)) - 804e63cd-c050-4a97-8e09-72401e6f6fea@group-4783FD9B2FC9-SegmentedRaftLogWorker: flushIndex: setUnconditionally 0 -> -1
2019-10-01 14:15:55,560 [pool-57-thread-1] INFO  server.RaftServerConfigKeys (ConfUtils.java:logGet(43)) - raft.server.retrycache.expirytime = 600000ms (custom)
2019-10-01 14:15:55,560 [pool-67-thread-1] INFO  server.RaftServerConfigKeys (ConfUtils.java:logGet(43)) - raft.server.snapshot.auto.trigger.enabled = true (custom)
2019-10-01 14:15:55,560 [pool-67-thread-1] INFO  server.RaftServerConfigKeys (ConfUtils.java:logGet(43)) - raft.server.snapshot.auto.trigger.threshold = 10000 (custom)
2019-10-01 14:15:55,560 [pool-67-thread-1] INFO  server.RaftServerConfigKeys (ConfUtils.java:logGet(43)) - raft.server.snapshot.retention.num.files = 5 (custom)
2019-10-01 14:15:55,561 [pool-67-thread-1] INFO  server.RaftServerConfigKeys (ConfUtils.java:logGet(43)) - raft.server.retrycache.expirytime = 600000ms (custom)
2019-10-01 14:15:55,562 [pool-77-thread-1] INFO  impl.RaftServerImpl (RaftServerImpl.java:start(185)) - 67738115-7cb7-4102-ab79-b8d90a321e49@group-4783FD9B2FC9: start as a follower, conf=-1: [804e63cd-c050-4a97-8e09-72401e6f6fea:192.168.151.103:35361, e052c69a-a915-4972-b3db-0764541643ec:192.168.151.103:43920, 67738115-7cb7-4102-ab79-b8d90a321e49:192.168.151.103:45628], old=null
2019-10-01 14:15:55,562 [pool-77-thread-1] INFO  impl.RaftServerImpl (RaftServerImpl.java:setRole(174)) - 67738115-7cb7-4102-ab79-b8d90a321e49@group-4783FD9B2FC9: changes role from      null to FOLLOWER at term 0 for startAsFollower
2019-10-01 14:15:55,562 [pool-77-thread-1] INFO  impl.RoleInfo (RoleInfo.java:updateAndGet(143)) - 67738115-7cb7-4102-ab79-b8d90a321e49: start FollowerState
2019-10-01 14:15:55,563 [pool-77-thread-1] INFO  util.JmxRegister (JmxRegister.java:tryRegister(44)) - Successfully registered JMX Bean with object name Ratis:service=RaftServer,group=group-4783FD9B2FC9,id=67738115-7cb7-4102-ab79-b8d90a321e49
2019-10-01 14:15:55,564 [pool-57-thread-1] INFO  impl.RaftServerImpl (RaftServerImpl.java:start(185)) - e052c69a-a915-4972-b3db-0764541643ec@group-4783FD9B2FC9: start as a follower, conf=-1: [804e63cd-c050-4a97-8e09-72401e6f6fea:192.168.151.103:35361, e052c69a-a915-4972-b3db-0764541643ec:192.168.151.103:43920, 67738115-7cb7-4102-ab79-b8d90a321e49:192.168.151.103:45628], old=null
2019-10-01 14:15:55,564 [pool-57-thread-1] INFO  impl.RaftServerImpl (RaftServerImpl.java:setRole(174)) - e052c69a-a915-4972-b3db-0764541643ec@group-4783FD9B2FC9: changes role from      null to FOLLOWER at term 0 for startAsFollower
2019-10-01 14:15:55,564 [pool-57-thread-1] INFO  impl.RoleInfo (RoleInfo.java:updateAndGet(143)) - e052c69a-a915-4972-b3db-0764541643ec: start FollowerState
2019-10-01 14:15:55,565 [pool-67-thread-1] INFO  impl.RaftServerImpl (RaftServerImpl.java:start(185)) - 804e63cd-c050-4a97-8e09-72401e6f6fea@group-4783FD9B2FC9: start as a follower, conf=-1: [804e63cd-c050-4a97-8e09-72401e6f6fea:192.168.151.103:35361, e052c69a-a915-4972-b3db-0764541643ec:192.168.151.103:43920, 67738115-7cb7-4102-ab79-b8d90a321e49:192.168.151.103:45628], old=null
2019-10-01 14:15:55,565 [pool-57-thread-1] INFO  util.JmxRegister (JmxRegister.java:tryRegister(44)) - Successfully registered JMX Bean with object name Ratis:service=RaftServer,group=group-4783FD9B2FC9,id=e052c69a-a915-4972-b3db-0764541643ec
2019-10-01 14:15:55,565 [pool-67-thread-1] INFO  impl.RaftServerImpl (RaftServerImpl.java:setRole(174)) - 804e63cd-c050-4a97-8e09-72401e6f6fea@group-4783FD9B2FC9: changes role from      null to FOLLOWER at term 0 for startAsFollower
2019-10-01 14:15:55,568 [pool-67-thread-1] INFO  impl.RoleInfo (RoleInfo.java:updateAndGet(143)) - 804e63cd-c050-4a97-8e09-72401e6f6fea: start FollowerState
2019-10-01 14:15:55,568 [pool-67-thread-1] INFO  util.JmxRegister (JmxRegister.java:tryRegister(44)) - Successfully registered JMX Bean with object name Ratis:service=RaftServer,group=group-4783FD9B2FC9,id=804e63cd-c050-4a97-8e09-72401e6f6fea
2019-10-01 14:15:55,588 [RatisPipelineUtilsThread] INFO  pipeline.PipelineStateManager (PipelineStateManager.java:addPipeline(56)) - Created pipeline Pipeline[ Id: 426cf578-d2ae-4a9a-a7c0-4783fd9b2fc9, Nodes: 804e63cd-c050-4a97-8e09-72401e6f6fea{ip: 192.168.151.103, host: pr-trunk-878pl-325597374, networkLocation: /default-rack, certSerialId: null}67738115-7cb7-4102-ab79-b8d90a321e49{ip: 192.168.151.103, host: pr-trunk-878pl-325597374, networkLocation: /default-rack, certSerialId: null}e052c69a-a915-4972-b3db-0764541643ec{ip: 192.168.151.103, host: pr-trunk-878pl-325597374, networkLocation: /default-rack, certSerialId: null}, Type:RATIS, Factor:THREE, State:OPEN]
2019-10-01 14:15:55,631 [main] INFO  impl.MetricsSystemImpl (MetricsSystemImpl.java:init(158)) - XceiverClientMetrics metrics system started (again)
2019-10-01 14:15:56,832 [Thread-238] INFO  container.ReplicationManager (ReplicationManager.java:start(162)) - Starting Replication Monitor Thread.
2019-10-01 14:15:56,841 [ReplicationMonitor] INFO  container.ReplicationManager (ReplicationManager.java:run(225)) - Replication Monitor Thread took 4 milliseconds for processing 1 containers.
2019-10-01 14:15:59,713 [Thread-241] INFO  impl.FollowerState (FollowerState.java:run(106)) - 6ed75269-c7ff-4c56-90b4-a9f3149a0f61:group-C30502ECF8E1 changes to CANDIDATE, lastRpcTime:5082, electionTimeout:5081ms
2019-10-01 14:15:59,719 [Thread-241] INFO  impl.RoleInfo (RoleInfo.java:shutdownFollowerState(121)) - 6ed75269-c7ff-4c56-90b4-a9f3149a0f61: shutdown FollowerState
2019-10-01 14:15:59,719 [Thread-241] INFO  impl.RaftServerImpl (RaftServerImpl.java:setRole(174)) - 6ed75269-c7ff-4c56-90b4-a9f3149a0f61@group-C30502ECF8E1: changes role from  FOLLOWER to CANDIDATE at term 0 for changeToCandidate
2019-10-01 14:15:59,723 [Thread-241] INFO  impl.RoleInfo (RoleInfo.java:updateAndGet(143)) - 6ed75269-c7ff-4c56-90b4-a9f3149a0f61: start LeaderElection
2019-10-01 14:15:59,754 [6ed75269-c7ff-4c56-90b4-a9f3149a0f61@group-C30502ECF8E1:LeaderElection1] INFO  impl.LeaderElection (LeaderElection.java:askForVotes(182)) - 6ed75269-c7ff-4c56-90b4-a9f3149a0f61@group-C30502ECF8E1:LeaderElection1: begin an election at term 1 for -1: [6ed75269-c7ff-4c56-90b4-a9f3149a0f61:192.168.151.103:38366], old=null
2019-10-01 14:15:59,756 [6ed75269-c7ff-4c56-90b4-a9f3149a0f61@group-C30502ECF8E1:LeaderElection1] INFO  impl.RoleInfo (RoleInfo.java:shutdownLeaderElection(134)) - 6ed75269-c7ff-4c56-90b4-a9f3149a0f61: shutdown LeaderElection
2019-10-01 14:15:59,757 [6ed75269-c7ff-4c56-90b4-a9f3149a0f61@group-C30502ECF8E1:LeaderElection1] INFO  impl.RaftServerImpl (RaftServerImpl.java:setRole(174)) - 6ed75269-c7ff-4c56-90b4-a9f3149a0f61@group-C30502ECF8E1: changes role from CANDIDATE to LEADER at term 1 for changeToLeader
2019-10-01 14:15:59,757 [6ed75269-c7ff-4c56-90b4-a9f3149a0f61@group-C30502ECF8E1:LeaderElection1] INFO  impl.RaftServerImpl (ServerState.java:setLeader(253)) - 6ed75269-c7ff-4c56-90b4-a9f3149a0f61@group-C30502ECF8E1: change Leader from null to 6ed75269-c7ff-4c56-90b4-a9f3149a0f61 at term 1 for becomeLeader, leader elected after 5246ms
2019-10-01 14:15:59,766 [6ed75269-c7ff-4c56-90b4-a9f3149a0f61@group-C30502ECF8E1:LeaderElection1] INFO  server.RaftServerConfigKeys (ConfUtils.java:logGet(43)) - raft.server.staging.catchup.gap = 1000 (default)
2019-10-01 14:15:59,766 [6ed75269-c7ff-4c56-90b4-a9f3149a0f61@group-C30502ECF8E1:LeaderElection1] INFO  server.RaftServerConfigKeys (ConfUtils.java:logGet(43)) - raft.server.rpc.sleep.time = 25ms (default)
2019-10-01 14:15:59,769 [6ed75269-c7ff-4c56-90b4-a9f3149a0f61@group-C30502ECF8E1:LeaderElection1] INFO  server.RaftServerConfigKeys (ConfUtils.java:logGet(43)) - raft.server.write.element-limit = 4096 (default)
2019-10-01 14:15:59,773 [6ed75269-c7ff-4c56-90b4-a9f3149a0f61@group-C30502ECF8E1:LeaderElection1] INFO  server.RaftServerConfigKeys (ConfUtils.java:logGet(43)) - raft.server.watch.timeout = 10s (default)
2019-10-01 14:15:59,773 [6ed75269-c7ff-4c56-90b4-a9f3149a0f61@group-C30502ECF8E1:LeaderElection1] INFO  server.RaftServerConfigKeys (ConfUtils.java:logGet(43)) - raft.server.watch.timeout.denomination = 1s (default)
2019-10-01 14:15:59,774 [6ed75269-c7ff-4c56-90b4-a9f3149a0f61@group-C30502ECF8E1:LeaderElection1] INFO  server.RaftServerConfigKeys (ConfUtils.java:logGet(43)) - raft.server.watch.element-limit = 65536 (default)
2019-10-01 14:15:59,787 [6ed75269-c7ff-4c56-90b4-a9f3149a0f61@group-C30502ECF8E1:LeaderElection1] INFO  impl.RoleInfo (RoleInfo.java:updateAndGet(143)) - 6ed75269-c7ff-4c56-90b4-a9f3149a0f61: start LeaderState
2019-10-01 14:15:59,813 [6ed75269-c7ff-4c56-90b4-a9f3149a0f61@group-C30502ECF8E1:LeaderElection1] INFO  segmented.SegmentedRaftLogWorker (SegmentedRaftLogWorker.java:startLogSegment(380)) - 6ed75269-c7ff-4c56-90b4-a9f3149a0f61@group-C30502ECF8E1-SegmentedRaftLogWorker: Starting segment from index:0
2019-10-01 14:15:59,822 [6ed75269-c7ff-4c56-90b4-a9f3149a0f61@group-C30502ECF8E1:LeaderElection1] INFO  impl.RaftServerImpl (ServerState.java:setRaftConf(354)) - 6ed75269-c7ff-4c56-90b4-a9f3149a0f61@group-C30502ECF8E1: set configuration 0: [6ed75269-c7ff-4c56-90b4-a9f3149a0f61:192.168.151.103:38366], old=null at 0
2019-10-01 14:15:59,917 [Thread-245] INFO  impl.FollowerState (FollowerState.java:run(106)) - 65c19552-f16c-4986-8bf5-e40a8bae68e8:group-02EB4A1634CE changes to CANDIDATE, lastRpcTime:5059, electionTimeout:5058ms
2019-10-01 14:15:59,920 [Thread-245] INFO  impl.RoleInfo (RoleInfo.java:shutdownFollowerState(121)) - 65c19552-f16c-4986-8bf5-e40a8bae68e8: shutdown FollowerState
2019-10-01 14:15:59,921 [Thread-245] INFO  impl.RaftServerImpl (RaftServerImpl.java:setRole(174)) - 65c19552-f16c-4986-8bf5-e40a8bae68e8@group-02EB4A1634CE: changes role from  FOLLOWER to CANDIDATE at term 0 for changeToCandidate
2019-10-01 14:15:59,921 [Thread-245] INFO  impl.RoleInfo (RoleInfo.java:updateAndGet(143)) - 65c19552-f16c-4986-8bf5-e40a8bae68e8: start LeaderElection
2019-10-01 14:15:59,940 [65c19552-f16c-4986-8bf5-e40a8bae68e8@group-02EB4A1634CE:LeaderElection2] INFO  impl.LeaderElection (LeaderElection.java:askForVotes(182)) - 65c19552-f16c-4986-8bf5-e40a8bae68e8@group-02EB4A1634CE:LeaderElection2: begin an election at term 1 for -1: [65c19552-f16c-4986-8bf5-e40a8bae68e8:192.168.151.103:45524], old=null
2019-10-01 14:15:59,942 [65c19552-f16c-4986-8bf5-e40a8bae68e8@group-02EB4A1634CE:LeaderElection2] INFO  impl.RoleInfo (RoleInfo.java:shutdownLeaderElection(134)) - 65c19552-f16c-4986-8bf5-e40a8bae68e8: shutdown LeaderElection
2019-10-01 14:15:59,942 [65c19552-f16c-4986-8bf5-e40a8bae68e8@group-02EB4A1634CE:LeaderElection2] INFO  impl.RaftServerImpl (RaftServerImpl.java:setRole(174)) - 65c19552-f16c-4986-8bf5-e40a8bae68e8@group-02EB4A1634CE: changes role from CANDIDATE to LEADER at term 1 for changeToLeader
2019-10-01 14:15:59,942 [65c19552-f16c-4986-8bf5-e40a8bae68e8@group-02EB4A1634CE:LeaderElection2] INFO  impl.RaftServerImpl (ServerState.java:setLeader(253)) - 65c19552-f16c-4986-8bf5-e40a8bae68e8@group-02EB4A1634CE: change Leader from null to 65c19552-f16c-4986-8bf5-e40a8bae68e8 at term 1 for becomeLeader, leader elected after 5108ms
2019-10-01 14:15:59,944 [65c19552-f16c-4986-8bf5-e40a8bae68e8@group-02EB4A1634CE:LeaderElection2] INFO  server.RaftServerConfigKeys (ConfUtils.java:logGet(43)) - raft.server.staging.catchup.gap = 1000 (default)
2019-10-01 14:15:59,945 [65c19552-f16c-4986-8bf5-e40a8bae68e8@group-02EB4A1634CE:LeaderElection2] INFO  server.RaftServerConfigKeys (ConfUtils.java:logGet(43)) - raft.server.rpc.sleep.time = 25ms (default)
2019-10-01 14:15:59,945 [65c19552-f16c-4986-8bf5-e40a8bae68e8@group-02EB4A1634CE:LeaderElection2] INFO  server.RaftServerConfigKeys (ConfUtils.java:logGet(43)) - raft.server.write.element-limit = 4096 (default)
2019-10-01 14:15:59,945 [65c19552-f16c-4986-8bf5-e40a8bae68e8@group-02EB4A1634CE:LeaderElection2] INFO  server.RaftServerConfigKeys (ConfUtils.java:logGet(43)) - raft.server.watch.timeout = 10s (default)
2019-10-01 14:15:59,945 [65c19552-f16c-4986-8bf5-e40a8bae68e8@group-02EB4A1634CE:LeaderElection2] INFO  server.RaftServerConfigKeys (ConfUtils.java:logGet(43)) - raft.server.watch.timeout.denomination = 1s (default)
2019-10-01 14:15:59,945 [65c19552-f16c-4986-8bf5-e40a8bae68e8@group-02EB4A1634CE:LeaderElection2] INFO  server.RaftServerConfigKeys (ConfUtils.java:logGet(43)) - raft.server.watch.element-limit = 65536 (default)
2019-10-01 14:15:59,949 [65c19552-f16c-4986-8bf5-e40a8bae68e8@group-02EB4A1634CE:LeaderElection2] INFO  impl.RoleInfo (RoleInfo.java:updateAndGet(143)) - 65c19552-f16c-4986-8bf5-e40a8bae68e8: start LeaderState
2019-10-01 14:15:59,949 [65c19552-f16c-4986-8bf5-e40a8bae68e8@group-02EB4A1634CE:LeaderElection2] INFO  segmented.SegmentedRaftLogWorker (SegmentedRaftLogWorker.java:startLogSegment(380)) - 65c19552-f16c-4986-8bf5-e40a8bae68e8@group-02EB4A1634CE-SegmentedRaftLogWorker: Starting segment from index:0
2019-10-01 14:15:59,950 [65c19552-f16c-4986-8bf5-e40a8bae68e8@group-02EB4A1634CE:LeaderElection2] INFO  impl.RaftServerImpl (ServerState.java:setRaftConf(354)) - 65c19552-f16c-4986-8bf5-e40a8bae68e8@group-02EB4A1634CE: set configuration 0: [65c19552-f16c-4986-8bf5-e40a8bae68e8:192.168.151.103:45524], old=null at 0
2019-10-01 14:16:00,012 [65c19552-f16c-4986-8bf5-e40a8bae68e8@group-02EB4A1634CE-SegmentedRaftLogWorker] INFO  segmented.SegmentedRaftLogWorker (SegmentedRaftLogWorker.java:execute(569)) - 65c19552-f16c-4986-8bf5-e40a8bae68e8@group-02EB4A1634CE-SegmentedRaftLogWorker: created new log segment /workdir/hadoop-ozone/integration-test/target/test-dir/MiniOzoneClusterImpl-0c299cea-4044-47dd-bdd4-f5c3153bf6dc/datanode-1/data/ratis/0feb3664-677a-48e3-ab6b-02eb4a1634ce/current/log_inprogress_0
2019-10-01 14:16:00,012 [6ed75269-c7ff-4c56-90b4-a9f3149a0f61@group-C30502ECF8E1-SegmentedRaftLogWorker] INFO  segmented.SegmentedRaftLogWorker (SegmentedRaftLogWorker.java:execute(569)) - 6ed75269-c7ff-4c56-90b4-a9f3149a0f61@group-C30502ECF8E1-SegmentedRaftLogWorker: created new log segment /workdir/hadoop-ozone/integration-test/target/test-dir/MiniOzoneClusterImpl-0c299cea-4044-47dd-bdd4-f5c3153bf6dc/datanode-0/data/ratis/c879c426-647b-43e5-9d0f-c30502ecf8e1/current/log_inprogress_0
2019-10-01 14:16:00,068 [Thread-249] INFO  impl.FollowerState (FollowerState.java:run(106)) - b5420178-9b9a-48fb-beed-521737d432b7:group-F19E8F94A37E changes to CANDIDATE, lastRpcTime:5066, electionTimeout:5066ms
2019-10-01 14:16:00,069 [Thread-249] INFO  impl.RoleInfo (RoleInfo.java:shutdownFollowerState(121)) - b5420178-9b9a-48fb-beed-521737d432b7: shutdown FollowerState
2019-10-01 14:16:00,069 [Thread-249] INFO  impl.RaftServerImpl (RaftServerImpl.java:setRole(174)) - b5420178-9b9a-48fb-beed-521737d432b7@group-F19E8F94A37E: changes role from  FOLLOWER to CANDIDATE at term 0 for changeToCandidate
2019-10-01 14:16:00,069 [Thread-249] INFO  impl.RoleInfo (RoleInfo.java:updateAndGet(143)) - b5420178-9b9a-48fb-beed-521737d432b7: start LeaderElection
2019-10-01 14:16:00,087 [b5420178-9b9a-48fb-beed-521737d432b7@group-F19E8F94A37E:LeaderElection3] INFO  impl.LeaderElection (LeaderElection.java:askForVotes(182)) - b5420178-9b9a-48fb-beed-521737d432b7@group-F19E8F94A37E:LeaderElection3: begin an election at term 1 for -1: [b5420178-9b9a-48fb-beed-521737d432b7:192.168.151.103:39141], old=null
2019-10-01 14:16:00,087 [b5420178-9b9a-48fb-beed-521737d432b7@group-F19E8F94A37E:LeaderElection3] INFO  impl.RoleInfo (RoleInfo.java:shutdownLeaderElection(134)) - b5420178-9b9a-48fb-beed-521737d432b7: shutdown LeaderElection
2019-10-01 14:16:00,088 [b5420178-9b9a-48fb-beed-521737d432b7@group-F19E8F94A37E:LeaderElection3] INFO  impl.RaftServerImpl (RaftServerImpl.java:setRole(174)) - b5420178-9b9a-48fb-beed-521737d432b7@group-F19E8F94A37E: changes role from CANDIDATE to LEADER at term 1 for changeToLeader
2019-10-01 14:16:00,088 [b5420178-9b9a-48fb-beed-521737d432b7@group-F19E8F94A37E:LeaderElection3] INFO  impl.RaftServerImpl (ServerState.java:setLeader(253)) - b5420178-9b9a-48fb-beed-521737d432b7@group-F19E8F94A37E: change Leader from null to b5420178-9b9a-48fb-beed-521737d432b7 at term 1 for becomeLeader, leader elected after 5127ms
2019-10-01 14:16:00,090 [b5420178-9b9a-48fb-beed-521737d432b7@group-F19E8F94A37E:LeaderElection3] INFO  server.RaftServerConfigKeys (ConfUtils.java:logGet(43)) - raft.server.staging.catchup.gap = 1000 (default)
2019-10-01 14:16:00,090 [b5420178-9b9a-48fb-beed-521737d432b7@group-F19E8F94A37E:LeaderElection3] INFO  server.RaftServerConfigKeys (ConfUtils.java:logGet(43)) - raft.server.rpc.sleep.time = 25ms (default)
2019-10-01 14:16:00,090 [b5420178-9b9a-48fb-beed-521737d432b7@group-F19E8F94A37E:LeaderElection3] INFO  server.RaftServerConfigKeys (ConfUtils.java:logGet(43)) - raft.server.write.element-limit = 4096 (default)
2019-10-01 14:16:00,090 [b5420178-9b9a-48fb-beed-521737d432b7@group-F19E8F94A37E:LeaderElection3] INFO  server.RaftServerConfigKeys (ConfUtils.java:logGet(43)) - raft.server.watch.timeout = 10s (default)
2019-10-01 14:16:00,091 [b5420178-9b9a-48fb-beed-521737d432b7@group-F19E8F94A37E:LeaderElection3] INFO  server.RaftServerConfigKeys (ConfUtils.java:logGet(43)) - raft.server.watch.timeout.denomination = 1s (default)
2019-10-01 14:16:00,091 [b5420178-9b9a-48fb-beed-521737d432b7@group-F19E8F94A37E:LeaderElection3] INFO  server.RaftServerConfigKeys (ConfUtils.java:logGet(43)) - raft.server.watch.element-limit = 65536 (default)
2019-10-01 14:16:00,094 [b5420178-9b9a-48fb-beed-521737d432b7@group-F19E8F94A37E:LeaderElection3] INFO  impl.RoleInfo (RoleInfo.java:updateAndGet(143)) - b5420178-9b9a-48fb-beed-521737d432b7: start LeaderState
2019-10-01 14:16:00,094 [b5420178-9b9a-48fb-beed-521737d432b7@group-F19E8F94A37E:LeaderElection3] INFO  segmented.SegmentedRaftLogWorker (SegmentedRaftLogWorker.java:startLogSegment(380)) - b5420178-9b9a-48fb-beed-521737d432b7@group-F19E8F94A37E-SegmentedRaftLogWorker: Starting segment from index:0
2019-10-01 14:16:00,095 [b5420178-9b9a-48fb-beed-521737d432b7@group-F19E8F94A37E:LeaderElection3] INFO  impl.RaftServerImpl (ServerState.java:setRaftConf(354)) - b5420178-9b9a-48fb-beed-521737d432b7@group-F19E8F94A37E: set configuration 0: [b5420178-9b9a-48fb-beed-521737d432b7:192.168.151.103:39141], old=null at 0
2019-10-01 14:16:00,126 [Thread-252] INFO  impl.FollowerState (FollowerState.java:run(106)) - 466aa3db-ea72-4dcd-95a1-963c4eca687f:group-84D715B579F0 changes to CANDIDATE, lastRpcTime:5042, electionTimeout:5037ms
2019-10-01 14:16:00,126 [Thread-252] INFO  impl.RoleInfo (RoleInfo.java:shutdownFollowerState(121)) - 466aa3db-ea72-4dcd-95a1-963c4eca687f: shutdown FollowerState
2019-10-01 14:16:00,126 [Thread-252] INFO  impl.RaftServerImpl (RaftServerImpl.java:setRole(174)) - 466aa3db-ea72-4dcd-95a1-963c4eca687f@group-84D715B579F0: changes role from  FOLLOWER to CANDIDATE at term 0 for changeToCandidate
2019-10-01 14:16:00,127 [Thread-252] INFO  impl.RoleInfo (RoleInfo.java:updateAndGet(143)) - 466aa3db-ea72-4dcd-95a1-963c4eca687f: start LeaderElection
2019-10-01 14:16:00,139 [b5420178-9b9a-48fb-beed-521737d432b7@group-F19E8F94A37E-SegmentedRaftLogWorker] INFO  segmented.SegmentedRaftLogWorker (SegmentedRaftLogWorker.java:execute(569)) - b5420178-9b9a-48fb-beed-521737d432b7@group-F19E8F94A37E-SegmentedRaftLogWorker: created new log segment /workdir/hadoop-ozone/integration-test/target/test-dir/MiniOzoneClusterImpl-0c299cea-4044-47dd-bdd4-f5c3153bf6dc/datanode-2/data/ratis/e6ef22fc-222c-48c0-8d18-f19e8f94a37e/current/log_inprogress_0
2019-10-01 14:16:00,139 [466aa3db-ea72-4dcd-95a1-963c4eca687f@group-84D715B579F0:LeaderElection4] INFO  impl.LeaderElection (LeaderElection.java:askForVotes(182)) - 466aa3db-ea72-4dcd-95a1-963c4eca687f@group-84D715B579F0:LeaderElection4: begin an election at term 1 for -1: [466aa3db-ea72-4dcd-95a1-963c4eca687f:192.168.151.103:43159], old=null
2019-10-01 14:16:00,139 [466aa3db-ea72-4dcd-95a1-963c4eca687f@group-84D715B579F0:LeaderElection4] INFO  impl.RoleInfo (RoleInfo.java:shutdownLeaderElection(134)) - 466aa3db-ea72-4dcd-95a1-963c4eca687f: shutdown LeaderElection
2019-10-01 14:16:00,139 [466aa3db-ea72-4dcd-95a1-963c4eca687f@group-84D715B579F0:LeaderElection4] INFO  impl.RaftServerImpl (RaftServerImpl.java:setRole(174)) - 466aa3db-ea72-4dcd-95a1-963c4eca687f@group-84D715B579F0: changes role from CANDIDATE to LEADER at term 1 for changeToLeader
2019-10-01 14:16:00,139 [466aa3db-ea72-4dcd-95a1-963c4eca687f@group-84D715B579F0:LeaderElection4] INFO  impl.RaftServerImpl (ServerState.java:setLeader(253)) - 466aa3db-ea72-4dcd-95a1-963c4eca687f@group-84D715B579F0: change Leader from null to 466aa3db-ea72-4dcd-95a1-963c4eca687f at term 1 for becomeLeader, leader elected after 5072ms
2019-10-01 14:16:00,142 [466aa3db-ea72-4dcd-95a1-963c4eca687f@group-84D715B579F0:LeaderElection4] INFO  server.RaftServerConfigKeys (ConfUtils.java:logGet(43)) - raft.server.staging.catchup.gap = 1000 (default)
2019-10-01 14:16:00,142 [466aa3db-ea72-4dcd-95a1-963c4eca687f@group-84D715B579F0:LeaderElection4] INFO  server.RaftServerConfigKeys (ConfUtils.java:logGet(43)) - raft.server.rpc.sleep.time = 25ms (default)
2019-10-01 14:16:00,142 [466aa3db-ea72-4dcd-95a1-963c4eca687f@group-84D715B579F0:LeaderElection4] INFO  server.RaftServerConfigKeys (ConfUtils.java:logGet(43)) - raft.server.write.element-limit = 4096 (default)
2019-10-01 14:16:00,142 [466aa3db-ea72-4dcd-95a1-963c4eca687f@group-84D715B579F0:LeaderElection4] INFO  server.RaftServerConfigKeys (ConfUtils.java:logGet(43)) - raft.server.watch.timeout = 10s (default)
2019-10-01 14:16:00,142 [466aa3db-ea72-4dcd-95a1-963c4eca687f@group-84D715B579F0:LeaderElection4] INFO  server.RaftServerConfigKeys (ConfUtils.java:logGet(43)) - raft.server.watch.timeout.denomination = 1s (default)
2019-10-01 14:16:00,142 [466aa3db-ea72-4dcd-95a1-963c4eca687f@group-84D715B579F0:LeaderElection4] INFO  server.RaftServerConfigKeys (ConfUtils.java:logGet(43)) - raft.server.watch.element-limit = 65536 (default)
2019-10-01 14:16:00,146 [466aa3db-ea72-4dcd-95a1-963c4eca687f@group-84D715B579F0:LeaderElection4] INFO  impl.RoleInfo (RoleInfo.java:updateAndGet(143)) - 466aa3db-ea72-4dcd-95a1-963c4eca687f: start LeaderState
2019-10-01 14:16:00,146 [466aa3db-ea72-4dcd-95a1-963c4eca687f@group-84D715B579F0:LeaderElection4] INFO  segmented.SegmentedRaftLogWorker (SegmentedRaftLogWorker.java:startLogSegment(380)) - 466aa3db-ea72-4dcd-95a1-963c4eca687f@group-84D715B579F0-SegmentedRaftLogWorker: Starting segment from index:0
2019-10-01 14:16:00,147 [466aa3db-ea72-4dcd-95a1-963c4eca687f@group-84D715B579F0:LeaderElection4] INFO  impl.RaftServerImpl (ServerState.java:setRaftConf(354)) - 466aa3db-ea72-4dcd-95a1-963c4eca687f@group-84D715B579F0: set configuration 0: [466aa3db-ea72-4dcd-95a1-963c4eca687f:192.168.151.103:43159], old=null at 0
2019-10-01 14:16:00,185 [Thread-255] INFO  impl.FollowerState (FollowerState.java:run(106)) - 804e63cd-c050-4a97-8e09-72401e6f6fea:group-78C61476148F changes to CANDIDATE, lastRpcTime:5011, electionTimeout:5000ms
2019-10-01 14:16:00,186 [Thread-255] INFO  impl.RoleInfo (RoleInfo.java:shutdownFollowerState(121)) - 804e63cd-c050-4a97-8e09-72401e6f6fea: shutdown FollowerState
2019-10-01 14:16:00,186 [Thread-255] INFO  impl.RaftServerImpl (RaftServerImpl.java:setRole(174)) - 804e63cd-c050-4a97-8e09-72401e6f6fea@group-78C61476148F: changes role from  FOLLOWER to CANDIDATE at term 0 for changeToCandidate
2019-10-01 14:16:00,186 [Thread-255] INFO  impl.RoleInfo (RoleInfo.java:updateAndGet(143)) - 804e63cd-c050-4a97-8e09-72401e6f6fea: start LeaderElection
2019-10-01 14:16:00,219 [466aa3db-ea72-4dcd-95a1-963c4eca687f@group-84D715B579F0-SegmentedRaftLogWorker] INFO  segmented.SegmentedRaftLogWorker (SegmentedRaftLogWorker.java:execute(569)) - 466aa3db-ea72-4dcd-95a1-963c4eca687f@group-84D715B579F0-SegmentedRaftLogWorker: created new log segment /workdir/hadoop-ozone/integration-test/target/test-dir/MiniOzoneClusterImpl-0c299cea-4044-47dd-bdd4-f5c3153bf6dc/datanode-6/data/ratis/b8ebc2c8-ec6b-4160-a299-84d715b579f0/current/log_inprogress_0
2019-10-01 14:16:00,219 [804e63cd-c050-4a97-8e09-72401e6f6fea@group-78C61476148F:LeaderElection5] INFO  impl.LeaderElection (LeaderElection.java:askForVotes(182)) - 804e63cd-c050-4a97-8e09-72401e6f6fea@group-78C61476148F:LeaderElection5: begin an election at term 1 for -1: [804e63cd-c050-4a97-8e09-72401e6f6fea:192.168.151.103:35361], old=null
2019-10-01 14:16:00,219 [804e63cd-c050-4a97-8e09-72401e6f6fea@group-78C61476148F:LeaderElection5] INFO  impl.RoleInfo (RoleInfo.java:shutdownLeaderElection(134)) - 804e63cd-c050-4a97-8e09-72401e6f6fea: shutdown LeaderElection
2019-10-01 14:16:00,219 [804e63cd-c050-4a97-8e09-72401e6f6fea@group-78C61476148F:LeaderElection5] INFO  impl.RaftServerImpl (RaftServerImpl.java:setRole(174)) - 804e63cd-c050-4a97-8e09-72401e6f6fea@group-78C61476148F: changes role from CANDIDATE to LEADER at term 1 for changeToLeader
2019-10-01 14:16:00,220 [804e63cd-c050-4a97-8e09-72401e6f6fea@group-78C61476148F:LeaderElection5] INFO  impl.RaftServerImpl (ServerState.java:setLeader(253)) - 804e63cd-c050-4a97-8e09-72401e6f6fea@group-78C61476148F: change Leader from null to 804e63cd-c050-4a97-8e09-72401e6f6fea at term 1 for becomeLeader, leader elected after 5069ms
2019-10-01 14:16:00,221 [804e63cd-c050-4a97-8e09-72401e6f6fea@group-78C61476148F:LeaderElection5] INFO  server.RaftServerConfigKeys (ConfUtils.java:logGet(43)) - raft.server.staging.catchup.gap = 1000 (default)
2019-10-01 14:16:00,221 [804e63cd-c050-4a97-8e09-72401e6f6fea@group-78C61476148F:LeaderElection5] INFO  server.RaftServerConfigKeys (ConfUtils.java:logGet(43)) - raft.server.rpc.sleep.time = 25ms (default)
2019-10-01 14:16:00,222 [804e63cd-c050-4a97-8e09-72401e6f6fea@group-78C61476148F:LeaderElection5] INFO  server.RaftServerConfigKeys (ConfUtils.java:logGet(43)) - raft.server.write.element-limit = 4096 (default)
2019-10-01 14:16:00,222 [804e63cd-c050-4a97-8e09-72401e6f6fea@group-78C61476148F:LeaderElection5] INFO  server.RaftServerConfigKeys (ConfUtils.java:logGet(43)) - raft.server.watch.timeout = 10s (default)
2019-10-01 14:16:00,222 [804e63cd-c050-4a97-8e09-72401e6f6fea@group-78C61476148F:LeaderElection5] INFO  server.RaftServerConfigKeys (ConfUtils.java:logGet(43)) - raft.server.watch.timeout.denomination = 1s (default)
2019-10-01 14:16:00,222 [804e63cd-c050-4a97-8e09-72401e6f6fea@group-78C61476148F:LeaderElection5] INFO  server.RaftServerConfigKeys (ConfUtils.java:logGet(43)) - raft.server.watch.element-limit = 65536 (default)
2019-10-01 14:16:00,225 [804e63cd-c050-4a97-8e09-72401e6f6fea@group-78C61476148F:LeaderElection5] INFO  impl.RoleInfo (RoleInfo.java:updateAndGet(143)) - 804e63cd-c050-4a97-8e09-72401e6f6fea: start LeaderState
2019-10-01 14:16:00,226 [804e63cd-c050-4a97-8e09-72401e6f6fea@group-78C61476148F:LeaderElection5] INFO  segmented.SegmentedRaftLogWorker (SegmentedRaftLogWorker.java:startLogSegment(380)) - 804e63cd-c050-4a97-8e09-72401e6f6fea@group-78C61476148F-SegmentedRaftLogWorker: Starting segment from index:0
2019-10-01 14:16:00,227 [804e63cd-c050-4a97-8e09-72401e6f6fea@group-78C61476148F:LeaderElection5] INFO  impl.RaftServerImpl (ServerState.java:setRaftConf(354)) - 804e63cd-c050-4a97-8e09-72401e6f6fea@group-78C61476148F: set configuration 0: [804e63cd-c050-4a97-8e09-72401e6f6fea:192.168.151.103:35361], old=null at 0
2019-10-01 14:16:00,277 [804e63cd-c050-4a97-8e09-72401e6f6fea@group-78C61476148F-SegmentedRaftLogWorker] INFO  segmented.SegmentedRaftLogWorker (SegmentedRaftLogWorker.java:execute(569)) - 804e63cd-c050-4a97-8e09-72401e6f6fea@group-78C61476148F-SegmentedRaftLogWorker: created new log segment /workdir/hadoop-ozone/integration-test/target/test-dir/MiniOzoneClusterImpl-0c299cea-4044-47dd-bdd4-f5c3153bf6dc/datanode-4/data/ratis/edb40528-7300-4763-8a74-78c61476148f/current/log_inprogress_0
2019-10-01 14:16:00,377 [Thread-258] INFO  impl.FollowerState (FollowerState.java:run(106)) - 67738115-7cb7-4102-ab79-b8d90a321e49:group-2C08B173DFCA changes to CANDIDATE, lastRpcTime:5111, electionTimeout:5111ms
2019-10-01 14:16:00,378 [Thread-258] INFO  impl.RoleInfo (RoleInfo.java:shutdownFollowerState(121)) - 67738115-7cb7-4102-ab79-b8d90a321e49: shutdown FollowerState
2019-10-01 14:16:00,378 [Thread-258] INFO  impl.RaftServerImpl (RaftServerImpl.java:setRole(174)) - 67738115-7cb7-4102-ab79-b8d90a321e49@group-2C08B173DFCA: changes role from  FOLLOWER to CANDIDATE at term 0 for changeToCandidate
2019-10-01 14:16:00,378 [Thread-258] INFO  impl.RoleInfo (RoleInfo.java:updateAndGet(143)) - 67738115-7cb7-4102-ab79-b8d90a321e49: start LeaderElection
2019-10-01 14:16:00,396 [67738115-7cb7-4102-ab79-b8d90a321e49@group-2C08B173DFCA:LeaderElection6] INFO  impl.LeaderElection (LeaderElection.java:askForVotes(182)) - 67738115-7cb7-4102-ab79-b8d90a321e49@group-2C08B173DFCA:LeaderElection6: begin an election at term 1 for -1: [67738115-7cb7-4102-ab79-b8d90a321e49:192.168.151.103:45628], old=null
2019-10-01 14:16:00,396 [67738115-7cb7-4102-ab79-b8d90a321e49@group-2C08B173DFCA:LeaderElection6] INFO  impl.RoleInfo (RoleInfo.java:shutdownLeaderElection(134)) - 67738115-7cb7-4102-ab79-b8d90a321e49: shutdown LeaderElection
2019-10-01 14:16:00,396 [67738115-7cb7-4102-ab79-b8d90a321e49@group-2C08B173DFCA:LeaderElection6] INFO  impl.RaftServerImpl (RaftServerImpl.java:setRole(174)) - 67738115-7cb7-4102-ab79-b8d90a321e49@group-2C08B173DFCA: changes role from CANDIDATE to LEADER at term 1 for changeToLeader
2019-10-01 14:16:00,396 [67738115-7cb7-4102-ab79-b8d90a321e49@group-2C08B173DFCA:LeaderElection6] INFO  impl.RaftServerImpl (ServerState.java:setLeader(253)) - 67738115-7cb7-4102-ab79-b8d90a321e49@group-2C08B173DFCA: change Leader from null to 67738115-7cb7-4102-ab79-b8d90a321e49 at term 1 for becomeLeader, leader elected after 5139ms
2019-10-01 14:16:00,398 [67738115-7cb7-4102-ab79-b8d90a321e49@group-2C08B173DFCA:LeaderElection6] INFO  server.RaftServerConfigKeys (ConfUtils.java:logGet(43)) - raft.server.staging.catchup.gap = 1000 (default)
2019-10-01 14:16:00,399 [67738115-7cb7-4102-ab79-b8d90a321e49@group-2C08B173DFCA:LeaderElection6] INFO  server.RaftServerConfigKeys (ConfUtils.java:logGet(43)) - raft.server.rpc.sleep.time = 25ms (default)
2019-10-01 14:16:00,399 [67738115-7cb7-4102-ab79-b8d90a321e49@group-2C08B173DFCA:LeaderElection6] INFO  server.RaftServerConfigKeys (ConfUtils.java:logGet(43)) - raft.server.write.element-limit = 4096 (default)
2019-10-01 14:16:00,399 [67738115-7cb7-4102-ab79-b8d90a321e49@group-2C08B173DFCA:LeaderElection6] INFO  server.RaftServerConfigKeys (ConfUtils.java:logGet(43)) - raft.server.watch.timeout = 10s (default)
2019-10-01 14:16:00,399 [67738115-7cb7-4102-ab79-b8d90a321e49@group-2C08B173DFCA:LeaderElection6] INFO  server.RaftServerConfigKeys (ConfUtils.java:logGet(43)) - raft.server.watch.timeout.denomination = 1s (default)
2019-10-01 14:16:00,399 [67738115-7cb7-4102-ab79-b8d90a321e49@group-2C08B173DFCA:LeaderElection6] INFO  server.RaftServerConfigKeys (ConfUtils.java:logGet(43)) - raft.server.watch.element-limit = 65536 (default)
2019-10-01 14:16:00,402 [67738115-7cb7-4102-ab79-b8d90a321e49@group-2C08B173DFCA:LeaderElection6] INFO  impl.RoleInfo (RoleInfo.java:updateAndGet(143)) - 67738115-7cb7-4102-ab79-b8d90a321e49: start LeaderState
2019-10-01 14:16:00,403 [67738115-7cb7-4102-ab79-b8d90a321e49@group-2C08B173DFCA:LeaderElection6] INFO  segmented.SegmentedRaftLogWorker (SegmentedRaftLogWorker.java:startLogSegment(380)) - 67738115-7cb7-4102-ab79-b8d90a321e49@group-2C08B173DFCA-SegmentedRaftLogWorker: Starting segment from index:0
2019-10-01 14:16:00,404 [67738115-7cb7-4102-ab79-b8d90a321e49@group-2C08B173DFCA:LeaderElection6] INFO  impl.RaftServerImpl (ServerState.java:setRaftConf(354)) - 67738115-7cb7-4102-ab79-b8d90a321e49@group-2C08B173DFCA: set configuration 0: [67738115-7cb7-4102-ab79-b8d90a321e49:192.168.151.103:45628], old=null at 0
2019-10-01 14:16:00,466 [67738115-7cb7-4102-ab79-b8d90a321e49@group-2C08B173DFCA-SegmentedRaftLogWorker] INFO  segmented.SegmentedRaftLogWorker (SegmentedRaftLogWorker.java:execute(569)) - 67738115-7cb7-4102-ab79-b8d90a321e49@group-2C08B173DFCA-SegmentedRaftLogWorker: created new log segment /workdir/hadoop-ozone/integration-test/target/test-dir/MiniOzoneClusterImpl-0c299cea-4044-47dd-bdd4-f5c3153bf6dc/datanode-5/data/ratis/d8009ae4-0926-47df-9d8a-2c08b173dfca/current/log_inprogress_0
2019-10-01 14:16:00,471 [Thread-261] INFO  impl.FollowerState (FollowerState.java:run(106)) - e052c69a-a915-4972-b3db-0764541643ec:group-850BCD1F4B02 changes to CANDIDATE, lastRpcTime:5138, electionTimeout:5138ms
2019-10-01 14:16:00,471 [Thread-261] INFO  impl.RoleInfo (RoleInfo.java:shutdownFollowerState(121)) - e052c69a-a915-4972-b3db-0764541643ec: shutdown FollowerState
2019-10-01 14:16:00,472 [Thread-261] INFO  impl.RaftServerImpl (RaftServerImpl.java:setRole(174)) - e052c69a-a915-4972-b3db-0764541643ec@group-850BCD1F4B02: changes role from  FOLLOWER to CANDIDATE at term 0 for changeToCandidate
2019-10-01 14:16:00,472 [Thread-261] INFO  impl.RoleInfo (RoleInfo.java:updateAndGet(143)) - e052c69a-a915-4972-b3db-0764541643ec: start LeaderElection
2019-10-01 14:16:00,482 [Thread-268] INFO  impl.FollowerState (FollowerState.java:run(106)) - b5420178-9b9a-48fb-beed-521737d432b7:group-AE4D0B056602 changes to CANDIDATE, lastRpcTime:5021, electionTimeout:5020ms
2019-10-01 14:16:00,483 [Thread-268] INFO  impl.RoleInfo (RoleInfo.java:shutdownFollowerState(121)) - b5420178-9b9a-48fb-beed-521737d432b7: shutdown FollowerState
2019-10-01 14:16:00,483 [Thread-268] INFO  impl.RaftServerImpl (RaftServerImpl.java:setRole(174)) - b5420178-9b9a-48fb-beed-521737d432b7@group-AE4D0B056602: changes role from  FOLLOWER to CANDIDATE at term 0 for changeToCandidate
2019-10-01 14:16:00,483 [Thread-268] INFO  impl.RoleInfo (RoleInfo.java:updateAndGet(143)) - b5420178-9b9a-48fb-beed-521737d432b7: start LeaderElection
2019-10-01 14:16:00,496 [b5420178-9b9a-48fb-beed-521737d432b7@group-AE4D0B056602:LeaderElection8] INFO  impl.LeaderElection (LeaderElection.java:askForVotes(182)) - b5420178-9b9a-48fb-beed-521737d432b7@group-AE4D0B056602:LeaderElection8: begin an election at term 1 for -1: [466aa3db-ea72-4dcd-95a1-963c4eca687f:192.168.151.103:43159, 65c19552-f16c-4986-8bf5-e40a8bae68e8:192.168.151.103:45524, b5420178-9b9a-48fb-beed-521737d432b7:192.168.151.103:39141], old=null
2019-10-01 14:16:00,498 [e052c69a-a915-4972-b3db-0764541643ec@group-850BCD1F4B02:LeaderElection7] INFO  impl.LeaderElection (LeaderElection.java:askForVotes(182)) - e052c69a-a915-4972-b3db-0764541643ec@group-850BCD1F4B02:LeaderElection7: begin an election at term 1 for -1: [e052c69a-a915-4972-b3db-0764541643ec:192.168.151.103:43920], old=null
2019-10-01 14:16:00,500 [e052c69a-a915-4972-b3db-0764541643ec@group-850BCD1F4B02:LeaderElection7] INFO  impl.RoleInfo (RoleInfo.java:shutdownLeaderElection(134)) - e052c69a-a915-4972-b3db-0764541643ec: shutdown LeaderElection
2019-10-01 14:16:00,500 [e052c69a-a915-4972-b3db-0764541643ec@group-850BCD1F4B02:LeaderElection7] INFO  impl.RaftServerImpl (RaftServerImpl.java:setRole(174)) - e052c69a-a915-4972-b3db-0764541643ec@group-850BCD1F4B02: changes role from CANDIDATE to LEADER at term 1 for changeToLeader
2019-10-01 14:16:00,503 [e052c69a-a915-4972-b3db-0764541643ec@group-850BCD1F4B02:LeaderElection7] INFO  impl.RaftServerImpl (ServerState.java:setLeader(253)) - e052c69a-a915-4972-b3db-0764541643ec@group-850BCD1F4B02: change Leader from null to e052c69a-a915-4972-b3db-0764541643ec at term 1 for becomeLeader, leader elected after 5178ms
2019-10-01 14:16:00,505 [e052c69a-a915-4972-b3db-0764541643ec@group-850BCD1F4B02:LeaderElection7] INFO  server.RaftServerConfigKeys (ConfUtils.java:logGet(43)) - raft.server.staging.catchup.gap = 1000 (default)
2019-10-01 14:16:00,505 [e052c69a-a915-4972-b3db-0764541643ec@group-850BCD1F4B02:LeaderElection7] INFO  server.RaftServerConfigKeys (ConfUtils.java:logGet(43)) - raft.server.rpc.sleep.time = 25ms (default)
2019-10-01 14:16:00,506 [e052c69a-a915-4972-b3db-0764541643ec@group-850BCD1F4B02:LeaderElection7] INFO  server.RaftServerConfigKeys (ConfUtils.java:logGet(43)) - raft.server.write.element-limit = 4096 (default)
2019-10-01 14:16:00,506 [e052c69a-a915-4972-b3db-0764541643ec@group-850BCD1F4B02:LeaderElection7] INFO  server.RaftServerConfigKeys (ConfUtils.java:logGet(43)) - raft.server.watch.timeout = 10s (default)
2019-10-01 14:16:00,506 [e052c69a-a915-4972-b3db-0764541643ec@group-850BCD1F4B02:LeaderElection7] INFO  server.RaftServerConfigKeys (ConfUtils.java:logGet(43)) - raft.server.watch.timeout.denomination = 1s (default)
2019-10-01 14:16:00,508 [e052c69a-a915-4972-b3db-0764541643ec@group-850BCD1F4B02:LeaderElection7] INFO  server.RaftServerConfigKeys (ConfUtils.java:logGet(43)) - raft.server.watch.element-limit = 65536 (default)
2019-10-01 14:16:00,511 [e052c69a-a915-4972-b3db-0764541643ec@group-850BCD1F4B02:LeaderElection7] INFO  impl.RoleInfo (RoleInfo.java:updateAndGet(143)) - e052c69a-a915-4972-b3db-0764541643ec: start LeaderState
2019-10-01 14:16:00,511 [e052c69a-a915-4972-b3db-0764541643ec@group-850BCD1F4B02:LeaderElection7] INFO  segmented.SegmentedRaftLogWorker (SegmentedRaftLogWorker.java:startLogSegment(380)) - e052c69a-a915-4972-b3db-0764541643ec@group-850BCD1F4B02-SegmentedRaftLogWorker: Starting segment from index:0
2019-10-01 14:16:00,512 [e052c69a-a915-4972-b3db-0764541643ec@group-850BCD1F4B02:LeaderElection7] INFO  impl.RaftServerImpl (ServerState.java:setRaftConf(354)) - e052c69a-a915-4972-b3db-0764541643ec@group-850BCD1F4B02: set configuration 0: [e052c69a-a915-4972-b3db-0764541643ec:192.168.151.103:43920], old=null at 0
2019-10-01 14:16:00,548 [Thread-266] INFO  impl.FollowerState (FollowerState.java:run(106)) - 65c19552-f16c-4986-8bf5-e40a8bae68e8:group-AE4D0B056602 changes to CANDIDATE, lastRpcTime:5096, electionTimeout:5096ms
2019-10-01 14:16:00,548 [Thread-266] INFO  impl.RoleInfo (RoleInfo.java:shutdownFollowerState(121)) - 65c19552-f16c-4986-8bf5-e40a8bae68e8: shutdown FollowerState
2019-10-01 14:16:00,548 [Thread-266] INFO  impl.RaftServerImpl (RaftServerImpl.java:setRole(174)) - 65c19552-f16c-4986-8bf5-e40a8bae68e8@group-AE4D0B056602: changes role from  FOLLOWER to CANDIDATE at term 0 for changeToCandidate
2019-10-01 14:16:00,549 [Thread-266] INFO  impl.RoleInfo (RoleInfo.java:updateAndGet(143)) - 65c19552-f16c-4986-8bf5-e40a8bae68e8: start LeaderElection
2019-10-01 14:16:00,558 [e052c69a-a915-4972-b3db-0764541643ec@group-850BCD1F4B02-SegmentedRaftLogWorker] INFO  segmented.SegmentedRaftLogWorker (SegmentedRaftLogWorker.java:execute(569)) - e052c69a-a915-4972-b3db-0764541643ec@group-850BCD1F4B02-SegmentedRaftLogWorker: created new log segment /workdir/hadoop-ozone/integration-test/target/test-dir/MiniOzoneClusterImpl-0c299cea-4044-47dd-bdd4-f5c3153bf6dc/datanode-3/data/ratis/14ec4b9e-eb02-4c5a-b1b5-850bcd1f4b02/current/log_inprogress_0
2019-10-01 14:16:00,571 [grpc-default-executor-0] INFO  impl.RaftServerImpl (RaftServerImpl.java:setRole(174)) - 466aa3db-ea72-4dcd-95a1-963c4eca687f@group-AE4D0B056602: changes role from  FOLLOWER to FOLLOWER at term 1 for recognizeCandidate:b5420178-9b9a-48fb-beed-521737d432b7
2019-10-01 14:16:00,571 [grpc-default-executor-0] INFO  impl.RoleInfo (RoleInfo.java:shutdownFollowerState(121)) - 466aa3db-ea72-4dcd-95a1-963c4eca687f: shutdown FollowerState
2019-10-01 14:16:00,571 [grpc-default-executor-0] INFO  impl.RoleInfo (RoleInfo.java:updateAndGet(143)) - 466aa3db-ea72-4dcd-95a1-963c4eca687f: start FollowerState
2019-10-01 14:16:00,571 [Thread-269] INFO  impl.FollowerState (FollowerState.java:run(115)) - 466aa3db-ea72-4dcd-95a1-963c4eca687f: FollowerState was interrupted: java.lang.InterruptedException: sleep interrupted
2019-10-01 14:16:00,576 [65c19552-f16c-4986-8bf5-e40a8bae68e8@group-AE4D0B056602:LeaderElection9] INFO  impl.LeaderElection (LeaderElection.java:askForVotes(182)) - 65c19552-f16c-4986-8bf5-e40a8bae68e8@group-AE4D0B056602:LeaderElection9: begin an election at term 1 for -1: [466aa3db-ea72-4dcd-95a1-963c4eca687f:192.168.151.103:43159, 65c19552-f16c-4986-8bf5-e40a8bae68e8:192.168.151.103:45524, b5420178-9b9a-48fb-beed-521737d432b7:192.168.151.103:39141], old=null
2019-10-01 14:16:00,589 [b5420178-9b9a-48fb-beed-521737d432b7@group-AE4D0B056602:LeaderElection8] INFO  impl.LeaderElection (LeaderElection.java:logAndReturn(56)) - b5420178-9b9a-48fb-beed-521737d432b7@group-AE4D0B056602:LeaderElection8: Election PASSED; received 1 response(s) [b5420178-9b9a-48fb-beed-521737d432b7<-466aa3db-ea72-4dcd-95a1-963c4eca687f#0:OK-t1] and 0 exception(s); b5420178-9b9a-48fb-beed-521737d432b7@group-AE4D0B056602:t1, leader=null, voted=b5420178-9b9a-48fb-beed-521737d432b7, raftlog=b5420178-9b9a-48fb-beed-521737d432b7@group-AE4D0B056602-SegmentedRaftLog:OPENED:c-1,f-1,i0, conf=-1: [466aa3db-ea72-4dcd-95a1-963c4eca687f:192.168.151.103:43159, 65c19552-f16c-4986-8bf5-e40a8bae68e8:192.168.151.103:45524, b5420178-9b9a-48fb-beed-521737d432b7:192.168.151.103:39141], old=null
2019-10-01 14:16:00,589 [b5420178-9b9a-48fb-beed-521737d432b7@group-AE4D0B056602:LeaderElection8] INFO  impl.RoleInfo (RoleInfo.java:shutdownLeaderElection(134)) - b5420178-9b9a-48fb-beed-521737d432b7: shutdown LeaderElection
2019-10-01 14:16:00,589 [b5420178-9b9a-48fb-beed-521737d432b7@group-AE4D0B056602:LeaderElection8] INFO  impl.RaftServerImpl (RaftServerImpl.java:setRole(174)) - b5420178-9b9a-48fb-beed-521737d432b7@group-AE4D0B056602: changes role from CANDIDATE to LEADER at term 1 for changeToLeader
2019-10-01 14:16:00,589 [b5420178-9b9a-48fb-beed-521737d432b7@group-AE4D0B056602:LeaderElection8] INFO  impl.RaftServerImpl (ServerState.java:setLeader(253)) - b5420178-9b9a-48fb-beed-521737d432b7@group-AE4D0B056602: change Leader from null to b5420178-9b9a-48fb-beed-521737d432b7 at term 1 for becomeLeader, leader elected after 5148ms
2019-10-01 14:16:00,591 [b5420178-9b9a-48fb-beed-521737d432b7@group-AE4D0B056602:LeaderElection8] INFO  server.RaftServerConfigKeys (ConfUtils.java:logGet(43)) - raft.server.staging.catchup.gap = 1000 (default)
2019-10-01 14:16:00,594 [b5420178-9b9a-48fb-beed-521737d432b7@group-AE4D0B056602:LeaderElection8] INFO  server.RaftServerConfigKeys (ConfUtils.java:logGet(43)) - raft.server.rpc.sleep.time = 25ms (default)
2019-10-01 14:16:00,594 [b5420178-9b9a-48fb-beed-521737d432b7@group-AE4D0B056602:LeaderElection8] INFO  server.RaftServerConfigKeys (ConfUtils.java:logGet(43)) - raft.server.write.element-limit = 4096 (default)
2019-10-01 14:16:00,594 [b5420178-9b9a-48fb-beed-521737d432b7@group-AE4D0B056602:LeaderElection8] INFO  server.RaftServerConfigKeys (ConfUtils.java:logGet(43)) - raft.server.watch.timeout = 10s (default)
2019-10-01 14:16:00,594 [b5420178-9b9a-48fb-beed-521737d432b7@group-AE4D0B056602:LeaderElection8] INFO  server.RaftServerConfigKeys (ConfUtils.java:logGet(43)) - raft.server.watch.timeout.denomination = 1s (default)
2019-10-01 14:16:00,594 [b5420178-9b9a-48fb-beed-521737d432b7@group-AE4D0B056602:LeaderElection8] INFO  server.RaftServerConfigKeys (ConfUtils.java:logGet(43)) - raft.server.watch.element-limit = 65536 (default)
2019-10-01 14:16:00,606 [b5420178-9b9a-48fb-beed-521737d432b7@group-AE4D0B056602:LeaderElection8] INFO  server.RaftServerConfigKeys (ConfUtils.java:logGet(43)) - raft.server.log.appender.snapshot.chunk.size.max = 16MB (=16777216) (default)
2019-10-01 14:16:00,607 [b5420178-9b9a-48fb-beed-521737d432b7@group-AE4D0B056602:LeaderElection8] INFO  server.RaftServerConfigKeys (ConfUtils.java:logGet(43)) - raft.server.log.appender.buffer.byte-limit = 33554432 (custom)
2019-10-01 14:16:00,607 [b5420178-9b9a-48fb-beed-521737d432b7@group-AE4D0B056602:LeaderElection8] INFO  server.RaftServerConfigKeys (ConfUtils.java:logGet(43)) - raft.server.log.appender.buffer.element-limit = 1 (custom)
2019-10-01 14:16:00,610 [b5420178-9b9a-48fb-beed-521737d432b7@group-AE4D0B056602:LeaderElection8] INFO  grpc.GrpcConfigKeys$Server (ConfUtils.java:logGet(43)) - raft.grpc.server.leader.outstanding.appends.max = 128 (default)
2019-10-01 14:16:00,616 [b5420178-9b9a-48fb-beed-521737d432b7@group-AE4D0B056602:LeaderElection8] INFO  server.RaftServerConfigKeys (ConfUtils.java:logGet(43)) - raft.server.rpc.request.timeout = 3000ms (default)
2019-10-01 14:16:00,616 [b5420178-9b9a-48fb-beed-521737d432b7@group-AE4D0B056602:LeaderElection8] INFO  server.RaftServerConfigKeys (ConfUtils.java:logGet(43)) - raft.server.log.appender.install.snapshot.enabled = false (custom)
2019-10-01 14:16:00,617 [b5420178-9b9a-48fb-beed-521737d432b7@group-AE4D0B056602:LeaderElection8] INFO  server.RaftServerConfigKeys (ConfUtils.java:logGet(43)) - raft.server.log.appender.snapshot.chunk.size.max = 16MB (=16777216) (default)
2019-10-01 14:16:00,617 [b5420178-9b9a-48fb-beed-521737d432b7@group-AE4D0B056602:LeaderElection8] INFO  server.RaftServerConfigKeys (ConfUtils.java:logGet(43)) - raft.server.log.appender.buffer.byte-limit = 33554432 (custom)
2019-10-01 14:16:00,617 [b5420178-9b9a-48fb-beed-521737d432b7@group-AE4D0B056602:LeaderElection8] INFO  server.RaftServerConfigKeys (ConfUtils.java:logGet(43)) - raft.server.log.appender.buffer.element-limit = 1 (custom)
2019-10-01 14:16:00,617 [b5420178-9b9a-48fb-beed-521737d432b7@group-AE4D0B056602:LeaderElection8] INFO  grpc.GrpcConfigKeys$Server (ConfUtils.java:logGet(43)) - raft.grpc.server.leader.outstanding.appends.max = 128 (default)
2019-10-01 14:16:00,617 [b5420178-9b9a-48fb-beed-521737d432b7@group-AE4D0B056602:LeaderElection8] INFO  server.RaftServerConfigKeys (ConfUtils.java:logGet(43)) - raft.server.rpc.request.timeout = 3000ms (default)
2019-10-01 14:16:00,617 [b5420178-9b9a-48fb-beed-521737d432b7@group-AE4D0B056602:LeaderElection8] INFO  server.RaftServerConfigKeys (ConfUtils.java:logGet(43)) - raft.server.log.appender.install.snapshot.enabled = false (custom)
2019-10-01 14:16:00,618 [b5420178-9b9a-48fb-beed-521737d432b7@group-AE4D0B056602:LeaderElection8] INFO  impl.RoleInfo (RoleInfo.java:updateAndGet(143)) - b5420178-9b9a-48fb-beed-521737d432b7: start LeaderState
2019-10-01 14:16:00,619 [b5420178-9b9a-48fb-beed-521737d432b7@group-AE4D0B056602:LeaderElection8] INFO  segmented.SegmentedRaftLogWorker (SegmentedRaftLogWorker.java:startLogSegment(380)) - b5420178-9b9a-48fb-beed-521737d432b7@group-AE4D0B056602-SegmentedRaftLogWorker: Starting segment from index:0
2019-10-01 14:16:00,619 [b5420178-9b9a-48fb-beed-521737d432b7@group-AE4D0B056602:LeaderElection8] INFO  impl.RaftServerImpl (ServerState.java:setRaftConf(354)) - b5420178-9b9a-48fb-beed-521737d432b7@group-AE4D0B056602: set configuration 0: [466aa3db-ea72-4dcd-95a1-963c4eca687f:192.168.151.103:43159, 65c19552-f16c-4986-8bf5-e40a8bae68e8:192.168.151.103:45524, b5420178-9b9a-48fb-beed-521737d432b7:192.168.151.103:39141], old=null at 0
2019-10-01 14:16:00,655 [grpc-default-executor-0] INFO  impl.RaftServerImpl (RaftServerImpl.java:requestVote(758)) - b5420178-9b9a-48fb-beed-521737d432b7@group-AE4D0B056602-   LEADER: Withhold vote from candidate 65c19552-f16c-4986-8bf5-e40a8bae68e8 with term 1. State: leader=b5420178-9b9a-48fb-beed-521737d432b7, term=1, lastRpcElapsed=null
2019-10-01 14:16:00,657 [Thread-278] INFO  impl.FollowerState (FollowerState.java:run(106)) - 804e63cd-c050-4a97-8e09-72401e6f6fea:group-4783FD9B2FC9 changes to CANDIDATE, lastRpcTime:5089, electionTimeout:5087ms
2019-10-01 14:16:00,658 [Thread-278] INFO  impl.RoleInfo (RoleInfo.java:shutdownFollowerState(121)) - 804e63cd-c050-4a97-8e09-72401e6f6fea: shutdown FollowerState
2019-10-01 14:16:00,658 [Thread-278] INFO  impl.RaftServerImpl (RaftServerImpl.java:setRole(174)) - 804e63cd-c050-4a97-8e09-72401e6f6fea@group-4783FD9B2FC9: changes role from  FOLLOWER to CANDIDATE at term 0 for changeToCandidate
2019-10-01 14:16:00,658 [Thread-278] INFO  impl.RoleInfo (RoleInfo.java:updateAndGet(143)) - 804e63cd-c050-4a97-8e09-72401e6f6fea: start LeaderElection
2019-10-01 14:16:00,668 [65c19552-f16c-4986-8bf5-e40a8bae68e8@group-AE4D0B056602:LeaderElection9] INFO  impl.LeaderElection (LeaderElection.java:logAndReturn(56)) - 65c19552-f16c-4986-8bf5-e40a8bae68e8@group-AE4D0B056602:LeaderElection9: Election REJECTED; received 2 response(s) [65c19552-f16c-4986-8bf5-e40a8bae68e8<-466aa3db-ea72-4dcd-95a1-963c4eca687f#0:FAIL-t1, 65c19552-f16c-4986-8bf5-e40a8bae68e8<-b5420178-9b9a-48fb-beed-521737d432b7#0:FAIL-t1] and 0 exception(s); 65c19552-f16c-4986-8bf5-e40a8bae68e8@group-AE4D0B056602:t1, leader=null, voted=65c19552-f16c-4986-8bf5-e40a8bae68e8, raftlog=65c19552-f16c-4986-8bf5-e40a8bae68e8@group-AE4D0B056602-SegmentedRaftLog:OPENED:c-1,f-1,i0, conf=-1: [466aa3db-ea72-4dcd-95a1-963c4eca687f:192.168.151.103:43159, 65c19552-f16c-4986-8bf5-e40a8bae68e8:192.168.151.103:45524, b5420178-9b9a-48fb-beed-521737d432b7:192.168.151.103:39141], old=null
2019-10-01 14:16:00,669 [65c19552-f16c-4986-8bf5-e40a8bae68e8@group-AE4D0B056602:LeaderElection9] INFO  impl.RaftServerImpl (RaftServerImpl.java:setRole(174)) - 65c19552-f16c-4986-8bf5-e40a8bae68e8@group-AE4D0B056602: changes role from CANDIDATE to FOLLOWER at term 1 for DISCOVERED_A_NEW_TERM
2019-10-01 14:16:00,671 [804e63cd-c050-4a97-8e09-72401e6f6fea@group-4783FD9B2FC9:LeaderElection10] INFO  impl.LeaderElection (LeaderElection.java:askForVotes(182)) - 804e63cd-c050-4a97-8e09-72401e6f6fea@group-4783FD9B2FC9:LeaderElection10: begin an election at term 1 for -1: [804e63cd-c050-4a97-8e09-72401e6f6fea:192.168.151.103:35361, e052c69a-a915-4972-b3db-0764541643ec:192.168.151.103:43920, 67738115-7cb7-4102-ab79-b8d90a321e49:192.168.151.103:45628], old=null
2019-10-01 14:16:00,671 [b5420178-9b9a-48fb-beed-521737d432b7@group-AE4D0B056602-SegmentedRaftLogWorker] INFO  segmented.SegmentedRaftLogWorker (SegmentedRaftLogWorker.java:execute(569)) - b5420178-9b9a-48fb-beed-521737d432b7@group-AE4D0B056602-SegmentedRaftLogWorker: created new log segment /workdir/hadoop-ozone/integration-test/target/test-dir/MiniOzoneClusterImpl-0c299cea-4044-47dd-bdd4-f5c3153bf6dc/datanode-2/data/ratis/28d41d7f-9346-422e-ac1c-ae4d0b056602/current/log_inprogress_0
2019-10-01 14:16:00,675 [65c19552-f16c-4986-8bf5-e40a8bae68e8@group-AE4D0B056602:LeaderElection9] INFO  impl.RoleInfo (RoleInfo.java:shutdownLeaderElection(134)) - 65c19552-f16c-4986-8bf5-e40a8bae68e8: shutdown LeaderElection
2019-10-01 14:16:00,677 [65c19552-f16c-4986-8bf5-e40a8bae68e8@group-AE4D0B056602:LeaderElection9] INFO  impl.RoleInfo (RoleInfo.java:updateAndGet(143)) - 65c19552-f16c-4986-8bf5-e40a8bae68e8: start FollowerState
2019-10-01 14:16:00,687 [Thread-275] INFO  impl.FollowerState (FollowerState.java:run(106)) - 67738115-7cb7-4102-ab79-b8d90a321e49:group-4783FD9B2FC9 changes to CANDIDATE, lastRpcTime:5124, electionTimeout:5123ms
2019-10-01 14:16:00,687 [Thread-275] INFO  impl.RoleInfo (RoleInfo.java:shutdownFollowerState(121)) - 67738115-7cb7-4102-ab79-b8d90a321e49: shutdown FollowerState
2019-10-01 14:16:00,687 [Thread-275] INFO  impl.RaftServerImpl (RaftServerImpl.java:setRole(174)) - 67738115-7cb7-4102-ab79-b8d90a321e49@group-4783FD9B2FC9: changes role from  FOLLOWER to CANDIDATE at term 0 for changeToCandidate
2019-10-01 14:16:00,687 [Thread-275] INFO  impl.RoleInfo (RoleInfo.java:updateAndGet(143)) - 67738115-7cb7-4102-ab79-b8d90a321e49: start LeaderElection
2019-10-01 14:16:00,704 [grpc-default-executor-3] INFO  impl.RaftServerImpl (RaftServerImpl.java:setRole(174)) - e052c69a-a915-4972-b3db-0764541643ec@group-4783FD9B2FC9: changes role from  FOLLOWER to FOLLOWER at term 1 for recognizeCandidate:804e63cd-c050-4a97-8e09-72401e6f6fea
2019-10-01 14:16:00,704 [grpc-default-executor-3] INFO  impl.RoleInfo (RoleInfo.java:shutdownFollowerState(121)) - e052c69a-a915-4972-b3db-0764541643ec: shutdown FollowerState
2019-10-01 14:16:00,704 [grpc-default-executor-3] INFO  impl.RoleInfo (RoleInfo.java:updateAndGet(143)) - e052c69a-a915-4972-b3db-0764541643ec: start FollowerState
2019-10-01 14:16:00,704 [Thread-277] INFO  impl.FollowerState (FollowerState.java:run(115)) - e052c69a-a915-4972-b3db-0764541643ec: FollowerState was interrupted: java.lang.InterruptedException: sleep interrupted
2019-10-01 14:16:00,707 [67738115-7cb7-4102-ab79-b8d90a321e49@group-4783FD9B2FC9:LeaderElection11] INFO  impl.LeaderElection (LeaderElection.java:askForVotes(182)) - 67738115-7cb7-4102-ab79-b8d90a321e49@group-4783FD9B2FC9:LeaderElection11: begin an election at term 1 for -1: [804e63cd-c050-4a97-8e09-72401e6f6fea:192.168.151.103:35361, e052c69a-a915-4972-b3db-0764541643ec:192.168.151.103:43920, 67738115-7cb7-4102-ab79-b8d90a321e49:192.168.151.103:45628], old=null
2019-10-01 14:16:00,714 [grpc-default-executor-0] INFO  impl.RaftServerImpl (ServerState.java:setLeader(253)) - 466aa3db-ea72-4dcd-95a1-963c4eca687f@group-AE4D0B056602: change Leader from null to b5420178-9b9a-48fb-beed-521737d432b7 at term 1 for appendEntries, leader elected after 5273ms
2019-10-01 14:16:00,714 [grpc-default-executor-1] INFO  impl.RaftServerImpl (ServerState.java:setLeader(253)) - 65c19552-f16c-4986-8bf5-e40a8bae68e8@group-AE4D0B056602: change Leader from null to b5420178-9b9a-48fb-beed-521737d432b7 at term 1 for appendEntries, leader elected after 5273ms
2019-10-01 14:16:00,745 [804e63cd-c050-4a97-8e09-72401e6f6fea@group-4783FD9B2FC9:LeaderElection10] INFO  impl.LeaderElection (LeaderElection.java:logAndReturn(56)) - 804e63cd-c050-4a97-8e09-72401e6f6fea@group-4783FD9B2FC9:LeaderElection10: Election PASSED; received 2 response(s) [804e63cd-c050-4a97-8e09-72401e6f6fea<-e052c69a-a915-4972-b3db-0764541643ec#0:OK-t1, 804e63cd-c050-4a97-8e09-72401e6f6fea<-67738115-7cb7-4102-ab79-b8d90a321e49#0:FAIL-t1] and 0 exception(s); 804e63cd-c050-4a97-8e09-72401e6f6fea@group-4783FD9B2FC9:t1, leader=null, voted=804e63cd-c050-4a97-8e09-72401e6f6fea, raftlog=804e63cd-c050-4a97-8e09-72401e6f6fea@group-4783FD9B2FC9-SegmentedRaftLog:OPENED:c-1,f-1,i0, conf=-1: [804e63cd-c050-4a97-8e09-72401e6f6fea:192.168.151.103:35361, e052c69a-a915-4972-b3db-0764541643ec:192.168.151.103:43920, 67738115-7cb7-4102-ab79-b8d90a321e49:192.168.151.103:45628], old=null
2019-10-01 14:16:00,745 [804e63cd-c050-4a97-8e09-72401e6f6fea@group-4783FD9B2FC9:LeaderElection10] INFO  impl.RoleInfo (RoleInfo.java:shutdownLeaderElection(134)) - 804e63cd-c050-4a97-8e09-72401e6f6fea: shutdown LeaderElection
2019-10-01 14:16:00,754 [804e63cd-c050-4a97-8e09-72401e6f6fea@group-4783FD9B2FC9:LeaderElection10] INFO  impl.RaftServerImpl (RaftServerImpl.java:setRole(174)) - 804e63cd-c050-4a97-8e09-72401e6f6fea@group-4783FD9B2FC9: changes role from CANDIDATE to LEADER at term 1 for changeToLeader
2019-10-01 14:16:00,757 [804e63cd-c050-4a97-8e09-72401e6f6fea@group-4783FD9B2FC9:LeaderElection10] INFO  impl.RaftServerImpl (ServerState.java:setLeader(253)) - 804e63cd-c050-4a97-8e09-72401e6f6fea@group-4783FD9B2FC9: change Leader from null to 804e63cd-c050-4a97-8e09-72401e6f6fea at term 1 for becomeLeader, leader elected after 5207ms
2019-10-01 14:16:00,758 [804e63cd-c050-4a97-8e09-72401e6f6fea@group-4783FD9B2FC9:LeaderElection10] INFO  server.RaftServerConfigKeys (ConfUtils.java:logGet(43)) - raft.server.staging.catchup.gap = 1000 (default)
2019-10-01 14:16:00,758 [804e63cd-c050-4a97-8e09-72401e6f6fea@group-4783FD9B2FC9:LeaderElection10] INFO  server.RaftServerConfigKeys (ConfUtils.java:logGet(43)) - raft.server.rpc.sleep.time = 25ms (default)
2019-10-01 14:16:00,758 [67738115-7cb7-4102-ab79-b8d90a321e49@group-4783FD9B2FC9:LeaderElection11] INFO  impl.LeaderElection (LeaderElection.java:logAndReturn(56)) - 67738115-7cb7-4102-ab79-b8d90a321e49@group-4783FD9B2FC9:LeaderElection11: Election REJECTED; received 2 response(s) [67738115-7cb7-4102-ab79-b8d90a321e49<-804e63cd-c050-4a97-8e09-72401e6f6fea#0:FAIL-t1, 67738115-7cb7-4102-ab79-b8d90a321e49<-e052c69a-a915-4972-b3db-0764541643ec#0:FAIL-t1] and 0 exception(s); 67738115-7cb7-4102-ab79-b8d90a321e49@group-4783FD9B2FC9:t1, leader=null, voted=67738115-7cb7-4102-ab79-b8d90a321e49, raftlog=67738115-7cb7-4102-ab79-b8d90a321e49@group-4783FD9B2FC9-SegmentedRaftLog:OPENED:c-1,f-1,i0, conf=-1: [804e63cd-c050-4a97-8e09-72401e6f6fea:192.168.151.103:35361, e052c69a-a915-4972-b3db-0764541643ec:192.168.151.103:43920, 67738115-7cb7-4102-ab79-b8d90a321e49:192.168.151.103:45628], old=null
2019-10-01 14:16:00,760 [804e63cd-c050-4a97-8e09-72401e6f6fea@group-4783FD9B2FC9:LeaderElection10] INFO  server.RaftServerConfigKeys (ConfUtils.java:logGet(43)) - raft.server.write.element-limit = 4096 (default)
2019-10-01 14:16:00,760 [67738115-7cb7-4102-ab79-b8d90a321e49@group-4783FD9B2FC9:LeaderElection11] INFO  impl.RaftServerImpl (RaftServerImpl.java:setRole(174)) - 67738115-7cb7-4102-ab79-b8d90a321e49@group-4783FD9B2FC9: changes role from CANDIDATE to FOLLOWER at term 1 for DISCOVERED_A_NEW_TERM
2019-10-01 14:16:00,762 [804e63cd-c050-4a97-8e09-72401e6f6fea@group-4783FD9B2FC9:LeaderElection10] INFO  server.RaftServerConfigKeys (ConfUtils.java:logGet(43)) - raft.server.watch.timeout = 10s (default)
2019-10-01 14:16:00,762 [67738115-7cb7-4102-ab79-b8d90a321e49@group-4783FD9B2FC9:LeaderElection11] INFO  impl.RoleInfo (RoleInfo.java:shutdownLeaderElection(134)) - 67738115-7cb7-4102-ab79-b8d90a321e49: shutdown LeaderElection
2019-10-01 14:16:00,762 [804e63cd-c050-4a97-8e09-72401e6f6fea@group-4783FD9B2FC9:LeaderElection10] INFO  server.RaftServerConfigKeys (ConfUtils.java:logGet(43)) - raft.server.watch.timeout.denomination = 1s (default)
2019-10-01 14:16:00,762 [67738115-7cb7-4102-ab79-b8d90a321e49@group-4783FD9B2FC9:LeaderElection11] INFO  impl.RoleInfo (RoleInfo.java:updateAndGet(143)) - 67738115-7cb7-4102-ab79-b8d90a321e49: start FollowerState
2019-10-01 14:16:00,762 [804e63cd-c050-4a97-8e09-72401e6f6fea@group-4783FD9B2FC9:LeaderElection10] INFO  server.RaftServerConfigKeys (ConfUtils.java:logGet(43)) - raft.server.watch.element-limit = 65536 (default)
2019-10-01 14:16:00,766 [804e63cd-c050-4a97-8e09-72401e6f6fea@group-4783FD9B2FC9:LeaderElection10] INFO  server.RaftServerConfigKeys (ConfUtils.java:logGet(43)) - raft.server.log.appender.snapshot.chunk.size.max = 16MB (=16777216) (default)
2019-10-01 14:16:00,768 [804e63cd-c050-4a97-8e09-72401e6f6fea@group-4783FD9B2FC9:LeaderElection10] INFO  server.RaftServerConfigKeys (ConfUtils.java:logGet(43)) - raft.server.log.appender.buffer.byte-limit = 33554432 (custom)
2019-10-01 14:16:00,768 [804e63cd-c050-4a97-8e09-72401e6f6fea@group-4783FD9B2FC9:LeaderElection10] INFO  server.RaftServerConfigKeys (ConfUtils.java:logGet(43)) - raft.server.log.appender.buffer.element-limit = 1 (custom)
2019-10-01 14:16:00,768 [804e63cd-c050-4a97-8e09-72401e6f6fea@group-4783FD9B2FC9:LeaderElection10] INFO  grpc.GrpcConfigKeys$Server (ConfUtils.java:logGet(43)) - raft.grpc.server.leader.outstanding.appends.max = 128 (default)
2019-10-01 14:16:00,772 [804e63cd-c050-4a97-8e09-72401e6f6fea@group-4783FD9B2FC9:LeaderElection10] INFO  server.RaftServerConfigKeys (ConfUtils.java:logGet(43)) - raft.server.rpc.request.timeout = 3000ms (default)
2019-10-01 14:16:00,772 [804e63cd-c050-4a97-8e09-72401e6f6fea@group-4783FD9B2FC9:LeaderElection10] INFO  server.RaftServerConfigKeys (ConfUtils.java:logGet(43)) - raft.server.log.appender.install.snapshot.enabled = false (custom)
2019-10-01 14:16:00,773 [804e63cd-c050-4a97-8e09-72401e6f6fea@group-4783FD9B2FC9:LeaderElection10] INFO  server.RaftServerConfigKeys (ConfUtils.java:logGet(43)) - raft.server.log.appender.snapshot.chunk.size.max = 16MB (=16777216) (default)
2019-10-01 14:16:00,773 [804e63cd-c050-4a97-8e09-72401e6f6fea@group-4783FD9B2FC9:LeaderElection10] INFO  server.RaftServerConfigKeys (ConfUtils.java:logGet(43)) - raft.server.log.appender.buffer.byte-limit = 33554432 (custom)
2019-10-01 14:16:00,773 [804e63cd-c050-4a97-8e09-72401e6f6fea@group-4783FD9B2FC9:LeaderElection10] INFO  server.RaftServerConfigKeys (ConfUtils.java:logGet(43)) - raft.server.log.appender.buffer.element-limit = 1 (custom)
2019-10-01 14:16:00,776 [804e63cd-c050-4a97-8e09-72401e6f6fea@group-4783FD9B2FC9:LeaderElection10] INFO  grpc.GrpcConfigKeys$Server (ConfUtils.java:logGet(43)) - raft.grpc.server.leader.outstanding.appends.max = 128 (default)
2019-10-01 14:16:00,777 [804e63cd-c050-4a97-8e09-72401e6f6fea@group-4783FD9B2FC9:LeaderElection10] INFO  server.RaftServerConfigKeys (ConfUtils.java:logGet(43)) - raft.server.rpc.request.timeout = 3000ms (default)
2019-10-01 14:16:00,777 [804e63cd-c050-4a97-8e09-72401e6f6fea@group-4783FD9B2FC9:LeaderElection10] INFO  server.RaftServerConfigKeys (ConfUtils.java:logGet(43)) - raft.server.log.appender.install.snapshot.enabled = false (custom)
2019-10-01 14:16:00,777 [804e63cd-c050-4a97-8e09-72401e6f6fea@group-4783FD9B2FC9:LeaderElection10] INFO  impl.RoleInfo (RoleInfo.java:updateAndGet(143)) - 804e63cd-c050-4a97-8e09-72401e6f6fea: start LeaderState
2019-10-01 14:16:00,778 [804e63cd-c050-4a97-8e09-72401e6f6fea@group-4783FD9B2FC9:LeaderElection10] INFO  segmented.SegmentedRaftLogWorker (SegmentedRaftLogWorker.java:startLogSegment(380)) - 804e63cd-c050-4a97-8e09-72401e6f6fea@group-4783FD9B2FC9-SegmentedRaftLogWorker: Starting segment from index:0
2019-10-01 14:16:00,779 [804e63cd-c050-4a97-8e09-72401e6f6fea@group-4783FD9B2FC9:LeaderElection10] INFO  impl.RaftServerImpl (ServerState.java:setRaftConf(354)) - 804e63cd-c050-4a97-8e09-72401e6f6fea@group-4783FD9B2FC9: set configuration 0: [804e63cd-c050-4a97-8e09-72401e6f6fea:192.168.151.103:35361, e052c69a-a915-4972-b3db-0764541643ec:192.168.151.103:43920, 67738115-7cb7-4102-ab79-b8d90a321e49:192.168.151.103:45628], old=null at 0
2019-10-01 14:16:00,781 [grpc-default-executor-1] INFO  impl.RaftServerImpl (ServerState.java:setLeader(253)) - e052c69a-a915-4972-b3db-0764541643ec@group-4783FD9B2FC9: change Leader from null to 804e63cd-c050-4a97-8e09-72401e6f6fea at term 1 for appendEntries, leader elected after 5231ms
2019-10-01 14:16:00,781 [grpc-default-executor-0] INFO  impl.RaftServerImpl (ServerState.java:setLeader(253)) - 67738115-7cb7-4102-ab79-b8d90a321e49@group-4783FD9B2FC9: change Leader from null to 804e63cd-c050-4a97-8e09-72401e6f6fea at term 1 for appendEntries, leader elected after 5231ms
2019-10-01 14:16:00,787 [grpc-default-executor-3] INFO  impl.RaftServerImpl (ServerState.java:setRaftConf(354)) - 67738115-7cb7-4102-ab79-b8d90a321e49@group-4783FD9B2FC9: set configuration 0: [804e63cd-c050-4a97-8e09-72401e6f6fea:192.168.151.103:35361, e052c69a-a915-4972-b3db-0764541643ec:192.168.151.103:43920, 67738115-7cb7-4102-ab79-b8d90a321e49:192.168.151.103:45628], old=null at 0
2019-10-01 14:16:00,788 [grpc-default-executor-0] INFO  impl.RaftServerImpl (ServerState.java:setRaftConf(354)) - 466aa3db-ea72-4dcd-95a1-963c4eca687f@group-AE4D0B056602: set configuration 0: [466aa3db-ea72-4dcd-95a1-963c4eca687f:192.168.151.103:43159, 65c19552-f16c-4986-8bf5-e40a8bae68e8:192.168.151.103:45524, b5420178-9b9a-48fb-beed-521737d432b7:192.168.151.103:39141], old=null at 0
2019-10-01 14:16:00,788 [grpc-default-executor-1] INFO  impl.RaftServerImpl (ServerState.java:setRaftConf(354)) - e052c69a-a915-4972-b3db-0764541643ec@group-4783FD9B2FC9: set configuration 0: [804e63cd-c050-4a97-8e09-72401e6f6fea:192.168.151.103:35361, e052c69a-a915-4972-b3db-0764541643ec:192.168.151.103:43920, 67738115-7cb7-4102-ab79-b8d90a321e49:192.168.151.103:45628], old=null at 0
2019-10-01 14:16:00,788 [grpc-default-executor-0] INFO  segmented.SegmentedRaftLogWorker (SegmentedRaftLogWorker.java:startLogSegment(380)) - 466aa3db-ea72-4dcd-95a1-963c4eca687f@group-AE4D0B056602-SegmentedRaftLogWorker: Starting segment from index:0
2019-10-01 14:16:00,788 [grpc-default-executor-3] INFO  segmented.SegmentedRaftLogWorker (SegmentedRaftLogWorker.java:startLogSegment(380)) - 67738115-7cb7-4102-ab79-b8d90a321e49@group-4783FD9B2FC9-SegmentedRaftLogWorker: Starting segment from index:0
2019-10-01 14:16:00,788 [grpc-default-executor-4] INFO  impl.RaftServerImpl (ServerState.java:setRaftConf(354)) - 65c19552-f16c-4986-8bf5-e40a8bae68e8@group-AE4D0B056602: set configuration 0: [466aa3db-ea72-4dcd-95a1-963c4eca687f:192.168.151.103:43159, 65c19552-f16c-4986-8bf5-e40a8bae68e8:192.168.151.103:45524, b5420178-9b9a-48fb-beed-521737d432b7:192.168.151.103:39141], old=null at 0
2019-10-01 14:16:00,788 [grpc-default-executor-1] INFO  segmented.SegmentedRaftLogWorker (SegmentedRaftLogWorker.java:startLogSegment(380)) - e052c69a-a915-4972-b3db-0764541643ec@group-4783FD9B2FC9-SegmentedRaftLogWorker: Starting segment from index:0
2019-10-01 14:16:00,789 [grpc-default-executor-4] INFO  segmented.SegmentedRaftLogWorker (SegmentedRaftLogWorker.java:startLogSegment(380)) - 65c19552-f16c-4986-8bf5-e40a8bae68e8@group-AE4D0B056602-SegmentedRaftLogWorker: Starting segment from index:0
2019-10-01 14:16:00,834 [466aa3db-ea72-4dcd-95a1-963c4eca687f@group-AE4D0B056602-SegmentedRaftLogWorker] INFO  segmented.SegmentedRaftLogWorker (SegmentedRaftLogWorker.java:execute(569)) - 466aa3db-ea72-4dcd-95a1-963c4eca687f@group-AE4D0B056602-SegmentedRaftLogWorker: created new log segment /workdir/hadoop-ozone/integration-test/target/test-dir/MiniOzoneClusterImpl-0c299cea-4044-47dd-bdd4-f5c3153bf6dc/datanode-6/data/ratis/28d41d7f-9346-422e-ac1c-ae4d0b056602/current/log_inprogress_0
2019-10-01 14:16:00,834 [e052c69a-a915-4972-b3db-0764541643ec@group-4783FD9B2FC9-SegmentedRaftLogWorker] INFO  segmented.SegmentedRaftLogWorker (SegmentedRaftLogWorker.java:execute(569)) - e052c69a-a915-4972-b3db-0764541643ec@group-4783FD9B2FC9-SegmentedRaftLogWorker: created new log segment /workdir/hadoop-ozone/integration-test/target/test-dir/MiniOzoneClusterImpl-0c299cea-4044-47dd-bdd4-f5c3153bf6dc/datanode-3/data/ratis/426cf578-d2ae-4a9a-a7c0-4783fd9b2fc9/current/log_inprogress_0
2019-10-01 14:16:00,834 [804e63cd-c050-4a97-8e09-72401e6f6fea@group-4783FD9B2FC9-SegmentedRaftLogWorker] INFO  segmented.SegmentedRaftLogWorker (SegmentedRaftLogWorker.java:execute(569)) - 804e63cd-c050-4a97-8e09-72401e6f6fea@group-4783FD9B2FC9-SegmentedRaftLogWorker: created new log segment /workdir/hadoop-ozone/integration-test/target/test-dir/MiniOzoneClusterImpl-0c299cea-4044-47dd-bdd4-f5c3153bf6dc/datanode-4/data/ratis/426cf578-d2ae-4a9a-a7c0-4783fd9b2fc9/current/log_inprogress_0
2019-10-01 14:16:00,834 [65c19552-f16c-4986-8bf5-e40a8bae68e8@group-AE4D0B056602-SegmentedRaftLogWorker] INFO  segmented.SegmentedRaftLogWorker (SegmentedRaftLogWorker.java:execute(569)) - 65c19552-f16c-4986-8bf5-e40a8bae68e8@group-AE4D0B056602-SegmentedRaftLogWorker: created new log segment /workdir/hadoop-ozone/integration-test/target/test-dir/MiniOzoneClusterImpl-0c299cea-4044-47dd-bdd4-f5c3153bf6dc/datanode-1/data/ratis/28d41d7f-9346-422e-ac1c-ae4d0b056602/current/log_inprogress_0
2019-10-01 14:16:00,834 [67738115-7cb7-4102-ab79-b8d90a321e49@group-4783FD9B2FC9-SegmentedRaftLogWorker] INFO  segmented.SegmentedRaftLogWorker (SegmentedRaftLogWorker.java:execute(569)) - 67738115-7cb7-4102-ab79-b8d90a321e49@group-4783FD9B2FC9-SegmentedRaftLogWorker: created new log segment /workdir/hadoop-ozone/integration-test/target/test-dir/MiniOzoneClusterImpl-0c299cea-4044-47dd-bdd4-f5c3153bf6dc/datanode-5/data/ratis/426cf578-d2ae-4a9a-a7c0-4783fd9b2fc9/current/log_inprogress_0
2019-10-01 14:16:01,773 [pool-46-thread-1] ERROR impl.ChunkManagerImpl (ChunkUtils.java:writeData(89)) - data array does not match the length specified. DataLen: 1048576 Byte Array: 1048725
2019-10-01 14:16:01,773 [pool-46-thread-1] INFO  keyvalue.KeyValueHandler (ContainerUtils.java:logAndReturnError(146)) - Operation: WriteChunk : Trace ID: 80e3791d3e2f12c6:80e3791d3e2f12c6:0:0 : Message: data array does not match the length specified. DataLen: 1048576 Byte Array: 1048725 : Result: INVALID_WRITE_SIZE
2019-10-01 14:16:01,785 [EventQueue-IncrementalContainerReportForIncrementalContainerReportHandler] WARN  container.IncrementalContainerReportHandler (AbstractContainerReportHandler.java:updateContainerState(143)) - Container #1 is in OPEN state, but the datanode b5420178-9b9a-48fb-beed-521737d432b7{ip: 192.168.151.103, host: pr-trunk-878pl-325597374, networkLocation: /default-rack, certSerialId: null} reports an UNHEALTHY replica.
14:16:01.795 [pool-46-thread-1] ERROR DNAudit - user=null | ip=null | op=WRITE_CHUNK {blockData=conID: 1 locID: 1569939355644 bcsId: 0} | ret=FAILURE
java.lang.Exception: data array does not match the length specified. DataLen: 1048576 Byte Array: 1048725
	at org.apache.hadoop.ozone.container.common.impl.HddsDispatcher.dispatchRequest(HddsDispatcher.java:330) ~[hadoop-hdds-container-service-0.5.0-SNAPSHOT.jar:?]
	at org.apache.hadoop.ozone.container.common.impl.HddsDispatcher.dispatch(HddsDispatcher.java:150) ~[hadoop-hdds-container-service-0.5.0-SNAPSHOT.jar:?]
	at org.apache.hadoop.ozone.container.common.transport.server.ratis.ContainerStateMachine.dispatchCommand(ContainerStateMachine.java:407) ~[hadoop-hdds-container-service-0.5.0-SNAPSHOT.jar:?]
	at org.apache.hadoop.ozone.container.common.transport.server.ratis.ContainerStateMachine.runCommand(ContainerStateMachine.java:415) ~[hadoop-hdds-container-service-0.5.0-SNAPSHOT.jar:?]
	at org.apache.hadoop.ozone.container.common.transport.server.ratis.ContainerStateMachine.lambda$handleWriteChunk$1(ContainerStateMachine.java:450) ~[hadoop-hdds-container-service-0.5.0-SNAPSHOT.jar:?]
	at java.util.concurrent.CompletableFuture$AsyncSupply.run(CompletableFuture.java:1590) [?:1.8.0_212]
	at java.util.concurrent.ThreadPoolExecutor.runWorker(ThreadPoolExecutor.java:1149) [?:1.8.0_212]
	at java.util.concurrent.ThreadPoolExecutor$Worker.run(ThreadPoolExecutor.java:624) [?:1.8.0_212]
	at java.lang.Thread.run(Thread.java:748) [?:1.8.0_212]
2019-10-01 14:16:01,815 [pool-46-thread-1] ERROR ratis.ContainerStateMachine (ContainerStateMachine.java:lambda$handleWriteChunk$2(470)) - group-AE4D0B056602: writeChunk writeStateMachineData failed: blockIdcontainerID: 1
localID: 1569939355644
blockCommitSequenceId: 0
 logIndex 1 chunkName 1569939355644.data.0 Error message: data array does not match the length specified. DataLen: 1048576 Byte Array: 1048725 Container Result: INVALID_WRITE_SIZE
2019-10-01 14:16:01,828 [b5420178-9b9a-48fb-beed-521737d432b7@group-AE4D0B056602-SegmentedRaftLogWorker] ERROR ratis.XceiverServerRatis (XceiverServerRatis.java:triggerPipelineClose(575)) - pipeline Action CLOSE  on pipeline PipelineID=28d41d7f-9346-422e-ac1c-ae4d0b056602.Reason : data array does not match the length specified. DataLen: 1048576 Byte Array: 1048725
2019-10-01 14:16:01,829 [b5420178-9b9a-48fb-beed-521737d432b7@group-AE4D0B056602-SegmentedRaftLogWorker] ERROR ratis.XceiverServerRatis (XceiverServerRatis.java:triggerPipelineClose(575)) - pipeline Action CLOSE  on pipeline PipelineID=28d41d7f-9346-422e-ac1c-ae4d0b056602.Reason : Log already failed at index 1 for task WriteLog:1: (t:1, i:1), STATEMACHINELOGENTRY, client-2ADAD18CAA9E, cid=13
2019-10-01 14:16:01,832 [EventQueue-PipelineActionsForPipelineActionHandler] ERROR pipeline.PipelineActionHandler (PipelineActionHandler.java:onMessage(60)) - Received pipeline action CLOSE for Pipeline[ Id: 28d41d7f-9346-422e-ac1c-ae4d0b056602, Nodes: 65c19552-f16c-4986-8bf5-e40a8bae68e8{ip: 192.168.151.103, host: pr-trunk-878pl-325597374, networkLocation: /default-rack, certSerialId: null}b5420178-9b9a-48fb-beed-521737d432b7{ip: 192.168.151.103, host: pr-trunk-878pl-325597374, networkLocation: /default-rack, certSerialId: null}466aa3db-ea72-4dcd-95a1-963c4eca687f{ip: 192.168.151.103, host: pr-trunk-878pl-325597374, networkLocation: /default-rack, certSerialId: null}, Type:RATIS, Factor:THREE, State:OPEN] from datanode b5420178-9b9a-48fb-beed-521737d432b7{ip: 192.168.151.103, host: pr-trunk-878pl-325597374, networkLocation: /default-rack, certSerialId: null}. Reason : data array does not match the length specified. DataLen: 1048576 Byte Array: 1048725
2019-10-01 14:16:01,832 [EventQueue-PipelineActionsForPipelineActionHandler] INFO  pipeline.SCMPipelineManager (SCMPipelineManager.java:finalizeAndDestroyPipeline(315)) - destroying pipeline:Pipeline[ Id: 28d41d7f-9346-422e-ac1c-ae4d0b056602, Nodes: 65c19552-f16c-4986-8bf5-e40a8bae68e8{ip: 192.168.151.103, host: pr-trunk-878pl-325597374, networkLocation: /default-rack, certSerialId: null}b5420178-9b9a-48fb-beed-521737d432b7{ip: 192.168.151.103, host: pr-trunk-878pl-325597374, networkLocation: /default-rack, certSerialId: null}466aa3db-ea72-4dcd-95a1-963c4eca687f{ip: 192.168.151.103, host: pr-trunk-878pl-325597374, networkLocation: /default-rack, certSerialId: null}, Type:RATIS, Factor:THREE, State:OPEN]
2019-10-01 14:16:01,834 [EventQueue-CloseContainerForCloseContainerEventHandler] INFO  container.CloseContainerEventHandler (CloseContainerEventHandler.java:onMessage(61)) - Close container Event triggered for container : #1
2019-10-01 14:16:01,835 [EventQueue-PipelineActionsForPipelineActionHandler] INFO  pipeline.PipelineStateManager (PipelineStateManager.java:finalizePipeline(123)) - Pipeline Pipeline[ Id: 28d41d7f-9346-422e-ac1c-ae4d0b056602, Nodes: 65c19552-f16c-4986-8bf5-e40a8bae68e8{ip: 192.168.151.103, host: pr-trunk-878pl-325597374, networkLocation: /default-rack, certSerialId: null}b5420178-9b9a-48fb-beed-521737d432b7{ip: 192.168.151.103, host: pr-trunk-878pl-325597374, networkLocation: /default-rack, certSerialId: null}466aa3db-ea72-4dcd-95a1-963c4eca687f{ip: 192.168.151.103, host: pr-trunk-878pl-325597374, networkLocation: /default-rack, certSerialId: null}, Type:RATIS, Factor:THREE, State:CLOSED] moved to CLOSED state
2019-10-01 14:16:01,840 [EventQueue-CloseContainerForCloseContainerEventHandler] INFO  container.CloseContainerEventHandler (CloseContainerEventHandler.java:onMessage(61)) - Close container Event triggered for container : #1
2019-10-01 14:17:07,863 [grpc-default-executor-4] INFO  impl.RaftServerProxy (RaftServerProxy.java:remove(95)) - 65c19552-f16c-4986-8bf5-e40a8bae68e8: remove  FOLLOWER 65c19552-f16c-4986-8bf5-e40a8bae68e8@group-AE4D0B056602:t1, leader=b5420178-9b9a-48fb-beed-521737d432b7, voted=65c19552-f16c-4986-8bf5-e40a8bae68e8, raftlog=65c19552-f16c-4986-8bf5-e40a8bae68e8@group-AE4D0B056602-SegmentedRaftLog:OPENED:c0,f2,i2, conf=0: [466aa3db-ea72-4dcd-95a1-963c4eca687f:192.168.151.103:43159, 65c19552-f16c-4986-8bf5-e40a8bae68e8:192.168.151.103:45524, b5420178-9b9a-48fb-beed-521737d432b7:192.168.151.103:39141], old=null RUNNING
2019-10-01 14:17:07,872 [grpc-default-executor-4] INFO  impl.RaftServerImpl (RaftServerImpl.java:lambda$shutdown$3(251)) - 65c19552-f16c-4986-8bf5-e40a8bae68e8@group-AE4D0B056602: shutdown
2019-10-01 14:17:07,873 [grpc-default-executor-4] INFO  util.JmxRegister (JmxRegister.java:unregister(73)) - Successfully un-registered JMX Bean with object name Ratis:service=RaftServer,group=group-AE4D0B056602,id=65c19552-f16c-4986-8bf5-e40a8bae68e8
2019-10-01 14:17:07,873 [grpc-default-executor-4] INFO  impl.RoleInfo (RoleInfo.java:shutdownFollowerState(121)) - 65c19552-f16c-4986-8bf5-e40a8bae68e8: shutdown FollowerState
2019-10-01 14:17:07,873 [grpc-default-executor-4] INFO  impl.StateMachineUpdater (StateMachineUpdater.java:stopAndJoin(125)) - 65c19552-f16c-4986-8bf5-e40a8bae68e8@group-AE4D0B056602-StateMachineUpdater: set stopIndex = 0
2019-10-01 14:17:07,873 [Thread-320] INFO  impl.FollowerState (FollowerState.java:run(115)) - 65c19552-f16c-4986-8bf5-e40a8bae68e8: FollowerState was interrupted: java.lang.InterruptedException: sleep interrupted
2019-10-01 14:17:07,877 [grpc-default-executor-4] INFO  impl.RaftServerImpl (ServerState.java:close(385)) - 65c19552-f16c-4986-8bf5-e40a8bae68e8@group-AE4D0B056602: closes. applyIndex: 0
2019-10-01 14:17:07,880 [65c19552-f16c-4986-8bf5-e40a8bae68e8@group-AE4D0B056602-SegmentedRaftLogWorker] INFO  segmented.SegmentedRaftLogWorker (SegmentedRaftLogWorker.java:run(313)) - 65c19552-f16c-4986-8bf5-e40a8bae68e8@group-AE4D0B056602-SegmentedRaftLogWorker was interrupted, exiting. There are 0 tasks remaining in the queue.
2019-10-01 14:17:07,882 [grpc-default-executor-4] INFO  segmented.SegmentedRaftLogWorker (SegmentedRaftLogWorker.java:close(228)) - 65c19552-f16c-4986-8bf5-e40a8bae68e8@group-AE4D0B056602-SegmentedRaftLogWorker close()
2019-10-01 14:17:07,974 [grpc-default-executor-4] INFO  interfaces.Container (KeyValueContainer.java:flushAndSyncDB(386)) - Container 1 is synced with bcsId 0.
2019-10-01 14:17:07,974 [grpc-default-executor-4] INFO  interfaces.Container (KeyValueContainer.java:flushAndSyncDB(386)) - Container 1 is synced with bcsId 0.
2019-10-01 14:17:08,001 [EventQueue-IncrementalContainerReportForIncrementalContainerReportHandler] INFO  container.IncrementalContainerReportHandler (AbstractContainerReportHandler.java:updateContainerState(169)) - Moving container #1 to QUASI_CLOSED state, datanode 65c19552-f16c-4986-8bf5-e40a8bae68e8{ip: 192.168.151.103, host: pr-trunk-878pl-325597374, networkLocation: /default-rack, certSerialId: null} reported QUASI_CLOSED replica.
2019-10-01 14:17:08,013 [grpc-default-executor-4] INFO  impl.RaftServerProxy (RaftServerProxy.java:remove(95)) - b5420178-9b9a-48fb-beed-521737d432b7: remove    LEADER b5420178-9b9a-48fb-beed-521737d432b7@group-AE4D0B056602:t1, leader=b5420178-9b9a-48fb-beed-521737d432b7, voted=b5420178-9b9a-48fb-beed-521737d432b7, raftlog=b5420178-9b9a-48fb-beed-521737d432b7@group-AE4D0B056602-SegmentedRaftLog:OPENED:c0,f0,i2, conf=0: [466aa3db-ea72-4dcd-95a1-963c4eca687f:192.168.151.103:43159, 65c19552-f16c-4986-8bf5-e40a8bae68e8:192.168.151.103:45524, b5420178-9b9a-48fb-beed-521737d432b7:192.168.151.103:39141], old=null RUNNING
2019-10-01 14:17:08,013 [grpc-default-executor-4] INFO  impl.RaftServerImpl (RaftServerImpl.java:lambda$shutdown$3(251)) - b5420178-9b9a-48fb-beed-521737d432b7@group-AE4D0B056602: shutdown
2019-10-01 14:17:08,013 [grpc-default-executor-4] INFO  util.JmxRegister (JmxRegister.java:unregister(73)) - Successfully un-registered JMX Bean with object name Ratis:service=RaftServer,group=group-AE4D0B056602,id=b5420178-9b9a-48fb-beed-521737d432b7
2019-10-01 14:17:08,014 [grpc-default-executor-4] INFO  impl.RoleInfo (RoleInfo.java:shutdownLeaderState(104)) - b5420178-9b9a-48fb-beed-521737d432b7: shutdown LeaderState
2019-10-01 14:17:08,017 [org.apache.ratis.server.impl.LogAppender$AppenderDaemon$$Lambda$479/1405083497@6aba38e8] WARN  server.GrpcLogAppender (GrpcLogAppender.java:mayWait(143)) - b5420178-9b9a-48fb-beed-521737d432b7@group-AE4D0B056602->466aa3db-ea72-4dcd-95a1-963c4eca687f-GrpcLogAppender: Wait interrupted by java.lang.InterruptedException
2019-10-01 14:17:08,017 [org.apache.ratis.server.impl.LogAppender$AppenderDaemon$$Lambda$479/1405083497@2e7d01f] WARN  server.GrpcLogAppender (GrpcLogAppender.java:mayWait(143)) - b5420178-9b9a-48fb-beed-521737d432b7@group-AE4D0B056602->65c19552-f16c-4986-8bf5-e40a8bae68e8-GrpcLogAppender: Wait interrupted by java.lang.InterruptedException
2019-10-01 14:17:08,018 [grpc-default-executor-4] INFO  impl.PendingRequests (PendingRequests.java:sendNotLeaderResponses(202)) - b5420178-9b9a-48fb-beed-521737d432b7-PendingRequests: sendNotLeaderResponses
2019-10-01 14:17:08,021 [grpc-default-executor-1] INFO  server.GrpcServerProtocolService (GrpcServerProtocolService.java:onCompleted(113)) - 466aa3db-ea72-4dcd-95a1-963c4eca687f: Completed APPEND_ENTRIES, lastRequest: b5420178-9b9a-48fb-beed-521737d432b7->466aa3db-ea72-4dcd-95a1-963c4eca687f#29-t1, previous=(t:1, i:2), leaderCommit=0, initializing? false, entries: <empty>
2019-10-01 14:17:08,021 [grpc-default-executor-0] INFO  server.GrpcServerProtocolService (GrpcServerProtocolService.java:onCompleted(113)) - 65c19552-f16c-4986-8bf5-e40a8bae68e8: Completed APPEND_ENTRIES, lastRequest: b5420178-9b9a-48fb-beed-521737d432b7->65c19552-f16c-4986-8bf5-e40a8bae68e8#29-t1, previous=(t:1, i:2), leaderCommit=0, initializing? false, entries: <empty>
2019-10-01 14:17:08,024 [grpc-default-executor-1] INFO  server.GrpcLogAppender (GrpcLogAppender.java:onCompleted(293)) - b5420178-9b9a-48fb-beed-521737d432b7@group-AE4D0B056602->65c19552-f16c-4986-8bf5-e40a8bae68e8-AppendLogResponseHandler: follower responses appendEntries COMPLETED
2019-10-01 14:17:08,025 [grpc-default-executor-5] INFO  server.GrpcLogAppender (GrpcLogAppender.java:onCompleted(293)) - b5420178-9b9a-48fb-beed-521737d432b7@group-AE4D0B056602->466aa3db-ea72-4dcd-95a1-963c4eca687f-AppendLogResponseHandler: follower responses appendEntries COMPLETED
2019-10-01 14:17:08,026 [grpc-default-executor-1] INFO  impl.FollowerInfo (FollowerInfo.java:lambda$new$0(51)) - b5420178-9b9a-48fb-beed-521737d432b7@group-AE4D0B056602->65c19552-f16c-4986-8bf5-e40a8bae68e8: nextIndex: updateUnconditionally 3 -> 2
2019-10-01 14:17:08,026 [grpc-default-executor-5] INFO  impl.FollowerInfo (FollowerInfo.java:lambda$new$0(51)) - b5420178-9b9a-48fb-beed-521737d432b7@group-AE4D0B056602->466aa3db-ea72-4dcd-95a1-963c4eca687f: nextIndex: updateUnconditionally 3 -> 2
2019-10-01 14:17:08,030 [grpc-default-executor-4] INFO  impl.StateMachineUpdater (StateMachineUpdater.java:stopAndJoin(125)) - b5420178-9b9a-48fb-beed-521737d432b7@group-AE4D0B056602-StateMachineUpdater: set stopIndex = 0
2019-10-01 14:17:08,038 [grpc-default-executor-4] INFO  impl.RaftServerImpl (ServerState.java:close(385)) - b5420178-9b9a-48fb-beed-521737d432b7@group-AE4D0B056602: closes. applyIndex: 0
2019-10-01 14:17:08,044 [b5420178-9b9a-48fb-beed-521737d432b7@group-AE4D0B056602-SegmentedRaftLogWorker] INFO  segmented.SegmentedRaftLogWorker (SegmentedRaftLogWorker.java:run(313)) - b5420178-9b9a-48fb-beed-521737d432b7@group-AE4D0B056602-SegmentedRaftLogWorker was interrupted, exiting. There are 0 tasks remaining in the queue.
2019-10-01 14:17:08,046 [grpc-default-executor-4] INFO  segmented.SegmentedRaftLogWorker (SegmentedRaftLogWorker.java:close(228)) - b5420178-9b9a-48fb-beed-521737d432b7@group-AE4D0B056602-SegmentedRaftLogWorker close()
2019-10-01 14:17:08,063 [grpc-default-executor-4] INFO  impl.RaftServerProxy (RaftServerProxy.java:remove(95)) - 466aa3db-ea72-4dcd-95a1-963c4eca687f: remove  FOLLOWER 466aa3db-ea72-4dcd-95a1-963c4eca687f@group-AE4D0B056602:t1, leader=b5420178-9b9a-48fb-beed-521737d432b7, voted=b5420178-9b9a-48fb-beed-521737d432b7, raftlog=466aa3db-ea72-4dcd-95a1-963c4eca687f@group-AE4D0B056602-SegmentedRaftLog:OPENED:c0,f2,i2, conf=0: [466aa3db-ea72-4dcd-95a1-963c4eca687f:192.168.151.103:43159, 65c19552-f16c-4986-8bf5-e40a8bae68e8:192.168.151.103:45524, b5420178-9b9a-48fb-beed-521737d432b7:192.168.151.103:39141], old=null RUNNING
2019-10-01 14:17:08,063 [grpc-default-executor-4] INFO  impl.RaftServerImpl (RaftServerImpl.java:lambda$shutdown$3(251)) - 466aa3db-ea72-4dcd-95a1-963c4eca687f@group-AE4D0B056602: shutdown
2019-10-01 14:17:08,063 [grpc-default-executor-4] INFO  util.JmxRegister (JmxRegister.java:unregister(73)) - Successfully un-registered JMX Bean with object name Ratis:service=RaftServer,group=group-AE4D0B056602,id=466aa3db-ea72-4dcd-95a1-963c4eca687f
2019-10-01 14:17:08,063 [grpc-default-executor-4] INFO  impl.RoleInfo (RoleInfo.java:shutdownFollowerState(121)) - 466aa3db-ea72-4dcd-95a1-963c4eca687f: shutdown FollowerState
2019-10-01 14:17:08,063 [grpc-default-executor-4] INFO  impl.StateMachineUpdater (StateMachineUpdater.java:stopAndJoin(125)) - 466aa3db-ea72-4dcd-95a1-963c4eca687f@group-AE4D0B056602-StateMachineUpdater: set stopIndex = 0
2019-10-01 14:17:08,063 [Thread-311] INFO  impl.FollowerState (FollowerState.java:run(115)) - 466aa3db-ea72-4dcd-95a1-963c4eca687f: FollowerState was interrupted: java.lang.InterruptedException: sleep interrupted
2019-10-01 14:17:08,066 [grpc-default-executor-4] INFO  impl.RaftServerImpl (ServerState.java:close(385)) - 466aa3db-ea72-4dcd-95a1-963c4eca687f@group-AE4D0B056602: closes. applyIndex: 0
2019-10-01 14:17:08,066 [466aa3db-ea72-4dcd-95a1-963c4eca687f@group-AE4D0B056602-SegmentedRaftLogWorker] INFO  segmented.SegmentedRaftLogWorker (SegmentedRaftLogWorker.java:run(313)) - 466aa3db-ea72-4dcd-95a1-963c4eca687f@group-AE4D0B056602-SegmentedRaftLogWorker was interrupted, exiting. There are 0 tasks remaining in the queue.
2019-10-01 14:17:08,068 [grpc-default-executor-4] INFO  segmented.SegmentedRaftLogWorker (SegmentedRaftLogWorker.java:close(228)) - 466aa3db-ea72-4dcd-95a1-963c4eca687f@group-AE4D0B056602-SegmentedRaftLogWorker close()
2019-10-01 14:17:08,115 [grpc-default-executor-4] INFO  interfaces.Container (KeyValueContainer.java:flushAndSyncDB(386)) - Container 1 is synced with bcsId 0.
2019-10-01 14:17:08,115 [grpc-default-executor-4] INFO  interfaces.Container (KeyValueContainer.java:flushAndSyncDB(386)) - Container 1 is synced with bcsId 0.
2019-10-01 14:17:08,136 [RatisPipelineUtilsThread] INFO  pipeline.PipelineStateManager (PipelineStateManager.java:removePipeline(108)) - Pipeline Pipeline[ Id: 28d41d7f-9346-422e-ac1c-ae4d0b056602, Nodes: 65c19552-f16c-4986-8bf5-e40a8bae68e8{ip: 192.168.151.103, host: pr-trunk-878pl-325597374, networkLocation: /default-rack, certSerialId: null}b5420178-9b9a-48fb-beed-521737d432b7{ip: 192.168.151.103, host: pr-trunk-878pl-325597374, networkLocation: /default-rack, certSerialId: null}466aa3db-ea72-4dcd-95a1-963c4eca687f{ip: 192.168.151.103, host: pr-trunk-878pl-325597374, networkLocation: /default-rack, certSerialId: null}, Type:RATIS, Factor:THREE, State:CLOSED] removed from db
2019-10-01 14:17:08,166 [grpc-default-executor-5] INFO  impl.RaftServerProxy (RaftServerProxy.java:addNew(89)) - b5420178-9b9a-48fb-beed-521737d432b7: addNew group-D4E72FAA24DC:[466aa3db-ea72-4dcd-95a1-963c4eca687f:192.168.151.103:43159, 65c19552-f16c-4986-8bf5-e40a8bae68e8:192.168.151.103:45524, b5420178-9b9a-48fb-beed-521737d432b7:192.168.151.103:39141] returns group-D4E72FAA24DC:java.util.concurrent.CompletableFuture@5aa1717d[Not completed]
2019-10-01 14:17:08,167 [grpc-default-executor-1] INFO  impl.RaftServerProxy (RaftServerProxy.java:addNew(89)) - 65c19552-f16c-4986-8bf5-e40a8bae68e8: addNew group-D4E72FAA24DC:[466aa3db-ea72-4dcd-95a1-963c4eca687f:192.168.151.103:43159, 65c19552-f16c-4986-8bf5-e40a8bae68e8:192.168.151.103:45524, b5420178-9b9a-48fb-beed-521737d432b7:192.168.151.103:39141] returns group-D4E72FAA24DC:java.util.concurrent.CompletableFuture@fa49b81[Not completed]
2019-10-01 14:17:08,171 [grpc-default-executor-5] INFO  impl.RaftServerProxy (RaftServerProxy.java:addNew(89)) - 466aa3db-ea72-4dcd-95a1-963c4eca687f: addNew group-D4E72FAA24DC:[466aa3db-ea72-4dcd-95a1-963c4eca687f:192.168.151.103:43159, 65c19552-f16c-4986-8bf5-e40a8bae68e8:192.168.151.103:45524, b5420178-9b9a-48fb-beed-521737d432b7:192.168.151.103:39141] returns group-D4E72FAA24DC:java.util.concurrent.CompletableFuture@1fa3e44d[Not completed]
2019-10-01 14:17:08,172 [pool-47-thread-1] INFO  impl.RaftServerImpl (RaftServerImpl.java:<init>(95)) - b5420178-9b9a-48fb-beed-521737d432b7: new RaftServerImpl for group-D4E72FAA24DC:[466aa3db-ea72-4dcd-95a1-963c4eca687f:192.168.151.103:43159, 65c19552-f16c-4986-8bf5-e40a8bae68e8:192.168.151.103:45524, b5420178-9b9a-48fb-beed-521737d432b7:192.168.151.103:39141] with ContainerStateMachine:uninitialized
2019-10-01 14:17:08,172 [pool-47-thread-1] INFO  server.RaftServerConfigKeys (ConfUtils.java:logGet(43)) - raft.server.rpc.timeout.min = 5s (custom)
2019-10-01 14:17:08,172 [pool-47-thread-1] INFO  server.RaftServerConfigKeys (ConfUtils.java:logGet(43)) - raft.server.rpc.timeout.max = 5200ms (custom)
2019-10-01 14:17:08,173 [pool-47-thread-1] INFO  server.RaftServerConfigKeys (ConfUtils.java:logGet(43)) - raft.server.rpcslowness.timeout = 120s (custom)
2019-10-01 14:17:08,173 [pool-47-thread-1] INFO  server.RaftServerConfigKeys (ConfUtils.java:logGet(43)) - raft.server.sleep.deviation.threshold = 300 (default)
2019-10-01 14:17:08,173 [pool-47-thread-1] INFO  server.RaftServerConfigKeys (ConfUtils.java:logGet(43)) - raft.server.log.appender.install.snapshot.enabled = false (custom)
2019-10-01 14:17:08,173 [pool-87-thread-1] INFO  impl.RaftServerImpl (RaftServerImpl.java:<init>(95)) - 466aa3db-ea72-4dcd-95a1-963c4eca687f: new RaftServerImpl for group-D4E72FAA24DC:[466aa3db-ea72-4dcd-95a1-963c4eca687f:192.168.151.103:43159, 65c19552-f16c-4986-8bf5-e40a8bae68e8:192.168.151.103:45524, b5420178-9b9a-48fb-beed-521737d432b7:192.168.151.103:39141] with ContainerStateMachine:uninitialized
2019-10-01 14:17:08,173 [pool-47-thread-1] INFO  impl.RaftServerImpl (ServerState.java:<init>(103)) - b5420178-9b9a-48fb-beed-521737d432b7@group-D4E72FAA24DC: ConfigurationManager, init=-1: [466aa3db-ea72-4dcd-95a1-963c4eca687f:192.168.151.103:43159, 65c19552-f16c-4986-8bf5-e40a8bae68e8:192.168.151.103:45524, b5420178-9b9a-48fb-beed-521737d432b7:192.168.151.103:39141], old=null, confs=<EMPTY_MAP>
2019-10-01 14:17:08,173 [pool-87-thread-1] INFO  server.RaftServerConfigKeys (ConfUtils.java:logGet(43)) - raft.server.rpc.timeout.min = 5s (custom)
2019-10-01 14:17:08,173 [pool-87-thread-1] INFO  server.RaftServerConfigKeys (ConfUtils.java:logGet(43)) - raft.server.rpc.timeout.max = 5200ms (custom)
2019-10-01 14:17:08,173 [pool-47-thread-1] INFO  server.RaftServerConfigKeys (ConfUtils.java:logGet(43)) - raft.server.storage.dir = [/workdir/hadoop-ozone/integration-test/target/test-dir/MiniOzoneClusterImpl-0c299cea-4044-47dd-bdd4-f5c3153bf6dc/datanode-2/data/ratis] (custom)
2019-10-01 14:17:08,174 [pool-37-thread-1] INFO  impl.RaftServerImpl (RaftServerImpl.java:<init>(95)) - 65c19552-f16c-4986-8bf5-e40a8bae68e8: new RaftServerImpl for group-D4E72FAA24DC:[466aa3db-ea72-4dcd-95a1-963c4eca687f:192.168.151.103:43159, 65c19552-f16c-4986-8bf5-e40a8bae68e8:192.168.151.103:45524, b5420178-9b9a-48fb-beed-521737d432b7:192.168.151.103:39141] with ContainerStateMachine:uninitialized
2019-10-01 14:17:08,173 [pool-87-thread-1] INFO  server.RaftServerConfigKeys (ConfUtils.java:logGet(43)) - raft.server.rpcslowness.timeout = 120s (custom)
2019-10-01 14:17:08,174 [pool-37-thread-1] INFO  server.RaftServerConfigKeys (ConfUtils.java:logGet(43)) - raft.server.rpc.timeout.min = 5s (custom)
2019-10-01 14:17:08,174 [pool-87-thread-1] INFO  server.RaftServerConfigKeys (ConfUtils.java:logGet(43)) - raft.server.sleep.deviation.threshold = 300 (default)
2019-10-01 14:17:08,174 [pool-37-thread-1] INFO  server.RaftServerConfigKeys (ConfUtils.java:logGet(43)) - raft.server.rpc.timeout.max = 5200ms (custom)
2019-10-01 14:17:08,174 [pool-47-thread-1] INFO  storage.RaftStorageDirectory (RaftStorageDirectory.java:analyzeStorage(246)) - The storage directory /workdir/hadoop-ozone/integration-test/target/test-dir/MiniOzoneClusterImpl-0c299cea-4044-47dd-bdd4-f5c3153bf6dc/datanode-2/data/ratis/2bec6a65-fedb-4773-b29d-d4e72faa24dc does not exist. Creating ...
2019-10-01 14:17:08,174 [pool-87-thread-1] INFO  server.RaftServerConfigKeys (ConfUtils.java:logGet(43)) - raft.server.log.appender.install.snapshot.enabled = false (custom)
2019-10-01 14:17:08,174 [pool-37-thread-1] INFO  server.RaftServerConfigKeys (ConfUtils.java:logGet(43)) - raft.server.rpcslowness.timeout = 120s (custom)
2019-10-01 14:17:08,174 [pool-87-thread-1] INFO  impl.RaftServerImpl (ServerState.java:<init>(103)) - 466aa3db-ea72-4dcd-95a1-963c4eca687f@group-D4E72FAA24DC: ConfigurationManager, init=-1: [466aa3db-ea72-4dcd-95a1-963c4eca687f:192.168.151.103:43159, 65c19552-f16c-4986-8bf5-e40a8bae68e8:192.168.151.103:45524, b5420178-9b9a-48fb-beed-521737d432b7:192.168.151.103:39141], old=null, confs=<EMPTY_MAP>
2019-10-01 14:17:08,174 [pool-37-thread-1] INFO  server.RaftServerConfigKeys (ConfUtils.java:logGet(43)) - raft.server.sleep.deviation.threshold = 300 (default)
2019-10-01 14:17:08,175 [pool-87-thread-1] INFO  server.RaftServerConfigKeys (ConfUtils.java:logGet(43)) - raft.server.storage.dir = [/workdir/hadoop-ozone/integration-test/target/test-dir/MiniOzoneClusterImpl-0c299cea-4044-47dd-bdd4-f5c3153bf6dc/datanode-6/data/ratis] (custom)
2019-10-01 14:17:08,175 [pool-37-thread-1] INFO  server.RaftServerConfigKeys (ConfUtils.java:logGet(43)) - raft.server.log.appender.install.snapshot.enabled = false (custom)
2019-10-01 14:17:08,175 [pool-37-thread-1] INFO  impl.RaftServerImpl (ServerState.java:<init>(103)) - 65c19552-f16c-4986-8bf5-e40a8bae68e8@group-D4E72FAA24DC: ConfigurationManager, init=-1: [466aa3db-ea72-4dcd-95a1-963c4eca687f:192.168.151.103:43159, 65c19552-f16c-4986-8bf5-e40a8bae68e8:192.168.151.103:45524, b5420178-9b9a-48fb-beed-521737d432b7:192.168.151.103:39141], old=null, confs=<EMPTY_MAP>
2019-10-01 14:17:08,175 [pool-87-thread-1] INFO  storage.RaftStorageDirectory (RaftStorageDirectory.java:analyzeStorage(246)) - The storage directory /workdir/hadoop-ozone/integration-test/target/test-dir/MiniOzoneClusterImpl-0c299cea-4044-47dd-bdd4-f5c3153bf6dc/datanode-6/data/ratis/2bec6a65-fedb-4773-b29d-d4e72faa24dc does not exist. Creating ...
2019-10-01 14:17:08,175 [pool-37-thread-1] INFO  server.RaftServerConfigKeys (ConfUtils.java:logGet(43)) - raft.server.storage.dir = [/workdir/hadoop-ozone/integration-test/target/test-dir/MiniOzoneClusterImpl-0c299cea-4044-47dd-bdd4-f5c3153bf6dc/datanode-1/data/ratis] (custom)
2019-10-01 14:17:08,175 [pool-37-thread-1] INFO  storage.RaftStorageDirectory (RaftStorageDirectory.java:analyzeStorage(246)) - The storage directory /workdir/hadoop-ozone/integration-test/target/test-dir/MiniOzoneClusterImpl-0c299cea-4044-47dd-bdd4-f5c3153bf6dc/datanode-1/data/ratis/2bec6a65-fedb-4773-b29d-d4e72faa24dc does not exist. Creating ...
2019-10-01 14:17:08,192 [pool-87-thread-1] INFO  storage.RaftStorageDirectory (RaftStorageDirectory.java:tryLock(328)) - Lock on /workdir/hadoop-ozone/integration-test/target/test-dir/MiniOzoneClusterImpl-0c299cea-4044-47dd-bdd4-f5c3153bf6dc/datanode-6/data/ratis/2bec6a65-fedb-4773-b29d-d4e72faa24dc/in_use.lock acquired by nodename 28339@pr-trunk-878pl-325597374
2019-10-01 14:17:08,192 [pool-47-thread-1] INFO  storage.RaftStorageDirectory (RaftStorageDirectory.java:tryLock(328)) - Lock on /workdir/hadoop-ozone/integration-test/target/test-dir/MiniOzoneClusterImpl-0c299cea-4044-47dd-bdd4-f5c3153bf6dc/datanode-2/data/ratis/2bec6a65-fedb-4773-b29d-d4e72faa24dc/in_use.lock acquired by nodename 28339@pr-trunk-878pl-325597374
2019-10-01 14:17:08,192 [pool-37-thread-1] INFO  storage.RaftStorageDirectory (RaftStorageDirectory.java:tryLock(328)) - Lock on /workdir/hadoop-ozone/integration-test/target/test-dir/MiniOzoneClusterImpl-0c299cea-4044-47dd-bdd4-f5c3153bf6dc/datanode-1/data/ratis/2bec6a65-fedb-4773-b29d-d4e72faa24dc/in_use.lock acquired by nodename 28339@pr-trunk-878pl-325597374
2019-10-01 14:17:08,216 [pool-37-thread-1] INFO  storage.RaftStorage (RaftStorage.java:format(72)) - Storage directory /workdir/hadoop-ozone/integration-test/target/test-dir/MiniOzoneClusterImpl-0c299cea-4044-47dd-bdd4-f5c3153bf6dc/datanode-1/data/ratis/2bec6a65-fedb-4773-b29d-d4e72faa24dc has been successfully formatted.
2019-10-01 14:17:08,216 [pool-47-thread-1] INFO  storage.RaftStorage (RaftStorage.java:format(72)) - Storage directory /workdir/hadoop-ozone/integration-test/target/test-dir/MiniOzoneClusterImpl-0c299cea-4044-47dd-bdd4-f5c3153bf6dc/datanode-2/data/ratis/2bec6a65-fedb-4773-b29d-d4e72faa24dc has been successfully formatted.
2019-10-01 14:17:08,216 [pool-87-thread-1] INFO  storage.RaftStorage (RaftStorage.java:format(72)) - Storage directory /workdir/hadoop-ozone/integration-test/target/test-dir/MiniOzoneClusterImpl-0c299cea-4044-47dd-bdd4-f5c3153bf6dc/datanode-6/data/ratis/2bec6a65-fedb-4773-b29d-d4e72faa24dc has been successfully formatted.
2019-10-01 14:17:08,216 [pool-37-thread-1] INFO  ratis.ContainerStateMachine (ContainerStateMachine.java:loadSnapshot(231)) - group-D4E72FAA24DC: The snapshot info is null. Setting the last applied indexto:(t:0, i:~)
2019-10-01 14:17:08,216 [pool-47-thread-1] INFO  ratis.ContainerStateMachine (ContainerStateMachine.java:loadSnapshot(231)) - group-D4E72FAA24DC: The snapshot info is null. Setting the last applied indexto:(t:0, i:~)
2019-10-01 14:17:08,216 [pool-37-thread-1] INFO  server.RaftServerConfigKeys (ConfUtils.java:logGet(43)) - raft.server.notification.no-leader.timeout = 120s (custom)
2019-10-01 14:17:08,216 [pool-87-thread-1] INFO  ratis.ContainerStateMachine (ContainerStateMachine.java:loadSnapshot(231)) - group-D4E72FAA24DC: The snapshot info is null. Setting the last applied indexto:(t:0, i:~)
2019-10-01 14:17:08,217 [pool-37-thread-1] INFO  server.RaftServerConfigKeys (ConfUtils.java:logGet(43)) - raft.server.log.use.memory = false (default)
2019-10-01 14:17:08,217 [pool-47-thread-1] INFO  server.RaftServerConfigKeys (ConfUtils.java:logGet(43)) - raft.server.notification.no-leader.timeout = 120s (custom)
2019-10-01 14:17:08,217 [pool-37-thread-1] INFO  server.RaftServerConfigKeys (ConfUtils.java:logGet(43)) - raft.server.log.purge.gap = 1000000 (custom)
2019-10-01 14:17:08,217 [pool-87-thread-1] INFO  server.RaftServerConfigKeys (ConfUtils.java:logGet(43)) - raft.server.notification.no-leader.timeout = 120s (custom)
2019-10-01 14:17:08,217 [pool-37-thread-1] INFO  server.RaftServerConfigKeys (ConfUtils.java:logGet(43)) - raft.server.log.appender.buffer.byte-limit = 33554432 (custom)
2019-10-01 14:17:08,217 [pool-47-thread-1] INFO  server.RaftServerConfigKeys (ConfUtils.java:logGet(43)) - raft.server.log.use.memory = false (default)
2019-10-01 14:17:08,218 [pool-37-thread-1] INFO  server.RaftServerConfigKeys (ConfUtils.java:logGet(43)) - raft.server.log.segment.size.max = 1048576 (custom)
2019-10-01 14:17:08,217 [pool-87-thread-1] INFO  server.RaftServerConfigKeys (ConfUtils.java:logGet(43)) - raft.server.log.use.memory = false (default)
2019-10-01 14:17:08,218 [pool-37-thread-1] INFO  server.RaftServerConfigKeys (ConfUtils.java:logGet(43)) - raft.server.log.segment.cache.num.max = 2 (custom)
2019-10-01 14:17:08,218 [pool-47-thread-1] INFO  server.RaftServerConfigKeys (ConfUtils.java:logGet(43)) - raft.server.log.purge.gap = 1000000 (custom)
2019-10-01 14:17:08,218 [pool-37-thread-1] INFO  segmented.SegmentedRaftLogWorker (SegmentedRaftLogWorker.java:<init>(172)) - new 65c19552-f16c-4986-8bf5-e40a8bae68e8@group-D4E72FAA24DC-SegmentedRaftLogWorker for RaftStorage:Storage Directory /workdir/hadoop-ozone/integration-test/target/test-dir/MiniOzoneClusterImpl-0c299cea-4044-47dd-bdd4-f5c3153bf6dc/datanode-1/data/ratis/2bec6a65-fedb-4773-b29d-d4e72faa24dc
2019-10-01 14:17:08,218 [pool-87-thread-1] INFO  server.RaftServerConfigKeys (ConfUtils.java:logGet(43)) - raft.server.log.purge.gap = 1000000 (custom)
2019-10-01 14:17:08,219 [pool-37-thread-1] INFO  server.RaftServerConfigKeys (ConfUtils.java:logGet(43)) - raft.server.log.queue.byte-limit = 2147483647 (custom)
2019-10-01 14:17:08,218 [pool-47-thread-1] INFO  server.RaftServerConfigKeys (ConfUtils.java:logGet(43)) - raft.server.log.appender.buffer.byte-limit = 33554432 (custom)
2019-10-01 14:17:08,219 [pool-37-thread-1] INFO  server.RaftServerConfigKeys (ConfUtils.java:logGet(43)) - raft.server.log.queue.element-limit = 1024 (custom)
2019-10-01 14:17:08,219 [pool-87-thread-1] INFO  server.RaftServerConfigKeys (ConfUtils.java:logGet(43)) - raft.server.log.appender.buffer.byte-limit = 33554432 (custom)
2019-10-01 14:17:08,219 [pool-37-thread-1] INFO  server.RaftServerConfigKeys (ConfUtils.java:logGet(43)) - raft.server.log.segment.size.max = 1048576 (custom)
2019-10-01 14:17:08,219 [pool-47-thread-1] INFO  server.RaftServerConfigKeys (ConfUtils.java:logGet(43)) - raft.server.log.segment.size.max = 1048576 (custom)
2019-10-01 14:17:08,219 [pool-37-thread-1] INFO  server.RaftServerConfigKeys (ConfUtils.java:logGet(43)) - raft.server.log.preallocated.size = 16384 (custom)
2019-10-01 14:17:08,219 [pool-87-thread-1] INFO  server.RaftServerConfigKeys (ConfUtils.java:logGet(43)) - raft.server.log.segment.size.max = 1048576 (custom)
2019-10-01 14:17:08,220 [pool-37-thread-1] INFO  server.RaftServerConfigKeys (ConfUtils.java:logGet(43)) - raft.server.log.write.buffer.size = 33554432 (custom)
2019-10-01 14:17:08,219 [pool-47-thread-1] INFO  server.RaftServerConfigKeys (ConfUtils.java:logGet(43)) - raft.server.log.segment.cache.num.max = 2 (custom)
2019-10-01 14:17:08,220 [pool-37-thread-1] INFO  server.RaftServerConfigKeys (ConfUtils.java:logGet(43)) - raft.server.log.force.sync.num = 128 (default)
2019-10-01 14:17:08,220 [pool-87-thread-1] INFO  server.RaftServerConfigKeys (ConfUtils.java:logGet(43)) - raft.server.log.segment.cache.num.max = 2 (custom)
2019-10-01 14:17:08,220 [pool-37-thread-1] INFO  server.RaftServerConfigKeys (ConfUtils.java:logGet(43)) - raft.server.log.statemachine.data.sync = true (default)
2019-10-01 14:17:08,220 [pool-47-thread-1] INFO  segmented.SegmentedRaftLogWorker (SegmentedRaftLogWorker.java:<init>(172)) - new b5420178-9b9a-48fb-beed-521737d432b7@group-D4E72FAA24DC-SegmentedRaftLogWorker for RaftStorage:Storage Directory /workdir/hadoop-ozone/integration-test/target/test-dir/MiniOzoneClusterImpl-0c299cea-4044-47dd-bdd4-f5c3153bf6dc/datanode-2/data/ratis/2bec6a65-fedb-4773-b29d-d4e72faa24dc
2019-10-01 14:17:08,220 [pool-37-thread-1] INFO  server.RaftServerConfigKeys (ConfUtils.java:logGet(43)) - raft.server.log.statemachine.data.sync.timeout = 10s (default)
2019-10-01 14:17:08,220 [pool-87-thread-1] INFO  segmented.SegmentedRaftLogWorker (SegmentedRaftLogWorker.java:<init>(172)) - new 466aa3db-ea72-4dcd-95a1-963c4eca687f@group-D4E72FAA24DC-SegmentedRaftLogWorker for RaftStorage:Storage Directory /workdir/hadoop-ozone/integration-test/target/test-dir/MiniOzoneClusterImpl-0c299cea-4044-47dd-bdd4-f5c3153bf6dc/datanode-6/data/ratis/2bec6a65-fedb-4773-b29d-d4e72faa24dc
2019-10-01 14:17:08,221 [pool-37-thread-1] INFO  server.RaftServerConfigKeys (ConfUtils.java:logGet(43)) - raft.server.log.statemachine.data.sync.timeout.retry = -1 (default)
2019-10-01 14:17:08,221 [pool-47-thread-1] INFO  server.RaftServerConfigKeys (ConfUtils.java:logGet(43)) - raft.server.log.queue.byte-limit = 2147483647 (custom)
2019-10-01 14:17:08,221 [pool-37-thread-1] INFO  server.RaftServerConfigKeys (ConfUtils.java:logGet(43)) - raft.server.log.statemachine.data.caching.enabled = true (custom)
2019-10-01 14:17:08,221 [pool-87-thread-1] INFO  server.RaftServerConfigKeys (ConfUtils.java:logGet(43)) - raft.server.log.queue.byte-limit = 2147483647 (custom)
2019-10-01 14:17:08,221 [pool-47-thread-1] INFO  server.RaftServerConfigKeys (ConfUtils.java:logGet(43)) - raft.server.log.queue.element-limit = 1024 (custom)
2019-10-01 14:17:08,221 [pool-87-thread-1] INFO  server.RaftServerConfigKeys (ConfUtils.java:logGet(43)) - raft.server.log.queue.element-limit = 1024 (custom)
2019-10-01 14:17:08,221 [pool-37-thread-1] INFO  segmented.SegmentedRaftLogWorker (SegmentedRaftLogWorker.java:lambda$new$0(132)) - 65c19552-f16c-4986-8bf5-e40a8bae68e8@group-D4E72FAA24DC-SegmentedRaftLogWorker: flushIndex: setUnconditionally 0 -> -1
2019-10-01 14:17:08,222 [pool-87-thread-1] INFO  server.RaftServerConfigKeys (ConfUtils.java:logGet(43)) - raft.server.log.segment.size.max = 1048576 (custom)
2019-10-01 14:17:08,222 [pool-47-thread-1] INFO  server.RaftServerConfigKeys (ConfUtils.java:logGet(43)) - raft.server.log.segment.size.max = 1048576 (custom)
2019-10-01 14:17:08,222 [pool-37-thread-1] INFO  server.RaftServerConfigKeys (ConfUtils.java:logGet(43)) - raft.server.snapshot.auto.trigger.enabled = true (custom)
2019-10-01 14:17:08,222 [pool-87-thread-1] INFO  server.RaftServerConfigKeys (ConfUtils.java:logGet(43)) - raft.server.log.preallocated.size = 16384 (custom)
2019-10-01 14:17:08,223 [pool-37-thread-1] INFO  server.RaftServerConfigKeys (ConfUtils.java:logGet(43)) - raft.server.snapshot.auto.trigger.threshold = 10000 (custom)
2019-10-01 14:17:08,222 [pool-47-thread-1] INFO  server.RaftServerConfigKeys (ConfUtils.java:logGet(43)) - raft.server.log.preallocated.size = 16384 (custom)
2019-10-01 14:17:08,223 [pool-37-thread-1] INFO  server.RaftServerConfigKeys (ConfUtils.java:logGet(43)) - raft.server.snapshot.retention.num.files = 5 (custom)
2019-10-01 14:17:08,223 [pool-87-thread-1] INFO  server.RaftServerConfigKeys (ConfUtils.java:logGet(43)) - raft.server.log.write.buffer.size = 33554432 (custom)
2019-10-01 14:17:08,223 [pool-37-thread-1] INFO  server.RaftServerConfigKeys (ConfUtils.java:logGet(43)) - raft.server.retrycache.expirytime = 600000ms (custom)
2019-10-01 14:17:08,223 [pool-47-thread-1] INFO  server.RaftServerConfigKeys (ConfUtils.java:logGet(43)) - raft.server.log.write.buffer.size = 33554432 (custom)
2019-10-01 14:17:08,223 [pool-87-thread-1] INFO  server.RaftServerConfigKeys (ConfUtils.java:logGet(43)) - raft.server.log.force.sync.num = 128 (default)
2019-10-01 14:17:08,223 [pool-47-thread-1] INFO  server.RaftServerConfigKeys (ConfUtils.java:logGet(43)) - raft.server.log.force.sync.num = 128 (default)
2019-10-01 14:17:08,224 [pool-87-thread-1] INFO  server.RaftServerConfigKeys (ConfUtils.java:logGet(43)) - raft.server.log.statemachine.data.sync = true (default)
2019-10-01 14:17:08,224 [pool-47-thread-1] INFO  server.RaftServerConfigKeys (ConfUtils.java:logGet(43)) - raft.server.log.statemachine.data.sync = true (default)
2019-10-01 14:17:08,224 [pool-87-thread-1] INFO  server.RaftServerConfigKeys (ConfUtils.java:logGet(43)) - raft.server.log.statemachine.data.sync.timeout = 10s (default)
2019-10-01 14:17:08,224 [pool-47-thread-1] INFO  server.RaftServerConfigKeys (ConfUtils.java:logGet(43)) - raft.server.log.statemachine.data.sync.timeout = 10s (default)
2019-10-01 14:17:08,224 [pool-87-thread-1] INFO  server.RaftServerConfigKeys (ConfUtils.java:logGet(43)) - raft.server.log.statemachine.data.sync.timeout.retry = -1 (default)
2019-10-01 14:17:08,224 [pool-47-thread-1] INFO  server.RaftServerConfigKeys (ConfUtils.java:logGet(43)) - raft.server.log.statemachine.data.sync.timeout.retry = -1 (default)
2019-10-01 14:17:08,225 [pool-87-thread-1] INFO  server.RaftServerConfigKeys (ConfUtils.java:logGet(43)) - raft.server.log.statemachine.data.caching.enabled = true (custom)
2019-10-01 14:17:08,225 [pool-47-thread-1] INFO  server.RaftServerConfigKeys (ConfUtils.java:logGet(43)) - raft.server.log.statemachine.data.caching.enabled = true (custom)
2019-10-01 14:17:08,225 [pool-87-thread-1] INFO  segmented.SegmentedRaftLogWorker (SegmentedRaftLogWorker.java:lambda$new$0(132)) - 466aa3db-ea72-4dcd-95a1-963c4eca687f@group-D4E72FAA24DC-SegmentedRaftLogWorker: flushIndex: setUnconditionally 0 -> -1
2019-10-01 14:17:08,225 [pool-47-thread-1] INFO  segmented.SegmentedRaftLogWorker (SegmentedRaftLogWorker.java:lambda$new$0(132)) - b5420178-9b9a-48fb-beed-521737d432b7@group-D4E72FAA24DC-SegmentedRaftLogWorker: flushIndex: setUnconditionally 0 -> -1
2019-10-01 14:17:08,225 [pool-87-thread-1] INFO  server.RaftServerConfigKeys (ConfUtils.java:logGet(43)) - raft.server.snapshot.auto.trigger.enabled = true (custom)
2019-10-01 14:17:08,226 [pool-87-thread-1] INFO  server.RaftServerConfigKeys (ConfUtils.java:logGet(43)) - raft.server.snapshot.auto.trigger.threshold = 10000 (custom)
2019-10-01 14:17:08,226 [pool-47-thread-1] INFO  server.RaftServerConfigKeys (ConfUtils.java:logGet(43)) - raft.server.snapshot.auto.trigger.enabled = true (custom)
2019-10-01 14:17:08,226 [pool-87-thread-1] INFO  server.RaftServerConfigKeys (ConfUtils.java:logGet(43)) - raft.server.snapshot.retention.num.files = 5 (custom)
2019-10-01 14:17:08,226 [pool-47-thread-1] INFO  server.RaftServerConfigKeys (ConfUtils.java:logGet(43)) - raft.server.snapshot.auto.trigger.threshold = 10000 (custom)
2019-10-01 14:17:08,226 [pool-87-thread-1] INFO  server.RaftServerConfigKeys (ConfUtils.java:logGet(43)) - raft.server.retrycache.expirytime = 600000ms (custom)
2019-10-01 14:17:08,226 [pool-37-thread-1] INFO  impl.RaftServerImpl (RaftServerImpl.java:start(185)) - 65c19552-f16c-4986-8bf5-e40a8bae68e8@group-D4E72FAA24DC: start as a follower, conf=-1: [466aa3db-ea72-4dcd-95a1-963c4eca687f:192.168.151.103:43159, 65c19552-f16c-4986-8bf5-e40a8bae68e8:192.168.151.103:45524, b5420178-9b9a-48fb-beed-521737d432b7:192.168.151.103:39141], old=null
2019-10-01 14:17:08,226 [pool-47-thread-1] INFO  server.RaftServerConfigKeys (ConfUtils.java:logGet(43)) - raft.server.snapshot.retention.num.files = 5 (custom)
2019-10-01 14:17:08,227 [pool-37-thread-1] INFO  impl.RaftServerImpl (RaftServerImpl.java:setRole(174)) - 65c19552-f16c-4986-8bf5-e40a8bae68e8@group-D4E72FAA24DC: changes role from      null to FOLLOWER at term 0 for startAsFollower
2019-10-01 14:17:08,227 [pool-47-thread-1] INFO  server.RaftServerConfigKeys (ConfUtils.java:logGet(43)) - raft.server.retrycache.expirytime = 600000ms (custom)
2019-10-01 14:17:08,227 [pool-37-thread-1] INFO  impl.RoleInfo (RoleInfo.java:updateAndGet(143)) - 65c19552-f16c-4986-8bf5-e40a8bae68e8: start FollowerState
2019-10-01 14:17:08,227 [pool-37-thread-1] INFO  util.JmxRegister (JmxRegister.java:tryRegister(44)) - Successfully registered JMX Bean with object name Ratis:service=RaftServer,group=group-D4E72FAA24DC,id=65c19552-f16c-4986-8bf5-e40a8bae68e8
2019-10-01 14:17:08,236 [pool-87-thread-1] INFO  impl.RaftServerImpl (RaftServerImpl.java:start(185)) - 466aa3db-ea72-4dcd-95a1-963c4eca687f@group-D4E72FAA24DC: start as a follower, conf=-1: [466aa3db-ea72-4dcd-95a1-963c4eca687f:192.168.151.103:43159, 65c19552-f16c-4986-8bf5-e40a8bae68e8:192.168.151.103:45524, b5420178-9b9a-48fb-beed-521737d432b7:192.168.151.103:39141], old=null
2019-10-01 14:17:08,236 [pool-87-thread-1] INFO  impl.RaftServerImpl (RaftServerImpl.java:setRole(174)) - 466aa3db-ea72-4dcd-95a1-963c4eca687f@group-D4E72FAA24DC: changes role from      null to FOLLOWER at term 0 for startAsFollower
2019-10-01 14:17:08,236 [pool-87-thread-1] INFO  impl.RoleInfo (RoleInfo.java:updateAndGet(143)) - 466aa3db-ea72-4dcd-95a1-963c4eca687f: start FollowerState
2019-10-01 14:17:08,236 [pool-47-thread-1] INFO  impl.RaftServerImpl (RaftServerImpl.java:start(185)) - b5420178-9b9a-48fb-beed-521737d432b7@group-D4E72FAA24DC: start as a follower, conf=-1: [466aa3db-ea72-4dcd-95a1-963c4eca687f:192.168.151.103:43159, 65c19552-f16c-4986-8bf5-e40a8bae68e8:192.168.151.103:45524, b5420178-9b9a-48fb-beed-521737d432b7:192.168.151.103:39141], old=null
2019-10-01 14:17:08,236 [pool-47-thread-1] INFO  impl.RaftServerImpl (RaftServerImpl.java:setRole(174)) - b5420178-9b9a-48fb-beed-521737d432b7@group-D4E72FAA24DC: changes role from      null to FOLLOWER at term 0 for startAsFollower
2019-10-01 14:17:08,236 [pool-87-thread-1] INFO  util.JmxRegister (JmxRegister.java:tryRegister(44)) - Successfully registered JMX Bean with object name Ratis:service=RaftServer,group=group-D4E72FAA24DC,id=466aa3db-ea72-4dcd-95a1-963c4eca687f
2019-10-01 14:17:08,236 [pool-47-thread-1] INFO  impl.RoleInfo (RoleInfo.java:updateAndGet(143)) - b5420178-9b9a-48fb-beed-521737d432b7: start FollowerState
2019-10-01 14:17:08,237 [pool-47-thread-1] INFO  util.JmxRegister (JmxRegister.java:tryRegister(44)) - Successfully registered JMX Bean with object name Ratis:service=RaftServer,group=group-D4E72FAA24DC,id=b5420178-9b9a-48fb-beed-521737d432b7
2019-10-01 14:17:08,243 [RatisPipelineUtilsThread] INFO  pipeline.PipelineStateManager (PipelineStateManager.java:addPipeline(56)) - Created pipeline Pipeline[ Id: 2bec6a65-fedb-4773-b29d-d4e72faa24dc, Nodes: 65c19552-f16c-4986-8bf5-e40a8bae68e8{ip: 192.168.151.103, host: pr-trunk-878pl-325597374, networkLocation: /default-rack, certSerialId: null}b5420178-9b9a-48fb-beed-521737d432b7{ip: 192.168.151.103, host: pr-trunk-878pl-325597374, networkLocation: /default-rack, certSerialId: null}466aa3db-ea72-4dcd-95a1-963c4eca687f{ip: 192.168.151.103, host: pr-trunk-878pl-325597374, networkLocation: /default-rack, certSerialId: null}, Type:RATIS, Factor:THREE, State:OPEN]
]]></system-out>
    <system-err><![CDATA[ERROR StatusLogger No Log4j 2 configuration file found. Using default configuration (logging only errors to the console), or user programmatically provided configurations. Set system property 'log4j2.debug' to show Log4j 2 internal initialization logging. See https://logging.apache.org/log4j/2.x/manual/configuration.html for instructions on how to configure Log4j 2
]]></system-err>
  </testcase>
  <testcase name="testReleaseBuffersOnException" classname="org.apache.hadoop.ozone.client.rpc.TestCommitWatcher" time="72.477">
    <error message="org.apache.ratis.protocol.AlreadyClosedException: SlidingWindow$Client:client-F04D7B007804-&gt;RAFT is closed." type="java.util.concurrent.ExecutionException">java.util.concurrent.ExecutionException: org.apache.ratis.protocol.AlreadyClosedException: SlidingWindow$Client:client-F04D7B007804->RAFT is closed.
	at java.util.concurrent.CompletableFuture.reportGet(CompletableFuture.java:357)
	at java.util.concurrent.CompletableFuture.get(CompletableFuture.java:1895)
	at org.apache.hadoop.ozone.client.rpc.TestCommitWatcher.testReleaseBuffersOnException(TestCommitWatcher.java:256)
	at sun.reflect.NativeMethodAccessorImpl.invoke0(Native Method)
	at sun.reflect.NativeMethodAccessorImpl.invoke(NativeMethodAccessorImpl.java:62)
	at sun.reflect.DelegatingMethodAccessorImpl.invoke(DelegatingMethodAccessorImpl.java:43)
	at java.lang.reflect.Method.invoke(Method.java:498)
	at org.junit.runners.model.FrameworkMethod$1.runReflectiveCall(FrameworkMethod.java:47)
	at org.junit.internal.runners.model.ReflectiveCallable.run(ReflectiveCallable.java:12)
	at org.junit.runners.model.FrameworkMethod.invokeExplosively(FrameworkMethod.java:44)
	at org.junit.internal.runners.statements.InvokeMethod.evaluate(InvokeMethod.java:17)
	at org.junit.runners.ParentRunner.runLeaf(ParentRunner.java:271)
	at org.junit.runners.BlockJUnit4ClassRunner.runChild(BlockJUnit4ClassRunner.java:70)
	at org.junit.runners.BlockJUnit4ClassRunner.runChild(BlockJUnit4ClassRunner.java:50)
	at org.junit.runners.ParentRunner$3.run(ParentRunner.java:238)
	at org.junit.runners.ParentRunner$1.schedule(ParentRunner.java:63)
	at org.junit.runners.ParentRunner.runChildren(ParentRunner.java:236)
	at org.junit.runners.ParentRunner.access$000(ParentRunner.java:53)
	at org.junit.runners.ParentRunner$2.evaluate(ParentRunner.java:229)
	at org.junit.internal.runners.statements.RunBefores.evaluate(RunBefores.java:26)
	at org.junit.internal.runners.statements.RunAfters.evaluate(RunAfters.java:27)
	at org.junit.runners.ParentRunner.run(ParentRunner.java:309)
	at org.apache.maven.surefire.junit4.JUnit4Provider.execute(JUnit4Provider.java:365)
	at org.apache.maven.surefire.junit4.JUnit4Provider.executeWithRerun(JUnit4Provider.java:273)
	at org.apache.maven.surefire.junit4.JUnit4Provider.executeTestSet(JUnit4Provider.java:238)
	at org.apache.maven.surefire.junit4.JUnit4Provider.invoke(JUnit4Provider.java:159)
	at org.apache.maven.surefire.booter.ForkedBooter.invokeProviderInSameClassLoader(ForkedBooter.java:384)
	at org.apache.maven.surefire.booter.ForkedBooter.runSuitesInProcess(ForkedBooter.java:345)
	at org.apache.maven.surefire.booter.ForkedBooter.execute(ForkedBooter.java:126)
	at org.apache.maven.surefire.booter.ForkedBooter.main(ForkedBooter.java:418)
Caused by: org.apache.ratis.protocol.AlreadyClosedException: SlidingWindow$Client:client-F04D7B007804->RAFT is closed.
	at org.apache.ratis.util.SlidingWindow$Client.alreadyClosed(SlidingWindow.java:376)
	at org.apache.ratis.util.SlidingWindow$Client.fail(SlidingWindow.java:364)
	at org.apache.ratis.client.impl.OrderedAsync.failAllAsyncRequests(OrderedAsync.java:134)
	at org.apache.ratis.client.impl.OrderedAsync.lambda$sendRequest$10(OrderedAsync.java:244)
	at java.util.concurrent.CompletableFuture.uniExceptionally(CompletableFuture.java:870)
	at java.util.concurrent.CompletableFuture$UniExceptionally.tryFire(CompletableFuture.java:852)
	at java.util.concurrent.CompletableFuture.postComplete(CompletableFuture.java:474)
	at java.util.concurrent.CompletableFuture.completeExceptionally(CompletableFuture.java:1977)
	at org.apache.ratis.grpc.client.GrpcClientProtocolClient$AsyncStreamObservers.completeReplyExceptionally(GrpcClientProtocolClient.java:339)
	at org.apache.ratis.grpc.client.GrpcClientProtocolClient$AsyncStreamObservers.access$000(GrpcClientProtocolClient.java:255)
	at org.apache.ratis.grpc.client.GrpcClientProtocolClient$AsyncStreamObservers$1.onError(GrpcClientProtocolClient.java:284)
	at org.apache.ratis.thirdparty.io.grpc.stub.ClientCalls$StreamObserverToCallListenerAdapter.onClose(ClientCalls.java:434)
	at org.apache.ratis.thirdparty.io.grpc.PartialForwardingClientCallListener.onClose(PartialForwardingClientCallListener.java:39)
	at org.apache.ratis.thirdparty.io.grpc.ForwardingClientCallListener.onClose(ForwardingClientCallListener.java:23)
	at org.apache.ratis.thirdparty.io.grpc.ForwardingClientCallListener$SimpleForwardingClientCallListener.onClose(ForwardingClientCallListener.java:40)
	at org.apache.ratis.thirdparty.io.grpc.internal.CensusStatsModule$StatsClientInterceptor$1$1.onClose(CensusStatsModule.java:678)
	at org.apache.ratis.thirdparty.io.grpc.PartialForwardingClientCallListener.onClose(PartialForwardingClientCallListener.java:39)
	at org.apache.ratis.thirdparty.io.grpc.ForwardingClientCallListener.onClose(ForwardingClientCallListener.java:23)
	at org.apache.ratis.thirdparty.io.grpc.ForwardingClientCallListener$SimpleForwardingClientCallListener.onClose(ForwardingClientCallListener.java:40)
	at org.apache.ratis.thirdparty.io.grpc.internal.CensusTracingModule$TracingClientInterceptor$1$1.onClose(CensusTracingModule.java:397)
	at org.apache.ratis.thirdparty.io.grpc.internal.ClientCallImpl.closeObserver(ClientCallImpl.java:459)
	at org.apache.ratis.thirdparty.io.grpc.internal.ClientCallImpl.access$300(ClientCallImpl.java:63)
	at org.apache.ratis.thirdparty.io.grpc.internal.ClientCallImpl$ClientStreamListenerImpl.close(ClientCallImpl.java:546)
	at org.apache.ratis.thirdparty.io.grpc.internal.ClientCallImpl$ClientStreamListenerImpl.access$600(ClientCallImpl.java:467)
	at org.apache.ratis.thirdparty.io.grpc.internal.ClientCallImpl$ClientStreamListenerImpl$1StreamClosed.runInContext(ClientCallImpl.java:584)
	at org.apache.ratis.thirdparty.io.grpc.internal.ContextRunnable.run(ContextRunnable.java:37)
	at org.apache.ratis.thirdparty.io.grpc.internal.SerializingExecutor.run(SerializingExecutor.java:123)
	at java.util.concurrent.ThreadPoolExecutor.runWorker(ThreadPoolExecutor.java:1149)
	at java.util.concurrent.ThreadPoolExecutor$Worker.run(ThreadPoolExecutor.java:624)
	at java.lang.Thread.run(Thread.java:748)
Caused by: org.apache.ratis.protocol.GroupMismatchException: 65c19552-f16c-4986-8bf5-e40a8bae68e8: group-D4E72FAA24DC not found.
	at org.apache.ratis.server.impl.RaftServerProxy$ImplMap.get(RaftServerProxy.java:122)
	at org.apache.ratis.server.impl.RaftServerProxy.getImplFuture(RaftServerProxy.java:269)
	at org.apache.ratis.server.impl.RaftServerProxy.submitRequest(RaftServerProxy.java:327)
	at org.apache.ratis.server.impl.RaftServerProxy.submitClientRequestAsync(RaftServerProxy.java:333)
	at org.apache.ratis.grpc.client.GrpcClientProtocolService$RequestStreamObserver.processClientRequest(GrpcClientProtocolService.java:220)
	at org.apache.ratis.grpc.client.GrpcClientProtocolService$OrderedRequestStreamObserver.processClientRequest(GrpcClientProtocolService.java:326)
	at org.apache.ratis.util.SlidingWindow$Server.processRequestsFromHead(SlidingWindow.java:429)
	at org.apache.ratis.util.SlidingWindow$Server.receivedRequest(SlidingWindow.java:421)
	at org.apache.ratis.grpc.client.GrpcClientProtocolService$OrderedRequestStreamObserver.processClientRequest(GrpcClientProtocolService.java:345)
	at org.apache.ratis.grpc.client.GrpcClientProtocolService$RequestStreamObserver.onNext(GrpcClientProtocolService.java:240)
	at org.apache.ratis.grpc.client.GrpcClientProtocolService$RequestStreamObserver.onNext(GrpcClientProtocolService.java:168)
	at org.apache.ratis.thirdparty.io.grpc.stub.ServerCalls$StreamingServerCallHandler$StreamingServerCallListener.onMessage(ServerCalls.java:248)
	at org.apache.ratis.thirdparty.io.grpc.internal.ServerCallImpl$ServerStreamListenerImpl.messagesAvailable(ServerCallImpl.java:263)
	at org.apache.ratis.thirdparty.io.grpc.internal.ServerImpl$JumpToApplicationThreadServerStreamListener$1MessagesAvailable.runInContext(ServerImpl.java:686)
	... 5 more
</error>
    <system-out><![CDATA[2019-10-01 14:17:13,309 [Thread-511] INFO  impl.FollowerState (FollowerState.java:run(106)) - 65c19552-f16c-4986-8bf5-e40a8bae68e8:group-D4E72FAA24DC changes to CANDIDATE, lastRpcTime:5081, electionTimeout:5081ms
2019-10-01 14:17:13,310 [Thread-511] INFO  impl.RoleInfo (RoleInfo.java:shutdownFollowerState(121)) - 65c19552-f16c-4986-8bf5-e40a8bae68e8: shutdown FollowerState
2019-10-01 14:17:13,310 [Thread-511] INFO  impl.RaftServerImpl (RaftServerImpl.java:setRole(174)) - 65c19552-f16c-4986-8bf5-e40a8bae68e8@group-D4E72FAA24DC: changes role from  FOLLOWER to CANDIDATE at term 0 for changeToCandidate
2019-10-01 14:17:13,311 [Thread-511] INFO  impl.RoleInfo (RoleInfo.java:updateAndGet(143)) - 65c19552-f16c-4986-8bf5-e40a8bae68e8: start LeaderElection
2019-10-01 14:17:13,328 [65c19552-f16c-4986-8bf5-e40a8bae68e8@group-D4E72FAA24DC:LeaderElection12] INFO  impl.LeaderElection (LeaderElection.java:askForVotes(182)) - 65c19552-f16c-4986-8bf5-e40a8bae68e8@group-D4E72FAA24DC:LeaderElection12: begin an election at term 1 for -1: [466aa3db-ea72-4dcd-95a1-963c4eca687f:192.168.151.103:43159, 65c19552-f16c-4986-8bf5-e40a8bae68e8:192.168.151.103:45524, b5420178-9b9a-48fb-beed-521737d432b7:192.168.151.103:39141], old=null
2019-10-01 14:17:13,330 [Thread-514] INFO  impl.FollowerState (FollowerState.java:run(106)) - b5420178-9b9a-48fb-beed-521737d432b7:group-D4E72FAA24DC changes to CANDIDATE, lastRpcTime:5093, electionTimeout:5093ms
2019-10-01 14:17:13,330 [Thread-514] INFO  impl.RoleInfo (RoleInfo.java:shutdownFollowerState(121)) - b5420178-9b9a-48fb-beed-521737d432b7: shutdown FollowerState
2019-10-01 14:17:13,330 [Thread-514] INFO  impl.RaftServerImpl (RaftServerImpl.java:setRole(174)) - b5420178-9b9a-48fb-beed-521737d432b7@group-D4E72FAA24DC: changes role from  FOLLOWER to CANDIDATE at term 0 for changeToCandidate
2019-10-01 14:17:13,331 [Thread-514] INFO  impl.RoleInfo (RoleInfo.java:updateAndGet(143)) - b5420178-9b9a-48fb-beed-521737d432b7: start LeaderElection
2019-10-01 14:17:13,338 [grpc-default-executor-5] INFO  impl.RaftServerImpl (RaftServerImpl.java:setRole(174)) - 466aa3db-ea72-4dcd-95a1-963c4eca687f@group-D4E72FAA24DC: changes role from  FOLLOWER to FOLLOWER at term 1 for recognizeCandidate:65c19552-f16c-4986-8bf5-e40a8bae68e8
2019-10-01 14:17:13,338 [grpc-default-executor-5] INFO  impl.RoleInfo (RoleInfo.java:shutdownFollowerState(121)) - 466aa3db-ea72-4dcd-95a1-963c4eca687f: shutdown FollowerState
2019-10-01 14:17:13,339 [grpc-default-executor-5] INFO  impl.RoleInfo (RoleInfo.java:updateAndGet(143)) - 466aa3db-ea72-4dcd-95a1-963c4eca687f: start FollowerState
2019-10-01 14:17:13,339 [Thread-513] INFO  impl.FollowerState (FollowerState.java:run(115)) - 466aa3db-ea72-4dcd-95a1-963c4eca687f: FollowerState was interrupted: java.lang.InterruptedException: sleep interrupted
2019-10-01 14:17:13,347 [b5420178-9b9a-48fb-beed-521737d432b7@group-D4E72FAA24DC:LeaderElection13] INFO  impl.LeaderElection (LeaderElection.java:askForVotes(182)) - b5420178-9b9a-48fb-beed-521737d432b7@group-D4E72FAA24DC:LeaderElection13: begin an election at term 1 for -1: [466aa3db-ea72-4dcd-95a1-963c4eca687f:192.168.151.103:43159, 65c19552-f16c-4986-8bf5-e40a8bae68e8:192.168.151.103:45524, b5420178-9b9a-48fb-beed-521737d432b7:192.168.151.103:39141], old=null
2019-10-01 14:17:13,352 [65c19552-f16c-4986-8bf5-e40a8bae68e8@group-D4E72FAA24DC:LeaderElection12] INFO  impl.LeaderElection (LeaderElection.java:logAndReturn(56)) - 65c19552-f16c-4986-8bf5-e40a8bae68e8@group-D4E72FAA24DC:LeaderElection12: Election PASSED; received 1 response(s) [65c19552-f16c-4986-8bf5-e40a8bae68e8<-466aa3db-ea72-4dcd-95a1-963c4eca687f#0:OK-t1] and 0 exception(s); 65c19552-f16c-4986-8bf5-e40a8bae68e8@group-D4E72FAA24DC:t1, leader=null, voted=65c19552-f16c-4986-8bf5-e40a8bae68e8, raftlog=65c19552-f16c-4986-8bf5-e40a8bae68e8@group-D4E72FAA24DC-SegmentedRaftLog:OPENED:c-1,f-1,i0, conf=-1: [466aa3db-ea72-4dcd-95a1-963c4eca687f:192.168.151.103:43159, 65c19552-f16c-4986-8bf5-e40a8bae68e8:192.168.151.103:45524, b5420178-9b9a-48fb-beed-521737d432b7:192.168.151.103:39141], old=null
2019-10-01 14:17:13,352 [65c19552-f16c-4986-8bf5-e40a8bae68e8@group-D4E72FAA24DC:LeaderElection12] INFO  impl.RoleInfo (RoleInfo.java:shutdownLeaderElection(134)) - 65c19552-f16c-4986-8bf5-e40a8bae68e8: shutdown LeaderElection
2019-10-01 14:17:13,353 [65c19552-f16c-4986-8bf5-e40a8bae68e8@group-D4E72FAA24DC:LeaderElection12] INFO  impl.RaftServerImpl (RaftServerImpl.java:setRole(174)) - 65c19552-f16c-4986-8bf5-e40a8bae68e8@group-D4E72FAA24DC: changes role from CANDIDATE to LEADER at term 1 for changeToLeader
2019-10-01 14:17:13,353 [65c19552-f16c-4986-8bf5-e40a8bae68e8@group-D4E72FAA24DC:LeaderElection12] INFO  impl.RaftServerImpl (ServerState.java:setLeader(253)) - 65c19552-f16c-4986-8bf5-e40a8bae68e8@group-D4E72FAA24DC: change Leader from null to 65c19552-f16c-4986-8bf5-e40a8bae68e8 at term 1 for becomeLeader, leader elected after 5136ms
2019-10-01 14:17:13,354 [65c19552-f16c-4986-8bf5-e40a8bae68e8@group-D4E72FAA24DC:LeaderElection12] INFO  server.RaftServerConfigKeys (ConfUtils.java:logGet(43)) - raft.server.staging.catchup.gap = 1000 (default)
2019-10-01 14:17:13,354 [65c19552-f16c-4986-8bf5-e40a8bae68e8@group-D4E72FAA24DC:LeaderElection12] INFO  server.RaftServerConfigKeys (ConfUtils.java:logGet(43)) - raft.server.rpc.sleep.time = 25ms (default)
2019-10-01 14:17:13,354 [65c19552-f16c-4986-8bf5-e40a8bae68e8@group-D4E72FAA24DC:LeaderElection12] INFO  server.RaftServerConfigKeys (ConfUtils.java:logGet(43)) - raft.server.write.element-limit = 4096 (default)
2019-10-01 14:17:13,355 [65c19552-f16c-4986-8bf5-e40a8bae68e8@group-D4E72FAA24DC:LeaderElection12] INFO  server.RaftServerConfigKeys (ConfUtils.java:logGet(43)) - raft.server.watch.timeout = 10s (default)
2019-10-01 14:17:13,355 [65c19552-f16c-4986-8bf5-e40a8bae68e8@group-D4E72FAA24DC:LeaderElection12] INFO  server.RaftServerConfigKeys (ConfUtils.java:logGet(43)) - raft.server.watch.timeout.denomination = 1s (default)
2019-10-01 14:17:13,355 [65c19552-f16c-4986-8bf5-e40a8bae68e8@group-D4E72FAA24DC:LeaderElection12] INFO  server.RaftServerConfigKeys (ConfUtils.java:logGet(43)) - raft.server.watch.element-limit = 65536 (default)
2019-10-01 14:17:13,364 [65c19552-f16c-4986-8bf5-e40a8bae68e8@group-D4E72FAA24DC:LeaderElection12] INFO  server.RaftServerConfigKeys (ConfUtils.java:logGet(43)) - raft.server.log.appender.snapshot.chunk.size.max = 16MB (=16777216) (default)
2019-10-01 14:17:13,364 [65c19552-f16c-4986-8bf5-e40a8bae68e8@group-D4E72FAA24DC:LeaderElection12] INFO  server.RaftServerConfigKeys (ConfUtils.java:logGet(43)) - raft.server.log.appender.buffer.byte-limit = 33554432 (custom)
2019-10-01 14:17:13,364 [65c19552-f16c-4986-8bf5-e40a8bae68e8@group-D4E72FAA24DC:LeaderElection12] INFO  server.RaftServerConfigKeys (ConfUtils.java:logGet(43)) - raft.server.log.appender.buffer.element-limit = 1 (custom)
2019-10-01 14:17:13,365 [65c19552-f16c-4986-8bf5-e40a8bae68e8@group-D4E72FAA24DC:LeaderElection12] INFO  grpc.GrpcConfigKeys$Server (ConfUtils.java:logGet(43)) - raft.grpc.server.leader.outstanding.appends.max = 128 (default)
2019-10-01 14:17:13,365 [65c19552-f16c-4986-8bf5-e40a8bae68e8@group-D4E72FAA24DC:LeaderElection12] INFO  server.RaftServerConfigKeys (ConfUtils.java:logGet(43)) - raft.server.rpc.request.timeout = 3000ms (default)
2019-10-01 14:17:13,365 [65c19552-f16c-4986-8bf5-e40a8bae68e8@group-D4E72FAA24DC:LeaderElection12] INFO  server.RaftServerConfigKeys (ConfUtils.java:logGet(43)) - raft.server.log.appender.install.snapshot.enabled = false (custom)
2019-10-01 14:17:13,366 [65c19552-f16c-4986-8bf5-e40a8bae68e8@group-D4E72FAA24DC:LeaderElection12] INFO  server.RaftServerConfigKeys (ConfUtils.java:logGet(43)) - raft.server.log.appender.snapshot.chunk.size.max = 16MB (=16777216) (default)
2019-10-01 14:17:13,366 [65c19552-f16c-4986-8bf5-e40a8bae68e8@group-D4E72FAA24DC:LeaderElection12] INFO  server.RaftServerConfigKeys (ConfUtils.java:logGet(43)) - raft.server.log.appender.buffer.byte-limit = 33554432 (custom)
2019-10-01 14:17:13,366 [65c19552-f16c-4986-8bf5-e40a8bae68e8@group-D4E72FAA24DC:LeaderElection12] INFO  server.RaftServerConfigKeys (ConfUtils.java:logGet(43)) - raft.server.log.appender.buffer.element-limit = 1 (custom)
2019-10-01 14:17:13,366 [65c19552-f16c-4986-8bf5-e40a8bae68e8@group-D4E72FAA24DC:LeaderElection12] INFO  grpc.GrpcConfigKeys$Server (ConfUtils.java:logGet(43)) - raft.grpc.server.leader.outstanding.appends.max = 128 (default)
2019-10-01 14:17:13,366 [65c19552-f16c-4986-8bf5-e40a8bae68e8@group-D4E72FAA24DC:LeaderElection12] INFO  server.RaftServerConfigKeys (ConfUtils.java:logGet(43)) - raft.server.rpc.request.timeout = 3000ms (default)
2019-10-01 14:17:13,366 [65c19552-f16c-4986-8bf5-e40a8bae68e8@group-D4E72FAA24DC:LeaderElection12] INFO  server.RaftServerConfigKeys (ConfUtils.java:logGet(43)) - raft.server.log.appender.install.snapshot.enabled = false (custom)
2019-10-01 14:17:13,367 [65c19552-f16c-4986-8bf5-e40a8bae68e8@group-D4E72FAA24DC:LeaderElection12] INFO  impl.RoleInfo (RoleInfo.java:updateAndGet(143)) - 65c19552-f16c-4986-8bf5-e40a8bae68e8: start LeaderState
2019-10-01 14:17:13,367 [65c19552-f16c-4986-8bf5-e40a8bae68e8@group-D4E72FAA24DC:LeaderElection12] INFO  segmented.SegmentedRaftLogWorker (SegmentedRaftLogWorker.java:startLogSegment(380)) - 65c19552-f16c-4986-8bf5-e40a8bae68e8@group-D4E72FAA24DC-SegmentedRaftLogWorker: Starting segment from index:0
2019-10-01 14:17:13,369 [65c19552-f16c-4986-8bf5-e40a8bae68e8@group-D4E72FAA24DC:LeaderElection12] INFO  impl.RaftServerImpl (ServerState.java:setRaftConf(354)) - 65c19552-f16c-4986-8bf5-e40a8bae68e8@group-D4E72FAA24DC: set configuration 0: [466aa3db-ea72-4dcd-95a1-963c4eca687f:192.168.151.103:43159, 65c19552-f16c-4986-8bf5-e40a8bae68e8:192.168.151.103:45524, b5420178-9b9a-48fb-beed-521737d432b7:192.168.151.103:39141], old=null at 0
2019-10-01 14:17:13,399 [grpc-default-executor-4] INFO  impl.RaftServerImpl (RaftServerImpl.java:requestVote(758)) - 65c19552-f16c-4986-8bf5-e40a8bae68e8@group-D4E72FAA24DC-   LEADER: Withhold vote from candidate b5420178-9b9a-48fb-beed-521737d432b7 with term 1. State: leader=65c19552-f16c-4986-8bf5-e40a8bae68e8, term=1, lastRpcElapsed=null
2019-10-01 14:17:13,403 [b5420178-9b9a-48fb-beed-521737d432b7@group-D4E72FAA24DC:LeaderElection13] INFO  impl.LeaderElection (LeaderElection.java:logAndReturn(56)) - b5420178-9b9a-48fb-beed-521737d432b7@group-D4E72FAA24DC:LeaderElection13: Election REJECTED; received 2 response(s) [b5420178-9b9a-48fb-beed-521737d432b7<-466aa3db-ea72-4dcd-95a1-963c4eca687f#0:FAIL-t1, b5420178-9b9a-48fb-beed-521737d432b7<-65c19552-f16c-4986-8bf5-e40a8bae68e8#0:FAIL-t1] and 0 exception(s); b5420178-9b9a-48fb-beed-521737d432b7@group-D4E72FAA24DC:t1, leader=null, voted=b5420178-9b9a-48fb-beed-521737d432b7, raftlog=b5420178-9b9a-48fb-beed-521737d432b7@group-D4E72FAA24DC-SegmentedRaftLog:OPENED:c-1,f-1,i0, conf=-1: [466aa3db-ea72-4dcd-95a1-963c4eca687f:192.168.151.103:43159, 65c19552-f16c-4986-8bf5-e40a8bae68e8:192.168.151.103:45524, b5420178-9b9a-48fb-beed-521737d432b7:192.168.151.103:39141], old=null
2019-10-01 14:17:13,405 [grpc-default-executor-4] INFO  impl.RaftServerImpl (ServerState.java:setLeader(253)) - 466aa3db-ea72-4dcd-95a1-963c4eca687f@group-D4E72FAA24DC: change Leader from null to 65c19552-f16c-4986-8bf5-e40a8bae68e8 at term 1 for appendEntries, leader elected after 5187ms
2019-10-01 14:17:13,405 [b5420178-9b9a-48fb-beed-521737d432b7@group-D4E72FAA24DC:LeaderElection13] INFO  impl.RaftServerImpl (RaftServerImpl.java:setRole(174)) - b5420178-9b9a-48fb-beed-521737d432b7@group-D4E72FAA24DC: changes role from CANDIDATE to FOLLOWER at term 1 for DISCOVERED_A_NEW_TERM
2019-10-01 14:17:13,409 [b5420178-9b9a-48fb-beed-521737d432b7@group-D4E72FAA24DC:LeaderElection13] INFO  impl.RoleInfo (RoleInfo.java:shutdownLeaderElection(134)) - b5420178-9b9a-48fb-beed-521737d432b7: shutdown LeaderElection
2019-10-01 14:17:13,409 [b5420178-9b9a-48fb-beed-521737d432b7@group-D4E72FAA24DC:LeaderElection13] INFO  impl.RoleInfo (RoleInfo.java:updateAndGet(143)) - b5420178-9b9a-48fb-beed-521737d432b7: start FollowerState
2019-10-01 14:17:13,411 [grpc-default-executor-5] INFO  impl.RaftServerImpl (ServerState.java:setLeader(253)) - b5420178-9b9a-48fb-beed-521737d432b7@group-D4E72FAA24DC: change Leader from null to 65c19552-f16c-4986-8bf5-e40a8bae68e8 at term 1 for appendEntries, leader elected after 5192ms
2019-10-01 14:17:13,413 [grpc-default-executor-5] INFO  impl.RaftServerImpl (ServerState.java:setRaftConf(354)) - 466aa3db-ea72-4dcd-95a1-963c4eca687f@group-D4E72FAA24DC: set configuration 0: [466aa3db-ea72-4dcd-95a1-963c4eca687f:192.168.151.103:43159, 65c19552-f16c-4986-8bf5-e40a8bae68e8:192.168.151.103:45524, b5420178-9b9a-48fb-beed-521737d432b7:192.168.151.103:39141], old=null at 0
2019-10-01 14:17:13,413 [grpc-default-executor-5] INFO  segmented.SegmentedRaftLogWorker (SegmentedRaftLogWorker.java:startLogSegment(380)) - 466aa3db-ea72-4dcd-95a1-963c4eca687f@group-D4E72FAA24DC-SegmentedRaftLogWorker: Starting segment from index:0
2019-10-01 14:17:13,413 [grpc-default-executor-4] INFO  impl.RaftServerImpl (ServerState.java:setRaftConf(354)) - b5420178-9b9a-48fb-beed-521737d432b7@group-D4E72FAA24DC: set configuration 0: [466aa3db-ea72-4dcd-95a1-963c4eca687f:192.168.151.103:43159, 65c19552-f16c-4986-8bf5-e40a8bae68e8:192.168.151.103:45524, b5420178-9b9a-48fb-beed-521737d432b7:192.168.151.103:39141], old=null at 0
2019-10-01 14:17:13,413 [grpc-default-executor-4] INFO  segmented.SegmentedRaftLogWorker (SegmentedRaftLogWorker.java:startLogSegment(380)) - b5420178-9b9a-48fb-beed-521737d432b7@group-D4E72FAA24DC-SegmentedRaftLogWorker: Starting segment from index:0
2019-10-01 14:17:13,423 [65c19552-f16c-4986-8bf5-e40a8bae68e8@group-D4E72FAA24DC-SegmentedRaftLogWorker] INFO  segmented.SegmentedRaftLogWorker (SegmentedRaftLogWorker.java:execute(569)) - 65c19552-f16c-4986-8bf5-e40a8bae68e8@group-D4E72FAA24DC-SegmentedRaftLogWorker: created new log segment /workdir/hadoop-ozone/integration-test/target/test-dir/MiniOzoneClusterImpl-0c299cea-4044-47dd-bdd4-f5c3153bf6dc/datanode-1/data/ratis/2bec6a65-fedb-4773-b29d-d4e72faa24dc/current/log_inprogress_0
2019-10-01 14:17:13,448 [b5420178-9b9a-48fb-beed-521737d432b7@group-D4E72FAA24DC-SegmentedRaftLogWorker] INFO  segmented.SegmentedRaftLogWorker (SegmentedRaftLogWorker.java:execute(569)) - b5420178-9b9a-48fb-beed-521737d432b7@group-D4E72FAA24DC-SegmentedRaftLogWorker: created new log segment /workdir/hadoop-ozone/integration-test/target/test-dir/MiniOzoneClusterImpl-0c299cea-4044-47dd-bdd4-f5c3153bf6dc/datanode-2/data/ratis/2bec6a65-fedb-4773-b29d-d4e72faa24dc/current/log_inprogress_0
2019-10-01 14:17:13,448 [466aa3db-ea72-4dcd-95a1-963c4eca687f@group-D4E72FAA24DC-SegmentedRaftLogWorker] INFO  segmented.SegmentedRaftLogWorker (SegmentedRaftLogWorker.java:execute(569)) - 466aa3db-ea72-4dcd-95a1-963c4eca687f@group-D4E72FAA24DC-SegmentedRaftLogWorker: created new log segment /workdir/hadoop-ozone/integration-test/target/test-dir/MiniOzoneClusterImpl-0c299cea-4044-47dd-bdd4-f5c3153bf6dc/datanode-6/data/ratis/2bec6a65-fedb-4773-b29d-d4e72faa24dc/current/log_inprogress_0
2019-10-01 14:17:14,469 [pool-36-thread-2] ERROR impl.ChunkManagerImpl (ChunkUtils.java:writeData(89)) - data array does not match the length specified. DataLen: 1048576 Byte Array: 1048725
2019-10-01 14:17:14,473 [pool-36-thread-2] INFO  keyvalue.KeyValueHandler (ContainerUtils.java:logAndReturnError(146)) - Operation: WriteChunk : Trace ID: 8da4c81b38e842fd:8da4c81b38e842fd:0:0 : Message: data array does not match the length specified. DataLen: 1048576 Byte Array: 1048725 : Result: INVALID_WRITE_SIZE
2019-10-01 14:17:14,507 [EventQueue-IncrementalContainerReportForIncrementalContainerReportHandler] WARN  container.IncrementalContainerReportHandler (AbstractContainerReportHandler.java:updateContainerState(143)) - Container #2 is in OPEN state, but the datanode 65c19552-f16c-4986-8bf5-e40a8bae68e8{ip: 192.168.151.103, host: pr-trunk-878pl-325597374, networkLocation: /default-rack, certSerialId: null} reports an UNHEALTHY replica.
2019-10-01 14:17:14,507 [EventQueue-CloseContainerForCloseContainerEventHandler] INFO  container.CloseContainerEventHandler (CloseContainerEventHandler.java:onMessage(61)) - Close container Event triggered for container : #2
14:17:14.506 [pool-36-thread-2] ERROR DNAudit - user=null | ip=null | op=WRITE_CHUNK {blockData=conID: 2 locID: 1569939429118 bcsId: 0} | ret=FAILURE
java.lang.Exception: data array does not match the length specified. DataLen: 1048576 Byte Array: 1048725
	at org.apache.hadoop.ozone.container.common.impl.HddsDispatcher.dispatchRequest(HddsDispatcher.java:330) ~[hadoop-hdds-container-service-0.5.0-SNAPSHOT.jar:?]
	at org.apache.hadoop.ozone.container.common.impl.HddsDispatcher.dispatch(HddsDispatcher.java:150) ~[hadoop-hdds-container-service-0.5.0-SNAPSHOT.jar:?]
	at org.apache.hadoop.ozone.container.common.transport.server.ratis.ContainerStateMachine.dispatchCommand(ContainerStateMachine.java:407) ~[hadoop-hdds-container-service-0.5.0-SNAPSHOT.jar:?]
	at org.apache.hadoop.ozone.container.common.transport.server.ratis.ContainerStateMachine.runCommand(ContainerStateMachine.java:415) ~[hadoop-hdds-container-service-0.5.0-SNAPSHOT.jar:?]
	at org.apache.hadoop.ozone.container.common.transport.server.ratis.ContainerStateMachine.lambda$handleWriteChunk$1(ContainerStateMachine.java:450) ~[hadoop-hdds-container-service-0.5.0-SNAPSHOT.jar:?]
	at java.util.concurrent.CompletableFuture$AsyncSupply.run(CompletableFuture.java:1590) [?:1.8.0_212]
	at java.util.concurrent.ThreadPoolExecutor.runWorker(ThreadPoolExecutor.java:1149) [?:1.8.0_212]
	at java.util.concurrent.ThreadPoolExecutor$Worker.run(ThreadPoolExecutor.java:624) [?:1.8.0_212]
	at java.lang.Thread.run(Thread.java:748) [?:1.8.0_212]
2019-10-01 14:17:14,508 [pool-36-thread-2] ERROR ratis.ContainerStateMachine (ContainerStateMachine.java:lambda$handleWriteChunk$2(470)) - group-D4E72FAA24DC: writeChunk writeStateMachineData failed: blockIdcontainerID: 2
localID: 1569939429118
blockCommitSequenceId: 0
 logIndex 1 chunkName 1569939429118.data.0 Error message: data array does not match the length specified. DataLen: 1048576 Byte Array: 1048725 Container Result: INVALID_WRITE_SIZE
2019-10-01 14:17:14,510 [65c19552-f16c-4986-8bf5-e40a8bae68e8@group-D4E72FAA24DC-SegmentedRaftLogWorker] ERROR ratis.XceiverServerRatis (XceiverServerRatis.java:triggerPipelineClose(575)) - pipeline Action CLOSE  on pipeline PipelineID=2bec6a65-fedb-4773-b29d-d4e72faa24dc.Reason : data array does not match the length specified. DataLen: 1048576 Byte Array: 1048725
2019-10-01 14:17:14,510 [65c19552-f16c-4986-8bf5-e40a8bae68e8@group-D4E72FAA24DC-SegmentedRaftLogWorker] ERROR ratis.XceiverServerRatis (XceiverServerRatis.java:triggerPipelineClose(575)) - pipeline Action CLOSE  on pipeline PipelineID=2bec6a65-fedb-4773-b29d-d4e72faa24dc.Reason : Log already failed at index 1 for task WriteLog:1: (t:1, i:1), STATEMACHINELOGENTRY, client-F04D7B007804, cid=23
2019-10-01 14:17:14,511 [EventQueue-PipelineActionsForPipelineActionHandler] ERROR pipeline.PipelineActionHandler (PipelineActionHandler.java:onMessage(60)) - Received pipeline action CLOSE for Pipeline[ Id: 2bec6a65-fedb-4773-b29d-d4e72faa24dc, Nodes: 65c19552-f16c-4986-8bf5-e40a8bae68e8{ip: 192.168.151.103, host: pr-trunk-878pl-325597374, networkLocation: /default-rack, certSerialId: null}b5420178-9b9a-48fb-beed-521737d432b7{ip: 192.168.151.103, host: pr-trunk-878pl-325597374, networkLocation: /default-rack, certSerialId: null}466aa3db-ea72-4dcd-95a1-963c4eca687f{ip: 192.168.151.103, host: pr-trunk-878pl-325597374, networkLocation: /default-rack, certSerialId: null}, Type:RATIS, Factor:THREE, State:OPEN] from datanode 65c19552-f16c-4986-8bf5-e40a8bae68e8{ip: 192.168.151.103, host: pr-trunk-878pl-325597374, networkLocation: /default-rack, certSerialId: null}. Reason : data array does not match the length specified. DataLen: 1048576 Byte Array: 1048725
2019-10-01 14:17:14,511 [EventQueue-PipelineActionsForPipelineActionHandler] INFO  pipeline.SCMPipelineManager (SCMPipelineManager.java:finalizeAndDestroyPipeline(315)) - destroying pipeline:Pipeline[ Id: 2bec6a65-fedb-4773-b29d-d4e72faa24dc, Nodes: 65c19552-f16c-4986-8bf5-e40a8bae68e8{ip: 192.168.151.103, host: pr-trunk-878pl-325597374, networkLocation: /default-rack, certSerialId: null}b5420178-9b9a-48fb-beed-521737d432b7{ip: 192.168.151.103, host: pr-trunk-878pl-325597374, networkLocation: /default-rack, certSerialId: null}466aa3db-ea72-4dcd-95a1-963c4eca687f{ip: 192.168.151.103, host: pr-trunk-878pl-325597374, networkLocation: /default-rack, certSerialId: null}, Type:RATIS, Factor:THREE, State:OPEN]
2019-10-01 14:17:14,511 [EventQueue-PipelineActionsForPipelineActionHandler] INFO  pipeline.PipelineStateManager (PipelineStateManager.java:finalizePipeline(123)) - Pipeline Pipeline[ Id: 2bec6a65-fedb-4773-b29d-d4e72faa24dc, Nodes: 65c19552-f16c-4986-8bf5-e40a8bae68e8{ip: 192.168.151.103, host: pr-trunk-878pl-325597374, networkLocation: /default-rack, certSerialId: null}b5420178-9b9a-48fb-beed-521737d432b7{ip: 192.168.151.103, host: pr-trunk-878pl-325597374, networkLocation: /default-rack, certSerialId: null}466aa3db-ea72-4dcd-95a1-963c4eca687f{ip: 192.168.151.103, host: pr-trunk-878pl-325597374, networkLocation: /default-rack, certSerialId: null}, Type:RATIS, Factor:THREE, State:CLOSED] moved to CLOSED state
2019-10-01 14:17:14,513 [EventQueue-PipelineActionsForPipelineActionHandler] ERROR pipeline.PipelineActionHandler (PipelineActionHandler.java:onMessage(60)) - Received pipeline action CLOSE for Pipeline[ Id: 2bec6a65-fedb-4773-b29d-d4e72faa24dc, Nodes: 65c19552-f16c-4986-8bf5-e40a8bae68e8{ip: 192.168.151.103, host: pr-trunk-878pl-325597374, networkLocation: /default-rack, certSerialId: null}b5420178-9b9a-48fb-beed-521737d432b7{ip: 192.168.151.103, host: pr-trunk-878pl-325597374, networkLocation: /default-rack, certSerialId: null}466aa3db-ea72-4dcd-95a1-963c4eca687f{ip: 192.168.151.103, host: pr-trunk-878pl-325597374, networkLocation: /default-rack, certSerialId: null}, Type:RATIS, Factor:THREE, State:CLOSED] from datanode 65c19552-f16c-4986-8bf5-e40a8bae68e8{ip: 192.168.151.103, host: pr-trunk-878pl-325597374, networkLocation: /default-rack, certSerialId: null}. Reason : Log already failed at index 1 for task WriteLog:1: (t:1, i:1), STATEMACHINELOGENTRY, client-F04D7B007804, cid=23
2019-10-01 14:17:14,514 [EventQueue-PipelineActionsForPipelineActionHandler] INFO  pipeline.SCMPipelineManager (SCMPipelineManager.java:finalizeAndDestroyPipeline(315)) - destroying pipeline:Pipeline[ Id: 2bec6a65-fedb-4773-b29d-d4e72faa24dc, Nodes: 65c19552-f16c-4986-8bf5-e40a8bae68e8{ip: 192.168.151.103, host: pr-trunk-878pl-325597374, networkLocation: /default-rack, certSerialId: null}b5420178-9b9a-48fb-beed-521737d432b7{ip: 192.168.151.103, host: pr-trunk-878pl-325597374, networkLocation: /default-rack, certSerialId: null}466aa3db-ea72-4dcd-95a1-963c4eca687f{ip: 192.168.151.103, host: pr-trunk-878pl-325597374, networkLocation: /default-rack, certSerialId: null}, Type:RATIS, Factor:THREE, State:CLOSED]
2019-10-01 14:17:55,617 [grpc-default-executor-1] INFO  impl.RaftServerProxy (RaftServerProxy.java:addNew(89)) - 65c19552-f16c-4986-8bf5-e40a8bae68e8: addNew group-A5520D016647:[466aa3db-ea72-4dcd-95a1-963c4eca687f:192.168.151.103:43159, 65c19552-f16c-4986-8bf5-e40a8bae68e8:192.168.151.103:45524, b5420178-9b9a-48fb-beed-521737d432b7:192.168.151.103:39141] returns group-A5520D016647:java.util.concurrent.CompletableFuture@2ee00627[Not completed]
2019-10-01 14:17:55,620 [grpc-default-executor-5] INFO  impl.RaftServerProxy (RaftServerProxy.java:addNew(89)) - b5420178-9b9a-48fb-beed-521737d432b7: addNew group-A5520D016647:[466aa3db-ea72-4dcd-95a1-963c4eca687f:192.168.151.103:43159, 65c19552-f16c-4986-8bf5-e40a8bae68e8:192.168.151.103:45524, b5420178-9b9a-48fb-beed-521737d432b7:192.168.151.103:39141] returns group-A5520D016647:java.util.concurrent.CompletableFuture@528901e3[Not completed]
2019-10-01 14:17:55,617 [grpc-default-executor-4] INFO  impl.RaftServerProxy (RaftServerProxy.java:addNew(89)) - 466aa3db-ea72-4dcd-95a1-963c4eca687f: addNew group-A5520D016647:[466aa3db-ea72-4dcd-95a1-963c4eca687f:192.168.151.103:43159, 65c19552-f16c-4986-8bf5-e40a8bae68e8:192.168.151.103:45524, b5420178-9b9a-48fb-beed-521737d432b7:192.168.151.103:39141] returns group-A5520D016647:java.util.concurrent.CompletableFuture@6b76ddcf[Not completed]
2019-10-01 14:17:55,623 [pool-87-thread-1] INFO  impl.RaftServerImpl (RaftServerImpl.java:<init>(95)) - 466aa3db-ea72-4dcd-95a1-963c4eca687f: new RaftServerImpl for group-A5520D016647:[466aa3db-ea72-4dcd-95a1-963c4eca687f:192.168.151.103:43159, 65c19552-f16c-4986-8bf5-e40a8bae68e8:192.168.151.103:45524, b5420178-9b9a-48fb-beed-521737d432b7:192.168.151.103:39141] with ContainerStateMachine:uninitialized
2019-10-01 14:17:55,623 [pool-87-thread-1] INFO  server.RaftServerConfigKeys (ConfUtils.java:logGet(43)) - raft.server.rpc.timeout.min = 5s (custom)
2019-10-01 14:17:55,624 [pool-87-thread-1] INFO  server.RaftServerConfigKeys (ConfUtils.java:logGet(43)) - raft.server.rpc.timeout.max = 5200ms (custom)
2019-10-01 14:17:55,624 [pool-87-thread-1] INFO  server.RaftServerConfigKeys (ConfUtils.java:logGet(43)) - raft.server.rpcslowness.timeout = 120s (custom)
2019-10-01 14:17:55,624 [pool-87-thread-1] INFO  server.RaftServerConfigKeys (ConfUtils.java:logGet(43)) - raft.server.sleep.deviation.threshold = 300 (default)
2019-10-01 14:17:55,624 [pool-87-thread-1] INFO  server.RaftServerConfigKeys (ConfUtils.java:logGet(43)) - raft.server.log.appender.install.snapshot.enabled = false (custom)
2019-10-01 14:17:55,624 [pool-87-thread-1] INFO  impl.RaftServerImpl (ServerState.java:<init>(103)) - 466aa3db-ea72-4dcd-95a1-963c4eca687f@group-A5520D016647: ConfigurationManager, init=-1: [466aa3db-ea72-4dcd-95a1-963c4eca687f:192.168.151.103:43159, 65c19552-f16c-4986-8bf5-e40a8bae68e8:192.168.151.103:45524, b5420178-9b9a-48fb-beed-521737d432b7:192.168.151.103:39141], old=null, confs=<EMPTY_MAP>
2019-10-01 14:17:55,624 [pool-87-thread-1] INFO  server.RaftServerConfigKeys (ConfUtils.java:logGet(43)) - raft.server.storage.dir = [/workdir/hadoop-ozone/integration-test/target/test-dir/MiniOzoneClusterImpl-0c299cea-4044-47dd-bdd4-f5c3153bf6dc/datanode-6/data/ratis] (custom)
2019-10-01 14:17:55,625 [pool-37-thread-1] INFO  impl.RaftServerImpl (RaftServerImpl.java:<init>(95)) - 65c19552-f16c-4986-8bf5-e40a8bae68e8: new RaftServerImpl for group-A5520D016647:[466aa3db-ea72-4dcd-95a1-963c4eca687f:192.168.151.103:43159, 65c19552-f16c-4986-8bf5-e40a8bae68e8:192.168.151.103:45524, b5420178-9b9a-48fb-beed-521737d432b7:192.168.151.103:39141] with ContainerStateMachine:uninitialized
2019-10-01 14:17:55,625 [pool-87-thread-1] INFO  storage.RaftStorageDirectory (RaftStorageDirectory.java:analyzeStorage(246)) - The storage directory /workdir/hadoop-ozone/integration-test/target/test-dir/MiniOzoneClusterImpl-0c299cea-4044-47dd-bdd4-f5c3153bf6dc/datanode-6/data/ratis/295f5532-41a2-459a-bcc8-a5520d016647 does not exist. Creating ...
2019-10-01 14:17:55,625 [pool-37-thread-1] INFO  server.RaftServerConfigKeys (ConfUtils.java:logGet(43)) - raft.server.rpc.timeout.min = 5s (custom)
2019-10-01 14:17:55,625 [pool-37-thread-1] INFO  server.RaftServerConfigKeys (ConfUtils.java:logGet(43)) - raft.server.rpc.timeout.max = 5200ms (custom)
2019-10-01 14:17:55,625 [pool-37-thread-1] INFO  server.RaftServerConfigKeys (ConfUtils.java:logGet(43)) - raft.server.rpcslowness.timeout = 120s (custom)
2019-10-01 14:17:55,626 [pool-37-thread-1] INFO  server.RaftServerConfigKeys (ConfUtils.java:logGet(43)) - raft.server.sleep.deviation.threshold = 300 (default)
2019-10-01 14:17:55,626 [pool-47-thread-1] INFO  impl.RaftServerImpl (RaftServerImpl.java:<init>(95)) - b5420178-9b9a-48fb-beed-521737d432b7: new RaftServerImpl for group-A5520D016647:[466aa3db-ea72-4dcd-95a1-963c4eca687f:192.168.151.103:43159, 65c19552-f16c-4986-8bf5-e40a8bae68e8:192.168.151.103:45524, b5420178-9b9a-48fb-beed-521737d432b7:192.168.151.103:39141] with ContainerStateMachine:uninitialized
2019-10-01 14:17:55,626 [pool-37-thread-1] INFO  server.RaftServerConfigKeys (ConfUtils.java:logGet(43)) - raft.server.log.appender.install.snapshot.enabled = false (custom)
2019-10-01 14:17:55,626 [pool-47-thread-1] INFO  server.RaftServerConfigKeys (ConfUtils.java:logGet(43)) - raft.server.rpc.timeout.min = 5s (custom)
2019-10-01 14:17:55,626 [pool-37-thread-1] INFO  impl.RaftServerImpl (ServerState.java:<init>(103)) - 65c19552-f16c-4986-8bf5-e40a8bae68e8@group-A5520D016647: ConfigurationManager, init=-1: [466aa3db-ea72-4dcd-95a1-963c4eca687f:192.168.151.103:43159, 65c19552-f16c-4986-8bf5-e40a8bae68e8:192.168.151.103:45524, b5420178-9b9a-48fb-beed-521737d432b7:192.168.151.103:39141], old=null, confs=<EMPTY_MAP>
2019-10-01 14:17:55,626 [pool-47-thread-1] INFO  server.RaftServerConfigKeys (ConfUtils.java:logGet(43)) - raft.server.rpc.timeout.max = 5200ms (custom)
2019-10-01 14:17:55,627 [pool-37-thread-1] INFO  server.RaftServerConfigKeys (ConfUtils.java:logGet(43)) - raft.server.storage.dir = [/workdir/hadoop-ozone/integration-test/target/test-dir/MiniOzoneClusterImpl-0c299cea-4044-47dd-bdd4-f5c3153bf6dc/datanode-1/data/ratis] (custom)
2019-10-01 14:17:55,627 [pool-47-thread-1] INFO  server.RaftServerConfigKeys (ConfUtils.java:logGet(43)) - raft.server.rpcslowness.timeout = 120s (custom)
2019-10-01 14:17:55,627 [pool-47-thread-1] INFO  server.RaftServerConfigKeys (ConfUtils.java:logGet(43)) - raft.server.sleep.deviation.threshold = 300 (default)
2019-10-01 14:17:55,627 [pool-47-thread-1] INFO  server.RaftServerConfigKeys (ConfUtils.java:logGet(43)) - raft.server.log.appender.install.snapshot.enabled = false (custom)
2019-10-01 14:17:55,627 [pool-37-thread-1] INFO  storage.RaftStorageDirectory (RaftStorageDirectory.java:analyzeStorage(246)) - The storage directory /workdir/hadoop-ozone/integration-test/target/test-dir/MiniOzoneClusterImpl-0c299cea-4044-47dd-bdd4-f5c3153bf6dc/datanode-1/data/ratis/295f5532-41a2-459a-bcc8-a5520d016647 does not exist. Creating ...
2019-10-01 14:17:55,627 [pool-47-thread-1] INFO  impl.RaftServerImpl (ServerState.java:<init>(103)) - b5420178-9b9a-48fb-beed-521737d432b7@group-A5520D016647: ConfigurationManager, init=-1: [466aa3db-ea72-4dcd-95a1-963c4eca687f:192.168.151.103:43159, 65c19552-f16c-4986-8bf5-e40a8bae68e8:192.168.151.103:45524, b5420178-9b9a-48fb-beed-521737d432b7:192.168.151.103:39141], old=null, confs=<EMPTY_MAP>
2019-10-01 14:17:55,628 [pool-47-thread-1] INFO  server.RaftServerConfigKeys (ConfUtils.java:logGet(43)) - raft.server.storage.dir = [/workdir/hadoop-ozone/integration-test/target/test-dir/MiniOzoneClusterImpl-0c299cea-4044-47dd-bdd4-f5c3153bf6dc/datanode-2/data/ratis] (custom)
2019-10-01 14:17:55,628 [pool-47-thread-1] INFO  storage.RaftStorageDirectory (RaftStorageDirectory.java:analyzeStorage(246)) - The storage directory /workdir/hadoop-ozone/integration-test/target/test-dir/MiniOzoneClusterImpl-0c299cea-4044-47dd-bdd4-f5c3153bf6dc/datanode-2/data/ratis/295f5532-41a2-459a-bcc8-a5520d016647 does not exist. Creating ...
2019-10-01 14:17:55,650 [pool-87-thread-1] INFO  storage.RaftStorageDirectory (RaftStorageDirectory.java:tryLock(328)) - Lock on /workdir/hadoop-ozone/integration-test/target/test-dir/MiniOzoneClusterImpl-0c299cea-4044-47dd-bdd4-f5c3153bf6dc/datanode-6/data/ratis/295f5532-41a2-459a-bcc8-a5520d016647/in_use.lock acquired by nodename 28339@pr-trunk-878pl-325597374
2019-10-01 14:17:55,650 [pool-47-thread-1] INFO  storage.RaftStorageDirectory (RaftStorageDirectory.java:tryLock(328)) - Lock on /workdir/hadoop-ozone/integration-test/target/test-dir/MiniOzoneClusterImpl-0c299cea-4044-47dd-bdd4-f5c3153bf6dc/datanode-2/data/ratis/295f5532-41a2-459a-bcc8-a5520d016647/in_use.lock acquired by nodename 28339@pr-trunk-878pl-325597374
2019-10-01 14:17:55,650 [pool-37-thread-1] INFO  storage.RaftStorageDirectory (RaftStorageDirectory.java:tryLock(328)) - Lock on /workdir/hadoop-ozone/integration-test/target/test-dir/MiniOzoneClusterImpl-0c299cea-4044-47dd-bdd4-f5c3153bf6dc/datanode-1/data/ratis/295f5532-41a2-459a-bcc8-a5520d016647/in_use.lock acquired by nodename 28339@pr-trunk-878pl-325597374
2019-10-01 14:17:55,675 [pool-37-thread-1] INFO  storage.RaftStorage (RaftStorage.java:format(72)) - Storage directory /workdir/hadoop-ozone/integration-test/target/test-dir/MiniOzoneClusterImpl-0c299cea-4044-47dd-bdd4-f5c3153bf6dc/datanode-1/data/ratis/295f5532-41a2-459a-bcc8-a5520d016647 has been successfully formatted.
2019-10-01 14:17:55,675 [pool-87-thread-1] INFO  storage.RaftStorage (RaftStorage.java:format(72)) - Storage directory /workdir/hadoop-ozone/integration-test/target/test-dir/MiniOzoneClusterImpl-0c299cea-4044-47dd-bdd4-f5c3153bf6dc/datanode-6/data/ratis/295f5532-41a2-459a-bcc8-a5520d016647 has been successfully formatted.
2019-10-01 14:17:55,675 [pool-37-thread-1] INFO  ratis.ContainerStateMachine (ContainerStateMachine.java:loadSnapshot(231)) - group-A5520D016647: The snapshot info is null. Setting the last applied indexto:(t:0, i:~)
2019-10-01 14:17:55,675 [pool-47-thread-1] INFO  storage.RaftStorage (RaftStorage.java:format(72)) - Storage directory /workdir/hadoop-ozone/integration-test/target/test-dir/MiniOzoneClusterImpl-0c299cea-4044-47dd-bdd4-f5c3153bf6dc/datanode-2/data/ratis/295f5532-41a2-459a-bcc8-a5520d016647 has been successfully formatted.
2019-10-01 14:17:55,675 [pool-87-thread-1] INFO  ratis.ContainerStateMachine (ContainerStateMachine.java:loadSnapshot(231)) - group-A5520D016647: The snapshot info is null. Setting the last applied indexto:(t:0, i:~)
2019-10-01 14:17:55,675 [pool-37-thread-1] INFO  server.RaftServerConfigKeys (ConfUtils.java:logGet(43)) - raft.server.notification.no-leader.timeout = 120s (custom)
2019-10-01 14:17:55,676 [pool-87-thread-1] INFO  server.RaftServerConfigKeys (ConfUtils.java:logGet(43)) - raft.server.notification.no-leader.timeout = 120s (custom)
2019-10-01 14:17:55,676 [pool-47-thread-1] INFO  ratis.ContainerStateMachine (ContainerStateMachine.java:loadSnapshot(231)) - group-A5520D016647: The snapshot info is null. Setting the last applied indexto:(t:0, i:~)
2019-10-01 14:17:55,676 [pool-87-thread-1] INFO  server.RaftServerConfigKeys (ConfUtils.java:logGet(43)) - raft.server.log.use.memory = false (default)
2019-10-01 14:17:55,676 [pool-37-thread-1] INFO  server.RaftServerConfigKeys (ConfUtils.java:logGet(43)) - raft.server.log.use.memory = false (default)
2019-10-01 14:17:55,676 [pool-47-thread-1] INFO  server.RaftServerConfigKeys (ConfUtils.java:logGet(43)) - raft.server.notification.no-leader.timeout = 120s (custom)
2019-10-01 14:17:55,676 [pool-87-thread-1] INFO  server.RaftServerConfigKeys (ConfUtils.java:logGet(43)) - raft.server.log.purge.gap = 1000000 (custom)
2019-10-01 14:17:55,676 [pool-37-thread-1] INFO  server.RaftServerConfigKeys (ConfUtils.java:logGet(43)) - raft.server.log.purge.gap = 1000000 (custom)
2019-10-01 14:17:55,677 [pool-87-thread-1] INFO  server.RaftServerConfigKeys (ConfUtils.java:logGet(43)) - raft.server.log.appender.buffer.byte-limit = 33554432 (custom)
2019-10-01 14:17:55,676 [pool-47-thread-1] INFO  server.RaftServerConfigKeys (ConfUtils.java:logGet(43)) - raft.server.log.use.memory = false (default)
2019-10-01 14:17:55,677 [pool-87-thread-1] INFO  server.RaftServerConfigKeys (ConfUtils.java:logGet(43)) - raft.server.log.segment.size.max = 1048576 (custom)
2019-10-01 14:17:55,677 [pool-37-thread-1] INFO  server.RaftServerConfigKeys (ConfUtils.java:logGet(43)) - raft.server.log.appender.buffer.byte-limit = 33554432 (custom)
2019-10-01 14:17:55,677 [pool-87-thread-1] INFO  server.RaftServerConfigKeys (ConfUtils.java:logGet(43)) - raft.server.log.segment.cache.num.max = 2 (custom)
2019-10-01 14:17:55,677 [pool-47-thread-1] INFO  server.RaftServerConfigKeys (ConfUtils.java:logGet(43)) - raft.server.log.purge.gap = 1000000 (custom)
2019-10-01 14:17:55,678 [pool-87-thread-1] INFO  segmented.SegmentedRaftLogWorker (SegmentedRaftLogWorker.java:<init>(172)) - new 466aa3db-ea72-4dcd-95a1-963c4eca687f@group-A5520D016647-SegmentedRaftLogWorker for RaftStorage:Storage Directory /workdir/hadoop-ozone/integration-test/target/test-dir/MiniOzoneClusterImpl-0c299cea-4044-47dd-bdd4-f5c3153bf6dc/datanode-6/data/ratis/295f5532-41a2-459a-bcc8-a5520d016647
2019-10-01 14:17:55,677 [pool-37-thread-1] INFO  server.RaftServerConfigKeys (ConfUtils.java:logGet(43)) - raft.server.log.segment.size.max = 1048576 (custom)
2019-10-01 14:17:55,678 [pool-87-thread-1] INFO  server.RaftServerConfigKeys (ConfUtils.java:logGet(43)) - raft.server.log.queue.byte-limit = 2147483647 (custom)
2019-10-01 14:17:55,678 [pool-47-thread-1] INFO  server.RaftServerConfigKeys (ConfUtils.java:logGet(43)) - raft.server.log.appender.buffer.byte-limit = 33554432 (custom)
2019-10-01 14:17:55,678 [pool-87-thread-1] INFO  server.RaftServerConfigKeys (ConfUtils.java:logGet(43)) - raft.server.log.queue.element-limit = 1024 (custom)
2019-10-01 14:17:55,678 [pool-37-thread-1] INFO  server.RaftServerConfigKeys (ConfUtils.java:logGet(43)) - raft.server.log.segment.cache.num.max = 2 (custom)
2019-10-01 14:17:55,678 [pool-87-thread-1] INFO  server.RaftServerConfigKeys (ConfUtils.java:logGet(43)) - raft.server.log.segment.size.max = 1048576 (custom)
2019-10-01 14:17:55,678 [pool-47-thread-1] INFO  server.RaftServerConfigKeys (ConfUtils.java:logGet(43)) - raft.server.log.segment.size.max = 1048576 (custom)
2019-10-01 14:17:55,679 [pool-87-thread-1] INFO  server.RaftServerConfigKeys (ConfUtils.java:logGet(43)) - raft.server.log.preallocated.size = 16384 (custom)
2019-10-01 14:17:55,678 [pool-37-thread-1] INFO  segmented.SegmentedRaftLogWorker (SegmentedRaftLogWorker.java:<init>(172)) - new 65c19552-f16c-4986-8bf5-e40a8bae68e8@group-A5520D016647-SegmentedRaftLogWorker for RaftStorage:Storage Directory /workdir/hadoop-ozone/integration-test/target/test-dir/MiniOzoneClusterImpl-0c299cea-4044-47dd-bdd4-f5c3153bf6dc/datanode-1/data/ratis/295f5532-41a2-459a-bcc8-a5520d016647
2019-10-01 14:17:55,679 [pool-87-thread-1] INFO  server.RaftServerConfigKeys (ConfUtils.java:logGet(43)) - raft.server.log.write.buffer.size = 33554432 (custom)
2019-10-01 14:17:55,679 [pool-47-thread-1] INFO  server.RaftServerConfigKeys (ConfUtils.java:logGet(43)) - raft.server.log.segment.cache.num.max = 2 (custom)
2019-10-01 14:17:55,679 [pool-87-thread-1] INFO  server.RaftServerConfigKeys (ConfUtils.java:logGet(43)) - raft.server.log.force.sync.num = 128 (default)
2019-10-01 14:17:55,679 [pool-37-thread-1] INFO  server.RaftServerConfigKeys (ConfUtils.java:logGet(43)) - raft.server.log.queue.byte-limit = 2147483647 (custom)
2019-10-01 14:17:55,680 [pool-87-thread-1] INFO  server.RaftServerConfigKeys (ConfUtils.java:logGet(43)) - raft.server.log.statemachine.data.sync = true (default)
2019-10-01 14:17:55,679 [pool-47-thread-1] INFO  segmented.SegmentedRaftLogWorker (SegmentedRaftLogWorker.java:<init>(172)) - new b5420178-9b9a-48fb-beed-521737d432b7@group-A5520D016647-SegmentedRaftLogWorker for RaftStorage:Storage Directory /workdir/hadoop-ozone/integration-test/target/test-dir/MiniOzoneClusterImpl-0c299cea-4044-47dd-bdd4-f5c3153bf6dc/datanode-2/data/ratis/295f5532-41a2-459a-bcc8-a5520d016647
2019-10-01 14:17:55,680 [pool-87-thread-1] INFO  server.RaftServerConfigKeys (ConfUtils.java:logGet(43)) - raft.server.log.statemachine.data.sync.timeout = 10s (default)
2019-10-01 14:17:55,680 [pool-37-thread-1] INFO  server.RaftServerConfigKeys (ConfUtils.java:logGet(43)) - raft.server.log.queue.element-limit = 1024 (custom)
2019-10-01 14:17:55,680 [pool-87-thread-1] INFO  server.RaftServerConfigKeys (ConfUtils.java:logGet(43)) - raft.server.log.statemachine.data.sync.timeout.retry = -1 (default)
2019-10-01 14:17:55,680 [pool-47-thread-1] INFO  server.RaftServerConfigKeys (ConfUtils.java:logGet(43)) - raft.server.log.queue.byte-limit = 2147483647 (custom)
2019-10-01 14:17:55,680 [pool-87-thread-1] INFO  server.RaftServerConfigKeys (ConfUtils.java:logGet(43)) - raft.server.log.statemachine.data.caching.enabled = true (custom)
2019-10-01 14:17:55,680 [pool-37-thread-1] INFO  server.RaftServerConfigKeys (ConfUtils.java:logGet(43)) - raft.server.log.segment.size.max = 1048576 (custom)
2019-10-01 14:17:55,681 [pool-47-thread-1] INFO  server.RaftServerConfigKeys (ConfUtils.java:logGet(43)) - raft.server.log.queue.element-limit = 1024 (custom)
2019-10-01 14:17:55,681 [pool-37-thread-1] INFO  server.RaftServerConfigKeys (ConfUtils.java:logGet(43)) - raft.server.log.preallocated.size = 16384 (custom)
2019-10-01 14:17:55,681 [pool-47-thread-1] INFO  server.RaftServerConfigKeys (ConfUtils.java:logGet(43)) - raft.server.log.segment.size.max = 1048576 (custom)
2019-10-01 14:17:55,681 [pool-87-thread-1] INFO  segmented.SegmentedRaftLogWorker (SegmentedRaftLogWorker.java:lambda$new$0(132)) - 466aa3db-ea72-4dcd-95a1-963c4eca687f@group-A5520D016647-SegmentedRaftLogWorker: flushIndex: setUnconditionally 0 -> -1
2019-10-01 14:17:55,681 [pool-47-thread-1] INFO  server.RaftServerConfigKeys (ConfUtils.java:logGet(43)) - raft.server.log.preallocated.size = 16384 (custom)
2019-10-01 14:17:55,681 [pool-37-thread-1] INFO  server.RaftServerConfigKeys (ConfUtils.java:logGet(43)) - raft.server.log.write.buffer.size = 33554432 (custom)
2019-10-01 14:17:55,682 [pool-47-thread-1] INFO  server.RaftServerConfigKeys (ConfUtils.java:logGet(43)) - raft.server.log.write.buffer.size = 33554432 (custom)
2019-10-01 14:17:55,682 [pool-87-thread-1] INFO  server.RaftServerConfigKeys (ConfUtils.java:logGet(43)) - raft.server.snapshot.auto.trigger.enabled = true (custom)
2019-10-01 14:17:55,682 [pool-37-thread-1] INFO  server.RaftServerConfigKeys (ConfUtils.java:logGet(43)) - raft.server.log.force.sync.num = 128 (default)
2019-10-01 14:17:55,682 [pool-87-thread-1] INFO  server.RaftServerConfigKeys (ConfUtils.java:logGet(43)) - raft.server.snapshot.auto.trigger.threshold = 10000 (custom)
2019-10-01 14:17:55,682 [pool-47-thread-1] INFO  server.RaftServerConfigKeys (ConfUtils.java:logGet(43)) - raft.server.log.force.sync.num = 128 (default)
2019-10-01 14:17:55,682 [pool-47-thread-1] INFO  server.RaftServerConfigKeys (ConfUtils.java:logGet(43)) - raft.server.log.statemachine.data.sync = true (default)
2019-10-01 14:17:55,682 [pool-87-thread-1] INFO  server.RaftServerConfigKeys (ConfUtils.java:logGet(43)) - raft.server.snapshot.retention.num.files = 5 (custom)
2019-10-01 14:17:55,682 [pool-37-thread-1] INFO  server.RaftServerConfigKeys (ConfUtils.java:logGet(43)) - raft.server.log.statemachine.data.sync = true (default)
2019-10-01 14:17:55,683 [pool-87-thread-1] INFO  server.RaftServerConfigKeys (ConfUtils.java:logGet(43)) - raft.server.retrycache.expirytime = 600000ms (custom)
2019-10-01 14:17:55,683 [pool-47-thread-1] INFO  server.RaftServerConfigKeys (ConfUtils.java:logGet(43)) - raft.server.log.statemachine.data.sync.timeout = 10s (default)
2019-10-01 14:17:55,683 [pool-37-thread-1] INFO  server.RaftServerConfigKeys (ConfUtils.java:logGet(43)) - raft.server.log.statemachine.data.sync.timeout = 10s (default)
2019-10-01 14:17:55,683 [pool-47-thread-1] INFO  server.RaftServerConfigKeys (ConfUtils.java:logGet(43)) - raft.server.log.statemachine.data.sync.timeout.retry = -1 (default)
2019-10-01 14:17:55,683 [pool-37-thread-1] INFO  server.RaftServerConfigKeys (ConfUtils.java:logGet(43)) - raft.server.log.statemachine.data.sync.timeout.retry = -1 (default)
2019-10-01 14:17:55,683 [pool-47-thread-1] INFO  server.RaftServerConfigKeys (ConfUtils.java:logGet(43)) - raft.server.log.statemachine.data.caching.enabled = true (custom)
2019-10-01 14:17:55,683 [pool-37-thread-1] INFO  server.RaftServerConfigKeys (ConfUtils.java:logGet(43)) - raft.server.log.statemachine.data.caching.enabled = true (custom)
2019-10-01 14:17:55,684 [pool-47-thread-1] INFO  segmented.SegmentedRaftLogWorker (SegmentedRaftLogWorker.java:lambda$new$0(132)) - b5420178-9b9a-48fb-beed-521737d432b7@group-A5520D016647-SegmentedRaftLogWorker: flushIndex: setUnconditionally 0 -> -1
2019-10-01 14:17:55,684 [pool-37-thread-1] INFO  segmented.SegmentedRaftLogWorker (SegmentedRaftLogWorker.java:lambda$new$0(132)) - 65c19552-f16c-4986-8bf5-e40a8bae68e8@group-A5520D016647-SegmentedRaftLogWorker: flushIndex: setUnconditionally 0 -> -1
2019-10-01 14:17:55,684 [pool-47-thread-1] INFO  server.RaftServerConfigKeys (ConfUtils.java:logGet(43)) - raft.server.snapshot.auto.trigger.enabled = true (custom)
2019-10-01 14:17:55,684 [pool-37-thread-1] INFO  server.RaftServerConfigKeys (ConfUtils.java:logGet(43)) - raft.server.snapshot.auto.trigger.enabled = true (custom)
2019-10-01 14:17:55,684 [pool-47-thread-1] INFO  server.RaftServerConfigKeys (ConfUtils.java:logGet(43)) - raft.server.snapshot.auto.trigger.threshold = 10000 (custom)
2019-10-01 14:17:55,684 [pool-37-thread-1] INFO  server.RaftServerConfigKeys (ConfUtils.java:logGet(43)) - raft.server.snapshot.auto.trigger.threshold = 10000 (custom)
2019-10-01 14:17:55,684 [pool-47-thread-1] INFO  server.RaftServerConfigKeys (ConfUtils.java:logGet(43)) - raft.server.snapshot.retention.num.files = 5 (custom)
2019-10-01 14:17:55,685 [pool-37-thread-1] INFO  server.RaftServerConfigKeys (ConfUtils.java:logGet(43)) - raft.server.snapshot.retention.num.files = 5 (custom)
2019-10-01 14:17:55,685 [pool-47-thread-1] INFO  server.RaftServerConfigKeys (ConfUtils.java:logGet(43)) - raft.server.retrycache.expirytime = 600000ms (custom)
2019-10-01 14:17:55,685 [pool-37-thread-1] INFO  server.RaftServerConfigKeys (ConfUtils.java:logGet(43)) - raft.server.retrycache.expirytime = 600000ms (custom)
2019-10-01 14:17:55,688 [pool-87-thread-1] INFO  impl.RaftServerImpl (RaftServerImpl.java:start(185)) - 466aa3db-ea72-4dcd-95a1-963c4eca687f@group-A5520D016647: start as a follower, conf=-1: [466aa3db-ea72-4dcd-95a1-963c4eca687f:192.168.151.103:43159, 65c19552-f16c-4986-8bf5-e40a8bae68e8:192.168.151.103:45524, b5420178-9b9a-48fb-beed-521737d432b7:192.168.151.103:39141], old=null
2019-10-01 14:17:55,688 [pool-87-thread-1] INFO  impl.RaftServerImpl (RaftServerImpl.java:setRole(174)) - 466aa3db-ea72-4dcd-95a1-963c4eca687f@group-A5520D016647: changes role from      null to FOLLOWER at term 0 for startAsFollower
2019-10-01 14:17:55,688 [pool-47-thread-1] INFO  impl.RaftServerImpl (RaftServerImpl.java:start(185)) - b5420178-9b9a-48fb-beed-521737d432b7@group-A5520D016647: start as a follower, conf=-1: [466aa3db-ea72-4dcd-95a1-963c4eca687f:192.168.151.103:43159, 65c19552-f16c-4986-8bf5-e40a8bae68e8:192.168.151.103:45524, b5420178-9b9a-48fb-beed-521737d432b7:192.168.151.103:39141], old=null
2019-10-01 14:17:55,688 [pool-87-thread-1] INFO  impl.RoleInfo (RoleInfo.java:updateAndGet(143)) - 466aa3db-ea72-4dcd-95a1-963c4eca687f: start FollowerState
2019-10-01 14:17:55,688 [pool-37-thread-1] INFO  impl.RaftServerImpl (RaftServerImpl.java:start(185)) - 65c19552-f16c-4986-8bf5-e40a8bae68e8@group-A5520D016647: start as a follower, conf=-1: [466aa3db-ea72-4dcd-95a1-963c4eca687f:192.168.151.103:43159, 65c19552-f16c-4986-8bf5-e40a8bae68e8:192.168.151.103:45524, b5420178-9b9a-48fb-beed-521737d432b7:192.168.151.103:39141], old=null
2019-10-01 14:17:55,688 [pool-47-thread-1] INFO  impl.RaftServerImpl (RaftServerImpl.java:setRole(174)) - b5420178-9b9a-48fb-beed-521737d432b7@group-A5520D016647: changes role from      null to FOLLOWER at term 0 for startAsFollower
2019-10-01 14:17:55,689 [pool-37-thread-1] INFO  impl.RaftServerImpl (RaftServerImpl.java:setRole(174)) - 65c19552-f16c-4986-8bf5-e40a8bae68e8@group-A5520D016647: changes role from      null to FOLLOWER at term 0 for startAsFollower
2019-10-01 14:17:55,689 [pool-47-thread-1] INFO  impl.RoleInfo (RoleInfo.java:updateAndGet(143)) - b5420178-9b9a-48fb-beed-521737d432b7: start FollowerState
2019-10-01 14:17:55,689 [pool-37-thread-1] INFO  impl.RoleInfo (RoleInfo.java:updateAndGet(143)) - 65c19552-f16c-4986-8bf5-e40a8bae68e8: start FollowerState
2019-10-01 14:17:55,689 [pool-87-thread-1] INFO  util.JmxRegister (JmxRegister.java:tryRegister(44)) - Successfully registered JMX Bean with object name Ratis:service=RaftServer,group=group-A5520D016647,id=466aa3db-ea72-4dcd-95a1-963c4eca687f
2019-10-01 14:17:55,689 [pool-47-thread-1] INFO  util.JmxRegister (JmxRegister.java:tryRegister(44)) - Successfully registered JMX Bean with object name Ratis:service=RaftServer,group=group-A5520D016647,id=b5420178-9b9a-48fb-beed-521737d432b7
2019-10-01 14:17:55,689 [pool-37-thread-1] INFO  util.JmxRegister (JmxRegister.java:tryRegister(44)) - Successfully registered JMX Bean with object name Ratis:service=RaftServer,group=group-A5520D016647,id=65c19552-f16c-4986-8bf5-e40a8bae68e8
2019-10-01 14:17:55,695 [RatisPipelineUtilsThread] INFO  pipeline.PipelineStateManager (PipelineStateManager.java:addPipeline(56)) - Created pipeline Pipeline[ Id: 295f5532-41a2-459a-bcc8-a5520d016647, Nodes: 65c19552-f16c-4986-8bf5-e40a8bae68e8{ip: 192.168.151.103, host: pr-trunk-878pl-325597374, networkLocation: /default-rack, certSerialId: null}b5420178-9b9a-48fb-beed-521737d432b7{ip: 192.168.151.103, host: pr-trunk-878pl-325597374, networkLocation: /default-rack, certSerialId: null}466aa3db-ea72-4dcd-95a1-963c4eca687f{ip: 192.168.151.103, host: pr-trunk-878pl-325597374, networkLocation: /default-rack, certSerialId: null}, Type:RATIS, Factor:THREE, State:OPEN]
2019-10-01 14:18:00,759 [Thread-657] INFO  impl.FollowerState (FollowerState.java:run(106)) - b5420178-9b9a-48fb-beed-521737d432b7:group-A5520D016647 changes to CANDIDATE, lastRpcTime:5069, electionTimeout:5069ms
2019-10-01 14:18:00,759 [Thread-657] INFO  impl.RoleInfo (RoleInfo.java:shutdownFollowerState(121)) - b5420178-9b9a-48fb-beed-521737d432b7: shutdown FollowerState
2019-10-01 14:18:00,759 [Thread-657] INFO  impl.RaftServerImpl (RaftServerImpl.java:setRole(174)) - b5420178-9b9a-48fb-beed-521737d432b7@group-A5520D016647: changes role from  FOLLOWER to CANDIDATE at term 0 for changeToCandidate
2019-10-01 14:18:00,760 [Thread-657] INFO  impl.RoleInfo (RoleInfo.java:updateAndGet(143)) - b5420178-9b9a-48fb-beed-521737d432b7: start LeaderElection
2019-10-01 14:18:00,785 [b5420178-9b9a-48fb-beed-521737d432b7@group-A5520D016647:LeaderElection14] INFO  impl.LeaderElection (LeaderElection.java:askForVotes(182)) - b5420178-9b9a-48fb-beed-521737d432b7@group-A5520D016647:LeaderElection14: begin an election at term 1 for -1: [466aa3db-ea72-4dcd-95a1-963c4eca687f:192.168.151.103:43159, 65c19552-f16c-4986-8bf5-e40a8bae68e8:192.168.151.103:45524, b5420178-9b9a-48fb-beed-521737d432b7:192.168.151.103:39141], old=null
2019-10-01 14:18:00,797 [grpc-default-executor-5] INFO  impl.RaftServerImpl (RaftServerImpl.java:setRole(174)) - 466aa3db-ea72-4dcd-95a1-963c4eca687f@group-A5520D016647: changes role from  FOLLOWER to FOLLOWER at term 1 for recognizeCandidate:b5420178-9b9a-48fb-beed-521737d432b7
2019-10-01 14:18:00,797 [grpc-default-executor-4] INFO  impl.RaftServerImpl (RaftServerImpl.java:setRole(174)) - 65c19552-f16c-4986-8bf5-e40a8bae68e8@group-A5520D016647: changes role from  FOLLOWER to FOLLOWER at term 1 for recognizeCandidate:b5420178-9b9a-48fb-beed-521737d432b7
2019-10-01 14:18:00,798 [grpc-default-executor-5] INFO  impl.RoleInfo (RoleInfo.java:shutdownFollowerState(121)) - 466aa3db-ea72-4dcd-95a1-963c4eca687f: shutdown FollowerState
2019-10-01 14:18:00,798 [grpc-default-executor-4] INFO  impl.RoleInfo (RoleInfo.java:shutdownFollowerState(121)) - 65c19552-f16c-4986-8bf5-e40a8bae68e8: shutdown FollowerState
2019-10-01 14:18:00,798 [Thread-656] INFO  impl.FollowerState (FollowerState.java:run(115)) - 466aa3db-ea72-4dcd-95a1-963c4eca687f: FollowerState was interrupted: java.lang.InterruptedException: sleep interrupted
2019-10-01 14:18:00,798 [grpc-default-executor-5] INFO  impl.RoleInfo (RoleInfo.java:updateAndGet(143)) - 466aa3db-ea72-4dcd-95a1-963c4eca687f: start FollowerState
2019-10-01 14:18:00,798 [grpc-default-executor-4] INFO  impl.RoleInfo (RoleInfo.java:updateAndGet(143)) - 65c19552-f16c-4986-8bf5-e40a8bae68e8: start FollowerState
2019-10-01 14:18:00,812 [Thread-658] INFO  impl.FollowerState (FollowerState.java:run(115)) - 65c19552-f16c-4986-8bf5-e40a8bae68e8: FollowerState was interrupted: java.lang.InterruptedException: sleep interrupted
2019-10-01 14:18:00,839 [b5420178-9b9a-48fb-beed-521737d432b7@group-A5520D016647:LeaderElection14] INFO  impl.LeaderElection (LeaderElection.java:logAndReturn(56)) - b5420178-9b9a-48fb-beed-521737d432b7@group-A5520D016647:LeaderElection14: Election PASSED; received 1 response(s) [b5420178-9b9a-48fb-beed-521737d432b7<-65c19552-f16c-4986-8bf5-e40a8bae68e8#0:OK-t1] and 0 exception(s); b5420178-9b9a-48fb-beed-521737d432b7@group-A5520D016647:t1, leader=null, voted=b5420178-9b9a-48fb-beed-521737d432b7, raftlog=b5420178-9b9a-48fb-beed-521737d432b7@group-A5520D016647-SegmentedRaftLog:OPENED:c-1,f-1,i0, conf=-1: [466aa3db-ea72-4dcd-95a1-963c4eca687f:192.168.151.103:43159, 65c19552-f16c-4986-8bf5-e40a8bae68e8:192.168.151.103:45524, b5420178-9b9a-48fb-beed-521737d432b7:192.168.151.103:39141], old=null
2019-10-01 14:18:00,840 [b5420178-9b9a-48fb-beed-521737d432b7@group-A5520D016647:LeaderElection14] INFO  impl.RoleInfo (RoleInfo.java:shutdownLeaderElection(134)) - b5420178-9b9a-48fb-beed-521737d432b7: shutdown LeaderElection
2019-10-01 14:18:00,845 [b5420178-9b9a-48fb-beed-521737d432b7@group-A5520D016647:LeaderElection14] INFO  impl.RaftServerImpl (RaftServerImpl.java:setRole(174)) - b5420178-9b9a-48fb-beed-521737d432b7@group-A5520D016647: changes role from CANDIDATE to LEADER at term 1 for changeToLeader
2019-10-01 14:18:00,845 [b5420178-9b9a-48fb-beed-521737d432b7@group-A5520D016647:LeaderElection14] INFO  impl.RaftServerImpl (ServerState.java:setLeader(253)) - b5420178-9b9a-48fb-beed-521737d432b7@group-A5520D016647: change Leader from null to b5420178-9b9a-48fb-beed-521737d432b7 at term 1 for becomeLeader, leader elected after 5169ms
2019-10-01 14:18:00,846 [b5420178-9b9a-48fb-beed-521737d432b7@group-A5520D016647:LeaderElection14] INFO  server.RaftServerConfigKeys (ConfUtils.java:logGet(43)) - raft.server.staging.catchup.gap = 1000 (default)
2019-10-01 14:18:00,846 [b5420178-9b9a-48fb-beed-521737d432b7@group-A5520D016647:LeaderElection14] INFO  server.RaftServerConfigKeys (ConfUtils.java:logGet(43)) - raft.server.rpc.sleep.time = 25ms (default)
2019-10-01 14:18:00,846 [b5420178-9b9a-48fb-beed-521737d432b7@group-A5520D016647:LeaderElection14] INFO  server.RaftServerConfigKeys (ConfUtils.java:logGet(43)) - raft.server.write.element-limit = 4096 (default)
2019-10-01 14:18:00,847 [b5420178-9b9a-48fb-beed-521737d432b7@group-A5520D016647:LeaderElection14] INFO  server.RaftServerConfigKeys (ConfUtils.java:logGet(43)) - raft.server.watch.timeout = 10s (default)
2019-10-01 14:18:00,847 [b5420178-9b9a-48fb-beed-521737d432b7@group-A5520D016647:LeaderElection14] INFO  server.RaftServerConfigKeys (ConfUtils.java:logGet(43)) - raft.server.watch.timeout.denomination = 1s (default)
2019-10-01 14:18:00,847 [b5420178-9b9a-48fb-beed-521737d432b7@group-A5520D016647:LeaderElection14] INFO  server.RaftServerConfigKeys (ConfUtils.java:logGet(43)) - raft.server.watch.element-limit = 65536 (default)
2019-10-01 14:18:00,852 [b5420178-9b9a-48fb-beed-521737d432b7@group-A5520D016647:LeaderElection14] INFO  server.RaftServerConfigKeys (ConfUtils.java:logGet(43)) - raft.server.log.appender.snapshot.chunk.size.max = 16MB (=16777216) (default)
2019-10-01 14:18:00,852 [b5420178-9b9a-48fb-beed-521737d432b7@group-A5520D016647:LeaderElection14] INFO  server.RaftServerConfigKeys (ConfUtils.java:logGet(43)) - raft.server.log.appender.buffer.byte-limit = 33554432 (custom)
2019-10-01 14:18:00,853 [b5420178-9b9a-48fb-beed-521737d432b7@group-A5520D016647:LeaderElection14] INFO  server.RaftServerConfigKeys (ConfUtils.java:logGet(43)) - raft.server.log.appender.buffer.element-limit = 1 (custom)
2019-10-01 14:18:00,853 [b5420178-9b9a-48fb-beed-521737d432b7@group-A5520D016647:LeaderElection14] INFO  grpc.GrpcConfigKeys$Server (ConfUtils.java:logGet(43)) - raft.grpc.server.leader.outstanding.appends.max = 128 (default)
2019-10-01 14:18:00,853 [b5420178-9b9a-48fb-beed-521737d432b7@group-A5520D016647:LeaderElection14] INFO  server.RaftServerConfigKeys (ConfUtils.java:logGet(43)) - raft.server.rpc.request.timeout = 3000ms (default)
2019-10-01 14:18:00,853 [b5420178-9b9a-48fb-beed-521737d432b7@group-A5520D016647:LeaderElection14] INFO  server.RaftServerConfigKeys (ConfUtils.java:logGet(43)) - raft.server.log.appender.install.snapshot.enabled = false (custom)
2019-10-01 14:18:00,854 [b5420178-9b9a-48fb-beed-521737d432b7@group-A5520D016647:LeaderElection14] INFO  server.RaftServerConfigKeys (ConfUtils.java:logGet(43)) - raft.server.log.appender.snapshot.chunk.size.max = 16MB (=16777216) (default)
2019-10-01 14:18:00,854 [b5420178-9b9a-48fb-beed-521737d432b7@group-A5520D016647:LeaderElection14] INFO  server.RaftServerConfigKeys (ConfUtils.java:logGet(43)) - raft.server.log.appender.buffer.byte-limit = 33554432 (custom)
2019-10-01 14:18:00,854 [b5420178-9b9a-48fb-beed-521737d432b7@group-A5520D016647:LeaderElection14] INFO  server.RaftServerConfigKeys (ConfUtils.java:logGet(43)) - raft.server.log.appender.buffer.element-limit = 1 (custom)
2019-10-01 14:18:00,854 [b5420178-9b9a-48fb-beed-521737d432b7@group-A5520D016647:LeaderElection14] INFO  grpc.GrpcConfigKeys$Server (ConfUtils.java:logGet(43)) - raft.grpc.server.leader.outstanding.appends.max = 128 (default)
2019-10-01 14:18:00,855 [b5420178-9b9a-48fb-beed-521737d432b7@group-A5520D016647:LeaderElection14] INFO  server.RaftServerConfigKeys (ConfUtils.java:logGet(43)) - raft.server.rpc.request.timeout = 3000ms (default)
2019-10-01 14:18:00,855 [b5420178-9b9a-48fb-beed-521737d432b7@group-A5520D016647:LeaderElection14] INFO  server.RaftServerConfigKeys (ConfUtils.java:logGet(43)) - raft.server.log.appender.install.snapshot.enabled = false (custom)
2019-10-01 14:18:00,855 [b5420178-9b9a-48fb-beed-521737d432b7@group-A5520D016647:LeaderElection14] INFO  impl.RoleInfo (RoleInfo.java:updateAndGet(143)) - b5420178-9b9a-48fb-beed-521737d432b7: start LeaderState
2019-10-01 14:18:00,856 [b5420178-9b9a-48fb-beed-521737d432b7@group-A5520D016647:LeaderElection14] INFO  segmented.SegmentedRaftLogWorker (SegmentedRaftLogWorker.java:startLogSegment(380)) - b5420178-9b9a-48fb-beed-521737d432b7@group-A5520D016647-SegmentedRaftLogWorker: Starting segment from index:0
2019-10-01 14:18:00,857 [b5420178-9b9a-48fb-beed-521737d432b7@group-A5520D016647:LeaderElection14] INFO  impl.RaftServerImpl (ServerState.java:setRaftConf(354)) - b5420178-9b9a-48fb-beed-521737d432b7@group-A5520D016647: set configuration 0: [466aa3db-ea72-4dcd-95a1-963c4eca687f:192.168.151.103:43159, 65c19552-f16c-4986-8bf5-e40a8bae68e8:192.168.151.103:45524, b5420178-9b9a-48fb-beed-521737d432b7:192.168.151.103:39141], old=null at 0
2019-10-01 14:18:00,899 [grpc-default-executor-4] INFO  impl.RaftServerImpl (ServerState.java:setLeader(253)) - 466aa3db-ea72-4dcd-95a1-963c4eca687f@group-A5520D016647: change Leader from null to b5420178-9b9a-48fb-beed-521737d432b7 at term 1 for appendEntries, leader elected after 5223ms
2019-10-01 14:18:00,907 [b5420178-9b9a-48fb-beed-521737d432b7@group-A5520D016647-SegmentedRaftLogWorker] INFO  segmented.SegmentedRaftLogWorker (SegmentedRaftLogWorker.java:execute(569)) - b5420178-9b9a-48fb-beed-521737d432b7@group-A5520D016647-SegmentedRaftLogWorker: created new log segment /workdir/hadoop-ozone/integration-test/target/test-dir/MiniOzoneClusterImpl-0c299cea-4044-47dd-bdd4-f5c3153bf6dc/datanode-2/data/ratis/295f5532-41a2-459a-bcc8-a5520d016647/current/log_inprogress_0
2019-10-01 14:18:00,912 [grpc-default-executor-5] INFO  impl.RaftServerImpl (ServerState.java:setLeader(253)) - 65c19552-f16c-4986-8bf5-e40a8bae68e8@group-A5520D016647: change Leader from null to b5420178-9b9a-48fb-beed-521737d432b7 at term 1 for appendEntries, leader elected after 5237ms
2019-10-01 14:18:00,915 [grpc-default-executor-5] INFO  impl.RaftServerImpl (ServerState.java:setRaftConf(354)) - 466aa3db-ea72-4dcd-95a1-963c4eca687f@group-A5520D016647: set configuration 0: [466aa3db-ea72-4dcd-95a1-963c4eca687f:192.168.151.103:43159, 65c19552-f16c-4986-8bf5-e40a8bae68e8:192.168.151.103:45524, b5420178-9b9a-48fb-beed-521737d432b7:192.168.151.103:39141], old=null at 0
2019-10-01 14:18:00,916 [grpc-default-executor-5] INFO  segmented.SegmentedRaftLogWorker (SegmentedRaftLogWorker.java:startLogSegment(380)) - 466aa3db-ea72-4dcd-95a1-963c4eca687f@group-A5520D016647-SegmentedRaftLogWorker: Starting segment from index:0
2019-10-01 14:18:00,916 [grpc-default-executor-4] INFO  impl.RaftServerImpl (ServerState.java:setRaftConf(354)) - 65c19552-f16c-4986-8bf5-e40a8bae68e8@group-A5520D016647: set configuration 0: [466aa3db-ea72-4dcd-95a1-963c4eca687f:192.168.151.103:43159, 65c19552-f16c-4986-8bf5-e40a8bae68e8:192.168.151.103:45524, b5420178-9b9a-48fb-beed-521737d432b7:192.168.151.103:39141], old=null at 0
2019-10-01 14:18:00,916 [grpc-default-executor-4] INFO  segmented.SegmentedRaftLogWorker (SegmentedRaftLogWorker.java:startLogSegment(380)) - 65c19552-f16c-4986-8bf5-e40a8bae68e8@group-A5520D016647-SegmentedRaftLogWorker: Starting segment from index:0
2019-10-01 14:18:00,965 [466aa3db-ea72-4dcd-95a1-963c4eca687f@group-A5520D016647-SegmentedRaftLogWorker] INFO  segmented.SegmentedRaftLogWorker (SegmentedRaftLogWorker.java:execute(569)) - 466aa3db-ea72-4dcd-95a1-963c4eca687f@group-A5520D016647-SegmentedRaftLogWorker: created new log segment /workdir/hadoop-ozone/integration-test/target/test-dir/MiniOzoneClusterImpl-0c299cea-4044-47dd-bdd4-f5c3153bf6dc/datanode-6/data/ratis/295f5532-41a2-459a-bcc8-a5520d016647/current/log_inprogress_0
2019-10-01 14:18:00,965 [65c19552-f16c-4986-8bf5-e40a8bae68e8@group-A5520D016647-SegmentedRaftLogWorker] INFO  segmented.SegmentedRaftLogWorker (SegmentedRaftLogWorker.java:execute(569)) - 65c19552-f16c-4986-8bf5-e40a8bae68e8@group-A5520D016647-SegmentedRaftLogWorker: created new log segment /workdir/hadoop-ozone/integration-test/target/test-dir/MiniOzoneClusterImpl-0c299cea-4044-47dd-bdd4-f5c3153bf6dc/datanode-1/data/ratis/295f5532-41a2-459a-bcc8-a5520d016647/current/log_inprogress_0
2019-10-01 14:18:20,521 [grpc-default-executor-1] INFO  impl.RaftServerProxy (RaftServerProxy.java:remove(95)) - 65c19552-f16c-4986-8bf5-e40a8bae68e8: remove    LEADER 65c19552-f16c-4986-8bf5-e40a8bae68e8@group-D4E72FAA24DC:t1, leader=65c19552-f16c-4986-8bf5-e40a8bae68e8, voted=65c19552-f16c-4986-8bf5-e40a8bae68e8, raftlog=65c19552-f16c-4986-8bf5-e40a8bae68e8@group-D4E72FAA24DC-SegmentedRaftLog:OPENED:c0,f0,i2, conf=0: [466aa3db-ea72-4dcd-95a1-963c4eca687f:192.168.151.103:43159, 65c19552-f16c-4986-8bf5-e40a8bae68e8:192.168.151.103:45524, b5420178-9b9a-48fb-beed-521737d432b7:192.168.151.103:39141], old=null RUNNING
2019-10-01 14:18:20,522 [grpc-default-executor-1] INFO  impl.RaftServerImpl (RaftServerImpl.java:lambda$shutdown$3(251)) - 65c19552-f16c-4986-8bf5-e40a8bae68e8@group-D4E72FAA24DC: shutdown
2019-10-01 14:18:20,523 [grpc-default-executor-1] INFO  util.JmxRegister (JmxRegister.java:unregister(73)) - Successfully un-registered JMX Bean with object name Ratis:service=RaftServer,group=group-D4E72FAA24DC,id=65c19552-f16c-4986-8bf5-e40a8bae68e8
2019-10-01 14:18:20,523 [grpc-default-executor-1] INFO  impl.RoleInfo (RoleInfo.java:shutdownLeaderState(104)) - 65c19552-f16c-4986-8bf5-e40a8bae68e8: shutdown LeaderState
2019-10-01 14:18:20,527 [grpc-default-executor-1] INFO  impl.PendingRequests (PendingRequests.java:sendNotLeaderResponses(202)) - 65c19552-f16c-4986-8bf5-e40a8bae68e8-PendingRequests: sendNotLeaderResponses
2019-10-01 14:18:20,530 [org.apache.ratis.server.impl.LogAppender$AppenderDaemon$$Lambda$479/1405083497@3de27e56] WARN  server.GrpcLogAppender (GrpcLogAppender.java:mayWait(143)) - 65c19552-f16c-4986-8bf5-e40a8bae68e8@group-D4E72FAA24DC->466aa3db-ea72-4dcd-95a1-963c4eca687f-GrpcLogAppender: Wait interrupted by java.lang.InterruptedException
2019-10-01 14:18:20,530 [org.apache.ratis.server.impl.LogAppender$AppenderDaemon$$Lambda$479/1405083497@b6e27c0] WARN  server.GrpcLogAppender (GrpcLogAppender.java:mayWait(143)) - 65c19552-f16c-4986-8bf5-e40a8bae68e8@group-D4E72FAA24DC->b5420178-9b9a-48fb-beed-521737d432b7-GrpcLogAppender: Wait interrupted by java.lang.InterruptedException
2019-10-01 14:18:20,533 [grpc-default-executor-4] INFO  server.GrpcServerProtocolService (GrpcServerProtocolService.java:onCompleted(113)) - 466aa3db-ea72-4dcd-95a1-963c4eca687f: Completed APPEND_ENTRIES, lastRequest: 65c19552-f16c-4986-8bf5-e40a8bae68e8->466aa3db-ea72-4dcd-95a1-963c4eca687f#29-t1, previous=(t:1, i:2), leaderCommit=0, initializing? false, entries: <empty>
2019-10-01 14:18:20,533 [grpc-default-executor-5] INFO  server.GrpcServerProtocolService (GrpcServerProtocolService.java:onCompleted(113)) - b5420178-9b9a-48fb-beed-521737d432b7: Completed APPEND_ENTRIES, lastRequest: 65c19552-f16c-4986-8bf5-e40a8bae68e8->b5420178-9b9a-48fb-beed-521737d432b7#29-t1, previous=(t:1, i:2), leaderCommit=0, initializing? false, entries: <empty>
2019-10-01 14:18:20,536 [grpc-default-executor-1] INFO  impl.StateMachineUpdater (StateMachineUpdater.java:stopAndJoin(125)) - 65c19552-f16c-4986-8bf5-e40a8bae68e8@group-D4E72FAA24DC-StateMachineUpdater: set stopIndex = 0
2019-10-01 14:18:20,537 [grpc-default-executor-4] INFO  server.GrpcLogAppender (GrpcLogAppender.java:onCompleted(293)) - 65c19552-f16c-4986-8bf5-e40a8bae68e8@group-D4E72FAA24DC->466aa3db-ea72-4dcd-95a1-963c4eca687f-AppendLogResponseHandler: follower responses appendEntries COMPLETED
2019-10-01 14:18:20,542 [grpc-default-executor-5] INFO  server.GrpcLogAppender (GrpcLogAppender.java:onCompleted(293)) - 65c19552-f16c-4986-8bf5-e40a8bae68e8@group-D4E72FAA24DC->b5420178-9b9a-48fb-beed-521737d432b7-AppendLogResponseHandler: follower responses appendEntries COMPLETED
2019-10-01 14:18:20,542 [grpc-default-executor-1] INFO  impl.RaftServerImpl (ServerState.java:close(385)) - 65c19552-f16c-4986-8bf5-e40a8bae68e8@group-D4E72FAA24DC: closes. applyIndex: 0
2019-10-01 14:18:20,542 [grpc-default-executor-4] INFO  impl.FollowerInfo (FollowerInfo.java:lambda$new$0(51)) - 65c19552-f16c-4986-8bf5-e40a8bae68e8@group-D4E72FAA24DC->466aa3db-ea72-4dcd-95a1-963c4eca687f: nextIndex: updateUnconditionally 3 -> 2
2019-10-01 14:18:20,542 [grpc-default-executor-5] INFO  impl.FollowerInfo (FollowerInfo.java:lambda$new$0(51)) - 65c19552-f16c-4986-8bf5-e40a8bae68e8@group-D4E72FAA24DC->b5420178-9b9a-48fb-beed-521737d432b7: nextIndex: updateUnconditionally 3 -> 2
2019-10-01 14:18:20,545 [65c19552-f16c-4986-8bf5-e40a8bae68e8@group-D4E72FAA24DC-SegmentedRaftLogWorker] INFO  segmented.SegmentedRaftLogWorker (SegmentedRaftLogWorker.java:run(313)) - 65c19552-f16c-4986-8bf5-e40a8bae68e8@group-D4E72FAA24DC-SegmentedRaftLogWorker was interrupted, exiting. There are 0 tasks remaining in the queue.
2019-10-01 14:18:20,553 [grpc-default-executor-1] INFO  segmented.SegmentedRaftLogWorker (SegmentedRaftLogWorker.java:close(228)) - 65c19552-f16c-4986-8bf5-e40a8bae68e8@group-D4E72FAA24DC-SegmentedRaftLogWorker close()
2019-10-01 14:18:20,568 [grpc-default-executor-1] INFO  impl.RaftServerProxy (RaftServerProxy.java:remove(95)) - b5420178-9b9a-48fb-beed-521737d432b7: remove  FOLLOWER b5420178-9b9a-48fb-beed-521737d432b7@group-D4E72FAA24DC:t1, leader=65c19552-f16c-4986-8bf5-e40a8bae68e8, voted=b5420178-9b9a-48fb-beed-521737d432b7, raftlog=b5420178-9b9a-48fb-beed-521737d432b7@group-D4E72FAA24DC-SegmentedRaftLog:OPENED:c0,f2,i2, conf=0: [466aa3db-ea72-4dcd-95a1-963c4eca687f:192.168.151.103:43159, 65c19552-f16c-4986-8bf5-e40a8bae68e8:192.168.151.103:45524, b5420178-9b9a-48fb-beed-521737d432b7:192.168.151.103:39141], old=null RUNNING
2019-10-01 14:18:20,568 [grpc-default-executor-1] INFO  impl.RaftServerImpl (RaftServerImpl.java:lambda$shutdown$3(251)) - b5420178-9b9a-48fb-beed-521737d432b7@group-D4E72FAA24DC: shutdown
2019-10-01 14:18:20,569 [grpc-default-executor-1] INFO  util.JmxRegister (JmxRegister.java:unregister(73)) - Successfully un-registered JMX Bean with object name Ratis:service=RaftServer,group=group-D4E72FAA24DC,id=b5420178-9b9a-48fb-beed-521737d432b7
2019-10-01 14:18:20,569 [grpc-default-executor-1] INFO  impl.RoleInfo (RoleInfo.java:shutdownFollowerState(121)) - b5420178-9b9a-48fb-beed-521737d432b7: shutdown FollowerState
2019-10-01 14:18:20,569 [grpc-default-executor-1] INFO  impl.StateMachineUpdater (StateMachineUpdater.java:stopAndJoin(125)) - b5420178-9b9a-48fb-beed-521737d432b7@group-D4E72FAA24DC-StateMachineUpdater: set stopIndex = 0
2019-10-01 14:18:20,569 [Thread-547] INFO  impl.FollowerState (FollowerState.java:run(115)) - b5420178-9b9a-48fb-beed-521737d432b7: FollowerState was interrupted: java.lang.InterruptedException: sleep interrupted
2019-10-01 14:18:20,571 [grpc-default-executor-1] INFO  impl.RaftServerImpl (ServerState.java:close(385)) - b5420178-9b9a-48fb-beed-521737d432b7@group-D4E72FAA24DC: closes. applyIndex: 0
2019-10-01 14:18:20,571 [b5420178-9b9a-48fb-beed-521737d432b7@group-D4E72FAA24DC-SegmentedRaftLogWorker] INFO  segmented.SegmentedRaftLogWorker (SegmentedRaftLogWorker.java:run(313)) - b5420178-9b9a-48fb-beed-521737d432b7@group-D4E72FAA24DC-SegmentedRaftLogWorker was interrupted, exiting. There are 0 tasks remaining in the queue.
2019-10-01 14:18:20,573 [grpc-default-executor-1] INFO  segmented.SegmentedRaftLogWorker (SegmentedRaftLogWorker.java:close(228)) - b5420178-9b9a-48fb-beed-521737d432b7@group-D4E72FAA24DC-SegmentedRaftLogWorker close()
2019-10-01 14:18:20,648 [grpc-default-executor-1] INFO  interfaces.Container (KeyValueContainer.java:flushAndSyncDB(386)) - Container 2 is synced with bcsId 0.
2019-10-01 14:18:20,649 [grpc-default-executor-1] INFO  interfaces.Container (KeyValueContainer.java:flushAndSyncDB(386)) - Container 2 is synced with bcsId 0.
2019-10-01 14:18:20,668 [EventQueue-IncrementalContainerReportForIncrementalContainerReportHandler] INFO  container.IncrementalContainerReportHandler (AbstractContainerReportHandler.java:updateContainerState(169)) - Moving container #2 to QUASI_CLOSED state, datanode b5420178-9b9a-48fb-beed-521737d432b7{ip: 192.168.151.103, host: pr-trunk-878pl-325597374, networkLocation: /default-rack, certSerialId: null} reported QUASI_CLOSED replica.
2019-10-01 14:18:20,673 [grpc-default-executor-1] INFO  impl.RaftServerProxy (RaftServerProxy.java:remove(95)) - 466aa3db-ea72-4dcd-95a1-963c4eca687f: remove  FOLLOWER 466aa3db-ea72-4dcd-95a1-963c4eca687f@group-D4E72FAA24DC:t1, leader=65c19552-f16c-4986-8bf5-e40a8bae68e8, voted=65c19552-f16c-4986-8bf5-e40a8bae68e8, raftlog=466aa3db-ea72-4dcd-95a1-963c4eca687f@group-D4E72FAA24DC-SegmentedRaftLog:OPENED:c0,f2,i2, conf=0: [466aa3db-ea72-4dcd-95a1-963c4eca687f:192.168.151.103:43159, 65c19552-f16c-4986-8bf5-e40a8bae68e8:192.168.151.103:45524, b5420178-9b9a-48fb-beed-521737d432b7:192.168.151.103:39141], old=null RUNNING
2019-10-01 14:18:20,673 [grpc-default-executor-1] INFO  impl.RaftServerImpl (RaftServerImpl.java:lambda$shutdown$3(251)) - 466aa3db-ea72-4dcd-95a1-963c4eca687f@group-D4E72FAA24DC: shutdown
2019-10-01 14:18:20,673 [grpc-default-executor-1] INFO  util.JmxRegister (JmxRegister.java:unregister(73)) - Successfully un-registered JMX Bean with object name Ratis:service=RaftServer,group=group-D4E72FAA24DC,id=466aa3db-ea72-4dcd-95a1-963c4eca687f
2019-10-01 14:18:20,673 [grpc-default-executor-1] INFO  impl.RoleInfo (RoleInfo.java:shutdownFollowerState(121)) - 466aa3db-ea72-4dcd-95a1-963c4eca687f: shutdown FollowerState
2019-10-01 14:18:20,674 [grpc-default-executor-1] INFO  impl.StateMachineUpdater (StateMachineUpdater.java:stopAndJoin(125)) - 466aa3db-ea72-4dcd-95a1-963c4eca687f@group-D4E72FAA24DC-StateMachineUpdater: set stopIndex = 0
2019-10-01 14:18:20,674 [Thread-538] INFO  impl.FollowerState (FollowerState.java:run(115)) - 466aa3db-ea72-4dcd-95a1-963c4eca687f: FollowerState was interrupted: java.lang.InterruptedException: sleep interrupted
2019-10-01 14:18:20,675 [grpc-default-executor-1] INFO  impl.RaftServerImpl (ServerState.java:close(385)) - 466aa3db-ea72-4dcd-95a1-963c4eca687f@group-D4E72FAA24DC: closes. applyIndex: 0
2019-10-01 14:18:20,676 [466aa3db-ea72-4dcd-95a1-963c4eca687f@group-D4E72FAA24DC-SegmentedRaftLogWorker] INFO  segmented.SegmentedRaftLogWorker (SegmentedRaftLogWorker.java:run(313)) - 466aa3db-ea72-4dcd-95a1-963c4eca687f@group-D4E72FAA24DC-SegmentedRaftLogWorker was interrupted, exiting. There are 0 tasks remaining in the queue.
2019-10-01 14:18:20,677 [grpc-default-executor-1] INFO  segmented.SegmentedRaftLogWorker (SegmentedRaftLogWorker.java:close(228)) - 466aa3db-ea72-4dcd-95a1-963c4eca687f@group-D4E72FAA24DC-SegmentedRaftLogWorker close()
2019-10-01 14:18:20,724 [grpc-default-executor-1] INFO  interfaces.Container (KeyValueContainer.java:flushAndSyncDB(386)) - Container 2 is synced with bcsId 0.
2019-10-01 14:18:20,724 [grpc-default-executor-1] INFO  interfaces.Container (KeyValueContainer.java:flushAndSyncDB(386)) - Container 2 is synced with bcsId 0.
2019-10-01 14:18:20,743 [RatisPipelineUtilsThread] INFO  pipeline.PipelineStateManager (PipelineStateManager.java:removePipeline(108)) - Pipeline Pipeline[ Id: 2bec6a65-fedb-4773-b29d-d4e72faa24dc, Nodes: 65c19552-f16c-4986-8bf5-e40a8bae68e8{ip: 192.168.151.103, host: pr-trunk-878pl-325597374, networkLocation: /default-rack, certSerialId: null}b5420178-9b9a-48fb-beed-521737d432b7{ip: 192.168.151.103, host: pr-trunk-878pl-325597374, networkLocation: /default-rack, certSerialId: null}466aa3db-ea72-4dcd-95a1-963c4eca687f{ip: 192.168.151.103, host: pr-trunk-878pl-325597374, networkLocation: /default-rack, certSerialId: null}, Type:RATIS, Factor:THREE, State:CLOSED] removed from db
2019-10-01 14:18:20,762 [grpc-default-executor-1] INFO  impl.RaftServerProxy (RaftServerProxy.java:remove(95)) - 65c19552-f16c-4986-8bf5-e40a8bae68e8: remove group-D4E72FAA24DC:null
2019-10-01 14:18:20,774 [RatisPipelineUtilsThread] WARN  pipeline.RatisPipelineUtils (RatisPipelineUtils.java:destroyPipeline(67)) - Pipeline destroy failed for pipeline=PipelineID=2bec6a65-fedb-4773-b29d-d4e72faa24dc dn=65c19552-f16c-4986-8bf5-e40a8bae68e8{ip: 192.168.151.103, host: pr-trunk-878pl-325597374, networkLocation: /default-rack, certSerialId: null}
2019-10-01 14:18:20,782 [grpc-default-executor-1] INFO  impl.RaftServerProxy (RaftServerProxy.java:remove(95)) - b5420178-9b9a-48fb-beed-521737d432b7: remove group-D4E72FAA24DC:null
2019-10-01 14:18:20,790 [RatisPipelineUtilsThread] WARN  pipeline.RatisPipelineUtils (RatisPipelineUtils.java:destroyPipeline(67)) - Pipeline destroy failed for pipeline=PipelineID=2bec6a65-fedb-4773-b29d-d4e72faa24dc dn=b5420178-9b9a-48fb-beed-521737d432b7{ip: 192.168.151.103, host: pr-trunk-878pl-325597374, networkLocation: /default-rack, certSerialId: null}
2019-10-01 14:18:20,795 [grpc-default-executor-1] INFO  impl.RaftServerProxy (RaftServerProxy.java:remove(95)) - 466aa3db-ea72-4dcd-95a1-963c4eca687f: remove group-D4E72FAA24DC:null
2019-10-01 14:18:20,802 [RatisPipelineUtilsThread] WARN  pipeline.RatisPipelineUtils (RatisPipelineUtils.java:destroyPipeline(67)) - Pipeline destroy failed for pipeline=PipelineID=2bec6a65-fedb-4773-b29d-d4e72faa24dc dn=466aa3db-ea72-4dcd-95a1-963c4eca687f{ip: 192.168.151.103, host: pr-trunk-878pl-325597374, networkLocation: /default-rack, certSerialId: null}
2019-10-01 14:18:20,808 [RatisPipelineUtilsThread] ERROR pipeline.SCMPipelineManager (Scheduler.java:lambda$schedule$1(70)) - Destroy pipeline failed for pipeline:Pipeline[ Id: 2bec6a65-fedb-4773-b29d-d4e72faa24dc, Nodes: 65c19552-f16c-4986-8bf5-e40a8bae68e8{ip: 192.168.151.103, host: pr-trunk-878pl-325597374, networkLocation: /default-rack, certSerialId: null}b5420178-9b9a-48fb-beed-521737d432b7{ip: 192.168.151.103, host: pr-trunk-878pl-325597374, networkLocation: /default-rack, certSerialId: null}466aa3db-ea72-4dcd-95a1-963c4eca687f{ip: 192.168.151.103, host: pr-trunk-878pl-325597374, networkLocation: /default-rack, certSerialId: null}, Type:RATIS, Factor:THREE, State:CLOSED]
org.apache.hadoop.hdds.scm.pipeline.PipelineNotFoundException: PipelineID=2bec6a65-fedb-4773-b29d-d4e72faa24dc not found
	at org.apache.hadoop.hdds.scm.pipeline.PipelineStateMap.getPipeline(PipelineStateMap.java:132)
	at org.apache.hadoop.hdds.scm.pipeline.PipelineStateMap.removePipeline(PipelineStateMap.java:322)
	at org.apache.hadoop.hdds.scm.pipeline.PipelineStateManager.removePipeline(PipelineStateManager.java:107)
	at org.apache.hadoop.hdds.scm.pipeline.SCMPipelineManager.removePipeline(SCMPipelineManager.java:427)
	at org.apache.hadoop.hdds.scm.pipeline.SCMPipelineManager.destroyPipeline(SCMPipelineManager.java:413)
	at org.apache.hadoop.hdds.scm.pipeline.SCMPipelineManager.lambda$finalizeAndDestroyPipeline$0(SCMPipelineManager.java:322)
	at org.apache.hadoop.hdds.utils.Scheduler.lambda$schedule$1(Scheduler.java:68)
	at java.util.concurrent.Executors$RunnableAdapter.call(Executors.java:511)
	at java.util.concurrent.FutureTask.run(FutureTask.java:266)
	at java.util.concurrent.ScheduledThreadPoolExecutor$ScheduledFutureTask.access$201(ScheduledThreadPoolExecutor.java:180)
	at java.util.concurrent.ScheduledThreadPoolExecutor$ScheduledFutureTask.run(ScheduledThreadPoolExecutor.java:293)
	at java.util.concurrent.ThreadPoolExecutor.runWorker(ThreadPoolExecutor.java:1149)
	at java.util.concurrent.ThreadPoolExecutor$Worker.run(ThreadPoolExecutor.java:624)
	at java.lang.Thread.run(Thread.java:748)
]]></system-out>
  </testcase>
</testsuite>