<?xml version="1.0" encoding="UTF-8"?>
<testsuite xmlns:xsi="http://www.w3.org/2001/XMLSchema-instance" xsi:noNamespaceSchemaLocation="https://maven.apache.org/surefire/maven-surefire-plugin/xsd/surefire-test-report.xsd" name="org.apache.hadoop.ozone.client.rpc.TestBlockOutputStreamWithFailures" time="738.606" tests="8" errors="0" skipped="0" failures="2">
  <properties>
    <property name="awt.toolkit" value="sun.awt.X11.XToolkit"/>
    <property name="file.encoding.pkg" value="sun.io"/>
    <property name="java.specification.version" value="1.8"/>
    <property name="sun.cpu.isalist" value=""/>
    <property name="sun.jnu.encoding" value="UTF-8"/>
    <property name="java.class.path" value="/workdir/hadoop-ozone/integration-test/target/test-classes:/workdir/hadoop-ozone/integration-test/target/classes:/home/user/.m2/repository/org/apache/hadoop/hadoop-ozone-common/0.5.0-SNAPSHOT/hadoop-ozone-common-0.5.0-SNAPSHOT.jar:/home/user/.m2/repository/org/apache/commons/commons-compress/1.4.1/commons-compress-1.4.1.jar:/home/user/.m2/repository/org/tukaani/xz/1.0/xz-1.0.jar:/home/user/.m2/repository/org/apache/hadoop/hadoop-common/3.2.0/hadoop-common-3.2.0.jar:/home/user/.m2/repository/org/apache/hadoop/hadoop-hdfs/3.2.0/hadoop-hdfs-3.2.0.jar:/home/user/.m2/repository/org/apache/hadoop/hadoop-hdfs-client/3.2.0/hadoop-hdfs-client-3.2.0.jar:/home/user/.m2/repository/com/fasterxml/jackson/core/jackson-annotations/2.9.9/jackson-annotations-2.9.9.jar:/home/user/.m2/repository/org/apache/hadoop/hadoop-hdds-common/0.5.0-SNAPSHOT/hadoop-hdds-common-0.5.0-SNAPSHOT.jar:/home/user/.m2/repository/javax/annotation/javax.annotation-api/1.2/javax.annotation-api-1.2.jar:/home/user/.m2/repository/org/apache/ratis/ratis-server/0.4.0/ratis-server-0.4.0.jar:/home/user/.m2/repository/org/apache/ratis/ratis-thirdparty-misc/0.2.0/ratis-thirdparty-misc-0.2.0.jar:/home/user/.m2/repository/org/apache/ratis/ratis-proto/0.4.0/ratis-proto-0.4.0.jar:/home/user/.m2/repository/org/apache/ratis/ratis-common/0.4.0/ratis-common-0.4.0.jar:/home/user/.m2/repository/org/apache/ratis/ratis-client/0.4.0/ratis-client-0.4.0.jar:/home/user/.m2/repository/org/apache/ratis/ratis-metrics/0.4.0/ratis-metrics-0.4.0.jar:/home/user/.m2/repository/com/github/joshelser/dropwizard-metrics-hadoop-metrics2-reporter/0.1.2/dropwizard-metrics-hadoop-metrics2-reporter-0.1.2.jar:/home/user/.m2/repository/io/dropwizard/metrics/metrics-jvm/3.2.5/metrics-jvm-3.2.5.jar:/home/user/.m2/repository/io/dropwizard/metrics/metrics-ganglia/3.2.5/metrics-ganglia-3.2.5.jar:/home/user/.m2/repository/info/ganglia/gmetric4j/gmetric4j/1.0.7/gmetric4j-1.0.7.jar:/home/user/.m2/repository/org/apache/ratis/ratis-netty/0.4.0/ratis-netty-0.4.0.jar:/home/user/.m2/repository/org/apache/ratis/ratis-grpc/0.4.0/ratis-grpc-0.4.0.jar:/home/user/.m2/repository/org/rocksdb/rocksdbjni/6.0.1/rocksdbjni-6.0.1.jar:/home/user/.m2/repository/org/apache/logging/log4j/log4j-api/2.11.0/log4j-api-2.11.0.jar:/home/user/.m2/repository/org/apache/logging/log4j/log4j-core/2.11.0/log4j-core-2.11.0.jar:/home/user/.m2/repository/com/lmax/disruptor/3.4.2/disruptor-3.4.2.jar:/home/user/.m2/repository/org/apache/commons/commons-pool2/2.6.0/commons-pool2-2.6.0.jar:/home/user/.m2/repository/org/bouncycastle/bcpkix-jdk15on/1.60/bcpkix-jdk15on-1.60.jar:/home/user/.m2/repository/commons-validator/commons-validator/1.6/commons-validator-1.6.jar:/home/user/.m2/repository/commons-digester/commons-digester/1.8.1/commons-digester-1.8.1.jar:/home/user/.m2/repository/io/jaegertracing/jaeger-client/0.34.0/jaeger-client-0.34.0.jar:/home/user/.m2/repository/io/jaegertracing/jaeger-thrift/0.34.0/jaeger-thrift-0.34.0.jar:/home/user/.m2/repository/org/apache/thrift/libthrift/0.12.0/libthrift-0.12.0.jar:/home/user/.m2/repository/com/squareup/okhttp3/okhttp/3.9.0/okhttp-3.9.0.jar:/home/user/.m2/repository/com/squareup/okio/okio/1.13.0/okio-1.13.0.jar:/home/user/.m2/repository/io/jaegertracing/jaeger-core/0.34.0/jaeger-core-0.34.0.jar:/home/user/.m2/repository/io/jaegertracing/jaeger-tracerresolver/0.34.0/jaeger-tracerresolver-0.34.0.jar:/home/user/.m2/repository/io/opentracing/contrib/opentracing-tracerresolver/0.1.5/opentracing-tracerresolver-0.1.5.jar:/home/user/.m2/repository/io/opentracing/opentracing-util/0.31.0/opentracing-util-0.31.0.jar:/home/user/.m2/repository/io/opentracing/opentracing-api/0.31.0/opentracing-api-0.31.0.jar:/home/user/.m2/repository/io/opentracing/opentracing-noop/0.31.0/opentracing-noop-0.31.0.jar:/home/user/.m2/repository/org/apache/hadoop/hadoop-hdds-server-framework/0.5.0-SNAPSHOT/hadoop-hdds-server-framework-0.5.0-SNAPSHOT.jar:/home/user/.m2/repository/org/apache/hadoop/hadoop-hdds-container-service/0.5.0-SNAPSHOT/hadoop-hdds-container-service-0.5.0-SNAPSHOT.jar:/home/user/.m2/repository/org/apache/hadoop/hadoop-hdds-client/0.5.0-SNAPSHOT/hadoop-hdds-client-0.5.0-SNAPSHOT.jar:/home/user/.m2/repository/org/apache/hadoop/hadoop-hdds-tools/0.5.0-SNAPSHOT/hadoop-hdds-tools-0.5.0-SNAPSHOT.jar:/home/user/.m2/repository/org/apache/hadoop/hadoop-hdds-server-scm/0.5.0-SNAPSHOT/hadoop-hdds-server-scm-0.5.0-SNAPSHOT.jar:/home/user/.m2/repository/org/apache/hadoop/hadoop-hdds-docs/0.5.0-SNAPSHOT/hadoop-hdds-docs-0.5.0-SNAPSHOT.jar:/home/user/.m2/repository/io/dropwizard/metrics/metrics-core/3.2.4/metrics-core-3.2.4.jar:/home/user/.m2/repository/org/hamcrest/hamcrest-all/1.3/hamcrest-all-1.3.jar:/home/user/.m2/repository/org/bouncycastle/bcprov-jdk15on/1.60/bcprov-jdk15on-1.60.jar:/home/user/.m2/repository/info/picocli/picocli/3.9.6/picocli-3.9.6.jar:/home/user/.m2/repository/com/google/protobuf/protobuf-java/2.5.0/protobuf-java-2.5.0.jar:/home/user/.m2/repository/com/google/guava/guava/11.0.2/guava-11.0.2.jar:/home/user/.m2/repository/org/apache/hadoop/hadoop-ozone-ozone-manager/0.5.0-SNAPSHOT/hadoop-ozone-ozone-manager-0.5.0-SNAPSHOT.jar:/home/user/.m2/repository/org/apache/hadoop/hadoop-minikdc/3.2.0/hadoop-minikdc-3.2.0.jar:/home/user/.m2/repository/commons-io/commons-io/2.5/commons-io-2.5.jar:/home/user/.m2/repository/org/apache/kerby/kerb-simplekdc/1.0.1/kerb-simplekdc-1.0.1.jar:/home/user/.m2/repository/org/apache/kerby/kerb-client/1.0.1/kerb-client-1.0.1.jar:/home/user/.m2/repository/org/apache/kerby/kerby-config/1.0.1/kerby-config-1.0.1.jar:/home/user/.m2/repository/org/apache/kerby/kerb-core/1.0.1/kerb-core-1.0.1.jar:/home/user/.m2/repository/org/apache/kerby/kerby-pkix/1.0.1/kerby-pkix-1.0.1.jar:/home/user/.m2/repository/org/apache/kerby/kerby-asn1/1.0.1/kerby-asn1-1.0.1.jar:/home/user/.m2/repository/org/apache/kerby/kerby-util/1.0.1/kerby-util-1.0.1.jar:/home/user/.m2/repository/org/apache/kerby/kerb-common/1.0.1/kerb-common-1.0.1.jar:/home/user/.m2/repository/org/apache/kerby/kerb-crypto/1.0.1/kerb-crypto-1.0.1.jar:/home/user/.m2/repository/org/apache/kerby/kerb-util/1.0.1/kerb-util-1.0.1.jar:/home/user/.m2/repository/org/apache/kerby/token-provider/1.0.1/token-provider-1.0.1.jar:/home/user/.m2/repository/org/apache/kerby/kerb-admin/1.0.1/kerb-admin-1.0.1.jar:/home/user/.m2/repository/org/apache/kerby/kerb-server/1.0.1/kerb-server-1.0.1.jar:/home/user/.m2/repository/org/apache/kerby/kerb-identity/1.0.1/kerb-identity-1.0.1.jar:/home/user/.m2/repository/org/apache/kerby/kerby-xdr/1.0.1/kerby-xdr-1.0.1.jar:/home/user/.m2/repository/org/slf4j/slf4j-log4j12/1.7.25/slf4j-log4j12-1.7.25.jar:/home/user/.m2/repository/org/apache/hadoop/hadoop-ozone-s3gateway/0.5.0-SNAPSHOT/hadoop-ozone-s3gateway-0.5.0-SNAPSHOT.jar:/home/user/.m2/repository/org/jboss/weld/servlet/weld-servlet/2.4.7.Final/weld-servlet-2.4.7.Final.jar:/home/user/.m2/repository/org/glassfish/jersey/containers/jersey-container-servlet-core/2.27/jersey-container-servlet-core-2.27.jar:/home/user/.m2/repository/org/glassfish/hk2/external/javax.inject/2.5.0-b42/javax.inject-2.5.0-b42.jar:/home/user/.m2/repository/org/glassfish/jersey/core/jersey-common/2.27/jersey-common-2.27.jar:/home/user/.m2/repository/org/glassfish/hk2/osgi-resource-locator/1.0.1/osgi-resource-locator-1.0.1.jar:/home/user/.m2/repository/javax/ws/rs/javax.ws.rs-api/2.1/javax.ws.rs-api-2.1.jar:/home/user/.m2/repository/org/glassfish/jersey/ext/cdi/jersey-cdi1x/2.27/jersey-cdi1x-2.27.jar:/home/user/.m2/repository/org/glassfish/jersey/inject/jersey-hk2/2.27/jersey-hk2-2.27.jar:/home/user/.m2/repository/org/glassfish/hk2/hk2-locator/2.5.0-b42/hk2-locator-2.5.0-b42.jar:/home/user/.m2/repository/org/javassist/javassist/3.22.0-CR2/javassist-3.22.0-CR2.jar:/home/user/.m2/repository/org/glassfish/hk2/hk2-api/2.5.0/hk2-api-2.5.0.jar:/home/user/.m2/repository/org/glassfish/hk2/external/jakarta.inject/2.5.0/jakarta.inject-2.5.0.jar:/home/user/.m2/repository/org/glassfish/hk2/hk2-utils/2.5.0/hk2-utils-2.5.0.jar:/home/user/.m2/repository/jakarta/annotation/jakarta.annotation-api/1.3.4/jakarta.annotation-api-1.3.4.jar:/home/user/.m2/repository/org/glassfish/hk2/external/aopalliance-repackaged/2.5.0/aopalliance-repackaged-2.5.0.jar:/home/user/.m2/repository/com/fasterxml/jackson/dataformat/jackson-dataformat-xml/2.9.0/jackson-dataformat-xml-2.9.0.jar:/home/user/.m2/repository/com/fasterxml/jackson/core/jackson-core/2.9.9/jackson-core-2.9.9.jar:/home/user/.m2/repository/com/fasterxml/jackson/module/jackson-module-jaxb-annotations/2.9.9/jackson-module-jaxb-annotations-2.9.9.jar:/home/user/.m2/repository/javax/enterprise/cdi-api/1.2/cdi-api-1.2.jar:/home/user/.m2/repository/javax/el/javax.el-api/3.0.0/javax.el-api-3.0.0.jar:/home/user/.m2/repository/javax/interceptor/javax.interceptor-api/1.2/javax.interceptor-api-1.2.jar:/home/user/.m2/repository/javax/inject/javax.inject/1/javax.inject-1.jar:/home/user/.m2/repository/com/sun/xml/bind/jaxb-impl/2.3.0.1/jaxb-impl-2.3.0.1.jar:/home/user/.m2/repository/com/sun/xml/bind/jaxb-core/2.3.0.1/jaxb-core-2.3.0.1.jar:/home/user/.m2/repository/javax/xml/bind/jaxb-api/2.3.0/jaxb-api-2.3.0.jar:/home/user/.m2/repository/javax/activation/activation/1.1.1/activation-1.1.1.jar:/home/user/.m2/repository/org/apache/hadoop/hadoop-ozone-csi/0.5.0-SNAPSHOT/hadoop-ozone-csi-0.5.0-SNAPSHOT.jar:/home/user/.m2/repository/com/google/protobuf/protobuf-java-util/3.5.1/protobuf-java-util-3.5.1.jar:/home/user/.m2/repository/org/apache/hadoop/hadoop-hdds-config/0.5.0-SNAPSHOT/hadoop-hdds-config-0.5.0-SNAPSHOT.jar:/home/user/.m2/repository/io/grpc/grpc-netty/1.17.1/grpc-netty-1.17.1.jar:/home/user/.m2/repository/io/grpc/grpc-core/1.17.1/grpc-core-1.17.1.jar:/home/user/.m2/repository/io/grpc/grpc-context/1.17.1/grpc-context-1.17.1.jar:/home/user/.m2/repository/com/google/errorprone/error_prone_annotations/2.2.0/error_prone_annotations-2.2.0.jar:/home/user/.m2/repository/org/codehaus/mojo/animal-sniffer-annotations/1.17/animal-sniffer-annotations-1.17.jar:/home/user/.m2/repository/io/opencensus/opencensus-api/0.17.0/opencensus-api-0.17.0.jar:/home/user/.m2/repository/io/opencensus/opencensus-contrib-grpc-metrics/0.17.0/opencensus-contrib-grpc-metrics-0.17.0.jar:/home/user/.m2/repository/io/netty/netty-codec-http2/4.1.30.Final/netty-codec-http2-4.1.30.Final.jar:/home/user/.m2/repository/io/netty/netty-codec-http/4.1.30.Final/netty-codec-http-4.1.30.Final.jar:/home/user/.m2/repository/io/netty/netty-codec/4.1.30.Final/netty-codec-4.1.30.Final.jar:/home/user/.m2/repository/io/netty/netty-handler/4.1.30.Final/netty-handler-4.1.30.Final.jar:/home/user/.m2/repository/io/netty/netty-handler-proxy/4.1.30.Final/netty-handler-proxy-4.1.30.Final.jar:/home/user/.m2/repository/io/netty/netty-codec-socks/4.1.30.Final/netty-codec-socks-4.1.30.Final.jar:/home/user/.m2/repository/io/netty/netty-transport-native-epoll/4.1.30.Final/netty-transport-native-epoll-4.1.30.Final.jar:/home/user/.m2/repository/io/netty/netty-common/4.1.30.Final/netty-common-4.1.30.Final.jar:/home/user/.m2/repository/io/netty/netty-buffer/4.1.30.Final/netty-buffer-4.1.30.Final.jar:/home/user/.m2/repository/io/netty/netty-transport/4.1.30.Final/netty-transport-4.1.30.Final.jar:/home/user/.m2/repository/io/netty/netty-resolver/4.1.30.Final/netty-resolver-4.1.30.Final.jar:/home/user/.m2/repository/io/netty/netty-transport-native-unix-common/4.1.30.Final/netty-transport-native-unix-common-4.1.30.Final.jar:/home/user/.m2/repository/io/grpc/grpc-protobuf/1.17.1/grpc-protobuf-1.17.1.jar:/home/user/.m2/repository/com/google/api/grpc/proto-google-common-protos/1.0.0/proto-google-common-protos-1.0.0.jar:/home/user/.m2/repository/io/grpc/grpc-protobuf-lite/1.17.1/grpc-protobuf-lite-1.17.1.jar:/home/user/.m2/repository/io/grpc/grpc-stub/1.17.1/grpc-stub-1.17.1.jar:/home/user/.m2/repository/org/apache/hadoop/hadoop-ozone-recon/0.5.0-SNAPSHOT/hadoop-ozone-recon-0.5.0-SNAPSHOT.jar:/home/user/.m2/repository/org/apache/hadoop/hadoop-ozone-reconcodegen/0.5.0-SNAPSHOT/hadoop-ozone-reconcodegen-0.5.0-SNAPSHOT.jar:/home/user/.m2/repository/com/google/inject/extensions/guice-multibindings/4.0/guice-multibindings-4.0.jar:/home/user/.m2/repository/com/google/inject/guice/4.0/guice-4.0.jar:/home/user/.m2/repository/aopalliance/aopalliance/1.0/aopalliance-1.0.jar:/home/user/.m2/repository/com/google/inject/extensions/guice-servlet/4.0/guice-servlet-4.0.jar:/home/user/.m2/repository/org/glassfish/jersey/containers/jersey-container-servlet/2.27/jersey-container-servlet-2.27.jar:/home/user/.m2/repository/org/glassfish/hk2/guice-bridge/2.5.0/guice-bridge-2.5.0.jar:/home/user/.m2/repository/org/glassfish/jersey/core/jersey-server/2.27/jersey-server-2.27.jar:/home/user/.m2/repository/org/glassfish/jersey/core/jersey-client/2.27/jersey-client-2.27.jar:/home/user/.m2/repository/org/glassfish/jersey/media/jersey-media-jaxb/2.27/jersey-media-jaxb-2.27.jar:/home/user/.m2/repository/javax/validation/validation-api/1.1.0.Final/validation-api-1.1.0.Final.jar:/home/user/.m2/repository/org/glassfish/jersey/media/jersey-media-json-jackson/2.27/jersey-media-json-jackson-2.27.jar:/home/user/.m2/repository/org/glassfish/jersey/ext/jersey-entity-filtering/2.27/jersey-entity-filtering-2.27.jar:/home/user/.m2/repository/com/google/inject/extensions/guice-assistedinject/4.0/guice-assistedinject-4.0.jar:/home/user/.m2/repository/org/jooq/jooq/3.11.10/jooq-3.11.10.jar:/home/user/.m2/repository/org/jooq/jooq-meta/3.11.10/jooq-meta-3.11.10.jar:/home/user/.m2/repository/org/jooq/jooq-codegen/3.11.10/jooq-codegen-3.11.10.jar:/home/user/.m2/repository/com/jolbox/bonecp/0.8.0.RELEASE/bonecp-0.8.0.RELEASE.jar:/home/user/.m2/repository/org/xerial/sqlite-jdbc/3.25.2/sqlite-jdbc-3.25.2.jar:/home/user/.m2/repository/org/springframework/spring-jdbc/5.1.3.RELEASE/spring-jdbc-5.1.3.RELEASE.jar:/home/user/.m2/repository/org/springframework/spring-beans/5.1.3.RELEASE/spring-beans-5.1.3.RELEASE.jar:/home/user/.m2/repository/org/springframework/spring-core/5.1.3.RELEASE/spring-core-5.1.3.RELEASE.jar:/home/user/.m2/repository/org/springframework/spring-jcl/5.1.3.RELEASE/spring-jcl-5.1.3.RELEASE.jar:/home/user/.m2/repository/org/springframework/spring-tx/5.1.3.RELEASE/spring-tx-5.1.3.RELEASE.jar:/home/user/.m2/repository/org/apache/hadoop/hadoop-ozone-client/0.5.0-SNAPSHOT/hadoop-ozone-client-0.5.0-SNAPSHOT.jar:/home/user/.m2/repository/commons-lang/commons-lang/2.6/commons-lang-2.6.jar:/home/user/.m2/repository/org/apache/hadoop/hadoop-ozone-ozone-manager/0.5.0-SNAPSHOT/hadoop-ozone-ozone-manager-0.5.0-SNAPSHOT-tests.jar:/home/user/.m2/repository/junit/junit/4.11/junit-4.11.jar:/home/user/.m2/repository/org/hamcrest/hamcrest-core/1.3/hamcrest-core-1.3.jar:/home/user/.m2/repository/org/openjdk/jmh/jmh-core/1.19/jmh-core-1.19.jar:/home/user/.m2/repository/net/sf/jopt-simple/jopt-simple/4.6/jopt-simple-4.6.jar:/home/user/.m2/repository/org/apache/commons/commons-math3/3.1.1/commons-math3-3.1.1.jar:/home/user/.m2/repository/org/openjdk/jmh/jmh-generator-annprocess/1.19/jmh-generator-annprocess-1.19.jar:/home/user/.m2/repository/org/mockito/mockito-all/1.8.5/mockito-all-1.8.5.jar:/home/user/.m2/repository/org/apache/hadoop/hadoop-kms/3.2.0/hadoop-kms-3.2.0.jar:/home/user/.m2/repository/org/apache/hadoop/hadoop-auth/3.2.0/hadoop-auth-3.2.0.jar:/home/user/.m2/repository/com/nimbusds/nimbus-jose-jwt/4.41.1/nimbus-jose-jwt-4.41.1.jar:/home/user/.m2/repository/com/github/stephenc/jcip/jcip-annotations/1.0-1/jcip-annotations-1.0-1.jar:/home/user/.m2/repository/net/minidev/json-smart/2.3/json-smart-2.3.jar:/home/user/.m2/repository/net/minidev/accessors-smart/1.2/accessors-smart-1.2.jar:/home/user/.m2/repository/org/ow2/asm/asm/5.0.4/asm-5.0.4.jar:/home/user/.m2/repository/org/apache/curator/curator-framework/2.12.0/curator-framework-2.12.0.jar:/home/user/.m2/repository/com/sun/jersey/jersey-core/1.19/jersey-core-1.19.jar:/home/user/.m2/repository/javax/ws/rs/jsr311-api/1.1.1/jsr311-api-1.1.1.jar:/home/user/.m2/repository/com/sun/jersey/jersey-server/1.19/jersey-server-1.19.jar:/home/user/.m2/repository/javax/servlet/javax.servlet-api/3.1.0/javax.servlet-api-3.1.0.jar:/home/user/.m2/repository/org/eclipse/jetty/jetty-server/9.3.25.v20180904/jetty-server-9.3.25.v20180904.jar:/home/user/.m2/repository/org/eclipse/jetty/jetty-http/9.3.25.v20180904/jetty-http-9.3.25.v20180904.jar:/home/user/.m2/repository/org/eclipse/jetty/jetty-io/9.3.25.v20180904/jetty-io-9.3.25.v20180904.jar:/home/user/.m2/repository/org/eclipse/jetty/jetty-webapp/9.3.25.v20180904/jetty-webapp-9.3.25.v20180904.jar:/home/user/.m2/repository/org/eclipse/jetty/jetty-xml/9.3.25.v20180904/jetty-xml-9.3.25.v20180904.jar:/home/user/.m2/repository/log4j/log4j/1.2.17/log4j-1.2.17.jar:/home/user/.m2/repository/org/slf4j/slf4j-api/1.7.25/slf4j-api-1.7.25.jar:/home/user/.m2/repository/org/slf4j/jul-to-slf4j/1.7.25/jul-to-slf4j-1.7.25.jar:/home/user/.m2/repository/org/eclipse/jetty/jetty-util/9.3.25.v20180904/jetty-util-9.3.25.v20180904.jar:/home/user/.m2/repository/com/fasterxml/jackson/core/jackson-databind/2.9.9/jackson-databind-2.9.9.jar:/home/user/.m2/repository/org/apache/hadoop/hadoop-kms/3.2.0/hadoop-kms-3.2.0-tests.jar:/home/user/.m2/repository/org/apache/hadoop/hadoop-hdds-server-scm/0.5.0-SNAPSHOT/hadoop-hdds-server-scm-0.5.0-SNAPSHOT-tests.jar:/home/user/.m2/repository/org/apache/hadoop/hadoop-hdds-container-service/0.5.0-SNAPSHOT/hadoop-hdds-container-service-0.5.0-SNAPSHOT-tests.jar:/home/user/.m2/repository/org/yaml/snakeyaml/1.16/snakeyaml-1.16.jar:/home/user/.m2/repository/org/apache/hadoop/hadoop-common/3.2.0/hadoop-common-3.2.0-tests.jar:/home/user/.m2/repository/org/apache/hadoop/hadoop-annotations/3.2.0/hadoop-annotations-3.2.0.jar:/usr/lib/jvm/java-1.8-openjdk/jre/../lib/tools.jar:/home/user/.m2/repository/commons-cli/commons-cli/1.2/commons-cli-1.2.jar:/home/user/.m2/repository/org/apache/httpcomponents/httpclient/4.5.2/httpclient-4.5.2.jar:/home/user/.m2/repository/org/apache/httpcomponents/httpcore/4.4.4/httpcore-4.4.4.jar:/home/user/.m2/repository/commons-codec/commons-codec/1.11/commons-codec-1.11.jar:/home/user/.m2/repository/commons-net/commons-net/3.6/commons-net-3.6.jar:/home/user/.m2/repository/commons-collections/commons-collections/3.2.2/commons-collections-3.2.2.jar:/home/user/.m2/repository/org/eclipse/jetty/jetty-servlet/9.3.25.v20180904/jetty-servlet-9.3.25.v20180904.jar:/home/user/.m2/repository/org/eclipse/jetty/jetty-security/9.3.25.v20180904/jetty-security-9.3.25.v20180904.jar:/home/user/.m2/repository/javax/servlet/jsp/jsp-api/2.1/jsp-api-2.1.jar:/home/user/.m2/repository/com/sun/jersey/jersey-servlet/1.19/jersey-servlet-1.19.jar:/home/user/.m2/repository/com/sun/jersey/jersey-json/1.19/jersey-json-1.19.jar:/home/user/.m2/repository/org/codehaus/jettison/jettison/1.1/jettison-1.1.jar:/home/user/.m2/repository/org/codehaus/jackson/jackson-core-asl/1.9.13/jackson-core-asl-1.9.13.jar:/home/user/.m2/repository/org/codehaus/jackson/jackson-mapper-asl/1.9.13/jackson-mapper-asl-1.9.13.jar:/home/user/.m2/repository/org/codehaus/jackson/jackson-jaxrs/1.9.13/jackson-jaxrs-1.9.13.jar:/home/user/.m2/repository/org/codehaus/jackson/jackson-xc/1.9.13/jackson-xc-1.9.13.jar:/home/user/.m2/repository/commons-logging/commons-logging/1.1.3/commons-logging-1.1.3.jar:/home/user/.m2/repository/commons-beanutils/commons-beanutils/1.9.4/commons-beanutils-1.9.4.jar:/home/user/.m2/repository/org/apache/commons/commons-configuration2/2.1.1/commons-configuration2-2.1.1.jar:/home/user/.m2/repository/org/apache/commons/commons-lang3/3.7/commons-lang3-3.7.jar:/home/user/.m2/repository/org/apache/commons/commons-text/1.4/commons-text-1.4.jar:/home/user/.m2/repository/org/apache/avro/avro/1.7.7/avro-1.7.7.jar:/home/user/.m2/repository/com/thoughtworks/paranamer/paranamer/2.3/paranamer-2.3.jar:/home/user/.m2/repository/org/xerial/snappy/snappy-java/1.0.5/snappy-java-1.0.5.jar:/home/user/.m2/repository/com/google/re2j/re2j/1.1/re2j-1.1.jar:/home/user/.m2/repository/com/google/code/gson/gson/2.2.4/gson-2.2.4.jar:/home/user/.m2/repository/com/jcraft/jsch/0.1.54/jsch-0.1.54.jar:/home/user/.m2/repository/org/apache/curator/curator-client/2.12.0/curator-client-2.12.0.jar:/home/user/.m2/repository/org/apache/curator/curator-recipes/2.12.0/curator-recipes-2.12.0.jar:/home/user/.m2/repository/com/google/code/findbugs/jsr305/3.0.0/jsr305-3.0.0.jar:/home/user/.m2/repository/org/apache/htrace/htrace-core4/4.1.0-incubating/htrace-core4-4.1.0-incubating.jar:/home/user/.m2/repository/org/apache/zookeeper/zookeeper/3.4.13/zookeeper-3.4.13.jar:/home/user/.m2/repository/jline/jline/0.9.94/jline-0.9.94.jar:/home/user/.m2/repository/org/apache/yetus/audience-annotations/0.5.0/audience-annotations-0.5.0.jar:/home/user/.m2/repository/org/codehaus/woodstox/stax2-api/3.1.4/stax2-api-3.1.4.jar:/home/user/.m2/repository/com/fasterxml/woodstox/woodstox-core/5.0.3/woodstox-core-5.0.3.jar:/home/user/.m2/repository/dnsjava/dnsjava/2.1.7/dnsjava-2.1.7.jar:/home/user/.m2/repository/org/apache/hadoop/hadoop-hdfs/3.2.0/hadoop-hdfs-3.2.0-tests.jar:/home/user/.m2/repository/org/eclipse/jetty/jetty-util-ajax/9.3.25.v20180904/jetty-util-ajax-9.3.25.v20180904.jar:/home/user/.m2/repository/commons-daemon/commons-daemon/1.0.13/commons-daemon-1.0.13.jar:/home/user/.m2/repository/io/netty/netty/3.10.5.Final/netty-3.10.5.Final.jar:/home/user/.m2/repository/io/netty/netty-all/4.0.52.Final/netty-all-4.0.52.Final.jar:/home/user/.m2/repository/org/fusesource/leveldbjni/leveldbjni-all/1.8/leveldbjni-all-1.8.jar:"/>
    <property name="java.vm.vendor" value="IcedTea"/>
    <property name="sun.arch.data.model" value="64"/>
    <property name="test.build.dir" value="/workdir/hadoop-ozone/integration-test/target/test-dir"/>
    <property name="test.cache.data" value=""/>
    <property name="java.vendor.url" value="https://icedtea.classpath.org"/>
    <property name="user.timezone" value=""/>
    <property name="java.vm.specification.version" value="1.8"/>
    <property name="os.name" value="Linux"/>
    <property name="test.build.data" value="/workdir/hadoop-ozone/integration-test/target/test-dir"/>
    <property name="user.country" value="US"/>
    <property name="sun.java.launcher" value="SUN_STANDARD"/>
    <property name="sun.boot.library.path" value="/usr/lib/jvm/java-1.8-openjdk/jre/lib/amd64"/>
    <property name="sun.java.command" value="/workdir/hadoop-ozone/integration-test/target/surefire/surefirebooter3645193851682073713.jar /workdir/hadoop-ozone/integration-test/target/surefire 2019-09-30T12-58-27_169-jvmRun1 surefire5490117939323793615tmp surefire_657079648783390586378tmp"/>
    <property name="test" value="!TestMiniChaosOzoneCluster"/>
    <property name="surefire.test.class.path" value="/workdir/hadoop-ozone/integration-test/target/test-classes:/workdir/hadoop-ozone/integration-test/target/classes:/home/user/.m2/repository/org/apache/hadoop/hadoop-ozone-common/0.5.0-SNAPSHOT/hadoop-ozone-common-0.5.0-SNAPSHOT.jar:/home/user/.m2/repository/org/apache/commons/commons-compress/1.4.1/commons-compress-1.4.1.jar:/home/user/.m2/repository/org/tukaani/xz/1.0/xz-1.0.jar:/home/user/.m2/repository/org/apache/hadoop/hadoop-common/3.2.0/hadoop-common-3.2.0.jar:/home/user/.m2/repository/org/apache/hadoop/hadoop-hdfs/3.2.0/hadoop-hdfs-3.2.0.jar:/home/user/.m2/repository/org/apache/hadoop/hadoop-hdfs-client/3.2.0/hadoop-hdfs-client-3.2.0.jar:/home/user/.m2/repository/com/fasterxml/jackson/core/jackson-annotations/2.9.9/jackson-annotations-2.9.9.jar:/home/user/.m2/repository/org/apache/hadoop/hadoop-hdds-common/0.5.0-SNAPSHOT/hadoop-hdds-common-0.5.0-SNAPSHOT.jar:/home/user/.m2/repository/javax/annotation/javax.annotation-api/1.2/javax.annotation-api-1.2.jar:/home/user/.m2/repository/org/apache/ratis/ratis-server/0.4.0/ratis-server-0.4.0.jar:/home/user/.m2/repository/org/apache/ratis/ratis-thirdparty-misc/0.2.0/ratis-thirdparty-misc-0.2.0.jar:/home/user/.m2/repository/org/apache/ratis/ratis-proto/0.4.0/ratis-proto-0.4.0.jar:/home/user/.m2/repository/org/apache/ratis/ratis-common/0.4.0/ratis-common-0.4.0.jar:/home/user/.m2/repository/org/apache/ratis/ratis-client/0.4.0/ratis-client-0.4.0.jar:/home/user/.m2/repository/org/apache/ratis/ratis-metrics/0.4.0/ratis-metrics-0.4.0.jar:/home/user/.m2/repository/com/github/joshelser/dropwizard-metrics-hadoop-metrics2-reporter/0.1.2/dropwizard-metrics-hadoop-metrics2-reporter-0.1.2.jar:/home/user/.m2/repository/io/dropwizard/metrics/metrics-jvm/3.2.5/metrics-jvm-3.2.5.jar:/home/user/.m2/repository/io/dropwizard/metrics/metrics-ganglia/3.2.5/metrics-ganglia-3.2.5.jar:/home/user/.m2/repository/info/ganglia/gmetric4j/gmetric4j/1.0.7/gmetric4j-1.0.7.jar:/home/user/.m2/repository/org/apache/ratis/ratis-netty/0.4.0/ratis-netty-0.4.0.jar:/home/user/.m2/repository/org/apache/ratis/ratis-grpc/0.4.0/ratis-grpc-0.4.0.jar:/home/user/.m2/repository/org/rocksdb/rocksdbjni/6.0.1/rocksdbjni-6.0.1.jar:/home/user/.m2/repository/org/apache/logging/log4j/log4j-api/2.11.0/log4j-api-2.11.0.jar:/home/user/.m2/repository/org/apache/logging/log4j/log4j-core/2.11.0/log4j-core-2.11.0.jar:/home/user/.m2/repository/com/lmax/disruptor/3.4.2/disruptor-3.4.2.jar:/home/user/.m2/repository/org/apache/commons/commons-pool2/2.6.0/commons-pool2-2.6.0.jar:/home/user/.m2/repository/org/bouncycastle/bcpkix-jdk15on/1.60/bcpkix-jdk15on-1.60.jar:/home/user/.m2/repository/commons-validator/commons-validator/1.6/commons-validator-1.6.jar:/home/user/.m2/repository/commons-digester/commons-digester/1.8.1/commons-digester-1.8.1.jar:/home/user/.m2/repository/io/jaegertracing/jaeger-client/0.34.0/jaeger-client-0.34.0.jar:/home/user/.m2/repository/io/jaegertracing/jaeger-thrift/0.34.0/jaeger-thrift-0.34.0.jar:/home/user/.m2/repository/org/apache/thrift/libthrift/0.12.0/libthrift-0.12.0.jar:/home/user/.m2/repository/com/squareup/okhttp3/okhttp/3.9.0/okhttp-3.9.0.jar:/home/user/.m2/repository/com/squareup/okio/okio/1.13.0/okio-1.13.0.jar:/home/user/.m2/repository/io/jaegertracing/jaeger-core/0.34.0/jaeger-core-0.34.0.jar:/home/user/.m2/repository/io/jaegertracing/jaeger-tracerresolver/0.34.0/jaeger-tracerresolver-0.34.0.jar:/home/user/.m2/repository/io/opentracing/contrib/opentracing-tracerresolver/0.1.5/opentracing-tracerresolver-0.1.5.jar:/home/user/.m2/repository/io/opentracing/opentracing-util/0.31.0/opentracing-util-0.31.0.jar:/home/user/.m2/repository/io/opentracing/opentracing-api/0.31.0/opentracing-api-0.31.0.jar:/home/user/.m2/repository/io/opentracing/opentracing-noop/0.31.0/opentracing-noop-0.31.0.jar:/home/user/.m2/repository/org/apache/hadoop/hadoop-hdds-server-framework/0.5.0-SNAPSHOT/hadoop-hdds-server-framework-0.5.0-SNAPSHOT.jar:/home/user/.m2/repository/org/apache/hadoop/hadoop-hdds-container-service/0.5.0-SNAPSHOT/hadoop-hdds-container-service-0.5.0-SNAPSHOT.jar:/home/user/.m2/repository/org/apache/hadoop/hadoop-hdds-client/0.5.0-SNAPSHOT/hadoop-hdds-client-0.5.0-SNAPSHOT.jar:/home/user/.m2/repository/org/apache/hadoop/hadoop-hdds-tools/0.5.0-SNAPSHOT/hadoop-hdds-tools-0.5.0-SNAPSHOT.jar:/home/user/.m2/repository/org/apache/hadoop/hadoop-hdds-server-scm/0.5.0-SNAPSHOT/hadoop-hdds-server-scm-0.5.0-SNAPSHOT.jar:/home/user/.m2/repository/org/apache/hadoop/hadoop-hdds-docs/0.5.0-SNAPSHOT/hadoop-hdds-docs-0.5.0-SNAPSHOT.jar:/home/user/.m2/repository/io/dropwizard/metrics/metrics-core/3.2.4/metrics-core-3.2.4.jar:/home/user/.m2/repository/org/hamcrest/hamcrest-all/1.3/hamcrest-all-1.3.jar:/home/user/.m2/repository/org/bouncycastle/bcprov-jdk15on/1.60/bcprov-jdk15on-1.60.jar:/home/user/.m2/repository/info/picocli/picocli/3.9.6/picocli-3.9.6.jar:/home/user/.m2/repository/com/google/protobuf/protobuf-java/2.5.0/protobuf-java-2.5.0.jar:/home/user/.m2/repository/com/google/guava/guava/11.0.2/guava-11.0.2.jar:/home/user/.m2/repository/org/apache/hadoop/hadoop-ozone-ozone-manager/0.5.0-SNAPSHOT/hadoop-ozone-ozone-manager-0.5.0-SNAPSHOT.jar:/home/user/.m2/repository/org/apache/hadoop/hadoop-minikdc/3.2.0/hadoop-minikdc-3.2.0.jar:/home/user/.m2/repository/commons-io/commons-io/2.5/commons-io-2.5.jar:/home/user/.m2/repository/org/apache/kerby/kerb-simplekdc/1.0.1/kerb-simplekdc-1.0.1.jar:/home/user/.m2/repository/org/apache/kerby/kerb-client/1.0.1/kerb-client-1.0.1.jar:/home/user/.m2/repository/org/apache/kerby/kerby-config/1.0.1/kerby-config-1.0.1.jar:/home/user/.m2/repository/org/apache/kerby/kerb-core/1.0.1/kerb-core-1.0.1.jar:/home/user/.m2/repository/org/apache/kerby/kerby-pkix/1.0.1/kerby-pkix-1.0.1.jar:/home/user/.m2/repository/org/apache/kerby/kerby-asn1/1.0.1/kerby-asn1-1.0.1.jar:/home/user/.m2/repository/org/apache/kerby/kerby-util/1.0.1/kerby-util-1.0.1.jar:/home/user/.m2/repository/org/apache/kerby/kerb-common/1.0.1/kerb-common-1.0.1.jar:/home/user/.m2/repository/org/apache/kerby/kerb-crypto/1.0.1/kerb-crypto-1.0.1.jar:/home/user/.m2/repository/org/apache/kerby/kerb-util/1.0.1/kerb-util-1.0.1.jar:/home/user/.m2/repository/org/apache/kerby/token-provider/1.0.1/token-provider-1.0.1.jar:/home/user/.m2/repository/org/apache/kerby/kerb-admin/1.0.1/kerb-admin-1.0.1.jar:/home/user/.m2/repository/org/apache/kerby/kerb-server/1.0.1/kerb-server-1.0.1.jar:/home/user/.m2/repository/org/apache/kerby/kerb-identity/1.0.1/kerb-identity-1.0.1.jar:/home/user/.m2/repository/org/apache/kerby/kerby-xdr/1.0.1/kerby-xdr-1.0.1.jar:/home/user/.m2/repository/org/slf4j/slf4j-log4j12/1.7.25/slf4j-log4j12-1.7.25.jar:/home/user/.m2/repository/org/apache/hadoop/hadoop-ozone-s3gateway/0.5.0-SNAPSHOT/hadoop-ozone-s3gateway-0.5.0-SNAPSHOT.jar:/home/user/.m2/repository/org/jboss/weld/servlet/weld-servlet/2.4.7.Final/weld-servlet-2.4.7.Final.jar:/home/user/.m2/repository/org/glassfish/jersey/containers/jersey-container-servlet-core/2.27/jersey-container-servlet-core-2.27.jar:/home/user/.m2/repository/org/glassfish/hk2/external/javax.inject/2.5.0-b42/javax.inject-2.5.0-b42.jar:/home/user/.m2/repository/org/glassfish/jersey/core/jersey-common/2.27/jersey-common-2.27.jar:/home/user/.m2/repository/org/glassfish/hk2/osgi-resource-locator/1.0.1/osgi-resource-locator-1.0.1.jar:/home/user/.m2/repository/javax/ws/rs/javax.ws.rs-api/2.1/javax.ws.rs-api-2.1.jar:/home/user/.m2/repository/org/glassfish/jersey/ext/cdi/jersey-cdi1x/2.27/jersey-cdi1x-2.27.jar:/home/user/.m2/repository/org/glassfish/jersey/inject/jersey-hk2/2.27/jersey-hk2-2.27.jar:/home/user/.m2/repository/org/glassfish/hk2/hk2-locator/2.5.0-b42/hk2-locator-2.5.0-b42.jar:/home/user/.m2/repository/org/javassist/javassist/3.22.0-CR2/javassist-3.22.0-CR2.jar:/home/user/.m2/repository/org/glassfish/hk2/hk2-api/2.5.0/hk2-api-2.5.0.jar:/home/user/.m2/repository/org/glassfish/hk2/external/jakarta.inject/2.5.0/jakarta.inject-2.5.0.jar:/home/user/.m2/repository/org/glassfish/hk2/hk2-utils/2.5.0/hk2-utils-2.5.0.jar:/home/user/.m2/repository/jakarta/annotation/jakarta.annotation-api/1.3.4/jakarta.annotation-api-1.3.4.jar:/home/user/.m2/repository/org/glassfish/hk2/external/aopalliance-repackaged/2.5.0/aopalliance-repackaged-2.5.0.jar:/home/user/.m2/repository/com/fasterxml/jackson/dataformat/jackson-dataformat-xml/2.9.0/jackson-dataformat-xml-2.9.0.jar:/home/user/.m2/repository/com/fasterxml/jackson/core/jackson-core/2.9.9/jackson-core-2.9.9.jar:/home/user/.m2/repository/com/fasterxml/jackson/module/jackson-module-jaxb-annotations/2.9.9/jackson-module-jaxb-annotations-2.9.9.jar:/home/user/.m2/repository/javax/enterprise/cdi-api/1.2/cdi-api-1.2.jar:/home/user/.m2/repository/javax/el/javax.el-api/3.0.0/javax.el-api-3.0.0.jar:/home/user/.m2/repository/javax/interceptor/javax.interceptor-api/1.2/javax.interceptor-api-1.2.jar:/home/user/.m2/repository/javax/inject/javax.inject/1/javax.inject-1.jar:/home/user/.m2/repository/com/sun/xml/bind/jaxb-impl/2.3.0.1/jaxb-impl-2.3.0.1.jar:/home/user/.m2/repository/com/sun/xml/bind/jaxb-core/2.3.0.1/jaxb-core-2.3.0.1.jar:/home/user/.m2/repository/javax/xml/bind/jaxb-api/2.3.0/jaxb-api-2.3.0.jar:/home/user/.m2/repository/javax/activation/activation/1.1.1/activation-1.1.1.jar:/home/user/.m2/repository/org/apache/hadoop/hadoop-ozone-csi/0.5.0-SNAPSHOT/hadoop-ozone-csi-0.5.0-SNAPSHOT.jar:/home/user/.m2/repository/com/google/protobuf/protobuf-java-util/3.5.1/protobuf-java-util-3.5.1.jar:/home/user/.m2/repository/org/apache/hadoop/hadoop-hdds-config/0.5.0-SNAPSHOT/hadoop-hdds-config-0.5.0-SNAPSHOT.jar:/home/user/.m2/repository/io/grpc/grpc-netty/1.17.1/grpc-netty-1.17.1.jar:/home/user/.m2/repository/io/grpc/grpc-core/1.17.1/grpc-core-1.17.1.jar:/home/user/.m2/repository/io/grpc/grpc-context/1.17.1/grpc-context-1.17.1.jar:/home/user/.m2/repository/com/google/errorprone/error_prone_annotations/2.2.0/error_prone_annotations-2.2.0.jar:/home/user/.m2/repository/org/codehaus/mojo/animal-sniffer-annotations/1.17/animal-sniffer-annotations-1.17.jar:/home/user/.m2/repository/io/opencensus/opencensus-api/0.17.0/opencensus-api-0.17.0.jar:/home/user/.m2/repository/io/opencensus/opencensus-contrib-grpc-metrics/0.17.0/opencensus-contrib-grpc-metrics-0.17.0.jar:/home/user/.m2/repository/io/netty/netty-codec-http2/4.1.30.Final/netty-codec-http2-4.1.30.Final.jar:/home/user/.m2/repository/io/netty/netty-codec-http/4.1.30.Final/netty-codec-http-4.1.30.Final.jar:/home/user/.m2/repository/io/netty/netty-codec/4.1.30.Final/netty-codec-4.1.30.Final.jar:/home/user/.m2/repository/io/netty/netty-handler/4.1.30.Final/netty-handler-4.1.30.Final.jar:/home/user/.m2/repository/io/netty/netty-handler-proxy/4.1.30.Final/netty-handler-proxy-4.1.30.Final.jar:/home/user/.m2/repository/io/netty/netty-codec-socks/4.1.30.Final/netty-codec-socks-4.1.30.Final.jar:/home/user/.m2/repository/io/netty/netty-transport-native-epoll/4.1.30.Final/netty-transport-native-epoll-4.1.30.Final.jar:/home/user/.m2/repository/io/netty/netty-common/4.1.30.Final/netty-common-4.1.30.Final.jar:/home/user/.m2/repository/io/netty/netty-buffer/4.1.30.Final/netty-buffer-4.1.30.Final.jar:/home/user/.m2/repository/io/netty/netty-transport/4.1.30.Final/netty-transport-4.1.30.Final.jar:/home/user/.m2/repository/io/netty/netty-resolver/4.1.30.Final/netty-resolver-4.1.30.Final.jar:/home/user/.m2/repository/io/netty/netty-transport-native-unix-common/4.1.30.Final/netty-transport-native-unix-common-4.1.30.Final.jar:/home/user/.m2/repository/io/grpc/grpc-protobuf/1.17.1/grpc-protobuf-1.17.1.jar:/home/user/.m2/repository/com/google/api/grpc/proto-google-common-protos/1.0.0/proto-google-common-protos-1.0.0.jar:/home/user/.m2/repository/io/grpc/grpc-protobuf-lite/1.17.1/grpc-protobuf-lite-1.17.1.jar:/home/user/.m2/repository/io/grpc/grpc-stub/1.17.1/grpc-stub-1.17.1.jar:/home/user/.m2/repository/org/apache/hadoop/hadoop-ozone-recon/0.5.0-SNAPSHOT/hadoop-ozone-recon-0.5.0-SNAPSHOT.jar:/home/user/.m2/repository/org/apache/hadoop/hadoop-ozone-reconcodegen/0.5.0-SNAPSHOT/hadoop-ozone-reconcodegen-0.5.0-SNAPSHOT.jar:/home/user/.m2/repository/com/google/inject/extensions/guice-multibindings/4.0/guice-multibindings-4.0.jar:/home/user/.m2/repository/com/google/inject/guice/4.0/guice-4.0.jar:/home/user/.m2/repository/aopalliance/aopalliance/1.0/aopalliance-1.0.jar:/home/user/.m2/repository/com/google/inject/extensions/guice-servlet/4.0/guice-servlet-4.0.jar:/home/user/.m2/repository/org/glassfish/jersey/containers/jersey-container-servlet/2.27/jersey-container-servlet-2.27.jar:/home/user/.m2/repository/org/glassfish/hk2/guice-bridge/2.5.0/guice-bridge-2.5.0.jar:/home/user/.m2/repository/org/glassfish/jersey/core/jersey-server/2.27/jersey-server-2.27.jar:/home/user/.m2/repository/org/glassfish/jersey/core/jersey-client/2.27/jersey-client-2.27.jar:/home/user/.m2/repository/org/glassfish/jersey/media/jersey-media-jaxb/2.27/jersey-media-jaxb-2.27.jar:/home/user/.m2/repository/javax/validation/validation-api/1.1.0.Final/validation-api-1.1.0.Final.jar:/home/user/.m2/repository/org/glassfish/jersey/media/jersey-media-json-jackson/2.27/jersey-media-json-jackson-2.27.jar:/home/user/.m2/repository/org/glassfish/jersey/ext/jersey-entity-filtering/2.27/jersey-entity-filtering-2.27.jar:/home/user/.m2/repository/com/google/inject/extensions/guice-assistedinject/4.0/guice-assistedinject-4.0.jar:/home/user/.m2/repository/org/jooq/jooq/3.11.10/jooq-3.11.10.jar:/home/user/.m2/repository/org/jooq/jooq-meta/3.11.10/jooq-meta-3.11.10.jar:/home/user/.m2/repository/org/jooq/jooq-codegen/3.11.10/jooq-codegen-3.11.10.jar:/home/user/.m2/repository/com/jolbox/bonecp/0.8.0.RELEASE/bonecp-0.8.0.RELEASE.jar:/home/user/.m2/repository/org/xerial/sqlite-jdbc/3.25.2/sqlite-jdbc-3.25.2.jar:/home/user/.m2/repository/org/springframework/spring-jdbc/5.1.3.RELEASE/spring-jdbc-5.1.3.RELEASE.jar:/home/user/.m2/repository/org/springframework/spring-beans/5.1.3.RELEASE/spring-beans-5.1.3.RELEASE.jar:/home/user/.m2/repository/org/springframework/spring-core/5.1.3.RELEASE/spring-core-5.1.3.RELEASE.jar:/home/user/.m2/repository/org/springframework/spring-jcl/5.1.3.RELEASE/spring-jcl-5.1.3.RELEASE.jar:/home/user/.m2/repository/org/springframework/spring-tx/5.1.3.RELEASE/spring-tx-5.1.3.RELEASE.jar:/home/user/.m2/repository/org/apache/hadoop/hadoop-ozone-client/0.5.0-SNAPSHOT/hadoop-ozone-client-0.5.0-SNAPSHOT.jar:/home/user/.m2/repository/commons-lang/commons-lang/2.6/commons-lang-2.6.jar:/home/user/.m2/repository/org/apache/hadoop/hadoop-ozone-ozone-manager/0.5.0-SNAPSHOT/hadoop-ozone-ozone-manager-0.5.0-SNAPSHOT-tests.jar:/home/user/.m2/repository/junit/junit/4.11/junit-4.11.jar:/home/user/.m2/repository/org/hamcrest/hamcrest-core/1.3/hamcrest-core-1.3.jar:/home/user/.m2/repository/org/openjdk/jmh/jmh-core/1.19/jmh-core-1.19.jar:/home/user/.m2/repository/net/sf/jopt-simple/jopt-simple/4.6/jopt-simple-4.6.jar:/home/user/.m2/repository/org/apache/commons/commons-math3/3.1.1/commons-math3-3.1.1.jar:/home/user/.m2/repository/org/openjdk/jmh/jmh-generator-annprocess/1.19/jmh-generator-annprocess-1.19.jar:/home/user/.m2/repository/org/mockito/mockito-all/1.8.5/mockito-all-1.8.5.jar:/home/user/.m2/repository/org/apache/hadoop/hadoop-kms/3.2.0/hadoop-kms-3.2.0.jar:/home/user/.m2/repository/org/apache/hadoop/hadoop-auth/3.2.0/hadoop-auth-3.2.0.jar:/home/user/.m2/repository/com/nimbusds/nimbus-jose-jwt/4.41.1/nimbus-jose-jwt-4.41.1.jar:/home/user/.m2/repository/com/github/stephenc/jcip/jcip-annotations/1.0-1/jcip-annotations-1.0-1.jar:/home/user/.m2/repository/net/minidev/json-smart/2.3/json-smart-2.3.jar:/home/user/.m2/repository/net/minidev/accessors-smart/1.2/accessors-smart-1.2.jar:/home/user/.m2/repository/org/ow2/asm/asm/5.0.4/asm-5.0.4.jar:/home/user/.m2/repository/org/apache/curator/curator-framework/2.12.0/curator-framework-2.12.0.jar:/home/user/.m2/repository/com/sun/jersey/jersey-core/1.19/jersey-core-1.19.jar:/home/user/.m2/repository/javax/ws/rs/jsr311-api/1.1.1/jsr311-api-1.1.1.jar:/home/user/.m2/repository/com/sun/jersey/jersey-server/1.19/jersey-server-1.19.jar:/home/user/.m2/repository/javax/servlet/javax.servlet-api/3.1.0/javax.servlet-api-3.1.0.jar:/home/user/.m2/repository/org/eclipse/jetty/jetty-server/9.3.25.v20180904/jetty-server-9.3.25.v20180904.jar:/home/user/.m2/repository/org/eclipse/jetty/jetty-http/9.3.25.v20180904/jetty-http-9.3.25.v20180904.jar:/home/user/.m2/repository/org/eclipse/jetty/jetty-io/9.3.25.v20180904/jetty-io-9.3.25.v20180904.jar:/home/user/.m2/repository/org/eclipse/jetty/jetty-webapp/9.3.25.v20180904/jetty-webapp-9.3.25.v20180904.jar:/home/user/.m2/repository/org/eclipse/jetty/jetty-xml/9.3.25.v20180904/jetty-xml-9.3.25.v20180904.jar:/home/user/.m2/repository/log4j/log4j/1.2.17/log4j-1.2.17.jar:/home/user/.m2/repository/org/slf4j/slf4j-api/1.7.25/slf4j-api-1.7.25.jar:/home/user/.m2/repository/org/slf4j/jul-to-slf4j/1.7.25/jul-to-slf4j-1.7.25.jar:/home/user/.m2/repository/org/eclipse/jetty/jetty-util/9.3.25.v20180904/jetty-util-9.3.25.v20180904.jar:/home/user/.m2/repository/com/fasterxml/jackson/core/jackson-databind/2.9.9/jackson-databind-2.9.9.jar:/home/user/.m2/repository/org/apache/hadoop/hadoop-kms/3.2.0/hadoop-kms-3.2.0-tests.jar:/home/user/.m2/repository/org/apache/hadoop/hadoop-hdds-server-scm/0.5.0-SNAPSHOT/hadoop-hdds-server-scm-0.5.0-SNAPSHOT-tests.jar:/home/user/.m2/repository/org/apache/hadoop/hadoop-hdds-container-service/0.5.0-SNAPSHOT/hadoop-hdds-container-service-0.5.0-SNAPSHOT-tests.jar:/home/user/.m2/repository/org/yaml/snakeyaml/1.16/snakeyaml-1.16.jar:/home/user/.m2/repository/org/apache/hadoop/hadoop-common/3.2.0/hadoop-common-3.2.0-tests.jar:/home/user/.m2/repository/org/apache/hadoop/hadoop-annotations/3.2.0/hadoop-annotations-3.2.0.jar:/usr/lib/jvm/java-1.8-openjdk/jre/../lib/tools.jar:/home/user/.m2/repository/commons-cli/commons-cli/1.2/commons-cli-1.2.jar:/home/user/.m2/repository/org/apache/httpcomponents/httpclient/4.5.2/httpclient-4.5.2.jar:/home/user/.m2/repository/org/apache/httpcomponents/httpcore/4.4.4/httpcore-4.4.4.jar:/home/user/.m2/repository/commons-codec/commons-codec/1.11/commons-codec-1.11.jar:/home/user/.m2/repository/commons-net/commons-net/3.6/commons-net-3.6.jar:/home/user/.m2/repository/commons-collections/commons-collections/3.2.2/commons-collections-3.2.2.jar:/home/user/.m2/repository/org/eclipse/jetty/jetty-servlet/9.3.25.v20180904/jetty-servlet-9.3.25.v20180904.jar:/home/user/.m2/repository/org/eclipse/jetty/jetty-security/9.3.25.v20180904/jetty-security-9.3.25.v20180904.jar:/home/user/.m2/repository/javax/servlet/jsp/jsp-api/2.1/jsp-api-2.1.jar:/home/user/.m2/repository/com/sun/jersey/jersey-servlet/1.19/jersey-servlet-1.19.jar:/home/user/.m2/repository/com/sun/jersey/jersey-json/1.19/jersey-json-1.19.jar:/home/user/.m2/repository/org/codehaus/jettison/jettison/1.1/jettison-1.1.jar:/home/user/.m2/repository/org/codehaus/jackson/jackson-core-asl/1.9.13/jackson-core-asl-1.9.13.jar:/home/user/.m2/repository/org/codehaus/jackson/jackson-mapper-asl/1.9.13/jackson-mapper-asl-1.9.13.jar:/home/user/.m2/repository/org/codehaus/jackson/jackson-jaxrs/1.9.13/jackson-jaxrs-1.9.13.jar:/home/user/.m2/repository/org/codehaus/jackson/jackson-xc/1.9.13/jackson-xc-1.9.13.jar:/home/user/.m2/repository/commons-logging/commons-logging/1.1.3/commons-logging-1.1.3.jar:/home/user/.m2/repository/commons-beanutils/commons-beanutils/1.9.4/commons-beanutils-1.9.4.jar:/home/user/.m2/repository/org/apache/commons/commons-configuration2/2.1.1/commons-configuration2-2.1.1.jar:/home/user/.m2/repository/org/apache/commons/commons-lang3/3.7/commons-lang3-3.7.jar:/home/user/.m2/repository/org/apache/commons/commons-text/1.4/commons-text-1.4.jar:/home/user/.m2/repository/org/apache/avro/avro/1.7.7/avro-1.7.7.jar:/home/user/.m2/repository/com/thoughtworks/paranamer/paranamer/2.3/paranamer-2.3.jar:/home/user/.m2/repository/org/xerial/snappy/snappy-java/1.0.5/snappy-java-1.0.5.jar:/home/user/.m2/repository/com/google/re2j/re2j/1.1/re2j-1.1.jar:/home/user/.m2/repository/com/google/code/gson/gson/2.2.4/gson-2.2.4.jar:/home/user/.m2/repository/com/jcraft/jsch/0.1.54/jsch-0.1.54.jar:/home/user/.m2/repository/org/apache/curator/curator-client/2.12.0/curator-client-2.12.0.jar:/home/user/.m2/repository/org/apache/curator/curator-recipes/2.12.0/curator-recipes-2.12.0.jar:/home/user/.m2/repository/com/google/code/findbugs/jsr305/3.0.0/jsr305-3.0.0.jar:/home/user/.m2/repository/org/apache/htrace/htrace-core4/4.1.0-incubating/htrace-core4-4.1.0-incubating.jar:/home/user/.m2/repository/org/apache/zookeeper/zookeeper/3.4.13/zookeeper-3.4.13.jar:/home/user/.m2/repository/jline/jline/0.9.94/jline-0.9.94.jar:/home/user/.m2/repository/org/apache/yetus/audience-annotations/0.5.0/audience-annotations-0.5.0.jar:/home/user/.m2/repository/org/codehaus/woodstox/stax2-api/3.1.4/stax2-api-3.1.4.jar:/home/user/.m2/repository/com/fasterxml/woodstox/woodstox-core/5.0.3/woodstox-core-5.0.3.jar:/home/user/.m2/repository/dnsjava/dnsjava/2.1.7/dnsjava-2.1.7.jar:/home/user/.m2/repository/org/apache/hadoop/hadoop-hdfs/3.2.0/hadoop-hdfs-3.2.0-tests.jar:/home/user/.m2/repository/org/eclipse/jetty/jetty-util-ajax/9.3.25.v20180904/jetty-util-ajax-9.3.25.v20180904.jar:/home/user/.m2/repository/commons-daemon/commons-daemon/1.0.13/commons-daemon-1.0.13.jar:/home/user/.m2/repository/io/netty/netty/3.10.5.Final/netty-3.10.5.Final.jar:/home/user/.m2/repository/io/netty/netty-all/4.0.52.Final/netty-all-4.0.52.Final.jar:/home/user/.m2/repository/org/fusesource/leveldbjni/leveldbjni-all/1.8/leveldbjni-all-1.8.jar:"/>
    <property name="sun.cpu.endian" value="little"/>
    <property name="user.home" value="/home/user"/>
    <property name="user.language" value="en"/>
    <property name="java.specification.vendor" value="Oracle Corporation"/>
    <property name="java.home" value="/usr/lib/jvm/java-1.8-openjdk/jre"/>
    <property name="java.security.krb5.conf" value="/workdir/hadoop-ozone/integration-test/target/test-classes/krb5.conf"/>
    <property name="basedir" value="/workdir/hadoop-ozone/integration-test"/>
    <property name="file.separator" value="/"/>
    <property name="line.separator" value="&#10;"/>
    <property name="java.vm.specification.vendor" value="Oracle Corporation"/>
    <property name="java.specification.name" value="Java Platform API Specification"/>
    <property name="java.awt.graphicsenv" value="sun.awt.X11GraphicsEnvironment"/>
    <property name="surefire.real.class.path" value="/workdir/hadoop-ozone/integration-test/target/surefire/surefirebooter3645193851682073713.jar"/>
    <property name="hadoop.log.dir" value="/workdir/hadoop-ozone/integration-test/target/log"/>
    <property name="sun.boot.class.path" value="/usr/lib/jvm/java-1.8-openjdk/jre/lib/resources.jar:/usr/lib/jvm/java-1.8-openjdk/jre/lib/rt.jar:/usr/lib/jvm/java-1.8-openjdk/jre/lib/sunrsasign.jar:/usr/lib/jvm/java-1.8-openjdk/jre/lib/jsse.jar:/usr/lib/jvm/java-1.8-openjdk/jre/lib/jce.jar:/usr/lib/jvm/java-1.8-openjdk/jre/lib/charsets.jar:/usr/lib/jvm/java-1.8-openjdk/jre/lib/jfr.jar:/usr/lib/jvm/java-1.8-openjdk/jre/classes"/>
    <property name="sun.management.compiler" value="HotSpot 64-Bit Tiered Compilers"/>
    <property name="java.runtime.version" value="1.8.0_212-b04"/>
    <property name="java.net.preferIPv4Stack" value="true"/>
    <property name="user.name" value="jenkins1000"/>
    <property name="path.separator" value=":"/>
    <property name="java.security.egd" value="file:///dev/urandom"/>
    <property name="os.version" value="3.10.0-957.12.2.el7.x86_64"/>
    <property name="java.endorsed.dirs" value="/usr/lib/jvm/java-1.8-openjdk/jre/lib/endorsed"/>
    <property name="java.runtime.name" value="OpenJDK Runtime Environment"/>
    <property name="file.encoding" value="UTF-8"/>
    <property name="java.vm.name" value="OpenJDK 64-Bit Server VM"/>
    <property name="test.build.webapps" value=""/>
    <property name="localRepository" value="/home/user/.m2/repository"/>
    <property name="java.vendor.url.bug" value="https://icedtea.classpath.org/bugzilla"/>
    <property name="java.io.tmpdir" value="/tmp"/>
    <property name="require.test.libhadoop" value=""/>
    <property name="java.version" value="1.8.0_212"/>
    <property name="user.dir" value="/workdir/hadoop-ozone/integration-test"/>
    <property name="os.arch" value="amd64"/>
    <property name="java.vm.specification.name" value="Java Virtual Machine Specification"/>
    <property name="test.build.classes" value="/workdir/hadoop-ozone/integration-test/target/test-classes"/>
    <property name="java.awt.printerjob" value="sun.print.PSPrinterJob"/>
    <property name="sun.os.patch.level" value="unknown"/>
    <property name="hadoop.tmp.dir" value="/workdir/hadoop-ozone/integration-test/target/tmp"/>
    <property name="java.library.path" value="/usr/lib/jvm/java-1.8-openjdk/jre/lib/amd64/server:/usr/lib/jvm/java-1.8-openjdk/jre/lib/amd64:/usr/lib/jvm/java-1.8-openjdk/jre/../lib/amd64:/workdir/hadoop-ozone/integration-test/target/native/target/usr/local/lib:/workdir/hadoop-ozone/integration-test/../../hadoop-common-project/hadoop-common/target/native/target/usr/local/lib:/usr/java/packages/lib/amd64:/usr/lib64:/lib64:/lib:/usr/lib"/>
    <property name="java.vm.info" value="mixed mode"/>
    <property name="java.vendor" value="IcedTea"/>
    <property name="java.vm.version" value="25.212-b04"/>
    <property name="java.ext.dirs" value="/usr/lib/jvm/java-1.8-openjdk/jre/lib/ext:/usr/java/packages/lib/ext"/>
    <property name="sun.io.unicode.encoding" value="UnicodeLittle"/>
    <property name="java.class.version" value="52.0"/>
  </properties>
  <testcase name="test2DatanodesFailure" classname="org.apache.hadoop.ozone.client.rpc.TestBlockOutputStreamWithFailures" time="108.797"/>
  <testcase name="testDatanodeFailureWithPreAllocation" classname="org.apache.hadoop.ozone.client.rpc.TestBlockOutputStreamWithFailures" time="221.586"/>
  <testcase name="testDatanodeFailureWithSingleNodeRatis" classname="org.apache.hadoop.ozone.client.rpc.TestBlockOutputStreamWithFailures" time="223.818"/>
  <testcase name="testWatchForCommitWithSingleNodeRatis" classname="org.apache.hadoop.ozone.client.rpc.TestBlockOutputStreamWithFailures" time="34.619"/>
  <testcase name="testWatchForCommitDatanodeFailure" classname="org.apache.hadoop.ozone.client.rpc.TestBlockOutputStreamWithFailures" time="47.351">
    <failure message="expected:&lt;2&gt; but was:&lt;3&gt;" type="java.lang.AssertionError"><![CDATA[java.lang.AssertionError: expected:<2> but was:<3>
	at org.junit.Assert.fail(Assert.java:88)
	at org.junit.Assert.failNotEquals(Assert.java:743)
	at org.junit.Assert.assertEquals(Assert.java:118)
	at org.junit.Assert.assertEquals(Assert.java:555)
	at org.junit.Assert.assertEquals(Assert.java:542)
	at org.apache.hadoop.ozone.client.rpc.TestBlockOutputStreamWithFailures.testWatchForCommitDatanodeFailure(TestBlockOutputStreamWithFailures.java:366)
	at sun.reflect.NativeMethodAccessorImpl.invoke0(Native Method)
	at sun.reflect.NativeMethodAccessorImpl.invoke(NativeMethodAccessorImpl.java:62)
	at sun.reflect.DelegatingMethodAccessorImpl.invoke(DelegatingMethodAccessorImpl.java:43)
	at java.lang.reflect.Method.invoke(Method.java:498)
	at org.junit.runners.model.FrameworkMethod$1.runReflectiveCall(FrameworkMethod.java:47)
	at org.junit.internal.runners.model.ReflectiveCallable.run(ReflectiveCallable.java:12)
	at org.junit.runners.model.FrameworkMethod.invokeExplosively(FrameworkMethod.java:44)
	at org.junit.internal.runners.statements.InvokeMethod.evaluate(InvokeMethod.java:17)
	at org.junit.internal.runners.statements.RunBefores.evaluate(RunBefores.java:26)
	at org.junit.internal.runners.statements.RunAfters.evaluate(RunAfters.java:27)
	at org.junit.runners.ParentRunner.runLeaf(ParentRunner.java:271)
	at org.junit.runners.BlockJUnit4ClassRunner.runChild(BlockJUnit4ClassRunner.java:70)
	at org.junit.runners.BlockJUnit4ClassRunner.runChild(BlockJUnit4ClassRunner.java:50)
	at org.junit.runners.ParentRunner$3.run(ParentRunner.java:238)
	at org.junit.runners.ParentRunner$1.schedule(ParentRunner.java:63)
	at org.junit.runners.ParentRunner.runChildren(ParentRunner.java:236)
	at org.junit.runners.ParentRunner.access$000(ParentRunner.java:53)
	at org.junit.runners.ParentRunner$2.evaluate(ParentRunner.java:229)
	at org.junit.runners.ParentRunner.run(ParentRunner.java:309)
	at org.apache.maven.surefire.junit4.JUnit4Provider.execute(JUnit4Provider.java:365)
	at org.apache.maven.surefire.junit4.JUnit4Provider.executeWithRerun(JUnit4Provider.java:273)
	at org.apache.maven.surefire.junit4.JUnit4Provider.executeTestSet(JUnit4Provider.java:238)
	at org.apache.maven.surefire.junit4.JUnit4Provider.invoke(JUnit4Provider.java:159)
	at org.apache.maven.surefire.booter.ForkedBooter.invokeProviderInSameClassLoader(ForkedBooter.java:384)
	at org.apache.maven.surefire.booter.ForkedBooter.runSuitesInProcess(ForkedBooter.java:345)
	at org.apache.maven.surefire.booter.ForkedBooter.execute(ForkedBooter.java:126)
	at org.apache.maven.surefire.booter.ForkedBooter.main(ForkedBooter.java:418)
]]></failure>
    <system-out><![CDATA[2019-09-30 14:06:00,715 [main] WARN  server.ServerUtils (ServerUtils.java:getScmDbDir(145)) - ozone.scm.db.dirs is not configured. We recommend adding this setting. Falling back to ozone.metadata.dirs instead.
2019-09-30 14:06:00,730 [main] WARN  server.ServerUtils (ServerUtils.java:getScmDbDir(145)) - ozone.scm.db.dirs is not configured. We recommend adding this setting. Falling back to ozone.metadata.dirs instead.
2019-09-30 14:06:00,731 [main] WARN  server.ServerUtils (ServerUtils.java:getScmDbDir(145)) - ozone.scm.db.dirs is not configured. We recommend adding this setting. Falling back to ozone.metadata.dirs instead.
2019-09-30 14:06:00,731 [main] INFO  db.DBStoreBuilder (DBStoreBuilder.java:addTable(110)) - using custom profile for table: deletedBlocks
2019-09-30 14:06:00,731 [main] INFO  db.DBStoreBuilder (DBStoreBuilder.java:processTables(161)) - Using default column profile:DBProfile.DISK for Table:deletedBlocks
2019-09-30 14:06:00,732 [main] INFO  db.DBStoreBuilder (DBStoreBuilder.java:addTable(110)) - using custom profile for table: validCerts
2019-09-30 14:06:00,732 [main] INFO  db.DBStoreBuilder (DBStoreBuilder.java:processTables(161)) - Using default column profile:DBProfile.DISK for Table:validCerts
2019-09-30 14:06:00,732 [main] INFO  db.DBStoreBuilder (DBStoreBuilder.java:addTable(110)) - using custom profile for table: revokedCerts
2019-09-30 14:06:00,732 [main] INFO  db.DBStoreBuilder (DBStoreBuilder.java:processTables(161)) - Using default column profile:DBProfile.DISK for Table:revokedCerts
2019-09-30 14:06:00,732 [main] INFO  db.DBStoreBuilder (DBStoreBuilder.java:addTable(110)) - using custom profile for table: default
2019-09-30 14:06:00,733 [main] INFO  db.DBStoreBuilder (DBStoreBuilder.java:processTables(167)) - Using default column profile:DBProfile.DISK for Table:default
2019-09-30 14:06:00,733 [main] INFO  db.DBStoreBuilder (DBStoreBuilder.java:getDbProfile(198)) - Using default options. DBProfile.DISK
2019-09-30 14:06:00,868 [main] INFO  net.NodeSchemaLoader (NodeSchemaLoader.java:loadSchemaFromFile(125)) - Loading file from sun.misc.CompoundEnumeration@1a1c21b4
2019-09-30 14:06:00,869 [main] INFO  net.NodeSchemaLoader (NodeSchemaLoader.java:loadSchema(171)) - Loading network topology layer schema file
2019-09-30 14:06:00,873 [main] INFO  node.SCMNodeManager (SCMNodeManager.java:<init>(114)) - Entering startup safe mode.
2019-09-30 14:06:00,873 [main] INFO  algorithms.ContainerPlacementPolicyFactory (ContainerPlacementPolicyFactory.java:getPolicy(57)) - Create container placement policy of type org.apache.hadoop.hdds.scm.container.placement.algorithms.SCMContainerPlacementRandom
2019-09-30 14:06:00,873 [main] WARN  server.ServerUtils (ServerUtils.java:getScmDbDir(145)) - ozone.scm.db.dirs is not configured. We recommend adding this setting. Falling back to ozone.metadata.dirs instead.
2019-09-30 14:06:00,909 [main] INFO  pipeline.SCMPipelineManager (SCMPipelineManager.java:initializePipelineState(132)) - No pipeline exists in current db
2019-09-30 14:06:00,910 [main] WARN  server.ServerUtils (ServerUtils.java:getScmDbDir(145)) - ozone.scm.db.dirs is not configured. We recommend adding this setting. Falling back to ozone.metadata.dirs instead.
2019-09-30 14:06:00,930 [main] WARN  events.EventQueue (EventQueue.java:fireEvent(183)) - No event handler registered for event TypedEvent{payloadType=SafeModeStatus, name='SafeModeStatus'}
2019-09-30 14:06:00,930 [main] INFO  ipc.CallQueueManager (CallQueueManager.java:<init>(84)) - Using callQueue: class java.util.concurrent.LinkedBlockingQueue, queueCapacity: 2000, scheduler: class org.apache.hadoop.ipc.DefaultRpcScheduler, ipcBackoff: false.
2019-09-30 14:06:00,931 [Socket Reader #1 for port 41550] INFO  ipc.Server (Server.java:run(1074)) - Starting Socket Reader #1 for port 41550
2019-09-30 14:06:00,933 [main] INFO  ipc.CallQueueManager (CallQueueManager.java:<init>(84)) - Using callQueue: class java.util.concurrent.LinkedBlockingQueue, queueCapacity: 2000, scheduler: class org.apache.hadoop.ipc.DefaultRpcScheduler, ipcBackoff: false.
2019-09-30 14:06:00,933 [Socket Reader #1 for port 45123] INFO  ipc.Server (Server.java:run(1074)) - Starting Socket Reader #1 for port 45123
2019-09-30 14:06:00,935 [main] INFO  ipc.CallQueueManager (CallQueueManager.java:<init>(84)) - Using callQueue: class java.util.concurrent.LinkedBlockingQueue, queueCapacity: 2000, scheduler: class org.apache.hadoop.ipc.DefaultRpcScheduler, ipcBackoff: false.
2019-09-30 14:06:00,935 [Socket Reader #1 for port 35376] INFO  ipc.Server (Server.java:run(1074)) - Starting Socket Reader #1 for port 35376
2019-09-30 14:06:00,938 [main] INFO  hdfs.DFSUtil (DFSUtil.java:httpServerTemplateForNNAndJN(1641)) - Starting Web-server for scm at: http://0.0.0.0:0
2019-09-30 14:06:00,940 [main] INFO  server.AuthenticationFilter (AuthenticationFilter.java:constructSecretProvider(240)) - Unable to initialize FileSignerSecretProvider, falling back to use random secrets.
2019-09-30 14:06:00,941 [main] WARN  http.HttpRequestLog (HttpRequestLog.java:getRequestLog(97)) - Jetty request log can only be enabled using Log4j
2019-09-30 14:06:00,943 [main] INFO  http.HttpServer2 (HttpServer2.java:addGlobalFilter(975)) - Added global filter 'safety' (class=org.apache.hadoop.http.HttpServer2$QuotingInputFilter)
2019-09-30 14:06:00,944 [main] INFO  http.HttpServer2 (HttpServer2.java:addFilter(948)) - Added filter static_user_filter (class=org.apache.hadoop.http.lib.StaticUserWebFilter$StaticUserFilter) to context scm
2019-09-30 14:06:00,944 [main] INFO  http.HttpServer2 (HttpServer2.java:addFilter(958)) - Added filter static_user_filter (class=org.apache.hadoop.http.lib.StaticUserWebFilter$StaticUserFilter) to context static
2019-09-30 14:06:00,944 [main] INFO  http.HttpServer2 (HttpServer2.java:addFilter(958)) - Added filter static_user_filter (class=org.apache.hadoop.http.lib.StaticUserWebFilter$StaticUserFilter) to context logs
2019-09-30 14:06:00,946 [main] INFO  server.StorageContainerManager (StorageContainerManager.java:start(770)) - StorageContainerLocationProtocol RPC server is listening at /0.0.0.0:35376
2019-09-30 14:06:00,948 [main] WARN  impl.MetricsConfig (MetricsConfig.java:loadFirst(134)) - Cannot locate configuration: tried hadoop-metrics2-storagecontainermanager.properties,hadoop-metrics2.properties
2019-09-30 14:06:00,949 [main] INFO  impl.MetricsSystemImpl (MetricsSystemImpl.java:startTimer(374)) - Scheduled Metric snapshot period at 10 second(s).
2019-09-30 14:06:00,949 [main] INFO  impl.MetricsSystemImpl (MetricsSystemImpl.java:start(191)) - StorageContainerManager metrics system started
2019-09-30 14:06:01,013 [main] WARN  impl.MetricsSystemImpl (MetricsSystemImpl.java:register(276)) - Sink prometheus already exists!
2019-09-30 14:06:01,083 [main] INFO  server.SCMClientProtocolServer (SCMClientProtocolServer.java:start(150)) - RPC server for Client  is listening at /0.0.0.0:35376
2019-09-30 14:06:01,084 [IPC Server Responder] INFO  ipc.Server (Server.java:run(1314)) - IPC Server Responder: starting
2019-09-30 14:06:01,084 [IPC Server listener on 35376] INFO  ipc.Server (Server.java:run(1153)) - IPC Server listener on 35376: starting
2019-09-30 14:06:01,090 [main] INFO  server.StorageContainerManager (StorageContainerManager.java:start(780)) - ScmBlockLocationProtocol RPC server is listening at /0.0.0.0:45123
2019-09-30 14:06:01,090 [main] INFO  server.SCMBlockProtocolServer (SCMBlockProtocolServer.java:start(146)) - RPC server for Block Protocol is listening at /0.0.0.0:45123
2019-09-30 14:06:01,091 [IPC Server Responder] INFO  ipc.Server (Server.java:run(1314)) - IPC Server Responder: starting
2019-09-30 14:06:01,091 [IPC Server listener on 45123] INFO  ipc.Server (Server.java:run(1153)) - IPC Server listener on 45123: starting
2019-09-30 14:06:01,095 [main] INFO  server.StorageContainerManager (StorageContainerManager.java:start(784)) - ScmDatanodeProtocl RPC server is listening at /0.0.0.0:41550
2019-09-30 14:06:01,095 [main] INFO  server.SCMDatanodeProtocolServer (SCMDatanodeProtocolServer.java:start(191)) - RPC server for DataNodes is listening at /0.0.0.0:41550
2019-09-30 14:06:01,095 [IPC Server Responder] INFO  ipc.Server (Server.java:run(1314)) - IPC Server Responder: starting
2019-09-30 14:06:01,095 [IPC Server listener on 41550] INFO  ipc.Server (Server.java:run(1153)) - IPC Server listener on 41550: starting
2019-09-30 14:06:01,098 [main] INFO  http.HttpServer2 (HttpServer2.java:bindListener(1191)) - Jetty bound to port 38292
2019-09-30 14:06:01,099 [main] INFO  server.Server (Server.java:doStart(351)) - jetty-9.3.25.v20180904, build timestamp: 2018-09-04T21:11:46Z, git hash: 3ce520221d0240229c862b122d2b06c12a625732
2019-09-30 14:06:01,100 [main] INFO  handler.ContextHandler (ContextHandler.java:doStart(781)) - Started o.e.j.s.ServletContextHandler@367d34c0{/logs,file:///workdir/hadoop-ozone/integration-test/target/log,AVAILABLE}
2019-09-30 14:06:01,100 [main] INFO  handler.ContextHandler (ContextHandler.java:doStart(781)) - Started o.e.j.s.ServletContextHandler@6380e9e9{/static,file:///workdir/hadoop-ozone/integration-test/target/test-classes/webapps/static,AVAILABLE}
2019-09-30 14:06:01,105 [main] INFO  handler.ContextHandler (ContextHandler.java:doStart(781)) - Started o.e.j.w.WebAppContext@62a6674f{/,file:///workdir/hadoop-ozone/integration-test/target/test-classes/webapps/scm/,AVAILABLE}{/scm}
2019-09-30 14:06:01,106 [main] INFO  server.AbstractConnector (AbstractConnector.java:doStart(278)) - Started ServerConnector@70881123{HTTP/1.1,[http/1.1]}{0.0.0.0:38292}
2019-09-30 14:06:01,107 [main] INFO  server.Server (Server.java:doStart(419)) - Started @589818ms
2019-09-30 14:06:01,107 [main] WARN  impl.MetricsSystemImpl (MetricsSystemImpl.java:register(276)) - Sink prometheus already exists!
2019-09-30 14:06:01,107 [main] INFO  server.BaseHttpServer (BaseHttpServer.java:updateConnectorAddress(215)) - HTTP server of SCM is listening at http://0.0.0.0:38292
2019-09-30 14:06:01,108 [main] WARN  server.ServerUtils (ServerUtils.java:getDBPath(222)) - ozone.om.db.dirs is not configured. We recommend adding this setting. Falling back to ozone.metadata.dirs instead.
2019-09-30 14:06:01,108 [org.apache.hadoop.util.JvmPauseMonitor$Monitor@5e905f2c] INFO  util.JvmPauseMonitor (JvmPauseMonitor.java:run(188)) - Starting JVM pause monitor
2019-09-30 14:06:01,123 [main] WARN  server.ServerUtils (ServerUtils.java:getDBPath(222)) - ozone.om.db.dirs is not configured. We recommend adding this setting. Falling back to ozone.metadata.dirs instead.
2019-09-30 14:06:01,123 [main] WARN  server.ServerUtils (ServerUtils.java:getDBPath(222)) - ozone.om.db.dirs is not configured. We recommend adding this setting. Falling back to ozone.metadata.dirs instead.
2019-09-30 14:06:01,123 [main] INFO  om.OzoneManager (OzoneManager.java:setOMNodeDetails(652)) - OM Service ID is not set. Setting it to the default ID: omServiceIdDefault
2019-09-30 14:06:01,124 [main] INFO  om.OzoneManager (OzoneManager.java:setOMNodeDetails(658)) - OM Node ID is not set. Setting it to the OmStorage's OmID: dd41a152-eefe-4944-88a8-3d31ea77b9f2
2019-09-30 14:06:01,124 [main] INFO  om.OzoneManager (OzoneManager.java:loadOMHAConfigs(609)) - Found matching OM address with OMServiceId: null, OMNodeId: null, RPC Address: localhost:0 and Ratis port: 9872
2019-09-30 14:06:01,130 [main] WARN  server.ServerUtils (ServerUtils.java:getDBPath(222)) - ozone.om.db.dirs is not configured. We recommend adding this setting. Falling back to ozone.metadata.dirs instead.
2019-09-30 14:06:01,131 [main] INFO  db.DBStoreBuilder (DBStoreBuilder.java:addTable(110)) - using custom profile for table: userTable
2019-09-30 14:06:01,131 [main] INFO  db.DBStoreBuilder (DBStoreBuilder.java:processTables(161)) - Using default column profile:DBProfile.DISK for Table:userTable
2019-09-30 14:06:01,131 [main] INFO  db.DBStoreBuilder (DBStoreBuilder.java:addTable(110)) - using custom profile for table: volumeTable
2019-09-30 14:06:01,131 [main] INFO  db.DBStoreBuilder (DBStoreBuilder.java:processTables(161)) - Using default column profile:DBProfile.DISK for Table:volumeTable
2019-09-30 14:06:01,132 [main] INFO  db.DBStoreBuilder (DBStoreBuilder.java:addTable(110)) - using custom profile for table: bucketTable
2019-09-30 14:06:01,132 [main] INFO  db.DBStoreBuilder (DBStoreBuilder.java:processTables(161)) - Using default column profile:DBProfile.DISK for Table:bucketTable
2019-09-30 14:06:01,132 [main] INFO  db.DBStoreBuilder (DBStoreBuilder.java:addTable(110)) - using custom profile for table: keyTable
2019-09-30 14:06:01,132 [main] INFO  db.DBStoreBuilder (DBStoreBuilder.java:processTables(161)) - Using default column profile:DBProfile.DISK for Table:keyTable
2019-09-30 14:06:01,133 [main] INFO  db.DBStoreBuilder (DBStoreBuilder.java:addTable(110)) - using custom profile for table: deletedTable
2019-09-30 14:06:01,133 [main] INFO  db.DBStoreBuilder (DBStoreBuilder.java:processTables(161)) - Using default column profile:DBProfile.DISK for Table:deletedTable
2019-09-30 14:06:01,133 [main] INFO  db.DBStoreBuilder (DBStoreBuilder.java:addTable(110)) - using custom profile for table: openKeyTable
2019-09-30 14:06:01,133 [main] INFO  db.DBStoreBuilder (DBStoreBuilder.java:processTables(161)) - Using default column profile:DBProfile.DISK for Table:openKeyTable
2019-09-30 14:06:01,133 [main] INFO  db.DBStoreBuilder (DBStoreBuilder.java:addTable(110)) - using custom profile for table: s3Table
2019-09-30 14:06:01,134 [main] INFO  db.DBStoreBuilder (DBStoreBuilder.java:processTables(161)) - Using default column profile:DBProfile.DISK for Table:s3Table
2019-09-30 14:06:01,134 [main] INFO  db.DBStoreBuilder (DBStoreBuilder.java:addTable(110)) - using custom profile for table: multipartInfoTable
2019-09-30 14:06:01,134 [main] INFO  db.DBStoreBuilder (DBStoreBuilder.java:processTables(161)) - Using default column profile:DBProfile.DISK for Table:multipartInfoTable
2019-09-30 14:06:01,135 [main] INFO  db.DBStoreBuilder (DBStoreBuilder.java:addTable(110)) - using custom profile for table: dTokenTable
2019-09-30 14:06:01,135 [main] INFO  db.DBStoreBuilder (DBStoreBuilder.java:processTables(161)) - Using default column profile:DBProfile.DISK for Table:dTokenTable
2019-09-30 14:06:01,135 [main] INFO  db.DBStoreBuilder (DBStoreBuilder.java:addTable(110)) - using custom profile for table: s3SecretTable
2019-09-30 14:06:01,135 [main] INFO  db.DBStoreBuilder (DBStoreBuilder.java:processTables(161)) - Using default column profile:DBProfile.DISK for Table:s3SecretTable
2019-09-30 14:06:01,135 [main] INFO  db.DBStoreBuilder (DBStoreBuilder.java:addTable(110)) - using custom profile for table: prefixTable
2019-09-30 14:06:01,136 [main] INFO  db.DBStoreBuilder (DBStoreBuilder.java:processTables(161)) - Using default column profile:DBProfile.DISK for Table:prefixTable
2019-09-30 14:06:01,136 [main] INFO  db.DBStoreBuilder (DBStoreBuilder.java:addTable(110)) - using custom profile for table: default
2019-09-30 14:06:01,136 [main] INFO  db.DBStoreBuilder (DBStoreBuilder.java:processTables(167)) - Using default column profile:DBProfile.DISK for Table:default
2019-09-30 14:06:01,136 [main] INFO  db.DBStoreBuilder (DBStoreBuilder.java:getDbProfile(198)) - Using default options. DBProfile.DISK
2019-09-30 14:06:01,568 [main] INFO  ipc.CallQueueManager (CallQueueManager.java:<init>(84)) - Using callQueue: class java.util.concurrent.LinkedBlockingQueue, queueCapacity: 2000, scheduler: class org.apache.hadoop.ipc.DefaultRpcScheduler, ipcBackoff: false.
2019-09-30 14:06:01,568 [Socket Reader #1 for port 37495] INFO  ipc.Server (Server.java:run(1074)) - Starting Socket Reader #1 for port 37495
2019-09-30 14:06:01,578 [main] INFO  om.OzoneManager (OzoneManager.java:start(1243)) - OzoneManager RPC server is listening at localhost/127.0.0.1:37495
2019-09-30 14:06:01,579 [main] INFO  impl.MetricsSystemImpl (MetricsSystemImpl.java:init(158)) - OzoneManager metrics system started (again)
2019-09-30 14:06:01,580 [IPC Server Responder] INFO  ipc.Server (Server.java:run(1314)) - IPC Server Responder: starting
2019-09-30 14:06:01,580 [IPC Server listener on 37495] INFO  ipc.Server (Server.java:run(1153)) - IPC Server listener on 37495: starting
2019-09-30 14:06:01,586 [main] INFO  hdfs.DFSUtil (DFSUtil.java:httpServerTemplateForNNAndJN(1641)) - Starting Web-server for ozoneManager at: http://0.0.0.0:0
2019-09-30 14:06:01,588 [main] INFO  server.AuthenticationFilter (AuthenticationFilter.java:constructSecretProvider(240)) - Unable to initialize FileSignerSecretProvider, falling back to use random secrets.
2019-09-30 14:06:01,588 [main] WARN  http.HttpRequestLog (HttpRequestLog.java:getRequestLog(97)) - Jetty request log can only be enabled using Log4j
2019-09-30 14:06:01,590 [main] INFO  http.HttpServer2 (HttpServer2.java:addGlobalFilter(975)) - Added global filter 'safety' (class=org.apache.hadoop.http.HttpServer2$QuotingInputFilter)
2019-09-30 14:06:01,591 [main] INFO  http.HttpServer2 (HttpServer2.java:addFilter(948)) - Added filter static_user_filter (class=org.apache.hadoop.http.lib.StaticUserWebFilter$StaticUserFilter) to context ozoneManager
2019-09-30 14:06:01,591 [main] INFO  http.HttpServer2 (HttpServer2.java:addFilter(958)) - Added filter static_user_filter (class=org.apache.hadoop.http.lib.StaticUserWebFilter$StaticUserFilter) to context static
2019-09-30 14:06:01,591 [main] INFO  http.HttpServer2 (HttpServer2.java:addFilter(958)) - Added filter static_user_filter (class=org.apache.hadoop.http.lib.StaticUserWebFilter$StaticUserFilter) to context logs
2019-09-30 14:06:01,592 [main] INFO  http.HttpServer2 (HttpServer2.java:bindListener(1191)) - Jetty bound to port 32983
2019-09-30 14:06:01,592 [main] INFO  server.Server (Server.java:doStart(351)) - jetty-9.3.25.v20180904, build timestamp: 2018-09-04T21:11:46Z, git hash: 3ce520221d0240229c862b122d2b06c12a625732
2019-09-30 14:06:01,593 [main] INFO  handler.ContextHandler (ContextHandler.java:doStart(781)) - Started o.e.j.s.ServletContextHandler@544e3679{/logs,file:///workdir/hadoop-ozone/integration-test/target/log,AVAILABLE}
2019-09-30 14:06:01,594 [main] INFO  handler.ContextHandler (ContextHandler.java:doStart(781)) - Started o.e.j.s.ServletContextHandler@231b35fb{/static,file:///workdir/hadoop-ozone/integration-test/target/test-classes/webapps/static,AVAILABLE}
2019-09-30 14:06:01,598 [main] INFO  handler.ContextHandler (ContextHandler.java:doStart(781)) - Started o.e.j.w.WebAppContext@21b51e59{/,file:///workdir/hadoop-ozone/integration-test/target/test-classes/webapps/ozoneManager/,AVAILABLE}{/ozoneManager}
2019-09-30 14:06:01,599 [main] INFO  server.AbstractConnector (AbstractConnector.java:doStart(278)) - Started ServerConnector@1785d194{HTTP/1.1,[http/1.1]}{0.0.0.0:32983}
2019-09-30 14:06:01,600 [main] INFO  server.Server (Server.java:doStart(419)) - Started @590311ms
2019-09-30 14:06:01,600 [main] WARN  impl.MetricsSystemImpl (MetricsSystemImpl.java:register(276)) - Sink prometheus already exists!
2019-09-30 14:06:01,603 [main] INFO  server.BaseHttpServer (BaseHttpServer.java:updateConnectorAddress(215)) - HTTP server of OZONEMANAGER is listening at http://0.0.0.0:32983
2019-09-30 14:06:01,619 [main] INFO  impl.MetricsSystemImpl (MetricsSystemImpl.java:init(158)) - HddsDatanode metrics system started (again)
2019-09-30 14:06:01,623 [main] INFO  ozone.HddsDatanodeService (HddsDatanodeService.java:start(184)) - HddsDatanodeService host:trunk-nightly-extra-20190930-74rp4-3411845215 ip:192.168.164.197
2019-09-30 14:06:01,630 [main] INFO  volume.HddsVolume (HddsVolume.java:<init>(176)) - Creating Volume: /workdir/hadoop-ozone/integration-test/target/test-dir/MiniOzoneClusterImpl-8b753bf4-8e52-47bf-b887-5f8f577e75fc/datanode-0/data/containers/hdds of  storage type : DISK and capacity : 1482555576320
2019-09-30 14:06:01,630 [main] INFO  volume.VolumeSet (VolumeSet.java:initializeVolumeSet(170)) - Added Volume : /workdir/hadoop-ozone/integration-test/target/test-dir/MiniOzoneClusterImpl-8b753bf4-8e52-47bf-b887-5f8f577e75fc/datanode-0/data/containers/hdds to VolumeSet
2019-09-30 14:06:01,630 [main] INFO  volume.ThrottledAsyncChecker (ThrottledAsyncChecker.java:schedule(139)) - Scheduling a check for org.apache.hadoop.ozone.container.common.volume.HddsVolume@216c22ce
2019-09-30 14:06:01,631 [main] INFO  volume.HddsVolumeChecker (HddsVolumeChecker.java:checkAllVolumes(202)) - Scheduled health check for volume org.apache.hadoop.ozone.container.common.volume.HddsVolume@216c22ce
2019-09-30 14:06:01,645 [main] INFO  impl.RaftServerProxy (ConfUtils.java:logGet(43)) - raft.rpc.type = GRPC (default)
2019-09-30 14:06:01,645 [main] INFO  grpc.GrpcFactory (GrpcFactory.java:checkPooledByteBufAllocatorUseCacheForAllThreads(45)) - PERFORMANCE WARNING: useCacheForAllThreads is true that may cause Netty to create a lot garbage objects and, as a result, trigger GC.
	It is recommended to disable useCacheForAllThreads by setting -Dorg.apache.ratis.thirdparty.io.netty.allocator.useCacheForAllThreads=false in command line.
2019-09-30 14:06:01,646 [main] INFO  grpc.GrpcConfigKeys$Server (ConfUtils.java:logGet(43)) - raft.grpc.server.port = 0 (default)
2019-09-30 14:06:01,646 [main] INFO  server.GrpcService (ConfUtils.java:logGet(43)) - raft.grpc.message.size.max = 33570816 (custom)
2019-09-30 14:06:01,646 [main] INFO  server.RaftServerConfigKeys (ConfUtils.java:logGet(43)) - raft.server.log.appender.buffer.byte-limit = 33554432 (custom)
2019-09-30 14:06:01,646 [main] INFO  server.GrpcService (ConfUtils.java:logGet(43)) - raft.grpc.flow.control.window = 1MB (=1048576) (default)
2019-09-30 14:06:01,647 [main] INFO  server.RaftServerConfigKeys (ConfUtils.java:logGet(43)) - raft.server.rpc.request.timeout = 3000ms (default)
2019-09-30 14:06:01,647 [main] INFO  server.RaftServerConfigKeys (ConfUtils.java:logGet(43)) - raft.server.storage.dir = [/workdir/hadoop-ozone/integration-test/target/test-dir/MiniOzoneClusterImpl-8b753bf4-8e52-47bf-b887-5f8f577e75fc/datanode-0/data/ratis] (custom)
2019-09-30 14:06:01,649 [main] INFO  hdfs.DFSUtil (DFSUtil.java:httpServerTemplateForNNAndJN(1641)) - Starting Web-server for hddsDatanode at: http://0.0.0.0:0
2019-09-30 14:06:01,650 [main] INFO  server.AuthenticationFilter (AuthenticationFilter.java:constructSecretProvider(240)) - Unable to initialize FileSignerSecretProvider, falling back to use random secrets.
2019-09-30 14:06:01,650 [main] WARN  http.HttpRequestLog (HttpRequestLog.java:getRequestLog(97)) - Jetty request log can only be enabled using Log4j
2019-09-30 14:06:01,651 [main] INFO  http.HttpServer2 (HttpServer2.java:addGlobalFilter(975)) - Added global filter 'safety' (class=org.apache.hadoop.http.HttpServer2$QuotingInputFilter)
2019-09-30 14:06:01,652 [main] INFO  http.HttpServer2 (HttpServer2.java:addFilter(948)) - Added filter static_user_filter (class=org.apache.hadoop.http.lib.StaticUserWebFilter$StaticUserFilter) to context hddsDatanode
2019-09-30 14:06:01,652 [main] INFO  http.HttpServer2 (HttpServer2.java:addFilter(958)) - Added filter static_user_filter (class=org.apache.hadoop.http.lib.StaticUserWebFilter$StaticUserFilter) to context logs
2019-09-30 14:06:01,652 [main] INFO  http.HttpServer2 (HttpServer2.java:addFilter(958)) - Added filter static_user_filter (class=org.apache.hadoop.http.lib.StaticUserWebFilter$StaticUserFilter) to context static
2019-09-30 14:06:01,653 [main] INFO  http.HttpServer2 (HttpServer2.java:bindListener(1191)) - Jetty bound to port 40027
2019-09-30 14:06:01,653 [main] INFO  server.Server (Server.java:doStart(351)) - jetty-9.3.25.v20180904, build timestamp: 2018-09-04T21:11:46Z, git hash: 3ce520221d0240229c862b122d2b06c12a625732
2019-09-30 14:06:01,654 [main] INFO  handler.ContextHandler (ContextHandler.java:doStart(781)) - Started o.e.j.s.ServletContextHandler@52ecc989{/logs,file:///workdir/hadoop-ozone/integration-test/target/log,AVAILABLE}
2019-09-30 14:06:01,655 [main] INFO  handler.ContextHandler (ContextHandler.java:doStart(781)) - Started o.e.j.s.ServletContextHandler@52f8a6f4{/static,jar:file:/home/user/.m2/repository/org/apache/hadoop/hadoop-hdds-container-service/0.5.0-SNAPSHOT/hadoop-hdds-container-service-0.5.0-SNAPSHOT.jar!/webapps/static,AVAILABLE}
2019-09-30 14:06:01,685 [main] INFO  handler.ContextHandler (ContextHandler.java:doStart(781)) - Started o.e.j.w.WebAppContext@696fad31{/,file:///tmp/jetty-0.0.0.0-40027-hddsDatanode-_-any-730374032564650763.dir/webapp/,AVAILABLE}{/hddsDatanode}
2019-09-30 14:06:01,686 [main] INFO  server.AbstractConnector (AbstractConnector.java:doStart(278)) - Started ServerConnector@2c06b113{HTTP/1.1,[http/1.1]}{0.0.0.0:40027}
2019-09-30 14:06:01,687 [main] INFO  server.Server (Server.java:doStart(419)) - Started @590398ms
2019-09-30 14:06:01,687 [main] WARN  impl.MetricsSystemImpl (MetricsSystemImpl.java:register(276)) - Sink prometheus already exists!
2019-09-30 14:06:01,688 [main] INFO  server.BaseHttpServer (BaseHttpServer.java:updateConnectorAddress(215)) - HTTP server of HDDSDATANODE is listening at http://0.0.0.0:40027
2019-09-30 14:06:01,688 [main] INFO  impl.MetricsSystemImpl (MetricsSystemImpl.java:init(158)) - HddsDatanode metrics system started (again)
2019-09-30 14:06:01,691 [main] INFO  ozone.HddsDatanodeService (HddsDatanodeService.java:start(184)) - HddsDatanodeService host:trunk-nightly-extra-20190930-74rp4-3411845215 ip:192.168.164.197
2019-09-30 14:06:01,691 [org.apache.hadoop.util.JvmPauseMonitor$Monitor@1e59d563] INFO  util.JvmPauseMonitor (JvmPauseMonitor.java:run(188)) - Starting JVM pause monitor
2019-09-30 14:06:01,693 [Datanode State Machine Thread - 0] INFO  datanode.InitDatanodeState (InitDatanodeState.java:persistContainerDatanodeDetails(140)) - DatanodeDetails is persisted to /workdir/hadoop-ozone/integration-test/target/test-dir/MiniOzoneClusterImpl-8b753bf4-8e52-47bf-b887-5f8f577e75fc/datanode-0/meta/datanode.id
2019-09-30 14:06:01,697 [main] INFO  volume.HddsVolume (HddsVolume.java:<init>(176)) - Creating Volume: /workdir/hadoop-ozone/integration-test/target/test-dir/MiniOzoneClusterImpl-8b753bf4-8e52-47bf-b887-5f8f577e75fc/datanode-1/data/containers/hdds of  storage type : DISK and capacity : 1482555576320
2019-09-30 14:06:01,698 [main] INFO  volume.VolumeSet (VolumeSet.java:initializeVolumeSet(170)) - Added Volume : /workdir/hadoop-ozone/integration-test/target/test-dir/MiniOzoneClusterImpl-8b753bf4-8e52-47bf-b887-5f8f577e75fc/datanode-1/data/containers/hdds to VolumeSet
2019-09-30 14:06:01,698 [main] INFO  volume.ThrottledAsyncChecker (ThrottledAsyncChecker.java:schedule(139)) - Scheduling a check for org.apache.hadoop.ozone.container.common.volume.HddsVolume@47fcefb3
2019-09-30 14:06:01,698 [main] INFO  volume.HddsVolumeChecker (HddsVolumeChecker.java:checkAllVolumes(202)) - Scheduled health check for volume org.apache.hadoop.ozone.container.common.volume.HddsVolume@47fcefb3
2019-09-30 14:06:01,710 [main] INFO  impl.RaftServerProxy (ConfUtils.java:logGet(43)) - raft.rpc.type = GRPC (default)
2019-09-30 14:06:01,711 [main] INFO  grpc.GrpcFactory (GrpcFactory.java:checkPooledByteBufAllocatorUseCacheForAllThreads(45)) - PERFORMANCE WARNING: useCacheForAllThreads is true that may cause Netty to create a lot garbage objects and, as a result, trigger GC.
	It is recommended to disable useCacheForAllThreads by setting -Dorg.apache.ratis.thirdparty.io.netty.allocator.useCacheForAllThreads=false in command line.
2019-09-30 14:06:01,711 [main] INFO  grpc.GrpcConfigKeys$Server (ConfUtils.java:logGet(43)) - raft.grpc.server.port = 0 (default)
2019-09-30 14:06:01,711 [main] INFO  server.GrpcService (ConfUtils.java:logGet(43)) - raft.grpc.message.size.max = 33570816 (custom)
2019-09-30 14:06:01,711 [main] INFO  server.RaftServerConfigKeys (ConfUtils.java:logGet(43)) - raft.server.log.appender.buffer.byte-limit = 33554432 (custom)
2019-09-30 14:06:01,711 [main] INFO  server.GrpcService (ConfUtils.java:logGet(43)) - raft.grpc.flow.control.window = 1MB (=1048576) (default)
2019-09-30 14:06:01,711 [main] INFO  server.RaftServerConfigKeys (ConfUtils.java:logGet(43)) - raft.server.rpc.request.timeout = 3000ms (default)
2019-09-30 14:06:01,712 [main] INFO  server.RaftServerConfigKeys (ConfUtils.java:logGet(43)) - raft.server.storage.dir = [/workdir/hadoop-ozone/integration-test/target/test-dir/MiniOzoneClusterImpl-8b753bf4-8e52-47bf-b887-5f8f577e75fc/datanode-1/data/ratis] (custom)
2019-09-30 14:06:01,713 [main] INFO  hdfs.DFSUtil (DFSUtil.java:httpServerTemplateForNNAndJN(1641)) - Starting Web-server for hddsDatanode at: http://0.0.0.0:0
2019-09-30 14:06:01,715 [main] INFO  server.AuthenticationFilter (AuthenticationFilter.java:constructSecretProvider(240)) - Unable to initialize FileSignerSecretProvider, falling back to use random secrets.
2019-09-30 14:06:01,715 [main] WARN  http.HttpRequestLog (HttpRequestLog.java:getRequestLog(97)) - Jetty request log can only be enabled using Log4j
2019-09-30 14:06:01,717 [main] INFO  http.HttpServer2 (HttpServer2.java:addGlobalFilter(975)) - Added global filter 'safety' (class=org.apache.hadoop.http.HttpServer2$QuotingInputFilter)
2019-09-30 14:06:01,718 [main] INFO  http.HttpServer2 (HttpServer2.java:addFilter(948)) - Added filter static_user_filter (class=org.apache.hadoop.http.lib.StaticUserWebFilter$StaticUserFilter) to context hddsDatanode
2019-09-30 14:06:01,718 [main] INFO  http.HttpServer2 (HttpServer2.java:addFilter(958)) - Added filter static_user_filter (class=org.apache.hadoop.http.lib.StaticUserWebFilter$StaticUserFilter) to context logs
2019-09-30 14:06:01,718 [main] INFO  http.HttpServer2 (HttpServer2.java:addFilter(958)) - Added filter static_user_filter (class=org.apache.hadoop.http.lib.StaticUserWebFilter$StaticUserFilter) to context static
2019-09-30 14:06:01,719 [main] INFO  http.HttpServer2 (HttpServer2.java:bindListener(1191)) - Jetty bound to port 33059
2019-09-30 14:06:01,719 [main] INFO  server.Server (Server.java:doStart(351)) - jetty-9.3.25.v20180904, build timestamp: 2018-09-04T21:11:46Z, git hash: 3ce520221d0240229c862b122d2b06c12a625732
2019-09-30 14:06:01,721 [main] INFO  handler.ContextHandler (ContextHandler.java:doStart(781)) - Started o.e.j.s.ServletContextHandler@7b8ea1db{/logs,file:///workdir/hadoop-ozone/integration-test/target/log,AVAILABLE}
2019-09-30 14:06:01,722 [main] INFO  handler.ContextHandler (ContextHandler.java:doStart(781)) - Started o.e.j.s.ServletContextHandler@77083e41{/static,jar:file:/home/user/.m2/repository/org/apache/hadoop/hadoop-hdds-container-service/0.5.0-SNAPSHOT/hadoop-hdds-container-service-0.5.0-SNAPSHOT.jar!/webapps/static,AVAILABLE}
2019-09-30 14:06:01,763 [main] INFO  handler.ContextHandler (ContextHandler.java:doStart(781)) - Started o.e.j.w.WebAppContext@68dfda77{/,file:///tmp/jetty-0.0.0.0-33059-hddsDatanode-_-any-908598153948557371.dir/webapp/,AVAILABLE}{/hddsDatanode}
2019-09-30 14:06:01,763 [main] INFO  server.AbstractConnector (AbstractConnector.java:doStart(278)) - Started ServerConnector@50cdfafa{HTTP/1.1,[http/1.1]}{0.0.0.0:33059}
2019-09-30 14:06:01,764 [main] INFO  server.Server (Server.java:doStart(419)) - Started @590475ms
2019-09-30 14:06:01,765 [main] WARN  impl.MetricsSystemImpl (MetricsSystemImpl.java:register(276)) - Sink prometheus already exists!
2019-09-30 14:06:01,766 [main] INFO  server.BaseHttpServer (BaseHttpServer.java:updateConnectorAddress(215)) - HTTP server of HDDSDATANODE is listening at http://0.0.0.0:33059
2019-09-30 14:06:01,766 [main] INFO  impl.MetricsSystemImpl (MetricsSystemImpl.java:init(158)) - HddsDatanode metrics system started (again)
2019-09-30 14:06:01,770 [org.apache.hadoop.util.JvmPauseMonitor$Monitor@7130a628] INFO  util.JvmPauseMonitor (JvmPauseMonitor.java:run(188)) - Starting JVM pause monitor
2019-09-30 14:06:01,770 [main] INFO  ozone.HddsDatanodeService (HddsDatanodeService.java:start(184)) - HddsDatanodeService host:trunk-nightly-extra-20190930-74rp4-3411845215 ip:192.168.164.197
2019-09-30 14:06:01,772 [Datanode State Machine Thread - 0] INFO  datanode.InitDatanodeState (InitDatanodeState.java:persistContainerDatanodeDetails(140)) - DatanodeDetails is persisted to /workdir/hadoop-ozone/integration-test/target/test-dir/MiniOzoneClusterImpl-8b753bf4-8e52-47bf-b887-5f8f577e75fc/datanode-1/meta/datanode.id
2019-09-30 14:06:01,777 [main] INFO  volume.HddsVolume (HddsVolume.java:<init>(176)) - Creating Volume: /workdir/hadoop-ozone/integration-test/target/test-dir/MiniOzoneClusterImpl-8b753bf4-8e52-47bf-b887-5f8f577e75fc/datanode-2/data/containers/hdds of  storage type : DISK and capacity : 1482555576320
2019-09-30 14:06:01,778 [main] INFO  volume.VolumeSet (VolumeSet.java:initializeVolumeSet(170)) - Added Volume : /workdir/hadoop-ozone/integration-test/target/test-dir/MiniOzoneClusterImpl-8b753bf4-8e52-47bf-b887-5f8f577e75fc/datanode-2/data/containers/hdds to VolumeSet
2019-09-30 14:06:01,778 [main] INFO  volume.ThrottledAsyncChecker (ThrottledAsyncChecker.java:schedule(139)) - Scheduling a check for org.apache.hadoop.ozone.container.common.volume.HddsVolume@279126f5
2019-09-30 14:06:01,778 [main] INFO  volume.HddsVolumeChecker (HddsVolumeChecker.java:checkAllVolumes(202)) - Scheduled health check for volume org.apache.hadoop.ozone.container.common.volume.HddsVolume@279126f5
2019-09-30 14:06:01,799 [main] INFO  impl.RaftServerProxy (ConfUtils.java:logGet(43)) - raft.rpc.type = GRPC (default)
2019-09-30 14:06:01,799 [main] INFO  grpc.GrpcFactory (GrpcFactory.java:checkPooledByteBufAllocatorUseCacheForAllThreads(45)) - PERFORMANCE WARNING: useCacheForAllThreads is true that may cause Netty to create a lot garbage objects and, as a result, trigger GC.
	It is recommended to disable useCacheForAllThreads by setting -Dorg.apache.ratis.thirdparty.io.netty.allocator.useCacheForAllThreads=false in command line.
2019-09-30 14:06:01,800 [main] INFO  grpc.GrpcConfigKeys$Server (ConfUtils.java:logGet(43)) - raft.grpc.server.port = 0 (default)
2019-09-30 14:06:01,800 [main] INFO  server.GrpcService (ConfUtils.java:logGet(43)) - raft.grpc.message.size.max = 33570816 (custom)
2019-09-30 14:06:01,800 [main] INFO  server.RaftServerConfigKeys (ConfUtils.java:logGet(43)) - raft.server.log.appender.buffer.byte-limit = 33554432 (custom)
2019-09-30 14:06:01,800 [main] INFO  server.GrpcService (ConfUtils.java:logGet(43)) - raft.grpc.flow.control.window = 1MB (=1048576) (default)
2019-09-30 14:06:01,801 [main] INFO  server.RaftServerConfigKeys (ConfUtils.java:logGet(43)) - raft.server.rpc.request.timeout = 3000ms (default)
2019-09-30 14:06:01,801 [main] INFO  server.RaftServerConfigKeys (ConfUtils.java:logGet(43)) - raft.server.storage.dir = [/workdir/hadoop-ozone/integration-test/target/test-dir/MiniOzoneClusterImpl-8b753bf4-8e52-47bf-b887-5f8f577e75fc/datanode-2/data/ratis] (custom)
2019-09-30 14:06:01,803 [main] INFO  hdfs.DFSUtil (DFSUtil.java:httpServerTemplateForNNAndJN(1641)) - Starting Web-server for hddsDatanode at: http://0.0.0.0:0
2019-09-30 14:06:01,805 [main] INFO  server.AuthenticationFilter (AuthenticationFilter.java:constructSecretProvider(240)) - Unable to initialize FileSignerSecretProvider, falling back to use random secrets.
2019-09-30 14:06:01,805 [main] WARN  http.HttpRequestLog (HttpRequestLog.java:getRequestLog(97)) - Jetty request log can only be enabled using Log4j
2019-09-30 14:06:01,807 [main] INFO  http.HttpServer2 (HttpServer2.java:addGlobalFilter(975)) - Added global filter 'safety' (class=org.apache.hadoop.http.HttpServer2$QuotingInputFilter)
2019-09-30 14:06:01,807 [main] INFO  http.HttpServer2 (HttpServer2.java:addFilter(948)) - Added filter static_user_filter (class=org.apache.hadoop.http.lib.StaticUserWebFilter$StaticUserFilter) to context hddsDatanode
2019-09-30 14:06:01,808 [main] INFO  http.HttpServer2 (HttpServer2.java:addFilter(958)) - Added filter static_user_filter (class=org.apache.hadoop.http.lib.StaticUserWebFilter$StaticUserFilter) to context logs
2019-09-30 14:06:01,808 [main] INFO  http.HttpServer2 (HttpServer2.java:addFilter(958)) - Added filter static_user_filter (class=org.apache.hadoop.http.lib.StaticUserWebFilter$StaticUserFilter) to context static
2019-09-30 14:06:01,809 [main] INFO  http.HttpServer2 (HttpServer2.java:bindListener(1191)) - Jetty bound to port 44873
2019-09-30 14:06:01,809 [main] INFO  server.Server (Server.java:doStart(351)) - jetty-9.3.25.v20180904, build timestamp: 2018-09-04T21:11:46Z, git hash: 3ce520221d0240229c862b122d2b06c12a625732
2019-09-30 14:06:01,810 [main] INFO  handler.ContextHandler (ContextHandler.java:doStart(781)) - Started o.e.j.s.ServletContextHandler@5e3db14{/logs,file:///workdir/hadoop-ozone/integration-test/target/log,AVAILABLE}
2019-09-30 14:06:01,811 [main] INFO  handler.ContextHandler (ContextHandler.java:doStart(781)) - Started o.e.j.s.ServletContextHandler@325162e9{/static,jar:file:/home/user/.m2/repository/org/apache/hadoop/hadoop-hdds-container-service/0.5.0-SNAPSHOT/hadoop-hdds-container-service-0.5.0-SNAPSHOT.jar!/webapps/static,AVAILABLE}
2019-09-30 14:06:01,847 [main] INFO  handler.ContextHandler (ContextHandler.java:doStart(781)) - Started o.e.j.w.WebAppContext@7bd38fed{/,file:///tmp/jetty-0.0.0.0-44873-hddsDatanode-_-any-7758116352458805633.dir/webapp/,AVAILABLE}{/hddsDatanode}
2019-09-30 14:06:01,848 [main] INFO  server.AbstractConnector (AbstractConnector.java:doStart(278)) - Started ServerConnector@377dfb8d{HTTP/1.1,[http/1.1]}{0.0.0.0:44873}
2019-09-30 14:06:01,850 [main] INFO  server.Server (Server.java:doStart(419)) - Started @590561ms
2019-09-30 14:06:01,850 [main] WARN  impl.MetricsSystemImpl (MetricsSystemImpl.java:register(276)) - Sink prometheus already exists!
2019-09-30 14:06:01,851 [main] INFO  server.BaseHttpServer (BaseHttpServer.java:updateConnectorAddress(215)) - HTTP server of HDDSDATANODE is listening at http://0.0.0.0:44873
2019-09-30 14:06:01,851 [main] INFO  impl.MetricsSystemImpl (MetricsSystemImpl.java:init(158)) - HddsDatanode metrics system started (again)
2019-09-30 14:06:01,856 [org.apache.hadoop.util.JvmPauseMonitor$Monitor@5cb43203] INFO  util.JvmPauseMonitor (JvmPauseMonitor.java:run(188)) - Starting JVM pause monitor
2019-09-30 14:06:01,856 [main] INFO  ozone.HddsDatanodeService (HddsDatanodeService.java:start(184)) - HddsDatanodeService host:trunk-nightly-extra-20190930-74rp4-3411845215 ip:192.168.164.197
2019-09-30 14:06:01,858 [Datanode State Machine Thread - 0] INFO  datanode.InitDatanodeState (InitDatanodeState.java:persistContainerDatanodeDetails(140)) - DatanodeDetails is persisted to /workdir/hadoop-ozone/integration-test/target/test-dir/MiniOzoneClusterImpl-8b753bf4-8e52-47bf-b887-5f8f577e75fc/datanode-2/meta/datanode.id
2019-09-30 14:06:01,864 [main] INFO  volume.HddsVolume (HddsVolume.java:<init>(176)) - Creating Volume: /workdir/hadoop-ozone/integration-test/target/test-dir/MiniOzoneClusterImpl-8b753bf4-8e52-47bf-b887-5f8f577e75fc/datanode-3/data/containers/hdds of  storage type : DISK and capacity : 1482555576320
2019-09-30 14:06:01,865 [main] INFO  volume.VolumeSet (VolumeSet.java:initializeVolumeSet(170)) - Added Volume : /workdir/hadoop-ozone/integration-test/target/test-dir/MiniOzoneClusterImpl-8b753bf4-8e52-47bf-b887-5f8f577e75fc/datanode-3/data/containers/hdds to VolumeSet
2019-09-30 14:06:01,865 [main] INFO  volume.ThrottledAsyncChecker (ThrottledAsyncChecker.java:schedule(139)) - Scheduling a check for org.apache.hadoop.ozone.container.common.volume.HddsVolume@34c76167
2019-09-30 14:06:01,865 [main] INFO  volume.HddsVolumeChecker (HddsVolumeChecker.java:checkAllVolumes(202)) - Scheduled health check for volume org.apache.hadoop.ozone.container.common.volume.HddsVolume@34c76167
2019-09-30 14:06:01,881 [main] INFO  impl.RaftServerProxy (ConfUtils.java:logGet(43)) - raft.rpc.type = GRPC (default)
2019-09-30 14:06:01,882 [main] INFO  grpc.GrpcFactory (GrpcFactory.java:checkPooledByteBufAllocatorUseCacheForAllThreads(45)) - PERFORMANCE WARNING: useCacheForAllThreads is true that may cause Netty to create a lot garbage objects and, as a result, trigger GC.
	It is recommended to disable useCacheForAllThreads by setting -Dorg.apache.ratis.thirdparty.io.netty.allocator.useCacheForAllThreads=false in command line.
2019-09-30 14:06:01,882 [main] INFO  grpc.GrpcConfigKeys$Server (ConfUtils.java:logGet(43)) - raft.grpc.server.port = 0 (default)
2019-09-30 14:06:01,882 [main] INFO  server.GrpcService (ConfUtils.java:logGet(43)) - raft.grpc.message.size.max = 33570816 (custom)
2019-09-30 14:06:01,883 [main] INFO  server.RaftServerConfigKeys (ConfUtils.java:logGet(43)) - raft.server.log.appender.buffer.byte-limit = 33554432 (custom)
2019-09-30 14:06:01,883 [main] INFO  server.GrpcService (ConfUtils.java:logGet(43)) - raft.grpc.flow.control.window = 1MB (=1048576) (default)
2019-09-30 14:06:01,883 [main] INFO  server.RaftServerConfigKeys (ConfUtils.java:logGet(43)) - raft.server.rpc.request.timeout = 3000ms (default)
2019-09-30 14:06:01,884 [main] INFO  server.RaftServerConfigKeys (ConfUtils.java:logGet(43)) - raft.server.storage.dir = [/workdir/hadoop-ozone/integration-test/target/test-dir/MiniOzoneClusterImpl-8b753bf4-8e52-47bf-b887-5f8f577e75fc/datanode-3/data/ratis] (custom)
2019-09-30 14:06:01,885 [main] INFO  hdfs.DFSUtil (DFSUtil.java:httpServerTemplateForNNAndJN(1641)) - Starting Web-server for hddsDatanode at: http://0.0.0.0:0
2019-09-30 14:06:01,887 [main] INFO  server.AuthenticationFilter (AuthenticationFilter.java:constructSecretProvider(240)) - Unable to initialize FileSignerSecretProvider, falling back to use random secrets.
2019-09-30 14:06:01,888 [main] WARN  http.HttpRequestLog (HttpRequestLog.java:getRequestLog(97)) - Jetty request log can only be enabled using Log4j
2019-09-30 14:06:01,889 [main] INFO  http.HttpServer2 (HttpServer2.java:addGlobalFilter(975)) - Added global filter 'safety' (class=org.apache.hadoop.http.HttpServer2$QuotingInputFilter)
2019-09-30 14:06:01,890 [main] INFO  http.HttpServer2 (HttpServer2.java:addFilter(948)) - Added filter static_user_filter (class=org.apache.hadoop.http.lib.StaticUserWebFilter$StaticUserFilter) to context hddsDatanode
2019-09-30 14:06:01,890 [main] INFO  http.HttpServer2 (HttpServer2.java:addFilter(958)) - Added filter static_user_filter (class=org.apache.hadoop.http.lib.StaticUserWebFilter$StaticUserFilter) to context logs
2019-09-30 14:06:01,890 [main] INFO  http.HttpServer2 (HttpServer2.java:addFilter(958)) - Added filter static_user_filter (class=org.apache.hadoop.http.lib.StaticUserWebFilter$StaticUserFilter) to context static
2019-09-30 14:06:01,891 [main] INFO  http.HttpServer2 (HttpServer2.java:bindListener(1191)) - Jetty bound to port 39888
2019-09-30 14:06:01,891 [main] INFO  server.Server (Server.java:doStart(351)) - jetty-9.3.25.v20180904, build timestamp: 2018-09-04T21:11:46Z, git hash: 3ce520221d0240229c862b122d2b06c12a625732
2019-09-30 14:06:01,893 [main] INFO  handler.ContextHandler (ContextHandler.java:doStart(781)) - Started o.e.j.s.ServletContextHandler@21274afe{/logs,file:///workdir/hadoop-ozone/integration-test/target/log,AVAILABLE}
2019-09-30 14:06:01,894 [main] INFO  handler.ContextHandler (ContextHandler.java:doStart(781)) - Started o.e.j.s.ServletContextHandler@61da0413{/static,jar:file:/home/user/.m2/repository/org/apache/hadoop/hadoop-hdds-container-service/0.5.0-SNAPSHOT/hadoop-hdds-container-service-0.5.0-SNAPSHOT.jar!/webapps/static,AVAILABLE}
2019-09-30 14:06:01,932 [main] INFO  handler.ContextHandler (ContextHandler.java:doStart(781)) - Started o.e.j.w.WebAppContext@1de13f34{/,file:///tmp/jetty-0.0.0.0-39888-hddsDatanode-_-any-1704312840155445608.dir/webapp/,AVAILABLE}{/hddsDatanode}
2019-09-30 14:06:01,932 [main] INFO  server.AbstractConnector (AbstractConnector.java:doStart(278)) - Started ServerConnector@7e191fda{HTTP/1.1,[http/1.1]}{0.0.0.0:39888}
2019-09-30 14:06:01,932 [main] INFO  server.Server (Server.java:doStart(419)) - Started @590643ms
2019-09-30 14:06:01,934 [main] WARN  impl.MetricsSystemImpl (MetricsSystemImpl.java:register(276)) - Sink prometheus already exists!
2019-09-30 14:06:01,935 [main] INFO  server.BaseHttpServer (BaseHttpServer.java:updateConnectorAddress(215)) - HTTP server of HDDSDATANODE is listening at http://0.0.0.0:39888
2019-09-30 14:06:01,935 [main] INFO  impl.MetricsSystemImpl (MetricsSystemImpl.java:init(158)) - HddsDatanode metrics system started (again)
2019-09-30 14:06:01,939 [org.apache.hadoop.util.JvmPauseMonitor$Monitor@2fd5a292] INFO  util.JvmPauseMonitor (JvmPauseMonitor.java:run(188)) - Starting JVM pause monitor
2019-09-30 14:06:01,940 [main] INFO  ozone.HddsDatanodeService (HddsDatanodeService.java:start(184)) - HddsDatanodeService host:trunk-nightly-extra-20190930-74rp4-3411845215 ip:192.168.164.197
2019-09-30 14:06:01,941 [Datanode State Machine Thread - 0] INFO  datanode.InitDatanodeState (InitDatanodeState.java:persistContainerDatanodeDetails(140)) - DatanodeDetails is persisted to /workdir/hadoop-ozone/integration-test/target/test-dir/MiniOzoneClusterImpl-8b753bf4-8e52-47bf-b887-5f8f577e75fc/datanode-3/meta/datanode.id
2019-09-30 14:06:01,946 [main] INFO  volume.HddsVolume (HddsVolume.java:<init>(176)) - Creating Volume: /workdir/hadoop-ozone/integration-test/target/test-dir/MiniOzoneClusterImpl-8b753bf4-8e52-47bf-b887-5f8f577e75fc/datanode-4/data/containers/hdds of  storage type : DISK and capacity : 1482555576320
2019-09-30 14:06:01,946 [main] INFO  volume.VolumeSet (VolumeSet.java:initializeVolumeSet(170)) - Added Volume : /workdir/hadoop-ozone/integration-test/target/test-dir/MiniOzoneClusterImpl-8b753bf4-8e52-47bf-b887-5f8f577e75fc/datanode-4/data/containers/hdds to VolumeSet
2019-09-30 14:06:01,946 [main] INFO  volume.ThrottledAsyncChecker (ThrottledAsyncChecker.java:schedule(139)) - Scheduling a check for org.apache.hadoop.ozone.container.common.volume.HddsVolume@125f16b2
2019-09-30 14:06:01,947 [main] INFO  volume.HddsVolumeChecker (HddsVolumeChecker.java:checkAllVolumes(202)) - Scheduled health check for volume org.apache.hadoop.ozone.container.common.volume.HddsVolume@125f16b2
2019-09-30 14:06:01,964 [main] INFO  impl.RaftServerProxy (ConfUtils.java:logGet(43)) - raft.rpc.type = GRPC (default)
2019-09-30 14:06:01,965 [main] INFO  grpc.GrpcFactory (GrpcFactory.java:checkPooledByteBufAllocatorUseCacheForAllThreads(45)) - PERFORMANCE WARNING: useCacheForAllThreads is true that may cause Netty to create a lot garbage objects and, as a result, trigger GC.
	It is recommended to disable useCacheForAllThreads by setting -Dorg.apache.ratis.thirdparty.io.netty.allocator.useCacheForAllThreads=false in command line.
2019-09-30 14:06:01,965 [main] INFO  grpc.GrpcConfigKeys$Server (ConfUtils.java:logGet(43)) - raft.grpc.server.port = 0 (default)
2019-09-30 14:06:01,965 [main] INFO  server.GrpcService (ConfUtils.java:logGet(43)) - raft.grpc.message.size.max = 33570816 (custom)
2019-09-30 14:06:01,965 [main] INFO  server.RaftServerConfigKeys (ConfUtils.java:logGet(43)) - raft.server.log.appender.buffer.byte-limit = 33554432 (custom)
2019-09-30 14:06:01,966 [main] INFO  server.GrpcService (ConfUtils.java:logGet(43)) - raft.grpc.flow.control.window = 1MB (=1048576) (default)
2019-09-30 14:06:01,966 [main] INFO  server.RaftServerConfigKeys (ConfUtils.java:logGet(43)) - raft.server.rpc.request.timeout = 3000ms (default)
2019-09-30 14:06:01,966 [main] INFO  server.RaftServerConfigKeys (ConfUtils.java:logGet(43)) - raft.server.storage.dir = [/workdir/hadoop-ozone/integration-test/target/test-dir/MiniOzoneClusterImpl-8b753bf4-8e52-47bf-b887-5f8f577e75fc/datanode-4/data/ratis] (custom)
2019-09-30 14:06:01,968 [main] INFO  hdfs.DFSUtil (DFSUtil.java:httpServerTemplateForNNAndJN(1641)) - Starting Web-server for hddsDatanode at: http://0.0.0.0:0
2019-09-30 14:06:01,969 [main] INFO  server.AuthenticationFilter (AuthenticationFilter.java:constructSecretProvider(240)) - Unable to initialize FileSignerSecretProvider, falling back to use random secrets.
2019-09-30 14:06:01,969 [main] WARN  http.HttpRequestLog (HttpRequestLog.java:getRequestLog(97)) - Jetty request log can only be enabled using Log4j
2019-09-30 14:06:01,971 [main] INFO  http.HttpServer2 (HttpServer2.java:addGlobalFilter(975)) - Added global filter 'safety' (class=org.apache.hadoop.http.HttpServer2$QuotingInputFilter)
2019-09-30 14:06:01,971 [main] INFO  http.HttpServer2 (HttpServer2.java:addFilter(948)) - Added filter static_user_filter (class=org.apache.hadoop.http.lib.StaticUserWebFilter$StaticUserFilter) to context hddsDatanode
2019-09-30 14:06:01,971 [main] INFO  http.HttpServer2 (HttpServer2.java:addFilter(958)) - Added filter static_user_filter (class=org.apache.hadoop.http.lib.StaticUserWebFilter$StaticUserFilter) to context logs
2019-09-30 14:06:01,971 [main] INFO  http.HttpServer2 (HttpServer2.java:addFilter(958)) - Added filter static_user_filter (class=org.apache.hadoop.http.lib.StaticUserWebFilter$StaticUserFilter) to context static
2019-09-30 14:06:01,972 [main] INFO  http.HttpServer2 (HttpServer2.java:bindListener(1191)) - Jetty bound to port 40122
2019-09-30 14:06:01,972 [main] INFO  server.Server (Server.java:doStart(351)) - jetty-9.3.25.v20180904, build timestamp: 2018-09-04T21:11:46Z, git hash: 3ce520221d0240229c862b122d2b06c12a625732
2019-09-30 14:06:01,974 [main] INFO  handler.ContextHandler (ContextHandler.java:doStart(781)) - Started o.e.j.s.ServletContextHandler@87f501f{/logs,file:///workdir/hadoop-ozone/integration-test/target/log,AVAILABLE}
2019-09-30 14:06:01,974 [main] INFO  handler.ContextHandler (ContextHandler.java:doStart(781)) - Started o.e.j.s.ServletContextHandler@67c6f4d8{/static,jar:file:/home/user/.m2/repository/org/apache/hadoop/hadoop-hdds-container-service/0.5.0-SNAPSHOT/hadoop-hdds-container-service-0.5.0-SNAPSHOT.jar!/webapps/static,AVAILABLE}
2019-09-30 14:06:02,007 [main] INFO  handler.ContextHandler (ContextHandler.java:doStart(781)) - Started o.e.j.w.WebAppContext@33e3bd2e{/,file:///tmp/jetty-0.0.0.0-40122-hddsDatanode-_-any-5836413274664692639.dir/webapp/,AVAILABLE}{/hddsDatanode}
2019-09-30 14:06:02,007 [main] INFO  server.AbstractConnector (AbstractConnector.java:doStart(278)) - Started ServerConnector@646d810b{HTTP/1.1,[http/1.1]}{0.0.0.0:40122}
2019-09-30 14:06:02,008 [main] INFO  server.Server (Server.java:doStart(419)) - Started @590719ms
2019-09-30 14:06:02,009 [main] WARN  impl.MetricsSystemImpl (MetricsSystemImpl.java:register(276)) - Sink prometheus already exists!
2019-09-30 14:06:02,010 [main] INFO  server.BaseHttpServer (BaseHttpServer.java:updateConnectorAddress(215)) - HTTP server of HDDSDATANODE is listening at http://0.0.0.0:40122
2019-09-30 14:06:02,010 [main] INFO  impl.MetricsSystemImpl (MetricsSystemImpl.java:init(158)) - HddsDatanode metrics system started (again)
2019-09-30 14:06:02,014 [org.apache.hadoop.util.JvmPauseMonitor$Monitor@24ded812] INFO  util.JvmPauseMonitor (JvmPauseMonitor.java:run(188)) - Starting JVM pause monitor
2019-09-30 14:06:02,015 [main] INFO  ozone.HddsDatanodeService (HddsDatanodeService.java:start(184)) - HddsDatanodeService host:trunk-nightly-extra-20190930-74rp4-3411845215 ip:192.168.164.197
2019-09-30 14:06:02,016 [Datanode State Machine Thread - 0] INFO  datanode.InitDatanodeState (InitDatanodeState.java:persistContainerDatanodeDetails(140)) - DatanodeDetails is persisted to /workdir/hadoop-ozone/integration-test/target/test-dir/MiniOzoneClusterImpl-8b753bf4-8e52-47bf-b887-5f8f577e75fc/datanode-4/meta/datanode.id
2019-09-30 14:06:02,021 [main] INFO  volume.HddsVolume (HddsVolume.java:<init>(176)) - Creating Volume: /workdir/hadoop-ozone/integration-test/target/test-dir/MiniOzoneClusterImpl-8b753bf4-8e52-47bf-b887-5f8f577e75fc/datanode-5/data/containers/hdds of  storage type : DISK and capacity : 1482555576320
2019-09-30 14:06:02,022 [main] INFO  volume.VolumeSet (VolumeSet.java:initializeVolumeSet(170)) - Added Volume : /workdir/hadoop-ozone/integration-test/target/test-dir/MiniOzoneClusterImpl-8b753bf4-8e52-47bf-b887-5f8f577e75fc/datanode-5/data/containers/hdds to VolumeSet
2019-09-30 14:06:02,022 [main] INFO  volume.ThrottledAsyncChecker (ThrottledAsyncChecker.java:schedule(139)) - Scheduling a check for org.apache.hadoop.ozone.container.common.volume.HddsVolume@656c5c3
2019-09-30 14:06:02,022 [main] INFO  volume.HddsVolumeChecker (HddsVolumeChecker.java:checkAllVolumes(202)) - Scheduled health check for volume org.apache.hadoop.ozone.container.common.volume.HddsVolume@656c5c3
2019-09-30 14:06:02,035 [main] INFO  impl.RaftServerProxy (ConfUtils.java:logGet(43)) - raft.rpc.type = GRPC (default)
2019-09-30 14:06:02,035 [main] INFO  grpc.GrpcFactory (GrpcFactory.java:checkPooledByteBufAllocatorUseCacheForAllThreads(45)) - PERFORMANCE WARNING: useCacheForAllThreads is true that may cause Netty to create a lot garbage objects and, as a result, trigger GC.
	It is recommended to disable useCacheForAllThreads by setting -Dorg.apache.ratis.thirdparty.io.netty.allocator.useCacheForAllThreads=false in command line.
2019-09-30 14:06:02,035 [main] INFO  grpc.GrpcConfigKeys$Server (ConfUtils.java:logGet(43)) - raft.grpc.server.port = 0 (default)
2019-09-30 14:06:02,035 [main] INFO  server.GrpcService (ConfUtils.java:logGet(43)) - raft.grpc.message.size.max = 33570816 (custom)
2019-09-30 14:06:02,035 [main] INFO  server.RaftServerConfigKeys (ConfUtils.java:logGet(43)) - raft.server.log.appender.buffer.byte-limit = 33554432 (custom)
2019-09-30 14:06:02,035 [main] INFO  server.GrpcService (ConfUtils.java:logGet(43)) - raft.grpc.flow.control.window = 1MB (=1048576) (default)
2019-09-30 14:06:02,036 [main] INFO  server.RaftServerConfigKeys (ConfUtils.java:logGet(43)) - raft.server.rpc.request.timeout = 3000ms (default)
2019-09-30 14:06:02,036 [main] INFO  server.RaftServerConfigKeys (ConfUtils.java:logGet(43)) - raft.server.storage.dir = [/workdir/hadoop-ozone/integration-test/target/test-dir/MiniOzoneClusterImpl-8b753bf4-8e52-47bf-b887-5f8f577e75fc/datanode-5/data/ratis] (custom)
2019-09-30 14:06:02,037 [main] INFO  hdfs.DFSUtil (DFSUtil.java:httpServerTemplateForNNAndJN(1641)) - Starting Web-server for hddsDatanode at: http://0.0.0.0:0
2019-09-30 14:06:02,038 [main] INFO  server.AuthenticationFilter (AuthenticationFilter.java:constructSecretProvider(240)) - Unable to initialize FileSignerSecretProvider, falling back to use random secrets.
2019-09-30 14:06:02,038 [main] WARN  http.HttpRequestLog (HttpRequestLog.java:getRequestLog(97)) - Jetty request log can only be enabled using Log4j
2019-09-30 14:06:02,039 [main] INFO  http.HttpServer2 (HttpServer2.java:addGlobalFilter(975)) - Added global filter 'safety' (class=org.apache.hadoop.http.HttpServer2$QuotingInputFilter)
2019-09-30 14:06:02,039 [main] INFO  http.HttpServer2 (HttpServer2.java:addFilter(948)) - Added filter static_user_filter (class=org.apache.hadoop.http.lib.StaticUserWebFilter$StaticUserFilter) to context hddsDatanode
2019-09-30 14:06:02,039 [main] INFO  http.HttpServer2 (HttpServer2.java:addFilter(958)) - Added filter static_user_filter (class=org.apache.hadoop.http.lib.StaticUserWebFilter$StaticUserFilter) to context static
2019-09-30 14:06:02,039 [main] INFO  http.HttpServer2 (HttpServer2.java:addFilter(958)) - Added filter static_user_filter (class=org.apache.hadoop.http.lib.StaticUserWebFilter$StaticUserFilter) to context logs
2019-09-30 14:06:02,040 [main] INFO  http.HttpServer2 (HttpServer2.java:bindListener(1191)) - Jetty bound to port 33172
2019-09-30 14:06:02,040 [main] INFO  server.Server (Server.java:doStart(351)) - jetty-9.3.25.v20180904, build timestamp: 2018-09-04T21:11:46Z, git hash: 3ce520221d0240229c862b122d2b06c12a625732
2019-09-30 14:06:02,041 [main] INFO  handler.ContextHandler (ContextHandler.java:doStart(781)) - Started o.e.j.s.ServletContextHandler@154b8cb6{/logs,file:///workdir/hadoop-ozone/integration-test/target/log,AVAILABLE}
2019-09-30 14:06:02,042 [main] INFO  handler.ContextHandler (ContextHandler.java:doStart(781)) - Started o.e.j.s.ServletContextHandler@1b7554d4{/static,jar:file:/home/user/.m2/repository/org/apache/hadoop/hadoop-hdds-container-service/0.5.0-SNAPSHOT/hadoop-hdds-container-service-0.5.0-SNAPSHOT.jar!/webapps/static,AVAILABLE}
2019-09-30 14:06:02,066 [main] INFO  handler.ContextHandler (ContextHandler.java:doStart(781)) - Started o.e.j.w.WebAppContext@19fbc594{/,file:///tmp/jetty-0.0.0.0-33172-hddsDatanode-_-any-3836353202838664411.dir/webapp/,AVAILABLE}{/hddsDatanode}
2019-09-30 14:06:02,066 [main] INFO  server.AbstractConnector (AbstractConnector.java:doStart(278)) - Started ServerConnector@2f4d32bf{HTTP/1.1,[http/1.1]}{0.0.0.0:33172}
2019-09-30 14:06:02,066 [main] INFO  server.Server (Server.java:doStart(419)) - Started @590777ms
2019-09-30 14:06:02,068 [main] WARN  impl.MetricsSystemImpl (MetricsSystemImpl.java:register(276)) - Sink prometheus already exists!
2019-09-30 14:06:02,068 [main] INFO  server.BaseHttpServer (BaseHttpServer.java:updateConnectorAddress(215)) - HTTP server of HDDSDATANODE is listening at http://0.0.0.0:33172
2019-09-30 14:06:02,069 [main] INFO  impl.MetricsSystemImpl (MetricsSystemImpl.java:init(158)) - HddsDatanode metrics system started (again)
2019-09-30 14:06:02,073 [main] INFO  ozone.HddsDatanodeService (HddsDatanodeService.java:start(184)) - HddsDatanodeService host:trunk-nightly-extra-20190930-74rp4-3411845215 ip:192.168.164.197
2019-09-30 14:06:02,073 [org.apache.hadoop.util.JvmPauseMonitor$Monitor@729f3c4f] INFO  util.JvmPauseMonitor (JvmPauseMonitor.java:run(188)) - Starting JVM pause monitor
2019-09-30 14:06:02,074 [Datanode State Machine Thread - 0] INFO  datanode.InitDatanodeState (InitDatanodeState.java:persistContainerDatanodeDetails(140)) - DatanodeDetails is persisted to /workdir/hadoop-ozone/integration-test/target/test-dir/MiniOzoneClusterImpl-8b753bf4-8e52-47bf-b887-5f8f577e75fc/datanode-5/meta/datanode.id
2019-09-30 14:06:02,079 [main] INFO  volume.HddsVolume (HddsVolume.java:<init>(176)) - Creating Volume: /workdir/hadoop-ozone/integration-test/target/test-dir/MiniOzoneClusterImpl-8b753bf4-8e52-47bf-b887-5f8f577e75fc/datanode-6/data/containers/hdds of  storage type : DISK and capacity : 1482555576320
2019-09-30 14:06:02,079 [main] INFO  volume.VolumeSet (VolumeSet.java:initializeVolumeSet(170)) - Added Volume : /workdir/hadoop-ozone/integration-test/target/test-dir/MiniOzoneClusterImpl-8b753bf4-8e52-47bf-b887-5f8f577e75fc/datanode-6/data/containers/hdds to VolumeSet
2019-09-30 14:06:02,080 [main] INFO  volume.ThrottledAsyncChecker (ThrottledAsyncChecker.java:schedule(139)) - Scheduling a check for org.apache.hadoop.ozone.container.common.volume.HddsVolume@222acad
2019-09-30 14:06:02,080 [main] INFO  volume.HddsVolumeChecker (HddsVolumeChecker.java:checkAllVolumes(202)) - Scheduled health check for volume org.apache.hadoop.ozone.container.common.volume.HddsVolume@222acad
2019-09-30 14:06:02,091 [main] INFO  impl.RaftServerProxy (ConfUtils.java:logGet(43)) - raft.rpc.type = GRPC (default)
2019-09-30 14:06:02,092 [main] INFO  grpc.GrpcFactory (GrpcFactory.java:checkPooledByteBufAllocatorUseCacheForAllThreads(45)) - PERFORMANCE WARNING: useCacheForAllThreads is true that may cause Netty to create a lot garbage objects and, as a result, trigger GC.
	It is recommended to disable useCacheForAllThreads by setting -Dorg.apache.ratis.thirdparty.io.netty.allocator.useCacheForAllThreads=false in command line.
2019-09-30 14:06:02,092 [main] INFO  grpc.GrpcConfigKeys$Server (ConfUtils.java:logGet(43)) - raft.grpc.server.port = 0 (default)
2019-09-30 14:06:02,092 [main] INFO  server.GrpcService (ConfUtils.java:logGet(43)) - raft.grpc.message.size.max = 33570816 (custom)
2019-09-30 14:06:02,092 [main] INFO  server.RaftServerConfigKeys (ConfUtils.java:logGet(43)) - raft.server.log.appender.buffer.byte-limit = 33554432 (custom)
2019-09-30 14:06:02,092 [main] INFO  server.GrpcService (ConfUtils.java:logGet(43)) - raft.grpc.flow.control.window = 1MB (=1048576) (default)
2019-09-30 14:06:02,092 [main] INFO  server.RaftServerConfigKeys (ConfUtils.java:logGet(43)) - raft.server.rpc.request.timeout = 3000ms (default)
2019-09-30 14:06:02,093 [main] INFO  server.RaftServerConfigKeys (ConfUtils.java:logGet(43)) - raft.server.storage.dir = [/workdir/hadoop-ozone/integration-test/target/test-dir/MiniOzoneClusterImpl-8b753bf4-8e52-47bf-b887-5f8f577e75fc/datanode-6/data/ratis] (custom)
2019-09-30 14:06:02,094 [main] INFO  hdfs.DFSUtil (DFSUtil.java:httpServerTemplateForNNAndJN(1641)) - Starting Web-server for hddsDatanode at: http://0.0.0.0:0
2019-09-30 14:06:02,095 [main] INFO  server.AuthenticationFilter (AuthenticationFilter.java:constructSecretProvider(240)) - Unable to initialize FileSignerSecretProvider, falling back to use random secrets.
2019-09-30 14:06:02,095 [main] WARN  http.HttpRequestLog (HttpRequestLog.java:getRequestLog(97)) - Jetty request log can only be enabled using Log4j
2019-09-30 14:06:02,096 [main] INFO  http.HttpServer2 (HttpServer2.java:addGlobalFilter(975)) - Added global filter 'safety' (class=org.apache.hadoop.http.HttpServer2$QuotingInputFilter)
2019-09-30 14:06:02,096 [main] INFO  http.HttpServer2 (HttpServer2.java:addFilter(948)) - Added filter static_user_filter (class=org.apache.hadoop.http.lib.StaticUserWebFilter$StaticUserFilter) to context hddsDatanode
2019-09-30 14:06:02,096 [main] INFO  http.HttpServer2 (HttpServer2.java:addFilter(958)) - Added filter static_user_filter (class=org.apache.hadoop.http.lib.StaticUserWebFilter$StaticUserFilter) to context logs
2019-09-30 14:06:02,096 [main] INFO  http.HttpServer2 (HttpServer2.java:addFilter(958)) - Added filter static_user_filter (class=org.apache.hadoop.http.lib.StaticUserWebFilter$StaticUserFilter) to context static
2019-09-30 14:06:02,097 [main] INFO  http.HttpServer2 (HttpServer2.java:bindListener(1191)) - Jetty bound to port 43597
2019-09-30 14:06:02,097 [main] INFO  server.Server (Server.java:doStart(351)) - jetty-9.3.25.v20180904, build timestamp: 2018-09-04T21:11:46Z, git hash: 3ce520221d0240229c862b122d2b06c12a625732
2019-09-30 14:06:02,098 [main] INFO  handler.ContextHandler (ContextHandler.java:doStart(781)) - Started o.e.j.s.ServletContextHandler@5f5297e3{/logs,file:///workdir/hadoop-ozone/integration-test/target/log,AVAILABLE}
2019-09-30 14:06:02,099 [main] INFO  handler.ContextHandler (ContextHandler.java:doStart(781)) - Started o.e.j.s.ServletContextHandler@7ec3a8bd{/static,jar:file:/home/user/.m2/repository/org/apache/hadoop/hadoop-hdds-container-service/0.5.0-SNAPSHOT/hadoop-hdds-container-service-0.5.0-SNAPSHOT.jar!/webapps/static,AVAILABLE}
2019-09-30 14:06:02,122 [main] INFO  handler.ContextHandler (ContextHandler.java:doStart(781)) - Started o.e.j.w.WebAppContext@7ac5b4c{/,file:///tmp/jetty-0.0.0.0-43597-hddsDatanode-_-any-1561451259444583282.dir/webapp/,AVAILABLE}{/hddsDatanode}
2019-09-30 14:06:02,123 [main] INFO  server.AbstractConnector (AbstractConnector.java:doStart(278)) - Started ServerConnector@150fc7a7{HTTP/1.1,[http/1.1]}{0.0.0.0:43597}
2019-09-30 14:06:02,123 [main] INFO  server.Server (Server.java:doStart(419)) - Started @590834ms
2019-09-30 14:06:02,125 [main] WARN  impl.MetricsSystemImpl (MetricsSystemImpl.java:register(276)) - Sink prometheus already exists!
2019-09-30 14:06:02,125 [main] INFO  server.BaseHttpServer (BaseHttpServer.java:updateConnectorAddress(215)) - HTTP server of HDDSDATANODE is listening at http://0.0.0.0:43597
2019-09-30 14:06:02,126 [main] INFO  ozone.MiniOzoneClusterImpl (MiniOzoneClusterImpl.java:lambda$waitForClusterToBeReady$0(147)) - Waiting for cluster to be ready. Got 0 of 7 DN Heartbeats.
2019-09-30 14:06:02,127 [org.apache.hadoop.util.JvmPauseMonitor$Monitor@476c41f] INFO  util.JvmPauseMonitor (JvmPauseMonitor.java:run(188)) - Starting JVM pause monitor
2019-09-30 14:06:02,128 [Datanode State Machine Thread - 0] INFO  datanode.InitDatanodeState (InitDatanodeState.java:persistContainerDatanodeDetails(140)) - DatanodeDetails is persisted to /workdir/hadoop-ozone/integration-test/target/test-dir/MiniOzoneClusterImpl-8b753bf4-8e52-47bf-b887-5f8f577e75fc/datanode-6/meta/datanode.id
2019-09-30 14:06:03,126 [main] INFO  ozone.MiniOzoneClusterImpl (MiniOzoneClusterImpl.java:lambda$waitForClusterToBeReady$0(147)) - Waiting for cluster to be ready. Got 0 of 7 DN Heartbeats.
2019-09-30 14:06:03,719 [Datanode State Machine Thread - 0] INFO  ozoneimpl.OzoneContainer (OzoneContainer.java:start(217)) - Attempting to start container services.
2019-09-30 14:06:03,721 [Datanode State Machine Thread - 0] INFO  ozoneimpl.OzoneContainer (OzoneContainer.java:startContainerScrub(179)) - Background container scanner has been disabled.
2019-09-30 14:06:03,721 [Datanode State Machine Thread - 0] INFO  ratis.XceiverServerRatis (XceiverServerRatis.java:start(411)) - Starting XceiverServerRatis f4c77ea4-6dc4-41ad-b812-3c6e0d99b7bc at port 0
2019-09-30 14:06:03,730 [Datanode State Machine Thread - 0] INFO  impl.RaftServerProxy (RaftServerProxy.java:lambda$start$3(299)) - f4c77ea4-6dc4-41ad-b812-3c6e0d99b7bc: start RPC server
2019-09-30 14:06:03,733 [Datanode State Machine Thread - 0] INFO  server.GrpcService (GrpcService.java:startImpl(158)) - f4c77ea4-6dc4-41ad-b812-3c6e0d99b7bc: GrpcService started, listening on 0.0.0.0/0.0.0.0:34037
2019-09-30 14:06:03,733 [Datanode State Machine Thread - 0] INFO  ratis.XceiverServerRatis (XceiverServerRatis.java:start(421)) - XceiverServerRatis f4c77ea4-6dc4-41ad-b812-3c6e0d99b7bc is started using port 34037
2019-09-30 14:06:03,734 [Datanode State Machine Thread - 0] INFO  server.XceiverServerGrpc (XceiverServerGrpc.java:start(149)) - XceiverServerGrpc f4c77ea4-6dc4-41ad-b812-3c6e0d99b7bc is started using port 43830
2019-09-30 14:06:03,791 [Datanode State Machine Thread - 0] INFO  ozoneimpl.OzoneContainer (OzoneContainer.java:start(217)) - Attempting to start container services.
2019-09-30 14:06:03,791 [Datanode State Machine Thread - 0] INFO  ozoneimpl.OzoneContainer (OzoneContainer.java:startContainerScrub(179)) - Background container scanner has been disabled.
2019-09-30 14:06:03,791 [Datanode State Machine Thread - 0] INFO  ratis.XceiverServerRatis (XceiverServerRatis.java:start(411)) - Starting XceiverServerRatis 63d2da5d-abdc-4507-99f3-11211187d437 at port 0
2019-09-30 14:06:03,799 [Datanode State Machine Thread - 0] INFO  impl.RaftServerProxy (RaftServerProxy.java:lambda$start$3(299)) - 63d2da5d-abdc-4507-99f3-11211187d437: start RPC server
2019-09-30 14:06:03,800 [Datanode State Machine Thread - 0] INFO  server.GrpcService (GrpcService.java:startImpl(158)) - 63d2da5d-abdc-4507-99f3-11211187d437: GrpcService started, listening on 0.0.0.0/0.0.0.0:40683
2019-09-30 14:06:03,800 [Datanode State Machine Thread - 0] INFO  ratis.XceiverServerRatis (XceiverServerRatis.java:start(421)) - XceiverServerRatis 63d2da5d-abdc-4507-99f3-11211187d437 is started using port 40683
2019-09-30 14:06:03,800 [Datanode State Machine Thread - 0] INFO  server.XceiverServerGrpc (XceiverServerGrpc.java:start(149)) - XceiverServerGrpc 63d2da5d-abdc-4507-99f3-11211187d437 is started using port 40766
2019-09-30 14:06:03,874 [Datanode State Machine Thread - 0] INFO  ozoneimpl.OzoneContainer (OzoneContainer.java:start(217)) - Attempting to start container services.
2019-09-30 14:06:03,874 [Datanode State Machine Thread - 0] INFO  ozoneimpl.OzoneContainer (OzoneContainer.java:startContainerScrub(179)) - Background container scanner has been disabled.
2019-09-30 14:06:03,874 [Datanode State Machine Thread - 0] INFO  ratis.XceiverServerRatis (XceiverServerRatis.java:start(411)) - Starting XceiverServerRatis 7e26ba04-d72c-4841-b33c-e390f5f396e9 at port 0
2019-09-30 14:06:03,884 [Datanode State Machine Thread - 0] INFO  impl.RaftServerProxy (RaftServerProxy.java:lambda$start$3(299)) - 7e26ba04-d72c-4841-b33c-e390f5f396e9: start RPC server
2019-09-30 14:06:03,887 [Datanode State Machine Thread - 0] INFO  server.GrpcService (GrpcService.java:startImpl(158)) - 7e26ba04-d72c-4841-b33c-e390f5f396e9: GrpcService started, listening on 0.0.0.0/0.0.0.0:37543
2019-09-30 14:06:03,887 [Datanode State Machine Thread - 0] INFO  ratis.XceiverServerRatis (XceiverServerRatis.java:start(421)) - XceiverServerRatis 7e26ba04-d72c-4841-b33c-e390f5f396e9 is started using port 37543
2019-09-30 14:06:03,889 [Datanode State Machine Thread - 0] INFO  server.XceiverServerGrpc (XceiverServerGrpc.java:start(149)) - XceiverServerGrpc 7e26ba04-d72c-4841-b33c-e390f5f396e9 is started using port 42439
2019-09-30 14:06:03,955 [Datanode State Machine Thread - 0] INFO  ozoneimpl.OzoneContainer (OzoneContainer.java:start(217)) - Attempting to start container services.
2019-09-30 14:06:03,955 [Datanode State Machine Thread - 0] INFO  ozoneimpl.OzoneContainer (OzoneContainer.java:startContainerScrub(179)) - Background container scanner has been disabled.
2019-09-30 14:06:03,955 [Datanode State Machine Thread - 0] INFO  ratis.XceiverServerRatis (XceiverServerRatis.java:start(411)) - Starting XceiverServerRatis 4938c74e-7433-4b31-a410-a11afbc45738 at port 0
2019-09-30 14:06:03,964 [Datanode State Machine Thread - 0] INFO  impl.RaftServerProxy (RaftServerProxy.java:lambda$start$3(299)) - 4938c74e-7433-4b31-a410-a11afbc45738: start RPC server
2019-09-30 14:06:03,965 [Datanode State Machine Thread - 0] INFO  server.GrpcService (GrpcService.java:startImpl(158)) - 4938c74e-7433-4b31-a410-a11afbc45738: GrpcService started, listening on 0.0.0.0/0.0.0.0:34921
2019-09-30 14:06:03,966 [Datanode State Machine Thread - 0] INFO  ratis.XceiverServerRatis (XceiverServerRatis.java:start(421)) - XceiverServerRatis 4938c74e-7433-4b31-a410-a11afbc45738 is started using port 34921
2019-09-30 14:06:03,966 [Datanode State Machine Thread - 0] INFO  server.XceiverServerGrpc (XceiverServerGrpc.java:start(149)) - XceiverServerGrpc 4938c74e-7433-4b31-a410-a11afbc45738 is started using port 37743
2019-09-30 14:06:04,029 [Datanode State Machine Thread - 0] INFO  ozoneimpl.OzoneContainer (OzoneContainer.java:start(217)) - Attempting to start container services.
2019-09-30 14:06:04,029 [Datanode State Machine Thread - 0] INFO  ozoneimpl.OzoneContainer (OzoneContainer.java:startContainerScrub(179)) - Background container scanner has been disabled.
2019-09-30 14:06:04,029 [Datanode State Machine Thread - 0] INFO  ratis.XceiverServerRatis (XceiverServerRatis.java:start(411)) - Starting XceiverServerRatis 28e68ed4-4b03-4e16-97ee-efd5dab342dd at port 0
2019-09-30 14:06:04,036 [Datanode State Machine Thread - 0] INFO  impl.RaftServerProxy (RaftServerProxy.java:lambda$start$3(299)) - 28e68ed4-4b03-4e16-97ee-efd5dab342dd: start RPC server
2019-09-30 14:06:04,038 [Datanode State Machine Thread - 0] INFO  server.GrpcService (GrpcService.java:startImpl(158)) - 28e68ed4-4b03-4e16-97ee-efd5dab342dd: GrpcService started, listening on 0.0.0.0/0.0.0.0:41050
2019-09-30 14:06:04,039 [Datanode State Machine Thread - 0] INFO  ratis.XceiverServerRatis (XceiverServerRatis.java:start(421)) - XceiverServerRatis 28e68ed4-4b03-4e16-97ee-efd5dab342dd is started using port 41050
2019-09-30 14:06:04,057 [Datanode State Machine Thread - 0] INFO  server.XceiverServerGrpc (XceiverServerGrpc.java:start(149)) - XceiverServerGrpc 28e68ed4-4b03-4e16-97ee-efd5dab342dd is started using port 37152
2019-09-30 14:06:04,088 [Datanode State Machine Thread - 0] INFO  ozoneimpl.OzoneContainer (OzoneContainer.java:start(217)) - Attempting to start container services.
2019-09-30 14:06:04,088 [Datanode State Machine Thread - 0] INFO  ozoneimpl.OzoneContainer (OzoneContainer.java:startContainerScrub(179)) - Background container scanner has been disabled.
2019-09-30 14:06:04,088 [Datanode State Machine Thread - 0] INFO  ratis.XceiverServerRatis (XceiverServerRatis.java:start(411)) - Starting XceiverServerRatis dbb85d84-175b-4e3c-8670-5d71319b61f7 at port 0
2019-09-30 14:06:04,096 [Datanode State Machine Thread - 0] INFO  impl.RaftServerProxy (RaftServerProxy.java:lambda$start$3(299)) - dbb85d84-175b-4e3c-8670-5d71319b61f7: start RPC server
2019-09-30 14:06:04,099 [Datanode State Machine Thread - 0] INFO  server.GrpcService (GrpcService.java:startImpl(158)) - dbb85d84-175b-4e3c-8670-5d71319b61f7: GrpcService started, listening on 0.0.0.0/0.0.0.0:41991
2019-09-30 14:06:04,099 [Datanode State Machine Thread - 0] INFO  ratis.XceiverServerRatis (XceiverServerRatis.java:start(421)) - XceiverServerRatis dbb85d84-175b-4e3c-8670-5d71319b61f7 is started using port 41991
2019-09-30 14:06:04,100 [Datanode State Machine Thread - 0] INFO  server.XceiverServerGrpc (XceiverServerGrpc.java:start(149)) - XceiverServerGrpc dbb85d84-175b-4e3c-8670-5d71319b61f7 is started using port 41133
2019-09-30 14:06:04,127 [main] INFO  ozone.MiniOzoneClusterImpl (MiniOzoneClusterImpl.java:lambda$waitForClusterToBeReady$0(147)) - Waiting for cluster to be ready. Got 0 of 7 DN Heartbeats.
2019-09-30 14:06:04,140 [Datanode State Machine Thread - 0] INFO  ozoneimpl.OzoneContainer (OzoneContainer.java:start(217)) - Attempting to start container services.
2019-09-30 14:06:04,140 [Datanode State Machine Thread - 0] INFO  ozoneimpl.OzoneContainer (OzoneContainer.java:startContainerScrub(179)) - Background container scanner has been disabled.
2019-09-30 14:06:04,140 [Datanode State Machine Thread - 0] INFO  ratis.XceiverServerRatis (XceiverServerRatis.java:start(411)) - Starting XceiverServerRatis 9a44d653-00bd-4d36-9573-853dfaad290c at port 0
2019-09-30 14:06:04,146 [Datanode State Machine Thread - 0] INFO  impl.RaftServerProxy (RaftServerProxy.java:lambda$start$3(299)) - 9a44d653-00bd-4d36-9573-853dfaad290c: start RPC server
2019-09-30 14:06:04,149 [Datanode State Machine Thread - 0] INFO  server.GrpcService (GrpcService.java:startImpl(158)) - 9a44d653-00bd-4d36-9573-853dfaad290c: GrpcService started, listening on 0.0.0.0/0.0.0.0:38329
2019-09-30 14:06:04,149 [Datanode State Machine Thread - 0] INFO  ratis.XceiverServerRatis (XceiverServerRatis.java:start(421)) - XceiverServerRatis 9a44d653-00bd-4d36-9573-853dfaad290c is started using port 38329
2019-09-30 14:06:04,149 [Datanode State Machine Thread - 0] INFO  server.XceiverServerGrpc (XceiverServerGrpc.java:start(149)) - XceiverServerGrpc 9a44d653-00bd-4d36-9573-853dfaad290c is started using port 39912
2019-09-30 14:06:05,128 [main] INFO  ozone.MiniOzoneClusterImpl (MiniOzoneClusterImpl.java:lambda$waitForClusterToBeReady$0(147)) - Waiting for cluster to be ready. Got 0 of 7 DN Heartbeats.
2019-09-30 14:06:05,700 [IPC Server handler 1 on 41550] INFO  net.NetworkTopology (NetworkTopologyImpl.java:add(111)) - Added a new node: /default-rack/f4c77ea4-6dc4-41ad-b812-3c6e0d99b7bc
2019-09-30 14:06:05,703 [IPC Server handler 1 on 41550] INFO  node.SCMNodeManager (SCMNodeManager.java:register(266)) - Registered Data node : f4c77ea4-6dc4-41ad-b812-3c6e0d99b7bc{ip: 192.168.164.197, host: trunk-nightly-extra-20190930-74rp4-3411845215, networkLocation: /default-rack, certSerialId: null}
2019-09-30 14:06:05,705 [EventQueue-NodeRegistrationContainerReportForDataNodeSafeModeRule] INFO  safemode.SCMSafeModeManager (DataNodeSafeModeRule.java:process(71)) - SCM in safe mode. 1 DataNodes registered, 1 required.
2019-09-30 14:06:05,708 [EventQueue-NodeRegistrationContainerReportForDataNodeSafeModeRule] INFO  safemode.SCMSafeModeManager (SCMSafeModeManager.java:validateSafeModeExitRules(177)) - ScmSafeModeManager, all rules are successfully validated
2019-09-30 14:06:05,708 [EventQueue-NodeRegistrationContainerReportForDataNodeSafeModeRule] INFO  safemode.SCMSafeModeManager (SCMSafeModeManager.java:exitSafeMode(193)) - SCM exiting safe mode.
2019-09-30 14:06:05,718 [grpc-default-executor-1] INFO  impl.RaftServerProxy (RaftServerProxy.java:addNew(89)) - f4c77ea4-6dc4-41ad-b812-3c6e0d99b7bc: addNew group-B600005838AB:[f4c77ea4-6dc4-41ad-b812-3c6e0d99b7bc:192.168.164.197:34037] returns group-B600005838AB:java.util.concurrent.CompletableFuture@24f7bbcb[Not completed]
2019-09-30 14:06:05,721 [pool-409-thread-1] INFO  impl.RaftServerImpl (RaftServerImpl.java:<init>(95)) - f4c77ea4-6dc4-41ad-b812-3c6e0d99b7bc: new RaftServerImpl for group-B600005838AB:[f4c77ea4-6dc4-41ad-b812-3c6e0d99b7bc:192.168.164.197:34037] with ContainerStateMachine:uninitialized
2019-09-30 14:06:05,721 [pool-409-thread-1] INFO  server.RaftServerConfigKeys (ConfUtils.java:logGet(43)) - raft.server.rpc.timeout.min = 5s (custom)
2019-09-30 14:06:05,721 [pool-409-thread-1] INFO  server.RaftServerConfigKeys (ConfUtils.java:logGet(43)) - raft.server.rpc.timeout.max = 5200ms (custom)
2019-09-30 14:06:05,721 [pool-409-thread-1] INFO  server.RaftServerConfigKeys (ConfUtils.java:logGet(43)) - raft.server.rpcslowness.timeout = 120s (custom)
2019-09-30 14:06:05,721 [pool-409-thread-1] INFO  server.RaftServerConfigKeys (ConfUtils.java:logGet(43)) - raft.server.sleep.deviation.threshold = 300 (default)
2019-09-30 14:06:05,721 [pool-409-thread-1] INFO  server.RaftServerConfigKeys (ConfUtils.java:logGet(43)) - raft.server.log.appender.install.snapshot.enabled = false (custom)
2019-09-30 14:06:05,722 [pool-409-thread-1] INFO  impl.RaftServerImpl (ServerState.java:<init>(103)) - f4c77ea4-6dc4-41ad-b812-3c6e0d99b7bc@group-B600005838AB: ConfigurationManager, init=-1: [f4c77ea4-6dc4-41ad-b812-3c6e0d99b7bc:192.168.164.197:34037], old=null, confs=<EMPTY_MAP>
2019-09-30 14:06:05,722 [pool-409-thread-1] INFO  server.RaftServerConfigKeys (ConfUtils.java:logGet(43)) - raft.server.storage.dir = [/workdir/hadoop-ozone/integration-test/target/test-dir/MiniOzoneClusterImpl-8b753bf4-8e52-47bf-b887-5f8f577e75fc/datanode-0/data/ratis] (custom)
2019-09-30 14:06:05,722 [pool-409-thread-1] INFO  storage.RaftStorageDirectory (RaftStorageDirectory.java:analyzeStorage(246)) - The storage directory /workdir/hadoop-ozone/integration-test/target/test-dir/MiniOzoneClusterImpl-8b753bf4-8e52-47bf-b887-5f8f577e75fc/datanode-0/data/ratis/2312a2c1-99e6-45f2-b716-b600005838ab does not exist. Creating ...
2019-09-30 14:06:05,736 [pool-409-thread-1] INFO  storage.RaftStorageDirectory (RaftStorageDirectory.java:tryLock(328)) - Lock on /workdir/hadoop-ozone/integration-test/target/test-dir/MiniOzoneClusterImpl-8b753bf4-8e52-47bf-b887-5f8f577e75fc/datanode-0/data/ratis/2312a2c1-99e6-45f2-b716-b600005838ab/in_use.lock acquired by nodename 10834@trunk-nightly-extra-20190930-74rp4-3411845215
2019-09-30 14:06:05,749 [pool-409-thread-1] INFO  storage.RaftStorage (RaftStorage.java:format(72)) - Storage directory /workdir/hadoop-ozone/integration-test/target/test-dir/MiniOzoneClusterImpl-8b753bf4-8e52-47bf-b887-5f8f577e75fc/datanode-0/data/ratis/2312a2c1-99e6-45f2-b716-b600005838ab has been successfully formatted.
2019-09-30 14:06:05,750 [pool-409-thread-1] INFO  ratis.ContainerStateMachine (ContainerStateMachine.java:loadSnapshot(230)) - group-B600005838AB: The snapshot info is null. Setting the last applied indexto:(t:0, i:~)
2019-09-30 14:06:05,750 [pool-409-thread-1] INFO  server.RaftServerConfigKeys (ConfUtils.java:logGet(43)) - raft.server.notification.no-leader.timeout = 120s (custom)
2019-09-30 14:06:05,750 [pool-409-thread-1] INFO  server.RaftServerConfigKeys (ConfUtils.java:logGet(43)) - raft.server.log.use.memory = false (default)
2019-09-30 14:06:05,750 [pool-409-thread-1] INFO  server.RaftServerConfigKeys (ConfUtils.java:logGet(43)) - raft.server.log.purge.gap = 1000000 (custom)
2019-09-30 14:06:05,751 [pool-409-thread-1] INFO  server.RaftServerConfigKeys (ConfUtils.java:logGet(43)) - raft.server.log.appender.buffer.byte-limit = 33554432 (custom)
2019-09-30 14:06:05,751 [pool-409-thread-1] INFO  server.RaftServerConfigKeys (ConfUtils.java:logGet(43)) - raft.server.log.segment.size.max = 1048576 (custom)
2019-09-30 14:06:05,751 [pool-409-thread-1] INFO  server.RaftServerConfigKeys (ConfUtils.java:logGet(43)) - raft.server.log.segment.cache.num.max = 2 (custom)
2019-09-30 14:06:05,751 [pool-409-thread-1] INFO  segmented.SegmentedRaftLogWorker (SegmentedRaftLogWorker.java:<init>(172)) - new f4c77ea4-6dc4-41ad-b812-3c6e0d99b7bc@group-B600005838AB-SegmentedRaftLogWorker for RaftStorage:Storage Directory /workdir/hadoop-ozone/integration-test/target/test-dir/MiniOzoneClusterImpl-8b753bf4-8e52-47bf-b887-5f8f577e75fc/datanode-0/data/ratis/2312a2c1-99e6-45f2-b716-b600005838ab
2019-09-30 14:06:05,753 [pool-409-thread-1] INFO  server.RaftServerConfigKeys (ConfUtils.java:logGet(43)) - raft.server.log.queue.byte-limit = 2147483647 (custom)
2019-09-30 14:06:05,753 [pool-409-thread-1] INFO  server.RaftServerConfigKeys (ConfUtils.java:logGet(43)) - raft.server.log.queue.element-limit = 1024 (custom)
2019-09-30 14:06:05,753 [pool-409-thread-1] INFO  server.RaftServerConfigKeys (ConfUtils.java:logGet(43)) - raft.server.log.segment.size.max = 1048576 (custom)
2019-09-30 14:06:05,754 [pool-409-thread-1] INFO  server.RaftServerConfigKeys (ConfUtils.java:logGet(43)) - raft.server.log.preallocated.size = 16384 (custom)
2019-09-30 14:06:05,754 [pool-409-thread-1] INFO  server.RaftServerConfigKeys (ConfUtils.java:logGet(43)) - raft.server.log.write.buffer.size = 33554432 (custom)
2019-09-30 14:06:05,754 [pool-409-thread-1] INFO  server.RaftServerConfigKeys (ConfUtils.java:logGet(43)) - raft.server.log.force.sync.num = 128 (default)
2019-09-30 14:06:05,754 [pool-409-thread-1] INFO  server.RaftServerConfigKeys (ConfUtils.java:logGet(43)) - raft.server.log.statemachine.data.sync = true (default)
2019-09-30 14:06:05,754 [pool-409-thread-1] INFO  server.RaftServerConfigKeys (ConfUtils.java:logGet(43)) - raft.server.log.statemachine.data.sync.timeout = 10s (default)
2019-09-30 14:06:05,754 [pool-409-thread-1] INFO  server.RaftServerConfigKeys (ConfUtils.java:logGet(43)) - raft.server.log.statemachine.data.sync.timeout.retry = -1 (default)
2019-09-30 14:06:05,755 [pool-409-thread-1] INFO  server.RaftServerConfigKeys (ConfUtils.java:logGet(43)) - raft.server.log.statemachine.data.caching.enabled = true (custom)
2019-09-30 14:06:05,755 [pool-409-thread-1] INFO  segmented.SegmentedRaftLogWorker (SegmentedRaftLogWorker.java:lambda$new$0(132)) - f4c77ea4-6dc4-41ad-b812-3c6e0d99b7bc@group-B600005838AB-SegmentedRaftLogWorker: flushIndex: setUnconditionally 0 -> -1
2019-09-30 14:06:05,755 [pool-409-thread-1] INFO  server.RaftServerConfigKeys (ConfUtils.java:logGet(43)) - raft.server.snapshot.auto.trigger.enabled = true (custom)
2019-09-30 14:06:05,756 [pool-409-thread-1] INFO  server.RaftServerConfigKeys (ConfUtils.java:logGet(43)) - raft.server.snapshot.auto.trigger.threshold = 10000 (custom)
2019-09-30 14:06:05,756 [pool-409-thread-1] INFO  server.RaftServerConfigKeys (ConfUtils.java:logGet(43)) - raft.server.snapshot.retention.num.files = 5 (custom)
2019-09-30 14:06:05,756 [pool-409-thread-1] INFO  server.RaftServerConfigKeys (ConfUtils.java:logGet(43)) - raft.server.retrycache.expirytime = 600000ms (custom)
2019-09-30 14:06:05,758 [pool-409-thread-1] INFO  impl.RaftServerImpl (RaftServerImpl.java:start(185)) - f4c77ea4-6dc4-41ad-b812-3c6e0d99b7bc@group-B600005838AB: start as a follower, conf=-1: [f4c77ea4-6dc4-41ad-b812-3c6e0d99b7bc:192.168.164.197:34037], old=null
2019-09-30 14:06:05,758 [pool-409-thread-1] INFO  impl.RaftServerImpl (RaftServerImpl.java:setRole(174)) - f4c77ea4-6dc4-41ad-b812-3c6e0d99b7bc@group-B600005838AB: changes role from      null to FOLLOWER at term 0 for startAsFollower
2019-09-30 14:06:05,758 [pool-409-thread-1] INFO  impl.RoleInfo (RoleInfo.java:updateAndGet(143)) - f4c77ea4-6dc4-41ad-b812-3c6e0d99b7bc: start FollowerState
2019-09-30 14:06:05,758 [pool-409-thread-1] INFO  util.JmxRegister (JmxRegister.java:tryRegister(44)) - Successfully registered JMX Bean with object name Ratis:service=RaftServer,group=group-B600005838AB,id=f4c77ea4-6dc4-41ad-b812-3c6e0d99b7bc
2019-09-30 14:06:05,761 [RatisPipelineUtilsThread] INFO  pipeline.PipelineStateManager (PipelineStateManager.java:addPipeline(56)) - Created pipeline Pipeline[ Id: 2312a2c1-99e6-45f2-b716-b600005838ab, Nodes: f4c77ea4-6dc4-41ad-b812-3c6e0d99b7bc{ip: 192.168.164.197, host: trunk-nightly-extra-20190930-74rp4-3411845215, networkLocation: /default-rack, certSerialId: null}, Type:RATIS, Factor:ONE, State:OPEN]
2019-09-30 14:06:05,771 [IPC Server handler 2 on 41550] INFO  net.NetworkTopology (NetworkTopologyImpl.java:add(111)) - Added a new node: /default-rack/63d2da5d-abdc-4507-99f3-11211187d437
2019-09-30 14:06:05,771 [IPC Server handler 2 on 41550] INFO  node.SCMNodeManager (SCMNodeManager.java:register(266)) - Registered Data node : 63d2da5d-abdc-4507-99f3-11211187d437{ip: 192.168.164.197, host: trunk-nightly-extra-20190930-74rp4-3411845215, networkLocation: /default-rack, certSerialId: null}
2019-09-30 14:06:05,778 [grpc-default-executor-1] INFO  impl.RaftServerProxy (RaftServerProxy.java:addNew(89)) - 63d2da5d-abdc-4507-99f3-11211187d437: addNew group-C17286528FD5:[63d2da5d-abdc-4507-99f3-11211187d437:192.168.164.197:40683] returns group-C17286528FD5:java.util.concurrent.CompletableFuture@731b1d8f[Not completed]
2019-09-30 14:06:05,779 [pool-419-thread-1] INFO  impl.RaftServerImpl (RaftServerImpl.java:<init>(95)) - 63d2da5d-abdc-4507-99f3-11211187d437: new RaftServerImpl for group-C17286528FD5:[63d2da5d-abdc-4507-99f3-11211187d437:192.168.164.197:40683] with ContainerStateMachine:uninitialized
2019-09-30 14:06:05,779 [pool-419-thread-1] INFO  server.RaftServerConfigKeys (ConfUtils.java:logGet(43)) - raft.server.rpc.timeout.min = 5s (custom)
2019-09-30 14:06:05,779 [pool-419-thread-1] INFO  server.RaftServerConfigKeys (ConfUtils.java:logGet(43)) - raft.server.rpc.timeout.max = 5200ms (custom)
2019-09-30 14:06:05,779 [pool-419-thread-1] INFO  server.RaftServerConfigKeys (ConfUtils.java:logGet(43)) - raft.server.rpcslowness.timeout = 120s (custom)
2019-09-30 14:06:05,779 [pool-419-thread-1] INFO  server.RaftServerConfigKeys (ConfUtils.java:logGet(43)) - raft.server.sleep.deviation.threshold = 300 (default)
2019-09-30 14:06:05,779 [pool-419-thread-1] INFO  server.RaftServerConfigKeys (ConfUtils.java:logGet(43)) - raft.server.log.appender.install.snapshot.enabled = false (custom)
2019-09-30 14:06:05,779 [pool-419-thread-1] INFO  impl.RaftServerImpl (ServerState.java:<init>(103)) - 63d2da5d-abdc-4507-99f3-11211187d437@group-C17286528FD5: ConfigurationManager, init=-1: [63d2da5d-abdc-4507-99f3-11211187d437:192.168.164.197:40683], old=null, confs=<EMPTY_MAP>
2019-09-30 14:06:05,779 [pool-419-thread-1] INFO  server.RaftServerConfigKeys (ConfUtils.java:logGet(43)) - raft.server.storage.dir = [/workdir/hadoop-ozone/integration-test/target/test-dir/MiniOzoneClusterImpl-8b753bf4-8e52-47bf-b887-5f8f577e75fc/datanode-1/data/ratis] (custom)
2019-09-30 14:06:05,780 [pool-419-thread-1] INFO  storage.RaftStorageDirectory (RaftStorageDirectory.java:analyzeStorage(246)) - The storage directory /workdir/hadoop-ozone/integration-test/target/test-dir/MiniOzoneClusterImpl-8b753bf4-8e52-47bf-b887-5f8f577e75fc/datanode-1/data/ratis/4d69da6b-130c-46a8-8412-c17286528fd5 does not exist. Creating ...
2019-09-30 14:06:05,792 [pool-419-thread-1] INFO  storage.RaftStorageDirectory (RaftStorageDirectory.java:tryLock(328)) - Lock on /workdir/hadoop-ozone/integration-test/target/test-dir/MiniOzoneClusterImpl-8b753bf4-8e52-47bf-b887-5f8f577e75fc/datanode-1/data/ratis/4d69da6b-130c-46a8-8412-c17286528fd5/in_use.lock acquired by nodename 10834@trunk-nightly-extra-20190930-74rp4-3411845215
2019-09-30 14:06:05,805 [pool-419-thread-1] INFO  storage.RaftStorage (RaftStorage.java:format(72)) - Storage directory /workdir/hadoop-ozone/integration-test/target/test-dir/MiniOzoneClusterImpl-8b753bf4-8e52-47bf-b887-5f8f577e75fc/datanode-1/data/ratis/4d69da6b-130c-46a8-8412-c17286528fd5 has been successfully formatted.
2019-09-30 14:06:05,805 [pool-419-thread-1] INFO  ratis.ContainerStateMachine (ContainerStateMachine.java:loadSnapshot(230)) - group-C17286528FD5: The snapshot info is null. Setting the last applied indexto:(t:0, i:~)
2019-09-30 14:06:05,805 [pool-419-thread-1] INFO  server.RaftServerConfigKeys (ConfUtils.java:logGet(43)) - raft.server.notification.no-leader.timeout = 120s (custom)
2019-09-30 14:06:05,805 [pool-419-thread-1] INFO  server.RaftServerConfigKeys (ConfUtils.java:logGet(43)) - raft.server.log.use.memory = false (default)
2019-09-30 14:06:05,805 [pool-419-thread-1] INFO  server.RaftServerConfigKeys (ConfUtils.java:logGet(43)) - raft.server.log.purge.gap = 1000000 (custom)
2019-09-30 14:06:05,805 [pool-419-thread-1] INFO  server.RaftServerConfigKeys (ConfUtils.java:logGet(43)) - raft.server.log.appender.buffer.byte-limit = 33554432 (custom)
2019-09-30 14:06:05,806 [pool-419-thread-1] INFO  server.RaftServerConfigKeys (ConfUtils.java:logGet(43)) - raft.server.log.segment.size.max = 1048576 (custom)
2019-09-30 14:06:05,806 [pool-419-thread-1] INFO  server.RaftServerConfigKeys (ConfUtils.java:logGet(43)) - raft.server.log.segment.cache.num.max = 2 (custom)
2019-09-30 14:06:05,806 [pool-419-thread-1] INFO  segmented.SegmentedRaftLogWorker (SegmentedRaftLogWorker.java:<init>(172)) - new 63d2da5d-abdc-4507-99f3-11211187d437@group-C17286528FD5-SegmentedRaftLogWorker for RaftStorage:Storage Directory /workdir/hadoop-ozone/integration-test/target/test-dir/MiniOzoneClusterImpl-8b753bf4-8e52-47bf-b887-5f8f577e75fc/datanode-1/data/ratis/4d69da6b-130c-46a8-8412-c17286528fd5
2019-09-30 14:06:05,807 [pool-419-thread-1] INFO  server.RaftServerConfigKeys (ConfUtils.java:logGet(43)) - raft.server.log.queue.byte-limit = 2147483647 (custom)
2019-09-30 14:06:05,807 [pool-419-thread-1] INFO  server.RaftServerConfigKeys (ConfUtils.java:logGet(43)) - raft.server.log.queue.element-limit = 1024 (custom)
2019-09-30 14:06:05,807 [pool-419-thread-1] INFO  server.RaftServerConfigKeys (ConfUtils.java:logGet(43)) - raft.server.log.segment.size.max = 1048576 (custom)
2019-09-30 14:06:05,807 [pool-419-thread-1] INFO  server.RaftServerConfigKeys (ConfUtils.java:logGet(43)) - raft.server.log.preallocated.size = 16384 (custom)
2019-09-30 14:06:05,807 [pool-419-thread-1] INFO  server.RaftServerConfigKeys (ConfUtils.java:logGet(43)) - raft.server.log.write.buffer.size = 33554432 (custom)
2019-09-30 14:06:05,807 [pool-419-thread-1] INFO  server.RaftServerConfigKeys (ConfUtils.java:logGet(43)) - raft.server.log.force.sync.num = 128 (default)
2019-09-30 14:06:05,807 [pool-419-thread-1] INFO  server.RaftServerConfigKeys (ConfUtils.java:logGet(43)) - raft.server.log.statemachine.data.sync = true (default)
2019-09-30 14:06:05,807 [pool-419-thread-1] INFO  server.RaftServerConfigKeys (ConfUtils.java:logGet(43)) - raft.server.log.statemachine.data.sync.timeout = 10s (default)
2019-09-30 14:06:05,808 [pool-419-thread-1] INFO  server.RaftServerConfigKeys (ConfUtils.java:logGet(43)) - raft.server.log.statemachine.data.sync.timeout.retry = -1 (default)
2019-09-30 14:06:05,808 [pool-419-thread-1] INFO  server.RaftServerConfigKeys (ConfUtils.java:logGet(43)) - raft.server.log.statemachine.data.caching.enabled = true (custom)
2019-09-30 14:06:05,808 [pool-419-thread-1] INFO  segmented.SegmentedRaftLogWorker (SegmentedRaftLogWorker.java:lambda$new$0(132)) - 63d2da5d-abdc-4507-99f3-11211187d437@group-C17286528FD5-SegmentedRaftLogWorker: flushIndex: setUnconditionally 0 -> -1
2019-09-30 14:06:05,808 [pool-419-thread-1] INFO  server.RaftServerConfigKeys (ConfUtils.java:logGet(43)) - raft.server.snapshot.auto.trigger.enabled = true (custom)
2019-09-30 14:06:05,808 [pool-419-thread-1] INFO  server.RaftServerConfigKeys (ConfUtils.java:logGet(43)) - raft.server.snapshot.auto.trigger.threshold = 10000 (custom)
2019-09-30 14:06:05,808 [pool-419-thread-1] INFO  server.RaftServerConfigKeys (ConfUtils.java:logGet(43)) - raft.server.snapshot.retention.num.files = 5 (custom)
2019-09-30 14:06:05,808 [pool-419-thread-1] INFO  server.RaftServerConfigKeys (ConfUtils.java:logGet(43)) - raft.server.retrycache.expirytime = 600000ms (custom)
2019-09-30 14:06:05,810 [pool-419-thread-1] INFO  impl.RaftServerImpl (RaftServerImpl.java:start(185)) - 63d2da5d-abdc-4507-99f3-11211187d437@group-C17286528FD5: start as a follower, conf=-1: [63d2da5d-abdc-4507-99f3-11211187d437:192.168.164.197:40683], old=null
2019-09-30 14:06:05,810 [pool-419-thread-1] INFO  impl.RaftServerImpl (RaftServerImpl.java:setRole(174)) - 63d2da5d-abdc-4507-99f3-11211187d437@group-C17286528FD5: changes role from      null to FOLLOWER at term 0 for startAsFollower
2019-09-30 14:06:05,810 [pool-419-thread-1] INFO  impl.RoleInfo (RoleInfo.java:updateAndGet(143)) - 63d2da5d-abdc-4507-99f3-11211187d437: start FollowerState
2019-09-30 14:06:05,810 [pool-419-thread-1] INFO  util.JmxRegister (JmxRegister.java:tryRegister(44)) - Successfully registered JMX Bean with object name Ratis:service=RaftServer,group=group-C17286528FD5,id=63d2da5d-abdc-4507-99f3-11211187d437
2019-09-30 14:06:05,811 [RatisPipelineUtilsThread] INFO  pipeline.PipelineStateManager (PipelineStateManager.java:addPipeline(56)) - Created pipeline Pipeline[ Id: 4d69da6b-130c-46a8-8412-c17286528fd5, Nodes: 63d2da5d-abdc-4507-99f3-11211187d437{ip: 192.168.164.197, host: trunk-nightly-extra-20190930-74rp4-3411845215, networkLocation: /default-rack, certSerialId: null}, Type:RATIS, Factor:ONE, State:OPEN]
2019-09-30 14:06:05,857 [IPC Server handler 4 on 41550] INFO  net.NetworkTopology (NetworkTopologyImpl.java:add(111)) - Added a new node: /default-rack/7e26ba04-d72c-4841-b33c-e390f5f396e9
2019-09-30 14:06:05,857 [IPC Server handler 4 on 41550] INFO  node.SCMNodeManager (SCMNodeManager.java:register(266)) - Registered Data node : 7e26ba04-d72c-4841-b33c-e390f5f396e9{ip: 192.168.164.197, host: trunk-nightly-extra-20190930-74rp4-3411845215, networkLocation: /default-rack, certSerialId: null}
2019-09-30 14:06:05,864 [grpc-default-executor-1] INFO  impl.RaftServerProxy (RaftServerProxy.java:addNew(89)) - 7e26ba04-d72c-4841-b33c-e390f5f396e9: addNew group-CC9344EA3D2C:[7e26ba04-d72c-4841-b33c-e390f5f396e9:192.168.164.197:37543] returns group-CC9344EA3D2C:java.util.concurrent.CompletableFuture@2b6aac29[Not completed]
2019-09-30 14:06:05,865 [pool-429-thread-1] INFO  impl.RaftServerImpl (RaftServerImpl.java:<init>(95)) - 7e26ba04-d72c-4841-b33c-e390f5f396e9: new RaftServerImpl for group-CC9344EA3D2C:[7e26ba04-d72c-4841-b33c-e390f5f396e9:192.168.164.197:37543] with ContainerStateMachine:uninitialized
2019-09-30 14:06:05,865 [pool-429-thread-1] INFO  server.RaftServerConfigKeys (ConfUtils.java:logGet(43)) - raft.server.rpc.timeout.min = 5s (custom)
2019-09-30 14:06:05,865 [pool-429-thread-1] INFO  server.RaftServerConfigKeys (ConfUtils.java:logGet(43)) - raft.server.rpc.timeout.max = 5200ms (custom)
2019-09-30 14:06:05,866 [pool-429-thread-1] INFO  server.RaftServerConfigKeys (ConfUtils.java:logGet(43)) - raft.server.rpcslowness.timeout = 120s (custom)
2019-09-30 14:06:05,866 [pool-429-thread-1] INFO  server.RaftServerConfigKeys (ConfUtils.java:logGet(43)) - raft.server.sleep.deviation.threshold = 300 (default)
2019-09-30 14:06:05,866 [pool-429-thread-1] INFO  server.RaftServerConfigKeys (ConfUtils.java:logGet(43)) - raft.server.log.appender.install.snapshot.enabled = false (custom)
2019-09-30 14:06:05,866 [pool-429-thread-1] INFO  impl.RaftServerImpl (ServerState.java:<init>(103)) - 7e26ba04-d72c-4841-b33c-e390f5f396e9@group-CC9344EA3D2C: ConfigurationManager, init=-1: [7e26ba04-d72c-4841-b33c-e390f5f396e9:192.168.164.197:37543], old=null, confs=<EMPTY_MAP>
2019-09-30 14:06:05,866 [pool-429-thread-1] INFO  server.RaftServerConfigKeys (ConfUtils.java:logGet(43)) - raft.server.storage.dir = [/workdir/hadoop-ozone/integration-test/target/test-dir/MiniOzoneClusterImpl-8b753bf4-8e52-47bf-b887-5f8f577e75fc/datanode-2/data/ratis] (custom)
2019-09-30 14:06:05,867 [pool-429-thread-1] INFO  storage.RaftStorageDirectory (RaftStorageDirectory.java:analyzeStorage(246)) - The storage directory /workdir/hadoop-ozone/integration-test/target/test-dir/MiniOzoneClusterImpl-8b753bf4-8e52-47bf-b887-5f8f577e75fc/datanode-2/data/ratis/44afceb1-ab03-4215-aecb-cc9344ea3d2c does not exist. Creating ...
2019-09-30 14:06:05,880 [pool-429-thread-1] INFO  storage.RaftStorageDirectory (RaftStorageDirectory.java:tryLock(328)) - Lock on /workdir/hadoop-ozone/integration-test/target/test-dir/MiniOzoneClusterImpl-8b753bf4-8e52-47bf-b887-5f8f577e75fc/datanode-2/data/ratis/44afceb1-ab03-4215-aecb-cc9344ea3d2c/in_use.lock acquired by nodename 10834@trunk-nightly-extra-20190930-74rp4-3411845215
2019-09-30 14:06:05,893 [pool-429-thread-1] INFO  storage.RaftStorage (RaftStorage.java:format(72)) - Storage directory /workdir/hadoop-ozone/integration-test/target/test-dir/MiniOzoneClusterImpl-8b753bf4-8e52-47bf-b887-5f8f577e75fc/datanode-2/data/ratis/44afceb1-ab03-4215-aecb-cc9344ea3d2c has been successfully formatted.
2019-09-30 14:06:05,893 [pool-429-thread-1] INFO  ratis.ContainerStateMachine (ContainerStateMachine.java:loadSnapshot(230)) - group-CC9344EA3D2C: The snapshot info is null. Setting the last applied indexto:(t:0, i:~)
2019-09-30 14:06:05,893 [pool-429-thread-1] INFO  server.RaftServerConfigKeys (ConfUtils.java:logGet(43)) - raft.server.notification.no-leader.timeout = 120s (custom)
2019-09-30 14:06:05,893 [pool-429-thread-1] INFO  server.RaftServerConfigKeys (ConfUtils.java:logGet(43)) - raft.server.log.use.memory = false (default)
2019-09-30 14:06:05,894 [pool-429-thread-1] INFO  server.RaftServerConfigKeys (ConfUtils.java:logGet(43)) - raft.server.log.purge.gap = 1000000 (custom)
2019-09-30 14:06:05,894 [pool-429-thread-1] INFO  server.RaftServerConfigKeys (ConfUtils.java:logGet(43)) - raft.server.log.appender.buffer.byte-limit = 33554432 (custom)
2019-09-30 14:06:05,894 [pool-429-thread-1] INFO  server.RaftServerConfigKeys (ConfUtils.java:logGet(43)) - raft.server.log.segment.size.max = 1048576 (custom)
2019-09-30 14:06:05,894 [pool-429-thread-1] INFO  server.RaftServerConfigKeys (ConfUtils.java:logGet(43)) - raft.server.log.segment.cache.num.max = 2 (custom)
2019-09-30 14:06:05,894 [pool-429-thread-1] INFO  segmented.SegmentedRaftLogWorker (SegmentedRaftLogWorker.java:<init>(172)) - new 7e26ba04-d72c-4841-b33c-e390f5f396e9@group-CC9344EA3D2C-SegmentedRaftLogWorker for RaftStorage:Storage Directory /workdir/hadoop-ozone/integration-test/target/test-dir/MiniOzoneClusterImpl-8b753bf4-8e52-47bf-b887-5f8f577e75fc/datanode-2/data/ratis/44afceb1-ab03-4215-aecb-cc9344ea3d2c
2019-09-30 14:06:05,896 [pool-429-thread-1] INFO  server.RaftServerConfigKeys (ConfUtils.java:logGet(43)) - raft.server.log.queue.byte-limit = 2147483647 (custom)
2019-09-30 14:06:05,896 [pool-429-thread-1] INFO  server.RaftServerConfigKeys (ConfUtils.java:logGet(43)) - raft.server.log.queue.element-limit = 1024 (custom)
2019-09-30 14:06:05,896 [pool-429-thread-1] INFO  server.RaftServerConfigKeys (ConfUtils.java:logGet(43)) - raft.server.log.segment.size.max = 1048576 (custom)
2019-09-30 14:06:05,896 [pool-429-thread-1] INFO  server.RaftServerConfigKeys (ConfUtils.java:logGet(43)) - raft.server.log.preallocated.size = 16384 (custom)
2019-09-30 14:06:05,897 [pool-429-thread-1] INFO  server.RaftServerConfigKeys (ConfUtils.java:logGet(43)) - raft.server.log.write.buffer.size = 33554432 (custom)
2019-09-30 14:06:05,897 [pool-429-thread-1] INFO  server.RaftServerConfigKeys (ConfUtils.java:logGet(43)) - raft.server.log.force.sync.num = 128 (default)
2019-09-30 14:06:05,897 [pool-429-thread-1] INFO  server.RaftServerConfigKeys (ConfUtils.java:logGet(43)) - raft.server.log.statemachine.data.sync = true (default)
2019-09-30 14:06:05,897 [pool-429-thread-1] INFO  server.RaftServerConfigKeys (ConfUtils.java:logGet(43)) - raft.server.log.statemachine.data.sync.timeout = 10s (default)
2019-09-30 14:06:05,897 [pool-429-thread-1] INFO  server.RaftServerConfigKeys (ConfUtils.java:logGet(43)) - raft.server.log.statemachine.data.sync.timeout.retry = -1 (default)
2019-09-30 14:06:05,897 [pool-429-thread-1] INFO  server.RaftServerConfigKeys (ConfUtils.java:logGet(43)) - raft.server.log.statemachine.data.caching.enabled = true (custom)
2019-09-30 14:06:05,898 [pool-429-thread-1] INFO  segmented.SegmentedRaftLogWorker (SegmentedRaftLogWorker.java:lambda$new$0(132)) - 7e26ba04-d72c-4841-b33c-e390f5f396e9@group-CC9344EA3D2C-SegmentedRaftLogWorker: flushIndex: setUnconditionally 0 -> -1
2019-09-30 14:06:05,898 [pool-429-thread-1] INFO  server.RaftServerConfigKeys (ConfUtils.java:logGet(43)) - raft.server.snapshot.auto.trigger.enabled = true (custom)
2019-09-30 14:06:05,898 [pool-429-thread-1] INFO  server.RaftServerConfigKeys (ConfUtils.java:logGet(43)) - raft.server.snapshot.auto.trigger.threshold = 10000 (custom)
2019-09-30 14:06:05,898 [pool-429-thread-1] INFO  server.RaftServerConfigKeys (ConfUtils.java:logGet(43)) - raft.server.snapshot.retention.num.files = 5 (custom)
2019-09-30 14:06:05,898 [pool-429-thread-1] INFO  server.RaftServerConfigKeys (ConfUtils.java:logGet(43)) - raft.server.retrycache.expirytime = 600000ms (custom)
2019-09-30 14:06:05,901 [pool-429-thread-1] INFO  impl.RaftServerImpl (RaftServerImpl.java:start(185)) - 7e26ba04-d72c-4841-b33c-e390f5f396e9@group-CC9344EA3D2C: start as a follower, conf=-1: [7e26ba04-d72c-4841-b33c-e390f5f396e9:192.168.164.197:37543], old=null
2019-09-30 14:06:05,901 [pool-429-thread-1] INFO  impl.RaftServerImpl (RaftServerImpl.java:setRole(174)) - 7e26ba04-d72c-4841-b33c-e390f5f396e9@group-CC9344EA3D2C: changes role from      null to FOLLOWER at term 0 for startAsFollower
2019-09-30 14:06:05,901 [pool-429-thread-1] INFO  impl.RoleInfo (RoleInfo.java:updateAndGet(143)) - 7e26ba04-d72c-4841-b33c-e390f5f396e9: start FollowerState
2019-09-30 14:06:05,901 [pool-429-thread-1] INFO  util.JmxRegister (JmxRegister.java:tryRegister(44)) - Successfully registered JMX Bean with object name Ratis:service=RaftServer,group=group-CC9344EA3D2C,id=7e26ba04-d72c-4841-b33c-e390f5f396e9
2019-09-30 14:06:05,903 [RatisPipelineUtilsThread] INFO  pipeline.PipelineStateManager (PipelineStateManager.java:addPipeline(56)) - Created pipeline Pipeline[ Id: 44afceb1-ab03-4215-aecb-cc9344ea3d2c, Nodes: 7e26ba04-d72c-4841-b33c-e390f5f396e9{ip: 192.168.164.197, host: trunk-nightly-extra-20190930-74rp4-3411845215, networkLocation: /default-rack, certSerialId: null}, Type:RATIS, Factor:ONE, State:OPEN]
2019-09-30 14:06:05,915 [grpc-default-executor-1] INFO  impl.RaftServerProxy (RaftServerProxy.java:addNew(89)) - 63d2da5d-abdc-4507-99f3-11211187d437: addNew group-EABF7C709D43:[f4c77ea4-6dc4-41ad-b812-3c6e0d99b7bc:192.168.164.197:34037, 63d2da5d-abdc-4507-99f3-11211187d437:192.168.164.197:40683, 7e26ba04-d72c-4841-b33c-e390f5f396e9:192.168.164.197:37543] returns group-EABF7C709D43:java.util.concurrent.CompletableFuture@3467b795[Not completed]
2019-09-30 14:06:05,915 [grpc-default-executor-10] INFO  impl.RaftServerProxy (RaftServerProxy.java:addNew(89)) - 7e26ba04-d72c-4841-b33c-e390f5f396e9: addNew group-EABF7C709D43:[f4c77ea4-6dc4-41ad-b812-3c6e0d99b7bc:192.168.164.197:34037, 63d2da5d-abdc-4507-99f3-11211187d437:192.168.164.197:40683, 7e26ba04-d72c-4841-b33c-e390f5f396e9:192.168.164.197:37543] returns group-EABF7C709D43:java.util.concurrent.CompletableFuture@34226839[Not completed]
2019-09-30 14:06:05,915 [grpc-default-executor-1] INFO  impl.RaftServerProxy (RaftServerProxy.java:addNew(89)) - f4c77ea4-6dc4-41ad-b812-3c6e0d99b7bc: addNew group-EABF7C709D43:[f4c77ea4-6dc4-41ad-b812-3c6e0d99b7bc:192.168.164.197:34037, 63d2da5d-abdc-4507-99f3-11211187d437:192.168.164.197:40683, 7e26ba04-d72c-4841-b33c-e390f5f396e9:192.168.164.197:37543] returns group-EABF7C709D43:java.util.concurrent.CompletableFuture@570dcc78[Not completed]
2019-09-30 14:06:05,916 [pool-419-thread-1] INFO  impl.RaftServerImpl (RaftServerImpl.java:<init>(95)) - 63d2da5d-abdc-4507-99f3-11211187d437: new RaftServerImpl for group-EABF7C709D43:[f4c77ea4-6dc4-41ad-b812-3c6e0d99b7bc:192.168.164.197:34037, 63d2da5d-abdc-4507-99f3-11211187d437:192.168.164.197:40683, 7e26ba04-d72c-4841-b33c-e390f5f396e9:192.168.164.197:37543] with ContainerStateMachine:uninitialized
2019-09-30 14:06:05,916 [pool-419-thread-1] INFO  server.RaftServerConfigKeys (ConfUtils.java:logGet(43)) - raft.server.rpc.timeout.min = 5s (custom)
2019-09-30 14:06:05,917 [pool-419-thread-1] INFO  server.RaftServerConfigKeys (ConfUtils.java:logGet(43)) - raft.server.rpc.timeout.max = 5200ms (custom)
2019-09-30 14:06:05,917 [pool-419-thread-1] INFO  server.RaftServerConfigKeys (ConfUtils.java:logGet(43)) - raft.server.rpcslowness.timeout = 120s (custom)
2019-09-30 14:06:05,917 [pool-419-thread-1] INFO  server.RaftServerConfigKeys (ConfUtils.java:logGet(43)) - raft.server.sleep.deviation.threshold = 300 (default)
2019-09-30 14:06:05,917 [pool-419-thread-1] INFO  server.RaftServerConfigKeys (ConfUtils.java:logGet(43)) - raft.server.log.appender.install.snapshot.enabled = false (custom)
2019-09-30 14:06:05,917 [pool-429-thread-1] INFO  impl.RaftServerImpl (RaftServerImpl.java:<init>(95)) - 7e26ba04-d72c-4841-b33c-e390f5f396e9: new RaftServerImpl for group-EABF7C709D43:[f4c77ea4-6dc4-41ad-b812-3c6e0d99b7bc:192.168.164.197:34037, 63d2da5d-abdc-4507-99f3-11211187d437:192.168.164.197:40683, 7e26ba04-d72c-4841-b33c-e390f5f396e9:192.168.164.197:37543] with ContainerStateMachine:uninitialized
2019-09-30 14:06:05,917 [pool-419-thread-1] INFO  impl.RaftServerImpl (ServerState.java:<init>(103)) - 63d2da5d-abdc-4507-99f3-11211187d437@group-EABF7C709D43: ConfigurationManager, init=-1: [f4c77ea4-6dc4-41ad-b812-3c6e0d99b7bc:192.168.164.197:34037, 63d2da5d-abdc-4507-99f3-11211187d437:192.168.164.197:40683, 7e26ba04-d72c-4841-b33c-e390f5f396e9:192.168.164.197:37543], old=null, confs=<EMPTY_MAP>
2019-09-30 14:06:05,917 [pool-429-thread-1] INFO  server.RaftServerConfigKeys (ConfUtils.java:logGet(43)) - raft.server.rpc.timeout.min = 5s (custom)
2019-09-30 14:06:05,917 [pool-409-thread-1] INFO  impl.RaftServerImpl (RaftServerImpl.java:<init>(95)) - f4c77ea4-6dc4-41ad-b812-3c6e0d99b7bc: new RaftServerImpl for group-EABF7C709D43:[f4c77ea4-6dc4-41ad-b812-3c6e0d99b7bc:192.168.164.197:34037, 63d2da5d-abdc-4507-99f3-11211187d437:192.168.164.197:40683, 7e26ba04-d72c-4841-b33c-e390f5f396e9:192.168.164.197:37543] with ContainerStateMachine:uninitialized
2019-09-30 14:06:05,917 [pool-419-thread-1] INFO  server.RaftServerConfigKeys (ConfUtils.java:logGet(43)) - raft.server.storage.dir = [/workdir/hadoop-ozone/integration-test/target/test-dir/MiniOzoneClusterImpl-8b753bf4-8e52-47bf-b887-5f8f577e75fc/datanode-1/data/ratis] (custom)
2019-09-30 14:06:05,917 [pool-409-thread-1] INFO  server.RaftServerConfigKeys (ConfUtils.java:logGet(43)) - raft.server.rpc.timeout.min = 5s (custom)
2019-09-30 14:06:05,917 [pool-429-thread-1] INFO  server.RaftServerConfigKeys (ConfUtils.java:logGet(43)) - raft.server.rpc.timeout.max = 5200ms (custom)
2019-09-30 14:06:05,918 [pool-409-thread-1] INFO  server.RaftServerConfigKeys (ConfUtils.java:logGet(43)) - raft.server.rpc.timeout.max = 5200ms (custom)
2019-09-30 14:06:05,918 [pool-419-thread-1] INFO  storage.RaftStorageDirectory (RaftStorageDirectory.java:analyzeStorage(246)) - The storage directory /workdir/hadoop-ozone/integration-test/target/test-dir/MiniOzoneClusterImpl-8b753bf4-8e52-47bf-b887-5f8f577e75fc/datanode-1/data/ratis/b9045580-1dfa-4658-a35f-eabf7c709d43 does not exist. Creating ...
2019-09-30 14:06:05,918 [pool-409-thread-1] INFO  server.RaftServerConfigKeys (ConfUtils.java:logGet(43)) - raft.server.rpcslowness.timeout = 120s (custom)
2019-09-30 14:06:05,918 [pool-429-thread-1] INFO  server.RaftServerConfigKeys (ConfUtils.java:logGet(43)) - raft.server.rpcslowness.timeout = 120s (custom)
2019-09-30 14:06:05,918 [pool-409-thread-1] INFO  server.RaftServerConfigKeys (ConfUtils.java:logGet(43)) - raft.server.sleep.deviation.threshold = 300 (default)
2019-09-30 14:06:05,918 [pool-429-thread-1] INFO  server.RaftServerConfigKeys (ConfUtils.java:logGet(43)) - raft.server.sleep.deviation.threshold = 300 (default)
2019-09-30 14:06:05,918 [pool-409-thread-1] INFO  server.RaftServerConfigKeys (ConfUtils.java:logGet(43)) - raft.server.log.appender.install.snapshot.enabled = false (custom)
2019-09-30 14:06:05,918 [pool-429-thread-1] INFO  server.RaftServerConfigKeys (ConfUtils.java:logGet(43)) - raft.server.log.appender.install.snapshot.enabled = false (custom)
2019-09-30 14:06:05,919 [pool-409-thread-1] INFO  impl.RaftServerImpl (ServerState.java:<init>(103)) - f4c77ea4-6dc4-41ad-b812-3c6e0d99b7bc@group-EABF7C709D43: ConfigurationManager, init=-1: [f4c77ea4-6dc4-41ad-b812-3c6e0d99b7bc:192.168.164.197:34037, 63d2da5d-abdc-4507-99f3-11211187d437:192.168.164.197:40683, 7e26ba04-d72c-4841-b33c-e390f5f396e9:192.168.164.197:37543], old=null, confs=<EMPTY_MAP>
2019-09-30 14:06:05,919 [pool-429-thread-1] INFO  impl.RaftServerImpl (ServerState.java:<init>(103)) - 7e26ba04-d72c-4841-b33c-e390f5f396e9@group-EABF7C709D43: ConfigurationManager, init=-1: [f4c77ea4-6dc4-41ad-b812-3c6e0d99b7bc:192.168.164.197:34037, 63d2da5d-abdc-4507-99f3-11211187d437:192.168.164.197:40683, 7e26ba04-d72c-4841-b33c-e390f5f396e9:192.168.164.197:37543], old=null, confs=<EMPTY_MAP>
2019-09-30 14:06:05,919 [pool-409-thread-1] INFO  server.RaftServerConfigKeys (ConfUtils.java:logGet(43)) - raft.server.storage.dir = [/workdir/hadoop-ozone/integration-test/target/test-dir/MiniOzoneClusterImpl-8b753bf4-8e52-47bf-b887-5f8f577e75fc/datanode-0/data/ratis] (custom)
2019-09-30 14:06:05,919 [pool-429-thread-1] INFO  server.RaftServerConfigKeys (ConfUtils.java:logGet(43)) - raft.server.storage.dir = [/workdir/hadoop-ozone/integration-test/target/test-dir/MiniOzoneClusterImpl-8b753bf4-8e52-47bf-b887-5f8f577e75fc/datanode-2/data/ratis] (custom)
2019-09-30 14:06:05,919 [pool-409-thread-1] INFO  storage.RaftStorageDirectory (RaftStorageDirectory.java:analyzeStorage(246)) - The storage directory /workdir/hadoop-ozone/integration-test/target/test-dir/MiniOzoneClusterImpl-8b753bf4-8e52-47bf-b887-5f8f577e75fc/datanode-0/data/ratis/b9045580-1dfa-4658-a35f-eabf7c709d43 does not exist. Creating ...
2019-09-30 14:06:05,919 [pool-429-thread-1] INFO  storage.RaftStorageDirectory (RaftStorageDirectory.java:analyzeStorage(246)) - The storage directory /workdir/hadoop-ozone/integration-test/target/test-dir/MiniOzoneClusterImpl-8b753bf4-8e52-47bf-b887-5f8f577e75fc/datanode-2/data/ratis/b9045580-1dfa-4658-a35f-eabf7c709d43 does not exist. Creating ...
2019-09-30 14:06:05,931 [pool-429-thread-1] INFO  storage.RaftStorageDirectory (RaftStorageDirectory.java:tryLock(328)) - Lock on /workdir/hadoop-ozone/integration-test/target/test-dir/MiniOzoneClusterImpl-8b753bf4-8e52-47bf-b887-5f8f577e75fc/datanode-2/data/ratis/b9045580-1dfa-4658-a35f-eabf7c709d43/in_use.lock acquired by nodename 10834@trunk-nightly-extra-20190930-74rp4-3411845215
2019-09-30 14:06:05,931 [pool-419-thread-1] INFO  storage.RaftStorageDirectory (RaftStorageDirectory.java:tryLock(328)) - Lock on /workdir/hadoop-ozone/integration-test/target/test-dir/MiniOzoneClusterImpl-8b753bf4-8e52-47bf-b887-5f8f577e75fc/datanode-1/data/ratis/b9045580-1dfa-4658-a35f-eabf7c709d43/in_use.lock acquired by nodename 10834@trunk-nightly-extra-20190930-74rp4-3411845215
2019-09-30 14:06:05,931 [pool-409-thread-1] INFO  storage.RaftStorageDirectory (RaftStorageDirectory.java:tryLock(328)) - Lock on /workdir/hadoop-ozone/integration-test/target/test-dir/MiniOzoneClusterImpl-8b753bf4-8e52-47bf-b887-5f8f577e75fc/datanode-0/data/ratis/b9045580-1dfa-4658-a35f-eabf7c709d43/in_use.lock acquired by nodename 10834@trunk-nightly-extra-20190930-74rp4-3411845215
2019-09-30 14:06:05,939 [IPC Server handler 5 on 41550] INFO  net.NetworkTopology (NetworkTopologyImpl.java:add(111)) - Added a new node: /default-rack/4938c74e-7433-4b31-a410-a11afbc45738
2019-09-30 14:06:05,940 [IPC Server handler 5 on 41550] INFO  node.SCMNodeManager (SCMNodeManager.java:register(266)) - Registered Data node : 4938c74e-7433-4b31-a410-a11afbc45738{ip: 192.168.164.197, host: trunk-nightly-extra-20190930-74rp4-3411845215, networkLocation: /default-rack, certSerialId: null}
2019-09-30 14:06:05,945 [pool-419-thread-1] INFO  storage.RaftStorage (RaftStorage.java:format(72)) - Storage directory /workdir/hadoop-ozone/integration-test/target/test-dir/MiniOzoneClusterImpl-8b753bf4-8e52-47bf-b887-5f8f577e75fc/datanode-1/data/ratis/b9045580-1dfa-4658-a35f-eabf7c709d43 has been successfully formatted.
2019-09-30 14:06:05,945 [pool-409-thread-1] INFO  storage.RaftStorage (RaftStorage.java:format(72)) - Storage directory /workdir/hadoop-ozone/integration-test/target/test-dir/MiniOzoneClusterImpl-8b753bf4-8e52-47bf-b887-5f8f577e75fc/datanode-0/data/ratis/b9045580-1dfa-4658-a35f-eabf7c709d43 has been successfully formatted.
2019-09-30 14:06:05,945 [pool-429-thread-1] INFO  storage.RaftStorage (RaftStorage.java:format(72)) - Storage directory /workdir/hadoop-ozone/integration-test/target/test-dir/MiniOzoneClusterImpl-8b753bf4-8e52-47bf-b887-5f8f577e75fc/datanode-2/data/ratis/b9045580-1dfa-4658-a35f-eabf7c709d43 has been successfully formatted.
2019-09-30 14:06:05,945 [pool-409-thread-1] INFO  ratis.ContainerStateMachine (ContainerStateMachine.java:loadSnapshot(230)) - group-EABF7C709D43: The snapshot info is null. Setting the last applied indexto:(t:0, i:~)
2019-09-30 14:06:05,945 [pool-419-thread-1] INFO  ratis.ContainerStateMachine (ContainerStateMachine.java:loadSnapshot(230)) - group-EABF7C709D43: The snapshot info is null. Setting the last applied indexto:(t:0, i:~)
2019-09-30 14:06:05,945 [pool-409-thread-1] INFO  server.RaftServerConfigKeys (ConfUtils.java:logGet(43)) - raft.server.notification.no-leader.timeout = 120s (custom)
2019-09-30 14:06:05,945 [pool-429-thread-1] INFO  ratis.ContainerStateMachine (ContainerStateMachine.java:loadSnapshot(230)) - group-EABF7C709D43: The snapshot info is null. Setting the last applied indexto:(t:0, i:~)
2019-09-30 14:06:05,946 [pool-409-thread-1] INFO  server.RaftServerConfigKeys (ConfUtils.java:logGet(43)) - raft.server.log.use.memory = false (default)
2019-09-30 14:06:05,945 [pool-419-thread-1] INFO  server.RaftServerConfigKeys (ConfUtils.java:logGet(43)) - raft.server.notification.no-leader.timeout = 120s (custom)
2019-09-30 14:06:05,946 [pool-409-thread-1] INFO  server.RaftServerConfigKeys (ConfUtils.java:logGet(43)) - raft.server.log.purge.gap = 1000000 (custom)
2019-09-30 14:06:05,946 [pool-429-thread-1] INFO  server.RaftServerConfigKeys (ConfUtils.java:logGet(43)) - raft.server.notification.no-leader.timeout = 120s (custom)
2019-09-30 14:06:05,946 [pool-409-thread-1] INFO  server.RaftServerConfigKeys (ConfUtils.java:logGet(43)) - raft.server.log.appender.buffer.byte-limit = 33554432 (custom)
2019-09-30 14:06:05,946 [pool-419-thread-1] INFO  server.RaftServerConfigKeys (ConfUtils.java:logGet(43)) - raft.server.log.use.memory = false (default)
2019-09-30 14:06:05,946 [pool-409-thread-1] INFO  server.RaftServerConfigKeys (ConfUtils.java:logGet(43)) - raft.server.log.segment.size.max = 1048576 (custom)
2019-09-30 14:06:05,946 [pool-429-thread-1] INFO  server.RaftServerConfigKeys (ConfUtils.java:logGet(43)) - raft.server.log.use.memory = false (default)
2019-09-30 14:06:05,947 [pool-409-thread-1] INFO  server.RaftServerConfigKeys (ConfUtils.java:logGet(43)) - raft.server.log.segment.cache.num.max = 2 (custom)
2019-09-30 14:06:05,947 [pool-419-thread-1] INFO  server.RaftServerConfigKeys (ConfUtils.java:logGet(43)) - raft.server.log.purge.gap = 1000000 (custom)
2019-09-30 14:06:05,947 [pool-409-thread-1] INFO  segmented.SegmentedRaftLogWorker (SegmentedRaftLogWorker.java:<init>(172)) - new f4c77ea4-6dc4-41ad-b812-3c6e0d99b7bc@group-EABF7C709D43-SegmentedRaftLogWorker for RaftStorage:Storage Directory /workdir/hadoop-ozone/integration-test/target/test-dir/MiniOzoneClusterImpl-8b753bf4-8e52-47bf-b887-5f8f577e75fc/datanode-0/data/ratis/b9045580-1dfa-4658-a35f-eabf7c709d43
2019-09-30 14:06:05,947 [pool-429-thread-1] INFO  server.RaftServerConfigKeys (ConfUtils.java:logGet(43)) - raft.server.log.purge.gap = 1000000 (custom)
2019-09-30 14:06:05,947 [pool-409-thread-1] INFO  server.RaftServerConfigKeys (ConfUtils.java:logGet(43)) - raft.server.log.queue.byte-limit = 2147483647 (custom)
2019-09-30 14:06:05,948 [pool-409-thread-1] INFO  server.RaftServerConfigKeys (ConfUtils.java:logGet(43)) - raft.server.log.queue.element-limit = 1024 (custom)
2019-09-30 14:06:05,947 [pool-419-thread-1] INFO  server.RaftServerConfigKeys (ConfUtils.java:logGet(43)) - raft.server.log.appender.buffer.byte-limit = 33554432 (custom)
2019-09-30 14:06:05,948 [pool-409-thread-1] INFO  server.RaftServerConfigKeys (ConfUtils.java:logGet(43)) - raft.server.log.segment.size.max = 1048576 (custom)
2019-09-30 14:06:05,948 [pool-409-thread-1] INFO  server.RaftServerConfigKeys (ConfUtils.java:logGet(43)) - raft.server.log.preallocated.size = 16384 (custom)
2019-09-30 14:06:05,947 [pool-429-thread-1] INFO  server.RaftServerConfigKeys (ConfUtils.java:logGet(43)) - raft.server.log.appender.buffer.byte-limit = 33554432 (custom)
2019-09-30 14:06:05,948 [pool-409-thread-1] INFO  server.RaftServerConfigKeys (ConfUtils.java:logGet(43)) - raft.server.log.write.buffer.size = 33554432 (custom)
2019-09-30 14:06:05,949 [pool-409-thread-1] INFO  server.RaftServerConfigKeys (ConfUtils.java:logGet(43)) - raft.server.log.force.sync.num = 128 (default)
2019-09-30 14:06:05,948 [pool-419-thread-1] INFO  server.RaftServerConfigKeys (ConfUtils.java:logGet(43)) - raft.server.log.segment.size.max = 1048576 (custom)
2019-09-30 14:06:05,949 [pool-409-thread-1] INFO  server.RaftServerConfigKeys (ConfUtils.java:logGet(43)) - raft.server.log.statemachine.data.sync = true (default)
2019-09-30 14:06:05,948 [pool-429-thread-1] INFO  server.RaftServerConfigKeys (ConfUtils.java:logGet(43)) - raft.server.log.segment.size.max = 1048576 (custom)
2019-09-30 14:06:05,949 [pool-409-thread-1] INFO  server.RaftServerConfigKeys (ConfUtils.java:logGet(43)) - raft.server.log.statemachine.data.sync.timeout = 10s (default)
2019-09-30 14:06:05,949 [pool-419-thread-1] INFO  server.RaftServerConfigKeys (ConfUtils.java:logGet(43)) - raft.server.log.segment.cache.num.max = 2 (custom)
2019-09-30 14:06:05,949 [pool-409-thread-1] INFO  server.RaftServerConfigKeys (ConfUtils.java:logGet(43)) - raft.server.log.statemachine.data.sync.timeout.retry = -1 (default)
2019-09-30 14:06:05,949 [pool-429-thread-1] INFO  server.RaftServerConfigKeys (ConfUtils.java:logGet(43)) - raft.server.log.segment.cache.num.max = 2 (custom)
2019-09-30 14:06:05,950 [pool-409-thread-1] INFO  server.RaftServerConfigKeys (ConfUtils.java:logGet(43)) - raft.server.log.statemachine.data.caching.enabled = true (custom)
2019-09-30 14:06:05,949 [pool-419-thread-1] INFO  segmented.SegmentedRaftLogWorker (SegmentedRaftLogWorker.java:<init>(172)) - new 63d2da5d-abdc-4507-99f3-11211187d437@group-EABF7C709D43-SegmentedRaftLogWorker for RaftStorage:Storage Directory /workdir/hadoop-ozone/integration-test/target/test-dir/MiniOzoneClusterImpl-8b753bf4-8e52-47bf-b887-5f8f577e75fc/datanode-1/data/ratis/b9045580-1dfa-4658-a35f-eabf7c709d43
2019-09-30 14:06:05,950 [pool-429-thread-1] INFO  segmented.SegmentedRaftLogWorker (SegmentedRaftLogWorker.java:<init>(172)) - new 7e26ba04-d72c-4841-b33c-e390f5f396e9@group-EABF7C709D43-SegmentedRaftLogWorker for RaftStorage:Storage Directory /workdir/hadoop-ozone/integration-test/target/test-dir/MiniOzoneClusterImpl-8b753bf4-8e52-47bf-b887-5f8f577e75fc/datanode-2/data/ratis/b9045580-1dfa-4658-a35f-eabf7c709d43
2019-09-30 14:06:05,950 [pool-409-thread-1] INFO  segmented.SegmentedRaftLogWorker (SegmentedRaftLogWorker.java:lambda$new$0(132)) - f4c77ea4-6dc4-41ad-b812-3c6e0d99b7bc@group-EABF7C709D43-SegmentedRaftLogWorker: flushIndex: setUnconditionally 0 -> -1
2019-09-30 14:06:05,950 [pool-419-thread-1] INFO  server.RaftServerConfigKeys (ConfUtils.java:logGet(43)) - raft.server.log.queue.byte-limit = 2147483647 (custom)
2019-09-30 14:06:05,950 [pool-429-thread-1] INFO  server.RaftServerConfigKeys (ConfUtils.java:logGet(43)) - raft.server.log.queue.byte-limit = 2147483647 (custom)
2019-09-30 14:06:05,951 [pool-409-thread-1] INFO  server.RaftServerConfigKeys (ConfUtils.java:logGet(43)) - raft.server.snapshot.auto.trigger.enabled = true (custom)
2019-09-30 14:06:05,951 [pool-419-thread-1] INFO  server.RaftServerConfigKeys (ConfUtils.java:logGet(43)) - raft.server.log.queue.element-limit = 1024 (custom)
2019-09-30 14:06:05,951 [pool-409-thread-1] INFO  server.RaftServerConfigKeys (ConfUtils.java:logGet(43)) - raft.server.snapshot.auto.trigger.threshold = 10000 (custom)
2019-09-30 14:06:05,951 [pool-429-thread-1] INFO  server.RaftServerConfigKeys (ConfUtils.java:logGet(43)) - raft.server.log.queue.element-limit = 1024 (custom)
2019-09-30 14:06:05,951 [pool-409-thread-1] INFO  server.RaftServerConfigKeys (ConfUtils.java:logGet(43)) - raft.server.snapshot.retention.num.files = 5 (custom)
2019-09-30 14:06:05,951 [pool-419-thread-1] INFO  server.RaftServerConfigKeys (ConfUtils.java:logGet(43)) - raft.server.log.segment.size.max = 1048576 (custom)
2019-09-30 14:06:05,951 [pool-409-thread-1] INFO  server.RaftServerConfigKeys (ConfUtils.java:logGet(43)) - raft.server.retrycache.expirytime = 600000ms (custom)
2019-09-30 14:06:05,951 [pool-429-thread-1] INFO  server.RaftServerConfigKeys (ConfUtils.java:logGet(43)) - raft.server.log.segment.size.max = 1048576 (custom)
2019-09-30 14:06:05,952 [pool-429-thread-1] INFO  server.RaftServerConfigKeys (ConfUtils.java:logGet(43)) - raft.server.log.preallocated.size = 16384 (custom)
2019-09-30 14:06:05,952 [pool-419-thread-1] INFO  server.RaftServerConfigKeys (ConfUtils.java:logGet(43)) - raft.server.log.preallocated.size = 16384 (custom)
2019-09-30 14:06:05,952 [pool-429-thread-1] INFO  server.RaftServerConfigKeys (ConfUtils.java:logGet(43)) - raft.server.log.write.buffer.size = 33554432 (custom)
2019-09-30 14:06:05,952 [pool-419-thread-1] INFO  server.RaftServerConfigKeys (ConfUtils.java:logGet(43)) - raft.server.log.write.buffer.size = 33554432 (custom)
2019-09-30 14:06:05,952 [pool-429-thread-1] INFO  server.RaftServerConfigKeys (ConfUtils.java:logGet(43)) - raft.server.log.force.sync.num = 128 (default)
2019-09-30 14:06:05,952 [pool-419-thread-1] INFO  server.RaftServerConfigKeys (ConfUtils.java:logGet(43)) - raft.server.log.force.sync.num = 128 (default)
2019-09-30 14:06:05,953 [pool-429-thread-1] INFO  server.RaftServerConfigKeys (ConfUtils.java:logGet(43)) - raft.server.log.statemachine.data.sync = true (default)
2019-09-30 14:06:05,953 [pool-419-thread-1] INFO  server.RaftServerConfigKeys (ConfUtils.java:logGet(43)) - raft.server.log.statemachine.data.sync = true (default)
2019-09-30 14:06:05,953 [pool-429-thread-1] INFO  server.RaftServerConfigKeys (ConfUtils.java:logGet(43)) - raft.server.log.statemachine.data.sync.timeout = 10s (default)
2019-09-30 14:06:05,953 [pool-419-thread-1] INFO  server.RaftServerConfigKeys (ConfUtils.java:logGet(43)) - raft.server.log.statemachine.data.sync.timeout = 10s (default)
2019-09-30 14:06:05,953 [pool-429-thread-1] INFO  server.RaftServerConfigKeys (ConfUtils.java:logGet(43)) - raft.server.log.statemachine.data.sync.timeout.retry = -1 (default)
2019-09-30 14:06:05,953 [pool-419-thread-1] INFO  server.RaftServerConfigKeys (ConfUtils.java:logGet(43)) - raft.server.log.statemachine.data.sync.timeout.retry = -1 (default)
2019-09-30 14:06:05,954 [pool-419-thread-1] INFO  server.RaftServerConfigKeys (ConfUtils.java:logGet(43)) - raft.server.log.statemachine.data.caching.enabled = true (custom)
2019-09-30 14:06:05,953 [pool-429-thread-1] INFO  server.RaftServerConfigKeys (ConfUtils.java:logGet(43)) - raft.server.log.statemachine.data.caching.enabled = true (custom)
2019-09-30 14:06:05,954 [pool-419-thread-1] INFO  segmented.SegmentedRaftLogWorker (SegmentedRaftLogWorker.java:lambda$new$0(132)) - 63d2da5d-abdc-4507-99f3-11211187d437@group-EABF7C709D43-SegmentedRaftLogWorker: flushIndex: setUnconditionally 0 -> -1
2019-09-30 14:06:05,954 [pool-429-thread-1] INFO  segmented.SegmentedRaftLogWorker (SegmentedRaftLogWorker.java:lambda$new$0(132)) - 7e26ba04-d72c-4841-b33c-e390f5f396e9@group-EABF7C709D43-SegmentedRaftLogWorker: flushIndex: setUnconditionally 0 -> -1
2019-09-30 14:06:05,954 [pool-419-thread-1] INFO  server.RaftServerConfigKeys (ConfUtils.java:logGet(43)) - raft.server.snapshot.auto.trigger.enabled = true (custom)
2019-09-30 14:06:05,954 [pool-419-thread-1] INFO  server.RaftServerConfigKeys (ConfUtils.java:logGet(43)) - raft.server.snapshot.auto.trigger.threshold = 10000 (custom)
2019-09-30 14:06:05,954 [pool-429-thread-1] INFO  server.RaftServerConfigKeys (ConfUtils.java:logGet(43)) - raft.server.snapshot.auto.trigger.enabled = true (custom)
2019-09-30 14:06:05,954 [pool-419-thread-1] INFO  server.RaftServerConfigKeys (ConfUtils.java:logGet(43)) - raft.server.snapshot.retention.num.files = 5 (custom)
2019-09-30 14:06:05,955 [pool-429-thread-1] INFO  server.RaftServerConfigKeys (ConfUtils.java:logGet(43)) - raft.server.snapshot.auto.trigger.threshold = 10000 (custom)
2019-09-30 14:06:05,955 [pool-419-thread-1] INFO  server.RaftServerConfigKeys (ConfUtils.java:logGet(43)) - raft.server.retrycache.expirytime = 600000ms (custom)
2019-09-30 14:06:05,955 [pool-429-thread-1] INFO  server.RaftServerConfigKeys (ConfUtils.java:logGet(43)) - raft.server.snapshot.retention.num.files = 5 (custom)
2019-09-30 14:06:05,955 [pool-429-thread-1] INFO  server.RaftServerConfigKeys (ConfUtils.java:logGet(43)) - raft.server.retrycache.expirytime = 600000ms (custom)
2019-09-30 14:06:05,955 [pool-409-thread-1] INFO  impl.RaftServerImpl (RaftServerImpl.java:start(185)) - f4c77ea4-6dc4-41ad-b812-3c6e0d99b7bc@group-EABF7C709D43: start as a follower, conf=-1: [f4c77ea4-6dc4-41ad-b812-3c6e0d99b7bc:192.168.164.197:34037, 63d2da5d-abdc-4507-99f3-11211187d437:192.168.164.197:40683, 7e26ba04-d72c-4841-b33c-e390f5f396e9:192.168.164.197:37543], old=null
2019-09-30 14:06:05,955 [pool-409-thread-1] INFO  impl.RaftServerImpl (RaftServerImpl.java:setRole(174)) - f4c77ea4-6dc4-41ad-b812-3c6e0d99b7bc@group-EABF7C709D43: changes role from      null to FOLLOWER at term 0 for startAsFollower
2019-09-30 14:06:05,956 [pool-409-thread-1] INFO  impl.RoleInfo (RoleInfo.java:updateAndGet(143)) - f4c77ea4-6dc4-41ad-b812-3c6e0d99b7bc: start FollowerState
2019-09-30 14:06:05,968 [pool-409-thread-1] INFO  util.JmxRegister (JmxRegister.java:tryRegister(44)) - Successfully registered JMX Bean with object name Ratis:service=RaftServer,group=group-EABF7C709D43,id=f4c77ea4-6dc4-41ad-b812-3c6e0d99b7bc
2019-09-30 14:06:05,978 [pool-419-thread-1] INFO  impl.RaftServerImpl (RaftServerImpl.java:start(185)) - 63d2da5d-abdc-4507-99f3-11211187d437@group-EABF7C709D43: start as a follower, conf=-1: [f4c77ea4-6dc4-41ad-b812-3c6e0d99b7bc:192.168.164.197:34037, 63d2da5d-abdc-4507-99f3-11211187d437:192.168.164.197:40683, 7e26ba04-d72c-4841-b33c-e390f5f396e9:192.168.164.197:37543], old=null
2019-09-30 14:06:05,978 [pool-419-thread-1] INFO  impl.RaftServerImpl (RaftServerImpl.java:setRole(174)) - 63d2da5d-abdc-4507-99f3-11211187d437@group-EABF7C709D43: changes role from      null to FOLLOWER at term 0 for startAsFollower
2019-09-30 14:06:05,978 [pool-419-thread-1] INFO  impl.RoleInfo (RoleInfo.java:updateAndGet(143)) - 63d2da5d-abdc-4507-99f3-11211187d437: start FollowerState
2019-09-30 14:06:05,978 [pool-429-thread-1] INFO  impl.RaftServerImpl (RaftServerImpl.java:start(185)) - 7e26ba04-d72c-4841-b33c-e390f5f396e9@group-EABF7C709D43: start as a follower, conf=-1: [f4c77ea4-6dc4-41ad-b812-3c6e0d99b7bc:192.168.164.197:34037, 63d2da5d-abdc-4507-99f3-11211187d437:192.168.164.197:40683, 7e26ba04-d72c-4841-b33c-e390f5f396e9:192.168.164.197:37543], old=null
2019-09-30 14:06:05,978 [pool-429-thread-1] INFO  impl.RaftServerImpl (RaftServerImpl.java:setRole(174)) - 7e26ba04-d72c-4841-b33c-e390f5f396e9@group-EABF7C709D43: changes role from      null to FOLLOWER at term 0 for startAsFollower
2019-09-30 14:06:05,978 [pool-419-thread-1] INFO  util.JmxRegister (JmxRegister.java:tryRegister(44)) - Successfully registered JMX Bean with object name Ratis:service=RaftServer,group=group-EABF7C709D43,id=63d2da5d-abdc-4507-99f3-11211187d437
2019-09-30 14:06:05,978 [pool-429-thread-1] INFO  impl.RoleInfo (RoleInfo.java:updateAndGet(143)) - 7e26ba04-d72c-4841-b33c-e390f5f396e9: start FollowerState
2019-09-30 14:06:05,979 [pool-429-thread-1] INFO  util.JmxRegister (JmxRegister.java:tryRegister(44)) - Successfully registered JMX Bean with object name Ratis:service=RaftServer,group=group-EABF7C709D43,id=7e26ba04-d72c-4841-b33c-e390f5f396e9
2019-09-30 14:06:05,980 [RatisPipelineUtilsThread] INFO  pipeline.PipelineStateManager (PipelineStateManager.java:addPipeline(56)) - Created pipeline Pipeline[ Id: b9045580-1dfa-4658-a35f-eabf7c709d43, Nodes: f4c77ea4-6dc4-41ad-b812-3c6e0d99b7bc{ip: 192.168.164.197, host: trunk-nightly-extra-20190930-74rp4-3411845215, networkLocation: /default-rack, certSerialId: null}63d2da5d-abdc-4507-99f3-11211187d437{ip: 192.168.164.197, host: trunk-nightly-extra-20190930-74rp4-3411845215, networkLocation: /default-rack, certSerialId: null}7e26ba04-d72c-4841-b33c-e390f5f396e9{ip: 192.168.164.197, host: trunk-nightly-extra-20190930-74rp4-3411845215, networkLocation: /default-rack, certSerialId: null}, Type:RATIS, Factor:THREE, State:OPEN]
2019-09-30 14:06:06,017 [IPC Server handler 6 on 41550] INFO  net.NetworkTopology (NetworkTopologyImpl.java:add(111)) - Added a new node: /default-rack/28e68ed4-4b03-4e16-97ee-efd5dab342dd
2019-09-30 14:06:06,017 [IPC Server handler 6 on 41550] INFO  node.SCMNodeManager (SCMNodeManager.java:register(266)) - Registered Data node : 28e68ed4-4b03-4e16-97ee-efd5dab342dd{ip: 192.168.164.197, host: trunk-nightly-extra-20190930-74rp4-3411845215, networkLocation: /default-rack, certSerialId: null}
2019-09-30 14:06:06,024 [grpc-default-executor-1] INFO  impl.RaftServerProxy (RaftServerProxy.java:addNew(89)) - 4938c74e-7433-4b31-a410-a11afbc45738: addNew group-7436898F9291:[4938c74e-7433-4b31-a410-a11afbc45738:192.168.164.197:34921] returns group-7436898F9291:java.util.concurrent.CompletableFuture@11f04b10[Not completed]
2019-09-30 14:06:06,027 [pool-439-thread-1] INFO  impl.RaftServerImpl (RaftServerImpl.java:<init>(95)) - 4938c74e-7433-4b31-a410-a11afbc45738: new RaftServerImpl for group-7436898F9291:[4938c74e-7433-4b31-a410-a11afbc45738:192.168.164.197:34921] with ContainerStateMachine:uninitialized
2019-09-30 14:06:06,028 [pool-439-thread-1] INFO  server.RaftServerConfigKeys (ConfUtils.java:logGet(43)) - raft.server.rpc.timeout.min = 5s (custom)
2019-09-30 14:06:06,028 [pool-439-thread-1] INFO  server.RaftServerConfigKeys (ConfUtils.java:logGet(43)) - raft.server.rpc.timeout.max = 5200ms (custom)
2019-09-30 14:06:06,028 [pool-439-thread-1] INFO  server.RaftServerConfigKeys (ConfUtils.java:logGet(43)) - raft.server.rpcslowness.timeout = 120s (custom)
2019-09-30 14:06:06,028 [pool-439-thread-1] INFO  server.RaftServerConfigKeys (ConfUtils.java:logGet(43)) - raft.server.sleep.deviation.threshold = 300 (default)
2019-09-30 14:06:06,028 [pool-439-thread-1] INFO  server.RaftServerConfigKeys (ConfUtils.java:logGet(43)) - raft.server.log.appender.install.snapshot.enabled = false (custom)
2019-09-30 14:06:06,028 [pool-439-thread-1] INFO  impl.RaftServerImpl (ServerState.java:<init>(103)) - 4938c74e-7433-4b31-a410-a11afbc45738@group-7436898F9291: ConfigurationManager, init=-1: [4938c74e-7433-4b31-a410-a11afbc45738:192.168.164.197:34921], old=null, confs=<EMPTY_MAP>
2019-09-30 14:06:06,028 [pool-439-thread-1] INFO  server.RaftServerConfigKeys (ConfUtils.java:logGet(43)) - raft.server.storage.dir = [/workdir/hadoop-ozone/integration-test/target/test-dir/MiniOzoneClusterImpl-8b753bf4-8e52-47bf-b887-5f8f577e75fc/datanode-3/data/ratis] (custom)
2019-09-30 14:06:06,029 [pool-439-thread-1] INFO  storage.RaftStorageDirectory (RaftStorageDirectory.java:analyzeStorage(246)) - The storage directory /workdir/hadoop-ozone/integration-test/target/test-dir/MiniOzoneClusterImpl-8b753bf4-8e52-47bf-b887-5f8f577e75fc/datanode-3/data/ratis/59d5db69-d06a-428d-ad5e-7436898f9291 does not exist. Creating ...
2019-09-30 14:06:06,042 [pool-439-thread-1] INFO  storage.RaftStorageDirectory (RaftStorageDirectory.java:tryLock(328)) - Lock on /workdir/hadoop-ozone/integration-test/target/test-dir/MiniOzoneClusterImpl-8b753bf4-8e52-47bf-b887-5f8f577e75fc/datanode-3/data/ratis/59d5db69-d06a-428d-ad5e-7436898f9291/in_use.lock acquired by nodename 10834@trunk-nightly-extra-20190930-74rp4-3411845215
2019-09-30 14:06:06,062 [pool-439-thread-1] INFO  storage.RaftStorage (RaftStorage.java:format(72)) - Storage directory /workdir/hadoop-ozone/integration-test/target/test-dir/MiniOzoneClusterImpl-8b753bf4-8e52-47bf-b887-5f8f577e75fc/datanode-3/data/ratis/59d5db69-d06a-428d-ad5e-7436898f9291 has been successfully formatted.
2019-09-30 14:06:06,063 [pool-439-thread-1] INFO  ratis.ContainerStateMachine (ContainerStateMachine.java:loadSnapshot(230)) - group-7436898F9291: The snapshot info is null. Setting the last applied indexto:(t:0, i:~)
2019-09-30 14:06:06,063 [pool-439-thread-1] INFO  server.RaftServerConfigKeys (ConfUtils.java:logGet(43)) - raft.server.notification.no-leader.timeout = 120s (custom)
2019-09-30 14:06:06,063 [pool-439-thread-1] INFO  server.RaftServerConfigKeys (ConfUtils.java:logGet(43)) - raft.server.log.use.memory = false (default)
2019-09-30 14:06:06,063 [pool-439-thread-1] INFO  server.RaftServerConfigKeys (ConfUtils.java:logGet(43)) - raft.server.log.purge.gap = 1000000 (custom)
2019-09-30 14:06:06,063 [pool-439-thread-1] INFO  server.RaftServerConfigKeys (ConfUtils.java:logGet(43)) - raft.server.log.appender.buffer.byte-limit = 33554432 (custom)
2019-09-30 14:06:06,063 [pool-439-thread-1] INFO  server.RaftServerConfigKeys (ConfUtils.java:logGet(43)) - raft.server.log.segment.size.max = 1048576 (custom)
2019-09-30 14:06:06,064 [pool-439-thread-1] INFO  server.RaftServerConfigKeys (ConfUtils.java:logGet(43)) - raft.server.log.segment.cache.num.max = 2 (custom)
2019-09-30 14:06:06,064 [pool-439-thread-1] INFO  segmented.SegmentedRaftLogWorker (SegmentedRaftLogWorker.java:<init>(172)) - new 4938c74e-7433-4b31-a410-a11afbc45738@group-7436898F9291-SegmentedRaftLogWorker for RaftStorage:Storage Directory /workdir/hadoop-ozone/integration-test/target/test-dir/MiniOzoneClusterImpl-8b753bf4-8e52-47bf-b887-5f8f577e75fc/datanode-3/data/ratis/59d5db69-d06a-428d-ad5e-7436898f9291
2019-09-30 14:06:06,065 [pool-439-thread-1] INFO  server.RaftServerConfigKeys (ConfUtils.java:logGet(43)) - raft.server.log.queue.byte-limit = 2147483647 (custom)
2019-09-30 14:06:06,065 [pool-439-thread-1] INFO  server.RaftServerConfigKeys (ConfUtils.java:logGet(43)) - raft.server.log.queue.element-limit = 1024 (custom)
2019-09-30 14:06:06,066 [pool-439-thread-1] INFO  server.RaftServerConfigKeys (ConfUtils.java:logGet(43)) - raft.server.log.segment.size.max = 1048576 (custom)
2019-09-30 14:06:06,066 [pool-439-thread-1] INFO  server.RaftServerConfigKeys (ConfUtils.java:logGet(43)) - raft.server.log.preallocated.size = 16384 (custom)
2019-09-30 14:06:06,066 [pool-439-thread-1] INFO  server.RaftServerConfigKeys (ConfUtils.java:logGet(43)) - raft.server.log.write.buffer.size = 33554432 (custom)
2019-09-30 14:06:06,066 [pool-439-thread-1] INFO  server.RaftServerConfigKeys (ConfUtils.java:logGet(43)) - raft.server.log.force.sync.num = 128 (default)
2019-09-30 14:06:06,066 [pool-439-thread-1] INFO  server.RaftServerConfigKeys (ConfUtils.java:logGet(43)) - raft.server.log.statemachine.data.sync = true (default)
2019-09-30 14:06:06,066 [pool-439-thread-1] INFO  server.RaftServerConfigKeys (ConfUtils.java:logGet(43)) - raft.server.log.statemachine.data.sync.timeout = 10s (default)
2019-09-30 14:06:06,066 [pool-439-thread-1] INFO  server.RaftServerConfigKeys (ConfUtils.java:logGet(43)) - raft.server.log.statemachine.data.sync.timeout.retry = -1 (default)
2019-09-30 14:06:06,067 [pool-439-thread-1] INFO  server.RaftServerConfigKeys (ConfUtils.java:logGet(43)) - raft.server.log.statemachine.data.caching.enabled = true (custom)
2019-09-30 14:06:06,067 [pool-439-thread-1] INFO  segmented.SegmentedRaftLogWorker (SegmentedRaftLogWorker.java:lambda$new$0(132)) - 4938c74e-7433-4b31-a410-a11afbc45738@group-7436898F9291-SegmentedRaftLogWorker: flushIndex: setUnconditionally 0 -> -1
2019-09-30 14:06:06,067 [pool-439-thread-1] INFO  server.RaftServerConfigKeys (ConfUtils.java:logGet(43)) - raft.server.snapshot.auto.trigger.enabled = true (custom)
2019-09-30 14:06:06,068 [pool-439-thread-1] INFO  server.RaftServerConfigKeys (ConfUtils.java:logGet(43)) - raft.server.snapshot.auto.trigger.threshold = 10000 (custom)
2019-09-30 14:06:06,068 [pool-439-thread-1] INFO  server.RaftServerConfigKeys (ConfUtils.java:logGet(43)) - raft.server.snapshot.retention.num.files = 5 (custom)
2019-09-30 14:06:06,068 [pool-439-thread-1] INFO  server.RaftServerConfigKeys (ConfUtils.java:logGet(43)) - raft.server.retrycache.expirytime = 600000ms (custom)
2019-09-30 14:06:06,069 [pool-439-thread-1] INFO  impl.RaftServerImpl (RaftServerImpl.java:start(185)) - 4938c74e-7433-4b31-a410-a11afbc45738@group-7436898F9291: start as a follower, conf=-1: [4938c74e-7433-4b31-a410-a11afbc45738:192.168.164.197:34921], old=null
2019-09-30 14:06:06,069 [pool-439-thread-1] INFO  impl.RaftServerImpl (RaftServerImpl.java:setRole(174)) - 4938c74e-7433-4b31-a410-a11afbc45738@group-7436898F9291: changes role from      null to FOLLOWER at term 0 for startAsFollower
2019-09-30 14:06:06,070 [pool-439-thread-1] INFO  impl.RoleInfo (RoleInfo.java:updateAndGet(143)) - 4938c74e-7433-4b31-a410-a11afbc45738: start FollowerState
2019-09-30 14:06:06,070 [pool-439-thread-1] INFO  util.JmxRegister (JmxRegister.java:tryRegister(44)) - Successfully registered JMX Bean with object name Ratis:service=RaftServer,group=group-7436898F9291,id=4938c74e-7433-4b31-a410-a11afbc45738
2019-09-30 14:06:06,072 [RatisPipelineUtilsThread] INFO  pipeline.PipelineStateManager (PipelineStateManager.java:addPipeline(56)) - Created pipeline Pipeline[ Id: 59d5db69-d06a-428d-ad5e-7436898f9291, Nodes: 4938c74e-7433-4b31-a410-a11afbc45738{ip: 192.168.164.197, host: trunk-nightly-extra-20190930-74rp4-3411845215, networkLocation: /default-rack, certSerialId: null}, Type:RATIS, Factor:ONE, State:OPEN]
2019-09-30 14:06:06,084 [IPC Server handler 7 on 41550] INFO  net.NetworkTopology (NetworkTopologyImpl.java:add(111)) - Added a new node: /default-rack/dbb85d84-175b-4e3c-8670-5d71319b61f7
2019-09-30 14:06:06,084 [IPC Server handler 7 on 41550] INFO  node.SCMNodeManager (SCMNodeManager.java:register(266)) - Registered Data node : dbb85d84-175b-4e3c-8670-5d71319b61f7{ip: 192.168.164.197, host: trunk-nightly-extra-20190930-74rp4-3411845215, networkLocation: /default-rack, certSerialId: null}
2019-09-30 14:06:06,089 [grpc-default-executor-1] INFO  impl.RaftServerProxy (RaftServerProxy.java:addNew(89)) - 28e68ed4-4b03-4e16-97ee-efd5dab342dd: addNew group-601F048035F0:[28e68ed4-4b03-4e16-97ee-efd5dab342dd:192.168.164.197:41050] returns group-601F048035F0:java.util.concurrent.CompletableFuture@4cb7a76e[Not completed]
2019-09-30 14:06:06,090 [pool-449-thread-1] INFO  impl.RaftServerImpl (RaftServerImpl.java:<init>(95)) - 28e68ed4-4b03-4e16-97ee-efd5dab342dd: new RaftServerImpl for group-601F048035F0:[28e68ed4-4b03-4e16-97ee-efd5dab342dd:192.168.164.197:41050] with ContainerStateMachine:uninitialized
2019-09-30 14:06:06,090 [pool-449-thread-1] INFO  server.RaftServerConfigKeys (ConfUtils.java:logGet(43)) - raft.server.rpc.timeout.min = 5s (custom)
2019-09-30 14:06:06,090 [pool-449-thread-1] INFO  server.RaftServerConfigKeys (ConfUtils.java:logGet(43)) - raft.server.rpc.timeout.max = 5200ms (custom)
2019-09-30 14:06:06,090 [pool-449-thread-1] INFO  server.RaftServerConfigKeys (ConfUtils.java:logGet(43)) - raft.server.rpcslowness.timeout = 120s (custom)
2019-09-30 14:06:06,091 [pool-449-thread-1] INFO  server.RaftServerConfigKeys (ConfUtils.java:logGet(43)) - raft.server.sleep.deviation.threshold = 300 (default)
2019-09-30 14:06:06,091 [pool-449-thread-1] INFO  server.RaftServerConfigKeys (ConfUtils.java:logGet(43)) - raft.server.log.appender.install.snapshot.enabled = false (custom)
2019-09-30 14:06:06,091 [pool-449-thread-1] INFO  impl.RaftServerImpl (ServerState.java:<init>(103)) - 28e68ed4-4b03-4e16-97ee-efd5dab342dd@group-601F048035F0: ConfigurationManager, init=-1: [28e68ed4-4b03-4e16-97ee-efd5dab342dd:192.168.164.197:41050], old=null, confs=<EMPTY_MAP>
2019-09-30 14:06:06,091 [pool-449-thread-1] INFO  server.RaftServerConfigKeys (ConfUtils.java:logGet(43)) - raft.server.storage.dir = [/workdir/hadoop-ozone/integration-test/target/test-dir/MiniOzoneClusterImpl-8b753bf4-8e52-47bf-b887-5f8f577e75fc/datanode-4/data/ratis] (custom)
2019-09-30 14:06:06,091 [pool-449-thread-1] INFO  storage.RaftStorageDirectory (RaftStorageDirectory.java:analyzeStorage(246)) - The storage directory /workdir/hadoop-ozone/integration-test/target/test-dir/MiniOzoneClusterImpl-8b753bf4-8e52-47bf-b887-5f8f577e75fc/datanode-4/data/ratis/240d9721-ecce-4010-8c99-601f048035f0 does not exist. Creating ...
2019-09-30 14:06:06,104 [pool-449-thread-1] INFO  storage.RaftStorageDirectory (RaftStorageDirectory.java:tryLock(328)) - Lock on /workdir/hadoop-ozone/integration-test/target/test-dir/MiniOzoneClusterImpl-8b753bf4-8e52-47bf-b887-5f8f577e75fc/datanode-4/data/ratis/240d9721-ecce-4010-8c99-601f048035f0/in_use.lock acquired by nodename 10834@trunk-nightly-extra-20190930-74rp4-3411845215
2019-09-30 14:06:06,118 [pool-449-thread-1] INFO  storage.RaftStorage (RaftStorage.java:format(72)) - Storage directory /workdir/hadoop-ozone/integration-test/target/test-dir/MiniOzoneClusterImpl-8b753bf4-8e52-47bf-b887-5f8f577e75fc/datanode-4/data/ratis/240d9721-ecce-4010-8c99-601f048035f0 has been successfully formatted.
2019-09-30 14:06:06,118 [pool-449-thread-1] INFO  ratis.ContainerStateMachine (ContainerStateMachine.java:loadSnapshot(230)) - group-601F048035F0: The snapshot info is null. Setting the last applied indexto:(t:0, i:~)
2019-09-30 14:06:06,119 [pool-449-thread-1] INFO  server.RaftServerConfigKeys (ConfUtils.java:logGet(43)) - raft.server.notification.no-leader.timeout = 120s (custom)
2019-09-30 14:06:06,119 [pool-449-thread-1] INFO  server.RaftServerConfigKeys (ConfUtils.java:logGet(43)) - raft.server.log.use.memory = false (default)
2019-09-30 14:06:06,119 [pool-449-thread-1] INFO  server.RaftServerConfigKeys (ConfUtils.java:logGet(43)) - raft.server.log.purge.gap = 1000000 (custom)
2019-09-30 14:06:06,119 [pool-449-thread-1] INFO  server.RaftServerConfigKeys (ConfUtils.java:logGet(43)) - raft.server.log.appender.buffer.byte-limit = 33554432 (custom)
2019-09-30 14:06:06,119 [pool-449-thread-1] INFO  server.RaftServerConfigKeys (ConfUtils.java:logGet(43)) - raft.server.log.segment.size.max = 1048576 (custom)
2019-09-30 14:06:06,120 [pool-449-thread-1] INFO  server.RaftServerConfigKeys (ConfUtils.java:logGet(43)) - raft.server.log.segment.cache.num.max = 2 (custom)
2019-09-30 14:06:06,120 [pool-449-thread-1] INFO  segmented.SegmentedRaftLogWorker (SegmentedRaftLogWorker.java:<init>(172)) - new 28e68ed4-4b03-4e16-97ee-efd5dab342dd@group-601F048035F0-SegmentedRaftLogWorker for RaftStorage:Storage Directory /workdir/hadoop-ozone/integration-test/target/test-dir/MiniOzoneClusterImpl-8b753bf4-8e52-47bf-b887-5f8f577e75fc/datanode-4/data/ratis/240d9721-ecce-4010-8c99-601f048035f0
2019-09-30 14:06:06,122 [pool-449-thread-1] INFO  server.RaftServerConfigKeys (ConfUtils.java:logGet(43)) - raft.server.log.queue.byte-limit = 2147483647 (custom)
2019-09-30 14:06:06,122 [pool-449-thread-1] INFO  server.RaftServerConfigKeys (ConfUtils.java:logGet(43)) - raft.server.log.queue.element-limit = 1024 (custom)
2019-09-30 14:06:06,122 [pool-449-thread-1] INFO  server.RaftServerConfigKeys (ConfUtils.java:logGet(43)) - raft.server.log.segment.size.max = 1048576 (custom)
2019-09-30 14:06:06,123 [pool-449-thread-1] INFO  server.RaftServerConfigKeys (ConfUtils.java:logGet(43)) - raft.server.log.preallocated.size = 16384 (custom)
2019-09-30 14:06:06,123 [pool-449-thread-1] INFO  server.RaftServerConfigKeys (ConfUtils.java:logGet(43)) - raft.server.log.write.buffer.size = 33554432 (custom)
2019-09-30 14:06:06,123 [pool-449-thread-1] INFO  server.RaftServerConfigKeys (ConfUtils.java:logGet(43)) - raft.server.log.force.sync.num = 128 (default)
2019-09-30 14:06:06,123 [pool-449-thread-1] INFO  server.RaftServerConfigKeys (ConfUtils.java:logGet(43)) - raft.server.log.statemachine.data.sync = true (default)
2019-09-30 14:06:06,123 [pool-449-thread-1] INFO  server.RaftServerConfigKeys (ConfUtils.java:logGet(43)) - raft.server.log.statemachine.data.sync.timeout = 10s (default)
2019-09-30 14:06:06,124 [pool-449-thread-1] INFO  server.RaftServerConfigKeys (ConfUtils.java:logGet(43)) - raft.server.log.statemachine.data.sync.timeout.retry = -1 (default)
2019-09-30 14:06:06,124 [pool-449-thread-1] INFO  server.RaftServerConfigKeys (ConfUtils.java:logGet(43)) - raft.server.log.statemachine.data.caching.enabled = true (custom)
2019-09-30 14:06:06,124 [pool-449-thread-1] INFO  segmented.SegmentedRaftLogWorker (SegmentedRaftLogWorker.java:lambda$new$0(132)) - 28e68ed4-4b03-4e16-97ee-efd5dab342dd@group-601F048035F0-SegmentedRaftLogWorker: flushIndex: setUnconditionally 0 -> -1
2019-09-30 14:06:06,124 [pool-449-thread-1] INFO  server.RaftServerConfigKeys (ConfUtils.java:logGet(43)) - raft.server.snapshot.auto.trigger.enabled = true (custom)
2019-09-30 14:06:06,125 [pool-449-thread-1] INFO  server.RaftServerConfigKeys (ConfUtils.java:logGet(43)) - raft.server.snapshot.auto.trigger.threshold = 10000 (custom)
2019-09-30 14:06:06,125 [pool-449-thread-1] INFO  server.RaftServerConfigKeys (ConfUtils.java:logGet(43)) - raft.server.snapshot.retention.num.files = 5 (custom)
2019-09-30 14:06:06,125 [pool-449-thread-1] INFO  server.RaftServerConfigKeys (ConfUtils.java:logGet(43)) - raft.server.retrycache.expirytime = 600000ms (custom)
2019-09-30 14:06:06,126 [pool-449-thread-1] INFO  impl.RaftServerImpl (RaftServerImpl.java:start(185)) - 28e68ed4-4b03-4e16-97ee-efd5dab342dd@group-601F048035F0: start as a follower, conf=-1: [28e68ed4-4b03-4e16-97ee-efd5dab342dd:192.168.164.197:41050], old=null
2019-09-30 14:06:06,127 [pool-449-thread-1] INFO  impl.RaftServerImpl (RaftServerImpl.java:setRole(174)) - 28e68ed4-4b03-4e16-97ee-efd5dab342dd@group-601F048035F0: changes role from      null to FOLLOWER at term 0 for startAsFollower
2019-09-30 14:06:06,127 [pool-449-thread-1] INFO  impl.RoleInfo (RoleInfo.java:updateAndGet(143)) - 28e68ed4-4b03-4e16-97ee-efd5dab342dd: start FollowerState
2019-09-30 14:06:06,127 [pool-449-thread-1] INFO  util.JmxRegister (JmxRegister.java:tryRegister(44)) - Successfully registered JMX Bean with object name Ratis:service=RaftServer,group=group-601F048035F0,id=28e68ed4-4b03-4e16-97ee-efd5dab342dd
2019-09-30 14:06:06,127 [IPC Server handler 0 on 41550] INFO  net.NetworkTopology (NetworkTopologyImpl.java:add(111)) - Added a new node: /default-rack/9a44d653-00bd-4d36-9573-853dfaad290c
2019-09-30 14:06:06,128 [IPC Server handler 0 on 41550] INFO  node.SCMNodeManager (SCMNodeManager.java:register(266)) - Registered Data node : 9a44d653-00bd-4d36-9573-853dfaad290c{ip: 192.168.164.197, host: trunk-nightly-extra-20190930-74rp4-3411845215, networkLocation: /default-rack, certSerialId: null}
2019-09-30 14:06:06,128 [main] INFO  ozone.MiniOzoneClusterImpl (MiniOzoneClusterImpl.java:lambda$waitForClusterToBeReady$0(147)) - Cluster is ready. Got 7 of 7 DN Heartbeats.
2019-09-30 14:06:06,129 [RatisPipelineUtilsThread] INFO  pipeline.PipelineStateManager (PipelineStateManager.java:addPipeline(56)) - Created pipeline Pipeline[ Id: 240d9721-ecce-4010-8c99-601f048035f0, Nodes: 28e68ed4-4b03-4e16-97ee-efd5dab342dd{ip: 192.168.164.197, host: trunk-nightly-extra-20190930-74rp4-3411845215, networkLocation: /default-rack, certSerialId: null}, Type:RATIS, Factor:ONE, State:OPEN]
2019-09-30 14:06:06,141 [grpc-default-executor-1] INFO  impl.RaftServerProxy (RaftServerProxy.java:addNew(89)) - 9a44d653-00bd-4d36-9573-853dfaad290c: addNew group-8817B84B0049:[9a44d653-00bd-4d36-9573-853dfaad290c:192.168.164.197:38329] returns group-8817B84B0049:java.util.concurrent.CompletableFuture@629d0521[Not completed]
2019-09-30 14:06:06,142 [pool-469-thread-1] INFO  impl.RaftServerImpl (RaftServerImpl.java:<init>(95)) - 9a44d653-00bd-4d36-9573-853dfaad290c: new RaftServerImpl for group-8817B84B0049:[9a44d653-00bd-4d36-9573-853dfaad290c:192.168.164.197:38329] with ContainerStateMachine:uninitialized
2019-09-30 14:06:06,142 [pool-469-thread-1] INFO  server.RaftServerConfigKeys (ConfUtils.java:logGet(43)) - raft.server.rpc.timeout.min = 5s (custom)
2019-09-30 14:06:06,145 [pool-469-thread-1] INFO  server.RaftServerConfigKeys (ConfUtils.java:logGet(43)) - raft.server.rpc.timeout.max = 5200ms (custom)
2019-09-30 14:06:06,145 [pool-469-thread-1] INFO  server.RaftServerConfigKeys (ConfUtils.java:logGet(43)) - raft.server.rpcslowness.timeout = 120s (custom)
2019-09-30 14:06:06,145 [pool-469-thread-1] INFO  server.RaftServerConfigKeys (ConfUtils.java:logGet(43)) - raft.server.sleep.deviation.threshold = 300 (default)
2019-09-30 14:06:06,145 [pool-469-thread-1] INFO  server.RaftServerConfigKeys (ConfUtils.java:logGet(43)) - raft.server.log.appender.install.snapshot.enabled = false (custom)
2019-09-30 14:06:06,145 [pool-469-thread-1] INFO  impl.RaftServerImpl (ServerState.java:<init>(103)) - 9a44d653-00bd-4d36-9573-853dfaad290c@group-8817B84B0049: ConfigurationManager, init=-1: [9a44d653-00bd-4d36-9573-853dfaad290c:192.168.164.197:38329], old=null, confs=<EMPTY_MAP>
2019-09-30 14:06:06,146 [pool-469-thread-1] INFO  server.RaftServerConfigKeys (ConfUtils.java:logGet(43)) - raft.server.storage.dir = [/workdir/hadoop-ozone/integration-test/target/test-dir/MiniOzoneClusterImpl-8b753bf4-8e52-47bf-b887-5f8f577e75fc/datanode-6/data/ratis] (custom)
2019-09-30 14:06:06,170 [pool-469-thread-1] INFO  storage.RaftStorageDirectory (RaftStorageDirectory.java:analyzeStorage(246)) - The storage directory /workdir/hadoop-ozone/integration-test/target/test-dir/MiniOzoneClusterImpl-8b753bf4-8e52-47bf-b887-5f8f577e75fc/datanode-6/data/ratis/0a2b463f-139e-4650-b4e2-8817b84b0049 does not exist. Creating ...
2019-09-30 14:06:06,177 [main] INFO  rpc.RpcClient (RpcClient.java:createVolume(276)) - Creating Volume: testblockoutputstream, with jenkins1000 as owner.
2019-09-30 14:06:06,180 [IPC Server handler 1 on 37495] INFO  volume.OMVolumeCreateRequest (OMVolumeCreateRequest.java:validateAndUpdateCache(194)) - created volume:testblockoutputstream for user:jenkins1000
2019-09-30 14:06:06,185 [pool-469-thread-1] INFO  storage.RaftStorageDirectory (RaftStorageDirectory.java:tryLock(328)) - Lock on /workdir/hadoop-ozone/integration-test/target/test-dir/MiniOzoneClusterImpl-8b753bf4-8e52-47bf-b887-5f8f577e75fc/datanode-6/data/ratis/0a2b463f-139e-4650-b4e2-8817b84b0049/in_use.lock acquired by nodename 10834@trunk-nightly-extra-20190930-74rp4-3411845215
2019-09-30 14:06:06,195 [main] INFO  rpc.RpcClient (RpcClient.java:createBucket(415)) - Creating Bucket: testblockoutputstream/testblockoutputstream, with Versioning false and Storage Type set to DISK and Encryption set to false 
2019-09-30 14:06:06,199 [pool-469-thread-1] INFO  storage.RaftStorage (RaftStorage.java:format(72)) - Storage directory /workdir/hadoop-ozone/integration-test/target/test-dir/MiniOzoneClusterImpl-8b753bf4-8e52-47bf-b887-5f8f577e75fc/datanode-6/data/ratis/0a2b463f-139e-4650-b4e2-8817b84b0049 has been successfully formatted.
2019-09-30 14:06:06,199 [pool-469-thread-1] INFO  ratis.ContainerStateMachine (ContainerStateMachine.java:loadSnapshot(230)) - group-8817B84B0049: The snapshot info is null. Setting the last applied indexto:(t:0, i:~)
2019-09-30 14:06:06,199 [pool-469-thread-1] INFO  server.RaftServerConfigKeys (ConfUtils.java:logGet(43)) - raft.server.notification.no-leader.timeout = 120s (custom)
2019-09-30 14:06:06,199 [pool-469-thread-1] INFO  server.RaftServerConfigKeys (ConfUtils.java:logGet(43)) - raft.server.log.use.memory = false (default)
2019-09-30 14:06:06,199 [pool-469-thread-1] INFO  server.RaftServerConfigKeys (ConfUtils.java:logGet(43)) - raft.server.log.purge.gap = 1000000 (custom)
2019-09-30 14:06:06,199 [pool-469-thread-1] INFO  server.RaftServerConfigKeys (ConfUtils.java:logGet(43)) - raft.server.log.appender.buffer.byte-limit = 33554432 (custom)
2019-09-30 14:06:06,199 [pool-469-thread-1] INFO  server.RaftServerConfigKeys (ConfUtils.java:logGet(43)) - raft.server.log.segment.size.max = 1048576 (custom)
2019-09-30 14:06:06,199 [pool-469-thread-1] INFO  server.RaftServerConfigKeys (ConfUtils.java:logGet(43)) - raft.server.log.segment.cache.num.max = 2 (custom)
2019-09-30 14:06:06,199 [pool-469-thread-1] INFO  segmented.SegmentedRaftLogWorker (SegmentedRaftLogWorker.java:<init>(172)) - new 9a44d653-00bd-4d36-9573-853dfaad290c@group-8817B84B0049-SegmentedRaftLogWorker for RaftStorage:Storage Directory /workdir/hadoop-ozone/integration-test/target/test-dir/MiniOzoneClusterImpl-8b753bf4-8e52-47bf-b887-5f8f577e75fc/datanode-6/data/ratis/0a2b463f-139e-4650-b4e2-8817b84b0049
2019-09-30 14:06:06,200 [pool-469-thread-1] INFO  server.RaftServerConfigKeys (ConfUtils.java:logGet(43)) - raft.server.log.queue.byte-limit = 2147483647 (custom)
2019-09-30 14:06:06,201 [pool-469-thread-1] INFO  server.RaftServerConfigKeys (ConfUtils.java:logGet(43)) - raft.server.log.queue.element-limit = 1024 (custom)
2019-09-30 14:06:06,201 [pool-469-thread-1] INFO  server.RaftServerConfigKeys (ConfUtils.java:logGet(43)) - raft.server.log.segment.size.max = 1048576 (custom)
2019-09-30 14:06:06,201 [pool-469-thread-1] INFO  server.RaftServerConfigKeys (ConfUtils.java:logGet(43)) - raft.server.log.preallocated.size = 16384 (custom)
2019-09-30 14:06:06,201 [pool-469-thread-1] INFO  server.RaftServerConfigKeys (ConfUtils.java:logGet(43)) - raft.server.log.write.buffer.size = 33554432 (custom)
2019-09-30 14:06:06,201 [pool-469-thread-1] INFO  server.RaftServerConfigKeys (ConfUtils.java:logGet(43)) - raft.server.log.force.sync.num = 128 (default)
2019-09-30 14:06:06,201 [pool-469-thread-1] INFO  server.RaftServerConfigKeys (ConfUtils.java:logGet(43)) - raft.server.log.statemachine.data.sync = true (default)
2019-09-30 14:06:06,201 [pool-469-thread-1] INFO  server.RaftServerConfigKeys (ConfUtils.java:logGet(43)) - raft.server.log.statemachine.data.sync.timeout = 10s (default)
2019-09-30 14:06:06,201 [pool-469-thread-1] INFO  server.RaftServerConfigKeys (ConfUtils.java:logGet(43)) - raft.server.log.statemachine.data.sync.timeout.retry = -1 (default)
2019-09-30 14:06:06,201 [pool-469-thread-1] INFO  server.RaftServerConfigKeys (ConfUtils.java:logGet(43)) - raft.server.log.statemachine.data.caching.enabled = true (custom)
2019-09-30 14:06:06,202 [pool-469-thread-1] INFO  segmented.SegmentedRaftLogWorker (SegmentedRaftLogWorker.java:lambda$new$0(132)) - 9a44d653-00bd-4d36-9573-853dfaad290c@group-8817B84B0049-SegmentedRaftLogWorker: flushIndex: setUnconditionally 0 -> -1
2019-09-30 14:06:06,202 [pool-469-thread-1] INFO  server.RaftServerConfigKeys (ConfUtils.java:logGet(43)) - raft.server.snapshot.auto.trigger.enabled = true (custom)
2019-09-30 14:06:06,202 [pool-469-thread-1] INFO  server.RaftServerConfigKeys (ConfUtils.java:logGet(43)) - raft.server.snapshot.auto.trigger.threshold = 10000 (custom)
2019-09-30 14:06:06,202 [pool-469-thread-1] INFO  server.RaftServerConfigKeys (ConfUtils.java:logGet(43)) - raft.server.snapshot.retention.num.files = 5 (custom)
2019-09-30 14:06:06,202 [pool-469-thread-1] INFO  server.RaftServerConfigKeys (ConfUtils.java:logGet(43)) - raft.server.retrycache.expirytime = 600000ms (custom)
2019-09-30 14:06:06,207 [pool-469-thread-1] INFO  impl.RaftServerImpl (RaftServerImpl.java:start(185)) - 9a44d653-00bd-4d36-9573-853dfaad290c@group-8817B84B0049: start as a follower, conf=-1: [9a44d653-00bd-4d36-9573-853dfaad290c:192.168.164.197:38329], old=null
2019-09-30 14:06:06,207 [pool-469-thread-1] INFO  impl.RaftServerImpl (RaftServerImpl.java:setRole(174)) - 9a44d653-00bd-4d36-9573-853dfaad290c@group-8817B84B0049: changes role from      null to FOLLOWER at term 0 for startAsFollower
2019-09-30 14:06:06,207 [pool-469-thread-1] INFO  impl.RoleInfo (RoleInfo.java:updateAndGet(143)) - 9a44d653-00bd-4d36-9573-853dfaad290c: start FollowerState
2019-09-30 14:06:06,207 [pool-469-thread-1] INFO  util.JmxRegister (JmxRegister.java:tryRegister(44)) - Successfully registered JMX Bean with object name Ratis:service=RaftServer,group=group-8817B84B0049,id=9a44d653-00bd-4d36-9573-853dfaad290c
2019-09-30 14:06:06,209 [RatisPipelineUtilsThread] INFO  pipeline.PipelineStateManager (PipelineStateManager.java:addPipeline(56)) - Created pipeline Pipeline[ Id: 0a2b463f-139e-4650-b4e2-8817b84b0049, Nodes: 9a44d653-00bd-4d36-9573-853dfaad290c{ip: 192.168.164.197, host: trunk-nightly-extra-20190930-74rp4-3411845215, networkLocation: /default-rack, certSerialId: null}, Type:RATIS, Factor:ONE, State:OPEN]
2019-09-30 14:06:06,214 [grpc-default-executor-1] INFO  impl.RaftServerProxy (RaftServerProxy.java:addNew(89)) - dbb85d84-175b-4e3c-8670-5d71319b61f7: addNew group-43F6C311E7D0:[dbb85d84-175b-4e3c-8670-5d71319b61f7:192.168.164.197:41991] returns group-43F6C311E7D0:java.util.concurrent.CompletableFuture@66134ead[Not completed]
2019-09-30 14:06:06,216 [pool-459-thread-1] INFO  impl.RaftServerImpl (RaftServerImpl.java:<init>(95)) - dbb85d84-175b-4e3c-8670-5d71319b61f7: new RaftServerImpl for group-43F6C311E7D0:[dbb85d84-175b-4e3c-8670-5d71319b61f7:192.168.164.197:41991] with ContainerStateMachine:uninitialized
2019-09-30 14:06:06,216 [pool-459-thread-1] INFO  server.RaftServerConfigKeys (ConfUtils.java:logGet(43)) - raft.server.rpc.timeout.min = 5s (custom)
2019-09-30 14:06:06,216 [pool-459-thread-1] INFO  server.RaftServerConfigKeys (ConfUtils.java:logGet(43)) - raft.server.rpc.timeout.max = 5200ms (custom)
2019-09-30 14:06:06,216 [pool-459-thread-1] INFO  server.RaftServerConfigKeys (ConfUtils.java:logGet(43)) - raft.server.rpcslowness.timeout = 120s (custom)
2019-09-30 14:06:06,216 [pool-459-thread-1] INFO  server.RaftServerConfigKeys (ConfUtils.java:logGet(43)) - raft.server.sleep.deviation.threshold = 300 (default)
2019-09-30 14:06:06,216 [pool-459-thread-1] INFO  server.RaftServerConfigKeys (ConfUtils.java:logGet(43)) - raft.server.log.appender.install.snapshot.enabled = false (custom)
2019-09-30 14:06:06,217 [pool-459-thread-1] INFO  impl.RaftServerImpl (ServerState.java:<init>(103)) - dbb85d84-175b-4e3c-8670-5d71319b61f7@group-43F6C311E7D0: ConfigurationManager, init=-1: [dbb85d84-175b-4e3c-8670-5d71319b61f7:192.168.164.197:41991], old=null, confs=<EMPTY_MAP>
2019-09-30 14:06:06,217 [pool-459-thread-1] INFO  server.RaftServerConfigKeys (ConfUtils.java:logGet(43)) - raft.server.storage.dir = [/workdir/hadoop-ozone/integration-test/target/test-dir/MiniOzoneClusterImpl-8b753bf4-8e52-47bf-b887-5f8f577e75fc/datanode-5/data/ratis] (custom)
2019-09-30 14:06:06,217 [pool-459-thread-1] INFO  storage.RaftStorageDirectory (RaftStorageDirectory.java:analyzeStorage(246)) - The storage directory /workdir/hadoop-ozone/integration-test/target/test-dir/MiniOzoneClusterImpl-8b753bf4-8e52-47bf-b887-5f8f577e75fc/datanode-5/data/ratis/a13c5f8e-abd8-4638-b066-43f6c311e7d0 does not exist. Creating ...
2019-09-30 14:06:06,231 [pool-459-thread-1] INFO  storage.RaftStorageDirectory (RaftStorageDirectory.java:tryLock(328)) - Lock on /workdir/hadoop-ozone/integration-test/target/test-dir/MiniOzoneClusterImpl-8b753bf4-8e52-47bf-b887-5f8f577e75fc/datanode-5/data/ratis/a13c5f8e-abd8-4638-b066-43f6c311e7d0/in_use.lock acquired by nodename 10834@trunk-nightly-extra-20190930-74rp4-3411845215
2019-09-30 14:06:06,244 [pool-459-thread-1] INFO  storage.RaftStorage (RaftStorage.java:format(72)) - Storage directory /workdir/hadoop-ozone/integration-test/target/test-dir/MiniOzoneClusterImpl-8b753bf4-8e52-47bf-b887-5f8f577e75fc/datanode-5/data/ratis/a13c5f8e-abd8-4638-b066-43f6c311e7d0 has been successfully formatted.
2019-09-30 14:06:06,244 [pool-459-thread-1] INFO  ratis.ContainerStateMachine (ContainerStateMachine.java:loadSnapshot(230)) - group-43F6C311E7D0: The snapshot info is null. Setting the last applied indexto:(t:0, i:~)
2019-09-30 14:06:06,244 [pool-459-thread-1] INFO  server.RaftServerConfigKeys (ConfUtils.java:logGet(43)) - raft.server.notification.no-leader.timeout = 120s (custom)
2019-09-30 14:06:06,244 [pool-459-thread-1] INFO  server.RaftServerConfigKeys (ConfUtils.java:logGet(43)) - raft.server.log.use.memory = false (default)
2019-09-30 14:06:06,244 [pool-459-thread-1] INFO  server.RaftServerConfigKeys (ConfUtils.java:logGet(43)) - raft.server.log.purge.gap = 1000000 (custom)
2019-09-30 14:06:06,245 [pool-459-thread-1] INFO  server.RaftServerConfigKeys (ConfUtils.java:logGet(43)) - raft.server.log.appender.buffer.byte-limit = 33554432 (custom)
2019-09-30 14:06:06,245 [pool-459-thread-1] INFO  server.RaftServerConfigKeys (ConfUtils.java:logGet(43)) - raft.server.log.segment.size.max = 1048576 (custom)
2019-09-30 14:06:06,245 [pool-459-thread-1] INFO  server.RaftServerConfigKeys (ConfUtils.java:logGet(43)) - raft.server.log.segment.cache.num.max = 2 (custom)
2019-09-30 14:06:06,245 [pool-459-thread-1] INFO  segmented.SegmentedRaftLogWorker (SegmentedRaftLogWorker.java:<init>(172)) - new dbb85d84-175b-4e3c-8670-5d71319b61f7@group-43F6C311E7D0-SegmentedRaftLogWorker for RaftStorage:Storage Directory /workdir/hadoop-ozone/integration-test/target/test-dir/MiniOzoneClusterImpl-8b753bf4-8e52-47bf-b887-5f8f577e75fc/datanode-5/data/ratis/a13c5f8e-abd8-4638-b066-43f6c311e7d0
2019-09-30 14:06:06,247 [pool-459-thread-1] INFO  server.RaftServerConfigKeys (ConfUtils.java:logGet(43)) - raft.server.log.queue.byte-limit = 2147483647 (custom)
2019-09-30 14:06:06,247 [pool-459-thread-1] INFO  server.RaftServerConfigKeys (ConfUtils.java:logGet(43)) - raft.server.log.queue.element-limit = 1024 (custom)
2019-09-30 14:06:06,247 [pool-459-thread-1] INFO  server.RaftServerConfigKeys (ConfUtils.java:logGet(43)) - raft.server.log.segment.size.max = 1048576 (custom)
2019-09-30 14:06:06,247 [pool-459-thread-1] INFO  server.RaftServerConfigKeys (ConfUtils.java:logGet(43)) - raft.server.log.preallocated.size = 16384 (custom)
2019-09-30 14:06:06,247 [pool-459-thread-1] INFO  server.RaftServerConfigKeys (ConfUtils.java:logGet(43)) - raft.server.log.write.buffer.size = 33554432 (custom)
2019-09-30 14:06:06,247 [pool-459-thread-1] INFO  server.RaftServerConfigKeys (ConfUtils.java:logGet(43)) - raft.server.log.force.sync.num = 128 (default)
2019-09-30 14:06:06,248 [pool-459-thread-1] INFO  server.RaftServerConfigKeys (ConfUtils.java:logGet(43)) - raft.server.log.statemachine.data.sync = true (default)
2019-09-30 14:06:06,248 [pool-459-thread-1] INFO  server.RaftServerConfigKeys (ConfUtils.java:logGet(43)) - raft.server.log.statemachine.data.sync.timeout = 10s (default)
2019-09-30 14:06:06,248 [pool-459-thread-1] INFO  server.RaftServerConfigKeys (ConfUtils.java:logGet(43)) - raft.server.log.statemachine.data.sync.timeout.retry = -1 (default)
2019-09-30 14:06:06,248 [pool-459-thread-1] INFO  server.RaftServerConfigKeys (ConfUtils.java:logGet(43)) - raft.server.log.statemachine.data.caching.enabled = true (custom)
2019-09-30 14:06:06,248 [pool-459-thread-1] INFO  segmented.SegmentedRaftLogWorker (SegmentedRaftLogWorker.java:lambda$new$0(132)) - dbb85d84-175b-4e3c-8670-5d71319b61f7@group-43F6C311E7D0-SegmentedRaftLogWorker: flushIndex: setUnconditionally 0 -> -1
2019-09-30 14:06:06,249 [pool-459-thread-1] INFO  server.RaftServerConfigKeys (ConfUtils.java:logGet(43)) - raft.server.snapshot.auto.trigger.enabled = true (custom)
2019-09-30 14:06:06,249 [pool-459-thread-1] INFO  server.RaftServerConfigKeys (ConfUtils.java:logGet(43)) - raft.server.snapshot.auto.trigger.threshold = 10000 (custom)
2019-09-30 14:06:06,249 [pool-459-thread-1] INFO  server.RaftServerConfigKeys (ConfUtils.java:logGet(43)) - raft.server.snapshot.retention.num.files = 5 (custom)
2019-09-30 14:06:06,249 [pool-459-thread-1] INFO  server.RaftServerConfigKeys (ConfUtils.java:logGet(43)) - raft.server.retrycache.expirytime = 600000ms (custom)
2019-09-30 14:06:06,251 [pool-459-thread-1] INFO  impl.RaftServerImpl (RaftServerImpl.java:start(185)) - dbb85d84-175b-4e3c-8670-5d71319b61f7@group-43F6C311E7D0: start as a follower, conf=-1: [dbb85d84-175b-4e3c-8670-5d71319b61f7:192.168.164.197:41991], old=null
2019-09-30 14:06:06,251 [pool-459-thread-1] INFO  impl.RaftServerImpl (RaftServerImpl.java:setRole(174)) - dbb85d84-175b-4e3c-8670-5d71319b61f7@group-43F6C311E7D0: changes role from      null to FOLLOWER at term 0 for startAsFollower
2019-09-30 14:06:06,251 [pool-459-thread-1] INFO  impl.RoleInfo (RoleInfo.java:updateAndGet(143)) - dbb85d84-175b-4e3c-8670-5d71319b61f7: start FollowerState
2019-09-30 14:06:06,251 [pool-459-thread-1] INFO  util.JmxRegister (JmxRegister.java:tryRegister(44)) - Successfully registered JMX Bean with object name Ratis:service=RaftServer,group=group-43F6C311E7D0,id=dbb85d84-175b-4e3c-8670-5d71319b61f7
2019-09-30 14:06:06,255 [RatisPipelineUtilsThread] INFO  pipeline.PipelineStateManager (PipelineStateManager.java:addPipeline(56)) - Created pipeline Pipeline[ Id: a13c5f8e-abd8-4638-b066-43f6c311e7d0, Nodes: dbb85d84-175b-4e3c-8670-5d71319b61f7{ip: 192.168.164.197, host: trunk-nightly-extra-20190930-74rp4-3411845215, networkLocation: /default-rack, certSerialId: null}, Type:RATIS, Factor:ONE, State:OPEN]
2019-09-30 14:06:06,264 [grpc-default-executor-1] INFO  impl.RaftServerProxy (RaftServerProxy.java:addNew(89)) - 28e68ed4-4b03-4e16-97ee-efd5dab342dd: addNew group-370197AEC399:[9a44d653-00bd-4d36-9573-853dfaad290c:192.168.164.197:38329, 4938c74e-7433-4b31-a410-a11afbc45738:192.168.164.197:34921, 28e68ed4-4b03-4e16-97ee-efd5dab342dd:192.168.164.197:41050] returns group-370197AEC399:java.util.concurrent.CompletableFuture@7d4a1a07[Not completed]
2019-09-30 14:06:06,264 [grpc-default-executor-10] INFO  impl.RaftServerProxy (RaftServerProxy.java:addNew(89)) - 4938c74e-7433-4b31-a410-a11afbc45738: addNew group-370197AEC399:[9a44d653-00bd-4d36-9573-853dfaad290c:192.168.164.197:38329, 4938c74e-7433-4b31-a410-a11afbc45738:192.168.164.197:34921, 28e68ed4-4b03-4e16-97ee-efd5dab342dd:192.168.164.197:41050] returns group-370197AEC399:java.util.concurrent.CompletableFuture@13aa5d50[Not completed]
2019-09-30 14:06:06,265 [grpc-default-executor-1] INFO  impl.RaftServerProxy (RaftServerProxy.java:addNew(89)) - 9a44d653-00bd-4d36-9573-853dfaad290c: addNew group-370197AEC399:[9a44d653-00bd-4d36-9573-853dfaad290c:192.168.164.197:38329, 4938c74e-7433-4b31-a410-a11afbc45738:192.168.164.197:34921, 28e68ed4-4b03-4e16-97ee-efd5dab342dd:192.168.164.197:41050] returns group-370197AEC399:java.util.concurrent.CompletableFuture@343d4397[Not completed]
2019-09-30 14:06:06,265 [pool-449-thread-1] INFO  impl.RaftServerImpl (RaftServerImpl.java:<init>(95)) - 28e68ed4-4b03-4e16-97ee-efd5dab342dd: new RaftServerImpl for group-370197AEC399:[9a44d653-00bd-4d36-9573-853dfaad290c:192.168.164.197:38329, 4938c74e-7433-4b31-a410-a11afbc45738:192.168.164.197:34921, 28e68ed4-4b03-4e16-97ee-efd5dab342dd:192.168.164.197:41050] with ContainerStateMachine:uninitialized
2019-09-30 14:06:06,265 [pool-449-thread-1] INFO  server.RaftServerConfigKeys (ConfUtils.java:logGet(43)) - raft.server.rpc.timeout.min = 5s (custom)
2019-09-30 14:06:06,265 [pool-449-thread-1] INFO  server.RaftServerConfigKeys (ConfUtils.java:logGet(43)) - raft.server.rpc.timeout.max = 5200ms (custom)
2019-09-30 14:06:06,265 [pool-449-thread-1] INFO  server.RaftServerConfigKeys (ConfUtils.java:logGet(43)) - raft.server.rpcslowness.timeout = 120s (custom)
2019-09-30 14:06:06,265 [pool-449-thread-1] INFO  server.RaftServerConfigKeys (ConfUtils.java:logGet(43)) - raft.server.sleep.deviation.threshold = 300 (default)
2019-09-30 14:06:06,265 [pool-439-thread-1] INFO  impl.RaftServerImpl (RaftServerImpl.java:<init>(95)) - 4938c74e-7433-4b31-a410-a11afbc45738: new RaftServerImpl for group-370197AEC399:[9a44d653-00bd-4d36-9573-853dfaad290c:192.168.164.197:38329, 4938c74e-7433-4b31-a410-a11afbc45738:192.168.164.197:34921, 28e68ed4-4b03-4e16-97ee-efd5dab342dd:192.168.164.197:41050] with ContainerStateMachine:uninitialized
2019-09-30 14:06:06,265 [pool-449-thread-1] INFO  server.RaftServerConfigKeys (ConfUtils.java:logGet(43)) - raft.server.log.appender.install.snapshot.enabled = false (custom)
2019-09-30 14:06:06,265 [pool-439-thread-1] INFO  server.RaftServerConfigKeys (ConfUtils.java:logGet(43)) - raft.server.rpc.timeout.min = 5s (custom)
2019-09-30 14:06:06,266 [pool-469-thread-1] INFO  impl.RaftServerImpl (RaftServerImpl.java:<init>(95)) - 9a44d653-00bd-4d36-9573-853dfaad290c: new RaftServerImpl for group-370197AEC399:[9a44d653-00bd-4d36-9573-853dfaad290c:192.168.164.197:38329, 4938c74e-7433-4b31-a410-a11afbc45738:192.168.164.197:34921, 28e68ed4-4b03-4e16-97ee-efd5dab342dd:192.168.164.197:41050] with ContainerStateMachine:uninitialized
2019-09-30 14:06:06,265 [pool-449-thread-1] INFO  impl.RaftServerImpl (ServerState.java:<init>(103)) - 28e68ed4-4b03-4e16-97ee-efd5dab342dd@group-370197AEC399: ConfigurationManager, init=-1: [9a44d653-00bd-4d36-9573-853dfaad290c:192.168.164.197:38329, 4938c74e-7433-4b31-a410-a11afbc45738:192.168.164.197:34921, 28e68ed4-4b03-4e16-97ee-efd5dab342dd:192.168.164.197:41050], old=null, confs=<EMPTY_MAP>
2019-09-30 14:06:06,266 [pool-469-thread-1] INFO  server.RaftServerConfigKeys (ConfUtils.java:logGet(43)) - raft.server.rpc.timeout.min = 5s (custom)
2019-09-30 14:06:06,266 [pool-439-thread-1] INFO  server.RaftServerConfigKeys (ConfUtils.java:logGet(43)) - raft.server.rpc.timeout.max = 5200ms (custom)
2019-09-30 14:06:06,266 [pool-469-thread-1] INFO  server.RaftServerConfigKeys (ConfUtils.java:logGet(43)) - raft.server.rpc.timeout.max = 5200ms (custom)
2019-09-30 14:06:06,266 [pool-469-thread-1] INFO  server.RaftServerConfigKeys (ConfUtils.java:logGet(43)) - raft.server.rpcslowness.timeout = 120s (custom)
2019-09-30 14:06:06,266 [pool-449-thread-1] INFO  server.RaftServerConfigKeys (ConfUtils.java:logGet(43)) - raft.server.storage.dir = [/workdir/hadoop-ozone/integration-test/target/test-dir/MiniOzoneClusterImpl-8b753bf4-8e52-47bf-b887-5f8f577e75fc/datanode-4/data/ratis] (custom)
2019-09-30 14:06:06,266 [pool-469-thread-1] INFO  server.RaftServerConfigKeys (ConfUtils.java:logGet(43)) - raft.server.sleep.deviation.threshold = 300 (default)
2019-09-30 14:06:06,266 [pool-469-thread-1] INFO  server.RaftServerConfigKeys (ConfUtils.java:logGet(43)) - raft.server.log.appender.install.snapshot.enabled = false (custom)
2019-09-30 14:06:06,266 [pool-439-thread-1] INFO  server.RaftServerConfigKeys (ConfUtils.java:logGet(43)) - raft.server.rpcslowness.timeout = 120s (custom)
2019-09-30 14:06:06,267 [pool-469-thread-1] INFO  impl.RaftServerImpl (ServerState.java:<init>(103)) - 9a44d653-00bd-4d36-9573-853dfaad290c@group-370197AEC399: ConfigurationManager, init=-1: [9a44d653-00bd-4d36-9573-853dfaad290c:192.168.164.197:38329, 4938c74e-7433-4b31-a410-a11afbc45738:192.168.164.197:34921, 28e68ed4-4b03-4e16-97ee-efd5dab342dd:192.168.164.197:41050], old=null, confs=<EMPTY_MAP>
2019-09-30 14:06:06,267 [pool-449-thread-1] INFO  storage.RaftStorageDirectory (RaftStorageDirectory.java:analyzeStorage(246)) - The storage directory /workdir/hadoop-ozone/integration-test/target/test-dir/MiniOzoneClusterImpl-8b753bf4-8e52-47bf-b887-5f8f577e75fc/datanode-4/data/ratis/1077803d-adae-4cb1-afcd-370197aec399 does not exist. Creating ...
2019-09-30 14:06:06,267 [pool-469-thread-1] INFO  server.RaftServerConfigKeys (ConfUtils.java:logGet(43)) - raft.server.storage.dir = [/workdir/hadoop-ozone/integration-test/target/test-dir/MiniOzoneClusterImpl-8b753bf4-8e52-47bf-b887-5f8f577e75fc/datanode-6/data/ratis] (custom)
2019-09-30 14:06:06,267 [pool-439-thread-1] INFO  server.RaftServerConfigKeys (ConfUtils.java:logGet(43)) - raft.server.sleep.deviation.threshold = 300 (default)
2019-09-30 14:06:06,267 [pool-439-thread-1] INFO  server.RaftServerConfigKeys (ConfUtils.java:logGet(43)) - raft.server.log.appender.install.snapshot.enabled = false (custom)
2019-09-30 14:06:06,267 [pool-469-thread-1] INFO  storage.RaftStorageDirectory (RaftStorageDirectory.java:analyzeStorage(246)) - The storage directory /workdir/hadoop-ozone/integration-test/target/test-dir/MiniOzoneClusterImpl-8b753bf4-8e52-47bf-b887-5f8f577e75fc/datanode-6/data/ratis/1077803d-adae-4cb1-afcd-370197aec399 does not exist. Creating ...
2019-09-30 14:06:06,267 [pool-439-thread-1] INFO  impl.RaftServerImpl (ServerState.java:<init>(103)) - 4938c74e-7433-4b31-a410-a11afbc45738@group-370197AEC399: ConfigurationManager, init=-1: [9a44d653-00bd-4d36-9573-853dfaad290c:192.168.164.197:38329, 4938c74e-7433-4b31-a410-a11afbc45738:192.168.164.197:34921, 28e68ed4-4b03-4e16-97ee-efd5dab342dd:192.168.164.197:41050], old=null, confs=<EMPTY_MAP>
2019-09-30 14:06:06,268 [pool-439-thread-1] INFO  server.RaftServerConfigKeys (ConfUtils.java:logGet(43)) - raft.server.storage.dir = [/workdir/hadoop-ozone/integration-test/target/test-dir/MiniOzoneClusterImpl-8b753bf4-8e52-47bf-b887-5f8f577e75fc/datanode-3/data/ratis] (custom)
2019-09-30 14:06:06,268 [pool-439-thread-1] INFO  storage.RaftStorageDirectory (RaftStorageDirectory.java:analyzeStorage(246)) - The storage directory /workdir/hadoop-ozone/integration-test/target/test-dir/MiniOzoneClusterImpl-8b753bf4-8e52-47bf-b887-5f8f577e75fc/datanode-3/data/ratis/1077803d-adae-4cb1-afcd-370197aec399 does not exist. Creating ...
2019-09-30 14:06:06,280 [pool-449-thread-1] INFO  storage.RaftStorageDirectory (RaftStorageDirectory.java:tryLock(328)) - Lock on /workdir/hadoop-ozone/integration-test/target/test-dir/MiniOzoneClusterImpl-8b753bf4-8e52-47bf-b887-5f8f577e75fc/datanode-4/data/ratis/1077803d-adae-4cb1-afcd-370197aec399/in_use.lock acquired by nodename 10834@trunk-nightly-extra-20190930-74rp4-3411845215
2019-09-30 14:06:06,280 [pool-439-thread-1] INFO  storage.RaftStorageDirectory (RaftStorageDirectory.java:tryLock(328)) - Lock on /workdir/hadoop-ozone/integration-test/target/test-dir/MiniOzoneClusterImpl-8b753bf4-8e52-47bf-b887-5f8f577e75fc/datanode-3/data/ratis/1077803d-adae-4cb1-afcd-370197aec399/in_use.lock acquired by nodename 10834@trunk-nightly-extra-20190930-74rp4-3411845215
2019-09-30 14:06:06,280 [pool-469-thread-1] INFO  storage.RaftStorageDirectory (RaftStorageDirectory.java:tryLock(328)) - Lock on /workdir/hadoop-ozone/integration-test/target/test-dir/MiniOzoneClusterImpl-8b753bf4-8e52-47bf-b887-5f8f577e75fc/datanode-6/data/ratis/1077803d-adae-4cb1-afcd-370197aec399/in_use.lock acquired by nodename 10834@trunk-nightly-extra-20190930-74rp4-3411845215
2019-09-30 14:06:06,306 [pool-449-thread-1] INFO  storage.RaftStorage (RaftStorage.java:format(72)) - Storage directory /workdir/hadoop-ozone/integration-test/target/test-dir/MiniOzoneClusterImpl-8b753bf4-8e52-47bf-b887-5f8f577e75fc/datanode-4/data/ratis/1077803d-adae-4cb1-afcd-370197aec399 has been successfully formatted.
2019-09-30 14:06:06,306 [pool-469-thread-1] INFO  storage.RaftStorage (RaftStorage.java:format(72)) - Storage directory /workdir/hadoop-ozone/integration-test/target/test-dir/MiniOzoneClusterImpl-8b753bf4-8e52-47bf-b887-5f8f577e75fc/datanode-6/data/ratis/1077803d-adae-4cb1-afcd-370197aec399 has been successfully formatted.
2019-09-30 14:06:06,306 [pool-439-thread-1] INFO  storage.RaftStorage (RaftStorage.java:format(72)) - Storage directory /workdir/hadoop-ozone/integration-test/target/test-dir/MiniOzoneClusterImpl-8b753bf4-8e52-47bf-b887-5f8f577e75fc/datanode-3/data/ratis/1077803d-adae-4cb1-afcd-370197aec399 has been successfully formatted.
2019-09-30 14:06:06,306 [pool-449-thread-1] INFO  ratis.ContainerStateMachine (ContainerStateMachine.java:loadSnapshot(230)) - group-370197AEC399: The snapshot info is null. Setting the last applied indexto:(t:0, i:~)
2019-09-30 14:06:06,308 [pool-439-thread-1] INFO  ratis.ContainerStateMachine (ContainerStateMachine.java:loadSnapshot(230)) - group-370197AEC399: The snapshot info is null. Setting the last applied indexto:(t:0, i:~)
2019-09-30 14:06:06,308 [pool-469-thread-1] INFO  ratis.ContainerStateMachine (ContainerStateMachine.java:loadSnapshot(230)) - group-370197AEC399: The snapshot info is null. Setting the last applied indexto:(t:0, i:~)
2019-09-30 14:06:06,308 [pool-439-thread-1] INFO  server.RaftServerConfigKeys (ConfUtils.java:logGet(43)) - raft.server.notification.no-leader.timeout = 120s (custom)
2019-09-30 14:06:06,308 [pool-449-thread-1] INFO  server.RaftServerConfigKeys (ConfUtils.java:logGet(43)) - raft.server.notification.no-leader.timeout = 120s (custom)
2019-09-30 14:06:06,308 [pool-439-thread-1] INFO  server.RaftServerConfigKeys (ConfUtils.java:logGet(43)) - raft.server.log.use.memory = false (default)
2019-09-30 14:06:06,308 [pool-469-thread-1] INFO  server.RaftServerConfigKeys (ConfUtils.java:logGet(43)) - raft.server.notification.no-leader.timeout = 120s (custom)
2019-09-30 14:06:06,309 [pool-439-thread-1] INFO  server.RaftServerConfigKeys (ConfUtils.java:logGet(43)) - raft.server.log.purge.gap = 1000000 (custom)
2019-09-30 14:06:06,309 [pool-449-thread-1] INFO  server.RaftServerConfigKeys (ConfUtils.java:logGet(43)) - raft.server.log.use.memory = false (default)
2019-09-30 14:06:06,315 [pool-439-thread-1] INFO  server.RaftServerConfigKeys (ConfUtils.java:logGet(43)) - raft.server.log.appender.buffer.byte-limit = 33554432 (custom)
2019-09-30 14:06:06,316 [pool-439-thread-1] INFO  server.RaftServerConfigKeys (ConfUtils.java:logGet(43)) - raft.server.log.segment.size.max = 1048576 (custom)
2019-09-30 14:06:06,309 [pool-469-thread-1] INFO  server.RaftServerConfigKeys (ConfUtils.java:logGet(43)) - raft.server.log.use.memory = false (default)
2019-09-30 14:06:06,316 [pool-439-thread-1] INFO  server.RaftServerConfigKeys (ConfUtils.java:logGet(43)) - raft.server.log.segment.cache.num.max = 2 (custom)
2019-09-30 14:06:06,316 [pool-449-thread-1] INFO  server.RaftServerConfigKeys (ConfUtils.java:logGet(43)) - raft.server.log.purge.gap = 1000000 (custom)
2019-09-30 14:06:06,316 [pool-439-thread-1] INFO  segmented.SegmentedRaftLogWorker (SegmentedRaftLogWorker.java:<init>(172)) - new 4938c74e-7433-4b31-a410-a11afbc45738@group-370197AEC399-SegmentedRaftLogWorker for RaftStorage:Storage Directory /workdir/hadoop-ozone/integration-test/target/test-dir/MiniOzoneClusterImpl-8b753bf4-8e52-47bf-b887-5f8f577e75fc/datanode-3/data/ratis/1077803d-adae-4cb1-afcd-370197aec399
2019-09-30 14:06:06,316 [pool-469-thread-1] INFO  server.RaftServerConfigKeys (ConfUtils.java:logGet(43)) - raft.server.log.purge.gap = 1000000 (custom)
2019-09-30 14:06:06,316 [pool-439-thread-1] INFO  server.RaftServerConfigKeys (ConfUtils.java:logGet(43)) - raft.server.log.queue.byte-limit = 2147483647 (custom)
2019-09-30 14:06:06,316 [pool-449-thread-1] INFO  server.RaftServerConfigKeys (ConfUtils.java:logGet(43)) - raft.server.log.appender.buffer.byte-limit = 33554432 (custom)
2019-09-30 14:06:06,317 [pool-439-thread-1] INFO  server.RaftServerConfigKeys (ConfUtils.java:logGet(43)) - raft.server.log.queue.element-limit = 1024 (custom)
2019-09-30 14:06:06,317 [pool-469-thread-1] INFO  server.RaftServerConfigKeys (ConfUtils.java:logGet(43)) - raft.server.log.appender.buffer.byte-limit = 33554432 (custom)
2019-09-30 14:06:06,317 [pool-439-thread-1] INFO  server.RaftServerConfigKeys (ConfUtils.java:logGet(43)) - raft.server.log.segment.size.max = 1048576 (custom)
2019-09-30 14:06:06,317 [pool-449-thread-1] INFO  server.RaftServerConfigKeys (ConfUtils.java:logGet(43)) - raft.server.log.segment.size.max = 1048576 (custom)
2019-09-30 14:06:06,317 [pool-439-thread-1] INFO  server.RaftServerConfigKeys (ConfUtils.java:logGet(43)) - raft.server.log.preallocated.size = 16384 (custom)
2019-09-30 14:06:06,317 [pool-469-thread-1] INFO  server.RaftServerConfigKeys (ConfUtils.java:logGet(43)) - raft.server.log.segment.size.max = 1048576 (custom)
2019-09-30 14:06:06,317 [pool-439-thread-1] INFO  server.RaftServerConfigKeys (ConfUtils.java:logGet(43)) - raft.server.log.write.buffer.size = 33554432 (custom)
2019-09-30 14:06:06,317 [pool-449-thread-1] INFO  server.RaftServerConfigKeys (ConfUtils.java:logGet(43)) - raft.server.log.segment.cache.num.max = 2 (custom)
2019-09-30 14:06:06,318 [pool-439-thread-1] INFO  server.RaftServerConfigKeys (ConfUtils.java:logGet(43)) - raft.server.log.force.sync.num = 128 (default)
2019-09-30 14:06:06,318 [pool-469-thread-1] INFO  server.RaftServerConfigKeys (ConfUtils.java:logGet(43)) - raft.server.log.segment.cache.num.max = 2 (custom)
2019-09-30 14:06:06,318 [pool-439-thread-1] INFO  server.RaftServerConfigKeys (ConfUtils.java:logGet(43)) - raft.server.log.statemachine.data.sync = true (default)
2019-09-30 14:06:06,318 [pool-449-thread-1] INFO  segmented.SegmentedRaftLogWorker (SegmentedRaftLogWorker.java:<init>(172)) - new 28e68ed4-4b03-4e16-97ee-efd5dab342dd@group-370197AEC399-SegmentedRaftLogWorker for RaftStorage:Storage Directory /workdir/hadoop-ozone/integration-test/target/test-dir/MiniOzoneClusterImpl-8b753bf4-8e52-47bf-b887-5f8f577e75fc/datanode-4/data/ratis/1077803d-adae-4cb1-afcd-370197aec399
2019-09-30 14:06:06,318 [pool-439-thread-1] INFO  server.RaftServerConfigKeys (ConfUtils.java:logGet(43)) - raft.server.log.statemachine.data.sync.timeout = 10s (default)
2019-09-30 14:06:06,318 [pool-469-thread-1] INFO  segmented.SegmentedRaftLogWorker (SegmentedRaftLogWorker.java:<init>(172)) - new 9a44d653-00bd-4d36-9573-853dfaad290c@group-370197AEC399-SegmentedRaftLogWorker for RaftStorage:Storage Directory /workdir/hadoop-ozone/integration-test/target/test-dir/MiniOzoneClusterImpl-8b753bf4-8e52-47bf-b887-5f8f577e75fc/datanode-6/data/ratis/1077803d-adae-4cb1-afcd-370197aec399
2019-09-30 14:06:06,318 [pool-439-thread-1] INFO  server.RaftServerConfigKeys (ConfUtils.java:logGet(43)) - raft.server.log.statemachine.data.sync.timeout.retry = -1 (default)
2019-09-30 14:06:06,318 [pool-449-thread-1] INFO  server.RaftServerConfigKeys (ConfUtils.java:logGet(43)) - raft.server.log.queue.byte-limit = 2147483647 (custom)
2019-09-30 14:06:06,319 [pool-439-thread-1] INFO  server.RaftServerConfigKeys (ConfUtils.java:logGet(43)) - raft.server.log.statemachine.data.caching.enabled = true (custom)
2019-09-30 14:06:06,319 [pool-469-thread-1] INFO  server.RaftServerConfigKeys (ConfUtils.java:logGet(43)) - raft.server.log.queue.byte-limit = 2147483647 (custom)
2019-09-30 14:06:06,319 [pool-439-thread-1] INFO  segmented.SegmentedRaftLogWorker (SegmentedRaftLogWorker.java:lambda$new$0(132)) - 4938c74e-7433-4b31-a410-a11afbc45738@group-370197AEC399-SegmentedRaftLogWorker: flushIndex: setUnconditionally 0 -> -1
2019-09-30 14:06:06,319 [pool-449-thread-1] INFO  server.RaftServerConfigKeys (ConfUtils.java:logGet(43)) - raft.server.log.queue.element-limit = 1024 (custom)
2019-09-30 14:06:06,319 [pool-469-thread-1] INFO  server.RaftServerConfigKeys (ConfUtils.java:logGet(43)) - raft.server.log.queue.element-limit = 1024 (custom)
2019-09-30 14:06:06,319 [pool-439-thread-1] INFO  server.RaftServerConfigKeys (ConfUtils.java:logGet(43)) - raft.server.snapshot.auto.trigger.enabled = true (custom)
2019-09-30 14:06:06,319 [pool-449-thread-1] INFO  server.RaftServerConfigKeys (ConfUtils.java:logGet(43)) - raft.server.log.segment.size.max = 1048576 (custom)
2019-09-30 14:06:06,320 [pool-439-thread-1] INFO  server.RaftServerConfigKeys (ConfUtils.java:logGet(43)) - raft.server.snapshot.auto.trigger.threshold = 10000 (custom)
2019-09-30 14:06:06,320 [pool-469-thread-1] INFO  server.RaftServerConfigKeys (ConfUtils.java:logGet(43)) - raft.server.log.segment.size.max = 1048576 (custom)
2019-09-30 14:06:06,320 [pool-439-thread-1] INFO  server.RaftServerConfigKeys (ConfUtils.java:logGet(43)) - raft.server.snapshot.retention.num.files = 5 (custom)
2019-09-30 14:06:06,320 [pool-449-thread-1] INFO  server.RaftServerConfigKeys (ConfUtils.java:logGet(43)) - raft.server.log.preallocated.size = 16384 (custom)
2019-09-30 14:06:06,320 [pool-439-thread-1] INFO  server.RaftServerConfigKeys (ConfUtils.java:logGet(43)) - raft.server.retrycache.expirytime = 600000ms (custom)
2019-09-30 14:06:06,320 [pool-469-thread-1] INFO  server.RaftServerConfigKeys (ConfUtils.java:logGet(43)) - raft.server.log.preallocated.size = 16384 (custom)
2019-09-30 14:06:06,320 [pool-449-thread-1] INFO  server.RaftServerConfigKeys (ConfUtils.java:logGet(43)) - raft.server.log.write.buffer.size = 33554432 (custom)
2019-09-30 14:06:06,320 [pool-469-thread-1] INFO  server.RaftServerConfigKeys (ConfUtils.java:logGet(43)) - raft.server.log.write.buffer.size = 33554432 (custom)
2019-09-30 14:06:06,321 [pool-449-thread-1] INFO  server.RaftServerConfigKeys (ConfUtils.java:logGet(43)) - raft.server.log.force.sync.num = 128 (default)
2019-09-30 14:06:06,321 [pool-469-thread-1] INFO  server.RaftServerConfigKeys (ConfUtils.java:logGet(43)) - raft.server.log.force.sync.num = 128 (default)
2019-09-30 14:06:06,321 [pool-449-thread-1] INFO  server.RaftServerConfigKeys (ConfUtils.java:logGet(43)) - raft.server.log.statemachine.data.sync = true (default)
2019-09-30 14:06:06,321 [pool-469-thread-1] INFO  server.RaftServerConfigKeys (ConfUtils.java:logGet(43)) - raft.server.log.statemachine.data.sync = true (default)
2019-09-30 14:06:06,321 [pool-449-thread-1] INFO  server.RaftServerConfigKeys (ConfUtils.java:logGet(43)) - raft.server.log.statemachine.data.sync.timeout = 10s (default)
2019-09-30 14:06:06,321 [pool-469-thread-1] INFO  server.RaftServerConfigKeys (ConfUtils.java:logGet(43)) - raft.server.log.statemachine.data.sync.timeout = 10s (default)
2019-09-30 14:06:06,321 [pool-449-thread-1] INFO  server.RaftServerConfigKeys (ConfUtils.java:logGet(43)) - raft.server.log.statemachine.data.sync.timeout.retry = -1 (default)
2019-09-30 14:06:06,321 [pool-469-thread-1] INFO  server.RaftServerConfigKeys (ConfUtils.java:logGet(43)) - raft.server.log.statemachine.data.sync.timeout.retry = -1 (default)
2019-09-30 14:06:06,322 [pool-449-thread-1] INFO  server.RaftServerConfigKeys (ConfUtils.java:logGet(43)) - raft.server.log.statemachine.data.caching.enabled = true (custom)
2019-09-30 14:06:06,322 [pool-469-thread-1] INFO  server.RaftServerConfigKeys (ConfUtils.java:logGet(43)) - raft.server.log.statemachine.data.caching.enabled = true (custom)
2019-09-30 14:06:06,322 [pool-439-thread-1] INFO  impl.RaftServerImpl (RaftServerImpl.java:start(185)) - 4938c74e-7433-4b31-a410-a11afbc45738@group-370197AEC399: start as a follower, conf=-1: [9a44d653-00bd-4d36-9573-853dfaad290c:192.168.164.197:38329, 4938c74e-7433-4b31-a410-a11afbc45738:192.168.164.197:34921, 28e68ed4-4b03-4e16-97ee-efd5dab342dd:192.168.164.197:41050], old=null
2019-09-30 14:06:06,322 [pool-449-thread-1] INFO  segmented.SegmentedRaftLogWorker (SegmentedRaftLogWorker.java:lambda$new$0(132)) - 28e68ed4-4b03-4e16-97ee-efd5dab342dd@group-370197AEC399-SegmentedRaftLogWorker: flushIndex: setUnconditionally 0 -> -1
2019-09-30 14:06:06,322 [pool-439-thread-1] INFO  impl.RaftServerImpl (RaftServerImpl.java:setRole(174)) - 4938c74e-7433-4b31-a410-a11afbc45738@group-370197AEC399: changes role from      null to FOLLOWER at term 0 for startAsFollower
2019-09-30 14:06:06,322 [pool-469-thread-1] INFO  segmented.SegmentedRaftLogWorker (SegmentedRaftLogWorker.java:lambda$new$0(132)) - 9a44d653-00bd-4d36-9573-853dfaad290c@group-370197AEC399-SegmentedRaftLogWorker: flushIndex: setUnconditionally 0 -> -1
2019-09-30 14:06:06,322 [pool-439-thread-1] INFO  impl.RoleInfo (RoleInfo.java:updateAndGet(143)) - 4938c74e-7433-4b31-a410-a11afbc45738: start FollowerState
2019-09-30 14:06:06,322 [pool-449-thread-1] INFO  server.RaftServerConfigKeys (ConfUtils.java:logGet(43)) - raft.server.snapshot.auto.trigger.enabled = true (custom)
2019-09-30 14:06:06,323 [pool-469-thread-1] INFO  server.RaftServerConfigKeys (ConfUtils.java:logGet(43)) - raft.server.snapshot.auto.trigger.enabled = true (custom)
2019-09-30 14:06:06,323 [pool-449-thread-1] INFO  server.RaftServerConfigKeys (ConfUtils.java:logGet(43)) - raft.server.snapshot.auto.trigger.threshold = 10000 (custom)
2019-09-30 14:06:06,323 [pool-469-thread-1] INFO  server.RaftServerConfigKeys (ConfUtils.java:logGet(43)) - raft.server.snapshot.auto.trigger.threshold = 10000 (custom)
2019-09-30 14:06:06,323 [pool-439-thread-1] INFO  util.JmxRegister (JmxRegister.java:tryRegister(44)) - Successfully registered JMX Bean with object name Ratis:service=RaftServer,group=group-370197AEC399,id=4938c74e-7433-4b31-a410-a11afbc45738
2019-09-30 14:06:06,323 [pool-469-thread-1] INFO  server.RaftServerConfigKeys (ConfUtils.java:logGet(43)) - raft.server.snapshot.retention.num.files = 5 (custom)
2019-09-30 14:06:06,323 [pool-449-thread-1] INFO  server.RaftServerConfigKeys (ConfUtils.java:logGet(43)) - raft.server.snapshot.retention.num.files = 5 (custom)
2019-09-30 14:06:06,323 [pool-469-thread-1] INFO  server.RaftServerConfigKeys (ConfUtils.java:logGet(43)) - raft.server.retrycache.expirytime = 600000ms (custom)
2019-09-30 14:06:06,323 [pool-449-thread-1] INFO  server.RaftServerConfigKeys (ConfUtils.java:logGet(43)) - raft.server.retrycache.expirytime = 600000ms (custom)
2019-09-30 14:06:06,325 [pool-469-thread-1] INFO  impl.RaftServerImpl (RaftServerImpl.java:start(185)) - 9a44d653-00bd-4d36-9573-853dfaad290c@group-370197AEC399: start as a follower, conf=-1: [9a44d653-00bd-4d36-9573-853dfaad290c:192.168.164.197:38329, 4938c74e-7433-4b31-a410-a11afbc45738:192.168.164.197:34921, 28e68ed4-4b03-4e16-97ee-efd5dab342dd:192.168.164.197:41050], old=null
2019-09-30 14:06:06,325 [pool-449-thread-1] INFO  impl.RaftServerImpl (RaftServerImpl.java:start(185)) - 28e68ed4-4b03-4e16-97ee-efd5dab342dd@group-370197AEC399: start as a follower, conf=-1: [9a44d653-00bd-4d36-9573-853dfaad290c:192.168.164.197:38329, 4938c74e-7433-4b31-a410-a11afbc45738:192.168.164.197:34921, 28e68ed4-4b03-4e16-97ee-efd5dab342dd:192.168.164.197:41050], old=null
2019-09-30 14:06:06,325 [pool-469-thread-1] INFO  impl.RaftServerImpl (RaftServerImpl.java:setRole(174)) - 9a44d653-00bd-4d36-9573-853dfaad290c@group-370197AEC399: changes role from      null to FOLLOWER at term 0 for startAsFollower
2019-09-30 14:06:06,325 [pool-449-thread-1] INFO  impl.RaftServerImpl (RaftServerImpl.java:setRole(174)) - 28e68ed4-4b03-4e16-97ee-efd5dab342dd@group-370197AEC399: changes role from      null to FOLLOWER at term 0 for startAsFollower
2019-09-30 14:06:06,326 [pool-469-thread-1] INFO  impl.RoleInfo (RoleInfo.java:updateAndGet(143)) - 9a44d653-00bd-4d36-9573-853dfaad290c: start FollowerState
2019-09-30 14:06:06,326 [pool-449-thread-1] INFO  impl.RoleInfo (RoleInfo.java:updateAndGet(143)) - 28e68ed4-4b03-4e16-97ee-efd5dab342dd: start FollowerState
2019-09-30 14:06:06,326 [pool-469-thread-1] INFO  util.JmxRegister (JmxRegister.java:tryRegister(44)) - Successfully registered JMX Bean with object name Ratis:service=RaftServer,group=group-370197AEC399,id=9a44d653-00bd-4d36-9573-853dfaad290c
2019-09-30 14:06:06,326 [pool-449-thread-1] INFO  util.JmxRegister (JmxRegister.java:tryRegister(44)) - Successfully registered JMX Bean with object name Ratis:service=RaftServer,group=group-370197AEC399,id=28e68ed4-4b03-4e16-97ee-efd5dab342dd
2019-09-30 14:06:06,328 [RatisPipelineUtilsThread] INFO  pipeline.PipelineStateManager (PipelineStateManager.java:addPipeline(56)) - Created pipeline Pipeline[ Id: 1077803d-adae-4cb1-afcd-370197aec399, Nodes: 4938c74e-7433-4b31-a410-a11afbc45738{ip: 192.168.164.197, host: trunk-nightly-extra-20190930-74rp4-3411845215, networkLocation: /default-rack, certSerialId: null}28e68ed4-4b03-4e16-97ee-efd5dab342dd{ip: 192.168.164.197, host: trunk-nightly-extra-20190930-74rp4-3411845215, networkLocation: /default-rack, certSerialId: null}9a44d653-00bd-4d36-9573-853dfaad290c{ip: 192.168.164.197, host: trunk-nightly-extra-20190930-74rp4-3411845215, networkLocation: /default-rack, certSerialId: null}, Type:RATIS, Factor:THREE, State:OPEN]
2019-09-30 14:06:08,710 [Thread-3086] INFO  container.ReplicationManager (ReplicationManager.java:start(162)) - Starting Replication Monitor Thread.
2019-09-30 14:06:08,714 [ReplicationMonitor] INFO  container.ReplicationManager (ReplicationManager.java:run(225)) - Replication Monitor Thread took 0 milliseconds for processing 1 containers.
2019-09-30 14:06:10,818 [Thread-3091] INFO  impl.FollowerState (FollowerState.java:run(106)) - 63d2da5d-abdc-4507-99f3-11211187d437:group-C17286528FD5 changes to CANDIDATE, lastRpcTime:5008, electionTimeout:5008ms
2019-09-30 14:06:10,819 [Thread-3091] INFO  impl.RoleInfo (RoleInfo.java:shutdownFollowerState(121)) - 63d2da5d-abdc-4507-99f3-11211187d437: shutdown FollowerState
2019-09-30 14:06:10,819 [Thread-3091] INFO  impl.RaftServerImpl (RaftServerImpl.java:setRole(174)) - 63d2da5d-abdc-4507-99f3-11211187d437@group-C17286528FD5: changes role from  FOLLOWER to CANDIDATE at term 0 for changeToCandidate
2019-09-30 14:06:10,819 [Thread-3091] INFO  impl.RoleInfo (RoleInfo.java:updateAndGet(143)) - 63d2da5d-abdc-4507-99f3-11211187d437: start LeaderElection
2019-09-30 14:06:10,861 [63d2da5d-abdc-4507-99f3-11211187d437@group-C17286528FD5:LeaderElection66] INFO  impl.LeaderElection (LeaderElection.java:askForVotes(182)) - 63d2da5d-abdc-4507-99f3-11211187d437@group-C17286528FD5:LeaderElection66: begin an election at term 1 for -1: [63d2da5d-abdc-4507-99f3-11211187d437:192.168.164.197:40683], old=null
2019-09-30 14:06:10,861 [63d2da5d-abdc-4507-99f3-11211187d437@group-C17286528FD5:LeaderElection66] INFO  impl.RoleInfo (RoleInfo.java:shutdownLeaderElection(134)) - 63d2da5d-abdc-4507-99f3-11211187d437: shutdown LeaderElection
2019-09-30 14:06:10,861 [63d2da5d-abdc-4507-99f3-11211187d437@group-C17286528FD5:LeaderElection66] INFO  impl.RaftServerImpl (RaftServerImpl.java:setRole(174)) - 63d2da5d-abdc-4507-99f3-11211187d437@group-C17286528FD5: changes role from CANDIDATE to LEADER at term 1 for changeToLeader
2019-09-30 14:06:10,861 [63d2da5d-abdc-4507-99f3-11211187d437@group-C17286528FD5:LeaderElection66] INFO  impl.RaftServerImpl (ServerState.java:setLeader(253)) - 63d2da5d-abdc-4507-99f3-11211187d437@group-C17286528FD5: change Leader from null to 63d2da5d-abdc-4507-99f3-11211187d437 at term 1 for becomeLeader, leader elected after 5055ms
2019-09-30 14:06:10,861 [63d2da5d-abdc-4507-99f3-11211187d437@group-C17286528FD5:LeaderElection66] INFO  server.RaftServerConfigKeys (ConfUtils.java:logGet(43)) - raft.server.staging.catchup.gap = 1000 (default)
2019-09-30 14:06:10,862 [63d2da5d-abdc-4507-99f3-11211187d437@group-C17286528FD5:LeaderElection66] INFO  server.RaftServerConfigKeys (ConfUtils.java:logGet(43)) - raft.server.rpc.sleep.time = 25ms (default)
2019-09-30 14:06:10,862 [63d2da5d-abdc-4507-99f3-11211187d437@group-C17286528FD5:LeaderElection66] INFO  server.RaftServerConfigKeys (ConfUtils.java:logGet(43)) - raft.server.write.element-limit = 4096 (default)
2019-09-30 14:06:10,862 [63d2da5d-abdc-4507-99f3-11211187d437@group-C17286528FD5:LeaderElection66] INFO  server.RaftServerConfigKeys (ConfUtils.java:logGet(43)) - raft.server.watch.timeout = 10s (default)
2019-09-30 14:06:10,862 [63d2da5d-abdc-4507-99f3-11211187d437@group-C17286528FD5:LeaderElection66] INFO  server.RaftServerConfigKeys (ConfUtils.java:logGet(43)) - raft.server.watch.timeout.denomination = 1s (default)
2019-09-30 14:06:10,862 [63d2da5d-abdc-4507-99f3-11211187d437@group-C17286528FD5:LeaderElection66] INFO  server.RaftServerConfigKeys (ConfUtils.java:logGet(43)) - raft.server.watch.element-limit = 65536 (default)
2019-09-30 14:06:10,865 [63d2da5d-abdc-4507-99f3-11211187d437@group-C17286528FD5:LeaderElection66] INFO  impl.RoleInfo (RoleInfo.java:updateAndGet(143)) - 63d2da5d-abdc-4507-99f3-11211187d437: start LeaderState
2019-09-30 14:06:10,866 [63d2da5d-abdc-4507-99f3-11211187d437@group-C17286528FD5:LeaderElection66] INFO  segmented.SegmentedRaftLogWorker (SegmentedRaftLogWorker.java:startLogSegment(380)) - 63d2da5d-abdc-4507-99f3-11211187d437@group-C17286528FD5-SegmentedRaftLogWorker: Starting segment from index:0
2019-09-30 14:06:10,867 [63d2da5d-abdc-4507-99f3-11211187d437@group-C17286528FD5:LeaderElection66] INFO  impl.RaftServerImpl (ServerState.java:setRaftConf(354)) - 63d2da5d-abdc-4507-99f3-11211187d437@group-C17286528FD5: set configuration 0: [63d2da5d-abdc-4507-99f3-11211187d437:192.168.164.197:40683], old=null at 0
2019-09-30 14:06:10,884 [Thread-3088] INFO  impl.FollowerState (FollowerState.java:run(106)) - f4c77ea4-6dc4-41ad-b812-3c6e0d99b7bc:group-B600005838AB changes to CANDIDATE, lastRpcTime:5125, electionTimeout:5122ms
2019-09-30 14:06:10,884 [Thread-3088] INFO  impl.RoleInfo (RoleInfo.java:shutdownFollowerState(121)) - f4c77ea4-6dc4-41ad-b812-3c6e0d99b7bc: shutdown FollowerState
2019-09-30 14:06:10,884 [Thread-3088] INFO  impl.RaftServerImpl (RaftServerImpl.java:setRole(174)) - f4c77ea4-6dc4-41ad-b812-3c6e0d99b7bc@group-B600005838AB: changes role from  FOLLOWER to CANDIDATE at term 0 for changeToCandidate
2019-09-30 14:06:10,884 [Thread-3088] INFO  impl.RoleInfo (RoleInfo.java:updateAndGet(143)) - f4c77ea4-6dc4-41ad-b812-3c6e0d99b7bc: start LeaderElection
2019-09-30 14:06:10,897 [63d2da5d-abdc-4507-99f3-11211187d437@group-C17286528FD5-SegmentedRaftLogWorker] INFO  segmented.SegmentedRaftLogWorker (SegmentedRaftLogWorker.java:execute(569)) - 63d2da5d-abdc-4507-99f3-11211187d437@group-C17286528FD5-SegmentedRaftLogWorker: created new log segment /workdir/hadoop-ozone/integration-test/target/test-dir/MiniOzoneClusterImpl-8b753bf4-8e52-47bf-b887-5f8f577e75fc/datanode-1/data/ratis/4d69da6b-130c-46a8-8412-c17286528fd5/current/log_inprogress_0
2019-09-30 14:06:10,897 [f4c77ea4-6dc4-41ad-b812-3c6e0d99b7bc@group-B600005838AB:LeaderElection67] INFO  impl.LeaderElection (LeaderElection.java:askForVotes(182)) - f4c77ea4-6dc4-41ad-b812-3c6e0d99b7bc@group-B600005838AB:LeaderElection67: begin an election at term 1 for -1: [f4c77ea4-6dc4-41ad-b812-3c6e0d99b7bc:192.168.164.197:34037], old=null
2019-09-30 14:06:10,897 [f4c77ea4-6dc4-41ad-b812-3c6e0d99b7bc@group-B600005838AB:LeaderElection67] INFO  impl.RoleInfo (RoleInfo.java:shutdownLeaderElection(134)) - f4c77ea4-6dc4-41ad-b812-3c6e0d99b7bc: shutdown LeaderElection
2019-09-30 14:06:10,897 [f4c77ea4-6dc4-41ad-b812-3c6e0d99b7bc@group-B600005838AB:LeaderElection67] INFO  impl.RaftServerImpl (RaftServerImpl.java:setRole(174)) - f4c77ea4-6dc4-41ad-b812-3c6e0d99b7bc@group-B600005838AB: changes role from CANDIDATE to LEADER at term 1 for changeToLeader
2019-09-30 14:06:10,897 [f4c77ea4-6dc4-41ad-b812-3c6e0d99b7bc@group-B600005838AB:LeaderElection67] INFO  impl.RaftServerImpl (ServerState.java:setLeader(253)) - f4c77ea4-6dc4-41ad-b812-3c6e0d99b7bc@group-B600005838AB: change Leader from null to f4c77ea4-6dc4-41ad-b812-3c6e0d99b7bc at term 1 for becomeLeader, leader elected after 5147ms
2019-09-30 14:06:10,897 [f4c77ea4-6dc4-41ad-b812-3c6e0d99b7bc@group-B600005838AB:LeaderElection67] INFO  server.RaftServerConfigKeys (ConfUtils.java:logGet(43)) - raft.server.staging.catchup.gap = 1000 (default)
2019-09-30 14:06:10,898 [f4c77ea4-6dc4-41ad-b812-3c6e0d99b7bc@group-B600005838AB:LeaderElection67] INFO  server.RaftServerConfigKeys (ConfUtils.java:logGet(43)) - raft.server.rpc.sleep.time = 25ms (default)
2019-09-30 14:06:10,898 [f4c77ea4-6dc4-41ad-b812-3c6e0d99b7bc@group-B600005838AB:LeaderElection67] INFO  server.RaftServerConfigKeys (ConfUtils.java:logGet(43)) - raft.server.write.element-limit = 4096 (default)
2019-09-30 14:06:10,898 [f4c77ea4-6dc4-41ad-b812-3c6e0d99b7bc@group-B600005838AB:LeaderElection67] INFO  server.RaftServerConfigKeys (ConfUtils.java:logGet(43)) - raft.server.watch.timeout = 10s (default)
2019-09-30 14:06:10,898 [f4c77ea4-6dc4-41ad-b812-3c6e0d99b7bc@group-B600005838AB:LeaderElection67] INFO  server.RaftServerConfigKeys (ConfUtils.java:logGet(43)) - raft.server.watch.timeout.denomination = 1s (default)
2019-09-30 14:06:10,898 [f4c77ea4-6dc4-41ad-b812-3c6e0d99b7bc@group-B600005838AB:LeaderElection67] INFO  server.RaftServerConfigKeys (ConfUtils.java:logGet(43)) - raft.server.watch.element-limit = 65536 (default)
2019-09-30 14:06:10,900 [f4c77ea4-6dc4-41ad-b812-3c6e0d99b7bc@group-B600005838AB:LeaderElection67] INFO  impl.RoleInfo (RoleInfo.java:updateAndGet(143)) - f4c77ea4-6dc4-41ad-b812-3c6e0d99b7bc: start LeaderState
2019-09-30 14:06:10,900 [f4c77ea4-6dc4-41ad-b812-3c6e0d99b7bc@group-B600005838AB:LeaderElection67] INFO  segmented.SegmentedRaftLogWorker (SegmentedRaftLogWorker.java:startLogSegment(380)) - f4c77ea4-6dc4-41ad-b812-3c6e0d99b7bc@group-B600005838AB-SegmentedRaftLogWorker: Starting segment from index:0
2019-09-30 14:06:10,900 [f4c77ea4-6dc4-41ad-b812-3c6e0d99b7bc@group-B600005838AB:LeaderElection67] INFO  impl.RaftServerImpl (ServerState.java:setRaftConf(354)) - f4c77ea4-6dc4-41ad-b812-3c6e0d99b7bc@group-B600005838AB: set configuration 0: [f4c77ea4-6dc4-41ad-b812-3c6e0d99b7bc:192.168.164.197:34037], old=null at 0
2019-09-30 14:06:10,928 [f4c77ea4-6dc4-41ad-b812-3c6e0d99b7bc@group-B600005838AB-SegmentedRaftLogWorker] INFO  segmented.SegmentedRaftLogWorker (SegmentedRaftLogWorker.java:execute(569)) - f4c77ea4-6dc4-41ad-b812-3c6e0d99b7bc@group-B600005838AB-SegmentedRaftLogWorker: created new log segment /workdir/hadoop-ozone/integration-test/target/test-dir/MiniOzoneClusterImpl-8b753bf4-8e52-47bf-b887-5f8f577e75fc/datanode-0/data/ratis/2312a2c1-99e6-45f2-b716-b600005838ab/current/log_inprogress_0
2019-09-30 14:06:10,997 [Thread-3094] INFO  impl.FollowerState (FollowerState.java:run(106)) - 7e26ba04-d72c-4841-b33c-e390f5f396e9:group-CC9344EA3D2C changes to CANDIDATE, lastRpcTime:5095, electionTimeout:5095ms
2019-09-30 14:06:10,997 [Thread-3094] INFO  impl.RoleInfo (RoleInfo.java:shutdownFollowerState(121)) - 7e26ba04-d72c-4841-b33c-e390f5f396e9: shutdown FollowerState
2019-09-30 14:06:10,997 [Thread-3094] INFO  impl.RaftServerImpl (RaftServerImpl.java:setRole(174)) - 7e26ba04-d72c-4841-b33c-e390f5f396e9@group-CC9344EA3D2C: changes role from  FOLLOWER to CANDIDATE at term 0 for changeToCandidate
2019-09-30 14:06:10,997 [Thread-3094] INFO  impl.RoleInfo (RoleInfo.java:updateAndGet(143)) - 7e26ba04-d72c-4841-b33c-e390f5f396e9: start LeaderElection
2019-09-30 14:06:11,016 [7e26ba04-d72c-4841-b33c-e390f5f396e9@group-CC9344EA3D2C:LeaderElection68] INFO  impl.LeaderElection (LeaderElection.java:askForVotes(182)) - 7e26ba04-d72c-4841-b33c-e390f5f396e9@group-CC9344EA3D2C:LeaderElection68: begin an election at term 1 for -1: [7e26ba04-d72c-4841-b33c-e390f5f396e9:192.168.164.197:37543], old=null
2019-09-30 14:06:11,016 [7e26ba04-d72c-4841-b33c-e390f5f396e9@group-CC9344EA3D2C:LeaderElection68] INFO  impl.RoleInfo (RoleInfo.java:shutdownLeaderElection(134)) - 7e26ba04-d72c-4841-b33c-e390f5f396e9: shutdown LeaderElection
2019-09-30 14:06:11,016 [7e26ba04-d72c-4841-b33c-e390f5f396e9@group-CC9344EA3D2C:LeaderElection68] INFO  impl.RaftServerImpl (RaftServerImpl.java:setRole(174)) - 7e26ba04-d72c-4841-b33c-e390f5f396e9@group-CC9344EA3D2C: changes role from CANDIDATE to LEADER at term 1 for changeToLeader
2019-09-30 14:06:11,016 [7e26ba04-d72c-4841-b33c-e390f5f396e9@group-CC9344EA3D2C:LeaderElection68] INFO  impl.RaftServerImpl (ServerState.java:setLeader(253)) - 7e26ba04-d72c-4841-b33c-e390f5f396e9@group-CC9344EA3D2C: change Leader from null to 7e26ba04-d72c-4841-b33c-e390f5f396e9 at term 1 for becomeLeader, leader elected after 5122ms
2019-09-30 14:06:11,016 [7e26ba04-d72c-4841-b33c-e390f5f396e9@group-CC9344EA3D2C:LeaderElection68] INFO  server.RaftServerConfigKeys (ConfUtils.java:logGet(43)) - raft.server.staging.catchup.gap = 1000 (default)
2019-09-30 14:06:11,016 [7e26ba04-d72c-4841-b33c-e390f5f396e9@group-CC9344EA3D2C:LeaderElection68] INFO  server.RaftServerConfigKeys (ConfUtils.java:logGet(43)) - raft.server.rpc.sleep.time = 25ms (default)
2019-09-30 14:06:11,016 [7e26ba04-d72c-4841-b33c-e390f5f396e9@group-CC9344EA3D2C:LeaderElection68] INFO  server.RaftServerConfigKeys (ConfUtils.java:logGet(43)) - raft.server.write.element-limit = 4096 (default)
2019-09-30 14:06:11,016 [7e26ba04-d72c-4841-b33c-e390f5f396e9@group-CC9344EA3D2C:LeaderElection68] INFO  server.RaftServerConfigKeys (ConfUtils.java:logGet(43)) - raft.server.watch.timeout = 10s (default)
2019-09-30 14:06:11,016 [7e26ba04-d72c-4841-b33c-e390f5f396e9@group-CC9344EA3D2C:LeaderElection68] INFO  server.RaftServerConfigKeys (ConfUtils.java:logGet(43)) - raft.server.watch.timeout.denomination = 1s (default)
2019-09-30 14:06:11,016 [7e26ba04-d72c-4841-b33c-e390f5f396e9@group-CC9344EA3D2C:LeaderElection68] INFO  server.RaftServerConfigKeys (ConfUtils.java:logGet(43)) - raft.server.watch.element-limit = 65536 (default)
2019-09-30 14:06:11,018 [7e26ba04-d72c-4841-b33c-e390f5f396e9@group-CC9344EA3D2C:LeaderElection68] INFO  impl.RoleInfo (RoleInfo.java:updateAndGet(143)) - 7e26ba04-d72c-4841-b33c-e390f5f396e9: start LeaderState
2019-09-30 14:06:11,018 [7e26ba04-d72c-4841-b33c-e390f5f396e9@group-CC9344EA3D2C:LeaderElection68] INFO  segmented.SegmentedRaftLogWorker (SegmentedRaftLogWorker.java:startLogSegment(380)) - 7e26ba04-d72c-4841-b33c-e390f5f396e9@group-CC9344EA3D2C-SegmentedRaftLogWorker: Starting segment from index:0
2019-09-30 14:06:11,019 [7e26ba04-d72c-4841-b33c-e390f5f396e9@group-CC9344EA3D2C:LeaderElection68] INFO  impl.RaftServerImpl (ServerState.java:setRaftConf(354)) - 7e26ba04-d72c-4841-b33c-e390f5f396e9@group-CC9344EA3D2C: set configuration 0: [7e26ba04-d72c-4841-b33c-e390f5f396e9:192.168.164.197:37543], old=null at 0
2019-09-30 14:06:11,045 [7e26ba04-d72c-4841-b33c-e390f5f396e9@group-CC9344EA3D2C-SegmentedRaftLogWorker] INFO  segmented.SegmentedRaftLogWorker (SegmentedRaftLogWorker.java:execute(569)) - 7e26ba04-d72c-4841-b33c-e390f5f396e9@group-CC9344EA3D2C-SegmentedRaftLogWorker: created new log segment /workdir/hadoop-ozone/integration-test/target/test-dir/MiniOzoneClusterImpl-8b753bf4-8e52-47bf-b887-5f8f577e75fc/datanode-2/data/ratis/44afceb1-ab03-4215-aecb-cc9344ea3d2c/current/log_inprogress_0
2019-09-30 14:06:11,100 [Thread-3099] INFO  impl.FollowerState (FollowerState.java:run(106)) - f4c77ea4-6dc4-41ad-b812-3c6e0d99b7bc:group-EABF7C709D43 changes to CANDIDATE, lastRpcTime:5144, electionTimeout:5144ms
2019-09-30 14:06:11,101 [Thread-3099] INFO  impl.RoleInfo (RoleInfo.java:shutdownFollowerState(121)) - f4c77ea4-6dc4-41ad-b812-3c6e0d99b7bc: shutdown FollowerState
2019-09-30 14:06:11,101 [Thread-3099] INFO  impl.RaftServerImpl (RaftServerImpl.java:setRole(174)) - f4c77ea4-6dc4-41ad-b812-3c6e0d99b7bc@group-EABF7C709D43: changes role from  FOLLOWER to CANDIDATE at term 0 for changeToCandidate
2019-09-30 14:06:11,101 [Thread-3099] INFO  impl.RoleInfo (RoleInfo.java:updateAndGet(143)) - f4c77ea4-6dc4-41ad-b812-3c6e0d99b7bc: start LeaderElection
2019-09-30 14:06:11,119 [f4c77ea4-6dc4-41ad-b812-3c6e0d99b7bc@group-EABF7C709D43:LeaderElection69] INFO  impl.LeaderElection (LeaderElection.java:askForVotes(182)) - f4c77ea4-6dc4-41ad-b812-3c6e0d99b7bc@group-EABF7C709D43:LeaderElection69: begin an election at term 1 for -1: [f4c77ea4-6dc4-41ad-b812-3c6e0d99b7bc:192.168.164.197:34037, 63d2da5d-abdc-4507-99f3-11211187d437:192.168.164.197:40683, 7e26ba04-d72c-4841-b33c-e390f5f396e9:192.168.164.197:37543], old=null
2019-09-30 14:06:11,122 [grpc-default-executor-1] INFO  impl.RaftServerImpl (RaftServerImpl.java:setRole(174)) - 7e26ba04-d72c-4841-b33c-e390f5f396e9@group-EABF7C709D43: changes role from  FOLLOWER to FOLLOWER at term 1 for recognizeCandidate:f4c77ea4-6dc4-41ad-b812-3c6e0d99b7bc
2019-09-30 14:06:11,122 [grpc-default-executor-1] INFO  impl.RoleInfo (RoleInfo.java:shutdownFollowerState(121)) - 7e26ba04-d72c-4841-b33c-e390f5f396e9: shutdown FollowerState
2019-09-30 14:06:11,122 [grpc-default-executor-1] INFO  impl.RoleInfo (RoleInfo.java:updateAndGet(143)) - 7e26ba04-d72c-4841-b33c-e390f5f396e9: start FollowerState
2019-09-30 14:06:11,123 [Thread-3102] INFO  impl.FollowerState (FollowerState.java:run(115)) - 7e26ba04-d72c-4841-b33c-e390f5f396e9: FollowerState was interrupted: java.lang.InterruptedException: sleep interrupted
2019-09-30 14:06:11,125 [grpc-default-executor-10] INFO  impl.RaftServerImpl (RaftServerImpl.java:setRole(174)) - 63d2da5d-abdc-4507-99f3-11211187d437@group-EABF7C709D43: changes role from  FOLLOWER to FOLLOWER at term 1 for recognizeCandidate:f4c77ea4-6dc4-41ad-b812-3c6e0d99b7bc
2019-09-30 14:06:11,125 [grpc-default-executor-10] INFO  impl.RoleInfo (RoleInfo.java:shutdownFollowerState(121)) - 63d2da5d-abdc-4507-99f3-11211187d437: shutdown FollowerState
2019-09-30 14:06:11,125 [grpc-default-executor-10] INFO  impl.RoleInfo (RoleInfo.java:updateAndGet(143)) - 63d2da5d-abdc-4507-99f3-11211187d437: start FollowerState
2019-09-30 14:06:11,125 [Thread-3101] INFO  impl.FollowerState (FollowerState.java:run(115)) - 63d2da5d-abdc-4507-99f3-11211187d437: FollowerState was interrupted: java.lang.InterruptedException: sleep interrupted
2019-09-30 14:06:11,140 [Thread-3109] INFO  impl.FollowerState (FollowerState.java:run(106)) - 28e68ed4-4b03-4e16-97ee-efd5dab342dd:group-601F048035F0 changes to CANDIDATE, lastRpcTime:5013, electionTimeout:5013ms
2019-09-30 14:06:11,140 [Thread-3109] INFO  impl.RoleInfo (RoleInfo.java:shutdownFollowerState(121)) - 28e68ed4-4b03-4e16-97ee-efd5dab342dd: shutdown FollowerState
2019-09-30 14:06:11,140 [Thread-3109] INFO  impl.RaftServerImpl (RaftServerImpl.java:setRole(174)) - 28e68ed4-4b03-4e16-97ee-efd5dab342dd@group-601F048035F0: changes role from  FOLLOWER to CANDIDATE at term 0 for changeToCandidate
2019-09-30 14:06:11,141 [Thread-3109] INFO  impl.RoleInfo (RoleInfo.java:updateAndGet(143)) - 28e68ed4-4b03-4e16-97ee-efd5dab342dd: start LeaderElection
2019-09-30 14:06:11,145 [f4c77ea4-6dc4-41ad-b812-3c6e0d99b7bc@group-EABF7C709D43:LeaderElection69] INFO  impl.LeaderElection (LeaderElection.java:logAndReturn(56)) - f4c77ea4-6dc4-41ad-b812-3c6e0d99b7bc@group-EABF7C709D43:LeaderElection69: Election PASSED; received 1 response(s) [f4c77ea4-6dc4-41ad-b812-3c6e0d99b7bc<-7e26ba04-d72c-4841-b33c-e390f5f396e9#0:OK-t1] and 0 exception(s); f4c77ea4-6dc4-41ad-b812-3c6e0d99b7bc@group-EABF7C709D43:t1, leader=null, voted=f4c77ea4-6dc4-41ad-b812-3c6e0d99b7bc, raftlog=f4c77ea4-6dc4-41ad-b812-3c6e0d99b7bc@group-EABF7C709D43-SegmentedRaftLog:OPENED:c-1,f-1,i0, conf=-1: [f4c77ea4-6dc4-41ad-b812-3c6e0d99b7bc:192.168.164.197:34037, 63d2da5d-abdc-4507-99f3-11211187d437:192.168.164.197:40683, 7e26ba04-d72c-4841-b33c-e390f5f396e9:192.168.164.197:37543], old=null
2019-09-30 14:06:11,145 [f4c77ea4-6dc4-41ad-b812-3c6e0d99b7bc@group-EABF7C709D43:LeaderElection69] INFO  impl.RoleInfo (RoleInfo.java:shutdownLeaderElection(134)) - f4c77ea4-6dc4-41ad-b812-3c6e0d99b7bc: shutdown LeaderElection
2019-09-30 14:06:11,146 [f4c77ea4-6dc4-41ad-b812-3c6e0d99b7bc@group-EABF7C709D43:LeaderElection69] INFO  impl.RaftServerImpl (RaftServerImpl.java:setRole(174)) - f4c77ea4-6dc4-41ad-b812-3c6e0d99b7bc@group-EABF7C709D43: changes role from CANDIDATE to LEADER at term 1 for changeToLeader
2019-09-30 14:06:11,146 [f4c77ea4-6dc4-41ad-b812-3c6e0d99b7bc@group-EABF7C709D43:LeaderElection69] INFO  impl.RaftServerImpl (ServerState.java:setLeader(253)) - f4c77ea4-6dc4-41ad-b812-3c6e0d99b7bc@group-EABF7C709D43: change Leader from null to f4c77ea4-6dc4-41ad-b812-3c6e0d99b7bc at term 1 for becomeLeader, leader elected after 5200ms
2019-09-30 14:06:11,146 [f4c77ea4-6dc4-41ad-b812-3c6e0d99b7bc@group-EABF7C709D43:LeaderElection69] INFO  server.RaftServerConfigKeys (ConfUtils.java:logGet(43)) - raft.server.staging.catchup.gap = 1000 (default)
2019-09-30 14:06:11,146 [f4c77ea4-6dc4-41ad-b812-3c6e0d99b7bc@group-EABF7C709D43:LeaderElection69] INFO  server.RaftServerConfigKeys (ConfUtils.java:logGet(43)) - raft.server.rpc.sleep.time = 25ms (default)
2019-09-30 14:06:11,146 [f4c77ea4-6dc4-41ad-b812-3c6e0d99b7bc@group-EABF7C709D43:LeaderElection69] INFO  server.RaftServerConfigKeys (ConfUtils.java:logGet(43)) - raft.server.write.element-limit = 4096 (default)
2019-09-30 14:06:11,146 [f4c77ea4-6dc4-41ad-b812-3c6e0d99b7bc@group-EABF7C709D43:LeaderElection69] INFO  server.RaftServerConfigKeys (ConfUtils.java:logGet(43)) - raft.server.watch.timeout = 10s (default)
2019-09-30 14:06:11,146 [f4c77ea4-6dc4-41ad-b812-3c6e0d99b7bc@group-EABF7C709D43:LeaderElection69] INFO  server.RaftServerConfigKeys (ConfUtils.java:logGet(43)) - raft.server.watch.timeout.denomination = 1s (default)
2019-09-30 14:06:11,146 [f4c77ea4-6dc4-41ad-b812-3c6e0d99b7bc@group-EABF7C709D43:LeaderElection69] INFO  server.RaftServerConfigKeys (ConfUtils.java:logGet(43)) - raft.server.watch.element-limit = 65536 (default)
2019-09-30 14:06:11,147 [f4c77ea4-6dc4-41ad-b812-3c6e0d99b7bc@group-EABF7C709D43:LeaderElection69] INFO  server.RaftServerConfigKeys (ConfUtils.java:logGet(43)) - raft.server.log.appender.snapshot.chunk.size.max = 16MB (=16777216) (default)
2019-09-30 14:06:11,147 [f4c77ea4-6dc4-41ad-b812-3c6e0d99b7bc@group-EABF7C709D43:LeaderElection69] INFO  server.RaftServerConfigKeys (ConfUtils.java:logGet(43)) - raft.server.log.appender.buffer.byte-limit = 33554432 (custom)
2019-09-30 14:06:11,147 [f4c77ea4-6dc4-41ad-b812-3c6e0d99b7bc@group-EABF7C709D43:LeaderElection69] INFO  server.RaftServerConfigKeys (ConfUtils.java:logGet(43)) - raft.server.log.appender.buffer.element-limit = 1 (custom)
2019-09-30 14:06:11,148 [f4c77ea4-6dc4-41ad-b812-3c6e0d99b7bc@group-EABF7C709D43:LeaderElection69] INFO  grpc.GrpcConfigKeys$Server (ConfUtils.java:logGet(43)) - raft.grpc.server.leader.outstanding.appends.max = 128 (default)
2019-09-30 14:06:11,148 [f4c77ea4-6dc4-41ad-b812-3c6e0d99b7bc@group-EABF7C709D43:LeaderElection69] INFO  server.RaftServerConfigKeys (ConfUtils.java:logGet(43)) - raft.server.rpc.request.timeout = 3000ms (default)
2019-09-30 14:06:11,148 [f4c77ea4-6dc4-41ad-b812-3c6e0d99b7bc@group-EABF7C709D43:LeaderElection69] INFO  server.RaftServerConfigKeys (ConfUtils.java:logGet(43)) - raft.server.log.appender.install.snapshot.enabled = false (custom)
2019-09-30 14:06:11,148 [f4c77ea4-6dc4-41ad-b812-3c6e0d99b7bc@group-EABF7C709D43:LeaderElection69] INFO  server.RaftServerConfigKeys (ConfUtils.java:logGet(43)) - raft.server.log.appender.snapshot.chunk.size.max = 16MB (=16777216) (default)
2019-09-30 14:06:11,148 [f4c77ea4-6dc4-41ad-b812-3c6e0d99b7bc@group-EABF7C709D43:LeaderElection69] INFO  server.RaftServerConfigKeys (ConfUtils.java:logGet(43)) - raft.server.log.appender.buffer.byte-limit = 33554432 (custom)
2019-09-30 14:06:11,148 [f4c77ea4-6dc4-41ad-b812-3c6e0d99b7bc@group-EABF7C709D43:LeaderElection69] INFO  server.RaftServerConfigKeys (ConfUtils.java:logGet(43)) - raft.server.log.appender.buffer.element-limit = 1 (custom)
2019-09-30 14:06:11,148 [f4c77ea4-6dc4-41ad-b812-3c6e0d99b7bc@group-EABF7C709D43:LeaderElection69] INFO  grpc.GrpcConfigKeys$Server (ConfUtils.java:logGet(43)) - raft.grpc.server.leader.outstanding.appends.max = 128 (default)
2019-09-30 14:06:11,148 [f4c77ea4-6dc4-41ad-b812-3c6e0d99b7bc@group-EABF7C709D43:LeaderElection69] INFO  server.RaftServerConfigKeys (ConfUtils.java:logGet(43)) - raft.server.rpc.request.timeout = 3000ms (default)
2019-09-30 14:06:11,149 [f4c77ea4-6dc4-41ad-b812-3c6e0d99b7bc@group-EABF7C709D43:LeaderElection69] INFO  server.RaftServerConfigKeys (ConfUtils.java:logGet(43)) - raft.server.log.appender.install.snapshot.enabled = false (custom)
2019-09-30 14:06:11,149 [f4c77ea4-6dc4-41ad-b812-3c6e0d99b7bc@group-EABF7C709D43:LeaderElection69] INFO  impl.RoleInfo (RoleInfo.java:updateAndGet(143)) - f4c77ea4-6dc4-41ad-b812-3c6e0d99b7bc: start LeaderState
2019-09-30 14:06:11,149 [f4c77ea4-6dc4-41ad-b812-3c6e0d99b7bc@group-EABF7C709D43:LeaderElection69] INFO  segmented.SegmentedRaftLogWorker (SegmentedRaftLogWorker.java:startLogSegment(380)) - f4c77ea4-6dc4-41ad-b812-3c6e0d99b7bc@group-EABF7C709D43-SegmentedRaftLogWorker: Starting segment from index:0
2019-09-30 14:06:11,150 [f4c77ea4-6dc4-41ad-b812-3c6e0d99b7bc@group-EABF7C709D43:LeaderElection69] INFO  impl.RaftServerImpl (ServerState.java:setRaftConf(354)) - f4c77ea4-6dc4-41ad-b812-3c6e0d99b7bc@group-EABF7C709D43: set configuration 0: [f4c77ea4-6dc4-41ad-b812-3c6e0d99b7bc:192.168.164.197:34037, 63d2da5d-abdc-4507-99f3-11211187d437:192.168.164.197:40683, 7e26ba04-d72c-4841-b33c-e390f5f396e9:192.168.164.197:37543], old=null at 0
2019-09-30 14:06:11,157 [28e68ed4-4b03-4e16-97ee-efd5dab342dd@group-601F048035F0:LeaderElection70] INFO  impl.LeaderElection (LeaderElection.java:askForVotes(182)) - 28e68ed4-4b03-4e16-97ee-efd5dab342dd@group-601F048035F0:LeaderElection70: begin an election at term 1 for -1: [28e68ed4-4b03-4e16-97ee-efd5dab342dd:192.168.164.197:41050], old=null
2019-09-30 14:06:11,167 [28e68ed4-4b03-4e16-97ee-efd5dab342dd@group-601F048035F0:LeaderElection70] INFO  impl.RoleInfo (RoleInfo.java:shutdownLeaderElection(134)) - 28e68ed4-4b03-4e16-97ee-efd5dab342dd: shutdown LeaderElection
2019-09-30 14:06:11,168 [28e68ed4-4b03-4e16-97ee-efd5dab342dd@group-601F048035F0:LeaderElection70] INFO  impl.RaftServerImpl (RaftServerImpl.java:setRole(174)) - 28e68ed4-4b03-4e16-97ee-efd5dab342dd@group-601F048035F0: changes role from CANDIDATE to LEADER at term 1 for changeToLeader
2019-09-30 14:06:11,168 [grpc-default-executor-1] INFO  impl.RaftServerImpl (ServerState.java:setLeader(253)) - 7e26ba04-d72c-4841-b33c-e390f5f396e9@group-EABF7C709D43: change Leader from null to f4c77ea4-6dc4-41ad-b812-3c6e0d99b7bc at term 1 for appendEntries, leader elected after 5221ms
2019-09-30 14:06:11,168 [grpc-default-executor-10] INFO  impl.RaftServerImpl (ServerState.java:setLeader(253)) - 63d2da5d-abdc-4507-99f3-11211187d437@group-EABF7C709D43: change Leader from null to f4c77ea4-6dc4-41ad-b812-3c6e0d99b7bc at term 1 for appendEntries, leader elected after 5222ms
2019-09-30 14:06:11,168 [28e68ed4-4b03-4e16-97ee-efd5dab342dd@group-601F048035F0:LeaderElection70] INFO  impl.RaftServerImpl (ServerState.java:setLeader(253)) - 28e68ed4-4b03-4e16-97ee-efd5dab342dd@group-601F048035F0: change Leader from null to 28e68ed4-4b03-4e16-97ee-efd5dab342dd at term 1 for becomeLeader, leader elected after 5048ms
2019-09-30 14:06:11,168 [28e68ed4-4b03-4e16-97ee-efd5dab342dd@group-601F048035F0:LeaderElection70] INFO  server.RaftServerConfigKeys (ConfUtils.java:logGet(43)) - raft.server.staging.catchup.gap = 1000 (default)
2019-09-30 14:06:11,176 [28e68ed4-4b03-4e16-97ee-efd5dab342dd@group-601F048035F0:LeaderElection70] INFO  server.RaftServerConfigKeys (ConfUtils.java:logGet(43)) - raft.server.rpc.sleep.time = 25ms (default)
2019-09-30 14:06:11,176 [28e68ed4-4b03-4e16-97ee-efd5dab342dd@group-601F048035F0:LeaderElection70] INFO  server.RaftServerConfigKeys (ConfUtils.java:logGet(43)) - raft.server.write.element-limit = 4096 (default)
2019-09-30 14:06:11,176 [28e68ed4-4b03-4e16-97ee-efd5dab342dd@group-601F048035F0:LeaderElection70] INFO  server.RaftServerConfigKeys (ConfUtils.java:logGet(43)) - raft.server.watch.timeout = 10s (default)
2019-09-30 14:06:11,176 [28e68ed4-4b03-4e16-97ee-efd5dab342dd@group-601F048035F0:LeaderElection70] INFO  server.RaftServerConfigKeys (ConfUtils.java:logGet(43)) - raft.server.watch.timeout.denomination = 1s (default)
2019-09-30 14:06:11,176 [28e68ed4-4b03-4e16-97ee-efd5dab342dd@group-601F048035F0:LeaderElection70] INFO  server.RaftServerConfigKeys (ConfUtils.java:logGet(43)) - raft.server.watch.element-limit = 65536 (default)
2019-09-30 14:06:11,180 [f4c77ea4-6dc4-41ad-b812-3c6e0d99b7bc@group-EABF7C709D43-SegmentedRaftLogWorker] INFO  segmented.SegmentedRaftLogWorker (SegmentedRaftLogWorker.java:execute(569)) - f4c77ea4-6dc4-41ad-b812-3c6e0d99b7bc@group-EABF7C709D43-SegmentedRaftLogWorker: created new log segment /workdir/hadoop-ozone/integration-test/target/test-dir/MiniOzoneClusterImpl-8b753bf4-8e52-47bf-b887-5f8f577e75fc/datanode-0/data/ratis/b9045580-1dfa-4658-a35f-eabf7c709d43/current/log_inprogress_0
2019-09-30 14:06:11,180 [grpc-default-executor-10] INFO  impl.RaftServerImpl (ServerState.java:setRaftConf(354)) - 63d2da5d-abdc-4507-99f3-11211187d437@group-EABF7C709D43: set configuration 0: [f4c77ea4-6dc4-41ad-b812-3c6e0d99b7bc:192.168.164.197:34037, 63d2da5d-abdc-4507-99f3-11211187d437:192.168.164.197:40683, 7e26ba04-d72c-4841-b33c-e390f5f396e9:192.168.164.197:37543], old=null at 0
2019-09-30 14:06:11,180 [grpc-default-executor-1] INFO  impl.RaftServerImpl (ServerState.java:setRaftConf(354)) - 7e26ba04-d72c-4841-b33c-e390f5f396e9@group-EABF7C709D43: set configuration 0: [f4c77ea4-6dc4-41ad-b812-3c6e0d99b7bc:192.168.164.197:34037, 63d2da5d-abdc-4507-99f3-11211187d437:192.168.164.197:40683, 7e26ba04-d72c-4841-b33c-e390f5f396e9:192.168.164.197:37543], old=null at 0
2019-09-30 14:06:11,180 [grpc-default-executor-10] INFO  segmented.SegmentedRaftLogWorker (SegmentedRaftLogWorker.java:startLogSegment(380)) - 63d2da5d-abdc-4507-99f3-11211187d437@group-EABF7C709D43-SegmentedRaftLogWorker: Starting segment from index:0
2019-09-30 14:06:11,180 [grpc-default-executor-1] INFO  segmented.SegmentedRaftLogWorker (SegmentedRaftLogWorker.java:startLogSegment(380)) - 7e26ba04-d72c-4841-b33c-e390f5f396e9@group-EABF7C709D43-SegmentedRaftLogWorker: Starting segment from index:0
2019-09-30 14:06:11,181 [28e68ed4-4b03-4e16-97ee-efd5dab342dd@group-601F048035F0:LeaderElection70] INFO  impl.RoleInfo (RoleInfo.java:updateAndGet(143)) - 28e68ed4-4b03-4e16-97ee-efd5dab342dd: start LeaderState
2019-09-30 14:06:11,182 [28e68ed4-4b03-4e16-97ee-efd5dab342dd@group-601F048035F0:LeaderElection70] INFO  segmented.SegmentedRaftLogWorker (SegmentedRaftLogWorker.java:startLogSegment(380)) - 28e68ed4-4b03-4e16-97ee-efd5dab342dd@group-601F048035F0-SegmentedRaftLogWorker: Starting segment from index:0
2019-09-30 14:06:11,183 [28e68ed4-4b03-4e16-97ee-efd5dab342dd@group-601F048035F0:LeaderElection70] INFO  impl.RaftServerImpl (ServerState.java:setRaftConf(354)) - 28e68ed4-4b03-4e16-97ee-efd5dab342dd@group-601F048035F0: set configuration 0: [28e68ed4-4b03-4e16-97ee-efd5dab342dd:192.168.164.197:41050], old=null at 0
2019-09-30 14:06:11,219 [63d2da5d-abdc-4507-99f3-11211187d437@group-EABF7C709D43-SegmentedRaftLogWorker] INFO  segmented.SegmentedRaftLogWorker (SegmentedRaftLogWorker.java:execute(569)) - 63d2da5d-abdc-4507-99f3-11211187d437@group-EABF7C709D43-SegmentedRaftLogWorker: created new log segment /workdir/hadoop-ozone/integration-test/target/test-dir/MiniOzoneClusterImpl-8b753bf4-8e52-47bf-b887-5f8f577e75fc/datanode-1/data/ratis/b9045580-1dfa-4658-a35f-eabf7c709d43/current/log_inprogress_0
2019-09-30 14:06:11,219 [7e26ba04-d72c-4841-b33c-e390f5f396e9@group-EABF7C709D43-SegmentedRaftLogWorker] INFO  segmented.SegmentedRaftLogWorker (SegmentedRaftLogWorker.java:execute(569)) - 7e26ba04-d72c-4841-b33c-e390f5f396e9@group-EABF7C709D43-SegmentedRaftLogWorker: created new log segment /workdir/hadoop-ozone/integration-test/target/test-dir/MiniOzoneClusterImpl-8b753bf4-8e52-47bf-b887-5f8f577e75fc/datanode-2/data/ratis/b9045580-1dfa-4658-a35f-eabf7c709d43/current/log_inprogress_0
2019-09-30 14:06:11,219 [28e68ed4-4b03-4e16-97ee-efd5dab342dd@group-601F048035F0-SegmentedRaftLogWorker] INFO  segmented.SegmentedRaftLogWorker (SegmentedRaftLogWorker.java:execute(569)) - 28e68ed4-4b03-4e16-97ee-efd5dab342dd@group-601F048035F0-SegmentedRaftLogWorker: created new log segment /workdir/hadoop-ozone/integration-test/target/test-dir/MiniOzoneClusterImpl-8b753bf4-8e52-47bf-b887-5f8f577e75fc/datanode-4/data/ratis/240d9721-ecce-4010-8c99-601f048035f0/current/log_inprogress_0
2019-09-30 14:06:11,239 [Thread-3106] INFO  impl.FollowerState (FollowerState.java:run(106)) - 4938c74e-7433-4b31-a410-a11afbc45738:group-7436898F9291 changes to CANDIDATE, lastRpcTime:5169, electionTimeout:5169ms
2019-09-30 14:06:11,239 [Thread-3106] INFO  impl.RoleInfo (RoleInfo.java:shutdownFollowerState(121)) - 4938c74e-7433-4b31-a410-a11afbc45738: shutdown FollowerState
2019-09-30 14:06:11,239 [Thread-3106] INFO  impl.RaftServerImpl (RaftServerImpl.java:setRole(174)) - 4938c74e-7433-4b31-a410-a11afbc45738@group-7436898F9291: changes role from  FOLLOWER to CANDIDATE at term 0 for changeToCandidate
2019-09-30 14:06:11,240 [Thread-3106] INFO  impl.RoleInfo (RoleInfo.java:updateAndGet(143)) - 4938c74e-7433-4b31-a410-a11afbc45738: start LeaderElection
2019-09-30 14:06:11,256 [Thread-3117] INFO  impl.FollowerState (FollowerState.java:run(106)) - dbb85d84-175b-4e3c-8670-5d71319b61f7:group-43F6C311E7D0 changes to CANDIDATE, lastRpcTime:5005, electionTimeout:5005ms
2019-09-30 14:06:11,257 [Thread-3117] INFO  impl.RoleInfo (RoleInfo.java:shutdownFollowerState(121)) - dbb85d84-175b-4e3c-8670-5d71319b61f7: shutdown FollowerState
2019-09-30 14:06:11,257 [Thread-3117] INFO  impl.RaftServerImpl (RaftServerImpl.java:setRole(174)) - dbb85d84-175b-4e3c-8670-5d71319b61f7@group-43F6C311E7D0: changes role from  FOLLOWER to CANDIDATE at term 0 for changeToCandidate
2019-09-30 14:06:11,257 [4938c74e-7433-4b31-a410-a11afbc45738@group-7436898F9291:LeaderElection71] INFO  impl.LeaderElection (LeaderElection.java:askForVotes(182)) - 4938c74e-7433-4b31-a410-a11afbc45738@group-7436898F9291:LeaderElection71: begin an election at term 1 for -1: [4938c74e-7433-4b31-a410-a11afbc45738:192.168.164.197:34921], old=null
2019-09-30 14:06:11,257 [Thread-3117] INFO  impl.RoleInfo (RoleInfo.java:updateAndGet(143)) - dbb85d84-175b-4e3c-8670-5d71319b61f7: start LeaderElection
2019-09-30 14:06:11,257 [4938c74e-7433-4b31-a410-a11afbc45738@group-7436898F9291:LeaderElection71] INFO  impl.RoleInfo (RoleInfo.java:shutdownLeaderElection(134)) - 4938c74e-7433-4b31-a410-a11afbc45738: shutdown LeaderElection
2019-09-30 14:06:11,257 [4938c74e-7433-4b31-a410-a11afbc45738@group-7436898F9291:LeaderElection71] INFO  impl.RaftServerImpl (RaftServerImpl.java:setRole(174)) - 4938c74e-7433-4b31-a410-a11afbc45738@group-7436898F9291: changes role from CANDIDATE to LEADER at term 1 for changeToLeader
2019-09-30 14:06:11,259 [4938c74e-7433-4b31-a410-a11afbc45738@group-7436898F9291:LeaderElection71] INFO  impl.RaftServerImpl (ServerState.java:setLeader(253)) - 4938c74e-7433-4b31-a410-a11afbc45738@group-7436898F9291: change Leader from null to 4938c74e-7433-4b31-a410-a11afbc45738 at term 1 for becomeLeader, leader elected after 5196ms
2019-09-30 14:06:11,261 [Thread-3114] INFO  impl.FollowerState (FollowerState.java:run(106)) - 9a44d653-00bd-4d36-9573-853dfaad290c:group-8817B84B0049 changes to CANDIDATE, lastRpcTime:5054, electionTimeout:5053ms
2019-09-30 14:06:11,261 [4938c74e-7433-4b31-a410-a11afbc45738@group-7436898F9291:LeaderElection71] INFO  server.RaftServerConfigKeys (ConfUtils.java:logGet(43)) - raft.server.staging.catchup.gap = 1000 (default)
2019-09-30 14:06:11,261 [Thread-3114] INFO  impl.RoleInfo (RoleInfo.java:shutdownFollowerState(121)) - 9a44d653-00bd-4d36-9573-853dfaad290c: shutdown FollowerState
2019-09-30 14:06:11,262 [4938c74e-7433-4b31-a410-a11afbc45738@group-7436898F9291:LeaderElection71] INFO  server.RaftServerConfigKeys (ConfUtils.java:logGet(43)) - raft.server.rpc.sleep.time = 25ms (default)
2019-09-30 14:06:11,262 [Thread-3114] INFO  impl.RaftServerImpl (RaftServerImpl.java:setRole(174)) - 9a44d653-00bd-4d36-9573-853dfaad290c@group-8817B84B0049: changes role from  FOLLOWER to CANDIDATE at term 0 for changeToCandidate
2019-09-30 14:06:11,262 [4938c74e-7433-4b31-a410-a11afbc45738@group-7436898F9291:LeaderElection71] INFO  server.RaftServerConfigKeys (ConfUtils.java:logGet(43)) - raft.server.write.element-limit = 4096 (default)
2019-09-30 14:06:11,262 [Thread-3114] INFO  impl.RoleInfo (RoleInfo.java:updateAndGet(143)) - 9a44d653-00bd-4d36-9573-853dfaad290c: start LeaderElection
2019-09-30 14:06:11,262 [4938c74e-7433-4b31-a410-a11afbc45738@group-7436898F9291:LeaderElection71] INFO  server.RaftServerConfigKeys (ConfUtils.java:logGet(43)) - raft.server.watch.timeout = 10s (default)
2019-09-30 14:06:11,262 [4938c74e-7433-4b31-a410-a11afbc45738@group-7436898F9291:LeaderElection71] INFO  server.RaftServerConfigKeys (ConfUtils.java:logGet(43)) - raft.server.watch.timeout.denomination = 1s (default)
2019-09-30 14:06:11,264 [4938c74e-7433-4b31-a410-a11afbc45738@group-7436898F9291:LeaderElection71] INFO  server.RaftServerConfigKeys (ConfUtils.java:logGet(43)) - raft.server.watch.element-limit = 65536 (default)
2019-09-30 14:06:11,266 [4938c74e-7433-4b31-a410-a11afbc45738@group-7436898F9291:LeaderElection71] INFO  impl.RoleInfo (RoleInfo.java:updateAndGet(143)) - 4938c74e-7433-4b31-a410-a11afbc45738: start LeaderState
2019-09-30 14:06:11,266 [4938c74e-7433-4b31-a410-a11afbc45738@group-7436898F9291:LeaderElection71] INFO  segmented.SegmentedRaftLogWorker (SegmentedRaftLogWorker.java:startLogSegment(380)) - 4938c74e-7433-4b31-a410-a11afbc45738@group-7436898F9291-SegmentedRaftLogWorker: Starting segment from index:0
2019-09-30 14:06:11,267 [4938c74e-7433-4b31-a410-a11afbc45738@group-7436898F9291:LeaderElection71] INFO  impl.RaftServerImpl (ServerState.java:setRaftConf(354)) - 4938c74e-7433-4b31-a410-a11afbc45738@group-7436898F9291: set configuration 0: [4938c74e-7433-4b31-a410-a11afbc45738:192.168.164.197:34921], old=null at 0
2019-09-30 14:06:11,281 [dbb85d84-175b-4e3c-8670-5d71319b61f7@group-43F6C311E7D0:LeaderElection72] INFO  impl.LeaderElection (LeaderElection.java:askForVotes(182)) - dbb85d84-175b-4e3c-8670-5d71319b61f7@group-43F6C311E7D0:LeaderElection72: begin an election at term 1 for -1: [dbb85d84-175b-4e3c-8670-5d71319b61f7:192.168.164.197:41991], old=null
2019-09-30 14:06:11,281 [9a44d653-00bd-4d36-9573-853dfaad290c@group-8817B84B0049:LeaderElection73] INFO  impl.LeaderElection (LeaderElection.java:askForVotes(182)) - 9a44d653-00bd-4d36-9573-853dfaad290c@group-8817B84B0049:LeaderElection73: begin an election at term 1 for -1: [9a44d653-00bd-4d36-9573-853dfaad290c:192.168.164.197:38329], old=null
2019-09-30 14:06:11,281 [dbb85d84-175b-4e3c-8670-5d71319b61f7@group-43F6C311E7D0:LeaderElection72] INFO  impl.RoleInfo (RoleInfo.java:shutdownLeaderElection(134)) - dbb85d84-175b-4e3c-8670-5d71319b61f7: shutdown LeaderElection
2019-09-30 14:06:11,281 [9a44d653-00bd-4d36-9573-853dfaad290c@group-8817B84B0049:LeaderElection73] INFO  impl.RoleInfo (RoleInfo.java:shutdownLeaderElection(134)) - 9a44d653-00bd-4d36-9573-853dfaad290c: shutdown LeaderElection
2019-09-30 14:06:11,282 [dbb85d84-175b-4e3c-8670-5d71319b61f7@group-43F6C311E7D0:LeaderElection72] INFO  impl.RaftServerImpl (RaftServerImpl.java:setRole(174)) - dbb85d84-175b-4e3c-8670-5d71319b61f7@group-43F6C311E7D0: changes role from CANDIDATE to LEADER at term 1 for changeToLeader
2019-09-30 14:06:11,282 [9a44d653-00bd-4d36-9573-853dfaad290c@group-8817B84B0049:LeaderElection73] INFO  impl.RaftServerImpl (RaftServerImpl.java:setRole(174)) - 9a44d653-00bd-4d36-9573-853dfaad290c@group-8817B84B0049: changes role from CANDIDATE to LEADER at term 1 for changeToLeader
2019-09-30 14:06:11,282 [dbb85d84-175b-4e3c-8670-5d71319b61f7@group-43F6C311E7D0:LeaderElection72] INFO  impl.RaftServerImpl (ServerState.java:setLeader(253)) - dbb85d84-175b-4e3c-8670-5d71319b61f7@group-43F6C311E7D0: change Leader from null to dbb85d84-175b-4e3c-8670-5d71319b61f7 at term 1 for becomeLeader, leader elected after 5037ms
2019-09-30 14:06:11,282 [9a44d653-00bd-4d36-9573-853dfaad290c@group-8817B84B0049:LeaderElection73] INFO  impl.RaftServerImpl (ServerState.java:setLeader(253)) - 9a44d653-00bd-4d36-9573-853dfaad290c@group-8817B84B0049: change Leader from null to 9a44d653-00bd-4d36-9573-853dfaad290c at term 1 for becomeLeader, leader elected after 5082ms
2019-09-30 14:06:11,282 [dbb85d84-175b-4e3c-8670-5d71319b61f7@group-43F6C311E7D0:LeaderElection72] INFO  server.RaftServerConfigKeys (ConfUtils.java:logGet(43)) - raft.server.staging.catchup.gap = 1000 (default)
2019-09-30 14:06:11,282 [9a44d653-00bd-4d36-9573-853dfaad290c@group-8817B84B0049:LeaderElection73] INFO  server.RaftServerConfigKeys (ConfUtils.java:logGet(43)) - raft.server.staging.catchup.gap = 1000 (default)
2019-09-30 14:06:11,282 [dbb85d84-175b-4e3c-8670-5d71319b61f7@group-43F6C311E7D0:LeaderElection72] INFO  server.RaftServerConfigKeys (ConfUtils.java:logGet(43)) - raft.server.rpc.sleep.time = 25ms (default)
2019-09-30 14:06:11,282 [9a44d653-00bd-4d36-9573-853dfaad290c@group-8817B84B0049:LeaderElection73] INFO  server.RaftServerConfigKeys (ConfUtils.java:logGet(43)) - raft.server.rpc.sleep.time = 25ms (default)
2019-09-30 14:06:11,282 [dbb85d84-175b-4e3c-8670-5d71319b61f7@group-43F6C311E7D0:LeaderElection72] INFO  server.RaftServerConfigKeys (ConfUtils.java:logGet(43)) - raft.server.write.element-limit = 4096 (default)
2019-09-30 14:06:11,282 [9a44d653-00bd-4d36-9573-853dfaad290c@group-8817B84B0049:LeaderElection73] INFO  server.RaftServerConfigKeys (ConfUtils.java:logGet(43)) - raft.server.write.element-limit = 4096 (default)
2019-09-30 14:06:11,282 [dbb85d84-175b-4e3c-8670-5d71319b61f7@group-43F6C311E7D0:LeaderElection72] INFO  server.RaftServerConfigKeys (ConfUtils.java:logGet(43)) - raft.server.watch.timeout = 10s (default)
2019-09-30 14:06:11,283 [9a44d653-00bd-4d36-9573-853dfaad290c@group-8817B84B0049:LeaderElection73] INFO  server.RaftServerConfigKeys (ConfUtils.java:logGet(43)) - raft.server.watch.timeout = 10s (default)
2019-09-30 14:06:11,283 [dbb85d84-175b-4e3c-8670-5d71319b61f7@group-43F6C311E7D0:LeaderElection72] INFO  server.RaftServerConfigKeys (ConfUtils.java:logGet(43)) - raft.server.watch.timeout.denomination = 1s (default)
2019-09-30 14:06:11,283 [9a44d653-00bd-4d36-9573-853dfaad290c@group-8817B84B0049:LeaderElection73] INFO  server.RaftServerConfigKeys (ConfUtils.java:logGet(43)) - raft.server.watch.timeout.denomination = 1s (default)
2019-09-30 14:06:11,283 [dbb85d84-175b-4e3c-8670-5d71319b61f7@group-43F6C311E7D0:LeaderElection72] INFO  server.RaftServerConfigKeys (ConfUtils.java:logGet(43)) - raft.server.watch.element-limit = 65536 (default)
2019-09-30 14:06:11,283 [9a44d653-00bd-4d36-9573-853dfaad290c@group-8817B84B0049:LeaderElection73] INFO  server.RaftServerConfigKeys (ConfUtils.java:logGet(43)) - raft.server.watch.element-limit = 65536 (default)
2019-09-30 14:06:11,285 [dbb85d84-175b-4e3c-8670-5d71319b61f7@group-43F6C311E7D0:LeaderElection72] INFO  impl.RoleInfo (RoleInfo.java:updateAndGet(143)) - dbb85d84-175b-4e3c-8670-5d71319b61f7: start LeaderState
2019-09-30 14:06:11,285 [9a44d653-00bd-4d36-9573-853dfaad290c@group-8817B84B0049:LeaderElection73] INFO  impl.RoleInfo (RoleInfo.java:updateAndGet(143)) - 9a44d653-00bd-4d36-9573-853dfaad290c: start LeaderState
2019-09-30 14:06:11,285 [dbb85d84-175b-4e3c-8670-5d71319b61f7@group-43F6C311E7D0:LeaderElection72] INFO  segmented.SegmentedRaftLogWorker (SegmentedRaftLogWorker.java:startLogSegment(380)) - dbb85d84-175b-4e3c-8670-5d71319b61f7@group-43F6C311E7D0-SegmentedRaftLogWorker: Starting segment from index:0
2019-09-30 14:06:11,286 [9a44d653-00bd-4d36-9573-853dfaad290c@group-8817B84B0049:LeaderElection73] INFO  segmented.SegmentedRaftLogWorker (SegmentedRaftLogWorker.java:startLogSegment(380)) - 9a44d653-00bd-4d36-9573-853dfaad290c@group-8817B84B0049-SegmentedRaftLogWorker: Starting segment from index:0
2019-09-30 14:06:11,286 [dbb85d84-175b-4e3c-8670-5d71319b61f7@group-43F6C311E7D0:LeaderElection72] INFO  impl.RaftServerImpl (ServerState.java:setRaftConf(354)) - dbb85d84-175b-4e3c-8670-5d71319b61f7@group-43F6C311E7D0: set configuration 0: [dbb85d84-175b-4e3c-8670-5d71319b61f7:192.168.164.197:41991], old=null at 0
2019-09-30 14:06:11,286 [9a44d653-00bd-4d36-9573-853dfaad290c@group-8817B84B0049:LeaderElection73] INFO  impl.RaftServerImpl (ServerState.java:setRaftConf(354)) - 9a44d653-00bd-4d36-9573-853dfaad290c@group-8817B84B0049: set configuration 0: [9a44d653-00bd-4d36-9573-853dfaad290c:192.168.164.197:38329], old=null at 0
2019-09-30 14:06:11,303 [4938c74e-7433-4b31-a410-a11afbc45738@group-7436898F9291-SegmentedRaftLogWorker] INFO  segmented.SegmentedRaftLogWorker (SegmentedRaftLogWorker.java:execute(569)) - 4938c74e-7433-4b31-a410-a11afbc45738@group-7436898F9291-SegmentedRaftLogWorker: created new log segment /workdir/hadoop-ozone/integration-test/target/test-dir/MiniOzoneClusterImpl-8b753bf4-8e52-47bf-b887-5f8f577e75fc/datanode-3/data/ratis/59d5db69-d06a-428d-ad5e-7436898f9291/current/log_inprogress_0
2019-09-30 14:06:11,316 [9a44d653-00bd-4d36-9573-853dfaad290c@group-8817B84B0049-SegmentedRaftLogWorker] INFO  segmented.SegmentedRaftLogWorker (SegmentedRaftLogWorker.java:execute(569)) - 9a44d653-00bd-4d36-9573-853dfaad290c@group-8817B84B0049-SegmentedRaftLogWorker: created new log segment /workdir/hadoop-ozone/integration-test/target/test-dir/MiniOzoneClusterImpl-8b753bf4-8e52-47bf-b887-5f8f577e75fc/datanode-6/data/ratis/0a2b463f-139e-4650-b4e2-8817b84b0049/current/log_inprogress_0
2019-09-30 14:06:11,316 [dbb85d84-175b-4e3c-8670-5d71319b61f7@group-43F6C311E7D0-SegmentedRaftLogWorker] INFO  segmented.SegmentedRaftLogWorker (SegmentedRaftLogWorker.java:execute(569)) - dbb85d84-175b-4e3c-8670-5d71319b61f7@group-43F6C311E7D0-SegmentedRaftLogWorker: created new log segment /workdir/hadoop-ozone/integration-test/target/test-dir/MiniOzoneClusterImpl-8b753bf4-8e52-47bf-b887-5f8f577e75fc/datanode-5/data/ratis/a13c5f8e-abd8-4638-b066-43f6c311e7d0/current/log_inprogress_0
2019-09-30 14:06:11,408 [Thread-3124] INFO  impl.FollowerState (FollowerState.java:run(106)) - 9a44d653-00bd-4d36-9573-853dfaad290c:group-370197AEC399 changes to CANDIDATE, lastRpcTime:5082, electionTimeout:5082ms
2019-09-30 14:06:11,408 [Thread-3124] INFO  impl.RoleInfo (RoleInfo.java:shutdownFollowerState(121)) - 9a44d653-00bd-4d36-9573-853dfaad290c: shutdown FollowerState
2019-09-30 14:06:11,409 [Thread-3124] INFO  impl.RaftServerImpl (RaftServerImpl.java:setRole(174)) - 9a44d653-00bd-4d36-9573-853dfaad290c@group-370197AEC399: changes role from  FOLLOWER to CANDIDATE at term 0 for changeToCandidate
2019-09-30 14:06:11,409 [Thread-3124] INFO  impl.RoleInfo (RoleInfo.java:updateAndGet(143)) - 9a44d653-00bd-4d36-9573-853dfaad290c: start LeaderElection
2019-09-30 14:06:11,422 [Thread-3120] INFO  impl.FollowerState (FollowerState.java:run(106)) - 4938c74e-7433-4b31-a410-a11afbc45738:group-370197AEC399 changes to CANDIDATE, lastRpcTime:5099, electionTimeout:5099ms
2019-09-30 14:06:11,422 [Thread-3120] INFO  impl.RoleInfo (RoleInfo.java:shutdownFollowerState(121)) - 4938c74e-7433-4b31-a410-a11afbc45738: shutdown FollowerState
2019-09-30 14:06:11,422 [Thread-3120] INFO  impl.RaftServerImpl (RaftServerImpl.java:setRole(174)) - 4938c74e-7433-4b31-a410-a11afbc45738@group-370197AEC399: changes role from  FOLLOWER to CANDIDATE at term 0 for changeToCandidate
2019-09-30 14:06:11,422 [Thread-3120] INFO  impl.RoleInfo (RoleInfo.java:updateAndGet(143)) - 4938c74e-7433-4b31-a410-a11afbc45738: start LeaderElection
2019-09-30 14:06:11,432 [9a44d653-00bd-4d36-9573-853dfaad290c@group-370197AEC399:LeaderElection74] INFO  impl.LeaderElection (LeaderElection.java:askForVotes(182)) - 9a44d653-00bd-4d36-9573-853dfaad290c@group-370197AEC399:LeaderElection74: begin an election at term 1 for -1: [9a44d653-00bd-4d36-9573-853dfaad290c:192.168.164.197:38329, 4938c74e-7433-4b31-a410-a11afbc45738:192.168.164.197:34921, 28e68ed4-4b03-4e16-97ee-efd5dab342dd:192.168.164.197:41050], old=null
2019-09-30 14:06:11,432 [4938c74e-7433-4b31-a410-a11afbc45738@group-370197AEC399:LeaderElection75] INFO  impl.LeaderElection (LeaderElection.java:askForVotes(182)) - 4938c74e-7433-4b31-a410-a11afbc45738@group-370197AEC399:LeaderElection75: begin an election at term 1 for -1: [9a44d653-00bd-4d36-9573-853dfaad290c:192.168.164.197:38329, 4938c74e-7433-4b31-a410-a11afbc45738:192.168.164.197:34921, 28e68ed4-4b03-4e16-97ee-efd5dab342dd:192.168.164.197:41050], old=null
2019-09-30 14:06:11,436 [grpc-default-executor-1] INFO  impl.RaftServerImpl (RaftServerImpl.java:setRole(174)) - 28e68ed4-4b03-4e16-97ee-efd5dab342dd@group-370197AEC399: changes role from  FOLLOWER to FOLLOWER at term 1 for recognizeCandidate:4938c74e-7433-4b31-a410-a11afbc45738
2019-09-30 14:06:11,439 [grpc-default-executor-1] INFO  impl.RoleInfo (RoleInfo.java:shutdownFollowerState(121)) - 28e68ed4-4b03-4e16-97ee-efd5dab342dd: shutdown FollowerState
2019-09-30 14:06:11,440 [grpc-default-executor-1] INFO  impl.RoleInfo (RoleInfo.java:updateAndGet(143)) - 28e68ed4-4b03-4e16-97ee-efd5dab342dd: start FollowerState
2019-09-30 14:06:11,440 [Thread-3125] INFO  impl.FollowerState (FollowerState.java:run(115)) - 28e68ed4-4b03-4e16-97ee-efd5dab342dd: FollowerState was interrupted: java.lang.InterruptedException: sleep interrupted
2019-09-30 14:06:11,456 [9a44d653-00bd-4d36-9573-853dfaad290c@group-370197AEC399:LeaderElection74] INFO  impl.LeaderElection (LeaderElection.java:logAndReturn(56)) - 9a44d653-00bd-4d36-9573-853dfaad290c@group-370197AEC399:LeaderElection74: Election REJECTED; received 2 response(s) [9a44d653-00bd-4d36-9573-853dfaad290c<-4938c74e-7433-4b31-a410-a11afbc45738#0:FAIL-t1, 9a44d653-00bd-4d36-9573-853dfaad290c<-28e68ed4-4b03-4e16-97ee-efd5dab342dd#0:FAIL-t1] and 0 exception(s); 9a44d653-00bd-4d36-9573-853dfaad290c@group-370197AEC399:t1, leader=null, voted=9a44d653-00bd-4d36-9573-853dfaad290c, raftlog=9a44d653-00bd-4d36-9573-853dfaad290c@group-370197AEC399-SegmentedRaftLog:OPENED:c-1,f-1,i0, conf=-1: [9a44d653-00bd-4d36-9573-853dfaad290c:192.168.164.197:38329, 4938c74e-7433-4b31-a410-a11afbc45738:192.168.164.197:34921, 28e68ed4-4b03-4e16-97ee-efd5dab342dd:192.168.164.197:41050], old=null
2019-09-30 14:06:11,456 [4938c74e-7433-4b31-a410-a11afbc45738@group-370197AEC399:LeaderElection75] INFO  impl.LeaderElection (LeaderElection.java:logAndReturn(56)) - 4938c74e-7433-4b31-a410-a11afbc45738@group-370197AEC399:LeaderElection75: Election PASSED; received 2 response(s) [4938c74e-7433-4b31-a410-a11afbc45738<-9a44d653-00bd-4d36-9573-853dfaad290c#0:FAIL-t1, 4938c74e-7433-4b31-a410-a11afbc45738<-28e68ed4-4b03-4e16-97ee-efd5dab342dd#0:OK-t1] and 0 exception(s); 4938c74e-7433-4b31-a410-a11afbc45738@group-370197AEC399:t1, leader=null, voted=4938c74e-7433-4b31-a410-a11afbc45738, raftlog=4938c74e-7433-4b31-a410-a11afbc45738@group-370197AEC399-SegmentedRaftLog:OPENED:c-1,f-1,i0, conf=-1: [9a44d653-00bd-4d36-9573-853dfaad290c:192.168.164.197:38329, 4938c74e-7433-4b31-a410-a11afbc45738:192.168.164.197:34921, 28e68ed4-4b03-4e16-97ee-efd5dab342dd:192.168.164.197:41050], old=null
2019-09-30 14:06:11,456 [9a44d653-00bd-4d36-9573-853dfaad290c@group-370197AEC399:LeaderElection74] INFO  impl.RaftServerImpl (RaftServerImpl.java:setRole(174)) - 9a44d653-00bd-4d36-9573-853dfaad290c@group-370197AEC399: changes role from CANDIDATE to FOLLOWER at term 1 for DISCOVERED_A_NEW_TERM
2019-09-30 14:06:11,456 [4938c74e-7433-4b31-a410-a11afbc45738@group-370197AEC399:LeaderElection75] INFO  impl.RoleInfo (RoleInfo.java:shutdownLeaderElection(134)) - 4938c74e-7433-4b31-a410-a11afbc45738: shutdown LeaderElection
2019-09-30 14:06:11,459 [9a44d653-00bd-4d36-9573-853dfaad290c@group-370197AEC399:LeaderElection74] INFO  impl.RoleInfo (RoleInfo.java:shutdownLeaderElection(134)) - 9a44d653-00bd-4d36-9573-853dfaad290c: shutdown LeaderElection
2019-09-30 14:06:11,461 [4938c74e-7433-4b31-a410-a11afbc45738@group-370197AEC399:LeaderElection75] INFO  impl.RaftServerImpl (RaftServerImpl.java:setRole(174)) - 4938c74e-7433-4b31-a410-a11afbc45738@group-370197AEC399: changes role from CANDIDATE to LEADER at term 1 for changeToLeader
2019-09-30 14:06:11,462 [9a44d653-00bd-4d36-9573-853dfaad290c@group-370197AEC399:LeaderElection74] INFO  impl.RoleInfo (RoleInfo.java:updateAndGet(143)) - 9a44d653-00bd-4d36-9573-853dfaad290c: start FollowerState
2019-09-30 14:06:11,462 [4938c74e-7433-4b31-a410-a11afbc45738@group-370197AEC399:LeaderElection75] INFO  impl.RaftServerImpl (ServerState.java:setLeader(253)) - 4938c74e-7433-4b31-a410-a11afbc45738@group-370197AEC399: change Leader from null to 4938c74e-7433-4b31-a410-a11afbc45738 at term 1 for becomeLeader, leader elected after 5153ms
2019-09-30 14:06:11,462 [4938c74e-7433-4b31-a410-a11afbc45738@group-370197AEC399:LeaderElection75] INFO  server.RaftServerConfigKeys (ConfUtils.java:logGet(43)) - raft.server.staging.catchup.gap = 1000 (default)
2019-09-30 14:06:11,462 [4938c74e-7433-4b31-a410-a11afbc45738@group-370197AEC399:LeaderElection75] INFO  server.RaftServerConfigKeys (ConfUtils.java:logGet(43)) - raft.server.rpc.sleep.time = 25ms (default)
2019-09-30 14:06:11,462 [4938c74e-7433-4b31-a410-a11afbc45738@group-370197AEC399:LeaderElection75] INFO  server.RaftServerConfigKeys (ConfUtils.java:logGet(43)) - raft.server.write.element-limit = 4096 (default)
2019-09-30 14:06:11,462 [4938c74e-7433-4b31-a410-a11afbc45738@group-370197AEC399:LeaderElection75] INFO  server.RaftServerConfigKeys (ConfUtils.java:logGet(43)) - raft.server.watch.timeout = 10s (default)
2019-09-30 14:06:11,462 [4938c74e-7433-4b31-a410-a11afbc45738@group-370197AEC399:LeaderElection75] INFO  server.RaftServerConfigKeys (ConfUtils.java:logGet(43)) - raft.server.watch.timeout.denomination = 1s (default)
2019-09-30 14:06:11,463 [4938c74e-7433-4b31-a410-a11afbc45738@group-370197AEC399:LeaderElection75] INFO  server.RaftServerConfigKeys (ConfUtils.java:logGet(43)) - raft.server.watch.element-limit = 65536 (default)
2019-09-30 14:06:11,464 [4938c74e-7433-4b31-a410-a11afbc45738@group-370197AEC399:LeaderElection75] INFO  server.RaftServerConfigKeys (ConfUtils.java:logGet(43)) - raft.server.log.appender.snapshot.chunk.size.max = 16MB (=16777216) (default)
2019-09-30 14:06:11,464 [4938c74e-7433-4b31-a410-a11afbc45738@group-370197AEC399:LeaderElection75] INFO  server.RaftServerConfigKeys (ConfUtils.java:logGet(43)) - raft.server.log.appender.buffer.byte-limit = 33554432 (custom)
2019-09-30 14:06:11,464 [4938c74e-7433-4b31-a410-a11afbc45738@group-370197AEC399:LeaderElection75] INFO  server.RaftServerConfigKeys (ConfUtils.java:logGet(43)) - raft.server.log.appender.buffer.element-limit = 1 (custom)
2019-09-30 14:06:11,464 [4938c74e-7433-4b31-a410-a11afbc45738@group-370197AEC399:LeaderElection75] INFO  grpc.GrpcConfigKeys$Server (ConfUtils.java:logGet(43)) - raft.grpc.server.leader.outstanding.appends.max = 128 (default)
2019-09-30 14:06:11,465 [4938c74e-7433-4b31-a410-a11afbc45738@group-370197AEC399:LeaderElection75] INFO  server.RaftServerConfigKeys (ConfUtils.java:logGet(43)) - raft.server.rpc.request.timeout = 3000ms (default)
2019-09-30 14:06:11,465 [4938c74e-7433-4b31-a410-a11afbc45738@group-370197AEC399:LeaderElection75] INFO  server.RaftServerConfigKeys (ConfUtils.java:logGet(43)) - raft.server.log.appender.install.snapshot.enabled = false (custom)
2019-09-30 14:06:11,465 [4938c74e-7433-4b31-a410-a11afbc45738@group-370197AEC399:LeaderElection75] INFO  server.RaftServerConfigKeys (ConfUtils.java:logGet(43)) - raft.server.log.appender.snapshot.chunk.size.max = 16MB (=16777216) (default)
2019-09-30 14:06:11,465 [4938c74e-7433-4b31-a410-a11afbc45738@group-370197AEC399:LeaderElection75] INFO  server.RaftServerConfigKeys (ConfUtils.java:logGet(43)) - raft.server.log.appender.buffer.byte-limit = 33554432 (custom)
2019-09-30 14:06:11,465 [4938c74e-7433-4b31-a410-a11afbc45738@group-370197AEC399:LeaderElection75] INFO  server.RaftServerConfigKeys (ConfUtils.java:logGet(43)) - raft.server.log.appender.buffer.element-limit = 1 (custom)
2019-09-30 14:06:11,465 [4938c74e-7433-4b31-a410-a11afbc45738@group-370197AEC399:LeaderElection75] INFO  grpc.GrpcConfigKeys$Server (ConfUtils.java:logGet(43)) - raft.grpc.server.leader.outstanding.appends.max = 128 (default)
2019-09-30 14:06:11,465 [4938c74e-7433-4b31-a410-a11afbc45738@group-370197AEC399:LeaderElection75] INFO  server.RaftServerConfigKeys (ConfUtils.java:logGet(43)) - raft.server.rpc.request.timeout = 3000ms (default)
2019-09-30 14:06:11,465 [4938c74e-7433-4b31-a410-a11afbc45738@group-370197AEC399:LeaderElection75] INFO  server.RaftServerConfigKeys (ConfUtils.java:logGet(43)) - raft.server.log.appender.install.snapshot.enabled = false (custom)
2019-09-30 14:06:11,466 [4938c74e-7433-4b31-a410-a11afbc45738@group-370197AEC399:LeaderElection75] INFO  impl.RoleInfo (RoleInfo.java:updateAndGet(143)) - 4938c74e-7433-4b31-a410-a11afbc45738: start LeaderState
2019-09-30 14:06:11,466 [4938c74e-7433-4b31-a410-a11afbc45738@group-370197AEC399:LeaderElection75] INFO  segmented.SegmentedRaftLogWorker (SegmentedRaftLogWorker.java:startLogSegment(380)) - 4938c74e-7433-4b31-a410-a11afbc45738@group-370197AEC399-SegmentedRaftLogWorker: Starting segment from index:0
2019-09-30 14:06:11,466 [4938c74e-7433-4b31-a410-a11afbc45738@group-370197AEC399:LeaderElection75] INFO  impl.RaftServerImpl (ServerState.java:setRaftConf(354)) - 4938c74e-7433-4b31-a410-a11afbc45738@group-370197AEC399: set configuration 0: [9a44d653-00bd-4d36-9573-853dfaad290c:192.168.164.197:38329, 4938c74e-7433-4b31-a410-a11afbc45738:192.168.164.197:34921, 28e68ed4-4b03-4e16-97ee-efd5dab342dd:192.168.164.197:41050], old=null at 0
2019-09-30 14:06:11,482 [grpc-default-executor-1] INFO  impl.RaftServerImpl (ServerState.java:setLeader(253)) - 28e68ed4-4b03-4e16-97ee-efd5dab342dd@group-370197AEC399: change Leader from null to 4938c74e-7433-4b31-a410-a11afbc45738 at term 1 for appendEntries, leader elected after 5173ms
2019-09-30 14:06:11,482 [grpc-default-executor-11] INFO  impl.RaftServerImpl (ServerState.java:setLeader(253)) - 9a44d653-00bd-4d36-9573-853dfaad290c@group-370197AEC399: change Leader from null to 4938c74e-7433-4b31-a410-a11afbc45738 at term 1 for appendEntries, leader elected after 5173ms
2019-09-30 14:06:11,483 [grpc-default-executor-1] INFO  impl.RaftServerImpl (ServerState.java:setRaftConf(354)) - 9a44d653-00bd-4d36-9573-853dfaad290c@group-370197AEC399: set configuration 0: [9a44d653-00bd-4d36-9573-853dfaad290c:192.168.164.197:38329, 4938c74e-7433-4b31-a410-a11afbc45738:192.168.164.197:34921, 28e68ed4-4b03-4e16-97ee-efd5dab342dd:192.168.164.197:41050], old=null at 0
2019-09-30 14:06:11,483 [grpc-default-executor-11] INFO  impl.RaftServerImpl (ServerState.java:setRaftConf(354)) - 28e68ed4-4b03-4e16-97ee-efd5dab342dd@group-370197AEC399: set configuration 0: [9a44d653-00bd-4d36-9573-853dfaad290c:192.168.164.197:38329, 4938c74e-7433-4b31-a410-a11afbc45738:192.168.164.197:34921, 28e68ed4-4b03-4e16-97ee-efd5dab342dd:192.168.164.197:41050], old=null at 0
2019-09-30 14:06:11,484 [grpc-default-executor-1] INFO  segmented.SegmentedRaftLogWorker (SegmentedRaftLogWorker.java:startLogSegment(380)) - 9a44d653-00bd-4d36-9573-853dfaad290c@group-370197AEC399-SegmentedRaftLogWorker: Starting segment from index:0
2019-09-30 14:06:11,484 [grpc-default-executor-11] INFO  segmented.SegmentedRaftLogWorker (SegmentedRaftLogWorker.java:startLogSegment(380)) - 28e68ed4-4b03-4e16-97ee-efd5dab342dd@group-370197AEC399-SegmentedRaftLogWorker: Starting segment from index:0
2019-09-30 14:06:11,493 [4938c74e-7433-4b31-a410-a11afbc45738@group-370197AEC399-SegmentedRaftLogWorker] INFO  segmented.SegmentedRaftLogWorker (SegmentedRaftLogWorker.java:execute(569)) - 4938c74e-7433-4b31-a410-a11afbc45738@group-370197AEC399-SegmentedRaftLogWorker: created new log segment /workdir/hadoop-ozone/integration-test/target/test-dir/MiniOzoneClusterImpl-8b753bf4-8e52-47bf-b887-5f8f577e75fc/datanode-3/data/ratis/1077803d-adae-4cb1-afcd-370197aec399/current/log_inprogress_0
2019-09-30 14:06:11,506 [28e68ed4-4b03-4e16-97ee-efd5dab342dd@group-370197AEC399-SegmentedRaftLogWorker] INFO  segmented.SegmentedRaftLogWorker (SegmentedRaftLogWorker.java:execute(569)) - 28e68ed4-4b03-4e16-97ee-efd5dab342dd@group-370197AEC399-SegmentedRaftLogWorker: created new log segment /workdir/hadoop-ozone/integration-test/target/test-dir/MiniOzoneClusterImpl-8b753bf4-8e52-47bf-b887-5f8f577e75fc/datanode-4/data/ratis/1077803d-adae-4cb1-afcd-370197aec399/current/log_inprogress_0
2019-09-30 14:06:11,506 [9a44d653-00bd-4d36-9573-853dfaad290c@group-370197AEC399-SegmentedRaftLogWorker] INFO  segmented.SegmentedRaftLogWorker (SegmentedRaftLogWorker.java:execute(569)) - 9a44d653-00bd-4d36-9573-853dfaad290c@group-370197AEC399-SegmentedRaftLogWorker: created new log segment /workdir/hadoop-ozone/integration-test/target/test-dir/MiniOzoneClusterImpl-8b753bf4-8e52-47bf-b887-5f8f577e75fc/datanode-6/data/ratis/1077803d-adae-4cb1-afcd-370197aec399/current/log_inprogress_0
2019-09-30 14:06:13,528 [Datanode State Machine Thread - 0] INFO  statemachine.DatanodeStateMachine (DatanodeStateMachine.java:lambda$startDaemon$0(350)) - Ozone container server started.
2019-09-30 14:06:17,624 [EventQueue-StaleNodeForStaleNodeHandler] INFO  node.StaleNodeHandler (StaleNodeHandler.java:onMessage(58)) - Datanode 4938c74e-7433-4b31-a410-a11afbc45738{ip: 192.168.164.197, host: trunk-nightly-extra-20190930-74rp4-3411845215, networkLocation: /default-rack, certSerialId: null} moved to stale state. Finalizing its pipelines [PipelineID=59d5db69-d06a-428d-ad5e-7436898f9291, PipelineID=1077803d-adae-4cb1-afcd-370197aec399]
2019-09-30 14:06:17,625 [EventQueue-StaleNodeForStaleNodeHandler] INFO  pipeline.SCMPipelineManager (SCMPipelineManager.java:finalizeAndDestroyPipeline(315)) - destroying pipeline:Pipeline[ Id: 59d5db69-d06a-428d-ad5e-7436898f9291, Nodes: 4938c74e-7433-4b31-a410-a11afbc45738{ip: 192.168.164.197, host: trunk-nightly-extra-20190930-74rp4-3411845215, networkLocation: /default-rack, certSerialId: null}, Type:RATIS, Factor:ONE, State:OPEN]
2019-09-30 14:06:17,626 [EventQueue-StaleNodeForStaleNodeHandler] INFO  pipeline.PipelineStateManager (PipelineStateManager.java:finalizePipeline(123)) - Pipeline Pipeline[ Id: 59d5db69-d06a-428d-ad5e-7436898f9291, Nodes: 4938c74e-7433-4b31-a410-a11afbc45738{ip: 192.168.164.197, host: trunk-nightly-extra-20190930-74rp4-3411845215, networkLocation: /default-rack, certSerialId: null}, Type:RATIS, Factor:ONE, State:CLOSED] moved to CLOSED state
2019-09-30 14:06:17,626 [EventQueue-StaleNodeForStaleNodeHandler] INFO  pipeline.SCMPipelineManager (SCMPipelineManager.java:finalizeAndDestroyPipeline(315)) - destroying pipeline:Pipeline[ Id: 1077803d-adae-4cb1-afcd-370197aec399, Nodes: 4938c74e-7433-4b31-a410-a11afbc45738{ip: 192.168.164.197, host: trunk-nightly-extra-20190930-74rp4-3411845215, networkLocation: /default-rack, certSerialId: null}28e68ed4-4b03-4e16-97ee-efd5dab342dd{ip: 192.168.164.197, host: trunk-nightly-extra-20190930-74rp4-3411845215, networkLocation: /default-rack, certSerialId: null}9a44d653-00bd-4d36-9573-853dfaad290c{ip: 192.168.164.197, host: trunk-nightly-extra-20190930-74rp4-3411845215, networkLocation: /default-rack, certSerialId: null}, Type:RATIS, Factor:THREE, State:OPEN]
2019-09-30 14:06:17,626 [EventQueue-StaleNodeForStaleNodeHandler] INFO  pipeline.PipelineStateManager (PipelineStateManager.java:finalizePipeline(123)) - Pipeline Pipeline[ Id: 1077803d-adae-4cb1-afcd-370197aec399, Nodes: 4938c74e-7433-4b31-a410-a11afbc45738{ip: 192.168.164.197, host: trunk-nightly-extra-20190930-74rp4-3411845215, networkLocation: /default-rack, certSerialId: null}28e68ed4-4b03-4e16-97ee-efd5dab342dd{ip: 192.168.164.197, host: trunk-nightly-extra-20190930-74rp4-3411845215, networkLocation: /default-rack, certSerialId: null}9a44d653-00bd-4d36-9573-853dfaad290c{ip: 192.168.164.197, host: trunk-nightly-extra-20190930-74rp4-3411845215, networkLocation: /default-rack, certSerialId: null}, Type:RATIS, Factor:THREE, State:CLOSED] moved to CLOSED state
2019-09-30 14:06:17,627 [EventQueue-CloseContainerForCloseContainerEventHandler] INFO  container.CloseContainerEventHandler (CloseContainerEventHandler.java:onMessage(61)) - Close container Event triggered for container : #1
2019-09-30 14:06:18,005 [main] INFO  ozoneimpl.OzoneContainer (OzoneContainer.java:stop(231)) - Attempting to stop container services.
2019-09-30 14:06:18,010 [main] INFO  impl.RaftServerProxy (RaftServerProxy.java:lambda$close$4(314)) - 4938c74e-7433-4b31-a410-a11afbc45738: close
2019-09-30 14:06:18,012 [main] INFO  impl.RaftServerImpl (RaftServerImpl.java:lambda$shutdown$3(251)) - 4938c74e-7433-4b31-a410-a11afbc45738@group-7436898F9291: shutdown
2019-09-30 14:06:18,012 [main] INFO  util.JmxRegister (JmxRegister.java:unregister(73)) - Successfully un-registered JMX Bean with object name Ratis:service=RaftServer,group=group-7436898F9291,id=4938c74e-7433-4b31-a410-a11afbc45738
2019-09-30 14:06:18,013 [main] INFO  impl.RoleInfo (RoleInfo.java:shutdownLeaderState(104)) - 4938c74e-7433-4b31-a410-a11afbc45738: shutdown LeaderState
2019-09-30 14:06:18,013 [main] INFO  impl.PendingRequests (PendingRequests.java:sendNotLeaderResponses(202)) - 4938c74e-7433-4b31-a410-a11afbc45738-PendingRequests: sendNotLeaderResponses
2019-09-30 14:06:18,014 [main] INFO  impl.StateMachineUpdater (StateMachineUpdater.java:stopAndJoin(125)) - 4938c74e-7433-4b31-a410-a11afbc45738@group-7436898F9291-StateMachineUpdater: set stopIndex = 0
2019-09-30 14:06:18,015 [main] INFO  impl.RaftServerImpl (ServerState.java:close(385)) - 4938c74e-7433-4b31-a410-a11afbc45738@group-7436898F9291: closes. applyIndex: 0
2019-09-30 14:06:18,016 [4938c74e-7433-4b31-a410-a11afbc45738@group-7436898F9291-SegmentedRaftLogWorker] INFO  segmented.SegmentedRaftLogWorker (SegmentedRaftLogWorker.java:run(313)) - 4938c74e-7433-4b31-a410-a11afbc45738@group-7436898F9291-SegmentedRaftLogWorker was interrupted, exiting. There are 0 tasks remaining in the queue.
2019-09-30 14:06:18,019 [main] INFO  segmented.SegmentedRaftLogWorker (SegmentedRaftLogWorker.java:close(228)) - 4938c74e-7433-4b31-a410-a11afbc45738@group-7436898F9291-SegmentedRaftLogWorker close()
2019-09-30 14:06:18,025 [main] INFO  impl.RaftServerImpl (RaftServerImpl.java:lambda$shutdown$3(251)) - 4938c74e-7433-4b31-a410-a11afbc45738@group-370197AEC399: shutdown
2019-09-30 14:06:18,025 [main] INFO  util.JmxRegister (JmxRegister.java:unregister(73)) - Successfully un-registered JMX Bean with object name Ratis:service=RaftServer,group=group-370197AEC399,id=4938c74e-7433-4b31-a410-a11afbc45738
2019-09-30 14:06:18,025 [main] INFO  impl.RoleInfo (RoleInfo.java:shutdownLeaderState(104)) - 4938c74e-7433-4b31-a410-a11afbc45738: shutdown LeaderState
2019-09-30 14:06:18,030 [main] INFO  impl.PendingRequests (PendingRequests.java:sendNotLeaderResponses(202)) - 4938c74e-7433-4b31-a410-a11afbc45738-PendingRequests: sendNotLeaderResponses
2019-09-30 14:06:18,030 [org.apache.ratis.server.impl.LogAppender$AppenderDaemon$$Lambda$522/1766442520@5ad94fa0] WARN  server.GrpcLogAppender (GrpcLogAppender.java:mayWait(143)) - 4938c74e-7433-4b31-a410-a11afbc45738@group-370197AEC399->28e68ed4-4b03-4e16-97ee-efd5dab342dd-GrpcLogAppender: Wait interrupted by java.lang.InterruptedException
2019-09-30 14:06:18,030 [org.apache.ratis.server.impl.LogAppender$AppenderDaemon$$Lambda$522/1766442520@59c8429b] WARN  server.GrpcLogAppender (GrpcLogAppender.java:mayWait(143)) - 4938c74e-7433-4b31-a410-a11afbc45738@group-370197AEC399->9a44d653-00bd-4d36-9573-853dfaad290c-GrpcLogAppender: Wait interrupted by java.lang.InterruptedException
2019-09-30 14:06:18,034 [main] INFO  impl.StateMachineUpdater (StateMachineUpdater.java:stopAndJoin(125)) - 4938c74e-7433-4b31-a410-a11afbc45738@group-370197AEC399-StateMachineUpdater: set stopIndex = 16
2019-09-30 14:06:18,034 [4938c74e-7433-4b31-a410-a11afbc45738@group-370197AEC399-StateMachineUpdater] INFO  ratis.ContainerStateMachine (ContainerStateMachine.java:takeSnapshot(289)) - group-370197AEC399: Taking a snapshot at:(t:1, i:14) file /workdir/hadoop-ozone/integration-test/target/test-dir/MiniOzoneClusterImpl-8b753bf4-8e52-47bf-b887-5f8f577e75fc/datanode-3/data/ratis/1077803d-adae-4cb1-afcd-370197aec399/sm/snapshot.1_14
2019-09-30 14:06:18,034 [grpc-default-executor-1] INFO  server.GrpcServerProtocolService (GrpcServerProtocolService.java:onCompleted(113)) - 28e68ed4-4b03-4e16-97ee-efd5dab342dd: Completed APPEND_ENTRIES, lastRequest: 4938c74e-7433-4b31-a410-a11afbc45738->28e68ed4-4b03-4e16-97ee-efd5dab342dd#19-t1, previous=(t:1, i:16), leaderCommit=16, initializing? false, entries: <empty>
2019-09-30 14:06:18,034 [grpc-default-executor-10] INFO  server.GrpcServerProtocolService (GrpcServerProtocolService.java:onCompleted(113)) - 9a44d653-00bd-4d36-9573-853dfaad290c: Completed APPEND_ENTRIES, lastRequest: 4938c74e-7433-4b31-a410-a11afbc45738->9a44d653-00bd-4d36-9573-853dfaad290c#19-t1, previous=(t:1, i:16), leaderCommit=16, initializing? false, entries: <empty>
2019-09-30 14:06:18,035 [grpc-default-executor-1] INFO  server.GrpcLogAppender (GrpcLogAppender.java:onCompleted(293)) - 4938c74e-7433-4b31-a410-a11afbc45738@group-370197AEC399->28e68ed4-4b03-4e16-97ee-efd5dab342dd-AppendLogResponseHandler: follower responses appendEntries COMPLETED
2019-09-30 14:06:18,035 [grpc-default-executor-12] INFO  server.GrpcLogAppender (GrpcLogAppender.java:onCompleted(293)) - 4938c74e-7433-4b31-a410-a11afbc45738@group-370197AEC399->9a44d653-00bd-4d36-9573-853dfaad290c-AppendLogResponseHandler: follower responses appendEntries COMPLETED
2019-09-30 14:06:18,035 [grpc-default-executor-12] INFO  impl.FollowerInfo (FollowerInfo.java:lambda$new$0(51)) - 4938c74e-7433-4b31-a410-a11afbc45738@group-370197AEC399->9a44d653-00bd-4d36-9573-853dfaad290c: nextIndex: updateUnconditionally 17 -> 16
2019-09-30 14:06:18,035 [grpc-default-executor-1] INFO  impl.FollowerInfo (FollowerInfo.java:lambda$new$0(51)) - 4938c74e-7433-4b31-a410-a11afbc45738@group-370197AEC399->28e68ed4-4b03-4e16-97ee-efd5dab342dd: nextIndex: updateUnconditionally 17 -> 16
2019-09-30 14:06:18,075 [4938c74e-7433-4b31-a410-a11afbc45738@group-370197AEC399-StateMachineUpdater] INFO  ratis.ContainerStateMachine (ContainerStateMachine.java:takeSnapshot(300)) - group-370197AEC399: Finished taking a snapshot at:(t:1, i:14) file:/workdir/hadoop-ozone/integration-test/target/test-dir/MiniOzoneClusterImpl-8b753bf4-8e52-47bf-b887-5f8f577e75fc/datanode-3/data/ratis/1077803d-adae-4cb1-afcd-370197aec399/sm/snapshot.1_14 time:41
2019-09-30 14:06:18,075 [4938c74e-7433-4b31-a410-a11afbc45738@group-370197AEC399-StateMachineUpdater] INFO  impl.StateMachineUpdater (StateMachineUpdater.java:takeSnapshot(258)) - 4938c74e-7433-4b31-a410-a11afbc45738@group-370197AEC399-StateMachineUpdater: Took a snapshot at index 14
2019-09-30 14:06:18,076 [4938c74e-7433-4b31-a410-a11afbc45738@group-370197AEC399-StateMachineUpdater] INFO  impl.StateMachineUpdater (StateMachineUpdater.java:lambda$new$0(83)) - 4938c74e-7433-4b31-a410-a11afbc45738@group-370197AEC399-StateMachineUpdater: snapshotIndex: updateIncreasingly -1 -> 14
2019-09-30 14:06:18,076 [4938c74e-7433-4b31-a410-a11afbc45738@group-370197AEC399-StateMachineUpdater] INFO  ratis.ContainerStateMachine (ContainerStateMachine.java:takeSnapshot(289)) - group-370197AEC399: Taking a snapshot at:(t:1, i:14) file /workdir/hadoop-ozone/integration-test/target/test-dir/MiniOzoneClusterImpl-8b753bf4-8e52-47bf-b887-5f8f577e75fc/datanode-3/data/ratis/1077803d-adae-4cb1-afcd-370197aec399/sm/snapshot.1_14
2019-09-30 14:06:18,080 [4938c74e-7433-4b31-a410-a11afbc45738@group-370197AEC399-StateMachineUpdater] INFO  ratis.ContainerStateMachine (ContainerStateMachine.java:takeSnapshot(300)) - group-370197AEC399: Finished taking a snapshot at:(t:1, i:14) file:/workdir/hadoop-ozone/integration-test/target/test-dir/MiniOzoneClusterImpl-8b753bf4-8e52-47bf-b887-5f8f577e75fc/datanode-3/data/ratis/1077803d-adae-4cb1-afcd-370197aec399/sm/snapshot.1_14 time:4
2019-09-30 14:06:18,080 [4938c74e-7433-4b31-a410-a11afbc45738@group-370197AEC399-StateMachineUpdater] INFO  impl.StateMachineUpdater (StateMachineUpdater.java:takeSnapshot(258)) - 4938c74e-7433-4b31-a410-a11afbc45738@group-370197AEC399-StateMachineUpdater: Took a snapshot at index 14
2019-09-30 14:06:18,080 [4938c74e-7433-4b31-a410-a11afbc45738@group-370197AEC399-StateMachineUpdater] INFO  impl.StateMachineUpdater (StateMachineUpdater.java:lambda$new$0(83)) - 4938c74e-7433-4b31-a410-a11afbc45738@group-370197AEC399-StateMachineUpdater: snapshotIndex: updateIncreasingly 14 -> 14
2019-09-30 14:06:18,081 [main] INFO  impl.RaftServerImpl (ServerState.java:close(385)) - 4938c74e-7433-4b31-a410-a11afbc45738@group-370197AEC399: closes. applyIndex: 16
2019-09-30 14:06:18,081 [4938c74e-7433-4b31-a410-a11afbc45738@group-370197AEC399-SegmentedRaftLogWorker] INFO  segmented.SegmentedRaftLogWorker (SegmentedRaftLogWorker.java:run(313)) - 4938c74e-7433-4b31-a410-a11afbc45738@group-370197AEC399-SegmentedRaftLogWorker was interrupted, exiting. There are 0 tasks remaining in the queue.
2019-09-30 14:06:18,084 [main] INFO  segmented.SegmentedRaftLogWorker (SegmentedRaftLogWorker.java:close(228)) - 4938c74e-7433-4b31-a410-a11afbc45738@group-370197AEC399-SegmentedRaftLogWorker close()
2019-09-30 14:06:18,090 [main] INFO  server.GrpcService (GrpcService.java:closeImpl(164)) - 4938c74e-7433-4b31-a410-a11afbc45738: shutdown server with port 34921 now
2019-09-30 14:06:18,091 [grpc-default-executor-12] WARN  client.GrpcClientProtocolService (LogUtils.java:warn(134)) - 3-UnorderedRequestStreamObserver3: onError: org.apache.ratis.thirdparty.io.grpc.StatusRuntimeException: CANCELLED: cancelled before receiving half close
2019-09-30 14:06:18,091 [main] INFO  server.GrpcService (GrpcService.java:closeImpl(172)) - 4938c74e-7433-4b31-a410-a11afbc45738: shutdown server with port 34921 successfully
2019-09-30 14:06:18,094 [refreshUsed-/workdir/hadoop-ozone/integration-test/target/test-dir/MiniOzoneClusterImpl-8b753bf4-8e52-47bf-b887-5f8f577e75fc/datanode-3/data/containers] WARN  fs.CachingGetSpaceUsed (CachingGetSpaceUsed.java:run(183)) - Thread Interrupted waiting to refresh disk information: sleep interrupted
2019-09-30 14:06:18,110 [main] INFO  utils.BackgroundService (BackgroundService.java:shutdown(148)) - Shutting down service BlockDeletingService
2019-09-30 14:06:18,117 [main] INFO  statemachine.DatanodeStateMachine (DatanodeStateMachine.java:stopDaemon(395)) - Ozone container server stopped.
2019-09-30 14:06:18,118 [main] INFO  handler.ContextHandler (ContextHandler.java:doStop(910)) - Stopped o.e.j.w.WebAppContext@1de13f34{/,null,UNAVAILABLE}{/hddsDatanode}
2019-09-30 14:06:18,119 [main] INFO  server.AbstractConnector (AbstractConnector.java:doStop(318)) - Stopped ServerConnector@7e191fda{HTTP/1.1,[http/1.1]}{0.0.0.0:0}
2019-09-30 14:06:18,119 [main] INFO  handler.ContextHandler (ContextHandler.java:doStop(910)) - Stopped o.e.j.s.ServletContextHandler@61da0413{/static,jar:file:/home/user/.m2/repository/org/apache/hadoop/hadoop-hdds-container-service/0.5.0-SNAPSHOT/hadoop-hdds-container-service-0.5.0-SNAPSHOT.jar!/webapps/static,UNAVAILABLE}
2019-09-30 14:06:18,119 [main] INFO  handler.ContextHandler (ContextHandler.java:doStop(910)) - Stopped o.e.j.s.ServletContextHandler@21274afe{/logs,file:///workdir/hadoop-ozone/integration-test/target/log,UNAVAILABLE}
2019-09-30 14:06:26,748 [Thread-3177] INFO  impl.FollowerState (FollowerState.java:run(106)) - 9a44d653-00bd-4d36-9573-853dfaad290c:group-370197AEC399 changes to CANDIDATE, lastRpcTime:8734, electionTimeout:5046ms
2019-09-30 14:06:26,750 [Thread-3177] INFO  impl.RoleInfo (RoleInfo.java:shutdownFollowerState(121)) - 9a44d653-00bd-4d36-9573-853dfaad290c: shutdown FollowerState
2019-09-30 14:06:26,750 [Thread-3177] INFO  impl.RaftServerImpl (RaftServerImpl.java:setRole(174)) - 9a44d653-00bd-4d36-9573-853dfaad290c@group-370197AEC399: changes role from  FOLLOWER to CANDIDATE at term 1 for changeToCandidate
2019-09-30 14:06:26,750 [Thread-3177] INFO  impl.RoleInfo (RoleInfo.java:updateAndGet(143)) - 9a44d653-00bd-4d36-9573-853dfaad290c: start LeaderElection
2019-09-30 14:06:26,754 [9a44d653-00bd-4d36-9573-853dfaad290c@group-370197AEC399:LeaderElection76] INFO  impl.RaftServerImpl (ServerState.java:setLeader(253)) - 9a44d653-00bd-4d36-9573-853dfaad290c@group-370197AEC399: change Leader from 4938c74e-7433-4b31-a410-a11afbc45738 to null at term 1 for initElection
2019-09-30 14:06:26,768 [9a44d653-00bd-4d36-9573-853dfaad290c@group-370197AEC399:LeaderElection76] INFO  impl.LeaderElection (LeaderElection.java:askForVotes(182)) - 9a44d653-00bd-4d36-9573-853dfaad290c@group-370197AEC399:LeaderElection76: begin an election at term 2 for 0: [9a44d653-00bd-4d36-9573-853dfaad290c:192.168.164.197:38329, 4938c74e-7433-4b31-a410-a11afbc45738:192.168.164.197:34921, 28e68ed4-4b03-4e16-97ee-efd5dab342dd:192.168.164.197:41050], old=null
2019-09-30 14:06:26,773 [Thread-3176] INFO  impl.FollowerState (FollowerState.java:run(106)) - 28e68ed4-4b03-4e16-97ee-efd5dab342dd:group-370197AEC399 changes to CANDIDATE, lastRpcTime:8759, electionTimeout:5104ms
2019-09-30 14:06:26,773 [9a44d653-00bd-4d36-9573-853dfaad290c@group-370197AEC399:LeaderElection76] INFO  impl.LeaderElection (LogUtils.java:infoOrTrace(149)) - 9a44d653-00bd-4d36-9573-853dfaad290c@group-370197AEC399:LeaderElection76 got exception when requesting votes: {}
java.util.concurrent.ExecutionException: org.apache.ratis.thirdparty.io.grpc.StatusRuntimeException: UNAVAILABLE: io exception
	at java.util.concurrent.FutureTask.report(FutureTask.java:122)
	at java.util.concurrent.FutureTask.get(FutureTask.java:192)
	at org.apache.ratis.server.impl.LeaderElection.waitForResults(LeaderElection.java:263)
	at org.apache.ratis.server.impl.LeaderElection.askForVotes(LeaderElection.java:201)
	at org.apache.ratis.server.impl.LeaderElection.run(LeaderElection.java:133)
	at java.lang.Thread.run(Thread.java:748)
Caused by: org.apache.ratis.thirdparty.io.grpc.StatusRuntimeException: UNAVAILABLE: io exception
	at org.apache.ratis.thirdparty.io.grpc.stub.ClientCalls.toStatusRuntimeException(ClientCalls.java:233)
	at org.apache.ratis.thirdparty.io.grpc.stub.ClientCalls.getUnchecked(ClientCalls.java:214)
	at org.apache.ratis.thirdparty.io.grpc.stub.ClientCalls.blockingUnaryCall(ClientCalls.java:139)
	at org.apache.ratis.proto.grpc.RaftServerProtocolServiceGrpc$RaftServerProtocolServiceBlockingStub.requestVote(RaftServerProtocolServiceGrpc.java:265)
	at org.apache.ratis.grpc.server.GrpcServerProtocolClient.requestVote(GrpcServerProtocolClient.java:90)
	at org.apache.ratis.grpc.server.GrpcService.requestVote(GrpcService.java:204)
	at org.apache.ratis.server.impl.LeaderElection.lambda$submitRequests$1(LeaderElection.java:238)
	at java.util.concurrent.FutureTask.run(FutureTask.java:266)
	at java.util.concurrent.Executors$RunnableAdapter.call(Executors.java:511)
	at java.util.concurrent.FutureTask.run(FutureTask.java:266)
	at java.util.concurrent.ThreadPoolExecutor.runWorker(ThreadPoolExecutor.java:1149)
	at java.util.concurrent.ThreadPoolExecutor$Worker.run(ThreadPoolExecutor.java:624)
	... 1 more
Caused by: org.apache.ratis.thirdparty.io.netty.channel.AbstractChannel$AnnotatedConnectException: Connection refused: /192.168.164.197:34921
	at sun.nio.ch.SocketChannelImpl.checkConnect(Native Method)
	at sun.nio.ch.SocketChannelImpl.finishConnect(SocketChannelImpl.java:717)
	at org.apache.ratis.thirdparty.io.netty.channel.socket.nio.NioSocketChannel.doFinishConnect(NioSocketChannel.java:327)
	at org.apache.ratis.thirdparty.io.netty.channel.nio.AbstractNioChannel$AbstractNioUnsafe.finishConnect(AbstractNioChannel.java:340)
	at org.apache.ratis.thirdparty.io.netty.channel.nio.NioEventLoop.processSelectedKey(NioEventLoop.java:632)
	at org.apache.ratis.thirdparty.io.netty.channel.nio.NioEventLoop.processSelectedKeysOptimized(NioEventLoop.java:579)
	at org.apache.ratis.thirdparty.io.netty.channel.nio.NioEventLoop.processSelectedKeys(NioEventLoop.java:496)
	at org.apache.ratis.thirdparty.io.netty.channel.nio.NioEventLoop.run(NioEventLoop.java:458)
	at org.apache.ratis.thirdparty.io.netty.util.concurrent.SingleThreadEventExecutor$5.run(SingleThreadEventExecutor.java:897)
	at org.apache.ratis.thirdparty.io.netty.util.concurrent.FastThreadLocalRunnable.run(FastThreadLocalRunnable.java:30)
	... 1 more
Caused by: java.net.ConnectException: Connection refused
	... 11 more
2019-09-30 14:06:26,773 [Thread-3176] INFO  impl.RoleInfo (RoleInfo.java:shutdownFollowerState(121)) - 28e68ed4-4b03-4e16-97ee-efd5dab342dd: shutdown FollowerState
2019-09-30 14:06:26,778 [Thread-3176] INFO  impl.RaftServerImpl (RaftServerImpl.java:setRole(174)) - 28e68ed4-4b03-4e16-97ee-efd5dab342dd@group-370197AEC399: changes role from  FOLLOWER to CANDIDATE at term 1 for changeToCandidate
2019-09-30 14:06:26,778 [Thread-3176] INFO  impl.RoleInfo (RoleInfo.java:updateAndGet(143)) - 28e68ed4-4b03-4e16-97ee-efd5dab342dd: start LeaderElection
2019-09-30 14:06:26,781 [grpc-default-executor-12] INFO  impl.RaftServerImpl (ServerState.java:setLeader(253)) - 28e68ed4-4b03-4e16-97ee-efd5dab342dd@group-370197AEC399: change Leader from 4938c74e-7433-4b31-a410-a11afbc45738 to null at term 2 for updateCurrentTerm
2019-09-30 14:06:26,781 [grpc-default-executor-12] INFO  impl.RaftServerImpl (RaftServerImpl.java:setRole(174)) - 28e68ed4-4b03-4e16-97ee-efd5dab342dd@group-370197AEC399: changes role from CANDIDATE to FOLLOWER at term 2 for recognizeCandidate:9a44d653-00bd-4d36-9573-853dfaad290c
2019-09-30 14:06:26,781 [grpc-default-executor-12] INFO  impl.RoleInfo (RoleInfo.java:shutdownLeaderElection(134)) - 28e68ed4-4b03-4e16-97ee-efd5dab342dd: shutdown LeaderElection
2019-09-30 14:06:26,782 [grpc-default-executor-12] INFO  impl.RoleInfo (RoleInfo.java:updateAndGet(143)) - 28e68ed4-4b03-4e16-97ee-efd5dab342dd: start FollowerState
2019-09-30 14:06:26,796 [9a44d653-00bd-4d36-9573-853dfaad290c@group-370197AEC399:LeaderElection76] INFO  impl.LeaderElection (LeaderElection.java:logAndReturn(56)) - 9a44d653-00bd-4d36-9573-853dfaad290c@group-370197AEC399:LeaderElection76: Election REJECTED; received 1 response(s) [9a44d653-00bd-4d36-9573-853dfaad290c<-28e68ed4-4b03-4e16-97ee-efd5dab342dd#0:FAIL-t2] and 1 exception(s); 9a44d653-00bd-4d36-9573-853dfaad290c@group-370197AEC399:t2, leader=null, voted=9a44d653-00bd-4d36-9573-853dfaad290c, raftlog=9a44d653-00bd-4d36-9573-853dfaad290c@group-370197AEC399-SegmentedRaftLog:OPENED:c16,f16,i16, conf=0: [9a44d653-00bd-4d36-9573-853dfaad290c:192.168.164.197:38329, 4938c74e-7433-4b31-a410-a11afbc45738:192.168.164.197:34921, 28e68ed4-4b03-4e16-97ee-efd5dab342dd:192.168.164.197:41050], old=null
2019-09-30 14:06:26,796 [9a44d653-00bd-4d36-9573-853dfaad290c@group-370197AEC399:LeaderElection76] INFO  impl.LeaderElection (LogUtils.java:infoOrTrace(149)) -   Exception 0: {}
java.util.concurrent.ExecutionException: org.apache.ratis.thirdparty.io.grpc.StatusRuntimeException: UNAVAILABLE: io exception
	at java.util.concurrent.FutureTask.report(FutureTask.java:122)
	at java.util.concurrent.FutureTask.get(FutureTask.java:192)
	at org.apache.ratis.server.impl.LeaderElection.waitForResults(LeaderElection.java:263)
	at org.apache.ratis.server.impl.LeaderElection.askForVotes(LeaderElection.java:201)
	at org.apache.ratis.server.impl.LeaderElection.run(LeaderElection.java:133)
	at java.lang.Thread.run(Thread.java:748)
Caused by: org.apache.ratis.thirdparty.io.grpc.StatusRuntimeException: UNAVAILABLE: io exception
	at org.apache.ratis.thirdparty.io.grpc.stub.ClientCalls.toStatusRuntimeException(ClientCalls.java:233)
	at org.apache.ratis.thirdparty.io.grpc.stub.ClientCalls.getUnchecked(ClientCalls.java:214)
	at org.apache.ratis.thirdparty.io.grpc.stub.ClientCalls.blockingUnaryCall(ClientCalls.java:139)
	at org.apache.ratis.proto.grpc.RaftServerProtocolServiceGrpc$RaftServerProtocolServiceBlockingStub.requestVote(RaftServerProtocolServiceGrpc.java:265)
	at org.apache.ratis.grpc.server.GrpcServerProtocolClient.requestVote(GrpcServerProtocolClient.java:90)
	at org.apache.ratis.grpc.server.GrpcService.requestVote(GrpcService.java:204)
	at org.apache.ratis.server.impl.LeaderElection.lambda$submitRequests$1(LeaderElection.java:238)
	at java.util.concurrent.FutureTask.run(FutureTask.java:266)
	at java.util.concurrent.Executors$RunnableAdapter.call(Executors.java:511)
	at java.util.concurrent.FutureTask.run(FutureTask.java:266)
	at java.util.concurrent.ThreadPoolExecutor.runWorker(ThreadPoolExecutor.java:1149)
	at java.util.concurrent.ThreadPoolExecutor$Worker.run(ThreadPoolExecutor.java:624)
	... 1 more
Caused by: org.apache.ratis.thirdparty.io.netty.channel.AbstractChannel$AnnotatedConnectException: Connection refused: /192.168.164.197:34921
	at sun.nio.ch.SocketChannelImpl.checkConnect(Native Method)
	at sun.nio.ch.SocketChannelImpl.finishConnect(SocketChannelImpl.java:717)
	at org.apache.ratis.thirdparty.io.netty.channel.socket.nio.NioSocketChannel.doFinishConnect(NioSocketChannel.java:327)
	at org.apache.ratis.thirdparty.io.netty.channel.nio.AbstractNioChannel$AbstractNioUnsafe.finishConnect(AbstractNioChannel.java:340)
	at org.apache.ratis.thirdparty.io.netty.channel.nio.NioEventLoop.processSelectedKey(NioEventLoop.java:632)
	at org.apache.ratis.thirdparty.io.netty.channel.nio.NioEventLoop.processSelectedKeysOptimized(NioEventLoop.java:579)
	at org.apache.ratis.thirdparty.io.netty.channel.nio.NioEventLoop.processSelectedKeys(NioEventLoop.java:496)
	at org.apache.ratis.thirdparty.io.netty.channel.nio.NioEventLoop.run(NioEventLoop.java:458)
	at org.apache.ratis.thirdparty.io.netty.util.concurrent.SingleThreadEventExecutor$5.run(SingleThreadEventExecutor.java:897)
	at org.apache.ratis.thirdparty.io.netty.util.concurrent.FastThreadLocalRunnable.run(FastThreadLocalRunnable.java:30)
	... 1 more
Caused by: java.net.ConnectException: Connection refused
	... 11 more
2019-09-30 14:06:26,796 [9a44d653-00bd-4d36-9573-853dfaad290c@group-370197AEC399:LeaderElection76] INFO  impl.RaftServerImpl (RaftServerImpl.java:setRole(174)) - 9a44d653-00bd-4d36-9573-853dfaad290c@group-370197AEC399: changes role from CANDIDATE to FOLLOWER at term 2 for DISCOVERED_A_NEW_TERM
2019-09-30 14:06:26,797 [9a44d653-00bd-4d36-9573-853dfaad290c@group-370197AEC399:LeaderElection76] INFO  impl.RoleInfo (RoleInfo.java:shutdownLeaderElection(134)) - 9a44d653-00bd-4d36-9573-853dfaad290c: shutdown LeaderElection
2019-09-30 14:06:26,797 [9a44d653-00bd-4d36-9573-853dfaad290c@group-370197AEC399:LeaderElection76] INFO  impl.RoleInfo (RoleInfo.java:updateAndGet(143)) - 9a44d653-00bd-4d36-9573-853dfaad290c: start FollowerState
2019-09-30 14:06:26,808 [28e68ed4-4b03-4e16-97ee-efd5dab342dd@group-370197AEC399:LeaderElection77] INFO  impl.LeaderElection (LeaderElection.java:askForVotes(182)) - 28e68ed4-4b03-4e16-97ee-efd5dab342dd@group-370197AEC399:LeaderElection77: begin an election at term 3 for 0: [9a44d653-00bd-4d36-9573-853dfaad290c:192.168.164.197:38329, 4938c74e-7433-4b31-a410-a11afbc45738:192.168.164.197:34921, 28e68ed4-4b03-4e16-97ee-efd5dab342dd:192.168.164.197:41050], old=null
2019-09-30 14:06:26,811 [28e68ed4-4b03-4e16-97ee-efd5dab342dd@group-370197AEC399:LeaderElection77] INFO  impl.LeaderElection (LeaderElection.java:logAndReturn(56)) - 28e68ed4-4b03-4e16-97ee-efd5dab342dd@group-370197AEC399:LeaderElection77: Election REJECTED; received 0 response(s) [] and 0 exception(s); 28e68ed4-4b03-4e16-97ee-efd5dab342dd@group-370197AEC399:t3, leader=null, voted=28e68ed4-4b03-4e16-97ee-efd5dab342dd, raftlog=28e68ed4-4b03-4e16-97ee-efd5dab342dd@group-370197AEC399-SegmentedRaftLog:OPENED:c16,f16,i16, conf=0: [9a44d653-00bd-4d36-9573-853dfaad290c:192.168.164.197:38329, 4938c74e-7433-4b31-a410-a11afbc45738:192.168.164.197:34921, 28e68ed4-4b03-4e16-97ee-efd5dab342dd:192.168.164.197:41050], old=null
2019-09-30 14:06:26,814 [grpc-default-executor-10] INFO  impl.RaftServerImpl (RaftServerImpl.java:setRole(174)) - 9a44d653-00bd-4d36-9573-853dfaad290c@group-370197AEC399: changes role from  FOLLOWER to FOLLOWER at term 3 for recognizeCandidate:28e68ed4-4b03-4e16-97ee-efd5dab342dd
2019-09-30 14:06:26,814 [grpc-default-executor-10] INFO  impl.RoleInfo (RoleInfo.java:shutdownFollowerState(121)) - 9a44d653-00bd-4d36-9573-853dfaad290c: shutdown FollowerState
2019-09-30 14:06:26,815 [grpc-default-executor-10] INFO  impl.RoleInfo (RoleInfo.java:updateAndGet(143)) - 9a44d653-00bd-4d36-9573-853dfaad290c: start FollowerState
2019-09-30 14:06:26,815 [Thread-3283] INFO  impl.FollowerState (FollowerState.java:run(115)) - 9a44d653-00bd-4d36-9573-853dfaad290c: FollowerState was interrupted: java.lang.InterruptedException: sleep interrupted
2019-09-30 14:06:31,878 [Thread-3286] INFO  impl.FollowerState (FollowerState.java:run(106)) - 9a44d653-00bd-4d36-9573-853dfaad290c:group-370197AEC399 changes to CANDIDATE, lastRpcTime:5063, electionTimeout:5058ms
2019-09-30 14:06:31,879 [Thread-3286] INFO  impl.RoleInfo (RoleInfo.java:shutdownFollowerState(121)) - 9a44d653-00bd-4d36-9573-853dfaad290c: shutdown FollowerState
2019-09-30 14:06:31,879 [Thread-3286] INFO  impl.RaftServerImpl (RaftServerImpl.java:setRole(174)) - 9a44d653-00bd-4d36-9573-853dfaad290c@group-370197AEC399: changes role from  FOLLOWER to CANDIDATE at term 3 for changeToCandidate
2019-09-30 14:06:31,880 [Thread-3286] INFO  impl.RoleInfo (RoleInfo.java:updateAndGet(143)) - 9a44d653-00bd-4d36-9573-853dfaad290c: start LeaderElection
2019-09-30 14:06:31,901 [9a44d653-00bd-4d36-9573-853dfaad290c@group-370197AEC399:LeaderElection78] INFO  impl.LeaderElection (LeaderElection.java:askForVotes(182)) - 9a44d653-00bd-4d36-9573-853dfaad290c@group-370197AEC399:LeaderElection78: begin an election at term 4 for 0: [9a44d653-00bd-4d36-9573-853dfaad290c:192.168.164.197:38329, 4938c74e-7433-4b31-a410-a11afbc45738:192.168.164.197:34921, 28e68ed4-4b03-4e16-97ee-efd5dab342dd:192.168.164.197:41050], old=null
2019-09-30 14:06:31,903 [9a44d653-00bd-4d36-9573-853dfaad290c@group-370197AEC399:LeaderElection78] INFO  impl.LeaderElection (LogUtils.java:infoOrTrace(149)) - 9a44d653-00bd-4d36-9573-853dfaad290c@group-370197AEC399:LeaderElection78 got exception when requesting votes: {}
java.util.concurrent.ExecutionException: org.apache.ratis.thirdparty.io.grpc.StatusRuntimeException: UNAVAILABLE: io exception
	at java.util.concurrent.FutureTask.report(FutureTask.java:122)
	at java.util.concurrent.FutureTask.get(FutureTask.java:192)
	at org.apache.ratis.server.impl.LeaderElection.waitForResults(LeaderElection.java:263)
	at org.apache.ratis.server.impl.LeaderElection.askForVotes(LeaderElection.java:201)
	at org.apache.ratis.server.impl.LeaderElection.run(LeaderElection.java:133)
	at java.lang.Thread.run(Thread.java:748)
Caused by: org.apache.ratis.thirdparty.io.grpc.StatusRuntimeException: UNAVAILABLE: io exception
	at org.apache.ratis.thirdparty.io.grpc.stub.ClientCalls.toStatusRuntimeException(ClientCalls.java:233)
	at org.apache.ratis.thirdparty.io.grpc.stub.ClientCalls.getUnchecked(ClientCalls.java:214)
	at org.apache.ratis.thirdparty.io.grpc.stub.ClientCalls.blockingUnaryCall(ClientCalls.java:139)
	at org.apache.ratis.proto.grpc.RaftServerProtocolServiceGrpc$RaftServerProtocolServiceBlockingStub.requestVote(RaftServerProtocolServiceGrpc.java:265)
	at org.apache.ratis.grpc.server.GrpcServerProtocolClient.requestVote(GrpcServerProtocolClient.java:90)
	at org.apache.ratis.grpc.server.GrpcService.requestVote(GrpcService.java:204)
	at org.apache.ratis.server.impl.LeaderElection.lambda$submitRequests$1(LeaderElection.java:238)
	at java.util.concurrent.FutureTask.run(FutureTask.java:266)
	at java.util.concurrent.Executors$RunnableAdapter.call(Executors.java:511)
	at java.util.concurrent.FutureTask.run(FutureTask.java:266)
	at java.util.concurrent.ThreadPoolExecutor.runWorker(ThreadPoolExecutor.java:1149)
	at java.util.concurrent.ThreadPoolExecutor$Worker.run(ThreadPoolExecutor.java:624)
	... 1 more
Caused by: org.apache.ratis.thirdparty.io.netty.channel.AbstractChannel$AnnotatedConnectException: Connection refused: /192.168.164.197:34921
	at sun.nio.ch.SocketChannelImpl.checkConnect(Native Method)
	at sun.nio.ch.SocketChannelImpl.finishConnect(SocketChannelImpl.java:717)
	at org.apache.ratis.thirdparty.io.netty.channel.socket.nio.NioSocketChannel.doFinishConnect(NioSocketChannel.java:327)
	at org.apache.ratis.thirdparty.io.netty.channel.nio.AbstractNioChannel$AbstractNioUnsafe.finishConnect(AbstractNioChannel.java:340)
	at org.apache.ratis.thirdparty.io.netty.channel.nio.NioEventLoop.processSelectedKey(NioEventLoop.java:632)
	at org.apache.ratis.thirdparty.io.netty.channel.nio.NioEventLoop.processSelectedKeysOptimized(NioEventLoop.java:579)
	at org.apache.ratis.thirdparty.io.netty.channel.nio.NioEventLoop.processSelectedKeys(NioEventLoop.java:496)
	at org.apache.ratis.thirdparty.io.netty.channel.nio.NioEventLoop.run(NioEventLoop.java:458)
	at org.apache.ratis.thirdparty.io.netty.util.concurrent.SingleThreadEventExecutor$5.run(SingleThreadEventExecutor.java:897)
	at org.apache.ratis.thirdparty.io.netty.util.concurrent.FastThreadLocalRunnable.run(FastThreadLocalRunnable.java:30)
	... 1 more
Caused by: java.net.ConnectException: Connection refused
	... 11 more
2019-09-30 14:06:31,906 [grpc-default-executor-1] INFO  impl.RaftServerImpl (RaftServerImpl.java:setRole(174)) - 28e68ed4-4b03-4e16-97ee-efd5dab342dd@group-370197AEC399: changes role from  FOLLOWER to FOLLOWER at term 4 for recognizeCandidate:9a44d653-00bd-4d36-9573-853dfaad290c
2019-09-30 14:06:31,906 [grpc-default-executor-1] INFO  impl.RoleInfo (RoleInfo.java:shutdownFollowerState(121)) - 28e68ed4-4b03-4e16-97ee-efd5dab342dd: shutdown FollowerState
2019-09-30 14:06:31,907 [grpc-default-executor-1] INFO  impl.RoleInfo (RoleInfo.java:updateAndGet(143)) - 28e68ed4-4b03-4e16-97ee-efd5dab342dd: start FollowerState
2019-09-30 14:06:31,907 [Thread-3282] INFO  impl.FollowerState (FollowerState.java:run(115)) - 28e68ed4-4b03-4e16-97ee-efd5dab342dd: FollowerState was interrupted: java.lang.InterruptedException: sleep interrupted
2019-09-30 14:06:31,923 [9a44d653-00bd-4d36-9573-853dfaad290c@group-370197AEC399:LeaderElection78] INFO  impl.LeaderElection (LeaderElection.java:logAndReturn(56)) - 9a44d653-00bd-4d36-9573-853dfaad290c@group-370197AEC399:LeaderElection78: Election PASSED; received 1 response(s) [9a44d653-00bd-4d36-9573-853dfaad290c<-28e68ed4-4b03-4e16-97ee-efd5dab342dd#0:OK-t4] and 1 exception(s); 9a44d653-00bd-4d36-9573-853dfaad290c@group-370197AEC399:t4, leader=null, voted=9a44d653-00bd-4d36-9573-853dfaad290c, raftlog=9a44d653-00bd-4d36-9573-853dfaad290c@group-370197AEC399-SegmentedRaftLog:OPENED:c16,f16,i16, conf=0: [9a44d653-00bd-4d36-9573-853dfaad290c:192.168.164.197:38329, 4938c74e-7433-4b31-a410-a11afbc45738:192.168.164.197:34921, 28e68ed4-4b03-4e16-97ee-efd5dab342dd:192.168.164.197:41050], old=null
2019-09-30 14:06:31,924 [9a44d653-00bd-4d36-9573-853dfaad290c@group-370197AEC399:LeaderElection78] INFO  impl.LeaderElection (LogUtils.java:infoOrTrace(149)) -   Exception 0: {}
java.util.concurrent.ExecutionException: org.apache.ratis.thirdparty.io.grpc.StatusRuntimeException: UNAVAILABLE: io exception
	at java.util.concurrent.FutureTask.report(FutureTask.java:122)
	at java.util.concurrent.FutureTask.get(FutureTask.java:192)
	at org.apache.ratis.server.impl.LeaderElection.waitForResults(LeaderElection.java:263)
	at org.apache.ratis.server.impl.LeaderElection.askForVotes(LeaderElection.java:201)
	at org.apache.ratis.server.impl.LeaderElection.run(LeaderElection.java:133)
	at java.lang.Thread.run(Thread.java:748)
Caused by: org.apache.ratis.thirdparty.io.grpc.StatusRuntimeException: UNAVAILABLE: io exception
	at org.apache.ratis.thirdparty.io.grpc.stub.ClientCalls.toStatusRuntimeException(ClientCalls.java:233)
	at org.apache.ratis.thirdparty.io.grpc.stub.ClientCalls.getUnchecked(ClientCalls.java:214)
	at org.apache.ratis.thirdparty.io.grpc.stub.ClientCalls.blockingUnaryCall(ClientCalls.java:139)
	at org.apache.ratis.proto.grpc.RaftServerProtocolServiceGrpc$RaftServerProtocolServiceBlockingStub.requestVote(RaftServerProtocolServiceGrpc.java:265)
	at org.apache.ratis.grpc.server.GrpcServerProtocolClient.requestVote(GrpcServerProtocolClient.java:90)
	at org.apache.ratis.grpc.server.GrpcService.requestVote(GrpcService.java:204)
	at org.apache.ratis.server.impl.LeaderElection.lambda$submitRequests$1(LeaderElection.java:238)
	at java.util.concurrent.FutureTask.run(FutureTask.java:266)
	at java.util.concurrent.Executors$RunnableAdapter.call(Executors.java:511)
	at java.util.concurrent.FutureTask.run(FutureTask.java:266)
	at java.util.concurrent.ThreadPoolExecutor.runWorker(ThreadPoolExecutor.java:1149)
	at java.util.concurrent.ThreadPoolExecutor$Worker.run(ThreadPoolExecutor.java:624)
	... 1 more
Caused by: org.apache.ratis.thirdparty.io.netty.channel.AbstractChannel$AnnotatedConnectException: Connection refused: /192.168.164.197:34921
	at sun.nio.ch.SocketChannelImpl.checkConnect(Native Method)
	at sun.nio.ch.SocketChannelImpl.finishConnect(SocketChannelImpl.java:717)
	at org.apache.ratis.thirdparty.io.netty.channel.socket.nio.NioSocketChannel.doFinishConnect(NioSocketChannel.java:327)
	at org.apache.ratis.thirdparty.io.netty.channel.nio.AbstractNioChannel$AbstractNioUnsafe.finishConnect(AbstractNioChannel.java:340)
	at org.apache.ratis.thirdparty.io.netty.channel.nio.NioEventLoop.processSelectedKey(NioEventLoop.java:632)
	at org.apache.ratis.thirdparty.io.netty.channel.nio.NioEventLoop.processSelectedKeysOptimized(NioEventLoop.java:579)
	at org.apache.ratis.thirdparty.io.netty.channel.nio.NioEventLoop.processSelectedKeys(NioEventLoop.java:496)
	at org.apache.ratis.thirdparty.io.netty.channel.nio.NioEventLoop.run(NioEventLoop.java:458)
	at org.apache.ratis.thirdparty.io.netty.util.concurrent.SingleThreadEventExecutor$5.run(SingleThreadEventExecutor.java:897)
	at org.apache.ratis.thirdparty.io.netty.util.concurrent.FastThreadLocalRunnable.run(FastThreadLocalRunnable.java:30)
	... 1 more
Caused by: java.net.ConnectException: Connection refused
	... 11 more
2019-09-30 14:06:31,924 [9a44d653-00bd-4d36-9573-853dfaad290c@group-370197AEC399:LeaderElection78] INFO  impl.RoleInfo (RoleInfo.java:shutdownLeaderElection(134)) - 9a44d653-00bd-4d36-9573-853dfaad290c: shutdown LeaderElection
2019-09-30 14:06:31,924 [9a44d653-00bd-4d36-9573-853dfaad290c@group-370197AEC399:LeaderElection78] INFO  impl.RaftServerImpl (RaftServerImpl.java:setRole(174)) - 9a44d653-00bd-4d36-9573-853dfaad290c@group-370197AEC399: changes role from CANDIDATE to LEADER at term 4 for changeToLeader
2019-09-30 14:06:31,924 [9a44d653-00bd-4d36-9573-853dfaad290c@group-370197AEC399:LeaderElection78] INFO  impl.RaftServerImpl (ServerState.java:setLeader(253)) - 9a44d653-00bd-4d36-9573-853dfaad290c@group-370197AEC399: change Leader from null to 9a44d653-00bd-4d36-9573-853dfaad290c at term 4 for becomeLeader, leader elected after 5169ms
2019-09-30 14:06:31,924 [9a44d653-00bd-4d36-9573-853dfaad290c@group-370197AEC399:LeaderElection78] INFO  server.RaftServerConfigKeys (ConfUtils.java:logGet(43)) - raft.server.staging.catchup.gap = 1000 (default)
2019-09-30 14:06:31,925 [9a44d653-00bd-4d36-9573-853dfaad290c@group-370197AEC399:LeaderElection78] INFO  server.RaftServerConfigKeys (ConfUtils.java:logGet(43)) - raft.server.rpc.sleep.time = 25ms (default)
2019-09-30 14:06:31,925 [9a44d653-00bd-4d36-9573-853dfaad290c@group-370197AEC399:LeaderElection78] INFO  server.RaftServerConfigKeys (ConfUtils.java:logGet(43)) - raft.server.write.element-limit = 4096 (default)
2019-09-30 14:06:31,925 [9a44d653-00bd-4d36-9573-853dfaad290c@group-370197AEC399:LeaderElection78] INFO  server.RaftServerConfigKeys (ConfUtils.java:logGet(43)) - raft.server.watch.timeout = 10s (default)
2019-09-30 14:06:31,925 [9a44d653-00bd-4d36-9573-853dfaad290c@group-370197AEC399:LeaderElection78] INFO  server.RaftServerConfigKeys (ConfUtils.java:logGet(43)) - raft.server.watch.timeout.denomination = 1s (default)
2019-09-30 14:06:31,925 [9a44d653-00bd-4d36-9573-853dfaad290c@group-370197AEC399:LeaderElection78] INFO  server.RaftServerConfigKeys (ConfUtils.java:logGet(43)) - raft.server.watch.element-limit = 65536 (default)
2019-09-30 14:06:31,928 [9a44d653-00bd-4d36-9573-853dfaad290c@group-370197AEC399:LeaderElection78] INFO  server.RaftServerConfigKeys (ConfUtils.java:logGet(43)) - raft.server.log.appender.snapshot.chunk.size.max = 16MB (=16777216) (default)
2019-09-30 14:06:31,929 [9a44d653-00bd-4d36-9573-853dfaad290c@group-370197AEC399:LeaderElection78] INFO  server.RaftServerConfigKeys (ConfUtils.java:logGet(43)) - raft.server.log.appender.buffer.byte-limit = 33554432 (custom)
2019-09-30 14:06:31,929 [9a44d653-00bd-4d36-9573-853dfaad290c@group-370197AEC399:LeaderElection78] INFO  server.RaftServerConfigKeys (ConfUtils.java:logGet(43)) - raft.server.log.appender.buffer.element-limit = 1 (custom)
2019-09-30 14:06:31,929 [9a44d653-00bd-4d36-9573-853dfaad290c@group-370197AEC399:LeaderElection78] INFO  grpc.GrpcConfigKeys$Server (ConfUtils.java:logGet(43)) - raft.grpc.server.leader.outstanding.appends.max = 128 (default)
2019-09-30 14:06:31,929 [9a44d653-00bd-4d36-9573-853dfaad290c@group-370197AEC399:LeaderElection78] INFO  server.RaftServerConfigKeys (ConfUtils.java:logGet(43)) - raft.server.rpc.request.timeout = 3000ms (default)
2019-09-30 14:06:31,929 [9a44d653-00bd-4d36-9573-853dfaad290c@group-370197AEC399:LeaderElection78] INFO  server.RaftServerConfigKeys (ConfUtils.java:logGet(43)) - raft.server.log.appender.install.snapshot.enabled = false (custom)
2019-09-30 14:06:31,929 [9a44d653-00bd-4d36-9573-853dfaad290c@group-370197AEC399:LeaderElection78] INFO  server.RaftServerConfigKeys (ConfUtils.java:logGet(43)) - raft.server.log.appender.snapshot.chunk.size.max = 16MB (=16777216) (default)
2019-09-30 14:06:31,930 [9a44d653-00bd-4d36-9573-853dfaad290c@group-370197AEC399:LeaderElection78] INFO  server.RaftServerConfigKeys (ConfUtils.java:logGet(43)) - raft.server.log.appender.buffer.byte-limit = 33554432 (custom)
2019-09-30 14:06:31,930 [9a44d653-00bd-4d36-9573-853dfaad290c@group-370197AEC399:LeaderElection78] INFO  server.RaftServerConfigKeys (ConfUtils.java:logGet(43)) - raft.server.log.appender.buffer.element-limit = 1 (custom)
2019-09-30 14:06:31,930 [9a44d653-00bd-4d36-9573-853dfaad290c@group-370197AEC399:LeaderElection78] INFO  grpc.GrpcConfigKeys$Server (ConfUtils.java:logGet(43)) - raft.grpc.server.leader.outstanding.appends.max = 128 (default)
2019-09-30 14:06:31,930 [9a44d653-00bd-4d36-9573-853dfaad290c@group-370197AEC399:LeaderElection78] INFO  server.RaftServerConfigKeys (ConfUtils.java:logGet(43)) - raft.server.rpc.request.timeout = 3000ms (default)
2019-09-30 14:06:31,930 [9a44d653-00bd-4d36-9573-853dfaad290c@group-370197AEC399:LeaderElection78] INFO  server.RaftServerConfigKeys (ConfUtils.java:logGet(43)) - raft.server.log.appender.install.snapshot.enabled = false (custom)
2019-09-30 14:06:31,930 [9a44d653-00bd-4d36-9573-853dfaad290c@group-370197AEC399:LeaderElection78] INFO  impl.RoleInfo (RoleInfo.java:updateAndGet(143)) - 9a44d653-00bd-4d36-9573-853dfaad290c: start LeaderState
2019-09-30 14:06:31,931 [9a44d653-00bd-4d36-9573-853dfaad290c@group-370197AEC399:LeaderElection78] INFO  segmented.SegmentedRaftLogWorker (SegmentedRaftLogWorker.java:rollLogSegment(385)) - 9a44d653-00bd-4d36-9573-853dfaad290c@group-370197AEC399-SegmentedRaftLogWorker: Rolling segment log-0_16 to index:16
2019-09-30 14:06:31,935 [9a44d653-00bd-4d36-9573-853dfaad290c@group-370197AEC399:LeaderElection78] INFO  impl.RaftServerImpl (ServerState.java:setRaftConf(354)) - 9a44d653-00bd-4d36-9573-853dfaad290c@group-370197AEC399: set configuration 17: [9a44d653-00bd-4d36-9573-853dfaad290c:192.168.164.197:38329, 4938c74e-7433-4b31-a410-a11afbc45738:192.168.164.197:34921, 28e68ed4-4b03-4e16-97ee-efd5dab342dd:192.168.164.197:41050], old=null at 17
2019-09-30 14:06:31,935 [grpc-default-executor-1] WARN  server.GrpcLogAppender (LogUtils.java:warn(134)) - 9a44d653-00bd-4d36-9573-853dfaad290c@group-370197AEC399->4938c74e-7433-4b31-a410-a11afbc45738-AppendLogResponseHandler: Failed appendEntries: org.apache.ratis.thirdparty.io.grpc.StatusRuntimeException: UNAVAILABLE: io exception
2019-09-30 14:06:31,938 [grpc-default-executor-1] INFO  impl.FollowerInfo (FollowerInfo.java:lambda$new$0(51)) - 9a44d653-00bd-4d36-9573-853dfaad290c@group-370197AEC399->4938c74e-7433-4b31-a410-a11afbc45738: nextIndex: updateUnconditionally 17 -> 1
2019-09-30 14:06:31,938 [grpc-default-executor-10] INFO  impl.RaftServerImpl (ServerState.java:setLeader(253)) - 28e68ed4-4b03-4e16-97ee-efd5dab342dd@group-370197AEC399: change Leader from null to 9a44d653-00bd-4d36-9573-853dfaad290c at term 4 for appendEntries, leader elected after 5156ms
2019-09-30 14:06:31,938 [9a44d653-00bd-4d36-9573-853dfaad290c@group-370197AEC399-SegmentedRaftLogWorker] INFO  segmented.SegmentedRaftLogWorker (SegmentedRaftLogWorker.java:execute(526)) - 9a44d653-00bd-4d36-9573-853dfaad290c@group-370197AEC399-SegmentedRaftLogWorker: Rolled log segment from /workdir/hadoop-ozone/integration-test/target/test-dir/MiniOzoneClusterImpl-8b753bf4-8e52-47bf-b887-5f8f577e75fc/datanode-6/data/ratis/1077803d-adae-4cb1-afcd-370197aec399/current/log_inprogress_0 to /workdir/hadoop-ozone/integration-test/target/test-dir/MiniOzoneClusterImpl-8b753bf4-8e52-47bf-b887-5f8f577e75fc/datanode-6/data/ratis/1077803d-adae-4cb1-afcd-370197aec399/current/log_0-16
2019-09-30 14:06:31,940 [grpc-default-executor-10] INFO  impl.RaftServerImpl (ServerState.java:setRaftConf(354)) - 28e68ed4-4b03-4e16-97ee-efd5dab342dd@group-370197AEC399: set configuration 17: [9a44d653-00bd-4d36-9573-853dfaad290c:192.168.164.197:38329, 4938c74e-7433-4b31-a410-a11afbc45738:192.168.164.197:34921, 28e68ed4-4b03-4e16-97ee-efd5dab342dd:192.168.164.197:41050], old=null at 17
2019-09-30 14:06:31,940 [grpc-default-executor-10] INFO  segmented.SegmentedRaftLogWorker (SegmentedRaftLogWorker.java:rollLogSegment(385)) - 28e68ed4-4b03-4e16-97ee-efd5dab342dd@group-370197AEC399-SegmentedRaftLogWorker: Rolling segment log-0_16 to index:16
2019-09-30 14:06:31,941 [28e68ed4-4b03-4e16-97ee-efd5dab342dd@group-370197AEC399-SegmentedRaftLogWorker] INFO  segmented.SegmentedRaftLogWorker (SegmentedRaftLogWorker.java:execute(526)) - 28e68ed4-4b03-4e16-97ee-efd5dab342dd@group-370197AEC399-SegmentedRaftLogWorker: Rolled log segment from /workdir/hadoop-ozone/integration-test/target/test-dir/MiniOzoneClusterImpl-8b753bf4-8e52-47bf-b887-5f8f577e75fc/datanode-4/data/ratis/1077803d-adae-4cb1-afcd-370197aec399/current/log_inprogress_0 to /workdir/hadoop-ozone/integration-test/target/test-dir/MiniOzoneClusterImpl-8b753bf4-8e52-47bf-b887-5f8f577e75fc/datanode-4/data/ratis/1077803d-adae-4cb1-afcd-370197aec399/current/log_0-16
2019-09-30 14:06:31,967 [9a44d653-00bd-4d36-9573-853dfaad290c@group-370197AEC399-SegmentedRaftLogWorker] INFO  segmented.SegmentedRaftLogWorker (SegmentedRaftLogWorker.java:execute(569)) - 9a44d653-00bd-4d36-9573-853dfaad290c@group-370197AEC399-SegmentedRaftLogWorker: created new log segment /workdir/hadoop-ozone/integration-test/target/test-dir/MiniOzoneClusterImpl-8b753bf4-8e52-47bf-b887-5f8f577e75fc/datanode-6/data/ratis/1077803d-adae-4cb1-afcd-370197aec399/current/log_inprogress_17
2019-09-30 14:06:31,969 [28e68ed4-4b03-4e16-97ee-efd5dab342dd@group-370197AEC399-SegmentedRaftLogWorker] INFO  segmented.SegmentedRaftLogWorker (SegmentedRaftLogWorker.java:execute(569)) - 28e68ed4-4b03-4e16-97ee-efd5dab342dd@group-370197AEC399-SegmentedRaftLogWorker: created new log segment /workdir/hadoop-ozone/integration-test/target/test-dir/MiniOzoneClusterImpl-8b753bf4-8e52-47bf-b887-5f8f577e75fc/datanode-4/data/ratis/1077803d-adae-4cb1-afcd-370197aec399/current/log_inprogress_17
2019-09-30 14:06:31,994 [grpc-default-executor-12] WARN  server.GrpcLogAppender (LogUtils.java:warn(134)) - 9a44d653-00bd-4d36-9573-853dfaad290c@group-370197AEC399->4938c74e-7433-4b31-a410-a11afbc45738-AppendLogResponseHandler: Failed appendEntries: org.apache.ratis.thirdparty.io.grpc.StatusRuntimeException: UNAVAILABLE: io exception
2019-09-30 14:06:31,994 [grpc-default-executor-12] INFO  impl.FollowerInfo (FollowerInfo.java:lambda$new$0(51)) - 9a44d653-00bd-4d36-9573-853dfaad290c@group-370197AEC399->4938c74e-7433-4b31-a410-a11afbc45738: nextIndex: updateUnconditionally 2 -> 1
14:06:32.288 [grpc-default-executor-12] ERROR DNAudit - user=null | ip=null | op=WRITE_CHUNK {blockData=conID: 1 locID: 102881844679933966 bcsId: 14} | ret=FAILURE
org.apache.hadoop.hdds.scm.container.common.helpers.ContainerNotOpenException: Container 1 in CLOSING state
	at org.apache.hadoop.ozone.container.common.impl.HddsDispatcher.validateContainerCommand(HddsDispatcher.java:434) ~[hadoop-hdds-container-service-0.5.0-SNAPSHOT.jar:?]
	at org.apache.hadoop.ozone.container.common.transport.server.ratis.ContainerStateMachine.startTransaction(ContainerStateMachine.java:315) ~[hadoop-hdds-container-service-0.5.0-SNAPSHOT.jar:?]
	at org.apache.ratis.server.impl.RaftServerImpl.submitClientRequestAsync(RaftServerImpl.java:573) ~[ratis-server-0.4.0.jar:0.4.0]
	at org.apache.ratis.server.impl.RaftServerProxy.lambda$submitClientRequestAsync$7(RaftServerProxy.java:333) ~[ratis-server-0.4.0.jar:0.4.0]
	at org.apache.ratis.server.impl.RaftServerProxy.lambda$null$5(RaftServerProxy.java:328) ~[ratis-server-0.4.0.jar:0.4.0]
	at org.apache.ratis.util.JavaUtils.callAsUnchecked(JavaUtils.java:109) ~[ratis-common-0.4.0.jar:0.4.0]
	at org.apache.ratis.server.impl.RaftServerProxy.lambda$submitRequest$6(RaftServerProxy.java:328) ~[ratis-server-0.4.0.jar:0.4.0]
	at java.util.concurrent.CompletableFuture.uniComposeStage(CompletableFuture.java:981) ~[?:1.8.0_212]
	at java.util.concurrent.CompletableFuture.thenCompose(CompletableFuture.java:2124) ~[?:1.8.0_212]
	at org.apache.ratis.server.impl.RaftServerProxy.submitRequest(RaftServerProxy.java:327) ~[ratis-server-0.4.0.jar:0.4.0]
	at org.apache.ratis.server.impl.RaftServerProxy.submitClientRequestAsync(RaftServerProxy.java:333) ~[ratis-server-0.4.0.jar:0.4.0]
	at org.apache.ratis.grpc.client.GrpcClientProtocolService$RequestStreamObserver.processClientRequest(GrpcClientProtocolService.java:220) ~[ratis-grpc-0.4.0.jar:0.4.0]
	at org.apache.ratis.grpc.client.GrpcClientProtocolService$OrderedRequestStreamObserver.processClientRequest(GrpcClientProtocolService.java:326) ~[ratis-grpc-0.4.0.jar:0.4.0]
	at org.apache.ratis.util.SlidingWindow$Server.processRequestsFromHead(SlidingWindow.java:429) [ratis-common-0.4.0.jar:0.4.0]
	at org.apache.ratis.util.SlidingWindow$Server.receivedRequest(SlidingWindow.java:421) [ratis-common-0.4.0.jar:0.4.0]
	at org.apache.ratis.grpc.client.GrpcClientProtocolService$OrderedRequestStreamObserver.processClientRequest(GrpcClientProtocolService.java:345) [ratis-grpc-0.4.0.jar:0.4.0]
	at org.apache.ratis.grpc.client.GrpcClientProtocolService$RequestStreamObserver.onNext(GrpcClientProtocolService.java:240) [ratis-grpc-0.4.0.jar:0.4.0]
	at org.apache.ratis.grpc.client.GrpcClientProtocolService$RequestStreamObserver.onNext(GrpcClientProtocolService.java:168) [ratis-grpc-0.4.0.jar:0.4.0]
	at org.apache.ratis.thirdparty.io.grpc.stub.ServerCalls$StreamingServerCallHandler$StreamingServerCallListener.onMessage(ServerCalls.java:248) [ratis-thirdparty-misc-0.2.0.jar:0.2.0]
	at org.apache.ratis.thirdparty.io.grpc.internal.ServerCallImpl$ServerStreamListenerImpl.messagesAvailable(ServerCallImpl.java:263) [ratis-thirdparty-misc-0.2.0.jar:0.2.0]
	at org.apache.ratis.thirdparty.io.grpc.internal.ServerImpl$JumpToApplicationThreadServerStreamListener$1MessagesAvailable.runInContext(ServerImpl.java:686) [ratis-thirdparty-misc-0.2.0.jar:0.2.0]
	at org.apache.ratis.thirdparty.io.grpc.internal.ContextRunnable.run(ContextRunnable.java:37) [ratis-thirdparty-misc-0.2.0.jar:0.2.0]
	at org.apache.ratis.thirdparty.io.grpc.internal.SerializingExecutor.run(SerializingExecutor.java:123) [ratis-thirdparty-misc-0.2.0.jar:0.2.0]
	at java.util.concurrent.ThreadPoolExecutor.runWorker(ThreadPoolExecutor.java:1149) [?:1.8.0_212]
	at java.util.concurrent.ThreadPoolExecutor$Worker.run(ThreadPoolExecutor.java:624) [?:1.8.0_212]
	at java.lang.Thread.run(Thread.java:748) [?:1.8.0_212]
14:06:32.298 [grpc-default-executor-10] ERROR DNAudit - user=null | ip=null | op=WRITE_CHUNK {blockData=conID: 1 locID: 102881844679933966 bcsId: 14} | ret=FAILURE
org.apache.hadoop.hdds.scm.container.common.helpers.ContainerNotOpenException: Container 1 in CLOSING state
	at org.apache.hadoop.ozone.container.common.impl.HddsDispatcher.validateContainerCommand(HddsDispatcher.java:434) ~[hadoop-hdds-container-service-0.5.0-SNAPSHOT.jar:?]
	at org.apache.hadoop.ozone.container.common.transport.server.ratis.ContainerStateMachine.startTransaction(ContainerStateMachine.java:315) ~[hadoop-hdds-container-service-0.5.0-SNAPSHOT.jar:?]
	at org.apache.ratis.server.impl.RaftServerImpl.submitClientRequestAsync(RaftServerImpl.java:573) ~[ratis-server-0.4.0.jar:0.4.0]
	at org.apache.ratis.server.impl.RaftServerProxy.lambda$submitClientRequestAsync$7(RaftServerProxy.java:333) ~[ratis-server-0.4.0.jar:0.4.0]
	at org.apache.ratis.server.impl.RaftServerProxy.lambda$null$5(RaftServerProxy.java:328) ~[ratis-server-0.4.0.jar:0.4.0]
	at org.apache.ratis.util.JavaUtils.callAsUnchecked(JavaUtils.java:109) ~[ratis-common-0.4.0.jar:0.4.0]
	at org.apache.ratis.server.impl.RaftServerProxy.lambda$submitRequest$6(RaftServerProxy.java:328) ~[ratis-server-0.4.0.jar:0.4.0]
	at java.util.concurrent.CompletableFuture.uniComposeStage(CompletableFuture.java:981) ~[?:1.8.0_212]
	at java.util.concurrent.CompletableFuture.thenCompose(CompletableFuture.java:2124) ~[?:1.8.0_212]
	at org.apache.ratis.server.impl.RaftServerProxy.submitRequest(RaftServerProxy.java:327) ~[ratis-server-0.4.0.jar:0.4.0]
	at org.apache.ratis.server.impl.RaftServerProxy.submitClientRequestAsync(RaftServerProxy.java:333) ~[ratis-server-0.4.0.jar:0.4.0]
	at org.apache.ratis.grpc.client.GrpcClientProtocolService$RequestStreamObserver.processClientRequest(GrpcClientProtocolService.java:220) ~[ratis-grpc-0.4.0.jar:0.4.0]
	at org.apache.ratis.grpc.client.GrpcClientProtocolService$OrderedRequestStreamObserver.processClientRequest(GrpcClientProtocolService.java:326) ~[ratis-grpc-0.4.0.jar:0.4.0]
	at org.apache.ratis.util.SlidingWindow$Server.processRequestsFromHead(SlidingWindow.java:429) [ratis-common-0.4.0.jar:0.4.0]
	at org.apache.ratis.util.SlidingWindow$Server.receivedRequest(SlidingWindow.java:421) [ratis-common-0.4.0.jar:0.4.0]
	at org.apache.ratis.grpc.client.GrpcClientProtocolService$OrderedRequestStreamObserver.processClientRequest(GrpcClientProtocolService.java:345) [ratis-grpc-0.4.0.jar:0.4.0]
	at org.apache.ratis.grpc.client.GrpcClientProtocolService$RequestStreamObserver.onNext(GrpcClientProtocolService.java:240) [ratis-grpc-0.4.0.jar:0.4.0]
	at org.apache.ratis.grpc.client.GrpcClientProtocolService$RequestStreamObserver.onNext(GrpcClientProtocolService.java:168) [ratis-grpc-0.4.0.jar:0.4.0]
	at org.apache.ratis.thirdparty.io.grpc.stub.ServerCalls$StreamingServerCallHandler$StreamingServerCallListener.onMessage(ServerCalls.java:248) [ratis-thirdparty-misc-0.2.0.jar:0.2.0]
	at org.apache.ratis.thirdparty.io.grpc.internal.ServerCallImpl$ServerStreamListenerImpl.messagesAvailable(ServerCallImpl.java:263) [ratis-thirdparty-misc-0.2.0.jar:0.2.0]
	at org.apache.ratis.thirdparty.io.grpc.internal.ServerImpl$JumpToApplicationThreadServerStreamListener$1MessagesAvailable.runInContext(ServerImpl.java:686) [ratis-thirdparty-misc-0.2.0.jar:0.2.0]
	at org.apache.ratis.thirdparty.io.grpc.internal.ContextRunnable.run(ContextRunnable.java:37) [ratis-thirdparty-misc-0.2.0.jar:0.2.0]
	at org.apache.ratis.thirdparty.io.grpc.internal.SerializingExecutor.run(SerializingExecutor.java:123) [ratis-thirdparty-misc-0.2.0.jar:0.2.0]
	at java.util.concurrent.ThreadPoolExecutor.runWorker(ThreadPoolExecutor.java:1149) [?:1.8.0_212]
	at java.util.concurrent.ThreadPoolExecutor$Worker.run(ThreadPoolExecutor.java:624) [?:1.8.0_212]
	at java.lang.Thread.run(Thread.java:748) [?:1.8.0_212]
14:06:32.300 [grpc-default-executor-10] ERROR DNAudit - user=null | ip=null | op=PUT_BLOCK {blockData=[blockId=conID: 1 locID: 102881844679933966 bcsId: 0,size=650]} | ret=FAILURE
org.apache.hadoop.hdds.scm.container.common.helpers.ContainerNotOpenException: Container 1 in CLOSING state
	at org.apache.hadoop.ozone.container.common.impl.HddsDispatcher.validateContainerCommand(HddsDispatcher.java:434) ~[hadoop-hdds-container-service-0.5.0-SNAPSHOT.jar:?]
	at org.apache.hadoop.ozone.container.common.transport.server.ratis.ContainerStateMachine.startTransaction(ContainerStateMachine.java:315) ~[hadoop-hdds-container-service-0.5.0-SNAPSHOT.jar:?]
	at org.apache.ratis.server.impl.RaftServerImpl.submitClientRequestAsync(RaftServerImpl.java:573) ~[ratis-server-0.4.0.jar:0.4.0]
	at org.apache.ratis.server.impl.RaftServerProxy.lambda$submitClientRequestAsync$7(RaftServerProxy.java:333) ~[ratis-server-0.4.0.jar:0.4.0]
	at org.apache.ratis.server.impl.RaftServerProxy.lambda$null$5(RaftServerProxy.java:328) ~[ratis-server-0.4.0.jar:0.4.0]
	at org.apache.ratis.util.JavaUtils.callAsUnchecked(JavaUtils.java:109) ~[ratis-common-0.4.0.jar:0.4.0]
	at org.apache.ratis.server.impl.RaftServerProxy.lambda$submitRequest$6(RaftServerProxy.java:328) ~[ratis-server-0.4.0.jar:0.4.0]
	at java.util.concurrent.CompletableFuture.uniComposeStage(CompletableFuture.java:981) ~[?:1.8.0_212]
	at java.util.concurrent.CompletableFuture.thenCompose(CompletableFuture.java:2124) ~[?:1.8.0_212]
	at org.apache.ratis.server.impl.RaftServerProxy.submitRequest(RaftServerProxy.java:327) ~[ratis-server-0.4.0.jar:0.4.0]
	at org.apache.ratis.server.impl.RaftServerProxy.submitClientRequestAsync(RaftServerProxy.java:333) ~[ratis-server-0.4.0.jar:0.4.0]
	at org.apache.ratis.grpc.client.GrpcClientProtocolService$RequestStreamObserver.processClientRequest(GrpcClientProtocolService.java:220) ~[ratis-grpc-0.4.0.jar:0.4.0]
	at org.apache.ratis.grpc.client.GrpcClientProtocolService$OrderedRequestStreamObserver.processClientRequest(GrpcClientProtocolService.java:326) ~[ratis-grpc-0.4.0.jar:0.4.0]
	at org.apache.ratis.util.SlidingWindow$Server.processRequestsFromHead(SlidingWindow.java:429) [ratis-common-0.4.0.jar:0.4.0]
	at org.apache.ratis.util.SlidingWindow$Server.receivedRequest(SlidingWindow.java:421) [ratis-common-0.4.0.jar:0.4.0]
	at org.apache.ratis.grpc.client.GrpcClientProtocolService$OrderedRequestStreamObserver.processClientRequest(GrpcClientProtocolService.java:345) [ratis-grpc-0.4.0.jar:0.4.0]
	at org.apache.ratis.grpc.client.GrpcClientProtocolService$RequestStreamObserver.onNext(GrpcClientProtocolService.java:240) [ratis-grpc-0.4.0.jar:0.4.0]
	at org.apache.ratis.grpc.client.GrpcClientProtocolService$RequestStreamObserver.onNext(GrpcClientProtocolService.java:168) [ratis-grpc-0.4.0.jar:0.4.0]
	at org.apache.ratis.thirdparty.io.grpc.stub.ServerCalls$StreamingServerCallHandler$StreamingServerCallListener.onMessage(ServerCalls.java:248) [ratis-thirdparty-misc-0.2.0.jar:0.2.0]
	at org.apache.ratis.thirdparty.io.grpc.internal.ServerCallImpl$ServerStreamListenerImpl.messagesAvailable(ServerCallImpl.java:263) [ratis-thirdparty-misc-0.2.0.jar:0.2.0]
	at org.apache.ratis.thirdparty.io.grpc.internal.ServerImpl$JumpToApplicationThreadServerStreamListener$1MessagesAvailable.runInContext(ServerImpl.java:686) [ratis-thirdparty-misc-0.2.0.jar:0.2.0]
	at org.apache.ratis.thirdparty.io.grpc.internal.ContextRunnable.run(ContextRunnable.java:37) [ratis-thirdparty-misc-0.2.0.jar:0.2.0]
	at org.apache.ratis.thirdparty.io.grpc.internal.SerializingExecutor.run(SerializingExecutor.java:123) [ratis-thirdparty-misc-0.2.0.jar:0.2.0]
	at java.util.concurrent.ThreadPoolExecutor.runWorker(ThreadPoolExecutor.java:1149) [?:1.8.0_212]
	at java.util.concurrent.ThreadPoolExecutor$Worker.run(ThreadPoolExecutor.java:624) [?:1.8.0_212]
	at java.lang.Thread.run(Thread.java:748) [?:1.8.0_212]
14:06:32.311 [grpc-default-executor-10] ERROR DNAudit - user=null | ip=null | op=WRITE_CHUNK {blockData=conID: 1 locID: 102881844679933966 bcsId: 14} | ret=FAILURE
org.apache.hadoop.hdds.scm.container.common.helpers.ContainerNotOpenException: Container 1 in CLOSING state
	at org.apache.hadoop.ozone.container.common.impl.HddsDispatcher.validateContainerCommand(HddsDispatcher.java:434) ~[hadoop-hdds-container-service-0.5.0-SNAPSHOT.jar:?]
	at org.apache.hadoop.ozone.container.common.transport.server.ratis.ContainerStateMachine.startTransaction(ContainerStateMachine.java:315) ~[hadoop-hdds-container-service-0.5.0-SNAPSHOT.jar:?]
	at org.apache.ratis.server.impl.RaftServerImpl.submitClientRequestAsync(RaftServerImpl.java:573) ~[ratis-server-0.4.0.jar:0.4.0]
	at org.apache.ratis.server.impl.RaftServerProxy.lambda$submitClientRequestAsync$7(RaftServerProxy.java:333) ~[ratis-server-0.4.0.jar:0.4.0]
	at org.apache.ratis.server.impl.RaftServerProxy.lambda$null$5(RaftServerProxy.java:328) ~[ratis-server-0.4.0.jar:0.4.0]
	at org.apache.ratis.util.JavaUtils.callAsUnchecked(JavaUtils.java:109) ~[ratis-common-0.4.0.jar:0.4.0]
	at org.apache.ratis.server.impl.RaftServerProxy.lambda$submitRequest$6(RaftServerProxy.java:328) ~[ratis-server-0.4.0.jar:0.4.0]
	at java.util.concurrent.CompletableFuture.uniComposeStage(CompletableFuture.java:981) ~[?:1.8.0_212]
	at java.util.concurrent.CompletableFuture.thenCompose(CompletableFuture.java:2124) ~[?:1.8.0_212]
	at org.apache.ratis.server.impl.RaftServerProxy.submitRequest(RaftServerProxy.java:327) ~[ratis-server-0.4.0.jar:0.4.0]
	at org.apache.ratis.server.impl.RaftServerProxy.submitClientRequestAsync(RaftServerProxy.java:333) ~[ratis-server-0.4.0.jar:0.4.0]
	at org.apache.ratis.grpc.client.GrpcClientProtocolService$RequestStreamObserver.processClientRequest(GrpcClientProtocolService.java:220) ~[ratis-grpc-0.4.0.jar:0.4.0]
	at org.apache.ratis.grpc.client.GrpcClientProtocolService$OrderedRequestStreamObserver.processClientRequest(GrpcClientProtocolService.java:326) ~[ratis-grpc-0.4.0.jar:0.4.0]
	at org.apache.ratis.util.SlidingWindow$Server.processRequestsFromHead(SlidingWindow.java:429) [ratis-common-0.4.0.jar:0.4.0]
	at org.apache.ratis.util.SlidingWindow$Server.receivedRequest(SlidingWindow.java:421) [ratis-common-0.4.0.jar:0.4.0]
	at org.apache.ratis.grpc.client.GrpcClientProtocolService$OrderedRequestStreamObserver.processClientRequest(GrpcClientProtocolService.java:345) [ratis-grpc-0.4.0.jar:0.4.0]
	at org.apache.ratis.grpc.client.GrpcClientProtocolService$RequestStreamObserver.onNext(GrpcClientProtocolService.java:240) [ratis-grpc-0.4.0.jar:0.4.0]
	at org.apache.ratis.grpc.client.GrpcClientProtocolService$RequestStreamObserver.onNext(GrpcClientProtocolService.java:168) [ratis-grpc-0.4.0.jar:0.4.0]
	at org.apache.ratis.thirdparty.io.grpc.stub.ServerCalls$StreamingServerCallHandler$StreamingServerCallListener.onMessage(ServerCalls.java:248) [ratis-thirdparty-misc-0.2.0.jar:0.2.0]
	at org.apache.ratis.thirdparty.io.grpc.internal.ServerCallImpl$ServerStreamListenerImpl.messagesAvailable(ServerCallImpl.java:263) [ratis-thirdparty-misc-0.2.0.jar:0.2.0]
	at org.apache.ratis.thirdparty.io.grpc.internal.ServerImpl$JumpToApplicationThreadServerStreamListener$1MessagesAvailable.runInContext(ServerImpl.java:686) [ratis-thirdparty-misc-0.2.0.jar:0.2.0]
	at org.apache.ratis.thirdparty.io.grpc.internal.ContextRunnable.run(ContextRunnable.java:37) [ratis-thirdparty-misc-0.2.0.jar:0.2.0]
	at org.apache.ratis.thirdparty.io.grpc.internal.SerializingExecutor.run(SerializingExecutor.java:123) [ratis-thirdparty-misc-0.2.0.jar:0.2.0]
	at java.util.concurrent.ThreadPoolExecutor.runWorker(ThreadPoolExecutor.java:1149) [?:1.8.0_212]
	at java.util.concurrent.ThreadPoolExecutor$Worker.run(ThreadPoolExecutor.java:624) [?:1.8.0_212]
	at java.lang.Thread.run(Thread.java:748) [?:1.8.0_212]
14:06:32.312 [grpc-default-executor-10] ERROR DNAudit - user=null | ip=null | op=WRITE_CHUNK {blockData=conID: 1 locID: 102881844679933966 bcsId: 14} | ret=FAILURE
org.apache.hadoop.hdds.scm.container.common.helpers.ContainerNotOpenException: Container 1 in CLOSING state
	at org.apache.hadoop.ozone.container.common.impl.HddsDispatcher.validateContainerCommand(HddsDispatcher.java:434) ~[hadoop-hdds-container-service-0.5.0-SNAPSHOT.jar:?]
	at org.apache.hadoop.ozone.container.common.transport.server.ratis.ContainerStateMachine.startTransaction(ContainerStateMachine.java:315) ~[hadoop-hdds-container-service-0.5.0-SNAPSHOT.jar:?]
	at org.apache.ratis.server.impl.RaftServerImpl.submitClientRequestAsync(RaftServerImpl.java:573) ~[ratis-server-0.4.0.jar:0.4.0]
	at org.apache.ratis.server.impl.RaftServerProxy.lambda$submitClientRequestAsync$7(RaftServerProxy.java:333) ~[ratis-server-0.4.0.jar:0.4.0]
	at org.apache.ratis.server.impl.RaftServerProxy.lambda$null$5(RaftServerProxy.java:328) ~[ratis-server-0.4.0.jar:0.4.0]
	at org.apache.ratis.util.JavaUtils.callAsUnchecked(JavaUtils.java:109) ~[ratis-common-0.4.0.jar:0.4.0]
	at org.apache.ratis.server.impl.RaftServerProxy.lambda$submitRequest$6(RaftServerProxy.java:328) ~[ratis-server-0.4.0.jar:0.4.0]
	at java.util.concurrent.CompletableFuture.uniComposeStage(CompletableFuture.java:981) ~[?:1.8.0_212]
	at java.util.concurrent.CompletableFuture.thenCompose(CompletableFuture.java:2124) ~[?:1.8.0_212]
	at org.apache.ratis.server.impl.RaftServerProxy.submitRequest(RaftServerProxy.java:327) ~[ratis-server-0.4.0.jar:0.4.0]
	at org.apache.ratis.server.impl.RaftServerProxy.submitClientRequestAsync(RaftServerProxy.java:333) ~[ratis-server-0.4.0.jar:0.4.0]
	at org.apache.ratis.grpc.client.GrpcClientProtocolService$RequestStreamObserver.processClientRequest(GrpcClientProtocolService.java:220) ~[ratis-grpc-0.4.0.jar:0.4.0]
	at org.apache.ratis.grpc.client.GrpcClientProtocolService$OrderedRequestStreamObserver.processClientRequest(GrpcClientProtocolService.java:326) ~[ratis-grpc-0.4.0.jar:0.4.0]
	at org.apache.ratis.util.SlidingWindow$Server.processRequestsFromHead(SlidingWindow.java:429) [ratis-common-0.4.0.jar:0.4.0]
	at org.apache.ratis.util.SlidingWindow$Server.receivedRequest(SlidingWindow.java:421) [ratis-common-0.4.0.jar:0.4.0]
	at org.apache.ratis.grpc.client.GrpcClientProtocolService$OrderedRequestStreamObserver.processClientRequest(GrpcClientProtocolService.java:345) [ratis-grpc-0.4.0.jar:0.4.0]
	at org.apache.ratis.grpc.client.GrpcClientProtocolService$RequestStreamObserver.onNext(GrpcClientProtocolService.java:240) [ratis-grpc-0.4.0.jar:0.4.0]
	at org.apache.ratis.grpc.client.GrpcClientProtocolService$RequestStreamObserver.onNext(GrpcClientProtocolService.java:168) [ratis-grpc-0.4.0.jar:0.4.0]
	at org.apache.ratis.thirdparty.io.grpc.stub.ServerCalls$StreamingServerCallHandler$StreamingServerCallListener.onMessage(ServerCalls.java:248) [ratis-thirdparty-misc-0.2.0.jar:0.2.0]
	at org.apache.ratis.thirdparty.io.grpc.internal.ServerCallImpl$ServerStreamListenerImpl.messagesAvailable(ServerCallImpl.java:263) [ratis-thirdparty-misc-0.2.0.jar:0.2.0]
	at org.apache.ratis.thirdparty.io.grpc.internal.ServerImpl$JumpToApplicationThreadServerStreamListener$1MessagesAvailable.runInContext(ServerImpl.java:686) [ratis-thirdparty-misc-0.2.0.jar:0.2.0]
	at org.apache.ratis.thirdparty.io.grpc.internal.ContextRunnable.run(ContextRunnable.java:37) [ratis-thirdparty-misc-0.2.0.jar:0.2.0]
	at org.apache.ratis.thirdparty.io.grpc.internal.SerializingExecutor.run(SerializingExecutor.java:123) [ratis-thirdparty-misc-0.2.0.jar:0.2.0]
	at java.util.concurrent.ThreadPoolExecutor.runWorker(ThreadPoolExecutor.java:1149) [?:1.8.0_212]
	at java.util.concurrent.ThreadPoolExecutor$Worker.run(ThreadPoolExecutor.java:624) [?:1.8.0_212]
	at java.lang.Thread.run(Thread.java:748) [?:1.8.0_212]
14:06:32.321 [grpc-default-executor-10] ERROR DNAudit - user=null | ip=null | op=PUT_BLOCK {blockData=[blockId=conID: 1 locID: 102881844679933966 bcsId: 0,size=800]} | ret=FAILURE
org.apache.hadoop.hdds.scm.container.common.helpers.ContainerNotOpenException: Container 1 in CLOSING state
	at org.apache.hadoop.ozone.container.common.impl.HddsDispatcher.validateContainerCommand(HddsDispatcher.java:434) ~[hadoop-hdds-container-service-0.5.0-SNAPSHOT.jar:?]
	at org.apache.hadoop.ozone.container.common.transport.server.ratis.ContainerStateMachine.startTransaction(ContainerStateMachine.java:315) ~[hadoop-hdds-container-service-0.5.0-SNAPSHOT.jar:?]
	at org.apache.ratis.server.impl.RaftServerImpl.submitClientRequestAsync(RaftServerImpl.java:573) ~[ratis-server-0.4.0.jar:0.4.0]
	at org.apache.ratis.server.impl.RaftServerProxy.lambda$submitClientRequestAsync$7(RaftServerProxy.java:333) ~[ratis-server-0.4.0.jar:0.4.0]
	at org.apache.ratis.server.impl.RaftServerProxy.lambda$null$5(RaftServerProxy.java:328) ~[ratis-server-0.4.0.jar:0.4.0]
	at org.apache.ratis.util.JavaUtils.callAsUnchecked(JavaUtils.java:109) ~[ratis-common-0.4.0.jar:0.4.0]
	at org.apache.ratis.server.impl.RaftServerProxy.lambda$submitRequest$6(RaftServerProxy.java:328) ~[ratis-server-0.4.0.jar:0.4.0]
	at java.util.concurrent.CompletableFuture.uniComposeStage(CompletableFuture.java:981) ~[?:1.8.0_212]
	at java.util.concurrent.CompletableFuture.thenCompose(CompletableFuture.java:2124) ~[?:1.8.0_212]
	at org.apache.ratis.server.impl.RaftServerProxy.submitRequest(RaftServerProxy.java:327) ~[ratis-server-0.4.0.jar:0.4.0]
	at org.apache.ratis.server.impl.RaftServerProxy.submitClientRequestAsync(RaftServerProxy.java:333) ~[ratis-server-0.4.0.jar:0.4.0]
	at org.apache.ratis.grpc.client.GrpcClientProtocolService$RequestStreamObserver.processClientRequest(GrpcClientProtocolService.java:220) ~[ratis-grpc-0.4.0.jar:0.4.0]
	at org.apache.ratis.grpc.client.GrpcClientProtocolService$OrderedRequestStreamObserver.processClientRequest(GrpcClientProtocolService.java:326) ~[ratis-grpc-0.4.0.jar:0.4.0]
	at org.apache.ratis.util.SlidingWindow$Server.processRequestsFromHead(SlidingWindow.java:429) [ratis-common-0.4.0.jar:0.4.0]
	at org.apache.ratis.util.SlidingWindow$Server.receivedRequest(SlidingWindow.java:421) [ratis-common-0.4.0.jar:0.4.0]
	at org.apache.ratis.grpc.client.GrpcClientProtocolService$OrderedRequestStreamObserver.processClientRequest(GrpcClientProtocolService.java:345) [ratis-grpc-0.4.0.jar:0.4.0]
	at org.apache.ratis.grpc.client.GrpcClientProtocolService$RequestStreamObserver.onNext(GrpcClientProtocolService.java:240) [ratis-grpc-0.4.0.jar:0.4.0]
	at org.apache.ratis.grpc.client.GrpcClientProtocolService$RequestStreamObserver.onNext(GrpcClientProtocolService.java:168) [ratis-grpc-0.4.0.jar:0.4.0]
	at org.apache.ratis.thirdparty.io.grpc.stub.ServerCalls$StreamingServerCallHandler$StreamingServerCallListener.onMessage(ServerCalls.java:248) [ratis-thirdparty-misc-0.2.0.jar:0.2.0]
	at org.apache.ratis.thirdparty.io.grpc.internal.ServerCallImpl$ServerStreamListenerImpl.messagesAvailable(ServerCallImpl.java:263) [ratis-thirdparty-misc-0.2.0.jar:0.2.0]
	at org.apache.ratis.thirdparty.io.grpc.internal.ServerImpl$JumpToApplicationThreadServerStreamListener$1MessagesAvailable.runInContext(ServerImpl.java:686) [ratis-thirdparty-misc-0.2.0.jar:0.2.0]
	at org.apache.ratis.thirdparty.io.grpc.internal.ContextRunnable.run(ContextRunnable.java:37) [ratis-thirdparty-misc-0.2.0.jar:0.2.0]
	at org.apache.ratis.thirdparty.io.grpc.internal.SerializingExecutor.run(SerializingExecutor.java:123) [ratis-thirdparty-misc-0.2.0.jar:0.2.0]
	at java.util.concurrent.ThreadPoolExecutor.runWorker(ThreadPoolExecutor.java:1149) [?:1.8.0_212]
	at java.util.concurrent.ThreadPoolExecutor$Worker.run(ThreadPoolExecutor.java:624) [?:1.8.0_212]
	at java.lang.Thread.run(Thread.java:748) [?:1.8.0_212]
2019-09-30 14:06:32,647 [main] INFO  ozone.MiniOzoneClusterImpl (MiniOzoneClusterImpl.java:shutdown(314)) - Shutting down the Mini Ozone Cluster
2019-09-30 14:06:32,647 [main] INFO  ozone.MiniOzoneClusterImpl (MiniOzoneClusterImpl.java:stop(330)) - Stopping the Mini Ozone Cluster
2019-09-30 14:06:32,648 [main] INFO  ozone.MiniOzoneClusterImpl (MiniOzoneClusterImpl.java:stopOM(400)) - Stopping the OzoneManager
2019-09-30 14:06:32,648 [main] INFO  ipc.Server (Server.java:stop(3082)) - Stopping server on 37495
2019-09-30 14:06:32,660 [IPC Server listener on 37495] INFO  ipc.Server (Server.java:run(1185)) - Stopping IPC Server listener on 37495
2019-09-30 14:06:32,661 [main] INFO  ratis.OzoneManagerDoubleBuffer (OzoneManagerDoubleBuffer.java:stop(248)) - Stopping OMDoubleBuffer flush thread
2019-09-30 14:06:32,670 [IPC Server Responder] INFO  ipc.Server (Server.java:run(1319)) - Stopping IPC Server Responder
2019-09-30 14:06:32,678 [OMDoubleBufferFlushThread] INFO  ratis.OzoneManagerDoubleBuffer (OzoneManagerDoubleBuffer.java:flushTransactions(191)) - OMDoubleBuffer flush thread OMDoubleBufferFlushThread is interrupted and will exit. OMDoubleBufferFlushThread
2019-09-30 14:06:32,678 [main] INFO  utils.BackgroundService (BackgroundService.java:shutdown(148)) - Shutting down service KeyDeletingService
2019-09-30 14:06:32,680 [main] INFO  handler.ContextHandler (ContextHandler.java:doStop(910)) - Stopped o.e.j.w.WebAppContext@21b51e59{/,null,UNAVAILABLE}{/ozoneManager}
2019-09-30 14:06:32,681 [main] INFO  server.AbstractConnector (AbstractConnector.java:doStop(318)) - Stopped ServerConnector@1785d194{HTTP/1.1,[http/1.1]}{0.0.0.0:0}
2019-09-30 14:06:32,681 [main] INFO  handler.ContextHandler (ContextHandler.java:doStop(910)) - Stopped o.e.j.s.ServletContextHandler@231b35fb{/static,file:///workdir/hadoop-ozone/integration-test/target/test-classes/webapps/static,UNAVAILABLE}
2019-09-30 14:06:32,682 [main] INFO  handler.ContextHandler (ContextHandler.java:doStop(910)) - Stopped o.e.j.s.ServletContextHandler@544e3679{/logs,file:///workdir/hadoop-ozone/integration-test/target/log,UNAVAILABLE}
2019-09-30 14:06:32,684 [main] INFO  ozone.MiniOzoneClusterImpl (MiniOzoneClusterImpl.java:stopDatanodes(377)) - Stopping the HddsDatanodes
2019-09-30 14:06:33,455 [Datanode State Machine Thread - 0] INFO  statemachine.DatanodeStateMachine (DatanodeStateMachine.java:lambda$startDaemon$0(350)) - Ozone container server started.
2019-09-30 14:06:33,550 [Datanode State Machine Thread - 0] INFO  statemachine.DatanodeStateMachine (DatanodeStateMachine.java:lambda$startDaemon$0(350)) - Ozone container server started.
2019-09-30 14:06:34,504 [grpc-default-executor-10] WARN  server.GrpcLogAppender (LogUtils.java:warn(134)) - 9a44d653-00bd-4d36-9573-853dfaad290c@group-370197AEC399->4938c74e-7433-4b31-a410-a11afbc45738-AppendLogResponseHandler: Failed appendEntries: org.apache.ratis.thirdparty.io.grpc.StatusRuntimeException: UNAVAILABLE: io exception
2019-09-30 14:06:34,505 [grpc-default-executor-10] INFO  impl.FollowerInfo (FollowerInfo.java:lambda$new$0(51)) - 9a44d653-00bd-4d36-9573-853dfaad290c@group-370197AEC399->4938c74e-7433-4b31-a410-a11afbc45738: nextIndex: updateUnconditionally 1 -> 0
2019-09-30 14:06:37,010 [grpc-default-executor-12] WARN  server.GrpcLogAppender (LogUtils.java:warn(134)) - 9a44d653-00bd-4d36-9573-853dfaad290c@group-370197AEC399->4938c74e-7433-4b31-a410-a11afbc45738-AppendLogResponseHandler: Failed appendEntries: org.apache.ratis.thirdparty.io.grpc.StatusRuntimeException: UNAVAILABLE: io exception
2019-09-30 14:06:37,011 [grpc-default-executor-12] INFO  impl.FollowerInfo (FollowerInfo.java:lambda$new$0(51)) - 9a44d653-00bd-4d36-9573-853dfaad290c@group-370197AEC399->4938c74e-7433-4b31-a410-a11afbc45738: nextIndex: updateUnconditionally 0 -> 0
2019-09-30 14:06:37,465 [EventQueue-StaleNodeForStaleNodeHandler] INFO  node.StaleNodeHandler (StaleNodeHandler.java:onMessage(58)) - Datanode 63d2da5d-abdc-4507-99f3-11211187d437{ip: 192.168.164.197, host: trunk-nightly-extra-20190930-74rp4-3411845215, networkLocation: /default-rack, certSerialId: null} moved to stale state. Finalizing its pipelines [PipelineID=4d69da6b-130c-46a8-8412-c17286528fd5, PipelineID=b9045580-1dfa-4658-a35f-eabf7c709d43]
2019-09-30 14:06:37,466 [EventQueue-StaleNodeForStaleNodeHandler] INFO  pipeline.SCMPipelineManager (SCMPipelineManager.java:finalizeAndDestroyPipeline(315)) - destroying pipeline:Pipeline[ Id: 4d69da6b-130c-46a8-8412-c17286528fd5, Nodes: 63d2da5d-abdc-4507-99f3-11211187d437{ip: 192.168.164.197, host: trunk-nightly-extra-20190930-74rp4-3411845215, networkLocation: /default-rack, certSerialId: null}, Type:RATIS, Factor:ONE, State:OPEN]
2019-09-30 14:06:37,466 [EventQueue-StaleNodeForStaleNodeHandler] INFO  pipeline.PipelineStateManager (PipelineStateManager.java:finalizePipeline(123)) - Pipeline Pipeline[ Id: 4d69da6b-130c-46a8-8412-c17286528fd5, Nodes: 63d2da5d-abdc-4507-99f3-11211187d437{ip: 192.168.164.197, host: trunk-nightly-extra-20190930-74rp4-3411845215, networkLocation: /default-rack, certSerialId: null}, Type:RATIS, Factor:ONE, State:CLOSED] moved to CLOSED state
2019-09-30 14:06:37,466 [EventQueue-StaleNodeForStaleNodeHandler] INFO  pipeline.SCMPipelineManager (SCMPipelineManager.java:finalizeAndDestroyPipeline(315)) - destroying pipeline:Pipeline[ Id: b9045580-1dfa-4658-a35f-eabf7c709d43, Nodes: f4c77ea4-6dc4-41ad-b812-3c6e0d99b7bc{ip: 192.168.164.197, host: trunk-nightly-extra-20190930-74rp4-3411845215, networkLocation: /default-rack, certSerialId: null}63d2da5d-abdc-4507-99f3-11211187d437{ip: 192.168.164.197, host: trunk-nightly-extra-20190930-74rp4-3411845215, networkLocation: /default-rack, certSerialId: null}7e26ba04-d72c-4841-b33c-e390f5f396e9{ip: 192.168.164.197, host: trunk-nightly-extra-20190930-74rp4-3411845215, networkLocation: /default-rack, certSerialId: null}, Type:RATIS, Factor:THREE, State:OPEN]
2019-09-30 14:06:37,466 [EventQueue-StaleNodeForStaleNodeHandler] INFO  pipeline.PipelineStateManager (PipelineStateManager.java:finalizePipeline(123)) - Pipeline Pipeline[ Id: b9045580-1dfa-4658-a35f-eabf7c709d43, Nodes: f4c77ea4-6dc4-41ad-b812-3c6e0d99b7bc{ip: 192.168.164.197, host: trunk-nightly-extra-20190930-74rp4-3411845215, networkLocation: /default-rack, certSerialId: null}63d2da5d-abdc-4507-99f3-11211187d437{ip: 192.168.164.197, host: trunk-nightly-extra-20190930-74rp4-3411845215, networkLocation: /default-rack, certSerialId: null}7e26ba04-d72c-4841-b33c-e390f5f396e9{ip: 192.168.164.197, host: trunk-nightly-extra-20190930-74rp4-3411845215, networkLocation: /default-rack, certSerialId: null}, Type:RATIS, Factor:THREE, State:CLOSED] moved to CLOSED state
2019-09-30 14:06:37,467 [EventQueue-CloseContainerForCloseContainerEventHandler] INFO  container.CloseContainerEventHandler (CloseContainerEventHandler.java:onMessage(61)) - Close container Event triggered for container : #2
2019-09-30 14:06:37,565 [EventQueue-StaleNodeForStaleNodeHandler] INFO  node.StaleNodeHandler (StaleNodeHandler.java:onMessage(58)) - Datanode 28e68ed4-4b03-4e16-97ee-efd5dab342dd{ip: 192.168.164.197, host: trunk-nightly-extra-20190930-74rp4-3411845215, networkLocation: /default-rack, certSerialId: null} moved to stale state. Finalizing its pipelines [PipelineID=240d9721-ecce-4010-8c99-601f048035f0, PipelineID=1077803d-adae-4cb1-afcd-370197aec399]
2019-09-30 14:06:37,569 [EventQueue-StaleNodeForStaleNodeHandler] INFO  pipeline.SCMPipelineManager (SCMPipelineManager.java:finalizeAndDestroyPipeline(315)) - destroying pipeline:Pipeline[ Id: 240d9721-ecce-4010-8c99-601f048035f0, Nodes: 28e68ed4-4b03-4e16-97ee-efd5dab342dd{ip: 192.168.164.197, host: trunk-nightly-extra-20190930-74rp4-3411845215, networkLocation: /default-rack, certSerialId: null}, Type:RATIS, Factor:ONE, State:OPEN]
2019-09-30 14:06:37,569 [EventQueue-StaleNodeForStaleNodeHandler] INFO  pipeline.PipelineStateManager (PipelineStateManager.java:finalizePipeline(123)) - Pipeline Pipeline[ Id: 240d9721-ecce-4010-8c99-601f048035f0, Nodes: 28e68ed4-4b03-4e16-97ee-efd5dab342dd{ip: 192.168.164.197, host: trunk-nightly-extra-20190930-74rp4-3411845215, networkLocation: /default-rack, certSerialId: null}, Type:RATIS, Factor:ONE, State:CLOSED] moved to CLOSED state
2019-09-30 14:06:37,569 [EventQueue-StaleNodeForStaleNodeHandler] INFO  pipeline.SCMPipelineManager (SCMPipelineManager.java:finalizeAndDestroyPipeline(315)) - destroying pipeline:Pipeline[ Id: 1077803d-adae-4cb1-afcd-370197aec399, Nodes: 4938c74e-7433-4b31-a410-a11afbc45738{ip: 192.168.164.197, host: trunk-nightly-extra-20190930-74rp4-3411845215, networkLocation: /default-rack, certSerialId: null}28e68ed4-4b03-4e16-97ee-efd5dab342dd{ip: 192.168.164.197, host: trunk-nightly-extra-20190930-74rp4-3411845215, networkLocation: /default-rack, certSerialId: null}9a44d653-00bd-4d36-9573-853dfaad290c{ip: 192.168.164.197, host: trunk-nightly-extra-20190930-74rp4-3411845215, networkLocation: /default-rack, certSerialId: null}, Type:RATIS, Factor:THREE, State:CLOSED]
2019-09-30 14:06:37,685 [ForkJoinPool.commonPool-worker-0] INFO  ozoneimpl.OzoneContainer (OzoneContainer.java:stop(231)) - Attempting to stop container services.
2019-09-30 14:06:37,685 [main] INFO  ozoneimpl.OzoneContainer (OzoneContainer.java:stop(231)) - Attempting to stop container services.
2019-09-30 14:06:37,689 [ForkJoinPool.commonPool-worker-0] INFO  impl.RaftServerProxy (RaftServerProxy.java:lambda$close$4(314)) - 63d2da5d-abdc-4507-99f3-11211187d437: close
2019-09-30 14:06:37,689 [main] INFO  impl.RaftServerProxy (RaftServerProxy.java:lambda$close$4(314)) - 28e68ed4-4b03-4e16-97ee-efd5dab342dd: close
2019-09-30 14:06:37,690 [main] INFO  impl.RaftServerImpl (RaftServerImpl.java:lambda$shutdown$3(251)) - 28e68ed4-4b03-4e16-97ee-efd5dab342dd@group-601F048035F0: shutdown
2019-09-30 14:06:37,690 [ForkJoinPool.commonPool-worker-0] INFO  impl.RaftServerImpl (RaftServerImpl.java:lambda$shutdown$3(251)) - 63d2da5d-abdc-4507-99f3-11211187d437@group-C17286528FD5: shutdown
2019-09-30 14:06:37,690 [main] INFO  util.JmxRegister (JmxRegister.java:unregister(73)) - Successfully un-registered JMX Bean with object name Ratis:service=RaftServer,group=group-601F048035F0,id=28e68ed4-4b03-4e16-97ee-efd5dab342dd
2019-09-30 14:06:37,690 [ForkJoinPool.commonPool-worker-0] INFO  util.JmxRegister (JmxRegister.java:unregister(73)) - Successfully un-registered JMX Bean with object name Ratis:service=RaftServer,group=group-C17286528FD5,id=63d2da5d-abdc-4507-99f3-11211187d437
2019-09-30 14:06:37,690 [main] INFO  impl.RoleInfo (RoleInfo.java:shutdownLeaderState(104)) - 28e68ed4-4b03-4e16-97ee-efd5dab342dd: shutdown LeaderState
2019-09-30 14:06:37,690 [ForkJoinPool.commonPool-worker-0] INFO  impl.RoleInfo (RoleInfo.java:shutdownLeaderState(104)) - 63d2da5d-abdc-4507-99f3-11211187d437: shutdown LeaderState
2019-09-30 14:06:37,691 [main] INFO  impl.PendingRequests (PendingRequests.java:sendNotLeaderResponses(202)) - 28e68ed4-4b03-4e16-97ee-efd5dab342dd-PendingRequests: sendNotLeaderResponses
2019-09-30 14:06:37,691 [ForkJoinPool.commonPool-worker-0] INFO  impl.PendingRequests (PendingRequests.java:sendNotLeaderResponses(202)) - 63d2da5d-abdc-4507-99f3-11211187d437-PendingRequests: sendNotLeaderResponses
2019-09-30 14:06:37,691 [main] INFO  impl.StateMachineUpdater (StateMachineUpdater.java:stopAndJoin(125)) - 28e68ed4-4b03-4e16-97ee-efd5dab342dd@group-601F048035F0-StateMachineUpdater: set stopIndex = 0
2019-09-30 14:06:37,691 [ForkJoinPool.commonPool-worker-0] INFO  impl.StateMachineUpdater (StateMachineUpdater.java:stopAndJoin(125)) - 63d2da5d-abdc-4507-99f3-11211187d437@group-C17286528FD5-StateMachineUpdater: set stopIndex = 0
2019-09-30 14:06:37,692 [main] INFO  impl.RaftServerImpl (ServerState.java:close(385)) - 28e68ed4-4b03-4e16-97ee-efd5dab342dd@group-601F048035F0: closes. applyIndex: 0
2019-09-30 14:06:37,692 [ForkJoinPool.commonPool-worker-0] INFO  impl.RaftServerImpl (ServerState.java:close(385)) - 63d2da5d-abdc-4507-99f3-11211187d437@group-C17286528FD5: closes. applyIndex: 0
2019-09-30 14:06:37,692 [28e68ed4-4b03-4e16-97ee-efd5dab342dd@group-601F048035F0-SegmentedRaftLogWorker] INFO  segmented.SegmentedRaftLogWorker (SegmentedRaftLogWorker.java:run(313)) - 28e68ed4-4b03-4e16-97ee-efd5dab342dd@group-601F048035F0-SegmentedRaftLogWorker was interrupted, exiting. There are 0 tasks remaining in the queue.
2019-09-30 14:06:37,692 [63d2da5d-abdc-4507-99f3-11211187d437@group-C17286528FD5-SegmentedRaftLogWorker] INFO  segmented.SegmentedRaftLogWorker (SegmentedRaftLogWorker.java:run(313)) - 63d2da5d-abdc-4507-99f3-11211187d437@group-C17286528FD5-SegmentedRaftLogWorker was interrupted, exiting. There are 0 tasks remaining in the queue.
2019-09-30 14:06:37,695 [main] INFO  segmented.SegmentedRaftLogWorker (SegmentedRaftLogWorker.java:close(228)) - 28e68ed4-4b03-4e16-97ee-efd5dab342dd@group-601F048035F0-SegmentedRaftLogWorker close()
2019-09-30 14:06:37,701 [main] INFO  impl.RaftServerImpl (RaftServerImpl.java:lambda$shutdown$3(251)) - 28e68ed4-4b03-4e16-97ee-efd5dab342dd@group-370197AEC399: shutdown
2019-09-30 14:06:37,701 [main] INFO  util.JmxRegister (JmxRegister.java:unregister(73)) - Successfully un-registered JMX Bean with object name Ratis:service=RaftServer,group=group-370197AEC399,id=28e68ed4-4b03-4e16-97ee-efd5dab342dd
2019-09-30 14:06:37,702 [main] INFO  impl.RoleInfo (RoleInfo.java:shutdownFollowerState(121)) - 28e68ed4-4b03-4e16-97ee-efd5dab342dd: shutdown FollowerState
2019-09-30 14:06:37,702 [main] INFO  impl.StateMachineUpdater (StateMachineUpdater.java:stopAndJoin(125)) - 28e68ed4-4b03-4e16-97ee-efd5dab342dd@group-370197AEC399-StateMachineUpdater: set stopIndex = 18
2019-09-30 14:06:37,702 [28e68ed4-4b03-4e16-97ee-efd5dab342dd@group-370197AEC399-StateMachineUpdater] INFO  ratis.ContainerStateMachine (ContainerStateMachine.java:takeSnapshot(289)) - group-370197AEC399: Taking a snapshot at:(t:1, i:14) file /workdir/hadoop-ozone/integration-test/target/test-dir/MiniOzoneClusterImpl-8b753bf4-8e52-47bf-b887-5f8f577e75fc/datanode-4/data/ratis/1077803d-adae-4cb1-afcd-370197aec399/sm/snapshot.1_14
2019-09-30 14:06:37,702 [Thread-3302] INFO  impl.FollowerState (FollowerState.java:run(115)) - 28e68ed4-4b03-4e16-97ee-efd5dab342dd: FollowerState was interrupted: java.lang.InterruptedException: sleep interrupted
2019-09-30 14:06:37,707 [ForkJoinPool.commonPool-worker-0] INFO  segmented.SegmentedRaftLogWorker (SegmentedRaftLogWorker.java:close(228)) - 63d2da5d-abdc-4507-99f3-11211187d437@group-C17286528FD5-SegmentedRaftLogWorker close()
2019-09-30 14:06:37,711 [ForkJoinPool.commonPool-worker-0] INFO  impl.RaftServerImpl (RaftServerImpl.java:lambda$shutdown$3(251)) - 63d2da5d-abdc-4507-99f3-11211187d437@group-EABF7C709D43: shutdown
2019-09-30 14:06:37,711 [28e68ed4-4b03-4e16-97ee-efd5dab342dd@group-370197AEC399-StateMachineUpdater] INFO  ratis.ContainerStateMachine (ContainerStateMachine.java:takeSnapshot(300)) - group-370197AEC399: Finished taking a snapshot at:(t:1, i:14) file:/workdir/hadoop-ozone/integration-test/target/test-dir/MiniOzoneClusterImpl-8b753bf4-8e52-47bf-b887-5f8f577e75fc/datanode-4/data/ratis/1077803d-adae-4cb1-afcd-370197aec399/sm/snapshot.1_14 time:9
2019-09-30 14:06:37,711 [ForkJoinPool.commonPool-worker-0] INFO  util.JmxRegister (JmxRegister.java:unregister(73)) - Successfully un-registered JMX Bean with object name Ratis:service=RaftServer,group=group-EABF7C709D43,id=63d2da5d-abdc-4507-99f3-11211187d437
2019-09-30 14:06:37,711 [28e68ed4-4b03-4e16-97ee-efd5dab342dd@group-370197AEC399-StateMachineUpdater] INFO  impl.StateMachineUpdater (StateMachineUpdater.java:takeSnapshot(258)) - 28e68ed4-4b03-4e16-97ee-efd5dab342dd@group-370197AEC399-StateMachineUpdater: Took a snapshot at index 14
2019-09-30 14:06:37,711 [ForkJoinPool.commonPool-worker-0] INFO  impl.RoleInfo (RoleInfo.java:shutdownFollowerState(121)) - 63d2da5d-abdc-4507-99f3-11211187d437: shutdown FollowerState
2019-09-30 14:06:37,712 [28e68ed4-4b03-4e16-97ee-efd5dab342dd@group-370197AEC399-StateMachineUpdater] INFO  impl.StateMachineUpdater (StateMachineUpdater.java:lambda$new$0(83)) - 28e68ed4-4b03-4e16-97ee-efd5dab342dd@group-370197AEC399-StateMachineUpdater: snapshotIndex: updateIncreasingly -1 -> 14
2019-09-30 14:06:37,712 [ForkJoinPool.commonPool-worker-0] INFO  impl.StateMachineUpdater (StateMachineUpdater.java:stopAndJoin(125)) - 63d2da5d-abdc-4507-99f3-11211187d437@group-EABF7C709D43-StateMachineUpdater: set stopIndex = 16
2019-09-30 14:06:37,712 [28e68ed4-4b03-4e16-97ee-efd5dab342dd@group-370197AEC399-StateMachineUpdater] INFO  ratis.ContainerStateMachine (ContainerStateMachine.java:takeSnapshot(289)) - group-370197AEC399: Taking a snapshot at:(t:1, i:14) file /workdir/hadoop-ozone/integration-test/target/test-dir/MiniOzoneClusterImpl-8b753bf4-8e52-47bf-b887-5f8f577e75fc/datanode-4/data/ratis/1077803d-adae-4cb1-afcd-370197aec399/sm/snapshot.1_14
2019-09-30 14:06:37,712 [Thread-3150] INFO  impl.FollowerState (FollowerState.java:run(115)) - 63d2da5d-abdc-4507-99f3-11211187d437: FollowerState was interrupted: java.lang.InterruptedException: sleep interrupted
2019-09-30 14:06:37,712 [63d2da5d-abdc-4507-99f3-11211187d437@group-EABF7C709D43-StateMachineUpdater] INFO  ratis.ContainerStateMachine (ContainerStateMachine.java:takeSnapshot(289)) - group-EABF7C709D43: Taking a snapshot at:(t:1, i:14) file /workdir/hadoop-ozone/integration-test/target/test-dir/MiniOzoneClusterImpl-8b753bf4-8e52-47bf-b887-5f8f577e75fc/datanode-1/data/ratis/b9045580-1dfa-4658-a35f-eabf7c709d43/sm/snapshot.1_14
2019-09-30 14:06:37,725 [63d2da5d-abdc-4507-99f3-11211187d437@group-EABF7C709D43-StateMachineUpdater] INFO  ratis.ContainerStateMachine (ContainerStateMachine.java:takeSnapshot(300)) - group-EABF7C709D43: Finished taking a snapshot at:(t:1, i:14) file:/workdir/hadoop-ozone/integration-test/target/test-dir/MiniOzoneClusterImpl-8b753bf4-8e52-47bf-b887-5f8f577e75fc/datanode-1/data/ratis/b9045580-1dfa-4658-a35f-eabf7c709d43/sm/snapshot.1_14 time:13
2019-09-30 14:06:37,725 [28e68ed4-4b03-4e16-97ee-efd5dab342dd@group-370197AEC399-StateMachineUpdater] INFO  ratis.ContainerStateMachine (ContainerStateMachine.java:takeSnapshot(300)) - group-370197AEC399: Finished taking a snapshot at:(t:1, i:14) file:/workdir/hadoop-ozone/integration-test/target/test-dir/MiniOzoneClusterImpl-8b753bf4-8e52-47bf-b887-5f8f577e75fc/datanode-4/data/ratis/1077803d-adae-4cb1-afcd-370197aec399/sm/snapshot.1_14 time:13
2019-09-30 14:06:37,725 [63d2da5d-abdc-4507-99f3-11211187d437@group-EABF7C709D43-StateMachineUpdater] INFO  impl.StateMachineUpdater (StateMachineUpdater.java:takeSnapshot(258)) - 63d2da5d-abdc-4507-99f3-11211187d437@group-EABF7C709D43-StateMachineUpdater: Took a snapshot at index 14
2019-09-30 14:06:37,725 [63d2da5d-abdc-4507-99f3-11211187d437@group-EABF7C709D43-StateMachineUpdater] INFO  impl.StateMachineUpdater (StateMachineUpdater.java:lambda$new$0(83)) - 63d2da5d-abdc-4507-99f3-11211187d437@group-EABF7C709D43-StateMachineUpdater: snapshotIndex: updateIncreasingly -1 -> 14
2019-09-30 14:06:37,725 [28e68ed4-4b03-4e16-97ee-efd5dab342dd@group-370197AEC399-StateMachineUpdater] INFO  impl.StateMachineUpdater (StateMachineUpdater.java:takeSnapshot(258)) - 28e68ed4-4b03-4e16-97ee-efd5dab342dd@group-370197AEC399-StateMachineUpdater: Took a snapshot at index 14
2019-09-30 14:06:37,725 [63d2da5d-abdc-4507-99f3-11211187d437@group-EABF7C709D43-StateMachineUpdater] INFO  ratis.ContainerStateMachine (ContainerStateMachine.java:takeSnapshot(289)) - group-EABF7C709D43: Taking a snapshot at:(t:1, i:14) file /workdir/hadoop-ozone/integration-test/target/test-dir/MiniOzoneClusterImpl-8b753bf4-8e52-47bf-b887-5f8f577e75fc/datanode-1/data/ratis/b9045580-1dfa-4658-a35f-eabf7c709d43/sm/snapshot.1_14
2019-09-30 14:06:37,725 [28e68ed4-4b03-4e16-97ee-efd5dab342dd@group-370197AEC399-StateMachineUpdater] INFO  impl.StateMachineUpdater (StateMachineUpdater.java:lambda$new$0(83)) - 28e68ed4-4b03-4e16-97ee-efd5dab342dd@group-370197AEC399-StateMachineUpdater: snapshotIndex: updateIncreasingly 14 -> 14
2019-09-30 14:06:37,725 [main] INFO  impl.RaftServerImpl (ServerState.java:close(385)) - 28e68ed4-4b03-4e16-97ee-efd5dab342dd@group-370197AEC399: closes. applyIndex: 18
2019-09-30 14:06:37,726 [28e68ed4-4b03-4e16-97ee-efd5dab342dd@group-370197AEC399-SegmentedRaftLogWorker] INFO  segmented.SegmentedRaftLogWorker (SegmentedRaftLogWorker.java:run(313)) - 28e68ed4-4b03-4e16-97ee-efd5dab342dd@group-370197AEC399-SegmentedRaftLogWorker was interrupted, exiting. There are 0 tasks remaining in the queue.
2019-09-30 14:06:37,728 [main] INFO  segmented.SegmentedRaftLogWorker (SegmentedRaftLogWorker.java:close(228)) - 28e68ed4-4b03-4e16-97ee-efd5dab342dd@group-370197AEC399-SegmentedRaftLogWorker close()
2019-09-30 14:06:37,732 [main] INFO  server.GrpcService (GrpcService.java:closeImpl(164)) - 28e68ed4-4b03-4e16-97ee-efd5dab342dd: shutdown server with port 41050 now
2019-09-30 14:06:37,734 [grpc-default-executor-10] WARN  server.GrpcServerProtocolService (LogUtils.java:warn(134)) - 28e68ed4-4b03-4e16-97ee-efd5dab342dd: installSnapshot onError, lastRequest: 9a44d653-00bd-4d36-9573-853dfaad290c->28e68ed4-4b03-4e16-97ee-efd5dab342dd#4-t4, previous=(t:4, i:18), leaderCommit=18, initializing? false, entries: <empty>: org.apache.ratis.thirdparty.io.grpc.StatusRuntimeException: CANCELLED: cancelled before receiving half close
2019-09-30 14:06:37,734 [main] INFO  server.GrpcService (GrpcService.java:closeImpl(172)) - 28e68ed4-4b03-4e16-97ee-efd5dab342dd: shutdown server with port 41050 successfully
2019-09-30 14:06:37,734 [grpc-default-executor-1] WARN  server.GrpcLogAppender (LogUtils.java:warn(134)) - 9a44d653-00bd-4d36-9573-853dfaad290c@group-370197AEC399->28e68ed4-4b03-4e16-97ee-efd5dab342dd-AppendLogResponseHandler: Failed appendEntries: org.apache.ratis.thirdparty.io.grpc.StatusRuntimeException: CANCELLED: HTTP/2 error code: CANCEL
Received Rst Stream
2019-09-30 14:06:37,735 [grpc-default-executor-1] INFO  impl.FollowerInfo (FollowerInfo.java:lambda$new$0(51)) - 9a44d653-00bd-4d36-9573-853dfaad290c@group-370197AEC399->28e68ed4-4b03-4e16-97ee-efd5dab342dd: nextIndex: updateUnconditionally 19 -> 18
2019-09-30 14:06:37,737 [refreshUsed-/workdir/hadoop-ozone/integration-test/target/test-dir/MiniOzoneClusterImpl-8b753bf4-8e52-47bf-b887-5f8f577e75fc/datanode-4/data/containers] WARN  fs.CachingGetSpaceUsed (CachingGetSpaceUsed.java:run(183)) - Thread Interrupted waiting to refresh disk information: sleep interrupted
2019-09-30 14:06:37,738 [63d2da5d-abdc-4507-99f3-11211187d437@group-EABF7C709D43-StateMachineUpdater] INFO  ratis.ContainerStateMachine (ContainerStateMachine.java:takeSnapshot(300)) - group-EABF7C709D43: Finished taking a snapshot at:(t:1, i:14) file:/workdir/hadoop-ozone/integration-test/target/test-dir/MiniOzoneClusterImpl-8b753bf4-8e52-47bf-b887-5f8f577e75fc/datanode-1/data/ratis/b9045580-1dfa-4658-a35f-eabf7c709d43/sm/snapshot.1_14 time:13
2019-09-30 14:06:37,738 [63d2da5d-abdc-4507-99f3-11211187d437@group-EABF7C709D43-StateMachineUpdater] INFO  impl.StateMachineUpdater (StateMachineUpdater.java:takeSnapshot(258)) - 63d2da5d-abdc-4507-99f3-11211187d437@group-EABF7C709D43-StateMachineUpdater: Took a snapshot at index 14
2019-09-30 14:06:37,738 [63d2da5d-abdc-4507-99f3-11211187d437@group-EABF7C709D43-StateMachineUpdater] INFO  impl.StateMachineUpdater (StateMachineUpdater.java:lambda$new$0(83)) - 63d2da5d-abdc-4507-99f3-11211187d437@group-EABF7C709D43-StateMachineUpdater: snapshotIndex: updateIncreasingly 14 -> 14
2019-09-30 14:06:37,739 [ForkJoinPool.commonPool-worker-0] INFO  impl.RaftServerImpl (ServerState.java:close(385)) - 63d2da5d-abdc-4507-99f3-11211187d437@group-EABF7C709D43: closes. applyIndex: 16
2019-09-30 14:06:37,739 [63d2da5d-abdc-4507-99f3-11211187d437@group-EABF7C709D43-SegmentedRaftLogWorker] INFO  segmented.SegmentedRaftLogWorker (SegmentedRaftLogWorker.java:run(313)) - 63d2da5d-abdc-4507-99f3-11211187d437@group-EABF7C709D43-SegmentedRaftLogWorker was interrupted, exiting. There are 0 tasks remaining in the queue.
2019-09-30 14:06:37,741 [ForkJoinPool.commonPool-worker-0] INFO  segmented.SegmentedRaftLogWorker (SegmentedRaftLogWorker.java:close(228)) - 63d2da5d-abdc-4507-99f3-11211187d437@group-EABF7C709D43-SegmentedRaftLogWorker close()
2019-09-30 14:06:37,744 [ForkJoinPool.commonPool-worker-0] INFO  server.GrpcService (GrpcService.java:closeImpl(164)) - 63d2da5d-abdc-4507-99f3-11211187d437: shutdown server with port 40683 now
2019-09-30 14:06:37,745 [grpc-default-executor-1] WARN  server.GrpcServerProtocolService (LogUtils.java:warn(134)) - 63d2da5d-abdc-4507-99f3-11211187d437: installSnapshot onError, lastRequest: f4c77ea4-6dc4-41ad-b812-3c6e0d99b7bc->63d2da5d-abdc-4507-99f3-11211187d437#27-t1, previous=(t:1, i:16), leaderCommit=16, initializing? false, entries: <empty>: org.apache.ratis.thirdparty.io.grpc.StatusRuntimeException: CANCELLED: cancelled before receiving half close
2019-09-30 14:06:37,745 [ForkJoinPool.commonPool-worker-0] INFO  server.GrpcService (GrpcService.java:closeImpl(172)) - 63d2da5d-abdc-4507-99f3-11211187d437: shutdown server with port 40683 successfully
2019-09-30 14:06:37,745 [grpc-default-executor-12] WARN  server.GrpcLogAppender (LogUtils.java:warn(134)) - f4c77ea4-6dc4-41ad-b812-3c6e0d99b7bc@group-EABF7C709D43->63d2da5d-abdc-4507-99f3-11211187d437-AppendLogResponseHandler: Failed appendEntries: org.apache.ratis.thirdparty.io.grpc.StatusRuntimeException: CANCELLED: HTTP/2 error code: CANCEL
Received Rst Stream
2019-09-30 14:06:37,745 [grpc-default-executor-12] INFO  impl.FollowerInfo (FollowerInfo.java:lambda$new$0(51)) - f4c77ea4-6dc4-41ad-b812-3c6e0d99b7bc@group-EABF7C709D43->63d2da5d-abdc-4507-99f3-11211187d437: nextIndex: updateUnconditionally 17 -> 16
2019-09-30 14:06:37,746 [refreshUsed-/workdir/hadoop-ozone/integration-test/target/test-dir/MiniOzoneClusterImpl-8b753bf4-8e52-47bf-b887-5f8f577e75fc/datanode-1/data/containers] WARN  fs.CachingGetSpaceUsed (CachingGetSpaceUsed.java:run(183)) - Thread Interrupted waiting to refresh disk information: sleep interrupted
2019-09-30 14:06:37,760 [main] INFO  utils.BackgroundService (BackgroundService.java:shutdown(148)) - Shutting down service BlockDeletingService
2019-09-30 14:06:37,766 [main] INFO  statemachine.DatanodeStateMachine (DatanodeStateMachine.java:stopDaemon(395)) - Ozone container server stopped.
2019-09-30 14:06:37,766 [ForkJoinPool.commonPool-worker-0] INFO  utils.BackgroundService (BackgroundService.java:shutdown(148)) - Shutting down service BlockDeletingService
2019-09-30 14:06:37,772 [ForkJoinPool.commonPool-worker-0] INFO  statemachine.DatanodeStateMachine (DatanodeStateMachine.java:stopDaemon(395)) - Ozone container server stopped.
2019-09-30 14:06:37,776 [main] INFO  handler.ContextHandler (ContextHandler.java:doStop(910)) - Stopped o.e.j.w.WebAppContext@33e3bd2e{/,null,UNAVAILABLE}{/hddsDatanode}
2019-09-30 14:06:37,777 [ForkJoinPool.commonPool-worker-0] INFO  handler.ContextHandler (ContextHandler.java:doStop(910)) - Stopped o.e.j.w.WebAppContext@68dfda77{/,null,UNAVAILABLE}{/hddsDatanode}
2019-09-30 14:06:37,778 [main] INFO  server.AbstractConnector (AbstractConnector.java:doStop(318)) - Stopped ServerConnector@646d810b{HTTP/1.1,[http/1.1]}{0.0.0.0:0}
2019-09-30 14:06:37,778 [ForkJoinPool.commonPool-worker-0] INFO  server.AbstractConnector (AbstractConnector.java:doStop(318)) - Stopped ServerConnector@50cdfafa{HTTP/1.1,[http/1.1]}{0.0.0.0:0}
2019-09-30 14:06:37,780 [main] INFO  handler.ContextHandler (ContextHandler.java:doStop(910)) - Stopped o.e.j.s.ServletContextHandler@67c6f4d8{/static,jar:file:/home/user/.m2/repository/org/apache/hadoop/hadoop-hdds-container-service/0.5.0-SNAPSHOT/hadoop-hdds-container-service-0.5.0-SNAPSHOT.jar!/webapps/static,UNAVAILABLE}
2019-09-30 14:06:37,780 [ForkJoinPool.commonPool-worker-0] INFO  handler.ContextHandler (ContextHandler.java:doStop(910)) - Stopped o.e.j.s.ServletContextHandler@77083e41{/static,jar:file:/home/user/.m2/repository/org/apache/hadoop/hadoop-hdds-container-service/0.5.0-SNAPSHOT/hadoop-hdds-container-service-0.5.0-SNAPSHOT.jar!/webapps/static,UNAVAILABLE}
2019-09-30 14:06:37,780 [main] INFO  handler.ContextHandler (ContextHandler.java:doStop(910)) - Stopped o.e.j.s.ServletContextHandler@87f501f{/logs,file:///workdir/hadoop-ozone/integration-test/target/log,UNAVAILABLE}
2019-09-30 14:06:37,782 [ForkJoinPool.commonPool-worker-0] INFO  handler.ContextHandler (ContextHandler.java:doStop(910)) - Stopped o.e.j.s.ServletContextHandler@7b8ea1db{/logs,file:///workdir/hadoop-ozone/integration-test/target/log,UNAVAILABLE}
2019-09-30 14:06:38,472 [Datanode State Machine Thread - 0] INFO  statemachine.DatanodeStateMachine (DatanodeStateMachine.java:lambda$startDaemon$0(350)) - Ozone container server started.
2019-09-30 14:06:38,551 [Datanode State Machine Thread - 0] INFO  statemachine.DatanodeStateMachine (DatanodeStateMachine.java:lambda$startDaemon$0(350)) - Ozone container server started.
2019-09-30 14:06:39,500 [grpc-default-executor-12] WARN  server.GrpcLogAppender (LogUtils.java:warn(134)) - 9a44d653-00bd-4d36-9573-853dfaad290c@group-370197AEC399->28e68ed4-4b03-4e16-97ee-efd5dab342dd-AppendLogResponseHandler: Failed appendEntries: org.apache.ratis.thirdparty.io.grpc.StatusRuntimeException: UNAVAILABLE: io exception
2019-09-30 14:06:39,500 [grpc-default-executor-12] INFO  impl.FollowerInfo (FollowerInfo.java:lambda$new$0(51)) - 9a44d653-00bd-4d36-9573-853dfaad290c@group-370197AEC399->28e68ed4-4b03-4e16-97ee-efd5dab342dd: nextIndex: updateUnconditionally 18 -> 17
2019-09-30 14:06:39,507 [grpc-default-executor-12] WARN  server.GrpcLogAppender (LogUtils.java:warn(134)) - 9a44d653-00bd-4d36-9573-853dfaad290c@group-370197AEC399->4938c74e-7433-4b31-a410-a11afbc45738-AppendLogResponseHandler: Failed appendEntries: org.apache.ratis.thirdparty.io.grpc.StatusRuntimeException: UNAVAILABLE: io exception
2019-09-30 14:06:39,507 [grpc-default-executor-12] INFO  impl.FollowerInfo (FollowerInfo.java:lambda$new$0(51)) - 9a44d653-00bd-4d36-9573-853dfaad290c@group-370197AEC399->4938c74e-7433-4b31-a410-a11afbc45738: nextIndex: updateUnconditionally 0 -> 0
2019-09-30 14:06:40,149 [grpc-default-executor-10] WARN  server.GrpcLogAppender (LogUtils.java:warn(134)) - f4c77ea4-6dc4-41ad-b812-3c6e0d99b7bc@group-EABF7C709D43->63d2da5d-abdc-4507-99f3-11211187d437-AppendLogResponseHandler: Failed appendEntries: org.apache.ratis.thirdparty.io.grpc.StatusRuntimeException: UNAVAILABLE: io exception
2019-09-30 14:06:40,149 [grpc-default-executor-10] INFO  impl.FollowerInfo (FollowerInfo.java:lambda$new$0(51)) - f4c77ea4-6dc4-41ad-b812-3c6e0d99b7bc@group-EABF7C709D43->63d2da5d-abdc-4507-99f3-11211187d437: nextIndex: updateUnconditionally 16 -> 15
2019-09-30 14:06:40,479 [grpc-default-executor-1] WARN  server.GrpcLogAppender (LogUtils.java:warn(134)) - f4c77ea4-6dc4-41ad-b812-3c6e0d99b7bc@group-EABF7C709D43->63d2da5d-abdc-4507-99f3-11211187d437-AppendLogResponseHandler: Failed appendEntries: org.apache.ratis.thirdparty.io.grpc.StatusRuntimeException: UNAVAILABLE: io exception
2019-09-30 14:06:40,480 [grpc-default-executor-1] INFO  impl.FollowerInfo (FollowerInfo.java:lambda$new$0(51)) - f4c77ea4-6dc4-41ad-b812-3c6e0d99b7bc@group-EABF7C709D43->63d2da5d-abdc-4507-99f3-11211187d437: nextIndex: updateUnconditionally 16 -> 15
2019-09-30 14:06:40,496 [grpc-default-executor-12] WARN  server.GrpcLogAppender (LogUtils.java:warn(134)) - f4c77ea4-6dc4-41ad-b812-3c6e0d99b7bc@group-EABF7C709D43->63d2da5d-abdc-4507-99f3-11211187d437-AppendLogResponseHandler: Failed appendEntries: org.apache.ratis.thirdparty.io.grpc.StatusRuntimeException: UNAVAILABLE: io exception
2019-09-30 14:06:40,496 [grpc-default-executor-12] INFO  impl.FollowerInfo (FollowerInfo.java:lambda$new$0(51)) - f4c77ea4-6dc4-41ad-b812-3c6e0d99b7bc@group-EABF7C709D43->63d2da5d-abdc-4507-99f3-11211187d437: nextIndex: updateUnconditionally 16 -> 15
2019-09-30 14:06:40,506 [grpc-default-executor-1] WARN  server.GrpcLogAppender (LogUtils.java:warn(134)) - f4c77ea4-6dc4-41ad-b812-3c6e0d99b7bc@group-EABF7C709D43->63d2da5d-abdc-4507-99f3-11211187d437-AppendLogResponseHandler: Failed appendEntries: org.apache.ratis.thirdparty.io.grpc.StatusRuntimeException: UNAVAILABLE: io exception
2019-09-30 14:06:40,507 [grpc-default-executor-1] INFO  impl.FollowerInfo (FollowerInfo.java:lambda$new$0(51)) - f4c77ea4-6dc4-41ad-b812-3c6e0d99b7bc@group-EABF7C709D43->63d2da5d-abdc-4507-99f3-11211187d437: nextIndex: updateUnconditionally 16 -> 15
2019-09-30 14:06:40,507 [RatisApplyTransactionExecutor 2] INFO  interfaces.Container (KeyValueContainer.java:flushAndSyncDB(386)) - Container 2 is synced with bcsId 14.
2019-09-30 14:06:40,508 [RatisApplyTransactionExecutor 2] INFO  interfaces.Container (KeyValueContainer.java:flushAndSyncDB(386)) - Container 2 is synced with bcsId 14.
2019-09-30 14:06:40,521 [RatisApplyTransactionExecutor 2] INFO  interfaces.Container (KeyValueContainer.java:flushAndSyncDB(386)) - Container 2 is synced with bcsId 14.
2019-09-30 14:06:40,522 [RatisApplyTransactionExecutor 2] INFO  interfaces.Container (KeyValueContainer.java:flushAndSyncDB(386)) - Container 2 is synced with bcsId 14.
2019-09-30 14:06:40,522 [RatisApplyTransactionExecutor 2] INFO  interfaces.Container (KeyValueContainer.java:close(335)) - Container 2 is closed with bcsId 14.
2019-09-30 14:06:40,523 [EventQueue-IncrementalContainerReportForIncrementalContainerReportHandler] INFO  container.IncrementalContainerReportHandler (AbstractContainerReportHandler.java:updateContainerState(176)) - Moving container #2 to CLOSED state, datanode f4c77ea4-6dc4-41ad-b812-3c6e0d99b7bc{ip: 192.168.164.197, host: trunk-nightly-extra-20190930-74rp4-3411845215, networkLocation: /default-rack, certSerialId: null} reported CLOSED replica.
2019-09-30 14:06:40,533 [RatisApplyTransactionExecutor 2] INFO  interfaces.Container (KeyValueContainer.java:close(335)) - Container 2 is closed with bcsId 14.
2019-09-30 14:06:42,005 [grpc-default-executor-1] WARN  server.GrpcLogAppender (LogUtils.java:warn(134)) - 9a44d653-00bd-4d36-9573-853dfaad290c@group-370197AEC399->28e68ed4-4b03-4e16-97ee-efd5dab342dd-AppendLogResponseHandler: Failed appendEntries: org.apache.ratis.thirdparty.io.grpc.StatusRuntimeException: UNAVAILABLE: io exception
2019-09-30 14:06:42,006 [grpc-default-executor-1] INFO  impl.FollowerInfo (FollowerInfo.java:lambda$new$0(51)) - 9a44d653-00bd-4d36-9573-853dfaad290c@group-370197AEC399->28e68ed4-4b03-4e16-97ee-efd5dab342dd: nextIndex: updateUnconditionally 17 -> 16
2019-09-30 14:06:42,008 [grpc-default-executor-12] WARN  server.GrpcLogAppender (LogUtils.java:warn(134)) - 9a44d653-00bd-4d36-9573-853dfaad290c@group-370197AEC399->4938c74e-7433-4b31-a410-a11afbc45738-AppendLogResponseHandler: Failed appendEntries: org.apache.ratis.thirdparty.io.grpc.StatusRuntimeException: UNAVAILABLE: io exception
2019-09-30 14:06:42,008 [grpc-default-executor-12] INFO  impl.FollowerInfo (FollowerInfo.java:lambda$new$0(51)) - 9a44d653-00bd-4d36-9573-853dfaad290c@group-370197AEC399->4938c74e-7433-4b31-a410-a11afbc45738: nextIndex: updateUnconditionally 0 -> 0
2019-09-30 14:06:42,572 [EventQueue-StaleNodeForStaleNodeHandler] INFO  node.StaleNodeHandler (StaleNodeHandler.java:onMessage(58)) - Datanode 9a44d653-00bd-4d36-9573-853dfaad290c{ip: 192.168.164.197, host: trunk-nightly-extra-20190930-74rp4-3411845215, networkLocation: /default-rack, certSerialId: null} moved to stale state. Finalizing its pipelines [PipelineID=0a2b463f-139e-4650-b4e2-8817b84b0049, PipelineID=1077803d-adae-4cb1-afcd-370197aec399]
2019-09-30 14:06:42,573 [EventQueue-StaleNodeForStaleNodeHandler] INFO  pipeline.SCMPipelineManager (SCMPipelineManager.java:finalizeAndDestroyPipeline(315)) - destroying pipeline:Pipeline[ Id: 0a2b463f-139e-4650-b4e2-8817b84b0049, Nodes: 9a44d653-00bd-4d36-9573-853dfaad290c{ip: 192.168.164.197, host: trunk-nightly-extra-20190930-74rp4-3411845215, networkLocation: /default-rack, certSerialId: null}, Type:RATIS, Factor:ONE, State:OPEN]
2019-09-30 14:06:42,573 [EventQueue-StaleNodeForStaleNodeHandler] INFO  pipeline.PipelineStateManager (PipelineStateManager.java:finalizePipeline(123)) - Pipeline Pipeline[ Id: 0a2b463f-139e-4650-b4e2-8817b84b0049, Nodes: 9a44d653-00bd-4d36-9573-853dfaad290c{ip: 192.168.164.197, host: trunk-nightly-extra-20190930-74rp4-3411845215, networkLocation: /default-rack, certSerialId: null}, Type:RATIS, Factor:ONE, State:CLOSED] moved to CLOSED state
2019-09-30 14:06:42,573 [EventQueue-StaleNodeForStaleNodeHandler] INFO  pipeline.SCMPipelineManager (SCMPipelineManager.java:finalizeAndDestroyPipeline(315)) - destroying pipeline:Pipeline[ Id: 1077803d-adae-4cb1-afcd-370197aec399, Nodes: 4938c74e-7433-4b31-a410-a11afbc45738{ip: 192.168.164.197, host: trunk-nightly-extra-20190930-74rp4-3411845215, networkLocation: /default-rack, certSerialId: null}28e68ed4-4b03-4e16-97ee-efd5dab342dd{ip: 192.168.164.197, host: trunk-nightly-extra-20190930-74rp4-3411845215, networkLocation: /default-rack, certSerialId: null}9a44d653-00bd-4d36-9573-853dfaad290c{ip: 192.168.164.197, host: trunk-nightly-extra-20190930-74rp4-3411845215, networkLocation: /default-rack, certSerialId: null}, Type:RATIS, Factor:THREE, State:CLOSED]
2019-09-30 14:06:42,574 [EventQueue-StaleNodeForStaleNodeHandler] INFO  node.StaleNodeHandler (StaleNodeHandler.java:onMessage(58)) - Datanode 7e26ba04-d72c-4841-b33c-e390f5f396e9{ip: 192.168.164.197, host: trunk-nightly-extra-20190930-74rp4-3411845215, networkLocation: /default-rack, certSerialId: null} moved to stale state. Finalizing its pipelines [PipelineID=b9045580-1dfa-4658-a35f-eabf7c709d43, PipelineID=44afceb1-ab03-4215-aecb-cc9344ea3d2c]
2019-09-30 14:06:42,574 [EventQueue-StaleNodeForStaleNodeHandler] INFO  pipeline.SCMPipelineManager (SCMPipelineManager.java:finalizeAndDestroyPipeline(315)) - destroying pipeline:Pipeline[ Id: b9045580-1dfa-4658-a35f-eabf7c709d43, Nodes: f4c77ea4-6dc4-41ad-b812-3c6e0d99b7bc{ip: 192.168.164.197, host: trunk-nightly-extra-20190930-74rp4-3411845215, networkLocation: /default-rack, certSerialId: null}63d2da5d-abdc-4507-99f3-11211187d437{ip: 192.168.164.197, host: trunk-nightly-extra-20190930-74rp4-3411845215, networkLocation: /default-rack, certSerialId: null}7e26ba04-d72c-4841-b33c-e390f5f396e9{ip: 192.168.164.197, host: trunk-nightly-extra-20190930-74rp4-3411845215, networkLocation: /default-rack, certSerialId: null}, Type:RATIS, Factor:THREE, State:CLOSED]
2019-09-30 14:06:42,574 [EventQueue-StaleNodeForStaleNodeHandler] INFO  pipeline.SCMPipelineManager (SCMPipelineManager.java:finalizeAndDestroyPipeline(315)) - destroying pipeline:Pipeline[ Id: 44afceb1-ab03-4215-aecb-cc9344ea3d2c, Nodes: 7e26ba04-d72c-4841-b33c-e390f5f396e9{ip: 192.168.164.197, host: trunk-nightly-extra-20190930-74rp4-3411845215, networkLocation: /default-rack, certSerialId: null}, Type:RATIS, Factor:ONE, State:OPEN]
2019-09-30 14:06:42,574 [EventQueue-StaleNodeForStaleNodeHandler] INFO  pipeline.PipelineStateManager (PipelineStateManager.java:finalizePipeline(123)) - Pipeline Pipeline[ Id: 44afceb1-ab03-4215-aecb-cc9344ea3d2c, Nodes: 7e26ba04-d72c-4841-b33c-e390f5f396e9{ip: 192.168.164.197, host: trunk-nightly-extra-20190930-74rp4-3411845215, networkLocation: /default-rack, certSerialId: null}, Type:RATIS, Factor:ONE, State:CLOSED] moved to CLOSED state
2019-09-30 14:06:42,784 [main] INFO  ozoneimpl.OzoneContainer (OzoneContainer.java:stop(231)) - Attempting to stop container services.
2019-09-30 14:06:42,784 [ForkJoinPool.commonPool-worker-0] INFO  ozoneimpl.OzoneContainer (OzoneContainer.java:stop(231)) - Attempting to stop container services.
2019-09-30 14:06:42,791 [main] INFO  impl.RaftServerProxy (RaftServerProxy.java:lambda$close$4(314)) - 9a44d653-00bd-4d36-9573-853dfaad290c: close
2019-09-30 14:06:42,791 [ForkJoinPool.commonPool-worker-0] INFO  impl.RaftServerProxy (RaftServerProxy.java:lambda$close$4(314)) - 7e26ba04-d72c-4841-b33c-e390f5f396e9: close
2019-09-30 14:06:42,792 [ForkJoinPool.commonPool-worker-0] INFO  impl.RaftServerImpl (RaftServerImpl.java:lambda$shutdown$3(251)) - 7e26ba04-d72c-4841-b33c-e390f5f396e9@group-EABF7C709D43: shutdown
2019-09-30 14:06:42,792 [main] INFO  impl.RaftServerImpl (RaftServerImpl.java:lambda$shutdown$3(251)) - 9a44d653-00bd-4d36-9573-853dfaad290c@group-8817B84B0049: shutdown
2019-09-30 14:06:42,792 [ForkJoinPool.commonPool-worker-0] INFO  util.JmxRegister (JmxRegister.java:unregister(73)) - Successfully un-registered JMX Bean with object name Ratis:service=RaftServer,group=group-EABF7C709D43,id=7e26ba04-d72c-4841-b33c-e390f5f396e9
2019-09-30 14:06:42,792 [main] INFO  util.JmxRegister (JmxRegister.java:unregister(73)) - Successfully un-registered JMX Bean with object name Ratis:service=RaftServer,group=group-8817B84B0049,id=9a44d653-00bd-4d36-9573-853dfaad290c
2019-09-30 14:06:42,793 [ForkJoinPool.commonPool-worker-0] INFO  impl.RoleInfo (RoleInfo.java:shutdownFollowerState(121)) - 7e26ba04-d72c-4841-b33c-e390f5f396e9: shutdown FollowerState
2019-09-30 14:06:42,793 [main] INFO  impl.RoleInfo (RoleInfo.java:shutdownLeaderState(104)) - 9a44d653-00bd-4d36-9573-853dfaad290c: shutdown LeaderState
2019-09-30 14:06:42,794 [7e26ba04-d72c-4841-b33c-e390f5f396e9@group-EABF7C709D43-StateMachineUpdater] INFO  ratis.ContainerStateMachine (ContainerStateMachine.java:takeSnapshot(289)) - group-EABF7C709D43: Taking a snapshot at:(t:1, i:17) file /workdir/hadoop-ozone/integration-test/target/test-dir/MiniOzoneClusterImpl-8b753bf4-8e52-47bf-b887-5f8f577e75fc/datanode-2/data/ratis/b9045580-1dfa-4658-a35f-eabf7c709d43/sm/snapshot.1_17
2019-09-30 14:06:42,794 [Thread-3149] INFO  impl.FollowerState (FollowerState.java:run(115)) - 7e26ba04-d72c-4841-b33c-e390f5f396e9: FollowerState was interrupted: java.lang.InterruptedException: sleep interrupted
2019-09-30 14:06:42,793 [ForkJoinPool.commonPool-worker-0] INFO  impl.StateMachineUpdater (StateMachineUpdater.java:stopAndJoin(125)) - 7e26ba04-d72c-4841-b33c-e390f5f396e9@group-EABF7C709D43-StateMachineUpdater: set stopIndex = 17
2019-09-30 14:06:42,794 [main] INFO  impl.PendingRequests (PendingRequests.java:sendNotLeaderResponses(202)) - 9a44d653-00bd-4d36-9573-853dfaad290c-PendingRequests: sendNotLeaderResponses
2019-09-30 14:06:42,795 [main] INFO  impl.StateMachineUpdater (StateMachineUpdater.java:stopAndJoin(125)) - 9a44d653-00bd-4d36-9573-853dfaad290c@group-8817B84B0049-StateMachineUpdater: set stopIndex = 0
2019-09-30 14:06:42,797 [main] INFO  impl.RaftServerImpl (ServerState.java:close(385)) - 9a44d653-00bd-4d36-9573-853dfaad290c@group-8817B84B0049: closes. applyIndex: 0
2019-09-30 14:06:42,797 [9a44d653-00bd-4d36-9573-853dfaad290c@group-8817B84B0049-SegmentedRaftLogWorker] INFO  segmented.SegmentedRaftLogWorker (SegmentedRaftLogWorker.java:run(313)) - 9a44d653-00bd-4d36-9573-853dfaad290c@group-8817B84B0049-SegmentedRaftLogWorker was interrupted, exiting. There are 0 tasks remaining in the queue.
2019-09-30 14:06:42,800 [main] INFO  segmented.SegmentedRaftLogWorker (SegmentedRaftLogWorker.java:close(228)) - 9a44d653-00bd-4d36-9573-853dfaad290c@group-8817B84B0049-SegmentedRaftLogWorker close()
2019-09-30 14:06:42,805 [main] INFO  impl.RaftServerImpl (RaftServerImpl.java:lambda$shutdown$3(251)) - 9a44d653-00bd-4d36-9573-853dfaad290c@group-370197AEC399: shutdown
2019-09-30 14:06:42,805 [main] INFO  util.JmxRegister (JmxRegister.java:unregister(73)) - Successfully un-registered JMX Bean with object name Ratis:service=RaftServer,group=group-370197AEC399,id=9a44d653-00bd-4d36-9573-853dfaad290c
2019-09-30 14:06:42,806 [main] INFO  impl.RoleInfo (RoleInfo.java:shutdownLeaderState(104)) - 9a44d653-00bd-4d36-9573-853dfaad290c: shutdown LeaderState
2019-09-30 14:06:42,810 [org.apache.ratis.server.impl.LogAppender$AppenderDaemon$$Lambda$522/1766442520@7941d96] WARN  server.GrpcLogAppender (GrpcLogAppender.java:mayWait(143)) - 9a44d653-00bd-4d36-9573-853dfaad290c@group-370197AEC399->28e68ed4-4b03-4e16-97ee-efd5dab342dd-GrpcLogAppender: Wait interrupted by java.lang.InterruptedException
2019-09-30 14:06:42,810 [main] INFO  impl.PendingRequests (PendingRequests.java:sendNotLeaderResponses(202)) - 9a44d653-00bd-4d36-9573-853dfaad290c-PendingRequests: sendNotLeaderResponses
2019-09-30 14:06:42,810 [7e26ba04-d72c-4841-b33c-e390f5f396e9@group-EABF7C709D43-StateMachineUpdater] INFO  ratis.ContainerStateMachine (ContainerStateMachine.java:takeSnapshot(300)) - group-EABF7C709D43: Finished taking a snapshot at:(t:1, i:17) file:/workdir/hadoop-ozone/integration-test/target/test-dir/MiniOzoneClusterImpl-8b753bf4-8e52-47bf-b887-5f8f577e75fc/datanode-2/data/ratis/b9045580-1dfa-4658-a35f-eabf7c709d43/sm/snapshot.1_17 time:16
2019-09-30 14:06:42,810 [org.apache.ratis.server.impl.LogAppender$AppenderDaemon$$Lambda$522/1766442520@33a46a46] WARN  server.GrpcLogAppender (GrpcLogAppender.java:mayWait(143)) - 9a44d653-00bd-4d36-9573-853dfaad290c@group-370197AEC399->4938c74e-7433-4b31-a410-a11afbc45738-GrpcLogAppender: Wait interrupted by java.lang.InterruptedException
2019-09-30 14:06:42,813 [main] INFO  impl.StateMachineUpdater (StateMachineUpdater.java:stopAndJoin(125)) - 9a44d653-00bd-4d36-9573-853dfaad290c@group-370197AEC399-StateMachineUpdater: set stopIndex = 18
2019-09-30 14:06:42,813 [7e26ba04-d72c-4841-b33c-e390f5f396e9@group-EABF7C709D43-StateMachineUpdater] INFO  impl.StateMachineUpdater (StateMachineUpdater.java:takeSnapshot(258)) - 7e26ba04-d72c-4841-b33c-e390f5f396e9@group-EABF7C709D43-StateMachineUpdater: Took a snapshot at index 17
2019-09-30 14:06:42,813 [7e26ba04-d72c-4841-b33c-e390f5f396e9@group-EABF7C709D43-StateMachineUpdater] INFO  impl.StateMachineUpdater (StateMachineUpdater.java:lambda$new$0(83)) - 7e26ba04-d72c-4841-b33c-e390f5f396e9@group-EABF7C709D43-StateMachineUpdater: snapshotIndex: updateIncreasingly -1 -> 17
2019-09-30 14:06:42,813 [9a44d653-00bd-4d36-9573-853dfaad290c@group-370197AEC399-StateMachineUpdater] INFO  ratis.ContainerStateMachine (ContainerStateMachine.java:takeSnapshot(289)) - group-370197AEC399: Taking a snapshot at:(t:1, i:14) file /workdir/hadoop-ozone/integration-test/target/test-dir/MiniOzoneClusterImpl-8b753bf4-8e52-47bf-b887-5f8f577e75fc/datanode-6/data/ratis/1077803d-adae-4cb1-afcd-370197aec399/sm/snapshot.1_14
2019-09-30 14:06:42,814 [ForkJoinPool.commonPool-worker-0] INFO  impl.RaftServerImpl (ServerState.java:close(385)) - 7e26ba04-d72c-4841-b33c-e390f5f396e9@group-EABF7C709D43: closes. applyIndex: 17
2019-09-30 14:06:42,814 [7e26ba04-d72c-4841-b33c-e390f5f396e9@group-EABF7C709D43-SegmentedRaftLogWorker] INFO  segmented.SegmentedRaftLogWorker (SegmentedRaftLogWorker.java:run(313)) - 7e26ba04-d72c-4841-b33c-e390f5f396e9@group-EABF7C709D43-SegmentedRaftLogWorker was interrupted, exiting. There are 0 tasks remaining in the queue.
2019-09-30 14:06:42,818 [ForkJoinPool.commonPool-worker-0] INFO  segmented.SegmentedRaftLogWorker (SegmentedRaftLogWorker.java:close(228)) - 7e26ba04-d72c-4841-b33c-e390f5f396e9@group-EABF7C709D43-SegmentedRaftLogWorker close()
2019-09-30 14:06:42,821 [ForkJoinPool.commonPool-worker-0] INFO  impl.RaftServerImpl (RaftServerImpl.java:lambda$shutdown$3(251)) - 7e26ba04-d72c-4841-b33c-e390f5f396e9@group-CC9344EA3D2C: shutdown
2019-09-30 14:06:42,821 [ForkJoinPool.commonPool-worker-0] INFO  util.JmxRegister (JmxRegister.java:unregister(73)) - Successfully un-registered JMX Bean with object name Ratis:service=RaftServer,group=group-CC9344EA3D2C,id=7e26ba04-d72c-4841-b33c-e390f5f396e9
2019-09-30 14:06:42,822 [ForkJoinPool.commonPool-worker-0] INFO  impl.RoleInfo (RoleInfo.java:shutdownLeaderState(104)) - 7e26ba04-d72c-4841-b33c-e390f5f396e9: shutdown LeaderState
2019-09-30 14:06:42,822 [ForkJoinPool.commonPool-worker-0] INFO  impl.PendingRequests (PendingRequests.java:sendNotLeaderResponses(202)) - 7e26ba04-d72c-4841-b33c-e390f5f396e9-PendingRequests: sendNotLeaderResponses
2019-09-30 14:06:42,822 [ForkJoinPool.commonPool-worker-0] INFO  impl.StateMachineUpdater (StateMachineUpdater.java:stopAndJoin(125)) - 7e26ba04-d72c-4841-b33c-e390f5f396e9@group-CC9344EA3D2C-StateMachineUpdater: set stopIndex = 0
2019-09-30 14:06:42,823 [ForkJoinPool.commonPool-worker-0] INFO  impl.RaftServerImpl (ServerState.java:close(385)) - 7e26ba04-d72c-4841-b33c-e390f5f396e9@group-CC9344EA3D2C: closes. applyIndex: 0
2019-09-30 14:06:42,823 [7e26ba04-d72c-4841-b33c-e390f5f396e9@group-CC9344EA3D2C-SegmentedRaftLogWorker] INFO  segmented.SegmentedRaftLogWorker (SegmentedRaftLogWorker.java:run(313)) - 7e26ba04-d72c-4841-b33c-e390f5f396e9@group-CC9344EA3D2C-SegmentedRaftLogWorker was interrupted, exiting. There are 0 tasks remaining in the queue.
2019-09-30 14:06:42,825 [ForkJoinPool.commonPool-worker-0] INFO  segmented.SegmentedRaftLogWorker (SegmentedRaftLogWorker.java:close(228)) - 7e26ba04-d72c-4841-b33c-e390f5f396e9@group-CC9344EA3D2C-SegmentedRaftLogWorker close()
2019-09-30 14:06:42,827 [9a44d653-00bd-4d36-9573-853dfaad290c@group-370197AEC399-StateMachineUpdater] INFO  ratis.ContainerStateMachine (ContainerStateMachine.java:takeSnapshot(300)) - group-370197AEC399: Finished taking a snapshot at:(t:1, i:14) file:/workdir/hadoop-ozone/integration-test/target/test-dir/MiniOzoneClusterImpl-8b753bf4-8e52-47bf-b887-5f8f577e75fc/datanode-6/data/ratis/1077803d-adae-4cb1-afcd-370197aec399/sm/snapshot.1_14 time:15
2019-09-30 14:06:42,829 [ForkJoinPool.commonPool-worker-0] INFO  server.GrpcService (GrpcService.java:closeImpl(164)) - 7e26ba04-d72c-4841-b33c-e390f5f396e9: shutdown server with port 37543 now
2019-09-30 14:06:42,829 [9a44d653-00bd-4d36-9573-853dfaad290c@group-370197AEC399-StateMachineUpdater] INFO  impl.StateMachineUpdater (StateMachineUpdater.java:takeSnapshot(258)) - 9a44d653-00bd-4d36-9573-853dfaad290c@group-370197AEC399-StateMachineUpdater: Took a snapshot at index 14
2019-09-30 14:06:42,830 [9a44d653-00bd-4d36-9573-853dfaad290c@group-370197AEC399-StateMachineUpdater] INFO  impl.StateMachineUpdater (StateMachineUpdater.java:lambda$new$0(83)) - 9a44d653-00bd-4d36-9573-853dfaad290c@group-370197AEC399-StateMachineUpdater: snapshotIndex: updateIncreasingly -1 -> 14
2019-09-30 14:06:42,830 [9a44d653-00bd-4d36-9573-853dfaad290c@group-370197AEC399-StateMachineUpdater] INFO  ratis.ContainerStateMachine (ContainerStateMachine.java:takeSnapshot(289)) - group-370197AEC399: Taking a snapshot at:(t:1, i:14) file /workdir/hadoop-ozone/integration-test/target/test-dir/MiniOzoneClusterImpl-8b753bf4-8e52-47bf-b887-5f8f577e75fc/datanode-6/data/ratis/1077803d-adae-4cb1-afcd-370197aec399/sm/snapshot.1_14
2019-09-30 14:06:42,830 [grpc-default-executor-1] WARN  server.GrpcServerProtocolService (LogUtils.java:warn(134)) - 7e26ba04-d72c-4841-b33c-e390f5f396e9: installSnapshot onError, lastRequest: f4c77ea4-6dc4-41ad-b812-3c6e0d99b7bc->7e26ba04-d72c-4841-b33c-e390f5f396e9#30-t1, previous=(t:1, i:17), leaderCommit=17, initializing? false, entries: size=1, first=(t:1, i:18), METADATAENTRY(c17): org.apache.ratis.thirdparty.io.grpc.StatusRuntimeException: CANCELLED: cancelled before receiving half close
2019-09-30 14:06:42,831 [grpc-default-executor-10] WARN  server.GrpcLogAppender (LogUtils.java:warn(134)) - f4c77ea4-6dc4-41ad-b812-3c6e0d99b7bc@group-EABF7C709D43->7e26ba04-d72c-4841-b33c-e390f5f396e9-AppendLogResponseHandler: Failed appendEntries: org.apache.ratis.thirdparty.io.grpc.StatusRuntimeException: CANCELLED: HTTP/2 error code: CANCEL
Received Rst Stream
2019-09-30 14:06:42,830 [ForkJoinPool.commonPool-worker-0] INFO  server.GrpcService (GrpcService.java:closeImpl(172)) - 7e26ba04-d72c-4841-b33c-e390f5f396e9: shutdown server with port 37543 successfully
2019-09-30 14:06:42,831 [grpc-default-executor-10] INFO  impl.FollowerInfo (FollowerInfo.java:lambda$new$0(51)) - f4c77ea4-6dc4-41ad-b812-3c6e0d99b7bc@group-EABF7C709D43->7e26ba04-d72c-4841-b33c-e390f5f396e9: nextIndex: updateUnconditionally 19 -> 18
2019-09-30 14:06:42,833 [refreshUsed-/workdir/hadoop-ozone/integration-test/target/test-dir/MiniOzoneClusterImpl-8b753bf4-8e52-47bf-b887-5f8f577e75fc/datanode-2/data/containers] WARN  fs.CachingGetSpaceUsed (CachingGetSpaceUsed.java:run(183)) - Thread Interrupted waiting to refresh disk information: sleep interrupted
2019-09-30 14:06:42,843 [9a44d653-00bd-4d36-9573-853dfaad290c@group-370197AEC399-StateMachineUpdater] INFO  ratis.ContainerStateMachine (ContainerStateMachine.java:takeSnapshot(300)) - group-370197AEC399: Finished taking a snapshot at:(t:1, i:14) file:/workdir/hadoop-ozone/integration-test/target/test-dir/MiniOzoneClusterImpl-8b753bf4-8e52-47bf-b887-5f8f577e75fc/datanode-6/data/ratis/1077803d-adae-4cb1-afcd-370197aec399/sm/snapshot.1_14 time:13
2019-09-30 14:06:42,843 [9a44d653-00bd-4d36-9573-853dfaad290c@group-370197AEC399-StateMachineUpdater] INFO  impl.StateMachineUpdater (StateMachineUpdater.java:takeSnapshot(258)) - 9a44d653-00bd-4d36-9573-853dfaad290c@group-370197AEC399-StateMachineUpdater: Took a snapshot at index 14
2019-09-30 14:06:42,843 [9a44d653-00bd-4d36-9573-853dfaad290c@group-370197AEC399-StateMachineUpdater] INFO  impl.StateMachineUpdater (StateMachineUpdater.java:lambda$new$0(83)) - 9a44d653-00bd-4d36-9573-853dfaad290c@group-370197AEC399-StateMachineUpdater: snapshotIndex: updateIncreasingly 14 -> 14
2019-09-30 14:06:42,843 [main] INFO  impl.RaftServerImpl (ServerState.java:close(385)) - 9a44d653-00bd-4d36-9573-853dfaad290c@group-370197AEC399: closes. applyIndex: 18
2019-09-30 14:06:42,844 [9a44d653-00bd-4d36-9573-853dfaad290c@group-370197AEC399-SegmentedRaftLogWorker] INFO  segmented.SegmentedRaftLogWorker (SegmentedRaftLogWorker.java:run(313)) - 9a44d653-00bd-4d36-9573-853dfaad290c@group-370197AEC399-SegmentedRaftLogWorker was interrupted, exiting. There are 0 tasks remaining in the queue.
2019-09-30 14:06:42,846 [main] INFO  segmented.SegmentedRaftLogWorker (SegmentedRaftLogWorker.java:close(228)) - 9a44d653-00bd-4d36-9573-853dfaad290c@group-370197AEC399-SegmentedRaftLogWorker close()
2019-09-30 14:06:42,849 [main] INFO  server.GrpcService (GrpcService.java:closeImpl(164)) - 9a44d653-00bd-4d36-9573-853dfaad290c: shutdown server with port 38329 now
2019-09-30 14:06:42,849 [main] INFO  server.GrpcService (GrpcService.java:closeImpl(172)) - 9a44d653-00bd-4d36-9573-853dfaad290c: shutdown server with port 38329 successfully
2019-09-30 14:06:42,851 [refreshUsed-/workdir/hadoop-ozone/integration-test/target/test-dir/MiniOzoneClusterImpl-8b753bf4-8e52-47bf-b887-5f8f577e75fc/datanode-6/data/containers] WARN  fs.CachingGetSpaceUsed (CachingGetSpaceUsed.java:run(183)) - Thread Interrupted waiting to refresh disk information: sleep interrupted
2019-09-30 14:06:42,859 [ForkJoinPool.commonPool-worker-0] INFO  utils.BackgroundService (BackgroundService.java:shutdown(148)) - Shutting down service BlockDeletingService
2019-09-30 14:06:42,862 [ForkJoinPool.commonPool-worker-0] INFO  statemachine.DatanodeStateMachine (DatanodeStateMachine.java:stopDaemon(395)) - Ozone container server stopped.
2019-09-30 14:06:42,868 [ForkJoinPool.commonPool-worker-0] INFO  handler.ContextHandler (ContextHandler.java:doStop(910)) - Stopped o.e.j.w.WebAppContext@7bd38fed{/,null,UNAVAILABLE}{/hddsDatanode}
2019-09-30 14:06:42,868 [ForkJoinPool.commonPool-worker-0] INFO  server.AbstractConnector (AbstractConnector.java:doStop(318)) - Stopped ServerConnector@377dfb8d{HTTP/1.1,[http/1.1]}{0.0.0.0:0}
2019-09-30 14:06:42,870 [ForkJoinPool.commonPool-worker-0] INFO  handler.ContextHandler (ContextHandler.java:doStop(910)) - Stopped o.e.j.s.ServletContextHandler@325162e9{/static,jar:file:/home/user/.m2/repository/org/apache/hadoop/hadoop-hdds-container-service/0.5.0-SNAPSHOT/hadoop-hdds-container-service-0.5.0-SNAPSHOT.jar!/webapps/static,UNAVAILABLE}
2019-09-30 14:06:42,871 [ForkJoinPool.commonPool-worker-0] INFO  handler.ContextHandler (ContextHandler.java:doStop(910)) - Stopped o.e.j.s.ServletContextHandler@5e3db14{/logs,file:///workdir/hadoop-ozone/integration-test/target/log,UNAVAILABLE}
2019-09-30 14:06:42,871 [main] INFO  utils.BackgroundService (BackgroundService.java:shutdown(148)) - Shutting down service BlockDeletingService
2019-09-30 14:06:42,875 [main] INFO  statemachine.DatanodeStateMachine (DatanodeStateMachine.java:stopDaemon(395)) - Ozone container server stopped.
2019-09-30 14:06:42,876 [main] INFO  handler.ContextHandler (ContextHandler.java:doStop(910)) - Stopped o.e.j.w.WebAppContext@7ac5b4c{/,null,UNAVAILABLE}{/hddsDatanode}
2019-09-30 14:06:42,877 [main] INFO  server.AbstractConnector (AbstractConnector.java:doStop(318)) - Stopped ServerConnector@150fc7a7{HTTP/1.1,[http/1.1]}{0.0.0.0:0}
2019-09-30 14:06:42,877 [main] INFO  handler.ContextHandler (ContextHandler.java:doStop(910)) - Stopped o.e.j.s.ServletContextHandler@7ec3a8bd{/static,jar:file:/home/user/.m2/repository/org/apache/hadoop/hadoop-hdds-container-service/0.5.0-SNAPSHOT/hadoop-hdds-container-service-0.5.0-SNAPSHOT.jar!/webapps/static,UNAVAILABLE}
2019-09-30 14:06:42,877 [main] INFO  handler.ContextHandler (ContextHandler.java:doStop(910)) - Stopped o.e.j.s.ServletContextHandler@5f5297e3{/logs,file:///workdir/hadoop-ozone/integration-test/target/log,UNAVAILABLE}
2019-09-30 14:06:43,007 [grpc-default-executor-12] WARN  server.GrpcLogAppender (LogUtils.java:warn(134)) - f4c77ea4-6dc4-41ad-b812-3c6e0d99b7bc@group-EABF7C709D43->7e26ba04-d72c-4841-b33c-e390f5f396e9-AppendLogResponseHandler: Failed appendEntries: org.apache.ratis.thirdparty.io.grpc.StatusRuntimeException: UNAVAILABLE: io exception
2019-09-30 14:06:43,007 [grpc-default-executor-12] INFO  impl.FollowerInfo (FollowerInfo.java:lambda$new$0(51)) - f4c77ea4-6dc4-41ad-b812-3c6e0d99b7bc@group-EABF7C709D43->7e26ba04-d72c-4841-b33c-e390f5f396e9: nextIndex: updateUnconditionally 18 -> 17
2019-09-30 14:06:43,007 [grpc-default-executor-11] WARN  server.GrpcLogAppender (LogUtils.java:warn(134)) - f4c77ea4-6dc4-41ad-b812-3c6e0d99b7bc@group-EABF7C709D43->63d2da5d-abdc-4507-99f3-11211187d437-AppendLogResponseHandler: Failed appendEntries: org.apache.ratis.thirdparty.io.grpc.StatusRuntimeException: UNAVAILABLE: io exception
2019-09-30 14:06:43,007 [grpc-default-executor-11] INFO  impl.FollowerInfo (FollowerInfo.java:lambda$new$0(51)) - f4c77ea4-6dc4-41ad-b812-3c6e0d99b7bc@group-EABF7C709D43->63d2da5d-abdc-4507-99f3-11211187d437: nextIndex: updateUnconditionally 15 -> 14
2019-09-30 14:06:43,093 [Datanode State Machine Thread - 0] INFO  statemachine.DatanodeStateMachine (DatanodeStateMachine.java:lambda$startDaemon$0(350)) - Ozone container server started.
2019-09-30 14:06:43,522 [Datanode State Machine Thread - 0] INFO  statemachine.DatanodeStateMachine (DatanodeStateMachine.java:lambda$startDaemon$0(350)) - Ozone container server started.
2019-09-30 14:06:45,511 [grpc-default-executor-10] WARN  server.GrpcLogAppender (LogUtils.java:warn(134)) - f4c77ea4-6dc4-41ad-b812-3c6e0d99b7bc@group-EABF7C709D43->63d2da5d-abdc-4507-99f3-11211187d437-AppendLogResponseHandler: Failed appendEntries: org.apache.ratis.thirdparty.io.grpc.StatusRuntimeException: UNAVAILABLE: io exception
2019-09-30 14:06:45,511 [grpc-default-executor-12] WARN  server.GrpcLogAppender (LogUtils.java:warn(134)) - f4c77ea4-6dc4-41ad-b812-3c6e0d99b7bc@group-EABF7C709D43->7e26ba04-d72c-4841-b33c-e390f5f396e9-AppendLogResponseHandler: Failed appendEntries: org.apache.ratis.thirdparty.io.grpc.StatusRuntimeException: UNAVAILABLE: io exception
2019-09-30 14:06:45,512 [grpc-default-executor-10] INFO  impl.FollowerInfo (FollowerInfo.java:lambda$new$0(51)) - f4c77ea4-6dc4-41ad-b812-3c6e0d99b7bc@group-EABF7C709D43->63d2da5d-abdc-4507-99f3-11211187d437: nextIndex: updateUnconditionally 14 -> 13
2019-09-30 14:06:45,512 [grpc-default-executor-12] INFO  impl.FollowerInfo (FollowerInfo.java:lambda$new$0(51)) - f4c77ea4-6dc4-41ad-b812-3c6e0d99b7bc@group-EABF7C709D43->7e26ba04-d72c-4841-b33c-e390f5f396e9: nextIndex: updateUnconditionally 17 -> 16
2019-09-30 14:06:47,180 [EventQueue-StaleNodeForStaleNodeHandler] INFO  node.StaleNodeHandler (StaleNodeHandler.java:onMessage(58)) - Datanode dbb85d84-175b-4e3c-8670-5d71319b61f7{ip: 192.168.164.197, host: trunk-nightly-extra-20190930-74rp4-3411845215, networkLocation: /default-rack, certSerialId: null} moved to stale state. Finalizing its pipelines [PipelineID=a13c5f8e-abd8-4638-b066-43f6c311e7d0]
2019-09-30 14:06:47,181 [EventQueue-StaleNodeForStaleNodeHandler] INFO  pipeline.SCMPipelineManager (SCMPipelineManager.java:finalizeAndDestroyPipeline(315)) - destroying pipeline:Pipeline[ Id: a13c5f8e-abd8-4638-b066-43f6c311e7d0, Nodes: dbb85d84-175b-4e3c-8670-5d71319b61f7{ip: 192.168.164.197, host: trunk-nightly-extra-20190930-74rp4-3411845215, networkLocation: /default-rack, certSerialId: null}, Type:RATIS, Factor:ONE, State:OPEN]
2019-09-30 14:06:47,182 [EventQueue-StaleNodeForStaleNodeHandler] INFO  pipeline.PipelineStateManager (PipelineStateManager.java:finalizePipeline(123)) - Pipeline Pipeline[ Id: a13c5f8e-abd8-4638-b066-43f6c311e7d0, Nodes: dbb85d84-175b-4e3c-8670-5d71319b61f7{ip: 192.168.164.197, host: trunk-nightly-extra-20190930-74rp4-3411845215, networkLocation: /default-rack, certSerialId: null}, Type:RATIS, Factor:ONE, State:CLOSED] moved to CLOSED state
2019-09-30 14:06:47,580 [EventQueue-StaleNodeForStaleNodeHandler] INFO  node.StaleNodeHandler (StaleNodeHandler.java:onMessage(58)) - Datanode f4c77ea4-6dc4-41ad-b812-3c6e0d99b7bc{ip: 192.168.164.197, host: trunk-nightly-extra-20190930-74rp4-3411845215, networkLocation: /default-rack, certSerialId: null} moved to stale state. Finalizing its pipelines [PipelineID=2312a2c1-99e6-45f2-b716-b600005838ab, PipelineID=b9045580-1dfa-4658-a35f-eabf7c709d43]
2019-09-30 14:06:47,581 [EventQueue-StaleNodeForStaleNodeHandler] INFO  pipeline.SCMPipelineManager (SCMPipelineManager.java:finalizeAndDestroyPipeline(315)) - destroying pipeline:Pipeline[ Id: 2312a2c1-99e6-45f2-b716-b600005838ab, Nodes: f4c77ea4-6dc4-41ad-b812-3c6e0d99b7bc{ip: 192.168.164.197, host: trunk-nightly-extra-20190930-74rp4-3411845215, networkLocation: /default-rack, certSerialId: null}, Type:RATIS, Factor:ONE, State:OPEN]
2019-09-30 14:06:47,581 [EventQueue-StaleNodeForStaleNodeHandler] INFO  pipeline.PipelineStateManager (PipelineStateManager.java:finalizePipeline(123)) - Pipeline Pipeline[ Id: 2312a2c1-99e6-45f2-b716-b600005838ab, Nodes: f4c77ea4-6dc4-41ad-b812-3c6e0d99b7bc{ip: 192.168.164.197, host: trunk-nightly-extra-20190930-74rp4-3411845215, networkLocation: /default-rack, certSerialId: null}, Type:RATIS, Factor:ONE, State:CLOSED] moved to CLOSED state
2019-09-30 14:06:47,581 [EventQueue-StaleNodeForStaleNodeHandler] INFO  pipeline.SCMPipelineManager (SCMPipelineManager.java:finalizeAndDestroyPipeline(315)) - destroying pipeline:Pipeline[ Id: b9045580-1dfa-4658-a35f-eabf7c709d43, Nodes: f4c77ea4-6dc4-41ad-b812-3c6e0d99b7bc{ip: 192.168.164.197, host: trunk-nightly-extra-20190930-74rp4-3411845215, networkLocation: /default-rack, certSerialId: null}63d2da5d-abdc-4507-99f3-11211187d437{ip: 192.168.164.197, host: trunk-nightly-extra-20190930-74rp4-3411845215, networkLocation: /default-rack, certSerialId: null}7e26ba04-d72c-4841-b33c-e390f5f396e9{ip: 192.168.164.197, host: trunk-nightly-extra-20190930-74rp4-3411845215, networkLocation: /default-rack, certSerialId: null}, Type:RATIS, Factor:THREE, State:CLOSED]
2019-09-30 14:06:47,875 [ForkJoinPool.commonPool-worker-0] INFO  ozoneimpl.OzoneContainer (OzoneContainer.java:stop(231)) - Attempting to stop container services.
2019-09-30 14:06:47,876 [ForkJoinPool.commonPool-worker-0] INFO  impl.RaftServerProxy (RaftServerProxy.java:lambda$close$4(314)) - f4c77ea4-6dc4-41ad-b812-3c6e0d99b7bc: close
2019-09-30 14:06:47,876 [ForkJoinPool.commonPool-worker-0] INFO  impl.RaftServerImpl (RaftServerImpl.java:lambda$shutdown$3(251)) - f4c77ea4-6dc4-41ad-b812-3c6e0d99b7bc@group-B600005838AB: shutdown
2019-09-30 14:06:47,877 [ForkJoinPool.commonPool-worker-0] INFO  util.JmxRegister (JmxRegister.java:unregister(73)) - Successfully un-registered JMX Bean with object name Ratis:service=RaftServer,group=group-B600005838AB,id=f4c77ea4-6dc4-41ad-b812-3c6e0d99b7bc
2019-09-30 14:06:47,877 [ForkJoinPool.commonPool-worker-0] INFO  impl.RoleInfo (RoleInfo.java:shutdownLeaderState(104)) - f4c77ea4-6dc4-41ad-b812-3c6e0d99b7bc: shutdown LeaderState
2019-09-30 14:06:47,877 [ForkJoinPool.commonPool-worker-0] INFO  impl.PendingRequests (PendingRequests.java:sendNotLeaderResponses(202)) - f4c77ea4-6dc4-41ad-b812-3c6e0d99b7bc-PendingRequests: sendNotLeaderResponses
2019-09-30 14:06:47,878 [ForkJoinPool.commonPool-worker-0] INFO  impl.StateMachineUpdater (StateMachineUpdater.java:stopAndJoin(125)) - f4c77ea4-6dc4-41ad-b812-3c6e0d99b7bc@group-B600005838AB-StateMachineUpdater: set stopIndex = 0
2019-09-30 14:06:47,879 [main] INFO  ozoneimpl.OzoneContainer (OzoneContainer.java:stop(231)) - Attempting to stop container services.
2019-09-30 14:06:47,879 [ForkJoinPool.commonPool-worker-0] INFO  impl.RaftServerImpl (ServerState.java:close(385)) - f4c77ea4-6dc4-41ad-b812-3c6e0d99b7bc@group-B600005838AB: closes. applyIndex: 0
2019-09-30 14:06:47,882 [main] INFO  impl.RaftServerProxy (RaftServerProxy.java:lambda$close$4(314)) - dbb85d84-175b-4e3c-8670-5d71319b61f7: close
2019-09-30 14:06:47,882 [f4c77ea4-6dc4-41ad-b812-3c6e0d99b7bc@group-B600005838AB-SegmentedRaftLogWorker] INFO  segmented.SegmentedRaftLogWorker (SegmentedRaftLogWorker.java:run(313)) - f4c77ea4-6dc4-41ad-b812-3c6e0d99b7bc@group-B600005838AB-SegmentedRaftLogWorker was interrupted, exiting. There are 0 tasks remaining in the queue.
2019-09-30 14:06:47,882 [main] INFO  impl.RaftServerImpl (RaftServerImpl.java:lambda$shutdown$3(251)) - dbb85d84-175b-4e3c-8670-5d71319b61f7@group-43F6C311E7D0: shutdown
2019-09-30 14:06:47,884 [ForkJoinPool.commonPool-worker-0] INFO  segmented.SegmentedRaftLogWorker (SegmentedRaftLogWorker.java:close(228)) - f4c77ea4-6dc4-41ad-b812-3c6e0d99b7bc@group-B600005838AB-SegmentedRaftLogWorker close()
2019-09-30 14:06:47,885 [main] INFO  util.JmxRegister (JmxRegister.java:unregister(73)) - Successfully un-registered JMX Bean with object name Ratis:service=RaftServer,group=group-43F6C311E7D0,id=dbb85d84-175b-4e3c-8670-5d71319b61f7
2019-09-30 14:06:47,888 [ForkJoinPool.commonPool-worker-0] INFO  impl.RaftServerImpl (RaftServerImpl.java:lambda$shutdown$3(251)) - f4c77ea4-6dc4-41ad-b812-3c6e0d99b7bc@group-EABF7C709D43: shutdown
2019-09-30 14:06:47,889 [main] INFO  impl.RoleInfo (RoleInfo.java:shutdownLeaderState(104)) - dbb85d84-175b-4e3c-8670-5d71319b61f7: shutdown LeaderState
2019-09-30 14:06:47,889 [ForkJoinPool.commonPool-worker-0] INFO  util.JmxRegister (JmxRegister.java:unregister(73)) - Successfully un-registered JMX Bean with object name Ratis:service=RaftServer,group=group-EABF7C709D43,id=f4c77ea4-6dc4-41ad-b812-3c6e0d99b7bc
2019-09-30 14:06:47,889 [main] INFO  impl.PendingRequests (PendingRequests.java:sendNotLeaderResponses(202)) - dbb85d84-175b-4e3c-8670-5d71319b61f7-PendingRequests: sendNotLeaderResponses
2019-09-30 14:06:47,889 [ForkJoinPool.commonPool-worker-0] INFO  impl.RoleInfo (RoleInfo.java:shutdownLeaderState(104)) - f4c77ea4-6dc4-41ad-b812-3c6e0d99b7bc: shutdown LeaderState
2019-09-30 14:06:47,890 [main] INFO  impl.StateMachineUpdater (StateMachineUpdater.java:stopAndJoin(125)) - dbb85d84-175b-4e3c-8670-5d71319b61f7@group-43F6C311E7D0-StateMachineUpdater: set stopIndex = 0
2019-09-30 14:06:47,893 [main] INFO  impl.RaftServerImpl (ServerState.java:close(385)) - dbb85d84-175b-4e3c-8670-5d71319b61f7@group-43F6C311E7D0: closes. applyIndex: 0
2019-09-30 14:06:47,893 [org.apache.ratis.server.impl.LogAppender$AppenderDaemon$$Lambda$522/1766442520@8253d4f] WARN  server.GrpcLogAppender (GrpcLogAppender.java:mayWait(143)) - f4c77ea4-6dc4-41ad-b812-3c6e0d99b7bc@group-EABF7C709D43->63d2da5d-abdc-4507-99f3-11211187d437-GrpcLogAppender: Wait interrupted by java.lang.InterruptedException
2019-09-30 14:06:47,893 [org.apache.ratis.server.impl.LogAppender$AppenderDaemon$$Lambda$522/1766442520@314cc58d] WARN  server.GrpcLogAppender (GrpcLogAppender.java:mayWait(143)) - f4c77ea4-6dc4-41ad-b812-3c6e0d99b7bc@group-EABF7C709D43->7e26ba04-d72c-4841-b33c-e390f5f396e9-GrpcLogAppender: Wait interrupted by java.lang.InterruptedException
2019-09-30 14:06:47,893 [ForkJoinPool.commonPool-worker-0] INFO  impl.PendingRequests (PendingRequests.java:sendNotLeaderResponses(202)) - f4c77ea4-6dc4-41ad-b812-3c6e0d99b7bc-PendingRequests: sendNotLeaderResponses
2019-09-30 14:06:47,894 [dbb85d84-175b-4e3c-8670-5d71319b61f7@group-43F6C311E7D0-SegmentedRaftLogWorker] INFO  segmented.SegmentedRaftLogWorker (SegmentedRaftLogWorker.java:run(313)) - dbb85d84-175b-4e3c-8670-5d71319b61f7@group-43F6C311E7D0-SegmentedRaftLogWorker was interrupted, exiting. There are 0 tasks remaining in the queue.
2019-09-30 14:06:47,898 [main] INFO  segmented.SegmentedRaftLogWorker (SegmentedRaftLogWorker.java:close(228)) - dbb85d84-175b-4e3c-8670-5d71319b61f7@group-43F6C311E7D0-SegmentedRaftLogWorker close()
2019-09-30 14:06:47,898 [ForkJoinPool.commonPool-worker-0] INFO  impl.StateMachineUpdater (StateMachineUpdater.java:stopAndJoin(125)) - f4c77ea4-6dc4-41ad-b812-3c6e0d99b7bc@group-EABF7C709D43-StateMachineUpdater: set stopIndex = 18
2019-09-30 14:06:47,911 [f4c77ea4-6dc4-41ad-b812-3c6e0d99b7bc@group-EABF7C709D43-StateMachineUpdater] INFO  ratis.ContainerStateMachine (ContainerStateMachine.java:takeSnapshot(289)) - group-EABF7C709D43: Taking a snapshot at:(t:1, i:18) file /workdir/hadoop-ozone/integration-test/target/test-dir/MiniOzoneClusterImpl-8b753bf4-8e52-47bf-b887-5f8f577e75fc/datanode-0/data/ratis/b9045580-1dfa-4658-a35f-eabf7c709d43/sm/snapshot.1_18
2019-09-30 14:06:47,911 [main] INFO  server.GrpcService (GrpcService.java:closeImpl(164)) - dbb85d84-175b-4e3c-8670-5d71319b61f7: shutdown server with port 41991 now
2019-09-30 14:06:47,917 [main] INFO  server.GrpcService (GrpcService.java:closeImpl(172)) - dbb85d84-175b-4e3c-8670-5d71319b61f7: shutdown server with port 41991 successfully
2019-09-30 14:06:47,920 [refreshUsed-/workdir/hadoop-ozone/integration-test/target/test-dir/MiniOzoneClusterImpl-8b753bf4-8e52-47bf-b887-5f8f577e75fc/datanode-5/data/containers] WARN  fs.CachingGetSpaceUsed (CachingGetSpaceUsed.java:run(183)) - Thread Interrupted waiting to refresh disk information: sleep interrupted
2019-09-30 14:06:47,930 [f4c77ea4-6dc4-41ad-b812-3c6e0d99b7bc@group-EABF7C709D43-StateMachineUpdater] INFO  ratis.ContainerStateMachine (ContainerStateMachine.java:takeSnapshot(300)) - group-EABF7C709D43: Finished taking a snapshot at:(t:1, i:18) file:/workdir/hadoop-ozone/integration-test/target/test-dir/MiniOzoneClusterImpl-8b753bf4-8e52-47bf-b887-5f8f577e75fc/datanode-0/data/ratis/b9045580-1dfa-4658-a35f-eabf7c709d43/sm/snapshot.1_18 time:32
2019-09-30 14:06:47,930 [f4c77ea4-6dc4-41ad-b812-3c6e0d99b7bc@group-EABF7C709D43-StateMachineUpdater] INFO  impl.StateMachineUpdater (StateMachineUpdater.java:takeSnapshot(258)) - f4c77ea4-6dc4-41ad-b812-3c6e0d99b7bc@group-EABF7C709D43-StateMachineUpdater: Took a snapshot at index 18
2019-09-30 14:06:47,930 [f4c77ea4-6dc4-41ad-b812-3c6e0d99b7bc@group-EABF7C709D43-StateMachineUpdater] INFO  impl.StateMachineUpdater (StateMachineUpdater.java:lambda$new$0(83)) - f4c77ea4-6dc4-41ad-b812-3c6e0d99b7bc@group-EABF7C709D43-StateMachineUpdater: snapshotIndex: updateIncreasingly -1 -> 18
2019-09-30 14:06:47,931 [ForkJoinPool.commonPool-worker-0] INFO  impl.RaftServerImpl (ServerState.java:close(385)) - f4c77ea4-6dc4-41ad-b812-3c6e0d99b7bc@group-EABF7C709D43: closes. applyIndex: 18
2019-09-30 14:06:47,931 [f4c77ea4-6dc4-41ad-b812-3c6e0d99b7bc@group-EABF7C709D43-SegmentedRaftLogWorker] INFO  segmented.SegmentedRaftLogWorker (SegmentedRaftLogWorker.java:run(313)) - f4c77ea4-6dc4-41ad-b812-3c6e0d99b7bc@group-EABF7C709D43-SegmentedRaftLogWorker was interrupted, exiting. There are 0 tasks remaining in the queue.
2019-09-30 14:06:47,932 [ForkJoinPool.commonPool-worker-0] INFO  segmented.SegmentedRaftLogWorker (SegmentedRaftLogWorker.java:close(228)) - f4c77ea4-6dc4-41ad-b812-3c6e0d99b7bc@group-EABF7C709D43-SegmentedRaftLogWorker close()
2019-09-30 14:06:47,933 [ForkJoinPool.commonPool-worker-0] INFO  server.GrpcService (GrpcService.java:closeImpl(164)) - f4c77ea4-6dc4-41ad-b812-3c6e0d99b7bc: shutdown server with port 34037 now
2019-09-30 14:06:47,934 [grpc-default-executor-10] WARN  client.GrpcClientProtocolService (LogUtils.java:warn(134)) - 1-UnorderedRequestStreamObserver1: onError: org.apache.ratis.thirdparty.io.grpc.StatusRuntimeException: CANCELLED: cancelled before receiving half close
2019-09-30 14:06:47,934 [ForkJoinPool.commonPool-worker-0] INFO  server.GrpcService (GrpcService.java:closeImpl(172)) - f4c77ea4-6dc4-41ad-b812-3c6e0d99b7bc: shutdown server with port 34037 successfully
2019-09-30 14:06:47,936 [refreshUsed-/workdir/hadoop-ozone/integration-test/target/test-dir/MiniOzoneClusterImpl-8b753bf4-8e52-47bf-b887-5f8f577e75fc/datanode-0/data/containers] WARN  fs.CachingGetSpaceUsed (CachingGetSpaceUsed.java:run(183)) - Thread Interrupted waiting to refresh disk information: sleep interrupted
2019-09-30 14:06:47,939 [main] INFO  utils.BackgroundService (BackgroundService.java:shutdown(148)) - Shutting down service BlockDeletingService
2019-09-30 14:06:47,943 [main] INFO  statemachine.DatanodeStateMachine (DatanodeStateMachine.java:stopDaemon(395)) - Ozone container server stopped.
2019-09-30 14:06:47,944 [main] INFO  handler.ContextHandler (ContextHandler.java:doStop(910)) - Stopped o.e.j.w.WebAppContext@19fbc594{/,null,UNAVAILABLE}{/hddsDatanode}
2019-09-30 14:06:47,945 [main] INFO  server.AbstractConnector (AbstractConnector.java:doStop(318)) - Stopped ServerConnector@2f4d32bf{HTTP/1.1,[http/1.1]}{0.0.0.0:0}
2019-09-30 14:06:47,945 [main] INFO  handler.ContextHandler (ContextHandler.java:doStop(910)) - Stopped o.e.j.s.ServletContextHandler@1b7554d4{/static,jar:file:/home/user/.m2/repository/org/apache/hadoop/hadoop-hdds-container-service/0.5.0-SNAPSHOT/hadoop-hdds-container-service-0.5.0-SNAPSHOT.jar!/webapps/static,UNAVAILABLE}
2019-09-30 14:06:47,946 [main] INFO  handler.ContextHandler (ContextHandler.java:doStop(910)) - Stopped o.e.j.s.ServletContextHandler@154b8cb6{/logs,file:///workdir/hadoop-ozone/integration-test/target/log,UNAVAILABLE}
2019-09-30 14:06:47,952 [ForkJoinPool.commonPool-worker-0] INFO  utils.BackgroundService (BackgroundService.java:shutdown(148)) - Shutting down service BlockDeletingService
2019-09-30 14:06:47,955 [ForkJoinPool.commonPool-worker-0] INFO  statemachine.DatanodeStateMachine (DatanodeStateMachine.java:stopDaemon(395)) - Ozone container server stopped.
2019-09-30 14:06:47,958 [ForkJoinPool.commonPool-worker-0] INFO  handler.ContextHandler (ContextHandler.java:doStop(910)) - Stopped o.e.j.w.WebAppContext@696fad31{/,null,UNAVAILABLE}{/hddsDatanode}
2019-09-30 14:06:47,958 [ForkJoinPool.commonPool-worker-0] INFO  server.AbstractConnector (AbstractConnector.java:doStop(318)) - Stopped ServerConnector@2c06b113{HTTP/1.1,[http/1.1]}{0.0.0.0:0}
2019-09-30 14:06:47,961 [ForkJoinPool.commonPool-worker-0] INFO  handler.ContextHandler (ContextHandler.java:doStop(910)) - Stopped o.e.j.s.ServletContextHandler@52f8a6f4{/static,jar:file:/home/user/.m2/repository/org/apache/hadoop/hadoop-hdds-container-service/0.5.0-SNAPSHOT/hadoop-hdds-container-service-0.5.0-SNAPSHOT.jar!/webapps/static,UNAVAILABLE}
2019-09-30 14:06:47,962 [ForkJoinPool.commonPool-worker-0] INFO  handler.ContextHandler (ContextHandler.java:doStop(910)) - Stopped o.e.j.s.ServletContextHandler@52ecc989{/logs,file:///workdir/hadoop-ozone/integration-test/target/log,UNAVAILABLE}
2019-09-30 14:06:47,962 [main] INFO  ozone.MiniOzoneClusterImpl (MiniOzoneClusterImpl.java:stopSCM(392)) - Stopping the StorageContainerManager
2019-09-30 14:06:47,963 [main] INFO  server.StorageContainerManager (StorageContainerManager.java:stop(808)) - Stopping Replication Manager Service.
2019-09-30 14:06:47,963 [main] INFO  container.ReplicationManager (ReplicationManager.java:stop(203)) - Stopping Replication Monitor Thread.
2019-09-30 14:06:47,963 [main] INFO  server.StorageContainerManager (StorageContainerManager.java:stop(815)) - Stopping Lease Manager of the command watchers
2019-09-30 14:06:47,963 [main] INFO  server.StorageContainerManager (StorageContainerManager.java:stop(822)) - Stopping datanode service RPC server
2019-09-30 14:06:47,963 [main] INFO  server.SCMDatanodeProtocolServer (SCMDatanodeProtocolServer.java:stop(367)) - Stopping the RPC server for DataNodes
2019-09-30 14:06:47,963 [main] INFO  ipc.Server (Server.java:stop(3082)) - Stopping server on 41550
2019-09-30 14:06:47,965 [IPC Server listener on 41550] INFO  ipc.Server (Server.java:run(1185)) - Stopping IPC Server listener on 41550
2019-09-30 14:06:47,966 [IPC Server Responder] INFO  ipc.Server (Server.java:run(1319)) - Stopping IPC Server Responder
2019-09-30 14:06:47,981 [SCM Heartbeat Processing Thread - 0] WARN  node.NodeStateManager (NodeStateManager.java:scheduleNextHealthCheck(646)) - Current Thread is interrupted, shutting down HB processing thread for Node Manager.
2019-09-30 14:06:47,981 [main] INFO  server.StorageContainerManager (StorageContainerManager.java:stop(830)) - Stopping block service RPC server
2019-09-30 14:06:47,982 [main] INFO  server.SCMBlockProtocolServer (SCMBlockProtocolServer.java:stop(155)) - Stopping the RPC server for Block Protocol
2019-09-30 14:06:47,982 [main] INFO  ipc.Server (Server.java:stop(3082)) - Stopping server on 45123
2019-09-30 14:06:47,984 [IPC Server listener on 45123] INFO  ipc.Server (Server.java:run(1185)) - Stopping IPC Server listener on 45123
2019-09-30 14:06:47,984 [main] INFO  server.StorageContainerManager (StorageContainerManager.java:stop(837)) - Stopping the StorageContainerLocationProtocol RPC server
2019-09-30 14:06:47,984 [main] INFO  server.SCMClientProtocolServer (SCMClientProtocolServer.java:stop(158)) - Stopping the RPC server for Client Protocol
2019-09-30 14:06:47,984 [IPC Server Responder] INFO  ipc.Server (Server.java:run(1319)) - Stopping IPC Server Responder
2019-09-30 14:06:47,984 [main] INFO  ipc.Server (Server.java:stop(3082)) - Stopping server on 35376
2019-09-30 14:06:47,986 [IPC Server listener on 35376] INFO  ipc.Server (Server.java:run(1185)) - Stopping IPC Server listener on 35376
2019-09-30 14:06:47,986 [main] INFO  server.StorageContainerManager (StorageContainerManager.java:stop(844)) - Stopping Storage Container Manager HTTP server.
2019-09-30 14:06:47,987 [IPC Server Responder] INFO  ipc.Server (Server.java:run(1319)) - Stopping IPC Server Responder
2019-09-30 14:06:47,987 [main] INFO  handler.ContextHandler (ContextHandler.java:doStop(910)) - Stopped o.e.j.w.WebAppContext@62a6674f{/,null,UNAVAILABLE}{/scm}
2019-09-30 14:06:47,988 [main] INFO  server.AbstractConnector (AbstractConnector.java:doStop(318)) - Stopped ServerConnector@70881123{HTTP/1.1,[http/1.1]}{0.0.0.0:0}
2019-09-30 14:06:47,988 [main] INFO  handler.ContextHandler (ContextHandler.java:doStop(910)) - Stopped o.e.j.s.ServletContextHandler@6380e9e9{/static,file:///workdir/hadoop-ozone/integration-test/target/test-classes/webapps/static,UNAVAILABLE}
2019-09-30 14:06:47,989 [main] INFO  handler.ContextHandler (ContextHandler.java:doStop(910)) - Stopped o.e.j.s.ServletContextHandler@367d34c0{/logs,file:///workdir/hadoop-ozone/integration-test/target/log,UNAVAILABLE}
2019-09-30 14:06:47,989 [main] INFO  server.StorageContainerManager (StorageContainerManager.java:stop(855)) - Stopping Block Manager Service.
2019-09-30 14:06:47,990 [main] INFO  utils.BackgroundService (BackgroundService.java:shutdown(148)) - Shutting down service SCMBlockDeletingService
2019-09-30 14:06:47,990 [main] INFO  utils.BackgroundService (BackgroundService.java:shutdown(148)) - Shutting down service SCMBlockDeletingService
2019-09-30 14:06:47,990 [main] INFO  server.StorageContainerManager (StorageContainerManager.java:stop(877)) - Stopping SCM Event Queue.
2019-09-30 14:06:47,994 [main] INFO  impl.MetricsSystemImpl (MetricsSystemImpl.java:stop(210)) - Stopping HddsDatanode metrics system...
2019-09-30 14:06:48,015 [main] INFO  impl.MetricsSystemImpl (MetricsSystemImpl.java:stop(216)) - HddsDatanode metrics system stopped.
]]></system-out>
    <system-err><![CDATA[Sep 30, 2019 2:06:19 PM org.apache.ratis.thirdparty.io.grpc.internal.ManagedChannelOrphanWrapper$ManagedChannelReference cleanQueue
SEVERE: *~*~*~ Channel ManagedChannelImpl{logId=2792, target=192.168.164.197:39263} was not shutdown properly!!! ~*~*~*
    Make sure to call shutdown()/shutdownNow() and wait until awaitTermination() returns true.
java.lang.RuntimeException: ManagedChannel allocation site
	at org.apache.ratis.thirdparty.io.grpc.internal.ManagedChannelOrphanWrapper$ManagedChannelReference.<init>(ManagedChannelOrphanWrapper.java:103)
	at org.apache.ratis.thirdparty.io.grpc.internal.ManagedChannelOrphanWrapper.<init>(ManagedChannelOrphanWrapper.java:53)
	at org.apache.ratis.thirdparty.io.grpc.internal.ManagedChannelOrphanWrapper.<init>(ManagedChannelOrphanWrapper.java:44)
	at org.apache.ratis.thirdparty.io.grpc.internal.AbstractManagedChannelImplBuilder.build(AbstractManagedChannelImplBuilder.java:411)
	at org.apache.hadoop.hdds.scm.XceiverClientGrpc.connectToDatanode(XceiverClientGrpc.java:181)
	at org.apache.hadoop.hdds.scm.XceiverClientGrpc.reconnect(XceiverClientGrpc.java:429)
	at org.apache.hadoop.hdds.scm.XceiverClientGrpc.sendCommandAsync(XceiverClientGrpc.java:378)
	at org.apache.hadoop.hdds.scm.XceiverClientGrpc.sendCommandWithRetry(XceiverClientGrpc.java:291)
	at org.apache.hadoop.hdds.scm.XceiverClientGrpc.sendCommandWithTraceIDAndRetry(XceiverClientGrpc.java:257)
	at org.apache.hadoop.hdds.scm.XceiverClientGrpc.sendCommand(XceiverClientGrpc.java:240)
	at org.apache.hadoop.hdds.scm.storage.ContainerProtocolCalls.getBlock(ContainerProtocolCalls.java:118)
	at org.apache.hadoop.hdds.scm.storage.BlockInputStream.getChunkInfos(BlockInputStream.java:167)
	at org.apache.hadoop.hdds.scm.storage.BlockInputStream.initialize(BlockInputStream.java:118)
	at org.apache.hadoop.hdds.scm.storage.BlockInputStream.read(BlockInputStream.java:222)
	at org.apache.hadoop.ozone.client.io.KeyInputStream.read(KeyInputStream.java:171)
	at org.apache.hadoop.ozone.client.io.OzoneInputStream.read(OzoneInputStream.java:47)
	at java.io.InputStream.read(InputStream.java:101)
	at org.apache.hadoop.ozone.container.ContainerTestHelper.validateData(ContainerTestHelper.java:714)
	at org.apache.hadoop.ozone.client.rpc.TestBlockOutputStreamWithFailures.validateData(TestBlockOutputStreamWithFailures.java:1216)
	at org.apache.hadoop.ozone.client.rpc.TestBlockOutputStreamWithFailures.testDatanodeFailureWithSingleNodeRatis(TestBlockOutputStreamWithFailures.java:1058)
	at sun.reflect.NativeMethodAccessorImpl.invoke0(Native Method)
	at sun.reflect.NativeMethodAccessorImpl.invoke(NativeMethodAccessorImpl.java:62)
	at sun.reflect.DelegatingMethodAccessorImpl.invoke(DelegatingMethodAccessorImpl.java:43)
	at java.lang.reflect.Method.invoke(Method.java:498)
	at org.junit.runners.model.FrameworkMethod$1.runReflectiveCall(FrameworkMethod.java:47)
	at org.junit.internal.runners.model.ReflectiveCallable.run(ReflectiveCallable.java:12)
	at org.junit.runners.model.FrameworkMethod.invokeExplosively(FrameworkMethod.java:44)
	at org.junit.internal.runners.statements.InvokeMethod.evaluate(InvokeMethod.java:17)
	at org.junit.internal.runners.statements.RunBefores.evaluate(RunBefores.java:26)
	at org.junit.internal.runners.statements.RunAfters.evaluate(RunAfters.java:27)
	at org.junit.runners.ParentRunner.runLeaf(ParentRunner.java:271)
	at org.junit.runners.BlockJUnit4ClassRunner.runChild(BlockJUnit4ClassRunner.java:70)
	at org.junit.runners.BlockJUnit4ClassRunner.runChild(BlockJUnit4ClassRunner.java:50)
	at org.junit.runners.ParentRunner$3.run(ParentRunner.java:238)
	at org.junit.runners.ParentRunner$1.schedule(ParentRunner.java:63)
	at org.junit.runners.ParentRunner.runChildren(ParentRunner.java:236)
	at org.junit.runners.ParentRunner.access$000(ParentRunner.java:53)
	at org.junit.runners.ParentRunner$2.evaluate(ParentRunner.java:229)
	at org.junit.runners.ParentRunner.run(ParentRunner.java:309)
	at org.apache.maven.surefire.junit4.JUnit4Provider.execute(JUnit4Provider.java:365)
	at org.apache.maven.surefire.junit4.JUnit4Provider.executeWithRerun(JUnit4Provider.java:273)
	at org.apache.maven.surefire.junit4.JUnit4Provider.executeTestSet(JUnit4Provider.java:238)
	at org.apache.maven.surefire.junit4.JUnit4Provider.invoke(JUnit4Provider.java:159)
	at org.apache.maven.surefire.booter.ForkedBooter.invokeProviderInSameClassLoader(ForkedBooter.java:384)
	at org.apache.maven.surefire.booter.ForkedBooter.runSuitesInProcess(ForkedBooter.java:345)
	at org.apache.maven.surefire.booter.ForkedBooter.execute(ForkedBooter.java:126)
	at org.apache.maven.surefire.booter.ForkedBooter.main(ForkedBooter.java:418)

Sep 30, 2019 2:06:19 PM org.apache.ratis.thirdparty.io.grpc.internal.ManagedChannelOrphanWrapper$ManagedChannelReference cleanQueue
SEVERE: *~*~*~ Channel ManagedChannelImpl{logId=3014, target=192.168.164.197:42962} was not shutdown properly!!! ~*~*~*
    Make sure to call shutdown()/shutdownNow() and wait until awaitTermination() returns true.
java.lang.RuntimeException: ManagedChannel allocation site
	at org.apache.ratis.thirdparty.io.grpc.internal.ManagedChannelOrphanWrapper$ManagedChannelReference.<init>(ManagedChannelOrphanWrapper.java:103)
	at org.apache.ratis.thirdparty.io.grpc.internal.ManagedChannelOrphanWrapper.<init>(ManagedChannelOrphanWrapper.java:53)
	at org.apache.ratis.thirdparty.io.grpc.internal.ManagedChannelOrphanWrapper.<init>(ManagedChannelOrphanWrapper.java:44)
	at org.apache.ratis.thirdparty.io.grpc.internal.AbstractManagedChannelImplBuilder.build(AbstractManagedChannelImplBuilder.java:411)
	at org.apache.ratis.grpc.client.GrpcClientProtocolClient.<init>(GrpcClientProtocolClient.java:127)
	at org.apache.ratis.grpc.client.GrpcClientRpc.lambda$new$0(GrpcClientRpc.java:55)
	at org.apache.ratis.util.PeerProxyMap$PeerAndProxy.lambda$getProxy$0(PeerProxyMap.java:61)
	at org.apache.ratis.util.LifeCycle.startAndTransition(LifeCycle.java:202)
	at org.apache.ratis.util.PeerProxyMap$PeerAndProxy.getProxy(PeerProxyMap.java:60)
	at org.apache.ratis.util.PeerProxyMap.getProxy(PeerProxyMap.java:108)
	at org.apache.ratis.grpc.client.GrpcClientRpc.sendRequestAsync(GrpcClientRpc.java:66)
	at org.apache.ratis.client.impl.OrderedAsync.sendRequest(OrderedAsync.java:208)
	at org.apache.ratis.client.impl.OrderedAsync.sendRequestWithRetry(OrderedAsync.java:169)
	at org.apache.ratis.util.SlidingWindow$Client.sendOrDelayRequest(SlidingWindow.java:278)
	at org.apache.ratis.util.SlidingWindow$Client.submitNewRequest(SlidingWindow.java:257)
	at org.apache.ratis.client.impl.OrderedAsync.send(OrderedAsync.java:155)
	at org.apache.ratis.client.impl.RaftClientImpl.sendAsync(RaftClientImpl.java:144)
	at org.apache.ratis.client.impl.RaftClientImpl.sendAsync(RaftClientImpl.java:124)
	at org.apache.hadoop.hdds.scm.XceiverClientRatis.sendRequestAsync(XceiverClientRatis.java:234)
	at org.apache.hadoop.hdds.scm.XceiverClientRatis.sendCommandAsync(XceiverClientRatis.java:332)
	at org.apache.hadoop.hdds.scm.storage.ContainerProtocolCalls.writeChunkAsync(ContainerProtocolCalls.java:310)
	at org.apache.hadoop.hdds.scm.storage.BlockOutputStream.writeChunkToContainer(BlockOutputStream.java:601)
	at org.apache.hadoop.hdds.scm.storage.BlockOutputStream.writeChunk(BlockOutputStream.java:459)
	at org.apache.hadoop.hdds.scm.storage.BlockOutputStream.writeOnRetry(BlockOutputStream.java:285)
	at org.apache.hadoop.ozone.client.io.BlockOutputStreamEntry.writeOnRetry(BlockOutputStreamEntry.java:200)
	at org.apache.hadoop.ozone.client.io.KeyOutputStream.handleWrite(KeyOutputStream.java:206)
	at org.apache.hadoop.ozone.client.io.KeyOutputStream.handleRetry(KeyOutputStream.java:375)
	at org.apache.hadoop.ozone.client.io.KeyOutputStream.handleException(KeyOutputStream.java:324)
	at org.apache.hadoop.ozone.client.io.KeyOutputStream.handleFlushOrClose(KeyOutputStream.java:449)
	at org.apache.hadoop.ozone.client.io.KeyOutputStream.handleWrite(KeyOutputStream.java:232)
	at org.apache.hadoop.ozone.client.io.KeyOutputStream.write(KeyOutputStream.java:190)
	at org.apache.hadoop.ozone.client.io.OzoneOutputStream.write(OzoneOutputStream.java:49)
	at java.io.OutputStream.write(OutputStream.java:75)
	at org.apache.hadoop.ozone.client.rpc.TestBlockOutputStreamWithFailures.testWatchForCommitWithSingleNodeRatis(TestBlockOutputStreamWithFailures.java:885)
	at sun.reflect.NativeMethodAccessorImpl.invoke0(Native Method)
	at sun.reflect.NativeMethodAccessorImpl.invoke(NativeMethodAccessorImpl.java:62)
	at sun.reflect.DelegatingMethodAccessorImpl.invoke(DelegatingMethodAccessorImpl.java:43)
	at java.lang.reflect.Method.invoke(Method.java:498)
	at org.junit.runners.model.FrameworkMethod$1.runReflectiveCall(FrameworkMethod.java:47)
	at org.junit.internal.runners.model.ReflectiveCallable.run(ReflectiveCallable.java:12)
	at org.junit.runners.model.FrameworkMethod.invokeExplosively(FrameworkMethod.java:44)
	at org.junit.internal.runners.statements.InvokeMethod.evaluate(InvokeMethod.java:17)
	at org.junit.internal.runners.statements.RunBefores.evaluate(RunBefores.java:26)
	at org.junit.internal.runners.statements.RunAfters.evaluate(RunAfters.java:27)
	at org.junit.runners.ParentRunner.runLeaf(ParentRunner.java:271)
	at org.junit.runners.BlockJUnit4ClassRunner.runChild(BlockJUnit4ClassRunner.java:70)
	at org.junit.runners.BlockJUnit4ClassRunner.runChild(BlockJUnit4ClassRunner.java:50)
	at org.junit.runners.ParentRunner$3.run(ParentRunner.java:238)
	at org.junit.runners.ParentRunner$1.schedule(ParentRunner.java:63)
	at org.junit.runners.ParentRunner.runChildren(ParentRunner.java:236)
	at org.junit.runners.ParentRunner.access$000(ParentRunner.java:53)
	at org.junit.runners.ParentRunner$2.evaluate(ParentRunner.java:229)
	at org.junit.runners.ParentRunner.run(ParentRunner.java:309)
	at org.apache.maven.surefire.junit4.JUnit4Provider.execute(JUnit4Provider.java:365)
	at org.apache.maven.surefire.junit4.JUnit4Provider.executeWithRerun(JUnit4Provider.java:273)
	at org.apache.maven.surefire.junit4.JUnit4Provider.executeTestSet(JUnit4Provider.java:238)
	at org.apache.maven.surefire.junit4.JUnit4Provider.invoke(JUnit4Provider.java:159)
	at org.apache.maven.surefire.booter.ForkedBooter.invokeProviderInSameClassLoader(ForkedBooter.java:384)
	at org.apache.maven.surefire.booter.ForkedBooter.runSuitesInProcess(ForkedBooter.java:345)
	at org.apache.maven.surefire.booter.ForkedBooter.execute(ForkedBooter.java:126)
	at org.apache.maven.surefire.booter.ForkedBooter.main(ForkedBooter.java:418)

Sep 30, 2019 2:06:19 PM org.apache.ratis.thirdparty.io.grpc.internal.ManagedChannelOrphanWrapper$ManagedChannelReference cleanQueue
SEVERE: *~*~*~ Channel ManagedChannelImpl{logId=3019, target=192.168.164.197:33515} was not shutdown properly!!! ~*~*~*
    Make sure to call shutdown()/shutdownNow() and wait until awaitTermination() returns true.
java.lang.RuntimeException: ManagedChannel allocation site
	at org.apache.ratis.thirdparty.io.grpc.internal.ManagedChannelOrphanWrapper$ManagedChannelReference.<init>(ManagedChannelOrphanWrapper.java:103)
	at org.apache.ratis.thirdparty.io.grpc.internal.ManagedChannelOrphanWrapper.<init>(ManagedChannelOrphanWrapper.java:53)
	at org.apache.ratis.thirdparty.io.grpc.internal.ManagedChannelOrphanWrapper.<init>(ManagedChannelOrphanWrapper.java:44)
	at org.apache.ratis.thirdparty.io.grpc.internal.AbstractManagedChannelImplBuilder.build(AbstractManagedChannelImplBuilder.java:411)
	at org.apache.hadoop.hdds.scm.XceiverClientGrpc.connectToDatanode(XceiverClientGrpc.java:181)
	at org.apache.hadoop.hdds.scm.XceiverClientGrpc.reconnect(XceiverClientGrpc.java:429)
	at org.apache.hadoop.hdds.scm.XceiverClientGrpc.sendCommandAsync(XceiverClientGrpc.java:378)
	at org.apache.hadoop.hdds.scm.XceiverClientGrpc.sendCommandWithRetry(XceiverClientGrpc.java:291)
	at org.apache.hadoop.hdds.scm.XceiverClientGrpc.sendCommandWithTraceIDAndRetry(XceiverClientGrpc.java:257)
	at org.apache.hadoop.hdds.scm.XceiverClientGrpc.sendCommand(XceiverClientGrpc.java:240)
	at org.apache.hadoop.hdds.scm.storage.ContainerProtocolCalls.getBlock(ContainerProtocolCalls.java:118)
	at org.apache.hadoop.hdds.scm.storage.BlockInputStream.getChunkInfos(BlockInputStream.java:167)
	at org.apache.hadoop.hdds.scm.storage.BlockInputStream.initialize(BlockInputStream.java:118)
	at org.apache.hadoop.hdds.scm.storage.BlockInputStream.read(BlockInputStream.java:222)
	at org.apache.hadoop.ozone.client.io.KeyInputStream.read(KeyInputStream.java:171)
	at org.apache.hadoop.ozone.client.io.OzoneInputStream.read(OzoneInputStream.java:47)
	at java.io.InputStream.read(InputStream.java:101)
	at org.apache.hadoop.ozone.container.ContainerTestHelper.validateData(ContainerTestHelper.java:714)
	at org.apache.hadoop.ozone.client.rpc.TestBlockOutputStreamWithFailures.validateData(TestBlockOutputStreamWithFailures.java:1216)
	at org.apache.hadoop.ozone.client.rpc.TestBlockOutputStreamWithFailures.testWatchForCommitWithSingleNodeRatis(TestBlockOutputStreamWithFailures.java:918)
	at sun.reflect.NativeMethodAccessorImpl.invoke0(Native Method)
	at sun.reflect.NativeMethodAccessorImpl.invoke(NativeMethodAccessorImpl.java:62)
	at sun.reflect.DelegatingMethodAccessorImpl.invoke(DelegatingMethodAccessorImpl.java:43)
	at java.lang.reflect.Method.invoke(Method.java:498)
	at org.junit.runners.model.FrameworkMethod$1.runReflectiveCall(FrameworkMethod.java:47)
	at org.junit.internal.runners.model.ReflectiveCallable.run(ReflectiveCallable.java:12)
	at org.junit.runners.model.FrameworkMethod.invokeExplosively(FrameworkMethod.java:44)
	at org.junit.internal.runners.statements.InvokeMethod.evaluate(InvokeMethod.java:17)
	at org.junit.internal.runners.statements.RunBefores.evaluate(RunBefores.java:26)
	at org.junit.internal.runners.statements.RunAfters.evaluate(RunAfters.java:27)
	at org.junit.runners.ParentRunner.runLeaf(ParentRunner.java:271)
	at org.junit.runners.BlockJUnit4ClassRunner.runChild(BlockJUnit4ClassRunner.java:70)
	at org.junit.runners.BlockJUnit4ClassRunner.runChild(BlockJUnit4ClassRunner.java:50)
	at org.junit.runners.ParentRunner$3.run(ParentRunner.java:238)
	at org.junit.runners.ParentRunner$1.schedule(ParentRunner.java:63)
	at org.junit.runners.ParentRunner.runChildren(ParentRunner.java:236)
	at org.junit.runners.ParentRunner.access$000(ParentRunner.java:53)
	at org.junit.runners.ParentRunner$2.evaluate(ParentRunner.java:229)
	at org.junit.runners.ParentRunner.run(ParentRunner.java:309)
	at org.apache.maven.surefire.junit4.JUnit4Provider.execute(JUnit4Provider.java:365)
	at org.apache.maven.surefire.junit4.JUnit4Provider.executeWithRerun(JUnit4Provider.java:273)
	at org.apache.maven.surefire.junit4.JUnit4Provider.executeTestSet(JUnit4Provider.java:238)
	at org.apache.maven.surefire.junit4.JUnit4Provider.invoke(JUnit4Provider.java:159)
	at org.apache.maven.surefire.booter.ForkedBooter.invokeProviderInSameClassLoader(ForkedBooter.java:384)
	at org.apache.maven.surefire.booter.ForkedBooter.runSuitesInProcess(ForkedBooter.java:345)
	at org.apache.maven.surefire.booter.ForkedBooter.execute(ForkedBooter.java:126)
	at org.apache.maven.surefire.booter.ForkedBooter.main(ForkedBooter.java:418)

Sep 30, 2019 2:06:19 PM org.apache.ratis.thirdparty.io.grpc.internal.ManagedChannelOrphanWrapper$ManagedChannelReference cleanQueue
SEVERE: *~*~*~ Channel ManagedChannelImpl{logId=3024, target=192.168.164.197:35167} was not shutdown properly!!! ~*~*~*
    Make sure to call shutdown()/shutdownNow() and wait until awaitTermination() returns true.
java.lang.RuntimeException: ManagedChannel allocation site
	at org.apache.ratis.thirdparty.io.grpc.internal.ManagedChannelOrphanWrapper$ManagedChannelReference.<init>(ManagedChannelOrphanWrapper.java:103)
	at org.apache.ratis.thirdparty.io.grpc.internal.ManagedChannelOrphanWrapper.<init>(ManagedChannelOrphanWrapper.java:53)
	at org.apache.ratis.thirdparty.io.grpc.internal.ManagedChannelOrphanWrapper.<init>(ManagedChannelOrphanWrapper.java:44)
	at org.apache.ratis.thirdparty.io.grpc.internal.AbstractManagedChannelImplBuilder.build(AbstractManagedChannelImplBuilder.java:411)
	at org.apache.hadoop.hdds.scm.XceiverClientGrpc.connectToDatanode(XceiverClientGrpc.java:181)
	at org.apache.hadoop.hdds.scm.XceiverClientGrpc.reconnect(XceiverClientGrpc.java:429)
	at org.apache.hadoop.hdds.scm.XceiverClientGrpc.sendCommandAsync(XceiverClientGrpc.java:378)
	at org.apache.hadoop.hdds.scm.XceiverClientGrpc.sendCommandWithRetry(XceiverClientGrpc.java:291)
	at org.apache.hadoop.hdds.scm.XceiverClientGrpc.sendCommandWithTraceIDAndRetry(XceiverClientGrpc.java:257)
	at org.apache.hadoop.hdds.scm.XceiverClientGrpc.sendCommand(XceiverClientGrpc.java:240)
	at org.apache.hadoop.hdds.scm.storage.ContainerProtocolCalls.getBlock(ContainerProtocolCalls.java:118)
	at org.apache.hadoop.hdds.scm.storage.BlockInputStream.getChunkInfos(BlockInputStream.java:167)
	at org.apache.hadoop.hdds.scm.storage.BlockInputStream.initialize(BlockInputStream.java:118)
	at org.apache.hadoop.hdds.scm.storage.BlockInputStream.read(BlockInputStream.java:222)
	at org.apache.hadoop.ozone.client.io.KeyInputStream.read(KeyInputStream.java:171)
	at org.apache.hadoop.ozone.client.io.OzoneInputStream.read(OzoneInputStream.java:47)
	at java.io.InputStream.read(InputStream.java:101)
	at org.apache.hadoop.ozone.container.ContainerTestHelper.validateData(ContainerTestHelper.java:714)
	at org.apache.hadoop.ozone.client.rpc.TestBlockOutputStreamWithFailures.validateData(TestBlockOutputStreamWithFailures.java:1216)
	at org.apache.hadoop.ozone.client.rpc.TestBlockOutputStreamWithFailures.testWatchForCommitWithSingleNodeRatis(TestBlockOutputStreamWithFailures.java:918)
	at sun.reflect.NativeMethodAccessorImpl.invoke0(Native Method)
	at sun.reflect.NativeMethodAccessorImpl.invoke(NativeMethodAccessorImpl.java:62)
	at sun.reflect.DelegatingMethodAccessorImpl.invoke(DelegatingMethodAccessorImpl.java:43)
	at java.lang.reflect.Method.invoke(Method.java:498)
	at org.junit.runners.model.FrameworkMethod$1.runReflectiveCall(FrameworkMethod.java:47)
	at org.junit.internal.runners.model.ReflectiveCallable.run(ReflectiveCallable.java:12)
	at org.junit.runners.model.FrameworkMethod.invokeExplosively(FrameworkMethod.java:44)
	at org.junit.internal.runners.statements.InvokeMethod.evaluate(InvokeMethod.java:17)
	at org.junit.internal.runners.statements.RunBefores.evaluate(RunBefores.java:26)
	at org.junit.internal.runners.statements.RunAfters.evaluate(RunAfters.java:27)
	at org.junit.runners.ParentRunner.runLeaf(ParentRunner.java:271)
	at org.junit.runners.BlockJUnit4ClassRunner.runChild(BlockJUnit4ClassRunner.java:70)
	at org.junit.runners.BlockJUnit4ClassRunner.runChild(BlockJUnit4ClassRunner.java:50)
	at org.junit.runners.ParentRunner$3.run(ParentRunner.java:238)
	at org.junit.runners.ParentRunner$1.schedule(ParentRunner.java:63)
	at org.junit.runners.ParentRunner.runChildren(ParentRunner.java:236)
	at org.junit.runners.ParentRunner.access$000(ParentRunner.java:53)
	at org.junit.runners.ParentRunner$2.evaluate(ParentRunner.java:229)
	at org.junit.runners.ParentRunner.run(ParentRunner.java:309)
	at org.apache.maven.surefire.junit4.JUnit4Provider.execute(JUnit4Provider.java:365)
	at org.apache.maven.surefire.junit4.JUnit4Provider.executeWithRerun(JUnit4Provider.java:273)
	at org.apache.maven.surefire.junit4.JUnit4Provider.executeTestSet(JUnit4Provider.java:238)
	at org.apache.maven.surefire.junit4.JUnit4Provider.invoke(JUnit4Provider.java:159)
	at org.apache.maven.surefire.booter.ForkedBooter.invokeProviderInSameClassLoader(ForkedBooter.java:384)
	at org.apache.maven.surefire.booter.ForkedBooter.runSuitesInProcess(ForkedBooter.java:345)
	at org.apache.maven.surefire.booter.ForkedBooter.execute(ForkedBooter.java:126)
	at org.apache.maven.surefire.booter.ForkedBooter.main(ForkedBooter.java:418)

Sep 30, 2019 2:06:19 PM org.apache.ratis.thirdparty.io.grpc.internal.ManagedChannelOrphanWrapper$ManagedChannelReference cleanQueue
SEVERE: *~*~*~ Channel ManagedChannelImpl{logId=2787, target=192.168.164.197:34784} was not shutdown properly!!! ~*~*~*
    Make sure to call shutdown()/shutdownNow() and wait until awaitTermination() returns true.
java.lang.RuntimeException: ManagedChannel allocation site
	at org.apache.ratis.thirdparty.io.grpc.internal.ManagedChannelOrphanWrapper$ManagedChannelReference.<init>(ManagedChannelOrphanWrapper.java:103)
	at org.apache.ratis.thirdparty.io.grpc.internal.ManagedChannelOrphanWrapper.<init>(ManagedChannelOrphanWrapper.java:53)
	at org.apache.ratis.thirdparty.io.grpc.internal.ManagedChannelOrphanWrapper.<init>(ManagedChannelOrphanWrapper.java:44)
	at org.apache.ratis.thirdparty.io.grpc.internal.AbstractManagedChannelImplBuilder.build(AbstractManagedChannelImplBuilder.java:411)
	at org.apache.hadoop.hdds.scm.XceiverClientGrpc.connectToDatanode(XceiverClientGrpc.java:181)
	at org.apache.hadoop.hdds.scm.XceiverClientGrpc.reconnect(XceiverClientGrpc.java:429)
	at org.apache.hadoop.hdds.scm.XceiverClientGrpc.sendCommandAsync(XceiverClientGrpc.java:378)
	at org.apache.hadoop.hdds.scm.XceiverClientGrpc.sendCommandWithRetry(XceiverClientGrpc.java:291)
	at org.apache.hadoop.hdds.scm.XceiverClientGrpc.sendCommandWithTraceIDAndRetry(XceiverClientGrpc.java:257)
	at org.apache.hadoop.hdds.scm.XceiverClientGrpc.sendCommand(XceiverClientGrpc.java:240)
	at org.apache.hadoop.hdds.scm.storage.ContainerProtocolCalls.getBlock(ContainerProtocolCalls.java:118)
	at org.apache.hadoop.hdds.scm.storage.BlockInputStream.getChunkInfos(BlockInputStream.java:167)
	at org.apache.hadoop.hdds.scm.storage.BlockInputStream.initialize(BlockInputStream.java:118)
	at org.apache.hadoop.hdds.scm.storage.BlockInputStream.read(BlockInputStream.java:222)
	at org.apache.hadoop.ozone.client.io.KeyInputStream.read(KeyInputStream.java:171)
	at org.apache.hadoop.ozone.client.io.OzoneInputStream.read(OzoneInputStream.java:47)
	at java.io.InputStream.read(InputStream.java:101)
	at org.apache.hadoop.ozone.container.ContainerTestHelper.validateData(ContainerTestHelper.java:714)
	at org.apache.hadoop.ozone.client.rpc.TestBlockOutputStreamWithFailures.validateData(TestBlockOutputStreamWithFailures.java:1216)
	at org.apache.hadoop.ozone.client.rpc.TestBlockOutputStreamWithFailures.testDatanodeFailureWithSingleNodeRatis(TestBlockOutputStreamWithFailures.java:1058)
	at sun.reflect.NativeMethodAccessorImpl.invoke0(Native Method)
	at sun.reflect.NativeMethodAccessorImpl.invoke(NativeMethodAccessorImpl.java:62)
	at sun.reflect.DelegatingMethodAccessorImpl.invoke(DelegatingMethodAccessorImpl.java:43)
	at java.lang.reflect.Method.invoke(Method.java:498)
	at org.junit.runners.model.FrameworkMethod$1.runReflectiveCall(FrameworkMethod.java:47)
	at org.junit.internal.runners.model.ReflectiveCallable.run(ReflectiveCallable.java:12)
	at org.junit.runners.model.FrameworkMethod.invokeExplosively(FrameworkMethod.java:44)
	at org.junit.internal.runners.statements.InvokeMethod.evaluate(InvokeMethod.java:17)
	at org.junit.internal.runners.statements.RunBefores.evaluate(RunBefores.java:26)
	at org.junit.internal.runners.statements.RunAfters.evaluate(RunAfters.java:27)
	at org.junit.runners.ParentRunner.runLeaf(ParentRunner.java:271)
	at org.junit.runners.BlockJUnit4ClassRunner.runChild(BlockJUnit4ClassRunner.java:70)
	at org.junit.runners.BlockJUnit4ClassRunner.runChild(BlockJUnit4ClassRunner.java:50)
	at org.junit.runners.ParentRunner$3.run(ParentRunner.java:238)
	at org.junit.runners.ParentRunner$1.schedule(ParentRunner.java:63)
	at org.junit.runners.ParentRunner.runChildren(ParentRunner.java:236)
	at org.junit.runners.ParentRunner.access$000(ParentRunner.java:53)
	at org.junit.runners.ParentRunner$2.evaluate(ParentRunner.java:229)
	at org.junit.runners.ParentRunner.run(ParentRunner.java:309)
	at org.apache.maven.surefire.junit4.JUnit4Provider.execute(JUnit4Provider.java:365)
	at org.apache.maven.surefire.junit4.JUnit4Provider.executeWithRerun(JUnit4Provider.java:273)
	at org.apache.maven.surefire.junit4.JUnit4Provider.executeTestSet(JUnit4Provider.java:238)
	at org.apache.maven.surefire.junit4.JUnit4Provider.invoke(JUnit4Provider.java:159)
	at org.apache.maven.surefire.booter.ForkedBooter.invokeProviderInSameClassLoader(ForkedBooter.java:384)
	at org.apache.maven.surefire.booter.ForkedBooter.runSuitesInProcess(ForkedBooter.java:345)
	at org.apache.maven.surefire.booter.ForkedBooter.execute(ForkedBooter.java:126)
	at org.apache.maven.surefire.booter.ForkedBooter.main(ForkedBooter.java:418)

Sep 30, 2019 2:06:19 PM org.apache.ratis.thirdparty.io.grpc.internal.ManagedChannelOrphanWrapper$ManagedChannelReference cleanQueue
SEVERE: *~*~*~ Channel ManagedChannelImpl{logId=3009, target=192.168.164.197:40397} was not shutdown properly!!! ~*~*~*
    Make sure to call shutdown()/shutdownNow() and wait until awaitTermination() returns true.
java.lang.RuntimeException: ManagedChannel allocation site
	at org.apache.ratis.thirdparty.io.grpc.internal.ManagedChannelOrphanWrapper$ManagedChannelReference.<init>(ManagedChannelOrphanWrapper.java:103)
	at org.apache.ratis.thirdparty.io.grpc.internal.ManagedChannelOrphanWrapper.<init>(ManagedChannelOrphanWrapper.java:53)
	at org.apache.ratis.thirdparty.io.grpc.internal.ManagedChannelOrphanWrapper.<init>(ManagedChannelOrphanWrapper.java:44)
	at org.apache.ratis.thirdparty.io.grpc.internal.AbstractManagedChannelImplBuilder.build(AbstractManagedChannelImplBuilder.java:411)
	at org.apache.ratis.grpc.client.GrpcClientProtocolClient.<init>(GrpcClientProtocolClient.java:127)
	at org.apache.ratis.grpc.client.GrpcClientRpc.lambda$new$0(GrpcClientRpc.java:55)
	at org.apache.ratis.util.PeerProxyMap$PeerAndProxy.lambda$getProxy$0(PeerProxyMap.java:61)
	at org.apache.ratis.util.LifeCycle.startAndTransition(LifeCycle.java:202)
	at org.apache.ratis.util.PeerProxyMap$PeerAndProxy.getProxy(PeerProxyMap.java:60)
	at org.apache.ratis.util.PeerProxyMap.getProxy(PeerProxyMap.java:108)
	at org.apache.ratis.grpc.client.GrpcClientRpc.sendRequestAsync(GrpcClientRpc.java:66)
	at org.apache.ratis.client.impl.OrderedAsync.sendRequest(OrderedAsync.java:208)
	at org.apache.ratis.client.impl.OrderedAsync.sendRequestWithRetry(OrderedAsync.java:169)
	at org.apache.ratis.util.SlidingWindow$Client.sendOrDelayRequest(SlidingWindow.java:278)
	at org.apache.ratis.util.SlidingWindow$Client.retry(SlidingWindow.java:294)
	at org.apache.ratis.client.impl.OrderedAsync.lambda$scheduleWithTimeout$7(OrderedAsync.java:195)
	at org.apache.ratis.util.TimeoutScheduler.lambda$onTimeout$0(TimeoutScheduler.java:113)
	at org.apache.ratis.util.TimeoutScheduler.lambda$onTimeout$1(TimeoutScheduler.java:133)
	at org.apache.ratis.util.LogUtils.runAndLog(LogUtils.java:50)
	at org.apache.ratis.util.LogUtils$1.run(LogUtils.java:91)
	at java.util.concurrent.Executors$RunnableAdapter.call(Executors.java:511)
	at java.util.concurrent.FutureTask.run(FutureTask.java:266)
	at java.util.concurrent.ScheduledThreadPoolExecutor$ScheduledFutureTask.access$201(ScheduledThreadPoolExecutor.java:180)
	at java.util.concurrent.ScheduledThreadPoolExecutor$ScheduledFutureTask.run(ScheduledThreadPoolExecutor.java:293)
	at java.util.concurrent.ThreadPoolExecutor.runWorker(ThreadPoolExecutor.java:1149)
	at java.util.concurrent.ThreadPoolExecutor$Worker.run(ThreadPoolExecutor.java:624)
	at java.lang.Thread.run(Thread.java:748)

Sep 30, 2019 2:06:19 PM org.apache.ratis.thirdparty.io.grpc.internal.ManagedChannelOrphanWrapper$ManagedChannelReference cleanQueue
SEVERE: *~*~*~ Channel ManagedChannelImpl{logId=2758, target=192.168.164.197:42493} was not shutdown properly!!! ~*~*~*
    Make sure to call shutdown()/shutdownNow() and wait until awaitTermination() returns true.
java.lang.RuntimeException: ManagedChannel allocation site
	at org.apache.ratis.thirdparty.io.grpc.internal.ManagedChannelOrphanWrapper$ManagedChannelReference.<init>(ManagedChannelOrphanWrapper.java:103)
	at org.apache.ratis.thirdparty.io.grpc.internal.ManagedChannelOrphanWrapper.<init>(ManagedChannelOrphanWrapper.java:53)
	at org.apache.ratis.thirdparty.io.grpc.internal.ManagedChannelOrphanWrapper.<init>(ManagedChannelOrphanWrapper.java:44)
	at org.apache.ratis.thirdparty.io.grpc.internal.AbstractManagedChannelImplBuilder.build(AbstractManagedChannelImplBuilder.java:411)
	at org.apache.ratis.grpc.client.GrpcClientProtocolClient.<init>(GrpcClientProtocolClient.java:127)
	at org.apache.ratis.grpc.client.GrpcClientRpc.lambda$new$0(GrpcClientRpc.java:55)
	at org.apache.ratis.util.PeerProxyMap$PeerAndProxy.lambda$getProxy$0(PeerProxyMap.java:61)
	at org.apache.ratis.util.LifeCycle.startAndTransition(LifeCycle.java:202)
	at org.apache.ratis.util.PeerProxyMap$PeerAndProxy.getProxy(PeerProxyMap.java:60)
	at org.apache.ratis.util.PeerProxyMap.getProxy(PeerProxyMap.java:108)
	at org.apache.ratis.grpc.client.GrpcClientRpc.sendRequestAsync(GrpcClientRpc.java:66)
	at org.apache.ratis.client.impl.OrderedAsync.sendRequest(OrderedAsync.java:208)
	at org.apache.ratis.client.impl.OrderedAsync.sendRequestWithRetry(OrderedAsync.java:169)
	at org.apache.ratis.util.SlidingWindow$Client.sendOrDelayRequest(SlidingWindow.java:278)
	at org.apache.ratis.util.SlidingWindow$Client.submitNewRequest(SlidingWindow.java:257)
	at org.apache.ratis.client.impl.OrderedAsync.send(OrderedAsync.java:155)
	at org.apache.ratis.client.impl.RaftClientImpl.sendAsync(RaftClientImpl.java:144)
	at org.apache.ratis.client.impl.RaftClientImpl.sendAsync(RaftClientImpl.java:124)
	at org.apache.hadoop.hdds.scm.XceiverClientRatis.sendRequestAsync(XceiverClientRatis.java:234)
	at org.apache.hadoop.hdds.scm.XceiverClientRatis.sendCommandAsync(XceiverClientRatis.java:332)
	at org.apache.hadoop.hdds.scm.storage.ContainerProtocolCalls.writeChunkAsync(ContainerProtocolCalls.java:310)
	at org.apache.hadoop.hdds.scm.storage.BlockOutputStream.writeChunkToContainer(BlockOutputStream.java:601)
	at org.apache.hadoop.hdds.scm.storage.BlockOutputStream.writeChunk(BlockOutputStream.java:459)
	at org.apache.hadoop.hdds.scm.storage.BlockOutputStream.writeOnRetry(BlockOutputStream.java:285)
	at org.apache.hadoop.ozone.client.io.BlockOutputStreamEntry.writeOnRetry(BlockOutputStreamEntry.java:200)
	at org.apache.hadoop.ozone.client.io.KeyOutputStream.handleWrite(KeyOutputStream.java:206)
	at org.apache.hadoop.ozone.client.io.KeyOutputStream.handleRetry(KeyOutputStream.java:375)
	at org.apache.hadoop.ozone.client.io.KeyOutputStream.handleException(KeyOutputStream.java:324)
	at org.apache.hadoop.ozone.client.io.KeyOutputStream.handleFlushOrClose(KeyOutputStream.java:449)
	at org.apache.hadoop.ozone.client.io.KeyOutputStream.handleWrite(KeyOutputStream.java:232)
	at org.apache.hadoop.ozone.client.io.KeyOutputStream.write(KeyOutputStream.java:190)
	at org.apache.hadoop.ozone.client.io.OzoneOutputStream.write(OzoneOutputStream.java:49)
	at java.io.OutputStream.write(OutputStream.java:75)
	at org.apache.hadoop.ozone.client.rpc.TestBlockOutputStreamWithFailures.testDatanodeFailureWithSingleNodeRatis(TestBlockOutputStreamWithFailures.java:1021)
	at sun.reflect.NativeMethodAccessorImpl.invoke0(Native Method)
	at sun.reflect.NativeMethodAccessorImpl.invoke(NativeMethodAccessorImpl.java:62)
	at sun.reflect.DelegatingMethodAccessorImpl.invoke(DelegatingMethodAccessorImpl.java:43)
	at java.lang.reflect.Method.invoke(Method.java:498)
	at org.junit.runners.model.FrameworkMethod$1.runReflectiveCall(FrameworkMethod.java:47)
	at org.junit.internal.runners.model.ReflectiveCallable.run(ReflectiveCallable.java:12)
	at org.junit.runners.model.FrameworkMethod.invokeExplosively(FrameworkMethod.java:44)
	at org.junit.internal.runners.statements.InvokeMethod.evaluate(InvokeMethod.java:17)
	at org.junit.internal.runners.statements.RunBefores.evaluate(RunBefores.java:26)
	at org.junit.internal.runners.statements.RunAfters.evaluate(RunAfters.java:27)
	at org.junit.runners.ParentRunner.runLeaf(ParentRunner.java:271)
	at org.junit.runners.BlockJUnit4ClassRunner.runChild(BlockJUnit4ClassRunner.java:70)
	at org.junit.runners.BlockJUnit4ClassRunner.runChild(BlockJUnit4ClassRunner.java:50)
	at org.junit.runners.ParentRunner$3.run(ParentRunner.java:238)
	at org.junit.runners.ParentRunner$1.schedule(ParentRunner.java:63)
	at org.junit.runners.ParentRunner.runChildren(ParentRunner.java:236)
	at org.junit.runners.ParentRunner.access$000(ParentRunner.java:53)
	at org.junit.runners.ParentRunner$2.evaluate(ParentRunner.java:229)
	at org.junit.runners.ParentRunner.run(ParentRunner.java:309)
	at org.apache.maven.surefire.junit4.JUnit4Provider.execute(JUnit4Provider.java:365)
	at org.apache.maven.surefire.junit4.JUnit4Provider.executeWithRerun(JUnit4Provider.java:273)
	at org.apache.maven.surefire.junit4.JUnit4Provider.executeTestSet(JUnit4Provider.java:238)
	at org.apache.maven.surefire.junit4.JUnit4Provider.invoke(JUnit4Provider.java:159)
	at org.apache.maven.surefire.booter.ForkedBooter.invokeProviderInSameClassLoader(ForkedBooter.java:384)
	at org.apache.maven.surefire.booter.ForkedBooter.runSuitesInProcess(ForkedBooter.java:345)
	at org.apache.maven.surefire.booter.ForkedBooter.execute(ForkedBooter.java:126)
	at org.apache.maven.surefire.booter.ForkedBooter.main(ForkedBooter.java:418)

Sep 30, 2019 2:06:19 PM org.apache.ratis.thirdparty.io.grpc.internal.ManagedChannelOrphanWrapper$ManagedChannelReference cleanQueue
SEVERE: *~*~*~ Channel ManagedChannelImpl{logId=2754, target=192.168.164.197:40978} was not shutdown properly!!! ~*~*~*
    Make sure to call shutdown()/shutdownNow() and wait until awaitTermination() returns true.
java.lang.RuntimeException: ManagedChannel allocation site
	at org.apache.ratis.thirdparty.io.grpc.internal.ManagedChannelOrphanWrapper$ManagedChannelReference.<init>(ManagedChannelOrphanWrapper.java:103)
	at org.apache.ratis.thirdparty.io.grpc.internal.ManagedChannelOrphanWrapper.<init>(ManagedChannelOrphanWrapper.java:53)
	at org.apache.ratis.thirdparty.io.grpc.internal.ManagedChannelOrphanWrapper.<init>(ManagedChannelOrphanWrapper.java:44)
	at org.apache.ratis.thirdparty.io.grpc.internal.AbstractManagedChannelImplBuilder.build(AbstractManagedChannelImplBuilder.java:411)
	at org.apache.ratis.grpc.client.GrpcClientProtocolClient.<init>(GrpcClientProtocolClient.java:127)
	at org.apache.ratis.grpc.client.GrpcClientRpc.lambda$new$0(GrpcClientRpc.java:55)
	at org.apache.ratis.util.PeerProxyMap$PeerAndProxy.lambda$getProxy$0(PeerProxyMap.java:61)
	at org.apache.ratis.util.LifeCycle.startAndTransition(LifeCycle.java:202)
	at org.apache.ratis.util.PeerProxyMap$PeerAndProxy.getProxy(PeerProxyMap.java:60)
	at org.apache.ratis.util.PeerProxyMap.getProxy(PeerProxyMap.java:108)
	at org.apache.ratis.grpc.client.GrpcClientRpc.sendRequestAsync(GrpcClientRpc.java:66)
	at org.apache.ratis.client.impl.OrderedAsync.sendRequest(OrderedAsync.java:208)
	at org.apache.ratis.client.impl.OrderedAsync.sendRequestWithRetry(OrderedAsync.java:169)
	at org.apache.ratis.util.SlidingWindow$Client.sendOrDelayRequest(SlidingWindow.java:278)
	at org.apache.ratis.util.SlidingWindow$Client.retry(SlidingWindow.java:294)
	at org.apache.ratis.client.impl.OrderedAsync.lambda$scheduleWithTimeout$7(OrderedAsync.java:195)
	at org.apache.ratis.util.TimeoutScheduler.lambda$onTimeout$0(TimeoutScheduler.java:113)
	at org.apache.ratis.util.TimeoutScheduler.lambda$onTimeout$1(TimeoutScheduler.java:133)
	at org.apache.ratis.util.LogUtils.runAndLog(LogUtils.java:50)
	at org.apache.ratis.util.LogUtils$1.run(LogUtils.java:91)
	at java.util.concurrent.Executors$RunnableAdapter.call(Executors.java:511)
	at java.util.concurrent.FutureTask.run(FutureTask.java:266)
	at java.util.concurrent.ScheduledThreadPoolExecutor$ScheduledFutureTask.access$201(ScheduledThreadPoolExecutor.java:180)
	at java.util.concurrent.ScheduledThreadPoolExecutor$ScheduledFutureTask.run(ScheduledThreadPoolExecutor.java:293)
	at java.util.concurrent.ThreadPoolExecutor.runWorker(ThreadPoolExecutor.java:1149)
	at java.util.concurrent.ThreadPoolExecutor$Worker.run(ThreadPoolExecutor.java:624)
	at java.lang.Thread.run(Thread.java:748)

Sep 30, 2019 2:06:37 PM org.apache.ratis.thirdparty.io.grpc.internal.SerializingExecutor run
SEVERE: Exception while executing runnable org.apache.ratis.thirdparty.io.grpc.internal.ServerImpl$JumpToApplicationThreadServerStreamListener$1Closed@17a6dfe
org.apache.ratis.thirdparty.io.grpc.StatusRuntimeException: CANCELLED: call already cancelled
	at org.apache.ratis.thirdparty.io.grpc.Status.asRuntimeException(Status.java:517)
	at org.apache.ratis.thirdparty.io.grpc.stub.ServerCalls$ServerCallStreamObserverImpl.onCompleted(ServerCalls.java:356)
	at org.apache.ratis.grpc.server.GrpcServerProtocolService$ServerRequestStreamObserver.onError(GrpcServerProtocolService.java:121)
	at org.apache.ratis.thirdparty.io.grpc.stub.ServerCalls$StreamingServerCallHandler$StreamingServerCallListener.onCancel(ServerCalls.java:269)
	at org.apache.ratis.thirdparty.io.grpc.internal.ServerCallImpl$ServerStreamListenerImpl.closed(ServerCallImpl.java:293)
	at org.apache.ratis.thirdparty.io.grpc.internal.ServerImpl$JumpToApplicationThreadServerStreamListener$1Closed.runInContext(ServerImpl.java:741)
	at org.apache.ratis.thirdparty.io.grpc.internal.ContextRunnable.run(ContextRunnable.java:37)
	at org.apache.ratis.thirdparty.io.grpc.internal.SerializingExecutor.run(SerializingExecutor.java:123)
	at java.util.concurrent.ThreadPoolExecutor.runWorker(ThreadPoolExecutor.java:1149)
	at java.util.concurrent.ThreadPoolExecutor$Worker.run(ThreadPoolExecutor.java:624)
	at java.lang.Thread.run(Thread.java:748)

Sep 30, 2019 2:06:37 PM org.apache.ratis.thirdparty.io.grpc.internal.SerializingExecutor run
SEVERE: Exception while executing runnable org.apache.ratis.thirdparty.io.grpc.internal.ServerImpl$JumpToApplicationThreadServerStreamListener$1Closed@7ebcc9d6
org.apache.ratis.thirdparty.io.grpc.StatusRuntimeException: CANCELLED: call already cancelled
	at org.apache.ratis.thirdparty.io.grpc.Status.asRuntimeException(Status.java:517)
	at org.apache.ratis.thirdparty.io.grpc.stub.ServerCalls$ServerCallStreamObserverImpl.onCompleted(ServerCalls.java:356)
	at org.apache.ratis.grpc.server.GrpcServerProtocolService$ServerRequestStreamObserver.onError(GrpcServerProtocolService.java:121)
	at org.apache.ratis.thirdparty.io.grpc.stub.ServerCalls$StreamingServerCallHandler$StreamingServerCallListener.onCancel(ServerCalls.java:269)
	at org.apache.ratis.thirdparty.io.grpc.internal.ServerCallImpl$ServerStreamListenerImpl.closed(ServerCallImpl.java:293)
	at org.apache.ratis.thirdparty.io.grpc.internal.ServerImpl$JumpToApplicationThreadServerStreamListener$1Closed.runInContext(ServerImpl.java:741)
	at org.apache.ratis.thirdparty.io.grpc.internal.ContextRunnable.run(ContextRunnable.java:37)
	at org.apache.ratis.thirdparty.io.grpc.internal.SerializingExecutor.run(SerializingExecutor.java:123)
	at java.util.concurrent.ThreadPoolExecutor.runWorker(ThreadPoolExecutor.java:1149)
	at java.util.concurrent.ThreadPoolExecutor$Worker.run(ThreadPoolExecutor.java:624)
	at java.lang.Thread.run(Thread.java:748)

Sep 30, 2019 2:06:42 PM org.apache.ratis.thirdparty.io.grpc.internal.SerializingExecutor run
SEVERE: Exception while executing runnable org.apache.ratis.thirdparty.io.grpc.internal.ServerImpl$JumpToApplicationThreadServerStreamListener$1Closed@7c8cb7dc
org.apache.ratis.thirdparty.io.grpc.StatusRuntimeException: CANCELLED: call already cancelled
	at org.apache.ratis.thirdparty.io.grpc.Status.asRuntimeException(Status.java:517)
	at org.apache.ratis.thirdparty.io.grpc.stub.ServerCalls$ServerCallStreamObserverImpl.onCompleted(ServerCalls.java:356)
	at org.apache.ratis.grpc.server.GrpcServerProtocolService$ServerRequestStreamObserver.onError(GrpcServerProtocolService.java:121)
	at org.apache.ratis.thirdparty.io.grpc.stub.ServerCalls$StreamingServerCallHandler$StreamingServerCallListener.onCancel(ServerCalls.java:269)
	at org.apache.ratis.thirdparty.io.grpc.internal.ServerCallImpl$ServerStreamListenerImpl.closed(ServerCallImpl.java:293)
	at org.apache.ratis.thirdparty.io.grpc.internal.ServerImpl$JumpToApplicationThreadServerStreamListener$1Closed.runInContext(ServerImpl.java:741)
	at org.apache.ratis.thirdparty.io.grpc.internal.ContextRunnable.run(ContextRunnable.java:37)
	at org.apache.ratis.thirdparty.io.grpc.internal.SerializingExecutor.run(SerializingExecutor.java:123)
	at java.util.concurrent.ThreadPoolExecutor.runWorker(ThreadPoolExecutor.java:1149)
	at java.util.concurrent.ThreadPoolExecutor$Worker.run(ThreadPoolExecutor.java:624)
	at java.lang.Thread.run(Thread.java:748)

]]></system-err>
  </testcase>
  <testcase name="testFailureWithPrimeSizedData" classname="org.apache.hadoop.ozone.client.rpc.TestBlockOutputStreamWithFailures" time="33.544"/>
  <testcase name="testWatchForCommitWithCloseContainerException" classname="org.apache.hadoop.ozone.client.rpc.TestBlockOutputStreamWithFailures" time="34.924"/>
  <testcase name="testExceptionDuringClose" classname="org.apache.hadoop.ozone.client.rpc.TestBlockOutputStreamWithFailures" time="33.717">
    <failure message="expected:&lt;92&gt; but was:&lt;94&gt;" type="java.lang.AssertionError"><![CDATA[java.lang.AssertionError: expected:<92> but was:<94>
	at org.junit.Assert.fail(Assert.java:88)
	at org.junit.Assert.failNotEquals(Assert.java:743)
	at org.junit.Assert.assertEquals(Assert.java:118)
	at org.junit.Assert.assertEquals(Assert.java:555)
	at org.junit.Assert.assertEquals(Assert.java:542)
	at org.apache.hadoop.ozone.client.rpc.TestBlockOutputStreamWithFailures.testExceptionDuringClose(TestBlockOutputStreamWithFailures.java:726)
	at sun.reflect.NativeMethodAccessorImpl.invoke0(Native Method)
	at sun.reflect.NativeMethodAccessorImpl.invoke(NativeMethodAccessorImpl.java:62)
	at sun.reflect.DelegatingMethodAccessorImpl.invoke(DelegatingMethodAccessorImpl.java:43)
	at java.lang.reflect.Method.invoke(Method.java:498)
	at org.junit.runners.model.FrameworkMethod$1.runReflectiveCall(FrameworkMethod.java:47)
	at org.junit.internal.runners.model.ReflectiveCallable.run(ReflectiveCallable.java:12)
	at org.junit.runners.model.FrameworkMethod.invokeExplosively(FrameworkMethod.java:44)
	at org.junit.internal.runners.statements.InvokeMethod.evaluate(InvokeMethod.java:17)
	at org.junit.internal.runners.statements.RunBefores.evaluate(RunBefores.java:26)
	at org.junit.internal.runners.statements.RunAfters.evaluate(RunAfters.java:27)
	at org.junit.runners.ParentRunner.runLeaf(ParentRunner.java:271)
	at org.junit.runners.BlockJUnit4ClassRunner.runChild(BlockJUnit4ClassRunner.java:70)
	at org.junit.runners.BlockJUnit4ClassRunner.runChild(BlockJUnit4ClassRunner.java:50)
	at org.junit.runners.ParentRunner$3.run(ParentRunner.java:238)
	at org.junit.runners.ParentRunner$1.schedule(ParentRunner.java:63)
	at org.junit.runners.ParentRunner.runChildren(ParentRunner.java:236)
	at org.junit.runners.ParentRunner.access$000(ParentRunner.java:53)
	at org.junit.runners.ParentRunner$2.evaluate(ParentRunner.java:229)
	at org.junit.runners.ParentRunner.run(ParentRunner.java:309)
	at org.apache.maven.surefire.junit4.JUnit4Provider.execute(JUnit4Provider.java:365)
	at org.apache.maven.surefire.junit4.JUnit4Provider.executeWithRerun(JUnit4Provider.java:273)
	at org.apache.maven.surefire.junit4.JUnit4Provider.executeTestSet(JUnit4Provider.java:238)
	at org.apache.maven.surefire.junit4.JUnit4Provider.invoke(JUnit4Provider.java:159)
	at org.apache.maven.surefire.booter.ForkedBooter.invokeProviderInSameClassLoader(ForkedBooter.java:384)
	at org.apache.maven.surefire.booter.ForkedBooter.runSuitesInProcess(ForkedBooter.java:345)
	at org.apache.maven.surefire.booter.ForkedBooter.execute(ForkedBooter.java:126)
	at org.apache.maven.surefire.booter.ForkedBooter.main(ForkedBooter.java:418)
]]></failure>
    <system-out><![CDATA[2019-09-30 14:07:56,531 [main] WARN  server.ServerUtils (ServerUtils.java:getScmDbDir(145)) - ozone.scm.db.dirs is not configured. We recommend adding this setting. Falling back to ozone.metadata.dirs instead.
2019-09-30 14:07:56,546 [main] WARN  server.ServerUtils (ServerUtils.java:getScmDbDir(145)) - ozone.scm.db.dirs is not configured. We recommend adding this setting. Falling back to ozone.metadata.dirs instead.
2019-09-30 14:07:56,546 [main] WARN  server.ServerUtils (ServerUtils.java:getScmDbDir(145)) - ozone.scm.db.dirs is not configured. We recommend adding this setting. Falling back to ozone.metadata.dirs instead.
2019-09-30 14:07:56,547 [main] INFO  db.DBStoreBuilder (DBStoreBuilder.java:addTable(110)) - using custom profile for table: deletedBlocks
2019-09-30 14:07:56,547 [main] INFO  db.DBStoreBuilder (DBStoreBuilder.java:processTables(161)) - Using default column profile:DBProfile.DISK for Table:deletedBlocks
2019-09-30 14:07:56,547 [main] INFO  db.DBStoreBuilder (DBStoreBuilder.java:addTable(110)) - using custom profile for table: validCerts
2019-09-30 14:07:56,547 [main] INFO  db.DBStoreBuilder (DBStoreBuilder.java:processTables(161)) - Using default column profile:DBProfile.DISK for Table:validCerts
2019-09-30 14:07:56,547 [main] INFO  db.DBStoreBuilder (DBStoreBuilder.java:addTable(110)) - using custom profile for table: revokedCerts
2019-09-30 14:07:56,547 [main] INFO  db.DBStoreBuilder (DBStoreBuilder.java:processTables(161)) - Using default column profile:DBProfile.DISK for Table:revokedCerts
2019-09-30 14:07:56,548 [main] INFO  db.DBStoreBuilder (DBStoreBuilder.java:addTable(110)) - using custom profile for table: default
2019-09-30 14:07:56,548 [main] INFO  db.DBStoreBuilder (DBStoreBuilder.java:processTables(167)) - Using default column profile:DBProfile.DISK for Table:default
2019-09-30 14:07:56,548 [main] INFO  db.DBStoreBuilder (DBStoreBuilder.java:getDbProfile(198)) - Using default options. DBProfile.DISK
2019-09-30 14:07:56,697 [main] INFO  net.NodeSchemaLoader (NodeSchemaLoader.java:loadSchemaFromFile(125)) - Loading file from sun.misc.CompoundEnumeration@2bb0e277
2019-09-30 14:07:56,697 [main] INFO  net.NodeSchemaLoader (NodeSchemaLoader.java:loadSchema(171)) - Loading network topology layer schema file
2019-09-30 14:07:56,702 [main] INFO  node.SCMNodeManager (SCMNodeManager.java:<init>(114)) - Entering startup safe mode.
2019-09-30 14:07:56,702 [main] INFO  algorithms.ContainerPlacementPolicyFactory (ContainerPlacementPolicyFactory.java:getPolicy(57)) - Create container placement policy of type org.apache.hadoop.hdds.scm.container.placement.algorithms.SCMContainerPlacementRandom
2019-09-30 14:07:56,703 [main] WARN  server.ServerUtils (ServerUtils.java:getScmDbDir(145)) - ozone.scm.db.dirs is not configured. We recommend adding this setting. Falling back to ozone.metadata.dirs instead.
2019-09-30 14:07:56,750 [main] INFO  pipeline.SCMPipelineManager (SCMPipelineManager.java:initializePipelineState(132)) - No pipeline exists in current db
2019-09-30 14:07:56,750 [main] WARN  server.ServerUtils (ServerUtils.java:getScmDbDir(145)) - ozone.scm.db.dirs is not configured. We recommend adding this setting. Falling back to ozone.metadata.dirs instead.
2019-09-30 14:07:56,781 [main] WARN  events.EventQueue (EventQueue.java:fireEvent(183)) - No event handler registered for event TypedEvent{payloadType=SafeModeStatus, name='SafeModeStatus'}
2019-09-30 14:07:56,782 [main] INFO  ipc.CallQueueManager (CallQueueManager.java:<init>(84)) - Using callQueue: class java.util.concurrent.LinkedBlockingQueue, queueCapacity: 2000, scheduler: class org.apache.hadoop.ipc.DefaultRpcScheduler, ipcBackoff: false.
2019-09-30 14:07:56,783 [Socket Reader #1 for port 44294] INFO  ipc.Server (Server.java:run(1074)) - Starting Socket Reader #1 for port 44294
2019-09-30 14:07:56,785 [main] INFO  ipc.CallQueueManager (CallQueueManager.java:<init>(84)) - Using callQueue: class java.util.concurrent.LinkedBlockingQueue, queueCapacity: 2000, scheduler: class org.apache.hadoop.ipc.DefaultRpcScheduler, ipcBackoff: false.
2019-09-30 14:07:56,785 [Socket Reader #1 for port 33611] INFO  ipc.Server (Server.java:run(1074)) - Starting Socket Reader #1 for port 33611
2019-09-30 14:07:56,791 [main] INFO  ipc.CallQueueManager (CallQueueManager.java:<init>(84)) - Using callQueue: class java.util.concurrent.LinkedBlockingQueue, queueCapacity: 2000, scheduler: class org.apache.hadoop.ipc.DefaultRpcScheduler, ipcBackoff: false.
2019-09-30 14:07:56,791 [Socket Reader #1 for port 38421] INFO  ipc.Server (Server.java:run(1074)) - Starting Socket Reader #1 for port 38421
2019-09-30 14:07:56,795 [main] INFO  hdfs.DFSUtil (DFSUtil.java:httpServerTemplateForNNAndJN(1641)) - Starting Web-server for scm at: http://0.0.0.0:0
2019-09-30 14:07:56,797 [main] INFO  server.AuthenticationFilter (AuthenticationFilter.java:constructSecretProvider(240)) - Unable to initialize FileSignerSecretProvider, falling back to use random secrets.
2019-09-30 14:07:56,797 [main] WARN  http.HttpRequestLog (HttpRequestLog.java:getRequestLog(97)) - Jetty request log can only be enabled using Log4j
2019-09-30 14:07:56,799 [main] INFO  http.HttpServer2 (HttpServer2.java:addGlobalFilter(975)) - Added global filter 'safety' (class=org.apache.hadoop.http.HttpServer2$QuotingInputFilter)
2019-09-30 14:07:56,799 [main] INFO  http.HttpServer2 (HttpServer2.java:addFilter(948)) - Added filter static_user_filter (class=org.apache.hadoop.http.lib.StaticUserWebFilter$StaticUserFilter) to context scm
2019-09-30 14:07:56,800 [main] INFO  http.HttpServer2 (HttpServer2.java:addFilter(958)) - Added filter static_user_filter (class=org.apache.hadoop.http.lib.StaticUserWebFilter$StaticUserFilter) to context static
2019-09-30 14:07:56,800 [main] INFO  http.HttpServer2 (HttpServer2.java:addFilter(958)) - Added filter static_user_filter (class=org.apache.hadoop.http.lib.StaticUserWebFilter$StaticUserFilter) to context logs
2019-09-30 14:07:56,801 [main] INFO  server.StorageContainerManager (StorageContainerManager.java:start(770)) - StorageContainerLocationProtocol RPC server is listening at /0.0.0.0:38421
2019-09-30 14:07:56,803 [main] WARN  impl.MetricsConfig (MetricsConfig.java:loadFirst(134)) - Cannot locate configuration: tried hadoop-metrics2-storagecontainermanager.properties,hadoop-metrics2.properties
2019-09-30 14:07:56,804 [main] INFO  impl.MetricsSystemImpl (MetricsSystemImpl.java:startTimer(374)) - Scheduled Metric snapshot period at 10 second(s).
2019-09-30 14:07:56,804 [main] INFO  impl.MetricsSystemImpl (MetricsSystemImpl.java:start(191)) - StorageContainerManager metrics system started
2019-09-30 14:07:56,960 [main] WARN  impl.MetricsSystemImpl (MetricsSystemImpl.java:register(276)) - Sink prometheus already exists!
2019-09-30 14:07:57,014 [main] INFO  server.SCMClientProtocolServer (SCMClientProtocolServer.java:start(150)) - RPC server for Client  is listening at /0.0.0.0:38421
2019-09-30 14:07:57,015 [IPC Server listener on 38421] INFO  ipc.Server (Server.java:run(1153)) - IPC Server listener on 38421: starting
2019-09-30 14:07:57,015 [IPC Server Responder] INFO  ipc.Server (Server.java:run(1314)) - IPC Server Responder: starting
2019-09-30 14:07:57,019 [main] INFO  server.StorageContainerManager (StorageContainerManager.java:start(780)) - ScmBlockLocationProtocol RPC server is listening at /0.0.0.0:33611
2019-09-30 14:07:57,019 [main] INFO  server.SCMBlockProtocolServer (SCMBlockProtocolServer.java:start(146)) - RPC server for Block Protocol is listening at /0.0.0.0:33611
2019-09-30 14:07:57,020 [IPC Server Responder] INFO  ipc.Server (Server.java:run(1314)) - IPC Server Responder: starting
2019-09-30 14:07:57,020 [IPC Server listener on 33611] INFO  ipc.Server (Server.java:run(1153)) - IPC Server listener on 33611: starting
2019-09-30 14:07:57,024 [main] INFO  server.StorageContainerManager (StorageContainerManager.java:start(784)) - ScmDatanodeProtocl RPC server is listening at /0.0.0.0:44294
2019-09-30 14:07:57,024 [main] INFO  server.SCMDatanodeProtocolServer (SCMDatanodeProtocolServer.java:start(191)) - RPC server for DataNodes is listening at /0.0.0.0:44294
2019-09-30 14:07:57,024 [IPC Server listener on 44294] INFO  ipc.Server (Server.java:run(1153)) - IPC Server listener on 44294: starting
2019-09-30 14:07:57,024 [IPC Server Responder] INFO  ipc.Server (Server.java:run(1314)) - IPC Server Responder: starting
2019-09-30 14:07:57,028 [main] INFO  http.HttpServer2 (HttpServer2.java:bindListener(1191)) - Jetty bound to port 40506
2019-09-30 14:07:57,029 [main] INFO  server.Server (Server.java:doStart(351)) - jetty-9.3.25.v20180904, build timestamp: 2018-09-04T21:11:46Z, git hash: 3ce520221d0240229c862b122d2b06c12a625732
2019-09-30 14:07:57,030 [main] INFO  handler.ContextHandler (ContextHandler.java:doStart(781)) - Started o.e.j.s.ServletContextHandler@2d913116{/logs,file:///workdir/hadoop-ozone/integration-test/target/log,AVAILABLE}
2019-09-30 14:07:57,030 [main] INFO  handler.ContextHandler (ContextHandler.java:doStart(781)) - Started o.e.j.s.ServletContextHandler@41582899{/static,file:///workdir/hadoop-ozone/integration-test/target/test-classes/webapps/static,AVAILABLE}
2019-09-30 14:07:57,033 [main] INFO  handler.ContextHandler (ContextHandler.java:doStart(781)) - Started o.e.j.w.WebAppContext@243c4346{/,file:///workdir/hadoop-ozone/integration-test/target/test-classes/webapps/scm/,AVAILABLE}{/scm}
2019-09-30 14:07:57,034 [main] INFO  server.AbstractConnector (AbstractConnector.java:doStart(278)) - Started ServerConnector@2905b568{HTTP/1.1,[http/1.1]}{0.0.0.0:40506}
2019-09-30 14:07:57,035 [main] INFO  server.Server (Server.java:doStart(419)) - Started @705746ms
2019-09-30 14:07:57,035 [main] WARN  impl.MetricsSystemImpl (MetricsSystemImpl.java:register(276)) - Sink prometheus already exists!
2019-09-30 14:07:57,037 [main] INFO  server.BaseHttpServer (BaseHttpServer.java:updateConnectorAddress(215)) - HTTP server of SCM is listening at http://0.0.0.0:40506
2019-09-30 14:07:57,037 [main] WARN  server.ServerUtils (ServerUtils.java:getDBPath(222)) - ozone.om.db.dirs is not configured. We recommend adding this setting. Falling back to ozone.metadata.dirs instead.
2019-09-30 14:07:57,037 [org.apache.hadoop.util.JvmPauseMonitor$Monitor@1be8c122] INFO  util.JvmPauseMonitor (JvmPauseMonitor.java:run(188)) - Starting JVM pause monitor
2019-09-30 14:07:57,051 [main] WARN  server.ServerUtils (ServerUtils.java:getDBPath(222)) - ozone.om.db.dirs is not configured. We recommend adding this setting. Falling back to ozone.metadata.dirs instead.
2019-09-30 14:07:57,052 [main] WARN  server.ServerUtils (ServerUtils.java:getDBPath(222)) - ozone.om.db.dirs is not configured. We recommend adding this setting. Falling back to ozone.metadata.dirs instead.
2019-09-30 14:07:57,052 [main] INFO  om.OzoneManager (OzoneManager.java:setOMNodeDetails(652)) - OM Service ID is not set. Setting it to the default ID: omServiceIdDefault
2019-09-30 14:07:57,052 [main] INFO  om.OzoneManager (OzoneManager.java:setOMNodeDetails(658)) - OM Node ID is not set. Setting it to the OmStorage's OmID: 79e70aaa-206c-43ef-b6f0-8d282d2a3a0d
2019-09-30 14:07:57,052 [main] INFO  om.OzoneManager (OzoneManager.java:loadOMHAConfigs(609)) - Found matching OM address with OMServiceId: null, OMNodeId: null, RPC Address: localhost:0 and Ratis port: 9872
2019-09-30 14:07:57,060 [main] WARN  server.ServerUtils (ServerUtils.java:getDBPath(222)) - ozone.om.db.dirs is not configured. We recommend adding this setting. Falling back to ozone.metadata.dirs instead.
2019-09-30 14:07:57,060 [main] INFO  db.DBStoreBuilder (DBStoreBuilder.java:addTable(110)) - using custom profile for table: userTable
2019-09-30 14:07:57,061 [main] INFO  db.DBStoreBuilder (DBStoreBuilder.java:processTables(161)) - Using default column profile:DBProfile.DISK for Table:userTable
2019-09-30 14:07:57,061 [main] INFO  db.DBStoreBuilder (DBStoreBuilder.java:addTable(110)) - using custom profile for table: volumeTable
2019-09-30 14:07:57,061 [main] INFO  db.DBStoreBuilder (DBStoreBuilder.java:processTables(161)) - Using default column profile:DBProfile.DISK for Table:volumeTable
2019-09-30 14:07:57,061 [main] INFO  db.DBStoreBuilder (DBStoreBuilder.java:addTable(110)) - using custom profile for table: bucketTable
2019-09-30 14:07:57,061 [main] INFO  db.DBStoreBuilder (DBStoreBuilder.java:processTables(161)) - Using default column profile:DBProfile.DISK for Table:bucketTable
2019-09-30 14:07:57,062 [main] INFO  db.DBStoreBuilder (DBStoreBuilder.java:addTable(110)) - using custom profile for table: keyTable
2019-09-30 14:07:57,062 [main] INFO  db.DBStoreBuilder (DBStoreBuilder.java:processTables(161)) - Using default column profile:DBProfile.DISK for Table:keyTable
2019-09-30 14:07:57,062 [main] INFO  db.DBStoreBuilder (DBStoreBuilder.java:addTable(110)) - using custom profile for table: deletedTable
2019-09-30 14:07:57,062 [main] INFO  db.DBStoreBuilder (DBStoreBuilder.java:processTables(161)) - Using default column profile:DBProfile.DISK for Table:deletedTable
2019-09-30 14:07:57,062 [main] INFO  db.DBStoreBuilder (DBStoreBuilder.java:addTable(110)) - using custom profile for table: openKeyTable
2019-09-30 14:07:57,062 [main] INFO  db.DBStoreBuilder (DBStoreBuilder.java:processTables(161)) - Using default column profile:DBProfile.DISK for Table:openKeyTable
2019-09-30 14:07:57,063 [main] INFO  db.DBStoreBuilder (DBStoreBuilder.java:addTable(110)) - using custom profile for table: s3Table
2019-09-30 14:07:57,063 [main] INFO  db.DBStoreBuilder (DBStoreBuilder.java:processTables(161)) - Using default column profile:DBProfile.DISK for Table:s3Table
2019-09-30 14:07:57,063 [main] INFO  db.DBStoreBuilder (DBStoreBuilder.java:addTable(110)) - using custom profile for table: multipartInfoTable
2019-09-30 14:07:57,063 [main] INFO  db.DBStoreBuilder (DBStoreBuilder.java:processTables(161)) - Using default column profile:DBProfile.DISK for Table:multipartInfoTable
2019-09-30 14:07:57,063 [main] INFO  db.DBStoreBuilder (DBStoreBuilder.java:addTable(110)) - using custom profile for table: dTokenTable
2019-09-30 14:07:57,064 [main] INFO  db.DBStoreBuilder (DBStoreBuilder.java:processTables(161)) - Using default column profile:DBProfile.DISK for Table:dTokenTable
2019-09-30 14:07:57,064 [main] INFO  db.DBStoreBuilder (DBStoreBuilder.java:addTable(110)) - using custom profile for table: s3SecretTable
2019-09-30 14:07:57,064 [main] INFO  db.DBStoreBuilder (DBStoreBuilder.java:processTables(161)) - Using default column profile:DBProfile.DISK for Table:s3SecretTable
2019-09-30 14:07:57,064 [main] INFO  db.DBStoreBuilder (DBStoreBuilder.java:addTable(110)) - using custom profile for table: prefixTable
2019-09-30 14:07:57,064 [main] INFO  db.DBStoreBuilder (DBStoreBuilder.java:processTables(161)) - Using default column profile:DBProfile.DISK for Table:prefixTable
2019-09-30 14:07:57,064 [main] INFO  db.DBStoreBuilder (DBStoreBuilder.java:addTable(110)) - using custom profile for table: default
2019-09-30 14:07:57,065 [main] INFO  db.DBStoreBuilder (DBStoreBuilder.java:processTables(167)) - Using default column profile:DBProfile.DISK for Table:default
2019-09-30 14:07:57,065 [main] INFO  db.DBStoreBuilder (DBStoreBuilder.java:getDbProfile(198)) - Using default options. DBProfile.DISK
2019-09-30 14:07:57,536 [main] INFO  ipc.CallQueueManager (CallQueueManager.java:<init>(84)) - Using callQueue: class java.util.concurrent.LinkedBlockingQueue, queueCapacity: 2000, scheduler: class org.apache.hadoop.ipc.DefaultRpcScheduler, ipcBackoff: false.
2019-09-30 14:07:57,537 [Socket Reader #1 for port 41471] INFO  ipc.Server (Server.java:run(1074)) - Starting Socket Reader #1 for port 41471
2019-09-30 14:07:57,547 [main] INFO  om.OzoneManager (OzoneManager.java:start(1243)) - OzoneManager RPC server is listening at localhost/127.0.0.1:41471
2019-09-30 14:07:57,547 [main] INFO  impl.MetricsSystemImpl (MetricsSystemImpl.java:init(158)) - OzoneManager metrics system started (again)
2019-09-30 14:07:57,547 [IPC Server listener on 41471] INFO  ipc.Server (Server.java:run(1153)) - IPC Server listener on 41471: starting
2019-09-30 14:07:57,547 [IPC Server Responder] INFO  ipc.Server (Server.java:run(1314)) - IPC Server Responder: starting
2019-09-30 14:07:57,553 [main] INFO  hdfs.DFSUtil (DFSUtil.java:httpServerTemplateForNNAndJN(1641)) - Starting Web-server for ozoneManager at: http://0.0.0.0:0
2019-09-30 14:07:57,554 [main] INFO  server.AuthenticationFilter (AuthenticationFilter.java:constructSecretProvider(240)) - Unable to initialize FileSignerSecretProvider, falling back to use random secrets.
2019-09-30 14:07:57,555 [main] WARN  http.HttpRequestLog (HttpRequestLog.java:getRequestLog(97)) - Jetty request log can only be enabled using Log4j
2019-09-30 14:07:57,556 [main] INFO  http.HttpServer2 (HttpServer2.java:addGlobalFilter(975)) - Added global filter 'safety' (class=org.apache.hadoop.http.HttpServer2$QuotingInputFilter)
2019-09-30 14:07:57,556 [main] INFO  http.HttpServer2 (HttpServer2.java:addFilter(948)) - Added filter static_user_filter (class=org.apache.hadoop.http.lib.StaticUserWebFilter$StaticUserFilter) to context ozoneManager
2019-09-30 14:07:57,556 [main] INFO  http.HttpServer2 (HttpServer2.java:addFilter(958)) - Added filter static_user_filter (class=org.apache.hadoop.http.lib.StaticUserWebFilter$StaticUserFilter) to context logs
2019-09-30 14:07:57,556 [main] INFO  http.HttpServer2 (HttpServer2.java:addFilter(958)) - Added filter static_user_filter (class=org.apache.hadoop.http.lib.StaticUserWebFilter$StaticUserFilter) to context static
2019-09-30 14:07:57,557 [main] INFO  http.HttpServer2 (HttpServer2.java:bindListener(1191)) - Jetty bound to port 34534
2019-09-30 14:07:57,557 [main] INFO  server.Server (Server.java:doStart(351)) - jetty-9.3.25.v20180904, build timestamp: 2018-09-04T21:11:46Z, git hash: 3ce520221d0240229c862b122d2b06c12a625732
2019-09-30 14:07:57,558 [main] INFO  handler.ContextHandler (ContextHandler.java:doStart(781)) - Started o.e.j.s.ServletContextHandler@563172d3{/logs,file:///workdir/hadoop-ozone/integration-test/target/log,AVAILABLE}
2019-09-30 14:07:57,558 [main] INFO  handler.ContextHandler (ContextHandler.java:doStart(781)) - Started o.e.j.s.ServletContextHandler@20027c44{/static,file:///workdir/hadoop-ozone/integration-test/target/test-classes/webapps/static,AVAILABLE}
2019-09-30 14:07:57,563 [main] INFO  handler.ContextHandler (ContextHandler.java:doStart(781)) - Started o.e.j.w.WebAppContext@329b331f{/,file:///workdir/hadoop-ozone/integration-test/target/test-classes/webapps/ozoneManager/,AVAILABLE}{/ozoneManager}
2019-09-30 14:07:57,563 [main] INFO  server.AbstractConnector (AbstractConnector.java:doStart(278)) - Started ServerConnector@640a8f93{HTTP/1.1,[http/1.1]}{0.0.0.0:34534}
2019-09-30 14:07:57,565 [main] INFO  server.Server (Server.java:doStart(419)) - Started @706275ms
2019-09-30 14:07:57,565 [main] WARN  impl.MetricsSystemImpl (MetricsSystemImpl.java:register(276)) - Sink prometheus already exists!
2019-09-30 14:07:57,566 [main] INFO  server.BaseHttpServer (BaseHttpServer.java:updateConnectorAddress(215)) - HTTP server of OZONEMANAGER is listening at http://0.0.0.0:34534
2019-09-30 14:07:57,581 [main] INFO  impl.MetricsSystemImpl (MetricsSystemImpl.java:init(158)) - HddsDatanode metrics system started (again)
2019-09-30 14:07:57,586 [main] INFO  ozone.HddsDatanodeService (HddsDatanodeService.java:start(184)) - HddsDatanodeService host:trunk-nightly-extra-20190930-74rp4-3411845215 ip:192.168.164.197
2019-09-30 14:07:57,593 [main] INFO  volume.HddsVolume (HddsVolume.java:<init>(176)) - Creating Volume: /workdir/hadoop-ozone/integration-test/target/test-dir/MiniOzoneClusterImpl-94dfbac5-ba66-45b1-85eb-93ae9faac445/datanode-0/data/containers/hdds of  storage type : DISK and capacity : 1482555576320
2019-09-30 14:07:57,593 [main] INFO  volume.VolumeSet (VolumeSet.java:initializeVolumeSet(170)) - Added Volume : /workdir/hadoop-ozone/integration-test/target/test-dir/MiniOzoneClusterImpl-94dfbac5-ba66-45b1-85eb-93ae9faac445/datanode-0/data/containers/hdds to VolumeSet
2019-09-30 14:07:57,594 [main] INFO  volume.ThrottledAsyncChecker (ThrottledAsyncChecker.java:schedule(139)) - Scheduling a check for org.apache.hadoop.ozone.container.common.volume.HddsVolume@194b9783
2019-09-30 14:07:57,594 [main] INFO  volume.HddsVolumeChecker (HddsVolumeChecker.java:checkAllVolumes(202)) - Scheduled health check for volume org.apache.hadoop.ozone.container.common.volume.HddsVolume@194b9783
2019-09-30 14:07:57,609 [main] INFO  impl.RaftServerProxy (ConfUtils.java:logGet(43)) - raft.rpc.type = GRPC (default)
2019-09-30 14:07:57,609 [main] INFO  grpc.GrpcFactory (GrpcFactory.java:checkPooledByteBufAllocatorUseCacheForAllThreads(45)) - PERFORMANCE WARNING: useCacheForAllThreads is true that may cause Netty to create a lot garbage objects and, as a result, trigger GC.
	It is recommended to disable useCacheForAllThreads by setting -Dorg.apache.ratis.thirdparty.io.netty.allocator.useCacheForAllThreads=false in command line.
2019-09-30 14:07:57,609 [main] INFO  grpc.GrpcConfigKeys$Server (ConfUtils.java:logGet(43)) - raft.grpc.server.port = 0 (default)
2019-09-30 14:07:57,609 [main] INFO  server.GrpcService (ConfUtils.java:logGet(43)) - raft.grpc.message.size.max = 33570816 (custom)
2019-09-30 14:07:57,610 [main] INFO  server.RaftServerConfigKeys (ConfUtils.java:logGet(43)) - raft.server.log.appender.buffer.byte-limit = 33554432 (custom)
2019-09-30 14:07:57,610 [main] INFO  server.GrpcService (ConfUtils.java:logGet(43)) - raft.grpc.flow.control.window = 1MB (=1048576) (default)
2019-09-30 14:07:57,610 [main] INFO  server.RaftServerConfigKeys (ConfUtils.java:logGet(43)) - raft.server.rpc.request.timeout = 3000ms (default)
2019-09-30 14:07:57,611 [main] INFO  server.RaftServerConfigKeys (ConfUtils.java:logGet(43)) - raft.server.storage.dir = [/workdir/hadoop-ozone/integration-test/target/test-dir/MiniOzoneClusterImpl-94dfbac5-ba66-45b1-85eb-93ae9faac445/datanode-0/data/ratis] (custom)
2019-09-30 14:07:57,612 [main] INFO  hdfs.DFSUtil (DFSUtil.java:httpServerTemplateForNNAndJN(1641)) - Starting Web-server for hddsDatanode at: http://0.0.0.0:0
2019-09-30 14:07:57,613 [main] INFO  server.AuthenticationFilter (AuthenticationFilter.java:constructSecretProvider(240)) - Unable to initialize FileSignerSecretProvider, falling back to use random secrets.
2019-09-30 14:07:57,614 [main] WARN  http.HttpRequestLog (HttpRequestLog.java:getRequestLog(97)) - Jetty request log can only be enabled using Log4j
2019-09-30 14:07:57,615 [main] INFO  http.HttpServer2 (HttpServer2.java:addGlobalFilter(975)) - Added global filter 'safety' (class=org.apache.hadoop.http.HttpServer2$QuotingInputFilter)
2019-09-30 14:07:57,615 [main] INFO  http.HttpServer2 (HttpServer2.java:addFilter(948)) - Added filter static_user_filter (class=org.apache.hadoop.http.lib.StaticUserWebFilter$StaticUserFilter) to context hddsDatanode
2019-09-30 14:07:57,615 [main] INFO  http.HttpServer2 (HttpServer2.java:addFilter(958)) - Added filter static_user_filter (class=org.apache.hadoop.http.lib.StaticUserWebFilter$StaticUserFilter) to context static
2019-09-30 14:07:57,616 [main] INFO  http.HttpServer2 (HttpServer2.java:addFilter(958)) - Added filter static_user_filter (class=org.apache.hadoop.http.lib.StaticUserWebFilter$StaticUserFilter) to context logs
2019-09-30 14:07:57,616 [main] INFO  http.HttpServer2 (HttpServer2.java:bindListener(1191)) - Jetty bound to port 44096
2019-09-30 14:07:57,616 [main] INFO  server.Server (Server.java:doStart(351)) - jetty-9.3.25.v20180904, build timestamp: 2018-09-04T21:11:46Z, git hash: 3ce520221d0240229c862b122d2b06c12a625732
2019-09-30 14:07:57,618 [main] INFO  handler.ContextHandler (ContextHandler.java:doStart(781)) - Started o.e.j.s.ServletContextHandler@121ddca4{/logs,file:///workdir/hadoop-ozone/integration-test/target/log,AVAILABLE}
2019-09-30 14:07:57,618 [main] INFO  handler.ContextHandler (ContextHandler.java:doStart(781)) - Started o.e.j.s.ServletContextHandler@118cbded{/static,jar:file:/home/user/.m2/repository/org/apache/hadoop/hadoop-hdds-container-service/0.5.0-SNAPSHOT/hadoop-hdds-container-service-0.5.0-SNAPSHOT.jar!/webapps/static,AVAILABLE}
2019-09-30 14:07:57,649 [main] INFO  handler.ContextHandler (ContextHandler.java:doStart(781)) - Started o.e.j.w.WebAppContext@636dbfe7{/,file:///tmp/jetty-0.0.0.0-44096-hddsDatanode-_-any-1262195418553375562.dir/webapp/,AVAILABLE}{/hddsDatanode}
2019-09-30 14:07:57,649 [main] INFO  server.AbstractConnector (AbstractConnector.java:doStart(278)) - Started ServerConnector@42ecc554{HTTP/1.1,[http/1.1]}{0.0.0.0:44096}
2019-09-30 14:07:57,649 [main] INFO  server.Server (Server.java:doStart(419)) - Started @706360ms
2019-09-30 14:07:57,651 [main] WARN  impl.MetricsSystemImpl (MetricsSystemImpl.java:register(276)) - Sink prometheus already exists!
2019-09-30 14:07:57,651 [main] INFO  server.BaseHttpServer (BaseHttpServer.java:updateConnectorAddress(215)) - HTTP server of HDDSDATANODE is listening at http://0.0.0.0:44096
2019-09-30 14:07:57,652 [main] INFO  impl.MetricsSystemImpl (MetricsSystemImpl.java:init(158)) - HddsDatanode metrics system started (again)
2019-09-30 14:07:57,656 [main] INFO  ozone.HddsDatanodeService (HddsDatanodeService.java:start(184)) - HddsDatanodeService host:trunk-nightly-extra-20190930-74rp4-3411845215 ip:192.168.164.197
2019-09-30 14:07:57,656 [org.apache.hadoop.util.JvmPauseMonitor$Monitor@459a38ea] INFO  util.JvmPauseMonitor (JvmPauseMonitor.java:run(188)) - Starting JVM pause monitor
2019-09-30 14:07:57,659 [Datanode State Machine Thread - 0] INFO  datanode.InitDatanodeState (InitDatanodeState.java:persistContainerDatanodeDetails(140)) - DatanodeDetails is persisted to /workdir/hadoop-ozone/integration-test/target/test-dir/MiniOzoneClusterImpl-94dfbac5-ba66-45b1-85eb-93ae9faac445/datanode-0/meta/datanode.id
2019-09-30 14:07:57,661 [main] INFO  volume.HddsVolume (HddsVolume.java:<init>(176)) - Creating Volume: /workdir/hadoop-ozone/integration-test/target/test-dir/MiniOzoneClusterImpl-94dfbac5-ba66-45b1-85eb-93ae9faac445/datanode-1/data/containers/hdds of  storage type : DISK and capacity : 1482555576320
2019-09-30 14:07:57,662 [main] INFO  volume.VolumeSet (VolumeSet.java:initializeVolumeSet(170)) - Added Volume : /workdir/hadoop-ozone/integration-test/target/test-dir/MiniOzoneClusterImpl-94dfbac5-ba66-45b1-85eb-93ae9faac445/datanode-1/data/containers/hdds to VolumeSet
2019-09-30 14:07:57,662 [main] INFO  volume.ThrottledAsyncChecker (ThrottledAsyncChecker.java:schedule(139)) - Scheduling a check for org.apache.hadoop.ozone.container.common.volume.HddsVolume@464400b3
2019-09-30 14:07:57,662 [main] INFO  volume.HddsVolumeChecker (HddsVolumeChecker.java:checkAllVolumes(202)) - Scheduled health check for volume org.apache.hadoop.ozone.container.common.volume.HddsVolume@464400b3
2019-09-30 14:07:57,673 [main] INFO  impl.RaftServerProxy (ConfUtils.java:logGet(43)) - raft.rpc.type = GRPC (default)
2019-09-30 14:07:57,673 [main] INFO  grpc.GrpcFactory (GrpcFactory.java:checkPooledByteBufAllocatorUseCacheForAllThreads(45)) - PERFORMANCE WARNING: useCacheForAllThreads is true that may cause Netty to create a lot garbage objects and, as a result, trigger GC.
	It is recommended to disable useCacheForAllThreads by setting -Dorg.apache.ratis.thirdparty.io.netty.allocator.useCacheForAllThreads=false in command line.
2019-09-30 14:07:57,673 [main] INFO  grpc.GrpcConfigKeys$Server (ConfUtils.java:logGet(43)) - raft.grpc.server.port = 0 (default)
2019-09-30 14:07:57,674 [main] INFO  server.GrpcService (ConfUtils.java:logGet(43)) - raft.grpc.message.size.max = 33570816 (custom)
2019-09-30 14:07:57,674 [main] INFO  server.RaftServerConfigKeys (ConfUtils.java:logGet(43)) - raft.server.log.appender.buffer.byte-limit = 33554432 (custom)
2019-09-30 14:07:57,674 [main] INFO  server.GrpcService (ConfUtils.java:logGet(43)) - raft.grpc.flow.control.window = 1MB (=1048576) (default)
2019-09-30 14:07:57,674 [main] INFO  server.RaftServerConfigKeys (ConfUtils.java:logGet(43)) - raft.server.rpc.request.timeout = 3000ms (default)
2019-09-30 14:07:57,674 [main] INFO  server.RaftServerConfigKeys (ConfUtils.java:logGet(43)) - raft.server.storage.dir = [/workdir/hadoop-ozone/integration-test/target/test-dir/MiniOzoneClusterImpl-94dfbac5-ba66-45b1-85eb-93ae9faac445/datanode-1/data/ratis] (custom)
2019-09-30 14:07:57,675 [main] INFO  hdfs.DFSUtil (DFSUtil.java:httpServerTemplateForNNAndJN(1641)) - Starting Web-server for hddsDatanode at: http://0.0.0.0:0
2019-09-30 14:07:57,676 [main] INFO  server.AuthenticationFilter (AuthenticationFilter.java:constructSecretProvider(240)) - Unable to initialize FileSignerSecretProvider, falling back to use random secrets.
2019-09-30 14:07:57,676 [main] WARN  http.HttpRequestLog (HttpRequestLog.java:getRequestLog(97)) - Jetty request log can only be enabled using Log4j
2019-09-30 14:07:57,677 [main] INFO  http.HttpServer2 (HttpServer2.java:addGlobalFilter(975)) - Added global filter 'safety' (class=org.apache.hadoop.http.HttpServer2$QuotingInputFilter)
2019-09-30 14:07:57,678 [main] INFO  http.HttpServer2 (HttpServer2.java:addFilter(948)) - Added filter static_user_filter (class=org.apache.hadoop.http.lib.StaticUserWebFilter$StaticUserFilter) to context hddsDatanode
2019-09-30 14:07:57,678 [main] INFO  http.HttpServer2 (HttpServer2.java:addFilter(958)) - Added filter static_user_filter (class=org.apache.hadoop.http.lib.StaticUserWebFilter$StaticUserFilter) to context logs
2019-09-30 14:07:57,678 [main] INFO  http.HttpServer2 (HttpServer2.java:addFilter(958)) - Added filter static_user_filter (class=org.apache.hadoop.http.lib.StaticUserWebFilter$StaticUserFilter) to context static
2019-09-30 14:07:57,679 [main] INFO  http.HttpServer2 (HttpServer2.java:bindListener(1191)) - Jetty bound to port 43264
2019-09-30 14:07:57,679 [main] INFO  server.Server (Server.java:doStart(351)) - jetty-9.3.25.v20180904, build timestamp: 2018-09-04T21:11:46Z, git hash: 3ce520221d0240229c862b122d2b06c12a625732
2019-09-30 14:07:57,680 [main] INFO  handler.ContextHandler (ContextHandler.java:doStart(781)) - Started o.e.j.s.ServletContextHandler@10bdfbcc{/logs,file:///workdir/hadoop-ozone/integration-test/target/log,AVAILABLE}
2019-09-30 14:07:57,680 [main] INFO  handler.ContextHandler (ContextHandler.java:doStart(781)) - Started o.e.j.s.ServletContextHandler@15e8c040{/static,jar:file:/home/user/.m2/repository/org/apache/hadoop/hadoop-hdds-container-service/0.5.0-SNAPSHOT/hadoop-hdds-container-service-0.5.0-SNAPSHOT.jar!/webapps/static,AVAILABLE}
2019-09-30 14:07:57,706 [main] INFO  handler.ContextHandler (ContextHandler.java:doStart(781)) - Started o.e.j.w.WebAppContext@3ae2702a{/,file:///tmp/jetty-0.0.0.0-43264-hddsDatanode-_-any-101247271611159771.dir/webapp/,AVAILABLE}{/hddsDatanode}
2019-09-30 14:07:57,706 [main] INFO  server.AbstractConnector (AbstractConnector.java:doStart(278)) - Started ServerConnector@7d088813{HTTP/1.1,[http/1.1]}{0.0.0.0:43264}
2019-09-30 14:07:57,708 [main] INFO  server.Server (Server.java:doStart(419)) - Started @706419ms
2019-09-30 14:07:57,708 [main] WARN  impl.MetricsSystemImpl (MetricsSystemImpl.java:register(276)) - Sink prometheus already exists!
2019-09-30 14:07:57,708 [main] INFO  server.BaseHttpServer (BaseHttpServer.java:updateConnectorAddress(215)) - HTTP server of HDDSDATANODE is listening at http://0.0.0.0:43264
2019-09-30 14:07:57,709 [main] INFO  impl.MetricsSystemImpl (MetricsSystemImpl.java:init(158)) - HddsDatanode metrics system started (again)
2019-09-30 14:07:57,713 [main] INFO  ozone.HddsDatanodeService (HddsDatanodeService.java:start(184)) - HddsDatanodeService host:trunk-nightly-extra-20190930-74rp4-3411845215 ip:192.168.164.197
2019-09-30 14:07:57,713 [org.apache.hadoop.util.JvmPauseMonitor$Monitor@7d6c2c9] INFO  util.JvmPauseMonitor (JvmPauseMonitor.java:run(188)) - Starting JVM pause monitor
2019-09-30 14:07:57,714 [Datanode State Machine Thread - 0] INFO  datanode.InitDatanodeState (InitDatanodeState.java:persistContainerDatanodeDetails(140)) - DatanodeDetails is persisted to /workdir/hadoop-ozone/integration-test/target/test-dir/MiniOzoneClusterImpl-94dfbac5-ba66-45b1-85eb-93ae9faac445/datanode-1/meta/datanode.id
2019-09-30 14:07:57,719 [main] INFO  volume.HddsVolume (HddsVolume.java:<init>(176)) - Creating Volume: /workdir/hadoop-ozone/integration-test/target/test-dir/MiniOzoneClusterImpl-94dfbac5-ba66-45b1-85eb-93ae9faac445/datanode-2/data/containers/hdds of  storage type : DISK and capacity : 1482555576320
2019-09-30 14:07:57,720 [main] INFO  volume.VolumeSet (VolumeSet.java:initializeVolumeSet(170)) - Added Volume : /workdir/hadoop-ozone/integration-test/target/test-dir/MiniOzoneClusterImpl-94dfbac5-ba66-45b1-85eb-93ae9faac445/datanode-2/data/containers/hdds to VolumeSet
2019-09-30 14:07:57,720 [main] INFO  volume.ThrottledAsyncChecker (ThrottledAsyncChecker.java:schedule(139)) - Scheduling a check for org.apache.hadoop.ozone.container.common.volume.HddsVolume@6249a08d
2019-09-30 14:07:57,720 [main] INFO  volume.HddsVolumeChecker (HddsVolumeChecker.java:checkAllVolumes(202)) - Scheduled health check for volume org.apache.hadoop.ozone.container.common.volume.HddsVolume@6249a08d
2019-09-30 14:07:57,731 [main] INFO  impl.RaftServerProxy (ConfUtils.java:logGet(43)) - raft.rpc.type = GRPC (default)
2019-09-30 14:07:57,731 [main] INFO  grpc.GrpcFactory (GrpcFactory.java:checkPooledByteBufAllocatorUseCacheForAllThreads(45)) - PERFORMANCE WARNING: useCacheForAllThreads is true that may cause Netty to create a lot garbage objects and, as a result, trigger GC.
	It is recommended to disable useCacheForAllThreads by setting -Dorg.apache.ratis.thirdparty.io.netty.allocator.useCacheForAllThreads=false in command line.
2019-09-30 14:07:57,731 [main] INFO  grpc.GrpcConfigKeys$Server (ConfUtils.java:logGet(43)) - raft.grpc.server.port = 0 (default)
2019-09-30 14:07:57,731 [main] INFO  server.GrpcService (ConfUtils.java:logGet(43)) - raft.grpc.message.size.max = 33570816 (custom)
2019-09-30 14:07:57,732 [main] INFO  server.RaftServerConfigKeys (ConfUtils.java:logGet(43)) - raft.server.log.appender.buffer.byte-limit = 33554432 (custom)
2019-09-30 14:07:57,732 [main] INFO  server.GrpcService (ConfUtils.java:logGet(43)) - raft.grpc.flow.control.window = 1MB (=1048576) (default)
2019-09-30 14:07:57,732 [main] INFO  server.RaftServerConfigKeys (ConfUtils.java:logGet(43)) - raft.server.rpc.request.timeout = 3000ms (default)
2019-09-30 14:07:57,732 [main] INFO  server.RaftServerConfigKeys (ConfUtils.java:logGet(43)) - raft.server.storage.dir = [/workdir/hadoop-ozone/integration-test/target/test-dir/MiniOzoneClusterImpl-94dfbac5-ba66-45b1-85eb-93ae9faac445/datanode-2/data/ratis] (custom)
2019-09-30 14:07:57,733 [main] INFO  hdfs.DFSUtil (DFSUtil.java:httpServerTemplateForNNAndJN(1641)) - Starting Web-server for hddsDatanode at: http://0.0.0.0:0
2019-09-30 14:07:57,734 [main] INFO  server.AuthenticationFilter (AuthenticationFilter.java:constructSecretProvider(240)) - Unable to initialize FileSignerSecretProvider, falling back to use random secrets.
2019-09-30 14:07:57,734 [main] WARN  http.HttpRequestLog (HttpRequestLog.java:getRequestLog(97)) - Jetty request log can only be enabled using Log4j
2019-09-30 14:07:57,735 [main] INFO  http.HttpServer2 (HttpServer2.java:addGlobalFilter(975)) - Added global filter 'safety' (class=org.apache.hadoop.http.HttpServer2$QuotingInputFilter)
2019-09-30 14:07:57,735 [main] INFO  http.HttpServer2 (HttpServer2.java:addFilter(948)) - Added filter static_user_filter (class=org.apache.hadoop.http.lib.StaticUserWebFilter$StaticUserFilter) to context hddsDatanode
2019-09-30 14:07:57,736 [main] INFO  http.HttpServer2 (HttpServer2.java:addFilter(958)) - Added filter static_user_filter (class=org.apache.hadoop.http.lib.StaticUserWebFilter$StaticUserFilter) to context logs
2019-09-30 14:07:57,736 [main] INFO  http.HttpServer2 (HttpServer2.java:addFilter(958)) - Added filter static_user_filter (class=org.apache.hadoop.http.lib.StaticUserWebFilter$StaticUserFilter) to context static
2019-09-30 14:07:57,736 [main] INFO  http.HttpServer2 (HttpServer2.java:bindListener(1191)) - Jetty bound to port 43120
2019-09-30 14:07:57,736 [main] INFO  server.Server (Server.java:doStart(351)) - jetty-9.3.25.v20180904, build timestamp: 2018-09-04T21:11:46Z, git hash: 3ce520221d0240229c862b122d2b06c12a625732
2019-09-30 14:07:57,738 [main] INFO  handler.ContextHandler (ContextHandler.java:doStart(781)) - Started o.e.j.s.ServletContextHandler@6f289728{/logs,file:///workdir/hadoop-ozone/integration-test/target/log,AVAILABLE}
2019-09-30 14:07:57,738 [main] INFO  handler.ContextHandler (ContextHandler.java:doStart(781)) - Started o.e.j.s.ServletContextHandler@350d26f3{/static,jar:file:/home/user/.m2/repository/org/apache/hadoop/hadoop-hdds-container-service/0.5.0-SNAPSHOT/hadoop-hdds-container-service-0.5.0-SNAPSHOT.jar!/webapps/static,AVAILABLE}
2019-09-30 14:07:57,764 [main] INFO  handler.ContextHandler (ContextHandler.java:doStart(781)) - Started o.e.j.w.WebAppContext@915d7c4{/,file:///tmp/jetty-0.0.0.0-43120-hddsDatanode-_-any-7659066910680442468.dir/webapp/,AVAILABLE}{/hddsDatanode}
2019-09-30 14:07:57,764 [main] INFO  server.AbstractConnector (AbstractConnector.java:doStart(278)) - Started ServerConnector@2513155a{HTTP/1.1,[http/1.1]}{0.0.0.0:43120}
2019-09-30 14:07:57,766 [main] INFO  server.Server (Server.java:doStart(419)) - Started @706476ms
2019-09-30 14:07:57,766 [main] WARN  impl.MetricsSystemImpl (MetricsSystemImpl.java:register(276)) - Sink prometheus already exists!
2019-09-30 14:07:57,766 [main] INFO  server.BaseHttpServer (BaseHttpServer.java:updateConnectorAddress(215)) - HTTP server of HDDSDATANODE is listening at http://0.0.0.0:43120
2019-09-30 14:07:57,767 [main] INFO  impl.MetricsSystemImpl (MetricsSystemImpl.java:init(158)) - HddsDatanode metrics system started (again)
2019-09-30 14:07:57,771 [main] INFO  ozone.HddsDatanodeService (HddsDatanodeService.java:start(184)) - HddsDatanodeService host:trunk-nightly-extra-20190930-74rp4-3411845215 ip:192.168.164.197
2019-09-30 14:07:57,772 [org.apache.hadoop.util.JvmPauseMonitor$Monitor@702964a4] INFO  util.JvmPauseMonitor (JvmPauseMonitor.java:run(188)) - Starting JVM pause monitor
2019-09-30 14:07:57,773 [Datanode State Machine Thread - 0] INFO  datanode.InitDatanodeState (InitDatanodeState.java:persistContainerDatanodeDetails(140)) - DatanodeDetails is persisted to /workdir/hadoop-ozone/integration-test/target/test-dir/MiniOzoneClusterImpl-94dfbac5-ba66-45b1-85eb-93ae9faac445/datanode-2/meta/datanode.id
2019-09-30 14:07:57,777 [main] INFO  volume.HddsVolume (HddsVolume.java:<init>(176)) - Creating Volume: /workdir/hadoop-ozone/integration-test/target/test-dir/MiniOzoneClusterImpl-94dfbac5-ba66-45b1-85eb-93ae9faac445/datanode-3/data/containers/hdds of  storage type : DISK and capacity : 1482555576320
2019-09-30 14:07:57,778 [main] INFO  volume.VolumeSet (VolumeSet.java:initializeVolumeSet(170)) - Added Volume : /workdir/hadoop-ozone/integration-test/target/test-dir/MiniOzoneClusterImpl-94dfbac5-ba66-45b1-85eb-93ae9faac445/datanode-3/data/containers/hdds to VolumeSet
2019-09-30 14:07:57,778 [main] INFO  volume.ThrottledAsyncChecker (ThrottledAsyncChecker.java:schedule(139)) - Scheduling a check for org.apache.hadoop.ozone.container.common.volume.HddsVolume@2a4e939a
2019-09-30 14:07:57,778 [main] INFO  volume.HddsVolumeChecker (HddsVolumeChecker.java:checkAllVolumes(202)) - Scheduled health check for volume org.apache.hadoop.ozone.container.common.volume.HddsVolume@2a4e939a
2019-09-30 14:07:57,789 [main] INFO  impl.RaftServerProxy (ConfUtils.java:logGet(43)) - raft.rpc.type = GRPC (default)
2019-09-30 14:07:57,789 [main] INFO  grpc.GrpcFactory (GrpcFactory.java:checkPooledByteBufAllocatorUseCacheForAllThreads(45)) - PERFORMANCE WARNING: useCacheForAllThreads is true that may cause Netty to create a lot garbage objects and, as a result, trigger GC.
	It is recommended to disable useCacheForAllThreads by setting -Dorg.apache.ratis.thirdparty.io.netty.allocator.useCacheForAllThreads=false in command line.
2019-09-30 14:07:57,789 [main] INFO  grpc.GrpcConfigKeys$Server (ConfUtils.java:logGet(43)) - raft.grpc.server.port = 0 (default)
2019-09-30 14:07:57,789 [main] INFO  server.GrpcService (ConfUtils.java:logGet(43)) - raft.grpc.message.size.max = 33570816 (custom)
2019-09-30 14:07:57,790 [main] INFO  server.RaftServerConfigKeys (ConfUtils.java:logGet(43)) - raft.server.log.appender.buffer.byte-limit = 33554432 (custom)
2019-09-30 14:07:57,790 [main] INFO  server.GrpcService (ConfUtils.java:logGet(43)) - raft.grpc.flow.control.window = 1MB (=1048576) (default)
2019-09-30 14:07:57,790 [main] INFO  server.RaftServerConfigKeys (ConfUtils.java:logGet(43)) - raft.server.rpc.request.timeout = 3000ms (default)
2019-09-30 14:07:57,790 [main] INFO  server.RaftServerConfigKeys (ConfUtils.java:logGet(43)) - raft.server.storage.dir = [/workdir/hadoop-ozone/integration-test/target/test-dir/MiniOzoneClusterImpl-94dfbac5-ba66-45b1-85eb-93ae9faac445/datanode-3/data/ratis] (custom)
2019-09-30 14:07:57,791 [main] INFO  hdfs.DFSUtil (DFSUtil.java:httpServerTemplateForNNAndJN(1641)) - Starting Web-server for hddsDatanode at: http://0.0.0.0:0
2019-09-30 14:07:57,793 [main] INFO  server.AuthenticationFilter (AuthenticationFilter.java:constructSecretProvider(240)) - Unable to initialize FileSignerSecretProvider, falling back to use random secrets.
2019-09-30 14:07:57,793 [main] WARN  http.HttpRequestLog (HttpRequestLog.java:getRequestLog(97)) - Jetty request log can only be enabled using Log4j
2019-09-30 14:07:57,794 [main] INFO  http.HttpServer2 (HttpServer2.java:addGlobalFilter(975)) - Added global filter 'safety' (class=org.apache.hadoop.http.HttpServer2$QuotingInputFilter)
2019-09-30 14:07:57,794 [main] INFO  http.HttpServer2 (HttpServer2.java:addFilter(948)) - Added filter static_user_filter (class=org.apache.hadoop.http.lib.StaticUserWebFilter$StaticUserFilter) to context hddsDatanode
2019-09-30 14:07:57,794 [main] INFO  http.HttpServer2 (HttpServer2.java:addFilter(958)) - Added filter static_user_filter (class=org.apache.hadoop.http.lib.StaticUserWebFilter$StaticUserFilter) to context logs
2019-09-30 14:07:57,795 [main] INFO  http.HttpServer2 (HttpServer2.java:addFilter(958)) - Added filter static_user_filter (class=org.apache.hadoop.http.lib.StaticUserWebFilter$StaticUserFilter) to context static
2019-09-30 14:07:57,795 [main] INFO  http.HttpServer2 (HttpServer2.java:bindListener(1191)) - Jetty bound to port 33655
2019-09-30 14:07:57,795 [main] INFO  server.Server (Server.java:doStart(351)) - jetty-9.3.25.v20180904, build timestamp: 2018-09-04T21:11:46Z, git hash: 3ce520221d0240229c862b122d2b06c12a625732
2019-09-30 14:07:57,796 [main] INFO  handler.ContextHandler (ContextHandler.java:doStart(781)) - Started o.e.j.s.ServletContextHandler@135e49b2{/logs,file:///workdir/hadoop-ozone/integration-test/target/log,AVAILABLE}
2019-09-30 14:07:57,797 [main] INFO  handler.ContextHandler (ContextHandler.java:doStart(781)) - Started o.e.j.s.ServletContextHandler@10b87ff6{/static,jar:file:/home/user/.m2/repository/org/apache/hadoop/hadoop-hdds-container-service/0.5.0-SNAPSHOT/hadoop-hdds-container-service-0.5.0-SNAPSHOT.jar!/webapps/static,AVAILABLE}
2019-09-30 14:07:57,823 [main] INFO  handler.ContextHandler (ContextHandler.java:doStart(781)) - Started o.e.j.w.WebAppContext@45707f76{/,file:///tmp/jetty-0.0.0.0-33655-hddsDatanode-_-any-6828331186278140975.dir/webapp/,AVAILABLE}{/hddsDatanode}
2019-09-30 14:07:57,824 [main] INFO  server.AbstractConnector (AbstractConnector.java:doStart(278)) - Started ServerConnector@1f0e2bdc{HTTP/1.1,[http/1.1]}{0.0.0.0:33655}
2019-09-30 14:07:57,826 [main] INFO  server.Server (Server.java:doStart(419)) - Started @706537ms
2019-09-30 14:07:57,826 [main] WARN  impl.MetricsSystemImpl (MetricsSystemImpl.java:register(276)) - Sink prometheus already exists!
2019-09-30 14:07:57,827 [main] INFO  server.BaseHttpServer (BaseHttpServer.java:updateConnectorAddress(215)) - HTTP server of HDDSDATANODE is listening at http://0.0.0.0:33655
2019-09-30 14:07:57,828 [main] INFO  impl.MetricsSystemImpl (MetricsSystemImpl.java:init(158)) - HddsDatanode metrics system started (again)
2019-09-30 14:07:57,833 [main] INFO  ozone.HddsDatanodeService (HddsDatanodeService.java:start(184)) - HddsDatanodeService host:trunk-nightly-extra-20190930-74rp4-3411845215 ip:192.168.164.197
2019-09-30 14:07:57,833 [org.apache.hadoop.util.JvmPauseMonitor$Monitor@64c3b28c] INFO  util.JvmPauseMonitor (JvmPauseMonitor.java:run(188)) - Starting JVM pause monitor
2019-09-30 14:07:57,834 [Datanode State Machine Thread - 0] INFO  datanode.InitDatanodeState (InitDatanodeState.java:persistContainerDatanodeDetails(140)) - DatanodeDetails is persisted to /workdir/hadoop-ozone/integration-test/target/test-dir/MiniOzoneClusterImpl-94dfbac5-ba66-45b1-85eb-93ae9faac445/datanode-3/meta/datanode.id
2019-09-30 14:07:57,839 [main] INFO  volume.HddsVolume (HddsVolume.java:<init>(176)) - Creating Volume: /workdir/hadoop-ozone/integration-test/target/test-dir/MiniOzoneClusterImpl-94dfbac5-ba66-45b1-85eb-93ae9faac445/datanode-4/data/containers/hdds of  storage type : DISK and capacity : 1482555576320
2019-09-30 14:07:57,840 [main] INFO  volume.VolumeSet (VolumeSet.java:initializeVolumeSet(170)) - Added Volume : /workdir/hadoop-ozone/integration-test/target/test-dir/MiniOzoneClusterImpl-94dfbac5-ba66-45b1-85eb-93ae9faac445/datanode-4/data/containers/hdds to VolumeSet
2019-09-30 14:07:57,840 [main] INFO  volume.ThrottledAsyncChecker (ThrottledAsyncChecker.java:schedule(139)) - Scheduling a check for org.apache.hadoop.ozone.container.common.volume.HddsVolume@4ebfb045
2019-09-30 14:07:57,840 [main] INFO  volume.HddsVolumeChecker (HddsVolumeChecker.java:checkAllVolumes(202)) - Scheduled health check for volume org.apache.hadoop.ozone.container.common.volume.HddsVolume@4ebfb045
2019-09-30 14:07:57,854 [main] INFO  impl.RaftServerProxy (ConfUtils.java:logGet(43)) - raft.rpc.type = GRPC (default)
2019-09-30 14:07:57,854 [main] INFO  grpc.GrpcFactory (GrpcFactory.java:checkPooledByteBufAllocatorUseCacheForAllThreads(45)) - PERFORMANCE WARNING: useCacheForAllThreads is true that may cause Netty to create a lot garbage objects and, as a result, trigger GC.
	It is recommended to disable useCacheForAllThreads by setting -Dorg.apache.ratis.thirdparty.io.netty.allocator.useCacheForAllThreads=false in command line.
2019-09-30 14:07:57,854 [main] INFO  grpc.GrpcConfigKeys$Server (ConfUtils.java:logGet(43)) - raft.grpc.server.port = 0 (default)
2019-09-30 14:07:57,854 [main] INFO  server.GrpcService (ConfUtils.java:logGet(43)) - raft.grpc.message.size.max = 33570816 (custom)
2019-09-30 14:07:57,854 [main] INFO  server.RaftServerConfigKeys (ConfUtils.java:logGet(43)) - raft.server.log.appender.buffer.byte-limit = 33554432 (custom)
2019-09-30 14:07:57,855 [main] INFO  server.GrpcService (ConfUtils.java:logGet(43)) - raft.grpc.flow.control.window = 1MB (=1048576) (default)
2019-09-30 14:07:57,855 [main] INFO  server.RaftServerConfigKeys (ConfUtils.java:logGet(43)) - raft.server.rpc.request.timeout = 3000ms (default)
2019-09-30 14:07:57,855 [main] INFO  server.RaftServerConfigKeys (ConfUtils.java:logGet(43)) - raft.server.storage.dir = [/workdir/hadoop-ozone/integration-test/target/test-dir/MiniOzoneClusterImpl-94dfbac5-ba66-45b1-85eb-93ae9faac445/datanode-4/data/ratis] (custom)
2019-09-30 14:07:57,856 [main] INFO  hdfs.DFSUtil (DFSUtil.java:httpServerTemplateForNNAndJN(1641)) - Starting Web-server for hddsDatanode at: http://0.0.0.0:0
2019-09-30 14:07:57,857 [main] INFO  server.AuthenticationFilter (AuthenticationFilter.java:constructSecretProvider(240)) - Unable to initialize FileSignerSecretProvider, falling back to use random secrets.
2019-09-30 14:07:57,857 [main] WARN  http.HttpRequestLog (HttpRequestLog.java:getRequestLog(97)) - Jetty request log can only be enabled using Log4j
2019-09-30 14:07:57,858 [main] INFO  http.HttpServer2 (HttpServer2.java:addGlobalFilter(975)) - Added global filter 'safety' (class=org.apache.hadoop.http.HttpServer2$QuotingInputFilter)
2019-09-30 14:07:57,859 [main] INFO  http.HttpServer2 (HttpServer2.java:addFilter(948)) - Added filter static_user_filter (class=org.apache.hadoop.http.lib.StaticUserWebFilter$StaticUserFilter) to context hddsDatanode
2019-09-30 14:07:57,859 [main] INFO  http.HttpServer2 (HttpServer2.java:addFilter(958)) - Added filter static_user_filter (class=org.apache.hadoop.http.lib.StaticUserWebFilter$StaticUserFilter) to context logs
2019-09-30 14:07:57,859 [main] INFO  http.HttpServer2 (HttpServer2.java:addFilter(958)) - Added filter static_user_filter (class=org.apache.hadoop.http.lib.StaticUserWebFilter$StaticUserFilter) to context static
2019-09-30 14:07:57,859 [main] INFO  http.HttpServer2 (HttpServer2.java:bindListener(1191)) - Jetty bound to port 33957
2019-09-30 14:07:57,860 [main] INFO  server.Server (Server.java:doStart(351)) - jetty-9.3.25.v20180904, build timestamp: 2018-09-04T21:11:46Z, git hash: 3ce520221d0240229c862b122d2b06c12a625732
2019-09-30 14:07:57,861 [main] INFO  handler.ContextHandler (ContextHandler.java:doStart(781)) - Started o.e.j.s.ServletContextHandler@284d4885{/logs,file:///workdir/hadoop-ozone/integration-test/target/log,AVAILABLE}
2019-09-30 14:07:57,861 [main] INFO  handler.ContextHandler (ContextHandler.java:doStart(781)) - Started o.e.j.s.ServletContextHandler@a69f9d{/static,jar:file:/home/user/.m2/repository/org/apache/hadoop/hadoop-hdds-container-service/0.5.0-SNAPSHOT/hadoop-hdds-container-service-0.5.0-SNAPSHOT.jar!/webapps/static,AVAILABLE}
2019-09-30 14:07:57,887 [main] INFO  handler.ContextHandler (ContextHandler.java:doStart(781)) - Started o.e.j.w.WebAppContext@278de2b2{/,file:///tmp/jetty-0.0.0.0-33957-hddsDatanode-_-any-2948624085473673437.dir/webapp/,AVAILABLE}{/hddsDatanode}
2019-09-30 14:07:57,887 [main] INFO  server.AbstractConnector (AbstractConnector.java:doStart(278)) - Started ServerConnector@1fc1c7e{HTTP/1.1,[http/1.1]}{0.0.0.0:33957}
2019-09-30 14:07:57,888 [main] INFO  server.Server (Server.java:doStart(419)) - Started @706599ms
2019-09-30 14:07:57,890 [main] WARN  impl.MetricsSystemImpl (MetricsSystemImpl.java:register(276)) - Sink prometheus already exists!
2019-09-30 14:07:57,890 [main] INFO  server.BaseHttpServer (BaseHttpServer.java:updateConnectorAddress(215)) - HTTP server of HDDSDATANODE is listening at http://0.0.0.0:33957
2019-09-30 14:07:57,890 [main] INFO  impl.MetricsSystemImpl (MetricsSystemImpl.java:init(158)) - HddsDatanode metrics system started (again)
2019-09-30 14:07:57,896 [main] INFO  ozone.HddsDatanodeService (HddsDatanodeService.java:start(184)) - HddsDatanodeService host:trunk-nightly-extra-20190930-74rp4-3411845215 ip:192.168.164.197
2019-09-30 14:07:57,896 [org.apache.hadoop.util.JvmPauseMonitor$Monitor@3bd1f85b] INFO  util.JvmPauseMonitor (JvmPauseMonitor.java:run(188)) - Starting JVM pause monitor
2019-09-30 14:07:57,898 [Datanode State Machine Thread - 0] INFO  datanode.InitDatanodeState (InitDatanodeState.java:persistContainerDatanodeDetails(140)) - DatanodeDetails is persisted to /workdir/hadoop-ozone/integration-test/target/test-dir/MiniOzoneClusterImpl-94dfbac5-ba66-45b1-85eb-93ae9faac445/datanode-4/meta/datanode.id
2019-09-30 14:07:57,904 [main] INFO  volume.HddsVolume (HddsVolume.java:<init>(176)) - Creating Volume: /workdir/hadoop-ozone/integration-test/target/test-dir/MiniOzoneClusterImpl-94dfbac5-ba66-45b1-85eb-93ae9faac445/datanode-5/data/containers/hdds of  storage type : DISK and capacity : 1482555576320
2019-09-30 14:07:57,904 [main] INFO  volume.VolumeSet (VolumeSet.java:initializeVolumeSet(170)) - Added Volume : /workdir/hadoop-ozone/integration-test/target/test-dir/MiniOzoneClusterImpl-94dfbac5-ba66-45b1-85eb-93ae9faac445/datanode-5/data/containers/hdds to VolumeSet
2019-09-30 14:07:57,904 [main] INFO  volume.ThrottledAsyncChecker (ThrottledAsyncChecker.java:schedule(139)) - Scheduling a check for org.apache.hadoop.ozone.container.common.volume.HddsVolume@55638165
2019-09-30 14:07:57,905 [main] INFO  volume.HddsVolumeChecker (HddsVolumeChecker.java:checkAllVolumes(202)) - Scheduled health check for volume org.apache.hadoop.ozone.container.common.volume.HddsVolume@55638165
2019-09-30 14:07:57,916 [main] INFO  impl.RaftServerProxy (ConfUtils.java:logGet(43)) - raft.rpc.type = GRPC (default)
2019-09-30 14:07:57,916 [main] INFO  grpc.GrpcFactory (GrpcFactory.java:checkPooledByteBufAllocatorUseCacheForAllThreads(45)) - PERFORMANCE WARNING: useCacheForAllThreads is true that may cause Netty to create a lot garbage objects and, as a result, trigger GC.
	It is recommended to disable useCacheForAllThreads by setting -Dorg.apache.ratis.thirdparty.io.netty.allocator.useCacheForAllThreads=false in command line.
2019-09-30 14:07:57,916 [main] INFO  grpc.GrpcConfigKeys$Server (ConfUtils.java:logGet(43)) - raft.grpc.server.port = 0 (default)
2019-09-30 14:07:57,916 [main] INFO  server.GrpcService (ConfUtils.java:logGet(43)) - raft.grpc.message.size.max = 33570816 (custom)
2019-09-30 14:07:57,916 [main] INFO  server.RaftServerConfigKeys (ConfUtils.java:logGet(43)) - raft.server.log.appender.buffer.byte-limit = 33554432 (custom)
2019-09-30 14:07:57,917 [main] INFO  server.GrpcService (ConfUtils.java:logGet(43)) - raft.grpc.flow.control.window = 1MB (=1048576) (default)
2019-09-30 14:07:57,917 [main] INFO  server.RaftServerConfigKeys (ConfUtils.java:logGet(43)) - raft.server.rpc.request.timeout = 3000ms (default)
2019-09-30 14:07:57,917 [main] INFO  server.RaftServerConfigKeys (ConfUtils.java:logGet(43)) - raft.server.storage.dir = [/workdir/hadoop-ozone/integration-test/target/test-dir/MiniOzoneClusterImpl-94dfbac5-ba66-45b1-85eb-93ae9faac445/datanode-5/data/ratis] (custom)
2019-09-30 14:07:57,918 [main] INFO  hdfs.DFSUtil (DFSUtil.java:httpServerTemplateForNNAndJN(1641)) - Starting Web-server for hddsDatanode at: http://0.0.0.0:0
2019-09-30 14:07:57,919 [main] INFO  server.AuthenticationFilter (AuthenticationFilter.java:constructSecretProvider(240)) - Unable to initialize FileSignerSecretProvider, falling back to use random secrets.
2019-09-30 14:07:57,919 [main] WARN  http.HttpRequestLog (HttpRequestLog.java:getRequestLog(97)) - Jetty request log can only be enabled using Log4j
2019-09-30 14:07:57,920 [main] INFO  http.HttpServer2 (HttpServer2.java:addGlobalFilter(975)) - Added global filter 'safety' (class=org.apache.hadoop.http.HttpServer2$QuotingInputFilter)
2019-09-30 14:07:57,920 [main] INFO  http.HttpServer2 (HttpServer2.java:addFilter(948)) - Added filter static_user_filter (class=org.apache.hadoop.http.lib.StaticUserWebFilter$StaticUserFilter) to context hddsDatanode
2019-09-30 14:07:57,920 [main] INFO  http.HttpServer2 (HttpServer2.java:addFilter(958)) - Added filter static_user_filter (class=org.apache.hadoop.http.lib.StaticUserWebFilter$StaticUserFilter) to context static
2019-09-30 14:07:57,921 [main] INFO  http.HttpServer2 (HttpServer2.java:addFilter(958)) - Added filter static_user_filter (class=org.apache.hadoop.http.lib.StaticUserWebFilter$StaticUserFilter) to context logs
2019-09-30 14:07:57,921 [main] INFO  http.HttpServer2 (HttpServer2.java:bindListener(1191)) - Jetty bound to port 44423
2019-09-30 14:07:57,921 [main] INFO  server.Server (Server.java:doStart(351)) - jetty-9.3.25.v20180904, build timestamp: 2018-09-04T21:11:46Z, git hash: 3ce520221d0240229c862b122d2b06c12a625732
2019-09-30 14:07:57,922 [main] INFO  handler.ContextHandler (ContextHandler.java:doStart(781)) - Started o.e.j.s.ServletContextHandler@6f8ac8d5{/logs,file:///workdir/hadoop-ozone/integration-test/target/log,AVAILABLE}
2019-09-30 14:07:57,923 [main] INFO  handler.ContextHandler (ContextHandler.java:doStart(781)) - Started o.e.j.s.ServletContextHandler@6ac756b{/static,jar:file:/home/user/.m2/repository/org/apache/hadoop/hadoop-hdds-container-service/0.5.0-SNAPSHOT/hadoop-hdds-container-service-0.5.0-SNAPSHOT.jar!/webapps/static,AVAILABLE}
2019-09-30 14:07:57,949 [main] INFO  handler.ContextHandler (ContextHandler.java:doStart(781)) - Started o.e.j.w.WebAppContext@7c5c20ed{/,file:///tmp/jetty-0.0.0.0-44423-hddsDatanode-_-any-9180290753395620808.dir/webapp/,AVAILABLE}{/hddsDatanode}
2019-09-30 14:07:57,949 [main] INFO  server.AbstractConnector (AbstractConnector.java:doStart(278)) - Started ServerConnector@6113a26f{HTTP/1.1,[http/1.1]}{0.0.0.0:44423}
2019-09-30 14:07:57,949 [main] INFO  server.Server (Server.java:doStart(419)) - Started @706660ms
2019-09-30 14:07:57,951 [main] WARN  impl.MetricsSystemImpl (MetricsSystemImpl.java:register(276)) - Sink prometheus already exists!
2019-09-30 14:07:57,952 [main] INFO  server.BaseHttpServer (BaseHttpServer.java:updateConnectorAddress(215)) - HTTP server of HDDSDATANODE is listening at http://0.0.0.0:44423
2019-09-30 14:07:57,952 [main] INFO  impl.MetricsSystemImpl (MetricsSystemImpl.java:init(158)) - HddsDatanode metrics system started (again)
2019-09-30 14:07:57,958 [org.apache.hadoop.util.JvmPauseMonitor$Monitor@54ab1c] INFO  util.JvmPauseMonitor (JvmPauseMonitor.java:run(188)) - Starting JVM pause monitor
2019-09-30 14:07:57,959 [main] INFO  ozone.HddsDatanodeService (HddsDatanodeService.java:start(184)) - HddsDatanodeService host:trunk-nightly-extra-20190930-74rp4-3411845215 ip:192.168.164.197
2019-09-30 14:07:57,959 [Datanode State Machine Thread - 0] INFO  datanode.InitDatanodeState (InitDatanodeState.java:persistContainerDatanodeDetails(140)) - DatanodeDetails is persisted to /workdir/hadoop-ozone/integration-test/target/test-dir/MiniOzoneClusterImpl-94dfbac5-ba66-45b1-85eb-93ae9faac445/datanode-5/meta/datanode.id
2019-09-30 14:07:57,966 [main] INFO  volume.HddsVolume (HddsVolume.java:<init>(176)) - Creating Volume: /workdir/hadoop-ozone/integration-test/target/test-dir/MiniOzoneClusterImpl-94dfbac5-ba66-45b1-85eb-93ae9faac445/datanode-6/data/containers/hdds of  storage type : DISK and capacity : 1482555576320
2019-09-30 14:07:57,966 [main] INFO  volume.VolumeSet (VolumeSet.java:initializeVolumeSet(170)) - Added Volume : /workdir/hadoop-ozone/integration-test/target/test-dir/MiniOzoneClusterImpl-94dfbac5-ba66-45b1-85eb-93ae9faac445/datanode-6/data/containers/hdds to VolumeSet
2019-09-30 14:07:57,966 [main] INFO  volume.ThrottledAsyncChecker (ThrottledAsyncChecker.java:schedule(139)) - Scheduling a check for org.apache.hadoop.ozone.container.common.volume.HddsVolume@69fe7090
2019-09-30 14:07:57,967 [main] INFO  volume.HddsVolumeChecker (HddsVolumeChecker.java:checkAllVolumes(202)) - Scheduled health check for volume org.apache.hadoop.ozone.container.common.volume.HddsVolume@69fe7090
2019-09-30 14:07:57,980 [main] INFO  impl.RaftServerProxy (ConfUtils.java:logGet(43)) - raft.rpc.type = GRPC (default)
2019-09-30 14:07:57,981 [main] INFO  grpc.GrpcFactory (GrpcFactory.java:checkPooledByteBufAllocatorUseCacheForAllThreads(45)) - PERFORMANCE WARNING: useCacheForAllThreads is true that may cause Netty to create a lot garbage objects and, as a result, trigger GC.
	It is recommended to disable useCacheForAllThreads by setting -Dorg.apache.ratis.thirdparty.io.netty.allocator.useCacheForAllThreads=false in command line.
2019-09-30 14:07:57,981 [main] INFO  grpc.GrpcConfigKeys$Server (ConfUtils.java:logGet(43)) - raft.grpc.server.port = 0 (default)
2019-09-30 14:07:57,981 [main] INFO  server.GrpcService (ConfUtils.java:logGet(43)) - raft.grpc.message.size.max = 33570816 (custom)
2019-09-30 14:07:57,981 [main] INFO  server.RaftServerConfigKeys (ConfUtils.java:logGet(43)) - raft.server.log.appender.buffer.byte-limit = 33554432 (custom)
2019-09-30 14:07:57,981 [main] INFO  server.GrpcService (ConfUtils.java:logGet(43)) - raft.grpc.flow.control.window = 1MB (=1048576) (default)
2019-09-30 14:07:57,982 [main] INFO  server.RaftServerConfigKeys (ConfUtils.java:logGet(43)) - raft.server.rpc.request.timeout = 3000ms (default)
2019-09-30 14:07:57,982 [main] INFO  server.RaftServerConfigKeys (ConfUtils.java:logGet(43)) - raft.server.storage.dir = [/workdir/hadoop-ozone/integration-test/target/test-dir/MiniOzoneClusterImpl-94dfbac5-ba66-45b1-85eb-93ae9faac445/datanode-6/data/ratis] (custom)
2019-09-30 14:07:57,983 [main] INFO  hdfs.DFSUtil (DFSUtil.java:httpServerTemplateForNNAndJN(1641)) - Starting Web-server for hddsDatanode at: http://0.0.0.0:0
2019-09-30 14:07:57,984 [main] INFO  server.AuthenticationFilter (AuthenticationFilter.java:constructSecretProvider(240)) - Unable to initialize FileSignerSecretProvider, falling back to use random secrets.
2019-09-30 14:07:57,985 [main] WARN  http.HttpRequestLog (HttpRequestLog.java:getRequestLog(97)) - Jetty request log can only be enabled using Log4j
2019-09-30 14:07:57,986 [main] INFO  http.HttpServer2 (HttpServer2.java:addGlobalFilter(975)) - Added global filter 'safety' (class=org.apache.hadoop.http.HttpServer2$QuotingInputFilter)
2019-09-30 14:07:57,986 [main] INFO  http.HttpServer2 (HttpServer2.java:addFilter(948)) - Added filter static_user_filter (class=org.apache.hadoop.http.lib.StaticUserWebFilter$StaticUserFilter) to context hddsDatanode
2019-09-30 14:07:57,986 [main] INFO  http.HttpServer2 (HttpServer2.java:addFilter(958)) - Added filter static_user_filter (class=org.apache.hadoop.http.lib.StaticUserWebFilter$StaticUserFilter) to context logs
2019-09-30 14:07:57,986 [main] INFO  http.HttpServer2 (HttpServer2.java:addFilter(958)) - Added filter static_user_filter (class=org.apache.hadoop.http.lib.StaticUserWebFilter$StaticUserFilter) to context static
2019-09-30 14:07:57,987 [main] INFO  http.HttpServer2 (HttpServer2.java:bindListener(1191)) - Jetty bound to port 35042
2019-09-30 14:07:57,987 [main] INFO  server.Server (Server.java:doStart(351)) - jetty-9.3.25.v20180904, build timestamp: 2018-09-04T21:11:46Z, git hash: 3ce520221d0240229c862b122d2b06c12a625732
2019-09-30 14:07:57,988 [main] INFO  handler.ContextHandler (ContextHandler.java:doStart(781)) - Started o.e.j.s.ServletContextHandler@8af1c49{/logs,file:///workdir/hadoop-ozone/integration-test/target/log,AVAILABLE}
2019-09-30 14:07:57,989 [main] INFO  handler.ContextHandler (ContextHandler.java:doStart(781)) - Started o.e.j.s.ServletContextHandler@23469199{/static,jar:file:/home/user/.m2/repository/org/apache/hadoop/hadoop-hdds-container-service/0.5.0-SNAPSHOT/hadoop-hdds-container-service-0.5.0-SNAPSHOT.jar!/webapps/static,AVAILABLE}
2019-09-30 14:07:58,018 [main] INFO  handler.ContextHandler (ContextHandler.java:doStart(781)) - Started o.e.j.w.WebAppContext@da22aa{/,file:///tmp/jetty-0.0.0.0-35042-hddsDatanode-_-any-2372093631388841945.dir/webapp/,AVAILABLE}{/hddsDatanode}
2019-09-30 14:07:58,019 [main] INFO  server.AbstractConnector (AbstractConnector.java:doStart(278)) - Started ServerConnector@75452aea{HTTP/1.1,[http/1.1]}{0.0.0.0:35042}
2019-09-30 14:07:58,020 [main] INFO  server.Server (Server.java:doStart(419)) - Started @706731ms
2019-09-30 14:07:58,021 [main] WARN  impl.MetricsSystemImpl (MetricsSystemImpl.java:register(276)) - Sink prometheus already exists!
2019-09-30 14:07:58,021 [main] INFO  server.BaseHttpServer (BaseHttpServer.java:updateConnectorAddress(215)) - HTTP server of HDDSDATANODE is listening at http://0.0.0.0:35042
2019-09-30 14:07:58,022 [main] INFO  ozone.MiniOzoneClusterImpl (MiniOzoneClusterImpl.java:lambda$waitForClusterToBeReady$0(147)) - Waiting for cluster to be ready. Got 0 of 7 DN Heartbeats.
2019-09-30 14:07:58,022 [org.apache.hadoop.util.JvmPauseMonitor$Monitor@7ca96305] INFO  util.JvmPauseMonitor (JvmPauseMonitor.java:run(188)) - Starting JVM pause monitor
2019-09-30 14:07:58,023 [Datanode State Machine Thread - 0] INFO  datanode.InitDatanodeState (InitDatanodeState.java:persistContainerDatanodeDetails(140)) - DatanodeDetails is persisted to /workdir/hadoop-ozone/integration-test/target/test-dir/MiniOzoneClusterImpl-94dfbac5-ba66-45b1-85eb-93ae9faac445/datanode-6/meta/datanode.id
2019-09-30 14:07:59,022 [main] INFO  ozone.MiniOzoneClusterImpl (MiniOzoneClusterImpl.java:lambda$waitForClusterToBeReady$0(147)) - Waiting for cluster to be ready. Got 0 of 7 DN Heartbeats.
2019-09-30 14:07:59,682 [Datanode State Machine Thread - 0] INFO  ozoneimpl.OzoneContainer (OzoneContainer.java:start(217)) - Attempting to start container services.
2019-09-30 14:07:59,683 [Datanode State Machine Thread - 0] INFO  ozoneimpl.OzoneContainer (OzoneContainer.java:startContainerScrub(179)) - Background container scanner has been disabled.
2019-09-30 14:07:59,683 [Datanode State Machine Thread - 0] INFO  ratis.XceiverServerRatis (XceiverServerRatis.java:start(411)) - Starting XceiverServerRatis cdcc480e-914b-425f-b4af-fa04f83470c1 at port 0
2019-09-30 14:07:59,691 [Datanode State Machine Thread - 0] INFO  impl.RaftServerProxy (RaftServerProxy.java:lambda$start$3(299)) - cdcc480e-914b-425f-b4af-fa04f83470c1: start RPC server
2019-09-30 14:07:59,693 [Datanode State Machine Thread - 0] INFO  server.GrpcService (GrpcService.java:startImpl(158)) - cdcc480e-914b-425f-b4af-fa04f83470c1: GrpcService started, listening on 0.0.0.0/0.0.0.0:43266
2019-09-30 14:07:59,693 [Datanode State Machine Thread - 0] INFO  ratis.XceiverServerRatis (XceiverServerRatis.java:start(421)) - XceiverServerRatis cdcc480e-914b-425f-b4af-fa04f83470c1 is started using port 43266
2019-09-30 14:07:59,694 [Datanode State Machine Thread - 0] INFO  server.XceiverServerGrpc (XceiverServerGrpc.java:start(149)) - XceiverServerGrpc cdcc480e-914b-425f-b4af-fa04f83470c1 is started using port 40251
2019-09-30 14:07:59,728 [Datanode State Machine Thread - 0] INFO  ozoneimpl.OzoneContainer (OzoneContainer.java:start(217)) - Attempting to start container services.
2019-09-30 14:07:59,728 [Datanode State Machine Thread - 0] INFO  ozoneimpl.OzoneContainer (OzoneContainer.java:startContainerScrub(179)) - Background container scanner has been disabled.
2019-09-30 14:07:59,728 [Datanode State Machine Thread - 0] INFO  ratis.XceiverServerRatis (XceiverServerRatis.java:start(411)) - Starting XceiverServerRatis f09e19a0-73d9-4449-addf-7f6ac098e286 at port 0
2019-09-30 14:07:59,735 [Datanode State Machine Thread - 0] INFO  impl.RaftServerProxy (RaftServerProxy.java:lambda$start$3(299)) - f09e19a0-73d9-4449-addf-7f6ac098e286: start RPC server
2019-09-30 14:07:59,735 [Datanode State Machine Thread - 0] INFO  server.GrpcService (GrpcService.java:startImpl(158)) - f09e19a0-73d9-4449-addf-7f6ac098e286: GrpcService started, listening on 0.0.0.0/0.0.0.0:36786
2019-09-30 14:07:59,735 [Datanode State Machine Thread - 0] INFO  ratis.XceiverServerRatis (XceiverServerRatis.java:start(421)) - XceiverServerRatis f09e19a0-73d9-4449-addf-7f6ac098e286 is started using port 36786
2019-09-30 14:07:59,736 [Datanode State Machine Thread - 0] INFO  server.XceiverServerGrpc (XceiverServerGrpc.java:start(149)) - XceiverServerGrpc f09e19a0-73d9-4449-addf-7f6ac098e286 is started using port 42609
2019-09-30 14:07:59,787 [Datanode State Machine Thread - 0] INFO  ozoneimpl.OzoneContainer (OzoneContainer.java:start(217)) - Attempting to start container services.
2019-09-30 14:07:59,788 [Datanode State Machine Thread - 0] INFO  ozoneimpl.OzoneContainer (OzoneContainer.java:startContainerScrub(179)) - Background container scanner has been disabled.
2019-09-30 14:07:59,788 [Datanode State Machine Thread - 0] INFO  ratis.XceiverServerRatis (XceiverServerRatis.java:start(411)) - Starting XceiverServerRatis 1f70c5e8-35ba-4faa-96c7-fcea44d2543c at port 0
2019-09-30 14:07:59,795 [Datanode State Machine Thread - 0] INFO  impl.RaftServerProxy (RaftServerProxy.java:lambda$start$3(299)) - 1f70c5e8-35ba-4faa-96c7-fcea44d2543c: start RPC server
2019-09-30 14:07:59,798 [Datanode State Machine Thread - 0] INFO  server.GrpcService (GrpcService.java:startImpl(158)) - 1f70c5e8-35ba-4faa-96c7-fcea44d2543c: GrpcService started, listening on 0.0.0.0/0.0.0.0:43696
2019-09-30 14:07:59,798 [Datanode State Machine Thread - 0] INFO  ratis.XceiverServerRatis (XceiverServerRatis.java:start(421)) - XceiverServerRatis 1f70c5e8-35ba-4faa-96c7-fcea44d2543c is started using port 43696
2019-09-30 14:07:59,799 [Datanode State Machine Thread - 0] INFO  server.XceiverServerGrpc (XceiverServerGrpc.java:start(149)) - XceiverServerGrpc 1f70c5e8-35ba-4faa-96c7-fcea44d2543c is started using port 40279
2019-09-30 14:07:59,847 [Datanode State Machine Thread - 0] INFO  ozoneimpl.OzoneContainer (OzoneContainer.java:start(217)) - Attempting to start container services.
2019-09-30 14:07:59,848 [Datanode State Machine Thread - 0] INFO  ozoneimpl.OzoneContainer (OzoneContainer.java:startContainerScrub(179)) - Background container scanner has been disabled.
2019-09-30 14:07:59,848 [Datanode State Machine Thread - 0] INFO  ratis.XceiverServerRatis (XceiverServerRatis.java:start(411)) - Starting XceiverServerRatis b2bcdf43-b1cf-4fcd-9749-198db9829d65 at port 0
2019-09-30 14:07:59,855 [Datanode State Machine Thread - 0] INFO  impl.RaftServerProxy (RaftServerProxy.java:lambda$start$3(299)) - b2bcdf43-b1cf-4fcd-9749-198db9829d65: start RPC server
2019-09-30 14:07:59,880 [Datanode State Machine Thread - 0] INFO  server.GrpcService (GrpcService.java:startImpl(158)) - b2bcdf43-b1cf-4fcd-9749-198db9829d65: GrpcService started, listening on 0.0.0.0/0.0.0.0:40769
2019-09-30 14:07:59,880 [Datanode State Machine Thread - 0] INFO  ratis.XceiverServerRatis (XceiverServerRatis.java:start(421)) - XceiverServerRatis b2bcdf43-b1cf-4fcd-9749-198db9829d65 is started using port 40769
2019-09-30 14:07:59,889 [Datanode State Machine Thread - 0] INFO  server.XceiverServerGrpc (XceiverServerGrpc.java:start(149)) - XceiverServerGrpc b2bcdf43-b1cf-4fcd-9749-198db9829d65 is started using port 35936
2019-09-30 14:07:59,911 [Datanode State Machine Thread - 0] INFO  ozoneimpl.OzoneContainer (OzoneContainer.java:start(217)) - Attempting to start container services.
2019-09-30 14:07:59,911 [Datanode State Machine Thread - 0] INFO  ozoneimpl.OzoneContainer (OzoneContainer.java:startContainerScrub(179)) - Background container scanner has been disabled.
2019-09-30 14:07:59,911 [Datanode State Machine Thread - 0] INFO  ratis.XceiverServerRatis (XceiverServerRatis.java:start(411)) - Starting XceiverServerRatis 175b4be1-c2c3-4a6b-807b-0e77021a765c at port 0
2019-09-30 14:07:59,919 [Datanode State Machine Thread - 0] INFO  impl.RaftServerProxy (RaftServerProxy.java:lambda$start$3(299)) - 175b4be1-c2c3-4a6b-807b-0e77021a765c: start RPC server
2019-09-30 14:07:59,922 [Datanode State Machine Thread - 0] INFO  server.GrpcService (GrpcService.java:startImpl(158)) - 175b4be1-c2c3-4a6b-807b-0e77021a765c: GrpcService started, listening on 0.0.0.0/0.0.0.0:43926
2019-09-30 14:07:59,922 [Datanode State Machine Thread - 0] INFO  ratis.XceiverServerRatis (XceiverServerRatis.java:start(421)) - XceiverServerRatis 175b4be1-c2c3-4a6b-807b-0e77021a765c is started using port 43926
2019-09-30 14:07:59,923 [Datanode State Machine Thread - 0] INFO  server.XceiverServerGrpc (XceiverServerGrpc.java:start(149)) - XceiverServerGrpc 175b4be1-c2c3-4a6b-807b-0e77021a765c is started using port 42413
2019-09-30 14:07:59,977 [Datanode State Machine Thread - 0] INFO  ozoneimpl.OzoneContainer (OzoneContainer.java:start(217)) - Attempting to start container services.
2019-09-30 14:07:59,978 [Datanode State Machine Thread - 0] INFO  ozoneimpl.OzoneContainer (OzoneContainer.java:startContainerScrub(179)) - Background container scanner has been disabled.
2019-09-30 14:07:59,978 [Datanode State Machine Thread - 0] INFO  ratis.XceiverServerRatis (XceiverServerRatis.java:start(411)) - Starting XceiverServerRatis ba168577-4ce1-4f3c-87a0-c15d6ea77440 at port 0
2019-09-30 14:07:59,985 [Datanode State Machine Thread - 0] INFO  impl.RaftServerProxy (RaftServerProxy.java:lambda$start$3(299)) - ba168577-4ce1-4f3c-87a0-c15d6ea77440: start RPC server
2019-09-30 14:07:59,988 [Datanode State Machine Thread - 0] INFO  server.GrpcService (GrpcService.java:startImpl(158)) - ba168577-4ce1-4f3c-87a0-c15d6ea77440: GrpcService started, listening on 0.0.0.0/0.0.0.0:36914
2019-09-30 14:07:59,988 [Datanode State Machine Thread - 0] INFO  ratis.XceiverServerRatis (XceiverServerRatis.java:start(421)) - XceiverServerRatis ba168577-4ce1-4f3c-87a0-c15d6ea77440 is started using port 36914
2019-09-30 14:07:59,989 [Datanode State Machine Thread - 0] INFO  server.XceiverServerGrpc (XceiverServerGrpc.java:start(149)) - XceiverServerGrpc ba168577-4ce1-4f3c-87a0-c15d6ea77440 is started using port 40117
2019-09-30 14:08:00,023 [main] INFO  ozone.MiniOzoneClusterImpl (MiniOzoneClusterImpl.java:lambda$waitForClusterToBeReady$0(147)) - Waiting for cluster to be ready. Got 0 of 7 DN Heartbeats.
2019-09-30 14:08:00,036 [Datanode State Machine Thread - 0] INFO  ozoneimpl.OzoneContainer (OzoneContainer.java:start(217)) - Attempting to start container services.
2019-09-30 14:08:00,036 [Datanode State Machine Thread - 0] INFO  ozoneimpl.OzoneContainer (OzoneContainer.java:startContainerScrub(179)) - Background container scanner has been disabled.
2019-09-30 14:08:00,036 [Datanode State Machine Thread - 0] INFO  ratis.XceiverServerRatis (XceiverServerRatis.java:start(411)) - Starting XceiverServerRatis b353a957-53f2-450b-9f4d-a32e144b41ca at port 0
2019-09-30 14:08:00,043 [Datanode State Machine Thread - 0] INFO  impl.RaftServerProxy (RaftServerProxy.java:lambda$start$3(299)) - b353a957-53f2-450b-9f4d-a32e144b41ca: start RPC server
2019-09-30 14:08:00,047 [Datanode State Machine Thread - 0] INFO  server.GrpcService (GrpcService.java:startImpl(158)) - b353a957-53f2-450b-9f4d-a32e144b41ca: GrpcService started, listening on 0.0.0.0/0.0.0.0:36204
2019-09-30 14:08:00,047 [Datanode State Machine Thread - 0] INFO  ratis.XceiverServerRatis (XceiverServerRatis.java:start(421)) - XceiverServerRatis b353a957-53f2-450b-9f4d-a32e144b41ca is started using port 36204
2019-09-30 14:08:00,047 [Datanode State Machine Thread - 0] INFO  server.XceiverServerGrpc (XceiverServerGrpc.java:start(149)) - XceiverServerGrpc b353a957-53f2-450b-9f4d-a32e144b41ca is started using port 38273
2019-09-30 14:08:01,023 [main] INFO  ozone.MiniOzoneClusterImpl (MiniOzoneClusterImpl.java:lambda$waitForClusterToBeReady$0(147)) - Waiting for cluster to be ready. Got 0 of 7 DN Heartbeats.
2019-09-30 14:08:01,664 [IPC Server handler 0 on 44294] INFO  net.NetworkTopology (NetworkTopologyImpl.java:add(111)) - Added a new node: /default-rack/cdcc480e-914b-425f-b4af-fa04f83470c1
2019-09-30 14:08:01,667 [IPC Server handler 0 on 44294] INFO  node.SCMNodeManager (SCMNodeManager.java:register(266)) - Registered Data node : cdcc480e-914b-425f-b4af-fa04f83470c1{ip: 192.168.164.197, host: trunk-nightly-extra-20190930-74rp4-3411845215, networkLocation: /default-rack, certSerialId: null}
2019-09-30 14:08:01,669 [EventQueue-NodeRegistrationContainerReportForDataNodeSafeModeRule] INFO  safemode.SCMSafeModeManager (DataNodeSafeModeRule.java:process(71)) - SCM in safe mode. 1 DataNodes registered, 1 required.
2019-09-30 14:08:01,672 [EventQueue-NodeRegistrationContainerReportForDataNodeSafeModeRule] INFO  safemode.SCMSafeModeManager (SCMSafeModeManager.java:validateSafeModeExitRules(177)) - ScmSafeModeManager, all rules are successfully validated
2019-09-30 14:08:01,672 [EventQueue-NodeRegistrationContainerReportForDataNodeSafeModeRule] INFO  safemode.SCMSafeModeManager (SCMSafeModeManager.java:exitSafeMode(193)) - SCM exiting safe mode.
2019-09-30 14:08:01,684 [grpc-default-executor-12] INFO  impl.RaftServerProxy (RaftServerProxy.java:addNew(89)) - cdcc480e-914b-425f-b4af-fa04f83470c1: addNew group-DF98C50526E4:[cdcc480e-914b-425f-b4af-fa04f83470c1:192.168.164.197:43266] returns group-DF98C50526E4:java.util.concurrent.CompletableFuture@2ecf7c4a[Not completed]
2019-09-30 14:08:01,687 [pool-679-thread-1] INFO  impl.RaftServerImpl (RaftServerImpl.java:<init>(95)) - cdcc480e-914b-425f-b4af-fa04f83470c1: new RaftServerImpl for group-DF98C50526E4:[cdcc480e-914b-425f-b4af-fa04f83470c1:192.168.164.197:43266] with ContainerStateMachine:uninitialized
2019-09-30 14:08:01,687 [pool-679-thread-1] INFO  server.RaftServerConfigKeys (ConfUtils.java:logGet(43)) - raft.server.rpc.timeout.min = 5s (custom)
2019-09-30 14:08:01,687 [pool-679-thread-1] INFO  server.RaftServerConfigKeys (ConfUtils.java:logGet(43)) - raft.server.rpc.timeout.max = 5200ms (custom)
2019-09-30 14:08:01,687 [pool-679-thread-1] INFO  server.RaftServerConfigKeys (ConfUtils.java:logGet(43)) - raft.server.rpcslowness.timeout = 120s (custom)
2019-09-30 14:08:01,687 [pool-679-thread-1] INFO  server.RaftServerConfigKeys (ConfUtils.java:logGet(43)) - raft.server.sleep.deviation.threshold = 300 (default)
2019-09-30 14:08:01,687 [pool-679-thread-1] INFO  server.RaftServerConfigKeys (ConfUtils.java:logGet(43)) - raft.server.log.appender.install.snapshot.enabled = false (custom)
2019-09-30 14:08:01,687 [pool-679-thread-1] INFO  impl.RaftServerImpl (ServerState.java:<init>(103)) - cdcc480e-914b-425f-b4af-fa04f83470c1@group-DF98C50526E4: ConfigurationManager, init=-1: [cdcc480e-914b-425f-b4af-fa04f83470c1:192.168.164.197:43266], old=null, confs=<EMPTY_MAP>
2019-09-30 14:08:01,688 [pool-679-thread-1] INFO  server.RaftServerConfigKeys (ConfUtils.java:logGet(43)) - raft.server.storage.dir = [/workdir/hadoop-ozone/integration-test/target/test-dir/MiniOzoneClusterImpl-94dfbac5-ba66-45b1-85eb-93ae9faac445/datanode-0/data/ratis] (custom)
2019-09-30 14:08:01,688 [pool-679-thread-1] INFO  storage.RaftStorageDirectory (RaftStorageDirectory.java:analyzeStorage(246)) - The storage directory /workdir/hadoop-ozone/integration-test/target/test-dir/MiniOzoneClusterImpl-94dfbac5-ba66-45b1-85eb-93ae9faac445/datanode-0/data/ratis/a77ee956-d66a-47f5-8339-df98c50526e4 does not exist. Creating ...
2019-09-30 14:08:01,701 [pool-679-thread-1] INFO  storage.RaftStorageDirectory (RaftStorageDirectory.java:tryLock(328)) - Lock on /workdir/hadoop-ozone/integration-test/target/test-dir/MiniOzoneClusterImpl-94dfbac5-ba66-45b1-85eb-93ae9faac445/datanode-0/data/ratis/a77ee956-d66a-47f5-8339-df98c50526e4/in_use.lock acquired by nodename 10834@trunk-nightly-extra-20190930-74rp4-3411845215
2019-09-30 14:08:01,714 [pool-679-thread-1] INFO  storage.RaftStorage (RaftStorage.java:format(72)) - Storage directory /workdir/hadoop-ozone/integration-test/target/test-dir/MiniOzoneClusterImpl-94dfbac5-ba66-45b1-85eb-93ae9faac445/datanode-0/data/ratis/a77ee956-d66a-47f5-8339-df98c50526e4 has been successfully formatted.
2019-09-30 14:08:01,714 [IPC Server handler 1 on 44294] INFO  net.NetworkTopology (NetworkTopologyImpl.java:add(111)) - Added a new node: /default-rack/f09e19a0-73d9-4449-addf-7f6ac098e286
2019-09-30 14:08:01,714 [pool-679-thread-1] INFO  ratis.ContainerStateMachine (ContainerStateMachine.java:loadSnapshot(230)) - group-DF98C50526E4: The snapshot info is null. Setting the last applied indexto:(t:0, i:~)
2019-09-30 14:08:01,714 [IPC Server handler 1 on 44294] INFO  node.SCMNodeManager (SCMNodeManager.java:register(266)) - Registered Data node : f09e19a0-73d9-4449-addf-7f6ac098e286{ip: 192.168.164.197, host: trunk-nightly-extra-20190930-74rp4-3411845215, networkLocation: /default-rack, certSerialId: null}
2019-09-30 14:08:01,715 [pool-679-thread-1] INFO  server.RaftServerConfigKeys (ConfUtils.java:logGet(43)) - raft.server.notification.no-leader.timeout = 120s (custom)
2019-09-30 14:08:01,715 [pool-679-thread-1] INFO  server.RaftServerConfigKeys (ConfUtils.java:logGet(43)) - raft.server.log.use.memory = false (default)
2019-09-30 14:08:01,715 [pool-679-thread-1] INFO  server.RaftServerConfigKeys (ConfUtils.java:logGet(43)) - raft.server.log.purge.gap = 1000000 (custom)
2019-09-30 14:08:01,715 [pool-679-thread-1] INFO  server.RaftServerConfigKeys (ConfUtils.java:logGet(43)) - raft.server.log.appender.buffer.byte-limit = 33554432 (custom)
2019-09-30 14:08:01,715 [pool-679-thread-1] INFO  server.RaftServerConfigKeys (ConfUtils.java:logGet(43)) - raft.server.log.segment.size.max = 1048576 (custom)
2019-09-30 14:08:01,715 [pool-679-thread-1] INFO  server.RaftServerConfigKeys (ConfUtils.java:logGet(43)) - raft.server.log.segment.cache.num.max = 2 (custom)
2019-09-30 14:08:01,716 [pool-679-thread-1] INFO  segmented.SegmentedRaftLogWorker (SegmentedRaftLogWorker.java:<init>(172)) - new cdcc480e-914b-425f-b4af-fa04f83470c1@group-DF98C50526E4-SegmentedRaftLogWorker for RaftStorage:Storage Directory /workdir/hadoop-ozone/integration-test/target/test-dir/MiniOzoneClusterImpl-94dfbac5-ba66-45b1-85eb-93ae9faac445/datanode-0/data/ratis/a77ee956-d66a-47f5-8339-df98c50526e4
2019-09-30 14:08:01,717 [pool-679-thread-1] INFO  server.RaftServerConfigKeys (ConfUtils.java:logGet(43)) - raft.server.log.queue.byte-limit = 2147483647 (custom)
2019-09-30 14:08:01,717 [pool-679-thread-1] INFO  server.RaftServerConfigKeys (ConfUtils.java:logGet(43)) - raft.server.log.queue.element-limit = 1024 (custom)
2019-09-30 14:08:01,718 [pool-679-thread-1] INFO  server.RaftServerConfigKeys (ConfUtils.java:logGet(43)) - raft.server.log.segment.size.max = 1048576 (custom)
2019-09-30 14:08:01,718 [pool-679-thread-1] INFO  server.RaftServerConfigKeys (ConfUtils.java:logGet(43)) - raft.server.log.preallocated.size = 16384 (custom)
2019-09-30 14:08:01,718 [pool-679-thread-1] INFO  server.RaftServerConfigKeys (ConfUtils.java:logGet(43)) - raft.server.log.write.buffer.size = 33554432 (custom)
2019-09-30 14:08:01,718 [pool-679-thread-1] INFO  server.RaftServerConfigKeys (ConfUtils.java:logGet(43)) - raft.server.log.force.sync.num = 128 (default)
2019-09-30 14:08:01,718 [pool-679-thread-1] INFO  server.RaftServerConfigKeys (ConfUtils.java:logGet(43)) - raft.server.log.statemachine.data.sync = true (default)
2019-09-30 14:08:01,718 [pool-679-thread-1] INFO  server.RaftServerConfigKeys (ConfUtils.java:logGet(43)) - raft.server.log.statemachine.data.sync.timeout = 10s (default)
2019-09-30 14:08:01,718 [pool-679-thread-1] INFO  server.RaftServerConfigKeys (ConfUtils.java:logGet(43)) - raft.server.log.statemachine.data.sync.timeout.retry = -1 (default)
2019-09-30 14:08:01,718 [pool-679-thread-1] INFO  server.RaftServerConfigKeys (ConfUtils.java:logGet(43)) - raft.server.log.statemachine.data.caching.enabled = true (custom)
2019-09-30 14:08:01,719 [pool-679-thread-1] INFO  segmented.SegmentedRaftLogWorker (SegmentedRaftLogWorker.java:lambda$new$0(132)) - cdcc480e-914b-425f-b4af-fa04f83470c1@group-DF98C50526E4-SegmentedRaftLogWorker: flushIndex: setUnconditionally 0 -> -1
2019-09-30 14:08:01,719 [pool-679-thread-1] INFO  server.RaftServerConfigKeys (ConfUtils.java:logGet(43)) - raft.server.snapshot.auto.trigger.enabled = true (custom)
2019-09-30 14:08:01,719 [pool-679-thread-1] INFO  server.RaftServerConfigKeys (ConfUtils.java:logGet(43)) - raft.server.snapshot.auto.trigger.threshold = 10000 (custom)
2019-09-30 14:08:01,719 [pool-679-thread-1] INFO  server.RaftServerConfigKeys (ConfUtils.java:logGet(43)) - raft.server.snapshot.retention.num.files = 5 (custom)
2019-09-30 14:08:01,719 [pool-679-thread-1] INFO  server.RaftServerConfigKeys (ConfUtils.java:logGet(43)) - raft.server.retrycache.expirytime = 600000ms (custom)
2019-09-30 14:08:01,721 [pool-679-thread-1] INFO  impl.RaftServerImpl (RaftServerImpl.java:start(185)) - cdcc480e-914b-425f-b4af-fa04f83470c1@group-DF98C50526E4: start as a follower, conf=-1: [cdcc480e-914b-425f-b4af-fa04f83470c1:192.168.164.197:43266], old=null
2019-09-30 14:08:01,721 [pool-679-thread-1] INFO  impl.RaftServerImpl (RaftServerImpl.java:setRole(174)) - cdcc480e-914b-425f-b4af-fa04f83470c1@group-DF98C50526E4: changes role from      null to FOLLOWER at term 0 for startAsFollower
2019-09-30 14:08:01,721 [pool-679-thread-1] INFO  impl.RoleInfo (RoleInfo.java:updateAndGet(143)) - cdcc480e-914b-425f-b4af-fa04f83470c1: start FollowerState
2019-09-30 14:08:01,722 [pool-679-thread-1] INFO  util.JmxRegister (JmxRegister.java:tryRegister(44)) - Successfully registered JMX Bean with object name Ratis:service=RaftServer,group=group-DF98C50526E4,id=cdcc480e-914b-425f-b4af-fa04f83470c1
2019-09-30 14:08:01,725 [RatisPipelineUtilsThread] INFO  pipeline.PipelineStateManager (PipelineStateManager.java:addPipeline(56)) - Created pipeline Pipeline[ Id: a77ee956-d66a-47f5-8339-df98c50526e4, Nodes: cdcc480e-914b-425f-b4af-fa04f83470c1{ip: 192.168.164.197, host: trunk-nightly-extra-20190930-74rp4-3411845215, networkLocation: /default-rack, certSerialId: null}, Type:RATIS, Factor:ONE, State:OPEN]
2019-09-30 14:08:01,731 [grpc-default-executor-12] INFO  impl.RaftServerProxy (RaftServerProxy.java:addNew(89)) - f09e19a0-73d9-4449-addf-7f6ac098e286: addNew group-F4246F155252:[f09e19a0-73d9-4449-addf-7f6ac098e286:192.168.164.197:36786] returns group-F4246F155252:java.util.concurrent.CompletableFuture@524e51ac[Not completed]
2019-09-30 14:08:01,732 [pool-689-thread-1] INFO  impl.RaftServerImpl (RaftServerImpl.java:<init>(95)) - f09e19a0-73d9-4449-addf-7f6ac098e286: new RaftServerImpl for group-F4246F155252:[f09e19a0-73d9-4449-addf-7f6ac098e286:192.168.164.197:36786] with ContainerStateMachine:uninitialized
2019-09-30 14:08:01,732 [pool-689-thread-1] INFO  server.RaftServerConfigKeys (ConfUtils.java:logGet(43)) - raft.server.rpc.timeout.min = 5s (custom)
2019-09-30 14:08:01,732 [pool-689-thread-1] INFO  server.RaftServerConfigKeys (ConfUtils.java:logGet(43)) - raft.server.rpc.timeout.max = 5200ms (custom)
2019-09-30 14:08:01,732 [pool-689-thread-1] INFO  server.RaftServerConfigKeys (ConfUtils.java:logGet(43)) - raft.server.rpcslowness.timeout = 120s (custom)
2019-09-30 14:08:01,732 [pool-689-thread-1] INFO  server.RaftServerConfigKeys (ConfUtils.java:logGet(43)) - raft.server.sleep.deviation.threshold = 300 (default)
2019-09-30 14:08:01,732 [pool-689-thread-1] INFO  server.RaftServerConfigKeys (ConfUtils.java:logGet(43)) - raft.server.log.appender.install.snapshot.enabled = false (custom)
2019-09-30 14:08:01,732 [pool-689-thread-1] INFO  impl.RaftServerImpl (ServerState.java:<init>(103)) - f09e19a0-73d9-4449-addf-7f6ac098e286@group-F4246F155252: ConfigurationManager, init=-1: [f09e19a0-73d9-4449-addf-7f6ac098e286:192.168.164.197:36786], old=null, confs=<EMPTY_MAP>
2019-09-30 14:08:01,732 [pool-689-thread-1] INFO  server.RaftServerConfigKeys (ConfUtils.java:logGet(43)) - raft.server.storage.dir = [/workdir/hadoop-ozone/integration-test/target/test-dir/MiniOzoneClusterImpl-94dfbac5-ba66-45b1-85eb-93ae9faac445/datanode-1/data/ratis] (custom)
2019-09-30 14:08:01,733 [pool-689-thread-1] INFO  storage.RaftStorageDirectory (RaftStorageDirectory.java:analyzeStorage(246)) - The storage directory /workdir/hadoop-ozone/integration-test/target/test-dir/MiniOzoneClusterImpl-94dfbac5-ba66-45b1-85eb-93ae9faac445/datanode-1/data/ratis/1d0230dd-aa73-4a2a-8fdc-f4246f155252 does not exist. Creating ...
2019-09-30 14:08:01,745 [pool-689-thread-1] INFO  storage.RaftStorageDirectory (RaftStorageDirectory.java:tryLock(328)) - Lock on /workdir/hadoop-ozone/integration-test/target/test-dir/MiniOzoneClusterImpl-94dfbac5-ba66-45b1-85eb-93ae9faac445/datanode-1/data/ratis/1d0230dd-aa73-4a2a-8fdc-f4246f155252/in_use.lock acquired by nodename 10834@trunk-nightly-extra-20190930-74rp4-3411845215
2019-09-30 14:08:01,758 [pool-689-thread-1] INFO  storage.RaftStorage (RaftStorage.java:format(72)) - Storage directory /workdir/hadoop-ozone/integration-test/target/test-dir/MiniOzoneClusterImpl-94dfbac5-ba66-45b1-85eb-93ae9faac445/datanode-1/data/ratis/1d0230dd-aa73-4a2a-8fdc-f4246f155252 has been successfully formatted.
2019-09-30 14:08:01,759 [pool-689-thread-1] INFO  ratis.ContainerStateMachine (ContainerStateMachine.java:loadSnapshot(230)) - group-F4246F155252: The snapshot info is null. Setting the last applied indexto:(t:0, i:~)
2019-09-30 14:08:01,759 [pool-689-thread-1] INFO  server.RaftServerConfigKeys (ConfUtils.java:logGet(43)) - raft.server.notification.no-leader.timeout = 120s (custom)
2019-09-30 14:08:01,759 [pool-689-thread-1] INFO  server.RaftServerConfigKeys (ConfUtils.java:logGet(43)) - raft.server.log.use.memory = false (default)
2019-09-30 14:08:01,759 [pool-689-thread-1] INFO  server.RaftServerConfigKeys (ConfUtils.java:logGet(43)) - raft.server.log.purge.gap = 1000000 (custom)
2019-09-30 14:08:01,759 [pool-689-thread-1] INFO  server.RaftServerConfigKeys (ConfUtils.java:logGet(43)) - raft.server.log.appender.buffer.byte-limit = 33554432 (custom)
2019-09-30 14:08:01,759 [pool-689-thread-1] INFO  server.RaftServerConfigKeys (ConfUtils.java:logGet(43)) - raft.server.log.segment.size.max = 1048576 (custom)
2019-09-30 14:08:01,759 [pool-689-thread-1] INFO  server.RaftServerConfigKeys (ConfUtils.java:logGet(43)) - raft.server.log.segment.cache.num.max = 2 (custom)
2019-09-30 14:08:01,759 [pool-689-thread-1] INFO  segmented.SegmentedRaftLogWorker (SegmentedRaftLogWorker.java:<init>(172)) - new f09e19a0-73d9-4449-addf-7f6ac098e286@group-F4246F155252-SegmentedRaftLogWorker for RaftStorage:Storage Directory /workdir/hadoop-ozone/integration-test/target/test-dir/MiniOzoneClusterImpl-94dfbac5-ba66-45b1-85eb-93ae9faac445/datanode-1/data/ratis/1d0230dd-aa73-4a2a-8fdc-f4246f155252
2019-09-30 14:08:01,761 [pool-689-thread-1] INFO  server.RaftServerConfigKeys (ConfUtils.java:logGet(43)) - raft.server.log.queue.byte-limit = 2147483647 (custom)
2019-09-30 14:08:01,761 [pool-689-thread-1] INFO  server.RaftServerConfigKeys (ConfUtils.java:logGet(43)) - raft.server.log.queue.element-limit = 1024 (custom)
2019-09-30 14:08:01,761 [pool-689-thread-1] INFO  server.RaftServerConfigKeys (ConfUtils.java:logGet(43)) - raft.server.log.segment.size.max = 1048576 (custom)
2019-09-30 14:08:01,761 [pool-689-thread-1] INFO  server.RaftServerConfigKeys (ConfUtils.java:logGet(43)) - raft.server.log.preallocated.size = 16384 (custom)
2019-09-30 14:08:01,761 [pool-689-thread-1] INFO  server.RaftServerConfigKeys (ConfUtils.java:logGet(43)) - raft.server.log.write.buffer.size = 33554432 (custom)
2019-09-30 14:08:01,761 [pool-689-thread-1] INFO  server.RaftServerConfigKeys (ConfUtils.java:logGet(43)) - raft.server.log.force.sync.num = 128 (default)
2019-09-30 14:08:01,761 [pool-689-thread-1] INFO  server.RaftServerConfigKeys (ConfUtils.java:logGet(43)) - raft.server.log.statemachine.data.sync = true (default)
2019-09-30 14:08:01,761 [pool-689-thread-1] INFO  server.RaftServerConfigKeys (ConfUtils.java:logGet(43)) - raft.server.log.statemachine.data.sync.timeout = 10s (default)
2019-09-30 14:08:01,761 [pool-689-thread-1] INFO  server.RaftServerConfigKeys (ConfUtils.java:logGet(43)) - raft.server.log.statemachine.data.sync.timeout.retry = -1 (default)
2019-09-30 14:08:01,762 [pool-689-thread-1] INFO  server.RaftServerConfigKeys (ConfUtils.java:logGet(43)) - raft.server.log.statemachine.data.caching.enabled = true (custom)
2019-09-30 14:08:01,762 [pool-689-thread-1] INFO  segmented.SegmentedRaftLogWorker (SegmentedRaftLogWorker.java:lambda$new$0(132)) - f09e19a0-73d9-4449-addf-7f6ac098e286@group-F4246F155252-SegmentedRaftLogWorker: flushIndex: setUnconditionally 0 -> -1
2019-09-30 14:08:01,762 [pool-689-thread-1] INFO  server.RaftServerConfigKeys (ConfUtils.java:logGet(43)) - raft.server.snapshot.auto.trigger.enabled = true (custom)
2019-09-30 14:08:01,762 [pool-689-thread-1] INFO  server.RaftServerConfigKeys (ConfUtils.java:logGet(43)) - raft.server.snapshot.auto.trigger.threshold = 10000 (custom)
2019-09-30 14:08:01,762 [pool-689-thread-1] INFO  server.RaftServerConfigKeys (ConfUtils.java:logGet(43)) - raft.server.snapshot.retention.num.files = 5 (custom)
2019-09-30 14:08:01,762 [pool-689-thread-1] INFO  server.RaftServerConfigKeys (ConfUtils.java:logGet(43)) - raft.server.retrycache.expirytime = 600000ms (custom)
2019-09-30 14:08:01,763 [pool-689-thread-1] INFO  impl.RaftServerImpl (RaftServerImpl.java:start(185)) - f09e19a0-73d9-4449-addf-7f6ac098e286@group-F4246F155252: start as a follower, conf=-1: [f09e19a0-73d9-4449-addf-7f6ac098e286:192.168.164.197:36786], old=null
2019-09-30 14:08:01,764 [pool-689-thread-1] INFO  impl.RaftServerImpl (RaftServerImpl.java:setRole(174)) - f09e19a0-73d9-4449-addf-7f6ac098e286@group-F4246F155252: changes role from      null to FOLLOWER at term 0 for startAsFollower
2019-09-30 14:08:01,764 [pool-689-thread-1] INFO  impl.RoleInfo (RoleInfo.java:updateAndGet(143)) - f09e19a0-73d9-4449-addf-7f6ac098e286: start FollowerState
2019-09-30 14:08:01,764 [pool-689-thread-1] INFO  util.JmxRegister (JmxRegister.java:tryRegister(44)) - Successfully registered JMX Bean with object name Ratis:service=RaftServer,group=group-F4246F155252,id=f09e19a0-73d9-4449-addf-7f6ac098e286
2019-09-30 14:08:01,766 [RatisPipelineUtilsThread] INFO  pipeline.PipelineStateManager (PipelineStateManager.java:addPipeline(56)) - Created pipeline Pipeline[ Id: 1d0230dd-aa73-4a2a-8fdc-f4246f155252, Nodes: f09e19a0-73d9-4449-addf-7f6ac098e286{ip: 192.168.164.197, host: trunk-nightly-extra-20190930-74rp4-3411845215, networkLocation: /default-rack, certSerialId: null}, Type:RATIS, Factor:ONE, State:OPEN]
2019-09-30 14:08:01,774 [IPC Server handler 2 on 44294] INFO  net.NetworkTopology (NetworkTopologyImpl.java:add(111)) - Added a new node: /default-rack/1f70c5e8-35ba-4faa-96c7-fcea44d2543c
2019-09-30 14:08:01,774 [IPC Server handler 2 on 44294] INFO  node.SCMNodeManager (SCMNodeManager.java:register(266)) - Registered Data node : 1f70c5e8-35ba-4faa-96c7-fcea44d2543c{ip: 192.168.164.197, host: trunk-nightly-extra-20190930-74rp4-3411845215, networkLocation: /default-rack, certSerialId: null}
2019-09-30 14:08:01,781 [grpc-default-executor-12] INFO  impl.RaftServerProxy (RaftServerProxy.java:addNew(89)) - 1f70c5e8-35ba-4faa-96c7-fcea44d2543c: addNew group-47BB2E6EAE31:[1f70c5e8-35ba-4faa-96c7-fcea44d2543c:192.168.164.197:43696] returns group-47BB2E6EAE31:java.util.concurrent.CompletableFuture@2d688e8a[Not completed]
2019-09-30 14:08:01,782 [pool-699-thread-1] INFO  impl.RaftServerImpl (RaftServerImpl.java:<init>(95)) - 1f70c5e8-35ba-4faa-96c7-fcea44d2543c: new RaftServerImpl for group-47BB2E6EAE31:[1f70c5e8-35ba-4faa-96c7-fcea44d2543c:192.168.164.197:43696] with ContainerStateMachine:uninitialized
2019-09-30 14:08:01,782 [pool-699-thread-1] INFO  server.RaftServerConfigKeys (ConfUtils.java:logGet(43)) - raft.server.rpc.timeout.min = 5s (custom)
2019-09-30 14:08:01,782 [pool-699-thread-1] INFO  server.RaftServerConfigKeys (ConfUtils.java:logGet(43)) - raft.server.rpc.timeout.max = 5200ms (custom)
2019-09-30 14:08:01,782 [pool-699-thread-1] INFO  server.RaftServerConfigKeys (ConfUtils.java:logGet(43)) - raft.server.rpcslowness.timeout = 120s (custom)
2019-09-30 14:08:01,783 [pool-699-thread-1] INFO  server.RaftServerConfigKeys (ConfUtils.java:logGet(43)) - raft.server.sleep.deviation.threshold = 300 (default)
2019-09-30 14:08:01,783 [pool-699-thread-1] INFO  server.RaftServerConfigKeys (ConfUtils.java:logGet(43)) - raft.server.log.appender.install.snapshot.enabled = false (custom)
2019-09-30 14:08:01,783 [pool-699-thread-1] INFO  impl.RaftServerImpl (ServerState.java:<init>(103)) - 1f70c5e8-35ba-4faa-96c7-fcea44d2543c@group-47BB2E6EAE31: ConfigurationManager, init=-1: [1f70c5e8-35ba-4faa-96c7-fcea44d2543c:192.168.164.197:43696], old=null, confs=<EMPTY_MAP>
2019-09-30 14:08:01,783 [pool-699-thread-1] INFO  server.RaftServerConfigKeys (ConfUtils.java:logGet(43)) - raft.server.storage.dir = [/workdir/hadoop-ozone/integration-test/target/test-dir/MiniOzoneClusterImpl-94dfbac5-ba66-45b1-85eb-93ae9faac445/datanode-2/data/ratis] (custom)
2019-09-30 14:08:01,784 [pool-699-thread-1] INFO  storage.RaftStorageDirectory (RaftStorageDirectory.java:analyzeStorage(246)) - The storage directory /workdir/hadoop-ozone/integration-test/target/test-dir/MiniOzoneClusterImpl-94dfbac5-ba66-45b1-85eb-93ae9faac445/datanode-2/data/ratis/c0beee11-2a12-47e9-9d8e-47bb2e6eae31 does not exist. Creating ...
2019-09-30 14:08:01,797 [pool-699-thread-1] INFO  storage.RaftStorageDirectory (RaftStorageDirectory.java:tryLock(328)) - Lock on /workdir/hadoop-ozone/integration-test/target/test-dir/MiniOzoneClusterImpl-94dfbac5-ba66-45b1-85eb-93ae9faac445/datanode-2/data/ratis/c0beee11-2a12-47e9-9d8e-47bb2e6eae31/in_use.lock acquired by nodename 10834@trunk-nightly-extra-20190930-74rp4-3411845215
2019-09-30 14:08:01,810 [pool-699-thread-1] INFO  storage.RaftStorage (RaftStorage.java:format(72)) - Storage directory /workdir/hadoop-ozone/integration-test/target/test-dir/MiniOzoneClusterImpl-94dfbac5-ba66-45b1-85eb-93ae9faac445/datanode-2/data/ratis/c0beee11-2a12-47e9-9d8e-47bb2e6eae31 has been successfully formatted.
2019-09-30 14:08:01,810 [pool-699-thread-1] INFO  ratis.ContainerStateMachine (ContainerStateMachine.java:loadSnapshot(230)) - group-47BB2E6EAE31: The snapshot info is null. Setting the last applied indexto:(t:0, i:~)
2019-09-30 14:08:01,810 [pool-699-thread-1] INFO  server.RaftServerConfigKeys (ConfUtils.java:logGet(43)) - raft.server.notification.no-leader.timeout = 120s (custom)
2019-09-30 14:08:01,811 [pool-699-thread-1] INFO  server.RaftServerConfigKeys (ConfUtils.java:logGet(43)) - raft.server.log.use.memory = false (default)
2019-09-30 14:08:01,811 [pool-699-thread-1] INFO  server.RaftServerConfigKeys (ConfUtils.java:logGet(43)) - raft.server.log.purge.gap = 1000000 (custom)
2019-09-30 14:08:01,811 [pool-699-thread-1] INFO  server.RaftServerConfigKeys (ConfUtils.java:logGet(43)) - raft.server.log.appender.buffer.byte-limit = 33554432 (custom)
2019-09-30 14:08:01,811 [pool-699-thread-1] INFO  server.RaftServerConfigKeys (ConfUtils.java:logGet(43)) - raft.server.log.segment.size.max = 1048576 (custom)
2019-09-30 14:08:01,811 [pool-699-thread-1] INFO  server.RaftServerConfigKeys (ConfUtils.java:logGet(43)) - raft.server.log.segment.cache.num.max = 2 (custom)
2019-09-30 14:08:01,811 [pool-699-thread-1] INFO  segmented.SegmentedRaftLogWorker (SegmentedRaftLogWorker.java:<init>(172)) - new 1f70c5e8-35ba-4faa-96c7-fcea44d2543c@group-47BB2E6EAE31-SegmentedRaftLogWorker for RaftStorage:Storage Directory /workdir/hadoop-ozone/integration-test/target/test-dir/MiniOzoneClusterImpl-94dfbac5-ba66-45b1-85eb-93ae9faac445/datanode-2/data/ratis/c0beee11-2a12-47e9-9d8e-47bb2e6eae31
2019-09-30 14:08:01,813 [pool-699-thread-1] INFO  server.RaftServerConfigKeys (ConfUtils.java:logGet(43)) - raft.server.log.queue.byte-limit = 2147483647 (custom)
2019-09-30 14:08:01,813 [pool-699-thread-1] INFO  server.RaftServerConfigKeys (ConfUtils.java:logGet(43)) - raft.server.log.queue.element-limit = 1024 (custom)
2019-09-30 14:08:01,813 [pool-699-thread-1] INFO  server.RaftServerConfigKeys (ConfUtils.java:logGet(43)) - raft.server.log.segment.size.max = 1048576 (custom)
2019-09-30 14:08:01,813 [pool-699-thread-1] INFO  server.RaftServerConfigKeys (ConfUtils.java:logGet(43)) - raft.server.log.preallocated.size = 16384 (custom)
2019-09-30 14:08:01,813 [pool-699-thread-1] INFO  server.RaftServerConfigKeys (ConfUtils.java:logGet(43)) - raft.server.log.write.buffer.size = 33554432 (custom)
2019-09-30 14:08:01,813 [pool-699-thread-1] INFO  server.RaftServerConfigKeys (ConfUtils.java:logGet(43)) - raft.server.log.force.sync.num = 128 (default)
2019-09-30 14:08:01,813 [pool-699-thread-1] INFO  server.RaftServerConfigKeys (ConfUtils.java:logGet(43)) - raft.server.log.statemachine.data.sync = true (default)
2019-09-30 14:08:01,813 [pool-699-thread-1] INFO  server.RaftServerConfigKeys (ConfUtils.java:logGet(43)) - raft.server.log.statemachine.data.sync.timeout = 10s (default)
2019-09-30 14:08:01,814 [pool-699-thread-1] INFO  server.RaftServerConfigKeys (ConfUtils.java:logGet(43)) - raft.server.log.statemachine.data.sync.timeout.retry = -1 (default)
2019-09-30 14:08:01,814 [pool-699-thread-1] INFO  server.RaftServerConfigKeys (ConfUtils.java:logGet(43)) - raft.server.log.statemachine.data.caching.enabled = true (custom)
2019-09-30 14:08:01,814 [pool-699-thread-1] INFO  segmented.SegmentedRaftLogWorker (SegmentedRaftLogWorker.java:lambda$new$0(132)) - 1f70c5e8-35ba-4faa-96c7-fcea44d2543c@group-47BB2E6EAE31-SegmentedRaftLogWorker: flushIndex: setUnconditionally 0 -> -1
2019-09-30 14:08:01,814 [pool-699-thread-1] INFO  server.RaftServerConfigKeys (ConfUtils.java:logGet(43)) - raft.server.snapshot.auto.trigger.enabled = true (custom)
2019-09-30 14:08:01,814 [pool-699-thread-1] INFO  server.RaftServerConfigKeys (ConfUtils.java:logGet(43)) - raft.server.snapshot.auto.trigger.threshold = 10000 (custom)
2019-09-30 14:08:01,814 [pool-699-thread-1] INFO  server.RaftServerConfigKeys (ConfUtils.java:logGet(43)) - raft.server.snapshot.retention.num.files = 5 (custom)
2019-09-30 14:08:01,815 [pool-699-thread-1] INFO  server.RaftServerConfigKeys (ConfUtils.java:logGet(43)) - raft.server.retrycache.expirytime = 600000ms (custom)
2019-09-30 14:08:01,816 [pool-699-thread-1] INFO  impl.RaftServerImpl (RaftServerImpl.java:start(185)) - 1f70c5e8-35ba-4faa-96c7-fcea44d2543c@group-47BB2E6EAE31: start as a follower, conf=-1: [1f70c5e8-35ba-4faa-96c7-fcea44d2543c:192.168.164.197:43696], old=null
2019-09-30 14:08:01,816 [pool-699-thread-1] INFO  impl.RaftServerImpl (RaftServerImpl.java:setRole(174)) - 1f70c5e8-35ba-4faa-96c7-fcea44d2543c@group-47BB2E6EAE31: changes role from      null to FOLLOWER at term 0 for startAsFollower
2019-09-30 14:08:01,816 [pool-699-thread-1] INFO  impl.RoleInfo (RoleInfo.java:updateAndGet(143)) - 1f70c5e8-35ba-4faa-96c7-fcea44d2543c: start FollowerState
2019-09-30 14:08:01,816 [pool-699-thread-1] INFO  util.JmxRegister (JmxRegister.java:tryRegister(44)) - Successfully registered JMX Bean with object name Ratis:service=RaftServer,group=group-47BB2E6EAE31,id=1f70c5e8-35ba-4faa-96c7-fcea44d2543c
2019-09-30 14:08:01,818 [RatisPipelineUtilsThread] INFO  pipeline.PipelineStateManager (PipelineStateManager.java:addPipeline(56)) - Created pipeline Pipeline[ Id: c0beee11-2a12-47e9-9d8e-47bb2e6eae31, Nodes: 1f70c5e8-35ba-4faa-96c7-fcea44d2543c{ip: 192.168.164.197, host: trunk-nightly-extra-20190930-74rp4-3411845215, networkLocation: /default-rack, certSerialId: null}, Type:RATIS, Factor:ONE, State:OPEN]
2019-09-30 14:08:01,832 [grpc-default-executor-1] INFO  impl.RaftServerProxy (RaftServerProxy.java:addNew(89)) - cdcc480e-914b-425f-b4af-fa04f83470c1: addNew group-78C8E060C04D:[1f70c5e8-35ba-4faa-96c7-fcea44d2543c:192.168.164.197:43696, f09e19a0-73d9-4449-addf-7f6ac098e286:192.168.164.197:36786, cdcc480e-914b-425f-b4af-fa04f83470c1:192.168.164.197:43266] returns group-78C8E060C04D:java.util.concurrent.CompletableFuture@1eef1f99[Not completed]
2019-09-30 14:08:01,832 [grpc-default-executor-12] INFO  impl.RaftServerProxy (RaftServerProxy.java:addNew(89)) - f09e19a0-73d9-4449-addf-7f6ac098e286: addNew group-78C8E060C04D:[1f70c5e8-35ba-4faa-96c7-fcea44d2543c:192.168.164.197:43696, f09e19a0-73d9-4449-addf-7f6ac098e286:192.168.164.197:36786, cdcc480e-914b-425f-b4af-fa04f83470c1:192.168.164.197:43266] returns group-78C8E060C04D:java.util.concurrent.CompletableFuture@385c58ca[Not completed]
2019-09-30 14:08:01,832 [grpc-default-executor-10] INFO  impl.RaftServerProxy (RaftServerProxy.java:addNew(89)) - 1f70c5e8-35ba-4faa-96c7-fcea44d2543c: addNew group-78C8E060C04D:[1f70c5e8-35ba-4faa-96c7-fcea44d2543c:192.168.164.197:43696, f09e19a0-73d9-4449-addf-7f6ac098e286:192.168.164.197:36786, cdcc480e-914b-425f-b4af-fa04f83470c1:192.168.164.197:43266] returns group-78C8E060C04D:java.util.concurrent.CompletableFuture@7c3a4e2b[Not completed]
2019-09-30 14:08:01,833 [pool-689-thread-1] INFO  impl.RaftServerImpl (RaftServerImpl.java:<init>(95)) - f09e19a0-73d9-4449-addf-7f6ac098e286: new RaftServerImpl for group-78C8E060C04D:[1f70c5e8-35ba-4faa-96c7-fcea44d2543c:192.168.164.197:43696, f09e19a0-73d9-4449-addf-7f6ac098e286:192.168.164.197:36786, cdcc480e-914b-425f-b4af-fa04f83470c1:192.168.164.197:43266] with ContainerStateMachine:uninitialized
2019-09-30 14:08:01,833 [pool-689-thread-1] INFO  server.RaftServerConfigKeys (ConfUtils.java:logGet(43)) - raft.server.rpc.timeout.min = 5s (custom)
2019-09-30 14:08:01,833 [pool-699-thread-1] INFO  impl.RaftServerImpl (RaftServerImpl.java:<init>(95)) - 1f70c5e8-35ba-4faa-96c7-fcea44d2543c: new RaftServerImpl for group-78C8E060C04D:[1f70c5e8-35ba-4faa-96c7-fcea44d2543c:192.168.164.197:43696, f09e19a0-73d9-4449-addf-7f6ac098e286:192.168.164.197:36786, cdcc480e-914b-425f-b4af-fa04f83470c1:192.168.164.197:43266] with ContainerStateMachine:uninitialized
2019-09-30 14:08:01,833 [pool-689-thread-1] INFO  server.RaftServerConfigKeys (ConfUtils.java:logGet(43)) - raft.server.rpc.timeout.max = 5200ms (custom)
2019-09-30 14:08:01,833 [pool-699-thread-1] INFO  server.RaftServerConfigKeys (ConfUtils.java:logGet(43)) - raft.server.rpc.timeout.min = 5s (custom)
2019-09-30 14:08:01,833 [pool-679-thread-1] INFO  impl.RaftServerImpl (RaftServerImpl.java:<init>(95)) - cdcc480e-914b-425f-b4af-fa04f83470c1: new RaftServerImpl for group-78C8E060C04D:[1f70c5e8-35ba-4faa-96c7-fcea44d2543c:192.168.164.197:43696, f09e19a0-73d9-4449-addf-7f6ac098e286:192.168.164.197:36786, cdcc480e-914b-425f-b4af-fa04f83470c1:192.168.164.197:43266] with ContainerStateMachine:uninitialized
2019-09-30 14:08:01,833 [pool-689-thread-1] INFO  server.RaftServerConfigKeys (ConfUtils.java:logGet(43)) - raft.server.rpcslowness.timeout = 120s (custom)
2019-09-30 14:08:01,834 [pool-679-thread-1] INFO  server.RaftServerConfigKeys (ConfUtils.java:logGet(43)) - raft.server.rpc.timeout.min = 5s (custom)
2019-09-30 14:08:01,834 [IPC Server handler 3 on 44294] INFO  net.NetworkTopology (NetworkTopologyImpl.java:add(111)) - Added a new node: /default-rack/b2bcdf43-b1cf-4fcd-9749-198db9829d65
2019-09-30 14:08:01,834 [pool-699-thread-1] INFO  server.RaftServerConfigKeys (ConfUtils.java:logGet(43)) - raft.server.rpc.timeout.max = 5200ms (custom)
2019-09-30 14:08:01,834 [IPC Server handler 3 on 44294] INFO  node.SCMNodeManager (SCMNodeManager.java:register(266)) - Registered Data node : b2bcdf43-b1cf-4fcd-9749-198db9829d65{ip: 192.168.164.197, host: trunk-nightly-extra-20190930-74rp4-3411845215, networkLocation: /default-rack, certSerialId: null}
2019-09-30 14:08:01,834 [pool-679-thread-1] INFO  server.RaftServerConfigKeys (ConfUtils.java:logGet(43)) - raft.server.rpc.timeout.max = 5200ms (custom)
2019-09-30 14:08:01,834 [pool-689-thread-1] INFO  server.RaftServerConfigKeys (ConfUtils.java:logGet(43)) - raft.server.sleep.deviation.threshold = 300 (default)
2019-09-30 14:08:01,834 [pool-679-thread-1] INFO  server.RaftServerConfigKeys (ConfUtils.java:logGet(43)) - raft.server.rpcslowness.timeout = 120s (custom)
2019-09-30 14:08:01,834 [pool-699-thread-1] INFO  server.RaftServerConfigKeys (ConfUtils.java:logGet(43)) - raft.server.rpcslowness.timeout = 120s (custom)
2019-09-30 14:08:01,835 [pool-679-thread-1] INFO  server.RaftServerConfigKeys (ConfUtils.java:logGet(43)) - raft.server.sleep.deviation.threshold = 300 (default)
2019-09-30 14:08:01,834 [pool-689-thread-1] INFO  server.RaftServerConfigKeys (ConfUtils.java:logGet(43)) - raft.server.log.appender.install.snapshot.enabled = false (custom)
2019-09-30 14:08:01,835 [pool-679-thread-1] INFO  server.RaftServerConfigKeys (ConfUtils.java:logGet(43)) - raft.server.log.appender.install.snapshot.enabled = false (custom)
2019-09-30 14:08:01,835 [pool-699-thread-1] INFO  server.RaftServerConfigKeys (ConfUtils.java:logGet(43)) - raft.server.sleep.deviation.threshold = 300 (default)
2019-09-30 14:08:01,835 [pool-679-thread-1] INFO  impl.RaftServerImpl (ServerState.java:<init>(103)) - cdcc480e-914b-425f-b4af-fa04f83470c1@group-78C8E060C04D: ConfigurationManager, init=-1: [1f70c5e8-35ba-4faa-96c7-fcea44d2543c:192.168.164.197:43696, f09e19a0-73d9-4449-addf-7f6ac098e286:192.168.164.197:36786, cdcc480e-914b-425f-b4af-fa04f83470c1:192.168.164.197:43266], old=null, confs=<EMPTY_MAP>
2019-09-30 14:08:01,835 [pool-689-thread-1] INFO  impl.RaftServerImpl (ServerState.java:<init>(103)) - f09e19a0-73d9-4449-addf-7f6ac098e286@group-78C8E060C04D: ConfigurationManager, init=-1: [1f70c5e8-35ba-4faa-96c7-fcea44d2543c:192.168.164.197:43696, f09e19a0-73d9-4449-addf-7f6ac098e286:192.168.164.197:36786, cdcc480e-914b-425f-b4af-fa04f83470c1:192.168.164.197:43266], old=null, confs=<EMPTY_MAP>
2019-09-30 14:08:01,835 [pool-679-thread-1] INFO  server.RaftServerConfigKeys (ConfUtils.java:logGet(43)) - raft.server.storage.dir = [/workdir/hadoop-ozone/integration-test/target/test-dir/MiniOzoneClusterImpl-94dfbac5-ba66-45b1-85eb-93ae9faac445/datanode-0/data/ratis] (custom)
2019-09-30 14:08:01,835 [pool-699-thread-1] INFO  server.RaftServerConfigKeys (ConfUtils.java:logGet(43)) - raft.server.log.appender.install.snapshot.enabled = false (custom)
2019-09-30 14:08:01,835 [pool-689-thread-1] INFO  server.RaftServerConfigKeys (ConfUtils.java:logGet(43)) - raft.server.storage.dir = [/workdir/hadoop-ozone/integration-test/target/test-dir/MiniOzoneClusterImpl-94dfbac5-ba66-45b1-85eb-93ae9faac445/datanode-1/data/ratis] (custom)
2019-09-30 14:08:01,835 [pool-699-thread-1] INFO  impl.RaftServerImpl (ServerState.java:<init>(103)) - 1f70c5e8-35ba-4faa-96c7-fcea44d2543c@group-78C8E060C04D: ConfigurationManager, init=-1: [1f70c5e8-35ba-4faa-96c7-fcea44d2543c:192.168.164.197:43696, f09e19a0-73d9-4449-addf-7f6ac098e286:192.168.164.197:36786, cdcc480e-914b-425f-b4af-fa04f83470c1:192.168.164.197:43266], old=null, confs=<EMPTY_MAP>
2019-09-30 14:08:01,835 [pool-679-thread-1] INFO  storage.RaftStorageDirectory (RaftStorageDirectory.java:analyzeStorage(246)) - The storage directory /workdir/hadoop-ozone/integration-test/target/test-dir/MiniOzoneClusterImpl-94dfbac5-ba66-45b1-85eb-93ae9faac445/datanode-0/data/ratis/7ecf0d1a-d820-4f57-a5b6-78c8e060c04d does not exist. Creating ...
2019-09-30 14:08:01,836 [pool-689-thread-1] INFO  storage.RaftStorageDirectory (RaftStorageDirectory.java:analyzeStorage(246)) - The storage directory /workdir/hadoop-ozone/integration-test/target/test-dir/MiniOzoneClusterImpl-94dfbac5-ba66-45b1-85eb-93ae9faac445/datanode-1/data/ratis/7ecf0d1a-d820-4f57-a5b6-78c8e060c04d does not exist. Creating ...
2019-09-30 14:08:01,835 [pool-699-thread-1] INFO  server.RaftServerConfigKeys (ConfUtils.java:logGet(43)) - raft.server.storage.dir = [/workdir/hadoop-ozone/integration-test/target/test-dir/MiniOzoneClusterImpl-94dfbac5-ba66-45b1-85eb-93ae9faac445/datanode-2/data/ratis] (custom)
2019-09-30 14:08:01,836 [pool-699-thread-1] INFO  storage.RaftStorageDirectory (RaftStorageDirectory.java:analyzeStorage(246)) - The storage directory /workdir/hadoop-ozone/integration-test/target/test-dir/MiniOzoneClusterImpl-94dfbac5-ba66-45b1-85eb-93ae9faac445/datanode-2/data/ratis/7ecf0d1a-d820-4f57-a5b6-78c8e060c04d does not exist. Creating ...
2019-09-30 14:08:01,848 [pool-679-thread-1] INFO  storage.RaftStorageDirectory (RaftStorageDirectory.java:tryLock(328)) - Lock on /workdir/hadoop-ozone/integration-test/target/test-dir/MiniOzoneClusterImpl-94dfbac5-ba66-45b1-85eb-93ae9faac445/datanode-0/data/ratis/7ecf0d1a-d820-4f57-a5b6-78c8e060c04d/in_use.lock acquired by nodename 10834@trunk-nightly-extra-20190930-74rp4-3411845215
2019-09-30 14:08:01,848 [pool-689-thread-1] INFO  storage.RaftStorageDirectory (RaftStorageDirectory.java:tryLock(328)) - Lock on /workdir/hadoop-ozone/integration-test/target/test-dir/MiniOzoneClusterImpl-94dfbac5-ba66-45b1-85eb-93ae9faac445/datanode-1/data/ratis/7ecf0d1a-d820-4f57-a5b6-78c8e060c04d/in_use.lock acquired by nodename 10834@trunk-nightly-extra-20190930-74rp4-3411845215
2019-09-30 14:08:01,848 [pool-699-thread-1] INFO  storage.RaftStorageDirectory (RaftStorageDirectory.java:tryLock(328)) - Lock on /workdir/hadoop-ozone/integration-test/target/test-dir/MiniOzoneClusterImpl-94dfbac5-ba66-45b1-85eb-93ae9faac445/datanode-2/data/ratis/7ecf0d1a-d820-4f57-a5b6-78c8e060c04d/in_use.lock acquired by nodename 10834@trunk-nightly-extra-20190930-74rp4-3411845215
2019-09-30 14:08:01,862 [pool-679-thread-1] INFO  storage.RaftStorage (RaftStorage.java:format(72)) - Storage directory /workdir/hadoop-ozone/integration-test/target/test-dir/MiniOzoneClusterImpl-94dfbac5-ba66-45b1-85eb-93ae9faac445/datanode-0/data/ratis/7ecf0d1a-d820-4f57-a5b6-78c8e060c04d has been successfully formatted.
2019-09-30 14:08:01,862 [pool-699-thread-1] INFO  storage.RaftStorage (RaftStorage.java:format(72)) - Storage directory /workdir/hadoop-ozone/integration-test/target/test-dir/MiniOzoneClusterImpl-94dfbac5-ba66-45b1-85eb-93ae9faac445/datanode-2/data/ratis/7ecf0d1a-d820-4f57-a5b6-78c8e060c04d has been successfully formatted.
2019-09-30 14:08:01,862 [pool-679-thread-1] INFO  ratis.ContainerStateMachine (ContainerStateMachine.java:loadSnapshot(230)) - group-78C8E060C04D: The snapshot info is null. Setting the last applied indexto:(t:0, i:~)
2019-09-30 14:08:01,862 [pool-689-thread-1] INFO  storage.RaftStorage (RaftStorage.java:format(72)) - Storage directory /workdir/hadoop-ozone/integration-test/target/test-dir/MiniOzoneClusterImpl-94dfbac5-ba66-45b1-85eb-93ae9faac445/datanode-1/data/ratis/7ecf0d1a-d820-4f57-a5b6-78c8e060c04d has been successfully formatted.
2019-09-30 14:08:01,862 [pool-679-thread-1] INFO  server.RaftServerConfigKeys (ConfUtils.java:logGet(43)) - raft.server.notification.no-leader.timeout = 120s (custom)
2019-09-30 14:08:01,862 [pool-699-thread-1] INFO  ratis.ContainerStateMachine (ContainerStateMachine.java:loadSnapshot(230)) - group-78C8E060C04D: The snapshot info is null. Setting the last applied indexto:(t:0, i:~)
2019-09-30 14:08:01,862 [pool-679-thread-1] INFO  server.RaftServerConfigKeys (ConfUtils.java:logGet(43)) - raft.server.log.use.memory = false (default)
2019-09-30 14:08:01,862 [pool-689-thread-1] INFO  ratis.ContainerStateMachine (ContainerStateMachine.java:loadSnapshot(230)) - group-78C8E060C04D: The snapshot info is null. Setting the last applied indexto:(t:0, i:~)
2019-09-30 14:08:01,862 [pool-679-thread-1] INFO  server.RaftServerConfigKeys (ConfUtils.java:logGet(43)) - raft.server.log.purge.gap = 1000000 (custom)
2019-09-30 14:08:01,862 [pool-699-thread-1] INFO  server.RaftServerConfigKeys (ConfUtils.java:logGet(43)) - raft.server.notification.no-leader.timeout = 120s (custom)
2019-09-30 14:08:01,863 [pool-679-thread-1] INFO  server.RaftServerConfigKeys (ConfUtils.java:logGet(43)) - raft.server.log.appender.buffer.byte-limit = 33554432 (custom)
2019-09-30 14:08:01,862 [pool-689-thread-1] INFO  server.RaftServerConfigKeys (ConfUtils.java:logGet(43)) - raft.server.notification.no-leader.timeout = 120s (custom)
2019-09-30 14:08:01,863 [pool-679-thread-1] INFO  server.RaftServerConfigKeys (ConfUtils.java:logGet(43)) - raft.server.log.segment.size.max = 1048576 (custom)
2019-09-30 14:08:01,863 [pool-699-thread-1] INFO  server.RaftServerConfigKeys (ConfUtils.java:logGet(43)) - raft.server.log.use.memory = false (default)
2019-09-30 14:08:01,863 [pool-679-thread-1] INFO  server.RaftServerConfigKeys (ConfUtils.java:logGet(43)) - raft.server.log.segment.cache.num.max = 2 (custom)
2019-09-30 14:08:01,863 [pool-689-thread-1] INFO  server.RaftServerConfigKeys (ConfUtils.java:logGet(43)) - raft.server.log.use.memory = false (default)
2019-09-30 14:08:01,863 [pool-679-thread-1] INFO  segmented.SegmentedRaftLogWorker (SegmentedRaftLogWorker.java:<init>(172)) - new cdcc480e-914b-425f-b4af-fa04f83470c1@group-78C8E060C04D-SegmentedRaftLogWorker for RaftStorage:Storage Directory /workdir/hadoop-ozone/integration-test/target/test-dir/MiniOzoneClusterImpl-94dfbac5-ba66-45b1-85eb-93ae9faac445/datanode-0/data/ratis/7ecf0d1a-d820-4f57-a5b6-78c8e060c04d
2019-09-30 14:08:01,863 [pool-699-thread-1] INFO  server.RaftServerConfigKeys (ConfUtils.java:logGet(43)) - raft.server.log.purge.gap = 1000000 (custom)
2019-09-30 14:08:01,863 [pool-679-thread-1] INFO  server.RaftServerConfigKeys (ConfUtils.java:logGet(43)) - raft.server.log.queue.byte-limit = 2147483647 (custom)
2019-09-30 14:08:01,863 [pool-689-thread-1] INFO  server.RaftServerConfigKeys (ConfUtils.java:logGet(43)) - raft.server.log.purge.gap = 1000000 (custom)
2019-09-30 14:08:01,863 [pool-679-thread-1] INFO  server.RaftServerConfigKeys (ConfUtils.java:logGet(43)) - raft.server.log.queue.element-limit = 1024 (custom)
2019-09-30 14:08:01,863 [pool-699-thread-1] INFO  server.RaftServerConfigKeys (ConfUtils.java:logGet(43)) - raft.server.log.appender.buffer.byte-limit = 33554432 (custom)
2019-09-30 14:08:01,864 [pool-679-thread-1] INFO  server.RaftServerConfigKeys (ConfUtils.java:logGet(43)) - raft.server.log.segment.size.max = 1048576 (custom)
2019-09-30 14:08:01,864 [pool-689-thread-1] INFO  server.RaftServerConfigKeys (ConfUtils.java:logGet(43)) - raft.server.log.appender.buffer.byte-limit = 33554432 (custom)
2019-09-30 14:08:01,864 [pool-679-thread-1] INFO  server.RaftServerConfigKeys (ConfUtils.java:logGet(43)) - raft.server.log.preallocated.size = 16384 (custom)
2019-09-30 14:08:01,864 [pool-699-thread-1] INFO  server.RaftServerConfigKeys (ConfUtils.java:logGet(43)) - raft.server.log.segment.size.max = 1048576 (custom)
2019-09-30 14:08:01,864 [pool-679-thread-1] INFO  server.RaftServerConfigKeys (ConfUtils.java:logGet(43)) - raft.server.log.write.buffer.size = 33554432 (custom)
2019-09-30 14:08:01,864 [pool-689-thread-1] INFO  server.RaftServerConfigKeys (ConfUtils.java:logGet(43)) - raft.server.log.segment.size.max = 1048576 (custom)
2019-09-30 14:08:01,864 [pool-679-thread-1] INFO  server.RaftServerConfigKeys (ConfUtils.java:logGet(43)) - raft.server.log.force.sync.num = 128 (default)
2019-09-30 14:08:01,864 [pool-699-thread-1] INFO  server.RaftServerConfigKeys (ConfUtils.java:logGet(43)) - raft.server.log.segment.cache.num.max = 2 (custom)
2019-09-30 14:08:01,864 [pool-679-thread-1] INFO  server.RaftServerConfigKeys (ConfUtils.java:logGet(43)) - raft.server.log.statemachine.data.sync = true (default)
2019-09-30 14:08:01,864 [pool-689-thread-1] INFO  server.RaftServerConfigKeys (ConfUtils.java:logGet(43)) - raft.server.log.segment.cache.num.max = 2 (custom)
2019-09-30 14:08:01,865 [pool-679-thread-1] INFO  server.RaftServerConfigKeys (ConfUtils.java:logGet(43)) - raft.server.log.statemachine.data.sync.timeout = 10s (default)
2019-09-30 14:08:01,865 [pool-679-thread-1] INFO  server.RaftServerConfigKeys (ConfUtils.java:logGet(43)) - raft.server.log.statemachine.data.sync.timeout.retry = -1 (default)
2019-09-30 14:08:01,865 [pool-699-thread-1] INFO  segmented.SegmentedRaftLogWorker (SegmentedRaftLogWorker.java:<init>(172)) - new 1f70c5e8-35ba-4faa-96c7-fcea44d2543c@group-78C8E060C04D-SegmentedRaftLogWorker for RaftStorage:Storage Directory /workdir/hadoop-ozone/integration-test/target/test-dir/MiniOzoneClusterImpl-94dfbac5-ba66-45b1-85eb-93ae9faac445/datanode-2/data/ratis/7ecf0d1a-d820-4f57-a5b6-78c8e060c04d
2019-09-30 14:08:01,865 [pool-679-thread-1] INFO  server.RaftServerConfigKeys (ConfUtils.java:logGet(43)) - raft.server.log.statemachine.data.caching.enabled = true (custom)
2019-09-30 14:08:01,865 [pool-689-thread-1] INFO  segmented.SegmentedRaftLogWorker (SegmentedRaftLogWorker.java:<init>(172)) - new f09e19a0-73d9-4449-addf-7f6ac098e286@group-78C8E060C04D-SegmentedRaftLogWorker for RaftStorage:Storage Directory /workdir/hadoop-ozone/integration-test/target/test-dir/MiniOzoneClusterImpl-94dfbac5-ba66-45b1-85eb-93ae9faac445/datanode-1/data/ratis/7ecf0d1a-d820-4f57-a5b6-78c8e060c04d
2019-09-30 14:08:01,865 [pool-699-thread-1] INFO  server.RaftServerConfigKeys (ConfUtils.java:logGet(43)) - raft.server.log.queue.byte-limit = 2147483647 (custom)
2019-09-30 14:08:01,865 [pool-689-thread-1] INFO  server.RaftServerConfigKeys (ConfUtils.java:logGet(43)) - raft.server.log.queue.byte-limit = 2147483647 (custom)
2019-09-30 14:08:01,865 [pool-679-thread-1] INFO  segmented.SegmentedRaftLogWorker (SegmentedRaftLogWorker.java:lambda$new$0(132)) - cdcc480e-914b-425f-b4af-fa04f83470c1@group-78C8E060C04D-SegmentedRaftLogWorker: flushIndex: setUnconditionally 0 -> -1
2019-09-30 14:08:01,865 [pool-689-thread-1] INFO  server.RaftServerConfigKeys (ConfUtils.java:logGet(43)) - raft.server.log.queue.element-limit = 1024 (custom)
2019-09-30 14:08:01,865 [pool-699-thread-1] INFO  server.RaftServerConfigKeys (ConfUtils.java:logGet(43)) - raft.server.log.queue.element-limit = 1024 (custom)
2019-09-30 14:08:01,866 [pool-689-thread-1] INFO  server.RaftServerConfigKeys (ConfUtils.java:logGet(43)) - raft.server.log.segment.size.max = 1048576 (custom)
2019-09-30 14:08:01,866 [pool-699-thread-1] INFO  server.RaftServerConfigKeys (ConfUtils.java:logGet(43)) - raft.server.log.segment.size.max = 1048576 (custom)
2019-09-30 14:08:01,866 [pool-679-thread-1] INFO  server.RaftServerConfigKeys (ConfUtils.java:logGet(43)) - raft.server.snapshot.auto.trigger.enabled = true (custom)
2019-09-30 14:08:01,866 [pool-699-thread-1] INFO  server.RaftServerConfigKeys (ConfUtils.java:logGet(43)) - raft.server.log.preallocated.size = 16384 (custom)
2019-09-30 14:08:01,866 [pool-689-thread-1] INFO  server.RaftServerConfigKeys (ConfUtils.java:logGet(43)) - raft.server.log.preallocated.size = 16384 (custom)
2019-09-30 14:08:01,866 [pool-699-thread-1] INFO  server.RaftServerConfigKeys (ConfUtils.java:logGet(43)) - raft.server.log.write.buffer.size = 33554432 (custom)
2019-09-30 14:08:01,866 [pool-679-thread-1] INFO  server.RaftServerConfigKeys (ConfUtils.java:logGet(43)) - raft.server.snapshot.auto.trigger.threshold = 10000 (custom)
2019-09-30 14:08:01,866 [pool-699-thread-1] INFO  server.RaftServerConfigKeys (ConfUtils.java:logGet(43)) - raft.server.log.force.sync.num = 128 (default)
2019-09-30 14:08:01,866 [pool-689-thread-1] INFO  server.RaftServerConfigKeys (ConfUtils.java:logGet(43)) - raft.server.log.write.buffer.size = 33554432 (custom)
2019-09-30 14:08:01,866 [pool-699-thread-1] INFO  server.RaftServerConfigKeys (ConfUtils.java:logGet(43)) - raft.server.log.statemachine.data.sync = true (default)
2019-09-30 14:08:01,866 [pool-679-thread-1] INFO  server.RaftServerConfigKeys (ConfUtils.java:logGet(43)) - raft.server.snapshot.retention.num.files = 5 (custom)
2019-09-30 14:08:01,867 [pool-699-thread-1] INFO  server.RaftServerConfigKeys (ConfUtils.java:logGet(43)) - raft.server.log.statemachine.data.sync.timeout = 10s (default)
2019-09-30 14:08:01,866 [pool-689-thread-1] INFO  server.RaftServerConfigKeys (ConfUtils.java:logGet(43)) - raft.server.log.force.sync.num = 128 (default)
2019-09-30 14:08:01,867 [pool-699-thread-1] INFO  server.RaftServerConfigKeys (ConfUtils.java:logGet(43)) - raft.server.log.statemachine.data.sync.timeout.retry = -1 (default)
2019-09-30 14:08:01,867 [pool-679-thread-1] INFO  server.RaftServerConfigKeys (ConfUtils.java:logGet(43)) - raft.server.retrycache.expirytime = 600000ms (custom)
2019-09-30 14:08:01,867 [pool-699-thread-1] INFO  server.RaftServerConfigKeys (ConfUtils.java:logGet(43)) - raft.server.log.statemachine.data.caching.enabled = true (custom)
2019-09-30 14:08:01,867 [pool-689-thread-1] INFO  server.RaftServerConfigKeys (ConfUtils.java:logGet(43)) - raft.server.log.statemachine.data.sync = true (default)
2019-09-30 14:08:01,867 [pool-699-thread-1] INFO  segmented.SegmentedRaftLogWorker (SegmentedRaftLogWorker.java:lambda$new$0(132)) - 1f70c5e8-35ba-4faa-96c7-fcea44d2543c@group-78C8E060C04D-SegmentedRaftLogWorker: flushIndex: setUnconditionally 0 -> -1
2019-09-30 14:08:01,867 [pool-689-thread-1] INFO  server.RaftServerConfigKeys (ConfUtils.java:logGet(43)) - raft.server.log.statemachine.data.sync.timeout = 10s (default)
2019-09-30 14:08:01,867 [pool-689-thread-1] INFO  server.RaftServerConfigKeys (ConfUtils.java:logGet(43)) - raft.server.log.statemachine.data.sync.timeout.retry = -1 (default)
2019-09-30 14:08:01,867 [pool-699-thread-1] INFO  server.RaftServerConfigKeys (ConfUtils.java:logGet(43)) - raft.server.snapshot.auto.trigger.enabled = true (custom)
2019-09-30 14:08:01,868 [pool-689-thread-1] INFO  server.RaftServerConfigKeys (ConfUtils.java:logGet(43)) - raft.server.log.statemachine.data.caching.enabled = true (custom)
2019-09-30 14:08:01,868 [pool-699-thread-1] INFO  server.RaftServerConfigKeys (ConfUtils.java:logGet(43)) - raft.server.snapshot.auto.trigger.threshold = 10000 (custom)
2019-09-30 14:08:01,868 [pool-699-thread-1] INFO  server.RaftServerConfigKeys (ConfUtils.java:logGet(43)) - raft.server.snapshot.retention.num.files = 5 (custom)
2019-09-30 14:08:01,868 [pool-689-thread-1] INFO  segmented.SegmentedRaftLogWorker (SegmentedRaftLogWorker.java:lambda$new$0(132)) - f09e19a0-73d9-4449-addf-7f6ac098e286@group-78C8E060C04D-SegmentedRaftLogWorker: flushIndex: setUnconditionally 0 -> -1
2019-09-30 14:08:01,868 [pool-699-thread-1] INFO  server.RaftServerConfigKeys (ConfUtils.java:logGet(43)) - raft.server.retrycache.expirytime = 600000ms (custom)
2019-09-30 14:08:01,868 [pool-679-thread-1] INFO  impl.RaftServerImpl (RaftServerImpl.java:start(185)) - cdcc480e-914b-425f-b4af-fa04f83470c1@group-78C8E060C04D: start as a follower, conf=-1: [1f70c5e8-35ba-4faa-96c7-fcea44d2543c:192.168.164.197:43696, f09e19a0-73d9-4449-addf-7f6ac098e286:192.168.164.197:36786, cdcc480e-914b-425f-b4af-fa04f83470c1:192.168.164.197:43266], old=null
2019-09-30 14:08:01,868 [pool-689-thread-1] INFO  server.RaftServerConfigKeys (ConfUtils.java:logGet(43)) - raft.server.snapshot.auto.trigger.enabled = true (custom)
2019-09-30 14:08:01,868 [pool-679-thread-1] INFO  impl.RaftServerImpl (RaftServerImpl.java:setRole(174)) - cdcc480e-914b-425f-b4af-fa04f83470c1@group-78C8E060C04D: changes role from      null to FOLLOWER at term 0 for startAsFollower
2019-09-30 14:08:01,868 [pool-689-thread-1] INFO  server.RaftServerConfigKeys (ConfUtils.java:logGet(43)) - raft.server.snapshot.auto.trigger.threshold = 10000 (custom)
2019-09-30 14:08:01,868 [pool-679-thread-1] INFO  impl.RoleInfo (RoleInfo.java:updateAndGet(143)) - cdcc480e-914b-425f-b4af-fa04f83470c1: start FollowerState
2019-09-30 14:08:01,868 [pool-689-thread-1] INFO  server.RaftServerConfigKeys (ConfUtils.java:logGet(43)) - raft.server.snapshot.retention.num.files = 5 (custom)
2019-09-30 14:08:01,869 [pool-689-thread-1] INFO  server.RaftServerConfigKeys (ConfUtils.java:logGet(43)) - raft.server.retrycache.expirytime = 600000ms (custom)
2019-09-30 14:08:01,869 [pool-679-thread-1] INFO  util.JmxRegister (JmxRegister.java:tryRegister(44)) - Successfully registered JMX Bean with object name Ratis:service=RaftServer,group=group-78C8E060C04D,id=cdcc480e-914b-425f-b4af-fa04f83470c1
2019-09-30 14:08:01,869 [pool-699-thread-1] INFO  impl.RaftServerImpl (RaftServerImpl.java:start(185)) - 1f70c5e8-35ba-4faa-96c7-fcea44d2543c@group-78C8E060C04D: start as a follower, conf=-1: [1f70c5e8-35ba-4faa-96c7-fcea44d2543c:192.168.164.197:43696, f09e19a0-73d9-4449-addf-7f6ac098e286:192.168.164.197:36786, cdcc480e-914b-425f-b4af-fa04f83470c1:192.168.164.197:43266], old=null
2019-09-30 14:08:01,869 [pool-699-thread-1] INFO  impl.RaftServerImpl (RaftServerImpl.java:setRole(174)) - 1f70c5e8-35ba-4faa-96c7-fcea44d2543c@group-78C8E060C04D: changes role from      null to FOLLOWER at term 0 for startAsFollower
2019-09-30 14:08:01,869 [pool-699-thread-1] INFO  impl.RoleInfo (RoleInfo.java:updateAndGet(143)) - 1f70c5e8-35ba-4faa-96c7-fcea44d2543c: start FollowerState
2019-09-30 14:08:01,869 [pool-699-thread-1] INFO  util.JmxRegister (JmxRegister.java:tryRegister(44)) - Successfully registered JMX Bean with object name Ratis:service=RaftServer,group=group-78C8E060C04D,id=1f70c5e8-35ba-4faa-96c7-fcea44d2543c
2019-09-30 14:08:01,870 [pool-689-thread-1] INFO  impl.RaftServerImpl (RaftServerImpl.java:start(185)) - f09e19a0-73d9-4449-addf-7f6ac098e286@group-78C8E060C04D: start as a follower, conf=-1: [1f70c5e8-35ba-4faa-96c7-fcea44d2543c:192.168.164.197:43696, f09e19a0-73d9-4449-addf-7f6ac098e286:192.168.164.197:36786, cdcc480e-914b-425f-b4af-fa04f83470c1:192.168.164.197:43266], old=null
2019-09-30 14:08:01,870 [pool-689-thread-1] INFO  impl.RaftServerImpl (RaftServerImpl.java:setRole(174)) - f09e19a0-73d9-4449-addf-7f6ac098e286@group-78C8E060C04D: changes role from      null to FOLLOWER at term 0 for startAsFollower
2019-09-30 14:08:01,870 [pool-689-thread-1] INFO  impl.RoleInfo (RoleInfo.java:updateAndGet(143)) - f09e19a0-73d9-4449-addf-7f6ac098e286: start FollowerState
2019-09-30 14:08:01,870 [pool-689-thread-1] INFO  util.JmxRegister (JmxRegister.java:tryRegister(44)) - Successfully registered JMX Bean with object name Ratis:service=RaftServer,group=group-78C8E060C04D,id=f09e19a0-73d9-4449-addf-7f6ac098e286
2019-09-30 14:08:01,872 [RatisPipelineUtilsThread] INFO  pipeline.PipelineStateManager (PipelineStateManager.java:addPipeline(56)) - Created pipeline Pipeline[ Id: 7ecf0d1a-d820-4f57-a5b6-78c8e060c04d, Nodes: f09e19a0-73d9-4449-addf-7f6ac098e286{ip: 192.168.164.197, host: trunk-nightly-extra-20190930-74rp4-3411845215, networkLocation: /default-rack, certSerialId: null}cdcc480e-914b-425f-b4af-fa04f83470c1{ip: 192.168.164.197, host: trunk-nightly-extra-20190930-74rp4-3411845215, networkLocation: /default-rack, certSerialId: null}1f70c5e8-35ba-4faa-96c7-fcea44d2543c{ip: 192.168.164.197, host: trunk-nightly-extra-20190930-74rp4-3411845215, networkLocation: /default-rack, certSerialId: null}, Type:RATIS, Factor:THREE, State:OPEN]
2019-09-30 14:08:01,897 [IPC Server handler 5 on 44294] INFO  net.NetworkTopology (NetworkTopologyImpl.java:add(111)) - Added a new node: /default-rack/175b4be1-c2c3-4a6b-807b-0e77021a765c
2019-09-30 14:08:01,897 [IPC Server handler 5 on 44294] INFO  node.SCMNodeManager (SCMNodeManager.java:register(266)) - Registered Data node : 175b4be1-c2c3-4a6b-807b-0e77021a765c{ip: 192.168.164.197, host: trunk-nightly-extra-20190930-74rp4-3411845215, networkLocation: /default-rack, certSerialId: null}
2019-09-30 14:08:01,907 [grpc-default-executor-10] INFO  impl.RaftServerProxy (RaftServerProxy.java:addNew(89)) - 175b4be1-c2c3-4a6b-807b-0e77021a765c: addNew group-9879BD963031:[175b4be1-c2c3-4a6b-807b-0e77021a765c:192.168.164.197:43926] returns group-9879BD963031:java.util.concurrent.CompletableFuture@506f8f74[Not completed]
2019-09-30 14:08:01,910 [pool-719-thread-1] INFO  impl.RaftServerImpl (RaftServerImpl.java:<init>(95)) - 175b4be1-c2c3-4a6b-807b-0e77021a765c: new RaftServerImpl for group-9879BD963031:[175b4be1-c2c3-4a6b-807b-0e77021a765c:192.168.164.197:43926] with ContainerStateMachine:uninitialized
2019-09-30 14:08:01,911 [pool-719-thread-1] INFO  server.RaftServerConfigKeys (ConfUtils.java:logGet(43)) - raft.server.rpc.timeout.min = 5s (custom)
2019-09-30 14:08:01,911 [pool-719-thread-1] INFO  server.RaftServerConfigKeys (ConfUtils.java:logGet(43)) - raft.server.rpc.timeout.max = 5200ms (custom)
2019-09-30 14:08:01,911 [pool-719-thread-1] INFO  server.RaftServerConfigKeys (ConfUtils.java:logGet(43)) - raft.server.rpcslowness.timeout = 120s (custom)
2019-09-30 14:08:01,911 [pool-719-thread-1] INFO  server.RaftServerConfigKeys (ConfUtils.java:logGet(43)) - raft.server.sleep.deviation.threshold = 300 (default)
2019-09-30 14:08:01,911 [pool-719-thread-1] INFO  server.RaftServerConfigKeys (ConfUtils.java:logGet(43)) - raft.server.log.appender.install.snapshot.enabled = false (custom)
2019-09-30 14:08:01,911 [pool-719-thread-1] INFO  impl.RaftServerImpl (ServerState.java:<init>(103)) - 175b4be1-c2c3-4a6b-807b-0e77021a765c@group-9879BD963031: ConfigurationManager, init=-1: [175b4be1-c2c3-4a6b-807b-0e77021a765c:192.168.164.197:43926], old=null, confs=<EMPTY_MAP>
2019-09-30 14:08:01,911 [pool-719-thread-1] INFO  server.RaftServerConfigKeys (ConfUtils.java:logGet(43)) - raft.server.storage.dir = [/workdir/hadoop-ozone/integration-test/target/test-dir/MiniOzoneClusterImpl-94dfbac5-ba66-45b1-85eb-93ae9faac445/datanode-4/data/ratis] (custom)
2019-09-30 14:08:01,911 [pool-719-thread-1] INFO  storage.RaftStorageDirectory (RaftStorageDirectory.java:analyzeStorage(246)) - The storage directory /workdir/hadoop-ozone/integration-test/target/test-dir/MiniOzoneClusterImpl-94dfbac5-ba66-45b1-85eb-93ae9faac445/datanode-4/data/ratis/c74223a3-5ff9-495b-a3c9-9879bd963031 does not exist. Creating ...
2019-09-30 14:08:01,924 [pool-719-thread-1] INFO  storage.RaftStorageDirectory (RaftStorageDirectory.java:tryLock(328)) - Lock on /workdir/hadoop-ozone/integration-test/target/test-dir/MiniOzoneClusterImpl-94dfbac5-ba66-45b1-85eb-93ae9faac445/datanode-4/data/ratis/c74223a3-5ff9-495b-a3c9-9879bd963031/in_use.lock acquired by nodename 10834@trunk-nightly-extra-20190930-74rp4-3411845215
2019-09-30 14:08:01,927 [pool-719-thread-1] INFO  storage.RaftStorage (RaftStorage.java:format(72)) - Storage directory /workdir/hadoop-ozone/integration-test/target/test-dir/MiniOzoneClusterImpl-94dfbac5-ba66-45b1-85eb-93ae9faac445/datanode-4/data/ratis/c74223a3-5ff9-495b-a3c9-9879bd963031 has been successfully formatted.
2019-09-30 14:08:01,928 [pool-719-thread-1] INFO  ratis.ContainerStateMachine (ContainerStateMachine.java:loadSnapshot(230)) - group-9879BD963031: The snapshot info is null. Setting the last applied indexto:(t:0, i:~)
2019-09-30 14:08:01,928 [pool-719-thread-1] INFO  server.RaftServerConfigKeys (ConfUtils.java:logGet(43)) - raft.server.notification.no-leader.timeout = 120s (custom)
2019-09-30 14:08:01,928 [pool-719-thread-1] INFO  server.RaftServerConfigKeys (ConfUtils.java:logGet(43)) - raft.server.log.use.memory = false (default)
2019-09-30 14:08:01,928 [pool-719-thread-1] INFO  server.RaftServerConfigKeys (ConfUtils.java:logGet(43)) - raft.server.log.purge.gap = 1000000 (custom)
2019-09-30 14:08:01,928 [pool-719-thread-1] INFO  server.RaftServerConfigKeys (ConfUtils.java:logGet(43)) - raft.server.log.appender.buffer.byte-limit = 33554432 (custom)
2019-09-30 14:08:01,928 [pool-719-thread-1] INFO  server.RaftServerConfigKeys (ConfUtils.java:logGet(43)) - raft.server.log.segment.size.max = 1048576 (custom)
2019-09-30 14:08:01,928 [pool-719-thread-1] INFO  server.RaftServerConfigKeys (ConfUtils.java:logGet(43)) - raft.server.log.segment.cache.num.max = 2 (custom)
2019-09-30 14:08:01,928 [pool-719-thread-1] INFO  segmented.SegmentedRaftLogWorker (SegmentedRaftLogWorker.java:<init>(172)) - new 175b4be1-c2c3-4a6b-807b-0e77021a765c@group-9879BD963031-SegmentedRaftLogWorker for RaftStorage:Storage Directory /workdir/hadoop-ozone/integration-test/target/test-dir/MiniOzoneClusterImpl-94dfbac5-ba66-45b1-85eb-93ae9faac445/datanode-4/data/ratis/c74223a3-5ff9-495b-a3c9-9879bd963031
2019-09-30 14:08:01,930 [pool-719-thread-1] INFO  server.RaftServerConfigKeys (ConfUtils.java:logGet(43)) - raft.server.log.queue.byte-limit = 2147483647 (custom)
2019-09-30 14:08:01,930 [pool-719-thread-1] INFO  server.RaftServerConfigKeys (ConfUtils.java:logGet(43)) - raft.server.log.queue.element-limit = 1024 (custom)
2019-09-30 14:08:01,930 [pool-719-thread-1] INFO  server.RaftServerConfigKeys (ConfUtils.java:logGet(43)) - raft.server.log.segment.size.max = 1048576 (custom)
2019-09-30 14:08:01,930 [pool-719-thread-1] INFO  server.RaftServerConfigKeys (ConfUtils.java:logGet(43)) - raft.server.log.preallocated.size = 16384 (custom)
2019-09-30 14:08:01,930 [pool-719-thread-1] INFO  server.RaftServerConfigKeys (ConfUtils.java:logGet(43)) - raft.server.log.write.buffer.size = 33554432 (custom)
2019-09-30 14:08:01,930 [pool-719-thread-1] INFO  server.RaftServerConfigKeys (ConfUtils.java:logGet(43)) - raft.server.log.force.sync.num = 128 (default)
2019-09-30 14:08:01,930 [pool-719-thread-1] INFO  server.RaftServerConfigKeys (ConfUtils.java:logGet(43)) - raft.server.log.statemachine.data.sync = true (default)
2019-09-30 14:08:01,930 [pool-719-thread-1] INFO  server.RaftServerConfigKeys (ConfUtils.java:logGet(43)) - raft.server.log.statemachine.data.sync.timeout = 10s (default)
2019-09-30 14:08:01,930 [pool-719-thread-1] INFO  server.RaftServerConfigKeys (ConfUtils.java:logGet(43)) - raft.server.log.statemachine.data.sync.timeout.retry = -1 (default)
2019-09-30 14:08:01,931 [pool-719-thread-1] INFO  server.RaftServerConfigKeys (ConfUtils.java:logGet(43)) - raft.server.log.statemachine.data.caching.enabled = true (custom)
2019-09-30 14:08:01,931 [pool-719-thread-1] INFO  segmented.SegmentedRaftLogWorker (SegmentedRaftLogWorker.java:lambda$new$0(132)) - 175b4be1-c2c3-4a6b-807b-0e77021a765c@group-9879BD963031-SegmentedRaftLogWorker: flushIndex: setUnconditionally 0 -> -1
2019-09-30 14:08:01,931 [pool-719-thread-1] INFO  server.RaftServerConfigKeys (ConfUtils.java:logGet(43)) - raft.server.snapshot.auto.trigger.enabled = true (custom)
2019-09-30 14:08:01,931 [pool-719-thread-1] INFO  server.RaftServerConfigKeys (ConfUtils.java:logGet(43)) - raft.server.snapshot.auto.trigger.threshold = 10000 (custom)
2019-09-30 14:08:01,931 [pool-719-thread-1] INFO  server.RaftServerConfigKeys (ConfUtils.java:logGet(43)) - raft.server.snapshot.retention.num.files = 5 (custom)
2019-09-30 14:08:01,931 [pool-719-thread-1] INFO  server.RaftServerConfigKeys (ConfUtils.java:logGet(43)) - raft.server.retrycache.expirytime = 600000ms (custom)
2019-09-30 14:08:01,933 [pool-719-thread-1] INFO  impl.RaftServerImpl (RaftServerImpl.java:start(185)) - 175b4be1-c2c3-4a6b-807b-0e77021a765c@group-9879BD963031: start as a follower, conf=-1: [175b4be1-c2c3-4a6b-807b-0e77021a765c:192.168.164.197:43926], old=null
2019-09-30 14:08:01,933 [pool-719-thread-1] INFO  impl.RaftServerImpl (RaftServerImpl.java:setRole(174)) - 175b4be1-c2c3-4a6b-807b-0e77021a765c@group-9879BD963031: changes role from      null to FOLLOWER at term 0 for startAsFollower
2019-09-30 14:08:01,933 [pool-719-thread-1] INFO  impl.RoleInfo (RoleInfo.java:updateAndGet(143)) - 175b4be1-c2c3-4a6b-807b-0e77021a765c: start FollowerState
2019-09-30 14:08:01,933 [pool-719-thread-1] INFO  util.JmxRegister (JmxRegister.java:tryRegister(44)) - Successfully registered JMX Bean with object name Ratis:service=RaftServer,group=group-9879BD963031,id=175b4be1-c2c3-4a6b-807b-0e77021a765c
2019-09-30 14:08:01,935 [RatisPipelineUtilsThread] INFO  pipeline.PipelineStateManager (PipelineStateManager.java:addPipeline(56)) - Created pipeline Pipeline[ Id: c74223a3-5ff9-495b-a3c9-9879bd963031, Nodes: 175b4be1-c2c3-4a6b-807b-0e77021a765c{ip: 192.168.164.197, host: trunk-nightly-extra-20190930-74rp4-3411845215, networkLocation: /default-rack, certSerialId: null}, Type:RATIS, Factor:ONE, State:OPEN]
2019-09-30 14:08:01,944 [grpc-default-executor-10] INFO  impl.RaftServerProxy (RaftServerProxy.java:addNew(89)) - b2bcdf43-b1cf-4fcd-9749-198db9829d65: addNew group-DD94CB526081:[b2bcdf43-b1cf-4fcd-9749-198db9829d65:192.168.164.197:40769] returns group-DD94CB526081:java.util.concurrent.CompletableFuture@3ab0ab1e[Not completed]
2019-09-30 14:08:01,944 [pool-709-thread-1] INFO  impl.RaftServerImpl (RaftServerImpl.java:<init>(95)) - b2bcdf43-b1cf-4fcd-9749-198db9829d65: new RaftServerImpl for group-DD94CB526081:[b2bcdf43-b1cf-4fcd-9749-198db9829d65:192.168.164.197:40769] with ContainerStateMachine:uninitialized
2019-09-30 14:08:01,945 [pool-709-thread-1] INFO  server.RaftServerConfigKeys (ConfUtils.java:logGet(43)) - raft.server.rpc.timeout.min = 5s (custom)
2019-09-30 14:08:01,945 [pool-709-thread-1] INFO  server.RaftServerConfigKeys (ConfUtils.java:logGet(43)) - raft.server.rpc.timeout.max = 5200ms (custom)
2019-09-30 14:08:01,945 [pool-709-thread-1] INFO  server.RaftServerConfigKeys (ConfUtils.java:logGet(43)) - raft.server.rpcslowness.timeout = 120s (custom)
2019-09-30 14:08:01,945 [pool-709-thread-1] INFO  server.RaftServerConfigKeys (ConfUtils.java:logGet(43)) - raft.server.sleep.deviation.threshold = 300 (default)
2019-09-30 14:08:01,945 [pool-709-thread-1] INFO  server.RaftServerConfigKeys (ConfUtils.java:logGet(43)) - raft.server.log.appender.install.snapshot.enabled = false (custom)
2019-09-30 14:08:01,945 [pool-709-thread-1] INFO  impl.RaftServerImpl (ServerState.java:<init>(103)) - b2bcdf43-b1cf-4fcd-9749-198db9829d65@group-DD94CB526081: ConfigurationManager, init=-1: [b2bcdf43-b1cf-4fcd-9749-198db9829d65:192.168.164.197:40769], old=null, confs=<EMPTY_MAP>
2019-09-30 14:08:01,945 [pool-709-thread-1] INFO  server.RaftServerConfigKeys (ConfUtils.java:logGet(43)) - raft.server.storage.dir = [/workdir/hadoop-ozone/integration-test/target/test-dir/MiniOzoneClusterImpl-94dfbac5-ba66-45b1-85eb-93ae9faac445/datanode-3/data/ratis] (custom)
2019-09-30 14:08:01,946 [pool-709-thread-1] INFO  storage.RaftStorageDirectory (RaftStorageDirectory.java:analyzeStorage(246)) - The storage directory /workdir/hadoop-ozone/integration-test/target/test-dir/MiniOzoneClusterImpl-94dfbac5-ba66-45b1-85eb-93ae9faac445/datanode-3/data/ratis/e1f400d0-2182-49dd-84c3-dd94cb526081 does not exist. Creating ...
2019-09-30 14:08:01,949 [pool-709-thread-1] INFO  storage.RaftStorageDirectory (RaftStorageDirectory.java:tryLock(328)) - Lock on /workdir/hadoop-ozone/integration-test/target/test-dir/MiniOzoneClusterImpl-94dfbac5-ba66-45b1-85eb-93ae9faac445/datanode-3/data/ratis/e1f400d0-2182-49dd-84c3-dd94cb526081/in_use.lock acquired by nodename 10834@trunk-nightly-extra-20190930-74rp4-3411845215
2019-09-30 14:08:01,952 [pool-709-thread-1] INFO  storage.RaftStorage (RaftStorage.java:format(72)) - Storage directory /workdir/hadoop-ozone/integration-test/target/test-dir/MiniOzoneClusterImpl-94dfbac5-ba66-45b1-85eb-93ae9faac445/datanode-3/data/ratis/e1f400d0-2182-49dd-84c3-dd94cb526081 has been successfully formatted.
2019-09-30 14:08:01,952 [pool-709-thread-1] INFO  ratis.ContainerStateMachine (ContainerStateMachine.java:loadSnapshot(230)) - group-DD94CB526081: The snapshot info is null. Setting the last applied indexto:(t:0, i:~)
2019-09-30 14:08:01,952 [pool-709-thread-1] INFO  server.RaftServerConfigKeys (ConfUtils.java:logGet(43)) - raft.server.notification.no-leader.timeout = 120s (custom)
2019-09-30 14:08:01,952 [pool-709-thread-1] INFO  server.RaftServerConfigKeys (ConfUtils.java:logGet(43)) - raft.server.log.use.memory = false (default)
2019-09-30 14:08:01,952 [pool-709-thread-1] INFO  server.RaftServerConfigKeys (ConfUtils.java:logGet(43)) - raft.server.log.purge.gap = 1000000 (custom)
2019-09-30 14:08:01,953 [pool-709-thread-1] INFO  server.RaftServerConfigKeys (ConfUtils.java:logGet(43)) - raft.server.log.appender.buffer.byte-limit = 33554432 (custom)
2019-09-30 14:08:01,953 [pool-709-thread-1] INFO  server.RaftServerConfigKeys (ConfUtils.java:logGet(43)) - raft.server.log.segment.size.max = 1048576 (custom)
2019-09-30 14:08:01,953 [pool-709-thread-1] INFO  server.RaftServerConfigKeys (ConfUtils.java:logGet(43)) - raft.server.log.segment.cache.num.max = 2 (custom)
2019-09-30 14:08:01,953 [pool-709-thread-1] INFO  segmented.SegmentedRaftLogWorker (SegmentedRaftLogWorker.java:<init>(172)) - new b2bcdf43-b1cf-4fcd-9749-198db9829d65@group-DD94CB526081-SegmentedRaftLogWorker for RaftStorage:Storage Directory /workdir/hadoop-ozone/integration-test/target/test-dir/MiniOzoneClusterImpl-94dfbac5-ba66-45b1-85eb-93ae9faac445/datanode-3/data/ratis/e1f400d0-2182-49dd-84c3-dd94cb526081
2019-09-30 14:08:01,954 [pool-709-thread-1] INFO  server.RaftServerConfigKeys (ConfUtils.java:logGet(43)) - raft.server.log.queue.byte-limit = 2147483647 (custom)
2019-09-30 14:08:01,954 [pool-709-thread-1] INFO  server.RaftServerConfigKeys (ConfUtils.java:logGet(43)) - raft.server.log.queue.element-limit = 1024 (custom)
2019-09-30 14:08:01,954 [pool-709-thread-1] INFO  server.RaftServerConfigKeys (ConfUtils.java:logGet(43)) - raft.server.log.segment.size.max = 1048576 (custom)
2019-09-30 14:08:01,954 [pool-709-thread-1] INFO  server.RaftServerConfigKeys (ConfUtils.java:logGet(43)) - raft.server.log.preallocated.size = 16384 (custom)
2019-09-30 14:08:01,954 [pool-709-thread-1] INFO  server.RaftServerConfigKeys (ConfUtils.java:logGet(43)) - raft.server.log.write.buffer.size = 33554432 (custom)
2019-09-30 14:08:01,955 [pool-709-thread-1] INFO  server.RaftServerConfigKeys (ConfUtils.java:logGet(43)) - raft.server.log.force.sync.num = 128 (default)
2019-09-30 14:08:01,955 [pool-709-thread-1] INFO  server.RaftServerConfigKeys (ConfUtils.java:logGet(43)) - raft.server.log.statemachine.data.sync = true (default)
2019-09-30 14:08:01,955 [pool-709-thread-1] INFO  server.RaftServerConfigKeys (ConfUtils.java:logGet(43)) - raft.server.log.statemachine.data.sync.timeout = 10s (default)
2019-09-30 14:08:01,955 [pool-709-thread-1] INFO  server.RaftServerConfigKeys (ConfUtils.java:logGet(43)) - raft.server.log.statemachine.data.sync.timeout.retry = -1 (default)
2019-09-30 14:08:01,955 [pool-709-thread-1] INFO  server.RaftServerConfigKeys (ConfUtils.java:logGet(43)) - raft.server.log.statemachine.data.caching.enabled = true (custom)
2019-09-30 14:08:01,955 [pool-709-thread-1] INFO  segmented.SegmentedRaftLogWorker (SegmentedRaftLogWorker.java:lambda$new$0(132)) - b2bcdf43-b1cf-4fcd-9749-198db9829d65@group-DD94CB526081-SegmentedRaftLogWorker: flushIndex: setUnconditionally 0 -> -1
2019-09-30 14:08:01,955 [pool-709-thread-1] INFO  server.RaftServerConfigKeys (ConfUtils.java:logGet(43)) - raft.server.snapshot.auto.trigger.enabled = true (custom)
2019-09-30 14:08:01,956 [pool-709-thread-1] INFO  server.RaftServerConfigKeys (ConfUtils.java:logGet(43)) - raft.server.snapshot.auto.trigger.threshold = 10000 (custom)
2019-09-30 14:08:01,956 [pool-709-thread-1] INFO  server.RaftServerConfigKeys (ConfUtils.java:logGet(43)) - raft.server.snapshot.retention.num.files = 5 (custom)
2019-09-30 14:08:01,956 [pool-709-thread-1] INFO  server.RaftServerConfigKeys (ConfUtils.java:logGet(43)) - raft.server.retrycache.expirytime = 600000ms (custom)
2019-09-30 14:08:01,957 [pool-709-thread-1] INFO  impl.RaftServerImpl (RaftServerImpl.java:start(185)) - b2bcdf43-b1cf-4fcd-9749-198db9829d65@group-DD94CB526081: start as a follower, conf=-1: [b2bcdf43-b1cf-4fcd-9749-198db9829d65:192.168.164.197:40769], old=null
2019-09-30 14:08:01,957 [pool-709-thread-1] INFO  impl.RaftServerImpl (RaftServerImpl.java:setRole(174)) - b2bcdf43-b1cf-4fcd-9749-198db9829d65@group-DD94CB526081: changes role from      null to FOLLOWER at term 0 for startAsFollower
2019-09-30 14:08:01,957 [pool-709-thread-1] INFO  impl.RoleInfo (RoleInfo.java:updateAndGet(143)) - b2bcdf43-b1cf-4fcd-9749-198db9829d65: start FollowerState
2019-09-30 14:08:01,957 [pool-709-thread-1] INFO  util.JmxRegister (JmxRegister.java:tryRegister(44)) - Successfully registered JMX Bean with object name Ratis:service=RaftServer,group=group-DD94CB526081,id=b2bcdf43-b1cf-4fcd-9749-198db9829d65
2019-09-30 14:08:01,959 [RatisPipelineUtilsThread] INFO  pipeline.PipelineStateManager (PipelineStateManager.java:addPipeline(56)) - Created pipeline Pipeline[ Id: e1f400d0-2182-49dd-84c3-dd94cb526081, Nodes: b2bcdf43-b1cf-4fcd-9749-198db9829d65{ip: 192.168.164.197, host: trunk-nightly-extra-20190930-74rp4-3411845215, networkLocation: /default-rack, certSerialId: null}, Type:RATIS, Factor:ONE, State:OPEN]
2019-09-30 14:08:01,959 [IPC Server handler 7 on 44294] INFO  net.NetworkTopology (NetworkTopologyImpl.java:add(111)) - Added a new node: /default-rack/ba168577-4ce1-4f3c-87a0-c15d6ea77440
2019-09-30 14:08:01,963 [IPC Server handler 7 on 44294] INFO  node.SCMNodeManager (SCMNodeManager.java:register(266)) - Registered Data node : ba168577-4ce1-4f3c-87a0-c15d6ea77440{ip: 192.168.164.197, host: trunk-nightly-extra-20190930-74rp4-3411845215, networkLocation: /default-rack, certSerialId: null}
2019-09-30 14:08:01,971 [grpc-default-executor-1] INFO  impl.RaftServerProxy (RaftServerProxy.java:addNew(89)) - 175b4be1-c2c3-4a6b-807b-0e77021a765c: addNew group-B58A3CB527FD:[ba168577-4ce1-4f3c-87a0-c15d6ea77440:192.168.164.197:36914, b2bcdf43-b1cf-4fcd-9749-198db9829d65:192.168.164.197:40769, 175b4be1-c2c3-4a6b-807b-0e77021a765c:192.168.164.197:43926] returns group-B58A3CB527FD:java.util.concurrent.CompletableFuture@59486c91[Not completed]
2019-09-30 14:08:01,975 [grpc-default-executor-12] INFO  impl.RaftServerProxy (RaftServerProxy.java:addNew(89)) - ba168577-4ce1-4f3c-87a0-c15d6ea77440: addNew group-B58A3CB527FD:[ba168577-4ce1-4f3c-87a0-c15d6ea77440:192.168.164.197:36914, b2bcdf43-b1cf-4fcd-9749-198db9829d65:192.168.164.197:40769, 175b4be1-c2c3-4a6b-807b-0e77021a765c:192.168.164.197:43926] returns group-B58A3CB527FD:java.util.concurrent.CompletableFuture@6b5a7c71[Not completed]
2019-09-30 14:08:01,975 [pool-719-thread-1] INFO  impl.RaftServerImpl (RaftServerImpl.java:<init>(95)) - 175b4be1-c2c3-4a6b-807b-0e77021a765c: new RaftServerImpl for group-B58A3CB527FD:[ba168577-4ce1-4f3c-87a0-c15d6ea77440:192.168.164.197:36914, b2bcdf43-b1cf-4fcd-9749-198db9829d65:192.168.164.197:40769, 175b4be1-c2c3-4a6b-807b-0e77021a765c:192.168.164.197:43926] with ContainerStateMachine:uninitialized
2019-09-30 14:08:01,975 [grpc-default-executor-1] INFO  impl.RaftServerProxy (RaftServerProxy.java:addNew(89)) - b2bcdf43-b1cf-4fcd-9749-198db9829d65: addNew group-B58A3CB527FD:[ba168577-4ce1-4f3c-87a0-c15d6ea77440:192.168.164.197:36914, b2bcdf43-b1cf-4fcd-9749-198db9829d65:192.168.164.197:40769, 175b4be1-c2c3-4a6b-807b-0e77021a765c:192.168.164.197:43926] returns group-B58A3CB527FD:java.util.concurrent.CompletableFuture@6f67f77d[Not completed]
2019-09-30 14:08:01,975 [pool-719-thread-1] INFO  server.RaftServerConfigKeys (ConfUtils.java:logGet(43)) - raft.server.rpc.timeout.min = 5s (custom)
2019-09-30 14:08:01,975 [pool-719-thread-1] INFO  server.RaftServerConfigKeys (ConfUtils.java:logGet(43)) - raft.server.rpc.timeout.max = 5200ms (custom)
2019-09-30 14:08:01,975 [pool-719-thread-1] INFO  server.RaftServerConfigKeys (ConfUtils.java:logGet(43)) - raft.server.rpcslowness.timeout = 120s (custom)
2019-09-30 14:08:01,976 [pool-719-thread-1] INFO  server.RaftServerConfigKeys (ConfUtils.java:logGet(43)) - raft.server.sleep.deviation.threshold = 300 (default)
2019-09-30 14:08:01,976 [pool-719-thread-1] INFO  server.RaftServerConfigKeys (ConfUtils.java:logGet(43)) - raft.server.log.appender.install.snapshot.enabled = false (custom)
2019-09-30 14:08:01,976 [pool-719-thread-1] INFO  impl.RaftServerImpl (ServerState.java:<init>(103)) - 175b4be1-c2c3-4a6b-807b-0e77021a765c@group-B58A3CB527FD: ConfigurationManager, init=-1: [ba168577-4ce1-4f3c-87a0-c15d6ea77440:192.168.164.197:36914, b2bcdf43-b1cf-4fcd-9749-198db9829d65:192.168.164.197:40769, 175b4be1-c2c3-4a6b-807b-0e77021a765c:192.168.164.197:43926], old=null, confs=<EMPTY_MAP>
2019-09-30 14:08:01,976 [pool-729-thread-1] INFO  impl.RaftServerImpl (RaftServerImpl.java:<init>(95)) - ba168577-4ce1-4f3c-87a0-c15d6ea77440: new RaftServerImpl for group-B58A3CB527FD:[ba168577-4ce1-4f3c-87a0-c15d6ea77440:192.168.164.197:36914, b2bcdf43-b1cf-4fcd-9749-198db9829d65:192.168.164.197:40769, 175b4be1-c2c3-4a6b-807b-0e77021a765c:192.168.164.197:43926] with ContainerStateMachine:uninitialized
2019-09-30 14:08:01,976 [pool-719-thread-1] INFO  server.RaftServerConfigKeys (ConfUtils.java:logGet(43)) - raft.server.storage.dir = [/workdir/hadoop-ozone/integration-test/target/test-dir/MiniOzoneClusterImpl-94dfbac5-ba66-45b1-85eb-93ae9faac445/datanode-4/data/ratis] (custom)
2019-09-30 14:08:01,976 [pool-709-thread-1] INFO  impl.RaftServerImpl (RaftServerImpl.java:<init>(95)) - b2bcdf43-b1cf-4fcd-9749-198db9829d65: new RaftServerImpl for group-B58A3CB527FD:[ba168577-4ce1-4f3c-87a0-c15d6ea77440:192.168.164.197:36914, b2bcdf43-b1cf-4fcd-9749-198db9829d65:192.168.164.197:40769, 175b4be1-c2c3-4a6b-807b-0e77021a765c:192.168.164.197:43926] with ContainerStateMachine:uninitialized
2019-09-30 14:08:01,976 [pool-729-thread-1] INFO  server.RaftServerConfigKeys (ConfUtils.java:logGet(43)) - raft.server.rpc.timeout.min = 5s (custom)
2019-09-30 14:08:01,976 [pool-719-thread-1] INFO  storage.RaftStorageDirectory (RaftStorageDirectory.java:analyzeStorage(246)) - The storage directory /workdir/hadoop-ozone/integration-test/target/test-dir/MiniOzoneClusterImpl-94dfbac5-ba66-45b1-85eb-93ae9faac445/datanode-4/data/ratis/4199bf57-5504-4d94-be53-b58a3cb527fd does not exist. Creating ...
2019-09-30 14:08:01,976 [pool-709-thread-1] INFO  server.RaftServerConfigKeys (ConfUtils.java:logGet(43)) - raft.server.rpc.timeout.min = 5s (custom)
2019-09-30 14:08:01,977 [pool-709-thread-1] INFO  server.RaftServerConfigKeys (ConfUtils.java:logGet(43)) - raft.server.rpc.timeout.max = 5200ms (custom)
2019-09-30 14:08:01,977 [pool-729-thread-1] INFO  server.RaftServerConfigKeys (ConfUtils.java:logGet(43)) - raft.server.rpc.timeout.max = 5200ms (custom)
2019-09-30 14:08:01,977 [pool-709-thread-1] INFO  server.RaftServerConfigKeys (ConfUtils.java:logGet(43)) - raft.server.rpcslowness.timeout = 120s (custom)
2019-09-30 14:08:01,977 [pool-729-thread-1] INFO  server.RaftServerConfigKeys (ConfUtils.java:logGet(43)) - raft.server.rpcslowness.timeout = 120s (custom)
2019-09-30 14:08:01,977 [pool-709-thread-1] INFO  server.RaftServerConfigKeys (ConfUtils.java:logGet(43)) - raft.server.sleep.deviation.threshold = 300 (default)
2019-09-30 14:08:01,977 [pool-729-thread-1] INFO  server.RaftServerConfigKeys (ConfUtils.java:logGet(43)) - raft.server.sleep.deviation.threshold = 300 (default)
2019-09-30 14:08:01,977 [pool-709-thread-1] INFO  server.RaftServerConfigKeys (ConfUtils.java:logGet(43)) - raft.server.log.appender.install.snapshot.enabled = false (custom)
2019-09-30 14:08:01,978 [pool-729-thread-1] INFO  server.RaftServerConfigKeys (ConfUtils.java:logGet(43)) - raft.server.log.appender.install.snapshot.enabled = false (custom)
2019-09-30 14:08:01,978 [pool-709-thread-1] INFO  impl.RaftServerImpl (ServerState.java:<init>(103)) - b2bcdf43-b1cf-4fcd-9749-198db9829d65@group-B58A3CB527FD: ConfigurationManager, init=-1: [ba168577-4ce1-4f3c-87a0-c15d6ea77440:192.168.164.197:36914, b2bcdf43-b1cf-4fcd-9749-198db9829d65:192.168.164.197:40769, 175b4be1-c2c3-4a6b-807b-0e77021a765c:192.168.164.197:43926], old=null, confs=<EMPTY_MAP>
2019-09-30 14:08:01,978 [pool-729-thread-1] INFO  impl.RaftServerImpl (ServerState.java:<init>(103)) - ba168577-4ce1-4f3c-87a0-c15d6ea77440@group-B58A3CB527FD: ConfigurationManager, init=-1: [ba168577-4ce1-4f3c-87a0-c15d6ea77440:192.168.164.197:36914, b2bcdf43-b1cf-4fcd-9749-198db9829d65:192.168.164.197:40769, 175b4be1-c2c3-4a6b-807b-0e77021a765c:192.168.164.197:43926], old=null, confs=<EMPTY_MAP>
2019-09-30 14:08:01,978 [pool-709-thread-1] INFO  server.RaftServerConfigKeys (ConfUtils.java:logGet(43)) - raft.server.storage.dir = [/workdir/hadoop-ozone/integration-test/target/test-dir/MiniOzoneClusterImpl-94dfbac5-ba66-45b1-85eb-93ae9faac445/datanode-3/data/ratis] (custom)
2019-09-30 14:08:01,978 [pool-729-thread-1] INFO  server.RaftServerConfigKeys (ConfUtils.java:logGet(43)) - raft.server.storage.dir = [/workdir/hadoop-ozone/integration-test/target/test-dir/MiniOzoneClusterImpl-94dfbac5-ba66-45b1-85eb-93ae9faac445/datanode-5/data/ratis] (custom)
2019-09-30 14:08:01,978 [pool-709-thread-1] INFO  storage.RaftStorageDirectory (RaftStorageDirectory.java:analyzeStorage(246)) - The storage directory /workdir/hadoop-ozone/integration-test/target/test-dir/MiniOzoneClusterImpl-94dfbac5-ba66-45b1-85eb-93ae9faac445/datanode-3/data/ratis/4199bf57-5504-4d94-be53-b58a3cb527fd does not exist. Creating ...
2019-09-30 14:08:01,979 [pool-729-thread-1] INFO  storage.RaftStorageDirectory (RaftStorageDirectory.java:analyzeStorage(246)) - The storage directory /workdir/hadoop-ozone/integration-test/target/test-dir/MiniOzoneClusterImpl-94dfbac5-ba66-45b1-85eb-93ae9faac445/datanode-5/data/ratis/4199bf57-5504-4d94-be53-b58a3cb527fd does not exist. Creating ...
2019-09-30 14:08:01,990 [pool-709-thread-1] INFO  storage.RaftStorageDirectory (RaftStorageDirectory.java:tryLock(328)) - Lock on /workdir/hadoop-ozone/integration-test/target/test-dir/MiniOzoneClusterImpl-94dfbac5-ba66-45b1-85eb-93ae9faac445/datanode-3/data/ratis/4199bf57-5504-4d94-be53-b58a3cb527fd/in_use.lock acquired by nodename 10834@trunk-nightly-extra-20190930-74rp4-3411845215
2019-09-30 14:08:01,990 [pool-729-thread-1] INFO  storage.RaftStorageDirectory (RaftStorageDirectory.java:tryLock(328)) - Lock on /workdir/hadoop-ozone/integration-test/target/test-dir/MiniOzoneClusterImpl-94dfbac5-ba66-45b1-85eb-93ae9faac445/datanode-5/data/ratis/4199bf57-5504-4d94-be53-b58a3cb527fd/in_use.lock acquired by nodename 10834@trunk-nightly-extra-20190930-74rp4-3411845215
2019-09-30 14:08:01,990 [pool-719-thread-1] INFO  storage.RaftStorageDirectory (RaftStorageDirectory.java:tryLock(328)) - Lock on /workdir/hadoop-ozone/integration-test/target/test-dir/MiniOzoneClusterImpl-94dfbac5-ba66-45b1-85eb-93ae9faac445/datanode-4/data/ratis/4199bf57-5504-4d94-be53-b58a3cb527fd/in_use.lock acquired by nodename 10834@trunk-nightly-extra-20190930-74rp4-3411845215
2019-09-30 14:08:02,004 [pool-709-thread-1] INFO  storage.RaftStorage (RaftStorage.java:format(72)) - Storage directory /workdir/hadoop-ozone/integration-test/target/test-dir/MiniOzoneClusterImpl-94dfbac5-ba66-45b1-85eb-93ae9faac445/datanode-3/data/ratis/4199bf57-5504-4d94-be53-b58a3cb527fd has been successfully formatted.
2019-09-30 14:08:02,004 [pool-719-thread-1] INFO  storage.RaftStorage (RaftStorage.java:format(72)) - Storage directory /workdir/hadoop-ozone/integration-test/target/test-dir/MiniOzoneClusterImpl-94dfbac5-ba66-45b1-85eb-93ae9faac445/datanode-4/data/ratis/4199bf57-5504-4d94-be53-b58a3cb527fd has been successfully formatted.
2019-09-30 14:08:02,004 [pool-729-thread-1] INFO  storage.RaftStorage (RaftStorage.java:format(72)) - Storage directory /workdir/hadoop-ozone/integration-test/target/test-dir/MiniOzoneClusterImpl-94dfbac5-ba66-45b1-85eb-93ae9faac445/datanode-5/data/ratis/4199bf57-5504-4d94-be53-b58a3cb527fd has been successfully formatted.
2019-09-30 14:08:02,004 [pool-709-thread-1] INFO  ratis.ContainerStateMachine (ContainerStateMachine.java:loadSnapshot(230)) - group-B58A3CB527FD: The snapshot info is null. Setting the last applied indexto:(t:0, i:~)
2019-09-30 14:08:02,004 [pool-729-thread-1] INFO  ratis.ContainerStateMachine (ContainerStateMachine.java:loadSnapshot(230)) - group-B58A3CB527FD: The snapshot info is null. Setting the last applied indexto:(t:0, i:~)
2019-09-30 14:08:02,004 [pool-719-thread-1] INFO  ratis.ContainerStateMachine (ContainerStateMachine.java:loadSnapshot(230)) - group-B58A3CB527FD: The snapshot info is null. Setting the last applied indexto:(t:0, i:~)
2019-09-30 14:08:02,004 [pool-729-thread-1] INFO  server.RaftServerConfigKeys (ConfUtils.java:logGet(43)) - raft.server.notification.no-leader.timeout = 120s (custom)
2019-09-30 14:08:02,004 [pool-709-thread-1] INFO  server.RaftServerConfigKeys (ConfUtils.java:logGet(43)) - raft.server.notification.no-leader.timeout = 120s (custom)
2019-09-30 14:08:02,004 [pool-729-thread-1] INFO  server.RaftServerConfigKeys (ConfUtils.java:logGet(43)) - raft.server.log.use.memory = false (default)
2019-09-30 14:08:02,004 [pool-719-thread-1] INFO  server.RaftServerConfigKeys (ConfUtils.java:logGet(43)) - raft.server.notification.no-leader.timeout = 120s (custom)
2019-09-30 14:08:02,005 [pool-729-thread-1] INFO  server.RaftServerConfigKeys (ConfUtils.java:logGet(43)) - raft.server.log.purge.gap = 1000000 (custom)
2019-09-30 14:08:02,005 [pool-709-thread-1] INFO  server.RaftServerConfigKeys (ConfUtils.java:logGet(43)) - raft.server.log.use.memory = false (default)
2019-09-30 14:08:02,005 [pool-729-thread-1] INFO  server.RaftServerConfigKeys (ConfUtils.java:logGet(43)) - raft.server.log.appender.buffer.byte-limit = 33554432 (custom)
2019-09-30 14:08:02,005 [pool-719-thread-1] INFO  server.RaftServerConfigKeys (ConfUtils.java:logGet(43)) - raft.server.log.use.memory = false (default)
2019-09-30 14:08:02,005 [pool-729-thread-1] INFO  server.RaftServerConfigKeys (ConfUtils.java:logGet(43)) - raft.server.log.segment.size.max = 1048576 (custom)
2019-09-30 14:08:02,005 [pool-709-thread-1] INFO  server.RaftServerConfigKeys (ConfUtils.java:logGet(43)) - raft.server.log.purge.gap = 1000000 (custom)
2019-09-30 14:08:02,005 [pool-729-thread-1] INFO  server.RaftServerConfigKeys (ConfUtils.java:logGet(43)) - raft.server.log.segment.cache.num.max = 2 (custom)
2019-09-30 14:08:02,005 [pool-719-thread-1] INFO  server.RaftServerConfigKeys (ConfUtils.java:logGet(43)) - raft.server.log.purge.gap = 1000000 (custom)
2019-09-30 14:08:02,006 [pool-729-thread-1] INFO  segmented.SegmentedRaftLogWorker (SegmentedRaftLogWorker.java:<init>(172)) - new ba168577-4ce1-4f3c-87a0-c15d6ea77440@group-B58A3CB527FD-SegmentedRaftLogWorker for RaftStorage:Storage Directory /workdir/hadoop-ozone/integration-test/target/test-dir/MiniOzoneClusterImpl-94dfbac5-ba66-45b1-85eb-93ae9faac445/datanode-5/data/ratis/4199bf57-5504-4d94-be53-b58a3cb527fd
2019-09-30 14:08:02,005 [pool-709-thread-1] INFO  server.RaftServerConfigKeys (ConfUtils.java:logGet(43)) - raft.server.log.appender.buffer.byte-limit = 33554432 (custom)
2019-09-30 14:08:02,006 [pool-719-thread-1] INFO  server.RaftServerConfigKeys (ConfUtils.java:logGet(43)) - raft.server.log.appender.buffer.byte-limit = 33554432 (custom)
2019-09-30 14:08:02,006 [pool-709-thread-1] INFO  server.RaftServerConfigKeys (ConfUtils.java:logGet(43)) - raft.server.log.segment.size.max = 1048576 (custom)
2019-09-30 14:08:02,006 [pool-719-thread-1] INFO  server.RaftServerConfigKeys (ConfUtils.java:logGet(43)) - raft.server.log.segment.size.max = 1048576 (custom)
2019-09-30 14:08:02,006 [pool-709-thread-1] INFO  server.RaftServerConfigKeys (ConfUtils.java:logGet(43)) - raft.server.log.segment.cache.num.max = 2 (custom)
2019-09-30 14:08:02,006 [pool-719-thread-1] INFO  server.RaftServerConfigKeys (ConfUtils.java:logGet(43)) - raft.server.log.segment.cache.num.max = 2 (custom)
2019-09-30 14:08:02,006 [pool-709-thread-1] INFO  segmented.SegmentedRaftLogWorker (SegmentedRaftLogWorker.java:<init>(172)) - new b2bcdf43-b1cf-4fcd-9749-198db9829d65@group-B58A3CB527FD-SegmentedRaftLogWorker for RaftStorage:Storage Directory /workdir/hadoop-ozone/integration-test/target/test-dir/MiniOzoneClusterImpl-94dfbac5-ba66-45b1-85eb-93ae9faac445/datanode-3/data/ratis/4199bf57-5504-4d94-be53-b58a3cb527fd
2019-09-30 14:08:02,007 [pool-719-thread-1] INFO  segmented.SegmentedRaftLogWorker (SegmentedRaftLogWorker.java:<init>(172)) - new 175b4be1-c2c3-4a6b-807b-0e77021a765c@group-B58A3CB527FD-SegmentedRaftLogWorker for RaftStorage:Storage Directory /workdir/hadoop-ozone/integration-test/target/test-dir/MiniOzoneClusterImpl-94dfbac5-ba66-45b1-85eb-93ae9faac445/datanode-4/data/ratis/4199bf57-5504-4d94-be53-b58a3cb527fd
2019-09-30 14:08:02,007 [pool-729-thread-1] INFO  server.RaftServerConfigKeys (ConfUtils.java:logGet(43)) - raft.server.log.queue.byte-limit = 2147483647 (custom)
2019-09-30 14:08:02,007 [pool-709-thread-1] INFO  server.RaftServerConfigKeys (ConfUtils.java:logGet(43)) - raft.server.log.queue.byte-limit = 2147483647 (custom)
2019-09-30 14:08:02,007 [pool-729-thread-1] INFO  server.RaftServerConfigKeys (ConfUtils.java:logGet(43)) - raft.server.log.queue.element-limit = 1024 (custom)
2019-09-30 14:08:02,007 [pool-719-thread-1] INFO  server.RaftServerConfigKeys (ConfUtils.java:logGet(43)) - raft.server.log.queue.byte-limit = 2147483647 (custom)
2019-09-30 14:08:02,007 [pool-729-thread-1] INFO  server.RaftServerConfigKeys (ConfUtils.java:logGet(43)) - raft.server.log.segment.size.max = 1048576 (custom)
2019-09-30 14:08:02,007 [pool-709-thread-1] INFO  server.RaftServerConfigKeys (ConfUtils.java:logGet(43)) - raft.server.log.queue.element-limit = 1024 (custom)
2019-09-30 14:08:02,007 [pool-729-thread-1] INFO  server.RaftServerConfigKeys (ConfUtils.java:logGet(43)) - raft.server.log.preallocated.size = 16384 (custom)
2019-09-30 14:08:02,008 [pool-729-thread-1] INFO  server.RaftServerConfigKeys (ConfUtils.java:logGet(43)) - raft.server.log.write.buffer.size = 33554432 (custom)
2019-09-30 14:08:02,007 [pool-719-thread-1] INFO  server.RaftServerConfigKeys (ConfUtils.java:logGet(43)) - raft.server.log.queue.element-limit = 1024 (custom)
2019-09-30 14:08:02,008 [pool-729-thread-1] INFO  server.RaftServerConfigKeys (ConfUtils.java:logGet(43)) - raft.server.log.force.sync.num = 128 (default)
2019-09-30 14:08:02,007 [pool-709-thread-1] INFO  server.RaftServerConfigKeys (ConfUtils.java:logGet(43)) - raft.server.log.segment.size.max = 1048576 (custom)
2019-09-30 14:08:02,008 [pool-729-thread-1] INFO  server.RaftServerConfigKeys (ConfUtils.java:logGet(43)) - raft.server.log.statemachine.data.sync = true (default)
2019-09-30 14:08:02,008 [pool-729-thread-1] INFO  server.RaftServerConfigKeys (ConfUtils.java:logGet(43)) - raft.server.log.statemachine.data.sync.timeout = 10s (default)
2019-09-30 14:08:02,008 [pool-719-thread-1] INFO  server.RaftServerConfigKeys (ConfUtils.java:logGet(43)) - raft.server.log.segment.size.max = 1048576 (custom)
2019-09-30 14:08:02,008 [pool-729-thread-1] INFO  server.RaftServerConfigKeys (ConfUtils.java:logGet(43)) - raft.server.log.statemachine.data.sync.timeout.retry = -1 (default)
2019-09-30 14:08:02,008 [pool-709-thread-1] INFO  server.RaftServerConfigKeys (ConfUtils.java:logGet(43)) - raft.server.log.preallocated.size = 16384 (custom)
2019-09-30 14:08:02,008 [pool-729-thread-1] INFO  server.RaftServerConfigKeys (ConfUtils.java:logGet(43)) - raft.server.log.statemachine.data.caching.enabled = true (custom)
2019-09-30 14:08:02,008 [pool-719-thread-1] INFO  server.RaftServerConfigKeys (ConfUtils.java:logGet(43)) - raft.server.log.preallocated.size = 16384 (custom)
2019-09-30 14:08:02,009 [pool-729-thread-1] INFO  segmented.SegmentedRaftLogWorker (SegmentedRaftLogWorker.java:lambda$new$0(132)) - ba168577-4ce1-4f3c-87a0-c15d6ea77440@group-B58A3CB527FD-SegmentedRaftLogWorker: flushIndex: setUnconditionally 0 -> -1
2019-09-30 14:08:02,009 [pool-709-thread-1] INFO  server.RaftServerConfigKeys (ConfUtils.java:logGet(43)) - raft.server.log.write.buffer.size = 33554432 (custom)
2019-09-30 14:08:02,009 [pool-719-thread-1] INFO  server.RaftServerConfigKeys (ConfUtils.java:logGet(43)) - raft.server.log.write.buffer.size = 33554432 (custom)
2019-09-30 14:08:02,009 [pool-729-thread-1] INFO  server.RaftServerConfigKeys (ConfUtils.java:logGet(43)) - raft.server.snapshot.auto.trigger.enabled = true (custom)
2019-09-30 14:08:02,009 [pool-709-thread-1] INFO  server.RaftServerConfigKeys (ConfUtils.java:logGet(43)) - raft.server.log.force.sync.num = 128 (default)
2019-09-30 14:08:02,009 [pool-729-thread-1] INFO  server.RaftServerConfigKeys (ConfUtils.java:logGet(43)) - raft.server.snapshot.auto.trigger.threshold = 10000 (custom)
2019-09-30 14:08:02,009 [pool-719-thread-1] INFO  server.RaftServerConfigKeys (ConfUtils.java:logGet(43)) - raft.server.log.force.sync.num = 128 (default)
2019-09-30 14:08:02,009 [pool-729-thread-1] INFO  server.RaftServerConfigKeys (ConfUtils.java:logGet(43)) - raft.server.snapshot.retention.num.files = 5 (custom)
2019-09-30 14:08:02,009 [pool-709-thread-1] INFO  server.RaftServerConfigKeys (ConfUtils.java:logGet(43)) - raft.server.log.statemachine.data.sync = true (default)
2019-09-30 14:08:02,010 [pool-729-thread-1] INFO  server.RaftServerConfigKeys (ConfUtils.java:logGet(43)) - raft.server.retrycache.expirytime = 600000ms (custom)
2019-09-30 14:08:02,010 [pool-719-thread-1] INFO  server.RaftServerConfigKeys (ConfUtils.java:logGet(43)) - raft.server.log.statemachine.data.sync = true (default)
2019-09-30 14:08:02,010 [pool-709-thread-1] INFO  server.RaftServerConfigKeys (ConfUtils.java:logGet(43)) - raft.server.log.statemachine.data.sync.timeout = 10s (default)
2019-09-30 14:08:02,010 [pool-719-thread-1] INFO  server.RaftServerConfigKeys (ConfUtils.java:logGet(43)) - raft.server.log.statemachine.data.sync.timeout = 10s (default)
2019-09-30 14:08:02,010 [pool-709-thread-1] INFO  server.RaftServerConfigKeys (ConfUtils.java:logGet(43)) - raft.server.log.statemachine.data.sync.timeout.retry = -1 (default)
2019-09-30 14:08:02,010 [pool-719-thread-1] INFO  server.RaftServerConfigKeys (ConfUtils.java:logGet(43)) - raft.server.log.statemachine.data.sync.timeout.retry = -1 (default)
2019-09-30 14:08:02,011 [pool-709-thread-1] INFO  server.RaftServerConfigKeys (ConfUtils.java:logGet(43)) - raft.server.log.statemachine.data.caching.enabled = true (custom)
2019-09-30 14:08:02,011 [pool-719-thread-1] INFO  server.RaftServerConfigKeys (ConfUtils.java:logGet(43)) - raft.server.log.statemachine.data.caching.enabled = true (custom)
2019-09-30 14:08:02,011 [pool-729-thread-1] INFO  impl.RaftServerImpl (RaftServerImpl.java:start(185)) - ba168577-4ce1-4f3c-87a0-c15d6ea77440@group-B58A3CB527FD: start as a follower, conf=-1: [ba168577-4ce1-4f3c-87a0-c15d6ea77440:192.168.164.197:36914, b2bcdf43-b1cf-4fcd-9749-198db9829d65:192.168.164.197:40769, 175b4be1-c2c3-4a6b-807b-0e77021a765c:192.168.164.197:43926], old=null
2019-09-30 14:08:02,011 [pool-709-thread-1] INFO  segmented.SegmentedRaftLogWorker (SegmentedRaftLogWorker.java:lambda$new$0(132)) - b2bcdf43-b1cf-4fcd-9749-198db9829d65@group-B58A3CB527FD-SegmentedRaftLogWorker: flushIndex: setUnconditionally 0 -> -1
2019-09-30 14:08:02,011 [pool-719-thread-1] INFO  segmented.SegmentedRaftLogWorker (SegmentedRaftLogWorker.java:lambda$new$0(132)) - 175b4be1-c2c3-4a6b-807b-0e77021a765c@group-B58A3CB527FD-SegmentedRaftLogWorker: flushIndex: setUnconditionally 0 -> -1
2019-09-30 14:08:02,011 [pool-709-thread-1] INFO  server.RaftServerConfigKeys (ConfUtils.java:logGet(43)) - raft.server.snapshot.auto.trigger.enabled = true (custom)
2019-09-30 14:08:02,011 [pool-729-thread-1] INFO  impl.RaftServerImpl (RaftServerImpl.java:setRole(174)) - ba168577-4ce1-4f3c-87a0-c15d6ea77440@group-B58A3CB527FD: changes role from      null to FOLLOWER at term 0 for startAsFollower
2019-09-30 14:08:02,011 [pool-719-thread-1] INFO  server.RaftServerConfigKeys (ConfUtils.java:logGet(43)) - raft.server.snapshot.auto.trigger.enabled = true (custom)
2019-09-30 14:08:02,011 [pool-709-thread-1] INFO  server.RaftServerConfigKeys (ConfUtils.java:logGet(43)) - raft.server.snapshot.auto.trigger.threshold = 10000 (custom)
2019-09-30 14:08:02,012 [pool-719-thread-1] INFO  server.RaftServerConfigKeys (ConfUtils.java:logGet(43)) - raft.server.snapshot.auto.trigger.threshold = 10000 (custom)
2019-09-30 14:08:02,012 [pool-719-thread-1] INFO  server.RaftServerConfigKeys (ConfUtils.java:logGet(43)) - raft.server.snapshot.retention.num.files = 5 (custom)
2019-09-30 14:08:02,011 [pool-729-thread-1] INFO  impl.RoleInfo (RoleInfo.java:updateAndGet(143)) - ba168577-4ce1-4f3c-87a0-c15d6ea77440: start FollowerState
2019-09-30 14:08:02,012 [pool-719-thread-1] INFO  server.RaftServerConfigKeys (ConfUtils.java:logGet(43)) - raft.server.retrycache.expirytime = 600000ms (custom)
2019-09-30 14:08:02,012 [pool-709-thread-1] INFO  server.RaftServerConfigKeys (ConfUtils.java:logGet(43)) - raft.server.snapshot.retention.num.files = 5 (custom)
2019-09-30 14:08:02,012 [pool-729-thread-1] INFO  util.JmxRegister (JmxRegister.java:tryRegister(44)) - Successfully registered JMX Bean with object name Ratis:service=RaftServer,group=group-B58A3CB527FD,id=ba168577-4ce1-4f3c-87a0-c15d6ea77440
2019-09-30 14:08:02,012 [pool-709-thread-1] INFO  server.RaftServerConfigKeys (ConfUtils.java:logGet(43)) - raft.server.retrycache.expirytime = 600000ms (custom)
2019-09-30 14:08:02,015 [pool-719-thread-1] INFO  impl.RaftServerImpl (RaftServerImpl.java:start(185)) - 175b4be1-c2c3-4a6b-807b-0e77021a765c@group-B58A3CB527FD: start as a follower, conf=-1: [ba168577-4ce1-4f3c-87a0-c15d6ea77440:192.168.164.197:36914, b2bcdf43-b1cf-4fcd-9749-198db9829d65:192.168.164.197:40769, 175b4be1-c2c3-4a6b-807b-0e77021a765c:192.168.164.197:43926], old=null
2019-09-30 14:08:02,015 [pool-719-thread-1] INFO  impl.RaftServerImpl (RaftServerImpl.java:setRole(174)) - 175b4be1-c2c3-4a6b-807b-0e77021a765c@group-B58A3CB527FD: changes role from      null to FOLLOWER at term 0 for startAsFollower
2019-09-30 14:08:02,015 [pool-709-thread-1] INFO  impl.RaftServerImpl (RaftServerImpl.java:start(185)) - b2bcdf43-b1cf-4fcd-9749-198db9829d65@group-B58A3CB527FD: start as a follower, conf=-1: [ba168577-4ce1-4f3c-87a0-c15d6ea77440:192.168.164.197:36914, b2bcdf43-b1cf-4fcd-9749-198db9829d65:192.168.164.197:40769, 175b4be1-c2c3-4a6b-807b-0e77021a765c:192.168.164.197:43926], old=null
2019-09-30 14:08:02,015 [pool-719-thread-1] INFO  impl.RoleInfo (RoleInfo.java:updateAndGet(143)) - 175b4be1-c2c3-4a6b-807b-0e77021a765c: start FollowerState
2019-09-30 14:08:02,015 [pool-709-thread-1] INFO  impl.RaftServerImpl (RaftServerImpl.java:setRole(174)) - b2bcdf43-b1cf-4fcd-9749-198db9829d65@group-B58A3CB527FD: changes role from      null to FOLLOWER at term 0 for startAsFollower
2019-09-30 14:08:02,015 [pool-709-thread-1] INFO  impl.RoleInfo (RoleInfo.java:updateAndGet(143)) - b2bcdf43-b1cf-4fcd-9749-198db9829d65: start FollowerState
2019-09-30 14:08:02,015 [pool-719-thread-1] INFO  util.JmxRegister (JmxRegister.java:tryRegister(44)) - Successfully registered JMX Bean with object name Ratis:service=RaftServer,group=group-B58A3CB527FD,id=175b4be1-c2c3-4a6b-807b-0e77021a765c
2019-09-30 14:08:02,015 [pool-709-thread-1] INFO  util.JmxRegister (JmxRegister.java:tryRegister(44)) - Successfully registered JMX Bean with object name Ratis:service=RaftServer,group=group-B58A3CB527FD,id=b2bcdf43-b1cf-4fcd-9749-198db9829d65
2019-09-30 14:08:02,017 [RatisPipelineUtilsThread] INFO  pipeline.PipelineStateManager (PipelineStateManager.java:addPipeline(56)) - Created pipeline Pipeline[ Id: 4199bf57-5504-4d94-be53-b58a3cb527fd, Nodes: ba168577-4ce1-4f3c-87a0-c15d6ea77440{ip: 192.168.164.197, host: trunk-nightly-extra-20190930-74rp4-3411845215, networkLocation: /default-rack, certSerialId: null}175b4be1-c2c3-4a6b-807b-0e77021a765c{ip: 192.168.164.197, host: trunk-nightly-extra-20190930-74rp4-3411845215, networkLocation: /default-rack, certSerialId: null}b2bcdf43-b1cf-4fcd-9749-198db9829d65{ip: 192.168.164.197, host: trunk-nightly-extra-20190930-74rp4-3411845215, networkLocation: /default-rack, certSerialId: null}, Type:RATIS, Factor:THREE, State:OPEN]
2019-09-30 14:08:02,023 [IPC Server handler 8 on 44294] INFO  net.NetworkTopology (NetworkTopologyImpl.java:add(111)) - Added a new node: /default-rack/b353a957-53f2-450b-9f4d-a32e144b41ca
2019-09-30 14:08:02,024 [main] INFO  ozone.MiniOzoneClusterImpl (MiniOzoneClusterImpl.java:lambda$waitForClusterToBeReady$0(147)) - Cluster is ready. Got 7 of 7 DN Heartbeats.
2019-09-30 14:08:02,024 [IPC Server handler 8 on 44294] INFO  node.SCMNodeManager (SCMNodeManager.java:register(266)) - Registered Data node : b353a957-53f2-450b-9f4d-a32e144b41ca{ip: 192.168.164.197, host: trunk-nightly-extra-20190930-74rp4-3411845215, networkLocation: /default-rack, certSerialId: null}
2019-09-30 14:08:02,033 [grpc-default-executor-1] INFO  impl.RaftServerProxy (RaftServerProxy.java:addNew(89)) - ba168577-4ce1-4f3c-87a0-c15d6ea77440: addNew group-2D4037473D67:[ba168577-4ce1-4f3c-87a0-c15d6ea77440:192.168.164.197:36914] returns group-2D4037473D67:java.util.concurrent.CompletableFuture@573c42fd[Not completed]
2019-09-30 14:08:02,034 [pool-729-thread-1] INFO  impl.RaftServerImpl (RaftServerImpl.java:<init>(95)) - ba168577-4ce1-4f3c-87a0-c15d6ea77440: new RaftServerImpl for group-2D4037473D67:[ba168577-4ce1-4f3c-87a0-c15d6ea77440:192.168.164.197:36914] with ContainerStateMachine:uninitialized
2019-09-30 14:08:02,034 [pool-729-thread-1] INFO  server.RaftServerConfigKeys (ConfUtils.java:logGet(43)) - raft.server.rpc.timeout.min = 5s (custom)
2019-09-30 14:08:02,034 [pool-729-thread-1] INFO  server.RaftServerConfigKeys (ConfUtils.java:logGet(43)) - raft.server.rpc.timeout.max = 5200ms (custom)
2019-09-30 14:08:02,034 [pool-729-thread-1] INFO  server.RaftServerConfigKeys (ConfUtils.java:logGet(43)) - raft.server.rpcslowness.timeout = 120s (custom)
2019-09-30 14:08:02,034 [pool-729-thread-1] INFO  server.RaftServerConfigKeys (ConfUtils.java:logGet(43)) - raft.server.sleep.deviation.threshold = 300 (default)
2019-09-30 14:08:02,034 [pool-729-thread-1] INFO  server.RaftServerConfigKeys (ConfUtils.java:logGet(43)) - raft.server.log.appender.install.snapshot.enabled = false (custom)
2019-09-30 14:08:02,035 [pool-729-thread-1] INFO  impl.RaftServerImpl (ServerState.java:<init>(103)) - ba168577-4ce1-4f3c-87a0-c15d6ea77440@group-2D4037473D67: ConfigurationManager, init=-1: [ba168577-4ce1-4f3c-87a0-c15d6ea77440:192.168.164.197:36914], old=null, confs=<EMPTY_MAP>
2019-09-30 14:08:02,035 [pool-729-thread-1] INFO  server.RaftServerConfigKeys (ConfUtils.java:logGet(43)) - raft.server.storage.dir = [/workdir/hadoop-ozone/integration-test/target/test-dir/MiniOzoneClusterImpl-94dfbac5-ba66-45b1-85eb-93ae9faac445/datanode-5/data/ratis] (custom)
2019-09-30 14:08:02,035 [pool-729-thread-1] INFO  storage.RaftStorageDirectory (RaftStorageDirectory.java:analyzeStorage(246)) - The storage directory /workdir/hadoop-ozone/integration-test/target/test-dir/MiniOzoneClusterImpl-94dfbac5-ba66-45b1-85eb-93ae9faac445/datanode-5/data/ratis/75cf17c1-cf02-4f01-ae53-2d4037473d67 does not exist. Creating ...
2019-09-30 14:08:02,059 [pool-729-thread-1] INFO  storage.RaftStorageDirectory (RaftStorageDirectory.java:tryLock(328)) - Lock on /workdir/hadoop-ozone/integration-test/target/test-dir/MiniOzoneClusterImpl-94dfbac5-ba66-45b1-85eb-93ae9faac445/datanode-5/data/ratis/75cf17c1-cf02-4f01-ae53-2d4037473d67/in_use.lock acquired by nodename 10834@trunk-nightly-extra-20190930-74rp4-3411845215
2019-09-30 14:08:02,111 [main] INFO  rpc.RpcClient (RpcClient.java:createVolume(276)) - Creating Volume: testblockoutputstream, with jenkins1000 as owner.
2019-09-30 14:08:02,114 [pool-729-thread-1] INFO  storage.RaftStorage (RaftStorage.java:format(72)) - Storage directory /workdir/hadoop-ozone/integration-test/target/test-dir/MiniOzoneClusterImpl-94dfbac5-ba66-45b1-85eb-93ae9faac445/datanode-5/data/ratis/75cf17c1-cf02-4f01-ae53-2d4037473d67 has been successfully formatted.
2019-09-30 14:08:02,115 [pool-729-thread-1] INFO  ratis.ContainerStateMachine (ContainerStateMachine.java:loadSnapshot(230)) - group-2D4037473D67: The snapshot info is null. Setting the last applied indexto:(t:0, i:~)
2019-09-30 14:08:02,115 [pool-729-thread-1] INFO  server.RaftServerConfigKeys (ConfUtils.java:logGet(43)) - raft.server.notification.no-leader.timeout = 120s (custom)
2019-09-30 14:08:02,115 [pool-729-thread-1] INFO  server.RaftServerConfigKeys (ConfUtils.java:logGet(43)) - raft.server.log.use.memory = false (default)
2019-09-30 14:08:02,115 [pool-729-thread-1] INFO  server.RaftServerConfigKeys (ConfUtils.java:logGet(43)) - raft.server.log.purge.gap = 1000000 (custom)
2019-09-30 14:08:02,115 [IPC Server handler 1 on 41471] INFO  volume.OMVolumeCreateRequest (OMVolumeCreateRequest.java:validateAndUpdateCache(194)) - created volume:testblockoutputstream for user:jenkins1000
2019-09-30 14:08:02,115 [pool-729-thread-1] INFO  server.RaftServerConfigKeys (ConfUtils.java:logGet(43)) - raft.server.log.appender.buffer.byte-limit = 33554432 (custom)
2019-09-30 14:08:02,116 [pool-729-thread-1] INFO  server.RaftServerConfigKeys (ConfUtils.java:logGet(43)) - raft.server.log.segment.size.max = 1048576 (custom)
2019-09-30 14:08:02,116 [pool-729-thread-1] INFO  server.RaftServerConfigKeys (ConfUtils.java:logGet(43)) - raft.server.log.segment.cache.num.max = 2 (custom)
2019-09-30 14:08:02,116 [pool-729-thread-1] INFO  segmented.SegmentedRaftLogWorker (SegmentedRaftLogWorker.java:<init>(172)) - new ba168577-4ce1-4f3c-87a0-c15d6ea77440@group-2D4037473D67-SegmentedRaftLogWorker for RaftStorage:Storage Directory /workdir/hadoop-ozone/integration-test/target/test-dir/MiniOzoneClusterImpl-94dfbac5-ba66-45b1-85eb-93ae9faac445/datanode-5/data/ratis/75cf17c1-cf02-4f01-ae53-2d4037473d67
2019-09-30 14:08:02,116 [pool-729-thread-1] INFO  server.RaftServerConfigKeys (ConfUtils.java:logGet(43)) - raft.server.log.queue.byte-limit = 2147483647 (custom)
2019-09-30 14:08:02,116 [pool-729-thread-1] INFO  server.RaftServerConfigKeys (ConfUtils.java:logGet(43)) - raft.server.log.queue.element-limit = 1024 (custom)
2019-09-30 14:08:02,117 [pool-729-thread-1] INFO  server.RaftServerConfigKeys (ConfUtils.java:logGet(43)) - raft.server.log.segment.size.max = 1048576 (custom)
2019-09-30 14:08:02,117 [pool-729-thread-1] INFO  server.RaftServerConfigKeys (ConfUtils.java:logGet(43)) - raft.server.log.preallocated.size = 16384 (custom)
2019-09-30 14:08:02,117 [pool-729-thread-1] INFO  server.RaftServerConfigKeys (ConfUtils.java:logGet(43)) - raft.server.log.write.buffer.size = 33554432 (custom)
2019-09-30 14:08:02,117 [pool-729-thread-1] INFO  server.RaftServerConfigKeys (ConfUtils.java:logGet(43)) - raft.server.log.force.sync.num = 128 (default)
2019-09-30 14:08:02,117 [pool-729-thread-1] INFO  server.RaftServerConfigKeys (ConfUtils.java:logGet(43)) - raft.server.log.statemachine.data.sync = true (default)
2019-09-30 14:08:02,120 [pool-729-thread-1] INFO  server.RaftServerConfigKeys (ConfUtils.java:logGet(43)) - raft.server.log.statemachine.data.sync.timeout = 10s (default)
2019-09-30 14:08:02,120 [pool-729-thread-1] INFO  server.RaftServerConfigKeys (ConfUtils.java:logGet(43)) - raft.server.log.statemachine.data.sync.timeout.retry = -1 (default)
2019-09-30 14:08:02,120 [pool-729-thread-1] INFO  server.RaftServerConfigKeys (ConfUtils.java:logGet(43)) - raft.server.log.statemachine.data.caching.enabled = true (custom)
2019-09-30 14:08:02,120 [pool-729-thread-1] INFO  segmented.SegmentedRaftLogWorker (SegmentedRaftLogWorker.java:lambda$new$0(132)) - ba168577-4ce1-4f3c-87a0-c15d6ea77440@group-2D4037473D67-SegmentedRaftLogWorker: flushIndex: setUnconditionally 0 -> -1
2019-09-30 14:08:02,132 [pool-729-thread-1] INFO  server.RaftServerConfigKeys (ConfUtils.java:logGet(43)) - raft.server.snapshot.auto.trigger.enabled = true (custom)
2019-09-30 14:08:02,132 [pool-729-thread-1] INFO  server.RaftServerConfigKeys (ConfUtils.java:logGet(43)) - raft.server.snapshot.auto.trigger.threshold = 10000 (custom)
2019-09-30 14:08:02,132 [pool-729-thread-1] INFO  server.RaftServerConfigKeys (ConfUtils.java:logGet(43)) - raft.server.snapshot.retention.num.files = 5 (custom)
2019-09-30 14:08:02,133 [pool-729-thread-1] INFO  server.RaftServerConfigKeys (ConfUtils.java:logGet(43)) - raft.server.retrycache.expirytime = 600000ms (custom)
2019-09-30 14:08:02,133 [main] INFO  rpc.RpcClient (RpcClient.java:createBucket(415)) - Creating Bucket: testblockoutputstream/testblockoutputstream, with Versioning false and Storage Type set to DISK and Encryption set to false 
2019-09-30 14:08:02,134 [pool-729-thread-1] INFO  impl.RaftServerImpl (RaftServerImpl.java:start(185)) - ba168577-4ce1-4f3c-87a0-c15d6ea77440@group-2D4037473D67: start as a follower, conf=-1: [ba168577-4ce1-4f3c-87a0-c15d6ea77440:192.168.164.197:36914], old=null
2019-09-30 14:08:02,134 [pool-729-thread-1] INFO  impl.RaftServerImpl (RaftServerImpl.java:setRole(174)) - ba168577-4ce1-4f3c-87a0-c15d6ea77440@group-2D4037473D67: changes role from      null to FOLLOWER at term 0 for startAsFollower
2019-09-30 14:08:02,138 [pool-729-thread-1] INFO  impl.RoleInfo (RoleInfo.java:updateAndGet(143)) - ba168577-4ce1-4f3c-87a0-c15d6ea77440: start FollowerState
2019-09-30 14:08:02,141 [pool-729-thread-1] INFO  util.JmxRegister (JmxRegister.java:tryRegister(44)) - Successfully registered JMX Bean with object name Ratis:service=RaftServer,group=group-2D4037473D67,id=ba168577-4ce1-4f3c-87a0-c15d6ea77440
2019-09-30 14:08:02,142 [RatisPipelineUtilsThread] INFO  pipeline.PipelineStateManager (PipelineStateManager.java:addPipeline(56)) - Created pipeline Pipeline[ Id: 75cf17c1-cf02-4f01-ae53-2d4037473d67, Nodes: ba168577-4ce1-4f3c-87a0-c15d6ea77440{ip: 192.168.164.197, host: trunk-nightly-extra-20190930-74rp4-3411845215, networkLocation: /default-rack, certSerialId: null}, Type:RATIS, Factor:ONE, State:OPEN]
2019-09-30 14:08:02,156 [grpc-default-executor-1] INFO  impl.RaftServerProxy (RaftServerProxy.java:addNew(89)) - b353a957-53f2-450b-9f4d-a32e144b41ca: addNew group-83F3E6AAF26A:[b353a957-53f2-450b-9f4d-a32e144b41ca:192.168.164.197:36204] returns group-83F3E6AAF26A:java.util.concurrent.CompletableFuture@57a7b05[Not completed]
2019-09-30 14:08:02,157 [pool-739-thread-1] INFO  impl.RaftServerImpl (RaftServerImpl.java:<init>(95)) - b353a957-53f2-450b-9f4d-a32e144b41ca: new RaftServerImpl for group-83F3E6AAF26A:[b353a957-53f2-450b-9f4d-a32e144b41ca:192.168.164.197:36204] with ContainerStateMachine:uninitialized
2019-09-30 14:08:02,157 [pool-739-thread-1] INFO  server.RaftServerConfigKeys (ConfUtils.java:logGet(43)) - raft.server.rpc.timeout.min = 5s (custom)
2019-09-30 14:08:02,157 [pool-739-thread-1] INFO  server.RaftServerConfigKeys (ConfUtils.java:logGet(43)) - raft.server.rpc.timeout.max = 5200ms (custom)
2019-09-30 14:08:02,157 [pool-739-thread-1] INFO  server.RaftServerConfigKeys (ConfUtils.java:logGet(43)) - raft.server.rpcslowness.timeout = 120s (custom)
2019-09-30 14:08:02,157 [pool-739-thread-1] INFO  server.RaftServerConfigKeys (ConfUtils.java:logGet(43)) - raft.server.sleep.deviation.threshold = 300 (default)
2019-09-30 14:08:02,158 [pool-739-thread-1] INFO  server.RaftServerConfigKeys (ConfUtils.java:logGet(43)) - raft.server.log.appender.install.snapshot.enabled = false (custom)
2019-09-30 14:08:02,158 [pool-739-thread-1] INFO  impl.RaftServerImpl (ServerState.java:<init>(103)) - b353a957-53f2-450b-9f4d-a32e144b41ca@group-83F3E6AAF26A: ConfigurationManager, init=-1: [b353a957-53f2-450b-9f4d-a32e144b41ca:192.168.164.197:36204], old=null, confs=<EMPTY_MAP>
2019-09-30 14:08:02,158 [pool-739-thread-1] INFO  server.RaftServerConfigKeys (ConfUtils.java:logGet(43)) - raft.server.storage.dir = [/workdir/hadoop-ozone/integration-test/target/test-dir/MiniOzoneClusterImpl-94dfbac5-ba66-45b1-85eb-93ae9faac445/datanode-6/data/ratis] (custom)
2019-09-30 14:08:02,158 [pool-739-thread-1] INFO  storage.RaftStorageDirectory (RaftStorageDirectory.java:analyzeStorage(246)) - The storage directory /workdir/hadoop-ozone/integration-test/target/test-dir/MiniOzoneClusterImpl-94dfbac5-ba66-45b1-85eb-93ae9faac445/datanode-6/data/ratis/b7b41b4a-bbfd-4bf7-ac31-83f3e6aaf26a does not exist. Creating ...
2019-09-30 14:08:02,171 [pool-739-thread-1] INFO  storage.RaftStorageDirectory (RaftStorageDirectory.java:tryLock(328)) - Lock on /workdir/hadoop-ozone/integration-test/target/test-dir/MiniOzoneClusterImpl-94dfbac5-ba66-45b1-85eb-93ae9faac445/datanode-6/data/ratis/b7b41b4a-bbfd-4bf7-ac31-83f3e6aaf26a/in_use.lock acquired by nodename 10834@trunk-nightly-extra-20190930-74rp4-3411845215
2019-09-30 14:08:02,183 [pool-739-thread-1] INFO  storage.RaftStorage (RaftStorage.java:format(72)) - Storage directory /workdir/hadoop-ozone/integration-test/target/test-dir/MiniOzoneClusterImpl-94dfbac5-ba66-45b1-85eb-93ae9faac445/datanode-6/data/ratis/b7b41b4a-bbfd-4bf7-ac31-83f3e6aaf26a has been successfully formatted.
2019-09-30 14:08:02,184 [pool-739-thread-1] INFO  ratis.ContainerStateMachine (ContainerStateMachine.java:loadSnapshot(230)) - group-83F3E6AAF26A: The snapshot info is null. Setting the last applied indexto:(t:0, i:~)
2019-09-30 14:08:02,184 [pool-739-thread-1] INFO  server.RaftServerConfigKeys (ConfUtils.java:logGet(43)) - raft.server.notification.no-leader.timeout = 120s (custom)
2019-09-30 14:08:02,184 [pool-739-thread-1] INFO  server.RaftServerConfigKeys (ConfUtils.java:logGet(43)) - raft.server.log.use.memory = false (default)
2019-09-30 14:08:02,184 [pool-739-thread-1] INFO  server.RaftServerConfigKeys (ConfUtils.java:logGet(43)) - raft.server.log.purge.gap = 1000000 (custom)
2019-09-30 14:08:02,184 [pool-739-thread-1] INFO  server.RaftServerConfigKeys (ConfUtils.java:logGet(43)) - raft.server.log.appender.buffer.byte-limit = 33554432 (custom)
2019-09-30 14:08:02,185 [pool-739-thread-1] INFO  server.RaftServerConfigKeys (ConfUtils.java:logGet(43)) - raft.server.log.segment.size.max = 1048576 (custom)
2019-09-30 14:08:02,185 [pool-739-thread-1] INFO  server.RaftServerConfigKeys (ConfUtils.java:logGet(43)) - raft.server.log.segment.cache.num.max = 2 (custom)
2019-09-30 14:08:02,185 [pool-739-thread-1] INFO  segmented.SegmentedRaftLogWorker (SegmentedRaftLogWorker.java:<init>(172)) - new b353a957-53f2-450b-9f4d-a32e144b41ca@group-83F3E6AAF26A-SegmentedRaftLogWorker for RaftStorage:Storage Directory /workdir/hadoop-ozone/integration-test/target/test-dir/MiniOzoneClusterImpl-94dfbac5-ba66-45b1-85eb-93ae9faac445/datanode-6/data/ratis/b7b41b4a-bbfd-4bf7-ac31-83f3e6aaf26a
2019-09-30 14:08:02,187 [pool-739-thread-1] INFO  server.RaftServerConfigKeys (ConfUtils.java:logGet(43)) - raft.server.log.queue.byte-limit = 2147483647 (custom)
2019-09-30 14:08:02,187 [pool-739-thread-1] INFO  server.RaftServerConfigKeys (ConfUtils.java:logGet(43)) - raft.server.log.queue.element-limit = 1024 (custom)
2019-09-30 14:08:02,187 [pool-739-thread-1] INFO  server.RaftServerConfigKeys (ConfUtils.java:logGet(43)) - raft.server.log.segment.size.max = 1048576 (custom)
2019-09-30 14:08:02,187 [pool-739-thread-1] INFO  server.RaftServerConfigKeys (ConfUtils.java:logGet(43)) - raft.server.log.preallocated.size = 16384 (custom)
2019-09-30 14:08:02,187 [pool-739-thread-1] INFO  server.RaftServerConfigKeys (ConfUtils.java:logGet(43)) - raft.server.log.write.buffer.size = 33554432 (custom)
2019-09-30 14:08:02,187 [pool-739-thread-1] INFO  server.RaftServerConfigKeys (ConfUtils.java:logGet(43)) - raft.server.log.force.sync.num = 128 (default)
2019-09-30 14:08:02,188 [pool-739-thread-1] INFO  server.RaftServerConfigKeys (ConfUtils.java:logGet(43)) - raft.server.log.statemachine.data.sync = true (default)
2019-09-30 14:08:02,188 [pool-739-thread-1] INFO  server.RaftServerConfigKeys (ConfUtils.java:logGet(43)) - raft.server.log.statemachine.data.sync.timeout = 10s (default)
2019-09-30 14:08:02,188 [pool-739-thread-1] INFO  server.RaftServerConfigKeys (ConfUtils.java:logGet(43)) - raft.server.log.statemachine.data.sync.timeout.retry = -1 (default)
2019-09-30 14:08:02,188 [pool-739-thread-1] INFO  server.RaftServerConfigKeys (ConfUtils.java:logGet(43)) - raft.server.log.statemachine.data.caching.enabled = true (custom)
2019-09-30 14:08:02,188 [pool-739-thread-1] INFO  segmented.SegmentedRaftLogWorker (SegmentedRaftLogWorker.java:lambda$new$0(132)) - b353a957-53f2-450b-9f4d-a32e144b41ca@group-83F3E6AAF26A-SegmentedRaftLogWorker: flushIndex: setUnconditionally 0 -> -1
2019-09-30 14:08:02,189 [pool-739-thread-1] INFO  server.RaftServerConfigKeys (ConfUtils.java:logGet(43)) - raft.server.snapshot.auto.trigger.enabled = true (custom)
2019-09-30 14:08:02,189 [pool-739-thread-1] INFO  server.RaftServerConfigKeys (ConfUtils.java:logGet(43)) - raft.server.snapshot.auto.trigger.threshold = 10000 (custom)
2019-09-30 14:08:02,189 [pool-739-thread-1] INFO  server.RaftServerConfigKeys (ConfUtils.java:logGet(43)) - raft.server.snapshot.retention.num.files = 5 (custom)
2019-09-30 14:08:02,189 [pool-739-thread-1] INFO  server.RaftServerConfigKeys (ConfUtils.java:logGet(43)) - raft.server.retrycache.expirytime = 600000ms (custom)
2019-09-30 14:08:02,191 [pool-739-thread-1] INFO  impl.RaftServerImpl (RaftServerImpl.java:start(185)) - b353a957-53f2-450b-9f4d-a32e144b41ca@group-83F3E6AAF26A: start as a follower, conf=-1: [b353a957-53f2-450b-9f4d-a32e144b41ca:192.168.164.197:36204], old=null
2019-09-30 14:08:02,191 [pool-739-thread-1] INFO  impl.RaftServerImpl (RaftServerImpl.java:setRole(174)) - b353a957-53f2-450b-9f4d-a32e144b41ca@group-83F3E6AAF26A: changes role from      null to FOLLOWER at term 0 for startAsFollower
2019-09-30 14:08:02,191 [pool-739-thread-1] INFO  impl.RoleInfo (RoleInfo.java:updateAndGet(143)) - b353a957-53f2-450b-9f4d-a32e144b41ca: start FollowerState
2019-09-30 14:08:02,192 [pool-739-thread-1] INFO  util.JmxRegister (JmxRegister.java:tryRegister(44)) - Successfully registered JMX Bean with object name Ratis:service=RaftServer,group=group-83F3E6AAF26A,id=b353a957-53f2-450b-9f4d-a32e144b41ca
2019-09-30 14:08:02,193 [RatisPipelineUtilsThread] INFO  pipeline.PipelineStateManager (PipelineStateManager.java:addPipeline(56)) - Created pipeline Pipeline[ Id: b7b41b4a-bbfd-4bf7-ac31-83f3e6aaf26a, Nodes: b353a957-53f2-450b-9f4d-a32e144b41ca{ip: 192.168.164.197, host: trunk-nightly-extra-20190930-74rp4-3411845215, networkLocation: /default-rack, certSerialId: null}, Type:RATIS, Factor:ONE, State:OPEN]
2019-09-30 14:08:04,673 [Thread-4439] INFO  container.ReplicationManager (ReplicationManager.java:start(162)) - Starting Replication Monitor Thread.
2019-09-30 14:08:04,679 [ReplicationMonitor] INFO  container.ReplicationManager (ReplicationManager.java:run(225)) - Replication Monitor Thread took 0 milliseconds for processing 1 containers.
2019-09-30 14:08:06,789 [Thread-4444] INFO  impl.FollowerState (FollowerState.java:run(106)) - f09e19a0-73d9-4449-addf-7f6ac098e286:group-F4246F155252 changes to CANDIDATE, lastRpcTime:5025, electionTimeout:5025ms
2019-09-30 14:08:06,791 [Thread-4444] INFO  impl.RoleInfo (RoleInfo.java:shutdownFollowerState(121)) - f09e19a0-73d9-4449-addf-7f6ac098e286: shutdown FollowerState
2019-09-30 14:08:06,791 [Thread-4444] INFO  impl.RaftServerImpl (RaftServerImpl.java:setRole(174)) - f09e19a0-73d9-4449-addf-7f6ac098e286@group-F4246F155252: changes role from  FOLLOWER to CANDIDATE at term 0 for changeToCandidate
2019-09-30 14:08:06,791 [Thread-4444] INFO  impl.RoleInfo (RoleInfo.java:updateAndGet(143)) - f09e19a0-73d9-4449-addf-7f6ac098e286: start LeaderElection
2019-09-30 14:08:06,815 [f09e19a0-73d9-4449-addf-7f6ac098e286@group-F4246F155252:LeaderElection97] INFO  impl.LeaderElection (LeaderElection.java:askForVotes(182)) - f09e19a0-73d9-4449-addf-7f6ac098e286@group-F4246F155252:LeaderElection97: begin an election at term 1 for -1: [f09e19a0-73d9-4449-addf-7f6ac098e286:192.168.164.197:36786], old=null
2019-09-30 14:08:06,815 [f09e19a0-73d9-4449-addf-7f6ac098e286@group-F4246F155252:LeaderElection97] INFO  impl.RoleInfo (RoleInfo.java:shutdownLeaderElection(134)) - f09e19a0-73d9-4449-addf-7f6ac098e286: shutdown LeaderElection
2019-09-30 14:08:06,815 [f09e19a0-73d9-4449-addf-7f6ac098e286@group-F4246F155252:LeaderElection97] INFO  impl.RaftServerImpl (RaftServerImpl.java:setRole(174)) - f09e19a0-73d9-4449-addf-7f6ac098e286@group-F4246F155252: changes role from CANDIDATE to LEADER at term 1 for changeToLeader
2019-09-30 14:08:06,815 [f09e19a0-73d9-4449-addf-7f6ac098e286@group-F4246F155252:LeaderElection97] INFO  impl.RaftServerImpl (ServerState.java:setLeader(253)) - f09e19a0-73d9-4449-addf-7f6ac098e286@group-F4246F155252: change Leader from null to f09e19a0-73d9-4449-addf-7f6ac098e286 at term 1 for becomeLeader, leader elected after 5056ms
2019-09-30 14:08:06,816 [f09e19a0-73d9-4449-addf-7f6ac098e286@group-F4246F155252:LeaderElection97] INFO  server.RaftServerConfigKeys (ConfUtils.java:logGet(43)) - raft.server.staging.catchup.gap = 1000 (default)
2019-09-30 14:08:06,816 [f09e19a0-73d9-4449-addf-7f6ac098e286@group-F4246F155252:LeaderElection97] INFO  server.RaftServerConfigKeys (ConfUtils.java:logGet(43)) - raft.server.rpc.sleep.time = 25ms (default)
2019-09-30 14:08:06,816 [f09e19a0-73d9-4449-addf-7f6ac098e286@group-F4246F155252:LeaderElection97] INFO  server.RaftServerConfigKeys (ConfUtils.java:logGet(43)) - raft.server.write.element-limit = 4096 (default)
2019-09-30 14:08:06,816 [f09e19a0-73d9-4449-addf-7f6ac098e286@group-F4246F155252:LeaderElection97] INFO  server.RaftServerConfigKeys (ConfUtils.java:logGet(43)) - raft.server.watch.timeout = 10s (default)
2019-09-30 14:08:06,816 [Thread-4441] INFO  impl.FollowerState (FollowerState.java:run(106)) - cdcc480e-914b-425f-b4af-fa04f83470c1:group-DF98C50526E4 changes to CANDIDATE, lastRpcTime:5095, electionTimeout:5095ms
2019-09-30 14:08:06,816 [f09e19a0-73d9-4449-addf-7f6ac098e286@group-F4246F155252:LeaderElection97] INFO  server.RaftServerConfigKeys (ConfUtils.java:logGet(43)) - raft.server.watch.timeout.denomination = 1s (default)
2019-09-30 14:08:06,817 [Thread-4441] INFO  impl.RoleInfo (RoleInfo.java:shutdownFollowerState(121)) - cdcc480e-914b-425f-b4af-fa04f83470c1: shutdown FollowerState
2019-09-30 14:08:06,817 [f09e19a0-73d9-4449-addf-7f6ac098e286@group-F4246F155252:LeaderElection97] INFO  server.RaftServerConfigKeys (ConfUtils.java:logGet(43)) - raft.server.watch.element-limit = 65536 (default)
2019-09-30 14:08:06,817 [Thread-4441] INFO  impl.RaftServerImpl (RaftServerImpl.java:setRole(174)) - cdcc480e-914b-425f-b4af-fa04f83470c1@group-DF98C50526E4: changes role from  FOLLOWER to CANDIDATE at term 0 for changeToCandidate
2019-09-30 14:08:06,817 [Thread-4441] INFO  impl.RoleInfo (RoleInfo.java:updateAndGet(143)) - cdcc480e-914b-425f-b4af-fa04f83470c1: start LeaderElection
2019-09-30 14:08:06,829 [f09e19a0-73d9-4449-addf-7f6ac098e286@group-F4246F155252:LeaderElection97] INFO  impl.RoleInfo (RoleInfo.java:updateAndGet(143)) - f09e19a0-73d9-4449-addf-7f6ac098e286: start LeaderState
2019-09-30 14:08:06,830 [f09e19a0-73d9-4449-addf-7f6ac098e286@group-F4246F155252:LeaderElection97] INFO  segmented.SegmentedRaftLogWorker (SegmentedRaftLogWorker.java:startLogSegment(380)) - f09e19a0-73d9-4449-addf-7f6ac098e286@group-F4246F155252-SegmentedRaftLogWorker: Starting segment from index:0
2019-09-30 14:08:06,831 [f09e19a0-73d9-4449-addf-7f6ac098e286@group-F4246F155252:LeaderElection97] INFO  impl.RaftServerImpl (ServerState.java:setRaftConf(354)) - f09e19a0-73d9-4449-addf-7f6ac098e286@group-F4246F155252: set configuration 0: [f09e19a0-73d9-4449-addf-7f6ac098e286:192.168.164.197:36786], old=null at 0
2019-09-30 14:08:06,839 [cdcc480e-914b-425f-b4af-fa04f83470c1@group-DF98C50526E4:LeaderElection98] INFO  impl.LeaderElection (LeaderElection.java:askForVotes(182)) - cdcc480e-914b-425f-b4af-fa04f83470c1@group-DF98C50526E4:LeaderElection98: begin an election at term 1 for -1: [cdcc480e-914b-425f-b4af-fa04f83470c1:192.168.164.197:43266], old=null
2019-09-30 14:08:06,839 [cdcc480e-914b-425f-b4af-fa04f83470c1@group-DF98C50526E4:LeaderElection98] INFO  impl.RoleInfo (RoleInfo.java:shutdownLeaderElection(134)) - cdcc480e-914b-425f-b4af-fa04f83470c1: shutdown LeaderElection
2019-09-30 14:08:06,839 [cdcc480e-914b-425f-b4af-fa04f83470c1@group-DF98C50526E4:LeaderElection98] INFO  impl.RaftServerImpl (RaftServerImpl.java:setRole(174)) - cdcc480e-914b-425f-b4af-fa04f83470c1@group-DF98C50526E4: changes role from CANDIDATE to LEADER at term 1 for changeToLeader
2019-09-30 14:08:06,839 [cdcc480e-914b-425f-b4af-fa04f83470c1@group-DF98C50526E4:LeaderElection98] INFO  impl.RaftServerImpl (ServerState.java:setLeader(253)) - cdcc480e-914b-425f-b4af-fa04f83470c1@group-DF98C50526E4: change Leader from null to cdcc480e-914b-425f-b4af-fa04f83470c1 at term 1 for becomeLeader, leader elected after 5124ms
2019-09-30 14:08:06,840 [cdcc480e-914b-425f-b4af-fa04f83470c1@group-DF98C50526E4:LeaderElection98] INFO  server.RaftServerConfigKeys (ConfUtils.java:logGet(43)) - raft.server.staging.catchup.gap = 1000 (default)
2019-09-30 14:08:06,840 [cdcc480e-914b-425f-b4af-fa04f83470c1@group-DF98C50526E4:LeaderElection98] INFO  server.RaftServerConfigKeys (ConfUtils.java:logGet(43)) - raft.server.rpc.sleep.time = 25ms (default)
2019-09-30 14:08:06,840 [cdcc480e-914b-425f-b4af-fa04f83470c1@group-DF98C50526E4:LeaderElection98] INFO  server.RaftServerConfigKeys (ConfUtils.java:logGet(43)) - raft.server.write.element-limit = 4096 (default)
2019-09-30 14:08:06,840 [cdcc480e-914b-425f-b4af-fa04f83470c1@group-DF98C50526E4:LeaderElection98] INFO  server.RaftServerConfigKeys (ConfUtils.java:logGet(43)) - raft.server.watch.timeout = 10s (default)
2019-09-30 14:08:06,840 [cdcc480e-914b-425f-b4af-fa04f83470c1@group-DF98C50526E4:LeaderElection98] INFO  server.RaftServerConfigKeys (ConfUtils.java:logGet(43)) - raft.server.watch.timeout.denomination = 1s (default)
2019-09-30 14:08:06,840 [cdcc480e-914b-425f-b4af-fa04f83470c1@group-DF98C50526E4:LeaderElection98] INFO  server.RaftServerConfigKeys (ConfUtils.java:logGet(43)) - raft.server.watch.element-limit = 65536 (default)
2019-09-30 14:08:06,841 [cdcc480e-914b-425f-b4af-fa04f83470c1@group-DF98C50526E4:LeaderElection98] INFO  impl.RoleInfo (RoleInfo.java:updateAndGet(143)) - cdcc480e-914b-425f-b4af-fa04f83470c1: start LeaderState
2019-09-30 14:08:06,841 [cdcc480e-914b-425f-b4af-fa04f83470c1@group-DF98C50526E4:LeaderElection98] INFO  segmented.SegmentedRaftLogWorker (SegmentedRaftLogWorker.java:startLogSegment(380)) - cdcc480e-914b-425f-b4af-fa04f83470c1@group-DF98C50526E4-SegmentedRaftLogWorker: Starting segment from index:0
2019-09-30 14:08:06,842 [cdcc480e-914b-425f-b4af-fa04f83470c1@group-DF98C50526E4:LeaderElection98] INFO  impl.RaftServerImpl (ServerState.java:setRaftConf(354)) - cdcc480e-914b-425f-b4af-fa04f83470c1@group-DF98C50526E4: set configuration 0: [cdcc480e-914b-425f-b4af-fa04f83470c1:192.168.164.197:43266], old=null at 0
2019-09-30 14:08:06,856 [f09e19a0-73d9-4449-addf-7f6ac098e286@group-F4246F155252-SegmentedRaftLogWorker] INFO  segmented.SegmentedRaftLogWorker (SegmentedRaftLogWorker.java:execute(569)) - f09e19a0-73d9-4449-addf-7f6ac098e286@group-F4246F155252-SegmentedRaftLogWorker: created new log segment /workdir/hadoop-ozone/integration-test/target/test-dir/MiniOzoneClusterImpl-94dfbac5-ba66-45b1-85eb-93ae9faac445/datanode-1/data/ratis/1d0230dd-aa73-4a2a-8fdc-f4246f155252/current/log_inprogress_0
2019-09-30 14:08:06,858 [cdcc480e-914b-425f-b4af-fa04f83470c1@group-DF98C50526E4-SegmentedRaftLogWorker] INFO  segmented.SegmentedRaftLogWorker (SegmentedRaftLogWorker.java:execute(569)) - cdcc480e-914b-425f-b4af-fa04f83470c1@group-DF98C50526E4-SegmentedRaftLogWorker: created new log segment /workdir/hadoop-ozone/integration-test/target/test-dir/MiniOzoneClusterImpl-94dfbac5-ba66-45b1-85eb-93ae9faac445/datanode-0/data/ratis/a77ee956-d66a-47f5-8339-df98c50526e4/current/log_inprogress_0
2019-09-30 14:08:06,898 [Thread-4451] INFO  impl.FollowerState (FollowerState.java:run(106)) - cdcc480e-914b-425f-b4af-fa04f83470c1:group-78C8E060C04D changes to CANDIDATE, lastRpcTime:5029, electionTimeout:5029ms
2019-09-30 14:08:06,898 [Thread-4451] INFO  impl.RoleInfo (RoleInfo.java:shutdownFollowerState(121)) - cdcc480e-914b-425f-b4af-fa04f83470c1: shutdown FollowerState
2019-09-30 14:08:06,898 [Thread-4451] INFO  impl.RaftServerImpl (RaftServerImpl.java:setRole(174)) - cdcc480e-914b-425f-b4af-fa04f83470c1@group-78C8E060C04D: changes role from  FOLLOWER to CANDIDATE at term 0 for changeToCandidate
2019-09-30 14:08:06,898 [Thread-4451] INFO  impl.RoleInfo (RoleInfo.java:updateAndGet(143)) - cdcc480e-914b-425f-b4af-fa04f83470c1: start LeaderElection
2019-09-30 14:08:06,920 [cdcc480e-914b-425f-b4af-fa04f83470c1@group-78C8E060C04D:LeaderElection99] INFO  impl.LeaderElection (LeaderElection.java:askForVotes(182)) - cdcc480e-914b-425f-b4af-fa04f83470c1@group-78C8E060C04D:LeaderElection99: begin an election at term 1 for -1: [1f70c5e8-35ba-4faa-96c7-fcea44d2543c:192.168.164.197:43696, f09e19a0-73d9-4449-addf-7f6ac098e286:192.168.164.197:36786, cdcc480e-914b-425f-b4af-fa04f83470c1:192.168.164.197:43266], old=null
2019-09-30 14:08:06,926 [grpc-default-executor-12] INFO  impl.RaftServerImpl (RaftServerImpl.java:setRole(174)) - 1f70c5e8-35ba-4faa-96c7-fcea44d2543c@group-78C8E060C04D: changes role from  FOLLOWER to FOLLOWER at term 1 for recognizeCandidate:cdcc480e-914b-425f-b4af-fa04f83470c1
2019-09-30 14:08:06,926 [grpc-default-executor-1] INFO  impl.RaftServerImpl (RaftServerImpl.java:setRole(174)) - f09e19a0-73d9-4449-addf-7f6ac098e286@group-78C8E060C04D: changes role from  FOLLOWER to FOLLOWER at term 1 for recognizeCandidate:cdcc480e-914b-425f-b4af-fa04f83470c1
2019-09-30 14:08:06,926 [grpc-default-executor-12] INFO  impl.RoleInfo (RoleInfo.java:shutdownFollowerState(121)) - 1f70c5e8-35ba-4faa-96c7-fcea44d2543c: shutdown FollowerState
2019-09-30 14:08:06,926 [grpc-default-executor-1] INFO  impl.RoleInfo (RoleInfo.java:shutdownFollowerState(121)) - f09e19a0-73d9-4449-addf-7f6ac098e286: shutdown FollowerState
2019-09-30 14:08:06,926 [grpc-default-executor-12] INFO  impl.RoleInfo (RoleInfo.java:updateAndGet(143)) - 1f70c5e8-35ba-4faa-96c7-fcea44d2543c: start FollowerState
2019-09-30 14:08:06,926 [Thread-4454] INFO  impl.FollowerState (FollowerState.java:run(115)) - 1f70c5e8-35ba-4faa-96c7-fcea44d2543c: FollowerState was interrupted: java.lang.InterruptedException: sleep interrupted
2019-09-30 14:08:06,926 [grpc-default-executor-1] INFO  impl.RoleInfo (RoleInfo.java:updateAndGet(143)) - f09e19a0-73d9-4449-addf-7f6ac098e286: start FollowerState
2019-09-30 14:08:06,927 [Thread-4456] INFO  impl.FollowerState (FollowerState.java:run(115)) - f09e19a0-73d9-4449-addf-7f6ac098e286: FollowerState was interrupted: java.lang.InterruptedException: sleep interrupted
2019-09-30 14:08:06,934 [Thread-4447] INFO  impl.FollowerState (FollowerState.java:run(106)) - 1f70c5e8-35ba-4faa-96c7-fcea44d2543c:group-47BB2E6EAE31 changes to CANDIDATE, lastRpcTime:5117, electionTimeout:5117ms
2019-09-30 14:08:06,934 [Thread-4447] INFO  impl.RoleInfo (RoleInfo.java:shutdownFollowerState(121)) - 1f70c5e8-35ba-4faa-96c7-fcea44d2543c: shutdown FollowerState
2019-09-30 14:08:06,934 [Thread-4447] INFO  impl.RaftServerImpl (RaftServerImpl.java:setRole(174)) - 1f70c5e8-35ba-4faa-96c7-fcea44d2543c@group-47BB2E6EAE31: changes role from  FOLLOWER to CANDIDATE at term 0 for changeToCandidate
2019-09-30 14:08:06,934 [Thread-4447] INFO  impl.RoleInfo (RoleInfo.java:updateAndGet(143)) - 1f70c5e8-35ba-4faa-96c7-fcea44d2543c: start LeaderElection
2019-09-30 14:08:06,946 [1f70c5e8-35ba-4faa-96c7-fcea44d2543c@group-47BB2E6EAE31:LeaderElection100] INFO  impl.LeaderElection (LeaderElection.java:askForVotes(182)) - 1f70c5e8-35ba-4faa-96c7-fcea44d2543c@group-47BB2E6EAE31:LeaderElection100: begin an election at term 1 for -1: [1f70c5e8-35ba-4faa-96c7-fcea44d2543c:192.168.164.197:43696], old=null
2019-09-30 14:08:06,946 [1f70c5e8-35ba-4faa-96c7-fcea44d2543c@group-47BB2E6EAE31:LeaderElection100] INFO  impl.RoleInfo (RoleInfo.java:shutdownLeaderElection(134)) - 1f70c5e8-35ba-4faa-96c7-fcea44d2543c: shutdown LeaderElection
2019-09-30 14:08:06,946 [1f70c5e8-35ba-4faa-96c7-fcea44d2543c@group-47BB2E6EAE31:LeaderElection100] INFO  impl.RaftServerImpl (RaftServerImpl.java:setRole(174)) - 1f70c5e8-35ba-4faa-96c7-fcea44d2543c@group-47BB2E6EAE31: changes role from CANDIDATE to LEADER at term 1 for changeToLeader
2019-09-30 14:08:06,946 [1f70c5e8-35ba-4faa-96c7-fcea44d2543c@group-47BB2E6EAE31:LeaderElection100] INFO  impl.RaftServerImpl (ServerState.java:setLeader(253)) - 1f70c5e8-35ba-4faa-96c7-fcea44d2543c@group-47BB2E6EAE31: change Leader from null to 1f70c5e8-35ba-4faa-96c7-fcea44d2543c at term 1 for becomeLeader, leader elected after 5135ms
2019-09-30 14:08:06,946 [1f70c5e8-35ba-4faa-96c7-fcea44d2543c@group-47BB2E6EAE31:LeaderElection100] INFO  server.RaftServerConfigKeys (ConfUtils.java:logGet(43)) - raft.server.staging.catchup.gap = 1000 (default)
2019-09-30 14:08:06,946 [1f70c5e8-35ba-4faa-96c7-fcea44d2543c@group-47BB2E6EAE31:LeaderElection100] INFO  server.RaftServerConfigKeys (ConfUtils.java:logGet(43)) - raft.server.rpc.sleep.time = 25ms (default)
2019-09-30 14:08:06,946 [1f70c5e8-35ba-4faa-96c7-fcea44d2543c@group-47BB2E6EAE31:LeaderElection100] INFO  server.RaftServerConfigKeys (ConfUtils.java:logGet(43)) - raft.server.write.element-limit = 4096 (default)
2019-09-30 14:08:06,947 [1f70c5e8-35ba-4faa-96c7-fcea44d2543c@group-47BB2E6EAE31:LeaderElection100] INFO  server.RaftServerConfigKeys (ConfUtils.java:logGet(43)) - raft.server.watch.timeout = 10s (default)
2019-09-30 14:08:06,947 [1f70c5e8-35ba-4faa-96c7-fcea44d2543c@group-47BB2E6EAE31:LeaderElection100] INFO  server.RaftServerConfigKeys (ConfUtils.java:logGet(43)) - raft.server.watch.timeout.denomination = 1s (default)
2019-09-30 14:08:06,947 [cdcc480e-914b-425f-b4af-fa04f83470c1@group-78C8E060C04D:LeaderElection99] INFO  impl.LeaderElection (LeaderElection.java:logAndReturn(56)) - cdcc480e-914b-425f-b4af-fa04f83470c1@group-78C8E060C04D:LeaderElection99: Election PASSED; received 1 response(s) [cdcc480e-914b-425f-b4af-fa04f83470c1<-f09e19a0-73d9-4449-addf-7f6ac098e286#0:OK-t1] and 0 exception(s); cdcc480e-914b-425f-b4af-fa04f83470c1@group-78C8E060C04D:t1, leader=null, voted=cdcc480e-914b-425f-b4af-fa04f83470c1, raftlog=cdcc480e-914b-425f-b4af-fa04f83470c1@group-78C8E060C04D-SegmentedRaftLog:OPENED:c-1,f-1,i0, conf=-1: [1f70c5e8-35ba-4faa-96c7-fcea44d2543c:192.168.164.197:43696, f09e19a0-73d9-4449-addf-7f6ac098e286:192.168.164.197:36786, cdcc480e-914b-425f-b4af-fa04f83470c1:192.168.164.197:43266], old=null
2019-09-30 14:08:06,947 [1f70c5e8-35ba-4faa-96c7-fcea44d2543c@group-47BB2E6EAE31:LeaderElection100] INFO  server.RaftServerConfigKeys (ConfUtils.java:logGet(43)) - raft.server.watch.element-limit = 65536 (default)
2019-09-30 14:08:06,947 [cdcc480e-914b-425f-b4af-fa04f83470c1@group-78C8E060C04D:LeaderElection99] INFO  impl.RoleInfo (RoleInfo.java:shutdownLeaderElection(134)) - cdcc480e-914b-425f-b4af-fa04f83470c1: shutdown LeaderElection
2019-09-30 14:08:06,950 [cdcc480e-914b-425f-b4af-fa04f83470c1@group-78C8E060C04D:LeaderElection99] INFO  impl.RaftServerImpl (RaftServerImpl.java:setRole(174)) - cdcc480e-914b-425f-b4af-fa04f83470c1@group-78C8E060C04D: changes role from CANDIDATE to LEADER at term 1 for changeToLeader
2019-09-30 14:08:06,950 [cdcc480e-914b-425f-b4af-fa04f83470c1@group-78C8E060C04D:LeaderElection99] INFO  impl.RaftServerImpl (ServerState.java:setLeader(253)) - cdcc480e-914b-425f-b4af-fa04f83470c1@group-78C8E060C04D: change Leader from null to cdcc480e-914b-425f-b4af-fa04f83470c1 at term 1 for becomeLeader, leader elected after 5087ms
2019-09-30 14:08:06,950 [cdcc480e-914b-425f-b4af-fa04f83470c1@group-78C8E060C04D:LeaderElection99] INFO  server.RaftServerConfigKeys (ConfUtils.java:logGet(43)) - raft.server.staging.catchup.gap = 1000 (default)
2019-09-30 14:08:06,950 [cdcc480e-914b-425f-b4af-fa04f83470c1@group-78C8E060C04D:LeaderElection99] INFO  server.RaftServerConfigKeys (ConfUtils.java:logGet(43)) - raft.server.rpc.sleep.time = 25ms (default)
2019-09-30 14:08:06,950 [cdcc480e-914b-425f-b4af-fa04f83470c1@group-78C8E060C04D:LeaderElection99] INFO  server.RaftServerConfigKeys (ConfUtils.java:logGet(43)) - raft.server.write.element-limit = 4096 (default)
2019-09-30 14:08:06,950 [cdcc480e-914b-425f-b4af-fa04f83470c1@group-78C8E060C04D:LeaderElection99] INFO  server.RaftServerConfigKeys (ConfUtils.java:logGet(43)) - raft.server.watch.timeout = 10s (default)
2019-09-30 14:08:06,950 [cdcc480e-914b-425f-b4af-fa04f83470c1@group-78C8E060C04D:LeaderElection99] INFO  server.RaftServerConfigKeys (ConfUtils.java:logGet(43)) - raft.server.watch.timeout.denomination = 1s (default)
2019-09-30 14:08:06,951 [cdcc480e-914b-425f-b4af-fa04f83470c1@group-78C8E060C04D:LeaderElection99] INFO  server.RaftServerConfigKeys (ConfUtils.java:logGet(43)) - raft.server.watch.element-limit = 65536 (default)
2019-09-30 14:08:06,953 [1f70c5e8-35ba-4faa-96c7-fcea44d2543c@group-47BB2E6EAE31:LeaderElection100] INFO  impl.RoleInfo (RoleInfo.java:updateAndGet(143)) - 1f70c5e8-35ba-4faa-96c7-fcea44d2543c: start LeaderState
2019-09-30 14:08:06,953 [cdcc480e-914b-425f-b4af-fa04f83470c1@group-78C8E060C04D:LeaderElection99] INFO  server.RaftServerConfigKeys (ConfUtils.java:logGet(43)) - raft.server.log.appender.snapshot.chunk.size.max = 16MB (=16777216) (default)
2019-09-30 14:08:06,953 [1f70c5e8-35ba-4faa-96c7-fcea44d2543c@group-47BB2E6EAE31:LeaderElection100] INFO  segmented.SegmentedRaftLogWorker (SegmentedRaftLogWorker.java:startLogSegment(380)) - 1f70c5e8-35ba-4faa-96c7-fcea44d2543c@group-47BB2E6EAE31-SegmentedRaftLogWorker: Starting segment from index:0
2019-09-30 14:08:06,953 [cdcc480e-914b-425f-b4af-fa04f83470c1@group-78C8E060C04D:LeaderElection99] INFO  server.RaftServerConfigKeys (ConfUtils.java:logGet(43)) - raft.server.log.appender.buffer.byte-limit = 33554432 (custom)
2019-09-30 14:08:06,953 [cdcc480e-914b-425f-b4af-fa04f83470c1@group-78C8E060C04D:LeaderElection99] INFO  server.RaftServerConfigKeys (ConfUtils.java:logGet(43)) - raft.server.log.appender.buffer.element-limit = 1 (custom)
2019-09-30 14:08:06,954 [1f70c5e8-35ba-4faa-96c7-fcea44d2543c@group-47BB2E6EAE31:LeaderElection100] INFO  impl.RaftServerImpl (ServerState.java:setRaftConf(354)) - 1f70c5e8-35ba-4faa-96c7-fcea44d2543c@group-47BB2E6EAE31: set configuration 0: [1f70c5e8-35ba-4faa-96c7-fcea44d2543c:192.168.164.197:43696], old=null at 0
2019-09-30 14:08:06,954 [cdcc480e-914b-425f-b4af-fa04f83470c1@group-78C8E060C04D:LeaderElection99] INFO  grpc.GrpcConfigKeys$Server (ConfUtils.java:logGet(43)) - raft.grpc.server.leader.outstanding.appends.max = 128 (default)
2019-09-30 14:08:06,954 [cdcc480e-914b-425f-b4af-fa04f83470c1@group-78C8E060C04D:LeaderElection99] INFO  server.RaftServerConfigKeys (ConfUtils.java:logGet(43)) - raft.server.rpc.request.timeout = 3000ms (default)
2019-09-30 14:08:06,954 [cdcc480e-914b-425f-b4af-fa04f83470c1@group-78C8E060C04D:LeaderElection99] INFO  server.RaftServerConfigKeys (ConfUtils.java:logGet(43)) - raft.server.log.appender.install.snapshot.enabled = false (custom)
2019-09-30 14:08:06,954 [cdcc480e-914b-425f-b4af-fa04f83470c1@group-78C8E060C04D:LeaderElection99] INFO  server.RaftServerConfigKeys (ConfUtils.java:logGet(43)) - raft.server.log.appender.snapshot.chunk.size.max = 16MB (=16777216) (default)
2019-09-30 14:08:06,954 [cdcc480e-914b-425f-b4af-fa04f83470c1@group-78C8E060C04D:LeaderElection99] INFO  server.RaftServerConfigKeys (ConfUtils.java:logGet(43)) - raft.server.log.appender.buffer.byte-limit = 33554432 (custom)
2019-09-30 14:08:06,954 [cdcc480e-914b-425f-b4af-fa04f83470c1@group-78C8E060C04D:LeaderElection99] INFO  server.RaftServerConfigKeys (ConfUtils.java:logGet(43)) - raft.server.log.appender.buffer.element-limit = 1 (custom)
2019-09-30 14:08:06,954 [cdcc480e-914b-425f-b4af-fa04f83470c1@group-78C8E060C04D:LeaderElection99] INFO  grpc.GrpcConfigKeys$Server (ConfUtils.java:logGet(43)) - raft.grpc.server.leader.outstanding.appends.max = 128 (default)
2019-09-30 14:08:06,955 [cdcc480e-914b-425f-b4af-fa04f83470c1@group-78C8E060C04D:LeaderElection99] INFO  server.RaftServerConfigKeys (ConfUtils.java:logGet(43)) - raft.server.rpc.request.timeout = 3000ms (default)
2019-09-30 14:08:06,955 [cdcc480e-914b-425f-b4af-fa04f83470c1@group-78C8E060C04D:LeaderElection99] INFO  server.RaftServerConfigKeys (ConfUtils.java:logGet(43)) - raft.server.log.appender.install.snapshot.enabled = false (custom)
2019-09-30 14:08:06,955 [cdcc480e-914b-425f-b4af-fa04f83470c1@group-78C8E060C04D:LeaderElection99] INFO  impl.RoleInfo (RoleInfo.java:updateAndGet(143)) - cdcc480e-914b-425f-b4af-fa04f83470c1: start LeaderState
2019-09-30 14:08:06,955 [cdcc480e-914b-425f-b4af-fa04f83470c1@group-78C8E060C04D:LeaderElection99] INFO  segmented.SegmentedRaftLogWorker (SegmentedRaftLogWorker.java:startLogSegment(380)) - cdcc480e-914b-425f-b4af-fa04f83470c1@group-78C8E060C04D-SegmentedRaftLogWorker: Starting segment from index:0
2019-09-30 14:08:06,956 [cdcc480e-914b-425f-b4af-fa04f83470c1@group-78C8E060C04D:LeaderElection99] INFO  impl.RaftServerImpl (ServerState.java:setRaftConf(354)) - cdcc480e-914b-425f-b4af-fa04f83470c1@group-78C8E060C04D: set configuration 0: [1f70c5e8-35ba-4faa-96c7-fcea44d2543c:192.168.164.197:43696, f09e19a0-73d9-4449-addf-7f6ac098e286:192.168.164.197:36786, cdcc480e-914b-425f-b4af-fa04f83470c1:192.168.164.197:43266], old=null at 0
2019-09-30 14:08:06,973 [grpc-default-executor-12] INFO  impl.RaftServerImpl (ServerState.java:setLeader(253)) - f09e19a0-73d9-4449-addf-7f6ac098e286@group-78C8E060C04D: change Leader from null to cdcc480e-914b-425f-b4af-fa04f83470c1 at term 1 for appendEntries, leader elected after 5110ms
2019-09-30 14:08:06,973 [grpc-default-executor-1] INFO  impl.RaftServerImpl (ServerState.java:setLeader(253)) - 1f70c5e8-35ba-4faa-96c7-fcea44d2543c@group-78C8E060C04D: change Leader from null to cdcc480e-914b-425f-b4af-fa04f83470c1 at term 1 for appendEntries, leader elected after 5111ms
2019-09-30 14:08:06,975 [grpc-default-executor-1] INFO  impl.RaftServerImpl (ServerState.java:setRaftConf(354)) - 1f70c5e8-35ba-4faa-96c7-fcea44d2543c@group-78C8E060C04D: set configuration 0: [1f70c5e8-35ba-4faa-96c7-fcea44d2543c:192.168.164.197:43696, f09e19a0-73d9-4449-addf-7f6ac098e286:192.168.164.197:36786, cdcc480e-914b-425f-b4af-fa04f83470c1:192.168.164.197:43266], old=null at 0
2019-09-30 14:08:06,975 [grpc-default-executor-12] INFO  impl.RaftServerImpl (ServerState.java:setRaftConf(354)) - f09e19a0-73d9-4449-addf-7f6ac098e286@group-78C8E060C04D: set configuration 0: [1f70c5e8-35ba-4faa-96c7-fcea44d2543c:192.168.164.197:43696, f09e19a0-73d9-4449-addf-7f6ac098e286:192.168.164.197:36786, cdcc480e-914b-425f-b4af-fa04f83470c1:192.168.164.197:43266], old=null at 0
2019-09-30 14:08:06,975 [grpc-default-executor-1] INFO  segmented.SegmentedRaftLogWorker (SegmentedRaftLogWorker.java:startLogSegment(380)) - 1f70c5e8-35ba-4faa-96c7-fcea44d2543c@group-78C8E060C04D-SegmentedRaftLogWorker: Starting segment from index:0
2019-09-30 14:08:06,975 [grpc-default-executor-12] INFO  segmented.SegmentedRaftLogWorker (SegmentedRaftLogWorker.java:startLogSegment(380)) - f09e19a0-73d9-4449-addf-7f6ac098e286@group-78C8E060C04D-SegmentedRaftLogWorker: Starting segment from index:0
2019-09-30 14:08:06,983 [cdcc480e-914b-425f-b4af-fa04f83470c1@group-78C8E060C04D-SegmentedRaftLogWorker] INFO  segmented.SegmentedRaftLogWorker (SegmentedRaftLogWorker.java:execute(569)) - cdcc480e-914b-425f-b4af-fa04f83470c1@group-78C8E060C04D-SegmentedRaftLogWorker: created new log segment /workdir/hadoop-ozone/integration-test/target/test-dir/MiniOzoneClusterImpl-94dfbac5-ba66-45b1-85eb-93ae9faac445/datanode-0/data/ratis/7ecf0d1a-d820-4f57-a5b6-78c8e060c04d/current/log_inprogress_0
2019-09-30 14:08:06,983 [1f70c5e8-35ba-4faa-96c7-fcea44d2543c@group-47BB2E6EAE31-SegmentedRaftLogWorker] INFO  segmented.SegmentedRaftLogWorker (SegmentedRaftLogWorker.java:execute(569)) - 1f70c5e8-35ba-4faa-96c7-fcea44d2543c@group-47BB2E6EAE31-SegmentedRaftLogWorker: created new log segment /workdir/hadoop-ozone/integration-test/target/test-dir/MiniOzoneClusterImpl-94dfbac5-ba66-45b1-85eb-93ae9faac445/datanode-2/data/ratis/c0beee11-2a12-47e9-9d8e-47bb2e6eae31/current/log_inprogress_0
2019-09-30 14:08:06,996 [f09e19a0-73d9-4449-addf-7f6ac098e286@group-78C8E060C04D-SegmentedRaftLogWorker] INFO  segmented.SegmentedRaftLogWorker (SegmentedRaftLogWorker.java:execute(569)) - f09e19a0-73d9-4449-addf-7f6ac098e286@group-78C8E060C04D-SegmentedRaftLogWorker: created new log segment /workdir/hadoop-ozone/integration-test/target/test-dir/MiniOzoneClusterImpl-94dfbac5-ba66-45b1-85eb-93ae9faac445/datanode-1/data/ratis/7ecf0d1a-d820-4f57-a5b6-78c8e060c04d/current/log_inprogress_0
2019-09-30 14:08:06,996 [1f70c5e8-35ba-4faa-96c7-fcea44d2543c@group-78C8E060C04D-SegmentedRaftLogWorker] INFO  segmented.SegmentedRaftLogWorker (SegmentedRaftLogWorker.java:execute(569)) - 1f70c5e8-35ba-4faa-96c7-fcea44d2543c@group-78C8E060C04D-SegmentedRaftLogWorker: created new log segment /workdir/hadoop-ozone/integration-test/target/test-dir/MiniOzoneClusterImpl-94dfbac5-ba66-45b1-85eb-93ae9faac445/datanode-2/data/ratis/7ecf0d1a-d820-4f57-a5b6-78c8e060c04d/current/log_inprogress_0
2019-09-30 14:08:07,021 [Thread-4459] INFO  impl.FollowerState (FollowerState.java:run(106)) - 175b4be1-c2c3-4a6b-807b-0e77021a765c:group-9879BD963031 changes to CANDIDATE, lastRpcTime:5088, electionTimeout:5088ms
2019-09-30 14:08:07,021 [Thread-4459] INFO  impl.RoleInfo (RoleInfo.java:shutdownFollowerState(121)) - 175b4be1-c2c3-4a6b-807b-0e77021a765c: shutdown FollowerState
2019-09-30 14:08:07,021 [Thread-4459] INFO  impl.RaftServerImpl (RaftServerImpl.java:setRole(174)) - 175b4be1-c2c3-4a6b-807b-0e77021a765c@group-9879BD963031: changes role from  FOLLOWER to CANDIDATE at term 0 for changeToCandidate
2019-09-30 14:08:07,022 [Thread-4459] INFO  impl.RoleInfo (RoleInfo.java:updateAndGet(143)) - 175b4be1-c2c3-4a6b-807b-0e77021a765c: start LeaderElection
2019-09-30 14:08:07,044 [175b4be1-c2c3-4a6b-807b-0e77021a765c@group-9879BD963031:LeaderElection101] INFO  impl.LeaderElection (LeaderElection.java:askForVotes(182)) - 175b4be1-c2c3-4a6b-807b-0e77021a765c@group-9879BD963031:LeaderElection101: begin an election at term 1 for -1: [175b4be1-c2c3-4a6b-807b-0e77021a765c:192.168.164.197:43926], old=null
2019-09-30 14:08:07,044 [175b4be1-c2c3-4a6b-807b-0e77021a765c@group-9879BD963031:LeaderElection101] INFO  impl.RoleInfo (RoleInfo.java:shutdownLeaderElection(134)) - 175b4be1-c2c3-4a6b-807b-0e77021a765c: shutdown LeaderElection
2019-09-30 14:08:07,044 [175b4be1-c2c3-4a6b-807b-0e77021a765c@group-9879BD963031:LeaderElection101] INFO  impl.RaftServerImpl (RaftServerImpl.java:setRole(174)) - 175b4be1-c2c3-4a6b-807b-0e77021a765c@group-9879BD963031: changes role from CANDIDATE to LEADER at term 1 for changeToLeader
2019-09-30 14:08:07,045 [175b4be1-c2c3-4a6b-807b-0e77021a765c@group-9879BD963031:LeaderElection101] INFO  impl.RaftServerImpl (ServerState.java:setLeader(253)) - 175b4be1-c2c3-4a6b-807b-0e77021a765c@group-9879BD963031: change Leader from null to 175b4be1-c2c3-4a6b-807b-0e77021a765c at term 1 for becomeLeader, leader elected after 5116ms
2019-09-30 14:08:07,045 [175b4be1-c2c3-4a6b-807b-0e77021a765c@group-9879BD963031:LeaderElection101] INFO  server.RaftServerConfigKeys (ConfUtils.java:logGet(43)) - raft.server.staging.catchup.gap = 1000 (default)
2019-09-30 14:08:07,045 [175b4be1-c2c3-4a6b-807b-0e77021a765c@group-9879BD963031:LeaderElection101] INFO  server.RaftServerConfigKeys (ConfUtils.java:logGet(43)) - raft.server.rpc.sleep.time = 25ms (default)
2019-09-30 14:08:07,045 [175b4be1-c2c3-4a6b-807b-0e77021a765c@group-9879BD963031:LeaderElection101] INFO  server.RaftServerConfigKeys (ConfUtils.java:logGet(43)) - raft.server.write.element-limit = 4096 (default)
2019-09-30 14:08:07,045 [175b4be1-c2c3-4a6b-807b-0e77021a765c@group-9879BD963031:LeaderElection101] INFO  server.RaftServerConfigKeys (ConfUtils.java:logGet(43)) - raft.server.watch.timeout = 10s (default)
2019-09-30 14:08:07,046 [175b4be1-c2c3-4a6b-807b-0e77021a765c@group-9879BD963031:LeaderElection101] INFO  server.RaftServerConfigKeys (ConfUtils.java:logGet(43)) - raft.server.watch.timeout.denomination = 1s (default)
2019-09-30 14:08:07,046 [175b4be1-c2c3-4a6b-807b-0e77021a765c@group-9879BD963031:LeaderElection101] INFO  server.RaftServerConfigKeys (ConfUtils.java:logGet(43)) - raft.server.watch.element-limit = 65536 (default)
2019-09-30 14:08:07,047 [175b4be1-c2c3-4a6b-807b-0e77021a765c@group-9879BD963031:LeaderElection101] INFO  impl.RoleInfo (RoleInfo.java:updateAndGet(143)) - 175b4be1-c2c3-4a6b-807b-0e77021a765c: start LeaderState
2019-09-30 14:08:07,048 [175b4be1-c2c3-4a6b-807b-0e77021a765c@group-9879BD963031:LeaderElection101] INFO  segmented.SegmentedRaftLogWorker (SegmentedRaftLogWorker.java:startLogSegment(380)) - 175b4be1-c2c3-4a6b-807b-0e77021a765c@group-9879BD963031-SegmentedRaftLogWorker: Starting segment from index:0
2019-09-30 14:08:07,049 [175b4be1-c2c3-4a6b-807b-0e77021a765c@group-9879BD963031:LeaderElection101] INFO  impl.RaftServerImpl (ServerState.java:setRaftConf(354)) - 175b4be1-c2c3-4a6b-807b-0e77021a765c@group-9879BD963031: set configuration 0: [175b4be1-c2c3-4a6b-807b-0e77021a765c:192.168.164.197:43926], old=null at 0
2019-09-30 14:08:07,073 [175b4be1-c2c3-4a6b-807b-0e77021a765c@group-9879BD963031-SegmentedRaftLogWorker] INFO  segmented.SegmentedRaftLogWorker (SegmentedRaftLogWorker.java:execute(569)) - 175b4be1-c2c3-4a6b-807b-0e77021a765c@group-9879BD963031-SegmentedRaftLogWorker: created new log segment /workdir/hadoop-ozone/integration-test/target/test-dir/MiniOzoneClusterImpl-94dfbac5-ba66-45b1-85eb-93ae9faac445/datanode-4/data/ratis/c74223a3-5ff9-495b-a3c9-9879bd963031/current/log_inprogress_0
2019-09-30 14:08:07,088 [Thread-4462] INFO  impl.FollowerState (FollowerState.java:run(106)) - b2bcdf43-b1cf-4fcd-9749-198db9829d65:group-DD94CB526081 changes to CANDIDATE, lastRpcTime:5130, electionTimeout:5130ms
2019-09-30 14:08:07,088 [Thread-4462] INFO  impl.RoleInfo (RoleInfo.java:shutdownFollowerState(121)) - b2bcdf43-b1cf-4fcd-9749-198db9829d65: shutdown FollowerState
2019-09-30 14:08:07,088 [Thread-4462] INFO  impl.RaftServerImpl (RaftServerImpl.java:setRole(174)) - b2bcdf43-b1cf-4fcd-9749-198db9829d65@group-DD94CB526081: changes role from  FOLLOWER to CANDIDATE at term 0 for changeToCandidate
2019-09-30 14:08:07,088 [Thread-4462] INFO  impl.RoleInfo (RoleInfo.java:updateAndGet(143)) - b2bcdf43-b1cf-4fcd-9749-198db9829d65: start LeaderElection
2019-09-30 14:08:07,092 [Thread-4469] INFO  impl.FollowerState (FollowerState.java:run(106)) - 175b4be1-c2c3-4a6b-807b-0e77021a765c:group-B58A3CB527FD changes to CANDIDATE, lastRpcTime:5076, electionTimeout:5075ms
2019-09-30 14:08:07,098 [Thread-4469] INFO  impl.RoleInfo (RoleInfo.java:shutdownFollowerState(121)) - 175b4be1-c2c3-4a6b-807b-0e77021a765c: shutdown FollowerState
2019-09-30 14:08:07,099 [Thread-4469] INFO  impl.RaftServerImpl (RaftServerImpl.java:setRole(174)) - 175b4be1-c2c3-4a6b-807b-0e77021a765c@group-B58A3CB527FD: changes role from  FOLLOWER to CANDIDATE at term 0 for changeToCandidate
2019-09-30 14:08:07,099 [Thread-4469] INFO  impl.RoleInfo (RoleInfo.java:updateAndGet(143)) - 175b4be1-c2c3-4a6b-807b-0e77021a765c: start LeaderElection
2019-09-30 14:08:07,111 [175b4be1-c2c3-4a6b-807b-0e77021a765c@group-B58A3CB527FD:LeaderElection103] INFO  impl.LeaderElection (LeaderElection.java:askForVotes(182)) - 175b4be1-c2c3-4a6b-807b-0e77021a765c@group-B58A3CB527FD:LeaderElection103: begin an election at term 1 for -1: [ba168577-4ce1-4f3c-87a0-c15d6ea77440:192.168.164.197:36914, b2bcdf43-b1cf-4fcd-9749-198db9829d65:192.168.164.197:40769, 175b4be1-c2c3-4a6b-807b-0e77021a765c:192.168.164.197:43926], old=null
2019-09-30 14:08:07,112 [b2bcdf43-b1cf-4fcd-9749-198db9829d65@group-DD94CB526081:LeaderElection102] INFO  impl.LeaderElection (LeaderElection.java:askForVotes(182)) - b2bcdf43-b1cf-4fcd-9749-198db9829d65@group-DD94CB526081:LeaderElection102: begin an election at term 1 for -1: [b2bcdf43-b1cf-4fcd-9749-198db9829d65:192.168.164.197:40769], old=null
2019-09-30 14:08:07,112 [b2bcdf43-b1cf-4fcd-9749-198db9829d65@group-DD94CB526081:LeaderElection102] INFO  impl.RoleInfo (RoleInfo.java:shutdownLeaderElection(134)) - b2bcdf43-b1cf-4fcd-9749-198db9829d65: shutdown LeaderElection
2019-09-30 14:08:07,112 [b2bcdf43-b1cf-4fcd-9749-198db9829d65@group-DD94CB526081:LeaderElection102] INFO  impl.RaftServerImpl (RaftServerImpl.java:setRole(174)) - b2bcdf43-b1cf-4fcd-9749-198db9829d65@group-DD94CB526081: changes role from CANDIDATE to LEADER at term 1 for changeToLeader
2019-09-30 14:08:07,112 [b2bcdf43-b1cf-4fcd-9749-198db9829d65@group-DD94CB526081:LeaderElection102] INFO  impl.RaftServerImpl (ServerState.java:setLeader(253)) - b2bcdf43-b1cf-4fcd-9749-198db9829d65@group-DD94CB526081: change Leader from null to b2bcdf43-b1cf-4fcd-9749-198db9829d65 at term 1 for becomeLeader, leader elected after 5159ms
2019-09-30 14:08:07,112 [b2bcdf43-b1cf-4fcd-9749-198db9829d65@group-DD94CB526081:LeaderElection102] INFO  server.RaftServerConfigKeys (ConfUtils.java:logGet(43)) - raft.server.staging.catchup.gap = 1000 (default)
2019-09-30 14:08:07,112 [b2bcdf43-b1cf-4fcd-9749-198db9829d65@group-DD94CB526081:LeaderElection102] INFO  server.RaftServerConfigKeys (ConfUtils.java:logGet(43)) - raft.server.rpc.sleep.time = 25ms (default)
2019-09-30 14:08:07,112 [b2bcdf43-b1cf-4fcd-9749-198db9829d65@group-DD94CB526081:LeaderElection102] INFO  server.RaftServerConfigKeys (ConfUtils.java:logGet(43)) - raft.server.write.element-limit = 4096 (default)
2019-09-30 14:08:07,112 [b2bcdf43-b1cf-4fcd-9749-198db9829d65@group-DD94CB526081:LeaderElection102] INFO  server.RaftServerConfigKeys (ConfUtils.java:logGet(43)) - raft.server.watch.timeout = 10s (default)
2019-09-30 14:08:07,112 [b2bcdf43-b1cf-4fcd-9749-198db9829d65@group-DD94CB526081:LeaderElection102] INFO  server.RaftServerConfigKeys (ConfUtils.java:logGet(43)) - raft.server.watch.timeout.denomination = 1s (default)
2019-09-30 14:08:07,113 [b2bcdf43-b1cf-4fcd-9749-198db9829d65@group-DD94CB526081:LeaderElection102] INFO  server.RaftServerConfigKeys (ConfUtils.java:logGet(43)) - raft.server.watch.element-limit = 65536 (default)
2019-09-30 14:08:07,117 [b2bcdf43-b1cf-4fcd-9749-198db9829d65@group-DD94CB526081:LeaderElection102] INFO  impl.RoleInfo (RoleInfo.java:updateAndGet(143)) - b2bcdf43-b1cf-4fcd-9749-198db9829d65: start LeaderState
2019-09-30 14:08:07,120 [grpc-default-executor-12] INFO  impl.RaftServerImpl (RaftServerImpl.java:setRole(174)) - b2bcdf43-b1cf-4fcd-9749-198db9829d65@group-B58A3CB527FD: changes role from  FOLLOWER to FOLLOWER at term 1 for recognizeCandidate:175b4be1-c2c3-4a6b-807b-0e77021a765c
2019-09-30 14:08:07,120 [b2bcdf43-b1cf-4fcd-9749-198db9829d65@group-DD94CB526081:LeaderElection102] INFO  segmented.SegmentedRaftLogWorker (SegmentedRaftLogWorker.java:startLogSegment(380)) - b2bcdf43-b1cf-4fcd-9749-198db9829d65@group-DD94CB526081-SegmentedRaftLogWorker: Starting segment from index:0
2019-09-30 14:08:07,120 [grpc-default-executor-12] INFO  impl.RoleInfo (RoleInfo.java:shutdownFollowerState(121)) - b2bcdf43-b1cf-4fcd-9749-198db9829d65: shutdown FollowerState
2019-09-30 14:08:07,120 [grpc-default-executor-1] INFO  impl.RaftServerImpl (RaftServerImpl.java:setRole(174)) - ba168577-4ce1-4f3c-87a0-c15d6ea77440@group-B58A3CB527FD: changes role from  FOLLOWER to FOLLOWER at term 1 for recognizeCandidate:175b4be1-c2c3-4a6b-807b-0e77021a765c
2019-09-30 14:08:07,120 [b2bcdf43-b1cf-4fcd-9749-198db9829d65@group-DD94CB526081:LeaderElection102] INFO  impl.RaftServerImpl (ServerState.java:setRaftConf(354)) - b2bcdf43-b1cf-4fcd-9749-198db9829d65@group-DD94CB526081: set configuration 0: [b2bcdf43-b1cf-4fcd-9749-198db9829d65:192.168.164.197:40769], old=null at 0
2019-09-30 14:08:07,120 [grpc-default-executor-12] INFO  impl.RoleInfo (RoleInfo.java:updateAndGet(143)) - b2bcdf43-b1cf-4fcd-9749-198db9829d65: start FollowerState
2019-09-30 14:08:07,120 [Thread-4470] INFO  impl.FollowerState (FollowerState.java:run(115)) - b2bcdf43-b1cf-4fcd-9749-198db9829d65: FollowerState was interrupted: java.lang.InterruptedException: sleep interrupted
2019-09-30 14:08:07,120 [grpc-default-executor-1] INFO  impl.RoleInfo (RoleInfo.java:shutdownFollowerState(121)) - ba168577-4ce1-4f3c-87a0-c15d6ea77440: shutdown FollowerState
2019-09-30 14:08:07,138 [grpc-default-executor-1] INFO  impl.RoleInfo (RoleInfo.java:updateAndGet(143)) - ba168577-4ce1-4f3c-87a0-c15d6ea77440: start FollowerState
2019-09-30 14:08:07,151 [b2bcdf43-b1cf-4fcd-9749-198db9829d65@group-DD94CB526081-SegmentedRaftLogWorker] INFO  segmented.SegmentedRaftLogWorker (SegmentedRaftLogWorker.java:execute(569)) - b2bcdf43-b1cf-4fcd-9749-198db9829d65@group-DD94CB526081-SegmentedRaftLogWorker: created new log segment /workdir/hadoop-ozone/integration-test/target/test-dir/MiniOzoneClusterImpl-94dfbac5-ba66-45b1-85eb-93ae9faac445/datanode-3/data/ratis/e1f400d0-2182-49dd-84c3-dd94cb526081/current/log_inprogress_0
2019-09-30 14:08:07,156 [175b4be1-c2c3-4a6b-807b-0e77021a765c@group-B58A3CB527FD:LeaderElection103] INFO  impl.LeaderElection (LeaderElection.java:logAndReturn(56)) - 175b4be1-c2c3-4a6b-807b-0e77021a765c@group-B58A3CB527FD:LeaderElection103: Election PASSED; received 1 response(s) [175b4be1-c2c3-4a6b-807b-0e77021a765c<-ba168577-4ce1-4f3c-87a0-c15d6ea77440#0:OK-t1] and 0 exception(s); 175b4be1-c2c3-4a6b-807b-0e77021a765c@group-B58A3CB527FD:t1, leader=null, voted=175b4be1-c2c3-4a6b-807b-0e77021a765c, raftlog=175b4be1-c2c3-4a6b-807b-0e77021a765c@group-B58A3CB527FD-SegmentedRaftLog:OPENED:c-1,f-1,i0, conf=-1: [ba168577-4ce1-4f3c-87a0-c15d6ea77440:192.168.164.197:36914, b2bcdf43-b1cf-4fcd-9749-198db9829d65:192.168.164.197:40769, 175b4be1-c2c3-4a6b-807b-0e77021a765c:192.168.164.197:43926], old=null
2019-09-30 14:08:07,156 [175b4be1-c2c3-4a6b-807b-0e77021a765c@group-B58A3CB527FD:LeaderElection103] INFO  impl.RoleInfo (RoleInfo.java:shutdownLeaderElection(134)) - 175b4be1-c2c3-4a6b-807b-0e77021a765c: shutdown LeaderElection
2019-09-30 14:08:07,156 [175b4be1-c2c3-4a6b-807b-0e77021a765c@group-B58A3CB527FD:LeaderElection103] INFO  impl.RaftServerImpl (RaftServerImpl.java:setRole(174)) - 175b4be1-c2c3-4a6b-807b-0e77021a765c@group-B58A3CB527FD: changes role from CANDIDATE to LEADER at term 1 for changeToLeader
2019-09-30 14:08:07,156 [175b4be1-c2c3-4a6b-807b-0e77021a765c@group-B58A3CB527FD:LeaderElection103] INFO  impl.RaftServerImpl (ServerState.java:setLeader(253)) - 175b4be1-c2c3-4a6b-807b-0e77021a765c@group-B58A3CB527FD: change Leader from null to 175b4be1-c2c3-4a6b-807b-0e77021a765c at term 1 for becomeLeader, leader elected after 5151ms
2019-09-30 14:08:07,156 [175b4be1-c2c3-4a6b-807b-0e77021a765c@group-B58A3CB527FD:LeaderElection103] INFO  server.RaftServerConfigKeys (ConfUtils.java:logGet(43)) - raft.server.staging.catchup.gap = 1000 (default)
2019-09-30 14:08:07,156 [175b4be1-c2c3-4a6b-807b-0e77021a765c@group-B58A3CB527FD:LeaderElection103] INFO  server.RaftServerConfigKeys (ConfUtils.java:logGet(43)) - raft.server.rpc.sleep.time = 25ms (default)
2019-09-30 14:08:07,156 [175b4be1-c2c3-4a6b-807b-0e77021a765c@group-B58A3CB527FD:LeaderElection103] INFO  server.RaftServerConfigKeys (ConfUtils.java:logGet(43)) - raft.server.write.element-limit = 4096 (default)
2019-09-30 14:08:07,156 [175b4be1-c2c3-4a6b-807b-0e77021a765c@group-B58A3CB527FD:LeaderElection103] INFO  server.RaftServerConfigKeys (ConfUtils.java:logGet(43)) - raft.server.watch.timeout = 10s (default)
2019-09-30 14:08:07,156 [175b4be1-c2c3-4a6b-807b-0e77021a765c@group-B58A3CB527FD:LeaderElection103] INFO  server.RaftServerConfigKeys (ConfUtils.java:logGet(43)) - raft.server.watch.timeout.denomination = 1s (default)
2019-09-30 14:08:07,156 [175b4be1-c2c3-4a6b-807b-0e77021a765c@group-B58A3CB527FD:LeaderElection103] INFO  server.RaftServerConfigKeys (ConfUtils.java:logGet(43)) - raft.server.watch.element-limit = 65536 (default)
2019-09-30 14:08:07,157 [175b4be1-c2c3-4a6b-807b-0e77021a765c@group-B58A3CB527FD:LeaderElection103] INFO  server.RaftServerConfigKeys (ConfUtils.java:logGet(43)) - raft.server.log.appender.snapshot.chunk.size.max = 16MB (=16777216) (default)
2019-09-30 14:08:07,157 [175b4be1-c2c3-4a6b-807b-0e77021a765c@group-B58A3CB527FD:LeaderElection103] INFO  server.RaftServerConfigKeys (ConfUtils.java:logGet(43)) - raft.server.log.appender.buffer.byte-limit = 33554432 (custom)
2019-09-30 14:08:07,158 [175b4be1-c2c3-4a6b-807b-0e77021a765c@group-B58A3CB527FD:LeaderElection103] INFO  server.RaftServerConfigKeys (ConfUtils.java:logGet(43)) - raft.server.log.appender.buffer.element-limit = 1 (custom)
2019-09-30 14:08:07,158 [175b4be1-c2c3-4a6b-807b-0e77021a765c@group-B58A3CB527FD:LeaderElection103] INFO  grpc.GrpcConfigKeys$Server (ConfUtils.java:logGet(43)) - raft.grpc.server.leader.outstanding.appends.max = 128 (default)
2019-09-30 14:08:07,158 [175b4be1-c2c3-4a6b-807b-0e77021a765c@group-B58A3CB527FD:LeaderElection103] INFO  server.RaftServerConfigKeys (ConfUtils.java:logGet(43)) - raft.server.rpc.request.timeout = 3000ms (default)
2019-09-30 14:08:07,158 [175b4be1-c2c3-4a6b-807b-0e77021a765c@group-B58A3CB527FD:LeaderElection103] INFO  server.RaftServerConfigKeys (ConfUtils.java:logGet(43)) - raft.server.log.appender.install.snapshot.enabled = false (custom)
2019-09-30 14:08:07,158 [175b4be1-c2c3-4a6b-807b-0e77021a765c@group-B58A3CB527FD:LeaderElection103] INFO  server.RaftServerConfigKeys (ConfUtils.java:logGet(43)) - raft.server.log.appender.snapshot.chunk.size.max = 16MB (=16777216) (default)
2019-09-30 14:08:07,158 [175b4be1-c2c3-4a6b-807b-0e77021a765c@group-B58A3CB527FD:LeaderElection103] INFO  server.RaftServerConfigKeys (ConfUtils.java:logGet(43)) - raft.server.log.appender.buffer.byte-limit = 33554432 (custom)
2019-09-30 14:08:07,158 [175b4be1-c2c3-4a6b-807b-0e77021a765c@group-B58A3CB527FD:LeaderElection103] INFO  server.RaftServerConfigKeys (ConfUtils.java:logGet(43)) - raft.server.log.appender.buffer.element-limit = 1 (custom)
2019-09-30 14:08:07,158 [175b4be1-c2c3-4a6b-807b-0e77021a765c@group-B58A3CB527FD:LeaderElection103] INFO  grpc.GrpcConfigKeys$Server (ConfUtils.java:logGet(43)) - raft.grpc.server.leader.outstanding.appends.max = 128 (default)
2019-09-30 14:08:07,158 [175b4be1-c2c3-4a6b-807b-0e77021a765c@group-B58A3CB527FD:LeaderElection103] INFO  server.RaftServerConfigKeys (ConfUtils.java:logGet(43)) - raft.server.rpc.request.timeout = 3000ms (default)
2019-09-30 14:08:07,158 [175b4be1-c2c3-4a6b-807b-0e77021a765c@group-B58A3CB527FD:LeaderElection103] INFO  server.RaftServerConfigKeys (ConfUtils.java:logGet(43)) - raft.server.log.appender.install.snapshot.enabled = false (custom)
2019-09-30 14:08:07,159 [175b4be1-c2c3-4a6b-807b-0e77021a765c@group-B58A3CB527FD:LeaderElection103] INFO  impl.RoleInfo (RoleInfo.java:updateAndGet(143)) - 175b4be1-c2c3-4a6b-807b-0e77021a765c: start LeaderState
2019-09-30 14:08:07,159 [175b4be1-c2c3-4a6b-807b-0e77021a765c@group-B58A3CB527FD:LeaderElection103] INFO  segmented.SegmentedRaftLogWorker (SegmentedRaftLogWorker.java:startLogSegment(380)) - 175b4be1-c2c3-4a6b-807b-0e77021a765c@group-B58A3CB527FD-SegmentedRaftLogWorker: Starting segment from index:0
2019-09-30 14:08:07,159 [175b4be1-c2c3-4a6b-807b-0e77021a765c@group-B58A3CB527FD:LeaderElection103] INFO  impl.RaftServerImpl (ServerState.java:setRaftConf(354)) - 175b4be1-c2c3-4a6b-807b-0e77021a765c@group-B58A3CB527FD: set configuration 0: [ba168577-4ce1-4f3c-87a0-c15d6ea77440:192.168.164.197:36914, b2bcdf43-b1cf-4fcd-9749-198db9829d65:192.168.164.197:40769, 175b4be1-c2c3-4a6b-807b-0e77021a765c:192.168.164.197:43926], old=null at 0
2019-09-30 14:08:07,160 [grpc-default-executor-1] INFO  impl.RaftServerImpl (ServerState.java:setLeader(253)) - ba168577-4ce1-4f3c-87a0-c15d6ea77440@group-B58A3CB527FD: change Leader from null to 175b4be1-c2c3-4a6b-807b-0e77021a765c at term 1 for appendEntries, leader elected after 5155ms
2019-09-30 14:08:07,173 [Thread-4476] INFO  impl.FollowerState (FollowerState.java:run(106)) - ba168577-4ce1-4f3c-87a0-c15d6ea77440:group-2D4037473D67 changes to CANDIDATE, lastRpcTime:5034, electionTimeout:5021ms
2019-09-30 14:08:07,173 [grpc-default-executor-12] INFO  impl.RaftServerImpl (ServerState.java:setLeader(253)) - b2bcdf43-b1cf-4fcd-9749-198db9829d65@group-B58A3CB527FD: change Leader from null to 175b4be1-c2c3-4a6b-807b-0e77021a765c at term 1 for appendEntries, leader elected after 5168ms
2019-09-30 14:08:07,173 [Thread-4476] INFO  impl.RoleInfo (RoleInfo.java:shutdownFollowerState(121)) - ba168577-4ce1-4f3c-87a0-c15d6ea77440: shutdown FollowerState
2019-09-30 14:08:07,173 [Thread-4476] INFO  impl.RaftServerImpl (RaftServerImpl.java:setRole(174)) - ba168577-4ce1-4f3c-87a0-c15d6ea77440@group-2D4037473D67: changes role from  FOLLOWER to CANDIDATE at term 0 for changeToCandidate
2019-09-30 14:08:07,173 [Thread-4476] INFO  impl.RoleInfo (RoleInfo.java:updateAndGet(143)) - ba168577-4ce1-4f3c-87a0-c15d6ea77440: start LeaderElection
2019-09-30 14:08:07,186 [175b4be1-c2c3-4a6b-807b-0e77021a765c@group-B58A3CB527FD-SegmentedRaftLogWorker] INFO  segmented.SegmentedRaftLogWorker (SegmentedRaftLogWorker.java:execute(569)) - 175b4be1-c2c3-4a6b-807b-0e77021a765c@group-B58A3CB527FD-SegmentedRaftLogWorker: created new log segment /workdir/hadoop-ozone/integration-test/target/test-dir/MiniOzoneClusterImpl-94dfbac5-ba66-45b1-85eb-93ae9faac445/datanode-4/data/ratis/4199bf57-5504-4d94-be53-b58a3cb527fd/current/log_inprogress_0
2019-09-30 14:08:07,186 [grpc-default-executor-12] INFO  impl.RaftServerImpl (ServerState.java:setRaftConf(354)) - b2bcdf43-b1cf-4fcd-9749-198db9829d65@group-B58A3CB527FD: set configuration 0: [ba168577-4ce1-4f3c-87a0-c15d6ea77440:192.168.164.197:36914, b2bcdf43-b1cf-4fcd-9749-198db9829d65:192.168.164.197:40769, 175b4be1-c2c3-4a6b-807b-0e77021a765c:192.168.164.197:43926], old=null at 0
2019-09-30 14:08:07,186 [grpc-default-executor-1] INFO  impl.RaftServerImpl (ServerState.java:setRaftConf(354)) - ba168577-4ce1-4f3c-87a0-c15d6ea77440@group-B58A3CB527FD: set configuration 0: [ba168577-4ce1-4f3c-87a0-c15d6ea77440:192.168.164.197:36914, b2bcdf43-b1cf-4fcd-9749-198db9829d65:192.168.164.197:40769, 175b4be1-c2c3-4a6b-807b-0e77021a765c:192.168.164.197:43926], old=null at 0
2019-09-30 14:08:07,186 [grpc-default-executor-12] INFO  segmented.SegmentedRaftLogWorker (SegmentedRaftLogWorker.java:startLogSegment(380)) - b2bcdf43-b1cf-4fcd-9749-198db9829d65@group-B58A3CB527FD-SegmentedRaftLogWorker: Starting segment from index:0
2019-09-30 14:08:07,187 [grpc-default-executor-1] INFO  segmented.SegmentedRaftLogWorker (SegmentedRaftLogWorker.java:startLogSegment(380)) - ba168577-4ce1-4f3c-87a0-c15d6ea77440@group-B58A3CB527FD-SegmentedRaftLogWorker: Starting segment from index:0
2019-09-30 14:08:07,200 [ba168577-4ce1-4f3c-87a0-c15d6ea77440@group-2D4037473D67:LeaderElection104] INFO  impl.LeaderElection (LeaderElection.java:askForVotes(182)) - ba168577-4ce1-4f3c-87a0-c15d6ea77440@group-2D4037473D67:LeaderElection104: begin an election at term 1 for -1: [ba168577-4ce1-4f3c-87a0-c15d6ea77440:192.168.164.197:36914], old=null
2019-09-30 14:08:07,200 [ba168577-4ce1-4f3c-87a0-c15d6ea77440@group-2D4037473D67:LeaderElection104] INFO  impl.RoleInfo (RoleInfo.java:shutdownLeaderElection(134)) - ba168577-4ce1-4f3c-87a0-c15d6ea77440: shutdown LeaderElection
2019-09-30 14:08:07,200 [ba168577-4ce1-4f3c-87a0-c15d6ea77440@group-2D4037473D67:LeaderElection104] INFO  impl.RaftServerImpl (RaftServerImpl.java:setRole(174)) - ba168577-4ce1-4f3c-87a0-c15d6ea77440@group-2D4037473D67: changes role from CANDIDATE to LEADER at term 1 for changeToLeader
2019-09-30 14:08:07,200 [ba168577-4ce1-4f3c-87a0-c15d6ea77440@group-2D4037473D67:LeaderElection104] INFO  impl.RaftServerImpl (ServerState.java:setLeader(253)) - ba168577-4ce1-4f3c-87a0-c15d6ea77440@group-2D4037473D67: change Leader from null to ba168577-4ce1-4f3c-87a0-c15d6ea77440 at term 1 for becomeLeader, leader elected after 5084ms
2019-09-30 14:08:07,200 [ba168577-4ce1-4f3c-87a0-c15d6ea77440@group-2D4037473D67:LeaderElection104] INFO  server.RaftServerConfigKeys (ConfUtils.java:logGet(43)) - raft.server.staging.catchup.gap = 1000 (default)
2019-09-30 14:08:07,200 [ba168577-4ce1-4f3c-87a0-c15d6ea77440@group-2D4037473D67:LeaderElection104] INFO  server.RaftServerConfigKeys (ConfUtils.java:logGet(43)) - raft.server.rpc.sleep.time = 25ms (default)
2019-09-30 14:08:07,200 [ba168577-4ce1-4f3c-87a0-c15d6ea77440@group-2D4037473D67:LeaderElection104] INFO  server.RaftServerConfigKeys (ConfUtils.java:logGet(43)) - raft.server.write.element-limit = 4096 (default)
2019-09-30 14:08:07,200 [ba168577-4ce1-4f3c-87a0-c15d6ea77440@group-2D4037473D67:LeaderElection104] INFO  server.RaftServerConfigKeys (ConfUtils.java:logGet(43)) - raft.server.watch.timeout = 10s (default)
2019-09-30 14:08:07,200 [ba168577-4ce1-4f3c-87a0-c15d6ea77440@group-2D4037473D67:LeaderElection104] INFO  server.RaftServerConfigKeys (ConfUtils.java:logGet(43)) - raft.server.watch.timeout.denomination = 1s (default)
2019-09-30 14:08:07,200 [ba168577-4ce1-4f3c-87a0-c15d6ea77440@group-2D4037473D67:LeaderElection104] INFO  server.RaftServerConfigKeys (ConfUtils.java:logGet(43)) - raft.server.watch.element-limit = 65536 (default)
2019-09-30 14:08:07,202 [ba168577-4ce1-4f3c-87a0-c15d6ea77440@group-2D4037473D67:LeaderElection104] INFO  impl.RoleInfo (RoleInfo.java:updateAndGet(143)) - ba168577-4ce1-4f3c-87a0-c15d6ea77440: start LeaderState
2019-09-30 14:08:07,202 [ba168577-4ce1-4f3c-87a0-c15d6ea77440@group-2D4037473D67:LeaderElection104] INFO  segmented.SegmentedRaftLogWorker (SegmentedRaftLogWorker.java:startLogSegment(380)) - ba168577-4ce1-4f3c-87a0-c15d6ea77440@group-2D4037473D67-SegmentedRaftLogWorker: Starting segment from index:0
2019-09-30 14:08:07,202 [ba168577-4ce1-4f3c-87a0-c15d6ea77440@group-2D4037473D67:LeaderElection104] INFO  impl.RaftServerImpl (ServerState.java:setRaftConf(354)) - ba168577-4ce1-4f3c-87a0-c15d6ea77440@group-2D4037473D67: set configuration 0: [ba168577-4ce1-4f3c-87a0-c15d6ea77440:192.168.164.197:36914], old=null at 0
2019-09-30 14:08:07,211 [b2bcdf43-b1cf-4fcd-9749-198db9829d65@group-B58A3CB527FD-SegmentedRaftLogWorker] INFO  segmented.SegmentedRaftLogWorker (SegmentedRaftLogWorker.java:execute(569)) - b2bcdf43-b1cf-4fcd-9749-198db9829d65@group-B58A3CB527FD-SegmentedRaftLogWorker: created new log segment /workdir/hadoop-ozone/integration-test/target/test-dir/MiniOzoneClusterImpl-94dfbac5-ba66-45b1-85eb-93ae9faac445/datanode-3/data/ratis/4199bf57-5504-4d94-be53-b58a3cb527fd/current/log_inprogress_0
2019-09-30 14:08:07,211 [ba168577-4ce1-4f3c-87a0-c15d6ea77440@group-B58A3CB527FD-SegmentedRaftLogWorker] INFO  segmented.SegmentedRaftLogWorker (SegmentedRaftLogWorker.java:execute(569)) - ba168577-4ce1-4f3c-87a0-c15d6ea77440@group-B58A3CB527FD-SegmentedRaftLogWorker: created new log segment /workdir/hadoop-ozone/integration-test/target/test-dir/MiniOzoneClusterImpl-94dfbac5-ba66-45b1-85eb-93ae9faac445/datanode-5/data/ratis/4199bf57-5504-4d94-be53-b58a3cb527fd/current/log_inprogress_0
2019-09-30 14:08:07,234 [ba168577-4ce1-4f3c-87a0-c15d6ea77440@group-2D4037473D67-SegmentedRaftLogWorker] INFO  segmented.SegmentedRaftLogWorker (SegmentedRaftLogWorker.java:execute(569)) - ba168577-4ce1-4f3c-87a0-c15d6ea77440@group-2D4037473D67-SegmentedRaftLogWorker: created new log segment /workdir/hadoop-ozone/integration-test/target/test-dir/MiniOzoneClusterImpl-94dfbac5-ba66-45b1-85eb-93ae9faac445/datanode-5/data/ratis/75cf17c1-cf02-4f01-ae53-2d4037473d67/current/log_inprogress_0
2019-09-30 14:08:07,365 [Thread-4479] INFO  impl.FollowerState (FollowerState.java:run(106)) - b353a957-53f2-450b-9f4d-a32e144b41ca:group-83F3E6AAF26A changes to CANDIDATE, lastRpcTime:5173, electionTimeout:5173ms
2019-09-30 14:08:07,365 [Thread-4479] INFO  impl.RoleInfo (RoleInfo.java:shutdownFollowerState(121)) - b353a957-53f2-450b-9f4d-a32e144b41ca: shutdown FollowerState
2019-09-30 14:08:07,365 [Thread-4479] INFO  impl.RaftServerImpl (RaftServerImpl.java:setRole(174)) - b353a957-53f2-450b-9f4d-a32e144b41ca@group-83F3E6AAF26A: changes role from  FOLLOWER to CANDIDATE at term 0 for changeToCandidate
2019-09-30 14:08:07,365 [Thread-4479] INFO  impl.RoleInfo (RoleInfo.java:updateAndGet(143)) - b353a957-53f2-450b-9f4d-a32e144b41ca: start LeaderElection
2019-09-30 14:08:07,376 [b353a957-53f2-450b-9f4d-a32e144b41ca@group-83F3E6AAF26A:LeaderElection105] INFO  impl.LeaderElection (LeaderElection.java:askForVotes(182)) - b353a957-53f2-450b-9f4d-a32e144b41ca@group-83F3E6AAF26A:LeaderElection105: begin an election at term 1 for -1: [b353a957-53f2-450b-9f4d-a32e144b41ca:192.168.164.197:36204], old=null
2019-09-30 14:08:07,379 [b353a957-53f2-450b-9f4d-a32e144b41ca@group-83F3E6AAF26A:LeaderElection105] INFO  impl.RoleInfo (RoleInfo.java:shutdownLeaderElection(134)) - b353a957-53f2-450b-9f4d-a32e144b41ca: shutdown LeaderElection
2019-09-30 14:08:07,379 [b353a957-53f2-450b-9f4d-a32e144b41ca@group-83F3E6AAF26A:LeaderElection105] INFO  impl.RaftServerImpl (RaftServerImpl.java:setRole(174)) - b353a957-53f2-450b-9f4d-a32e144b41ca@group-83F3E6AAF26A: changes role from CANDIDATE to LEADER at term 1 for changeToLeader
2019-09-30 14:08:07,379 [b353a957-53f2-450b-9f4d-a32e144b41ca@group-83F3E6AAF26A:LeaderElection105] INFO  impl.RaftServerImpl (ServerState.java:setLeader(253)) - b353a957-53f2-450b-9f4d-a32e144b41ca@group-83F3E6AAF26A: change Leader from null to b353a957-53f2-450b-9f4d-a32e144b41ca at term 1 for becomeLeader, leader elected after 5195ms
2019-09-30 14:08:07,379 [b353a957-53f2-450b-9f4d-a32e144b41ca@group-83F3E6AAF26A:LeaderElection105] INFO  server.RaftServerConfigKeys (ConfUtils.java:logGet(43)) - raft.server.staging.catchup.gap = 1000 (default)
2019-09-30 14:08:07,379 [b353a957-53f2-450b-9f4d-a32e144b41ca@group-83F3E6AAF26A:LeaderElection105] INFO  server.RaftServerConfigKeys (ConfUtils.java:logGet(43)) - raft.server.rpc.sleep.time = 25ms (default)
2019-09-30 14:08:07,379 [b353a957-53f2-450b-9f4d-a32e144b41ca@group-83F3E6AAF26A:LeaderElection105] INFO  server.RaftServerConfigKeys (ConfUtils.java:logGet(43)) - raft.server.write.element-limit = 4096 (default)
2019-09-30 14:08:07,380 [b353a957-53f2-450b-9f4d-a32e144b41ca@group-83F3E6AAF26A:LeaderElection105] INFO  server.RaftServerConfigKeys (ConfUtils.java:logGet(43)) - raft.server.watch.timeout = 10s (default)
2019-09-30 14:08:07,380 [b353a957-53f2-450b-9f4d-a32e144b41ca@group-83F3E6AAF26A:LeaderElection105] INFO  server.RaftServerConfigKeys (ConfUtils.java:logGet(43)) - raft.server.watch.timeout.denomination = 1s (default)
2019-09-30 14:08:07,380 [b353a957-53f2-450b-9f4d-a32e144b41ca@group-83F3E6AAF26A:LeaderElection105] INFO  server.RaftServerConfigKeys (ConfUtils.java:logGet(43)) - raft.server.watch.element-limit = 65536 (default)
2019-09-30 14:08:07,381 [b353a957-53f2-450b-9f4d-a32e144b41ca@group-83F3E6AAF26A:LeaderElection105] INFO  impl.RoleInfo (RoleInfo.java:updateAndGet(143)) - b353a957-53f2-450b-9f4d-a32e144b41ca: start LeaderState
2019-09-30 14:08:07,381 [b353a957-53f2-450b-9f4d-a32e144b41ca@group-83F3E6AAF26A:LeaderElection105] INFO  segmented.SegmentedRaftLogWorker (SegmentedRaftLogWorker.java:startLogSegment(380)) - b353a957-53f2-450b-9f4d-a32e144b41ca@group-83F3E6AAF26A-SegmentedRaftLogWorker: Starting segment from index:0
2019-09-30 14:08:07,381 [b353a957-53f2-450b-9f4d-a32e144b41ca@group-83F3E6AAF26A:LeaderElection105] INFO  impl.RaftServerImpl (ServerState.java:setRaftConf(354)) - b353a957-53f2-450b-9f4d-a32e144b41ca@group-83F3E6AAF26A: set configuration 0: [b353a957-53f2-450b-9f4d-a32e144b41ca:192.168.164.197:36204], old=null at 0
2019-09-30 14:08:07,420 [b353a957-53f2-450b-9f4d-a32e144b41ca@group-83F3E6AAF26A-SegmentedRaftLogWorker] INFO  segmented.SegmentedRaftLogWorker (SegmentedRaftLogWorker.java:execute(569)) - b353a957-53f2-450b-9f4d-a32e144b41ca@group-83F3E6AAF26A-SegmentedRaftLogWorker: created new log segment /workdir/hadoop-ozone/integration-test/target/test-dir/MiniOzoneClusterImpl-94dfbac5-ba66-45b1-85eb-93ae9faac445/datanode-6/data/ratis/b7b41b4a-bbfd-4bf7-ac31-83f3e6aaf26a/current/log_inprogress_0
2019-09-30 14:08:08,468 [main] WARN  scm.XceiverClientRatis (XceiverClientRatis.java:watchForCommit(292)) - 3 way commit failed on pipeline Pipeline[ Id: 7ecf0d1a-d820-4f57-a5b6-78c8e060c04d, Nodes: f09e19a0-73d9-4449-addf-7f6ac098e286{ip: 192.168.164.197, host: trunk-nightly-extra-20190930-74rp4-3411845215, networkLocation: /default-rack, certSerialId: null}cdcc480e-914b-425f-b4af-fa04f83470c1{ip: 192.168.164.197, host: trunk-nightly-extra-20190930-74rp4-3411845215, networkLocation: /default-rack, certSerialId: null}1f70c5e8-35ba-4faa-96c7-fcea44d2543c{ip: 192.168.164.197, host: trunk-nightly-extra-20190930-74rp4-3411845215, networkLocation: /default-rack, certSerialId: null}, Type:RATIS, Factor:THREE, State:OPEN]
java.util.concurrent.TimeoutException
	at java.util.concurrent.CompletableFuture.timedGet(CompletableFuture.java:1771)
	at java.util.concurrent.CompletableFuture.get(CompletableFuture.java:1915)
	at org.apache.hadoop.hdds.scm.XceiverClientRatis.watchForCommit(XceiverClientRatis.java:289)
	at org.apache.hadoop.hdds.scm.storage.CommitWatcher.watchForCommit(CommitWatcher.java:194)
	at org.apache.hadoop.hdds.scm.storage.CommitWatcher.watchOnLastIndex(CommitWatcher.java:157)
	at org.apache.hadoop.hdds.scm.storage.BlockOutputStream.watchForCommit(BlockOutputStream.java:347)
	at org.apache.hadoop.hdds.scm.storage.BlockOutputStream.handleFlush(BlockOutputStream.java:479)
	at org.apache.hadoop.hdds.scm.storage.BlockOutputStream.flush(BlockOutputStream.java:428)
	at org.apache.hadoop.ozone.client.io.BlockOutputStreamEntry.flush(BlockOutputStreamEntry.java:136)
	at org.apache.hadoop.ozone.client.io.KeyOutputStream.handleFlushOrClose(KeyOutputStream.java:443)
	at org.apache.hadoop.ozone.client.io.KeyOutputStream.flush(KeyOutputStream.java:397)
	at org.apache.hadoop.ozone.client.io.OzoneOutputStream.flush(OzoneOutputStream.java:54)
	at org.apache.hadoop.ozone.client.rpc.TestBlockOutputStreamWithFailures.testExceptionDuringClose(TestBlockOutputStreamWithFailures.java:720)
	at sun.reflect.NativeMethodAccessorImpl.invoke0(Native Method)
	at sun.reflect.NativeMethodAccessorImpl.invoke(NativeMethodAccessorImpl.java:62)
	at sun.reflect.DelegatingMethodAccessorImpl.invoke(DelegatingMethodAccessorImpl.java:43)
	at java.lang.reflect.Method.invoke(Method.java:498)
	at org.junit.runners.model.FrameworkMethod$1.runReflectiveCall(FrameworkMethod.java:47)
	at org.junit.internal.runners.model.ReflectiveCallable.run(ReflectiveCallable.java:12)
	at org.junit.runners.model.FrameworkMethod.invokeExplosively(FrameworkMethod.java:44)
	at org.junit.internal.runners.statements.InvokeMethod.evaluate(InvokeMethod.java:17)
	at org.junit.internal.runners.statements.RunBefores.evaluate(RunBefores.java:26)
	at org.junit.internal.runners.statements.RunAfters.evaluate(RunAfters.java:27)
	at org.junit.runners.ParentRunner.runLeaf(ParentRunner.java:271)
	at org.junit.runners.BlockJUnit4ClassRunner.runChild(BlockJUnit4ClassRunner.java:70)
	at org.junit.runners.BlockJUnit4ClassRunner.runChild(BlockJUnit4ClassRunner.java:50)
	at org.junit.runners.ParentRunner$3.run(ParentRunner.java:238)
	at org.junit.runners.ParentRunner$1.schedule(ParentRunner.java:63)
	at org.junit.runners.ParentRunner.runChildren(ParentRunner.java:236)
	at org.junit.runners.ParentRunner.access$000(ParentRunner.java:53)
	at org.junit.runners.ParentRunner$2.evaluate(ParentRunner.java:229)
	at org.junit.runners.ParentRunner.run(ParentRunner.java:309)
	at org.apache.maven.surefire.junit4.JUnit4Provider.execute(JUnit4Provider.java:365)
	at org.apache.maven.surefire.junit4.JUnit4Provider.executeWithRerun(JUnit4Provider.java:273)
	at org.apache.maven.surefire.junit4.JUnit4Provider.executeTestSet(JUnit4Provider.java:238)
	at org.apache.maven.surefire.junit4.JUnit4Provider.invoke(JUnit4Provider.java:159)
	at org.apache.maven.surefire.booter.ForkedBooter.invokeProviderInSameClassLoader(ForkedBooter.java:384)
	at org.apache.maven.surefire.booter.ForkedBooter.runSuitesInProcess(ForkedBooter.java:345)
	at org.apache.maven.surefire.booter.ForkedBooter.execute(ForkedBooter.java:126)
	at org.apache.maven.surefire.booter.ForkedBooter.main(ForkedBooter.java:418)
2019-09-30 14:08:09,471 [main] WARN  storage.CommitWatcher (CommitWatcher.java:watchForCommit(203)) - watchForCommit failed for index 4
java.util.concurrent.TimeoutException
	at java.util.concurrent.CompletableFuture.timedGet(CompletableFuture.java:1771)
	at java.util.concurrent.CompletableFuture.get(CompletableFuture.java:1915)
	at org.apache.hadoop.hdds.scm.XceiverClientRatis.watchForCommit(XceiverClientRatis.java:298)
	at org.apache.hadoop.hdds.scm.storage.CommitWatcher.watchForCommit(CommitWatcher.java:194)
	at org.apache.hadoop.hdds.scm.storage.CommitWatcher.watchOnLastIndex(CommitWatcher.java:157)
	at org.apache.hadoop.hdds.scm.storage.BlockOutputStream.watchForCommit(BlockOutputStream.java:347)
	at org.apache.hadoop.hdds.scm.storage.BlockOutputStream.handleFlush(BlockOutputStream.java:479)
	at org.apache.hadoop.hdds.scm.storage.BlockOutputStream.flush(BlockOutputStream.java:428)
	at org.apache.hadoop.ozone.client.io.BlockOutputStreamEntry.flush(BlockOutputStreamEntry.java:136)
	at org.apache.hadoop.ozone.client.io.KeyOutputStream.handleFlushOrClose(KeyOutputStream.java:443)
	at org.apache.hadoop.ozone.client.io.KeyOutputStream.flush(KeyOutputStream.java:397)
	at org.apache.hadoop.ozone.client.io.OzoneOutputStream.flush(OzoneOutputStream.java:54)
	at org.apache.hadoop.ozone.client.rpc.TestBlockOutputStreamWithFailures.testExceptionDuringClose(TestBlockOutputStreamWithFailures.java:720)
	at sun.reflect.NativeMethodAccessorImpl.invoke0(Native Method)
	at sun.reflect.NativeMethodAccessorImpl.invoke(NativeMethodAccessorImpl.java:62)
	at sun.reflect.DelegatingMethodAccessorImpl.invoke(DelegatingMethodAccessorImpl.java:43)
	at java.lang.reflect.Method.invoke(Method.java:498)
	at org.junit.runners.model.FrameworkMethod$1.runReflectiveCall(FrameworkMethod.java:47)
	at org.junit.internal.runners.model.ReflectiveCallable.run(ReflectiveCallable.java:12)
	at org.junit.runners.model.FrameworkMethod.invokeExplosively(FrameworkMethod.java:44)
	at org.junit.internal.runners.statements.InvokeMethod.evaluate(InvokeMethod.java:17)
	at org.junit.internal.runners.statements.RunBefores.evaluate(RunBefores.java:26)
	at org.junit.internal.runners.statements.RunAfters.evaluate(RunAfters.java:27)
	at org.junit.runners.ParentRunner.runLeaf(ParentRunner.java:271)
	at org.junit.runners.BlockJUnit4ClassRunner.runChild(BlockJUnit4ClassRunner.java:70)
	at org.junit.runners.BlockJUnit4ClassRunner.runChild(BlockJUnit4ClassRunner.java:50)
	at org.junit.runners.ParentRunner$3.run(ParentRunner.java:238)
	at org.junit.runners.ParentRunner$1.schedule(ParentRunner.java:63)
	at org.junit.runners.ParentRunner.runChildren(ParentRunner.java:236)
	at org.junit.runners.ParentRunner.access$000(ParentRunner.java:53)
	at org.junit.runners.ParentRunner$2.evaluate(ParentRunner.java:229)
	at org.junit.runners.ParentRunner.run(ParentRunner.java:309)
	at org.apache.maven.surefire.junit4.JUnit4Provider.execute(JUnit4Provider.java:365)
	at org.apache.maven.surefire.junit4.JUnit4Provider.executeWithRerun(JUnit4Provider.java:273)
	at org.apache.maven.surefire.junit4.JUnit4Provider.executeTestSet(JUnit4Provider.java:238)
	at org.apache.maven.surefire.junit4.JUnit4Provider.invoke(JUnit4Provider.java:159)
	at org.apache.maven.surefire.booter.ForkedBooter.invokeProviderInSameClassLoader(ForkedBooter.java:384)
	at org.apache.maven.surefire.booter.ForkedBooter.runSuitesInProcess(ForkedBooter.java:345)
	at org.apache.maven.surefire.booter.ForkedBooter.execute(ForkedBooter.java:126)
	at org.apache.maven.surefire.booter.ForkedBooter.main(ForkedBooter.java:418)
2019-09-30 14:08:09,472 [main] WARN  io.KeyOutputStream (KeyOutputStream.java:handleException(274)) - Encountered exception java.io.IOException: Unexpected Storage Container Exception: java.io.IOException: Unexpected Storage Container Exception: java.util.concurrent.TimeoutException on the pipeline Pipeline[ Id: 7ecf0d1a-d820-4f57-a5b6-78c8e060c04d, Nodes: f09e19a0-73d9-4449-addf-7f6ac098e286{ip: 192.168.164.197, host: trunk-nightly-extra-20190930-74rp4-3411845215, networkLocation: /default-rack, certSerialId: null}cdcc480e-914b-425f-b4af-fa04f83470c1{ip: 192.168.164.197, host: trunk-nightly-extra-20190930-74rp4-3411845215, networkLocation: /default-rack, certSerialId: null}1f70c5e8-35ba-4faa-96c7-fcea44d2543c{ip: 192.168.164.197, host: trunk-nightly-extra-20190930-74rp4-3411845215, networkLocation: /default-rack, certSerialId: null}, Type:RATIS, Factor:THREE, State:OPEN]. The last committed block length is 0, uncommitted data length is 167 retry count 0
2019-09-30 14:08:09,726 [main] INFO  ozone.MiniOzoneClusterImpl (MiniOzoneClusterImpl.java:shutdown(314)) - Shutting down the Mini Ozone Cluster
2019-09-30 14:08:09,727 [main] INFO  ozone.MiniOzoneClusterImpl (MiniOzoneClusterImpl.java:stop(330)) - Stopping the Mini Ozone Cluster
2019-09-30 14:08:09,727 [main] INFO  ozone.MiniOzoneClusterImpl (MiniOzoneClusterImpl.java:stopOM(400)) - Stopping the OzoneManager
2019-09-30 14:08:09,727 [main] INFO  ipc.Server (Server.java:stop(3082)) - Stopping server on 41471
2019-09-30 14:08:09,740 [IPC Server listener on 41471] INFO  ipc.Server (Server.java:run(1185)) - Stopping IPC Server listener on 41471
2019-09-30 14:08:09,748 [IPC Server Responder] INFO  ipc.Server (Server.java:run(1319)) - Stopping IPC Server Responder
2019-09-30 14:08:09,747 [main] INFO  ratis.OzoneManagerDoubleBuffer (OzoneManagerDoubleBuffer.java:stop(248)) - Stopping OMDoubleBuffer flush thread
2019-09-30 14:08:09,751 [OMDoubleBufferFlushThread] INFO  ratis.OzoneManagerDoubleBuffer (OzoneManagerDoubleBuffer.java:flushTransactions(191)) - OMDoubleBuffer flush thread OMDoubleBufferFlushThread is interrupted and will exit. OMDoubleBufferFlushThread
2019-09-30 14:08:09,751 [main] INFO  utils.BackgroundService (BackgroundService.java:shutdown(148)) - Shutting down service KeyDeletingService
2019-09-30 14:08:09,772 [main] INFO  handler.ContextHandler (ContextHandler.java:doStop(910)) - Stopped o.e.j.w.WebAppContext@329b331f{/,null,UNAVAILABLE}{/ozoneManager}
2019-09-30 14:08:09,773 [main] INFO  server.AbstractConnector (AbstractConnector.java:doStop(318)) - Stopped ServerConnector@640a8f93{HTTP/1.1,[http/1.1]}{0.0.0.0:0}
2019-09-30 14:08:09,774 [main] INFO  handler.ContextHandler (ContextHandler.java:doStop(910)) - Stopped o.e.j.s.ServletContextHandler@20027c44{/static,file:///workdir/hadoop-ozone/integration-test/target/test-classes/webapps/static,UNAVAILABLE}
2019-09-30 14:08:09,775 [main] INFO  handler.ContextHandler (ContextHandler.java:doStop(910)) - Stopped o.e.j.s.ServletContextHandler@563172d3{/logs,file:///workdir/hadoop-ozone/integration-test/target/log,UNAVAILABLE}
2019-09-30 14:08:09,778 [main] INFO  ozone.MiniOzoneClusterImpl (MiniOzoneClusterImpl.java:stopDatanodes(377)) - Stopping the HddsDatanodes
2019-09-30 14:08:10,362 [Datanode State Machine Thread - 0] INFO  statemachine.DatanodeStateMachine (DatanodeStateMachine.java:lambda$startDaemon$0(350)) - Ozone container server started.
2019-09-30 14:08:10,603 [Datanode State Machine Thread - 0] INFO  statemachine.DatanodeStateMachine (DatanodeStateMachine.java:lambda$startDaemon$0(350)) - Ozone container server started.
2019-09-30 14:08:14,446 [EventQueue-StaleNodeForStaleNodeHandler] INFO  node.StaleNodeHandler (StaleNodeHandler.java:onMessage(58)) - Datanode f09e19a0-73d9-4449-addf-7f6ac098e286{ip: 192.168.164.197, host: trunk-nightly-extra-20190930-74rp4-3411845215, networkLocation: /default-rack, certSerialId: null} moved to stale state. Finalizing its pipelines [PipelineID=7ecf0d1a-d820-4f57-a5b6-78c8e060c04d, PipelineID=1d0230dd-aa73-4a2a-8fdc-f4246f155252]
2019-09-30 14:08:14,446 [EventQueue-StaleNodeForStaleNodeHandler] INFO  pipeline.SCMPipelineManager (SCMPipelineManager.java:finalizeAndDestroyPipeline(315)) - destroying pipeline:Pipeline[ Id: 7ecf0d1a-d820-4f57-a5b6-78c8e060c04d, Nodes: f09e19a0-73d9-4449-addf-7f6ac098e286{ip: 192.168.164.197, host: trunk-nightly-extra-20190930-74rp4-3411845215, networkLocation: /default-rack, certSerialId: null}cdcc480e-914b-425f-b4af-fa04f83470c1{ip: 192.168.164.197, host: trunk-nightly-extra-20190930-74rp4-3411845215, networkLocation: /default-rack, certSerialId: null}1f70c5e8-35ba-4faa-96c7-fcea44d2543c{ip: 192.168.164.197, host: trunk-nightly-extra-20190930-74rp4-3411845215, networkLocation: /default-rack, certSerialId: null}, Type:RATIS, Factor:THREE, State:OPEN]
2019-09-30 14:08:14,447 [EventQueue-StaleNodeForStaleNodeHandler] INFO  pipeline.PipelineStateManager (PipelineStateManager.java:finalizePipeline(123)) - Pipeline Pipeline[ Id: 7ecf0d1a-d820-4f57-a5b6-78c8e060c04d, Nodes: f09e19a0-73d9-4449-addf-7f6ac098e286{ip: 192.168.164.197, host: trunk-nightly-extra-20190930-74rp4-3411845215, networkLocation: /default-rack, certSerialId: null}cdcc480e-914b-425f-b4af-fa04f83470c1{ip: 192.168.164.197, host: trunk-nightly-extra-20190930-74rp4-3411845215, networkLocation: /default-rack, certSerialId: null}1f70c5e8-35ba-4faa-96c7-fcea44d2543c{ip: 192.168.164.197, host: trunk-nightly-extra-20190930-74rp4-3411845215, networkLocation: /default-rack, certSerialId: null}, Type:RATIS, Factor:THREE, State:CLOSED] moved to CLOSED state
2019-09-30 14:08:14,447 [EventQueue-CloseContainerForCloseContainerEventHandler] INFO  container.CloseContainerEventHandler (CloseContainerEventHandler.java:onMessage(61)) - Close container Event triggered for container : #1
2019-09-30 14:08:14,452 [EventQueue-StaleNodeForStaleNodeHandler] INFO  pipeline.SCMPipelineManager (SCMPipelineManager.java:finalizeAndDestroyPipeline(315)) - destroying pipeline:Pipeline[ Id: 1d0230dd-aa73-4a2a-8fdc-f4246f155252, Nodes: f09e19a0-73d9-4449-addf-7f6ac098e286{ip: 192.168.164.197, host: trunk-nightly-extra-20190930-74rp4-3411845215, networkLocation: /default-rack, certSerialId: null}, Type:RATIS, Factor:ONE, State:OPEN]
2019-09-30 14:08:14,455 [EventQueue-StaleNodeForStaleNodeHandler] INFO  pipeline.PipelineStateManager (PipelineStateManager.java:finalizePipeline(123)) - Pipeline Pipeline[ Id: 1d0230dd-aa73-4a2a-8fdc-f4246f155252, Nodes: f09e19a0-73d9-4449-addf-7f6ac098e286{ip: 192.168.164.197, host: trunk-nightly-extra-20190930-74rp4-3411845215, networkLocation: /default-rack, certSerialId: null}, Type:RATIS, Factor:ONE, State:CLOSED] moved to CLOSED state
2019-09-30 14:08:14,646 [EventQueue-StaleNodeForStaleNodeHandler] INFO  node.StaleNodeHandler (StaleNodeHandler.java:onMessage(58)) - Datanode 175b4be1-c2c3-4a6b-807b-0e77021a765c{ip: 192.168.164.197, host: trunk-nightly-extra-20190930-74rp4-3411845215, networkLocation: /default-rack, certSerialId: null} moved to stale state. Finalizing its pipelines [PipelineID=c74223a3-5ff9-495b-a3c9-9879bd963031, PipelineID=4199bf57-5504-4d94-be53-b58a3cb527fd]
2019-09-30 14:08:14,646 [EventQueue-StaleNodeForStaleNodeHandler] INFO  pipeline.SCMPipelineManager (SCMPipelineManager.java:finalizeAndDestroyPipeline(315)) - destroying pipeline:Pipeline[ Id: c74223a3-5ff9-495b-a3c9-9879bd963031, Nodes: 175b4be1-c2c3-4a6b-807b-0e77021a765c{ip: 192.168.164.197, host: trunk-nightly-extra-20190930-74rp4-3411845215, networkLocation: /default-rack, certSerialId: null}, Type:RATIS, Factor:ONE, State:OPEN]
2019-09-30 14:08:14,647 [EventQueue-StaleNodeForStaleNodeHandler] INFO  pipeline.PipelineStateManager (PipelineStateManager.java:finalizePipeline(123)) - Pipeline Pipeline[ Id: c74223a3-5ff9-495b-a3c9-9879bd963031, Nodes: 175b4be1-c2c3-4a6b-807b-0e77021a765c{ip: 192.168.164.197, host: trunk-nightly-extra-20190930-74rp4-3411845215, networkLocation: /default-rack, certSerialId: null}, Type:RATIS, Factor:ONE, State:CLOSED] moved to CLOSED state
2019-09-30 14:08:14,647 [EventQueue-StaleNodeForStaleNodeHandler] INFO  pipeline.SCMPipelineManager (SCMPipelineManager.java:finalizeAndDestroyPipeline(315)) - destroying pipeline:Pipeline[ Id: 4199bf57-5504-4d94-be53-b58a3cb527fd, Nodes: ba168577-4ce1-4f3c-87a0-c15d6ea77440{ip: 192.168.164.197, host: trunk-nightly-extra-20190930-74rp4-3411845215, networkLocation: /default-rack, certSerialId: null}175b4be1-c2c3-4a6b-807b-0e77021a765c{ip: 192.168.164.197, host: trunk-nightly-extra-20190930-74rp4-3411845215, networkLocation: /default-rack, certSerialId: null}b2bcdf43-b1cf-4fcd-9749-198db9829d65{ip: 192.168.164.197, host: trunk-nightly-extra-20190930-74rp4-3411845215, networkLocation: /default-rack, certSerialId: null}, Type:RATIS, Factor:THREE, State:OPEN]
2019-09-30 14:08:14,647 [EventQueue-StaleNodeForStaleNodeHandler] INFO  pipeline.PipelineStateManager (PipelineStateManager.java:finalizePipeline(123)) - Pipeline Pipeline[ Id: 4199bf57-5504-4d94-be53-b58a3cb527fd, Nodes: ba168577-4ce1-4f3c-87a0-c15d6ea77440{ip: 192.168.164.197, host: trunk-nightly-extra-20190930-74rp4-3411845215, networkLocation: /default-rack, certSerialId: null}175b4be1-c2c3-4a6b-807b-0e77021a765c{ip: 192.168.164.197, host: trunk-nightly-extra-20190930-74rp4-3411845215, networkLocation: /default-rack, certSerialId: null}b2bcdf43-b1cf-4fcd-9749-198db9829d65{ip: 192.168.164.197, host: trunk-nightly-extra-20190930-74rp4-3411845215, networkLocation: /default-rack, certSerialId: null}, Type:RATIS, Factor:THREE, State:CLOSED] moved to CLOSED state
2019-09-30 14:08:14,647 [EventQueue-CloseContainerForCloseContainerEventHandler] INFO  container.CloseContainerEventHandler (CloseContainerEventHandler.java:onMessage(61)) - Close container Event triggered for container : #2
2019-09-30 14:08:14,780 [main] INFO  ozoneimpl.OzoneContainer (OzoneContainer.java:stop(231)) - Attempting to stop container services.
2019-09-30 14:08:14,780 [ForkJoinPool.commonPool-worker-0] INFO  ozoneimpl.OzoneContainer (OzoneContainer.java:stop(231)) - Attempting to stop container services.
2019-09-30 14:08:14,785 [main] INFO  impl.RaftServerProxy (RaftServerProxy.java:lambda$close$4(314)) - 175b4be1-c2c3-4a6b-807b-0e77021a765c: close
2019-09-30 14:08:14,785 [ForkJoinPool.commonPool-worker-0] INFO  impl.RaftServerProxy (RaftServerProxy.java:lambda$close$4(314)) - f09e19a0-73d9-4449-addf-7f6ac098e286: close
2019-09-30 14:08:14,785 [main] INFO  impl.RaftServerImpl (RaftServerImpl.java:lambda$shutdown$3(251)) - 175b4be1-c2c3-4a6b-807b-0e77021a765c@group-9879BD963031: shutdown
2019-09-30 14:08:14,785 [ForkJoinPool.commonPool-worker-0] INFO  impl.RaftServerImpl (RaftServerImpl.java:lambda$shutdown$3(251)) - f09e19a0-73d9-4449-addf-7f6ac098e286@group-78C8E060C04D: shutdown
2019-09-30 14:08:14,785 [main] INFO  util.JmxRegister (JmxRegister.java:unregister(73)) - Successfully un-registered JMX Bean with object name Ratis:service=RaftServer,group=group-9879BD963031,id=175b4be1-c2c3-4a6b-807b-0e77021a765c
2019-09-30 14:08:14,786 [ForkJoinPool.commonPool-worker-0] INFO  util.JmxRegister (JmxRegister.java:unregister(73)) - Successfully un-registered JMX Bean with object name Ratis:service=RaftServer,group=group-78C8E060C04D,id=f09e19a0-73d9-4449-addf-7f6ac098e286
2019-09-30 14:08:14,786 [main] INFO  impl.RoleInfo (RoleInfo.java:shutdownLeaderState(104)) - 175b4be1-c2c3-4a6b-807b-0e77021a765c: shutdown LeaderState
2019-09-30 14:08:14,786 [ForkJoinPool.commonPool-worker-0] INFO  impl.RoleInfo (RoleInfo.java:shutdownFollowerState(121)) - f09e19a0-73d9-4449-addf-7f6ac098e286: shutdown FollowerState
2019-09-30 14:08:14,786 [main] INFO  impl.PendingRequests (PendingRequests.java:sendNotLeaderResponses(202)) - 175b4be1-c2c3-4a6b-807b-0e77021a765c-PendingRequests: sendNotLeaderResponses
2019-09-30 14:08:14,787 [Thread-4501] INFO  impl.FollowerState (FollowerState.java:run(115)) - f09e19a0-73d9-4449-addf-7f6ac098e286: FollowerState was interrupted: java.lang.InterruptedException: sleep interrupted
2019-09-30 14:08:14,787 [main] INFO  impl.StateMachineUpdater (StateMachineUpdater.java:stopAndJoin(125)) - 175b4be1-c2c3-4a6b-807b-0e77021a765c@group-9879BD963031-StateMachineUpdater: set stopIndex = 0
2019-09-30 14:08:14,786 [ForkJoinPool.commonPool-worker-0] INFO  impl.StateMachineUpdater (StateMachineUpdater.java:stopAndJoin(125)) - f09e19a0-73d9-4449-addf-7f6ac098e286@group-78C8E060C04D-StateMachineUpdater: set stopIndex = 6
2019-09-30 14:08:14,790 [main] INFO  impl.RaftServerImpl (ServerState.java:close(385)) - 175b4be1-c2c3-4a6b-807b-0e77021a765c@group-9879BD963031: closes. applyIndex: 0
2019-09-30 14:08:14,789 [f09e19a0-73d9-4449-addf-7f6ac098e286@group-78C8E060C04D-StateMachineUpdater] INFO  ratis.ContainerStateMachine (ContainerStateMachine.java:takeSnapshot(289)) - group-78C8E060C04D: Taking a snapshot at:(t:1, i:6) file /workdir/hadoop-ozone/integration-test/target/test-dir/MiniOzoneClusterImpl-94dfbac5-ba66-45b1-85eb-93ae9faac445/datanode-1/data/ratis/7ecf0d1a-d820-4f57-a5b6-78c8e060c04d/sm/snapshot.1_6
2019-09-30 14:08:14,790 [175b4be1-c2c3-4a6b-807b-0e77021a765c@group-9879BD963031-SegmentedRaftLogWorker] INFO  segmented.SegmentedRaftLogWorker (SegmentedRaftLogWorker.java:run(313)) - 175b4be1-c2c3-4a6b-807b-0e77021a765c@group-9879BD963031-SegmentedRaftLogWorker was interrupted, exiting. There are 0 tasks remaining in the queue.
2019-09-30 14:08:14,793 [main] INFO  segmented.SegmentedRaftLogWorker (SegmentedRaftLogWorker.java:close(228)) - 175b4be1-c2c3-4a6b-807b-0e77021a765c@group-9879BD963031-SegmentedRaftLogWorker close()
2019-09-30 14:08:14,797 [main] INFO  impl.RaftServerImpl (RaftServerImpl.java:lambda$shutdown$3(251)) - 175b4be1-c2c3-4a6b-807b-0e77021a765c@group-B58A3CB527FD: shutdown
2019-09-30 14:08:14,798 [main] INFO  util.JmxRegister (JmxRegister.java:unregister(73)) - Successfully un-registered JMX Bean with object name Ratis:service=RaftServer,group=group-B58A3CB527FD,id=175b4be1-c2c3-4a6b-807b-0e77021a765c
2019-09-30 14:08:14,798 [main] INFO  impl.RoleInfo (RoleInfo.java:shutdownLeaderState(104)) - 175b4be1-c2c3-4a6b-807b-0e77021a765c: shutdown LeaderState
2019-09-30 14:08:14,803 [main] INFO  impl.PendingRequests (PendingRequests.java:sendNotLeaderResponses(202)) - 175b4be1-c2c3-4a6b-807b-0e77021a765c-PendingRequests: sendNotLeaderResponses
2019-09-30 14:08:14,803 [org.apache.ratis.server.impl.LogAppender$AppenderDaemon$$Lambda$522/1766442520@432a2cbc] WARN  server.GrpcLogAppender (GrpcLogAppender.java:mayWait(143)) - 175b4be1-c2c3-4a6b-807b-0e77021a765c@group-B58A3CB527FD->ba168577-4ce1-4f3c-87a0-c15d6ea77440-GrpcLogAppender: Wait interrupted by java.lang.InterruptedException
2019-09-30 14:08:14,805 [main] INFO  impl.StateMachineUpdater (StateMachineUpdater.java:stopAndJoin(125)) - 175b4be1-c2c3-4a6b-807b-0e77021a765c@group-B58A3CB527FD-StateMachineUpdater: set stopIndex = 6
2019-09-30 14:08:14,803 [org.apache.ratis.server.impl.LogAppender$AppenderDaemon$$Lambda$522/1766442520@49bb9e05] WARN  server.GrpcLogAppender (GrpcLogAppender.java:mayWait(143)) - 175b4be1-c2c3-4a6b-807b-0e77021a765c@group-B58A3CB527FD->b2bcdf43-b1cf-4fcd-9749-198db9829d65-GrpcLogAppender: Wait interrupted by java.lang.InterruptedException
2019-09-30 14:08:14,805 [175b4be1-c2c3-4a6b-807b-0e77021a765c@group-B58A3CB527FD-StateMachineUpdater] INFO  ratis.ContainerStateMachine (ContainerStateMachine.java:takeSnapshot(289)) - group-B58A3CB527FD: Taking a snapshot at:(t:1, i:6) file /workdir/hadoop-ozone/integration-test/target/test-dir/MiniOzoneClusterImpl-94dfbac5-ba66-45b1-85eb-93ae9faac445/datanode-4/data/ratis/4199bf57-5504-4d94-be53-b58a3cb527fd/sm/snapshot.1_6
2019-09-30 14:08:14,806 [f09e19a0-73d9-4449-addf-7f6ac098e286@group-78C8E060C04D-StateMachineUpdater] INFO  ratis.ContainerStateMachine (ContainerStateMachine.java:takeSnapshot(300)) - group-78C8E060C04D: Finished taking a snapshot at:(t:1, i:6) file:/workdir/hadoop-ozone/integration-test/target/test-dir/MiniOzoneClusterImpl-94dfbac5-ba66-45b1-85eb-93ae9faac445/datanode-1/data/ratis/7ecf0d1a-d820-4f57-a5b6-78c8e060c04d/sm/snapshot.1_6 time:16
2019-09-30 14:08:14,806 [grpc-default-executor-10] INFO  server.GrpcServerProtocolService (GrpcServerProtocolService.java:onCompleted(113)) - b2bcdf43-b1cf-4fcd-9749-198db9829d65: Completed APPEND_ENTRIES, lastRequest: 175b4be1-c2c3-4a6b-807b-0e77021a765c->b2bcdf43-b1cf-4fcd-9749-198db9829d65#9-t1, previous=(t:1, i:6), leaderCommit=6, initializing? false, entries: <empty>
2019-09-30 14:08:14,806 [f09e19a0-73d9-4449-addf-7f6ac098e286@group-78C8E060C04D-StateMachineUpdater] INFO  impl.StateMachineUpdater (StateMachineUpdater.java:takeSnapshot(258)) - f09e19a0-73d9-4449-addf-7f6ac098e286@group-78C8E060C04D-StateMachineUpdater: Took a snapshot at index 6
2019-09-30 14:08:14,806 [grpc-default-executor-10] INFO  server.GrpcServerProtocolService (GrpcServerProtocolService.java:onCompleted(113)) - ba168577-4ce1-4f3c-87a0-c15d6ea77440: Completed APPEND_ENTRIES, lastRequest: 175b4be1-c2c3-4a6b-807b-0e77021a765c->ba168577-4ce1-4f3c-87a0-c15d6ea77440#9-t1, previous=(t:1, i:6), leaderCommit=6, initializing? false, entries: <empty>
2019-09-30 14:08:14,806 [f09e19a0-73d9-4449-addf-7f6ac098e286@group-78C8E060C04D-StateMachineUpdater] INFO  impl.StateMachineUpdater (StateMachineUpdater.java:lambda$new$0(83)) - f09e19a0-73d9-4449-addf-7f6ac098e286@group-78C8E060C04D-StateMachineUpdater: snapshotIndex: updateIncreasingly -1 -> 6
2019-09-30 14:08:14,807 [grpc-default-executor-1] INFO  server.GrpcLogAppender (GrpcLogAppender.java:onCompleted(293)) - 175b4be1-c2c3-4a6b-807b-0e77021a765c@group-B58A3CB527FD->b2bcdf43-b1cf-4fcd-9749-198db9829d65-AppendLogResponseHandler: follower responses appendEntries COMPLETED
2019-09-30 14:08:14,807 [ForkJoinPool.commonPool-worker-0] INFO  impl.RaftServerImpl (ServerState.java:close(385)) - f09e19a0-73d9-4449-addf-7f6ac098e286@group-78C8E060C04D: closes. applyIndex: 6
2019-09-30 14:08:14,807 [grpc-default-executor-12] INFO  server.GrpcLogAppender (GrpcLogAppender.java:onCompleted(293)) - 175b4be1-c2c3-4a6b-807b-0e77021a765c@group-B58A3CB527FD->ba168577-4ce1-4f3c-87a0-c15d6ea77440-AppendLogResponseHandler: follower responses appendEntries COMPLETED
2019-09-30 14:08:14,807 [f09e19a0-73d9-4449-addf-7f6ac098e286@group-78C8E060C04D-SegmentedRaftLogWorker] INFO  segmented.SegmentedRaftLogWorker (SegmentedRaftLogWorker.java:run(313)) - f09e19a0-73d9-4449-addf-7f6ac098e286@group-78C8E060C04D-SegmentedRaftLogWorker was interrupted, exiting. There are 0 tasks remaining in the queue.
2019-09-30 14:08:14,807 [grpc-default-executor-12] INFO  impl.FollowerInfo (FollowerInfo.java:lambda$new$0(51)) - 175b4be1-c2c3-4a6b-807b-0e77021a765c@group-B58A3CB527FD->ba168577-4ce1-4f3c-87a0-c15d6ea77440: nextIndex: updateUnconditionally 7 -> 6
2019-09-30 14:08:14,807 [grpc-default-executor-1] INFO  impl.FollowerInfo (FollowerInfo.java:lambda$new$0(51)) - 175b4be1-c2c3-4a6b-807b-0e77021a765c@group-B58A3CB527FD->b2bcdf43-b1cf-4fcd-9749-198db9829d65: nextIndex: updateUnconditionally 7 -> 6
2019-09-30 14:08:14,810 [175b4be1-c2c3-4a6b-807b-0e77021a765c@group-B58A3CB527FD-StateMachineUpdater] INFO  ratis.ContainerStateMachine (ContainerStateMachine.java:takeSnapshot(300)) - group-B58A3CB527FD: Finished taking a snapshot at:(t:1, i:6) file:/workdir/hadoop-ozone/integration-test/target/test-dir/MiniOzoneClusterImpl-94dfbac5-ba66-45b1-85eb-93ae9faac445/datanode-4/data/ratis/4199bf57-5504-4d94-be53-b58a3cb527fd/sm/snapshot.1_6 time:5
2019-09-30 14:08:14,810 [ForkJoinPool.commonPool-worker-0] INFO  segmented.SegmentedRaftLogWorker (SegmentedRaftLogWorker.java:close(228)) - f09e19a0-73d9-4449-addf-7f6ac098e286@group-78C8E060C04D-SegmentedRaftLogWorker close()
2019-09-30 14:08:14,814 [ForkJoinPool.commonPool-worker-0] INFO  impl.RaftServerImpl (RaftServerImpl.java:lambda$shutdown$3(251)) - f09e19a0-73d9-4449-addf-7f6ac098e286@group-F4246F155252: shutdown
2019-09-30 14:08:14,814 [ForkJoinPool.commonPool-worker-0] INFO  util.JmxRegister (JmxRegister.java:unregister(73)) - Successfully un-registered JMX Bean with object name Ratis:service=RaftServer,group=group-F4246F155252,id=f09e19a0-73d9-4449-addf-7f6ac098e286
2019-09-30 14:08:14,814 [175b4be1-c2c3-4a6b-807b-0e77021a765c@group-B58A3CB527FD-StateMachineUpdater] INFO  impl.StateMachineUpdater (StateMachineUpdater.java:takeSnapshot(258)) - 175b4be1-c2c3-4a6b-807b-0e77021a765c@group-B58A3CB527FD-StateMachineUpdater: Took a snapshot at index 6
2019-09-30 14:08:14,814 [ForkJoinPool.commonPool-worker-0] INFO  impl.RoleInfo (RoleInfo.java:shutdownLeaderState(104)) - f09e19a0-73d9-4449-addf-7f6ac098e286: shutdown LeaderState
2019-09-30 14:08:14,814 [175b4be1-c2c3-4a6b-807b-0e77021a765c@group-B58A3CB527FD-StateMachineUpdater] INFO  impl.StateMachineUpdater (StateMachineUpdater.java:lambda$new$0(83)) - 175b4be1-c2c3-4a6b-807b-0e77021a765c@group-B58A3CB527FD-StateMachineUpdater: snapshotIndex: updateIncreasingly -1 -> 6
2019-09-30 14:08:14,814 [ForkJoinPool.commonPool-worker-0] INFO  impl.PendingRequests (PendingRequests.java:sendNotLeaderResponses(202)) - f09e19a0-73d9-4449-addf-7f6ac098e286-PendingRequests: sendNotLeaderResponses
2019-09-30 14:08:14,815 [main] INFO  impl.RaftServerImpl (ServerState.java:close(385)) - 175b4be1-c2c3-4a6b-807b-0e77021a765c@group-B58A3CB527FD: closes. applyIndex: 6
2019-09-30 14:08:14,815 [ForkJoinPool.commonPool-worker-0] INFO  impl.StateMachineUpdater (StateMachineUpdater.java:stopAndJoin(125)) - f09e19a0-73d9-4449-addf-7f6ac098e286@group-F4246F155252-StateMachineUpdater: set stopIndex = 0
2019-09-30 14:08:14,815 [ForkJoinPool.commonPool-worker-0] INFO  impl.RaftServerImpl (ServerState.java:close(385)) - f09e19a0-73d9-4449-addf-7f6ac098e286@group-F4246F155252: closes. applyIndex: 0
2019-09-30 14:08:14,815 [175b4be1-c2c3-4a6b-807b-0e77021a765c@group-B58A3CB527FD-SegmentedRaftLogWorker] INFO  segmented.SegmentedRaftLogWorker (SegmentedRaftLogWorker.java:run(313)) - 175b4be1-c2c3-4a6b-807b-0e77021a765c@group-B58A3CB527FD-SegmentedRaftLogWorker was interrupted, exiting. There are 0 tasks remaining in the queue.
2019-09-30 14:08:14,816 [f09e19a0-73d9-4449-addf-7f6ac098e286@group-F4246F155252-SegmentedRaftLogWorker] INFO  segmented.SegmentedRaftLogWorker (SegmentedRaftLogWorker.java:run(313)) - f09e19a0-73d9-4449-addf-7f6ac098e286@group-F4246F155252-SegmentedRaftLogWorker was interrupted, exiting. There are 0 tasks remaining in the queue.
2019-09-30 14:08:14,818 [main] INFO  segmented.SegmentedRaftLogWorker (SegmentedRaftLogWorker.java:close(228)) - 175b4be1-c2c3-4a6b-807b-0e77021a765c@group-B58A3CB527FD-SegmentedRaftLogWorker close()
2019-09-30 14:08:14,820 [ForkJoinPool.commonPool-worker-0] INFO  segmented.SegmentedRaftLogWorker (SegmentedRaftLogWorker.java:close(228)) - f09e19a0-73d9-4449-addf-7f6ac098e286@group-F4246F155252-SegmentedRaftLogWorker close()
2019-09-30 14:08:14,823 [main] INFO  server.GrpcService (GrpcService.java:closeImpl(164)) - 175b4be1-c2c3-4a6b-807b-0e77021a765c: shutdown server with port 43926 now
2019-09-30 14:08:14,827 [ForkJoinPool.commonPool-worker-0] INFO  server.GrpcService (GrpcService.java:closeImpl(164)) - f09e19a0-73d9-4449-addf-7f6ac098e286: shutdown server with port 36786 now
2019-09-30 14:08:14,828 [main] INFO  server.GrpcService (GrpcService.java:closeImpl(172)) - 175b4be1-c2c3-4a6b-807b-0e77021a765c: shutdown server with port 43926 successfully
2019-09-30 14:08:14,828 [grpc-default-executor-10] WARN  server.GrpcServerProtocolService (LogUtils.java:warn(134)) - f09e19a0-73d9-4449-addf-7f6ac098e286: installSnapshot onError, lastRequest: cdcc480e-914b-425f-b4af-fa04f83470c1->f09e19a0-73d9-4449-addf-7f6ac098e286#9-t1, previous=(t:1, i:6), leaderCommit=6, initializing? false, entries: <empty>: org.apache.ratis.thirdparty.io.grpc.StatusRuntimeException: CANCELLED: cancelled before receiving half close
2019-09-30 14:08:14,828 [grpc-default-executor-1] WARN  server.GrpcLogAppender (LogUtils.java:warn(134)) - cdcc480e-914b-425f-b4af-fa04f83470c1@group-78C8E060C04D->f09e19a0-73d9-4449-addf-7f6ac098e286-AppendLogResponseHandler: Failed appendEntries: org.apache.ratis.thirdparty.io.grpc.StatusRuntimeException: CANCELLED: HTTP/2 error code: CANCEL
Received Rst Stream
2019-09-30 14:08:14,828 [ForkJoinPool.commonPool-worker-0] INFO  server.GrpcService (GrpcService.java:closeImpl(172)) - f09e19a0-73d9-4449-addf-7f6ac098e286: shutdown server with port 36786 successfully
2019-09-30 14:08:14,829 [grpc-default-executor-1] INFO  impl.FollowerInfo (FollowerInfo.java:lambda$new$0(51)) - cdcc480e-914b-425f-b4af-fa04f83470c1@group-78C8E060C04D->f09e19a0-73d9-4449-addf-7f6ac098e286: nextIndex: updateUnconditionally 7 -> 6
2019-09-30 14:08:14,830 [refreshUsed-/workdir/hadoop-ozone/integration-test/target/test-dir/MiniOzoneClusterImpl-94dfbac5-ba66-45b1-85eb-93ae9faac445/datanode-4/data/containers] WARN  fs.CachingGetSpaceUsed (CachingGetSpaceUsed.java:run(183)) - Thread Interrupted waiting to refresh disk information: sleep interrupted
2019-09-30 14:08:14,831 [refreshUsed-/workdir/hadoop-ozone/integration-test/target/test-dir/MiniOzoneClusterImpl-94dfbac5-ba66-45b1-85eb-93ae9faac445/datanode-1/data/containers] WARN  fs.CachingGetSpaceUsed (CachingGetSpaceUsed.java:run(183)) - Thread Interrupted waiting to refresh disk information: sleep interrupted
2019-09-30 14:08:14,845 [main] INFO  utils.BackgroundService (BackgroundService.java:shutdown(148)) - Shutting down service BlockDeletingService
2019-09-30 14:08:14,850 [main] INFO  statemachine.DatanodeStateMachine (DatanodeStateMachine.java:stopDaemon(395)) - Ozone container server stopped.
2019-09-30 14:08:14,854 [ForkJoinPool.commonPool-worker-0] INFO  utils.BackgroundService (BackgroundService.java:shutdown(148)) - Shutting down service BlockDeletingService
2019-09-30 14:08:14,860 [ForkJoinPool.commonPool-worker-0] INFO  statemachine.DatanodeStateMachine (DatanodeStateMachine.java:stopDaemon(395)) - Ozone container server stopped.
2019-09-30 14:08:14,865 [main] INFO  handler.ContextHandler (ContextHandler.java:doStop(910)) - Stopped o.e.j.w.WebAppContext@278de2b2{/,null,UNAVAILABLE}{/hddsDatanode}
2019-09-30 14:08:14,867 [ForkJoinPool.commonPool-worker-0] INFO  handler.ContextHandler (ContextHandler.java:doStop(910)) - Stopped o.e.j.w.WebAppContext@3ae2702a{/,null,UNAVAILABLE}{/hddsDatanode}
2019-09-30 14:08:14,867 [main] INFO  server.AbstractConnector (AbstractConnector.java:doStop(318)) - Stopped ServerConnector@1fc1c7e{HTTP/1.1,[http/1.1]}{0.0.0.0:0}
2019-09-30 14:08:14,868 [ForkJoinPool.commonPool-worker-0] INFO  server.AbstractConnector (AbstractConnector.java:doStop(318)) - Stopped ServerConnector@7d088813{HTTP/1.1,[http/1.1]}{0.0.0.0:0}
2019-09-30 14:08:14,868 [main] INFO  handler.ContextHandler (ContextHandler.java:doStop(910)) - Stopped o.e.j.s.ServletContextHandler@a69f9d{/static,jar:file:/home/user/.m2/repository/org/apache/hadoop/hadoop-hdds-container-service/0.5.0-SNAPSHOT/hadoop-hdds-container-service-0.5.0-SNAPSHOT.jar!/webapps/static,UNAVAILABLE}
2019-09-30 14:08:14,869 [ForkJoinPool.commonPool-worker-0] INFO  handler.ContextHandler (ContextHandler.java:doStop(910)) - Stopped o.e.j.s.ServletContextHandler@15e8c040{/static,jar:file:/home/user/.m2/repository/org/apache/hadoop/hadoop-hdds-container-service/0.5.0-SNAPSHOT/hadoop-hdds-container-service-0.5.0-SNAPSHOT.jar!/webapps/static,UNAVAILABLE}
2019-09-30 14:08:14,873 [ForkJoinPool.commonPool-worker-0] INFO  handler.ContextHandler (ContextHandler.java:doStop(910)) - Stopped o.e.j.s.ServletContextHandler@10bdfbcc{/logs,file:///workdir/hadoop-ozone/integration-test/target/log,UNAVAILABLE}
2019-09-30 14:08:14,873 [main] INFO  handler.ContextHandler (ContextHandler.java:doStop(910)) - Stopped o.e.j.s.ServletContextHandler@284d4885{/logs,file:///workdir/hadoop-ozone/integration-test/target/log,UNAVAILABLE}
2019-09-30 14:08:14,939 [grpc-default-executor-10] WARN  server.GrpcLogAppender (LogUtils.java:warn(134)) - cdcc480e-914b-425f-b4af-fa04f83470c1@group-78C8E060C04D->f09e19a0-73d9-4449-addf-7f6ac098e286-AppendLogResponseHandler: Failed appendEntries: org.apache.ratis.thirdparty.io.grpc.StatusRuntimeException: UNAVAILABLE: io exception
2019-09-30 14:08:14,939 [grpc-default-executor-10] INFO  impl.FollowerInfo (FollowerInfo.java:lambda$new$0(51)) - cdcc480e-914b-425f-b4af-fa04f83470c1@group-78C8E060C04D->f09e19a0-73d9-4449-addf-7f6ac098e286: nextIndex: updateUnconditionally 6 -> 5
2019-09-30 14:08:15,379 [Datanode State Machine Thread - 0] INFO  statemachine.DatanodeStateMachine (DatanodeStateMachine.java:lambda$startDaemon$0(350)) - Ozone container server started.
2019-09-30 14:08:15,604 [Datanode State Machine Thread - 0] INFO  statemachine.DatanodeStateMachine (DatanodeStateMachine.java:lambda$startDaemon$0(350)) - Ozone container server started.
2019-09-30 14:08:17,406 [grpc-default-executor-12] WARN  server.GrpcLogAppender (LogUtils.java:warn(134)) - cdcc480e-914b-425f-b4af-fa04f83470c1@group-78C8E060C04D->f09e19a0-73d9-4449-addf-7f6ac098e286-AppendLogResponseHandler: Failed appendEntries: org.apache.ratis.thirdparty.io.grpc.StatusRuntimeException: UNAVAILABLE: io exception
2019-09-30 14:08:17,406 [grpc-default-executor-12] INFO  impl.FollowerInfo (FollowerInfo.java:lambda$new$0(51)) - cdcc480e-914b-425f-b4af-fa04f83470c1@group-78C8E060C04D->f09e19a0-73d9-4449-addf-7f6ac098e286: nextIndex: updateUnconditionally 6 -> 5
2019-09-30 14:08:17,415 [grpc-default-executor-10] WARN  server.GrpcLogAppender (LogUtils.java:warn(134)) - cdcc480e-914b-425f-b4af-fa04f83470c1@group-78C8E060C04D->f09e19a0-73d9-4449-addf-7f6ac098e286-AppendLogResponseHandler: Failed appendEntries: org.apache.ratis.thirdparty.io.grpc.StatusRuntimeException: UNAVAILABLE: io exception
2019-09-30 14:08:17,416 [grpc-default-executor-10] INFO  impl.FollowerInfo (FollowerInfo.java:lambda$new$0(51)) - cdcc480e-914b-425f-b4af-fa04f83470c1@group-78C8E060C04D->f09e19a0-73d9-4449-addf-7f6ac098e286: nextIndex: updateUnconditionally 6 -> 5
2019-09-30 14:08:17,428 [grpc-default-executor-10] WARN  server.GrpcLogAppender (LogUtils.java:warn(134)) - cdcc480e-914b-425f-b4af-fa04f83470c1@group-78C8E060C04D->f09e19a0-73d9-4449-addf-7f6ac098e286-AppendLogResponseHandler: Failed appendEntries: org.apache.ratis.thirdparty.io.grpc.StatusRuntimeException: UNAVAILABLE: io exception
2019-09-30 14:08:17,428 [grpc-default-executor-10] INFO  impl.FollowerInfo (FollowerInfo.java:lambda$new$0(51)) - cdcc480e-914b-425f-b4af-fa04f83470c1@group-78C8E060C04D->f09e19a0-73d9-4449-addf-7f6ac098e286: nextIndex: updateUnconditionally 6 -> 5
2019-09-30 14:08:17,429 [RatisApplyTransactionExecutor 1] INFO  interfaces.Container (KeyValueContainer.java:flushAndSyncDB(386)) - Container 1 is synced with bcsId 4.
2019-09-30 14:08:17,429 [RatisApplyTransactionExecutor 1] INFO  interfaces.Container (KeyValueContainer.java:flushAndSyncDB(386)) - Container 1 is synced with bcsId 4.
2019-09-30 14:08:17,444 [RatisApplyTransactionExecutor 1] INFO  interfaces.Container (KeyValueContainer.java:close(335)) - Container 1 is closed with bcsId 4.
2019-09-30 14:08:17,445 [RatisApplyTransactionExecutor 1] INFO  interfaces.Container (KeyValueContainer.java:flushAndSyncDB(386)) - Container 1 is synced with bcsId 4.
2019-09-30 14:08:17,445 [RatisApplyTransactionExecutor 1] INFO  interfaces.Container (KeyValueContainer.java:flushAndSyncDB(386)) - Container 1 is synced with bcsId 4.
2019-09-30 14:08:17,445 [EventQueue-IncrementalContainerReportForIncrementalContainerReportHandler] INFO  container.IncrementalContainerReportHandler (AbstractContainerReportHandler.java:updateContainerState(176)) - Moving container #1 to CLOSED state, datanode cdcc480e-914b-425f-b4af-fa04f83470c1{ip: 192.168.164.197, host: trunk-nightly-extra-20190930-74rp4-3411845215, networkLocation: /default-rack, certSerialId: null} reported CLOSED replica.
2019-09-30 14:08:17,458 [RatisApplyTransactionExecutor 1] INFO  interfaces.Container (KeyValueContainer.java:close(335)) - Container 1 is closed with bcsId 4.
2019-09-30 14:08:19,452 [EventQueue-StaleNodeForStaleNodeHandler] INFO  node.StaleNodeHandler (StaleNodeHandler.java:onMessage(58)) - Datanode 1f70c5e8-35ba-4faa-96c7-fcea44d2543c{ip: 192.168.164.197, host: trunk-nightly-extra-20190930-74rp4-3411845215, networkLocation: /default-rack, certSerialId: null} moved to stale state. Finalizing its pipelines [PipelineID=7ecf0d1a-d820-4f57-a5b6-78c8e060c04d, PipelineID=c0beee11-2a12-47e9-9d8e-47bb2e6eae31]
2019-09-30 14:08:19,453 [EventQueue-StaleNodeForStaleNodeHandler] INFO  pipeline.SCMPipelineManager (SCMPipelineManager.java:finalizeAndDestroyPipeline(315)) - destroying pipeline:Pipeline[ Id: 7ecf0d1a-d820-4f57-a5b6-78c8e060c04d, Nodes: f09e19a0-73d9-4449-addf-7f6ac098e286{ip: 192.168.164.197, host: trunk-nightly-extra-20190930-74rp4-3411845215, networkLocation: /default-rack, certSerialId: null}cdcc480e-914b-425f-b4af-fa04f83470c1{ip: 192.168.164.197, host: trunk-nightly-extra-20190930-74rp4-3411845215, networkLocation: /default-rack, certSerialId: null}1f70c5e8-35ba-4faa-96c7-fcea44d2543c{ip: 192.168.164.197, host: trunk-nightly-extra-20190930-74rp4-3411845215, networkLocation: /default-rack, certSerialId: null}, Type:RATIS, Factor:THREE, State:CLOSED]
2019-09-30 14:08:19,454 [EventQueue-StaleNodeForStaleNodeHandler] INFO  pipeline.SCMPipelineManager (SCMPipelineManager.java:finalizeAndDestroyPipeline(315)) - destroying pipeline:Pipeline[ Id: c0beee11-2a12-47e9-9d8e-47bb2e6eae31, Nodes: 1f70c5e8-35ba-4faa-96c7-fcea44d2543c{ip: 192.168.164.197, host: trunk-nightly-extra-20190930-74rp4-3411845215, networkLocation: /default-rack, certSerialId: null}, Type:RATIS, Factor:ONE, State:OPEN]
2019-09-30 14:08:19,454 [EventQueue-StaleNodeForStaleNodeHandler] INFO  pipeline.PipelineStateManager (PipelineStateManager.java:finalizePipeline(123)) - Pipeline Pipeline[ Id: c0beee11-2a12-47e9-9d8e-47bb2e6eae31, Nodes: 1f70c5e8-35ba-4faa-96c7-fcea44d2543c{ip: 192.168.164.197, host: trunk-nightly-extra-20190930-74rp4-3411845215, networkLocation: /default-rack, certSerialId: null}, Type:RATIS, Factor:ONE, State:CLOSED] moved to CLOSED state
2019-09-30 14:08:19,653 [EventQueue-StaleNodeForStaleNodeHandler] INFO  node.StaleNodeHandler (StaleNodeHandler.java:onMessage(58)) - Datanode b2bcdf43-b1cf-4fcd-9749-198db9829d65{ip: 192.168.164.197, host: trunk-nightly-extra-20190930-74rp4-3411845215, networkLocation: /default-rack, certSerialId: null} moved to stale state. Finalizing its pipelines [PipelineID=e1f400d0-2182-49dd-84c3-dd94cb526081, PipelineID=4199bf57-5504-4d94-be53-b58a3cb527fd]
2019-09-30 14:08:19,653 [EventQueue-StaleNodeForStaleNodeHandler] INFO  pipeline.SCMPipelineManager (SCMPipelineManager.java:finalizeAndDestroyPipeline(315)) - destroying pipeline:Pipeline[ Id: e1f400d0-2182-49dd-84c3-dd94cb526081, Nodes: b2bcdf43-b1cf-4fcd-9749-198db9829d65{ip: 192.168.164.197, host: trunk-nightly-extra-20190930-74rp4-3411845215, networkLocation: /default-rack, certSerialId: null}, Type:RATIS, Factor:ONE, State:OPEN]
2019-09-30 14:08:19,653 [EventQueue-StaleNodeForStaleNodeHandler] INFO  pipeline.PipelineStateManager (PipelineStateManager.java:finalizePipeline(123)) - Pipeline Pipeline[ Id: e1f400d0-2182-49dd-84c3-dd94cb526081, Nodes: b2bcdf43-b1cf-4fcd-9749-198db9829d65{ip: 192.168.164.197, host: trunk-nightly-extra-20190930-74rp4-3411845215, networkLocation: /default-rack, certSerialId: null}, Type:RATIS, Factor:ONE, State:CLOSED] moved to CLOSED state
2019-09-30 14:08:19,653 [EventQueue-StaleNodeForStaleNodeHandler] INFO  pipeline.SCMPipelineManager (SCMPipelineManager.java:finalizeAndDestroyPipeline(315)) - destroying pipeline:Pipeline[ Id: 4199bf57-5504-4d94-be53-b58a3cb527fd, Nodes: ba168577-4ce1-4f3c-87a0-c15d6ea77440{ip: 192.168.164.197, host: trunk-nightly-extra-20190930-74rp4-3411845215, networkLocation: /default-rack, certSerialId: null}175b4be1-c2c3-4a6b-807b-0e77021a765c{ip: 192.168.164.197, host: trunk-nightly-extra-20190930-74rp4-3411845215, networkLocation: /default-rack, certSerialId: null}b2bcdf43-b1cf-4fcd-9749-198db9829d65{ip: 192.168.164.197, host: trunk-nightly-extra-20190930-74rp4-3411845215, networkLocation: /default-rack, certSerialId: null}, Type:RATIS, Factor:THREE, State:CLOSED]
2019-09-30 14:08:19,876 [ForkJoinPool.commonPool-worker-0] INFO  ozoneimpl.OzoneContainer (OzoneContainer.java:stop(231)) - Attempting to stop container services.
2019-09-30 14:08:19,876 [main] INFO  ozoneimpl.OzoneContainer (OzoneContainer.java:stop(231)) - Attempting to stop container services.
2019-09-30 14:08:19,883 [main] INFO  impl.RaftServerProxy (RaftServerProxy.java:lambda$close$4(314)) - b2bcdf43-b1cf-4fcd-9749-198db9829d65: close
2019-09-30 14:08:19,884 [main] INFO  impl.RaftServerImpl (RaftServerImpl.java:lambda$shutdown$3(251)) - b2bcdf43-b1cf-4fcd-9749-198db9829d65@group-DD94CB526081: shutdown
2019-09-30 14:08:19,884 [main] INFO  util.JmxRegister (JmxRegister.java:unregister(73)) - Successfully un-registered JMX Bean with object name Ratis:service=RaftServer,group=group-DD94CB526081,id=b2bcdf43-b1cf-4fcd-9749-198db9829d65
2019-09-30 14:08:19,884 [main] INFO  impl.RoleInfo (RoleInfo.java:shutdownLeaderState(104)) - b2bcdf43-b1cf-4fcd-9749-198db9829d65: shutdown LeaderState
2019-09-30 14:08:19,885 [main] INFO  impl.PendingRequests (PendingRequests.java:sendNotLeaderResponses(202)) - b2bcdf43-b1cf-4fcd-9749-198db9829d65-PendingRequests: sendNotLeaderResponses
2019-09-30 14:08:19,885 [main] INFO  impl.StateMachineUpdater (StateMachineUpdater.java:stopAndJoin(125)) - b2bcdf43-b1cf-4fcd-9749-198db9829d65@group-DD94CB526081-StateMachineUpdater: set stopIndex = 0
2019-09-30 14:08:19,886 [ForkJoinPool.commonPool-worker-0] INFO  impl.RaftServerProxy (RaftServerProxy.java:lambda$close$4(314)) - 1f70c5e8-35ba-4faa-96c7-fcea44d2543c: close
2019-09-30 14:08:19,886 [ForkJoinPool.commonPool-worker-0] INFO  impl.RaftServerImpl (RaftServerImpl.java:lambda$shutdown$3(251)) - 1f70c5e8-35ba-4faa-96c7-fcea44d2543c@group-78C8E060C04D: shutdown
2019-09-30 14:08:19,886 [main] INFO  impl.RaftServerImpl (ServerState.java:close(385)) - b2bcdf43-b1cf-4fcd-9749-198db9829d65@group-DD94CB526081: closes. applyIndex: 0
2019-09-30 14:08:19,886 [ForkJoinPool.commonPool-worker-0] INFO  util.JmxRegister (JmxRegister.java:unregister(73)) - Successfully un-registered JMX Bean with object name Ratis:service=RaftServer,group=group-78C8E060C04D,id=1f70c5e8-35ba-4faa-96c7-fcea44d2543c
2019-09-30 14:08:19,887 [ForkJoinPool.commonPool-worker-0] INFO  impl.RoleInfo (RoleInfo.java:shutdownFollowerState(121)) - 1f70c5e8-35ba-4faa-96c7-fcea44d2543c: shutdown FollowerState
2019-09-30 14:08:19,886 [b2bcdf43-b1cf-4fcd-9749-198db9829d65@group-DD94CB526081-SegmentedRaftLogWorker] INFO  segmented.SegmentedRaftLogWorker (SegmentedRaftLogWorker.java:run(313)) - b2bcdf43-b1cf-4fcd-9749-198db9829d65@group-DD94CB526081-SegmentedRaftLogWorker was interrupted, exiting. There are 0 tasks remaining in the queue.
2019-09-30 14:08:19,887 [Thread-4500] INFO  impl.FollowerState (FollowerState.java:run(115)) - 1f70c5e8-35ba-4faa-96c7-fcea44d2543c: FollowerState was interrupted: java.lang.InterruptedException: sleep interrupted
2019-09-30 14:08:19,887 [1f70c5e8-35ba-4faa-96c7-fcea44d2543c@group-78C8E060C04D-StateMachineUpdater] INFO  ratis.ContainerStateMachine (ContainerStateMachine.java:takeSnapshot(289)) - group-78C8E060C04D: Taking a snapshot at:(t:1, i:7) file /workdir/hadoop-ozone/integration-test/target/test-dir/MiniOzoneClusterImpl-94dfbac5-ba66-45b1-85eb-93ae9faac445/datanode-2/data/ratis/7ecf0d1a-d820-4f57-a5b6-78c8e060c04d/sm/snapshot.1_7
2019-09-30 14:08:19,887 [ForkJoinPool.commonPool-worker-0] INFO  impl.StateMachineUpdater (StateMachineUpdater.java:stopAndJoin(125)) - 1f70c5e8-35ba-4faa-96c7-fcea44d2543c@group-78C8E060C04D-StateMachineUpdater: set stopIndex = 7
2019-09-30 14:08:19,894 [main] INFO  segmented.SegmentedRaftLogWorker (SegmentedRaftLogWorker.java:close(228)) - b2bcdf43-b1cf-4fcd-9749-198db9829d65@group-DD94CB526081-SegmentedRaftLogWorker close()
2019-09-30 14:08:19,899 [main] INFO  impl.RaftServerImpl (RaftServerImpl.java:lambda$shutdown$3(251)) - b2bcdf43-b1cf-4fcd-9749-198db9829d65@group-B58A3CB527FD: shutdown
2019-09-30 14:08:19,899 [main] INFO  util.JmxRegister (JmxRegister.java:unregister(73)) - Successfully un-registered JMX Bean with object name Ratis:service=RaftServer,group=group-B58A3CB527FD,id=b2bcdf43-b1cf-4fcd-9749-198db9829d65
2019-09-30 14:08:19,899 [main] INFO  impl.RoleInfo (RoleInfo.java:shutdownFollowerState(121)) - b2bcdf43-b1cf-4fcd-9749-198db9829d65: shutdown FollowerState
2019-09-30 14:08:19,900 [main] INFO  impl.StateMachineUpdater (StateMachineUpdater.java:stopAndJoin(125)) - b2bcdf43-b1cf-4fcd-9749-198db9829d65@group-B58A3CB527FD-StateMachineUpdater: set stopIndex = 6
2019-09-30 14:08:19,900 [b2bcdf43-b1cf-4fcd-9749-198db9829d65@group-B58A3CB527FD-StateMachineUpdater] INFO  ratis.ContainerStateMachine (ContainerStateMachine.java:takeSnapshot(289)) - group-B58A3CB527FD: Taking a snapshot at:(t:1, i:4) file /workdir/hadoop-ozone/integration-test/target/test-dir/MiniOzoneClusterImpl-94dfbac5-ba66-45b1-85eb-93ae9faac445/datanode-3/data/ratis/4199bf57-5504-4d94-be53-b58a3cb527fd/sm/snapshot.1_4
2019-09-30 14:08:19,900 [Thread-4520] INFO  impl.FollowerState (FollowerState.java:run(115)) - b2bcdf43-b1cf-4fcd-9749-198db9829d65: FollowerState was interrupted: java.lang.InterruptedException: sleep interrupted
2019-09-30 14:08:19,912 [1f70c5e8-35ba-4faa-96c7-fcea44d2543c@group-78C8E060C04D-StateMachineUpdater] INFO  ratis.ContainerStateMachine (ContainerStateMachine.java:takeSnapshot(300)) - group-78C8E060C04D: Finished taking a snapshot at:(t:1, i:7) file:/workdir/hadoop-ozone/integration-test/target/test-dir/MiniOzoneClusterImpl-94dfbac5-ba66-45b1-85eb-93ae9faac445/datanode-2/data/ratis/7ecf0d1a-d820-4f57-a5b6-78c8e060c04d/sm/snapshot.1_7 time:25
2019-09-30 14:08:19,912 [b2bcdf43-b1cf-4fcd-9749-198db9829d65@group-B58A3CB527FD-StateMachineUpdater] INFO  ratis.ContainerStateMachine (ContainerStateMachine.java:takeSnapshot(300)) - group-B58A3CB527FD: Finished taking a snapshot at:(t:1, i:4) file:/workdir/hadoop-ozone/integration-test/target/test-dir/MiniOzoneClusterImpl-94dfbac5-ba66-45b1-85eb-93ae9faac445/datanode-3/data/ratis/4199bf57-5504-4d94-be53-b58a3cb527fd/sm/snapshot.1_4 time:12
2019-09-30 14:08:19,912 [1f70c5e8-35ba-4faa-96c7-fcea44d2543c@group-78C8E060C04D-StateMachineUpdater] INFO  impl.StateMachineUpdater (StateMachineUpdater.java:takeSnapshot(258)) - 1f70c5e8-35ba-4faa-96c7-fcea44d2543c@group-78C8E060C04D-StateMachineUpdater: Took a snapshot at index 7
2019-09-30 14:08:19,913 [b2bcdf43-b1cf-4fcd-9749-198db9829d65@group-B58A3CB527FD-StateMachineUpdater] INFO  impl.StateMachineUpdater (StateMachineUpdater.java:takeSnapshot(258)) - b2bcdf43-b1cf-4fcd-9749-198db9829d65@group-B58A3CB527FD-StateMachineUpdater: Took a snapshot at index 4
2019-09-30 14:08:19,913 [1f70c5e8-35ba-4faa-96c7-fcea44d2543c@group-78C8E060C04D-StateMachineUpdater] INFO  impl.StateMachineUpdater (StateMachineUpdater.java:lambda$new$0(83)) - 1f70c5e8-35ba-4faa-96c7-fcea44d2543c@group-78C8E060C04D-StateMachineUpdater: snapshotIndex: updateIncreasingly -1 -> 7
2019-09-30 14:08:19,913 [b2bcdf43-b1cf-4fcd-9749-198db9829d65@group-B58A3CB527FD-StateMachineUpdater] INFO  impl.StateMachineUpdater (StateMachineUpdater.java:lambda$new$0(83)) - b2bcdf43-b1cf-4fcd-9749-198db9829d65@group-B58A3CB527FD-StateMachineUpdater: snapshotIndex: updateIncreasingly -1 -> 4
2019-09-30 14:08:19,913 [b2bcdf43-b1cf-4fcd-9749-198db9829d65@group-B58A3CB527FD-StateMachineUpdater] INFO  ratis.ContainerStateMachine (ContainerStateMachine.java:takeSnapshot(289)) - group-B58A3CB527FD: Taking a snapshot at:(t:1, i:4) file /workdir/hadoop-ozone/integration-test/target/test-dir/MiniOzoneClusterImpl-94dfbac5-ba66-45b1-85eb-93ae9faac445/datanode-3/data/ratis/4199bf57-5504-4d94-be53-b58a3cb527fd/sm/snapshot.1_4
2019-09-30 14:08:19,913 [ForkJoinPool.commonPool-worker-0] INFO  impl.RaftServerImpl (ServerState.java:close(385)) - 1f70c5e8-35ba-4faa-96c7-fcea44d2543c@group-78C8E060C04D: closes. applyIndex: 7
2019-09-30 14:08:19,914 [1f70c5e8-35ba-4faa-96c7-fcea44d2543c@group-78C8E060C04D-SegmentedRaftLogWorker] INFO  segmented.SegmentedRaftLogWorker (SegmentedRaftLogWorker.java:run(313)) - 1f70c5e8-35ba-4faa-96c7-fcea44d2543c@group-78C8E060C04D-SegmentedRaftLogWorker was interrupted, exiting. There are 0 tasks remaining in the queue.
2019-09-30 14:08:19,915 [ForkJoinPool.commonPool-worker-0] INFO  segmented.SegmentedRaftLogWorker (SegmentedRaftLogWorker.java:close(228)) - 1f70c5e8-35ba-4faa-96c7-fcea44d2543c@group-78C8E060C04D-SegmentedRaftLogWorker close()
2019-09-30 14:08:19,918 [ForkJoinPool.commonPool-worker-0] INFO  impl.RaftServerImpl (RaftServerImpl.java:lambda$shutdown$3(251)) - 1f70c5e8-35ba-4faa-96c7-fcea44d2543c@group-47BB2E6EAE31: shutdown
2019-09-30 14:08:19,918 [ForkJoinPool.commonPool-worker-0] INFO  util.JmxRegister (JmxRegister.java:unregister(73)) - Successfully un-registered JMX Bean with object name Ratis:service=RaftServer,group=group-47BB2E6EAE31,id=1f70c5e8-35ba-4faa-96c7-fcea44d2543c
2019-09-30 14:08:19,919 [ForkJoinPool.commonPool-worker-0] INFO  impl.RoleInfo (RoleInfo.java:shutdownLeaderState(104)) - 1f70c5e8-35ba-4faa-96c7-fcea44d2543c: shutdown LeaderState
2019-09-30 14:08:19,919 [ForkJoinPool.commonPool-worker-0] INFO  impl.PendingRequests (PendingRequests.java:sendNotLeaderResponses(202)) - 1f70c5e8-35ba-4faa-96c7-fcea44d2543c-PendingRequests: sendNotLeaderResponses
2019-09-30 14:08:19,919 [ForkJoinPool.commonPool-worker-0] INFO  impl.StateMachineUpdater (StateMachineUpdater.java:stopAndJoin(125)) - 1f70c5e8-35ba-4faa-96c7-fcea44d2543c@group-47BB2E6EAE31-StateMachineUpdater: set stopIndex = 0
2019-09-30 14:08:19,920 [ForkJoinPool.commonPool-worker-0] INFO  impl.RaftServerImpl (ServerState.java:close(385)) - 1f70c5e8-35ba-4faa-96c7-fcea44d2543c@group-47BB2E6EAE31: closes. applyIndex: 0
2019-09-30 14:08:19,920 [1f70c5e8-35ba-4faa-96c7-fcea44d2543c@group-47BB2E6EAE31-SegmentedRaftLogWorker] INFO  segmented.SegmentedRaftLogWorker (SegmentedRaftLogWorker.java:run(313)) - 1f70c5e8-35ba-4faa-96c7-fcea44d2543c@group-47BB2E6EAE31-SegmentedRaftLogWorker was interrupted, exiting. There are 0 tasks remaining in the queue.
2019-09-30 14:08:19,922 [ForkJoinPool.commonPool-worker-0] INFO  segmented.SegmentedRaftLogWorker (SegmentedRaftLogWorker.java:close(228)) - 1f70c5e8-35ba-4faa-96c7-fcea44d2543c@group-47BB2E6EAE31-SegmentedRaftLogWorker close()
2019-09-30 14:08:19,925 [ForkJoinPool.commonPool-worker-0] INFO  server.GrpcService (GrpcService.java:closeImpl(164)) - 1f70c5e8-35ba-4faa-96c7-fcea44d2543c: shutdown server with port 43696 now
2019-09-30 14:08:19,925 [b2bcdf43-b1cf-4fcd-9749-198db9829d65@group-B58A3CB527FD-StateMachineUpdater] INFO  ratis.ContainerStateMachine (ContainerStateMachine.java:takeSnapshot(300)) - group-B58A3CB527FD: Finished taking a snapshot at:(t:1, i:4) file:/workdir/hadoop-ozone/integration-test/target/test-dir/MiniOzoneClusterImpl-94dfbac5-ba66-45b1-85eb-93ae9faac445/datanode-3/data/ratis/4199bf57-5504-4d94-be53-b58a3cb527fd/sm/snapshot.1_4 time:13
2019-09-30 14:08:19,926 [b2bcdf43-b1cf-4fcd-9749-198db9829d65@group-B58A3CB527FD-StateMachineUpdater] INFO  impl.StateMachineUpdater (StateMachineUpdater.java:takeSnapshot(258)) - b2bcdf43-b1cf-4fcd-9749-198db9829d65@group-B58A3CB527FD-StateMachineUpdater: Took a snapshot at index 4
2019-09-30 14:08:19,926 [b2bcdf43-b1cf-4fcd-9749-198db9829d65@group-B58A3CB527FD-StateMachineUpdater] INFO  impl.StateMachineUpdater (StateMachineUpdater.java:lambda$new$0(83)) - b2bcdf43-b1cf-4fcd-9749-198db9829d65@group-B58A3CB527FD-StateMachineUpdater: snapshotIndex: updateIncreasingly 4 -> 4
2019-09-30 14:08:19,926 [grpc-default-executor-1] WARN  server.GrpcServerProtocolService (LogUtils.java:warn(134)) - 1f70c5e8-35ba-4faa-96c7-fcea44d2543c: installSnapshot onError, lastRequest: cdcc480e-914b-425f-b4af-fa04f83470c1->1f70c5e8-35ba-4faa-96c7-fcea44d2543c#12-t1, previous=(t:1, i:7), leaderCommit=7, initializing? false, entries: size=1, first=(t:1, i:8), METADATAENTRY(c7): org.apache.ratis.thirdparty.io.grpc.StatusRuntimeException: CANCELLED: cancelled before receiving half close
2019-09-30 14:08:19,926 [main] INFO  impl.RaftServerImpl (ServerState.java:close(385)) - b2bcdf43-b1cf-4fcd-9749-198db9829d65@group-B58A3CB527FD: closes. applyIndex: 6
2019-09-30 14:08:19,926 [grpc-default-executor-10] WARN  server.GrpcLogAppender (LogUtils.java:warn(134)) - cdcc480e-914b-425f-b4af-fa04f83470c1@group-78C8E060C04D->1f70c5e8-35ba-4faa-96c7-fcea44d2543c-AppendLogResponseHandler: Failed appendEntries: org.apache.ratis.thirdparty.io.grpc.StatusRuntimeException: CANCELLED: HTTP/2 error code: CANCEL
Received Rst Stream
2019-09-30 14:08:19,927 [b2bcdf43-b1cf-4fcd-9749-198db9829d65@group-B58A3CB527FD-SegmentedRaftLogWorker] INFO  segmented.SegmentedRaftLogWorker (SegmentedRaftLogWorker.java:run(313)) - b2bcdf43-b1cf-4fcd-9749-198db9829d65@group-B58A3CB527FD-SegmentedRaftLogWorker was interrupted, exiting. There are 0 tasks remaining in the queue.
2019-09-30 14:08:19,926 [ForkJoinPool.commonPool-worker-0] INFO  server.GrpcService (GrpcService.java:closeImpl(172)) - 1f70c5e8-35ba-4faa-96c7-fcea44d2543c: shutdown server with port 43696 successfully
2019-09-30 14:08:19,928 [main] INFO  segmented.SegmentedRaftLogWorker (SegmentedRaftLogWorker.java:close(228)) - b2bcdf43-b1cf-4fcd-9749-198db9829d65@group-B58A3CB527FD-SegmentedRaftLogWorker close()
2019-09-30 14:08:19,927 [grpc-default-executor-10] INFO  impl.FollowerInfo (FollowerInfo.java:lambda$new$0(51)) - cdcc480e-914b-425f-b4af-fa04f83470c1@group-78C8E060C04D->1f70c5e8-35ba-4faa-96c7-fcea44d2543c: nextIndex: updateUnconditionally 9 -> 8
2019-09-30 14:08:19,932 [main] INFO  server.GrpcService (GrpcService.java:closeImpl(164)) - b2bcdf43-b1cf-4fcd-9749-198db9829d65: shutdown server with port 40769 now
2019-09-30 14:08:19,932 [main] INFO  server.GrpcService (GrpcService.java:closeImpl(172)) - b2bcdf43-b1cf-4fcd-9749-198db9829d65: shutdown server with port 40769 successfully
2019-09-30 14:08:19,933 [grpc-default-executor-10] WARN  server.GrpcLogAppender (LogUtils.java:warn(134)) - cdcc480e-914b-425f-b4af-fa04f83470c1@group-78C8E060C04D->f09e19a0-73d9-4449-addf-7f6ac098e286-AppendLogResponseHandler: Failed appendEntries: org.apache.ratis.thirdparty.io.grpc.StatusRuntimeException: UNAVAILABLE: io exception
2019-09-30 14:08:19,933 [grpc-default-executor-12] WARN  server.GrpcLogAppender (LogUtils.java:warn(134)) - cdcc480e-914b-425f-b4af-fa04f83470c1@group-78C8E060C04D->1f70c5e8-35ba-4faa-96c7-fcea44d2543c-AppendLogResponseHandler: Failed appendEntries: org.apache.ratis.thirdparty.io.grpc.StatusRuntimeException: UNAVAILABLE: io exception
2019-09-30 14:08:19,933 [grpc-default-executor-10] INFO  impl.FollowerInfo (FollowerInfo.java:lambda$new$0(51)) - cdcc480e-914b-425f-b4af-fa04f83470c1@group-78C8E060C04D->f09e19a0-73d9-4449-addf-7f6ac098e286: nextIndex: updateUnconditionally 5 -> 4
2019-09-30 14:08:19,933 [grpc-default-executor-12] INFO  impl.FollowerInfo (FollowerInfo.java:lambda$new$0(51)) - cdcc480e-914b-425f-b4af-fa04f83470c1@group-78C8E060C04D->1f70c5e8-35ba-4faa-96c7-fcea44d2543c: nextIndex: updateUnconditionally 8 -> 7
2019-09-30 14:08:19,933 [refreshUsed-/workdir/hadoop-ozone/integration-test/target/test-dir/MiniOzoneClusterImpl-94dfbac5-ba66-45b1-85eb-93ae9faac445/datanode-2/data/containers] WARN  fs.CachingGetSpaceUsed (CachingGetSpaceUsed.java:run(183)) - Thread Interrupted waiting to refresh disk information: sleep interrupted
2019-09-30 14:08:19,935 [refreshUsed-/workdir/hadoop-ozone/integration-test/target/test-dir/MiniOzoneClusterImpl-94dfbac5-ba66-45b1-85eb-93ae9faac445/datanode-3/data/containers] WARN  fs.CachingGetSpaceUsed (CachingGetSpaceUsed.java:run(183)) - Thread Interrupted waiting to refresh disk information: sleep interrupted
2019-09-30 14:08:19,948 [main] INFO  utils.BackgroundService (BackgroundService.java:shutdown(148)) - Shutting down service BlockDeletingService
2019-09-30 14:08:19,953 [main] INFO  statemachine.DatanodeStateMachine (DatanodeStateMachine.java:stopDaemon(395)) - Ozone container server stopped.
2019-09-30 14:08:19,955 [ForkJoinPool.commonPool-worker-0] INFO  utils.BackgroundService (BackgroundService.java:shutdown(148)) - Shutting down service BlockDeletingService
2019-09-30 14:08:19,960 [ForkJoinPool.commonPool-worker-0] INFO  statemachine.DatanodeStateMachine (DatanodeStateMachine.java:stopDaemon(395)) - Ozone container server stopped.
2019-09-30 14:08:19,965 [main] INFO  handler.ContextHandler (ContextHandler.java:doStop(910)) - Stopped o.e.j.w.WebAppContext@45707f76{/,null,UNAVAILABLE}{/hddsDatanode}
2019-09-30 14:08:19,967 [ForkJoinPool.commonPool-worker-0] INFO  handler.ContextHandler (ContextHandler.java:doStop(910)) - Stopped o.e.j.w.WebAppContext@915d7c4{/,null,UNAVAILABLE}{/hddsDatanode}
2019-09-30 14:08:19,967 [main] INFO  server.AbstractConnector (AbstractConnector.java:doStop(318)) - Stopped ServerConnector@1f0e2bdc{HTTP/1.1,[http/1.1]}{0.0.0.0:0}
2019-09-30 14:08:19,967 [ForkJoinPool.commonPool-worker-0] INFO  server.AbstractConnector (AbstractConnector.java:doStop(318)) - Stopped ServerConnector@2513155a{HTTP/1.1,[http/1.1]}{0.0.0.0:0}
2019-09-30 14:08:19,968 [main] INFO  handler.ContextHandler (ContextHandler.java:doStop(910)) - Stopped o.e.j.s.ServletContextHandler@10b87ff6{/static,jar:file:/home/user/.m2/repository/org/apache/hadoop/hadoop-hdds-container-service/0.5.0-SNAPSHOT/hadoop-hdds-container-service-0.5.0-SNAPSHOT.jar!/webapps/static,UNAVAILABLE}
2019-09-30 14:08:19,969 [ForkJoinPool.commonPool-worker-0] INFO  handler.ContextHandler (ContextHandler.java:doStop(910)) - Stopped o.e.j.s.ServletContextHandler@350d26f3{/static,jar:file:/home/user/.m2/repository/org/apache/hadoop/hadoop-hdds-container-service/0.5.0-SNAPSHOT/hadoop-hdds-container-service-0.5.0-SNAPSHOT.jar!/webapps/static,UNAVAILABLE}
2019-09-30 14:08:19,970 [main] INFO  handler.ContextHandler (ContextHandler.java:doStop(910)) - Stopped o.e.j.s.ServletContextHandler@135e49b2{/logs,file:///workdir/hadoop-ozone/integration-test/target/log,UNAVAILABLE}
2019-09-30 14:08:19,971 [ForkJoinPool.commonPool-worker-0] INFO  handler.ContextHandler (ContextHandler.java:doStop(910)) - Stopped o.e.j.s.ServletContextHandler@6f289728{/logs,file:///workdir/hadoop-ozone/integration-test/target/log,UNAVAILABLE}
2019-09-30 14:08:20,027 [Datanode State Machine Thread - 0] INFO  statemachine.DatanodeStateMachine (DatanodeStateMachine.java:lambda$startDaemon$0(350)) - Ozone container server started.
2019-09-30 14:08:20,445 [Datanode State Machine Thread - 0] INFO  statemachine.DatanodeStateMachine (DatanodeStateMachine.java:lambda$startDaemon$0(350)) - Ozone container server started.
2019-09-30 14:08:22,432 [grpc-default-executor-12] WARN  server.GrpcLogAppender (LogUtils.java:warn(134)) - cdcc480e-914b-425f-b4af-fa04f83470c1@group-78C8E060C04D->f09e19a0-73d9-4449-addf-7f6ac098e286-AppendLogResponseHandler: Failed appendEntries: org.apache.ratis.thirdparty.io.grpc.StatusRuntimeException: UNAVAILABLE: io exception
2019-09-30 14:08:22,433 [grpc-default-executor-12] INFO  impl.FollowerInfo (FollowerInfo.java:lambda$new$0(51)) - cdcc480e-914b-425f-b4af-fa04f83470c1@group-78C8E060C04D->f09e19a0-73d9-4449-addf-7f6ac098e286: nextIndex: updateUnconditionally 4 -> 3
2019-09-30 14:08:22,433 [grpc-default-executor-10] WARN  server.GrpcLogAppender (LogUtils.java:warn(134)) - cdcc480e-914b-425f-b4af-fa04f83470c1@group-78C8E060C04D->1f70c5e8-35ba-4faa-96c7-fcea44d2543c-AppendLogResponseHandler: Failed appendEntries: org.apache.ratis.thirdparty.io.grpc.StatusRuntimeException: UNAVAILABLE: io exception
2019-09-30 14:08:22,433 [grpc-default-executor-10] INFO  impl.FollowerInfo (FollowerInfo.java:lambda$new$0(51)) - cdcc480e-914b-425f-b4af-fa04f83470c1@group-78C8E060C04D->1f70c5e8-35ba-4faa-96c7-fcea44d2543c: nextIndex: updateUnconditionally 7 -> 6
2019-09-30 14:08:22,511 [Thread-4521] INFO  impl.FollowerState (FollowerState.java:run(106)) - ba168577-4ce1-4f3c-87a0-c15d6ea77440:group-B58A3CB527FD changes to CANDIDATE, lastRpcTime:7839, electionTimeout:5008ms
2019-09-30 14:08:22,512 [Thread-4521] INFO  impl.RoleInfo (RoleInfo.java:shutdownFollowerState(121)) - ba168577-4ce1-4f3c-87a0-c15d6ea77440: shutdown FollowerState
2019-09-30 14:08:22,513 [Thread-4521] INFO  impl.RaftServerImpl (RaftServerImpl.java:setRole(174)) - ba168577-4ce1-4f3c-87a0-c15d6ea77440@group-B58A3CB527FD: changes role from  FOLLOWER to CANDIDATE at term 1 for changeToCandidate
2019-09-30 14:08:22,513 [Thread-4521] INFO  impl.RoleInfo (RoleInfo.java:updateAndGet(143)) - ba168577-4ce1-4f3c-87a0-c15d6ea77440: start LeaderElection
2019-09-30 14:08:22,523 [ba168577-4ce1-4f3c-87a0-c15d6ea77440@group-B58A3CB527FD:LeaderElection106] INFO  impl.RaftServerImpl (ServerState.java:setLeader(253)) - ba168577-4ce1-4f3c-87a0-c15d6ea77440@group-B58A3CB527FD: change Leader from 175b4be1-c2c3-4a6b-807b-0e77021a765c to null at term 1 for initElection
2019-09-30 14:08:22,537 [ba168577-4ce1-4f3c-87a0-c15d6ea77440@group-B58A3CB527FD:LeaderElection106] INFO  impl.LeaderElection (LeaderElection.java:askForVotes(182)) - ba168577-4ce1-4f3c-87a0-c15d6ea77440@group-B58A3CB527FD:LeaderElection106: begin an election at term 2 for 0: [ba168577-4ce1-4f3c-87a0-c15d6ea77440:192.168.164.197:36914, b2bcdf43-b1cf-4fcd-9749-198db9829d65:192.168.164.197:40769, 175b4be1-c2c3-4a6b-807b-0e77021a765c:192.168.164.197:43926], old=null
2019-09-30 14:08:22,540 [ba168577-4ce1-4f3c-87a0-c15d6ea77440@group-B58A3CB527FD:LeaderElection106] INFO  impl.LeaderElection (LogUtils.java:infoOrTrace(149)) - ba168577-4ce1-4f3c-87a0-c15d6ea77440@group-B58A3CB527FD:LeaderElection106 got exception when requesting votes: {}
java.util.concurrent.ExecutionException: org.apache.ratis.thirdparty.io.grpc.StatusRuntimeException: UNAVAILABLE: io exception
	at java.util.concurrent.FutureTask.report(FutureTask.java:122)
	at java.util.concurrent.FutureTask.get(FutureTask.java:192)
	at org.apache.ratis.server.impl.LeaderElection.waitForResults(LeaderElection.java:263)
	at org.apache.ratis.server.impl.LeaderElection.askForVotes(LeaderElection.java:201)
	at org.apache.ratis.server.impl.LeaderElection.run(LeaderElection.java:133)
	at java.lang.Thread.run(Thread.java:748)
Caused by: org.apache.ratis.thirdparty.io.grpc.StatusRuntimeException: UNAVAILABLE: io exception
	at org.apache.ratis.thirdparty.io.grpc.stub.ClientCalls.toStatusRuntimeException(ClientCalls.java:233)
	at org.apache.ratis.thirdparty.io.grpc.stub.ClientCalls.getUnchecked(ClientCalls.java:214)
	at org.apache.ratis.thirdparty.io.grpc.stub.ClientCalls.blockingUnaryCall(ClientCalls.java:139)
	at org.apache.ratis.proto.grpc.RaftServerProtocolServiceGrpc$RaftServerProtocolServiceBlockingStub.requestVote(RaftServerProtocolServiceGrpc.java:265)
	at org.apache.ratis.grpc.server.GrpcServerProtocolClient.requestVote(GrpcServerProtocolClient.java:90)
	at org.apache.ratis.grpc.server.GrpcService.requestVote(GrpcService.java:204)
	at org.apache.ratis.server.impl.LeaderElection.lambda$submitRequests$1(LeaderElection.java:238)
	at java.util.concurrent.FutureTask.run(FutureTask.java:266)
	at java.util.concurrent.Executors$RunnableAdapter.call(Executors.java:511)
	at java.util.concurrent.FutureTask.run(FutureTask.java:266)
	at java.util.concurrent.ThreadPoolExecutor.runWorker(ThreadPoolExecutor.java:1149)
	at java.util.concurrent.ThreadPoolExecutor$Worker.run(ThreadPoolExecutor.java:624)
	... 1 more
Caused by: org.apache.ratis.thirdparty.io.netty.channel.AbstractChannel$AnnotatedConnectException: Connection refused: /192.168.164.197:40769
	at sun.nio.ch.SocketChannelImpl.checkConnect(Native Method)
	at sun.nio.ch.SocketChannelImpl.finishConnect(SocketChannelImpl.java:717)
	at org.apache.ratis.thirdparty.io.netty.channel.socket.nio.NioSocketChannel.doFinishConnect(NioSocketChannel.java:327)
	at org.apache.ratis.thirdparty.io.netty.channel.nio.AbstractNioChannel$AbstractNioUnsafe.finishConnect(AbstractNioChannel.java:340)
	at org.apache.ratis.thirdparty.io.netty.channel.nio.NioEventLoop.processSelectedKey(NioEventLoop.java:632)
	at org.apache.ratis.thirdparty.io.netty.channel.nio.NioEventLoop.processSelectedKeysOptimized(NioEventLoop.java:579)
	at org.apache.ratis.thirdparty.io.netty.channel.nio.NioEventLoop.processSelectedKeys(NioEventLoop.java:496)
	at org.apache.ratis.thirdparty.io.netty.channel.nio.NioEventLoop.run(NioEventLoop.java:458)
	at org.apache.ratis.thirdparty.io.netty.util.concurrent.SingleThreadEventExecutor$5.run(SingleThreadEventExecutor.java:897)
	at org.apache.ratis.thirdparty.io.netty.util.concurrent.FastThreadLocalRunnable.run(FastThreadLocalRunnable.java:30)
	... 1 more
Caused by: java.net.ConnectException: Connection refused
	... 11 more
2019-09-30 14:08:22,542 [ba168577-4ce1-4f3c-87a0-c15d6ea77440@group-B58A3CB527FD:LeaderElection106] INFO  impl.LeaderElection (LogUtils.java:infoOrTrace(149)) - ba168577-4ce1-4f3c-87a0-c15d6ea77440@group-B58A3CB527FD:LeaderElection106 got exception when requesting votes: {}
java.util.concurrent.ExecutionException: org.apache.ratis.thirdparty.io.grpc.StatusRuntimeException: UNAVAILABLE: io exception
	at java.util.concurrent.FutureTask.report(FutureTask.java:122)
	at java.util.concurrent.FutureTask.get(FutureTask.java:192)
	at org.apache.ratis.server.impl.LeaderElection.waitForResults(LeaderElection.java:263)
	at org.apache.ratis.server.impl.LeaderElection.askForVotes(LeaderElection.java:201)
	at org.apache.ratis.server.impl.LeaderElection.run(LeaderElection.java:133)
	at java.lang.Thread.run(Thread.java:748)
Caused by: org.apache.ratis.thirdparty.io.grpc.StatusRuntimeException: UNAVAILABLE: io exception
	at org.apache.ratis.thirdparty.io.grpc.stub.ClientCalls.toStatusRuntimeException(ClientCalls.java:233)
	at org.apache.ratis.thirdparty.io.grpc.stub.ClientCalls.getUnchecked(ClientCalls.java:214)
	at org.apache.ratis.thirdparty.io.grpc.stub.ClientCalls.blockingUnaryCall(ClientCalls.java:139)
	at org.apache.ratis.proto.grpc.RaftServerProtocolServiceGrpc$RaftServerProtocolServiceBlockingStub.requestVote(RaftServerProtocolServiceGrpc.java:265)
	at org.apache.ratis.grpc.server.GrpcServerProtocolClient.requestVote(GrpcServerProtocolClient.java:90)
	at org.apache.ratis.grpc.server.GrpcService.requestVote(GrpcService.java:204)
	at org.apache.ratis.server.impl.LeaderElection.lambda$submitRequests$1(LeaderElection.java:238)
	at java.util.concurrent.FutureTask.run(FutureTask.java:266)
	at java.util.concurrent.Executors$RunnableAdapter.call(Executors.java:511)
	at java.util.concurrent.FutureTask.run(FutureTask.java:266)
	at java.util.concurrent.ThreadPoolExecutor.runWorker(ThreadPoolExecutor.java:1149)
	at java.util.concurrent.ThreadPoolExecutor$Worker.run(ThreadPoolExecutor.java:624)
	... 1 more
Caused by: org.apache.ratis.thirdparty.io.netty.channel.AbstractChannel$AnnotatedConnectException: Connection refused: /192.168.164.197:43926
	at sun.nio.ch.SocketChannelImpl.checkConnect(Native Method)
	at sun.nio.ch.SocketChannelImpl.finishConnect(SocketChannelImpl.java:717)
	at org.apache.ratis.thirdparty.io.netty.channel.socket.nio.NioSocketChannel.doFinishConnect(NioSocketChannel.java:327)
	at org.apache.ratis.thirdparty.io.netty.channel.nio.AbstractNioChannel$AbstractNioUnsafe.finishConnect(AbstractNioChannel.java:340)
	at org.apache.ratis.thirdparty.io.netty.channel.nio.NioEventLoop.processSelectedKey(NioEventLoop.java:632)
	at org.apache.ratis.thirdparty.io.netty.channel.nio.NioEventLoop.processSelectedKeysOptimized(NioEventLoop.java:579)
	at org.apache.ratis.thirdparty.io.netty.channel.nio.NioEventLoop.processSelectedKeys(NioEventLoop.java:496)
	at org.apache.ratis.thirdparty.io.netty.channel.nio.NioEventLoop.run(NioEventLoop.java:458)
	at org.apache.ratis.thirdparty.io.netty.util.concurrent.SingleThreadEventExecutor$5.run(SingleThreadEventExecutor.java:897)
	at org.apache.ratis.thirdparty.io.netty.util.concurrent.FastThreadLocalRunnable.run(FastThreadLocalRunnable.java:30)
	... 1 more
Caused by: java.net.ConnectException: Connection refused
	... 11 more
2019-09-30 14:08:22,546 [ba168577-4ce1-4f3c-87a0-c15d6ea77440@group-B58A3CB527FD:LeaderElection106] INFO  impl.LeaderElection (LeaderElection.java:logAndReturn(56)) - ba168577-4ce1-4f3c-87a0-c15d6ea77440@group-B58A3CB527FD:LeaderElection106: Election REJECTED; received 0 response(s) [] and 2 exception(s); ba168577-4ce1-4f3c-87a0-c15d6ea77440@group-B58A3CB527FD:t2, leader=null, voted=ba168577-4ce1-4f3c-87a0-c15d6ea77440, raftlog=ba168577-4ce1-4f3c-87a0-c15d6ea77440@group-B58A3CB527FD-SegmentedRaftLog:OPENED:c6,f6,i6, conf=0: [ba168577-4ce1-4f3c-87a0-c15d6ea77440:192.168.164.197:36914, b2bcdf43-b1cf-4fcd-9749-198db9829d65:192.168.164.197:40769, 175b4be1-c2c3-4a6b-807b-0e77021a765c:192.168.164.197:43926], old=null
2019-09-30 14:08:22,546 [ba168577-4ce1-4f3c-87a0-c15d6ea77440@group-B58A3CB527FD:LeaderElection106] INFO  impl.LeaderElection (LogUtils.java:infoOrTrace(149)) -   Exception 0: {}
java.util.concurrent.ExecutionException: org.apache.ratis.thirdparty.io.grpc.StatusRuntimeException: UNAVAILABLE: io exception
	at java.util.concurrent.FutureTask.report(FutureTask.java:122)
	at java.util.concurrent.FutureTask.get(FutureTask.java:192)
	at org.apache.ratis.server.impl.LeaderElection.waitForResults(LeaderElection.java:263)
	at org.apache.ratis.server.impl.LeaderElection.askForVotes(LeaderElection.java:201)
	at org.apache.ratis.server.impl.LeaderElection.run(LeaderElection.java:133)
	at java.lang.Thread.run(Thread.java:748)
Caused by: org.apache.ratis.thirdparty.io.grpc.StatusRuntimeException: UNAVAILABLE: io exception
	at org.apache.ratis.thirdparty.io.grpc.stub.ClientCalls.toStatusRuntimeException(ClientCalls.java:233)
	at org.apache.ratis.thirdparty.io.grpc.stub.ClientCalls.getUnchecked(ClientCalls.java:214)
	at org.apache.ratis.thirdparty.io.grpc.stub.ClientCalls.blockingUnaryCall(ClientCalls.java:139)
	at org.apache.ratis.proto.grpc.RaftServerProtocolServiceGrpc$RaftServerProtocolServiceBlockingStub.requestVote(RaftServerProtocolServiceGrpc.java:265)
	at org.apache.ratis.grpc.server.GrpcServerProtocolClient.requestVote(GrpcServerProtocolClient.java:90)
	at org.apache.ratis.grpc.server.GrpcService.requestVote(GrpcService.java:204)
	at org.apache.ratis.server.impl.LeaderElection.lambda$submitRequests$1(LeaderElection.java:238)
	at java.util.concurrent.FutureTask.run(FutureTask.java:266)
	at java.util.concurrent.Executors$RunnableAdapter.call(Executors.java:511)
	at java.util.concurrent.FutureTask.run(FutureTask.java:266)
	at java.util.concurrent.ThreadPoolExecutor.runWorker(ThreadPoolExecutor.java:1149)
	at java.util.concurrent.ThreadPoolExecutor$Worker.run(ThreadPoolExecutor.java:624)
	... 1 more
Caused by: org.apache.ratis.thirdparty.io.netty.channel.AbstractChannel$AnnotatedConnectException: Connection refused: /192.168.164.197:40769
	at sun.nio.ch.SocketChannelImpl.checkConnect(Native Method)
	at sun.nio.ch.SocketChannelImpl.finishConnect(SocketChannelImpl.java:717)
	at org.apache.ratis.thirdparty.io.netty.channel.socket.nio.NioSocketChannel.doFinishConnect(NioSocketChannel.java:327)
	at org.apache.ratis.thirdparty.io.netty.channel.nio.AbstractNioChannel$AbstractNioUnsafe.finishConnect(AbstractNioChannel.java:340)
	at org.apache.ratis.thirdparty.io.netty.channel.nio.NioEventLoop.processSelectedKey(NioEventLoop.java:632)
	at org.apache.ratis.thirdparty.io.netty.channel.nio.NioEventLoop.processSelectedKeysOptimized(NioEventLoop.java:579)
	at org.apache.ratis.thirdparty.io.netty.channel.nio.NioEventLoop.processSelectedKeys(NioEventLoop.java:496)
	at org.apache.ratis.thirdparty.io.netty.channel.nio.NioEventLoop.run(NioEventLoop.java:458)
	at org.apache.ratis.thirdparty.io.netty.util.concurrent.SingleThreadEventExecutor$5.run(SingleThreadEventExecutor.java:897)
	at org.apache.ratis.thirdparty.io.netty.util.concurrent.FastThreadLocalRunnable.run(FastThreadLocalRunnable.java:30)
	... 1 more
Caused by: java.net.ConnectException: Connection refused
	... 11 more
2019-09-30 14:08:22,546 [ba168577-4ce1-4f3c-87a0-c15d6ea77440@group-B58A3CB527FD:LeaderElection106] INFO  impl.LeaderElection (LogUtils.java:infoOrTrace(149)) -   Exception 1: {}
java.util.concurrent.ExecutionException: org.apache.ratis.thirdparty.io.grpc.StatusRuntimeException: UNAVAILABLE: io exception
	at java.util.concurrent.FutureTask.report(FutureTask.java:122)
	at java.util.concurrent.FutureTask.get(FutureTask.java:192)
	at org.apache.ratis.server.impl.LeaderElection.waitForResults(LeaderElection.java:263)
	at org.apache.ratis.server.impl.LeaderElection.askForVotes(LeaderElection.java:201)
	at org.apache.ratis.server.impl.LeaderElection.run(LeaderElection.java:133)
	at java.lang.Thread.run(Thread.java:748)
Caused by: org.apache.ratis.thirdparty.io.grpc.StatusRuntimeException: UNAVAILABLE: io exception
	at org.apache.ratis.thirdparty.io.grpc.stub.ClientCalls.toStatusRuntimeException(ClientCalls.java:233)
	at org.apache.ratis.thirdparty.io.grpc.stub.ClientCalls.getUnchecked(ClientCalls.java:214)
	at org.apache.ratis.thirdparty.io.grpc.stub.ClientCalls.blockingUnaryCall(ClientCalls.java:139)
	at org.apache.ratis.proto.grpc.RaftServerProtocolServiceGrpc$RaftServerProtocolServiceBlockingStub.requestVote(RaftServerProtocolServiceGrpc.java:265)
	at org.apache.ratis.grpc.server.GrpcServerProtocolClient.requestVote(GrpcServerProtocolClient.java:90)
	at org.apache.ratis.grpc.server.GrpcService.requestVote(GrpcService.java:204)
	at org.apache.ratis.server.impl.LeaderElection.lambda$submitRequests$1(LeaderElection.java:238)
	at java.util.concurrent.FutureTask.run(FutureTask.java:266)
	at java.util.concurrent.Executors$RunnableAdapter.call(Executors.java:511)
	at java.util.concurrent.FutureTask.run(FutureTask.java:266)
	at java.util.concurrent.ThreadPoolExecutor.runWorker(ThreadPoolExecutor.java:1149)
	at java.util.concurrent.ThreadPoolExecutor$Worker.run(ThreadPoolExecutor.java:624)
	... 1 more
Caused by: org.apache.ratis.thirdparty.io.netty.channel.AbstractChannel$AnnotatedConnectException: Connection refused: /192.168.164.197:43926
	at sun.nio.ch.SocketChannelImpl.checkConnect(Native Method)
	at sun.nio.ch.SocketChannelImpl.finishConnect(SocketChannelImpl.java:717)
	at org.apache.ratis.thirdparty.io.netty.channel.socket.nio.NioSocketChannel.doFinishConnect(NioSocketChannel.java:327)
	at org.apache.ratis.thirdparty.io.netty.channel.nio.AbstractNioChannel$AbstractNioUnsafe.finishConnect(AbstractNioChannel.java:340)
	at org.apache.ratis.thirdparty.io.netty.channel.nio.NioEventLoop.processSelectedKey(NioEventLoop.java:632)
	at org.apache.ratis.thirdparty.io.netty.channel.nio.NioEventLoop.processSelectedKeysOptimized(NioEventLoop.java:579)
	at org.apache.ratis.thirdparty.io.netty.channel.nio.NioEventLoop.processSelectedKeys(NioEventLoop.java:496)
	at org.apache.ratis.thirdparty.io.netty.channel.nio.NioEventLoop.run(NioEventLoop.java:458)
	at org.apache.ratis.thirdparty.io.netty.util.concurrent.SingleThreadEventExecutor$5.run(SingleThreadEventExecutor.java:897)
	at org.apache.ratis.thirdparty.io.netty.util.concurrent.FastThreadLocalRunnable.run(FastThreadLocalRunnable.java:30)
	... 1 more
Caused by: java.net.ConnectException: Connection refused
	... 11 more
2019-09-30 14:08:22,546 [ba168577-4ce1-4f3c-87a0-c15d6ea77440@group-B58A3CB527FD:LeaderElection106] INFO  impl.RaftServerImpl (RaftServerImpl.java:setRole(174)) - ba168577-4ce1-4f3c-87a0-c15d6ea77440@group-B58A3CB527FD: changes role from CANDIDATE to FOLLOWER at term 2 for DISCOVERED_A_NEW_TERM
2019-09-30 14:08:22,546 [ba168577-4ce1-4f3c-87a0-c15d6ea77440@group-B58A3CB527FD:LeaderElection106] INFO  impl.RoleInfo (RoleInfo.java:shutdownLeaderElection(134)) - ba168577-4ce1-4f3c-87a0-c15d6ea77440: shutdown LeaderElection
2019-09-30 14:08:22,547 [ba168577-4ce1-4f3c-87a0-c15d6ea77440@group-B58A3CB527FD:LeaderElection106] INFO  impl.RoleInfo (RoleInfo.java:updateAndGet(143)) - ba168577-4ce1-4f3c-87a0-c15d6ea77440: start FollowerState
2019-09-30 14:08:24,059 [EventQueue-StaleNodeForStaleNodeHandler] INFO  node.StaleNodeHandler (StaleNodeHandler.java:onMessage(58)) - Datanode b353a957-53f2-450b-9f4d-a32e144b41ca{ip: 192.168.164.197, host: trunk-nightly-extra-20190930-74rp4-3411845215, networkLocation: /default-rack, certSerialId: null} moved to stale state. Finalizing its pipelines [PipelineID=b7b41b4a-bbfd-4bf7-ac31-83f3e6aaf26a]
2019-09-30 14:08:24,062 [EventQueue-StaleNodeForStaleNodeHandler] INFO  pipeline.SCMPipelineManager (SCMPipelineManager.java:finalizeAndDestroyPipeline(315)) - destroying pipeline:Pipeline[ Id: b7b41b4a-bbfd-4bf7-ac31-83f3e6aaf26a, Nodes: b353a957-53f2-450b-9f4d-a32e144b41ca{ip: 192.168.164.197, host: trunk-nightly-extra-20190930-74rp4-3411845215, networkLocation: /default-rack, certSerialId: null}, Type:RATIS, Factor:ONE, State:OPEN]
2019-09-30 14:08:24,063 [EventQueue-StaleNodeForStaleNodeHandler] INFO  pipeline.PipelineStateManager (PipelineStateManager.java:finalizePipeline(123)) - Pipeline Pipeline[ Id: b7b41b4a-bbfd-4bf7-ac31-83f3e6aaf26a, Nodes: b353a957-53f2-450b-9f4d-a32e144b41ca{ip: 192.168.164.197, host: trunk-nightly-extra-20190930-74rp4-3411845215, networkLocation: /default-rack, certSerialId: null}, Type:RATIS, Factor:ONE, State:CLOSED] moved to CLOSED state
2019-09-30 14:08:24,459 [EventQueue-StaleNodeForStaleNodeHandler] INFO  node.StaleNodeHandler (StaleNodeHandler.java:onMessage(58)) - Datanode cdcc480e-914b-425f-b4af-fa04f83470c1{ip: 192.168.164.197, host: trunk-nightly-extra-20190930-74rp4-3411845215, networkLocation: /default-rack, certSerialId: null} moved to stale state. Finalizing its pipelines [PipelineID=7ecf0d1a-d820-4f57-a5b6-78c8e060c04d, PipelineID=a77ee956-d66a-47f5-8339-df98c50526e4]
2019-09-30 14:08:24,459 [EventQueue-StaleNodeForStaleNodeHandler] INFO  pipeline.SCMPipelineManager (SCMPipelineManager.java:finalizeAndDestroyPipeline(315)) - destroying pipeline:Pipeline[ Id: 7ecf0d1a-d820-4f57-a5b6-78c8e060c04d, Nodes: f09e19a0-73d9-4449-addf-7f6ac098e286{ip: 192.168.164.197, host: trunk-nightly-extra-20190930-74rp4-3411845215, networkLocation: /default-rack, certSerialId: null}cdcc480e-914b-425f-b4af-fa04f83470c1{ip: 192.168.164.197, host: trunk-nightly-extra-20190930-74rp4-3411845215, networkLocation: /default-rack, certSerialId: null}1f70c5e8-35ba-4faa-96c7-fcea44d2543c{ip: 192.168.164.197, host: trunk-nightly-extra-20190930-74rp4-3411845215, networkLocation: /default-rack, certSerialId: null}, Type:RATIS, Factor:THREE, State:CLOSED]
2019-09-30 14:08:24,460 [EventQueue-StaleNodeForStaleNodeHandler] INFO  pipeline.SCMPipelineManager (SCMPipelineManager.java:finalizeAndDestroyPipeline(315)) - destroying pipeline:Pipeline[ Id: a77ee956-d66a-47f5-8339-df98c50526e4, Nodes: cdcc480e-914b-425f-b4af-fa04f83470c1{ip: 192.168.164.197, host: trunk-nightly-extra-20190930-74rp4-3411845215, networkLocation: /default-rack, certSerialId: null}, Type:RATIS, Factor:ONE, State:OPEN]
2019-09-30 14:08:24,460 [EventQueue-StaleNodeForStaleNodeHandler] INFO  pipeline.PipelineStateManager (PipelineStateManager.java:finalizePipeline(123)) - Pipeline Pipeline[ Id: a77ee956-d66a-47f5-8339-df98c50526e4, Nodes: cdcc480e-914b-425f-b4af-fa04f83470c1{ip: 192.168.164.197, host: trunk-nightly-extra-20190930-74rp4-3411845215, networkLocation: /default-rack, certSerialId: null}, Type:RATIS, Factor:ONE, State:CLOSED] moved to CLOSED state
2019-09-30 14:08:24,934 [grpc-default-executor-10] WARN  server.GrpcLogAppender (LogUtils.java:warn(134)) - cdcc480e-914b-425f-b4af-fa04f83470c1@group-78C8E060C04D->1f70c5e8-35ba-4faa-96c7-fcea44d2543c-AppendLogResponseHandler: Failed appendEntries: org.apache.ratis.thirdparty.io.grpc.StatusRuntimeException: UNAVAILABLE: io exception
2019-09-30 14:08:24,934 [grpc-default-executor-12] WARN  server.GrpcLogAppender (LogUtils.java:warn(134)) - cdcc480e-914b-425f-b4af-fa04f83470c1@group-78C8E060C04D->f09e19a0-73d9-4449-addf-7f6ac098e286-AppendLogResponseHandler: Failed appendEntries: org.apache.ratis.thirdparty.io.grpc.StatusRuntimeException: UNAVAILABLE: io exception
2019-09-30 14:08:24,942 [grpc-default-executor-10] INFO  impl.FollowerInfo (FollowerInfo.java:lambda$new$0(51)) - cdcc480e-914b-425f-b4af-fa04f83470c1@group-78C8E060C04D->1f70c5e8-35ba-4faa-96c7-fcea44d2543c: nextIndex: updateUnconditionally 6 -> 5
2019-09-30 14:08:24,943 [grpc-default-executor-12] INFO  impl.FollowerInfo (FollowerInfo.java:lambda$new$0(51)) - cdcc480e-914b-425f-b4af-fa04f83470c1@group-78C8E060C04D->f09e19a0-73d9-4449-addf-7f6ac098e286: nextIndex: updateUnconditionally 3 -> 2
2019-09-30 14:08:24,973 [main] INFO  ozoneimpl.OzoneContainer (OzoneContainer.java:stop(231)) - Attempting to stop container services.
2019-09-30 14:08:24,973 [ForkJoinPool.commonPool-worker-0] INFO  ozoneimpl.OzoneContainer (OzoneContainer.java:stop(231)) - Attempting to stop container services.
2019-09-30 14:08:24,975 [ForkJoinPool.commonPool-worker-0] INFO  impl.RaftServerProxy (RaftServerProxy.java:lambda$close$4(314)) - cdcc480e-914b-425f-b4af-fa04f83470c1: close
2019-09-30 14:08:24,975 [main] INFO  impl.RaftServerProxy (RaftServerProxy.java:lambda$close$4(314)) - b353a957-53f2-450b-9f4d-a32e144b41ca: close
2019-09-30 14:08:24,975 [ForkJoinPool.commonPool-worker-0] INFO  impl.RaftServerImpl (RaftServerImpl.java:lambda$shutdown$3(251)) - cdcc480e-914b-425f-b4af-fa04f83470c1@group-78C8E060C04D: shutdown
2019-09-30 14:08:24,975 [main] INFO  impl.RaftServerImpl (RaftServerImpl.java:lambda$shutdown$3(251)) - b353a957-53f2-450b-9f4d-a32e144b41ca@group-83F3E6AAF26A: shutdown
2019-09-30 14:08:24,975 [ForkJoinPool.commonPool-worker-0] INFO  util.JmxRegister (JmxRegister.java:unregister(73)) - Successfully un-registered JMX Bean with object name Ratis:service=RaftServer,group=group-78C8E060C04D,id=cdcc480e-914b-425f-b4af-fa04f83470c1
2019-09-30 14:08:24,975 [main] INFO  util.JmxRegister (JmxRegister.java:unregister(73)) - Successfully un-registered JMX Bean with object name Ratis:service=RaftServer,group=group-83F3E6AAF26A,id=b353a957-53f2-450b-9f4d-a32e144b41ca
2019-09-30 14:08:24,976 [ForkJoinPool.commonPool-worker-0] INFO  impl.RoleInfo (RoleInfo.java:shutdownLeaderState(104)) - cdcc480e-914b-425f-b4af-fa04f83470c1: shutdown LeaderState
2019-09-30 14:08:24,976 [main] INFO  impl.RoleInfo (RoleInfo.java:shutdownLeaderState(104)) - b353a957-53f2-450b-9f4d-a32e144b41ca: shutdown LeaderState
2019-09-30 14:08:24,981 [org.apache.ratis.server.impl.LogAppender$AppenderDaemon$$Lambda$522/1766442520@14a20187] WARN  server.GrpcLogAppender (GrpcLogAppender.java:mayWait(143)) - cdcc480e-914b-425f-b4af-fa04f83470c1@group-78C8E060C04D->1f70c5e8-35ba-4faa-96c7-fcea44d2543c-GrpcLogAppender: Wait interrupted by java.lang.InterruptedException
2019-09-30 14:08:24,981 [org.apache.ratis.server.impl.LogAppender$AppenderDaemon$$Lambda$522/1766442520@893f862] WARN  server.GrpcLogAppender (GrpcLogAppender.java:mayWait(143)) - cdcc480e-914b-425f-b4af-fa04f83470c1@group-78C8E060C04D->f09e19a0-73d9-4449-addf-7f6ac098e286-GrpcLogAppender: Wait interrupted by java.lang.InterruptedException
2019-09-30 14:08:24,981 [ForkJoinPool.commonPool-worker-0] INFO  impl.PendingRequests (PendingRequests.java:sendNotLeaderResponses(202)) - cdcc480e-914b-425f-b4af-fa04f83470c1-PendingRequests: sendNotLeaderResponses
2019-09-30 14:08:24,981 [main] INFO  impl.PendingRequests (PendingRequests.java:sendNotLeaderResponses(202)) - b353a957-53f2-450b-9f4d-a32e144b41ca-PendingRequests: sendNotLeaderResponses
2019-09-30 14:08:24,999 [ForkJoinPool.commonPool-worker-0] INFO  impl.StateMachineUpdater (StateMachineUpdater.java:stopAndJoin(125)) - cdcc480e-914b-425f-b4af-fa04f83470c1@group-78C8E060C04D-StateMachineUpdater: set stopIndex = 8
2019-09-30 14:08:25,000 [main] INFO  impl.StateMachineUpdater (StateMachineUpdater.java:stopAndJoin(125)) - b353a957-53f2-450b-9f4d-a32e144b41ca@group-83F3E6AAF26A-StateMachineUpdater: set stopIndex = 0
2019-09-30 14:08:25,000 [cdcc480e-914b-425f-b4af-fa04f83470c1@group-78C8E060C04D-StateMachineUpdater] INFO  ratis.ContainerStateMachine (ContainerStateMachine.java:takeSnapshot(289)) - group-78C8E060C04D: Taking a snapshot at:(t:1, i:8) file /workdir/hadoop-ozone/integration-test/target/test-dir/MiniOzoneClusterImpl-94dfbac5-ba66-45b1-85eb-93ae9faac445/datanode-0/data/ratis/7ecf0d1a-d820-4f57-a5b6-78c8e060c04d/sm/snapshot.1_8
2019-09-30 14:08:25,000 [main] INFO  impl.RaftServerImpl (ServerState.java:close(385)) - b353a957-53f2-450b-9f4d-a32e144b41ca@group-83F3E6AAF26A: closes. applyIndex: 0
2019-09-30 14:08:25,001 [b353a957-53f2-450b-9f4d-a32e144b41ca@group-83F3E6AAF26A-SegmentedRaftLogWorker] INFO  segmented.SegmentedRaftLogWorker (SegmentedRaftLogWorker.java:run(313)) - b353a957-53f2-450b-9f4d-a32e144b41ca@group-83F3E6AAF26A-SegmentedRaftLogWorker was interrupted, exiting. There are 0 tasks remaining in the queue.
2019-09-30 14:08:25,003 [main] INFO  segmented.SegmentedRaftLogWorker (SegmentedRaftLogWorker.java:close(228)) - b353a957-53f2-450b-9f4d-a32e144b41ca@group-83F3E6AAF26A-SegmentedRaftLogWorker close()
2019-09-30 14:08:25,005 [main] INFO  server.GrpcService (GrpcService.java:closeImpl(164)) - b353a957-53f2-450b-9f4d-a32e144b41ca: shutdown server with port 36204 now
2019-09-30 14:08:25,007 [main] INFO  server.GrpcService (GrpcService.java:closeImpl(172)) - b353a957-53f2-450b-9f4d-a32e144b41ca: shutdown server with port 36204 successfully
2019-09-30 14:08:25,010 [refreshUsed-/workdir/hadoop-ozone/integration-test/target/test-dir/MiniOzoneClusterImpl-94dfbac5-ba66-45b1-85eb-93ae9faac445/datanode-6/data/containers] WARN  fs.CachingGetSpaceUsed (CachingGetSpaceUsed.java:run(183)) - Thread Interrupted waiting to refresh disk information: sleep interrupted
2019-09-30 14:08:25,016 [cdcc480e-914b-425f-b4af-fa04f83470c1@group-78C8E060C04D-StateMachineUpdater] INFO  ratis.ContainerStateMachine (ContainerStateMachine.java:takeSnapshot(300)) - group-78C8E060C04D: Finished taking a snapshot at:(t:1, i:8) file:/workdir/hadoop-ozone/integration-test/target/test-dir/MiniOzoneClusterImpl-94dfbac5-ba66-45b1-85eb-93ae9faac445/datanode-0/data/ratis/7ecf0d1a-d820-4f57-a5b6-78c8e060c04d/sm/snapshot.1_8 time:16
2019-09-30 14:08:25,016 [cdcc480e-914b-425f-b4af-fa04f83470c1@group-78C8E060C04D-StateMachineUpdater] INFO  impl.StateMachineUpdater (StateMachineUpdater.java:takeSnapshot(258)) - cdcc480e-914b-425f-b4af-fa04f83470c1@group-78C8E060C04D-StateMachineUpdater: Took a snapshot at index 8
2019-09-30 14:08:25,016 [cdcc480e-914b-425f-b4af-fa04f83470c1@group-78C8E060C04D-StateMachineUpdater] INFO  impl.StateMachineUpdater (StateMachineUpdater.java:lambda$new$0(83)) - cdcc480e-914b-425f-b4af-fa04f83470c1@group-78C8E060C04D-StateMachineUpdater: snapshotIndex: updateIncreasingly -1 -> 8
2019-09-30 14:08:25,017 [ForkJoinPool.commonPool-worker-0] INFO  impl.RaftServerImpl (ServerState.java:close(385)) - cdcc480e-914b-425f-b4af-fa04f83470c1@group-78C8E060C04D: closes. applyIndex: 8
2019-09-30 14:08:25,017 [cdcc480e-914b-425f-b4af-fa04f83470c1@group-78C8E060C04D-SegmentedRaftLogWorker] INFO  segmented.SegmentedRaftLogWorker (SegmentedRaftLogWorker.java:run(313)) - cdcc480e-914b-425f-b4af-fa04f83470c1@group-78C8E060C04D-SegmentedRaftLogWorker was interrupted, exiting. There are 0 tasks remaining in the queue.
2019-09-30 14:08:25,019 [ForkJoinPool.commonPool-worker-0] INFO  segmented.SegmentedRaftLogWorker (SegmentedRaftLogWorker.java:close(228)) - cdcc480e-914b-425f-b4af-fa04f83470c1@group-78C8E060C04D-SegmentedRaftLogWorker close()
2019-09-30 14:08:25,028 [ForkJoinPool.commonPool-worker-0] INFO  impl.RaftServerImpl (RaftServerImpl.java:lambda$shutdown$3(251)) - cdcc480e-914b-425f-b4af-fa04f83470c1@group-DF98C50526E4: shutdown
2019-09-30 14:08:25,029 [ForkJoinPool.commonPool-worker-0] INFO  util.JmxRegister (JmxRegister.java:unregister(73)) - Successfully un-registered JMX Bean with object name Ratis:service=RaftServer,group=group-DF98C50526E4,id=cdcc480e-914b-425f-b4af-fa04f83470c1
2019-09-30 14:08:25,029 [ForkJoinPool.commonPool-worker-0] INFO  impl.RoleInfo (RoleInfo.java:shutdownLeaderState(104)) - cdcc480e-914b-425f-b4af-fa04f83470c1: shutdown LeaderState
2019-09-30 14:08:25,029 [ForkJoinPool.commonPool-worker-0] INFO  impl.PendingRequests (PendingRequests.java:sendNotLeaderResponses(202)) - cdcc480e-914b-425f-b4af-fa04f83470c1-PendingRequests: sendNotLeaderResponses
2019-09-30 14:08:25,030 [ForkJoinPool.commonPool-worker-0] INFO  impl.StateMachineUpdater (StateMachineUpdater.java:stopAndJoin(125)) - cdcc480e-914b-425f-b4af-fa04f83470c1@group-DF98C50526E4-StateMachineUpdater: set stopIndex = 0
2019-09-30 14:08:25,030 [ForkJoinPool.commonPool-worker-0] INFO  impl.RaftServerImpl (ServerState.java:close(385)) - cdcc480e-914b-425f-b4af-fa04f83470c1@group-DF98C50526E4: closes. applyIndex: 0
2019-09-30 14:08:25,030 [cdcc480e-914b-425f-b4af-fa04f83470c1@group-DF98C50526E4-SegmentedRaftLogWorker] INFO  segmented.SegmentedRaftLogWorker (SegmentedRaftLogWorker.java:run(313)) - cdcc480e-914b-425f-b4af-fa04f83470c1@group-DF98C50526E4-SegmentedRaftLogWorker was interrupted, exiting. There are 0 tasks remaining in the queue.
2019-09-30 14:08:25,031 [ForkJoinPool.commonPool-worker-0] INFO  segmented.SegmentedRaftLogWorker (SegmentedRaftLogWorker.java:close(228)) - cdcc480e-914b-425f-b4af-fa04f83470c1@group-DF98C50526E4-SegmentedRaftLogWorker close()
2019-09-30 14:08:25,031 [ForkJoinPool.commonPool-worker-0] INFO  server.GrpcService (GrpcService.java:closeImpl(164)) - cdcc480e-914b-425f-b4af-fa04f83470c1: shutdown server with port 43266 now
2019-09-30 14:08:25,032 [grpc-default-executor-10] WARN  client.GrpcClientProtocolService (LogUtils.java:warn(134)) - 3-UnorderedRequestStreamObserver3: onError: org.apache.ratis.thirdparty.io.grpc.StatusRuntimeException: CANCELLED: cancelled before receiving half close
2019-09-30 14:08:25,032 [ForkJoinPool.commonPool-worker-0] INFO  server.GrpcService (GrpcService.java:closeImpl(172)) - cdcc480e-914b-425f-b4af-fa04f83470c1: shutdown server with port 43266 successfully
2019-09-30 14:08:25,035 [refreshUsed-/workdir/hadoop-ozone/integration-test/target/test-dir/MiniOzoneClusterImpl-94dfbac5-ba66-45b1-85eb-93ae9faac445/datanode-0/data/containers] WARN  fs.CachingGetSpaceUsed (CachingGetSpaceUsed.java:run(183)) - Thread Interrupted waiting to refresh disk information: sleep interrupted
2019-09-30 14:08:25,035 [main] INFO  utils.BackgroundService (BackgroundService.java:shutdown(148)) - Shutting down service BlockDeletingService
2019-09-30 14:08:25,043 [main] INFO  statemachine.DatanodeStateMachine (DatanodeStateMachine.java:stopDaemon(395)) - Ozone container server stopped.
2019-09-30 14:08:25,053 [ForkJoinPool.commonPool-worker-0] INFO  utils.BackgroundService (BackgroundService.java:shutdown(148)) - Shutting down service BlockDeletingService
2019-09-30 14:08:25,058 [ForkJoinPool.commonPool-worker-0] INFO  statemachine.DatanodeStateMachine (DatanodeStateMachine.java:stopDaemon(395)) - Ozone container server stopped.
2019-09-30 14:08:25,062 [main] INFO  handler.ContextHandler (ContextHandler.java:doStop(910)) - Stopped o.e.j.w.WebAppContext@da22aa{/,null,UNAVAILABLE}{/hddsDatanode}
2019-09-30 14:08:25,063 [ForkJoinPool.commonPool-worker-0] INFO  handler.ContextHandler (ContextHandler.java:doStop(910)) - Stopped o.e.j.w.WebAppContext@636dbfe7{/,null,UNAVAILABLE}{/hddsDatanode}
2019-09-30 14:08:25,064 [main] INFO  server.AbstractConnector (AbstractConnector.java:doStop(318)) - Stopped ServerConnector@75452aea{HTTP/1.1,[http/1.1]}{0.0.0.0:0}
2019-09-30 14:08:25,064 [ForkJoinPool.commonPool-worker-0] INFO  server.AbstractConnector (AbstractConnector.java:doStop(318)) - Stopped ServerConnector@42ecc554{HTTP/1.1,[http/1.1]}{0.0.0.0:0}
2019-09-30 14:08:25,064 [main] INFO  handler.ContextHandler (ContextHandler.java:doStop(910)) - Stopped o.e.j.s.ServletContextHandler@23469199{/static,jar:file:/home/user/.m2/repository/org/apache/hadoop/hadoop-hdds-container-service/0.5.0-SNAPSHOT/hadoop-hdds-container-service-0.5.0-SNAPSHOT.jar!/webapps/static,UNAVAILABLE}
2019-09-30 14:08:25,070 [ForkJoinPool.commonPool-worker-0] INFO  handler.ContextHandler (ContextHandler.java:doStop(910)) - Stopped o.e.j.s.ServletContextHandler@118cbded{/static,jar:file:/home/user/.m2/repository/org/apache/hadoop/hadoop-hdds-container-service/0.5.0-SNAPSHOT/hadoop-hdds-container-service-0.5.0-SNAPSHOT.jar!/webapps/static,UNAVAILABLE}
2019-09-30 14:08:25,070 [main] INFO  handler.ContextHandler (ContextHandler.java:doStop(910)) - Stopped o.e.j.s.ServletContextHandler@8af1c49{/logs,file:///workdir/hadoop-ozone/integration-test/target/log,UNAVAILABLE}
2019-09-30 14:08:25,070 [ForkJoinPool.commonPool-worker-0] INFO  handler.ContextHandler (ContextHandler.java:doStop(910)) - Stopped o.e.j.s.ServletContextHandler@121ddca4{/logs,file:///workdir/hadoop-ozone/integration-test/target/log,UNAVAILABLE}
2019-09-30 14:08:25,623 [Datanode State Machine Thread - 0] INFO  statemachine.DatanodeStateMachine (DatanodeStateMachine.java:lambda$startDaemon$0(350)) - Ozone container server started.
2019-09-30 14:08:27,716 [Thread-4601] INFO  impl.FollowerState (FollowerState.java:run(106)) - ba168577-4ce1-4f3c-87a0-c15d6ea77440:group-B58A3CB527FD changes to CANDIDATE, lastRpcTime:5169, electionTimeout:5169ms
2019-09-30 14:08:27,717 [Thread-4601] INFO  impl.RoleInfo (RoleInfo.java:shutdownFollowerState(121)) - ba168577-4ce1-4f3c-87a0-c15d6ea77440: shutdown FollowerState
2019-09-30 14:08:27,717 [Thread-4601] INFO  impl.RaftServerImpl (RaftServerImpl.java:setRole(174)) - ba168577-4ce1-4f3c-87a0-c15d6ea77440@group-B58A3CB527FD: changes role from  FOLLOWER to CANDIDATE at term 2 for changeToCandidate
2019-09-30 14:08:27,717 [Thread-4601] INFO  impl.RoleInfo (RoleInfo.java:updateAndGet(143)) - ba168577-4ce1-4f3c-87a0-c15d6ea77440: start LeaderElection
2019-09-30 14:08:27,734 [ba168577-4ce1-4f3c-87a0-c15d6ea77440@group-B58A3CB527FD:LeaderElection107] INFO  impl.LeaderElection (LeaderElection.java:askForVotes(182)) - ba168577-4ce1-4f3c-87a0-c15d6ea77440@group-B58A3CB527FD:LeaderElection107: begin an election at term 3 for 0: [ba168577-4ce1-4f3c-87a0-c15d6ea77440:192.168.164.197:36914, b2bcdf43-b1cf-4fcd-9749-198db9829d65:192.168.164.197:40769, 175b4be1-c2c3-4a6b-807b-0e77021a765c:192.168.164.197:43926], old=null
2019-09-30 14:08:27,735 [ba168577-4ce1-4f3c-87a0-c15d6ea77440@group-B58A3CB527FD:LeaderElection107] INFO  impl.LeaderElection (LogUtils.java:infoOrTrace(149)) - ba168577-4ce1-4f3c-87a0-c15d6ea77440@group-B58A3CB527FD:LeaderElection107 got exception when requesting votes: {}
java.util.concurrent.ExecutionException: org.apache.ratis.thirdparty.io.grpc.StatusRuntimeException: UNAVAILABLE: io exception
	at java.util.concurrent.FutureTask.report(FutureTask.java:122)
	at java.util.concurrent.FutureTask.get(FutureTask.java:192)
	at org.apache.ratis.server.impl.LeaderElection.waitForResults(LeaderElection.java:263)
	at org.apache.ratis.server.impl.LeaderElection.askForVotes(LeaderElection.java:201)
	at org.apache.ratis.server.impl.LeaderElection.run(LeaderElection.java:133)
	at java.lang.Thread.run(Thread.java:748)
Caused by: org.apache.ratis.thirdparty.io.grpc.StatusRuntimeException: UNAVAILABLE: io exception
	at org.apache.ratis.thirdparty.io.grpc.stub.ClientCalls.toStatusRuntimeException(ClientCalls.java:233)
	at org.apache.ratis.thirdparty.io.grpc.stub.ClientCalls.getUnchecked(ClientCalls.java:214)
	at org.apache.ratis.thirdparty.io.grpc.stub.ClientCalls.blockingUnaryCall(ClientCalls.java:139)
	at org.apache.ratis.proto.grpc.RaftServerProtocolServiceGrpc$RaftServerProtocolServiceBlockingStub.requestVote(RaftServerProtocolServiceGrpc.java:265)
	at org.apache.ratis.grpc.server.GrpcServerProtocolClient.requestVote(GrpcServerProtocolClient.java:90)
	at org.apache.ratis.grpc.server.GrpcService.requestVote(GrpcService.java:204)
	at org.apache.ratis.server.impl.LeaderElection.lambda$submitRequests$1(LeaderElection.java:238)
	at java.util.concurrent.FutureTask.run(FutureTask.java:266)
	at java.util.concurrent.Executors$RunnableAdapter.call(Executors.java:511)
	at java.util.concurrent.FutureTask.run(FutureTask.java:266)
	at java.util.concurrent.ThreadPoolExecutor.runWorker(ThreadPoolExecutor.java:1149)
	at java.util.concurrent.ThreadPoolExecutor$Worker.run(ThreadPoolExecutor.java:624)
	... 1 more
Caused by: org.apache.ratis.thirdparty.io.netty.channel.AbstractChannel$AnnotatedConnectException: Connection refused: /192.168.164.197:43926
	at sun.nio.ch.SocketChannelImpl.checkConnect(Native Method)
	at sun.nio.ch.SocketChannelImpl.finishConnect(SocketChannelImpl.java:717)
	at org.apache.ratis.thirdparty.io.netty.channel.socket.nio.NioSocketChannel.doFinishConnect(NioSocketChannel.java:327)
	at org.apache.ratis.thirdparty.io.netty.channel.nio.AbstractNioChannel$AbstractNioUnsafe.finishConnect(AbstractNioChannel.java:340)
	at org.apache.ratis.thirdparty.io.netty.channel.nio.NioEventLoop.processSelectedKey(NioEventLoop.java:632)
	at org.apache.ratis.thirdparty.io.netty.channel.nio.NioEventLoop.processSelectedKeysOptimized(NioEventLoop.java:579)
	at org.apache.ratis.thirdparty.io.netty.channel.nio.NioEventLoop.processSelectedKeys(NioEventLoop.java:496)
	at org.apache.ratis.thirdparty.io.netty.channel.nio.NioEventLoop.run(NioEventLoop.java:458)
	at org.apache.ratis.thirdparty.io.netty.util.concurrent.SingleThreadEventExecutor$5.run(SingleThreadEventExecutor.java:897)
	at org.apache.ratis.thirdparty.io.netty.util.concurrent.FastThreadLocalRunnable.run(FastThreadLocalRunnable.java:30)
	... 1 more
Caused by: java.net.ConnectException: Connection refused
	... 11 more
2019-09-30 14:08:27,737 [ba168577-4ce1-4f3c-87a0-c15d6ea77440@group-B58A3CB527FD:LeaderElection107] INFO  impl.LeaderElection (LogUtils.java:infoOrTrace(149)) - ba168577-4ce1-4f3c-87a0-c15d6ea77440@group-B58A3CB527FD:LeaderElection107 got exception when requesting votes: {}
java.util.concurrent.ExecutionException: org.apache.ratis.thirdparty.io.grpc.StatusRuntimeException: UNAVAILABLE: io exception
	at java.util.concurrent.FutureTask.report(FutureTask.java:122)
	at java.util.concurrent.FutureTask.get(FutureTask.java:192)
	at org.apache.ratis.server.impl.LeaderElection.waitForResults(LeaderElection.java:263)
	at org.apache.ratis.server.impl.LeaderElection.askForVotes(LeaderElection.java:201)
	at org.apache.ratis.server.impl.LeaderElection.run(LeaderElection.java:133)
	at java.lang.Thread.run(Thread.java:748)
Caused by: org.apache.ratis.thirdparty.io.grpc.StatusRuntimeException: UNAVAILABLE: io exception
	at org.apache.ratis.thirdparty.io.grpc.stub.ClientCalls.toStatusRuntimeException(ClientCalls.java:233)
	at org.apache.ratis.thirdparty.io.grpc.stub.ClientCalls.getUnchecked(ClientCalls.java:214)
	at org.apache.ratis.thirdparty.io.grpc.stub.ClientCalls.blockingUnaryCall(ClientCalls.java:139)
	at org.apache.ratis.proto.grpc.RaftServerProtocolServiceGrpc$RaftServerProtocolServiceBlockingStub.requestVote(RaftServerProtocolServiceGrpc.java:265)
	at org.apache.ratis.grpc.server.GrpcServerProtocolClient.requestVote(GrpcServerProtocolClient.java:90)
	at org.apache.ratis.grpc.server.GrpcService.requestVote(GrpcService.java:204)
	at org.apache.ratis.server.impl.LeaderElection.lambda$submitRequests$1(LeaderElection.java:238)
	at java.util.concurrent.FutureTask.run(FutureTask.java:266)
	at java.util.concurrent.Executors$RunnableAdapter.call(Executors.java:511)
	at java.util.concurrent.FutureTask.run(FutureTask.java:266)
	at java.util.concurrent.ThreadPoolExecutor.runWorker(ThreadPoolExecutor.java:1149)
	at java.util.concurrent.ThreadPoolExecutor$Worker.run(ThreadPoolExecutor.java:624)
	... 1 more
Caused by: org.apache.ratis.thirdparty.io.netty.channel.AbstractChannel$AnnotatedConnectException: Connection refused: /192.168.164.197:40769
	at sun.nio.ch.SocketChannelImpl.checkConnect(Native Method)
	at sun.nio.ch.SocketChannelImpl.finishConnect(SocketChannelImpl.java:717)
	at org.apache.ratis.thirdparty.io.netty.channel.socket.nio.NioSocketChannel.doFinishConnect(NioSocketChannel.java:327)
	at org.apache.ratis.thirdparty.io.netty.channel.nio.AbstractNioChannel$AbstractNioUnsafe.finishConnect(AbstractNioChannel.java:340)
	at org.apache.ratis.thirdparty.io.netty.channel.nio.NioEventLoop.processSelectedKey(NioEventLoop.java:632)
	at org.apache.ratis.thirdparty.io.netty.channel.nio.NioEventLoop.processSelectedKeysOptimized(NioEventLoop.java:579)
	at org.apache.ratis.thirdparty.io.netty.channel.nio.NioEventLoop.processSelectedKeys(NioEventLoop.java:496)
	at org.apache.ratis.thirdparty.io.netty.channel.nio.NioEventLoop.run(NioEventLoop.java:458)
	at org.apache.ratis.thirdparty.io.netty.util.concurrent.SingleThreadEventExecutor$5.run(SingleThreadEventExecutor.java:897)
	at org.apache.ratis.thirdparty.io.netty.util.concurrent.FastThreadLocalRunnable.run(FastThreadLocalRunnable.java:30)
	... 1 more
Caused by: java.net.ConnectException: Connection refused
	... 11 more
2019-09-30 14:08:27,740 [ba168577-4ce1-4f3c-87a0-c15d6ea77440@group-B58A3CB527FD:LeaderElection107] INFO  impl.LeaderElection (LeaderElection.java:logAndReturn(56)) - ba168577-4ce1-4f3c-87a0-c15d6ea77440@group-B58A3CB527FD:LeaderElection107: Election REJECTED; received 0 response(s) [] and 2 exception(s); ba168577-4ce1-4f3c-87a0-c15d6ea77440@group-B58A3CB527FD:t3, leader=null, voted=ba168577-4ce1-4f3c-87a0-c15d6ea77440, raftlog=ba168577-4ce1-4f3c-87a0-c15d6ea77440@group-B58A3CB527FD-SegmentedRaftLog:OPENED:c6,f6,i6, conf=0: [ba168577-4ce1-4f3c-87a0-c15d6ea77440:192.168.164.197:36914, b2bcdf43-b1cf-4fcd-9749-198db9829d65:192.168.164.197:40769, 175b4be1-c2c3-4a6b-807b-0e77021a765c:192.168.164.197:43926], old=null
2019-09-30 14:08:27,740 [ba168577-4ce1-4f3c-87a0-c15d6ea77440@group-B58A3CB527FD:LeaderElection107] INFO  impl.LeaderElection (LogUtils.java:infoOrTrace(149)) -   Exception 0: {}
java.util.concurrent.ExecutionException: org.apache.ratis.thirdparty.io.grpc.StatusRuntimeException: UNAVAILABLE: io exception
	at java.util.concurrent.FutureTask.report(FutureTask.java:122)
	at java.util.concurrent.FutureTask.get(FutureTask.java:192)
	at org.apache.ratis.server.impl.LeaderElection.waitForResults(LeaderElection.java:263)
	at org.apache.ratis.server.impl.LeaderElection.askForVotes(LeaderElection.java:201)
	at org.apache.ratis.server.impl.LeaderElection.run(LeaderElection.java:133)
	at java.lang.Thread.run(Thread.java:748)
Caused by: org.apache.ratis.thirdparty.io.grpc.StatusRuntimeException: UNAVAILABLE: io exception
	at org.apache.ratis.thirdparty.io.grpc.stub.ClientCalls.toStatusRuntimeException(ClientCalls.java:233)
	at org.apache.ratis.thirdparty.io.grpc.stub.ClientCalls.getUnchecked(ClientCalls.java:214)
	at org.apache.ratis.thirdparty.io.grpc.stub.ClientCalls.blockingUnaryCall(ClientCalls.java:139)
	at org.apache.ratis.proto.grpc.RaftServerProtocolServiceGrpc$RaftServerProtocolServiceBlockingStub.requestVote(RaftServerProtocolServiceGrpc.java:265)
	at org.apache.ratis.grpc.server.GrpcServerProtocolClient.requestVote(GrpcServerProtocolClient.java:90)
	at org.apache.ratis.grpc.server.GrpcService.requestVote(GrpcService.java:204)
	at org.apache.ratis.server.impl.LeaderElection.lambda$submitRequests$1(LeaderElection.java:238)
	at java.util.concurrent.FutureTask.run(FutureTask.java:266)
	at java.util.concurrent.Executors$RunnableAdapter.call(Executors.java:511)
	at java.util.concurrent.FutureTask.run(FutureTask.java:266)
	at java.util.concurrent.ThreadPoolExecutor.runWorker(ThreadPoolExecutor.java:1149)
	at java.util.concurrent.ThreadPoolExecutor$Worker.run(ThreadPoolExecutor.java:624)
	... 1 more
Caused by: org.apache.ratis.thirdparty.io.netty.channel.AbstractChannel$AnnotatedConnectException: Connection refused: /192.168.164.197:43926
	at sun.nio.ch.SocketChannelImpl.checkConnect(Native Method)
	at sun.nio.ch.SocketChannelImpl.finishConnect(SocketChannelImpl.java:717)
	at org.apache.ratis.thirdparty.io.netty.channel.socket.nio.NioSocketChannel.doFinishConnect(NioSocketChannel.java:327)
	at org.apache.ratis.thirdparty.io.netty.channel.nio.AbstractNioChannel$AbstractNioUnsafe.finishConnect(AbstractNioChannel.java:340)
	at org.apache.ratis.thirdparty.io.netty.channel.nio.NioEventLoop.processSelectedKey(NioEventLoop.java:632)
	at org.apache.ratis.thirdparty.io.netty.channel.nio.NioEventLoop.processSelectedKeysOptimized(NioEventLoop.java:579)
	at org.apache.ratis.thirdparty.io.netty.channel.nio.NioEventLoop.processSelectedKeys(NioEventLoop.java:496)
	at org.apache.ratis.thirdparty.io.netty.channel.nio.NioEventLoop.run(NioEventLoop.java:458)
	at org.apache.ratis.thirdparty.io.netty.util.concurrent.SingleThreadEventExecutor$5.run(SingleThreadEventExecutor.java:897)
	at org.apache.ratis.thirdparty.io.netty.util.concurrent.FastThreadLocalRunnable.run(FastThreadLocalRunnable.java:30)
	... 1 more
Caused by: java.net.ConnectException: Connection refused
	... 11 more
2019-09-30 14:08:27,740 [ba168577-4ce1-4f3c-87a0-c15d6ea77440@group-B58A3CB527FD:LeaderElection107] INFO  impl.LeaderElection (LogUtils.java:infoOrTrace(149)) -   Exception 1: {}
java.util.concurrent.ExecutionException: org.apache.ratis.thirdparty.io.grpc.StatusRuntimeException: UNAVAILABLE: io exception
	at java.util.concurrent.FutureTask.report(FutureTask.java:122)
	at java.util.concurrent.FutureTask.get(FutureTask.java:192)
	at org.apache.ratis.server.impl.LeaderElection.waitForResults(LeaderElection.java:263)
	at org.apache.ratis.server.impl.LeaderElection.askForVotes(LeaderElection.java:201)
	at org.apache.ratis.server.impl.LeaderElection.run(LeaderElection.java:133)
	at java.lang.Thread.run(Thread.java:748)
Caused by: org.apache.ratis.thirdparty.io.grpc.StatusRuntimeException: UNAVAILABLE: io exception
	at org.apache.ratis.thirdparty.io.grpc.stub.ClientCalls.toStatusRuntimeException(ClientCalls.java:233)
	at org.apache.ratis.thirdparty.io.grpc.stub.ClientCalls.getUnchecked(ClientCalls.java:214)
	at org.apache.ratis.thirdparty.io.grpc.stub.ClientCalls.blockingUnaryCall(ClientCalls.java:139)
	at org.apache.ratis.proto.grpc.RaftServerProtocolServiceGrpc$RaftServerProtocolServiceBlockingStub.requestVote(RaftServerProtocolServiceGrpc.java:265)
	at org.apache.ratis.grpc.server.GrpcServerProtocolClient.requestVote(GrpcServerProtocolClient.java:90)
	at org.apache.ratis.grpc.server.GrpcService.requestVote(GrpcService.java:204)
	at org.apache.ratis.server.impl.LeaderElection.lambda$submitRequests$1(LeaderElection.java:238)
	at java.util.concurrent.FutureTask.run(FutureTask.java:266)
	at java.util.concurrent.Executors$RunnableAdapter.call(Executors.java:511)
	at java.util.concurrent.FutureTask.run(FutureTask.java:266)
	at java.util.concurrent.ThreadPoolExecutor.runWorker(ThreadPoolExecutor.java:1149)
	at java.util.concurrent.ThreadPoolExecutor$Worker.run(ThreadPoolExecutor.java:624)
	... 1 more
Caused by: org.apache.ratis.thirdparty.io.netty.channel.AbstractChannel$AnnotatedConnectException: Connection refused: /192.168.164.197:40769
	at sun.nio.ch.SocketChannelImpl.checkConnect(Native Method)
	at sun.nio.ch.SocketChannelImpl.finishConnect(SocketChannelImpl.java:717)
	at org.apache.ratis.thirdparty.io.netty.channel.socket.nio.NioSocketChannel.doFinishConnect(NioSocketChannel.java:327)
	at org.apache.ratis.thirdparty.io.netty.channel.nio.AbstractNioChannel$AbstractNioUnsafe.finishConnect(AbstractNioChannel.java:340)
	at org.apache.ratis.thirdparty.io.netty.channel.nio.NioEventLoop.processSelectedKey(NioEventLoop.java:632)
	at org.apache.ratis.thirdparty.io.netty.channel.nio.NioEventLoop.processSelectedKeysOptimized(NioEventLoop.java:579)
	at org.apache.ratis.thirdparty.io.netty.channel.nio.NioEventLoop.processSelectedKeys(NioEventLoop.java:496)
	at org.apache.ratis.thirdparty.io.netty.channel.nio.NioEventLoop.run(NioEventLoop.java:458)
	at org.apache.ratis.thirdparty.io.netty.util.concurrent.SingleThreadEventExecutor$5.run(SingleThreadEventExecutor.java:897)
	at org.apache.ratis.thirdparty.io.netty.util.concurrent.FastThreadLocalRunnable.run(FastThreadLocalRunnable.java:30)
	... 1 more
Caused by: java.net.ConnectException: Connection refused
	... 11 more
2019-09-30 14:08:27,740 [ba168577-4ce1-4f3c-87a0-c15d6ea77440@group-B58A3CB527FD:LeaderElection107] INFO  impl.RaftServerImpl (RaftServerImpl.java:setRole(174)) - ba168577-4ce1-4f3c-87a0-c15d6ea77440@group-B58A3CB527FD: changes role from CANDIDATE to FOLLOWER at term 3 for DISCOVERED_A_NEW_TERM
2019-09-30 14:08:27,740 [ba168577-4ce1-4f3c-87a0-c15d6ea77440@group-B58A3CB527FD:LeaderElection107] INFO  impl.RoleInfo (RoleInfo.java:shutdownLeaderElection(134)) - ba168577-4ce1-4f3c-87a0-c15d6ea77440: shutdown LeaderElection
2019-09-30 14:08:27,741 [ba168577-4ce1-4f3c-87a0-c15d6ea77440@group-B58A3CB527FD:LeaderElection107] INFO  impl.RoleInfo (RoleInfo.java:updateAndGet(143)) - ba168577-4ce1-4f3c-87a0-c15d6ea77440: start FollowerState
2019-09-30 14:08:29,666 [EventQueue-StaleNodeForStaleNodeHandler] INFO  node.StaleNodeHandler (StaleNodeHandler.java:onMessage(58)) - Datanode ba168577-4ce1-4f3c-87a0-c15d6ea77440{ip: 192.168.164.197, host: trunk-nightly-extra-20190930-74rp4-3411845215, networkLocation: /default-rack, certSerialId: null} moved to stale state. Finalizing its pipelines [PipelineID=75cf17c1-cf02-4f01-ae53-2d4037473d67, PipelineID=4199bf57-5504-4d94-be53-b58a3cb527fd]
2019-09-30 14:08:29,669 [EventQueue-StaleNodeForStaleNodeHandler] INFO  pipeline.SCMPipelineManager (SCMPipelineManager.java:finalizeAndDestroyPipeline(315)) - destroying pipeline:Pipeline[ Id: 75cf17c1-cf02-4f01-ae53-2d4037473d67, Nodes: ba168577-4ce1-4f3c-87a0-c15d6ea77440{ip: 192.168.164.197, host: trunk-nightly-extra-20190930-74rp4-3411845215, networkLocation: /default-rack, certSerialId: null}, Type:RATIS, Factor:ONE, State:OPEN]
2019-09-30 14:08:29,669 [EventQueue-StaleNodeForStaleNodeHandler] INFO  pipeline.PipelineStateManager (PipelineStateManager.java:finalizePipeline(123)) - Pipeline Pipeline[ Id: 75cf17c1-cf02-4f01-ae53-2d4037473d67, Nodes: ba168577-4ce1-4f3c-87a0-c15d6ea77440{ip: 192.168.164.197, host: trunk-nightly-extra-20190930-74rp4-3411845215, networkLocation: /default-rack, certSerialId: null}, Type:RATIS, Factor:ONE, State:CLOSED] moved to CLOSED state
2019-09-30 14:08:29,670 [EventQueue-StaleNodeForStaleNodeHandler] INFO  pipeline.SCMPipelineManager (SCMPipelineManager.java:finalizeAndDestroyPipeline(315)) - destroying pipeline:Pipeline[ Id: 4199bf57-5504-4d94-be53-b58a3cb527fd, Nodes: ba168577-4ce1-4f3c-87a0-c15d6ea77440{ip: 192.168.164.197, host: trunk-nightly-extra-20190930-74rp4-3411845215, networkLocation: /default-rack, certSerialId: null}175b4be1-c2c3-4a6b-807b-0e77021a765c{ip: 192.168.164.197, host: trunk-nightly-extra-20190930-74rp4-3411845215, networkLocation: /default-rack, certSerialId: null}b2bcdf43-b1cf-4fcd-9749-198db9829d65{ip: 192.168.164.197, host: trunk-nightly-extra-20190930-74rp4-3411845215, networkLocation: /default-rack, certSerialId: null}, Type:RATIS, Factor:THREE, State:CLOSED]
2019-09-30 14:08:30,072 [main] INFO  ozoneimpl.OzoneContainer (OzoneContainer.java:stop(231)) - Attempting to stop container services.
2019-09-30 14:08:30,073 [main] INFO  impl.RaftServerProxy (RaftServerProxy.java:lambda$close$4(314)) - ba168577-4ce1-4f3c-87a0-c15d6ea77440: close
2019-09-30 14:08:30,074 [main] INFO  impl.RaftServerImpl (RaftServerImpl.java:lambda$shutdown$3(251)) - ba168577-4ce1-4f3c-87a0-c15d6ea77440@group-2D4037473D67: shutdown
2019-09-30 14:08:30,074 [main] INFO  util.JmxRegister (JmxRegister.java:unregister(73)) - Successfully un-registered JMX Bean with object name Ratis:service=RaftServer,group=group-2D4037473D67,id=ba168577-4ce1-4f3c-87a0-c15d6ea77440
2019-09-30 14:08:30,074 [main] INFO  impl.RoleInfo (RoleInfo.java:shutdownLeaderState(104)) - ba168577-4ce1-4f3c-87a0-c15d6ea77440: shutdown LeaderState
2019-09-30 14:08:30,075 [main] INFO  impl.PendingRequests (PendingRequests.java:sendNotLeaderResponses(202)) - ba168577-4ce1-4f3c-87a0-c15d6ea77440-PendingRequests: sendNotLeaderResponses
2019-09-30 14:08:30,075 [main] INFO  impl.StateMachineUpdater (StateMachineUpdater.java:stopAndJoin(125)) - ba168577-4ce1-4f3c-87a0-c15d6ea77440@group-2D4037473D67-StateMachineUpdater: set stopIndex = 0
2019-09-30 14:08:30,076 [main] INFO  impl.RaftServerImpl (ServerState.java:close(385)) - ba168577-4ce1-4f3c-87a0-c15d6ea77440@group-2D4037473D67: closes. applyIndex: 0
2019-09-30 14:08:30,076 [ba168577-4ce1-4f3c-87a0-c15d6ea77440@group-2D4037473D67-SegmentedRaftLogWorker] INFO  segmented.SegmentedRaftLogWorker (SegmentedRaftLogWorker.java:run(313)) - ba168577-4ce1-4f3c-87a0-c15d6ea77440@group-2D4037473D67-SegmentedRaftLogWorker was interrupted, exiting. There are 0 tasks remaining in the queue.
2019-09-30 14:08:30,079 [main] INFO  segmented.SegmentedRaftLogWorker (SegmentedRaftLogWorker.java:close(228)) - ba168577-4ce1-4f3c-87a0-c15d6ea77440@group-2D4037473D67-SegmentedRaftLogWorker close()
2019-09-30 14:08:30,080 [main] INFO  impl.RaftServerImpl (RaftServerImpl.java:lambda$shutdown$3(251)) - ba168577-4ce1-4f3c-87a0-c15d6ea77440@group-B58A3CB527FD: shutdown
2019-09-30 14:08:30,080 [main] INFO  util.JmxRegister (JmxRegister.java:unregister(73)) - Successfully un-registered JMX Bean with object name Ratis:service=RaftServer,group=group-B58A3CB527FD,id=ba168577-4ce1-4f3c-87a0-c15d6ea77440
2019-09-30 14:08:30,080 [main] INFO  impl.RoleInfo (RoleInfo.java:shutdownFollowerState(121)) - ba168577-4ce1-4f3c-87a0-c15d6ea77440: shutdown FollowerState
2019-09-30 14:08:30,081 [main] INFO  impl.StateMachineUpdater (StateMachineUpdater.java:stopAndJoin(125)) - ba168577-4ce1-4f3c-87a0-c15d6ea77440@group-B58A3CB527FD-StateMachineUpdater: set stopIndex = 6
2019-09-30 14:08:30,081 [ba168577-4ce1-4f3c-87a0-c15d6ea77440@group-B58A3CB527FD-StateMachineUpdater] INFO  ratis.ContainerStateMachine (ContainerStateMachine.java:takeSnapshot(289)) - group-B58A3CB527FD: Taking a snapshot at:(t:1, i:4) file /workdir/hadoop-ozone/integration-test/target/test-dir/MiniOzoneClusterImpl-94dfbac5-ba66-45b1-85eb-93ae9faac445/datanode-5/data/ratis/4199bf57-5504-4d94-be53-b58a3cb527fd/sm/snapshot.1_4
2019-09-30 14:08:30,081 [Thread-4605] INFO  impl.FollowerState (FollowerState.java:run(115)) - ba168577-4ce1-4f3c-87a0-c15d6ea77440: FollowerState was interrupted: java.lang.InterruptedException: sleep interrupted
2019-09-30 14:08:30,096 [ba168577-4ce1-4f3c-87a0-c15d6ea77440@group-B58A3CB527FD-StateMachineUpdater] INFO  ratis.ContainerStateMachine (ContainerStateMachine.java:takeSnapshot(300)) - group-B58A3CB527FD: Finished taking a snapshot at:(t:1, i:4) file:/workdir/hadoop-ozone/integration-test/target/test-dir/MiniOzoneClusterImpl-94dfbac5-ba66-45b1-85eb-93ae9faac445/datanode-5/data/ratis/4199bf57-5504-4d94-be53-b58a3cb527fd/sm/snapshot.1_4 time:15
2019-09-30 14:08:30,096 [ba168577-4ce1-4f3c-87a0-c15d6ea77440@group-B58A3CB527FD-StateMachineUpdater] INFO  impl.StateMachineUpdater (StateMachineUpdater.java:takeSnapshot(258)) - ba168577-4ce1-4f3c-87a0-c15d6ea77440@group-B58A3CB527FD-StateMachineUpdater: Took a snapshot at index 4
2019-09-30 14:08:30,096 [ba168577-4ce1-4f3c-87a0-c15d6ea77440@group-B58A3CB527FD-StateMachineUpdater] INFO  impl.StateMachineUpdater (StateMachineUpdater.java:lambda$new$0(83)) - ba168577-4ce1-4f3c-87a0-c15d6ea77440@group-B58A3CB527FD-StateMachineUpdater: snapshotIndex: updateIncreasingly -1 -> 4
2019-09-30 14:08:30,097 [ba168577-4ce1-4f3c-87a0-c15d6ea77440@group-B58A3CB527FD-StateMachineUpdater] INFO  ratis.ContainerStateMachine (ContainerStateMachine.java:takeSnapshot(289)) - group-B58A3CB527FD: Taking a snapshot at:(t:1, i:4) file /workdir/hadoop-ozone/integration-test/target/test-dir/MiniOzoneClusterImpl-94dfbac5-ba66-45b1-85eb-93ae9faac445/datanode-5/data/ratis/4199bf57-5504-4d94-be53-b58a3cb527fd/sm/snapshot.1_4
2019-09-30 14:08:30,109 [ba168577-4ce1-4f3c-87a0-c15d6ea77440@group-B58A3CB527FD-StateMachineUpdater] INFO  ratis.ContainerStateMachine (ContainerStateMachine.java:takeSnapshot(300)) - group-B58A3CB527FD: Finished taking a snapshot at:(t:1, i:4) file:/workdir/hadoop-ozone/integration-test/target/test-dir/MiniOzoneClusterImpl-94dfbac5-ba66-45b1-85eb-93ae9faac445/datanode-5/data/ratis/4199bf57-5504-4d94-be53-b58a3cb527fd/sm/snapshot.1_4 time:12
2019-09-30 14:08:30,109 [ba168577-4ce1-4f3c-87a0-c15d6ea77440@group-B58A3CB527FD-StateMachineUpdater] INFO  impl.StateMachineUpdater (StateMachineUpdater.java:takeSnapshot(258)) - ba168577-4ce1-4f3c-87a0-c15d6ea77440@group-B58A3CB527FD-StateMachineUpdater: Took a snapshot at index 4
2019-09-30 14:08:30,109 [ba168577-4ce1-4f3c-87a0-c15d6ea77440@group-B58A3CB527FD-StateMachineUpdater] INFO  impl.StateMachineUpdater (StateMachineUpdater.java:lambda$new$0(83)) - ba168577-4ce1-4f3c-87a0-c15d6ea77440@group-B58A3CB527FD-StateMachineUpdater: snapshotIndex: updateIncreasingly 4 -> 4
2019-09-30 14:08:30,109 [main] INFO  impl.RaftServerImpl (ServerState.java:close(385)) - ba168577-4ce1-4f3c-87a0-c15d6ea77440@group-B58A3CB527FD: closes. applyIndex: 6
2019-09-30 14:08:30,110 [ba168577-4ce1-4f3c-87a0-c15d6ea77440@group-B58A3CB527FD-SegmentedRaftLogWorker] INFO  segmented.SegmentedRaftLogWorker (SegmentedRaftLogWorker.java:run(313)) - ba168577-4ce1-4f3c-87a0-c15d6ea77440@group-B58A3CB527FD-SegmentedRaftLogWorker was interrupted, exiting. There are 0 tasks remaining in the queue.
2019-09-30 14:08:30,110 [main] INFO  segmented.SegmentedRaftLogWorker (SegmentedRaftLogWorker.java:close(228)) - ba168577-4ce1-4f3c-87a0-c15d6ea77440@group-B58A3CB527FD-SegmentedRaftLogWorker close()
2019-09-30 14:08:30,111 [main] INFO  server.GrpcService (GrpcService.java:closeImpl(164)) - ba168577-4ce1-4f3c-87a0-c15d6ea77440: shutdown server with port 36914 now
2019-09-30 14:08:30,111 [main] INFO  server.GrpcService (GrpcService.java:closeImpl(172)) - ba168577-4ce1-4f3c-87a0-c15d6ea77440: shutdown server with port 36914 successfully
2019-09-30 14:08:30,113 [refreshUsed-/workdir/hadoop-ozone/integration-test/target/test-dir/MiniOzoneClusterImpl-94dfbac5-ba66-45b1-85eb-93ae9faac445/datanode-5/data/containers] WARN  fs.CachingGetSpaceUsed (CachingGetSpaceUsed.java:run(183)) - Thread Interrupted waiting to refresh disk information: sleep interrupted
2019-09-30 14:08:30,126 [main] INFO  utils.BackgroundService (BackgroundService.java:shutdown(148)) - Shutting down service BlockDeletingService
2019-09-30 14:08:30,131 [main] INFO  statemachine.DatanodeStateMachine (DatanodeStateMachine.java:stopDaemon(395)) - Ozone container server stopped.
2019-09-30 14:08:30,151 [main] INFO  handler.ContextHandler (ContextHandler.java:doStop(910)) - Stopped o.e.j.w.WebAppContext@7c5c20ed{/,null,UNAVAILABLE}{/hddsDatanode}
2019-09-30 14:08:30,152 [main] INFO  server.AbstractConnector (AbstractConnector.java:doStop(318)) - Stopped ServerConnector@6113a26f{HTTP/1.1,[http/1.1]}{0.0.0.0:0}
2019-09-30 14:08:30,152 [main] INFO  handler.ContextHandler (ContextHandler.java:doStop(910)) - Stopped o.e.j.s.ServletContextHandler@6ac756b{/static,jar:file:/home/user/.m2/repository/org/apache/hadoop/hadoop-hdds-container-service/0.5.0-SNAPSHOT/hadoop-hdds-container-service-0.5.0-SNAPSHOT.jar!/webapps/static,UNAVAILABLE}
2019-09-30 14:08:30,153 [main] INFO  handler.ContextHandler (ContextHandler.java:doStop(910)) - Stopped o.e.j.s.ServletContextHandler@6f8ac8d5{/logs,file:///workdir/hadoop-ozone/integration-test/target/log,UNAVAILABLE}
2019-09-30 14:08:30,153 [main] INFO  ozone.MiniOzoneClusterImpl (MiniOzoneClusterImpl.java:stopSCM(392)) - Stopping the StorageContainerManager
2019-09-30 14:08:30,154 [main] INFO  server.StorageContainerManager (StorageContainerManager.java:stop(808)) - Stopping Replication Manager Service.
2019-09-30 14:08:30,154 [main] INFO  container.ReplicationManager (ReplicationManager.java:stop(203)) - Stopping Replication Monitor Thread.
2019-09-30 14:08:30,154 [main] INFO  server.StorageContainerManager (StorageContainerManager.java:stop(815)) - Stopping Lease Manager of the command watchers
2019-09-30 14:08:30,154 [main] INFO  server.StorageContainerManager (StorageContainerManager.java:stop(822)) - Stopping datanode service RPC server
2019-09-30 14:08:30,154 [main] INFO  server.SCMDatanodeProtocolServer (SCMDatanodeProtocolServer.java:stop(367)) - Stopping the RPC server for DataNodes
2019-09-30 14:08:30,154 [main] INFO  ipc.Server (Server.java:stop(3082)) - Stopping server on 44294
2019-09-30 14:08:30,156 [IPC Server listener on 44294] INFO  ipc.Server (Server.java:run(1185)) - Stopping IPC Server listener on 44294
2019-09-30 14:08:30,157 [IPC Server Responder] INFO  ipc.Server (Server.java:run(1319)) - Stopping IPC Server Responder
2019-09-30 14:08:30,167 [SCM Heartbeat Processing Thread - 0] WARN  node.NodeStateManager (NodeStateManager.java:scheduleNextHealthCheck(646)) - Current Thread is interrupted, shutting down HB processing thread for Node Manager.
2019-09-30 14:08:30,167 [main] INFO  server.StorageContainerManager (StorageContainerManager.java:stop(830)) - Stopping block service RPC server
2019-09-30 14:08:30,168 [main] INFO  server.SCMBlockProtocolServer (SCMBlockProtocolServer.java:stop(155)) - Stopping the RPC server for Block Protocol
2019-09-30 14:08:30,168 [main] INFO  ipc.Server (Server.java:stop(3082)) - Stopping server on 33611
2019-09-30 14:08:30,170 [IPC Server listener on 33611] INFO  ipc.Server (Server.java:run(1185)) - Stopping IPC Server listener on 33611
2019-09-30 14:08:30,170 [main] INFO  server.StorageContainerManager (StorageContainerManager.java:stop(837)) - Stopping the StorageContainerLocationProtocol RPC server
2019-09-30 14:08:30,170 [main] INFO  server.SCMClientProtocolServer (SCMClientProtocolServer.java:stop(158)) - Stopping the RPC server for Client Protocol
2019-09-30 14:08:30,172 [IPC Server Responder] INFO  ipc.Server (Server.java:run(1319)) - Stopping IPC Server Responder
2019-09-30 14:08:30,172 [main] INFO  ipc.Server (Server.java:stop(3082)) - Stopping server on 38421
2019-09-30 14:08:30,176 [IPC Server listener on 38421] INFO  ipc.Server (Server.java:run(1185)) - Stopping IPC Server listener on 38421
2019-09-30 14:08:30,177 [main] INFO  server.StorageContainerManager (StorageContainerManager.java:stop(844)) - Stopping Storage Container Manager HTTP server.
2019-09-30 14:08:30,177 [IPC Server Responder] INFO  ipc.Server (Server.java:run(1319)) - Stopping IPC Server Responder
2019-09-30 14:08:30,179 [main] INFO  handler.ContextHandler (ContextHandler.java:doStop(910)) - Stopped o.e.j.w.WebAppContext@243c4346{/,null,UNAVAILABLE}{/scm}
2019-09-30 14:08:30,179 [main] INFO  server.AbstractConnector (AbstractConnector.java:doStop(318)) - Stopped ServerConnector@2905b568{HTTP/1.1,[http/1.1]}{0.0.0.0:0}
2019-09-30 14:08:30,179 [main] INFO  handler.ContextHandler (ContextHandler.java:doStop(910)) - Stopped o.e.j.s.ServletContextHandler@41582899{/static,file:///workdir/hadoop-ozone/integration-test/target/test-classes/webapps/static,UNAVAILABLE}
2019-09-30 14:08:30,179 [main] INFO  handler.ContextHandler (ContextHandler.java:doStop(910)) - Stopped o.e.j.s.ServletContextHandler@2d913116{/logs,file:///workdir/hadoop-ozone/integration-test/target/log,UNAVAILABLE}
2019-09-30 14:08:30,180 [main] INFO  server.StorageContainerManager (StorageContainerManager.java:stop(855)) - Stopping Block Manager Service.
2019-09-30 14:08:30,180 [main] INFO  utils.BackgroundService (BackgroundService.java:shutdown(148)) - Shutting down service SCMBlockDeletingService
2019-09-30 14:08:30,181 [main] INFO  utils.BackgroundService (BackgroundService.java:shutdown(148)) - Shutting down service SCMBlockDeletingService
2019-09-30 14:08:30,181 [main] INFO  server.StorageContainerManager (StorageContainerManager.java:stop(877)) - Stopping SCM Event Queue.
2019-09-30 14:08:30,186 [main] INFO  impl.MetricsSystemImpl (MetricsSystemImpl.java:stop(210)) - Stopping HddsDatanode metrics system...
2019-09-30 14:08:30,212 [main] INFO  impl.MetricsSystemImpl (MetricsSystemImpl.java:stop(216)) - HddsDatanode metrics system stopped.
]]></system-out>
    <system-err><![CDATA[Sep 30, 2019 2:08:14 PM org.apache.ratis.thirdparty.io.grpc.internal.SerializingExecutor run
SEVERE: Exception while executing runnable org.apache.ratis.thirdparty.io.grpc.internal.ServerImpl$JumpToApplicationThreadServerStreamListener$1Closed@3e68257e
org.apache.ratis.thirdparty.io.grpc.StatusRuntimeException: CANCELLED: call already cancelled
	at org.apache.ratis.thirdparty.io.grpc.Status.asRuntimeException(Status.java:517)
	at org.apache.ratis.thirdparty.io.grpc.stub.ServerCalls$ServerCallStreamObserverImpl.onCompleted(ServerCalls.java:356)
	at org.apache.ratis.grpc.server.GrpcServerProtocolService$ServerRequestStreamObserver.onError(GrpcServerProtocolService.java:121)
	at org.apache.ratis.thirdparty.io.grpc.stub.ServerCalls$StreamingServerCallHandler$StreamingServerCallListener.onCancel(ServerCalls.java:269)
	at org.apache.ratis.thirdparty.io.grpc.internal.ServerCallImpl$ServerStreamListenerImpl.closed(ServerCallImpl.java:293)
	at org.apache.ratis.thirdparty.io.grpc.internal.ServerImpl$JumpToApplicationThreadServerStreamListener$1Closed.runInContext(ServerImpl.java:741)
	at org.apache.ratis.thirdparty.io.grpc.internal.ContextRunnable.run(ContextRunnable.java:37)
	at org.apache.ratis.thirdparty.io.grpc.internal.SerializingExecutor.run(SerializingExecutor.java:123)
	at java.util.concurrent.ThreadPoolExecutor.runWorker(ThreadPoolExecutor.java:1149)
	at java.util.concurrent.ThreadPoolExecutor$Worker.run(ThreadPoolExecutor.java:624)
	at java.lang.Thread.run(Thread.java:748)

Sep 30, 2019 2:08:19 PM org.apache.ratis.thirdparty.io.grpc.internal.SerializingExecutor run
SEVERE: Exception while executing runnable org.apache.ratis.thirdparty.io.grpc.internal.ServerImpl$JumpToApplicationThreadServerStreamListener$1Closed@1849cbd2
org.apache.ratis.thirdparty.io.grpc.StatusRuntimeException: CANCELLED: call already cancelled
	at org.apache.ratis.thirdparty.io.grpc.Status.asRuntimeException(Status.java:517)
	at org.apache.ratis.thirdparty.io.grpc.stub.ServerCalls$ServerCallStreamObserverImpl.onCompleted(ServerCalls.java:356)
	at org.apache.ratis.grpc.server.GrpcServerProtocolService$ServerRequestStreamObserver.onError(GrpcServerProtocolService.java:121)
	at org.apache.ratis.thirdparty.io.grpc.stub.ServerCalls$StreamingServerCallHandler$StreamingServerCallListener.onCancel(ServerCalls.java:269)
	at org.apache.ratis.thirdparty.io.grpc.internal.ServerCallImpl$ServerStreamListenerImpl.closed(ServerCallImpl.java:293)
	at org.apache.ratis.thirdparty.io.grpc.internal.ServerImpl$JumpToApplicationThreadServerStreamListener$1Closed.runInContext(ServerImpl.java:741)
	at org.apache.ratis.thirdparty.io.grpc.internal.ContextRunnable.run(ContextRunnable.java:37)
	at org.apache.ratis.thirdparty.io.grpc.internal.SerializingExecutor.run(SerializingExecutor.java:123)
	at java.util.concurrent.ThreadPoolExecutor.runWorker(ThreadPoolExecutor.java:1149)
	at java.util.concurrent.ThreadPoolExecutor$Worker.run(ThreadPoolExecutor.java:624)
	at java.lang.Thread.run(Thread.java:748)

]]></system-err>
  </testcase>
</testsuite>