<?xml version="1.0" encoding="UTF-8"?>
<testsuite xmlns:xsi="http://www.w3.org/2001/XMLSchema-instance" xsi:noNamespaceSchemaLocation="https://maven.apache.org/surefire/maven-surefire-plugin/xsd/surefire-test-report.xsd" name="org.apache.hadoop.ozone.client.rpc.TestDeleteWithSlowFollower" time="133.697" tests="1" errors="0" skipped="0" failures="1">
  <properties>
    <property name="awt.toolkit" value="sun.awt.X11.XToolkit"/>
    <property name="file.encoding.pkg" value="sun.io"/>
    <property name="java.specification.version" value="1.8"/>
    <property name="sun.cpu.isalist" value=""/>
    <property name="sun.jnu.encoding" value="ANSI_X3.4-1968"/>
    <property name="java.class.path" value="/workdir/hadoop-ozone/integration-test/target/test-classes:/workdir/hadoop-ozone/integration-test/target/classes:/home/user/.m2/repository/org/apache/hadoop/hadoop-ozone-common/0.5.0-SNAPSHOT/hadoop-ozone-common-0.5.0-SNAPSHOT.jar:/home/user/.m2/repository/org/apache/commons/commons-compress/1.4.1/commons-compress-1.4.1.jar:/home/user/.m2/repository/org/tukaani/xz/1.0/xz-1.0.jar:/home/user/.m2/repository/org/apache/hadoop/hadoop-common/3.2.0/hadoop-common-3.2.0.jar:/home/user/.m2/repository/org/apache/hadoop/hadoop-hdfs/3.2.0/hadoop-hdfs-3.2.0.jar:/home/user/.m2/repository/org/apache/hadoop/hadoop-hdfs-client/3.2.0/hadoop-hdfs-client-3.2.0.jar:/home/user/.m2/repository/com/fasterxml/jackson/core/jackson-annotations/2.9.9/jackson-annotations-2.9.9.jar:/home/user/.m2/repository/org/apache/hadoop/hadoop-hdds-common/0.5.0-SNAPSHOT/hadoop-hdds-common-0.5.0-SNAPSHOT.jar:/home/user/.m2/repository/javax/annotation/javax.annotation-api/1.2/javax.annotation-api-1.2.jar:/home/user/.m2/repository/org/apache/ratis/ratis-server/0.5.0-3f446aa-SNAPSHOT/ratis-server-0.5.0-3f446aa-SNAPSHOT.jar:/home/user/.m2/repository/org/apache/ratis/ratis-thirdparty-misc/0.2.0/ratis-thirdparty-misc-0.2.0.jar:/home/user/.m2/repository/org/apache/ratis/ratis-proto/0.5.0-3f446aa-SNAPSHOT/ratis-proto-0.5.0-3f446aa-SNAPSHOT.jar:/home/user/.m2/repository/org/apache/ratis/ratis-common/0.5.0-3f446aa-SNAPSHOT/ratis-common-0.5.0-3f446aa-SNAPSHOT.jar:/home/user/.m2/repository/org/apache/ratis/ratis-client/0.5.0-3f446aa-SNAPSHOT/ratis-client-0.5.0-3f446aa-SNAPSHOT.jar:/home/user/.m2/repository/org/apache/ratis/ratis-metrics/0.5.0-3f446aa-SNAPSHOT/ratis-metrics-0.5.0-3f446aa-SNAPSHOT.jar:/home/user/.m2/repository/com/github/joshelser/dropwizard-metrics-hadoop-metrics2-reporter/0.1.2/dropwizard-metrics-hadoop-metrics2-reporter-0.1.2.jar:/home/user/.m2/repository/io/dropwizard/metrics/metrics-jvm/3.2.5/metrics-jvm-3.2.5.jar:/home/user/.m2/repository/io/dropwizard/metrics/metrics-ganglia/3.2.5/metrics-ganglia-3.2.5.jar:/home/user/.m2/repository/info/ganglia/gmetric4j/gmetric4j/1.0.7/gmetric4j-1.0.7.jar:/home/user/.m2/repository/org/apache/ratis/ratis-netty/0.5.0-3f446aa-SNAPSHOT/ratis-netty-0.5.0-3f446aa-SNAPSHOT.jar:/home/user/.m2/repository/org/apache/ratis/ratis-grpc/0.5.0-3f446aa-SNAPSHOT/ratis-grpc-0.5.0-3f446aa-SNAPSHOT.jar:/home/user/.m2/repository/org/rocksdb/rocksdbjni/6.0.1/rocksdbjni-6.0.1.jar:/home/user/.m2/repository/org/apache/logging/log4j/log4j-api/2.11.0/log4j-api-2.11.0.jar:/home/user/.m2/repository/org/apache/logging/log4j/log4j-core/2.11.0/log4j-core-2.11.0.jar:/home/user/.m2/repository/com/lmax/disruptor/3.4.2/disruptor-3.4.2.jar:/home/user/.m2/repository/org/apache/commons/commons-pool2/2.6.0/commons-pool2-2.6.0.jar:/home/user/.m2/repository/org/bouncycastle/bcpkix-jdk15on/1.60/bcpkix-jdk15on-1.60.jar:/home/user/.m2/repository/commons-validator/commons-validator/1.6/commons-validator-1.6.jar:/home/user/.m2/repository/commons-digester/commons-digester/1.8.1/commons-digester-1.8.1.jar:/home/user/.m2/repository/io/jaegertracing/jaeger-client/0.34.0/jaeger-client-0.34.0.jar:/home/user/.m2/repository/io/jaegertracing/jaeger-thrift/0.34.0/jaeger-thrift-0.34.0.jar:/home/user/.m2/repository/org/apache/thrift/libthrift/0.12.0/libthrift-0.12.0.jar:/home/user/.m2/repository/com/squareup/okhttp3/okhttp/3.9.0/okhttp-3.9.0.jar:/home/user/.m2/repository/com/squareup/okio/okio/1.13.0/okio-1.13.0.jar:/home/user/.m2/repository/io/jaegertracing/jaeger-core/0.34.0/jaeger-core-0.34.0.jar:/home/user/.m2/repository/io/jaegertracing/jaeger-tracerresolver/0.34.0/jaeger-tracerresolver-0.34.0.jar:/home/user/.m2/repository/io/opentracing/contrib/opentracing-tracerresolver/0.1.5/opentracing-tracerresolver-0.1.5.jar:/home/user/.m2/repository/io/opentracing/opentracing-util/0.31.0/opentracing-util-0.31.0.jar:/home/user/.m2/repository/io/opentracing/opentracing-api/0.31.0/opentracing-api-0.31.0.jar:/home/user/.m2/repository/io/opentracing/opentracing-noop/0.31.0/opentracing-noop-0.31.0.jar:/home/user/.m2/repository/org/apache/hadoop/hadoop-hdds-server-framework/0.5.0-SNAPSHOT/hadoop-hdds-server-framework-0.5.0-SNAPSHOT.jar:/home/user/.m2/repository/org/apache/hadoop/hadoop-hdds-container-service/0.5.0-SNAPSHOT/hadoop-hdds-container-service-0.5.0-SNAPSHOT.jar:/home/user/.m2/repository/org/apache/hadoop/hadoop-hdds-client/0.5.0-SNAPSHOT/hadoop-hdds-client-0.5.0-SNAPSHOT.jar:/home/user/.m2/repository/org/apache/hadoop/hadoop-hdds-tools/0.5.0-SNAPSHOT/hadoop-hdds-tools-0.5.0-SNAPSHOT.jar:/home/user/.m2/repository/org/apache/hadoop/hadoop-hdds-server-scm/0.5.0-SNAPSHOT/hadoop-hdds-server-scm-0.5.0-SNAPSHOT.jar:/home/user/.m2/repository/org/apache/hadoop/hadoop-hdds-docs/0.5.0-SNAPSHOT/hadoop-hdds-docs-0.5.0-SNAPSHOT.jar:/home/user/.m2/repository/io/dropwizard/metrics/metrics-core/3.2.4/metrics-core-3.2.4.jar:/home/user/.m2/repository/org/hamcrest/hamcrest-all/1.3/hamcrest-all-1.3.jar:/home/user/.m2/repository/org/bouncycastle/bcprov-jdk15on/1.60/bcprov-jdk15on-1.60.jar:/home/user/.m2/repository/info/picocli/picocli/3.9.6/picocli-3.9.6.jar:/home/user/.m2/repository/com/google/protobuf/protobuf-java/2.5.0/protobuf-java-2.5.0.jar:/home/user/.m2/repository/com/google/guava/guava/11.0.2/guava-11.0.2.jar:/home/user/.m2/repository/org/apache/hadoop/hadoop-ozone-ozone-manager/0.5.0-SNAPSHOT/hadoop-ozone-ozone-manager-0.5.0-SNAPSHOT.jar:/home/user/.m2/repository/org/apache/hadoop/hadoop-minikdc/3.2.0/hadoop-minikdc-3.2.0.jar:/home/user/.m2/repository/commons-io/commons-io/2.5/commons-io-2.5.jar:/home/user/.m2/repository/org/apache/kerby/kerb-simplekdc/1.0.1/kerb-simplekdc-1.0.1.jar:/home/user/.m2/repository/org/apache/kerby/kerb-client/1.0.1/kerb-client-1.0.1.jar:/home/user/.m2/repository/org/apache/kerby/kerby-config/1.0.1/kerby-config-1.0.1.jar:/home/user/.m2/repository/org/apache/kerby/kerb-core/1.0.1/kerb-core-1.0.1.jar:/home/user/.m2/repository/org/apache/kerby/kerby-pkix/1.0.1/kerby-pkix-1.0.1.jar:/home/user/.m2/repository/org/apache/kerby/kerby-asn1/1.0.1/kerby-asn1-1.0.1.jar:/home/user/.m2/repository/org/apache/kerby/kerby-util/1.0.1/kerby-util-1.0.1.jar:/home/user/.m2/repository/org/apache/kerby/kerb-common/1.0.1/kerb-common-1.0.1.jar:/home/user/.m2/repository/org/apache/kerby/kerb-crypto/1.0.1/kerb-crypto-1.0.1.jar:/home/user/.m2/repository/org/apache/kerby/kerb-util/1.0.1/kerb-util-1.0.1.jar:/home/user/.m2/repository/org/apache/kerby/token-provider/1.0.1/token-provider-1.0.1.jar:/home/user/.m2/repository/org/apache/kerby/kerb-admin/1.0.1/kerb-admin-1.0.1.jar:/home/user/.m2/repository/org/apache/kerby/kerb-server/1.0.1/kerb-server-1.0.1.jar:/home/user/.m2/repository/org/apache/kerby/kerb-identity/1.0.1/kerb-identity-1.0.1.jar:/home/user/.m2/repository/org/apache/kerby/kerby-xdr/1.0.1/kerby-xdr-1.0.1.jar:/home/user/.m2/repository/org/slf4j/slf4j-log4j12/1.7.25/slf4j-log4j12-1.7.25.jar:/home/user/.m2/repository/org/apache/hadoop/hadoop-ozone-s3gateway/0.5.0-SNAPSHOT/hadoop-ozone-s3gateway-0.5.0-SNAPSHOT.jar:/home/user/.m2/repository/org/jboss/weld/servlet/weld-servlet/2.4.7.Final/weld-servlet-2.4.7.Final.jar:/home/user/.m2/repository/org/glassfish/jersey/containers/jersey-container-servlet-core/2.27/jersey-container-servlet-core-2.27.jar:/home/user/.m2/repository/org/glassfish/hk2/external/javax.inject/2.5.0-b42/javax.inject-2.5.0-b42.jar:/home/user/.m2/repository/org/glassfish/jersey/core/jersey-common/2.27/jersey-common-2.27.jar:/home/user/.m2/repository/org/glassfish/hk2/osgi-resource-locator/1.0.1/osgi-resource-locator-1.0.1.jar:/home/user/.m2/repository/javax/ws/rs/javax.ws.rs-api/2.1/javax.ws.rs-api-2.1.jar:/home/user/.m2/repository/org/glassfish/jersey/ext/cdi/jersey-cdi1x/2.27/jersey-cdi1x-2.27.jar:/home/user/.m2/repository/org/glassfish/jersey/inject/jersey-hk2/2.27/jersey-hk2-2.27.jar:/home/user/.m2/repository/org/glassfish/hk2/hk2-locator/2.5.0-b42/hk2-locator-2.5.0-b42.jar:/home/user/.m2/repository/org/javassist/javassist/3.22.0-CR2/javassist-3.22.0-CR2.jar:/home/user/.m2/repository/org/glassfish/hk2/hk2-api/2.5.0/hk2-api-2.5.0.jar:/home/user/.m2/repository/org/glassfish/hk2/external/jakarta.inject/2.5.0/jakarta.inject-2.5.0.jar:/home/user/.m2/repository/org/glassfish/hk2/hk2-utils/2.5.0/hk2-utils-2.5.0.jar:/home/user/.m2/repository/jakarta/annotation/jakarta.annotation-api/1.3.4/jakarta.annotation-api-1.3.4.jar:/home/user/.m2/repository/org/glassfish/hk2/external/aopalliance-repackaged/2.5.0/aopalliance-repackaged-2.5.0.jar:/home/user/.m2/repository/com/fasterxml/jackson/dataformat/jackson-dataformat-xml/2.9.0/jackson-dataformat-xml-2.9.0.jar:/home/user/.m2/repository/com/fasterxml/jackson/core/jackson-core/2.9.9/jackson-core-2.9.9.jar:/home/user/.m2/repository/com/fasterxml/jackson/module/jackson-module-jaxb-annotations/2.9.9/jackson-module-jaxb-annotations-2.9.9.jar:/home/user/.m2/repository/javax/enterprise/cdi-api/1.2/cdi-api-1.2.jar:/home/user/.m2/repository/javax/el/javax.el-api/3.0.0/javax.el-api-3.0.0.jar:/home/user/.m2/repository/javax/interceptor/javax.interceptor-api/1.2/javax.interceptor-api-1.2.jar:/home/user/.m2/repository/javax/inject/javax.inject/1/javax.inject-1.jar:/home/user/.m2/repository/com/sun/xml/bind/jaxb-impl/2.3.0.1/jaxb-impl-2.3.0.1.jar:/home/user/.m2/repository/com/sun/xml/bind/jaxb-core/2.3.0.1/jaxb-core-2.3.0.1.jar:/home/user/.m2/repository/javax/xml/bind/jaxb-api/2.3.0/jaxb-api-2.3.0.jar:/home/user/.m2/repository/javax/activation/activation/1.1.1/activation-1.1.1.jar:/home/user/.m2/repository/org/apache/hadoop/hadoop-ozone-csi/0.5.0-SNAPSHOT/hadoop-ozone-csi-0.5.0-SNAPSHOT.jar:/home/user/.m2/repository/com/google/protobuf/protobuf-java-util/3.5.1/protobuf-java-util-3.5.1.jar:/home/user/.m2/repository/org/apache/hadoop/hadoop-hdds-config/0.5.0-SNAPSHOT/hadoop-hdds-config-0.5.0-SNAPSHOT.jar:/home/user/.m2/repository/io/grpc/grpc-netty/1.17.1/grpc-netty-1.17.1.jar:/home/user/.m2/repository/io/grpc/grpc-core/1.17.1/grpc-core-1.17.1.jar:/home/user/.m2/repository/io/grpc/grpc-context/1.17.1/grpc-context-1.17.1.jar:/home/user/.m2/repository/com/google/errorprone/error_prone_annotations/2.2.0/error_prone_annotations-2.2.0.jar:/home/user/.m2/repository/org/codehaus/mojo/animal-sniffer-annotations/1.17/animal-sniffer-annotations-1.17.jar:/home/user/.m2/repository/io/opencensus/opencensus-api/0.17.0/opencensus-api-0.17.0.jar:/home/user/.m2/repository/io/opencensus/opencensus-contrib-grpc-metrics/0.17.0/opencensus-contrib-grpc-metrics-0.17.0.jar:/home/user/.m2/repository/io/netty/netty-codec-http2/4.1.30.Final/netty-codec-http2-4.1.30.Final.jar:/home/user/.m2/repository/io/netty/netty-codec-http/4.1.30.Final/netty-codec-http-4.1.30.Final.jar:/home/user/.m2/repository/io/netty/netty-codec/4.1.30.Final/netty-codec-4.1.30.Final.jar:/home/user/.m2/repository/io/netty/netty-handler/4.1.30.Final/netty-handler-4.1.30.Final.jar:/home/user/.m2/repository/io/netty/netty-handler-proxy/4.1.30.Final/netty-handler-proxy-4.1.30.Final.jar:/home/user/.m2/repository/io/netty/netty-codec-socks/4.1.30.Final/netty-codec-socks-4.1.30.Final.jar:/home/user/.m2/repository/io/netty/netty-transport-native-epoll/4.1.30.Final/netty-transport-native-epoll-4.1.30.Final.jar:/home/user/.m2/repository/io/netty/netty-common/4.1.30.Final/netty-common-4.1.30.Final.jar:/home/user/.m2/repository/io/netty/netty-buffer/4.1.30.Final/netty-buffer-4.1.30.Final.jar:/home/user/.m2/repository/io/netty/netty-transport/4.1.30.Final/netty-transport-4.1.30.Final.jar:/home/user/.m2/repository/io/netty/netty-resolver/4.1.30.Final/netty-resolver-4.1.30.Final.jar:/home/user/.m2/repository/io/netty/netty-transport-native-unix-common/4.1.30.Final/netty-transport-native-unix-common-4.1.30.Final.jar:/home/user/.m2/repository/io/grpc/grpc-protobuf/1.17.1/grpc-protobuf-1.17.1.jar:/home/user/.m2/repository/com/google/api/grpc/proto-google-common-protos/1.0.0/proto-google-common-protos-1.0.0.jar:/home/user/.m2/repository/io/grpc/grpc-protobuf-lite/1.17.1/grpc-protobuf-lite-1.17.1.jar:/home/user/.m2/repository/io/grpc/grpc-stub/1.17.1/grpc-stub-1.17.1.jar:/home/user/.m2/repository/org/apache/hadoop/hadoop-ozone-recon/0.5.0-SNAPSHOT/hadoop-ozone-recon-0.5.0-SNAPSHOT.jar:/home/user/.m2/repository/org/apache/hadoop/hadoop-ozone-reconcodegen/0.5.0-SNAPSHOT/hadoop-ozone-reconcodegen-0.5.0-SNAPSHOT.jar:/home/user/.m2/repository/com/google/inject/extensions/guice-multibindings/4.0/guice-multibindings-4.0.jar:/home/user/.m2/repository/com/google/inject/guice/4.0/guice-4.0.jar:/home/user/.m2/repository/aopalliance/aopalliance/1.0/aopalliance-1.0.jar:/home/user/.m2/repository/com/google/inject/extensions/guice-servlet/4.0/guice-servlet-4.0.jar:/home/user/.m2/repository/org/glassfish/jersey/containers/jersey-container-servlet/2.27/jersey-container-servlet-2.27.jar:/home/user/.m2/repository/org/glassfish/hk2/guice-bridge/2.5.0/guice-bridge-2.5.0.jar:/home/user/.m2/repository/org/glassfish/jersey/core/jersey-server/2.27/jersey-server-2.27.jar:/home/user/.m2/repository/org/glassfish/jersey/core/jersey-client/2.27/jersey-client-2.27.jar:/home/user/.m2/repository/org/glassfish/jersey/media/jersey-media-jaxb/2.27/jersey-media-jaxb-2.27.jar:/home/user/.m2/repository/javax/validation/validation-api/1.1.0.Final/validation-api-1.1.0.Final.jar:/home/user/.m2/repository/org/glassfish/jersey/media/jersey-media-json-jackson/2.27/jersey-media-json-jackson-2.27.jar:/home/user/.m2/repository/org/glassfish/jersey/ext/jersey-entity-filtering/2.27/jersey-entity-filtering-2.27.jar:/home/user/.m2/repository/com/google/inject/extensions/guice-assistedinject/4.0/guice-assistedinject-4.0.jar:/home/user/.m2/repository/org/jooq/jooq/3.11.10/jooq-3.11.10.jar:/home/user/.m2/repository/org/jooq/jooq-meta/3.11.10/jooq-meta-3.11.10.jar:/home/user/.m2/repository/org/jooq/jooq-codegen/3.11.10/jooq-codegen-3.11.10.jar:/home/user/.m2/repository/com/jolbox/bonecp/0.8.0.RELEASE/bonecp-0.8.0.RELEASE.jar:/home/user/.m2/repository/org/xerial/sqlite-jdbc/3.25.2/sqlite-jdbc-3.25.2.jar:/home/user/.m2/repository/org/springframework/spring-jdbc/5.1.3.RELEASE/spring-jdbc-5.1.3.RELEASE.jar:/home/user/.m2/repository/org/springframework/spring-beans/5.1.3.RELEASE/spring-beans-5.1.3.RELEASE.jar:/home/user/.m2/repository/org/springframework/spring-core/5.1.3.RELEASE/spring-core-5.1.3.RELEASE.jar:/home/user/.m2/repository/org/springframework/spring-jcl/5.1.3.RELEASE/spring-jcl-5.1.3.RELEASE.jar:/home/user/.m2/repository/org/springframework/spring-tx/5.1.3.RELEASE/spring-tx-5.1.3.RELEASE.jar:/home/user/.m2/repository/org/apache/hadoop/hadoop-ozone-client/0.5.0-SNAPSHOT/hadoop-ozone-client-0.5.0-SNAPSHOT.jar:/home/user/.m2/repository/commons-lang/commons-lang/2.6/commons-lang-2.6.jar:/home/user/.m2/repository/org/apache/hadoop/hadoop-ozone-ozone-manager/0.5.0-SNAPSHOT/hadoop-ozone-ozone-manager-0.5.0-SNAPSHOT-tests.jar:/home/user/.m2/repository/junit/junit/4.11/junit-4.11.jar:/home/user/.m2/repository/org/hamcrest/hamcrest-core/1.3/hamcrest-core-1.3.jar:/home/user/.m2/repository/org/openjdk/jmh/jmh-core/1.19/jmh-core-1.19.jar:/home/user/.m2/repository/net/sf/jopt-simple/jopt-simple/4.6/jopt-simple-4.6.jar:/home/user/.m2/repository/org/apache/commons/commons-math3/3.1.1/commons-math3-3.1.1.jar:/home/user/.m2/repository/org/openjdk/jmh/jmh-generator-annprocess/1.19/jmh-generator-annprocess-1.19.jar:/home/user/.m2/repository/org/mockito/mockito-all/1.8.5/mockito-all-1.8.5.jar:/home/user/.m2/repository/org/apache/hadoop/hadoop-kms/3.2.0/hadoop-kms-3.2.0.jar:/home/user/.m2/repository/org/apache/hadoop/hadoop-auth/3.2.0/hadoop-auth-3.2.0.jar:/home/user/.m2/repository/com/nimbusds/nimbus-jose-jwt/4.41.1/nimbus-jose-jwt-4.41.1.jar:/home/user/.m2/repository/com/github/stephenc/jcip/jcip-annotations/1.0-1/jcip-annotations-1.0-1.jar:/home/user/.m2/repository/net/minidev/json-smart/2.3/json-smart-2.3.jar:/home/user/.m2/repository/net/minidev/accessors-smart/1.2/accessors-smart-1.2.jar:/home/user/.m2/repository/org/ow2/asm/asm/5.0.4/asm-5.0.4.jar:/home/user/.m2/repository/org/apache/curator/curator-framework/2.12.0/curator-framework-2.12.0.jar:/home/user/.m2/repository/com/sun/jersey/jersey-core/1.19/jersey-core-1.19.jar:/home/user/.m2/repository/javax/ws/rs/jsr311-api/1.1.1/jsr311-api-1.1.1.jar:/home/user/.m2/repository/com/sun/jersey/jersey-server/1.19/jersey-server-1.19.jar:/home/user/.m2/repository/javax/servlet/javax.servlet-api/3.1.0/javax.servlet-api-3.1.0.jar:/home/user/.m2/repository/org/eclipse/jetty/jetty-server/9.3.25.v20180904/jetty-server-9.3.25.v20180904.jar:/home/user/.m2/repository/org/eclipse/jetty/jetty-http/9.3.25.v20180904/jetty-http-9.3.25.v20180904.jar:/home/user/.m2/repository/org/eclipse/jetty/jetty-io/9.3.25.v20180904/jetty-io-9.3.25.v20180904.jar:/home/user/.m2/repository/org/eclipse/jetty/jetty-webapp/9.3.25.v20180904/jetty-webapp-9.3.25.v20180904.jar:/home/user/.m2/repository/org/eclipse/jetty/jetty-xml/9.3.25.v20180904/jetty-xml-9.3.25.v20180904.jar:/home/user/.m2/repository/log4j/log4j/1.2.17/log4j-1.2.17.jar:/home/user/.m2/repository/org/slf4j/slf4j-api/1.7.25/slf4j-api-1.7.25.jar:/home/user/.m2/repository/org/slf4j/jul-to-slf4j/1.7.25/jul-to-slf4j-1.7.25.jar:/home/user/.m2/repository/org/eclipse/jetty/jetty-util/9.3.25.v20180904/jetty-util-9.3.25.v20180904.jar:/home/user/.m2/repository/com/fasterxml/jackson/core/jackson-databind/2.9.9/jackson-databind-2.9.9.jar:/home/user/.m2/repository/org/apache/hadoop/hadoop-kms/3.2.0/hadoop-kms-3.2.0-tests.jar:/home/user/.m2/repository/org/apache/hadoop/hadoop-hdds-server-scm/0.5.0-SNAPSHOT/hadoop-hdds-server-scm-0.5.0-SNAPSHOT-tests.jar:/home/user/.m2/repository/org/apache/hadoop/hadoop-hdds-container-service/0.5.0-SNAPSHOT/hadoop-hdds-container-service-0.5.0-SNAPSHOT-tests.jar:/home/user/.m2/repository/org/yaml/snakeyaml/1.16/snakeyaml-1.16.jar:/home/user/.m2/repository/org/apache/hadoop/hadoop-common/3.2.0/hadoop-common-3.2.0-tests.jar:/home/user/.m2/repository/org/apache/hadoop/hadoop-annotations/3.2.0/hadoop-annotations-3.2.0.jar:/usr/lib/jvm/java-1.8.0-openjdk-1.8.0.222.b10-1.el7_7.x86_64/jre/../lib/tools.jar:/home/user/.m2/repository/commons-cli/commons-cli/1.2/commons-cli-1.2.jar:/home/user/.m2/repository/org/apache/httpcomponents/httpclient/4.5.2/httpclient-4.5.2.jar:/home/user/.m2/repository/org/apache/httpcomponents/httpcore/4.4.4/httpcore-4.4.4.jar:/home/user/.m2/repository/commons-codec/commons-codec/1.11/commons-codec-1.11.jar:/home/user/.m2/repository/commons-net/commons-net/3.6/commons-net-3.6.jar:/home/user/.m2/repository/commons-collections/commons-collections/3.2.2/commons-collections-3.2.2.jar:/home/user/.m2/repository/org/eclipse/jetty/jetty-servlet/9.3.25.v20180904/jetty-servlet-9.3.25.v20180904.jar:/home/user/.m2/repository/org/eclipse/jetty/jetty-security/9.3.25.v20180904/jetty-security-9.3.25.v20180904.jar:/home/user/.m2/repository/javax/servlet/jsp/jsp-api/2.1/jsp-api-2.1.jar:/home/user/.m2/repository/com/sun/jersey/jersey-servlet/1.19/jersey-servlet-1.19.jar:/home/user/.m2/repository/com/sun/jersey/jersey-json/1.19/jersey-json-1.19.jar:/home/user/.m2/repository/org/codehaus/jettison/jettison/1.1/jettison-1.1.jar:/home/user/.m2/repository/org/codehaus/jackson/jackson-core-asl/1.9.13/jackson-core-asl-1.9.13.jar:/home/user/.m2/repository/org/codehaus/jackson/jackson-mapper-asl/1.9.13/jackson-mapper-asl-1.9.13.jar:/home/user/.m2/repository/org/codehaus/jackson/jackson-jaxrs/1.9.13/jackson-jaxrs-1.9.13.jar:/home/user/.m2/repository/org/codehaus/jackson/jackson-xc/1.9.13/jackson-xc-1.9.13.jar:/home/user/.m2/repository/commons-logging/commons-logging/1.1.3/commons-logging-1.1.3.jar:/home/user/.m2/repository/commons-beanutils/commons-beanutils/1.9.4/commons-beanutils-1.9.4.jar:/home/user/.m2/repository/org/apache/commons/commons-configuration2/2.1.1/commons-configuration2-2.1.1.jar:/home/user/.m2/repository/org/apache/commons/commons-lang3/3.7/commons-lang3-3.7.jar:/home/user/.m2/repository/org/apache/commons/commons-text/1.4/commons-text-1.4.jar:/home/user/.m2/repository/org/apache/avro/avro/1.7.7/avro-1.7.7.jar:/home/user/.m2/repository/com/thoughtworks/paranamer/paranamer/2.3/paranamer-2.3.jar:/home/user/.m2/repository/org/xerial/snappy/snappy-java/1.0.5/snappy-java-1.0.5.jar:/home/user/.m2/repository/com/google/re2j/re2j/1.1/re2j-1.1.jar:/home/user/.m2/repository/com/google/code/gson/gson/2.2.4/gson-2.2.4.jar:/home/user/.m2/repository/com/jcraft/jsch/0.1.54/jsch-0.1.54.jar:/home/user/.m2/repository/org/apache/curator/curator-client/2.12.0/curator-client-2.12.0.jar:/home/user/.m2/repository/org/apache/curator/curator-recipes/2.12.0/curator-recipes-2.12.0.jar:/home/user/.m2/repository/com/google/code/findbugs/jsr305/3.0.0/jsr305-3.0.0.jar:/home/user/.m2/repository/org/apache/htrace/htrace-core4/4.1.0-incubating/htrace-core4-4.1.0-incubating.jar:/home/user/.m2/repository/org/apache/zookeeper/zookeeper/3.4.13/zookeeper-3.4.13.jar:/home/user/.m2/repository/jline/jline/0.9.94/jline-0.9.94.jar:/home/user/.m2/repository/org/apache/yetus/audience-annotations/0.5.0/audience-annotations-0.5.0.jar:/home/user/.m2/repository/org/codehaus/woodstox/stax2-api/3.1.4/stax2-api-3.1.4.jar:/home/user/.m2/repository/com/fasterxml/woodstox/woodstox-core/5.0.3/woodstox-core-5.0.3.jar:/home/user/.m2/repository/dnsjava/dnsjava/2.1.7/dnsjava-2.1.7.jar:/home/user/.m2/repository/org/apache/hadoop/hadoop-hdfs/3.2.0/hadoop-hdfs-3.2.0-tests.jar:/home/user/.m2/repository/org/eclipse/jetty/jetty-util-ajax/9.3.25.v20180904/jetty-util-ajax-9.3.25.v20180904.jar:/home/user/.m2/repository/commons-daemon/commons-daemon/1.0.13/commons-daemon-1.0.13.jar:/home/user/.m2/repository/io/netty/netty/3.10.5.Final/netty-3.10.5.Final.jar:/home/user/.m2/repository/io/netty/netty-all/4.0.52.Final/netty-all-4.0.52.Final.jar:/home/user/.m2/repository/org/fusesource/leveldbjni/leveldbjni-all/1.8/leveldbjni-all-1.8.jar:"/>
    <property name="java.vm.vendor" value="Oracle Corporation"/>
    <property name="sun.arch.data.model" value="64"/>
    <property name="test.build.dir" value="/workdir/hadoop-ozone/integration-test/target/test-dir"/>
    <property name="test.cache.data" value=""/>
    <property name="java.vendor.url" value="http://java.oracle.com/"/>
    <property name="user.timezone" value=""/>
    <property name="java.vm.specification.version" value="1.8"/>
    <property name="os.name" value="Linux"/>
    <property name="test.build.data" value="/workdir/hadoop-ozone/integration-test/target/test-dir"/>
    <property name="user.country" value="US"/>
    <property name="sun.java.launcher" value="SUN_STANDARD"/>
    <property name="sun.boot.library.path" value="/usr/lib/jvm/java-1.8.0-openjdk-1.8.0.222.b10-1.el7_7.x86_64/jre/lib/amd64"/>
    <property name="sun.java.command" value="/workdir/hadoop-ozone/integration-test/target/surefire/surefirebooter1088882455202202884.jar /workdir/hadoop-ozone/integration-test/target/surefire 2019-10-17T00-48-39_694-jvmRun1 surefire225115403609823075tmp surefire_307901152142124769132tmp"/>
    <property name="surefire.test.class.path" value="/workdir/hadoop-ozone/integration-test/target/test-classes:/workdir/hadoop-ozone/integration-test/target/classes:/home/user/.m2/repository/org/apache/hadoop/hadoop-ozone-common/0.5.0-SNAPSHOT/hadoop-ozone-common-0.5.0-SNAPSHOT.jar:/home/user/.m2/repository/org/apache/commons/commons-compress/1.4.1/commons-compress-1.4.1.jar:/home/user/.m2/repository/org/tukaani/xz/1.0/xz-1.0.jar:/home/user/.m2/repository/org/apache/hadoop/hadoop-common/3.2.0/hadoop-common-3.2.0.jar:/home/user/.m2/repository/org/apache/hadoop/hadoop-hdfs/3.2.0/hadoop-hdfs-3.2.0.jar:/home/user/.m2/repository/org/apache/hadoop/hadoop-hdfs-client/3.2.0/hadoop-hdfs-client-3.2.0.jar:/home/user/.m2/repository/com/fasterxml/jackson/core/jackson-annotations/2.9.9/jackson-annotations-2.9.9.jar:/home/user/.m2/repository/org/apache/hadoop/hadoop-hdds-common/0.5.0-SNAPSHOT/hadoop-hdds-common-0.5.0-SNAPSHOT.jar:/home/user/.m2/repository/javax/annotation/javax.annotation-api/1.2/javax.annotation-api-1.2.jar:/home/user/.m2/repository/org/apache/ratis/ratis-server/0.5.0-3f446aa-SNAPSHOT/ratis-server-0.5.0-3f446aa-SNAPSHOT.jar:/home/user/.m2/repository/org/apache/ratis/ratis-thirdparty-misc/0.2.0/ratis-thirdparty-misc-0.2.0.jar:/home/user/.m2/repository/org/apache/ratis/ratis-proto/0.5.0-3f446aa-SNAPSHOT/ratis-proto-0.5.0-3f446aa-SNAPSHOT.jar:/home/user/.m2/repository/org/apache/ratis/ratis-common/0.5.0-3f446aa-SNAPSHOT/ratis-common-0.5.0-3f446aa-SNAPSHOT.jar:/home/user/.m2/repository/org/apache/ratis/ratis-client/0.5.0-3f446aa-SNAPSHOT/ratis-client-0.5.0-3f446aa-SNAPSHOT.jar:/home/user/.m2/repository/org/apache/ratis/ratis-metrics/0.5.0-3f446aa-SNAPSHOT/ratis-metrics-0.5.0-3f446aa-SNAPSHOT.jar:/home/user/.m2/repository/com/github/joshelser/dropwizard-metrics-hadoop-metrics2-reporter/0.1.2/dropwizard-metrics-hadoop-metrics2-reporter-0.1.2.jar:/home/user/.m2/repository/io/dropwizard/metrics/metrics-jvm/3.2.5/metrics-jvm-3.2.5.jar:/home/user/.m2/repository/io/dropwizard/metrics/metrics-ganglia/3.2.5/metrics-ganglia-3.2.5.jar:/home/user/.m2/repository/info/ganglia/gmetric4j/gmetric4j/1.0.7/gmetric4j-1.0.7.jar:/home/user/.m2/repository/org/apache/ratis/ratis-netty/0.5.0-3f446aa-SNAPSHOT/ratis-netty-0.5.0-3f446aa-SNAPSHOT.jar:/home/user/.m2/repository/org/apache/ratis/ratis-grpc/0.5.0-3f446aa-SNAPSHOT/ratis-grpc-0.5.0-3f446aa-SNAPSHOT.jar:/home/user/.m2/repository/org/rocksdb/rocksdbjni/6.0.1/rocksdbjni-6.0.1.jar:/home/user/.m2/repository/org/apache/logging/log4j/log4j-api/2.11.0/log4j-api-2.11.0.jar:/home/user/.m2/repository/org/apache/logging/log4j/log4j-core/2.11.0/log4j-core-2.11.0.jar:/home/user/.m2/repository/com/lmax/disruptor/3.4.2/disruptor-3.4.2.jar:/home/user/.m2/repository/org/apache/commons/commons-pool2/2.6.0/commons-pool2-2.6.0.jar:/home/user/.m2/repository/org/bouncycastle/bcpkix-jdk15on/1.60/bcpkix-jdk15on-1.60.jar:/home/user/.m2/repository/commons-validator/commons-validator/1.6/commons-validator-1.6.jar:/home/user/.m2/repository/commons-digester/commons-digester/1.8.1/commons-digester-1.8.1.jar:/home/user/.m2/repository/io/jaegertracing/jaeger-client/0.34.0/jaeger-client-0.34.0.jar:/home/user/.m2/repository/io/jaegertracing/jaeger-thrift/0.34.0/jaeger-thrift-0.34.0.jar:/home/user/.m2/repository/org/apache/thrift/libthrift/0.12.0/libthrift-0.12.0.jar:/home/user/.m2/repository/com/squareup/okhttp3/okhttp/3.9.0/okhttp-3.9.0.jar:/home/user/.m2/repository/com/squareup/okio/okio/1.13.0/okio-1.13.0.jar:/home/user/.m2/repository/io/jaegertracing/jaeger-core/0.34.0/jaeger-core-0.34.0.jar:/home/user/.m2/repository/io/jaegertracing/jaeger-tracerresolver/0.34.0/jaeger-tracerresolver-0.34.0.jar:/home/user/.m2/repository/io/opentracing/contrib/opentracing-tracerresolver/0.1.5/opentracing-tracerresolver-0.1.5.jar:/home/user/.m2/repository/io/opentracing/opentracing-util/0.31.0/opentracing-util-0.31.0.jar:/home/user/.m2/repository/io/opentracing/opentracing-api/0.31.0/opentracing-api-0.31.0.jar:/home/user/.m2/repository/io/opentracing/opentracing-noop/0.31.0/opentracing-noop-0.31.0.jar:/home/user/.m2/repository/org/apache/hadoop/hadoop-hdds-server-framework/0.5.0-SNAPSHOT/hadoop-hdds-server-framework-0.5.0-SNAPSHOT.jar:/home/user/.m2/repository/org/apache/hadoop/hadoop-hdds-container-service/0.5.0-SNAPSHOT/hadoop-hdds-container-service-0.5.0-SNAPSHOT.jar:/home/user/.m2/repository/org/apache/hadoop/hadoop-hdds-client/0.5.0-SNAPSHOT/hadoop-hdds-client-0.5.0-SNAPSHOT.jar:/home/user/.m2/repository/org/apache/hadoop/hadoop-hdds-tools/0.5.0-SNAPSHOT/hadoop-hdds-tools-0.5.0-SNAPSHOT.jar:/home/user/.m2/repository/org/apache/hadoop/hadoop-hdds-server-scm/0.5.0-SNAPSHOT/hadoop-hdds-server-scm-0.5.0-SNAPSHOT.jar:/home/user/.m2/repository/org/apache/hadoop/hadoop-hdds-docs/0.5.0-SNAPSHOT/hadoop-hdds-docs-0.5.0-SNAPSHOT.jar:/home/user/.m2/repository/io/dropwizard/metrics/metrics-core/3.2.4/metrics-core-3.2.4.jar:/home/user/.m2/repository/org/hamcrest/hamcrest-all/1.3/hamcrest-all-1.3.jar:/home/user/.m2/repository/org/bouncycastle/bcprov-jdk15on/1.60/bcprov-jdk15on-1.60.jar:/home/user/.m2/repository/info/picocli/picocli/3.9.6/picocli-3.9.6.jar:/home/user/.m2/repository/com/google/protobuf/protobuf-java/2.5.0/protobuf-java-2.5.0.jar:/home/user/.m2/repository/com/google/guava/guava/11.0.2/guava-11.0.2.jar:/home/user/.m2/repository/org/apache/hadoop/hadoop-ozone-ozone-manager/0.5.0-SNAPSHOT/hadoop-ozone-ozone-manager-0.5.0-SNAPSHOT.jar:/home/user/.m2/repository/org/apache/hadoop/hadoop-minikdc/3.2.0/hadoop-minikdc-3.2.0.jar:/home/user/.m2/repository/commons-io/commons-io/2.5/commons-io-2.5.jar:/home/user/.m2/repository/org/apache/kerby/kerb-simplekdc/1.0.1/kerb-simplekdc-1.0.1.jar:/home/user/.m2/repository/org/apache/kerby/kerb-client/1.0.1/kerb-client-1.0.1.jar:/home/user/.m2/repository/org/apache/kerby/kerby-config/1.0.1/kerby-config-1.0.1.jar:/home/user/.m2/repository/org/apache/kerby/kerb-core/1.0.1/kerb-core-1.0.1.jar:/home/user/.m2/repository/org/apache/kerby/kerby-pkix/1.0.1/kerby-pkix-1.0.1.jar:/home/user/.m2/repository/org/apache/kerby/kerby-asn1/1.0.1/kerby-asn1-1.0.1.jar:/home/user/.m2/repository/org/apache/kerby/kerby-util/1.0.1/kerby-util-1.0.1.jar:/home/user/.m2/repository/org/apache/kerby/kerb-common/1.0.1/kerb-common-1.0.1.jar:/home/user/.m2/repository/org/apache/kerby/kerb-crypto/1.0.1/kerb-crypto-1.0.1.jar:/home/user/.m2/repository/org/apache/kerby/kerb-util/1.0.1/kerb-util-1.0.1.jar:/home/user/.m2/repository/org/apache/kerby/token-provider/1.0.1/token-provider-1.0.1.jar:/home/user/.m2/repository/org/apache/kerby/kerb-admin/1.0.1/kerb-admin-1.0.1.jar:/home/user/.m2/repository/org/apache/kerby/kerb-server/1.0.1/kerb-server-1.0.1.jar:/home/user/.m2/repository/org/apache/kerby/kerb-identity/1.0.1/kerb-identity-1.0.1.jar:/home/user/.m2/repository/org/apache/kerby/kerby-xdr/1.0.1/kerby-xdr-1.0.1.jar:/home/user/.m2/repository/org/slf4j/slf4j-log4j12/1.7.25/slf4j-log4j12-1.7.25.jar:/home/user/.m2/repository/org/apache/hadoop/hadoop-ozone-s3gateway/0.5.0-SNAPSHOT/hadoop-ozone-s3gateway-0.5.0-SNAPSHOT.jar:/home/user/.m2/repository/org/jboss/weld/servlet/weld-servlet/2.4.7.Final/weld-servlet-2.4.7.Final.jar:/home/user/.m2/repository/org/glassfish/jersey/containers/jersey-container-servlet-core/2.27/jersey-container-servlet-core-2.27.jar:/home/user/.m2/repository/org/glassfish/hk2/external/javax.inject/2.5.0-b42/javax.inject-2.5.0-b42.jar:/home/user/.m2/repository/org/glassfish/jersey/core/jersey-common/2.27/jersey-common-2.27.jar:/home/user/.m2/repository/org/glassfish/hk2/osgi-resource-locator/1.0.1/osgi-resource-locator-1.0.1.jar:/home/user/.m2/repository/javax/ws/rs/javax.ws.rs-api/2.1/javax.ws.rs-api-2.1.jar:/home/user/.m2/repository/org/glassfish/jersey/ext/cdi/jersey-cdi1x/2.27/jersey-cdi1x-2.27.jar:/home/user/.m2/repository/org/glassfish/jersey/inject/jersey-hk2/2.27/jersey-hk2-2.27.jar:/home/user/.m2/repository/org/glassfish/hk2/hk2-locator/2.5.0-b42/hk2-locator-2.5.0-b42.jar:/home/user/.m2/repository/org/javassist/javassist/3.22.0-CR2/javassist-3.22.0-CR2.jar:/home/user/.m2/repository/org/glassfish/hk2/hk2-api/2.5.0/hk2-api-2.5.0.jar:/home/user/.m2/repository/org/glassfish/hk2/external/jakarta.inject/2.5.0/jakarta.inject-2.5.0.jar:/home/user/.m2/repository/org/glassfish/hk2/hk2-utils/2.5.0/hk2-utils-2.5.0.jar:/home/user/.m2/repository/jakarta/annotation/jakarta.annotation-api/1.3.4/jakarta.annotation-api-1.3.4.jar:/home/user/.m2/repository/org/glassfish/hk2/external/aopalliance-repackaged/2.5.0/aopalliance-repackaged-2.5.0.jar:/home/user/.m2/repository/com/fasterxml/jackson/dataformat/jackson-dataformat-xml/2.9.0/jackson-dataformat-xml-2.9.0.jar:/home/user/.m2/repository/com/fasterxml/jackson/core/jackson-core/2.9.9/jackson-core-2.9.9.jar:/home/user/.m2/repository/com/fasterxml/jackson/module/jackson-module-jaxb-annotations/2.9.9/jackson-module-jaxb-annotations-2.9.9.jar:/home/user/.m2/repository/javax/enterprise/cdi-api/1.2/cdi-api-1.2.jar:/home/user/.m2/repository/javax/el/javax.el-api/3.0.0/javax.el-api-3.0.0.jar:/home/user/.m2/repository/javax/interceptor/javax.interceptor-api/1.2/javax.interceptor-api-1.2.jar:/home/user/.m2/repository/javax/inject/javax.inject/1/javax.inject-1.jar:/home/user/.m2/repository/com/sun/xml/bind/jaxb-impl/2.3.0.1/jaxb-impl-2.3.0.1.jar:/home/user/.m2/repository/com/sun/xml/bind/jaxb-core/2.3.0.1/jaxb-core-2.3.0.1.jar:/home/user/.m2/repository/javax/xml/bind/jaxb-api/2.3.0/jaxb-api-2.3.0.jar:/home/user/.m2/repository/javax/activation/activation/1.1.1/activation-1.1.1.jar:/home/user/.m2/repository/org/apache/hadoop/hadoop-ozone-csi/0.5.0-SNAPSHOT/hadoop-ozone-csi-0.5.0-SNAPSHOT.jar:/home/user/.m2/repository/com/google/protobuf/protobuf-java-util/3.5.1/protobuf-java-util-3.5.1.jar:/home/user/.m2/repository/org/apache/hadoop/hadoop-hdds-config/0.5.0-SNAPSHOT/hadoop-hdds-config-0.5.0-SNAPSHOT.jar:/home/user/.m2/repository/io/grpc/grpc-netty/1.17.1/grpc-netty-1.17.1.jar:/home/user/.m2/repository/io/grpc/grpc-core/1.17.1/grpc-core-1.17.1.jar:/home/user/.m2/repository/io/grpc/grpc-context/1.17.1/grpc-context-1.17.1.jar:/home/user/.m2/repository/com/google/errorprone/error_prone_annotations/2.2.0/error_prone_annotations-2.2.0.jar:/home/user/.m2/repository/org/codehaus/mojo/animal-sniffer-annotations/1.17/animal-sniffer-annotations-1.17.jar:/home/user/.m2/repository/io/opencensus/opencensus-api/0.17.0/opencensus-api-0.17.0.jar:/home/user/.m2/repository/io/opencensus/opencensus-contrib-grpc-metrics/0.17.0/opencensus-contrib-grpc-metrics-0.17.0.jar:/home/user/.m2/repository/io/netty/netty-codec-http2/4.1.30.Final/netty-codec-http2-4.1.30.Final.jar:/home/user/.m2/repository/io/netty/netty-codec-http/4.1.30.Final/netty-codec-http-4.1.30.Final.jar:/home/user/.m2/repository/io/netty/netty-codec/4.1.30.Final/netty-codec-4.1.30.Final.jar:/home/user/.m2/repository/io/netty/netty-handler/4.1.30.Final/netty-handler-4.1.30.Final.jar:/home/user/.m2/repository/io/netty/netty-handler-proxy/4.1.30.Final/netty-handler-proxy-4.1.30.Final.jar:/home/user/.m2/repository/io/netty/netty-codec-socks/4.1.30.Final/netty-codec-socks-4.1.30.Final.jar:/home/user/.m2/repository/io/netty/netty-transport-native-epoll/4.1.30.Final/netty-transport-native-epoll-4.1.30.Final.jar:/home/user/.m2/repository/io/netty/netty-common/4.1.30.Final/netty-common-4.1.30.Final.jar:/home/user/.m2/repository/io/netty/netty-buffer/4.1.30.Final/netty-buffer-4.1.30.Final.jar:/home/user/.m2/repository/io/netty/netty-transport/4.1.30.Final/netty-transport-4.1.30.Final.jar:/home/user/.m2/repository/io/netty/netty-resolver/4.1.30.Final/netty-resolver-4.1.30.Final.jar:/home/user/.m2/repository/io/netty/netty-transport-native-unix-common/4.1.30.Final/netty-transport-native-unix-common-4.1.30.Final.jar:/home/user/.m2/repository/io/grpc/grpc-protobuf/1.17.1/grpc-protobuf-1.17.1.jar:/home/user/.m2/repository/com/google/api/grpc/proto-google-common-protos/1.0.0/proto-google-common-protos-1.0.0.jar:/home/user/.m2/repository/io/grpc/grpc-protobuf-lite/1.17.1/grpc-protobuf-lite-1.17.1.jar:/home/user/.m2/repository/io/grpc/grpc-stub/1.17.1/grpc-stub-1.17.1.jar:/home/user/.m2/repository/org/apache/hadoop/hadoop-ozone-recon/0.5.0-SNAPSHOT/hadoop-ozone-recon-0.5.0-SNAPSHOT.jar:/home/user/.m2/repository/org/apache/hadoop/hadoop-ozone-reconcodegen/0.5.0-SNAPSHOT/hadoop-ozone-reconcodegen-0.5.0-SNAPSHOT.jar:/home/user/.m2/repository/com/google/inject/extensions/guice-multibindings/4.0/guice-multibindings-4.0.jar:/home/user/.m2/repository/com/google/inject/guice/4.0/guice-4.0.jar:/home/user/.m2/repository/aopalliance/aopalliance/1.0/aopalliance-1.0.jar:/home/user/.m2/repository/com/google/inject/extensions/guice-servlet/4.0/guice-servlet-4.0.jar:/home/user/.m2/repository/org/glassfish/jersey/containers/jersey-container-servlet/2.27/jersey-container-servlet-2.27.jar:/home/user/.m2/repository/org/glassfish/hk2/guice-bridge/2.5.0/guice-bridge-2.5.0.jar:/home/user/.m2/repository/org/glassfish/jersey/core/jersey-server/2.27/jersey-server-2.27.jar:/home/user/.m2/repository/org/glassfish/jersey/core/jersey-client/2.27/jersey-client-2.27.jar:/home/user/.m2/repository/org/glassfish/jersey/media/jersey-media-jaxb/2.27/jersey-media-jaxb-2.27.jar:/home/user/.m2/repository/javax/validation/validation-api/1.1.0.Final/validation-api-1.1.0.Final.jar:/home/user/.m2/repository/org/glassfish/jersey/media/jersey-media-json-jackson/2.27/jersey-media-json-jackson-2.27.jar:/home/user/.m2/repository/org/glassfish/jersey/ext/jersey-entity-filtering/2.27/jersey-entity-filtering-2.27.jar:/home/user/.m2/repository/com/google/inject/extensions/guice-assistedinject/4.0/guice-assistedinject-4.0.jar:/home/user/.m2/repository/org/jooq/jooq/3.11.10/jooq-3.11.10.jar:/home/user/.m2/repository/org/jooq/jooq-meta/3.11.10/jooq-meta-3.11.10.jar:/home/user/.m2/repository/org/jooq/jooq-codegen/3.11.10/jooq-codegen-3.11.10.jar:/home/user/.m2/repository/com/jolbox/bonecp/0.8.0.RELEASE/bonecp-0.8.0.RELEASE.jar:/home/user/.m2/repository/org/xerial/sqlite-jdbc/3.25.2/sqlite-jdbc-3.25.2.jar:/home/user/.m2/repository/org/springframework/spring-jdbc/5.1.3.RELEASE/spring-jdbc-5.1.3.RELEASE.jar:/home/user/.m2/repository/org/springframework/spring-beans/5.1.3.RELEASE/spring-beans-5.1.3.RELEASE.jar:/home/user/.m2/repository/org/springframework/spring-core/5.1.3.RELEASE/spring-core-5.1.3.RELEASE.jar:/home/user/.m2/repository/org/springframework/spring-jcl/5.1.3.RELEASE/spring-jcl-5.1.3.RELEASE.jar:/home/user/.m2/repository/org/springframework/spring-tx/5.1.3.RELEASE/spring-tx-5.1.3.RELEASE.jar:/home/user/.m2/repository/org/apache/hadoop/hadoop-ozone-client/0.5.0-SNAPSHOT/hadoop-ozone-client-0.5.0-SNAPSHOT.jar:/home/user/.m2/repository/commons-lang/commons-lang/2.6/commons-lang-2.6.jar:/home/user/.m2/repository/org/apache/hadoop/hadoop-ozone-ozone-manager/0.5.0-SNAPSHOT/hadoop-ozone-ozone-manager-0.5.0-SNAPSHOT-tests.jar:/home/user/.m2/repository/junit/junit/4.11/junit-4.11.jar:/home/user/.m2/repository/org/hamcrest/hamcrest-core/1.3/hamcrest-core-1.3.jar:/home/user/.m2/repository/org/openjdk/jmh/jmh-core/1.19/jmh-core-1.19.jar:/home/user/.m2/repository/net/sf/jopt-simple/jopt-simple/4.6/jopt-simple-4.6.jar:/home/user/.m2/repository/org/apache/commons/commons-math3/3.1.1/commons-math3-3.1.1.jar:/home/user/.m2/repository/org/openjdk/jmh/jmh-generator-annprocess/1.19/jmh-generator-annprocess-1.19.jar:/home/user/.m2/repository/org/mockito/mockito-all/1.8.5/mockito-all-1.8.5.jar:/home/user/.m2/repository/org/apache/hadoop/hadoop-kms/3.2.0/hadoop-kms-3.2.0.jar:/home/user/.m2/repository/org/apache/hadoop/hadoop-auth/3.2.0/hadoop-auth-3.2.0.jar:/home/user/.m2/repository/com/nimbusds/nimbus-jose-jwt/4.41.1/nimbus-jose-jwt-4.41.1.jar:/home/user/.m2/repository/com/github/stephenc/jcip/jcip-annotations/1.0-1/jcip-annotations-1.0-1.jar:/home/user/.m2/repository/net/minidev/json-smart/2.3/json-smart-2.3.jar:/home/user/.m2/repository/net/minidev/accessors-smart/1.2/accessors-smart-1.2.jar:/home/user/.m2/repository/org/ow2/asm/asm/5.0.4/asm-5.0.4.jar:/home/user/.m2/repository/org/apache/curator/curator-framework/2.12.0/curator-framework-2.12.0.jar:/home/user/.m2/repository/com/sun/jersey/jersey-core/1.19/jersey-core-1.19.jar:/home/user/.m2/repository/javax/ws/rs/jsr311-api/1.1.1/jsr311-api-1.1.1.jar:/home/user/.m2/repository/com/sun/jersey/jersey-server/1.19/jersey-server-1.19.jar:/home/user/.m2/repository/javax/servlet/javax.servlet-api/3.1.0/javax.servlet-api-3.1.0.jar:/home/user/.m2/repository/org/eclipse/jetty/jetty-server/9.3.25.v20180904/jetty-server-9.3.25.v20180904.jar:/home/user/.m2/repository/org/eclipse/jetty/jetty-http/9.3.25.v20180904/jetty-http-9.3.25.v20180904.jar:/home/user/.m2/repository/org/eclipse/jetty/jetty-io/9.3.25.v20180904/jetty-io-9.3.25.v20180904.jar:/home/user/.m2/repository/org/eclipse/jetty/jetty-webapp/9.3.25.v20180904/jetty-webapp-9.3.25.v20180904.jar:/home/user/.m2/repository/org/eclipse/jetty/jetty-xml/9.3.25.v20180904/jetty-xml-9.3.25.v20180904.jar:/home/user/.m2/repository/log4j/log4j/1.2.17/log4j-1.2.17.jar:/home/user/.m2/repository/org/slf4j/slf4j-api/1.7.25/slf4j-api-1.7.25.jar:/home/user/.m2/repository/org/slf4j/jul-to-slf4j/1.7.25/jul-to-slf4j-1.7.25.jar:/home/user/.m2/repository/org/eclipse/jetty/jetty-util/9.3.25.v20180904/jetty-util-9.3.25.v20180904.jar:/home/user/.m2/repository/com/fasterxml/jackson/core/jackson-databind/2.9.9/jackson-databind-2.9.9.jar:/home/user/.m2/repository/org/apache/hadoop/hadoop-kms/3.2.0/hadoop-kms-3.2.0-tests.jar:/home/user/.m2/repository/org/apache/hadoop/hadoop-hdds-server-scm/0.5.0-SNAPSHOT/hadoop-hdds-server-scm-0.5.0-SNAPSHOT-tests.jar:/home/user/.m2/repository/org/apache/hadoop/hadoop-hdds-container-service/0.5.0-SNAPSHOT/hadoop-hdds-container-service-0.5.0-SNAPSHOT-tests.jar:/home/user/.m2/repository/org/yaml/snakeyaml/1.16/snakeyaml-1.16.jar:/home/user/.m2/repository/org/apache/hadoop/hadoop-common/3.2.0/hadoop-common-3.2.0-tests.jar:/home/user/.m2/repository/org/apache/hadoop/hadoop-annotations/3.2.0/hadoop-annotations-3.2.0.jar:/usr/lib/jvm/java-1.8.0-openjdk-1.8.0.222.b10-1.el7_7.x86_64/jre/../lib/tools.jar:/home/user/.m2/repository/commons-cli/commons-cli/1.2/commons-cli-1.2.jar:/home/user/.m2/repository/org/apache/httpcomponents/httpclient/4.5.2/httpclient-4.5.2.jar:/home/user/.m2/repository/org/apache/httpcomponents/httpcore/4.4.4/httpcore-4.4.4.jar:/home/user/.m2/repository/commons-codec/commons-codec/1.11/commons-codec-1.11.jar:/home/user/.m2/repository/commons-net/commons-net/3.6/commons-net-3.6.jar:/home/user/.m2/repository/commons-collections/commons-collections/3.2.2/commons-collections-3.2.2.jar:/home/user/.m2/repository/org/eclipse/jetty/jetty-servlet/9.3.25.v20180904/jetty-servlet-9.3.25.v20180904.jar:/home/user/.m2/repository/org/eclipse/jetty/jetty-security/9.3.25.v20180904/jetty-security-9.3.25.v20180904.jar:/home/user/.m2/repository/javax/servlet/jsp/jsp-api/2.1/jsp-api-2.1.jar:/home/user/.m2/repository/com/sun/jersey/jersey-servlet/1.19/jersey-servlet-1.19.jar:/home/user/.m2/repository/com/sun/jersey/jersey-json/1.19/jersey-json-1.19.jar:/home/user/.m2/repository/org/codehaus/jettison/jettison/1.1/jettison-1.1.jar:/home/user/.m2/repository/org/codehaus/jackson/jackson-core-asl/1.9.13/jackson-core-asl-1.9.13.jar:/home/user/.m2/repository/org/codehaus/jackson/jackson-mapper-asl/1.9.13/jackson-mapper-asl-1.9.13.jar:/home/user/.m2/repository/org/codehaus/jackson/jackson-jaxrs/1.9.13/jackson-jaxrs-1.9.13.jar:/home/user/.m2/repository/org/codehaus/jackson/jackson-xc/1.9.13/jackson-xc-1.9.13.jar:/home/user/.m2/repository/commons-logging/commons-logging/1.1.3/commons-logging-1.1.3.jar:/home/user/.m2/repository/commons-beanutils/commons-beanutils/1.9.4/commons-beanutils-1.9.4.jar:/home/user/.m2/repository/org/apache/commons/commons-configuration2/2.1.1/commons-configuration2-2.1.1.jar:/home/user/.m2/repository/org/apache/commons/commons-lang3/3.7/commons-lang3-3.7.jar:/home/user/.m2/repository/org/apache/commons/commons-text/1.4/commons-text-1.4.jar:/home/user/.m2/repository/org/apache/avro/avro/1.7.7/avro-1.7.7.jar:/home/user/.m2/repository/com/thoughtworks/paranamer/paranamer/2.3/paranamer-2.3.jar:/home/user/.m2/repository/org/xerial/snappy/snappy-java/1.0.5/snappy-java-1.0.5.jar:/home/user/.m2/repository/com/google/re2j/re2j/1.1/re2j-1.1.jar:/home/user/.m2/repository/com/google/code/gson/gson/2.2.4/gson-2.2.4.jar:/home/user/.m2/repository/com/jcraft/jsch/0.1.54/jsch-0.1.54.jar:/home/user/.m2/repository/org/apache/curator/curator-client/2.12.0/curator-client-2.12.0.jar:/home/user/.m2/repository/org/apache/curator/curator-recipes/2.12.0/curator-recipes-2.12.0.jar:/home/user/.m2/repository/com/google/code/findbugs/jsr305/3.0.0/jsr305-3.0.0.jar:/home/user/.m2/repository/org/apache/htrace/htrace-core4/4.1.0-incubating/htrace-core4-4.1.0-incubating.jar:/home/user/.m2/repository/org/apache/zookeeper/zookeeper/3.4.13/zookeeper-3.4.13.jar:/home/user/.m2/repository/jline/jline/0.9.94/jline-0.9.94.jar:/home/user/.m2/repository/org/apache/yetus/audience-annotations/0.5.0/audience-annotations-0.5.0.jar:/home/user/.m2/repository/org/codehaus/woodstox/stax2-api/3.1.4/stax2-api-3.1.4.jar:/home/user/.m2/repository/com/fasterxml/woodstox/woodstox-core/5.0.3/woodstox-core-5.0.3.jar:/home/user/.m2/repository/dnsjava/dnsjava/2.1.7/dnsjava-2.1.7.jar:/home/user/.m2/repository/org/apache/hadoop/hadoop-hdfs/3.2.0/hadoop-hdfs-3.2.0-tests.jar:/home/user/.m2/repository/org/eclipse/jetty/jetty-util-ajax/9.3.25.v20180904/jetty-util-ajax-9.3.25.v20180904.jar:/home/user/.m2/repository/commons-daemon/commons-daemon/1.0.13/commons-daemon-1.0.13.jar:/home/user/.m2/repository/io/netty/netty/3.10.5.Final/netty-3.10.5.Final.jar:/home/user/.m2/repository/io/netty/netty-all/4.0.52.Final/netty-all-4.0.52.Final.jar:/home/user/.m2/repository/org/fusesource/leveldbjni/leveldbjni-all/1.8/leveldbjni-all-1.8.jar:"/>
    <property name="sun.cpu.endian" value="little"/>
    <property name="user.home" value="/home/user"/>
    <property name="user.language" value="en"/>
    <property name="java.specification.vendor" value="Oracle Corporation"/>
    <property name="java.home" value="/usr/lib/jvm/java-1.8.0-openjdk-1.8.0.222.b10-1.el7_7.x86_64/jre"/>
    <property name="surefire.excludesFile" value="/tools/ozone-bad-unit-tests"/>
    <property name="java.security.krb5.conf" value="/workdir/hadoop-ozone/integration-test/target/test-classes/krb5.conf"/>
    <property name="basedir" value="/workdir/hadoop-ozone/integration-test"/>
    <property name="file.separator" value="/"/>
    <property name="line.separator" value="&#10;"/>
    <property name="java.vm.specification.vendor" value="Oracle Corporation"/>
    <property name="java.specification.name" value="Java Platform API Specification"/>
    <property name="java.awt.graphicsenv" value="sun.awt.X11GraphicsEnvironment"/>
    <property name="surefire.real.class.path" value="/workdir/hadoop-ozone/integration-test/target/surefire/surefirebooter1088882455202202884.jar"/>
    <property name="hadoop.log.dir" value="/workdir/hadoop-ozone/integration-test/target/log"/>
    <property name="sun.boot.class.path" value="/usr/lib/jvm/java-1.8.0-openjdk-1.8.0.222.b10-1.el7_7.x86_64/jre/lib/resources.jar:/usr/lib/jvm/java-1.8.0-openjdk-1.8.0.222.b10-1.el7_7.x86_64/jre/lib/rt.jar:/usr/lib/jvm/java-1.8.0-openjdk-1.8.0.222.b10-1.el7_7.x86_64/jre/lib/sunrsasign.jar:/usr/lib/jvm/java-1.8.0-openjdk-1.8.0.222.b10-1.el7_7.x86_64/jre/lib/jsse.jar:/usr/lib/jvm/java-1.8.0-openjdk-1.8.0.222.b10-1.el7_7.x86_64/jre/lib/jce.jar:/usr/lib/jvm/java-1.8.0-openjdk-1.8.0.222.b10-1.el7_7.x86_64/jre/lib/charsets.jar:/usr/lib/jvm/java-1.8.0-openjdk-1.8.0.222.b10-1.el7_7.x86_64/jre/lib/jfr.jar:/usr/lib/jvm/java-1.8.0-openjdk-1.8.0.222.b10-1.el7_7.x86_64/jre/classes"/>
    <property name="sun.management.compiler" value="HotSpot 64-Bit Tiered Compilers"/>
    <property name="java.runtime.version" value="1.8.0_222-b10"/>
    <property name="java.net.preferIPv4Stack" value="true"/>
    <property name="user.name" value="jenkins1000"/>
    <property name="path.separator" value=":"/>
    <property name="java.security.egd" value="file:///dev/urandom"/>
    <property name="os.version" value="3.10.0-957.12.2.el7.x86_64"/>
    <property name="java.endorsed.dirs" value="/usr/lib/jvm/java-1.8.0-openjdk-1.8.0.222.b10-1.el7_7.x86_64/jre/lib/endorsed"/>
    <property name="java.runtime.name" value="OpenJDK Runtime Environment"/>
    <property name="file.encoding" value="ANSI_X3.4-1968"/>
    <property name="java.vm.name" value="OpenJDK 64-Bit Server VM"/>
    <property name="test.build.webapps" value=""/>
    <property name="localRepository" value="/home/user/.m2/repository"/>
    <property name="java.vendor.url.bug" value="http://bugreport.sun.com/bugreport/"/>
    <property name="java.io.tmpdir" value="/tmp"/>
    <property name="require.test.libhadoop" value=""/>
    <property name="java.version" value="1.8.0_222"/>
    <property name="user.dir" value="/workdir/hadoop-ozone/integration-test"/>
    <property name="os.arch" value="amd64"/>
    <property name="java.vm.specification.name" value="Java Virtual Machine Specification"/>
    <property name="test.build.classes" value="/workdir/hadoop-ozone/integration-test/target/test-classes"/>
    <property name="java.awt.printerjob" value="sun.print.PSPrinterJob"/>
    <property name="sun.os.patch.level" value="unknown"/>
    <property name="hadoop.tmp.dir" value="/workdir/hadoop-ozone/integration-test/target/tmp"/>
    <property name="java.library.path" value="/usr/lib:/workdir/hadoop-ozone/integration-test/target/native/target/usr/local/lib:/workdir/hadoop-ozone/integration-test/../../hadoop-common-project/hadoop-common/target/native/target/usr/local/lib:/usr/java/packages/lib/amd64:/usr/lib64:/lib64:/lib:/usr/lib"/>
    <property name="java.vm.info" value="mixed mode"/>
    <property name="java.vendor" value="Oracle Corporation"/>
    <property name="java.vm.version" value="25.222-b10"/>
    <property name="java.ext.dirs" value="/usr/lib/jvm/java-1.8.0-openjdk-1.8.0.222.b10-1.el7_7.x86_64/jre/lib/ext:/usr/java/packages/lib/ext"/>
    <property name="sun.io.unicode.encoding" value="UnicodeLittle"/>
    <property name="java.class.version" value="52.0"/>
  </properties>
  <testcase name="testDeleteKeyWithSlowFollower" classname="org.apache.hadoop.ozone.client.rpc.TestDeleteWithSlowFollower" time="112.171">
    <failure type="java.lang.AssertionError">java.lang.AssertionError
	at org.junit.Assert.fail(Assert.java:86)
	at org.junit.Assert.assertTrue(Assert.java:41)
	at org.junit.Assert.assertTrue(Assert.java:52)
	at org.apache.hadoop.ozone.client.rpc.TestDeleteWithSlowFollower.testDeleteKeyWithSlowFollower(TestDeleteWithSlowFollower.java:265)
	at sun.reflect.NativeMethodAccessorImpl.invoke0(Native Method)
	at sun.reflect.NativeMethodAccessorImpl.invoke(NativeMethodAccessorImpl.java:62)
	at sun.reflect.DelegatingMethodAccessorImpl.invoke(DelegatingMethodAccessorImpl.java:43)
	at java.lang.reflect.Method.invoke(Method.java:498)
	at org.junit.runners.model.FrameworkMethod$1.runReflectiveCall(FrameworkMethod.java:47)
	at org.junit.internal.runners.model.ReflectiveCallable.run(ReflectiveCallable.java:12)
	at org.junit.runners.model.FrameworkMethod.invokeExplosively(FrameworkMethod.java:44)
	at org.junit.internal.runners.statements.InvokeMethod.evaluate(InvokeMethod.java:17)
	at org.junit.runners.ParentRunner.runLeaf(ParentRunner.java:271)
	at org.junit.runners.BlockJUnit4ClassRunner.runChild(BlockJUnit4ClassRunner.java:70)
	at org.junit.runners.BlockJUnit4ClassRunner.runChild(BlockJUnit4ClassRunner.java:50)
	at org.junit.runners.ParentRunner$3.run(ParentRunner.java:238)
	at org.junit.runners.ParentRunner$1.schedule(ParentRunner.java:63)
	at org.junit.runners.ParentRunner.runChildren(ParentRunner.java:236)
	at org.junit.runners.ParentRunner.access$000(ParentRunner.java:53)
	at org.junit.runners.ParentRunner$2.evaluate(ParentRunner.java:229)
	at org.junit.internal.runners.statements.RunBefores.evaluate(RunBefores.java:26)
	at org.junit.internal.runners.statements.RunAfters.evaluate(RunAfters.java:27)
	at org.junit.runners.ParentRunner.run(ParentRunner.java:309)
	at org.apache.maven.surefire.junit4.JUnit4Provider.execute(JUnit4Provider.java:365)
	at org.apache.maven.surefire.junit4.JUnit4Provider.executeWithRerun(JUnit4Provider.java:273)
	at org.apache.maven.surefire.junit4.JUnit4Provider.executeTestSet(JUnit4Provider.java:238)
	at org.apache.maven.surefire.junit4.JUnit4Provider.invoke(JUnit4Provider.java:159)
	at org.apache.maven.surefire.booter.ForkedBooter.invokeProviderInSameClassLoader(ForkedBooter.java:384)
	at org.apache.maven.surefire.booter.ForkedBooter.runSuitesInProcess(ForkedBooter.java:345)
	at org.apache.maven.surefire.booter.ForkedBooter.execute(ForkedBooter.java:126)
	at org.apache.maven.surefire.booter.ForkedBooter.main(ForkedBooter.java:418)
</failure>
    <system-out><![CDATA[2019-10-17 01:08:32,499 [main] WARN  server.ServerUtils (ServerUtils.java:getScmDbDir(145)) - ozone.scm.db.dirs is not configured. We recommend adding this setting. Falling back to ozone.metadata.dirs instead.
2019-10-17 01:08:32,599 [main] WARN  server.ServerUtils (ServerUtils.java:getScmDbDir(145)) - ozone.scm.db.dirs is not configured. We recommend adding this setting. Falling back to ozone.metadata.dirs instead.
2019-10-17 01:08:32,602 [main] WARN  server.ServerUtils (ServerUtils.java:getScmDbDir(145)) - ozone.scm.db.dirs is not configured. We recommend adding this setting. Falling back to ozone.metadata.dirs instead.
2019-10-17 01:08:32,627 [main] INFO  util.log (Log.java:initialized(192)) - Logging initialized @835ms
2019-10-17 01:08:32,721 [main] INFO  db.DBStoreBuilder (DBStoreBuilder.java:addTable(117)) - using custom profile for table: deletedBlocks
2019-10-17 01:08:32,721 [main] INFO  db.DBStoreBuilder (DBStoreBuilder.java:processTables(168)) - Using default column profile:DBProfile.DISK for Table:deletedBlocks
2019-10-17 01:08:32,722 [main] INFO  db.DBStoreBuilder (DBStoreBuilder.java:addTable(117)) - using custom profile for table: validCerts
2019-10-17 01:08:32,722 [main] INFO  db.DBStoreBuilder (DBStoreBuilder.java:processTables(168)) - Using default column profile:DBProfile.DISK for Table:validCerts
2019-10-17 01:08:32,722 [main] INFO  db.DBStoreBuilder (DBStoreBuilder.java:addTable(117)) - using custom profile for table: revokedCerts
2019-10-17 01:08:32,722 [main] INFO  db.DBStoreBuilder (DBStoreBuilder.java:processTables(168)) - Using default column profile:DBProfile.DISK for Table:revokedCerts
2019-10-17 01:08:32,733 [main] INFO  db.DBStoreBuilder (DBStoreBuilder.java:addTable(117)) - using custom profile for table: default
2019-10-17 01:08:32,734 [main] INFO  db.DBStoreBuilder (DBStoreBuilder.java:processTables(174)) - Using default column profile:DBProfile.DISK for Table:default
2019-10-17 01:08:32,735 [main] INFO  db.DBStoreBuilder (DBStoreBuilder.java:getDbProfile(205)) - Using default options. DBProfile.DISK
2019-10-17 01:08:32,976 [main] INFO  net.NodeSchemaLoader (NodeSchemaLoader.java:loadSchemaFromFile(125)) - Loading file from sun.misc.CompoundEnumeration@74235045
2019-10-17 01:08:32,978 [main] INFO  net.NodeSchemaLoader (NodeSchemaLoader.java:loadSchema(171)) - Loading network topology layer schema file
2019-10-17 01:08:33,061 [main] WARN  server.ServerUtils (ServerUtils.java:sanitizeUserArgs(70)) - ozone.scm.stale.node.interval value = 1000000 is larger than max = 100000 based on the key value of ozone.scm.heartbeat.thread.interval, reset to the max value 100000.
2019-10-17 01:08:33,063 [main] WARN  server.ServerUtils (ServerUtils.java:sanitizeUserArgs(70)) - ozone.scm.stale.node.interval value = 1000000 is larger than max = 100000 based on the key value of ozone.scm.heartbeat.thread.interval, reset to the max value 100000.
2019-10-17 01:08:33,066 [main] INFO  node.SCMNodeManager (SCMNodeManager.java:<init>(116)) - Entering startup safe mode.
2019-10-17 01:08:33,131 [main] INFO  algorithms.ContainerPlacementPolicyFactory (ContainerPlacementPolicyFactory.java:getPolicy(57)) - Create container placement policy of type org.apache.hadoop.hdds.scm.container.placement.algorithms.SCMContainerPlacementRandom
2019-10-17 01:08:33,143 [main] WARN  server.ServerUtils (ServerUtils.java:getScmDbDir(145)) - ozone.scm.db.dirs is not configured. We recommend adding this setting. Falling back to ozone.metadata.dirs instead.
2019-10-17 01:08:33,222 [main] INFO  pipeline.SCMPipelineManager (SCMPipelineManager.java:initializePipelineState(132)) - No pipeline exists in current db
2019-10-17 01:08:33,225 [main] WARN  server.ServerUtils (ServerUtils.java:getScmDbDir(145)) - ozone.scm.db.dirs is not configured. We recommend adding this setting. Falling back to ozone.metadata.dirs instead.
2019-10-17 01:08:33,351 [main] WARN  events.EventQueue (EventQueue.java:fireEvent(183)) - No event handler registered for event TypedEvent{payloadType=SafeModeStatus, name='SafeModeStatus'}
2019-10-17 01:08:33,689 [main] INFO  ipc.CallQueueManager (CallQueueManager.java:<init>(84)) - Using callQueue: class java.util.concurrent.LinkedBlockingQueue, queueCapacity: 2000, scheduler: class org.apache.hadoop.ipc.DefaultRpcScheduler, ipcBackoff: false.
2019-10-17 01:08:33,806 [Socket Reader #1 for port 45777] INFO  ipc.Server (Server.java:run(1074)) - Starting Socket Reader #1 for port 45777
2019-10-17 01:08:33,845 [main] INFO  ipc.CallQueueManager (CallQueueManager.java:<init>(84)) - Using callQueue: class java.util.concurrent.LinkedBlockingQueue, queueCapacity: 2000, scheduler: class org.apache.hadoop.ipc.DefaultRpcScheduler, ipcBackoff: false.
2019-10-17 01:08:33,847 [Socket Reader #1 for port 41886] INFO  ipc.Server (Server.java:run(1074)) - Starting Socket Reader #1 for port 41886
2019-10-17 01:08:33,858 [main] INFO  ipc.CallQueueManager (CallQueueManager.java:<init>(84)) - Using callQueue: class java.util.concurrent.LinkedBlockingQueue, queueCapacity: 2000, scheduler: class org.apache.hadoop.ipc.DefaultRpcScheduler, ipcBackoff: false.
2019-10-17 01:08:33,859 [Socket Reader #1 for port 37321] INFO  ipc.Server (Server.java:run(1074)) - Starting Socket Reader #1 for port 37321
2019-10-17 01:08:33,888 [main] INFO  hdfs.DFSUtil (DFSUtil.java:httpServerTemplateForNNAndJN(1641)) - Starting Web-server for scm at: http://0.0.0.0:0
2019-10-17 01:08:34,035 [main] INFO  server.AuthenticationFilter (AuthenticationFilter.java:constructSecretProvider(240)) - Unable to initialize FileSignerSecretProvider, falling back to use random secrets.
2019-10-17 01:08:34,043 [main] WARN  http.HttpRequestLog (HttpRequestLog.java:getRequestLog(97)) - Jetty request log can only be enabled using Log4j
2019-10-17 01:08:34,050 [main] INFO  http.HttpServer2 (HttpServer2.java:addGlobalFilter(975)) - Added global filter 'safety' (class=org.apache.hadoop.http.HttpServer2$QuotingInputFilter)
2019-10-17 01:08:34,053 [main] INFO  http.HttpServer2 (HttpServer2.java:addFilter(948)) - Added filter static_user_filter (class=org.apache.hadoop.http.lib.StaticUserWebFilter$StaticUserFilter) to context scm
2019-10-17 01:08:34,053 [main] INFO  http.HttpServer2 (HttpServer2.java:addFilter(958)) - Added filter static_user_filter (class=org.apache.hadoop.http.lib.StaticUserWebFilter$StaticUserFilter) to context logs
2019-10-17 01:08:34,053 [main] INFO  http.HttpServer2 (HttpServer2.java:addFilter(958)) - Added filter static_user_filter (class=org.apache.hadoop.http.lib.StaticUserWebFilter$StaticUserFilter) to context static
2019-10-17 01:08:34,084 [main] INFO  server.StorageContainerManager (StorageContainerManager.java:start(772)) - StorageContainerLocationProtocol RPC server is listening at /0.0.0.0:37321
2019-10-17 01:08:34,149 [main] WARN  impl.MetricsConfig (MetricsConfig.java:loadFirst(134)) - Cannot locate configuration: tried hadoop-metrics2-storagecontainermanager.properties,hadoop-metrics2.properties
2019-10-17 01:08:34,166 [main] INFO  impl.MetricsSystemImpl (MetricsSystemImpl.java:startTimer(374)) - Scheduled Metric snapshot period at 10 second(s).
2019-10-17 01:08:34,167 [main] INFO  impl.MetricsSystemImpl (MetricsSystemImpl.java:start(191)) - StorageContainerManager metrics system started
2019-10-17 01:08:34,441 [main] INFO  server.SCMClientProtocolServer (SCMClientProtocolServer.java:start(159)) - RPC server for Client  is listening at /0.0.0.0:37321
2019-10-17 01:08:34,442 [IPC Server Responder] INFO  ipc.Server (Server.java:run(1314)) - IPC Server Responder: starting
2019-10-17 01:08:34,442 [IPC Server listener on 37321] INFO  ipc.Server (Server.java:run(1153)) - IPC Server listener on 37321: starting
2019-10-17 01:08:34,445 [main] INFO  server.StorageContainerManager (StorageContainerManager.java:start(782)) - ScmBlockLocationProtocol RPC server is listening at /0.0.0.0:41886
2019-10-17 01:08:34,446 [main] INFO  server.SCMBlockProtocolServer (SCMBlockProtocolServer.java:start(146)) - RPC server for Block Protocol is listening at /0.0.0.0:41886
2019-10-17 01:08:34,446 [IPC Server Responder] INFO  ipc.Server (Server.java:run(1314)) - IPC Server Responder: starting
2019-10-17 01:08:34,446 [IPC Server listener on 41886] INFO  ipc.Server (Server.java:run(1153)) - IPC Server listener on 41886: starting
2019-10-17 01:08:34,448 [main] INFO  server.StorageContainerManager (StorageContainerManager.java:start(786)) - ScmDatanodeProtocl RPC server is listening at /0.0.0.0:45777
2019-10-17 01:08:34,448 [main] INFO  server.SCMDatanodeProtocolServer (SCMDatanodeProtocolServer.java:start(169)) - RPC server for DataNodes is listening at /0.0.0.0:45777
2019-10-17 01:08:34,449 [IPC Server Responder] INFO  ipc.Server (Server.java:run(1314)) - IPC Server Responder: starting
2019-10-17 01:08:34,449 [IPC Server listener on 45777] INFO  ipc.Server (Server.java:run(1153)) - IPC Server listener on 45777: starting
2019-10-17 01:08:34,453 [main] INFO  http.HttpServer2 (HttpServer2.java:bindListener(1191)) - Jetty bound to port 37861
2019-10-17 01:08:34,455 [main] INFO  server.Server (Server.java:doStart(351)) - jetty-9.3.25.v20180904, build timestamp: 2018-09-04T21:11:46Z, git hash: 3ce520221d0240229c862b122d2b06c12a625732
2019-10-17 01:08:34,490 [main] INFO  handler.ContextHandler (ContextHandler.java:doStart(781)) - Started o.e.j.s.ServletContextHandler@42f8285e{/logs,file:///workdir/hadoop-ozone/integration-test/target/log,AVAILABLE}
2019-10-17 01:08:34,491 [main] INFO  handler.ContextHandler (ContextHandler.java:doStart(781)) - Started o.e.j.s.ServletContextHandler@3724af13{/static,file:///workdir/hadoop-ozone/integration-test/target/test-classes/webapps/static,AVAILABLE}
2019-10-17 01:08:34,522 [main] INFO  handler.ContextHandler (ContextHandler.java:doStart(781)) - Started o.e.j.w.WebAppContext@24a1c17f{/,file:///workdir/hadoop-ozone/integration-test/target/test-classes/webapps/scm/,AVAILABLE}{/scm}
2019-10-17 01:08:34,528 [main] INFO  server.AbstractConnector (AbstractConnector.java:doStart(278)) - Started ServerConnector@4d63b624{HTTP/1.1,[http/1.1]}{0.0.0.0:37861}
2019-10-17 01:08:34,528 [main] INFO  server.Server (Server.java:doStart(419)) - Started @2736ms
2019-10-17 01:08:34,530 [main] INFO  impl.MetricsSinkAdapter (MetricsSinkAdapter.java:start(204)) - Sink prometheus started
2019-10-17 01:08:34,530 [main] INFO  impl.MetricsSystemImpl (MetricsSystemImpl.java:registerSink(301)) - Registered sink prometheus
2019-10-17 01:08:34,532 [main] INFO  server.BaseHttpServer (BaseHttpServer.java:updateConnectorAddress(215)) - HTTP server of SCM is listening at http://0.0.0.0:37861
2019-10-17 01:08:34,539 [org.apache.hadoop.util.JvmPauseMonitor$Monitor@4b629f13] INFO  util.JvmPauseMonitor (JvmPauseMonitor.java:run(188)) - Starting JVM pause monitor
2019-10-17 01:08:34,544 [main] WARN  server.ServerUtils (ServerUtils.java:getDBPath(222)) - ozone.om.db.dirs is not configured. We recommend adding this setting. Falling back to ozone.metadata.dirs instead.
2019-10-17 01:08:34,660 [main] INFO  ha.OMHANodeDetails (OMHANodeDetails.java:loadOMHAConfig(190)) - Configuration either no ozone.om.address set. Falling back to the default OM address /127.0.0.1:0
2019-10-17 01:08:34,661 [main] INFO  ha.OMHANodeDetails (OMHANodeDetails.java:getOMNodeDetails(220)) - OM Service ID is not set. Setting it to the default ID: omServiceIdDefault
2019-10-17 01:08:34,663 [main] WARN  server.ServerUtils (ServerUtils.java:getDBPath(222)) - ozone.om.db.dirs is not configured. We recommend adding this setting. Falling back to ozone.metadata.dirs instead.
2019-10-17 01:08:34,663 [main] WARN  server.ServerUtils (ServerUtils.java:getDBPath(222)) - ozone.om.db.dirs is not configured. We recommend adding this setting. Falling back to ozone.metadata.dirs instead.
2019-10-17 01:08:35,284 [main] WARN  server.ServerUtils (ServerUtils.java:getDBPath(222)) - ozone.om.db.dirs is not configured. We recommend adding this setting. Falling back to ozone.metadata.dirs instead.
2019-10-17 01:08:35,295 [main] INFO  db.DBStoreBuilder (DBStoreBuilder.java:addTable(117)) - using custom profile for table: userTable
2019-10-17 01:08:35,295 [main] INFO  db.DBStoreBuilder (DBStoreBuilder.java:processTables(168)) - Using default column profile:DBProfile.DISK for Table:userTable
2019-10-17 01:08:35,295 [main] INFO  db.DBStoreBuilder (DBStoreBuilder.java:addTable(117)) - using custom profile for table: volumeTable
2019-10-17 01:08:35,295 [main] INFO  db.DBStoreBuilder (DBStoreBuilder.java:processTables(168)) - Using default column profile:DBProfile.DISK for Table:volumeTable
2019-10-17 01:08:35,296 [main] INFO  db.DBStoreBuilder (DBStoreBuilder.java:addTable(117)) - using custom profile for table: bucketTable
2019-10-17 01:08:35,296 [main] INFO  db.DBStoreBuilder (DBStoreBuilder.java:processTables(168)) - Using default column profile:DBProfile.DISK for Table:bucketTable
2019-10-17 01:08:35,296 [main] INFO  db.DBStoreBuilder (DBStoreBuilder.java:addTable(117)) - using custom profile for table: keyTable
2019-10-17 01:08:35,297 [main] INFO  db.DBStoreBuilder (DBStoreBuilder.java:processTables(168)) - Using default column profile:DBProfile.DISK for Table:keyTable
2019-10-17 01:08:35,297 [main] INFO  db.DBStoreBuilder (DBStoreBuilder.java:addTable(117)) - using custom profile for table: deletedTable
2019-10-17 01:08:35,297 [main] INFO  db.DBStoreBuilder (DBStoreBuilder.java:processTables(168)) - Using default column profile:DBProfile.DISK for Table:deletedTable
2019-10-17 01:08:35,298 [main] INFO  db.DBStoreBuilder (DBStoreBuilder.java:addTable(117)) - using custom profile for table: openKeyTable
2019-10-17 01:08:35,298 [main] INFO  db.DBStoreBuilder (DBStoreBuilder.java:processTables(168)) - Using default column profile:DBProfile.DISK for Table:openKeyTable
2019-10-17 01:08:35,298 [main] INFO  db.DBStoreBuilder (DBStoreBuilder.java:addTable(117)) - using custom profile for table: s3Table
2019-10-17 01:08:35,298 [main] INFO  db.DBStoreBuilder (DBStoreBuilder.java:processTables(168)) - Using default column profile:DBProfile.DISK for Table:s3Table
2019-10-17 01:08:35,299 [main] INFO  db.DBStoreBuilder (DBStoreBuilder.java:addTable(117)) - using custom profile for table: multipartInfoTable
2019-10-17 01:08:35,299 [main] INFO  db.DBStoreBuilder (DBStoreBuilder.java:processTables(168)) - Using default column profile:DBProfile.DISK for Table:multipartInfoTable
2019-10-17 01:08:35,299 [main] INFO  db.DBStoreBuilder (DBStoreBuilder.java:addTable(117)) - using custom profile for table: dTokenTable
2019-10-17 01:08:35,300 [main] INFO  db.DBStoreBuilder (DBStoreBuilder.java:processTables(168)) - Using default column profile:DBProfile.DISK for Table:dTokenTable
2019-10-17 01:08:35,300 [main] INFO  db.DBStoreBuilder (DBStoreBuilder.java:addTable(117)) - using custom profile for table: s3SecretTable
2019-10-17 01:08:35,300 [main] INFO  db.DBStoreBuilder (DBStoreBuilder.java:processTables(168)) - Using default column profile:DBProfile.DISK for Table:s3SecretTable
2019-10-17 01:08:35,301 [main] INFO  db.DBStoreBuilder (DBStoreBuilder.java:addTable(117)) - using custom profile for table: prefixTable
2019-10-17 01:08:35,301 [main] INFO  db.DBStoreBuilder (DBStoreBuilder.java:processTables(168)) - Using default column profile:DBProfile.DISK for Table:prefixTable
2019-10-17 01:08:35,301 [main] INFO  db.DBStoreBuilder (DBStoreBuilder.java:addTable(117)) - using custom profile for table: default
2019-10-17 01:08:35,301 [main] INFO  db.DBStoreBuilder (DBStoreBuilder.java:processTables(174)) - Using default column profile:DBProfile.DISK for Table:default
2019-10-17 01:08:35,302 [main] INFO  db.DBStoreBuilder (DBStoreBuilder.java:getDbProfile(205)) - Using default options. DBProfile.DISK
2019-10-17 01:08:35,751 [main] INFO  ipc.CallQueueManager (CallQueueManager.java:<init>(84)) - Using callQueue: class java.util.concurrent.LinkedBlockingQueue, queueCapacity: 2000, scheduler: class org.apache.hadoop.ipc.DefaultRpcScheduler, ipcBackoff: false.
2019-10-17 01:08:35,752 [Socket Reader #1 for port 37817] INFO  ipc.Server (Server.java:run(1074)) - Starting Socket Reader #1 for port 37817
2019-10-17 01:08:35,774 [main] INFO  om.OzoneManager (OzoneManager.java:start(1071)) - OzoneManager RPC server is listening at localhost/127.0.0.1:37817
2019-10-17 01:08:35,774 [main] INFO  impl.MetricsSystemImpl (MetricsSystemImpl.java:init(158)) - OzoneManager metrics system started (again)
2019-10-17 01:08:35,781 [IPC Server Responder] INFO  ipc.Server (Server.java:run(1314)) - IPC Server Responder: starting
2019-10-17 01:08:35,782 [IPC Server listener on 37817] INFO  ipc.Server (Server.java:run(1153)) - IPC Server listener on 37817: starting
2019-10-17 01:08:35,788 [main] INFO  hdfs.DFSUtil (DFSUtil.java:httpServerTemplateForNNAndJN(1641)) - Starting Web-server for ozoneManager at: http://0.0.0.0:0
2019-10-17 01:08:35,791 [main] INFO  server.AuthenticationFilter (AuthenticationFilter.java:constructSecretProvider(240)) - Unable to initialize FileSignerSecretProvider, falling back to use random secrets.
2019-10-17 01:08:35,792 [main] WARN  http.HttpRequestLog (HttpRequestLog.java:getRequestLog(97)) - Jetty request log can only be enabled using Log4j
2019-10-17 01:08:35,795 [main] INFO  http.HttpServer2 (HttpServer2.java:addGlobalFilter(975)) - Added global filter 'safety' (class=org.apache.hadoop.http.HttpServer2$QuotingInputFilter)
2019-10-17 01:08:35,796 [main] INFO  http.HttpServer2 (HttpServer2.java:addFilter(948)) - Added filter static_user_filter (class=org.apache.hadoop.http.lib.StaticUserWebFilter$StaticUserFilter) to context ozoneManager
2019-10-17 01:08:35,796 [main] INFO  http.HttpServer2 (HttpServer2.java:addFilter(958)) - Added filter static_user_filter (class=org.apache.hadoop.http.lib.StaticUserWebFilter$StaticUserFilter) to context static
2019-10-17 01:08:35,796 [main] INFO  http.HttpServer2 (HttpServer2.java:addFilter(958)) - Added filter static_user_filter (class=org.apache.hadoop.http.lib.StaticUserWebFilter$StaticUserFilter) to context logs
2019-10-17 01:08:35,800 [main] INFO  http.HttpServer2 (HttpServer2.java:bindListener(1191)) - Jetty bound to port 45447
2019-10-17 01:08:35,800 [main] INFO  server.Server (Server.java:doStart(351)) - jetty-9.3.25.v20180904, build timestamp: 2018-09-04T21:11:46Z, git hash: 3ce520221d0240229c862b122d2b06c12a625732
2019-10-17 01:08:35,802 [main] INFO  handler.ContextHandler (ContextHandler.java:doStart(781)) - Started o.e.j.s.ServletContextHandler@aa10649{/logs,file:///workdir/hadoop-ozone/integration-test/target/log,AVAILABLE}
2019-10-17 01:08:35,803 [main] INFO  handler.ContextHandler (ContextHandler.java:doStart(781)) - Started o.e.j.s.ServletContextHandler@37095ded{/static,file:///workdir/hadoop-ozone/integration-test/target/test-classes/webapps/static,AVAILABLE}
2019-10-17 01:08:35,810 [main] INFO  handler.ContextHandler (ContextHandler.java:doStart(781)) - Started o.e.j.w.WebAppContext@75b3673{/,file:///workdir/hadoop-ozone/integration-test/target/test-classes/webapps/ozoneManager/,AVAILABLE}{/ozoneManager}
2019-10-17 01:08:35,811 [main] INFO  server.AbstractConnector (AbstractConnector.java:doStart(278)) - Started ServerConnector@1bcb79c2{HTTP/1.1,[http/1.1]}{0.0.0.0:45447}
2019-10-17 01:08:35,811 [main] INFO  server.Server (Server.java:doStart(419)) - Started @4019ms
2019-10-17 01:08:35,812 [main] WARN  impl.MetricsSystemImpl (MetricsSystemImpl.java:register(276)) - Sink prometheus already exists!
2019-10-17 01:08:35,813 [main] INFO  server.BaseHttpServer (BaseHttpServer.java:updateConnectorAddress(215)) - HTTP server of OZONEMANAGER is listening at http://0.0.0.0:45447
2019-10-17 01:08:36,114 [main] INFO  impl.MetricsSystemImpl (MetricsSystemImpl.java:init(158)) - HddsDatanode metrics system started (again)
2019-10-17 01:08:36,157 [main] INFO  ozone.HddsDatanodeService (HddsDatanodeService.java:start(184)) - HddsDatanodeService host:pr-hdds-1868-g97gg-2149769003 ip:192.168.157.194
2019-10-17 01:08:36,188 [main] INFO  volume.HddsVolume (HddsVolume.java:<init>(176)) - Creating Volume: /workdir/hadoop-ozone/integration-test/target/test-dir/MiniOzoneClusterImpl-85f8a08e-f83a-42a3-ae7e-0eb0c728a558/datanode-0/data/containers/hdds of  storage type : DISK and capacity : 1482555576320
2019-10-17 01:08:36,190 [main] INFO  volume.VolumeSet (VolumeSet.java:initializeVolumeSet(170)) - Added Volume : /workdir/hadoop-ozone/integration-test/target/test-dir/MiniOzoneClusterImpl-85f8a08e-f83a-42a3-ae7e-0eb0c728a558/datanode-0/data/containers/hdds to VolumeSet
2019-10-17 01:08:36,193 [main] INFO  volume.ThrottledAsyncChecker (ThrottledAsyncChecker.java:schedule(141)) - Scheduling a check for /workdir/hadoop-ozone/integration-test/target/test-dir/MiniOzoneClusterImpl-85f8a08e-f83a-42a3-ae7e-0eb0c728a558/datanode-0/data/containers/hdds
2019-10-17 01:08:36,210 [main] INFO  volume.HddsVolumeChecker (HddsVolumeChecker.java:checkAllVolumes(204)) - Scheduled health check for volume /workdir/hadoop-ozone/integration-test/target/test-dir/MiniOzoneClusterImpl-85f8a08e-f83a-42a3-ae7e-0eb0c728a558/datanode-0/data/containers/hdds
2019-10-17 01:08:36,318 [main] INFO  impl.RaftServerProxy (ConfUtils.java:logGet(43)) - raft.rpc.type = GRPC (default)
2019-10-17 01:08:36,402 [main] INFO  grpc.GrpcFactory (GrpcFactory.java:checkPooledByteBufAllocatorUseCacheForAllThreads(45)) - PERFORMANCE WARNING: useCacheForAllThreads is true that may cause Netty to create a lot garbage objects and, as a result, trigger GC.
	It is recommended to disable useCacheForAllThreads by setting -Dorg.apache.ratis.thirdparty.io.netty.allocator.useCacheForAllThreads=false in command line.
2019-10-17 01:08:36,408 [main] INFO  grpc.GrpcConfigKeys$Server (ConfUtils.java:logGet(43)) - raft.grpc.server.port = 0 (default)
2019-10-17 01:08:36,409 [main] INFO  server.GrpcService (ConfUtils.java:logGet(43)) - raft.grpc.message.size.max = 33570816 (custom)
2019-10-17 01:08:36,411 [main] INFO  server.RaftServerConfigKeys (ConfUtils.java:logGet(43)) - raft.server.log.appender.buffer.byte-limit = 33554432 (custom)
2019-10-17 01:08:36,412 [main] INFO  server.GrpcService (ConfUtils.java:logGet(43)) - raft.grpc.flow.control.window = 1MB (=1048576) (default)
2019-10-17 01:08:36,413 [main] INFO  server.RaftServerConfigKeys (ConfUtils.java:logGet(43)) - raft.server.rpc.request.timeout = 3000ms (default)
2019-10-17 01:08:36,566 [main] INFO  server.RaftServerConfigKeys (ConfUtils.java:logGet(43)) - raft.server.storage.dir = [/workdir/hadoop-ozone/integration-test/target/test-dir/MiniOzoneClusterImpl-85f8a08e-f83a-42a3-ae7e-0eb0c728a558/datanode-0/data/ratis] (custom)
2019-10-17 01:08:36,618 [main] INFO  hdfs.DFSUtil (DFSUtil.java:httpServerTemplateForNNAndJN(1641)) - Starting Web-server for hddsDatanode at: http://0.0.0.0:0
2019-10-17 01:08:36,619 [main] INFO  server.AuthenticationFilter (AuthenticationFilter.java:constructSecretProvider(240)) - Unable to initialize FileSignerSecretProvider, falling back to use random secrets.
2019-10-17 01:08:36,620 [main] WARN  http.HttpRequestLog (HttpRequestLog.java:getRequestLog(97)) - Jetty request log can only be enabled using Log4j
2019-10-17 01:08:36,622 [main] INFO  http.HttpServer2 (HttpServer2.java:addGlobalFilter(975)) - Added global filter 'safety' (class=org.apache.hadoop.http.HttpServer2$QuotingInputFilter)
2019-10-17 01:08:36,623 [main] INFO  http.HttpServer2 (HttpServer2.java:addFilter(948)) - Added filter static_user_filter (class=org.apache.hadoop.http.lib.StaticUserWebFilter$StaticUserFilter) to context hddsDatanode
2019-10-17 01:08:36,623 [main] INFO  http.HttpServer2 (HttpServer2.java:addFilter(958)) - Added filter static_user_filter (class=org.apache.hadoop.http.lib.StaticUserWebFilter$StaticUserFilter) to context logs
2019-10-17 01:08:36,623 [main] INFO  http.HttpServer2 (HttpServer2.java:addFilter(958)) - Added filter static_user_filter (class=org.apache.hadoop.http.lib.StaticUserWebFilter$StaticUserFilter) to context static
2019-10-17 01:08:36,624 [main] INFO  http.HttpServer2 (HttpServer2.java:bindListener(1191)) - Jetty bound to port 37128
2019-10-17 01:08:36,625 [main] INFO  server.Server (Server.java:doStart(351)) - jetty-9.3.25.v20180904, build timestamp: 2018-09-04T21:11:46Z, git hash: 3ce520221d0240229c862b122d2b06c12a625732
2019-10-17 01:08:36,629 [main] INFO  handler.ContextHandler (ContextHandler.java:doStart(781)) - Started o.e.j.s.ServletContextHandler@60cf62ad{/logs,file:///workdir/hadoop-ozone/integration-test/target/log,AVAILABLE}
2019-10-17 01:08:36,630 [main] INFO  handler.ContextHandler (ContextHandler.java:doStart(781)) - Started o.e.j.s.ServletContextHandler@1ac4ccad{/static,jar:file:/home/user/.m2/repository/org/apache/hadoop/hadoop-hdds-container-service/0.5.0-SNAPSHOT/hadoop-hdds-container-service-0.5.0-SNAPSHOT.jar!/webapps/static,AVAILABLE}
2019-10-17 01:08:36,666 [main] INFO  handler.ContextHandler (ContextHandler.java:doStart(781)) - Started o.e.j.w.WebAppContext@de8039f{/,file:///tmp/jetty-0.0.0.0-37128-hddsDatanode-_-any-6008760881358921724.dir/webapp/,AVAILABLE}{/hddsDatanode}
2019-10-17 01:08:36,666 [main] INFO  server.AbstractConnector (AbstractConnector.java:doStart(278)) - Started ServerConnector@1deceb67{HTTP/1.1,[http/1.1]}{0.0.0.0:37128}
2019-10-17 01:08:36,667 [main] INFO  server.Server (Server.java:doStart(419)) - Started @4875ms
2019-10-17 01:08:36,668 [main] WARN  impl.MetricsSystemImpl (MetricsSystemImpl.java:register(276)) - Sink prometheus already exists!
2019-10-17 01:08:36,669 [main] INFO  server.BaseHttpServer (BaseHttpServer.java:updateConnectorAddress(215)) - HTTP server of HDDSDATANODE is listening at http://0.0.0.0:37128
2019-10-17 01:08:36,670 [main] INFO  impl.MetricsSystemImpl (MetricsSystemImpl.java:init(158)) - HddsDatanode metrics system started (again)
2019-10-17 01:08:36,673 [main] INFO  ozone.HddsDatanodeService (HddsDatanodeService.java:start(184)) - HddsDatanodeService host:pr-hdds-1868-g97gg-2149769003 ip:192.168.157.194
2019-10-17 01:08:36,675 [org.apache.hadoop.util.JvmPauseMonitor$Monitor@4b490900] INFO  util.JvmPauseMonitor (JvmPauseMonitor.java:run(188)) - Starting JVM pause monitor
2019-10-17 01:08:36,682 [main] INFO  volume.HddsVolume (HddsVolume.java:<init>(176)) - Creating Volume: /workdir/hadoop-ozone/integration-test/target/test-dir/MiniOzoneClusterImpl-85f8a08e-f83a-42a3-ae7e-0eb0c728a558/datanode-1/data/containers/hdds of  storage type : DISK and capacity : 1482555576320
2019-10-17 01:08:36,682 [main] INFO  volume.VolumeSet (VolumeSet.java:initializeVolumeSet(170)) - Added Volume : /workdir/hadoop-ozone/integration-test/target/test-dir/MiniOzoneClusterImpl-85f8a08e-f83a-42a3-ae7e-0eb0c728a558/datanode-1/data/containers/hdds to VolumeSet
2019-10-17 01:08:36,682 [main] INFO  volume.ThrottledAsyncChecker (ThrottledAsyncChecker.java:schedule(141)) - Scheduling a check for /workdir/hadoop-ozone/integration-test/target/test-dir/MiniOzoneClusterImpl-85f8a08e-f83a-42a3-ae7e-0eb0c728a558/datanode-1/data/containers/hdds
2019-10-17 01:08:36,683 [main] INFO  volume.HddsVolumeChecker (HddsVolumeChecker.java:checkAllVolumes(204)) - Scheduled health check for volume /workdir/hadoop-ozone/integration-test/target/test-dir/MiniOzoneClusterImpl-85f8a08e-f83a-42a3-ae7e-0eb0c728a558/datanode-1/data/containers/hdds
2019-10-17 01:08:36,703 [main] INFO  impl.RaftServerProxy (ConfUtils.java:logGet(43)) - raft.rpc.type = GRPC (default)
2019-10-17 01:08:36,703 [main] INFO  grpc.GrpcFactory (GrpcFactory.java:checkPooledByteBufAllocatorUseCacheForAllThreads(45)) - PERFORMANCE WARNING: useCacheForAllThreads is true that may cause Netty to create a lot garbage objects and, as a result, trigger GC.
	It is recommended to disable useCacheForAllThreads by setting -Dorg.apache.ratis.thirdparty.io.netty.allocator.useCacheForAllThreads=false in command line.
2019-10-17 01:08:36,704 [main] INFO  grpc.GrpcConfigKeys$Server (ConfUtils.java:logGet(43)) - raft.grpc.server.port = 0 (default)
2019-10-17 01:08:36,704 [main] INFO  server.GrpcService (ConfUtils.java:logGet(43)) - raft.grpc.message.size.max = 33570816 (custom)
2019-10-17 01:08:36,704 [main] INFO  server.RaftServerConfigKeys (ConfUtils.java:logGet(43)) - raft.server.log.appender.buffer.byte-limit = 33554432 (custom)
2019-10-17 01:08:36,704 [main] INFO  server.GrpcService (ConfUtils.java:logGet(43)) - raft.grpc.flow.control.window = 1MB (=1048576) (default)
2019-10-17 01:08:36,705 [main] INFO  server.RaftServerConfigKeys (ConfUtils.java:logGet(43)) - raft.server.rpc.request.timeout = 3000ms (default)
2019-10-17 01:08:36,705 [main] INFO  server.RaftServerConfigKeys (ConfUtils.java:logGet(43)) - raft.server.storage.dir = [/workdir/hadoop-ozone/integration-test/target/test-dir/MiniOzoneClusterImpl-85f8a08e-f83a-42a3-ae7e-0eb0c728a558/datanode-1/data/ratis] (custom)
2019-10-17 01:08:36,707 [main] INFO  hdfs.DFSUtil (DFSUtil.java:httpServerTemplateForNNAndJN(1641)) - Starting Web-server for hddsDatanode at: http://0.0.0.0:0
2019-10-17 01:08:36,709 [main] INFO  server.AuthenticationFilter (AuthenticationFilter.java:constructSecretProvider(240)) - Unable to initialize FileSignerSecretProvider, falling back to use random secrets.
2019-10-17 01:08:36,709 [main] WARN  http.HttpRequestLog (HttpRequestLog.java:getRequestLog(97)) - Jetty request log can only be enabled using Log4j
2019-10-17 01:08:36,711 [main] INFO  http.HttpServer2 (HttpServer2.java:addGlobalFilter(975)) - Added global filter 'safety' (class=org.apache.hadoop.http.HttpServer2$QuotingInputFilter)
2019-10-17 01:08:36,712 [main] INFO  http.HttpServer2 (HttpServer2.java:addFilter(948)) - Added filter static_user_filter (class=org.apache.hadoop.http.lib.StaticUserWebFilter$StaticUserFilter) to context hddsDatanode
2019-10-17 01:08:36,712 [main] INFO  http.HttpServer2 (HttpServer2.java:addFilter(958)) - Added filter static_user_filter (class=org.apache.hadoop.http.lib.StaticUserWebFilter$StaticUserFilter) to context logs
2019-10-17 01:08:36,712 [main] INFO  http.HttpServer2 (HttpServer2.java:addFilter(958)) - Added filter static_user_filter (class=org.apache.hadoop.http.lib.StaticUserWebFilter$StaticUserFilter) to context static
2019-10-17 01:08:36,713 [main] INFO  http.HttpServer2 (HttpServer2.java:bindListener(1191)) - Jetty bound to port 35237
2019-10-17 01:08:36,713 [main] INFO  server.Server (Server.java:doStart(351)) - jetty-9.3.25.v20180904, build timestamp: 2018-09-04T21:11:46Z, git hash: 3ce520221d0240229c862b122d2b06c12a625732
2019-10-17 01:08:36,715 [main] INFO  handler.ContextHandler (ContextHandler.java:doStart(781)) - Started o.e.j.s.ServletContextHandler@5e65afb6{/logs,file:///workdir/hadoop-ozone/integration-test/target/log,AVAILABLE}
2019-10-17 01:08:36,716 [main] INFO  handler.ContextHandler (ContextHandler.java:doStart(781)) - Started o.e.j.s.ServletContextHandler@8851ce1{/static,jar:file:/home/user/.m2/repository/org/apache/hadoop/hadoop-hdds-container-service/0.5.0-SNAPSHOT/hadoop-hdds-container-service-0.5.0-SNAPSHOT.jar!/webapps/static,AVAILABLE}
2019-10-17 01:08:36,746 [main] INFO  handler.ContextHandler (ContextHandler.java:doStart(781)) - Started o.e.j.w.WebAppContext@7a0ef219{/,file:///tmp/jetty-0.0.0.0-35237-hddsDatanode-_-any-7284867281935495775.dir/webapp/,AVAILABLE}{/hddsDatanode}
2019-10-17 01:08:36,746 [main] INFO  server.AbstractConnector (AbstractConnector.java:doStart(278)) - Started ServerConnector@1b1f5012{HTTP/1.1,[http/1.1]}{0.0.0.0:35237}
2019-10-17 01:08:36,747 [main] INFO  server.Server (Server.java:doStart(419)) - Started @4955ms
2019-10-17 01:08:36,748 [main] WARN  impl.MetricsSystemImpl (MetricsSystemImpl.java:register(276)) - Sink prometheus already exists!
2019-10-17 01:08:36,748 [main] INFO  server.BaseHttpServer (BaseHttpServer.java:updateConnectorAddress(215)) - HTTP server of HDDSDATANODE is listening at http://0.0.0.0:35237
2019-10-17 01:08:36,749 [main] INFO  impl.MetricsSystemImpl (MetricsSystemImpl.java:init(158)) - HddsDatanode metrics system started (again)
2019-10-17 01:08:36,751 [main] INFO  ozone.HddsDatanodeService (HddsDatanodeService.java:start(184)) - HddsDatanodeService host:pr-hdds-1868-g97gg-2149769003 ip:192.168.157.194
2019-10-17 01:08:36,751 [org.apache.hadoop.util.JvmPauseMonitor$Monitor@3207a5e5] INFO  util.JvmPauseMonitor (JvmPauseMonitor.java:run(188)) - Starting JVM pause monitor
2019-10-17 01:08:36,758 [main] INFO  volume.HddsVolume (HddsVolume.java:<init>(176)) - Creating Volume: /workdir/hadoop-ozone/integration-test/target/test-dir/MiniOzoneClusterImpl-85f8a08e-f83a-42a3-ae7e-0eb0c728a558/datanode-2/data/containers/hdds of  storage type : DISK and capacity : 1482555576320
2019-10-17 01:08:36,758 [main] INFO  volume.VolumeSet (VolumeSet.java:initializeVolumeSet(170)) - Added Volume : /workdir/hadoop-ozone/integration-test/target/test-dir/MiniOzoneClusterImpl-85f8a08e-f83a-42a3-ae7e-0eb0c728a558/datanode-2/data/containers/hdds to VolumeSet
2019-10-17 01:08:36,758 [main] INFO  volume.ThrottledAsyncChecker (ThrottledAsyncChecker.java:schedule(141)) - Scheduling a check for /workdir/hadoop-ozone/integration-test/target/test-dir/MiniOzoneClusterImpl-85f8a08e-f83a-42a3-ae7e-0eb0c728a558/datanode-2/data/containers/hdds
2019-10-17 01:08:36,759 [main] INFO  volume.HddsVolumeChecker (HddsVolumeChecker.java:checkAllVolumes(204)) - Scheduled health check for volume /workdir/hadoop-ozone/integration-test/target/test-dir/MiniOzoneClusterImpl-85f8a08e-f83a-42a3-ae7e-0eb0c728a558/datanode-2/data/containers/hdds
2019-10-17 01:08:36,771 [main] INFO  impl.RaftServerProxy (ConfUtils.java:logGet(43)) - raft.rpc.type = GRPC (default)
2019-10-17 01:08:36,771 [main] INFO  grpc.GrpcFactory (GrpcFactory.java:checkPooledByteBufAllocatorUseCacheForAllThreads(45)) - PERFORMANCE WARNING: useCacheForAllThreads is true that may cause Netty to create a lot garbage objects and, as a result, trigger GC.
	It is recommended to disable useCacheForAllThreads by setting -Dorg.apache.ratis.thirdparty.io.netty.allocator.useCacheForAllThreads=false in command line.
2019-10-17 01:08:36,771 [main] INFO  grpc.GrpcConfigKeys$Server (ConfUtils.java:logGet(43)) - raft.grpc.server.port = 0 (default)
2019-10-17 01:08:36,771 [main] INFO  server.GrpcService (ConfUtils.java:logGet(43)) - raft.grpc.message.size.max = 33570816 (custom)
2019-10-17 01:08:36,772 [main] INFO  server.RaftServerConfigKeys (ConfUtils.java:logGet(43)) - raft.server.log.appender.buffer.byte-limit = 33554432 (custom)
2019-10-17 01:08:36,772 [main] INFO  server.GrpcService (ConfUtils.java:logGet(43)) - raft.grpc.flow.control.window = 1MB (=1048576) (default)
2019-10-17 01:08:36,772 [main] INFO  server.RaftServerConfigKeys (ConfUtils.java:logGet(43)) - raft.server.rpc.request.timeout = 3000ms (default)
2019-10-17 01:08:36,772 [main] INFO  server.RaftServerConfigKeys (ConfUtils.java:logGet(43)) - raft.server.storage.dir = [/workdir/hadoop-ozone/integration-test/target/test-dir/MiniOzoneClusterImpl-85f8a08e-f83a-42a3-ae7e-0eb0c728a558/datanode-2/data/ratis] (custom)
2019-10-17 01:08:36,774 [main] INFO  hdfs.DFSUtil (DFSUtil.java:httpServerTemplateForNNAndJN(1641)) - Starting Web-server for hddsDatanode at: http://0.0.0.0:0
2019-10-17 01:08:36,775 [main] INFO  server.AuthenticationFilter (AuthenticationFilter.java:constructSecretProvider(240)) - Unable to initialize FileSignerSecretProvider, falling back to use random secrets.
2019-10-17 01:08:36,776 [main] WARN  http.HttpRequestLog (HttpRequestLog.java:getRequestLog(97)) - Jetty request log can only be enabled using Log4j
2019-10-17 01:08:36,778 [main] INFO  http.HttpServer2 (HttpServer2.java:addGlobalFilter(975)) - Added global filter 'safety' (class=org.apache.hadoop.http.HttpServer2$QuotingInputFilter)
2019-10-17 01:08:36,779 [main] INFO  http.HttpServer2 (HttpServer2.java:addFilter(948)) - Added filter static_user_filter (class=org.apache.hadoop.http.lib.StaticUserWebFilter$StaticUserFilter) to context hddsDatanode
2019-10-17 01:08:36,779 [main] INFO  http.HttpServer2 (HttpServer2.java:addFilter(958)) - Added filter static_user_filter (class=org.apache.hadoop.http.lib.StaticUserWebFilter$StaticUserFilter) to context logs
2019-10-17 01:08:36,779 [main] INFO  http.HttpServer2 (HttpServer2.java:addFilter(958)) - Added filter static_user_filter (class=org.apache.hadoop.http.lib.StaticUserWebFilter$StaticUserFilter) to context static
2019-10-17 01:08:36,780 [main] INFO  http.HttpServer2 (HttpServer2.java:bindListener(1191)) - Jetty bound to port 34319
2019-10-17 01:08:36,780 [main] INFO  server.Server (Server.java:doStart(351)) - jetty-9.3.25.v20180904, build timestamp: 2018-09-04T21:11:46Z, git hash: 3ce520221d0240229c862b122d2b06c12a625732
2019-10-17 01:08:36,783 [main] INFO  handler.ContextHandler (ContextHandler.java:doStart(781)) - Started o.e.j.s.ServletContextHandler@5fa23c{/logs,file:///workdir/hadoop-ozone/integration-test/target/log,AVAILABLE}
2019-10-17 01:08:36,783 [main] INFO  handler.ContextHandler (ContextHandler.java:doStart(781)) - Started o.e.j.s.ServletContextHandler@433348bc{/static,jar:file:/home/user/.m2/repository/org/apache/hadoop/hadoop-hdds-container-service/0.5.0-SNAPSHOT/hadoop-hdds-container-service-0.5.0-SNAPSHOT.jar!/webapps/static,AVAILABLE}
2019-10-17 01:08:36,784 [Datanode State Machine Thread - 0] INFO  datanode.InitDatanodeState (InitDatanodeState.java:persistContainerDatanodeDetails(140)) - DatanodeDetails is persisted to /workdir/hadoop-ozone/integration-test/target/test-dir/MiniOzoneClusterImpl-85f8a08e-f83a-42a3-ae7e-0eb0c728a558/datanode-0/meta/datanode.id
2019-10-17 01:08:36,788 [Datanode State Machine Thread - 0] INFO  datanode.InitDatanodeState (InitDatanodeState.java:persistContainerDatanodeDetails(140)) - DatanodeDetails is persisted to /workdir/hadoop-ozone/integration-test/target/test-dir/MiniOzoneClusterImpl-85f8a08e-f83a-42a3-ae7e-0eb0c728a558/datanode-1/meta/datanode.id
2019-10-17 01:08:36,817 [main] INFO  handler.ContextHandler (ContextHandler.java:doStart(781)) - Started o.e.j.w.WebAppContext@43e9089{/,file:///tmp/jetty-0.0.0.0-34319-hddsDatanode-_-any-8710890424555997997.dir/webapp/,AVAILABLE}{/hddsDatanode}
2019-10-17 01:08:36,817 [main] INFO  server.AbstractConnector (AbstractConnector.java:doStart(278)) - Started ServerConnector@3c5dbdf8{HTTP/1.1,[http/1.1]}{0.0.0.0:34319}
2019-10-17 01:08:36,819 [main] INFO  server.Server (Server.java:doStart(419)) - Started @5027ms
2019-10-17 01:08:36,819 [main] WARN  impl.MetricsSystemImpl (MetricsSystemImpl.java:register(276)) - Sink prometheus already exists!
2019-10-17 01:08:36,820 [main] INFO  server.BaseHttpServer (BaseHttpServer.java:updateConnectorAddress(215)) - HTTP server of HDDSDATANODE is listening at http://0.0.0.0:34319
2019-10-17 01:08:36,821 [main] INFO  ozone.MiniOzoneClusterImpl (MiniOzoneClusterImpl.java:lambda$waitForClusterToBeReady$2(172)) - Waiting for cluster to be ready. Got 0 of 3 DN Heartbeats.
2019-10-17 01:08:36,822 [org.apache.hadoop.util.JvmPauseMonitor$Monitor@12705cf0] INFO  util.JvmPauseMonitor (JvmPauseMonitor.java:run(188)) - Starting JVM pause monitor
2019-10-17 01:08:36,824 [Datanode State Machine Thread - 0] INFO  datanode.InitDatanodeState (InitDatanodeState.java:persistContainerDatanodeDetails(140)) - DatanodeDetails is persisted to /workdir/hadoop-ozone/integration-test/target/test-dir/MiniOzoneClusterImpl-85f8a08e-f83a-42a3-ae7e-0eb0c728a558/datanode-2/meta/datanode.id
2019-10-17 01:08:37,822 [main] INFO  ozone.MiniOzoneClusterImpl (MiniOzoneClusterImpl.java:lambda$waitForClusterToBeReady$2(172)) - Waiting for cluster to be ready. Got 0 of 3 DN Heartbeats.
2019-10-17 01:08:38,749 [Datanode State Machine Thread - 0] INFO  ozoneimpl.OzoneContainer (OzoneContainer.java:start(213)) - Attempting to start container services.
2019-10-17 01:08:38,753 [Datanode State Machine Thread - 0] INFO  ozoneimpl.OzoneContainer (OzoneContainer.java:startContainerScrub(177)) - Background container scanner has been disabled.
2019-10-17 01:08:38,753 [Datanode State Machine Thread - 0] INFO  ratis.XceiverServerRatis (XceiverServerRatis.java:start(424)) - Starting XceiverServerRatis a10aa3ca-3ab2-4d87-9bc7-0d045ec2b4ce at port 0
2019-10-17 01:08:38,777 [Datanode State Machine Thread - 0] INFO  impl.RaftServerProxy (RaftServerProxy.java:lambda$start$3(299)) - a10aa3ca-3ab2-4d87-9bc7-0d045ec2b4ce: start RPC server
2019-10-17 01:08:38,781 [Datanode State Machine Thread - 0] INFO  ozoneimpl.OzoneContainer (OzoneContainer.java:start(213)) - Attempting to start container services.
2019-10-17 01:08:38,787 [Datanode State Machine Thread - 0] INFO  ozoneimpl.OzoneContainer (OzoneContainer.java:startContainerScrub(177)) - Background container scanner has been disabled.
2019-10-17 01:08:38,787 [Datanode State Machine Thread - 0] INFO  ratis.XceiverServerRatis (XceiverServerRatis.java:start(424)) - Starting XceiverServerRatis ee6ff355-4f2c-4ff1-aa68-7ca64f6b5439 at port 0
2019-10-17 01:08:38,801 [Datanode State Machine Thread - 0] INFO  impl.RaftServerProxy (RaftServerProxy.java:lambda$start$3(299)) - ee6ff355-4f2c-4ff1-aa68-7ca64f6b5439: start RPC server
2019-10-17 01:08:38,822 [main] INFO  ozone.MiniOzoneClusterImpl (MiniOzoneClusterImpl.java:lambda$waitForClusterToBeReady$2(172)) - Waiting for cluster to be ready. Got 0 of 3 DN Heartbeats.
2019-10-17 01:08:38,834 [Datanode State Machine Thread - 0] INFO  ozoneimpl.OzoneContainer (OzoneContainer.java:start(213)) - Attempting to start container services.
2019-10-17 01:08:38,835 [Datanode State Machine Thread - 0] INFO  ozoneimpl.OzoneContainer (OzoneContainer.java:startContainerScrub(177)) - Background container scanner has been disabled.
2019-10-17 01:08:38,836 [Datanode State Machine Thread - 0] INFO  ratis.XceiverServerRatis (XceiverServerRatis.java:start(424)) - Starting XceiverServerRatis e3697062-c193-48d1-b15e-d6b6b4dc6638 at port 0
2019-10-17 01:08:38,845 [Datanode State Machine Thread - 0] INFO  impl.RaftServerProxy (RaftServerProxy.java:lambda$start$3(299)) - e3697062-c193-48d1-b15e-d6b6b4dc6638: start RPC server
2019-10-17 01:08:38,931 [Datanode State Machine Thread - 0] INFO  server.GrpcService (GrpcService.java:startImpl(158)) - e3697062-c193-48d1-b15e-d6b6b4dc6638: GrpcService started, listening on 0.0.0.0/0.0.0.0:40986
2019-10-17 01:08:38,931 [Datanode State Machine Thread - 0] INFO  server.GrpcService (GrpcService.java:startImpl(158)) - ee6ff355-4f2c-4ff1-aa68-7ca64f6b5439: GrpcService started, listening on 0.0.0.0/0.0.0.0:37608
2019-10-17 01:08:38,931 [Datanode State Machine Thread - 0] INFO  server.GrpcService (GrpcService.java:startImpl(158)) - a10aa3ca-3ab2-4d87-9bc7-0d045ec2b4ce: GrpcService started, listening on 0.0.0.0/0.0.0.0:36577
2019-10-17 01:08:38,931 [Datanode State Machine Thread - 0] INFO  ratis.XceiverServerRatis (XceiverServerRatis.java:start(434)) - XceiverServerRatis ee6ff355-4f2c-4ff1-aa68-7ca64f6b5439 is started using port 37608
2019-10-17 01:08:38,931 [Datanode State Machine Thread - 0] INFO  ratis.XceiverServerRatis (XceiverServerRatis.java:start(434)) - XceiverServerRatis e3697062-c193-48d1-b15e-d6b6b4dc6638 is started using port 40986
2019-10-17 01:08:38,932 [Datanode State Machine Thread - 0] INFO  ratis.XceiverServerRatis (XceiverServerRatis.java:start(434)) - XceiverServerRatis a10aa3ca-3ab2-4d87-9bc7-0d045ec2b4ce is started using port 36577
2019-10-17 01:08:38,936 [Datanode State Machine Thread - 0] INFO  server.XceiverServerGrpc (XceiverServerGrpc.java:start(149)) - XceiverServerGrpc e3697062-c193-48d1-b15e-d6b6b4dc6638 is started using port 42636
2019-10-17 01:08:38,936 [Datanode State Machine Thread - 0] INFO  server.XceiverServerGrpc (XceiverServerGrpc.java:start(149)) - XceiverServerGrpc ee6ff355-4f2c-4ff1-aa68-7ca64f6b5439 is started using port 39865
2019-10-17 01:08:38,936 [Datanode State Machine Thread - 0] INFO  server.XceiverServerGrpc (XceiverServerGrpc.java:start(149)) - XceiverServerGrpc a10aa3ca-3ab2-4d87-9bc7-0d045ec2b4ce is started using port 39836
2019-10-17 01:08:39,823 [main] INFO  ozone.MiniOzoneClusterImpl (MiniOzoneClusterImpl.java:lambda$waitForClusterToBeReady$2(172)) - Waiting for cluster to be ready. Got 0 of 3 DN Heartbeats.
2019-10-17 01:08:40,709 [IPC Server handler 0 on 45777] INFO  net.NetworkTopology (NetworkTopologyImpl.java:add(111)) - Added a new node: /default-rack/a10aa3ca-3ab2-4d87-9bc7-0d045ec2b4ce
2019-10-17 01:08:40,710 [IPC Server handler 0 on 45777] INFO  node.SCMNodeManager (SCMNodeManager.java:register(268)) - Registered Data node : a10aa3ca-3ab2-4d87-9bc7-0d045ec2b4ce{ip: 192.168.157.194, host: pr-hdds-1868-g97gg-2149769003, networkLocation: /default-rack, certSerialId: null}
2019-10-17 01:08:40,713 [EventQueue-NodeRegistrationContainerReportForDataNodeSafeModeRule] INFO  safemode.SCMSafeModeManager (DataNodeSafeModeRule.java:process(71)) - SCM in safe mode. 1 DataNodes registered, 1 required.
2019-10-17 01:08:40,713 [EventQueue-NodeRegistrationContainerReportForDataNodeSafeModeRule] INFO  safemode.SCMSafeModeManager (SCMSafeModeManager.java:validateSafeModeExitRules(177)) - ScmSafeModeManager, all rules are successfully validated
2019-10-17 01:08:40,714 [EventQueue-NodeRegistrationContainerReportForDataNodeSafeModeRule] INFO  safemode.SCMSafeModeManager (SCMSafeModeManager.java:exitSafeMode(193)) - SCM exiting safe mode.
2019-10-17 01:08:40,754 [IPC Server handler 1 on 45777] INFO  net.NetworkTopology (NetworkTopologyImpl.java:add(111)) - Added a new node: /default-rack/ee6ff355-4f2c-4ff1-aa68-7ca64f6b5439
2019-10-17 01:08:40,755 [IPC Server handler 1 on 45777] INFO  node.SCMNodeManager (SCMNodeManager.java:register(268)) - Registered Data node : ee6ff355-4f2c-4ff1-aa68-7ca64f6b5439{ip: 192.168.157.194, host: pr-hdds-1868-g97gg-2149769003, networkLocation: /default-rack, certSerialId: null}
2019-10-17 01:08:40,825 [IPC Server handler 3 on 45777] INFO  net.NetworkTopology (NetworkTopologyImpl.java:add(111)) - Added a new node: /default-rack/e3697062-c193-48d1-b15e-d6b6b4dc6638
2019-10-17 01:08:40,826 [IPC Server handler 3 on 45777] INFO  node.SCMNodeManager (SCMNodeManager.java:register(268)) - Registered Data node : e3697062-c193-48d1-b15e-d6b6b4dc6638{ip: 192.168.157.194, host: pr-hdds-1868-g97gg-2149769003, networkLocation: /default-rack, certSerialId: null}
2019-10-17 01:08:41,161 [grpc-default-executor-0] INFO  impl.RaftServerProxy (RaftServerProxy.java:addNew(89)) - a10aa3ca-3ab2-4d87-9bc7-0d045ec2b4ce: addNew group-05D1E13AFC45:[a10aa3ca-3ab2-4d87-9bc7-0d045ec2b4ce:192.168.157.194:36577] returns group-05D1E13AFC45:java.util.concurrent.CompletableFuture@15d42361[Not completed]
2019-10-17 01:08:41,176 [pool-27-thread-1] INFO  impl.RaftServerImpl (RaftServerImpl.java:<init>(104)) - a10aa3ca-3ab2-4d87-9bc7-0d045ec2b4ce: new RaftServerImpl for group-05D1E13AFC45:[a10aa3ca-3ab2-4d87-9bc7-0d045ec2b4ce:192.168.157.194:36577] with ContainerStateMachine:uninitialized
2019-10-17 01:08:41,178 [pool-27-thread-1] INFO  server.RaftServerConfigKeys (ConfUtils.java:logGet(43)) - raft.server.rpc.timeout.min = 5s (custom)
2019-10-17 01:08:41,179 [pool-27-thread-1] INFO  server.RaftServerConfigKeys (ConfUtils.java:logGet(43)) - raft.server.rpc.timeout.max = 5200ms (custom)
2019-10-17 01:08:41,179 [pool-27-thread-1] INFO  server.RaftServerConfigKeys (ConfUtils.java:logGet(43)) - raft.server.rpcslowness.timeout = 1000s (custom)
2019-10-17 01:08:41,180 [pool-27-thread-1] INFO  server.RaftServerConfigKeys (ConfUtils.java:logGet(43)) - raft.server.sleep.deviation.threshold = 300 (default)
2019-10-17 01:08:41,181 [pool-27-thread-1] INFO  server.RaftServerConfigKeys (ConfUtils.java:logGet(43)) - raft.server.log.appender.install.snapshot.enabled = false (custom)
2019-10-17 01:08:41,190 [pool-27-thread-1] INFO  impl.RaftServerImpl (ServerState.java:<init>(103)) - a10aa3ca-3ab2-4d87-9bc7-0d045ec2b4ce@group-05D1E13AFC45: ConfigurationManager, init=-1: [a10aa3ca-3ab2-4d87-9bc7-0d045ec2b4ce:192.168.157.194:36577], old=null, confs=<EMPTY_MAP>
2019-10-17 01:08:41,190 [pool-27-thread-1] INFO  server.RaftServerConfigKeys (ConfUtils.java:logGet(43)) - raft.server.storage.dir = [/workdir/hadoop-ozone/integration-test/target/test-dir/MiniOzoneClusterImpl-85f8a08e-f83a-42a3-ae7e-0eb0c728a558/datanode-0/data/ratis] (custom)
2019-10-17 01:08:41,197 [pool-27-thread-1] INFO  server.RaftServerConfigKeys (ConfUtils.java:logGet(43)) - raft.server.log.corruption.policy = EXCEPTION (default)
2019-10-17 01:08:41,199 [pool-27-thread-1] INFO  storage.RaftStorageDirectory (RaftStorageDirectory.java:analyzeStorage(246)) - The storage directory /workdir/hadoop-ozone/integration-test/target/test-dir/MiniOzoneClusterImpl-85f8a08e-f83a-42a3-ae7e-0eb0c728a558/datanode-0/data/ratis/db7df585-acad-4452-9357-05d1e13afc45 does not exist. Creating ...
2019-10-17 01:08:41,216 [pool-27-thread-1] INFO  storage.RaftStorageDirectory (RaftStorageDirectory.java:tryLock(328)) - Lock on /workdir/hadoop-ozone/integration-test/target/test-dir/MiniOzoneClusterImpl-85f8a08e-f83a-42a3-ae7e-0eb0c728a558/datanode-0/data/ratis/db7df585-acad-4452-9357-05d1e13afc45/in_use.lock acquired by nodename 10307@pr-hdds-1868-g97gg-2149769003
2019-10-17 01:08:41,232 [pool-27-thread-1] INFO  storage.RaftStorage (RaftStorage.java:format(84)) - Storage directory /workdir/hadoop-ozone/integration-test/target/test-dir/MiniOzoneClusterImpl-85f8a08e-f83a-42a3-ae7e-0eb0c728a558/datanode-0/data/ratis/db7df585-acad-4452-9357-05d1e13afc45 has been successfully formatted.
2019-10-17 01:08:41,235 [pool-27-thread-1] INFO  ratis.ContainerStateMachine (ContainerStateMachine.java:loadSnapshot(233)) - group-05D1E13AFC45: The snapshot info is null. Setting the last applied indexto:(t:0, i:~)
2019-10-17 01:08:41,235 [pool-27-thread-1] INFO  server.RaftServerConfigKeys (ConfUtils.java:logGet(43)) - raft.server.notification.no-leader.timeout = 1000s (custom)
2019-10-17 01:08:41,238 [pool-27-thread-1] INFO  server.RaftServerConfigKeys (ConfUtils.java:logGet(43)) - raft.server.log.use.memory = false (default)
2019-10-17 01:08:41,245 [pool-27-thread-1] INFO  server.RaftServerConfigKeys (ConfUtils.java:logGet(43)) - raft.server.log.purge.gap = 1000000 (custom)
2019-10-17 01:08:41,246 [pool-27-thread-1] INFO  server.RaftServerConfigKeys (ConfUtils.java:logGet(43)) - raft.server.log.appender.buffer.byte-limit = 33554432 (custom)
2019-10-17 01:08:41,249 [pool-27-thread-1] INFO  server.RaftServerConfigKeys (ConfUtils.java:logGet(43)) - raft.server.log.segment.size.max = 1048576 (custom)
2019-10-17 01:08:41,251 [pool-27-thread-1] INFO  impl.MetricsSystemImpl (MetricsSystemImpl.java:init(158)) - ratis metrics system started (again)
2019-10-17 01:08:41,255 [pool-27-thread-1] INFO  metrics.MetricRegistries (MetricRegistriesLoader.java:load(64)) - Loaded MetricRegistries class org.apache.ratis.metrics.impl.MetricRegistriesImpl
2019-10-17 01:08:41,298 [pool-27-thread-1] INFO  server.RaftServerConfigKeys (ConfUtils.java:logGet(43)) - raft.server.log.segment.cache.num.max = 2 (custom)
2019-10-17 01:08:41,304 [pool-27-thread-1] INFO  segmented.SegmentedRaftLogWorker (SegmentedRaftLogWorker.java:<init>(173)) - new a10aa3ca-3ab2-4d87-9bc7-0d045ec2b4ce@group-05D1E13AFC45-SegmentedRaftLogWorker for RaftStorage:Storage Directory /workdir/hadoop-ozone/integration-test/target/test-dir/MiniOzoneClusterImpl-85f8a08e-f83a-42a3-ae7e-0eb0c728a558/datanode-0/data/ratis/db7df585-acad-4452-9357-05d1e13afc45
2019-10-17 01:08:41,304 [pool-27-thread-1] INFO  server.RaftServerConfigKeys (ConfUtils.java:logGet(43)) - raft.server.log.queue.byte-limit = 2147483647 (custom)
2019-10-17 01:08:41,305 [pool-27-thread-1] INFO  server.RaftServerConfigKeys (ConfUtils.java:logGet(43)) - raft.server.log.queue.element-limit = 1024 (custom)
2019-10-17 01:08:41,306 [pool-27-thread-1] INFO  server.RaftServerConfigKeys (ConfUtils.java:logGet(43)) - raft.server.log.segment.size.max = 1048576 (custom)
2019-10-17 01:08:41,307 [pool-27-thread-1] INFO  server.RaftServerConfigKeys (ConfUtils.java:logGet(43)) - raft.server.log.preallocated.size = 16384 (custom)
2019-10-17 01:08:41,307 [pool-27-thread-1] INFO  server.RaftServerConfigKeys (ConfUtils.java:logGet(43)) - raft.server.log.write.buffer.size = 33554432 (custom)
2019-10-17 01:08:41,308 [pool-27-thread-1] INFO  server.RaftServerConfigKeys (ConfUtils.java:logGet(43)) - raft.server.log.force.sync.num = 128 (default)
2019-10-17 01:08:41,309 [pool-27-thread-1] INFO  server.RaftServerConfigKeys (ConfUtils.java:logGet(43)) - raft.server.log.statemachine.data.sync = true (default)
2019-10-17 01:08:41,309 [pool-27-thread-1] INFO  server.RaftServerConfigKeys (ConfUtils.java:logGet(43)) - raft.server.log.statemachine.data.sync.timeout = 10s (default)
2019-10-17 01:08:41,309 [pool-27-thread-1] INFO  server.RaftServerConfigKeys (ConfUtils.java:logGet(43)) - raft.server.log.statemachine.data.sync.timeout.retry = -1 (default)
2019-10-17 01:08:41,320 [pool-27-thread-1] INFO  server.RaftServerConfigKeys (ConfUtils.java:logGet(43)) - raft.server.log.statemachine.data.caching.enabled = true (custom)
2019-10-17 01:08:41,325 [pool-27-thread-1] INFO  segmented.SegmentedRaftLogWorker (SegmentedRaftLogWorker.java:lambda$new$0(128)) - a10aa3ca-3ab2-4d87-9bc7-0d045ec2b4ce@group-05D1E13AFC45-SegmentedRaftLogWorker: flushIndex: setUnconditionally 0 -> -1
2019-10-17 01:08:41,329 [pool-27-thread-1] INFO  server.RaftServerConfigKeys (ConfUtils.java:logGet(43)) - raft.server.snapshot.auto.trigger.enabled = true (custom)
2019-10-17 01:08:41,329 [pool-27-thread-1] INFO  server.RaftServerConfigKeys (ConfUtils.java:logGet(43)) - raft.server.snapshot.auto.trigger.threshold = 10000 (custom)
2019-10-17 01:08:41,330 [pool-27-thread-1] INFO  server.RaftServerConfigKeys (ConfUtils.java:logGet(43)) - raft.server.snapshot.retention.file.num = 5 (custom)
2019-10-17 01:08:41,330 [pool-27-thread-1] INFO  server.RaftServerConfigKeys (ConfUtils.java:logGet(43)) - raft.server.retrycache.expirytime = 600000ms (custom)
2019-10-17 01:08:41,357 [pool-27-thread-1] INFO  impl.RaftServerImpl (RaftServerImpl.java:start(195)) - a10aa3ca-3ab2-4d87-9bc7-0d045ec2b4ce@group-05D1E13AFC45: start as a follower, conf=-1: [a10aa3ca-3ab2-4d87-9bc7-0d045ec2b4ce:192.168.157.194:36577], old=null
2019-10-17 01:08:41,358 [pool-27-thread-1] INFO  impl.RaftServerImpl (RaftServerImpl.java:setRole(184)) - a10aa3ca-3ab2-4d87-9bc7-0d045ec2b4ce@group-05D1E13AFC45: changes role from      null to FOLLOWER at term 0 for startAsFollower
2019-10-17 01:08:41,360 [pool-27-thread-1] INFO  impl.RoleInfo (RoleInfo.java:updateAndGet(143)) - a10aa3ca-3ab2-4d87-9bc7-0d045ec2b4ce: start FollowerState
2019-10-17 01:08:41,361 [pool-27-thread-1] INFO  util.JmxRegister (JmxRegister.java:tryRegister(44)) - Successfully registered JMX Bean with object name Ratis:service=RaftServer,group=group-05D1E13AFC45,id=a10aa3ca-3ab2-4d87-9bc7-0d045ec2b4ce
2019-10-17 01:08:41,398 [Thread-186] INFO  impl.FollowerState (FollowerState.java:run(108)) - a10aa3ca-3ab2-4d87-9bc7-0d045ec2b4ce@group-05D1E13AFC45-FollowerState: change to CANDIDATE, lastRpcTime:38ms, electionTimeout:37ms
2019-10-17 01:08:41,401 [Thread-186] INFO  impl.RoleInfo (RoleInfo.java:shutdownFollowerState(121)) - a10aa3ca-3ab2-4d87-9bc7-0d045ec2b4ce: shutdown FollowerState
2019-10-17 01:08:41,402 [Thread-186] INFO  impl.RaftServerImpl (RaftServerImpl.java:setRole(184)) - a10aa3ca-3ab2-4d87-9bc7-0d045ec2b4ce@group-05D1E13AFC45: changes role from  FOLLOWER to CANDIDATE at term 0 for changeToCandidate
2019-10-17 01:08:41,407 [Thread-186] INFO  impl.RoleInfo (RoleInfo.java:updateAndGet(143)) - a10aa3ca-3ab2-4d87-9bc7-0d045ec2b4ce: start LeaderElection
2019-10-17 01:08:41,422 [a10aa3ca-3ab2-4d87-9bc7-0d045ec2b4ce@group-05D1E13AFC45-LeaderElection1] INFO  impl.LeaderElection (LeaderElection.java:askForVotes(178)) - a10aa3ca-3ab2-4d87-9bc7-0d045ec2b4ce@group-05D1E13AFC45-LeaderElection1: begin an election at term 1 for -1: [a10aa3ca-3ab2-4d87-9bc7-0d045ec2b4ce:192.168.157.194:36577], old=null
2019-10-17 01:08:41,423 [a10aa3ca-3ab2-4d87-9bc7-0d045ec2b4ce@group-05D1E13AFC45-LeaderElection1] INFO  impl.RoleInfo (RoleInfo.java:shutdownLeaderElection(134)) - a10aa3ca-3ab2-4d87-9bc7-0d045ec2b4ce: shutdown LeaderElection
2019-10-17 01:08:41,424 [a10aa3ca-3ab2-4d87-9bc7-0d045ec2b4ce@group-05D1E13AFC45-LeaderElection1] INFO  impl.RaftServerImpl (RaftServerImpl.java:setRole(184)) - a10aa3ca-3ab2-4d87-9bc7-0d045ec2b4ce@group-05D1E13AFC45: changes role from CANDIDATE to LEADER at term 1 for changeToLeader
2019-10-17 01:08:41,424 [a10aa3ca-3ab2-4d87-9bc7-0d045ec2b4ce@group-05D1E13AFC45-LeaderElection1] INFO  ratis.XceiverServerRatis (XceiverServerRatis.java:handleLeaderChangedNotification(699)) - Leader change notification received for group: group-05D1E13AFC45 with new leaderId: a10aa3ca-3ab2-4d87-9bc7-0d045ec2b4ce
2019-10-17 01:08:41,427 [a10aa3ca-3ab2-4d87-9bc7-0d045ec2b4ce@group-05D1E13AFC45-LeaderElection1] INFO  impl.RaftServerImpl (ServerState.java:setLeader(256)) - a10aa3ca-3ab2-4d87-9bc7-0d045ec2b4ce@group-05D1E13AFC45: change Leader from null to a10aa3ca-3ab2-4d87-9bc7-0d045ec2b4ce at term 1 for becomeLeader, leader elected after 188ms
2019-10-17 01:08:41,433 [a10aa3ca-3ab2-4d87-9bc7-0d045ec2b4ce@group-05D1E13AFC45-LeaderElection1] INFO  server.RaftServerConfigKeys (ConfUtils.java:logGet(43)) - raft.server.staging.catchup.gap = 1000 (default)
2019-10-17 01:08:41,433 [a10aa3ca-3ab2-4d87-9bc7-0d045ec2b4ce@group-05D1E13AFC45-LeaderElection1] INFO  server.RaftServerConfigKeys (ConfUtils.java:logGet(43)) - raft.server.rpc.sleep.time = 25ms (default)
2019-10-17 01:08:41,436 [RatisPipelineUtilsThread] INFO  pipeline.PipelineStateManager (PipelineStateManager.java:addPipeline(55)) - Created pipeline Pipeline[ Id: db7df585-acad-4452-9357-05d1e13afc45, Nodes: a10aa3ca-3ab2-4d87-9bc7-0d045ec2b4ce{ip: 192.168.157.194, host: pr-hdds-1868-g97gg-2149769003, networkLocation: /default-rack, certSerialId: null}, Type:RATIS, Factor:ONE, State:ALLOCATED]
2019-10-17 01:08:41,437 [a10aa3ca-3ab2-4d87-9bc7-0d045ec2b4ce@group-05D1E13AFC45-LeaderElection1] INFO  server.RaftServerConfigKeys (ConfUtils.java:logGet(43)) - raft.server.write.element-limit = 4096 (default)
2019-10-17 01:08:41,438 [main] INFO  ozone.MiniOzoneClusterImpl (MiniOzoneClusterImpl.java:lambda$waitForClusterToBeReady$2(164)) - Waiting for 1 number of pipelines out of 1, to report a leader.
2019-10-17 01:08:41,440 [a10aa3ca-3ab2-4d87-9bc7-0d045ec2b4ce@group-05D1E13AFC45-LeaderElection1] INFO  server.RaftServerConfigKeys (ConfUtils.java:logGet(43)) - raft.server.watch.timeout = 10s (default)
2019-10-17 01:08:41,441 [a10aa3ca-3ab2-4d87-9bc7-0d045ec2b4ce@group-05D1E13AFC45-LeaderElection1] INFO  server.RaftServerConfigKeys (ConfUtils.java:logGet(43)) - raft.server.watch.timeout.denomination = 1s (default)
2019-10-17 01:08:41,443 [a10aa3ca-3ab2-4d87-9bc7-0d045ec2b4ce@group-05D1E13AFC45-LeaderElection1] INFO  server.RaftServerConfigKeys (ConfUtils.java:logGet(43)) - raft.server.watch.element-limit = 65536 (default)
2019-10-17 01:08:41,472 [grpc-default-executor-0] INFO  impl.RaftServerProxy (RaftServerProxy.java:addNew(89)) - e3697062-c193-48d1-b15e-d6b6b4dc6638: addNew group-BD91BB838C34:[e3697062-c193-48d1-b15e-d6b6b4dc6638:192.168.157.194:40986] returns group-BD91BB838C34:java.util.concurrent.CompletableFuture@20baa43b[Not completed]
2019-10-17 01:08:41,475 [pool-47-thread-1] INFO  impl.RaftServerImpl (RaftServerImpl.java:<init>(104)) - e3697062-c193-48d1-b15e-d6b6b4dc6638: new RaftServerImpl for group-BD91BB838C34:[e3697062-c193-48d1-b15e-d6b6b4dc6638:192.168.157.194:40986] with ContainerStateMachine:uninitialized
2019-10-17 01:08:41,476 [pool-47-thread-1] INFO  server.RaftServerConfigKeys (ConfUtils.java:logGet(43)) - raft.server.rpc.timeout.min = 5s (custom)
2019-10-17 01:08:41,476 [pool-47-thread-1] INFO  server.RaftServerConfigKeys (ConfUtils.java:logGet(43)) - raft.server.rpc.timeout.max = 5200ms (custom)
2019-10-17 01:08:41,477 [pool-47-thread-1] INFO  server.RaftServerConfigKeys (ConfUtils.java:logGet(43)) - raft.server.rpcslowness.timeout = 1000s (custom)
2019-10-17 01:08:41,477 [pool-47-thread-1] INFO  server.RaftServerConfigKeys (ConfUtils.java:logGet(43)) - raft.server.sleep.deviation.threshold = 300 (default)
2019-10-17 01:08:41,477 [pool-47-thread-1] INFO  server.RaftServerConfigKeys (ConfUtils.java:logGet(43)) - raft.server.log.appender.install.snapshot.enabled = false (custom)
2019-10-17 01:08:41,477 [pool-47-thread-1] INFO  impl.RaftServerImpl (ServerState.java:<init>(103)) - e3697062-c193-48d1-b15e-d6b6b4dc6638@group-BD91BB838C34: ConfigurationManager, init=-1: [e3697062-c193-48d1-b15e-d6b6b4dc6638:192.168.157.194:40986], old=null, confs=<EMPTY_MAP>
2019-10-17 01:08:41,478 [pool-47-thread-1] INFO  server.RaftServerConfigKeys (ConfUtils.java:logGet(43)) - raft.server.storage.dir = [/workdir/hadoop-ozone/integration-test/target/test-dir/MiniOzoneClusterImpl-85f8a08e-f83a-42a3-ae7e-0eb0c728a558/datanode-2/data/ratis] (custom)
2019-10-17 01:08:41,478 [pool-47-thread-1] INFO  server.RaftServerConfigKeys (ConfUtils.java:logGet(43)) - raft.server.log.corruption.policy = EXCEPTION (default)
2019-10-17 01:08:41,478 [pool-47-thread-1] INFO  storage.RaftStorageDirectory (RaftStorageDirectory.java:analyzeStorage(246)) - The storage directory /workdir/hadoop-ozone/integration-test/target/test-dir/MiniOzoneClusterImpl-85f8a08e-f83a-42a3-ae7e-0eb0c728a558/datanode-2/data/ratis/aa42e3d4-f09d-49ae-b475-bd91bb838c34 does not exist. Creating ...
2019-10-17 01:08:41,486 [a10aa3ca-3ab2-4d87-9bc7-0d045ec2b4ce@group-05D1E13AFC45-LeaderElection1] INFO  impl.RoleInfo (RoleInfo.java:updateAndGet(143)) - a10aa3ca-3ab2-4d87-9bc7-0d045ec2b4ce: start LeaderState
2019-10-17 01:08:41,493 [pool-47-thread-1] INFO  storage.RaftStorageDirectory (RaftStorageDirectory.java:tryLock(328)) - Lock on /workdir/hadoop-ozone/integration-test/target/test-dir/MiniOzoneClusterImpl-85f8a08e-f83a-42a3-ae7e-0eb0c728a558/datanode-2/data/ratis/aa42e3d4-f09d-49ae-b475-bd91bb838c34/in_use.lock acquired by nodename 10307@pr-hdds-1868-g97gg-2149769003
2019-10-17 01:08:41,506 [pool-47-thread-1] INFO  storage.RaftStorage (RaftStorage.java:format(84)) - Storage directory /workdir/hadoop-ozone/integration-test/target/test-dir/MiniOzoneClusterImpl-85f8a08e-f83a-42a3-ae7e-0eb0c728a558/datanode-2/data/ratis/aa42e3d4-f09d-49ae-b475-bd91bb838c34 has been successfully formatted.
2019-10-17 01:08:41,507 [pool-47-thread-1] INFO  ratis.ContainerStateMachine (ContainerStateMachine.java:loadSnapshot(233)) - group-BD91BB838C34: The snapshot info is null. Setting the last applied indexto:(t:0, i:~)
2019-10-17 01:08:41,507 [pool-47-thread-1] INFO  server.RaftServerConfigKeys (ConfUtils.java:logGet(43)) - raft.server.notification.no-leader.timeout = 1000s (custom)
2019-10-17 01:08:41,507 [pool-47-thread-1] INFO  server.RaftServerConfigKeys (ConfUtils.java:logGet(43)) - raft.server.log.use.memory = false (default)
2019-10-17 01:08:41,508 [pool-47-thread-1] INFO  server.RaftServerConfigKeys (ConfUtils.java:logGet(43)) - raft.server.log.purge.gap = 1000000 (custom)
2019-10-17 01:08:41,508 [pool-47-thread-1] INFO  server.RaftServerConfigKeys (ConfUtils.java:logGet(43)) - raft.server.log.appender.buffer.byte-limit = 33554432 (custom)
2019-10-17 01:08:41,508 [pool-47-thread-1] INFO  server.RaftServerConfigKeys (ConfUtils.java:logGet(43)) - raft.server.log.segment.size.max = 1048576 (custom)
2019-10-17 01:08:41,508 [a10aa3ca-3ab2-4d87-9bc7-0d045ec2b4ce@group-05D1E13AFC45-LeaderElection1] INFO  segmented.SegmentedRaftLogWorker (SegmentedRaftLogWorker.java:startLogSegment(385)) - a10aa3ca-3ab2-4d87-9bc7-0d045ec2b4ce@group-05D1E13AFC45-SegmentedRaftLogWorker: Starting segment from index:0
2019-10-17 01:08:41,524 [pool-47-thread-1] INFO  server.RaftServerConfigKeys (ConfUtils.java:logGet(43)) - raft.server.log.segment.cache.num.max = 2 (custom)
2019-10-17 01:08:41,525 [pool-47-thread-1] INFO  segmented.SegmentedRaftLogWorker (SegmentedRaftLogWorker.java:<init>(173)) - new e3697062-c193-48d1-b15e-d6b6b4dc6638@group-BD91BB838C34-SegmentedRaftLogWorker for RaftStorage:Storage Directory /workdir/hadoop-ozone/integration-test/target/test-dir/MiniOzoneClusterImpl-85f8a08e-f83a-42a3-ae7e-0eb0c728a558/datanode-2/data/ratis/aa42e3d4-f09d-49ae-b475-bd91bb838c34
2019-10-17 01:08:41,525 [pool-47-thread-1] INFO  server.RaftServerConfigKeys (ConfUtils.java:logGet(43)) - raft.server.log.queue.byte-limit = 2147483647 (custom)
2019-10-17 01:08:41,525 [pool-47-thread-1] INFO  server.RaftServerConfigKeys (ConfUtils.java:logGet(43)) - raft.server.log.queue.element-limit = 1024 (custom)
2019-10-17 01:08:41,525 [pool-47-thread-1] INFO  server.RaftServerConfigKeys (ConfUtils.java:logGet(43)) - raft.server.log.segment.size.max = 1048576 (custom)
2019-10-17 01:08:41,525 [pool-47-thread-1] INFO  server.RaftServerConfigKeys (ConfUtils.java:logGet(43)) - raft.server.log.preallocated.size = 16384 (custom)
2019-10-17 01:08:41,525 [pool-47-thread-1] INFO  server.RaftServerConfigKeys (ConfUtils.java:logGet(43)) - raft.server.log.write.buffer.size = 33554432 (custom)
2019-10-17 01:08:41,526 [pool-47-thread-1] INFO  server.RaftServerConfigKeys (ConfUtils.java:logGet(43)) - raft.server.log.force.sync.num = 128 (default)
2019-10-17 01:08:41,526 [pool-47-thread-1] INFO  server.RaftServerConfigKeys (ConfUtils.java:logGet(43)) - raft.server.log.statemachine.data.sync = true (default)
2019-10-17 01:08:41,526 [pool-47-thread-1] INFO  server.RaftServerConfigKeys (ConfUtils.java:logGet(43)) - raft.server.log.statemachine.data.sync.timeout = 10s (default)
2019-10-17 01:08:41,526 [pool-47-thread-1] INFO  server.RaftServerConfigKeys (ConfUtils.java:logGet(43)) - raft.server.log.statemachine.data.sync.timeout.retry = -1 (default)
2019-10-17 01:08:41,527 [pool-47-thread-1] INFO  server.RaftServerConfigKeys (ConfUtils.java:logGet(43)) - raft.server.log.statemachine.data.caching.enabled = true (custom)
2019-10-17 01:08:41,527 [pool-47-thread-1] INFO  segmented.SegmentedRaftLogWorker (SegmentedRaftLogWorker.java:lambda$new$0(128)) - e3697062-c193-48d1-b15e-d6b6b4dc6638@group-BD91BB838C34-SegmentedRaftLogWorker: flushIndex: setUnconditionally 0 -> -1
2019-10-17 01:08:41,527 [pool-47-thread-1] INFO  server.RaftServerConfigKeys (ConfUtils.java:logGet(43)) - raft.server.snapshot.auto.trigger.enabled = true (custom)
2019-10-17 01:08:41,527 [pool-47-thread-1] INFO  server.RaftServerConfigKeys (ConfUtils.java:logGet(43)) - raft.server.snapshot.auto.trigger.threshold = 10000 (custom)
2019-10-17 01:08:41,528 [pool-47-thread-1] INFO  server.RaftServerConfigKeys (ConfUtils.java:logGet(43)) - raft.server.snapshot.retention.file.num = 5 (custom)
2019-10-17 01:08:41,528 [pool-47-thread-1] INFO  server.RaftServerConfigKeys (ConfUtils.java:logGet(43)) - raft.server.retrycache.expirytime = 600000ms (custom)
2019-10-17 01:08:41,533 [a10aa3ca-3ab2-4d87-9bc7-0d045ec2b4ce@group-05D1E13AFC45-LeaderElection1] INFO  impl.RaftServerImpl (ServerState.java:setRaftConf(357)) - a10aa3ca-3ab2-4d87-9bc7-0d045ec2b4ce@group-05D1E13AFC45: set configuration 0: [a10aa3ca-3ab2-4d87-9bc7-0d045ec2b4ce:192.168.157.194:36577], old=null at 0
2019-10-17 01:08:41,541 [pool-47-thread-1] INFO  impl.RaftServerImpl (RaftServerImpl.java:start(195)) - e3697062-c193-48d1-b15e-d6b6b4dc6638@group-BD91BB838C34: start as a follower, conf=-1: [e3697062-c193-48d1-b15e-d6b6b4dc6638:192.168.157.194:40986], old=null
2019-10-17 01:08:41,541 [pool-47-thread-1] INFO  impl.RaftServerImpl (RaftServerImpl.java:setRole(184)) - e3697062-c193-48d1-b15e-d6b6b4dc6638@group-BD91BB838C34: changes role from      null to FOLLOWER at term 0 for startAsFollower
2019-10-17 01:08:41,541 [pool-47-thread-1] INFO  impl.RoleInfo (RoleInfo.java:updateAndGet(143)) - e3697062-c193-48d1-b15e-d6b6b4dc6638: start FollowerState
2019-10-17 01:08:41,542 [pool-47-thread-1] INFO  util.JmxRegister (JmxRegister.java:tryRegister(44)) - Successfully registered JMX Bean with object name Ratis:service=RaftServer,group=group-BD91BB838C34,id=e3697062-c193-48d1-b15e-d6b6b4dc6638
2019-10-17 01:08:41,557 [RatisPipelineUtilsThread] INFO  pipeline.PipelineStateManager (PipelineStateManager.java:addPipeline(55)) - Created pipeline Pipeline[ Id: aa42e3d4-f09d-49ae-b475-bd91bb838c34, Nodes: e3697062-c193-48d1-b15e-d6b6b4dc6638{ip: 192.168.157.194, host: pr-hdds-1868-g97gg-2149769003, networkLocation: /default-rack, certSerialId: null}, Type:RATIS, Factor:ONE, State:ALLOCATED]
2019-10-17 01:08:41,573 [grpc-default-executor-0] INFO  impl.RaftServerProxy (RaftServerProxy.java:addNew(89)) - ee6ff355-4f2c-4ff1-aa68-7ca64f6b5439: addNew group-2921AD756026:[ee6ff355-4f2c-4ff1-aa68-7ca64f6b5439:192.168.157.194:37608] returns group-2921AD756026:java.util.concurrent.CompletableFuture@3da9d20f[Not completed]
2019-10-17 01:08:41,579 [pool-37-thread-1] INFO  impl.RaftServerImpl (RaftServerImpl.java:<init>(104)) - ee6ff355-4f2c-4ff1-aa68-7ca64f6b5439: new RaftServerImpl for group-2921AD756026:[ee6ff355-4f2c-4ff1-aa68-7ca64f6b5439:192.168.157.194:37608] with ContainerStateMachine:uninitialized
2019-10-17 01:08:41,580 [pool-37-thread-1] INFO  server.RaftServerConfigKeys (ConfUtils.java:logGet(43)) - raft.server.rpc.timeout.min = 5s (custom)
2019-10-17 01:08:41,580 [pool-37-thread-1] INFO  server.RaftServerConfigKeys (ConfUtils.java:logGet(43)) - raft.server.rpc.timeout.max = 5200ms (custom)
2019-10-17 01:08:41,580 [pool-37-thread-1] INFO  server.RaftServerConfigKeys (ConfUtils.java:logGet(43)) - raft.server.rpcslowness.timeout = 1000s (custom)
2019-10-17 01:08:41,580 [pool-37-thread-1] INFO  server.RaftServerConfigKeys (ConfUtils.java:logGet(43)) - raft.server.sleep.deviation.threshold = 300 (default)
2019-10-17 01:08:41,580 [pool-37-thread-1] INFO  server.RaftServerConfigKeys (ConfUtils.java:logGet(43)) - raft.server.log.appender.install.snapshot.enabled = false (custom)
2019-10-17 01:08:41,580 [pool-37-thread-1] INFO  impl.RaftServerImpl (ServerState.java:<init>(103)) - ee6ff355-4f2c-4ff1-aa68-7ca64f6b5439@group-2921AD756026: ConfigurationManager, init=-1: [ee6ff355-4f2c-4ff1-aa68-7ca64f6b5439:192.168.157.194:37608], old=null, confs=<EMPTY_MAP>
2019-10-17 01:08:41,581 [pool-37-thread-1] INFO  server.RaftServerConfigKeys (ConfUtils.java:logGet(43)) - raft.server.storage.dir = [/workdir/hadoop-ozone/integration-test/target/test-dir/MiniOzoneClusterImpl-85f8a08e-f83a-42a3-ae7e-0eb0c728a558/datanode-1/data/ratis] (custom)
2019-10-17 01:08:41,581 [pool-37-thread-1] INFO  server.RaftServerConfigKeys (ConfUtils.java:logGet(43)) - raft.server.log.corruption.policy = EXCEPTION (default)
2019-10-17 01:08:41,581 [pool-37-thread-1] INFO  storage.RaftStorageDirectory (RaftStorageDirectory.java:analyzeStorage(246)) - The storage directory /workdir/hadoop-ozone/integration-test/target/test-dir/MiniOzoneClusterImpl-85f8a08e-f83a-42a3-ae7e-0eb0c728a558/datanode-1/data/ratis/85add53d-41c4-4b56-bb91-2921ad756026 does not exist. Creating ...
2019-10-17 01:08:41,585 [Thread-191] INFO  impl.FollowerState (FollowerState.java:run(108)) - e3697062-c193-48d1-b15e-d6b6b4dc6638@group-BD91BB838C34-FollowerState: change to CANDIDATE, lastRpcTime:43ms, electionTimeout:43ms
2019-10-17 01:08:41,585 [Thread-191] INFO  impl.RoleInfo (RoleInfo.java:shutdownFollowerState(121)) - e3697062-c193-48d1-b15e-d6b6b4dc6638: shutdown FollowerState
2019-10-17 01:08:41,586 [Thread-191] INFO  impl.RaftServerImpl (RaftServerImpl.java:setRole(184)) - e3697062-c193-48d1-b15e-d6b6b4dc6638@group-BD91BB838C34: changes role from  FOLLOWER to CANDIDATE at term 0 for changeToCandidate
2019-10-17 01:08:41,586 [Thread-191] INFO  impl.RoleInfo (RoleInfo.java:updateAndGet(143)) - e3697062-c193-48d1-b15e-d6b6b4dc6638: start LeaderElection
2019-10-17 01:08:41,595 [pool-37-thread-1] INFO  storage.RaftStorageDirectory (RaftStorageDirectory.java:tryLock(328)) - Lock on /workdir/hadoop-ozone/integration-test/target/test-dir/MiniOzoneClusterImpl-85f8a08e-f83a-42a3-ae7e-0eb0c728a558/datanode-1/data/ratis/85add53d-41c4-4b56-bb91-2921ad756026/in_use.lock acquired by nodename 10307@pr-hdds-1868-g97gg-2149769003
2019-10-17 01:08:41,595 [e3697062-c193-48d1-b15e-d6b6b4dc6638@group-BD91BB838C34-LeaderElection2] INFO  impl.LeaderElection (LeaderElection.java:askForVotes(178)) - e3697062-c193-48d1-b15e-d6b6b4dc6638@group-BD91BB838C34-LeaderElection2: begin an election at term 1 for -1: [e3697062-c193-48d1-b15e-d6b6b4dc6638:192.168.157.194:40986], old=null
2019-10-17 01:08:41,596 [e3697062-c193-48d1-b15e-d6b6b4dc6638@group-BD91BB838C34-LeaderElection2] INFO  impl.RoleInfo (RoleInfo.java:shutdownLeaderElection(134)) - e3697062-c193-48d1-b15e-d6b6b4dc6638: shutdown LeaderElection
2019-10-17 01:08:41,596 [e3697062-c193-48d1-b15e-d6b6b4dc6638@group-BD91BB838C34-LeaderElection2] INFO  impl.RaftServerImpl (RaftServerImpl.java:setRole(184)) - e3697062-c193-48d1-b15e-d6b6b4dc6638@group-BD91BB838C34: changes role from CANDIDATE to LEADER at term 1 for changeToLeader
2019-10-17 01:08:41,596 [e3697062-c193-48d1-b15e-d6b6b4dc6638@group-BD91BB838C34-LeaderElection2] INFO  ratis.XceiverServerRatis (XceiverServerRatis.java:handleLeaderChangedNotification(699)) - Leader change notification received for group: group-BD91BB838C34 with new leaderId: e3697062-c193-48d1-b15e-d6b6b4dc6638
2019-10-17 01:08:41,597 [e3697062-c193-48d1-b15e-d6b6b4dc6638@group-BD91BB838C34-LeaderElection2] INFO  impl.RaftServerImpl (ServerState.java:setLeader(256)) - e3697062-c193-48d1-b15e-d6b6b4dc6638@group-BD91BB838C34: change Leader from null to e3697062-c193-48d1-b15e-d6b6b4dc6638 at term 1 for becomeLeader, leader elected after 89ms
2019-10-17 01:08:41,597 [e3697062-c193-48d1-b15e-d6b6b4dc6638@group-BD91BB838C34-LeaderElection2] INFO  server.RaftServerConfigKeys (ConfUtils.java:logGet(43)) - raft.server.staging.catchup.gap = 1000 (default)
2019-10-17 01:08:41,597 [e3697062-c193-48d1-b15e-d6b6b4dc6638@group-BD91BB838C34-LeaderElection2] INFO  server.RaftServerConfigKeys (ConfUtils.java:logGet(43)) - raft.server.rpc.sleep.time = 25ms (default)
2019-10-17 01:08:41,597 [e3697062-c193-48d1-b15e-d6b6b4dc6638@group-BD91BB838C34-LeaderElection2] INFO  server.RaftServerConfigKeys (ConfUtils.java:logGet(43)) - raft.server.write.element-limit = 4096 (default)
2019-10-17 01:08:41,597 [e3697062-c193-48d1-b15e-d6b6b4dc6638@group-BD91BB838C34-LeaderElection2] INFO  server.RaftServerConfigKeys (ConfUtils.java:logGet(43)) - raft.server.watch.timeout = 10s (default)
2019-10-17 01:08:41,598 [e3697062-c193-48d1-b15e-d6b6b4dc6638@group-BD91BB838C34-LeaderElection2] INFO  server.RaftServerConfigKeys (ConfUtils.java:logGet(43)) - raft.server.watch.timeout.denomination = 1s (default)
2019-10-17 01:08:41,598 [e3697062-c193-48d1-b15e-d6b6b4dc6638@group-BD91BB838C34-LeaderElection2] INFO  server.RaftServerConfigKeys (ConfUtils.java:logGet(43)) - raft.server.watch.element-limit = 65536 (default)
2019-10-17 01:08:41,602 [e3697062-c193-48d1-b15e-d6b6b4dc6638@group-BD91BB838C34-LeaderElection2] INFO  impl.RoleInfo (RoleInfo.java:updateAndGet(143)) - e3697062-c193-48d1-b15e-d6b6b4dc6638: start LeaderState
2019-10-17 01:08:41,603 [e3697062-c193-48d1-b15e-d6b6b4dc6638@group-BD91BB838C34-LeaderElection2] INFO  segmented.SegmentedRaftLogWorker (SegmentedRaftLogWorker.java:startLogSegment(385)) - e3697062-c193-48d1-b15e-d6b6b4dc6638@group-BD91BB838C34-SegmentedRaftLogWorker: Starting segment from index:0
2019-10-17 01:08:41,603 [e3697062-c193-48d1-b15e-d6b6b4dc6638@group-BD91BB838C34-LeaderElection2] INFO  impl.RaftServerImpl (ServerState.java:setRaftConf(357)) - e3697062-c193-48d1-b15e-d6b6b4dc6638@group-BD91BB838C34: set configuration 0: [e3697062-c193-48d1-b15e-d6b6b4dc6638:192.168.157.194:40986], old=null at 0
2019-10-17 01:08:41,609 [pool-37-thread-1] INFO  storage.RaftStorage (RaftStorage.java:format(84)) - Storage directory /workdir/hadoop-ozone/integration-test/target/test-dir/MiniOzoneClusterImpl-85f8a08e-f83a-42a3-ae7e-0eb0c728a558/datanode-1/data/ratis/85add53d-41c4-4b56-bb91-2921ad756026 has been successfully formatted.
2019-10-17 01:08:41,609 [pool-37-thread-1] INFO  ratis.ContainerStateMachine (ContainerStateMachine.java:loadSnapshot(233)) - group-2921AD756026: The snapshot info is null. Setting the last applied indexto:(t:0, i:~)
2019-10-17 01:08:41,609 [pool-37-thread-1] INFO  server.RaftServerConfigKeys (ConfUtils.java:logGet(43)) - raft.server.notification.no-leader.timeout = 1000s (custom)
2019-10-17 01:08:41,609 [pool-37-thread-1] INFO  server.RaftServerConfigKeys (ConfUtils.java:logGet(43)) - raft.server.log.use.memory = false (default)
2019-10-17 01:08:41,609 [pool-37-thread-1] INFO  server.RaftServerConfigKeys (ConfUtils.java:logGet(43)) - raft.server.log.purge.gap = 1000000 (custom)
2019-10-17 01:08:41,609 [pool-37-thread-1] INFO  server.RaftServerConfigKeys (ConfUtils.java:logGet(43)) - raft.server.log.appender.buffer.byte-limit = 33554432 (custom)
2019-10-17 01:08:41,610 [pool-37-thread-1] INFO  server.RaftServerConfigKeys (ConfUtils.java:logGet(43)) - raft.server.log.segment.size.max = 1048576 (custom)
2019-10-17 01:08:41,613 [pool-37-thread-1] INFO  server.RaftServerConfigKeys (ConfUtils.java:logGet(43)) - raft.server.log.segment.cache.num.max = 2 (custom)
2019-10-17 01:08:41,613 [pool-37-thread-1] INFO  segmented.SegmentedRaftLogWorker (SegmentedRaftLogWorker.java:<init>(173)) - new ee6ff355-4f2c-4ff1-aa68-7ca64f6b5439@group-2921AD756026-SegmentedRaftLogWorker for RaftStorage:Storage Directory /workdir/hadoop-ozone/integration-test/target/test-dir/MiniOzoneClusterImpl-85f8a08e-f83a-42a3-ae7e-0eb0c728a558/datanode-1/data/ratis/85add53d-41c4-4b56-bb91-2921ad756026
2019-10-17 01:08:41,613 [pool-37-thread-1] INFO  server.RaftServerConfigKeys (ConfUtils.java:logGet(43)) - raft.server.log.queue.byte-limit = 2147483647 (custom)
2019-10-17 01:08:41,613 [pool-37-thread-1] INFO  server.RaftServerConfigKeys (ConfUtils.java:logGet(43)) - raft.server.log.queue.element-limit = 1024 (custom)
2019-10-17 01:08:41,614 [pool-37-thread-1] INFO  server.RaftServerConfigKeys (ConfUtils.java:logGet(43)) - raft.server.log.segment.size.max = 1048576 (custom)
2019-10-17 01:08:41,614 [pool-37-thread-1] INFO  server.RaftServerConfigKeys (ConfUtils.java:logGet(43)) - raft.server.log.preallocated.size = 16384 (custom)
2019-10-17 01:08:41,614 [pool-37-thread-1] INFO  server.RaftServerConfigKeys (ConfUtils.java:logGet(43)) - raft.server.log.write.buffer.size = 33554432 (custom)
2019-10-17 01:08:41,614 [pool-37-thread-1] INFO  server.RaftServerConfigKeys (ConfUtils.java:logGet(43)) - raft.server.log.force.sync.num = 128 (default)
2019-10-17 01:08:41,614 [pool-37-thread-1] INFO  server.RaftServerConfigKeys (ConfUtils.java:logGet(43)) - raft.server.log.statemachine.data.sync = true (default)
2019-10-17 01:08:41,614 [pool-37-thread-1] INFO  server.RaftServerConfigKeys (ConfUtils.java:logGet(43)) - raft.server.log.statemachine.data.sync.timeout = 10s (default)
2019-10-17 01:08:41,615 [pool-37-thread-1] INFO  server.RaftServerConfigKeys (ConfUtils.java:logGet(43)) - raft.server.log.statemachine.data.sync.timeout.retry = -1 (default)
2019-10-17 01:08:41,615 [pool-37-thread-1] INFO  server.RaftServerConfigKeys (ConfUtils.java:logGet(43)) - raft.server.log.statemachine.data.caching.enabled = true (custom)
2019-10-17 01:08:41,616 [pool-37-thread-1] INFO  segmented.SegmentedRaftLogWorker (SegmentedRaftLogWorker.java:lambda$new$0(128)) - ee6ff355-4f2c-4ff1-aa68-7ca64f6b5439@group-2921AD756026-SegmentedRaftLogWorker: flushIndex: setUnconditionally 0 -> -1
2019-10-17 01:08:41,616 [pool-37-thread-1] INFO  server.RaftServerConfigKeys (ConfUtils.java:logGet(43)) - raft.server.snapshot.auto.trigger.enabled = true (custom)
2019-10-17 01:08:41,616 [pool-37-thread-1] INFO  server.RaftServerConfigKeys (ConfUtils.java:logGet(43)) - raft.server.snapshot.auto.trigger.threshold = 10000 (custom)
2019-10-17 01:08:41,616 [pool-37-thread-1] INFO  server.RaftServerConfigKeys (ConfUtils.java:logGet(43)) - raft.server.snapshot.retention.file.num = 5 (custom)
2019-10-17 01:08:41,616 [pool-37-thread-1] INFO  server.RaftServerConfigKeys (ConfUtils.java:logGet(43)) - raft.server.retrycache.expirytime = 600000ms (custom)
2019-10-17 01:08:41,623 [pool-37-thread-1] INFO  impl.RaftServerImpl (RaftServerImpl.java:start(195)) - ee6ff355-4f2c-4ff1-aa68-7ca64f6b5439@group-2921AD756026: start as a follower, conf=-1: [ee6ff355-4f2c-4ff1-aa68-7ca64f6b5439:192.168.157.194:37608], old=null
2019-10-17 01:08:41,623 [pool-37-thread-1] INFO  impl.RaftServerImpl (RaftServerImpl.java:setRole(184)) - ee6ff355-4f2c-4ff1-aa68-7ca64f6b5439@group-2921AD756026: changes role from      null to FOLLOWER at term 0 for startAsFollower
2019-10-17 01:08:41,623 [pool-37-thread-1] INFO  impl.RoleInfo (RoleInfo.java:updateAndGet(143)) - ee6ff355-4f2c-4ff1-aa68-7ca64f6b5439: start FollowerState
2019-10-17 01:08:41,624 [pool-37-thread-1] INFO  util.JmxRegister (JmxRegister.java:tryRegister(44)) - Successfully registered JMX Bean with object name Ratis:service=RaftServer,group=group-2921AD756026,id=ee6ff355-4f2c-4ff1-aa68-7ca64f6b5439
2019-10-17 01:08:41,636 [RatisPipelineUtilsThread] INFO  pipeline.PipelineStateManager (PipelineStateManager.java:addPipeline(55)) - Created pipeline Pipeline[ Id: 85add53d-41c4-4b56-bb91-2921ad756026, Nodes: ee6ff355-4f2c-4ff1-aa68-7ca64f6b5439{ip: 192.168.157.194, host: pr-hdds-1868-g97gg-2149769003, networkLocation: /default-rack, certSerialId: null}, Type:RATIS, Factor:ONE, State:ALLOCATED]
2019-10-17 01:08:41,664 [grpc-default-executor-1] INFO  impl.RaftServerProxy (RaftServerProxy.java:addNew(89)) - ee6ff355-4f2c-4ff1-aa68-7ca64f6b5439: addNew group-BD7A3B63C209:[ee6ff355-4f2c-4ff1-aa68-7ca64f6b5439:192.168.157.194:37608, e3697062-c193-48d1-b15e-d6b6b4dc6638:192.168.157.194:40986, a10aa3ca-3ab2-4d87-9bc7-0d045ec2b4ce:192.168.157.194:36577] returns group-BD7A3B63C209:java.util.concurrent.CompletableFuture@52d3c941[Not completed]
2019-10-17 01:08:41,664 [grpc-default-executor-2] INFO  impl.RaftServerProxy (RaftServerProxy.java:addNew(89)) - e3697062-c193-48d1-b15e-d6b6b4dc6638: addNew group-BD7A3B63C209:[ee6ff355-4f2c-4ff1-aa68-7ca64f6b5439:192.168.157.194:37608, e3697062-c193-48d1-b15e-d6b6b4dc6638:192.168.157.194:40986, a10aa3ca-3ab2-4d87-9bc7-0d045ec2b4ce:192.168.157.194:36577] returns group-BD7A3B63C209:java.util.concurrent.CompletableFuture@6f6f0216[Not completed]
2019-10-17 01:08:41,664 [grpc-default-executor-0] INFO  impl.RaftServerProxy (RaftServerProxy.java:addNew(89)) - a10aa3ca-3ab2-4d87-9bc7-0d045ec2b4ce: addNew group-BD7A3B63C209:[ee6ff355-4f2c-4ff1-aa68-7ca64f6b5439:192.168.157.194:37608, e3697062-c193-48d1-b15e-d6b6b4dc6638:192.168.157.194:40986, a10aa3ca-3ab2-4d87-9bc7-0d045ec2b4ce:192.168.157.194:36577] returns group-BD7A3B63C209:java.util.concurrent.CompletableFuture@450172fa[Not completed]
2019-10-17 01:08:41,666 [pool-37-thread-1] INFO  impl.RaftServerImpl (RaftServerImpl.java:<init>(104)) - ee6ff355-4f2c-4ff1-aa68-7ca64f6b5439: new RaftServerImpl for group-BD7A3B63C209:[ee6ff355-4f2c-4ff1-aa68-7ca64f6b5439:192.168.157.194:37608, e3697062-c193-48d1-b15e-d6b6b4dc6638:192.168.157.194:40986, a10aa3ca-3ab2-4d87-9bc7-0d045ec2b4ce:192.168.157.194:36577] with ContainerStateMachine:uninitialized
2019-10-17 01:08:41,666 [pool-37-thread-1] INFO  server.RaftServerConfigKeys (ConfUtils.java:logGet(43)) - raft.server.rpc.timeout.min = 5s (custom)
2019-10-17 01:08:41,666 [pool-37-thread-1] INFO  server.RaftServerConfigKeys (ConfUtils.java:logGet(43)) - raft.server.rpc.timeout.max = 5200ms (custom)
2019-10-17 01:08:41,666 [pool-37-thread-1] INFO  server.RaftServerConfigKeys (ConfUtils.java:logGet(43)) - raft.server.rpcslowness.timeout = 1000s (custom)
2019-10-17 01:08:41,666 [pool-37-thread-1] INFO  server.RaftServerConfigKeys (ConfUtils.java:logGet(43)) - raft.server.sleep.deviation.threshold = 300 (default)
2019-10-17 01:08:41,666 [pool-37-thread-1] INFO  server.RaftServerConfigKeys (ConfUtils.java:logGet(43)) - raft.server.log.appender.install.snapshot.enabled = false (custom)
2019-10-17 01:08:41,666 [pool-37-thread-1] INFO  impl.RaftServerImpl (ServerState.java:<init>(103)) - ee6ff355-4f2c-4ff1-aa68-7ca64f6b5439@group-BD7A3B63C209: ConfigurationManager, init=-1: [ee6ff355-4f2c-4ff1-aa68-7ca64f6b5439:192.168.157.194:37608, e3697062-c193-48d1-b15e-d6b6b4dc6638:192.168.157.194:40986, a10aa3ca-3ab2-4d87-9bc7-0d045ec2b4ce:192.168.157.194:36577], old=null, confs=<EMPTY_MAP>
2019-10-17 01:08:41,666 [pool-37-thread-1] INFO  server.RaftServerConfigKeys (ConfUtils.java:logGet(43)) - raft.server.storage.dir = [/workdir/hadoop-ozone/integration-test/target/test-dir/MiniOzoneClusterImpl-85f8a08e-f83a-42a3-ae7e-0eb0c728a558/datanode-1/data/ratis] (custom)
2019-10-17 01:08:41,667 [pool-27-thread-1] INFO  impl.RaftServerImpl (RaftServerImpl.java:<init>(104)) - a10aa3ca-3ab2-4d87-9bc7-0d045ec2b4ce: new RaftServerImpl for group-BD7A3B63C209:[ee6ff355-4f2c-4ff1-aa68-7ca64f6b5439:192.168.157.194:37608, e3697062-c193-48d1-b15e-d6b6b4dc6638:192.168.157.194:40986, a10aa3ca-3ab2-4d87-9bc7-0d045ec2b4ce:192.168.157.194:36577] with ContainerStateMachine:uninitialized
2019-10-17 01:08:41,667 [pool-37-thread-1] INFO  server.RaftServerConfigKeys (ConfUtils.java:logGet(43)) - raft.server.log.corruption.policy = EXCEPTION (default)
2019-10-17 01:08:41,667 [pool-27-thread-1] INFO  server.RaftServerConfigKeys (ConfUtils.java:logGet(43)) - raft.server.rpc.timeout.min = 5s (custom)
2019-10-17 01:08:41,667 [pool-37-thread-1] INFO  storage.RaftStorageDirectory (RaftStorageDirectory.java:analyzeStorage(246)) - The storage directory /workdir/hadoop-ozone/integration-test/target/test-dir/MiniOzoneClusterImpl-85f8a08e-f83a-42a3-ae7e-0eb0c728a558/datanode-1/data/ratis/968e2a2f-54bd-4eee-95a8-bd7a3b63c209 does not exist. Creating ...
2019-10-17 01:08:41,667 [pool-27-thread-1] INFO  server.RaftServerConfigKeys (ConfUtils.java:logGet(43)) - raft.server.rpc.timeout.max = 5200ms (custom)
2019-10-17 01:08:41,667 [pool-27-thread-1] INFO  server.RaftServerConfigKeys (ConfUtils.java:logGet(43)) - raft.server.rpcslowness.timeout = 1000s (custom)
2019-10-17 01:08:41,667 [pool-27-thread-1] INFO  server.RaftServerConfigKeys (ConfUtils.java:logGet(43)) - raft.server.sleep.deviation.threshold = 300 (default)
2019-10-17 01:08:41,667 [pool-27-thread-1] INFO  server.RaftServerConfigKeys (ConfUtils.java:logGet(43)) - raft.server.log.appender.install.snapshot.enabled = false (custom)
2019-10-17 01:08:41,668 [pool-27-thread-1] INFO  impl.RaftServerImpl (ServerState.java:<init>(103)) - a10aa3ca-3ab2-4d87-9bc7-0d045ec2b4ce@group-BD7A3B63C209: ConfigurationManager, init=-1: [ee6ff355-4f2c-4ff1-aa68-7ca64f6b5439:192.168.157.194:37608, e3697062-c193-48d1-b15e-d6b6b4dc6638:192.168.157.194:40986, a10aa3ca-3ab2-4d87-9bc7-0d045ec2b4ce:192.168.157.194:36577], old=null, confs=<EMPTY_MAP>
2019-10-17 01:08:41,668 [pool-27-thread-1] INFO  server.RaftServerConfigKeys (ConfUtils.java:logGet(43)) - raft.server.storage.dir = [/workdir/hadoop-ozone/integration-test/target/test-dir/MiniOzoneClusterImpl-85f8a08e-f83a-42a3-ae7e-0eb0c728a558/datanode-0/data/ratis] (custom)
2019-10-17 01:08:41,668 [pool-47-thread-1] INFO  impl.RaftServerImpl (RaftServerImpl.java:<init>(104)) - e3697062-c193-48d1-b15e-d6b6b4dc6638: new RaftServerImpl for group-BD7A3B63C209:[ee6ff355-4f2c-4ff1-aa68-7ca64f6b5439:192.168.157.194:37608, e3697062-c193-48d1-b15e-d6b6b4dc6638:192.168.157.194:40986, a10aa3ca-3ab2-4d87-9bc7-0d045ec2b4ce:192.168.157.194:36577] with ContainerStateMachine:uninitialized
2019-10-17 01:08:41,668 [pool-27-thread-1] INFO  server.RaftServerConfigKeys (ConfUtils.java:logGet(43)) - raft.server.log.corruption.policy = EXCEPTION (default)
2019-10-17 01:08:41,668 [pool-47-thread-1] INFO  server.RaftServerConfigKeys (ConfUtils.java:logGet(43)) - raft.server.rpc.timeout.min = 5s (custom)
2019-10-17 01:08:41,668 [pool-27-thread-1] INFO  storage.RaftStorageDirectory (RaftStorageDirectory.java:analyzeStorage(246)) - The storage directory /workdir/hadoop-ozone/integration-test/target/test-dir/MiniOzoneClusterImpl-85f8a08e-f83a-42a3-ae7e-0eb0c728a558/datanode-0/data/ratis/968e2a2f-54bd-4eee-95a8-bd7a3b63c209 does not exist. Creating ...
2019-10-17 01:08:41,668 [pool-47-thread-1] INFO  server.RaftServerConfigKeys (ConfUtils.java:logGet(43)) - raft.server.rpc.timeout.max = 5200ms (custom)
2019-10-17 01:08:41,669 [pool-47-thread-1] INFO  server.RaftServerConfigKeys (ConfUtils.java:logGet(43)) - raft.server.rpcslowness.timeout = 1000s (custom)
2019-10-17 01:08:41,669 [pool-47-thread-1] INFO  server.RaftServerConfigKeys (ConfUtils.java:logGet(43)) - raft.server.sleep.deviation.threshold = 300 (default)
2019-10-17 01:08:41,669 [pool-47-thread-1] INFO  server.RaftServerConfigKeys (ConfUtils.java:logGet(43)) - raft.server.log.appender.install.snapshot.enabled = false (custom)
2019-10-17 01:08:41,669 [pool-47-thread-1] INFO  impl.RaftServerImpl (ServerState.java:<init>(103)) - e3697062-c193-48d1-b15e-d6b6b4dc6638@group-BD7A3B63C209: ConfigurationManager, init=-1: [ee6ff355-4f2c-4ff1-aa68-7ca64f6b5439:192.168.157.194:37608, e3697062-c193-48d1-b15e-d6b6b4dc6638:192.168.157.194:40986, a10aa3ca-3ab2-4d87-9bc7-0d045ec2b4ce:192.168.157.194:36577], old=null, confs=<EMPTY_MAP>
2019-10-17 01:08:41,669 [pool-47-thread-1] INFO  server.RaftServerConfigKeys (ConfUtils.java:logGet(43)) - raft.server.storage.dir = [/workdir/hadoop-ozone/integration-test/target/test-dir/MiniOzoneClusterImpl-85f8a08e-f83a-42a3-ae7e-0eb0c728a558/datanode-2/data/ratis] (custom)
2019-10-17 01:08:41,670 [pool-47-thread-1] INFO  server.RaftServerConfigKeys (ConfUtils.java:logGet(43)) - raft.server.log.corruption.policy = EXCEPTION (default)
2019-10-17 01:08:41,670 [pool-47-thread-1] INFO  storage.RaftStorageDirectory (RaftStorageDirectory.java:analyzeStorage(246)) - The storage directory /workdir/hadoop-ozone/integration-test/target/test-dir/MiniOzoneClusterImpl-85f8a08e-f83a-42a3-ae7e-0eb0c728a558/datanode-2/data/ratis/968e2a2f-54bd-4eee-95a8-bd7a3b63c209 does not exist. Creating ...
2019-10-17 01:08:41,676 [pool-37-thread-1] INFO  storage.RaftStorageDirectory (RaftStorageDirectory.java:tryLock(328)) - Lock on /workdir/hadoop-ozone/integration-test/target/test-dir/MiniOzoneClusterImpl-85f8a08e-f83a-42a3-ae7e-0eb0c728a558/datanode-1/data/ratis/968e2a2f-54bd-4eee-95a8-bd7a3b63c209/in_use.lock acquired by nodename 10307@pr-hdds-1868-g97gg-2149769003
2019-10-17 01:08:41,676 [pool-27-thread-1] INFO  storage.RaftStorageDirectory (RaftStorageDirectory.java:tryLock(328)) - Lock on /workdir/hadoop-ozone/integration-test/target/test-dir/MiniOzoneClusterImpl-85f8a08e-f83a-42a3-ae7e-0eb0c728a558/datanode-0/data/ratis/968e2a2f-54bd-4eee-95a8-bd7a3b63c209/in_use.lock acquired by nodename 10307@pr-hdds-1868-g97gg-2149769003
2019-10-17 01:08:41,676 [pool-47-thread-1] INFO  storage.RaftStorageDirectory (RaftStorageDirectory.java:tryLock(328)) - Lock on /workdir/hadoop-ozone/integration-test/target/test-dir/MiniOzoneClusterImpl-85f8a08e-f83a-42a3-ae7e-0eb0c728a558/datanode-2/data/ratis/968e2a2f-54bd-4eee-95a8-bd7a3b63c209/in_use.lock acquired by nodename 10307@pr-hdds-1868-g97gg-2149769003
2019-10-17 01:08:41,690 [pool-37-thread-1] INFO  storage.RaftStorage (RaftStorage.java:format(84)) - Storage directory /workdir/hadoop-ozone/integration-test/target/test-dir/MiniOzoneClusterImpl-85f8a08e-f83a-42a3-ae7e-0eb0c728a558/datanode-1/data/ratis/968e2a2f-54bd-4eee-95a8-bd7a3b63c209 has been successfully formatted.
2019-10-17 01:08:41,690 [pool-27-thread-1] INFO  storage.RaftStorage (RaftStorage.java:format(84)) - Storage directory /workdir/hadoop-ozone/integration-test/target/test-dir/MiniOzoneClusterImpl-85f8a08e-f83a-42a3-ae7e-0eb0c728a558/datanode-0/data/ratis/968e2a2f-54bd-4eee-95a8-bd7a3b63c209 has been successfully formatted.
2019-10-17 01:08:41,691 [pool-37-thread-1] INFO  ratis.ContainerStateMachine (ContainerStateMachine.java:loadSnapshot(233)) - group-BD7A3B63C209: The snapshot info is null. Setting the last applied indexto:(t:0, i:~)
2019-10-17 01:08:41,690 [pool-47-thread-1] INFO  storage.RaftStorage (RaftStorage.java:format(84)) - Storage directory /workdir/hadoop-ozone/integration-test/target/test-dir/MiniOzoneClusterImpl-85f8a08e-f83a-42a3-ae7e-0eb0c728a558/datanode-2/data/ratis/968e2a2f-54bd-4eee-95a8-bd7a3b63c209 has been successfully formatted.
2019-10-17 01:08:41,691 [pool-37-thread-1] INFO  server.RaftServerConfigKeys (ConfUtils.java:logGet(43)) - raft.server.notification.no-leader.timeout = 1000s (custom)
2019-10-17 01:08:41,691 [pool-27-thread-1] INFO  ratis.ContainerStateMachine (ContainerStateMachine.java:loadSnapshot(233)) - group-BD7A3B63C209: The snapshot info is null. Setting the last applied indexto:(t:0, i:~)
2019-10-17 01:08:41,691 [pool-47-thread-1] INFO  ratis.ContainerStateMachine (ContainerStateMachine.java:loadSnapshot(233)) - group-BD7A3B63C209: The snapshot info is null. Setting the last applied indexto:(t:0, i:~)
2019-10-17 01:08:41,691 [pool-37-thread-1] INFO  server.RaftServerConfigKeys (ConfUtils.java:logGet(43)) - raft.server.log.use.memory = false (default)
2019-10-17 01:08:41,691 [pool-47-thread-1] INFO  server.RaftServerConfigKeys (ConfUtils.java:logGet(43)) - raft.server.notification.no-leader.timeout = 1000s (custom)
2019-10-17 01:08:41,691 [pool-27-thread-1] INFO  server.RaftServerConfigKeys (ConfUtils.java:logGet(43)) - raft.server.notification.no-leader.timeout = 1000s (custom)
2019-10-17 01:08:41,691 [pool-47-thread-1] INFO  server.RaftServerConfigKeys (ConfUtils.java:logGet(43)) - raft.server.log.use.memory = false (default)
2019-10-17 01:08:41,691 [pool-37-thread-1] INFO  server.RaftServerConfigKeys (ConfUtils.java:logGet(43)) - raft.server.log.purge.gap = 1000000 (custom)
2019-10-17 01:08:41,692 [pool-47-thread-1] INFO  server.RaftServerConfigKeys (ConfUtils.java:logGet(43)) - raft.server.log.purge.gap = 1000000 (custom)
2019-10-17 01:08:41,691 [pool-27-thread-1] INFO  server.RaftServerConfigKeys (ConfUtils.java:logGet(43)) - raft.server.log.use.memory = false (default)
2019-10-17 01:08:41,692 [pool-47-thread-1] INFO  server.RaftServerConfigKeys (ConfUtils.java:logGet(43)) - raft.server.log.appender.buffer.byte-limit = 33554432 (custom)
2019-10-17 01:08:41,692 [pool-37-thread-1] INFO  server.RaftServerConfigKeys (ConfUtils.java:logGet(43)) - raft.server.log.appender.buffer.byte-limit = 33554432 (custom)
2019-10-17 01:08:41,692 [pool-47-thread-1] INFO  server.RaftServerConfigKeys (ConfUtils.java:logGet(43)) - raft.server.log.segment.size.max = 1048576 (custom)
2019-10-17 01:08:41,692 [pool-27-thread-1] INFO  server.RaftServerConfigKeys (ConfUtils.java:logGet(43)) - raft.server.log.purge.gap = 1000000 (custom)
2019-10-17 01:08:41,692 [pool-47-thread-1] INFO  server.RaftServerConfigKeys (ConfUtils.java:logGet(43)) - raft.server.log.segment.cache.num.max = 2 (custom)
2019-10-17 01:08:41,692 [pool-37-thread-1] INFO  server.RaftServerConfigKeys (ConfUtils.java:logGet(43)) - raft.server.log.segment.size.max = 1048576 (custom)
2019-10-17 01:08:41,692 [pool-47-thread-1] INFO  segmented.SegmentedRaftLogWorker (SegmentedRaftLogWorker.java:<init>(173)) - new e3697062-c193-48d1-b15e-d6b6b4dc6638@group-BD7A3B63C209-SegmentedRaftLogWorker for RaftStorage:Storage Directory /workdir/hadoop-ozone/integration-test/target/test-dir/MiniOzoneClusterImpl-85f8a08e-f83a-42a3-ae7e-0eb0c728a558/datanode-2/data/ratis/968e2a2f-54bd-4eee-95a8-bd7a3b63c209
2019-10-17 01:08:41,692 [pool-27-thread-1] INFO  server.RaftServerConfigKeys (ConfUtils.java:logGet(43)) - raft.server.log.appender.buffer.byte-limit = 33554432 (custom)
2019-10-17 01:08:41,693 [pool-47-thread-1] INFO  server.RaftServerConfigKeys (ConfUtils.java:logGet(43)) - raft.server.log.queue.byte-limit = 2147483647 (custom)
2019-10-17 01:08:41,693 [pool-37-thread-1] INFO  server.RaftServerConfigKeys (ConfUtils.java:logGet(43)) - raft.server.log.segment.cache.num.max = 2 (custom)
2019-10-17 01:08:41,693 [pool-47-thread-1] INFO  server.RaftServerConfigKeys (ConfUtils.java:logGet(43)) - raft.server.log.queue.element-limit = 1024 (custom)
2019-10-17 01:08:41,693 [pool-27-thread-1] INFO  server.RaftServerConfigKeys (ConfUtils.java:logGet(43)) - raft.server.log.segment.size.max = 1048576 (custom)
2019-10-17 01:08:41,693 [pool-47-thread-1] INFO  server.RaftServerConfigKeys (ConfUtils.java:logGet(43)) - raft.server.log.segment.size.max = 1048576 (custom)
2019-10-17 01:08:41,693 [pool-37-thread-1] INFO  segmented.SegmentedRaftLogWorker (SegmentedRaftLogWorker.java:<init>(173)) - new ee6ff355-4f2c-4ff1-aa68-7ca64f6b5439@group-BD7A3B63C209-SegmentedRaftLogWorker for RaftStorage:Storage Directory /workdir/hadoop-ozone/integration-test/target/test-dir/MiniOzoneClusterImpl-85f8a08e-f83a-42a3-ae7e-0eb0c728a558/datanode-1/data/ratis/968e2a2f-54bd-4eee-95a8-bd7a3b63c209
2019-10-17 01:08:41,693 [pool-47-thread-1] INFO  server.RaftServerConfigKeys (ConfUtils.java:logGet(43)) - raft.server.log.preallocated.size = 16384 (custom)
2019-10-17 01:08:41,693 [pool-27-thread-1] INFO  server.RaftServerConfigKeys (ConfUtils.java:logGet(43)) - raft.server.log.segment.cache.num.max = 2 (custom)
2019-10-17 01:08:41,693 [pool-47-thread-1] INFO  server.RaftServerConfigKeys (ConfUtils.java:logGet(43)) - raft.server.log.write.buffer.size = 33554432 (custom)
2019-10-17 01:08:41,693 [pool-37-thread-1] INFO  server.RaftServerConfigKeys (ConfUtils.java:logGet(43)) - raft.server.log.queue.byte-limit = 2147483647 (custom)
2019-10-17 01:08:41,694 [pool-47-thread-1] INFO  server.RaftServerConfigKeys (ConfUtils.java:logGet(43)) - raft.server.log.force.sync.num = 128 (default)
2019-10-17 01:08:41,694 [pool-27-thread-1] INFO  segmented.SegmentedRaftLogWorker (SegmentedRaftLogWorker.java:<init>(173)) - new a10aa3ca-3ab2-4d87-9bc7-0d045ec2b4ce@group-BD7A3B63C209-SegmentedRaftLogWorker for RaftStorage:Storage Directory /workdir/hadoop-ozone/integration-test/target/test-dir/MiniOzoneClusterImpl-85f8a08e-f83a-42a3-ae7e-0eb0c728a558/datanode-0/data/ratis/968e2a2f-54bd-4eee-95a8-bd7a3b63c209
2019-10-17 01:08:41,694 [pool-47-thread-1] INFO  server.RaftServerConfigKeys (ConfUtils.java:logGet(43)) - raft.server.log.statemachine.data.sync = true (default)
2019-10-17 01:08:41,694 [pool-37-thread-1] INFO  server.RaftServerConfigKeys (ConfUtils.java:logGet(43)) - raft.server.log.queue.element-limit = 1024 (custom)
2019-10-17 01:08:41,694 [pool-47-thread-1] INFO  server.RaftServerConfigKeys (ConfUtils.java:logGet(43)) - raft.server.log.statemachine.data.sync.timeout = 10s (default)
2019-10-17 01:08:41,694 [pool-27-thread-1] INFO  server.RaftServerConfigKeys (ConfUtils.java:logGet(43)) - raft.server.log.queue.byte-limit = 2147483647 (custom)
2019-10-17 01:08:41,694 [pool-47-thread-1] INFO  server.RaftServerConfigKeys (ConfUtils.java:logGet(43)) - raft.server.log.statemachine.data.sync.timeout.retry = -1 (default)
2019-10-17 01:08:41,694 [pool-37-thread-1] INFO  server.RaftServerConfigKeys (ConfUtils.java:logGet(43)) - raft.server.log.segment.size.max = 1048576 (custom)
2019-10-17 01:08:41,694 [pool-27-thread-1] INFO  server.RaftServerConfigKeys (ConfUtils.java:logGet(43)) - raft.server.log.queue.element-limit = 1024 (custom)
2019-10-17 01:08:41,695 [pool-47-thread-1] INFO  server.RaftServerConfigKeys (ConfUtils.java:logGet(43)) - raft.server.log.statemachine.data.caching.enabled = true (custom)
2019-10-17 01:08:41,695 [pool-37-thread-1] INFO  server.RaftServerConfigKeys (ConfUtils.java:logGet(43)) - raft.server.log.preallocated.size = 16384 (custom)
2019-10-17 01:08:41,695 [pool-27-thread-1] INFO  server.RaftServerConfigKeys (ConfUtils.java:logGet(43)) - raft.server.log.segment.size.max = 1048576 (custom)
2019-10-17 01:08:41,695 [pool-37-thread-1] INFO  server.RaftServerConfigKeys (ConfUtils.java:logGet(43)) - raft.server.log.write.buffer.size = 33554432 (custom)
2019-10-17 01:08:41,695 [pool-27-thread-1] INFO  server.RaftServerConfigKeys (ConfUtils.java:logGet(43)) - raft.server.log.preallocated.size = 16384 (custom)
2019-10-17 01:08:41,695 [pool-47-thread-1] INFO  segmented.SegmentedRaftLogWorker (SegmentedRaftLogWorker.java:lambda$new$0(128)) - e3697062-c193-48d1-b15e-d6b6b4dc6638@group-BD7A3B63C209-SegmentedRaftLogWorker: flushIndex: setUnconditionally 0 -> -1
2019-10-17 01:08:41,695 [pool-27-thread-1] INFO  server.RaftServerConfigKeys (ConfUtils.java:logGet(43)) - raft.server.log.write.buffer.size = 33554432 (custom)
2019-10-17 01:08:41,695 [pool-37-thread-1] INFO  server.RaftServerConfigKeys (ConfUtils.java:logGet(43)) - raft.server.log.force.sync.num = 128 (default)
2019-10-17 01:08:41,695 [pool-47-thread-1] INFO  server.RaftServerConfigKeys (ConfUtils.java:logGet(43)) - raft.server.snapshot.auto.trigger.enabled = true (custom)
2019-10-17 01:08:41,695 [pool-27-thread-1] INFO  server.RaftServerConfigKeys (ConfUtils.java:logGet(43)) - raft.server.log.force.sync.num = 128 (default)
2019-10-17 01:08:41,696 [pool-47-thread-1] INFO  server.RaftServerConfigKeys (ConfUtils.java:logGet(43)) - raft.server.snapshot.auto.trigger.threshold = 10000 (custom)
2019-10-17 01:08:41,695 [pool-37-thread-1] INFO  server.RaftServerConfigKeys (ConfUtils.java:logGet(43)) - raft.server.log.statemachine.data.sync = true (default)
2019-10-17 01:08:41,696 [pool-47-thread-1] INFO  server.RaftServerConfigKeys (ConfUtils.java:logGet(43)) - raft.server.snapshot.retention.file.num = 5 (custom)
2019-10-17 01:08:41,696 [pool-27-thread-1] INFO  server.RaftServerConfigKeys (ConfUtils.java:logGet(43)) - raft.server.log.statemachine.data.sync = true (default)
2019-10-17 01:08:41,696 [pool-37-thread-1] INFO  server.RaftServerConfigKeys (ConfUtils.java:logGet(43)) - raft.server.log.statemachine.data.sync.timeout = 10s (default)
2019-10-17 01:08:41,696 [pool-27-thread-1] INFO  server.RaftServerConfigKeys (ConfUtils.java:logGet(43)) - raft.server.log.statemachine.data.sync.timeout = 10s (default)
2019-10-17 01:08:41,696 [pool-47-thread-1] INFO  server.RaftServerConfigKeys (ConfUtils.java:logGet(43)) - raft.server.retrycache.expirytime = 600000ms (custom)
2019-10-17 01:08:41,697 [pool-27-thread-1] INFO  server.RaftServerConfigKeys (ConfUtils.java:logGet(43)) - raft.server.log.statemachine.data.sync.timeout.retry = -1 (default)
2019-10-17 01:08:41,696 [pool-37-thread-1] INFO  server.RaftServerConfigKeys (ConfUtils.java:logGet(43)) - raft.server.log.statemachine.data.sync.timeout.retry = -1 (default)
2019-10-17 01:08:41,697 [pool-27-thread-1] INFO  server.RaftServerConfigKeys (ConfUtils.java:logGet(43)) - raft.server.log.statemachine.data.caching.enabled = true (custom)
2019-10-17 01:08:41,697 [pool-37-thread-1] INFO  server.RaftServerConfigKeys (ConfUtils.java:logGet(43)) - raft.server.log.statemachine.data.caching.enabled = true (custom)
2019-10-17 01:08:41,698 [pool-27-thread-1] INFO  segmented.SegmentedRaftLogWorker (SegmentedRaftLogWorker.java:lambda$new$0(128)) - a10aa3ca-3ab2-4d87-9bc7-0d045ec2b4ce@group-BD7A3B63C209-SegmentedRaftLogWorker: flushIndex: setUnconditionally 0 -> -1
2019-10-17 01:08:41,698 [pool-37-thread-1] INFO  segmented.SegmentedRaftLogWorker (SegmentedRaftLogWorker.java:lambda$new$0(128)) - ee6ff355-4f2c-4ff1-aa68-7ca64f6b5439@group-BD7A3B63C209-SegmentedRaftLogWorker: flushIndex: setUnconditionally 0 -> -1
2019-10-17 01:08:41,699 [pool-27-thread-1] INFO  server.RaftServerConfigKeys (ConfUtils.java:logGet(43)) - raft.server.snapshot.auto.trigger.enabled = true (custom)
2019-10-17 01:08:41,699 [pool-37-thread-1] INFO  server.RaftServerConfigKeys (ConfUtils.java:logGet(43)) - raft.server.snapshot.auto.trigger.enabled = true (custom)
2019-10-17 01:08:41,699 [pool-27-thread-1] INFO  server.RaftServerConfigKeys (ConfUtils.java:logGet(43)) - raft.server.snapshot.auto.trigger.threshold = 10000 (custom)
2019-10-17 01:08:41,699 [pool-37-thread-1] INFO  server.RaftServerConfigKeys (ConfUtils.java:logGet(43)) - raft.server.snapshot.auto.trigger.threshold = 10000 (custom)
2019-10-17 01:08:41,699 [pool-27-thread-1] INFO  server.RaftServerConfigKeys (ConfUtils.java:logGet(43)) - raft.server.snapshot.retention.file.num = 5 (custom)
2019-10-17 01:08:41,699 [pool-37-thread-1] INFO  server.RaftServerConfigKeys (ConfUtils.java:logGet(43)) - raft.server.snapshot.retention.file.num = 5 (custom)
2019-10-17 01:08:41,699 [pool-27-thread-1] INFO  server.RaftServerConfigKeys (ConfUtils.java:logGet(43)) - raft.server.retrycache.expirytime = 600000ms (custom)
2019-10-17 01:08:41,699 [pool-37-thread-1] INFO  server.RaftServerConfigKeys (ConfUtils.java:logGet(43)) - raft.server.retrycache.expirytime = 600000ms (custom)
2019-10-17 01:08:41,702 [pool-47-thread-1] INFO  impl.RaftServerImpl (RaftServerImpl.java:start(195)) - e3697062-c193-48d1-b15e-d6b6b4dc6638@group-BD7A3B63C209: start as a follower, conf=-1: [ee6ff355-4f2c-4ff1-aa68-7ca64f6b5439:192.168.157.194:37608, e3697062-c193-48d1-b15e-d6b6b4dc6638:192.168.157.194:40986, a10aa3ca-3ab2-4d87-9bc7-0d045ec2b4ce:192.168.157.194:36577], old=null
2019-10-17 01:08:41,703 [pool-47-thread-1] INFO  impl.RaftServerImpl (RaftServerImpl.java:setRole(184)) - e3697062-c193-48d1-b15e-d6b6b4dc6638@group-BD7A3B63C209: changes role from      null to FOLLOWER at term 0 for startAsFollower
2019-10-17 01:08:41,703 [pool-47-thread-1] INFO  impl.RoleInfo (RoleInfo.java:updateAndGet(143)) - e3697062-c193-48d1-b15e-d6b6b4dc6638: start FollowerState
2019-10-17 01:08:41,703 [pool-27-thread-1] INFO  impl.RaftServerImpl (RaftServerImpl.java:start(195)) - a10aa3ca-3ab2-4d87-9bc7-0d045ec2b4ce@group-BD7A3B63C209: start as a follower, conf=-1: [ee6ff355-4f2c-4ff1-aa68-7ca64f6b5439:192.168.157.194:37608, e3697062-c193-48d1-b15e-d6b6b4dc6638:192.168.157.194:40986, a10aa3ca-3ab2-4d87-9bc7-0d045ec2b4ce:192.168.157.194:36577], old=null
2019-10-17 01:08:41,703 [pool-37-thread-1] INFO  impl.RaftServerImpl (RaftServerImpl.java:start(195)) - ee6ff355-4f2c-4ff1-aa68-7ca64f6b5439@group-BD7A3B63C209: start as a follower, conf=-1: [ee6ff355-4f2c-4ff1-aa68-7ca64f6b5439:192.168.157.194:37608, e3697062-c193-48d1-b15e-d6b6b4dc6638:192.168.157.194:40986, a10aa3ca-3ab2-4d87-9bc7-0d045ec2b4ce:192.168.157.194:36577], old=null
2019-10-17 01:08:41,703 [pool-27-thread-1] INFO  impl.RaftServerImpl (RaftServerImpl.java:setRole(184)) - a10aa3ca-3ab2-4d87-9bc7-0d045ec2b4ce@group-BD7A3B63C209: changes role from      null to FOLLOWER at term 0 for startAsFollower
2019-10-17 01:08:41,703 [pool-47-thread-1] INFO  util.JmxRegister (JmxRegister.java:tryRegister(44)) - Successfully registered JMX Bean with object name Ratis:service=RaftServer,group=group-BD7A3B63C209,id=e3697062-c193-48d1-b15e-d6b6b4dc6638
2019-10-17 01:08:41,703 [pool-37-thread-1] INFO  impl.RaftServerImpl (RaftServerImpl.java:setRole(184)) - ee6ff355-4f2c-4ff1-aa68-7ca64f6b5439@group-BD7A3B63C209: changes role from      null to FOLLOWER at term 0 for startAsFollower
2019-10-17 01:08:41,704 [pool-27-thread-1] INFO  impl.RoleInfo (RoleInfo.java:updateAndGet(143)) - a10aa3ca-3ab2-4d87-9bc7-0d045ec2b4ce: start FollowerState
2019-10-17 01:08:41,704 [pool-37-thread-1] INFO  impl.RoleInfo (RoleInfo.java:updateAndGet(143)) - ee6ff355-4f2c-4ff1-aa68-7ca64f6b5439: start FollowerState
2019-10-17 01:08:41,704 [pool-27-thread-1] INFO  util.JmxRegister (JmxRegister.java:tryRegister(44)) - Successfully registered JMX Bean with object name Ratis:service=RaftServer,group=group-BD7A3B63C209,id=a10aa3ca-3ab2-4d87-9bc7-0d045ec2b4ce
2019-10-17 01:08:41,704 [pool-37-thread-1] INFO  util.JmxRegister (JmxRegister.java:tryRegister(44)) - Successfully registered JMX Bean with object name Ratis:service=RaftServer,group=group-BD7A3B63C209,id=ee6ff355-4f2c-4ff1-aa68-7ca64f6b5439
2019-10-17 01:08:41,748 [Thread-196] INFO  impl.FollowerState (FollowerState.java:run(108)) - ee6ff355-4f2c-4ff1-aa68-7ca64f6b5439@group-2921AD756026-FollowerState: change to CANDIDATE, lastRpcTime:124ms, electionTimeout:101ms
2019-10-17 01:08:41,749 [Thread-196] INFO  impl.RoleInfo (RoleInfo.java:shutdownFollowerState(121)) - ee6ff355-4f2c-4ff1-aa68-7ca64f6b5439: shutdown FollowerState
2019-10-17 01:08:41,749 [Thread-196] INFO  impl.RaftServerImpl (RaftServerImpl.java:setRole(184)) - ee6ff355-4f2c-4ff1-aa68-7ca64f6b5439@group-2921AD756026: changes role from  FOLLOWER to CANDIDATE at term 0 for changeToCandidate
2019-10-17 01:08:41,750 [Thread-196] INFO  impl.RoleInfo (RoleInfo.java:updateAndGet(143)) - ee6ff355-4f2c-4ff1-aa68-7ca64f6b5439: start LeaderElection
2019-10-17 01:08:41,758 [RatisPipelineUtilsThread] INFO  pipeline.PipelineStateManager (PipelineStateManager.java:addPipeline(55)) - Created pipeline Pipeline[ Id: 968e2a2f-54bd-4eee-95a8-bd7a3b63c209, Nodes: e3697062-c193-48d1-b15e-d6b6b4dc6638{ip: 192.168.157.194, host: pr-hdds-1868-g97gg-2149769003, networkLocation: /default-rack, certSerialId: null}a10aa3ca-3ab2-4d87-9bc7-0d045ec2b4ce{ip: 192.168.157.194, host: pr-hdds-1868-g97gg-2149769003, networkLocation: /default-rack, certSerialId: null}ee6ff355-4f2c-4ff1-aa68-7ca64f6b5439{ip: 192.168.157.194, host: pr-hdds-1868-g97gg-2149769003, networkLocation: /default-rack, certSerialId: null}, Type:RATIS, Factor:THREE, State:ALLOCATED]
2019-10-17 01:08:41,760 [EventQueue-PipelineReportForPipelineReportHandler] INFO  pipeline.PipelineReportHandler (PipelineReportHandler.java:processPipelineReport(119)) - Pipeline PipelineID=db7df585-acad-4452-9357-05d1e13afc45 reported by a10aa3ca-3ab2-4d87-9bc7-0d045ec2b4ce{ip: 192.168.157.194, host: pr-hdds-1868-g97gg-2149769003, networkLocation: /default-rack, certSerialId: null} with leaderId a10aa3ca-3ab2-4d87-9bc7-0d045ec2b4ce
2019-10-17 01:08:41,764 [EventQueue-PipelineReportForPipelineReportHandler] INFO  pipeline.PipelineStateManager (PipelineStateManager.java:openPipeline(134)) - Pipeline Pipeline[ Id: db7df585-acad-4452-9357-05d1e13afc45, Nodes: a10aa3ca-3ab2-4d87-9bc7-0d045ec2b4ce{ip: 192.168.157.194, host: pr-hdds-1868-g97gg-2149769003, networkLocation: /default-rack, certSerialId: null}, Type:RATIS, Factor:ONE, State:OPEN] moved to OPEN state
2019-10-17 01:08:41,764 [EventQueue-PipelineReportForPipelineReportHandler] INFO  pipeline.PipelineReportHandler (PipelineReportHandler.java:processPipelineReport(119)) - Pipeline PipelineID=aa42e3d4-f09d-49ae-b475-bd91bb838c34 reported by e3697062-c193-48d1-b15e-d6b6b4dc6638{ip: 192.168.157.194, host: pr-hdds-1868-g97gg-2149769003, networkLocation: /default-rack, certSerialId: null} with leaderId e3697062-c193-48d1-b15e-d6b6b4dc6638
2019-10-17 01:08:41,765 [EventQueue-PipelineReportForPipelineReportHandler] INFO  pipeline.PipelineStateManager (PipelineStateManager.java:openPipeline(134)) - Pipeline Pipeline[ Id: aa42e3d4-f09d-49ae-b475-bd91bb838c34, Nodes: e3697062-c193-48d1-b15e-d6b6b4dc6638{ip: 192.168.157.194, host: pr-hdds-1868-g97gg-2149769003, networkLocation: /default-rack, certSerialId: null}, Type:RATIS, Factor:ONE, State:OPEN] moved to OPEN state
2019-10-17 01:08:41,777 [e3697062-c193-48d1-b15e-d6b6b4dc6638@group-BD91BB838C34-SegmentedRaftLogWorker] INFO  segmented.SegmentedRaftLogWorker (SegmentedRaftLogWorker.java:execute(576)) - e3697062-c193-48d1-b15e-d6b6b4dc6638@group-BD91BB838C34-SegmentedRaftLogWorker: created new log segment /workdir/hadoop-ozone/integration-test/target/test-dir/MiniOzoneClusterImpl-85f8a08e-f83a-42a3-ae7e-0eb0c728a558/datanode-2/data/ratis/aa42e3d4-f09d-49ae-b475-bd91bb838c34/current/log_inprogress_0
2019-10-17 01:08:41,777 [a10aa3ca-3ab2-4d87-9bc7-0d045ec2b4ce@group-05D1E13AFC45-SegmentedRaftLogWorker] INFO  segmented.SegmentedRaftLogWorker (SegmentedRaftLogWorker.java:execute(576)) - a10aa3ca-3ab2-4d87-9bc7-0d045ec2b4ce@group-05D1E13AFC45-SegmentedRaftLogWorker: created new log segment /workdir/hadoop-ozone/integration-test/target/test-dir/MiniOzoneClusterImpl-85f8a08e-f83a-42a3-ae7e-0eb0c728a558/datanode-0/data/ratis/db7df585-acad-4452-9357-05d1e13afc45/current/log_inprogress_0
2019-10-17 01:08:41,777 [ee6ff355-4f2c-4ff1-aa68-7ca64f6b5439@group-2921AD756026-LeaderElection3] INFO  impl.LeaderElection (LeaderElection.java:askForVotes(178)) - ee6ff355-4f2c-4ff1-aa68-7ca64f6b5439@group-2921AD756026-LeaderElection3: begin an election at term 1 for -1: [ee6ff355-4f2c-4ff1-aa68-7ca64f6b5439:192.168.157.194:37608], old=null
2019-10-17 01:08:41,778 [ee6ff355-4f2c-4ff1-aa68-7ca64f6b5439@group-2921AD756026-LeaderElection3] INFO  impl.RoleInfo (RoleInfo.java:shutdownLeaderElection(134)) - ee6ff355-4f2c-4ff1-aa68-7ca64f6b5439: shutdown LeaderElection
2019-10-17 01:08:41,778 [ee6ff355-4f2c-4ff1-aa68-7ca64f6b5439@group-2921AD756026-LeaderElection3] INFO  impl.RaftServerImpl (RaftServerImpl.java:setRole(184)) - ee6ff355-4f2c-4ff1-aa68-7ca64f6b5439@group-2921AD756026: changes role from CANDIDATE to LEADER at term 1 for changeToLeader
2019-10-17 01:08:41,778 [ee6ff355-4f2c-4ff1-aa68-7ca64f6b5439@group-2921AD756026-LeaderElection3] INFO  ratis.XceiverServerRatis (XceiverServerRatis.java:handleLeaderChangedNotification(699)) - Leader change notification received for group: group-2921AD756026 with new leaderId: ee6ff355-4f2c-4ff1-aa68-7ca64f6b5439
2019-10-17 01:08:41,778 [ee6ff355-4f2c-4ff1-aa68-7ca64f6b5439@group-2921AD756026-LeaderElection3] INFO  impl.RaftServerImpl (ServerState.java:setLeader(256)) - ee6ff355-4f2c-4ff1-aa68-7ca64f6b5439@group-2921AD756026: change Leader from null to ee6ff355-4f2c-4ff1-aa68-7ca64f6b5439 at term 1 for becomeLeader, leader elected after 169ms
2019-10-17 01:08:41,779 [ee6ff355-4f2c-4ff1-aa68-7ca64f6b5439@group-2921AD756026-LeaderElection3] INFO  server.RaftServerConfigKeys (ConfUtils.java:logGet(43)) - raft.server.staging.catchup.gap = 1000 (default)
2019-10-17 01:08:41,779 [ee6ff355-4f2c-4ff1-aa68-7ca64f6b5439@group-2921AD756026-LeaderElection3] INFO  server.RaftServerConfigKeys (ConfUtils.java:logGet(43)) - raft.server.rpc.sleep.time = 25ms (default)
2019-10-17 01:08:41,779 [ee6ff355-4f2c-4ff1-aa68-7ca64f6b5439@group-2921AD756026-LeaderElection3] INFO  server.RaftServerConfigKeys (ConfUtils.java:logGet(43)) - raft.server.write.element-limit = 4096 (default)
2019-10-17 01:08:41,779 [ee6ff355-4f2c-4ff1-aa68-7ca64f6b5439@group-2921AD756026-LeaderElection3] INFO  server.RaftServerConfigKeys (ConfUtils.java:logGet(43)) - raft.server.watch.timeout = 10s (default)
2019-10-17 01:08:41,779 [ee6ff355-4f2c-4ff1-aa68-7ca64f6b5439@group-2921AD756026-LeaderElection3] INFO  server.RaftServerConfigKeys (ConfUtils.java:logGet(43)) - raft.server.watch.timeout.denomination = 1s (default)
2019-10-17 01:08:41,779 [ee6ff355-4f2c-4ff1-aa68-7ca64f6b5439@group-2921AD756026-LeaderElection3] INFO  server.RaftServerConfigKeys (ConfUtils.java:logGet(43)) - raft.server.watch.element-limit = 65536 (default)
2019-10-17 01:08:41,781 [EventQueue-PipelineReportForPipelineReportHandler] INFO  pipeline.PipelineReportHandler (PipelineReportHandler.java:processPipelineReport(119)) - Pipeline PipelineID=85add53d-41c4-4b56-bb91-2921ad756026 reported by ee6ff355-4f2c-4ff1-aa68-7ca64f6b5439{ip: 192.168.157.194, host: pr-hdds-1868-g97gg-2149769003, networkLocation: /default-rack, certSerialId: null} with leaderId ee6ff355-4f2c-4ff1-aa68-7ca64f6b5439
2019-10-17 01:08:41,782 [EventQueue-PipelineReportForPipelineReportHandler] INFO  pipeline.PipelineStateManager (PipelineStateManager.java:openPipeline(134)) - Pipeline Pipeline[ Id: 85add53d-41c4-4b56-bb91-2921ad756026, Nodes: ee6ff355-4f2c-4ff1-aa68-7ca64f6b5439{ip: 192.168.157.194, host: pr-hdds-1868-g97gg-2149769003, networkLocation: /default-rack, certSerialId: null}, Type:RATIS, Factor:ONE, State:OPEN] moved to OPEN state
2019-10-17 01:08:41,782 [EventQueue-PipelineReportForPipelineReportHandler] INFO  pipeline.PipelineReportHandler (PipelineReportHandler.java:processPipelineReport(119)) - Pipeline PipelineID=968e2a2f-54bd-4eee-95a8-bd7a3b63c209 reported by ee6ff355-4f2c-4ff1-aa68-7ca64f6b5439{ip: 192.168.157.194, host: pr-hdds-1868-g97gg-2149769003, networkLocation: /default-rack, certSerialId: null} with leaderId 
2019-10-17 01:08:41,782 [ee6ff355-4f2c-4ff1-aa68-7ca64f6b5439@group-2921AD756026-LeaderElection3] INFO  impl.RoleInfo (RoleInfo.java:updateAndGet(143)) - ee6ff355-4f2c-4ff1-aa68-7ca64f6b5439: start LeaderState
2019-10-17 01:08:41,782 [ee6ff355-4f2c-4ff1-aa68-7ca64f6b5439@group-2921AD756026-LeaderElection3] INFO  segmented.SegmentedRaftLogWorker (SegmentedRaftLogWorker.java:startLogSegment(385)) - ee6ff355-4f2c-4ff1-aa68-7ca64f6b5439@group-2921AD756026-SegmentedRaftLogWorker: Starting segment from index:0
2019-10-17 01:08:41,783 [ee6ff355-4f2c-4ff1-aa68-7ca64f6b5439@group-2921AD756026-LeaderElection3] INFO  impl.RaftServerImpl (ServerState.java:setRaftConf(357)) - ee6ff355-4f2c-4ff1-aa68-7ca64f6b5439@group-2921AD756026: set configuration 0: [ee6ff355-4f2c-4ff1-aa68-7ca64f6b5439:192.168.157.194:37608], old=null at 0
2019-10-17 01:08:41,819 [Thread-202] INFO  impl.FollowerState (FollowerState.java:run(108)) - a10aa3ca-3ab2-4d87-9bc7-0d045ec2b4ce@group-BD7A3B63C209-FollowerState: change to CANDIDATE, lastRpcTime:115ms, electionTimeout:115ms
2019-10-17 01:08:41,820 [Thread-202] INFO  impl.RoleInfo (RoleInfo.java:shutdownFollowerState(121)) - a10aa3ca-3ab2-4d87-9bc7-0d045ec2b4ce: shutdown FollowerState
2019-10-17 01:08:41,820 [Thread-202] INFO  impl.RaftServerImpl (RaftServerImpl.java:setRole(184)) - a10aa3ca-3ab2-4d87-9bc7-0d045ec2b4ce@group-BD7A3B63C209: changes role from  FOLLOWER to CANDIDATE at term 0 for changeToCandidate
2019-10-17 01:08:41,820 [Thread-202] INFO  impl.RoleInfo (RoleInfo.java:updateAndGet(143)) - a10aa3ca-3ab2-4d87-9bc7-0d045ec2b4ce: start LeaderElection
2019-10-17 01:08:41,832 [ee6ff355-4f2c-4ff1-aa68-7ca64f6b5439@group-2921AD756026-SegmentedRaftLogWorker] INFO  segmented.SegmentedRaftLogWorker (SegmentedRaftLogWorker.java:execute(576)) - ee6ff355-4f2c-4ff1-aa68-7ca64f6b5439@group-2921AD756026-SegmentedRaftLogWorker: created new log segment /workdir/hadoop-ozone/integration-test/target/test-dir/MiniOzoneClusterImpl-85f8a08e-f83a-42a3-ae7e-0eb0c728a558/datanode-1/data/ratis/85add53d-41c4-4b56-bb91-2921ad756026/current/log_inprogress_0
2019-10-17 01:08:41,832 [a10aa3ca-3ab2-4d87-9bc7-0d045ec2b4ce@group-BD7A3B63C209-LeaderElection4] INFO  impl.LeaderElection (LeaderElection.java:askForVotes(178)) - a10aa3ca-3ab2-4d87-9bc7-0d045ec2b4ce@group-BD7A3B63C209-LeaderElection4: begin an election at term 1 for -1: [ee6ff355-4f2c-4ff1-aa68-7ca64f6b5439:192.168.157.194:37608, e3697062-c193-48d1-b15e-d6b6b4dc6638:192.168.157.194:40986, a10aa3ca-3ab2-4d87-9bc7-0d045ec2b4ce:192.168.157.194:36577], old=null
2019-10-17 01:08:41,856 [a10aa3ca-3ab2-4d87-9bc7-0d045ec2b4ce@group-BD7A3B63C209-LeaderElection4] INFO  impl.LeaderElection (LeaderElection.java:logAndReturn(56)) - a10aa3ca-3ab2-4d87-9bc7-0d045ec2b4ce@group-BD7A3B63C209-LeaderElection4: Election TIMEOUT; received 0 response(s) [] and 0 exception(s); a10aa3ca-3ab2-4d87-9bc7-0d045ec2b4ce@group-BD7A3B63C209:t1, leader=null, voted=a10aa3ca-3ab2-4d87-9bc7-0d045ec2b4ce, raftlog=a10aa3ca-3ab2-4d87-9bc7-0d045ec2b4ce@group-BD7A3B63C209-SegmentedRaftLog:OPENED:c-1,f-1,i0, conf=-1: [ee6ff355-4f2c-4ff1-aa68-7ca64f6b5439:192.168.157.194:37608, e3697062-c193-48d1-b15e-d6b6b4dc6638:192.168.157.194:40986, a10aa3ca-3ab2-4d87-9bc7-0d045ec2b4ce:192.168.157.194:36577], old=null
2019-10-17 01:08:41,860 [grpc-default-executor-0] INFO  impl.RaftServerImpl (RaftServerImpl.java:setRole(184)) - ee6ff355-4f2c-4ff1-aa68-7ca64f6b5439@group-BD7A3B63C209: changes role from  FOLLOWER to FOLLOWER at term 1 for recognizeCandidate:a10aa3ca-3ab2-4d87-9bc7-0d045ec2b4ce
2019-10-17 01:08:41,860 [grpc-default-executor-2] INFO  impl.RaftServerImpl (RaftServerImpl.java:setRole(184)) - e3697062-c193-48d1-b15e-d6b6b4dc6638@group-BD7A3B63C209: changes role from  FOLLOWER to FOLLOWER at term 1 for recognizeCandidate:a10aa3ca-3ab2-4d87-9bc7-0d045ec2b4ce
2019-10-17 01:08:41,860 [grpc-default-executor-0] INFO  impl.RoleInfo (RoleInfo.java:shutdownFollowerState(121)) - ee6ff355-4f2c-4ff1-aa68-7ca64f6b5439: shutdown FollowerState
2019-10-17 01:08:41,861 [grpc-default-executor-2] INFO  impl.RoleInfo (RoleInfo.java:shutdownFollowerState(121)) - e3697062-c193-48d1-b15e-d6b6b4dc6638: shutdown FollowerState
2019-10-17 01:08:41,861 [grpc-default-executor-0] INFO  impl.RoleInfo (RoleInfo.java:updateAndGet(143)) - ee6ff355-4f2c-4ff1-aa68-7ca64f6b5439: start FollowerState
2019-10-17 01:08:41,861 [grpc-default-executor-2] INFO  impl.RoleInfo (RoleInfo.java:updateAndGet(143)) - e3697062-c193-48d1-b15e-d6b6b4dc6638: start FollowerState
2019-10-17 01:08:41,861 [Thread-203] INFO  impl.FollowerState (FollowerState.java:run(117)) - ee6ff355-4f2c-4ff1-aa68-7ca64f6b5439@group-BD7A3B63C209-FollowerState was interrupted: java.lang.InterruptedException: sleep interrupted
2019-10-17 01:08:41,861 [Thread-201] INFO  impl.FollowerState (FollowerState.java:run(117)) - e3697062-c193-48d1-b15e-d6b6b4dc6638@group-BD7A3B63C209-FollowerState was interrupted: java.lang.InterruptedException: sleep interrupted
2019-10-17 01:08:41,870 [a10aa3ca-3ab2-4d87-9bc7-0d045ec2b4ce@group-BD7A3B63C209-LeaderElection4] INFO  impl.LeaderElection (LeaderElection.java:askForVotes(178)) - a10aa3ca-3ab2-4d87-9bc7-0d045ec2b4ce@group-BD7A3B63C209-LeaderElection4: begin an election at term 2 for -1: [ee6ff355-4f2c-4ff1-aa68-7ca64f6b5439:192.168.157.194:37608, e3697062-c193-48d1-b15e-d6b6b4dc6638:192.168.157.194:40986, a10aa3ca-3ab2-4d87-9bc7-0d045ec2b4ce:192.168.157.194:36577], old=null
2019-10-17 01:08:41,879 [grpc-default-executor-2] INFO  impl.RaftServerImpl (RaftServerImpl.java:setRole(184)) - e3697062-c193-48d1-b15e-d6b6b4dc6638@group-BD7A3B63C209: changes role from  FOLLOWER to FOLLOWER at term 2 for recognizeCandidate:a10aa3ca-3ab2-4d87-9bc7-0d045ec2b4ce
2019-10-17 01:08:41,881 [grpc-default-executor-2] INFO  impl.RoleInfo (RoleInfo.java:shutdownFollowerState(121)) - e3697062-c193-48d1-b15e-d6b6b4dc6638: shutdown FollowerState
2019-10-17 01:08:41,882 [grpc-default-executor-0] INFO  impl.RaftServerImpl (RaftServerImpl.java:setRole(184)) - ee6ff355-4f2c-4ff1-aa68-7ca64f6b5439@group-BD7A3B63C209: changes role from  FOLLOWER to FOLLOWER at term 2 for recognizeCandidate:a10aa3ca-3ab2-4d87-9bc7-0d045ec2b4ce
2019-10-17 01:08:41,882 [grpc-default-executor-2] INFO  impl.RoleInfo (RoleInfo.java:updateAndGet(143)) - e3697062-c193-48d1-b15e-d6b6b4dc6638: start FollowerState
2019-10-17 01:08:41,882 [grpc-default-executor-0] INFO  impl.RoleInfo (RoleInfo.java:shutdownFollowerState(121)) - ee6ff355-4f2c-4ff1-aa68-7ca64f6b5439: shutdown FollowerState
2019-10-17 01:08:41,882 [Thread-213] INFO  impl.FollowerState (FollowerState.java:run(117)) - e3697062-c193-48d1-b15e-d6b6b4dc6638@group-BD7A3B63C209-FollowerState was interrupted: java.lang.InterruptedException: sleep interrupted
2019-10-17 01:08:41,883 [Thread-212] INFO  impl.FollowerState (FollowerState.java:run(117)) - ee6ff355-4f2c-4ff1-aa68-7ca64f6b5439@group-BD7A3B63C209-FollowerState was interrupted: java.lang.InterruptedException: sleep interrupted
2019-10-17 01:08:41,883 [grpc-default-executor-0] INFO  impl.RoleInfo (RoleInfo.java:updateAndGet(143)) - ee6ff355-4f2c-4ff1-aa68-7ca64f6b5439: start FollowerState
2019-10-17 01:08:41,890 [Thread-216] INFO  impl.FollowerState (FollowerState.java:run(108)) - e3697062-c193-48d1-b15e-d6b6b4dc6638@group-BD7A3B63C209-FollowerState: change to CANDIDATE, lastRpcTime:7ms, electionTimeout:0ms
2019-10-17 01:08:41,890 [Thread-216] INFO  impl.RoleInfo (RoleInfo.java:shutdownFollowerState(121)) - e3697062-c193-48d1-b15e-d6b6b4dc6638: shutdown FollowerState
2019-10-17 01:08:41,891 [Thread-216] INFO  impl.RaftServerImpl (RaftServerImpl.java:setRole(184)) - e3697062-c193-48d1-b15e-d6b6b4dc6638@group-BD7A3B63C209: changes role from  FOLLOWER to CANDIDATE at term 2 for changeToCandidate
2019-10-17 01:08:41,891 [Thread-216] INFO  impl.RoleInfo (RoleInfo.java:updateAndGet(143)) - e3697062-c193-48d1-b15e-d6b6b4dc6638: start LeaderElection
2019-10-17 01:08:41,893 [a10aa3ca-3ab2-4d87-9bc7-0d045ec2b4ce@group-BD7A3B63C209-LeaderElection4] INFO  impl.LeaderElection (LeaderElection.java:logAndReturn(56)) - a10aa3ca-3ab2-4d87-9bc7-0d045ec2b4ce@group-BD7A3B63C209-LeaderElection4: Election PASSED; received 1 response(s) [a10aa3ca-3ab2-4d87-9bc7-0d045ec2b4ce<-e3697062-c193-48d1-b15e-d6b6b4dc6638#0:OK-t2] and 0 exception(s); a10aa3ca-3ab2-4d87-9bc7-0d045ec2b4ce@group-BD7A3B63C209:t2, leader=null, voted=a10aa3ca-3ab2-4d87-9bc7-0d045ec2b4ce, raftlog=a10aa3ca-3ab2-4d87-9bc7-0d045ec2b4ce@group-BD7A3B63C209-SegmentedRaftLog:OPENED:c-1,f-1,i0, conf=-1: [ee6ff355-4f2c-4ff1-aa68-7ca64f6b5439:192.168.157.194:37608, e3697062-c193-48d1-b15e-d6b6b4dc6638:192.168.157.194:40986, a10aa3ca-3ab2-4d87-9bc7-0d045ec2b4ce:192.168.157.194:36577], old=null
2019-10-17 01:08:41,893 [a10aa3ca-3ab2-4d87-9bc7-0d045ec2b4ce@group-BD7A3B63C209-LeaderElection4] INFO  impl.RoleInfo (RoleInfo.java:shutdownLeaderElection(134)) - a10aa3ca-3ab2-4d87-9bc7-0d045ec2b4ce: shutdown LeaderElection
2019-10-17 01:08:41,894 [a10aa3ca-3ab2-4d87-9bc7-0d045ec2b4ce@group-BD7A3B63C209-LeaderElection4] INFO  impl.RaftServerImpl (RaftServerImpl.java:setRole(184)) - a10aa3ca-3ab2-4d87-9bc7-0d045ec2b4ce@group-BD7A3B63C209: changes role from CANDIDATE to LEADER at term 2 for changeToLeader
2019-10-17 01:08:41,894 [a10aa3ca-3ab2-4d87-9bc7-0d045ec2b4ce@group-BD7A3B63C209-LeaderElection4] INFO  ratis.XceiverServerRatis (XceiverServerRatis.java:handleLeaderChangedNotification(699)) - Leader change notification received for group: group-BD7A3B63C209 with new leaderId: a10aa3ca-3ab2-4d87-9bc7-0d045ec2b4ce
2019-10-17 01:08:41,894 [a10aa3ca-3ab2-4d87-9bc7-0d045ec2b4ce@group-BD7A3B63C209-LeaderElection4] INFO  impl.RaftServerImpl (ServerState.java:setLeader(256)) - a10aa3ca-3ab2-4d87-9bc7-0d045ec2b4ce@group-BD7A3B63C209: change Leader from null to a10aa3ca-3ab2-4d87-9bc7-0d045ec2b4ce at term 2 for becomeLeader, leader elected after 202ms
2019-10-17 01:08:41,895 [a10aa3ca-3ab2-4d87-9bc7-0d045ec2b4ce@group-BD7A3B63C209-LeaderElection4] INFO  server.RaftServerConfigKeys (ConfUtils.java:logGet(43)) - raft.server.staging.catchup.gap = 1000 (default)
2019-10-17 01:08:41,895 [a10aa3ca-3ab2-4d87-9bc7-0d045ec2b4ce@group-BD7A3B63C209-LeaderElection4] INFO  server.RaftServerConfigKeys (ConfUtils.java:logGet(43)) - raft.server.rpc.sleep.time = 25ms (default)
2019-10-17 01:08:41,895 [a10aa3ca-3ab2-4d87-9bc7-0d045ec2b4ce@group-BD7A3B63C209-LeaderElection4] INFO  server.RaftServerConfigKeys (ConfUtils.java:logGet(43)) - raft.server.write.element-limit = 4096 (default)
2019-10-17 01:08:41,896 [a10aa3ca-3ab2-4d87-9bc7-0d045ec2b4ce@group-BD7A3B63C209-LeaderElection4] INFO  server.RaftServerConfigKeys (ConfUtils.java:logGet(43)) - raft.server.watch.timeout = 10s (default)
2019-10-17 01:08:41,896 [a10aa3ca-3ab2-4d87-9bc7-0d045ec2b4ce@group-BD7A3B63C209-LeaderElection4] INFO  server.RaftServerConfigKeys (ConfUtils.java:logGet(43)) - raft.server.watch.timeout.denomination = 1s (default)
2019-10-17 01:08:41,896 [a10aa3ca-3ab2-4d87-9bc7-0d045ec2b4ce@group-BD7A3B63C209-LeaderElection4] INFO  server.RaftServerConfigKeys (ConfUtils.java:logGet(43)) - raft.server.watch.element-limit = 65536 (default)
2019-10-17 01:08:41,897 [EventQueue-PipelineReportForPipelineReportHandler] INFO  pipeline.PipelineReportHandler (PipelineReportHandler.java:processPipelineReport(119)) - Pipeline PipelineID=968e2a2f-54bd-4eee-95a8-bd7a3b63c209 reported by a10aa3ca-3ab2-4d87-9bc7-0d045ec2b4ce{ip: 192.168.157.194, host: pr-hdds-1868-g97gg-2149769003, networkLocation: /default-rack, certSerialId: null} with leaderId a10aa3ca-3ab2-4d87-9bc7-0d045ec2b4ce
2019-10-17 01:08:41,903 [a10aa3ca-3ab2-4d87-9bc7-0d045ec2b4ce@group-BD7A3B63C209-LeaderElection4] INFO  server.RaftServerConfigKeys (ConfUtils.java:logGet(43)) - raft.server.log.appender.snapshot.chunk.size.max = 16MB (=16777216) (default)
2019-10-17 01:08:41,903 [a10aa3ca-3ab2-4d87-9bc7-0d045ec2b4ce@group-BD7A3B63C209-LeaderElection4] INFO  server.RaftServerConfigKeys (ConfUtils.java:logGet(43)) - raft.server.log.appender.buffer.byte-limit = 33554432 (custom)
2019-10-17 01:08:41,904 [a10aa3ca-3ab2-4d87-9bc7-0d045ec2b4ce@group-BD7A3B63C209-LeaderElection4] INFO  server.RaftServerConfigKeys (ConfUtils.java:logGet(43)) - raft.server.log.appender.buffer.element-limit = 1 (custom)
2019-10-17 01:08:41,906 [e3697062-c193-48d1-b15e-d6b6b4dc6638@group-BD7A3B63C209-LeaderElection5] INFO  impl.LeaderElection (LeaderElection.java:askForVotes(178)) - e3697062-c193-48d1-b15e-d6b6b4dc6638@group-BD7A3B63C209-LeaderElection5: begin an election at term 3 for -1: [ee6ff355-4f2c-4ff1-aa68-7ca64f6b5439:192.168.157.194:37608, e3697062-c193-48d1-b15e-d6b6b4dc6638:192.168.157.194:40986, a10aa3ca-3ab2-4d87-9bc7-0d045ec2b4ce:192.168.157.194:36577], old=null
2019-10-17 01:08:41,908 [a10aa3ca-3ab2-4d87-9bc7-0d045ec2b4ce@group-BD7A3B63C209-LeaderElection4] INFO  grpc.GrpcConfigKeys$Server (ConfUtils.java:logGet(43)) - raft.grpc.server.leader.outstanding.appends.max = 128 (default)
2019-10-17 01:08:41,909 [a10aa3ca-3ab2-4d87-9bc7-0d045ec2b4ce@group-BD7A3B63C209-LeaderElection4] INFO  server.RaftServerConfigKeys (ConfUtils.java:logGet(43)) - raft.server.rpc.request.timeout = 3000ms (default)
2019-10-17 01:08:41,909 [a10aa3ca-3ab2-4d87-9bc7-0d045ec2b4ce@group-BD7A3B63C209-LeaderElection4] INFO  server.RaftServerConfigKeys (ConfUtils.java:logGet(43)) - raft.server.log.appender.install.snapshot.enabled = false (custom)
2019-10-17 01:08:41,917 [a10aa3ca-3ab2-4d87-9bc7-0d045ec2b4ce@group-BD7A3B63C209-LeaderElection4] INFO  server.RaftServerConfigKeys (ConfUtils.java:logGet(43)) - raft.server.log.appender.snapshot.chunk.size.max = 16MB (=16777216) (default)
2019-10-17 01:08:41,917 [a10aa3ca-3ab2-4d87-9bc7-0d045ec2b4ce@group-BD7A3B63C209-LeaderElection4] INFO  server.RaftServerConfigKeys (ConfUtils.java:logGet(43)) - raft.server.log.appender.buffer.byte-limit = 33554432 (custom)
2019-10-17 01:08:41,917 [grpc-default-executor-0] INFO  impl.RaftServerImpl (RaftServerImpl.java:setRole(184)) - ee6ff355-4f2c-4ff1-aa68-7ca64f6b5439@group-BD7A3B63C209: changes role from  FOLLOWER to FOLLOWER at term 3 for recognizeCandidate:e3697062-c193-48d1-b15e-d6b6b4dc6638
2019-10-17 01:08:41,918 [a10aa3ca-3ab2-4d87-9bc7-0d045ec2b4ce@group-BD7A3B63C209-LeaderElection4] INFO  server.RaftServerConfigKeys (ConfUtils.java:logGet(43)) - raft.server.log.appender.buffer.element-limit = 1 (custom)
2019-10-17 01:08:41,918 [grpc-default-executor-0] INFO  impl.RoleInfo (RoleInfo.java:shutdownFollowerState(121)) - ee6ff355-4f2c-4ff1-aa68-7ca64f6b5439: shutdown FollowerState
2019-10-17 01:08:41,918 [a10aa3ca-3ab2-4d87-9bc7-0d045ec2b4ce@group-BD7A3B63C209-LeaderElection4] INFO  grpc.GrpcConfigKeys$Server (ConfUtils.java:logGet(43)) - raft.grpc.server.leader.outstanding.appends.max = 128 (default)
2019-10-17 01:08:41,918 [grpc-default-executor-0] INFO  impl.RoleInfo (RoleInfo.java:updateAndGet(143)) - ee6ff355-4f2c-4ff1-aa68-7ca64f6b5439: start FollowerState
2019-10-17 01:08:41,918 [Thread-217] INFO  impl.FollowerState (FollowerState.java:run(117)) - ee6ff355-4f2c-4ff1-aa68-7ca64f6b5439@group-BD7A3B63C209-FollowerState was interrupted: java.lang.InterruptedException: sleep interrupted
2019-10-17 01:08:41,919 [a10aa3ca-3ab2-4d87-9bc7-0d045ec2b4ce@group-BD7A3B63C209-LeaderElection4] INFO  server.RaftServerConfigKeys (ConfUtils.java:logGet(43)) - raft.server.rpc.request.timeout = 3000ms (default)
2019-10-17 01:08:41,920 [a10aa3ca-3ab2-4d87-9bc7-0d045ec2b4ce@group-BD7A3B63C209-LeaderElection4] INFO  server.RaftServerConfigKeys (ConfUtils.java:logGet(43)) - raft.server.log.appender.install.snapshot.enabled = false (custom)
2019-10-17 01:08:41,925 [a10aa3ca-3ab2-4d87-9bc7-0d045ec2b4ce@group-BD7A3B63C209-LeaderElection4] INFO  impl.RoleInfo (RoleInfo.java:updateAndGet(143)) - a10aa3ca-3ab2-4d87-9bc7-0d045ec2b4ce: start LeaderState
2019-10-17 01:08:41,926 [a10aa3ca-3ab2-4d87-9bc7-0d045ec2b4ce@group-BD7A3B63C209-LeaderElection4] INFO  segmented.SegmentedRaftLogWorker (SegmentedRaftLogWorker.java:startLogSegment(385)) - a10aa3ca-3ab2-4d87-9bc7-0d045ec2b4ce@group-BD7A3B63C209-SegmentedRaftLogWorker: Starting segment from index:0
2019-10-17 01:08:41,927 [a10aa3ca-3ab2-4d87-9bc7-0d045ec2b4ce@group-BD7A3B63C209-LeaderElection4] INFO  impl.RaftServerImpl (ServerState.java:setRaftConf(357)) - a10aa3ca-3ab2-4d87-9bc7-0d045ec2b4ce@group-BD7A3B63C209: set configuration 0: [ee6ff355-4f2c-4ff1-aa68-7ca64f6b5439:192.168.157.194:37608, e3697062-c193-48d1-b15e-d6b6b4dc6638:192.168.157.194:40986, a10aa3ca-3ab2-4d87-9bc7-0d045ec2b4ce:192.168.157.194:36577], old=null at 0
2019-10-17 01:08:41,958 [grpc-default-executor-2] INFO  impl.RaftServerImpl (ServerState.java:setLeader(256)) - a10aa3ca-3ab2-4d87-9bc7-0d045ec2b4ce@group-BD7A3B63C209: change Leader from a10aa3ca-3ab2-4d87-9bc7-0d045ec2b4ce to null at term 3 for updateCurrentTerm
2019-10-17 01:08:41,958 [grpc-default-executor-2] INFO  impl.RaftServerImpl (RaftServerImpl.java:setRole(184)) - a10aa3ca-3ab2-4d87-9bc7-0d045ec2b4ce@group-BD7A3B63C209: changes role from    LEADER to FOLLOWER at term 3 for recognizeCandidate:e3697062-c193-48d1-b15e-d6b6b4dc6638
2019-10-17 01:08:41,958 [grpc-default-executor-2] INFO  impl.RoleInfo (RoleInfo.java:shutdownLeaderState(104)) - a10aa3ca-3ab2-4d87-9bc7-0d045ec2b4ce: shutdown LeaderState
2019-10-17 01:08:41,962 [grpc-default-executor-2] INFO  impl.PendingRequests (PendingRequests.java:sendNotLeaderResponses(202)) - a10aa3ca-3ab2-4d87-9bc7-0d045ec2b4ce@group-BD7A3B63C209-PendingRequests: sendNotLeaderResponses
2019-10-17 01:08:41,965 [grpc-default-executor-2] INFO  impl.RoleInfo (RoleInfo.java:updateAndGet(143)) - a10aa3ca-3ab2-4d87-9bc7-0d045ec2b4ce: start FollowerState
2019-10-17 01:08:41,967 [e3697062-c193-48d1-b15e-d6b6b4dc6638@group-BD7A3B63C209-LeaderElection5] INFO  impl.LeaderElection (LeaderElection.java:logAndReturn(56)) - e3697062-c193-48d1-b15e-d6b6b4dc6638@group-BD7A3B63C209-LeaderElection5: Election PASSED; received 1 response(s) [e3697062-c193-48d1-b15e-d6b6b4dc6638<-ee6ff355-4f2c-4ff1-aa68-7ca64f6b5439#0:OK-t3] and 0 exception(s); e3697062-c193-48d1-b15e-d6b6b4dc6638@group-BD7A3B63C209:t3, leader=null, voted=e3697062-c193-48d1-b15e-d6b6b4dc6638, raftlog=e3697062-c193-48d1-b15e-d6b6b4dc6638@group-BD7A3B63C209-SegmentedRaftLog:OPENED:c-1,f-1,i0, conf=-1: [ee6ff355-4f2c-4ff1-aa68-7ca64f6b5439:192.168.157.194:37608, e3697062-c193-48d1-b15e-d6b6b4dc6638:192.168.157.194:40986, a10aa3ca-3ab2-4d87-9bc7-0d045ec2b4ce:192.168.157.194:36577], old=null
2019-10-17 01:08:41,968 [e3697062-c193-48d1-b15e-d6b6b4dc6638@group-BD7A3B63C209-LeaderElection5] INFO  impl.RoleInfo (RoleInfo.java:shutdownLeaderElection(134)) - e3697062-c193-48d1-b15e-d6b6b4dc6638: shutdown LeaderElection
2019-10-17 01:08:41,969 [e3697062-c193-48d1-b15e-d6b6b4dc6638@group-BD7A3B63C209-LeaderElection5] INFO  impl.RaftServerImpl (RaftServerImpl.java:setRole(184)) - e3697062-c193-48d1-b15e-d6b6b4dc6638@group-BD7A3B63C209: changes role from CANDIDATE to LEADER at term 3 for changeToLeader
2019-10-17 01:08:41,969 [e3697062-c193-48d1-b15e-d6b6b4dc6638@group-BD7A3B63C209-LeaderElection5] INFO  ratis.XceiverServerRatis (XceiverServerRatis.java:handleLeaderChangedNotification(699)) - Leader change notification received for group: group-BD7A3B63C209 with new leaderId: e3697062-c193-48d1-b15e-d6b6b4dc6638
2019-10-17 01:08:41,969 [e3697062-c193-48d1-b15e-d6b6b4dc6638@group-BD7A3B63C209-LeaderElection5] INFO  impl.RaftServerImpl (ServerState.java:setLeader(256)) - e3697062-c193-48d1-b15e-d6b6b4dc6638@group-BD7A3B63C209: change Leader from null to e3697062-c193-48d1-b15e-d6b6b4dc6638 at term 3 for becomeLeader, leader elected after 277ms
2019-10-17 01:08:41,969 [e3697062-c193-48d1-b15e-d6b6b4dc6638@group-BD7A3B63C209-LeaderElection5] INFO  server.RaftServerConfigKeys (ConfUtils.java:logGet(43)) - raft.server.staging.catchup.gap = 1000 (default)
2019-10-17 01:08:41,970 [e3697062-c193-48d1-b15e-d6b6b4dc6638@group-BD7A3B63C209-LeaderElection5] INFO  server.RaftServerConfigKeys (ConfUtils.java:logGet(43)) - raft.server.rpc.sleep.time = 25ms (default)
2019-10-17 01:08:41,970 [e3697062-c193-48d1-b15e-d6b6b4dc6638@group-BD7A3B63C209-LeaderElection5] INFO  server.RaftServerConfigKeys (ConfUtils.java:logGet(43)) - raft.server.write.element-limit = 4096 (default)
2019-10-17 01:08:41,971 [e3697062-c193-48d1-b15e-d6b6b4dc6638@group-BD7A3B63C209-LeaderElection5] INFO  server.RaftServerConfigKeys (ConfUtils.java:logGet(43)) - raft.server.watch.timeout = 10s (default)
2019-10-17 01:08:41,971 [e3697062-c193-48d1-b15e-d6b6b4dc6638@group-BD7A3B63C209-LeaderElection5] INFO  server.RaftServerConfigKeys (ConfUtils.java:logGet(43)) - raft.server.watch.timeout.denomination = 1s (default)
2019-10-17 01:08:41,971 [e3697062-c193-48d1-b15e-d6b6b4dc6638@group-BD7A3B63C209-LeaderElection5] INFO  server.RaftServerConfigKeys (ConfUtils.java:logGet(43)) - raft.server.watch.element-limit = 65536 (default)
2019-10-17 01:08:41,971 [a10aa3ca-3ab2-4d87-9bc7-0d045ec2b4ce@group-BD7A3B63C209-SegmentedRaftLogWorker] INFO  segmented.SegmentedRaftLogWorker (SegmentedRaftLogWorker.java:execute(576)) - a10aa3ca-3ab2-4d87-9bc7-0d045ec2b4ce@group-BD7A3B63C209-SegmentedRaftLogWorker: created new log segment /workdir/hadoop-ozone/integration-test/target/test-dir/MiniOzoneClusterImpl-85f8a08e-f83a-42a3-ae7e-0eb0c728a558/datanode-0/data/ratis/968e2a2f-54bd-4eee-95a8-bd7a3b63c209/current/log_inprogress_0
2019-10-17 01:08:41,973 [EventQueue-PipelineReportForPipelineReportHandler] INFO  pipeline.PipelineReportHandler (PipelineReportHandler.java:processPipelineReport(119)) - Pipeline PipelineID=968e2a2f-54bd-4eee-95a8-bd7a3b63c209 reported by e3697062-c193-48d1-b15e-d6b6b4dc6638{ip: 192.168.157.194, host: pr-hdds-1868-g97gg-2149769003, networkLocation: /default-rack, certSerialId: null} with leaderId e3697062-c193-48d1-b15e-d6b6b4dc6638
2019-10-17 01:08:41,973 [org.apache.ratis.server.impl.LogAppender$AppenderDaemon$$Lambda$422/1187393093@c0f9cc8] WARN  server.GrpcLogAppender (GrpcLogAppender.java:mayWait(149)) - a10aa3ca-3ab2-4d87-9bc7-0d045ec2b4ce@group-BD7A3B63C209->e3697062-c193-48d1-b15e-d6b6b4dc6638-GrpcLogAppender: Wait interrupted by java.lang.InterruptedException
2019-10-17 01:08:41,973 [org.apache.ratis.server.impl.LogAppender$AppenderDaemon$$Lambda$422/1187393093@289aa5f] WARN  server.GrpcLogAppender (GrpcLogAppender.java:mayWait(149)) - a10aa3ca-3ab2-4d87-9bc7-0d045ec2b4ce@group-BD7A3B63C209->ee6ff355-4f2c-4ff1-aa68-7ca64f6b5439-GrpcLogAppender: Wait interrupted by java.lang.InterruptedException
2019-10-17 01:08:41,986 [e3697062-c193-48d1-b15e-d6b6b4dc6638@group-BD7A3B63C209-LeaderElection5] INFO  server.RaftServerConfigKeys (ConfUtils.java:logGet(43)) - raft.server.log.appender.snapshot.chunk.size.max = 16MB (=16777216) (default)
2019-10-17 01:08:41,986 [e3697062-c193-48d1-b15e-d6b6b4dc6638@group-BD7A3B63C209-LeaderElection5] INFO  server.RaftServerConfigKeys (ConfUtils.java:logGet(43)) - raft.server.log.appender.buffer.byte-limit = 33554432 (custom)
2019-10-17 01:08:41,986 [e3697062-c193-48d1-b15e-d6b6b4dc6638@group-BD7A3B63C209-LeaderElection5] INFO  server.RaftServerConfigKeys (ConfUtils.java:logGet(43)) - raft.server.log.appender.buffer.element-limit = 1 (custom)
2019-10-17 01:08:41,986 [e3697062-c193-48d1-b15e-d6b6b4dc6638@group-BD7A3B63C209-LeaderElection5] INFO  grpc.GrpcConfigKeys$Server (ConfUtils.java:logGet(43)) - raft.grpc.server.leader.outstanding.appends.max = 128 (default)
2019-10-17 01:08:41,986 [e3697062-c193-48d1-b15e-d6b6b4dc6638@group-BD7A3B63C209-LeaderElection5] INFO  server.RaftServerConfigKeys (ConfUtils.java:logGet(43)) - raft.server.rpc.request.timeout = 3000ms (default)
2019-10-17 01:08:41,986 [e3697062-c193-48d1-b15e-d6b6b4dc6638@group-BD7A3B63C209-LeaderElection5] INFO  server.RaftServerConfigKeys (ConfUtils.java:logGet(43)) - raft.server.log.appender.install.snapshot.enabled = false (custom)
2019-10-17 01:08:41,988 [e3697062-c193-48d1-b15e-d6b6b4dc6638@group-BD7A3B63C209-LeaderElection5] INFO  server.RaftServerConfigKeys (ConfUtils.java:logGet(43)) - raft.server.log.appender.snapshot.chunk.size.max = 16MB (=16777216) (default)
2019-10-17 01:08:41,988 [e3697062-c193-48d1-b15e-d6b6b4dc6638@group-BD7A3B63C209-LeaderElection5] INFO  server.RaftServerConfigKeys (ConfUtils.java:logGet(43)) - raft.server.log.appender.buffer.byte-limit = 33554432 (custom)
2019-10-17 01:08:41,988 [e3697062-c193-48d1-b15e-d6b6b4dc6638@group-BD7A3B63C209-LeaderElection5] INFO  server.RaftServerConfigKeys (ConfUtils.java:logGet(43)) - raft.server.log.appender.buffer.element-limit = 1 (custom)
2019-10-17 01:08:41,989 [grpc-default-executor-2] INFO  server.GrpcServerProtocolService (GrpcServerProtocolService.java:onCompleted(113)) - e3697062-c193-48d1-b15e-d6b6b4dc6638: Completed APPEND_ENTRIES, lastRequest: null
2019-10-17 01:08:41,989 [grpc-default-executor-0] INFO  server.GrpcServerProtocolService (GrpcServerProtocolService.java:onCompleted(113)) - ee6ff355-4f2c-4ff1-aa68-7ca64f6b5439: Completed APPEND_ENTRIES, lastRequest: null
2019-10-17 01:08:41,989 [e3697062-c193-48d1-b15e-d6b6b4dc6638@group-BD7A3B63C209-LeaderElection5] INFO  grpc.GrpcConfigKeys$Server (ConfUtils.java:logGet(43)) - raft.grpc.server.leader.outstanding.appends.max = 128 (default)
2019-10-17 01:08:41,989 [e3697062-c193-48d1-b15e-d6b6b4dc6638@group-BD7A3B63C209-LeaderElection5] INFO  server.RaftServerConfigKeys (ConfUtils.java:logGet(43)) - raft.server.rpc.request.timeout = 3000ms (default)
2019-10-17 01:08:41,990 [e3697062-c193-48d1-b15e-d6b6b4dc6638@group-BD7A3B63C209-LeaderElection5] INFO  server.RaftServerConfigKeys (ConfUtils.java:logGet(43)) - raft.server.log.appender.install.snapshot.enabled = false (custom)
2019-10-17 01:08:41,991 [grpc-default-executor-0] INFO  server.GrpcLogAppender (GrpcLogAppender.java:onCompleted(308)) - a10aa3ca-3ab2-4d87-9bc7-0d045ec2b4ce@group-BD7A3B63C209->e3697062-c193-48d1-b15e-d6b6b4dc6638-AppendLogResponseHandler: follower responses appendEntries COMPLETED
2019-10-17 01:08:41,991 [grpc-default-executor-2] INFO  server.GrpcLogAppender (GrpcLogAppender.java:onCompleted(308)) - a10aa3ca-3ab2-4d87-9bc7-0d045ec2b4ce@group-BD7A3B63C209->ee6ff355-4f2c-4ff1-aa68-7ca64f6b5439-AppendLogResponseHandler: follower responses appendEntries COMPLETED
2019-10-17 01:08:41,993 [e3697062-c193-48d1-b15e-d6b6b4dc6638@group-BD7A3B63C209-LeaderElection5] INFO  impl.RoleInfo (RoleInfo.java:updateAndGet(143)) - e3697062-c193-48d1-b15e-d6b6b4dc6638: start LeaderState
2019-10-17 01:08:41,993 [e3697062-c193-48d1-b15e-d6b6b4dc6638@group-BD7A3B63C209-LeaderElection5] INFO  segmented.SegmentedRaftLogWorker (SegmentedRaftLogWorker.java:startLogSegment(385)) - e3697062-c193-48d1-b15e-d6b6b4dc6638@group-BD7A3B63C209-SegmentedRaftLogWorker: Starting segment from index:0
2019-10-17 01:08:42,021 [grpc-default-executor-0] INFO  impl.FollowerInfo (FollowerInfo.java:lambda$new$0(51)) - a10aa3ca-3ab2-4d87-9bc7-0d045ec2b4ce@group-BD7A3B63C209->e3697062-c193-48d1-b15e-d6b6b4dc6638: nextIndex: updateUnconditionally 0 -> 0
2019-10-17 01:08:42,022 [e3697062-c193-48d1-b15e-d6b6b4dc6638@group-BD7A3B63C209-LeaderElection5] INFO  impl.RaftServerImpl (ServerState.java:setRaftConf(357)) - e3697062-c193-48d1-b15e-d6b6b4dc6638@group-BD7A3B63C209: set configuration 0: [ee6ff355-4f2c-4ff1-aa68-7ca64f6b5439:192.168.157.194:37608, e3697062-c193-48d1-b15e-d6b6b4dc6638:192.168.157.194:40986, a10aa3ca-3ab2-4d87-9bc7-0d045ec2b4ce:192.168.157.194:36577], old=null at 0
2019-10-17 01:08:42,021 [grpc-default-executor-2] INFO  impl.FollowerInfo (FollowerInfo.java:lambda$new$0(51)) - a10aa3ca-3ab2-4d87-9bc7-0d045ec2b4ce@group-BD7A3B63C209->ee6ff355-4f2c-4ff1-aa68-7ca64f6b5439: nextIndex: updateUnconditionally 0 -> 0
2019-10-17 01:08:42,033 [grpc-default-executor-2] INFO  ratis.XceiverServerRatis (XceiverServerRatis.java:handleLeaderChangedNotification(699)) - Leader change notification received for group: group-BD7A3B63C209 with new leaderId: e3697062-c193-48d1-b15e-d6b6b4dc6638
2019-10-17 01:08:42,034 [e3697062-c193-48d1-b15e-d6b6b4dc6638@group-BD7A3B63C209-SegmentedRaftLogWorker] INFO  segmented.SegmentedRaftLogWorker (SegmentedRaftLogWorker.java:execute(576)) - e3697062-c193-48d1-b15e-d6b6b4dc6638@group-BD7A3B63C209-SegmentedRaftLogWorker: created new log segment /workdir/hadoop-ozone/integration-test/target/test-dir/MiniOzoneClusterImpl-85f8a08e-f83a-42a3-ae7e-0eb0c728a558/datanode-2/data/ratis/968e2a2f-54bd-4eee-95a8-bd7a3b63c209/current/log_inprogress_0
2019-10-17 01:08:42,034 [grpc-default-executor-2] INFO  impl.RaftServerImpl (ServerState.java:setLeader(256)) - ee6ff355-4f2c-4ff1-aa68-7ca64f6b5439@group-BD7A3B63C209: change Leader from null to e3697062-c193-48d1-b15e-d6b6b4dc6638 at term 3 for appendEntries, leader elected after 342ms
2019-10-17 01:08:42,034 [grpc-default-executor-0] INFO  ratis.XceiverServerRatis (XceiverServerRatis.java:handleLeaderChangedNotification(699)) - Leader change notification received for group: group-BD7A3B63C209 with new leaderId: e3697062-c193-48d1-b15e-d6b6b4dc6638
2019-10-17 01:08:42,034 [grpc-default-executor-0] INFO  impl.RaftServerImpl (ServerState.java:setLeader(256)) - a10aa3ca-3ab2-4d87-9bc7-0d045ec2b4ce@group-BD7A3B63C209: change Leader from null to e3697062-c193-48d1-b15e-d6b6b4dc6638 at term 3 for appendEntries, leader elected after 75ms
2019-10-17 01:08:42,038 [EventQueue-PipelineReportForPipelineReportHandler] INFO  pipeline.PipelineReportHandler (PipelineReportHandler.java:processPipelineReport(119)) - Pipeline PipelineID=968e2a2f-54bd-4eee-95a8-bd7a3b63c209 reported by ee6ff355-4f2c-4ff1-aa68-7ca64f6b5439{ip: 192.168.157.194, host: pr-hdds-1868-g97gg-2149769003, networkLocation: /default-rack, certSerialId: null} with leaderId e3697062-c193-48d1-b15e-d6b6b4dc6638
2019-10-17 01:08:42,040 [EventQueue-PipelineReportForPipelineReportHandler] INFO  pipeline.PipelineReportHandler (PipelineReportHandler.java:processPipelineReport(119)) - Pipeline PipelineID=968e2a2f-54bd-4eee-95a8-bd7a3b63c209 reported by a10aa3ca-3ab2-4d87-9bc7-0d045ec2b4ce{ip: 192.168.157.194, host: pr-hdds-1868-g97gg-2149769003, networkLocation: /default-rack, certSerialId: null} with leaderId e3697062-c193-48d1-b15e-d6b6b4dc6638
2019-10-17 01:08:42,040 [EventQueue-PipelineReportForPipelineReportHandler] INFO  pipeline.PipelineStateManager (PipelineStateManager.java:openPipeline(134)) - Pipeline Pipeline[ Id: 968e2a2f-54bd-4eee-95a8-bd7a3b63c209, Nodes: e3697062-c193-48d1-b15e-d6b6b4dc6638{ip: 192.168.157.194, host: pr-hdds-1868-g97gg-2149769003, networkLocation: /default-rack, certSerialId: null}a10aa3ca-3ab2-4d87-9bc7-0d045ec2b4ce{ip: 192.168.157.194, host: pr-hdds-1868-g97gg-2149769003, networkLocation: /default-rack, certSerialId: null}ee6ff355-4f2c-4ff1-aa68-7ca64f6b5439{ip: 192.168.157.194, host: pr-hdds-1868-g97gg-2149769003, networkLocation: /default-rack, certSerialId: null}, Type:RATIS, Factor:THREE, State:OPEN] moved to OPEN state
2019-10-17 01:08:42,060 [grpc-default-executor-0] INFO  impl.RaftServerImpl (ServerState.java:setRaftConf(357)) - ee6ff355-4f2c-4ff1-aa68-7ca64f6b5439@group-BD7A3B63C209: set configuration 0: [ee6ff355-4f2c-4ff1-aa68-7ca64f6b5439:192.168.157.194:37608, e3697062-c193-48d1-b15e-d6b6b4dc6638:192.168.157.194:40986, a10aa3ca-3ab2-4d87-9bc7-0d045ec2b4ce:192.168.157.194:36577], old=null at 0
2019-10-17 01:08:42,060 [grpc-default-executor-2] INFO  impl.RaftServerImpl (ServerState.java:setRaftConf(357)) - a10aa3ca-3ab2-4d87-9bc7-0d045ec2b4ce@group-BD7A3B63C209: set configuration 0: [ee6ff355-4f2c-4ff1-aa68-7ca64f6b5439:192.168.157.194:37608, e3697062-c193-48d1-b15e-d6b6b4dc6638:192.168.157.194:40986, a10aa3ca-3ab2-4d87-9bc7-0d045ec2b4ce:192.168.157.194:36577], old=null at 0
2019-10-17 01:08:42,060 [grpc-default-executor-0] INFO  segmented.SegmentedRaftLogWorker (SegmentedRaftLogWorker.java:startLogSegment(385)) - ee6ff355-4f2c-4ff1-aa68-7ca64f6b5439@group-BD7A3B63C209-SegmentedRaftLogWorker: Starting segment from index:0
2019-10-17 01:08:42,064 [grpc-default-executor-2] INFO  segmented.SegmentedRaftLogWorker (SegmentedRaftLogWorker.java:truncate(401)) - a10aa3ca-3ab2-4d87-9bc7-0d045ec2b4ce@group-BD7A3B63C209-SegmentedRaftLogWorker: Truncating segments toTruncate: null
  toDelete: [(0, 0) isOpen? true, length=0, newEndIndex=-1], start index 0
2019-10-17 01:08:42,065 [grpc-default-executor-2] INFO  segmented.SegmentedRaftLogWorker (SegmentedRaftLogWorker.java:startLogSegment(385)) - a10aa3ca-3ab2-4d87-9bc7-0d045ec2b4ce@group-BD7A3B63C209-SegmentedRaftLogWorker: Starting segment from index:0
2019-10-17 01:08:42,067 [a10aa3ca-3ab2-4d87-9bc7-0d045ec2b4ce@group-BD7A3B63C209-SegmentedRaftLogWorker] INFO  segmented.SegmentedRaftLogWorker (SegmentedRaftLogWorker.java:execute(640)) - a10aa3ca-3ab2-4d87-9bc7-0d045ec2b4ce@group-BD7A3B63C209-SegmentedRaftLogWorker: Deleted log file /workdir/hadoop-ozone/integration-test/target/test-dir/MiniOzoneClusterImpl-85f8a08e-f83a-42a3-ae7e-0eb0c728a558/datanode-0/data/ratis/968e2a2f-54bd-4eee-95a8-bd7a3b63c209/current/log_inprogress_0
2019-10-17 01:08:42,067 [a10aa3ca-3ab2-4d87-9bc7-0d045ec2b4ce@group-BD7A3B63C209-SegmentedRaftLogWorker] INFO  segmented.SegmentedRaftLogWorker (SegmentedRaftLogWorker.java:lambda$new$0(128)) - a10aa3ca-3ab2-4d87-9bc7-0d045ec2b4ce@group-BD7A3B63C209-SegmentedRaftLogWorker: flushIndex: setUnconditionally 0 -> -1
2019-10-17 01:08:42,109 [ee6ff355-4f2c-4ff1-aa68-7ca64f6b5439@group-BD7A3B63C209-SegmentedRaftLogWorker] INFO  segmented.SegmentedRaftLogWorker (SegmentedRaftLogWorker.java:execute(576)) - ee6ff355-4f2c-4ff1-aa68-7ca64f6b5439@group-BD7A3B63C209-SegmentedRaftLogWorker: created new log segment /workdir/hadoop-ozone/integration-test/target/test-dir/MiniOzoneClusterImpl-85f8a08e-f83a-42a3-ae7e-0eb0c728a558/datanode-1/data/ratis/968e2a2f-54bd-4eee-95a8-bd7a3b63c209/current/log_inprogress_0
2019-10-17 01:08:42,109 [a10aa3ca-3ab2-4d87-9bc7-0d045ec2b4ce@group-BD7A3B63C209-SegmentedRaftLogWorker] INFO  segmented.SegmentedRaftLogWorker (SegmentedRaftLogWorker.java:execute(576)) - a10aa3ca-3ab2-4d87-9bc7-0d045ec2b4ce@group-BD7A3B63C209-SegmentedRaftLogWorker: created new log segment /workdir/hadoop-ozone/integration-test/target/test-dir/MiniOzoneClusterImpl-85f8a08e-f83a-42a3-ae7e-0eb0c728a558/datanode-0/data/ratis/968e2a2f-54bd-4eee-95a8-bd7a3b63c209/current/log_inprogress_0
2019-10-17 01:08:42,438 [main] INFO  ozone.MiniOzoneClusterImpl (MiniOzoneClusterImpl.java:lambda$waitForClusterToBeReady$2(172)) - Cluster is ready. Got 3 of 3 DN Heartbeats.
2019-10-17 01:08:43,202 [main] INFO  rpc.RpcClient (RpcClient.java:createVolume(272)) - Creating Volume: testcontainerstatemachinefailures, with jenkins1000 as owner.
2019-10-17 01:08:43,299 [IPC Server handler 5 on 37817] INFO  volume.OMVolumeCreateRequest (OMVolumeCreateRequest.java:validateAndUpdateCache(193)) - created volume:testcontainerstatemachinefailures for user:jenkins1000
2019-10-17 01:08:43,318 [main] INFO  rpc.RpcClient (RpcClient.java:createBucket(411)) - Creating Bucket: testcontainerstatemachinefailures/testcontainerstatemachinefailures, with Versioning false and Storage Type set to DISK and Encryption set to false 
2019-10-17 01:08:43,443 [main] INFO  impl.MetricsSystemImpl (MetricsSystemImpl.java:init(158)) - XceiverClientMetrics metrics system started (again)
2019-10-17 01:08:43,720 [Thread-181] INFO  container.ReplicationManager (ReplicationManager.java:start(162)) - Starting Replication Monitor Thread.
2019-10-17 01:08:43,729 [ReplicationMonitor] INFO  container.ReplicationManager (ReplicationManager.java:run(225)) - Replication Monitor Thread took 5 milliseconds for processing 1 containers.
2019-10-17 01:08:43,930 [Datanode State Machine Thread - 0] INFO  statemachine.DatanodeStateMachine (DatanodeStateMachine.java:lambda$startDaemon$0(350)) - Ozone container server started.
2019-10-17 01:08:48,883 [main] INFO  ozoneimpl.OzoneContainer (OzoneContainer.java:stop(227)) - Attempting to stop container services.
2019-10-17 01:08:48,884 [main] INFO  impl.RaftServerProxy (RaftServerProxy.java:lambda$close$4(314)) - ee6ff355-4f2c-4ff1-aa68-7ca64f6b5439: close
2019-10-17 01:08:48,885 [main] INFO  impl.RaftServerImpl (RaftServerImpl.java:lambda$shutdown$3(261)) - ee6ff355-4f2c-4ff1-aa68-7ca64f6b5439@group-2921AD756026: shutdown
2019-10-17 01:08:48,885 [ForkJoinPool.commonPool-worker-1] INFO  impl.RaftServerImpl (RaftServerImpl.java:lambda$shutdown$3(261)) - ee6ff355-4f2c-4ff1-aa68-7ca64f6b5439@group-BD7A3B63C209: shutdown
2019-10-17 01:08:48,886 [main] INFO  util.JmxRegister (JmxRegister.java:unregister(73)) - Successfully un-registered JMX Bean with object name Ratis:service=RaftServer,group=group-2921AD756026,id=ee6ff355-4f2c-4ff1-aa68-7ca64f6b5439
2019-10-17 01:08:48,886 [ForkJoinPool.commonPool-worker-1] INFO  util.JmxRegister (JmxRegister.java:unregister(73)) - Successfully un-registered JMX Bean with object name Ratis:service=RaftServer,group=group-BD7A3B63C209,id=ee6ff355-4f2c-4ff1-aa68-7ca64f6b5439
2019-10-17 01:08:48,886 [main] INFO  impl.RoleInfo (RoleInfo.java:shutdownLeaderState(104)) - ee6ff355-4f2c-4ff1-aa68-7ca64f6b5439: shutdown LeaderState
2019-10-17 01:08:48,886 [ForkJoinPool.commonPool-worker-1] INFO  impl.RoleInfo (RoleInfo.java:shutdownFollowerState(121)) - ee6ff355-4f2c-4ff1-aa68-7ca64f6b5439: shutdown FollowerState
2019-10-17 01:08:48,887 [main] INFO  impl.PendingRequests (PendingRequests.java:sendNotLeaderResponses(202)) - ee6ff355-4f2c-4ff1-aa68-7ca64f6b5439@group-2921AD756026-PendingRequests: sendNotLeaderResponses
2019-10-17 01:08:48,887 [ee6ff355-4f2c-4ff1-aa68-7ca64f6b5439@group-BD7A3B63C209-StateMachineUpdater] INFO  ratis.ContainerStateMachine (ContainerStateMachine.java:takeSnapshot(296)) - group-BD7A3B63C209: Taking a snapshot at:(t:3, i:3) file /workdir/hadoop-ozone/integration-test/target/test-dir/MiniOzoneClusterImpl-85f8a08e-f83a-42a3-ae7e-0eb0c728a558/datanode-1/data/ratis/968e2a2f-54bd-4eee-95a8-bd7a3b63c209/sm/snapshot.3_3
2019-10-17 01:08:48,887 [ForkJoinPool.commonPool-worker-1] INFO  impl.StateMachineUpdater (StateMachineUpdater.java:stopAndJoin(136)) - ee6ff355-4f2c-4ff1-aa68-7ca64f6b5439@group-BD7A3B63C209-StateMachineUpdater: set stopIndex = 4
2019-10-17 01:08:48,887 [Thread-224] INFO  impl.FollowerState (FollowerState.java:run(117)) - ee6ff355-4f2c-4ff1-aa68-7ca64f6b5439@group-BD7A3B63C209-FollowerState was interrupted: java.lang.InterruptedException: sleep interrupted
2019-10-17 01:08:48,887 [main] INFO  impl.StateMachineUpdater (StateMachineUpdater.java:stopAndJoin(136)) - ee6ff355-4f2c-4ff1-aa68-7ca64f6b5439@group-2921AD756026-StateMachineUpdater: set stopIndex = 0
2019-10-17 01:08:48,892 [main] INFO  impl.RaftServerImpl (ServerState.java:close(388)) - ee6ff355-4f2c-4ff1-aa68-7ca64f6b5439@group-2921AD756026: closes. applyIndex: 0
2019-10-17 01:08:48,894 [ee6ff355-4f2c-4ff1-aa68-7ca64f6b5439@group-2921AD756026-SegmentedRaftLogWorker] INFO  segmented.SegmentedRaftLogWorker (SegmentedRaftLogWorker.java:run(316)) - ee6ff355-4f2c-4ff1-aa68-7ca64f6b5439@group-2921AD756026-SegmentedRaftLogWorker was interrupted, exiting. There are 0 tasks remaining in the queue.
2019-10-17 01:08:48,895 [main] INFO  segmented.SegmentedRaftLogWorker (SegmentedRaftLogWorker.java:close(224)) - ee6ff355-4f2c-4ff1-aa68-7ca64f6b5439@group-2921AD756026-SegmentedRaftLogWorker close()
2019-10-17 01:08:48,990 [ee6ff355-4f2c-4ff1-aa68-7ca64f6b5439@group-BD7A3B63C209-StateMachineUpdater] INFO  ratis.ContainerStateMachine (ContainerStateMachine.java:takeSnapshot(307)) - group-BD7A3B63C209: Finished taking a snapshot at:(t:3, i:3) file:/workdir/hadoop-ozone/integration-test/target/test-dir/MiniOzoneClusterImpl-85f8a08e-f83a-42a3-ae7e-0eb0c728a558/datanode-1/data/ratis/968e2a2f-54bd-4eee-95a8-bd7a3b63c209/sm/snapshot.3_3 time:104
2019-10-17 01:08:48,993 [ee6ff355-4f2c-4ff1-aa68-7ca64f6b5439@group-BD7A3B63C209-StateMachineUpdater] INFO  impl.StateMachineUpdater (StateMachineUpdater.java:takeSnapshot(269)) - ee6ff355-4f2c-4ff1-aa68-7ca64f6b5439@group-BD7A3B63C209-StateMachineUpdater: Took a snapshot at index 3
2019-10-17 01:08:48,993 [ee6ff355-4f2c-4ff1-aa68-7ca64f6b5439@group-BD7A3B63C209-StateMachineUpdater] INFO  impl.StateMachineUpdater (StateMachineUpdater.java:lambda$new$0(84)) - ee6ff355-4f2c-4ff1-aa68-7ca64f6b5439@group-BD7A3B63C209-StateMachineUpdater: snapshotIndex: updateIncreasingly -1 -> 3
2019-10-17 01:08:48,998 [ee6ff355-4f2c-4ff1-aa68-7ca64f6b5439@group-BD7A3B63C209-StateMachineUpdater] INFO  ratis.ContainerStateMachine (ContainerStateMachine.java:takeSnapshot(296)) - group-BD7A3B63C209: Taking a snapshot at:(t:3, i:3) file /workdir/hadoop-ozone/integration-test/target/test-dir/MiniOzoneClusterImpl-85f8a08e-f83a-42a3-ae7e-0eb0c728a558/datanode-1/data/ratis/968e2a2f-54bd-4eee-95a8-bd7a3b63c209/sm/snapshot.3_3
2019-10-17 01:08:49,010 [ee6ff355-4f2c-4ff1-aa68-7ca64f6b5439@group-BD7A3B63C209-StateMachineUpdater] INFO  ratis.ContainerStateMachine (ContainerStateMachine.java:takeSnapshot(307)) - group-BD7A3B63C209: Finished taking a snapshot at:(t:3, i:3) file:/workdir/hadoop-ozone/integration-test/target/test-dir/MiniOzoneClusterImpl-85f8a08e-f83a-42a3-ae7e-0eb0c728a558/datanode-1/data/ratis/968e2a2f-54bd-4eee-95a8-bd7a3b63c209/sm/snapshot.3_3 time:11
2019-10-17 01:08:49,010 [ee6ff355-4f2c-4ff1-aa68-7ca64f6b5439@group-BD7A3B63C209-StateMachineUpdater] INFO  impl.StateMachineUpdater (StateMachineUpdater.java:takeSnapshot(269)) - ee6ff355-4f2c-4ff1-aa68-7ca64f6b5439@group-BD7A3B63C209-StateMachineUpdater: Took a snapshot at index 3
2019-10-17 01:08:49,010 [ee6ff355-4f2c-4ff1-aa68-7ca64f6b5439@group-BD7A3B63C209-StateMachineUpdater] INFO  impl.StateMachineUpdater (StateMachineUpdater.java:lambda$new$0(84)) - ee6ff355-4f2c-4ff1-aa68-7ca64f6b5439@group-BD7A3B63C209-StateMachineUpdater: snapshotIndex: updateIncreasingly 3 -> 3
2019-10-17 01:08:49,011 [ForkJoinPool.commonPool-worker-1] INFO  impl.RaftServerImpl (ServerState.java:close(388)) - ee6ff355-4f2c-4ff1-aa68-7ca64f6b5439@group-BD7A3B63C209: closes. applyIndex: 4
2019-10-17 01:08:49,011 [ee6ff355-4f2c-4ff1-aa68-7ca64f6b5439@group-BD7A3B63C209-SegmentedRaftLogWorker] INFO  segmented.SegmentedRaftLogWorker (SegmentedRaftLogWorker.java:run(316)) - ee6ff355-4f2c-4ff1-aa68-7ca64f6b5439@group-BD7A3B63C209-SegmentedRaftLogWorker was interrupted, exiting. There are 0 tasks remaining in the queue.
2019-10-17 01:08:49,013 [ForkJoinPool.commonPool-worker-1] INFO  segmented.SegmentedRaftLogWorker (SegmentedRaftLogWorker.java:close(224)) - ee6ff355-4f2c-4ff1-aa68-7ca64f6b5439@group-BD7A3B63C209-SegmentedRaftLogWorker close()
2019-10-17 01:08:49,015 [main] INFO  server.GrpcService (GrpcService.java:closeImpl(164)) - ee6ff355-4f2c-4ff1-aa68-7ca64f6b5439: shutdown server with port 37608 now
2019-10-17 01:08:49,020 [grpc-default-executor-1] WARN  server.GrpcServerProtocolService (LogUtils.java:warn(134)) - ee6ff355-4f2c-4ff1-aa68-7ca64f6b5439: installSnapshot onError, lastRequest: e3697062-c193-48d1-b15e-d6b6b4dc6638->ee6ff355-4f2c-4ff1-aa68-7ca64f6b5439#7-t3, previous=(t:3, i:4), leaderCommit=4, initializing? false, entries: <empty>: org.apache.ratis.thirdparty.io.grpc.StatusRuntimeException: CANCELLED: cancelled before receiving half close
2019-10-17 01:08:49,020 [main] INFO  server.GrpcService (GrpcService.java:closeImpl(172)) - ee6ff355-4f2c-4ff1-aa68-7ca64f6b5439: shutdown server with port 37608 successfully
2019-10-17 01:08:49,023 [grpc-default-executor-2] WARN  server.GrpcLogAppender (LogUtils.java:warn(134)) - e3697062-c193-48d1-b15e-d6b6b4dc6638@group-BD7A3B63C209->ee6ff355-4f2c-4ff1-aa68-7ca64f6b5439-AppendLogResponseHandler: Failed appendEntries: org.apache.ratis.thirdparty.io.grpc.StatusRuntimeException: CANCELLED: HTTP/2 error code: CANCEL
Received Rst Stream
2019-10-17 01:08:49,028 [refreshUsed-/workdir/hadoop-ozone/integration-test/target/test-dir/MiniOzoneClusterImpl-85f8a08e-f83a-42a3-ae7e-0eb0c728a558/datanode-1/data/containers] WARN  fs.CachingGetSpaceUsed (CachingGetSpaceUsed.java:run(183)) - Thread Interrupted waiting to refresh disk information: sleep interrupted
2019-10-17 01:08:49,042 [main] INFO  utils.BackgroundService (BackgroundService.java:shutdown(151)) - Shutting down service BlockDeletingService
2019-10-17 01:08:49,045 [main] INFO  statemachine.DatanodeStateMachine (DatanodeStateMachine.java:stopDaemon(395)) - Ozone container server stopped.
2019-10-17 01:08:49,049 [main] INFO  handler.ContextHandler (ContextHandler.java:doStop(910)) - Stopped o.e.j.w.WebAppContext@7a0ef219{/,null,UNAVAILABLE}{/hddsDatanode}
2019-10-17 01:08:49,053 [main] INFO  server.AbstractConnector (AbstractConnector.java:doStop(318)) - Stopped ServerConnector@1b1f5012{HTTP/1.1,[http/1.1]}{0.0.0.0:0}
2019-10-17 01:08:49,054 [main] INFO  handler.ContextHandler (ContextHandler.java:doStop(910)) - Stopped o.e.j.s.ServletContextHandler@8851ce1{/static,jar:file:/home/user/.m2/repository/org/apache/hadoop/hadoop-hdds-container-service/0.5.0-SNAPSHOT/hadoop-hdds-container-service-0.5.0-SNAPSHOT.jar!/webapps/static,UNAVAILABLE}
2019-10-17 01:08:49,054 [main] INFO  handler.ContextHandler (ContextHandler.java:doStop(910)) - Stopped o.e.j.s.ServletContextHandler@5e65afb6{/logs,file:///workdir/hadoop-ozone/integration-test/target/log,UNAVAILABLE}
2019-10-17 01:08:52,061 [java.util.concurrent.ThreadPoolExecutor$Worker@709a6842[State = -1, empty queue]] WARN  server.GrpcLogAppender (GrpcLogAppender.java:timeoutAppendRequest(209)) - e3697062-c193-48d1-b15e-d6b6b4dc6638@group-BD7A3B63C209->ee6ff355-4f2c-4ff1-aa68-7ca64f6b5439-GrpcLogAppender: appendEntries Timeout, request=e3697062-c193-48d1-b15e-d6b6b4dc6638->ee6ff355-4f2c-4ff1-aa68-7ca64f6b5439#8-t3, previous=(t:3, i:4), leaderCommit=4, initializing? false, entries: size=1, first=(t:3, i:5), STATEMACHINELOGENTRY, client-B379F03C97AF, cid=8
2019-10-17 01:08:52,061 [java.util.concurrent.ThreadPoolExecutor$Worker@709a6842[State = -1, empty queue]] WARN  server.GrpcLogAppender (GrpcLogAppender.java:timeoutAppendRequest(209)) - e3697062-c193-48d1-b15e-d6b6b4dc6638@group-BD7A3B63C209->ee6ff355-4f2c-4ff1-aa68-7ca64f6b5439-GrpcLogAppender: appendEntries Timeout, request=e3697062-c193-48d1-b15e-d6b6b4dc6638->ee6ff355-4f2c-4ff1-aa68-7ca64f6b5439#9-t3, previous=(t:3, i:5), leaderCommit=4, initializing? false, entries: size=1, first=(t:3, i:6), STATEMACHINELOGENTRY, client-B379F03C97AF, cid=9
2019-10-17 01:08:52,075 [java.util.concurrent.ThreadPoolExecutor$Worker@709a6842[State = -1, empty queue]] WARN  server.GrpcLogAppender (GrpcLogAppender.java:timeoutAppendRequest(209)) - e3697062-c193-48d1-b15e-d6b6b4dc6638@group-BD7A3B63C209->ee6ff355-4f2c-4ff1-aa68-7ca64f6b5439-GrpcLogAppender: appendEntries Timeout, request=e3697062-c193-48d1-b15e-d6b6b4dc6638->ee6ff355-4f2c-4ff1-aa68-7ca64f6b5439#10-t3, previous=(t:3, i:6), leaderCommit=5, initializing? false, entries: size=1, first=(t:3, i:7), METADATAENTRY(c5)
2019-10-17 01:08:52,076 [java.util.concurrent.ThreadPoolExecutor$Worker@709a6842[State = -1, empty queue]] WARN  server.GrpcLogAppender (GrpcLogAppender.java:timeoutAppendRequest(209)) - e3697062-c193-48d1-b15e-d6b6b4dc6638@group-BD7A3B63C209->ee6ff355-4f2c-4ff1-aa68-7ca64f6b5439-GrpcLogAppender: appendEntries Timeout, request=e3697062-c193-48d1-b15e-d6b6b4dc6638->ee6ff355-4f2c-4ff1-aa68-7ca64f6b5439#11-t3, previous=(t:3, i:7), leaderCommit=6, initializing? false, entries: size=1, first=(t:3, i:8), METADATAENTRY(c6)
2019-10-17 01:08:54,577 [java.util.concurrent.ThreadPoolExecutor$Worker@709a6842[State = -1, empty queue]] WARN  server.GrpcLogAppender (GrpcLogAppender.java:timeoutAppendRequest(209)) - e3697062-c193-48d1-b15e-d6b6b4dc6638@group-BD7A3B63C209->ee6ff355-4f2c-4ff1-aa68-7ca64f6b5439-GrpcLogAppender: appendEntries Timeout, request=e3697062-c193-48d1-b15e-d6b6b4dc6638->ee6ff355-4f2c-4ff1-aa68-7ca64f6b5439#12-t3, previous=(t:3, i:8), leaderCommit=8, initializing? false, entries: <empty>
2019-10-17 01:08:57,078 [java.util.concurrent.ThreadPoolExecutor$Worker@709a6842[State = -1, empty queue]] WARN  server.GrpcLogAppender (GrpcLogAppender.java:timeoutAppendRequest(209)) - e3697062-c193-48d1-b15e-d6b6b4dc6638@group-BD7A3B63C209->ee6ff355-4f2c-4ff1-aa68-7ca64f6b5439-GrpcLogAppender: appendEntries Timeout, request=e3697062-c193-48d1-b15e-d6b6b4dc6638->ee6ff355-4f2c-4ff1-aa68-7ca64f6b5439#13-t3, previous=(t:3, i:8), leaderCommit=8, initializing? false, entries: <empty>
2019-10-17 01:08:59,133 [Thread-292] INFO  client.GrpcClientProtocolService (GrpcClientProtocolService.java:lambda$processClientRequest$0(278)) - Failed RaftClientRequest:client-B379F03C97AF->a10aa3ca-3ab2-4d87-9bc7-0d045ec2b4ce@group-BD7A3B63C209, cid=10, seq=0, Watch-ALL_COMMITTED(6), Message:<EMPTY>, reply=RaftClientReply:client-B379F03C97AF->a10aa3ca-3ab2-4d87-9bc7-0d045ec2b4ce@group-BD7A3B63C209, cid=10, FAILED org.apache.ratis.protocol.NotLeaderException: Server a10aa3ca-3ab2-4d87-9bc7-0d045ec2b4ce@group-BD7A3B63C209 is not the leader e3697062-c193-48d1-b15e-d6b6b4dc6638:192.168.157.194:40986, logIndex=0, commits[a10aa3ca-3ab2-4d87-9bc7-0d045ec2b4ce:c8, ee6ff355-4f2c-4ff1-aa68-7ca64f6b5439:c4, e3697062-c193-48d1-b15e-d6b6b4dc6638:c8]
2019-10-17 01:08:59,579 [java.util.concurrent.ThreadPoolExecutor$Worker@709a6842[State = -1, empty queue]] WARN  server.GrpcLogAppender (GrpcLogAppender.java:timeoutAppendRequest(209)) - e3697062-c193-48d1-b15e-d6b6b4dc6638@group-BD7A3B63C209->ee6ff355-4f2c-4ff1-aa68-7ca64f6b5439-GrpcLogAppender: appendEntries Timeout, request=e3697062-c193-48d1-b15e-d6b6b4dc6638->ee6ff355-4f2c-4ff1-aa68-7ca64f6b5439#14-t3, previous=(t:3, i:8), leaderCommit=8, initializing? false, entries: <empty>
2019-10-17 01:08:59,588 [Thread-295] INFO  client.GrpcClientProtocolService (GrpcClientProtocolService.java:lambda$processClientRequest$0(278)) - Failed RaftClientRequest:client-B379F03C97AF->e3697062-c193-48d1-b15e-d6b6b4dc6638@group-BD7A3B63C209, cid=10, seq=0, Watch-ALL_COMMITTED(6), Message:<EMPTY>, reply=RaftClientReply:client-B379F03C97AF->e3697062-c193-48d1-b15e-d6b6b4dc6638@group-BD7A3B63C209, cid=10, FAILED org.apache.ratis.protocol.NotReplicatedException: Request with call Id 10 and log index 6 is not yet replicated to ALL_COMMITTED, logIndex=6, commits[e3697062-c193-48d1-b15e-d6b6b4dc6638:c8, ee6ff355-4f2c-4ff1-aa68-7ca64f6b5439:c4, a10aa3ca-3ab2-4d87-9bc7-0d045ec2b4ce:c8]
2019-10-17 01:09:02,081 [java.util.concurrent.ThreadPoolExecutor$Worker@709a6842[State = -1, empty queue]] WARN  server.GrpcLogAppender (GrpcLogAppender.java:timeoutAppendRequest(209)) - e3697062-c193-48d1-b15e-d6b6b4dc6638@group-BD7A3B63C209->ee6ff355-4f2c-4ff1-aa68-7ca64f6b5439-GrpcLogAppender: appendEntries Timeout, request=e3697062-c193-48d1-b15e-d6b6b4dc6638->ee6ff355-4f2c-4ff1-aa68-7ca64f6b5439#15-t3, previous=(t:3, i:8), leaderCommit=8, initializing? false, entries: <empty>
2019-10-17 01:09:04,582 [java.util.concurrent.ThreadPoolExecutor$Worker@709a6842[State = -1, empty queue]] WARN  server.GrpcLogAppender (GrpcLogAppender.java:timeoutAppendRequest(209)) - e3697062-c193-48d1-b15e-d6b6b4dc6638@group-BD7A3B63C209->ee6ff355-4f2c-4ff1-aa68-7ca64f6b5439-GrpcLogAppender: appendEntries Timeout, request=e3697062-c193-48d1-b15e-d6b6b4dc6638->ee6ff355-4f2c-4ff1-aa68-7ca64f6b5439#16-t3, previous=(t:3, i:8), leaderCommit=8, initializing? false, entries: <empty>
2019-10-17 01:09:07,083 [java.util.concurrent.ThreadPoolExecutor$Worker@709a6842[State = -1, empty queue]] WARN  server.GrpcLogAppender (GrpcLogAppender.java:timeoutAppendRequest(209)) - e3697062-c193-48d1-b15e-d6b6b4dc6638@group-BD7A3B63C209->ee6ff355-4f2c-4ff1-aa68-7ca64f6b5439-GrpcLogAppender: appendEntries Timeout, request=e3697062-c193-48d1-b15e-d6b6b4dc6638->ee6ff355-4f2c-4ff1-aa68-7ca64f6b5439#17-t3, previous=(t:3, i:8), leaderCommit=8, initializing? false, entries: <empty>
2019-10-17 01:09:08,172 [Thread-301] INFO  client.GrpcClientProtocolService (GrpcClientProtocolService.java:lambda$processClientRequest$0(278)) - Failed RaftClientRequest:client-B379F03C97AF->a10aa3ca-3ab2-4d87-9bc7-0d045ec2b4ce@group-BD7A3B63C209, cid=10, seq=0, Watch-ALL_COMMITTED(6), Message:<EMPTY>, reply=RaftClientReply:client-B379F03C97AF->a10aa3ca-3ab2-4d87-9bc7-0d045ec2b4ce@group-BD7A3B63C209, cid=10, FAILED org.apache.ratis.protocol.NotLeaderException: Server a10aa3ca-3ab2-4d87-9bc7-0d045ec2b4ce@group-BD7A3B63C209 is not the leader e3697062-c193-48d1-b15e-d6b6b4dc6638:192.168.157.194:40986, logIndex=0, commits[a10aa3ca-3ab2-4d87-9bc7-0d045ec2b4ce:c8, ee6ff355-4f2c-4ff1-aa68-7ca64f6b5439:c4, e3697062-c193-48d1-b15e-d6b6b4dc6638:c8]
2019-10-17 01:09:09,584 [java.util.concurrent.ThreadPoolExecutor$Worker@709a6842[State = -1, empty queue]] WARN  server.GrpcLogAppender (GrpcLogAppender.java:timeoutAppendRequest(209)) - e3697062-c193-48d1-b15e-d6b6b4dc6638@group-BD7A3B63C209->ee6ff355-4f2c-4ff1-aa68-7ca64f6b5439-GrpcLogAppender: appendEntries Timeout, request=e3697062-c193-48d1-b15e-d6b6b4dc6638->ee6ff355-4f2c-4ff1-aa68-7ca64f6b5439#18-t3, previous=(t:3, i:8), leaderCommit=8, initializing? false, entries: <empty>
2019-10-17 01:09:09,584 [Thread-305] INFO  client.GrpcClientProtocolService (GrpcClientProtocolService.java:lambda$processClientRequest$0(278)) - Failed RaftClientRequest:client-B379F03C97AF->e3697062-c193-48d1-b15e-d6b6b4dc6638@group-BD7A3B63C209, cid=10, seq=0, Watch-ALL_COMMITTED(6), Message:<EMPTY>, reply=RaftClientReply:client-B379F03C97AF->e3697062-c193-48d1-b15e-d6b6b4dc6638@group-BD7A3B63C209, cid=10, FAILED org.apache.ratis.protocol.NotReplicatedException: Request with call Id 10 and log index 6 is not yet replicated to ALL_COMMITTED, logIndex=6, commits[e3697062-c193-48d1-b15e-d6b6b4dc6638:c8, ee6ff355-4f2c-4ff1-aa68-7ca64f6b5439:c4, a10aa3ca-3ab2-4d87-9bc7-0d045ec2b4ce:c8]
2019-10-17 01:09:12,085 [java.util.concurrent.ThreadPoolExecutor$Worker@709a6842[State = -1, empty queue]] WARN  server.GrpcLogAppender (GrpcLogAppender.java:timeoutAppendRequest(209)) - e3697062-c193-48d1-b15e-d6b6b4dc6638@group-BD7A3B63C209->ee6ff355-4f2c-4ff1-aa68-7ca64f6b5439-GrpcLogAppender: appendEntries Timeout, request=e3697062-c193-48d1-b15e-d6b6b4dc6638->ee6ff355-4f2c-4ff1-aa68-7ca64f6b5439#19-t3, previous=(t:3, i:8), leaderCommit=8, initializing? false, entries: <empty>
2019-10-17 01:09:14,587 [java.util.concurrent.ThreadPoolExecutor$Worker@709a6842[State = -1, empty queue]] WARN  server.GrpcLogAppender (GrpcLogAppender.java:timeoutAppendRequest(209)) - e3697062-c193-48d1-b15e-d6b6b4dc6638@group-BD7A3B63C209->ee6ff355-4f2c-4ff1-aa68-7ca64f6b5439-GrpcLogAppender: appendEntries Timeout, request=e3697062-c193-48d1-b15e-d6b6b4dc6638->ee6ff355-4f2c-4ff1-aa68-7ca64f6b5439#20-t3, previous=(t:3, i:8), leaderCommit=8, initializing? false, entries: <empty>
2019-10-17 01:09:17,089 [java.util.concurrent.ThreadPoolExecutor$Worker@709a6842[State = -1, empty queue]] WARN  server.GrpcLogAppender (GrpcLogAppender.java:timeoutAppendRequest(209)) - e3697062-c193-48d1-b15e-d6b6b4dc6638@group-BD7A3B63C209->ee6ff355-4f2c-4ff1-aa68-7ca64f6b5439-GrpcLogAppender: appendEntries Timeout, request=e3697062-c193-48d1-b15e-d6b6b4dc6638->ee6ff355-4f2c-4ff1-aa68-7ca64f6b5439#21-t3, previous=(t:3, i:8), leaderCommit=8, initializing? false, entries: <empty>
2019-10-17 01:09:18,584 [Thread-313] INFO  client.GrpcClientProtocolService (GrpcClientProtocolService.java:lambda$processClientRequest$0(278)) - Failed RaftClientRequest:client-B379F03C97AF->e3697062-c193-48d1-b15e-d6b6b4dc6638@group-BD7A3B63C209, cid=10, seq=0, Watch-ALL_COMMITTED(6), Message:<EMPTY>, reply=RaftClientReply:client-B379F03C97AF->e3697062-c193-48d1-b15e-d6b6b4dc6638@group-BD7A3B63C209, cid=10, FAILED org.apache.ratis.protocol.NotReplicatedException: Request with call Id 10 and log index 6 is not yet replicated to ALL_COMMITTED, logIndex=6, commits[e3697062-c193-48d1-b15e-d6b6b4dc6638:c8, ee6ff355-4f2c-4ff1-aa68-7ca64f6b5439:c4, a10aa3ca-3ab2-4d87-9bc7-0d045ec2b4ce:c8]
2019-10-17 01:09:19,093 [main] WARN  scm.XceiverClientRatis (XceiverClientRatis.java:watchForCommit(277)) - 3 way commit failed on pipeline Pipeline[ Id: 968e2a2f-54bd-4eee-95a8-bd7a3b63c209, Nodes: e3697062-c193-48d1-b15e-d6b6b4dc6638{ip: 192.168.157.194, host: pr-hdds-1868-g97gg-2149769003, networkLocation: /default-rack, certSerialId: null}a10aa3ca-3ab2-4d87-9bc7-0d045ec2b4ce{ip: 192.168.157.194, host: pr-hdds-1868-g97gg-2149769003, networkLocation: /default-rack, certSerialId: null}ee6ff355-4f2c-4ff1-aa68-7ca64f6b5439{ip: 192.168.157.194, host: pr-hdds-1868-g97gg-2149769003, networkLocation: /default-rack, certSerialId: null}, Type:RATIS, Factor:THREE, State:OPEN]
java.util.concurrent.TimeoutException
	at java.util.concurrent.CompletableFuture.timedGet(CompletableFuture.java:1771)
	at java.util.concurrent.CompletableFuture.get(CompletableFuture.java:1915)
	at org.apache.hadoop.hdds.scm.XceiverClientRatis.watchForCommit(XceiverClientRatis.java:274)
	at org.apache.hadoop.hdds.scm.storage.CommitWatcher.watchForCommit(CommitWatcher.java:198)
	at org.apache.hadoop.hdds.scm.storage.CommitWatcher.watchOnLastIndex(CommitWatcher.java:161)
	at org.apache.hadoop.hdds.scm.storage.BlockOutputStream.watchForCommit(BlockOutputStream.java:346)
	at org.apache.hadoop.hdds.scm.storage.BlockOutputStream.handleFlush(BlockOutputStream.java:482)
	at org.apache.hadoop.hdds.scm.storage.BlockOutputStream.close(BlockOutputStream.java:496)
	at org.apache.hadoop.ozone.client.io.BlockOutputStreamEntry.close(BlockOutputStreamEntry.java:143)
	at org.apache.hadoop.ozone.client.io.KeyOutputStream.handleFlushOrClose(KeyOutputStream.java:435)
	at org.apache.hadoop.ozone.client.io.KeyOutputStream.close(KeyOutputStream.java:473)
	at org.apache.hadoop.ozone.client.io.OzoneOutputStream.close(OzoneOutputStream.java:60)
	at org.apache.hadoop.ozone.client.rpc.TestDeleteWithSlowFollower.testDeleteKeyWithSlowFollower(TestDeleteWithSlowFollower.java:193)
	at sun.reflect.NativeMethodAccessorImpl.invoke0(Native Method)
	at sun.reflect.NativeMethodAccessorImpl.invoke(NativeMethodAccessorImpl.java:62)
	at sun.reflect.DelegatingMethodAccessorImpl.invoke(DelegatingMethodAccessorImpl.java:43)
	at java.lang.reflect.Method.invoke(Method.java:498)
	at org.junit.runners.model.FrameworkMethod$1.runReflectiveCall(FrameworkMethod.java:47)
	at org.junit.internal.runners.model.ReflectiveCallable.run(ReflectiveCallable.java:12)
	at org.junit.runners.model.FrameworkMethod.invokeExplosively(FrameworkMethod.java:44)
	at org.junit.internal.runners.statements.InvokeMethod.evaluate(InvokeMethod.java:17)
	at org.junit.runners.ParentRunner.runLeaf(ParentRunner.java:271)
	at org.junit.runners.BlockJUnit4ClassRunner.runChild(BlockJUnit4ClassRunner.java:70)
	at org.junit.runners.BlockJUnit4ClassRunner.runChild(BlockJUnit4ClassRunner.java:50)
	at org.junit.runners.ParentRunner$3.run(ParentRunner.java:238)
	at org.junit.runners.ParentRunner$1.schedule(ParentRunner.java:63)
	at org.junit.runners.ParentRunner.runChildren(ParentRunner.java:236)
	at org.junit.runners.ParentRunner.access$000(ParentRunner.java:53)
	at org.junit.runners.ParentRunner$2.evaluate(ParentRunner.java:229)
	at org.junit.internal.runners.statements.RunBefores.evaluate(RunBefores.java:26)
	at org.junit.internal.runners.statements.RunAfters.evaluate(RunAfters.java:27)
	at org.junit.runners.ParentRunner.run(ParentRunner.java:309)
	at org.apache.maven.surefire.junit4.JUnit4Provider.execute(JUnit4Provider.java:365)
	at org.apache.maven.surefire.junit4.JUnit4Provider.executeWithRerun(JUnit4Provider.java:273)
	at org.apache.maven.surefire.junit4.JUnit4Provider.executeTestSet(JUnit4Provider.java:238)
	at org.apache.maven.surefire.junit4.JUnit4Provider.invoke(JUnit4Provider.java:159)
	at org.apache.maven.surefire.booter.ForkedBooter.invokeProviderInSameClassLoader(ForkedBooter.java:384)
	at org.apache.maven.surefire.booter.ForkedBooter.runSuitesInProcess(ForkedBooter.java:345)
	at org.apache.maven.surefire.booter.ForkedBooter.execute(ForkedBooter.java:126)
	at org.apache.maven.surefire.booter.ForkedBooter.main(ForkedBooter.java:418)
2019-10-17 01:09:19,109 [main] INFO  scm.XceiverClientRatis (XceiverClientRatis.java:lambda$watchForCommit$5(295)) - Could not commit index 6 on pipeline Pipeline[ Id: 968e2a2f-54bd-4eee-95a8-bd7a3b63c209, Nodes: e3697062-c193-48d1-b15e-d6b6b4dc6638{ip: 192.168.157.194, host: pr-hdds-1868-g97gg-2149769003, networkLocation: /default-rack, certSerialId: null}a10aa3ca-3ab2-4d87-9bc7-0d045ec2b4ce{ip: 192.168.157.194, host: pr-hdds-1868-g97gg-2149769003, networkLocation: /default-rack, certSerialId: null}ee6ff355-4f2c-4ff1-aa68-7ca64f6b5439{ip: 192.168.157.194, host: pr-hdds-1868-g97gg-2149769003, networkLocation: /default-rack, certSerialId: null}, Type:RATIS, Factor:THREE, State:OPEN] to all the nodes. Server ee6ff355-4f2c-4ff1-aa68-7ca64f6b5439 has failed. Committed by majority.
2019-10-17 01:09:19,110 [main] WARN  storage.BlockOutputStream (BlockOutputStream.java:watchForCommit(352)) - Failed to commit BlockId conID: 1 locID: 102975047164428288 bcsId: 6 on Pipeline[ Id: 968e2a2f-54bd-4eee-95a8-bd7a3b63c209, Nodes: e3697062-c193-48d1-b15e-d6b6b4dc6638{ip: 192.168.157.194, host: pr-hdds-1868-g97gg-2149769003, networkLocation: /default-rack, certSerialId: null}a10aa3ca-3ab2-4d87-9bc7-0d045ec2b4ce{ip: 192.168.157.194, host: pr-hdds-1868-g97gg-2149769003, networkLocation: /default-rack, certSerialId: null}ee6ff355-4f2c-4ff1-aa68-7ca64f6b5439{ip: 192.168.157.194, host: pr-hdds-1868-g97gg-2149769003, networkLocation: /default-rack, certSerialId: null}, Type:RATIS, Factor:THREE, State:OPEN]. Failed nodes: [ee6ff355-4f2c-4ff1-aa68-7ca64f6b5439{ip: null, host: null, networkLocation: /default-rack, certSerialId: null}]
2019-10-17 01:09:19,210 [EventQueue-IncrementalContainerReportForIncrementalContainerReportHandler] WARN  container.IncrementalContainerReportHandler (AbstractContainerReportHandler.java:updateContainerState(145)) - Container #1 is in OPEN state, but the datanode e3697062-c193-48d1-b15e-d6b6b4dc6638{ip: 192.168.157.194, host: pr-hdds-1868-g97gg-2149769003, networkLocation: /default-rack, certSerialId: null} reports an CLOSING replica.
2019-10-17 01:09:19,211 [EventQueue-IncrementalContainerReportForIncrementalContainerReportHandler] WARN  container.IncrementalContainerReportHandler (AbstractContainerReportHandler.java:updateContainerState(145)) - Container #1 is in OPEN state, but the datanode a10aa3ca-3ab2-4d87-9bc7-0d045ec2b4ce{ip: 192.168.157.194, host: pr-hdds-1868-g97gg-2149769003, networkLocation: /default-rack, certSerialId: null} reports an CLOSING replica.
2019-10-17 01:09:19,224 [RatisApplyTransactionExecutor 1] INFO  interfaces.Container (KeyValueContainer.java:flushAndSyncDB(386)) - Container 1 is synced with bcsId 6.
2019-10-17 01:09:19,224 [RatisApplyTransactionExecutor 1] INFO  interfaces.Container (KeyValueContainer.java:flushAndSyncDB(386)) - Container 1 is synced with bcsId 6.
2019-10-17 01:09:19,225 [RatisApplyTransactionExecutor 1] INFO  interfaces.Container (KeyValueContainer.java:flushAndSyncDB(386)) - Container 1 is synced with bcsId 6.
2019-10-17 01:09:19,225 [RatisApplyTransactionExecutor 1] INFO  interfaces.Container (KeyValueContainer.java:flushAndSyncDB(386)) - Container 1 is synced with bcsId 6.
2019-10-17 01:09:19,261 [RatisApplyTransactionExecutor 1] INFO  interfaces.Container (KeyValueContainer.java:close(335)) - Container 1 is closed with bcsId 6.
2019-10-17 01:09:19,261 [RatisApplyTransactionExecutor 1] INFO  interfaces.Container (KeyValueContainer.java:close(335)) - Container 1 is closed with bcsId 6.
2019-10-17 01:09:19,265 [EventQueue-IncrementalContainerReportForIncrementalContainerReportHandler] WARN  container.IncrementalContainerReportHandler (AbstractContainerReportHandler.java:updateContainerState(145)) - Container #1 is in OPEN state, but the datanode a10aa3ca-3ab2-4d87-9bc7-0d045ec2b4ce{ip: 192.168.157.194, host: pr-hdds-1868-g97gg-2149769003, networkLocation: /default-rack, certSerialId: null} reports an CLOSED replica.
2019-10-17 01:09:19,265 [EventQueue-IncrementalContainerReportForIncrementalContainerReportHandler] WARN  container.IncrementalContainerReportHandler (AbstractContainerReportHandler.java:updateContainerState(145)) - Container #1 is in OPEN state, but the datanode e3697062-c193-48d1-b15e-d6b6b4dc6638{ip: 192.168.157.194, host: pr-hdds-1868-g97gg-2149769003, networkLocation: /default-rack, certSerialId: null} reports an CLOSED replica.
2019-10-17 01:09:19,464 [EventQueue-ContainerReportForContainerReportHandler] WARN  container.ContainerReportHandler (AbstractContainerReportHandler.java:updateContainerState(145)) - Container #1 is in OPEN state, but the datanode e3697062-c193-48d1-b15e-d6b6b4dc6638{ip: 192.168.157.194, host: pr-hdds-1868-g97gg-2149769003, networkLocation: /default-rack, certSerialId: null} reports an CLOSED replica.
2019-10-17 01:09:19,465 [EventQueue-ContainerReportForContainerReportHandler] WARN  container.ContainerReportHandler (AbstractContainerReportHandler.java:updateContainerState(145)) - Container #1 is in OPEN state, but the datanode a10aa3ca-3ab2-4d87-9bc7-0d045ec2b4ce{ip: 192.168.157.194, host: pr-hdds-1868-g97gg-2149769003, networkLocation: /default-rack, certSerialId: null} reports an CLOSED replica.
2019-10-17 01:09:19,590 [java.util.concurrent.ThreadPoolExecutor$Worker@709a6842[State = -1, empty queue]] WARN  server.GrpcLogAppender (GrpcLogAppender.java:timeoutAppendRequest(209)) - e3697062-c193-48d1-b15e-d6b6b4dc6638@group-BD7A3B63C209->ee6ff355-4f2c-4ff1-aa68-7ca64f6b5439-GrpcLogAppender: appendEntries Timeout, request=e3697062-c193-48d1-b15e-d6b6b4dc6638->ee6ff355-4f2c-4ff1-aa68-7ca64f6b5439#22-t3, previous=(t:3, i:8), leaderCommit=8, initializing? false, entries: <empty>
2019-10-17 01:09:19,663 [EventQueue-ContainerReportForContainerReportHandler] WARN  container.ContainerReportHandler (AbstractContainerReportHandler.java:updateContainerState(145)) - Container #1 is in OPEN state, but the datanode e3697062-c193-48d1-b15e-d6b6b4dc6638{ip: 192.168.157.194, host: pr-hdds-1868-g97gg-2149769003, networkLocation: /default-rack, certSerialId: null} reports an CLOSED replica.
2019-10-17 01:09:19,765 [EventQueue-ContainerReportForContainerReportHandler] WARN  container.ContainerReportHandler (AbstractContainerReportHandler.java:updateContainerState(145)) - Container #1 is in OPEN state, but the datanode a10aa3ca-3ab2-4d87-9bc7-0d045ec2b4ce{ip: 192.168.157.194, host: pr-hdds-1868-g97gg-2149769003, networkLocation: /default-rack, certSerialId: null} reports an CLOSED replica.
2019-10-17 01:09:19,820 [IPC Server handler 0 on 41886] INFO  server.SCMBlockProtocolServer (SCMBlockProtocolServer.java:deleteKeyBlocks(212)) - SCM is informed by OM to delete 1 blocks
2019-10-17 01:09:19,821 [IPC Server handler 0 on 41886] INFO  block.BlockManagerImpl (BlockManagerImpl.java:deleteBlocks(285)) - Deleting blocks conID: 1 locID: 102975047164428288 bcsId: 0
2019-10-17 01:09:19,966 [EventQueue-ContainerReportForContainerReportHandler] WARN  container.ContainerReportHandler (AbstractContainerReportHandler.java:updateContainerState(145)) - Container #1 is in OPEN state, but the datanode a10aa3ca-3ab2-4d87-9bc7-0d045ec2b4ce{ip: 192.168.157.194, host: pr-hdds-1868-g97gg-2149769003, networkLocation: /default-rack, certSerialId: null} reports an CLOSED replica.
2019-10-17 01:09:20,063 [EventQueue-ContainerReportForContainerReportHandler] WARN  container.ContainerReportHandler (AbstractContainerReportHandler.java:updateContainerState(145)) - Container #1 is in OPEN state, but the datanode e3697062-c193-48d1-b15e-d6b6b4dc6638{ip: 192.168.157.194, host: pr-hdds-1868-g97gg-2149769003, networkLocation: /default-rack, certSerialId: null} reports an CLOSED replica.
2019-10-17 01:09:20,135 [BlockDeletingService#2] WARN  background.BlockDeletingService (BlockDeletingService.java:isDeletionAllowed(187)) - Close Container log Index 6 is not replicated across allthe servers in the pipeline 968e2a2f-54bd-4eee-95a8-bd7a3b63c209 as the min replicated index is 4. Deletion is not allowed in this container yet.
2019-10-17 01:09:20,138 [BlockDeletingService#2] WARN  background.BlockDeletingService (BlockDeletingService.java:isDeletionAllowed(187)) - Close Container log Index 6 is not replicated across allthe servers in the pipeline 968e2a2f-54bd-4eee-95a8-bd7a3b63c209 as the min replicated index is 4. Deletion is not allowed in this container yet.
2019-10-17 01:09:20,365 [EventQueue-ContainerReportForContainerReportHandler] WARN  container.ContainerReportHandler (AbstractContainerReportHandler.java:updateContainerState(145)) - Container #1 is in OPEN state, but the datanode e3697062-c193-48d1-b15e-d6b6b4dc6638{ip: 192.168.157.194, host: pr-hdds-1868-g97gg-2149769003, networkLocation: /default-rack, certSerialId: null} reports an CLOSED replica.
2019-10-17 01:09:20,366 [EventQueue-ContainerReportForContainerReportHandler] WARN  container.ContainerReportHandler (AbstractContainerReportHandler.java:updateContainerState(145)) - Container #1 is in OPEN state, but the datanode a10aa3ca-3ab2-4d87-9bc7-0d045ec2b4ce{ip: 192.168.157.194, host: pr-hdds-1868-g97gg-2149769003, networkLocation: /default-rack, certSerialId: null} reports an CLOSED replica.
2019-10-17 01:09:20,565 [EventQueue-ContainerReportForContainerReportHandler] WARN  container.ContainerReportHandler (AbstractContainerReportHandler.java:updateContainerState(145)) - Container #1 is in OPEN state, but the datanode e3697062-c193-48d1-b15e-d6b6b4dc6638{ip: 192.168.157.194, host: pr-hdds-1868-g97gg-2149769003, networkLocation: /default-rack, certSerialId: null} reports an CLOSED replica.
2019-10-17 01:09:20,766 [EventQueue-ContainerReportForContainerReportHandler] WARN  container.ContainerReportHandler (AbstractContainerReportHandler.java:updateContainerState(145)) - Container #1 is in OPEN state, but the datanode a10aa3ca-3ab2-4d87-9bc7-0d045ec2b4ce{ip: 192.168.157.194, host: pr-hdds-1868-g97gg-2149769003, networkLocation: /default-rack, certSerialId: null} reports an CLOSED replica.
2019-10-17 01:09:20,966 [EventQueue-ContainerReportForContainerReportHandler] WARN  container.ContainerReportHandler (AbstractContainerReportHandler.java:updateContainerState(145)) - Container #1 is in OPEN state, but the datanode e3697062-c193-48d1-b15e-d6b6b4dc6638{ip: 192.168.157.194, host: pr-hdds-1868-g97gg-2149769003, networkLocation: /default-rack, certSerialId: null} reports an CLOSED replica.
2019-10-17 01:09:21,067 [EventQueue-ContainerReportForContainerReportHandler] WARN  container.ContainerReportHandler (AbstractContainerReportHandler.java:updateContainerState(145)) - Container #1 is in OPEN state, but the datanode a10aa3ca-3ab2-4d87-9bc7-0d045ec2b4ce{ip: 192.168.157.194, host: pr-hdds-1868-g97gg-2149769003, networkLocation: /default-rack, certSerialId: null} reports an CLOSED replica.
2019-10-17 01:09:21,136 [BlockDeletingService#2] WARN  background.BlockDeletingService (BlockDeletingService.java:isDeletionAllowed(187)) - Close Container log Index 6 is not replicated across allthe servers in the pipeline 968e2a2f-54bd-4eee-95a8-bd7a3b63c209 as the min replicated index is 4. Deletion is not allowed in this container yet.
2019-10-17 01:09:21,141 [BlockDeletingService#2] WARN  background.BlockDeletingService (BlockDeletingService.java:isDeletionAllowed(187)) - Close Container log Index 6 is not replicated across allthe servers in the pipeline 968e2a2f-54bd-4eee-95a8-bd7a3b63c209 as the min replicated index is 4. Deletion is not allowed in this container yet.
2019-10-17 01:09:21,366 [EventQueue-ContainerReportForContainerReportHandler] WARN  container.ContainerReportHandler (AbstractContainerReportHandler.java:updateContainerState(145)) - Container #1 is in OPEN state, but the datanode e3697062-c193-48d1-b15e-d6b6b4dc6638{ip: 192.168.157.194, host: pr-hdds-1868-g97gg-2149769003, networkLocation: /default-rack, certSerialId: null} reports an CLOSED replica.
2019-10-17 01:09:21,366 [EventQueue-ContainerReportForContainerReportHandler] WARN  container.ContainerReportHandler (AbstractContainerReportHandler.java:updateContainerState(145)) - Container #1 is in OPEN state, but the datanode a10aa3ca-3ab2-4d87-9bc7-0d045ec2b4ce{ip: 192.168.157.194, host: pr-hdds-1868-g97gg-2149769003, networkLocation: /default-rack, certSerialId: null} reports an CLOSED replica.
2019-10-17 01:09:21,665 [EventQueue-ContainerReportForContainerReportHandler] WARN  container.ContainerReportHandler (AbstractContainerReportHandler.java:updateContainerState(145)) - Container #1 is in OPEN state, but the datanode e3697062-c193-48d1-b15e-d6b6b4dc6638{ip: 192.168.157.194, host: pr-hdds-1868-g97gg-2149769003, networkLocation: /default-rack, certSerialId: null} reports an CLOSED replica.
2019-10-17 01:09:21,767 [EventQueue-ContainerReportForContainerReportHandler] WARN  container.ContainerReportHandler (AbstractContainerReportHandler.java:updateContainerState(145)) - Container #1 is in OPEN state, but the datanode a10aa3ca-3ab2-4d87-9bc7-0d045ec2b4ce{ip: 192.168.157.194, host: pr-hdds-1868-g97gg-2149769003, networkLocation: /default-rack, certSerialId: null} reports an CLOSED replica.
2019-10-17 01:09:21,865 [EventQueue-ContainerReportForContainerReportHandler] WARN  container.ContainerReportHandler (AbstractContainerReportHandler.java:updateContainerState(145)) - Container #1 is in OPEN state, but the datanode e3697062-c193-48d1-b15e-d6b6b4dc6638{ip: 192.168.157.194, host: pr-hdds-1868-g97gg-2149769003, networkLocation: /default-rack, certSerialId: null} reports an CLOSED replica.
2019-10-17 01:09:21,967 [EventQueue-ContainerReportForContainerReportHandler] WARN  container.ContainerReportHandler (AbstractContainerReportHandler.java:updateContainerState(145)) - Container #1 is in OPEN state, but the datanode a10aa3ca-3ab2-4d87-9bc7-0d045ec2b4ce{ip: 192.168.157.194, host: pr-hdds-1868-g97gg-2149769003, networkLocation: /default-rack, certSerialId: null} reports an CLOSED replica.
2019-10-17 01:09:22,090 [java.util.concurrent.ThreadPoolExecutor$Worker@709a6842[State = -1, empty queue]] WARN  server.GrpcLogAppender (GrpcLogAppender.java:timeoutAppendRequest(209)) - e3697062-c193-48d1-b15e-d6b6b4dc6638@group-BD7A3B63C209->ee6ff355-4f2c-4ff1-aa68-7ca64f6b5439-GrpcLogAppender: appendEntries Timeout, request=e3697062-c193-48d1-b15e-d6b6b4dc6638->ee6ff355-4f2c-4ff1-aa68-7ca64f6b5439#23-t3, previous=(t:3, i:8), leaderCommit=8, initializing? false, entries: <empty>
2019-10-17 01:09:22,138 [BlockDeletingService#2] WARN  background.BlockDeletingService (BlockDeletingService.java:isDeletionAllowed(187)) - Close Container log Index 6 is not replicated across allthe servers in the pipeline 968e2a2f-54bd-4eee-95a8-bd7a3b63c209 as the min replicated index is 4. Deletion is not allowed in this container yet.
2019-10-17 01:09:22,143 [BlockDeletingService#2] WARN  background.BlockDeletingService (BlockDeletingService.java:isDeletionAllowed(187)) - Close Container log Index 6 is not replicated across allthe servers in the pipeline 968e2a2f-54bd-4eee-95a8-bd7a3b63c209 as the min replicated index is 4. Deletion is not allowed in this container yet.
2019-10-17 01:09:22,160 [java.util.concurrent.ThreadPoolExecutor$Worker@709a6842[State = -1, empty queue]] WARN  server.GrpcLogAppender (GrpcLogAppender.java:timeoutAppendRequest(209)) - e3697062-c193-48d1-b15e-d6b6b4dc6638@group-BD7A3B63C209->ee6ff355-4f2c-4ff1-aa68-7ca64f6b5439-GrpcLogAppender: appendEntries Timeout, request=e3697062-c193-48d1-b15e-d6b6b4dc6638->ee6ff355-4f2c-4ff1-aa68-7ca64f6b5439#24-t3, previous=(t:3, i:8), leaderCommit=8, initializing? false, entries: size=1, first=(t:3, i:9), STATEMACHINELOGENTRY, client-CFCCA842A6C5, cid=12
2019-10-17 01:09:22,165 [EventQueue-ContainerReportForContainerReportHandler] WARN  container.ContainerReportHandler (AbstractContainerReportHandler.java:updateContainerState(145)) - Container #1 is in OPEN state, but the datanode e3697062-c193-48d1-b15e-d6b6b4dc6638{ip: 192.168.157.194, host: pr-hdds-1868-g97gg-2149769003, networkLocation: /default-rack, certSerialId: null} reports an CLOSED replica.
2019-10-17 01:09:22,171 [java.util.concurrent.ThreadPoolExecutor$Worker@709a6842[State = -1, empty queue]] WARN  server.GrpcLogAppender (GrpcLogAppender.java:timeoutAppendRequest(209)) - e3697062-c193-48d1-b15e-d6b6b4dc6638@group-BD7A3B63C209->ee6ff355-4f2c-4ff1-aa68-7ca64f6b5439-GrpcLogAppender: appendEntries Timeout, request=e3697062-c193-48d1-b15e-d6b6b4dc6638->ee6ff355-4f2c-4ff1-aa68-7ca64f6b5439#25-t3, previous=(t:3, i:9), leaderCommit=9, initializing? false, entries: size=1, first=(t:3, i:10), METADATAENTRY(c9)
2019-10-17 01:09:22,267 [EventQueue-ContainerReportForContainerReportHandler] WARN  container.ContainerReportHandler (AbstractContainerReportHandler.java:updateContainerState(145)) - Container #1 is in OPEN state, but the datanode a10aa3ca-3ab2-4d87-9bc7-0d045ec2b4ce{ip: 192.168.157.194, host: pr-hdds-1868-g97gg-2149769003, networkLocation: /default-rack, certSerialId: null} reports an CLOSED replica.
2019-10-17 01:09:22,365 [EventQueue-ContainerReportForContainerReportHandler] WARN  container.ContainerReportHandler (AbstractContainerReportHandler.java:updateContainerState(145)) - Container #1 is in OPEN state, but the datanode e3697062-c193-48d1-b15e-d6b6b4dc6638{ip: 192.168.157.194, host: pr-hdds-1868-g97gg-2149769003, networkLocation: /default-rack, certSerialId: null} reports an CLOSED replica.
2019-10-17 01:09:22,666 [EventQueue-ContainerReportForContainerReportHandler] WARN  container.ContainerReportHandler (AbstractContainerReportHandler.java:updateContainerState(145)) - Container #1 is in OPEN state, but the datanode e3697062-c193-48d1-b15e-d6b6b4dc6638{ip: 192.168.157.194, host: pr-hdds-1868-g97gg-2149769003, networkLocation: /default-rack, certSerialId: null} reports an CLOSED replica.
2019-10-17 01:09:22,668 [EventQueue-ContainerReportForContainerReportHandler] WARN  container.ContainerReportHandler (AbstractContainerReportHandler.java:updateContainerState(145)) - Container #1 is in OPEN state, but the datanode a10aa3ca-3ab2-4d87-9bc7-0d045ec2b4ce{ip: 192.168.157.194, host: pr-hdds-1868-g97gg-2149769003, networkLocation: /default-rack, certSerialId: null} reports an CLOSED replica.
2019-10-17 01:09:22,868 [EventQueue-ContainerReportForContainerReportHandler] WARN  container.ContainerReportHandler (AbstractContainerReportHandler.java:updateContainerState(145)) - Container #1 is in OPEN state, but the datanode a10aa3ca-3ab2-4d87-9bc7-0d045ec2b4ce{ip: 192.168.157.194, host: pr-hdds-1868-g97gg-2149769003, networkLocation: /default-rack, certSerialId: null} reports an CLOSED replica.
2019-10-17 01:09:22,966 [EventQueue-ContainerReportForContainerReportHandler] WARN  container.ContainerReportHandler (AbstractContainerReportHandler.java:updateContainerState(145)) - Container #1 is in OPEN state, but the datanode e3697062-c193-48d1-b15e-d6b6b4dc6638{ip: 192.168.157.194, host: pr-hdds-1868-g97gg-2149769003, networkLocation: /default-rack, certSerialId: null} reports an CLOSED replica.
2019-10-17 01:09:23,068 [EventQueue-ContainerReportForContainerReportHandler] WARN  container.ContainerReportHandler (AbstractContainerReportHandler.java:updateContainerState(145)) - Container #1 is in OPEN state, but the datanode a10aa3ca-3ab2-4d87-9bc7-0d045ec2b4ce{ip: 192.168.157.194, host: pr-hdds-1868-g97gg-2149769003, networkLocation: /default-rack, certSerialId: null} reports an CLOSED replica.
2019-10-17 01:09:23,140 [BlockDeletingService#2] WARN  background.BlockDeletingService (BlockDeletingService.java:isDeletionAllowed(187)) - Close Container log Index 6 is not replicated across allthe servers in the pipeline 968e2a2f-54bd-4eee-95a8-bd7a3b63c209 as the min replicated index is 4. Deletion is not allowed in this container yet.
2019-10-17 01:09:23,144 [BlockDeletingService#2] WARN  background.BlockDeletingService (BlockDeletingService.java:isDeletionAllowed(187)) - Close Container log Index 6 is not replicated across allthe servers in the pipeline 968e2a2f-54bd-4eee-95a8-bd7a3b63c209 as the min replicated index is 4. Deletion is not allowed in this container yet.
2019-10-17 01:09:23,266 [EventQueue-ContainerReportForContainerReportHandler] WARN  container.ContainerReportHandler (AbstractContainerReportHandler.java:updateContainerState(145)) - Container #1 is in OPEN state, but the datanode e3697062-c193-48d1-b15e-d6b6b4dc6638{ip: 192.168.157.194, host: pr-hdds-1868-g97gg-2149769003, networkLocation: /default-rack, certSerialId: null} reports an CLOSED replica.
2019-10-17 01:09:23,469 [EventQueue-ContainerReportForContainerReportHandler] WARN  container.ContainerReportHandler (AbstractContainerReportHandler.java:updateContainerState(145)) - Container #1 is in OPEN state, but the datanode a10aa3ca-3ab2-4d87-9bc7-0d045ec2b4ce{ip: 192.168.157.194, host: pr-hdds-1868-g97gg-2149769003, networkLocation: /default-rack, certSerialId: null} reports an CLOSED replica.
2019-10-17 01:09:23,565 [EventQueue-ContainerReportForContainerReportHandler] WARN  container.ContainerReportHandler (AbstractContainerReportHandler.java:updateContainerState(145)) - Container #1 is in OPEN state, but the datanode e3697062-c193-48d1-b15e-d6b6b4dc6638{ip: 192.168.157.194, host: pr-hdds-1868-g97gg-2149769003, networkLocation: /default-rack, certSerialId: null} reports an CLOSED replica.
2019-10-17 01:09:23,669 [EventQueue-ContainerReportForContainerReportHandler] WARN  container.ContainerReportHandler (AbstractContainerReportHandler.java:updateContainerState(145)) - Container #1 is in OPEN state, but the datanode a10aa3ca-3ab2-4d87-9bc7-0d045ec2b4ce{ip: 192.168.157.194, host: pr-hdds-1868-g97gg-2149769003, networkLocation: /default-rack, certSerialId: null} reports an CLOSED replica.
2019-10-17 01:09:23,866 [EventQueue-ContainerReportForContainerReportHandler] WARN  container.ContainerReportHandler (AbstractContainerReportHandler.java:updateContainerState(145)) - Container #1 is in OPEN state, but the datanode e3697062-c193-48d1-b15e-d6b6b4dc6638{ip: 192.168.157.194, host: pr-hdds-1868-g97gg-2149769003, networkLocation: /default-rack, certSerialId: null} reports an CLOSED replica.
2019-10-17 01:09:23,970 [EventQueue-ContainerReportForContainerReportHandler] WARN  container.ContainerReportHandler (AbstractContainerReportHandler.java:updateContainerState(145)) - Container #1 is in OPEN state, but the datanode a10aa3ca-3ab2-4d87-9bc7-0d045ec2b4ce{ip: 192.168.157.194, host: pr-hdds-1868-g97gg-2149769003, networkLocation: /default-rack, certSerialId: null} reports an CLOSED replica.
2019-10-17 01:09:24,148 [BlockDeletingService#2] WARN  background.BlockDeletingService (BlockDeletingService.java:isDeletionAllowed(187)) - Close Container log Index 6 is not replicated across allthe servers in the pipeline 968e2a2f-54bd-4eee-95a8-bd7a3b63c209 as the min replicated index is 4. Deletion is not allowed in this container yet.
2019-10-17 01:09:24,148 [BlockDeletingService#2] WARN  background.BlockDeletingService (BlockDeletingService.java:isDeletionAllowed(187)) - Close Container log Index 6 is not replicated across allthe servers in the pipeline 968e2a2f-54bd-4eee-95a8-bd7a3b63c209 as the min replicated index is 4. Deletion is not allowed in this container yet.
2019-10-17 01:09:24,166 [EventQueue-ContainerReportForContainerReportHandler] WARN  container.ContainerReportHandler (AbstractContainerReportHandler.java:updateContainerState(145)) - Container #1 is in OPEN state, but the datanode e3697062-c193-48d1-b15e-d6b6b4dc6638{ip: 192.168.157.194, host: pr-hdds-1868-g97gg-2149769003, networkLocation: /default-rack, certSerialId: null} reports an CLOSED replica.
2019-10-17 01:09:24,271 [EventQueue-ContainerReportForContainerReportHandler] WARN  container.ContainerReportHandler (AbstractContainerReportHandler.java:updateContainerState(145)) - Container #1 is in OPEN state, but the datanode a10aa3ca-3ab2-4d87-9bc7-0d045ec2b4ce{ip: 192.168.157.194, host: pr-hdds-1868-g97gg-2149769003, networkLocation: /default-rack, certSerialId: null} reports an CLOSED replica.
2019-10-17 01:09:24,467 [EventQueue-ContainerReportForContainerReportHandler] WARN  container.ContainerReportHandler (AbstractContainerReportHandler.java:updateContainerState(145)) - Container #1 is in OPEN state, but the datanode e3697062-c193-48d1-b15e-d6b6b4dc6638{ip: 192.168.157.194, host: pr-hdds-1868-g97gg-2149769003, networkLocation: /default-rack, certSerialId: null} reports an CLOSED replica.
2019-10-17 01:09:24,673 [EventQueue-ContainerReportForContainerReportHandler] WARN  container.ContainerReportHandler (AbstractContainerReportHandler.java:updateContainerState(145)) - Container #1 is in OPEN state, but the datanode a10aa3ca-3ab2-4d87-9bc7-0d045ec2b4ce{ip: 192.168.157.194, host: pr-hdds-1868-g97gg-2149769003, networkLocation: /default-rack, certSerialId: null} reports an CLOSED replica.
2019-10-17 01:09:24,673 [java.util.concurrent.ThreadPoolExecutor$Worker@709a6842[State = -1, empty queue]] WARN  server.GrpcLogAppender (GrpcLogAppender.java:timeoutAppendRequest(209)) - e3697062-c193-48d1-b15e-d6b6b4dc6638@group-BD7A3B63C209->ee6ff355-4f2c-4ff1-aa68-7ca64f6b5439-GrpcLogAppender: appendEntries Timeout, request=e3697062-c193-48d1-b15e-d6b6b4dc6638->ee6ff355-4f2c-4ff1-aa68-7ca64f6b5439#26-t3, previous=(t:3, i:10), leaderCommit=10, initializing? false, entries: <empty>
2019-10-17 01:09:24,766 [EventQueue-ContainerReportForContainerReportHandler] WARN  container.ContainerReportHandler (AbstractContainerReportHandler.java:updateContainerState(145)) - Container #1 is in OPEN state, but the datanode e3697062-c193-48d1-b15e-d6b6b4dc6638{ip: 192.168.157.194, host: pr-hdds-1868-g97gg-2149769003, networkLocation: /default-rack, certSerialId: null} reports an CLOSED replica.
2019-10-17 01:09:24,874 [EventQueue-ContainerReportForContainerReportHandler] WARN  container.ContainerReportHandler (AbstractContainerReportHandler.java:updateContainerState(145)) - Container #1 is in OPEN state, but the datanode a10aa3ca-3ab2-4d87-9bc7-0d045ec2b4ce{ip: 192.168.157.194, host: pr-hdds-1868-g97gg-2149769003, networkLocation: /default-rack, certSerialId: null} reports an CLOSED replica.
2019-10-17 01:09:25,067 [EventQueue-ContainerReportForContainerReportHandler] WARN  container.ContainerReportHandler (AbstractContainerReportHandler.java:updateContainerState(145)) - Container #1 is in OPEN state, but the datanode e3697062-c193-48d1-b15e-d6b6b4dc6638{ip: 192.168.157.194, host: pr-hdds-1868-g97gg-2149769003, networkLocation: /default-rack, certSerialId: null} reports an CLOSED replica.
2019-10-17 01:09:25,150 [BlockDeletingService#2] WARN  background.BlockDeletingService (BlockDeletingService.java:isDeletionAllowed(187)) - Close Container log Index 6 is not replicated across allthe servers in the pipeline 968e2a2f-54bd-4eee-95a8-bd7a3b63c209 as the min replicated index is 4. Deletion is not allowed in this container yet.
2019-10-17 01:09:25,150 [BlockDeletingService#2] WARN  background.BlockDeletingService (BlockDeletingService.java:isDeletionAllowed(187)) - Close Container log Index 6 is not replicated across allthe servers in the pipeline 968e2a2f-54bd-4eee-95a8-bd7a3b63c209 as the min replicated index is 4. Deletion is not allowed in this container yet.
2019-10-17 01:09:25,277 [EventQueue-ContainerReportForContainerReportHandler] WARN  container.ContainerReportHandler (AbstractContainerReportHandler.java:updateContainerState(145)) - Container #1 is in OPEN state, but the datanode a10aa3ca-3ab2-4d87-9bc7-0d045ec2b4ce{ip: 192.168.157.194, host: pr-hdds-1868-g97gg-2149769003, networkLocation: /default-rack, certSerialId: null} reports an CLOSED replica.
2019-10-17 01:09:25,467 [EventQueue-ContainerReportForContainerReportHandler] WARN  container.ContainerReportHandler (AbstractContainerReportHandler.java:updateContainerState(145)) - Container #1 is in OPEN state, but the datanode e3697062-c193-48d1-b15e-d6b6b4dc6638{ip: 192.168.157.194, host: pr-hdds-1868-g97gg-2149769003, networkLocation: /default-rack, certSerialId: null} reports an CLOSED replica.
2019-10-17 01:09:25,476 [EventQueue-ContainerReportForContainerReportHandler] WARN  container.ContainerReportHandler (AbstractContainerReportHandler.java:updateContainerState(145)) - Container #1 is in OPEN state, but the datanode a10aa3ca-3ab2-4d87-9bc7-0d045ec2b4ce{ip: 192.168.157.194, host: pr-hdds-1868-g97gg-2149769003, networkLocation: /default-rack, certSerialId: null} reports an CLOSED replica.
2019-10-17 01:09:25,668 [EventQueue-ContainerReportForContainerReportHandler] WARN  container.ContainerReportHandler (AbstractContainerReportHandler.java:updateContainerState(145)) - Container #1 is in OPEN state, but the datanode e3697062-c193-48d1-b15e-d6b6b4dc6638{ip: 192.168.157.194, host: pr-hdds-1868-g97gg-2149769003, networkLocation: /default-rack, certSerialId: null} reports an CLOSED replica.
2019-10-17 01:09:25,677 [EventQueue-ContainerReportForContainerReportHandler] WARN  container.ContainerReportHandler (AbstractContainerReportHandler.java:updateContainerState(145)) - Container #1 is in OPEN state, but the datanode a10aa3ca-3ab2-4d87-9bc7-0d045ec2b4ce{ip: 192.168.157.194, host: pr-hdds-1868-g97gg-2149769003, networkLocation: /default-rack, certSerialId: null} reports an CLOSED replica.
2019-10-17 01:09:25,879 [EventQueue-ContainerReportForContainerReportHandler] WARN  container.ContainerReportHandler (AbstractContainerReportHandler.java:updateContainerState(145)) - Container #1 is in OPEN state, but the datanode a10aa3ca-3ab2-4d87-9bc7-0d045ec2b4ce{ip: 192.168.157.194, host: pr-hdds-1868-g97gg-2149769003, networkLocation: /default-rack, certSerialId: null} reports an CLOSED replica.
2019-10-17 01:09:25,968 [EventQueue-ContainerReportForContainerReportHandler] WARN  container.ContainerReportHandler (AbstractContainerReportHandler.java:updateContainerState(145)) - Container #1 is in OPEN state, but the datanode e3697062-c193-48d1-b15e-d6b6b4dc6638{ip: 192.168.157.194, host: pr-hdds-1868-g97gg-2149769003, networkLocation: /default-rack, certSerialId: null} reports an CLOSED replica.
2019-10-17 01:09:26,153 [BlockDeletingService#2] WARN  background.BlockDeletingService (BlockDeletingService.java:isDeletionAllowed(187)) - Close Container log Index 6 is not replicated across allthe servers in the pipeline 968e2a2f-54bd-4eee-95a8-bd7a3b63c209 as the min replicated index is 4. Deletion is not allowed in this container yet.
2019-10-17 01:09:26,153 [BlockDeletingService#2] WARN  background.BlockDeletingService (BlockDeletingService.java:isDeletionAllowed(187)) - Close Container log Index 6 is not replicated across allthe servers in the pipeline 968e2a2f-54bd-4eee-95a8-bd7a3b63c209 as the min replicated index is 4. Deletion is not allowed in this container yet.
2019-10-17 01:09:26,168 [EventQueue-ContainerReportForContainerReportHandler] WARN  container.ContainerReportHandler (AbstractContainerReportHandler.java:updateContainerState(145)) - Container #1 is in OPEN state, but the datanode e3697062-c193-48d1-b15e-d6b6b4dc6638{ip: 192.168.157.194, host: pr-hdds-1868-g97gg-2149769003, networkLocation: /default-rack, certSerialId: null} reports an CLOSED replica.
2019-10-17 01:09:26,180 [EventQueue-ContainerReportForContainerReportHandler] WARN  container.ContainerReportHandler (AbstractContainerReportHandler.java:updateContainerState(145)) - Container #1 is in OPEN state, but the datanode a10aa3ca-3ab2-4d87-9bc7-0d045ec2b4ce{ip: 192.168.157.194, host: pr-hdds-1868-g97gg-2149769003, networkLocation: /default-rack, certSerialId: null} reports an CLOSED replica.
2019-10-17 01:09:26,380 [EventQueue-ContainerReportForContainerReportHandler] WARN  container.ContainerReportHandler (AbstractContainerReportHandler.java:updateContainerState(145)) - Container #1 is in OPEN state, but the datanode a10aa3ca-3ab2-4d87-9bc7-0d045ec2b4ce{ip: 192.168.157.194, host: pr-hdds-1868-g97gg-2149769003, networkLocation: /default-rack, certSerialId: null} reports an CLOSED replica.
2019-10-17 01:09:26,468 [EventQueue-ContainerReportForContainerReportHandler] WARN  container.ContainerReportHandler (AbstractContainerReportHandler.java:updateContainerState(145)) - Container #1 is in OPEN state, but the datanode e3697062-c193-48d1-b15e-d6b6b4dc6638{ip: 192.168.157.194, host: pr-hdds-1868-g97gg-2149769003, networkLocation: /default-rack, certSerialId: null} reports an CLOSED replica.
2019-10-17 01:09:26,581 [EventQueue-ContainerReportForContainerReportHandler] WARN  container.ContainerReportHandler (AbstractContainerReportHandler.java:updateContainerState(145)) - Container #1 is in OPEN state, but the datanode a10aa3ca-3ab2-4d87-9bc7-0d045ec2b4ce{ip: 192.168.157.194, host: pr-hdds-1868-g97gg-2149769003, networkLocation: /default-rack, certSerialId: null} reports an CLOSED replica.
2019-10-17 01:09:26,668 [EventQueue-ContainerReportForContainerReportHandler] WARN  container.ContainerReportHandler (AbstractContainerReportHandler.java:updateContainerState(145)) - Container #1 is in OPEN state, but the datanode e3697062-c193-48d1-b15e-d6b6b4dc6638{ip: 192.168.157.194, host: pr-hdds-1868-g97gg-2149769003, networkLocation: /default-rack, certSerialId: null} reports an CLOSED replica.
2019-10-17 01:09:26,869 [EventQueue-ContainerReportForContainerReportHandler] WARN  container.ContainerReportHandler (AbstractContainerReportHandler.java:updateContainerState(145)) - Container #1 is in OPEN state, but the datanode e3697062-c193-48d1-b15e-d6b6b4dc6638{ip: 192.168.157.194, host: pr-hdds-1868-g97gg-2149769003, networkLocation: /default-rack, certSerialId: null} reports an CLOSED replica.
2019-10-17 01:09:26,881 [EventQueue-ContainerReportForContainerReportHandler] WARN  container.ContainerReportHandler (AbstractContainerReportHandler.java:updateContainerState(145)) - Container #1 is in OPEN state, but the datanode a10aa3ca-3ab2-4d87-9bc7-0d045ec2b4ce{ip: 192.168.157.194, host: pr-hdds-1868-g97gg-2149769003, networkLocation: /default-rack, certSerialId: null} reports an CLOSED replica.
2019-10-17 01:09:27,081 [EventQueue-ContainerReportForContainerReportHandler] WARN  container.ContainerReportHandler (AbstractContainerReportHandler.java:updateContainerState(145)) - Container #1 is in OPEN state, but the datanode a10aa3ca-3ab2-4d87-9bc7-0d045ec2b4ce{ip: 192.168.157.194, host: pr-hdds-1868-g97gg-2149769003, networkLocation: /default-rack, certSerialId: null} reports an CLOSED replica.
2019-10-17 01:09:27,155 [BlockDeletingService#2] WARN  background.BlockDeletingService (BlockDeletingService.java:isDeletionAllowed(187)) - Close Container log Index 6 is not replicated across allthe servers in the pipeline 968e2a2f-54bd-4eee-95a8-bd7a3b63c209 as the min replicated index is 4. Deletion is not allowed in this container yet.
2019-10-17 01:09:27,156 [BlockDeletingService#2] WARN  background.BlockDeletingService (BlockDeletingService.java:isDeletionAllowed(187)) - Close Container log Index 6 is not replicated across allthe servers in the pipeline 968e2a2f-54bd-4eee-95a8-bd7a3b63c209 as the min replicated index is 4. Deletion is not allowed in this container yet.
2019-10-17 01:09:27,176 [java.util.concurrent.ThreadPoolExecutor$Worker@709a6842[State = -1, empty queue]] WARN  server.GrpcLogAppender (GrpcLogAppender.java:timeoutAppendRequest(209)) - e3697062-c193-48d1-b15e-d6b6b4dc6638@group-BD7A3B63C209->ee6ff355-4f2c-4ff1-aa68-7ca64f6b5439-GrpcLogAppender: appendEntries Timeout, request=e3697062-c193-48d1-b15e-d6b6b4dc6638->ee6ff355-4f2c-4ff1-aa68-7ca64f6b5439#27-t3, previous=(t:3, i:10), leaderCommit=10, initializing? false, entries: <empty>
2019-10-17 01:09:27,270 [EventQueue-ContainerReportForContainerReportHandler] WARN  container.ContainerReportHandler (AbstractContainerReportHandler.java:updateContainerState(145)) - Container #1 is in OPEN state, but the datanode e3697062-c193-48d1-b15e-d6b6b4dc6638{ip: 192.168.157.194, host: pr-hdds-1868-g97gg-2149769003, networkLocation: /default-rack, certSerialId: null} reports an CLOSED replica.
2019-10-17 01:09:27,381 [EventQueue-ContainerReportForContainerReportHandler] WARN  container.ContainerReportHandler (AbstractContainerReportHandler.java:updateContainerState(145)) - Container #1 is in OPEN state, but the datanode a10aa3ca-3ab2-4d87-9bc7-0d045ec2b4ce{ip: 192.168.157.194, host: pr-hdds-1868-g97gg-2149769003, networkLocation: /default-rack, certSerialId: null} reports an CLOSED replica.
2019-10-17 01:09:27,471 [EventQueue-ContainerReportForContainerReportHandler] WARN  container.ContainerReportHandler (AbstractContainerReportHandler.java:updateContainerState(145)) - Container #1 is in OPEN state, but the datanode e3697062-c193-48d1-b15e-d6b6b4dc6638{ip: 192.168.157.194, host: pr-hdds-1868-g97gg-2149769003, networkLocation: /default-rack, certSerialId: null} reports an CLOSED replica.
2019-10-17 01:09:27,681 [EventQueue-ContainerReportForContainerReportHandler] WARN  container.ContainerReportHandler (AbstractContainerReportHandler.java:updateContainerState(145)) - Container #1 is in OPEN state, but the datanode a10aa3ca-3ab2-4d87-9bc7-0d045ec2b4ce{ip: 192.168.157.194, host: pr-hdds-1868-g97gg-2149769003, networkLocation: /default-rack, certSerialId: null} reports an CLOSED replica.
2019-10-17 01:09:27,771 [EventQueue-ContainerReportForContainerReportHandler] WARN  container.ContainerReportHandler (AbstractContainerReportHandler.java:updateContainerState(145)) - Container #1 is in OPEN state, but the datanode e3697062-c193-48d1-b15e-d6b6b4dc6638{ip: 192.168.157.194, host: pr-hdds-1868-g97gg-2149769003, networkLocation: /default-rack, certSerialId: null} reports an CLOSED replica.
2019-10-17 01:09:27,882 [EventQueue-ContainerReportForContainerReportHandler] WARN  container.ContainerReportHandler (AbstractContainerReportHandler.java:updateContainerState(145)) - Container #1 is in OPEN state, but the datanode a10aa3ca-3ab2-4d87-9bc7-0d045ec2b4ce{ip: 192.168.157.194, host: pr-hdds-1868-g97gg-2149769003, networkLocation: /default-rack, certSerialId: null} reports an CLOSED replica.
2019-10-17 01:09:28,072 [EventQueue-ContainerReportForContainerReportHandler] WARN  container.ContainerReportHandler (AbstractContainerReportHandler.java:updateContainerState(145)) - Container #1 is in OPEN state, but the datanode e3697062-c193-48d1-b15e-d6b6b4dc6638{ip: 192.168.157.194, host: pr-hdds-1868-g97gg-2149769003, networkLocation: /default-rack, certSerialId: null} reports an CLOSED replica.
2019-10-17 01:09:28,081 [EventQueue-ContainerReportForContainerReportHandler] WARN  container.ContainerReportHandler (AbstractContainerReportHandler.java:updateContainerState(145)) - Container #1 is in OPEN state, but the datanode a10aa3ca-3ab2-4d87-9bc7-0d045ec2b4ce{ip: 192.168.157.194, host: pr-hdds-1868-g97gg-2149769003, networkLocation: /default-rack, certSerialId: null} reports an CLOSED replica.
2019-10-17 01:09:28,158 [BlockDeletingService#2] WARN  background.BlockDeletingService (BlockDeletingService.java:isDeletionAllowed(187)) - Close Container log Index 6 is not replicated across allthe servers in the pipeline 968e2a2f-54bd-4eee-95a8-bd7a3b63c209 as the min replicated index is 4. Deletion is not allowed in this container yet.
2019-10-17 01:09:28,158 [BlockDeletingService#2] WARN  background.BlockDeletingService (BlockDeletingService.java:isDeletionAllowed(187)) - Close Container log Index 6 is not replicated across allthe servers in the pipeline 968e2a2f-54bd-4eee-95a8-bd7a3b63c209 as the min replicated index is 4. Deletion is not allowed in this container yet.
2019-10-17 01:09:28,371 [EventQueue-ContainerReportForContainerReportHandler] WARN  container.ContainerReportHandler (AbstractContainerReportHandler.java:updateContainerState(145)) - Container #1 is in OPEN state, but the datanode e3697062-c193-48d1-b15e-d6b6b4dc6638{ip: 192.168.157.194, host: pr-hdds-1868-g97gg-2149769003, networkLocation: /default-rack, certSerialId: null} reports an CLOSED replica.
2019-10-17 01:09:28,381 [EventQueue-ContainerReportForContainerReportHandler] WARN  container.ContainerReportHandler (AbstractContainerReportHandler.java:updateContainerState(145)) - Container #1 is in OPEN state, but the datanode a10aa3ca-3ab2-4d87-9bc7-0d045ec2b4ce{ip: 192.168.157.194, host: pr-hdds-1868-g97gg-2149769003, networkLocation: /default-rack, certSerialId: null} reports an CLOSED replica.
2019-10-17 01:09:28,571 [EventQueue-ContainerReportForContainerReportHandler] WARN  container.ContainerReportHandler (AbstractContainerReportHandler.java:updateContainerState(145)) - Container #1 is in OPEN state, but the datanode e3697062-c193-48d1-b15e-d6b6b4dc6638{ip: 192.168.157.194, host: pr-hdds-1868-g97gg-2149769003, networkLocation: /default-rack, certSerialId: null} reports an CLOSED replica.
2019-10-17 01:09:28,581 [EventQueue-ContainerReportForContainerReportHandler] WARN  container.ContainerReportHandler (AbstractContainerReportHandler.java:updateContainerState(145)) - Container #1 is in OPEN state, but the datanode a10aa3ca-3ab2-4d87-9bc7-0d045ec2b4ce{ip: 192.168.157.194, host: pr-hdds-1868-g97gg-2149769003, networkLocation: /default-rack, certSerialId: null} reports an CLOSED replica.
2019-10-17 01:09:28,584 [Thread-348] INFO  client.GrpcClientProtocolService (GrpcClientProtocolService.java:lambda$processClientRequest$0(278)) - Failed RaftClientRequest:client-B379F03C97AF->e3697062-c193-48d1-b15e-d6b6b4dc6638@group-BD7A3B63C209, cid=10, seq=0, Watch-ALL_COMMITTED(6), Message:<EMPTY>, reply=RaftClientReply:client-B379F03C97AF->e3697062-c193-48d1-b15e-d6b6b4dc6638@group-BD7A3B63C209, cid=10, FAILED org.apache.ratis.protocol.NotReplicatedException: Request with call Id 10 and log index 6 is not yet replicated to ALL_COMMITTED, logIndex=6, commits[e3697062-c193-48d1-b15e-d6b6b4dc6638:c10, ee6ff355-4f2c-4ff1-aa68-7ca64f6b5439:c4, a10aa3ca-3ab2-4d87-9bc7-0d045ec2b4ce:c10]
2019-10-17 01:09:28,873 [EventQueue-ContainerReportForContainerReportHandler] WARN  container.ContainerReportHandler (AbstractContainerReportHandler.java:updateContainerState(145)) - Container #1 is in OPEN state, but the datanode e3697062-c193-48d1-b15e-d6b6b4dc6638{ip: 192.168.157.194, host: pr-hdds-1868-g97gg-2149769003, networkLocation: /default-rack, certSerialId: null} reports an CLOSED replica.
2019-10-17 01:09:28,881 [EventQueue-ContainerReportForContainerReportHandler] WARN  container.ContainerReportHandler (AbstractContainerReportHandler.java:updateContainerState(145)) - Container #1 is in OPEN state, but the datanode a10aa3ca-3ab2-4d87-9bc7-0d045ec2b4ce{ip: 192.168.157.194, host: pr-hdds-1868-g97gg-2149769003, networkLocation: /default-rack, certSerialId: null} reports an CLOSED replica.
2019-10-17 01:09:29,160 [BlockDeletingService#2] WARN  background.BlockDeletingService (BlockDeletingService.java:isDeletionAllowed(187)) - Close Container log Index 6 is not replicated across allthe servers in the pipeline 968e2a2f-54bd-4eee-95a8-bd7a3b63c209 as the min replicated index is 4. Deletion is not allowed in this container yet.
2019-10-17 01:09:29,160 [BlockDeletingService#2] WARN  background.BlockDeletingService (BlockDeletingService.java:isDeletionAllowed(187)) - Close Container log Index 6 is not replicated across allthe servers in the pipeline 968e2a2f-54bd-4eee-95a8-bd7a3b63c209 as the min replicated index is 4. Deletion is not allowed in this container yet.
2019-10-17 01:09:29,172 [EventQueue-ContainerReportForContainerReportHandler] WARN  container.ContainerReportHandler (AbstractContainerReportHandler.java:updateContainerState(145)) - Container #1 is in OPEN state, but the datanode e3697062-c193-48d1-b15e-d6b6b4dc6638{ip: 192.168.157.194, host: pr-hdds-1868-g97gg-2149769003, networkLocation: /default-rack, certSerialId: null} reports an CLOSED replica.
2019-10-17 01:09:29,281 [EventQueue-ContainerReportForContainerReportHandler] WARN  container.ContainerReportHandler (AbstractContainerReportHandler.java:updateContainerState(145)) - Container #1 is in OPEN state, but the datanode a10aa3ca-3ab2-4d87-9bc7-0d045ec2b4ce{ip: 192.168.157.194, host: pr-hdds-1868-g97gg-2149769003, networkLocation: /default-rack, certSerialId: null} reports an CLOSED replica.
2019-10-17 01:09:29,473 [EventQueue-ContainerReportForContainerReportHandler] WARN  container.ContainerReportHandler (AbstractContainerReportHandler.java:updateContainerState(145)) - Container #1 is in OPEN state, but the datanode e3697062-c193-48d1-b15e-d6b6b4dc6638{ip: 192.168.157.194, host: pr-hdds-1868-g97gg-2149769003, networkLocation: /default-rack, certSerialId: null} reports an CLOSED replica.
2019-10-17 01:09:29,583 [EventQueue-ContainerReportForContainerReportHandler] WARN  container.ContainerReportHandler (AbstractContainerReportHandler.java:updateContainerState(145)) - Container #1 is in OPEN state, but the datanode a10aa3ca-3ab2-4d87-9bc7-0d045ec2b4ce{ip: 192.168.157.194, host: pr-hdds-1868-g97gg-2149769003, networkLocation: /default-rack, certSerialId: null} reports an CLOSED replica.
2019-10-17 01:09:29,678 [java.util.concurrent.ThreadPoolExecutor$Worker@709a6842[State = -1, empty queue]] WARN  server.GrpcLogAppender (GrpcLogAppender.java:timeoutAppendRequest(209)) - e3697062-c193-48d1-b15e-d6b6b4dc6638@group-BD7A3B63C209->ee6ff355-4f2c-4ff1-aa68-7ca64f6b5439-GrpcLogAppender: appendEntries Timeout, request=e3697062-c193-48d1-b15e-d6b6b4dc6638->ee6ff355-4f2c-4ff1-aa68-7ca64f6b5439#28-t3, previous=(t:3, i:10), leaderCommit=10, initializing? false, entries: <empty>
2019-10-17 01:09:29,874 [EventQueue-ContainerReportForContainerReportHandler] WARN  container.ContainerReportHandler (AbstractContainerReportHandler.java:updateContainerState(145)) - Container #1 is in OPEN state, but the datanode e3697062-c193-48d1-b15e-d6b6b4dc6638{ip: 192.168.157.194, host: pr-hdds-1868-g97gg-2149769003, networkLocation: /default-rack, certSerialId: null} reports an CLOSED replica.
2019-10-17 01:09:29,983 [EventQueue-ContainerReportForContainerReportHandler] WARN  container.ContainerReportHandler (AbstractContainerReportHandler.java:updateContainerState(145)) - Container #1 is in OPEN state, but the datanode a10aa3ca-3ab2-4d87-9bc7-0d045ec2b4ce{ip: 192.168.157.194, host: pr-hdds-1868-g97gg-2149769003, networkLocation: /default-rack, certSerialId: null} reports an CLOSED replica.
2019-10-17 01:09:30,166 [BlockDeletingService#2] WARN  background.BlockDeletingService (BlockDeletingService.java:isDeletionAllowed(187)) - Close Container log Index 6 is not replicated across allthe servers in the pipeline 968e2a2f-54bd-4eee-95a8-bd7a3b63c209 as the min replicated index is 4. Deletion is not allowed in this container yet.
2019-10-17 01:09:30,166 [BlockDeletingService#2] WARN  background.BlockDeletingService (BlockDeletingService.java:isDeletionAllowed(187)) - Close Container log Index 6 is not replicated across allthe servers in the pipeline 968e2a2f-54bd-4eee-95a8-bd7a3b63c209 as the min replicated index is 4. Deletion is not allowed in this container yet.
2019-10-17 01:09:30,274 [EventQueue-ContainerReportForContainerReportHandler] WARN  container.ContainerReportHandler (AbstractContainerReportHandler.java:updateContainerState(145)) - Container #1 is in OPEN state, but the datanode e3697062-c193-48d1-b15e-d6b6b4dc6638{ip: 192.168.157.194, host: pr-hdds-1868-g97gg-2149769003, networkLocation: /default-rack, certSerialId: null} reports an CLOSED replica.
2019-10-17 01:09:30,284 [EventQueue-ContainerReportForContainerReportHandler] WARN  container.ContainerReportHandler (AbstractContainerReportHandler.java:updateContainerState(145)) - Container #1 is in OPEN state, but the datanode a10aa3ca-3ab2-4d87-9bc7-0d045ec2b4ce{ip: 192.168.157.194, host: pr-hdds-1868-g97gg-2149769003, networkLocation: /default-rack, certSerialId: null} reports an CLOSED replica.
2019-10-17 01:09:30,475 [EventQueue-ContainerReportForContainerReportHandler] WARN  container.ContainerReportHandler (AbstractContainerReportHandler.java:updateContainerState(145)) - Container #1 is in OPEN state, but the datanode e3697062-c193-48d1-b15e-d6b6b4dc6638{ip: 192.168.157.194, host: pr-hdds-1868-g97gg-2149769003, networkLocation: /default-rack, certSerialId: null} reports an CLOSED replica.
2019-10-17 01:09:30,584 [EventQueue-ContainerReportForContainerReportHandler] WARN  container.ContainerReportHandler (AbstractContainerReportHandler.java:updateContainerState(145)) - Container #1 is in OPEN state, but the datanode a10aa3ca-3ab2-4d87-9bc7-0d045ec2b4ce{ip: 192.168.157.194, host: pr-hdds-1868-g97gg-2149769003, networkLocation: /default-rack, certSerialId: null} reports an CLOSED replica.
2019-10-17 01:09:30,775 [EventQueue-ContainerReportForContainerReportHandler] WARN  container.ContainerReportHandler (AbstractContainerReportHandler.java:updateContainerState(145)) - Container #1 is in OPEN state, but the datanode e3697062-c193-48d1-b15e-d6b6b4dc6638{ip: 192.168.157.194, host: pr-hdds-1868-g97gg-2149769003, networkLocation: /default-rack, certSerialId: null} reports an CLOSED replica.
2019-10-17 01:09:30,884 [EventQueue-ContainerReportForContainerReportHandler] WARN  container.ContainerReportHandler (AbstractContainerReportHandler.java:updateContainerState(145)) - Container #1 is in OPEN state, but the datanode a10aa3ca-3ab2-4d87-9bc7-0d045ec2b4ce{ip: 192.168.157.194, host: pr-hdds-1868-g97gg-2149769003, networkLocation: /default-rack, certSerialId: null} reports an CLOSED replica.
2019-10-17 01:09:31,168 [BlockDeletingService#2] WARN  background.BlockDeletingService (BlockDeletingService.java:isDeletionAllowed(187)) - Close Container log Index 6 is not replicated across allthe servers in the pipeline 968e2a2f-54bd-4eee-95a8-bd7a3b63c209 as the min replicated index is 4. Deletion is not allowed in this container yet.
2019-10-17 01:09:31,168 [BlockDeletingService#2] WARN  background.BlockDeletingService (BlockDeletingService.java:isDeletionAllowed(187)) - Close Container log Index 6 is not replicated across allthe servers in the pipeline 968e2a2f-54bd-4eee-95a8-bd7a3b63c209 as the min replicated index is 4. Deletion is not allowed in this container yet.
2019-10-17 01:09:31,175 [EventQueue-ContainerReportForContainerReportHandler] WARN  container.ContainerReportHandler (AbstractContainerReportHandler.java:updateContainerState(145)) - Container #1 is in OPEN state, but the datanode e3697062-c193-48d1-b15e-d6b6b4dc6638{ip: 192.168.157.194, host: pr-hdds-1868-g97gg-2149769003, networkLocation: /default-rack, certSerialId: null} reports an CLOSED replica.
2019-10-17 01:09:31,184 [EventQueue-ContainerReportForContainerReportHandler] WARN  container.ContainerReportHandler (AbstractContainerReportHandler.java:updateContainerState(145)) - Container #1 is in OPEN state, but the datanode a10aa3ca-3ab2-4d87-9bc7-0d045ec2b4ce{ip: 192.168.157.194, host: pr-hdds-1868-g97gg-2149769003, networkLocation: /default-rack, certSerialId: null} reports an CLOSED replica.
2019-10-17 01:09:31,376 [EventQueue-ContainerReportForContainerReportHandler] WARN  container.ContainerReportHandler (AbstractContainerReportHandler.java:updateContainerState(145)) - Container #1 is in OPEN state, but the datanode e3697062-c193-48d1-b15e-d6b6b4dc6638{ip: 192.168.157.194, host: pr-hdds-1868-g97gg-2149769003, networkLocation: /default-rack, certSerialId: null} reports an CLOSED replica.
2019-10-17 01:09:31,484 [EventQueue-ContainerReportForContainerReportHandler] WARN  container.ContainerReportHandler (AbstractContainerReportHandler.java:updateContainerState(145)) - Container #1 is in OPEN state, but the datanode a10aa3ca-3ab2-4d87-9bc7-0d045ec2b4ce{ip: 192.168.157.194, host: pr-hdds-1868-g97gg-2149769003, networkLocation: /default-rack, certSerialId: null} reports an CLOSED replica.
2019-10-17 01:09:31,777 [EventQueue-ContainerReportForContainerReportHandler] WARN  container.ContainerReportHandler (AbstractContainerReportHandler.java:updateContainerState(145)) - Container #1 is in OPEN state, but the datanode e3697062-c193-48d1-b15e-d6b6b4dc6638{ip: 192.168.157.194, host: pr-hdds-1868-g97gg-2149769003, networkLocation: /default-rack, certSerialId: null} reports an CLOSED replica.
2019-10-17 01:09:31,785 [EventQueue-ContainerReportForContainerReportHandler] WARN  container.ContainerReportHandler (AbstractContainerReportHandler.java:updateContainerState(145)) - Container #1 is in OPEN state, but the datanode a10aa3ca-3ab2-4d87-9bc7-0d045ec2b4ce{ip: 192.168.157.194, host: pr-hdds-1868-g97gg-2149769003, networkLocation: /default-rack, certSerialId: null} reports an CLOSED replica.
2019-10-17 01:09:31,978 [EventQueue-ContainerReportForContainerReportHandler] WARN  container.ContainerReportHandler (AbstractContainerReportHandler.java:updateContainerState(145)) - Container #1 is in OPEN state, but the datanode e3697062-c193-48d1-b15e-d6b6b4dc6638{ip: 192.168.157.194, host: pr-hdds-1868-g97gg-2149769003, networkLocation: /default-rack, certSerialId: null} reports an CLOSED replica.
2019-10-17 01:09:32,171 [BlockDeletingService#2] WARN  background.BlockDeletingService (BlockDeletingService.java:isDeletionAllowed(187)) - Close Container log Index 6 is not replicated across allthe servers in the pipeline 968e2a2f-54bd-4eee-95a8-bd7a3b63c209 as the min replicated index is 4. Deletion is not allowed in this container yet.
2019-10-17 01:09:32,171 [BlockDeletingService#2] WARN  background.BlockDeletingService (BlockDeletingService.java:isDeletionAllowed(187)) - Close Container log Index 6 is not replicated across allthe servers in the pipeline 968e2a2f-54bd-4eee-95a8-bd7a3b63c209 as the min replicated index is 4. Deletion is not allowed in this container yet.
2019-10-17 01:09:32,179 [java.util.concurrent.ThreadPoolExecutor$Worker@709a6842[State = -1, empty queue]] WARN  server.GrpcLogAppender (GrpcLogAppender.java:timeoutAppendRequest(209)) - e3697062-c193-48d1-b15e-d6b6b4dc6638@group-BD7A3B63C209->ee6ff355-4f2c-4ff1-aa68-7ca64f6b5439-GrpcLogAppender: appendEntries Timeout, request=e3697062-c193-48d1-b15e-d6b6b4dc6638->ee6ff355-4f2c-4ff1-aa68-7ca64f6b5439#29-t3, previous=(t:3, i:10), leaderCommit=10, initializing? false, entries: <empty>
2019-10-17 01:09:32,186 [EventQueue-ContainerReportForContainerReportHandler] WARN  container.ContainerReportHandler (AbstractContainerReportHandler.java:updateContainerState(145)) - Container #1 is in OPEN state, but the datanode a10aa3ca-3ab2-4d87-9bc7-0d045ec2b4ce{ip: 192.168.157.194, host: pr-hdds-1868-g97gg-2149769003, networkLocation: /default-rack, certSerialId: null} reports an CLOSED replica.
2019-10-17 01:09:32,278 [EventQueue-ContainerReportForContainerReportHandler] WARN  container.ContainerReportHandler (AbstractContainerReportHandler.java:updateContainerState(145)) - Container #1 is in OPEN state, but the datanode e3697062-c193-48d1-b15e-d6b6b4dc6638{ip: 192.168.157.194, host: pr-hdds-1868-g97gg-2149769003, networkLocation: /default-rack, certSerialId: null} reports an CLOSED replica.
2019-10-17 01:09:32,486 [EventQueue-ContainerReportForContainerReportHandler] WARN  container.ContainerReportHandler (AbstractContainerReportHandler.java:updateContainerState(145)) - Container #1 is in OPEN state, but the datanode a10aa3ca-3ab2-4d87-9bc7-0d045ec2b4ce{ip: 192.168.157.194, host: pr-hdds-1868-g97gg-2149769003, networkLocation: /default-rack, certSerialId: null} reports an CLOSED replica.
2019-10-17 01:09:32,579 [EventQueue-ContainerReportForContainerReportHandler] WARN  container.ContainerReportHandler (AbstractContainerReportHandler.java:updateContainerState(145)) - Container #1 is in OPEN state, but the datanode e3697062-c193-48d1-b15e-d6b6b4dc6638{ip: 192.168.157.194, host: pr-hdds-1868-g97gg-2149769003, networkLocation: /default-rack, certSerialId: null} reports an CLOSED replica.
2019-10-17 01:09:32,686 [EventQueue-ContainerReportForContainerReportHandler] WARN  container.ContainerReportHandler (AbstractContainerReportHandler.java:updateContainerState(145)) - Container #1 is in OPEN state, but the datanode a10aa3ca-3ab2-4d87-9bc7-0d045ec2b4ce{ip: 192.168.157.194, host: pr-hdds-1868-g97gg-2149769003, networkLocation: /default-rack, certSerialId: null} reports an CLOSED replica.
2019-10-17 01:09:32,879 [EventQueue-ContainerReportForContainerReportHandler] WARN  container.ContainerReportHandler (AbstractContainerReportHandler.java:updateContainerState(145)) - Container #1 is in OPEN state, but the datanode e3697062-c193-48d1-b15e-d6b6b4dc6638{ip: 192.168.157.194, host: pr-hdds-1868-g97gg-2149769003, networkLocation: /default-rack, certSerialId: null} reports an CLOSED replica.
2019-10-17 01:09:33,086 [EventQueue-ContainerReportForContainerReportHandler] WARN  container.ContainerReportHandler (AbstractContainerReportHandler.java:updateContainerState(145)) - Container #1 is in OPEN state, but the datanode a10aa3ca-3ab2-4d87-9bc7-0d045ec2b4ce{ip: 192.168.157.194, host: pr-hdds-1868-g97gg-2149769003, networkLocation: /default-rack, certSerialId: null} reports an CLOSED replica.
2019-10-17 01:09:33,173 [BlockDeletingService#2] WARN  background.BlockDeletingService (BlockDeletingService.java:isDeletionAllowed(187)) - Close Container log Index 6 is not replicated across allthe servers in the pipeline 968e2a2f-54bd-4eee-95a8-bd7a3b63c209 as the min replicated index is 4. Deletion is not allowed in this container yet.
2019-10-17 01:09:33,173 [BlockDeletingService#2] WARN  background.BlockDeletingService (BlockDeletingService.java:isDeletionAllowed(187)) - Close Container log Index 6 is not replicated across allthe servers in the pipeline 968e2a2f-54bd-4eee-95a8-bd7a3b63c209 as the min replicated index is 4. Deletion is not allowed in this container yet.
2019-10-17 01:09:33,179 [EventQueue-ContainerReportForContainerReportHandler] WARN  container.ContainerReportHandler (AbstractContainerReportHandler.java:updateContainerState(145)) - Container #1 is in OPEN state, but the datanode e3697062-c193-48d1-b15e-d6b6b4dc6638{ip: 192.168.157.194, host: pr-hdds-1868-g97gg-2149769003, networkLocation: /default-rack, certSerialId: null} reports an CLOSED replica.
2019-10-17 01:09:33,287 [EventQueue-ContainerReportForContainerReportHandler] WARN  container.ContainerReportHandler (AbstractContainerReportHandler.java:updateContainerState(145)) - Container #1 is in OPEN state, but the datanode a10aa3ca-3ab2-4d87-9bc7-0d045ec2b4ce{ip: 192.168.157.194, host: pr-hdds-1868-g97gg-2149769003, networkLocation: /default-rack, certSerialId: null} reports an CLOSED replica.
2019-10-17 01:09:33,480 [EventQueue-ContainerReportForContainerReportHandler] WARN  container.ContainerReportHandler (AbstractContainerReportHandler.java:updateContainerState(145)) - Container #1 is in OPEN state, but the datanode e3697062-c193-48d1-b15e-d6b6b4dc6638{ip: 192.168.157.194, host: pr-hdds-1868-g97gg-2149769003, networkLocation: /default-rack, certSerialId: null} reports an CLOSED replica.
2019-10-17 01:09:33,488 [EventQueue-ContainerReportForContainerReportHandler] WARN  container.ContainerReportHandler (AbstractContainerReportHandler.java:updateContainerState(145)) - Container #1 is in OPEN state, but the datanode a10aa3ca-3ab2-4d87-9bc7-0d045ec2b4ce{ip: 192.168.157.194, host: pr-hdds-1868-g97gg-2149769003, networkLocation: /default-rack, certSerialId: null} reports an CLOSED replica.
2019-10-17 01:09:33,780 [EventQueue-ContainerReportForContainerReportHandler] WARN  container.ContainerReportHandler (AbstractContainerReportHandler.java:updateContainerState(145)) - Container #1 is in OPEN state, but the datanode e3697062-c193-48d1-b15e-d6b6b4dc6638{ip: 192.168.157.194, host: pr-hdds-1868-g97gg-2149769003, networkLocation: /default-rack, certSerialId: null} reports an CLOSED replica.
2019-10-17 01:09:33,888 [EventQueue-ContainerReportForContainerReportHandler] WARN  container.ContainerReportHandler (AbstractContainerReportHandler.java:updateContainerState(145)) - Container #1 is in OPEN state, but the datanode a10aa3ca-3ab2-4d87-9bc7-0d045ec2b4ce{ip: 192.168.157.194, host: pr-hdds-1868-g97gg-2149769003, networkLocation: /default-rack, certSerialId: null} reports an CLOSED replica.
2019-10-17 01:09:33,980 [EventQueue-ContainerReportForContainerReportHandler] WARN  container.ContainerReportHandler (AbstractContainerReportHandler.java:updateContainerState(145)) - Container #1 is in OPEN state, but the datanode e3697062-c193-48d1-b15e-d6b6b4dc6638{ip: 192.168.157.194, host: pr-hdds-1868-g97gg-2149769003, networkLocation: /default-rack, certSerialId: null} reports an CLOSED replica.
2019-10-17 01:09:34,177 [BlockDeletingService#2] WARN  background.BlockDeletingService (BlockDeletingService.java:isDeletionAllowed(187)) - Close Container log Index 6 is not replicated across allthe servers in the pipeline 968e2a2f-54bd-4eee-95a8-bd7a3b63c209 as the min replicated index is 4. Deletion is not allowed in this container yet.
2019-10-17 01:09:34,177 [BlockDeletingService#2] WARN  background.BlockDeletingService (BlockDeletingService.java:isDeletionAllowed(187)) - Close Container log Index 6 is not replicated across allthe servers in the pipeline 968e2a2f-54bd-4eee-95a8-bd7a3b63c209 as the min replicated index is 4. Deletion is not allowed in this container yet.
2019-10-17 01:09:34,188 [EventQueue-ContainerReportForContainerReportHandler] WARN  container.ContainerReportHandler (AbstractContainerReportHandler.java:updateContainerState(145)) - Container #1 is in OPEN state, but the datanode a10aa3ca-3ab2-4d87-9bc7-0d045ec2b4ce{ip: 192.168.157.194, host: pr-hdds-1868-g97gg-2149769003, networkLocation: /default-rack, certSerialId: null} reports an CLOSED replica.
2019-10-17 01:09:34,382 [EventQueue-ContainerReportForContainerReportHandler] WARN  container.ContainerReportHandler (AbstractContainerReportHandler.java:updateContainerState(145)) - Container #1 is in OPEN state, but the datanode e3697062-c193-48d1-b15e-d6b6b4dc6638{ip: 192.168.157.194, host: pr-hdds-1868-g97gg-2149769003, networkLocation: /default-rack, certSerialId: null} reports an CLOSED replica.
2019-10-17 01:09:34,489 [EventQueue-ContainerReportForContainerReportHandler] WARN  container.ContainerReportHandler (AbstractContainerReportHandler.java:updateContainerState(145)) - Container #1 is in OPEN state, but the datanode a10aa3ca-3ab2-4d87-9bc7-0d045ec2b4ce{ip: 192.168.157.194, host: pr-hdds-1868-g97gg-2149769003, networkLocation: /default-rack, certSerialId: null} reports an CLOSED replica.
2019-10-17 01:09:34,681 [java.util.concurrent.ThreadPoolExecutor$Worker@709a6842[State = -1, empty queue]] WARN  server.GrpcLogAppender (GrpcLogAppender.java:timeoutAppendRequest(209)) - e3697062-c193-48d1-b15e-d6b6b4dc6638@group-BD7A3B63C209->ee6ff355-4f2c-4ff1-aa68-7ca64f6b5439-GrpcLogAppender: appendEntries Timeout, request=e3697062-c193-48d1-b15e-d6b6b4dc6638->ee6ff355-4f2c-4ff1-aa68-7ca64f6b5439#30-t3, previous=(t:3, i:10), leaderCommit=10, initializing? false, entries: <empty>
2019-10-17 01:09:34,689 [EventQueue-ContainerReportForContainerReportHandler] WARN  container.ContainerReportHandler (AbstractContainerReportHandler.java:updateContainerState(145)) - Container #1 is in OPEN state, but the datanode a10aa3ca-3ab2-4d87-9bc7-0d045ec2b4ce{ip: 192.168.157.194, host: pr-hdds-1868-g97gg-2149769003, networkLocation: /default-rack, certSerialId: null} reports an CLOSED replica.
2019-10-17 01:09:34,782 [EventQueue-ContainerReportForContainerReportHandler] WARN  container.ContainerReportHandler (AbstractContainerReportHandler.java:updateContainerState(145)) - Container #1 is in OPEN state, but the datanode e3697062-c193-48d1-b15e-d6b6b4dc6638{ip: 192.168.157.194, host: pr-hdds-1868-g97gg-2149769003, networkLocation: /default-rack, certSerialId: null} reports an CLOSED replica.
2019-10-17 01:09:34,991 [EventQueue-ContainerReportForContainerReportHandler] WARN  container.ContainerReportHandler (AbstractContainerReportHandler.java:updateContainerState(145)) - Container #1 is in OPEN state, but the datanode a10aa3ca-3ab2-4d87-9bc7-0d045ec2b4ce{ip: 192.168.157.194, host: pr-hdds-1868-g97gg-2149769003, networkLocation: /default-rack, certSerialId: null} reports an CLOSED replica.
2019-10-17 01:09:35,082 [EventQueue-ContainerReportForContainerReportHandler] WARN  container.ContainerReportHandler (AbstractContainerReportHandler.java:updateContainerState(145)) - Container #1 is in OPEN state, but the datanode e3697062-c193-48d1-b15e-d6b6b4dc6638{ip: 192.168.157.194, host: pr-hdds-1868-g97gg-2149769003, networkLocation: /default-rack, certSerialId: null} reports an CLOSED replica.
2019-10-17 01:09:35,179 [BlockDeletingService#2] WARN  background.BlockDeletingService (BlockDeletingService.java:isDeletionAllowed(187)) - Close Container log Index 6 is not replicated across allthe servers in the pipeline 968e2a2f-54bd-4eee-95a8-bd7a3b63c209 as the min replicated index is 4. Deletion is not allowed in this container yet.
2019-10-17 01:09:35,179 [BlockDeletingService#2] WARN  background.BlockDeletingService (BlockDeletingService.java:isDeletionAllowed(187)) - Close Container log Index 6 is not replicated across allthe servers in the pipeline 968e2a2f-54bd-4eee-95a8-bd7a3b63c209 as the min replicated index is 4. Deletion is not allowed in this container yet.
2019-10-17 01:09:35,190 [EventQueue-ContainerReportForContainerReportHandler] WARN  container.ContainerReportHandler (AbstractContainerReportHandler.java:updateContainerState(145)) - Container #1 is in OPEN state, but the datanode a10aa3ca-3ab2-4d87-9bc7-0d045ec2b4ce{ip: 192.168.157.194, host: pr-hdds-1868-g97gg-2149769003, networkLocation: /default-rack, certSerialId: null} reports an CLOSED replica.
2019-10-17 01:09:35,383 [EventQueue-ContainerReportForContainerReportHandler] WARN  container.ContainerReportHandler (AbstractContainerReportHandler.java:updateContainerState(145)) - Container #1 is in OPEN state, but the datanode e3697062-c193-48d1-b15e-d6b6b4dc6638{ip: 192.168.157.194, host: pr-hdds-1868-g97gg-2149769003, networkLocation: /default-rack, certSerialId: null} reports an CLOSED replica.
2019-10-17 01:09:35,491 [EventQueue-ContainerReportForContainerReportHandler] WARN  container.ContainerReportHandler (AbstractContainerReportHandler.java:updateContainerState(145)) - Container #1 is in OPEN state, but the datanode a10aa3ca-3ab2-4d87-9bc7-0d045ec2b4ce{ip: 192.168.157.194, host: pr-hdds-1868-g97gg-2149769003, networkLocation: /default-rack, certSerialId: null} reports an CLOSED replica.
2019-10-17 01:09:35,783 [EventQueue-ContainerReportForContainerReportHandler] WARN  container.ContainerReportHandler (AbstractContainerReportHandler.java:updateContainerState(145)) - Container #1 is in OPEN state, but the datanode e3697062-c193-48d1-b15e-d6b6b4dc6638{ip: 192.168.157.194, host: pr-hdds-1868-g97gg-2149769003, networkLocation: /default-rack, certSerialId: null} reports an CLOSED replica.
2019-10-17 01:09:35,790 [EventQueue-ContainerReportForContainerReportHandler] WARN  container.ContainerReportHandler (AbstractContainerReportHandler.java:updateContainerState(145)) - Container #1 is in OPEN state, but the datanode a10aa3ca-3ab2-4d87-9bc7-0d045ec2b4ce{ip: 192.168.157.194, host: pr-hdds-1868-g97gg-2149769003, networkLocation: /default-rack, certSerialId: null} reports an CLOSED replica.
2019-10-17 01:09:36,083 [EventQueue-ContainerReportForContainerReportHandler] WARN  container.ContainerReportHandler (AbstractContainerReportHandler.java:updateContainerState(145)) - Container #1 is in OPEN state, but the datanode e3697062-c193-48d1-b15e-d6b6b4dc6638{ip: 192.168.157.194, host: pr-hdds-1868-g97gg-2149769003, networkLocation: /default-rack, certSerialId: null} reports an CLOSED replica.
2019-10-17 01:09:36,090 [EventQueue-ContainerReportForContainerReportHandler] WARN  container.ContainerReportHandler (AbstractContainerReportHandler.java:updateContainerState(145)) - Container #1 is in OPEN state, but the datanode a10aa3ca-3ab2-4d87-9bc7-0d045ec2b4ce{ip: 192.168.157.194, host: pr-hdds-1868-g97gg-2149769003, networkLocation: /default-rack, certSerialId: null} reports an CLOSED replica.
2019-10-17 01:09:36,181 [BlockDeletingService#2] WARN  background.BlockDeletingService (BlockDeletingService.java:isDeletionAllowed(187)) - Close Container log Index 6 is not replicated across allthe servers in the pipeline 968e2a2f-54bd-4eee-95a8-bd7a3b63c209 as the min replicated index is 4. Deletion is not allowed in this container yet.
2019-10-17 01:09:36,181 [BlockDeletingService#2] WARN  background.BlockDeletingService (BlockDeletingService.java:isDeletionAllowed(187)) - Close Container log Index 6 is not replicated across allthe servers in the pipeline 968e2a2f-54bd-4eee-95a8-bd7a3b63c209 as the min replicated index is 4. Deletion is not allowed in this container yet.
2019-10-17 01:09:36,383 [EventQueue-ContainerReportForContainerReportHandler] WARN  container.ContainerReportHandler (AbstractContainerReportHandler.java:updateContainerState(145)) - Container #1 is in OPEN state, but the datanode e3697062-c193-48d1-b15e-d6b6b4dc6638{ip: 192.168.157.194, host: pr-hdds-1868-g97gg-2149769003, networkLocation: /default-rack, certSerialId: null} reports an CLOSED replica.
2019-10-17 01:09:36,390 [EventQueue-ContainerReportForContainerReportHandler] WARN  container.ContainerReportHandler (AbstractContainerReportHandler.java:updateContainerState(145)) - Container #1 is in OPEN state, but the datanode a10aa3ca-3ab2-4d87-9bc7-0d045ec2b4ce{ip: 192.168.157.194, host: pr-hdds-1868-g97gg-2149769003, networkLocation: /default-rack, certSerialId: null} reports an CLOSED replica.
2019-10-17 01:09:36,683 [EventQueue-ContainerReportForContainerReportHandler] WARN  container.ContainerReportHandler (AbstractContainerReportHandler.java:updateContainerState(145)) - Container #1 is in OPEN state, but the datanode e3697062-c193-48d1-b15e-d6b6b4dc6638{ip: 192.168.157.194, host: pr-hdds-1868-g97gg-2149769003, networkLocation: /default-rack, certSerialId: null} reports an CLOSED replica.
2019-10-17 01:09:36,790 [EventQueue-ContainerReportForContainerReportHandler] WARN  container.ContainerReportHandler (AbstractContainerReportHandler.java:updateContainerState(145)) - Container #1 is in OPEN state, but the datanode a10aa3ca-3ab2-4d87-9bc7-0d045ec2b4ce{ip: 192.168.157.194, host: pr-hdds-1868-g97gg-2149769003, networkLocation: /default-rack, certSerialId: null} reports an CLOSED replica.
2019-10-17 01:09:36,883 [EventQueue-ContainerReportForContainerReportHandler] WARN  container.ContainerReportHandler (AbstractContainerReportHandler.java:updateContainerState(145)) - Container #1 is in OPEN state, but the datanode e3697062-c193-48d1-b15e-d6b6b4dc6638{ip: 192.168.157.194, host: pr-hdds-1868-g97gg-2149769003, networkLocation: /default-rack, certSerialId: null} reports an CLOSED replica.
2019-10-17 01:09:37,083 [EventQueue-ContainerReportForContainerReportHandler] WARN  container.ContainerReportHandler (AbstractContainerReportHandler.java:updateContainerState(145)) - Container #1 is in OPEN state, but the datanode e3697062-c193-48d1-b15e-d6b6b4dc6638{ip: 192.168.157.194, host: pr-hdds-1868-g97gg-2149769003, networkLocation: /default-rack, certSerialId: null} reports an CLOSED replica.
2019-10-17 01:09:37,091 [EventQueue-ContainerReportForContainerReportHandler] WARN  container.ContainerReportHandler (AbstractContainerReportHandler.java:updateContainerState(145)) - Container #1 is in OPEN state, but the datanode a10aa3ca-3ab2-4d87-9bc7-0d045ec2b4ce{ip: 192.168.157.194, host: pr-hdds-1868-g97gg-2149769003, networkLocation: /default-rack, certSerialId: null} reports an CLOSED replica.
2019-10-17 01:09:37,182 [BlockDeletingService#2] WARN  background.BlockDeletingService (BlockDeletingService.java:isDeletionAllowed(187)) - Close Container log Index 6 is not replicated across allthe servers in the pipeline 968e2a2f-54bd-4eee-95a8-bd7a3b63c209 as the min replicated index is 4. Deletion is not allowed in this container yet.
2019-10-17 01:09:37,182 [BlockDeletingService#2] WARN  background.BlockDeletingService (BlockDeletingService.java:isDeletionAllowed(187)) - Close Container log Index 6 is not replicated across allthe servers in the pipeline 968e2a2f-54bd-4eee-95a8-bd7a3b63c209 as the min replicated index is 4. Deletion is not allowed in this container yet.
2019-10-17 01:09:37,183 [java.util.concurrent.ThreadPoolExecutor$Worker@709a6842[State = -1, empty queue]] WARN  server.GrpcLogAppender (GrpcLogAppender.java:timeoutAppendRequest(209)) - e3697062-c193-48d1-b15e-d6b6b4dc6638@group-BD7A3B63C209->ee6ff355-4f2c-4ff1-aa68-7ca64f6b5439-GrpcLogAppender: appendEntries Timeout, request=e3697062-c193-48d1-b15e-d6b6b4dc6638->ee6ff355-4f2c-4ff1-aa68-7ca64f6b5439#31-t3, previous=(t:3, i:10), leaderCommit=10, initializing? false, entries: <empty>
2019-10-17 01:09:37,259 [Thread-374] INFO  client.GrpcClientProtocolService (GrpcClientProtocolService.java:lambda$processClientRequest$0(278)) - Failed RaftClientRequest:client-B379F03C97AF->a10aa3ca-3ab2-4d87-9bc7-0d045ec2b4ce@group-BD7A3B63C209, cid=10, seq=0, Watch-ALL_COMMITTED(6), Message:<EMPTY>, reply=RaftClientReply:client-B379F03C97AF->a10aa3ca-3ab2-4d87-9bc7-0d045ec2b4ce@group-BD7A3B63C209, cid=10, FAILED org.apache.ratis.protocol.NotLeaderException: Server a10aa3ca-3ab2-4d87-9bc7-0d045ec2b4ce@group-BD7A3B63C209 is not the leader e3697062-c193-48d1-b15e-d6b6b4dc6638:192.168.157.194:40986, logIndex=0, commits[a10aa3ca-3ab2-4d87-9bc7-0d045ec2b4ce:c10, ee6ff355-4f2c-4ff1-aa68-7ca64f6b5439:c4, e3697062-c193-48d1-b15e-d6b6b4dc6638:c10]
2019-10-17 01:09:37,384 [EventQueue-ContainerReportForContainerReportHandler] WARN  container.ContainerReportHandler (AbstractContainerReportHandler.java:updateContainerState(145)) - Container #1 is in OPEN state, but the datanode e3697062-c193-48d1-b15e-d6b6b4dc6638{ip: 192.168.157.194, host: pr-hdds-1868-g97gg-2149769003, networkLocation: /default-rack, certSerialId: null} reports an CLOSED replica.
2019-10-17 01:09:37,391 [EventQueue-ContainerReportForContainerReportHandler] WARN  container.ContainerReportHandler (AbstractContainerReportHandler.java:updateContainerState(145)) - Container #1 is in OPEN state, but the datanode a10aa3ca-3ab2-4d87-9bc7-0d045ec2b4ce{ip: 192.168.157.194, host: pr-hdds-1868-g97gg-2149769003, networkLocation: /default-rack, certSerialId: null} reports an CLOSED replica.
2019-10-17 01:09:37,591 [EventQueue-ContainerReportForContainerReportHandler] WARN  container.ContainerReportHandler (AbstractContainerReportHandler.java:updateContainerState(145)) - Container #1 is in OPEN state, but the datanode a10aa3ca-3ab2-4d87-9bc7-0d045ec2b4ce{ip: 192.168.157.194, host: pr-hdds-1868-g97gg-2149769003, networkLocation: /default-rack, certSerialId: null} reports an CLOSED replica.
2019-10-17 01:09:37,783 [EventQueue-ContainerReportForContainerReportHandler] WARN  container.ContainerReportHandler (AbstractContainerReportHandler.java:updateContainerState(145)) - Container #1 is in OPEN state, but the datanode e3697062-c193-48d1-b15e-d6b6b4dc6638{ip: 192.168.157.194, host: pr-hdds-1868-g97gg-2149769003, networkLocation: /default-rack, certSerialId: null} reports an CLOSED replica.
2019-10-17 01:09:37,993 [EventQueue-ContainerReportForContainerReportHandler] WARN  container.ContainerReportHandler (AbstractContainerReportHandler.java:updateContainerState(145)) - Container #1 is in OPEN state, but the datanode a10aa3ca-3ab2-4d87-9bc7-0d045ec2b4ce{ip: 192.168.157.194, host: pr-hdds-1868-g97gg-2149769003, networkLocation: /default-rack, certSerialId: null} reports an CLOSED replica.
2019-10-17 01:09:38,184 [BlockDeletingService#2] WARN  background.BlockDeletingService (BlockDeletingService.java:isDeletionAllowed(187)) - Close Container log Index 6 is not replicated across allthe servers in the pipeline 968e2a2f-54bd-4eee-95a8-bd7a3b63c209 as the min replicated index is 4. Deletion is not allowed in this container yet.
2019-10-17 01:09:38,185 [BlockDeletingService#2] WARN  background.BlockDeletingService (BlockDeletingService.java:isDeletionAllowed(187)) - Close Container log Index 6 is not replicated across allthe servers in the pipeline 968e2a2f-54bd-4eee-95a8-bd7a3b63c209 as the min replicated index is 4. Deletion is not allowed in this container yet.
2019-10-17 01:09:38,184 [EventQueue-ContainerReportForContainerReportHandler] WARN  container.ContainerReportHandler (AbstractContainerReportHandler.java:updateContainerState(145)) - Container #1 is in OPEN state, but the datanode e3697062-c193-48d1-b15e-d6b6b4dc6638{ip: 192.168.157.194, host: pr-hdds-1868-g97gg-2149769003, networkLocation: /default-rack, certSerialId: null} reports an CLOSED replica.
2019-10-17 01:09:38,293 [EventQueue-ContainerReportForContainerReportHandler] WARN  container.ContainerReportHandler (AbstractContainerReportHandler.java:updateContainerState(145)) - Container #1 is in OPEN state, but the datanode a10aa3ca-3ab2-4d87-9bc7-0d045ec2b4ce{ip: 192.168.157.194, host: pr-hdds-1868-g97gg-2149769003, networkLocation: /default-rack, certSerialId: null} reports an CLOSED replica.
2019-10-17 01:09:38,484 [EventQueue-ContainerReportForContainerReportHandler] WARN  container.ContainerReportHandler (AbstractContainerReportHandler.java:updateContainerState(145)) - Container #1 is in OPEN state, but the datanode e3697062-c193-48d1-b15e-d6b6b4dc6638{ip: 192.168.157.194, host: pr-hdds-1868-g97gg-2149769003, networkLocation: /default-rack, certSerialId: null} reports an CLOSED replica.
2019-10-17 01:09:38,584 [Thread-379] INFO  client.GrpcClientProtocolService (GrpcClientProtocolService.java:lambda$processClientRequest$0(278)) - Failed RaftClientRequest:client-B379F03C97AF->e3697062-c193-48d1-b15e-d6b6b4dc6638@group-BD7A3B63C209, cid=10, seq=0, Watch-ALL_COMMITTED(6), Message:<EMPTY>, reply=RaftClientReply:client-B379F03C97AF->e3697062-c193-48d1-b15e-d6b6b4dc6638@group-BD7A3B63C209, cid=10, FAILED org.apache.ratis.protocol.NotReplicatedException: Request with call Id 10 and log index 6 is not yet replicated to ALL_COMMITTED, logIndex=6, commits[e3697062-c193-48d1-b15e-d6b6b4dc6638:c10, ee6ff355-4f2c-4ff1-aa68-7ca64f6b5439:c4, a10aa3ca-3ab2-4d87-9bc7-0d045ec2b4ce:c10]
2019-10-17 01:09:38,693 [EventQueue-ContainerReportForContainerReportHandler] WARN  container.ContainerReportHandler (AbstractContainerReportHandler.java:updateContainerState(145)) - Container #1 is in OPEN state, but the datanode a10aa3ca-3ab2-4d87-9bc7-0d045ec2b4ce{ip: 192.168.157.194, host: pr-hdds-1868-g97gg-2149769003, networkLocation: /default-rack, certSerialId: null} reports an CLOSED replica.
2019-10-17 01:09:38,784 [EventQueue-ContainerReportForContainerReportHandler] WARN  container.ContainerReportHandler (AbstractContainerReportHandler.java:updateContainerState(145)) - Container #1 is in OPEN state, but the datanode e3697062-c193-48d1-b15e-d6b6b4dc6638{ip: 192.168.157.194, host: pr-hdds-1868-g97gg-2149769003, networkLocation: /default-rack, certSerialId: null} reports an CLOSED replica.
2019-10-17 01:09:38,985 [EventQueue-ContainerReportForContainerReportHandler] WARN  container.ContainerReportHandler (AbstractContainerReportHandler.java:updateContainerState(145)) - Container #1 is in OPEN state, but the datanode e3697062-c193-48d1-b15e-d6b6b4dc6638{ip: 192.168.157.194, host: pr-hdds-1868-g97gg-2149769003, networkLocation: /default-rack, certSerialId: null} reports an CLOSED replica.
2019-10-17 01:09:38,993 [EventQueue-ContainerReportForContainerReportHandler] WARN  container.ContainerReportHandler (AbstractContainerReportHandler.java:updateContainerState(145)) - Container #1 is in OPEN state, but the datanode a10aa3ca-3ab2-4d87-9bc7-0d045ec2b4ce{ip: 192.168.157.194, host: pr-hdds-1868-g97gg-2149769003, networkLocation: /default-rack, certSerialId: null} reports an CLOSED replica.
2019-10-17 01:09:39,187 [BlockDeletingService#2] WARN  background.BlockDeletingService (BlockDeletingService.java:isDeletionAllowed(187)) - Close Container log Index 6 is not replicated across allthe servers in the pipeline 968e2a2f-54bd-4eee-95a8-bd7a3b63c209 as the min replicated index is 4. Deletion is not allowed in this container yet.
2019-10-17 01:09:39,190 [BlockDeletingService#2] WARN  background.BlockDeletingService (BlockDeletingService.java:isDeletionAllowed(187)) - Close Container log Index 6 is not replicated across allthe servers in the pipeline 968e2a2f-54bd-4eee-95a8-bd7a3b63c209 as the min replicated index is 4. Deletion is not allowed in this container yet.
2019-10-17 01:09:39,285 [EventQueue-ContainerReportForContainerReportHandler] WARN  container.ContainerReportHandler (AbstractContainerReportHandler.java:updateContainerState(145)) - Container #1 is in OPEN state, but the datanode e3697062-c193-48d1-b15e-d6b6b4dc6638{ip: 192.168.157.194, host: pr-hdds-1868-g97gg-2149769003, networkLocation: /default-rack, certSerialId: null} reports an CLOSED replica.
2019-10-17 01:09:39,294 [EventQueue-ContainerReportForContainerReportHandler] WARN  container.ContainerReportHandler (AbstractContainerReportHandler.java:updateContainerState(145)) - Container #1 is in OPEN state, but the datanode a10aa3ca-3ab2-4d87-9bc7-0d045ec2b4ce{ip: 192.168.157.194, host: pr-hdds-1868-g97gg-2149769003, networkLocation: /default-rack, certSerialId: null} reports an CLOSED replica.
2019-10-17 01:09:39,585 [EventQueue-ContainerReportForContainerReportHandler] WARN  container.ContainerReportHandler (AbstractContainerReportHandler.java:updateContainerState(145)) - Container #1 is in OPEN state, but the datanode e3697062-c193-48d1-b15e-d6b6b4dc6638{ip: 192.168.157.194, host: pr-hdds-1868-g97gg-2149769003, networkLocation: /default-rack, certSerialId: null} reports an CLOSED replica.
2019-10-17 01:09:39,594 [EventQueue-ContainerReportForContainerReportHandler] WARN  container.ContainerReportHandler (AbstractContainerReportHandler.java:updateContainerState(145)) - Container #1 is in OPEN state, but the datanode a10aa3ca-3ab2-4d87-9bc7-0d045ec2b4ce{ip: 192.168.157.194, host: pr-hdds-1868-g97gg-2149769003, networkLocation: /default-rack, certSerialId: null} reports an CLOSED replica.
2019-10-17 01:09:39,684 [java.util.concurrent.ThreadPoolExecutor$Worker@709a6842[State = -1, empty queue]] WARN  server.GrpcLogAppender (GrpcLogAppender.java:timeoutAppendRequest(209)) - e3697062-c193-48d1-b15e-d6b6b4dc6638@group-BD7A3B63C209->ee6ff355-4f2c-4ff1-aa68-7ca64f6b5439-GrpcLogAppender: appendEntries Timeout, request=e3697062-c193-48d1-b15e-d6b6b4dc6638->ee6ff355-4f2c-4ff1-aa68-7ca64f6b5439#32-t3, previous=(t:3, i:10), leaderCommit=10, initializing? false, entries: <empty>
2019-10-17 01:09:39,788 [EventQueue-ContainerReportForContainerReportHandler] WARN  container.ContainerReportHandler (AbstractContainerReportHandler.java:updateContainerState(145)) - Container #1 is in OPEN state, but the datanode e3697062-c193-48d1-b15e-d6b6b4dc6638{ip: 192.168.157.194, host: pr-hdds-1868-g97gg-2149769003, networkLocation: /default-rack, certSerialId: null} reports an CLOSED replica.
2019-10-17 01:09:39,794 [EventQueue-ContainerReportForContainerReportHandler] WARN  container.ContainerReportHandler (AbstractContainerReportHandler.java:updateContainerState(145)) - Container #1 is in OPEN state, but the datanode a10aa3ca-3ab2-4d87-9bc7-0d045ec2b4ce{ip: 192.168.157.194, host: pr-hdds-1868-g97gg-2149769003, networkLocation: /default-rack, certSerialId: null} reports an CLOSED replica.
2019-10-17 01:09:39,989 [EventQueue-ContainerReportForContainerReportHandler] WARN  container.ContainerReportHandler (AbstractContainerReportHandler.java:updateContainerState(145)) - Container #1 is in OPEN state, but the datanode e3697062-c193-48d1-b15e-d6b6b4dc6638{ip: 192.168.157.194, host: pr-hdds-1868-g97gg-2149769003, networkLocation: /default-rack, certSerialId: null} reports an CLOSED replica.
2019-10-17 01:09:40,095 [EventQueue-ContainerReportForContainerReportHandler] WARN  container.ContainerReportHandler (AbstractContainerReportHandler.java:updateContainerState(145)) - Container #1 is in OPEN state, but the datanode a10aa3ca-3ab2-4d87-9bc7-0d045ec2b4ce{ip: 192.168.157.194, host: pr-hdds-1868-g97gg-2149769003, networkLocation: /default-rack, certSerialId: null} reports an CLOSED replica.
2019-10-17 01:09:40,193 [BlockDeletingService#2] WARN  background.BlockDeletingService (BlockDeletingService.java:isDeletionAllowed(187)) - Close Container log Index 6 is not replicated across allthe servers in the pipeline 968e2a2f-54bd-4eee-95a8-bd7a3b63c209 as the min replicated index is 4. Deletion is not allowed in this container yet.
2019-10-17 01:09:40,193 [BlockDeletingService#2] WARN  background.BlockDeletingService (BlockDeletingService.java:isDeletionAllowed(187)) - Close Container log Index 6 is not replicated across allthe servers in the pipeline 968e2a2f-54bd-4eee-95a8-bd7a3b63c209 as the min replicated index is 4. Deletion is not allowed in this container yet.
2019-10-17 01:09:40,389 [EventQueue-ContainerReportForContainerReportHandler] WARN  container.ContainerReportHandler (AbstractContainerReportHandler.java:updateContainerState(145)) - Container #1 is in OPEN state, but the datanode e3697062-c193-48d1-b15e-d6b6b4dc6638{ip: 192.168.157.194, host: pr-hdds-1868-g97gg-2149769003, networkLocation: /default-rack, certSerialId: null} reports an CLOSED replica.
2019-10-17 01:09:40,395 [EventQueue-ContainerReportForContainerReportHandler] WARN  container.ContainerReportHandler (AbstractContainerReportHandler.java:updateContainerState(145)) - Container #1 is in OPEN state, but the datanode a10aa3ca-3ab2-4d87-9bc7-0d045ec2b4ce{ip: 192.168.157.194, host: pr-hdds-1868-g97gg-2149769003, networkLocation: /default-rack, certSerialId: null} reports an CLOSED replica.
2019-10-17 01:09:40,589 [EventQueue-ContainerReportForContainerReportHandler] WARN  container.ContainerReportHandler (AbstractContainerReportHandler.java:updateContainerState(145)) - Container #1 is in OPEN state, but the datanode e3697062-c193-48d1-b15e-d6b6b4dc6638{ip: 192.168.157.194, host: pr-hdds-1868-g97gg-2149769003, networkLocation: /default-rack, certSerialId: null} reports an CLOSED replica.
2019-10-17 01:09:40,697 [EventQueue-ContainerReportForContainerReportHandler] WARN  container.ContainerReportHandler (AbstractContainerReportHandler.java:updateContainerState(145)) - Container #1 is in OPEN state, but the datanode a10aa3ca-3ab2-4d87-9bc7-0d045ec2b4ce{ip: 192.168.157.194, host: pr-hdds-1868-g97gg-2149769003, networkLocation: /default-rack, certSerialId: null} reports an CLOSED replica.
2019-10-17 01:09:40,890 [EventQueue-ContainerReportForContainerReportHandler] WARN  container.ContainerReportHandler (AbstractContainerReportHandler.java:updateContainerState(145)) - Container #1 is in OPEN state, but the datanode e3697062-c193-48d1-b15e-d6b6b4dc6638{ip: 192.168.157.194, host: pr-hdds-1868-g97gg-2149769003, networkLocation: /default-rack, certSerialId: null} reports an CLOSED replica.
2019-10-17 01:09:40,999 [EventQueue-ContainerReportForContainerReportHandler] WARN  container.ContainerReportHandler (AbstractContainerReportHandler.java:updateContainerState(145)) - Container #1 is in OPEN state, but the datanode a10aa3ca-3ab2-4d87-9bc7-0d045ec2b4ce{ip: 192.168.157.194, host: pr-hdds-1868-g97gg-2149769003, networkLocation: /default-rack, certSerialId: null} reports an CLOSED replica.
2019-10-17 01:09:41,191 [EventQueue-ContainerReportForContainerReportHandler] WARN  container.ContainerReportHandler (AbstractContainerReportHandler.java:updateContainerState(145)) - Container #1 is in OPEN state, but the datanode e3697062-c193-48d1-b15e-d6b6b4dc6638{ip: 192.168.157.194, host: pr-hdds-1868-g97gg-2149769003, networkLocation: /default-rack, certSerialId: null} reports an CLOSED replica.
2019-10-17 01:09:41,196 [BlockDeletingService#2] WARN  background.BlockDeletingService (BlockDeletingService.java:isDeletionAllowed(187)) - Close Container log Index 6 is not replicated across allthe servers in the pipeline 968e2a2f-54bd-4eee-95a8-bd7a3b63c209 as the min replicated index is 4. Deletion is not allowed in this container yet.
2019-10-17 01:09:41,196 [BlockDeletingService#2] WARN  background.BlockDeletingService (BlockDeletingService.java:isDeletionAllowed(187)) - Close Container log Index 6 is not replicated across allthe servers in the pipeline 968e2a2f-54bd-4eee-95a8-bd7a3b63c209 as the min replicated index is 4. Deletion is not allowed in this container yet.
2019-10-17 01:09:41,398 [EventQueue-ContainerReportForContainerReportHandler] WARN  container.ContainerReportHandler (AbstractContainerReportHandler.java:updateContainerState(145)) - Container #1 is in OPEN state, but the datanode a10aa3ca-3ab2-4d87-9bc7-0d045ec2b4ce{ip: 192.168.157.194, host: pr-hdds-1868-g97gg-2149769003, networkLocation: /default-rack, certSerialId: null} reports an CLOSED replica.
2019-10-17 01:09:41,493 [EventQueue-ContainerReportForContainerReportHandler] WARN  container.ContainerReportHandler (AbstractContainerReportHandler.java:updateContainerState(145)) - Container #1 is in OPEN state, but the datanode e3697062-c193-48d1-b15e-d6b6b4dc6638{ip: 192.168.157.194, host: pr-hdds-1868-g97gg-2149769003, networkLocation: /default-rack, certSerialId: null} reports an CLOSED replica.
2019-10-17 01:09:41,693 [EventQueue-ContainerReportForContainerReportHandler] WARN  container.ContainerReportHandler (AbstractContainerReportHandler.java:updateContainerState(145)) - Container #1 is in OPEN state, but the datanode e3697062-c193-48d1-b15e-d6b6b4dc6638{ip: 192.168.157.194, host: pr-hdds-1868-g97gg-2149769003, networkLocation: /default-rack, certSerialId: null} reports an CLOSED replica.
2019-10-17 01:09:41,698 [EventQueue-ContainerReportForContainerReportHandler] WARN  container.ContainerReportHandler (AbstractContainerReportHandler.java:updateContainerState(145)) - Container #1 is in OPEN state, but the datanode a10aa3ca-3ab2-4d87-9bc7-0d045ec2b4ce{ip: 192.168.157.194, host: pr-hdds-1868-g97gg-2149769003, networkLocation: /default-rack, certSerialId: null} reports an CLOSED replica.
2019-10-17 01:09:41,893 [EventQueue-ContainerReportForContainerReportHandler] WARN  container.ContainerReportHandler (AbstractContainerReportHandler.java:updateContainerState(145)) - Container #1 is in OPEN state, but the datanode e3697062-c193-48d1-b15e-d6b6b4dc6638{ip: 192.168.157.194, host: pr-hdds-1868-g97gg-2149769003, networkLocation: /default-rack, certSerialId: null} reports an CLOSED replica.
2019-10-17 01:09:41,998 [EventQueue-ContainerReportForContainerReportHandler] WARN  container.ContainerReportHandler (AbstractContainerReportHandler.java:updateContainerState(145)) - Container #1 is in OPEN state, but the datanode a10aa3ca-3ab2-4d87-9bc7-0d045ec2b4ce{ip: 192.168.157.194, host: pr-hdds-1868-g97gg-2149769003, networkLocation: /default-rack, certSerialId: null} reports an CLOSED replica.
2019-10-17 01:09:42,185 [java.util.concurrent.ThreadPoolExecutor$Worker@709a6842[State = -1, empty queue]] WARN  server.GrpcLogAppender (GrpcLogAppender.java:timeoutAppendRequest(209)) - e3697062-c193-48d1-b15e-d6b6b4dc6638@group-BD7A3B63C209->ee6ff355-4f2c-4ff1-aa68-7ca64f6b5439-GrpcLogAppender: appendEntries Timeout, request=e3697062-c193-48d1-b15e-d6b6b4dc6638->ee6ff355-4f2c-4ff1-aa68-7ca64f6b5439#33-t3, previous=(t:3, i:10), leaderCommit=10, initializing? false, entries: <empty>
2019-10-17 01:09:42,194 [EventQueue-ContainerReportForContainerReportHandler] WARN  container.ContainerReportHandler (AbstractContainerReportHandler.java:updateContainerState(145)) - Container #1 is in OPEN state, but the datanode e3697062-c193-48d1-b15e-d6b6b4dc6638{ip: 192.168.157.194, host: pr-hdds-1868-g97gg-2149769003, networkLocation: /default-rack, certSerialId: null} reports an CLOSED replica.
2019-10-17 01:09:42,197 [BlockDeletingService#2] WARN  background.BlockDeletingService (BlockDeletingService.java:isDeletionAllowed(187)) - Close Container log Index 6 is not replicated across allthe servers in the pipeline 968e2a2f-54bd-4eee-95a8-bd7a3b63c209 as the min replicated index is 4. Deletion is not allowed in this container yet.
2019-10-17 01:09:42,197 [BlockDeletingService#2] WARN  background.BlockDeletingService (BlockDeletingService.java:isDeletionAllowed(187)) - Close Container log Index 6 is not replicated across allthe servers in the pipeline 968e2a2f-54bd-4eee-95a8-bd7a3b63c209 as the min replicated index is 4. Deletion is not allowed in this container yet.
2019-10-17 01:09:42,198 [EventQueue-ContainerReportForContainerReportHandler] WARN  container.ContainerReportHandler (AbstractContainerReportHandler.java:updateContainerState(145)) - Container #1 is in OPEN state, but the datanode a10aa3ca-3ab2-4d87-9bc7-0d045ec2b4ce{ip: 192.168.157.194, host: pr-hdds-1868-g97gg-2149769003, networkLocation: /default-rack, certSerialId: null} reports an CLOSED replica.
2019-10-17 01:09:42,398 [EventQueue-ContainerReportForContainerReportHandler] WARN  container.ContainerReportHandler (AbstractContainerReportHandler.java:updateContainerState(145)) - Container #1 is in OPEN state, but the datanode a10aa3ca-3ab2-4d87-9bc7-0d045ec2b4ce{ip: 192.168.157.194, host: pr-hdds-1868-g97gg-2149769003, networkLocation: /default-rack, certSerialId: null} reports an CLOSED replica.
2019-10-17 01:09:42,496 [EventQueue-ContainerReportForContainerReportHandler] WARN  container.ContainerReportHandler (AbstractContainerReportHandler.java:updateContainerState(145)) - Container #1 is in OPEN state, but the datanode e3697062-c193-48d1-b15e-d6b6b4dc6638{ip: 192.168.157.194, host: pr-hdds-1868-g97gg-2149769003, networkLocation: /default-rack, certSerialId: null} reports an CLOSED replica.
2019-10-17 01:09:42,798 [EventQueue-ContainerReportForContainerReportHandler] WARN  container.ContainerReportHandler (AbstractContainerReportHandler.java:updateContainerState(145)) - Container #1 is in OPEN state, but the datanode a10aa3ca-3ab2-4d87-9bc7-0d045ec2b4ce{ip: 192.168.157.194, host: pr-hdds-1868-g97gg-2149769003, networkLocation: /default-rack, certSerialId: null} reports an CLOSED replica.
2019-10-17 01:09:42,798 [EventQueue-ContainerReportForContainerReportHandler] WARN  container.ContainerReportHandler (AbstractContainerReportHandler.java:updateContainerState(145)) - Container #1 is in OPEN state, but the datanode e3697062-c193-48d1-b15e-d6b6b4dc6638{ip: 192.168.157.194, host: pr-hdds-1868-g97gg-2149769003, networkLocation: /default-rack, certSerialId: null} reports an CLOSED replica.
2019-10-17 01:09:43,098 [EventQueue-ContainerReportForContainerReportHandler] WARN  container.ContainerReportHandler (AbstractContainerReportHandler.java:updateContainerState(145)) - Container #1 is in OPEN state, but the datanode e3697062-c193-48d1-b15e-d6b6b4dc6638{ip: 192.168.157.194, host: pr-hdds-1868-g97gg-2149769003, networkLocation: /default-rack, certSerialId: null} reports an CLOSED replica.
2019-10-17 01:09:43,198 [EventQueue-ContainerReportForContainerReportHandler] WARN  container.ContainerReportHandler (AbstractContainerReportHandler.java:updateContainerState(145)) - Container #1 is in OPEN state, but the datanode a10aa3ca-3ab2-4d87-9bc7-0d045ec2b4ce{ip: 192.168.157.194, host: pr-hdds-1868-g97gg-2149769003, networkLocation: /default-rack, certSerialId: null} reports an CLOSED replica.
2019-10-17 01:09:43,200 [BlockDeletingService#2] WARN  background.BlockDeletingService (BlockDeletingService.java:isDeletionAllowed(187)) - Close Container log Index 6 is not replicated across allthe servers in the pipeline 968e2a2f-54bd-4eee-95a8-bd7a3b63c209 as the min replicated index is 4. Deletion is not allowed in this container yet.
2019-10-17 01:09:43,200 [BlockDeletingService#2] WARN  background.BlockDeletingService (BlockDeletingService.java:isDeletionAllowed(187)) - Close Container log Index 6 is not replicated across allthe servers in the pipeline 968e2a2f-54bd-4eee-95a8-bd7a3b63c209 as the min replicated index is 4. Deletion is not allowed in this container yet.
2019-10-17 01:09:43,399 [EventQueue-ContainerReportForContainerReportHandler] WARN  container.ContainerReportHandler (AbstractContainerReportHandler.java:updateContainerState(145)) - Container #1 is in OPEN state, but the datanode e3697062-c193-48d1-b15e-d6b6b4dc6638{ip: 192.168.157.194, host: pr-hdds-1868-g97gg-2149769003, networkLocation: /default-rack, certSerialId: null} reports an CLOSED replica.
2019-10-17 01:09:43,599 [EventQueue-ContainerReportForContainerReportHandler] WARN  container.ContainerReportHandler (AbstractContainerReportHandler.java:updateContainerState(145)) - Container #1 is in OPEN state, but the datanode a10aa3ca-3ab2-4d87-9bc7-0d045ec2b4ce{ip: 192.168.157.194, host: pr-hdds-1868-g97gg-2149769003, networkLocation: /default-rack, certSerialId: null} reports an CLOSED replica.
2019-10-17 01:09:43,699 [EventQueue-ContainerReportForContainerReportHandler] WARN  container.ContainerReportHandler (AbstractContainerReportHandler.java:updateContainerState(145)) - Container #1 is in OPEN state, but the datanode e3697062-c193-48d1-b15e-d6b6b4dc6638{ip: 192.168.157.194, host: pr-hdds-1868-g97gg-2149769003, networkLocation: /default-rack, certSerialId: null} reports an CLOSED replica.
2019-10-17 01:09:43,900 [EventQueue-ContainerReportForContainerReportHandler] WARN  container.ContainerReportHandler (AbstractContainerReportHandler.java:updateContainerState(145)) - Container #1 is in OPEN state, but the datanode a10aa3ca-3ab2-4d87-9bc7-0d045ec2b4ce{ip: 192.168.157.194, host: pr-hdds-1868-g97gg-2149769003, networkLocation: /default-rack, certSerialId: null} reports an CLOSED replica.
2019-10-17 01:09:43,999 [EventQueue-ContainerReportForContainerReportHandler] WARN  container.ContainerReportHandler (AbstractContainerReportHandler.java:updateContainerState(145)) - Container #1 is in OPEN state, but the datanode e3697062-c193-48d1-b15e-d6b6b4dc6638{ip: 192.168.157.194, host: pr-hdds-1868-g97gg-2149769003, networkLocation: /default-rack, certSerialId: null} reports an CLOSED replica.
2019-10-17 01:09:44,200 [EventQueue-ContainerReportForContainerReportHandler] WARN  container.ContainerReportHandler (AbstractContainerReportHandler.java:updateContainerState(145)) - Container #1 is in OPEN state, but the datanode a10aa3ca-3ab2-4d87-9bc7-0d045ec2b4ce{ip: 192.168.157.194, host: pr-hdds-1868-g97gg-2149769003, networkLocation: /default-rack, certSerialId: null} reports an CLOSED replica.
2019-10-17 01:09:44,202 [BlockDeletingService#2] WARN  background.BlockDeletingService (BlockDeletingService.java:isDeletionAllowed(187)) - Close Container log Index 6 is not replicated across allthe servers in the pipeline 968e2a2f-54bd-4eee-95a8-bd7a3b63c209 as the min replicated index is 4. Deletion is not allowed in this container yet.
2019-10-17 01:09:44,202 [BlockDeletingService#2] WARN  background.BlockDeletingService (BlockDeletingService.java:isDeletionAllowed(187)) - Close Container log Index 6 is not replicated across allthe servers in the pipeline 968e2a2f-54bd-4eee-95a8-bd7a3b63c209 as the min replicated index is 4. Deletion is not allowed in this container yet.
2019-10-17 01:09:44,301 [EventQueue-ContainerReportForContainerReportHandler] WARN  container.ContainerReportHandler (AbstractContainerReportHandler.java:updateContainerState(145)) - Container #1 is in OPEN state, but the datanode e3697062-c193-48d1-b15e-d6b6b4dc6638{ip: 192.168.157.194, host: pr-hdds-1868-g97gg-2149769003, networkLocation: /default-rack, certSerialId: null} reports an CLOSED replica.
2019-10-17 01:09:44,401 [EventQueue-ContainerReportForContainerReportHandler] WARN  container.ContainerReportHandler (AbstractContainerReportHandler.java:updateContainerState(145)) - Container #1 is in OPEN state, but the datanode a10aa3ca-3ab2-4d87-9bc7-0d045ec2b4ce{ip: 192.168.157.194, host: pr-hdds-1868-g97gg-2149769003, networkLocation: /default-rack, certSerialId: null} reports an CLOSED replica.
2019-10-17 01:09:44,499 [EventQueue-ContainerReportForContainerReportHandler] WARN  container.ContainerReportHandler (AbstractContainerReportHandler.java:updateContainerState(145)) - Container #1 is in OPEN state, but the datanode e3697062-c193-48d1-b15e-d6b6b4dc6638{ip: 192.168.157.194, host: pr-hdds-1868-g97gg-2149769003, networkLocation: /default-rack, certSerialId: null} reports an CLOSED replica.
2019-10-17 01:09:44,687 [java.util.concurrent.ThreadPoolExecutor$Worker@709a6842[State = -1, empty queue]] WARN  server.GrpcLogAppender (GrpcLogAppender.java:timeoutAppendRequest(209)) - e3697062-c193-48d1-b15e-d6b6b4dc6638@group-BD7A3B63C209->ee6ff355-4f2c-4ff1-aa68-7ca64f6b5439-GrpcLogAppender: appendEntries Timeout, request=e3697062-c193-48d1-b15e-d6b6b4dc6638->ee6ff355-4f2c-4ff1-aa68-7ca64f6b5439#34-t3, previous=(t:3, i:10), leaderCommit=10, initializing? false, entries: <empty>
2019-10-17 01:09:44,801 [EventQueue-ContainerReportForContainerReportHandler] WARN  container.ContainerReportHandler (AbstractContainerReportHandler.java:updateContainerState(145)) - Container #1 is in OPEN state, but the datanode a10aa3ca-3ab2-4d87-9bc7-0d045ec2b4ce{ip: 192.168.157.194, host: pr-hdds-1868-g97gg-2149769003, networkLocation: /default-rack, certSerialId: null} reports an CLOSED replica.
2019-10-17 01:09:44,899 [EventQueue-ContainerReportForContainerReportHandler] WARN  container.ContainerReportHandler (AbstractContainerReportHandler.java:updateContainerState(145)) - Container #1 is in OPEN state, but the datanode e3697062-c193-48d1-b15e-d6b6b4dc6638{ip: 192.168.157.194, host: pr-hdds-1868-g97gg-2149769003, networkLocation: /default-rack, certSerialId: null} reports an CLOSED replica.
2019-10-17 01:09:45,002 [EventQueue-ContainerReportForContainerReportHandler] WARN  container.ContainerReportHandler (AbstractContainerReportHandler.java:updateContainerState(145)) - Container #1 is in OPEN state, but the datanode a10aa3ca-3ab2-4d87-9bc7-0d045ec2b4ce{ip: 192.168.157.194, host: pr-hdds-1868-g97gg-2149769003, networkLocation: /default-rack, certSerialId: null} reports an CLOSED replica.
2019-10-17 01:09:45,200 [EventQueue-ContainerReportForContainerReportHandler] WARN  container.ContainerReportHandler (AbstractContainerReportHandler.java:updateContainerState(145)) - Container #1 is in OPEN state, but the datanode e3697062-c193-48d1-b15e-d6b6b4dc6638{ip: 192.168.157.194, host: pr-hdds-1868-g97gg-2149769003, networkLocation: /default-rack, certSerialId: null} reports an CLOSED replica.
2019-10-17 01:09:45,204 [BlockDeletingService#2] WARN  background.BlockDeletingService (BlockDeletingService.java:isDeletionAllowed(187)) - Close Container log Index 6 is not replicated across allthe servers in the pipeline 968e2a2f-54bd-4eee-95a8-bd7a3b63c209 as the min replicated index is 4. Deletion is not allowed in this container yet.
2019-10-17 01:09:45,204 [BlockDeletingService#2] WARN  background.BlockDeletingService (BlockDeletingService.java:isDeletionAllowed(187)) - Close Container log Index 6 is not replicated across allthe servers in the pipeline 968e2a2f-54bd-4eee-95a8-bd7a3b63c209 as the min replicated index is 4. Deletion is not allowed in this container yet.
2019-10-17 01:09:45,402 [EventQueue-ContainerReportForContainerReportHandler] WARN  container.ContainerReportHandler (AbstractContainerReportHandler.java:updateContainerState(145)) - Container #1 is in OPEN state, but the datanode a10aa3ca-3ab2-4d87-9bc7-0d045ec2b4ce{ip: 192.168.157.194, host: pr-hdds-1868-g97gg-2149769003, networkLocation: /default-rack, certSerialId: null} reports an CLOSED replica.
2019-10-17 01:09:45,500 [EventQueue-ContainerReportForContainerReportHandler] WARN  container.ContainerReportHandler (AbstractContainerReportHandler.java:updateContainerState(145)) - Container #1 is in OPEN state, but the datanode e3697062-c193-48d1-b15e-d6b6b4dc6638{ip: 192.168.157.194, host: pr-hdds-1868-g97gg-2149769003, networkLocation: /default-rack, certSerialId: null} reports an CLOSED replica.
2019-10-17 01:09:45,802 [EventQueue-ContainerReportForContainerReportHandler] WARN  container.ContainerReportHandler (AbstractContainerReportHandler.java:updateContainerState(145)) - Container #1 is in OPEN state, but the datanode a10aa3ca-3ab2-4d87-9bc7-0d045ec2b4ce{ip: 192.168.157.194, host: pr-hdds-1868-g97gg-2149769003, networkLocation: /default-rack, certSerialId: null} reports an CLOSED replica.
2019-10-17 01:09:45,900 [EventQueue-ContainerReportForContainerReportHandler] WARN  container.ContainerReportHandler (AbstractContainerReportHandler.java:updateContainerState(145)) - Container #1 is in OPEN state, but the datanode e3697062-c193-48d1-b15e-d6b6b4dc6638{ip: 192.168.157.194, host: pr-hdds-1868-g97gg-2149769003, networkLocation: /default-rack, certSerialId: null} reports an CLOSED replica.
2019-10-17 01:09:46,102 [EventQueue-ContainerReportForContainerReportHandler] WARN  container.ContainerReportHandler (AbstractContainerReportHandler.java:updateContainerState(145)) - Container #1 is in OPEN state, but the datanode a10aa3ca-3ab2-4d87-9bc7-0d045ec2b4ce{ip: 192.168.157.194, host: pr-hdds-1868-g97gg-2149769003, networkLocation: /default-rack, certSerialId: null} reports an CLOSED replica.
2019-10-17 01:09:46,206 [BlockDeletingService#2] WARN  background.BlockDeletingService (BlockDeletingService.java:isDeletionAllowed(187)) - Close Container log Index 6 is not replicated across allthe servers in the pipeline 968e2a2f-54bd-4eee-95a8-bd7a3b63c209 as the min replicated index is 4. Deletion is not allowed in this container yet.
2019-10-17 01:09:46,206 [BlockDeletingService#2] WARN  background.BlockDeletingService (BlockDeletingService.java:isDeletionAllowed(187)) - Close Container log Index 6 is not replicated across allthe servers in the pipeline 968e2a2f-54bd-4eee-95a8-bd7a3b63c209 as the min replicated index is 4. Deletion is not allowed in this container yet.
2019-10-17 01:09:46,292 [Thread-401] INFO  client.GrpcClientProtocolService (GrpcClientProtocolService.java:lambda$processClientRequest$0(278)) - Failed RaftClientRequest:client-B379F03C97AF->a10aa3ca-3ab2-4d87-9bc7-0d045ec2b4ce@group-BD7A3B63C209, cid=10, seq=0, Watch-ALL_COMMITTED(6), Message:<EMPTY>, reply=RaftClientReply:client-B379F03C97AF->a10aa3ca-3ab2-4d87-9bc7-0d045ec2b4ce@group-BD7A3B63C209, cid=10, FAILED org.apache.ratis.protocol.NotLeaderException: Server a10aa3ca-3ab2-4d87-9bc7-0d045ec2b4ce@group-BD7A3B63C209 is not the leader e3697062-c193-48d1-b15e-d6b6b4dc6638:192.168.157.194:40986, logIndex=0, commits[a10aa3ca-3ab2-4d87-9bc7-0d045ec2b4ce:c10, ee6ff355-4f2c-4ff1-aa68-7ca64f6b5439:c4, e3697062-c193-48d1-b15e-d6b6b4dc6638:c10]
2019-10-17 01:09:46,301 [EventQueue-ContainerReportForContainerReportHandler] WARN  container.ContainerReportHandler (AbstractContainerReportHandler.java:updateContainerState(145)) - Container #1 is in OPEN state, but the datanode e3697062-c193-48d1-b15e-d6b6b4dc6638{ip: 192.168.157.194, host: pr-hdds-1868-g97gg-2149769003, networkLocation: /default-rack, certSerialId: null} reports an CLOSED replica.
2019-10-17 01:09:46,501 [EventQueue-ContainerReportForContainerReportHandler] WARN  container.ContainerReportHandler (AbstractContainerReportHandler.java:updateContainerState(145)) - Container #1 is in OPEN state, but the datanode e3697062-c193-48d1-b15e-d6b6b4dc6638{ip: 192.168.157.194, host: pr-hdds-1868-g97gg-2149769003, networkLocation: /default-rack, certSerialId: null} reports an CLOSED replica.
2019-10-17 01:09:46,503 [EventQueue-ContainerReportForContainerReportHandler] WARN  container.ContainerReportHandler (AbstractContainerReportHandler.java:updateContainerState(145)) - Container #1 is in OPEN state, but the datanode a10aa3ca-3ab2-4d87-9bc7-0d045ec2b4ce{ip: 192.168.157.194, host: pr-hdds-1868-g97gg-2149769003, networkLocation: /default-rack, certSerialId: null} reports an CLOSED replica.
2019-10-17 01:09:46,802 [EventQueue-ContainerReportForContainerReportHandler] WARN  container.ContainerReportHandler (AbstractContainerReportHandler.java:updateContainerState(145)) - Container #1 is in OPEN state, but the datanode e3697062-c193-48d1-b15e-d6b6b4dc6638{ip: 192.168.157.194, host: pr-hdds-1868-g97gg-2149769003, networkLocation: /default-rack, certSerialId: null} reports an CLOSED replica.
2019-10-17 01:09:46,906 [EventQueue-ContainerReportForContainerReportHandler] WARN  container.ContainerReportHandler (AbstractContainerReportHandler.java:updateContainerState(145)) - Container #1 is in OPEN state, but the datanode a10aa3ca-3ab2-4d87-9bc7-0d045ec2b4ce{ip: 192.168.157.194, host: pr-hdds-1868-g97gg-2149769003, networkLocation: /default-rack, certSerialId: null} reports an CLOSED replica.
2019-10-17 01:09:47,102 [EventQueue-ContainerReportForContainerReportHandler] WARN  container.ContainerReportHandler (AbstractContainerReportHandler.java:updateContainerState(145)) - Container #1 is in OPEN state, but the datanode e3697062-c193-48d1-b15e-d6b6b4dc6638{ip: 192.168.157.194, host: pr-hdds-1868-g97gg-2149769003, networkLocation: /default-rack, certSerialId: null} reports an CLOSED replica.
2019-10-17 01:09:47,107 [EventQueue-ContainerReportForContainerReportHandler] WARN  container.ContainerReportHandler (AbstractContainerReportHandler.java:updateContainerState(145)) - Container #1 is in OPEN state, but the datanode a10aa3ca-3ab2-4d87-9bc7-0d045ec2b4ce{ip: 192.168.157.194, host: pr-hdds-1868-g97gg-2149769003, networkLocation: /default-rack, certSerialId: null} reports an CLOSED replica.
2019-10-17 01:09:47,189 [java.util.concurrent.ThreadPoolExecutor$Worker@709a6842[State = -1, empty queue]] WARN  server.GrpcLogAppender (GrpcLogAppender.java:timeoutAppendRequest(209)) - e3697062-c193-48d1-b15e-d6b6b4dc6638@group-BD7A3B63C209->ee6ff355-4f2c-4ff1-aa68-7ca64f6b5439-GrpcLogAppender: appendEntries Timeout, request=e3697062-c193-48d1-b15e-d6b6b4dc6638->ee6ff355-4f2c-4ff1-aa68-7ca64f6b5439#35-t3, previous=(t:3, i:10), leaderCommit=10, initializing? false, entries: <empty>
2019-10-17 01:09:47,208 [BlockDeletingService#2] WARN  background.BlockDeletingService (BlockDeletingService.java:isDeletionAllowed(187)) - Close Container log Index 6 is not replicated across allthe servers in the pipeline 968e2a2f-54bd-4eee-95a8-bd7a3b63c209 as the min replicated index is 4. Deletion is not allowed in this container yet.
2019-10-17 01:09:47,208 [BlockDeletingService#2] WARN  background.BlockDeletingService (BlockDeletingService.java:isDeletionAllowed(187)) - Close Container log Index 6 is not replicated across allthe servers in the pipeline 968e2a2f-54bd-4eee-95a8-bd7a3b63c209 as the min replicated index is 4. Deletion is not allowed in this container yet.
2019-10-17 01:09:47,403 [EventQueue-ContainerReportForContainerReportHandler] WARN  container.ContainerReportHandler (AbstractContainerReportHandler.java:updateContainerState(145)) - Container #1 is in OPEN state, but the datanode e3697062-c193-48d1-b15e-d6b6b4dc6638{ip: 192.168.157.194, host: pr-hdds-1868-g97gg-2149769003, networkLocation: /default-rack, certSerialId: null} reports an CLOSED replica.
2019-10-17 01:09:47,508 [EventQueue-ContainerReportForContainerReportHandler] WARN  container.ContainerReportHandler (AbstractContainerReportHandler.java:updateContainerState(145)) - Container #1 is in OPEN state, but the datanode a10aa3ca-3ab2-4d87-9bc7-0d045ec2b4ce{ip: 192.168.157.194, host: pr-hdds-1868-g97gg-2149769003, networkLocation: /default-rack, certSerialId: null} reports an CLOSED replica.
2019-10-17 01:09:47,585 [Thread-407] INFO  client.GrpcClientProtocolService (GrpcClientProtocolService.java:lambda$processClientRequest$0(278)) - Failed RaftClientRequest:client-B379F03C97AF->e3697062-c193-48d1-b15e-d6b6b4dc6638@group-BD7A3B63C209, cid=10, seq=0, Watch-ALL_COMMITTED(6), Message:<EMPTY>, reply=RaftClientReply:client-B379F03C97AF->e3697062-c193-48d1-b15e-d6b6b4dc6638@group-BD7A3B63C209, cid=10, FAILED org.apache.ratis.protocol.NotReplicatedException: Request with call Id 10 and log index 6 is not yet replicated to ALL_COMMITTED, logIndex=6, commits[e3697062-c193-48d1-b15e-d6b6b4dc6638:c10, ee6ff355-4f2c-4ff1-aa68-7ca64f6b5439:c4, a10aa3ca-3ab2-4d87-9bc7-0d045ec2b4ce:c10]
2019-10-17 01:09:47,703 [EventQueue-ContainerReportForContainerReportHandler] WARN  container.ContainerReportHandler (AbstractContainerReportHandler.java:updateContainerState(145)) - Container #1 is in OPEN state, but the datanode e3697062-c193-48d1-b15e-d6b6b4dc6638{ip: 192.168.157.194, host: pr-hdds-1868-g97gg-2149769003, networkLocation: /default-rack, certSerialId: null} reports an CLOSED replica.
2019-10-17 01:09:47,809 [EventQueue-ContainerReportForContainerReportHandler] WARN  container.ContainerReportHandler (AbstractContainerReportHandler.java:updateContainerState(145)) - Container #1 is in OPEN state, but the datanode a10aa3ca-3ab2-4d87-9bc7-0d045ec2b4ce{ip: 192.168.157.194, host: pr-hdds-1868-g97gg-2149769003, networkLocation: /default-rack, certSerialId: null} reports an CLOSED replica.
2019-10-17 01:09:48,102 [EventQueue-ContainerReportForContainerReportHandler] WARN  container.ContainerReportHandler (AbstractContainerReportHandler.java:updateContainerState(145)) - Container #1 is in OPEN state, but the datanode e3697062-c193-48d1-b15e-d6b6b4dc6638{ip: 192.168.157.194, host: pr-hdds-1868-g97gg-2149769003, networkLocation: /default-rack, certSerialId: null} reports an CLOSED replica.
2019-10-17 01:09:48,210 [BlockDeletingService#2] WARN  background.BlockDeletingService (BlockDeletingService.java:isDeletionAllowed(187)) - Close Container log Index 6 is not replicated across allthe servers in the pipeline 968e2a2f-54bd-4eee-95a8-bd7a3b63c209 as the min replicated index is 4. Deletion is not allowed in this container yet.
2019-10-17 01:09:48,214 [EventQueue-ContainerReportForContainerReportHandler] WARN  container.ContainerReportHandler (AbstractContainerReportHandler.java:updateContainerState(145)) - Container #1 is in OPEN state, but the datanode a10aa3ca-3ab2-4d87-9bc7-0d045ec2b4ce{ip: 192.168.157.194, host: pr-hdds-1868-g97gg-2149769003, networkLocation: /default-rack, certSerialId: null} reports an CLOSED replica.
2019-10-17 01:09:48,214 [BlockDeletingService#2] WARN  background.BlockDeletingService (BlockDeletingService.java:isDeletionAllowed(187)) - Close Container log Index 6 is not replicated across allthe servers in the pipeline 968e2a2f-54bd-4eee-95a8-bd7a3b63c209 as the min replicated index is 4. Deletion is not allowed in this container yet.
2019-10-17 01:09:48,303 [EventQueue-ContainerReportForContainerReportHandler] WARN  container.ContainerReportHandler (AbstractContainerReportHandler.java:updateContainerState(145)) - Container #1 is in OPEN state, but the datanode e3697062-c193-48d1-b15e-d6b6b4dc6638{ip: 192.168.157.194, host: pr-hdds-1868-g97gg-2149769003, networkLocation: /default-rack, certSerialId: null} reports an CLOSED replica.
2019-10-17 01:09:48,610 [EventQueue-ContainerReportForContainerReportHandler] WARN  container.ContainerReportHandler (AbstractContainerReportHandler.java:updateContainerState(145)) - Container #1 is in OPEN state, but the datanode a10aa3ca-3ab2-4d87-9bc7-0d045ec2b4ce{ip: 192.168.157.194, host: pr-hdds-1868-g97gg-2149769003, networkLocation: /default-rack, certSerialId: null} reports an CLOSED replica.
2019-10-17 01:09:48,704 [EventQueue-ContainerReportForContainerReportHandler] WARN  container.ContainerReportHandler (AbstractContainerReportHandler.java:updateContainerState(145)) - Container #1 is in OPEN state, but the datanode e3697062-c193-48d1-b15e-d6b6b4dc6638{ip: 192.168.157.194, host: pr-hdds-1868-g97gg-2149769003, networkLocation: /default-rack, certSerialId: null} reports an CLOSED replica.
2019-10-17 01:09:48,811 [EventQueue-ContainerReportForContainerReportHandler] WARN  container.ContainerReportHandler (AbstractContainerReportHandler.java:updateContainerState(145)) - Container #1 is in OPEN state, but the datanode a10aa3ca-3ab2-4d87-9bc7-0d045ec2b4ce{ip: 192.168.157.194, host: pr-hdds-1868-g97gg-2149769003, networkLocation: /default-rack, certSerialId: null} reports an CLOSED replica.
2019-10-17 01:09:49,004 [EventQueue-ContainerReportForContainerReportHandler] WARN  container.ContainerReportHandler (AbstractContainerReportHandler.java:updateContainerState(145)) - Container #1 is in OPEN state, but the datanode e3697062-c193-48d1-b15e-d6b6b4dc6638{ip: 192.168.157.194, host: pr-hdds-1868-g97gg-2149769003, networkLocation: /default-rack, certSerialId: null} reports an CLOSED replica.
2019-10-17 01:09:49,012 [EventQueue-ContainerReportForContainerReportHandler] WARN  container.ContainerReportHandler (AbstractContainerReportHandler.java:updateContainerState(145)) - Container #1 is in OPEN state, but the datanode a10aa3ca-3ab2-4d87-9bc7-0d045ec2b4ce{ip: 192.168.157.194, host: pr-hdds-1868-g97gg-2149769003, networkLocation: /default-rack, certSerialId: null} reports an CLOSED replica.
2019-10-17 01:09:49,216 [BlockDeletingService#2] WARN  background.BlockDeletingService (BlockDeletingService.java:isDeletionAllowed(187)) - Close Container log Index 6 is not replicated across allthe servers in the pipeline 968e2a2f-54bd-4eee-95a8-bd7a3b63c209 as the min replicated index is 4. Deletion is not allowed in this container yet.
2019-10-17 01:09:49,216 [BlockDeletingService#2] WARN  background.BlockDeletingService (BlockDeletingService.java:isDeletionAllowed(187)) - Close Container log Index 6 is not replicated across allthe servers in the pipeline 968e2a2f-54bd-4eee-95a8-bd7a3b63c209 as the min replicated index is 4. Deletion is not allowed in this container yet.
2019-10-17 01:09:49,303 [EventQueue-ContainerReportForContainerReportHandler] WARN  container.ContainerReportHandler (AbstractContainerReportHandler.java:updateContainerState(145)) - Container #1 is in OPEN state, but the datanode e3697062-c193-48d1-b15e-d6b6b4dc6638{ip: 192.168.157.194, host: pr-hdds-1868-g97gg-2149769003, networkLocation: /default-rack, certSerialId: null} reports an CLOSED replica.
2019-10-17 01:09:49,314 [EventQueue-ContainerReportForContainerReportHandler] WARN  container.ContainerReportHandler (AbstractContainerReportHandler.java:updateContainerState(145)) - Container #1 is in OPEN state, but the datanode a10aa3ca-3ab2-4d87-9bc7-0d045ec2b4ce{ip: 192.168.157.194, host: pr-hdds-1868-g97gg-2149769003, networkLocation: /default-rack, certSerialId: null} reports an CLOSED replica.
2019-10-17 01:09:49,603 [EventQueue-ContainerReportForContainerReportHandler] WARN  container.ContainerReportHandler (AbstractContainerReportHandler.java:updateContainerState(145)) - Container #1 is in OPEN state, but the datanode e3697062-c193-48d1-b15e-d6b6b4dc6638{ip: 192.168.157.194, host: pr-hdds-1868-g97gg-2149769003, networkLocation: /default-rack, certSerialId: null} reports an CLOSED replica.
2019-10-17 01:09:49,613 [EventQueue-ContainerReportForContainerReportHandler] WARN  container.ContainerReportHandler (AbstractContainerReportHandler.java:updateContainerState(145)) - Container #1 is in OPEN state, but the datanode a10aa3ca-3ab2-4d87-9bc7-0d045ec2b4ce{ip: 192.168.157.194, host: pr-hdds-1868-g97gg-2149769003, networkLocation: /default-rack, certSerialId: null} reports an CLOSED replica.
2019-10-17 01:09:49,689 [java.util.concurrent.ThreadPoolExecutor$Worker@709a6842[State = -1, empty queue]] WARN  server.GrpcLogAppender (GrpcLogAppender.java:timeoutAppendRequest(209)) - e3697062-c193-48d1-b15e-d6b6b4dc6638@group-BD7A3B63C209->ee6ff355-4f2c-4ff1-aa68-7ca64f6b5439-GrpcLogAppender: appendEntries Timeout, request=e3697062-c193-48d1-b15e-d6b6b4dc6638->ee6ff355-4f2c-4ff1-aa68-7ca64f6b5439#36-t3, previous=(t:3, i:10), leaderCommit=10, initializing? false, entries: <empty>
2019-10-17 01:09:49,906 [EventQueue-ContainerReportForContainerReportHandler] WARN  container.ContainerReportHandler (AbstractContainerReportHandler.java:updateContainerState(145)) - Container #1 is in OPEN state, but the datanode e3697062-c193-48d1-b15e-d6b6b4dc6638{ip: 192.168.157.194, host: pr-hdds-1868-g97gg-2149769003, networkLocation: /default-rack, certSerialId: null} reports an CLOSED replica.
2019-10-17 01:09:49,914 [EventQueue-ContainerReportForContainerReportHandler] WARN  container.ContainerReportHandler (AbstractContainerReportHandler.java:updateContainerState(145)) - Container #1 is in OPEN state, but the datanode a10aa3ca-3ab2-4d87-9bc7-0d045ec2b4ce{ip: 192.168.157.194, host: pr-hdds-1868-g97gg-2149769003, networkLocation: /default-rack, certSerialId: null} reports an CLOSED replica.
2019-10-17 01:09:50,114 [EventQueue-ContainerReportForContainerReportHandler] WARN  container.ContainerReportHandler (AbstractContainerReportHandler.java:updateContainerState(145)) - Container #1 is in OPEN state, but the datanode a10aa3ca-3ab2-4d87-9bc7-0d045ec2b4ce{ip: 192.168.157.194, host: pr-hdds-1868-g97gg-2149769003, networkLocation: /default-rack, certSerialId: null} reports an CLOSED replica.
2019-10-17 01:09:50,206 [EventQueue-ContainerReportForContainerReportHandler] WARN  container.ContainerReportHandler (AbstractContainerReportHandler.java:updateContainerState(145)) - Container #1 is in OPEN state, but the datanode e3697062-c193-48d1-b15e-d6b6b4dc6638{ip: 192.168.157.194, host: pr-hdds-1868-g97gg-2149769003, networkLocation: /default-rack, certSerialId: null} reports an CLOSED replica.
2019-10-17 01:09:50,219 [BlockDeletingService#2] WARN  background.BlockDeletingService (BlockDeletingService.java:isDeletionAllowed(187)) - Close Container log Index 6 is not replicated across allthe servers in the pipeline 968e2a2f-54bd-4eee-95a8-bd7a3b63c209 as the min replicated index is 4. Deletion is not allowed in this container yet.
2019-10-17 01:09:50,219 [BlockDeletingService#2] WARN  background.BlockDeletingService (BlockDeletingService.java:isDeletionAllowed(187)) - Close Container log Index 6 is not replicated across allthe servers in the pipeline 968e2a2f-54bd-4eee-95a8-bd7a3b63c209 as the min replicated index is 4. Deletion is not allowed in this container yet.
2019-10-17 01:09:50,507 [EventQueue-ContainerReportForContainerReportHandler] WARN  container.ContainerReportHandler (AbstractContainerReportHandler.java:updateContainerState(145)) - Container #1 is in OPEN state, but the datanode e3697062-c193-48d1-b15e-d6b6b4dc6638{ip: 192.168.157.194, host: pr-hdds-1868-g97gg-2149769003, networkLocation: /default-rack, certSerialId: null} reports an CLOSED replica.
2019-10-17 01:09:50,514 [EventQueue-ContainerReportForContainerReportHandler] WARN  container.ContainerReportHandler (AbstractContainerReportHandler.java:updateContainerState(145)) - Container #1 is in OPEN state, but the datanode a10aa3ca-3ab2-4d87-9bc7-0d045ec2b4ce{ip: 192.168.157.194, host: pr-hdds-1868-g97gg-2149769003, networkLocation: /default-rack, certSerialId: null} reports an CLOSED replica.
2019-10-17 01:09:50,905 [EventQueue-ContainerReportForContainerReportHandler] WARN  container.ContainerReportHandler (AbstractContainerReportHandler.java:updateContainerState(145)) - Container #1 is in OPEN state, but the datanode e3697062-c193-48d1-b15e-d6b6b4dc6638{ip: 192.168.157.194, host: pr-hdds-1868-g97gg-2149769003, networkLocation: /default-rack, certSerialId: null} reports an CLOSED replica.
2019-10-17 01:09:50,914 [EventQueue-ContainerReportForContainerReportHandler] WARN  container.ContainerReportHandler (AbstractContainerReportHandler.java:updateContainerState(145)) - Container #1 is in OPEN state, but the datanode a10aa3ca-3ab2-4d87-9bc7-0d045ec2b4ce{ip: 192.168.157.194, host: pr-hdds-1868-g97gg-2149769003, networkLocation: /default-rack, certSerialId: null} reports an CLOSED replica.
2019-10-17 01:09:51,114 [EventQueue-ContainerReportForContainerReportHandler] WARN  container.ContainerReportHandler (AbstractContainerReportHandler.java:updateContainerState(145)) - Container #1 is in OPEN state, but the datanode a10aa3ca-3ab2-4d87-9bc7-0d045ec2b4ce{ip: 192.168.157.194, host: pr-hdds-1868-g97gg-2149769003, networkLocation: /default-rack, certSerialId: null} reports an CLOSED replica.
2019-10-17 01:09:51,206 [EventQueue-ContainerReportForContainerReportHandler] WARN  container.ContainerReportHandler (AbstractContainerReportHandler.java:updateContainerState(145)) - Container #1 is in OPEN state, but the datanode e3697062-c193-48d1-b15e-d6b6b4dc6638{ip: 192.168.157.194, host: pr-hdds-1868-g97gg-2149769003, networkLocation: /default-rack, certSerialId: null} reports an CLOSED replica.
2019-10-17 01:09:51,221 [BlockDeletingService#2] WARN  background.BlockDeletingService (BlockDeletingService.java:isDeletionAllowed(187)) - Close Container log Index 6 is not replicated across allthe servers in the pipeline 968e2a2f-54bd-4eee-95a8-bd7a3b63c209 as the min replicated index is 4. Deletion is not allowed in this container yet.
2019-10-17 01:09:51,221 [BlockDeletingService#2] WARN  background.BlockDeletingService (BlockDeletingService.java:isDeletionAllowed(187)) - Close Container log Index 6 is not replicated across allthe servers in the pipeline 968e2a2f-54bd-4eee-95a8-bd7a3b63c209 as the min replicated index is 4. Deletion is not allowed in this container yet.
2019-10-17 01:09:51,415 [EventQueue-ContainerReportForContainerReportHandler] WARN  container.ContainerReportHandler (AbstractContainerReportHandler.java:updateContainerState(145)) - Container #1 is in OPEN state, but the datanode a10aa3ca-3ab2-4d87-9bc7-0d045ec2b4ce{ip: 192.168.157.194, host: pr-hdds-1868-g97gg-2149769003, networkLocation: /default-rack, certSerialId: null} reports an CLOSED replica.
2019-10-17 01:09:51,506 [EventQueue-ContainerReportForContainerReportHandler] WARN  container.ContainerReportHandler (AbstractContainerReportHandler.java:updateContainerState(145)) - Container #1 is in OPEN state, but the datanode e3697062-c193-48d1-b15e-d6b6b4dc6638{ip: 192.168.157.194, host: pr-hdds-1868-g97gg-2149769003, networkLocation: /default-rack, certSerialId: null} reports an CLOSED replica.
2019-10-17 01:09:51,715 [EventQueue-ContainerReportForContainerReportHandler] WARN  container.ContainerReportHandler (AbstractContainerReportHandler.java:updateContainerState(145)) - Container #1 is in OPEN state, but the datanode a10aa3ca-3ab2-4d87-9bc7-0d045ec2b4ce{ip: 192.168.157.194, host: pr-hdds-1868-g97gg-2149769003, networkLocation: /default-rack, certSerialId: null} reports an CLOSED replica.
2019-10-17 01:09:51,906 [EventQueue-ContainerReportForContainerReportHandler] WARN  container.ContainerReportHandler (AbstractContainerReportHandler.java:updateContainerState(145)) - Container #1 is in OPEN state, but the datanode e3697062-c193-48d1-b15e-d6b6b4dc6638{ip: 192.168.157.194, host: pr-hdds-1868-g97gg-2149769003, networkLocation: /default-rack, certSerialId: null} reports an CLOSED replica.
2019-10-17 01:09:51,915 [EventQueue-ContainerReportForContainerReportHandler] WARN  container.ContainerReportHandler (AbstractContainerReportHandler.java:updateContainerState(145)) - Container #1 is in OPEN state, but the datanode a10aa3ca-3ab2-4d87-9bc7-0d045ec2b4ce{ip: 192.168.157.194, host: pr-hdds-1868-g97gg-2149769003, networkLocation: /default-rack, certSerialId: null} reports an CLOSED replica.
2019-10-17 01:09:52,106 [EventQueue-ContainerReportForContainerReportHandler] WARN  container.ContainerReportHandler (AbstractContainerReportHandler.java:updateContainerState(145)) - Container #1 is in OPEN state, but the datanode e3697062-c193-48d1-b15e-d6b6b4dc6638{ip: 192.168.157.194, host: pr-hdds-1868-g97gg-2149769003, networkLocation: /default-rack, certSerialId: null} reports an CLOSED replica.
2019-10-17 01:09:52,191 [java.util.concurrent.ThreadPoolExecutor$Worker@709a6842[State = -1, empty queue]] WARN  server.GrpcLogAppender (GrpcLogAppender.java:timeoutAppendRequest(209)) - e3697062-c193-48d1-b15e-d6b6b4dc6638@group-BD7A3B63C209->ee6ff355-4f2c-4ff1-aa68-7ca64f6b5439-GrpcLogAppender: appendEntries Timeout, request=e3697062-c193-48d1-b15e-d6b6b4dc6638->ee6ff355-4f2c-4ff1-aa68-7ca64f6b5439#37-t3, previous=(t:3, i:10), leaderCommit=10, initializing? false, entries: <empty>
2019-10-17 01:09:52,216 [EventQueue-ContainerReportForContainerReportHandler] WARN  container.ContainerReportHandler (AbstractContainerReportHandler.java:updateContainerState(145)) - Container #1 is in OPEN state, but the datanode a10aa3ca-3ab2-4d87-9bc7-0d045ec2b4ce{ip: 192.168.157.194, host: pr-hdds-1868-g97gg-2149769003, networkLocation: /default-rack, certSerialId: null} reports an CLOSED replica.
2019-10-17 01:09:52,223 [BlockDeletingService#2] WARN  background.BlockDeletingService (BlockDeletingService.java:isDeletionAllowed(187)) - Close Container log Index 6 is not replicated across allthe servers in the pipeline 968e2a2f-54bd-4eee-95a8-bd7a3b63c209 as the min replicated index is 4. Deletion is not allowed in this container yet.
2019-10-17 01:09:52,223 [BlockDeletingService#2] WARN  background.BlockDeletingService (BlockDeletingService.java:isDeletionAllowed(187)) - Close Container log Index 6 is not replicated across allthe servers in the pipeline 968e2a2f-54bd-4eee-95a8-bd7a3b63c209 as the min replicated index is 4. Deletion is not allowed in this container yet.
2019-10-17 01:09:52,406 [EventQueue-ContainerReportForContainerReportHandler] WARN  container.ContainerReportHandler (AbstractContainerReportHandler.java:updateContainerState(145)) - Container #1 is in OPEN state, but the datanode e3697062-c193-48d1-b15e-d6b6b4dc6638{ip: 192.168.157.194, host: pr-hdds-1868-g97gg-2149769003, networkLocation: /default-rack, certSerialId: null} reports an CLOSED replica.
2019-10-17 01:09:52,416 [EventQueue-ContainerReportForContainerReportHandler] WARN  container.ContainerReportHandler (AbstractContainerReportHandler.java:updateContainerState(145)) - Container #1 is in OPEN state, but the datanode a10aa3ca-3ab2-4d87-9bc7-0d045ec2b4ce{ip: 192.168.157.194, host: pr-hdds-1868-g97gg-2149769003, networkLocation: /default-rack, certSerialId: null} reports an CLOSED replica.
2019-10-17 01:09:52,707 [EventQueue-ContainerReportForContainerReportHandler] WARN  container.ContainerReportHandler (AbstractContainerReportHandler.java:updateContainerState(145)) - Container #1 is in OPEN state, but the datanode e3697062-c193-48d1-b15e-d6b6b4dc6638{ip: 192.168.157.194, host: pr-hdds-1868-g97gg-2149769003, networkLocation: /default-rack, certSerialId: null} reports an CLOSED replica.
2019-10-17 01:09:52,716 [EventQueue-ContainerReportForContainerReportHandler] WARN  container.ContainerReportHandler (AbstractContainerReportHandler.java:updateContainerState(145)) - Container #1 is in OPEN state, but the datanode a10aa3ca-3ab2-4d87-9bc7-0d045ec2b4ce{ip: 192.168.157.194, host: pr-hdds-1868-g97gg-2149769003, networkLocation: /default-rack, certSerialId: null} reports an CLOSED replica.
2019-10-17 01:09:52,908 [EventQueue-ContainerReportForContainerReportHandler] WARN  container.ContainerReportHandler (AbstractContainerReportHandler.java:updateContainerState(145)) - Container #1 is in OPEN state, but the datanode e3697062-c193-48d1-b15e-d6b6b4dc6638{ip: 192.168.157.194, host: pr-hdds-1868-g97gg-2149769003, networkLocation: /default-rack, certSerialId: null} reports an CLOSED replica.
2019-10-17 01:09:52,916 [EventQueue-ContainerReportForContainerReportHandler] WARN  container.ContainerReportHandler (AbstractContainerReportHandler.java:updateContainerState(145)) - Container #1 is in OPEN state, but the datanode a10aa3ca-3ab2-4d87-9bc7-0d045ec2b4ce{ip: 192.168.157.194, host: pr-hdds-1868-g97gg-2149769003, networkLocation: /default-rack, certSerialId: null} reports an CLOSED replica.
2019-10-17 01:09:53,209 [EventQueue-ContainerReportForContainerReportHandler] WARN  container.ContainerReportHandler (AbstractContainerReportHandler.java:updateContainerState(145)) - Container #1 is in OPEN state, but the datanode e3697062-c193-48d1-b15e-d6b6b4dc6638{ip: 192.168.157.194, host: pr-hdds-1868-g97gg-2149769003, networkLocation: /default-rack, certSerialId: null} reports an CLOSED replica.
2019-10-17 01:09:53,216 [EventQueue-ContainerReportForContainerReportHandler] WARN  container.ContainerReportHandler (AbstractContainerReportHandler.java:updateContainerState(145)) - Container #1 is in OPEN state, but the datanode a10aa3ca-3ab2-4d87-9bc7-0d045ec2b4ce{ip: 192.168.157.194, host: pr-hdds-1868-g97gg-2149769003, networkLocation: /default-rack, certSerialId: null} reports an CLOSED replica.
2019-10-17 01:09:53,226 [BlockDeletingService#2] WARN  background.BlockDeletingService (BlockDeletingService.java:isDeletionAllowed(187)) - Close Container log Index 6 is not replicated across allthe servers in the pipeline 968e2a2f-54bd-4eee-95a8-bd7a3b63c209 as the min replicated index is 4. Deletion is not allowed in this container yet.
2019-10-17 01:09:53,226 [BlockDeletingService#2] WARN  background.BlockDeletingService (BlockDeletingService.java:isDeletionAllowed(187)) - Close Container log Index 6 is not replicated across allthe servers in the pipeline 968e2a2f-54bd-4eee-95a8-bd7a3b63c209 as the min replicated index is 4. Deletion is not allowed in this container yet.
2019-10-17 01:09:53,517 [EventQueue-ContainerReportForContainerReportHandler] WARN  container.ContainerReportHandler (AbstractContainerReportHandler.java:updateContainerState(145)) - Container #1 is in OPEN state, but the datanode a10aa3ca-3ab2-4d87-9bc7-0d045ec2b4ce{ip: 192.168.157.194, host: pr-hdds-1868-g97gg-2149769003, networkLocation: /default-rack, certSerialId: null} reports an CLOSED replica.
2019-10-17 01:09:53,610 [EventQueue-ContainerReportForContainerReportHandler] WARN  container.ContainerReportHandler (AbstractContainerReportHandler.java:updateContainerState(145)) - Container #1 is in OPEN state, but the datanode e3697062-c193-48d1-b15e-d6b6b4dc6638{ip: 192.168.157.194, host: pr-hdds-1868-g97gg-2149769003, networkLocation: /default-rack, certSerialId: null} reports an CLOSED replica.
2019-10-17 01:09:53,817 [EventQueue-ContainerReportForContainerReportHandler] WARN  container.ContainerReportHandler (AbstractContainerReportHandler.java:updateContainerState(145)) - Container #1 is in OPEN state, but the datanode a10aa3ca-3ab2-4d87-9bc7-0d045ec2b4ce{ip: 192.168.157.194, host: pr-hdds-1868-g97gg-2149769003, networkLocation: /default-rack, certSerialId: null} reports an CLOSED replica.
2019-10-17 01:09:53,911 [EventQueue-ContainerReportForContainerReportHandler] WARN  container.ContainerReportHandler (AbstractContainerReportHandler.java:updateContainerState(145)) - Container #1 is in OPEN state, but the datanode e3697062-c193-48d1-b15e-d6b6b4dc6638{ip: 192.168.157.194, host: pr-hdds-1868-g97gg-2149769003, networkLocation: /default-rack, certSerialId: null} reports an CLOSED replica.
2019-10-17 01:09:54,117 [EventQueue-ContainerReportForContainerReportHandler] WARN  container.ContainerReportHandler (AbstractContainerReportHandler.java:updateContainerState(145)) - Container #1 is in OPEN state, but the datanode a10aa3ca-3ab2-4d87-9bc7-0d045ec2b4ce{ip: 192.168.157.194, host: pr-hdds-1868-g97gg-2149769003, networkLocation: /default-rack, certSerialId: null} reports an CLOSED replica.
2019-10-17 01:09:54,211 [EventQueue-ContainerReportForContainerReportHandler] WARN  container.ContainerReportHandler (AbstractContainerReportHandler.java:updateContainerState(145)) - Container #1 is in OPEN state, but the datanode e3697062-c193-48d1-b15e-d6b6b4dc6638{ip: 192.168.157.194, host: pr-hdds-1868-g97gg-2149769003, networkLocation: /default-rack, certSerialId: null} reports an CLOSED replica.
2019-10-17 01:09:54,228 [BlockDeletingService#2] WARN  background.BlockDeletingService (BlockDeletingService.java:isDeletionAllowed(187)) - Close Container log Index 6 is not replicated across allthe servers in the pipeline 968e2a2f-54bd-4eee-95a8-bd7a3b63c209 as the min replicated index is 4. Deletion is not allowed in this container yet.
2019-10-17 01:09:54,228 [BlockDeletingService#2] WARN  background.BlockDeletingService (BlockDeletingService.java:isDeletionAllowed(187)) - Close Container log Index 6 is not replicated across allthe servers in the pipeline 968e2a2f-54bd-4eee-95a8-bd7a3b63c209 as the min replicated index is 4. Deletion is not allowed in this container yet.
2019-10-17 01:09:54,418 [EventQueue-ContainerReportForContainerReportHandler] WARN  container.ContainerReportHandler (AbstractContainerReportHandler.java:updateContainerState(145)) - Container #1 is in OPEN state, but the datanode a10aa3ca-3ab2-4d87-9bc7-0d045ec2b4ce{ip: 192.168.157.194, host: pr-hdds-1868-g97gg-2149769003, networkLocation: /default-rack, certSerialId: null} reports an CLOSED replica.
2019-10-17 01:09:54,513 [EventQueue-ContainerReportForContainerReportHandler] WARN  container.ContainerReportHandler (AbstractContainerReportHandler.java:updateContainerState(145)) - Container #1 is in OPEN state, but the datanode e3697062-c193-48d1-b15e-d6b6b4dc6638{ip: 192.168.157.194, host: pr-hdds-1868-g97gg-2149769003, networkLocation: /default-rack, certSerialId: null} reports an CLOSED replica.
2019-10-17 01:09:54,693 [java.util.concurrent.ThreadPoolExecutor$Worker@709a6842[State = -1, empty queue]] WARN  server.GrpcLogAppender (GrpcLogAppender.java:timeoutAppendRequest(209)) - e3697062-c193-48d1-b15e-d6b6b4dc6638@group-BD7A3B63C209->ee6ff355-4f2c-4ff1-aa68-7ca64f6b5439-GrpcLogAppender: appendEntries Timeout, request=e3697062-c193-48d1-b15e-d6b6b4dc6638->ee6ff355-4f2c-4ff1-aa68-7ca64f6b5439#38-t3, previous=(t:3, i:10), leaderCommit=10, initializing? false, entries: <empty>
2019-10-17 01:09:54,713 [EventQueue-ContainerReportForContainerReportHandler] WARN  container.ContainerReportHandler (AbstractContainerReportHandler.java:updateContainerState(145)) - Container #1 is in OPEN state, but the datanode e3697062-c193-48d1-b15e-d6b6b4dc6638{ip: 192.168.157.194, host: pr-hdds-1868-g97gg-2149769003, networkLocation: /default-rack, certSerialId: null} reports an CLOSED replica.
2019-10-17 01:09:54,718 [EventQueue-ContainerReportForContainerReportHandler] WARN  container.ContainerReportHandler (AbstractContainerReportHandler.java:updateContainerState(145)) - Container #1 is in OPEN state, but the datanode a10aa3ca-3ab2-4d87-9bc7-0d045ec2b4ce{ip: 192.168.157.194, host: pr-hdds-1868-g97gg-2149769003, networkLocation: /default-rack, certSerialId: null} reports an CLOSED replica.
2019-10-17 01:09:55,018 [EventQueue-ContainerReportForContainerReportHandler] WARN  container.ContainerReportHandler (AbstractContainerReportHandler.java:updateContainerState(145)) - Container #1 is in OPEN state, but the datanode a10aa3ca-3ab2-4d87-9bc7-0d045ec2b4ce{ip: 192.168.157.194, host: pr-hdds-1868-g97gg-2149769003, networkLocation: /default-rack, certSerialId: null} reports an CLOSED replica.
2019-10-17 01:09:55,113 [EventQueue-ContainerReportForContainerReportHandler] WARN  container.ContainerReportHandler (AbstractContainerReportHandler.java:updateContainerState(145)) - Container #1 is in OPEN state, but the datanode e3697062-c193-48d1-b15e-d6b6b4dc6638{ip: 192.168.157.194, host: pr-hdds-1868-g97gg-2149769003, networkLocation: /default-rack, certSerialId: null} reports an CLOSED replica.
2019-10-17 01:09:55,230 [BlockDeletingService#2] WARN  background.BlockDeletingService (BlockDeletingService.java:isDeletionAllowed(187)) - Close Container log Index 6 is not replicated across allthe servers in the pipeline 968e2a2f-54bd-4eee-95a8-bd7a3b63c209 as the min replicated index is 4. Deletion is not allowed in this container yet.
2019-10-17 01:09:55,230 [BlockDeletingService#2] WARN  background.BlockDeletingService (BlockDeletingService.java:isDeletionAllowed(187)) - Close Container log Index 6 is not replicated across allthe servers in the pipeline 968e2a2f-54bd-4eee-95a8-bd7a3b63c209 as the min replicated index is 4. Deletion is not allowed in this container yet.
2019-10-17 01:09:55,319 [EventQueue-ContainerReportForContainerReportHandler] WARN  container.ContainerReportHandler (AbstractContainerReportHandler.java:updateContainerState(145)) - Container #1 is in OPEN state, but the datanode a10aa3ca-3ab2-4d87-9bc7-0d045ec2b4ce{ip: 192.168.157.194, host: pr-hdds-1868-g97gg-2149769003, networkLocation: /default-rack, certSerialId: null} reports an CLOSED replica.
2019-10-17 01:09:55,514 [EventQueue-ContainerReportForContainerReportHandler] WARN  container.ContainerReportHandler (AbstractContainerReportHandler.java:updateContainerState(145)) - Container #1 is in OPEN state, but the datanode e3697062-c193-48d1-b15e-d6b6b4dc6638{ip: 192.168.157.194, host: pr-hdds-1868-g97gg-2149769003, networkLocation: /default-rack, certSerialId: null} reports an CLOSED replica.
2019-10-17 01:09:55,618 [EventQueue-ContainerReportForContainerReportHandler] WARN  container.ContainerReportHandler (AbstractContainerReportHandler.java:updateContainerState(145)) - Container #1 is in OPEN state, but the datanode a10aa3ca-3ab2-4d87-9bc7-0d045ec2b4ce{ip: 192.168.157.194, host: pr-hdds-1868-g97gg-2149769003, networkLocation: /default-rack, certSerialId: null} reports an CLOSED replica.
2019-10-17 01:09:55,813 [EventQueue-ContainerReportForContainerReportHandler] WARN  container.ContainerReportHandler (AbstractContainerReportHandler.java:updateContainerState(145)) - Container #1 is in OPEN state, but the datanode e3697062-c193-48d1-b15e-d6b6b4dc6638{ip: 192.168.157.194, host: pr-hdds-1868-g97gg-2149769003, networkLocation: /default-rack, certSerialId: null} reports an CLOSED replica.
2019-10-17 01:09:55,818 [EventQueue-ContainerReportForContainerReportHandler] WARN  container.ContainerReportHandler (AbstractContainerReportHandler.java:updateContainerState(145)) - Container #1 is in OPEN state, but the datanode a10aa3ca-3ab2-4d87-9bc7-0d045ec2b4ce{ip: 192.168.157.194, host: pr-hdds-1868-g97gg-2149769003, networkLocation: /default-rack, certSerialId: null} reports an CLOSED replica.
2019-10-17 01:09:56,113 [EventQueue-ContainerReportForContainerReportHandler] WARN  container.ContainerReportHandler (AbstractContainerReportHandler.java:updateContainerState(145)) - Container #1 is in OPEN state, but the datanode e3697062-c193-48d1-b15e-d6b6b4dc6638{ip: 192.168.157.194, host: pr-hdds-1868-g97gg-2149769003, networkLocation: /default-rack, certSerialId: null} reports an CLOSED replica.
2019-10-17 01:09:56,119 [EventQueue-ContainerReportForContainerReportHandler] WARN  container.ContainerReportHandler (AbstractContainerReportHandler.java:updateContainerState(145)) - Container #1 is in OPEN state, but the datanode a10aa3ca-3ab2-4d87-9bc7-0d045ec2b4ce{ip: 192.168.157.194, host: pr-hdds-1868-g97gg-2149769003, networkLocation: /default-rack, certSerialId: null} reports an CLOSED replica.
2019-10-17 01:09:56,232 [BlockDeletingService#2] WARN  background.BlockDeletingService (BlockDeletingService.java:isDeletionAllowed(187)) - Close Container log Index 6 is not replicated across allthe servers in the pipeline 968e2a2f-54bd-4eee-95a8-bd7a3b63c209 as the min replicated index is 4. Deletion is not allowed in this container yet.
2019-10-17 01:09:56,232 [BlockDeletingService#2] WARN  background.BlockDeletingService (BlockDeletingService.java:isDeletionAllowed(187)) - Close Container log Index 6 is not replicated across allthe servers in the pipeline 968e2a2f-54bd-4eee-95a8-bd7a3b63c209 as the min replicated index is 4. Deletion is not allowed in this container yet.
2019-10-17 01:09:56,413 [EventQueue-ContainerReportForContainerReportHandler] WARN  container.ContainerReportHandler (AbstractContainerReportHandler.java:updateContainerState(145)) - Container #1 is in OPEN state, but the datanode e3697062-c193-48d1-b15e-d6b6b4dc6638{ip: 192.168.157.194, host: pr-hdds-1868-g97gg-2149769003, networkLocation: /default-rack, certSerialId: null} reports an CLOSED replica.
2019-10-17 01:09:56,419 [EventQueue-ContainerReportForContainerReportHandler] WARN  container.ContainerReportHandler (AbstractContainerReportHandler.java:updateContainerState(145)) - Container #1 is in OPEN state, but the datanode a10aa3ca-3ab2-4d87-9bc7-0d045ec2b4ce{ip: 192.168.157.194, host: pr-hdds-1868-g97gg-2149769003, networkLocation: /default-rack, certSerialId: null} reports an CLOSED replica.
2019-10-17 01:09:56,584 [Thread-433] INFO  client.GrpcClientProtocolService (GrpcClientProtocolService.java:lambda$processClientRequest$0(278)) - Failed RaftClientRequest:client-B379F03C97AF->e3697062-c193-48d1-b15e-d6b6b4dc6638@group-BD7A3B63C209, cid=10, seq=0, Watch-ALL_COMMITTED(6), Message:<EMPTY>, reply=RaftClientReply:client-B379F03C97AF->e3697062-c193-48d1-b15e-d6b6b4dc6638@group-BD7A3B63C209, cid=10, FAILED org.apache.ratis.protocol.NotReplicatedException: Request with call Id 10 and log index 6 is not yet replicated to ALL_COMMITTED, logIndex=6, commits[e3697062-c193-48d1-b15e-d6b6b4dc6638:c10, ee6ff355-4f2c-4ff1-aa68-7ca64f6b5439:c4, a10aa3ca-3ab2-4d87-9bc7-0d045ec2b4ce:c10]
2019-10-17 01:09:56,613 [EventQueue-ContainerReportForContainerReportHandler] WARN  container.ContainerReportHandler (AbstractContainerReportHandler.java:updateContainerState(145)) - Container #1 is in OPEN state, but the datanode e3697062-c193-48d1-b15e-d6b6b4dc6638{ip: 192.168.157.194, host: pr-hdds-1868-g97gg-2149769003, networkLocation: /default-rack, certSerialId: null} reports an CLOSED replica.
2019-10-17 01:09:56,821 [EventQueue-ContainerReportForContainerReportHandler] WARN  container.ContainerReportHandler (AbstractContainerReportHandler.java:updateContainerState(145)) - Container #1 is in OPEN state, but the datanode a10aa3ca-3ab2-4d87-9bc7-0d045ec2b4ce{ip: 192.168.157.194, host: pr-hdds-1868-g97gg-2149769003, networkLocation: /default-rack, certSerialId: null} reports an CLOSED replica.
2019-10-17 01:09:57,013 [EventQueue-ContainerReportForContainerReportHandler] WARN  container.ContainerReportHandler (AbstractContainerReportHandler.java:updateContainerState(145)) - Container #1 is in OPEN state, but the datanode e3697062-c193-48d1-b15e-d6b6b4dc6638{ip: 192.168.157.194, host: pr-hdds-1868-g97gg-2149769003, networkLocation: /default-rack, certSerialId: null} reports an CLOSED replica.
2019-10-17 01:09:57,195 [java.util.concurrent.ThreadPoolExecutor$Worker@709a6842[State = -1, empty queue]] WARN  server.GrpcLogAppender (GrpcLogAppender.java:timeoutAppendRequest(209)) - e3697062-c193-48d1-b15e-d6b6b4dc6638@group-BD7A3B63C209->ee6ff355-4f2c-4ff1-aa68-7ca64f6b5439-GrpcLogAppender: appendEntries Timeout, request=e3697062-c193-48d1-b15e-d6b6b4dc6638->ee6ff355-4f2c-4ff1-aa68-7ca64f6b5439#39-t3, previous=(t:3, i:10), leaderCommit=10, initializing? false, entries: <empty>
2019-10-17 01:09:57,222 [EventQueue-ContainerReportForContainerReportHandler] WARN  container.ContainerReportHandler (AbstractContainerReportHandler.java:updateContainerState(145)) - Container #1 is in OPEN state, but the datanode a10aa3ca-3ab2-4d87-9bc7-0d045ec2b4ce{ip: 192.168.157.194, host: pr-hdds-1868-g97gg-2149769003, networkLocation: /default-rack, certSerialId: null} reports an CLOSED replica.
2019-10-17 01:09:57,234 [BlockDeletingService#2] WARN  background.BlockDeletingService (BlockDeletingService.java:isDeletionAllowed(187)) - Close Container log Index 6 is not replicated across allthe servers in the pipeline 968e2a2f-54bd-4eee-95a8-bd7a3b63c209 as the min replicated index is 4. Deletion is not allowed in this container yet.
2019-10-17 01:09:57,234 [BlockDeletingService#2] WARN  background.BlockDeletingService (BlockDeletingService.java:isDeletionAllowed(187)) - Close Container log Index 6 is not replicated across allthe servers in the pipeline 968e2a2f-54bd-4eee-95a8-bd7a3b63c209 as the min replicated index is 4. Deletion is not allowed in this container yet.
2019-10-17 01:09:57,414 [EventQueue-ContainerReportForContainerReportHandler] WARN  container.ContainerReportHandler (AbstractContainerReportHandler.java:updateContainerState(145)) - Container #1 is in OPEN state, but the datanode e3697062-c193-48d1-b15e-d6b6b4dc6638{ip: 192.168.157.194, host: pr-hdds-1868-g97gg-2149769003, networkLocation: /default-rack, certSerialId: null} reports an CLOSED replica.
2019-10-17 01:09:57,523 [EventQueue-ContainerReportForContainerReportHandler] WARN  container.ContainerReportHandler (AbstractContainerReportHandler.java:updateContainerState(145)) - Container #1 is in OPEN state, but the datanode a10aa3ca-3ab2-4d87-9bc7-0d045ec2b4ce{ip: 192.168.157.194, host: pr-hdds-1868-g97gg-2149769003, networkLocation: /default-rack, certSerialId: null} reports an CLOSED replica.
2019-10-17 01:09:57,713 [EventQueue-ContainerReportForContainerReportHandler] WARN  container.ContainerReportHandler (AbstractContainerReportHandler.java:updateContainerState(145)) - Container #1 is in OPEN state, but the datanode e3697062-c193-48d1-b15e-d6b6b4dc6638{ip: 192.168.157.194, host: pr-hdds-1868-g97gg-2149769003, networkLocation: /default-rack, certSerialId: null} reports an CLOSED replica.
2019-10-17 01:09:57,927 [EventQueue-ContainerReportForContainerReportHandler] WARN  container.ContainerReportHandler (AbstractContainerReportHandler.java:updateContainerState(145)) - Container #1 is in OPEN state, but the datanode a10aa3ca-3ab2-4d87-9bc7-0d045ec2b4ce{ip: 192.168.157.194, host: pr-hdds-1868-g97gg-2149769003, networkLocation: /default-rack, certSerialId: null} reports an CLOSED replica.
2019-10-17 01:09:58,014 [EventQueue-ContainerReportForContainerReportHandler] WARN  container.ContainerReportHandler (AbstractContainerReportHandler.java:updateContainerState(145)) - Container #1 is in OPEN state, but the datanode e3697062-c193-48d1-b15e-d6b6b4dc6638{ip: 192.168.157.194, host: pr-hdds-1868-g97gg-2149769003, networkLocation: /default-rack, certSerialId: null} reports an CLOSED replica.
2019-10-17 01:09:58,224 [EventQueue-ContainerReportForContainerReportHandler] WARN  container.ContainerReportHandler (AbstractContainerReportHandler.java:updateContainerState(145)) - Container #1 is in OPEN state, but the datanode a10aa3ca-3ab2-4d87-9bc7-0d045ec2b4ce{ip: 192.168.157.194, host: pr-hdds-1868-g97gg-2149769003, networkLocation: /default-rack, certSerialId: null} reports an CLOSED replica.
2019-10-17 01:09:58,236 [BlockDeletingService#2] WARN  background.BlockDeletingService (BlockDeletingService.java:isDeletionAllowed(187)) - Close Container log Index 6 is not replicated across allthe servers in the pipeline 968e2a2f-54bd-4eee-95a8-bd7a3b63c209 as the min replicated index is 4. Deletion is not allowed in this container yet.
2019-10-17 01:09:58,236 [BlockDeletingService#2] WARN  background.BlockDeletingService (BlockDeletingService.java:isDeletionAllowed(187)) - Close Container log Index 6 is not replicated across allthe servers in the pipeline 968e2a2f-54bd-4eee-95a8-bd7a3b63c209 as the min replicated index is 4. Deletion is not allowed in this container yet.
2019-10-17 01:09:58,313 [EventQueue-ContainerReportForContainerReportHandler] WARN  container.ContainerReportHandler (AbstractContainerReportHandler.java:updateContainerState(145)) - Container #1 is in OPEN state, but the datanode e3697062-c193-48d1-b15e-d6b6b4dc6638{ip: 192.168.157.194, host: pr-hdds-1868-g97gg-2149769003, networkLocation: /default-rack, certSerialId: null} reports an CLOSED replica.
2019-10-17 01:09:58,524 [EventQueue-ContainerReportForContainerReportHandler] WARN  container.ContainerReportHandler (AbstractContainerReportHandler.java:updateContainerState(145)) - Container #1 is in OPEN state, but the datanode a10aa3ca-3ab2-4d87-9bc7-0d045ec2b4ce{ip: 192.168.157.194, host: pr-hdds-1868-g97gg-2149769003, networkLocation: /default-rack, certSerialId: null} reports an CLOSED replica.
2019-10-17 01:09:58,613 [EventQueue-ContainerReportForContainerReportHandler] WARN  container.ContainerReportHandler (AbstractContainerReportHandler.java:updateContainerState(145)) - Container #1 is in OPEN state, but the datanode e3697062-c193-48d1-b15e-d6b6b4dc6638{ip: 192.168.157.194, host: pr-hdds-1868-g97gg-2149769003, networkLocation: /default-rack, certSerialId: null} reports an CLOSED replica.
2019-10-17 01:09:58,924 [EventQueue-ContainerReportForContainerReportHandler] WARN  container.ContainerReportHandler (AbstractContainerReportHandler.java:updateContainerState(145)) - Container #1 is in OPEN state, but the datanode a10aa3ca-3ab2-4d87-9bc7-0d045ec2b4ce{ip: 192.168.157.194, host: pr-hdds-1868-g97gg-2149769003, networkLocation: /default-rack, certSerialId: null} reports an CLOSED replica.
2019-10-17 01:09:59,013 [EventQueue-ContainerReportForContainerReportHandler] WARN  container.ContainerReportHandler (AbstractContainerReportHandler.java:updateContainerState(145)) - Container #1 is in OPEN state, but the datanode e3697062-c193-48d1-b15e-d6b6b4dc6638{ip: 192.168.157.194, host: pr-hdds-1868-g97gg-2149769003, networkLocation: /default-rack, certSerialId: null} reports an CLOSED replica.
2019-10-17 01:09:59,225 [EventQueue-ContainerReportForContainerReportHandler] WARN  container.ContainerReportHandler (AbstractContainerReportHandler.java:updateContainerState(145)) - Container #1 is in OPEN state, but the datanode a10aa3ca-3ab2-4d87-9bc7-0d045ec2b4ce{ip: 192.168.157.194, host: pr-hdds-1868-g97gg-2149769003, networkLocation: /default-rack, certSerialId: null} reports an CLOSED replica.
2019-10-17 01:09:59,238 [BlockDeletingService#2] WARN  background.BlockDeletingService (BlockDeletingService.java:isDeletionAllowed(187)) - Close Container log Index 6 is not replicated across allthe servers in the pipeline 968e2a2f-54bd-4eee-95a8-bd7a3b63c209 as the min replicated index is 4. Deletion is not allowed in this container yet.
2019-10-17 01:09:59,238 [BlockDeletingService#2] WARN  background.BlockDeletingService (BlockDeletingService.java:isDeletionAllowed(187)) - Close Container log Index 6 is not replicated across allthe servers in the pipeline 968e2a2f-54bd-4eee-95a8-bd7a3b63c209 as the min replicated index is 4. Deletion is not allowed in this container yet.
2019-10-17 01:09:59,413 [EventQueue-ContainerReportForContainerReportHandler] WARN  container.ContainerReportHandler (AbstractContainerReportHandler.java:updateContainerState(145)) - Container #1 is in OPEN state, but the datanode e3697062-c193-48d1-b15e-d6b6b4dc6638{ip: 192.168.157.194, host: pr-hdds-1868-g97gg-2149769003, networkLocation: /default-rack, certSerialId: null} reports an CLOSED replica.
2019-10-17 01:09:59,426 [EventQueue-ContainerReportForContainerReportHandler] WARN  container.ContainerReportHandler (AbstractContainerReportHandler.java:updateContainerState(145)) - Container #1 is in OPEN state, but the datanode a10aa3ca-3ab2-4d87-9bc7-0d045ec2b4ce{ip: 192.168.157.194, host: pr-hdds-1868-g97gg-2149769003, networkLocation: /default-rack, certSerialId: null} reports an CLOSED replica.
2019-10-17 01:09:59,697 [java.util.concurrent.ThreadPoolExecutor$Worker@709a6842[State = -1, empty queue]] WARN  server.GrpcLogAppender (GrpcLogAppender.java:timeoutAppendRequest(209)) - e3697062-c193-48d1-b15e-d6b6b4dc6638@group-BD7A3B63C209->ee6ff355-4f2c-4ff1-aa68-7ca64f6b5439-GrpcLogAppender: appendEntries Timeout, request=e3697062-c193-48d1-b15e-d6b6b4dc6638->ee6ff355-4f2c-4ff1-aa68-7ca64f6b5439#40-t3, previous=(t:3, i:10), leaderCommit=10, initializing? false, entries: <empty>
2019-10-17 01:09:59,713 [EventQueue-ContainerReportForContainerReportHandler] WARN  container.ContainerReportHandler (AbstractContainerReportHandler.java:updateContainerState(145)) - Container #1 is in OPEN state, but the datanode e3697062-c193-48d1-b15e-d6b6b4dc6638{ip: 192.168.157.194, host: pr-hdds-1868-g97gg-2149769003, networkLocation: /default-rack, certSerialId: null} reports an CLOSED replica.
2019-10-17 01:09:59,725 [EventQueue-ContainerReportForContainerReportHandler] WARN  container.ContainerReportHandler (AbstractContainerReportHandler.java:updateContainerState(145)) - Container #1 is in OPEN state, but the datanode a10aa3ca-3ab2-4d87-9bc7-0d045ec2b4ce{ip: 192.168.157.194, host: pr-hdds-1868-g97gg-2149769003, networkLocation: /default-rack, certSerialId: null} reports an CLOSED replica.
2019-10-17 01:10:00,013 [EventQueue-ContainerReportForContainerReportHandler] WARN  container.ContainerReportHandler (AbstractContainerReportHandler.java:updateContainerState(145)) - Container #1 is in OPEN state, but the datanode e3697062-c193-48d1-b15e-d6b6b4dc6638{ip: 192.168.157.194, host: pr-hdds-1868-g97gg-2149769003, networkLocation: /default-rack, certSerialId: null} reports an CLOSED replica.
2019-10-17 01:10:00,026 [EventQueue-ContainerReportForContainerReportHandler] WARN  container.ContainerReportHandler (AbstractContainerReportHandler.java:updateContainerState(145)) - Container #1 is in OPEN state, but the datanode a10aa3ca-3ab2-4d87-9bc7-0d045ec2b4ce{ip: 192.168.157.194, host: pr-hdds-1868-g97gg-2149769003, networkLocation: /default-rack, certSerialId: null} reports an CLOSED replica.
2019-10-17 01:10:00,240 [BlockDeletingService#2] WARN  background.BlockDeletingService (BlockDeletingService.java:isDeletionAllowed(187)) - Close Container log Index 6 is not replicated across allthe servers in the pipeline 968e2a2f-54bd-4eee-95a8-bd7a3b63c209 as the min replicated index is 4. Deletion is not allowed in this container yet.
2019-10-17 01:10:00,240 [BlockDeletingService#2] WARN  background.BlockDeletingService (BlockDeletingService.java:isDeletionAllowed(187)) - Close Container log Index 6 is not replicated across allthe servers in the pipeline 968e2a2f-54bd-4eee-95a8-bd7a3b63c209 as the min replicated index is 4. Deletion is not allowed in this container yet.
2019-10-17 01:10:00,314 [EventQueue-ContainerReportForContainerReportHandler] WARN  container.ContainerReportHandler (AbstractContainerReportHandler.java:updateContainerState(145)) - Container #1 is in OPEN state, but the datanode e3697062-c193-48d1-b15e-d6b6b4dc6638{ip: 192.168.157.194, host: pr-hdds-1868-g97gg-2149769003, networkLocation: /default-rack, certSerialId: null} reports an CLOSED replica.
2019-10-17 01:10:00,326 [EventQueue-ContainerReportForContainerReportHandler] WARN  container.ContainerReportHandler (AbstractContainerReportHandler.java:updateContainerState(145)) - Container #1 is in OPEN state, but the datanode a10aa3ca-3ab2-4d87-9bc7-0d045ec2b4ce{ip: 192.168.157.194, host: pr-hdds-1868-g97gg-2149769003, networkLocation: /default-rack, certSerialId: null} reports an CLOSED replica.
2019-10-17 01:10:00,515 [EventQueue-ContainerReportForContainerReportHandler] WARN  container.ContainerReportHandler (AbstractContainerReportHandler.java:updateContainerState(145)) - Container #1 is in OPEN state, but the datanode e3697062-c193-48d1-b15e-d6b6b4dc6638{ip: 192.168.157.194, host: pr-hdds-1868-g97gg-2149769003, networkLocation: /default-rack, certSerialId: null} reports an CLOSED replica.
2019-10-17 01:10:00,715 [EventQueue-ContainerReportForContainerReportHandler] WARN  container.ContainerReportHandler (AbstractContainerReportHandler.java:updateContainerState(145)) - Container #1 is in OPEN state, but the datanode e3697062-c193-48d1-b15e-d6b6b4dc6638{ip: 192.168.157.194, host: pr-hdds-1868-g97gg-2149769003, networkLocation: /default-rack, certSerialId: null} reports an CLOSED replica.
2019-10-17 01:10:00,728 [EventQueue-ContainerReportForContainerReportHandler] WARN  container.ContainerReportHandler (AbstractContainerReportHandler.java:updateContainerState(145)) - Container #1 is in OPEN state, but the datanode a10aa3ca-3ab2-4d87-9bc7-0d045ec2b4ce{ip: 192.168.157.194, host: pr-hdds-1868-g97gg-2149769003, networkLocation: /default-rack, certSerialId: null} reports an CLOSED replica.
2019-10-17 01:10:01,029 [EventQueue-ContainerReportForContainerReportHandler] WARN  container.ContainerReportHandler (AbstractContainerReportHandler.java:updateContainerState(145)) - Container #1 is in OPEN state, but the datanode a10aa3ca-3ab2-4d87-9bc7-0d045ec2b4ce{ip: 192.168.157.194, host: pr-hdds-1868-g97gg-2149769003, networkLocation: /default-rack, certSerialId: null} reports an CLOSED replica.
2019-10-17 01:10:01,115 [EventQueue-ContainerReportForContainerReportHandler] WARN  container.ContainerReportHandler (AbstractContainerReportHandler.java:updateContainerState(145)) - Container #1 is in OPEN state, but the datanode e3697062-c193-48d1-b15e-d6b6b4dc6638{ip: 192.168.157.194, host: pr-hdds-1868-g97gg-2149769003, networkLocation: /default-rack, certSerialId: null} reports an CLOSED replica.
2019-10-17 01:10:01,243 [BlockDeletingService#2] WARN  background.BlockDeletingService (BlockDeletingService.java:isDeletionAllowed(187)) - Close Container log Index 6 is not replicated across allthe servers in the pipeline 968e2a2f-54bd-4eee-95a8-bd7a3b63c209 as the min replicated index is 4. Deletion is not allowed in this container yet.
2019-10-17 01:10:01,243 [BlockDeletingService#2] WARN  background.BlockDeletingService (BlockDeletingService.java:isDeletionAllowed(187)) - Close Container log Index 6 is not replicated across allthe servers in the pipeline 968e2a2f-54bd-4eee-95a8-bd7a3b63c209 as the min replicated index is 4. Deletion is not allowed in this container yet.
2019-10-17 01:10:01,329 [EventQueue-ContainerReportForContainerReportHandler] WARN  container.ContainerReportHandler (AbstractContainerReportHandler.java:updateContainerState(145)) - Container #1 is in OPEN state, but the datanode a10aa3ca-3ab2-4d87-9bc7-0d045ec2b4ce{ip: 192.168.157.194, host: pr-hdds-1868-g97gg-2149769003, networkLocation: /default-rack, certSerialId: null} reports an CLOSED replica.
2019-10-17 01:10:01,416 [EventQueue-ContainerReportForContainerReportHandler] WARN  container.ContainerReportHandler (AbstractContainerReportHandler.java:updateContainerState(145)) - Container #1 is in OPEN state, but the datanode e3697062-c193-48d1-b15e-d6b6b4dc6638{ip: 192.168.157.194, host: pr-hdds-1868-g97gg-2149769003, networkLocation: /default-rack, certSerialId: null} reports an CLOSED replica.
2019-10-17 01:10:01,715 [EventQueue-ContainerReportForContainerReportHandler] WARN  container.ContainerReportHandler (AbstractContainerReportHandler.java:updateContainerState(145)) - Container #1 is in OPEN state, but the datanode e3697062-c193-48d1-b15e-d6b6b4dc6638{ip: 192.168.157.194, host: pr-hdds-1868-g97gg-2149769003, networkLocation: /default-rack, certSerialId: null} reports an CLOSED replica.
2019-10-17 01:10:01,734 [EventQueue-ContainerReportForContainerReportHandler] WARN  container.ContainerReportHandler (AbstractContainerReportHandler.java:updateContainerState(145)) - Container #1 is in OPEN state, but the datanode a10aa3ca-3ab2-4d87-9bc7-0d045ec2b4ce{ip: 192.168.157.194, host: pr-hdds-1868-g97gg-2149769003, networkLocation: /default-rack, certSerialId: null} reports an CLOSED replica.
2019-10-17 01:10:02,031 [EventQueue-ContainerReportForContainerReportHandler] WARN  container.ContainerReportHandler (AbstractContainerReportHandler.java:updateContainerState(145)) - Container #1 is in OPEN state, but the datanode a10aa3ca-3ab2-4d87-9bc7-0d045ec2b4ce{ip: 192.168.157.194, host: pr-hdds-1868-g97gg-2149769003, networkLocation: /default-rack, certSerialId: null} reports an CLOSED replica.
2019-10-17 01:10:02,116 [EventQueue-ContainerReportForContainerReportHandler] WARN  container.ContainerReportHandler (AbstractContainerReportHandler.java:updateContainerState(145)) - Container #1 is in OPEN state, but the datanode e3697062-c193-48d1-b15e-d6b6b4dc6638{ip: 192.168.157.194, host: pr-hdds-1868-g97gg-2149769003, networkLocation: /default-rack, certSerialId: null} reports an CLOSED replica.
2019-10-17 01:10:02,199 [java.util.concurrent.ThreadPoolExecutor$Worker@709a6842[State = -1, empty queue]] WARN  server.GrpcLogAppender (GrpcLogAppender.java:timeoutAppendRequest(209)) - e3697062-c193-48d1-b15e-d6b6b4dc6638@group-BD7A3B63C209->ee6ff355-4f2c-4ff1-aa68-7ca64f6b5439-GrpcLogAppender: appendEntries Timeout, request=e3697062-c193-48d1-b15e-d6b6b4dc6638->ee6ff355-4f2c-4ff1-aa68-7ca64f6b5439#41-t3, previous=(t:3, i:10), leaderCommit=10, initializing? false, entries: <empty>
2019-10-17 01:10:02,231 [EventQueue-ContainerReportForContainerReportHandler] WARN  container.ContainerReportHandler (AbstractContainerReportHandler.java:updateContainerState(145)) - Container #1 is in OPEN state, but the datanode a10aa3ca-3ab2-4d87-9bc7-0d045ec2b4ce{ip: 192.168.157.194, host: pr-hdds-1868-g97gg-2149769003, networkLocation: /default-rack, certSerialId: null} reports an CLOSED replica.
2019-10-17 01:10:02,246 [BlockDeletingService#2] WARN  background.BlockDeletingService (BlockDeletingService.java:isDeletionAllowed(187)) - Close Container log Index 6 is not replicated across allthe servers in the pipeline 968e2a2f-54bd-4eee-95a8-bd7a3b63c209 as the min replicated index is 4. Deletion is not allowed in this container yet.
2019-10-17 01:10:02,246 [BlockDeletingService#2] WARN  background.BlockDeletingService (BlockDeletingService.java:isDeletionAllowed(187)) - Close Container log Index 6 is not replicated across allthe servers in the pipeline 968e2a2f-54bd-4eee-95a8-bd7a3b63c209 as the min replicated index is 4. Deletion is not allowed in this container yet.
2019-10-17 01:10:02,515 [EventQueue-ContainerReportForContainerReportHandler] WARN  container.ContainerReportHandler (AbstractContainerReportHandler.java:updateContainerState(145)) - Container #1 is in OPEN state, but the datanode e3697062-c193-48d1-b15e-d6b6b4dc6638{ip: 192.168.157.194, host: pr-hdds-1868-g97gg-2149769003, networkLocation: /default-rack, certSerialId: null} reports an CLOSED replica.
2019-10-17 01:10:02,531 [EventQueue-ContainerReportForContainerReportHandler] WARN  container.ContainerReportHandler (AbstractContainerReportHandler.java:updateContainerState(145)) - Container #1 is in OPEN state, but the datanode a10aa3ca-3ab2-4d87-9bc7-0d045ec2b4ce{ip: 192.168.157.194, host: pr-hdds-1868-g97gg-2149769003, networkLocation: /default-rack, certSerialId: null} reports an CLOSED replica.
2019-10-17 01:10:02,715 [EventQueue-ContainerReportForContainerReportHandler] WARN  container.ContainerReportHandler (AbstractContainerReportHandler.java:updateContainerState(145)) - Container #1 is in OPEN state, but the datanode e3697062-c193-48d1-b15e-d6b6b4dc6638{ip: 192.168.157.194, host: pr-hdds-1868-g97gg-2149769003, networkLocation: /default-rack, certSerialId: null} reports an CLOSED replica.
2019-10-17 01:10:02,832 [EventQueue-ContainerReportForContainerReportHandler] WARN  container.ContainerReportHandler (AbstractContainerReportHandler.java:updateContainerState(145)) - Container #1 is in OPEN state, but the datanode a10aa3ca-3ab2-4d87-9bc7-0d045ec2b4ce{ip: 192.168.157.194, host: pr-hdds-1868-g97gg-2149769003, networkLocation: /default-rack, certSerialId: null} reports an CLOSED replica.
2019-10-17 01:10:02,915 [EventQueue-ContainerReportForContainerReportHandler] WARN  container.ContainerReportHandler (AbstractContainerReportHandler.java:updateContainerState(145)) - Container #1 is in OPEN state, but the datanode e3697062-c193-48d1-b15e-d6b6b4dc6638{ip: 192.168.157.194, host: pr-hdds-1868-g97gg-2149769003, networkLocation: /default-rack, certSerialId: null} reports an CLOSED replica.
2019-10-17 01:10:03,134 [EventQueue-ContainerReportForContainerReportHandler] WARN  container.ContainerReportHandler (AbstractContainerReportHandler.java:updateContainerState(145)) - Container #1 is in OPEN state, but the datanode a10aa3ca-3ab2-4d87-9bc7-0d045ec2b4ce{ip: 192.168.157.194, host: pr-hdds-1868-g97gg-2149769003, networkLocation: /default-rack, certSerialId: null} reports an CLOSED replica.
2019-10-17 01:10:03,215 [EventQueue-ContainerReportForContainerReportHandler] WARN  container.ContainerReportHandler (AbstractContainerReportHandler.java:updateContainerState(145)) - Container #1 is in OPEN state, but the datanode e3697062-c193-48d1-b15e-d6b6b4dc6638{ip: 192.168.157.194, host: pr-hdds-1868-g97gg-2149769003, networkLocation: /default-rack, certSerialId: null} reports an CLOSED replica.
2019-10-17 01:10:03,248 [BlockDeletingService#2] WARN  background.BlockDeletingService (BlockDeletingService.java:isDeletionAllowed(187)) - Close Container log Index 6 is not replicated across allthe servers in the pipeline 968e2a2f-54bd-4eee-95a8-bd7a3b63c209 as the min replicated index is 4. Deletion is not allowed in this container yet.
2019-10-17 01:10:03,248 [BlockDeletingService#2] WARN  background.BlockDeletingService (BlockDeletingService.java:isDeletionAllowed(187)) - Close Container log Index 6 is not replicated across allthe servers in the pipeline 968e2a2f-54bd-4eee-95a8-bd7a3b63c209 as the min replicated index is 4. Deletion is not allowed in this container yet.
2019-10-17 01:10:03,415 [EventQueue-ContainerReportForContainerReportHandler] WARN  container.ContainerReportHandler (AbstractContainerReportHandler.java:updateContainerState(145)) - Container #1 is in OPEN state, but the datanode e3697062-c193-48d1-b15e-d6b6b4dc6638{ip: 192.168.157.194, host: pr-hdds-1868-g97gg-2149769003, networkLocation: /default-rack, certSerialId: null} reports an CLOSED replica.
2019-10-17 01:10:03,434 [EventQueue-ContainerReportForContainerReportHandler] WARN  container.ContainerReportHandler (AbstractContainerReportHandler.java:updateContainerState(145)) - Container #1 is in OPEN state, but the datanode a10aa3ca-3ab2-4d87-9bc7-0d045ec2b4ce{ip: 192.168.157.194, host: pr-hdds-1868-g97gg-2149769003, networkLocation: /default-rack, certSerialId: null} reports an CLOSED replica.
2019-10-17 01:10:03,816 [EventQueue-ContainerReportForContainerReportHandler] WARN  container.ContainerReportHandler (AbstractContainerReportHandler.java:updateContainerState(145)) - Container #1 is in OPEN state, but the datanode e3697062-c193-48d1-b15e-d6b6b4dc6638{ip: 192.168.157.194, host: pr-hdds-1868-g97gg-2149769003, networkLocation: /default-rack, certSerialId: null} reports an CLOSED replica.
2019-10-17 01:10:03,835 [EventQueue-ContainerReportForContainerReportHandler] WARN  container.ContainerReportHandler (AbstractContainerReportHandler.java:updateContainerState(145)) - Container #1 is in OPEN state, but the datanode a10aa3ca-3ab2-4d87-9bc7-0d045ec2b4ce{ip: 192.168.157.194, host: pr-hdds-1868-g97gg-2149769003, networkLocation: /default-rack, certSerialId: null} reports an CLOSED replica.
2019-10-17 01:10:04,018 [EventQueue-ContainerReportForContainerReportHandler] WARN  container.ContainerReportHandler (AbstractContainerReportHandler.java:updateContainerState(145)) - Container #1 is in OPEN state, but the datanode e3697062-c193-48d1-b15e-d6b6b4dc6638{ip: 192.168.157.194, host: pr-hdds-1868-g97gg-2149769003, networkLocation: /default-rack, certSerialId: null} reports an CLOSED replica.
2019-10-17 01:10:04,235 [EventQueue-ContainerReportForContainerReportHandler] WARN  container.ContainerReportHandler (AbstractContainerReportHandler.java:updateContainerState(145)) - Container #1 is in OPEN state, but the datanode a10aa3ca-3ab2-4d87-9bc7-0d045ec2b4ce{ip: 192.168.157.194, host: pr-hdds-1868-g97gg-2149769003, networkLocation: /default-rack, certSerialId: null} reports an CLOSED replica.
2019-10-17 01:10:04,249 [BlockDeletingService#2] WARN  background.BlockDeletingService (BlockDeletingService.java:isDeletionAllowed(187)) - Close Container log Index 6 is not replicated across allthe servers in the pipeline 968e2a2f-54bd-4eee-95a8-bd7a3b63c209 as the min replicated index is 4. Deletion is not allowed in this container yet.
2019-10-17 01:10:04,249 [BlockDeletingService#2] WARN  background.BlockDeletingService (BlockDeletingService.java:isDeletionAllowed(187)) - Close Container log Index 6 is not replicated across allthe servers in the pipeline 968e2a2f-54bd-4eee-95a8-bd7a3b63c209 as the min replicated index is 4. Deletion is not allowed in this container yet.
2019-10-17 01:10:04,417 [EventQueue-ContainerReportForContainerReportHandler] WARN  container.ContainerReportHandler (AbstractContainerReportHandler.java:updateContainerState(145)) - Container #1 is in OPEN state, but the datanode e3697062-c193-48d1-b15e-d6b6b4dc6638{ip: 192.168.157.194, host: pr-hdds-1868-g97gg-2149769003, networkLocation: /default-rack, certSerialId: null} reports an CLOSED replica.
2019-10-17 01:10:04,435 [EventQueue-ContainerReportForContainerReportHandler] WARN  container.ContainerReportHandler (AbstractContainerReportHandler.java:updateContainerState(145)) - Container #1 is in OPEN state, but the datanode a10aa3ca-3ab2-4d87-9bc7-0d045ec2b4ce{ip: 192.168.157.194, host: pr-hdds-1868-g97gg-2149769003, networkLocation: /default-rack, certSerialId: null} reports an CLOSED replica.
2019-10-17 01:10:04,635 [EventQueue-ContainerReportForContainerReportHandler] WARN  container.ContainerReportHandler (AbstractContainerReportHandler.java:updateContainerState(145)) - Container #1 is in OPEN state, but the datanode a10aa3ca-3ab2-4d87-9bc7-0d045ec2b4ce{ip: 192.168.157.194, host: pr-hdds-1868-g97gg-2149769003, networkLocation: /default-rack, certSerialId: null} reports an CLOSED replica.
2019-10-17 01:10:04,701 [java.util.concurrent.ThreadPoolExecutor$Worker@709a6842[State = -1, empty queue]] WARN  server.GrpcLogAppender (GrpcLogAppender.java:timeoutAppendRequest(209)) - e3697062-c193-48d1-b15e-d6b6b4dc6638@group-BD7A3B63C209->ee6ff355-4f2c-4ff1-aa68-7ca64f6b5439-GrpcLogAppender: appendEntries Timeout, request=e3697062-c193-48d1-b15e-d6b6b4dc6638->ee6ff355-4f2c-4ff1-aa68-7ca64f6b5439#42-t3, previous=(t:3, i:10), leaderCommit=10, initializing? false, entries: <empty>
2019-10-17 01:10:04,819 [EventQueue-ContainerReportForContainerReportHandler] WARN  container.ContainerReportHandler (AbstractContainerReportHandler.java:updateContainerState(145)) - Container #1 is in OPEN state, but the datanode e3697062-c193-48d1-b15e-d6b6b4dc6638{ip: 192.168.157.194, host: pr-hdds-1868-g97gg-2149769003, networkLocation: /default-rack, certSerialId: null} reports an CLOSED replica.
2019-10-17 01:10:05,022 [EventQueue-ContainerReportForContainerReportHandler] WARN  container.ContainerReportHandler (AbstractContainerReportHandler.java:updateContainerState(145)) - Container #1 is in OPEN state, but the datanode e3697062-c193-48d1-b15e-d6b6b4dc6638{ip: 192.168.157.194, host: pr-hdds-1868-g97gg-2149769003, networkLocation: /default-rack, certSerialId: null} reports an CLOSED replica.
2019-10-17 01:10:05,035 [EventQueue-ContainerReportForContainerReportHandler] WARN  container.ContainerReportHandler (AbstractContainerReportHandler.java:updateContainerState(145)) - Container #1 is in OPEN state, but the datanode a10aa3ca-3ab2-4d87-9bc7-0d045ec2b4ce{ip: 192.168.157.194, host: pr-hdds-1868-g97gg-2149769003, networkLocation: /default-rack, certSerialId: null} reports an CLOSED replica.
2019-10-17 01:10:05,221 [EventQueue-ContainerReportForContainerReportHandler] WARN  container.ContainerReportHandler (AbstractContainerReportHandler.java:updateContainerState(145)) - Container #1 is in OPEN state, but the datanode e3697062-c193-48d1-b15e-d6b6b4dc6638{ip: 192.168.157.194, host: pr-hdds-1868-g97gg-2149769003, networkLocation: /default-rack, certSerialId: null} reports an CLOSED replica.
2019-10-17 01:10:05,251 [BlockDeletingService#2] WARN  background.BlockDeletingService (BlockDeletingService.java:isDeletionAllowed(187)) - Close Container log Index 6 is not replicated across allthe servers in the pipeline 968e2a2f-54bd-4eee-95a8-bd7a3b63c209 as the min replicated index is 4. Deletion is not allowed in this container yet.
2019-10-17 01:10:05,251 [BlockDeletingService#2] WARN  background.BlockDeletingService (BlockDeletingService.java:isDeletionAllowed(187)) - Close Container log Index 6 is not replicated across allthe servers in the pipeline 968e2a2f-54bd-4eee-95a8-bd7a3b63c209 as the min replicated index is 4. Deletion is not allowed in this container yet.
2019-10-17 01:10:05,335 [EventQueue-ContainerReportForContainerReportHandler] WARN  container.ContainerReportHandler (AbstractContainerReportHandler.java:updateContainerState(145)) - Container #1 is in OPEN state, but the datanode a10aa3ca-3ab2-4d87-9bc7-0d045ec2b4ce{ip: 192.168.157.194, host: pr-hdds-1868-g97gg-2149769003, networkLocation: /default-rack, certSerialId: null} reports an CLOSED replica.
2019-10-17 01:10:05,362 [Thread-458] INFO  client.GrpcClientProtocolService (GrpcClientProtocolService.java:lambda$processClientRequest$0(278)) - Failed RaftClientRequest:client-B379F03C97AF->a10aa3ca-3ab2-4d87-9bc7-0d045ec2b4ce@group-BD7A3B63C209, cid=10, seq=0, Watch-ALL_COMMITTED(6), Message:<EMPTY>, reply=RaftClientReply:client-B379F03C97AF->a10aa3ca-3ab2-4d87-9bc7-0d045ec2b4ce@group-BD7A3B63C209, cid=10, FAILED org.apache.ratis.protocol.NotLeaderException: Server a10aa3ca-3ab2-4d87-9bc7-0d045ec2b4ce@group-BD7A3B63C209 is not the leader e3697062-c193-48d1-b15e-d6b6b4dc6638:192.168.157.194:40986, logIndex=0, commits[a10aa3ca-3ab2-4d87-9bc7-0d045ec2b4ce:c10, ee6ff355-4f2c-4ff1-aa68-7ca64f6b5439:c4, e3697062-c193-48d1-b15e-d6b6b4dc6638:c10]
2019-10-17 01:10:05,422 [EventQueue-ContainerReportForContainerReportHandler] WARN  container.ContainerReportHandler (AbstractContainerReportHandler.java:updateContainerState(145)) - Container #1 is in OPEN state, but the datanode e3697062-c193-48d1-b15e-d6b6b4dc6638{ip: 192.168.157.194, host: pr-hdds-1868-g97gg-2149769003, networkLocation: /default-rack, certSerialId: null} reports an CLOSED replica.
2019-10-17 01:10:05,635 [EventQueue-ContainerReportForContainerReportHandler] WARN  container.ContainerReportHandler (AbstractContainerReportHandler.java:updateContainerState(145)) - Container #1 is in OPEN state, but the datanode a10aa3ca-3ab2-4d87-9bc7-0d045ec2b4ce{ip: 192.168.157.194, host: pr-hdds-1868-g97gg-2149769003, networkLocation: /default-rack, certSerialId: null} reports an CLOSED replica.
2019-10-17 01:10:05,722 [EventQueue-ContainerReportForContainerReportHandler] WARN  container.ContainerReportHandler (AbstractContainerReportHandler.java:updateContainerState(145)) - Container #1 is in OPEN state, but the datanode e3697062-c193-48d1-b15e-d6b6b4dc6638{ip: 192.168.157.194, host: pr-hdds-1868-g97gg-2149769003, networkLocation: /default-rack, certSerialId: null} reports an CLOSED replica.
2019-10-17 01:10:05,936 [EventQueue-ContainerReportForContainerReportHandler] WARN  container.ContainerReportHandler (AbstractContainerReportHandler.java:updateContainerState(145)) - Container #1 is in OPEN state, but the datanode a10aa3ca-3ab2-4d87-9bc7-0d045ec2b4ce{ip: 192.168.157.194, host: pr-hdds-1868-g97gg-2149769003, networkLocation: /default-rack, certSerialId: null} reports an CLOSED replica.
2019-10-17 01:10:06,123 [EventQueue-ContainerReportForContainerReportHandler] WARN  container.ContainerReportHandler (AbstractContainerReportHandler.java:updateContainerState(145)) - Container #1 is in OPEN state, but the datanode e3697062-c193-48d1-b15e-d6b6b4dc6638{ip: 192.168.157.194, host: pr-hdds-1868-g97gg-2149769003, networkLocation: /default-rack, certSerialId: null} reports an CLOSED replica.
2019-10-17 01:10:06,253 [BlockDeletingService#2] WARN  background.BlockDeletingService (BlockDeletingService.java:isDeletionAllowed(187)) - Close Container log Index 6 is not replicated across allthe servers in the pipeline 968e2a2f-54bd-4eee-95a8-bd7a3b63c209 as the min replicated index is 4. Deletion is not allowed in this container yet.
2019-10-17 01:10:06,253 [BlockDeletingService#2] WARN  background.BlockDeletingService (BlockDeletingService.java:isDeletionAllowed(187)) - Close Container log Index 6 is not replicated across allthe servers in the pipeline 968e2a2f-54bd-4eee-95a8-bd7a3b63c209 as the min replicated index is 4. Deletion is not allowed in this container yet.
2019-10-17 01:10:06,336 [EventQueue-ContainerReportForContainerReportHandler] WARN  container.ContainerReportHandler (AbstractContainerReportHandler.java:updateContainerState(145)) - Container #1 is in OPEN state, but the datanode a10aa3ca-3ab2-4d87-9bc7-0d045ec2b4ce{ip: 192.168.157.194, host: pr-hdds-1868-g97gg-2149769003, networkLocation: /default-rack, certSerialId: null} reports an CLOSED replica.
2019-10-17 01:10:06,424 [EventQueue-ContainerReportForContainerReportHandler] WARN  container.ContainerReportHandler (AbstractContainerReportHandler.java:updateContainerState(145)) - Container #1 is in OPEN state, but the datanode e3697062-c193-48d1-b15e-d6b6b4dc6638{ip: 192.168.157.194, host: pr-hdds-1868-g97gg-2149769003, networkLocation: /default-rack, certSerialId: null} reports an CLOSED replica.
2019-10-17 01:10:06,585 [Thread-463] INFO  client.GrpcClientProtocolService (GrpcClientProtocolService.java:lambda$processClientRequest$0(278)) - Failed RaftClientRequest:client-B379F03C97AF->e3697062-c193-48d1-b15e-d6b6b4dc6638@group-BD7A3B63C209, cid=10, seq=0, Watch-ALL_COMMITTED(6), Message:<EMPTY>, reply=RaftClientReply:client-B379F03C97AF->e3697062-c193-48d1-b15e-d6b6b4dc6638@group-BD7A3B63C209, cid=10, FAILED org.apache.ratis.protocol.NotReplicatedException: Request with call Id 10 and log index 6 is not yet replicated to ALL_COMMITTED, logIndex=6, commits[e3697062-c193-48d1-b15e-d6b6b4dc6638:c10, ee6ff355-4f2c-4ff1-aa68-7ca64f6b5439:c4, a10aa3ca-3ab2-4d87-9bc7-0d045ec2b4ce:c10]
2019-10-17 01:10:06,636 [EventQueue-ContainerReportForContainerReportHandler] WARN  container.ContainerReportHandler (AbstractContainerReportHandler.java:updateContainerState(145)) - Container #1 is in OPEN state, but the datanode a10aa3ca-3ab2-4d87-9bc7-0d045ec2b4ce{ip: 192.168.157.194, host: pr-hdds-1868-g97gg-2149769003, networkLocation: /default-rack, certSerialId: null} reports an CLOSED replica.
2019-10-17 01:10:06,724 [EventQueue-ContainerReportForContainerReportHandler] WARN  container.ContainerReportHandler (AbstractContainerReportHandler.java:updateContainerState(145)) - Container #1 is in OPEN state, but the datanode e3697062-c193-48d1-b15e-d6b6b4dc6638{ip: 192.168.157.194, host: pr-hdds-1868-g97gg-2149769003, networkLocation: /default-rack, certSerialId: null} reports an CLOSED replica.
2019-10-17 01:10:06,836 [EventQueue-ContainerReportForContainerReportHandler] WARN  container.ContainerReportHandler (AbstractContainerReportHandler.java:updateContainerState(145)) - Container #1 is in OPEN state, but the datanode a10aa3ca-3ab2-4d87-9bc7-0d045ec2b4ce{ip: 192.168.157.194, host: pr-hdds-1868-g97gg-2149769003, networkLocation: /default-rack, certSerialId: null} reports an CLOSED replica.
2019-10-17 01:10:07,026 [EventQueue-ContainerReportForContainerReportHandler] WARN  container.ContainerReportHandler (AbstractContainerReportHandler.java:updateContainerState(145)) - Container #1 is in OPEN state, but the datanode e3697062-c193-48d1-b15e-d6b6b4dc6638{ip: 192.168.157.194, host: pr-hdds-1868-g97gg-2149769003, networkLocation: /default-rack, certSerialId: null} reports an CLOSED replica.
2019-10-17 01:10:07,037 [EventQueue-ContainerReportForContainerReportHandler] WARN  container.ContainerReportHandler (AbstractContainerReportHandler.java:updateContainerState(145)) - Container #1 is in OPEN state, but the datanode a10aa3ca-3ab2-4d87-9bc7-0d045ec2b4ce{ip: 192.168.157.194, host: pr-hdds-1868-g97gg-2149769003, networkLocation: /default-rack, certSerialId: null} reports an CLOSED replica.
2019-10-17 01:10:07,202 [java.util.concurrent.ThreadPoolExecutor$Worker@709a6842[State = -1, empty queue]] WARN  server.GrpcLogAppender (GrpcLogAppender.java:timeoutAppendRequest(209)) - e3697062-c193-48d1-b15e-d6b6b4dc6638@group-BD7A3B63C209->ee6ff355-4f2c-4ff1-aa68-7ca64f6b5439-GrpcLogAppender: appendEntries Timeout, request=e3697062-c193-48d1-b15e-d6b6b4dc6638->ee6ff355-4f2c-4ff1-aa68-7ca64f6b5439#43-t3, previous=(t:3, i:10), leaderCommit=10, initializing? false, entries: <empty>
2019-10-17 01:10:07,237 [EventQueue-ContainerReportForContainerReportHandler] WARN  container.ContainerReportHandler (AbstractContainerReportHandler.java:updateContainerState(145)) - Container #1 is in OPEN state, but the datanode a10aa3ca-3ab2-4d87-9bc7-0d045ec2b4ce{ip: 192.168.157.194, host: pr-hdds-1868-g97gg-2149769003, networkLocation: /default-rack, certSerialId: null} reports an CLOSED replica.
2019-10-17 01:10:07,257 [BlockDeletingService#2] WARN  background.BlockDeletingService (BlockDeletingService.java:isDeletionAllowed(187)) - Close Container log Index 6 is not replicated across allthe servers in the pipeline 968e2a2f-54bd-4eee-95a8-bd7a3b63c209 as the min replicated index is 4. Deletion is not allowed in this container yet.
2019-10-17 01:10:07,257 [BlockDeletingService#2] WARN  background.BlockDeletingService (BlockDeletingService.java:isDeletionAllowed(187)) - Close Container log Index 6 is not replicated across allthe servers in the pipeline 968e2a2f-54bd-4eee-95a8-bd7a3b63c209 as the min replicated index is 4. Deletion is not allowed in this container yet.
2019-10-17 01:10:07,326 [EventQueue-ContainerReportForContainerReportHandler] WARN  container.ContainerReportHandler (AbstractContainerReportHandler.java:updateContainerState(145)) - Container #1 is in OPEN state, but the datanode e3697062-c193-48d1-b15e-d6b6b4dc6638{ip: 192.168.157.194, host: pr-hdds-1868-g97gg-2149769003, networkLocation: /default-rack, certSerialId: null} reports an CLOSED replica.
2019-10-17 01:10:07,527 [EventQueue-ContainerReportForContainerReportHandler] WARN  container.ContainerReportHandler (AbstractContainerReportHandler.java:updateContainerState(145)) - Container #1 is in OPEN state, but the datanode e3697062-c193-48d1-b15e-d6b6b4dc6638{ip: 192.168.157.194, host: pr-hdds-1868-g97gg-2149769003, networkLocation: /default-rack, certSerialId: null} reports an CLOSED replica.
2019-10-17 01:10:07,637 [EventQueue-ContainerReportForContainerReportHandler] WARN  container.ContainerReportHandler (AbstractContainerReportHandler.java:updateContainerState(145)) - Container #1 is in OPEN state, but the datanode a10aa3ca-3ab2-4d87-9bc7-0d045ec2b4ce{ip: 192.168.157.194, host: pr-hdds-1868-g97gg-2149769003, networkLocation: /default-rack, certSerialId: null} reports an CLOSED replica.
2019-10-17 01:10:07,837 [EventQueue-ContainerReportForContainerReportHandler] WARN  container.ContainerReportHandler (AbstractContainerReportHandler.java:updateContainerState(145)) - Container #1 is in OPEN state, but the datanode a10aa3ca-3ab2-4d87-9bc7-0d045ec2b4ce{ip: 192.168.157.194, host: pr-hdds-1868-g97gg-2149769003, networkLocation: /default-rack, certSerialId: null} reports an CLOSED replica.
2019-10-17 01:10:07,928 [EventQueue-ContainerReportForContainerReportHandler] WARN  container.ContainerReportHandler (AbstractContainerReportHandler.java:updateContainerState(145)) - Container #1 is in OPEN state, but the datanode e3697062-c193-48d1-b15e-d6b6b4dc6638{ip: 192.168.157.194, host: pr-hdds-1868-g97gg-2149769003, networkLocation: /default-rack, certSerialId: null} reports an CLOSED replica.
2019-10-17 01:10:08,128 [EventQueue-ContainerReportForContainerReportHandler] WARN  container.ContainerReportHandler (AbstractContainerReportHandler.java:updateContainerState(145)) - Container #1 is in OPEN state, but the datanode e3697062-c193-48d1-b15e-d6b6b4dc6638{ip: 192.168.157.194, host: pr-hdds-1868-g97gg-2149769003, networkLocation: /default-rack, certSerialId: null} reports an CLOSED replica.
2019-10-17 01:10:08,137 [EventQueue-ContainerReportForContainerReportHandler] WARN  container.ContainerReportHandler (AbstractContainerReportHandler.java:updateContainerState(145)) - Container #1 is in OPEN state, but the datanode a10aa3ca-3ab2-4d87-9bc7-0d045ec2b4ce{ip: 192.168.157.194, host: pr-hdds-1868-g97gg-2149769003, networkLocation: /default-rack, certSerialId: null} reports an CLOSED replica.
2019-10-17 01:10:08,258 [BlockDeletingService#2] WARN  background.BlockDeletingService (BlockDeletingService.java:isDeletionAllowed(187)) - Close Container log Index 6 is not replicated across allthe servers in the pipeline 968e2a2f-54bd-4eee-95a8-bd7a3b63c209 as the min replicated index is 4. Deletion is not allowed in this container yet.
2019-10-17 01:10:08,258 [BlockDeletingService#2] WARN  background.BlockDeletingService (BlockDeletingService.java:isDeletionAllowed(187)) - Close Container log Index 6 is not replicated across allthe servers in the pipeline 968e2a2f-54bd-4eee-95a8-bd7a3b63c209 as the min replicated index is 4. Deletion is not allowed in this container yet.
2019-10-17 01:10:08,337 [EventQueue-ContainerReportForContainerReportHandler] WARN  container.ContainerReportHandler (AbstractContainerReportHandler.java:updateContainerState(145)) - Container #1 is in OPEN state, but the datanode a10aa3ca-3ab2-4d87-9bc7-0d045ec2b4ce{ip: 192.168.157.194, host: pr-hdds-1868-g97gg-2149769003, networkLocation: /default-rack, certSerialId: null} reports an CLOSED replica.
2019-10-17 01:10:08,528 [EventQueue-ContainerReportForContainerReportHandler] WARN  container.ContainerReportHandler (AbstractContainerReportHandler.java:updateContainerState(145)) - Container #1 is in OPEN state, but the datanode e3697062-c193-48d1-b15e-d6b6b4dc6638{ip: 192.168.157.194, host: pr-hdds-1868-g97gg-2149769003, networkLocation: /default-rack, certSerialId: null} reports an CLOSED replica.
2019-10-17 01:10:08,637 [EventQueue-ContainerReportForContainerReportHandler] WARN  container.ContainerReportHandler (AbstractContainerReportHandler.java:updateContainerState(145)) - Container #1 is in OPEN state, but the datanode a10aa3ca-3ab2-4d87-9bc7-0d045ec2b4ce{ip: 192.168.157.194, host: pr-hdds-1868-g97gg-2149769003, networkLocation: /default-rack, certSerialId: null} reports an CLOSED replica.
2019-10-17 01:10:08,729 [EventQueue-ContainerReportForContainerReportHandler] WARN  container.ContainerReportHandler (AbstractContainerReportHandler.java:updateContainerState(145)) - Container #1 is in OPEN state, but the datanode e3697062-c193-48d1-b15e-d6b6b4dc6638{ip: 192.168.157.194, host: pr-hdds-1868-g97gg-2149769003, networkLocation: /default-rack, certSerialId: null} reports an CLOSED replica.
2019-10-17 01:10:09,037 [EventQueue-ContainerReportForContainerReportHandler] WARN  container.ContainerReportHandler (AbstractContainerReportHandler.java:updateContainerState(145)) - Container #1 is in OPEN state, but the datanode a10aa3ca-3ab2-4d87-9bc7-0d045ec2b4ce{ip: 192.168.157.194, host: pr-hdds-1868-g97gg-2149769003, networkLocation: /default-rack, certSerialId: null} reports an CLOSED replica.
2019-10-17 01:10:09,128 [EventQueue-ContainerReportForContainerReportHandler] WARN  container.ContainerReportHandler (AbstractContainerReportHandler.java:updateContainerState(145)) - Container #1 is in OPEN state, but the datanode e3697062-c193-48d1-b15e-d6b6b4dc6638{ip: 192.168.157.194, host: pr-hdds-1868-g97gg-2149769003, networkLocation: /default-rack, certSerialId: null} reports an CLOSED replica.
2019-10-17 01:10:09,260 [BlockDeletingService#2] WARN  background.BlockDeletingService (BlockDeletingService.java:isDeletionAllowed(187)) - Close Container log Index 6 is not replicated across allthe servers in the pipeline 968e2a2f-54bd-4eee-95a8-bd7a3b63c209 as the min replicated index is 4. Deletion is not allowed in this container yet.
2019-10-17 01:10:09,260 [BlockDeletingService#2] WARN  background.BlockDeletingService (BlockDeletingService.java:isDeletionAllowed(187)) - Close Container log Index 6 is not replicated across allthe servers in the pipeline 968e2a2f-54bd-4eee-95a8-bd7a3b63c209 as the min replicated index is 4. Deletion is not allowed in this container yet.
2019-10-17 01:10:09,337 [EventQueue-ContainerReportForContainerReportHandler] WARN  container.ContainerReportHandler (AbstractContainerReportHandler.java:updateContainerState(145)) - Container #1 is in OPEN state, but the datanode a10aa3ca-3ab2-4d87-9bc7-0d045ec2b4ce{ip: 192.168.157.194, host: pr-hdds-1868-g97gg-2149769003, networkLocation: /default-rack, certSerialId: null} reports an CLOSED replica.
2019-10-17 01:10:09,530 [EventQueue-ContainerReportForContainerReportHandler] WARN  container.ContainerReportHandler (AbstractContainerReportHandler.java:updateContainerState(145)) - Container #1 is in OPEN state, but the datanode e3697062-c193-48d1-b15e-d6b6b4dc6638{ip: 192.168.157.194, host: pr-hdds-1868-g97gg-2149769003, networkLocation: /default-rack, certSerialId: null} reports an CLOSED replica.
2019-10-17 01:10:09,638 [EventQueue-ContainerReportForContainerReportHandler] WARN  container.ContainerReportHandler (AbstractContainerReportHandler.java:updateContainerState(145)) - Container #1 is in OPEN state, but the datanode a10aa3ca-3ab2-4d87-9bc7-0d045ec2b4ce{ip: 192.168.157.194, host: pr-hdds-1868-g97gg-2149769003, networkLocation: /default-rack, certSerialId: null} reports an CLOSED replica.
2019-10-17 01:10:09,703 [java.util.concurrent.ThreadPoolExecutor$Worker@709a6842[State = -1, empty queue]] WARN  server.GrpcLogAppender (GrpcLogAppender.java:timeoutAppendRequest(209)) - e3697062-c193-48d1-b15e-d6b6b4dc6638@group-BD7A3B63C209->ee6ff355-4f2c-4ff1-aa68-7ca64f6b5439-GrpcLogAppender: appendEntries Timeout, request=e3697062-c193-48d1-b15e-d6b6b4dc6638->ee6ff355-4f2c-4ff1-aa68-7ca64f6b5439#44-t3, previous=(t:3, i:10), leaderCommit=10, initializing? false, entries: <empty>
2019-10-17 01:10:09,828 [EventQueue-ContainerReportForContainerReportHandler] WARN  container.ContainerReportHandler (AbstractContainerReportHandler.java:updateContainerState(145)) - Container #1 is in OPEN state, but the datanode e3697062-c193-48d1-b15e-d6b6b4dc6638{ip: 192.168.157.194, host: pr-hdds-1868-g97gg-2149769003, networkLocation: /default-rack, certSerialId: null} reports an CLOSED replica.
2019-10-17 01:10:09,938 [EventQueue-ContainerReportForContainerReportHandler] WARN  container.ContainerReportHandler (AbstractContainerReportHandler.java:updateContainerState(145)) - Container #1 is in OPEN state, but the datanode a10aa3ca-3ab2-4d87-9bc7-0d045ec2b4ce{ip: 192.168.157.194, host: pr-hdds-1868-g97gg-2149769003, networkLocation: /default-rack, certSerialId: null} reports an CLOSED replica.
2019-10-17 01:10:10,228 [EventQueue-ContainerReportForContainerReportHandler] WARN  container.ContainerReportHandler (AbstractContainerReportHandler.java:updateContainerState(145)) - Container #1 is in OPEN state, but the datanode e3697062-c193-48d1-b15e-d6b6b4dc6638{ip: 192.168.157.194, host: pr-hdds-1868-g97gg-2149769003, networkLocation: /default-rack, certSerialId: null} reports an CLOSED replica.
2019-10-17 01:10:10,261 [BlockDeletingService#2] WARN  background.BlockDeletingService (BlockDeletingService.java:isDeletionAllowed(187)) - Close Container log Index 6 is not replicated across allthe servers in the pipeline 968e2a2f-54bd-4eee-95a8-bd7a3b63c209 as the min replicated index is 4. Deletion is not allowed in this container yet.
2019-10-17 01:10:10,261 [BlockDeletingService#2] WARN  background.BlockDeletingService (BlockDeletingService.java:isDeletionAllowed(187)) - Close Container log Index 6 is not replicated across allthe servers in the pipeline 968e2a2f-54bd-4eee-95a8-bd7a3b63c209 as the min replicated index is 4. Deletion is not allowed in this container yet.
2019-10-17 01:10:10,338 [EventQueue-ContainerReportForContainerReportHandler] WARN  container.ContainerReportHandler (AbstractContainerReportHandler.java:updateContainerState(145)) - Container #1 is in OPEN state, but the datanode a10aa3ca-3ab2-4d87-9bc7-0d045ec2b4ce{ip: 192.168.157.194, host: pr-hdds-1868-g97gg-2149769003, networkLocation: /default-rack, certSerialId: null} reports an CLOSED replica.
2019-10-17 01:10:10,428 [EventQueue-ContainerReportForContainerReportHandler] WARN  container.ContainerReportHandler (AbstractContainerReportHandler.java:updateContainerState(145)) - Container #1 is in OPEN state, but the datanode e3697062-c193-48d1-b15e-d6b6b4dc6638{ip: 192.168.157.194, host: pr-hdds-1868-g97gg-2149769003, networkLocation: /default-rack, certSerialId: null} reports an CLOSED replica.
2019-10-17 01:10:10,538 [EventQueue-ContainerReportForContainerReportHandler] WARN  container.ContainerReportHandler (AbstractContainerReportHandler.java:updateContainerState(145)) - Container #1 is in OPEN state, but the datanode a10aa3ca-3ab2-4d87-9bc7-0d045ec2b4ce{ip: 192.168.157.194, host: pr-hdds-1868-g97gg-2149769003, networkLocation: /default-rack, certSerialId: null} reports an CLOSED replica.
2019-10-17 01:10:10,628 [EventQueue-ContainerReportForContainerReportHandler] WARN  container.ContainerReportHandler (AbstractContainerReportHandler.java:updateContainerState(145)) - Container #1 is in OPEN state, but the datanode e3697062-c193-48d1-b15e-d6b6b4dc6638{ip: 192.168.157.194, host: pr-hdds-1868-g97gg-2149769003, networkLocation: /default-rack, certSerialId: null} reports an CLOSED replica.
2019-10-17 01:10:10,938 [EventQueue-ContainerReportForContainerReportHandler] WARN  container.ContainerReportHandler (AbstractContainerReportHandler.java:updateContainerState(145)) - Container #1 is in OPEN state, but the datanode a10aa3ca-3ab2-4d87-9bc7-0d045ec2b4ce{ip: 192.168.157.194, host: pr-hdds-1868-g97gg-2149769003, networkLocation: /default-rack, certSerialId: null} reports an CLOSED replica.
2019-10-17 01:10:11,029 [EventQueue-ContainerReportForContainerReportHandler] WARN  container.ContainerReportHandler (AbstractContainerReportHandler.java:updateContainerState(145)) - Container #1 is in OPEN state, but the datanode e3697062-c193-48d1-b15e-d6b6b4dc6638{ip: 192.168.157.194, host: pr-hdds-1868-g97gg-2149769003, networkLocation: /default-rack, certSerialId: null} reports an CLOSED replica.
2019-10-17 01:10:11,138 [EventQueue-ContainerReportForContainerReportHandler] WARN  container.ContainerReportHandler (AbstractContainerReportHandler.java:updateContainerState(145)) - Container #1 is in OPEN state, but the datanode a10aa3ca-3ab2-4d87-9bc7-0d045ec2b4ce{ip: 192.168.157.194, host: pr-hdds-1868-g97gg-2149769003, networkLocation: /default-rack, certSerialId: null} reports an CLOSED replica.
2019-10-17 01:10:11,263 [BlockDeletingService#2] WARN  background.BlockDeletingService (BlockDeletingService.java:isDeletionAllowed(187)) - Close Container log Index 6 is not replicated across allthe servers in the pipeline 968e2a2f-54bd-4eee-95a8-bd7a3b63c209 as the min replicated index is 4. Deletion is not allowed in this container yet.
2019-10-17 01:10:11,263 [BlockDeletingService#2] WARN  background.BlockDeletingService (BlockDeletingService.java:isDeletionAllowed(187)) - Close Container log Index 6 is not replicated across allthe servers in the pipeline 968e2a2f-54bd-4eee-95a8-bd7a3b63c209 as the min replicated index is 4. Deletion is not allowed in this container yet.
2019-10-17 01:10:11,429 [EventQueue-ContainerReportForContainerReportHandler] WARN  container.ContainerReportHandler (AbstractContainerReportHandler.java:updateContainerState(145)) - Container #1 is in OPEN state, but the datanode e3697062-c193-48d1-b15e-d6b6b4dc6638{ip: 192.168.157.194, host: pr-hdds-1868-g97gg-2149769003, networkLocation: /default-rack, certSerialId: null} reports an CLOSED replica.
2019-10-17 01:10:11,539 [EventQueue-ContainerReportForContainerReportHandler] WARN  container.ContainerReportHandler (AbstractContainerReportHandler.java:updateContainerState(145)) - Container #1 is in OPEN state, but the datanode a10aa3ca-3ab2-4d87-9bc7-0d045ec2b4ce{ip: 192.168.157.194, host: pr-hdds-1868-g97gg-2149769003, networkLocation: /default-rack, certSerialId: null} reports an CLOSED replica.
2019-10-17 01:10:11,729 [EventQueue-ContainerReportForContainerReportHandler] WARN  container.ContainerReportHandler (AbstractContainerReportHandler.java:updateContainerState(145)) - Container #1 is in OPEN state, but the datanode e3697062-c193-48d1-b15e-d6b6b4dc6638{ip: 192.168.157.194, host: pr-hdds-1868-g97gg-2149769003, networkLocation: /default-rack, certSerialId: null} reports an CLOSED replica.
2019-10-17 01:10:11,739 [EventQueue-ContainerReportForContainerReportHandler] WARN  container.ContainerReportHandler (AbstractContainerReportHandler.java:updateContainerState(145)) - Container #1 is in OPEN state, but the datanode a10aa3ca-3ab2-4d87-9bc7-0d045ec2b4ce{ip: 192.168.157.194, host: pr-hdds-1868-g97gg-2149769003, networkLocation: /default-rack, certSerialId: null} reports an CLOSED replica.
2019-10-17 01:10:12,029 [EventQueue-ContainerReportForContainerReportHandler] WARN  container.ContainerReportHandler (AbstractContainerReportHandler.java:updateContainerState(145)) - Container #1 is in OPEN state, but the datanode e3697062-c193-48d1-b15e-d6b6b4dc6638{ip: 192.168.157.194, host: pr-hdds-1868-g97gg-2149769003, networkLocation: /default-rack, certSerialId: null} reports an CLOSED replica.
2019-10-17 01:10:12,039 [EventQueue-ContainerReportForContainerReportHandler] WARN  container.ContainerReportHandler (AbstractContainerReportHandler.java:updateContainerState(145)) - Container #1 is in OPEN state, but the datanode a10aa3ca-3ab2-4d87-9bc7-0d045ec2b4ce{ip: 192.168.157.194, host: pr-hdds-1868-g97gg-2149769003, networkLocation: /default-rack, certSerialId: null} reports an CLOSED replica.
2019-10-17 01:10:12,203 [java.util.concurrent.ThreadPoolExecutor$Worker@709a6842[State = -1, empty queue]] WARN  server.GrpcLogAppender (GrpcLogAppender.java:timeoutAppendRequest(209)) - e3697062-c193-48d1-b15e-d6b6b4dc6638@group-BD7A3B63C209->ee6ff355-4f2c-4ff1-aa68-7ca64f6b5439-GrpcLogAppender: appendEntries Timeout, request=e3697062-c193-48d1-b15e-d6b6b4dc6638->ee6ff355-4f2c-4ff1-aa68-7ca64f6b5439#45-t3, previous=(t:3, i:10), leaderCommit=10, initializing? false, entries: <empty>
2019-10-17 01:10:12,264 [BlockDeletingService#2] WARN  background.BlockDeletingService (BlockDeletingService.java:isDeletionAllowed(187)) - Close Container log Index 6 is not replicated across allthe servers in the pipeline 968e2a2f-54bd-4eee-95a8-bd7a3b63c209 as the min replicated index is 4. Deletion is not allowed in this container yet.
2019-10-17 01:10:12,264 [BlockDeletingService#2] WARN  background.BlockDeletingService (BlockDeletingService.java:isDeletionAllowed(187)) - Close Container log Index 6 is not replicated across allthe servers in the pipeline 968e2a2f-54bd-4eee-95a8-bd7a3b63c209 as the min replicated index is 4. Deletion is not allowed in this container yet.
2019-10-17 01:10:12,329 [EventQueue-ContainerReportForContainerReportHandler] WARN  container.ContainerReportHandler (AbstractContainerReportHandler.java:updateContainerState(145)) - Container #1 is in OPEN state, but the datanode e3697062-c193-48d1-b15e-d6b6b4dc6638{ip: 192.168.157.194, host: pr-hdds-1868-g97gg-2149769003, networkLocation: /default-rack, certSerialId: null} reports an CLOSED replica.
2019-10-17 01:10:12,440 [EventQueue-ContainerReportForContainerReportHandler] WARN  container.ContainerReportHandler (AbstractContainerReportHandler.java:updateContainerState(145)) - Container #1 is in OPEN state, but the datanode a10aa3ca-3ab2-4d87-9bc7-0d045ec2b4ce{ip: 192.168.157.194, host: pr-hdds-1868-g97gg-2149769003, networkLocation: /default-rack, certSerialId: null} reports an CLOSED replica.
2019-10-17 01:10:12,629 [EventQueue-ContainerReportForContainerReportHandler] WARN  container.ContainerReportHandler (AbstractContainerReportHandler.java:updateContainerState(145)) - Container #1 is in OPEN state, but the datanode e3697062-c193-48d1-b15e-d6b6b4dc6638{ip: 192.168.157.194, host: pr-hdds-1868-g97gg-2149769003, networkLocation: /default-rack, certSerialId: null} reports an CLOSED replica.
2019-10-17 01:10:12,740 [EventQueue-ContainerReportForContainerReportHandler] WARN  container.ContainerReportHandler (AbstractContainerReportHandler.java:updateContainerState(145)) - Container #1 is in OPEN state, but the datanode a10aa3ca-3ab2-4d87-9bc7-0d045ec2b4ce{ip: 192.168.157.194, host: pr-hdds-1868-g97gg-2149769003, networkLocation: /default-rack, certSerialId: null} reports an CLOSED replica.
2019-10-17 01:10:12,929 [EventQueue-ContainerReportForContainerReportHandler] WARN  container.ContainerReportHandler (AbstractContainerReportHandler.java:updateContainerState(145)) - Container #1 is in OPEN state, but the datanode e3697062-c193-48d1-b15e-d6b6b4dc6638{ip: 192.168.157.194, host: pr-hdds-1868-g97gg-2149769003, networkLocation: /default-rack, certSerialId: null} reports an CLOSED replica.
2019-10-17 01:10:13,140 [EventQueue-ContainerReportForContainerReportHandler] WARN  container.ContainerReportHandler (AbstractContainerReportHandler.java:updateContainerState(145)) - Container #1 is in OPEN state, but the datanode a10aa3ca-3ab2-4d87-9bc7-0d045ec2b4ce{ip: 192.168.157.194, host: pr-hdds-1868-g97gg-2149769003, networkLocation: /default-rack, certSerialId: null} reports an CLOSED replica.
2019-10-17 01:10:13,229 [EventQueue-ContainerReportForContainerReportHandler] WARN  container.ContainerReportHandler (AbstractContainerReportHandler.java:updateContainerState(145)) - Container #1 is in OPEN state, but the datanode e3697062-c193-48d1-b15e-d6b6b4dc6638{ip: 192.168.157.194, host: pr-hdds-1868-g97gg-2149769003, networkLocation: /default-rack, certSerialId: null} reports an CLOSED replica.
2019-10-17 01:10:13,265 [BlockDeletingService#2] WARN  background.BlockDeletingService (BlockDeletingService.java:isDeletionAllowed(187)) - Close Container log Index 6 is not replicated across allthe servers in the pipeline 968e2a2f-54bd-4eee-95a8-bd7a3b63c209 as the min replicated index is 4. Deletion is not allowed in this container yet.
2019-10-17 01:10:13,265 [BlockDeletingService#2] WARN  background.BlockDeletingService (BlockDeletingService.java:isDeletionAllowed(187)) - Close Container log Index 6 is not replicated across allthe servers in the pipeline 968e2a2f-54bd-4eee-95a8-bd7a3b63c209 as the min replicated index is 4. Deletion is not allowed in this container yet.
2019-10-17 01:10:13,340 [EventQueue-ContainerReportForContainerReportHandler] WARN  container.ContainerReportHandler (AbstractContainerReportHandler.java:updateContainerState(145)) - Container #1 is in OPEN state, but the datanode a10aa3ca-3ab2-4d87-9bc7-0d045ec2b4ce{ip: 192.168.157.194, host: pr-hdds-1868-g97gg-2149769003, networkLocation: /default-rack, certSerialId: null} reports an CLOSED replica.
2019-10-17 01:10:13,529 [EventQueue-ContainerReportForContainerReportHandler] WARN  container.ContainerReportHandler (AbstractContainerReportHandler.java:updateContainerState(145)) - Container #1 is in OPEN state, but the datanode e3697062-c193-48d1-b15e-d6b6b4dc6638{ip: 192.168.157.194, host: pr-hdds-1868-g97gg-2149769003, networkLocation: /default-rack, certSerialId: null} reports an CLOSED replica.
2019-10-17 01:10:13,641 [EventQueue-ContainerReportForContainerReportHandler] WARN  container.ContainerReportHandler (AbstractContainerReportHandler.java:updateContainerState(145)) - Container #1 is in OPEN state, but the datanode a10aa3ca-3ab2-4d87-9bc7-0d045ec2b4ce{ip: 192.168.157.194, host: pr-hdds-1868-g97gg-2149769003, networkLocation: /default-rack, certSerialId: null} reports an CLOSED replica.
2019-10-17 01:10:13,829 [EventQueue-ContainerReportForContainerReportHandler] WARN  container.ContainerReportHandler (AbstractContainerReportHandler.java:updateContainerState(145)) - Container #1 is in OPEN state, but the datanode e3697062-c193-48d1-b15e-d6b6b4dc6638{ip: 192.168.157.194, host: pr-hdds-1868-g97gg-2149769003, networkLocation: /default-rack, certSerialId: null} reports an CLOSED replica.
2019-10-17 01:10:13,941 [EventQueue-ContainerReportForContainerReportHandler] WARN  container.ContainerReportHandler (AbstractContainerReportHandler.java:updateContainerState(145)) - Container #1 is in OPEN state, but the datanode a10aa3ca-3ab2-4d87-9bc7-0d045ec2b4ce{ip: 192.168.157.194, host: pr-hdds-1868-g97gg-2149769003, networkLocation: /default-rack, certSerialId: null} reports an CLOSED replica.
2019-10-17 01:10:14,029 [EventQueue-ContainerReportForContainerReportHandler] WARN  container.ContainerReportHandler (AbstractContainerReportHandler.java:updateContainerState(145)) - Container #1 is in OPEN state, but the datanode e3697062-c193-48d1-b15e-d6b6b4dc6638{ip: 192.168.157.194, host: pr-hdds-1868-g97gg-2149769003, networkLocation: /default-rack, certSerialId: null} reports an CLOSED replica.
2019-10-17 01:10:14,241 [EventQueue-ContainerReportForContainerReportHandler] WARN  container.ContainerReportHandler (AbstractContainerReportHandler.java:updateContainerState(145)) - Container #1 is in OPEN state, but the datanode a10aa3ca-3ab2-4d87-9bc7-0d045ec2b4ce{ip: 192.168.157.194, host: pr-hdds-1868-g97gg-2149769003, networkLocation: /default-rack, certSerialId: null} reports an CLOSED replica.
2019-10-17 01:10:14,267 [BlockDeletingService#2] WARN  background.BlockDeletingService (BlockDeletingService.java:isDeletionAllowed(187)) - Close Container log Index 6 is not replicated across allthe servers in the pipeline 968e2a2f-54bd-4eee-95a8-bd7a3b63c209 as the min replicated index is 4. Deletion is not allowed in this container yet.
2019-10-17 01:10:14,267 [BlockDeletingService#2] WARN  background.BlockDeletingService (BlockDeletingService.java:isDeletionAllowed(187)) - Close Container log Index 6 is not replicated across allthe servers in the pipeline 968e2a2f-54bd-4eee-95a8-bd7a3b63c209 as the min replicated index is 4. Deletion is not allowed in this container yet.
2019-10-17 01:10:14,330 [EventQueue-ContainerReportForContainerReportHandler] WARN  container.ContainerReportHandler (AbstractContainerReportHandler.java:updateContainerState(145)) - Container #1 is in OPEN state, but the datanode e3697062-c193-48d1-b15e-d6b6b4dc6638{ip: 192.168.157.194, host: pr-hdds-1868-g97gg-2149769003, networkLocation: /default-rack, certSerialId: null} reports an CLOSED replica.
2019-10-17 01:10:14,390 [Thread-486] INFO  client.GrpcClientProtocolService (GrpcClientProtocolService.java:lambda$processClientRequest$0(278)) - Failed RaftClientRequest:client-B379F03C97AF->a10aa3ca-3ab2-4d87-9bc7-0d045ec2b4ce@group-BD7A3B63C209, cid=10, seq=0, Watch-ALL_COMMITTED(6), Message:<EMPTY>, reply=RaftClientReply:client-B379F03C97AF->a10aa3ca-3ab2-4d87-9bc7-0d045ec2b4ce@group-BD7A3B63C209, cid=10, FAILED org.apache.ratis.protocol.NotLeaderException: Server a10aa3ca-3ab2-4d87-9bc7-0d045ec2b4ce@group-BD7A3B63C209 is not the leader e3697062-c193-48d1-b15e-d6b6b4dc6638:192.168.157.194:40986, logIndex=0, commits[a10aa3ca-3ab2-4d87-9bc7-0d045ec2b4ce:c10, ee6ff355-4f2c-4ff1-aa68-7ca64f6b5439:c4, e3697062-c193-48d1-b15e-d6b6b4dc6638:c10]
2019-10-17 01:10:14,541 [EventQueue-ContainerReportForContainerReportHandler] WARN  container.ContainerReportHandler (AbstractContainerReportHandler.java:updateContainerState(145)) - Container #1 is in OPEN state, but the datanode a10aa3ca-3ab2-4d87-9bc7-0d045ec2b4ce{ip: 192.168.157.194, host: pr-hdds-1868-g97gg-2149769003, networkLocation: /default-rack, certSerialId: null} reports an CLOSED replica.
2019-10-17 01:10:14,631 [EventQueue-ContainerReportForContainerReportHandler] WARN  container.ContainerReportHandler (AbstractContainerReportHandler.java:updateContainerState(145)) - Container #1 is in OPEN state, but the datanode e3697062-c193-48d1-b15e-d6b6b4dc6638{ip: 192.168.157.194, host: pr-hdds-1868-g97gg-2149769003, networkLocation: /default-rack, certSerialId: null} reports an CLOSED replica.
2019-10-17 01:10:14,704 [java.util.concurrent.ThreadPoolExecutor$Worker@709a6842[State = -1, empty queue]] WARN  server.GrpcLogAppender (GrpcLogAppender.java:timeoutAppendRequest(209)) - e3697062-c193-48d1-b15e-d6b6b4dc6638@group-BD7A3B63C209->ee6ff355-4f2c-4ff1-aa68-7ca64f6b5439-GrpcLogAppender: appendEntries Timeout, request=e3697062-c193-48d1-b15e-d6b6b4dc6638->ee6ff355-4f2c-4ff1-aa68-7ca64f6b5439#46-t3, previous=(t:3, i:10), leaderCommit=10, initializing? false, entries: <empty>
2019-10-17 01:10:14,831 [EventQueue-ContainerReportForContainerReportHandler] WARN  container.ContainerReportHandler (AbstractContainerReportHandler.java:updateContainerState(145)) - Container #1 is in OPEN state, but the datanode e3697062-c193-48d1-b15e-d6b6b4dc6638{ip: 192.168.157.194, host: pr-hdds-1868-g97gg-2149769003, networkLocation: /default-rack, certSerialId: null} reports an CLOSED replica.
2019-10-17 01:10:14,843 [EventQueue-ContainerReportForContainerReportHandler] WARN  container.ContainerReportHandler (AbstractContainerReportHandler.java:updateContainerState(145)) - Container #1 is in OPEN state, but the datanode a10aa3ca-3ab2-4d87-9bc7-0d045ec2b4ce{ip: 192.168.157.194, host: pr-hdds-1868-g97gg-2149769003, networkLocation: /default-rack, certSerialId: null} reports an CLOSED replica.
2019-10-17 01:10:15,042 [EventQueue-ContainerReportForContainerReportHandler] WARN  container.ContainerReportHandler (AbstractContainerReportHandler.java:updateContainerState(145)) - Container #1 is in OPEN state, but the datanode a10aa3ca-3ab2-4d87-9bc7-0d045ec2b4ce{ip: 192.168.157.194, host: pr-hdds-1868-g97gg-2149769003, networkLocation: /default-rack, certSerialId: null} reports an CLOSED replica.
2019-10-17 01:10:15,131 [EventQueue-ContainerReportForContainerReportHandler] WARN  container.ContainerReportHandler (AbstractContainerReportHandler.java:updateContainerState(145)) - Container #1 is in OPEN state, but the datanode e3697062-c193-48d1-b15e-d6b6b4dc6638{ip: 192.168.157.194, host: pr-hdds-1868-g97gg-2149769003, networkLocation: /default-rack, certSerialId: null} reports an CLOSED replica.
2019-10-17 01:10:15,268 [BlockDeletingService#2] WARN  background.BlockDeletingService (BlockDeletingService.java:isDeletionAllowed(187)) - Close Container log Index 6 is not replicated across allthe servers in the pipeline 968e2a2f-54bd-4eee-95a8-bd7a3b63c209 as the min replicated index is 4. Deletion is not allowed in this container yet.
2019-10-17 01:10:15,268 [BlockDeletingService#2] WARN  background.BlockDeletingService (BlockDeletingService.java:isDeletionAllowed(187)) - Close Container log Index 6 is not replicated across allthe servers in the pipeline 968e2a2f-54bd-4eee-95a8-bd7a3b63c209 as the min replicated index is 4. Deletion is not allowed in this container yet.
2019-10-17 01:10:15,431 [EventQueue-ContainerReportForContainerReportHandler] WARN  container.ContainerReportHandler (AbstractContainerReportHandler.java:updateContainerState(145)) - Container #1 is in OPEN state, but the datanode e3697062-c193-48d1-b15e-d6b6b4dc6638{ip: 192.168.157.194, host: pr-hdds-1868-g97gg-2149769003, networkLocation: /default-rack, certSerialId: null} reports an CLOSED replica.
2019-10-17 01:10:15,442 [EventQueue-ContainerReportForContainerReportHandler] WARN  container.ContainerReportHandler (AbstractContainerReportHandler.java:updateContainerState(145)) - Container #1 is in OPEN state, but the datanode a10aa3ca-3ab2-4d87-9bc7-0d045ec2b4ce{ip: 192.168.157.194, host: pr-hdds-1868-g97gg-2149769003, networkLocation: /default-rack, certSerialId: null} reports an CLOSED replica.
2019-10-17 01:10:15,584 [Thread-491] INFO  client.GrpcClientProtocolService (GrpcClientProtocolService.java:lambda$processClientRequest$0(278)) - Failed RaftClientRequest:client-B379F03C97AF->e3697062-c193-48d1-b15e-d6b6b4dc6638@group-BD7A3B63C209, cid=10, seq=0, Watch-ALL_COMMITTED(6), Message:<EMPTY>, reply=RaftClientReply:client-B379F03C97AF->e3697062-c193-48d1-b15e-d6b6b4dc6638@group-BD7A3B63C209, cid=10, FAILED org.apache.ratis.protocol.NotReplicatedException: Request with call Id 10 and log index 6 is not yet replicated to ALL_COMMITTED, logIndex=6, commits[e3697062-c193-48d1-b15e-d6b6b4dc6638:c10, ee6ff355-4f2c-4ff1-aa68-7ca64f6b5439:c4, a10aa3ca-3ab2-4d87-9bc7-0d045ec2b4ce:c10]
2019-10-17 01:10:15,631 [EventQueue-ContainerReportForContainerReportHandler] WARN  container.ContainerReportHandler (AbstractContainerReportHandler.java:updateContainerState(145)) - Container #1 is in OPEN state, but the datanode e3697062-c193-48d1-b15e-d6b6b4dc6638{ip: 192.168.157.194, host: pr-hdds-1868-g97gg-2149769003, networkLocation: /default-rack, certSerialId: null} reports an CLOSED replica.
2019-10-17 01:10:15,742 [EventQueue-ContainerReportForContainerReportHandler] WARN  container.ContainerReportHandler (AbstractContainerReportHandler.java:updateContainerState(145)) - Container #1 is in OPEN state, but the datanode a10aa3ca-3ab2-4d87-9bc7-0d045ec2b4ce{ip: 192.168.157.194, host: pr-hdds-1868-g97gg-2149769003, networkLocation: /default-rack, certSerialId: null} reports an CLOSED replica.
2019-10-17 01:10:15,831 [EventQueue-ContainerReportForContainerReportHandler] WARN  container.ContainerReportHandler (AbstractContainerReportHandler.java:updateContainerState(145)) - Container #1 is in OPEN state, but the datanode e3697062-c193-48d1-b15e-d6b6b4dc6638{ip: 192.168.157.194, host: pr-hdds-1868-g97gg-2149769003, networkLocation: /default-rack, certSerialId: null} reports an CLOSED replica.
2019-10-17 01:10:16,042 [EventQueue-ContainerReportForContainerReportHandler] WARN  container.ContainerReportHandler (AbstractContainerReportHandler.java:updateContainerState(145)) - Container #1 is in OPEN state, but the datanode a10aa3ca-3ab2-4d87-9bc7-0d045ec2b4ce{ip: 192.168.157.194, host: pr-hdds-1868-g97gg-2149769003, networkLocation: /default-rack, certSerialId: null} reports an CLOSED replica.
2019-10-17 01:10:16,131 [EventQueue-ContainerReportForContainerReportHandler] WARN  container.ContainerReportHandler (AbstractContainerReportHandler.java:updateContainerState(145)) - Container #1 is in OPEN state, but the datanode e3697062-c193-48d1-b15e-d6b6b4dc6638{ip: 192.168.157.194, host: pr-hdds-1868-g97gg-2149769003, networkLocation: /default-rack, certSerialId: null} reports an CLOSED replica.
2019-10-17 01:10:16,270 [BlockDeletingService#2] WARN  background.BlockDeletingService (BlockDeletingService.java:isDeletionAllowed(187)) - Close Container log Index 6 is not replicated across allthe servers in the pipeline 968e2a2f-54bd-4eee-95a8-bd7a3b63c209 as the min replicated index is 4. Deletion is not allowed in this container yet.
2019-10-17 01:10:16,270 [BlockDeletingService#2] WARN  background.BlockDeletingService (BlockDeletingService.java:isDeletionAllowed(187)) - Close Container log Index 6 is not replicated across allthe servers in the pipeline 968e2a2f-54bd-4eee-95a8-bd7a3b63c209 as the min replicated index is 4. Deletion is not allowed in this container yet.
2019-10-17 01:10:16,331 [EventQueue-ContainerReportForContainerReportHandler] WARN  container.ContainerReportHandler (AbstractContainerReportHandler.java:updateContainerState(145)) - Container #1 is in OPEN state, but the datanode e3697062-c193-48d1-b15e-d6b6b4dc6638{ip: 192.168.157.194, host: pr-hdds-1868-g97gg-2149769003, networkLocation: /default-rack, certSerialId: null} reports an CLOSED replica.
2019-10-17 01:10:16,343 [EventQueue-ContainerReportForContainerReportHandler] WARN  container.ContainerReportHandler (AbstractContainerReportHandler.java:updateContainerState(145)) - Container #1 is in OPEN state, but the datanode a10aa3ca-3ab2-4d87-9bc7-0d045ec2b4ce{ip: 192.168.157.194, host: pr-hdds-1868-g97gg-2149769003, networkLocation: /default-rack, certSerialId: null} reports an CLOSED replica.
2019-10-17 01:10:16,631 [EventQueue-ContainerReportForContainerReportHandler] WARN  container.ContainerReportHandler (AbstractContainerReportHandler.java:updateContainerState(145)) - Container #1 is in OPEN state, but the datanode e3697062-c193-48d1-b15e-d6b6b4dc6638{ip: 192.168.157.194, host: pr-hdds-1868-g97gg-2149769003, networkLocation: /default-rack, certSerialId: null} reports an CLOSED replica.
2019-10-17 01:10:16,643 [EventQueue-ContainerReportForContainerReportHandler] WARN  container.ContainerReportHandler (AbstractContainerReportHandler.java:updateContainerState(145)) - Container #1 is in OPEN state, but the datanode a10aa3ca-3ab2-4d87-9bc7-0d045ec2b4ce{ip: 192.168.157.194, host: pr-hdds-1868-g97gg-2149769003, networkLocation: /default-rack, certSerialId: null} reports an CLOSED replica.
2019-10-17 01:10:16,831 [EventQueue-ContainerReportForContainerReportHandler] WARN  container.ContainerReportHandler (AbstractContainerReportHandler.java:updateContainerState(145)) - Container #1 is in OPEN state, but the datanode e3697062-c193-48d1-b15e-d6b6b4dc6638{ip: 192.168.157.194, host: pr-hdds-1868-g97gg-2149769003, networkLocation: /default-rack, certSerialId: null} reports an CLOSED replica.
2019-10-17 01:10:17,043 [EventQueue-ContainerReportForContainerReportHandler] WARN  container.ContainerReportHandler (AbstractContainerReportHandler.java:updateContainerState(145)) - Container #1 is in OPEN state, but the datanode a10aa3ca-3ab2-4d87-9bc7-0d045ec2b4ce{ip: 192.168.157.194, host: pr-hdds-1868-g97gg-2149769003, networkLocation: /default-rack, certSerialId: null} reports an CLOSED replica.
2019-10-17 01:10:17,132 [EventQueue-ContainerReportForContainerReportHandler] WARN  container.ContainerReportHandler (AbstractContainerReportHandler.java:updateContainerState(145)) - Container #1 is in OPEN state, but the datanode e3697062-c193-48d1-b15e-d6b6b4dc6638{ip: 192.168.157.194, host: pr-hdds-1868-g97gg-2149769003, networkLocation: /default-rack, certSerialId: null} reports an CLOSED replica.
2019-10-17 01:10:17,205 [java.util.concurrent.ThreadPoolExecutor$Worker@709a6842[State = -1, empty queue]] WARN  server.GrpcLogAppender (GrpcLogAppender.java:timeoutAppendRequest(209)) - e3697062-c193-48d1-b15e-d6b6b4dc6638@group-BD7A3B63C209->ee6ff355-4f2c-4ff1-aa68-7ca64f6b5439-GrpcLogAppender: appendEntries Timeout, request=e3697062-c193-48d1-b15e-d6b6b4dc6638->ee6ff355-4f2c-4ff1-aa68-7ca64f6b5439#47-t3, previous=(t:3, i:10), leaderCommit=10, initializing? false, entries: <empty>
2019-10-17 01:10:17,244 [EventQueue-ContainerReportForContainerReportHandler] WARN  container.ContainerReportHandler (AbstractContainerReportHandler.java:updateContainerState(145)) - Container #1 is in OPEN state, but the datanode a10aa3ca-3ab2-4d87-9bc7-0d045ec2b4ce{ip: 192.168.157.194, host: pr-hdds-1868-g97gg-2149769003, networkLocation: /default-rack, certSerialId: null} reports an CLOSED replica.
2019-10-17 01:10:17,272 [BlockDeletingService#2] WARN  background.BlockDeletingService (BlockDeletingService.java:isDeletionAllowed(187)) - Close Container log Index 6 is not replicated across allthe servers in the pipeline 968e2a2f-54bd-4eee-95a8-bd7a3b63c209 as the min replicated index is 4. Deletion is not allowed in this container yet.
2019-10-17 01:10:17,273 [BlockDeletingService#2] WARN  background.BlockDeletingService (BlockDeletingService.java:isDeletionAllowed(187)) - Close Container log Index 6 is not replicated across allthe servers in the pipeline 968e2a2f-54bd-4eee-95a8-bd7a3b63c209 as the min replicated index is 4. Deletion is not allowed in this container yet.
2019-10-17 01:10:17,531 [EventQueue-ContainerReportForContainerReportHandler] WARN  container.ContainerReportHandler (AbstractContainerReportHandler.java:updateContainerState(145)) - Container #1 is in OPEN state, but the datanode e3697062-c193-48d1-b15e-d6b6b4dc6638{ip: 192.168.157.194, host: pr-hdds-1868-g97gg-2149769003, networkLocation: /default-rack, certSerialId: null} reports an CLOSED replica.
2019-10-17 01:10:17,644 [EventQueue-ContainerReportForContainerReportHandler] WARN  container.ContainerReportHandler (AbstractContainerReportHandler.java:updateContainerState(145)) - Container #1 is in OPEN state, but the datanode a10aa3ca-3ab2-4d87-9bc7-0d045ec2b4ce{ip: 192.168.157.194, host: pr-hdds-1868-g97gg-2149769003, networkLocation: /default-rack, certSerialId: null} reports an CLOSED replica.
2019-10-17 01:10:17,831 [EventQueue-ContainerReportForContainerReportHandler] WARN  container.ContainerReportHandler (AbstractContainerReportHandler.java:updateContainerState(145)) - Container #1 is in OPEN state, but the datanode e3697062-c193-48d1-b15e-d6b6b4dc6638{ip: 192.168.157.194, host: pr-hdds-1868-g97gg-2149769003, networkLocation: /default-rack, certSerialId: null} reports an CLOSED replica.
2019-10-17 01:10:17,944 [EventQueue-ContainerReportForContainerReportHandler] WARN  container.ContainerReportHandler (AbstractContainerReportHandler.java:updateContainerState(145)) - Container #1 is in OPEN state, but the datanode a10aa3ca-3ab2-4d87-9bc7-0d045ec2b4ce{ip: 192.168.157.194, host: pr-hdds-1868-g97gg-2149769003, networkLocation: /default-rack, certSerialId: null} reports an CLOSED replica.
2019-10-17 01:10:18,131 [EventQueue-ContainerReportForContainerReportHandler] WARN  container.ContainerReportHandler (AbstractContainerReportHandler.java:updateContainerState(145)) - Container #1 is in OPEN state, but the datanode e3697062-c193-48d1-b15e-d6b6b4dc6638{ip: 192.168.157.194, host: pr-hdds-1868-g97gg-2149769003, networkLocation: /default-rack, certSerialId: null} reports an CLOSED replica.
2019-10-17 01:10:18,244 [EventQueue-ContainerReportForContainerReportHandler] WARN  container.ContainerReportHandler (AbstractContainerReportHandler.java:updateContainerState(145)) - Container #1 is in OPEN state, but the datanode a10aa3ca-3ab2-4d87-9bc7-0d045ec2b4ce{ip: 192.168.157.194, host: pr-hdds-1868-g97gg-2149769003, networkLocation: /default-rack, certSerialId: null} reports an CLOSED replica.
2019-10-17 01:10:18,274 [BlockDeletingService#2] WARN  background.BlockDeletingService (BlockDeletingService.java:isDeletionAllowed(187)) - Close Container log Index 6 is not replicated across allthe servers in the pipeline 968e2a2f-54bd-4eee-95a8-bd7a3b63c209 as the min replicated index is 4. Deletion is not allowed in this container yet.
2019-10-17 01:10:18,274 [BlockDeletingService#2] WARN  background.BlockDeletingService (BlockDeletingService.java:isDeletionAllowed(187)) - Close Container log Index 6 is not replicated across allthe servers in the pipeline 968e2a2f-54bd-4eee-95a8-bd7a3b63c209 as the min replicated index is 4. Deletion is not allowed in this container yet.
2019-10-17 01:10:18,431 [EventQueue-ContainerReportForContainerReportHandler] WARN  container.ContainerReportHandler (AbstractContainerReportHandler.java:updateContainerState(145)) - Container #1 is in OPEN state, but the datanode e3697062-c193-48d1-b15e-d6b6b4dc6638{ip: 192.168.157.194, host: pr-hdds-1868-g97gg-2149769003, networkLocation: /default-rack, certSerialId: null} reports an CLOSED replica.
2019-10-17 01:10:18,644 [EventQueue-ContainerReportForContainerReportHandler] WARN  container.ContainerReportHandler (AbstractContainerReportHandler.java:updateContainerState(145)) - Container #1 is in OPEN state, but the datanode a10aa3ca-3ab2-4d87-9bc7-0d045ec2b4ce{ip: 192.168.157.194, host: pr-hdds-1868-g97gg-2149769003, networkLocation: /default-rack, certSerialId: null} reports an CLOSED replica.
2019-10-17 01:10:18,832 [EventQueue-ContainerReportForContainerReportHandler] WARN  container.ContainerReportHandler (AbstractContainerReportHandler.java:updateContainerState(145)) - Container #1 is in OPEN state, but the datanode e3697062-c193-48d1-b15e-d6b6b4dc6638{ip: 192.168.157.194, host: pr-hdds-1868-g97gg-2149769003, networkLocation: /default-rack, certSerialId: null} reports an CLOSED replica.
2019-10-17 01:10:18,844 [EventQueue-ContainerReportForContainerReportHandler] WARN  container.ContainerReportHandler (AbstractContainerReportHandler.java:updateContainerState(145)) - Container #1 is in OPEN state, but the datanode a10aa3ca-3ab2-4d87-9bc7-0d045ec2b4ce{ip: 192.168.157.194, host: pr-hdds-1868-g97gg-2149769003, networkLocation: /default-rack, certSerialId: null} reports an CLOSED replica.
2019-10-17 01:10:19,132 [EventQueue-ContainerReportForContainerReportHandler] WARN  container.ContainerReportHandler (AbstractContainerReportHandler.java:updateContainerState(145)) - Container #1 is in OPEN state, but the datanode e3697062-c193-48d1-b15e-d6b6b4dc6638{ip: 192.168.157.194, host: pr-hdds-1868-g97gg-2149769003, networkLocation: /default-rack, certSerialId: null} reports an CLOSED replica.
2019-10-17 01:10:19,245 [EventQueue-ContainerReportForContainerReportHandler] WARN  container.ContainerReportHandler (AbstractContainerReportHandler.java:updateContainerState(145)) - Container #1 is in OPEN state, but the datanode a10aa3ca-3ab2-4d87-9bc7-0d045ec2b4ce{ip: 192.168.157.194, host: pr-hdds-1868-g97gg-2149769003, networkLocation: /default-rack, certSerialId: null} reports an CLOSED replica.
2019-10-17 01:10:19,276 [BlockDeletingService#2] WARN  background.BlockDeletingService (BlockDeletingService.java:isDeletionAllowed(187)) - Close Container log Index 6 is not replicated across allthe servers in the pipeline 968e2a2f-54bd-4eee-95a8-bd7a3b63c209 as the min replicated index is 4. Deletion is not allowed in this container yet.
2019-10-17 01:10:19,276 [BlockDeletingService#2] WARN  background.BlockDeletingService (BlockDeletingService.java:isDeletionAllowed(187)) - Close Container log Index 6 is not replicated across allthe servers in the pipeline 968e2a2f-54bd-4eee-95a8-bd7a3b63c209 as the min replicated index is 4. Deletion is not allowed in this container yet.
2019-10-17 01:10:19,432 [EventQueue-ContainerReportForContainerReportHandler] WARN  container.ContainerReportHandler (AbstractContainerReportHandler.java:updateContainerState(145)) - Container #1 is in OPEN state, but the datanode e3697062-c193-48d1-b15e-d6b6b4dc6638{ip: 192.168.157.194, host: pr-hdds-1868-g97gg-2149769003, networkLocation: /default-rack, certSerialId: null} reports an CLOSED replica.
2019-10-17 01:10:19,445 [EventQueue-ContainerReportForContainerReportHandler] WARN  container.ContainerReportHandler (AbstractContainerReportHandler.java:updateContainerState(145)) - Container #1 is in OPEN state, but the datanode a10aa3ca-3ab2-4d87-9bc7-0d045ec2b4ce{ip: 192.168.157.194, host: pr-hdds-1868-g97gg-2149769003, networkLocation: /default-rack, certSerialId: null} reports an CLOSED replica.
2019-10-17 01:10:19,705 [java.util.concurrent.ThreadPoolExecutor$Worker@709a6842[State = -1, empty queue]] WARN  server.GrpcLogAppender (GrpcLogAppender.java:timeoutAppendRequest(209)) - e3697062-c193-48d1-b15e-d6b6b4dc6638@group-BD7A3B63C209->ee6ff355-4f2c-4ff1-aa68-7ca64f6b5439-GrpcLogAppender: appendEntries Timeout, request=e3697062-c193-48d1-b15e-d6b6b4dc6638->ee6ff355-4f2c-4ff1-aa68-7ca64f6b5439#48-t3, previous=(t:3, i:10), leaderCommit=10, initializing? false, entries: <empty>
2019-10-17 01:10:19,733 [EventQueue-ContainerReportForContainerReportHandler] WARN  container.ContainerReportHandler (AbstractContainerReportHandler.java:updateContainerState(145)) - Container #1 is in OPEN state, but the datanode e3697062-c193-48d1-b15e-d6b6b4dc6638{ip: 192.168.157.194, host: pr-hdds-1868-g97gg-2149769003, networkLocation: /default-rack, certSerialId: null} reports an CLOSED replica.
2019-10-17 01:10:19,846 [EventQueue-ContainerReportForContainerReportHandler] WARN  container.ContainerReportHandler (AbstractContainerReportHandler.java:updateContainerState(145)) - Container #1 is in OPEN state, but the datanode a10aa3ca-3ab2-4d87-9bc7-0d045ec2b4ce{ip: 192.168.157.194, host: pr-hdds-1868-g97gg-2149769003, networkLocation: /default-rack, certSerialId: null} reports an CLOSED replica.
2019-10-17 01:10:20,033 [EventQueue-ContainerReportForContainerReportHandler] WARN  container.ContainerReportHandler (AbstractContainerReportHandler.java:updateContainerState(145)) - Container #1 is in OPEN state, but the datanode e3697062-c193-48d1-b15e-d6b6b4dc6638{ip: 192.168.157.194, host: pr-hdds-1868-g97gg-2149769003, networkLocation: /default-rack, certSerialId: null} reports an CLOSED replica.
2019-10-17 01:10:20,047 [EventQueue-ContainerReportForContainerReportHandler] WARN  container.ContainerReportHandler (AbstractContainerReportHandler.java:updateContainerState(145)) - Container #1 is in OPEN state, but the datanode a10aa3ca-3ab2-4d87-9bc7-0d045ec2b4ce{ip: 192.168.157.194, host: pr-hdds-1868-g97gg-2149769003, networkLocation: /default-rack, certSerialId: null} reports an CLOSED replica.
2019-10-17 01:10:20,277 [BlockDeletingService#2] WARN  background.BlockDeletingService (BlockDeletingService.java:isDeletionAllowed(187)) - Close Container log Index 6 is not replicated across allthe servers in the pipeline 968e2a2f-54bd-4eee-95a8-bd7a3b63c209 as the min replicated index is 4. Deletion is not allowed in this container yet.
2019-10-17 01:10:20,277 [BlockDeletingService#2] WARN  background.BlockDeletingService (BlockDeletingService.java:isDeletionAllowed(187)) - Close Container log Index 6 is not replicated across allthe servers in the pipeline 968e2a2f-54bd-4eee-95a8-bd7a3b63c209 as the min replicated index is 4. Deletion is not allowed in this container yet.
2019-10-17 01:10:20,333 [EventQueue-ContainerReportForContainerReportHandler] WARN  container.ContainerReportHandler (AbstractContainerReportHandler.java:updateContainerState(145)) - Container #1 is in OPEN state, but the datanode e3697062-c193-48d1-b15e-d6b6b4dc6638{ip: 192.168.157.194, host: pr-hdds-1868-g97gg-2149769003, networkLocation: /default-rack, certSerialId: null} reports an CLOSED replica.
2019-10-17 01:10:20,447 [EventQueue-ContainerReportForContainerReportHandler] WARN  container.ContainerReportHandler (AbstractContainerReportHandler.java:updateContainerState(145)) - Container #1 is in OPEN state, but the datanode a10aa3ca-3ab2-4d87-9bc7-0d045ec2b4ce{ip: 192.168.157.194, host: pr-hdds-1868-g97gg-2149769003, networkLocation: /default-rack, certSerialId: null} reports an CLOSED replica.
2019-10-17 01:10:20,647 [EventQueue-ContainerReportForContainerReportHandler] WARN  container.ContainerReportHandler (AbstractContainerReportHandler.java:updateContainerState(145)) - Container #1 is in OPEN state, but the datanode a10aa3ca-3ab2-4d87-9bc7-0d045ec2b4ce{ip: 192.168.157.194, host: pr-hdds-1868-g97gg-2149769003, networkLocation: /default-rack, certSerialId: null} reports an CLOSED replica.
2019-10-17 01:10:20,733 [EventQueue-ContainerReportForContainerReportHandler] WARN  container.ContainerReportHandler (AbstractContainerReportHandler.java:updateContainerState(145)) - Container #1 is in OPEN state, but the datanode e3697062-c193-48d1-b15e-d6b6b4dc6638{ip: 192.168.157.194, host: pr-hdds-1868-g97gg-2149769003, networkLocation: /default-rack, certSerialId: null} reports an CLOSED replica.
2019-10-17 01:10:20,847 [EventQueue-ContainerReportForContainerReportHandler] WARN  container.ContainerReportHandler (AbstractContainerReportHandler.java:updateContainerState(145)) - Container #1 is in OPEN state, but the datanode a10aa3ca-3ab2-4d87-9bc7-0d045ec2b4ce{ip: 192.168.157.194, host: pr-hdds-1868-g97gg-2149769003, networkLocation: /default-rack, certSerialId: null} reports an CLOSED replica.
2019-10-17 01:10:21,033 [EventQueue-ContainerReportForContainerReportHandler] WARN  container.ContainerReportHandler (AbstractContainerReportHandler.java:updateContainerState(145)) - Container #1 is in OPEN state, but the datanode e3697062-c193-48d1-b15e-d6b6b4dc6638{ip: 192.168.157.194, host: pr-hdds-1868-g97gg-2149769003, networkLocation: /default-rack, certSerialId: null} reports an CLOSED replica.
2019-10-17 01:10:21,249 [EventQueue-ContainerReportForContainerReportHandler] WARN  container.ContainerReportHandler (AbstractContainerReportHandler.java:updateContainerState(145)) - Container #1 is in OPEN state, but the datanode a10aa3ca-3ab2-4d87-9bc7-0d045ec2b4ce{ip: 192.168.157.194, host: pr-hdds-1868-g97gg-2149769003, networkLocation: /default-rack, certSerialId: null} reports an CLOSED replica.
2019-10-17 01:10:21,279 [BlockDeletingService#2] WARN  background.BlockDeletingService (BlockDeletingService.java:isDeletionAllowed(187)) - Close Container log Index 6 is not replicated across allthe servers in the pipeline 968e2a2f-54bd-4eee-95a8-bd7a3b63c209 as the min replicated index is 4. Deletion is not allowed in this container yet.
2019-10-17 01:10:21,279 [BlockDeletingService#2] WARN  background.BlockDeletingService (BlockDeletingService.java:isDeletionAllowed(187)) - Close Container log Index 6 is not replicated across allthe servers in the pipeline 968e2a2f-54bd-4eee-95a8-bd7a3b63c209 as the min replicated index is 4. Deletion is not allowed in this container yet.
2019-10-17 01:10:21,333 [EventQueue-ContainerReportForContainerReportHandler] WARN  container.ContainerReportHandler (AbstractContainerReportHandler.java:updateContainerState(145)) - Container #1 is in OPEN state, but the datanode e3697062-c193-48d1-b15e-d6b6b4dc6638{ip: 192.168.157.194, host: pr-hdds-1868-g97gg-2149769003, networkLocation: /default-rack, certSerialId: null} reports an CLOSED replica.
2019-10-17 01:10:21,548 [EventQueue-ContainerReportForContainerReportHandler] WARN  container.ContainerReportHandler (AbstractContainerReportHandler.java:updateContainerState(145)) - Container #1 is in OPEN state, but the datanode a10aa3ca-3ab2-4d87-9bc7-0d045ec2b4ce{ip: 192.168.157.194, host: pr-hdds-1868-g97gg-2149769003, networkLocation: /default-rack, certSerialId: null} reports an CLOSED replica.
2019-10-17 01:10:21,633 [EventQueue-ContainerReportForContainerReportHandler] WARN  container.ContainerReportHandler (AbstractContainerReportHandler.java:updateContainerState(145)) - Container #1 is in OPEN state, but the datanode e3697062-c193-48d1-b15e-d6b6b4dc6638{ip: 192.168.157.194, host: pr-hdds-1868-g97gg-2149769003, networkLocation: /default-rack, certSerialId: null} reports an CLOSED replica.
2019-10-17 01:10:21,748 [EventQueue-ContainerReportForContainerReportHandler] WARN  container.ContainerReportHandler (AbstractContainerReportHandler.java:updateContainerState(145)) - Container #1 is in OPEN state, but the datanode a10aa3ca-3ab2-4d87-9bc7-0d045ec2b4ce{ip: 192.168.157.194, host: pr-hdds-1868-g97gg-2149769003, networkLocation: /default-rack, certSerialId: null} reports an CLOSED replica.
2019-10-17 01:10:21,833 [EventQueue-ContainerReportForContainerReportHandler] WARN  container.ContainerReportHandler (AbstractContainerReportHandler.java:updateContainerState(145)) - Container #1 is in OPEN state, but the datanode e3697062-c193-48d1-b15e-d6b6b4dc6638{ip: 192.168.157.194, host: pr-hdds-1868-g97gg-2149769003, networkLocation: /default-rack, certSerialId: null} reports an CLOSED replica.
2019-10-17 01:10:22,133 [EventQueue-ContainerReportForContainerReportHandler] WARN  container.ContainerReportHandler (AbstractContainerReportHandler.java:updateContainerState(145)) - Container #1 is in OPEN state, but the datanode e3697062-c193-48d1-b15e-d6b6b4dc6638{ip: 192.168.157.194, host: pr-hdds-1868-g97gg-2149769003, networkLocation: /default-rack, certSerialId: null} reports an CLOSED replica.
2019-10-17 01:10:22,148 [EventQueue-ContainerReportForContainerReportHandler] WARN  container.ContainerReportHandler (AbstractContainerReportHandler.java:updateContainerState(145)) - Container #1 is in OPEN state, but the datanode a10aa3ca-3ab2-4d87-9bc7-0d045ec2b4ce{ip: 192.168.157.194, host: pr-hdds-1868-g97gg-2149769003, networkLocation: /default-rack, certSerialId: null} reports an CLOSED replica.
2019-10-17 01:10:22,206 [java.util.concurrent.ThreadPoolExecutor$Worker@709a6842[State = -1, empty queue]] WARN  server.GrpcLogAppender (GrpcLogAppender.java:timeoutAppendRequest(209)) - e3697062-c193-48d1-b15e-d6b6b4dc6638@group-BD7A3B63C209->ee6ff355-4f2c-4ff1-aa68-7ca64f6b5439-GrpcLogAppender: appendEntries Timeout, request=e3697062-c193-48d1-b15e-d6b6b4dc6638->ee6ff355-4f2c-4ff1-aa68-7ca64f6b5439#49-t3, previous=(t:3, i:10), leaderCommit=10, initializing? false, entries: <empty>
2019-10-17 01:10:22,281 [BlockDeletingService#2] WARN  background.BlockDeletingService (BlockDeletingService.java:isDeletionAllowed(187)) - Close Container log Index 6 is not replicated across allthe servers in the pipeline 968e2a2f-54bd-4eee-95a8-bd7a3b63c209 as the min replicated index is 4. Deletion is not allowed in this container yet.
2019-10-17 01:10:22,281 [BlockDeletingService#2] WARN  background.BlockDeletingService (BlockDeletingService.java:isDeletionAllowed(187)) - Close Container log Index 6 is not replicated across allthe servers in the pipeline 968e2a2f-54bd-4eee-95a8-bd7a3b63c209 as the min replicated index is 4. Deletion is not allowed in this container yet.
2019-10-17 01:10:22,433 [EventQueue-ContainerReportForContainerReportHandler] WARN  container.ContainerReportHandler (AbstractContainerReportHandler.java:updateContainerState(145)) - Container #1 is in OPEN state, but the datanode e3697062-c193-48d1-b15e-d6b6b4dc6638{ip: 192.168.157.194, host: pr-hdds-1868-g97gg-2149769003, networkLocation: /default-rack, certSerialId: null} reports an CLOSED replica.
2019-10-17 01:10:22,548 [EventQueue-ContainerReportForContainerReportHandler] WARN  container.ContainerReportHandler (AbstractContainerReportHandler.java:updateContainerState(145)) - Container #1 is in OPEN state, but the datanode a10aa3ca-3ab2-4d87-9bc7-0d045ec2b4ce{ip: 192.168.157.194, host: pr-hdds-1868-g97gg-2149769003, networkLocation: /default-rack, certSerialId: null} reports an CLOSED replica.
2019-10-17 01:10:22,733 [EventQueue-ContainerReportForContainerReportHandler] WARN  container.ContainerReportHandler (AbstractContainerReportHandler.java:updateContainerState(145)) - Container #1 is in OPEN state, but the datanode e3697062-c193-48d1-b15e-d6b6b4dc6638{ip: 192.168.157.194, host: pr-hdds-1868-g97gg-2149769003, networkLocation: /default-rack, certSerialId: null} reports an CLOSED replica.
2019-10-17 01:10:22,748 [EventQueue-ContainerReportForContainerReportHandler] WARN  container.ContainerReportHandler (AbstractContainerReportHandler.java:updateContainerState(145)) - Container #1 is in OPEN state, but the datanode a10aa3ca-3ab2-4d87-9bc7-0d045ec2b4ce{ip: 192.168.157.194, host: pr-hdds-1868-g97gg-2149769003, networkLocation: /default-rack, certSerialId: null} reports an CLOSED replica.
2019-10-17 01:10:23,048 [EventQueue-ContainerReportForContainerReportHandler] WARN  container.ContainerReportHandler (AbstractContainerReportHandler.java:updateContainerState(145)) - Container #1 is in OPEN state, but the datanode a10aa3ca-3ab2-4d87-9bc7-0d045ec2b4ce{ip: 192.168.157.194, host: pr-hdds-1868-g97gg-2149769003, networkLocation: /default-rack, certSerialId: null} reports an CLOSED replica.
2019-10-17 01:10:23,134 [EventQueue-ContainerReportForContainerReportHandler] WARN  container.ContainerReportHandler (AbstractContainerReportHandler.java:updateContainerState(145)) - Container #1 is in OPEN state, but the datanode e3697062-c193-48d1-b15e-d6b6b4dc6638{ip: 192.168.157.194, host: pr-hdds-1868-g97gg-2149769003, networkLocation: /default-rack, certSerialId: null} reports an CLOSED replica.
2019-10-17 01:10:23,248 [EventQueue-ContainerReportForContainerReportHandler] WARN  container.ContainerReportHandler (AbstractContainerReportHandler.java:updateContainerState(145)) - Container #1 is in OPEN state, but the datanode a10aa3ca-3ab2-4d87-9bc7-0d045ec2b4ce{ip: 192.168.157.194, host: pr-hdds-1868-g97gg-2149769003, networkLocation: /default-rack, certSerialId: null} reports an CLOSED replica.
2019-10-17 01:10:23,282 [BlockDeletingService#2] WARN  background.BlockDeletingService (BlockDeletingService.java:isDeletionAllowed(187)) - Close Container log Index 6 is not replicated across allthe servers in the pipeline 968e2a2f-54bd-4eee-95a8-bd7a3b63c209 as the min replicated index is 4. Deletion is not allowed in this container yet.
2019-10-17 01:10:23,282 [BlockDeletingService#2] WARN  background.BlockDeletingService (BlockDeletingService.java:isDeletionAllowed(187)) - Close Container log Index 6 is not replicated across allthe servers in the pipeline 968e2a2f-54bd-4eee-95a8-bd7a3b63c209 as the min replicated index is 4. Deletion is not allowed in this container yet.
2019-10-17 01:10:23,421 [Thread-513] INFO  client.GrpcClientProtocolService (GrpcClientProtocolService.java:lambda$processClientRequest$0(278)) - Failed RaftClientRequest:client-B379F03C97AF->a10aa3ca-3ab2-4d87-9bc7-0d045ec2b4ce@group-BD7A3B63C209, cid=10, seq=0, Watch-ALL_COMMITTED(6), Message:<EMPTY>, reply=RaftClientReply:client-B379F03C97AF->a10aa3ca-3ab2-4d87-9bc7-0d045ec2b4ce@group-BD7A3B63C209, cid=10, FAILED org.apache.ratis.protocol.NotLeaderException: Server a10aa3ca-3ab2-4d87-9bc7-0d045ec2b4ce@group-BD7A3B63C209 is not the leader e3697062-c193-48d1-b15e-d6b6b4dc6638:192.168.157.194:40986, logIndex=0, commits[a10aa3ca-3ab2-4d87-9bc7-0d045ec2b4ce:c10, ee6ff355-4f2c-4ff1-aa68-7ca64f6b5439:c4, e3697062-c193-48d1-b15e-d6b6b4dc6638:c10]
2019-10-17 01:10:23,533 [EventQueue-ContainerReportForContainerReportHandler] WARN  container.ContainerReportHandler (AbstractContainerReportHandler.java:updateContainerState(145)) - Container #1 is in OPEN state, but the datanode e3697062-c193-48d1-b15e-d6b6b4dc6638{ip: 192.168.157.194, host: pr-hdds-1868-g97gg-2149769003, networkLocation: /default-rack, certSerialId: null} reports an CLOSED replica.
2019-10-17 01:10:23,648 [EventQueue-ContainerReportForContainerReportHandler] WARN  container.ContainerReportHandler (AbstractContainerReportHandler.java:updateContainerState(145)) - Container #1 is in OPEN state, but the datanode a10aa3ca-3ab2-4d87-9bc7-0d045ec2b4ce{ip: 192.168.157.194, host: pr-hdds-1868-g97gg-2149769003, networkLocation: /default-rack, certSerialId: null} reports an CLOSED replica.
2019-10-17 01:10:23,833 [EventQueue-ContainerReportForContainerReportHandler] WARN  container.ContainerReportHandler (AbstractContainerReportHandler.java:updateContainerState(145)) - Container #1 is in OPEN state, but the datanode e3697062-c193-48d1-b15e-d6b6b4dc6638{ip: 192.168.157.194, host: pr-hdds-1868-g97gg-2149769003, networkLocation: /default-rack, certSerialId: null} reports an CLOSED replica.
2019-10-17 01:10:23,850 [EventQueue-StaleNodeForStaleNodeHandler] INFO  node.StaleNodeHandler (StaleNodeHandler.java:onMessage(58)) - Datanode ee6ff355-4f2c-4ff1-aa68-7ca64f6b5439{ip: 192.168.157.194, host: pr-hdds-1868-g97gg-2149769003, networkLocation: /default-rack, certSerialId: null} moved to stale state. Finalizing its pipelines [PipelineID=85add53d-41c4-4b56-bb91-2921ad756026, PipelineID=968e2a2f-54bd-4eee-95a8-bd7a3b63c209]
2019-10-17 01:10:23,852 [EventQueue-StaleNodeForStaleNodeHandler] INFO  pipeline.SCMPipelineManager (SCMPipelineManager.java:finalizeAndDestroyPipeline(315)) - destroying pipeline:Pipeline[ Id: 85add53d-41c4-4b56-bb91-2921ad756026, Nodes: ee6ff355-4f2c-4ff1-aa68-7ca64f6b5439{ip: 192.168.157.194, host: pr-hdds-1868-g97gg-2149769003, networkLocation: /default-rack, certSerialId: null}, Type:RATIS, Factor:ONE, State:OPEN]
2019-10-17 01:10:23,852 [EventQueue-StaleNodeForStaleNodeHandler] INFO  pipeline.PipelineStateManager (PipelineStateManager.java:finalizePipeline(121)) - Pipeline Pipeline[ Id: 85add53d-41c4-4b56-bb91-2921ad756026, Nodes: ee6ff355-4f2c-4ff1-aa68-7ca64f6b5439{ip: 192.168.157.194, host: pr-hdds-1868-g97gg-2149769003, networkLocation: /default-rack, certSerialId: null}, Type:RATIS, Factor:ONE, State:CLOSED] moved to CLOSED state
2019-10-17 01:10:23,854 [EventQueue-StaleNodeForStaleNodeHandler] INFO  pipeline.SCMPipelineManager (SCMPipelineManager.java:finalizeAndDestroyPipeline(315)) - destroying pipeline:Pipeline[ Id: 968e2a2f-54bd-4eee-95a8-bd7a3b63c209, Nodes: e3697062-c193-48d1-b15e-d6b6b4dc6638{ip: 192.168.157.194, host: pr-hdds-1868-g97gg-2149769003, networkLocation: /default-rack, certSerialId: null}a10aa3ca-3ab2-4d87-9bc7-0d045ec2b4ce{ip: 192.168.157.194, host: pr-hdds-1868-g97gg-2149769003, networkLocation: /default-rack, certSerialId: null}ee6ff355-4f2c-4ff1-aa68-7ca64f6b5439{ip: 192.168.157.194, host: pr-hdds-1868-g97gg-2149769003, networkLocation: /default-rack, certSerialId: null}, Type:RATIS, Factor:THREE, State:OPEN]
2019-10-17 01:10:23,854 [EventQueue-StaleNodeForStaleNodeHandler] INFO  pipeline.PipelineStateManager (PipelineStateManager.java:finalizePipeline(121)) - Pipeline Pipeline[ Id: 968e2a2f-54bd-4eee-95a8-bd7a3b63c209, Nodes: e3697062-c193-48d1-b15e-d6b6b4dc6638{ip: 192.168.157.194, host: pr-hdds-1868-g97gg-2149769003, networkLocation: /default-rack, certSerialId: null}a10aa3ca-3ab2-4d87-9bc7-0d045ec2b4ce{ip: 192.168.157.194, host: pr-hdds-1868-g97gg-2149769003, networkLocation: /default-rack, certSerialId: null}ee6ff355-4f2c-4ff1-aa68-7ca64f6b5439{ip: 192.168.157.194, host: pr-hdds-1868-g97gg-2149769003, networkLocation: /default-rack, certSerialId: null}, Type:RATIS, Factor:THREE, State:CLOSED] moved to CLOSED state
2019-10-17 01:10:23,855 [EventQueue-CloseContainerForCloseContainerEventHandler] INFO  container.CloseContainerEventHandler (CloseContainerEventHandler.java:onMessage(61)) - Close container Event triggered for container : #1
2019-10-17 01:10:23,948 [EventQueue-ContainerReportForContainerReportHandler] INFO  container.ContainerReportHandler (AbstractContainerReportHandler.java:updateContainerState(178)) - Moving container #1 to CLOSED state, datanode a10aa3ca-3ab2-4d87-9bc7-0d045ec2b4ce{ip: 192.168.157.194, host: pr-hdds-1868-g97gg-2149769003, networkLocation: /default-rack, certSerialId: null} reported CLOSED replica.
2019-10-17 01:10:24,284 [BlockDeletingService#2] WARN  background.BlockDeletingService (BlockDeletingService.java:isDeletionAllowed(187)) - Close Container log Index 6 is not replicated across allthe servers in the pipeline 968e2a2f-54bd-4eee-95a8-bd7a3b63c209 as the min replicated index is 4. Deletion is not allowed in this container yet.
2019-10-17 01:10:24,284 [BlockDeletingService#2] WARN  background.BlockDeletingService (BlockDeletingService.java:isDeletionAllowed(187)) - Close Container log Index 6 is not replicated across allthe servers in the pipeline 968e2a2f-54bd-4eee-95a8-bd7a3b63c209 as the min replicated index is 4. Deletion is not allowed in this container yet.
2019-10-17 01:10:24,584 [Thread-522] INFO  client.GrpcClientProtocolService (GrpcClientProtocolService.java:lambda$processClientRequest$0(278)) - Failed RaftClientRequest:client-B379F03C97AF->e3697062-c193-48d1-b15e-d6b6b4dc6638@group-BD7A3B63C209, cid=10, seq=0, Watch-ALL_COMMITTED(6), Message:<EMPTY>, reply=RaftClientReply:client-B379F03C97AF->e3697062-c193-48d1-b15e-d6b6b4dc6638@group-BD7A3B63C209, cid=10, FAILED org.apache.ratis.protocol.NotReplicatedException: Request with call Id 10 and log index 6 is not yet replicated to ALL_COMMITTED, logIndex=6, commits[e3697062-c193-48d1-b15e-d6b6b4dc6638:c10, ee6ff355-4f2c-4ff1-aa68-7ca64f6b5439:c4, a10aa3ca-3ab2-4d87-9bc7-0d045ec2b4ce:c10]
2019-10-17 01:10:24,618 [SCMBlockDeletingService#0] INFO  block.SCMBlockDeletingService (SCMBlockDeletingService.java:call(184)) - Totally added 3 delete blocks command for 3 datanodes, task elapsed time: 7ms
2019-10-17 01:10:24,706 [java.util.concurrent.ThreadPoolExecutor$Worker@709a6842[State = -1, empty queue]] WARN  server.GrpcLogAppender (GrpcLogAppender.java:timeoutAppendRequest(209)) - e3697062-c193-48d1-b15e-d6b6b4dc6638@group-BD7A3B63C209->ee6ff355-4f2c-4ff1-aa68-7ca64f6b5439-GrpcLogAppender: appendEntries Timeout, request=e3697062-c193-48d1-b15e-d6b6b4dc6638->ee6ff355-4f2c-4ff1-aa68-7ca64f6b5439#50-t3, previous=(t:3, i:10), leaderCommit=10, initializing? false, entries: <empty>
2019-10-17 01:10:24,737 [EventQueue-PendingDeleteStatusForPendingDeleteHandler] INFO  block.SCMBlockDeletingService (SCMBlockDeletingService.java:handlePendingDeletes(115)) - Block deletion txnID mismatch in datanode e3697062-c193-48d1-b15e-d6b6b4dc6638 for containerID 1. Datanode delete txnID: 0, SCM txnID: 1
2019-10-17 01:10:24,852 [EventQueue-PendingDeleteStatusForPendingDeleteHandler] INFO  block.SCMBlockDeletingService (SCMBlockDeletingService.java:handlePendingDeletes(115)) - Block deletion txnID mismatch in datanode a10aa3ca-3ab2-4d87-9bc7-0d045ec2b4ce for containerID 1. Datanode delete txnID: 0, SCM txnID: 1
2019-10-17 01:10:25,036 [EventQueue-PendingDeleteStatusForPendingDeleteHandler] INFO  block.SCMBlockDeletingService (SCMBlockDeletingService.java:handlePendingDeletes(115)) - Block deletion txnID mismatch in datanode e3697062-c193-48d1-b15e-d6b6b4dc6638 for containerID 1. Datanode delete txnID: 0, SCM txnID: 1
2019-10-17 01:10:25,138 [Command processor thread] INFO  commandhandler.DeleteBlocksCommandHandler (DeleteBlocksCommandHandler.java:handle(106)) - Start to delete container blocks, TXIDs=[1(0)], numOfContainers=1, numOfBlocks=1
2019-10-17 01:10:25,254 [EventQueue-PendingDeleteStatusForPendingDeleteHandler] INFO  block.SCMBlockDeletingService (SCMBlockDeletingService.java:handlePendingDeletes(115)) - Block deletion txnID mismatch in datanode a10aa3ca-3ab2-4d87-9bc7-0d045ec2b4ce for containerID 1. Datanode delete txnID: 0, SCM txnID: 1
2019-10-17 01:10:25,285 [BlockDeletingService#2] WARN  background.BlockDeletingService (BlockDeletingService.java:isDeletionAllowed(187)) - Close Container log Index 6 is not replicated across allthe servers in the pipeline 968e2a2f-54bd-4eee-95a8-bd7a3b63c209 as the min replicated index is 4. Deletion is not allowed in this container yet.
2019-10-17 01:10:25,286 [BlockDeletingService#2] WARN  background.BlockDeletingService (BlockDeletingService.java:isDeletionAllowed(187)) - Close Container log Index 6 is not replicated across allthe servers in the pipeline 968e2a2f-54bd-4eee-95a8-bd7a3b63c209 as the min replicated index is 4. Deletion is not allowed in this container yet.
2019-10-17 01:10:25,312 [main] INFO  impl.MetricsSystemImpl (MetricsSystemImpl.java:init(158)) - HddsDatanode metrics system started (again)
2019-10-17 01:10:25,350 [Command processor thread] INFO  commandhandler.DeleteBlocksCommandHandler (DeleteBlocksCommandHandler.java:handle(106)) - Start to delete container blocks, TXIDs=[1(0)], numOfContainers=1, numOfBlocks=1
2019-10-17 01:10:25,365 [main] INFO  ozone.HddsDatanodeService (HddsDatanodeService.java:start(184)) - HddsDatanodeService host:pr-hdds-1868-g97gg-2149769003 ip:192.168.157.194
2019-10-17 01:10:25,369 [main] INFO  volume.VolumeUsage (VolumeUsage.java:loadScmUsed(144)) - Cached ScmUsed found for /workdir/hadoop-ozone/integration-test/target/test-dir/MiniOzoneClusterImpl-85f8a08e-f83a-42a3-ae7e-0eb0c728a558/datanode-1/data/containers : 4096 
2019-10-17 01:10:25,370 [main] INFO  volume.HddsVolume (HddsVolume.java:<init>(176)) - Creating Volume: /workdir/hadoop-ozone/integration-test/target/test-dir/MiniOzoneClusterImpl-85f8a08e-f83a-42a3-ae7e-0eb0c728a558/datanode-1/data/containers/hdds of  storage type : DISK and capacity : 1482555576320
2019-10-17 01:10:25,370 [main] INFO  volume.VolumeSet (VolumeSet.java:initializeVolumeSet(170)) - Added Volume : /workdir/hadoop-ozone/integration-test/target/test-dir/MiniOzoneClusterImpl-85f8a08e-f83a-42a3-ae7e-0eb0c728a558/datanode-1/data/containers/hdds to VolumeSet
2019-10-17 01:10:25,371 [main] INFO  volume.ThrottledAsyncChecker (ThrottledAsyncChecker.java:schedule(141)) - Scheduling a check for /workdir/hadoop-ozone/integration-test/target/test-dir/MiniOzoneClusterImpl-85f8a08e-f83a-42a3-ae7e-0eb0c728a558/datanode-1/data/containers/hdds
2019-10-17 01:10:25,372 [main] INFO  volume.HddsVolumeChecker (HddsVolumeChecker.java:checkAllVolumes(204)) - Scheduled health check for volume /workdir/hadoop-ozone/integration-test/target/test-dir/MiniOzoneClusterImpl-85f8a08e-f83a-42a3-ae7e-0eb0c728a558/datanode-1/data/containers/hdds
2019-10-17 01:10:25,424 [main] INFO  impl.RaftServerProxy (ConfUtils.java:logGet(43)) - raft.rpc.type = GRPC (default)
2019-10-17 01:10:25,424 [main] INFO  grpc.GrpcFactory (GrpcFactory.java:checkPooledByteBufAllocatorUseCacheForAllThreads(45)) - PERFORMANCE WARNING: useCacheForAllThreads is true that may cause Netty to create a lot garbage objects and, as a result, trigger GC.
	It is recommended to disable useCacheForAllThreads by setting -Dorg.apache.ratis.thirdparty.io.netty.allocator.useCacheForAllThreads=false in command line.
2019-10-17 01:10:25,424 [main] INFO  grpc.GrpcConfigKeys$Server (ConfUtils.java:logGet(43)) - raft.grpc.server.port = 37608 (custom)
2019-10-17 01:10:25,425 [main] INFO  server.GrpcService (ConfUtils.java:logGet(43)) - raft.grpc.message.size.max = 33570816 (custom)
2019-10-17 01:10:25,425 [main] INFO  server.RaftServerConfigKeys (ConfUtils.java:logGet(43)) - raft.server.log.appender.buffer.byte-limit = 33554432 (custom)
2019-10-17 01:10:25,425 [main] INFO  server.GrpcService (ConfUtils.java:logGet(43)) - raft.grpc.flow.control.window = 1MB (=1048576) (default)
2019-10-17 01:10:25,425 [main] INFO  server.RaftServerConfigKeys (ConfUtils.java:logGet(43)) - raft.server.rpc.request.timeout = 3000ms (default)
2019-10-17 01:10:25,426 [main] INFO  server.RaftServerConfigKeys (ConfUtils.java:logGet(43)) - raft.server.storage.dir = [/workdir/hadoop-ozone/integration-test/target/test-dir/MiniOzoneClusterImpl-85f8a08e-f83a-42a3-ae7e-0eb0c728a558/datanode-1/data/ratis] (custom)
2019-10-17 01:10:25,426 [main] INFO  impl.RaftServerProxy (RaftServerProxy.java:lambda$null$0(191)) - ee6ff355-4f2c-4ff1-aa68-7ca64f6b5439: found a subdirectory /workdir/hadoop-ozone/integration-test/target/test-dir/MiniOzoneClusterImpl-85f8a08e-f83a-42a3-ae7e-0eb0c728a558/datanode-1/data/ratis/85add53d-41c4-4b56-bb91-2921ad756026
2019-10-17 01:10:25,427 [main] INFO  impl.RaftServerProxy (RaftServerProxy.java:addNew(89)) - ee6ff355-4f2c-4ff1-aa68-7ca64f6b5439: addNew group-2921AD756026:[] returns group-2921AD756026:java.util.concurrent.CompletableFuture@2f7efd0b[Not completed]
2019-10-17 01:10:25,428 [main] INFO  impl.RaftServerProxy (RaftServerProxy.java:lambda$null$0(191)) - ee6ff355-4f2c-4ff1-aa68-7ca64f6b5439: found a subdirectory /workdir/hadoop-ozone/integration-test/target/test-dir/MiniOzoneClusterImpl-85f8a08e-f83a-42a3-ae7e-0eb0c728a558/datanode-1/data/ratis/968e2a2f-54bd-4eee-95a8-bd7a3b63c209
2019-10-17 01:10:25,428 [main] INFO  impl.RaftServerProxy (RaftServerProxy.java:addNew(89)) - ee6ff355-4f2c-4ff1-aa68-7ca64f6b5439: addNew group-BD7A3B63C209:[] returns group-BD7A3B63C209:java.util.concurrent.CompletableFuture@41ad373[Not completed]
2019-10-17 01:10:25,432 [main] INFO  hdfs.DFSUtil (DFSUtil.java:httpServerTemplateForNNAndJN(1641)) - Starting Web-server for hddsDatanode at: http://0.0.0.0:35237
2019-10-17 01:10:25,432 [pool-59-thread-1] INFO  impl.RaftServerImpl (RaftServerImpl.java:<init>(104)) - ee6ff355-4f2c-4ff1-aa68-7ca64f6b5439: new RaftServerImpl for group-2921AD756026:[] with ContainerStateMachine:uninitialized
2019-10-17 01:10:25,433 [pool-59-thread-1] INFO  server.RaftServerConfigKeys (ConfUtils.java:logGet(43)) - raft.server.rpc.timeout.min = 5s (custom)
2019-10-17 01:10:25,433 [pool-59-thread-1] INFO  server.RaftServerConfigKeys (ConfUtils.java:logGet(43)) - raft.server.rpc.timeout.max = 5200ms (custom)
2019-10-17 01:10:25,433 [pool-59-thread-1] INFO  server.RaftServerConfigKeys (ConfUtils.java:logGet(43)) - raft.server.rpcslowness.timeout = 1000s (custom)
2019-10-17 01:10:25,434 [pool-59-thread-1] INFO  server.RaftServerConfigKeys (ConfUtils.java:logGet(43)) - raft.server.sleep.deviation.threshold = 300 (default)
2019-10-17 01:10:25,434 [pool-59-thread-1] INFO  server.RaftServerConfigKeys (ConfUtils.java:logGet(43)) - raft.server.log.appender.install.snapshot.enabled = false (custom)
2019-10-17 01:10:25,434 [pool-59-thread-1] INFO  impl.RaftServerImpl (ServerState.java:<init>(103)) - ee6ff355-4f2c-4ff1-aa68-7ca64f6b5439@group-2921AD756026: ConfigurationManager, init=-1: [], old=null, confs=<EMPTY_MAP>
2019-10-17 01:10:25,434 [pool-59-thread-1] INFO  server.RaftServerConfigKeys (ConfUtils.java:logGet(43)) - raft.server.storage.dir = [/workdir/hadoop-ozone/integration-test/target/test-dir/MiniOzoneClusterImpl-85f8a08e-f83a-42a3-ae7e-0eb0c728a558/datanode-1/data/ratis] (custom)
2019-10-17 01:10:25,435 [pool-59-thread-1] INFO  server.RaftServerConfigKeys (ConfUtils.java:logGet(43)) - raft.server.log.corruption.policy = EXCEPTION (default)
2019-10-17 01:10:25,436 [main] INFO  server.AuthenticationFilter (AuthenticationFilter.java:constructSecretProvider(240)) - Unable to initialize FileSignerSecretProvider, falling back to use random secrets.
2019-10-17 01:10:25,436 [main] WARN  http.HttpRequestLog (HttpRequestLog.java:getRequestLog(97)) - Jetty request log can only be enabled using Log4j
2019-10-17 01:10:25,440 [main] INFO  http.HttpServer2 (HttpServer2.java:addGlobalFilter(975)) - Added global filter 'safety' (class=org.apache.hadoop.http.HttpServer2$QuotingInputFilter)
2019-10-17 01:10:25,441 [main] INFO  http.HttpServer2 (HttpServer2.java:addFilter(948)) - Added filter static_user_filter (class=org.apache.hadoop.http.lib.StaticUserWebFilter$StaticUserFilter) to context hddsDatanode
2019-10-17 01:10:25,441 [main] INFO  http.HttpServer2 (HttpServer2.java:addFilter(958)) - Added filter static_user_filter (class=org.apache.hadoop.http.lib.StaticUserWebFilter$StaticUserFilter) to context logs
2019-10-17 01:10:25,441 [main] INFO  http.HttpServer2 (HttpServer2.java:addFilter(958)) - Added filter static_user_filter (class=org.apache.hadoop.http.lib.StaticUserWebFilter$StaticUserFilter) to context static
2019-10-17 01:10:25,443 [main] INFO  http.HttpServer2 (HttpServer2.java:bindListener(1191)) - Jetty bound to port 35237
2019-10-17 01:10:25,443 [main] INFO  server.Server (Server.java:doStart(351)) - jetty-9.3.25.v20180904, build timestamp: 2018-09-04T21:11:46Z, git hash: 3ce520221d0240229c862b122d2b06c12a625732
2019-10-17 01:10:25,445 [main] INFO  handler.ContextHandler (ContextHandler.java:doStart(781)) - Started o.e.j.s.ServletContextHandler@d2291de{/logs,file:///workdir/hadoop-ozone/integration-test/target/log,AVAILABLE}
2019-10-17 01:10:25,446 [main] INFO  handler.ContextHandler (ContextHandler.java:doStart(781)) - Started o.e.j.s.ServletContextHandler@41a374be{/static,jar:file:/home/user/.m2/repository/org/apache/hadoop/hadoop-hdds-container-service/0.5.0-SNAPSHOT/hadoop-hdds-container-service-0.5.0-SNAPSHOT.jar!/webapps/static,AVAILABLE}
2019-10-17 01:10:25,449 [pool-59-thread-1] INFO  storage.RaftStorageDirectory (RaftStorageDirectory.java:tryLock(328)) - Lock on /workdir/hadoop-ozone/integration-test/target/test-dir/MiniOzoneClusterImpl-85f8a08e-f83a-42a3-ae7e-0eb0c728a558/datanode-1/data/ratis/85add53d-41c4-4b56-bb91-2921ad756026/in_use.lock acquired by nodename 10307@pr-hdds-1868-g97gg-2149769003
2019-10-17 01:10:25,451 [pool-59-thread-1] INFO  ratis.ContainerStateMachine (ContainerStateMachine.java:loadSnapshot(233)) - group-2921AD756026: The snapshot info is null. Setting the last applied indexto:(t:0, i:~)
2019-10-17 01:10:25,451 [pool-59-thread-1] INFO  server.RaftServerConfigKeys (ConfUtils.java:logGet(43)) - raft.server.notification.no-leader.timeout = 1000s (custom)
2019-10-17 01:10:25,451 [pool-59-thread-1] INFO  server.RaftServerConfigKeys (ConfUtils.java:logGet(43)) - raft.server.log.use.memory = false (default)
2019-10-17 01:10:25,451 [pool-59-thread-1] INFO  server.RaftServerConfigKeys (ConfUtils.java:logGet(43)) - raft.server.log.purge.gap = 1000000 (custom)
2019-10-17 01:10:25,451 [pool-59-thread-1] INFO  server.RaftServerConfigKeys (ConfUtils.java:logGet(43)) - raft.server.log.appender.buffer.byte-limit = 33554432 (custom)
2019-10-17 01:10:25,452 [pool-59-thread-1] INFO  server.RaftServerConfigKeys (ConfUtils.java:logGet(43)) - raft.server.log.segment.size.max = 1048576 (custom)
2019-10-17 01:10:25,452 [pool-59-thread-1] INFO  server.RaftServerConfigKeys (ConfUtils.java:logGet(43)) - raft.server.log.segment.cache.num.max = 2 (custom)
2019-10-17 01:10:25,452 [pool-59-thread-1] INFO  segmented.SegmentedRaftLogWorker (SegmentedRaftLogWorker.java:<init>(173)) - new ee6ff355-4f2c-4ff1-aa68-7ca64f6b5439@group-2921AD756026-SegmentedRaftLogWorker for RaftStorage:Storage Directory /workdir/hadoop-ozone/integration-test/target/test-dir/MiniOzoneClusterImpl-85f8a08e-f83a-42a3-ae7e-0eb0c728a558/datanode-1/data/ratis/85add53d-41c4-4b56-bb91-2921ad756026
2019-10-17 01:10:25,452 [pool-59-thread-1] INFO  server.RaftServerConfigKeys (ConfUtils.java:logGet(43)) - raft.server.log.queue.byte-limit = 2147483647 (custom)
2019-10-17 01:10:25,452 [pool-59-thread-1] INFO  server.RaftServerConfigKeys (ConfUtils.java:logGet(43)) - raft.server.log.queue.element-limit = 1024 (custom)
2019-10-17 01:10:25,452 [pool-59-thread-1] INFO  server.RaftServerConfigKeys (ConfUtils.java:logGet(43)) - raft.server.log.segment.size.max = 1048576 (custom)
2019-10-17 01:10:25,453 [pool-59-thread-1] INFO  server.RaftServerConfigKeys (ConfUtils.java:logGet(43)) - raft.server.log.preallocated.size = 16384 (custom)
2019-10-17 01:10:25,453 [pool-59-thread-1] INFO  server.RaftServerConfigKeys (ConfUtils.java:logGet(43)) - raft.server.log.write.buffer.size = 33554432 (custom)
2019-10-17 01:10:25,453 [pool-59-thread-1] INFO  server.RaftServerConfigKeys (ConfUtils.java:logGet(43)) - raft.server.log.force.sync.num = 128 (default)
2019-10-17 01:10:25,453 [pool-59-thread-1] INFO  server.RaftServerConfigKeys (ConfUtils.java:logGet(43)) - raft.server.log.statemachine.data.sync = true (default)
2019-10-17 01:10:25,453 [pool-59-thread-1] INFO  server.RaftServerConfigKeys (ConfUtils.java:logGet(43)) - raft.server.log.statemachine.data.sync.timeout = 10s (default)
2019-10-17 01:10:25,453 [pool-59-thread-1] INFO  server.RaftServerConfigKeys (ConfUtils.java:logGet(43)) - raft.server.log.statemachine.data.sync.timeout.retry = -1 (default)
2019-10-17 01:10:25,454 [pool-59-thread-1] INFO  server.RaftServerConfigKeys (ConfUtils.java:logGet(43)) - raft.server.log.statemachine.data.caching.enabled = true (custom)
2019-10-17 01:10:25,462 [pool-59-thread-1] INFO  impl.RaftServerImpl (ServerState.java:setRaftConf(357)) - ee6ff355-4f2c-4ff1-aa68-7ca64f6b5439@group-2921AD756026: set configuration 0: [ee6ff355-4f2c-4ff1-aa68-7ca64f6b5439:192.168.157.194:37608], old=null at 0
2019-10-17 01:10:25,463 [pool-59-thread-1] INFO  segmented.LogSegment (LogSegment.java:loadSegment(140)) - Successfully read 1 entries from segment file /workdir/hadoop-ozone/integration-test/target/test-dir/MiniOzoneClusterImpl-85f8a08e-f83a-42a3-ae7e-0eb0c728a558/datanode-1/data/ratis/85add53d-41c4-4b56-bb91-2921ad756026/current/log_inprogress_0
2019-10-17 01:10:25,463 [pool-59-thread-1] INFO  segmented.SegmentedRaftLogWorker (SegmentedRaftLogWorker.java:lambda$new$0(128)) - ee6ff355-4f2c-4ff1-aa68-7ca64f6b5439@group-2921AD756026-SegmentedRaftLogWorker: flushIndex: setUnconditionally 0 -> 0
2019-10-17 01:10:25,491 [main] INFO  handler.ContextHandler (ContextHandler.java:doStart(781)) - Started o.e.j.w.WebAppContext@6fbc1bb{/,file:///tmp/jetty-0.0.0.0-35237-hddsDatanode-_-any-4862130827746122580.dir/webapp/,AVAILABLE}{/hddsDatanode}
2019-10-17 01:10:25,491 [pool-59-thread-1] INFO  server.RaftServerConfigKeys (ConfUtils.java:logGet(43)) - raft.server.snapshot.auto.trigger.enabled = true (custom)
2019-10-17 01:10:25,491 [pool-59-thread-1] INFO  server.RaftServerConfigKeys (ConfUtils.java:logGet(43)) - raft.server.snapshot.auto.trigger.threshold = 10000 (custom)
2019-10-17 01:10:25,491 [main] INFO  server.AbstractConnector (AbstractConnector.java:doStart(278)) - Started ServerConnector@30c4e352{HTTP/1.1,[http/1.1]}{0.0.0.0:35237}
2019-10-17 01:10:25,493 [pool-59-thread-1] INFO  server.RaftServerConfigKeys (ConfUtils.java:logGet(43)) - raft.server.snapshot.retention.file.num = 5 (custom)
2019-10-17 01:10:25,493 [main] INFO  server.Server (Server.java:doStart(419)) - Started @113701ms
2019-10-17 01:10:25,493 [pool-59-thread-1] INFO  server.RaftServerConfigKeys (ConfUtils.java:logGet(43)) - raft.server.retrycache.expirytime = 600000ms (custom)
2019-10-17 01:10:25,493 [main] WARN  impl.MetricsSystemImpl (MetricsSystemImpl.java:register(276)) - Sink prometheus already exists!
2019-10-17 01:10:25,494 [main] INFO  server.BaseHttpServer (BaseHttpServer.java:updateConnectorAddress(215)) - HTTP server of HDDSDATANODE is listening at http://0.0.0.0:35237
2019-10-17 01:10:25,495 [pool-59-thread-1] INFO  impl.RaftServerImpl (RaftServerImpl.java:<init>(104)) - ee6ff355-4f2c-4ff1-aa68-7ca64f6b5439: new RaftServerImpl for group-BD7A3B63C209:[] with ContainerStateMachine:uninitialized
2019-10-17 01:10:25,495 [pool-59-thread-1] INFO  server.RaftServerConfigKeys (ConfUtils.java:logGet(43)) - raft.server.rpc.timeout.min = 5s (custom)
2019-10-17 01:10:25,495 [pool-59-thread-1] INFO  server.RaftServerConfigKeys (ConfUtils.java:logGet(43)) - raft.server.rpc.timeout.max = 5200ms (custom)
2019-10-17 01:10:25,495 [pool-59-thread-1] INFO  server.RaftServerConfigKeys (ConfUtils.java:logGet(43)) - raft.server.rpcslowness.timeout = 1000s (custom)
2019-10-17 01:10:25,495 [pool-59-thread-1] INFO  server.RaftServerConfigKeys (ConfUtils.java:logGet(43)) - raft.server.sleep.deviation.threshold = 300 (default)
2019-10-17 01:10:25,496 [pool-59-thread-1] INFO  server.RaftServerConfigKeys (ConfUtils.java:logGet(43)) - raft.server.log.appender.install.snapshot.enabled = false (custom)
2019-10-17 01:10:25,496 [pool-59-thread-1] INFO  impl.RaftServerImpl (ServerState.java:<init>(103)) - ee6ff355-4f2c-4ff1-aa68-7ca64f6b5439@group-BD7A3B63C209: ConfigurationManager, init=-1: [], old=null, confs=<EMPTY_MAP>
2019-10-17 01:10:25,496 [org.apache.hadoop.util.JvmPauseMonitor$Monitor@206c3bab] INFO  util.JvmPauseMonitor (JvmPauseMonitor.java:run(188)) - Starting JVM pause monitor
2019-10-17 01:10:25,496 [pool-59-thread-1] INFO  server.RaftServerConfigKeys (ConfUtils.java:logGet(43)) - raft.server.storage.dir = [/workdir/hadoop-ozone/integration-test/target/test-dir/MiniOzoneClusterImpl-85f8a08e-f83a-42a3-ae7e-0eb0c728a558/datanode-1/data/ratis] (custom)
2019-10-17 01:10:25,496 [pool-59-thread-1] INFO  server.RaftServerConfigKeys (ConfUtils.java:logGet(43)) - raft.server.log.corruption.policy = EXCEPTION (default)
2019-10-17 01:10:25,511 [pool-59-thread-1] INFO  storage.RaftStorageDirectory (RaftStorageDirectory.java:tryLock(328)) - Lock on /workdir/hadoop-ozone/integration-test/target/test-dir/MiniOzoneClusterImpl-85f8a08e-f83a-42a3-ae7e-0eb0c728a558/datanode-1/data/ratis/968e2a2f-54bd-4eee-95a8-bd7a3b63c209/in_use.lock acquired by nodename 10307@pr-hdds-1868-g97gg-2149769003
2019-10-17 01:10:25,513 [pool-59-thread-1] INFO  ratis.ContainerStateMachine (ContainerStateMachine.java:loadSnapshot(242)) - group-BD7A3B63C209: Setting the last applied index to (t:3, i:3)
2019-10-17 01:10:25,518 [pool-59-thread-1] INFO  impl.RaftServerImpl (ServerState.java:setRaftConf(357)) - ee6ff355-4f2c-4ff1-aa68-7ca64f6b5439@group-BD7A3B63C209: set configuration 0: [ee6ff355-4f2c-4ff1-aa68-7ca64f6b5439:192.168.157.194:37608, e3697062-c193-48d1-b15e-d6b6b4dc6638:192.168.157.194:40986, a10aa3ca-3ab2-4d87-9bc7-0d045ec2b4ce:192.168.157.194:36577], old=null at 0
2019-10-17 01:10:25,518 [pool-59-thread-1] INFO  server.RaftServerConfigKeys (ConfUtils.java:logGet(43)) - raft.server.notification.no-leader.timeout = 1000s (custom)
2019-10-17 01:10:25,519 [pool-59-thread-1] INFO  server.RaftServerConfigKeys (ConfUtils.java:logGet(43)) - raft.server.log.use.memory = false (default)
2019-10-17 01:10:25,519 [pool-59-thread-1] INFO  server.RaftServerConfigKeys (ConfUtils.java:logGet(43)) - raft.server.log.purge.gap = 1000000 (custom)
2019-10-17 01:10:25,519 [pool-59-thread-1] INFO  server.RaftServerConfigKeys (ConfUtils.java:logGet(43)) - raft.server.log.appender.buffer.byte-limit = 33554432 (custom)
2019-10-17 01:10:25,519 [pool-59-thread-1] INFO  server.RaftServerConfigKeys (ConfUtils.java:logGet(43)) - raft.server.log.segment.size.max = 1048576 (custom)
2019-10-17 01:10:25,519 [pool-59-thread-1] INFO  server.RaftServerConfigKeys (ConfUtils.java:logGet(43)) - raft.server.log.segment.cache.num.max = 2 (custom)
2019-10-17 01:10:25,519 [pool-59-thread-1] INFO  segmented.SegmentedRaftLogWorker (SegmentedRaftLogWorker.java:<init>(173)) - new ee6ff355-4f2c-4ff1-aa68-7ca64f6b5439@group-BD7A3B63C209-SegmentedRaftLogWorker for RaftStorage:Storage Directory /workdir/hadoop-ozone/integration-test/target/test-dir/MiniOzoneClusterImpl-85f8a08e-f83a-42a3-ae7e-0eb0c728a558/datanode-1/data/ratis/968e2a2f-54bd-4eee-95a8-bd7a3b63c209
2019-10-17 01:10:25,519 [pool-59-thread-1] INFO  server.RaftServerConfigKeys (ConfUtils.java:logGet(43)) - raft.server.log.queue.byte-limit = 2147483647 (custom)
2019-10-17 01:10:25,519 [pool-59-thread-1] INFO  server.RaftServerConfigKeys (ConfUtils.java:logGet(43)) - raft.server.log.queue.element-limit = 1024 (custom)
2019-10-17 01:10:25,520 [pool-59-thread-1] INFO  server.RaftServerConfigKeys (ConfUtils.java:logGet(43)) - raft.server.log.segment.size.max = 1048576 (custom)
2019-10-17 01:10:25,520 [pool-59-thread-1] INFO  server.RaftServerConfigKeys (ConfUtils.java:logGet(43)) - raft.server.log.preallocated.size = 16384 (custom)
2019-10-17 01:10:25,520 [pool-59-thread-1] INFO  server.RaftServerConfigKeys (ConfUtils.java:logGet(43)) - raft.server.log.write.buffer.size = 33554432 (custom)
2019-10-17 01:10:25,520 [pool-59-thread-1] INFO  server.RaftServerConfigKeys (ConfUtils.java:logGet(43)) - raft.server.log.force.sync.num = 128 (default)
2019-10-17 01:10:25,520 [pool-59-thread-1] INFO  server.RaftServerConfigKeys (ConfUtils.java:logGet(43)) - raft.server.log.statemachine.data.sync = true (default)
2019-10-17 01:10:25,520 [pool-59-thread-1] INFO  server.RaftServerConfigKeys (ConfUtils.java:logGet(43)) - raft.server.log.statemachine.data.sync.timeout = 10s (default)
2019-10-17 01:10:25,520 [pool-59-thread-1] INFO  server.RaftServerConfigKeys (ConfUtils.java:logGet(43)) - raft.server.log.statemachine.data.sync.timeout.retry = -1 (default)
2019-10-17 01:10:25,520 [pool-59-thread-1] INFO  server.RaftServerConfigKeys (ConfUtils.java:logGet(43)) - raft.server.log.statemachine.data.caching.enabled = true (custom)
2019-10-17 01:10:25,521 [pool-59-thread-1] INFO  impl.RaftServerImpl (ServerState.java:setRaftConf(357)) - ee6ff355-4f2c-4ff1-aa68-7ca64f6b5439@group-BD7A3B63C209: set configuration 0: [ee6ff355-4f2c-4ff1-aa68-7ca64f6b5439:192.168.157.194:37608, e3697062-c193-48d1-b15e-d6b6b4dc6638:192.168.157.194:40986, a10aa3ca-3ab2-4d87-9bc7-0d045ec2b4ce:192.168.157.194:36577], old=null at 0
2019-10-17 01:10:25,521 [pool-59-thread-1] INFO  segmented.LogSegment (LogSegment.java:loadSegment(140)) - Successfully read 5 entries from segment file /workdir/hadoop-ozone/integration-test/target/test-dir/MiniOzoneClusterImpl-85f8a08e-f83a-42a3-ae7e-0eb0c728a558/datanode-1/data/ratis/968e2a2f-54bd-4eee-95a8-bd7a3b63c209/current/log_inprogress_0
2019-10-17 01:10:25,522 [pool-59-thread-1] INFO  segmented.SegmentedRaftLogWorker (SegmentedRaftLogWorker.java:lambda$new$0(128)) - ee6ff355-4f2c-4ff1-aa68-7ca64f6b5439@group-BD7A3B63C209-SegmentedRaftLogWorker: flushIndex: setUnconditionally 0 -> 4
2019-10-17 01:10:25,545 [pool-59-thread-1] INFO  raftlog.RaftLog (RaftLog.java:lambda$new$0(61)) - ee6ff355-4f2c-4ff1-aa68-7ca64f6b5439@group-BD7A3B63C209-SegmentedRaftLog: commitIndex: updateToMax old=3, new=3, updated? false
2019-10-17 01:10:25,545 [pool-59-thread-1] INFO  server.RaftServerConfigKeys (ConfUtils.java:logGet(43)) - raft.server.snapshot.auto.trigger.enabled = true (custom)
2019-10-17 01:10:25,546 [pool-59-thread-1] INFO  server.RaftServerConfigKeys (ConfUtils.java:logGet(43)) - raft.server.snapshot.auto.trigger.threshold = 10000 (custom)
2019-10-17 01:10:25,546 [pool-59-thread-1] INFO  server.RaftServerConfigKeys (ConfUtils.java:logGet(43)) - raft.server.snapshot.retention.file.num = 5 (custom)
2019-10-17 01:10:25,546 [pool-59-thread-1] INFO  server.RaftServerConfigKeys (ConfUtils.java:logGet(43)) - raft.server.retrycache.expirytime = 600000ms (custom)
2019-10-17 01:10:25,619 [SCMBlockDeletingService#0] INFO  block.SCMBlockDeletingService (SCMBlockDeletingService.java:call(184)) - Totally added 1 delete blocks command for 1 datanodes, task elapsed time: 1ms
2019-10-17 01:10:25,620 [pool-7-thread-1] INFO  commands.RetriableDatanodeEventWatcher (RetriableDatanodeEventWatcher.java:onTimeout(47)) - RetriableDatanodeCommand type=deleteBlocksCommand with id=1571274624619 timed out. Retrying.
2019-10-17 01:10:26,287 [BlockDeletingService#2] WARN  background.BlockDeletingService (BlockDeletingService.java:isDeletionAllowed(187)) - Close Container log Index 6 is not replicated across allthe servers in the pipeline 968e2a2f-54bd-4eee-95a8-bd7a3b63c209 as the min replicated index is 4. Deletion is not allowed in this container yet.
2019-10-17 01:10:26,287 [BlockDeletingService#2] WARN  background.BlockDeletingService (BlockDeletingService.java:isDeletionAllowed(187)) - Close Container log Index 6 is not replicated across allthe servers in the pipeline 968e2a2f-54bd-4eee-95a8-bd7a3b63c209 as the min replicated index is 4. Deletion is not allowed in this container yet.
2019-10-17 01:10:26,620 [pool-7-thread-1] INFO  commands.RetriableDatanodeEventWatcher (RetriableDatanodeEventWatcher.java:onTimeout(47)) - RetriableDatanodeCommand type=deleteBlocksCommand with id=1571274624620 timed out. Retrying.
2019-10-17 01:10:26,620 [pool-7-thread-1] INFO  commands.RetriableDatanodeEventWatcher (RetriableDatanodeEventWatcher.java:onTimeout(47)) - RetriableDatanodeCommand type=deleteBlocksCommand with id=1571274624619 timed out. Retrying.
2019-10-17 01:10:26,620 [SCMBlockDeletingService#0] INFO  block.SCMBlockDeletingService (SCMBlockDeletingService.java:call(184)) - Totally added 1 delete blocks command for 1 datanodes, task elapsed time: 1ms
2019-10-17 01:10:27,207 [java.util.concurrent.ThreadPoolExecutor$Worker@709a6842[State = -1, empty queue]] WARN  server.GrpcLogAppender (GrpcLogAppender.java:timeoutAppendRequest(209)) - e3697062-c193-48d1-b15e-d6b6b4dc6638@group-BD7A3B63C209->ee6ff355-4f2c-4ff1-aa68-7ca64f6b5439-GrpcLogAppender: appendEntries Timeout, request=e3697062-c193-48d1-b15e-d6b6b4dc6638->ee6ff355-4f2c-4ff1-aa68-7ca64f6b5439#51-t3, previous=(t:3, i:10), leaderCommit=10, initializing? false, entries: <empty>
2019-10-17 01:10:27,289 [BlockDeletingService#2] WARN  background.BlockDeletingService (BlockDeletingService.java:isDeletionAllowed(187)) - Close Container log Index 6 is not replicated across allthe servers in the pipeline 968e2a2f-54bd-4eee-95a8-bd7a3b63c209 as the min replicated index is 4. Deletion is not allowed in this container yet.
2019-10-17 01:10:27,289 [BlockDeletingService#2] WARN  background.BlockDeletingService (BlockDeletingService.java:isDeletionAllowed(187)) - Close Container log Index 6 is not replicated across allthe servers in the pipeline 968e2a2f-54bd-4eee-95a8-bd7a3b63c209 as the min replicated index is 4. Deletion is not allowed in this container yet.
2019-10-17 01:10:27,498 [Datanode State Machine Thread - 0] INFO  ozoneimpl.OzoneContainer (OzoneContainer.java:start(213)) - Attempting to start container services.
2019-10-17 01:10:27,498 [Datanode State Machine Thread - 0] INFO  ozoneimpl.OzoneContainer (OzoneContainer.java:startContainerScrub(177)) - Background container scanner has been disabled.
2019-10-17 01:10:27,498 [Datanode State Machine Thread - 0] INFO  ratis.XceiverServerRatis (XceiverServerRatis.java:start(424)) - Starting XceiverServerRatis ee6ff355-4f2c-4ff1-aa68-7ca64f6b5439 at port 37608
2019-10-17 01:10:27,508 [Datanode State Machine Thread - 0] INFO  impl.RaftServerImpl (RaftServerImpl.java:start(195)) - ee6ff355-4f2c-4ff1-aa68-7ca64f6b5439@group-BD7A3B63C209: start as a follower, conf=0: [ee6ff355-4f2c-4ff1-aa68-7ca64f6b5439:192.168.157.194:37608, e3697062-c193-48d1-b15e-d6b6b4dc6638:192.168.157.194:40986, a10aa3ca-3ab2-4d87-9bc7-0d045ec2b4ce:192.168.157.194:36577], old=null
2019-10-17 01:10:27,509 [ForkJoinPool.commonPool-worker-1] INFO  impl.RaftServerImpl (RaftServerImpl.java:start(195)) - ee6ff355-4f2c-4ff1-aa68-7ca64f6b5439@group-2921AD756026: start as a follower, conf=0: [ee6ff355-4f2c-4ff1-aa68-7ca64f6b5439:192.168.157.194:37608], old=null
2019-10-17 01:10:27,509 [Datanode State Machine Thread - 0] INFO  impl.RaftServerImpl (RaftServerImpl.java:setRole(184)) - ee6ff355-4f2c-4ff1-aa68-7ca64f6b5439@group-BD7A3B63C209: changes role from      null to FOLLOWER at term 3 for startAsFollower
2019-10-17 01:10:27,509 [ForkJoinPool.commonPool-worker-1] INFO  impl.RaftServerImpl (RaftServerImpl.java:setRole(184)) - ee6ff355-4f2c-4ff1-aa68-7ca64f6b5439@group-2921AD756026: changes role from      null to FOLLOWER at term 1 for startAsFollower
2019-10-17 01:10:27,509 [Datanode State Machine Thread - 0] INFO  impl.RoleInfo (RoleInfo.java:updateAndGet(143)) - ee6ff355-4f2c-4ff1-aa68-7ca64f6b5439: start FollowerState
2019-10-17 01:10:27,509 [ForkJoinPool.commonPool-worker-1] INFO  impl.RoleInfo (RoleInfo.java:updateAndGet(143)) - ee6ff355-4f2c-4ff1-aa68-7ca64f6b5439: start FollowerState
2019-10-17 01:10:27,510 [Datanode State Machine Thread - 0] INFO  util.JmxRegister (JmxRegister.java:tryRegister(44)) - Successfully registered JMX Bean with object name Ratis:service=RaftServer,group=group-BD7A3B63C209,id=ee6ff355-4f2c-4ff1-aa68-7ca64f6b5439
2019-10-17 01:10:27,510 [ForkJoinPool.commonPool-worker-1] INFO  util.JmxRegister (JmxRegister.java:tryRegister(44)) - Successfully registered JMX Bean with object name Ratis:service=RaftServer,group=group-2921AD756026,id=ee6ff355-4f2c-4ff1-aa68-7ca64f6b5439
2019-10-17 01:10:27,512 [Datanode State Machine Thread - 0] INFO  impl.RaftServerProxy (RaftServerProxy.java:lambda$start$3(299)) - ee6ff355-4f2c-4ff1-aa68-7ca64f6b5439: start RPC server
2019-10-17 01:10:27,514 [Datanode State Machine Thread - 0] INFO  server.GrpcService (GrpcService.java:startImpl(158)) - ee6ff355-4f2c-4ff1-aa68-7ca64f6b5439: GrpcService started, listening on 0.0.0.0/0.0.0.0:37608
2019-10-17 01:10:27,572 [Thread-551] INFO  impl.FollowerState (FollowerState.java:run(108)) - ee6ff355-4f2c-4ff1-aa68-7ca64f6b5439@group-BD7A3B63C209-FollowerState: change to CANDIDATE, lastRpcTime:62ms, electionTimeout:62ms
2019-10-17 01:10:27,573 [Thread-551] INFO  impl.RoleInfo (RoleInfo.java:shutdownFollowerState(121)) - ee6ff355-4f2c-4ff1-aa68-7ca64f6b5439: shutdown FollowerState
2019-10-17 01:10:27,573 [Thread-551] INFO  impl.RaftServerImpl (RaftServerImpl.java:setRole(184)) - ee6ff355-4f2c-4ff1-aa68-7ca64f6b5439@group-BD7A3B63C209: changes role from  FOLLOWER to CANDIDATE at term 3 for changeToCandidate
2019-10-17 01:10:27,573 [Thread-551] INFO  impl.RoleInfo (RoleInfo.java:updateAndGet(143)) - ee6ff355-4f2c-4ff1-aa68-7ca64f6b5439: start LeaderElection
2019-10-17 01:10:27,609 [ee6ff355-4f2c-4ff1-aa68-7ca64f6b5439@group-BD7A3B63C209-LeaderElection6] INFO  impl.LeaderElection (LeaderElection.java:askForVotes(178)) - ee6ff355-4f2c-4ff1-aa68-7ca64f6b5439@group-BD7A3B63C209-LeaderElection6: begin an election at term 4 for 0: [ee6ff355-4f2c-4ff1-aa68-7ca64f6b5439:192.168.157.194:37608, e3697062-c193-48d1-b15e-d6b6b4dc6638:192.168.157.194:40986, a10aa3ca-3ab2-4d87-9bc7-0d045ec2b4ce:192.168.157.194:36577], old=null
2019-10-17 01:10:27,621 [pool-7-thread-1] INFO  commands.RetriableDatanodeEventWatcher (RetriableDatanodeEventWatcher.java:onTimeout(47)) - RetriableDatanodeCommand type=deleteBlocksCommand with id=1571274624619 timed out. Retrying.
2019-10-17 01:10:27,621 [pool-7-thread-2] INFO  commands.RetriableDatanodeEventWatcher (RetriableDatanodeEventWatcher.java:onTimeout(47)) - RetriableDatanodeCommand type=deleteBlocksCommand with id=1571274624621 timed out. Retrying.
2019-10-17 01:10:27,622 [pool-7-thread-3] INFO  commands.RetriableDatanodeEventWatcher (RetriableDatanodeEventWatcher.java:onTimeout(47)) - RetriableDatanodeCommand type=deleteBlocksCommand with id=1571274624620 timed out. Retrying.
2019-10-17 01:10:27,627 [SCMBlockDeletingService#0] INFO  block.SCMBlockDeletingService (SCMBlockDeletingService.java:call(184)) - Totally added 1 delete blocks command for 1 datanodes, task elapsed time: 5ms
2019-10-17 01:10:27,627 [grpc-default-executor-0] INFO  impl.RaftServerImpl (ServerState.java:setLeader(256)) - e3697062-c193-48d1-b15e-d6b6b4dc6638@group-BD7A3B63C209: change Leader from e3697062-c193-48d1-b15e-d6b6b4dc6638 to null at term 4 for updateCurrentTerm
2019-10-17 01:10:27,627 [grpc-default-executor-1] INFO  impl.RaftServerImpl (ServerState.java:setLeader(256)) - a10aa3ca-3ab2-4d87-9bc7-0d045ec2b4ce@group-BD7A3B63C209: change Leader from e3697062-c193-48d1-b15e-d6b6b4dc6638 to null at term 4 for updateCurrentTerm
2019-10-17 01:10:27,627 [grpc-default-executor-0] INFO  impl.RaftServerImpl (RaftServerImpl.java:setRole(184)) - e3697062-c193-48d1-b15e-d6b6b4dc6638@group-BD7A3B63C209: changes role from    LEADER to FOLLOWER at term 4 for recognizeCandidate:ee6ff355-4f2c-4ff1-aa68-7ca64f6b5439
2019-10-17 01:10:27,627 [grpc-default-executor-1] INFO  impl.RaftServerImpl (RaftServerImpl.java:setRole(184)) - a10aa3ca-3ab2-4d87-9bc7-0d045ec2b4ce@group-BD7A3B63C209: changes role from  FOLLOWER to FOLLOWER at term 4 for recognizeCandidate:ee6ff355-4f2c-4ff1-aa68-7ca64f6b5439
2019-10-17 01:10:27,628 [grpc-default-executor-0] INFO  impl.RoleInfo (RoleInfo.java:shutdownLeaderState(104)) - e3697062-c193-48d1-b15e-d6b6b4dc6638: shutdown LeaderState
2019-10-17 01:10:27,628 [grpc-default-executor-1] INFO  impl.RoleInfo (RoleInfo.java:shutdownFollowerState(121)) - a10aa3ca-3ab2-4d87-9bc7-0d045ec2b4ce: shutdown FollowerState
2019-10-17 01:10:27,630 [grpc-default-executor-0] INFO  impl.PendingRequests (PendingRequests.java:sendNotLeaderResponses(202)) - e3697062-c193-48d1-b15e-d6b6b4dc6638@group-BD7A3B63C209-PendingRequests: sendNotLeaderResponses
2019-10-17 01:10:27,631 [org.apache.ratis.server.impl.LogAppender$AppenderDaemon$$Lambda$422/1187393093@34fc8ccc] WARN  server.GrpcLogAppender (GrpcLogAppender.java:mayWait(149)) - e3697062-c193-48d1-b15e-d6b6b4dc6638@group-BD7A3B63C209->a10aa3ca-3ab2-4d87-9bc7-0d045ec2b4ce-GrpcLogAppender: Wait interrupted by java.lang.InterruptedException
2019-10-17 01:10:27,631 [Thread-228] INFO  impl.FollowerState (FollowerState.java:run(117)) - a10aa3ca-3ab2-4d87-9bc7-0d045ec2b4ce@group-BD7A3B63C209-FollowerState was interrupted: java.lang.InterruptedException: sleep interrupted
2019-10-17 01:10:27,631 [org.apache.ratis.server.impl.LogAppender$AppenderDaemon$$Lambda$422/1187393093@5334db3] WARN  server.GrpcLogAppender (GrpcLogAppender.java:mayWait(149)) - e3697062-c193-48d1-b15e-d6b6b4dc6638@group-BD7A3B63C209->ee6ff355-4f2c-4ff1-aa68-7ca64f6b5439-GrpcLogAppender: Wait interrupted by java.lang.InterruptedException
2019-10-17 01:10:27,631 [grpc-default-executor-1] INFO  impl.RoleInfo (RoleInfo.java:updateAndGet(143)) - a10aa3ca-3ab2-4d87-9bc7-0d045ec2b4ce: start FollowerState
2019-10-17 01:10:27,635 [Thread-559] INFO  client.GrpcClientProtocolService (GrpcClientProtocolService.java:lambda$processClientRequest$0(278)) - Failed RaftClientRequest:client-B379F03C97AF->e3697062-c193-48d1-b15e-d6b6b4dc6638@group-BD7A3B63C209, cid=10, seq=0, Watch-ALL_COMMITTED(6), Message:<EMPTY>, reply=RaftClientReply:client-B379F03C97AF->e3697062-c193-48d1-b15e-d6b6b4dc6638@group-BD7A3B63C209, cid=10, FAILED org.apache.ratis.protocol.NotLeaderException: Server e3697062-c193-48d1-b15e-d6b6b4dc6638@group-BD7A3B63C209 is not the leader, logIndex=0, commits[e3697062-c193-48d1-b15e-d6b6b4dc6638:c10, ee6ff355-4f2c-4ff1-aa68-7ca64f6b5439:c4, a10aa3ca-3ab2-4d87-9bc7-0d045ec2b4ce:c10]
2019-10-17 01:10:27,635 [grpc-default-executor-0] INFO  impl.RoleInfo (RoleInfo.java:updateAndGet(143)) - e3697062-c193-48d1-b15e-d6b6b4dc6638: start FollowerState
2019-10-17 01:10:27,636 [grpc-default-executor-3] INFO  server.GrpcServerProtocolService (GrpcServerProtocolService.java:onCompleted(113)) - a10aa3ca-3ab2-4d87-9bc7-0d045ec2b4ce: Completed APPEND_ENTRIES, lastRequest: e3697062-c193-48d1-b15e-d6b6b4dc6638->a10aa3ca-3ab2-4d87-9bc7-0d045ec2b4ce#52-t3, previous=(t:3, i:10), leaderCommit=10, initializing? false, entries: <empty>
2019-10-17 01:10:27,641 [grpc-default-executor-6] INFO  server.GrpcLogAppender (GrpcLogAppender.java:onCompleted(308)) - e3697062-c193-48d1-b15e-d6b6b4dc6638@group-BD7A3B63C209->a10aa3ca-3ab2-4d87-9bc7-0d045ec2b4ce-AppendLogResponseHandler: follower responses appendEntries COMPLETED
2019-10-17 01:10:27,643 [grpc-default-executor-6] INFO  impl.FollowerInfo (FollowerInfo.java:lambda$new$0(51)) - e3697062-c193-48d1-b15e-d6b6b4dc6638@group-BD7A3B63C209->a10aa3ca-3ab2-4d87-9bc7-0d045ec2b4ce: nextIndex: updateUnconditionally 11 -> 10
2019-10-17 01:10:27,656 [ee6ff355-4f2c-4ff1-aa68-7ca64f6b5439@group-BD7A3B63C209-LeaderElection6] INFO  impl.LeaderElection (LeaderElection.java:logAndReturn(56)) - ee6ff355-4f2c-4ff1-aa68-7ca64f6b5439@group-BD7A3B63C209-LeaderElection6: Election REJECTED; received 2 response(s) [ee6ff355-4f2c-4ff1-aa68-7ca64f6b5439<-e3697062-c193-48d1-b15e-d6b6b4dc6638#0:FAIL-t4, ee6ff355-4f2c-4ff1-aa68-7ca64f6b5439<-a10aa3ca-3ab2-4d87-9bc7-0d045ec2b4ce#0:FAIL-t4] and 0 exception(s); ee6ff355-4f2c-4ff1-aa68-7ca64f6b5439@group-BD7A3B63C209:t4, leader=null, voted=ee6ff355-4f2c-4ff1-aa68-7ca64f6b5439, raftlog=ee6ff355-4f2c-4ff1-aa68-7ca64f6b5439@group-BD7A3B63C209-SegmentedRaftLog:OPENED:c3,f4,i4, conf=0: [ee6ff355-4f2c-4ff1-aa68-7ca64f6b5439:192.168.157.194:37608, e3697062-c193-48d1-b15e-d6b6b4dc6638:192.168.157.194:40986, a10aa3ca-3ab2-4d87-9bc7-0d045ec2b4ce:192.168.157.194:36577], old=null
2019-10-17 01:10:27,656 [ee6ff355-4f2c-4ff1-aa68-7ca64f6b5439@group-BD7A3B63C209-LeaderElection6] INFO  impl.RaftServerImpl (RaftServerImpl.java:setRole(184)) - ee6ff355-4f2c-4ff1-aa68-7ca64f6b5439@group-BD7A3B63C209: changes role from CANDIDATE to FOLLOWER at term 4 for DISCOVERED_A_NEW_TERM
2019-10-17 01:10:27,657 [ee6ff355-4f2c-4ff1-aa68-7ca64f6b5439@group-BD7A3B63C209-LeaderElection6] INFO  impl.RoleInfo (RoleInfo.java:shutdownLeaderElection(134)) - ee6ff355-4f2c-4ff1-aa68-7ca64f6b5439: shutdown LeaderElection
2019-10-17 01:10:27,657 [ee6ff355-4f2c-4ff1-aa68-7ca64f6b5439@group-BD7A3B63C209-LeaderElection6] INFO  impl.RoleInfo (RoleInfo.java:updateAndGet(143)) - ee6ff355-4f2c-4ff1-aa68-7ca64f6b5439: start FollowerState
2019-10-17 01:10:27,657 [Thread-552] INFO  impl.FollowerState (FollowerState.java:run(108)) - ee6ff355-4f2c-4ff1-aa68-7ca64f6b5439@group-2921AD756026-FollowerState: change to CANDIDATE, lastRpcTime:147ms, electionTimeout:147ms
2019-10-17 01:10:27,659 [Thread-552] INFO  impl.RoleInfo (RoleInfo.java:shutdownFollowerState(121)) - ee6ff355-4f2c-4ff1-aa68-7ca64f6b5439: shutdown FollowerState
2019-10-17 01:10:27,659 [Thread-552] INFO  impl.RaftServerImpl (RaftServerImpl.java:setRole(184)) - ee6ff355-4f2c-4ff1-aa68-7ca64f6b5439@group-2921AD756026: changes role from  FOLLOWER to CANDIDATE at term 1 for changeToCandidate
2019-10-17 01:10:27,659 [Thread-552] INFO  impl.RoleInfo (RoleInfo.java:updateAndGet(143)) - ee6ff355-4f2c-4ff1-aa68-7ca64f6b5439: start LeaderElection
2019-10-17 01:10:27,674 [ee6ff355-4f2c-4ff1-aa68-7ca64f6b5439@group-2921AD756026-LeaderElection7] INFO  impl.LeaderElection (LeaderElection.java:askForVotes(178)) - ee6ff355-4f2c-4ff1-aa68-7ca64f6b5439@group-2921AD756026-LeaderElection7: begin an election at term 2 for 0: [ee6ff355-4f2c-4ff1-aa68-7ca64f6b5439:192.168.157.194:37608], old=null
2019-10-17 01:10:27,674 [ee6ff355-4f2c-4ff1-aa68-7ca64f6b5439@group-2921AD756026-LeaderElection7] INFO  impl.RoleInfo (RoleInfo.java:shutdownLeaderElection(134)) - ee6ff355-4f2c-4ff1-aa68-7ca64f6b5439: shutdown LeaderElection
2019-10-17 01:10:27,674 [ee6ff355-4f2c-4ff1-aa68-7ca64f6b5439@group-2921AD756026-LeaderElection7] INFO  impl.RaftServerImpl (RaftServerImpl.java:setRole(184)) - ee6ff355-4f2c-4ff1-aa68-7ca64f6b5439@group-2921AD756026: changes role from CANDIDATE to LEADER at term 2 for changeToLeader
2019-10-17 01:10:27,674 [ee6ff355-4f2c-4ff1-aa68-7ca64f6b5439@group-2921AD756026-LeaderElection7] INFO  ratis.XceiverServerRatis (XceiverServerRatis.java:handleLeaderChangedNotification(699)) - Leader change notification received for group: group-2921AD756026 with new leaderId: ee6ff355-4f2c-4ff1-aa68-7ca64f6b5439
2019-10-17 01:10:27,674 [ee6ff355-4f2c-4ff1-aa68-7ca64f6b5439@group-2921AD756026-LeaderElection7] INFO  impl.RaftServerImpl (ServerState.java:setLeader(256)) - ee6ff355-4f2c-4ff1-aa68-7ca64f6b5439@group-2921AD756026: change Leader from null to ee6ff355-4f2c-4ff1-aa68-7ca64f6b5439 at term 2 for becomeLeader, leader elected after 2223ms
2019-10-17 01:10:27,675 [ee6ff355-4f2c-4ff1-aa68-7ca64f6b5439@group-2921AD756026-LeaderElection7] INFO  server.RaftServerConfigKeys (ConfUtils.java:logGet(43)) - raft.server.staging.catchup.gap = 1000 (default)
2019-10-17 01:10:27,675 [ee6ff355-4f2c-4ff1-aa68-7ca64f6b5439@group-2921AD756026-LeaderElection7] INFO  server.RaftServerConfigKeys (ConfUtils.java:logGet(43)) - raft.server.rpc.sleep.time = 25ms (default)
2019-10-17 01:10:27,675 [ee6ff355-4f2c-4ff1-aa68-7ca64f6b5439@group-2921AD756026-LeaderElection7] INFO  server.RaftServerConfigKeys (ConfUtils.java:logGet(43)) - raft.server.write.element-limit = 4096 (default)
2019-10-17 01:10:27,675 [ee6ff355-4f2c-4ff1-aa68-7ca64f6b5439@group-2921AD756026-LeaderElection7] INFO  server.RaftServerConfigKeys (ConfUtils.java:logGet(43)) - raft.server.watch.timeout = 10s (default)
2019-10-17 01:10:27,675 [ee6ff355-4f2c-4ff1-aa68-7ca64f6b5439@group-2921AD756026-LeaderElection7] INFO  server.RaftServerConfigKeys (ConfUtils.java:logGet(43)) - raft.server.watch.timeout.denomination = 1s (default)
2019-10-17 01:10:27,675 [ee6ff355-4f2c-4ff1-aa68-7ca64f6b5439@group-2921AD756026-LeaderElection7] INFO  server.RaftServerConfigKeys (ConfUtils.java:logGet(43)) - raft.server.watch.element-limit = 65536 (default)
2019-10-17 01:10:27,676 [ee6ff355-4f2c-4ff1-aa68-7ca64f6b5439@group-2921AD756026-LeaderElection7] INFO  impl.RoleInfo (RoleInfo.java:updateAndGet(143)) - ee6ff355-4f2c-4ff1-aa68-7ca64f6b5439: start LeaderState
2019-10-17 01:10:27,676 [Thread-561] INFO  impl.FollowerState (FollowerState.java:run(108)) - ee6ff355-4f2c-4ff1-aa68-7ca64f6b5439@group-BD7A3B63C209-FollowerState: change to CANDIDATE, lastRpcTime:18ms, electionTimeout:17ms
2019-10-17 01:10:27,676 [Thread-561] INFO  impl.RoleInfo (RoleInfo.java:shutdownFollowerState(121)) - ee6ff355-4f2c-4ff1-aa68-7ca64f6b5439: shutdown FollowerState
2019-10-17 01:10:27,676 [Thread-561] INFO  impl.RaftServerImpl (RaftServerImpl.java:setRole(184)) - ee6ff355-4f2c-4ff1-aa68-7ca64f6b5439@group-BD7A3B63C209: changes role from  FOLLOWER to CANDIDATE at term 4 for changeToCandidate
2019-10-17 01:10:27,676 [EventQueue-PendingDeleteStatusForPendingDeleteHandler] INFO  block.SCMBlockDeletingService (SCMBlockDeletingService.java:handlePendingDeletes(115)) - Block deletion txnID mismatch in datanode ee6ff355-4f2c-4ff1-aa68-7ca64f6b5439 for containerID 1. Datanode delete txnID: 0, SCM txnID: 1
2019-10-17 01:10:27,676 [Thread-561] INFO  impl.RoleInfo (RoleInfo.java:updateAndGet(143)) - ee6ff355-4f2c-4ff1-aa68-7ca64f6b5439: start LeaderElection
2019-10-17 01:10:27,676 [ee6ff355-4f2c-4ff1-aa68-7ca64f6b5439@group-2921AD756026-LeaderElection7] INFO  segmented.SegmentedRaftLogWorker (SegmentedRaftLogWorker.java:rollLogSegment(390)) - ee6ff355-4f2c-4ff1-aa68-7ca64f6b5439@group-2921AD756026-SegmentedRaftLogWorker: Rolling segment log-0_0 to index:0
2019-10-17 01:10:27,680 [ee6ff355-4f2c-4ff1-aa68-7ca64f6b5439@group-2921AD756026-LeaderElection7] INFO  impl.RaftServerImpl (ServerState.java:setRaftConf(357)) - ee6ff355-4f2c-4ff1-aa68-7ca64f6b5439@group-2921AD756026: set configuration 1: [ee6ff355-4f2c-4ff1-aa68-7ca64f6b5439:192.168.157.194:37608], old=null at 1
2019-10-17 01:10:27,684 [ee6ff355-4f2c-4ff1-aa68-7ca64f6b5439@group-2921AD756026-SegmentedRaftLogWorker] INFO  segmented.SegmentedRaftLogWorker (SegmentedRaftLogWorker.java:execute(533)) - ee6ff355-4f2c-4ff1-aa68-7ca64f6b5439@group-2921AD756026-SegmentedRaftLogWorker: Rolled log segment from /workdir/hadoop-ozone/integration-test/target/test-dir/MiniOzoneClusterImpl-85f8a08e-f83a-42a3-ae7e-0eb0c728a558/datanode-1/data/ratis/85add53d-41c4-4b56-bb91-2921ad756026/current/log_inprogress_0 to /workdir/hadoop-ozone/integration-test/target/test-dir/MiniOzoneClusterImpl-85f8a08e-f83a-42a3-ae7e-0eb0c728a558/datanode-1/data/ratis/85add53d-41c4-4b56-bb91-2921ad756026/current/log_0-0
2019-10-17 01:10:27,692 [ee6ff355-4f2c-4ff1-aa68-7ca64f6b5439@group-BD7A3B63C209-LeaderElection8] INFO  impl.LeaderElection (LeaderElection.java:askForVotes(178)) - ee6ff355-4f2c-4ff1-aa68-7ca64f6b5439@group-BD7A3B63C209-LeaderElection8: begin an election at term 5 for 0: [ee6ff355-4f2c-4ff1-aa68-7ca64f6b5439:192.168.157.194:37608, e3697062-c193-48d1-b15e-d6b6b4dc6638:192.168.157.194:40986, a10aa3ca-3ab2-4d87-9bc7-0d045ec2b4ce:192.168.157.194:36577], old=null
2019-10-17 01:10:27,711 [grpc-default-executor-0] INFO  impl.RaftServerImpl (RaftServerImpl.java:setRole(184)) - e3697062-c193-48d1-b15e-d6b6b4dc6638@group-BD7A3B63C209: changes role from  FOLLOWER to FOLLOWER at term 5 for recognizeCandidate:ee6ff355-4f2c-4ff1-aa68-7ca64f6b5439
2019-10-17 01:10:27,713 [grpc-default-executor-0] INFO  impl.RoleInfo (RoleInfo.java:shutdownFollowerState(121)) - e3697062-c193-48d1-b15e-d6b6b4dc6638: shutdown FollowerState
2019-10-17 01:10:27,714 [grpc-default-executor-0] INFO  impl.RoleInfo (RoleInfo.java:updateAndGet(143)) - e3697062-c193-48d1-b15e-d6b6b4dc6638: start FollowerState
2019-10-17 01:10:27,714 [Thread-560] INFO  impl.FollowerState (FollowerState.java:run(117)) - e3697062-c193-48d1-b15e-d6b6b4dc6638@group-BD7A3B63C209-FollowerState was interrupted: java.lang.InterruptedException: sleep interrupted
2019-10-17 01:10:27,714 [grpc-default-executor-1] INFO  impl.RaftServerImpl (RaftServerImpl.java:setRole(184)) - a10aa3ca-3ab2-4d87-9bc7-0d045ec2b4ce@group-BD7A3B63C209: changes role from  FOLLOWER to FOLLOWER at term 5 for recognizeCandidate:ee6ff355-4f2c-4ff1-aa68-7ca64f6b5439
2019-10-17 01:10:27,715 [grpc-default-executor-1] INFO  impl.RoleInfo (RoleInfo.java:shutdownFollowerState(121)) - a10aa3ca-3ab2-4d87-9bc7-0d045ec2b4ce: shutdown FollowerState
2019-10-17 01:10:27,715 [grpc-default-executor-1] INFO  impl.RoleInfo (RoleInfo.java:updateAndGet(143)) - a10aa3ca-3ab2-4d87-9bc7-0d045ec2b4ce: start FollowerState
2019-10-17 01:10:27,715 [Thread-558] INFO  impl.FollowerState (FollowerState.java:run(117)) - a10aa3ca-3ab2-4d87-9bc7-0d045ec2b4ce@group-BD7A3B63C209-FollowerState was interrupted: java.lang.InterruptedException: sleep interrupted
2019-10-17 01:10:27,724 [ee6ff355-4f2c-4ff1-aa68-7ca64f6b5439@group-2921AD756026-SegmentedRaftLogWorker] INFO  segmented.SegmentedRaftLogWorker (SegmentedRaftLogWorker.java:execute(576)) - ee6ff355-4f2c-4ff1-aa68-7ca64f6b5439@group-2921AD756026-SegmentedRaftLogWorker: created new log segment /workdir/hadoop-ozone/integration-test/target/test-dir/MiniOzoneClusterImpl-85f8a08e-f83a-42a3-ae7e-0eb0c728a558/datanode-1/data/ratis/85add53d-41c4-4b56-bb91-2921ad756026/current/log_inprogress_1
2019-10-17 01:10:27,728 [ee6ff355-4f2c-4ff1-aa68-7ca64f6b5439@group-BD7A3B63C209-LeaderElection8] INFO  impl.LeaderElection (LeaderElection.java:logAndReturn(56)) - ee6ff355-4f2c-4ff1-aa68-7ca64f6b5439@group-BD7A3B63C209-LeaderElection8: Election REJECTED; received 2 response(s) [ee6ff355-4f2c-4ff1-aa68-7ca64f6b5439<-e3697062-c193-48d1-b15e-d6b6b4dc6638#0:FAIL-t5, ee6ff355-4f2c-4ff1-aa68-7ca64f6b5439<-a10aa3ca-3ab2-4d87-9bc7-0d045ec2b4ce#0:FAIL-t5] and 0 exception(s); ee6ff355-4f2c-4ff1-aa68-7ca64f6b5439@group-BD7A3B63C209:t5, leader=null, voted=ee6ff355-4f2c-4ff1-aa68-7ca64f6b5439, raftlog=ee6ff355-4f2c-4ff1-aa68-7ca64f6b5439@group-BD7A3B63C209-SegmentedRaftLog:OPENED:c3,f4,i4, conf=0: [ee6ff355-4f2c-4ff1-aa68-7ca64f6b5439:192.168.157.194:37608, e3697062-c193-48d1-b15e-d6b6b4dc6638:192.168.157.194:40986, a10aa3ca-3ab2-4d87-9bc7-0d045ec2b4ce:192.168.157.194:36577], old=null
2019-10-17 01:10:27,728 [ee6ff355-4f2c-4ff1-aa68-7ca64f6b5439@group-BD7A3B63C209-LeaderElection8] INFO  impl.RaftServerImpl (RaftServerImpl.java:setRole(184)) - ee6ff355-4f2c-4ff1-aa68-7ca64f6b5439@group-BD7A3B63C209: changes role from CANDIDATE to FOLLOWER at term 5 for DISCOVERED_A_NEW_TERM
2019-10-17 01:10:27,729 [ee6ff355-4f2c-4ff1-aa68-7ca64f6b5439@group-BD7A3B63C209-LeaderElection8] INFO  impl.RoleInfo (RoleInfo.java:shutdownLeaderElection(134)) - ee6ff355-4f2c-4ff1-aa68-7ca64f6b5439: shutdown LeaderElection
2019-10-17 01:10:27,729 [ee6ff355-4f2c-4ff1-aa68-7ca64f6b5439@group-BD7A3B63C209-LeaderElection8] INFO  impl.RoleInfo (RoleInfo.java:updateAndGet(143)) - ee6ff355-4f2c-4ff1-aa68-7ca64f6b5439: start FollowerState
2019-10-17 01:10:27,732 [Thread-569] INFO  impl.FollowerState (FollowerState.java:run(108)) - ee6ff355-4f2c-4ff1-aa68-7ca64f6b5439@group-BD7A3B63C209-FollowerState: change to CANDIDATE, lastRpcTime:2ms, electionTimeout:2ms
2019-10-17 01:10:27,733 [Thread-569] INFO  impl.RoleInfo (RoleInfo.java:shutdownFollowerState(121)) - ee6ff355-4f2c-4ff1-aa68-7ca64f6b5439: shutdown FollowerState
2019-10-17 01:10:27,733 [Thread-569] INFO  impl.RaftServerImpl (RaftServerImpl.java:setRole(184)) - ee6ff355-4f2c-4ff1-aa68-7ca64f6b5439@group-BD7A3B63C209: changes role from  FOLLOWER to CANDIDATE at term 5 for changeToCandidate
2019-10-17 01:10:27,733 [Thread-569] INFO  impl.RoleInfo (RoleInfo.java:updateAndGet(143)) - ee6ff355-4f2c-4ff1-aa68-7ca64f6b5439: start LeaderElection
2019-10-17 01:10:27,738 [ee6ff355-4f2c-4ff1-aa68-7ca64f6b5439@group-BD7A3B63C209-LeaderElection9] INFO  impl.LeaderElection (LeaderElection.java:askForVotes(178)) - ee6ff355-4f2c-4ff1-aa68-7ca64f6b5439@group-BD7A3B63C209-LeaderElection9: begin an election at term 6 for 0: [ee6ff355-4f2c-4ff1-aa68-7ca64f6b5439:192.168.157.194:37608, e3697062-c193-48d1-b15e-d6b6b4dc6638:192.168.157.194:40986, a10aa3ca-3ab2-4d87-9bc7-0d045ec2b4ce:192.168.157.194:36577], old=null
2019-10-17 01:10:27,741 [grpc-default-executor-1] INFO  impl.RaftServerImpl (RaftServerImpl.java:setRole(184)) - e3697062-c193-48d1-b15e-d6b6b4dc6638@group-BD7A3B63C209: changes role from  FOLLOWER to FOLLOWER at term 6 for recognizeCandidate:ee6ff355-4f2c-4ff1-aa68-7ca64f6b5439
2019-10-17 01:10:27,742 [grpc-default-executor-1] INFO  impl.RoleInfo (RoleInfo.java:shutdownFollowerState(121)) - e3697062-c193-48d1-b15e-d6b6b4dc6638: shutdown FollowerState
2019-10-17 01:10:27,742 [grpc-default-executor-0] INFO  impl.RaftServerImpl (RaftServerImpl.java:setRole(184)) - a10aa3ca-3ab2-4d87-9bc7-0d045ec2b4ce@group-BD7A3B63C209: changes role from  FOLLOWER to FOLLOWER at term 6 for recognizeCandidate:ee6ff355-4f2c-4ff1-aa68-7ca64f6b5439
2019-10-17 01:10:27,743 [grpc-default-executor-1] INFO  impl.RoleInfo (RoleInfo.java:updateAndGet(143)) - e3697062-c193-48d1-b15e-d6b6b4dc6638: start FollowerState
2019-10-17 01:10:27,743 [Thread-567] INFO  impl.FollowerState (FollowerState.java:run(117)) - e3697062-c193-48d1-b15e-d6b6b4dc6638@group-BD7A3B63C209-FollowerState was interrupted: java.lang.InterruptedException: sleep interrupted
2019-10-17 01:10:27,743 [grpc-default-executor-0] INFO  impl.RoleInfo (RoleInfo.java:shutdownFollowerState(121)) - a10aa3ca-3ab2-4d87-9bc7-0d045ec2b4ce: shutdown FollowerState
2019-10-17 01:10:27,744 [Thread-568] INFO  impl.FollowerState (FollowerState.java:run(117)) - a10aa3ca-3ab2-4d87-9bc7-0d045ec2b4ce@group-BD7A3B63C209-FollowerState was interrupted: java.lang.InterruptedException: sleep interrupted
2019-10-17 01:10:27,744 [grpc-default-executor-0] INFO  impl.RoleInfo (RoleInfo.java:updateAndGet(143)) - a10aa3ca-3ab2-4d87-9bc7-0d045ec2b4ce: start FollowerState
2019-10-17 01:10:27,777 [ee6ff355-4f2c-4ff1-aa68-7ca64f6b5439@group-BD7A3B63C209-LeaderElection9] INFO  impl.LeaderElection (LeaderElection.java:logAndReturn(56)) - ee6ff355-4f2c-4ff1-aa68-7ca64f6b5439@group-BD7A3B63C209-LeaderElection9: Election REJECTED; received 2 response(s) [ee6ff355-4f2c-4ff1-aa68-7ca64f6b5439<-e3697062-c193-48d1-b15e-d6b6b4dc6638#0:FAIL-t6, ee6ff355-4f2c-4ff1-aa68-7ca64f6b5439<-a10aa3ca-3ab2-4d87-9bc7-0d045ec2b4ce#0:FAIL-t6] and 0 exception(s); ee6ff355-4f2c-4ff1-aa68-7ca64f6b5439@group-BD7A3B63C209:t6, leader=null, voted=ee6ff355-4f2c-4ff1-aa68-7ca64f6b5439, raftlog=ee6ff355-4f2c-4ff1-aa68-7ca64f6b5439@group-BD7A3B63C209-SegmentedRaftLog:OPENED:c3,f4,i4, conf=0: [ee6ff355-4f2c-4ff1-aa68-7ca64f6b5439:192.168.157.194:37608, e3697062-c193-48d1-b15e-d6b6b4dc6638:192.168.157.194:40986, a10aa3ca-3ab2-4d87-9bc7-0d045ec2b4ce:192.168.157.194:36577], old=null
2019-10-17 01:10:27,777 [ee6ff355-4f2c-4ff1-aa68-7ca64f6b5439@group-BD7A3B63C209-LeaderElection9] INFO  impl.RaftServerImpl (RaftServerImpl.java:setRole(184)) - ee6ff355-4f2c-4ff1-aa68-7ca64f6b5439@group-BD7A3B63C209: changes role from CANDIDATE to FOLLOWER at term 6 for DISCOVERED_A_NEW_TERM
2019-10-17 01:10:27,778 [ee6ff355-4f2c-4ff1-aa68-7ca64f6b5439@group-BD7A3B63C209-LeaderElection9] INFO  impl.RoleInfo (RoleInfo.java:shutdownLeaderElection(134)) - ee6ff355-4f2c-4ff1-aa68-7ca64f6b5439: shutdown LeaderElection
2019-10-17 01:10:27,778 [ee6ff355-4f2c-4ff1-aa68-7ca64f6b5439@group-BD7A3B63C209-LeaderElection9] INFO  impl.RoleInfo (RoleInfo.java:updateAndGet(143)) - ee6ff355-4f2c-4ff1-aa68-7ca64f6b5439: start FollowerState
2019-10-17 01:10:27,895 [Thread-575] INFO  impl.FollowerState (FollowerState.java:run(108)) - ee6ff355-4f2c-4ff1-aa68-7ca64f6b5439@group-BD7A3B63C209-FollowerState: change to CANDIDATE, lastRpcTime:116ms, electionTimeout:115ms
2019-10-17 01:10:27,896 [Thread-575] INFO  impl.RoleInfo (RoleInfo.java:shutdownFollowerState(121)) - ee6ff355-4f2c-4ff1-aa68-7ca64f6b5439: shutdown FollowerState
2019-10-17 01:10:27,896 [Thread-575] INFO  impl.RaftServerImpl (RaftServerImpl.java:setRole(184)) - ee6ff355-4f2c-4ff1-aa68-7ca64f6b5439@group-BD7A3B63C209: changes role from  FOLLOWER to CANDIDATE at term 6 for changeToCandidate
2019-10-17 01:10:27,896 [Thread-575] INFO  impl.RoleInfo (RoleInfo.java:updateAndGet(143)) - ee6ff355-4f2c-4ff1-aa68-7ca64f6b5439: start LeaderElection
2019-10-17 01:10:27,915 [ee6ff355-4f2c-4ff1-aa68-7ca64f6b5439@group-BD7A3B63C209-LeaderElection10] INFO  impl.LeaderElection (LeaderElection.java:askForVotes(178)) - ee6ff355-4f2c-4ff1-aa68-7ca64f6b5439@group-BD7A3B63C209-LeaderElection10: begin an election at term 7 for 0: [ee6ff355-4f2c-4ff1-aa68-7ca64f6b5439:192.168.157.194:37608, e3697062-c193-48d1-b15e-d6b6b4dc6638:192.168.157.194:40986, a10aa3ca-3ab2-4d87-9bc7-0d045ec2b4ce:192.168.157.194:36577], old=null
2019-10-17 01:10:27,920 [grpc-default-executor-1] INFO  impl.RaftServerImpl (RaftServerImpl.java:setRole(184)) - e3697062-c193-48d1-b15e-d6b6b4dc6638@group-BD7A3B63C209: changes role from  FOLLOWER to FOLLOWER at term 7 for recognizeCandidate:ee6ff355-4f2c-4ff1-aa68-7ca64f6b5439
2019-10-17 01:10:27,921 [grpc-default-executor-0] INFO  impl.RaftServerImpl (RaftServerImpl.java:setRole(184)) - a10aa3ca-3ab2-4d87-9bc7-0d045ec2b4ce@group-BD7A3B63C209: changes role from  FOLLOWER to FOLLOWER at term 7 for recognizeCandidate:ee6ff355-4f2c-4ff1-aa68-7ca64f6b5439
2019-10-17 01:10:27,921 [grpc-default-executor-1] INFO  impl.RoleInfo (RoleInfo.java:shutdownFollowerState(121)) - e3697062-c193-48d1-b15e-d6b6b4dc6638: shutdown FollowerState
2019-10-17 01:10:27,921 [grpc-default-executor-0] INFO  impl.RoleInfo (RoleInfo.java:shutdownFollowerState(121)) - a10aa3ca-3ab2-4d87-9bc7-0d045ec2b4ce: shutdown FollowerState
2019-10-17 01:10:27,921 [Thread-573] INFO  impl.FollowerState (FollowerState.java:run(117)) - e3697062-c193-48d1-b15e-d6b6b4dc6638@group-BD7A3B63C209-FollowerState was interrupted: java.lang.InterruptedException: sleep interrupted
2019-10-17 01:10:27,921 [grpc-default-executor-1] INFO  impl.RoleInfo (RoleInfo.java:updateAndGet(143)) - e3697062-c193-48d1-b15e-d6b6b4dc6638: start FollowerState
2019-10-17 01:10:27,921 [grpc-default-executor-0] INFO  impl.RoleInfo (RoleInfo.java:updateAndGet(143)) - a10aa3ca-3ab2-4d87-9bc7-0d045ec2b4ce: start FollowerState
2019-10-17 01:10:27,921 [Thread-574] INFO  impl.FollowerState (FollowerState.java:run(117)) - a10aa3ca-3ab2-4d87-9bc7-0d045ec2b4ce@group-BD7A3B63C209-FollowerState was interrupted: java.lang.InterruptedException: sleep interrupted
2019-10-17 01:10:27,937 [ee6ff355-4f2c-4ff1-aa68-7ca64f6b5439@group-BD7A3B63C209-LeaderElection10] INFO  impl.LeaderElection (LeaderElection.java:logAndReturn(56)) - ee6ff355-4f2c-4ff1-aa68-7ca64f6b5439@group-BD7A3B63C209-LeaderElection10: Election REJECTED; received 2 response(s) [ee6ff355-4f2c-4ff1-aa68-7ca64f6b5439<-e3697062-c193-48d1-b15e-d6b6b4dc6638#0:FAIL-t7, ee6ff355-4f2c-4ff1-aa68-7ca64f6b5439<-a10aa3ca-3ab2-4d87-9bc7-0d045ec2b4ce#0:FAIL-t7] and 0 exception(s); ee6ff355-4f2c-4ff1-aa68-7ca64f6b5439@group-BD7A3B63C209:t7, leader=null, voted=ee6ff355-4f2c-4ff1-aa68-7ca64f6b5439, raftlog=ee6ff355-4f2c-4ff1-aa68-7ca64f6b5439@group-BD7A3B63C209-SegmentedRaftLog:OPENED:c3,f4,i4, conf=0: [ee6ff355-4f2c-4ff1-aa68-7ca64f6b5439:192.168.157.194:37608, e3697062-c193-48d1-b15e-d6b6b4dc6638:192.168.157.194:40986, a10aa3ca-3ab2-4d87-9bc7-0d045ec2b4ce:192.168.157.194:36577], old=null
2019-10-17 01:10:27,937 [ee6ff355-4f2c-4ff1-aa68-7ca64f6b5439@group-BD7A3B63C209-LeaderElection10] INFO  impl.RaftServerImpl (RaftServerImpl.java:setRole(184)) - ee6ff355-4f2c-4ff1-aa68-7ca64f6b5439@group-BD7A3B63C209: changes role from CANDIDATE to FOLLOWER at term 7 for DISCOVERED_A_NEW_TERM
2019-10-17 01:10:27,940 [ee6ff355-4f2c-4ff1-aa68-7ca64f6b5439@group-BD7A3B63C209-LeaderElection10] INFO  impl.RoleInfo (RoleInfo.java:shutdownLeaderElection(134)) - ee6ff355-4f2c-4ff1-aa68-7ca64f6b5439: shutdown LeaderElection
2019-10-17 01:10:27,940 [ee6ff355-4f2c-4ff1-aa68-7ca64f6b5439@group-BD7A3B63C209-LeaderElection10] INFO  impl.RoleInfo (RoleInfo.java:updateAndGet(143)) - ee6ff355-4f2c-4ff1-aa68-7ca64f6b5439: start FollowerState
2019-10-17 01:10:28,065 [Thread-581] INFO  impl.FollowerState (FollowerState.java:run(108)) - ee6ff355-4f2c-4ff1-aa68-7ca64f6b5439@group-BD7A3B63C209-FollowerState: change to CANDIDATE, lastRpcTime:125ms, electionTimeout:123ms
2019-10-17 01:10:28,067 [Thread-581] INFO  impl.RoleInfo (RoleInfo.java:shutdownFollowerState(121)) - ee6ff355-4f2c-4ff1-aa68-7ca64f6b5439: shutdown FollowerState
2019-10-17 01:10:28,067 [Thread-581] INFO  impl.RaftServerImpl (RaftServerImpl.java:setRole(184)) - ee6ff355-4f2c-4ff1-aa68-7ca64f6b5439@group-BD7A3B63C209: changes role from  FOLLOWER to CANDIDATE at term 7 for changeToCandidate
2019-10-17 01:10:28,067 [Thread-581] INFO  impl.RoleInfo (RoleInfo.java:updateAndGet(143)) - ee6ff355-4f2c-4ff1-aa68-7ca64f6b5439: start LeaderElection
2019-10-17 01:10:28,082 [ee6ff355-4f2c-4ff1-aa68-7ca64f6b5439@group-BD7A3B63C209-LeaderElection11] INFO  impl.LeaderElection (LeaderElection.java:askForVotes(178)) - ee6ff355-4f2c-4ff1-aa68-7ca64f6b5439@group-BD7A3B63C209-LeaderElection11: begin an election at term 8 for 0: [ee6ff355-4f2c-4ff1-aa68-7ca64f6b5439:192.168.157.194:37608, e3697062-c193-48d1-b15e-d6b6b4dc6638:192.168.157.194:40986, a10aa3ca-3ab2-4d87-9bc7-0d045ec2b4ce:192.168.157.194:36577], old=null
2019-10-17 01:10:28,087 [grpc-default-executor-0] INFO  impl.RaftServerImpl (RaftServerImpl.java:setRole(184)) - e3697062-c193-48d1-b15e-d6b6b4dc6638@group-BD7A3B63C209: changes role from  FOLLOWER to FOLLOWER at term 8 for recognizeCandidate:ee6ff355-4f2c-4ff1-aa68-7ca64f6b5439
2019-10-17 01:10:28,088 [grpc-default-executor-1] INFO  impl.RaftServerImpl (RaftServerImpl.java:setRole(184)) - a10aa3ca-3ab2-4d87-9bc7-0d045ec2b4ce@group-BD7A3B63C209: changes role from  FOLLOWER to FOLLOWER at term 8 for recognizeCandidate:ee6ff355-4f2c-4ff1-aa68-7ca64f6b5439
2019-10-17 01:10:28,088 [grpc-default-executor-0] INFO  impl.RoleInfo (RoleInfo.java:shutdownFollowerState(121)) - e3697062-c193-48d1-b15e-d6b6b4dc6638: shutdown FollowerState
2019-10-17 01:10:28,088 [grpc-default-executor-1] INFO  impl.RoleInfo (RoleInfo.java:shutdownFollowerState(121)) - a10aa3ca-3ab2-4d87-9bc7-0d045ec2b4ce: shutdown FollowerState
2019-10-17 01:10:28,088 [grpc-default-executor-0] INFO  impl.RoleInfo (RoleInfo.java:updateAndGet(143)) - e3697062-c193-48d1-b15e-d6b6b4dc6638: start FollowerState
2019-10-17 01:10:28,088 [Thread-580] INFO  impl.FollowerState (FollowerState.java:run(117)) - a10aa3ca-3ab2-4d87-9bc7-0d045ec2b4ce@group-BD7A3B63C209-FollowerState was interrupted: java.lang.InterruptedException: sleep interrupted
2019-10-17 01:10:28,088 [Thread-579] INFO  impl.FollowerState (FollowerState.java:run(117)) - e3697062-c193-48d1-b15e-d6b6b4dc6638@group-BD7A3B63C209-FollowerState was interrupted: java.lang.InterruptedException: sleep interrupted
2019-10-17 01:10:28,088 [grpc-default-executor-1] INFO  impl.RoleInfo (RoleInfo.java:updateAndGet(143)) - a10aa3ca-3ab2-4d87-9bc7-0d045ec2b4ce: start FollowerState
2019-10-17 01:10:28,122 [ee6ff355-4f2c-4ff1-aa68-7ca64f6b5439@group-BD7A3B63C209-LeaderElection11] INFO  impl.LeaderElection (LeaderElection.java:logAndReturn(56)) - ee6ff355-4f2c-4ff1-aa68-7ca64f6b5439@group-BD7A3B63C209-LeaderElection11: Election REJECTED; received 2 response(s) [ee6ff355-4f2c-4ff1-aa68-7ca64f6b5439<-e3697062-c193-48d1-b15e-d6b6b4dc6638#0:FAIL-t8, ee6ff355-4f2c-4ff1-aa68-7ca64f6b5439<-a10aa3ca-3ab2-4d87-9bc7-0d045ec2b4ce#0:FAIL-t8] and 0 exception(s); ee6ff355-4f2c-4ff1-aa68-7ca64f6b5439@group-BD7A3B63C209:t8, leader=null, voted=ee6ff355-4f2c-4ff1-aa68-7ca64f6b5439, raftlog=ee6ff355-4f2c-4ff1-aa68-7ca64f6b5439@group-BD7A3B63C209-SegmentedRaftLog:OPENED:c3,f4,i4, conf=0: [ee6ff355-4f2c-4ff1-aa68-7ca64f6b5439:192.168.157.194:37608, e3697062-c193-48d1-b15e-d6b6b4dc6638:192.168.157.194:40986, a10aa3ca-3ab2-4d87-9bc7-0d045ec2b4ce:192.168.157.194:36577], old=null
2019-10-17 01:10:28,122 [ee6ff355-4f2c-4ff1-aa68-7ca64f6b5439@group-BD7A3B63C209-LeaderElection11] INFO  impl.RaftServerImpl (RaftServerImpl.java:setRole(184)) - ee6ff355-4f2c-4ff1-aa68-7ca64f6b5439@group-BD7A3B63C209: changes role from CANDIDATE to FOLLOWER at term 8 for DISCOVERED_A_NEW_TERM
2019-10-17 01:10:28,124 [ee6ff355-4f2c-4ff1-aa68-7ca64f6b5439@group-BD7A3B63C209-LeaderElection11] INFO  impl.RoleInfo (RoleInfo.java:shutdownLeaderElection(134)) - ee6ff355-4f2c-4ff1-aa68-7ca64f6b5439: shutdown LeaderElection
2019-10-17 01:10:28,124 [ee6ff355-4f2c-4ff1-aa68-7ca64f6b5439@group-BD7A3B63C209-LeaderElection11] INFO  impl.RoleInfo (RoleInfo.java:updateAndGet(143)) - ee6ff355-4f2c-4ff1-aa68-7ca64f6b5439: start FollowerState
2019-10-17 01:10:28,125 [Thread-587] INFO  impl.FollowerState (FollowerState.java:run(108)) - ee6ff355-4f2c-4ff1-aa68-7ca64f6b5439@group-BD7A3B63C209-FollowerState: change to CANDIDATE, lastRpcTime:1ms, electionTimeout:0ms
2019-10-17 01:10:28,126 [Thread-587] INFO  impl.RoleInfo (RoleInfo.java:shutdownFollowerState(121)) - ee6ff355-4f2c-4ff1-aa68-7ca64f6b5439: shutdown FollowerState
2019-10-17 01:10:28,127 [Thread-587] INFO  impl.RaftServerImpl (RaftServerImpl.java:setRole(184)) - ee6ff355-4f2c-4ff1-aa68-7ca64f6b5439@group-BD7A3B63C209: changes role from  FOLLOWER to CANDIDATE at term 8 for changeToCandidate
2019-10-17 01:10:28,127 [Thread-587] INFO  impl.RoleInfo (RoleInfo.java:updateAndGet(143)) - ee6ff355-4f2c-4ff1-aa68-7ca64f6b5439: start LeaderElection
2019-10-17 01:10:28,155 [ee6ff355-4f2c-4ff1-aa68-7ca64f6b5439@group-BD7A3B63C209-LeaderElection12] INFO  impl.LeaderElection (LeaderElection.java:askForVotes(178)) - ee6ff355-4f2c-4ff1-aa68-7ca64f6b5439@group-BD7A3B63C209-LeaderElection12: begin an election at term 9 for 0: [ee6ff355-4f2c-4ff1-aa68-7ca64f6b5439:192.168.157.194:37608, e3697062-c193-48d1-b15e-d6b6b4dc6638:192.168.157.194:40986, a10aa3ca-3ab2-4d87-9bc7-0d045ec2b4ce:192.168.157.194:36577], old=null
2019-10-17 01:10:28,159 [grpc-default-executor-1] INFO  impl.RaftServerImpl (RaftServerImpl.java:setRole(184)) - a10aa3ca-3ab2-4d87-9bc7-0d045ec2b4ce@group-BD7A3B63C209: changes role from  FOLLOWER to FOLLOWER at term 9 for recognizeCandidate:ee6ff355-4f2c-4ff1-aa68-7ca64f6b5439
2019-10-17 01:10:28,159 [grpc-default-executor-1] INFO  impl.RoleInfo (RoleInfo.java:shutdownFollowerState(121)) - a10aa3ca-3ab2-4d87-9bc7-0d045ec2b4ce: shutdown FollowerState
2019-10-17 01:10:28,159 [grpc-default-executor-0] INFO  impl.RaftServerImpl (RaftServerImpl.java:setRole(184)) - e3697062-c193-48d1-b15e-d6b6b4dc6638@group-BD7A3B63C209: changes role from  FOLLOWER to FOLLOWER at term 9 for recognizeCandidate:ee6ff355-4f2c-4ff1-aa68-7ca64f6b5439
2019-10-17 01:10:28,159 [grpc-default-executor-1] INFO  impl.RoleInfo (RoleInfo.java:updateAndGet(143)) - a10aa3ca-3ab2-4d87-9bc7-0d045ec2b4ce: start FollowerState
2019-10-17 01:10:28,159 [Thread-586] INFO  impl.FollowerState (FollowerState.java:run(117)) - a10aa3ca-3ab2-4d87-9bc7-0d045ec2b4ce@group-BD7A3B63C209-FollowerState was interrupted: java.lang.InterruptedException: sleep interrupted
2019-10-17 01:10:28,160 [grpc-default-executor-0] INFO  impl.RoleInfo (RoleInfo.java:shutdownFollowerState(121)) - e3697062-c193-48d1-b15e-d6b6b4dc6638: shutdown FollowerState
2019-10-17 01:10:28,161 [Thread-585] INFO  impl.FollowerState (FollowerState.java:run(117)) - e3697062-c193-48d1-b15e-d6b6b4dc6638@group-BD7A3B63C209-FollowerState was interrupted: java.lang.InterruptedException: sleep interrupted
2019-10-17 01:10:28,161 [grpc-default-executor-0] INFO  impl.RoleInfo (RoleInfo.java:updateAndGet(143)) - e3697062-c193-48d1-b15e-d6b6b4dc6638: start FollowerState
2019-10-17 01:10:28,180 [ee6ff355-4f2c-4ff1-aa68-7ca64f6b5439@group-BD7A3B63C209-LeaderElection12] INFO  impl.LeaderElection (LeaderElection.java:logAndReturn(56)) - ee6ff355-4f2c-4ff1-aa68-7ca64f6b5439@group-BD7A3B63C209-LeaderElection12: Election REJECTED; received 2 response(s) [ee6ff355-4f2c-4ff1-aa68-7ca64f6b5439<-e3697062-c193-48d1-b15e-d6b6b4dc6638#0:FAIL-t9, ee6ff355-4f2c-4ff1-aa68-7ca64f6b5439<-a10aa3ca-3ab2-4d87-9bc7-0d045ec2b4ce#0:FAIL-t9] and 0 exception(s); ee6ff355-4f2c-4ff1-aa68-7ca64f6b5439@group-BD7A3B63C209:t9, leader=null, voted=ee6ff355-4f2c-4ff1-aa68-7ca64f6b5439, raftlog=ee6ff355-4f2c-4ff1-aa68-7ca64f6b5439@group-BD7A3B63C209-SegmentedRaftLog:OPENED:c3,f4,i4, conf=0: [ee6ff355-4f2c-4ff1-aa68-7ca64f6b5439:192.168.157.194:37608, e3697062-c193-48d1-b15e-d6b6b4dc6638:192.168.157.194:40986, a10aa3ca-3ab2-4d87-9bc7-0d045ec2b4ce:192.168.157.194:36577], old=null
2019-10-17 01:10:28,180 [ee6ff355-4f2c-4ff1-aa68-7ca64f6b5439@group-BD7A3B63C209-LeaderElection12] INFO  impl.RaftServerImpl (RaftServerImpl.java:setRole(184)) - ee6ff355-4f2c-4ff1-aa68-7ca64f6b5439@group-BD7A3B63C209: changes role from CANDIDATE to FOLLOWER at term 9 for DISCOVERED_A_NEW_TERM
2019-10-17 01:10:28,182 [ee6ff355-4f2c-4ff1-aa68-7ca64f6b5439@group-BD7A3B63C209-LeaderElection12] INFO  impl.RoleInfo (RoleInfo.java:shutdownLeaderElection(134)) - ee6ff355-4f2c-4ff1-aa68-7ca64f6b5439: shutdown LeaderElection
2019-10-17 01:10:28,182 [ee6ff355-4f2c-4ff1-aa68-7ca64f6b5439@group-BD7A3B63C209-LeaderElection12] INFO  impl.RoleInfo (RoleInfo.java:updateAndGet(143)) - ee6ff355-4f2c-4ff1-aa68-7ca64f6b5439: start FollowerState
2019-10-17 01:10:28,290 [BlockDeletingService#2] WARN  background.BlockDeletingService (BlockDeletingService.java:isDeletionAllowed(187)) - Close Container log Index 6 is not replicated across allthe servers in the pipeline 968e2a2f-54bd-4eee-95a8-bd7a3b63c209 as the min replicated index is 4. Deletion is not allowed in this container yet.
2019-10-17 01:10:28,290 [BlockDeletingService#2] WARN  background.BlockDeletingService (BlockDeletingService.java:isDeletionAllowed(187)) - Close Container log Index 6 is not replicated across allthe servers in the pipeline 968e2a2f-54bd-4eee-95a8-bd7a3b63c209 as the min replicated index is 4. Deletion is not allowed in this container yet.
2019-10-17 01:10:28,313 [Thread-593] INFO  impl.FollowerState (FollowerState.java:run(108)) - ee6ff355-4f2c-4ff1-aa68-7ca64f6b5439@group-BD7A3B63C209-FollowerState: change to CANDIDATE, lastRpcTime:130ms, electionTimeout:130ms
2019-10-17 01:10:28,313 [Thread-593] INFO  impl.RoleInfo (RoleInfo.java:shutdownFollowerState(121)) - ee6ff355-4f2c-4ff1-aa68-7ca64f6b5439: shutdown FollowerState
2019-10-17 01:10:28,313 [Thread-593] INFO  impl.RaftServerImpl (RaftServerImpl.java:setRole(184)) - ee6ff355-4f2c-4ff1-aa68-7ca64f6b5439@group-BD7A3B63C209: changes role from  FOLLOWER to CANDIDATE at term 9 for changeToCandidate
2019-10-17 01:10:28,313 [Thread-593] INFO  impl.RoleInfo (RoleInfo.java:updateAndGet(143)) - ee6ff355-4f2c-4ff1-aa68-7ca64f6b5439: start LeaderElection
2019-10-17 01:10:28,328 [ee6ff355-4f2c-4ff1-aa68-7ca64f6b5439@group-BD7A3B63C209-LeaderElection13] INFO  impl.LeaderElection (LeaderElection.java:askForVotes(178)) - ee6ff355-4f2c-4ff1-aa68-7ca64f6b5439@group-BD7A3B63C209-LeaderElection13: begin an election at term 10 for 0: [ee6ff355-4f2c-4ff1-aa68-7ca64f6b5439:192.168.157.194:37608, e3697062-c193-48d1-b15e-d6b6b4dc6638:192.168.157.194:40986, a10aa3ca-3ab2-4d87-9bc7-0d045ec2b4ce:192.168.157.194:36577], old=null
2019-10-17 01:10:28,331 [grpc-default-executor-1] INFO  impl.RaftServerImpl (RaftServerImpl.java:setRole(184)) - e3697062-c193-48d1-b15e-d6b6b4dc6638@group-BD7A3B63C209: changes role from  FOLLOWER to FOLLOWER at term 10 for recognizeCandidate:ee6ff355-4f2c-4ff1-aa68-7ca64f6b5439
2019-10-17 01:10:28,333 [grpc-default-executor-1] INFO  impl.RoleInfo (RoleInfo.java:shutdownFollowerState(121)) - e3697062-c193-48d1-b15e-d6b6b4dc6638: shutdown FollowerState
2019-10-17 01:10:28,333 [grpc-default-executor-0] INFO  impl.RaftServerImpl (RaftServerImpl.java:setRole(184)) - a10aa3ca-3ab2-4d87-9bc7-0d045ec2b4ce@group-BD7A3B63C209: changes role from  FOLLOWER to FOLLOWER at term 10 for recognizeCandidate:ee6ff355-4f2c-4ff1-aa68-7ca64f6b5439
2019-10-17 01:10:28,333 [grpc-default-executor-1] INFO  impl.RoleInfo (RoleInfo.java:updateAndGet(143)) - e3697062-c193-48d1-b15e-d6b6b4dc6638: start FollowerState
2019-10-17 01:10:28,333 [Thread-592] INFO  impl.FollowerState (FollowerState.java:run(117)) - e3697062-c193-48d1-b15e-d6b6b4dc6638@group-BD7A3B63C209-FollowerState was interrupted: java.lang.InterruptedException: sleep interrupted
2019-10-17 01:10:28,333 [grpc-default-executor-0] INFO  impl.RoleInfo (RoleInfo.java:shutdownFollowerState(121)) - a10aa3ca-3ab2-4d87-9bc7-0d045ec2b4ce: shutdown FollowerState
2019-10-17 01:10:28,335 [grpc-default-executor-0] INFO  impl.RoleInfo (RoleInfo.java:updateAndGet(143)) - a10aa3ca-3ab2-4d87-9bc7-0d045ec2b4ce: start FollowerState
2019-10-17 01:10:28,335 [Thread-591] INFO  impl.FollowerState (FollowerState.java:run(117)) - a10aa3ca-3ab2-4d87-9bc7-0d045ec2b4ce@group-BD7A3B63C209-FollowerState was interrupted: java.lang.InterruptedException: sleep interrupted
2019-10-17 01:10:28,349 [ee6ff355-4f2c-4ff1-aa68-7ca64f6b5439@group-BD7A3B63C209-LeaderElection13] INFO  impl.LeaderElection (LeaderElection.java:logAndReturn(56)) - ee6ff355-4f2c-4ff1-aa68-7ca64f6b5439@group-BD7A3B63C209-LeaderElection13: Election REJECTED; received 2 response(s) [ee6ff355-4f2c-4ff1-aa68-7ca64f6b5439<-e3697062-c193-48d1-b15e-d6b6b4dc6638#0:FAIL-t10, ee6ff355-4f2c-4ff1-aa68-7ca64f6b5439<-a10aa3ca-3ab2-4d87-9bc7-0d045ec2b4ce#0:FAIL-t10] and 0 exception(s); ee6ff355-4f2c-4ff1-aa68-7ca64f6b5439@group-BD7A3B63C209:t10, leader=null, voted=ee6ff355-4f2c-4ff1-aa68-7ca64f6b5439, raftlog=ee6ff355-4f2c-4ff1-aa68-7ca64f6b5439@group-BD7A3B63C209-SegmentedRaftLog:OPENED:c3,f4,i4, conf=0: [ee6ff355-4f2c-4ff1-aa68-7ca64f6b5439:192.168.157.194:37608, e3697062-c193-48d1-b15e-d6b6b4dc6638:192.168.157.194:40986, a10aa3ca-3ab2-4d87-9bc7-0d045ec2b4ce:192.168.157.194:36577], old=null
2019-10-17 01:10:28,349 [ee6ff355-4f2c-4ff1-aa68-7ca64f6b5439@group-BD7A3B63C209-LeaderElection13] INFO  impl.RaftServerImpl (RaftServerImpl.java:setRole(184)) - ee6ff355-4f2c-4ff1-aa68-7ca64f6b5439@group-BD7A3B63C209: changes role from CANDIDATE to FOLLOWER at term 10 for DISCOVERED_A_NEW_TERM
2019-10-17 01:10:28,350 [ee6ff355-4f2c-4ff1-aa68-7ca64f6b5439@group-BD7A3B63C209-LeaderElection13] INFO  impl.RoleInfo (RoleInfo.java:shutdownLeaderElection(134)) - ee6ff355-4f2c-4ff1-aa68-7ca64f6b5439: shutdown LeaderElection
2019-10-17 01:10:28,350 [ee6ff355-4f2c-4ff1-aa68-7ca64f6b5439@group-BD7A3B63C209-LeaderElection13] INFO  impl.RoleInfo (RoleInfo.java:updateAndGet(143)) - ee6ff355-4f2c-4ff1-aa68-7ca64f6b5439: start FollowerState
2019-10-17 01:10:28,552 [Thread-601] INFO  impl.FollowerState (FollowerState.java:run(108)) - ee6ff355-4f2c-4ff1-aa68-7ca64f6b5439@group-BD7A3B63C209-FollowerState: change to CANDIDATE, lastRpcTime:201ms, electionTimeout:200ms
2019-10-17 01:10:28,553 [Thread-601] INFO  impl.RoleInfo (RoleInfo.java:shutdownFollowerState(121)) - ee6ff355-4f2c-4ff1-aa68-7ca64f6b5439: shutdown FollowerState
2019-10-17 01:10:28,553 [Thread-601] INFO  impl.RaftServerImpl (RaftServerImpl.java:setRole(184)) - ee6ff355-4f2c-4ff1-aa68-7ca64f6b5439@group-BD7A3B63C209: changes role from  FOLLOWER to CANDIDATE at term 10 for changeToCandidate
2019-10-17 01:10:28,553 [Thread-601] INFO  impl.RoleInfo (RoleInfo.java:updateAndGet(143)) - ee6ff355-4f2c-4ff1-aa68-7ca64f6b5439: start LeaderElection
2019-10-17 01:10:28,559 [ee6ff355-4f2c-4ff1-aa68-7ca64f6b5439@group-BD7A3B63C209-LeaderElection14] INFO  impl.LeaderElection (LeaderElection.java:askForVotes(178)) - ee6ff355-4f2c-4ff1-aa68-7ca64f6b5439@group-BD7A3B63C209-LeaderElection14: begin an election at term 11 for 0: [ee6ff355-4f2c-4ff1-aa68-7ca64f6b5439:192.168.157.194:37608, e3697062-c193-48d1-b15e-d6b6b4dc6638:192.168.157.194:40986, a10aa3ca-3ab2-4d87-9bc7-0d045ec2b4ce:192.168.157.194:36577], old=null
2019-10-17 01:10:28,563 [grpc-default-executor-0] INFO  impl.RaftServerImpl (RaftServerImpl.java:setRole(184)) - a10aa3ca-3ab2-4d87-9bc7-0d045ec2b4ce@group-BD7A3B63C209: changes role from  FOLLOWER to FOLLOWER at term 11 for recognizeCandidate:ee6ff355-4f2c-4ff1-aa68-7ca64f6b5439
2019-10-17 01:10:28,563 [grpc-default-executor-1] INFO  impl.RaftServerImpl (RaftServerImpl.java:setRole(184)) - e3697062-c193-48d1-b15e-d6b6b4dc6638@group-BD7A3B63C209: changes role from  FOLLOWER to FOLLOWER at term 11 for recognizeCandidate:ee6ff355-4f2c-4ff1-aa68-7ca64f6b5439
2019-10-17 01:10:28,563 [grpc-default-executor-0] INFO  impl.RoleInfo (RoleInfo.java:shutdownFollowerState(121)) - a10aa3ca-3ab2-4d87-9bc7-0d045ec2b4ce: shutdown FollowerState
2019-10-17 01:10:28,563 [grpc-default-executor-1] INFO  impl.RoleInfo (RoleInfo.java:shutdownFollowerState(121)) - e3697062-c193-48d1-b15e-d6b6b4dc6638: shutdown FollowerState
2019-10-17 01:10:28,563 [Thread-600] INFO  impl.FollowerState (FollowerState.java:run(117)) - a10aa3ca-3ab2-4d87-9bc7-0d045ec2b4ce@group-BD7A3B63C209-FollowerState was interrupted: java.lang.InterruptedException: sleep interrupted
2019-10-17 01:10:28,563 [grpc-default-executor-0] INFO  impl.RoleInfo (RoleInfo.java:updateAndGet(143)) - a10aa3ca-3ab2-4d87-9bc7-0d045ec2b4ce: start FollowerState
2019-10-17 01:10:28,564 [grpc-default-executor-1] INFO  impl.RoleInfo (RoleInfo.java:updateAndGet(143)) - e3697062-c193-48d1-b15e-d6b6b4dc6638: start FollowerState
2019-10-17 01:10:28,564 [Thread-599] INFO  impl.FollowerState (FollowerState.java:run(117)) - e3697062-c193-48d1-b15e-d6b6b4dc6638@group-BD7A3B63C209-FollowerState was interrupted: java.lang.InterruptedException: sleep interrupted
2019-10-17 01:10:28,589 [ee6ff355-4f2c-4ff1-aa68-7ca64f6b5439@group-BD7A3B63C209-LeaderElection14] INFO  impl.LeaderElection (LeaderElection.java:logAndReturn(56)) - ee6ff355-4f2c-4ff1-aa68-7ca64f6b5439@group-BD7A3B63C209-LeaderElection14: Election REJECTED; received 2 response(s) [ee6ff355-4f2c-4ff1-aa68-7ca64f6b5439<-e3697062-c193-48d1-b15e-d6b6b4dc6638#0:FAIL-t11, ee6ff355-4f2c-4ff1-aa68-7ca64f6b5439<-a10aa3ca-3ab2-4d87-9bc7-0d045ec2b4ce#0:FAIL-t11] and 0 exception(s); ee6ff355-4f2c-4ff1-aa68-7ca64f6b5439@group-BD7A3B63C209:t11, leader=null, voted=ee6ff355-4f2c-4ff1-aa68-7ca64f6b5439, raftlog=ee6ff355-4f2c-4ff1-aa68-7ca64f6b5439@group-BD7A3B63C209-SegmentedRaftLog:OPENED:c3,f4,i4, conf=0: [ee6ff355-4f2c-4ff1-aa68-7ca64f6b5439:192.168.157.194:37608, e3697062-c193-48d1-b15e-d6b6b4dc6638:192.168.157.194:40986, a10aa3ca-3ab2-4d87-9bc7-0d045ec2b4ce:192.168.157.194:36577], old=null
2019-10-17 01:10:28,589 [ee6ff355-4f2c-4ff1-aa68-7ca64f6b5439@group-BD7A3B63C209-LeaderElection14] INFO  impl.RaftServerImpl (RaftServerImpl.java:setRole(184)) - ee6ff355-4f2c-4ff1-aa68-7ca64f6b5439@group-BD7A3B63C209: changes role from CANDIDATE to FOLLOWER at term 11 for DISCOVERED_A_NEW_TERM
2019-10-17 01:10:28,590 [ee6ff355-4f2c-4ff1-aa68-7ca64f6b5439@group-BD7A3B63C209-LeaderElection14] INFO  impl.RoleInfo (RoleInfo.java:shutdownLeaderElection(134)) - ee6ff355-4f2c-4ff1-aa68-7ca64f6b5439: shutdown LeaderElection
2019-10-17 01:10:28,590 [ee6ff355-4f2c-4ff1-aa68-7ca64f6b5439@group-BD7A3B63C209-LeaderElection14] INFO  impl.RoleInfo (RoleInfo.java:updateAndGet(143)) - ee6ff355-4f2c-4ff1-aa68-7ca64f6b5439: start FollowerState
2019-10-17 01:10:28,622 [pool-7-thread-3] INFO  commands.RetriableDatanodeEventWatcher (RetriableDatanodeEventWatcher.java:onTimeout(47)) - RetriableDatanodeCommand type=deleteBlocksCommand with id=1571274624619 timed out. Retrying.
2019-10-17 01:10:28,623 [pool-7-thread-1] INFO  commands.RetriableDatanodeEventWatcher (RetriableDatanodeEventWatcher.java:onTimeout(47)) - RetriableDatanodeCommand type=deleteBlocksCommand with id=1571274624620 timed out. Retrying.
2019-10-17 01:10:28,623 [pool-7-thread-4] INFO  commands.RetriableDatanodeEventWatcher (RetriableDatanodeEventWatcher.java:onTimeout(47)) - RetriableDatanodeCommand type=deleteBlocksCommand with id=1571274624622 timed out. Retrying.
2019-10-17 01:10:28,623 [pool-7-thread-2] INFO  commands.RetriableDatanodeEventWatcher (RetriableDatanodeEventWatcher.java:onTimeout(47)) - RetriableDatanodeCommand type=deleteBlocksCommand with id=1571274624621 timed out. Retrying.
2019-10-17 01:10:28,628 [SCMBlockDeletingService#0] INFO  block.SCMBlockDeletingService (SCMBlockDeletingService.java:call(184)) - Totally added 1 delete blocks command for 1 datanodes, task elapsed time: 0ms
2019-10-17 01:10:28,650 [Thread-610] INFO  client.GrpcClientProtocolService (GrpcClientProtocolService.java:lambda$processClientRequest$0(278)) - Failed RaftClientRequest:client-B379F03C97AF->a10aa3ca-3ab2-4d87-9bc7-0d045ec2b4ce@group-BD7A3B63C209, cid=10, seq=0, Watch-ALL_COMMITTED(6), Message:<EMPTY>, reply=RaftClientReply:client-B379F03C97AF->a10aa3ca-3ab2-4d87-9bc7-0d045ec2b4ce@group-BD7A3B63C209, cid=10, FAILED org.apache.ratis.protocol.NotLeaderException: Server a10aa3ca-3ab2-4d87-9bc7-0d045ec2b4ce@group-BD7A3B63C209 is not the leader, logIndex=0, commits[a10aa3ca-3ab2-4d87-9bc7-0d045ec2b4ce:c10, ee6ff355-4f2c-4ff1-aa68-7ca64f6b5439:c4, e3697062-c193-48d1-b15e-d6b6b4dc6638:c10]
2019-10-17 01:10:28,670 [Thread-608] INFO  impl.FollowerState (FollowerState.java:run(108)) - ee6ff355-4f2c-4ff1-aa68-7ca64f6b5439@group-BD7A3B63C209-FollowerState: change to CANDIDATE, lastRpcTime:80ms, electionTimeout:76ms
2019-10-17 01:10:28,671 [Thread-608] INFO  impl.RoleInfo (RoleInfo.java:shutdownFollowerState(121)) - ee6ff355-4f2c-4ff1-aa68-7ca64f6b5439: shutdown FollowerState
2019-10-17 01:10:28,671 [Thread-608] INFO  impl.RaftServerImpl (RaftServerImpl.java:setRole(184)) - ee6ff355-4f2c-4ff1-aa68-7ca64f6b5439@group-BD7A3B63C209: changes role from  FOLLOWER to CANDIDATE at term 11 for changeToCandidate
2019-10-17 01:10:28,671 [Thread-608] INFO  impl.RoleInfo (RoleInfo.java:updateAndGet(143)) - ee6ff355-4f2c-4ff1-aa68-7ca64f6b5439: start LeaderElection
2019-10-17 01:10:28,697 [ee6ff355-4f2c-4ff1-aa68-7ca64f6b5439@group-BD7A3B63C209-LeaderElection15] INFO  impl.LeaderElection (LeaderElection.java:askForVotes(178)) - ee6ff355-4f2c-4ff1-aa68-7ca64f6b5439@group-BD7A3B63C209-LeaderElection15: begin an election at term 12 for 0: [ee6ff355-4f2c-4ff1-aa68-7ca64f6b5439:192.168.157.194:37608, e3697062-c193-48d1-b15e-d6b6b4dc6638:192.168.157.194:40986, a10aa3ca-3ab2-4d87-9bc7-0d045ec2b4ce:192.168.157.194:36577], old=null
2019-10-17 01:10:28,701 [grpc-default-executor-0] INFO  impl.RaftServerImpl (RaftServerImpl.java:setRole(184)) - e3697062-c193-48d1-b15e-d6b6b4dc6638@group-BD7A3B63C209: changes role from  FOLLOWER to FOLLOWER at term 12 for recognizeCandidate:ee6ff355-4f2c-4ff1-aa68-7ca64f6b5439
2019-10-17 01:10:28,702 [grpc-default-executor-0] INFO  impl.RoleInfo (RoleInfo.java:shutdownFollowerState(121)) - e3697062-c193-48d1-b15e-d6b6b4dc6638: shutdown FollowerState
2019-10-17 01:10:28,702 [Thread-607] INFO  impl.FollowerState (FollowerState.java:run(117)) - e3697062-c193-48d1-b15e-d6b6b4dc6638@group-BD7A3B63C209-FollowerState was interrupted: java.lang.InterruptedException: sleep interrupted
2019-10-17 01:10:28,702 [grpc-default-executor-0] INFO  impl.RoleInfo (RoleInfo.java:updateAndGet(143)) - e3697062-c193-48d1-b15e-d6b6b4dc6638: start FollowerState
2019-10-17 01:10:28,704 [grpc-default-executor-1] INFO  impl.RaftServerImpl (RaftServerImpl.java:setRole(184)) - a10aa3ca-3ab2-4d87-9bc7-0d045ec2b4ce@group-BD7A3B63C209: changes role from  FOLLOWER to FOLLOWER at term 12 for recognizeCandidate:ee6ff355-4f2c-4ff1-aa68-7ca64f6b5439
2019-10-17 01:10:28,704 [grpc-default-executor-1] INFO  impl.RoleInfo (RoleInfo.java:shutdownFollowerState(121)) - a10aa3ca-3ab2-4d87-9bc7-0d045ec2b4ce: shutdown FollowerState
2019-10-17 01:10:28,705 [grpc-default-executor-1] INFO  impl.RoleInfo (RoleInfo.java:updateAndGet(143)) - a10aa3ca-3ab2-4d87-9bc7-0d045ec2b4ce: start FollowerState
2019-10-17 01:10:28,705 [Thread-606] INFO  impl.FollowerState (FollowerState.java:run(117)) - a10aa3ca-3ab2-4d87-9bc7-0d045ec2b4ce@group-BD7A3B63C209-FollowerState was interrupted: java.lang.InterruptedException: sleep interrupted
2019-10-17 01:10:28,760 [ee6ff355-4f2c-4ff1-aa68-7ca64f6b5439@group-BD7A3B63C209-LeaderElection15] INFO  impl.LeaderElection (LeaderElection.java:logAndReturn(56)) - ee6ff355-4f2c-4ff1-aa68-7ca64f6b5439@group-BD7A3B63C209-LeaderElection15: Election REJECTED; received 2 response(s) [ee6ff355-4f2c-4ff1-aa68-7ca64f6b5439<-e3697062-c193-48d1-b15e-d6b6b4dc6638#0:FAIL-t12, ee6ff355-4f2c-4ff1-aa68-7ca64f6b5439<-a10aa3ca-3ab2-4d87-9bc7-0d045ec2b4ce#0:FAIL-t12] and 0 exception(s); ee6ff355-4f2c-4ff1-aa68-7ca64f6b5439@group-BD7A3B63C209:t12, leader=null, voted=ee6ff355-4f2c-4ff1-aa68-7ca64f6b5439, raftlog=ee6ff355-4f2c-4ff1-aa68-7ca64f6b5439@group-BD7A3B63C209-SegmentedRaftLog:OPENED:c3,f4,i4, conf=0: [ee6ff355-4f2c-4ff1-aa68-7ca64f6b5439:192.168.157.194:37608, e3697062-c193-48d1-b15e-d6b6b4dc6638:192.168.157.194:40986, a10aa3ca-3ab2-4d87-9bc7-0d045ec2b4ce:192.168.157.194:36577], old=null
2019-10-17 01:10:28,761 [ee6ff355-4f2c-4ff1-aa68-7ca64f6b5439@group-BD7A3B63C209-LeaderElection15] INFO  impl.RaftServerImpl (RaftServerImpl.java:setRole(184)) - ee6ff355-4f2c-4ff1-aa68-7ca64f6b5439@group-BD7A3B63C209: changes role from CANDIDATE to FOLLOWER at term 12 for DISCOVERED_A_NEW_TERM
2019-10-17 01:10:28,761 [ee6ff355-4f2c-4ff1-aa68-7ca64f6b5439@group-BD7A3B63C209-LeaderElection15] INFO  impl.RoleInfo (RoleInfo.java:shutdownLeaderElection(134)) - ee6ff355-4f2c-4ff1-aa68-7ca64f6b5439: shutdown LeaderElection
2019-10-17 01:10:28,761 [ee6ff355-4f2c-4ff1-aa68-7ca64f6b5439@group-BD7A3B63C209-LeaderElection15] INFO  impl.RoleInfo (RoleInfo.java:updateAndGet(143)) - ee6ff355-4f2c-4ff1-aa68-7ca64f6b5439: start FollowerState
2019-10-17 01:10:28,921 [Thread-617] INFO  impl.FollowerState (FollowerState.java:run(108)) - ee6ff355-4f2c-4ff1-aa68-7ca64f6b5439@group-BD7A3B63C209-FollowerState: change to CANDIDATE, lastRpcTime:160ms, electionTimeout:160ms
2019-10-17 01:10:28,923 [Thread-617] INFO  impl.RoleInfo (RoleInfo.java:shutdownFollowerState(121)) - ee6ff355-4f2c-4ff1-aa68-7ca64f6b5439: shutdown FollowerState
2019-10-17 01:10:28,923 [Thread-617] INFO  impl.RaftServerImpl (RaftServerImpl.java:setRole(184)) - ee6ff355-4f2c-4ff1-aa68-7ca64f6b5439@group-BD7A3B63C209: changes role from  FOLLOWER to CANDIDATE at term 12 for changeToCandidate
2019-10-17 01:10:28,923 [Thread-617] INFO  impl.RoleInfo (RoleInfo.java:updateAndGet(143)) - ee6ff355-4f2c-4ff1-aa68-7ca64f6b5439: start LeaderElection
2019-10-17 01:10:28,937 [ee6ff355-4f2c-4ff1-aa68-7ca64f6b5439@group-BD7A3B63C209-LeaderElection16] INFO  impl.LeaderElection (LeaderElection.java:askForVotes(178)) - ee6ff355-4f2c-4ff1-aa68-7ca64f6b5439@group-BD7A3B63C209-LeaderElection16: begin an election at term 13 for 0: [ee6ff355-4f2c-4ff1-aa68-7ca64f6b5439:192.168.157.194:37608, e3697062-c193-48d1-b15e-d6b6b4dc6638:192.168.157.194:40986, a10aa3ca-3ab2-4d87-9bc7-0d045ec2b4ce:192.168.157.194:36577], old=null
2019-10-17 01:10:28,942 [grpc-default-executor-0] INFO  impl.RaftServerImpl (RaftServerImpl.java:setRole(184)) - a10aa3ca-3ab2-4d87-9bc7-0d045ec2b4ce@group-BD7A3B63C209: changes role from  FOLLOWER to FOLLOWER at term 13 for recognizeCandidate:ee6ff355-4f2c-4ff1-aa68-7ca64f6b5439
2019-10-17 01:10:28,942 [grpc-default-executor-1] INFO  impl.RaftServerImpl (RaftServerImpl.java:setRole(184)) - e3697062-c193-48d1-b15e-d6b6b4dc6638@group-BD7A3B63C209: changes role from  FOLLOWER to FOLLOWER at term 13 for recognizeCandidate:ee6ff355-4f2c-4ff1-aa68-7ca64f6b5439
2019-10-17 01:10:28,942 [grpc-default-executor-0] INFO  impl.RoleInfo (RoleInfo.java:shutdownFollowerState(121)) - a10aa3ca-3ab2-4d87-9bc7-0d045ec2b4ce: shutdown FollowerState
2019-10-17 01:10:28,943 [grpc-default-executor-1] INFO  impl.RoleInfo (RoleInfo.java:shutdownFollowerState(121)) - e3697062-c193-48d1-b15e-d6b6b4dc6638: shutdown FollowerState
2019-10-17 01:10:28,943 [Thread-616] INFO  impl.FollowerState (FollowerState.java:run(117)) - a10aa3ca-3ab2-4d87-9bc7-0d045ec2b4ce@group-BD7A3B63C209-FollowerState was interrupted: java.lang.InterruptedException: sleep interrupted
2019-10-17 01:10:28,943 [grpc-default-executor-1] INFO  impl.RoleInfo (RoleInfo.java:updateAndGet(143)) - e3697062-c193-48d1-b15e-d6b6b4dc6638: start FollowerState
2019-10-17 01:10:28,943 [grpc-default-executor-0] INFO  impl.RoleInfo (RoleInfo.java:updateAndGet(143)) - a10aa3ca-3ab2-4d87-9bc7-0d045ec2b4ce: start FollowerState
2019-10-17 01:10:28,943 [Thread-615] INFO  impl.FollowerState (FollowerState.java:run(117)) - e3697062-c193-48d1-b15e-d6b6b4dc6638@group-BD7A3B63C209-FollowerState was interrupted: java.lang.InterruptedException: sleep interrupted
2019-10-17 01:10:28,954 [ee6ff355-4f2c-4ff1-aa68-7ca64f6b5439@group-BD7A3B63C209-LeaderElection16] INFO  impl.LeaderElection (LeaderElection.java:logAndReturn(56)) - ee6ff355-4f2c-4ff1-aa68-7ca64f6b5439@group-BD7A3B63C209-LeaderElection16: Election REJECTED; received 2 response(s) [ee6ff355-4f2c-4ff1-aa68-7ca64f6b5439<-e3697062-c193-48d1-b15e-d6b6b4dc6638#0:FAIL-t13, ee6ff355-4f2c-4ff1-aa68-7ca64f6b5439<-a10aa3ca-3ab2-4d87-9bc7-0d045ec2b4ce#0:FAIL-t13] and 0 exception(s); ee6ff355-4f2c-4ff1-aa68-7ca64f6b5439@group-BD7A3B63C209:t13, leader=null, voted=ee6ff355-4f2c-4ff1-aa68-7ca64f6b5439, raftlog=ee6ff355-4f2c-4ff1-aa68-7ca64f6b5439@group-BD7A3B63C209-SegmentedRaftLog:OPENED:c3,f4,i4, conf=0: [ee6ff355-4f2c-4ff1-aa68-7ca64f6b5439:192.168.157.194:37608, e3697062-c193-48d1-b15e-d6b6b4dc6638:192.168.157.194:40986, a10aa3ca-3ab2-4d87-9bc7-0d045ec2b4ce:192.168.157.194:36577], old=null
2019-10-17 01:10:28,954 [ee6ff355-4f2c-4ff1-aa68-7ca64f6b5439@group-BD7A3B63C209-LeaderElection16] INFO  impl.RaftServerImpl (RaftServerImpl.java:setRole(184)) - ee6ff355-4f2c-4ff1-aa68-7ca64f6b5439@group-BD7A3B63C209: changes role from CANDIDATE to FOLLOWER at term 13 for DISCOVERED_A_NEW_TERM
2019-10-17 01:10:28,954 [ee6ff355-4f2c-4ff1-aa68-7ca64f6b5439@group-BD7A3B63C209-LeaderElection16] INFO  impl.RoleInfo (RoleInfo.java:shutdownLeaderElection(134)) - ee6ff355-4f2c-4ff1-aa68-7ca64f6b5439: shutdown LeaderElection
2019-10-17 01:10:28,954 [ee6ff355-4f2c-4ff1-aa68-7ca64f6b5439@group-BD7A3B63C209-LeaderElection16] INFO  impl.RoleInfo (RoleInfo.java:updateAndGet(143)) - ee6ff355-4f2c-4ff1-aa68-7ca64f6b5439: start FollowerState
2019-10-17 01:10:29,058 [Thread-623] INFO  impl.FollowerState (FollowerState.java:run(108)) - ee6ff355-4f2c-4ff1-aa68-7ca64f6b5439@group-BD7A3B63C209-FollowerState: change to CANDIDATE, lastRpcTime:103ms, electionTimeout:103ms
2019-10-17 01:10:29,060 [Thread-623] INFO  impl.RoleInfo (RoleInfo.java:shutdownFollowerState(121)) - ee6ff355-4f2c-4ff1-aa68-7ca64f6b5439: shutdown FollowerState
2019-10-17 01:10:29,060 [Thread-623] INFO  impl.RaftServerImpl (RaftServerImpl.java:setRole(184)) - ee6ff355-4f2c-4ff1-aa68-7ca64f6b5439@group-BD7A3B63C209: changes role from  FOLLOWER to CANDIDATE at term 13 for changeToCandidate
2019-10-17 01:10:29,060 [Thread-623] INFO  impl.RoleInfo (RoleInfo.java:updateAndGet(143)) - ee6ff355-4f2c-4ff1-aa68-7ca64f6b5439: start LeaderElection
2019-10-17 01:10:29,074 [ee6ff355-4f2c-4ff1-aa68-7ca64f6b5439@group-BD7A3B63C209-LeaderElection17] INFO  impl.LeaderElection (LeaderElection.java:askForVotes(178)) - ee6ff355-4f2c-4ff1-aa68-7ca64f6b5439@group-BD7A3B63C209-LeaderElection17: begin an election at term 14 for 0: [ee6ff355-4f2c-4ff1-aa68-7ca64f6b5439:192.168.157.194:37608, e3697062-c193-48d1-b15e-d6b6b4dc6638:192.168.157.194:40986, a10aa3ca-3ab2-4d87-9bc7-0d045ec2b4ce:192.168.157.194:36577], old=null
2019-10-17 01:10:29,082 [grpc-default-executor-1] INFO  impl.RaftServerImpl (RaftServerImpl.java:setRole(184)) - e3697062-c193-48d1-b15e-d6b6b4dc6638@group-BD7A3B63C209: changes role from  FOLLOWER to FOLLOWER at term 14 for recognizeCandidate:ee6ff355-4f2c-4ff1-aa68-7ca64f6b5439
2019-10-17 01:10:29,082 [grpc-default-executor-0] INFO  impl.RaftServerImpl (RaftServerImpl.java:setRole(184)) - a10aa3ca-3ab2-4d87-9bc7-0d045ec2b4ce@group-BD7A3B63C209: changes role from  FOLLOWER to FOLLOWER at term 14 for recognizeCandidate:ee6ff355-4f2c-4ff1-aa68-7ca64f6b5439
2019-10-17 01:10:29,082 [grpc-default-executor-1] INFO  impl.RoleInfo (RoleInfo.java:shutdownFollowerState(121)) - e3697062-c193-48d1-b15e-d6b6b4dc6638: shutdown FollowerState
2019-10-17 01:10:29,082 [grpc-default-executor-0] INFO  impl.RoleInfo (RoleInfo.java:shutdownFollowerState(121)) - a10aa3ca-3ab2-4d87-9bc7-0d045ec2b4ce: shutdown FollowerState
2019-10-17 01:10:29,082 [Thread-622] INFO  impl.FollowerState (FollowerState.java:run(117)) - e3697062-c193-48d1-b15e-d6b6b4dc6638@group-BD7A3B63C209-FollowerState was interrupted: java.lang.InterruptedException: sleep interrupted
2019-10-17 01:10:29,082 [grpc-default-executor-1] INFO  impl.RoleInfo (RoleInfo.java:updateAndGet(143)) - e3697062-c193-48d1-b15e-d6b6b4dc6638: start FollowerState
2019-10-17 01:10:29,082 [grpc-default-executor-0] INFO  impl.RoleInfo (RoleInfo.java:updateAndGet(143)) - a10aa3ca-3ab2-4d87-9bc7-0d045ec2b4ce: start FollowerState
2019-10-17 01:10:29,082 [Thread-621] INFO  impl.FollowerState (FollowerState.java:run(117)) - a10aa3ca-3ab2-4d87-9bc7-0d045ec2b4ce@group-BD7A3B63C209-FollowerState was interrupted: java.lang.InterruptedException: sleep interrupted
2019-10-17 01:10:29,091 [ee6ff355-4f2c-4ff1-aa68-7ca64f6b5439@group-BD7A3B63C209-LeaderElection17] INFO  impl.LeaderElection (LeaderElection.java:logAndReturn(56)) - ee6ff355-4f2c-4ff1-aa68-7ca64f6b5439@group-BD7A3B63C209-LeaderElection17: Election REJECTED; received 2 response(s) [ee6ff355-4f2c-4ff1-aa68-7ca64f6b5439<-e3697062-c193-48d1-b15e-d6b6b4dc6638#0:FAIL-t14, ee6ff355-4f2c-4ff1-aa68-7ca64f6b5439<-a10aa3ca-3ab2-4d87-9bc7-0d045ec2b4ce#0:FAIL-t14] and 0 exception(s); ee6ff355-4f2c-4ff1-aa68-7ca64f6b5439@group-BD7A3B63C209:t14, leader=null, voted=ee6ff355-4f2c-4ff1-aa68-7ca64f6b5439, raftlog=ee6ff355-4f2c-4ff1-aa68-7ca64f6b5439@group-BD7A3B63C209-SegmentedRaftLog:OPENED:c3,f4,i4, conf=0: [ee6ff355-4f2c-4ff1-aa68-7ca64f6b5439:192.168.157.194:37608, e3697062-c193-48d1-b15e-d6b6b4dc6638:192.168.157.194:40986, a10aa3ca-3ab2-4d87-9bc7-0d045ec2b4ce:192.168.157.194:36577], old=null
2019-10-17 01:10:29,091 [ee6ff355-4f2c-4ff1-aa68-7ca64f6b5439@group-BD7A3B63C209-LeaderElection17] INFO  impl.RaftServerImpl (RaftServerImpl.java:setRole(184)) - ee6ff355-4f2c-4ff1-aa68-7ca64f6b5439@group-BD7A3B63C209: changes role from CANDIDATE to FOLLOWER at term 14 for DISCOVERED_A_NEW_TERM
2019-10-17 01:10:29,091 [ee6ff355-4f2c-4ff1-aa68-7ca64f6b5439@group-BD7A3B63C209-LeaderElection17] INFO  impl.RoleInfo (RoleInfo.java:shutdownLeaderElection(134)) - ee6ff355-4f2c-4ff1-aa68-7ca64f6b5439: shutdown LeaderElection
2019-10-17 01:10:29,091 [ee6ff355-4f2c-4ff1-aa68-7ca64f6b5439@group-BD7A3B63C209-LeaderElection17] INFO  impl.RoleInfo (RoleInfo.java:updateAndGet(143)) - ee6ff355-4f2c-4ff1-aa68-7ca64f6b5439: start FollowerState
2019-10-17 01:10:29,234 [Thread-629] INFO  impl.FollowerState (FollowerState.java:run(108)) - ee6ff355-4f2c-4ff1-aa68-7ca64f6b5439@group-BD7A3B63C209-FollowerState: change to CANDIDATE, lastRpcTime:142ms, electionTimeout:142ms
2019-10-17 01:10:29,235 [Thread-629] INFO  impl.RoleInfo (RoleInfo.java:shutdownFollowerState(121)) - ee6ff355-4f2c-4ff1-aa68-7ca64f6b5439: shutdown FollowerState
2019-10-17 01:10:29,235 [Thread-629] INFO  impl.RaftServerImpl (RaftServerImpl.java:setRole(184)) - ee6ff355-4f2c-4ff1-aa68-7ca64f6b5439@group-BD7A3B63C209: changes role from  FOLLOWER to CANDIDATE at term 14 for changeToCandidate
2019-10-17 01:10:29,236 [Thread-629] INFO  impl.RoleInfo (RoleInfo.java:updateAndGet(143)) - ee6ff355-4f2c-4ff1-aa68-7ca64f6b5439: start LeaderElection
2019-10-17 01:10:29,250 [ee6ff355-4f2c-4ff1-aa68-7ca64f6b5439@group-BD7A3B63C209-LeaderElection18] INFO  impl.LeaderElection (LeaderElection.java:askForVotes(178)) - ee6ff355-4f2c-4ff1-aa68-7ca64f6b5439@group-BD7A3B63C209-LeaderElection18: begin an election at term 15 for 0: [ee6ff355-4f2c-4ff1-aa68-7ca64f6b5439:192.168.157.194:37608, e3697062-c193-48d1-b15e-d6b6b4dc6638:192.168.157.194:40986, a10aa3ca-3ab2-4d87-9bc7-0d045ec2b4ce:192.168.157.194:36577], old=null
2019-10-17 01:10:29,253 [grpc-default-executor-1] INFO  impl.RaftServerImpl (RaftServerImpl.java:setRole(184)) - e3697062-c193-48d1-b15e-d6b6b4dc6638@group-BD7A3B63C209: changes role from  FOLLOWER to FOLLOWER at term 15 for recognizeCandidate:ee6ff355-4f2c-4ff1-aa68-7ca64f6b5439
2019-10-17 01:10:29,253 [grpc-default-executor-1] INFO  impl.RoleInfo (RoleInfo.java:shutdownFollowerState(121)) - e3697062-c193-48d1-b15e-d6b6b4dc6638: shutdown FollowerState
2019-10-17 01:10:29,253 [grpc-default-executor-0] INFO  impl.RaftServerImpl (RaftServerImpl.java:setRole(184)) - a10aa3ca-3ab2-4d87-9bc7-0d045ec2b4ce@group-BD7A3B63C209: changes role from  FOLLOWER to FOLLOWER at term 15 for recognizeCandidate:ee6ff355-4f2c-4ff1-aa68-7ca64f6b5439
2019-10-17 01:10:29,253 [grpc-default-executor-1] INFO  impl.RoleInfo (RoleInfo.java:updateAndGet(143)) - e3697062-c193-48d1-b15e-d6b6b4dc6638: start FollowerState
2019-10-17 01:10:29,253 [Thread-627] INFO  impl.FollowerState (FollowerState.java:run(117)) - e3697062-c193-48d1-b15e-d6b6b4dc6638@group-BD7A3B63C209-FollowerState was interrupted: java.lang.InterruptedException: sleep interrupted
2019-10-17 01:10:29,254 [grpc-default-executor-0] INFO  impl.RoleInfo (RoleInfo.java:shutdownFollowerState(121)) - a10aa3ca-3ab2-4d87-9bc7-0d045ec2b4ce: shutdown FollowerState
2019-10-17 01:10:29,254 [Thread-628] INFO  impl.FollowerState (FollowerState.java:run(117)) - a10aa3ca-3ab2-4d87-9bc7-0d045ec2b4ce@group-BD7A3B63C209-FollowerState was interrupted: java.lang.InterruptedException: sleep interrupted
2019-10-17 01:10:29,254 [grpc-default-executor-0] INFO  impl.RoleInfo (RoleInfo.java:updateAndGet(143)) - a10aa3ca-3ab2-4d87-9bc7-0d045ec2b4ce: start FollowerState
2019-10-17 01:10:29,267 [ee6ff355-4f2c-4ff1-aa68-7ca64f6b5439@group-BD7A3B63C209-LeaderElection18] INFO  impl.LeaderElection (LeaderElection.java:logAndReturn(56)) - ee6ff355-4f2c-4ff1-aa68-7ca64f6b5439@group-BD7A3B63C209-LeaderElection18: Election REJECTED; received 2 response(s) [ee6ff355-4f2c-4ff1-aa68-7ca64f6b5439<-e3697062-c193-48d1-b15e-d6b6b4dc6638#0:FAIL-t15, ee6ff355-4f2c-4ff1-aa68-7ca64f6b5439<-a10aa3ca-3ab2-4d87-9bc7-0d045ec2b4ce#0:FAIL-t15] and 0 exception(s); ee6ff355-4f2c-4ff1-aa68-7ca64f6b5439@group-BD7A3B63C209:t15, leader=null, voted=ee6ff355-4f2c-4ff1-aa68-7ca64f6b5439, raftlog=ee6ff355-4f2c-4ff1-aa68-7ca64f6b5439@group-BD7A3B63C209-SegmentedRaftLog:OPENED:c3,f4,i4, conf=0: [ee6ff355-4f2c-4ff1-aa68-7ca64f6b5439:192.168.157.194:37608, e3697062-c193-48d1-b15e-d6b6b4dc6638:192.168.157.194:40986, a10aa3ca-3ab2-4d87-9bc7-0d045ec2b4ce:192.168.157.194:36577], old=null
2019-10-17 01:10:29,267 [ee6ff355-4f2c-4ff1-aa68-7ca64f6b5439@group-BD7A3B63C209-LeaderElection18] INFO  impl.RaftServerImpl (RaftServerImpl.java:setRole(184)) - ee6ff355-4f2c-4ff1-aa68-7ca64f6b5439@group-BD7A3B63C209: changes role from CANDIDATE to FOLLOWER at term 15 for DISCOVERED_A_NEW_TERM
2019-10-17 01:10:29,267 [ee6ff355-4f2c-4ff1-aa68-7ca64f6b5439@group-BD7A3B63C209-LeaderElection18] INFO  impl.RoleInfo (RoleInfo.java:shutdownLeaderElection(134)) - ee6ff355-4f2c-4ff1-aa68-7ca64f6b5439: shutdown LeaderElection
2019-10-17 01:10:29,267 [ee6ff355-4f2c-4ff1-aa68-7ca64f6b5439@group-BD7A3B63C209-LeaderElection18] INFO  impl.RoleInfo (RoleInfo.java:updateAndGet(143)) - ee6ff355-4f2c-4ff1-aa68-7ca64f6b5439: start FollowerState
2019-10-17 01:10:29,293 [BlockDeletingService#2] WARN  background.BlockDeletingService (BlockDeletingService.java:isDeletionAllowed(187)) - Close Container log Index 6 is not replicated across allthe servers in the pipeline 968e2a2f-54bd-4eee-95a8-bd7a3b63c209 as the min replicated index is 4. Deletion is not allowed in this container yet.
2019-10-17 01:10:29,293 [BlockDeletingService#2] WARN  background.BlockDeletingService (BlockDeletingService.java:isDeletionAllowed(187)) - Close Container log Index 6 is not replicated across allthe servers in the pipeline 968e2a2f-54bd-4eee-95a8-bd7a3b63c209 as the min replicated index is 4. Deletion is not allowed in this container yet.
2019-10-17 01:10:29,403 [Thread-635] INFO  impl.FollowerState (FollowerState.java:run(108)) - ee6ff355-4f2c-4ff1-aa68-7ca64f6b5439@group-BD7A3B63C209-FollowerState: change to CANDIDATE, lastRpcTime:135ms, electionTimeout:135ms
2019-10-17 01:10:29,403 [Thread-635] INFO  impl.RoleInfo (RoleInfo.java:shutdownFollowerState(121)) - ee6ff355-4f2c-4ff1-aa68-7ca64f6b5439: shutdown FollowerState
2019-10-17 01:10:29,403 [Thread-635] INFO  impl.RaftServerImpl (RaftServerImpl.java:setRole(184)) - ee6ff355-4f2c-4ff1-aa68-7ca64f6b5439@group-BD7A3B63C209: changes role from  FOLLOWER to CANDIDATE at term 15 for changeToCandidate
2019-10-17 01:10:29,403 [Thread-635] INFO  impl.RoleInfo (RoleInfo.java:updateAndGet(143)) - ee6ff355-4f2c-4ff1-aa68-7ca64f6b5439: start LeaderElection
2019-10-17 01:10:29,417 [ee6ff355-4f2c-4ff1-aa68-7ca64f6b5439@group-BD7A3B63C209-LeaderElection19] INFO  impl.LeaderElection (LeaderElection.java:askForVotes(178)) - ee6ff355-4f2c-4ff1-aa68-7ca64f6b5439@group-BD7A3B63C209-LeaderElection19: begin an election at term 16 for 0: [ee6ff355-4f2c-4ff1-aa68-7ca64f6b5439:192.168.157.194:37608, e3697062-c193-48d1-b15e-d6b6b4dc6638:192.168.157.194:40986, a10aa3ca-3ab2-4d87-9bc7-0d045ec2b4ce:192.168.157.194:36577], old=null
2019-10-17 01:10:29,420 [grpc-default-executor-1] INFO  impl.RaftServerImpl (RaftServerImpl.java:setRole(184)) - a10aa3ca-3ab2-4d87-9bc7-0d045ec2b4ce@group-BD7A3B63C209: changes role from  FOLLOWER to FOLLOWER at term 16 for recognizeCandidate:ee6ff355-4f2c-4ff1-aa68-7ca64f6b5439
2019-10-17 01:10:29,421 [grpc-default-executor-1] INFO  impl.RoleInfo (RoleInfo.java:shutdownFollowerState(121)) - a10aa3ca-3ab2-4d87-9bc7-0d045ec2b4ce: shutdown FollowerState
2019-10-17 01:10:29,421 [grpc-default-executor-0] INFO  impl.RaftServerImpl (RaftServerImpl.java:setRole(184)) - e3697062-c193-48d1-b15e-d6b6b4dc6638@group-BD7A3B63C209: changes role from  FOLLOWER to FOLLOWER at term 16 for recognizeCandidate:ee6ff355-4f2c-4ff1-aa68-7ca64f6b5439
2019-10-17 01:10:29,421 [grpc-default-executor-1] INFO  impl.RoleInfo (RoleInfo.java:updateAndGet(143)) - a10aa3ca-3ab2-4d87-9bc7-0d045ec2b4ce: start FollowerState
2019-10-17 01:10:29,421 [Thread-634] INFO  impl.FollowerState (FollowerState.java:run(117)) - a10aa3ca-3ab2-4d87-9bc7-0d045ec2b4ce@group-BD7A3B63C209-FollowerState was interrupted: java.lang.InterruptedException: sleep interrupted
2019-10-17 01:10:29,421 [grpc-default-executor-0] INFO  impl.RoleInfo (RoleInfo.java:shutdownFollowerState(121)) - e3697062-c193-48d1-b15e-d6b6b4dc6638: shutdown FollowerState
2019-10-17 01:10:29,422 [Thread-633] INFO  impl.FollowerState (FollowerState.java:run(117)) - e3697062-c193-48d1-b15e-d6b6b4dc6638@group-BD7A3B63C209-FollowerState was interrupted: java.lang.InterruptedException: sleep interrupted
2019-10-17 01:10:29,422 [grpc-default-executor-0] INFO  impl.RoleInfo (RoleInfo.java:updateAndGet(143)) - e3697062-c193-48d1-b15e-d6b6b4dc6638: start FollowerState
2019-10-17 01:10:29,448 [ee6ff355-4f2c-4ff1-aa68-7ca64f6b5439@group-BD7A3B63C209-LeaderElection19] INFO  impl.LeaderElection (LeaderElection.java:logAndReturn(56)) - ee6ff355-4f2c-4ff1-aa68-7ca64f6b5439@group-BD7A3B63C209-LeaderElection19: Election REJECTED; received 2 response(s) [ee6ff355-4f2c-4ff1-aa68-7ca64f6b5439<-e3697062-c193-48d1-b15e-d6b6b4dc6638#0:FAIL-t16, ee6ff355-4f2c-4ff1-aa68-7ca64f6b5439<-a10aa3ca-3ab2-4d87-9bc7-0d045ec2b4ce#0:FAIL-t16] and 0 exception(s); ee6ff355-4f2c-4ff1-aa68-7ca64f6b5439@group-BD7A3B63C209:t16, leader=null, voted=ee6ff355-4f2c-4ff1-aa68-7ca64f6b5439, raftlog=ee6ff355-4f2c-4ff1-aa68-7ca64f6b5439@group-BD7A3B63C209-SegmentedRaftLog:OPENED:c3,f4,i4, conf=0: [ee6ff355-4f2c-4ff1-aa68-7ca64f6b5439:192.168.157.194:37608, e3697062-c193-48d1-b15e-d6b6b4dc6638:192.168.157.194:40986, a10aa3ca-3ab2-4d87-9bc7-0d045ec2b4ce:192.168.157.194:36577], old=null
2019-10-17 01:10:29,449 [ee6ff355-4f2c-4ff1-aa68-7ca64f6b5439@group-BD7A3B63C209-LeaderElection19] INFO  impl.RaftServerImpl (RaftServerImpl.java:setRole(184)) - ee6ff355-4f2c-4ff1-aa68-7ca64f6b5439@group-BD7A3B63C209: changes role from CANDIDATE to FOLLOWER at term 16 for DISCOVERED_A_NEW_TERM
2019-10-17 01:10:29,449 [ee6ff355-4f2c-4ff1-aa68-7ca64f6b5439@group-BD7A3B63C209-LeaderElection19] INFO  impl.RoleInfo (RoleInfo.java:shutdownLeaderElection(134)) - ee6ff355-4f2c-4ff1-aa68-7ca64f6b5439: shutdown LeaderElection
2019-10-17 01:10:29,449 [ee6ff355-4f2c-4ff1-aa68-7ca64f6b5439@group-BD7A3B63C209-LeaderElection19] INFO  impl.RoleInfo (RoleInfo.java:updateAndGet(143)) - ee6ff355-4f2c-4ff1-aa68-7ca64f6b5439: start FollowerState
2019-10-17 01:10:29,610 [Thread-643] INFO  impl.FollowerState (FollowerState.java:run(108)) - ee6ff355-4f2c-4ff1-aa68-7ca64f6b5439@group-BD7A3B63C209-FollowerState: change to CANDIDATE, lastRpcTime:161ms, electionTimeout:111ms
2019-10-17 01:10:29,619 [Thread-643] INFO  impl.RoleInfo (RoleInfo.java:shutdownFollowerState(121)) - ee6ff355-4f2c-4ff1-aa68-7ca64f6b5439: shutdown FollowerState
2019-10-17 01:10:29,619 [Thread-643] INFO  impl.RaftServerImpl (RaftServerImpl.java:setRole(184)) - ee6ff355-4f2c-4ff1-aa68-7ca64f6b5439@group-BD7A3B63C209: changes role from  FOLLOWER to CANDIDATE at term 16 for changeToCandidate
2019-10-17 01:10:29,619 [Thread-643] INFO  impl.RoleInfo (RoleInfo.java:updateAndGet(143)) - ee6ff355-4f2c-4ff1-aa68-7ca64f6b5439: start LeaderElection
2019-10-17 01:10:29,626 [pool-7-thread-2] INFO  commands.RetriableDatanodeEventWatcher (RetriableDatanodeEventWatcher.java:onTimeout(47)) - RetriableDatanodeCommand type=deleteBlocksCommand with id=1571274624619 timed out. Retrying.
2019-10-17 01:10:29,627 [ee6ff355-4f2c-4ff1-aa68-7ca64f6b5439@group-BD7A3B63C209-LeaderElection20] INFO  impl.LeaderElection (LeaderElection.java:askForVotes(178)) - ee6ff355-4f2c-4ff1-aa68-7ca64f6b5439@group-BD7A3B63C209-LeaderElection20: begin an election at term 17 for 0: [ee6ff355-4f2c-4ff1-aa68-7ca64f6b5439:192.168.157.194:37608, e3697062-c193-48d1-b15e-d6b6b4dc6638:192.168.157.194:40986, a10aa3ca-3ab2-4d87-9bc7-0d045ec2b4ce:192.168.157.194:36577], old=null
2019-10-17 01:10:29,627 [pool-7-thread-1] INFO  commands.RetriableDatanodeEventWatcher (RetriableDatanodeEventWatcher.java:onTimeout(47)) - RetriableDatanodeCommand type=deleteBlocksCommand with id=1571274624620 timed out. Retrying.
2019-10-17 01:10:29,627 [pool-7-thread-4] INFO  commands.RetriableDatanodeEventWatcher (RetriableDatanodeEventWatcher.java:onTimeout(47)) - RetriableDatanodeCommand type=deleteBlocksCommand with id=1571274624621 timed out. Retrying.
2019-10-17 01:10:29,628 [pool-7-thread-3] INFO  commands.RetriableDatanodeEventWatcher (RetriableDatanodeEventWatcher.java:onTimeout(47)) - RetriableDatanodeCommand type=deleteBlocksCommand with id=1571274624622 timed out. Retrying.
2019-10-17 01:10:29,628 [pool-7-thread-4] INFO  commands.RetriableDatanodeEventWatcher (RetriableDatanodeEventWatcher.java:onTimeout(47)) - RetriableDatanodeCommand type=deleteBlocksCommand with id=1571274624623 timed out. Retrying.
2019-10-17 01:10:29,629 [SCMBlockDeletingService#0] INFO  block.SCMBlockDeletingService (SCMBlockDeletingService.java:call(184)) - Totally added 1 delete blocks command for 1 datanodes, task elapsed time: 0ms
2019-10-17 01:10:29,630 [grpc-default-executor-1] INFO  impl.RaftServerImpl (RaftServerImpl.java:setRole(184)) - a10aa3ca-3ab2-4d87-9bc7-0d045ec2b4ce@group-BD7A3B63C209: changes role from  FOLLOWER to FOLLOWER at term 17 for recognizeCandidate:ee6ff355-4f2c-4ff1-aa68-7ca64f6b5439
2019-10-17 01:10:29,630 [grpc-default-executor-0] INFO  impl.RaftServerImpl (RaftServerImpl.java:setRole(184)) - e3697062-c193-48d1-b15e-d6b6b4dc6638@group-BD7A3B63C209: changes role from  FOLLOWER to FOLLOWER at term 17 for recognizeCandidate:ee6ff355-4f2c-4ff1-aa68-7ca64f6b5439
2019-10-17 01:10:29,630 [grpc-default-executor-1] INFO  impl.RoleInfo (RoleInfo.java:shutdownFollowerState(121)) - a10aa3ca-3ab2-4d87-9bc7-0d045ec2b4ce: shutdown FollowerState
2019-10-17 01:10:29,630 [grpc-default-executor-0] INFO  impl.RoleInfo (RoleInfo.java:shutdownFollowerState(121)) - e3697062-c193-48d1-b15e-d6b6b4dc6638: shutdown FollowerState
2019-10-17 01:10:29,630 [Thread-641] INFO  impl.FollowerState (FollowerState.java:run(117)) - a10aa3ca-3ab2-4d87-9bc7-0d045ec2b4ce@group-BD7A3B63C209-FollowerState was interrupted: java.lang.InterruptedException: sleep interrupted
2019-10-17 01:10:29,630 [grpc-default-executor-1] INFO  impl.RoleInfo (RoleInfo.java:updateAndGet(143)) - a10aa3ca-3ab2-4d87-9bc7-0d045ec2b4ce: start FollowerState
2019-10-17 01:10:29,630 [Thread-642] INFO  impl.FollowerState (FollowerState.java:run(117)) - e3697062-c193-48d1-b15e-d6b6b4dc6638@group-BD7A3B63C209-FollowerState was interrupted: java.lang.InterruptedException: sleep interrupted
2019-10-17 01:10:29,630 [grpc-default-executor-0] INFO  impl.RoleInfo (RoleInfo.java:updateAndGet(143)) - e3697062-c193-48d1-b15e-d6b6b4dc6638: start FollowerState
2019-10-17 01:10:29,646 [ee6ff355-4f2c-4ff1-aa68-7ca64f6b5439@group-BD7A3B63C209-LeaderElection20] INFO  impl.LeaderElection (LeaderElection.java:logAndReturn(56)) - ee6ff355-4f2c-4ff1-aa68-7ca64f6b5439@group-BD7A3B63C209-LeaderElection20: Election REJECTED; received 2 response(s) [ee6ff355-4f2c-4ff1-aa68-7ca64f6b5439<-e3697062-c193-48d1-b15e-d6b6b4dc6638#0:FAIL-t17, ee6ff355-4f2c-4ff1-aa68-7ca64f6b5439<-a10aa3ca-3ab2-4d87-9bc7-0d045ec2b4ce#0:FAIL-t17] and 0 exception(s); ee6ff355-4f2c-4ff1-aa68-7ca64f6b5439@group-BD7A3B63C209:t17, leader=null, voted=ee6ff355-4f2c-4ff1-aa68-7ca64f6b5439, raftlog=ee6ff355-4f2c-4ff1-aa68-7ca64f6b5439@group-BD7A3B63C209-SegmentedRaftLog:OPENED:c3,f4,i4, conf=0: [ee6ff355-4f2c-4ff1-aa68-7ca64f6b5439:192.168.157.194:37608, e3697062-c193-48d1-b15e-d6b6b4dc6638:192.168.157.194:40986, a10aa3ca-3ab2-4d87-9bc7-0d045ec2b4ce:192.168.157.194:36577], old=null
2019-10-17 01:10:29,646 [ee6ff355-4f2c-4ff1-aa68-7ca64f6b5439@group-BD7A3B63C209-LeaderElection20] INFO  impl.RaftServerImpl (RaftServerImpl.java:setRole(184)) - ee6ff355-4f2c-4ff1-aa68-7ca64f6b5439@group-BD7A3B63C209: changes role from CANDIDATE to FOLLOWER at term 17 for DISCOVERED_A_NEW_TERM
2019-10-17 01:10:29,646 [ee6ff355-4f2c-4ff1-aa68-7ca64f6b5439@group-BD7A3B63C209-LeaderElection20] INFO  impl.RoleInfo (RoleInfo.java:shutdownLeaderElection(134)) - ee6ff355-4f2c-4ff1-aa68-7ca64f6b5439: shutdown LeaderElection
2019-10-17 01:10:29,646 [ee6ff355-4f2c-4ff1-aa68-7ca64f6b5439@group-BD7A3B63C209-LeaderElection20] INFO  impl.RoleInfo (RoleInfo.java:updateAndGet(143)) - ee6ff355-4f2c-4ff1-aa68-7ca64f6b5439: start FollowerState
2019-10-17 01:10:29,666 [Thread-652] INFO  client.GrpcClientProtocolService (GrpcClientProtocolService.java:lambda$processClientRequest$0(278)) - Failed RaftClientRequest:client-B379F03C97AF->ee6ff355-4f2c-4ff1-aa68-7ca64f6b5439@group-BD7A3B63C209, cid=10, seq=0, Watch-ALL_COMMITTED(6), Message:<EMPTY>, reply=RaftClientReply:client-B379F03C97AF->ee6ff355-4f2c-4ff1-aa68-7ca64f6b5439@group-BD7A3B63C209, cid=10, FAILED org.apache.ratis.protocol.NotLeaderException: Server ee6ff355-4f2c-4ff1-aa68-7ca64f6b5439@group-BD7A3B63C209 is not the leader, logIndex=0, commits[ee6ff355-4f2c-4ff1-aa68-7ca64f6b5439:c3]
2019-10-17 01:10:29,677 [EventQueue-PendingDeleteStatusForPendingDeleteHandler] INFO  block.SCMBlockDeletingService (SCMBlockDeletingService.java:handlePendingDeletes(115)) - Block deletion txnID mismatch in datanode ee6ff355-4f2c-4ff1-aa68-7ca64f6b5439 for containerID 1. Datanode delete txnID: 0, SCM txnID: 1
2019-10-17 01:10:29,708 [java.util.concurrent.ThreadPoolExecutor$Worker@709a6842[State = -1, empty queue]] WARN  server.GrpcLogAppender (GrpcLogAppender.java:timeoutAppendRequest(209)) - e3697062-c193-48d1-b15e-d6b6b4dc6638@group-BD7A3B63C209->ee6ff355-4f2c-4ff1-aa68-7ca64f6b5439-GrpcLogAppender: appendEntries Timeout, request=e3697062-c193-48d1-b15e-d6b6b4dc6638->ee6ff355-4f2c-4ff1-aa68-7ca64f6b5439#52-t3, previous=(t:3, i:10), leaderCommit=10, initializing? false, entries: <empty>
2019-10-17 01:10:29,722 [grpc-default-executor-0] INFO  impl.RaftServerProxy (RaftServerProxy.java:addNew(89)) - ee6ff355-4f2c-4ff1-aa68-7ca64f6b5439: addNew group-BA9EF683CB26:[ee6ff355-4f2c-4ff1-aa68-7ca64f6b5439:192.168.157.194:37608] returns group-BA9EF683CB26:java.util.concurrent.CompletableFuture@1f46820f[Not completed]
2019-10-17 01:10:29,724 [pool-59-thread-1] INFO  impl.RaftServerImpl (RaftServerImpl.java:<init>(104)) - ee6ff355-4f2c-4ff1-aa68-7ca64f6b5439: new RaftServerImpl for group-BA9EF683CB26:[ee6ff355-4f2c-4ff1-aa68-7ca64f6b5439:192.168.157.194:37608] with ContainerStateMachine:uninitialized
2019-10-17 01:10:29,724 [pool-59-thread-1] INFO  server.RaftServerConfigKeys (ConfUtils.java:logGet(43)) - raft.server.rpc.timeout.min = 5s (custom)
2019-10-17 01:10:29,724 [pool-59-thread-1] INFO  server.RaftServerConfigKeys (ConfUtils.java:logGet(43)) - raft.server.rpc.timeout.max = 5200ms (custom)
2019-10-17 01:10:29,724 [pool-59-thread-1] INFO  server.RaftServerConfigKeys (ConfUtils.java:logGet(43)) - raft.server.rpcslowness.timeout = 1000s (custom)
2019-10-17 01:10:29,724 [pool-59-thread-1] INFO  server.RaftServerConfigKeys (ConfUtils.java:logGet(43)) - raft.server.sleep.deviation.threshold = 300 (default)
2019-10-17 01:10:29,724 [pool-59-thread-1] INFO  server.RaftServerConfigKeys (ConfUtils.java:logGet(43)) - raft.server.log.appender.install.snapshot.enabled = false (custom)
2019-10-17 01:10:29,725 [pool-59-thread-1] INFO  impl.RaftServerImpl (ServerState.java:<init>(103)) - ee6ff355-4f2c-4ff1-aa68-7ca64f6b5439@group-BA9EF683CB26: ConfigurationManager, init=-1: [ee6ff355-4f2c-4ff1-aa68-7ca64f6b5439:192.168.157.194:37608], old=null, confs=<EMPTY_MAP>
2019-10-17 01:10:29,725 [pool-59-thread-1] INFO  server.RaftServerConfigKeys (ConfUtils.java:logGet(43)) - raft.server.storage.dir = [/workdir/hadoop-ozone/integration-test/target/test-dir/MiniOzoneClusterImpl-85f8a08e-f83a-42a3-ae7e-0eb0c728a558/datanode-1/data/ratis] (custom)
2019-10-17 01:10:29,725 [pool-59-thread-1] INFO  server.RaftServerConfigKeys (ConfUtils.java:logGet(43)) - raft.server.log.corruption.policy = EXCEPTION (default)
2019-10-17 01:10:29,725 [pool-59-thread-1] INFO  storage.RaftStorageDirectory (RaftStorageDirectory.java:analyzeStorage(246)) - The storage directory /workdir/hadoop-ozone/integration-test/target/test-dir/MiniOzoneClusterImpl-85f8a08e-f83a-42a3-ae7e-0eb0c728a558/datanode-1/data/ratis/248e292c-ec97-430b-8910-ba9ef683cb26 does not exist. Creating ...
2019-10-17 01:10:29,729 [pool-59-thread-1] INFO  storage.RaftStorageDirectory (RaftStorageDirectory.java:tryLock(328)) - Lock on /workdir/hadoop-ozone/integration-test/target/test-dir/MiniOzoneClusterImpl-85f8a08e-f83a-42a3-ae7e-0eb0c728a558/datanode-1/data/ratis/248e292c-ec97-430b-8910-ba9ef683cb26/in_use.lock acquired by nodename 10307@pr-hdds-1868-g97gg-2149769003
2019-10-17 01:10:29,744 [pool-59-thread-1] INFO  storage.RaftStorage (RaftStorage.java:format(84)) - Storage directory /workdir/hadoop-ozone/integration-test/target/test-dir/MiniOzoneClusterImpl-85f8a08e-f83a-42a3-ae7e-0eb0c728a558/datanode-1/data/ratis/248e292c-ec97-430b-8910-ba9ef683cb26 has been successfully formatted.
2019-10-17 01:10:29,744 [pool-59-thread-1] INFO  ratis.ContainerStateMachine (ContainerStateMachine.java:loadSnapshot(233)) - group-BA9EF683CB26: The snapshot info is null. Setting the last applied indexto:(t:0, i:~)
2019-10-17 01:10:29,744 [pool-59-thread-1] INFO  server.RaftServerConfigKeys (ConfUtils.java:logGet(43)) - raft.server.notification.no-leader.timeout = 1000s (custom)
2019-10-17 01:10:29,744 [pool-59-thread-1] INFO  server.RaftServerConfigKeys (ConfUtils.java:logGet(43)) - raft.server.log.use.memory = false (default)
2019-10-17 01:10:29,744 [pool-59-thread-1] INFO  server.RaftServerConfigKeys (ConfUtils.java:logGet(43)) - raft.server.log.purge.gap = 1000000 (custom)
2019-10-17 01:10:29,744 [pool-59-thread-1] INFO  server.RaftServerConfigKeys (ConfUtils.java:logGet(43)) - raft.server.log.appender.buffer.byte-limit = 33554432 (custom)
2019-10-17 01:10:29,745 [pool-59-thread-1] INFO  server.RaftServerConfigKeys (ConfUtils.java:logGet(43)) - raft.server.log.segment.size.max = 1048576 (custom)
2019-10-17 01:10:29,745 [pool-59-thread-1] INFO  server.RaftServerConfigKeys (ConfUtils.java:logGet(43)) - raft.server.log.segment.cache.num.max = 2 (custom)
2019-10-17 01:10:29,745 [pool-59-thread-1] INFO  segmented.SegmentedRaftLogWorker (SegmentedRaftLogWorker.java:<init>(173)) - new ee6ff355-4f2c-4ff1-aa68-7ca64f6b5439@group-BA9EF683CB26-SegmentedRaftLogWorker for RaftStorage:Storage Directory /workdir/hadoop-ozone/integration-test/target/test-dir/MiniOzoneClusterImpl-85f8a08e-f83a-42a3-ae7e-0eb0c728a558/datanode-1/data/ratis/248e292c-ec97-430b-8910-ba9ef683cb26
2019-10-17 01:10:29,745 [pool-59-thread-1] INFO  server.RaftServerConfigKeys (ConfUtils.java:logGet(43)) - raft.server.log.queue.byte-limit = 2147483647 (custom)
2019-10-17 01:10:29,745 [pool-59-thread-1] INFO  server.RaftServerConfigKeys (ConfUtils.java:logGet(43)) - raft.server.log.queue.element-limit = 1024 (custom)
2019-10-17 01:10:29,745 [pool-59-thread-1] INFO  server.RaftServerConfigKeys (ConfUtils.java:logGet(43)) - raft.server.log.segment.size.max = 1048576 (custom)
2019-10-17 01:10:29,745 [pool-59-thread-1] INFO  server.RaftServerConfigKeys (ConfUtils.java:logGet(43)) - raft.server.log.preallocated.size = 16384 (custom)
2019-10-17 01:10:29,745 [pool-59-thread-1] INFO  server.RaftServerConfigKeys (ConfUtils.java:logGet(43)) - raft.server.log.write.buffer.size = 33554432 (custom)
2019-10-17 01:10:29,745 [pool-59-thread-1] INFO  server.RaftServerConfigKeys (ConfUtils.java:logGet(43)) - raft.server.log.force.sync.num = 128 (default)
2019-10-17 01:10:29,745 [pool-59-thread-1] INFO  server.RaftServerConfigKeys (ConfUtils.java:logGet(43)) - raft.server.log.statemachine.data.sync = true (default)
2019-10-17 01:10:29,745 [pool-59-thread-1] INFO  server.RaftServerConfigKeys (ConfUtils.java:logGet(43)) - raft.server.log.statemachine.data.sync.timeout = 10s (default)
2019-10-17 01:10:29,746 [pool-59-thread-1] INFO  server.RaftServerConfigKeys (ConfUtils.java:logGet(43)) - raft.server.log.statemachine.data.sync.timeout.retry = -1 (default)
2019-10-17 01:10:29,746 [pool-59-thread-1] INFO  server.RaftServerConfigKeys (ConfUtils.java:logGet(43)) - raft.server.log.statemachine.data.caching.enabled = true (custom)
2019-10-17 01:10:29,746 [pool-59-thread-1] INFO  segmented.SegmentedRaftLogWorker (SegmentedRaftLogWorker.java:lambda$new$0(128)) - ee6ff355-4f2c-4ff1-aa68-7ca64f6b5439@group-BA9EF683CB26-SegmentedRaftLogWorker: flushIndex: setUnconditionally 0 -> -1
2019-10-17 01:10:29,746 [pool-59-thread-1] INFO  server.RaftServerConfigKeys (ConfUtils.java:logGet(43)) - raft.server.snapshot.auto.trigger.enabled = true (custom)
2019-10-17 01:10:29,746 [pool-59-thread-1] INFO  server.RaftServerConfigKeys (ConfUtils.java:logGet(43)) - raft.server.snapshot.auto.trigger.threshold = 10000 (custom)
2019-10-17 01:10:29,746 [pool-59-thread-1] INFO  server.RaftServerConfigKeys (ConfUtils.java:logGet(43)) - raft.server.snapshot.retention.file.num = 5 (custom)
2019-10-17 01:10:29,746 [pool-59-thread-1] INFO  server.RaftServerConfigKeys (ConfUtils.java:logGet(43)) - raft.server.retrycache.expirytime = 600000ms (custom)
2019-10-17 01:10:29,749 [pool-59-thread-1] INFO  impl.RaftServerImpl (RaftServerImpl.java:start(195)) - ee6ff355-4f2c-4ff1-aa68-7ca64f6b5439@group-BA9EF683CB26: start as a follower, conf=-1: [ee6ff355-4f2c-4ff1-aa68-7ca64f6b5439:192.168.157.194:37608], old=null
2019-10-17 01:10:29,749 [pool-59-thread-1] INFO  impl.RaftServerImpl (RaftServerImpl.java:setRole(184)) - ee6ff355-4f2c-4ff1-aa68-7ca64f6b5439@group-BA9EF683CB26: changes role from      null to FOLLOWER at term 0 for startAsFollower
2019-10-17 01:10:29,749 [pool-59-thread-1] INFO  impl.RoleInfo (RoleInfo.java:updateAndGet(143)) - ee6ff355-4f2c-4ff1-aa68-7ca64f6b5439: start FollowerState
2019-10-17 01:10:29,750 [pool-59-thread-1] INFO  util.JmxRegister (JmxRegister.java:tryRegister(44)) - Successfully registered JMX Bean with object name Ratis:service=RaftServer,group=group-BA9EF683CB26,id=ee6ff355-4f2c-4ff1-aa68-7ca64f6b5439
2019-10-17 01:10:29,756 [RatisPipelineUtilsThread] INFO  pipeline.PipelineStateManager (PipelineStateManager.java:addPipeline(55)) - Created pipeline Pipeline[ Id: 248e292c-ec97-430b-8910-ba9ef683cb26, Nodes: ee6ff355-4f2c-4ff1-aa68-7ca64f6b5439{ip: 192.168.157.194, host: pr-hdds-1868-g97gg-2149769003, networkLocation: /default-rack, certSerialId: null}, Type:RATIS, Factor:ONE, State:ALLOCATED]
2019-10-17 01:10:29,767 [grpc-default-executor-6] INFO  impl.RaftServerProxy (RaftServerProxy.java:addNew(89)) - e3697062-c193-48d1-b15e-d6b6b4dc6638: addNew group-5DF6529D38A3:[ee6ff355-4f2c-4ff1-aa68-7ca64f6b5439:192.168.157.194:37608, e3697062-c193-48d1-b15e-d6b6b4dc6638:192.168.157.194:40986, a10aa3ca-3ab2-4d87-9bc7-0d045ec2b4ce:192.168.157.194:36577] returns group-5DF6529D38A3:java.util.concurrent.CompletableFuture@1db2e187[Not completed]
2019-10-17 01:10:29,768 [grpc-default-executor-0] INFO  impl.RaftServerProxy (RaftServerProxy.java:addNew(89)) - ee6ff355-4f2c-4ff1-aa68-7ca64f6b5439: addNew group-5DF6529D38A3:[ee6ff355-4f2c-4ff1-aa68-7ca64f6b5439:192.168.157.194:37608, e3697062-c193-48d1-b15e-d6b6b4dc6638:192.168.157.194:40986, a10aa3ca-3ab2-4d87-9bc7-0d045ec2b4ce:192.168.157.194:36577] returns group-5DF6529D38A3:java.util.concurrent.CompletableFuture@217d56cb[Not completed]
2019-10-17 01:10:29,768 [grpc-default-executor-6] INFO  impl.RaftServerProxy (RaftServerProxy.java:addNew(89)) - a10aa3ca-3ab2-4d87-9bc7-0d045ec2b4ce: addNew group-5DF6529D38A3:[ee6ff355-4f2c-4ff1-aa68-7ca64f6b5439:192.168.157.194:37608, e3697062-c193-48d1-b15e-d6b6b4dc6638:192.168.157.194:40986, a10aa3ca-3ab2-4d87-9bc7-0d045ec2b4ce:192.168.157.194:36577] returns group-5DF6529D38A3:java.util.concurrent.CompletableFuture@198d76e9[Not completed]
2019-10-17 01:10:29,769 [pool-47-thread-1] INFO  impl.RaftServerImpl (RaftServerImpl.java:<init>(104)) - e3697062-c193-48d1-b15e-d6b6b4dc6638: new RaftServerImpl for group-5DF6529D38A3:[ee6ff355-4f2c-4ff1-aa68-7ca64f6b5439:192.168.157.194:37608, e3697062-c193-48d1-b15e-d6b6b4dc6638:192.168.157.194:40986, a10aa3ca-3ab2-4d87-9bc7-0d045ec2b4ce:192.168.157.194:36577] with ContainerStateMachine:uninitialized
2019-10-17 01:10:29,769 [pool-47-thread-1] INFO  server.RaftServerConfigKeys (ConfUtils.java:logGet(43)) - raft.server.rpc.timeout.min = 5s (custom)
2019-10-17 01:10:29,769 [pool-47-thread-1] INFO  server.RaftServerConfigKeys (ConfUtils.java:logGet(43)) - raft.server.rpc.timeout.max = 5200ms (custom)
2019-10-17 01:10:29,769 [pool-47-thread-1] INFO  server.RaftServerConfigKeys (ConfUtils.java:logGet(43)) - raft.server.rpcslowness.timeout = 1000s (custom)
2019-10-17 01:10:29,770 [pool-47-thread-1] INFO  server.RaftServerConfigKeys (ConfUtils.java:logGet(43)) - raft.server.sleep.deviation.threshold = 300 (default)
2019-10-17 01:10:29,770 [pool-47-thread-1] INFO  server.RaftServerConfigKeys (ConfUtils.java:logGet(43)) - raft.server.log.appender.install.snapshot.enabled = false (custom)
2019-10-17 01:10:29,770 [pool-47-thread-1] INFO  impl.RaftServerImpl (ServerState.java:<init>(103)) - e3697062-c193-48d1-b15e-d6b6b4dc6638@group-5DF6529D38A3: ConfigurationManager, init=-1: [ee6ff355-4f2c-4ff1-aa68-7ca64f6b5439:192.168.157.194:37608, e3697062-c193-48d1-b15e-d6b6b4dc6638:192.168.157.194:40986, a10aa3ca-3ab2-4d87-9bc7-0d045ec2b4ce:192.168.157.194:36577], old=null, confs=<EMPTY_MAP>
2019-10-17 01:10:29,770 [pool-27-thread-1] INFO  impl.RaftServerImpl (RaftServerImpl.java:<init>(104)) - a10aa3ca-3ab2-4d87-9bc7-0d045ec2b4ce: new RaftServerImpl for group-5DF6529D38A3:[ee6ff355-4f2c-4ff1-aa68-7ca64f6b5439:192.168.157.194:37608, e3697062-c193-48d1-b15e-d6b6b4dc6638:192.168.157.194:40986, a10aa3ca-3ab2-4d87-9bc7-0d045ec2b4ce:192.168.157.194:36577] with ContainerStateMachine:uninitialized
2019-10-17 01:10:29,770 [pool-47-thread-1] INFO  server.RaftServerConfigKeys (ConfUtils.java:logGet(43)) - raft.server.storage.dir = [/workdir/hadoop-ozone/integration-test/target/test-dir/MiniOzoneClusterImpl-85f8a08e-f83a-42a3-ae7e-0eb0c728a558/datanode-2/data/ratis] (custom)
2019-10-17 01:10:29,770 [pool-27-thread-1] INFO  server.RaftServerConfigKeys (ConfUtils.java:logGet(43)) - raft.server.rpc.timeout.min = 5s (custom)
2019-10-17 01:10:29,770 [pool-27-thread-1] INFO  server.RaftServerConfigKeys (ConfUtils.java:logGet(43)) - raft.server.rpc.timeout.max = 5200ms (custom)
2019-10-17 01:10:29,770 [pool-47-thread-1] INFO  server.RaftServerConfigKeys (ConfUtils.java:logGet(43)) - raft.server.log.corruption.policy = EXCEPTION (default)
2019-10-17 01:10:29,770 [pool-27-thread-1] INFO  server.RaftServerConfigKeys (ConfUtils.java:logGet(43)) - raft.server.rpcslowness.timeout = 1000s (custom)
2019-10-17 01:10:29,770 [pool-47-thread-1] INFO  storage.RaftStorageDirectory (RaftStorageDirectory.java:analyzeStorage(246)) - The storage directory /workdir/hadoop-ozone/integration-test/target/test-dir/MiniOzoneClusterImpl-85f8a08e-f83a-42a3-ae7e-0eb0c728a558/datanode-2/data/ratis/f9abe76a-4dd7-4825-8bbe-5df6529d38a3 does not exist. Creating ...
2019-10-17 01:10:29,770 [pool-27-thread-1] INFO  server.RaftServerConfigKeys (ConfUtils.java:logGet(43)) - raft.server.sleep.deviation.threshold = 300 (default)
2019-10-17 01:10:29,771 [pool-27-thread-1] INFO  server.RaftServerConfigKeys (ConfUtils.java:logGet(43)) - raft.server.log.appender.install.snapshot.enabled = false (custom)
2019-10-17 01:10:29,771 [pool-27-thread-1] INFO  impl.RaftServerImpl (ServerState.java:<init>(103)) - a10aa3ca-3ab2-4d87-9bc7-0d045ec2b4ce@group-5DF6529D38A3: ConfigurationManager, init=-1: [ee6ff355-4f2c-4ff1-aa68-7ca64f6b5439:192.168.157.194:37608, e3697062-c193-48d1-b15e-d6b6b4dc6638:192.168.157.194:40986, a10aa3ca-3ab2-4d87-9bc7-0d045ec2b4ce:192.168.157.194:36577], old=null, confs=<EMPTY_MAP>
2019-10-17 01:10:29,771 [pool-59-thread-1] INFO  impl.RaftServerImpl (RaftServerImpl.java:<init>(104)) - ee6ff355-4f2c-4ff1-aa68-7ca64f6b5439: new RaftServerImpl for group-5DF6529D38A3:[ee6ff355-4f2c-4ff1-aa68-7ca64f6b5439:192.168.157.194:37608, e3697062-c193-48d1-b15e-d6b6b4dc6638:192.168.157.194:40986, a10aa3ca-3ab2-4d87-9bc7-0d045ec2b4ce:192.168.157.194:36577] with ContainerStateMachine:uninitialized
2019-10-17 01:10:29,771 [pool-27-thread-1] INFO  server.RaftServerConfigKeys (ConfUtils.java:logGet(43)) - raft.server.storage.dir = [/workdir/hadoop-ozone/integration-test/target/test-dir/MiniOzoneClusterImpl-85f8a08e-f83a-42a3-ae7e-0eb0c728a558/datanode-0/data/ratis] (custom)
2019-10-17 01:10:29,771 [pool-59-thread-1] INFO  server.RaftServerConfigKeys (ConfUtils.java:logGet(43)) - raft.server.rpc.timeout.min = 5s (custom)
2019-10-17 01:10:29,771 [pool-27-thread-1] INFO  server.RaftServerConfigKeys (ConfUtils.java:logGet(43)) - raft.server.log.corruption.policy = EXCEPTION (default)
2019-10-17 01:10:29,771 [pool-59-thread-1] INFO  server.RaftServerConfigKeys (ConfUtils.java:logGet(43)) - raft.server.rpc.timeout.max = 5200ms (custom)
2019-10-17 01:10:29,771 [pool-27-thread-1] INFO  storage.RaftStorageDirectory (RaftStorageDirectory.java:analyzeStorage(246)) - The storage directory /workdir/hadoop-ozone/integration-test/target/test-dir/MiniOzoneClusterImpl-85f8a08e-f83a-42a3-ae7e-0eb0c728a558/datanode-0/data/ratis/f9abe76a-4dd7-4825-8bbe-5df6529d38a3 does not exist. Creating ...
2019-10-17 01:10:29,771 [pool-59-thread-1] INFO  server.RaftServerConfigKeys (ConfUtils.java:logGet(43)) - raft.server.rpcslowness.timeout = 1000s (custom)
2019-10-17 01:10:29,771 [pool-59-thread-1] INFO  server.RaftServerConfigKeys (ConfUtils.java:logGet(43)) - raft.server.sleep.deviation.threshold = 300 (default)
2019-10-17 01:10:29,772 [pool-59-thread-1] INFO  server.RaftServerConfigKeys (ConfUtils.java:logGet(43)) - raft.server.log.appender.install.snapshot.enabled = false (custom)
2019-10-17 01:10:29,772 [pool-59-thread-1] INFO  impl.RaftServerImpl (ServerState.java:<init>(103)) - ee6ff355-4f2c-4ff1-aa68-7ca64f6b5439@group-5DF6529D38A3: ConfigurationManager, init=-1: [ee6ff355-4f2c-4ff1-aa68-7ca64f6b5439:192.168.157.194:37608, e3697062-c193-48d1-b15e-d6b6b4dc6638:192.168.157.194:40986, a10aa3ca-3ab2-4d87-9bc7-0d045ec2b4ce:192.168.157.194:36577], old=null, confs=<EMPTY_MAP>
2019-10-17 01:10:29,772 [pool-59-thread-1] INFO  server.RaftServerConfigKeys (ConfUtils.java:logGet(43)) - raft.server.storage.dir = [/workdir/hadoop-ozone/integration-test/target/test-dir/MiniOzoneClusterImpl-85f8a08e-f83a-42a3-ae7e-0eb0c728a558/datanode-1/data/ratis] (custom)
2019-10-17 01:10:29,772 [pool-59-thread-1] INFO  server.RaftServerConfigKeys (ConfUtils.java:logGet(43)) - raft.server.log.corruption.policy = EXCEPTION (default)
2019-10-17 01:10:29,772 [pool-59-thread-1] INFO  storage.RaftStorageDirectory (RaftStorageDirectory.java:analyzeStorage(246)) - The storage directory /workdir/hadoop-ozone/integration-test/target/test-dir/MiniOzoneClusterImpl-85f8a08e-f83a-42a3-ae7e-0eb0c728a558/datanode-1/data/ratis/f9abe76a-4dd7-4825-8bbe-5df6529d38a3 does not exist. Creating ...
2019-10-17 01:10:29,776 [EventQueue-PendingDeleteStatusForPendingDeleteHandler] INFO  block.SCMBlockDeletingService (SCMBlockDeletingService.java:handlePendingDeletes(115)) - Block deletion txnID mismatch in datanode ee6ff355-4f2c-4ff1-aa68-7ca64f6b5439 for containerID 1. Datanode delete txnID: 0, SCM txnID: 1
2019-10-17 01:10:29,786 [pool-59-thread-1] INFO  storage.RaftStorageDirectory (RaftStorageDirectory.java:tryLock(328)) - Lock on /workdir/hadoop-ozone/integration-test/target/test-dir/MiniOzoneClusterImpl-85f8a08e-f83a-42a3-ae7e-0eb0c728a558/datanode-1/data/ratis/f9abe76a-4dd7-4825-8bbe-5df6529d38a3/in_use.lock acquired by nodename 10307@pr-hdds-1868-g97gg-2149769003
2019-10-17 01:10:29,786 [pool-27-thread-1] INFO  storage.RaftStorageDirectory (RaftStorageDirectory.java:tryLock(328)) - Lock on /workdir/hadoop-ozone/integration-test/target/test-dir/MiniOzoneClusterImpl-85f8a08e-f83a-42a3-ae7e-0eb0c728a558/datanode-0/data/ratis/f9abe76a-4dd7-4825-8bbe-5df6529d38a3/in_use.lock acquired by nodename 10307@pr-hdds-1868-g97gg-2149769003
2019-10-17 01:10:29,786 [pool-47-thread-1] INFO  storage.RaftStorageDirectory (RaftStorageDirectory.java:tryLock(328)) - Lock on /workdir/hadoop-ozone/integration-test/target/test-dir/MiniOzoneClusterImpl-85f8a08e-f83a-42a3-ae7e-0eb0c728a558/datanode-2/data/ratis/f9abe76a-4dd7-4825-8bbe-5df6529d38a3/in_use.lock acquired by nodename 10307@pr-hdds-1868-g97gg-2149769003
2019-10-17 01:10:29,787 [Thread-650] INFO  impl.FollowerState (FollowerState.java:run(108)) - ee6ff355-4f2c-4ff1-aa68-7ca64f6b5439@group-BD7A3B63C209-FollowerState: change to CANDIDATE, lastRpcTime:140ms, electionTimeout:140ms
2019-10-17 01:10:29,787 [Thread-650] INFO  impl.RoleInfo (RoleInfo.java:shutdownFollowerState(121)) - ee6ff355-4f2c-4ff1-aa68-7ca64f6b5439: shutdown FollowerState
2019-10-17 01:10:29,787 [Thread-650] INFO  impl.RaftServerImpl (RaftServerImpl.java:setRole(184)) - ee6ff355-4f2c-4ff1-aa68-7ca64f6b5439@group-BD7A3B63C209: changes role from  FOLLOWER to CANDIDATE at term 17 for changeToCandidate
2019-10-17 01:10:29,787 [Thread-650] INFO  impl.RoleInfo (RoleInfo.java:updateAndGet(143)) - ee6ff355-4f2c-4ff1-aa68-7ca64f6b5439: start LeaderElection
2019-10-17 01:10:29,800 [pool-59-thread-1] INFO  storage.RaftStorage (RaftStorage.java:format(84)) - Storage directory /workdir/hadoop-ozone/integration-test/target/test-dir/MiniOzoneClusterImpl-85f8a08e-f83a-42a3-ae7e-0eb0c728a558/datanode-1/data/ratis/f9abe76a-4dd7-4825-8bbe-5df6529d38a3 has been successfully formatted.
2019-10-17 01:10:29,800 [pool-47-thread-1] INFO  storage.RaftStorage (RaftStorage.java:format(84)) - Storage directory /workdir/hadoop-ozone/integration-test/target/test-dir/MiniOzoneClusterImpl-85f8a08e-f83a-42a3-ae7e-0eb0c728a558/datanode-2/data/ratis/f9abe76a-4dd7-4825-8bbe-5df6529d38a3 has been successfully formatted.
2019-10-17 01:10:29,800 [ee6ff355-4f2c-4ff1-aa68-7ca64f6b5439@group-BD7A3B63C209-LeaderElection21] INFO  impl.LeaderElection (LeaderElection.java:askForVotes(178)) - ee6ff355-4f2c-4ff1-aa68-7ca64f6b5439@group-BD7A3B63C209-LeaderElection21: begin an election at term 18 for 0: [ee6ff355-4f2c-4ff1-aa68-7ca64f6b5439:192.168.157.194:37608, e3697062-c193-48d1-b15e-d6b6b4dc6638:192.168.157.194:40986, a10aa3ca-3ab2-4d87-9bc7-0d045ec2b4ce:192.168.157.194:36577], old=null
2019-10-17 01:10:29,800 [pool-27-thread-1] INFO  storage.RaftStorage (RaftStorage.java:format(84)) - Storage directory /workdir/hadoop-ozone/integration-test/target/test-dir/MiniOzoneClusterImpl-85f8a08e-f83a-42a3-ae7e-0eb0c728a558/datanode-0/data/ratis/f9abe76a-4dd7-4825-8bbe-5df6529d38a3 has been successfully formatted.
2019-10-17 01:10:29,800 [pool-47-thread-1] INFO  ratis.ContainerStateMachine (ContainerStateMachine.java:loadSnapshot(233)) - group-5DF6529D38A3: The snapshot info is null. Setting the last applied indexto:(t:0, i:~)
2019-10-17 01:10:29,800 [pool-59-thread-1] INFO  ratis.ContainerStateMachine (ContainerStateMachine.java:loadSnapshot(233)) - group-5DF6529D38A3: The snapshot info is null. Setting the last applied indexto:(t:0, i:~)
2019-10-17 01:10:29,801 [pool-47-thread-1] INFO  server.RaftServerConfigKeys (ConfUtils.java:logGet(43)) - raft.server.notification.no-leader.timeout = 1000s (custom)
2019-10-17 01:10:29,801 [pool-27-thread-1] INFO  ratis.ContainerStateMachine (ContainerStateMachine.java:loadSnapshot(233)) - group-5DF6529D38A3: The snapshot info is null. Setting the last applied indexto:(t:0, i:~)
2019-10-17 01:10:29,801 [pool-47-thread-1] INFO  server.RaftServerConfigKeys (ConfUtils.java:logGet(43)) - raft.server.log.use.memory = false (default)
2019-10-17 01:10:29,801 [pool-59-thread-1] INFO  server.RaftServerConfigKeys (ConfUtils.java:logGet(43)) - raft.server.notification.no-leader.timeout = 1000s (custom)
2019-10-17 01:10:29,801 [pool-47-thread-1] INFO  server.RaftServerConfigKeys (ConfUtils.java:logGet(43)) - raft.server.log.purge.gap = 1000000 (custom)
2019-10-17 01:10:29,801 [pool-27-thread-1] INFO  server.RaftServerConfigKeys (ConfUtils.java:logGet(43)) - raft.server.notification.no-leader.timeout = 1000s (custom)
2019-10-17 01:10:29,801 [pool-47-thread-1] INFO  server.RaftServerConfigKeys (ConfUtils.java:logGet(43)) - raft.server.log.appender.buffer.byte-limit = 33554432 (custom)
2019-10-17 01:10:29,801 [pool-59-thread-1] INFO  server.RaftServerConfigKeys (ConfUtils.java:logGet(43)) - raft.server.log.use.memory = false (default)
2019-10-17 01:10:29,801 [pool-47-thread-1] INFO  server.RaftServerConfigKeys (ConfUtils.java:logGet(43)) - raft.server.log.segment.size.max = 1048576 (custom)
2019-10-17 01:10:29,801 [pool-27-thread-1] INFO  server.RaftServerConfigKeys (ConfUtils.java:logGet(43)) - raft.server.log.use.memory = false (default)
2019-10-17 01:10:29,802 [pool-47-thread-1] INFO  server.RaftServerConfigKeys (ConfUtils.java:logGet(43)) - raft.server.log.segment.cache.num.max = 2 (custom)
2019-10-17 01:10:29,802 [pool-59-thread-1] INFO  server.RaftServerConfigKeys (ConfUtils.java:logGet(43)) - raft.server.log.purge.gap = 1000000 (custom)
2019-10-17 01:10:29,802 [pool-47-thread-1] INFO  segmented.SegmentedRaftLogWorker (SegmentedRaftLogWorker.java:<init>(173)) - new e3697062-c193-48d1-b15e-d6b6b4dc6638@group-5DF6529D38A3-SegmentedRaftLogWorker for RaftStorage:Storage Directory /workdir/hadoop-ozone/integration-test/target/test-dir/MiniOzoneClusterImpl-85f8a08e-f83a-42a3-ae7e-0eb0c728a558/datanode-2/data/ratis/f9abe76a-4dd7-4825-8bbe-5df6529d38a3
2019-10-17 01:10:29,802 [pool-27-thread-1] INFO  server.RaftServerConfigKeys (ConfUtils.java:logGet(43)) - raft.server.log.purge.gap = 1000000 (custom)
2019-10-17 01:10:29,802 [pool-47-thread-1] INFO  server.RaftServerConfigKeys (ConfUtils.java:logGet(43)) - raft.server.log.queue.byte-limit = 2147483647 (custom)
2019-10-17 01:10:29,802 [pool-59-thread-1] INFO  server.RaftServerConfigKeys (ConfUtils.java:logGet(43)) - raft.server.log.appender.buffer.byte-limit = 33554432 (custom)
2019-10-17 01:10:29,802 [pool-47-thread-1] INFO  server.RaftServerConfigKeys (ConfUtils.java:logGet(43)) - raft.server.log.queue.element-limit = 1024 (custom)
2019-10-17 01:10:29,802 [pool-27-thread-1] INFO  server.RaftServerConfigKeys (ConfUtils.java:logGet(43)) - raft.server.log.appender.buffer.byte-limit = 33554432 (custom)
2019-10-17 01:10:29,802 [pool-47-thread-1] INFO  server.RaftServerConfigKeys (ConfUtils.java:logGet(43)) - raft.server.log.segment.size.max = 1048576 (custom)
2019-10-17 01:10:29,802 [pool-59-thread-1] INFO  server.RaftServerConfigKeys (ConfUtils.java:logGet(43)) - raft.server.log.segment.size.max = 1048576 (custom)
2019-10-17 01:10:29,803 [pool-47-thread-1] INFO  server.RaftServerConfigKeys (ConfUtils.java:logGet(43)) - raft.server.log.preallocated.size = 16384 (custom)
2019-10-17 01:10:29,803 [pool-27-thread-1] INFO  server.RaftServerConfigKeys (ConfUtils.java:logGet(43)) - raft.server.log.segment.size.max = 1048576 (custom)
2019-10-17 01:10:29,803 [pool-47-thread-1] INFO  server.RaftServerConfigKeys (ConfUtils.java:logGet(43)) - raft.server.log.write.buffer.size = 33554432 (custom)
2019-10-17 01:10:29,803 [pool-59-thread-1] INFO  server.RaftServerConfigKeys (ConfUtils.java:logGet(43)) - raft.server.log.segment.cache.num.max = 2 (custom)
2019-10-17 01:10:29,803 [pool-47-thread-1] INFO  server.RaftServerConfigKeys (ConfUtils.java:logGet(43)) - raft.server.log.force.sync.num = 128 (default)
2019-10-17 01:10:29,803 [pool-27-thread-1] INFO  server.RaftServerConfigKeys (ConfUtils.java:logGet(43)) - raft.server.log.segment.cache.num.max = 2 (custom)
2019-10-17 01:10:29,803 [pool-47-thread-1] INFO  server.RaftServerConfigKeys (ConfUtils.java:logGet(43)) - raft.server.log.statemachine.data.sync = true (default)
2019-10-17 01:10:29,803 [grpc-default-executor-6] INFO  impl.RaftServerImpl (RaftServerImpl.java:setRole(184)) - e3697062-c193-48d1-b15e-d6b6b4dc6638@group-BD7A3B63C209: changes role from  FOLLOWER to FOLLOWER at term 18 for recognizeCandidate:ee6ff355-4f2c-4ff1-aa68-7ca64f6b5439
2019-10-17 01:10:29,804 [grpc-default-executor-6] INFO  impl.RoleInfo (RoleInfo.java:shutdownFollowerState(121)) - e3697062-c193-48d1-b15e-d6b6b4dc6638: shutdown FollowerState
2019-10-17 01:10:29,803 [pool-59-thread-1] INFO  segmented.SegmentedRaftLogWorker (SegmentedRaftLogWorker.java:<init>(173)) - new ee6ff355-4f2c-4ff1-aa68-7ca64f6b5439@group-5DF6529D38A3-SegmentedRaftLogWorker for RaftStorage:Storage Directory /workdir/hadoop-ozone/integration-test/target/test-dir/MiniOzoneClusterImpl-85f8a08e-f83a-42a3-ae7e-0eb0c728a558/datanode-1/data/ratis/f9abe76a-4dd7-4825-8bbe-5df6529d38a3
2019-10-17 01:10:29,804 [grpc-default-executor-6] INFO  impl.RoleInfo (RoleInfo.java:updateAndGet(143)) - e3697062-c193-48d1-b15e-d6b6b4dc6638: start FollowerState
2019-10-17 01:10:29,804 [grpc-default-executor-0] INFO  impl.RaftServerImpl (RaftServerImpl.java:setRole(184)) - a10aa3ca-3ab2-4d87-9bc7-0d045ec2b4ce@group-BD7A3B63C209: changes role from  FOLLOWER to FOLLOWER at term 18 for recognizeCandidate:ee6ff355-4f2c-4ff1-aa68-7ca64f6b5439
2019-10-17 01:10:29,803 [pool-47-thread-1] INFO  server.RaftServerConfigKeys (ConfUtils.java:logGet(43)) - raft.server.log.statemachine.data.sync.timeout = 10s (default)
2019-10-17 01:10:29,803 [pool-27-thread-1] INFO  segmented.SegmentedRaftLogWorker (SegmentedRaftLogWorker.java:<init>(173)) - new a10aa3ca-3ab2-4d87-9bc7-0d045ec2b4ce@group-5DF6529D38A3-SegmentedRaftLogWorker for RaftStorage:Storage Directory /workdir/hadoop-ozone/integration-test/target/test-dir/MiniOzoneClusterImpl-85f8a08e-f83a-42a3-ae7e-0eb0c728a558/datanode-0/data/ratis/f9abe76a-4dd7-4825-8bbe-5df6529d38a3
2019-10-17 01:10:29,804 [pool-47-thread-1] INFO  server.RaftServerConfigKeys (ConfUtils.java:logGet(43)) - raft.server.log.statemachine.data.sync.timeout.retry = -1 (default)
2019-10-17 01:10:29,804 [grpc-default-executor-0] INFO  impl.RoleInfo (RoleInfo.java:shutdownFollowerState(121)) - a10aa3ca-3ab2-4d87-9bc7-0d045ec2b4ce: shutdown FollowerState
2019-10-17 01:10:29,804 [pool-59-thread-1] INFO  server.RaftServerConfigKeys (ConfUtils.java:logGet(43)) - raft.server.log.queue.byte-limit = 2147483647 (custom)
2019-10-17 01:10:29,804 [Thread-649] INFO  impl.FollowerState (FollowerState.java:run(117)) - e3697062-c193-48d1-b15e-d6b6b4dc6638@group-BD7A3B63C209-FollowerState was interrupted: java.lang.InterruptedException: sleep interrupted
2019-10-17 01:10:29,805 [Thread-648] INFO  impl.FollowerState (FollowerState.java:run(117)) - a10aa3ca-3ab2-4d87-9bc7-0d045ec2b4ce@group-BD7A3B63C209-FollowerState was interrupted: java.lang.InterruptedException: sleep interrupted
2019-10-17 01:10:29,805 [pool-59-thread-1] INFO  server.RaftServerConfigKeys (ConfUtils.java:logGet(43)) - raft.server.log.queue.element-limit = 1024 (custom)
2019-10-17 01:10:29,805 [grpc-default-executor-0] INFO  impl.RoleInfo (RoleInfo.java:updateAndGet(143)) - a10aa3ca-3ab2-4d87-9bc7-0d045ec2b4ce: start FollowerState
2019-10-17 01:10:29,805 [pool-47-thread-1] INFO  server.RaftServerConfigKeys (ConfUtils.java:logGet(43)) - raft.server.log.statemachine.data.caching.enabled = true (custom)
2019-10-17 01:10:29,804 [pool-27-thread-1] INFO  server.RaftServerConfigKeys (ConfUtils.java:logGet(43)) - raft.server.log.queue.byte-limit = 2147483647 (custom)
2019-10-17 01:10:29,805 [pool-27-thread-1] INFO  server.RaftServerConfigKeys (ConfUtils.java:logGet(43)) - raft.server.log.queue.element-limit = 1024 (custom)
2019-10-17 01:10:29,805 [pool-59-thread-1] INFO  server.RaftServerConfigKeys (ConfUtils.java:logGet(43)) - raft.server.log.segment.size.max = 1048576 (custom)
2019-10-17 01:10:29,806 [pool-27-thread-1] INFO  server.RaftServerConfigKeys (ConfUtils.java:logGet(43)) - raft.server.log.segment.size.max = 1048576 (custom)
2019-10-17 01:10:29,806 [pool-47-thread-1] INFO  segmented.SegmentedRaftLogWorker (SegmentedRaftLogWorker.java:lambda$new$0(128)) - e3697062-c193-48d1-b15e-d6b6b4dc6638@group-5DF6529D38A3-SegmentedRaftLogWorker: flushIndex: setUnconditionally 0 -> -1
2019-10-17 01:10:29,806 [pool-27-thread-1] INFO  server.RaftServerConfigKeys (ConfUtils.java:logGet(43)) - raft.server.log.preallocated.size = 16384 (custom)
2019-10-17 01:10:29,806 [pool-59-thread-1] INFO  server.RaftServerConfigKeys (ConfUtils.java:logGet(43)) - raft.server.log.preallocated.size = 16384 (custom)
2019-10-17 01:10:29,806 [pool-47-thread-1] INFO  server.RaftServerConfigKeys (ConfUtils.java:logGet(43)) - raft.server.snapshot.auto.trigger.enabled = true (custom)
2019-10-17 01:10:29,806 [pool-27-thread-1] INFO  server.RaftServerConfigKeys (ConfUtils.java:logGet(43)) - raft.server.log.write.buffer.size = 33554432 (custom)
2019-10-17 01:10:29,806 [pool-47-thread-1] INFO  server.RaftServerConfigKeys (ConfUtils.java:logGet(43)) - raft.server.snapshot.auto.trigger.threshold = 10000 (custom)
2019-10-17 01:10:29,806 [pool-59-thread-1] INFO  server.RaftServerConfigKeys (ConfUtils.java:logGet(43)) - raft.server.log.write.buffer.size = 33554432 (custom)
2019-10-17 01:10:29,806 [pool-47-thread-1] INFO  server.RaftServerConfigKeys (ConfUtils.java:logGet(43)) - raft.server.snapshot.retention.file.num = 5 (custom)
2019-10-17 01:10:29,806 [pool-27-thread-1] INFO  server.RaftServerConfigKeys (ConfUtils.java:logGet(43)) - raft.server.log.force.sync.num = 128 (default)
2019-10-17 01:10:29,807 [pool-47-thread-1] INFO  server.RaftServerConfigKeys (ConfUtils.java:logGet(43)) - raft.server.retrycache.expirytime = 600000ms (custom)
2019-10-17 01:10:29,806 [pool-59-thread-1] INFO  server.RaftServerConfigKeys (ConfUtils.java:logGet(43)) - raft.server.log.force.sync.num = 128 (default)
2019-10-17 01:10:29,807 [pool-27-thread-1] INFO  server.RaftServerConfigKeys (ConfUtils.java:logGet(43)) - raft.server.log.statemachine.data.sync = true (default)
2019-10-17 01:10:29,807 [pool-59-thread-1] INFO  server.RaftServerConfigKeys (ConfUtils.java:logGet(43)) - raft.server.log.statemachine.data.sync = true (default)
2019-10-17 01:10:29,807 [pool-27-thread-1] INFO  server.RaftServerConfigKeys (ConfUtils.java:logGet(43)) - raft.server.log.statemachine.data.sync.timeout = 10s (default)
2019-10-17 01:10:29,807 [pool-59-thread-1] INFO  server.RaftServerConfigKeys (ConfUtils.java:logGet(43)) - raft.server.log.statemachine.data.sync.timeout = 10s (default)
2019-10-17 01:10:29,807 [pool-27-thread-1] INFO  server.RaftServerConfigKeys (ConfUtils.java:logGet(43)) - raft.server.log.statemachine.data.sync.timeout.retry = -1 (default)
2019-10-17 01:10:29,807 [pool-59-thread-1] INFO  server.RaftServerConfigKeys (ConfUtils.java:logGet(43)) - raft.server.log.statemachine.data.sync.timeout.retry = -1 (default)
2019-10-17 01:10:29,807 [pool-27-thread-1] INFO  server.RaftServerConfigKeys (ConfUtils.java:logGet(43)) - raft.server.log.statemachine.data.caching.enabled = true (custom)
2019-10-17 01:10:29,808 [pool-59-thread-1] INFO  server.RaftServerConfigKeys (ConfUtils.java:logGet(43)) - raft.server.log.statemachine.data.caching.enabled = true (custom)
2019-10-17 01:10:29,808 [pool-27-thread-1] INFO  segmented.SegmentedRaftLogWorker (SegmentedRaftLogWorker.java:lambda$new$0(128)) - a10aa3ca-3ab2-4d87-9bc7-0d045ec2b4ce@group-5DF6529D38A3-SegmentedRaftLogWorker: flushIndex: setUnconditionally 0 -> -1
2019-10-17 01:10:29,808 [pool-59-thread-1] INFO  segmented.SegmentedRaftLogWorker (SegmentedRaftLogWorker.java:lambda$new$0(128)) - ee6ff355-4f2c-4ff1-aa68-7ca64f6b5439@group-5DF6529D38A3-SegmentedRaftLogWorker: flushIndex: setUnconditionally 0 -> -1
2019-10-17 01:10:29,808 [pool-27-thread-1] INFO  server.RaftServerConfigKeys (ConfUtils.java:logGet(43)) - raft.server.snapshot.auto.trigger.enabled = true (custom)
2019-10-17 01:10:29,808 [pool-27-thread-1] INFO  server.RaftServerConfigKeys (ConfUtils.java:logGet(43)) - raft.server.snapshot.auto.trigger.threshold = 10000 (custom)
2019-10-17 01:10:29,808 [pool-59-thread-1] INFO  server.RaftServerConfigKeys (ConfUtils.java:logGet(43)) - raft.server.snapshot.auto.trigger.enabled = true (custom)
2019-10-17 01:10:29,808 [pool-27-thread-1] INFO  server.RaftServerConfigKeys (ConfUtils.java:logGet(43)) - raft.server.snapshot.retention.file.num = 5 (custom)
2019-10-17 01:10:29,808 [pool-59-thread-1] INFO  server.RaftServerConfigKeys (ConfUtils.java:logGet(43)) - raft.server.snapshot.auto.trigger.threshold = 10000 (custom)
2019-10-17 01:10:29,808 [pool-27-thread-1] INFO  server.RaftServerConfigKeys (ConfUtils.java:logGet(43)) - raft.server.retrycache.expirytime = 600000ms (custom)
2019-10-17 01:10:29,808 [pool-59-thread-1] INFO  server.RaftServerConfigKeys (ConfUtils.java:logGet(43)) - raft.server.snapshot.retention.file.num = 5 (custom)
2019-10-17 01:10:29,809 [pool-59-thread-1] INFO  server.RaftServerConfigKeys (ConfUtils.java:logGet(43)) - raft.server.retrycache.expirytime = 600000ms (custom)
2019-10-17 01:10:29,809 [pool-47-thread-1] INFO  impl.RaftServerImpl (RaftServerImpl.java:start(195)) - e3697062-c193-48d1-b15e-d6b6b4dc6638@group-5DF6529D38A3: start as a follower, conf=-1: [ee6ff355-4f2c-4ff1-aa68-7ca64f6b5439:192.168.157.194:37608, e3697062-c193-48d1-b15e-d6b6b4dc6638:192.168.157.194:40986, a10aa3ca-3ab2-4d87-9bc7-0d045ec2b4ce:192.168.157.194:36577], old=null
2019-10-17 01:10:29,809 [pool-47-thread-1] INFO  impl.RaftServerImpl (RaftServerImpl.java:setRole(184)) - e3697062-c193-48d1-b15e-d6b6b4dc6638@group-5DF6529D38A3: changes role from      null to FOLLOWER at term 0 for startAsFollower
2019-10-17 01:10:29,809 [pool-47-thread-1] INFO  impl.RoleInfo (RoleInfo.java:updateAndGet(143)) - e3697062-c193-48d1-b15e-d6b6b4dc6638: start FollowerState
2019-10-17 01:10:29,809 [pool-47-thread-1] INFO  util.JmxRegister (JmxRegister.java:tryRegister(44)) - Successfully registered JMX Bean with object name Ratis:service=RaftServer,group=group-5DF6529D38A3,id=e3697062-c193-48d1-b15e-d6b6b4dc6638
2019-10-17 01:10:29,812 [pool-27-thread-1] INFO  impl.RaftServerImpl (RaftServerImpl.java:start(195)) - a10aa3ca-3ab2-4d87-9bc7-0d045ec2b4ce@group-5DF6529D38A3: start as a follower, conf=-1: [ee6ff355-4f2c-4ff1-aa68-7ca64f6b5439:192.168.157.194:37608, e3697062-c193-48d1-b15e-d6b6b4dc6638:192.168.157.194:40986, a10aa3ca-3ab2-4d87-9bc7-0d045ec2b4ce:192.168.157.194:36577], old=null
2019-10-17 01:10:29,812 [pool-27-thread-1] INFO  impl.RaftServerImpl (RaftServerImpl.java:setRole(184)) - a10aa3ca-3ab2-4d87-9bc7-0d045ec2b4ce@group-5DF6529D38A3: changes role from      null to FOLLOWER at term 0 for startAsFollower
2019-10-17 01:10:29,812 [pool-27-thread-1] INFO  impl.RoleInfo (RoleInfo.java:updateAndGet(143)) - a10aa3ca-3ab2-4d87-9bc7-0d045ec2b4ce: start FollowerState
2019-10-17 01:10:29,812 [pool-27-thread-1] INFO  util.JmxRegister (JmxRegister.java:tryRegister(44)) - Successfully registered JMX Bean with object name Ratis:service=RaftServer,group=group-5DF6529D38A3,id=a10aa3ca-3ab2-4d87-9bc7-0d045ec2b4ce
2019-10-17 01:10:29,813 [pool-59-thread-1] INFO  impl.RaftServerImpl (RaftServerImpl.java:start(195)) - ee6ff355-4f2c-4ff1-aa68-7ca64f6b5439@group-5DF6529D38A3: start as a follower, conf=-1: [ee6ff355-4f2c-4ff1-aa68-7ca64f6b5439:192.168.157.194:37608, e3697062-c193-48d1-b15e-d6b6b4dc6638:192.168.157.194:40986, a10aa3ca-3ab2-4d87-9bc7-0d045ec2b4ce:192.168.157.194:36577], old=null
2019-10-17 01:10:29,813 [pool-59-thread-1] INFO  impl.RaftServerImpl (RaftServerImpl.java:setRole(184)) - ee6ff355-4f2c-4ff1-aa68-7ca64f6b5439@group-5DF6529D38A3: changes role from      null to FOLLOWER at term 0 for startAsFollower
2019-10-17 01:10:29,813 [pool-59-thread-1] INFO  impl.RoleInfo (RoleInfo.java:updateAndGet(143)) - ee6ff355-4f2c-4ff1-aa68-7ca64f6b5439: start FollowerState
2019-10-17 01:10:29,813 [pool-59-thread-1] INFO  util.JmxRegister (JmxRegister.java:tryRegister(44)) - Successfully registered JMX Bean with object name Ratis:service=RaftServer,group=group-5DF6529D38A3,id=ee6ff355-4f2c-4ff1-aa68-7ca64f6b5439
2019-10-17 01:10:29,820 [RatisPipelineUtilsThread] INFO  pipeline.PipelineStateManager (PipelineStateManager.java:addPipeline(55)) - Created pipeline Pipeline[ Id: f9abe76a-4dd7-4825-8bbe-5df6529d38a3, Nodes: e3697062-c193-48d1-b15e-d6b6b4dc6638{ip: 192.168.157.194, host: pr-hdds-1868-g97gg-2149769003, networkLocation: /default-rack, certSerialId: null}a10aa3ca-3ab2-4d87-9bc7-0d045ec2b4ce{ip: 192.168.157.194, host: pr-hdds-1868-g97gg-2149769003, networkLocation: /default-rack, certSerialId: null}ee6ff355-4f2c-4ff1-aa68-7ca64f6b5439{ip: 192.168.157.194, host: pr-hdds-1868-g97gg-2149769003, networkLocation: /default-rack, certSerialId: null}, Type:RATIS, Factor:THREE, State:ALLOCATED]
2019-10-17 01:10:29,830 [Thread-656] INFO  impl.FollowerState (FollowerState.java:run(108)) - ee6ff355-4f2c-4ff1-aa68-7ca64f6b5439@group-BA9EF683CB26-FollowerState: change to CANDIDATE, lastRpcTime:80ms, electionTimeout:80ms
2019-10-17 01:10:29,830 [Thread-656] INFO  impl.RoleInfo (RoleInfo.java:shutdownFollowerState(121)) - ee6ff355-4f2c-4ff1-aa68-7ca64f6b5439: shutdown FollowerState
2019-10-17 01:10:29,830 [Thread-656] INFO  impl.RaftServerImpl (RaftServerImpl.java:setRole(184)) - ee6ff355-4f2c-4ff1-aa68-7ca64f6b5439@group-BA9EF683CB26: changes role from  FOLLOWER to CANDIDATE at term 0 for changeToCandidate
2019-10-17 01:10:29,830 [Thread-656] INFO  impl.RoleInfo (RoleInfo.java:updateAndGet(143)) - ee6ff355-4f2c-4ff1-aa68-7ca64f6b5439: start LeaderElection
2019-10-17 01:10:29,832 [ee6ff355-4f2c-4ff1-aa68-7ca64f6b5439@group-BD7A3B63C209-LeaderElection21] INFO  impl.LeaderElection (LeaderElection.java:logAndReturn(56)) - ee6ff355-4f2c-4ff1-aa68-7ca64f6b5439@group-BD7A3B63C209-LeaderElection21: Election REJECTED; received 2 response(s) [ee6ff355-4f2c-4ff1-aa68-7ca64f6b5439<-e3697062-c193-48d1-b15e-d6b6b4dc6638#0:FAIL-t18, ee6ff355-4f2c-4ff1-aa68-7ca64f6b5439<-a10aa3ca-3ab2-4d87-9bc7-0d045ec2b4ce#0:FAIL-t18] and 0 exception(s); ee6ff355-4f2c-4ff1-aa68-7ca64f6b5439@group-BD7A3B63C209:t18, leader=null, voted=ee6ff355-4f2c-4ff1-aa68-7ca64f6b5439, raftlog=ee6ff355-4f2c-4ff1-aa68-7ca64f6b5439@group-BD7A3B63C209-SegmentedRaftLog:OPENED:c3,f4,i4, conf=0: [ee6ff355-4f2c-4ff1-aa68-7ca64f6b5439:192.168.157.194:37608, e3697062-c193-48d1-b15e-d6b6b4dc6638:192.168.157.194:40986, a10aa3ca-3ab2-4d87-9bc7-0d045ec2b4ce:192.168.157.194:36577], old=null
2019-10-17 01:10:29,833 [ee6ff355-4f2c-4ff1-aa68-7ca64f6b5439@group-BD7A3B63C209-LeaderElection21] INFO  impl.RaftServerImpl (RaftServerImpl.java:setRole(184)) - ee6ff355-4f2c-4ff1-aa68-7ca64f6b5439@group-BD7A3B63C209: changes role from CANDIDATE to FOLLOWER at term 18 for DISCOVERED_A_NEW_TERM
2019-10-17 01:10:29,833 [ee6ff355-4f2c-4ff1-aa68-7ca64f6b5439@group-BD7A3B63C209-LeaderElection21] INFO  impl.RoleInfo (RoleInfo.java:shutdownLeaderElection(134)) - ee6ff355-4f2c-4ff1-aa68-7ca64f6b5439: shutdown LeaderElection
2019-10-17 01:10:29,833 [ee6ff355-4f2c-4ff1-aa68-7ca64f6b5439@group-BD7A3B63C209-LeaderElection21] INFO  impl.RoleInfo (RoleInfo.java:updateAndGet(143)) - ee6ff355-4f2c-4ff1-aa68-7ca64f6b5439: start FollowerState
2019-10-17 01:10:29,846 [ee6ff355-4f2c-4ff1-aa68-7ca64f6b5439@group-BA9EF683CB26-LeaderElection22] INFO  impl.LeaderElection (LeaderElection.java:askForVotes(178)) - ee6ff355-4f2c-4ff1-aa68-7ca64f6b5439@group-BA9EF683CB26-LeaderElection22: begin an election at term 1 for -1: [ee6ff355-4f2c-4ff1-aa68-7ca64f6b5439:192.168.157.194:37608], old=null
2019-10-17 01:10:29,847 [ee6ff355-4f2c-4ff1-aa68-7ca64f6b5439@group-BA9EF683CB26-LeaderElection22] INFO  impl.RoleInfo (RoleInfo.java:shutdownLeaderElection(134)) - ee6ff355-4f2c-4ff1-aa68-7ca64f6b5439: shutdown LeaderElection
2019-10-17 01:10:29,847 [ee6ff355-4f2c-4ff1-aa68-7ca64f6b5439@group-BA9EF683CB26-LeaderElection22] INFO  impl.RaftServerImpl (RaftServerImpl.java:setRole(184)) - ee6ff355-4f2c-4ff1-aa68-7ca64f6b5439@group-BA9EF683CB26: changes role from CANDIDATE to LEADER at term 1 for changeToLeader
2019-10-17 01:10:29,847 [ee6ff355-4f2c-4ff1-aa68-7ca64f6b5439@group-BA9EF683CB26-LeaderElection22] INFO  ratis.XceiverServerRatis (XceiverServerRatis.java:handleLeaderChangedNotification(699)) - Leader change notification received for group: group-BA9EF683CB26 with new leaderId: ee6ff355-4f2c-4ff1-aa68-7ca64f6b5439
2019-10-17 01:10:29,847 [ee6ff355-4f2c-4ff1-aa68-7ca64f6b5439@group-BA9EF683CB26-LeaderElection22] INFO  impl.RaftServerImpl (ServerState.java:setLeader(256)) - ee6ff355-4f2c-4ff1-aa68-7ca64f6b5439@group-BA9EF683CB26: change Leader from null to ee6ff355-4f2c-4ff1-aa68-7ca64f6b5439 at term 1 for becomeLeader, leader elected after 102ms
2019-10-17 01:10:29,847 [ee6ff355-4f2c-4ff1-aa68-7ca64f6b5439@group-BA9EF683CB26-LeaderElection22] INFO  server.RaftServerConfigKeys (ConfUtils.java:logGet(43)) - raft.server.staging.catchup.gap = 1000 (default)
2019-10-17 01:10:29,847 [ee6ff355-4f2c-4ff1-aa68-7ca64f6b5439@group-BA9EF683CB26-LeaderElection22] INFO  server.RaftServerConfigKeys (ConfUtils.java:logGet(43)) - raft.server.rpc.sleep.time = 25ms (default)
2019-10-17 01:10:29,847 [ee6ff355-4f2c-4ff1-aa68-7ca64f6b5439@group-BA9EF683CB26-LeaderElection22] INFO  server.RaftServerConfigKeys (ConfUtils.java:logGet(43)) - raft.server.write.element-limit = 4096 (default)
2019-10-17 01:10:29,848 [ee6ff355-4f2c-4ff1-aa68-7ca64f6b5439@group-BA9EF683CB26-LeaderElection22] INFO  server.RaftServerConfigKeys (ConfUtils.java:logGet(43)) - raft.server.watch.timeout = 10s (default)
2019-10-17 01:10:29,848 [ee6ff355-4f2c-4ff1-aa68-7ca64f6b5439@group-BA9EF683CB26-LeaderElection22] INFO  server.RaftServerConfigKeys (ConfUtils.java:logGet(43)) - raft.server.watch.timeout.denomination = 1s (default)
2019-10-17 01:10:29,848 [ee6ff355-4f2c-4ff1-aa68-7ca64f6b5439@group-BA9EF683CB26-LeaderElection22] INFO  server.RaftServerConfigKeys (ConfUtils.java:logGet(43)) - raft.server.watch.element-limit = 65536 (default)
2019-10-17 01:10:29,848 [EventQueue-PipelineReportForPipelineReportHandler] INFO  pipeline.PipelineReportHandler (PipelineReportHandler.java:processPipelineReport(119)) - Pipeline PipelineID=248e292c-ec97-430b-8910-ba9ef683cb26 reported by ee6ff355-4f2c-4ff1-aa68-7ca64f6b5439{ip: 192.168.157.194, host: pr-hdds-1868-g97gg-2149769003, networkLocation: /default-rack, certSerialId: null} with leaderId ee6ff355-4f2c-4ff1-aa68-7ca64f6b5439
2019-10-17 01:10:29,848 [EventQueue-PipelineReportForPipelineReportHandler] INFO  pipeline.PipelineStateManager (PipelineStateManager.java:openPipeline(134)) - Pipeline Pipeline[ Id: 248e292c-ec97-430b-8910-ba9ef683cb26, Nodes: ee6ff355-4f2c-4ff1-aa68-7ca64f6b5439{ip: 192.168.157.194, host: pr-hdds-1868-g97gg-2149769003, networkLocation: /default-rack, certSerialId: null}, Type:RATIS, Factor:ONE, State:OPEN] moved to OPEN state
2019-10-17 01:10:29,849 [EventQueue-PipelineReportForPipelineReportHandler] INFO  pipeline.PipelineReportHandler (PipelineReportHandler.java:processPipelineReport(119)) - Pipeline PipelineID=f9abe76a-4dd7-4825-8bbe-5df6529d38a3 reported by ee6ff355-4f2c-4ff1-aa68-7ca64f6b5439{ip: 192.168.157.194, host: pr-hdds-1868-g97gg-2149769003, networkLocation: /default-rack, certSerialId: null} with leaderId 
2019-10-17 01:10:29,850 [ee6ff355-4f2c-4ff1-aa68-7ca64f6b5439@group-BA9EF683CB26-LeaderElection22] INFO  impl.RoleInfo (RoleInfo.java:updateAndGet(143)) - ee6ff355-4f2c-4ff1-aa68-7ca64f6b5439: start LeaderState
2019-10-17 01:10:29,850 [ee6ff355-4f2c-4ff1-aa68-7ca64f6b5439@group-BA9EF683CB26-LeaderElection22] INFO  segmented.SegmentedRaftLogWorker (SegmentedRaftLogWorker.java:startLogSegment(385)) - ee6ff355-4f2c-4ff1-aa68-7ca64f6b5439@group-BA9EF683CB26-SegmentedRaftLogWorker: Starting segment from index:0
2019-10-17 01:10:29,850 [ee6ff355-4f2c-4ff1-aa68-7ca64f6b5439@group-BA9EF683CB26-LeaderElection22] INFO  impl.RaftServerImpl (ServerState.java:setRaftConf(357)) - ee6ff355-4f2c-4ff1-aa68-7ca64f6b5439@group-BA9EF683CB26: set configuration 0: [ee6ff355-4f2c-4ff1-aa68-7ca64f6b5439:192.168.157.194:37608], old=null at 0
2019-10-17 01:10:29,886 [ee6ff355-4f2c-4ff1-aa68-7ca64f6b5439@group-BA9EF683CB26-SegmentedRaftLogWorker] INFO  segmented.SegmentedRaftLogWorker (SegmentedRaftLogWorker.java:execute(576)) - ee6ff355-4f2c-4ff1-aa68-7ca64f6b5439@group-BA9EF683CB26-SegmentedRaftLogWorker: created new log segment /workdir/hadoop-ozone/integration-test/target/test-dir/MiniOzoneClusterImpl-85f8a08e-f83a-42a3-ae7e-0eb0c728a558/datanode-1/data/ratis/248e292c-ec97-430b-8910-ba9ef683cb26/current/log_inprogress_0
2019-10-17 01:10:29,902 [Thread-668] INFO  impl.FollowerState (FollowerState.java:run(108)) - ee6ff355-4f2c-4ff1-aa68-7ca64f6b5439@group-5DF6529D38A3-FollowerState: change to CANDIDATE, lastRpcTime:89ms, electionTimeout:89ms
2019-10-17 01:10:29,903 [Thread-668] INFO  impl.RoleInfo (RoleInfo.java:shutdownFollowerState(121)) - ee6ff355-4f2c-4ff1-aa68-7ca64f6b5439: shutdown FollowerState
2019-10-17 01:10:29,903 [Thread-668] INFO  impl.RaftServerImpl (RaftServerImpl.java:setRole(184)) - ee6ff355-4f2c-4ff1-aa68-7ca64f6b5439@group-5DF6529D38A3: changes role from  FOLLOWER to CANDIDATE at term 0 for changeToCandidate
2019-10-17 01:10:29,903 [Thread-668] INFO  impl.RoleInfo (RoleInfo.java:updateAndGet(143)) - ee6ff355-4f2c-4ff1-aa68-7ca64f6b5439: start LeaderElection
2019-10-17 01:10:29,917 [ee6ff355-4f2c-4ff1-aa68-7ca64f6b5439@group-5DF6529D38A3-LeaderElection23] INFO  impl.LeaderElection (LeaderElection.java:askForVotes(178)) - ee6ff355-4f2c-4ff1-aa68-7ca64f6b5439@group-5DF6529D38A3-LeaderElection23: begin an election at term 1 for -1: [ee6ff355-4f2c-4ff1-aa68-7ca64f6b5439:192.168.157.194:37608, e3697062-c193-48d1-b15e-d6b6b4dc6638:192.168.157.194:40986, a10aa3ca-3ab2-4d87-9bc7-0d045ec2b4ce:192.168.157.194:36577], old=null
2019-10-17 01:10:29,922 [grpc-default-executor-0] INFO  impl.RaftServerImpl (RaftServerImpl.java:setRole(184)) - a10aa3ca-3ab2-4d87-9bc7-0d045ec2b4ce@group-5DF6529D38A3: changes role from  FOLLOWER to FOLLOWER at term 1 for recognizeCandidate:ee6ff355-4f2c-4ff1-aa68-7ca64f6b5439
2019-10-17 01:10:29,922 [grpc-default-executor-6] INFO  impl.RaftServerImpl (RaftServerImpl.java:setRole(184)) - e3697062-c193-48d1-b15e-d6b6b4dc6638@group-5DF6529D38A3: changes role from  FOLLOWER to FOLLOWER at term 1 for recognizeCandidate:ee6ff355-4f2c-4ff1-aa68-7ca64f6b5439
2019-10-17 01:10:29,923 [grpc-default-executor-0] INFO  impl.RoleInfo (RoleInfo.java:shutdownFollowerState(121)) - a10aa3ca-3ab2-4d87-9bc7-0d045ec2b4ce: shutdown FollowerState
2019-10-17 01:10:29,923 [grpc-default-executor-6] INFO  impl.RoleInfo (RoleInfo.java:shutdownFollowerState(121)) - e3697062-c193-48d1-b15e-d6b6b4dc6638: shutdown FollowerState
2019-10-17 01:10:29,923 [Thread-667] INFO  impl.FollowerState (FollowerState.java:run(117)) - a10aa3ca-3ab2-4d87-9bc7-0d045ec2b4ce@group-5DF6529D38A3-FollowerState was interrupted: java.lang.InterruptedException: sleep interrupted
2019-10-17 01:10:29,923 [grpc-default-executor-6] INFO  impl.RoleInfo (RoleInfo.java:updateAndGet(143)) - e3697062-c193-48d1-b15e-d6b6b4dc6638: start FollowerState
2019-10-17 01:10:29,923 [grpc-default-executor-0] INFO  impl.RoleInfo (RoleInfo.java:updateAndGet(143)) - a10aa3ca-3ab2-4d87-9bc7-0d045ec2b4ce: start FollowerState
2019-10-17 01:10:29,923 [Thread-666] INFO  impl.FollowerState (FollowerState.java:run(117)) - e3697062-c193-48d1-b15e-d6b6b4dc6638@group-5DF6529D38A3-FollowerState was interrupted: java.lang.InterruptedException: sleep interrupted
2019-10-17 01:10:29,949 [Thread-679] INFO  impl.FollowerState (FollowerState.java:run(108)) - e3697062-c193-48d1-b15e-d6b6b4dc6638@group-5DF6529D38A3-FollowerState: change to CANDIDATE, lastRpcTime:25ms, electionTimeout:23ms
2019-10-17 01:10:29,949 [Thread-679] INFO  impl.RoleInfo (RoleInfo.java:shutdownFollowerState(121)) - e3697062-c193-48d1-b15e-d6b6b4dc6638: shutdown FollowerState
2019-10-17 01:10:29,949 [Thread-679] INFO  impl.RaftServerImpl (RaftServerImpl.java:setRole(184)) - e3697062-c193-48d1-b15e-d6b6b4dc6638@group-5DF6529D38A3: changes role from  FOLLOWER to CANDIDATE at term 1 for changeToCandidate
2019-10-17 01:10:29,949 [Thread-679] INFO  impl.RoleInfo (RoleInfo.java:updateAndGet(143)) - e3697062-c193-48d1-b15e-d6b6b4dc6638: start LeaderElection
2019-10-17 01:10:29,950 [ee6ff355-4f2c-4ff1-aa68-7ca64f6b5439@group-5DF6529D38A3-LeaderElection23] INFO  impl.LeaderElection (LeaderElection.java:logAndReturn(56)) - ee6ff355-4f2c-4ff1-aa68-7ca64f6b5439@group-5DF6529D38A3-LeaderElection23: Election PASSED; received 1 response(s) [ee6ff355-4f2c-4ff1-aa68-7ca64f6b5439<-a10aa3ca-3ab2-4d87-9bc7-0d045ec2b4ce#0:OK-t1] and 0 exception(s); ee6ff355-4f2c-4ff1-aa68-7ca64f6b5439@group-5DF6529D38A3:t1, leader=null, voted=ee6ff355-4f2c-4ff1-aa68-7ca64f6b5439, raftlog=ee6ff355-4f2c-4ff1-aa68-7ca64f6b5439@group-5DF6529D38A3-SegmentedRaftLog:OPENED:c-1,f-1,i0, conf=-1: [ee6ff355-4f2c-4ff1-aa68-7ca64f6b5439:192.168.157.194:37608, e3697062-c193-48d1-b15e-d6b6b4dc6638:192.168.157.194:40986, a10aa3ca-3ab2-4d87-9bc7-0d045ec2b4ce:192.168.157.194:36577], old=null
2019-10-17 01:10:29,950 [ee6ff355-4f2c-4ff1-aa68-7ca64f6b5439@group-5DF6529D38A3-LeaderElection23] INFO  impl.RoleInfo (RoleInfo.java:shutdownLeaderElection(134)) - ee6ff355-4f2c-4ff1-aa68-7ca64f6b5439: shutdown LeaderElection
2019-10-17 01:10:29,950 [ee6ff355-4f2c-4ff1-aa68-7ca64f6b5439@group-5DF6529D38A3-LeaderElection23] INFO  impl.RaftServerImpl (RaftServerImpl.java:setRole(184)) - ee6ff355-4f2c-4ff1-aa68-7ca64f6b5439@group-5DF6529D38A3: changes role from CANDIDATE to LEADER at term 1 for changeToLeader
2019-10-17 01:10:29,950 [ee6ff355-4f2c-4ff1-aa68-7ca64f6b5439@group-5DF6529D38A3-LeaderElection23] INFO  ratis.XceiverServerRatis (XceiverServerRatis.java:handleLeaderChangedNotification(699)) - Leader change notification received for group: group-5DF6529D38A3 with new leaderId: ee6ff355-4f2c-4ff1-aa68-7ca64f6b5439
2019-10-17 01:10:29,951 [ee6ff355-4f2c-4ff1-aa68-7ca64f6b5439@group-5DF6529D38A3-LeaderElection23] INFO  impl.RaftServerImpl (ServerState.java:setLeader(256)) - ee6ff355-4f2c-4ff1-aa68-7ca64f6b5439@group-5DF6529D38A3: change Leader from null to ee6ff355-4f2c-4ff1-aa68-7ca64f6b5439 at term 1 for becomeLeader, leader elected after 149ms
2019-10-17 01:10:29,951 [ee6ff355-4f2c-4ff1-aa68-7ca64f6b5439@group-5DF6529D38A3-LeaderElection23] INFO  server.RaftServerConfigKeys (ConfUtils.java:logGet(43)) - raft.server.staging.catchup.gap = 1000 (default)
2019-10-17 01:10:29,951 [ee6ff355-4f2c-4ff1-aa68-7ca64f6b5439@group-5DF6529D38A3-LeaderElection23] INFO  server.RaftServerConfigKeys (ConfUtils.java:logGet(43)) - raft.server.rpc.sleep.time = 25ms (default)
2019-10-17 01:10:29,951 [ee6ff355-4f2c-4ff1-aa68-7ca64f6b5439@group-5DF6529D38A3-LeaderElection23] INFO  server.RaftServerConfigKeys (ConfUtils.java:logGet(43)) - raft.server.write.element-limit = 4096 (default)
2019-10-17 01:10:29,951 [ee6ff355-4f2c-4ff1-aa68-7ca64f6b5439@group-5DF6529D38A3-LeaderElection23] INFO  server.RaftServerConfigKeys (ConfUtils.java:logGet(43)) - raft.server.watch.timeout = 10s (default)
2019-10-17 01:10:29,951 [ee6ff355-4f2c-4ff1-aa68-7ca64f6b5439@group-5DF6529D38A3-LeaderElection23] INFO  server.RaftServerConfigKeys (ConfUtils.java:logGet(43)) - raft.server.watch.timeout.denomination = 1s (default)
2019-10-17 01:10:29,951 [ee6ff355-4f2c-4ff1-aa68-7ca64f6b5439@group-5DF6529D38A3-LeaderElection23] INFO  server.RaftServerConfigKeys (ConfUtils.java:logGet(43)) - raft.server.watch.element-limit = 65536 (default)
2019-10-17 01:10:29,951 [EventQueue-PipelineReportForPipelineReportHandler] INFO  pipeline.PipelineReportHandler (PipelineReportHandler.java:processPipelineReport(119)) - Pipeline PipelineID=f9abe76a-4dd7-4825-8bbe-5df6529d38a3 reported by ee6ff355-4f2c-4ff1-aa68-7ca64f6b5439{ip: 192.168.157.194, host: pr-hdds-1868-g97gg-2149769003, networkLocation: /default-rack, certSerialId: null} with leaderId ee6ff355-4f2c-4ff1-aa68-7ca64f6b5439
2019-10-17 01:10:29,954 [ee6ff355-4f2c-4ff1-aa68-7ca64f6b5439@group-5DF6529D38A3-LeaderElection23] INFO  server.RaftServerConfigKeys (ConfUtils.java:logGet(43)) - raft.server.log.appender.snapshot.chunk.size.max = 16MB (=16777216) (default)
2019-10-17 01:10:29,955 [ee6ff355-4f2c-4ff1-aa68-7ca64f6b5439@group-5DF6529D38A3-LeaderElection23] INFO  server.RaftServerConfigKeys (ConfUtils.java:logGet(43)) - raft.server.log.appender.buffer.byte-limit = 33554432 (custom)
2019-10-17 01:10:29,955 [ee6ff355-4f2c-4ff1-aa68-7ca64f6b5439@group-5DF6529D38A3-LeaderElection23] INFO  server.RaftServerConfigKeys (ConfUtils.java:logGet(43)) - raft.server.log.appender.buffer.element-limit = 1 (custom)
2019-10-17 01:10:29,955 [ee6ff355-4f2c-4ff1-aa68-7ca64f6b5439@group-5DF6529D38A3-LeaderElection23] INFO  grpc.GrpcConfigKeys$Server (ConfUtils.java:logGet(43)) - raft.grpc.server.leader.outstanding.appends.max = 128 (default)
2019-10-17 01:10:29,955 [ee6ff355-4f2c-4ff1-aa68-7ca64f6b5439@group-5DF6529D38A3-LeaderElection23] INFO  server.RaftServerConfigKeys (ConfUtils.java:logGet(43)) - raft.server.rpc.request.timeout = 3000ms (default)
2019-10-17 01:10:29,955 [ee6ff355-4f2c-4ff1-aa68-7ca64f6b5439@group-5DF6529D38A3-LeaderElection23] INFO  server.RaftServerConfigKeys (ConfUtils.java:logGet(43)) - raft.server.log.appender.install.snapshot.enabled = false (custom)
2019-10-17 01:10:29,956 [ee6ff355-4f2c-4ff1-aa68-7ca64f6b5439@group-5DF6529D38A3-LeaderElection23] INFO  server.RaftServerConfigKeys (ConfUtils.java:logGet(43)) - raft.server.log.appender.snapshot.chunk.size.max = 16MB (=16777216) (default)
2019-10-17 01:10:29,957 [ee6ff355-4f2c-4ff1-aa68-7ca64f6b5439@group-5DF6529D38A3-LeaderElection23] INFO  server.RaftServerConfigKeys (ConfUtils.java:logGet(43)) - raft.server.log.appender.buffer.byte-limit = 33554432 (custom)
2019-10-17 01:10:29,957 [ee6ff355-4f2c-4ff1-aa68-7ca64f6b5439@group-5DF6529D38A3-LeaderElection23] INFO  server.RaftServerConfigKeys (ConfUtils.java:logGet(43)) - raft.server.log.appender.buffer.element-limit = 1 (custom)
2019-10-17 01:10:29,957 [ee6ff355-4f2c-4ff1-aa68-7ca64f6b5439@group-5DF6529D38A3-LeaderElection23] INFO  grpc.GrpcConfigKeys$Server (ConfUtils.java:logGet(43)) - raft.grpc.server.leader.outstanding.appends.max = 128 (default)
2019-10-17 01:10:29,957 [ee6ff355-4f2c-4ff1-aa68-7ca64f6b5439@group-5DF6529D38A3-LeaderElection23] INFO  server.RaftServerConfigKeys (ConfUtils.java:logGet(43)) - raft.server.rpc.request.timeout = 3000ms (default)
2019-10-17 01:10:29,957 [ee6ff355-4f2c-4ff1-aa68-7ca64f6b5439@group-5DF6529D38A3-LeaderElection23] INFO  server.RaftServerConfigKeys (ConfUtils.java:logGet(43)) - raft.server.log.appender.install.snapshot.enabled = false (custom)
2019-10-17 01:10:29,958 [ee6ff355-4f2c-4ff1-aa68-7ca64f6b5439@group-5DF6529D38A3-LeaderElection23] INFO  impl.RoleInfo (RoleInfo.java:updateAndGet(143)) - ee6ff355-4f2c-4ff1-aa68-7ca64f6b5439: start LeaderState
2019-10-17 01:10:29,959 [ee6ff355-4f2c-4ff1-aa68-7ca64f6b5439@group-5DF6529D38A3-LeaderElection23] INFO  segmented.SegmentedRaftLogWorker (SegmentedRaftLogWorker.java:startLogSegment(385)) - ee6ff355-4f2c-4ff1-aa68-7ca64f6b5439@group-5DF6529D38A3-SegmentedRaftLogWorker: Starting segment from index:0
2019-10-17 01:10:29,960 [ee6ff355-4f2c-4ff1-aa68-7ca64f6b5439@group-5DF6529D38A3-LeaderElection23] INFO  impl.RaftServerImpl (ServerState.java:setRaftConf(357)) - ee6ff355-4f2c-4ff1-aa68-7ca64f6b5439@group-5DF6529D38A3: set configuration 0: [ee6ff355-4f2c-4ff1-aa68-7ca64f6b5439:192.168.157.194:37608, e3697062-c193-48d1-b15e-d6b6b4dc6638:192.168.157.194:40986, a10aa3ca-3ab2-4d87-9bc7-0d045ec2b4ce:192.168.157.194:36577], old=null at 0
2019-10-17 01:10:29,962 [grpc-default-executor-0] INFO  ratis.XceiverServerRatis (XceiverServerRatis.java:handleLeaderChangedNotification(699)) - Leader change notification received for group: group-5DF6529D38A3 with new leaderId: ee6ff355-4f2c-4ff1-aa68-7ca64f6b5439
2019-10-17 01:10:29,962 [grpc-default-executor-0] INFO  impl.RaftServerImpl (ServerState.java:setLeader(256)) - a10aa3ca-3ab2-4d87-9bc7-0d045ec2b4ce@group-5DF6529D38A3: change Leader from null to ee6ff355-4f2c-4ff1-aa68-7ca64f6b5439 at term 1 for appendEntries, leader elected after 160ms
2019-10-17 01:10:29,985 [e3697062-c193-48d1-b15e-d6b6b4dc6638@group-5DF6529D38A3-LeaderElection24] INFO  impl.LeaderElection (LeaderElection.java:askForVotes(178)) - e3697062-c193-48d1-b15e-d6b6b4dc6638@group-5DF6529D38A3-LeaderElection24: begin an election at term 2 for -1: [ee6ff355-4f2c-4ff1-aa68-7ca64f6b5439:192.168.157.194:37608, e3697062-c193-48d1-b15e-d6b6b4dc6638:192.168.157.194:40986, a10aa3ca-3ab2-4d87-9bc7-0d045ec2b4ce:192.168.157.194:36577], old=null
2019-10-17 01:10:29,985 [EventQueue-PipelineReportForPipelineReportHandler] INFO  pipeline.PipelineReportHandler (PipelineReportHandler.java:processPipelineReport(119)) - Pipeline PipelineID=f9abe76a-4dd7-4825-8bbe-5df6529d38a3 reported by a10aa3ca-3ab2-4d87-9bc7-0d045ec2b4ce{ip: 192.168.157.194, host: pr-hdds-1868-g97gg-2149769003, networkLocation: /default-rack, certSerialId: null} with leaderId ee6ff355-4f2c-4ff1-aa68-7ca64f6b5439
2019-10-17 01:10:29,989 [Thread-681] INFO  impl.RaftServerImpl (ServerState.java:setLeader(256)) - ee6ff355-4f2c-4ff1-aa68-7ca64f6b5439@group-5DF6529D38A3: change Leader from ee6ff355-4f2c-4ff1-aa68-7ca64f6b5439 to null at term 2 for updateCurrentTerm
2019-10-17 01:10:29,990 [Thread-681] INFO  impl.RaftServerImpl (RaftServerImpl.java:setRole(184)) - ee6ff355-4f2c-4ff1-aa68-7ca64f6b5439@group-5DF6529D38A3: changes role from    LEADER to FOLLOWER at term 2 for stepDown
2019-10-17 01:10:29,990 [Thread-681] INFO  impl.RoleInfo (RoleInfo.java:shutdownLeaderState(104)) - ee6ff355-4f2c-4ff1-aa68-7ca64f6b5439: shutdown LeaderState
2019-10-17 01:10:29,991 [org.apache.ratis.server.impl.LogAppender$AppenderDaemon$$Lambda$422/1187393093@9b7100b] WARN  server.GrpcLogAppender (GrpcLogAppender.java:mayWait(149)) - ee6ff355-4f2c-4ff1-aa68-7ca64f6b5439@group-5DF6529D38A3->a10aa3ca-3ab2-4d87-9bc7-0d045ec2b4ce-GrpcLogAppender: Wait interrupted by java.lang.InterruptedException
2019-10-17 01:10:29,991 [Thread-681] INFO  impl.PendingRequests (PendingRequests.java:sendNotLeaderResponses(202)) - ee6ff355-4f2c-4ff1-aa68-7ca64f6b5439@group-5DF6529D38A3-PendingRequests: sendNotLeaderResponses
2019-10-17 01:10:29,992 [grpc-default-executor-0] INFO  impl.RaftServerImpl (ServerState.java:setRaftConf(357)) - a10aa3ca-3ab2-4d87-9bc7-0d045ec2b4ce@group-5DF6529D38A3: set configuration 0: [ee6ff355-4f2c-4ff1-aa68-7ca64f6b5439:192.168.157.194:37608, e3697062-c193-48d1-b15e-d6b6b4dc6638:192.168.157.194:40986, a10aa3ca-3ab2-4d87-9bc7-0d045ec2b4ce:192.168.157.194:36577], old=null at 0
2019-10-17 01:10:29,993 [Thread-681] INFO  impl.RoleInfo (RoleInfo.java:updateAndGet(143)) - ee6ff355-4f2c-4ff1-aa68-7ca64f6b5439: start FollowerState
2019-10-17 01:10:29,991 [org.apache.ratis.server.impl.LogAppender$AppenderDaemon$$Lambda$422/1187393093@38c58a42] WARN  server.GrpcLogAppender (GrpcLogAppender.java:mayWait(149)) - ee6ff355-4f2c-4ff1-aa68-7ca64f6b5439@group-5DF6529D38A3->e3697062-c193-48d1-b15e-d6b6b4dc6638-GrpcLogAppender: Wait interrupted by java.lang.InterruptedException
2019-10-17 01:10:29,993 [grpc-default-executor-0] INFO  segmented.SegmentedRaftLogWorker (SegmentedRaftLogWorker.java:startLogSegment(385)) - a10aa3ca-3ab2-4d87-9bc7-0d045ec2b4ce@group-5DF6529D38A3-SegmentedRaftLogWorker: Starting segment from index:0
2019-10-17 01:10:29,993 [grpc-default-executor-6] INFO  server.GrpcServerProtocolService (GrpcServerProtocolService.java:onCompleted(113)) - e3697062-c193-48d1-b15e-d6b6b4dc6638: Completed APPEND_ENTRIES, lastRequest: ee6ff355-4f2c-4ff1-aa68-7ca64f6b5439->e3697062-c193-48d1-b15e-d6b6b4dc6638#0-t1, previous=(t:0, i:0), leaderCommit=-1, initializing? false, entries: <empty>
2019-10-17 01:10:29,993 [grpc-default-executor-0] INFO  server.GrpcServerProtocolService (GrpcServerProtocolService.java:onCompleted(113)) - a10aa3ca-3ab2-4d87-9bc7-0d045ec2b4ce: Completed APPEND_ENTRIES, lastRequest: ee6ff355-4f2c-4ff1-aa68-7ca64f6b5439->a10aa3ca-3ab2-4d87-9bc7-0d045ec2b4ce#1-t1, previous=(t:0, i:0), leaderCommit=-1, initializing? false, entries: size=1, first=(t:1, i:0), CONFIGURATIONENTRY
2019-10-17 01:10:29,994 [grpc-default-executor-6] INFO  server.GrpcLogAppender (GrpcLogAppender.java:onCompleted(308)) - ee6ff355-4f2c-4ff1-aa68-7ca64f6b5439@group-5DF6529D38A3->a10aa3ca-3ab2-4d87-9bc7-0d045ec2b4ce-AppendLogResponseHandler: follower responses appendEntries COMPLETED
2019-10-17 01:10:29,995 [grpc-default-executor-0] INFO  server.GrpcLogAppender (GrpcLogAppender.java:onCompleted(308)) - ee6ff355-4f2c-4ff1-aa68-7ca64f6b5439@group-5DF6529D38A3->e3697062-c193-48d1-b15e-d6b6b4dc6638-AppendLogResponseHandler: follower responses appendEntries COMPLETED
2019-10-17 01:10:29,995 [grpc-default-executor-6] INFO  impl.FollowerInfo (FollowerInfo.java:lambda$new$0(51)) - ee6ff355-4f2c-4ff1-aa68-7ca64f6b5439@group-5DF6529D38A3->a10aa3ca-3ab2-4d87-9bc7-0d045ec2b4ce: nextIndex: updateUnconditionally 1 -> 0
2019-10-17 01:10:30,027 [ee6ff355-4f2c-4ff1-aa68-7ca64f6b5439@group-5DF6529D38A3-SegmentedRaftLogWorker] INFO  segmented.SegmentedRaftLogWorker (SegmentedRaftLogWorker.java:execute(576)) - ee6ff355-4f2c-4ff1-aa68-7ca64f6b5439@group-5DF6529D38A3-SegmentedRaftLogWorker: created new log segment /workdir/hadoop-ozone/integration-test/target/test-dir/MiniOzoneClusterImpl-85f8a08e-f83a-42a3-ae7e-0eb0c728a558/datanode-1/data/ratis/f9abe76a-4dd7-4825-8bbe-5df6529d38a3/current/log_inprogress_0
2019-10-17 01:10:30,027 [Thread-673] INFO  impl.FollowerState (FollowerState.java:run(108)) - ee6ff355-4f2c-4ff1-aa68-7ca64f6b5439@group-BD7A3B63C209-FollowerState: change to CANDIDATE, lastRpcTime:193ms, electionTimeout:175ms
2019-10-17 01:10:30,028 [Thread-673] INFO  impl.RoleInfo (RoleInfo.java:shutdownFollowerState(121)) - ee6ff355-4f2c-4ff1-aa68-7ca64f6b5439: shutdown FollowerState
2019-10-17 01:10:30,028 [grpc-default-executor-5] INFO  impl.RaftServerImpl (ServerState.java:setLeader(256)) - a10aa3ca-3ab2-4d87-9bc7-0d045ec2b4ce@group-5DF6529D38A3: change Leader from ee6ff355-4f2c-4ff1-aa68-7ca64f6b5439 to null at term 2 for updateCurrentTerm
2019-10-17 01:10:30,028 [Thread-673] INFO  impl.RaftServerImpl (RaftServerImpl.java:setRole(184)) - ee6ff355-4f2c-4ff1-aa68-7ca64f6b5439@group-BD7A3B63C209: changes role from  FOLLOWER to CANDIDATE at term 18 for changeToCandidate
2019-10-17 01:10:30,028 [grpc-default-executor-0] INFO  impl.FollowerInfo (FollowerInfo.java:lambda$new$0(51)) - ee6ff355-4f2c-4ff1-aa68-7ca64f6b5439@group-5DF6529D38A3->e3697062-c193-48d1-b15e-d6b6b4dc6638: nextIndex: updateUnconditionally 0 -> 0
2019-10-17 01:10:30,028 [Thread-673] INFO  impl.RoleInfo (RoleInfo.java:updateAndGet(143)) - ee6ff355-4f2c-4ff1-aa68-7ca64f6b5439: start LeaderElection
2019-10-17 01:10:30,028 [grpc-default-executor-5] INFO  impl.RaftServerImpl (RaftServerImpl.java:setRole(184)) - a10aa3ca-3ab2-4d87-9bc7-0d045ec2b4ce@group-5DF6529D38A3: changes role from  FOLLOWER to FOLLOWER at term 2 for recognizeCandidate:e3697062-c193-48d1-b15e-d6b6b4dc6638
2019-10-17 01:10:30,028 [grpc-default-executor-5] INFO  impl.RoleInfo (RoleInfo.java:shutdownFollowerState(121)) - a10aa3ca-3ab2-4d87-9bc7-0d045ec2b4ce: shutdown FollowerState
2019-10-17 01:10:30,029 [Thread-678] INFO  impl.FollowerState (FollowerState.java:run(117)) - a10aa3ca-3ab2-4d87-9bc7-0d045ec2b4ce@group-5DF6529D38A3-FollowerState was interrupted: java.lang.InterruptedException: sleep interrupted
2019-10-17 01:10:30,029 [grpc-default-executor-5] INFO  impl.RoleInfo (RoleInfo.java:updateAndGet(143)) - a10aa3ca-3ab2-4d87-9bc7-0d045ec2b4ce: start FollowerState
2019-10-17 01:10:30,040 [a10aa3ca-3ab2-4d87-9bc7-0d045ec2b4ce@group-5DF6529D38A3-SegmentedRaftLogWorker] INFO  segmented.SegmentedRaftLogWorker (SegmentedRaftLogWorker.java:execute(576)) - a10aa3ca-3ab2-4d87-9bc7-0d045ec2b4ce@group-5DF6529D38A3-SegmentedRaftLogWorker: created new log segment /workdir/hadoop-ozone/integration-test/target/test-dir/MiniOzoneClusterImpl-85f8a08e-f83a-42a3-ae7e-0eb0c728a558/datanode-0/data/ratis/f9abe76a-4dd7-4825-8bbe-5df6529d38a3/current/log_inprogress_0
2019-10-17 01:10:30,041 [grpc-default-executor-1] INFO  impl.RaftServerImpl (RaftServerImpl.java:setRole(184)) - ee6ff355-4f2c-4ff1-aa68-7ca64f6b5439@group-5DF6529D38A3: changes role from  FOLLOWER to FOLLOWER at term 2 for recognizeCandidate:e3697062-c193-48d1-b15e-d6b6b4dc6638
2019-10-17 01:10:30,040 [ee6ff355-4f2c-4ff1-aa68-7ca64f6b5439@group-BD7A3B63C209-LeaderElection25] INFO  impl.LeaderElection (LeaderElection.java:askForVotes(178)) - ee6ff355-4f2c-4ff1-aa68-7ca64f6b5439@group-BD7A3B63C209-LeaderElection25: begin an election at term 19 for 0: [ee6ff355-4f2c-4ff1-aa68-7ca64f6b5439:192.168.157.194:37608, e3697062-c193-48d1-b15e-d6b6b4dc6638:192.168.157.194:40986, a10aa3ca-3ab2-4d87-9bc7-0d045ec2b4ce:192.168.157.194:36577], old=null
2019-10-17 01:10:30,041 [grpc-default-executor-1] INFO  impl.RoleInfo (RoleInfo.java:shutdownFollowerState(121)) - ee6ff355-4f2c-4ff1-aa68-7ca64f6b5439: shutdown FollowerState
2019-10-17 01:10:30,041 [Thread-689] INFO  impl.FollowerState (FollowerState.java:run(117)) - ee6ff355-4f2c-4ff1-aa68-7ca64f6b5439@group-5DF6529D38A3-FollowerState was interrupted: java.lang.InterruptedException: sleep interrupted
2019-10-17 01:10:30,042 [grpc-default-executor-1] INFO  impl.RoleInfo (RoleInfo.java:updateAndGet(143)) - ee6ff355-4f2c-4ff1-aa68-7ca64f6b5439: start FollowerState
2019-10-17 01:10:30,046 [e3697062-c193-48d1-b15e-d6b6b4dc6638@group-5DF6529D38A3-LeaderElection24] INFO  impl.LeaderElection (LeaderElection.java:logAndReturn(56)) - e3697062-c193-48d1-b15e-d6b6b4dc6638@group-5DF6529D38A3-LeaderElection24: Election REJECTED; received 2 response(s) [e3697062-c193-48d1-b15e-d6b6b4dc6638<-ee6ff355-4f2c-4ff1-aa68-7ca64f6b5439#0:FAIL-t2, e3697062-c193-48d1-b15e-d6b6b4dc6638<-a10aa3ca-3ab2-4d87-9bc7-0d045ec2b4ce#0:FAIL-t2] and 0 exception(s); e3697062-c193-48d1-b15e-d6b6b4dc6638@group-5DF6529D38A3:t2, leader=null, voted=e3697062-c193-48d1-b15e-d6b6b4dc6638, raftlog=e3697062-c193-48d1-b15e-d6b6b4dc6638@group-5DF6529D38A3-SegmentedRaftLog:OPENED:c-1,f-1,i0, conf=-1: [ee6ff355-4f2c-4ff1-aa68-7ca64f6b5439:192.168.157.194:37608, e3697062-c193-48d1-b15e-d6b6b4dc6638:192.168.157.194:40986, a10aa3ca-3ab2-4d87-9bc7-0d045ec2b4ce:192.168.157.194:36577], old=null
2019-10-17 01:10:30,047 [e3697062-c193-48d1-b15e-d6b6b4dc6638@group-5DF6529D38A3-LeaderElection24] INFO  impl.RaftServerImpl (RaftServerImpl.java:setRole(184)) - e3697062-c193-48d1-b15e-d6b6b4dc6638@group-5DF6529D38A3: changes role from CANDIDATE to FOLLOWER at term 2 for DISCOVERED_A_NEW_TERM
2019-10-17 01:10:30,047 [e3697062-c193-48d1-b15e-d6b6b4dc6638@group-5DF6529D38A3-LeaderElection24] INFO  impl.RoleInfo (RoleInfo.java:shutdownLeaderElection(134)) - e3697062-c193-48d1-b15e-d6b6b4dc6638: shutdown LeaderElection
2019-10-17 01:10:30,048 [e3697062-c193-48d1-b15e-d6b6b4dc6638@group-5DF6529D38A3-LeaderElection24] INFO  impl.RoleInfo (RoleInfo.java:updateAndGet(143)) - e3697062-c193-48d1-b15e-d6b6b4dc6638: start FollowerState
2019-10-17 01:10:30,050 [grpc-default-executor-1] INFO  impl.RaftServerImpl (RaftServerImpl.java:setRole(184)) - a10aa3ca-3ab2-4d87-9bc7-0d045ec2b4ce@group-BD7A3B63C209: changes role from  FOLLOWER to FOLLOWER at term 19 for recognizeCandidate:ee6ff355-4f2c-4ff1-aa68-7ca64f6b5439
2019-10-17 01:10:30,051 [grpc-default-executor-1] INFO  impl.RoleInfo (RoleInfo.java:shutdownFollowerState(121)) - a10aa3ca-3ab2-4d87-9bc7-0d045ec2b4ce: shutdown FollowerState
2019-10-17 01:10:30,051 [grpc-default-executor-5] INFO  impl.RaftServerImpl (RaftServerImpl.java:setRole(184)) - e3697062-c193-48d1-b15e-d6b6b4dc6638@group-BD7A3B63C209: changes role from  FOLLOWER to FOLLOWER at term 19 for recognizeCandidate:ee6ff355-4f2c-4ff1-aa68-7ca64f6b5439
2019-10-17 01:10:30,051 [Thread-662] INFO  impl.FollowerState (FollowerState.java:run(117)) - a10aa3ca-3ab2-4d87-9bc7-0d045ec2b4ce@group-BD7A3B63C209-FollowerState was interrupted: java.lang.InterruptedException: sleep interrupted
2019-10-17 01:10:30,051 [grpc-default-executor-1] INFO  impl.RoleInfo (RoleInfo.java:updateAndGet(143)) - a10aa3ca-3ab2-4d87-9bc7-0d045ec2b4ce: start FollowerState
2019-10-17 01:10:30,051 [grpc-default-executor-5] INFO  impl.RoleInfo (RoleInfo.java:shutdownFollowerState(121)) - e3697062-c193-48d1-b15e-d6b6b4dc6638: shutdown FollowerState
2019-10-17 01:10:30,051 [grpc-default-executor-5] INFO  impl.RoleInfo (RoleInfo.java:updateAndGet(143)) - e3697062-c193-48d1-b15e-d6b6b4dc6638: start FollowerState
2019-10-17 01:10:30,051 [Thread-661] INFO  impl.FollowerState (FollowerState.java:run(117)) - e3697062-c193-48d1-b15e-d6b6b4dc6638@group-BD7A3B63C209-FollowerState was interrupted: java.lang.InterruptedException: sleep interrupted
2019-10-17 01:10:30,057 [ee6ff355-4f2c-4ff1-aa68-7ca64f6b5439@group-BD7A3B63C209-LeaderElection25] INFO  impl.LeaderElection (LeaderElection.java:logAndReturn(56)) - ee6ff355-4f2c-4ff1-aa68-7ca64f6b5439@group-BD7A3B63C209-LeaderElection25: Election REJECTED; received 2 response(s) [ee6ff355-4f2c-4ff1-aa68-7ca64f6b5439<-e3697062-c193-48d1-b15e-d6b6b4dc6638#0:FAIL-t19, ee6ff355-4f2c-4ff1-aa68-7ca64f6b5439<-a10aa3ca-3ab2-4d87-9bc7-0d045ec2b4ce#0:FAIL-t19] and 0 exception(s); ee6ff355-4f2c-4ff1-aa68-7ca64f6b5439@group-BD7A3B63C209:t19, leader=null, voted=ee6ff355-4f2c-4ff1-aa68-7ca64f6b5439, raftlog=ee6ff355-4f2c-4ff1-aa68-7ca64f6b5439@group-BD7A3B63C209-SegmentedRaftLog:OPENED:c3,f4,i4, conf=0: [ee6ff355-4f2c-4ff1-aa68-7ca64f6b5439:192.168.157.194:37608, e3697062-c193-48d1-b15e-d6b6b4dc6638:192.168.157.194:40986, a10aa3ca-3ab2-4d87-9bc7-0d045ec2b4ce:192.168.157.194:36577], old=null
2019-10-17 01:10:30,057 [ee6ff355-4f2c-4ff1-aa68-7ca64f6b5439@group-BD7A3B63C209-LeaderElection25] INFO  impl.RaftServerImpl (RaftServerImpl.java:setRole(184)) - ee6ff355-4f2c-4ff1-aa68-7ca64f6b5439@group-BD7A3B63C209: changes role from CANDIDATE to FOLLOWER at term 19 for DISCOVERED_A_NEW_TERM
2019-10-17 01:10:30,057 [ee6ff355-4f2c-4ff1-aa68-7ca64f6b5439@group-BD7A3B63C209-LeaderElection25] INFO  impl.RoleInfo (RoleInfo.java:shutdownLeaderElection(134)) - ee6ff355-4f2c-4ff1-aa68-7ca64f6b5439: shutdown LeaderElection
2019-10-17 01:10:30,057 [ee6ff355-4f2c-4ff1-aa68-7ca64f6b5439@group-BD7A3B63C209-LeaderElection25] INFO  impl.RoleInfo (RoleInfo.java:updateAndGet(143)) - ee6ff355-4f2c-4ff1-aa68-7ca64f6b5439: start FollowerState
2019-10-17 01:10:30,152 [EventQueue-PendingDeleteStatusForPendingDeleteHandler] INFO  block.SCMBlockDeletingService (SCMBlockDeletingService.java:handlePendingDeletes(115)) - Block deletion txnID mismatch in datanode ee6ff355-4f2c-4ff1-aa68-7ca64f6b5439 for containerID 1. Datanode delete txnID: 0, SCM txnID: 1
2019-10-17 01:10:30,155 [Thread-699] INFO  impl.FollowerState (FollowerState.java:run(108)) - ee6ff355-4f2c-4ff1-aa68-7ca64f6b5439@group-BD7A3B63C209-FollowerState: change to CANDIDATE, lastRpcTime:97ms, electionTimeout:97ms
2019-10-17 01:10:30,155 [Thread-699] INFO  impl.RoleInfo (RoleInfo.java:shutdownFollowerState(121)) - ee6ff355-4f2c-4ff1-aa68-7ca64f6b5439: shutdown FollowerState
2019-10-17 01:10:30,155 [Thread-699] INFO  impl.RaftServerImpl (RaftServerImpl.java:setRole(184)) - ee6ff355-4f2c-4ff1-aa68-7ca64f6b5439@group-BD7A3B63C209: changes role from  FOLLOWER to CANDIDATE at term 19 for changeToCandidate
2019-10-17 01:10:30,155 [Thread-699] INFO  impl.RoleInfo (RoleInfo.java:updateAndGet(143)) - ee6ff355-4f2c-4ff1-aa68-7ca64f6b5439: start LeaderElection
2019-10-17 01:10:30,169 [ee6ff355-4f2c-4ff1-aa68-7ca64f6b5439@group-BD7A3B63C209-LeaderElection26] INFO  impl.LeaderElection (LeaderElection.java:askForVotes(178)) - ee6ff355-4f2c-4ff1-aa68-7ca64f6b5439@group-BD7A3B63C209-LeaderElection26: begin an election at term 20 for 0: [ee6ff355-4f2c-4ff1-aa68-7ca64f6b5439:192.168.157.194:37608, e3697062-c193-48d1-b15e-d6b6b4dc6638:192.168.157.194:40986, a10aa3ca-3ab2-4d87-9bc7-0d045ec2b4ce:192.168.157.194:36577], old=null
2019-10-17 01:10:30,172 [grpc-default-executor-5] INFO  impl.RaftServerImpl (RaftServerImpl.java:setRole(184)) - e3697062-c193-48d1-b15e-d6b6b4dc6638@group-BD7A3B63C209: changes role from  FOLLOWER to FOLLOWER at term 20 for recognizeCandidate:ee6ff355-4f2c-4ff1-aa68-7ca64f6b5439
2019-10-17 01:10:30,172 [grpc-default-executor-1] INFO  impl.RaftServerImpl (RaftServerImpl.java:setRole(184)) - a10aa3ca-3ab2-4d87-9bc7-0d045ec2b4ce@group-BD7A3B63C209: changes role from  FOLLOWER to FOLLOWER at term 20 for recognizeCandidate:ee6ff355-4f2c-4ff1-aa68-7ca64f6b5439
2019-10-17 01:10:30,172 [grpc-default-executor-5] INFO  impl.RoleInfo (RoleInfo.java:shutdownFollowerState(121)) - e3697062-c193-48d1-b15e-d6b6b4dc6638: shutdown FollowerState
2019-10-17 01:10:30,172 [grpc-default-executor-1] INFO  impl.RoleInfo (RoleInfo.java:shutdownFollowerState(121)) - a10aa3ca-3ab2-4d87-9bc7-0d045ec2b4ce: shutdown FollowerState
2019-10-17 01:10:30,172 [grpc-default-executor-5] INFO  impl.RoleInfo (RoleInfo.java:updateAndGet(143)) - e3697062-c193-48d1-b15e-d6b6b4dc6638: start FollowerState
2019-10-17 01:10:30,172 [Thread-697] INFO  impl.FollowerState (FollowerState.java:run(117)) - e3697062-c193-48d1-b15e-d6b6b4dc6638@group-BD7A3B63C209-FollowerState was interrupted: java.lang.InterruptedException: sleep interrupted
2019-10-17 01:10:30,173 [grpc-default-executor-1] INFO  impl.RoleInfo (RoleInfo.java:updateAndGet(143)) - a10aa3ca-3ab2-4d87-9bc7-0d045ec2b4ce: start FollowerState
2019-10-17 01:10:30,173 [Thread-696] INFO  impl.FollowerState (FollowerState.java:run(117)) - a10aa3ca-3ab2-4d87-9bc7-0d045ec2b4ce@group-BD7A3B63C209-FollowerState was interrupted: java.lang.InterruptedException: sleep interrupted
2019-10-17 01:10:30,179 [ee6ff355-4f2c-4ff1-aa68-7ca64f6b5439@group-BD7A3B63C209-LeaderElection26] INFO  impl.LeaderElection (LeaderElection.java:logAndReturn(56)) - ee6ff355-4f2c-4ff1-aa68-7ca64f6b5439@group-BD7A3B63C209-LeaderElection26: Election TIMEOUT; received 0 response(s) [] and 0 exception(s); ee6ff355-4f2c-4ff1-aa68-7ca64f6b5439@group-BD7A3B63C209:t20, leader=null, voted=ee6ff355-4f2c-4ff1-aa68-7ca64f6b5439, raftlog=ee6ff355-4f2c-4ff1-aa68-7ca64f6b5439@group-BD7A3B63C209-SegmentedRaftLog:OPENED:c3,f4,i4, conf=0: [ee6ff355-4f2c-4ff1-aa68-7ca64f6b5439:192.168.157.194:37608, e3697062-c193-48d1-b15e-d6b6b4dc6638:192.168.157.194:40986, a10aa3ca-3ab2-4d87-9bc7-0d045ec2b4ce:192.168.157.194:36577], old=null
2019-10-17 01:10:30,198 [ee6ff355-4f2c-4ff1-aa68-7ca64f6b5439@group-BD7A3B63C209-LeaderElection26] INFO  impl.LeaderElection (LeaderElection.java:askForVotes(178)) - ee6ff355-4f2c-4ff1-aa68-7ca64f6b5439@group-BD7A3B63C209-LeaderElection26: begin an election at term 21 for 0: [ee6ff355-4f2c-4ff1-aa68-7ca64f6b5439:192.168.157.194:37608, e3697062-c193-48d1-b15e-d6b6b4dc6638:192.168.157.194:40986, a10aa3ca-3ab2-4d87-9bc7-0d045ec2b4ce:192.168.157.194:36577], old=null
2019-10-17 01:10:30,200 [grpc-default-executor-5] INFO  impl.RaftServerImpl (RaftServerImpl.java:setRole(184)) - a10aa3ca-3ab2-4d87-9bc7-0d045ec2b4ce@group-BD7A3B63C209: changes role from  FOLLOWER to FOLLOWER at term 21 for recognizeCandidate:ee6ff355-4f2c-4ff1-aa68-7ca64f6b5439
2019-10-17 01:10:30,202 [grpc-default-executor-5] INFO  impl.RoleInfo (RoleInfo.java:shutdownFollowerState(121)) - a10aa3ca-3ab2-4d87-9bc7-0d045ec2b4ce: shutdown FollowerState
2019-10-17 01:10:30,202 [grpc-default-executor-1] INFO  impl.RaftServerImpl (RaftServerImpl.java:setRole(184)) - e3697062-c193-48d1-b15e-d6b6b4dc6638@group-BD7A3B63C209: changes role from  FOLLOWER to FOLLOWER at term 21 for recognizeCandidate:ee6ff355-4f2c-4ff1-aa68-7ca64f6b5439
2019-10-17 01:10:30,202 [Thread-704] INFO  impl.FollowerState (FollowerState.java:run(117)) - a10aa3ca-3ab2-4d87-9bc7-0d045ec2b4ce@group-BD7A3B63C209-FollowerState was interrupted: java.lang.InterruptedException: sleep interrupted
2019-10-17 01:10:30,202 [grpc-default-executor-5] INFO  impl.RoleInfo (RoleInfo.java:updateAndGet(143)) - a10aa3ca-3ab2-4d87-9bc7-0d045ec2b4ce: start FollowerState
2019-10-17 01:10:30,202 [grpc-default-executor-1] INFO  impl.RoleInfo (RoleInfo.java:shutdownFollowerState(121)) - e3697062-c193-48d1-b15e-d6b6b4dc6638: shutdown FollowerState
2019-10-17 01:10:30,203 [grpc-default-executor-1] INFO  impl.RoleInfo (RoleInfo.java:updateAndGet(143)) - e3697062-c193-48d1-b15e-d6b6b4dc6638: start FollowerState
2019-10-17 01:10:30,203 [Thread-703] INFO  impl.FollowerState (FollowerState.java:run(117)) - e3697062-c193-48d1-b15e-d6b6b4dc6638@group-BD7A3B63C209-FollowerState was interrupted: java.lang.InterruptedException: sleep interrupted
2019-10-17 01:10:30,218 [ee6ff355-4f2c-4ff1-aa68-7ca64f6b5439@group-BD7A3B63C209-LeaderElection26] INFO  impl.LeaderElection (LeaderElection.java:logAndReturn(56)) - ee6ff355-4f2c-4ff1-aa68-7ca64f6b5439@group-BD7A3B63C209-LeaderElection26: Election REJECTED; received 2 response(s) [ee6ff355-4f2c-4ff1-aa68-7ca64f6b5439<-e3697062-c193-48d1-b15e-d6b6b4dc6638#0:FAIL-t21, ee6ff355-4f2c-4ff1-aa68-7ca64f6b5439<-a10aa3ca-3ab2-4d87-9bc7-0d045ec2b4ce#0:FAIL-t21] and 0 exception(s); ee6ff355-4f2c-4ff1-aa68-7ca64f6b5439@group-BD7A3B63C209:t21, leader=null, voted=ee6ff355-4f2c-4ff1-aa68-7ca64f6b5439, raftlog=ee6ff355-4f2c-4ff1-aa68-7ca64f6b5439@group-BD7A3B63C209-SegmentedRaftLog:OPENED:c3,f4,i4, conf=0: [ee6ff355-4f2c-4ff1-aa68-7ca64f6b5439:192.168.157.194:37608, e3697062-c193-48d1-b15e-d6b6b4dc6638:192.168.157.194:40986, a10aa3ca-3ab2-4d87-9bc7-0d045ec2b4ce:192.168.157.194:36577], old=null
2019-10-17 01:10:30,218 [ee6ff355-4f2c-4ff1-aa68-7ca64f6b5439@group-BD7A3B63C209-LeaderElection26] INFO  impl.RaftServerImpl (RaftServerImpl.java:setRole(184)) - ee6ff355-4f2c-4ff1-aa68-7ca64f6b5439@group-BD7A3B63C209: changes role from CANDIDATE to FOLLOWER at term 21 for DISCOVERED_A_NEW_TERM
2019-10-17 01:10:30,218 [ee6ff355-4f2c-4ff1-aa68-7ca64f6b5439@group-BD7A3B63C209-LeaderElection26] INFO  impl.RoleInfo (RoleInfo.java:shutdownLeaderElection(134)) - ee6ff355-4f2c-4ff1-aa68-7ca64f6b5439: shutdown LeaderElection
2019-10-17 01:10:30,219 [ee6ff355-4f2c-4ff1-aa68-7ca64f6b5439@group-BD7A3B63C209-LeaderElection26] INFO  impl.RoleInfo (RoleInfo.java:updateAndGet(143)) - ee6ff355-4f2c-4ff1-aa68-7ca64f6b5439: start FollowerState
2019-10-17 01:10:30,239 [Thread-695] INFO  impl.FollowerState (FollowerState.java:run(108)) - e3697062-c193-48d1-b15e-d6b6b4dc6638@group-5DF6529D38A3-FollowerState: change to CANDIDATE, lastRpcTime:191ms, electionTimeout:190ms
2019-10-17 01:10:30,240 [Thread-695] INFO  impl.RoleInfo (RoleInfo.java:shutdownFollowerState(121)) - e3697062-c193-48d1-b15e-d6b6b4dc6638: shutdown FollowerState
2019-10-17 01:10:30,240 [Thread-695] INFO  impl.RaftServerImpl (RaftServerImpl.java:setRole(184)) - e3697062-c193-48d1-b15e-d6b6b4dc6638@group-5DF6529D38A3: changes role from  FOLLOWER to CANDIDATE at term 2 for changeToCandidate
2019-10-17 01:10:30,240 [Thread-695] INFO  impl.RoleInfo (RoleInfo.java:updateAndGet(143)) - e3697062-c193-48d1-b15e-d6b6b4dc6638: start LeaderElection
2019-10-17 01:10:30,252 [e3697062-c193-48d1-b15e-d6b6b4dc6638@group-5DF6529D38A3-LeaderElection27] INFO  impl.LeaderElection (LeaderElection.java:askForVotes(178)) - e3697062-c193-48d1-b15e-d6b6b4dc6638@group-5DF6529D38A3-LeaderElection27: begin an election at term 3 for -1: [ee6ff355-4f2c-4ff1-aa68-7ca64f6b5439:192.168.157.194:37608, e3697062-c193-48d1-b15e-d6b6b4dc6638:192.168.157.194:40986, a10aa3ca-3ab2-4d87-9bc7-0d045ec2b4ce:192.168.157.194:36577], old=null
2019-10-17 01:10:30,255 [grpc-default-executor-5] INFO  impl.RaftServerImpl (RaftServerImpl.java:setRole(184)) - ee6ff355-4f2c-4ff1-aa68-7ca64f6b5439@group-5DF6529D38A3: changes role from  FOLLOWER to FOLLOWER at term 3 for recognizeCandidate:e3697062-c193-48d1-b15e-d6b6b4dc6638
2019-10-17 01:10:30,255 [grpc-default-executor-1] INFO  impl.RaftServerImpl (RaftServerImpl.java:setRole(184)) - a10aa3ca-3ab2-4d87-9bc7-0d045ec2b4ce@group-5DF6529D38A3: changes role from  FOLLOWER to FOLLOWER at term 3 for recognizeCandidate:e3697062-c193-48d1-b15e-d6b6b4dc6638
2019-10-17 01:10:30,255 [grpc-default-executor-5] INFO  impl.RoleInfo (RoleInfo.java:shutdownFollowerState(121)) - ee6ff355-4f2c-4ff1-aa68-7ca64f6b5439: shutdown FollowerState
2019-10-17 01:10:30,255 [grpc-default-executor-1] INFO  impl.RoleInfo (RoleInfo.java:shutdownFollowerState(121)) - a10aa3ca-3ab2-4d87-9bc7-0d045ec2b4ce: shutdown FollowerState
2019-10-17 01:10:30,255 [grpc-default-executor-5] INFO  impl.RoleInfo (RoleInfo.java:updateAndGet(143)) - ee6ff355-4f2c-4ff1-aa68-7ca64f6b5439: start FollowerState
2019-10-17 01:10:30,255 [Thread-693] INFO  impl.FollowerState (FollowerState.java:run(117)) - ee6ff355-4f2c-4ff1-aa68-7ca64f6b5439@group-5DF6529D38A3-FollowerState was interrupted: java.lang.InterruptedException: sleep interrupted
2019-10-17 01:10:30,256 [grpc-default-executor-1] INFO  impl.RoleInfo (RoleInfo.java:updateAndGet(143)) - a10aa3ca-3ab2-4d87-9bc7-0d045ec2b4ce: start FollowerState
2019-10-17 01:10:30,256 [Thread-691] INFO  impl.FollowerState (FollowerState.java:run(117)) - a10aa3ca-3ab2-4d87-9bc7-0d045ec2b4ce@group-5DF6529D38A3-FollowerState was interrupted: java.lang.InterruptedException: sleep interrupted
2019-10-17 01:10:30,276 [e3697062-c193-48d1-b15e-d6b6b4dc6638@group-5DF6529D38A3-LeaderElection27] INFO  impl.LeaderElection (LeaderElection.java:logAndReturn(56)) - e3697062-c193-48d1-b15e-d6b6b4dc6638@group-5DF6529D38A3-LeaderElection27: Election TIMEOUT; received 0 response(s) [] and 0 exception(s); e3697062-c193-48d1-b15e-d6b6b4dc6638@group-5DF6529D38A3:t3, leader=null, voted=e3697062-c193-48d1-b15e-d6b6b4dc6638, raftlog=e3697062-c193-48d1-b15e-d6b6b4dc6638@group-5DF6529D38A3-SegmentedRaftLog:OPENED:c-1,f-1,i0, conf=-1: [ee6ff355-4f2c-4ff1-aa68-7ca64f6b5439:192.168.157.194:37608, e3697062-c193-48d1-b15e-d6b6b4dc6638:192.168.157.194:40986, a10aa3ca-3ab2-4d87-9bc7-0d045ec2b4ce:192.168.157.194:36577], old=null
2019-10-17 01:10:30,280 [e3697062-c193-48d1-b15e-d6b6b4dc6638@group-5DF6529D38A3-LeaderElection27] INFO  impl.LeaderElection (LeaderElection.java:askForVotes(178)) - e3697062-c193-48d1-b15e-d6b6b4dc6638@group-5DF6529D38A3-LeaderElection27: begin an election at term 4 for -1: [ee6ff355-4f2c-4ff1-aa68-7ca64f6b5439:192.168.157.194:37608, e3697062-c193-48d1-b15e-d6b6b4dc6638:192.168.157.194:40986, a10aa3ca-3ab2-4d87-9bc7-0d045ec2b4ce:192.168.157.194:36577], old=null
2019-10-17 01:10:30,282 [grpc-default-executor-5] INFO  impl.RaftServerImpl (RaftServerImpl.java:setRole(184)) - ee6ff355-4f2c-4ff1-aa68-7ca64f6b5439@group-5DF6529D38A3: changes role from  FOLLOWER to FOLLOWER at term 4 for recognizeCandidate:e3697062-c193-48d1-b15e-d6b6b4dc6638
2019-10-17 01:10:30,283 [grpc-default-executor-5] INFO  impl.RoleInfo (RoleInfo.java:shutdownFollowerState(121)) - ee6ff355-4f2c-4ff1-aa68-7ca64f6b5439: shutdown FollowerState
2019-10-17 01:10:30,283 [grpc-default-executor-1] INFO  impl.RaftServerImpl (RaftServerImpl.java:setRole(184)) - a10aa3ca-3ab2-4d87-9bc7-0d045ec2b4ce@group-5DF6529D38A3: changes role from  FOLLOWER to FOLLOWER at term 4 for recognizeCandidate:e3697062-c193-48d1-b15e-d6b6b4dc6638
2019-10-17 01:10:30,283 [grpc-default-executor-5] INFO  impl.RoleInfo (RoleInfo.java:updateAndGet(143)) - ee6ff355-4f2c-4ff1-aa68-7ca64f6b5439: start FollowerState
2019-10-17 01:10:30,283 [Thread-713] INFO  impl.FollowerState (FollowerState.java:run(117)) - ee6ff355-4f2c-4ff1-aa68-7ca64f6b5439@group-5DF6529D38A3-FollowerState was interrupted: java.lang.InterruptedException: sleep interrupted
2019-10-17 01:10:30,283 [grpc-default-executor-1] INFO  impl.RoleInfo (RoleInfo.java:shutdownFollowerState(121)) - a10aa3ca-3ab2-4d87-9bc7-0d045ec2b4ce: shutdown FollowerState
2019-10-17 01:10:30,284 [grpc-default-executor-1] INFO  impl.RoleInfo (RoleInfo.java:updateAndGet(143)) - a10aa3ca-3ab2-4d87-9bc7-0d045ec2b4ce: start FollowerState
2019-10-17 01:10:30,284 [Thread-714] INFO  impl.FollowerState (FollowerState.java:run(117)) - a10aa3ca-3ab2-4d87-9bc7-0d045ec2b4ce@group-5DF6529D38A3-FollowerState was interrupted: java.lang.InterruptedException: sleep interrupted
2019-10-17 01:10:30,296 [BlockDeletingService#2] WARN  background.BlockDeletingService (BlockDeletingService.java:isDeletionAllowed(187)) - Close Container log Index 6 is not replicated across allthe servers in the pipeline 968e2a2f-54bd-4eee-95a8-bd7a3b63c209 as the min replicated index is 4. Deletion is not allowed in this container yet.
2019-10-17 01:10:30,296 [BlockDeletingService#2] WARN  background.BlockDeletingService (BlockDeletingService.java:isDeletionAllowed(187)) - Close Container log Index 6 is not replicated across allthe servers in the pipeline 968e2a2f-54bd-4eee-95a8-bd7a3b63c209 as the min replicated index is 4. Deletion is not allowed in this container yet.
2019-10-17 01:10:30,298 [e3697062-c193-48d1-b15e-d6b6b4dc6638@group-5DF6529D38A3-LeaderElection27] INFO  impl.LeaderElection (LeaderElection.java:logAndReturn(56)) - e3697062-c193-48d1-b15e-d6b6b4dc6638@group-5DF6529D38A3-LeaderElection27: Election REJECTED; received 2 response(s) [e3697062-c193-48d1-b15e-d6b6b4dc6638<-ee6ff355-4f2c-4ff1-aa68-7ca64f6b5439#0:FAIL-t4, e3697062-c193-48d1-b15e-d6b6b4dc6638<-a10aa3ca-3ab2-4d87-9bc7-0d045ec2b4ce#0:FAIL-t4] and 0 exception(s); e3697062-c193-48d1-b15e-d6b6b4dc6638@group-5DF6529D38A3:t4, leader=null, voted=e3697062-c193-48d1-b15e-d6b6b4dc6638, raftlog=e3697062-c193-48d1-b15e-d6b6b4dc6638@group-5DF6529D38A3-SegmentedRaftLog:OPENED:c-1,f-1,i0, conf=-1: [ee6ff355-4f2c-4ff1-aa68-7ca64f6b5439:192.168.157.194:37608, e3697062-c193-48d1-b15e-d6b6b4dc6638:192.168.157.194:40986, a10aa3ca-3ab2-4d87-9bc7-0d045ec2b4ce:192.168.157.194:36577], old=null
2019-10-17 01:10:30,298 [e3697062-c193-48d1-b15e-d6b6b4dc6638@group-5DF6529D38A3-LeaderElection27] INFO  impl.RaftServerImpl (RaftServerImpl.java:setRole(184)) - e3697062-c193-48d1-b15e-d6b6b4dc6638@group-5DF6529D38A3: changes role from CANDIDATE to FOLLOWER at term 4 for DISCOVERED_A_NEW_TERM
2019-10-17 01:10:30,298 [e3697062-c193-48d1-b15e-d6b6b4dc6638@group-5DF6529D38A3-LeaderElection27] INFO  impl.RoleInfo (RoleInfo.java:shutdownLeaderElection(134)) - e3697062-c193-48d1-b15e-d6b6b4dc6638: shutdown LeaderElection
2019-10-17 01:10:30,299 [e3697062-c193-48d1-b15e-d6b6b4dc6638@group-5DF6529D38A3-LeaderElection27] INFO  impl.RoleInfo (RoleInfo.java:updateAndGet(143)) - e3697062-c193-48d1-b15e-d6b6b4dc6638: start FollowerState
2019-10-17 01:10:30,344 [Thread-709] INFO  impl.FollowerState (FollowerState.java:run(108)) - ee6ff355-4f2c-4ff1-aa68-7ca64f6b5439@group-BD7A3B63C209-FollowerState: change to CANDIDATE, lastRpcTime:125ms, electionTimeout:125ms
2019-10-17 01:10:30,345 [Thread-709] INFO  impl.RoleInfo (RoleInfo.java:shutdownFollowerState(121)) - ee6ff355-4f2c-4ff1-aa68-7ca64f6b5439: shutdown FollowerState
2019-10-17 01:10:30,345 [Thread-709] INFO  impl.RaftServerImpl (RaftServerImpl.java:setRole(184)) - ee6ff355-4f2c-4ff1-aa68-7ca64f6b5439@group-BD7A3B63C209: changes role from  FOLLOWER to CANDIDATE at term 21 for changeToCandidate
2019-10-17 01:10:30,345 [Thread-709] INFO  impl.RoleInfo (RoleInfo.java:updateAndGet(143)) - ee6ff355-4f2c-4ff1-aa68-7ca64f6b5439: start LeaderElection
2019-10-17 01:10:30,361 [ee6ff355-4f2c-4ff1-aa68-7ca64f6b5439@group-BD7A3B63C209-LeaderElection28] INFO  impl.LeaderElection (LeaderElection.java:askForVotes(178)) - ee6ff355-4f2c-4ff1-aa68-7ca64f6b5439@group-BD7A3B63C209-LeaderElection28: begin an election at term 22 for 0: [ee6ff355-4f2c-4ff1-aa68-7ca64f6b5439:192.168.157.194:37608, e3697062-c193-48d1-b15e-d6b6b4dc6638:192.168.157.194:40986, a10aa3ca-3ab2-4d87-9bc7-0d045ec2b4ce:192.168.157.194:36577], old=null
2019-10-17 01:10:30,364 [grpc-default-executor-5] INFO  impl.RaftServerImpl (RaftServerImpl.java:setRole(184)) - a10aa3ca-3ab2-4d87-9bc7-0d045ec2b4ce@group-BD7A3B63C209: changes role from  FOLLOWER to FOLLOWER at term 22 for recognizeCandidate:ee6ff355-4f2c-4ff1-aa68-7ca64f6b5439
2019-10-17 01:10:30,364 [grpc-default-executor-5] INFO  impl.RoleInfo (RoleInfo.java:shutdownFollowerState(121)) - a10aa3ca-3ab2-4d87-9bc7-0d045ec2b4ce: shutdown FollowerState
2019-10-17 01:10:30,364 [grpc-default-executor-1] INFO  impl.RaftServerImpl (RaftServerImpl.java:setRole(184)) - e3697062-c193-48d1-b15e-d6b6b4dc6638@group-BD7A3B63C209: changes role from  FOLLOWER to FOLLOWER at term 22 for recognizeCandidate:ee6ff355-4f2c-4ff1-aa68-7ca64f6b5439
2019-10-17 01:10:30,364 [Thread-707] INFO  impl.FollowerState (FollowerState.java:run(117)) - a10aa3ca-3ab2-4d87-9bc7-0d045ec2b4ce@group-BD7A3B63C209-FollowerState was interrupted: java.lang.InterruptedException: sleep interrupted
2019-10-17 01:10:30,364 [grpc-default-executor-5] INFO  impl.RoleInfo (RoleInfo.java:updateAndGet(143)) - a10aa3ca-3ab2-4d87-9bc7-0d045ec2b4ce: start FollowerState
2019-10-17 01:10:30,365 [grpc-default-executor-1] INFO  impl.RoleInfo (RoleInfo.java:shutdownFollowerState(121)) - e3697062-c193-48d1-b15e-d6b6b4dc6638: shutdown FollowerState
2019-10-17 01:10:30,365 [Thread-708] INFO  impl.FollowerState (FollowerState.java:run(117)) - e3697062-c193-48d1-b15e-d6b6b4dc6638@group-BD7A3B63C209-FollowerState was interrupted: java.lang.InterruptedException: sleep interrupted
2019-10-17 01:10:30,365 [grpc-default-executor-1] INFO  impl.RoleInfo (RoleInfo.java:updateAndGet(143)) - e3697062-c193-48d1-b15e-d6b6b4dc6638: start FollowerState
2019-10-17 01:10:30,379 [ee6ff355-4f2c-4ff1-aa68-7ca64f6b5439@group-BD7A3B63C209-LeaderElection28] INFO  impl.LeaderElection (LeaderElection.java:logAndReturn(56)) - ee6ff355-4f2c-4ff1-aa68-7ca64f6b5439@group-BD7A3B63C209-LeaderElection28: Election REJECTED; received 2 response(s) [ee6ff355-4f2c-4ff1-aa68-7ca64f6b5439<-e3697062-c193-48d1-b15e-d6b6b4dc6638#0:FAIL-t22, ee6ff355-4f2c-4ff1-aa68-7ca64f6b5439<-a10aa3ca-3ab2-4d87-9bc7-0d045ec2b4ce#0:FAIL-t22] and 0 exception(s); ee6ff355-4f2c-4ff1-aa68-7ca64f6b5439@group-BD7A3B63C209:t22, leader=null, voted=ee6ff355-4f2c-4ff1-aa68-7ca64f6b5439, raftlog=ee6ff355-4f2c-4ff1-aa68-7ca64f6b5439@group-BD7A3B63C209-SegmentedRaftLog:OPENED:c3,f4,i4, conf=0: [ee6ff355-4f2c-4ff1-aa68-7ca64f6b5439:192.168.157.194:37608, e3697062-c193-48d1-b15e-d6b6b4dc6638:192.168.157.194:40986, a10aa3ca-3ab2-4d87-9bc7-0d045ec2b4ce:192.168.157.194:36577], old=null
2019-10-17 01:10:30,379 [ee6ff355-4f2c-4ff1-aa68-7ca64f6b5439@group-BD7A3B63C209-LeaderElection28] INFO  impl.RaftServerImpl (RaftServerImpl.java:setRole(184)) - ee6ff355-4f2c-4ff1-aa68-7ca64f6b5439@group-BD7A3B63C209: changes role from CANDIDATE to FOLLOWER at term 22 for DISCOVERED_A_NEW_TERM
2019-10-17 01:10:30,380 [ee6ff355-4f2c-4ff1-aa68-7ca64f6b5439@group-BD7A3B63C209-LeaderElection28] INFO  impl.RoleInfo (RoleInfo.java:shutdownLeaderElection(134)) - ee6ff355-4f2c-4ff1-aa68-7ca64f6b5439: shutdown LeaderElection
2019-10-17 01:10:30,380 [ee6ff355-4f2c-4ff1-aa68-7ca64f6b5439@group-BD7A3B63C209-LeaderElection28] INFO  impl.RoleInfo (RoleInfo.java:updateAndGet(143)) - ee6ff355-4f2c-4ff1-aa68-7ca64f6b5439: start FollowerState
2019-10-17 01:10:30,431 [Thread-721] INFO  impl.FollowerState (FollowerState.java:run(108)) - e3697062-c193-48d1-b15e-d6b6b4dc6638@group-5DF6529D38A3-FollowerState: change to CANDIDATE, lastRpcTime:132ms, electionTimeout:132ms
2019-10-17 01:10:30,433 [Thread-721] INFO  impl.RoleInfo (RoleInfo.java:shutdownFollowerState(121)) - e3697062-c193-48d1-b15e-d6b6b4dc6638: shutdown FollowerState
2019-10-17 01:10:30,433 [Thread-721] INFO  impl.RaftServerImpl (RaftServerImpl.java:setRole(184)) - e3697062-c193-48d1-b15e-d6b6b4dc6638@group-5DF6529D38A3: changes role from  FOLLOWER to CANDIDATE at term 4 for changeToCandidate
2019-10-17 01:10:30,433 [Thread-721] INFO  impl.RoleInfo (RoleInfo.java:updateAndGet(143)) - e3697062-c193-48d1-b15e-d6b6b4dc6638: start LeaderElection
2019-10-17 01:10:30,449 [e3697062-c193-48d1-b15e-d6b6b4dc6638@group-5DF6529D38A3-LeaderElection29] INFO  impl.LeaderElection (LeaderElection.java:askForVotes(178)) - e3697062-c193-48d1-b15e-d6b6b4dc6638@group-5DF6529D38A3-LeaderElection29: begin an election at term 5 for -1: [ee6ff355-4f2c-4ff1-aa68-7ca64f6b5439:192.168.157.194:37608, e3697062-c193-48d1-b15e-d6b6b4dc6638:192.168.157.194:40986, a10aa3ca-3ab2-4d87-9bc7-0d045ec2b4ce:192.168.157.194:36577], old=null
2019-10-17 01:10:30,451 [grpc-default-executor-5] INFO  impl.RaftServerImpl (RaftServerImpl.java:setRole(184)) - ee6ff355-4f2c-4ff1-aa68-7ca64f6b5439@group-5DF6529D38A3: changes role from  FOLLOWER to FOLLOWER at term 5 for recognizeCandidate:e3697062-c193-48d1-b15e-d6b6b4dc6638
2019-10-17 01:10:30,452 [grpc-default-executor-5] INFO  impl.RoleInfo (RoleInfo.java:shutdownFollowerState(121)) - ee6ff355-4f2c-4ff1-aa68-7ca64f6b5439: shutdown FollowerState
2019-10-17 01:10:30,452 [Thread-717] INFO  impl.FollowerState (FollowerState.java:run(117)) - ee6ff355-4f2c-4ff1-aa68-7ca64f6b5439@group-5DF6529D38A3-FollowerState was interrupted: java.lang.InterruptedException: sleep interrupted
2019-10-17 01:10:30,452 [grpc-default-executor-5] INFO  impl.RoleInfo (RoleInfo.java:updateAndGet(143)) - ee6ff355-4f2c-4ff1-aa68-7ca64f6b5439: start FollowerState
2019-10-17 01:10:30,452 [EventQueue-PendingDeleteStatusForPendingDeleteHandler] INFO  block.SCMBlockDeletingService (SCMBlockDeletingService.java:handlePendingDeletes(115)) - Block deletion txnID mismatch in datanode ee6ff355-4f2c-4ff1-aa68-7ca64f6b5439 for containerID 1. Datanode delete txnID: 0, SCM txnID: 1
2019-10-17 01:10:30,452 [grpc-default-executor-1] INFO  impl.RaftServerImpl (RaftServerImpl.java:setRole(184)) - a10aa3ca-3ab2-4d87-9bc7-0d045ec2b4ce@group-5DF6529D38A3: changes role from  FOLLOWER to FOLLOWER at term 5 for recognizeCandidate:e3697062-c193-48d1-b15e-d6b6b4dc6638
2019-10-17 01:10:30,452 [grpc-default-executor-1] INFO  impl.RoleInfo (RoleInfo.java:shutdownFollowerState(121)) - a10aa3ca-3ab2-4d87-9bc7-0d045ec2b4ce: shutdown FollowerState
2019-10-17 01:10:30,453 [grpc-default-executor-1] INFO  impl.RoleInfo (RoleInfo.java:updateAndGet(143)) - a10aa3ca-3ab2-4d87-9bc7-0d045ec2b4ce: start FollowerState
2019-10-17 01:10:30,453 [Thread-718] INFO  impl.FollowerState (FollowerState.java:run(117)) - a10aa3ca-3ab2-4d87-9bc7-0d045ec2b4ce@group-5DF6529D38A3-FollowerState was interrupted: java.lang.InterruptedException: sleep interrupted
2019-10-17 01:10:30,467 [e3697062-c193-48d1-b15e-d6b6b4dc6638@group-5DF6529D38A3-LeaderElection29] INFO  impl.LeaderElection (LeaderElection.java:logAndReturn(56)) - e3697062-c193-48d1-b15e-d6b6b4dc6638@group-5DF6529D38A3-LeaderElection29: Election REJECTED; received 2 response(s) [e3697062-c193-48d1-b15e-d6b6b4dc6638<-ee6ff355-4f2c-4ff1-aa68-7ca64f6b5439#0:FAIL-t5, e3697062-c193-48d1-b15e-d6b6b4dc6638<-a10aa3ca-3ab2-4d87-9bc7-0d045ec2b4ce#0:FAIL-t5] and 0 exception(s); e3697062-c193-48d1-b15e-d6b6b4dc6638@group-5DF6529D38A3:t5, leader=null, voted=e3697062-c193-48d1-b15e-d6b6b4dc6638, raftlog=e3697062-c193-48d1-b15e-d6b6b4dc6638@group-5DF6529D38A3-SegmentedRaftLog:OPENED:c-1,f-1,i0, conf=-1: [ee6ff355-4f2c-4ff1-aa68-7ca64f6b5439:192.168.157.194:37608, e3697062-c193-48d1-b15e-d6b6b4dc6638:192.168.157.194:40986, a10aa3ca-3ab2-4d87-9bc7-0d045ec2b4ce:192.168.157.194:36577], old=null
2019-10-17 01:10:30,467 [e3697062-c193-48d1-b15e-d6b6b4dc6638@group-5DF6529D38A3-LeaderElection29] INFO  impl.RaftServerImpl (RaftServerImpl.java:setRole(184)) - e3697062-c193-48d1-b15e-d6b6b4dc6638@group-5DF6529D38A3: changes role from CANDIDATE to FOLLOWER at term 5 for DISCOVERED_A_NEW_TERM
2019-10-17 01:10:30,468 [e3697062-c193-48d1-b15e-d6b6b4dc6638@group-5DF6529D38A3-LeaderElection29] INFO  impl.RoleInfo (RoleInfo.java:shutdownLeaderElection(134)) - e3697062-c193-48d1-b15e-d6b6b4dc6638: shutdown LeaderElection
2019-10-17 01:10:30,468 [e3697062-c193-48d1-b15e-d6b6b4dc6638@group-5DF6529D38A3-LeaderElection29] INFO  impl.RoleInfo (RoleInfo.java:updateAndGet(143)) - e3697062-c193-48d1-b15e-d6b6b4dc6638: start FollowerState
2019-10-17 01:10:30,523 [Thread-727] INFO  impl.FollowerState (FollowerState.java:run(108)) - ee6ff355-4f2c-4ff1-aa68-7ca64f6b5439@group-BD7A3B63C209-FollowerState: change to CANDIDATE, lastRpcTime:143ms, electionTimeout:143ms
2019-10-17 01:10:30,528 [Thread-727] INFO  impl.RoleInfo (RoleInfo.java:shutdownFollowerState(121)) - ee6ff355-4f2c-4ff1-aa68-7ca64f6b5439: shutdown FollowerState
2019-10-17 01:10:30,528 [Thread-727] INFO  impl.RaftServerImpl (RaftServerImpl.java:setRole(184)) - ee6ff355-4f2c-4ff1-aa68-7ca64f6b5439@group-BD7A3B63C209: changes role from  FOLLOWER to CANDIDATE at term 22 for changeToCandidate
2019-10-17 01:10:30,529 [Thread-727] INFO  impl.RoleInfo (RoleInfo.java:updateAndGet(143)) - ee6ff355-4f2c-4ff1-aa68-7ca64f6b5439: start LeaderElection
2019-10-17 01:10:30,544 [ee6ff355-4f2c-4ff1-aa68-7ca64f6b5439@group-BD7A3B63C209-LeaderElection30] INFO  impl.LeaderElection (LeaderElection.java:askForVotes(178)) - ee6ff355-4f2c-4ff1-aa68-7ca64f6b5439@group-BD7A3B63C209-LeaderElection30: begin an election at term 23 for 0: [ee6ff355-4f2c-4ff1-aa68-7ca64f6b5439:192.168.157.194:37608, e3697062-c193-48d1-b15e-d6b6b4dc6638:192.168.157.194:40986, a10aa3ca-3ab2-4d87-9bc7-0d045ec2b4ce:192.168.157.194:36577], old=null
2019-10-17 01:10:30,548 [grpc-default-executor-5] INFO  impl.RaftServerImpl (RaftServerImpl.java:setRole(184)) - a10aa3ca-3ab2-4d87-9bc7-0d045ec2b4ce@group-BD7A3B63C209: changes role from  FOLLOWER to FOLLOWER at term 23 for recognizeCandidate:ee6ff355-4f2c-4ff1-aa68-7ca64f6b5439
2019-10-17 01:10:30,548 [grpc-default-executor-5] INFO  impl.RoleInfo (RoleInfo.java:shutdownFollowerState(121)) - a10aa3ca-3ab2-4d87-9bc7-0d045ec2b4ce: shutdown FollowerState
2019-10-17 01:10:30,548 [grpc-default-executor-1] INFO  impl.RaftServerImpl (RaftServerImpl.java:setRole(184)) - e3697062-c193-48d1-b15e-d6b6b4dc6638@group-BD7A3B63C209: changes role from  FOLLOWER to FOLLOWER at term 23 for recognizeCandidate:ee6ff355-4f2c-4ff1-aa68-7ca64f6b5439
2019-10-17 01:10:30,549 [grpc-default-executor-5] INFO  impl.RoleInfo (RoleInfo.java:updateAndGet(143)) - a10aa3ca-3ab2-4d87-9bc7-0d045ec2b4ce: start FollowerState
2019-10-17 01:10:30,549 [Thread-725] INFO  impl.FollowerState (FollowerState.java:run(117)) - a10aa3ca-3ab2-4d87-9bc7-0d045ec2b4ce@group-BD7A3B63C209-FollowerState was interrupted: java.lang.InterruptedException: sleep interrupted
2019-10-17 01:10:30,549 [grpc-default-executor-1] INFO  impl.RoleInfo (RoleInfo.java:shutdownFollowerState(121)) - e3697062-c193-48d1-b15e-d6b6b4dc6638: shutdown FollowerState
2019-10-17 01:10:30,549 [Thread-726] INFO  impl.FollowerState (FollowerState.java:run(117)) - e3697062-c193-48d1-b15e-d6b6b4dc6638@group-BD7A3B63C209-FollowerState was interrupted: java.lang.InterruptedException: sleep interrupted
2019-10-17 01:10:30,549 [grpc-default-executor-1] INFO  impl.RoleInfo (RoleInfo.java:updateAndGet(143)) - e3697062-c193-48d1-b15e-d6b6b4dc6638: start FollowerState
2019-10-17 01:10:30,575 [ee6ff355-4f2c-4ff1-aa68-7ca64f6b5439@group-BD7A3B63C209-LeaderElection30] INFO  impl.LeaderElection (LeaderElection.java:logAndReturn(56)) - ee6ff355-4f2c-4ff1-aa68-7ca64f6b5439@group-BD7A3B63C209-LeaderElection30: Election REJECTED; received 2 response(s) [ee6ff355-4f2c-4ff1-aa68-7ca64f6b5439<-e3697062-c193-48d1-b15e-d6b6b4dc6638#0:FAIL-t23, ee6ff355-4f2c-4ff1-aa68-7ca64f6b5439<-a10aa3ca-3ab2-4d87-9bc7-0d045ec2b4ce#0:FAIL-t23] and 0 exception(s); ee6ff355-4f2c-4ff1-aa68-7ca64f6b5439@group-BD7A3B63C209:t23, leader=null, voted=ee6ff355-4f2c-4ff1-aa68-7ca64f6b5439, raftlog=ee6ff355-4f2c-4ff1-aa68-7ca64f6b5439@group-BD7A3B63C209-SegmentedRaftLog:OPENED:c3,f4,i4, conf=0: [ee6ff355-4f2c-4ff1-aa68-7ca64f6b5439:192.168.157.194:37608, e3697062-c193-48d1-b15e-d6b6b4dc6638:192.168.157.194:40986, a10aa3ca-3ab2-4d87-9bc7-0d045ec2b4ce:192.168.157.194:36577], old=null
2019-10-17 01:10:30,576 [ee6ff355-4f2c-4ff1-aa68-7ca64f6b5439@group-BD7A3B63C209-LeaderElection30] INFO  impl.RaftServerImpl (RaftServerImpl.java:setRole(184)) - ee6ff355-4f2c-4ff1-aa68-7ca64f6b5439@group-BD7A3B63C209: changes role from CANDIDATE to FOLLOWER at term 23 for DISCOVERED_A_NEW_TERM
2019-10-17 01:10:30,576 [ee6ff355-4f2c-4ff1-aa68-7ca64f6b5439@group-BD7A3B63C209-LeaderElection30] INFO  impl.RoleInfo (RoleInfo.java:shutdownLeaderElection(134)) - ee6ff355-4f2c-4ff1-aa68-7ca64f6b5439: shutdown LeaderElection
2019-10-17 01:10:30,576 [ee6ff355-4f2c-4ff1-aa68-7ca64f6b5439@group-BD7A3B63C209-LeaderElection30] INFO  impl.RoleInfo (RoleInfo.java:updateAndGet(143)) - ee6ff355-4f2c-4ff1-aa68-7ca64f6b5439: start FollowerState
2019-10-17 01:10:30,614 [Thread-733] INFO  impl.FollowerState (FollowerState.java:run(108)) - e3697062-c193-48d1-b15e-d6b6b4dc6638@group-5DF6529D38A3-FollowerState: change to CANDIDATE, lastRpcTime:146ms, electionTimeout:146ms
2019-10-17 01:10:30,616 [Thread-733] INFO  impl.RoleInfo (RoleInfo.java:shutdownFollowerState(121)) - e3697062-c193-48d1-b15e-d6b6b4dc6638: shutdown FollowerState
2019-10-17 01:10:30,616 [Thread-733] INFO  impl.RaftServerImpl (RaftServerImpl.java:setRole(184)) - e3697062-c193-48d1-b15e-d6b6b4dc6638@group-5DF6529D38A3: changes role from  FOLLOWER to CANDIDATE at term 5 for changeToCandidate
2019-10-17 01:10:30,616 [Thread-733] INFO  impl.RoleInfo (RoleInfo.java:updateAndGet(143)) - e3697062-c193-48d1-b15e-d6b6b4dc6638: start LeaderElection
2019-10-17 01:10:30,629 [pool-7-thread-2] INFO  commands.RetriableDatanodeEventWatcher (RetriableDatanodeEventWatcher.java:onTimeout(47)) - RetriableDatanodeCommand type=deleteBlocksCommand with id=1571274624623 timed out. Retrying.
2019-10-17 01:10:30,629 [pool-7-thread-5] INFO  commands.RetriableDatanodeEventWatcher (RetriableDatanodeEventWatcher.java:onTimeout(47)) - RetriableDatanodeCommand type=deleteBlocksCommand with id=1571274624622 timed out. Retrying.
2019-10-17 01:10:30,630 [e3697062-c193-48d1-b15e-d6b6b4dc6638@group-5DF6529D38A3-LeaderElection31] INFO  impl.LeaderElection (LeaderElection.java:askForVotes(178)) - e3697062-c193-48d1-b15e-d6b6b4dc6638@group-5DF6529D38A3-LeaderElection31: begin an election at term 6 for -1: [ee6ff355-4f2c-4ff1-aa68-7ca64f6b5439:192.168.157.194:37608, e3697062-c193-48d1-b15e-d6b6b4dc6638:192.168.157.194:40986, a10aa3ca-3ab2-4d87-9bc7-0d045ec2b4ce:192.168.157.194:36577], old=null
2019-10-17 01:10:30,630 [pool-7-thread-1] INFO  commands.RetriableDatanodeEventWatcher (RetriableDatanodeEventWatcher.java:onTimeout(47)) - RetriableDatanodeCommand type=deleteBlocksCommand with id=1571274624620 timed out. Retrying.
2019-10-17 01:10:30,630 [pool-7-thread-3] INFO  commands.RetriableDatanodeEventWatcher (RetriableDatanodeEventWatcher.java:onTimeout(47)) - RetriableDatanodeCommand type=deleteBlocksCommand with id=1571274624621 timed out. Retrying.
2019-10-17 01:10:30,630 [pool-7-thread-4] INFO  commands.RetriableDatanodeEventWatcher (RetriableDatanodeEventWatcher.java:onTimeout(47)) - RetriableDatanodeCommand type=deleteBlocksCommand with id=1571274624619 timed out. Retrying.
2019-10-17 01:10:30,631 [pool-7-thread-6] INFO  commands.RetriableDatanodeEventWatcher (RetriableDatanodeEventWatcher.java:onTimeout(47)) - RetriableDatanodeCommand type=deleteBlocksCommand with id=1571274624624 timed out. Retrying.
2019-10-17 01:10:30,631 [SCMBlockDeletingService#0] INFO  block.SCMBlockDeletingService (SCMBlockDeletingService.java:call(184)) - Totally added 1 delete blocks command for 1 datanodes, task elapsed time: 2ms
2019-10-17 01:10:30,633 [grpc-default-executor-1] INFO  impl.RaftServerImpl (RaftServerImpl.java:setRole(184)) - ee6ff355-4f2c-4ff1-aa68-7ca64f6b5439@group-5DF6529D38A3: changes role from  FOLLOWER to FOLLOWER at term 6 for recognizeCandidate:e3697062-c193-48d1-b15e-d6b6b4dc6638
2019-10-17 01:10:30,633 [grpc-default-executor-1] INFO  impl.RoleInfo (RoleInfo.java:shutdownFollowerState(121)) - ee6ff355-4f2c-4ff1-aa68-7ca64f6b5439: shutdown FollowerState
2019-10-17 01:10:30,633 [Thread-731] INFO  impl.FollowerState (FollowerState.java:run(117)) - ee6ff355-4f2c-4ff1-aa68-7ca64f6b5439@group-5DF6529D38A3-FollowerState was interrupted: java.lang.InterruptedException: sleep interrupted
2019-10-17 01:10:30,633 [grpc-default-executor-1] INFO  impl.RoleInfo (RoleInfo.java:updateAndGet(143)) - ee6ff355-4f2c-4ff1-aa68-7ca64f6b5439: start FollowerState
2019-10-17 01:10:30,633 [grpc-default-executor-5] INFO  impl.RaftServerImpl (RaftServerImpl.java:setRole(184)) - a10aa3ca-3ab2-4d87-9bc7-0d045ec2b4ce@group-5DF6529D38A3: changes role from  FOLLOWER to FOLLOWER at term 6 for recognizeCandidate:e3697062-c193-48d1-b15e-d6b6b4dc6638
2019-10-17 01:10:30,634 [grpc-default-executor-5] INFO  impl.RoleInfo (RoleInfo.java:shutdownFollowerState(121)) - a10aa3ca-3ab2-4d87-9bc7-0d045ec2b4ce: shutdown FollowerState
2019-10-17 01:10:30,634 [grpc-default-executor-5] INFO  impl.RoleInfo (RoleInfo.java:updateAndGet(143)) - a10aa3ca-3ab2-4d87-9bc7-0d045ec2b4ce: start FollowerState
2019-10-17 01:10:30,634 [Thread-732] INFO  impl.FollowerState (FollowerState.java:run(117)) - a10aa3ca-3ab2-4d87-9bc7-0d045ec2b4ce@group-5DF6529D38A3-FollowerState was interrupted: java.lang.InterruptedException: sleep interrupted
2019-10-17 01:10:30,648 [e3697062-c193-48d1-b15e-d6b6b4dc6638@group-5DF6529D38A3-LeaderElection31] INFO  impl.LeaderElection (LeaderElection.java:logAndReturn(56)) - e3697062-c193-48d1-b15e-d6b6b4dc6638@group-5DF6529D38A3-LeaderElection31: Election REJECTED; received 2 response(s) [e3697062-c193-48d1-b15e-d6b6b4dc6638<-ee6ff355-4f2c-4ff1-aa68-7ca64f6b5439#0:FAIL-t6, e3697062-c193-48d1-b15e-d6b6b4dc6638<-a10aa3ca-3ab2-4d87-9bc7-0d045ec2b4ce#0:FAIL-t6] and 0 exception(s); e3697062-c193-48d1-b15e-d6b6b4dc6638@group-5DF6529D38A3:t6, leader=null, voted=e3697062-c193-48d1-b15e-d6b6b4dc6638, raftlog=e3697062-c193-48d1-b15e-d6b6b4dc6638@group-5DF6529D38A3-SegmentedRaftLog:OPENED:c-1,f-1,i0, conf=-1: [ee6ff355-4f2c-4ff1-aa68-7ca64f6b5439:192.168.157.194:37608, e3697062-c193-48d1-b15e-d6b6b4dc6638:192.168.157.194:40986, a10aa3ca-3ab2-4d87-9bc7-0d045ec2b4ce:192.168.157.194:36577], old=null
2019-10-17 01:10:30,649 [e3697062-c193-48d1-b15e-d6b6b4dc6638@group-5DF6529D38A3-LeaderElection31] INFO  impl.RaftServerImpl (RaftServerImpl.java:setRole(184)) - e3697062-c193-48d1-b15e-d6b6b4dc6638@group-5DF6529D38A3: changes role from CANDIDATE to FOLLOWER at term 6 for DISCOVERED_A_NEW_TERM
2019-10-17 01:10:30,649 [e3697062-c193-48d1-b15e-d6b6b4dc6638@group-5DF6529D38A3-LeaderElection31] INFO  impl.RoleInfo (RoleInfo.java:shutdownLeaderElection(134)) - e3697062-c193-48d1-b15e-d6b6b4dc6638: shutdown LeaderElection
2019-10-17 01:10:30,649 [e3697062-c193-48d1-b15e-d6b6b4dc6638@group-5DF6529D38A3-LeaderElection31] INFO  impl.RoleInfo (RoleInfo.java:updateAndGet(143)) - e3697062-c193-48d1-b15e-d6b6b4dc6638: start FollowerState
2019-10-17 01:10:30,676 [Thread-740] INFO  impl.FollowerState (FollowerState.java:run(108)) - ee6ff355-4f2c-4ff1-aa68-7ca64f6b5439@group-BD7A3B63C209-FollowerState: change to CANDIDATE, lastRpcTime:99ms, electionTimeout:99ms
2019-10-17 01:10:30,677 [Thread-740] INFO  impl.RoleInfo (RoleInfo.java:shutdownFollowerState(121)) - ee6ff355-4f2c-4ff1-aa68-7ca64f6b5439: shutdown FollowerState
2019-10-17 01:10:30,677 [Thread-740] INFO  impl.RaftServerImpl (RaftServerImpl.java:setRole(184)) - ee6ff355-4f2c-4ff1-aa68-7ca64f6b5439@group-BD7A3B63C209: changes role from  FOLLOWER to CANDIDATE at term 23 for changeToCandidate
2019-10-17 01:10:30,677 [Thread-740] INFO  impl.RoleInfo (RoleInfo.java:updateAndGet(143)) - ee6ff355-4f2c-4ff1-aa68-7ca64f6b5439: start LeaderElection
2019-10-17 01:10:30,688 [Thread-749] INFO  client.GrpcClientProtocolService (GrpcClientProtocolService.java:lambda$processClientRequest$0(278)) - Failed RaftClientRequest:client-B379F03C97AF->a10aa3ca-3ab2-4d87-9bc7-0d045ec2b4ce@group-BD7A3B63C209, cid=10, seq=0, Watch-ALL_COMMITTED(6), Message:<EMPTY>, reply=RaftClientReply:client-B379F03C97AF->a10aa3ca-3ab2-4d87-9bc7-0d045ec2b4ce@group-BD7A3B63C209, cid=10, FAILED org.apache.ratis.protocol.NotLeaderException: Server a10aa3ca-3ab2-4d87-9bc7-0d045ec2b4ce@group-BD7A3B63C209 is not the leader, logIndex=0, commits[a10aa3ca-3ab2-4d87-9bc7-0d045ec2b4ce:c10, ee6ff355-4f2c-4ff1-aa68-7ca64f6b5439:c4, e3697062-c193-48d1-b15e-d6b6b4dc6638:c10]
2019-10-17 01:10:30,693 [ee6ff355-4f2c-4ff1-aa68-7ca64f6b5439@group-BD7A3B63C209-LeaderElection32] INFO  impl.LeaderElection (LeaderElection.java:askForVotes(178)) - ee6ff355-4f2c-4ff1-aa68-7ca64f6b5439@group-BD7A3B63C209-LeaderElection32: begin an election at term 24 for 0: [ee6ff355-4f2c-4ff1-aa68-7ca64f6b5439:192.168.157.194:37608, e3697062-c193-48d1-b15e-d6b6b4dc6638:192.168.157.194:40986, a10aa3ca-3ab2-4d87-9bc7-0d045ec2b4ce:192.168.157.194:36577], old=null
2019-10-17 01:10:30,696 [grpc-default-executor-5] INFO  impl.RaftServerImpl (RaftServerImpl.java:setRole(184)) - e3697062-c193-48d1-b15e-d6b6b4dc6638@group-BD7A3B63C209: changes role from  FOLLOWER to FOLLOWER at term 24 for recognizeCandidate:ee6ff355-4f2c-4ff1-aa68-7ca64f6b5439
2019-10-17 01:10:30,697 [Thread-746] INFO  impl.FollowerState (FollowerState.java:run(108)) - e3697062-c193-48d1-b15e-d6b6b4dc6638@group-5DF6529D38A3-FollowerState: change to CANDIDATE, lastRpcTime:47ms, electionTimeout:47ms
2019-10-17 01:10:30,697 [grpc-default-executor-5] INFO  impl.RoleInfo (RoleInfo.java:shutdownFollowerState(121)) - e3697062-c193-48d1-b15e-d6b6b4dc6638: shutdown FollowerState
2019-10-17 01:10:30,697 [Thread-746] INFO  impl.RoleInfo (RoleInfo.java:shutdownFollowerState(121)) - e3697062-c193-48d1-b15e-d6b6b4dc6638: shutdown FollowerState
2019-10-17 01:10:30,697 [Thread-739] INFO  impl.FollowerState (FollowerState.java:run(117)) - e3697062-c193-48d1-b15e-d6b6b4dc6638@group-BD7A3B63C209-FollowerState was interrupted: java.lang.InterruptedException: sleep interrupted
2019-10-17 01:10:30,697 [grpc-default-executor-5] INFO  impl.RoleInfo (RoleInfo.java:updateAndGet(143)) - e3697062-c193-48d1-b15e-d6b6b4dc6638: start FollowerState
2019-10-17 01:10:30,697 [grpc-default-executor-1] INFO  impl.RaftServerImpl (RaftServerImpl.java:setRole(184)) - a10aa3ca-3ab2-4d87-9bc7-0d045ec2b4ce@group-BD7A3B63C209: changes role from  FOLLOWER to FOLLOWER at term 24 for recognizeCandidate:ee6ff355-4f2c-4ff1-aa68-7ca64f6b5439
2019-10-17 01:10:30,697 [grpc-default-executor-1] INFO  impl.RoleInfo (RoleInfo.java:shutdownFollowerState(121)) - a10aa3ca-3ab2-4d87-9bc7-0d045ec2b4ce: shutdown FollowerState
2019-10-17 01:10:30,697 [Thread-746] INFO  impl.RaftServerImpl (RaftServerImpl.java:setRole(184)) - e3697062-c193-48d1-b15e-d6b6b4dc6638@group-5DF6529D38A3: changes role from  FOLLOWER to CANDIDATE at term 6 for changeToCandidate
2019-10-17 01:10:30,698 [grpc-default-executor-1] INFO  impl.RoleInfo (RoleInfo.java:updateAndGet(143)) - a10aa3ca-3ab2-4d87-9bc7-0d045ec2b4ce: start FollowerState
2019-10-17 01:10:30,698 [Thread-738] INFO  impl.FollowerState (FollowerState.java:run(117)) - a10aa3ca-3ab2-4d87-9bc7-0d045ec2b4ce@group-BD7A3B63C209-FollowerState was interrupted: java.lang.InterruptedException: sleep interrupted
2019-10-17 01:10:30,698 [Thread-746] INFO  impl.RoleInfo (RoleInfo.java:updateAndGet(143)) - e3697062-c193-48d1-b15e-d6b6b4dc6638: start LeaderElection
2019-10-17 01:10:30,719 [e3697062-c193-48d1-b15e-d6b6b4dc6638@group-5DF6529D38A3-LeaderElection33] INFO  impl.LeaderElection (LeaderElection.java:askForVotes(178)) - e3697062-c193-48d1-b15e-d6b6b4dc6638@group-5DF6529D38A3-LeaderElection33: begin an election at term 7 for -1: [ee6ff355-4f2c-4ff1-aa68-7ca64f6b5439:192.168.157.194:37608, e3697062-c193-48d1-b15e-d6b6b4dc6638:192.168.157.194:40986, a10aa3ca-3ab2-4d87-9bc7-0d045ec2b4ce:192.168.157.194:36577], old=null
2019-10-17 01:10:30,720 [ee6ff355-4f2c-4ff1-aa68-7ca64f6b5439@group-BD7A3B63C209-LeaderElection32] INFO  impl.LeaderElection (LeaderElection.java:logAndReturn(56)) - ee6ff355-4f2c-4ff1-aa68-7ca64f6b5439@group-BD7A3B63C209-LeaderElection32: Election REJECTED; received 2 response(s) [ee6ff355-4f2c-4ff1-aa68-7ca64f6b5439<-e3697062-c193-48d1-b15e-d6b6b4dc6638#0:FAIL-t24, ee6ff355-4f2c-4ff1-aa68-7ca64f6b5439<-a10aa3ca-3ab2-4d87-9bc7-0d045ec2b4ce#0:FAIL-t24] and 0 exception(s); ee6ff355-4f2c-4ff1-aa68-7ca64f6b5439@group-BD7A3B63C209:t24, leader=null, voted=ee6ff355-4f2c-4ff1-aa68-7ca64f6b5439, raftlog=ee6ff355-4f2c-4ff1-aa68-7ca64f6b5439@group-BD7A3B63C209-SegmentedRaftLog:OPENED:c3,f4,i4, conf=0: [ee6ff355-4f2c-4ff1-aa68-7ca64f6b5439:192.168.157.194:37608, e3697062-c193-48d1-b15e-d6b6b4dc6638:192.168.157.194:40986, a10aa3ca-3ab2-4d87-9bc7-0d045ec2b4ce:192.168.157.194:36577], old=null
2019-10-17 01:10:30,720 [ee6ff355-4f2c-4ff1-aa68-7ca64f6b5439@group-BD7A3B63C209-LeaderElection32] INFO  impl.RaftServerImpl (RaftServerImpl.java:setRole(184)) - ee6ff355-4f2c-4ff1-aa68-7ca64f6b5439@group-BD7A3B63C209: changes role from CANDIDATE to FOLLOWER at term 24 for DISCOVERED_A_NEW_TERM
2019-10-17 01:10:30,720 [ee6ff355-4f2c-4ff1-aa68-7ca64f6b5439@group-BD7A3B63C209-LeaderElection32] INFO  impl.RoleInfo (RoleInfo.java:shutdownLeaderElection(134)) - ee6ff355-4f2c-4ff1-aa68-7ca64f6b5439: shutdown LeaderElection
2019-10-17 01:10:30,720 [ee6ff355-4f2c-4ff1-aa68-7ca64f6b5439@group-BD7A3B63C209-LeaderElection32] INFO  impl.RoleInfo (RoleInfo.java:updateAndGet(143)) - ee6ff355-4f2c-4ff1-aa68-7ca64f6b5439: start FollowerState
2019-10-17 01:10:30,721 [EventQueue-PendingDeleteStatusForPendingDeleteHandler] INFO  block.SCMBlockDeletingService (SCMBlockDeletingService.java:handlePendingDeletes(115)) - Block deletion txnID mismatch in datanode ee6ff355-4f2c-4ff1-aa68-7ca64f6b5439 for containerID 1. Datanode delete txnID: 0, SCM txnID: 1
2019-10-17 01:10:30,722 [Command processor thread] INFO  commandhandler.DeleteBlocksCommandHandler (DeleteBlocksCommandHandler.java:handle(106)) - Start to delete container blocks, TXIDs=[1(0)], numOfContainers=1, numOfBlocks=1
2019-10-17 01:10:30,723 [grpc-default-executor-5] INFO  impl.RaftServerImpl (RaftServerImpl.java:setRole(184)) - ee6ff355-4f2c-4ff1-aa68-7ca64f6b5439@group-5DF6529D38A3: changes role from  FOLLOWER to FOLLOWER at term 7 for recognizeCandidate:e3697062-c193-48d1-b15e-d6b6b4dc6638
2019-10-17 01:10:30,723 [grpc-default-executor-5] INFO  impl.RoleInfo (RoleInfo.java:shutdownFollowerState(121)) - ee6ff355-4f2c-4ff1-aa68-7ca64f6b5439: shutdown FollowerState
2019-10-17 01:10:30,723 [Command processor thread] INFO  commandhandler.DeleteBlocksCommandHandler (DeleteBlocksCommandHandler.java:handle(106)) - Start to delete container blocks, TXIDs=[1(2)], numOfContainers=1, numOfBlocks=1
2019-10-17 01:10:30,723 [grpc-default-executor-5] INFO  impl.RoleInfo (RoleInfo.java:updateAndGet(143)) - ee6ff355-4f2c-4ff1-aa68-7ca64f6b5439: start FollowerState
2019-10-17 01:10:30,723 [Command processor thread] INFO  commandhandler.DeleteBlocksCommandHandler (DeleteBlocksCommandHandler.java:handle(106)) - Start to delete container blocks, TXIDs=[1(0)], numOfContainers=1, numOfBlocks=1
2019-10-17 01:10:30,723 [Thread-744] INFO  impl.FollowerState (FollowerState.java:run(117)) - ee6ff355-4f2c-4ff1-aa68-7ca64f6b5439@group-5DF6529D38A3-FollowerState was interrupted: java.lang.InterruptedException: sleep interrupted
2019-10-17 01:10:30,723 [grpc-default-executor-1] INFO  impl.RaftServerImpl (RaftServerImpl.java:setRole(184)) - a10aa3ca-3ab2-4d87-9bc7-0d045ec2b4ce@group-5DF6529D38A3: changes role from  FOLLOWER to FOLLOWER at term 7 for recognizeCandidate:e3697062-c193-48d1-b15e-d6b6b4dc6638
2019-10-17 01:10:30,723 [Command processor thread] INFO  commandhandler.DeleteBlocksCommandHandler (DeleteBlocksCommandHandler.java:handle(106)) - Start to delete container blocks, TXIDs=[1(2)], numOfContainers=1, numOfBlocks=1
2019-10-17 01:10:30,723 [grpc-default-executor-1] INFO  impl.RoleInfo (RoleInfo.java:shutdownFollowerState(121)) - a10aa3ca-3ab2-4d87-9bc7-0d045ec2b4ce: shutdown FollowerState
2019-10-17 01:10:30,724 [Thread-745] INFO  impl.FollowerState (FollowerState.java:run(117)) - a10aa3ca-3ab2-4d87-9bc7-0d045ec2b4ce@group-5DF6529D38A3-FollowerState was interrupted: java.lang.InterruptedException: sleep interrupted
2019-10-17 01:10:30,724 [grpc-default-executor-1] INFO  impl.RoleInfo (RoleInfo.java:updateAndGet(143)) - a10aa3ca-3ab2-4d87-9bc7-0d045ec2b4ce: start FollowerState
2019-10-17 01:10:30,724 [Command processor thread] INFO  commandhandler.DeleteBlocksCommandHandler (DeleteBlocksCommandHandler.java:handle(106)) - Start to delete container blocks, TXIDs=[1(2)], numOfContainers=1, numOfBlocks=1
2019-10-17 01:10:30,724 [Command processor thread] INFO  commandhandler.DeleteBlocksCommandHandler (DeleteBlocksCommandHandler.java:handle(106)) - Start to delete container blocks, TXIDs=[1(0)], numOfContainers=1, numOfBlocks=1
2019-10-17 01:10:30,724 [Command processor thread] INFO  commandhandler.DeleteBlocksCommandHandler (DeleteBlocksCommandHandler.java:handle(106)) - Start to delete container blocks, TXIDs=[1(0)], numOfContainers=1, numOfBlocks=1
2019-10-17 01:10:30,724 [Command processor thread] INFO  commandhandler.DeleteBlocksCommandHandler (DeleteBlocksCommandHandler.java:handle(106)) - Start to delete container blocks, TXIDs=[1(2)], numOfContainers=1, numOfBlocks=1
2019-10-17 01:10:30,724 [Command processor thread] INFO  commandhandler.DeleteBlocksCommandHandler (DeleteBlocksCommandHandler.java:handle(106)) - Start to delete container blocks, TXIDs=[1(2)], numOfContainers=1, numOfBlocks=1
2019-10-17 01:10:30,725 [Command processor thread] INFO  commandhandler.DeleteBlocksCommandHandler (DeleteBlocksCommandHandler.java:handle(106)) - Start to delete container blocks, TXIDs=[1(2)], numOfContainers=1, numOfBlocks=1
2019-10-17 01:10:30,725 [Command processor thread] INFO  commandhandler.DeleteBlocksCommandHandler (DeleteBlocksCommandHandler.java:handle(106)) - Start to delete container blocks, TXIDs=[1(0)], numOfContainers=1, numOfBlocks=1
2019-10-17 01:10:30,725 [Command processor thread] INFO  commandhandler.DeleteBlocksCommandHandler (DeleteBlocksCommandHandler.java:handle(106)) - Start to delete container blocks, TXIDs=[1(2)], numOfContainers=1, numOfBlocks=1
2019-10-17 01:10:30,725 [Command processor thread] INFO  commandhandler.DeleteBlocksCommandHandler (DeleteBlocksCommandHandler.java:handle(106)) - Start to delete container blocks, TXIDs=[1(2)], numOfContainers=1, numOfBlocks=1
2019-10-17 01:10:30,725 [Command processor thread] INFO  commandhandler.DeleteBlocksCommandHandler (DeleteBlocksCommandHandler.java:handle(106)) - Start to delete container blocks, TXIDs=[1(2)], numOfContainers=1, numOfBlocks=1
2019-10-17 01:10:30,726 [Command processor thread] INFO  commandhandler.DeleteBlocksCommandHandler (DeleteBlocksCommandHandler.java:handle(106)) - Start to delete container blocks, TXIDs=[1(2)], numOfContainers=1, numOfBlocks=1
2019-10-17 01:10:30,726 [Command processor thread] INFO  commandhandler.DeleteBlocksCommandHandler (DeleteBlocksCommandHandler.java:handle(106)) - Start to delete container blocks, TXIDs=[1(0)], numOfContainers=1, numOfBlocks=1
2019-10-17 01:10:30,726 [Command processor thread] INFO  commandhandler.DeleteBlocksCommandHandler (DeleteBlocksCommandHandler.java:handle(106)) - Start to delete container blocks, TXIDs=[1(2)], numOfContainers=1, numOfBlocks=1
2019-10-17 01:10:30,726 [Command processor thread] INFO  commandhandler.DeleteBlocksCommandHandler (DeleteBlocksCommandHandler.java:handle(106)) - Start to delete container blocks, TXIDs=[1(2)], numOfContainers=1, numOfBlocks=1
2019-10-17 01:10:30,726 [Command processor thread] INFO  commandhandler.DeleteBlocksCommandHandler (DeleteBlocksCommandHandler.java:handle(106)) - Start to delete container blocks, TXIDs=[1(2)], numOfContainers=1, numOfBlocks=1
2019-10-17 01:10:30,726 [Command processor thread] INFO  commandhandler.DeleteBlocksCommandHandler (DeleteBlocksCommandHandler.java:handle(106)) - Start to delete container blocks, TXIDs=[1(2)], numOfContainers=1, numOfBlocks=1
2019-10-17 01:10:30,727 [Command processor thread] INFO  commandhandler.DeleteBlocksCommandHandler (DeleteBlocksCommandHandler.java:handle(106)) - Start to delete container blocks, TXIDs=[1(2)], numOfContainers=1, numOfBlocks=1
2019-10-17 01:10:30,727 [Command processor thread] INFO  commandhandler.DeleteBlocksCommandHandler (DeleteBlocksCommandHandler.java:handle(106)) - Start to delete container blocks, TXIDs=[1(2)], numOfContainers=1, numOfBlocks=1
2019-10-17 01:10:30,727 [Command processor thread] INFO  commandhandler.DeleteBlocksCommandHandler (DeleteBlocksCommandHandler.java:handle(106)) - Start to delete container blocks, TXIDs=[1(2)], numOfContainers=1, numOfBlocks=1
2019-10-17 01:10:30,727 [Command processor thread] INFO  commandhandler.DeleteBlocksCommandHandler (DeleteBlocksCommandHandler.java:handle(106)) - Start to delete container blocks, TXIDs=[1(2)], numOfContainers=1, numOfBlocks=1
2019-10-17 01:10:30,727 [Command processor thread] INFO  commandhandler.DeleteBlocksCommandHandler (DeleteBlocksCommandHandler.java:handle(106)) - Start to delete container blocks, TXIDs=[1(2)], numOfContainers=1, numOfBlocks=1
2019-10-17 01:10:30,728 [Command processor thread] INFO  commandhandler.DeleteBlocksCommandHandler (DeleteBlocksCommandHandler.java:handle(106)) - Start to delete container blocks, TXIDs=[1(23)], numOfContainers=1, numOfBlocks=1
2019-10-17 01:10:30,728 [Command processor thread] INFO  commandhandler.DeleteBlocksCommandHandler (DeleteBlocksCommandHandler.java:handle(106)) - Start to delete container blocks, TXIDs=[1(0)], numOfContainers=1, numOfBlocks=1
2019-10-17 01:10:30,728 [Command processor thread] INFO  commandhandler.DeleteBlocksCommandHandler (DeleteBlocksCommandHandler.java:handle(106)) - Start to delete container blocks, TXIDs=[1(2)], numOfContainers=1, numOfBlocks=1
2019-10-17 01:10:30,741 [e3697062-c193-48d1-b15e-d6b6b4dc6638@group-5DF6529D38A3-LeaderElection33] INFO  impl.LeaderElection (LeaderElection.java:logAndReturn(56)) - e3697062-c193-48d1-b15e-d6b6b4dc6638@group-5DF6529D38A3-LeaderElection33: Election REJECTED; received 2 response(s) [e3697062-c193-48d1-b15e-d6b6b4dc6638<-ee6ff355-4f2c-4ff1-aa68-7ca64f6b5439#0:FAIL-t7, e3697062-c193-48d1-b15e-d6b6b4dc6638<-a10aa3ca-3ab2-4d87-9bc7-0d045ec2b4ce#0:FAIL-t7] and 0 exception(s); e3697062-c193-48d1-b15e-d6b6b4dc6638@group-5DF6529D38A3:t7, leader=null, voted=e3697062-c193-48d1-b15e-d6b6b4dc6638, raftlog=e3697062-c193-48d1-b15e-d6b6b4dc6638@group-5DF6529D38A3-SegmentedRaftLog:OPENED:c-1,f-1,i0, conf=-1: [ee6ff355-4f2c-4ff1-aa68-7ca64f6b5439:192.168.157.194:37608, e3697062-c193-48d1-b15e-d6b6b4dc6638:192.168.157.194:40986, a10aa3ca-3ab2-4d87-9bc7-0d045ec2b4ce:192.168.157.194:36577], old=null
2019-10-17 01:10:30,741 [e3697062-c193-48d1-b15e-d6b6b4dc6638@group-5DF6529D38A3-LeaderElection33] INFO  impl.RaftServerImpl (RaftServerImpl.java:setRole(184)) - e3697062-c193-48d1-b15e-d6b6b4dc6638@group-5DF6529D38A3: changes role from CANDIDATE to FOLLOWER at term 7 for DISCOVERED_A_NEW_TERM
2019-10-17 01:10:30,741 [e3697062-c193-48d1-b15e-d6b6b4dc6638@group-5DF6529D38A3-LeaderElection33] INFO  impl.RoleInfo (RoleInfo.java:shutdownLeaderElection(134)) - e3697062-c193-48d1-b15e-d6b6b4dc6638: shutdown LeaderElection
2019-10-17 01:10:30,741 [e3697062-c193-48d1-b15e-d6b6b4dc6638@group-5DF6529D38A3-LeaderElection33] INFO  impl.RoleInfo (RoleInfo.java:updateAndGet(143)) - e3697062-c193-48d1-b15e-d6b6b4dc6638: start FollowerState
2019-10-17 01:10:30,780 [Thread-758] INFO  impl.FollowerState (FollowerState.java:run(108)) - ee6ff355-4f2c-4ff1-aa68-7ca64f6b5439@group-BD7A3B63C209-FollowerState: change to CANDIDATE, lastRpcTime:59ms, electionTimeout:58ms
2019-10-17 01:10:30,782 [Thread-758] INFO  impl.RoleInfo (RoleInfo.java:shutdownFollowerState(121)) - ee6ff355-4f2c-4ff1-aa68-7ca64f6b5439: shutdown FollowerState
2019-10-17 01:10:30,782 [Thread-758] INFO  impl.RaftServerImpl (RaftServerImpl.java:setRole(184)) - ee6ff355-4f2c-4ff1-aa68-7ca64f6b5439@group-BD7A3B63C209: changes role from  FOLLOWER to CANDIDATE at term 24 for changeToCandidate
2019-10-17 01:10:30,782 [Thread-758] INFO  impl.RoleInfo (RoleInfo.java:updateAndGet(143)) - ee6ff355-4f2c-4ff1-aa68-7ca64f6b5439: start LeaderElection
2019-10-17 01:10:30,796 [ee6ff355-4f2c-4ff1-aa68-7ca64f6b5439@group-BD7A3B63C209-LeaderElection34] INFO  impl.LeaderElection (LeaderElection.java:askForVotes(178)) - ee6ff355-4f2c-4ff1-aa68-7ca64f6b5439@group-BD7A3B63C209-LeaderElection34: begin an election at term 25 for 0: [ee6ff355-4f2c-4ff1-aa68-7ca64f6b5439:192.168.157.194:37608, e3697062-c193-48d1-b15e-d6b6b4dc6638:192.168.157.194:40986, a10aa3ca-3ab2-4d87-9bc7-0d045ec2b4ce:192.168.157.194:36577], old=null
2019-10-17 01:10:30,798 [grpc-default-executor-1] INFO  impl.RaftServerImpl (RaftServerImpl.java:setRole(184)) - a10aa3ca-3ab2-4d87-9bc7-0d045ec2b4ce@group-BD7A3B63C209: changes role from  FOLLOWER to FOLLOWER at term 25 for recognizeCandidate:ee6ff355-4f2c-4ff1-aa68-7ca64f6b5439
2019-10-17 01:10:30,798 [grpc-default-executor-1] INFO  impl.RoleInfo (RoleInfo.java:shutdownFollowerState(121)) - a10aa3ca-3ab2-4d87-9bc7-0d045ec2b4ce: shutdown FollowerState
2019-10-17 01:10:30,798 [grpc-default-executor-5] INFO  impl.RaftServerImpl (RaftServerImpl.java:setRole(184)) - e3697062-c193-48d1-b15e-d6b6b4dc6638@group-BD7A3B63C209: changes role from  FOLLOWER to FOLLOWER at term 25 for recognizeCandidate:ee6ff355-4f2c-4ff1-aa68-7ca64f6b5439
2019-10-17 01:10:30,799 [grpc-default-executor-1] INFO  impl.RoleInfo (RoleInfo.java:updateAndGet(143)) - a10aa3ca-3ab2-4d87-9bc7-0d045ec2b4ce: start FollowerState
2019-10-17 01:10:30,799 [Thread-754] INFO  impl.FollowerState (FollowerState.java:run(117)) - a10aa3ca-3ab2-4d87-9bc7-0d045ec2b4ce@group-BD7A3B63C209-FollowerState was interrupted: java.lang.InterruptedException: sleep interrupted
2019-10-17 01:10:30,799 [grpc-default-executor-5] INFO  impl.RoleInfo (RoleInfo.java:shutdownFollowerState(121)) - e3697062-c193-48d1-b15e-d6b6b4dc6638: shutdown FollowerState
2019-10-17 01:10:30,799 [Thread-753] INFO  impl.FollowerState (FollowerState.java:run(117)) - e3697062-c193-48d1-b15e-d6b6b4dc6638@group-BD7A3B63C209-FollowerState was interrupted: java.lang.InterruptedException: sleep interrupted
2019-10-17 01:10:30,799 [grpc-default-executor-5] INFO  impl.RoleInfo (RoleInfo.java:updateAndGet(143)) - e3697062-c193-48d1-b15e-d6b6b4dc6638: start FollowerState
2019-10-17 01:10:30,814 [ee6ff355-4f2c-4ff1-aa68-7ca64f6b5439@group-BD7A3B63C209-LeaderElection34] INFO  impl.LeaderElection (LeaderElection.java:logAndReturn(56)) - ee6ff355-4f2c-4ff1-aa68-7ca64f6b5439@group-BD7A3B63C209-LeaderElection34: Election REJECTED; received 2 response(s) [ee6ff355-4f2c-4ff1-aa68-7ca64f6b5439<-e3697062-c193-48d1-b15e-d6b6b4dc6638#0:FAIL-t25, ee6ff355-4f2c-4ff1-aa68-7ca64f6b5439<-a10aa3ca-3ab2-4d87-9bc7-0d045ec2b4ce#0:FAIL-t25] and 0 exception(s); ee6ff355-4f2c-4ff1-aa68-7ca64f6b5439@group-BD7A3B63C209:t25, leader=null, voted=ee6ff355-4f2c-4ff1-aa68-7ca64f6b5439, raftlog=ee6ff355-4f2c-4ff1-aa68-7ca64f6b5439@group-BD7A3B63C209-SegmentedRaftLog:OPENED:c3,f4,i4, conf=0: [ee6ff355-4f2c-4ff1-aa68-7ca64f6b5439:192.168.157.194:37608, e3697062-c193-48d1-b15e-d6b6b4dc6638:192.168.157.194:40986, a10aa3ca-3ab2-4d87-9bc7-0d045ec2b4ce:192.168.157.194:36577], old=null
2019-10-17 01:10:30,814 [ee6ff355-4f2c-4ff1-aa68-7ca64f6b5439@group-BD7A3B63C209-LeaderElection34] INFO  impl.RaftServerImpl (RaftServerImpl.java:setRole(184)) - ee6ff355-4f2c-4ff1-aa68-7ca64f6b5439@group-BD7A3B63C209: changes role from CANDIDATE to FOLLOWER at term 25 for DISCOVERED_A_NEW_TERM
2019-10-17 01:10:30,815 [ee6ff355-4f2c-4ff1-aa68-7ca64f6b5439@group-BD7A3B63C209-LeaderElection34] INFO  impl.RoleInfo (RoleInfo.java:shutdownLeaderElection(134)) - ee6ff355-4f2c-4ff1-aa68-7ca64f6b5439: shutdown LeaderElection
2019-10-17 01:10:30,815 [ee6ff355-4f2c-4ff1-aa68-7ca64f6b5439@group-BD7A3B63C209-LeaderElection34] INFO  impl.RoleInfo (RoleInfo.java:updateAndGet(143)) - ee6ff355-4f2c-4ff1-aa68-7ca64f6b5439: start FollowerState
2019-10-17 01:10:30,837 [Thread-761] INFO  impl.FollowerState (FollowerState.java:run(108)) - e3697062-c193-48d1-b15e-d6b6b4dc6638@group-5DF6529D38A3-FollowerState: change to CANDIDATE, lastRpcTime:95ms, electionTimeout:95ms
2019-10-17 01:10:30,841 [Thread-761] INFO  impl.RoleInfo (RoleInfo.java:shutdownFollowerState(121)) - e3697062-c193-48d1-b15e-d6b6b4dc6638: shutdown FollowerState
2019-10-17 01:10:30,842 [Thread-761] INFO  impl.RaftServerImpl (RaftServerImpl.java:setRole(184)) - e3697062-c193-48d1-b15e-d6b6b4dc6638@group-5DF6529D38A3: changes role from  FOLLOWER to CANDIDATE at term 7 for changeToCandidate
2019-10-17 01:10:30,842 [Thread-761] INFO  impl.RoleInfo (RoleInfo.java:updateAndGet(143)) - e3697062-c193-48d1-b15e-d6b6b4dc6638: start LeaderElection
2019-10-17 01:10:30,867 [e3697062-c193-48d1-b15e-d6b6b4dc6638@group-5DF6529D38A3-LeaderElection35] INFO  impl.LeaderElection (LeaderElection.java:askForVotes(178)) - e3697062-c193-48d1-b15e-d6b6b4dc6638@group-5DF6529D38A3-LeaderElection35: begin an election at term 8 for -1: [ee6ff355-4f2c-4ff1-aa68-7ca64f6b5439:192.168.157.194:37608, e3697062-c193-48d1-b15e-d6b6b4dc6638:192.168.157.194:40986, a10aa3ca-3ab2-4d87-9bc7-0d045ec2b4ce:192.168.157.194:36577], old=null
2019-10-17 01:10:30,869 [grpc-default-executor-1] INFO  impl.RaftServerImpl (RaftServerImpl.java:setRole(184)) - ee6ff355-4f2c-4ff1-aa68-7ca64f6b5439@group-5DF6529D38A3: changes role from  FOLLOWER to FOLLOWER at term 8 for recognizeCandidate:e3697062-c193-48d1-b15e-d6b6b4dc6638
2019-10-17 01:10:30,869 [grpc-default-executor-1] INFO  impl.RoleInfo (RoleInfo.java:shutdownFollowerState(121)) - ee6ff355-4f2c-4ff1-aa68-7ca64f6b5439: shutdown FollowerState
2019-10-17 01:10:30,869 [grpc-default-executor-5] INFO  impl.RaftServerImpl (RaftServerImpl.java:setRole(184)) - a10aa3ca-3ab2-4d87-9bc7-0d045ec2b4ce@group-5DF6529D38A3: changes role from  FOLLOWER to FOLLOWER at term 8 for recognizeCandidate:e3697062-c193-48d1-b15e-d6b6b4dc6638
2019-10-17 01:10:30,870 [Thread-759] INFO  impl.FollowerState (FollowerState.java:run(117)) - ee6ff355-4f2c-4ff1-aa68-7ca64f6b5439@group-5DF6529D38A3-FollowerState was interrupted: java.lang.InterruptedException: sleep interrupted
2019-10-17 01:10:30,870 [grpc-default-executor-1] INFO  impl.RoleInfo (RoleInfo.java:updateAndGet(143)) - ee6ff355-4f2c-4ff1-aa68-7ca64f6b5439: start FollowerState
2019-10-17 01:10:30,870 [grpc-default-executor-5] INFO  impl.RoleInfo (RoleInfo.java:shutdownFollowerState(121)) - a10aa3ca-3ab2-4d87-9bc7-0d045ec2b4ce: shutdown FollowerState
2019-10-17 01:10:30,870 [Thread-760] INFO  impl.FollowerState (FollowerState.java:run(117)) - a10aa3ca-3ab2-4d87-9bc7-0d045ec2b4ce@group-5DF6529D38A3-FollowerState was interrupted: java.lang.InterruptedException: sleep interrupted
2019-10-17 01:10:30,870 [grpc-default-executor-5] INFO  impl.RoleInfo (RoleInfo.java:updateAndGet(143)) - a10aa3ca-3ab2-4d87-9bc7-0d045ec2b4ce: start FollowerState
2019-10-17 01:10:30,895 [e3697062-c193-48d1-b15e-d6b6b4dc6638@group-5DF6529D38A3-LeaderElection35] INFO  impl.LeaderElection (LeaderElection.java:logAndReturn(56)) - e3697062-c193-48d1-b15e-d6b6b4dc6638@group-5DF6529D38A3-LeaderElection35: Election REJECTED; received 2 response(s) [e3697062-c193-48d1-b15e-d6b6b4dc6638<-ee6ff355-4f2c-4ff1-aa68-7ca64f6b5439#0:FAIL-t8, e3697062-c193-48d1-b15e-d6b6b4dc6638<-a10aa3ca-3ab2-4d87-9bc7-0d045ec2b4ce#0:FAIL-t8] and 0 exception(s); e3697062-c193-48d1-b15e-d6b6b4dc6638@group-5DF6529D38A3:t8, leader=null, voted=e3697062-c193-48d1-b15e-d6b6b4dc6638, raftlog=e3697062-c193-48d1-b15e-d6b6b4dc6638@group-5DF6529D38A3-SegmentedRaftLog:OPENED:c-1,f-1,i0, conf=-1: [ee6ff355-4f2c-4ff1-aa68-7ca64f6b5439:192.168.157.194:37608, e3697062-c193-48d1-b15e-d6b6b4dc6638:192.168.157.194:40986, a10aa3ca-3ab2-4d87-9bc7-0d045ec2b4ce:192.168.157.194:36577], old=null
2019-10-17 01:10:30,895 [e3697062-c193-48d1-b15e-d6b6b4dc6638@group-5DF6529D38A3-LeaderElection35] INFO  impl.RaftServerImpl (RaftServerImpl.java:setRole(184)) - e3697062-c193-48d1-b15e-d6b6b4dc6638@group-5DF6529D38A3: changes role from CANDIDATE to FOLLOWER at term 8 for DISCOVERED_A_NEW_TERM
2019-10-17 01:10:30,895 [e3697062-c193-48d1-b15e-d6b6b4dc6638@group-5DF6529D38A3-LeaderElection35] INFO  impl.RoleInfo (RoleInfo.java:shutdownLeaderElection(134)) - e3697062-c193-48d1-b15e-d6b6b4dc6638: shutdown LeaderElection
2019-10-17 01:10:30,896 [e3697062-c193-48d1-b15e-d6b6b4dc6638@group-5DF6529D38A3-LeaderElection35] INFO  impl.RoleInfo (RoleInfo.java:updateAndGet(143)) - e3697062-c193-48d1-b15e-d6b6b4dc6638: start FollowerState
2019-10-17 01:10:30,907 [Thread-767] INFO  impl.FollowerState (FollowerState.java:run(108)) - ee6ff355-4f2c-4ff1-aa68-7ca64f6b5439@group-BD7A3B63C209-FollowerState: change to CANDIDATE, lastRpcTime:92ms, electionTimeout:92ms
2019-10-17 01:10:30,907 [Thread-767] INFO  impl.RoleInfo (RoleInfo.java:shutdownFollowerState(121)) - ee6ff355-4f2c-4ff1-aa68-7ca64f6b5439: shutdown FollowerState
2019-10-17 01:10:30,907 [Thread-767] INFO  impl.RaftServerImpl (RaftServerImpl.java:setRole(184)) - ee6ff355-4f2c-4ff1-aa68-7ca64f6b5439@group-BD7A3B63C209: changes role from  FOLLOWER to CANDIDATE at term 25 for changeToCandidate
2019-10-17 01:10:30,907 [Thread-767] INFO  impl.RoleInfo (RoleInfo.java:updateAndGet(143)) - ee6ff355-4f2c-4ff1-aa68-7ca64f6b5439: start LeaderElection
2019-10-17 01:10:30,923 [ee6ff355-4f2c-4ff1-aa68-7ca64f6b5439@group-BD7A3B63C209-LeaderElection36] INFO  impl.LeaderElection (LeaderElection.java:askForVotes(178)) - ee6ff355-4f2c-4ff1-aa68-7ca64f6b5439@group-BD7A3B63C209-LeaderElection36: begin an election at term 26 for 0: [ee6ff355-4f2c-4ff1-aa68-7ca64f6b5439:192.168.157.194:37608, e3697062-c193-48d1-b15e-d6b6b4dc6638:192.168.157.194:40986, a10aa3ca-3ab2-4d87-9bc7-0d045ec2b4ce:192.168.157.194:36577], old=null
2019-10-17 01:10:30,923 [EventQueue-DeleteBlockStatusForDeletedBlockLogImpl] WARN  block.DeletedBlockLogImpl (DeletedBlockLogImpl.java:commitTransactions(205)) - Transaction txId=1 commit by dnId=ee6ff355-4f2c-4ff1-aa68-7ca64f6b5439 for containerID=#1 failed. Corresponding entry not found.
2019-10-17 01:10:30,923 [EventQueue-DeleteBlockStatusForDeletedBlockLogImpl] WARN  block.DeletedBlockLogImpl (DeletedBlockLogImpl.java:commitTransactions(205)) - Transaction txId=1 commit by dnId=ee6ff355-4f2c-4ff1-aa68-7ca64f6b5439 for containerID=#1 failed. Corresponding entry not found.
2019-10-17 01:10:30,923 [EventQueue-DeleteBlockStatusForDeletedBlockLogImpl] WARN  block.DeletedBlockLogImpl (DeletedBlockLogImpl.java:commitTransactions(205)) - Transaction txId=1 commit by dnId=ee6ff355-4f2c-4ff1-aa68-7ca64f6b5439 for containerID=#1 failed. Corresponding entry not found.
2019-10-17 01:10:30,923 [ee6ff355-4f2c-4ff1-aa68-7ca64f6b5439@group-BD7A3B63C209-LeaderElection36] INFO  impl.LeaderElection (LeaderElection.java:logAndReturn(56)) - ee6ff355-4f2c-4ff1-aa68-7ca64f6b5439@group-BD7A3B63C209-LeaderElection36: Election TIMEOUT; received 0 response(s) [] and 0 exception(s); ee6ff355-4f2c-4ff1-aa68-7ca64f6b5439@group-BD7A3B63C209:t26, leader=null, voted=ee6ff355-4f2c-4ff1-aa68-7ca64f6b5439, raftlog=ee6ff355-4f2c-4ff1-aa68-7ca64f6b5439@group-BD7A3B63C209-SegmentedRaftLog:OPENED:c3,f4,i4, conf=0: [ee6ff355-4f2c-4ff1-aa68-7ca64f6b5439:192.168.157.194:37608, e3697062-c193-48d1-b15e-d6b6b4dc6638:192.168.157.194:40986, a10aa3ca-3ab2-4d87-9bc7-0d045ec2b4ce:192.168.157.194:36577], old=null
2019-10-17 01:10:30,923 [EventQueue-DeleteBlockStatusForDeletedBlockLogImpl] WARN  block.DeletedBlockLogImpl (DeletedBlockLogImpl.java:commitTransactions(205)) - Transaction txId=1 commit by dnId=ee6ff355-4f2c-4ff1-aa68-7ca64f6b5439 for containerID=#1 failed. Corresponding entry not found.
2019-10-17 01:10:30,923 [EventQueue-DeleteBlockStatusForDeletedBlockLogImpl] WARN  block.DeletedBlockLogImpl (DeletedBlockLogImpl.java:commitTransactions(205)) - Transaction txId=1 commit by dnId=ee6ff355-4f2c-4ff1-aa68-7ca64f6b5439 for containerID=#1 failed. Corresponding entry not found.
2019-10-17 01:10:30,924 [EventQueue-DeleteBlockStatusForDeletedBlockLogImpl] WARN  block.DeletedBlockLogImpl (DeletedBlockLogImpl.java:commitTransactions(205)) - Transaction txId=1 commit by dnId=ee6ff355-4f2c-4ff1-aa68-7ca64f6b5439 for containerID=#1 failed. Corresponding entry not found.
2019-10-17 01:10:30,925 [grpc-default-executor-1] INFO  impl.RaftServerImpl (RaftServerImpl.java:setRole(184)) - e3697062-c193-48d1-b15e-d6b6b4dc6638@group-BD7A3B63C209: changes role from  FOLLOWER to FOLLOWER at term 26 for recognizeCandidate:ee6ff355-4f2c-4ff1-aa68-7ca64f6b5439
2019-10-17 01:10:30,925 [grpc-default-executor-1] INFO  impl.RoleInfo (RoleInfo.java:shutdownFollowerState(121)) - e3697062-c193-48d1-b15e-d6b6b4dc6638: shutdown FollowerState
2019-10-17 01:10:30,925 [grpc-default-executor-1] INFO  impl.RoleInfo (RoleInfo.java:updateAndGet(143)) - e3697062-c193-48d1-b15e-d6b6b4dc6638: start FollowerState
2019-10-17 01:10:30,925 [Thread-766] INFO  impl.FollowerState (FollowerState.java:run(117)) - e3697062-c193-48d1-b15e-d6b6b4dc6638@group-BD7A3B63C209-FollowerState was interrupted: java.lang.InterruptedException: sleep interrupted
2019-10-17 01:10:30,925 [grpc-default-executor-5] INFO  impl.RaftServerImpl (RaftServerImpl.java:setRole(184)) - a10aa3ca-3ab2-4d87-9bc7-0d045ec2b4ce@group-BD7A3B63C209: changes role from  FOLLOWER to FOLLOWER at term 26 for recognizeCandidate:ee6ff355-4f2c-4ff1-aa68-7ca64f6b5439
2019-10-17 01:10:30,925 [grpc-default-executor-5] INFO  impl.RoleInfo (RoleInfo.java:shutdownFollowerState(121)) - a10aa3ca-3ab2-4d87-9bc7-0d045ec2b4ce: shutdown FollowerState
2019-10-17 01:10:30,925 [grpc-default-executor-5] INFO  impl.RoleInfo (RoleInfo.java:updateAndGet(143)) - a10aa3ca-3ab2-4d87-9bc7-0d045ec2b4ce: start FollowerState
2019-10-17 01:10:30,925 [Thread-765] INFO  impl.FollowerState (FollowerState.java:run(117)) - a10aa3ca-3ab2-4d87-9bc7-0d045ec2b4ce@group-BD7A3B63C209-FollowerState was interrupted: java.lang.InterruptedException: sleep interrupted
2019-10-17 01:10:30,926 [ee6ff355-4f2c-4ff1-aa68-7ca64f6b5439@group-BD7A3B63C209-LeaderElection36] INFO  impl.LeaderElection (LeaderElection.java:askForVotes(178)) - ee6ff355-4f2c-4ff1-aa68-7ca64f6b5439@group-BD7A3B63C209-LeaderElection36: begin an election at term 27 for 0: [ee6ff355-4f2c-4ff1-aa68-7ca64f6b5439:192.168.157.194:37608, e3697062-c193-48d1-b15e-d6b6b4dc6638:192.168.157.194:40986, a10aa3ca-3ab2-4d87-9bc7-0d045ec2b4ce:192.168.157.194:36577], old=null
2019-10-17 01:10:30,927 [Thread-773] INFO  impl.FollowerState (FollowerState.java:run(108)) - e3697062-c193-48d1-b15e-d6b6b4dc6638@group-5DF6529D38A3-FollowerState: change to CANDIDATE, lastRpcTime:31ms, electionTimeout:31ms
2019-10-17 01:10:30,927 [Thread-773] INFO  impl.RoleInfo (RoleInfo.java:shutdownFollowerState(121)) - e3697062-c193-48d1-b15e-d6b6b4dc6638: shutdown FollowerState
2019-10-17 01:10:30,927 [Thread-773] INFO  impl.RaftServerImpl (RaftServerImpl.java:setRole(184)) - e3697062-c193-48d1-b15e-d6b6b4dc6638@group-5DF6529D38A3: changes role from  FOLLOWER to CANDIDATE at term 8 for changeToCandidate
2019-10-17 01:10:30,927 [Thread-773] INFO  impl.RoleInfo (RoleInfo.java:updateAndGet(143)) - e3697062-c193-48d1-b15e-d6b6b4dc6638: start LeaderElection
2019-10-17 01:10:30,938 [grpc-default-executor-0] INFO  impl.RaftServerImpl (RaftServerImpl.java:setRole(184)) - e3697062-c193-48d1-b15e-d6b6b4dc6638@group-BD7A3B63C209: changes role from  FOLLOWER to FOLLOWER at term 27 for recognizeCandidate:ee6ff355-4f2c-4ff1-aa68-7ca64f6b5439
2019-10-17 01:10:30,938 [grpc-default-executor-6] INFO  impl.RaftServerImpl (RaftServerImpl.java:setRole(184)) - a10aa3ca-3ab2-4d87-9bc7-0d045ec2b4ce@group-BD7A3B63C209: changes role from  FOLLOWER to FOLLOWER at term 27 for recognizeCandidate:ee6ff355-4f2c-4ff1-aa68-7ca64f6b5439
2019-10-17 01:10:30,938 [grpc-default-executor-0] INFO  impl.RoleInfo (RoleInfo.java:shutdownFollowerState(121)) - e3697062-c193-48d1-b15e-d6b6b4dc6638: shutdown FollowerState
2019-10-17 01:10:30,938 [grpc-default-executor-6] INFO  impl.RoleInfo (RoleInfo.java:shutdownFollowerState(121)) - a10aa3ca-3ab2-4d87-9bc7-0d045ec2b4ce: shutdown FollowerState
2019-10-17 01:10:30,938 [Thread-777] INFO  impl.FollowerState (FollowerState.java:run(117)) - e3697062-c193-48d1-b15e-d6b6b4dc6638@group-BD7A3B63C209-FollowerState was interrupted: java.lang.InterruptedException: sleep interrupted
2019-10-17 01:10:30,938 [grpc-default-executor-0] INFO  impl.RoleInfo (RoleInfo.java:updateAndGet(143)) - e3697062-c193-48d1-b15e-d6b6b4dc6638: start FollowerState
2019-10-17 01:10:30,939 [grpc-default-executor-6] INFO  impl.RoleInfo (RoleInfo.java:updateAndGet(143)) - a10aa3ca-3ab2-4d87-9bc7-0d045ec2b4ce: start FollowerState
2019-10-17 01:10:30,938 [Thread-778] INFO  impl.FollowerState (FollowerState.java:run(117)) - a10aa3ca-3ab2-4d87-9bc7-0d045ec2b4ce@group-BD7A3B63C209-FollowerState was interrupted: java.lang.InterruptedException: sleep interrupted
2019-10-17 01:10:30,940 [e3697062-c193-48d1-b15e-d6b6b4dc6638@group-5DF6529D38A3-LeaderElection37] INFO  impl.LeaderElection (LeaderElection.java:askForVotes(178)) - e3697062-c193-48d1-b15e-d6b6b4dc6638@group-5DF6529D38A3-LeaderElection37: begin an election at term 9 for -1: [ee6ff355-4f2c-4ff1-aa68-7ca64f6b5439:192.168.157.194:37608, e3697062-c193-48d1-b15e-d6b6b4dc6638:192.168.157.194:40986, a10aa3ca-3ab2-4d87-9bc7-0d045ec2b4ce:192.168.157.194:36577], old=null
2019-10-17 01:10:30,942 [grpc-default-executor-5] INFO  impl.RaftServerImpl (RaftServerImpl.java:setRole(184)) - ee6ff355-4f2c-4ff1-aa68-7ca64f6b5439@group-5DF6529D38A3: changes role from  FOLLOWER to FOLLOWER at term 9 for recognizeCandidate:e3697062-c193-48d1-b15e-d6b6b4dc6638
2019-10-17 01:10:30,942 [grpc-default-executor-5] INFO  impl.RoleInfo (RoleInfo.java:shutdownFollowerState(121)) - ee6ff355-4f2c-4ff1-aa68-7ca64f6b5439: shutdown FollowerState
2019-10-17 01:10:30,942 [grpc-default-executor-1] INFO  impl.RaftServerImpl (RaftServerImpl.java:setRole(184)) - a10aa3ca-3ab2-4d87-9bc7-0d045ec2b4ce@group-5DF6529D38A3: changes role from  FOLLOWER to FOLLOWER at term 9 for recognizeCandidate:e3697062-c193-48d1-b15e-d6b6b4dc6638
2019-10-17 01:10:30,942 [grpc-default-executor-5] INFO  impl.RoleInfo (RoleInfo.java:updateAndGet(143)) - ee6ff355-4f2c-4ff1-aa68-7ca64f6b5439: start FollowerState
2019-10-17 01:10:30,942 [Thread-771] INFO  impl.FollowerState (FollowerState.java:run(117)) - ee6ff355-4f2c-4ff1-aa68-7ca64f6b5439@group-5DF6529D38A3-FollowerState was interrupted: java.lang.InterruptedException: sleep interrupted
2019-10-17 01:10:30,942 [grpc-default-executor-1] INFO  impl.RoleInfo (RoleInfo.java:shutdownFollowerState(121)) - a10aa3ca-3ab2-4d87-9bc7-0d045ec2b4ce: shutdown FollowerState
2019-10-17 01:10:30,942 [Thread-772] INFO  impl.FollowerState (FollowerState.java:run(117)) - a10aa3ca-3ab2-4d87-9bc7-0d045ec2b4ce@group-5DF6529D38A3-FollowerState was interrupted: java.lang.InterruptedException: sleep interrupted
2019-10-17 01:10:30,942 [grpc-default-executor-1] INFO  impl.RoleInfo (RoleInfo.java:updateAndGet(143)) - a10aa3ca-3ab2-4d87-9bc7-0d045ec2b4ce: start FollowerState
2019-10-17 01:10:30,944 [ee6ff355-4f2c-4ff1-aa68-7ca64f6b5439@group-BD7A3B63C209-LeaderElection36] INFO  impl.LeaderElection (LeaderElection.java:logAndReturn(56)) - ee6ff355-4f2c-4ff1-aa68-7ca64f6b5439@group-BD7A3B63C209-LeaderElection36: Election REJECTED; received 2 response(s) [ee6ff355-4f2c-4ff1-aa68-7ca64f6b5439<-e3697062-c193-48d1-b15e-d6b6b4dc6638#0:FAIL-t27, ee6ff355-4f2c-4ff1-aa68-7ca64f6b5439<-a10aa3ca-3ab2-4d87-9bc7-0d045ec2b4ce#0:FAIL-t27] and 0 exception(s); ee6ff355-4f2c-4ff1-aa68-7ca64f6b5439@group-BD7A3B63C209:t27, leader=null, voted=ee6ff355-4f2c-4ff1-aa68-7ca64f6b5439, raftlog=ee6ff355-4f2c-4ff1-aa68-7ca64f6b5439@group-BD7A3B63C209-SegmentedRaftLog:OPENED:c3,f4,i4, conf=0: [ee6ff355-4f2c-4ff1-aa68-7ca64f6b5439:192.168.157.194:37608, e3697062-c193-48d1-b15e-d6b6b4dc6638:192.168.157.194:40986, a10aa3ca-3ab2-4d87-9bc7-0d045ec2b4ce:192.168.157.194:36577], old=null
2019-10-17 01:10:30,944 [ee6ff355-4f2c-4ff1-aa68-7ca64f6b5439@group-BD7A3B63C209-LeaderElection36] INFO  impl.RaftServerImpl (RaftServerImpl.java:setRole(184)) - ee6ff355-4f2c-4ff1-aa68-7ca64f6b5439@group-BD7A3B63C209: changes role from CANDIDATE to FOLLOWER at term 27 for DISCOVERED_A_NEW_TERM
2019-10-17 01:10:30,944 [ee6ff355-4f2c-4ff1-aa68-7ca64f6b5439@group-BD7A3B63C209-LeaderElection36] INFO  impl.RoleInfo (RoleInfo.java:shutdownLeaderElection(134)) - ee6ff355-4f2c-4ff1-aa68-7ca64f6b5439: shutdown LeaderElection
2019-10-17 01:10:30,944 [ee6ff355-4f2c-4ff1-aa68-7ca64f6b5439@group-BD7A3B63C209-LeaderElection36] INFO  impl.RoleInfo (RoleInfo.java:updateAndGet(143)) - ee6ff355-4f2c-4ff1-aa68-7ca64f6b5439: start FollowerState
2019-10-17 01:10:30,957 [e3697062-c193-48d1-b15e-d6b6b4dc6638@group-5DF6529D38A3-LeaderElection37] INFO  impl.LeaderElection (LeaderElection.java:logAndReturn(56)) - e3697062-c193-48d1-b15e-d6b6b4dc6638@group-5DF6529D38A3-LeaderElection37: Election REJECTED; received 2 response(s) [e3697062-c193-48d1-b15e-d6b6b4dc6638<-ee6ff355-4f2c-4ff1-aa68-7ca64f6b5439#0:FAIL-t9, e3697062-c193-48d1-b15e-d6b6b4dc6638<-a10aa3ca-3ab2-4d87-9bc7-0d045ec2b4ce#0:FAIL-t9] and 0 exception(s); e3697062-c193-48d1-b15e-d6b6b4dc6638@group-5DF6529D38A3:t9, leader=null, voted=e3697062-c193-48d1-b15e-d6b6b4dc6638, raftlog=e3697062-c193-48d1-b15e-d6b6b4dc6638@group-5DF6529D38A3-SegmentedRaftLog:OPENED:c-1,f-1,i0, conf=-1: [ee6ff355-4f2c-4ff1-aa68-7ca64f6b5439:192.168.157.194:37608, e3697062-c193-48d1-b15e-d6b6b4dc6638:192.168.157.194:40986, a10aa3ca-3ab2-4d87-9bc7-0d045ec2b4ce:192.168.157.194:36577], old=null
2019-10-17 01:10:30,957 [e3697062-c193-48d1-b15e-d6b6b4dc6638@group-5DF6529D38A3-LeaderElection37] INFO  impl.RaftServerImpl (RaftServerImpl.java:setRole(184)) - e3697062-c193-48d1-b15e-d6b6b4dc6638@group-5DF6529D38A3: changes role from CANDIDATE to FOLLOWER at term 9 for DISCOVERED_A_NEW_TERM
2019-10-17 01:10:30,957 [e3697062-c193-48d1-b15e-d6b6b4dc6638@group-5DF6529D38A3-LeaderElection37] INFO  impl.RoleInfo (RoleInfo.java:shutdownLeaderElection(134)) - e3697062-c193-48d1-b15e-d6b6b4dc6638: shutdown LeaderElection
2019-10-17 01:10:30,957 [e3697062-c193-48d1-b15e-d6b6b4dc6638@group-5DF6529D38A3-LeaderElection37] INFO  impl.RoleInfo (RoleInfo.java:updateAndGet(143)) - e3697062-c193-48d1-b15e-d6b6b4dc6638: start FollowerState
2019-10-17 01:10:31,070 [Thread-788] INFO  impl.FollowerState (FollowerState.java:run(108)) - ee6ff355-4f2c-4ff1-aa68-7ca64f6b5439@group-BD7A3B63C209-FollowerState: change to CANDIDATE, lastRpcTime:125ms, electionTimeout:125ms
2019-10-17 01:10:31,070 [Thread-788] INFO  impl.RoleInfo (RoleInfo.java:shutdownFollowerState(121)) - ee6ff355-4f2c-4ff1-aa68-7ca64f6b5439: shutdown FollowerState
2019-10-17 01:10:31,070 [Thread-788] INFO  impl.RaftServerImpl (RaftServerImpl.java:setRole(184)) - ee6ff355-4f2c-4ff1-aa68-7ca64f6b5439@group-BD7A3B63C209: changes role from  FOLLOWER to CANDIDATE at term 27 for changeToCandidate
2019-10-17 01:10:31,070 [Thread-788] INFO  impl.RoleInfo (RoleInfo.java:updateAndGet(143)) - ee6ff355-4f2c-4ff1-aa68-7ca64f6b5439: start LeaderElection
2019-10-17 01:10:31,083 [ee6ff355-4f2c-4ff1-aa68-7ca64f6b5439@group-BD7A3B63C209-LeaderElection38] INFO  impl.LeaderElection (LeaderElection.java:askForVotes(178)) - ee6ff355-4f2c-4ff1-aa68-7ca64f6b5439@group-BD7A3B63C209-LeaderElection38: begin an election at term 28 for 0: [ee6ff355-4f2c-4ff1-aa68-7ca64f6b5439:192.168.157.194:37608, e3697062-c193-48d1-b15e-d6b6b4dc6638:192.168.157.194:40986, a10aa3ca-3ab2-4d87-9bc7-0d045ec2b4ce:192.168.157.194:36577], old=null
2019-10-17 01:10:31,086 [grpc-default-executor-1] INFO  impl.RaftServerImpl (RaftServerImpl.java:setRole(184)) - a10aa3ca-3ab2-4d87-9bc7-0d045ec2b4ce@group-BD7A3B63C209: changes role from  FOLLOWER to FOLLOWER at term 28 for recognizeCandidate:ee6ff355-4f2c-4ff1-aa68-7ca64f6b5439
2019-10-17 01:10:31,086 [grpc-default-executor-1] INFO  impl.RoleInfo (RoleInfo.java:shutdownFollowerState(121)) - a10aa3ca-3ab2-4d87-9bc7-0d045ec2b4ce: shutdown FollowerState
2019-10-17 01:10:31,086 [grpc-default-executor-5] INFO  impl.RaftServerImpl (RaftServerImpl.java:setRole(184)) - e3697062-c193-48d1-b15e-d6b6b4dc6638@group-BD7A3B63C209: changes role from  FOLLOWER to FOLLOWER at term 28 for recognizeCandidate:ee6ff355-4f2c-4ff1-aa68-7ca64f6b5439
2019-10-17 01:10:31,086 [Thread-783] INFO  impl.FollowerState (FollowerState.java:run(117)) - a10aa3ca-3ab2-4d87-9bc7-0d045ec2b4ce@group-BD7A3B63C209-FollowerState was interrupted: java.lang.InterruptedException: sleep interrupted
2019-10-17 01:10:31,086 [grpc-default-executor-1] INFO  impl.RoleInfo (RoleInfo.java:updateAndGet(143)) - a10aa3ca-3ab2-4d87-9bc7-0d045ec2b4ce: start FollowerState
2019-10-17 01:10:31,086 [grpc-default-executor-5] INFO  impl.RoleInfo (RoleInfo.java:shutdownFollowerState(121)) - e3697062-c193-48d1-b15e-d6b6b4dc6638: shutdown FollowerState
2019-10-17 01:10:31,087 [Thread-782] INFO  impl.FollowerState (FollowerState.java:run(117)) - e3697062-c193-48d1-b15e-d6b6b4dc6638@group-BD7A3B63C209-FollowerState was interrupted: java.lang.InterruptedException: sleep interrupted
2019-10-17 01:10:31,087 [grpc-default-executor-5] INFO  impl.RoleInfo (RoleInfo.java:updateAndGet(143)) - e3697062-c193-48d1-b15e-d6b6b4dc6638: start FollowerState
2019-10-17 01:10:31,099 [ee6ff355-4f2c-4ff1-aa68-7ca64f6b5439@group-BD7A3B63C209-LeaderElection38] INFO  impl.LeaderElection (LeaderElection.java:logAndReturn(56)) - ee6ff355-4f2c-4ff1-aa68-7ca64f6b5439@group-BD7A3B63C209-LeaderElection38: Election REJECTED; received 2 response(s) [ee6ff355-4f2c-4ff1-aa68-7ca64f6b5439<-e3697062-c193-48d1-b15e-d6b6b4dc6638#0:FAIL-t28, ee6ff355-4f2c-4ff1-aa68-7ca64f6b5439<-a10aa3ca-3ab2-4d87-9bc7-0d045ec2b4ce#0:FAIL-t28] and 0 exception(s); ee6ff355-4f2c-4ff1-aa68-7ca64f6b5439@group-BD7A3B63C209:t28, leader=null, voted=ee6ff355-4f2c-4ff1-aa68-7ca64f6b5439, raftlog=ee6ff355-4f2c-4ff1-aa68-7ca64f6b5439@group-BD7A3B63C209-SegmentedRaftLog:OPENED:c3,f4,i4, conf=0: [ee6ff355-4f2c-4ff1-aa68-7ca64f6b5439:192.168.157.194:37608, e3697062-c193-48d1-b15e-d6b6b4dc6638:192.168.157.194:40986, a10aa3ca-3ab2-4d87-9bc7-0d045ec2b4ce:192.168.157.194:36577], old=null
2019-10-17 01:10:31,100 [ee6ff355-4f2c-4ff1-aa68-7ca64f6b5439@group-BD7A3B63C209-LeaderElection38] INFO  impl.RaftServerImpl (RaftServerImpl.java:setRole(184)) - ee6ff355-4f2c-4ff1-aa68-7ca64f6b5439@group-BD7A3B63C209: changes role from CANDIDATE to FOLLOWER at term 28 for DISCOVERED_A_NEW_TERM
2019-10-17 01:10:31,100 [ee6ff355-4f2c-4ff1-aa68-7ca64f6b5439@group-BD7A3B63C209-LeaderElection38] INFO  impl.RoleInfo (RoleInfo.java:shutdownLeaderElection(134)) - ee6ff355-4f2c-4ff1-aa68-7ca64f6b5439: shutdown LeaderElection
2019-10-17 01:10:31,100 [ee6ff355-4f2c-4ff1-aa68-7ca64f6b5439@group-BD7A3B63C209-LeaderElection38] INFO  impl.RoleInfo (RoleInfo.java:updateAndGet(143)) - ee6ff355-4f2c-4ff1-aa68-7ca64f6b5439: start FollowerState
2019-10-17 01:10:31,143 [Thread-789] INFO  impl.FollowerState (FollowerState.java:run(108)) - e3697062-c193-48d1-b15e-d6b6b4dc6638@group-5DF6529D38A3-FollowerState: change to CANDIDATE, lastRpcTime:186ms, electionTimeout:186ms
2019-10-17 01:10:31,144 [Thread-789] INFO  impl.RoleInfo (RoleInfo.java:shutdownFollowerState(121)) - e3697062-c193-48d1-b15e-d6b6b4dc6638: shutdown FollowerState
2019-10-17 01:10:31,144 [Thread-789] INFO  impl.RaftServerImpl (RaftServerImpl.java:setRole(184)) - e3697062-c193-48d1-b15e-d6b6b4dc6638@group-5DF6529D38A3: changes role from  FOLLOWER to CANDIDATE at term 9 for changeToCandidate
2019-10-17 01:10:31,144 [Thread-789] INFO  impl.RoleInfo (RoleInfo.java:updateAndGet(143)) - e3697062-c193-48d1-b15e-d6b6b4dc6638: start LeaderElection
2019-10-17 01:10:31,159 [e3697062-c193-48d1-b15e-d6b6b4dc6638@group-5DF6529D38A3-LeaderElection39] INFO  impl.LeaderElection (LeaderElection.java:askForVotes(178)) - e3697062-c193-48d1-b15e-d6b6b4dc6638@group-5DF6529D38A3-LeaderElection39: begin an election at term 10 for -1: [ee6ff355-4f2c-4ff1-aa68-7ca64f6b5439:192.168.157.194:37608, e3697062-c193-48d1-b15e-d6b6b4dc6638:192.168.157.194:40986, a10aa3ca-3ab2-4d87-9bc7-0d045ec2b4ce:192.168.157.194:36577], old=null
2019-10-17 01:10:31,161 [grpc-default-executor-5] INFO  impl.RaftServerImpl (RaftServerImpl.java:setRole(184)) - ee6ff355-4f2c-4ff1-aa68-7ca64f6b5439@group-5DF6529D38A3: changes role from  FOLLOWER to FOLLOWER at term 10 for recognizeCandidate:e3697062-c193-48d1-b15e-d6b6b4dc6638
2019-10-17 01:10:31,162 [grpc-default-executor-5] INFO  impl.RoleInfo (RoleInfo.java:shutdownFollowerState(121)) - ee6ff355-4f2c-4ff1-aa68-7ca64f6b5439: shutdown FollowerState
2019-10-17 01:10:31,162 [grpc-default-executor-5] INFO  impl.RoleInfo (RoleInfo.java:updateAndGet(143)) - ee6ff355-4f2c-4ff1-aa68-7ca64f6b5439: start FollowerState
2019-10-17 01:10:31,162 [Thread-786] INFO  impl.FollowerState (FollowerState.java:run(117)) - ee6ff355-4f2c-4ff1-aa68-7ca64f6b5439@group-5DF6529D38A3-FollowerState was interrupted: java.lang.InterruptedException: sleep interrupted
2019-10-17 01:10:31,162 [grpc-default-executor-1] INFO  impl.RaftServerImpl (RaftServerImpl.java:setRole(184)) - a10aa3ca-3ab2-4d87-9bc7-0d045ec2b4ce@group-5DF6529D38A3: changes role from  FOLLOWER to FOLLOWER at term 10 for recognizeCandidate:e3697062-c193-48d1-b15e-d6b6b4dc6638
2019-10-17 01:10:31,162 [grpc-default-executor-1] INFO  impl.RoleInfo (RoleInfo.java:shutdownFollowerState(121)) - a10aa3ca-3ab2-4d87-9bc7-0d045ec2b4ce: shutdown FollowerState
2019-10-17 01:10:31,162 [Thread-787] INFO  impl.FollowerState (FollowerState.java:run(117)) - a10aa3ca-3ab2-4d87-9bc7-0d045ec2b4ce@group-5DF6529D38A3-FollowerState was interrupted: java.lang.InterruptedException: sleep interrupted
2019-10-17 01:10:31,162 [grpc-default-executor-1] INFO  impl.RoleInfo (RoleInfo.java:updateAndGet(143)) - a10aa3ca-3ab2-4d87-9bc7-0d045ec2b4ce: start FollowerState
2019-10-17 01:10:31,166 [Thread-795] INFO  impl.FollowerState (FollowerState.java:run(108)) - ee6ff355-4f2c-4ff1-aa68-7ca64f6b5439@group-BD7A3B63C209-FollowerState: change to CANDIDATE, lastRpcTime:66ms, electionTimeout:66ms
2019-10-17 01:10:31,167 [Thread-795] INFO  impl.RoleInfo (RoleInfo.java:shutdownFollowerState(121)) - ee6ff355-4f2c-4ff1-aa68-7ca64f6b5439: shutdown FollowerState
2019-10-17 01:10:31,167 [Thread-795] INFO  impl.RaftServerImpl (RaftServerImpl.java:setRole(184)) - ee6ff355-4f2c-4ff1-aa68-7ca64f6b5439@group-BD7A3B63C209: changes role from  FOLLOWER to CANDIDATE at term 28 for changeToCandidate
2019-10-17 01:10:31,167 [Thread-795] INFO  impl.RoleInfo (RoleInfo.java:updateAndGet(143)) - ee6ff355-4f2c-4ff1-aa68-7ca64f6b5439: start LeaderElection
2019-10-17 01:10:31,186 [ee6ff355-4f2c-4ff1-aa68-7ca64f6b5439@group-BD7A3B63C209-LeaderElection40] INFO  impl.LeaderElection (LeaderElection.java:askForVotes(178)) - ee6ff355-4f2c-4ff1-aa68-7ca64f6b5439@group-BD7A3B63C209-LeaderElection40: begin an election at term 29 for 0: [ee6ff355-4f2c-4ff1-aa68-7ca64f6b5439:192.168.157.194:37608, e3697062-c193-48d1-b15e-d6b6b4dc6638:192.168.157.194:40986, a10aa3ca-3ab2-4d87-9bc7-0d045ec2b4ce:192.168.157.194:36577], old=null
2019-10-17 01:10:31,187 [e3697062-c193-48d1-b15e-d6b6b4dc6638@group-5DF6529D38A3-LeaderElection39] INFO  impl.LeaderElection (LeaderElection.java:logAndReturn(56)) - e3697062-c193-48d1-b15e-d6b6b4dc6638@group-5DF6529D38A3-LeaderElection39: Election REJECTED; received 2 response(s) [e3697062-c193-48d1-b15e-d6b6b4dc6638<-ee6ff355-4f2c-4ff1-aa68-7ca64f6b5439#0:FAIL-t10, e3697062-c193-48d1-b15e-d6b6b4dc6638<-a10aa3ca-3ab2-4d87-9bc7-0d045ec2b4ce#0:FAIL-t10] and 0 exception(s); e3697062-c193-48d1-b15e-d6b6b4dc6638@group-5DF6529D38A3:t10, leader=null, voted=e3697062-c193-48d1-b15e-d6b6b4dc6638, raftlog=e3697062-c193-48d1-b15e-d6b6b4dc6638@group-5DF6529D38A3-SegmentedRaftLog:OPENED:c-1,f-1,i0, conf=-1: [ee6ff355-4f2c-4ff1-aa68-7ca64f6b5439:192.168.157.194:37608, e3697062-c193-48d1-b15e-d6b6b4dc6638:192.168.157.194:40986, a10aa3ca-3ab2-4d87-9bc7-0d045ec2b4ce:192.168.157.194:36577], old=null
2019-10-17 01:10:31,187 [e3697062-c193-48d1-b15e-d6b6b4dc6638@group-5DF6529D38A3-LeaderElection39] INFO  impl.RaftServerImpl (RaftServerImpl.java:setRole(184)) - e3697062-c193-48d1-b15e-d6b6b4dc6638@group-5DF6529D38A3: changes role from CANDIDATE to FOLLOWER at term 10 for DISCOVERED_A_NEW_TERM
2019-10-17 01:10:31,187 [e3697062-c193-48d1-b15e-d6b6b4dc6638@group-5DF6529D38A3-LeaderElection39] INFO  impl.RoleInfo (RoleInfo.java:shutdownLeaderElection(134)) - e3697062-c193-48d1-b15e-d6b6b4dc6638: shutdown LeaderElection
2019-10-17 01:10:31,187 [e3697062-c193-48d1-b15e-d6b6b4dc6638@group-5DF6529D38A3-LeaderElection39] INFO  impl.RoleInfo (RoleInfo.java:updateAndGet(143)) - e3697062-c193-48d1-b15e-d6b6b4dc6638: start FollowerState
2019-10-17 01:10:31,189 [grpc-default-executor-5] INFO  impl.RaftServerImpl (RaftServerImpl.java:setRole(184)) - e3697062-c193-48d1-b15e-d6b6b4dc6638@group-BD7A3B63C209: changes role from  FOLLOWER to FOLLOWER at term 29 for recognizeCandidate:ee6ff355-4f2c-4ff1-aa68-7ca64f6b5439
2019-10-17 01:10:31,189 [grpc-default-executor-1] INFO  impl.RaftServerImpl (RaftServerImpl.java:setRole(184)) - a10aa3ca-3ab2-4d87-9bc7-0d045ec2b4ce@group-BD7A3B63C209: changes role from  FOLLOWER to FOLLOWER at term 29 for recognizeCandidate:ee6ff355-4f2c-4ff1-aa68-7ca64f6b5439
2019-10-17 01:10:31,189 [grpc-default-executor-5] INFO  impl.RoleInfo (RoleInfo.java:shutdownFollowerState(121)) - e3697062-c193-48d1-b15e-d6b6b4dc6638: shutdown FollowerState
2019-10-17 01:10:31,189 [grpc-default-executor-1] INFO  impl.RoleInfo (RoleInfo.java:shutdownFollowerState(121)) - a10aa3ca-3ab2-4d87-9bc7-0d045ec2b4ce: shutdown FollowerState
2019-10-17 01:10:31,189 [Thread-794] INFO  impl.FollowerState (FollowerState.java:run(117)) - e3697062-c193-48d1-b15e-d6b6b4dc6638@group-BD7A3B63C209-FollowerState was interrupted: java.lang.InterruptedException: sleep interrupted
2019-10-17 01:10:31,189 [grpc-default-executor-5] INFO  impl.RoleInfo (RoleInfo.java:updateAndGet(143)) - e3697062-c193-48d1-b15e-d6b6b4dc6638: start FollowerState
2019-10-17 01:10:31,189 [grpc-default-executor-1] INFO  impl.RoleInfo (RoleInfo.java:updateAndGet(143)) - a10aa3ca-3ab2-4d87-9bc7-0d045ec2b4ce: start FollowerState
2019-10-17 01:10:31,189 [Thread-793] INFO  impl.FollowerState (FollowerState.java:run(117)) - a10aa3ca-3ab2-4d87-9bc7-0d045ec2b4ce@group-BD7A3B63C209-FollowerState was interrupted: java.lang.InterruptedException: sleep interrupted
2019-10-17 01:10:31,206 [ee6ff355-4f2c-4ff1-aa68-7ca64f6b5439@group-BD7A3B63C209-LeaderElection40] INFO  impl.LeaderElection (LeaderElection.java:logAndReturn(56)) - ee6ff355-4f2c-4ff1-aa68-7ca64f6b5439@group-BD7A3B63C209-LeaderElection40: Election REJECTED; received 2 response(s) [ee6ff355-4f2c-4ff1-aa68-7ca64f6b5439<-e3697062-c193-48d1-b15e-d6b6b4dc6638#0:FAIL-t29, ee6ff355-4f2c-4ff1-aa68-7ca64f6b5439<-a10aa3ca-3ab2-4d87-9bc7-0d045ec2b4ce#0:FAIL-t29] and 0 exception(s); ee6ff355-4f2c-4ff1-aa68-7ca64f6b5439@group-BD7A3B63C209:t29, leader=null, voted=ee6ff355-4f2c-4ff1-aa68-7ca64f6b5439, raftlog=ee6ff355-4f2c-4ff1-aa68-7ca64f6b5439@group-BD7A3B63C209-SegmentedRaftLog:OPENED:c3,f4,i4, conf=0: [ee6ff355-4f2c-4ff1-aa68-7ca64f6b5439:192.168.157.194:37608, e3697062-c193-48d1-b15e-d6b6b4dc6638:192.168.157.194:40986, a10aa3ca-3ab2-4d87-9bc7-0d045ec2b4ce:192.168.157.194:36577], old=null
2019-10-17 01:10:31,206 [ee6ff355-4f2c-4ff1-aa68-7ca64f6b5439@group-BD7A3B63C209-LeaderElection40] INFO  impl.RaftServerImpl (RaftServerImpl.java:setRole(184)) - ee6ff355-4f2c-4ff1-aa68-7ca64f6b5439@group-BD7A3B63C209: changes role from CANDIDATE to FOLLOWER at term 29 for DISCOVERED_A_NEW_TERM
2019-10-17 01:10:31,206 [ee6ff355-4f2c-4ff1-aa68-7ca64f6b5439@group-BD7A3B63C209-LeaderElection40] INFO  impl.RoleInfo (RoleInfo.java:shutdownLeaderElection(134)) - ee6ff355-4f2c-4ff1-aa68-7ca64f6b5439: shutdown LeaderElection
2019-10-17 01:10:31,206 [ee6ff355-4f2c-4ff1-aa68-7ca64f6b5439@group-BD7A3B63C209-LeaderElection40] INFO  impl.RoleInfo (RoleInfo.java:updateAndGet(143)) - ee6ff355-4f2c-4ff1-aa68-7ca64f6b5439: start FollowerState
2019-10-17 01:10:31,258 [Thread-804] INFO  impl.FollowerState (FollowerState.java:run(108)) - e3697062-c193-48d1-b15e-d6b6b4dc6638@group-5DF6529D38A3-FollowerState: change to CANDIDATE, lastRpcTime:70ms, electionTimeout:70ms
2019-10-17 01:10:31,258 [Thread-804] INFO  impl.RoleInfo (RoleInfo.java:shutdownFollowerState(121)) - e3697062-c193-48d1-b15e-d6b6b4dc6638: shutdown FollowerState
2019-10-17 01:10:31,258 [Thread-804] INFO  impl.RaftServerImpl (RaftServerImpl.java:setRole(184)) - e3697062-c193-48d1-b15e-d6b6b4dc6638@group-5DF6529D38A3: changes role from  FOLLOWER to CANDIDATE at term 10 for changeToCandidate
2019-10-17 01:10:31,258 [Thread-804] INFO  impl.RoleInfo (RoleInfo.java:updateAndGet(143)) - e3697062-c193-48d1-b15e-d6b6b4dc6638: start LeaderElection
2019-10-17 01:10:31,279 [Thread-807] INFO  impl.FollowerState (FollowerState.java:run(108)) - ee6ff355-4f2c-4ff1-aa68-7ca64f6b5439@group-BD7A3B63C209-FollowerState: change to CANDIDATE, lastRpcTime:72ms, electionTimeout:72ms
2019-10-17 01:10:31,279 [e3697062-c193-48d1-b15e-d6b6b4dc6638@group-5DF6529D38A3-LeaderElection41] INFO  impl.LeaderElection (LeaderElection.java:askForVotes(178)) - e3697062-c193-48d1-b15e-d6b6b4dc6638@group-5DF6529D38A3-LeaderElection41: begin an election at term 11 for -1: [ee6ff355-4f2c-4ff1-aa68-7ca64f6b5439:192.168.157.194:37608, e3697062-c193-48d1-b15e-d6b6b4dc6638:192.168.157.194:40986, a10aa3ca-3ab2-4d87-9bc7-0d045ec2b4ce:192.168.157.194:36577], old=null
2019-10-17 01:10:31,279 [Thread-807] INFO  impl.RoleInfo (RoleInfo.java:shutdownFollowerState(121)) - ee6ff355-4f2c-4ff1-aa68-7ca64f6b5439: shutdown FollowerState
2019-10-17 01:10:31,279 [Thread-807] INFO  impl.RaftServerImpl (RaftServerImpl.java:setRole(184)) - ee6ff355-4f2c-4ff1-aa68-7ca64f6b5439@group-BD7A3B63C209: changes role from  FOLLOWER to CANDIDATE at term 29 for changeToCandidate
2019-10-17 01:10:31,279 [Thread-807] INFO  impl.RoleInfo (RoleInfo.java:updateAndGet(143)) - ee6ff355-4f2c-4ff1-aa68-7ca64f6b5439: start LeaderElection
2019-10-17 01:10:31,281 [grpc-default-executor-1] INFO  impl.RaftServerImpl (RaftServerImpl.java:setRole(184)) - ee6ff355-4f2c-4ff1-aa68-7ca64f6b5439@group-5DF6529D38A3: changes role from  FOLLOWER to FOLLOWER at term 11 for recognizeCandidate:e3697062-c193-48d1-b15e-d6b6b4dc6638
2019-10-17 01:10:31,281 [grpc-default-executor-5] INFO  impl.RaftServerImpl (RaftServerImpl.java:setRole(184)) - a10aa3ca-3ab2-4d87-9bc7-0d045ec2b4ce@group-5DF6529D38A3: changes role from  FOLLOWER to FOLLOWER at term 11 for recognizeCandidate:e3697062-c193-48d1-b15e-d6b6b4dc6638
2019-10-17 01:10:31,282 [grpc-default-executor-1] INFO  impl.RoleInfo (RoleInfo.java:shutdownFollowerState(121)) - ee6ff355-4f2c-4ff1-aa68-7ca64f6b5439: shutdown FollowerState
2019-10-17 01:10:31,282 [grpc-default-executor-5] INFO  impl.RoleInfo (RoleInfo.java:shutdownFollowerState(121)) - a10aa3ca-3ab2-4d87-9bc7-0d045ec2b4ce: shutdown FollowerState
2019-10-17 01:10:31,282 [Thread-799] INFO  impl.FollowerState (FollowerState.java:run(117)) - ee6ff355-4f2c-4ff1-aa68-7ca64f6b5439@group-5DF6529D38A3-FollowerState was interrupted: java.lang.InterruptedException: sleep interrupted
2019-10-17 01:10:31,282 [grpc-default-executor-1] INFO  impl.RoleInfo (RoleInfo.java:updateAndGet(143)) - ee6ff355-4f2c-4ff1-aa68-7ca64f6b5439: start FollowerState
2019-10-17 01:10:31,282 [Thread-800] INFO  impl.FollowerState (FollowerState.java:run(117)) - a10aa3ca-3ab2-4d87-9bc7-0d045ec2b4ce@group-5DF6529D38A3-FollowerState was interrupted: java.lang.InterruptedException: sleep interrupted
2019-10-17 01:10:31,282 [grpc-default-executor-5] INFO  impl.RoleInfo (RoleInfo.java:updateAndGet(143)) - a10aa3ca-3ab2-4d87-9bc7-0d045ec2b4ce: start FollowerState
2019-10-17 01:10:31,296 [ee6ff355-4f2c-4ff1-aa68-7ca64f6b5439@group-BD7A3B63C209-LeaderElection42] INFO  impl.LeaderElection (LeaderElection.java:askForVotes(178)) - ee6ff355-4f2c-4ff1-aa68-7ca64f6b5439@group-BD7A3B63C209-LeaderElection42: begin an election at term 30 for 0: [ee6ff355-4f2c-4ff1-aa68-7ca64f6b5439:192.168.157.194:37608, e3697062-c193-48d1-b15e-d6b6b4dc6638:192.168.157.194:40986, a10aa3ca-3ab2-4d87-9bc7-0d045ec2b4ce:192.168.157.194:36577], old=null
2019-10-17 01:10:31,297 [BlockDeletingService#2] WARN  background.BlockDeletingService (BlockDeletingService.java:isDeletionAllowed(187)) - Close Container log Index 6 is not replicated across allthe servers in the pipeline 968e2a2f-54bd-4eee-95a8-bd7a3b63c209 as the min replicated index is 4. Deletion is not allowed in this container yet.
2019-10-17 01:10:31,297 [BlockDeletingService#2] WARN  background.BlockDeletingService (BlockDeletingService.java:isDeletionAllowed(187)) - Close Container log Index 6 is not replicated across allthe servers in the pipeline 968e2a2f-54bd-4eee-95a8-bd7a3b63c209 as the min replicated index is 4. Deletion is not allowed in this container yet.
2019-10-17 01:10:31,297 [e3697062-c193-48d1-b15e-d6b6b4dc6638@group-5DF6529D38A3-LeaderElection41] INFO  impl.LeaderElection (LeaderElection.java:logAndReturn(56)) - e3697062-c193-48d1-b15e-d6b6b4dc6638@group-5DF6529D38A3-LeaderElection41: Election REJECTED; received 2 response(s) [e3697062-c193-48d1-b15e-d6b6b4dc6638<-ee6ff355-4f2c-4ff1-aa68-7ca64f6b5439#0:FAIL-t11, e3697062-c193-48d1-b15e-d6b6b4dc6638<-a10aa3ca-3ab2-4d87-9bc7-0d045ec2b4ce#0:FAIL-t11] and 0 exception(s); e3697062-c193-48d1-b15e-d6b6b4dc6638@group-5DF6529D38A3:t11, leader=null, voted=e3697062-c193-48d1-b15e-d6b6b4dc6638, raftlog=e3697062-c193-48d1-b15e-d6b6b4dc6638@group-5DF6529D38A3-SegmentedRaftLog:OPENED:c-1,f-1,i0, conf=-1: [ee6ff355-4f2c-4ff1-aa68-7ca64f6b5439:192.168.157.194:37608, e3697062-c193-48d1-b15e-d6b6b4dc6638:192.168.157.194:40986, a10aa3ca-3ab2-4d87-9bc7-0d045ec2b4ce:192.168.157.194:36577], old=null
2019-10-17 01:10:31,298 [e3697062-c193-48d1-b15e-d6b6b4dc6638@group-5DF6529D38A3-LeaderElection41] INFO  impl.RaftServerImpl (RaftServerImpl.java:setRole(184)) - e3697062-c193-48d1-b15e-d6b6b4dc6638@group-5DF6529D38A3: changes role from CANDIDATE to FOLLOWER at term 11 for DISCOVERED_A_NEW_TERM
2019-10-17 01:10:31,298 [e3697062-c193-48d1-b15e-d6b6b4dc6638@group-5DF6529D38A3-LeaderElection41] INFO  impl.RoleInfo (RoleInfo.java:shutdownLeaderElection(134)) - e3697062-c193-48d1-b15e-d6b6b4dc6638: shutdown LeaderElection
2019-10-17 01:10:31,298 [e3697062-c193-48d1-b15e-d6b6b4dc6638@group-5DF6529D38A3-LeaderElection41] INFO  impl.RoleInfo (RoleInfo.java:updateAndGet(143)) - e3697062-c193-48d1-b15e-d6b6b4dc6638: start FollowerState
2019-10-17 01:10:31,298 [grpc-default-executor-1] INFO  impl.RaftServerImpl (RaftServerImpl.java:setRole(184)) - e3697062-c193-48d1-b15e-d6b6b4dc6638@group-BD7A3B63C209: changes role from  FOLLOWER to FOLLOWER at term 30 for recognizeCandidate:ee6ff355-4f2c-4ff1-aa68-7ca64f6b5439
2019-10-17 01:10:31,298 [grpc-default-executor-1] INFO  impl.RoleInfo (RoleInfo.java:shutdownFollowerState(121)) - e3697062-c193-48d1-b15e-d6b6b4dc6638: shutdown FollowerState
2019-10-17 01:10:31,299 [grpc-default-executor-1] INFO  impl.RoleInfo (RoleInfo.java:updateAndGet(143)) - e3697062-c193-48d1-b15e-d6b6b4dc6638: start FollowerState
2019-10-17 01:10:31,299 [Thread-805] INFO  impl.FollowerState (FollowerState.java:run(117)) - e3697062-c193-48d1-b15e-d6b6b4dc6638@group-BD7A3B63C209-FollowerState was interrupted: java.lang.InterruptedException: sleep interrupted
2019-10-17 01:10:31,299 [grpc-default-executor-5] INFO  impl.RaftServerImpl (RaftServerImpl.java:setRole(184)) - a10aa3ca-3ab2-4d87-9bc7-0d045ec2b4ce@group-BD7A3B63C209: changes role from  FOLLOWER to FOLLOWER at term 30 for recognizeCandidate:ee6ff355-4f2c-4ff1-aa68-7ca64f6b5439
2019-10-17 01:10:31,299 [grpc-default-executor-5] INFO  impl.RoleInfo (RoleInfo.java:shutdownFollowerState(121)) - a10aa3ca-3ab2-4d87-9bc7-0d045ec2b4ce: shutdown FollowerState
2019-10-17 01:10:31,299 [grpc-default-executor-5] INFO  impl.RoleInfo (RoleInfo.java:updateAndGet(143)) - a10aa3ca-3ab2-4d87-9bc7-0d045ec2b4ce: start FollowerState
2019-10-17 01:10:31,299 [Thread-806] INFO  impl.FollowerState (FollowerState.java:run(117)) - a10aa3ca-3ab2-4d87-9bc7-0d045ec2b4ce@group-BD7A3B63C209-FollowerState was interrupted: java.lang.InterruptedException: sleep interrupted
2019-10-17 01:10:31,313 [ee6ff355-4f2c-4ff1-aa68-7ca64f6b5439@group-BD7A3B63C209-LeaderElection42] INFO  impl.LeaderElection (LeaderElection.java:logAndReturn(56)) - ee6ff355-4f2c-4ff1-aa68-7ca64f6b5439@group-BD7A3B63C209-LeaderElection42: Election REJECTED; received 2 response(s) [ee6ff355-4f2c-4ff1-aa68-7ca64f6b5439<-e3697062-c193-48d1-b15e-d6b6b4dc6638#0:FAIL-t30, ee6ff355-4f2c-4ff1-aa68-7ca64f6b5439<-a10aa3ca-3ab2-4d87-9bc7-0d045ec2b4ce#0:FAIL-t30] and 0 exception(s); ee6ff355-4f2c-4ff1-aa68-7ca64f6b5439@group-BD7A3B63C209:t30, leader=null, voted=ee6ff355-4f2c-4ff1-aa68-7ca64f6b5439, raftlog=ee6ff355-4f2c-4ff1-aa68-7ca64f6b5439@group-BD7A3B63C209-SegmentedRaftLog:OPENED:c3,f4,i4, conf=0: [ee6ff355-4f2c-4ff1-aa68-7ca64f6b5439:192.168.157.194:37608, e3697062-c193-48d1-b15e-d6b6b4dc6638:192.168.157.194:40986, a10aa3ca-3ab2-4d87-9bc7-0d045ec2b4ce:192.168.157.194:36577], old=null
2019-10-17 01:10:31,313 [ee6ff355-4f2c-4ff1-aa68-7ca64f6b5439@group-BD7A3B63C209-LeaderElection42] INFO  impl.RaftServerImpl (RaftServerImpl.java:setRole(184)) - ee6ff355-4f2c-4ff1-aa68-7ca64f6b5439@group-BD7A3B63C209: changes role from CANDIDATE to FOLLOWER at term 30 for DISCOVERED_A_NEW_TERM
2019-10-17 01:10:31,314 [ee6ff355-4f2c-4ff1-aa68-7ca64f6b5439@group-BD7A3B63C209-LeaderElection42] INFO  impl.RoleInfo (RoleInfo.java:shutdownLeaderElection(134)) - ee6ff355-4f2c-4ff1-aa68-7ca64f6b5439: shutdown LeaderElection
2019-10-17 01:10:31,314 [ee6ff355-4f2c-4ff1-aa68-7ca64f6b5439@group-BD7A3B63C209-LeaderElection42] INFO  impl.RoleInfo (RoleInfo.java:updateAndGet(143)) - ee6ff355-4f2c-4ff1-aa68-7ca64f6b5439: start FollowerState
2019-10-17 01:10:31,450 [Thread-818] INFO  impl.FollowerState (FollowerState.java:run(108)) - e3697062-c193-48d1-b15e-d6b6b4dc6638@group-5DF6529D38A3-FollowerState: change to CANDIDATE, lastRpcTime:152ms, electionTimeout:152ms
2019-10-17 01:10:31,451 [Thread-818] INFO  impl.RoleInfo (RoleInfo.java:shutdownFollowerState(121)) - e3697062-c193-48d1-b15e-d6b6b4dc6638: shutdown FollowerState
2019-10-17 01:10:31,451 [Thread-818] INFO  impl.RaftServerImpl (RaftServerImpl.java:setRole(184)) - e3697062-c193-48d1-b15e-d6b6b4dc6638@group-5DF6529D38A3: changes role from  FOLLOWER to CANDIDATE at term 11 for changeToCandidate
2019-10-17 01:10:31,451 [Thread-818] INFO  impl.RoleInfo (RoleInfo.java:updateAndGet(143)) - e3697062-c193-48d1-b15e-d6b6b4dc6638: start LeaderElection
2019-10-17 01:10:31,465 [e3697062-c193-48d1-b15e-d6b6b4dc6638@group-5DF6529D38A3-LeaderElection43] INFO  impl.LeaderElection (LeaderElection.java:askForVotes(178)) - e3697062-c193-48d1-b15e-d6b6b4dc6638@group-5DF6529D38A3-LeaderElection43: begin an election at term 12 for -1: [ee6ff355-4f2c-4ff1-aa68-7ca64f6b5439:192.168.157.194:37608, e3697062-c193-48d1-b15e-d6b6b4dc6638:192.168.157.194:40986, a10aa3ca-3ab2-4d87-9bc7-0d045ec2b4ce:192.168.157.194:36577], old=null
2019-10-17 01:10:31,468 [grpc-default-executor-5] INFO  impl.RaftServerImpl (RaftServerImpl.java:setRole(184)) - a10aa3ca-3ab2-4d87-9bc7-0d045ec2b4ce@group-5DF6529D38A3: changes role from  FOLLOWER to FOLLOWER at term 12 for recognizeCandidate:e3697062-c193-48d1-b15e-d6b6b4dc6638
2019-10-17 01:10:31,468 [grpc-default-executor-5] INFO  impl.RoleInfo (RoleInfo.java:shutdownFollowerState(121)) - a10aa3ca-3ab2-4d87-9bc7-0d045ec2b4ce: shutdown FollowerState
2019-10-17 01:10:31,468 [Thread-813] INFO  impl.FollowerState (FollowerState.java:run(117)) - a10aa3ca-3ab2-4d87-9bc7-0d045ec2b4ce@group-5DF6529D38A3-FollowerState was interrupted: java.lang.InterruptedException: sleep interrupted
2019-10-17 01:10:31,468 [grpc-default-executor-1] INFO  impl.RaftServerImpl (RaftServerImpl.java:setRole(184)) - ee6ff355-4f2c-4ff1-aa68-7ca64f6b5439@group-5DF6529D38A3: changes role from  FOLLOWER to FOLLOWER at term 12 for recognizeCandidate:e3697062-c193-48d1-b15e-d6b6b4dc6638
2019-10-17 01:10:31,468 [grpc-default-executor-5] INFO  impl.RoleInfo (RoleInfo.java:updateAndGet(143)) - a10aa3ca-3ab2-4d87-9bc7-0d045ec2b4ce: start FollowerState
2019-10-17 01:10:31,469 [grpc-default-executor-1] INFO  impl.RoleInfo (RoleInfo.java:shutdownFollowerState(121)) - ee6ff355-4f2c-4ff1-aa68-7ca64f6b5439: shutdown FollowerState
2019-10-17 01:10:31,469 [grpc-default-executor-1] INFO  impl.RoleInfo (RoleInfo.java:updateAndGet(143)) - ee6ff355-4f2c-4ff1-aa68-7ca64f6b5439: start FollowerState
2019-10-17 01:10:31,469 [Thread-812] INFO  impl.FollowerState (FollowerState.java:run(117)) - ee6ff355-4f2c-4ff1-aa68-7ca64f6b5439@group-5DF6529D38A3-FollowerState was interrupted: java.lang.InterruptedException: sleep interrupted
2019-10-17 01:10:31,477 [Thread-821] INFO  impl.FollowerState (FollowerState.java:run(108)) - ee6ff355-4f2c-4ff1-aa68-7ca64f6b5439@group-BD7A3B63C209-FollowerState: change to CANDIDATE, lastRpcTime:163ms, electionTimeout:163ms
2019-10-17 01:10:31,477 [Thread-821] INFO  impl.RoleInfo (RoleInfo.java:shutdownFollowerState(121)) - ee6ff355-4f2c-4ff1-aa68-7ca64f6b5439: shutdown FollowerState
2019-10-17 01:10:31,477 [Thread-821] INFO  impl.RaftServerImpl (RaftServerImpl.java:setRole(184)) - ee6ff355-4f2c-4ff1-aa68-7ca64f6b5439@group-BD7A3B63C209: changes role from  FOLLOWER to CANDIDATE at term 30 for changeToCandidate
2019-10-17 01:10:31,477 [Thread-821] INFO  impl.RoleInfo (RoleInfo.java:updateAndGet(143)) - ee6ff355-4f2c-4ff1-aa68-7ca64f6b5439: start LeaderElection
2019-10-17 01:10:31,484 [ee6ff355-4f2c-4ff1-aa68-7ca64f6b5439@group-BD7A3B63C209-LeaderElection44] INFO  impl.LeaderElection (LeaderElection.java:askForVotes(178)) - ee6ff355-4f2c-4ff1-aa68-7ca64f6b5439@group-BD7A3B63C209-LeaderElection44: begin an election at term 31 for 0: [ee6ff355-4f2c-4ff1-aa68-7ca64f6b5439:192.168.157.194:37608, e3697062-c193-48d1-b15e-d6b6b4dc6638:192.168.157.194:40986, a10aa3ca-3ab2-4d87-9bc7-0d045ec2b4ce:192.168.157.194:36577], old=null
2019-10-17 01:10:31,485 [e3697062-c193-48d1-b15e-d6b6b4dc6638@group-5DF6529D38A3-LeaderElection43] INFO  impl.LeaderElection (LeaderElection.java:logAndReturn(56)) - e3697062-c193-48d1-b15e-d6b6b4dc6638@group-5DF6529D38A3-LeaderElection43: Election REJECTED; received 2 response(s) [e3697062-c193-48d1-b15e-d6b6b4dc6638<-ee6ff355-4f2c-4ff1-aa68-7ca64f6b5439#0:FAIL-t12, e3697062-c193-48d1-b15e-d6b6b4dc6638<-a10aa3ca-3ab2-4d87-9bc7-0d045ec2b4ce#0:FAIL-t12] and 0 exception(s); e3697062-c193-48d1-b15e-d6b6b4dc6638@group-5DF6529D38A3:t12, leader=null, voted=e3697062-c193-48d1-b15e-d6b6b4dc6638, raftlog=e3697062-c193-48d1-b15e-d6b6b4dc6638@group-5DF6529D38A3-SegmentedRaftLog:OPENED:c-1,f-1,i0, conf=-1: [ee6ff355-4f2c-4ff1-aa68-7ca64f6b5439:192.168.157.194:37608, e3697062-c193-48d1-b15e-d6b6b4dc6638:192.168.157.194:40986, a10aa3ca-3ab2-4d87-9bc7-0d045ec2b4ce:192.168.157.194:36577], old=null
2019-10-17 01:10:31,485 [e3697062-c193-48d1-b15e-d6b6b4dc6638@group-5DF6529D38A3-LeaderElection43] INFO  impl.RaftServerImpl (RaftServerImpl.java:setRole(184)) - e3697062-c193-48d1-b15e-d6b6b4dc6638@group-5DF6529D38A3: changes role from CANDIDATE to FOLLOWER at term 12 for DISCOVERED_A_NEW_TERM
2019-10-17 01:10:31,486 [e3697062-c193-48d1-b15e-d6b6b4dc6638@group-5DF6529D38A3-LeaderElection43] INFO  impl.RoleInfo (RoleInfo.java:shutdownLeaderElection(134)) - e3697062-c193-48d1-b15e-d6b6b4dc6638: shutdown LeaderElection
2019-10-17 01:10:31,486 [e3697062-c193-48d1-b15e-d6b6b4dc6638@group-5DF6529D38A3-LeaderElection43] INFO  impl.RoleInfo (RoleInfo.java:updateAndGet(143)) - e3697062-c193-48d1-b15e-d6b6b4dc6638: start FollowerState
2019-10-17 01:10:31,486 [grpc-default-executor-5] INFO  impl.RaftServerImpl (RaftServerImpl.java:setRole(184)) - e3697062-c193-48d1-b15e-d6b6b4dc6638@group-BD7A3B63C209: changes role from  FOLLOWER to FOLLOWER at term 31 for recognizeCandidate:ee6ff355-4f2c-4ff1-aa68-7ca64f6b5439
2019-10-17 01:10:31,486 [grpc-default-executor-5] INFO  impl.RoleInfo (RoleInfo.java:shutdownFollowerState(121)) - e3697062-c193-48d1-b15e-d6b6b4dc6638: shutdown FollowerState
2019-10-17 01:10:31,487 [grpc-default-executor-1] INFO  impl.RaftServerImpl (RaftServerImpl.java:setRole(184)) - a10aa3ca-3ab2-4d87-9bc7-0d045ec2b4ce@group-BD7A3B63C209: changes role from  FOLLOWER to FOLLOWER at term 31 for recognizeCandidate:ee6ff355-4f2c-4ff1-aa68-7ca64f6b5439
2019-10-17 01:10:31,487 [Thread-819] INFO  impl.FollowerState (FollowerState.java:run(117)) - e3697062-c193-48d1-b15e-d6b6b4dc6638@group-BD7A3B63C209-FollowerState was interrupted: java.lang.InterruptedException: sleep interrupted
2019-10-17 01:10:31,487 [grpc-default-executor-5] INFO  impl.RoleInfo (RoleInfo.java:updateAndGet(143)) - e3697062-c193-48d1-b15e-d6b6b4dc6638: start FollowerState
2019-10-17 01:10:31,487 [grpc-default-executor-1] INFO  impl.RoleInfo (RoleInfo.java:shutdownFollowerState(121)) - a10aa3ca-3ab2-4d87-9bc7-0d045ec2b4ce: shutdown FollowerState
2019-10-17 01:10:31,487 [Thread-820] INFO  impl.FollowerState (FollowerState.java:run(117)) - a10aa3ca-3ab2-4d87-9bc7-0d045ec2b4ce@group-BD7A3B63C209-FollowerState was interrupted: java.lang.InterruptedException: sleep interrupted
2019-10-17 01:10:31,487 [grpc-default-executor-1] INFO  impl.RoleInfo (RoleInfo.java:updateAndGet(143)) - a10aa3ca-3ab2-4d87-9bc7-0d045ec2b4ce: start FollowerState
2019-10-17 01:10:31,504 [ee6ff355-4f2c-4ff1-aa68-7ca64f6b5439@group-BD7A3B63C209-LeaderElection44] INFO  impl.LeaderElection (LeaderElection.java:logAndReturn(56)) - ee6ff355-4f2c-4ff1-aa68-7ca64f6b5439@group-BD7A3B63C209-LeaderElection44: Election REJECTED; received 2 response(s) [ee6ff355-4f2c-4ff1-aa68-7ca64f6b5439<-e3697062-c193-48d1-b15e-d6b6b4dc6638#0:FAIL-t31, ee6ff355-4f2c-4ff1-aa68-7ca64f6b5439<-a10aa3ca-3ab2-4d87-9bc7-0d045ec2b4ce#0:FAIL-t31] and 0 exception(s); ee6ff355-4f2c-4ff1-aa68-7ca64f6b5439@group-BD7A3B63C209:t31, leader=null, voted=ee6ff355-4f2c-4ff1-aa68-7ca64f6b5439, raftlog=ee6ff355-4f2c-4ff1-aa68-7ca64f6b5439@group-BD7A3B63C209-SegmentedRaftLog:OPENED:c3,f4,i4, conf=0: [ee6ff355-4f2c-4ff1-aa68-7ca64f6b5439:192.168.157.194:37608, e3697062-c193-48d1-b15e-d6b6b4dc6638:192.168.157.194:40986, a10aa3ca-3ab2-4d87-9bc7-0d045ec2b4ce:192.168.157.194:36577], old=null
2019-10-17 01:10:31,504 [ee6ff355-4f2c-4ff1-aa68-7ca64f6b5439@group-BD7A3B63C209-LeaderElection44] INFO  impl.RaftServerImpl (RaftServerImpl.java:setRole(184)) - ee6ff355-4f2c-4ff1-aa68-7ca64f6b5439@group-BD7A3B63C209: changes role from CANDIDATE to FOLLOWER at term 31 for DISCOVERED_A_NEW_TERM
2019-10-17 01:10:31,504 [ee6ff355-4f2c-4ff1-aa68-7ca64f6b5439@group-BD7A3B63C209-LeaderElection44] INFO  impl.RoleInfo (RoleInfo.java:shutdownLeaderElection(134)) - ee6ff355-4f2c-4ff1-aa68-7ca64f6b5439: shutdown LeaderElection
2019-10-17 01:10:31,504 [ee6ff355-4f2c-4ff1-aa68-7ca64f6b5439@group-BD7A3B63C209-LeaderElection44] INFO  impl.RoleInfo (RoleInfo.java:updateAndGet(143)) - ee6ff355-4f2c-4ff1-aa68-7ca64f6b5439: start FollowerState
2019-10-17 01:10:31,643 [Thread-830] INFO  impl.FollowerState (FollowerState.java:run(108)) - e3697062-c193-48d1-b15e-d6b6b4dc6638@group-5DF6529D38A3-FollowerState: change to CANDIDATE, lastRpcTime:157ms, electionTimeout:157ms
2019-10-17 01:10:31,643 [Thread-830] INFO  impl.RoleInfo (RoleInfo.java:shutdownFollowerState(121)) - e3697062-c193-48d1-b15e-d6b6b4dc6638: shutdown FollowerState
2019-10-17 01:10:31,643 [Thread-830] INFO  impl.RaftServerImpl (RaftServerImpl.java:setRole(184)) - e3697062-c193-48d1-b15e-d6b6b4dc6638@group-5DF6529D38A3: changes role from  FOLLOWER to CANDIDATE at term 12 for changeToCandidate
2019-10-17 01:10:31,643 [Thread-830] INFO  impl.RoleInfo (RoleInfo.java:updateAndGet(143)) - e3697062-c193-48d1-b15e-d6b6b4dc6638: start LeaderElection
2019-10-17 01:10:31,657 [e3697062-c193-48d1-b15e-d6b6b4dc6638@group-5DF6529D38A3-LeaderElection45] INFO  impl.LeaderElection (LeaderElection.java:askForVotes(178)) - e3697062-c193-48d1-b15e-d6b6b4dc6638@group-5DF6529D38A3-LeaderElection45: begin an election at term 13 for -1: [ee6ff355-4f2c-4ff1-aa68-7ca64f6b5439:192.168.157.194:37608, e3697062-c193-48d1-b15e-d6b6b4dc6638:192.168.157.194:40986, a10aa3ca-3ab2-4d87-9bc7-0d045ec2b4ce:192.168.157.194:36577], old=null
2019-10-17 01:10:31,659 [grpc-default-executor-1] INFO  impl.RaftServerImpl (RaftServerImpl.java:setRole(184)) - ee6ff355-4f2c-4ff1-aa68-7ca64f6b5439@group-5DF6529D38A3: changes role from  FOLLOWER to FOLLOWER at term 13 for recognizeCandidate:e3697062-c193-48d1-b15e-d6b6b4dc6638
2019-10-17 01:10:31,659 [grpc-default-executor-1] INFO  impl.RoleInfo (RoleInfo.java:shutdownFollowerState(121)) - ee6ff355-4f2c-4ff1-aa68-7ca64f6b5439: shutdown FollowerState
2019-10-17 01:10:31,660 [Thread-826] INFO  impl.FollowerState (FollowerState.java:run(117)) - ee6ff355-4f2c-4ff1-aa68-7ca64f6b5439@group-5DF6529D38A3-FollowerState was interrupted: java.lang.InterruptedException: sleep interrupted
2019-10-17 01:10:31,660 [grpc-default-executor-1] INFO  impl.RoleInfo (RoleInfo.java:updateAndGet(143)) - ee6ff355-4f2c-4ff1-aa68-7ca64f6b5439: start FollowerState
2019-10-17 01:10:31,660 [grpc-default-executor-5] INFO  impl.RaftServerImpl (RaftServerImpl.java:setRole(184)) - a10aa3ca-3ab2-4d87-9bc7-0d045ec2b4ce@group-5DF6529D38A3: changes role from  FOLLOWER to FOLLOWER at term 13 for recognizeCandidate:e3697062-c193-48d1-b15e-d6b6b4dc6638
2019-10-17 01:10:31,660 [grpc-default-executor-5] INFO  impl.RoleInfo (RoleInfo.java:shutdownFollowerState(121)) - a10aa3ca-3ab2-4d87-9bc7-0d045ec2b4ce: shutdown FollowerState
2019-10-17 01:10:31,660 [Thread-825] INFO  impl.FollowerState (FollowerState.java:run(117)) - a10aa3ca-3ab2-4d87-9bc7-0d045ec2b4ce@group-5DF6529D38A3-FollowerState was interrupted: java.lang.InterruptedException: sleep interrupted
2019-10-17 01:10:31,660 [grpc-default-executor-5] INFO  impl.RoleInfo (RoleInfo.java:updateAndGet(143)) - a10aa3ca-3ab2-4d87-9bc7-0d045ec2b4ce: start FollowerState
2019-10-17 01:10:31,683 [e3697062-c193-48d1-b15e-d6b6b4dc6638@group-5DF6529D38A3-LeaderElection45] INFO  impl.LeaderElection (LeaderElection.java:logAndReturn(56)) - e3697062-c193-48d1-b15e-d6b6b4dc6638@group-5DF6529D38A3-LeaderElection45: Election REJECTED; received 2 response(s) [e3697062-c193-48d1-b15e-d6b6b4dc6638<-ee6ff355-4f2c-4ff1-aa68-7ca64f6b5439#0:FAIL-t13, e3697062-c193-48d1-b15e-d6b6b4dc6638<-a10aa3ca-3ab2-4d87-9bc7-0d045ec2b4ce#0:FAIL-t13] and 0 exception(s); e3697062-c193-48d1-b15e-d6b6b4dc6638@group-5DF6529D38A3:t13, leader=null, voted=e3697062-c193-48d1-b15e-d6b6b4dc6638, raftlog=e3697062-c193-48d1-b15e-d6b6b4dc6638@group-5DF6529D38A3-SegmentedRaftLog:OPENED:c-1,f-1,i0, conf=-1: [ee6ff355-4f2c-4ff1-aa68-7ca64f6b5439:192.168.157.194:37608, e3697062-c193-48d1-b15e-d6b6b4dc6638:192.168.157.194:40986, a10aa3ca-3ab2-4d87-9bc7-0d045ec2b4ce:192.168.157.194:36577], old=null
2019-10-17 01:10:31,683 [e3697062-c193-48d1-b15e-d6b6b4dc6638@group-5DF6529D38A3-LeaderElection45] INFO  impl.RaftServerImpl (RaftServerImpl.java:setRole(184)) - e3697062-c193-48d1-b15e-d6b6b4dc6638@group-5DF6529D38A3: changes role from CANDIDATE to FOLLOWER at term 13 for DISCOVERED_A_NEW_TERM
2019-10-17 01:10:31,683 [e3697062-c193-48d1-b15e-d6b6b4dc6638@group-5DF6529D38A3-LeaderElection45] INFO  impl.RoleInfo (RoleInfo.java:shutdownLeaderElection(134)) - e3697062-c193-48d1-b15e-d6b6b4dc6638: shutdown LeaderElection
2019-10-17 01:10:31,683 [e3697062-c193-48d1-b15e-d6b6b4dc6638@group-5DF6529D38A3-LeaderElection45] INFO  impl.RoleInfo (RoleInfo.java:updateAndGet(143)) - e3697062-c193-48d1-b15e-d6b6b4dc6638: start FollowerState
2019-10-17 01:10:31,691 [Thread-833] INFO  impl.FollowerState (FollowerState.java:run(108)) - ee6ff355-4f2c-4ff1-aa68-7ca64f6b5439@group-BD7A3B63C209-FollowerState: change to CANDIDATE, lastRpcTime:186ms, electionTimeout:186ms
2019-10-17 01:10:31,691 [Thread-833] INFO  impl.RoleInfo (RoleInfo.java:shutdownFollowerState(121)) - ee6ff355-4f2c-4ff1-aa68-7ca64f6b5439: shutdown FollowerState
2019-10-17 01:10:31,691 [Thread-833] INFO  impl.RaftServerImpl (RaftServerImpl.java:setRole(184)) - ee6ff355-4f2c-4ff1-aa68-7ca64f6b5439@group-BD7A3B63C209: changes role from  FOLLOWER to CANDIDATE at term 31 for changeToCandidate
2019-10-17 01:10:31,691 [Thread-833] INFO  impl.RoleInfo (RoleInfo.java:updateAndGet(143)) - ee6ff355-4f2c-4ff1-aa68-7ca64f6b5439: start LeaderElection
2019-10-17 01:10:31,703 [Thread-843] INFO  client.GrpcClientProtocolService (GrpcClientProtocolService.java:lambda$processClientRequest$0(278)) - Failed RaftClientRequest:client-B379F03C97AF->e3697062-c193-48d1-b15e-d6b6b4dc6638@group-BD7A3B63C209, cid=10, seq=0, Watch-ALL_COMMITTED(6), Message:<EMPTY>, reply=RaftClientReply:client-B379F03C97AF->e3697062-c193-48d1-b15e-d6b6b4dc6638@group-BD7A3B63C209, cid=10, FAILED org.apache.ratis.protocol.NotLeaderException: Server e3697062-c193-48d1-b15e-d6b6b4dc6638@group-BD7A3B63C209 is not the leader, logIndex=0, commits[e3697062-c193-48d1-b15e-d6b6b4dc6638:c10, ee6ff355-4f2c-4ff1-aa68-7ca64f6b5439:c4, a10aa3ca-3ab2-4d87-9bc7-0d045ec2b4ce:c10]
2019-10-17 01:10:31,707 [ee6ff355-4f2c-4ff1-aa68-7ca64f6b5439@group-BD7A3B63C209-LeaderElection46] INFO  impl.LeaderElection (LeaderElection.java:askForVotes(178)) - ee6ff355-4f2c-4ff1-aa68-7ca64f6b5439@group-BD7A3B63C209-LeaderElection46: begin an election at term 32 for 0: [ee6ff355-4f2c-4ff1-aa68-7ca64f6b5439:192.168.157.194:37608, e3697062-c193-48d1-b15e-d6b6b4dc6638:192.168.157.194:40986, a10aa3ca-3ab2-4d87-9bc7-0d045ec2b4ce:192.168.157.194:36577], old=null
2019-10-17 01:10:31,712 [grpc-default-executor-5] INFO  impl.RaftServerImpl (RaftServerImpl.java:setRole(184)) - a10aa3ca-3ab2-4d87-9bc7-0d045ec2b4ce@group-BD7A3B63C209: changes role from  FOLLOWER to FOLLOWER at term 32 for recognizeCandidate:ee6ff355-4f2c-4ff1-aa68-7ca64f6b5439
2019-10-17 01:10:31,712 [grpc-default-executor-1] INFO  impl.RaftServerImpl (RaftServerImpl.java:setRole(184)) - e3697062-c193-48d1-b15e-d6b6b4dc6638@group-BD7A3B63C209: changes role from  FOLLOWER to FOLLOWER at term 32 for recognizeCandidate:ee6ff355-4f2c-4ff1-aa68-7ca64f6b5439
2019-10-17 01:10:31,712 [grpc-default-executor-5] INFO  impl.RoleInfo (RoleInfo.java:shutdownFollowerState(121)) - a10aa3ca-3ab2-4d87-9bc7-0d045ec2b4ce: shutdown FollowerState
2019-10-17 01:10:31,712 [grpc-default-executor-1] INFO  impl.RoleInfo (RoleInfo.java:shutdownFollowerState(121)) - e3697062-c193-48d1-b15e-d6b6b4dc6638: shutdown FollowerState
2019-10-17 01:10:31,714 [Thread-832] INFO  impl.FollowerState (FollowerState.java:run(117)) - a10aa3ca-3ab2-4d87-9bc7-0d045ec2b4ce@group-BD7A3B63C209-FollowerState was interrupted: java.lang.InterruptedException: sleep interrupted
2019-10-17 01:10:31,714 [grpc-default-executor-5] INFO  impl.RoleInfo (RoleInfo.java:updateAndGet(143)) - a10aa3ca-3ab2-4d87-9bc7-0d045ec2b4ce: start FollowerState
2019-10-17 01:10:31,714 [grpc-default-executor-1] INFO  impl.RoleInfo (RoleInfo.java:updateAndGet(143)) - e3697062-c193-48d1-b15e-d6b6b4dc6638: start FollowerState
2019-10-17 01:10:31,714 [Thread-831] INFO  impl.FollowerState (FollowerState.java:run(117)) - e3697062-c193-48d1-b15e-d6b6b4dc6638@group-BD7A3B63C209-FollowerState was interrupted: java.lang.InterruptedException: sleep interrupted
2019-10-17 01:10:31,731 [ee6ff355-4f2c-4ff1-aa68-7ca64f6b5439@group-BD7A3B63C209-LeaderElection46] INFO  impl.LeaderElection (LeaderElection.java:logAndReturn(56)) - ee6ff355-4f2c-4ff1-aa68-7ca64f6b5439@group-BD7A3B63C209-LeaderElection46: Election REJECTED; received 2 response(s) [ee6ff355-4f2c-4ff1-aa68-7ca64f6b5439<-e3697062-c193-48d1-b15e-d6b6b4dc6638#0:FAIL-t32, ee6ff355-4f2c-4ff1-aa68-7ca64f6b5439<-a10aa3ca-3ab2-4d87-9bc7-0d045ec2b4ce#0:FAIL-t32] and 0 exception(s); ee6ff355-4f2c-4ff1-aa68-7ca64f6b5439@group-BD7A3B63C209:t32, leader=null, voted=ee6ff355-4f2c-4ff1-aa68-7ca64f6b5439, raftlog=ee6ff355-4f2c-4ff1-aa68-7ca64f6b5439@group-BD7A3B63C209-SegmentedRaftLog:OPENED:c3,f4,i4, conf=0: [ee6ff355-4f2c-4ff1-aa68-7ca64f6b5439:192.168.157.194:37608, e3697062-c193-48d1-b15e-d6b6b4dc6638:192.168.157.194:40986, a10aa3ca-3ab2-4d87-9bc7-0d045ec2b4ce:192.168.157.194:36577], old=null
2019-10-17 01:10:31,731 [ee6ff355-4f2c-4ff1-aa68-7ca64f6b5439@group-BD7A3B63C209-LeaderElection46] INFO  impl.RaftServerImpl (RaftServerImpl.java:setRole(184)) - ee6ff355-4f2c-4ff1-aa68-7ca64f6b5439@group-BD7A3B63C209: changes role from CANDIDATE to FOLLOWER at term 32 for DISCOVERED_A_NEW_TERM
2019-10-17 01:10:31,731 [ee6ff355-4f2c-4ff1-aa68-7ca64f6b5439@group-BD7A3B63C209-LeaderElection46] INFO  impl.RoleInfo (RoleInfo.java:shutdownLeaderElection(134)) - ee6ff355-4f2c-4ff1-aa68-7ca64f6b5439: shutdown LeaderElection
2019-10-17 01:10:31,731 [ee6ff355-4f2c-4ff1-aa68-7ca64f6b5439@group-BD7A3B63C209-LeaderElection46] INFO  impl.RoleInfo (RoleInfo.java:updateAndGet(143)) - ee6ff355-4f2c-4ff1-aa68-7ca64f6b5439: start FollowerState
2019-10-17 01:10:31,807 [Thread-849] INFO  impl.FollowerState (FollowerState.java:run(108)) - ee6ff355-4f2c-4ff1-aa68-7ca64f6b5439@group-BD7A3B63C209-FollowerState: change to CANDIDATE, lastRpcTime:75ms, electionTimeout:75ms
2019-10-17 01:10:31,807 [Thread-849] INFO  impl.RoleInfo (RoleInfo.java:shutdownFollowerState(121)) - ee6ff355-4f2c-4ff1-aa68-7ca64f6b5439: shutdown FollowerState
2019-10-17 01:10:31,807 [Thread-849] INFO  impl.RaftServerImpl (RaftServerImpl.java:setRole(184)) - ee6ff355-4f2c-4ff1-aa68-7ca64f6b5439@group-BD7A3B63C209: changes role from  FOLLOWER to CANDIDATE at term 32 for changeToCandidate
2019-10-17 01:10:31,807 [Thread-849] INFO  impl.RoleInfo (RoleInfo.java:updateAndGet(143)) - ee6ff355-4f2c-4ff1-aa68-7ca64f6b5439: start LeaderElection
2019-10-17 01:10:31,829 [ee6ff355-4f2c-4ff1-aa68-7ca64f6b5439@group-BD7A3B63C209-LeaderElection47] INFO  impl.LeaderElection (LeaderElection.java:askForVotes(178)) - ee6ff355-4f2c-4ff1-aa68-7ca64f6b5439@group-BD7A3B63C209-LeaderElection47: begin an election at term 33 for 0: [ee6ff355-4f2c-4ff1-aa68-7ca64f6b5439:192.168.157.194:37608, e3697062-c193-48d1-b15e-d6b6b4dc6638:192.168.157.194:40986, a10aa3ca-3ab2-4d87-9bc7-0d045ec2b4ce:192.168.157.194:36577], old=null
2019-10-17 01:10:31,832 [grpc-default-executor-5] INFO  impl.RaftServerImpl (RaftServerImpl.java:setRole(184)) - e3697062-c193-48d1-b15e-d6b6b4dc6638@group-BD7A3B63C209: changes role from  FOLLOWER to FOLLOWER at term 33 for recognizeCandidate:ee6ff355-4f2c-4ff1-aa68-7ca64f6b5439
2019-10-17 01:10:31,832 [grpc-default-executor-1] INFO  impl.RaftServerImpl (RaftServerImpl.java:setRole(184)) - a10aa3ca-3ab2-4d87-9bc7-0d045ec2b4ce@group-BD7A3B63C209: changes role from  FOLLOWER to FOLLOWER at term 33 for recognizeCandidate:ee6ff355-4f2c-4ff1-aa68-7ca64f6b5439
2019-10-17 01:10:31,832 [grpc-default-executor-5] INFO  impl.RoleInfo (RoleInfo.java:shutdownFollowerState(121)) - e3697062-c193-48d1-b15e-d6b6b4dc6638: shutdown FollowerState
2019-10-17 01:10:31,832 [grpc-default-executor-1] INFO  impl.RoleInfo (RoleInfo.java:shutdownFollowerState(121)) - a10aa3ca-3ab2-4d87-9bc7-0d045ec2b4ce: shutdown FollowerState
2019-10-17 01:10:31,832 [grpc-default-executor-5] INFO  impl.RoleInfo (RoleInfo.java:updateAndGet(143)) - e3697062-c193-48d1-b15e-d6b6b4dc6638: start FollowerState
2019-10-17 01:10:31,832 [Thread-848] INFO  impl.FollowerState (FollowerState.java:run(117)) - e3697062-c193-48d1-b15e-d6b6b4dc6638@group-BD7A3B63C209-FollowerState was interrupted: java.lang.InterruptedException: sleep interrupted
2019-10-17 01:10:31,833 [Thread-847] INFO  impl.FollowerState (FollowerState.java:run(117)) - a10aa3ca-3ab2-4d87-9bc7-0d045ec2b4ce@group-BD7A3B63C209-FollowerState was interrupted: java.lang.InterruptedException: sleep interrupted
2019-10-17 01:10:31,833 [grpc-default-executor-1] INFO  impl.RoleInfo (RoleInfo.java:updateAndGet(143)) - a10aa3ca-3ab2-4d87-9bc7-0d045ec2b4ce: start FollowerState
2019-10-17 01:10:31,844 [ee6ff355-4f2c-4ff1-aa68-7ca64f6b5439@group-BD7A3B63C209-LeaderElection47] INFO  impl.LeaderElection (LeaderElection.java:logAndReturn(56)) - ee6ff355-4f2c-4ff1-aa68-7ca64f6b5439@group-BD7A3B63C209-LeaderElection47: Election TIMEOUT; received 0 response(s) [] and 0 exception(s); ee6ff355-4f2c-4ff1-aa68-7ca64f6b5439@group-BD7A3B63C209:t33, leader=null, voted=ee6ff355-4f2c-4ff1-aa68-7ca64f6b5439, raftlog=ee6ff355-4f2c-4ff1-aa68-7ca64f6b5439@group-BD7A3B63C209-SegmentedRaftLog:OPENED:c3,f4,i4, conf=0: [ee6ff355-4f2c-4ff1-aa68-7ca64f6b5439:192.168.157.194:37608, e3697062-c193-48d1-b15e-d6b6b4dc6638:192.168.157.194:40986, a10aa3ca-3ab2-4d87-9bc7-0d045ec2b4ce:192.168.157.194:36577], old=null
2019-10-17 01:10:31,856 [ee6ff355-4f2c-4ff1-aa68-7ca64f6b5439@group-BD7A3B63C209-LeaderElection47] INFO  impl.LeaderElection (LeaderElection.java:askForVotes(178)) - ee6ff355-4f2c-4ff1-aa68-7ca64f6b5439@group-BD7A3B63C209-LeaderElection47: begin an election at term 34 for 0: [ee6ff355-4f2c-4ff1-aa68-7ca64f6b5439:192.168.157.194:37608, e3697062-c193-48d1-b15e-d6b6b4dc6638:192.168.157.194:40986, a10aa3ca-3ab2-4d87-9bc7-0d045ec2b4ce:192.168.157.194:36577], old=null
2019-10-17 01:10:31,857 [grpc-default-executor-5] INFO  impl.RaftServerImpl (RaftServerImpl.java:setRole(184)) - e3697062-c193-48d1-b15e-d6b6b4dc6638@group-BD7A3B63C209: changes role from  FOLLOWER to FOLLOWER at term 34 for recognizeCandidate:ee6ff355-4f2c-4ff1-aa68-7ca64f6b5439
2019-10-17 01:10:31,858 [grpc-default-executor-5] INFO  impl.RoleInfo (RoleInfo.java:shutdownFollowerState(121)) - e3697062-c193-48d1-b15e-d6b6b4dc6638: shutdown FollowerState
2019-10-17 01:10:31,858 [grpc-default-executor-1] INFO  impl.RaftServerImpl (RaftServerImpl.java:setRole(184)) - a10aa3ca-3ab2-4d87-9bc7-0d045ec2b4ce@group-BD7A3B63C209: changes role from  FOLLOWER to FOLLOWER at term 34 for recognizeCandidate:ee6ff355-4f2c-4ff1-aa68-7ca64f6b5439
2019-10-17 01:10:31,858 [grpc-default-executor-5] INFO  impl.RoleInfo (RoleInfo.java:updateAndGet(143)) - e3697062-c193-48d1-b15e-d6b6b4dc6638: start FollowerState
2019-10-17 01:10:31,858 [Thread-853] INFO  impl.FollowerState (FollowerState.java:run(117)) - e3697062-c193-48d1-b15e-d6b6b4dc6638@group-BD7A3B63C209-FollowerState was interrupted: java.lang.InterruptedException: sleep interrupted
2019-10-17 01:10:31,858 [grpc-default-executor-1] INFO  impl.RoleInfo (RoleInfo.java:shutdownFollowerState(121)) - a10aa3ca-3ab2-4d87-9bc7-0d045ec2b4ce: shutdown FollowerState
2019-10-17 01:10:31,859 [grpc-default-executor-1] INFO  impl.RoleInfo (RoleInfo.java:updateAndGet(143)) - a10aa3ca-3ab2-4d87-9bc7-0d045ec2b4ce: start FollowerState
2019-10-17 01:10:31,859 [Thread-854] INFO  impl.FollowerState (FollowerState.java:run(117)) - a10aa3ca-3ab2-4d87-9bc7-0d045ec2b4ce@group-BD7A3B63C209-FollowerState was interrupted: java.lang.InterruptedException: sleep interrupted
2019-10-17 01:10:31,873 [ee6ff355-4f2c-4ff1-aa68-7ca64f6b5439@group-BD7A3B63C209-LeaderElection47] INFO  impl.LeaderElection (LeaderElection.java:logAndReturn(56)) - ee6ff355-4f2c-4ff1-aa68-7ca64f6b5439@group-BD7A3B63C209-LeaderElection47: Election REJECTED; received 2 response(s) [ee6ff355-4f2c-4ff1-aa68-7ca64f6b5439<-e3697062-c193-48d1-b15e-d6b6b4dc6638#0:FAIL-t34, ee6ff355-4f2c-4ff1-aa68-7ca64f6b5439<-a10aa3ca-3ab2-4d87-9bc7-0d045ec2b4ce#0:FAIL-t34] and 0 exception(s); ee6ff355-4f2c-4ff1-aa68-7ca64f6b5439@group-BD7A3B63C209:t34, leader=null, voted=ee6ff355-4f2c-4ff1-aa68-7ca64f6b5439, raftlog=ee6ff355-4f2c-4ff1-aa68-7ca64f6b5439@group-BD7A3B63C209-SegmentedRaftLog:OPENED:c3,f4,i4, conf=0: [ee6ff355-4f2c-4ff1-aa68-7ca64f6b5439:192.168.157.194:37608, e3697062-c193-48d1-b15e-d6b6b4dc6638:192.168.157.194:40986, a10aa3ca-3ab2-4d87-9bc7-0d045ec2b4ce:192.168.157.194:36577], old=null
2019-10-17 01:10:31,874 [ee6ff355-4f2c-4ff1-aa68-7ca64f6b5439@group-BD7A3B63C209-LeaderElection47] INFO  impl.RaftServerImpl (RaftServerImpl.java:setRole(184)) - ee6ff355-4f2c-4ff1-aa68-7ca64f6b5439@group-BD7A3B63C209: changes role from CANDIDATE to FOLLOWER at term 34 for DISCOVERED_A_NEW_TERM
2019-10-17 01:10:31,874 [ee6ff355-4f2c-4ff1-aa68-7ca64f6b5439@group-BD7A3B63C209-LeaderElection47] INFO  impl.RoleInfo (RoleInfo.java:shutdownLeaderElection(134)) - ee6ff355-4f2c-4ff1-aa68-7ca64f6b5439: shutdown LeaderElection
2019-10-17 01:10:31,874 [ee6ff355-4f2c-4ff1-aa68-7ca64f6b5439@group-BD7A3B63C209-LeaderElection47] INFO  impl.RoleInfo (RoleInfo.java:updateAndGet(143)) - ee6ff355-4f2c-4ff1-aa68-7ca64f6b5439: start FollowerState
2019-10-17 01:10:31,884 [Thread-840] INFO  impl.FollowerState (FollowerState.java:run(108)) - e3697062-c193-48d1-b15e-d6b6b4dc6638@group-5DF6529D38A3-FollowerState: change to CANDIDATE, lastRpcTime:200ms, electionTimeout:200ms
2019-10-17 01:10:31,884 [Thread-840] INFO  impl.RoleInfo (RoleInfo.java:shutdownFollowerState(121)) - e3697062-c193-48d1-b15e-d6b6b4dc6638: shutdown FollowerState
2019-10-17 01:10:31,884 [Thread-840] INFO  impl.RaftServerImpl (RaftServerImpl.java:setRole(184)) - e3697062-c193-48d1-b15e-d6b6b4dc6638@group-5DF6529D38A3: changes role from  FOLLOWER to CANDIDATE at term 13 for changeToCandidate
2019-10-17 01:10:31,884 [Thread-840] INFO  impl.RoleInfo (RoleInfo.java:updateAndGet(143)) - e3697062-c193-48d1-b15e-d6b6b4dc6638: start LeaderElection
2019-10-17 01:10:31,899 [e3697062-c193-48d1-b15e-d6b6b4dc6638@group-5DF6529D38A3-LeaderElection48] INFO  impl.LeaderElection (LeaderElection.java:askForVotes(178)) - e3697062-c193-48d1-b15e-d6b6b4dc6638@group-5DF6529D38A3-LeaderElection48: begin an election at term 14 for -1: [ee6ff355-4f2c-4ff1-aa68-7ca64f6b5439:192.168.157.194:37608, e3697062-c193-48d1-b15e-d6b6b4dc6638:192.168.157.194:40986, a10aa3ca-3ab2-4d87-9bc7-0d045ec2b4ce:192.168.157.194:36577], old=null
2019-10-17 01:10:31,901 [grpc-default-executor-5] INFO  impl.RaftServerImpl (RaftServerImpl.java:setRole(184)) - ee6ff355-4f2c-4ff1-aa68-7ca64f6b5439@group-5DF6529D38A3: changes role from  FOLLOWER to FOLLOWER at term 14 for recognizeCandidate:e3697062-c193-48d1-b15e-d6b6b4dc6638
2019-10-17 01:10:31,901 [grpc-default-executor-1] INFO  impl.RaftServerImpl (RaftServerImpl.java:setRole(184)) - a10aa3ca-3ab2-4d87-9bc7-0d045ec2b4ce@group-5DF6529D38A3: changes role from  FOLLOWER to FOLLOWER at term 14 for recognizeCandidate:e3697062-c193-48d1-b15e-d6b6b4dc6638
2019-10-17 01:10:31,901 [grpc-default-executor-5] INFO  impl.RoleInfo (RoleInfo.java:shutdownFollowerState(121)) - ee6ff355-4f2c-4ff1-aa68-7ca64f6b5439: shutdown FollowerState
2019-10-17 01:10:31,902 [grpc-default-executor-1] INFO  impl.RoleInfo (RoleInfo.java:shutdownFollowerState(121)) - a10aa3ca-3ab2-4d87-9bc7-0d045ec2b4ce: shutdown FollowerState
2019-10-17 01:10:31,902 [Thread-838] INFO  impl.FollowerState (FollowerState.java:run(117)) - ee6ff355-4f2c-4ff1-aa68-7ca64f6b5439@group-5DF6529D38A3-FollowerState was interrupted: java.lang.InterruptedException: sleep interrupted
2019-10-17 01:10:31,902 [Thread-839] INFO  impl.FollowerState (FollowerState.java:run(117)) - a10aa3ca-3ab2-4d87-9bc7-0d045ec2b4ce@group-5DF6529D38A3-FollowerState was interrupted: java.lang.InterruptedException: sleep interrupted
2019-10-17 01:10:31,902 [grpc-default-executor-5] INFO  impl.RoleInfo (RoleInfo.java:updateAndGet(143)) - ee6ff355-4f2c-4ff1-aa68-7ca64f6b5439: start FollowerState
2019-10-17 01:10:31,902 [grpc-default-executor-1] INFO  impl.RoleInfo (RoleInfo.java:updateAndGet(143)) - a10aa3ca-3ab2-4d87-9bc7-0d045ec2b4ce: start FollowerState
2019-10-17 01:10:31,926 [e3697062-c193-48d1-b15e-d6b6b4dc6638@group-5DF6529D38A3-LeaderElection48] INFO  impl.LeaderElection (LeaderElection.java:logAndReturn(56)) - e3697062-c193-48d1-b15e-d6b6b4dc6638@group-5DF6529D38A3-LeaderElection48: Election TIMEOUT; received 0 response(s) [] and 0 exception(s); e3697062-c193-48d1-b15e-d6b6b4dc6638@group-5DF6529D38A3:t14, leader=null, voted=e3697062-c193-48d1-b15e-d6b6b4dc6638, raftlog=e3697062-c193-48d1-b15e-d6b6b4dc6638@group-5DF6529D38A3-SegmentedRaftLog:OPENED:c-1,f-1,i0, conf=-1: [ee6ff355-4f2c-4ff1-aa68-7ca64f6b5439:192.168.157.194:37608, e3697062-c193-48d1-b15e-d6b6b4dc6638:192.168.157.194:40986, a10aa3ca-3ab2-4d87-9bc7-0d045ec2b4ce:192.168.157.194:36577], old=null
2019-10-17 01:10:31,930 [e3697062-c193-48d1-b15e-d6b6b4dc6638@group-5DF6529D38A3-LeaderElection48] INFO  impl.LeaderElection (LeaderElection.java:askForVotes(178)) - e3697062-c193-48d1-b15e-d6b6b4dc6638@group-5DF6529D38A3-LeaderElection48: begin an election at term 15 for -1: [ee6ff355-4f2c-4ff1-aa68-7ca64f6b5439:192.168.157.194:37608, e3697062-c193-48d1-b15e-d6b6b4dc6638:192.168.157.194:40986, a10aa3ca-3ab2-4d87-9bc7-0d045ec2b4ce:192.168.157.194:36577], old=null
2019-10-17 01:10:31,932 [grpc-default-executor-1] INFO  impl.RaftServerImpl (RaftServerImpl.java:setRole(184)) - ee6ff355-4f2c-4ff1-aa68-7ca64f6b5439@group-5DF6529D38A3: changes role from  FOLLOWER to FOLLOWER at term 15 for recognizeCandidate:e3697062-c193-48d1-b15e-d6b6b4dc6638
2019-10-17 01:10:31,932 [grpc-default-executor-5] INFO  impl.RaftServerImpl (RaftServerImpl.java:setRole(184)) - a10aa3ca-3ab2-4d87-9bc7-0d045ec2b4ce@group-5DF6529D38A3: changes role from  FOLLOWER to FOLLOWER at term 15 for recognizeCandidate:e3697062-c193-48d1-b15e-d6b6b4dc6638
2019-10-17 01:10:31,932 [grpc-default-executor-1] INFO  impl.RoleInfo (RoleInfo.java:shutdownFollowerState(121)) - ee6ff355-4f2c-4ff1-aa68-7ca64f6b5439: shutdown FollowerState
2019-10-17 01:10:31,932 [grpc-default-executor-5] INFO  impl.RoleInfo (RoleInfo.java:shutdownFollowerState(121)) - a10aa3ca-3ab2-4d87-9bc7-0d045ec2b4ce: shutdown FollowerState
2019-10-17 01:10:31,932 [grpc-default-executor-1] INFO  impl.RoleInfo (RoleInfo.java:updateAndGet(143)) - ee6ff355-4f2c-4ff1-aa68-7ca64f6b5439: start FollowerState
2019-10-17 01:10:31,932 [Thread-863] INFO  impl.FollowerState (FollowerState.java:run(117)) - ee6ff355-4f2c-4ff1-aa68-7ca64f6b5439@group-5DF6529D38A3-FollowerState was interrupted: java.lang.InterruptedException: sleep interrupted
2019-10-17 01:10:31,932 [Thread-864] INFO  impl.FollowerState (FollowerState.java:run(117)) - a10aa3ca-3ab2-4d87-9bc7-0d045ec2b4ce@group-5DF6529D38A3-FollowerState was interrupted: java.lang.InterruptedException: sleep interrupted
2019-10-17 01:10:31,932 [grpc-default-executor-5] INFO  impl.RoleInfo (RoleInfo.java:updateAndGet(143)) - a10aa3ca-3ab2-4d87-9bc7-0d045ec2b4ce: start FollowerState
2019-10-17 01:10:31,940 [e3697062-c193-48d1-b15e-d6b6b4dc6638@group-5DF6529D38A3-LeaderElection48] INFO  impl.LeaderElection (LeaderElection.java:logAndReturn(56)) - e3697062-c193-48d1-b15e-d6b6b4dc6638@group-5DF6529D38A3-LeaderElection48: Election TIMEOUT; received 0 response(s) [] and 0 exception(s); e3697062-c193-48d1-b15e-d6b6b4dc6638@group-5DF6529D38A3:t15, leader=null, voted=e3697062-c193-48d1-b15e-d6b6b4dc6638, raftlog=e3697062-c193-48d1-b15e-d6b6b4dc6638@group-5DF6529D38A3-SegmentedRaftLog:OPENED:c-1,f-1,i0, conf=-1: [ee6ff355-4f2c-4ff1-aa68-7ca64f6b5439:192.168.157.194:37608, e3697062-c193-48d1-b15e-d6b6b4dc6638:192.168.157.194:40986, a10aa3ca-3ab2-4d87-9bc7-0d045ec2b4ce:192.168.157.194:36577], old=null
2019-10-17 01:10:31,957 [e3697062-c193-48d1-b15e-d6b6b4dc6638@group-5DF6529D38A3-LeaderElection48] INFO  impl.LeaderElection (LeaderElection.java:askForVotes(178)) - e3697062-c193-48d1-b15e-d6b6b4dc6638@group-5DF6529D38A3-LeaderElection48: begin an election at term 16 for -1: [ee6ff355-4f2c-4ff1-aa68-7ca64f6b5439:192.168.157.194:37608, e3697062-c193-48d1-b15e-d6b6b4dc6638:192.168.157.194:40986, a10aa3ca-3ab2-4d87-9bc7-0d045ec2b4ce:192.168.157.194:36577], old=null
2019-10-17 01:10:31,959 [grpc-default-executor-1] INFO  impl.RaftServerImpl (RaftServerImpl.java:setRole(184)) - ee6ff355-4f2c-4ff1-aa68-7ca64f6b5439@group-5DF6529D38A3: changes role from  FOLLOWER to FOLLOWER at term 16 for recognizeCandidate:e3697062-c193-48d1-b15e-d6b6b4dc6638
2019-10-17 01:10:31,959 [grpc-default-executor-1] INFO  impl.RoleInfo (RoleInfo.java:shutdownFollowerState(121)) - ee6ff355-4f2c-4ff1-aa68-7ca64f6b5439: shutdown FollowerState
2019-10-17 01:10:31,959 [grpc-default-executor-5] INFO  impl.RaftServerImpl (RaftServerImpl.java:setRole(184)) - a10aa3ca-3ab2-4d87-9bc7-0d045ec2b4ce@group-5DF6529D38A3: changes role from  FOLLOWER to FOLLOWER at term 16 for recognizeCandidate:e3697062-c193-48d1-b15e-d6b6b4dc6638
2019-10-17 01:10:31,959 [grpc-default-executor-1] INFO  impl.RoleInfo (RoleInfo.java:updateAndGet(143)) - ee6ff355-4f2c-4ff1-aa68-7ca64f6b5439: start FollowerState
2019-10-17 01:10:31,959 [Thread-867] INFO  impl.FollowerState (FollowerState.java:run(117)) - ee6ff355-4f2c-4ff1-aa68-7ca64f6b5439@group-5DF6529D38A3-FollowerState was interrupted: java.lang.InterruptedException: sleep interrupted
2019-10-17 01:10:31,959 [grpc-default-executor-5] INFO  impl.RoleInfo (RoleInfo.java:shutdownFollowerState(121)) - a10aa3ca-3ab2-4d87-9bc7-0d045ec2b4ce: shutdown FollowerState
2019-10-17 01:10:31,960 [Thread-868] INFO  impl.FollowerState (FollowerState.java:run(117)) - a10aa3ca-3ab2-4d87-9bc7-0d045ec2b4ce@group-5DF6529D38A3-FollowerState was interrupted: java.lang.InterruptedException: sleep interrupted
2019-10-17 01:10:31,960 [grpc-default-executor-5] INFO  impl.RoleInfo (RoleInfo.java:updateAndGet(143)) - a10aa3ca-3ab2-4d87-9bc7-0d045ec2b4ce: start FollowerState
2019-10-17 01:10:31,974 [e3697062-c193-48d1-b15e-d6b6b4dc6638@group-5DF6529D38A3-LeaderElection48] INFO  impl.LeaderElection (LeaderElection.java:logAndReturn(56)) - e3697062-c193-48d1-b15e-d6b6b4dc6638@group-5DF6529D38A3-LeaderElection48: Election REJECTED; received 2 response(s) [e3697062-c193-48d1-b15e-d6b6b4dc6638<-ee6ff355-4f2c-4ff1-aa68-7ca64f6b5439#0:FAIL-t16, e3697062-c193-48d1-b15e-d6b6b4dc6638<-a10aa3ca-3ab2-4d87-9bc7-0d045ec2b4ce#0:FAIL-t16] and 0 exception(s); e3697062-c193-48d1-b15e-d6b6b4dc6638@group-5DF6529D38A3:t16, leader=null, voted=e3697062-c193-48d1-b15e-d6b6b4dc6638, raftlog=e3697062-c193-48d1-b15e-d6b6b4dc6638@group-5DF6529D38A3-SegmentedRaftLog:OPENED:c-1,f-1,i0, conf=-1: [ee6ff355-4f2c-4ff1-aa68-7ca64f6b5439:192.168.157.194:37608, e3697062-c193-48d1-b15e-d6b6b4dc6638:192.168.157.194:40986, a10aa3ca-3ab2-4d87-9bc7-0d045ec2b4ce:192.168.157.194:36577], old=null
2019-10-17 01:10:31,974 [e3697062-c193-48d1-b15e-d6b6b4dc6638@group-5DF6529D38A3-LeaderElection48] INFO  impl.RaftServerImpl (RaftServerImpl.java:setRole(184)) - e3697062-c193-48d1-b15e-d6b6b4dc6638@group-5DF6529D38A3: changes role from CANDIDATE to FOLLOWER at term 16 for DISCOVERED_A_NEW_TERM
2019-10-17 01:10:31,974 [e3697062-c193-48d1-b15e-d6b6b4dc6638@group-5DF6529D38A3-LeaderElection48] INFO  impl.RoleInfo (RoleInfo.java:shutdownLeaderElection(134)) - e3697062-c193-48d1-b15e-d6b6b4dc6638: shutdown LeaderElection
2019-10-17 01:10:31,974 [e3697062-c193-48d1-b15e-d6b6b4dc6638@group-5DF6529D38A3-LeaderElection48] INFO  impl.RoleInfo (RoleInfo.java:updateAndGet(143)) - e3697062-c193-48d1-b15e-d6b6b4dc6638: start FollowerState
2019-10-17 01:10:31,989 [Thread-859] INFO  impl.FollowerState (FollowerState.java:run(108)) - ee6ff355-4f2c-4ff1-aa68-7ca64f6b5439@group-BD7A3B63C209-FollowerState: change to CANDIDATE, lastRpcTime:115ms, electionTimeout:115ms
2019-10-17 01:10:31,989 [Thread-859] INFO  impl.RoleInfo (RoleInfo.java:shutdownFollowerState(121)) - ee6ff355-4f2c-4ff1-aa68-7ca64f6b5439: shutdown FollowerState
2019-10-17 01:10:31,990 [Thread-859] INFO  impl.RaftServerImpl (RaftServerImpl.java:setRole(184)) - ee6ff355-4f2c-4ff1-aa68-7ca64f6b5439@group-BD7A3B63C209: changes role from  FOLLOWER to CANDIDATE at term 34 for changeToCandidate
2019-10-17 01:10:31,990 [Thread-859] INFO  impl.RoleInfo (RoleInfo.java:updateAndGet(143)) - ee6ff355-4f2c-4ff1-aa68-7ca64f6b5439: start LeaderElection
2019-10-17 01:10:31,999 [Thread-873] INFO  impl.FollowerState (FollowerState.java:run(108)) - e3697062-c193-48d1-b15e-d6b6b4dc6638@group-5DF6529D38A3-FollowerState: change to CANDIDATE, lastRpcTime:24ms, electionTimeout:24ms
2019-10-17 01:10:31,999 [Thread-873] INFO  impl.RoleInfo (RoleInfo.java:shutdownFollowerState(121)) - e3697062-c193-48d1-b15e-d6b6b4dc6638: shutdown FollowerState
2019-10-17 01:10:31,999 [Thread-873] INFO  impl.RaftServerImpl (RaftServerImpl.java:setRole(184)) - e3697062-c193-48d1-b15e-d6b6b4dc6638@group-5DF6529D38A3: changes role from  FOLLOWER to CANDIDATE at term 16 for changeToCandidate
2019-10-17 01:10:31,999 [Thread-873] INFO  impl.RoleInfo (RoleInfo.java:updateAndGet(143)) - e3697062-c193-48d1-b15e-d6b6b4dc6638: start LeaderElection
2019-10-17 01:10:32,056 [e3697062-c193-48d1-b15e-d6b6b4dc6638@group-5DF6529D38A3-LeaderElection50] INFO  impl.LeaderElection (LeaderElection.java:askForVotes(178)) - e3697062-c193-48d1-b15e-d6b6b4dc6638@group-5DF6529D38A3-LeaderElection50: begin an election at term 17 for -1: [ee6ff355-4f2c-4ff1-aa68-7ca64f6b5439:192.168.157.194:37608, e3697062-c193-48d1-b15e-d6b6b4dc6638:192.168.157.194:40986, a10aa3ca-3ab2-4d87-9bc7-0d045ec2b4ce:192.168.157.194:36577], old=null
2019-10-17 01:10:32,056 [ee6ff355-4f2c-4ff1-aa68-7ca64f6b5439@group-BD7A3B63C209-LeaderElection49] INFO  impl.LeaderElection (LeaderElection.java:askForVotes(178)) - ee6ff355-4f2c-4ff1-aa68-7ca64f6b5439@group-BD7A3B63C209-LeaderElection49: begin an election at term 35 for 0: [ee6ff355-4f2c-4ff1-aa68-7ca64f6b5439:192.168.157.194:37608, e3697062-c193-48d1-b15e-d6b6b4dc6638:192.168.157.194:40986, a10aa3ca-3ab2-4d87-9bc7-0d045ec2b4ce:192.168.157.194:36577], old=null
2019-10-17 01:10:32,059 [grpc-default-executor-5] INFO  impl.RaftServerImpl (RaftServerImpl.java:setRole(184)) - a10aa3ca-3ab2-4d87-9bc7-0d045ec2b4ce@group-5DF6529D38A3: changes role from  FOLLOWER to FOLLOWER at term 17 for recognizeCandidate:e3697062-c193-48d1-b15e-d6b6b4dc6638
2019-10-17 01:10:32,059 [grpc-default-executor-0] INFO  impl.RaftServerImpl (RaftServerImpl.java:setRole(184)) - ee6ff355-4f2c-4ff1-aa68-7ca64f6b5439@group-5DF6529D38A3: changes role from  FOLLOWER to FOLLOWER at term 17 for recognizeCandidate:e3697062-c193-48d1-b15e-d6b6b4dc6638
2019-10-17 01:10:32,059 [grpc-default-executor-1] INFO  impl.RaftServerImpl (RaftServerImpl.java:setRole(184)) - a10aa3ca-3ab2-4d87-9bc7-0d045ec2b4ce@group-BD7A3B63C209: changes role from  FOLLOWER to FOLLOWER at term 35 for recognizeCandidate:ee6ff355-4f2c-4ff1-aa68-7ca64f6b5439
2019-10-17 01:10:32,059 [grpc-default-executor-6] INFO  impl.RaftServerImpl (RaftServerImpl.java:setRole(184)) - e3697062-c193-48d1-b15e-d6b6b4dc6638@group-BD7A3B63C209: changes role from  FOLLOWER to FOLLOWER at term 35 for recognizeCandidate:ee6ff355-4f2c-4ff1-aa68-7ca64f6b5439
2019-10-17 01:10:32,059 [grpc-default-executor-0] INFO  impl.RoleInfo (RoleInfo.java:shutdownFollowerState(121)) - ee6ff355-4f2c-4ff1-aa68-7ca64f6b5439: shutdown FollowerState
2019-10-17 01:10:32,059 [grpc-default-executor-5] INFO  impl.RoleInfo (RoleInfo.java:shutdownFollowerState(121)) - a10aa3ca-3ab2-4d87-9bc7-0d045ec2b4ce: shutdown FollowerState
2019-10-17 01:10:32,060 [grpc-default-executor-0] INFO  impl.RoleInfo (RoleInfo.java:updateAndGet(143)) - ee6ff355-4f2c-4ff1-aa68-7ca64f6b5439: start FollowerState
2019-10-17 01:10:32,060 [Thread-871] INFO  impl.FollowerState (FollowerState.java:run(117)) - ee6ff355-4f2c-4ff1-aa68-7ca64f6b5439@group-5DF6529D38A3-FollowerState was interrupted: java.lang.InterruptedException: sleep interrupted
2019-10-17 01:10:32,059 [grpc-default-executor-6] INFO  impl.RoleInfo (RoleInfo.java:shutdownFollowerState(121)) - e3697062-c193-48d1-b15e-d6b6b4dc6638: shutdown FollowerState
2019-10-17 01:10:32,060 [grpc-default-executor-6] INFO  impl.RoleInfo (RoleInfo.java:updateAndGet(143)) - e3697062-c193-48d1-b15e-d6b6b4dc6638: start FollowerState
2019-10-17 01:10:32,059 [grpc-default-executor-1] INFO  impl.RoleInfo (RoleInfo.java:shutdownFollowerState(121)) - a10aa3ca-3ab2-4d87-9bc7-0d045ec2b4ce: shutdown FollowerState
2019-10-17 01:10:32,060 [Thread-857] INFO  impl.FollowerState (FollowerState.java:run(117)) - e3697062-c193-48d1-b15e-d6b6b4dc6638@group-BD7A3B63C209-FollowerState was interrupted: java.lang.InterruptedException: sleep interrupted
2019-10-17 01:10:32,060 [Thread-872] INFO  impl.FollowerState (FollowerState.java:run(117)) - a10aa3ca-3ab2-4d87-9bc7-0d045ec2b4ce@group-5DF6529D38A3-FollowerState was interrupted: java.lang.InterruptedException: sleep interrupted
2019-10-17 01:10:32,060 [grpc-default-executor-5] INFO  impl.RoleInfo (RoleInfo.java:updateAndGet(143)) - a10aa3ca-3ab2-4d87-9bc7-0d045ec2b4ce: start FollowerState
2019-10-17 01:10:32,060 [Thread-858] INFO  impl.FollowerState (FollowerState.java:run(117)) - a10aa3ca-3ab2-4d87-9bc7-0d045ec2b4ce@group-BD7A3B63C209-FollowerState was interrupted: java.lang.InterruptedException: sleep interrupted
2019-10-17 01:10:32,060 [grpc-default-executor-1] INFO  impl.RoleInfo (RoleInfo.java:updateAndGet(143)) - a10aa3ca-3ab2-4d87-9bc7-0d045ec2b4ce: start FollowerState
2019-10-17 01:10:32,069 [e3697062-c193-48d1-b15e-d6b6b4dc6638@group-5DF6529D38A3-LeaderElection50] INFO  impl.LeaderElection (LeaderElection.java:logAndReturn(56)) - e3697062-c193-48d1-b15e-d6b6b4dc6638@group-5DF6529D38A3-LeaderElection50: Election REJECTED; received 2 response(s) [e3697062-c193-48d1-b15e-d6b6b4dc6638<-ee6ff355-4f2c-4ff1-aa68-7ca64f6b5439#0:FAIL-t17, e3697062-c193-48d1-b15e-d6b6b4dc6638<-a10aa3ca-3ab2-4d87-9bc7-0d045ec2b4ce#0:FAIL-t17] and 0 exception(s); e3697062-c193-48d1-b15e-d6b6b4dc6638@group-5DF6529D38A3:t17, leader=null, voted=e3697062-c193-48d1-b15e-d6b6b4dc6638, raftlog=e3697062-c193-48d1-b15e-d6b6b4dc6638@group-5DF6529D38A3-SegmentedRaftLog:OPENED:c-1,f-1,i0, conf=-1: [ee6ff355-4f2c-4ff1-aa68-7ca64f6b5439:192.168.157.194:37608, e3697062-c193-48d1-b15e-d6b6b4dc6638:192.168.157.194:40986, a10aa3ca-3ab2-4d87-9bc7-0d045ec2b4ce:192.168.157.194:36577], old=null
2019-10-17 01:10:32,069 [e3697062-c193-48d1-b15e-d6b6b4dc6638@group-5DF6529D38A3-LeaderElection50] INFO  impl.RaftServerImpl (RaftServerImpl.java:setRole(184)) - e3697062-c193-48d1-b15e-d6b6b4dc6638@group-5DF6529D38A3: changes role from CANDIDATE to FOLLOWER at term 17 for DISCOVERED_A_NEW_TERM
2019-10-17 01:10:32,069 [ee6ff355-4f2c-4ff1-aa68-7ca64f6b5439@group-BD7A3B63C209-LeaderElection49] INFO  impl.LeaderElection (LeaderElection.java:logAndReturn(56)) - ee6ff355-4f2c-4ff1-aa68-7ca64f6b5439@group-BD7A3B63C209-LeaderElection49: Election REJECTED; received 2 response(s) [ee6ff355-4f2c-4ff1-aa68-7ca64f6b5439<-e3697062-c193-48d1-b15e-d6b6b4dc6638#0:FAIL-t35, ee6ff355-4f2c-4ff1-aa68-7ca64f6b5439<-a10aa3ca-3ab2-4d87-9bc7-0d045ec2b4ce#0:FAIL-t35] and 0 exception(s); ee6ff355-4f2c-4ff1-aa68-7ca64f6b5439@group-BD7A3B63C209:t35, leader=null, voted=ee6ff355-4f2c-4ff1-aa68-7ca64f6b5439, raftlog=ee6ff355-4f2c-4ff1-aa68-7ca64f6b5439@group-BD7A3B63C209-SegmentedRaftLog:OPENED:c3,f4,i4, conf=0: [ee6ff355-4f2c-4ff1-aa68-7ca64f6b5439:192.168.157.194:37608, e3697062-c193-48d1-b15e-d6b6b4dc6638:192.168.157.194:40986, a10aa3ca-3ab2-4d87-9bc7-0d045ec2b4ce:192.168.157.194:36577], old=null
2019-10-17 01:10:32,070 [e3697062-c193-48d1-b15e-d6b6b4dc6638@group-5DF6529D38A3-LeaderElection50] INFO  impl.RoleInfo (RoleInfo.java:shutdownLeaderElection(134)) - e3697062-c193-48d1-b15e-d6b6b4dc6638: shutdown LeaderElection
2019-10-17 01:10:32,070 [ee6ff355-4f2c-4ff1-aa68-7ca64f6b5439@group-BD7A3B63C209-LeaderElection49] INFO  impl.RaftServerImpl (RaftServerImpl.java:setRole(184)) - ee6ff355-4f2c-4ff1-aa68-7ca64f6b5439@group-BD7A3B63C209: changes role from CANDIDATE to FOLLOWER at term 35 for DISCOVERED_A_NEW_TERM
2019-10-17 01:10:32,070 [e3697062-c193-48d1-b15e-d6b6b4dc6638@group-5DF6529D38A3-LeaderElection50] INFO  impl.RoleInfo (RoleInfo.java:updateAndGet(143)) - e3697062-c193-48d1-b15e-d6b6b4dc6638: start FollowerState
2019-10-17 01:10:32,070 [ee6ff355-4f2c-4ff1-aa68-7ca64f6b5439@group-BD7A3B63C209-LeaderElection49] INFO  impl.RoleInfo (RoleInfo.java:shutdownLeaderElection(134)) - ee6ff355-4f2c-4ff1-aa68-7ca64f6b5439: shutdown LeaderElection
2019-10-17 01:10:32,070 [ee6ff355-4f2c-4ff1-aa68-7ca64f6b5439@group-BD7A3B63C209-LeaderElection49] INFO  impl.RoleInfo (RoleInfo.java:updateAndGet(143)) - ee6ff355-4f2c-4ff1-aa68-7ca64f6b5439: start FollowerState
2019-10-17 01:10:32,193 [Thread-885] INFO  impl.FollowerState (FollowerState.java:run(108)) - ee6ff355-4f2c-4ff1-aa68-7ca64f6b5439@group-BD7A3B63C209-FollowerState: change to CANDIDATE, lastRpcTime:122ms, electionTimeout:122ms
2019-10-17 01:10:32,193 [Thread-885] INFO  impl.RoleInfo (RoleInfo.java:shutdownFollowerState(121)) - ee6ff355-4f2c-4ff1-aa68-7ca64f6b5439: shutdown FollowerState
2019-10-17 01:10:32,193 [Thread-885] INFO  impl.RaftServerImpl (RaftServerImpl.java:setRole(184)) - ee6ff355-4f2c-4ff1-aa68-7ca64f6b5439@group-BD7A3B63C209: changes role from  FOLLOWER to CANDIDATE at term 35 for changeToCandidate
2019-10-17 01:10:32,193 [Thread-885] INFO  impl.RoleInfo (RoleInfo.java:updateAndGet(143)) - ee6ff355-4f2c-4ff1-aa68-7ca64f6b5439: start LeaderElection
2019-10-17 01:10:32,206 [ee6ff355-4f2c-4ff1-aa68-7ca64f6b5439@group-BD7A3B63C209-LeaderElection51] INFO  impl.LeaderElection (LeaderElection.java:askForVotes(178)) - ee6ff355-4f2c-4ff1-aa68-7ca64f6b5439@group-BD7A3B63C209-LeaderElection51: begin an election at term 36 for 0: [ee6ff355-4f2c-4ff1-aa68-7ca64f6b5439:192.168.157.194:37608, e3697062-c193-48d1-b15e-d6b6b4dc6638:192.168.157.194:40986, a10aa3ca-3ab2-4d87-9bc7-0d045ec2b4ce:192.168.157.194:36577], old=null
2019-10-17 01:10:32,209 [grpc-default-executor-6] INFO  impl.RaftServerImpl (RaftServerImpl.java:setRole(184)) - a10aa3ca-3ab2-4d87-9bc7-0d045ec2b4ce@group-BD7A3B63C209: changes role from  FOLLOWER to FOLLOWER at term 36 for recognizeCandidate:ee6ff355-4f2c-4ff1-aa68-7ca64f6b5439
2019-10-17 01:10:32,209 [grpc-default-executor-1] INFO  impl.RaftServerImpl (RaftServerImpl.java:setRole(184)) - e3697062-c193-48d1-b15e-d6b6b4dc6638@group-BD7A3B63C209: changes role from  FOLLOWER to FOLLOWER at term 36 for recognizeCandidate:ee6ff355-4f2c-4ff1-aa68-7ca64f6b5439
2019-10-17 01:10:32,209 [grpc-default-executor-6] INFO  impl.RoleInfo (RoleInfo.java:shutdownFollowerState(121)) - a10aa3ca-3ab2-4d87-9bc7-0d045ec2b4ce: shutdown FollowerState
2019-10-17 01:10:32,209 [grpc-default-executor-1] INFO  impl.RoleInfo (RoleInfo.java:shutdownFollowerState(121)) - e3697062-c193-48d1-b15e-d6b6b4dc6638: shutdown FollowerState
2019-10-17 01:10:32,209 [Thread-883] INFO  impl.FollowerState (FollowerState.java:run(117)) - a10aa3ca-3ab2-4d87-9bc7-0d045ec2b4ce@group-BD7A3B63C209-FollowerState was interrupted: java.lang.InterruptedException: sleep interrupted
2019-10-17 01:10:32,209 [grpc-default-executor-6] INFO  impl.RoleInfo (RoleInfo.java:updateAndGet(143)) - a10aa3ca-3ab2-4d87-9bc7-0d045ec2b4ce: start FollowerState
2019-10-17 01:10:32,209 [Thread-882] INFO  impl.FollowerState (FollowerState.java:run(117)) - e3697062-c193-48d1-b15e-d6b6b4dc6638@group-BD7A3B63C209-FollowerState was interrupted: java.lang.InterruptedException: sleep interrupted
2019-10-17 01:10:32,209 [grpc-default-executor-1] INFO  impl.RoleInfo (RoleInfo.java:updateAndGet(143)) - e3697062-c193-48d1-b15e-d6b6b4dc6638: start FollowerState
2019-10-17 01:10:32,209 [Thread-884] INFO  impl.FollowerState (FollowerState.java:run(108)) - e3697062-c193-48d1-b15e-d6b6b4dc6638@group-5DF6529D38A3-FollowerState: change to CANDIDATE, lastRpcTime:139ms, electionTimeout:139ms
2019-10-17 01:10:32,210 [Thread-884] INFO  impl.RoleInfo (RoleInfo.java:shutdownFollowerState(121)) - e3697062-c193-48d1-b15e-d6b6b4dc6638: shutdown FollowerState
2019-10-17 01:10:32,210 [Thread-884] INFO  impl.RaftServerImpl (RaftServerImpl.java:setRole(184)) - e3697062-c193-48d1-b15e-d6b6b4dc6638@group-5DF6529D38A3: changes role from  FOLLOWER to CANDIDATE at term 17 for changeToCandidate
2019-10-17 01:10:32,210 [Thread-884] INFO  impl.RoleInfo (RoleInfo.java:updateAndGet(143)) - e3697062-c193-48d1-b15e-d6b6b4dc6638: start LeaderElection
2019-10-17 01:10:32,237 [e3697062-c193-48d1-b15e-d6b6b4dc6638@group-5DF6529D38A3-LeaderElection52] INFO  impl.LeaderElection (LeaderElection.java:askForVotes(178)) - e3697062-c193-48d1-b15e-d6b6b4dc6638@group-5DF6529D38A3-LeaderElection52: begin an election at term 18 for -1: [ee6ff355-4f2c-4ff1-aa68-7ca64f6b5439:192.168.157.194:37608, e3697062-c193-48d1-b15e-d6b6b4dc6638:192.168.157.194:40986, a10aa3ca-3ab2-4d87-9bc7-0d045ec2b4ce:192.168.157.194:36577], old=null
2019-10-17 01:10:32,238 [ee6ff355-4f2c-4ff1-aa68-7ca64f6b5439@group-BD7A3B63C209-LeaderElection51] INFO  impl.LeaderElection (LeaderElection.java:logAndReturn(56)) - ee6ff355-4f2c-4ff1-aa68-7ca64f6b5439@group-BD7A3B63C209-LeaderElection51: Election REJECTED; received 2 response(s) [ee6ff355-4f2c-4ff1-aa68-7ca64f6b5439<-e3697062-c193-48d1-b15e-d6b6b4dc6638#0:FAIL-t36, ee6ff355-4f2c-4ff1-aa68-7ca64f6b5439<-a10aa3ca-3ab2-4d87-9bc7-0d045ec2b4ce#0:FAIL-t36] and 0 exception(s); ee6ff355-4f2c-4ff1-aa68-7ca64f6b5439@group-BD7A3B63C209:t36, leader=null, voted=ee6ff355-4f2c-4ff1-aa68-7ca64f6b5439, raftlog=ee6ff355-4f2c-4ff1-aa68-7ca64f6b5439@group-BD7A3B63C209-SegmentedRaftLog:OPENED:c3,f4,i4, conf=0: [ee6ff355-4f2c-4ff1-aa68-7ca64f6b5439:192.168.157.194:37608, e3697062-c193-48d1-b15e-d6b6b4dc6638:192.168.157.194:40986, a10aa3ca-3ab2-4d87-9bc7-0d045ec2b4ce:192.168.157.194:36577], old=null
2019-10-17 01:10:32,238 [ee6ff355-4f2c-4ff1-aa68-7ca64f6b5439@group-BD7A3B63C209-LeaderElection51] INFO  impl.RaftServerImpl (RaftServerImpl.java:setRole(184)) - ee6ff355-4f2c-4ff1-aa68-7ca64f6b5439@group-BD7A3B63C209: changes role from CANDIDATE to FOLLOWER at term 36 for DISCOVERED_A_NEW_TERM
2019-10-17 01:10:32,238 [ee6ff355-4f2c-4ff1-aa68-7ca64f6b5439@group-BD7A3B63C209-LeaderElection51] INFO  impl.RoleInfo (RoleInfo.java:shutdownLeaderElection(134)) - ee6ff355-4f2c-4ff1-aa68-7ca64f6b5439: shutdown LeaderElection
2019-10-17 01:10:32,239 [ee6ff355-4f2c-4ff1-aa68-7ca64f6b5439@group-BD7A3B63C209-LeaderElection51] INFO  impl.RoleInfo (RoleInfo.java:updateAndGet(143)) - ee6ff355-4f2c-4ff1-aa68-7ca64f6b5439: start FollowerState
2019-10-17 01:10:32,239 [grpc-default-executor-6] INFO  impl.RaftServerImpl (RaftServerImpl.java:setRole(184)) - ee6ff355-4f2c-4ff1-aa68-7ca64f6b5439@group-5DF6529D38A3: changes role from  FOLLOWER to FOLLOWER at term 18 for recognizeCandidate:e3697062-c193-48d1-b15e-d6b6b4dc6638
2019-10-17 01:10:32,239 [grpc-default-executor-6] INFO  impl.RoleInfo (RoleInfo.java:shutdownFollowerState(121)) - ee6ff355-4f2c-4ff1-aa68-7ca64f6b5439: shutdown FollowerState
2019-10-17 01:10:32,240 [grpc-default-executor-1] INFO  impl.RaftServerImpl (RaftServerImpl.java:setRole(184)) - a10aa3ca-3ab2-4d87-9bc7-0d045ec2b4ce@group-5DF6529D38A3: changes role from  FOLLOWER to FOLLOWER at term 18 for recognizeCandidate:e3697062-c193-48d1-b15e-d6b6b4dc6638
2019-10-17 01:10:32,240 [grpc-default-executor-1] INFO  impl.RoleInfo (RoleInfo.java:shutdownFollowerState(121)) - a10aa3ca-3ab2-4d87-9bc7-0d045ec2b4ce: shutdown FollowerState
2019-10-17 01:10:32,240 [Thread-880] INFO  impl.FollowerState (FollowerState.java:run(117)) - ee6ff355-4f2c-4ff1-aa68-7ca64f6b5439@group-5DF6529D38A3-FollowerState was interrupted: java.lang.InterruptedException: sleep interrupted
2019-10-17 01:10:32,240 [grpc-default-executor-6] INFO  impl.RoleInfo (RoleInfo.java:updateAndGet(143)) - ee6ff355-4f2c-4ff1-aa68-7ca64f6b5439: start FollowerState
2019-10-17 01:10:32,240 [Thread-881] INFO  impl.FollowerState (FollowerState.java:run(117)) - a10aa3ca-3ab2-4d87-9bc7-0d045ec2b4ce@group-5DF6529D38A3-FollowerState was interrupted: java.lang.InterruptedException: sleep interrupted
2019-10-17 01:10:32,240 [grpc-default-executor-1] INFO  impl.RoleInfo (RoleInfo.java:updateAndGet(143)) - a10aa3ca-3ab2-4d87-9bc7-0d045ec2b4ce: start FollowerState
2019-10-17 01:10:32,262 [e3697062-c193-48d1-b15e-d6b6b4dc6638@group-5DF6529D38A3-LeaderElection52] INFO  impl.LeaderElection (LeaderElection.java:logAndReturn(56)) - e3697062-c193-48d1-b15e-d6b6b4dc6638@group-5DF6529D38A3-LeaderElection52: Election REJECTED; received 2 response(s) [e3697062-c193-48d1-b15e-d6b6b4dc6638<-ee6ff355-4f2c-4ff1-aa68-7ca64f6b5439#0:FAIL-t18, e3697062-c193-48d1-b15e-d6b6b4dc6638<-a10aa3ca-3ab2-4d87-9bc7-0d045ec2b4ce#0:FAIL-t18] and 0 exception(s); e3697062-c193-48d1-b15e-d6b6b4dc6638@group-5DF6529D38A3:t18, leader=null, voted=e3697062-c193-48d1-b15e-d6b6b4dc6638, raftlog=e3697062-c193-48d1-b15e-d6b6b4dc6638@group-5DF6529D38A3-SegmentedRaftLog:OPENED:c-1,f-1,i0, conf=-1: [ee6ff355-4f2c-4ff1-aa68-7ca64f6b5439:192.168.157.194:37608, e3697062-c193-48d1-b15e-d6b6b4dc6638:192.168.157.194:40986, a10aa3ca-3ab2-4d87-9bc7-0d045ec2b4ce:192.168.157.194:36577], old=null
2019-10-17 01:10:32,263 [e3697062-c193-48d1-b15e-d6b6b4dc6638@group-5DF6529D38A3-LeaderElection52] INFO  impl.RaftServerImpl (RaftServerImpl.java:setRole(184)) - e3697062-c193-48d1-b15e-d6b6b4dc6638@group-5DF6529D38A3: changes role from CANDIDATE to FOLLOWER at term 18 for DISCOVERED_A_NEW_TERM
2019-10-17 01:10:32,263 [e3697062-c193-48d1-b15e-d6b6b4dc6638@group-5DF6529D38A3-LeaderElection52] INFO  impl.RoleInfo (RoleInfo.java:shutdownLeaderElection(134)) - e3697062-c193-48d1-b15e-d6b6b4dc6638: shutdown LeaderElection
2019-10-17 01:10:32,263 [e3697062-c193-48d1-b15e-d6b6b4dc6638@group-5DF6529D38A3-LeaderElection52] INFO  impl.RoleInfo (RoleInfo.java:updateAndGet(143)) - e3697062-c193-48d1-b15e-d6b6b4dc6638: start FollowerState
2019-10-17 01:10:32,291 [Thread-894] INFO  impl.FollowerState (FollowerState.java:run(108)) - ee6ff355-4f2c-4ff1-aa68-7ca64f6b5439@group-BD7A3B63C209-FollowerState: change to CANDIDATE, lastRpcTime:52ms, electionTimeout:52ms
2019-10-17 01:10:32,291 [Thread-894] INFO  impl.RoleInfo (RoleInfo.java:shutdownFollowerState(121)) - ee6ff355-4f2c-4ff1-aa68-7ca64f6b5439: shutdown FollowerState
2019-10-17 01:10:32,291 [Thread-894] INFO  impl.RaftServerImpl (RaftServerImpl.java:setRole(184)) - ee6ff355-4f2c-4ff1-aa68-7ca64f6b5439@group-BD7A3B63C209: changes role from  FOLLOWER to CANDIDATE at term 36 for changeToCandidate
2019-10-17 01:10:32,291 [Thread-894] INFO  impl.RoleInfo (RoleInfo.java:updateAndGet(143)) - ee6ff355-4f2c-4ff1-aa68-7ca64f6b5439: start LeaderElection
2019-10-17 01:10:32,298 [BlockDeletingService#2] WARN  background.BlockDeletingService (BlockDeletingService.java:isDeletionAllowed(187)) - Close Container log Index 6 is not replicated across allthe servers in the pipeline 968e2a2f-54bd-4eee-95a8-bd7a3b63c209 as the min replicated index is 4. Deletion is not allowed in this container yet.
2019-10-17 01:10:32,298 [BlockDeletingService#2] WARN  background.BlockDeletingService (BlockDeletingService.java:isDeletionAllowed(187)) - Close Container log Index 6 is not replicated across allthe servers in the pipeline 968e2a2f-54bd-4eee-95a8-bd7a3b63c209 as the min replicated index is 4. Deletion is not allowed in this container yet.
2019-10-17 01:10:32,303 [ee6ff355-4f2c-4ff1-aa68-7ca64f6b5439@group-BD7A3B63C209-LeaderElection53] INFO  impl.LeaderElection (LeaderElection.java:askForVotes(178)) - ee6ff355-4f2c-4ff1-aa68-7ca64f6b5439@group-BD7A3B63C209-LeaderElection53: begin an election at term 37 for 0: [ee6ff355-4f2c-4ff1-aa68-7ca64f6b5439:192.168.157.194:37608, e3697062-c193-48d1-b15e-d6b6b4dc6638:192.168.157.194:40986, a10aa3ca-3ab2-4d87-9bc7-0d045ec2b4ce:192.168.157.194:36577], old=null
2019-10-17 01:10:32,305 [grpc-default-executor-1] INFO  impl.RaftServerImpl (RaftServerImpl.java:setRole(184)) - e3697062-c193-48d1-b15e-d6b6b4dc6638@group-BD7A3B63C209: changes role from  FOLLOWER to FOLLOWER at term 37 for recognizeCandidate:ee6ff355-4f2c-4ff1-aa68-7ca64f6b5439
2019-10-17 01:10:32,305 [grpc-default-executor-1] INFO  impl.RoleInfo (RoleInfo.java:shutdownFollowerState(121)) - e3697062-c193-48d1-b15e-d6b6b4dc6638: shutdown FollowerState
2019-10-17 01:10:32,306 [grpc-default-executor-6] INFO  impl.RaftServerImpl (RaftServerImpl.java:setRole(184)) - a10aa3ca-3ab2-4d87-9bc7-0d045ec2b4ce@group-BD7A3B63C209: changes role from  FOLLOWER to FOLLOWER at term 37 for recognizeCandidate:ee6ff355-4f2c-4ff1-aa68-7ca64f6b5439
2019-10-17 01:10:32,306 [grpc-default-executor-1] INFO  impl.RoleInfo (RoleInfo.java:updateAndGet(143)) - e3697062-c193-48d1-b15e-d6b6b4dc6638: start FollowerState
2019-10-17 01:10:32,306 [Thread-890] INFO  impl.FollowerState (FollowerState.java:run(117)) - e3697062-c193-48d1-b15e-d6b6b4dc6638@group-BD7A3B63C209-FollowerState was interrupted: java.lang.InterruptedException: sleep interrupted
2019-10-17 01:10:32,306 [grpc-default-executor-6] INFO  impl.RoleInfo (RoleInfo.java:shutdownFollowerState(121)) - a10aa3ca-3ab2-4d87-9bc7-0d045ec2b4ce: shutdown FollowerState
2019-10-17 01:10:32,306 [grpc-default-executor-6] INFO  impl.RoleInfo (RoleInfo.java:updateAndGet(143)) - a10aa3ca-3ab2-4d87-9bc7-0d045ec2b4ce: start FollowerState
2019-10-17 01:10:32,306 [Thread-889] INFO  impl.FollowerState (FollowerState.java:run(117)) - a10aa3ca-3ab2-4d87-9bc7-0d045ec2b4ce@group-BD7A3B63C209-FollowerState was interrupted: java.lang.InterruptedException: sleep interrupted
2019-10-17 01:10:32,317 [Thread-897] INFO  impl.FollowerState (FollowerState.java:run(108)) - e3697062-c193-48d1-b15e-d6b6b4dc6638@group-5DF6529D38A3-FollowerState: change to CANDIDATE, lastRpcTime:54ms, electionTimeout:54ms
2019-10-17 01:10:32,317 [Thread-897] INFO  impl.RoleInfo (RoleInfo.java:shutdownFollowerState(121)) - e3697062-c193-48d1-b15e-d6b6b4dc6638: shutdown FollowerState
2019-10-17 01:10:32,318 [Thread-897] INFO  impl.RaftServerImpl (RaftServerImpl.java:setRole(184)) - e3697062-c193-48d1-b15e-d6b6b4dc6638@group-5DF6529D38A3: changes role from  FOLLOWER to CANDIDATE at term 18 for changeToCandidate
2019-10-17 01:10:32,318 [Thread-897] INFO  impl.RoleInfo (RoleInfo.java:updateAndGet(143)) - e3697062-c193-48d1-b15e-d6b6b4dc6638: start LeaderElection
2019-10-17 01:10:32,327 [e3697062-c193-48d1-b15e-d6b6b4dc6638@group-5DF6529D38A3-LeaderElection54] INFO  impl.LeaderElection (LeaderElection.java:askForVotes(178)) - e3697062-c193-48d1-b15e-d6b6b4dc6638@group-5DF6529D38A3-LeaderElection54: begin an election at term 19 for -1: [ee6ff355-4f2c-4ff1-aa68-7ca64f6b5439:192.168.157.194:37608, e3697062-c193-48d1-b15e-d6b6b4dc6638:192.168.157.194:40986, a10aa3ca-3ab2-4d87-9bc7-0d045ec2b4ce:192.168.157.194:36577], old=null
2019-10-17 01:10:32,328 [ee6ff355-4f2c-4ff1-aa68-7ca64f6b5439@group-BD7A3B63C209-LeaderElection53] INFO  impl.LeaderElection (LeaderElection.java:logAndReturn(56)) - ee6ff355-4f2c-4ff1-aa68-7ca64f6b5439@group-BD7A3B63C209-LeaderElection53: Election REJECTED; received 2 response(s) [ee6ff355-4f2c-4ff1-aa68-7ca64f6b5439<-e3697062-c193-48d1-b15e-d6b6b4dc6638#0:FAIL-t37, ee6ff355-4f2c-4ff1-aa68-7ca64f6b5439<-a10aa3ca-3ab2-4d87-9bc7-0d045ec2b4ce#0:FAIL-t37] and 0 exception(s); ee6ff355-4f2c-4ff1-aa68-7ca64f6b5439@group-BD7A3B63C209:t37, leader=null, voted=ee6ff355-4f2c-4ff1-aa68-7ca64f6b5439, raftlog=ee6ff355-4f2c-4ff1-aa68-7ca64f6b5439@group-BD7A3B63C209-SegmentedRaftLog:OPENED:c3,f4,i4, conf=0: [ee6ff355-4f2c-4ff1-aa68-7ca64f6b5439:192.168.157.194:37608, e3697062-c193-48d1-b15e-d6b6b4dc6638:192.168.157.194:40986, a10aa3ca-3ab2-4d87-9bc7-0d045ec2b4ce:192.168.157.194:36577], old=null
2019-10-17 01:10:32,328 [ee6ff355-4f2c-4ff1-aa68-7ca64f6b5439@group-BD7A3B63C209-LeaderElection53] INFO  impl.RaftServerImpl (RaftServerImpl.java:setRole(184)) - ee6ff355-4f2c-4ff1-aa68-7ca64f6b5439@group-BD7A3B63C209: changes role from CANDIDATE to FOLLOWER at term 37 for DISCOVERED_A_NEW_TERM
2019-10-17 01:10:32,328 [ee6ff355-4f2c-4ff1-aa68-7ca64f6b5439@group-BD7A3B63C209-LeaderElection53] INFO  impl.RoleInfo (RoleInfo.java:shutdownLeaderElection(134)) - ee6ff355-4f2c-4ff1-aa68-7ca64f6b5439: shutdown LeaderElection
2019-10-17 01:10:32,328 [ee6ff355-4f2c-4ff1-aa68-7ca64f6b5439@group-BD7A3B63C209-LeaderElection53] INFO  impl.RoleInfo (RoleInfo.java:updateAndGet(143)) - ee6ff355-4f2c-4ff1-aa68-7ca64f6b5439: start FollowerState
2019-10-17 01:10:32,329 [grpc-default-executor-6] INFO  impl.RaftServerImpl (RaftServerImpl.java:setRole(184)) - ee6ff355-4f2c-4ff1-aa68-7ca64f6b5439@group-5DF6529D38A3: changes role from  FOLLOWER to FOLLOWER at term 19 for recognizeCandidate:e3697062-c193-48d1-b15e-d6b6b4dc6638
2019-10-17 01:10:32,329 [grpc-default-executor-6] INFO  impl.RoleInfo (RoleInfo.java:shutdownFollowerState(121)) - ee6ff355-4f2c-4ff1-aa68-7ca64f6b5439: shutdown FollowerState
2019-10-17 01:10:32,329 [grpc-default-executor-6] INFO  impl.RoleInfo (RoleInfo.java:updateAndGet(143)) - ee6ff355-4f2c-4ff1-aa68-7ca64f6b5439: start FollowerState
2019-10-17 01:10:32,329 [Thread-895] INFO  impl.FollowerState (FollowerState.java:run(117)) - ee6ff355-4f2c-4ff1-aa68-7ca64f6b5439@group-5DF6529D38A3-FollowerState was interrupted: java.lang.InterruptedException: sleep interrupted
2019-10-17 01:10:32,329 [grpc-default-executor-1] INFO  impl.RaftServerImpl (RaftServerImpl.java:setRole(184)) - a10aa3ca-3ab2-4d87-9bc7-0d045ec2b4ce@group-5DF6529D38A3: changes role from  FOLLOWER to FOLLOWER at term 19 for recognizeCandidate:e3697062-c193-48d1-b15e-d6b6b4dc6638
2019-10-17 01:10:32,330 [grpc-default-executor-1] INFO  impl.RoleInfo (RoleInfo.java:shutdownFollowerState(121)) - a10aa3ca-3ab2-4d87-9bc7-0d045ec2b4ce: shutdown FollowerState
2019-10-17 01:10:32,330 [grpc-default-executor-1] INFO  impl.RoleInfo (RoleInfo.java:updateAndGet(143)) - a10aa3ca-3ab2-4d87-9bc7-0d045ec2b4ce: start FollowerState
2019-10-17 01:10:32,330 [Thread-896] INFO  impl.FollowerState (FollowerState.java:run(117)) - a10aa3ca-3ab2-4d87-9bc7-0d045ec2b4ce@group-5DF6529D38A3-FollowerState was interrupted: java.lang.InterruptedException: sleep interrupted
2019-10-17 01:10:32,340 [e3697062-c193-48d1-b15e-d6b6b4dc6638@group-5DF6529D38A3-LeaderElection54] INFO  impl.LeaderElection (LeaderElection.java:logAndReturn(56)) - e3697062-c193-48d1-b15e-d6b6b4dc6638@group-5DF6529D38A3-LeaderElection54: Election TIMEOUT; received 0 response(s) [] and 0 exception(s); e3697062-c193-48d1-b15e-d6b6b4dc6638@group-5DF6529D38A3:t19, leader=null, voted=e3697062-c193-48d1-b15e-d6b6b4dc6638, raftlog=e3697062-c193-48d1-b15e-d6b6b4dc6638@group-5DF6529D38A3-SegmentedRaftLog:OPENED:c-1,f-1,i0, conf=-1: [ee6ff355-4f2c-4ff1-aa68-7ca64f6b5439:192.168.157.194:37608, e3697062-c193-48d1-b15e-d6b6b4dc6638:192.168.157.194:40986, a10aa3ca-3ab2-4d87-9bc7-0d045ec2b4ce:192.168.157.194:36577], old=null
2019-10-17 01:10:32,366 [e3697062-c193-48d1-b15e-d6b6b4dc6638@group-5DF6529D38A3-LeaderElection54] INFO  impl.LeaderElection (LeaderElection.java:askForVotes(178)) - e3697062-c193-48d1-b15e-d6b6b4dc6638@group-5DF6529D38A3-LeaderElection54: begin an election at term 20 for -1: [ee6ff355-4f2c-4ff1-aa68-7ca64f6b5439:192.168.157.194:37608, e3697062-c193-48d1-b15e-d6b6b4dc6638:192.168.157.194:40986, a10aa3ca-3ab2-4d87-9bc7-0d045ec2b4ce:192.168.157.194:36577], old=null
2019-10-17 01:10:32,368 [grpc-default-executor-1] INFO  impl.RaftServerImpl (RaftServerImpl.java:setRole(184)) - ee6ff355-4f2c-4ff1-aa68-7ca64f6b5439@group-5DF6529D38A3: changes role from  FOLLOWER to FOLLOWER at term 20 for recognizeCandidate:e3697062-c193-48d1-b15e-d6b6b4dc6638
2019-10-17 01:10:32,368 [grpc-default-executor-6] INFO  impl.RaftServerImpl (RaftServerImpl.java:setRole(184)) - a10aa3ca-3ab2-4d87-9bc7-0d045ec2b4ce@group-5DF6529D38A3: changes role from  FOLLOWER to FOLLOWER at term 20 for recognizeCandidate:e3697062-c193-48d1-b15e-d6b6b4dc6638
2019-10-17 01:10:32,368 [grpc-default-executor-1] INFO  impl.RoleInfo (RoleInfo.java:shutdownFollowerState(121)) - ee6ff355-4f2c-4ff1-aa68-7ca64f6b5439: shutdown FollowerState
2019-10-17 01:10:32,368 [grpc-default-executor-6] INFO  impl.RoleInfo (RoleInfo.java:shutdownFollowerState(121)) - a10aa3ca-3ab2-4d87-9bc7-0d045ec2b4ce: shutdown FollowerState
2019-10-17 01:10:32,368 [Thread-909] INFO  impl.FollowerState (FollowerState.java:run(117)) - ee6ff355-4f2c-4ff1-aa68-7ca64f6b5439@group-5DF6529D38A3-FollowerState was interrupted: java.lang.InterruptedException: sleep interrupted
2019-10-17 01:10:32,368 [grpc-default-executor-1] INFO  impl.RoleInfo (RoleInfo.java:updateAndGet(143)) - ee6ff355-4f2c-4ff1-aa68-7ca64f6b5439: start FollowerState
2019-10-17 01:10:32,369 [Thread-910] INFO  impl.FollowerState (FollowerState.java:run(117)) - a10aa3ca-3ab2-4d87-9bc7-0d045ec2b4ce@group-5DF6529D38A3-FollowerState was interrupted: java.lang.InterruptedException: sleep interrupted
2019-10-17 01:10:32,368 [grpc-default-executor-6] INFO  impl.RoleInfo (RoleInfo.java:updateAndGet(143)) - a10aa3ca-3ab2-4d87-9bc7-0d045ec2b4ce: start FollowerState
2019-10-17 01:10:32,369 [e3697062-c193-48d1-b15e-d6b6b4dc6638@group-5DF6529D38A3-LeaderElection54] INFO  impl.LeaderElection (LeaderElection.java:logAndReturn(56)) - e3697062-c193-48d1-b15e-d6b6b4dc6638@group-5DF6529D38A3-LeaderElection54: Election TIMEOUT; received 0 response(s) [] and 0 exception(s); e3697062-c193-48d1-b15e-d6b6b4dc6638@group-5DF6529D38A3:t20, leader=null, voted=e3697062-c193-48d1-b15e-d6b6b4dc6638, raftlog=e3697062-c193-48d1-b15e-d6b6b4dc6638@group-5DF6529D38A3-SegmentedRaftLog:OPENED:c-1,f-1,i0, conf=-1: [ee6ff355-4f2c-4ff1-aa68-7ca64f6b5439:192.168.157.194:37608, e3697062-c193-48d1-b15e-d6b6b4dc6638:192.168.157.194:40986, a10aa3ca-3ab2-4d87-9bc7-0d045ec2b4ce:192.168.157.194:36577], old=null
2019-10-17 01:10:32,383 [e3697062-c193-48d1-b15e-d6b6b4dc6638@group-5DF6529D38A3-LeaderElection54] INFO  impl.LeaderElection (LeaderElection.java:askForVotes(178)) - e3697062-c193-48d1-b15e-d6b6b4dc6638@group-5DF6529D38A3-LeaderElection54: begin an election at term 21 for -1: [ee6ff355-4f2c-4ff1-aa68-7ca64f6b5439:192.168.157.194:37608, e3697062-c193-48d1-b15e-d6b6b4dc6638:192.168.157.194:40986, a10aa3ca-3ab2-4d87-9bc7-0d045ec2b4ce:192.168.157.194:36577], old=null
2019-10-17 01:10:32,385 [grpc-default-executor-6] INFO  impl.RaftServerImpl (RaftServerImpl.java:setRole(184)) - a10aa3ca-3ab2-4d87-9bc7-0d045ec2b4ce@group-5DF6529D38A3: changes role from  FOLLOWER to FOLLOWER at term 21 for recognizeCandidate:e3697062-c193-48d1-b15e-d6b6b4dc6638
2019-10-17 01:10:32,385 [grpc-default-executor-1] INFO  impl.RaftServerImpl (RaftServerImpl.java:setRole(184)) - ee6ff355-4f2c-4ff1-aa68-7ca64f6b5439@group-5DF6529D38A3: changes role from  FOLLOWER to FOLLOWER at term 21 for recognizeCandidate:e3697062-c193-48d1-b15e-d6b6b4dc6638
2019-10-17 01:10:32,385 [grpc-default-executor-6] INFO  impl.RoleInfo (RoleInfo.java:shutdownFollowerState(121)) - a10aa3ca-3ab2-4d87-9bc7-0d045ec2b4ce: shutdown FollowerState
2019-10-17 01:10:32,385 [grpc-default-executor-1] INFO  impl.RoleInfo (RoleInfo.java:shutdownFollowerState(121)) - ee6ff355-4f2c-4ff1-aa68-7ca64f6b5439: shutdown FollowerState
2019-10-17 01:10:32,386 [Thread-914] INFO  impl.FollowerState (FollowerState.java:run(117)) - a10aa3ca-3ab2-4d87-9bc7-0d045ec2b4ce@group-5DF6529D38A3-FollowerState was interrupted: java.lang.InterruptedException: sleep interrupted
2019-10-17 01:10:32,386 [grpc-default-executor-6] INFO  impl.RoleInfo (RoleInfo.java:updateAndGet(143)) - a10aa3ca-3ab2-4d87-9bc7-0d045ec2b4ce: start FollowerState
2019-10-17 01:10:32,386 [Thread-913] INFO  impl.FollowerState (FollowerState.java:run(117)) - ee6ff355-4f2c-4ff1-aa68-7ca64f6b5439@group-5DF6529D38A3-FollowerState was interrupted: java.lang.InterruptedException: sleep interrupted
2019-10-17 01:10:32,386 [grpc-default-executor-1] INFO  impl.RoleInfo (RoleInfo.java:updateAndGet(143)) - ee6ff355-4f2c-4ff1-aa68-7ca64f6b5439: start FollowerState
2019-10-17 01:10:32,401 [e3697062-c193-48d1-b15e-d6b6b4dc6638@group-5DF6529D38A3-LeaderElection54] INFO  impl.LeaderElection (LeaderElection.java:logAndReturn(56)) - e3697062-c193-48d1-b15e-d6b6b4dc6638@group-5DF6529D38A3-LeaderElection54: Election REJECTED; received 2 response(s) [e3697062-c193-48d1-b15e-d6b6b4dc6638<-ee6ff355-4f2c-4ff1-aa68-7ca64f6b5439#0:FAIL-t21, e3697062-c193-48d1-b15e-d6b6b4dc6638<-a10aa3ca-3ab2-4d87-9bc7-0d045ec2b4ce#0:FAIL-t21] and 0 exception(s); e3697062-c193-48d1-b15e-d6b6b4dc6638@group-5DF6529D38A3:t21, leader=null, voted=e3697062-c193-48d1-b15e-d6b6b4dc6638, raftlog=e3697062-c193-48d1-b15e-d6b6b4dc6638@group-5DF6529D38A3-SegmentedRaftLog:OPENED:c-1,f-1,i0, conf=-1: [ee6ff355-4f2c-4ff1-aa68-7ca64f6b5439:192.168.157.194:37608, e3697062-c193-48d1-b15e-d6b6b4dc6638:192.168.157.194:40986, a10aa3ca-3ab2-4d87-9bc7-0d045ec2b4ce:192.168.157.194:36577], old=null
2019-10-17 01:10:32,401 [e3697062-c193-48d1-b15e-d6b6b4dc6638@group-5DF6529D38A3-LeaderElection54] INFO  impl.RaftServerImpl (RaftServerImpl.java:setRole(184)) - e3697062-c193-48d1-b15e-d6b6b4dc6638@group-5DF6529D38A3: changes role from CANDIDATE to FOLLOWER at term 21 for DISCOVERED_A_NEW_TERM
2019-10-17 01:10:32,401 [e3697062-c193-48d1-b15e-d6b6b4dc6638@group-5DF6529D38A3-LeaderElection54] INFO  impl.RoleInfo (RoleInfo.java:shutdownLeaderElection(134)) - e3697062-c193-48d1-b15e-d6b6b4dc6638: shutdown LeaderElection
2019-10-17 01:10:32,401 [e3697062-c193-48d1-b15e-d6b6b4dc6638@group-5DF6529D38A3-LeaderElection54] INFO  impl.RoleInfo (RoleInfo.java:updateAndGet(143)) - e3697062-c193-48d1-b15e-d6b6b4dc6638: start FollowerState
2019-10-17 01:10:32,409 [Thread-908] INFO  impl.FollowerState (FollowerState.java:run(108)) - ee6ff355-4f2c-4ff1-aa68-7ca64f6b5439@group-BD7A3B63C209-FollowerState: change to CANDIDATE, lastRpcTime:80ms, electionTimeout:80ms
2019-10-17 01:10:32,409 [Thread-908] INFO  impl.RoleInfo (RoleInfo.java:shutdownFollowerState(121)) - ee6ff355-4f2c-4ff1-aa68-7ca64f6b5439: shutdown FollowerState
2019-10-17 01:10:32,409 [Thread-908] INFO  impl.RaftServerImpl (RaftServerImpl.java:setRole(184)) - ee6ff355-4f2c-4ff1-aa68-7ca64f6b5439@group-BD7A3B63C209: changes role from  FOLLOWER to CANDIDATE at term 37 for changeToCandidate
2019-10-17 01:10:32,409 [Thread-908] INFO  impl.RoleInfo (RoleInfo.java:updateAndGet(143)) - ee6ff355-4f2c-4ff1-aa68-7ca64f6b5439: start LeaderElection
2019-10-17 01:10:32,422 [ee6ff355-4f2c-4ff1-aa68-7ca64f6b5439@group-BD7A3B63C209-LeaderElection55] INFO  impl.LeaderElection (LeaderElection.java:askForVotes(178)) - ee6ff355-4f2c-4ff1-aa68-7ca64f6b5439@group-BD7A3B63C209-LeaderElection55: begin an election at term 38 for 0: [ee6ff355-4f2c-4ff1-aa68-7ca64f6b5439:192.168.157.194:37608, e3697062-c193-48d1-b15e-d6b6b4dc6638:192.168.157.194:40986, a10aa3ca-3ab2-4d87-9bc7-0d045ec2b4ce:192.168.157.194:36577], old=null
2019-10-17 01:10:32,425 [grpc-default-executor-1] INFO  impl.RaftServerImpl (RaftServerImpl.java:setRole(184)) - a10aa3ca-3ab2-4d87-9bc7-0d045ec2b4ce@group-BD7A3B63C209: changes role from  FOLLOWER to FOLLOWER at term 38 for recognizeCandidate:ee6ff355-4f2c-4ff1-aa68-7ca64f6b5439
2019-10-17 01:10:32,425 [grpc-default-executor-1] INFO  impl.RoleInfo (RoleInfo.java:shutdownFollowerState(121)) - a10aa3ca-3ab2-4d87-9bc7-0d045ec2b4ce: shutdown FollowerState
2019-10-17 01:10:32,425 [Thread-904] INFO  impl.FollowerState (FollowerState.java:run(117)) - a10aa3ca-3ab2-4d87-9bc7-0d045ec2b4ce@group-BD7A3B63C209-FollowerState was interrupted: java.lang.InterruptedException: sleep interrupted
2019-10-17 01:10:32,425 [grpc-default-executor-1] INFO  impl.RoleInfo (RoleInfo.java:updateAndGet(143)) - a10aa3ca-3ab2-4d87-9bc7-0d045ec2b4ce: start FollowerState
2019-10-17 01:10:32,425 [grpc-default-executor-6] INFO  impl.RaftServerImpl (RaftServerImpl.java:setRole(184)) - e3697062-c193-48d1-b15e-d6b6b4dc6638@group-BD7A3B63C209: changes role from  FOLLOWER to FOLLOWER at term 38 for recognizeCandidate:ee6ff355-4f2c-4ff1-aa68-7ca64f6b5439
2019-10-17 01:10:32,425 [grpc-default-executor-6] INFO  impl.RoleInfo (RoleInfo.java:shutdownFollowerState(121)) - e3697062-c193-48d1-b15e-d6b6b4dc6638: shutdown FollowerState
2019-10-17 01:10:32,425 [grpc-default-executor-6] INFO  impl.RoleInfo (RoleInfo.java:updateAndGet(143)) - e3697062-c193-48d1-b15e-d6b6b4dc6638: start FollowerState
2019-10-17 01:10:32,425 [Thread-903] INFO  impl.FollowerState (FollowerState.java:run(117)) - e3697062-c193-48d1-b15e-d6b6b4dc6638@group-BD7A3B63C209-FollowerState was interrupted: java.lang.InterruptedException: sleep interrupted
2019-10-17 01:10:32,439 [ee6ff355-4f2c-4ff1-aa68-7ca64f6b5439@group-BD7A3B63C209-LeaderElection55] INFO  impl.LeaderElection (LeaderElection.java:logAndReturn(56)) - ee6ff355-4f2c-4ff1-aa68-7ca64f6b5439@group-BD7A3B63C209-LeaderElection55: Election REJECTED; received 2 response(s) [ee6ff355-4f2c-4ff1-aa68-7ca64f6b5439<-e3697062-c193-48d1-b15e-d6b6b4dc6638#0:FAIL-t38, ee6ff355-4f2c-4ff1-aa68-7ca64f6b5439<-a10aa3ca-3ab2-4d87-9bc7-0d045ec2b4ce#0:FAIL-t38] and 0 exception(s); ee6ff355-4f2c-4ff1-aa68-7ca64f6b5439@group-BD7A3B63C209:t38, leader=null, voted=ee6ff355-4f2c-4ff1-aa68-7ca64f6b5439, raftlog=ee6ff355-4f2c-4ff1-aa68-7ca64f6b5439@group-BD7A3B63C209-SegmentedRaftLog:OPENED:c3,f4,i4, conf=0: [ee6ff355-4f2c-4ff1-aa68-7ca64f6b5439:192.168.157.194:37608, e3697062-c193-48d1-b15e-d6b6b4dc6638:192.168.157.194:40986, a10aa3ca-3ab2-4d87-9bc7-0d045ec2b4ce:192.168.157.194:36577], old=null
2019-10-17 01:10:32,439 [ee6ff355-4f2c-4ff1-aa68-7ca64f6b5439@group-BD7A3B63C209-LeaderElection55] INFO  impl.RaftServerImpl (RaftServerImpl.java:setRole(184)) - ee6ff355-4f2c-4ff1-aa68-7ca64f6b5439@group-BD7A3B63C209: changes role from CANDIDATE to FOLLOWER at term 38 for DISCOVERED_A_NEW_TERM
2019-10-17 01:10:32,439 [ee6ff355-4f2c-4ff1-aa68-7ca64f6b5439@group-BD7A3B63C209-LeaderElection55] INFO  impl.RoleInfo (RoleInfo.java:shutdownLeaderElection(134)) - ee6ff355-4f2c-4ff1-aa68-7ca64f6b5439: shutdown LeaderElection
2019-10-17 01:10:32,439 [ee6ff355-4f2c-4ff1-aa68-7ca64f6b5439@group-BD7A3B63C209-LeaderElection55] INFO  impl.RoleInfo (RoleInfo.java:updateAndGet(143)) - ee6ff355-4f2c-4ff1-aa68-7ca64f6b5439: start FollowerState
2019-10-17 01:10:32,560 [Thread-925] INFO  impl.FollowerState (FollowerState.java:run(108)) - ee6ff355-4f2c-4ff1-aa68-7ca64f6b5439@group-BD7A3B63C209-FollowerState: change to CANDIDATE, lastRpcTime:120ms, electionTimeout:120ms
2019-10-17 01:10:32,560 [Thread-925] INFO  impl.RoleInfo (RoleInfo.java:shutdownFollowerState(121)) - ee6ff355-4f2c-4ff1-aa68-7ca64f6b5439: shutdown FollowerState
2019-10-17 01:10:32,560 [Thread-925] INFO  impl.RaftServerImpl (RaftServerImpl.java:setRole(184)) - ee6ff355-4f2c-4ff1-aa68-7ca64f6b5439@group-BD7A3B63C209: changes role from  FOLLOWER to CANDIDATE at term 38 for changeToCandidate
2019-10-17 01:10:32,560 [Thread-925] INFO  impl.RoleInfo (RoleInfo.java:updateAndGet(143)) - ee6ff355-4f2c-4ff1-aa68-7ca64f6b5439: start LeaderElection
2019-10-17 01:10:32,565 [Thread-919] INFO  impl.FollowerState (FollowerState.java:run(108)) - e3697062-c193-48d1-b15e-d6b6b4dc6638@group-5DF6529D38A3-FollowerState: change to CANDIDATE, lastRpcTime:163ms, electionTimeout:163ms
2019-10-17 01:10:32,565 [Thread-919] INFO  impl.RoleInfo (RoleInfo.java:shutdownFollowerState(121)) - e3697062-c193-48d1-b15e-d6b6b4dc6638: shutdown FollowerState
2019-10-17 01:10:32,565 [Thread-919] INFO  impl.RaftServerImpl (RaftServerImpl.java:setRole(184)) - e3697062-c193-48d1-b15e-d6b6b4dc6638@group-5DF6529D38A3: changes role from  FOLLOWER to CANDIDATE at term 21 for changeToCandidate
2019-10-17 01:10:32,565 [Thread-919] INFO  impl.RoleInfo (RoleInfo.java:updateAndGet(143)) - e3697062-c193-48d1-b15e-d6b6b4dc6638: start LeaderElection
2019-10-17 01:10:32,569 [ee6ff355-4f2c-4ff1-aa68-7ca64f6b5439@group-BD7A3B63C209-LeaderElection56] INFO  impl.LeaderElection (LeaderElection.java:askForVotes(178)) - ee6ff355-4f2c-4ff1-aa68-7ca64f6b5439@group-BD7A3B63C209-LeaderElection56: begin an election at term 39 for 0: [ee6ff355-4f2c-4ff1-aa68-7ca64f6b5439:192.168.157.194:37608, e3697062-c193-48d1-b15e-d6b6b4dc6638:192.168.157.194:40986, a10aa3ca-3ab2-4d87-9bc7-0d045ec2b4ce:192.168.157.194:36577], old=null
2019-10-17 01:10:32,570 [e3697062-c193-48d1-b15e-d6b6b4dc6638@group-5DF6529D38A3-LeaderElection57] INFO  impl.LeaderElection (LeaderElection.java:askForVotes(178)) - e3697062-c193-48d1-b15e-d6b6b4dc6638@group-5DF6529D38A3-LeaderElection57: begin an election at term 22 for -1: [ee6ff355-4f2c-4ff1-aa68-7ca64f6b5439:192.168.157.194:37608, e3697062-c193-48d1-b15e-d6b6b4dc6638:192.168.157.194:40986, a10aa3ca-3ab2-4d87-9bc7-0d045ec2b4ce:192.168.157.194:36577], old=null
2019-10-17 01:10:32,572 [grpc-default-executor-6] INFO  impl.RaftServerImpl (RaftServerImpl.java:setRole(184)) - a10aa3ca-3ab2-4d87-9bc7-0d045ec2b4ce@group-BD7A3B63C209: changes role from  FOLLOWER to FOLLOWER at term 39 for recognizeCandidate:ee6ff355-4f2c-4ff1-aa68-7ca64f6b5439
2019-10-17 01:10:32,572 [grpc-default-executor-1] INFO  impl.RaftServerImpl (RaftServerImpl.java:setRole(184)) - e3697062-c193-48d1-b15e-d6b6b4dc6638@group-BD7A3B63C209: changes role from  FOLLOWER to FOLLOWER at term 39 for recognizeCandidate:ee6ff355-4f2c-4ff1-aa68-7ca64f6b5439
2019-10-17 01:10:32,572 [grpc-default-executor-6] INFO  impl.RoleInfo (RoleInfo.java:shutdownFollowerState(121)) - a10aa3ca-3ab2-4d87-9bc7-0d045ec2b4ce: shutdown FollowerState
2019-10-17 01:10:32,572 [grpc-default-executor-5] INFO  impl.RaftServerImpl (RaftServerImpl.java:setRole(184)) - ee6ff355-4f2c-4ff1-aa68-7ca64f6b5439@group-5DF6529D38A3: changes role from  FOLLOWER to FOLLOWER at term 22 for recognizeCandidate:e3697062-c193-48d1-b15e-d6b6b4dc6638
2019-10-17 01:10:32,572 [grpc-default-executor-1] INFO  impl.RoleInfo (RoleInfo.java:shutdownFollowerState(121)) - e3697062-c193-48d1-b15e-d6b6b4dc6638: shutdown FollowerState
2019-10-17 01:10:32,573 [grpc-default-executor-5] INFO  impl.RoleInfo (RoleInfo.java:shutdownFollowerState(121)) - ee6ff355-4f2c-4ff1-aa68-7ca64f6b5439: shutdown FollowerState
2019-10-17 01:10:32,572 [Thread-923] INFO  impl.FollowerState (FollowerState.java:run(117)) - a10aa3ca-3ab2-4d87-9bc7-0d045ec2b4ce@group-BD7A3B63C209-FollowerState was interrupted: java.lang.InterruptedException: sleep interrupted
2019-10-17 01:10:32,572 [grpc-default-executor-6] INFO  impl.RoleInfo (RoleInfo.java:updateAndGet(143)) - a10aa3ca-3ab2-4d87-9bc7-0d045ec2b4ce: start FollowerState
2019-10-17 01:10:32,572 [grpc-default-executor-0] INFO  impl.RaftServerImpl (RaftServerImpl.java:setRole(184)) - a10aa3ca-3ab2-4d87-9bc7-0d045ec2b4ce@group-5DF6529D38A3: changes role from  FOLLOWER to FOLLOWER at term 22 for recognizeCandidate:e3697062-c193-48d1-b15e-d6b6b4dc6638
2019-10-17 01:10:32,573 [Thread-918] INFO  impl.FollowerState (FollowerState.java:run(117)) - ee6ff355-4f2c-4ff1-aa68-7ca64f6b5439@group-5DF6529D38A3-FollowerState was interrupted: java.lang.InterruptedException: sleep interrupted
2019-10-17 01:10:32,573 [grpc-default-executor-5] INFO  impl.RoleInfo (RoleInfo.java:updateAndGet(143)) - ee6ff355-4f2c-4ff1-aa68-7ca64f6b5439: start FollowerState
2019-10-17 01:10:32,573 [grpc-default-executor-1] INFO  impl.RoleInfo (RoleInfo.java:updateAndGet(143)) - e3697062-c193-48d1-b15e-d6b6b4dc6638: start FollowerState
2019-10-17 01:10:32,573 [Thread-924] INFO  impl.FollowerState (FollowerState.java:run(117)) - e3697062-c193-48d1-b15e-d6b6b4dc6638@group-BD7A3B63C209-FollowerState was interrupted: java.lang.InterruptedException: sleep interrupted
2019-10-17 01:10:32,573 [grpc-default-executor-0] INFO  impl.RoleInfo (RoleInfo.java:shutdownFollowerState(121)) - a10aa3ca-3ab2-4d87-9bc7-0d045ec2b4ce: shutdown FollowerState
2019-10-17 01:10:32,574 [grpc-default-executor-0] INFO  impl.RoleInfo (RoleInfo.java:updateAndGet(143)) - a10aa3ca-3ab2-4d87-9bc7-0d045ec2b4ce: start FollowerState
2019-10-17 01:10:32,574 [Thread-917] INFO  impl.FollowerState (FollowerState.java:run(117)) - a10aa3ca-3ab2-4d87-9bc7-0d045ec2b4ce@group-5DF6529D38A3-FollowerState was interrupted: java.lang.InterruptedException: sleep interrupted
2019-10-17 01:10:32,591 [ee6ff355-4f2c-4ff1-aa68-7ca64f6b5439@group-BD7A3B63C209-LeaderElection56] INFO  impl.LeaderElection (LeaderElection.java:logAndReturn(56)) - ee6ff355-4f2c-4ff1-aa68-7ca64f6b5439@group-BD7A3B63C209-LeaderElection56: Election TIMEOUT; received 0 response(s) [] and 0 exception(s); ee6ff355-4f2c-4ff1-aa68-7ca64f6b5439@group-BD7A3B63C209:t39, leader=null, voted=ee6ff355-4f2c-4ff1-aa68-7ca64f6b5439, raftlog=ee6ff355-4f2c-4ff1-aa68-7ca64f6b5439@group-BD7A3B63C209-SegmentedRaftLog:OPENED:c3,f4,i4, conf=0: [ee6ff355-4f2c-4ff1-aa68-7ca64f6b5439:192.168.157.194:37608, e3697062-c193-48d1-b15e-d6b6b4dc6638:192.168.157.194:40986, a10aa3ca-3ab2-4d87-9bc7-0d045ec2b4ce:192.168.157.194:36577], old=null
2019-10-17 01:10:32,598 [e3697062-c193-48d1-b15e-d6b6b4dc6638@group-5DF6529D38A3-LeaderElection57] INFO  impl.LeaderElection (LeaderElection.java:logAndReturn(56)) - e3697062-c193-48d1-b15e-d6b6b4dc6638@group-5DF6529D38A3-LeaderElection57: Election REJECTED; received 2 response(s) [e3697062-c193-48d1-b15e-d6b6b4dc6638<-ee6ff355-4f2c-4ff1-aa68-7ca64f6b5439#0:FAIL-t22, e3697062-c193-48d1-b15e-d6b6b4dc6638<-a10aa3ca-3ab2-4d87-9bc7-0d045ec2b4ce#0:FAIL-t22] and 0 exception(s); e3697062-c193-48d1-b15e-d6b6b4dc6638@group-5DF6529D38A3:t22, leader=null, voted=e3697062-c193-48d1-b15e-d6b6b4dc6638, raftlog=e3697062-c193-48d1-b15e-d6b6b4dc6638@group-5DF6529D38A3-SegmentedRaftLog:OPENED:c-1,f-1,i0, conf=-1: [ee6ff355-4f2c-4ff1-aa68-7ca64f6b5439:192.168.157.194:37608, e3697062-c193-48d1-b15e-d6b6b4dc6638:192.168.157.194:40986, a10aa3ca-3ab2-4d87-9bc7-0d045ec2b4ce:192.168.157.194:36577], old=null
2019-10-17 01:10:32,598 [e3697062-c193-48d1-b15e-d6b6b4dc6638@group-5DF6529D38A3-LeaderElection57] INFO  impl.RaftServerImpl (RaftServerImpl.java:setRole(184)) - e3697062-c193-48d1-b15e-d6b6b4dc6638@group-5DF6529D38A3: changes role from CANDIDATE to FOLLOWER at term 22 for DISCOVERED_A_NEW_TERM
2019-10-17 01:10:32,598 [e3697062-c193-48d1-b15e-d6b6b4dc6638@group-5DF6529D38A3-LeaderElection57] INFO  impl.RoleInfo (RoleInfo.java:shutdownLeaderElection(134)) - e3697062-c193-48d1-b15e-d6b6b4dc6638: shutdown LeaderElection
2019-10-17 01:10:32,599 [e3697062-c193-48d1-b15e-d6b6b4dc6638@group-5DF6529D38A3-LeaderElection57] INFO  impl.RoleInfo (RoleInfo.java:updateAndGet(143)) - e3697062-c193-48d1-b15e-d6b6b4dc6638: start FollowerState
2019-10-17 01:10:32,599 [ee6ff355-4f2c-4ff1-aa68-7ca64f6b5439@group-BD7A3B63C209-LeaderElection56] INFO  impl.LeaderElection (LeaderElection.java:askForVotes(178)) - ee6ff355-4f2c-4ff1-aa68-7ca64f6b5439@group-BD7A3B63C209-LeaderElection56: begin an election at term 40 for 0: [ee6ff355-4f2c-4ff1-aa68-7ca64f6b5439:192.168.157.194:37608, e3697062-c193-48d1-b15e-d6b6b4dc6638:192.168.157.194:40986, a10aa3ca-3ab2-4d87-9bc7-0d045ec2b4ce:192.168.157.194:36577], old=null
2019-10-17 01:10:32,601 [grpc-default-executor-6] INFO  impl.RaftServerImpl (RaftServerImpl.java:setRole(184)) - a10aa3ca-3ab2-4d87-9bc7-0d045ec2b4ce@group-BD7A3B63C209: changes role from  FOLLOWER to FOLLOWER at term 40 for recognizeCandidate:ee6ff355-4f2c-4ff1-aa68-7ca64f6b5439
2019-10-17 01:10:32,601 [grpc-default-executor-6] INFO  impl.RoleInfo (RoleInfo.java:shutdownFollowerState(121)) - a10aa3ca-3ab2-4d87-9bc7-0d045ec2b4ce: shutdown FollowerState
2019-10-17 01:10:32,601 [grpc-default-executor-5] INFO  impl.RaftServerImpl (RaftServerImpl.java:setRole(184)) - e3697062-c193-48d1-b15e-d6b6b4dc6638@group-BD7A3B63C209: changes role from  FOLLOWER to FOLLOWER at term 40 for recognizeCandidate:ee6ff355-4f2c-4ff1-aa68-7ca64f6b5439
2019-10-17 01:10:32,601 [Thread-933] INFO  impl.FollowerState (FollowerState.java:run(117)) - a10aa3ca-3ab2-4d87-9bc7-0d045ec2b4ce@group-BD7A3B63C209-FollowerState was interrupted: java.lang.InterruptedException: sleep interrupted
2019-10-17 01:10:32,601 [grpc-default-executor-6] INFO  impl.RoleInfo (RoleInfo.java:updateAndGet(143)) - a10aa3ca-3ab2-4d87-9bc7-0d045ec2b4ce: start FollowerState
2019-10-17 01:10:32,601 [grpc-default-executor-5] INFO  impl.RoleInfo (RoleInfo.java:shutdownFollowerState(121)) - e3697062-c193-48d1-b15e-d6b6b4dc6638: shutdown FollowerState
2019-10-17 01:10:32,602 [grpc-default-executor-5] INFO  impl.RoleInfo (RoleInfo.java:updateAndGet(143)) - e3697062-c193-48d1-b15e-d6b6b4dc6638: start FollowerState
2019-10-17 01:10:32,602 [Thread-934] INFO  impl.FollowerState (FollowerState.java:run(117)) - e3697062-c193-48d1-b15e-d6b6b4dc6638@group-BD7A3B63C209-FollowerState was interrupted: java.lang.InterruptedException: sleep interrupted
2019-10-17 01:10:32,612 [ee6ff355-4f2c-4ff1-aa68-7ca64f6b5439@group-BD7A3B63C209-LeaderElection56] INFO  impl.LeaderElection (LeaderElection.java:logAndReturn(56)) - ee6ff355-4f2c-4ff1-aa68-7ca64f6b5439@group-BD7A3B63C209-LeaderElection56: Election REJECTED; received 2 response(s) [ee6ff355-4f2c-4ff1-aa68-7ca64f6b5439<-e3697062-c193-48d1-b15e-d6b6b4dc6638#0:FAIL-t40, ee6ff355-4f2c-4ff1-aa68-7ca64f6b5439<-a10aa3ca-3ab2-4d87-9bc7-0d045ec2b4ce#0:FAIL-t40] and 0 exception(s); ee6ff355-4f2c-4ff1-aa68-7ca64f6b5439@group-BD7A3B63C209:t40, leader=null, voted=ee6ff355-4f2c-4ff1-aa68-7ca64f6b5439, raftlog=ee6ff355-4f2c-4ff1-aa68-7ca64f6b5439@group-BD7A3B63C209-SegmentedRaftLog:OPENED:c3,f4,i4, conf=0: [ee6ff355-4f2c-4ff1-aa68-7ca64f6b5439:192.168.157.194:37608, e3697062-c193-48d1-b15e-d6b6b4dc6638:192.168.157.194:40986, a10aa3ca-3ab2-4d87-9bc7-0d045ec2b4ce:192.168.157.194:36577], old=null
2019-10-17 01:10:32,612 [ee6ff355-4f2c-4ff1-aa68-7ca64f6b5439@group-BD7A3B63C209-LeaderElection56] INFO  impl.RaftServerImpl (RaftServerImpl.java:setRole(184)) - ee6ff355-4f2c-4ff1-aa68-7ca64f6b5439@group-BD7A3B63C209: changes role from CANDIDATE to FOLLOWER at term 40 for DISCOVERED_A_NEW_TERM
2019-10-17 01:10:32,612 [ee6ff355-4f2c-4ff1-aa68-7ca64f6b5439@group-BD7A3B63C209-LeaderElection56] INFO  impl.RoleInfo (RoleInfo.java:shutdownLeaderElection(134)) - ee6ff355-4f2c-4ff1-aa68-7ca64f6b5439: shutdown LeaderElection
2019-10-17 01:10:32,613 [ee6ff355-4f2c-4ff1-aa68-7ca64f6b5439@group-BD7A3B63C209-LeaderElection56] INFO  impl.RoleInfo (RoleInfo.java:updateAndGet(143)) - ee6ff355-4f2c-4ff1-aa68-7ca64f6b5439: start FollowerState
2019-10-17 01:10:32,650 [Thread-942] INFO  impl.FollowerState (FollowerState.java:run(108)) - ee6ff355-4f2c-4ff1-aa68-7ca64f6b5439@group-BD7A3B63C209-FollowerState: change to CANDIDATE, lastRpcTime:37ms, electionTimeout:37ms
2019-10-17 01:10:32,650 [Thread-942] INFO  impl.RoleInfo (RoleInfo.java:shutdownFollowerState(121)) - ee6ff355-4f2c-4ff1-aa68-7ca64f6b5439: shutdown FollowerState
2019-10-17 01:10:32,650 [Thread-942] INFO  impl.RaftServerImpl (RaftServerImpl.java:setRole(184)) - ee6ff355-4f2c-4ff1-aa68-7ca64f6b5439@group-BD7A3B63C209: changes role from  FOLLOWER to CANDIDATE at term 40 for changeToCandidate
2019-10-17 01:10:32,650 [Thread-942] INFO  impl.RoleInfo (RoleInfo.java:updateAndGet(143)) - ee6ff355-4f2c-4ff1-aa68-7ca64f6b5439: start LeaderElection
2019-10-17 01:10:32,665 [ee6ff355-4f2c-4ff1-aa68-7ca64f6b5439@group-BD7A3B63C209-LeaderElection58] INFO  impl.LeaderElection (LeaderElection.java:askForVotes(178)) - ee6ff355-4f2c-4ff1-aa68-7ca64f6b5439@group-BD7A3B63C209-LeaderElection58: begin an election at term 41 for 0: [ee6ff355-4f2c-4ff1-aa68-7ca64f6b5439:192.168.157.194:37608, e3697062-c193-48d1-b15e-d6b6b4dc6638:192.168.157.194:40986, a10aa3ca-3ab2-4d87-9bc7-0d045ec2b4ce:192.168.157.194:36577], old=null
2019-10-17 01:10:32,668 [grpc-default-executor-6] INFO  impl.RaftServerImpl (RaftServerImpl.java:setRole(184)) - e3697062-c193-48d1-b15e-d6b6b4dc6638@group-BD7A3B63C209: changes role from  FOLLOWER to FOLLOWER at term 41 for recognizeCandidate:ee6ff355-4f2c-4ff1-aa68-7ca64f6b5439
2019-10-17 01:10:32,668 [grpc-default-executor-6] INFO  impl.RoleInfo (RoleInfo.java:shutdownFollowerState(121)) - e3697062-c193-48d1-b15e-d6b6b4dc6638: shutdown FollowerState
2019-10-17 01:10:32,668 [grpc-default-executor-6] INFO  impl.RoleInfo (RoleInfo.java:updateAndGet(143)) - e3697062-c193-48d1-b15e-d6b6b4dc6638: start FollowerState
2019-10-17 01:10:32,668 [Thread-941] INFO  impl.FollowerState (FollowerState.java:run(117)) - e3697062-c193-48d1-b15e-d6b6b4dc6638@group-BD7A3B63C209-FollowerState was interrupted: java.lang.InterruptedException: sleep interrupted
2019-10-17 01:10:32,669 [grpc-default-executor-5] INFO  impl.RaftServerImpl (RaftServerImpl.java:setRole(184)) - a10aa3ca-3ab2-4d87-9bc7-0d045ec2b4ce@group-BD7A3B63C209: changes role from  FOLLOWER to FOLLOWER at term 41 for recognizeCandidate:ee6ff355-4f2c-4ff1-aa68-7ca64f6b5439
2019-10-17 01:10:32,669 [grpc-default-executor-5] INFO  impl.RoleInfo (RoleInfo.java:shutdownFollowerState(121)) - a10aa3ca-3ab2-4d87-9bc7-0d045ec2b4ce: shutdown FollowerState
2019-10-17 01:10:32,669 [grpc-default-executor-5] INFO  impl.RoleInfo (RoleInfo.java:updateAndGet(143)) - a10aa3ca-3ab2-4d87-9bc7-0d045ec2b4ce: start FollowerState
2019-10-17 01:10:32,669 [Thread-940] INFO  impl.FollowerState (FollowerState.java:run(117)) - a10aa3ca-3ab2-4d87-9bc7-0d045ec2b4ce@group-BD7A3B63C209-FollowerState was interrupted: java.lang.InterruptedException: sleep interrupted
2019-10-17 01:10:32,684 [ee6ff355-4f2c-4ff1-aa68-7ca64f6b5439@group-BD7A3B63C209-LeaderElection58] INFO  impl.LeaderElection (LeaderElection.java:logAndReturn(56)) - ee6ff355-4f2c-4ff1-aa68-7ca64f6b5439@group-BD7A3B63C209-LeaderElection58: Election REJECTED; received 2 response(s) [ee6ff355-4f2c-4ff1-aa68-7ca64f6b5439<-e3697062-c193-48d1-b15e-d6b6b4dc6638#0:FAIL-t41, ee6ff355-4f2c-4ff1-aa68-7ca64f6b5439<-a10aa3ca-3ab2-4d87-9bc7-0d045ec2b4ce#0:FAIL-t41] and 0 exception(s); ee6ff355-4f2c-4ff1-aa68-7ca64f6b5439@group-BD7A3B63C209:t41, leader=null, voted=ee6ff355-4f2c-4ff1-aa68-7ca64f6b5439, raftlog=ee6ff355-4f2c-4ff1-aa68-7ca64f6b5439@group-BD7A3B63C209-SegmentedRaftLog:OPENED:c3,f4,i4, conf=0: [ee6ff355-4f2c-4ff1-aa68-7ca64f6b5439:192.168.157.194:37608, e3697062-c193-48d1-b15e-d6b6b4dc6638:192.168.157.194:40986, a10aa3ca-3ab2-4d87-9bc7-0d045ec2b4ce:192.168.157.194:36577], old=null
2019-10-17 01:10:32,684 [ee6ff355-4f2c-4ff1-aa68-7ca64f6b5439@group-BD7A3B63C209-LeaderElection58] INFO  impl.RaftServerImpl (RaftServerImpl.java:setRole(184)) - ee6ff355-4f2c-4ff1-aa68-7ca64f6b5439@group-BD7A3B63C209: changes role from CANDIDATE to FOLLOWER at term 41 for DISCOVERED_A_NEW_TERM
2019-10-17 01:10:32,684 [ee6ff355-4f2c-4ff1-aa68-7ca64f6b5439@group-BD7A3B63C209-LeaderElection58] INFO  impl.RoleInfo (RoleInfo.java:shutdownLeaderElection(134)) - ee6ff355-4f2c-4ff1-aa68-7ca64f6b5439: shutdown LeaderElection
2019-10-17 01:10:32,684 [ee6ff355-4f2c-4ff1-aa68-7ca64f6b5439@group-BD7A3B63C209-LeaderElection58] INFO  impl.RoleInfo (RoleInfo.java:updateAndGet(143)) - ee6ff355-4f2c-4ff1-aa68-7ca64f6b5439: start FollowerState
2019-10-17 01:10:32,725 [Thread-950] INFO  client.GrpcClientProtocolService (GrpcClientProtocolService.java:lambda$processClientRequest$0(278)) - Failed RaftClientRequest:client-B379F03C97AF->a10aa3ca-3ab2-4d87-9bc7-0d045ec2b4ce@group-BD7A3B63C209, cid=10, seq=0, Watch-ALL_COMMITTED(6), Message:<EMPTY>, reply=RaftClientReply:client-B379F03C97AF->a10aa3ca-3ab2-4d87-9bc7-0d045ec2b4ce@group-BD7A3B63C209, cid=10, FAILED org.apache.ratis.protocol.NotLeaderException: Server a10aa3ca-3ab2-4d87-9bc7-0d045ec2b4ce@group-BD7A3B63C209 is not the leader, logIndex=0, commits[a10aa3ca-3ab2-4d87-9bc7-0d045ec2b4ce:c10, ee6ff355-4f2c-4ff1-aa68-7ca64f6b5439:c4, e3697062-c193-48d1-b15e-d6b6b4dc6638:c10]
2019-10-17 01:10:32,765 [Thread-937] INFO  impl.FollowerState (FollowerState.java:run(108)) - e3697062-c193-48d1-b15e-d6b6b4dc6638@group-5DF6529D38A3-FollowerState: change to CANDIDATE, lastRpcTime:166ms, electionTimeout:166ms
2019-10-17 01:10:32,765 [Thread-937] INFO  impl.RoleInfo (RoleInfo.java:shutdownFollowerState(121)) - e3697062-c193-48d1-b15e-d6b6b4dc6638: shutdown FollowerState
2019-10-17 01:10:32,765 [Thread-937] INFO  impl.RaftServerImpl (RaftServerImpl.java:setRole(184)) - e3697062-c193-48d1-b15e-d6b6b4dc6638@group-5DF6529D38A3: changes role from  FOLLOWER to CANDIDATE at term 22 for changeToCandidate
2019-10-17 01:10:32,766 [Thread-937] INFO  impl.RoleInfo (RoleInfo.java:updateAndGet(143)) - e3697062-c193-48d1-b15e-d6b6b4dc6638: start LeaderElection
2019-10-17 01:10:32,779 [e3697062-c193-48d1-b15e-d6b6b4dc6638@group-5DF6529D38A3-LeaderElection59] INFO  impl.LeaderElection (LeaderElection.java:askForVotes(178)) - e3697062-c193-48d1-b15e-d6b6b4dc6638@group-5DF6529D38A3-LeaderElection59: begin an election at term 23 for -1: [ee6ff355-4f2c-4ff1-aa68-7ca64f6b5439:192.168.157.194:37608, e3697062-c193-48d1-b15e-d6b6b4dc6638:192.168.157.194:40986, a10aa3ca-3ab2-4d87-9bc7-0d045ec2b4ce:192.168.157.194:36577], old=null
2019-10-17 01:10:32,782 [grpc-default-executor-6] INFO  impl.RaftServerImpl (RaftServerImpl.java:setRole(184)) - ee6ff355-4f2c-4ff1-aa68-7ca64f6b5439@group-5DF6529D38A3: changes role from  FOLLOWER to FOLLOWER at term 23 for recognizeCandidate:e3697062-c193-48d1-b15e-d6b6b4dc6638
2019-10-17 01:10:32,782 [grpc-default-executor-6] INFO  impl.RoleInfo (RoleInfo.java:shutdownFollowerState(121)) - ee6ff355-4f2c-4ff1-aa68-7ca64f6b5439: shutdown FollowerState
2019-10-17 01:10:32,782 [grpc-default-executor-5] INFO  impl.RaftServerImpl (RaftServerImpl.java:setRole(184)) - a10aa3ca-3ab2-4d87-9bc7-0d045ec2b4ce@group-5DF6529D38A3: changes role from  FOLLOWER to FOLLOWER at term 23 for recognizeCandidate:e3697062-c193-48d1-b15e-d6b6b4dc6638
2019-10-17 01:10:32,782 [Thread-935] INFO  impl.FollowerState (FollowerState.java:run(117)) - ee6ff355-4f2c-4ff1-aa68-7ca64f6b5439@group-5DF6529D38A3-FollowerState was interrupted: java.lang.InterruptedException: sleep interrupted
2019-10-17 01:10:32,782 [grpc-default-executor-6] INFO  impl.RoleInfo (RoleInfo.java:updateAndGet(143)) - ee6ff355-4f2c-4ff1-aa68-7ca64f6b5439: start FollowerState
2019-10-17 01:10:32,782 [grpc-default-executor-5] INFO  impl.RoleInfo (RoleInfo.java:shutdownFollowerState(121)) - a10aa3ca-3ab2-4d87-9bc7-0d045ec2b4ce: shutdown FollowerState
2019-10-17 01:10:32,783 [Thread-936] INFO  impl.FollowerState (FollowerState.java:run(117)) - a10aa3ca-3ab2-4d87-9bc7-0d045ec2b4ce@group-5DF6529D38A3-FollowerState was interrupted: java.lang.InterruptedException: sleep interrupted
2019-10-17 01:10:32,783 [grpc-default-executor-5] INFO  impl.RoleInfo (RoleInfo.java:updateAndGet(143)) - a10aa3ca-3ab2-4d87-9bc7-0d045ec2b4ce: start FollowerState
2019-10-17 01:10:32,797 [e3697062-c193-48d1-b15e-d6b6b4dc6638@group-5DF6529D38A3-LeaderElection59] INFO  impl.LeaderElection (LeaderElection.java:logAndReturn(56)) - e3697062-c193-48d1-b15e-d6b6b4dc6638@group-5DF6529D38A3-LeaderElection59: Election REJECTED; received 2 response(s) [e3697062-c193-48d1-b15e-d6b6b4dc6638<-ee6ff355-4f2c-4ff1-aa68-7ca64f6b5439#0:FAIL-t23, e3697062-c193-48d1-b15e-d6b6b4dc6638<-a10aa3ca-3ab2-4d87-9bc7-0d045ec2b4ce#0:FAIL-t23] and 0 exception(s); e3697062-c193-48d1-b15e-d6b6b4dc6638@group-5DF6529D38A3:t23, leader=null, voted=e3697062-c193-48d1-b15e-d6b6b4dc6638, raftlog=e3697062-c193-48d1-b15e-d6b6b4dc6638@group-5DF6529D38A3-SegmentedRaftLog:OPENED:c-1,f-1,i0, conf=-1: [ee6ff355-4f2c-4ff1-aa68-7ca64f6b5439:192.168.157.194:37608, e3697062-c193-48d1-b15e-d6b6b4dc6638:192.168.157.194:40986, a10aa3ca-3ab2-4d87-9bc7-0d045ec2b4ce:192.168.157.194:36577], old=null
2019-10-17 01:10:32,797 [e3697062-c193-48d1-b15e-d6b6b4dc6638@group-5DF6529D38A3-LeaderElection59] INFO  impl.RaftServerImpl (RaftServerImpl.java:setRole(184)) - e3697062-c193-48d1-b15e-d6b6b4dc6638@group-5DF6529D38A3: changes role from CANDIDATE to FOLLOWER at term 23 for DISCOVERED_A_NEW_TERM
2019-10-17 01:10:32,798 [e3697062-c193-48d1-b15e-d6b6b4dc6638@group-5DF6529D38A3-LeaderElection59] INFO  impl.RoleInfo (RoleInfo.java:shutdownLeaderElection(134)) - e3697062-c193-48d1-b15e-d6b6b4dc6638: shutdown LeaderElection
2019-10-17 01:10:32,798 [e3697062-c193-48d1-b15e-d6b6b4dc6638@group-5DF6529D38A3-LeaderElection59] INFO  impl.RoleInfo (RoleInfo.java:updateAndGet(143)) - e3697062-c193-48d1-b15e-d6b6b4dc6638: start FollowerState
2019-10-17 01:10:32,839 [Thread-948] INFO  impl.FollowerState (FollowerState.java:run(108)) - ee6ff355-4f2c-4ff1-aa68-7ca64f6b5439@group-BD7A3B63C209-FollowerState: change to CANDIDATE, lastRpcTime:154ms, electionTimeout:154ms
2019-10-17 01:10:32,839 [Thread-948] INFO  impl.RoleInfo (RoleInfo.java:shutdownFollowerState(121)) - ee6ff355-4f2c-4ff1-aa68-7ca64f6b5439: shutdown FollowerState
2019-10-17 01:10:32,839 [Thread-948] INFO  impl.RaftServerImpl (RaftServerImpl.java:setRole(184)) - ee6ff355-4f2c-4ff1-aa68-7ca64f6b5439@group-BD7A3B63C209: changes role from  FOLLOWER to CANDIDATE at term 41 for changeToCandidate
2019-10-17 01:10:32,839 [Thread-948] INFO  impl.RoleInfo (RoleInfo.java:updateAndGet(143)) - ee6ff355-4f2c-4ff1-aa68-7ca64f6b5439: start LeaderElection
2019-10-17 01:10:32,853 [ee6ff355-4f2c-4ff1-aa68-7ca64f6b5439@group-BD7A3B63C209-LeaderElection60] INFO  impl.LeaderElection (LeaderElection.java:askForVotes(178)) - ee6ff355-4f2c-4ff1-aa68-7ca64f6b5439@group-BD7A3B63C209-LeaderElection60: begin an election at term 42 for 0: [ee6ff355-4f2c-4ff1-aa68-7ca64f6b5439:192.168.157.194:37608, e3697062-c193-48d1-b15e-d6b6b4dc6638:192.168.157.194:40986, a10aa3ca-3ab2-4d87-9bc7-0d045ec2b4ce:192.168.157.194:36577], old=null
2019-10-17 01:10:32,855 [grpc-default-executor-5] INFO  impl.RaftServerImpl (RaftServerImpl.java:setRole(184)) - e3697062-c193-48d1-b15e-d6b6b4dc6638@group-BD7A3B63C209: changes role from  FOLLOWER to FOLLOWER at term 42 for recognizeCandidate:ee6ff355-4f2c-4ff1-aa68-7ca64f6b5439
2019-10-17 01:10:32,856 [grpc-default-executor-5] INFO  impl.RoleInfo (RoleInfo.java:shutdownFollowerState(121)) - e3697062-c193-48d1-b15e-d6b6b4dc6638: shutdown FollowerState
2019-10-17 01:10:32,856 [grpc-default-executor-6] INFO  impl.RaftServerImpl (RaftServerImpl.java:setRole(184)) - a10aa3ca-3ab2-4d87-9bc7-0d045ec2b4ce@group-BD7A3B63C209: changes role from  FOLLOWER to FOLLOWER at term 42 for recognizeCandidate:ee6ff355-4f2c-4ff1-aa68-7ca64f6b5439
2019-10-17 01:10:32,856 [grpc-default-executor-5] INFO  impl.RoleInfo (RoleInfo.java:updateAndGet(143)) - e3697062-c193-48d1-b15e-d6b6b4dc6638: start FollowerState
2019-10-17 01:10:32,856 [Thread-946] INFO  impl.FollowerState (FollowerState.java:run(117)) - e3697062-c193-48d1-b15e-d6b6b4dc6638@group-BD7A3B63C209-FollowerState was interrupted: java.lang.InterruptedException: sleep interrupted
2019-10-17 01:10:32,856 [grpc-default-executor-6] INFO  impl.RoleInfo (RoleInfo.java:shutdownFollowerState(121)) - a10aa3ca-3ab2-4d87-9bc7-0d045ec2b4ce: shutdown FollowerState
2019-10-17 01:10:32,856 [grpc-default-executor-6] INFO  impl.RoleInfo (RoleInfo.java:updateAndGet(143)) - a10aa3ca-3ab2-4d87-9bc7-0d045ec2b4ce: start FollowerState
2019-10-17 01:10:32,857 [Thread-947] INFO  impl.FollowerState (FollowerState.java:run(117)) - a10aa3ca-3ab2-4d87-9bc7-0d045ec2b4ce@group-BD7A3B63C209-FollowerState was interrupted: java.lang.InterruptedException: sleep interrupted
2019-10-17 01:10:32,869 [Thread-957] INFO  impl.FollowerState (FollowerState.java:run(108)) - e3697062-c193-48d1-b15e-d6b6b4dc6638@group-5DF6529D38A3-FollowerState: change to CANDIDATE, lastRpcTime:71ms, electionTimeout:71ms
2019-10-17 01:10:32,869 [Thread-957] INFO  impl.RoleInfo (RoleInfo.java:shutdownFollowerState(121)) - e3697062-c193-48d1-b15e-d6b6b4dc6638: shutdown FollowerState
2019-10-17 01:10:32,869 [Thread-957] INFO  impl.RaftServerImpl (RaftServerImpl.java:setRole(184)) - e3697062-c193-48d1-b15e-d6b6b4dc6638@group-5DF6529D38A3: changes role from  FOLLOWER to CANDIDATE at term 23 for changeToCandidate
2019-10-17 01:10:32,869 [Thread-957] INFO  impl.RoleInfo (RoleInfo.java:updateAndGet(143)) - e3697062-c193-48d1-b15e-d6b6b4dc6638: start LeaderElection
2019-10-17 01:10:32,871 [ee6ff355-4f2c-4ff1-aa68-7ca64f6b5439@group-BD7A3B63C209-LeaderElection60] INFO  impl.LeaderElection (LeaderElection.java:logAndReturn(56)) - ee6ff355-4f2c-4ff1-aa68-7ca64f6b5439@group-BD7A3B63C209-LeaderElection60: Election TIMEOUT; received 1 response(s) [ee6ff355-4f2c-4ff1-aa68-7ca64f6b5439<-a10aa3ca-3ab2-4d87-9bc7-0d045ec2b4ce#0:FAIL-t42] and 0 exception(s); ee6ff355-4f2c-4ff1-aa68-7ca64f6b5439@group-BD7A3B63C209:t42, leader=null, voted=ee6ff355-4f2c-4ff1-aa68-7ca64f6b5439, raftlog=ee6ff355-4f2c-4ff1-aa68-7ca64f6b5439@group-BD7A3B63C209-SegmentedRaftLog:OPENED:c3,f4,i4, conf=0: [ee6ff355-4f2c-4ff1-aa68-7ca64f6b5439:192.168.157.194:37608, e3697062-c193-48d1-b15e-d6b6b4dc6638:192.168.157.194:40986, a10aa3ca-3ab2-4d87-9bc7-0d045ec2b4ce:192.168.157.194:36577], old=null
2019-10-17 01:10:32,883 [e3697062-c193-48d1-b15e-d6b6b4dc6638@group-5DF6529D38A3-LeaderElection61] INFO  impl.LeaderElection (LeaderElection.java:askForVotes(178)) - e3697062-c193-48d1-b15e-d6b6b4dc6638@group-5DF6529D38A3-LeaderElection61: begin an election at term 24 for -1: [ee6ff355-4f2c-4ff1-aa68-7ca64f6b5439:192.168.157.194:37608, e3697062-c193-48d1-b15e-d6b6b4dc6638:192.168.157.194:40986, a10aa3ca-3ab2-4d87-9bc7-0d045ec2b4ce:192.168.157.194:36577], old=null
2019-10-17 01:10:32,883 [ee6ff355-4f2c-4ff1-aa68-7ca64f6b5439@group-BD7A3B63C209-LeaderElection60] INFO  impl.LeaderElection (LeaderElection.java:askForVotes(178)) - ee6ff355-4f2c-4ff1-aa68-7ca64f6b5439@group-BD7A3B63C209-LeaderElection60: begin an election at term 43 for 0: [ee6ff355-4f2c-4ff1-aa68-7ca64f6b5439:192.168.157.194:37608, e3697062-c193-48d1-b15e-d6b6b4dc6638:192.168.157.194:40986, a10aa3ca-3ab2-4d87-9bc7-0d045ec2b4ce:192.168.157.194:36577], old=null
2019-10-17 01:10:32,885 [grpc-default-executor-6] INFO  impl.RaftServerImpl (RaftServerImpl.java:setRole(184)) - ee6ff355-4f2c-4ff1-aa68-7ca64f6b5439@group-5DF6529D38A3: changes role from  FOLLOWER to FOLLOWER at term 24 for recognizeCandidate:e3697062-c193-48d1-b15e-d6b6b4dc6638
2019-10-17 01:10:32,886 [grpc-default-executor-6] INFO  impl.RoleInfo (RoleInfo.java:shutdownFollowerState(121)) - ee6ff355-4f2c-4ff1-aa68-7ca64f6b5439: shutdown FollowerState
2019-10-17 01:10:32,886 [grpc-default-executor-6] INFO  impl.RoleInfo (RoleInfo.java:updateAndGet(143)) - ee6ff355-4f2c-4ff1-aa68-7ca64f6b5439: start FollowerState
2019-10-17 01:10:32,886 [Thread-955] INFO  impl.FollowerState (FollowerState.java:run(117)) - ee6ff355-4f2c-4ff1-aa68-7ca64f6b5439@group-5DF6529D38A3-FollowerState was interrupted: java.lang.InterruptedException: sleep interrupted
2019-10-17 01:10:32,887 [grpc-default-executor-5] INFO  impl.RaftServerImpl (RaftServerImpl.java:setRole(184)) - a10aa3ca-3ab2-4d87-9bc7-0d045ec2b4ce@group-5DF6529D38A3: changes role from  FOLLOWER to FOLLOWER at term 24 for recognizeCandidate:e3697062-c193-48d1-b15e-d6b6b4dc6638
2019-10-17 01:10:32,887 [grpc-default-executor-5] INFO  impl.RoleInfo (RoleInfo.java:shutdownFollowerState(121)) - a10aa3ca-3ab2-4d87-9bc7-0d045ec2b4ce: shutdown FollowerState
2019-10-17 01:10:32,887 [grpc-default-executor-0] INFO  impl.RaftServerImpl (RaftServerImpl.java:setRole(184)) - a10aa3ca-3ab2-4d87-9bc7-0d045ec2b4ce@group-BD7A3B63C209: changes role from  FOLLOWER to FOLLOWER at term 43 for recognizeCandidate:ee6ff355-4f2c-4ff1-aa68-7ca64f6b5439
2019-10-17 01:10:32,887 [Thread-956] INFO  impl.FollowerState (FollowerState.java:run(117)) - a10aa3ca-3ab2-4d87-9bc7-0d045ec2b4ce@group-5DF6529D38A3-FollowerState was interrupted: java.lang.InterruptedException: sleep interrupted
2019-10-17 01:10:32,887 [grpc-default-executor-1] INFO  impl.RaftServerImpl (RaftServerImpl.java:setRole(184)) - e3697062-c193-48d1-b15e-d6b6b4dc6638@group-BD7A3B63C209: changes role from  FOLLOWER to FOLLOWER at term 43 for recognizeCandidate:ee6ff355-4f2c-4ff1-aa68-7ca64f6b5439
2019-10-17 01:10:32,887 [grpc-default-executor-5] INFO  impl.RoleInfo (RoleInfo.java:updateAndGet(143)) - a10aa3ca-3ab2-4d87-9bc7-0d045ec2b4ce: start FollowerState
2019-10-17 01:10:32,888 [grpc-default-executor-1] INFO  impl.RoleInfo (RoleInfo.java:shutdownFollowerState(121)) - e3697062-c193-48d1-b15e-d6b6b4dc6638: shutdown FollowerState
2019-10-17 01:10:32,887 [grpc-default-executor-0] INFO  impl.RoleInfo (RoleInfo.java:shutdownFollowerState(121)) - a10aa3ca-3ab2-4d87-9bc7-0d045ec2b4ce: shutdown FollowerState
2019-10-17 01:10:32,888 [grpc-default-executor-1] INFO  impl.RoleInfo (RoleInfo.java:updateAndGet(143)) - e3697062-c193-48d1-b15e-d6b6b4dc6638: start FollowerState
2019-10-17 01:10:32,888 [grpc-default-executor-0] INFO  impl.RoleInfo (RoleInfo.java:updateAndGet(143)) - a10aa3ca-3ab2-4d87-9bc7-0d045ec2b4ce: start FollowerState
2019-10-17 01:10:32,888 [Thread-961] INFO  impl.FollowerState (FollowerState.java:run(117)) - e3697062-c193-48d1-b15e-d6b6b4dc6638@group-BD7A3B63C209-FollowerState was interrupted: java.lang.InterruptedException: sleep interrupted
2019-10-17 01:10:32,888 [Thread-962] INFO  impl.FollowerState (FollowerState.java:run(117)) - a10aa3ca-3ab2-4d87-9bc7-0d045ec2b4ce@group-BD7A3B63C209-FollowerState was interrupted: java.lang.InterruptedException: sleep interrupted
2019-10-17 01:10:32,902 [e3697062-c193-48d1-b15e-d6b6b4dc6638@group-5DF6529D38A3-LeaderElection61] INFO  impl.LeaderElection (LeaderElection.java:logAndReturn(56)) - e3697062-c193-48d1-b15e-d6b6b4dc6638@group-5DF6529D38A3-LeaderElection61: Election REJECTED; received 2 response(s) [e3697062-c193-48d1-b15e-d6b6b4dc6638<-ee6ff355-4f2c-4ff1-aa68-7ca64f6b5439#0:FAIL-t24, e3697062-c193-48d1-b15e-d6b6b4dc6638<-a10aa3ca-3ab2-4d87-9bc7-0d045ec2b4ce#0:FAIL-t24] and 0 exception(s); e3697062-c193-48d1-b15e-d6b6b4dc6638@group-5DF6529D38A3:t24, leader=null, voted=e3697062-c193-48d1-b15e-d6b6b4dc6638, raftlog=e3697062-c193-48d1-b15e-d6b6b4dc6638@group-5DF6529D38A3-SegmentedRaftLog:OPENED:c-1,f-1,i0, conf=-1: [ee6ff355-4f2c-4ff1-aa68-7ca64f6b5439:192.168.157.194:37608, e3697062-c193-48d1-b15e-d6b6b4dc6638:192.168.157.194:40986, a10aa3ca-3ab2-4d87-9bc7-0d045ec2b4ce:192.168.157.194:36577], old=null
2019-10-17 01:10:32,902 [e3697062-c193-48d1-b15e-d6b6b4dc6638@group-5DF6529D38A3-LeaderElection61] INFO  impl.RaftServerImpl (RaftServerImpl.java:setRole(184)) - e3697062-c193-48d1-b15e-d6b6b4dc6638@group-5DF6529D38A3: changes role from CANDIDATE to FOLLOWER at term 24 for DISCOVERED_A_NEW_TERM
2019-10-17 01:10:32,902 [e3697062-c193-48d1-b15e-d6b6b4dc6638@group-5DF6529D38A3-LeaderElection61] INFO  impl.RoleInfo (RoleInfo.java:shutdownLeaderElection(134)) - e3697062-c193-48d1-b15e-d6b6b4dc6638: shutdown LeaderElection
2019-10-17 01:10:32,902 [ee6ff355-4f2c-4ff1-aa68-7ca64f6b5439@group-BD7A3B63C209-LeaderElection60] INFO  impl.LeaderElection (LeaderElection.java:logAndReturn(56)) - ee6ff355-4f2c-4ff1-aa68-7ca64f6b5439@group-BD7A3B63C209-LeaderElection60: Election REJECTED; received 2 response(s) [ee6ff355-4f2c-4ff1-aa68-7ca64f6b5439<-e3697062-c193-48d1-b15e-d6b6b4dc6638#0:FAIL-t43, ee6ff355-4f2c-4ff1-aa68-7ca64f6b5439<-a10aa3ca-3ab2-4d87-9bc7-0d045ec2b4ce#0:FAIL-t43] and 0 exception(s); ee6ff355-4f2c-4ff1-aa68-7ca64f6b5439@group-BD7A3B63C209:t43, leader=null, voted=ee6ff355-4f2c-4ff1-aa68-7ca64f6b5439, raftlog=ee6ff355-4f2c-4ff1-aa68-7ca64f6b5439@group-BD7A3B63C209-SegmentedRaftLog:OPENED:c3,f4,i4, conf=0: [ee6ff355-4f2c-4ff1-aa68-7ca64f6b5439:192.168.157.194:37608, e3697062-c193-48d1-b15e-d6b6b4dc6638:192.168.157.194:40986, a10aa3ca-3ab2-4d87-9bc7-0d045ec2b4ce:192.168.157.194:36577], old=null
2019-10-17 01:10:32,902 [e3697062-c193-48d1-b15e-d6b6b4dc6638@group-5DF6529D38A3-LeaderElection61] INFO  impl.RoleInfo (RoleInfo.java:updateAndGet(143)) - e3697062-c193-48d1-b15e-d6b6b4dc6638: start FollowerState
2019-10-17 01:10:32,902 [ee6ff355-4f2c-4ff1-aa68-7ca64f6b5439@group-BD7A3B63C209-LeaderElection60] INFO  impl.RaftServerImpl (RaftServerImpl.java:setRole(184)) - ee6ff355-4f2c-4ff1-aa68-7ca64f6b5439@group-BD7A3B63C209: changes role from CANDIDATE to FOLLOWER at term 43 for DISCOVERED_A_NEW_TERM
2019-10-17 01:10:32,902 [ee6ff355-4f2c-4ff1-aa68-7ca64f6b5439@group-BD7A3B63C209-LeaderElection60] INFO  impl.RoleInfo (RoleInfo.java:shutdownLeaderElection(134)) - ee6ff355-4f2c-4ff1-aa68-7ca64f6b5439: shutdown LeaderElection
2019-10-17 01:10:32,903 [ee6ff355-4f2c-4ff1-aa68-7ca64f6b5439@group-BD7A3B63C209-LeaderElection60] INFO  impl.RoleInfo (RoleInfo.java:updateAndGet(143)) - ee6ff355-4f2c-4ff1-aa68-7ca64f6b5439: start FollowerState
2019-10-17 01:10:32,906 [Thread-972] INFO  impl.FollowerState (FollowerState.java:run(108)) - e3697062-c193-48d1-b15e-d6b6b4dc6638@group-5DF6529D38A3-FollowerState: change to CANDIDATE, lastRpcTime:3ms, electionTimeout:3ms
2019-10-17 01:10:32,906 [Thread-972] INFO  impl.RoleInfo (RoleInfo.java:shutdownFollowerState(121)) - e3697062-c193-48d1-b15e-d6b6b4dc6638: shutdown FollowerState
2019-10-17 01:10:32,906 [Thread-972] INFO  impl.RaftServerImpl (RaftServerImpl.java:setRole(184)) - e3697062-c193-48d1-b15e-d6b6b4dc6638@group-5DF6529D38A3: changes role from  FOLLOWER to CANDIDATE at term 24 for changeToCandidate
2019-10-17 01:10:32,906 [Thread-972] INFO  impl.RoleInfo (RoleInfo.java:updateAndGet(143)) - e3697062-c193-48d1-b15e-d6b6b4dc6638: start LeaderElection
2019-10-17 01:10:32,919 [e3697062-c193-48d1-b15e-d6b6b4dc6638@group-5DF6529D38A3-LeaderElection62] INFO  impl.LeaderElection (LeaderElection.java:askForVotes(178)) - e3697062-c193-48d1-b15e-d6b6b4dc6638@group-5DF6529D38A3-LeaderElection62: begin an election at term 25 for -1: [ee6ff355-4f2c-4ff1-aa68-7ca64f6b5439:192.168.157.194:37608, e3697062-c193-48d1-b15e-d6b6b4dc6638:192.168.157.194:40986, a10aa3ca-3ab2-4d87-9bc7-0d045ec2b4ce:192.168.157.194:36577], old=null
2019-10-17 01:10:32,921 [grpc-default-executor-1] INFO  impl.RaftServerImpl (RaftServerImpl.java:setRole(184)) - ee6ff355-4f2c-4ff1-aa68-7ca64f6b5439@group-5DF6529D38A3: changes role from  FOLLOWER to FOLLOWER at term 25 for recognizeCandidate:e3697062-c193-48d1-b15e-d6b6b4dc6638
2019-10-17 01:10:32,921 [grpc-default-executor-1] INFO  impl.RoleInfo (RoleInfo.java:shutdownFollowerState(121)) - ee6ff355-4f2c-4ff1-aa68-7ca64f6b5439: shutdown FollowerState
2019-10-17 01:10:32,921 [grpc-default-executor-1] INFO  impl.RoleInfo (RoleInfo.java:updateAndGet(143)) - ee6ff355-4f2c-4ff1-aa68-7ca64f6b5439: start FollowerState
2019-10-17 01:10:32,921 [grpc-default-executor-6] INFO  impl.RaftServerImpl (RaftServerImpl.java:setRole(184)) - a10aa3ca-3ab2-4d87-9bc7-0d045ec2b4ce@group-5DF6529D38A3: changes role from  FOLLOWER to FOLLOWER at term 25 for recognizeCandidate:e3697062-c193-48d1-b15e-d6b6b4dc6638
2019-10-17 01:10:32,922 [grpc-default-executor-6] INFO  impl.RoleInfo (RoleInfo.java:shutdownFollowerState(121)) - a10aa3ca-3ab2-4d87-9bc7-0d045ec2b4ce: shutdown FollowerState
2019-10-17 01:10:32,921 [Thread-968] INFO  impl.FollowerState (FollowerState.java:run(117)) - ee6ff355-4f2c-4ff1-aa68-7ca64f6b5439@group-5DF6529D38A3-FollowerState was interrupted: java.lang.InterruptedException: sleep interrupted
2019-10-17 01:10:32,922 [Thread-969] INFO  impl.FollowerState (FollowerState.java:run(117)) - a10aa3ca-3ab2-4d87-9bc7-0d045ec2b4ce@group-5DF6529D38A3-FollowerState was interrupted: java.lang.InterruptedException: sleep interrupted
2019-10-17 01:10:32,922 [grpc-default-executor-6] INFO  impl.RoleInfo (RoleInfo.java:updateAndGet(143)) - a10aa3ca-3ab2-4d87-9bc7-0d045ec2b4ce: start FollowerState
2019-10-17 01:10:32,935 [e3697062-c193-48d1-b15e-d6b6b4dc6638@group-5DF6529D38A3-LeaderElection62] INFO  impl.LeaderElection (LeaderElection.java:logAndReturn(56)) - e3697062-c193-48d1-b15e-d6b6b4dc6638@group-5DF6529D38A3-LeaderElection62: Election REJECTED; received 2 response(s) [e3697062-c193-48d1-b15e-d6b6b4dc6638<-ee6ff355-4f2c-4ff1-aa68-7ca64f6b5439#0:FAIL-t25, e3697062-c193-48d1-b15e-d6b6b4dc6638<-a10aa3ca-3ab2-4d87-9bc7-0d045ec2b4ce#0:FAIL-t25] and 0 exception(s); e3697062-c193-48d1-b15e-d6b6b4dc6638@group-5DF6529D38A3:t25, leader=null, voted=e3697062-c193-48d1-b15e-d6b6b4dc6638, raftlog=e3697062-c193-48d1-b15e-d6b6b4dc6638@group-5DF6529D38A3-SegmentedRaftLog:OPENED:c-1,f-1,i0, conf=-1: [ee6ff355-4f2c-4ff1-aa68-7ca64f6b5439:192.168.157.194:37608, e3697062-c193-48d1-b15e-d6b6b4dc6638:192.168.157.194:40986, a10aa3ca-3ab2-4d87-9bc7-0d045ec2b4ce:192.168.157.194:36577], old=null
2019-10-17 01:10:32,936 [e3697062-c193-48d1-b15e-d6b6b4dc6638@group-5DF6529D38A3-LeaderElection62] INFO  impl.RaftServerImpl (RaftServerImpl.java:setRole(184)) - e3697062-c193-48d1-b15e-d6b6b4dc6638@group-5DF6529D38A3: changes role from CANDIDATE to FOLLOWER at term 25 for DISCOVERED_A_NEW_TERM
2019-10-17 01:10:32,936 [e3697062-c193-48d1-b15e-d6b6b4dc6638@group-5DF6529D38A3-LeaderElection62] INFO  impl.RoleInfo (RoleInfo.java:shutdownLeaderElection(134)) - e3697062-c193-48d1-b15e-d6b6b4dc6638: shutdown LeaderElection
2019-10-17 01:10:32,936 [e3697062-c193-48d1-b15e-d6b6b4dc6638@group-5DF6529D38A3-LeaderElection62] INFO  impl.RoleInfo (RoleInfo.java:updateAndGet(143)) - e3697062-c193-48d1-b15e-d6b6b4dc6638: start FollowerState
2019-10-17 01:10:32,978 [Thread-973] INFO  impl.FollowerState (FollowerState.java:run(108)) - ee6ff355-4f2c-4ff1-aa68-7ca64f6b5439@group-BD7A3B63C209-FollowerState: change to CANDIDATE, lastRpcTime:75ms, electionTimeout:75ms
2019-10-17 01:10:32,978 [Thread-973] INFO  impl.RoleInfo (RoleInfo.java:shutdownFollowerState(121)) - ee6ff355-4f2c-4ff1-aa68-7ca64f6b5439: shutdown FollowerState
2019-10-17 01:10:32,978 [Thread-973] INFO  impl.RaftServerImpl (RaftServerImpl.java:setRole(184)) - ee6ff355-4f2c-4ff1-aa68-7ca64f6b5439@group-BD7A3B63C209: changes role from  FOLLOWER to CANDIDATE at term 43 for changeToCandidate
2019-10-17 01:10:32,979 [Thread-973] INFO  impl.RoleInfo (RoleInfo.java:updateAndGet(143)) - ee6ff355-4f2c-4ff1-aa68-7ca64f6b5439: start LeaderElection
2019-10-17 01:10:32,994 [ee6ff355-4f2c-4ff1-aa68-7ca64f6b5439@group-BD7A3B63C209-LeaderElection63] INFO  impl.LeaderElection (LeaderElection.java:askForVotes(178)) - ee6ff355-4f2c-4ff1-aa68-7ca64f6b5439@group-BD7A3B63C209-LeaderElection63: begin an election at term 44 for 0: [ee6ff355-4f2c-4ff1-aa68-7ca64f6b5439:192.168.157.194:37608, e3697062-c193-48d1-b15e-d6b6b4dc6638:192.168.157.194:40986, a10aa3ca-3ab2-4d87-9bc7-0d045ec2b4ce:192.168.157.194:36577], old=null
2019-10-17 01:10:32,996 [grpc-default-executor-6] INFO  impl.RaftServerImpl (RaftServerImpl.java:setRole(184)) - e3697062-c193-48d1-b15e-d6b6b4dc6638@group-BD7A3B63C209: changes role from  FOLLOWER to FOLLOWER at term 44 for recognizeCandidate:ee6ff355-4f2c-4ff1-aa68-7ca64f6b5439
2019-10-17 01:10:32,996 [grpc-default-executor-6] INFO  impl.RoleInfo (RoleInfo.java:shutdownFollowerState(121)) - e3697062-c193-48d1-b15e-d6b6b4dc6638: shutdown FollowerState
2019-10-17 01:10:32,996 [grpc-default-executor-1] INFO  impl.RaftServerImpl (RaftServerImpl.java:setRole(184)) - a10aa3ca-3ab2-4d87-9bc7-0d045ec2b4ce@group-BD7A3B63C209: changes role from  FOLLOWER to FOLLOWER at term 44 for recognizeCandidate:ee6ff355-4f2c-4ff1-aa68-7ca64f6b5439
2019-10-17 01:10:32,996 [grpc-default-executor-6] INFO  impl.RoleInfo (RoleInfo.java:updateAndGet(143)) - e3697062-c193-48d1-b15e-d6b6b4dc6638: start FollowerState
2019-10-17 01:10:32,997 [grpc-default-executor-1] INFO  impl.RoleInfo (RoleInfo.java:shutdownFollowerState(121)) - a10aa3ca-3ab2-4d87-9bc7-0d045ec2b4ce: shutdown FollowerState
2019-10-17 01:10:32,997 [Thread-970] INFO  impl.FollowerState (FollowerState.java:run(117)) - e3697062-c193-48d1-b15e-d6b6b4dc6638@group-BD7A3B63C209-FollowerState was interrupted: java.lang.InterruptedException: sleep interrupted
2019-10-17 01:10:32,997 [Thread-971] INFO  impl.FollowerState (FollowerState.java:run(117)) - a10aa3ca-3ab2-4d87-9bc7-0d045ec2b4ce@group-BD7A3B63C209-FollowerState was interrupted: java.lang.InterruptedException: sleep interrupted
2019-10-17 01:10:32,997 [grpc-default-executor-1] INFO  impl.RoleInfo (RoleInfo.java:updateAndGet(143)) - a10aa3ca-3ab2-4d87-9bc7-0d045ec2b4ce: start FollowerState
2019-10-17 01:10:33,011 [ee6ff355-4f2c-4ff1-aa68-7ca64f6b5439@group-BD7A3B63C209-LeaderElection63] INFO  impl.LeaderElection (LeaderElection.java:logAndReturn(56)) - ee6ff355-4f2c-4ff1-aa68-7ca64f6b5439@group-BD7A3B63C209-LeaderElection63: Election REJECTED; received 2 response(s) [ee6ff355-4f2c-4ff1-aa68-7ca64f6b5439<-e3697062-c193-48d1-b15e-d6b6b4dc6638#0:FAIL-t44, ee6ff355-4f2c-4ff1-aa68-7ca64f6b5439<-a10aa3ca-3ab2-4d87-9bc7-0d045ec2b4ce#0:FAIL-t44] and 0 exception(s); ee6ff355-4f2c-4ff1-aa68-7ca64f6b5439@group-BD7A3B63C209:t44, leader=null, voted=ee6ff355-4f2c-4ff1-aa68-7ca64f6b5439, raftlog=ee6ff355-4f2c-4ff1-aa68-7ca64f6b5439@group-BD7A3B63C209-SegmentedRaftLog:OPENED:c3,f4,i4, conf=0: [ee6ff355-4f2c-4ff1-aa68-7ca64f6b5439:192.168.157.194:37608, e3697062-c193-48d1-b15e-d6b6b4dc6638:192.168.157.194:40986, a10aa3ca-3ab2-4d87-9bc7-0d045ec2b4ce:192.168.157.194:36577], old=null
2019-10-17 01:10:33,012 [ee6ff355-4f2c-4ff1-aa68-7ca64f6b5439@group-BD7A3B63C209-LeaderElection63] INFO  impl.RaftServerImpl (RaftServerImpl.java:setRole(184)) - ee6ff355-4f2c-4ff1-aa68-7ca64f6b5439@group-BD7A3B63C209: changes role from CANDIDATE to FOLLOWER at term 44 for DISCOVERED_A_NEW_TERM
2019-10-17 01:10:33,012 [ee6ff355-4f2c-4ff1-aa68-7ca64f6b5439@group-BD7A3B63C209-LeaderElection63] INFO  impl.RoleInfo (RoleInfo.java:shutdownLeaderElection(134)) - ee6ff355-4f2c-4ff1-aa68-7ca64f6b5439: shutdown LeaderElection
2019-10-17 01:10:33,012 [ee6ff355-4f2c-4ff1-aa68-7ca64f6b5439@group-BD7A3B63C209-LeaderElection63] INFO  impl.RoleInfo (RoleInfo.java:updateAndGet(143)) - ee6ff355-4f2c-4ff1-aa68-7ca64f6b5439: start FollowerState
2019-10-17 01:10:33,024 [Thread-979] INFO  impl.FollowerState (FollowerState.java:run(108)) - e3697062-c193-48d1-b15e-d6b6b4dc6638@group-5DF6529D38A3-FollowerState: change to CANDIDATE, lastRpcTime:88ms, electionTimeout:88ms
2019-10-17 01:10:33,024 [Thread-979] INFO  impl.RoleInfo (RoleInfo.java:shutdownFollowerState(121)) - e3697062-c193-48d1-b15e-d6b6b4dc6638: shutdown FollowerState
2019-10-17 01:10:33,024 [Thread-979] INFO  impl.RaftServerImpl (RaftServerImpl.java:setRole(184)) - e3697062-c193-48d1-b15e-d6b6b4dc6638@group-5DF6529D38A3: changes role from  FOLLOWER to CANDIDATE at term 25 for changeToCandidate
2019-10-17 01:10:33,024 [Thread-979] INFO  impl.RoleInfo (RoleInfo.java:updateAndGet(143)) - e3697062-c193-48d1-b15e-d6b6b4dc6638: start LeaderElection
2019-10-17 01:10:33,038 [e3697062-c193-48d1-b15e-d6b6b4dc6638@group-5DF6529D38A3-LeaderElection64] INFO  impl.LeaderElection (LeaderElection.java:askForVotes(178)) - e3697062-c193-48d1-b15e-d6b6b4dc6638@group-5DF6529D38A3-LeaderElection64: begin an election at term 26 for -1: [ee6ff355-4f2c-4ff1-aa68-7ca64f6b5439:192.168.157.194:37608, e3697062-c193-48d1-b15e-d6b6b4dc6638:192.168.157.194:40986, a10aa3ca-3ab2-4d87-9bc7-0d045ec2b4ce:192.168.157.194:36577], old=null
2019-10-17 01:10:33,041 [grpc-default-executor-6] INFO  impl.RaftServerImpl (RaftServerImpl.java:setRole(184)) - ee6ff355-4f2c-4ff1-aa68-7ca64f6b5439@group-5DF6529D38A3: changes role from  FOLLOWER to FOLLOWER at term 26 for recognizeCandidate:e3697062-c193-48d1-b15e-d6b6b4dc6638
2019-10-17 01:10:33,041 [grpc-default-executor-6] INFO  impl.RoleInfo (RoleInfo.java:shutdownFollowerState(121)) - ee6ff355-4f2c-4ff1-aa68-7ca64f6b5439: shutdown FollowerState
2019-10-17 01:10:33,041 [grpc-default-executor-1] INFO  impl.RaftServerImpl (RaftServerImpl.java:setRole(184)) - a10aa3ca-3ab2-4d87-9bc7-0d045ec2b4ce@group-5DF6529D38A3: changes role from  FOLLOWER to FOLLOWER at term 26 for recognizeCandidate:e3697062-c193-48d1-b15e-d6b6b4dc6638
2019-10-17 01:10:33,041 [Thread-977] INFO  impl.FollowerState (FollowerState.java:run(117)) - ee6ff355-4f2c-4ff1-aa68-7ca64f6b5439@group-5DF6529D38A3-FollowerState was interrupted: java.lang.InterruptedException: sleep interrupted
2019-10-17 01:10:33,041 [grpc-default-executor-6] INFO  impl.RoleInfo (RoleInfo.java:updateAndGet(143)) - ee6ff355-4f2c-4ff1-aa68-7ca64f6b5439: start FollowerState
2019-10-17 01:10:33,041 [grpc-default-executor-1] INFO  impl.RoleInfo (RoleInfo.java:shutdownFollowerState(121)) - a10aa3ca-3ab2-4d87-9bc7-0d045ec2b4ce: shutdown FollowerState
2019-10-17 01:10:33,042 [Thread-978] INFO  impl.FollowerState (FollowerState.java:run(117)) - a10aa3ca-3ab2-4d87-9bc7-0d045ec2b4ce@group-5DF6529D38A3-FollowerState was interrupted: java.lang.InterruptedException: sleep interrupted
2019-10-17 01:10:33,042 [grpc-default-executor-1] INFO  impl.RoleInfo (RoleInfo.java:updateAndGet(143)) - a10aa3ca-3ab2-4d87-9bc7-0d045ec2b4ce: start FollowerState
2019-10-17 01:10:33,042 [Thread-985] INFO  impl.FollowerState (FollowerState.java:run(108)) - ee6ff355-4f2c-4ff1-aa68-7ca64f6b5439@group-BD7A3B63C209-FollowerState: change to CANDIDATE, lastRpcTime:30ms, electionTimeout:30ms
2019-10-17 01:10:33,042 [Thread-985] INFO  impl.RoleInfo (RoleInfo.java:shutdownFollowerState(121)) - ee6ff355-4f2c-4ff1-aa68-7ca64f6b5439: shutdown FollowerState
2019-10-17 01:10:33,043 [Thread-985] INFO  impl.RaftServerImpl (RaftServerImpl.java:setRole(184)) - ee6ff355-4f2c-4ff1-aa68-7ca64f6b5439@group-BD7A3B63C209: changes role from  FOLLOWER to CANDIDATE at term 44 for changeToCandidate
2019-10-17 01:10:33,043 [Thread-985] INFO  impl.RoleInfo (RoleInfo.java:updateAndGet(143)) - ee6ff355-4f2c-4ff1-aa68-7ca64f6b5439: start LeaderElection
2019-10-17 01:10:33,055 [ee6ff355-4f2c-4ff1-aa68-7ca64f6b5439@group-BD7A3B63C209-LeaderElection65] INFO  impl.LeaderElection (LeaderElection.java:askForVotes(178)) - ee6ff355-4f2c-4ff1-aa68-7ca64f6b5439@group-BD7A3B63C209-LeaderElection65: begin an election at term 45 for 0: [ee6ff355-4f2c-4ff1-aa68-7ca64f6b5439:192.168.157.194:37608, e3697062-c193-48d1-b15e-d6b6b4dc6638:192.168.157.194:40986, a10aa3ca-3ab2-4d87-9bc7-0d045ec2b4ce:192.168.157.194:36577], old=null
2019-10-17 01:10:33,058 [e3697062-c193-48d1-b15e-d6b6b4dc6638@group-5DF6529D38A3-LeaderElection64] INFO  impl.LeaderElection (LeaderElection.java:logAndReturn(56)) - e3697062-c193-48d1-b15e-d6b6b4dc6638@group-5DF6529D38A3-LeaderElection64: Election REJECTED; received 2 response(s) [e3697062-c193-48d1-b15e-d6b6b4dc6638<-ee6ff355-4f2c-4ff1-aa68-7ca64f6b5439#0:FAIL-t26, e3697062-c193-48d1-b15e-d6b6b4dc6638<-a10aa3ca-3ab2-4d87-9bc7-0d045ec2b4ce#0:FAIL-t26] and 0 exception(s); e3697062-c193-48d1-b15e-d6b6b4dc6638@group-5DF6529D38A3:t26, leader=null, voted=e3697062-c193-48d1-b15e-d6b6b4dc6638, raftlog=e3697062-c193-48d1-b15e-d6b6b4dc6638@group-5DF6529D38A3-SegmentedRaftLog:OPENED:c-1,f-1,i0, conf=-1: [ee6ff355-4f2c-4ff1-aa68-7ca64f6b5439:192.168.157.194:37608, e3697062-c193-48d1-b15e-d6b6b4dc6638:192.168.157.194:40986, a10aa3ca-3ab2-4d87-9bc7-0d045ec2b4ce:192.168.157.194:36577], old=null
2019-10-17 01:10:33,058 [e3697062-c193-48d1-b15e-d6b6b4dc6638@group-5DF6529D38A3-LeaderElection64] INFO  impl.RaftServerImpl (RaftServerImpl.java:setRole(184)) - e3697062-c193-48d1-b15e-d6b6b4dc6638@group-5DF6529D38A3: changes role from CANDIDATE to FOLLOWER at term 26 for DISCOVERED_A_NEW_TERM
2019-10-17 01:10:33,059 [grpc-default-executor-1] INFO  impl.RaftServerImpl (RaftServerImpl.java:setRole(184)) - e3697062-c193-48d1-b15e-d6b6b4dc6638@group-BD7A3B63C209: changes role from  FOLLOWER to FOLLOWER at term 45 for recognizeCandidate:ee6ff355-4f2c-4ff1-aa68-7ca64f6b5439
2019-10-17 01:10:33,059 [grpc-default-executor-6] INFO  impl.RaftServerImpl (RaftServerImpl.java:setRole(184)) - a10aa3ca-3ab2-4d87-9bc7-0d045ec2b4ce@group-BD7A3B63C209: changes role from  FOLLOWER to FOLLOWER at term 45 for recognizeCandidate:ee6ff355-4f2c-4ff1-aa68-7ca64f6b5439
2019-10-17 01:10:33,059 [e3697062-c193-48d1-b15e-d6b6b4dc6638@group-5DF6529D38A3-LeaderElection64] INFO  impl.RoleInfo (RoleInfo.java:shutdownLeaderElection(134)) - e3697062-c193-48d1-b15e-d6b6b4dc6638: shutdown LeaderElection
2019-10-17 01:10:33,059 [grpc-default-executor-6] INFO  impl.RoleInfo (RoleInfo.java:shutdownFollowerState(121)) - a10aa3ca-3ab2-4d87-9bc7-0d045ec2b4ce: shutdown FollowerState
2019-10-17 01:10:33,059 [grpc-default-executor-1] INFO  impl.RoleInfo (RoleInfo.java:shutdownFollowerState(121)) - e3697062-c193-48d1-b15e-d6b6b4dc6638: shutdown FollowerState
2019-10-17 01:10:33,059 [Thread-984] INFO  impl.FollowerState (FollowerState.java:run(117)) - a10aa3ca-3ab2-4d87-9bc7-0d045ec2b4ce@group-BD7A3B63C209-FollowerState was interrupted: java.lang.InterruptedException: sleep interrupted
2019-10-17 01:10:33,059 [grpc-default-executor-6] INFO  impl.RoleInfo (RoleInfo.java:updateAndGet(143)) - a10aa3ca-3ab2-4d87-9bc7-0d045ec2b4ce: start FollowerState
2019-10-17 01:10:33,059 [e3697062-c193-48d1-b15e-d6b6b4dc6638@group-5DF6529D38A3-LeaderElection64] INFO  impl.RoleInfo (RoleInfo.java:updateAndGet(143)) - e3697062-c193-48d1-b15e-d6b6b4dc6638: start FollowerState
2019-10-17 01:10:33,060 [Thread-983] INFO  impl.FollowerState (FollowerState.java:run(117)) - e3697062-c193-48d1-b15e-d6b6b4dc6638@group-BD7A3B63C209-FollowerState was interrupted: java.lang.InterruptedException: sleep interrupted
2019-10-17 01:10:33,060 [grpc-default-executor-1] INFO  impl.RoleInfo (RoleInfo.java:updateAndGet(143)) - e3697062-c193-48d1-b15e-d6b6b4dc6638: start FollowerState
2019-10-17 01:10:33,072 [ee6ff355-4f2c-4ff1-aa68-7ca64f6b5439@group-BD7A3B63C209-LeaderElection65] INFO  impl.LeaderElection (LeaderElection.java:logAndReturn(56)) - ee6ff355-4f2c-4ff1-aa68-7ca64f6b5439@group-BD7A3B63C209-LeaderElection65: Election REJECTED; received 2 response(s) [ee6ff355-4f2c-4ff1-aa68-7ca64f6b5439<-e3697062-c193-48d1-b15e-d6b6b4dc6638#0:FAIL-t45, ee6ff355-4f2c-4ff1-aa68-7ca64f6b5439<-a10aa3ca-3ab2-4d87-9bc7-0d045ec2b4ce#0:FAIL-t45] and 0 exception(s); ee6ff355-4f2c-4ff1-aa68-7ca64f6b5439@group-BD7A3B63C209:t45, leader=null, voted=ee6ff355-4f2c-4ff1-aa68-7ca64f6b5439, raftlog=ee6ff355-4f2c-4ff1-aa68-7ca64f6b5439@group-BD7A3B63C209-SegmentedRaftLog:OPENED:c3,f4,i4, conf=0: [ee6ff355-4f2c-4ff1-aa68-7ca64f6b5439:192.168.157.194:37608, e3697062-c193-48d1-b15e-d6b6b4dc6638:192.168.157.194:40986, a10aa3ca-3ab2-4d87-9bc7-0d045ec2b4ce:192.168.157.194:36577], old=null
2019-10-17 01:10:33,073 [ee6ff355-4f2c-4ff1-aa68-7ca64f6b5439@group-BD7A3B63C209-LeaderElection65] INFO  impl.RaftServerImpl (RaftServerImpl.java:setRole(184)) - ee6ff355-4f2c-4ff1-aa68-7ca64f6b5439@group-BD7A3B63C209: changes role from CANDIDATE to FOLLOWER at term 45 for DISCOVERED_A_NEW_TERM
2019-10-17 01:10:33,073 [ee6ff355-4f2c-4ff1-aa68-7ca64f6b5439@group-BD7A3B63C209-LeaderElection65] INFO  impl.RoleInfo (RoleInfo.java:shutdownLeaderElection(134)) - ee6ff355-4f2c-4ff1-aa68-7ca64f6b5439: shutdown LeaderElection
2019-10-17 01:10:33,073 [ee6ff355-4f2c-4ff1-aa68-7ca64f6b5439@group-BD7A3B63C209-LeaderElection65] INFO  impl.RoleInfo (RoleInfo.java:updateAndGet(143)) - ee6ff355-4f2c-4ff1-aa68-7ca64f6b5439: start FollowerState
2019-10-17 01:10:33,181 [Thread-994] INFO  impl.FollowerState (FollowerState.java:run(108)) - e3697062-c193-48d1-b15e-d6b6b4dc6638@group-5DF6529D38A3-FollowerState: change to CANDIDATE, lastRpcTime:122ms, electionTimeout:121ms
2019-10-17 01:10:33,181 [Thread-994] INFO  impl.RoleInfo (RoleInfo.java:shutdownFollowerState(121)) - e3697062-c193-48d1-b15e-d6b6b4dc6638: shutdown FollowerState
2019-10-17 01:10:33,181 [Thread-994] INFO  impl.RaftServerImpl (RaftServerImpl.java:setRole(184)) - e3697062-c193-48d1-b15e-d6b6b4dc6638@group-5DF6529D38A3: changes role from  FOLLOWER to CANDIDATE at term 26 for changeToCandidate
2019-10-17 01:10:33,182 [Thread-994] INFO  impl.RoleInfo (RoleInfo.java:updateAndGet(143)) - e3697062-c193-48d1-b15e-d6b6b4dc6638: start LeaderElection
2019-10-17 01:10:33,195 [e3697062-c193-48d1-b15e-d6b6b4dc6638@group-5DF6529D38A3-LeaderElection66] INFO  impl.LeaderElection (LeaderElection.java:askForVotes(178)) - e3697062-c193-48d1-b15e-d6b6b4dc6638@group-5DF6529D38A3-LeaderElection66: begin an election at term 27 for -1: [ee6ff355-4f2c-4ff1-aa68-7ca64f6b5439:192.168.157.194:37608, e3697062-c193-48d1-b15e-d6b6b4dc6638:192.168.157.194:40986, a10aa3ca-3ab2-4d87-9bc7-0d045ec2b4ce:192.168.157.194:36577], old=null
2019-10-17 01:10:33,198 [grpc-default-executor-1] INFO  impl.RaftServerImpl (RaftServerImpl.java:setRole(184)) - a10aa3ca-3ab2-4d87-9bc7-0d045ec2b4ce@group-5DF6529D38A3: changes role from  FOLLOWER to FOLLOWER at term 27 for recognizeCandidate:e3697062-c193-48d1-b15e-d6b6b4dc6638
2019-10-17 01:10:33,198 [grpc-default-executor-1] INFO  impl.RoleInfo (RoleInfo.java:shutdownFollowerState(121)) - a10aa3ca-3ab2-4d87-9bc7-0d045ec2b4ce: shutdown FollowerState
2019-10-17 01:10:33,198 [grpc-default-executor-6] INFO  impl.RaftServerImpl (RaftServerImpl.java:setRole(184)) - ee6ff355-4f2c-4ff1-aa68-7ca64f6b5439@group-5DF6529D38A3: changes role from  FOLLOWER to FOLLOWER at term 27 for recognizeCandidate:e3697062-c193-48d1-b15e-d6b6b4dc6638
2019-10-17 01:10:33,199 [grpc-default-executor-1] INFO  impl.RoleInfo (RoleInfo.java:updateAndGet(143)) - a10aa3ca-3ab2-4d87-9bc7-0d045ec2b4ce: start FollowerState
2019-10-17 01:10:33,199 [Thread-990] INFO  impl.FollowerState (FollowerState.java:run(117)) - a10aa3ca-3ab2-4d87-9bc7-0d045ec2b4ce@group-5DF6529D38A3-FollowerState was interrupted: java.lang.InterruptedException: sleep interrupted
2019-10-17 01:10:33,199 [grpc-default-executor-6] INFO  impl.RoleInfo (RoleInfo.java:shutdownFollowerState(121)) - ee6ff355-4f2c-4ff1-aa68-7ca64f6b5439: shutdown FollowerState
2019-10-17 01:10:33,199 [grpc-default-executor-6] INFO  impl.RoleInfo (RoleInfo.java:updateAndGet(143)) - ee6ff355-4f2c-4ff1-aa68-7ca64f6b5439: start FollowerState
2019-10-17 01:10:33,199 [Thread-989] INFO  impl.FollowerState (FollowerState.java:run(117)) - ee6ff355-4f2c-4ff1-aa68-7ca64f6b5439@group-5DF6529D38A3-FollowerState was interrupted: java.lang.InterruptedException: sleep interrupted
2019-10-17 01:10:33,215 [e3697062-c193-48d1-b15e-d6b6b4dc6638@group-5DF6529D38A3-LeaderElection66] INFO  impl.LeaderElection (LeaderElection.java:logAndReturn(56)) - e3697062-c193-48d1-b15e-d6b6b4dc6638@group-5DF6529D38A3-LeaderElection66: Election REJECTED; received 2 response(s) [e3697062-c193-48d1-b15e-d6b6b4dc6638<-ee6ff355-4f2c-4ff1-aa68-7ca64f6b5439#0:FAIL-t27, e3697062-c193-48d1-b15e-d6b6b4dc6638<-a10aa3ca-3ab2-4d87-9bc7-0d045ec2b4ce#0:FAIL-t27] and 0 exception(s); e3697062-c193-48d1-b15e-d6b6b4dc6638@group-5DF6529D38A3:t27, leader=null, voted=e3697062-c193-48d1-b15e-d6b6b4dc6638, raftlog=e3697062-c193-48d1-b15e-d6b6b4dc6638@group-5DF6529D38A3-SegmentedRaftLog:OPENED:c-1,f-1,i0, conf=-1: [ee6ff355-4f2c-4ff1-aa68-7ca64f6b5439:192.168.157.194:37608, e3697062-c193-48d1-b15e-d6b6b4dc6638:192.168.157.194:40986, a10aa3ca-3ab2-4d87-9bc7-0d045ec2b4ce:192.168.157.194:36577], old=null
2019-10-17 01:10:33,215 [e3697062-c193-48d1-b15e-d6b6b4dc6638@group-5DF6529D38A3-LeaderElection66] INFO  impl.RaftServerImpl (RaftServerImpl.java:setRole(184)) - e3697062-c193-48d1-b15e-d6b6b4dc6638@group-5DF6529D38A3: changes role from CANDIDATE to FOLLOWER at term 27 for DISCOVERED_A_NEW_TERM
2019-10-17 01:10:33,216 [e3697062-c193-48d1-b15e-d6b6b4dc6638@group-5DF6529D38A3-LeaderElection66] INFO  impl.RoleInfo (RoleInfo.java:shutdownLeaderElection(134)) - e3697062-c193-48d1-b15e-d6b6b4dc6638: shutdown LeaderElection
2019-10-17 01:10:33,216 [e3697062-c193-48d1-b15e-d6b6b4dc6638@group-5DF6529D38A3-LeaderElection66] INFO  impl.RoleInfo (RoleInfo.java:updateAndGet(143)) - e3697062-c193-48d1-b15e-d6b6b4dc6638: start FollowerState
2019-10-17 01:10:33,239 [Thread-997] INFO  impl.FollowerState (FollowerState.java:run(108)) - ee6ff355-4f2c-4ff1-aa68-7ca64f6b5439@group-BD7A3B63C209-FollowerState: change to CANDIDATE, lastRpcTime:166ms, electionTimeout:166ms
2019-10-17 01:10:33,239 [Thread-997] INFO  impl.RoleInfo (RoleInfo.java:shutdownFollowerState(121)) - ee6ff355-4f2c-4ff1-aa68-7ca64f6b5439: shutdown FollowerState
2019-10-17 01:10:33,239 [Thread-997] INFO  impl.RaftServerImpl (RaftServerImpl.java:setRole(184)) - ee6ff355-4f2c-4ff1-aa68-7ca64f6b5439@group-BD7A3B63C209: changes role from  FOLLOWER to CANDIDATE at term 45 for changeToCandidate
2019-10-17 01:10:33,240 [Thread-997] INFO  impl.RoleInfo (RoleInfo.java:updateAndGet(143)) - ee6ff355-4f2c-4ff1-aa68-7ca64f6b5439: start LeaderElection
2019-10-17 01:10:33,265 [ee6ff355-4f2c-4ff1-aa68-7ca64f6b5439@group-BD7A3B63C209-LeaderElection67] INFO  impl.LeaderElection (LeaderElection.java:askForVotes(178)) - ee6ff355-4f2c-4ff1-aa68-7ca64f6b5439@group-BD7A3B63C209-LeaderElection67: begin an election at term 46 for 0: [ee6ff355-4f2c-4ff1-aa68-7ca64f6b5439:192.168.157.194:37608, e3697062-c193-48d1-b15e-d6b6b4dc6638:192.168.157.194:40986, a10aa3ca-3ab2-4d87-9bc7-0d045ec2b4ce:192.168.157.194:36577], old=null
2019-10-17 01:10:33,268 [grpc-default-executor-6] INFO  impl.RaftServerImpl (RaftServerImpl.java:setRole(184)) - e3697062-c193-48d1-b15e-d6b6b4dc6638@group-BD7A3B63C209: changes role from  FOLLOWER to FOLLOWER at term 46 for recognizeCandidate:ee6ff355-4f2c-4ff1-aa68-7ca64f6b5439
2019-10-17 01:10:33,268 [grpc-default-executor-1] INFO  impl.RaftServerImpl (RaftServerImpl.java:setRole(184)) - a10aa3ca-3ab2-4d87-9bc7-0d045ec2b4ce@group-BD7A3B63C209: changes role from  FOLLOWER to FOLLOWER at term 46 for recognizeCandidate:ee6ff355-4f2c-4ff1-aa68-7ca64f6b5439
2019-10-17 01:10:33,268 [grpc-default-executor-6] INFO  impl.RoleInfo (RoleInfo.java:shutdownFollowerState(121)) - e3697062-c193-48d1-b15e-d6b6b4dc6638: shutdown FollowerState
2019-10-17 01:10:33,268 [grpc-default-executor-1] INFO  impl.RoleInfo (RoleInfo.java:shutdownFollowerState(121)) - a10aa3ca-3ab2-4d87-9bc7-0d045ec2b4ce: shutdown FollowerState
2019-10-17 01:10:33,268 [Thread-996] INFO  impl.FollowerState (FollowerState.java:run(117)) - e3697062-c193-48d1-b15e-d6b6b4dc6638@group-BD7A3B63C209-FollowerState was interrupted: java.lang.InterruptedException: sleep interrupted
2019-10-17 01:10:33,268 [grpc-default-executor-6] INFO  impl.RoleInfo (RoleInfo.java:updateAndGet(143)) - e3697062-c193-48d1-b15e-d6b6b4dc6638: start FollowerState
2019-10-17 01:10:33,268 [Thread-995] INFO  impl.FollowerState (FollowerState.java:run(117)) - a10aa3ca-3ab2-4d87-9bc7-0d045ec2b4ce@group-BD7A3B63C209-FollowerState was interrupted: java.lang.InterruptedException: sleep interrupted
2019-10-17 01:10:33,268 [grpc-default-executor-1] INFO  impl.RoleInfo (RoleInfo.java:updateAndGet(143)) - a10aa3ca-3ab2-4d87-9bc7-0d045ec2b4ce: start FollowerState
2019-10-17 01:10:33,283 [ee6ff355-4f2c-4ff1-aa68-7ca64f6b5439@group-BD7A3B63C209-LeaderElection67] INFO  impl.LeaderElection (LeaderElection.java:logAndReturn(56)) - ee6ff355-4f2c-4ff1-aa68-7ca64f6b5439@group-BD7A3B63C209-LeaderElection67: Election REJECTED; received 2 response(s) [ee6ff355-4f2c-4ff1-aa68-7ca64f6b5439<-e3697062-c193-48d1-b15e-d6b6b4dc6638#0:FAIL-t46, ee6ff355-4f2c-4ff1-aa68-7ca64f6b5439<-a10aa3ca-3ab2-4d87-9bc7-0d045ec2b4ce#0:FAIL-t46] and 0 exception(s); ee6ff355-4f2c-4ff1-aa68-7ca64f6b5439@group-BD7A3B63C209:t46, leader=null, voted=ee6ff355-4f2c-4ff1-aa68-7ca64f6b5439, raftlog=ee6ff355-4f2c-4ff1-aa68-7ca64f6b5439@group-BD7A3B63C209-SegmentedRaftLog:OPENED:c3,f4,i4, conf=0: [ee6ff355-4f2c-4ff1-aa68-7ca64f6b5439:192.168.157.194:37608, e3697062-c193-48d1-b15e-d6b6b4dc6638:192.168.157.194:40986, a10aa3ca-3ab2-4d87-9bc7-0d045ec2b4ce:192.168.157.194:36577], old=null
2019-10-17 01:10:33,283 [ee6ff355-4f2c-4ff1-aa68-7ca64f6b5439@group-BD7A3B63C209-LeaderElection67] INFO  impl.RaftServerImpl (RaftServerImpl.java:setRole(184)) - ee6ff355-4f2c-4ff1-aa68-7ca64f6b5439@group-BD7A3B63C209: changes role from CANDIDATE to FOLLOWER at term 46 for DISCOVERED_A_NEW_TERM
2019-10-17 01:10:33,284 [ee6ff355-4f2c-4ff1-aa68-7ca64f6b5439@group-BD7A3B63C209-LeaderElection67] INFO  impl.RoleInfo (RoleInfo.java:shutdownLeaderElection(134)) - ee6ff355-4f2c-4ff1-aa68-7ca64f6b5439: shutdown LeaderElection
2019-10-17 01:10:33,284 [ee6ff355-4f2c-4ff1-aa68-7ca64f6b5439@group-BD7A3B63C209-LeaderElection67] INFO  impl.RoleInfo (RoleInfo.java:updateAndGet(143)) - ee6ff355-4f2c-4ff1-aa68-7ca64f6b5439: start FollowerState
2019-10-17 01:10:33,300 [BlockDeletingService#2] WARN  background.BlockDeletingService (BlockDeletingService.java:isDeletionAllowed(187)) - Close Container log Index 6 is not replicated across allthe servers in the pipeline 968e2a2f-54bd-4eee-95a8-bd7a3b63c209 as the min replicated index is 4. Deletion is not allowed in this container yet.
2019-10-17 01:10:33,300 [BlockDeletingService#2] WARN  background.BlockDeletingService (BlockDeletingService.java:isDeletionAllowed(187)) - Close Container log Index 6 is not replicated across allthe servers in the pipeline 968e2a2f-54bd-4eee-95a8-bd7a3b63c209 as the min replicated index is 4. Deletion is not allowed in this container yet.
2019-10-17 01:10:33,316 [Thread-1009] INFO  impl.FollowerState (FollowerState.java:run(108)) - ee6ff355-4f2c-4ff1-aa68-7ca64f6b5439@group-BD7A3B63C209-FollowerState: change to CANDIDATE, lastRpcTime:32ms, electionTimeout:32ms
2019-10-17 01:10:33,316 [Thread-1009] INFO  impl.RoleInfo (RoleInfo.java:shutdownFollowerState(121)) - ee6ff355-4f2c-4ff1-aa68-7ca64f6b5439: shutdown FollowerState
2019-10-17 01:10:33,316 [Thread-1009] INFO  impl.RaftServerImpl (RaftServerImpl.java:setRole(184)) - ee6ff355-4f2c-4ff1-aa68-7ca64f6b5439@group-BD7A3B63C209: changes role from  FOLLOWER to CANDIDATE at term 46 for changeToCandidate
2019-10-17 01:10:33,316 [Thread-1009] INFO  impl.RoleInfo (RoleInfo.java:updateAndGet(143)) - ee6ff355-4f2c-4ff1-aa68-7ca64f6b5439: start LeaderElection
2019-10-17 01:10:33,330 [ee6ff355-4f2c-4ff1-aa68-7ca64f6b5439@group-BD7A3B63C209-LeaderElection68] INFO  impl.LeaderElection (LeaderElection.java:askForVotes(178)) - ee6ff355-4f2c-4ff1-aa68-7ca64f6b5439@group-BD7A3B63C209-LeaderElection68: begin an election at term 47 for 0: [ee6ff355-4f2c-4ff1-aa68-7ca64f6b5439:192.168.157.194:37608, e3697062-c193-48d1-b15e-d6b6b4dc6638:192.168.157.194:40986, a10aa3ca-3ab2-4d87-9bc7-0d045ec2b4ce:192.168.157.194:36577], old=null
2019-10-17 01:10:33,332 [grpc-default-executor-1] INFO  impl.RaftServerImpl (RaftServerImpl.java:setRole(184)) - e3697062-c193-48d1-b15e-d6b6b4dc6638@group-BD7A3B63C209: changes role from  FOLLOWER to FOLLOWER at term 47 for recognizeCandidate:ee6ff355-4f2c-4ff1-aa68-7ca64f6b5439
2019-10-17 01:10:33,332 [grpc-default-executor-1] INFO  impl.RoleInfo (RoleInfo.java:shutdownFollowerState(121)) - e3697062-c193-48d1-b15e-d6b6b4dc6638: shutdown FollowerState
2019-10-17 01:10:33,332 [grpc-default-executor-6] INFO  impl.RaftServerImpl (RaftServerImpl.java:setRole(184)) - a10aa3ca-3ab2-4d87-9bc7-0d045ec2b4ce@group-BD7A3B63C209: changes role from  FOLLOWER to FOLLOWER at term 47 for recognizeCandidate:ee6ff355-4f2c-4ff1-aa68-7ca64f6b5439
2019-10-17 01:10:33,332 [Thread-1007] INFO  impl.FollowerState (FollowerState.java:run(117)) - e3697062-c193-48d1-b15e-d6b6b4dc6638@group-BD7A3B63C209-FollowerState was interrupted: java.lang.InterruptedException: sleep interrupted
2019-10-17 01:10:33,332 [grpc-default-executor-1] INFO  impl.RoleInfo (RoleInfo.java:updateAndGet(143)) - e3697062-c193-48d1-b15e-d6b6b4dc6638: start FollowerState
2019-10-17 01:10:33,332 [grpc-default-executor-6] INFO  impl.RoleInfo (RoleInfo.java:shutdownFollowerState(121)) - a10aa3ca-3ab2-4d87-9bc7-0d045ec2b4ce: shutdown FollowerState
2019-10-17 01:10:33,333 [grpc-default-executor-6] INFO  impl.RoleInfo (RoleInfo.java:updateAndGet(143)) - a10aa3ca-3ab2-4d87-9bc7-0d045ec2b4ce: start FollowerState
2019-10-17 01:10:33,333 [Thread-1008] INFO  impl.FollowerState (FollowerState.java:run(117)) - a10aa3ca-3ab2-4d87-9bc7-0d045ec2b4ce@group-BD7A3B63C209-FollowerState was interrupted: java.lang.InterruptedException: sleep interrupted
2019-10-17 01:10:33,348 [ee6ff355-4f2c-4ff1-aa68-7ca64f6b5439@group-BD7A3B63C209-LeaderElection68] INFO  impl.LeaderElection (LeaderElection.java:logAndReturn(56)) - ee6ff355-4f2c-4ff1-aa68-7ca64f6b5439@group-BD7A3B63C209-LeaderElection68: Election REJECTED; received 2 response(s) [ee6ff355-4f2c-4ff1-aa68-7ca64f6b5439<-e3697062-c193-48d1-b15e-d6b6b4dc6638#0:FAIL-t47, ee6ff355-4f2c-4ff1-aa68-7ca64f6b5439<-a10aa3ca-3ab2-4d87-9bc7-0d045ec2b4ce#0:FAIL-t47] and 0 exception(s); ee6ff355-4f2c-4ff1-aa68-7ca64f6b5439@group-BD7A3B63C209:t47, leader=null, voted=ee6ff355-4f2c-4ff1-aa68-7ca64f6b5439, raftlog=ee6ff355-4f2c-4ff1-aa68-7ca64f6b5439@group-BD7A3B63C209-SegmentedRaftLog:OPENED:c3,f4,i4, conf=0: [ee6ff355-4f2c-4ff1-aa68-7ca64f6b5439:192.168.157.194:37608, e3697062-c193-48d1-b15e-d6b6b4dc6638:192.168.157.194:40986, a10aa3ca-3ab2-4d87-9bc7-0d045ec2b4ce:192.168.157.194:36577], old=null
2019-10-17 01:10:33,348 [ee6ff355-4f2c-4ff1-aa68-7ca64f6b5439@group-BD7A3B63C209-LeaderElection68] INFO  impl.RaftServerImpl (RaftServerImpl.java:setRole(184)) - ee6ff355-4f2c-4ff1-aa68-7ca64f6b5439@group-BD7A3B63C209: changes role from CANDIDATE to FOLLOWER at term 47 for DISCOVERED_A_NEW_TERM
2019-10-17 01:10:33,348 [ee6ff355-4f2c-4ff1-aa68-7ca64f6b5439@group-BD7A3B63C209-LeaderElection68] INFO  impl.RoleInfo (RoleInfo.java:shutdownLeaderElection(134)) - ee6ff355-4f2c-4ff1-aa68-7ca64f6b5439: shutdown LeaderElection
2019-10-17 01:10:33,348 [ee6ff355-4f2c-4ff1-aa68-7ca64f6b5439@group-BD7A3B63C209-LeaderElection68] INFO  impl.RoleInfo (RoleInfo.java:updateAndGet(143)) - ee6ff355-4f2c-4ff1-aa68-7ca64f6b5439: start FollowerState
2019-10-17 01:10:33,386 [Thread-1003] INFO  impl.FollowerState (FollowerState.java:run(108)) - e3697062-c193-48d1-b15e-d6b6b4dc6638@group-5DF6529D38A3-FollowerState: change to CANDIDATE, lastRpcTime:170ms, electionTimeout:170ms
2019-10-17 01:10:33,386 [Thread-1003] INFO  impl.RoleInfo (RoleInfo.java:shutdownFollowerState(121)) - e3697062-c193-48d1-b15e-d6b6b4dc6638: shutdown FollowerState
2019-10-17 01:10:33,386 [Thread-1003] INFO  impl.RaftServerImpl (RaftServerImpl.java:setRole(184)) - e3697062-c193-48d1-b15e-d6b6b4dc6638@group-5DF6529D38A3: changes role from  FOLLOWER to CANDIDATE at term 27 for changeToCandidate
2019-10-17 01:10:33,386 [Thread-1003] INFO  impl.RoleInfo (RoleInfo.java:updateAndGet(143)) - e3697062-c193-48d1-b15e-d6b6b4dc6638: start LeaderElection
2019-10-17 01:10:33,402 [e3697062-c193-48d1-b15e-d6b6b4dc6638@group-5DF6529D38A3-LeaderElection69] INFO  impl.LeaderElection (LeaderElection.java:askForVotes(178)) - e3697062-c193-48d1-b15e-d6b6b4dc6638@group-5DF6529D38A3-LeaderElection69: begin an election at term 28 for -1: [ee6ff355-4f2c-4ff1-aa68-7ca64f6b5439:192.168.157.194:37608, e3697062-c193-48d1-b15e-d6b6b4dc6638:192.168.157.194:40986, a10aa3ca-3ab2-4d87-9bc7-0d045ec2b4ce:192.168.157.194:36577], old=null
2019-10-17 01:10:33,404 [grpc-default-executor-1] INFO  impl.RaftServerImpl (RaftServerImpl.java:setRole(184)) - ee6ff355-4f2c-4ff1-aa68-7ca64f6b5439@group-5DF6529D38A3: changes role from  FOLLOWER to FOLLOWER at term 28 for recognizeCandidate:e3697062-c193-48d1-b15e-d6b6b4dc6638
2019-10-17 01:10:33,404 [grpc-default-executor-1] INFO  impl.RoleInfo (RoleInfo.java:shutdownFollowerState(121)) - ee6ff355-4f2c-4ff1-aa68-7ca64f6b5439: shutdown FollowerState
2019-10-17 01:10:33,404 [grpc-default-executor-6] INFO  impl.RaftServerImpl (RaftServerImpl.java:setRole(184)) - a10aa3ca-3ab2-4d87-9bc7-0d045ec2b4ce@group-5DF6529D38A3: changes role from  FOLLOWER to FOLLOWER at term 28 for recognizeCandidate:e3697062-c193-48d1-b15e-d6b6b4dc6638
2019-10-17 01:10:33,404 [Thread-1002] INFO  impl.FollowerState (FollowerState.java:run(117)) - ee6ff355-4f2c-4ff1-aa68-7ca64f6b5439@group-5DF6529D38A3-FollowerState was interrupted: java.lang.InterruptedException: sleep interrupted
2019-10-17 01:10:33,404 [grpc-default-executor-1] INFO  impl.RoleInfo (RoleInfo.java:updateAndGet(143)) - ee6ff355-4f2c-4ff1-aa68-7ca64f6b5439: start FollowerState
2019-10-17 01:10:33,404 [grpc-default-executor-6] INFO  impl.RoleInfo (RoleInfo.java:shutdownFollowerState(121)) - a10aa3ca-3ab2-4d87-9bc7-0d045ec2b4ce: shutdown FollowerState
2019-10-17 01:10:33,405 [grpc-default-executor-6] INFO  impl.RoleInfo (RoleInfo.java:updateAndGet(143)) - a10aa3ca-3ab2-4d87-9bc7-0d045ec2b4ce: start FollowerState
2019-10-17 01:10:33,405 [Thread-1001] INFO  impl.FollowerState (FollowerState.java:run(117)) - a10aa3ca-3ab2-4d87-9bc7-0d045ec2b4ce@group-5DF6529D38A3-FollowerState was interrupted: java.lang.InterruptedException: sleep interrupted
2019-10-17 01:10:33,427 [e3697062-c193-48d1-b15e-d6b6b4dc6638@group-5DF6529D38A3-LeaderElection69] INFO  impl.LeaderElection (LeaderElection.java:logAndReturn(56)) - e3697062-c193-48d1-b15e-d6b6b4dc6638@group-5DF6529D38A3-LeaderElection69: Election REJECTED; received 2 response(s) [e3697062-c193-48d1-b15e-d6b6b4dc6638<-ee6ff355-4f2c-4ff1-aa68-7ca64f6b5439#0:FAIL-t28, e3697062-c193-48d1-b15e-d6b6b4dc6638<-a10aa3ca-3ab2-4d87-9bc7-0d045ec2b4ce#0:FAIL-t28] and 0 exception(s); e3697062-c193-48d1-b15e-d6b6b4dc6638@group-5DF6529D38A3:t28, leader=null, voted=e3697062-c193-48d1-b15e-d6b6b4dc6638, raftlog=e3697062-c193-48d1-b15e-d6b6b4dc6638@group-5DF6529D38A3-SegmentedRaftLog:OPENED:c-1,f-1,i0, conf=-1: [ee6ff355-4f2c-4ff1-aa68-7ca64f6b5439:192.168.157.194:37608, e3697062-c193-48d1-b15e-d6b6b4dc6638:192.168.157.194:40986, a10aa3ca-3ab2-4d87-9bc7-0d045ec2b4ce:192.168.157.194:36577], old=null
2019-10-17 01:10:33,427 [e3697062-c193-48d1-b15e-d6b6b4dc6638@group-5DF6529D38A3-LeaderElection69] INFO  impl.RaftServerImpl (RaftServerImpl.java:setRole(184)) - e3697062-c193-48d1-b15e-d6b6b4dc6638@group-5DF6529D38A3: changes role from CANDIDATE to FOLLOWER at term 28 for DISCOVERED_A_NEW_TERM
2019-10-17 01:10:33,427 [e3697062-c193-48d1-b15e-d6b6b4dc6638@group-5DF6529D38A3-LeaderElection69] INFO  impl.RoleInfo (RoleInfo.java:shutdownLeaderElection(134)) - e3697062-c193-48d1-b15e-d6b6b4dc6638: shutdown LeaderElection
2019-10-17 01:10:33,427 [e3697062-c193-48d1-b15e-d6b6b4dc6638@group-5DF6529D38A3-LeaderElection69] INFO  impl.RoleInfo (RoleInfo.java:updateAndGet(143)) - e3697062-c193-48d1-b15e-d6b6b4dc6638: start FollowerState
2019-10-17 01:10:33,446 [Thread-1017] INFO  impl.FollowerState (FollowerState.java:run(108)) - ee6ff355-4f2c-4ff1-aa68-7ca64f6b5439@group-BD7A3B63C209-FollowerState: change to CANDIDATE, lastRpcTime:97ms, electionTimeout:97ms
2019-10-17 01:10:33,446 [Thread-1017] INFO  impl.RoleInfo (RoleInfo.java:shutdownFollowerState(121)) - ee6ff355-4f2c-4ff1-aa68-7ca64f6b5439: shutdown FollowerState
2019-10-17 01:10:33,446 [Thread-1017] INFO  impl.RaftServerImpl (RaftServerImpl.java:setRole(184)) - ee6ff355-4f2c-4ff1-aa68-7ca64f6b5439@group-BD7A3B63C209: changes role from  FOLLOWER to CANDIDATE at term 47 for changeToCandidate
2019-10-17 01:10:33,446 [Thread-1017] INFO  impl.RoleInfo (RoleInfo.java:updateAndGet(143)) - ee6ff355-4f2c-4ff1-aa68-7ca64f6b5439: start LeaderElection
2019-10-17 01:10:33,467 [ee6ff355-4f2c-4ff1-aa68-7ca64f6b5439@group-BD7A3B63C209-LeaderElection70] INFO  impl.LeaderElection (LeaderElection.java:askForVotes(178)) - ee6ff355-4f2c-4ff1-aa68-7ca64f6b5439@group-BD7A3B63C209-LeaderElection70: begin an election at term 48 for 0: [ee6ff355-4f2c-4ff1-aa68-7ca64f6b5439:192.168.157.194:37608, e3697062-c193-48d1-b15e-d6b6b4dc6638:192.168.157.194:40986, a10aa3ca-3ab2-4d87-9bc7-0d045ec2b4ce:192.168.157.194:36577], old=null
2019-10-17 01:10:33,469 [grpc-default-executor-6] INFO  impl.RaftServerImpl (RaftServerImpl.java:setRole(184)) - a10aa3ca-3ab2-4d87-9bc7-0d045ec2b4ce@group-BD7A3B63C209: changes role from  FOLLOWER to FOLLOWER at term 48 for recognizeCandidate:ee6ff355-4f2c-4ff1-aa68-7ca64f6b5439
2019-10-17 01:10:33,469 [grpc-default-executor-6] INFO  impl.RoleInfo (RoleInfo.java:shutdownFollowerState(121)) - a10aa3ca-3ab2-4d87-9bc7-0d045ec2b4ce: shutdown FollowerState
2019-10-17 01:10:33,469 [grpc-default-executor-1] INFO  impl.RaftServerImpl (RaftServerImpl.java:setRole(184)) - e3697062-c193-48d1-b15e-d6b6b4dc6638@group-BD7A3B63C209: changes role from  FOLLOWER to FOLLOWER at term 48 for recognizeCandidate:ee6ff355-4f2c-4ff1-aa68-7ca64f6b5439
2019-10-17 01:10:33,469 [Thread-1016] INFO  impl.FollowerState (FollowerState.java:run(117)) - a10aa3ca-3ab2-4d87-9bc7-0d045ec2b4ce@group-BD7A3B63C209-FollowerState was interrupted: java.lang.InterruptedException: sleep interrupted
2019-10-17 01:10:33,469 [grpc-default-executor-6] INFO  impl.RoleInfo (RoleInfo.java:updateAndGet(143)) - a10aa3ca-3ab2-4d87-9bc7-0d045ec2b4ce: start FollowerState
2019-10-17 01:10:33,470 [grpc-default-executor-1] INFO  impl.RoleInfo (RoleInfo.java:shutdownFollowerState(121)) - e3697062-c193-48d1-b15e-d6b6b4dc6638: shutdown FollowerState
2019-10-17 01:10:33,470 [Thread-1015] INFO  impl.FollowerState (FollowerState.java:run(117)) - e3697062-c193-48d1-b15e-d6b6b4dc6638@group-BD7A3B63C209-FollowerState was interrupted: java.lang.InterruptedException: sleep interrupted
2019-10-17 01:10:33,470 [grpc-default-executor-1] INFO  impl.RoleInfo (RoleInfo.java:updateAndGet(143)) - e3697062-c193-48d1-b15e-d6b6b4dc6638: start FollowerState
2019-10-17 01:10:33,484 [ee6ff355-4f2c-4ff1-aa68-7ca64f6b5439@group-BD7A3B63C209-LeaderElection70] INFO  impl.LeaderElection (LeaderElection.java:logAndReturn(56)) - ee6ff355-4f2c-4ff1-aa68-7ca64f6b5439@group-BD7A3B63C209-LeaderElection70: Election REJECTED; received 2 response(s) [ee6ff355-4f2c-4ff1-aa68-7ca64f6b5439<-e3697062-c193-48d1-b15e-d6b6b4dc6638#0:FAIL-t48, ee6ff355-4f2c-4ff1-aa68-7ca64f6b5439<-a10aa3ca-3ab2-4d87-9bc7-0d045ec2b4ce#0:FAIL-t48] and 0 exception(s); ee6ff355-4f2c-4ff1-aa68-7ca64f6b5439@group-BD7A3B63C209:t48, leader=null, voted=ee6ff355-4f2c-4ff1-aa68-7ca64f6b5439, raftlog=ee6ff355-4f2c-4ff1-aa68-7ca64f6b5439@group-BD7A3B63C209-SegmentedRaftLog:OPENED:c3,f4,i4, conf=0: [ee6ff355-4f2c-4ff1-aa68-7ca64f6b5439:192.168.157.194:37608, e3697062-c193-48d1-b15e-d6b6b4dc6638:192.168.157.194:40986, a10aa3ca-3ab2-4d87-9bc7-0d045ec2b4ce:192.168.157.194:36577], old=null
2019-10-17 01:10:33,484 [ee6ff355-4f2c-4ff1-aa68-7ca64f6b5439@group-BD7A3B63C209-LeaderElection70] INFO  impl.RaftServerImpl (RaftServerImpl.java:setRole(184)) - ee6ff355-4f2c-4ff1-aa68-7ca64f6b5439@group-BD7A3B63C209: changes role from CANDIDATE to FOLLOWER at term 48 for DISCOVERED_A_NEW_TERM
2019-10-17 01:10:33,484 [ee6ff355-4f2c-4ff1-aa68-7ca64f6b5439@group-BD7A3B63C209-LeaderElection70] INFO  impl.RoleInfo (RoleInfo.java:shutdownLeaderElection(134)) - ee6ff355-4f2c-4ff1-aa68-7ca64f6b5439: shutdown LeaderElection
2019-10-17 01:10:33,484 [ee6ff355-4f2c-4ff1-aa68-7ca64f6b5439@group-BD7A3B63C209-LeaderElection70] INFO  impl.RoleInfo (RoleInfo.java:updateAndGet(143)) - ee6ff355-4f2c-4ff1-aa68-7ca64f6b5439: start FollowerState
2019-10-17 01:10:33,624 [Thread-1023] INFO  impl.FollowerState (FollowerState.java:run(108)) - e3697062-c193-48d1-b15e-d6b6b4dc6638@group-5DF6529D38A3-FollowerState: change to CANDIDATE, lastRpcTime:196ms, electionTimeout:196ms
2019-10-17 01:10:33,624 [Thread-1023] INFO  impl.RoleInfo (RoleInfo.java:shutdownFollowerState(121)) - e3697062-c193-48d1-b15e-d6b6b4dc6638: shutdown FollowerState
2019-10-17 01:10:33,624 [Thread-1023] INFO  impl.RaftServerImpl (RaftServerImpl.java:setRole(184)) - e3697062-c193-48d1-b15e-d6b6b4dc6638@group-5DF6529D38A3: changes role from  FOLLOWER to CANDIDATE at term 28 for changeToCandidate
2019-10-17 01:10:33,624 [Thread-1023] INFO  impl.RoleInfo (RoleInfo.java:updateAndGet(143)) - e3697062-c193-48d1-b15e-d6b6b4dc6638: start LeaderElection
2019-10-17 01:10:33,632 [Thread-1029] INFO  impl.FollowerState (FollowerState.java:run(108)) - ee6ff355-4f2c-4ff1-aa68-7ca64f6b5439@group-BD7A3B63C209-FollowerState: change to CANDIDATE, lastRpcTime:147ms, electionTimeout:147ms
2019-10-17 01:10:33,632 [Thread-1029] INFO  impl.RoleInfo (RoleInfo.java:shutdownFollowerState(121)) - ee6ff355-4f2c-4ff1-aa68-7ca64f6b5439: shutdown FollowerState
2019-10-17 01:10:33,632 [Thread-1029] INFO  impl.RaftServerImpl (RaftServerImpl.java:setRole(184)) - ee6ff355-4f2c-4ff1-aa68-7ca64f6b5439@group-BD7A3B63C209: changes role from  FOLLOWER to CANDIDATE at term 48 for changeToCandidate
2019-10-17 01:10:33,632 [Thread-1029] INFO  impl.RoleInfo (RoleInfo.java:updateAndGet(143)) - ee6ff355-4f2c-4ff1-aa68-7ca64f6b5439: start LeaderElection
2019-10-17 01:10:33,640 [e3697062-c193-48d1-b15e-d6b6b4dc6638@group-5DF6529D38A3-LeaderElection71] INFO  impl.LeaderElection (LeaderElection.java:askForVotes(178)) - e3697062-c193-48d1-b15e-d6b6b4dc6638@group-5DF6529D38A3-LeaderElection71: begin an election at term 29 for -1: [ee6ff355-4f2c-4ff1-aa68-7ca64f6b5439:192.168.157.194:37608, e3697062-c193-48d1-b15e-d6b6b4dc6638:192.168.157.194:40986, a10aa3ca-3ab2-4d87-9bc7-0d045ec2b4ce:192.168.157.194:36577], old=null
2019-10-17 01:10:33,640 [ee6ff355-4f2c-4ff1-aa68-7ca64f6b5439@group-BD7A3B63C209-LeaderElection72] INFO  impl.LeaderElection (LeaderElection.java:askForVotes(178)) - ee6ff355-4f2c-4ff1-aa68-7ca64f6b5439@group-BD7A3B63C209-LeaderElection72: begin an election at term 49 for 0: [ee6ff355-4f2c-4ff1-aa68-7ca64f6b5439:192.168.157.194:37608, e3697062-c193-48d1-b15e-d6b6b4dc6638:192.168.157.194:40986, a10aa3ca-3ab2-4d87-9bc7-0d045ec2b4ce:192.168.157.194:36577], old=null
2019-10-17 01:10:33,643 [grpc-default-executor-6] INFO  impl.RaftServerImpl (RaftServerImpl.java:setRole(184)) - ee6ff355-4f2c-4ff1-aa68-7ca64f6b5439@group-5DF6529D38A3: changes role from  FOLLOWER to FOLLOWER at term 29 for recognizeCandidate:e3697062-c193-48d1-b15e-d6b6b4dc6638
2019-10-17 01:10:33,643 [grpc-default-executor-1] INFO  impl.RaftServerImpl (RaftServerImpl.java:setRole(184)) - a10aa3ca-3ab2-4d87-9bc7-0d045ec2b4ce@group-5DF6529D38A3: changes role from  FOLLOWER to FOLLOWER at term 29 for recognizeCandidate:e3697062-c193-48d1-b15e-d6b6b4dc6638
2019-10-17 01:10:33,643 [grpc-default-executor-6] INFO  impl.RoleInfo (RoleInfo.java:shutdownFollowerState(121)) - ee6ff355-4f2c-4ff1-aa68-7ca64f6b5439: shutdown FollowerState
2019-10-17 01:10:33,643 [grpc-default-executor-1] INFO  impl.RoleInfo (RoleInfo.java:shutdownFollowerState(121)) - a10aa3ca-3ab2-4d87-9bc7-0d045ec2b4ce: shutdown FollowerState
2019-10-17 01:10:33,643 [Thread-1021] INFO  impl.FollowerState (FollowerState.java:run(117)) - ee6ff355-4f2c-4ff1-aa68-7ca64f6b5439@group-5DF6529D38A3-FollowerState was interrupted: java.lang.InterruptedException: sleep interrupted
2019-10-17 01:10:33,643 [grpc-default-executor-6] INFO  impl.RoleInfo (RoleInfo.java:updateAndGet(143)) - ee6ff355-4f2c-4ff1-aa68-7ca64f6b5439: start FollowerState
2019-10-17 01:10:33,643 [grpc-default-executor-5] INFO  impl.RaftServerImpl (RaftServerImpl.java:setRole(184)) - a10aa3ca-3ab2-4d87-9bc7-0d045ec2b4ce@group-BD7A3B63C209: changes role from  FOLLOWER to FOLLOWER at term 49 for recognizeCandidate:ee6ff355-4f2c-4ff1-aa68-7ca64f6b5439
2019-10-17 01:10:33,643 [grpc-default-executor-0] INFO  impl.RaftServerImpl (RaftServerImpl.java:setRole(184)) - e3697062-c193-48d1-b15e-d6b6b4dc6638@group-BD7A3B63C209: changes role from  FOLLOWER to FOLLOWER at term 49 for recognizeCandidate:ee6ff355-4f2c-4ff1-aa68-7ca64f6b5439
2019-10-17 01:10:33,644 [grpc-default-executor-0] INFO  impl.RoleInfo (RoleInfo.java:shutdownFollowerState(121)) - e3697062-c193-48d1-b15e-d6b6b4dc6638: shutdown FollowerState
2019-10-17 01:10:33,643 [Thread-1022] INFO  impl.FollowerState (FollowerState.java:run(117)) - a10aa3ca-3ab2-4d87-9bc7-0d045ec2b4ce@group-5DF6529D38A3-FollowerState was interrupted: java.lang.InterruptedException: sleep interrupted
2019-10-17 01:10:33,644 [Thread-1028] INFO  impl.FollowerState (FollowerState.java:run(117)) - e3697062-c193-48d1-b15e-d6b6b4dc6638@group-BD7A3B63C209-FollowerState was interrupted: java.lang.InterruptedException: sleep interrupted
2019-10-17 01:10:33,643 [grpc-default-executor-1] INFO  impl.RoleInfo (RoleInfo.java:updateAndGet(143)) - a10aa3ca-3ab2-4d87-9bc7-0d045ec2b4ce: start FollowerState
2019-10-17 01:10:33,644 [grpc-default-executor-0] INFO  impl.RoleInfo (RoleInfo.java:updateAndGet(143)) - e3697062-c193-48d1-b15e-d6b6b4dc6638: start FollowerState
2019-10-17 01:10:33,644 [grpc-default-executor-5] INFO  impl.RoleInfo (RoleInfo.java:shutdownFollowerState(121)) - a10aa3ca-3ab2-4d87-9bc7-0d045ec2b4ce: shutdown FollowerState
2019-10-17 01:10:33,645 [Thread-1027] INFO  impl.FollowerState (FollowerState.java:run(117)) - a10aa3ca-3ab2-4d87-9bc7-0d045ec2b4ce@group-BD7A3B63C209-FollowerState was interrupted: java.lang.InterruptedException: sleep interrupted
2019-10-17 01:10:33,645 [grpc-default-executor-5] INFO  impl.RoleInfo (RoleInfo.java:updateAndGet(143)) - a10aa3ca-3ab2-4d87-9bc7-0d045ec2b4ce: start FollowerState
2019-10-17 01:10:33,655 [ee6ff355-4f2c-4ff1-aa68-7ca64f6b5439@group-BD7A3B63C209-LeaderElection72] INFO  impl.LeaderElection (LeaderElection.java:logAndReturn(56)) - ee6ff355-4f2c-4ff1-aa68-7ca64f6b5439@group-BD7A3B63C209-LeaderElection72: Election TIMEOUT; received 0 response(s) [] and 0 exception(s); ee6ff355-4f2c-4ff1-aa68-7ca64f6b5439@group-BD7A3B63C209:t49, leader=null, voted=ee6ff355-4f2c-4ff1-aa68-7ca64f6b5439, raftlog=ee6ff355-4f2c-4ff1-aa68-7ca64f6b5439@group-BD7A3B63C209-SegmentedRaftLog:OPENED:c3,f4,i4, conf=0: [ee6ff355-4f2c-4ff1-aa68-7ca64f6b5439:192.168.157.194:37608, e3697062-c193-48d1-b15e-d6b6b4dc6638:192.168.157.194:40986, a10aa3ca-3ab2-4d87-9bc7-0d045ec2b4ce:192.168.157.194:36577], old=null
2019-10-17 01:10:33,659 [e3697062-c193-48d1-b15e-d6b6b4dc6638@group-5DF6529D38A3-LeaderElection71] INFO  impl.LeaderElection (LeaderElection.java:logAndReturn(56)) - e3697062-c193-48d1-b15e-d6b6b4dc6638@group-5DF6529D38A3-LeaderElection71: Election REJECTED; received 2 response(s) [e3697062-c193-48d1-b15e-d6b6b4dc6638<-ee6ff355-4f2c-4ff1-aa68-7ca64f6b5439#0:FAIL-t29, e3697062-c193-48d1-b15e-d6b6b4dc6638<-a10aa3ca-3ab2-4d87-9bc7-0d045ec2b4ce#0:FAIL-t29] and 0 exception(s); e3697062-c193-48d1-b15e-d6b6b4dc6638@group-5DF6529D38A3:t29, leader=null, voted=e3697062-c193-48d1-b15e-d6b6b4dc6638, raftlog=e3697062-c193-48d1-b15e-d6b6b4dc6638@group-5DF6529D38A3-SegmentedRaftLog:OPENED:c-1,f-1,i0, conf=-1: [ee6ff355-4f2c-4ff1-aa68-7ca64f6b5439:192.168.157.194:37608, e3697062-c193-48d1-b15e-d6b6b4dc6638:192.168.157.194:40986, a10aa3ca-3ab2-4d87-9bc7-0d045ec2b4ce:192.168.157.194:36577], old=null
2019-10-17 01:10:33,659 [e3697062-c193-48d1-b15e-d6b6b4dc6638@group-5DF6529D38A3-LeaderElection71] INFO  impl.RaftServerImpl (RaftServerImpl.java:setRole(184)) - e3697062-c193-48d1-b15e-d6b6b4dc6638@group-5DF6529D38A3: changes role from CANDIDATE to FOLLOWER at term 29 for DISCOVERED_A_NEW_TERM
2019-10-17 01:10:33,659 [e3697062-c193-48d1-b15e-d6b6b4dc6638@group-5DF6529D38A3-LeaderElection71] INFO  impl.RoleInfo (RoleInfo.java:shutdownLeaderElection(134)) - e3697062-c193-48d1-b15e-d6b6b4dc6638: shutdown LeaderElection
2019-10-17 01:10:33,659 [e3697062-c193-48d1-b15e-d6b6b4dc6638@group-5DF6529D38A3-LeaderElection71] INFO  impl.RoleInfo (RoleInfo.java:updateAndGet(143)) - e3697062-c193-48d1-b15e-d6b6b4dc6638: start FollowerState
2019-10-17 01:10:33,661 [ee6ff355-4f2c-4ff1-aa68-7ca64f6b5439@group-BD7A3B63C209-LeaderElection72] INFO  impl.LeaderElection (LeaderElection.java:askForVotes(178)) - ee6ff355-4f2c-4ff1-aa68-7ca64f6b5439@group-BD7A3B63C209-LeaderElection72: begin an election at term 50 for 0: [ee6ff355-4f2c-4ff1-aa68-7ca64f6b5439:192.168.157.194:37608, e3697062-c193-48d1-b15e-d6b6b4dc6638:192.168.157.194:40986, a10aa3ca-3ab2-4d87-9bc7-0d045ec2b4ce:192.168.157.194:36577], old=null
2019-10-17 01:10:33,663 [grpc-default-executor-0] INFO  impl.RaftServerImpl (RaftServerImpl.java:setRole(184)) - a10aa3ca-3ab2-4d87-9bc7-0d045ec2b4ce@group-BD7A3B63C209: changes role from  FOLLOWER to FOLLOWER at term 50 for recognizeCandidate:ee6ff355-4f2c-4ff1-aa68-7ca64f6b5439
2019-10-17 01:10:33,663 [grpc-default-executor-1] INFO  impl.RaftServerImpl (RaftServerImpl.java:setRole(184)) - e3697062-c193-48d1-b15e-d6b6b4dc6638@group-BD7A3B63C209: changes role from  FOLLOWER to FOLLOWER at term 50 for recognizeCandidate:ee6ff355-4f2c-4ff1-aa68-7ca64f6b5439
2019-10-17 01:10:33,663 [grpc-default-executor-0] INFO  impl.RoleInfo (RoleInfo.java:shutdownFollowerState(121)) - a10aa3ca-3ab2-4d87-9bc7-0d045ec2b4ce: shutdown FollowerState
2019-10-17 01:10:33,663 [grpc-default-executor-1] INFO  impl.RoleInfo (RoleInfo.java:shutdownFollowerState(121)) - e3697062-c193-48d1-b15e-d6b6b4dc6638: shutdown FollowerState
2019-10-17 01:10:33,663 [Thread-1040] INFO  impl.FollowerState (FollowerState.java:run(117)) - a10aa3ca-3ab2-4d87-9bc7-0d045ec2b4ce@group-BD7A3B63C209-FollowerState was interrupted: java.lang.InterruptedException: sleep interrupted
2019-10-17 01:10:33,663 [grpc-default-executor-0] INFO  impl.RoleInfo (RoleInfo.java:updateAndGet(143)) - a10aa3ca-3ab2-4d87-9bc7-0d045ec2b4ce: start FollowerState
2019-10-17 01:10:33,663 [Thread-1039] INFO  impl.FollowerState (FollowerState.java:run(117)) - e3697062-c193-48d1-b15e-d6b6b4dc6638@group-BD7A3B63C209-FollowerState was interrupted: java.lang.InterruptedException: sleep interrupted
2019-10-17 01:10:33,663 [grpc-default-executor-1] INFO  impl.RoleInfo (RoleInfo.java:updateAndGet(143)) - e3697062-c193-48d1-b15e-d6b6b4dc6638: start FollowerState
2019-10-17 01:10:33,669 [Thread-1041] INFO  impl.FollowerState (FollowerState.java:run(108)) - e3697062-c193-48d1-b15e-d6b6b4dc6638@group-5DF6529D38A3-FollowerState: change to CANDIDATE, lastRpcTime:9ms, electionTimeout:9ms
2019-10-17 01:10:33,669 [Thread-1041] INFO  impl.RoleInfo (RoleInfo.java:shutdownFollowerState(121)) - e3697062-c193-48d1-b15e-d6b6b4dc6638: shutdown FollowerState
2019-10-17 01:10:33,669 [Thread-1041] INFO  impl.RaftServerImpl (RaftServerImpl.java:setRole(184)) - e3697062-c193-48d1-b15e-d6b6b4dc6638@group-5DF6529D38A3: changes role from  FOLLOWER to CANDIDATE at term 29 for changeToCandidate
2019-10-17 01:10:33,669 [Thread-1041] INFO  impl.RoleInfo (RoleInfo.java:updateAndGet(143)) - e3697062-c193-48d1-b15e-d6b6b4dc6638: start LeaderElection
2019-10-17 01:10:33,673 [ee6ff355-4f2c-4ff1-aa68-7ca64f6b5439@group-BD7A3B63C209-LeaderElection72] INFO  impl.LeaderElection (LeaderElection.java:logAndReturn(56)) - ee6ff355-4f2c-4ff1-aa68-7ca64f6b5439@group-BD7A3B63C209-LeaderElection72: Election REJECTED; received 2 response(s) [ee6ff355-4f2c-4ff1-aa68-7ca64f6b5439<-e3697062-c193-48d1-b15e-d6b6b4dc6638#0:FAIL-t50, ee6ff355-4f2c-4ff1-aa68-7ca64f6b5439<-a10aa3ca-3ab2-4d87-9bc7-0d045ec2b4ce#0:FAIL-t50] and 0 exception(s); ee6ff355-4f2c-4ff1-aa68-7ca64f6b5439@group-BD7A3B63C209:t50, leader=null, voted=ee6ff355-4f2c-4ff1-aa68-7ca64f6b5439, raftlog=ee6ff355-4f2c-4ff1-aa68-7ca64f6b5439@group-BD7A3B63C209-SegmentedRaftLog:OPENED:c3,f4,i4, conf=0: [ee6ff355-4f2c-4ff1-aa68-7ca64f6b5439:192.168.157.194:37608, e3697062-c193-48d1-b15e-d6b6b4dc6638:192.168.157.194:40986, a10aa3ca-3ab2-4d87-9bc7-0d045ec2b4ce:192.168.157.194:36577], old=null
2019-10-17 01:10:33,673 [ee6ff355-4f2c-4ff1-aa68-7ca64f6b5439@group-BD7A3B63C209-LeaderElection72] INFO  impl.RaftServerImpl (RaftServerImpl.java:setRole(184)) - ee6ff355-4f2c-4ff1-aa68-7ca64f6b5439@group-BD7A3B63C209: changes role from CANDIDATE to FOLLOWER at term 50 for DISCOVERED_A_NEW_TERM
2019-10-17 01:10:33,674 [ee6ff355-4f2c-4ff1-aa68-7ca64f6b5439@group-BD7A3B63C209-LeaderElection72] INFO  impl.RoleInfo (RoleInfo.java:shutdownLeaderElection(134)) - ee6ff355-4f2c-4ff1-aa68-7ca64f6b5439: shutdown LeaderElection
2019-10-17 01:10:33,674 [ee6ff355-4f2c-4ff1-aa68-7ca64f6b5439@group-BD7A3B63C209-LeaderElection72] INFO  impl.RoleInfo (RoleInfo.java:updateAndGet(143)) - ee6ff355-4f2c-4ff1-aa68-7ca64f6b5439: start FollowerState
2019-10-17 01:10:33,675 [e3697062-c193-48d1-b15e-d6b6b4dc6638@group-5DF6529D38A3-LeaderElection73] INFO  impl.LeaderElection (LeaderElection.java:askForVotes(178)) - e3697062-c193-48d1-b15e-d6b6b4dc6638@group-5DF6529D38A3-LeaderElection73: begin an election at term 30 for -1: [ee6ff355-4f2c-4ff1-aa68-7ca64f6b5439:192.168.157.194:37608, e3697062-c193-48d1-b15e-d6b6b4dc6638:192.168.157.194:40986, a10aa3ca-3ab2-4d87-9bc7-0d045ec2b4ce:192.168.157.194:36577], old=null
2019-10-17 01:10:33,677 [grpc-default-executor-0] INFO  impl.RaftServerImpl (RaftServerImpl.java:setRole(184)) - ee6ff355-4f2c-4ff1-aa68-7ca64f6b5439@group-5DF6529D38A3: changes role from  FOLLOWER to FOLLOWER at term 30 for recognizeCandidate:e3697062-c193-48d1-b15e-d6b6b4dc6638
2019-10-17 01:10:33,677 [grpc-default-executor-1] INFO  impl.RaftServerImpl (RaftServerImpl.java:setRole(184)) - a10aa3ca-3ab2-4d87-9bc7-0d045ec2b4ce@group-5DF6529D38A3: changes role from  FOLLOWER to FOLLOWER at term 30 for recognizeCandidate:e3697062-c193-48d1-b15e-d6b6b4dc6638
2019-10-17 01:10:33,677 [grpc-default-executor-0] INFO  impl.RoleInfo (RoleInfo.java:shutdownFollowerState(121)) - ee6ff355-4f2c-4ff1-aa68-7ca64f6b5439: shutdown FollowerState
2019-10-17 01:10:33,677 [grpc-default-executor-1] INFO  impl.RoleInfo (RoleInfo.java:shutdownFollowerState(121)) - a10aa3ca-3ab2-4d87-9bc7-0d045ec2b4ce: shutdown FollowerState
2019-10-17 01:10:33,677 [grpc-default-executor-0] INFO  impl.RoleInfo (RoleInfo.java:updateAndGet(143)) - ee6ff355-4f2c-4ff1-aa68-7ca64f6b5439: start FollowerState
2019-10-17 01:10:33,677 [Thread-1037] INFO  impl.FollowerState (FollowerState.java:run(117)) - ee6ff355-4f2c-4ff1-aa68-7ca64f6b5439@group-5DF6529D38A3-FollowerState was interrupted: java.lang.InterruptedException: sleep interrupted
2019-10-17 01:10:33,677 [Thread-1038] INFO  impl.FollowerState (FollowerState.java:run(117)) - a10aa3ca-3ab2-4d87-9bc7-0d045ec2b4ce@group-5DF6529D38A3-FollowerState was interrupted: java.lang.InterruptedException: sleep interrupted
2019-10-17 01:10:33,677 [grpc-default-executor-1] INFO  impl.RoleInfo (RoleInfo.java:updateAndGet(143)) - a10aa3ca-3ab2-4d87-9bc7-0d045ec2b4ce: start FollowerState
2019-10-17 01:10:33,689 [e3697062-c193-48d1-b15e-d6b6b4dc6638@group-5DF6529D38A3-LeaderElection73] INFO  impl.LeaderElection (LeaderElection.java:logAndReturn(56)) - e3697062-c193-48d1-b15e-d6b6b4dc6638@group-5DF6529D38A3-LeaderElection73: Election REJECTED; received 2 response(s) [e3697062-c193-48d1-b15e-d6b6b4dc6638<-ee6ff355-4f2c-4ff1-aa68-7ca64f6b5439#0:FAIL-t30, e3697062-c193-48d1-b15e-d6b6b4dc6638<-a10aa3ca-3ab2-4d87-9bc7-0d045ec2b4ce#0:FAIL-t30] and 0 exception(s); e3697062-c193-48d1-b15e-d6b6b4dc6638@group-5DF6529D38A3:t30, leader=null, voted=e3697062-c193-48d1-b15e-d6b6b4dc6638, raftlog=e3697062-c193-48d1-b15e-d6b6b4dc6638@group-5DF6529D38A3-SegmentedRaftLog:OPENED:c-1,f-1,i0, conf=-1: [ee6ff355-4f2c-4ff1-aa68-7ca64f6b5439:192.168.157.194:37608, e3697062-c193-48d1-b15e-d6b6b4dc6638:192.168.157.194:40986, a10aa3ca-3ab2-4d87-9bc7-0d045ec2b4ce:192.168.157.194:36577], old=null
2019-10-17 01:10:33,690 [e3697062-c193-48d1-b15e-d6b6b4dc6638@group-5DF6529D38A3-LeaderElection73] INFO  impl.RaftServerImpl (RaftServerImpl.java:setRole(184)) - e3697062-c193-48d1-b15e-d6b6b4dc6638@group-5DF6529D38A3: changes role from CANDIDATE to FOLLOWER at term 30 for DISCOVERED_A_NEW_TERM
2019-10-17 01:10:33,690 [e3697062-c193-48d1-b15e-d6b6b4dc6638@group-5DF6529D38A3-LeaderElection73] INFO  impl.RoleInfo (RoleInfo.java:shutdownLeaderElection(134)) - e3697062-c193-48d1-b15e-d6b6b4dc6638: shutdown LeaderElection
2019-10-17 01:10:33,690 [e3697062-c193-48d1-b15e-d6b6b4dc6638@group-5DF6529D38A3-LeaderElection73] INFO  impl.RoleInfo (RoleInfo.java:updateAndGet(143)) - e3697062-c193-48d1-b15e-d6b6b4dc6638: start FollowerState
2019-10-17 01:10:33,741 [Thread-1054] INFO  client.GrpcClientProtocolService (GrpcClientProtocolService.java:lambda$processClientRequest$0(278)) - Failed RaftClientRequest:client-B379F03C97AF->e3697062-c193-48d1-b15e-d6b6b4dc6638@group-BD7A3B63C209, cid=10, seq=0, Watch-ALL_COMMITTED(6), Message:<EMPTY>, reply=RaftClientReply:client-B379F03C97AF->e3697062-c193-48d1-b15e-d6b6b4dc6638@group-BD7A3B63C209, cid=10, FAILED org.apache.ratis.protocol.NotLeaderException: Server e3697062-c193-48d1-b15e-d6b6b4dc6638@group-BD7A3B63C209 is not the leader, logIndex=0, commits[e3697062-c193-48d1-b15e-d6b6b4dc6638:c10, ee6ff355-4f2c-4ff1-aa68-7ca64f6b5439:c4, a10aa3ca-3ab2-4d87-9bc7-0d045ec2b4ce:c10]
2019-10-17 01:10:33,780 [Thread-1047] INFO  impl.FollowerState (FollowerState.java:run(108)) - ee6ff355-4f2c-4ff1-aa68-7ca64f6b5439@group-BD7A3B63C209-FollowerState: change to CANDIDATE, lastRpcTime:106ms, electionTimeout:106ms
2019-10-17 01:10:33,780 [Thread-1047] INFO  impl.RoleInfo (RoleInfo.java:shutdownFollowerState(121)) - ee6ff355-4f2c-4ff1-aa68-7ca64f6b5439: shutdown FollowerState
2019-10-17 01:10:33,780 [Thread-1047] INFO  impl.RaftServerImpl (RaftServerImpl.java:setRole(184)) - ee6ff355-4f2c-4ff1-aa68-7ca64f6b5439@group-BD7A3B63C209: changes role from  FOLLOWER to CANDIDATE at term 50 for changeToCandidate
2019-10-17 01:10:33,781 [Thread-1047] INFO  impl.RoleInfo (RoleInfo.java:updateAndGet(143)) - ee6ff355-4f2c-4ff1-aa68-7ca64f6b5439: start LeaderElection
2019-10-17 01:10:33,795 [ee6ff355-4f2c-4ff1-aa68-7ca64f6b5439@group-BD7A3B63C209-LeaderElection74] INFO  impl.LeaderElection (LeaderElection.java:askForVotes(178)) - ee6ff355-4f2c-4ff1-aa68-7ca64f6b5439@group-BD7A3B63C209-LeaderElection74: begin an election at term 51 for 0: [ee6ff355-4f2c-4ff1-aa68-7ca64f6b5439:192.168.157.194:37608, e3697062-c193-48d1-b15e-d6b6b4dc6638:192.168.157.194:40986, a10aa3ca-3ab2-4d87-9bc7-0d045ec2b4ce:192.168.157.194:36577], old=null
2019-10-17 01:10:33,797 [grpc-default-executor-0] INFO  impl.RaftServerImpl (RaftServerImpl.java:setRole(184)) - e3697062-c193-48d1-b15e-d6b6b4dc6638@group-BD7A3B63C209: changes role from  FOLLOWER to FOLLOWER at term 51 for recognizeCandidate:ee6ff355-4f2c-4ff1-aa68-7ca64f6b5439
2019-10-17 01:10:33,797 [grpc-default-executor-0] INFO  impl.RoleInfo (RoleInfo.java:shutdownFollowerState(121)) - e3697062-c193-48d1-b15e-d6b6b4dc6638: shutdown FollowerState
2019-10-17 01:10:33,797 [grpc-default-executor-1] INFO  impl.RaftServerImpl (RaftServerImpl.java:setRole(184)) - a10aa3ca-3ab2-4d87-9bc7-0d045ec2b4ce@group-BD7A3B63C209: changes role from  FOLLOWER to FOLLOWER at term 51 for recognizeCandidate:ee6ff355-4f2c-4ff1-aa68-7ca64f6b5439
2019-10-17 01:10:33,797 [Thread-1045] INFO  impl.FollowerState (FollowerState.java:run(117)) - e3697062-c193-48d1-b15e-d6b6b4dc6638@group-BD7A3B63C209-FollowerState was interrupted: java.lang.InterruptedException: sleep interrupted
2019-10-17 01:10:33,797 [grpc-default-executor-0] INFO  impl.RoleInfo (RoleInfo.java:updateAndGet(143)) - e3697062-c193-48d1-b15e-d6b6b4dc6638: start FollowerState
2019-10-17 01:10:33,797 [grpc-default-executor-1] INFO  impl.RoleInfo (RoleInfo.java:shutdownFollowerState(121)) - a10aa3ca-3ab2-4d87-9bc7-0d045ec2b4ce: shutdown FollowerState
2019-10-17 01:10:33,798 [grpc-default-executor-1] INFO  impl.RoleInfo (RoleInfo.java:updateAndGet(143)) - a10aa3ca-3ab2-4d87-9bc7-0d045ec2b4ce: start FollowerState
2019-10-17 01:10:33,798 [Thread-1044] INFO  impl.FollowerState (FollowerState.java:run(117)) - a10aa3ca-3ab2-4d87-9bc7-0d045ec2b4ce@group-BD7A3B63C209-FollowerState was interrupted: java.lang.InterruptedException: sleep interrupted
2019-10-17 01:10:33,813 [ee6ff355-4f2c-4ff1-aa68-7ca64f6b5439@group-BD7A3B63C209-LeaderElection74] INFO  impl.LeaderElection (LeaderElection.java:logAndReturn(56)) - ee6ff355-4f2c-4ff1-aa68-7ca64f6b5439@group-BD7A3B63C209-LeaderElection74: Election REJECTED; received 2 response(s) [ee6ff355-4f2c-4ff1-aa68-7ca64f6b5439<-e3697062-c193-48d1-b15e-d6b6b4dc6638#0:FAIL-t51, ee6ff355-4f2c-4ff1-aa68-7ca64f6b5439<-a10aa3ca-3ab2-4d87-9bc7-0d045ec2b4ce#0:FAIL-t51] and 0 exception(s); ee6ff355-4f2c-4ff1-aa68-7ca64f6b5439@group-BD7A3B63C209:t51, leader=null, voted=ee6ff355-4f2c-4ff1-aa68-7ca64f6b5439, raftlog=ee6ff355-4f2c-4ff1-aa68-7ca64f6b5439@group-BD7A3B63C209-SegmentedRaftLog:OPENED:c3,f4,i4, conf=0: [ee6ff355-4f2c-4ff1-aa68-7ca64f6b5439:192.168.157.194:37608, e3697062-c193-48d1-b15e-d6b6b4dc6638:192.168.157.194:40986, a10aa3ca-3ab2-4d87-9bc7-0d045ec2b4ce:192.168.157.194:36577], old=null
2019-10-17 01:10:33,813 [ee6ff355-4f2c-4ff1-aa68-7ca64f6b5439@group-BD7A3B63C209-LeaderElection74] INFO  impl.RaftServerImpl (RaftServerImpl.java:setRole(184)) - ee6ff355-4f2c-4ff1-aa68-7ca64f6b5439@group-BD7A3B63C209: changes role from CANDIDATE to FOLLOWER at term 51 for DISCOVERED_A_NEW_TERM
2019-10-17 01:10:33,813 [ee6ff355-4f2c-4ff1-aa68-7ca64f6b5439@group-BD7A3B63C209-LeaderElection74] INFO  impl.RoleInfo (RoleInfo.java:shutdownLeaderElection(134)) - ee6ff355-4f2c-4ff1-aa68-7ca64f6b5439: shutdown LeaderElection
2019-10-17 01:10:33,813 [ee6ff355-4f2c-4ff1-aa68-7ca64f6b5439@group-BD7A3B63C209-LeaderElection74] INFO  impl.RoleInfo (RoleInfo.java:updateAndGet(143)) - ee6ff355-4f2c-4ff1-aa68-7ca64f6b5439: start FollowerState
2019-10-17 01:10:33,839 [Thread-1061] INFO  impl.FollowerState (FollowerState.java:run(108)) - ee6ff355-4f2c-4ff1-aa68-7ca64f6b5439@group-BD7A3B63C209-FollowerState: change to CANDIDATE, lastRpcTime:25ms, electionTimeout:25ms
2019-10-17 01:10:33,839 [Thread-1061] INFO  impl.RoleInfo (RoleInfo.java:shutdownFollowerState(121)) - ee6ff355-4f2c-4ff1-aa68-7ca64f6b5439: shutdown FollowerState
2019-10-17 01:10:33,839 [Thread-1061] INFO  impl.RaftServerImpl (RaftServerImpl.java:setRole(184)) - ee6ff355-4f2c-4ff1-aa68-7ca64f6b5439@group-BD7A3B63C209: changes role from  FOLLOWER to CANDIDATE at term 51 for changeToCandidate
2019-10-17 01:10:33,839 [Thread-1061] INFO  impl.RoleInfo (RoleInfo.java:updateAndGet(143)) - ee6ff355-4f2c-4ff1-aa68-7ca64f6b5439: start LeaderElection
2019-10-17 01:10:33,864 [ee6ff355-4f2c-4ff1-aa68-7ca64f6b5439@group-BD7A3B63C209-LeaderElection75] INFO  impl.LeaderElection (LeaderElection.java:askForVotes(178)) - ee6ff355-4f2c-4ff1-aa68-7ca64f6b5439@group-BD7A3B63C209-LeaderElection75: begin an election at term 52 for 0: [ee6ff355-4f2c-4ff1-aa68-7ca64f6b5439:192.168.157.194:37608, e3697062-c193-48d1-b15e-d6b6b4dc6638:192.168.157.194:40986, a10aa3ca-3ab2-4d87-9bc7-0d045ec2b4ce:192.168.157.194:36577], old=null
2019-10-17 01:10:33,866 [grpc-default-executor-1] INFO  impl.RaftServerImpl (RaftServerImpl.java:setRole(184)) - e3697062-c193-48d1-b15e-d6b6b4dc6638@group-BD7A3B63C209: changes role from  FOLLOWER to FOLLOWER at term 52 for recognizeCandidate:ee6ff355-4f2c-4ff1-aa68-7ca64f6b5439
2019-10-17 01:10:33,866 [grpc-default-executor-1] INFO  impl.RoleInfo (RoleInfo.java:shutdownFollowerState(121)) - e3697062-c193-48d1-b15e-d6b6b4dc6638: shutdown FollowerState
2019-10-17 01:10:33,867 [Thread-1059] INFO  impl.FollowerState (FollowerState.java:run(117)) - e3697062-c193-48d1-b15e-d6b6b4dc6638@group-BD7A3B63C209-FollowerState was interrupted: java.lang.InterruptedException: sleep interrupted
2019-10-17 01:10:33,867 [grpc-default-executor-1] INFO  impl.RoleInfo (RoleInfo.java:updateAndGet(143)) - e3697062-c193-48d1-b15e-d6b6b4dc6638: start FollowerState
2019-10-17 01:10:33,867 [grpc-default-executor-0] INFO  impl.RaftServerImpl (RaftServerImpl.java:setRole(184)) - a10aa3ca-3ab2-4d87-9bc7-0d045ec2b4ce@group-BD7A3B63C209: changes role from  FOLLOWER to FOLLOWER at term 52 for recognizeCandidate:ee6ff355-4f2c-4ff1-aa68-7ca64f6b5439
2019-10-17 01:10:33,867 [grpc-default-executor-0] INFO  impl.RoleInfo (RoleInfo.java:shutdownFollowerState(121)) - a10aa3ca-3ab2-4d87-9bc7-0d045ec2b4ce: shutdown FollowerState
2019-10-17 01:10:33,867 [grpc-default-executor-0] INFO  impl.RoleInfo (RoleInfo.java:updateAndGet(143)) - a10aa3ca-3ab2-4d87-9bc7-0d045ec2b4ce: start FollowerState
2019-10-17 01:10:33,867 [Thread-1060] INFO  impl.FollowerState (FollowerState.java:run(117)) - a10aa3ca-3ab2-4d87-9bc7-0d045ec2b4ce@group-BD7A3B63C209-FollowerState was interrupted: java.lang.InterruptedException: sleep interrupted
2019-10-17 01:10:33,877 [Thread-1052] INFO  impl.FollowerState (FollowerState.java:run(108)) - e3697062-c193-48d1-b15e-d6b6b4dc6638@group-5DF6529D38A3-FollowerState: change to CANDIDATE, lastRpcTime:187ms, electionTimeout:187ms
2019-10-17 01:10:33,877 [Thread-1052] INFO  impl.RoleInfo (RoleInfo.java:shutdownFollowerState(121)) - e3697062-c193-48d1-b15e-d6b6b4dc6638: shutdown FollowerState
2019-10-17 01:10:33,877 [Thread-1052] INFO  impl.RaftServerImpl (RaftServerImpl.java:setRole(184)) - e3697062-c193-48d1-b15e-d6b6b4dc6638@group-5DF6529D38A3: changes role from  FOLLOWER to CANDIDATE at term 30 for changeToCandidate
2019-10-17 01:10:33,878 [Thread-1052] INFO  impl.RoleInfo (RoleInfo.java:updateAndGet(143)) - e3697062-c193-48d1-b15e-d6b6b4dc6638: start LeaderElection
2019-10-17 01:10:33,892 [ee6ff355-4f2c-4ff1-aa68-7ca64f6b5439@group-BD7A3B63C209-LeaderElection75] INFO  impl.LeaderElection (LeaderElection.java:logAndReturn(56)) - ee6ff355-4f2c-4ff1-aa68-7ca64f6b5439@group-BD7A3B63C209-LeaderElection75: Election REJECTED; received 2 response(s) [ee6ff355-4f2c-4ff1-aa68-7ca64f6b5439<-e3697062-c193-48d1-b15e-d6b6b4dc6638#0:FAIL-t52, ee6ff355-4f2c-4ff1-aa68-7ca64f6b5439<-a10aa3ca-3ab2-4d87-9bc7-0d045ec2b4ce#0:FAIL-t52] and 0 exception(s); ee6ff355-4f2c-4ff1-aa68-7ca64f6b5439@group-BD7A3B63C209:t52, leader=null, voted=ee6ff355-4f2c-4ff1-aa68-7ca64f6b5439, raftlog=ee6ff355-4f2c-4ff1-aa68-7ca64f6b5439@group-BD7A3B63C209-SegmentedRaftLog:OPENED:c3,f4,i4, conf=0: [ee6ff355-4f2c-4ff1-aa68-7ca64f6b5439:192.168.157.194:37608, e3697062-c193-48d1-b15e-d6b6b4dc6638:192.168.157.194:40986, a10aa3ca-3ab2-4d87-9bc7-0d045ec2b4ce:192.168.157.194:36577], old=null
2019-10-17 01:10:33,892 [ee6ff355-4f2c-4ff1-aa68-7ca64f6b5439@group-BD7A3B63C209-LeaderElection75] INFO  impl.RaftServerImpl (RaftServerImpl.java:setRole(184)) - ee6ff355-4f2c-4ff1-aa68-7ca64f6b5439@group-BD7A3B63C209: changes role from CANDIDATE to FOLLOWER at term 52 for DISCOVERED_A_NEW_TERM
2019-10-17 01:10:33,892 [ee6ff355-4f2c-4ff1-aa68-7ca64f6b5439@group-BD7A3B63C209-LeaderElection75] INFO  impl.RoleInfo (RoleInfo.java:shutdownLeaderElection(134)) - ee6ff355-4f2c-4ff1-aa68-7ca64f6b5439: shutdown LeaderElection
2019-10-17 01:10:33,892 [ee6ff355-4f2c-4ff1-aa68-7ca64f6b5439@group-BD7A3B63C209-LeaderElection75] INFO  impl.RoleInfo (RoleInfo.java:updateAndGet(143)) - ee6ff355-4f2c-4ff1-aa68-7ca64f6b5439: start FollowerState
2019-10-17 01:10:33,895 [e3697062-c193-48d1-b15e-d6b6b4dc6638@group-5DF6529D38A3-LeaderElection76] INFO  impl.LeaderElection (LeaderElection.java:askForVotes(178)) - e3697062-c193-48d1-b15e-d6b6b4dc6638@group-5DF6529D38A3-LeaderElection76: begin an election at term 31 for -1: [ee6ff355-4f2c-4ff1-aa68-7ca64f6b5439:192.168.157.194:37608, e3697062-c193-48d1-b15e-d6b6b4dc6638:192.168.157.194:40986, a10aa3ca-3ab2-4d87-9bc7-0d045ec2b4ce:192.168.157.194:36577], old=null
2019-10-17 01:10:33,896 [e3697062-c193-48d1-b15e-d6b6b4dc6638@group-5DF6529D38A3-LeaderElection76] INFO  impl.LeaderElection (LeaderElection.java:logAndReturn(56)) - e3697062-c193-48d1-b15e-d6b6b4dc6638@group-5DF6529D38A3-LeaderElection76: Election TIMEOUT; received 0 response(s) [] and 0 exception(s); e3697062-c193-48d1-b15e-d6b6b4dc6638@group-5DF6529D38A3:t31, leader=null, voted=e3697062-c193-48d1-b15e-d6b6b4dc6638, raftlog=e3697062-c193-48d1-b15e-d6b6b4dc6638@group-5DF6529D38A3-SegmentedRaftLog:OPENED:c-1,f-1,i0, conf=-1: [ee6ff355-4f2c-4ff1-aa68-7ca64f6b5439:192.168.157.194:37608, e3697062-c193-48d1-b15e-d6b6b4dc6638:192.168.157.194:40986, a10aa3ca-3ab2-4d87-9bc7-0d045ec2b4ce:192.168.157.194:36577], old=null
2019-10-17 01:10:33,897 [grpc-default-executor-0] INFO  impl.RaftServerImpl (RaftServerImpl.java:setRole(184)) - ee6ff355-4f2c-4ff1-aa68-7ca64f6b5439@group-5DF6529D38A3: changes role from  FOLLOWER to FOLLOWER at term 31 for recognizeCandidate:e3697062-c193-48d1-b15e-d6b6b4dc6638
2019-10-17 01:10:33,897 [grpc-default-executor-0] INFO  impl.RoleInfo (RoleInfo.java:shutdownFollowerState(121)) - ee6ff355-4f2c-4ff1-aa68-7ca64f6b5439: shutdown FollowerState
2019-10-17 01:10:33,897 [grpc-default-executor-1] INFO  impl.RaftServerImpl (RaftServerImpl.java:setRole(184)) - a10aa3ca-3ab2-4d87-9bc7-0d045ec2b4ce@group-5DF6529D38A3: changes role from  FOLLOWER to FOLLOWER at term 31 for recognizeCandidate:e3697062-c193-48d1-b15e-d6b6b4dc6638
2019-10-17 01:10:33,898 [grpc-default-executor-0] INFO  impl.RoleInfo (RoleInfo.java:updateAndGet(143)) - ee6ff355-4f2c-4ff1-aa68-7ca64f6b5439: start FollowerState
2019-10-17 01:10:33,898 [Thread-1050] INFO  impl.FollowerState (FollowerState.java:run(117)) - ee6ff355-4f2c-4ff1-aa68-7ca64f6b5439@group-5DF6529D38A3-FollowerState was interrupted: java.lang.InterruptedException: sleep interrupted
2019-10-17 01:10:33,898 [grpc-default-executor-1] INFO  impl.RoleInfo (RoleInfo.java:shutdownFollowerState(121)) - a10aa3ca-3ab2-4d87-9bc7-0d045ec2b4ce: shutdown FollowerState
2019-10-17 01:10:33,898 [Thread-1051] INFO  impl.FollowerState (FollowerState.java:run(117)) - a10aa3ca-3ab2-4d87-9bc7-0d045ec2b4ce@group-5DF6529D38A3-FollowerState was interrupted: java.lang.InterruptedException: sleep interrupted
2019-10-17 01:10:33,898 [grpc-default-executor-1] INFO  impl.RoleInfo (RoleInfo.java:updateAndGet(143)) - a10aa3ca-3ab2-4d87-9bc7-0d045ec2b4ce: start FollowerState
2019-10-17 01:10:33,925 [e3697062-c193-48d1-b15e-d6b6b4dc6638@group-5DF6529D38A3-LeaderElection76] INFO  impl.LeaderElection (LeaderElection.java:askForVotes(178)) - e3697062-c193-48d1-b15e-d6b6b4dc6638@group-5DF6529D38A3-LeaderElection76: begin an election at term 32 for -1: [ee6ff355-4f2c-4ff1-aa68-7ca64f6b5439:192.168.157.194:37608, e3697062-c193-48d1-b15e-d6b6b4dc6638:192.168.157.194:40986, a10aa3ca-3ab2-4d87-9bc7-0d045ec2b4ce:192.168.157.194:36577], old=null
2019-10-17 01:10:33,926 [grpc-default-executor-0] INFO  impl.RaftServerImpl (RaftServerImpl.java:setRole(184)) - ee6ff355-4f2c-4ff1-aa68-7ca64f6b5439@group-5DF6529D38A3: changes role from  FOLLOWER to FOLLOWER at term 32 for recognizeCandidate:e3697062-c193-48d1-b15e-d6b6b4dc6638
2019-10-17 01:10:33,927 [grpc-default-executor-0] INFO  impl.RoleInfo (RoleInfo.java:shutdownFollowerState(121)) - ee6ff355-4f2c-4ff1-aa68-7ca64f6b5439: shutdown FollowerState
2019-10-17 01:10:33,927 [Thread-1071] INFO  impl.FollowerState (FollowerState.java:run(117)) - ee6ff355-4f2c-4ff1-aa68-7ca64f6b5439@group-5DF6529D38A3-FollowerState was interrupted: java.lang.InterruptedException: sleep interrupted
2019-10-17 01:10:33,927 [grpc-default-executor-1] INFO  impl.RaftServerImpl (RaftServerImpl.java:setRole(184)) - a10aa3ca-3ab2-4d87-9bc7-0d045ec2b4ce@group-5DF6529D38A3: changes role from  FOLLOWER to FOLLOWER at term 32 for recognizeCandidate:e3697062-c193-48d1-b15e-d6b6b4dc6638
2019-10-17 01:10:33,927 [grpc-default-executor-0] INFO  impl.RoleInfo (RoleInfo.java:updateAndGet(143)) - ee6ff355-4f2c-4ff1-aa68-7ca64f6b5439: start FollowerState
2019-10-17 01:10:33,927 [grpc-default-executor-1] INFO  impl.RoleInfo (RoleInfo.java:shutdownFollowerState(121)) - a10aa3ca-3ab2-4d87-9bc7-0d045ec2b4ce: shutdown FollowerState
2019-10-17 01:10:33,927 [grpc-default-executor-1] INFO  impl.RoleInfo (RoleInfo.java:updateAndGet(143)) - a10aa3ca-3ab2-4d87-9bc7-0d045ec2b4ce: start FollowerState
2019-10-17 01:10:33,927 [Thread-1072] INFO  impl.FollowerState (FollowerState.java:run(117)) - a10aa3ca-3ab2-4d87-9bc7-0d045ec2b4ce@group-5DF6529D38A3-FollowerState was interrupted: java.lang.InterruptedException: sleep interrupted
2019-10-17 01:10:33,976 [e3697062-c193-48d1-b15e-d6b6b4dc6638@group-5DF6529D38A3-LeaderElection76] INFO  impl.LeaderElection (LeaderElection.java:logAndReturn(56)) - e3697062-c193-48d1-b15e-d6b6b4dc6638@group-5DF6529D38A3-LeaderElection76: Election REJECTED; received 2 response(s) [e3697062-c193-48d1-b15e-d6b6b4dc6638<-ee6ff355-4f2c-4ff1-aa68-7ca64f6b5439#0:FAIL-t32, e3697062-c193-48d1-b15e-d6b6b4dc6638<-a10aa3ca-3ab2-4d87-9bc7-0d045ec2b4ce#0:FAIL-t32] and 0 exception(s); e3697062-c193-48d1-b15e-d6b6b4dc6638@group-5DF6529D38A3:t32, leader=null, voted=e3697062-c193-48d1-b15e-d6b6b4dc6638, raftlog=e3697062-c193-48d1-b15e-d6b6b4dc6638@group-5DF6529D38A3-SegmentedRaftLog:OPENED:c-1,f-1,i0, conf=-1: [ee6ff355-4f2c-4ff1-aa68-7ca64f6b5439:192.168.157.194:37608, e3697062-c193-48d1-b15e-d6b6b4dc6638:192.168.157.194:40986, a10aa3ca-3ab2-4d87-9bc7-0d045ec2b4ce:192.168.157.194:36577], old=null
2019-10-17 01:10:33,976 [e3697062-c193-48d1-b15e-d6b6b4dc6638@group-5DF6529D38A3-LeaderElection76] INFO  impl.RaftServerImpl (RaftServerImpl.java:setRole(184)) - e3697062-c193-48d1-b15e-d6b6b4dc6638@group-5DF6529D38A3: changes role from CANDIDATE to FOLLOWER at term 32 for DISCOVERED_A_NEW_TERM
2019-10-17 01:10:33,977 [e3697062-c193-48d1-b15e-d6b6b4dc6638@group-5DF6529D38A3-LeaderElection76] INFO  impl.RoleInfo (RoleInfo.java:shutdownLeaderElection(134)) - e3697062-c193-48d1-b15e-d6b6b4dc6638: shutdown LeaderElection
2019-10-17 01:10:33,977 [e3697062-c193-48d1-b15e-d6b6b4dc6638@group-5DF6529D38A3-LeaderElection76] INFO  impl.RoleInfo (RoleInfo.java:updateAndGet(143)) - e3697062-c193-48d1-b15e-d6b6b4dc6638: start FollowerState
2019-10-17 01:10:33,977 [Thread-1068] INFO  impl.FollowerState (FollowerState.java:run(108)) - ee6ff355-4f2c-4ff1-aa68-7ca64f6b5439@group-BD7A3B63C209-FollowerState: change to CANDIDATE, lastRpcTime:85ms, electionTimeout:85ms
2019-10-17 01:10:33,977 [Thread-1068] INFO  impl.RoleInfo (RoleInfo.java:shutdownFollowerState(121)) - ee6ff355-4f2c-4ff1-aa68-7ca64f6b5439: shutdown FollowerState
2019-10-17 01:10:33,978 [Thread-1068] INFO  impl.RaftServerImpl (RaftServerImpl.java:setRole(184)) - ee6ff355-4f2c-4ff1-aa68-7ca64f6b5439@group-BD7A3B63C209: changes role from  FOLLOWER to CANDIDATE at term 52 for changeToCandidate
2019-10-17 01:10:33,978 [Thread-1068] INFO  impl.RoleInfo (RoleInfo.java:updateAndGet(143)) - ee6ff355-4f2c-4ff1-aa68-7ca64f6b5439: start LeaderElection
2019-10-17 01:10:33,992 [ee6ff355-4f2c-4ff1-aa68-7ca64f6b5439@group-BD7A3B63C209-LeaderElection77] INFO  impl.LeaderElection (LeaderElection.java:askForVotes(178)) - ee6ff355-4f2c-4ff1-aa68-7ca64f6b5439@group-BD7A3B63C209-LeaderElection77: begin an election at term 53 for 0: [ee6ff355-4f2c-4ff1-aa68-7ca64f6b5439:192.168.157.194:37608, e3697062-c193-48d1-b15e-d6b6b4dc6638:192.168.157.194:40986, a10aa3ca-3ab2-4d87-9bc7-0d045ec2b4ce:192.168.157.194:36577], old=null
2019-10-17 01:10:33,994 [grpc-default-executor-1] INFO  impl.RaftServerImpl (RaftServerImpl.java:setRole(184)) - e3697062-c193-48d1-b15e-d6b6b4dc6638@group-BD7A3B63C209: changes role from  FOLLOWER to FOLLOWER at term 53 for recognizeCandidate:ee6ff355-4f2c-4ff1-aa68-7ca64f6b5439
2019-10-17 01:10:33,994 [grpc-default-executor-1] INFO  impl.RoleInfo (RoleInfo.java:shutdownFollowerState(121)) - e3697062-c193-48d1-b15e-d6b6b4dc6638: shutdown FollowerState
2019-10-17 01:10:33,994 [grpc-default-executor-1] INFO  impl.RoleInfo (RoleInfo.java:updateAndGet(143)) - e3697062-c193-48d1-b15e-d6b6b4dc6638: start FollowerState
2019-10-17 01:10:33,994 [Thread-1065] INFO  impl.FollowerState (FollowerState.java:run(117)) - e3697062-c193-48d1-b15e-d6b6b4dc6638@group-BD7A3B63C209-FollowerState was interrupted: java.lang.InterruptedException: sleep interrupted
2019-10-17 01:10:33,994 [grpc-default-executor-0] INFO  impl.RaftServerImpl (RaftServerImpl.java:setRole(184)) - a10aa3ca-3ab2-4d87-9bc7-0d045ec2b4ce@group-BD7A3B63C209: changes role from  FOLLOWER to FOLLOWER at term 53 for recognizeCandidate:ee6ff355-4f2c-4ff1-aa68-7ca64f6b5439
2019-10-17 01:10:33,995 [grpc-default-executor-0] INFO  impl.RoleInfo (RoleInfo.java:shutdownFollowerState(121)) - a10aa3ca-3ab2-4d87-9bc7-0d045ec2b4ce: shutdown FollowerState
2019-10-17 01:10:33,995 [Thread-1066] INFO  impl.FollowerState (FollowerState.java:run(117)) - a10aa3ca-3ab2-4d87-9bc7-0d045ec2b4ce@group-BD7A3B63C209-FollowerState was interrupted: java.lang.InterruptedException: sleep interrupted
2019-10-17 01:10:33,995 [grpc-default-executor-0] INFO  impl.RoleInfo (RoleInfo.java:updateAndGet(143)) - a10aa3ca-3ab2-4d87-9bc7-0d045ec2b4ce: start FollowerState
2019-10-17 01:10:34,008 [ee6ff355-4f2c-4ff1-aa68-7ca64f6b5439@group-BD7A3B63C209-LeaderElection77] INFO  impl.LeaderElection (LeaderElection.java:logAndReturn(56)) - ee6ff355-4f2c-4ff1-aa68-7ca64f6b5439@group-BD7A3B63C209-LeaderElection77: Election REJECTED; received 2 response(s) [ee6ff355-4f2c-4ff1-aa68-7ca64f6b5439<-e3697062-c193-48d1-b15e-d6b6b4dc6638#0:FAIL-t53, ee6ff355-4f2c-4ff1-aa68-7ca64f6b5439<-a10aa3ca-3ab2-4d87-9bc7-0d045ec2b4ce#0:FAIL-t53] and 0 exception(s); ee6ff355-4f2c-4ff1-aa68-7ca64f6b5439@group-BD7A3B63C209:t53, leader=null, voted=ee6ff355-4f2c-4ff1-aa68-7ca64f6b5439, raftlog=ee6ff355-4f2c-4ff1-aa68-7ca64f6b5439@group-BD7A3B63C209-SegmentedRaftLog:OPENED:c3,f4,i4, conf=0: [ee6ff355-4f2c-4ff1-aa68-7ca64f6b5439:192.168.157.194:37608, e3697062-c193-48d1-b15e-d6b6b4dc6638:192.168.157.194:40986, a10aa3ca-3ab2-4d87-9bc7-0d045ec2b4ce:192.168.157.194:36577], old=null
2019-10-17 01:10:34,009 [ee6ff355-4f2c-4ff1-aa68-7ca64f6b5439@group-BD7A3B63C209-LeaderElection77] INFO  impl.RaftServerImpl (RaftServerImpl.java:setRole(184)) - ee6ff355-4f2c-4ff1-aa68-7ca64f6b5439@group-BD7A3B63C209: changes role from CANDIDATE to FOLLOWER at term 53 for DISCOVERED_A_NEW_TERM
2019-10-17 01:10:34,009 [ee6ff355-4f2c-4ff1-aa68-7ca64f6b5439@group-BD7A3B63C209-LeaderElection77] INFO  impl.RoleInfo (RoleInfo.java:shutdownLeaderElection(134)) - ee6ff355-4f2c-4ff1-aa68-7ca64f6b5439: shutdown LeaderElection
2019-10-17 01:10:34,009 [ee6ff355-4f2c-4ff1-aa68-7ca64f6b5439@group-BD7A3B63C209-LeaderElection77] INFO  impl.RoleInfo (RoleInfo.java:updateAndGet(143)) - ee6ff355-4f2c-4ff1-aa68-7ca64f6b5439: start FollowerState
2019-10-17 01:10:34,014 [Thread-1077] INFO  impl.FollowerState (FollowerState.java:run(108)) - e3697062-c193-48d1-b15e-d6b6b4dc6638@group-5DF6529D38A3-FollowerState: change to CANDIDATE, lastRpcTime:37ms, electionTimeout:37ms
2019-10-17 01:10:34,014 [Thread-1077] INFO  impl.RoleInfo (RoleInfo.java:shutdownFollowerState(121)) - e3697062-c193-48d1-b15e-d6b6b4dc6638: shutdown FollowerState
2019-10-17 01:10:34,014 [Thread-1077] INFO  impl.RaftServerImpl (RaftServerImpl.java:setRole(184)) - e3697062-c193-48d1-b15e-d6b6b4dc6638@group-5DF6529D38A3: changes role from  FOLLOWER to CANDIDATE at term 32 for changeToCandidate
2019-10-17 01:10:34,014 [Thread-1077] INFO  impl.RoleInfo (RoleInfo.java:updateAndGet(143)) - e3697062-c193-48d1-b15e-d6b6b4dc6638: start LeaderElection
2019-10-17 01:10:34,035 [e3697062-c193-48d1-b15e-d6b6b4dc6638@group-5DF6529D38A3-LeaderElection78] INFO  impl.LeaderElection (LeaderElection.java:askForVotes(178)) - e3697062-c193-48d1-b15e-d6b6b4dc6638@group-5DF6529D38A3-LeaderElection78: begin an election at term 33 for -1: [ee6ff355-4f2c-4ff1-aa68-7ca64f6b5439:192.168.157.194:37608, e3697062-c193-48d1-b15e-d6b6b4dc6638:192.168.157.194:40986, a10aa3ca-3ab2-4d87-9bc7-0d045ec2b4ce:192.168.157.194:36577], old=null
2019-10-17 01:10:34,037 [grpc-default-executor-1] INFO  impl.RaftServerImpl (RaftServerImpl.java:setRole(184)) - ee6ff355-4f2c-4ff1-aa68-7ca64f6b5439@group-5DF6529D38A3: changes role from  FOLLOWER to FOLLOWER at term 33 for recognizeCandidate:e3697062-c193-48d1-b15e-d6b6b4dc6638
2019-10-17 01:10:34,037 [grpc-default-executor-1] INFO  impl.RoleInfo (RoleInfo.java:shutdownFollowerState(121)) - ee6ff355-4f2c-4ff1-aa68-7ca64f6b5439: shutdown FollowerState
2019-10-17 01:10:34,037 [grpc-default-executor-1] INFO  impl.RoleInfo (RoleInfo.java:updateAndGet(143)) - ee6ff355-4f2c-4ff1-aa68-7ca64f6b5439: start FollowerState
2019-10-17 01:10:34,037 [Thread-1075] INFO  impl.FollowerState (FollowerState.java:run(117)) - ee6ff355-4f2c-4ff1-aa68-7ca64f6b5439@group-5DF6529D38A3-FollowerState was interrupted: java.lang.InterruptedException: sleep interrupted
2019-10-17 01:10:34,037 [grpc-default-executor-0] INFO  impl.RaftServerImpl (RaftServerImpl.java:setRole(184)) - a10aa3ca-3ab2-4d87-9bc7-0d045ec2b4ce@group-5DF6529D38A3: changes role from  FOLLOWER to FOLLOWER at term 33 for recognizeCandidate:e3697062-c193-48d1-b15e-d6b6b4dc6638
2019-10-17 01:10:34,038 [grpc-default-executor-0] INFO  impl.RoleInfo (RoleInfo.java:shutdownFollowerState(121)) - a10aa3ca-3ab2-4d87-9bc7-0d045ec2b4ce: shutdown FollowerState
2019-10-17 01:10:34,038 [grpc-default-executor-0] INFO  impl.RoleInfo (RoleInfo.java:updateAndGet(143)) - a10aa3ca-3ab2-4d87-9bc7-0d045ec2b4ce: start FollowerState
2019-10-17 01:10:34,038 [Thread-1076] INFO  impl.FollowerState (FollowerState.java:run(117)) - a10aa3ca-3ab2-4d87-9bc7-0d045ec2b4ce@group-5DF6529D38A3-FollowerState was interrupted: java.lang.InterruptedException: sleep interrupted
2019-10-17 01:10:34,046 [e3697062-c193-48d1-b15e-d6b6b4dc6638@group-5DF6529D38A3-LeaderElection78] INFO  impl.LeaderElection (LeaderElection.java:logAndReturn(56)) - e3697062-c193-48d1-b15e-d6b6b4dc6638@group-5DF6529D38A3-LeaderElection78: Election TIMEOUT; received 0 response(s) [] and 0 exception(s); e3697062-c193-48d1-b15e-d6b6b4dc6638@group-5DF6529D38A3:t33, leader=null, voted=e3697062-c193-48d1-b15e-d6b6b4dc6638, raftlog=e3697062-c193-48d1-b15e-d6b6b4dc6638@group-5DF6529D38A3-SegmentedRaftLog:OPENED:c-1,f-1,i0, conf=-1: [ee6ff355-4f2c-4ff1-aa68-7ca64f6b5439:192.168.157.194:37608, e3697062-c193-48d1-b15e-d6b6b4dc6638:192.168.157.194:40986, a10aa3ca-3ab2-4d87-9bc7-0d045ec2b4ce:192.168.157.194:36577], old=null
2019-10-17 01:10:34,052 [e3697062-c193-48d1-b15e-d6b6b4dc6638@group-5DF6529D38A3-LeaderElection78] INFO  impl.LeaderElection (LeaderElection.java:askForVotes(178)) - e3697062-c193-48d1-b15e-d6b6b4dc6638@group-5DF6529D38A3-LeaderElection78: begin an election at term 34 for -1: [ee6ff355-4f2c-4ff1-aa68-7ca64f6b5439:192.168.157.194:37608, e3697062-c193-48d1-b15e-d6b6b4dc6638:192.168.157.194:40986, a10aa3ca-3ab2-4d87-9bc7-0d045ec2b4ce:192.168.157.194:36577], old=null
2019-10-17 01:10:34,054 [grpc-default-executor-0] INFO  impl.RaftServerImpl (RaftServerImpl.java:setRole(184)) - ee6ff355-4f2c-4ff1-aa68-7ca64f6b5439@group-5DF6529D38A3: changes role from  FOLLOWER to FOLLOWER at term 34 for recognizeCandidate:e3697062-c193-48d1-b15e-d6b6b4dc6638
2019-10-17 01:10:34,054 [grpc-default-executor-0] INFO  impl.RoleInfo (RoleInfo.java:shutdownFollowerState(121)) - ee6ff355-4f2c-4ff1-aa68-7ca64f6b5439: shutdown FollowerState
2019-10-17 01:10:34,054 [grpc-default-executor-1] INFO  impl.RaftServerImpl (RaftServerImpl.java:setRole(184)) - a10aa3ca-3ab2-4d87-9bc7-0d045ec2b4ce@group-5DF6529D38A3: changes role from  FOLLOWER to FOLLOWER at term 34 for recognizeCandidate:e3697062-c193-48d1-b15e-d6b6b4dc6638
2019-10-17 01:10:34,054 [grpc-default-executor-1] INFO  impl.RoleInfo (RoleInfo.java:shutdownFollowerState(121)) - a10aa3ca-3ab2-4d87-9bc7-0d045ec2b4ce: shutdown FollowerState
2019-10-17 01:10:34,054 [grpc-default-executor-0] INFO  impl.RoleInfo (RoleInfo.java:updateAndGet(143)) - ee6ff355-4f2c-4ff1-aa68-7ca64f6b5439: start FollowerState
2019-10-17 01:10:34,054 [Thread-1088] INFO  impl.FollowerState (FollowerState.java:run(117)) - a10aa3ca-3ab2-4d87-9bc7-0d045ec2b4ce@group-5DF6529D38A3-FollowerState was interrupted: java.lang.InterruptedException: sleep interrupted
2019-10-17 01:10:34,054 [grpc-default-executor-1] INFO  impl.RoleInfo (RoleInfo.java:updateAndGet(143)) - a10aa3ca-3ab2-4d87-9bc7-0d045ec2b4ce: start FollowerState
2019-10-17 01:10:34,054 [Thread-1087] INFO  impl.FollowerState (FollowerState.java:run(117)) - ee6ff355-4f2c-4ff1-aa68-7ca64f6b5439@group-5DF6529D38A3-FollowerState was interrupted: java.lang.InterruptedException: sleep interrupted
2019-10-17 01:10:34,080 [e3697062-c193-48d1-b15e-d6b6b4dc6638@group-5DF6529D38A3-LeaderElection78] INFO  impl.LeaderElection (LeaderElection.java:logAndReturn(56)) - e3697062-c193-48d1-b15e-d6b6b4dc6638@group-5DF6529D38A3-LeaderElection78: Election REJECTED; received 2 response(s) [e3697062-c193-48d1-b15e-d6b6b4dc6638<-ee6ff355-4f2c-4ff1-aa68-7ca64f6b5439#0:FAIL-t34, e3697062-c193-48d1-b15e-d6b6b4dc6638<-a10aa3ca-3ab2-4d87-9bc7-0d045ec2b4ce#0:FAIL-t34] and 0 exception(s); e3697062-c193-48d1-b15e-d6b6b4dc6638@group-5DF6529D38A3:t34, leader=null, voted=e3697062-c193-48d1-b15e-d6b6b4dc6638, raftlog=e3697062-c193-48d1-b15e-d6b6b4dc6638@group-5DF6529D38A3-SegmentedRaftLog:OPENED:c-1,f-1,i0, conf=-1: [ee6ff355-4f2c-4ff1-aa68-7ca64f6b5439:192.168.157.194:37608, e3697062-c193-48d1-b15e-d6b6b4dc6638:192.168.157.194:40986, a10aa3ca-3ab2-4d87-9bc7-0d045ec2b4ce:192.168.157.194:36577], old=null
2019-10-17 01:10:34,080 [e3697062-c193-48d1-b15e-d6b6b4dc6638@group-5DF6529D38A3-LeaderElection78] INFO  impl.RaftServerImpl (RaftServerImpl.java:setRole(184)) - e3697062-c193-48d1-b15e-d6b6b4dc6638@group-5DF6529D38A3: changes role from CANDIDATE to FOLLOWER at term 34 for DISCOVERED_A_NEW_TERM
2019-10-17 01:10:34,080 [e3697062-c193-48d1-b15e-d6b6b4dc6638@group-5DF6529D38A3-LeaderElection78] INFO  impl.RoleInfo (RoleInfo.java:shutdownLeaderElection(134)) - e3697062-c193-48d1-b15e-d6b6b4dc6638: shutdown LeaderElection
2019-10-17 01:10:34,080 [e3697062-c193-48d1-b15e-d6b6b4dc6638@group-5DF6529D38A3-LeaderElection78] INFO  impl.RoleInfo (RoleInfo.java:updateAndGet(143)) - e3697062-c193-48d1-b15e-d6b6b4dc6638: start FollowerState
2019-10-17 01:10:34,096 [Thread-1093] INFO  impl.FollowerState (FollowerState.java:run(108)) - e3697062-c193-48d1-b15e-d6b6b4dc6638@group-5DF6529D38A3-FollowerState: change to CANDIDATE, lastRpcTime:16ms, electionTimeout:16ms
2019-10-17 01:10:34,097 [Thread-1093] INFO  impl.RoleInfo (RoleInfo.java:shutdownFollowerState(121)) - e3697062-c193-48d1-b15e-d6b6b4dc6638: shutdown FollowerState
2019-10-17 01:10:34,097 [Thread-1093] INFO  impl.RaftServerImpl (RaftServerImpl.java:setRole(184)) - e3697062-c193-48d1-b15e-d6b6b4dc6638@group-5DF6529D38A3: changes role from  FOLLOWER to CANDIDATE at term 34 for changeToCandidate
2019-10-17 01:10:34,097 [Thread-1093] INFO  impl.RoleInfo (RoleInfo.java:updateAndGet(143)) - e3697062-c193-48d1-b15e-d6b6b4dc6638: start LeaderElection
2019-10-17 01:10:34,109 [e3697062-c193-48d1-b15e-d6b6b4dc6638@group-5DF6529D38A3-LeaderElection79] INFO  impl.LeaderElection (LeaderElection.java:askForVotes(178)) - e3697062-c193-48d1-b15e-d6b6b4dc6638@group-5DF6529D38A3-LeaderElection79: begin an election at term 35 for -1: [ee6ff355-4f2c-4ff1-aa68-7ca64f6b5439:192.168.157.194:37608, e3697062-c193-48d1-b15e-d6b6b4dc6638:192.168.157.194:40986, a10aa3ca-3ab2-4d87-9bc7-0d045ec2b4ce:192.168.157.194:36577], old=null
2019-10-17 01:10:34,111 [grpc-default-executor-1] INFO  impl.RaftServerImpl (RaftServerImpl.java:setRole(184)) - ee6ff355-4f2c-4ff1-aa68-7ca64f6b5439@group-5DF6529D38A3: changes role from  FOLLOWER to FOLLOWER at term 35 for recognizeCandidate:e3697062-c193-48d1-b15e-d6b6b4dc6638
2019-10-17 01:10:34,112 [grpc-default-executor-1] INFO  impl.RoleInfo (RoleInfo.java:shutdownFollowerState(121)) - ee6ff355-4f2c-4ff1-aa68-7ca64f6b5439: shutdown FollowerState
2019-10-17 01:10:34,112 [Thread-1091] INFO  impl.FollowerState (FollowerState.java:run(117)) - ee6ff355-4f2c-4ff1-aa68-7ca64f6b5439@group-5DF6529D38A3-FollowerState was interrupted: java.lang.InterruptedException: sleep interrupted
2019-10-17 01:10:34,112 [grpc-default-executor-1] INFO  impl.RoleInfo (RoleInfo.java:updateAndGet(143)) - ee6ff355-4f2c-4ff1-aa68-7ca64f6b5439: start FollowerState
2019-10-17 01:10:34,112 [grpc-default-executor-0] INFO  impl.RaftServerImpl (RaftServerImpl.java:setRole(184)) - a10aa3ca-3ab2-4d87-9bc7-0d045ec2b4ce@group-5DF6529D38A3: changes role from  FOLLOWER to FOLLOWER at term 35 for recognizeCandidate:e3697062-c193-48d1-b15e-d6b6b4dc6638
2019-10-17 01:10:34,112 [grpc-default-executor-0] INFO  impl.RoleInfo (RoleInfo.java:shutdownFollowerState(121)) - a10aa3ca-3ab2-4d87-9bc7-0d045ec2b4ce: shutdown FollowerState
2019-10-17 01:10:34,112 [grpc-default-executor-0] INFO  impl.RoleInfo (RoleInfo.java:updateAndGet(143)) - a10aa3ca-3ab2-4d87-9bc7-0d045ec2b4ce: start FollowerState
2019-10-17 01:10:34,112 [Thread-1092] INFO  impl.FollowerState (FollowerState.java:run(117)) - a10aa3ca-3ab2-4d87-9bc7-0d045ec2b4ce@group-5DF6529D38A3-FollowerState was interrupted: java.lang.InterruptedException: sleep interrupted
2019-10-17 01:10:34,129 [Thread-1083] INFO  impl.FollowerState (FollowerState.java:run(108)) - ee6ff355-4f2c-4ff1-aa68-7ca64f6b5439@group-BD7A3B63C209-FollowerState: change to CANDIDATE, lastRpcTime:120ms, electionTimeout:120ms
2019-10-17 01:10:34,130 [Thread-1083] INFO  impl.RoleInfo (RoleInfo.java:shutdownFollowerState(121)) - ee6ff355-4f2c-4ff1-aa68-7ca64f6b5439: shutdown FollowerState
2019-10-17 01:10:34,130 [Thread-1083] INFO  impl.RaftServerImpl (RaftServerImpl.java:setRole(184)) - ee6ff355-4f2c-4ff1-aa68-7ca64f6b5439@group-BD7A3B63C209: changes role from  FOLLOWER to CANDIDATE at term 53 for changeToCandidate
2019-10-17 01:10:34,130 [Thread-1083] INFO  impl.RoleInfo (RoleInfo.java:updateAndGet(143)) - ee6ff355-4f2c-4ff1-aa68-7ca64f6b5439: start LeaderElection
2019-10-17 01:10:34,135 [e3697062-c193-48d1-b15e-d6b6b4dc6638@group-5DF6529D38A3-LeaderElection79] INFO  impl.LeaderElection (LeaderElection.java:logAndReturn(56)) - e3697062-c193-48d1-b15e-d6b6b4dc6638@group-5DF6529D38A3-LeaderElection79: Election REJECTED; received 2 response(s) [e3697062-c193-48d1-b15e-d6b6b4dc6638<-ee6ff355-4f2c-4ff1-aa68-7ca64f6b5439#0:FAIL-t35, e3697062-c193-48d1-b15e-d6b6b4dc6638<-a10aa3ca-3ab2-4d87-9bc7-0d045ec2b4ce#0:FAIL-t35] and 0 exception(s); e3697062-c193-48d1-b15e-d6b6b4dc6638@group-5DF6529D38A3:t35, leader=null, voted=e3697062-c193-48d1-b15e-d6b6b4dc6638, raftlog=e3697062-c193-48d1-b15e-d6b6b4dc6638@group-5DF6529D38A3-SegmentedRaftLog:OPENED:c-1,f-1,i0, conf=-1: [ee6ff355-4f2c-4ff1-aa68-7ca64f6b5439:192.168.157.194:37608, e3697062-c193-48d1-b15e-d6b6b4dc6638:192.168.157.194:40986, a10aa3ca-3ab2-4d87-9bc7-0d045ec2b4ce:192.168.157.194:36577], old=null
2019-10-17 01:10:34,136 [e3697062-c193-48d1-b15e-d6b6b4dc6638@group-5DF6529D38A3-LeaderElection79] INFO  impl.RaftServerImpl (RaftServerImpl.java:setRole(184)) - e3697062-c193-48d1-b15e-d6b6b4dc6638@group-5DF6529D38A3: changes role from CANDIDATE to FOLLOWER at term 35 for DISCOVERED_A_NEW_TERM
2019-10-17 01:10:34,136 [e3697062-c193-48d1-b15e-d6b6b4dc6638@group-5DF6529D38A3-LeaderElection79] INFO  impl.RoleInfo (RoleInfo.java:shutdownLeaderElection(134)) - e3697062-c193-48d1-b15e-d6b6b4dc6638: shutdown LeaderElection
2019-10-17 01:10:34,136 [e3697062-c193-48d1-b15e-d6b6b4dc6638@group-5DF6529D38A3-LeaderElection79] INFO  impl.RoleInfo (RoleInfo.java:updateAndGet(143)) - e3697062-c193-48d1-b15e-d6b6b4dc6638: start FollowerState
2019-10-17 01:10:34,138 [ee6ff355-4f2c-4ff1-aa68-7ca64f6b5439@group-BD7A3B63C209-LeaderElection80] INFO  impl.LeaderElection (LeaderElection.java:askForVotes(178)) - ee6ff355-4f2c-4ff1-aa68-7ca64f6b5439@group-BD7A3B63C209-LeaderElection80: begin an election at term 54 for 0: [ee6ff355-4f2c-4ff1-aa68-7ca64f6b5439:192.168.157.194:37608, e3697062-c193-48d1-b15e-d6b6b4dc6638:192.168.157.194:40986, a10aa3ca-3ab2-4d87-9bc7-0d045ec2b4ce:192.168.157.194:36577], old=null
2019-10-17 01:10:34,140 [grpc-default-executor-0] INFO  impl.RaftServerImpl (RaftServerImpl.java:setRole(184)) - e3697062-c193-48d1-b15e-d6b6b4dc6638@group-BD7A3B63C209: changes role from  FOLLOWER to FOLLOWER at term 54 for recognizeCandidate:ee6ff355-4f2c-4ff1-aa68-7ca64f6b5439
2019-10-17 01:10:34,140 [grpc-default-executor-1] INFO  impl.RaftServerImpl (RaftServerImpl.java:setRole(184)) - a10aa3ca-3ab2-4d87-9bc7-0d045ec2b4ce@group-BD7A3B63C209: changes role from  FOLLOWER to FOLLOWER at term 54 for recognizeCandidate:ee6ff355-4f2c-4ff1-aa68-7ca64f6b5439
2019-10-17 01:10:34,140 [grpc-default-executor-0] INFO  impl.RoleInfo (RoleInfo.java:shutdownFollowerState(121)) - e3697062-c193-48d1-b15e-d6b6b4dc6638: shutdown FollowerState
2019-10-17 01:10:34,141 [grpc-default-executor-1] INFO  impl.RoleInfo (RoleInfo.java:shutdownFollowerState(121)) - a10aa3ca-3ab2-4d87-9bc7-0d045ec2b4ce: shutdown FollowerState
2019-10-17 01:10:34,141 [Thread-1081] INFO  impl.FollowerState (FollowerState.java:run(117)) - e3697062-c193-48d1-b15e-d6b6b4dc6638@group-BD7A3B63C209-FollowerState was interrupted: java.lang.InterruptedException: sleep interrupted
2019-10-17 01:10:34,141 [grpc-default-executor-0] INFO  impl.RoleInfo (RoleInfo.java:updateAndGet(143)) - e3697062-c193-48d1-b15e-d6b6b4dc6638: start FollowerState
2019-10-17 01:10:34,141 [Thread-1082] INFO  impl.FollowerState (FollowerState.java:run(117)) - a10aa3ca-3ab2-4d87-9bc7-0d045ec2b4ce@group-BD7A3B63C209-FollowerState was interrupted: java.lang.InterruptedException: sleep interrupted
2019-10-17 01:10:34,141 [grpc-default-executor-1] INFO  impl.RoleInfo (RoleInfo.java:updateAndGet(143)) - a10aa3ca-3ab2-4d87-9bc7-0d045ec2b4ce: start FollowerState
2019-10-17 01:10:34,146 [ee6ff355-4f2c-4ff1-aa68-7ca64f6b5439@group-BD7A3B63C209-LeaderElection80] INFO  impl.LeaderElection (LeaderElection.java:logAndReturn(56)) - ee6ff355-4f2c-4ff1-aa68-7ca64f6b5439@group-BD7A3B63C209-LeaderElection80: Election REJECTED; received 2 response(s) [ee6ff355-4f2c-4ff1-aa68-7ca64f6b5439<-e3697062-c193-48d1-b15e-d6b6b4dc6638#0:FAIL-t54, ee6ff355-4f2c-4ff1-aa68-7ca64f6b5439<-a10aa3ca-3ab2-4d87-9bc7-0d045ec2b4ce#0:FAIL-t54] and 0 exception(s); ee6ff355-4f2c-4ff1-aa68-7ca64f6b5439@group-BD7A3B63C209:t54, leader=null, voted=ee6ff355-4f2c-4ff1-aa68-7ca64f6b5439, raftlog=ee6ff355-4f2c-4ff1-aa68-7ca64f6b5439@group-BD7A3B63C209-SegmentedRaftLog:OPENED:c3,f4,i4, conf=0: [ee6ff355-4f2c-4ff1-aa68-7ca64f6b5439:192.168.157.194:37608, e3697062-c193-48d1-b15e-d6b6b4dc6638:192.168.157.194:40986, a10aa3ca-3ab2-4d87-9bc7-0d045ec2b4ce:192.168.157.194:36577], old=null
2019-10-17 01:10:34,146 [ee6ff355-4f2c-4ff1-aa68-7ca64f6b5439@group-BD7A3B63C209-LeaderElection80] INFO  impl.RaftServerImpl (RaftServerImpl.java:setRole(184)) - ee6ff355-4f2c-4ff1-aa68-7ca64f6b5439@group-BD7A3B63C209: changes role from CANDIDATE to FOLLOWER at term 54 for DISCOVERED_A_NEW_TERM
2019-10-17 01:10:34,146 [ee6ff355-4f2c-4ff1-aa68-7ca64f6b5439@group-BD7A3B63C209-LeaderElection80] INFO  impl.RoleInfo (RoleInfo.java:shutdownLeaderElection(134)) - ee6ff355-4f2c-4ff1-aa68-7ca64f6b5439: shutdown LeaderElection
2019-10-17 01:10:34,146 [ee6ff355-4f2c-4ff1-aa68-7ca64f6b5439@group-BD7A3B63C209-LeaderElection80] INFO  impl.RoleInfo (RoleInfo.java:updateAndGet(143)) - ee6ff355-4f2c-4ff1-aa68-7ca64f6b5439: start FollowerState
2019-10-17 01:10:34,155 [Thread-1105] INFO  impl.FollowerState (FollowerState.java:run(108)) - ee6ff355-4f2c-4ff1-aa68-7ca64f6b5439@group-BD7A3B63C209-FollowerState: change to CANDIDATE, lastRpcTime:8ms, electionTimeout:8ms
2019-10-17 01:10:34,155 [Thread-1105] INFO  impl.RoleInfo (RoleInfo.java:shutdownFollowerState(121)) - ee6ff355-4f2c-4ff1-aa68-7ca64f6b5439: shutdown FollowerState
2019-10-17 01:10:34,155 [Thread-1105] INFO  impl.RaftServerImpl (RaftServerImpl.java:setRole(184)) - ee6ff355-4f2c-4ff1-aa68-7ca64f6b5439@group-BD7A3B63C209: changes role from  FOLLOWER to CANDIDATE at term 54 for changeToCandidate
2019-10-17 01:10:34,155 [Thread-1105] INFO  impl.RoleInfo (RoleInfo.java:updateAndGet(143)) - ee6ff355-4f2c-4ff1-aa68-7ca64f6b5439: start LeaderElection
2019-10-17 01:10:34,172 [ee6ff355-4f2c-4ff1-aa68-7ca64f6b5439@group-BD7A3B63C209-LeaderElection81] INFO  impl.LeaderElection (LeaderElection.java:askForVotes(178)) - ee6ff355-4f2c-4ff1-aa68-7ca64f6b5439@group-BD7A3B63C209-LeaderElection81: begin an election at term 55 for 0: [ee6ff355-4f2c-4ff1-aa68-7ca64f6b5439:192.168.157.194:37608, e3697062-c193-48d1-b15e-d6b6b4dc6638:192.168.157.194:40986, a10aa3ca-3ab2-4d87-9bc7-0d045ec2b4ce:192.168.157.194:36577], old=null
2019-10-17 01:10:34,176 [grpc-default-executor-0] INFO  impl.RaftServerImpl (RaftServerImpl.java:setRole(184)) - e3697062-c193-48d1-b15e-d6b6b4dc6638@group-BD7A3B63C209: changes role from  FOLLOWER to FOLLOWER at term 55 for recognizeCandidate:ee6ff355-4f2c-4ff1-aa68-7ca64f6b5439
2019-10-17 01:10:34,177 [grpc-default-executor-0] INFO  impl.RoleInfo (RoleInfo.java:shutdownFollowerState(121)) - e3697062-c193-48d1-b15e-d6b6b4dc6638: shutdown FollowerState
2019-10-17 01:10:34,177 [grpc-default-executor-1] INFO  impl.RaftServerImpl (RaftServerImpl.java:setRole(184)) - a10aa3ca-3ab2-4d87-9bc7-0d045ec2b4ce@group-BD7A3B63C209: changes role from  FOLLOWER to FOLLOWER at term 55 for recognizeCandidate:ee6ff355-4f2c-4ff1-aa68-7ca64f6b5439
2019-10-17 01:10:34,177 [grpc-default-executor-1] INFO  impl.RoleInfo (RoleInfo.java:shutdownFollowerState(121)) - a10aa3ca-3ab2-4d87-9bc7-0d045ec2b4ce: shutdown FollowerState
2019-10-17 01:10:34,181 [grpc-default-executor-1] INFO  impl.RoleInfo (RoleInfo.java:updateAndGet(143)) - a10aa3ca-3ab2-4d87-9bc7-0d045ec2b4ce: start FollowerState
2019-10-17 01:10:34,181 [Thread-1103] INFO  impl.FollowerState (FollowerState.java:run(117)) - e3697062-c193-48d1-b15e-d6b6b4dc6638@group-BD7A3B63C209-FollowerState was interrupted: java.lang.InterruptedException: sleep interrupted
2019-10-17 01:10:34,181 [grpc-default-executor-0] INFO  impl.RoleInfo (RoleInfo.java:updateAndGet(143)) - e3697062-c193-48d1-b15e-d6b6b4dc6638: start FollowerState
2019-10-17 01:10:34,181 [Thread-1104] INFO  impl.FollowerState (FollowerState.java:run(117)) - a10aa3ca-3ab2-4d87-9bc7-0d045ec2b4ce@group-BD7A3B63C209-FollowerState was interrupted: java.lang.InterruptedException: sleep interrupted
2019-10-17 01:10:34,220 [ee6ff355-4f2c-4ff1-aa68-7ca64f6b5439@group-BD7A3B63C209-LeaderElection81] INFO  impl.LeaderElection (LeaderElection.java:logAndReturn(56)) - ee6ff355-4f2c-4ff1-aa68-7ca64f6b5439@group-BD7A3B63C209-LeaderElection81: Election TIMEOUT; received 0 response(s) [] and 0 exception(s); ee6ff355-4f2c-4ff1-aa68-7ca64f6b5439@group-BD7A3B63C209:t55, leader=null, voted=ee6ff355-4f2c-4ff1-aa68-7ca64f6b5439, raftlog=ee6ff355-4f2c-4ff1-aa68-7ca64f6b5439@group-BD7A3B63C209-SegmentedRaftLog:OPENED:c3,f4,i4, conf=0: [ee6ff355-4f2c-4ff1-aa68-7ca64f6b5439:192.168.157.194:37608, e3697062-c193-48d1-b15e-d6b6b4dc6638:192.168.157.194:40986, a10aa3ca-3ab2-4d87-9bc7-0d045ec2b4ce:192.168.157.194:36577], old=null
2019-10-17 01:10:34,241 [ee6ff355-4f2c-4ff1-aa68-7ca64f6b5439@group-BD7A3B63C209-LeaderElection81] INFO  impl.LeaderElection (LeaderElection.java:askForVotes(178)) - ee6ff355-4f2c-4ff1-aa68-7ca64f6b5439@group-BD7A3B63C209-LeaderElection81: begin an election at term 56 for 0: [ee6ff355-4f2c-4ff1-aa68-7ca64f6b5439:192.168.157.194:37608, e3697062-c193-48d1-b15e-d6b6b4dc6638:192.168.157.194:40986, a10aa3ca-3ab2-4d87-9bc7-0d045ec2b4ce:192.168.157.194:36577], old=null
2019-10-17 01:10:34,244 [grpc-default-executor-1] INFO  impl.RaftServerImpl (RaftServerImpl.java:setRole(184)) - e3697062-c193-48d1-b15e-d6b6b4dc6638@group-BD7A3B63C209: changes role from  FOLLOWER to FOLLOWER at term 56 for recognizeCandidate:ee6ff355-4f2c-4ff1-aa68-7ca64f6b5439
2019-10-17 01:10:34,244 [grpc-default-executor-0] INFO  impl.RaftServerImpl (RaftServerImpl.java:setRole(184)) - a10aa3ca-3ab2-4d87-9bc7-0d045ec2b4ce@group-BD7A3B63C209: changes role from  FOLLOWER to FOLLOWER at term 56 for recognizeCandidate:ee6ff355-4f2c-4ff1-aa68-7ca64f6b5439
2019-10-17 01:10:34,244 [grpc-default-executor-1] INFO  impl.RoleInfo (RoleInfo.java:shutdownFollowerState(121)) - e3697062-c193-48d1-b15e-d6b6b4dc6638: shutdown FollowerState
2019-10-17 01:10:34,244 [grpc-default-executor-0] INFO  impl.RoleInfo (RoleInfo.java:shutdownFollowerState(121)) - a10aa3ca-3ab2-4d87-9bc7-0d045ec2b4ce: shutdown FollowerState
2019-10-17 01:10:34,244 [grpc-default-executor-1] INFO  impl.RoleInfo (RoleInfo.java:updateAndGet(143)) - e3697062-c193-48d1-b15e-d6b6b4dc6638: start FollowerState
2019-10-17 01:10:34,244 [Thread-1110] INFO  impl.FollowerState (FollowerState.java:run(117)) - e3697062-c193-48d1-b15e-d6b6b4dc6638@group-BD7A3B63C209-FollowerState was interrupted: java.lang.InterruptedException: sleep interrupted
2019-10-17 01:10:34,244 [grpc-default-executor-0] INFO  impl.RoleInfo (RoleInfo.java:updateAndGet(143)) - a10aa3ca-3ab2-4d87-9bc7-0d045ec2b4ce: start FollowerState
2019-10-17 01:10:34,244 [Thread-1109] INFO  impl.FollowerState (FollowerState.java:run(117)) - a10aa3ca-3ab2-4d87-9bc7-0d045ec2b4ce@group-BD7A3B63C209-FollowerState was interrupted: java.lang.InterruptedException: sleep interrupted
2019-10-17 01:10:34,271 [ee6ff355-4f2c-4ff1-aa68-7ca64f6b5439@group-BD7A3B63C209-LeaderElection81] INFO  impl.LeaderElection (LeaderElection.java:logAndReturn(56)) - ee6ff355-4f2c-4ff1-aa68-7ca64f6b5439@group-BD7A3B63C209-LeaderElection81: Election REJECTED; received 2 response(s) [ee6ff355-4f2c-4ff1-aa68-7ca64f6b5439<-e3697062-c193-48d1-b15e-d6b6b4dc6638#0:FAIL-t56, ee6ff355-4f2c-4ff1-aa68-7ca64f6b5439<-a10aa3ca-3ab2-4d87-9bc7-0d045ec2b4ce#0:FAIL-t56] and 0 exception(s); ee6ff355-4f2c-4ff1-aa68-7ca64f6b5439@group-BD7A3B63C209:t56, leader=null, voted=ee6ff355-4f2c-4ff1-aa68-7ca64f6b5439, raftlog=ee6ff355-4f2c-4ff1-aa68-7ca64f6b5439@group-BD7A3B63C209-SegmentedRaftLog:OPENED:c3,f4,i4, conf=0: [ee6ff355-4f2c-4ff1-aa68-7ca64f6b5439:192.168.157.194:37608, e3697062-c193-48d1-b15e-d6b6b4dc6638:192.168.157.194:40986, a10aa3ca-3ab2-4d87-9bc7-0d045ec2b4ce:192.168.157.194:36577], old=null
2019-10-17 01:10:34,271 [ee6ff355-4f2c-4ff1-aa68-7ca64f6b5439@group-BD7A3B63C209-LeaderElection81] INFO  impl.RaftServerImpl (RaftServerImpl.java:setRole(184)) - ee6ff355-4f2c-4ff1-aa68-7ca64f6b5439@group-BD7A3B63C209: changes role from CANDIDATE to FOLLOWER at term 56 for DISCOVERED_A_NEW_TERM
2019-10-17 01:10:34,271 [ee6ff355-4f2c-4ff1-aa68-7ca64f6b5439@group-BD7A3B63C209-LeaderElection81] INFO  impl.RoleInfo (RoleInfo.java:shutdownLeaderElection(134)) - ee6ff355-4f2c-4ff1-aa68-7ca64f6b5439: shutdown LeaderElection
2019-10-17 01:10:34,271 [ee6ff355-4f2c-4ff1-aa68-7ca64f6b5439@group-BD7A3B63C209-LeaderElection81] INFO  impl.RoleInfo (RoleInfo.java:updateAndGet(143)) - ee6ff355-4f2c-4ff1-aa68-7ca64f6b5439: start FollowerState
2019-10-17 01:10:34,276 [Thread-1100] INFO  impl.FollowerState (FollowerState.java:run(108)) - e3697062-c193-48d1-b15e-d6b6b4dc6638@group-5DF6529D38A3-FollowerState: change to CANDIDATE, lastRpcTime:140ms, electionTimeout:140ms
2019-10-17 01:10:34,276 [Thread-1100] INFO  impl.RoleInfo (RoleInfo.java:shutdownFollowerState(121)) - e3697062-c193-48d1-b15e-d6b6b4dc6638: shutdown FollowerState
2019-10-17 01:10:34,276 [Thread-1100] INFO  impl.RaftServerImpl (RaftServerImpl.java:setRole(184)) - e3697062-c193-48d1-b15e-d6b6b4dc6638@group-5DF6529D38A3: changes role from  FOLLOWER to CANDIDATE at term 35 for changeToCandidate
2019-10-17 01:10:34,277 [Thread-1100] INFO  impl.RoleInfo (RoleInfo.java:updateAndGet(143)) - e3697062-c193-48d1-b15e-d6b6b4dc6638: start LeaderElection
2019-10-17 01:10:34,292 [e3697062-c193-48d1-b15e-d6b6b4dc6638@group-5DF6529D38A3-LeaderElection82] INFO  impl.LeaderElection (LeaderElection.java:askForVotes(178)) - e3697062-c193-48d1-b15e-d6b6b4dc6638@group-5DF6529D38A3-LeaderElection82: begin an election at term 36 for -1: [ee6ff355-4f2c-4ff1-aa68-7ca64f6b5439:192.168.157.194:37608, e3697062-c193-48d1-b15e-d6b6b4dc6638:192.168.157.194:40986, a10aa3ca-3ab2-4d87-9bc7-0d045ec2b4ce:192.168.157.194:36577], old=null
2019-10-17 01:10:34,294 [grpc-default-executor-1] INFO  impl.RaftServerImpl (RaftServerImpl.java:setRole(184)) - ee6ff355-4f2c-4ff1-aa68-7ca64f6b5439@group-5DF6529D38A3: changes role from  FOLLOWER to FOLLOWER at term 36 for recognizeCandidate:e3697062-c193-48d1-b15e-d6b6b4dc6638
2019-10-17 01:10:34,294 [grpc-default-executor-0] INFO  impl.RaftServerImpl (RaftServerImpl.java:setRole(184)) - a10aa3ca-3ab2-4d87-9bc7-0d045ec2b4ce@group-5DF6529D38A3: changes role from  FOLLOWER to FOLLOWER at term 36 for recognizeCandidate:e3697062-c193-48d1-b15e-d6b6b4dc6638
2019-10-17 01:10:34,294 [grpc-default-executor-1] INFO  impl.RoleInfo (RoleInfo.java:shutdownFollowerState(121)) - ee6ff355-4f2c-4ff1-aa68-7ca64f6b5439: shutdown FollowerState
2019-10-17 01:10:34,294 [grpc-default-executor-0] INFO  impl.RoleInfo (RoleInfo.java:shutdownFollowerState(121)) - a10aa3ca-3ab2-4d87-9bc7-0d045ec2b4ce: shutdown FollowerState
2019-10-17 01:10:34,294 [grpc-default-executor-1] INFO  impl.RoleInfo (RoleInfo.java:updateAndGet(143)) - ee6ff355-4f2c-4ff1-aa68-7ca64f6b5439: start FollowerState
2019-10-17 01:10:34,294 [Thread-1097] INFO  impl.FollowerState (FollowerState.java:run(117)) - ee6ff355-4f2c-4ff1-aa68-7ca64f6b5439@group-5DF6529D38A3-FollowerState was interrupted: java.lang.InterruptedException: sleep interrupted
2019-10-17 01:10:34,294 [Thread-1098] INFO  impl.FollowerState (FollowerState.java:run(117)) - a10aa3ca-3ab2-4d87-9bc7-0d045ec2b4ce@group-5DF6529D38A3-FollowerState was interrupted: java.lang.InterruptedException: sleep interrupted
2019-10-17 01:10:34,295 [grpc-default-executor-0] INFO  impl.RoleInfo (RoleInfo.java:updateAndGet(143)) - a10aa3ca-3ab2-4d87-9bc7-0d045ec2b4ce: start FollowerState
2019-10-17 01:10:34,301 [BlockDeletingService#2] WARN  background.BlockDeletingService (BlockDeletingService.java:isDeletionAllowed(187)) - Close Container log Index 6 is not replicated across allthe servers in the pipeline 968e2a2f-54bd-4eee-95a8-bd7a3b63c209 as the min replicated index is 4. Deletion is not allowed in this container yet.
2019-10-17 01:10:34,301 [BlockDeletingService#2] WARN  background.BlockDeletingService (BlockDeletingService.java:isDeletionAllowed(187)) - Close Container log Index 6 is not replicated across allthe servers in the pipeline 968e2a2f-54bd-4eee-95a8-bd7a3b63c209 as the min replicated index is 4. Deletion is not allowed in this container yet.
2019-10-17 01:10:34,309 [e3697062-c193-48d1-b15e-d6b6b4dc6638@group-5DF6529D38A3-LeaderElection82] INFO  impl.LeaderElection (LeaderElection.java:logAndReturn(56)) - e3697062-c193-48d1-b15e-d6b6b4dc6638@group-5DF6529D38A3-LeaderElection82: Election REJECTED; received 2 response(s) [e3697062-c193-48d1-b15e-d6b6b4dc6638<-ee6ff355-4f2c-4ff1-aa68-7ca64f6b5439#0:FAIL-t36, e3697062-c193-48d1-b15e-d6b6b4dc6638<-a10aa3ca-3ab2-4d87-9bc7-0d045ec2b4ce#0:FAIL-t36] and 0 exception(s); e3697062-c193-48d1-b15e-d6b6b4dc6638@group-5DF6529D38A3:t36, leader=null, voted=e3697062-c193-48d1-b15e-d6b6b4dc6638, raftlog=e3697062-c193-48d1-b15e-d6b6b4dc6638@group-5DF6529D38A3-SegmentedRaftLog:OPENED:c-1,f-1,i0, conf=-1: [ee6ff355-4f2c-4ff1-aa68-7ca64f6b5439:192.168.157.194:37608, e3697062-c193-48d1-b15e-d6b6b4dc6638:192.168.157.194:40986, a10aa3ca-3ab2-4d87-9bc7-0d045ec2b4ce:192.168.157.194:36577], old=null
2019-10-17 01:10:34,309 [e3697062-c193-48d1-b15e-d6b6b4dc6638@group-5DF6529D38A3-LeaderElection82] INFO  impl.RaftServerImpl (RaftServerImpl.java:setRole(184)) - e3697062-c193-48d1-b15e-d6b6b4dc6638@group-5DF6529D38A3: changes role from CANDIDATE to FOLLOWER at term 36 for DISCOVERED_A_NEW_TERM
2019-10-17 01:10:34,309 [e3697062-c193-48d1-b15e-d6b6b4dc6638@group-5DF6529D38A3-LeaderElection82] INFO  impl.RoleInfo (RoleInfo.java:shutdownLeaderElection(134)) - e3697062-c193-48d1-b15e-d6b6b4dc6638: shutdown LeaderElection
2019-10-17 01:10:34,309 [e3697062-c193-48d1-b15e-d6b6b4dc6638@group-5DF6529D38A3-LeaderElection82] INFO  impl.RoleInfo (RoleInfo.java:updateAndGet(143)) - e3697062-c193-48d1-b15e-d6b6b4dc6638: start FollowerState
2019-10-17 01:10:34,373 [Thread-1115] INFO  impl.FollowerState (FollowerState.java:run(108)) - ee6ff355-4f2c-4ff1-aa68-7ca64f6b5439@group-BD7A3B63C209-FollowerState: change to CANDIDATE, lastRpcTime:101ms, electionTimeout:101ms
2019-10-17 01:10:34,373 [Thread-1115] INFO  impl.RoleInfo (RoleInfo.java:shutdownFollowerState(121)) - ee6ff355-4f2c-4ff1-aa68-7ca64f6b5439: shutdown FollowerState
2019-10-17 01:10:34,373 [Thread-1115] INFO  impl.RaftServerImpl (RaftServerImpl.java:setRole(184)) - ee6ff355-4f2c-4ff1-aa68-7ca64f6b5439@group-BD7A3B63C209: changes role from  FOLLOWER to CANDIDATE at term 56 for changeToCandidate
2019-10-17 01:10:34,373 [Thread-1115] INFO  impl.RoleInfo (RoleInfo.java:updateAndGet(143)) - ee6ff355-4f2c-4ff1-aa68-7ca64f6b5439: start LeaderElection
2019-10-17 01:10:34,388 [ee6ff355-4f2c-4ff1-aa68-7ca64f6b5439@group-BD7A3B63C209-LeaderElection83] INFO  impl.LeaderElection (LeaderElection.java:askForVotes(178)) - ee6ff355-4f2c-4ff1-aa68-7ca64f6b5439@group-BD7A3B63C209-LeaderElection83: begin an election at term 57 for 0: [ee6ff355-4f2c-4ff1-aa68-7ca64f6b5439:192.168.157.194:37608, e3697062-c193-48d1-b15e-d6b6b4dc6638:192.168.157.194:40986, a10aa3ca-3ab2-4d87-9bc7-0d045ec2b4ce:192.168.157.194:36577], old=null
2019-10-17 01:10:34,390 [grpc-default-executor-1] INFO  impl.RaftServerImpl (RaftServerImpl.java:setRole(184)) - e3697062-c193-48d1-b15e-d6b6b4dc6638@group-BD7A3B63C209: changes role from  FOLLOWER to FOLLOWER at term 57 for recognizeCandidate:ee6ff355-4f2c-4ff1-aa68-7ca64f6b5439
2019-10-17 01:10:34,390 [grpc-default-executor-1] INFO  impl.RoleInfo (RoleInfo.java:shutdownFollowerState(121)) - e3697062-c193-48d1-b15e-d6b6b4dc6638: shutdown FollowerState
2019-10-17 01:10:34,390 [Thread-1113] INFO  impl.FollowerState (FollowerState.java:run(117)) - e3697062-c193-48d1-b15e-d6b6b4dc6638@group-BD7A3B63C209-FollowerState was interrupted: java.lang.InterruptedException: sleep interrupted
2019-10-17 01:10:34,390 [grpc-default-executor-1] INFO  impl.RoleInfo (RoleInfo.java:updateAndGet(143)) - e3697062-c193-48d1-b15e-d6b6b4dc6638: start FollowerState
2019-10-17 01:10:34,391 [grpc-default-executor-0] INFO  impl.RaftServerImpl (RaftServerImpl.java:setRole(184)) - a10aa3ca-3ab2-4d87-9bc7-0d045ec2b4ce@group-BD7A3B63C209: changes role from  FOLLOWER to FOLLOWER at term 57 for recognizeCandidate:ee6ff355-4f2c-4ff1-aa68-7ca64f6b5439
2019-10-17 01:10:34,391 [grpc-default-executor-0] INFO  impl.RoleInfo (RoleInfo.java:shutdownFollowerState(121)) - a10aa3ca-3ab2-4d87-9bc7-0d045ec2b4ce: shutdown FollowerState
2019-10-17 01:10:34,391 [grpc-default-executor-0] INFO  impl.RoleInfo (RoleInfo.java:updateAndGet(143)) - a10aa3ca-3ab2-4d87-9bc7-0d045ec2b4ce: start FollowerState
2019-10-17 01:10:34,391 [Thread-1114] INFO  impl.FollowerState (FollowerState.java:run(117)) - a10aa3ca-3ab2-4d87-9bc7-0d045ec2b4ce@group-BD7A3B63C209-FollowerState was interrupted: java.lang.InterruptedException: sleep interrupted
2019-10-17 01:10:34,415 [ee6ff355-4f2c-4ff1-aa68-7ca64f6b5439@group-BD7A3B63C209-LeaderElection83] INFO  impl.LeaderElection (LeaderElection.java:logAndReturn(56)) - ee6ff355-4f2c-4ff1-aa68-7ca64f6b5439@group-BD7A3B63C209-LeaderElection83: Election REJECTED; received 2 response(s) [ee6ff355-4f2c-4ff1-aa68-7ca64f6b5439<-e3697062-c193-48d1-b15e-d6b6b4dc6638#0:FAIL-t57, ee6ff355-4f2c-4ff1-aa68-7ca64f6b5439<-a10aa3ca-3ab2-4d87-9bc7-0d045ec2b4ce#0:FAIL-t57] and 0 exception(s); ee6ff355-4f2c-4ff1-aa68-7ca64f6b5439@group-BD7A3B63C209:t57, leader=null, voted=ee6ff355-4f2c-4ff1-aa68-7ca64f6b5439, raftlog=ee6ff355-4f2c-4ff1-aa68-7ca64f6b5439@group-BD7A3B63C209-SegmentedRaftLog:OPENED:c3,f4,i4, conf=0: [ee6ff355-4f2c-4ff1-aa68-7ca64f6b5439:192.168.157.194:37608, e3697062-c193-48d1-b15e-d6b6b4dc6638:192.168.157.194:40986, a10aa3ca-3ab2-4d87-9bc7-0d045ec2b4ce:192.168.157.194:36577], old=null
2019-10-17 01:10:34,416 [ee6ff355-4f2c-4ff1-aa68-7ca64f6b5439@group-BD7A3B63C209-LeaderElection83] INFO  impl.RaftServerImpl (RaftServerImpl.java:setRole(184)) - ee6ff355-4f2c-4ff1-aa68-7ca64f6b5439@group-BD7A3B63C209: changes role from CANDIDATE to FOLLOWER at term 57 for DISCOVERED_A_NEW_TERM
2019-10-17 01:10:34,416 [ee6ff355-4f2c-4ff1-aa68-7ca64f6b5439@group-BD7A3B63C209-LeaderElection83] INFO  impl.RoleInfo (RoleInfo.java:shutdownLeaderElection(134)) - ee6ff355-4f2c-4ff1-aa68-7ca64f6b5439: shutdown LeaderElection
2019-10-17 01:10:34,416 [ee6ff355-4f2c-4ff1-aa68-7ca64f6b5439@group-BD7A3B63C209-LeaderElection83] INFO  impl.RoleInfo (RoleInfo.java:updateAndGet(143)) - ee6ff355-4f2c-4ff1-aa68-7ca64f6b5439: start FollowerState
2019-10-17 01:10:34,438 [Thread-1123] INFO  impl.FollowerState (FollowerState.java:run(108)) - e3697062-c193-48d1-b15e-d6b6b4dc6638@group-5DF6529D38A3-FollowerState: change to CANDIDATE, lastRpcTime:128ms, electionTimeout:128ms
2019-10-17 01:10:34,438 [Thread-1123] INFO  impl.RoleInfo (RoleInfo.java:shutdownFollowerState(121)) - e3697062-c193-48d1-b15e-d6b6b4dc6638: shutdown FollowerState
2019-10-17 01:10:34,438 [Thread-1123] INFO  impl.RaftServerImpl (RaftServerImpl.java:setRole(184)) - e3697062-c193-48d1-b15e-d6b6b4dc6638@group-5DF6529D38A3: changes role from  FOLLOWER to CANDIDATE at term 36 for changeToCandidate
2019-10-17 01:10:34,438 [Thread-1123] INFO  impl.RoleInfo (RoleInfo.java:updateAndGet(143)) - e3697062-c193-48d1-b15e-d6b6b4dc6638: start LeaderElection
2019-10-17 01:10:34,464 [e3697062-c193-48d1-b15e-d6b6b4dc6638@group-5DF6529D38A3-LeaderElection84] INFO  impl.LeaderElection (LeaderElection.java:askForVotes(178)) - e3697062-c193-48d1-b15e-d6b6b4dc6638@group-5DF6529D38A3-LeaderElection84: begin an election at term 37 for -1: [ee6ff355-4f2c-4ff1-aa68-7ca64f6b5439:192.168.157.194:37608, e3697062-c193-48d1-b15e-d6b6b4dc6638:192.168.157.194:40986, a10aa3ca-3ab2-4d87-9bc7-0d045ec2b4ce:192.168.157.194:36577], old=null
2019-10-17 01:10:34,466 [grpc-default-executor-0] INFO  impl.RaftServerImpl (RaftServerImpl.java:setRole(184)) - a10aa3ca-3ab2-4d87-9bc7-0d045ec2b4ce@group-5DF6529D38A3: changes role from  FOLLOWER to FOLLOWER at term 37 for recognizeCandidate:e3697062-c193-48d1-b15e-d6b6b4dc6638
2019-10-17 01:10:34,467 [grpc-default-executor-0] INFO  impl.RoleInfo (RoleInfo.java:shutdownFollowerState(121)) - a10aa3ca-3ab2-4d87-9bc7-0d045ec2b4ce: shutdown FollowerState
2019-10-17 01:10:34,467 [grpc-default-executor-1] INFO  impl.RaftServerImpl (RaftServerImpl.java:setRole(184)) - ee6ff355-4f2c-4ff1-aa68-7ca64f6b5439@group-5DF6529D38A3: changes role from  FOLLOWER to FOLLOWER at term 37 for recognizeCandidate:e3697062-c193-48d1-b15e-d6b6b4dc6638
2019-10-17 01:10:34,467 [Thread-1120] INFO  impl.FollowerState (FollowerState.java:run(117)) - a10aa3ca-3ab2-4d87-9bc7-0d045ec2b4ce@group-5DF6529D38A3-FollowerState was interrupted: java.lang.InterruptedException: sleep interrupted
2019-10-17 01:10:34,467 [grpc-default-executor-0] INFO  impl.RoleInfo (RoleInfo.java:updateAndGet(143)) - a10aa3ca-3ab2-4d87-9bc7-0d045ec2b4ce: start FollowerState
2019-10-17 01:10:34,467 [grpc-default-executor-1] INFO  impl.RoleInfo (RoleInfo.java:shutdownFollowerState(121)) - ee6ff355-4f2c-4ff1-aa68-7ca64f6b5439: shutdown FollowerState
2019-10-17 01:10:34,468 [Thread-1119] INFO  impl.FollowerState (FollowerState.java:run(117)) - ee6ff355-4f2c-4ff1-aa68-7ca64f6b5439@group-5DF6529D38A3-FollowerState was interrupted: java.lang.InterruptedException: sleep interrupted
2019-10-17 01:10:34,468 [grpc-default-executor-1] INFO  impl.RoleInfo (RoleInfo.java:updateAndGet(143)) - ee6ff355-4f2c-4ff1-aa68-7ca64f6b5439: start FollowerState
2019-10-17 01:10:34,482 [e3697062-c193-48d1-b15e-d6b6b4dc6638@group-5DF6529D38A3-LeaderElection84] INFO  impl.LeaderElection (LeaderElection.java:logAndReturn(56)) - e3697062-c193-48d1-b15e-d6b6b4dc6638@group-5DF6529D38A3-LeaderElection84: Election REJECTED; received 2 response(s) [e3697062-c193-48d1-b15e-d6b6b4dc6638<-ee6ff355-4f2c-4ff1-aa68-7ca64f6b5439#0:FAIL-t37, e3697062-c193-48d1-b15e-d6b6b4dc6638<-a10aa3ca-3ab2-4d87-9bc7-0d045ec2b4ce#0:FAIL-t37] and 0 exception(s); e3697062-c193-48d1-b15e-d6b6b4dc6638@group-5DF6529D38A3:t37, leader=null, voted=e3697062-c193-48d1-b15e-d6b6b4dc6638, raftlog=e3697062-c193-48d1-b15e-d6b6b4dc6638@group-5DF6529D38A3-SegmentedRaftLog:OPENED:c-1,f-1,i0, conf=-1: [ee6ff355-4f2c-4ff1-aa68-7ca64f6b5439:192.168.157.194:37608, e3697062-c193-48d1-b15e-d6b6b4dc6638:192.168.157.194:40986, a10aa3ca-3ab2-4d87-9bc7-0d045ec2b4ce:192.168.157.194:36577], old=null
2019-10-17 01:10:34,482 [e3697062-c193-48d1-b15e-d6b6b4dc6638@group-5DF6529D38A3-LeaderElection84] INFO  impl.RaftServerImpl (RaftServerImpl.java:setRole(184)) - e3697062-c193-48d1-b15e-d6b6b4dc6638@group-5DF6529D38A3: changes role from CANDIDATE to FOLLOWER at term 37 for DISCOVERED_A_NEW_TERM
2019-10-17 01:10:34,483 [e3697062-c193-48d1-b15e-d6b6b4dc6638@group-5DF6529D38A3-LeaderElection84] INFO  impl.RoleInfo (RoleInfo.java:shutdownLeaderElection(134)) - e3697062-c193-48d1-b15e-d6b6b4dc6638: shutdown LeaderElection
2019-10-17 01:10:34,483 [e3697062-c193-48d1-b15e-d6b6b4dc6638@group-5DF6529D38A3-LeaderElection84] INFO  impl.RoleInfo (RoleInfo.java:updateAndGet(143)) - e3697062-c193-48d1-b15e-d6b6b4dc6638: start FollowerState
2019-10-17 01:10:34,597 [Thread-1135] INFO  impl.FollowerState (FollowerState.java:run(108)) - e3697062-c193-48d1-b15e-d6b6b4dc6638@group-5DF6529D38A3-FollowerState: change to CANDIDATE, lastRpcTime:114ms, electionTimeout:114ms
2019-10-17 01:10:34,597 [Thread-1135] INFO  impl.RoleInfo (RoleInfo.java:shutdownFollowerState(121)) - e3697062-c193-48d1-b15e-d6b6b4dc6638: shutdown FollowerState
2019-10-17 01:10:34,598 [Thread-1135] INFO  impl.RaftServerImpl (RaftServerImpl.java:setRole(184)) - e3697062-c193-48d1-b15e-d6b6b4dc6638@group-5DF6529D38A3: changes role from  FOLLOWER to CANDIDATE at term 37 for changeToCandidate
2019-10-17 01:10:34,598 [Thread-1135] INFO  impl.RoleInfo (RoleInfo.java:updateAndGet(143)) - e3697062-c193-48d1-b15e-d6b6b4dc6638: start LeaderElection
2019-10-17 01:10:34,611 [e3697062-c193-48d1-b15e-d6b6b4dc6638@group-5DF6529D38A3-LeaderElection85] INFO  impl.LeaderElection (LeaderElection.java:askForVotes(178)) - e3697062-c193-48d1-b15e-d6b6b4dc6638@group-5DF6529D38A3-LeaderElection85: begin an election at term 38 for -1: [ee6ff355-4f2c-4ff1-aa68-7ca64f6b5439:192.168.157.194:37608, e3697062-c193-48d1-b15e-d6b6b4dc6638:192.168.157.194:40986, a10aa3ca-3ab2-4d87-9bc7-0d045ec2b4ce:192.168.157.194:36577], old=null
2019-10-17 01:10:34,614 [grpc-default-executor-0] INFO  impl.RaftServerImpl (RaftServerImpl.java:setRole(184)) - ee6ff355-4f2c-4ff1-aa68-7ca64f6b5439@group-5DF6529D38A3: changes role from  FOLLOWER to FOLLOWER at term 38 for recognizeCandidate:e3697062-c193-48d1-b15e-d6b6b4dc6638
2019-10-17 01:10:34,614 [grpc-default-executor-1] INFO  impl.RaftServerImpl (RaftServerImpl.java:setRole(184)) - a10aa3ca-3ab2-4d87-9bc7-0d045ec2b4ce@group-5DF6529D38A3: changes role from  FOLLOWER to FOLLOWER at term 38 for recognizeCandidate:e3697062-c193-48d1-b15e-d6b6b4dc6638
2019-10-17 01:10:34,614 [grpc-default-executor-1] INFO  impl.RoleInfo (RoleInfo.java:shutdownFollowerState(121)) - a10aa3ca-3ab2-4d87-9bc7-0d045ec2b4ce: shutdown FollowerState
2019-10-17 01:10:34,614 [grpc-default-executor-0] INFO  impl.RoleInfo (RoleInfo.java:shutdownFollowerState(121)) - ee6ff355-4f2c-4ff1-aa68-7ca64f6b5439: shutdown FollowerState
2019-10-17 01:10:34,614 [grpc-default-executor-1] INFO  impl.RoleInfo (RoleInfo.java:updateAndGet(143)) - a10aa3ca-3ab2-4d87-9bc7-0d045ec2b4ce: start FollowerState
2019-10-17 01:10:34,614 [Thread-1133] INFO  impl.FollowerState (FollowerState.java:run(117)) - a10aa3ca-3ab2-4d87-9bc7-0d045ec2b4ce@group-5DF6529D38A3-FollowerState was interrupted: java.lang.InterruptedException: sleep interrupted
2019-10-17 01:10:34,614 [Thread-1134] INFO  impl.FollowerState (FollowerState.java:run(117)) - ee6ff355-4f2c-4ff1-aa68-7ca64f6b5439@group-5DF6529D38A3-FollowerState was interrupted: java.lang.InterruptedException: sleep interrupted
2019-10-17 01:10:34,614 [Thread-1129] INFO  impl.FollowerState (FollowerState.java:run(108)) - ee6ff355-4f2c-4ff1-aa68-7ca64f6b5439@group-BD7A3B63C209-FollowerState: change to CANDIDATE, lastRpcTime:198ms, electionTimeout:198ms
2019-10-17 01:10:34,614 [grpc-default-executor-0] INFO  impl.RoleInfo (RoleInfo.java:updateAndGet(143)) - ee6ff355-4f2c-4ff1-aa68-7ca64f6b5439: start FollowerState
2019-10-17 01:10:34,615 [Thread-1129] INFO  impl.RoleInfo (RoleInfo.java:shutdownFollowerState(121)) - ee6ff355-4f2c-4ff1-aa68-7ca64f6b5439: shutdown FollowerState
2019-10-17 01:10:34,615 [Thread-1129] INFO  impl.RaftServerImpl (RaftServerImpl.java:setRole(184)) - ee6ff355-4f2c-4ff1-aa68-7ca64f6b5439@group-BD7A3B63C209: changes role from  FOLLOWER to CANDIDATE at term 57 for changeToCandidate
2019-10-17 01:10:34,615 [Thread-1129] INFO  impl.RoleInfo (RoleInfo.java:updateAndGet(143)) - ee6ff355-4f2c-4ff1-aa68-7ca64f6b5439: start LeaderElection
2019-10-17 01:10:34,640 [ee6ff355-4f2c-4ff1-aa68-7ca64f6b5439@group-BD7A3B63C209-LeaderElection86] INFO  impl.LeaderElection (LeaderElection.java:askForVotes(178)) - ee6ff355-4f2c-4ff1-aa68-7ca64f6b5439@group-BD7A3B63C209-LeaderElection86: begin an election at term 58 for 0: [ee6ff355-4f2c-4ff1-aa68-7ca64f6b5439:192.168.157.194:37608, e3697062-c193-48d1-b15e-d6b6b4dc6638:192.168.157.194:40986, a10aa3ca-3ab2-4d87-9bc7-0d045ec2b4ce:192.168.157.194:36577], old=null
2019-10-17 01:10:34,641 [e3697062-c193-48d1-b15e-d6b6b4dc6638@group-5DF6529D38A3-LeaderElection85] INFO  impl.LeaderElection (LeaderElection.java:logAndReturn(56)) - e3697062-c193-48d1-b15e-d6b6b4dc6638@group-5DF6529D38A3-LeaderElection85: Election REJECTED; received 2 response(s) [e3697062-c193-48d1-b15e-d6b6b4dc6638<-ee6ff355-4f2c-4ff1-aa68-7ca64f6b5439#0:FAIL-t38, e3697062-c193-48d1-b15e-d6b6b4dc6638<-a10aa3ca-3ab2-4d87-9bc7-0d045ec2b4ce#0:FAIL-t38] and 0 exception(s); e3697062-c193-48d1-b15e-d6b6b4dc6638@group-5DF6529D38A3:t38, leader=null, voted=e3697062-c193-48d1-b15e-d6b6b4dc6638, raftlog=e3697062-c193-48d1-b15e-d6b6b4dc6638@group-5DF6529D38A3-SegmentedRaftLog:OPENED:c-1,f-1,i0, conf=-1: [ee6ff355-4f2c-4ff1-aa68-7ca64f6b5439:192.168.157.194:37608, e3697062-c193-48d1-b15e-d6b6b4dc6638:192.168.157.194:40986, a10aa3ca-3ab2-4d87-9bc7-0d045ec2b4ce:192.168.157.194:36577], old=null
2019-10-17 01:10:34,641 [e3697062-c193-48d1-b15e-d6b6b4dc6638@group-5DF6529D38A3-LeaderElection85] INFO  impl.RaftServerImpl (RaftServerImpl.java:setRole(184)) - e3697062-c193-48d1-b15e-d6b6b4dc6638@group-5DF6529D38A3: changes role from CANDIDATE to FOLLOWER at term 38 for DISCOVERED_A_NEW_TERM
2019-10-17 01:10:34,641 [e3697062-c193-48d1-b15e-d6b6b4dc6638@group-5DF6529D38A3-LeaderElection85] INFO  impl.RoleInfo (RoleInfo.java:shutdownLeaderElection(134)) - e3697062-c193-48d1-b15e-d6b6b4dc6638: shutdown LeaderElection
2019-10-17 01:10:34,641 [e3697062-c193-48d1-b15e-d6b6b4dc6638@group-5DF6529D38A3-LeaderElection85] INFO  impl.RoleInfo (RoleInfo.java:updateAndGet(143)) - e3697062-c193-48d1-b15e-d6b6b4dc6638: start FollowerState
2019-10-17 01:10:34,642 [grpc-default-executor-1] INFO  impl.RaftServerImpl (RaftServerImpl.java:setRole(184)) - a10aa3ca-3ab2-4d87-9bc7-0d045ec2b4ce@group-BD7A3B63C209: changes role from  FOLLOWER to FOLLOWER at term 58 for recognizeCandidate:ee6ff355-4f2c-4ff1-aa68-7ca64f6b5439
2019-10-17 01:10:34,642 [grpc-default-executor-0] INFO  impl.RaftServerImpl (RaftServerImpl.java:setRole(184)) - e3697062-c193-48d1-b15e-d6b6b4dc6638@group-BD7A3B63C209: changes role from  FOLLOWER to FOLLOWER at term 58 for recognizeCandidate:ee6ff355-4f2c-4ff1-aa68-7ca64f6b5439
2019-10-17 01:10:34,642 [grpc-default-executor-1] INFO  impl.RoleInfo (RoleInfo.java:shutdownFollowerState(121)) - a10aa3ca-3ab2-4d87-9bc7-0d045ec2b4ce: shutdown FollowerState
2019-10-17 01:10:34,642 [grpc-default-executor-0] INFO  impl.RoleInfo (RoleInfo.java:shutdownFollowerState(121)) - e3697062-c193-48d1-b15e-d6b6b4dc6638: shutdown FollowerState
2019-10-17 01:10:34,642 [Thread-1128] INFO  impl.FollowerState (FollowerState.java:run(117)) - a10aa3ca-3ab2-4d87-9bc7-0d045ec2b4ce@group-BD7A3B63C209-FollowerState was interrupted: java.lang.InterruptedException: sleep interrupted
2019-10-17 01:10:34,642 [grpc-default-executor-1] INFO  impl.RoleInfo (RoleInfo.java:updateAndGet(143)) - a10aa3ca-3ab2-4d87-9bc7-0d045ec2b4ce: start FollowerState
2019-10-17 01:10:34,642 [Thread-1127] INFO  impl.FollowerState (FollowerState.java:run(117)) - e3697062-c193-48d1-b15e-d6b6b4dc6638@group-BD7A3B63C209-FollowerState was interrupted: java.lang.InterruptedException: sleep interrupted
2019-10-17 01:10:34,642 [grpc-default-executor-0] INFO  impl.RoleInfo (RoleInfo.java:updateAndGet(143)) - e3697062-c193-48d1-b15e-d6b6b4dc6638: start FollowerState
2019-10-17 01:10:34,658 [ee6ff355-4f2c-4ff1-aa68-7ca64f6b5439@group-BD7A3B63C209-LeaderElection86] INFO  impl.LeaderElection (LeaderElection.java:logAndReturn(56)) - ee6ff355-4f2c-4ff1-aa68-7ca64f6b5439@group-BD7A3B63C209-LeaderElection86: Election REJECTED; received 2 response(s) [ee6ff355-4f2c-4ff1-aa68-7ca64f6b5439<-e3697062-c193-48d1-b15e-d6b6b4dc6638#0:FAIL-t58, ee6ff355-4f2c-4ff1-aa68-7ca64f6b5439<-a10aa3ca-3ab2-4d87-9bc7-0d045ec2b4ce#0:FAIL-t58] and 0 exception(s); ee6ff355-4f2c-4ff1-aa68-7ca64f6b5439@group-BD7A3B63C209:t58, leader=null, voted=ee6ff355-4f2c-4ff1-aa68-7ca64f6b5439, raftlog=ee6ff355-4f2c-4ff1-aa68-7ca64f6b5439@group-BD7A3B63C209-SegmentedRaftLog:OPENED:c3,f4,i4, conf=0: [ee6ff355-4f2c-4ff1-aa68-7ca64f6b5439:192.168.157.194:37608, e3697062-c193-48d1-b15e-d6b6b4dc6638:192.168.157.194:40986, a10aa3ca-3ab2-4d87-9bc7-0d045ec2b4ce:192.168.157.194:36577], old=null
2019-10-17 01:10:34,658 [ee6ff355-4f2c-4ff1-aa68-7ca64f6b5439@group-BD7A3B63C209-LeaderElection86] INFO  impl.RaftServerImpl (RaftServerImpl.java:setRole(184)) - ee6ff355-4f2c-4ff1-aa68-7ca64f6b5439@group-BD7A3B63C209: changes role from CANDIDATE to FOLLOWER at term 58 for DISCOVERED_A_NEW_TERM
2019-10-17 01:10:34,658 [ee6ff355-4f2c-4ff1-aa68-7ca64f6b5439@group-BD7A3B63C209-LeaderElection86] INFO  impl.RoleInfo (RoleInfo.java:shutdownLeaderElection(134)) - ee6ff355-4f2c-4ff1-aa68-7ca64f6b5439: shutdown LeaderElection
2019-10-17 01:10:34,658 [ee6ff355-4f2c-4ff1-aa68-7ca64f6b5439@group-BD7A3B63C209-LeaderElection86] INFO  impl.RoleInfo (RoleInfo.java:updateAndGet(143)) - ee6ff355-4f2c-4ff1-aa68-7ca64f6b5439: start FollowerState
2019-10-17 01:10:34,756 [Thread-1150] INFO  client.GrpcClientProtocolService (GrpcClientProtocolService.java:lambda$processClientRequest$0(278)) - Failed RaftClientRequest:client-B379F03C97AF->ee6ff355-4f2c-4ff1-aa68-7ca64f6b5439@group-BD7A3B63C209, cid=10, seq=0, Watch-ALL_COMMITTED(6), Message:<EMPTY>, reply=RaftClientReply:client-B379F03C97AF->ee6ff355-4f2c-4ff1-aa68-7ca64f6b5439@group-BD7A3B63C209, cid=10, FAILED org.apache.ratis.protocol.NotLeaderException: Server ee6ff355-4f2c-4ff1-aa68-7ca64f6b5439@group-BD7A3B63C209 is not the leader, logIndex=0, commits[ee6ff355-4f2c-4ff1-aa68-7ca64f6b5439:c3]
2019-10-17 01:10:34,759 [Thread-1148] INFO  impl.FollowerState (FollowerState.java:run(108)) - ee6ff355-4f2c-4ff1-aa68-7ca64f6b5439@group-BD7A3B63C209-FollowerState: change to CANDIDATE, lastRpcTime:100ms, electionTimeout:99ms
2019-10-17 01:10:34,759 [Thread-1148] INFO  impl.RoleInfo (RoleInfo.java:shutdownFollowerState(121)) - ee6ff355-4f2c-4ff1-aa68-7ca64f6b5439: shutdown FollowerState
2019-10-17 01:10:34,759 [Thread-1148] INFO  impl.RaftServerImpl (RaftServerImpl.java:setRole(184)) - ee6ff355-4f2c-4ff1-aa68-7ca64f6b5439@group-BD7A3B63C209: changes role from  FOLLOWER to CANDIDATE at term 58 for changeToCandidate
2019-10-17 01:10:34,759 [Thread-1148] INFO  impl.RoleInfo (RoleInfo.java:updateAndGet(143)) - ee6ff355-4f2c-4ff1-aa68-7ca64f6b5439: start LeaderElection
2019-10-17 01:10:34,779 [ee6ff355-4f2c-4ff1-aa68-7ca64f6b5439@group-BD7A3B63C209-LeaderElection87] INFO  impl.LeaderElection (LeaderElection.java:askForVotes(178)) - ee6ff355-4f2c-4ff1-aa68-7ca64f6b5439@group-BD7A3B63C209-LeaderElection87: begin an election at term 59 for 0: [ee6ff355-4f2c-4ff1-aa68-7ca64f6b5439:192.168.157.194:37608, e3697062-c193-48d1-b15e-d6b6b4dc6638:192.168.157.194:40986, a10aa3ca-3ab2-4d87-9bc7-0d045ec2b4ce:192.168.157.194:36577], old=null
2019-10-17 01:10:34,781 [grpc-default-executor-1] INFO  impl.RaftServerImpl (RaftServerImpl.java:setRole(184)) - e3697062-c193-48d1-b15e-d6b6b4dc6638@group-BD7A3B63C209: changes role from  FOLLOWER to FOLLOWER at term 59 for recognizeCandidate:ee6ff355-4f2c-4ff1-aa68-7ca64f6b5439
2019-10-17 01:10:34,781 [grpc-default-executor-1] INFO  impl.RoleInfo (RoleInfo.java:shutdownFollowerState(121)) - e3697062-c193-48d1-b15e-d6b6b4dc6638: shutdown FollowerState
2019-10-17 01:10:34,781 [grpc-default-executor-0] INFO  impl.RaftServerImpl (RaftServerImpl.java:setRole(184)) - a10aa3ca-3ab2-4d87-9bc7-0d045ec2b4ce@group-BD7A3B63C209: changes role from  FOLLOWER to FOLLOWER at term 59 for recognizeCandidate:ee6ff355-4f2c-4ff1-aa68-7ca64f6b5439
2019-10-17 01:10:34,782 [grpc-default-executor-1] INFO  impl.RoleInfo (RoleInfo.java:updateAndGet(143)) - e3697062-c193-48d1-b15e-d6b6b4dc6638: start FollowerState
2019-10-17 01:10:34,782 [Thread-1147] INFO  impl.FollowerState (FollowerState.java:run(117)) - e3697062-c193-48d1-b15e-d6b6b4dc6638@group-BD7A3B63C209-FollowerState was interrupted: java.lang.InterruptedException: sleep interrupted
2019-10-17 01:10:34,782 [grpc-default-executor-0] INFO  impl.RoleInfo (RoleInfo.java:shutdownFollowerState(121)) - a10aa3ca-3ab2-4d87-9bc7-0d045ec2b4ce: shutdown FollowerState
2019-10-17 01:10:34,782 [grpc-default-executor-0] INFO  impl.RoleInfo (RoleInfo.java:updateAndGet(143)) - a10aa3ca-3ab2-4d87-9bc7-0d045ec2b4ce: start FollowerState
2019-10-17 01:10:34,782 [Thread-1146] INFO  impl.FollowerState (FollowerState.java:run(117)) - a10aa3ca-3ab2-4d87-9bc7-0d045ec2b4ce@group-BD7A3B63C209-FollowerState was interrupted: java.lang.InterruptedException: sleep interrupted
2019-10-17 01:10:34,796 [ee6ff355-4f2c-4ff1-aa68-7ca64f6b5439@group-BD7A3B63C209-LeaderElection87] INFO  impl.LeaderElection (LeaderElection.java:logAndReturn(56)) - ee6ff355-4f2c-4ff1-aa68-7ca64f6b5439@group-BD7A3B63C209-LeaderElection87: Election REJECTED; received 2 response(s) [ee6ff355-4f2c-4ff1-aa68-7ca64f6b5439<-e3697062-c193-48d1-b15e-d6b6b4dc6638#0:FAIL-t59, ee6ff355-4f2c-4ff1-aa68-7ca64f6b5439<-a10aa3ca-3ab2-4d87-9bc7-0d045ec2b4ce#0:FAIL-t59] and 0 exception(s); ee6ff355-4f2c-4ff1-aa68-7ca64f6b5439@group-BD7A3B63C209:t59, leader=null, voted=ee6ff355-4f2c-4ff1-aa68-7ca64f6b5439, raftlog=ee6ff355-4f2c-4ff1-aa68-7ca64f6b5439@group-BD7A3B63C209-SegmentedRaftLog:OPENED:c3,f4,i4, conf=0: [ee6ff355-4f2c-4ff1-aa68-7ca64f6b5439:192.168.157.194:37608, e3697062-c193-48d1-b15e-d6b6b4dc6638:192.168.157.194:40986, a10aa3ca-3ab2-4d87-9bc7-0d045ec2b4ce:192.168.157.194:36577], old=null
2019-10-17 01:10:34,796 [ee6ff355-4f2c-4ff1-aa68-7ca64f6b5439@group-BD7A3B63C209-LeaderElection87] INFO  impl.RaftServerImpl (RaftServerImpl.java:setRole(184)) - ee6ff355-4f2c-4ff1-aa68-7ca64f6b5439@group-BD7A3B63C209: changes role from CANDIDATE to FOLLOWER at term 59 for DISCOVERED_A_NEW_TERM
2019-10-17 01:10:34,796 [ee6ff355-4f2c-4ff1-aa68-7ca64f6b5439@group-BD7A3B63C209-LeaderElection87] INFO  impl.RoleInfo (RoleInfo.java:shutdownLeaderElection(134)) - ee6ff355-4f2c-4ff1-aa68-7ca64f6b5439: shutdown LeaderElection
2019-10-17 01:10:34,796 [ee6ff355-4f2c-4ff1-aa68-7ca64f6b5439@group-BD7A3B63C209-LeaderElection87] INFO  impl.RoleInfo (RoleInfo.java:updateAndGet(143)) - ee6ff355-4f2c-4ff1-aa68-7ca64f6b5439: start FollowerState
2019-10-17 01:10:34,832 [Thread-1145] INFO  impl.FollowerState (FollowerState.java:run(108)) - e3697062-c193-48d1-b15e-d6b6b4dc6638@group-5DF6529D38A3-FollowerState: change to CANDIDATE, lastRpcTime:190ms, electionTimeout:190ms
2019-10-17 01:10:34,832 [Thread-1145] INFO  impl.RoleInfo (RoleInfo.java:shutdownFollowerState(121)) - e3697062-c193-48d1-b15e-d6b6b4dc6638: shutdown FollowerState
2019-10-17 01:10:34,832 [Thread-1145] INFO  impl.RaftServerImpl (RaftServerImpl.java:setRole(184)) - e3697062-c193-48d1-b15e-d6b6b4dc6638@group-5DF6529D38A3: changes role from  FOLLOWER to CANDIDATE at term 38 for changeToCandidate
2019-10-17 01:10:34,832 [Thread-1145] INFO  impl.RoleInfo (RoleInfo.java:updateAndGet(143)) - e3697062-c193-48d1-b15e-d6b6b4dc6638: start LeaderElection
2019-10-17 01:10:34,839 [Thread-1157] INFO  impl.FollowerState (FollowerState.java:run(108)) - ee6ff355-4f2c-4ff1-aa68-7ca64f6b5439@group-BD7A3B63C209-FollowerState: change to CANDIDATE, lastRpcTime:43ms, electionTimeout:43ms
2019-10-17 01:10:34,840 [Thread-1157] INFO  impl.RoleInfo (RoleInfo.java:shutdownFollowerState(121)) - ee6ff355-4f2c-4ff1-aa68-7ca64f6b5439: shutdown FollowerState
2019-10-17 01:10:34,840 [Thread-1157] INFO  impl.RaftServerImpl (RaftServerImpl.java:setRole(184)) - ee6ff355-4f2c-4ff1-aa68-7ca64f6b5439@group-BD7A3B63C209: changes role from  FOLLOWER to CANDIDATE at term 59 for changeToCandidate
2019-10-17 01:10:34,840 [Thread-1157] INFO  impl.RoleInfo (RoleInfo.java:updateAndGet(143)) - ee6ff355-4f2c-4ff1-aa68-7ca64f6b5439: start LeaderElection
2019-10-17 01:10:34,857 [ee6ff355-4f2c-4ff1-aa68-7ca64f6b5439@group-BD7A3B63C209-LeaderElection89] INFO  impl.LeaderElection (LeaderElection.java:askForVotes(178)) - ee6ff355-4f2c-4ff1-aa68-7ca64f6b5439@group-BD7A3B63C209-LeaderElection89: begin an election at term 60 for 0: [ee6ff355-4f2c-4ff1-aa68-7ca64f6b5439:192.168.157.194:37608, e3697062-c193-48d1-b15e-d6b6b4dc6638:192.168.157.194:40986, a10aa3ca-3ab2-4d87-9bc7-0d045ec2b4ce:192.168.157.194:36577], old=null
2019-10-17 01:10:34,857 [e3697062-c193-48d1-b15e-d6b6b4dc6638@group-5DF6529D38A3-LeaderElection88] INFO  impl.LeaderElection (LeaderElection.java:askForVotes(178)) - e3697062-c193-48d1-b15e-d6b6b4dc6638@group-5DF6529D38A3-LeaderElection88: begin an election at term 39 for -1: [ee6ff355-4f2c-4ff1-aa68-7ca64f6b5439:192.168.157.194:37608, e3697062-c193-48d1-b15e-d6b6b4dc6638:192.168.157.194:40986, a10aa3ca-3ab2-4d87-9bc7-0d045ec2b4ce:192.168.157.194:36577], old=null
2019-10-17 01:10:34,860 [grpc-default-executor-1] INFO  impl.RaftServerImpl (RaftServerImpl.java:setRole(184)) - e3697062-c193-48d1-b15e-d6b6b4dc6638@group-BD7A3B63C209: changes role from  FOLLOWER to FOLLOWER at term 60 for recognizeCandidate:ee6ff355-4f2c-4ff1-aa68-7ca64f6b5439
2019-10-17 01:10:34,860 [grpc-default-executor-1] INFO  impl.RoleInfo (RoleInfo.java:shutdownFollowerState(121)) - e3697062-c193-48d1-b15e-d6b6b4dc6638: shutdown FollowerState
2019-10-17 01:10:34,860 [Thread-1155] INFO  impl.FollowerState (FollowerState.java:run(117)) - e3697062-c193-48d1-b15e-d6b6b4dc6638@group-BD7A3B63C209-FollowerState was interrupted: java.lang.InterruptedException: sleep interrupted
2019-10-17 01:10:34,860 [grpc-default-executor-0] INFO  impl.RaftServerImpl (RaftServerImpl.java:setRole(184)) - ee6ff355-4f2c-4ff1-aa68-7ca64f6b5439@group-5DF6529D38A3: changes role from  FOLLOWER to FOLLOWER at term 39 for recognizeCandidate:e3697062-c193-48d1-b15e-d6b6b4dc6638
2019-10-17 01:10:34,860 [grpc-default-executor-0] INFO  impl.RoleInfo (RoleInfo.java:shutdownFollowerState(121)) - ee6ff355-4f2c-4ff1-aa68-7ca64f6b5439: shutdown FollowerState
2019-10-17 01:10:34,860 [grpc-default-executor-1] INFO  impl.RoleInfo (RoleInfo.java:updateAndGet(143)) - e3697062-c193-48d1-b15e-d6b6b4dc6638: start FollowerState
2019-10-17 01:10:34,860 [grpc-default-executor-0] INFO  impl.RoleInfo (RoleInfo.java:updateAndGet(143)) - ee6ff355-4f2c-4ff1-aa68-7ca64f6b5439: start FollowerState
2019-10-17 01:10:34,860 [Thread-1141] INFO  impl.FollowerState (FollowerState.java:run(117)) - ee6ff355-4f2c-4ff1-aa68-7ca64f6b5439@group-5DF6529D38A3-FollowerState was interrupted: java.lang.InterruptedException: sleep interrupted
2019-10-17 01:10:34,861 [grpc-default-executor-5] INFO  impl.RaftServerImpl (RaftServerImpl.java:setRole(184)) - a10aa3ca-3ab2-4d87-9bc7-0d045ec2b4ce@group-5DF6529D38A3: changes role from  FOLLOWER to FOLLOWER at term 39 for recognizeCandidate:e3697062-c193-48d1-b15e-d6b6b4dc6638
2019-10-17 01:10:34,861 [grpc-default-executor-5] INFO  impl.RoleInfo (RoleInfo.java:shutdownFollowerState(121)) - a10aa3ca-3ab2-4d87-9bc7-0d045ec2b4ce: shutdown FollowerState
2019-10-17 01:10:34,861 [grpc-default-executor-5] INFO  impl.RoleInfo (RoleInfo.java:updateAndGet(143)) - a10aa3ca-3ab2-4d87-9bc7-0d045ec2b4ce: start FollowerState
2019-10-17 01:10:34,861 [grpc-default-executor-6] INFO  impl.RaftServerImpl (RaftServerImpl.java:setRole(184)) - a10aa3ca-3ab2-4d87-9bc7-0d045ec2b4ce@group-BD7A3B63C209: changes role from  FOLLOWER to FOLLOWER at term 60 for recognizeCandidate:ee6ff355-4f2c-4ff1-aa68-7ca64f6b5439
2019-10-17 01:10:34,861 [Thread-1140] INFO  impl.FollowerState (FollowerState.java:run(117)) - a10aa3ca-3ab2-4d87-9bc7-0d045ec2b4ce@group-5DF6529D38A3-FollowerState was interrupted: java.lang.InterruptedException: sleep interrupted
2019-10-17 01:10:34,862 [grpc-default-executor-6] INFO  impl.RoleInfo (RoleInfo.java:shutdownFollowerState(121)) - a10aa3ca-3ab2-4d87-9bc7-0d045ec2b4ce: shutdown FollowerState
2019-10-17 01:10:34,862 [Thread-1156] INFO  impl.FollowerState (FollowerState.java:run(117)) - a10aa3ca-3ab2-4d87-9bc7-0d045ec2b4ce@group-BD7A3B63C209-FollowerState was interrupted: java.lang.InterruptedException: sleep interrupted
2019-10-17 01:10:34,862 [grpc-default-executor-6] INFO  impl.RoleInfo (RoleInfo.java:updateAndGet(143)) - a10aa3ca-3ab2-4d87-9bc7-0d045ec2b4ce: start FollowerState
2019-10-17 01:10:34,872 [e3697062-c193-48d1-b15e-d6b6b4dc6638@group-5DF6529D38A3-LeaderElection88] INFO  impl.LeaderElection (LeaderElection.java:logAndReturn(56)) - e3697062-c193-48d1-b15e-d6b6b4dc6638@group-5DF6529D38A3-LeaderElection88: Election TIMEOUT; received 0 response(s) [] and 0 exception(s); e3697062-c193-48d1-b15e-d6b6b4dc6638@group-5DF6529D38A3:t39, leader=null, voted=e3697062-c193-48d1-b15e-d6b6b4dc6638, raftlog=e3697062-c193-48d1-b15e-d6b6b4dc6638@group-5DF6529D38A3-SegmentedRaftLog:OPENED:c-1,f-1,i0, conf=-1: [ee6ff355-4f2c-4ff1-aa68-7ca64f6b5439:192.168.157.194:37608, e3697062-c193-48d1-b15e-d6b6b4dc6638:192.168.157.194:40986, a10aa3ca-3ab2-4d87-9bc7-0d045ec2b4ce:192.168.157.194:36577], old=null
2019-10-17 01:10:34,877 [ee6ff355-4f2c-4ff1-aa68-7ca64f6b5439@group-BD7A3B63C209-LeaderElection89] INFO  impl.LeaderElection (LeaderElection.java:logAndReturn(56)) - ee6ff355-4f2c-4ff1-aa68-7ca64f6b5439@group-BD7A3B63C209-LeaderElection89: Election REJECTED; received 2 response(s) [ee6ff355-4f2c-4ff1-aa68-7ca64f6b5439<-e3697062-c193-48d1-b15e-d6b6b4dc6638#0:FAIL-t60, ee6ff355-4f2c-4ff1-aa68-7ca64f6b5439<-a10aa3ca-3ab2-4d87-9bc7-0d045ec2b4ce#0:FAIL-t60] and 0 exception(s); ee6ff355-4f2c-4ff1-aa68-7ca64f6b5439@group-BD7A3B63C209:t60, leader=null, voted=ee6ff355-4f2c-4ff1-aa68-7ca64f6b5439, raftlog=ee6ff355-4f2c-4ff1-aa68-7ca64f6b5439@group-BD7A3B63C209-SegmentedRaftLog:OPENED:c3,f4,i4, conf=0: [ee6ff355-4f2c-4ff1-aa68-7ca64f6b5439:192.168.157.194:37608, e3697062-c193-48d1-b15e-d6b6b4dc6638:192.168.157.194:40986, a10aa3ca-3ab2-4d87-9bc7-0d045ec2b4ce:192.168.157.194:36577], old=null
2019-10-17 01:10:34,877 [ee6ff355-4f2c-4ff1-aa68-7ca64f6b5439@group-BD7A3B63C209-LeaderElection89] INFO  impl.RaftServerImpl (RaftServerImpl.java:setRole(184)) - ee6ff355-4f2c-4ff1-aa68-7ca64f6b5439@group-BD7A3B63C209: changes role from CANDIDATE to FOLLOWER at term 60 for DISCOVERED_A_NEW_TERM
2019-10-17 01:10:34,877 [ee6ff355-4f2c-4ff1-aa68-7ca64f6b5439@group-BD7A3B63C209-LeaderElection89] INFO  impl.RoleInfo (RoleInfo.java:shutdownLeaderElection(134)) - ee6ff355-4f2c-4ff1-aa68-7ca64f6b5439: shutdown LeaderElection
2019-10-17 01:10:34,877 [ee6ff355-4f2c-4ff1-aa68-7ca64f6b5439@group-BD7A3B63C209-LeaderElection89] INFO  impl.RoleInfo (RoleInfo.java:updateAndGet(143)) - ee6ff355-4f2c-4ff1-aa68-7ca64f6b5439: start FollowerState
2019-10-17 01:10:34,887 [e3697062-c193-48d1-b15e-d6b6b4dc6638@group-5DF6529D38A3-LeaderElection88] INFO  impl.LeaderElection (LeaderElection.java:askForVotes(178)) - e3697062-c193-48d1-b15e-d6b6b4dc6638@group-5DF6529D38A3-LeaderElection88: begin an election at term 40 for -1: [ee6ff355-4f2c-4ff1-aa68-7ca64f6b5439:192.168.157.194:37608, e3697062-c193-48d1-b15e-d6b6b4dc6638:192.168.157.194:40986, a10aa3ca-3ab2-4d87-9bc7-0d045ec2b4ce:192.168.157.194:36577], old=null
2019-10-17 01:10:34,889 [grpc-default-executor-6] INFO  impl.RaftServerImpl (RaftServerImpl.java:setRole(184)) - ee6ff355-4f2c-4ff1-aa68-7ca64f6b5439@group-5DF6529D38A3: changes role from  FOLLOWER to FOLLOWER at term 40 for recognizeCandidate:e3697062-c193-48d1-b15e-d6b6b4dc6638
2019-10-17 01:10:34,889 [grpc-default-executor-5] INFO  impl.RaftServerImpl (RaftServerImpl.java:setRole(184)) - a10aa3ca-3ab2-4d87-9bc7-0d045ec2b4ce@group-5DF6529D38A3: changes role from  FOLLOWER to FOLLOWER at term 40 for recognizeCandidate:e3697062-c193-48d1-b15e-d6b6b4dc6638
2019-10-17 01:10:34,889 [grpc-default-executor-6] INFO  impl.RoleInfo (RoleInfo.java:shutdownFollowerState(121)) - ee6ff355-4f2c-4ff1-aa68-7ca64f6b5439: shutdown FollowerState
2019-10-17 01:10:34,890 [grpc-default-executor-5] INFO  impl.RoleInfo (RoleInfo.java:shutdownFollowerState(121)) - a10aa3ca-3ab2-4d87-9bc7-0d045ec2b4ce: shutdown FollowerState
2019-10-17 01:10:34,890 [grpc-default-executor-6] INFO  impl.RoleInfo (RoleInfo.java:updateAndGet(143)) - ee6ff355-4f2c-4ff1-aa68-7ca64f6b5439: start FollowerState
2019-10-17 01:10:34,890 [Thread-1165] INFO  impl.FollowerState (FollowerState.java:run(117)) - ee6ff355-4f2c-4ff1-aa68-7ca64f6b5439@group-5DF6529D38A3-FollowerState was interrupted: java.lang.InterruptedException: sleep interrupted
2019-10-17 01:10:34,890 [Thread-1166] INFO  impl.FollowerState (FollowerState.java:run(117)) - a10aa3ca-3ab2-4d87-9bc7-0d045ec2b4ce@group-5DF6529D38A3-FollowerState was interrupted: java.lang.InterruptedException: sleep interrupted
2019-10-17 01:10:34,890 [grpc-default-executor-5] INFO  impl.RoleInfo (RoleInfo.java:updateAndGet(143)) - a10aa3ca-3ab2-4d87-9bc7-0d045ec2b4ce: start FollowerState
2019-10-17 01:10:34,907 [e3697062-c193-48d1-b15e-d6b6b4dc6638@group-5DF6529D38A3-LeaderElection88] INFO  impl.LeaderElection (LeaderElection.java:logAndReturn(56)) - e3697062-c193-48d1-b15e-d6b6b4dc6638@group-5DF6529D38A3-LeaderElection88: Election REJECTED; received 2 response(s) [e3697062-c193-48d1-b15e-d6b6b4dc6638<-ee6ff355-4f2c-4ff1-aa68-7ca64f6b5439#0:FAIL-t40, e3697062-c193-48d1-b15e-d6b6b4dc6638<-a10aa3ca-3ab2-4d87-9bc7-0d045ec2b4ce#0:FAIL-t40] and 0 exception(s); e3697062-c193-48d1-b15e-d6b6b4dc6638@group-5DF6529D38A3:t40, leader=null, voted=e3697062-c193-48d1-b15e-d6b6b4dc6638, raftlog=e3697062-c193-48d1-b15e-d6b6b4dc6638@group-5DF6529D38A3-SegmentedRaftLog:OPENED:c-1,f-1,i0, conf=-1: [ee6ff355-4f2c-4ff1-aa68-7ca64f6b5439:192.168.157.194:37608, e3697062-c193-48d1-b15e-d6b6b4dc6638:192.168.157.194:40986, a10aa3ca-3ab2-4d87-9bc7-0d045ec2b4ce:192.168.157.194:36577], old=null
2019-10-17 01:10:34,907 [e3697062-c193-48d1-b15e-d6b6b4dc6638@group-5DF6529D38A3-LeaderElection88] INFO  impl.RaftServerImpl (RaftServerImpl.java:setRole(184)) - e3697062-c193-48d1-b15e-d6b6b4dc6638@group-5DF6529D38A3: changes role from CANDIDATE to FOLLOWER at term 40 for DISCOVERED_A_NEW_TERM
2019-10-17 01:10:34,908 [e3697062-c193-48d1-b15e-d6b6b4dc6638@group-5DF6529D38A3-LeaderElection88] INFO  impl.RoleInfo (RoleInfo.java:shutdownLeaderElection(134)) - e3697062-c193-48d1-b15e-d6b6b4dc6638: shutdown LeaderElection
2019-10-17 01:10:34,908 [e3697062-c193-48d1-b15e-d6b6b4dc6638@group-5DF6529D38A3-LeaderElection88] INFO  impl.RoleInfo (RoleInfo.java:updateAndGet(143)) - e3697062-c193-48d1-b15e-d6b6b4dc6638: start FollowerState
2019-10-17 01:10:34,908 [Thread-1173] INFO  impl.FollowerState (FollowerState.java:run(108)) - e3697062-c193-48d1-b15e-d6b6b4dc6638@group-5DF6529D38A3-FollowerState: change to CANDIDATE, lastRpcTime:0ms, electionTimeout:0ms
2019-10-17 01:10:34,908 [Thread-1173] INFO  impl.RoleInfo (RoleInfo.java:shutdownFollowerState(121)) - e3697062-c193-48d1-b15e-d6b6b4dc6638: shutdown FollowerState
2019-10-17 01:10:34,908 [Thread-1173] INFO  impl.RaftServerImpl (RaftServerImpl.java:setRole(184)) - e3697062-c193-48d1-b15e-d6b6b4dc6638@group-5DF6529D38A3: changes role from  FOLLOWER to CANDIDATE at term 40 for changeToCandidate
2019-10-17 01:10:34,908 [Thread-1173] INFO  impl.RoleInfo (RoleInfo.java:updateAndGet(143)) - e3697062-c193-48d1-b15e-d6b6b4dc6638: start LeaderElection
2019-10-17 01:10:34,921 [e3697062-c193-48d1-b15e-d6b6b4dc6638@group-5DF6529D38A3-LeaderElection90] INFO  impl.LeaderElection (LeaderElection.java:askForVotes(178)) - e3697062-c193-48d1-b15e-d6b6b4dc6638@group-5DF6529D38A3-LeaderElection90: begin an election at term 41 for -1: [ee6ff355-4f2c-4ff1-aa68-7ca64f6b5439:192.168.157.194:37608, e3697062-c193-48d1-b15e-d6b6b4dc6638:192.168.157.194:40986, a10aa3ca-3ab2-4d87-9bc7-0d045ec2b4ce:192.168.157.194:36577], old=null
2019-10-17 01:10:34,923 [grpc-default-executor-6] INFO  impl.RaftServerImpl (RaftServerImpl.java:setRole(184)) - ee6ff355-4f2c-4ff1-aa68-7ca64f6b5439@group-5DF6529D38A3: changes role from  FOLLOWER to FOLLOWER at term 41 for recognizeCandidate:e3697062-c193-48d1-b15e-d6b6b4dc6638
2019-10-17 01:10:34,923 [grpc-default-executor-6] INFO  impl.RoleInfo (RoleInfo.java:shutdownFollowerState(121)) - ee6ff355-4f2c-4ff1-aa68-7ca64f6b5439: shutdown FollowerState
2019-10-17 01:10:34,923 [grpc-default-executor-6] INFO  impl.RoleInfo (RoleInfo.java:updateAndGet(143)) - ee6ff355-4f2c-4ff1-aa68-7ca64f6b5439: start FollowerState
2019-10-17 01:10:34,923 [Thread-1171] INFO  impl.FollowerState (FollowerState.java:run(117)) - ee6ff355-4f2c-4ff1-aa68-7ca64f6b5439@group-5DF6529D38A3-FollowerState was interrupted: java.lang.InterruptedException: sleep interrupted
2019-10-17 01:10:34,923 [grpc-default-executor-5] INFO  impl.RaftServerImpl (RaftServerImpl.java:setRole(184)) - a10aa3ca-3ab2-4d87-9bc7-0d045ec2b4ce@group-5DF6529D38A3: changes role from  FOLLOWER to FOLLOWER at term 41 for recognizeCandidate:e3697062-c193-48d1-b15e-d6b6b4dc6638
2019-10-17 01:10:34,924 [grpc-default-executor-5] INFO  impl.RoleInfo (RoleInfo.java:shutdownFollowerState(121)) - a10aa3ca-3ab2-4d87-9bc7-0d045ec2b4ce: shutdown FollowerState
2019-10-17 01:10:34,924 [grpc-default-executor-5] INFO  impl.RoleInfo (RoleInfo.java:updateAndGet(143)) - a10aa3ca-3ab2-4d87-9bc7-0d045ec2b4ce: start FollowerState
2019-10-17 01:10:34,924 [Thread-1172] INFO  impl.FollowerState (FollowerState.java:run(117)) - a10aa3ca-3ab2-4d87-9bc7-0d045ec2b4ce@group-5DF6529D38A3-FollowerState was interrupted: java.lang.InterruptedException: sleep interrupted
2019-10-17 01:10:34,955 [e3697062-c193-48d1-b15e-d6b6b4dc6638@group-5DF6529D38A3-LeaderElection90] INFO  impl.LeaderElection (LeaderElection.java:logAndReturn(56)) - e3697062-c193-48d1-b15e-d6b6b4dc6638@group-5DF6529D38A3-LeaderElection90: Election REJECTED; received 2 response(s) [e3697062-c193-48d1-b15e-d6b6b4dc6638<-ee6ff355-4f2c-4ff1-aa68-7ca64f6b5439#0:FAIL-t41, e3697062-c193-48d1-b15e-d6b6b4dc6638<-a10aa3ca-3ab2-4d87-9bc7-0d045ec2b4ce#0:FAIL-t41] and 0 exception(s); e3697062-c193-48d1-b15e-d6b6b4dc6638@group-5DF6529D38A3:t41, leader=null, voted=e3697062-c193-48d1-b15e-d6b6b4dc6638, raftlog=e3697062-c193-48d1-b15e-d6b6b4dc6638@group-5DF6529D38A3-SegmentedRaftLog:OPENED:c-1,f-1,i0, conf=-1: [ee6ff355-4f2c-4ff1-aa68-7ca64f6b5439:192.168.157.194:37608, e3697062-c193-48d1-b15e-d6b6b4dc6638:192.168.157.194:40986, a10aa3ca-3ab2-4d87-9bc7-0d045ec2b4ce:192.168.157.194:36577], old=null
2019-10-17 01:10:34,955 [e3697062-c193-48d1-b15e-d6b6b4dc6638@group-5DF6529D38A3-LeaderElection90] INFO  impl.RaftServerImpl (RaftServerImpl.java:setRole(184)) - e3697062-c193-48d1-b15e-d6b6b4dc6638@group-5DF6529D38A3: changes role from CANDIDATE to FOLLOWER at term 41 for DISCOVERED_A_NEW_TERM
2019-10-17 01:10:34,955 [e3697062-c193-48d1-b15e-d6b6b4dc6638@group-5DF6529D38A3-LeaderElection90] INFO  impl.RoleInfo (RoleInfo.java:shutdownLeaderElection(134)) - e3697062-c193-48d1-b15e-d6b6b4dc6638: shutdown LeaderElection
2019-10-17 01:10:34,955 [e3697062-c193-48d1-b15e-d6b6b4dc6638@group-5DF6529D38A3-LeaderElection90] INFO  impl.RoleInfo (RoleInfo.java:updateAndGet(143)) - e3697062-c193-48d1-b15e-d6b6b4dc6638: start FollowerState
2019-10-17 01:10:35,033 [Thread-1179] INFO  impl.FollowerState (FollowerState.java:run(108)) - e3697062-c193-48d1-b15e-d6b6b4dc6638@group-5DF6529D38A3-FollowerState: change to CANDIDATE, lastRpcTime:77ms, electionTimeout:77ms
2019-10-17 01:10:35,033 [Thread-1179] INFO  impl.RoleInfo (RoleInfo.java:shutdownFollowerState(121)) - e3697062-c193-48d1-b15e-d6b6b4dc6638: shutdown FollowerState
2019-10-17 01:10:35,033 [Thread-1179] INFO  impl.RaftServerImpl (RaftServerImpl.java:setRole(184)) - e3697062-c193-48d1-b15e-d6b6b4dc6638@group-5DF6529D38A3: changes role from  FOLLOWER to CANDIDATE at term 41 for changeToCandidate
2019-10-17 01:10:35,033 [Thread-1179] INFO  impl.RoleInfo (RoleInfo.java:updateAndGet(143)) - e3697062-c193-48d1-b15e-d6b6b4dc6638: start LeaderElection
2019-10-17 01:10:35,048 [e3697062-c193-48d1-b15e-d6b6b4dc6638@group-5DF6529D38A3-LeaderElection91] INFO  impl.LeaderElection (LeaderElection.java:askForVotes(178)) - e3697062-c193-48d1-b15e-d6b6b4dc6638@group-5DF6529D38A3-LeaderElection91: begin an election at term 42 for -1: [ee6ff355-4f2c-4ff1-aa68-7ca64f6b5439:192.168.157.194:37608, e3697062-c193-48d1-b15e-d6b6b4dc6638:192.168.157.194:40986, a10aa3ca-3ab2-4d87-9bc7-0d045ec2b4ce:192.168.157.194:36577], old=null
2019-10-17 01:10:35,050 [grpc-default-executor-5] INFO  impl.RaftServerImpl (RaftServerImpl.java:setRole(184)) - ee6ff355-4f2c-4ff1-aa68-7ca64f6b5439@group-5DF6529D38A3: changes role from  FOLLOWER to FOLLOWER at term 42 for recognizeCandidate:e3697062-c193-48d1-b15e-d6b6b4dc6638
2019-10-17 01:10:35,050 [grpc-default-executor-6] INFO  impl.RaftServerImpl (RaftServerImpl.java:setRole(184)) - a10aa3ca-3ab2-4d87-9bc7-0d045ec2b4ce@group-5DF6529D38A3: changes role from  FOLLOWER to FOLLOWER at term 42 for recognizeCandidate:e3697062-c193-48d1-b15e-d6b6b4dc6638
2019-10-17 01:10:35,050 [grpc-default-executor-5] INFO  impl.RoleInfo (RoleInfo.java:shutdownFollowerState(121)) - ee6ff355-4f2c-4ff1-aa68-7ca64f6b5439: shutdown FollowerState
2019-10-17 01:10:35,050 [grpc-default-executor-6] INFO  impl.RoleInfo (RoleInfo.java:shutdownFollowerState(121)) - a10aa3ca-3ab2-4d87-9bc7-0d045ec2b4ce: shutdown FollowerState
2019-10-17 01:10:35,051 [Thread-1177] INFO  impl.FollowerState (FollowerState.java:run(117)) - ee6ff355-4f2c-4ff1-aa68-7ca64f6b5439@group-5DF6529D38A3-FollowerState was interrupted: java.lang.InterruptedException: sleep interrupted
2019-10-17 01:10:35,051 [grpc-default-executor-5] INFO  impl.RoleInfo (RoleInfo.java:updateAndGet(143)) - ee6ff355-4f2c-4ff1-aa68-7ca64f6b5439: start FollowerState
2019-10-17 01:10:35,051 [Thread-1178] INFO  impl.FollowerState (FollowerState.java:run(117)) - a10aa3ca-3ab2-4d87-9bc7-0d045ec2b4ce@group-5DF6529D38A3-FollowerState was interrupted: java.lang.InterruptedException: sleep interrupted
2019-10-17 01:10:35,051 [grpc-default-executor-6] INFO  impl.RoleInfo (RoleInfo.java:updateAndGet(143)) - a10aa3ca-3ab2-4d87-9bc7-0d045ec2b4ce: start FollowerState
2019-10-17 01:10:35,065 [Thread-1168] INFO  impl.FollowerState (FollowerState.java:run(108)) - ee6ff355-4f2c-4ff1-aa68-7ca64f6b5439@group-BD7A3B63C209-FollowerState: change to CANDIDATE, lastRpcTime:188ms, electionTimeout:188ms
2019-10-17 01:10:35,066 [Thread-1168] INFO  impl.RoleInfo (RoleInfo.java:shutdownFollowerState(121)) - ee6ff355-4f2c-4ff1-aa68-7ca64f6b5439: shutdown FollowerState
2019-10-17 01:10:35,066 [Thread-1168] INFO  impl.RaftServerImpl (RaftServerImpl.java:setRole(184)) - ee6ff355-4f2c-4ff1-aa68-7ca64f6b5439@group-BD7A3B63C209: changes role from  FOLLOWER to CANDIDATE at term 60 for changeToCandidate
2019-10-17 01:10:35,066 [Thread-1168] INFO  impl.RoleInfo (RoleInfo.java:updateAndGet(143)) - ee6ff355-4f2c-4ff1-aa68-7ca64f6b5439: start LeaderElection
2019-10-17 01:10:35,066 [e3697062-c193-48d1-b15e-d6b6b4dc6638@group-5DF6529D38A3-LeaderElection91] INFO  impl.LeaderElection (LeaderElection.java:logAndReturn(56)) - e3697062-c193-48d1-b15e-d6b6b4dc6638@group-5DF6529D38A3-LeaderElection91: Election REJECTED; received 2 response(s) [e3697062-c193-48d1-b15e-d6b6b4dc6638<-ee6ff355-4f2c-4ff1-aa68-7ca64f6b5439#0:FAIL-t42, e3697062-c193-48d1-b15e-d6b6b4dc6638<-a10aa3ca-3ab2-4d87-9bc7-0d045ec2b4ce#0:FAIL-t42] and 0 exception(s); e3697062-c193-48d1-b15e-d6b6b4dc6638@group-5DF6529D38A3:t42, leader=null, voted=e3697062-c193-48d1-b15e-d6b6b4dc6638, raftlog=e3697062-c193-48d1-b15e-d6b6b4dc6638@group-5DF6529D38A3-SegmentedRaftLog:OPENED:c-1,f-1,i0, conf=-1: [ee6ff355-4f2c-4ff1-aa68-7ca64f6b5439:192.168.157.194:37608, e3697062-c193-48d1-b15e-d6b6b4dc6638:192.168.157.194:40986, a10aa3ca-3ab2-4d87-9bc7-0d045ec2b4ce:192.168.157.194:36577], old=null
2019-10-17 01:10:35,066 [e3697062-c193-48d1-b15e-d6b6b4dc6638@group-5DF6529D38A3-LeaderElection91] INFO  impl.RaftServerImpl (RaftServerImpl.java:setRole(184)) - e3697062-c193-48d1-b15e-d6b6b4dc6638@group-5DF6529D38A3: changes role from CANDIDATE to FOLLOWER at term 42 for DISCOVERED_A_NEW_TERM
2019-10-17 01:10:35,066 [e3697062-c193-48d1-b15e-d6b6b4dc6638@group-5DF6529D38A3-LeaderElection91] INFO  impl.RoleInfo (RoleInfo.java:shutdownLeaderElection(134)) - e3697062-c193-48d1-b15e-d6b6b4dc6638: shutdown LeaderElection
2019-10-17 01:10:35,066 [e3697062-c193-48d1-b15e-d6b6b4dc6638@group-5DF6529D38A3-LeaderElection91] INFO  impl.RoleInfo (RoleInfo.java:updateAndGet(143)) - e3697062-c193-48d1-b15e-d6b6b4dc6638: start FollowerState
2019-10-17 01:10:35,081 [ee6ff355-4f2c-4ff1-aa68-7ca64f6b5439@group-BD7A3B63C209-LeaderElection92] INFO  impl.LeaderElection (LeaderElection.java:askForVotes(178)) - ee6ff355-4f2c-4ff1-aa68-7ca64f6b5439@group-BD7A3B63C209-LeaderElection92: begin an election at term 61 for 0: [ee6ff355-4f2c-4ff1-aa68-7ca64f6b5439:192.168.157.194:37608, e3697062-c193-48d1-b15e-d6b6b4dc6638:192.168.157.194:40986, a10aa3ca-3ab2-4d87-9bc7-0d045ec2b4ce:192.168.157.194:36577], old=null
2019-10-17 01:10:35,084 [grpc-default-executor-5] INFO  impl.RaftServerImpl (RaftServerImpl.java:setRole(184)) - a10aa3ca-3ab2-4d87-9bc7-0d045ec2b4ce@group-BD7A3B63C209: changes role from  FOLLOWER to FOLLOWER at term 61 for recognizeCandidate:ee6ff355-4f2c-4ff1-aa68-7ca64f6b5439
2019-10-17 01:10:35,084 [grpc-default-executor-5] INFO  impl.RoleInfo (RoleInfo.java:shutdownFollowerState(121)) - a10aa3ca-3ab2-4d87-9bc7-0d045ec2b4ce: shutdown FollowerState
2019-10-17 01:10:35,084 [grpc-default-executor-6] INFO  impl.RaftServerImpl (RaftServerImpl.java:setRole(184)) - e3697062-c193-48d1-b15e-d6b6b4dc6638@group-BD7A3B63C209: changes role from  FOLLOWER to FOLLOWER at term 61 for recognizeCandidate:ee6ff355-4f2c-4ff1-aa68-7ca64f6b5439
2019-10-17 01:10:35,085 [Thread-1167] INFO  impl.FollowerState (FollowerState.java:run(117)) - a10aa3ca-3ab2-4d87-9bc7-0d045ec2b4ce@group-BD7A3B63C209-FollowerState was interrupted: java.lang.InterruptedException: sleep interrupted
2019-10-17 01:10:35,085 [grpc-default-executor-5] INFO  impl.RoleInfo (RoleInfo.java:updateAndGet(143)) - a10aa3ca-3ab2-4d87-9bc7-0d045ec2b4ce: start FollowerState
2019-10-17 01:10:35,085 [grpc-default-executor-6] INFO  impl.RoleInfo (RoleInfo.java:shutdownFollowerState(121)) - e3697062-c193-48d1-b15e-d6b6b4dc6638: shutdown FollowerState
2019-10-17 01:10:35,085 [grpc-default-executor-6] INFO  impl.RoleInfo (RoleInfo.java:updateAndGet(143)) - e3697062-c193-48d1-b15e-d6b6b4dc6638: start FollowerState
2019-10-17 01:10:35,085 [Thread-1164] INFO  impl.FollowerState (FollowerState.java:run(117)) - e3697062-c193-48d1-b15e-d6b6b4dc6638@group-BD7A3B63C209-FollowerState was interrupted: java.lang.InterruptedException: sleep interrupted
2019-10-17 01:10:35,112 [ee6ff355-4f2c-4ff1-aa68-7ca64f6b5439@group-BD7A3B63C209-LeaderElection92] INFO  impl.LeaderElection (LeaderElection.java:logAndReturn(56)) - ee6ff355-4f2c-4ff1-aa68-7ca64f6b5439@group-BD7A3B63C209-LeaderElection92: Election REJECTED; received 2 response(s) [ee6ff355-4f2c-4ff1-aa68-7ca64f6b5439<-e3697062-c193-48d1-b15e-d6b6b4dc6638#0:FAIL-t61, ee6ff355-4f2c-4ff1-aa68-7ca64f6b5439<-a10aa3ca-3ab2-4d87-9bc7-0d045ec2b4ce#0:FAIL-t61] and 0 exception(s); ee6ff355-4f2c-4ff1-aa68-7ca64f6b5439@group-BD7A3B63C209:t61, leader=null, voted=ee6ff355-4f2c-4ff1-aa68-7ca64f6b5439, raftlog=ee6ff355-4f2c-4ff1-aa68-7ca64f6b5439@group-BD7A3B63C209-SegmentedRaftLog:OPENED:c3,f4,i4, conf=0: [ee6ff355-4f2c-4ff1-aa68-7ca64f6b5439:192.168.157.194:37608, e3697062-c193-48d1-b15e-d6b6b4dc6638:192.168.157.194:40986, a10aa3ca-3ab2-4d87-9bc7-0d045ec2b4ce:192.168.157.194:36577], old=null
2019-10-17 01:10:35,112 [ee6ff355-4f2c-4ff1-aa68-7ca64f6b5439@group-BD7A3B63C209-LeaderElection92] INFO  impl.RaftServerImpl (RaftServerImpl.java:setRole(184)) - ee6ff355-4f2c-4ff1-aa68-7ca64f6b5439@group-BD7A3B63C209: changes role from CANDIDATE to FOLLOWER at term 61 for DISCOVERED_A_NEW_TERM
2019-10-17 01:10:35,112 [ee6ff355-4f2c-4ff1-aa68-7ca64f6b5439@group-BD7A3B63C209-LeaderElection92] INFO  impl.RoleInfo (RoleInfo.java:shutdownLeaderElection(134)) - ee6ff355-4f2c-4ff1-aa68-7ca64f6b5439: shutdown LeaderElection
2019-10-17 01:10:35,112 [ee6ff355-4f2c-4ff1-aa68-7ca64f6b5439@group-BD7A3B63C209-LeaderElection92] INFO  impl.RoleInfo (RoleInfo.java:updateAndGet(143)) - ee6ff355-4f2c-4ff1-aa68-7ca64f6b5439: start FollowerState
2019-10-17 01:10:35,195 [Thread-1186] INFO  impl.FollowerState (FollowerState.java:run(108)) - e3697062-c193-48d1-b15e-d6b6b4dc6638@group-5DF6529D38A3-FollowerState: change to CANDIDATE, lastRpcTime:128ms, electionTimeout:128ms
2019-10-17 01:10:35,195 [Thread-1186] INFO  impl.RoleInfo (RoleInfo.java:shutdownFollowerState(121)) - e3697062-c193-48d1-b15e-d6b6b4dc6638: shutdown FollowerState
2019-10-17 01:10:35,195 [Thread-1186] INFO  impl.RaftServerImpl (RaftServerImpl.java:setRole(184)) - e3697062-c193-48d1-b15e-d6b6b4dc6638@group-5DF6529D38A3: changes role from  FOLLOWER to CANDIDATE at term 42 for changeToCandidate
2019-10-17 01:10:35,195 [Thread-1186] INFO  impl.RoleInfo (RoleInfo.java:updateAndGet(143)) - e3697062-c193-48d1-b15e-d6b6b4dc6638: start LeaderElection
2019-10-17 01:10:35,227 [e3697062-c193-48d1-b15e-d6b6b4dc6638@group-5DF6529D38A3-LeaderElection93] INFO  impl.LeaderElection (LeaderElection.java:askForVotes(178)) - e3697062-c193-48d1-b15e-d6b6b4dc6638@group-5DF6529D38A3-LeaderElection93: begin an election at term 43 for -1: [ee6ff355-4f2c-4ff1-aa68-7ca64f6b5439:192.168.157.194:37608, e3697062-c193-48d1-b15e-d6b6b4dc6638:192.168.157.194:40986, a10aa3ca-3ab2-4d87-9bc7-0d045ec2b4ce:192.168.157.194:36577], old=null
2019-10-17 01:10:35,230 [grpc-default-executor-5] INFO  impl.RaftServerImpl (RaftServerImpl.java:setRole(184)) - ee6ff355-4f2c-4ff1-aa68-7ca64f6b5439@group-5DF6529D38A3: changes role from  FOLLOWER to FOLLOWER at term 43 for recognizeCandidate:e3697062-c193-48d1-b15e-d6b6b4dc6638
2019-10-17 01:10:35,230 [grpc-default-executor-6] INFO  impl.RaftServerImpl (RaftServerImpl.java:setRole(184)) - a10aa3ca-3ab2-4d87-9bc7-0d045ec2b4ce@group-5DF6529D38A3: changes role from  FOLLOWER to FOLLOWER at term 43 for recognizeCandidate:e3697062-c193-48d1-b15e-d6b6b4dc6638
2019-10-17 01:10:35,230 [grpc-default-executor-5] INFO  impl.RoleInfo (RoleInfo.java:shutdownFollowerState(121)) - ee6ff355-4f2c-4ff1-aa68-7ca64f6b5439: shutdown FollowerState
2019-10-17 01:10:35,230 [grpc-default-executor-6] INFO  impl.RoleInfo (RoleInfo.java:shutdownFollowerState(121)) - a10aa3ca-3ab2-4d87-9bc7-0d045ec2b4ce: shutdown FollowerState
2019-10-17 01:10:35,231 [Thread-1183] INFO  impl.FollowerState (FollowerState.java:run(117)) - ee6ff355-4f2c-4ff1-aa68-7ca64f6b5439@group-5DF6529D38A3-FollowerState was interrupted: java.lang.InterruptedException: sleep interrupted
2019-10-17 01:10:35,231 [grpc-default-executor-5] INFO  impl.RoleInfo (RoleInfo.java:updateAndGet(143)) - ee6ff355-4f2c-4ff1-aa68-7ca64f6b5439: start FollowerState
2019-10-17 01:10:35,231 [Thread-1184] INFO  impl.FollowerState (FollowerState.java:run(117)) - a10aa3ca-3ab2-4d87-9bc7-0d045ec2b4ce@group-5DF6529D38A3-FollowerState was interrupted: java.lang.InterruptedException: sleep interrupted
2019-10-17 01:10:35,231 [grpc-default-executor-6] INFO  impl.RoleInfo (RoleInfo.java:updateAndGet(143)) - a10aa3ca-3ab2-4d87-9bc7-0d045ec2b4ce: start FollowerState
2019-10-17 01:10:35,247 [Thread-1191] INFO  impl.FollowerState (FollowerState.java:run(108)) - ee6ff355-4f2c-4ff1-aa68-7ca64f6b5439@group-BD7A3B63C209-FollowerState: change to CANDIDATE, lastRpcTime:135ms, electionTimeout:135ms
2019-10-17 01:10:35,248 [Thread-1191] INFO  impl.RoleInfo (RoleInfo.java:shutdownFollowerState(121)) - ee6ff355-4f2c-4ff1-aa68-7ca64f6b5439: shutdown FollowerState
2019-10-17 01:10:35,248 [Thread-1191] INFO  impl.RaftServerImpl (RaftServerImpl.java:setRole(184)) - ee6ff355-4f2c-4ff1-aa68-7ca64f6b5439@group-BD7A3B63C209: changes role from  FOLLOWER to CANDIDATE at term 61 for changeToCandidate
2019-10-17 01:10:35,248 [Thread-1191] INFO  impl.RoleInfo (RoleInfo.java:updateAndGet(143)) - ee6ff355-4f2c-4ff1-aa68-7ca64f6b5439: start LeaderElection
2019-10-17 01:10:35,249 [e3697062-c193-48d1-b15e-d6b6b4dc6638@group-5DF6529D38A3-LeaderElection93] INFO  impl.LeaderElection (LeaderElection.java:logAndReturn(56)) - e3697062-c193-48d1-b15e-d6b6b4dc6638@group-5DF6529D38A3-LeaderElection93: Election REJECTED; received 2 response(s) [e3697062-c193-48d1-b15e-d6b6b4dc6638<-ee6ff355-4f2c-4ff1-aa68-7ca64f6b5439#0:FAIL-t43, e3697062-c193-48d1-b15e-d6b6b4dc6638<-a10aa3ca-3ab2-4d87-9bc7-0d045ec2b4ce#0:FAIL-t43] and 0 exception(s); e3697062-c193-48d1-b15e-d6b6b4dc6638@group-5DF6529D38A3:t43, leader=null, voted=e3697062-c193-48d1-b15e-d6b6b4dc6638, raftlog=e3697062-c193-48d1-b15e-d6b6b4dc6638@group-5DF6529D38A3-SegmentedRaftLog:OPENED:c-1,f-1,i0, conf=-1: [ee6ff355-4f2c-4ff1-aa68-7ca64f6b5439:192.168.157.194:37608, e3697062-c193-48d1-b15e-d6b6b4dc6638:192.168.157.194:40986, a10aa3ca-3ab2-4d87-9bc7-0d045ec2b4ce:192.168.157.194:36577], old=null
2019-10-17 01:10:35,249 [e3697062-c193-48d1-b15e-d6b6b4dc6638@group-5DF6529D38A3-LeaderElection93] INFO  impl.RaftServerImpl (RaftServerImpl.java:setRole(184)) - e3697062-c193-48d1-b15e-d6b6b4dc6638@group-5DF6529D38A3: changes role from CANDIDATE to FOLLOWER at term 43 for DISCOVERED_A_NEW_TERM
2019-10-17 01:10:35,249 [e3697062-c193-48d1-b15e-d6b6b4dc6638@group-5DF6529D38A3-LeaderElection93] INFO  impl.RoleInfo (RoleInfo.java:shutdownLeaderElection(134)) - e3697062-c193-48d1-b15e-d6b6b4dc6638: shutdown LeaderElection
2019-10-17 01:10:35,250 [e3697062-c193-48d1-b15e-d6b6b4dc6638@group-5DF6529D38A3-LeaderElection93] INFO  impl.RoleInfo (RoleInfo.java:updateAndGet(143)) - e3697062-c193-48d1-b15e-d6b6b4dc6638: start FollowerState
2019-10-17 01:10:35,275 [ee6ff355-4f2c-4ff1-aa68-7ca64f6b5439@group-BD7A3B63C209-LeaderElection94] INFO  impl.LeaderElection (LeaderElection.java:askForVotes(178)) - ee6ff355-4f2c-4ff1-aa68-7ca64f6b5439@group-BD7A3B63C209-LeaderElection94: begin an election at term 62 for 0: [ee6ff355-4f2c-4ff1-aa68-7ca64f6b5439:192.168.157.194:37608, e3697062-c193-48d1-b15e-d6b6b4dc6638:192.168.157.194:40986, a10aa3ca-3ab2-4d87-9bc7-0d045ec2b4ce:192.168.157.194:36577], old=null
2019-10-17 01:10:35,277 [grpc-default-executor-6] INFO  impl.RaftServerImpl (RaftServerImpl.java:setRole(184)) - e3697062-c193-48d1-b15e-d6b6b4dc6638@group-BD7A3B63C209: changes role from  FOLLOWER to FOLLOWER at term 62 for recognizeCandidate:ee6ff355-4f2c-4ff1-aa68-7ca64f6b5439
2019-10-17 01:10:35,277 [grpc-default-executor-5] INFO  impl.RaftServerImpl (RaftServerImpl.java:setRole(184)) - a10aa3ca-3ab2-4d87-9bc7-0d045ec2b4ce@group-BD7A3B63C209: changes role from  FOLLOWER to FOLLOWER at term 62 for recognizeCandidate:ee6ff355-4f2c-4ff1-aa68-7ca64f6b5439
2019-10-17 01:10:35,277 [grpc-default-executor-6] INFO  impl.RoleInfo (RoleInfo.java:shutdownFollowerState(121)) - e3697062-c193-48d1-b15e-d6b6b4dc6638: shutdown FollowerState
2019-10-17 01:10:35,278 [grpc-default-executor-5] INFO  impl.RoleInfo (RoleInfo.java:shutdownFollowerState(121)) - a10aa3ca-3ab2-4d87-9bc7-0d045ec2b4ce: shutdown FollowerState
2019-10-17 01:10:35,278 [Thread-1190] INFO  impl.FollowerState (FollowerState.java:run(117)) - e3697062-c193-48d1-b15e-d6b6b4dc6638@group-BD7A3B63C209-FollowerState was interrupted: java.lang.InterruptedException: sleep interrupted
2019-10-17 01:10:35,278 [grpc-default-executor-5] INFO  impl.RoleInfo (RoleInfo.java:updateAndGet(143)) - a10aa3ca-3ab2-4d87-9bc7-0d045ec2b4ce: start FollowerState
2019-10-17 01:10:35,278 [grpc-default-executor-6] INFO  impl.RoleInfo (RoleInfo.java:updateAndGet(143)) - e3697062-c193-48d1-b15e-d6b6b4dc6638: start FollowerState
2019-10-17 01:10:35,278 [Thread-1189] INFO  impl.FollowerState (FollowerState.java:run(117)) - a10aa3ca-3ab2-4d87-9bc7-0d045ec2b4ce@group-BD7A3B63C209-FollowerState was interrupted: java.lang.InterruptedException: sleep interrupted
2019-10-17 01:10:35,293 [ee6ff355-4f2c-4ff1-aa68-7ca64f6b5439@group-BD7A3B63C209-LeaderElection94] INFO  impl.LeaderElection (LeaderElection.java:logAndReturn(56)) - ee6ff355-4f2c-4ff1-aa68-7ca64f6b5439@group-BD7A3B63C209-LeaderElection94: Election REJECTED; received 2 response(s) [ee6ff355-4f2c-4ff1-aa68-7ca64f6b5439<-e3697062-c193-48d1-b15e-d6b6b4dc6638#0:FAIL-t62, ee6ff355-4f2c-4ff1-aa68-7ca64f6b5439<-a10aa3ca-3ab2-4d87-9bc7-0d045ec2b4ce#0:FAIL-t62] and 0 exception(s); ee6ff355-4f2c-4ff1-aa68-7ca64f6b5439@group-BD7A3B63C209:t62, leader=null, voted=ee6ff355-4f2c-4ff1-aa68-7ca64f6b5439, raftlog=ee6ff355-4f2c-4ff1-aa68-7ca64f6b5439@group-BD7A3B63C209-SegmentedRaftLog:OPENED:c3,f4,i4, conf=0: [ee6ff355-4f2c-4ff1-aa68-7ca64f6b5439:192.168.157.194:37608, e3697062-c193-48d1-b15e-d6b6b4dc6638:192.168.157.194:40986, a10aa3ca-3ab2-4d87-9bc7-0d045ec2b4ce:192.168.157.194:36577], old=null
2019-10-17 01:10:35,293 [ee6ff355-4f2c-4ff1-aa68-7ca64f6b5439@group-BD7A3B63C209-LeaderElection94] INFO  impl.RaftServerImpl (RaftServerImpl.java:setRole(184)) - ee6ff355-4f2c-4ff1-aa68-7ca64f6b5439@group-BD7A3B63C209: changes role from CANDIDATE to FOLLOWER at term 62 for DISCOVERED_A_NEW_TERM
2019-10-17 01:10:35,293 [ee6ff355-4f2c-4ff1-aa68-7ca64f6b5439@group-BD7A3B63C209-LeaderElection94] INFO  impl.RoleInfo (RoleInfo.java:shutdownLeaderElection(134)) - ee6ff355-4f2c-4ff1-aa68-7ca64f6b5439: shutdown LeaderElection
2019-10-17 01:10:35,294 [ee6ff355-4f2c-4ff1-aa68-7ca64f6b5439@group-BD7A3B63C209-LeaderElection94] INFO  impl.RoleInfo (RoleInfo.java:updateAndGet(143)) - ee6ff355-4f2c-4ff1-aa68-7ca64f6b5439: start FollowerState
2019-10-17 01:10:35,302 [BlockDeletingService#2] WARN  background.BlockDeletingService (BlockDeletingService.java:isDeletionAllowed(187)) - Close Container log Index 6 is not replicated across allthe servers in the pipeline 968e2a2f-54bd-4eee-95a8-bd7a3b63c209 as the min replicated index is 4. Deletion is not allowed in this container yet.
2019-10-17 01:10:35,302 [BlockDeletingService#2] WARN  background.BlockDeletingService (BlockDeletingService.java:isDeletionAllowed(187)) - Close Container log Index 6 is not replicated across allthe servers in the pipeline 968e2a2f-54bd-4eee-95a8-bd7a3b63c209 as the min replicated index is 4. Deletion is not allowed in this container yet.
2019-10-17 01:10:35,313 [Thread-1198] INFO  impl.FollowerState (FollowerState.java:run(108)) - e3697062-c193-48d1-b15e-d6b6b4dc6638@group-5DF6529D38A3-FollowerState: change to CANDIDATE, lastRpcTime:63ms, electionTimeout:63ms
2019-10-17 01:10:35,313 [Thread-1198] INFO  impl.RoleInfo (RoleInfo.java:shutdownFollowerState(121)) - e3697062-c193-48d1-b15e-d6b6b4dc6638: shutdown FollowerState
2019-10-17 01:10:35,313 [Thread-1198] INFO  impl.RaftServerImpl (RaftServerImpl.java:setRole(184)) - e3697062-c193-48d1-b15e-d6b6b4dc6638@group-5DF6529D38A3: changes role from  FOLLOWER to CANDIDATE at term 43 for changeToCandidate
2019-10-17 01:10:35,313 [Thread-1198] INFO  impl.RoleInfo (RoleInfo.java:updateAndGet(143)) - e3697062-c193-48d1-b15e-d6b6b4dc6638: start LeaderElection
2019-10-17 01:10:35,327 [e3697062-c193-48d1-b15e-d6b6b4dc6638@group-5DF6529D38A3-LeaderElection95] INFO  impl.LeaderElection (LeaderElection.java:askForVotes(178)) - e3697062-c193-48d1-b15e-d6b6b4dc6638@group-5DF6529D38A3-LeaderElection95: begin an election at term 44 for -1: [ee6ff355-4f2c-4ff1-aa68-7ca64f6b5439:192.168.157.194:37608, e3697062-c193-48d1-b15e-d6b6b4dc6638:192.168.157.194:40986, a10aa3ca-3ab2-4d87-9bc7-0d045ec2b4ce:192.168.157.194:36577], old=null
2019-10-17 01:10:35,329 [grpc-default-executor-5] INFO  impl.RaftServerImpl (RaftServerImpl.java:setRole(184)) - a10aa3ca-3ab2-4d87-9bc7-0d045ec2b4ce@group-5DF6529D38A3: changes role from  FOLLOWER to FOLLOWER at term 44 for recognizeCandidate:e3697062-c193-48d1-b15e-d6b6b4dc6638
2019-10-17 01:10:35,329 [grpc-default-executor-6] INFO  impl.RaftServerImpl (RaftServerImpl.java:setRole(184)) - ee6ff355-4f2c-4ff1-aa68-7ca64f6b5439@group-5DF6529D38A3: changes role from  FOLLOWER to FOLLOWER at term 44 for recognizeCandidate:e3697062-c193-48d1-b15e-d6b6b4dc6638
2019-10-17 01:10:35,329 [grpc-default-executor-5] INFO  impl.RoleInfo (RoleInfo.java:shutdownFollowerState(121)) - a10aa3ca-3ab2-4d87-9bc7-0d045ec2b4ce: shutdown FollowerState
2019-10-17 01:10:35,330 [grpc-default-executor-6] INFO  impl.RoleInfo (RoleInfo.java:shutdownFollowerState(121)) - ee6ff355-4f2c-4ff1-aa68-7ca64f6b5439: shutdown FollowerState
2019-10-17 01:10:35,330 [Thread-1196] INFO  impl.FollowerState (FollowerState.java:run(117)) - a10aa3ca-3ab2-4d87-9bc7-0d045ec2b4ce@group-5DF6529D38A3-FollowerState was interrupted: java.lang.InterruptedException: sleep interrupted
2019-10-17 01:10:35,330 [grpc-default-executor-5] INFO  impl.RoleInfo (RoleInfo.java:updateAndGet(143)) - a10aa3ca-3ab2-4d87-9bc7-0d045ec2b4ce: start FollowerState
2019-10-17 01:10:35,330 [Thread-1195] INFO  impl.FollowerState (FollowerState.java:run(117)) - ee6ff355-4f2c-4ff1-aa68-7ca64f6b5439@group-5DF6529D38A3-FollowerState was interrupted: java.lang.InterruptedException: sleep interrupted
2019-10-17 01:10:35,330 [grpc-default-executor-6] INFO  impl.RoleInfo (RoleInfo.java:updateAndGet(143)) - ee6ff355-4f2c-4ff1-aa68-7ca64f6b5439: start FollowerState
2019-10-17 01:10:35,344 [e3697062-c193-48d1-b15e-d6b6b4dc6638@group-5DF6529D38A3-LeaderElection95] INFO  impl.LeaderElection (LeaderElection.java:logAndReturn(56)) - e3697062-c193-48d1-b15e-d6b6b4dc6638@group-5DF6529D38A3-LeaderElection95: Election REJECTED; received 2 response(s) [e3697062-c193-48d1-b15e-d6b6b4dc6638<-ee6ff355-4f2c-4ff1-aa68-7ca64f6b5439#0:FAIL-t44, e3697062-c193-48d1-b15e-d6b6b4dc6638<-a10aa3ca-3ab2-4d87-9bc7-0d045ec2b4ce#0:FAIL-t44] and 0 exception(s); e3697062-c193-48d1-b15e-d6b6b4dc6638@group-5DF6529D38A3:t44, leader=null, voted=e3697062-c193-48d1-b15e-d6b6b4dc6638, raftlog=e3697062-c193-48d1-b15e-d6b6b4dc6638@group-5DF6529D38A3-SegmentedRaftLog:OPENED:c-1,f-1,i0, conf=-1: [ee6ff355-4f2c-4ff1-aa68-7ca64f6b5439:192.168.157.194:37608, e3697062-c193-48d1-b15e-d6b6b4dc6638:192.168.157.194:40986, a10aa3ca-3ab2-4d87-9bc7-0d045ec2b4ce:192.168.157.194:36577], old=null
2019-10-17 01:10:35,344 [e3697062-c193-48d1-b15e-d6b6b4dc6638@group-5DF6529D38A3-LeaderElection95] INFO  impl.RaftServerImpl (RaftServerImpl.java:setRole(184)) - e3697062-c193-48d1-b15e-d6b6b4dc6638@group-5DF6529D38A3: changes role from CANDIDATE to FOLLOWER at term 44 for DISCOVERED_A_NEW_TERM
2019-10-17 01:10:35,345 [e3697062-c193-48d1-b15e-d6b6b4dc6638@group-5DF6529D38A3-LeaderElection95] INFO  impl.RoleInfo (RoleInfo.java:shutdownLeaderElection(134)) - e3697062-c193-48d1-b15e-d6b6b4dc6638: shutdown LeaderElection
2019-10-17 01:10:35,345 [e3697062-c193-48d1-b15e-d6b6b4dc6638@group-5DF6529D38A3-LeaderElection95] INFO  impl.RoleInfo (RoleInfo.java:updateAndGet(143)) - e3697062-c193-48d1-b15e-d6b6b4dc6638: start FollowerState
2019-10-17 01:10:35,346 [Thread-1211] INFO  impl.FollowerState (FollowerState.java:run(108)) - e3697062-c193-48d1-b15e-d6b6b4dc6638@group-5DF6529D38A3-FollowerState: change to CANDIDATE, lastRpcTime:1ms, electionTimeout:1ms
2019-10-17 01:10:35,346 [Thread-1211] INFO  impl.RoleInfo (RoleInfo.java:shutdownFollowerState(121)) - e3697062-c193-48d1-b15e-d6b6b4dc6638: shutdown FollowerState
2019-10-17 01:10:35,346 [Thread-1211] INFO  impl.RaftServerImpl (RaftServerImpl.java:setRole(184)) - e3697062-c193-48d1-b15e-d6b6b4dc6638@group-5DF6529D38A3: changes role from  FOLLOWER to CANDIDATE at term 44 for changeToCandidate
2019-10-17 01:10:35,346 [Thread-1211] INFO  impl.RoleInfo (RoleInfo.java:updateAndGet(143)) - e3697062-c193-48d1-b15e-d6b6b4dc6638: start LeaderElection
2019-10-17 01:10:35,356 [Thread-1203] INFO  impl.FollowerState (FollowerState.java:run(108)) - ee6ff355-4f2c-4ff1-aa68-7ca64f6b5439@group-BD7A3B63C209-FollowerState: change to CANDIDATE, lastRpcTime:62ms, electionTimeout:62ms
2019-10-17 01:10:35,356 [Thread-1203] INFO  impl.RoleInfo (RoleInfo.java:shutdownFollowerState(121)) - ee6ff355-4f2c-4ff1-aa68-7ca64f6b5439: shutdown FollowerState
2019-10-17 01:10:35,356 [Thread-1203] INFO  impl.RaftServerImpl (RaftServerImpl.java:setRole(184)) - ee6ff355-4f2c-4ff1-aa68-7ca64f6b5439@group-BD7A3B63C209: changes role from  FOLLOWER to CANDIDATE at term 62 for changeToCandidate
2019-10-17 01:10:35,356 [Thread-1203] INFO  impl.RoleInfo (RoleInfo.java:updateAndGet(143)) - ee6ff355-4f2c-4ff1-aa68-7ca64f6b5439: start LeaderElection
2019-10-17 01:10:35,362 [ee6ff355-4f2c-4ff1-aa68-7ca64f6b5439@group-BD7A3B63C209-LeaderElection97] INFO  impl.LeaderElection (LeaderElection.java:askForVotes(178)) - ee6ff355-4f2c-4ff1-aa68-7ca64f6b5439@group-BD7A3B63C209-LeaderElection97: begin an election at term 63 for 0: [ee6ff355-4f2c-4ff1-aa68-7ca64f6b5439:192.168.157.194:37608, e3697062-c193-48d1-b15e-d6b6b4dc6638:192.168.157.194:40986, a10aa3ca-3ab2-4d87-9bc7-0d045ec2b4ce:192.168.157.194:36577], old=null
2019-10-17 01:10:35,362 [e3697062-c193-48d1-b15e-d6b6b4dc6638@group-5DF6529D38A3-LeaderElection96] INFO  impl.LeaderElection (LeaderElection.java:askForVotes(178)) - e3697062-c193-48d1-b15e-d6b6b4dc6638@group-5DF6529D38A3-LeaderElection96: begin an election at term 45 for -1: [ee6ff355-4f2c-4ff1-aa68-7ca64f6b5439:192.168.157.194:37608, e3697062-c193-48d1-b15e-d6b6b4dc6638:192.168.157.194:40986, a10aa3ca-3ab2-4d87-9bc7-0d045ec2b4ce:192.168.157.194:36577], old=null
2019-10-17 01:10:35,364 [grpc-default-executor-6] INFO  impl.RaftServerImpl (RaftServerImpl.java:setRole(184)) - ee6ff355-4f2c-4ff1-aa68-7ca64f6b5439@group-5DF6529D38A3: changes role from  FOLLOWER to FOLLOWER at term 45 for recognizeCandidate:e3697062-c193-48d1-b15e-d6b6b4dc6638
2019-10-17 01:10:35,364 [grpc-default-executor-6] INFO  impl.RoleInfo (RoleInfo.java:shutdownFollowerState(121)) - ee6ff355-4f2c-4ff1-aa68-7ca64f6b5439: shutdown FollowerState
2019-10-17 01:10:35,364 [grpc-default-executor-6] INFO  impl.RoleInfo (RoleInfo.java:updateAndGet(143)) - ee6ff355-4f2c-4ff1-aa68-7ca64f6b5439: start FollowerState
2019-10-17 01:10:35,364 [Thread-1210] INFO  impl.FollowerState (FollowerState.java:run(117)) - ee6ff355-4f2c-4ff1-aa68-7ca64f6b5439@group-5DF6529D38A3-FollowerState was interrupted: java.lang.InterruptedException: sleep interrupted
2019-10-17 01:10:35,365 [grpc-default-executor-5] INFO  impl.RaftServerImpl (RaftServerImpl.java:setRole(184)) - a10aa3ca-3ab2-4d87-9bc7-0d045ec2b4ce@group-5DF6529D38A3: changes role from  FOLLOWER to FOLLOWER at term 45 for recognizeCandidate:e3697062-c193-48d1-b15e-d6b6b4dc6638
2019-10-17 01:10:35,365 [grpc-default-executor-5] INFO  impl.RoleInfo (RoleInfo.java:shutdownFollowerState(121)) - a10aa3ca-3ab2-4d87-9bc7-0d045ec2b4ce: shutdown FollowerState
2019-10-17 01:10:35,365 [grpc-default-executor-5] INFO  impl.RoleInfo (RoleInfo.java:updateAndGet(143)) - a10aa3ca-3ab2-4d87-9bc7-0d045ec2b4ce: start FollowerState
2019-10-17 01:10:35,365 [Thread-1209] INFO  impl.FollowerState (FollowerState.java:run(117)) - a10aa3ca-3ab2-4d87-9bc7-0d045ec2b4ce@group-5DF6529D38A3-FollowerState was interrupted: java.lang.InterruptedException: sleep interrupted
2019-10-17 01:10:35,366 [grpc-default-executor-1] INFO  impl.RaftServerImpl (RaftServerImpl.java:setRole(184)) - e3697062-c193-48d1-b15e-d6b6b4dc6638@group-BD7A3B63C209: changes role from  FOLLOWER to FOLLOWER at term 63 for recognizeCandidate:ee6ff355-4f2c-4ff1-aa68-7ca64f6b5439
2019-10-17 01:10:35,366 [grpc-default-executor-1] INFO  impl.RoleInfo (RoleInfo.java:shutdownFollowerState(121)) - e3697062-c193-48d1-b15e-d6b6b4dc6638: shutdown FollowerState
2019-10-17 01:10:35,366 [grpc-default-executor-0] INFO  impl.RaftServerImpl (RaftServerImpl.java:setRole(184)) - a10aa3ca-3ab2-4d87-9bc7-0d045ec2b4ce@group-BD7A3B63C209: changes role from  FOLLOWER to FOLLOWER at term 63 for recognizeCandidate:ee6ff355-4f2c-4ff1-aa68-7ca64f6b5439
2019-10-17 01:10:35,366 [grpc-default-executor-0] INFO  impl.RoleInfo (RoleInfo.java:shutdownFollowerState(121)) - a10aa3ca-3ab2-4d87-9bc7-0d045ec2b4ce: shutdown FollowerState
2019-10-17 01:10:35,367 [grpc-default-executor-0] INFO  impl.RoleInfo (RoleInfo.java:updateAndGet(143)) - a10aa3ca-3ab2-4d87-9bc7-0d045ec2b4ce: start FollowerState
2019-10-17 01:10:35,367 [Thread-1202] INFO  impl.FollowerState (FollowerState.java:run(117)) - a10aa3ca-3ab2-4d87-9bc7-0d045ec2b4ce@group-BD7A3B63C209-FollowerState was interrupted: java.lang.InterruptedException: sleep interrupted
2019-10-17 01:10:35,368 [grpc-default-executor-1] INFO  impl.RoleInfo (RoleInfo.java:updateAndGet(143)) - e3697062-c193-48d1-b15e-d6b6b4dc6638: start FollowerState
2019-10-17 01:10:35,368 [Thread-1201] INFO  impl.FollowerState (FollowerState.java:run(117)) - e3697062-c193-48d1-b15e-d6b6b4dc6638@group-BD7A3B63C209-FollowerState was interrupted: java.lang.InterruptedException: sleep interrupted
2019-10-17 01:10:35,379 [ee6ff355-4f2c-4ff1-aa68-7ca64f6b5439@group-BD7A3B63C209-LeaderElection97] INFO  impl.LeaderElection (LeaderElection.java:logAndReturn(56)) - ee6ff355-4f2c-4ff1-aa68-7ca64f6b5439@group-BD7A3B63C209-LeaderElection97: Election REJECTED; received 2 response(s) [ee6ff355-4f2c-4ff1-aa68-7ca64f6b5439<-e3697062-c193-48d1-b15e-d6b6b4dc6638#0:FAIL-t63, ee6ff355-4f2c-4ff1-aa68-7ca64f6b5439<-a10aa3ca-3ab2-4d87-9bc7-0d045ec2b4ce#0:FAIL-t63] and 0 exception(s); ee6ff355-4f2c-4ff1-aa68-7ca64f6b5439@group-BD7A3B63C209:t63, leader=null, voted=ee6ff355-4f2c-4ff1-aa68-7ca64f6b5439, raftlog=ee6ff355-4f2c-4ff1-aa68-7ca64f6b5439@group-BD7A3B63C209-SegmentedRaftLog:OPENED:c3,f4,i4, conf=0: [ee6ff355-4f2c-4ff1-aa68-7ca64f6b5439:192.168.157.194:37608, e3697062-c193-48d1-b15e-d6b6b4dc6638:192.168.157.194:40986, a10aa3ca-3ab2-4d87-9bc7-0d045ec2b4ce:192.168.157.194:36577], old=null
2019-10-17 01:10:35,379 [ee6ff355-4f2c-4ff1-aa68-7ca64f6b5439@group-BD7A3B63C209-LeaderElection97] INFO  impl.RaftServerImpl (RaftServerImpl.java:setRole(184)) - ee6ff355-4f2c-4ff1-aa68-7ca64f6b5439@group-BD7A3B63C209: changes role from CANDIDATE to FOLLOWER at term 63 for DISCOVERED_A_NEW_TERM
2019-10-17 01:10:35,379 [ee6ff355-4f2c-4ff1-aa68-7ca64f6b5439@group-BD7A3B63C209-LeaderElection97] INFO  impl.RoleInfo (RoleInfo.java:shutdownLeaderElection(134)) - ee6ff355-4f2c-4ff1-aa68-7ca64f6b5439: shutdown LeaderElection
2019-10-17 01:10:35,379 [e3697062-c193-48d1-b15e-d6b6b4dc6638@group-5DF6529D38A3-LeaderElection96] INFO  impl.LeaderElection (LeaderElection.java:logAndReturn(56)) - e3697062-c193-48d1-b15e-d6b6b4dc6638@group-5DF6529D38A3-LeaderElection96: Election REJECTED; received 2 response(s) [e3697062-c193-48d1-b15e-d6b6b4dc6638<-ee6ff355-4f2c-4ff1-aa68-7ca64f6b5439#0:FAIL-t45, e3697062-c193-48d1-b15e-d6b6b4dc6638<-a10aa3ca-3ab2-4d87-9bc7-0d045ec2b4ce#0:FAIL-t45] and 0 exception(s); e3697062-c193-48d1-b15e-d6b6b4dc6638@group-5DF6529D38A3:t45, leader=null, voted=e3697062-c193-48d1-b15e-d6b6b4dc6638, raftlog=e3697062-c193-48d1-b15e-d6b6b4dc6638@group-5DF6529D38A3-SegmentedRaftLog:OPENED:c-1,f-1,i0, conf=-1: [ee6ff355-4f2c-4ff1-aa68-7ca64f6b5439:192.168.157.194:37608, e3697062-c193-48d1-b15e-d6b6b4dc6638:192.168.157.194:40986, a10aa3ca-3ab2-4d87-9bc7-0d045ec2b4ce:192.168.157.194:36577], old=null
2019-10-17 01:10:35,379 [ee6ff355-4f2c-4ff1-aa68-7ca64f6b5439@group-BD7A3B63C209-LeaderElection97] INFO  impl.RoleInfo (RoleInfo.java:updateAndGet(143)) - ee6ff355-4f2c-4ff1-aa68-7ca64f6b5439: start FollowerState
2019-10-17 01:10:35,379 [e3697062-c193-48d1-b15e-d6b6b4dc6638@group-5DF6529D38A3-LeaderElection96] INFO  impl.RaftServerImpl (RaftServerImpl.java:setRole(184)) - e3697062-c193-48d1-b15e-d6b6b4dc6638@group-5DF6529D38A3: changes role from CANDIDATE to FOLLOWER at term 45 for DISCOVERED_A_NEW_TERM
2019-10-17 01:10:35,380 [e3697062-c193-48d1-b15e-d6b6b4dc6638@group-5DF6529D38A3-LeaderElection96] INFO  impl.RoleInfo (RoleInfo.java:shutdownLeaderElection(134)) - e3697062-c193-48d1-b15e-d6b6b4dc6638: shutdown LeaderElection
2019-10-17 01:10:35,380 [e3697062-c193-48d1-b15e-d6b6b4dc6638@group-5DF6529D38A3-LeaderElection96] INFO  impl.RoleInfo (RoleInfo.java:updateAndGet(143)) - e3697062-c193-48d1-b15e-d6b6b4dc6638: start FollowerState
2019-10-17 01:10:35,389 [Thread-1222] INFO  impl.FollowerState (FollowerState.java:run(108)) - ee6ff355-4f2c-4ff1-aa68-7ca64f6b5439@group-BD7A3B63C209-FollowerState: change to CANDIDATE, lastRpcTime:9ms, electionTimeout:9ms
2019-10-17 01:10:35,389 [Thread-1222] INFO  impl.RoleInfo (RoleInfo.java:shutdownFollowerState(121)) - ee6ff355-4f2c-4ff1-aa68-7ca64f6b5439: shutdown FollowerState
2019-10-17 01:10:35,389 [Thread-1222] INFO  impl.RaftServerImpl (RaftServerImpl.java:setRole(184)) - ee6ff355-4f2c-4ff1-aa68-7ca64f6b5439@group-BD7A3B63C209: changes role from  FOLLOWER to CANDIDATE at term 63 for changeToCandidate
2019-10-17 01:10:35,389 [Thread-1222] INFO  impl.RoleInfo (RoleInfo.java:updateAndGet(143)) - ee6ff355-4f2c-4ff1-aa68-7ca64f6b5439: start LeaderElection
2019-10-17 01:10:35,404 [ee6ff355-4f2c-4ff1-aa68-7ca64f6b5439@group-BD7A3B63C209-LeaderElection98] INFO  impl.LeaderElection (LeaderElection.java:askForVotes(178)) - ee6ff355-4f2c-4ff1-aa68-7ca64f6b5439@group-BD7A3B63C209-LeaderElection98: begin an election at term 64 for 0: [ee6ff355-4f2c-4ff1-aa68-7ca64f6b5439:192.168.157.194:37608, e3697062-c193-48d1-b15e-d6b6b4dc6638:192.168.157.194:40986, a10aa3ca-3ab2-4d87-9bc7-0d045ec2b4ce:192.168.157.194:36577], old=null
2019-10-17 01:10:35,406 [grpc-default-executor-5] INFO  impl.RaftServerImpl (RaftServerImpl.java:setRole(184)) - a10aa3ca-3ab2-4d87-9bc7-0d045ec2b4ce@group-BD7A3B63C209: changes role from  FOLLOWER to FOLLOWER at term 64 for recognizeCandidate:ee6ff355-4f2c-4ff1-aa68-7ca64f6b5439
2019-10-17 01:10:35,407 [grpc-default-executor-1] INFO  impl.RaftServerImpl (RaftServerImpl.java:setRole(184)) - e3697062-c193-48d1-b15e-d6b6b4dc6638@group-BD7A3B63C209: changes role from  FOLLOWER to FOLLOWER at term 64 for recognizeCandidate:ee6ff355-4f2c-4ff1-aa68-7ca64f6b5439
2019-10-17 01:10:35,407 [grpc-default-executor-5] INFO  impl.RoleInfo (RoleInfo.java:shutdownFollowerState(121)) - a10aa3ca-3ab2-4d87-9bc7-0d045ec2b4ce: shutdown FollowerState
2019-10-17 01:10:35,407 [grpc-default-executor-1] INFO  impl.RoleInfo (RoleInfo.java:shutdownFollowerState(121)) - e3697062-c193-48d1-b15e-d6b6b4dc6638: shutdown FollowerState
2019-10-17 01:10:35,407 [Thread-1220] INFO  impl.FollowerState (FollowerState.java:run(117)) - a10aa3ca-3ab2-4d87-9bc7-0d045ec2b4ce@group-BD7A3B63C209-FollowerState was interrupted: java.lang.InterruptedException: sleep interrupted
2019-10-17 01:10:35,407 [grpc-default-executor-5] INFO  impl.RoleInfo (RoleInfo.java:updateAndGet(143)) - a10aa3ca-3ab2-4d87-9bc7-0d045ec2b4ce: start FollowerState
2019-10-17 01:10:35,407 [Thread-1221] INFO  impl.FollowerState (FollowerState.java:run(117)) - e3697062-c193-48d1-b15e-d6b6b4dc6638@group-BD7A3B63C209-FollowerState was interrupted: java.lang.InterruptedException: sleep interrupted
2019-10-17 01:10:35,407 [grpc-default-executor-1] INFO  impl.RoleInfo (RoleInfo.java:updateAndGet(143)) - e3697062-c193-48d1-b15e-d6b6b4dc6638: start FollowerState
2019-10-17 01:10:35,410 [Thread-1223] INFO  impl.FollowerState (FollowerState.java:run(108)) - e3697062-c193-48d1-b15e-d6b6b4dc6638@group-5DF6529D38A3-FollowerState: change to CANDIDATE, lastRpcTime:30ms, electionTimeout:30ms
2019-10-17 01:10:35,410 [Thread-1223] INFO  impl.RoleInfo (RoleInfo.java:shutdownFollowerState(121)) - e3697062-c193-48d1-b15e-d6b6b4dc6638: shutdown FollowerState
2019-10-17 01:10:35,410 [Thread-1223] INFO  impl.RaftServerImpl (RaftServerImpl.java:setRole(184)) - e3697062-c193-48d1-b15e-d6b6b4dc6638@group-5DF6529D38A3: changes role from  FOLLOWER to CANDIDATE at term 45 for changeToCandidate
2019-10-17 01:10:35,411 [Thread-1223] INFO  impl.RoleInfo (RoleInfo.java:updateAndGet(143)) - e3697062-c193-48d1-b15e-d6b6b4dc6638: start LeaderElection
2019-10-17 01:10:35,419 [e3697062-c193-48d1-b15e-d6b6b4dc6638@group-5DF6529D38A3-LeaderElection99] INFO  impl.LeaderElection (LeaderElection.java:askForVotes(178)) - e3697062-c193-48d1-b15e-d6b6b4dc6638@group-5DF6529D38A3-LeaderElection99: begin an election at term 46 for -1: [ee6ff355-4f2c-4ff1-aa68-7ca64f6b5439:192.168.157.194:37608, e3697062-c193-48d1-b15e-d6b6b4dc6638:192.168.157.194:40986, a10aa3ca-3ab2-4d87-9bc7-0d045ec2b4ce:192.168.157.194:36577], old=null
2019-10-17 01:10:35,420 [ee6ff355-4f2c-4ff1-aa68-7ca64f6b5439@group-BD7A3B63C209-LeaderElection98] INFO  impl.LeaderElection (LeaderElection.java:logAndReturn(56)) - ee6ff355-4f2c-4ff1-aa68-7ca64f6b5439@group-BD7A3B63C209-LeaderElection98: Election REJECTED; received 2 response(s) [ee6ff355-4f2c-4ff1-aa68-7ca64f6b5439<-e3697062-c193-48d1-b15e-d6b6b4dc6638#0:FAIL-t64, ee6ff355-4f2c-4ff1-aa68-7ca64f6b5439<-a10aa3ca-3ab2-4d87-9bc7-0d045ec2b4ce#0:FAIL-t64] and 0 exception(s); ee6ff355-4f2c-4ff1-aa68-7ca64f6b5439@group-BD7A3B63C209:t64, leader=null, voted=ee6ff355-4f2c-4ff1-aa68-7ca64f6b5439, raftlog=ee6ff355-4f2c-4ff1-aa68-7ca64f6b5439@group-BD7A3B63C209-SegmentedRaftLog:OPENED:c3,f4,i4, conf=0: [ee6ff355-4f2c-4ff1-aa68-7ca64f6b5439:192.168.157.194:37608, e3697062-c193-48d1-b15e-d6b6b4dc6638:192.168.157.194:40986, a10aa3ca-3ab2-4d87-9bc7-0d045ec2b4ce:192.168.157.194:36577], old=null
2019-10-17 01:10:35,421 [ee6ff355-4f2c-4ff1-aa68-7ca64f6b5439@group-BD7A3B63C209-LeaderElection98] INFO  impl.RaftServerImpl (RaftServerImpl.java:setRole(184)) - ee6ff355-4f2c-4ff1-aa68-7ca64f6b5439@group-BD7A3B63C209: changes role from CANDIDATE to FOLLOWER at term 64 for DISCOVERED_A_NEW_TERM
2019-10-17 01:10:35,421 [ee6ff355-4f2c-4ff1-aa68-7ca64f6b5439@group-BD7A3B63C209-LeaderElection98] INFO  impl.RoleInfo (RoleInfo.java:shutdownLeaderElection(134)) - ee6ff355-4f2c-4ff1-aa68-7ca64f6b5439: shutdown LeaderElection
2019-10-17 01:10:35,421 [ee6ff355-4f2c-4ff1-aa68-7ca64f6b5439@group-BD7A3B63C209-LeaderElection98] INFO  impl.RoleInfo (RoleInfo.java:updateAndGet(143)) - ee6ff355-4f2c-4ff1-aa68-7ca64f6b5439: start FollowerState
2019-10-17 01:10:35,421 [grpc-default-executor-5] INFO  impl.RaftServerImpl (RaftServerImpl.java:setRole(184)) - a10aa3ca-3ab2-4d87-9bc7-0d045ec2b4ce@group-5DF6529D38A3: changes role from  FOLLOWER to FOLLOWER at term 46 for recognizeCandidate:e3697062-c193-48d1-b15e-d6b6b4dc6638
2019-10-17 01:10:35,422 [grpc-default-executor-5] INFO  impl.RoleInfo (RoleInfo.java:shutdownFollowerState(121)) - a10aa3ca-3ab2-4d87-9bc7-0d045ec2b4ce: shutdown FollowerState
2019-10-17 01:10:35,422 [grpc-default-executor-5] INFO  impl.RoleInfo (RoleInfo.java:updateAndGet(143)) - a10aa3ca-3ab2-4d87-9bc7-0d045ec2b4ce: start FollowerState
2019-10-17 01:10:35,422 [Thread-1219] INFO  impl.FollowerState (FollowerState.java:run(117)) - a10aa3ca-3ab2-4d87-9bc7-0d045ec2b4ce@group-5DF6529D38A3-FollowerState was interrupted: java.lang.InterruptedException: sleep interrupted
2019-10-17 01:10:35,422 [grpc-default-executor-1] INFO  impl.RaftServerImpl (RaftServerImpl.java:setRole(184)) - ee6ff355-4f2c-4ff1-aa68-7ca64f6b5439@group-5DF6529D38A3: changes role from  FOLLOWER to FOLLOWER at term 46 for recognizeCandidate:e3697062-c193-48d1-b15e-d6b6b4dc6638
2019-10-17 01:10:35,422 [grpc-default-executor-1] INFO  impl.RoleInfo (RoleInfo.java:shutdownFollowerState(121)) - ee6ff355-4f2c-4ff1-aa68-7ca64f6b5439: shutdown FollowerState
2019-10-17 01:10:35,422 [grpc-default-executor-1] INFO  impl.RoleInfo (RoleInfo.java:updateAndGet(143)) - ee6ff355-4f2c-4ff1-aa68-7ca64f6b5439: start FollowerState
2019-10-17 01:10:35,422 [Thread-1218] INFO  impl.FollowerState (FollowerState.java:run(117)) - ee6ff355-4f2c-4ff1-aa68-7ca64f6b5439@group-5DF6529D38A3-FollowerState was interrupted: java.lang.InterruptedException: sleep interrupted
2019-10-17 01:10:35,435 [e3697062-c193-48d1-b15e-d6b6b4dc6638@group-5DF6529D38A3-LeaderElection99] INFO  impl.LeaderElection (LeaderElection.java:logAndReturn(56)) - e3697062-c193-48d1-b15e-d6b6b4dc6638@group-5DF6529D38A3-LeaderElection99: Election REJECTED; received 2 response(s) [e3697062-c193-48d1-b15e-d6b6b4dc6638<-ee6ff355-4f2c-4ff1-aa68-7ca64f6b5439#0:FAIL-t46, e3697062-c193-48d1-b15e-d6b6b4dc6638<-a10aa3ca-3ab2-4d87-9bc7-0d045ec2b4ce#0:FAIL-t46] and 0 exception(s); e3697062-c193-48d1-b15e-d6b6b4dc6638@group-5DF6529D38A3:t46, leader=null, voted=e3697062-c193-48d1-b15e-d6b6b4dc6638, raftlog=e3697062-c193-48d1-b15e-d6b6b4dc6638@group-5DF6529D38A3-SegmentedRaftLog:OPENED:c-1,f-1,i0, conf=-1: [ee6ff355-4f2c-4ff1-aa68-7ca64f6b5439:192.168.157.194:37608, e3697062-c193-48d1-b15e-d6b6b4dc6638:192.168.157.194:40986, a10aa3ca-3ab2-4d87-9bc7-0d045ec2b4ce:192.168.157.194:36577], old=null
2019-10-17 01:10:35,435 [e3697062-c193-48d1-b15e-d6b6b4dc6638@group-5DF6529D38A3-LeaderElection99] INFO  impl.RaftServerImpl (RaftServerImpl.java:setRole(184)) - e3697062-c193-48d1-b15e-d6b6b4dc6638@group-5DF6529D38A3: changes role from CANDIDATE to FOLLOWER at term 46 for DISCOVERED_A_NEW_TERM
2019-10-17 01:10:35,435 [e3697062-c193-48d1-b15e-d6b6b4dc6638@group-5DF6529D38A3-LeaderElection99] INFO  impl.RoleInfo (RoleInfo.java:shutdownLeaderElection(134)) - e3697062-c193-48d1-b15e-d6b6b4dc6638: shutdown LeaderElection
2019-10-17 01:10:35,435 [e3697062-c193-48d1-b15e-d6b6b4dc6638@group-5DF6529D38A3-LeaderElection99] INFO  impl.RoleInfo (RoleInfo.java:updateAndGet(143)) - e3697062-c193-48d1-b15e-d6b6b4dc6638: start FollowerState
]]></system-out>
    <system-err><![CDATA[ERROR StatusLogger No Log4j 2 configuration file found. Using default configuration (logging only errors to the console), or user programmatically provided configurations. Set system property 'log4j2.debug' to show Log4j 2 internal initialization logging. See https://logging.apache.org/log4j/2.x/manual/configuration.html for instructions on how to configure Log4j 2
Oct 17, 2019 1:08:49 AM org.apache.ratis.thirdparty.io.grpc.internal.SerializingExecutor run
SEVERE: Exception while executing runnable org.apache.ratis.thirdparty.io.grpc.internal.ServerImpl$JumpToApplicationThreadServerStreamListener$1Closed@6ad930b1
org.apache.ratis.thirdparty.io.grpc.StatusRuntimeException: CANCELLED: call already cancelled
	at org.apache.ratis.thirdparty.io.grpc.Status.asRuntimeException(Status.java:517)
	at org.apache.ratis.thirdparty.io.grpc.stub.ServerCalls$ServerCallStreamObserverImpl.onCompleted(ServerCalls.java:356)
	at org.apache.ratis.grpc.server.GrpcServerProtocolService$ServerRequestStreamObserver.onError(GrpcServerProtocolService.java:121)
	at org.apache.ratis.thirdparty.io.grpc.stub.ServerCalls$StreamingServerCallHandler$StreamingServerCallListener.onCancel(ServerCalls.java:269)
	at org.apache.ratis.thirdparty.io.grpc.internal.ServerCallImpl$ServerStreamListenerImpl.closed(ServerCallImpl.java:293)
	at org.apache.ratis.thirdparty.io.grpc.internal.ServerImpl$JumpToApplicationThreadServerStreamListener$1Closed.runInContext(ServerImpl.java:741)
	at org.apache.ratis.thirdparty.io.grpc.internal.ContextRunnable.run(ContextRunnable.java:37)
	at org.apache.ratis.thirdparty.io.grpc.internal.SerializingExecutor.run(SerializingExecutor.java:123)
	at java.util.concurrent.ThreadPoolExecutor.runWorker(ThreadPoolExecutor.java:1149)
	at java.util.concurrent.ThreadPoolExecutor$Worker.run(ThreadPoolExecutor.java:624)
	at java.lang.Thread.run(Thread.java:748)

Oct 17, 2019 1:08:49 AM org.apache.ratis.thirdparty.io.grpc.internal.SerializingExecutor run
SEVERE: Exception while executing runnable org.apache.ratis.thirdparty.io.grpc.internal.ClientCallImpl$ClientStreamListenerImpl$1StreamClosed@33056418
java.lang.NullPointerException
	at org.apache.ratis.grpc.server.GrpcLogAppender$AppendLogResponseHandler.onError(GrpcLogAppender.java:303)
	at org.apache.ratis.thirdparty.io.grpc.stub.ClientCalls$StreamObserverToCallListenerAdapter.onClose(ClientCalls.java:434)
	at org.apache.ratis.thirdparty.io.grpc.PartialForwardingClientCallListener.onClose(PartialForwardingClientCallListener.java:39)
	at org.apache.ratis.thirdparty.io.grpc.ForwardingClientCallListener.onClose(ForwardingClientCallListener.java:23)
	at org.apache.ratis.thirdparty.io.grpc.ForwardingClientCallListener$SimpleForwardingClientCallListener.onClose(ForwardingClientCallListener.java:40)
	at org.apache.ratis.thirdparty.io.grpc.internal.CensusStatsModule$StatsClientInterceptor$1$1.onClose(CensusStatsModule.java:678)
	at org.apache.ratis.thirdparty.io.grpc.PartialForwardingClientCallListener.onClose(PartialForwardingClientCallListener.java:39)
	at org.apache.ratis.thirdparty.io.grpc.ForwardingClientCallListener.onClose(ForwardingClientCallListener.java:23)
	at org.apache.ratis.thirdparty.io.grpc.ForwardingClientCallListener$SimpleForwardingClientCallListener.onClose(ForwardingClientCallListener.java:40)
	at org.apache.ratis.thirdparty.io.grpc.internal.CensusTracingModule$TracingClientInterceptor$1$1.onClose(CensusTracingModule.java:397)
	at org.apache.ratis.thirdparty.io.grpc.internal.ClientCallImpl.closeObserver(ClientCallImpl.java:459)
	at org.apache.ratis.thirdparty.io.grpc.internal.ClientCallImpl.access$300(ClientCallImpl.java:63)
	at org.apache.ratis.thirdparty.io.grpc.internal.ClientCallImpl$ClientStreamListenerImpl.close(ClientCallImpl.java:546)
	at org.apache.ratis.thirdparty.io.grpc.internal.ClientCallImpl$ClientStreamListenerImpl.access$600(ClientCallImpl.java:467)
	at org.apache.ratis.thirdparty.io.grpc.internal.ClientCallImpl$ClientStreamListenerImpl$1StreamClosed.runInContext(ClientCallImpl.java:584)
	at org.apache.ratis.thirdparty.io.grpc.internal.ContextRunnable.run(ContextRunnable.java:37)
	at org.apache.ratis.thirdparty.io.grpc.internal.SerializingExecutor.run(SerializingExecutor.java:123)
	at java.util.concurrent.ThreadPoolExecutor.runWorker(ThreadPoolExecutor.java:1149)
	at java.util.concurrent.ThreadPoolExecutor$Worker.run(ThreadPoolExecutor.java:624)
	at java.lang.Thread.run(Thread.java:748)

]]></system-err>
  </testcase>
</testsuite>