<?xml version="1.0" encoding="UTF-8"?>
<testsuite xmlns:xsi="http://www.w3.org/2001/XMLSchema-instance" xsi:noNamespaceSchemaLocation="https://maven.apache.org/surefire/maven-surefire-plugin/xsd/surefire-test-report.xsd" name="org.apache.hadoop.ozone.client.rpc.TestOzoneClientRetriesOnException" time="175.676" tests="2" errors="1" skipped="0" failures="0">
  <properties>
    <property name="awt.toolkit" value="sun.awt.X11.XToolkit"/>
    <property name="file.encoding.pkg" value="sun.io"/>
    <property name="java.specification.version" value="1.8"/>
    <property name="sun.cpu.isalist" value=""/>
    <property name="sun.jnu.encoding" value="UTF-8"/>
    <property name="java.class.path" value="/workdir/hadoop-ozone/integration-test/target/test-classes:/workdir/hadoop-ozone/integration-test/target/classes:/home/user/.m2/repository/org/apache/hadoop/hadoop-ozone-common/0.5.0-SNAPSHOT/hadoop-ozone-common-0.5.0-SNAPSHOT.jar:/home/user/.m2/repository/org/apache/commons/commons-compress/1.4.1/commons-compress-1.4.1.jar:/home/user/.m2/repository/org/tukaani/xz/1.0/xz-1.0.jar:/home/user/.m2/repository/org/apache/hadoop/hadoop-common/3.2.0/hadoop-common-3.2.0.jar:/home/user/.m2/repository/org/apache/hadoop/hadoop-hdfs/3.2.0/hadoop-hdfs-3.2.0.jar:/home/user/.m2/repository/org/apache/hadoop/hadoop-hdfs-client/3.2.0/hadoop-hdfs-client-3.2.0.jar:/home/user/.m2/repository/com/fasterxml/jackson/core/jackson-annotations/2.9.9/jackson-annotations-2.9.9.jar:/home/user/.m2/repository/org/apache/hadoop/hadoop-hdds-common/0.5.0-SNAPSHOT/hadoop-hdds-common-0.5.0-SNAPSHOT.jar:/home/user/.m2/repository/javax/annotation/javax.annotation-api/1.2/javax.annotation-api-1.2.jar:/home/user/.m2/repository/org/apache/ratis/ratis-server/0.5.0-201fc85-SNAPSHOT/ratis-server-0.5.0-201fc85-SNAPSHOT.jar:/home/user/.m2/repository/org/apache/ratis/ratis-thirdparty-misc/0.2.0/ratis-thirdparty-misc-0.2.0.jar:/home/user/.m2/repository/org/apache/ratis/ratis-proto/0.5.0-201fc85-SNAPSHOT/ratis-proto-0.5.0-201fc85-SNAPSHOT.jar:/home/user/.m2/repository/org/apache/ratis/ratis-common/0.5.0-201fc85-SNAPSHOT/ratis-common-0.5.0-201fc85-SNAPSHOT.jar:/home/user/.m2/repository/org/apache/ratis/ratis-client/0.5.0-201fc85-SNAPSHOT/ratis-client-0.5.0-201fc85-SNAPSHOT.jar:/home/user/.m2/repository/org/apache/ratis/ratis-metrics/0.5.0-201fc85-SNAPSHOT/ratis-metrics-0.5.0-201fc85-SNAPSHOT.jar:/home/user/.m2/repository/com/github/joshelser/dropwizard-metrics-hadoop-metrics2-reporter/0.1.2/dropwizard-metrics-hadoop-metrics2-reporter-0.1.2.jar:/home/user/.m2/repository/io/dropwizard/metrics/metrics-jvm/3.2.5/metrics-jvm-3.2.5.jar:/home/user/.m2/repository/io/dropwizard/metrics/metrics-ganglia/3.2.5/metrics-ganglia-3.2.5.jar:/home/user/.m2/repository/info/ganglia/gmetric4j/gmetric4j/1.0.7/gmetric4j-1.0.7.jar:/home/user/.m2/repository/org/apache/ratis/ratis-netty/0.5.0-201fc85-SNAPSHOT/ratis-netty-0.5.0-201fc85-SNAPSHOT.jar:/home/user/.m2/repository/org/apache/ratis/ratis-grpc/0.5.0-201fc85-SNAPSHOT/ratis-grpc-0.5.0-201fc85-SNAPSHOT.jar:/home/user/.m2/repository/org/rocksdb/rocksdbjni/6.0.1/rocksdbjni-6.0.1.jar:/home/user/.m2/repository/org/apache/logging/log4j/log4j-api/2.11.0/log4j-api-2.11.0.jar:/home/user/.m2/repository/org/apache/logging/log4j/log4j-core/2.11.0/log4j-core-2.11.0.jar:/home/user/.m2/repository/com/lmax/disruptor/3.4.2/disruptor-3.4.2.jar:/home/user/.m2/repository/org/apache/commons/commons-pool2/2.6.0/commons-pool2-2.6.0.jar:/home/user/.m2/repository/org/bouncycastle/bcpkix-jdk15on/1.60/bcpkix-jdk15on-1.60.jar:/home/user/.m2/repository/commons-validator/commons-validator/1.6/commons-validator-1.6.jar:/home/user/.m2/repository/commons-digester/commons-digester/1.8.1/commons-digester-1.8.1.jar:/home/user/.m2/repository/io/jaegertracing/jaeger-client/0.34.0/jaeger-client-0.34.0.jar:/home/user/.m2/repository/io/jaegertracing/jaeger-thrift/0.34.0/jaeger-thrift-0.34.0.jar:/home/user/.m2/repository/org/apache/thrift/libthrift/0.12.0/libthrift-0.12.0.jar:/home/user/.m2/repository/com/squareup/okhttp3/okhttp/3.9.0/okhttp-3.9.0.jar:/home/user/.m2/repository/com/squareup/okio/okio/1.13.0/okio-1.13.0.jar:/home/user/.m2/repository/io/jaegertracing/jaeger-core/0.34.0/jaeger-core-0.34.0.jar:/home/user/.m2/repository/io/jaegertracing/jaeger-tracerresolver/0.34.0/jaeger-tracerresolver-0.34.0.jar:/home/user/.m2/repository/io/opentracing/contrib/opentracing-tracerresolver/0.1.5/opentracing-tracerresolver-0.1.5.jar:/home/user/.m2/repository/io/opentracing/opentracing-util/0.31.0/opentracing-util-0.31.0.jar:/home/user/.m2/repository/io/opentracing/opentracing-api/0.31.0/opentracing-api-0.31.0.jar:/home/user/.m2/repository/io/opentracing/opentracing-noop/0.31.0/opentracing-noop-0.31.0.jar:/home/user/.m2/repository/org/apache/hadoop/hadoop-hdds-server-framework/0.5.0-SNAPSHOT/hadoop-hdds-server-framework-0.5.0-SNAPSHOT.jar:/home/user/.m2/repository/org/apache/hadoop/hadoop-hdds-container-service/0.5.0-SNAPSHOT/hadoop-hdds-container-service-0.5.0-SNAPSHOT.jar:/home/user/.m2/repository/org/apache/hadoop/hadoop-hdds-client/0.5.0-SNAPSHOT/hadoop-hdds-client-0.5.0-SNAPSHOT.jar:/home/user/.m2/repository/org/apache/hadoop/hadoop-hdds-tools/0.5.0-SNAPSHOT/hadoop-hdds-tools-0.5.0-SNAPSHOT.jar:/home/user/.m2/repository/org/apache/hadoop/hadoop-hdds-server-scm/0.5.0-SNAPSHOT/hadoop-hdds-server-scm-0.5.0-SNAPSHOT.jar:/home/user/.m2/repository/org/apache/hadoop/hadoop-hdds-docs/0.5.0-SNAPSHOT/hadoop-hdds-docs-0.5.0-SNAPSHOT.jar:/home/user/.m2/repository/io/dropwizard/metrics/metrics-core/3.2.4/metrics-core-3.2.4.jar:/home/user/.m2/repository/org/hamcrest/hamcrest-all/1.3/hamcrest-all-1.3.jar:/home/user/.m2/repository/org/bouncycastle/bcprov-jdk15on/1.60/bcprov-jdk15on-1.60.jar:/home/user/.m2/repository/info/picocli/picocli/3.9.6/picocli-3.9.6.jar:/home/user/.m2/repository/com/google/protobuf/protobuf-java/2.5.0/protobuf-java-2.5.0.jar:/home/user/.m2/repository/com/google/guava/guava/11.0.2/guava-11.0.2.jar:/home/user/.m2/repository/org/apache/hadoop/hadoop-ozone-ozone-manager/0.5.0-SNAPSHOT/hadoop-ozone-ozone-manager-0.5.0-SNAPSHOT.jar:/home/user/.m2/repository/org/apache/hadoop/hadoop-minikdc/3.2.0/hadoop-minikdc-3.2.0.jar:/home/user/.m2/repository/commons-io/commons-io/2.5/commons-io-2.5.jar:/home/user/.m2/repository/org/apache/kerby/kerb-simplekdc/1.0.1/kerb-simplekdc-1.0.1.jar:/home/user/.m2/repository/org/apache/kerby/kerb-client/1.0.1/kerb-client-1.0.1.jar:/home/user/.m2/repository/org/apache/kerby/kerby-config/1.0.1/kerby-config-1.0.1.jar:/home/user/.m2/repository/org/apache/kerby/kerb-core/1.0.1/kerb-core-1.0.1.jar:/home/user/.m2/repository/org/apache/kerby/kerby-pkix/1.0.1/kerby-pkix-1.0.1.jar:/home/user/.m2/repository/org/apache/kerby/kerby-asn1/1.0.1/kerby-asn1-1.0.1.jar:/home/user/.m2/repository/org/apache/kerby/kerby-util/1.0.1/kerby-util-1.0.1.jar:/home/user/.m2/repository/org/apache/kerby/kerb-common/1.0.1/kerb-common-1.0.1.jar:/home/user/.m2/repository/org/apache/kerby/kerb-crypto/1.0.1/kerb-crypto-1.0.1.jar:/home/user/.m2/repository/org/apache/kerby/kerb-util/1.0.1/kerb-util-1.0.1.jar:/home/user/.m2/repository/org/apache/kerby/token-provider/1.0.1/token-provider-1.0.1.jar:/home/user/.m2/repository/org/apache/kerby/kerb-admin/1.0.1/kerb-admin-1.0.1.jar:/home/user/.m2/repository/org/apache/kerby/kerb-server/1.0.1/kerb-server-1.0.1.jar:/home/user/.m2/repository/org/apache/kerby/kerb-identity/1.0.1/kerb-identity-1.0.1.jar:/home/user/.m2/repository/org/apache/kerby/kerby-xdr/1.0.1/kerby-xdr-1.0.1.jar:/home/user/.m2/repository/org/slf4j/slf4j-log4j12/1.7.25/slf4j-log4j12-1.7.25.jar:/home/user/.m2/repository/org/apache/hadoop/hadoop-ozone-s3gateway/0.5.0-SNAPSHOT/hadoop-ozone-s3gateway-0.5.0-SNAPSHOT.jar:/home/user/.m2/repository/org/jboss/weld/servlet/weld-servlet/2.4.7.Final/weld-servlet-2.4.7.Final.jar:/home/user/.m2/repository/org/glassfish/jersey/containers/jersey-container-servlet-core/2.27/jersey-container-servlet-core-2.27.jar:/home/user/.m2/repository/org/glassfish/hk2/external/javax.inject/2.5.0-b42/javax.inject-2.5.0-b42.jar:/home/user/.m2/repository/org/glassfish/jersey/core/jersey-common/2.27/jersey-common-2.27.jar:/home/user/.m2/repository/org/glassfish/hk2/osgi-resource-locator/1.0.1/osgi-resource-locator-1.0.1.jar:/home/user/.m2/repository/javax/ws/rs/javax.ws.rs-api/2.1/javax.ws.rs-api-2.1.jar:/home/user/.m2/repository/org/glassfish/jersey/ext/cdi/jersey-cdi1x/2.27/jersey-cdi1x-2.27.jar:/home/user/.m2/repository/org/glassfish/jersey/inject/jersey-hk2/2.27/jersey-hk2-2.27.jar:/home/user/.m2/repository/org/glassfish/hk2/hk2-locator/2.5.0-b42/hk2-locator-2.5.0-b42.jar:/home/user/.m2/repository/org/javassist/javassist/3.22.0-CR2/javassist-3.22.0-CR2.jar:/home/user/.m2/repository/org/glassfish/hk2/hk2-api/2.5.0/hk2-api-2.5.0.jar:/home/user/.m2/repository/org/glassfish/hk2/external/jakarta.inject/2.5.0/jakarta.inject-2.5.0.jar:/home/user/.m2/repository/org/glassfish/hk2/hk2-utils/2.5.0/hk2-utils-2.5.0.jar:/home/user/.m2/repository/jakarta/annotation/jakarta.annotation-api/1.3.4/jakarta.annotation-api-1.3.4.jar:/home/user/.m2/repository/org/glassfish/hk2/external/aopalliance-repackaged/2.5.0/aopalliance-repackaged-2.5.0.jar:/home/user/.m2/repository/com/fasterxml/jackson/dataformat/jackson-dataformat-xml/2.9.0/jackson-dataformat-xml-2.9.0.jar:/home/user/.m2/repository/com/fasterxml/jackson/core/jackson-core/2.9.9/jackson-core-2.9.9.jar:/home/user/.m2/repository/com/fasterxml/jackson/module/jackson-module-jaxb-annotations/2.9.9/jackson-module-jaxb-annotations-2.9.9.jar:/home/user/.m2/repository/javax/enterprise/cdi-api/1.2/cdi-api-1.2.jar:/home/user/.m2/repository/javax/el/javax.el-api/3.0.0/javax.el-api-3.0.0.jar:/home/user/.m2/repository/javax/interceptor/javax.interceptor-api/1.2/javax.interceptor-api-1.2.jar:/home/user/.m2/repository/javax/inject/javax.inject/1/javax.inject-1.jar:/home/user/.m2/repository/com/sun/xml/bind/jaxb-impl/2.3.0.1/jaxb-impl-2.3.0.1.jar:/home/user/.m2/repository/com/sun/xml/bind/jaxb-core/2.3.0.1/jaxb-core-2.3.0.1.jar:/home/user/.m2/repository/javax/xml/bind/jaxb-api/2.3.0/jaxb-api-2.3.0.jar:/home/user/.m2/repository/javax/activation/activation/1.1.1/activation-1.1.1.jar:/home/user/.m2/repository/org/apache/hadoop/hadoop-ozone-csi/0.5.0-SNAPSHOT/hadoop-ozone-csi-0.5.0-SNAPSHOT.jar:/home/user/.m2/repository/com/google/protobuf/protobuf-java-util/3.5.1/protobuf-java-util-3.5.1.jar:/home/user/.m2/repository/org/apache/hadoop/hadoop-hdds-config/0.5.0-SNAPSHOT/hadoop-hdds-config-0.5.0-SNAPSHOT.jar:/home/user/.m2/repository/io/grpc/grpc-netty/1.17.1/grpc-netty-1.17.1.jar:/home/user/.m2/repository/io/grpc/grpc-core/1.17.1/grpc-core-1.17.1.jar:/home/user/.m2/repository/io/grpc/grpc-context/1.17.1/grpc-context-1.17.1.jar:/home/user/.m2/repository/com/google/errorprone/error_prone_annotations/2.2.0/error_prone_annotations-2.2.0.jar:/home/user/.m2/repository/org/codehaus/mojo/animal-sniffer-annotations/1.17/animal-sniffer-annotations-1.17.jar:/home/user/.m2/repository/io/opencensus/opencensus-api/0.17.0/opencensus-api-0.17.0.jar:/home/user/.m2/repository/io/opencensus/opencensus-contrib-grpc-metrics/0.17.0/opencensus-contrib-grpc-metrics-0.17.0.jar:/home/user/.m2/repository/io/netty/netty-codec-http2/4.1.30.Final/netty-codec-http2-4.1.30.Final.jar:/home/user/.m2/repository/io/netty/netty-codec-http/4.1.30.Final/netty-codec-http-4.1.30.Final.jar:/home/user/.m2/repository/io/netty/netty-codec/4.1.30.Final/netty-codec-4.1.30.Final.jar:/home/user/.m2/repository/io/netty/netty-handler/4.1.30.Final/netty-handler-4.1.30.Final.jar:/home/user/.m2/repository/io/netty/netty-handler-proxy/4.1.30.Final/netty-handler-proxy-4.1.30.Final.jar:/home/user/.m2/repository/io/netty/netty-codec-socks/4.1.30.Final/netty-codec-socks-4.1.30.Final.jar:/home/user/.m2/repository/io/netty/netty-transport-native-epoll/4.1.30.Final/netty-transport-native-epoll-4.1.30.Final.jar:/home/user/.m2/repository/io/netty/netty-common/4.1.30.Final/netty-common-4.1.30.Final.jar:/home/user/.m2/repository/io/netty/netty-buffer/4.1.30.Final/netty-buffer-4.1.30.Final.jar:/home/user/.m2/repository/io/netty/netty-transport/4.1.30.Final/netty-transport-4.1.30.Final.jar:/home/user/.m2/repository/io/netty/netty-resolver/4.1.30.Final/netty-resolver-4.1.30.Final.jar:/home/user/.m2/repository/io/netty/netty-transport-native-unix-common/4.1.30.Final/netty-transport-native-unix-common-4.1.30.Final.jar:/home/user/.m2/repository/io/grpc/grpc-protobuf/1.17.1/grpc-protobuf-1.17.1.jar:/home/user/.m2/repository/com/google/api/grpc/proto-google-common-protos/1.0.0/proto-google-common-protos-1.0.0.jar:/home/user/.m2/repository/io/grpc/grpc-protobuf-lite/1.17.1/grpc-protobuf-lite-1.17.1.jar:/home/user/.m2/repository/io/grpc/grpc-stub/1.17.1/grpc-stub-1.17.1.jar:/home/user/.m2/repository/org/apache/hadoop/hadoop-ozone-recon/0.5.0-SNAPSHOT/hadoop-ozone-recon-0.5.0-SNAPSHOT.jar:/home/user/.m2/repository/org/apache/hadoop/hadoop-ozone-reconcodegen/0.5.0-SNAPSHOT/hadoop-ozone-reconcodegen-0.5.0-SNAPSHOT.jar:/home/user/.m2/repository/com/google/inject/extensions/guice-multibindings/4.0/guice-multibindings-4.0.jar:/home/user/.m2/repository/com/google/inject/guice/4.0/guice-4.0.jar:/home/user/.m2/repository/aopalliance/aopalliance/1.0/aopalliance-1.0.jar:/home/user/.m2/repository/com/google/inject/extensions/guice-servlet/4.0/guice-servlet-4.0.jar:/home/user/.m2/repository/org/glassfish/jersey/containers/jersey-container-servlet/2.27/jersey-container-servlet-2.27.jar:/home/user/.m2/repository/org/glassfish/hk2/guice-bridge/2.5.0/guice-bridge-2.5.0.jar:/home/user/.m2/repository/org/glassfish/jersey/core/jersey-server/2.27/jersey-server-2.27.jar:/home/user/.m2/repository/org/glassfish/jersey/core/jersey-client/2.27/jersey-client-2.27.jar:/home/user/.m2/repository/org/glassfish/jersey/media/jersey-media-jaxb/2.27/jersey-media-jaxb-2.27.jar:/home/user/.m2/repository/javax/validation/validation-api/1.1.0.Final/validation-api-1.1.0.Final.jar:/home/user/.m2/repository/org/glassfish/jersey/media/jersey-media-json-jackson/2.27/jersey-media-json-jackson-2.27.jar:/home/user/.m2/repository/org/glassfish/jersey/ext/jersey-entity-filtering/2.27/jersey-entity-filtering-2.27.jar:/home/user/.m2/repository/com/google/inject/extensions/guice-assistedinject/4.0/guice-assistedinject-4.0.jar:/home/user/.m2/repository/org/jooq/jooq/3.11.10/jooq-3.11.10.jar:/home/user/.m2/repository/org/jooq/jooq-meta/3.11.10/jooq-meta-3.11.10.jar:/home/user/.m2/repository/org/jooq/jooq-codegen/3.11.10/jooq-codegen-3.11.10.jar:/home/user/.m2/repository/com/jolbox/bonecp/0.8.0.RELEASE/bonecp-0.8.0.RELEASE.jar:/home/user/.m2/repository/org/xerial/sqlite-jdbc/3.25.2/sqlite-jdbc-3.25.2.jar:/home/user/.m2/repository/org/springframework/spring-jdbc/5.1.3.RELEASE/spring-jdbc-5.1.3.RELEASE.jar:/home/user/.m2/repository/org/springframework/spring-beans/5.1.3.RELEASE/spring-beans-5.1.3.RELEASE.jar:/home/user/.m2/repository/org/springframework/spring-core/5.1.3.RELEASE/spring-core-5.1.3.RELEASE.jar:/home/user/.m2/repository/org/springframework/spring-jcl/5.1.3.RELEASE/spring-jcl-5.1.3.RELEASE.jar:/home/user/.m2/repository/org/springframework/spring-tx/5.1.3.RELEASE/spring-tx-5.1.3.RELEASE.jar:/home/user/.m2/repository/org/apache/hadoop/hadoop-ozone-client/0.5.0-SNAPSHOT/hadoop-ozone-client-0.5.0-SNAPSHOT.jar:/home/user/.m2/repository/commons-lang/commons-lang/2.6/commons-lang-2.6.jar:/home/user/.m2/repository/org/apache/hadoop/hadoop-ozone-ozone-manager/0.5.0-SNAPSHOT/hadoop-ozone-ozone-manager-0.5.0-SNAPSHOT-tests.jar:/home/user/.m2/repository/junit/junit/4.11/junit-4.11.jar:/home/user/.m2/repository/org/hamcrest/hamcrest-core/1.3/hamcrest-core-1.3.jar:/home/user/.m2/repository/org/openjdk/jmh/jmh-core/1.19/jmh-core-1.19.jar:/home/user/.m2/repository/net/sf/jopt-simple/jopt-simple/4.6/jopt-simple-4.6.jar:/home/user/.m2/repository/org/apache/commons/commons-math3/3.1.1/commons-math3-3.1.1.jar:/home/user/.m2/repository/org/openjdk/jmh/jmh-generator-annprocess/1.19/jmh-generator-annprocess-1.19.jar:/home/user/.m2/repository/org/mockito/mockito-all/1.8.5/mockito-all-1.8.5.jar:/home/user/.m2/repository/org/apache/hadoop/hadoop-kms/3.2.0/hadoop-kms-3.2.0.jar:/home/user/.m2/repository/org/apache/hadoop/hadoop-auth/3.2.0/hadoop-auth-3.2.0.jar:/home/user/.m2/repository/com/nimbusds/nimbus-jose-jwt/4.41.1/nimbus-jose-jwt-4.41.1.jar:/home/user/.m2/repository/com/github/stephenc/jcip/jcip-annotations/1.0-1/jcip-annotations-1.0-1.jar:/home/user/.m2/repository/net/minidev/json-smart/2.3/json-smart-2.3.jar:/home/user/.m2/repository/net/minidev/accessors-smart/1.2/accessors-smart-1.2.jar:/home/user/.m2/repository/org/ow2/asm/asm/5.0.4/asm-5.0.4.jar:/home/user/.m2/repository/org/apache/curator/curator-framework/2.12.0/curator-framework-2.12.0.jar:/home/user/.m2/repository/com/sun/jersey/jersey-core/1.19/jersey-core-1.19.jar:/home/user/.m2/repository/javax/ws/rs/jsr311-api/1.1.1/jsr311-api-1.1.1.jar:/home/user/.m2/repository/com/sun/jersey/jersey-server/1.19/jersey-server-1.19.jar:/home/user/.m2/repository/javax/servlet/javax.servlet-api/3.1.0/javax.servlet-api-3.1.0.jar:/home/user/.m2/repository/org/eclipse/jetty/jetty-server/9.3.25.v20180904/jetty-server-9.3.25.v20180904.jar:/home/user/.m2/repository/org/eclipse/jetty/jetty-http/9.3.25.v20180904/jetty-http-9.3.25.v20180904.jar:/home/user/.m2/repository/org/eclipse/jetty/jetty-io/9.3.25.v20180904/jetty-io-9.3.25.v20180904.jar:/home/user/.m2/repository/org/eclipse/jetty/jetty-webapp/9.3.25.v20180904/jetty-webapp-9.3.25.v20180904.jar:/home/user/.m2/repository/org/eclipse/jetty/jetty-xml/9.3.25.v20180904/jetty-xml-9.3.25.v20180904.jar:/home/user/.m2/repository/log4j/log4j/1.2.17/log4j-1.2.17.jar:/home/user/.m2/repository/org/slf4j/slf4j-api/1.7.25/slf4j-api-1.7.25.jar:/home/user/.m2/repository/org/slf4j/jul-to-slf4j/1.7.25/jul-to-slf4j-1.7.25.jar:/home/user/.m2/repository/org/eclipse/jetty/jetty-util/9.3.25.v20180904/jetty-util-9.3.25.v20180904.jar:/home/user/.m2/repository/com/fasterxml/jackson/core/jackson-databind/2.9.9/jackson-databind-2.9.9.jar:/home/user/.m2/repository/org/apache/hadoop/hadoop-kms/3.2.0/hadoop-kms-3.2.0-tests.jar:/home/user/.m2/repository/org/apache/hadoop/hadoop-hdds-server-scm/0.5.0-SNAPSHOT/hadoop-hdds-server-scm-0.5.0-SNAPSHOT-tests.jar:/home/user/.m2/repository/org/apache/hadoop/hadoop-hdds-container-service/0.5.0-SNAPSHOT/hadoop-hdds-container-service-0.5.0-SNAPSHOT-tests.jar:/home/user/.m2/repository/org/yaml/snakeyaml/1.16/snakeyaml-1.16.jar:/home/user/.m2/repository/org/apache/hadoop/hadoop-common/3.2.0/hadoop-common-3.2.0-tests.jar:/home/user/.m2/repository/org/apache/hadoop/hadoop-annotations/3.2.0/hadoop-annotations-3.2.0.jar:/usr/lib/jvm/java-1.8-openjdk/jre/../lib/tools.jar:/home/user/.m2/repository/commons-cli/commons-cli/1.2/commons-cli-1.2.jar:/home/user/.m2/repository/org/apache/httpcomponents/httpclient/4.5.2/httpclient-4.5.2.jar:/home/user/.m2/repository/org/apache/httpcomponents/httpcore/4.4.4/httpcore-4.4.4.jar:/home/user/.m2/repository/commons-codec/commons-codec/1.11/commons-codec-1.11.jar:/home/user/.m2/repository/commons-net/commons-net/3.6/commons-net-3.6.jar:/home/user/.m2/repository/commons-collections/commons-collections/3.2.2/commons-collections-3.2.2.jar:/home/user/.m2/repository/org/eclipse/jetty/jetty-servlet/9.3.25.v20180904/jetty-servlet-9.3.25.v20180904.jar:/home/user/.m2/repository/org/eclipse/jetty/jetty-security/9.3.25.v20180904/jetty-security-9.3.25.v20180904.jar:/home/user/.m2/repository/javax/servlet/jsp/jsp-api/2.1/jsp-api-2.1.jar:/home/user/.m2/repository/com/sun/jersey/jersey-servlet/1.19/jersey-servlet-1.19.jar:/home/user/.m2/repository/com/sun/jersey/jersey-json/1.19/jersey-json-1.19.jar:/home/user/.m2/repository/org/codehaus/jettison/jettison/1.1/jettison-1.1.jar:/home/user/.m2/repository/org/codehaus/jackson/jackson-core-asl/1.9.13/jackson-core-asl-1.9.13.jar:/home/user/.m2/repository/org/codehaus/jackson/jackson-mapper-asl/1.9.13/jackson-mapper-asl-1.9.13.jar:/home/user/.m2/repository/org/codehaus/jackson/jackson-jaxrs/1.9.13/jackson-jaxrs-1.9.13.jar:/home/user/.m2/repository/org/codehaus/jackson/jackson-xc/1.9.13/jackson-xc-1.9.13.jar:/home/user/.m2/repository/commons-logging/commons-logging/1.1.3/commons-logging-1.1.3.jar:/home/user/.m2/repository/commons-beanutils/commons-beanutils/1.9.4/commons-beanutils-1.9.4.jar:/home/user/.m2/repository/org/apache/commons/commons-configuration2/2.1.1/commons-configuration2-2.1.1.jar:/home/user/.m2/repository/org/apache/commons/commons-lang3/3.7/commons-lang3-3.7.jar:/home/user/.m2/repository/org/apache/commons/commons-text/1.4/commons-text-1.4.jar:/home/user/.m2/repository/org/apache/avro/avro/1.7.7/avro-1.7.7.jar:/home/user/.m2/repository/com/thoughtworks/paranamer/paranamer/2.3/paranamer-2.3.jar:/home/user/.m2/repository/org/xerial/snappy/snappy-java/1.0.5/snappy-java-1.0.5.jar:/home/user/.m2/repository/com/google/re2j/re2j/1.1/re2j-1.1.jar:/home/user/.m2/repository/com/google/code/gson/gson/2.2.4/gson-2.2.4.jar:/home/user/.m2/repository/com/jcraft/jsch/0.1.54/jsch-0.1.54.jar:/home/user/.m2/repository/org/apache/curator/curator-client/2.12.0/curator-client-2.12.0.jar:/home/user/.m2/repository/org/apache/curator/curator-recipes/2.12.0/curator-recipes-2.12.0.jar:/home/user/.m2/repository/com/google/code/findbugs/jsr305/3.0.0/jsr305-3.0.0.jar:/home/user/.m2/repository/org/apache/htrace/htrace-core4/4.1.0-incubating/htrace-core4-4.1.0-incubating.jar:/home/user/.m2/repository/org/apache/zookeeper/zookeeper/3.4.13/zookeeper-3.4.13.jar:/home/user/.m2/repository/jline/jline/0.9.94/jline-0.9.94.jar:/home/user/.m2/repository/org/apache/yetus/audience-annotations/0.5.0/audience-annotations-0.5.0.jar:/home/user/.m2/repository/org/codehaus/woodstox/stax2-api/3.1.4/stax2-api-3.1.4.jar:/home/user/.m2/repository/com/fasterxml/woodstox/woodstox-core/5.0.3/woodstox-core-5.0.3.jar:/home/user/.m2/repository/dnsjava/dnsjava/2.1.7/dnsjava-2.1.7.jar:/home/user/.m2/repository/org/apache/hadoop/hadoop-hdfs/3.2.0/hadoop-hdfs-3.2.0-tests.jar:/home/user/.m2/repository/org/eclipse/jetty/jetty-util-ajax/9.3.25.v20180904/jetty-util-ajax-9.3.25.v20180904.jar:/home/user/.m2/repository/commons-daemon/commons-daemon/1.0.13/commons-daemon-1.0.13.jar:/home/user/.m2/repository/io/netty/netty/3.10.5.Final/netty-3.10.5.Final.jar:/home/user/.m2/repository/io/netty/netty-all/4.0.52.Final/netty-all-4.0.52.Final.jar:/home/user/.m2/repository/org/fusesource/leveldbjni/leveldbjni-all/1.8/leveldbjni-all-1.8.jar:"/>
    <property name="java.vm.vendor" value="IcedTea"/>
    <property name="sun.arch.data.model" value="64"/>
    <property name="test.build.dir" value="/workdir/hadoop-ozone/integration-test/target/test-dir"/>
    <property name="test.cache.data" value=""/>
    <property name="java.vendor.url" value="https://icedtea.classpath.org"/>
    <property name="user.timezone" value=""/>
    <property name="java.vm.specification.version" value="1.8"/>
    <property name="os.name" value="Linux"/>
    <property name="test.build.data" value="/workdir/hadoop-ozone/integration-test/target/test-dir"/>
    <property name="user.country" value="US"/>
    <property name="sun.java.launcher" value="SUN_STANDARD"/>
    <property name="sun.boot.library.path" value="/usr/lib/jvm/java-1.8-openjdk/jre/lib/amd64"/>
    <property name="sun.java.command" value="/workdir/hadoop-ozone/integration-test/target/surefire/surefirebooter169543201202023449.jar /workdir/hadoop-ozone/integration-test/target/surefire 2019-10-12T09-59-21_147-jvmRun1 surefire1804123634325478227tmp surefire_253414204314688679815tmp"/>
    <property name="test" value="!TestMiniChaosOzoneCluster"/>
    <property name="surefire.test.class.path" value="/workdir/hadoop-ozone/integration-test/target/test-classes:/workdir/hadoop-ozone/integration-test/target/classes:/home/user/.m2/repository/org/apache/hadoop/hadoop-ozone-common/0.5.0-SNAPSHOT/hadoop-ozone-common-0.5.0-SNAPSHOT.jar:/home/user/.m2/repository/org/apache/commons/commons-compress/1.4.1/commons-compress-1.4.1.jar:/home/user/.m2/repository/org/tukaani/xz/1.0/xz-1.0.jar:/home/user/.m2/repository/org/apache/hadoop/hadoop-common/3.2.0/hadoop-common-3.2.0.jar:/home/user/.m2/repository/org/apache/hadoop/hadoop-hdfs/3.2.0/hadoop-hdfs-3.2.0.jar:/home/user/.m2/repository/org/apache/hadoop/hadoop-hdfs-client/3.2.0/hadoop-hdfs-client-3.2.0.jar:/home/user/.m2/repository/com/fasterxml/jackson/core/jackson-annotations/2.9.9/jackson-annotations-2.9.9.jar:/home/user/.m2/repository/org/apache/hadoop/hadoop-hdds-common/0.5.0-SNAPSHOT/hadoop-hdds-common-0.5.0-SNAPSHOT.jar:/home/user/.m2/repository/javax/annotation/javax.annotation-api/1.2/javax.annotation-api-1.2.jar:/home/user/.m2/repository/org/apache/ratis/ratis-server/0.5.0-201fc85-SNAPSHOT/ratis-server-0.5.0-201fc85-SNAPSHOT.jar:/home/user/.m2/repository/org/apache/ratis/ratis-thirdparty-misc/0.2.0/ratis-thirdparty-misc-0.2.0.jar:/home/user/.m2/repository/org/apache/ratis/ratis-proto/0.5.0-201fc85-SNAPSHOT/ratis-proto-0.5.0-201fc85-SNAPSHOT.jar:/home/user/.m2/repository/org/apache/ratis/ratis-common/0.5.0-201fc85-SNAPSHOT/ratis-common-0.5.0-201fc85-SNAPSHOT.jar:/home/user/.m2/repository/org/apache/ratis/ratis-client/0.5.0-201fc85-SNAPSHOT/ratis-client-0.5.0-201fc85-SNAPSHOT.jar:/home/user/.m2/repository/org/apache/ratis/ratis-metrics/0.5.0-201fc85-SNAPSHOT/ratis-metrics-0.5.0-201fc85-SNAPSHOT.jar:/home/user/.m2/repository/com/github/joshelser/dropwizard-metrics-hadoop-metrics2-reporter/0.1.2/dropwizard-metrics-hadoop-metrics2-reporter-0.1.2.jar:/home/user/.m2/repository/io/dropwizard/metrics/metrics-jvm/3.2.5/metrics-jvm-3.2.5.jar:/home/user/.m2/repository/io/dropwizard/metrics/metrics-ganglia/3.2.5/metrics-ganglia-3.2.5.jar:/home/user/.m2/repository/info/ganglia/gmetric4j/gmetric4j/1.0.7/gmetric4j-1.0.7.jar:/home/user/.m2/repository/org/apache/ratis/ratis-netty/0.5.0-201fc85-SNAPSHOT/ratis-netty-0.5.0-201fc85-SNAPSHOT.jar:/home/user/.m2/repository/org/apache/ratis/ratis-grpc/0.5.0-201fc85-SNAPSHOT/ratis-grpc-0.5.0-201fc85-SNAPSHOT.jar:/home/user/.m2/repository/org/rocksdb/rocksdbjni/6.0.1/rocksdbjni-6.0.1.jar:/home/user/.m2/repository/org/apache/logging/log4j/log4j-api/2.11.0/log4j-api-2.11.0.jar:/home/user/.m2/repository/org/apache/logging/log4j/log4j-core/2.11.0/log4j-core-2.11.0.jar:/home/user/.m2/repository/com/lmax/disruptor/3.4.2/disruptor-3.4.2.jar:/home/user/.m2/repository/org/apache/commons/commons-pool2/2.6.0/commons-pool2-2.6.0.jar:/home/user/.m2/repository/org/bouncycastle/bcpkix-jdk15on/1.60/bcpkix-jdk15on-1.60.jar:/home/user/.m2/repository/commons-validator/commons-validator/1.6/commons-validator-1.6.jar:/home/user/.m2/repository/commons-digester/commons-digester/1.8.1/commons-digester-1.8.1.jar:/home/user/.m2/repository/io/jaegertracing/jaeger-client/0.34.0/jaeger-client-0.34.0.jar:/home/user/.m2/repository/io/jaegertracing/jaeger-thrift/0.34.0/jaeger-thrift-0.34.0.jar:/home/user/.m2/repository/org/apache/thrift/libthrift/0.12.0/libthrift-0.12.0.jar:/home/user/.m2/repository/com/squareup/okhttp3/okhttp/3.9.0/okhttp-3.9.0.jar:/home/user/.m2/repository/com/squareup/okio/okio/1.13.0/okio-1.13.0.jar:/home/user/.m2/repository/io/jaegertracing/jaeger-core/0.34.0/jaeger-core-0.34.0.jar:/home/user/.m2/repository/io/jaegertracing/jaeger-tracerresolver/0.34.0/jaeger-tracerresolver-0.34.0.jar:/home/user/.m2/repository/io/opentracing/contrib/opentracing-tracerresolver/0.1.5/opentracing-tracerresolver-0.1.5.jar:/home/user/.m2/repository/io/opentracing/opentracing-util/0.31.0/opentracing-util-0.31.0.jar:/home/user/.m2/repository/io/opentracing/opentracing-api/0.31.0/opentracing-api-0.31.0.jar:/home/user/.m2/repository/io/opentracing/opentracing-noop/0.31.0/opentracing-noop-0.31.0.jar:/home/user/.m2/repository/org/apache/hadoop/hadoop-hdds-server-framework/0.5.0-SNAPSHOT/hadoop-hdds-server-framework-0.5.0-SNAPSHOT.jar:/home/user/.m2/repository/org/apache/hadoop/hadoop-hdds-container-service/0.5.0-SNAPSHOT/hadoop-hdds-container-service-0.5.0-SNAPSHOT.jar:/home/user/.m2/repository/org/apache/hadoop/hadoop-hdds-client/0.5.0-SNAPSHOT/hadoop-hdds-client-0.5.0-SNAPSHOT.jar:/home/user/.m2/repository/org/apache/hadoop/hadoop-hdds-tools/0.5.0-SNAPSHOT/hadoop-hdds-tools-0.5.0-SNAPSHOT.jar:/home/user/.m2/repository/org/apache/hadoop/hadoop-hdds-server-scm/0.5.0-SNAPSHOT/hadoop-hdds-server-scm-0.5.0-SNAPSHOT.jar:/home/user/.m2/repository/org/apache/hadoop/hadoop-hdds-docs/0.5.0-SNAPSHOT/hadoop-hdds-docs-0.5.0-SNAPSHOT.jar:/home/user/.m2/repository/io/dropwizard/metrics/metrics-core/3.2.4/metrics-core-3.2.4.jar:/home/user/.m2/repository/org/hamcrest/hamcrest-all/1.3/hamcrest-all-1.3.jar:/home/user/.m2/repository/org/bouncycastle/bcprov-jdk15on/1.60/bcprov-jdk15on-1.60.jar:/home/user/.m2/repository/info/picocli/picocli/3.9.6/picocli-3.9.6.jar:/home/user/.m2/repository/com/google/protobuf/protobuf-java/2.5.0/protobuf-java-2.5.0.jar:/home/user/.m2/repository/com/google/guava/guava/11.0.2/guava-11.0.2.jar:/home/user/.m2/repository/org/apache/hadoop/hadoop-ozone-ozone-manager/0.5.0-SNAPSHOT/hadoop-ozone-ozone-manager-0.5.0-SNAPSHOT.jar:/home/user/.m2/repository/org/apache/hadoop/hadoop-minikdc/3.2.0/hadoop-minikdc-3.2.0.jar:/home/user/.m2/repository/commons-io/commons-io/2.5/commons-io-2.5.jar:/home/user/.m2/repository/org/apache/kerby/kerb-simplekdc/1.0.1/kerb-simplekdc-1.0.1.jar:/home/user/.m2/repository/org/apache/kerby/kerb-client/1.0.1/kerb-client-1.0.1.jar:/home/user/.m2/repository/org/apache/kerby/kerby-config/1.0.1/kerby-config-1.0.1.jar:/home/user/.m2/repository/org/apache/kerby/kerb-core/1.0.1/kerb-core-1.0.1.jar:/home/user/.m2/repository/org/apache/kerby/kerby-pkix/1.0.1/kerby-pkix-1.0.1.jar:/home/user/.m2/repository/org/apache/kerby/kerby-asn1/1.0.1/kerby-asn1-1.0.1.jar:/home/user/.m2/repository/org/apache/kerby/kerby-util/1.0.1/kerby-util-1.0.1.jar:/home/user/.m2/repository/org/apache/kerby/kerb-common/1.0.1/kerb-common-1.0.1.jar:/home/user/.m2/repository/org/apache/kerby/kerb-crypto/1.0.1/kerb-crypto-1.0.1.jar:/home/user/.m2/repository/org/apache/kerby/kerb-util/1.0.1/kerb-util-1.0.1.jar:/home/user/.m2/repository/org/apache/kerby/token-provider/1.0.1/token-provider-1.0.1.jar:/home/user/.m2/repository/org/apache/kerby/kerb-admin/1.0.1/kerb-admin-1.0.1.jar:/home/user/.m2/repository/org/apache/kerby/kerb-server/1.0.1/kerb-server-1.0.1.jar:/home/user/.m2/repository/org/apache/kerby/kerb-identity/1.0.1/kerb-identity-1.0.1.jar:/home/user/.m2/repository/org/apache/kerby/kerby-xdr/1.0.1/kerby-xdr-1.0.1.jar:/home/user/.m2/repository/org/slf4j/slf4j-log4j12/1.7.25/slf4j-log4j12-1.7.25.jar:/home/user/.m2/repository/org/apache/hadoop/hadoop-ozone-s3gateway/0.5.0-SNAPSHOT/hadoop-ozone-s3gateway-0.5.0-SNAPSHOT.jar:/home/user/.m2/repository/org/jboss/weld/servlet/weld-servlet/2.4.7.Final/weld-servlet-2.4.7.Final.jar:/home/user/.m2/repository/org/glassfish/jersey/containers/jersey-container-servlet-core/2.27/jersey-container-servlet-core-2.27.jar:/home/user/.m2/repository/org/glassfish/hk2/external/javax.inject/2.5.0-b42/javax.inject-2.5.0-b42.jar:/home/user/.m2/repository/org/glassfish/jersey/core/jersey-common/2.27/jersey-common-2.27.jar:/home/user/.m2/repository/org/glassfish/hk2/osgi-resource-locator/1.0.1/osgi-resource-locator-1.0.1.jar:/home/user/.m2/repository/javax/ws/rs/javax.ws.rs-api/2.1/javax.ws.rs-api-2.1.jar:/home/user/.m2/repository/org/glassfish/jersey/ext/cdi/jersey-cdi1x/2.27/jersey-cdi1x-2.27.jar:/home/user/.m2/repository/org/glassfish/jersey/inject/jersey-hk2/2.27/jersey-hk2-2.27.jar:/home/user/.m2/repository/org/glassfish/hk2/hk2-locator/2.5.0-b42/hk2-locator-2.5.0-b42.jar:/home/user/.m2/repository/org/javassist/javassist/3.22.0-CR2/javassist-3.22.0-CR2.jar:/home/user/.m2/repository/org/glassfish/hk2/hk2-api/2.5.0/hk2-api-2.5.0.jar:/home/user/.m2/repository/org/glassfish/hk2/external/jakarta.inject/2.5.0/jakarta.inject-2.5.0.jar:/home/user/.m2/repository/org/glassfish/hk2/hk2-utils/2.5.0/hk2-utils-2.5.0.jar:/home/user/.m2/repository/jakarta/annotation/jakarta.annotation-api/1.3.4/jakarta.annotation-api-1.3.4.jar:/home/user/.m2/repository/org/glassfish/hk2/external/aopalliance-repackaged/2.5.0/aopalliance-repackaged-2.5.0.jar:/home/user/.m2/repository/com/fasterxml/jackson/dataformat/jackson-dataformat-xml/2.9.0/jackson-dataformat-xml-2.9.0.jar:/home/user/.m2/repository/com/fasterxml/jackson/core/jackson-core/2.9.9/jackson-core-2.9.9.jar:/home/user/.m2/repository/com/fasterxml/jackson/module/jackson-module-jaxb-annotations/2.9.9/jackson-module-jaxb-annotations-2.9.9.jar:/home/user/.m2/repository/javax/enterprise/cdi-api/1.2/cdi-api-1.2.jar:/home/user/.m2/repository/javax/el/javax.el-api/3.0.0/javax.el-api-3.0.0.jar:/home/user/.m2/repository/javax/interceptor/javax.interceptor-api/1.2/javax.interceptor-api-1.2.jar:/home/user/.m2/repository/javax/inject/javax.inject/1/javax.inject-1.jar:/home/user/.m2/repository/com/sun/xml/bind/jaxb-impl/2.3.0.1/jaxb-impl-2.3.0.1.jar:/home/user/.m2/repository/com/sun/xml/bind/jaxb-core/2.3.0.1/jaxb-core-2.3.0.1.jar:/home/user/.m2/repository/javax/xml/bind/jaxb-api/2.3.0/jaxb-api-2.3.0.jar:/home/user/.m2/repository/javax/activation/activation/1.1.1/activation-1.1.1.jar:/home/user/.m2/repository/org/apache/hadoop/hadoop-ozone-csi/0.5.0-SNAPSHOT/hadoop-ozone-csi-0.5.0-SNAPSHOT.jar:/home/user/.m2/repository/com/google/protobuf/protobuf-java-util/3.5.1/protobuf-java-util-3.5.1.jar:/home/user/.m2/repository/org/apache/hadoop/hadoop-hdds-config/0.5.0-SNAPSHOT/hadoop-hdds-config-0.5.0-SNAPSHOT.jar:/home/user/.m2/repository/io/grpc/grpc-netty/1.17.1/grpc-netty-1.17.1.jar:/home/user/.m2/repository/io/grpc/grpc-core/1.17.1/grpc-core-1.17.1.jar:/home/user/.m2/repository/io/grpc/grpc-context/1.17.1/grpc-context-1.17.1.jar:/home/user/.m2/repository/com/google/errorprone/error_prone_annotations/2.2.0/error_prone_annotations-2.2.0.jar:/home/user/.m2/repository/org/codehaus/mojo/animal-sniffer-annotations/1.17/animal-sniffer-annotations-1.17.jar:/home/user/.m2/repository/io/opencensus/opencensus-api/0.17.0/opencensus-api-0.17.0.jar:/home/user/.m2/repository/io/opencensus/opencensus-contrib-grpc-metrics/0.17.0/opencensus-contrib-grpc-metrics-0.17.0.jar:/home/user/.m2/repository/io/netty/netty-codec-http2/4.1.30.Final/netty-codec-http2-4.1.30.Final.jar:/home/user/.m2/repository/io/netty/netty-codec-http/4.1.30.Final/netty-codec-http-4.1.30.Final.jar:/home/user/.m2/repository/io/netty/netty-codec/4.1.30.Final/netty-codec-4.1.30.Final.jar:/home/user/.m2/repository/io/netty/netty-handler/4.1.30.Final/netty-handler-4.1.30.Final.jar:/home/user/.m2/repository/io/netty/netty-handler-proxy/4.1.30.Final/netty-handler-proxy-4.1.30.Final.jar:/home/user/.m2/repository/io/netty/netty-codec-socks/4.1.30.Final/netty-codec-socks-4.1.30.Final.jar:/home/user/.m2/repository/io/netty/netty-transport-native-epoll/4.1.30.Final/netty-transport-native-epoll-4.1.30.Final.jar:/home/user/.m2/repository/io/netty/netty-common/4.1.30.Final/netty-common-4.1.30.Final.jar:/home/user/.m2/repository/io/netty/netty-buffer/4.1.30.Final/netty-buffer-4.1.30.Final.jar:/home/user/.m2/repository/io/netty/netty-transport/4.1.30.Final/netty-transport-4.1.30.Final.jar:/home/user/.m2/repository/io/netty/netty-resolver/4.1.30.Final/netty-resolver-4.1.30.Final.jar:/home/user/.m2/repository/io/netty/netty-transport-native-unix-common/4.1.30.Final/netty-transport-native-unix-common-4.1.30.Final.jar:/home/user/.m2/repository/io/grpc/grpc-protobuf/1.17.1/grpc-protobuf-1.17.1.jar:/home/user/.m2/repository/com/google/api/grpc/proto-google-common-protos/1.0.0/proto-google-common-protos-1.0.0.jar:/home/user/.m2/repository/io/grpc/grpc-protobuf-lite/1.17.1/grpc-protobuf-lite-1.17.1.jar:/home/user/.m2/repository/io/grpc/grpc-stub/1.17.1/grpc-stub-1.17.1.jar:/home/user/.m2/repository/org/apache/hadoop/hadoop-ozone-recon/0.5.0-SNAPSHOT/hadoop-ozone-recon-0.5.0-SNAPSHOT.jar:/home/user/.m2/repository/org/apache/hadoop/hadoop-ozone-reconcodegen/0.5.0-SNAPSHOT/hadoop-ozone-reconcodegen-0.5.0-SNAPSHOT.jar:/home/user/.m2/repository/com/google/inject/extensions/guice-multibindings/4.0/guice-multibindings-4.0.jar:/home/user/.m2/repository/com/google/inject/guice/4.0/guice-4.0.jar:/home/user/.m2/repository/aopalliance/aopalliance/1.0/aopalliance-1.0.jar:/home/user/.m2/repository/com/google/inject/extensions/guice-servlet/4.0/guice-servlet-4.0.jar:/home/user/.m2/repository/org/glassfish/jersey/containers/jersey-container-servlet/2.27/jersey-container-servlet-2.27.jar:/home/user/.m2/repository/org/glassfish/hk2/guice-bridge/2.5.0/guice-bridge-2.5.0.jar:/home/user/.m2/repository/org/glassfish/jersey/core/jersey-server/2.27/jersey-server-2.27.jar:/home/user/.m2/repository/org/glassfish/jersey/core/jersey-client/2.27/jersey-client-2.27.jar:/home/user/.m2/repository/org/glassfish/jersey/media/jersey-media-jaxb/2.27/jersey-media-jaxb-2.27.jar:/home/user/.m2/repository/javax/validation/validation-api/1.1.0.Final/validation-api-1.1.0.Final.jar:/home/user/.m2/repository/org/glassfish/jersey/media/jersey-media-json-jackson/2.27/jersey-media-json-jackson-2.27.jar:/home/user/.m2/repository/org/glassfish/jersey/ext/jersey-entity-filtering/2.27/jersey-entity-filtering-2.27.jar:/home/user/.m2/repository/com/google/inject/extensions/guice-assistedinject/4.0/guice-assistedinject-4.0.jar:/home/user/.m2/repository/org/jooq/jooq/3.11.10/jooq-3.11.10.jar:/home/user/.m2/repository/org/jooq/jooq-meta/3.11.10/jooq-meta-3.11.10.jar:/home/user/.m2/repository/org/jooq/jooq-codegen/3.11.10/jooq-codegen-3.11.10.jar:/home/user/.m2/repository/com/jolbox/bonecp/0.8.0.RELEASE/bonecp-0.8.0.RELEASE.jar:/home/user/.m2/repository/org/xerial/sqlite-jdbc/3.25.2/sqlite-jdbc-3.25.2.jar:/home/user/.m2/repository/org/springframework/spring-jdbc/5.1.3.RELEASE/spring-jdbc-5.1.3.RELEASE.jar:/home/user/.m2/repository/org/springframework/spring-beans/5.1.3.RELEASE/spring-beans-5.1.3.RELEASE.jar:/home/user/.m2/repository/org/springframework/spring-core/5.1.3.RELEASE/spring-core-5.1.3.RELEASE.jar:/home/user/.m2/repository/org/springframework/spring-jcl/5.1.3.RELEASE/spring-jcl-5.1.3.RELEASE.jar:/home/user/.m2/repository/org/springframework/spring-tx/5.1.3.RELEASE/spring-tx-5.1.3.RELEASE.jar:/home/user/.m2/repository/org/apache/hadoop/hadoop-ozone-client/0.5.0-SNAPSHOT/hadoop-ozone-client-0.5.0-SNAPSHOT.jar:/home/user/.m2/repository/commons-lang/commons-lang/2.6/commons-lang-2.6.jar:/home/user/.m2/repository/org/apache/hadoop/hadoop-ozone-ozone-manager/0.5.0-SNAPSHOT/hadoop-ozone-ozone-manager-0.5.0-SNAPSHOT-tests.jar:/home/user/.m2/repository/junit/junit/4.11/junit-4.11.jar:/home/user/.m2/repository/org/hamcrest/hamcrest-core/1.3/hamcrest-core-1.3.jar:/home/user/.m2/repository/org/openjdk/jmh/jmh-core/1.19/jmh-core-1.19.jar:/home/user/.m2/repository/net/sf/jopt-simple/jopt-simple/4.6/jopt-simple-4.6.jar:/home/user/.m2/repository/org/apache/commons/commons-math3/3.1.1/commons-math3-3.1.1.jar:/home/user/.m2/repository/org/openjdk/jmh/jmh-generator-annprocess/1.19/jmh-generator-annprocess-1.19.jar:/home/user/.m2/repository/org/mockito/mockito-all/1.8.5/mockito-all-1.8.5.jar:/home/user/.m2/repository/org/apache/hadoop/hadoop-kms/3.2.0/hadoop-kms-3.2.0.jar:/home/user/.m2/repository/org/apache/hadoop/hadoop-auth/3.2.0/hadoop-auth-3.2.0.jar:/home/user/.m2/repository/com/nimbusds/nimbus-jose-jwt/4.41.1/nimbus-jose-jwt-4.41.1.jar:/home/user/.m2/repository/com/github/stephenc/jcip/jcip-annotations/1.0-1/jcip-annotations-1.0-1.jar:/home/user/.m2/repository/net/minidev/json-smart/2.3/json-smart-2.3.jar:/home/user/.m2/repository/net/minidev/accessors-smart/1.2/accessors-smart-1.2.jar:/home/user/.m2/repository/org/ow2/asm/asm/5.0.4/asm-5.0.4.jar:/home/user/.m2/repository/org/apache/curator/curator-framework/2.12.0/curator-framework-2.12.0.jar:/home/user/.m2/repository/com/sun/jersey/jersey-core/1.19/jersey-core-1.19.jar:/home/user/.m2/repository/javax/ws/rs/jsr311-api/1.1.1/jsr311-api-1.1.1.jar:/home/user/.m2/repository/com/sun/jersey/jersey-server/1.19/jersey-server-1.19.jar:/home/user/.m2/repository/javax/servlet/javax.servlet-api/3.1.0/javax.servlet-api-3.1.0.jar:/home/user/.m2/repository/org/eclipse/jetty/jetty-server/9.3.25.v20180904/jetty-server-9.3.25.v20180904.jar:/home/user/.m2/repository/org/eclipse/jetty/jetty-http/9.3.25.v20180904/jetty-http-9.3.25.v20180904.jar:/home/user/.m2/repository/org/eclipse/jetty/jetty-io/9.3.25.v20180904/jetty-io-9.3.25.v20180904.jar:/home/user/.m2/repository/org/eclipse/jetty/jetty-webapp/9.3.25.v20180904/jetty-webapp-9.3.25.v20180904.jar:/home/user/.m2/repository/org/eclipse/jetty/jetty-xml/9.3.25.v20180904/jetty-xml-9.3.25.v20180904.jar:/home/user/.m2/repository/log4j/log4j/1.2.17/log4j-1.2.17.jar:/home/user/.m2/repository/org/slf4j/slf4j-api/1.7.25/slf4j-api-1.7.25.jar:/home/user/.m2/repository/org/slf4j/jul-to-slf4j/1.7.25/jul-to-slf4j-1.7.25.jar:/home/user/.m2/repository/org/eclipse/jetty/jetty-util/9.3.25.v20180904/jetty-util-9.3.25.v20180904.jar:/home/user/.m2/repository/com/fasterxml/jackson/core/jackson-databind/2.9.9/jackson-databind-2.9.9.jar:/home/user/.m2/repository/org/apache/hadoop/hadoop-kms/3.2.0/hadoop-kms-3.2.0-tests.jar:/home/user/.m2/repository/org/apache/hadoop/hadoop-hdds-server-scm/0.5.0-SNAPSHOT/hadoop-hdds-server-scm-0.5.0-SNAPSHOT-tests.jar:/home/user/.m2/repository/org/apache/hadoop/hadoop-hdds-container-service/0.5.0-SNAPSHOT/hadoop-hdds-container-service-0.5.0-SNAPSHOT-tests.jar:/home/user/.m2/repository/org/yaml/snakeyaml/1.16/snakeyaml-1.16.jar:/home/user/.m2/repository/org/apache/hadoop/hadoop-common/3.2.0/hadoop-common-3.2.0-tests.jar:/home/user/.m2/repository/org/apache/hadoop/hadoop-annotations/3.2.0/hadoop-annotations-3.2.0.jar:/usr/lib/jvm/java-1.8-openjdk/jre/../lib/tools.jar:/home/user/.m2/repository/commons-cli/commons-cli/1.2/commons-cli-1.2.jar:/home/user/.m2/repository/org/apache/httpcomponents/httpclient/4.5.2/httpclient-4.5.2.jar:/home/user/.m2/repository/org/apache/httpcomponents/httpcore/4.4.4/httpcore-4.4.4.jar:/home/user/.m2/repository/commons-codec/commons-codec/1.11/commons-codec-1.11.jar:/home/user/.m2/repository/commons-net/commons-net/3.6/commons-net-3.6.jar:/home/user/.m2/repository/commons-collections/commons-collections/3.2.2/commons-collections-3.2.2.jar:/home/user/.m2/repository/org/eclipse/jetty/jetty-servlet/9.3.25.v20180904/jetty-servlet-9.3.25.v20180904.jar:/home/user/.m2/repository/org/eclipse/jetty/jetty-security/9.3.25.v20180904/jetty-security-9.3.25.v20180904.jar:/home/user/.m2/repository/javax/servlet/jsp/jsp-api/2.1/jsp-api-2.1.jar:/home/user/.m2/repository/com/sun/jersey/jersey-servlet/1.19/jersey-servlet-1.19.jar:/home/user/.m2/repository/com/sun/jersey/jersey-json/1.19/jersey-json-1.19.jar:/home/user/.m2/repository/org/codehaus/jettison/jettison/1.1/jettison-1.1.jar:/home/user/.m2/repository/org/codehaus/jackson/jackson-core-asl/1.9.13/jackson-core-asl-1.9.13.jar:/home/user/.m2/repository/org/codehaus/jackson/jackson-mapper-asl/1.9.13/jackson-mapper-asl-1.9.13.jar:/home/user/.m2/repository/org/codehaus/jackson/jackson-jaxrs/1.9.13/jackson-jaxrs-1.9.13.jar:/home/user/.m2/repository/org/codehaus/jackson/jackson-xc/1.9.13/jackson-xc-1.9.13.jar:/home/user/.m2/repository/commons-logging/commons-logging/1.1.3/commons-logging-1.1.3.jar:/home/user/.m2/repository/commons-beanutils/commons-beanutils/1.9.4/commons-beanutils-1.9.4.jar:/home/user/.m2/repository/org/apache/commons/commons-configuration2/2.1.1/commons-configuration2-2.1.1.jar:/home/user/.m2/repository/org/apache/commons/commons-lang3/3.7/commons-lang3-3.7.jar:/home/user/.m2/repository/org/apache/commons/commons-text/1.4/commons-text-1.4.jar:/home/user/.m2/repository/org/apache/avro/avro/1.7.7/avro-1.7.7.jar:/home/user/.m2/repository/com/thoughtworks/paranamer/paranamer/2.3/paranamer-2.3.jar:/home/user/.m2/repository/org/xerial/snappy/snappy-java/1.0.5/snappy-java-1.0.5.jar:/home/user/.m2/repository/com/google/re2j/re2j/1.1/re2j-1.1.jar:/home/user/.m2/repository/com/google/code/gson/gson/2.2.4/gson-2.2.4.jar:/home/user/.m2/repository/com/jcraft/jsch/0.1.54/jsch-0.1.54.jar:/home/user/.m2/repository/org/apache/curator/curator-client/2.12.0/curator-client-2.12.0.jar:/home/user/.m2/repository/org/apache/curator/curator-recipes/2.12.0/curator-recipes-2.12.0.jar:/home/user/.m2/repository/com/google/code/findbugs/jsr305/3.0.0/jsr305-3.0.0.jar:/home/user/.m2/repository/org/apache/htrace/htrace-core4/4.1.0-incubating/htrace-core4-4.1.0-incubating.jar:/home/user/.m2/repository/org/apache/zookeeper/zookeeper/3.4.13/zookeeper-3.4.13.jar:/home/user/.m2/repository/jline/jline/0.9.94/jline-0.9.94.jar:/home/user/.m2/repository/org/apache/yetus/audience-annotations/0.5.0/audience-annotations-0.5.0.jar:/home/user/.m2/repository/org/codehaus/woodstox/stax2-api/3.1.4/stax2-api-3.1.4.jar:/home/user/.m2/repository/com/fasterxml/woodstox/woodstox-core/5.0.3/woodstox-core-5.0.3.jar:/home/user/.m2/repository/dnsjava/dnsjava/2.1.7/dnsjava-2.1.7.jar:/home/user/.m2/repository/org/apache/hadoop/hadoop-hdfs/3.2.0/hadoop-hdfs-3.2.0-tests.jar:/home/user/.m2/repository/org/eclipse/jetty/jetty-util-ajax/9.3.25.v20180904/jetty-util-ajax-9.3.25.v20180904.jar:/home/user/.m2/repository/commons-daemon/commons-daemon/1.0.13/commons-daemon-1.0.13.jar:/home/user/.m2/repository/io/netty/netty/3.10.5.Final/netty-3.10.5.Final.jar:/home/user/.m2/repository/io/netty/netty-all/4.0.52.Final/netty-all-4.0.52.Final.jar:/home/user/.m2/repository/org/fusesource/leveldbjni/leveldbjni-all/1.8/leveldbjni-all-1.8.jar:"/>
    <property name="sun.cpu.endian" value="little"/>
    <property name="user.home" value="/home/user"/>
    <property name="user.language" value="en"/>
    <property name="java.specification.vendor" value="Oracle Corporation"/>
    <property name="java.home" value="/usr/lib/jvm/java-1.8-openjdk/jre"/>
    <property name="java.security.krb5.conf" value="/workdir/hadoop-ozone/integration-test/target/test-classes/krb5.conf"/>
    <property name="basedir" value="/workdir/hadoop-ozone/integration-test"/>
    <property name="file.separator" value="/"/>
    <property name="line.separator" value="&#10;"/>
    <property name="java.vm.specification.vendor" value="Oracle Corporation"/>
    <property name="java.specification.name" value="Java Platform API Specification"/>
    <property name="java.awt.graphicsenv" value="sun.awt.X11GraphicsEnvironment"/>
    <property name="surefire.real.class.path" value="/workdir/hadoop-ozone/integration-test/target/surefire/surefirebooter169543201202023449.jar"/>
    <property name="hadoop.log.dir" value="/workdir/hadoop-ozone/integration-test/target/log"/>
    <property name="sun.boot.class.path" value="/usr/lib/jvm/java-1.8-openjdk/jre/lib/resources.jar:/usr/lib/jvm/java-1.8-openjdk/jre/lib/rt.jar:/usr/lib/jvm/java-1.8-openjdk/jre/lib/sunrsasign.jar:/usr/lib/jvm/java-1.8-openjdk/jre/lib/jsse.jar:/usr/lib/jvm/java-1.8-openjdk/jre/lib/jce.jar:/usr/lib/jvm/java-1.8-openjdk/jre/lib/charsets.jar:/usr/lib/jvm/java-1.8-openjdk/jre/lib/jfr.jar:/usr/lib/jvm/java-1.8-openjdk/jre/classes"/>
    <property name="sun.management.compiler" value="HotSpot 64-Bit Tiered Compilers"/>
    <property name="java.runtime.version" value="1.8.0_212-b04"/>
    <property name="java.net.preferIPv4Stack" value="true"/>
    <property name="user.name" value="jenkins1000"/>
    <property name="path.separator" value=":"/>
    <property name="java.security.egd" value="file:///dev/urandom"/>
    <property name="os.version" value="3.10.0-957.12.2.el7.x86_64"/>
    <property name="java.endorsed.dirs" value="/usr/lib/jvm/java-1.8-openjdk/jre/lib/endorsed"/>
    <property name="java.runtime.name" value="OpenJDK Runtime Environment"/>
    <property name="file.encoding" value="UTF-8"/>
    <property name="java.vm.name" value="OpenJDK 64-Bit Server VM"/>
    <property name="test.build.webapps" value=""/>
    <property name="localRepository" value="/home/user/.m2/repository"/>
    <property name="java.vendor.url.bug" value="https://icedtea.classpath.org/bugzilla"/>
    <property name="java.io.tmpdir" value="/tmp"/>
    <property name="require.test.libhadoop" value=""/>
    <property name="java.version" value="1.8.0_212"/>
    <property name="user.dir" value="/workdir/hadoop-ozone/integration-test"/>
    <property name="os.arch" value="amd64"/>
    <property name="java.vm.specification.name" value="Java Virtual Machine Specification"/>
    <property name="test.build.classes" value="/workdir/hadoop-ozone/integration-test/target/test-classes"/>
    <property name="java.awt.printerjob" value="sun.print.PSPrinterJob"/>
    <property name="sun.os.patch.level" value="unknown"/>
    <property name="hadoop.tmp.dir" value="/workdir/hadoop-ozone/integration-test/target/tmp"/>
    <property name="java.library.path" value="/usr/lib/jvm/java-1.8-openjdk/jre/lib/amd64/server:/usr/lib/jvm/java-1.8-openjdk/jre/lib/amd64:/usr/lib/jvm/java-1.8-openjdk/jre/../lib/amd64:/workdir/hadoop-ozone/integration-test/target/native/target/usr/local/lib:/workdir/hadoop-ozone/integration-test/../../hadoop-common-project/hadoop-common/target/native/target/usr/local/lib:/usr/java/packages/lib/amd64:/usr/lib64:/lib64:/lib:/usr/lib"/>
    <property name="java.vm.info" value="mixed mode"/>
    <property name="java.vendor" value="IcedTea"/>
    <property name="java.vm.version" value="25.212-b04"/>
    <property name="java.ext.dirs" value="/usr/lib/jvm/java-1.8-openjdk/jre/lib/ext:/usr/java/packages/lib/ext"/>
    <property name="sun.io.unicode.encoding" value="UnicodeLittle"/>
    <property name="java.class.version" value="52.0"/>
  </properties>
  <testcase name="testGroupMismatchExceptionHandling" classname="org.apache.hadoop.ozone.client.rpc.TestOzoneClientRetriesOnException" time="48.422"/>
  <testcase name="testMaxRetriesByOzoneClient" classname="org.apache.hadoop.ozone.client.rpc.TestOzoneClientRetriesOnException" time="126.983">
    <error message="Failed to command cmdType: CreateContainer&#10;containerID: 1&#10;datanodeUuid: &quot;613f4f72-aa2b-4fc8-96c5-2be837cde81d&quot;&#10;createContainer {&#10;}&#10;" type="java.io.IOException">java.io.IOException: 
Failed to command cmdType: CreateContainer
containerID: 1
datanodeUuid: "613f4f72-aa2b-4fc8-96c5-2be837cde81d"
createContainer {
}

	at org.apache.hadoop.hdds.scm.XceiverClientSpi.sendCommand(XceiverClientSpi.java:113)
	at org.apache.hadoop.ozone.client.rpc.TestOzoneClientRetriesOnException.testMaxRetriesByOzoneClient(TestOzoneClientRetriesOnException.java:190)
	at sun.reflect.NativeMethodAccessorImpl.invoke0(Native Method)
	at sun.reflect.NativeMethodAccessorImpl.invoke(NativeMethodAccessorImpl.java:62)
	at sun.reflect.DelegatingMethodAccessorImpl.invoke(DelegatingMethodAccessorImpl.java:43)
	at java.lang.reflect.Method.invoke(Method.java:498)
	at org.junit.runners.model.FrameworkMethod$1.runReflectiveCall(FrameworkMethod.java:47)
	at org.junit.internal.runners.model.ReflectiveCallable.run(ReflectiveCallable.java:12)
	at org.junit.runners.model.FrameworkMethod.invokeExplosively(FrameworkMethod.java:44)
	at org.junit.internal.runners.statements.InvokeMethod.evaluate(InvokeMethod.java:17)
	at org.junit.internal.runners.statements.RunBefores.evaluate(RunBefores.java:26)
	at org.junit.internal.runners.statements.RunAfters.evaluate(RunAfters.java:27)
	at org.junit.runners.ParentRunner.runLeaf(ParentRunner.java:271)
	at org.junit.runners.BlockJUnit4ClassRunner.runChild(BlockJUnit4ClassRunner.java:70)
	at org.junit.runners.BlockJUnit4ClassRunner.runChild(BlockJUnit4ClassRunner.java:50)
	at org.junit.runners.ParentRunner$3.run(ParentRunner.java:238)
	at org.junit.runners.ParentRunner$1.schedule(ParentRunner.java:63)
	at org.junit.runners.ParentRunner.runChildren(ParentRunner.java:236)
	at org.junit.runners.ParentRunner.access$000(ParentRunner.java:53)
	at org.junit.runners.ParentRunner$2.evaluate(ParentRunner.java:229)
	at org.junit.runners.ParentRunner.run(ParentRunner.java:309)
	at org.apache.maven.surefire.junit4.JUnit4Provider.execute(JUnit4Provider.java:365)
	at org.apache.maven.surefire.junit4.JUnit4Provider.executeWithRerun(JUnit4Provider.java:273)
	at org.apache.maven.surefire.junit4.JUnit4Provider.executeTestSet(JUnit4Provider.java:238)
	at org.apache.maven.surefire.junit4.JUnit4Provider.invoke(JUnit4Provider.java:159)
	at org.apache.maven.surefire.booter.ForkedBooter.invokeProviderInSameClassLoader(ForkedBooter.java:384)
	at org.apache.maven.surefire.booter.ForkedBooter.runSuitesInProcess(ForkedBooter.java:345)
	at org.apache.maven.surefire.booter.ForkedBooter.execute(ForkedBooter.java:126)
	at org.apache.maven.surefire.booter.ForkedBooter.main(ForkedBooter.java:418)
Caused by: java.util.concurrent.ExecutionException: org.apache.ratis.protocol.RaftRetryFailureException: Failed RaftClientRequest:client-356D0E89D832->613f4f72-aa2b-4fc8-96c5-2be837cde81d@group-2943DE0C8191, cid=13, seq=4*, RW, cmdType: CreateContainer
traceID: "434eeca2f275a658:434eeca2f275a658:0:0"
containerID: 1
datanodeUuid: "613f4f72-aa2b-4fc8-96c5-2be837cde81d"
createContainer {
}
, data.size=0 for 180 attempts with RetryLimited(maxAttempts=180, sleepTime=1000ms)
	at java.util.concurrent.CompletableFuture.reportGet(CompletableFuture.java:357)
	at java.util.concurrent.CompletableFuture.get(CompletableFuture.java:1895)
	at org.apache.hadoop.hdds.scm.XceiverClientSpi.sendCommand(XceiverClientSpi.java:110)
	... 28 more
Caused by: org.apache.ratis.protocol.RaftRetryFailureException: Failed RaftClientRequest:client-356D0E89D832->613f4f72-aa2b-4fc8-96c5-2be837cde81d@group-2943DE0C8191, cid=13, seq=4*, RW, cmdType: CreateContainer
traceID: "434eeca2f275a658:434eeca2f275a658:0:0"
containerID: 1
datanodeUuid: "613f4f72-aa2b-4fc8-96c5-2be837cde81d"
createContainer {
}
, data.size=0 for 180 attempts with RetryLimited(maxAttempts=180, sleepTime=1000ms)
	at org.apache.ratis.client.impl.RaftClientImpl.noMoreRetries(RaftClientImpl.java:271)
	at org.apache.ratis.client.impl.OrderedAsync.handleAsyncRetryFailure(OrderedAsync.java:138)
	at org.apache.ratis.client.impl.OrderedAsync.lambda$sendRequest$10(OrderedAsync.java:230)
	at java.util.concurrent.CompletableFuture.uniExceptionally(CompletableFuture.java:870)
	at java.util.concurrent.CompletableFuture$UniExceptionally.tryFire(CompletableFuture.java:852)
	at java.util.concurrent.CompletableFuture.postComplete(CompletableFuture.java:474)
	at java.util.concurrent.CompletableFuture.completeExceptionally(CompletableFuture.java:1977)
	at org.apache.ratis.grpc.client.GrpcClientProtocolClient$AsyncStreamObservers.completeReplyExceptionally(GrpcClientProtocolClient.java:345)
	at org.apache.ratis.grpc.client.GrpcClientProtocolClient$AsyncStreamObservers.access$000(GrpcClientProtocolClient.java:261)
	at org.apache.ratis.grpc.client.GrpcClientProtocolClient$AsyncStreamObservers$1.onNext(GrpcClientProtocolClient.java:273)
	at org.apache.ratis.grpc.client.GrpcClientProtocolClient$AsyncStreamObservers$1.onNext(GrpcClientProtocolClient.java:264)
	at org.apache.ratis.thirdparty.io.grpc.stub.ClientCalls$StreamObserverToCallListenerAdapter.onMessage(ClientCalls.java:421)
	at org.apache.ratis.thirdparty.io.grpc.ForwardingClientCallListener.onMessage(ForwardingClientCallListener.java:33)
	at org.apache.ratis.thirdparty.io.grpc.ForwardingClientCallListener.onMessage(ForwardingClientCallListener.java:33)
	at org.apache.ratis.thirdparty.io.grpc.internal.ClientCallImpl$ClientStreamListenerImpl$1MessagesAvailable.runInContext(ClientCallImpl.java:519)
	at org.apache.ratis.thirdparty.io.grpc.internal.ContextRunnable.run(ContextRunnable.java:37)
	at org.apache.ratis.thirdparty.io.grpc.internal.SerializingExecutor.run(SerializingExecutor.java:123)
	at java.util.concurrent.ThreadPoolExecutor.runWorker(ThreadPoolExecutor.java:1149)
	at java.util.concurrent.ThreadPoolExecutor$Worker.run(ThreadPoolExecutor.java:624)
	at java.lang.Thread.run(Thread.java:748)
Caused by: org.apache.ratis.protocol.NotLeaderException: Server 613f4f72-aa2b-4fc8-96c5-2be837cde81d@group-2943DE0C8191 is not the leader 0ef3defa-20aa-4816-9881-210631c2b677:192.168.5.134:34597
	at org.apache.ratis.client.impl.ClientProtoUtils.toRaftClientReply(ClientProtoUtils.java:243)
	at org.apache.ratis.grpc.client.GrpcClientProtocolClient$AsyncStreamObservers$1.onNext(GrpcClientProtocolClient.java:269)
	... 10 more
</error>
    <system-out><![CDATA[2019-10-12 10:41:11,288 [main] WARN  server.ServerUtils (ServerUtils.java:getScmDbDir(145)) - ozone.scm.db.dirs is not configured. We recommend adding this setting. Falling back to ozone.metadata.dirs instead.
2019-10-12 10:41:11,304 [main] WARN  server.ServerUtils (ServerUtils.java:getScmDbDir(145)) - ozone.scm.db.dirs is not configured. We recommend adding this setting. Falling back to ozone.metadata.dirs instead.
2019-10-12 10:41:11,304 [main] WARN  server.ServerUtils (ServerUtils.java:getScmDbDir(145)) - ozone.scm.db.dirs is not configured. We recommend adding this setting. Falling back to ozone.metadata.dirs instead.
2019-10-12 10:41:11,305 [main] INFO  db.DBStoreBuilder (DBStoreBuilder.java:addTable(117)) - using custom profile for table: deletedBlocks
2019-10-12 10:41:11,305 [main] INFO  db.DBStoreBuilder (DBStoreBuilder.java:processTables(168)) - Using default column profile:DBProfile.DISK for Table:deletedBlocks
2019-10-12 10:41:11,305 [main] INFO  db.DBStoreBuilder (DBStoreBuilder.java:addTable(117)) - using custom profile for table: validCerts
2019-10-12 10:41:11,305 [main] INFO  db.DBStoreBuilder (DBStoreBuilder.java:processTables(168)) - Using default column profile:DBProfile.DISK for Table:validCerts
2019-10-12 10:41:11,306 [main] INFO  db.DBStoreBuilder (DBStoreBuilder.java:addTable(117)) - using custom profile for table: revokedCerts
2019-10-12 10:41:11,306 [main] INFO  db.DBStoreBuilder (DBStoreBuilder.java:processTables(168)) - Using default column profile:DBProfile.DISK for Table:revokedCerts
2019-10-12 10:41:11,306 [main] INFO  db.DBStoreBuilder (DBStoreBuilder.java:addTable(117)) - using custom profile for table: default
2019-10-12 10:41:11,306 [main] INFO  db.DBStoreBuilder (DBStoreBuilder.java:processTables(174)) - Using default column profile:DBProfile.DISK for Table:default
2019-10-12 10:41:11,307 [main] INFO  db.DBStoreBuilder (DBStoreBuilder.java:getDbProfile(205)) - Using default options. DBProfile.DISK
2019-10-12 10:41:11,447 [main] INFO  net.NodeSchemaLoader (NodeSchemaLoader.java:loadSchemaFromFile(125)) - Loading file from sun.misc.CompoundEnumeration@75b6dd5b
2019-10-12 10:41:11,447 [main] INFO  net.NodeSchemaLoader (NodeSchemaLoader.java:loadSchema(171)) - Loading network topology layer schema file
2019-10-12 10:41:11,452 [main] WARN  server.ServerUtils (ServerUtils.java:sanitizeUserArgs(70)) - ozone.scm.stale.node.interval value = 300000 is larger than max = 100000 based on the key value of ozone.scm.heartbeat.thread.interval, reset to the max value 100000.
2019-10-12 10:41:11,452 [main] WARN  server.ServerUtils (ServerUtils.java:sanitizeUserArgs(70)) - ozone.scm.stale.node.interval value = 300000 is larger than max = 100000 based on the key value of ozone.scm.heartbeat.thread.interval, reset to the max value 100000.
2019-10-12 10:41:11,453 [main] INFO  node.SCMNodeManager (SCMNodeManager.java:<init>(116)) - Entering startup safe mode.
2019-10-12 10:41:11,453 [main] INFO  algorithms.ContainerPlacementPolicyFactory (ContainerPlacementPolicyFactory.java:getPolicy(57)) - Create container placement policy of type org.apache.hadoop.hdds.scm.container.placement.algorithms.SCMContainerPlacementRandom
2019-10-12 10:41:11,454 [main] WARN  server.ServerUtils (ServerUtils.java:getScmDbDir(145)) - ozone.scm.db.dirs is not configured. We recommend adding this setting. Falling back to ozone.metadata.dirs instead.
2019-10-12 10:41:11,476 [main] INFO  pipeline.SCMPipelineManager (SCMPipelineManager.java:initializePipelineState(150)) - No pipeline exists in current db
2019-10-12 10:41:11,476 [main] WARN  server.ServerUtils (ServerUtils.java:getScmDbDir(145)) - ozone.scm.db.dirs is not configured. We recommend adding this setting. Falling back to ozone.metadata.dirs instead.
2019-10-12 10:41:11,500 [main] INFO  safemode.HealthyPipelineSafeModeRule (HealthyPipelineSafeModeRule.java:<init>(89)) -  Total pipeline count is 0, healthy pipeline threshold count is 1
2019-10-12 10:41:11,500 [main] INFO  safemode.OneReplicaPipelineSafeModeRule (OneReplicaPipelineSafeModeRule.java:<init>(88)) - Total pipeline count is 0, pipeline's with at least one datanode reported threshold count is 0
2019-10-12 10:41:11,500 [main] WARN  events.EventQueue (EventQueue.java:fireEvent(183)) - No event handler registered for event TypedEvent{payloadType=SafeModeStatus, name='SafeModeStatus'}
2019-10-12 10:41:11,501 [main] INFO  ipc.CallQueueManager (CallQueueManager.java:<init>(84)) - Using callQueue: class java.util.concurrent.LinkedBlockingQueue, queueCapacity: 2000, scheduler: class org.apache.hadoop.ipc.DefaultRpcScheduler, ipcBackoff: false.
2019-10-12 10:41:11,502 [Socket Reader #1 for port 45648] INFO  ipc.Server (Server.java:run(1074)) - Starting Socket Reader #1 for port 45648
2019-10-12 10:41:11,504 [main] INFO  ipc.CallQueueManager (CallQueueManager.java:<init>(84)) - Using callQueue: class java.util.concurrent.LinkedBlockingQueue, queueCapacity: 2000, scheduler: class org.apache.hadoop.ipc.DefaultRpcScheduler, ipcBackoff: false.
2019-10-12 10:41:11,505 [Socket Reader #1 for port 41701] INFO  ipc.Server (Server.java:run(1074)) - Starting Socket Reader #1 for port 41701
2019-10-12 10:41:11,507 [main] INFO  ipc.CallQueueManager (CallQueueManager.java:<init>(84)) - Using callQueue: class java.util.concurrent.LinkedBlockingQueue, queueCapacity: 2000, scheduler: class org.apache.hadoop.ipc.DefaultRpcScheduler, ipcBackoff: false.
2019-10-12 10:41:11,508 [Socket Reader #1 for port 44643] INFO  ipc.Server (Server.java:run(1074)) - Starting Socket Reader #1 for port 44643
2019-10-12 10:41:11,510 [main] INFO  hdfs.DFSUtil (DFSUtil.java:httpServerTemplateForNNAndJN(1641)) - Starting Web-server for scm at: http://0.0.0.0:0
2019-10-12 10:41:11,513 [main] INFO  server.AuthenticationFilter (AuthenticationFilter.java:constructSecretProvider(240)) - Unable to initialize FileSignerSecretProvider, falling back to use random secrets.
2019-10-12 10:41:11,514 [main] WARN  http.HttpRequestLog (HttpRequestLog.java:getRequestLog(97)) - Jetty request log can only be enabled using Log4j
2019-10-12 10:41:11,517 [main] INFO  http.HttpServer2 (HttpServer2.java:addGlobalFilter(975)) - Added global filter 'safety' (class=org.apache.hadoop.http.HttpServer2$QuotingInputFilter)
2019-10-12 10:41:11,518 [main] INFO  http.HttpServer2 (HttpServer2.java:addFilter(948)) - Added filter static_user_filter (class=org.apache.hadoop.http.lib.StaticUserWebFilter$StaticUserFilter) to context scm
2019-10-12 10:41:11,519 [main] INFO  http.HttpServer2 (HttpServer2.java:addFilter(958)) - Added filter static_user_filter (class=org.apache.hadoop.http.lib.StaticUserWebFilter$StaticUserFilter) to context logs
2019-10-12 10:41:11,519 [main] INFO  http.HttpServer2 (HttpServer2.java:addFilter(958)) - Added filter static_user_filter (class=org.apache.hadoop.http.lib.StaticUserWebFilter$StaticUserFilter) to context static
2019-10-12 10:41:11,523 [main] INFO  server.StorageContainerManager (StorageContainerManager.java:start(771)) - StorageContainerLocationProtocol RPC server is listening at /0.0.0.0:44643
2019-10-12 10:41:11,526 [main] WARN  impl.MetricsConfig (MetricsConfig.java:loadFirst(134)) - Cannot locate configuration: tried hadoop-metrics2-storagecontainermanager.properties,hadoop-metrics2.properties
2019-10-12 10:41:11,528 [main] INFO  impl.MetricsSystemImpl (MetricsSystemImpl.java:startTimer(374)) - Scheduled Metric snapshot period at 10 second(s).
2019-10-12 10:41:11,528 [main] INFO  impl.MetricsSystemImpl (MetricsSystemImpl.java:start(191)) - StorageContainerManager metrics system started
2019-10-12 10:41:11,594 [main] WARN  impl.MetricsSystemImpl (MetricsSystemImpl.java:register(276)) - Sink prometheus already exists!
2019-10-12 10:41:11,601 [main] INFO  server.SCMClientProtocolServer (SCMClientProtocolServer.java:start(159)) - RPC server for Client  is listening at /0.0.0.0:44643
2019-10-12 10:41:11,601 [IPC Server Responder] INFO  ipc.Server (Server.java:run(1314)) - IPC Server Responder: starting
2019-10-12 10:41:11,601 [IPC Server listener on 44643] INFO  ipc.Server (Server.java:run(1153)) - IPC Server listener on 44643: starting
2019-10-12 10:41:11,605 [main] INFO  server.StorageContainerManager (StorageContainerManager.java:start(781)) - ScmBlockLocationProtocol RPC server is listening at /0.0.0.0:41701
2019-10-12 10:41:11,606 [main] INFO  server.SCMBlockProtocolServer (SCMBlockProtocolServer.java:start(146)) - RPC server for Block Protocol is listening at /0.0.0.0:41701
2019-10-12 10:41:11,606 [IPC Server Responder] INFO  ipc.Server (Server.java:run(1314)) - IPC Server Responder: starting
2019-10-12 10:41:11,607 [IPC Server listener on 41701] INFO  ipc.Server (Server.java:run(1153)) - IPC Server listener on 41701: starting
2019-10-12 10:41:11,611 [main] INFO  server.StorageContainerManager (StorageContainerManager.java:start(785)) - ScmDatanodeProtocl RPC server is listening at /0.0.0.0:45648
2019-10-12 10:41:11,611 [main] INFO  server.SCMDatanodeProtocolServer (SCMDatanodeProtocolServer.java:start(177)) - RPC server for DataNodes is listening at /0.0.0.0:45648
2019-10-12 10:41:11,611 [IPC Server Responder] INFO  ipc.Server (Server.java:run(1314)) - IPC Server Responder: starting
2019-10-12 10:41:11,612 [IPC Server listener on 45648] INFO  ipc.Server (Server.java:run(1153)) - IPC Server listener on 45648: starting
2019-10-12 10:41:11,616 [main] INFO  http.HttpServer2 (HttpServer2.java:bindListener(1191)) - Jetty bound to port 39259
2019-10-12 10:41:11,616 [main] INFO  server.Server (Server.java:doStart(351)) - jetty-9.3.25.v20180904, build timestamp: 2018-09-04T21:11:46Z, git hash: 3ce520221d0240229c862b122d2b06c12a625732
2019-10-12 10:41:11,618 [main] INFO  handler.ContextHandler (ContextHandler.java:doStart(781)) - Started o.e.j.s.ServletContextHandler@2b1cd7bc{/logs,file:///workdir/hadoop-ozone/integration-test/target/log,AVAILABLE}
2019-10-12 10:41:11,619 [main] INFO  handler.ContextHandler (ContextHandler.java:doStart(781)) - Started o.e.j.s.ServletContextHandler@2e32fc22{/static,file:///workdir/hadoop-ozone/integration-test/target/test-classes/webapps/static,AVAILABLE}
2019-10-12 10:41:11,624 [main] INFO  handler.ContextHandler (ContextHandler.java:doStart(781)) - Started o.e.j.w.WebAppContext@2ffb3aec{/,file:///workdir/hadoop-ozone/integration-test/target/test-classes/webapps/scm/,AVAILABLE}{/scm}
2019-10-12 10:41:11,624 [main] INFO  server.AbstractConnector (AbstractConnector.java:doStart(278)) - Started ServerConnector@786ff1cb{HTTP/1.1,[http/1.1]}{0.0.0.0:39259}
2019-10-12 10:41:11,625 [main] INFO  server.Server (Server.java:doStart(419)) - Started @49393ms
2019-10-12 10:41:11,625 [main] WARN  impl.MetricsSystemImpl (MetricsSystemImpl.java:register(276)) - Sink prometheus already exists!
2019-10-12 10:41:11,627 [main] INFO  server.BaseHttpServer (BaseHttpServer.java:updateConnectorAddress(215)) - HTTP server of SCM is listening at http://0.0.0.0:39259
2019-10-12 10:41:11,629 [main] WARN  server.ServerUtils (ServerUtils.java:getDBPath(222)) - ozone.om.db.dirs is not configured. We recommend adding this setting. Falling back to ozone.metadata.dirs instead.
2019-10-12 10:41:11,629 [org.apache.hadoop.util.JvmPauseMonitor$Monitor@431e86b1] INFO  util.JvmPauseMonitor (JvmPauseMonitor.java:run(188)) - Starting JVM pause monitor
2019-10-12 10:41:11,642 [main] INFO  ha.OMHANodeDetails (OMHANodeDetails.java:loadOMHAConfig(190)) - Configuration either no ozone.om.address set. Falling back to the default OM address /127.0.0.1:0
2019-10-12 10:41:11,642 [main] INFO  ha.OMHANodeDetails (OMHANodeDetails.java:getOMNodeDetails(220)) - OM Service ID is not set. Setting it to the default ID: omServiceIdDefault
2019-10-12 10:41:11,643 [main] WARN  server.ServerUtils (ServerUtils.java:getDBPath(222)) - ozone.om.db.dirs is not configured. We recommend adding this setting. Falling back to ozone.metadata.dirs instead.
2019-10-12 10:41:11,644 [main] WARN  server.ServerUtils (ServerUtils.java:getDBPath(222)) - ozone.om.db.dirs is not configured. We recommend adding this setting. Falling back to ozone.metadata.dirs instead.
2019-10-12 10:41:11,653 [main] WARN  server.ServerUtils (ServerUtils.java:getDBPath(222)) - ozone.om.db.dirs is not configured. We recommend adding this setting. Falling back to ozone.metadata.dirs instead.
2019-10-12 10:41:11,654 [main] INFO  db.DBStoreBuilder (DBStoreBuilder.java:addTable(117)) - using custom profile for table: userTable
2019-10-12 10:41:11,654 [main] INFO  db.DBStoreBuilder (DBStoreBuilder.java:processTables(168)) - Using default column profile:DBProfile.DISK for Table:userTable
2019-10-12 10:41:11,654 [main] INFO  db.DBStoreBuilder (DBStoreBuilder.java:addTable(117)) - using custom profile for table: volumeTable
2019-10-12 10:41:11,655 [main] INFO  db.DBStoreBuilder (DBStoreBuilder.java:processTables(168)) - Using default column profile:DBProfile.DISK for Table:volumeTable
2019-10-12 10:41:11,655 [main] INFO  db.DBStoreBuilder (DBStoreBuilder.java:addTable(117)) - using custom profile for table: bucketTable
2019-10-12 10:41:11,655 [main] INFO  db.DBStoreBuilder (DBStoreBuilder.java:processTables(168)) - Using default column profile:DBProfile.DISK for Table:bucketTable
2019-10-12 10:41:11,655 [main] INFO  db.DBStoreBuilder (DBStoreBuilder.java:addTable(117)) - using custom profile for table: keyTable
2019-10-12 10:41:11,656 [main] INFO  db.DBStoreBuilder (DBStoreBuilder.java:processTables(168)) - Using default column profile:DBProfile.DISK for Table:keyTable
2019-10-12 10:41:11,656 [main] INFO  db.DBStoreBuilder (DBStoreBuilder.java:addTable(117)) - using custom profile for table: deletedTable
2019-10-12 10:41:11,656 [main] INFO  db.DBStoreBuilder (DBStoreBuilder.java:processTables(168)) - Using default column profile:DBProfile.DISK for Table:deletedTable
2019-10-12 10:41:11,657 [main] INFO  db.DBStoreBuilder (DBStoreBuilder.java:addTable(117)) - using custom profile for table: openKeyTable
2019-10-12 10:41:11,657 [main] INFO  db.DBStoreBuilder (DBStoreBuilder.java:processTables(168)) - Using default column profile:DBProfile.DISK for Table:openKeyTable
2019-10-12 10:41:11,657 [main] INFO  db.DBStoreBuilder (DBStoreBuilder.java:addTable(117)) - using custom profile for table: s3Table
2019-10-12 10:41:11,658 [main] INFO  db.DBStoreBuilder (DBStoreBuilder.java:processTables(168)) - Using default column profile:DBProfile.DISK for Table:s3Table
2019-10-12 10:41:11,658 [main] INFO  db.DBStoreBuilder (DBStoreBuilder.java:addTable(117)) - using custom profile for table: multipartInfoTable
2019-10-12 10:41:11,658 [main] INFO  db.DBStoreBuilder (DBStoreBuilder.java:processTables(168)) - Using default column profile:DBProfile.DISK for Table:multipartInfoTable
2019-10-12 10:41:11,659 [main] INFO  db.DBStoreBuilder (DBStoreBuilder.java:addTable(117)) - using custom profile for table: dTokenTable
2019-10-12 10:41:11,659 [main] INFO  db.DBStoreBuilder (DBStoreBuilder.java:processTables(168)) - Using default column profile:DBProfile.DISK for Table:dTokenTable
2019-10-12 10:41:11,659 [main] INFO  db.DBStoreBuilder (DBStoreBuilder.java:addTable(117)) - using custom profile for table: s3SecretTable
2019-10-12 10:41:11,659 [main] INFO  db.DBStoreBuilder (DBStoreBuilder.java:processTables(168)) - Using default column profile:DBProfile.DISK for Table:s3SecretTable
2019-10-12 10:41:11,660 [main] INFO  db.DBStoreBuilder (DBStoreBuilder.java:addTable(117)) - using custom profile for table: prefixTable
2019-10-12 10:41:11,660 [main] INFO  db.DBStoreBuilder (DBStoreBuilder.java:processTables(168)) - Using default column profile:DBProfile.DISK for Table:prefixTable
2019-10-12 10:41:11,660 [main] INFO  db.DBStoreBuilder (DBStoreBuilder.java:addTable(117)) - using custom profile for table: default
2019-10-12 10:41:11,661 [main] INFO  db.DBStoreBuilder (DBStoreBuilder.java:processTables(174)) - Using default column profile:DBProfile.DISK for Table:default
2019-10-12 10:41:11,661 [main] INFO  db.DBStoreBuilder (DBStoreBuilder.java:getDbProfile(205)) - Using default options. DBProfile.DISK
2019-10-12 10:41:12,125 [main] INFO  ipc.CallQueueManager (CallQueueManager.java:<init>(84)) - Using callQueue: class java.util.concurrent.LinkedBlockingQueue, queueCapacity: 2000, scheduler: class org.apache.hadoop.ipc.DefaultRpcScheduler, ipcBackoff: false.
2019-10-12 10:41:12,127 [Socket Reader #1 for port 46221] INFO  ipc.Server (Server.java:run(1074)) - Starting Socket Reader #1 for port 46221
2019-10-12 10:41:12,148 [main] INFO  om.OzoneManager (OzoneManager.java:start(1071)) - OzoneManager RPC server is listening at localhost/127.0.0.1:46221
2019-10-12 10:41:12,148 [main] INFO  impl.MetricsSystemImpl (MetricsSystemImpl.java:init(158)) - OzoneManager metrics system started (again)
2019-10-12 10:41:12,149 [IPC Server Responder] INFO  ipc.Server (Server.java:run(1314)) - IPC Server Responder: starting
2019-10-12 10:41:12,150 [IPC Server listener on 46221] INFO  ipc.Server (Server.java:run(1153)) - IPC Server listener on 46221: starting
2019-10-12 10:41:12,155 [main] INFO  hdfs.DFSUtil (DFSUtil.java:httpServerTemplateForNNAndJN(1641)) - Starting Web-server for ozoneManager at: http://0.0.0.0:0
2019-10-12 10:41:12,157 [main] INFO  server.AuthenticationFilter (AuthenticationFilter.java:constructSecretProvider(240)) - Unable to initialize FileSignerSecretProvider, falling back to use random secrets.
2019-10-12 10:41:12,158 [main] WARN  http.HttpRequestLog (HttpRequestLog.java:getRequestLog(97)) - Jetty request log can only be enabled using Log4j
2019-10-12 10:41:12,160 [main] INFO  http.HttpServer2 (HttpServer2.java:addGlobalFilter(975)) - Added global filter 'safety' (class=org.apache.hadoop.http.HttpServer2$QuotingInputFilter)
2019-10-12 10:41:12,161 [main] INFO  http.HttpServer2 (HttpServer2.java:addFilter(948)) - Added filter static_user_filter (class=org.apache.hadoop.http.lib.StaticUserWebFilter$StaticUserFilter) to context ozoneManager
2019-10-12 10:41:12,161 [main] INFO  http.HttpServer2 (HttpServer2.java:addFilter(958)) - Added filter static_user_filter (class=org.apache.hadoop.http.lib.StaticUserWebFilter$StaticUserFilter) to context logs
2019-10-12 10:41:12,161 [main] INFO  http.HttpServer2 (HttpServer2.java:addFilter(958)) - Added filter static_user_filter (class=org.apache.hadoop.http.lib.StaticUserWebFilter$StaticUserFilter) to context static
2019-10-12 10:41:12,162 [main] INFO  http.HttpServer2 (HttpServer2.java:bindListener(1191)) - Jetty bound to port 32798
2019-10-12 10:41:12,163 [main] INFO  server.Server (Server.java:doStart(351)) - jetty-9.3.25.v20180904, build timestamp: 2018-09-04T21:11:46Z, git hash: 3ce520221d0240229c862b122d2b06c12a625732
2019-10-12 10:41:12,165 [main] INFO  handler.ContextHandler (ContextHandler.java:doStart(781)) - Started o.e.j.s.ServletContextHandler@6fff46bf{/logs,file:///workdir/hadoop-ozone/integration-test/target/log,AVAILABLE}
2019-10-12 10:41:12,166 [main] INFO  handler.ContextHandler (ContextHandler.java:doStart(781)) - Started o.e.j.s.ServletContextHandler@3aaa3c39{/static,file:///workdir/hadoop-ozone/integration-test/target/test-classes/webapps/static,AVAILABLE}
2019-10-12 10:41:12,173 [main] INFO  handler.ContextHandler (ContextHandler.java:doStart(781)) - Started o.e.j.w.WebAppContext@315105f{/,file:///workdir/hadoop-ozone/integration-test/target/test-classes/webapps/ozoneManager/,AVAILABLE}{/ozoneManager}
2019-10-12 10:41:12,175 [main] INFO  server.AbstractConnector (AbstractConnector.java:doStart(278)) - Started ServerConnector@7b61bf11{HTTP/1.1,[http/1.1]}{0.0.0.0:32798}
2019-10-12 10:41:12,175 [main] INFO  server.Server (Server.java:doStart(419)) - Started @49943ms
2019-10-12 10:41:12,175 [main] WARN  impl.MetricsSystemImpl (MetricsSystemImpl.java:register(276)) - Sink prometheus already exists!
2019-10-12 10:41:12,176 [main] INFO  server.BaseHttpServer (BaseHttpServer.java:updateConnectorAddress(215)) - HTTP server of OZONEMANAGER is listening at http://0.0.0.0:32798
2019-10-12 10:41:12,199 [main] INFO  impl.MetricsSystemImpl (MetricsSystemImpl.java:init(158)) - HddsDatanode metrics system started (again)
2019-10-12 10:41:12,202 [main] INFO  ozone.HddsDatanodeService (HddsDatanodeService.java:start(184)) - HddsDatanodeService host:pr-hdds-2034-qjlc4-3656631144 ip:192.168.5.134
2019-10-12 10:41:12,208 [main] INFO  volume.HddsVolume (HddsVolume.java:<init>(176)) - Creating Volume: /workdir/hadoop-ozone/integration-test/target/test-dir/MiniOzoneClusterImpl-cf0cf180-5432-4e6c-a6d7-fa1470a5ccd4/datanode-0/data/containers/hdds of  storage type : DISK and capacity : 1482555576320
2019-10-12 10:41:12,209 [main] INFO  volume.VolumeSet (VolumeSet.java:initializeVolumeSet(170)) - Added Volume : /workdir/hadoop-ozone/integration-test/target/test-dir/MiniOzoneClusterImpl-cf0cf180-5432-4e6c-a6d7-fa1470a5ccd4/datanode-0/data/containers/hdds to VolumeSet
2019-10-12 10:41:12,209 [main] INFO  volume.ThrottledAsyncChecker (ThrottledAsyncChecker.java:schedule(141)) - Scheduling a check for org.apache.hadoop.ozone.container.common.volume.HddsVolume@f3560d4
2019-10-12 10:41:12,211 [main] INFO  volume.HddsVolumeChecker (HddsVolumeChecker.java:checkAllVolumes(204)) - Scheduled health check for volume org.apache.hadoop.ozone.container.common.volume.HddsVolume@f3560d4
2019-10-12 10:41:12,228 [main] INFO  impl.RaftServerProxy (ConfUtils.java:logGet(43)) - raft.rpc.type = GRPC (default)
2019-10-12 10:41:12,228 [main] INFO  grpc.GrpcFactory (GrpcFactory.java:checkPooledByteBufAllocatorUseCacheForAllThreads(45)) - PERFORMANCE WARNING: useCacheForAllThreads is true that may cause Netty to create a lot garbage objects and, as a result, trigger GC.
	It is recommended to disable useCacheForAllThreads by setting -Dorg.apache.ratis.thirdparty.io.netty.allocator.useCacheForAllThreads=false in command line.
2019-10-12 10:41:12,228 [main] INFO  grpc.GrpcConfigKeys$Server (ConfUtils.java:logGet(43)) - raft.grpc.server.port = 0 (default)
2019-10-12 10:41:12,229 [main] INFO  server.GrpcService (ConfUtils.java:logGet(43)) - raft.grpc.message.size.max = 33570816 (custom)
2019-10-12 10:41:12,229 [main] INFO  server.RaftServerConfigKeys (ConfUtils.java:logGet(43)) - raft.server.log.appender.buffer.byte-limit = 33554432 (custom)
2019-10-12 10:41:12,229 [main] INFO  server.GrpcService (ConfUtils.java:logGet(43)) - raft.grpc.flow.control.window = 1MB (=1048576) (default)
2019-10-12 10:41:12,229 [main] INFO  server.RaftServerConfigKeys (ConfUtils.java:logGet(43)) - raft.server.rpc.request.timeout = 3000ms (default)
2019-10-12 10:41:12,230 [main] INFO  server.RaftServerConfigKeys (ConfUtils.java:logGet(43)) - raft.server.storage.dir = [/workdir/hadoop-ozone/integration-test/target/test-dir/MiniOzoneClusterImpl-cf0cf180-5432-4e6c-a6d7-fa1470a5ccd4/datanode-0/data/ratis] (custom)
2019-10-12 10:41:12,232 [main] INFO  hdfs.DFSUtil (DFSUtil.java:httpServerTemplateForNNAndJN(1641)) - Starting Web-server for hddsDatanode at: http://0.0.0.0:0
2019-10-12 10:41:12,234 [main] INFO  server.AuthenticationFilter (AuthenticationFilter.java:constructSecretProvider(240)) - Unable to initialize FileSignerSecretProvider, falling back to use random secrets.
2019-10-12 10:41:12,234 [main] WARN  http.HttpRequestLog (HttpRequestLog.java:getRequestLog(97)) - Jetty request log can only be enabled using Log4j
2019-10-12 10:41:12,236 [main] INFO  http.HttpServer2 (HttpServer2.java:addGlobalFilter(975)) - Added global filter 'safety' (class=org.apache.hadoop.http.HttpServer2$QuotingInputFilter)
2019-10-12 10:41:12,237 [main] INFO  http.HttpServer2 (HttpServer2.java:addFilter(948)) - Added filter static_user_filter (class=org.apache.hadoop.http.lib.StaticUserWebFilter$StaticUserFilter) to context hddsDatanode
2019-10-12 10:41:12,237 [main] INFO  http.HttpServer2 (HttpServer2.java:addFilter(958)) - Added filter static_user_filter (class=org.apache.hadoop.http.lib.StaticUserWebFilter$StaticUserFilter) to context logs
2019-10-12 10:41:12,237 [main] INFO  http.HttpServer2 (HttpServer2.java:addFilter(958)) - Added filter static_user_filter (class=org.apache.hadoop.http.lib.StaticUserWebFilter$StaticUserFilter) to context static
2019-10-12 10:41:12,238 [main] INFO  http.HttpServer2 (HttpServer2.java:bindListener(1191)) - Jetty bound to port 35231
2019-10-12 10:41:12,238 [main] INFO  server.Server (Server.java:doStart(351)) - jetty-9.3.25.v20180904, build timestamp: 2018-09-04T21:11:46Z, git hash: 3ce520221d0240229c862b122d2b06c12a625732
2019-10-12 10:41:12,240 [main] INFO  handler.ContextHandler (ContextHandler.java:doStart(781)) - Started o.e.j.s.ServletContextHandler@726934e2{/logs,file:///workdir/hadoop-ozone/integration-test/target/log,AVAILABLE}
2019-10-12 10:41:12,240 [main] INFO  handler.ContextHandler (ContextHandler.java:doStart(781)) - Started o.e.j.s.ServletContextHandler@e280403{/static,jar:file:/home/user/.m2/repository/org/apache/hadoop/hadoop-hdds-container-service/0.5.0-SNAPSHOT/hadoop-hdds-container-service-0.5.0-SNAPSHOT.jar!/webapps/static,AVAILABLE}
2019-10-12 10:41:12,270 [main] INFO  handler.ContextHandler (ContextHandler.java:doStart(781)) - Started o.e.j.w.WebAppContext@7235f92b{/,file:///tmp/jetty-0.0.0.0-35231-hddsDatanode-_-any-8657137278640167225.dir/webapp/,AVAILABLE}{/hddsDatanode}
2019-10-12 10:41:12,270 [main] INFO  server.AbstractConnector (AbstractConnector.java:doStart(278)) - Started ServerConnector@7885776b{HTTP/1.1,[http/1.1]}{0.0.0.0:35231}
2019-10-12 10:41:12,272 [main] INFO  server.Server (Server.java:doStart(419)) - Started @50040ms
2019-10-12 10:41:12,272 [main] WARN  impl.MetricsSystemImpl (MetricsSystemImpl.java:register(276)) - Sink prometheus already exists!
2019-10-12 10:41:12,273 [main] INFO  server.BaseHttpServer (BaseHttpServer.java:updateConnectorAddress(215)) - HTTP server of HDDSDATANODE is listening at http://0.0.0.0:35231
2019-10-12 10:41:12,273 [main] INFO  impl.MetricsSystemImpl (MetricsSystemImpl.java:init(158)) - HddsDatanode metrics system started (again)
2019-10-12 10:41:12,276 [main] INFO  ozone.HddsDatanodeService (HddsDatanodeService.java:start(184)) - HddsDatanodeService host:pr-hdds-2034-qjlc4-3656631144 ip:192.168.5.134
2019-10-12 10:41:12,276 [org.apache.hadoop.util.JvmPauseMonitor$Monitor@aece825] INFO  util.JvmPauseMonitor (JvmPauseMonitor.java:run(188)) - Starting JVM pause monitor
2019-10-12 10:41:12,279 [Datanode State Machine Thread - 0] INFO  datanode.InitDatanodeState (InitDatanodeState.java:persistContainerDatanodeDetails(140)) - DatanodeDetails is persisted to /workdir/hadoop-ozone/integration-test/target/test-dir/MiniOzoneClusterImpl-cf0cf180-5432-4e6c-a6d7-fa1470a5ccd4/datanode-0/meta/datanode.id
2019-10-12 10:41:12,282 [main] INFO  volume.HddsVolume (HddsVolume.java:<init>(176)) - Creating Volume: /workdir/hadoop-ozone/integration-test/target/test-dir/MiniOzoneClusterImpl-cf0cf180-5432-4e6c-a6d7-fa1470a5ccd4/datanode-1/data/containers/hdds of  storage type : DISK and capacity : 1482555576320
2019-10-12 10:41:12,283 [main] INFO  volume.VolumeSet (VolumeSet.java:initializeVolumeSet(170)) - Added Volume : /workdir/hadoop-ozone/integration-test/target/test-dir/MiniOzoneClusterImpl-cf0cf180-5432-4e6c-a6d7-fa1470a5ccd4/datanode-1/data/containers/hdds to VolumeSet
2019-10-12 10:41:12,283 [main] INFO  volume.ThrottledAsyncChecker (ThrottledAsyncChecker.java:schedule(141)) - Scheduling a check for org.apache.hadoop.ozone.container.common.volume.HddsVolume@6215366a
2019-10-12 10:41:12,283 [main] INFO  volume.HddsVolumeChecker (HddsVolumeChecker.java:checkAllVolumes(204)) - Scheduled health check for volume org.apache.hadoop.ozone.container.common.volume.HddsVolume@6215366a
2019-10-12 10:41:12,299 [main] INFO  impl.RaftServerProxy (ConfUtils.java:logGet(43)) - raft.rpc.type = GRPC (default)
2019-10-12 10:41:12,299 [main] INFO  grpc.GrpcFactory (GrpcFactory.java:checkPooledByteBufAllocatorUseCacheForAllThreads(45)) - PERFORMANCE WARNING: useCacheForAllThreads is true that may cause Netty to create a lot garbage objects and, as a result, trigger GC.
	It is recommended to disable useCacheForAllThreads by setting -Dorg.apache.ratis.thirdparty.io.netty.allocator.useCacheForAllThreads=false in command line.
2019-10-12 10:41:12,300 [main] INFO  grpc.GrpcConfigKeys$Server (ConfUtils.java:logGet(43)) - raft.grpc.server.port = 0 (default)
2019-10-12 10:41:12,300 [main] INFO  server.GrpcService (ConfUtils.java:logGet(43)) - raft.grpc.message.size.max = 33570816 (custom)
2019-10-12 10:41:12,300 [main] INFO  server.RaftServerConfigKeys (ConfUtils.java:logGet(43)) - raft.server.log.appender.buffer.byte-limit = 33554432 (custom)
2019-10-12 10:41:12,300 [main] INFO  server.GrpcService (ConfUtils.java:logGet(43)) - raft.grpc.flow.control.window = 1MB (=1048576) (default)
2019-10-12 10:41:12,301 [main] INFO  server.RaftServerConfigKeys (ConfUtils.java:logGet(43)) - raft.server.rpc.request.timeout = 3000ms (default)
2019-10-12 10:41:12,301 [main] INFO  server.RaftServerConfigKeys (ConfUtils.java:logGet(43)) - raft.server.storage.dir = [/workdir/hadoop-ozone/integration-test/target/test-dir/MiniOzoneClusterImpl-cf0cf180-5432-4e6c-a6d7-fa1470a5ccd4/datanode-1/data/ratis] (custom)
2019-10-12 10:41:12,302 [main] INFO  hdfs.DFSUtil (DFSUtil.java:httpServerTemplateForNNAndJN(1641)) - Starting Web-server for hddsDatanode at: http://0.0.0.0:0
2019-10-12 10:41:12,304 [main] INFO  server.AuthenticationFilter (AuthenticationFilter.java:constructSecretProvider(240)) - Unable to initialize FileSignerSecretProvider, falling back to use random secrets.
2019-10-12 10:41:12,304 [main] WARN  http.HttpRequestLog (HttpRequestLog.java:getRequestLog(97)) - Jetty request log can only be enabled using Log4j
2019-10-12 10:41:12,305 [main] INFO  http.HttpServer2 (HttpServer2.java:addGlobalFilter(975)) - Added global filter 'safety' (class=org.apache.hadoop.http.HttpServer2$QuotingInputFilter)
2019-10-12 10:41:12,306 [main] INFO  http.HttpServer2 (HttpServer2.java:addFilter(948)) - Added filter static_user_filter (class=org.apache.hadoop.http.lib.StaticUserWebFilter$StaticUserFilter) to context hddsDatanode
2019-10-12 10:41:12,306 [main] INFO  http.HttpServer2 (HttpServer2.java:addFilter(958)) - Added filter static_user_filter (class=org.apache.hadoop.http.lib.StaticUserWebFilter$StaticUserFilter) to context logs
2019-10-12 10:41:12,306 [main] INFO  http.HttpServer2 (HttpServer2.java:addFilter(958)) - Added filter static_user_filter (class=org.apache.hadoop.http.lib.StaticUserWebFilter$StaticUserFilter) to context static
2019-10-12 10:41:12,307 [main] INFO  http.HttpServer2 (HttpServer2.java:bindListener(1191)) - Jetty bound to port 39653
2019-10-12 10:41:12,307 [main] INFO  server.Server (Server.java:doStart(351)) - jetty-9.3.25.v20180904, build timestamp: 2018-09-04T21:11:46Z, git hash: 3ce520221d0240229c862b122d2b06c12a625732
2019-10-12 10:41:12,309 [main] INFO  handler.ContextHandler (ContextHandler.java:doStart(781)) - Started o.e.j.s.ServletContextHandler@16736040{/logs,file:///workdir/hadoop-ozone/integration-test/target/log,AVAILABLE}
2019-10-12 10:41:12,309 [main] INFO  handler.ContextHandler (ContextHandler.java:doStart(781)) - Started o.e.j.s.ServletContextHandler@550e9be6{/static,jar:file:/home/user/.m2/repository/org/apache/hadoop/hadoop-hdds-container-service/0.5.0-SNAPSHOT/hadoop-hdds-container-service-0.5.0-SNAPSHOT.jar!/webapps/static,AVAILABLE}
2019-10-12 10:41:12,339 [main] INFO  handler.ContextHandler (ContextHandler.java:doStart(781)) - Started o.e.j.w.WebAppContext@60a7e509{/,file:///tmp/jetty-0.0.0.0-39653-hddsDatanode-_-any-1939891765941785675.dir/webapp/,AVAILABLE}{/hddsDatanode}
2019-10-12 10:41:12,339 [main] INFO  server.AbstractConnector (AbstractConnector.java:doStart(278)) - Started ServerConnector@2e13f304{HTTP/1.1,[http/1.1]}{0.0.0.0:39653}
2019-10-12 10:41:12,341 [main] INFO  server.Server (Server.java:doStart(419)) - Started @50109ms
2019-10-12 10:41:12,341 [main] WARN  impl.MetricsSystemImpl (MetricsSystemImpl.java:register(276)) - Sink prometheus already exists!
2019-10-12 10:41:12,341 [main] INFO  server.BaseHttpServer (BaseHttpServer.java:updateConnectorAddress(215)) - HTTP server of HDDSDATANODE is listening at http://0.0.0.0:39653
2019-10-12 10:41:12,342 [main] INFO  impl.MetricsSystemImpl (MetricsSystemImpl.java:init(158)) - HddsDatanode metrics system started (again)
2019-10-12 10:41:12,344 [main] INFO  ozone.HddsDatanodeService (HddsDatanodeService.java:start(184)) - HddsDatanodeService host:pr-hdds-2034-qjlc4-3656631144 ip:192.168.5.134
2019-10-12 10:41:12,345 [org.apache.hadoop.util.JvmPauseMonitor$Monitor@681de732] INFO  util.JvmPauseMonitor (JvmPauseMonitor.java:run(188)) - Starting JVM pause monitor
2019-10-12 10:41:12,347 [Datanode State Machine Thread - 0] INFO  datanode.InitDatanodeState (InitDatanodeState.java:persistContainerDatanodeDetails(140)) - DatanodeDetails is persisted to /workdir/hadoop-ozone/integration-test/target/test-dir/MiniOzoneClusterImpl-cf0cf180-5432-4e6c-a6d7-fa1470a5ccd4/datanode-1/meta/datanode.id
2019-10-12 10:41:12,351 [main] INFO  volume.HddsVolume (HddsVolume.java:<init>(176)) - Creating Volume: /workdir/hadoop-ozone/integration-test/target/test-dir/MiniOzoneClusterImpl-cf0cf180-5432-4e6c-a6d7-fa1470a5ccd4/datanode-2/data/containers/hdds of  storage type : DISK and capacity : 1482555576320
2019-10-12 10:41:12,351 [main] INFO  volume.VolumeSet (VolumeSet.java:initializeVolumeSet(170)) - Added Volume : /workdir/hadoop-ozone/integration-test/target/test-dir/MiniOzoneClusterImpl-cf0cf180-5432-4e6c-a6d7-fa1470a5ccd4/datanode-2/data/containers/hdds to VolumeSet
2019-10-12 10:41:12,351 [main] INFO  volume.ThrottledAsyncChecker (ThrottledAsyncChecker.java:schedule(141)) - Scheduling a check for org.apache.hadoop.ozone.container.common.volume.HddsVolume@4dde8976
2019-10-12 10:41:12,352 [main] INFO  volume.HddsVolumeChecker (HddsVolumeChecker.java:checkAllVolumes(204)) - Scheduled health check for volume org.apache.hadoop.ozone.container.common.volume.HddsVolume@4dde8976
2019-10-12 10:41:12,368 [main] INFO  impl.RaftServerProxy (ConfUtils.java:logGet(43)) - raft.rpc.type = GRPC (default)
2019-10-12 10:41:12,368 [main] INFO  grpc.GrpcFactory (GrpcFactory.java:checkPooledByteBufAllocatorUseCacheForAllThreads(45)) - PERFORMANCE WARNING: useCacheForAllThreads is true that may cause Netty to create a lot garbage objects and, as a result, trigger GC.
	It is recommended to disable useCacheForAllThreads by setting -Dorg.apache.ratis.thirdparty.io.netty.allocator.useCacheForAllThreads=false in command line.
2019-10-12 10:41:12,368 [main] INFO  grpc.GrpcConfigKeys$Server (ConfUtils.java:logGet(43)) - raft.grpc.server.port = 0 (default)
2019-10-12 10:41:12,368 [main] INFO  server.GrpcService (ConfUtils.java:logGet(43)) - raft.grpc.message.size.max = 33570816 (custom)
2019-10-12 10:41:12,369 [main] INFO  server.RaftServerConfigKeys (ConfUtils.java:logGet(43)) - raft.server.log.appender.buffer.byte-limit = 33554432 (custom)
2019-10-12 10:41:12,369 [main] INFO  server.GrpcService (ConfUtils.java:logGet(43)) - raft.grpc.flow.control.window = 1MB (=1048576) (default)
2019-10-12 10:41:12,369 [main] INFO  server.RaftServerConfigKeys (ConfUtils.java:logGet(43)) - raft.server.rpc.request.timeout = 3000ms (default)
2019-10-12 10:41:12,369 [main] INFO  server.RaftServerConfigKeys (ConfUtils.java:logGet(43)) - raft.server.storage.dir = [/workdir/hadoop-ozone/integration-test/target/test-dir/MiniOzoneClusterImpl-cf0cf180-5432-4e6c-a6d7-fa1470a5ccd4/datanode-2/data/ratis] (custom)
2019-10-12 10:41:12,371 [main] INFO  hdfs.DFSUtil (DFSUtil.java:httpServerTemplateForNNAndJN(1641)) - Starting Web-server for hddsDatanode at: http://0.0.0.0:0
2019-10-12 10:41:12,372 [main] INFO  server.AuthenticationFilter (AuthenticationFilter.java:constructSecretProvider(240)) - Unable to initialize FileSignerSecretProvider, falling back to use random secrets.
2019-10-12 10:41:12,372 [main] WARN  http.HttpRequestLog (HttpRequestLog.java:getRequestLog(97)) - Jetty request log can only be enabled using Log4j
2019-10-12 10:41:12,373 [main] INFO  http.HttpServer2 (HttpServer2.java:addGlobalFilter(975)) - Added global filter 'safety' (class=org.apache.hadoop.http.HttpServer2$QuotingInputFilter)
2019-10-12 10:41:12,374 [main] INFO  http.HttpServer2 (HttpServer2.java:addFilter(948)) - Added filter static_user_filter (class=org.apache.hadoop.http.lib.StaticUserWebFilter$StaticUserFilter) to context hddsDatanode
2019-10-12 10:41:12,374 [main] INFO  http.HttpServer2 (HttpServer2.java:addFilter(958)) - Added filter static_user_filter (class=org.apache.hadoop.http.lib.StaticUserWebFilter$StaticUserFilter) to context logs
2019-10-12 10:41:12,374 [main] INFO  http.HttpServer2 (HttpServer2.java:addFilter(958)) - Added filter static_user_filter (class=org.apache.hadoop.http.lib.StaticUserWebFilter$StaticUserFilter) to context static
2019-10-12 10:41:12,375 [main] INFO  http.HttpServer2 (HttpServer2.java:bindListener(1191)) - Jetty bound to port 38083
2019-10-12 10:41:12,375 [main] INFO  server.Server (Server.java:doStart(351)) - jetty-9.3.25.v20180904, build timestamp: 2018-09-04T21:11:46Z, git hash: 3ce520221d0240229c862b122d2b06c12a625732
2019-10-12 10:41:12,377 [main] INFO  handler.ContextHandler (ContextHandler.java:doStart(781)) - Started o.e.j.s.ServletContextHandler@6dd36ab6{/logs,file:///workdir/hadoop-ozone/integration-test/target/log,AVAILABLE}
2019-10-12 10:41:12,377 [main] INFO  handler.ContextHandler (ContextHandler.java:doStart(781)) - Started o.e.j.s.ServletContextHandler@610d28b8{/static,jar:file:/home/user/.m2/repository/org/apache/hadoop/hadoop-hdds-container-service/0.5.0-SNAPSHOT/hadoop-hdds-container-service-0.5.0-SNAPSHOT.jar!/webapps/static,AVAILABLE}
2019-10-12 10:41:12,406 [main] INFO  handler.ContextHandler (ContextHandler.java:doStart(781)) - Started o.e.j.w.WebAppContext@427a12b6{/,file:///tmp/jetty-0.0.0.0-38083-hddsDatanode-_-any-3834680043337365084.dir/webapp/,AVAILABLE}{/hddsDatanode}
2019-10-12 10:41:12,407 [main] INFO  server.AbstractConnector (AbstractConnector.java:doStart(278)) - Started ServerConnector@6025d790{HTTP/1.1,[http/1.1]}{0.0.0.0:38083}
2019-10-12 10:41:12,408 [main] INFO  server.Server (Server.java:doStart(419)) - Started @50176ms
2019-10-12 10:41:12,408 [main] WARN  impl.MetricsSystemImpl (MetricsSystemImpl.java:register(276)) - Sink prometheus already exists!
2019-10-12 10:41:12,409 [main] INFO  server.BaseHttpServer (BaseHttpServer.java:updateConnectorAddress(215)) - HTTP server of HDDSDATANODE is listening at http://0.0.0.0:38083
2019-10-12 10:41:12,409 [main] INFO  impl.MetricsSystemImpl (MetricsSystemImpl.java:init(158)) - HddsDatanode metrics system started (again)
2019-10-12 10:41:12,411 [main] INFO  ozone.HddsDatanodeService (HddsDatanodeService.java:start(184)) - HddsDatanodeService host:pr-hdds-2034-qjlc4-3656631144 ip:192.168.5.134
2019-10-12 10:41:12,412 [org.apache.hadoop.util.JvmPauseMonitor$Monitor@2d916073] INFO  util.JvmPauseMonitor (JvmPauseMonitor.java:run(188)) - Starting JVM pause monitor
2019-10-12 10:41:12,413 [Datanode State Machine Thread - 0] INFO  datanode.InitDatanodeState (InitDatanodeState.java:persistContainerDatanodeDetails(140)) - DatanodeDetails is persisted to /workdir/hadoop-ozone/integration-test/target/test-dir/MiniOzoneClusterImpl-cf0cf180-5432-4e6c-a6d7-fa1470a5ccd4/datanode-2/meta/datanode.id
2019-10-12 10:41:12,418 [main] INFO  volume.HddsVolume (HddsVolume.java:<init>(176)) - Creating Volume: /workdir/hadoop-ozone/integration-test/target/test-dir/MiniOzoneClusterImpl-cf0cf180-5432-4e6c-a6d7-fa1470a5ccd4/datanode-3/data/containers/hdds of  storage type : DISK and capacity : 1482555576320
2019-10-12 10:41:12,418 [main] INFO  volume.VolumeSet (VolumeSet.java:initializeVolumeSet(170)) - Added Volume : /workdir/hadoop-ozone/integration-test/target/test-dir/MiniOzoneClusterImpl-cf0cf180-5432-4e6c-a6d7-fa1470a5ccd4/datanode-3/data/containers/hdds to VolumeSet
2019-10-12 10:41:12,418 [main] INFO  volume.ThrottledAsyncChecker (ThrottledAsyncChecker.java:schedule(141)) - Scheduling a check for org.apache.hadoop.ozone.container.common.volume.HddsVolume@6361b799
2019-10-12 10:41:12,419 [main] INFO  volume.HddsVolumeChecker (HddsVolumeChecker.java:checkAllVolumes(204)) - Scheduled health check for volume org.apache.hadoop.ozone.container.common.volume.HddsVolume@6361b799
2019-10-12 10:41:12,435 [main] INFO  impl.RaftServerProxy (ConfUtils.java:logGet(43)) - raft.rpc.type = GRPC (default)
2019-10-12 10:41:12,435 [main] INFO  grpc.GrpcFactory (GrpcFactory.java:checkPooledByteBufAllocatorUseCacheForAllThreads(45)) - PERFORMANCE WARNING: useCacheForAllThreads is true that may cause Netty to create a lot garbage objects and, as a result, trigger GC.
	It is recommended to disable useCacheForAllThreads by setting -Dorg.apache.ratis.thirdparty.io.netty.allocator.useCacheForAllThreads=false in command line.
2019-10-12 10:41:12,435 [main] INFO  grpc.GrpcConfigKeys$Server (ConfUtils.java:logGet(43)) - raft.grpc.server.port = 0 (default)
2019-10-12 10:41:12,436 [main] INFO  server.GrpcService (ConfUtils.java:logGet(43)) - raft.grpc.message.size.max = 33570816 (custom)
2019-10-12 10:41:12,436 [main] INFO  server.RaftServerConfigKeys (ConfUtils.java:logGet(43)) - raft.server.log.appender.buffer.byte-limit = 33554432 (custom)
2019-10-12 10:41:12,436 [main] INFO  server.GrpcService (ConfUtils.java:logGet(43)) - raft.grpc.flow.control.window = 1MB (=1048576) (default)
2019-10-12 10:41:12,436 [main] INFO  server.RaftServerConfigKeys (ConfUtils.java:logGet(43)) - raft.server.rpc.request.timeout = 3000ms (default)
2019-10-12 10:41:12,437 [main] INFO  server.RaftServerConfigKeys (ConfUtils.java:logGet(43)) - raft.server.storage.dir = [/workdir/hadoop-ozone/integration-test/target/test-dir/MiniOzoneClusterImpl-cf0cf180-5432-4e6c-a6d7-fa1470a5ccd4/datanode-3/data/ratis] (custom)
2019-10-12 10:41:12,438 [main] INFO  hdfs.DFSUtil (DFSUtil.java:httpServerTemplateForNNAndJN(1641)) - Starting Web-server for hddsDatanode at: http://0.0.0.0:0
2019-10-12 10:41:12,439 [main] INFO  server.AuthenticationFilter (AuthenticationFilter.java:constructSecretProvider(240)) - Unable to initialize FileSignerSecretProvider, falling back to use random secrets.
2019-10-12 10:41:12,440 [main] WARN  http.HttpRequestLog (HttpRequestLog.java:getRequestLog(97)) - Jetty request log can only be enabled using Log4j
2019-10-12 10:41:12,441 [main] INFO  http.HttpServer2 (HttpServer2.java:addGlobalFilter(975)) - Added global filter 'safety' (class=org.apache.hadoop.http.HttpServer2$QuotingInputFilter)
2019-10-12 10:41:12,442 [main] INFO  http.HttpServer2 (HttpServer2.java:addFilter(948)) - Added filter static_user_filter (class=org.apache.hadoop.http.lib.StaticUserWebFilter$StaticUserFilter) to context hddsDatanode
2019-10-12 10:41:12,442 [main] INFO  http.HttpServer2 (HttpServer2.java:addFilter(958)) - Added filter static_user_filter (class=org.apache.hadoop.http.lib.StaticUserWebFilter$StaticUserFilter) to context static
2019-10-12 10:41:12,442 [main] INFO  http.HttpServer2 (HttpServer2.java:addFilter(958)) - Added filter static_user_filter (class=org.apache.hadoop.http.lib.StaticUserWebFilter$StaticUserFilter) to context logs
2019-10-12 10:41:12,443 [main] INFO  http.HttpServer2 (HttpServer2.java:bindListener(1191)) - Jetty bound to port 44450
2019-10-12 10:41:12,443 [main] INFO  server.Server (Server.java:doStart(351)) - jetty-9.3.25.v20180904, build timestamp: 2018-09-04T21:11:46Z, git hash: 3ce520221d0240229c862b122d2b06c12a625732
2019-10-12 10:41:12,445 [main] INFO  handler.ContextHandler (ContextHandler.java:doStart(781)) - Started o.e.j.s.ServletContextHandler@45545e7a{/logs,file:///workdir/hadoop-ozone/integration-test/target/log,AVAILABLE}
2019-10-12 10:41:12,446 [main] INFO  handler.ContextHandler (ContextHandler.java:doStart(781)) - Started o.e.j.s.ServletContextHandler@1da4b3f9{/static,jar:file:/home/user/.m2/repository/org/apache/hadoop/hadoop-hdds-container-service/0.5.0-SNAPSHOT/hadoop-hdds-container-service-0.5.0-SNAPSHOT.jar!/webapps/static,AVAILABLE}
2019-10-12 10:41:12,476 [main] INFO  handler.ContextHandler (ContextHandler.java:doStart(781)) - Started o.e.j.w.WebAppContext@5ba03c82{/,file:///tmp/jetty-0.0.0.0-44450-hddsDatanode-_-any-6894423883800724084.dir/webapp/,AVAILABLE}{/hddsDatanode}
2019-10-12 10:41:12,477 [main] INFO  server.AbstractConnector (AbstractConnector.java:doStart(278)) - Started ServerConnector@60df7989{HTTP/1.1,[http/1.1]}{0.0.0.0:44450}
2019-10-12 10:41:12,479 [main] INFO  server.Server (Server.java:doStart(419)) - Started @50247ms
2019-10-12 10:41:12,479 [main] WARN  impl.MetricsSystemImpl (MetricsSystemImpl.java:register(276)) - Sink prometheus already exists!
2019-10-12 10:41:12,479 [main] INFO  server.BaseHttpServer (BaseHttpServer.java:updateConnectorAddress(215)) - HTTP server of HDDSDATANODE is listening at http://0.0.0.0:44450
2019-10-12 10:41:12,480 [main] INFO  impl.MetricsSystemImpl (MetricsSystemImpl.java:init(158)) - HddsDatanode metrics system started (again)
2019-10-12 10:41:12,483 [org.apache.hadoop.util.JvmPauseMonitor$Monitor@5f6c67eb] INFO  util.JvmPauseMonitor (JvmPauseMonitor.java:run(188)) - Starting JVM pause monitor
2019-10-12 10:41:12,484 [main] INFO  ozone.HddsDatanodeService (HddsDatanodeService.java:start(184)) - HddsDatanodeService host:pr-hdds-2034-qjlc4-3656631144 ip:192.168.5.134
2019-10-12 10:41:12,485 [Datanode State Machine Thread - 0] INFO  datanode.InitDatanodeState (InitDatanodeState.java:persistContainerDatanodeDetails(140)) - DatanodeDetails is persisted to /workdir/hadoop-ozone/integration-test/target/test-dir/MiniOzoneClusterImpl-cf0cf180-5432-4e6c-a6d7-fa1470a5ccd4/datanode-3/meta/datanode.id
2019-10-12 10:41:12,491 [main] INFO  volume.HddsVolume (HddsVolume.java:<init>(176)) - Creating Volume: /workdir/hadoop-ozone/integration-test/target/test-dir/MiniOzoneClusterImpl-cf0cf180-5432-4e6c-a6d7-fa1470a5ccd4/datanode-4/data/containers/hdds of  storage type : DISK and capacity : 1482555576320
2019-10-12 10:41:12,491 [main] INFO  volume.VolumeSet (VolumeSet.java:initializeVolumeSet(170)) - Added Volume : /workdir/hadoop-ozone/integration-test/target/test-dir/MiniOzoneClusterImpl-cf0cf180-5432-4e6c-a6d7-fa1470a5ccd4/datanode-4/data/containers/hdds to VolumeSet
2019-10-12 10:41:12,491 [main] INFO  volume.ThrottledAsyncChecker (ThrottledAsyncChecker.java:schedule(141)) - Scheduling a check for org.apache.hadoop.ozone.container.common.volume.HddsVolume@456bcb74
2019-10-12 10:41:12,492 [main] INFO  volume.HddsVolumeChecker (HddsVolumeChecker.java:checkAllVolumes(204)) - Scheduled health check for volume org.apache.hadoop.ozone.container.common.volume.HddsVolume@456bcb74
2019-10-12 10:41:12,509 [main] INFO  impl.RaftServerProxy (ConfUtils.java:logGet(43)) - raft.rpc.type = GRPC (default)
2019-10-12 10:41:12,509 [main] INFO  grpc.GrpcFactory (GrpcFactory.java:checkPooledByteBufAllocatorUseCacheForAllThreads(45)) - PERFORMANCE WARNING: useCacheForAllThreads is true that may cause Netty to create a lot garbage objects and, as a result, trigger GC.
	It is recommended to disable useCacheForAllThreads by setting -Dorg.apache.ratis.thirdparty.io.netty.allocator.useCacheForAllThreads=false in command line.
2019-10-12 10:41:12,509 [main] INFO  grpc.GrpcConfigKeys$Server (ConfUtils.java:logGet(43)) - raft.grpc.server.port = 0 (default)
2019-10-12 10:41:12,510 [main] INFO  server.GrpcService (ConfUtils.java:logGet(43)) - raft.grpc.message.size.max = 33570816 (custom)
2019-10-12 10:41:12,510 [main] INFO  server.RaftServerConfigKeys (ConfUtils.java:logGet(43)) - raft.server.log.appender.buffer.byte-limit = 33554432 (custom)
2019-10-12 10:41:12,510 [main] INFO  server.GrpcService (ConfUtils.java:logGet(43)) - raft.grpc.flow.control.window = 1MB (=1048576) (default)
2019-10-12 10:41:12,510 [main] INFO  server.RaftServerConfigKeys (ConfUtils.java:logGet(43)) - raft.server.rpc.request.timeout = 3000ms (default)
2019-10-12 10:41:12,511 [main] INFO  server.RaftServerConfigKeys (ConfUtils.java:logGet(43)) - raft.server.storage.dir = [/workdir/hadoop-ozone/integration-test/target/test-dir/MiniOzoneClusterImpl-cf0cf180-5432-4e6c-a6d7-fa1470a5ccd4/datanode-4/data/ratis] (custom)
2019-10-12 10:41:12,512 [main] INFO  hdfs.DFSUtil (DFSUtil.java:httpServerTemplateForNNAndJN(1641)) - Starting Web-server for hddsDatanode at: http://0.0.0.0:0
2019-10-12 10:41:12,513 [main] INFO  server.AuthenticationFilter (AuthenticationFilter.java:constructSecretProvider(240)) - Unable to initialize FileSignerSecretProvider, falling back to use random secrets.
2019-10-12 10:41:12,514 [main] WARN  http.HttpRequestLog (HttpRequestLog.java:getRequestLog(97)) - Jetty request log can only be enabled using Log4j
2019-10-12 10:41:12,516 [main] INFO  http.HttpServer2 (HttpServer2.java:addGlobalFilter(975)) - Added global filter 'safety' (class=org.apache.hadoop.http.HttpServer2$QuotingInputFilter)
2019-10-12 10:41:12,517 [main] INFO  http.HttpServer2 (HttpServer2.java:addFilter(948)) - Added filter static_user_filter (class=org.apache.hadoop.http.lib.StaticUserWebFilter$StaticUserFilter) to context hddsDatanode
2019-10-12 10:41:12,517 [main] INFO  http.HttpServer2 (HttpServer2.java:addFilter(958)) - Added filter static_user_filter (class=org.apache.hadoop.http.lib.StaticUserWebFilter$StaticUserFilter) to context logs
2019-10-12 10:41:12,517 [main] INFO  http.HttpServer2 (HttpServer2.java:addFilter(958)) - Added filter static_user_filter (class=org.apache.hadoop.http.lib.StaticUserWebFilter$StaticUserFilter) to context static
2019-10-12 10:41:12,518 [main] INFO  http.HttpServer2 (HttpServer2.java:bindListener(1191)) - Jetty bound to port 42962
2019-10-12 10:41:12,518 [main] INFO  server.Server (Server.java:doStart(351)) - jetty-9.3.25.v20180904, build timestamp: 2018-09-04T21:11:46Z, git hash: 3ce520221d0240229c862b122d2b06c12a625732
2019-10-12 10:41:12,520 [main] INFO  handler.ContextHandler (ContextHandler.java:doStart(781)) - Started o.e.j.s.ServletContextHandler@69909c14{/logs,file:///workdir/hadoop-ozone/integration-test/target/log,AVAILABLE}
2019-10-12 10:41:12,521 [main] INFO  handler.ContextHandler (ContextHandler.java:doStart(781)) - Started o.e.j.s.ServletContextHandler@4e224df5{/static,jar:file:/home/user/.m2/repository/org/apache/hadoop/hadoop-hdds-container-service/0.5.0-SNAPSHOT/hadoop-hdds-container-service-0.5.0-SNAPSHOT.jar!/webapps/static,AVAILABLE}
2019-10-12 10:41:12,553 [main] INFO  handler.ContextHandler (ContextHandler.java:doStart(781)) - Started o.e.j.w.WebAppContext@65bb6275{/,file:///tmp/jetty-0.0.0.0-42962-hddsDatanode-_-any-6712617534551305304.dir/webapp/,AVAILABLE}{/hddsDatanode}
2019-10-12 10:41:12,553 [main] INFO  server.AbstractConnector (AbstractConnector.java:doStart(278)) - Started ServerConnector@64da6cbd{HTTP/1.1,[http/1.1]}{0.0.0.0:42962}
2019-10-12 10:41:12,555 [main] INFO  server.Server (Server.java:doStart(419)) - Started @50323ms
2019-10-12 10:41:12,555 [main] WARN  impl.MetricsSystemImpl (MetricsSystemImpl.java:register(276)) - Sink prometheus already exists!
2019-10-12 10:41:12,555 [main] INFO  server.BaseHttpServer (BaseHttpServer.java:updateConnectorAddress(215)) - HTTP server of HDDSDATANODE is listening at http://0.0.0.0:42962
2019-10-12 10:41:12,556 [main] INFO  impl.MetricsSystemImpl (MetricsSystemImpl.java:init(158)) - HddsDatanode metrics system started (again)
2019-10-12 10:41:12,559 [org.apache.hadoop.util.JvmPauseMonitor$Monitor@7d56f67] INFO  util.JvmPauseMonitor (JvmPauseMonitor.java:run(188)) - Starting JVM pause monitor
2019-10-12 10:41:12,559 [main] INFO  ozone.HddsDatanodeService (HddsDatanodeService.java:start(184)) - HddsDatanodeService host:pr-hdds-2034-qjlc4-3656631144 ip:192.168.5.134
2019-10-12 10:41:12,561 [Datanode State Machine Thread - 0] INFO  datanode.InitDatanodeState (InitDatanodeState.java:persistContainerDatanodeDetails(140)) - DatanodeDetails is persisted to /workdir/hadoop-ozone/integration-test/target/test-dir/MiniOzoneClusterImpl-cf0cf180-5432-4e6c-a6d7-fa1470a5ccd4/datanode-4/meta/datanode.id
2019-10-12 10:41:12,566 [main] INFO  volume.HddsVolume (HddsVolume.java:<init>(176)) - Creating Volume: /workdir/hadoop-ozone/integration-test/target/test-dir/MiniOzoneClusterImpl-cf0cf180-5432-4e6c-a6d7-fa1470a5ccd4/datanode-5/data/containers/hdds of  storage type : DISK and capacity : 1482555576320
2019-10-12 10:41:12,566 [main] INFO  volume.VolumeSet (VolumeSet.java:initializeVolumeSet(170)) - Added Volume : /workdir/hadoop-ozone/integration-test/target/test-dir/MiniOzoneClusterImpl-cf0cf180-5432-4e6c-a6d7-fa1470a5ccd4/datanode-5/data/containers/hdds to VolumeSet
2019-10-12 10:41:12,567 [main] INFO  volume.ThrottledAsyncChecker (ThrottledAsyncChecker.java:schedule(141)) - Scheduling a check for org.apache.hadoop.ozone.container.common.volume.HddsVolume@1290ed28
2019-10-12 10:41:12,567 [main] INFO  volume.HddsVolumeChecker (HddsVolumeChecker.java:checkAllVolumes(204)) - Scheduled health check for volume org.apache.hadoop.ozone.container.common.volume.HddsVolume@1290ed28
2019-10-12 10:41:12,581 [main] INFO  impl.RaftServerProxy (ConfUtils.java:logGet(43)) - raft.rpc.type = GRPC (default)
2019-10-12 10:41:12,581 [main] INFO  grpc.GrpcFactory (GrpcFactory.java:checkPooledByteBufAllocatorUseCacheForAllThreads(45)) - PERFORMANCE WARNING: useCacheForAllThreads is true that may cause Netty to create a lot garbage objects and, as a result, trigger GC.
	It is recommended to disable useCacheForAllThreads by setting -Dorg.apache.ratis.thirdparty.io.netty.allocator.useCacheForAllThreads=false in command line.
2019-10-12 10:41:12,581 [main] INFO  grpc.GrpcConfigKeys$Server (ConfUtils.java:logGet(43)) - raft.grpc.server.port = 0 (default)
2019-10-12 10:41:12,581 [main] INFO  server.GrpcService (ConfUtils.java:logGet(43)) - raft.grpc.message.size.max = 33570816 (custom)
2019-10-12 10:41:12,581 [main] INFO  server.RaftServerConfigKeys (ConfUtils.java:logGet(43)) - raft.server.log.appender.buffer.byte-limit = 33554432 (custom)
2019-10-12 10:41:12,582 [main] INFO  server.GrpcService (ConfUtils.java:logGet(43)) - raft.grpc.flow.control.window = 1MB (=1048576) (default)
2019-10-12 10:41:12,582 [main] INFO  server.RaftServerConfigKeys (ConfUtils.java:logGet(43)) - raft.server.rpc.request.timeout = 3000ms (default)
2019-10-12 10:41:12,582 [main] INFO  server.RaftServerConfigKeys (ConfUtils.java:logGet(43)) - raft.server.storage.dir = [/workdir/hadoop-ozone/integration-test/target/test-dir/MiniOzoneClusterImpl-cf0cf180-5432-4e6c-a6d7-fa1470a5ccd4/datanode-5/data/ratis] (custom)
2019-10-12 10:41:12,583 [main] INFO  hdfs.DFSUtil (DFSUtil.java:httpServerTemplateForNNAndJN(1641)) - Starting Web-server for hddsDatanode at: http://0.0.0.0:0
2019-10-12 10:41:12,584 [main] INFO  server.AuthenticationFilter (AuthenticationFilter.java:constructSecretProvider(240)) - Unable to initialize FileSignerSecretProvider, falling back to use random secrets.
2019-10-12 10:41:12,585 [main] WARN  http.HttpRequestLog (HttpRequestLog.java:getRequestLog(97)) - Jetty request log can only be enabled using Log4j
2019-10-12 10:41:12,586 [main] INFO  http.HttpServer2 (HttpServer2.java:addGlobalFilter(975)) - Added global filter 'safety' (class=org.apache.hadoop.http.HttpServer2$QuotingInputFilter)
2019-10-12 10:41:12,587 [main] INFO  http.HttpServer2 (HttpServer2.java:addFilter(948)) - Added filter static_user_filter (class=org.apache.hadoop.http.lib.StaticUserWebFilter$StaticUserFilter) to context hddsDatanode
2019-10-12 10:41:12,587 [main] INFO  http.HttpServer2 (HttpServer2.java:addFilter(958)) - Added filter static_user_filter (class=org.apache.hadoop.http.lib.StaticUserWebFilter$StaticUserFilter) to context logs
2019-10-12 10:41:12,587 [main] INFO  http.HttpServer2 (HttpServer2.java:addFilter(958)) - Added filter static_user_filter (class=org.apache.hadoop.http.lib.StaticUserWebFilter$StaticUserFilter) to context static
2019-10-12 10:41:12,588 [main] INFO  http.HttpServer2 (HttpServer2.java:bindListener(1191)) - Jetty bound to port 44113
2019-10-12 10:41:12,588 [main] INFO  server.Server (Server.java:doStart(351)) - jetty-9.3.25.v20180904, build timestamp: 2018-09-04T21:11:46Z, git hash: 3ce520221d0240229c862b122d2b06c12a625732
2019-10-12 10:41:12,589 [main] INFO  handler.ContextHandler (ContextHandler.java:doStart(781)) - Started o.e.j.s.ServletContextHandler@72b6832e{/logs,file:///workdir/hadoop-ozone/integration-test/target/log,AVAILABLE}
2019-10-12 10:41:12,590 [main] INFO  handler.ContextHandler (ContextHandler.java:doStart(781)) - Started o.e.j.s.ServletContextHandler@3d9f5016{/static,jar:file:/home/user/.m2/repository/org/apache/hadoop/hadoop-hdds-container-service/0.5.0-SNAPSHOT/hadoop-hdds-container-service-0.5.0-SNAPSHOT.jar!/webapps/static,AVAILABLE}
2019-10-12 10:41:12,619 [main] INFO  handler.ContextHandler (ContextHandler.java:doStart(781)) - Started o.e.j.w.WebAppContext@3913f206{/,file:///tmp/jetty-0.0.0.0-44113-hddsDatanode-_-any-6291082510044395529.dir/webapp/,AVAILABLE}{/hddsDatanode}
2019-10-12 10:41:12,619 [main] INFO  server.AbstractConnector (AbstractConnector.java:doStart(278)) - Started ServerConnector@3e8799f{HTTP/1.1,[http/1.1]}{0.0.0.0:44113}
2019-10-12 10:41:12,621 [main] INFO  server.Server (Server.java:doStart(419)) - Started @50389ms
2019-10-12 10:41:12,621 [main] WARN  impl.MetricsSystemImpl (MetricsSystemImpl.java:register(276)) - Sink prometheus already exists!
2019-10-12 10:41:12,621 [main] INFO  server.BaseHttpServer (BaseHttpServer.java:updateConnectorAddress(215)) - HTTP server of HDDSDATANODE is listening at http://0.0.0.0:44113
2019-10-12 10:41:12,622 [main] INFO  impl.MetricsSystemImpl (MetricsSystemImpl.java:init(158)) - HddsDatanode metrics system started (again)
2019-10-12 10:41:12,625 [org.apache.hadoop.util.JvmPauseMonitor$Monitor@5e33c4f] INFO  util.JvmPauseMonitor (JvmPauseMonitor.java:run(188)) - Starting JVM pause monitor
2019-10-12 10:41:12,625 [main] INFO  ozone.HddsDatanodeService (HddsDatanodeService.java:start(184)) - HddsDatanodeService host:pr-hdds-2034-qjlc4-3656631144 ip:192.168.5.134
2019-10-12 10:41:12,626 [Datanode State Machine Thread - 0] INFO  datanode.InitDatanodeState (InitDatanodeState.java:persistContainerDatanodeDetails(140)) - DatanodeDetails is persisted to /workdir/hadoop-ozone/integration-test/target/test-dir/MiniOzoneClusterImpl-cf0cf180-5432-4e6c-a6d7-fa1470a5ccd4/datanode-5/meta/datanode.id
2019-10-12 10:41:12,631 [main] INFO  volume.HddsVolume (HddsVolume.java:<init>(176)) - Creating Volume: /workdir/hadoop-ozone/integration-test/target/test-dir/MiniOzoneClusterImpl-cf0cf180-5432-4e6c-a6d7-fa1470a5ccd4/datanode-6/data/containers/hdds of  storage type : DISK and capacity : 1482555576320
2019-10-12 10:41:12,632 [main] INFO  volume.VolumeSet (VolumeSet.java:initializeVolumeSet(170)) - Added Volume : /workdir/hadoop-ozone/integration-test/target/test-dir/MiniOzoneClusterImpl-cf0cf180-5432-4e6c-a6d7-fa1470a5ccd4/datanode-6/data/containers/hdds to VolumeSet
2019-10-12 10:41:12,632 [main] INFO  volume.ThrottledAsyncChecker (ThrottledAsyncChecker.java:schedule(141)) - Scheduling a check for org.apache.hadoop.ozone.container.common.volume.HddsVolume@d499c13
2019-10-12 10:41:12,632 [main] INFO  volume.HddsVolumeChecker (HddsVolumeChecker.java:checkAllVolumes(204)) - Scheduled health check for volume org.apache.hadoop.ozone.container.common.volume.HddsVolume@d499c13
2019-10-12 10:41:12,646 [main] INFO  impl.RaftServerProxy (ConfUtils.java:logGet(43)) - raft.rpc.type = GRPC (default)
2019-10-12 10:41:12,647 [main] INFO  grpc.GrpcFactory (GrpcFactory.java:checkPooledByteBufAllocatorUseCacheForAllThreads(45)) - PERFORMANCE WARNING: useCacheForAllThreads is true that may cause Netty to create a lot garbage objects and, as a result, trigger GC.
	It is recommended to disable useCacheForAllThreads by setting -Dorg.apache.ratis.thirdparty.io.netty.allocator.useCacheForAllThreads=false in command line.
2019-10-12 10:41:12,647 [main] INFO  grpc.GrpcConfigKeys$Server (ConfUtils.java:logGet(43)) - raft.grpc.server.port = 0 (default)
2019-10-12 10:41:12,647 [main] INFO  server.GrpcService (ConfUtils.java:logGet(43)) - raft.grpc.message.size.max = 33570816 (custom)
2019-10-12 10:41:12,647 [main] INFO  server.RaftServerConfigKeys (ConfUtils.java:logGet(43)) - raft.server.log.appender.buffer.byte-limit = 33554432 (custom)
2019-10-12 10:41:12,647 [main] INFO  server.GrpcService (ConfUtils.java:logGet(43)) - raft.grpc.flow.control.window = 1MB (=1048576) (default)
2019-10-12 10:41:12,648 [main] INFO  server.RaftServerConfigKeys (ConfUtils.java:logGet(43)) - raft.server.rpc.request.timeout = 3000ms (default)
2019-10-12 10:41:12,648 [main] INFO  server.RaftServerConfigKeys (ConfUtils.java:logGet(43)) - raft.server.storage.dir = [/workdir/hadoop-ozone/integration-test/target/test-dir/MiniOzoneClusterImpl-cf0cf180-5432-4e6c-a6d7-fa1470a5ccd4/datanode-6/data/ratis] (custom)
2019-10-12 10:41:12,649 [main] INFO  hdfs.DFSUtil (DFSUtil.java:httpServerTemplateForNNAndJN(1641)) - Starting Web-server for hddsDatanode at: http://0.0.0.0:0
2019-10-12 10:41:12,650 [main] INFO  server.AuthenticationFilter (AuthenticationFilter.java:constructSecretProvider(240)) - Unable to initialize FileSignerSecretProvider, falling back to use random secrets.
2019-10-12 10:41:12,651 [main] WARN  http.HttpRequestLog (HttpRequestLog.java:getRequestLog(97)) - Jetty request log can only be enabled using Log4j
2019-10-12 10:41:12,652 [main] INFO  http.HttpServer2 (HttpServer2.java:addGlobalFilter(975)) - Added global filter 'safety' (class=org.apache.hadoop.http.HttpServer2$QuotingInputFilter)
2019-10-12 10:41:12,652 [main] INFO  http.HttpServer2 (HttpServer2.java:addFilter(948)) - Added filter static_user_filter (class=org.apache.hadoop.http.lib.StaticUserWebFilter$StaticUserFilter) to context hddsDatanode
2019-10-12 10:41:12,652 [main] INFO  http.HttpServer2 (HttpServer2.java:addFilter(958)) - Added filter static_user_filter (class=org.apache.hadoop.http.lib.StaticUserWebFilter$StaticUserFilter) to context static
2019-10-12 10:41:12,653 [main] INFO  http.HttpServer2 (HttpServer2.java:addFilter(958)) - Added filter static_user_filter (class=org.apache.hadoop.http.lib.StaticUserWebFilter$StaticUserFilter) to context logs
2019-10-12 10:41:12,653 [main] INFO  http.HttpServer2 (HttpServer2.java:bindListener(1191)) - Jetty bound to port 38463
2019-10-12 10:41:12,653 [main] INFO  server.Server (Server.java:doStart(351)) - jetty-9.3.25.v20180904, build timestamp: 2018-09-04T21:11:46Z, git hash: 3ce520221d0240229c862b122d2b06c12a625732
2019-10-12 10:41:12,655 [main] INFO  handler.ContextHandler (ContextHandler.java:doStart(781)) - Started o.e.j.s.ServletContextHandler@56cc9f29{/logs,file:///workdir/hadoop-ozone/integration-test/target/log,AVAILABLE}
2019-10-12 10:41:12,655 [main] INFO  handler.ContextHandler (ContextHandler.java:doStart(781)) - Started o.e.j.s.ServletContextHandler@626c19cf{/static,jar:file:/home/user/.m2/repository/org/apache/hadoop/hadoop-hdds-container-service/0.5.0-SNAPSHOT/hadoop-hdds-container-service-0.5.0-SNAPSHOT.jar!/webapps/static,AVAILABLE}
2019-10-12 10:41:12,696 [main] INFO  handler.ContextHandler (ContextHandler.java:doStart(781)) - Started o.e.j.w.WebAppContext@54b2fc58{/,file:///tmp/jetty-0.0.0.0-38463-hddsDatanode-_-any-7485576623055437753.dir/webapp/,AVAILABLE}{/hddsDatanode}
2019-10-12 10:41:12,696 [main] INFO  server.AbstractConnector (AbstractConnector.java:doStart(278)) - Started ServerConnector@daf22f0{HTTP/1.1,[http/1.1]}{0.0.0.0:38463}
2019-10-12 10:41:12,698 [main] INFO  server.Server (Server.java:doStart(419)) - Started @50466ms
2019-10-12 10:41:12,698 [main] WARN  impl.MetricsSystemImpl (MetricsSystemImpl.java:register(276)) - Sink prometheus already exists!
2019-10-12 10:41:12,699 [main] INFO  server.BaseHttpServer (BaseHttpServer.java:updateConnectorAddress(215)) - HTTP server of HDDSDATANODE is listening at http://0.0.0.0:38463
2019-10-12 10:41:12,699 [main] INFO  ozone.MiniOzoneClusterImpl (MiniOzoneClusterImpl.java:lambda$waitForClusterToBeReady$0(149)) - Waiting for nodes to be ready. Got 0 of 7 DN Heartbeats.
2019-10-12 10:41:12,699 [main] INFO  ozone.MiniOzoneClusterImpl (MiniOzoneClusterImpl.java:lambda$waitForClusterToBeReady$0(152)) - Waiting for cluster to exit safe mode
2019-10-12 10:41:12,701 [org.apache.hadoop.util.JvmPauseMonitor$Monitor@6c0882e] INFO  util.JvmPauseMonitor (JvmPauseMonitor.java:run(188)) - Starting JVM pause monitor
2019-10-12 10:41:12,702 [Datanode State Machine Thread - 0] INFO  datanode.InitDatanodeState (InitDatanodeState.java:persistContainerDatanodeDetails(140)) - DatanodeDetails is persisted to /workdir/hadoop-ozone/integration-test/target/test-dir/MiniOzoneClusterImpl-cf0cf180-5432-4e6c-a6d7-fa1470a5ccd4/datanode-6/meta/datanode.id
2019-10-12 10:41:13,700 [main] INFO  ozone.MiniOzoneClusterImpl (MiniOzoneClusterImpl.java:lambda$waitForClusterToBeReady$0(149)) - Waiting for nodes to be ready. Got 0 of 7 DN Heartbeats.
2019-10-12 10:41:13,700 [main] INFO  ozone.MiniOzoneClusterImpl (MiniOzoneClusterImpl.java:lambda$waitForClusterToBeReady$0(152)) - Waiting for cluster to exit safe mode
2019-10-12 10:41:14,297 [Datanode State Machine Thread - 0] INFO  ozoneimpl.OzoneContainer (OzoneContainer.java:start(213)) - Attempting to start container services.
2019-10-12 10:41:14,297 [Datanode State Machine Thread - 0] INFO  ozoneimpl.OzoneContainer (OzoneContainer.java:startContainerScrub(177)) - Background container scanner has been disabled.
2019-10-12 10:41:14,298 [Datanode State Machine Thread - 0] INFO  ratis.XceiverServerRatis (XceiverServerRatis.java:start(419)) - Starting XceiverServerRatis 613f4f72-aa2b-4fc8-96c5-2be837cde81d at port 0
2019-10-12 10:41:14,304 [Datanode State Machine Thread - 0] INFO  impl.RaftServerProxy (RaftServerProxy.java:lambda$start$3(299)) - 613f4f72-aa2b-4fc8-96c5-2be837cde81d: start RPC server
2019-10-12 10:41:14,306 [Datanode State Machine Thread - 0] INFO  server.GrpcService (GrpcService.java:startImpl(158)) - 613f4f72-aa2b-4fc8-96c5-2be837cde81d: GrpcService started, listening on 0.0.0.0/0.0.0.0:37914
2019-10-12 10:41:14,306 [Datanode State Machine Thread - 0] INFO  ratis.XceiverServerRatis (XceiverServerRatis.java:start(429)) - XceiverServerRatis 613f4f72-aa2b-4fc8-96c5-2be837cde81d is started using port 37914
2019-10-12 10:41:14,307 [Datanode State Machine Thread - 0] INFO  server.XceiverServerGrpc (XceiverServerGrpc.java:start(149)) - XceiverServerGrpc 613f4f72-aa2b-4fc8-96c5-2be837cde81d is started using port 44598
2019-10-12 10:41:14,360 [Datanode State Machine Thread - 0] INFO  ozoneimpl.OzoneContainer (OzoneContainer.java:start(213)) - Attempting to start container services.
2019-10-12 10:41:14,360 [Datanode State Machine Thread - 0] INFO  ozoneimpl.OzoneContainer (OzoneContainer.java:startContainerScrub(177)) - Background container scanner has been disabled.
2019-10-12 10:41:14,360 [Datanode State Machine Thread - 0] INFO  ratis.XceiverServerRatis (XceiverServerRatis.java:start(419)) - Starting XceiverServerRatis 0ef3defa-20aa-4816-9881-210631c2b677 at port 0
2019-10-12 10:41:14,365 [Datanode State Machine Thread - 0] INFO  impl.RaftServerProxy (RaftServerProxy.java:lambda$start$3(299)) - 0ef3defa-20aa-4816-9881-210631c2b677: start RPC server
2019-10-12 10:41:14,366 [Datanode State Machine Thread - 0] INFO  server.GrpcService (GrpcService.java:startImpl(158)) - 0ef3defa-20aa-4816-9881-210631c2b677: GrpcService started, listening on 0.0.0.0/0.0.0.0:34597
2019-10-12 10:41:14,366 [Datanode State Machine Thread - 0] INFO  ratis.XceiverServerRatis (XceiverServerRatis.java:start(429)) - XceiverServerRatis 0ef3defa-20aa-4816-9881-210631c2b677 is started using port 34597
2019-10-12 10:41:14,366 [Datanode State Machine Thread - 0] INFO  server.XceiverServerGrpc (XceiverServerGrpc.java:start(149)) - XceiverServerGrpc 0ef3defa-20aa-4816-9881-210631c2b677 is started using port 35657
2019-10-12 10:41:14,425 [Datanode State Machine Thread - 0] INFO  ozoneimpl.OzoneContainer (OzoneContainer.java:start(213)) - Attempting to start container services.
2019-10-12 10:41:14,425 [Datanode State Machine Thread - 0] INFO  ozoneimpl.OzoneContainer (OzoneContainer.java:startContainerScrub(177)) - Background container scanner has been disabled.
2019-10-12 10:41:14,426 [Datanode State Machine Thread - 0] INFO  ratis.XceiverServerRatis (XceiverServerRatis.java:start(419)) - Starting XceiverServerRatis 14556118-8144-4117-8324-1126ac1cb2a6 at port 0
2019-10-12 10:41:14,430 [Datanode State Machine Thread - 0] INFO  impl.RaftServerProxy (RaftServerProxy.java:lambda$start$3(299)) - 14556118-8144-4117-8324-1126ac1cb2a6: start RPC server
2019-10-12 10:41:14,440 [Datanode State Machine Thread - 0] INFO  server.GrpcService (GrpcService.java:startImpl(158)) - 14556118-8144-4117-8324-1126ac1cb2a6: GrpcService started, listening on 0.0.0.0/0.0.0.0:39835
2019-10-12 10:41:14,440 [Datanode State Machine Thread - 0] INFO  ratis.XceiverServerRatis (XceiverServerRatis.java:start(429)) - XceiverServerRatis 14556118-8144-4117-8324-1126ac1cb2a6 is started using port 39835
2019-10-12 10:41:14,447 [Datanode State Machine Thread - 0] INFO  server.XceiverServerGrpc (XceiverServerGrpc.java:start(149)) - XceiverServerGrpc 14556118-8144-4117-8324-1126ac1cb2a6 is started using port 40876
2019-10-12 10:41:14,499 [Datanode State Machine Thread - 0] INFO  ozoneimpl.OzoneContainer (OzoneContainer.java:start(213)) - Attempting to start container services.
2019-10-12 10:41:14,499 [Datanode State Machine Thread - 0] INFO  ozoneimpl.OzoneContainer (OzoneContainer.java:startContainerScrub(177)) - Background container scanner has been disabled.
2019-10-12 10:41:14,499 [Datanode State Machine Thread - 0] INFO  ratis.XceiverServerRatis (XceiverServerRatis.java:start(419)) - Starting XceiverServerRatis 3e303de4-627b-4a84-82db-195dcd8c66ae at port 0
2019-10-12 10:41:14,508 [Datanode State Machine Thread - 0] INFO  impl.RaftServerProxy (RaftServerProxy.java:lambda$start$3(299)) - 3e303de4-627b-4a84-82db-195dcd8c66ae: start RPC server
2019-10-12 10:41:14,509 [Datanode State Machine Thread - 0] INFO  server.GrpcService (GrpcService.java:startImpl(158)) - 3e303de4-627b-4a84-82db-195dcd8c66ae: GrpcService started, listening on 0.0.0.0/0.0.0.0:33739
2019-10-12 10:41:14,509 [Datanode State Machine Thread - 0] INFO  ratis.XceiverServerRatis (XceiverServerRatis.java:start(429)) - XceiverServerRatis 3e303de4-627b-4a84-82db-195dcd8c66ae is started using port 33739
2019-10-12 10:41:14,515 [Datanode State Machine Thread - 0] INFO  server.XceiverServerGrpc (XceiverServerGrpc.java:start(149)) - XceiverServerGrpc 3e303de4-627b-4a84-82db-195dcd8c66ae is started using port 39084
2019-10-12 10:41:14,575 [Datanode State Machine Thread - 0] INFO  ozoneimpl.OzoneContainer (OzoneContainer.java:start(213)) - Attempting to start container services.
2019-10-12 10:41:14,575 [Datanode State Machine Thread - 0] INFO  ozoneimpl.OzoneContainer (OzoneContainer.java:startContainerScrub(177)) - Background container scanner has been disabled.
2019-10-12 10:41:14,575 [Datanode State Machine Thread - 0] INFO  ratis.XceiverServerRatis (XceiverServerRatis.java:start(419)) - Starting XceiverServerRatis c99c1d44-e107-4576-970c-049b31509362 at port 0
2019-10-12 10:41:14,581 [Datanode State Machine Thread - 0] INFO  impl.RaftServerProxy (RaftServerProxy.java:lambda$start$3(299)) - c99c1d44-e107-4576-970c-049b31509362: start RPC server
2019-10-12 10:41:14,582 [Datanode State Machine Thread - 0] INFO  server.GrpcService (GrpcService.java:startImpl(158)) - c99c1d44-e107-4576-970c-049b31509362: GrpcService started, listening on 0.0.0.0/0.0.0.0:45754
2019-10-12 10:41:14,582 [Datanode State Machine Thread - 0] INFO  ratis.XceiverServerRatis (XceiverServerRatis.java:start(429)) - XceiverServerRatis c99c1d44-e107-4576-970c-049b31509362 is started using port 45754
2019-10-12 10:41:14,582 [Datanode State Machine Thread - 0] INFO  server.XceiverServerGrpc (XceiverServerGrpc.java:start(149)) - XceiverServerGrpc c99c1d44-e107-4576-970c-049b31509362 is started using port 38736
2019-10-12 10:41:14,639 [Datanode State Machine Thread - 0] INFO  ozoneimpl.OzoneContainer (OzoneContainer.java:start(213)) - Attempting to start container services.
2019-10-12 10:41:14,639 [Datanode State Machine Thread - 0] INFO  ozoneimpl.OzoneContainer (OzoneContainer.java:startContainerScrub(177)) - Background container scanner has been disabled.
2019-10-12 10:41:14,639 [Datanode State Machine Thread - 0] INFO  ratis.XceiverServerRatis (XceiverServerRatis.java:start(419)) - Starting XceiverServerRatis fc1c4701-b87c-4596-89e6-9d7f14f3dc27 at port 0
2019-10-12 10:41:14,646 [Datanode State Machine Thread - 0] INFO  impl.RaftServerProxy (RaftServerProxy.java:lambda$start$3(299)) - fc1c4701-b87c-4596-89e6-9d7f14f3dc27: start RPC server
2019-10-12 10:41:14,646 [Datanode State Machine Thread - 0] INFO  server.GrpcService (GrpcService.java:startImpl(158)) - fc1c4701-b87c-4596-89e6-9d7f14f3dc27: GrpcService started, listening on 0.0.0.0/0.0.0.0:46294
2019-10-12 10:41:14,646 [Datanode State Machine Thread - 0] INFO  ratis.XceiverServerRatis (XceiverServerRatis.java:start(429)) - XceiverServerRatis fc1c4701-b87c-4596-89e6-9d7f14f3dc27 is started using port 46294
2019-10-12 10:41:14,647 [Datanode State Machine Thread - 0] INFO  server.XceiverServerGrpc (XceiverServerGrpc.java:start(149)) - XceiverServerGrpc fc1c4701-b87c-4596-89e6-9d7f14f3dc27 is started using port 36955
2019-10-12 10:41:14,701 [main] INFO  ozone.MiniOzoneClusterImpl (MiniOzoneClusterImpl.java:lambda$waitForClusterToBeReady$0(149)) - Waiting for nodes to be ready. Got 0 of 7 DN Heartbeats.
2019-10-12 10:41:14,704 [main] INFO  ozone.MiniOzoneClusterImpl (MiniOzoneClusterImpl.java:lambda$waitForClusterToBeReady$0(152)) - Waiting for cluster to exit safe mode
2019-10-12 10:41:14,715 [Datanode State Machine Thread - 0] INFO  ozoneimpl.OzoneContainer (OzoneContainer.java:start(213)) - Attempting to start container services.
2019-10-12 10:41:14,716 [Datanode State Machine Thread - 0] INFO  ozoneimpl.OzoneContainer (OzoneContainer.java:startContainerScrub(177)) - Background container scanner has been disabled.
2019-10-12 10:41:14,716 [Datanode State Machine Thread - 0] INFO  ratis.XceiverServerRatis (XceiverServerRatis.java:start(419)) - Starting XceiverServerRatis 773db779-bc95-4000-bcf3-5bb0ad76e127 at port 0
2019-10-12 10:41:14,723 [Datanode State Machine Thread - 0] INFO  impl.RaftServerProxy (RaftServerProxy.java:lambda$start$3(299)) - 773db779-bc95-4000-bcf3-5bb0ad76e127: start RPC server
2019-10-12 10:41:14,724 [Datanode State Machine Thread - 0] INFO  server.GrpcService (GrpcService.java:startImpl(158)) - 773db779-bc95-4000-bcf3-5bb0ad76e127: GrpcService started, listening on 0.0.0.0/0.0.0.0:46293
2019-10-12 10:41:14,724 [Datanode State Machine Thread - 0] INFO  ratis.XceiverServerRatis (XceiverServerRatis.java:start(429)) - XceiverServerRatis 773db779-bc95-4000-bcf3-5bb0ad76e127 is started using port 46293
2019-10-12 10:41:14,727 [Datanode State Machine Thread - 0] INFO  server.XceiverServerGrpc (XceiverServerGrpc.java:start(149)) - XceiverServerGrpc 773db779-bc95-4000-bcf3-5bb0ad76e127 is started using port 34824
2019-10-12 10:41:15,704 [main] INFO  ozone.MiniOzoneClusterImpl (MiniOzoneClusterImpl.java:lambda$waitForClusterToBeReady$0(149)) - Waiting for nodes to be ready. Got 0 of 7 DN Heartbeats.
2019-10-12 10:41:15,705 [main] INFO  ozone.MiniOzoneClusterImpl (MiniOzoneClusterImpl.java:lambda$waitForClusterToBeReady$0(152)) - Waiting for cluster to exit safe mode
2019-10-12 10:41:16,291 [IPC Server handler 3 on 45648] INFO  net.NetworkTopology (NetworkTopologyImpl.java:add(111)) - Added a new node: /default-rack/613f4f72-aa2b-4fc8-96c5-2be837cde81d
2019-10-12 10:41:16,293 [RatisPipelineUtilsThread] INFO  pipeline.RatisPipelineProvider (RatisPipelineProvider.java:lambda$create$4(163)) - Send pipeline:PipelineID=d3c2c78f-36a4-49f0-b256-5cf2593432bf create command to datanode 613f4f72-aa2b-4fc8-96c5-2be837cde81d
2019-10-12 10:41:16,293 [IPC Server handler 3 on 45648] INFO  node.SCMNodeManager (SCMNodeManager.java:register(268)) - Registered Data node : 613f4f72-aa2b-4fc8-96c5-2be837cde81d{ip: 192.168.5.134, host: pr-hdds-2034-qjlc4-3656631144, networkLocation: /default-rack, certSerialId: null}
2019-10-12 10:41:16,295 [EventQueue-NodeRegistrationContainerReportForDataNodeSafeModeRule] INFO  safemode.SCMSafeModeManager (DataNodeSafeModeRule.java:process(71)) - SCM in safe mode. 1 DataNodes registered, 1 required.
2019-10-12 10:41:16,297 [EventQueue-NodeRegistrationContainerReportForContainerSafeModeRule] INFO  safemode.SCMSafeModeManager (SCMSafeModeManager.java:validateSafeModeExitRules(174)) - ContainerSafeModeRule rule is successfully validated
2019-10-12 10:41:16,297 [EventQueue-NodeRegistrationContainerReportForDataNodeSafeModeRule] INFO  safemode.SCMSafeModeManager (SCMSafeModeManager.java:validateSafeModeExitRules(174)) - DataNodeSafeModeRule rule is successfully validated
2019-10-12 10:41:16,345 [IPC Server handler 4 on 45648] INFO  net.NetworkTopology (NetworkTopologyImpl.java:add(111)) - Added a new node: /default-rack/0ef3defa-20aa-4816-9881-210631c2b677
2019-10-12 10:41:16,345 [IPC Server handler 4 on 45648] INFO  node.SCMNodeManager (SCMNodeManager.java:register(268)) - Registered Data node : 0ef3defa-20aa-4816-9881-210631c2b677{ip: 192.168.5.134, host: pr-hdds-2034-qjlc4-3656631144, networkLocation: /default-rack, certSerialId: null}
2019-10-12 10:41:16,345 [EventQueue-NodeRegistrationContainerReportForContainerSafeModeRule] INFO  safemode.SCMSafeModeManager (SCMSafeModeManager.java:validateSafeModeExitRules(174)) - ContainerSafeModeRule rule is successfully validated
2019-10-12 10:41:16,346 [EventQueue-NodeRegistrationContainerReportForDataNodeSafeModeRule] INFO  safemode.SCMSafeModeManager (SCMSafeModeManager.java:validateSafeModeExitRules(174)) - DataNodeSafeModeRule rule is successfully validated
2019-10-12 10:41:16,346 [RatisPipelineUtilsThread] INFO  pipeline.RatisPipelineProvider (RatisPipelineProvider.java:lambda$create$4(163)) - Send pipeline:PipelineID=16edaab9-1608-499f-abaf-6696c2ee2425 create command to datanode 0ef3defa-20aa-4816-9881-210631c2b677
2019-10-12 10:41:16,413 [IPC Server handler 5 on 45648] INFO  net.NetworkTopology (NetworkTopologyImpl.java:add(111)) - Added a new node: /default-rack/14556118-8144-4117-8324-1126ac1cb2a6
2019-10-12 10:41:16,413 [IPC Server handler 5 on 45648] INFO  node.SCMNodeManager (SCMNodeManager.java:register(268)) - Registered Data node : 14556118-8144-4117-8324-1126ac1cb2a6{ip: 192.168.5.134, host: pr-hdds-2034-qjlc4-3656631144, networkLocation: /default-rack, certSerialId: null}
2019-10-12 10:41:16,416 [RatisPipelineUtilsThread] INFO  pipeline.RatisPipelineProvider (RatisPipelineProvider.java:lambda$create$4(163)) - Send pipeline:PipelineID=32ef7a16-84f0-4863-b3f4-195b4753f061 create command to datanode 14556118-8144-4117-8324-1126ac1cb2a6
2019-10-12 10:41:16,416 [EventQueue-NodeRegistrationContainerReportForContainerSafeModeRule] INFO  safemode.SCMSafeModeManager (SCMSafeModeManager.java:validateSafeModeExitRules(174)) - ContainerSafeModeRule rule is successfully validated
2019-10-12 10:41:16,417 [EventQueue-NodeRegistrationContainerReportForDataNodeSafeModeRule] INFO  safemode.SCMSafeModeManager (SCMSafeModeManager.java:validateSafeModeExitRules(174)) - DataNodeSafeModeRule rule is successfully validated
2019-10-12 10:41:16,422 [RatisPipelineUtilsThread] INFO  pipeline.RatisPipelineProvider (RatisPipelineProvider.java:lambda$create$4(163)) - Send pipeline:PipelineID=f4a9a7f0-f047-41ce-8c90-2943de0c8191 create command to datanode 613f4f72-aa2b-4fc8-96c5-2be837cde81d
2019-10-12 10:41:16,422 [RatisPipelineUtilsThread] INFO  pipeline.RatisPipelineProvider (RatisPipelineProvider.java:lambda$create$4(163)) - Send pipeline:PipelineID=f4a9a7f0-f047-41ce-8c90-2943de0c8191 create command to datanode 14556118-8144-4117-8324-1126ac1cb2a6
2019-10-12 10:41:16,423 [RatisPipelineUtilsThread] INFO  pipeline.RatisPipelineProvider (RatisPipelineProvider.java:lambda$create$4(163)) - Send pipeline:PipelineID=f4a9a7f0-f047-41ce-8c90-2943de0c8191 create command to datanode 0ef3defa-20aa-4816-9881-210631c2b677
2019-10-12 10:41:16,485 [IPC Server handler 1 on 45648] INFO  net.NetworkTopology (NetworkTopologyImpl.java:add(111)) - Added a new node: /default-rack/3e303de4-627b-4a84-82db-195dcd8c66ae
2019-10-12 10:41:16,486 [IPC Server handler 1 on 45648] INFO  node.SCMNodeManager (SCMNodeManager.java:register(268)) - Registered Data node : 3e303de4-627b-4a84-82db-195dcd8c66ae{ip: 192.168.5.134, host: pr-hdds-2034-qjlc4-3656631144, networkLocation: /default-rack, certSerialId: null}
2019-10-12 10:41:16,486 [RatisPipelineUtilsThread] INFO  pipeline.RatisPipelineProvider (RatisPipelineProvider.java:lambda$create$4(163)) - Send pipeline:PipelineID=71a8161d-8092-4d8e-8a87-2316e062dcbb create command to datanode 3e303de4-627b-4a84-82db-195dcd8c66ae
2019-10-12 10:41:16,486 [EventQueue-NodeRegistrationContainerReportForDataNodeSafeModeRule] INFO  safemode.SCMSafeModeManager (SCMSafeModeManager.java:validateSafeModeExitRules(174)) - DataNodeSafeModeRule rule is successfully validated
2019-10-12 10:41:16,487 [EventQueue-NodeRegistrationContainerReportForContainerSafeModeRule] INFO  safemode.SCMSafeModeManager (SCMSafeModeManager.java:validateSafeModeExitRules(174)) - ContainerSafeModeRule rule is successfully validated
2019-10-12 10:41:16,560 [IPC Server handler 6 on 45648] INFO  net.NetworkTopology (NetworkTopologyImpl.java:add(111)) - Added a new node: /default-rack/c99c1d44-e107-4576-970c-049b31509362
2019-10-12 10:41:16,561 [IPC Server handler 6 on 45648] INFO  node.SCMNodeManager (SCMNodeManager.java:register(268)) - Registered Data node : c99c1d44-e107-4576-970c-049b31509362{ip: 192.168.5.134, host: pr-hdds-2034-qjlc4-3656631144, networkLocation: /default-rack, certSerialId: null}
2019-10-12 10:41:16,564 [RatisPipelineUtilsThread] INFO  pipeline.RatisPipelineProvider (RatisPipelineProvider.java:lambda$create$4(163)) - Send pipeline:PipelineID=f0359a43-79f4-40dc-a0cd-f085e0c28b04 create command to datanode c99c1d44-e107-4576-970c-049b31509362
2019-10-12 10:41:16,565 [EventQueue-NodeRegistrationContainerReportForContainerSafeModeRule] INFO  safemode.SCMSafeModeManager (SCMSafeModeManager.java:validateSafeModeExitRules(174)) - ContainerSafeModeRule rule is successfully validated
2019-10-12 10:41:16,565 [EventQueue-NodeRegistrationContainerReportForDataNodeSafeModeRule] INFO  safemode.SCMSafeModeManager (SCMSafeModeManager.java:validateSafeModeExitRules(174)) - DataNodeSafeModeRule rule is successfully validated
2019-10-12 10:41:16,627 [IPC Server handler 0 on 45648] INFO  net.NetworkTopology (NetworkTopologyImpl.java:add(111)) - Added a new node: /default-rack/fc1c4701-b87c-4596-89e6-9d7f14f3dc27
2019-10-12 10:41:16,627 [IPC Server handler 0 on 45648] INFO  node.SCMNodeManager (SCMNodeManager.java:register(268)) - Registered Data node : fc1c4701-b87c-4596-89e6-9d7f14f3dc27{ip: 192.168.5.134, host: pr-hdds-2034-qjlc4-3656631144, networkLocation: /default-rack, certSerialId: null}
2019-10-12 10:41:16,627 [EventQueue-NodeRegistrationContainerReportForDataNodeSafeModeRule] INFO  safemode.SCMSafeModeManager (SCMSafeModeManager.java:validateSafeModeExitRules(174)) - DataNodeSafeModeRule rule is successfully validated
2019-10-12 10:41:16,627 [EventQueue-NodeRegistrationContainerReportForContainerSafeModeRule] INFO  safemode.SCMSafeModeManager (SCMSafeModeManager.java:validateSafeModeExitRules(174)) - ContainerSafeModeRule rule is successfully validated
2019-10-12 10:41:16,627 [RatisPipelineUtilsThread] INFO  pipeline.RatisPipelineProvider (RatisPipelineProvider.java:lambda$create$4(163)) - Send pipeline:PipelineID=1f1d9a25-1f8b-4484-9800-f6230f0684e0 create command to datanode fc1c4701-b87c-4596-89e6-9d7f14f3dc27
2019-10-12 10:41:16,629 [RatisPipelineUtilsThread] INFO  pipeline.RatisPipelineProvider (RatisPipelineProvider.java:lambda$create$4(163)) - Send pipeline:PipelineID=df023564-c3df-4a55-be70-bce11e1a6885 create command to datanode fc1c4701-b87c-4596-89e6-9d7f14f3dc27
2019-10-12 10:41:16,629 [RatisPipelineUtilsThread] INFO  pipeline.RatisPipelineProvider (RatisPipelineProvider.java:lambda$create$4(163)) - Send pipeline:PipelineID=df023564-c3df-4a55-be70-bce11e1a6885 create command to datanode c99c1d44-e107-4576-970c-049b31509362
2019-10-12 10:41:16,629 [RatisPipelineUtilsThread] INFO  pipeline.RatisPipelineProvider (RatisPipelineProvider.java:lambda$create$4(163)) - Send pipeline:PipelineID=df023564-c3df-4a55-be70-bce11e1a6885 create command to datanode 3e303de4-627b-4a84-82db-195dcd8c66ae
2019-10-12 10:41:16,701 [IPC Server handler 2 on 45648] INFO  net.NetworkTopology (NetworkTopologyImpl.java:add(111)) - Added a new node: /default-rack/773db779-bc95-4000-bcf3-5bb0ad76e127
2019-10-12 10:41:16,701 [IPC Server handler 2 on 45648] INFO  node.SCMNodeManager (SCMNodeManager.java:register(268)) - Registered Data node : 773db779-bc95-4000-bcf3-5bb0ad76e127{ip: 192.168.5.134, host: pr-hdds-2034-qjlc4-3656631144, networkLocation: /default-rack, certSerialId: null}
2019-10-12 10:41:16,702 [EventQueue-NodeRegistrationContainerReportForDataNodeSafeModeRule] INFO  safemode.SCMSafeModeManager (SCMSafeModeManager.java:validateSafeModeExitRules(174)) - DataNodeSafeModeRule rule is successfully validated
2019-10-12 10:41:16,702 [EventQueue-NodeRegistrationContainerReportForContainerSafeModeRule] INFO  safemode.SCMSafeModeManager (SCMSafeModeManager.java:validateSafeModeExitRules(174)) - ContainerSafeModeRule rule is successfully validated
2019-10-12 10:41:16,702 [RatisPipelineUtilsThread] INFO  pipeline.RatisPipelineProvider (RatisPipelineProvider.java:lambda$create$4(163)) - Send pipeline:PipelineID=a35540e7-00e9-4756-ac02-938689596661 create command to datanode 773db779-bc95-4000-bcf3-5bb0ad76e127
2019-10-12 10:41:16,706 [main] INFO  ozone.MiniOzoneClusterImpl (MiniOzoneClusterImpl.java:lambda$waitForClusterToBeReady$0(149)) - Nodes are ready. Got 7 of 7 DN Heartbeats.
2019-10-12 10:41:16,706 [main] INFO  ozone.MiniOzoneClusterImpl (MiniOzoneClusterImpl.java:lambda$waitForClusterToBeReady$0(152)) - Waiting for cluster to exit safe mode
2019-10-12 10:41:17,707 [main] INFO  ozone.MiniOzoneClusterImpl (MiniOzoneClusterImpl.java:lambda$waitForClusterToBeReady$0(149)) - Nodes are ready. Got 7 of 7 DN Heartbeats.
2019-10-12 10:41:17,707 [main] INFO  ozone.MiniOzoneClusterImpl (MiniOzoneClusterImpl.java:lambda$waitForClusterToBeReady$0(152)) - Waiting for cluster to exit safe mode
2019-10-12 10:41:18,709 [main] INFO  ozone.MiniOzoneClusterImpl (MiniOzoneClusterImpl.java:lambda$waitForClusterToBeReady$0(149)) - Nodes are ready. Got 7 of 7 DN Heartbeats.
2019-10-12 10:41:18,711 [main] INFO  ozone.MiniOzoneClusterImpl (MiniOzoneClusterImpl.java:lambda$waitForClusterToBeReady$0(152)) - Waiting for cluster to exit safe mode
2019-10-12 10:41:19,279 [Command processor thread] INFO  impl.RaftServerProxy (RaftServerProxy.java:addNew(89)) - 613f4f72-aa2b-4fc8-96c5-2be837cde81d: addNew group-5CF2593432BF:[613f4f72-aa2b-4fc8-96c5-2be837cde81d:192.168.5.134:37914] returns group-5CF2593432BF:java.util.concurrent.CompletableFuture@74604840[Not completed]
2019-10-12 10:41:19,284 [pool-119-thread-1] INFO  impl.RaftServerImpl (RaftServerImpl.java:<init>(95)) - 613f4f72-aa2b-4fc8-96c5-2be837cde81d: new RaftServerImpl for group-5CF2593432BF:[613f4f72-aa2b-4fc8-96c5-2be837cde81d:192.168.5.134:37914] with ContainerStateMachine:uninitialized
2019-10-12 10:41:19,285 [pool-119-thread-1] INFO  server.RaftServerConfigKeys (ConfUtils.java:logGet(43)) - raft.server.rpc.timeout.min = 5s (custom)
2019-10-12 10:41:19,285 [pool-119-thread-1] INFO  server.RaftServerConfigKeys (ConfUtils.java:logGet(43)) - raft.server.rpc.timeout.max = 5200ms (custom)
2019-10-12 10:41:19,286 [pool-119-thread-1] INFO  server.RaftServerConfigKeys (ConfUtils.java:logGet(43)) - raft.server.rpcslowness.timeout = 120s (custom)
2019-10-12 10:41:19,286 [pool-119-thread-1] INFO  server.RaftServerConfigKeys (ConfUtils.java:logGet(43)) - raft.server.sleep.deviation.threshold = 300 (default)
2019-10-12 10:41:19,286 [pool-119-thread-1] INFO  server.RaftServerConfigKeys (ConfUtils.java:logGet(43)) - raft.server.log.appender.install.snapshot.enabled = false (custom)
2019-10-12 10:41:19,286 [pool-119-thread-1] INFO  impl.RaftServerImpl (ServerState.java:<init>(103)) - 613f4f72-aa2b-4fc8-96c5-2be837cde81d@group-5CF2593432BF: ConfigurationManager, init=-1: [613f4f72-aa2b-4fc8-96c5-2be837cde81d:192.168.5.134:37914], old=null, confs=<EMPTY_MAP>
2019-10-12 10:41:19,287 [pool-119-thread-1] INFO  server.RaftServerConfigKeys (ConfUtils.java:logGet(43)) - raft.server.storage.dir = [/workdir/hadoop-ozone/integration-test/target/test-dir/MiniOzoneClusterImpl-cf0cf180-5432-4e6c-a6d7-fa1470a5ccd4/datanode-0/data/ratis] (custom)
2019-10-12 10:41:19,287 [pool-119-thread-1] INFO  server.RaftServerConfigKeys (ConfUtils.java:logGet(43)) - raft.server.log.corruption.policy = EXCEPTION (default)
2019-10-12 10:41:19,288 [pool-119-thread-1] INFO  storage.RaftStorageDirectory (RaftStorageDirectory.java:analyzeStorage(246)) - The storage directory /workdir/hadoop-ozone/integration-test/target/test-dir/MiniOzoneClusterImpl-cf0cf180-5432-4e6c-a6d7-fa1470a5ccd4/datanode-0/data/ratis/d3c2c78f-36a4-49f0-b256-5cf2593432bf does not exist. Creating ...
2019-10-12 10:41:19,302 [pool-119-thread-1] INFO  storage.RaftStorageDirectory (RaftStorageDirectory.java:tryLock(328)) - Lock on /workdir/hadoop-ozone/integration-test/target/test-dir/MiniOzoneClusterImpl-cf0cf180-5432-4e6c-a6d7-fa1470a5ccd4/datanode-0/data/ratis/d3c2c78f-36a4-49f0-b256-5cf2593432bf/in_use.lock acquired by nodename 22103@pr-hdds-2034-qjlc4-3656631144
2019-10-12 10:41:19,315 [pool-119-thread-1] INFO  storage.RaftStorage (RaftStorage.java:format(84)) - Storage directory /workdir/hadoop-ozone/integration-test/target/test-dir/MiniOzoneClusterImpl-cf0cf180-5432-4e6c-a6d7-fa1470a5ccd4/datanode-0/data/ratis/d3c2c78f-36a4-49f0-b256-5cf2593432bf has been successfully formatted.
2019-10-12 10:41:19,315 [pool-119-thread-1] INFO  ratis.ContainerStateMachine (ContainerStateMachine.java:loadSnapshot(231)) - group-5CF2593432BF: The snapshot info is null. Setting the last applied indexto:(t:0, i:~)
2019-10-12 10:41:19,315 [pool-119-thread-1] INFO  server.RaftServerConfigKeys (ConfUtils.java:logGet(43)) - raft.server.notification.no-leader.timeout = 120s (custom)
2019-10-12 10:41:19,316 [pool-119-thread-1] INFO  server.RaftServerConfigKeys (ConfUtils.java:logGet(43)) - raft.server.log.use.memory = false (default)
2019-10-12 10:41:19,316 [pool-119-thread-1] INFO  server.RaftServerConfigKeys (ConfUtils.java:logGet(43)) - raft.server.log.purge.gap = 1000000 (custom)
2019-10-12 10:41:19,316 [pool-119-thread-1] INFO  server.RaftServerConfigKeys (ConfUtils.java:logGet(43)) - raft.server.log.appender.buffer.byte-limit = 33554432 (custom)
2019-10-12 10:41:19,316 [pool-119-thread-1] INFO  server.RaftServerConfigKeys (ConfUtils.java:logGet(43)) - raft.server.log.segment.size.max = 1048576 (custom)
2019-10-12 10:41:19,320 [pool-119-thread-1] INFO  server.RaftServerConfigKeys (ConfUtils.java:logGet(43)) - raft.server.log.segment.cache.num.max = 2 (custom)
2019-10-12 10:41:19,320 [pool-119-thread-1] INFO  segmented.SegmentedRaftLogWorker (SegmentedRaftLogWorker.java:<init>(173)) - new 613f4f72-aa2b-4fc8-96c5-2be837cde81d@group-5CF2593432BF-SegmentedRaftLogWorker for RaftStorage:Storage Directory /workdir/hadoop-ozone/integration-test/target/test-dir/MiniOzoneClusterImpl-cf0cf180-5432-4e6c-a6d7-fa1470a5ccd4/datanode-0/data/ratis/d3c2c78f-36a4-49f0-b256-5cf2593432bf
2019-10-12 10:41:19,320 [pool-119-thread-1] INFO  server.RaftServerConfigKeys (ConfUtils.java:logGet(43)) - raft.server.log.queue.byte-limit = 2147483647 (custom)
2019-10-12 10:41:19,320 [pool-119-thread-1] INFO  server.RaftServerConfigKeys (ConfUtils.java:logGet(43)) - raft.server.log.queue.element-limit = 1024 (custom)
2019-10-12 10:41:19,320 [pool-119-thread-1] INFO  server.RaftServerConfigKeys (ConfUtils.java:logGet(43)) - raft.server.log.segment.size.max = 1048576 (custom)
2019-10-12 10:41:19,321 [pool-119-thread-1] INFO  server.RaftServerConfigKeys (ConfUtils.java:logGet(43)) - raft.server.log.preallocated.size = 16384 (custom)
2019-10-12 10:41:19,321 [pool-119-thread-1] INFO  server.RaftServerConfigKeys (ConfUtils.java:logGet(43)) - raft.server.log.write.buffer.size = 33554432 (custom)
2019-10-12 10:41:19,321 [pool-119-thread-1] INFO  server.RaftServerConfigKeys (ConfUtils.java:logGet(43)) - raft.server.log.force.sync.num = 128 (default)
2019-10-12 10:41:19,321 [pool-119-thread-1] INFO  server.RaftServerConfigKeys (ConfUtils.java:logGet(43)) - raft.server.log.statemachine.data.sync = true (default)
2019-10-12 10:41:19,321 [pool-119-thread-1] INFO  server.RaftServerConfigKeys (ConfUtils.java:logGet(43)) - raft.server.log.statemachine.data.sync.timeout = 10s (default)
2019-10-12 10:41:19,321 [pool-119-thread-1] INFO  server.RaftServerConfigKeys (ConfUtils.java:logGet(43)) - raft.server.log.statemachine.data.sync.timeout.retry = -1 (default)
2019-10-12 10:41:19,322 [pool-119-thread-1] INFO  server.RaftServerConfigKeys (ConfUtils.java:logGet(43)) - raft.server.log.statemachine.data.caching.enabled = true (custom)
2019-10-12 10:41:19,323 [pool-119-thread-1] INFO  segmented.SegmentedRaftLogWorker (SegmentedRaftLogWorker.java:lambda$new$0(128)) - 613f4f72-aa2b-4fc8-96c5-2be837cde81d@group-5CF2593432BF-SegmentedRaftLogWorker: flushIndex: setUnconditionally 0 -> -1
2019-10-12 10:41:19,323 [pool-119-thread-1] INFO  server.RaftServerConfigKeys (ConfUtils.java:logGet(43)) - raft.server.snapshot.auto.trigger.enabled = true (custom)
2019-10-12 10:41:19,323 [pool-119-thread-1] INFO  server.RaftServerConfigKeys (ConfUtils.java:logGet(43)) - raft.server.snapshot.auto.trigger.threshold = 10000 (custom)
2019-10-12 10:41:19,323 [pool-119-thread-1] INFO  server.RaftServerConfigKeys (ConfUtils.java:logGet(43)) - raft.server.snapshot.retention.file.num = 5 (custom)
2019-10-12 10:41:19,324 [pool-119-thread-1] INFO  server.RaftServerConfigKeys (ConfUtils.java:logGet(43)) - raft.server.retrycache.expirytime = 600000ms (custom)
2019-10-12 10:41:19,326 [pool-119-thread-1] INFO  impl.RaftServerImpl (RaftServerImpl.java:start(181)) - 613f4f72-aa2b-4fc8-96c5-2be837cde81d@group-5CF2593432BF: start as a follower, conf=-1: [613f4f72-aa2b-4fc8-96c5-2be837cde81d:192.168.5.134:37914], old=null
2019-10-12 10:41:19,326 [pool-119-thread-1] INFO  impl.RaftServerImpl (RaftServerImpl.java:setRole(170)) - 613f4f72-aa2b-4fc8-96c5-2be837cde81d@group-5CF2593432BF: changes role from      null to FOLLOWER at term 0 for startAsFollower
2019-10-12 10:41:19,326 [pool-119-thread-1] INFO  impl.RoleInfo (RoleInfo.java:updateAndGet(143)) - 613f4f72-aa2b-4fc8-96c5-2be837cde81d: start FollowerState
2019-10-12 10:41:19,327 [pool-119-thread-1] INFO  util.JmxRegister (JmxRegister.java:tryRegister(44)) - Successfully registered JMX Bean with object name Ratis:service=RaftServer,group=group-5CF2593432BF,id=613f4f72-aa2b-4fc8-96c5-2be837cde81d
2019-10-12 10:41:19,330 [Command processor thread] INFO  commandhandler.CreatePipelineCommandHandler (CreatePipelineCommandHandler.java:handle(86)) - Create Pipeline RATIS ONE #id: "d3c2c78f-36a4-49f0-b256-5cf2593432bf"
 command succeed on datanode 613f4f72-aa2b-4fc8-96c5-2be837cde81d.
2019-10-12 10:41:19,333 [Command processor thread] INFO  impl.RaftServerProxy (RaftServerProxy.java:addNew(89)) - 613f4f72-aa2b-4fc8-96c5-2be837cde81d: addNew group-2943DE0C8191:[0ef3defa-20aa-4816-9881-210631c2b677:192.168.5.134:34597, 14556118-8144-4117-8324-1126ac1cb2a6:192.168.5.134:39835, 613f4f72-aa2b-4fc8-96c5-2be837cde81d:192.168.5.134:37914] returns group-2943DE0C8191:java.util.concurrent.CompletableFuture@705fd214[Not completed]
2019-10-12 10:41:19,334 [pool-119-thread-1] INFO  impl.RaftServerImpl (RaftServerImpl.java:<init>(95)) - 613f4f72-aa2b-4fc8-96c5-2be837cde81d: new RaftServerImpl for group-2943DE0C8191:[0ef3defa-20aa-4816-9881-210631c2b677:192.168.5.134:34597, 14556118-8144-4117-8324-1126ac1cb2a6:192.168.5.134:39835, 613f4f72-aa2b-4fc8-96c5-2be837cde81d:192.168.5.134:37914] with ContainerStateMachine:uninitialized
2019-10-12 10:41:19,334 [pool-119-thread-1] INFO  server.RaftServerConfigKeys (ConfUtils.java:logGet(43)) - raft.server.rpc.timeout.min = 5s (custom)
2019-10-12 10:41:19,334 [EventQueue-PipelineReportForPipelineReportHandler] INFO  pipeline.PipelineReportHandler (PipelineReportHandler.java:processPipelineReport(104)) - Pipeline ONE PipelineID=d3c2c78f-36a4-49f0-b256-5cf2593432bf reported by 613f4f72-aa2b-4fc8-96c5-2be837cde81d{ip: 192.168.5.134, host: pr-hdds-2034-qjlc4-3656631144, networkLocation: /default-rack, certSerialId: null}
2019-10-12 10:41:19,334 [pool-119-thread-1] INFO  server.RaftServerConfigKeys (ConfUtils.java:logGet(43)) - raft.server.rpc.timeout.max = 5200ms (custom)
2019-10-12 10:41:19,335 [EventQueue-PipelineReportForPipelineReportHandler] INFO  pipeline.PipelineStateManager (PipelineStateManager.java:openPipeline(134)) - Pipeline Pipeline[ Id: d3c2c78f-36a4-49f0-b256-5cf2593432bf, Nodes: 613f4f72-aa2b-4fc8-96c5-2be837cde81d{ip: 192.168.5.134, host: pr-hdds-2034-qjlc4-3656631144, networkLocation: /default-rack, certSerialId: null}, Type:RATIS, Factor:ONE, State:ALLOCATED] moved to OPEN state
2019-10-12 10:41:19,335 [pool-119-thread-1] INFO  server.RaftServerConfigKeys (ConfUtils.java:logGet(43)) - raft.server.rpcslowness.timeout = 120s (custom)
2019-10-12 10:41:19,335 [pool-119-thread-1] INFO  server.RaftServerConfigKeys (ConfUtils.java:logGet(43)) - raft.server.sleep.deviation.threshold = 300 (default)
2019-10-12 10:41:19,338 [pool-119-thread-1] INFO  server.RaftServerConfigKeys (ConfUtils.java:logGet(43)) - raft.server.log.appender.install.snapshot.enabled = false (custom)
2019-10-12 10:41:19,338 [pool-119-thread-1] INFO  impl.RaftServerImpl (ServerState.java:<init>(103)) - 613f4f72-aa2b-4fc8-96c5-2be837cde81d@group-2943DE0C8191: ConfigurationManager, init=-1: [0ef3defa-20aa-4816-9881-210631c2b677:192.168.5.134:34597, 14556118-8144-4117-8324-1126ac1cb2a6:192.168.5.134:39835, 613f4f72-aa2b-4fc8-96c5-2be837cde81d:192.168.5.134:37914], old=null, confs=<EMPTY_MAP>
2019-10-12 10:41:19,338 [EventQueue-OpenPipelineForHealthyPipelineSafeModeRule] INFO  safemode.SCMSafeModeManager (HealthyPipelineSafeModeRule.java:process(122)) - SCM in safe mode. Healthy pipelines reported count is 1, required healthy pipeline reported count is 1
2019-10-12 10:41:19,338 [pool-119-thread-1] INFO  server.RaftServerConfigKeys (ConfUtils.java:logGet(43)) - raft.server.storage.dir = [/workdir/hadoop-ozone/integration-test/target/test-dir/MiniOzoneClusterImpl-cf0cf180-5432-4e6c-a6d7-fa1470a5ccd4/datanode-0/data/ratis] (custom)
2019-10-12 10:41:19,338 [EventQueue-OpenPipelineForOneReplicaPipelineSafeModeRule] INFO  safemode.SCMSafeModeManager (SCMSafeModeManager.java:validateSafeModeExitRules(174)) - AtleastOneDatanodeReportedRule rule is successfully validated
2019-10-12 10:41:19,339 [pool-119-thread-1] INFO  server.RaftServerConfigKeys (ConfUtils.java:logGet(43)) - raft.server.log.corruption.policy = EXCEPTION (default)
2019-10-12 10:41:19,339 [EventQueue-OpenPipelineForHealthyPipelineSafeModeRule] INFO  safemode.SCMSafeModeManager (SCMSafeModeManager.java:validateSafeModeExitRules(174)) - HealthyPipelineSafeModeRule rule is successfully validated
2019-10-12 10:41:19,339 [pool-119-thread-1] INFO  storage.RaftStorageDirectory (RaftStorageDirectory.java:analyzeStorage(246)) - The storage directory /workdir/hadoop-ozone/integration-test/target/test-dir/MiniOzoneClusterImpl-cf0cf180-5432-4e6c-a6d7-fa1470a5ccd4/datanode-0/data/ratis/f4a9a7f0-f047-41ce-8c90-2943de0c8191 does not exist. Creating ...
2019-10-12 10:41:19,339 [EventQueue-OpenPipelineForHealthyPipelineSafeModeRule] INFO  safemode.SCMSafeModeManager (SCMSafeModeManager.java:validateSafeModeExitRules(183)) - ScmSafeModeManager, all rules are successfully validated
2019-10-12 10:41:19,348 [Command processor thread] INFO  impl.RaftServerProxy (RaftServerProxy.java:addNew(89)) - 0ef3defa-20aa-4816-9881-210631c2b677: addNew group-6696C2EE2425:[0ef3defa-20aa-4816-9881-210631c2b677:192.168.5.134:34597] returns group-6696C2EE2425:java.util.concurrent.CompletableFuture@318e3d6f[Not completed]
2019-10-12 10:41:19,349 [pool-129-thread-1] INFO  impl.RaftServerImpl (RaftServerImpl.java:<init>(95)) - 0ef3defa-20aa-4816-9881-210631c2b677: new RaftServerImpl for group-6696C2EE2425:[0ef3defa-20aa-4816-9881-210631c2b677:192.168.5.134:34597] with ContainerStateMachine:uninitialized
2019-10-12 10:41:19,350 [pool-129-thread-1] INFO  server.RaftServerConfigKeys (ConfUtils.java:logGet(43)) - raft.server.rpc.timeout.min = 5s (custom)
2019-10-12 10:41:19,350 [pool-129-thread-1] INFO  server.RaftServerConfigKeys (ConfUtils.java:logGet(43)) - raft.server.rpc.timeout.max = 5200ms (custom)
2019-10-12 10:41:19,350 [pool-129-thread-1] INFO  server.RaftServerConfigKeys (ConfUtils.java:logGet(43)) - raft.server.rpcslowness.timeout = 120s (custom)
2019-10-12 10:41:19,350 [pool-129-thread-1] INFO  server.RaftServerConfigKeys (ConfUtils.java:logGet(43)) - raft.server.sleep.deviation.threshold = 300 (default)
2019-10-12 10:41:19,350 [pool-129-thread-1] INFO  server.RaftServerConfigKeys (ConfUtils.java:logGet(43)) - raft.server.log.appender.install.snapshot.enabled = false (custom)
2019-10-12 10:41:19,351 [pool-129-thread-1] INFO  impl.RaftServerImpl (ServerState.java:<init>(103)) - 0ef3defa-20aa-4816-9881-210631c2b677@group-6696C2EE2425: ConfigurationManager, init=-1: [0ef3defa-20aa-4816-9881-210631c2b677:192.168.5.134:34597], old=null, confs=<EMPTY_MAP>
2019-10-12 10:41:19,351 [pool-129-thread-1] INFO  server.RaftServerConfigKeys (ConfUtils.java:logGet(43)) - raft.server.storage.dir = [/workdir/hadoop-ozone/integration-test/target/test-dir/MiniOzoneClusterImpl-cf0cf180-5432-4e6c-a6d7-fa1470a5ccd4/datanode-1/data/ratis] (custom)
2019-10-12 10:41:19,351 [pool-129-thread-1] INFO  server.RaftServerConfigKeys (ConfUtils.java:logGet(43)) - raft.server.log.corruption.policy = EXCEPTION (default)
2019-10-12 10:41:19,352 [pool-129-thread-1] INFO  storage.RaftStorageDirectory (RaftStorageDirectory.java:analyzeStorage(246)) - The storage directory /workdir/hadoop-ozone/integration-test/target/test-dir/MiniOzoneClusterImpl-cf0cf180-5432-4e6c-a6d7-fa1470a5ccd4/datanode-1/data/ratis/16edaab9-1608-499f-abaf-6696c2ee2425 does not exist. Creating ...
2019-10-12 10:41:19,352 [pool-119-thread-1] INFO  storage.RaftStorageDirectory (RaftStorageDirectory.java:tryLock(328)) - Lock on /workdir/hadoop-ozone/integration-test/target/test-dir/MiniOzoneClusterImpl-cf0cf180-5432-4e6c-a6d7-fa1470a5ccd4/datanode-0/data/ratis/f4a9a7f0-f047-41ce-8c90-2943de0c8191/in_use.lock acquired by nodename 22103@pr-hdds-2034-qjlc4-3656631144
2019-10-12 10:41:19,366 [pool-129-thread-1] INFO  storage.RaftStorageDirectory (RaftStorageDirectory.java:tryLock(328)) - Lock on /workdir/hadoop-ozone/integration-test/target/test-dir/MiniOzoneClusterImpl-cf0cf180-5432-4e6c-a6d7-fa1470a5ccd4/datanode-1/data/ratis/16edaab9-1608-499f-abaf-6696c2ee2425/in_use.lock acquired by nodename 22103@pr-hdds-2034-qjlc4-3656631144
2019-10-12 10:41:19,366 [pool-119-thread-1] INFO  storage.RaftStorage (RaftStorage.java:format(84)) - Storage directory /workdir/hadoop-ozone/integration-test/target/test-dir/MiniOzoneClusterImpl-cf0cf180-5432-4e6c-a6d7-fa1470a5ccd4/datanode-0/data/ratis/f4a9a7f0-f047-41ce-8c90-2943de0c8191 has been successfully formatted.
2019-10-12 10:41:19,366 [pool-119-thread-1] INFO  ratis.ContainerStateMachine (ContainerStateMachine.java:loadSnapshot(231)) - group-2943DE0C8191: The snapshot info is null. Setting the last applied indexto:(t:0, i:~)
2019-10-12 10:41:19,366 [pool-119-thread-1] INFO  server.RaftServerConfigKeys (ConfUtils.java:logGet(43)) - raft.server.notification.no-leader.timeout = 120s (custom)
2019-10-12 10:41:19,367 [pool-119-thread-1] INFO  server.RaftServerConfigKeys (ConfUtils.java:logGet(43)) - raft.server.log.use.memory = false (default)
2019-10-12 10:41:19,367 [pool-119-thread-1] INFO  server.RaftServerConfigKeys (ConfUtils.java:logGet(43)) - raft.server.log.purge.gap = 1000000 (custom)
2019-10-12 10:41:19,367 [pool-119-thread-1] INFO  server.RaftServerConfigKeys (ConfUtils.java:logGet(43)) - raft.server.log.appender.buffer.byte-limit = 33554432 (custom)
2019-10-12 10:41:19,367 [pool-119-thread-1] INFO  server.RaftServerConfigKeys (ConfUtils.java:logGet(43)) - raft.server.log.segment.size.max = 1048576 (custom)
2019-10-12 10:41:19,367 [pool-119-thread-1] INFO  server.RaftServerConfigKeys (ConfUtils.java:logGet(43)) - raft.server.log.segment.cache.num.max = 2 (custom)
2019-10-12 10:41:19,368 [pool-119-thread-1] INFO  segmented.SegmentedRaftLogWorker (SegmentedRaftLogWorker.java:<init>(173)) - new 613f4f72-aa2b-4fc8-96c5-2be837cde81d@group-2943DE0C8191-SegmentedRaftLogWorker for RaftStorage:Storage Directory /workdir/hadoop-ozone/integration-test/target/test-dir/MiniOzoneClusterImpl-cf0cf180-5432-4e6c-a6d7-fa1470a5ccd4/datanode-0/data/ratis/f4a9a7f0-f047-41ce-8c90-2943de0c8191
2019-10-12 10:41:19,368 [pool-119-thread-1] INFO  server.RaftServerConfigKeys (ConfUtils.java:logGet(43)) - raft.server.log.queue.byte-limit = 2147483647 (custom)
2019-10-12 10:41:19,368 [pool-119-thread-1] INFO  server.RaftServerConfigKeys (ConfUtils.java:logGet(43)) - raft.server.log.queue.element-limit = 1024 (custom)
2019-10-12 10:41:19,368 [pool-119-thread-1] INFO  server.RaftServerConfigKeys (ConfUtils.java:logGet(43)) - raft.server.log.segment.size.max = 1048576 (custom)
2019-10-12 10:41:19,368 [pool-119-thread-1] INFO  server.RaftServerConfigKeys (ConfUtils.java:logGet(43)) - raft.server.log.preallocated.size = 16384 (custom)
2019-10-12 10:41:19,368 [pool-119-thread-1] INFO  server.RaftServerConfigKeys (ConfUtils.java:logGet(43)) - raft.server.log.write.buffer.size = 33554432 (custom)
2019-10-12 10:41:19,369 [pool-119-thread-1] INFO  server.RaftServerConfigKeys (ConfUtils.java:logGet(43)) - raft.server.log.force.sync.num = 128 (default)
2019-10-12 10:41:19,369 [pool-119-thread-1] INFO  server.RaftServerConfigKeys (ConfUtils.java:logGet(43)) - raft.server.log.statemachine.data.sync = true (default)
2019-10-12 10:41:19,369 [pool-119-thread-1] INFO  server.RaftServerConfigKeys (ConfUtils.java:logGet(43)) - raft.server.log.statemachine.data.sync.timeout = 10s (default)
2019-10-12 10:41:19,369 [pool-119-thread-1] INFO  server.RaftServerConfigKeys (ConfUtils.java:logGet(43)) - raft.server.log.statemachine.data.sync.timeout.retry = -1 (default)
2019-10-12 10:41:19,369 [pool-119-thread-1] INFO  server.RaftServerConfigKeys (ConfUtils.java:logGet(43)) - raft.server.log.statemachine.data.caching.enabled = true (custom)
2019-10-12 10:41:19,370 [pool-119-thread-1] INFO  segmented.SegmentedRaftLogWorker (SegmentedRaftLogWorker.java:lambda$new$0(128)) - 613f4f72-aa2b-4fc8-96c5-2be837cde81d@group-2943DE0C8191-SegmentedRaftLogWorker: flushIndex: setUnconditionally 0 -> -1
2019-10-12 10:41:19,370 [pool-119-thread-1] INFO  server.RaftServerConfigKeys (ConfUtils.java:logGet(43)) - raft.server.snapshot.auto.trigger.enabled = true (custom)
2019-10-12 10:41:19,370 [pool-119-thread-1] INFO  server.RaftServerConfigKeys (ConfUtils.java:logGet(43)) - raft.server.snapshot.auto.trigger.threshold = 10000 (custom)
2019-10-12 10:41:19,370 [pool-119-thread-1] INFO  server.RaftServerConfigKeys (ConfUtils.java:logGet(43)) - raft.server.snapshot.retention.file.num = 5 (custom)
2019-10-12 10:41:19,371 [pool-119-thread-1] INFO  server.RaftServerConfigKeys (ConfUtils.java:logGet(43)) - raft.server.retrycache.expirytime = 600000ms (custom)
2019-10-12 10:41:19,373 [pool-119-thread-1] INFO  impl.RaftServerImpl (RaftServerImpl.java:start(181)) - 613f4f72-aa2b-4fc8-96c5-2be837cde81d@group-2943DE0C8191: start as a follower, conf=-1: [0ef3defa-20aa-4816-9881-210631c2b677:192.168.5.134:34597, 14556118-8144-4117-8324-1126ac1cb2a6:192.168.5.134:39835, 613f4f72-aa2b-4fc8-96c5-2be837cde81d:192.168.5.134:37914], old=null
2019-10-12 10:41:19,374 [pool-119-thread-1] INFO  impl.RaftServerImpl (RaftServerImpl.java:setRole(170)) - 613f4f72-aa2b-4fc8-96c5-2be837cde81d@group-2943DE0C8191: changes role from      null to FOLLOWER at term 0 for startAsFollower
2019-10-12 10:41:19,374 [pool-119-thread-1] INFO  impl.RoleInfo (RoleInfo.java:updateAndGet(143)) - 613f4f72-aa2b-4fc8-96c5-2be837cde81d: start FollowerState
2019-10-12 10:41:19,374 [pool-119-thread-1] INFO  util.JmxRegister (JmxRegister.java:tryRegister(44)) - Successfully registered JMX Bean with object name Ratis:service=RaftServer,group=group-2943DE0C8191,id=613f4f72-aa2b-4fc8-96c5-2be837cde81d
2019-10-12 10:41:19,378 [Command processor thread] INFO  commandhandler.CreatePipelineCommandHandler (CreatePipelineCommandHandler.java:handle(86)) - Create Pipeline RATIS THREE #id: "f4a9a7f0-f047-41ce-8c90-2943de0c8191"
 command succeed on datanode 613f4f72-aa2b-4fc8-96c5-2be837cde81d.
2019-10-12 10:41:19,379 [pool-129-thread-1] INFO  storage.RaftStorage (RaftStorage.java:format(84)) - Storage directory /workdir/hadoop-ozone/integration-test/target/test-dir/MiniOzoneClusterImpl-cf0cf180-5432-4e6c-a6d7-fa1470a5ccd4/datanode-1/data/ratis/16edaab9-1608-499f-abaf-6696c2ee2425 has been successfully formatted.
2019-10-12 10:41:19,379 [pool-129-thread-1] INFO  ratis.ContainerStateMachine (ContainerStateMachine.java:loadSnapshot(231)) - group-6696C2EE2425: The snapshot info is null. Setting the last applied indexto:(t:0, i:~)
2019-10-12 10:41:19,379 [EventQueue-PipelineReportForPipelineReportHandler] INFO  pipeline.PipelineReportHandler (PipelineReportHandler.java:processPipelineReport(104)) - Pipeline THREE PipelineID=f4a9a7f0-f047-41ce-8c90-2943de0c8191 reported by 613f4f72-aa2b-4fc8-96c5-2be837cde81d{ip: 192.168.5.134, host: pr-hdds-2034-qjlc4-3656631144, networkLocation: /default-rack, certSerialId: null}
2019-10-12 10:41:19,379 [pool-129-thread-1] INFO  server.RaftServerConfigKeys (ConfUtils.java:logGet(43)) - raft.server.notification.no-leader.timeout = 120s (custom)
2019-10-12 10:41:19,380 [pool-129-thread-1] INFO  server.RaftServerConfigKeys (ConfUtils.java:logGet(43)) - raft.server.log.use.memory = false (default)
2019-10-12 10:41:19,380 [pool-129-thread-1] INFO  server.RaftServerConfigKeys (ConfUtils.java:logGet(43)) - raft.server.log.purge.gap = 1000000 (custom)
2019-10-12 10:41:19,380 [pool-129-thread-1] INFO  server.RaftServerConfigKeys (ConfUtils.java:logGet(43)) - raft.server.log.appender.buffer.byte-limit = 33554432 (custom)
2019-10-12 10:41:19,380 [pool-129-thread-1] INFO  server.RaftServerConfigKeys (ConfUtils.java:logGet(43)) - raft.server.log.segment.size.max = 1048576 (custom)
2019-10-12 10:41:19,383 [pool-129-thread-1] INFO  server.RaftServerConfigKeys (ConfUtils.java:logGet(43)) - raft.server.log.segment.cache.num.max = 2 (custom)
2019-10-12 10:41:19,383 [pool-129-thread-1] INFO  segmented.SegmentedRaftLogWorker (SegmentedRaftLogWorker.java:<init>(173)) - new 0ef3defa-20aa-4816-9881-210631c2b677@group-6696C2EE2425-SegmentedRaftLogWorker for RaftStorage:Storage Directory /workdir/hadoop-ozone/integration-test/target/test-dir/MiniOzoneClusterImpl-cf0cf180-5432-4e6c-a6d7-fa1470a5ccd4/datanode-1/data/ratis/16edaab9-1608-499f-abaf-6696c2ee2425
2019-10-12 10:41:19,383 [pool-129-thread-1] INFO  server.RaftServerConfigKeys (ConfUtils.java:logGet(43)) - raft.server.log.queue.byte-limit = 2147483647 (custom)
2019-10-12 10:41:19,383 [pool-129-thread-1] INFO  server.RaftServerConfigKeys (ConfUtils.java:logGet(43)) - raft.server.log.queue.element-limit = 1024 (custom)
2019-10-12 10:41:19,383 [pool-129-thread-1] INFO  server.RaftServerConfigKeys (ConfUtils.java:logGet(43)) - raft.server.log.segment.size.max = 1048576 (custom)
2019-10-12 10:41:19,384 [pool-129-thread-1] INFO  server.RaftServerConfigKeys (ConfUtils.java:logGet(43)) - raft.server.log.preallocated.size = 16384 (custom)
2019-10-12 10:41:19,384 [pool-129-thread-1] INFO  server.RaftServerConfigKeys (ConfUtils.java:logGet(43)) - raft.server.log.write.buffer.size = 33554432 (custom)
2019-10-12 10:41:19,384 [pool-129-thread-1] INFO  server.RaftServerConfigKeys (ConfUtils.java:logGet(43)) - raft.server.log.force.sync.num = 128 (default)
2019-10-12 10:41:19,384 [pool-129-thread-1] INFO  server.RaftServerConfigKeys (ConfUtils.java:logGet(43)) - raft.server.log.statemachine.data.sync = true (default)
2019-10-12 10:41:19,384 [pool-129-thread-1] INFO  server.RaftServerConfigKeys (ConfUtils.java:logGet(43)) - raft.server.log.statemachine.data.sync.timeout = 10s (default)
2019-10-12 10:41:19,384 [pool-129-thread-1] INFO  server.RaftServerConfigKeys (ConfUtils.java:logGet(43)) - raft.server.log.statemachine.data.sync.timeout.retry = -1 (default)
2019-10-12 10:41:19,385 [pool-129-thread-1] INFO  server.RaftServerConfigKeys (ConfUtils.java:logGet(43)) - raft.server.log.statemachine.data.caching.enabled = true (custom)
2019-10-12 10:41:19,385 [pool-129-thread-1] INFO  segmented.SegmentedRaftLogWorker (SegmentedRaftLogWorker.java:lambda$new$0(128)) - 0ef3defa-20aa-4816-9881-210631c2b677@group-6696C2EE2425-SegmentedRaftLogWorker: flushIndex: setUnconditionally 0 -> -1
2019-10-12 10:41:19,386 [pool-129-thread-1] INFO  server.RaftServerConfigKeys (ConfUtils.java:logGet(43)) - raft.server.snapshot.auto.trigger.enabled = true (custom)
2019-10-12 10:41:19,386 [pool-129-thread-1] INFO  server.RaftServerConfigKeys (ConfUtils.java:logGet(43)) - raft.server.snapshot.auto.trigger.threshold = 10000 (custom)
2019-10-12 10:41:19,386 [pool-129-thread-1] INFO  server.RaftServerConfigKeys (ConfUtils.java:logGet(43)) - raft.server.snapshot.retention.file.num = 5 (custom)
2019-10-12 10:41:19,386 [pool-129-thread-1] INFO  server.RaftServerConfigKeys (ConfUtils.java:logGet(43)) - raft.server.retrycache.expirytime = 600000ms (custom)
2019-10-12 10:41:19,389 [pool-129-thread-1] INFO  impl.RaftServerImpl (RaftServerImpl.java:start(181)) - 0ef3defa-20aa-4816-9881-210631c2b677@group-6696C2EE2425: start as a follower, conf=-1: [0ef3defa-20aa-4816-9881-210631c2b677:192.168.5.134:34597], old=null
2019-10-12 10:41:19,389 [pool-129-thread-1] INFO  impl.RaftServerImpl (RaftServerImpl.java:setRole(170)) - 0ef3defa-20aa-4816-9881-210631c2b677@group-6696C2EE2425: changes role from      null to FOLLOWER at term 0 for startAsFollower
2019-10-12 10:41:19,389 [pool-129-thread-1] INFO  impl.RoleInfo (RoleInfo.java:updateAndGet(143)) - 0ef3defa-20aa-4816-9881-210631c2b677: start FollowerState
2019-10-12 10:41:19,389 [pool-129-thread-1] INFO  util.JmxRegister (JmxRegister.java:tryRegister(44)) - Successfully registered JMX Bean with object name Ratis:service=RaftServer,group=group-6696C2EE2425,id=0ef3defa-20aa-4816-9881-210631c2b677
2019-10-12 10:41:19,392 [Command processor thread] INFO  commandhandler.CreatePipelineCommandHandler (CreatePipelineCommandHandler.java:handle(86)) - Create Pipeline RATIS ONE #id: "16edaab9-1608-499f-abaf-6696c2ee2425"
 command succeed on datanode 0ef3defa-20aa-4816-9881-210631c2b677.
2019-10-12 10:41:19,395 [Command processor thread] INFO  impl.RaftServerProxy (RaftServerProxy.java:addNew(89)) - 0ef3defa-20aa-4816-9881-210631c2b677: addNew group-2943DE0C8191:[0ef3defa-20aa-4816-9881-210631c2b677:192.168.5.134:34597, 14556118-8144-4117-8324-1126ac1cb2a6:192.168.5.134:39835, 613f4f72-aa2b-4fc8-96c5-2be837cde81d:192.168.5.134:37914] returns group-2943DE0C8191:java.util.concurrent.CompletableFuture@35b1bf86[Not completed]
2019-10-12 10:41:19,396 [EventQueue-PipelineReportForPipelineReportHandler] INFO  pipeline.PipelineReportHandler (PipelineReportHandler.java:processPipelineReport(104)) - Pipeline ONE PipelineID=16edaab9-1608-499f-abaf-6696c2ee2425 reported by 0ef3defa-20aa-4816-9881-210631c2b677{ip: 192.168.5.134, host: pr-hdds-2034-qjlc4-3656631144, networkLocation: /default-rack, certSerialId: null}
2019-10-12 10:41:19,396 [EventQueue-PipelineReportForPipelineReportHandler] INFO  pipeline.PipelineStateManager (PipelineStateManager.java:openPipeline(134)) - Pipeline Pipeline[ Id: 16edaab9-1608-499f-abaf-6696c2ee2425, Nodes: 0ef3defa-20aa-4816-9881-210631c2b677{ip: 192.168.5.134, host: pr-hdds-2034-qjlc4-3656631144, networkLocation: /default-rack, certSerialId: null}, Type:RATIS, Factor:ONE, State:ALLOCATED] moved to OPEN state
2019-10-12 10:41:19,396 [pool-129-thread-1] INFO  impl.RaftServerImpl (RaftServerImpl.java:<init>(95)) - 0ef3defa-20aa-4816-9881-210631c2b677: new RaftServerImpl for group-2943DE0C8191:[0ef3defa-20aa-4816-9881-210631c2b677:192.168.5.134:34597, 14556118-8144-4117-8324-1126ac1cb2a6:192.168.5.134:39835, 613f4f72-aa2b-4fc8-96c5-2be837cde81d:192.168.5.134:37914] with ContainerStateMachine:uninitialized
2019-10-12 10:41:19,397 [pool-129-thread-1] INFO  server.RaftServerConfigKeys (ConfUtils.java:logGet(43)) - raft.server.rpc.timeout.min = 5s (custom)
2019-10-12 10:41:19,397 [pool-129-thread-1] INFO  server.RaftServerConfigKeys (ConfUtils.java:logGet(43)) - raft.server.rpc.timeout.max = 5200ms (custom)
2019-10-12 10:41:19,397 [pool-129-thread-1] INFO  server.RaftServerConfigKeys (ConfUtils.java:logGet(43)) - raft.server.rpcslowness.timeout = 120s (custom)
2019-10-12 10:41:19,397 [pool-129-thread-1] INFO  server.RaftServerConfigKeys (ConfUtils.java:logGet(43)) - raft.server.sleep.deviation.threshold = 300 (default)
2019-10-12 10:41:19,397 [pool-129-thread-1] INFO  server.RaftServerConfigKeys (ConfUtils.java:logGet(43)) - raft.server.log.appender.install.snapshot.enabled = false (custom)
2019-10-12 10:41:19,397 [pool-129-thread-1] INFO  impl.RaftServerImpl (ServerState.java:<init>(103)) - 0ef3defa-20aa-4816-9881-210631c2b677@group-2943DE0C8191: ConfigurationManager, init=-1: [0ef3defa-20aa-4816-9881-210631c2b677:192.168.5.134:34597, 14556118-8144-4117-8324-1126ac1cb2a6:192.168.5.134:39835, 613f4f72-aa2b-4fc8-96c5-2be837cde81d:192.168.5.134:37914], old=null, confs=<EMPTY_MAP>
2019-10-12 10:41:19,397 [pool-129-thread-1] INFO  server.RaftServerConfigKeys (ConfUtils.java:logGet(43)) - raft.server.storage.dir = [/workdir/hadoop-ozone/integration-test/target/test-dir/MiniOzoneClusterImpl-cf0cf180-5432-4e6c-a6d7-fa1470a5ccd4/datanode-1/data/ratis] (custom)
2019-10-12 10:41:19,398 [pool-129-thread-1] INFO  server.RaftServerConfigKeys (ConfUtils.java:logGet(43)) - raft.server.log.corruption.policy = EXCEPTION (default)
2019-10-12 10:41:19,398 [pool-129-thread-1] INFO  storage.RaftStorageDirectory (RaftStorageDirectory.java:analyzeStorage(246)) - The storage directory /workdir/hadoop-ozone/integration-test/target/test-dir/MiniOzoneClusterImpl-cf0cf180-5432-4e6c-a6d7-fa1470a5ccd4/datanode-1/data/ratis/f4a9a7f0-f047-41ce-8c90-2943de0c8191 does not exist. Creating ...
2019-10-12 10:41:19,411 [pool-129-thread-1] INFO  storage.RaftStorageDirectory (RaftStorageDirectory.java:tryLock(328)) - Lock on /workdir/hadoop-ozone/integration-test/target/test-dir/MiniOzoneClusterImpl-cf0cf180-5432-4e6c-a6d7-fa1470a5ccd4/datanode-1/data/ratis/f4a9a7f0-f047-41ce-8c90-2943de0c8191/in_use.lock acquired by nodename 22103@pr-hdds-2034-qjlc4-3656631144
2019-10-12 10:41:19,414 [Command processor thread] INFO  impl.RaftServerProxy (RaftServerProxy.java:addNew(89)) - 14556118-8144-4117-8324-1126ac1cb2a6: addNew group-195B4753F061:[14556118-8144-4117-8324-1126ac1cb2a6:192.168.5.134:39835] returns group-195B4753F061:java.util.concurrent.CompletableFuture@14dc3922[Not completed]
2019-10-12 10:41:19,415 [pool-139-thread-1] INFO  impl.RaftServerImpl (RaftServerImpl.java:<init>(95)) - 14556118-8144-4117-8324-1126ac1cb2a6: new RaftServerImpl for group-195B4753F061:[14556118-8144-4117-8324-1126ac1cb2a6:192.168.5.134:39835] with ContainerStateMachine:uninitialized
2019-10-12 10:41:19,416 [pool-139-thread-1] INFO  server.RaftServerConfigKeys (ConfUtils.java:logGet(43)) - raft.server.rpc.timeout.min = 5s (custom)
2019-10-12 10:41:19,416 [pool-139-thread-1] INFO  server.RaftServerConfigKeys (ConfUtils.java:logGet(43)) - raft.server.rpc.timeout.max = 5200ms (custom)
2019-10-12 10:41:19,416 [pool-139-thread-1] INFO  server.RaftServerConfigKeys (ConfUtils.java:logGet(43)) - raft.server.rpcslowness.timeout = 120s (custom)
2019-10-12 10:41:19,416 [pool-139-thread-1] INFO  server.RaftServerConfigKeys (ConfUtils.java:logGet(43)) - raft.server.sleep.deviation.threshold = 300 (default)
2019-10-12 10:41:19,416 [pool-139-thread-1] INFO  server.RaftServerConfigKeys (ConfUtils.java:logGet(43)) - raft.server.log.appender.install.snapshot.enabled = false (custom)
2019-10-12 10:41:19,416 [pool-139-thread-1] INFO  impl.RaftServerImpl (ServerState.java:<init>(103)) - 14556118-8144-4117-8324-1126ac1cb2a6@group-195B4753F061: ConfigurationManager, init=-1: [14556118-8144-4117-8324-1126ac1cb2a6:192.168.5.134:39835], old=null, confs=<EMPTY_MAP>
2019-10-12 10:41:19,416 [pool-139-thread-1] INFO  server.RaftServerConfigKeys (ConfUtils.java:logGet(43)) - raft.server.storage.dir = [/workdir/hadoop-ozone/integration-test/target/test-dir/MiniOzoneClusterImpl-cf0cf180-5432-4e6c-a6d7-fa1470a5ccd4/datanode-2/data/ratis] (custom)
2019-10-12 10:41:19,417 [pool-139-thread-1] INFO  server.RaftServerConfigKeys (ConfUtils.java:logGet(43)) - raft.server.log.corruption.policy = EXCEPTION (default)
2019-10-12 10:41:19,417 [pool-139-thread-1] INFO  storage.RaftStorageDirectory (RaftStorageDirectory.java:analyzeStorage(246)) - The storage directory /workdir/hadoop-ozone/integration-test/target/test-dir/MiniOzoneClusterImpl-cf0cf180-5432-4e6c-a6d7-fa1470a5ccd4/datanode-2/data/ratis/32ef7a16-84f0-4863-b3f4-195b4753f061 does not exist. Creating ...
2019-10-12 10:41:19,427 [pool-139-thread-1] INFO  storage.RaftStorageDirectory (RaftStorageDirectory.java:tryLock(328)) - Lock on /workdir/hadoop-ozone/integration-test/target/test-dir/MiniOzoneClusterImpl-cf0cf180-5432-4e6c-a6d7-fa1470a5ccd4/datanode-2/data/ratis/32ef7a16-84f0-4863-b3f4-195b4753f061/in_use.lock acquired by nodename 22103@pr-hdds-2034-qjlc4-3656631144
2019-10-12 10:41:19,427 [pool-129-thread-1] INFO  storage.RaftStorage (RaftStorage.java:format(84)) - Storage directory /workdir/hadoop-ozone/integration-test/target/test-dir/MiniOzoneClusterImpl-cf0cf180-5432-4e6c-a6d7-fa1470a5ccd4/datanode-1/data/ratis/f4a9a7f0-f047-41ce-8c90-2943de0c8191 has been successfully formatted.
2019-10-12 10:41:19,428 [pool-129-thread-1] INFO  ratis.ContainerStateMachine (ContainerStateMachine.java:loadSnapshot(231)) - group-2943DE0C8191: The snapshot info is null. Setting the last applied indexto:(t:0, i:~)
2019-10-12 10:41:19,428 [pool-129-thread-1] INFO  server.RaftServerConfigKeys (ConfUtils.java:logGet(43)) - raft.server.notification.no-leader.timeout = 120s (custom)
2019-10-12 10:41:19,428 [pool-129-thread-1] INFO  server.RaftServerConfigKeys (ConfUtils.java:logGet(43)) - raft.server.log.use.memory = false (default)
2019-10-12 10:41:19,428 [pool-129-thread-1] INFO  server.RaftServerConfigKeys (ConfUtils.java:logGet(43)) - raft.server.log.purge.gap = 1000000 (custom)
2019-10-12 10:41:19,428 [pool-129-thread-1] INFO  server.RaftServerConfigKeys (ConfUtils.java:logGet(43)) - raft.server.log.appender.buffer.byte-limit = 33554432 (custom)
2019-10-12 10:41:19,428 [pool-129-thread-1] INFO  server.RaftServerConfigKeys (ConfUtils.java:logGet(43)) - raft.server.log.segment.size.max = 1048576 (custom)
2019-10-12 10:41:19,429 [pool-129-thread-1] INFO  server.RaftServerConfigKeys (ConfUtils.java:logGet(43)) - raft.server.log.segment.cache.num.max = 2 (custom)
2019-10-12 10:41:19,429 [pool-129-thread-1] INFO  segmented.SegmentedRaftLogWorker (SegmentedRaftLogWorker.java:<init>(173)) - new 0ef3defa-20aa-4816-9881-210631c2b677@group-2943DE0C8191-SegmentedRaftLogWorker for RaftStorage:Storage Directory /workdir/hadoop-ozone/integration-test/target/test-dir/MiniOzoneClusterImpl-cf0cf180-5432-4e6c-a6d7-fa1470a5ccd4/datanode-1/data/ratis/f4a9a7f0-f047-41ce-8c90-2943de0c8191
2019-10-12 10:41:19,429 [pool-129-thread-1] INFO  server.RaftServerConfigKeys (ConfUtils.java:logGet(43)) - raft.server.log.queue.byte-limit = 2147483647 (custom)
2019-10-12 10:41:19,429 [pool-129-thread-1] INFO  server.RaftServerConfigKeys (ConfUtils.java:logGet(43)) - raft.server.log.queue.element-limit = 1024 (custom)
2019-10-12 10:41:19,429 [pool-129-thread-1] INFO  server.RaftServerConfigKeys (ConfUtils.java:logGet(43)) - raft.server.log.segment.size.max = 1048576 (custom)
2019-10-12 10:41:19,429 [pool-129-thread-1] INFO  server.RaftServerConfigKeys (ConfUtils.java:logGet(43)) - raft.server.log.preallocated.size = 16384 (custom)
2019-10-12 10:41:19,429 [pool-129-thread-1] INFO  server.RaftServerConfigKeys (ConfUtils.java:logGet(43)) - raft.server.log.write.buffer.size = 33554432 (custom)
2019-10-12 10:41:19,430 [pool-129-thread-1] INFO  server.RaftServerConfigKeys (ConfUtils.java:logGet(43)) - raft.server.log.force.sync.num = 128 (default)
2019-10-12 10:41:19,430 [pool-129-thread-1] INFO  server.RaftServerConfigKeys (ConfUtils.java:logGet(43)) - raft.server.log.statemachine.data.sync = true (default)
2019-10-12 10:41:19,430 [pool-129-thread-1] INFO  server.RaftServerConfigKeys (ConfUtils.java:logGet(43)) - raft.server.log.statemachine.data.sync.timeout = 10s (default)
2019-10-12 10:41:19,430 [pool-129-thread-1] INFO  server.RaftServerConfigKeys (ConfUtils.java:logGet(43)) - raft.server.log.statemachine.data.sync.timeout.retry = -1 (default)
2019-10-12 10:41:19,430 [pool-129-thread-1] INFO  server.RaftServerConfigKeys (ConfUtils.java:logGet(43)) - raft.server.log.statemachine.data.caching.enabled = true (custom)
2019-10-12 10:41:19,430 [pool-129-thread-1] INFO  segmented.SegmentedRaftLogWorker (SegmentedRaftLogWorker.java:lambda$new$0(128)) - 0ef3defa-20aa-4816-9881-210631c2b677@group-2943DE0C8191-SegmentedRaftLogWorker: flushIndex: setUnconditionally 0 -> -1
2019-10-12 10:41:19,431 [pool-129-thread-1] INFO  server.RaftServerConfigKeys (ConfUtils.java:logGet(43)) - raft.server.snapshot.auto.trigger.enabled = true (custom)
2019-10-12 10:41:19,431 [pool-129-thread-1] INFO  server.RaftServerConfigKeys (ConfUtils.java:logGet(43)) - raft.server.snapshot.auto.trigger.threshold = 10000 (custom)
2019-10-12 10:41:19,431 [pool-129-thread-1] INFO  server.RaftServerConfigKeys (ConfUtils.java:logGet(43)) - raft.server.snapshot.retention.file.num = 5 (custom)
2019-10-12 10:41:19,431 [pool-129-thread-1] INFO  server.RaftServerConfigKeys (ConfUtils.java:logGet(43)) - raft.server.retrycache.expirytime = 600000ms (custom)
2019-10-12 10:41:19,433 [pool-129-thread-1] INFO  impl.RaftServerImpl (RaftServerImpl.java:start(181)) - 0ef3defa-20aa-4816-9881-210631c2b677@group-2943DE0C8191: start as a follower, conf=-1: [0ef3defa-20aa-4816-9881-210631c2b677:192.168.5.134:34597, 14556118-8144-4117-8324-1126ac1cb2a6:192.168.5.134:39835, 613f4f72-aa2b-4fc8-96c5-2be837cde81d:192.168.5.134:37914], old=null
2019-10-12 10:41:19,433 [pool-129-thread-1] INFO  impl.RaftServerImpl (RaftServerImpl.java:setRole(170)) - 0ef3defa-20aa-4816-9881-210631c2b677@group-2943DE0C8191: changes role from      null to FOLLOWER at term 0 for startAsFollower
2019-10-12 10:41:19,433 [pool-129-thread-1] INFO  impl.RoleInfo (RoleInfo.java:updateAndGet(143)) - 0ef3defa-20aa-4816-9881-210631c2b677: start FollowerState
2019-10-12 10:41:19,450 [pool-129-thread-1] INFO  util.JmxRegister (JmxRegister.java:tryRegister(44)) - Successfully registered JMX Bean with object name Ratis:service=RaftServer,group=group-2943DE0C8191,id=0ef3defa-20aa-4816-9881-210631c2b677
2019-10-12 10:41:19,450 [pool-139-thread-1] INFO  storage.RaftStorage (RaftStorage.java:format(84)) - Storage directory /workdir/hadoop-ozone/integration-test/target/test-dir/MiniOzoneClusterImpl-cf0cf180-5432-4e6c-a6d7-fa1470a5ccd4/datanode-2/data/ratis/32ef7a16-84f0-4863-b3f4-195b4753f061 has been successfully formatted.
2019-10-12 10:41:19,450 [pool-139-thread-1] INFO  ratis.ContainerStateMachine (ContainerStateMachine.java:loadSnapshot(231)) - group-195B4753F061: The snapshot info is null. Setting the last applied indexto:(t:0, i:~)
2019-10-12 10:41:19,450 [pool-139-thread-1] INFO  server.RaftServerConfigKeys (ConfUtils.java:logGet(43)) - raft.server.notification.no-leader.timeout = 120s (custom)
2019-10-12 10:41:19,450 [pool-139-thread-1] INFO  server.RaftServerConfigKeys (ConfUtils.java:logGet(43)) - raft.server.log.use.memory = false (default)
2019-10-12 10:41:19,450 [pool-139-thread-1] INFO  server.RaftServerConfigKeys (ConfUtils.java:logGet(43)) - raft.server.log.purge.gap = 1000000 (custom)
2019-10-12 10:41:19,451 [pool-139-thread-1] INFO  server.RaftServerConfigKeys (ConfUtils.java:logGet(43)) - raft.server.log.appender.buffer.byte-limit = 33554432 (custom)
2019-10-12 10:41:19,451 [pool-139-thread-1] INFO  server.RaftServerConfigKeys (ConfUtils.java:logGet(43)) - raft.server.log.segment.size.max = 1048576 (custom)
2019-10-12 10:41:19,460 [Command processor thread] INFO  commandhandler.CreatePipelineCommandHandler (CreatePipelineCommandHandler.java:handle(86)) - Create Pipeline RATIS THREE #id: "f4a9a7f0-f047-41ce-8c90-2943de0c8191"
 command succeed on datanode 0ef3defa-20aa-4816-9881-210631c2b677.
2019-10-12 10:41:19,461 [pool-139-thread-1] INFO  server.RaftServerConfigKeys (ConfUtils.java:logGet(43)) - raft.server.log.segment.cache.num.max = 2 (custom)
2019-10-12 10:41:19,461 [pool-139-thread-1] INFO  segmented.SegmentedRaftLogWorker (SegmentedRaftLogWorker.java:<init>(173)) - new 14556118-8144-4117-8324-1126ac1cb2a6@group-195B4753F061-SegmentedRaftLogWorker for RaftStorage:Storage Directory /workdir/hadoop-ozone/integration-test/target/test-dir/MiniOzoneClusterImpl-cf0cf180-5432-4e6c-a6d7-fa1470a5ccd4/datanode-2/data/ratis/32ef7a16-84f0-4863-b3f4-195b4753f061
2019-10-12 10:41:19,461 [pool-139-thread-1] INFO  server.RaftServerConfigKeys (ConfUtils.java:logGet(43)) - raft.server.log.queue.byte-limit = 2147483647 (custom)
2019-10-12 10:41:19,461 [pool-139-thread-1] INFO  server.RaftServerConfigKeys (ConfUtils.java:logGet(43)) - raft.server.log.queue.element-limit = 1024 (custom)
2019-10-12 10:41:19,461 [pool-139-thread-1] INFO  server.RaftServerConfigKeys (ConfUtils.java:logGet(43)) - raft.server.log.segment.size.max = 1048576 (custom)
2019-10-12 10:41:19,461 [pool-139-thread-1] INFO  server.RaftServerConfigKeys (ConfUtils.java:logGet(43)) - raft.server.log.preallocated.size = 16384 (custom)
2019-10-12 10:41:19,461 [EventQueue-PipelineReportForPipelineReportHandler] INFO  pipeline.PipelineReportHandler (PipelineReportHandler.java:processPipelineReport(104)) - Pipeline THREE PipelineID=f4a9a7f0-f047-41ce-8c90-2943de0c8191 reported by 0ef3defa-20aa-4816-9881-210631c2b677{ip: 192.168.5.134, host: pr-hdds-2034-qjlc4-3656631144, networkLocation: /default-rack, certSerialId: null}
2019-10-12 10:41:19,462 [pool-139-thread-1] INFO  server.RaftServerConfigKeys (ConfUtils.java:logGet(43)) - raft.server.log.write.buffer.size = 33554432 (custom)
2019-10-12 10:41:19,462 [pool-139-thread-1] INFO  server.RaftServerConfigKeys (ConfUtils.java:logGet(43)) - raft.server.log.force.sync.num = 128 (default)
2019-10-12 10:41:19,462 [pool-139-thread-1] INFO  server.RaftServerConfigKeys (ConfUtils.java:logGet(43)) - raft.server.log.statemachine.data.sync = true (default)
2019-10-12 10:41:19,462 [pool-139-thread-1] INFO  server.RaftServerConfigKeys (ConfUtils.java:logGet(43)) - raft.server.log.statemachine.data.sync.timeout = 10s (default)
2019-10-12 10:41:19,462 [pool-139-thread-1] INFO  server.RaftServerConfigKeys (ConfUtils.java:logGet(43)) - raft.server.log.statemachine.data.sync.timeout.retry = -1 (default)
2019-10-12 10:41:19,463 [pool-139-thread-1] INFO  server.RaftServerConfigKeys (ConfUtils.java:logGet(43)) - raft.server.log.statemachine.data.caching.enabled = true (custom)
2019-10-12 10:41:19,463 [pool-139-thread-1] INFO  segmented.SegmentedRaftLogWorker (SegmentedRaftLogWorker.java:lambda$new$0(128)) - 14556118-8144-4117-8324-1126ac1cb2a6@group-195B4753F061-SegmentedRaftLogWorker: flushIndex: setUnconditionally 0 -> -1
2019-10-12 10:41:19,463 [pool-139-thread-1] INFO  server.RaftServerConfigKeys (ConfUtils.java:logGet(43)) - raft.server.snapshot.auto.trigger.enabled = true (custom)
2019-10-12 10:41:19,464 [pool-139-thread-1] INFO  server.RaftServerConfigKeys (ConfUtils.java:logGet(43)) - raft.server.snapshot.auto.trigger.threshold = 10000 (custom)
2019-10-12 10:41:19,464 [pool-139-thread-1] INFO  server.RaftServerConfigKeys (ConfUtils.java:logGet(43)) - raft.server.snapshot.retention.file.num = 5 (custom)
2019-10-12 10:41:19,464 [pool-139-thread-1] INFO  server.RaftServerConfigKeys (ConfUtils.java:logGet(43)) - raft.server.retrycache.expirytime = 600000ms (custom)
2019-10-12 10:41:19,466 [pool-139-thread-1] INFO  impl.RaftServerImpl (RaftServerImpl.java:start(181)) - 14556118-8144-4117-8324-1126ac1cb2a6@group-195B4753F061: start as a follower, conf=-1: [14556118-8144-4117-8324-1126ac1cb2a6:192.168.5.134:39835], old=null
2019-10-12 10:41:19,466 [pool-139-thread-1] INFO  impl.RaftServerImpl (RaftServerImpl.java:setRole(170)) - 14556118-8144-4117-8324-1126ac1cb2a6@group-195B4753F061: changes role from      null to FOLLOWER at term 0 for startAsFollower
2019-10-12 10:41:19,466 [pool-139-thread-1] INFO  impl.RoleInfo (RoleInfo.java:updateAndGet(143)) - 14556118-8144-4117-8324-1126ac1cb2a6: start FollowerState
2019-10-12 10:41:19,467 [pool-139-thread-1] INFO  util.JmxRegister (JmxRegister.java:tryRegister(44)) - Successfully registered JMX Bean with object name Ratis:service=RaftServer,group=group-195B4753F061,id=14556118-8144-4117-8324-1126ac1cb2a6
2019-10-12 10:41:19,469 [Command processor thread] INFO  commandhandler.CreatePipelineCommandHandler (CreatePipelineCommandHandler.java:handle(86)) - Create Pipeline RATIS ONE #id: "32ef7a16-84f0-4863-b3f4-195b4753f061"
 command succeed on datanode 14556118-8144-4117-8324-1126ac1cb2a6.
2019-10-12 10:41:19,472 [Command processor thread] INFO  impl.RaftServerProxy (RaftServerProxy.java:addNew(89)) - 14556118-8144-4117-8324-1126ac1cb2a6: addNew group-2943DE0C8191:[0ef3defa-20aa-4816-9881-210631c2b677:192.168.5.134:34597, 14556118-8144-4117-8324-1126ac1cb2a6:192.168.5.134:39835, 613f4f72-aa2b-4fc8-96c5-2be837cde81d:192.168.5.134:37914] returns group-2943DE0C8191:java.util.concurrent.CompletableFuture@10e3bf61[Not completed]
2019-10-12 10:41:19,473 [EventQueue-PipelineReportForPipelineReportHandler] INFO  pipeline.PipelineReportHandler (PipelineReportHandler.java:processPipelineReport(104)) - Pipeline ONE PipelineID=32ef7a16-84f0-4863-b3f4-195b4753f061 reported by 14556118-8144-4117-8324-1126ac1cb2a6{ip: 192.168.5.134, host: pr-hdds-2034-qjlc4-3656631144, networkLocation: /default-rack, certSerialId: null}
2019-10-12 10:41:19,473 [EventQueue-PipelineReportForPipelineReportHandler] INFO  pipeline.PipelineStateManager (PipelineStateManager.java:openPipeline(134)) - Pipeline Pipeline[ Id: 32ef7a16-84f0-4863-b3f4-195b4753f061, Nodes: 14556118-8144-4117-8324-1126ac1cb2a6{ip: 192.168.5.134, host: pr-hdds-2034-qjlc4-3656631144, networkLocation: /default-rack, certSerialId: null}, Type:RATIS, Factor:ONE, State:ALLOCATED] moved to OPEN state
2019-10-12 10:41:19,473 [pool-139-thread-1] INFO  impl.RaftServerImpl (RaftServerImpl.java:<init>(95)) - 14556118-8144-4117-8324-1126ac1cb2a6: new RaftServerImpl for group-2943DE0C8191:[0ef3defa-20aa-4816-9881-210631c2b677:192.168.5.134:34597, 14556118-8144-4117-8324-1126ac1cb2a6:192.168.5.134:39835, 613f4f72-aa2b-4fc8-96c5-2be837cde81d:192.168.5.134:37914] with ContainerStateMachine:uninitialized
2019-10-12 10:41:19,473 [pool-139-thread-1] INFO  server.RaftServerConfigKeys (ConfUtils.java:logGet(43)) - raft.server.rpc.timeout.min = 5s (custom)
2019-10-12 10:41:19,474 [pool-139-thread-1] INFO  server.RaftServerConfigKeys (ConfUtils.java:logGet(43)) - raft.server.rpc.timeout.max = 5200ms (custom)
2019-10-12 10:41:19,474 [pool-139-thread-1] INFO  server.RaftServerConfigKeys (ConfUtils.java:logGet(43)) - raft.server.rpcslowness.timeout = 120s (custom)
2019-10-12 10:41:19,474 [pool-139-thread-1] INFO  server.RaftServerConfigKeys (ConfUtils.java:logGet(43)) - raft.server.sleep.deviation.threshold = 300 (default)
2019-10-12 10:41:19,474 [pool-139-thread-1] INFO  server.RaftServerConfigKeys (ConfUtils.java:logGet(43)) - raft.server.log.appender.install.snapshot.enabled = false (custom)
2019-10-12 10:41:19,474 [pool-139-thread-1] INFO  impl.RaftServerImpl (ServerState.java:<init>(103)) - 14556118-8144-4117-8324-1126ac1cb2a6@group-2943DE0C8191: ConfigurationManager, init=-1: [0ef3defa-20aa-4816-9881-210631c2b677:192.168.5.134:34597, 14556118-8144-4117-8324-1126ac1cb2a6:192.168.5.134:39835, 613f4f72-aa2b-4fc8-96c5-2be837cde81d:192.168.5.134:37914], old=null, confs=<EMPTY_MAP>
2019-10-12 10:41:19,474 [pool-139-thread-1] INFO  server.RaftServerConfigKeys (ConfUtils.java:logGet(43)) - raft.server.storage.dir = [/workdir/hadoop-ozone/integration-test/target/test-dir/MiniOzoneClusterImpl-cf0cf180-5432-4e6c-a6d7-fa1470a5ccd4/datanode-2/data/ratis] (custom)
2019-10-12 10:41:19,474 [pool-139-thread-1] INFO  server.RaftServerConfigKeys (ConfUtils.java:logGet(43)) - raft.server.log.corruption.policy = EXCEPTION (default)
2019-10-12 10:41:19,475 [pool-139-thread-1] INFO  storage.RaftStorageDirectory (RaftStorageDirectory.java:analyzeStorage(246)) - The storage directory /workdir/hadoop-ozone/integration-test/target/test-dir/MiniOzoneClusterImpl-cf0cf180-5432-4e6c-a6d7-fa1470a5ccd4/datanode-2/data/ratis/f4a9a7f0-f047-41ce-8c90-2943de0c8191 does not exist. Creating ...
2019-10-12 10:41:19,478 [pool-139-thread-1] INFO  storage.RaftStorageDirectory (RaftStorageDirectory.java:tryLock(328)) - Lock on /workdir/hadoop-ozone/integration-test/target/test-dir/MiniOzoneClusterImpl-cf0cf180-5432-4e6c-a6d7-fa1470a5ccd4/datanode-2/data/ratis/f4a9a7f0-f047-41ce-8c90-2943de0c8191/in_use.lock acquired by nodename 22103@pr-hdds-2034-qjlc4-3656631144
2019-10-12 10:41:19,481 [pool-139-thread-1] INFO  storage.RaftStorage (RaftStorage.java:format(84)) - Storage directory /workdir/hadoop-ozone/integration-test/target/test-dir/MiniOzoneClusterImpl-cf0cf180-5432-4e6c-a6d7-fa1470a5ccd4/datanode-2/data/ratis/f4a9a7f0-f047-41ce-8c90-2943de0c8191 has been successfully formatted.
2019-10-12 10:41:19,481 [pool-139-thread-1] INFO  ratis.ContainerStateMachine (ContainerStateMachine.java:loadSnapshot(231)) - group-2943DE0C8191: The snapshot info is null. Setting the last applied indexto:(t:0, i:~)
2019-10-12 10:41:19,481 [pool-139-thread-1] INFO  server.RaftServerConfigKeys (ConfUtils.java:logGet(43)) - raft.server.notification.no-leader.timeout = 120s (custom)
2019-10-12 10:41:19,481 [pool-139-thread-1] INFO  server.RaftServerConfigKeys (ConfUtils.java:logGet(43)) - raft.server.log.use.memory = false (default)
2019-10-12 10:41:19,482 [pool-139-thread-1] INFO  server.RaftServerConfigKeys (ConfUtils.java:logGet(43)) - raft.server.log.purge.gap = 1000000 (custom)
2019-10-12 10:41:19,482 [pool-139-thread-1] INFO  server.RaftServerConfigKeys (ConfUtils.java:logGet(43)) - raft.server.log.appender.buffer.byte-limit = 33554432 (custom)
2019-10-12 10:41:19,482 [pool-139-thread-1] INFO  server.RaftServerConfigKeys (ConfUtils.java:logGet(43)) - raft.server.log.segment.size.max = 1048576 (custom)
2019-10-12 10:41:19,482 [pool-139-thread-1] INFO  server.RaftServerConfigKeys (ConfUtils.java:logGet(43)) - raft.server.log.segment.cache.num.max = 2 (custom)
2019-10-12 10:41:19,482 [pool-139-thread-1] INFO  segmented.SegmentedRaftLogWorker (SegmentedRaftLogWorker.java:<init>(173)) - new 14556118-8144-4117-8324-1126ac1cb2a6@group-2943DE0C8191-SegmentedRaftLogWorker for RaftStorage:Storage Directory /workdir/hadoop-ozone/integration-test/target/test-dir/MiniOzoneClusterImpl-cf0cf180-5432-4e6c-a6d7-fa1470a5ccd4/datanode-2/data/ratis/f4a9a7f0-f047-41ce-8c90-2943de0c8191
2019-10-12 10:41:19,482 [pool-139-thread-1] INFO  server.RaftServerConfigKeys (ConfUtils.java:logGet(43)) - raft.server.log.queue.byte-limit = 2147483647 (custom)
2019-10-12 10:41:19,482 [pool-139-thread-1] INFO  server.RaftServerConfigKeys (ConfUtils.java:logGet(43)) - raft.server.log.queue.element-limit = 1024 (custom)
2019-10-12 10:41:19,483 [pool-139-thread-1] INFO  server.RaftServerConfigKeys (ConfUtils.java:logGet(43)) - raft.server.log.segment.size.max = 1048576 (custom)
2019-10-12 10:41:19,483 [pool-139-thread-1] INFO  server.RaftServerConfigKeys (ConfUtils.java:logGet(43)) - raft.server.log.preallocated.size = 16384 (custom)
2019-10-12 10:41:19,483 [pool-139-thread-1] INFO  server.RaftServerConfigKeys (ConfUtils.java:logGet(43)) - raft.server.log.write.buffer.size = 33554432 (custom)
2019-10-12 10:41:19,483 [pool-139-thread-1] INFO  server.RaftServerConfigKeys (ConfUtils.java:logGet(43)) - raft.server.log.force.sync.num = 128 (default)
2019-10-12 10:41:19,483 [pool-139-thread-1] INFO  server.RaftServerConfigKeys (ConfUtils.java:logGet(43)) - raft.server.log.statemachine.data.sync = true (default)
2019-10-12 10:41:19,483 [pool-139-thread-1] INFO  server.RaftServerConfigKeys (ConfUtils.java:logGet(43)) - raft.server.log.statemachine.data.sync.timeout = 10s (default)
2019-10-12 10:41:19,483 [pool-139-thread-1] INFO  server.RaftServerConfigKeys (ConfUtils.java:logGet(43)) - raft.server.log.statemachine.data.sync.timeout.retry = -1 (default)
2019-10-12 10:41:19,484 [pool-139-thread-1] INFO  server.RaftServerConfigKeys (ConfUtils.java:logGet(43)) - raft.server.log.statemachine.data.caching.enabled = true (custom)
2019-10-12 10:41:19,486 [Command processor thread] INFO  impl.RaftServerProxy (RaftServerProxy.java:addNew(89)) - 3e303de4-627b-4a84-82db-195dcd8c66ae: addNew group-2316E062DCBB:[3e303de4-627b-4a84-82db-195dcd8c66ae:192.168.5.134:33739] returns group-2316E062DCBB:java.util.concurrent.CompletableFuture@79652d2f[Not completed]
2019-10-12 10:41:19,486 [pool-139-thread-1] INFO  segmented.SegmentedRaftLogWorker (SegmentedRaftLogWorker.java:lambda$new$0(128)) - 14556118-8144-4117-8324-1126ac1cb2a6@group-2943DE0C8191-SegmentedRaftLogWorker: flushIndex: setUnconditionally 0 -> -1
2019-10-12 10:41:19,487 [pool-139-thread-1] INFO  server.RaftServerConfigKeys (ConfUtils.java:logGet(43)) - raft.server.snapshot.auto.trigger.enabled = true (custom)
2019-10-12 10:41:19,487 [pool-139-thread-1] INFO  server.RaftServerConfigKeys (ConfUtils.java:logGet(43)) - raft.server.snapshot.auto.trigger.threshold = 10000 (custom)
2019-10-12 10:41:19,487 [pool-139-thread-1] INFO  server.RaftServerConfigKeys (ConfUtils.java:logGet(43)) - raft.server.snapshot.retention.file.num = 5 (custom)
2019-10-12 10:41:19,487 [pool-139-thread-1] INFO  server.RaftServerConfigKeys (ConfUtils.java:logGet(43)) - raft.server.retrycache.expirytime = 600000ms (custom)
2019-10-12 10:41:19,488 [pool-149-thread-1] INFO  impl.RaftServerImpl (RaftServerImpl.java:<init>(95)) - 3e303de4-627b-4a84-82db-195dcd8c66ae: new RaftServerImpl for group-2316E062DCBB:[3e303de4-627b-4a84-82db-195dcd8c66ae:192.168.5.134:33739] with ContainerStateMachine:uninitialized
2019-10-12 10:41:19,488 [pool-149-thread-1] INFO  server.RaftServerConfigKeys (ConfUtils.java:logGet(43)) - raft.server.rpc.timeout.min = 5s (custom)
2019-10-12 10:41:19,488 [pool-149-thread-1] INFO  server.RaftServerConfigKeys (ConfUtils.java:logGet(43)) - raft.server.rpc.timeout.max = 5200ms (custom)
2019-10-12 10:41:19,488 [pool-149-thread-1] INFO  server.RaftServerConfigKeys (ConfUtils.java:logGet(43)) - raft.server.rpcslowness.timeout = 120s (custom)
2019-10-12 10:41:19,488 [pool-149-thread-1] INFO  server.RaftServerConfigKeys (ConfUtils.java:logGet(43)) - raft.server.sleep.deviation.threshold = 300 (default)
2019-10-12 10:41:19,488 [pool-149-thread-1] INFO  server.RaftServerConfigKeys (ConfUtils.java:logGet(43)) - raft.server.log.appender.install.snapshot.enabled = false (custom)
2019-10-12 10:41:19,488 [pool-149-thread-1] INFO  impl.RaftServerImpl (ServerState.java:<init>(103)) - 3e303de4-627b-4a84-82db-195dcd8c66ae@group-2316E062DCBB: ConfigurationManager, init=-1: [3e303de4-627b-4a84-82db-195dcd8c66ae:192.168.5.134:33739], old=null, confs=<EMPTY_MAP>
2019-10-12 10:41:19,489 [pool-149-thread-1] INFO  server.RaftServerConfigKeys (ConfUtils.java:logGet(43)) - raft.server.storage.dir = [/workdir/hadoop-ozone/integration-test/target/test-dir/MiniOzoneClusterImpl-cf0cf180-5432-4e6c-a6d7-fa1470a5ccd4/datanode-3/data/ratis] (custom)
2019-10-12 10:41:19,610 [pool-149-thread-1] INFO  server.RaftServerConfigKeys (ConfUtils.java:logGet(43)) - raft.server.log.corruption.policy = EXCEPTION (default)
2019-10-12 10:41:19,616 [pool-149-thread-1] INFO  storage.RaftStorageDirectory (RaftStorageDirectory.java:analyzeStorage(246)) - The storage directory /workdir/hadoop-ozone/integration-test/target/test-dir/MiniOzoneClusterImpl-cf0cf180-5432-4e6c-a6d7-fa1470a5ccd4/datanode-3/data/ratis/71a8161d-8092-4d8e-8a87-2316e062dcbb does not exist. Creating ...
2019-10-12 10:41:19,685 [Command processor thread] INFO  impl.RaftServerProxy (RaftServerProxy.java:addNew(89)) - c99c1d44-e107-4576-970c-049b31509362: addNew group-F085E0C28B04:[c99c1d44-e107-4576-970c-049b31509362:192.168.5.134:45754] returns group-F085E0C28B04:java.util.concurrent.CompletableFuture@8445bbb[Not completed]
2019-10-12 10:41:19,685 [pool-149-thread-1] INFO  storage.RaftStorageDirectory (RaftStorageDirectory.java:tryLock(328)) - Lock on /workdir/hadoop-ozone/integration-test/target/test-dir/MiniOzoneClusterImpl-cf0cf180-5432-4e6c-a6d7-fa1470a5ccd4/datanode-3/data/ratis/71a8161d-8092-4d8e-8a87-2316e062dcbb/in_use.lock acquired by nodename 22103@pr-hdds-2034-qjlc4-3656631144
2019-10-12 10:41:19,685 [Command processor thread] INFO  impl.RaftServerProxy (RaftServerProxy.java:addNew(89)) - fc1c4701-b87c-4596-89e6-9d7f14f3dc27: addNew group-F6230F0684E0:[fc1c4701-b87c-4596-89e6-9d7f14f3dc27:192.168.5.134:46294] returns group-F6230F0684E0:java.util.concurrent.CompletableFuture@359e1fb1[Not completed]
2019-10-12 10:41:19,693 [pool-139-thread-1] INFO  impl.RaftServerImpl (RaftServerImpl.java:start(181)) - 14556118-8144-4117-8324-1126ac1cb2a6@group-2943DE0C8191: start as a follower, conf=-1: [0ef3defa-20aa-4816-9881-210631c2b677:192.168.5.134:34597, 14556118-8144-4117-8324-1126ac1cb2a6:192.168.5.134:39835, 613f4f72-aa2b-4fc8-96c5-2be837cde81d:192.168.5.134:37914], old=null
2019-10-12 10:41:19,697 [pool-139-thread-1] INFO  impl.RaftServerImpl (RaftServerImpl.java:setRole(170)) - 14556118-8144-4117-8324-1126ac1cb2a6@group-2943DE0C8191: changes role from      null to FOLLOWER at term 0 for startAsFollower
2019-10-12 10:41:19,697 [pool-139-thread-1] INFO  impl.RoleInfo (RoleInfo.java:updateAndGet(143)) - 14556118-8144-4117-8324-1126ac1cb2a6: start FollowerState
2019-10-12 10:41:19,698 [pool-139-thread-1] INFO  util.JmxRegister (JmxRegister.java:tryRegister(44)) - Successfully registered JMX Bean with object name Ratis:service=RaftServer,group=group-2943DE0C8191,id=14556118-8144-4117-8324-1126ac1cb2a6
2019-10-12 10:41:19,698 [pool-159-thread-1] INFO  impl.RaftServerImpl (RaftServerImpl.java:<init>(95)) - c99c1d44-e107-4576-970c-049b31509362: new RaftServerImpl for group-F085E0C28B04:[c99c1d44-e107-4576-970c-049b31509362:192.168.5.134:45754] with ContainerStateMachine:uninitialized
2019-10-12 10:41:19,698 [pool-159-thread-1] INFO  server.RaftServerConfigKeys (ConfUtils.java:logGet(43)) - raft.server.rpc.timeout.min = 5s (custom)
2019-10-12 10:41:19,699 [pool-159-thread-1] INFO  server.RaftServerConfigKeys (ConfUtils.java:logGet(43)) - raft.server.rpc.timeout.max = 5200ms (custom)
2019-10-12 10:41:19,699 [pool-159-thread-1] INFO  server.RaftServerConfigKeys (ConfUtils.java:logGet(43)) - raft.server.rpcslowness.timeout = 120s (custom)
2019-10-12 10:41:19,699 [pool-159-thread-1] INFO  server.RaftServerConfigKeys (ConfUtils.java:logGet(43)) - raft.server.sleep.deviation.threshold = 300 (default)
2019-10-12 10:41:19,699 [pool-159-thread-1] INFO  server.RaftServerConfigKeys (ConfUtils.java:logGet(43)) - raft.server.log.appender.install.snapshot.enabled = false (custom)
2019-10-12 10:41:19,699 [pool-159-thread-1] INFO  impl.RaftServerImpl (ServerState.java:<init>(103)) - c99c1d44-e107-4576-970c-049b31509362@group-F085E0C28B04: ConfigurationManager, init=-1: [c99c1d44-e107-4576-970c-049b31509362:192.168.5.134:45754], old=null, confs=<EMPTY_MAP>
2019-10-12 10:41:19,699 [pool-169-thread-1] INFO  impl.RaftServerImpl (RaftServerImpl.java:<init>(95)) - fc1c4701-b87c-4596-89e6-9d7f14f3dc27: new RaftServerImpl for group-F6230F0684E0:[fc1c4701-b87c-4596-89e6-9d7f14f3dc27:192.168.5.134:46294] with ContainerStateMachine:uninitialized
2019-10-12 10:41:19,699 [pool-159-thread-1] INFO  server.RaftServerConfigKeys (ConfUtils.java:logGet(43)) - raft.server.storage.dir = [/workdir/hadoop-ozone/integration-test/target/test-dir/MiniOzoneClusterImpl-cf0cf180-5432-4e6c-a6d7-fa1470a5ccd4/datanode-4/data/ratis] (custom)
2019-10-12 10:41:19,700 [pool-169-thread-1] INFO  server.RaftServerConfigKeys (ConfUtils.java:logGet(43)) - raft.server.rpc.timeout.min = 5s (custom)
2019-10-12 10:41:19,700 [pool-159-thread-1] INFO  server.RaftServerConfigKeys (ConfUtils.java:logGet(43)) - raft.server.log.corruption.policy = EXCEPTION (default)
2019-10-12 10:41:19,700 [pool-169-thread-1] INFO  server.RaftServerConfigKeys (ConfUtils.java:logGet(43)) - raft.server.rpc.timeout.max = 5200ms (custom)
2019-10-12 10:41:19,700 [pool-159-thread-1] INFO  storage.RaftStorageDirectory (RaftStorageDirectory.java:analyzeStorage(246)) - The storage directory /workdir/hadoop-ozone/integration-test/target/test-dir/MiniOzoneClusterImpl-cf0cf180-5432-4e6c-a6d7-fa1470a5ccd4/datanode-4/data/ratis/f0359a43-79f4-40dc-a0cd-f085e0c28b04 does not exist. Creating ...
2019-10-12 10:41:19,730 [pool-149-thread-1] INFO  storage.RaftStorage (RaftStorage.java:format(84)) - Storage directory /workdir/hadoop-ozone/integration-test/target/test-dir/MiniOzoneClusterImpl-cf0cf180-5432-4e6c-a6d7-fa1470a5ccd4/datanode-3/data/ratis/71a8161d-8092-4d8e-8a87-2316e062dcbb has been successfully formatted.
2019-10-12 10:41:19,729 [main] INFO  ozone.MiniOzoneClusterImpl (MiniOzoneClusterImpl.java:lambda$waitForClusterToBeReady$0(149)) - Nodes are ready. Got 7 of 7 DN Heartbeats.
2019-10-12 10:41:19,719 [pool-169-thread-1] INFO  server.RaftServerConfigKeys (ConfUtils.java:logGet(43)) - raft.server.rpcslowness.timeout = 120s (custom)
2019-10-12 10:41:19,752 [main] INFO  ozone.MiniOzoneClusterImpl (MiniOzoneClusterImpl.java:lambda$waitForClusterToBeReady$0(152)) - Waiting for cluster to exit safe mode
2019-10-12 10:41:19,752 [pool-149-thread-1] INFO  ratis.ContainerStateMachine (ContainerStateMachine.java:loadSnapshot(231)) - group-2316E062DCBB: The snapshot info is null. Setting the last applied indexto:(t:0, i:~)
2019-10-12 10:41:19,752 [Command processor thread] INFO  impl.RaftServerProxy (RaftServerProxy.java:addNew(89)) - 773db779-bc95-4000-bcf3-5bb0ad76e127: addNew group-938689596661:[773db779-bc95-4000-bcf3-5bb0ad76e127:192.168.5.134:46293] returns group-938689596661:java.util.concurrent.CompletableFuture@e104bf5[Not completed]
2019-10-12 10:41:19,753 [pool-149-thread-1] INFO  server.RaftServerConfigKeys (ConfUtils.java:logGet(43)) - raft.server.notification.no-leader.timeout = 120s (custom)
2019-10-12 10:41:19,752 [pool-169-thread-1] INFO  server.RaftServerConfigKeys (ConfUtils.java:logGet(43)) - raft.server.sleep.deviation.threshold = 300 (default)
2019-10-12 10:41:19,753 [pool-149-thread-1] INFO  server.RaftServerConfigKeys (ConfUtils.java:logGet(43)) - raft.server.log.use.memory = false (default)
2019-10-12 10:41:19,753 [Command processor thread] INFO  commandhandler.CreatePipelineCommandHandler (CreatePipelineCommandHandler.java:handle(86)) - Create Pipeline RATIS THREE #id: "f4a9a7f0-f047-41ce-8c90-2943de0c8191"
 command succeed on datanode 14556118-8144-4117-8324-1126ac1cb2a6.
2019-10-12 10:41:19,753 [pool-169-thread-1] INFO  server.RaftServerConfigKeys (ConfUtils.java:logGet(43)) - raft.server.log.appender.install.snapshot.enabled = false (custom)
2019-10-12 10:41:19,753 [pool-149-thread-1] INFO  server.RaftServerConfigKeys (ConfUtils.java:logGet(43)) - raft.server.log.purge.gap = 1000000 (custom)
2019-10-12 10:41:19,753 [pool-179-thread-1] INFO  impl.RaftServerImpl (RaftServerImpl.java:<init>(95)) - 773db779-bc95-4000-bcf3-5bb0ad76e127: new RaftServerImpl for group-938689596661:[773db779-bc95-4000-bcf3-5bb0ad76e127:192.168.5.134:46293] with ContainerStateMachine:uninitialized
2019-10-12 10:41:19,754 [pool-149-thread-1] INFO  server.RaftServerConfigKeys (ConfUtils.java:logGet(43)) - raft.server.log.appender.buffer.byte-limit = 33554432 (custom)
2019-10-12 10:41:19,754 [pool-169-thread-1] INFO  impl.RaftServerImpl (ServerState.java:<init>(103)) - fc1c4701-b87c-4596-89e6-9d7f14f3dc27@group-F6230F0684E0: ConfigurationManager, init=-1: [fc1c4701-b87c-4596-89e6-9d7f14f3dc27:192.168.5.134:46294], old=null, confs=<EMPTY_MAP>
2019-10-12 10:41:19,754 [pool-149-thread-1] INFO  server.RaftServerConfigKeys (ConfUtils.java:logGet(43)) - raft.server.log.segment.size.max = 1048576 (custom)
2019-10-12 10:41:19,754 [pool-179-thread-1] INFO  server.RaftServerConfigKeys (ConfUtils.java:logGet(43)) - raft.server.rpc.timeout.min = 5s (custom)
2019-10-12 10:41:19,754 [pool-169-thread-1] INFO  server.RaftServerConfigKeys (ConfUtils.java:logGet(43)) - raft.server.storage.dir = [/workdir/hadoop-ozone/integration-test/target/test-dir/MiniOzoneClusterImpl-cf0cf180-5432-4e6c-a6d7-fa1470a5ccd4/datanode-5/data/ratis] (custom)
2019-10-12 10:41:19,755 [pool-179-thread-1] INFO  server.RaftServerConfigKeys (ConfUtils.java:logGet(43)) - raft.server.rpc.timeout.max = 5200ms (custom)
2019-10-12 10:41:19,755 [pool-179-thread-1] INFO  server.RaftServerConfigKeys (ConfUtils.java:logGet(43)) - raft.server.rpcslowness.timeout = 120s (custom)
2019-10-12 10:41:19,755 [EventQueue-PipelineReportForPipelineReportHandler] INFO  pipeline.PipelineReportHandler (PipelineReportHandler.java:processPipelineReport(104)) - Pipeline THREE PipelineID=f4a9a7f0-f047-41ce-8c90-2943de0c8191 reported by 14556118-8144-4117-8324-1126ac1cb2a6{ip: 192.168.5.134, host: pr-hdds-2034-qjlc4-3656631144, networkLocation: /default-rack, certSerialId: null}
2019-10-12 10:41:19,755 [pool-169-thread-1] INFO  server.RaftServerConfigKeys (ConfUtils.java:logGet(43)) - raft.server.log.corruption.policy = EXCEPTION (default)
2019-10-12 10:41:19,755 [EventQueue-PipelineReportForPipelineReportHandler] INFO  pipeline.PipelineStateManager (PipelineStateManager.java:openPipeline(134)) - Pipeline Pipeline[ Id: f4a9a7f0-f047-41ce-8c90-2943de0c8191, Nodes: 613f4f72-aa2b-4fc8-96c5-2be837cde81d{ip: 192.168.5.134, host: pr-hdds-2034-qjlc4-3656631144, networkLocation: /default-rack, certSerialId: null}14556118-8144-4117-8324-1126ac1cb2a6{ip: 192.168.5.134, host: pr-hdds-2034-qjlc4-3656631144, networkLocation: /default-rack, certSerialId: null}0ef3defa-20aa-4816-9881-210631c2b677{ip: 192.168.5.134, host: pr-hdds-2034-qjlc4-3656631144, networkLocation: /default-rack, certSerialId: null}, Type:RATIS, Factor:THREE, State:ALLOCATED] moved to OPEN state
2019-10-12 10:41:19,755 [pool-179-thread-1] INFO  server.RaftServerConfigKeys (ConfUtils.java:logGet(43)) - raft.server.sleep.deviation.threshold = 300 (default)
2019-10-12 10:41:19,755 [pool-169-thread-1] INFO  storage.RaftStorageDirectory (RaftStorageDirectory.java:analyzeStorage(246)) - The storage directory /workdir/hadoop-ozone/integration-test/target/test-dir/MiniOzoneClusterImpl-cf0cf180-5432-4e6c-a6d7-fa1470a5ccd4/datanode-5/data/ratis/1f1d9a25-1f8b-4484-9800-f6230f0684e0 does not exist. Creating ...
2019-10-12 10:41:19,755 [pool-179-thread-1] INFO  server.RaftServerConfigKeys (ConfUtils.java:logGet(43)) - raft.server.log.appender.install.snapshot.enabled = false (custom)
2019-10-12 10:41:19,758 [pool-179-thread-1] INFO  impl.RaftServerImpl (ServerState.java:<init>(103)) - 773db779-bc95-4000-bcf3-5bb0ad76e127@group-938689596661: ConfigurationManager, init=-1: [773db779-bc95-4000-bcf3-5bb0ad76e127:192.168.5.134:46293], old=null, confs=<EMPTY_MAP>
2019-10-12 10:41:19,758 [pool-179-thread-1] INFO  server.RaftServerConfigKeys (ConfUtils.java:logGet(43)) - raft.server.storage.dir = [/workdir/hadoop-ozone/integration-test/target/test-dir/MiniOzoneClusterImpl-cf0cf180-5432-4e6c-a6d7-fa1470a5ccd4/datanode-6/data/ratis] (custom)
2019-10-12 10:41:19,758 [pool-179-thread-1] INFO  server.RaftServerConfigKeys (ConfUtils.java:logGet(43)) - raft.server.log.corruption.policy = EXCEPTION (default)
2019-10-12 10:41:19,758 [pool-179-thread-1] INFO  storage.RaftStorageDirectory (RaftStorageDirectory.java:analyzeStorage(246)) - The storage directory /workdir/hadoop-ozone/integration-test/target/test-dir/MiniOzoneClusterImpl-cf0cf180-5432-4e6c-a6d7-fa1470a5ccd4/datanode-6/data/ratis/a35540e7-00e9-4756-ac02-938689596661 does not exist. Creating ...
2019-10-12 10:41:19,759 [pool-149-thread-1] INFO  server.RaftServerConfigKeys (ConfUtils.java:logGet(43)) - raft.server.log.segment.cache.num.max = 2 (custom)
2019-10-12 10:41:19,759 [pool-149-thread-1] INFO  segmented.SegmentedRaftLogWorker (SegmentedRaftLogWorker.java:<init>(173)) - new 3e303de4-627b-4a84-82db-195dcd8c66ae@group-2316E062DCBB-SegmentedRaftLogWorker for RaftStorage:Storage Directory /workdir/hadoop-ozone/integration-test/target/test-dir/MiniOzoneClusterImpl-cf0cf180-5432-4e6c-a6d7-fa1470a5ccd4/datanode-3/data/ratis/71a8161d-8092-4d8e-8a87-2316e062dcbb
2019-10-12 10:41:19,759 [pool-149-thread-1] INFO  server.RaftServerConfigKeys (ConfUtils.java:logGet(43)) - raft.server.log.queue.byte-limit = 2147483647 (custom)
2019-10-12 10:41:19,759 [pool-149-thread-1] INFO  server.RaftServerConfigKeys (ConfUtils.java:logGet(43)) - raft.server.log.queue.element-limit = 1024 (custom)
2019-10-12 10:41:19,759 [pool-149-thread-1] INFO  server.RaftServerConfigKeys (ConfUtils.java:logGet(43)) - raft.server.log.segment.size.max = 1048576 (custom)
2019-10-12 10:41:19,759 [pool-149-thread-1] INFO  server.RaftServerConfigKeys (ConfUtils.java:logGet(43)) - raft.server.log.preallocated.size = 16384 (custom)
2019-10-12 10:41:19,760 [pool-149-thread-1] INFO  server.RaftServerConfigKeys (ConfUtils.java:logGet(43)) - raft.server.log.write.buffer.size = 33554432 (custom)
2019-10-12 10:41:19,760 [pool-149-thread-1] INFO  server.RaftServerConfigKeys (ConfUtils.java:logGet(43)) - raft.server.log.force.sync.num = 128 (default)
2019-10-12 10:41:19,760 [pool-149-thread-1] INFO  server.RaftServerConfigKeys (ConfUtils.java:logGet(43)) - raft.server.log.statemachine.data.sync = true (default)
2019-10-12 10:41:19,760 [pool-149-thread-1] INFO  server.RaftServerConfigKeys (ConfUtils.java:logGet(43)) - raft.server.log.statemachine.data.sync.timeout = 10s (default)
2019-10-12 10:41:19,760 [pool-149-thread-1] INFO  server.RaftServerConfigKeys (ConfUtils.java:logGet(43)) - raft.server.log.statemachine.data.sync.timeout.retry = -1 (default)
2019-10-12 10:41:19,761 [pool-149-thread-1] INFO  server.RaftServerConfigKeys (ConfUtils.java:logGet(43)) - raft.server.log.statemachine.data.caching.enabled = true (custom)
2019-10-12 10:41:19,761 [pool-149-thread-1] INFO  segmented.SegmentedRaftLogWorker (SegmentedRaftLogWorker.java:lambda$new$0(128)) - 3e303de4-627b-4a84-82db-195dcd8c66ae@group-2316E062DCBB-SegmentedRaftLogWorker: flushIndex: setUnconditionally 0 -> -1
2019-10-12 10:41:19,761 [pool-149-thread-1] INFO  server.RaftServerConfigKeys (ConfUtils.java:logGet(43)) - raft.server.snapshot.auto.trigger.enabled = true (custom)
2019-10-12 10:41:19,762 [pool-149-thread-1] INFO  server.RaftServerConfigKeys (ConfUtils.java:logGet(43)) - raft.server.snapshot.auto.trigger.threshold = 10000 (custom)
2019-10-12 10:41:19,762 [pool-149-thread-1] INFO  server.RaftServerConfigKeys (ConfUtils.java:logGet(43)) - raft.server.snapshot.retention.file.num = 5 (custom)
2019-10-12 10:41:19,762 [pool-149-thread-1] INFO  server.RaftServerConfigKeys (ConfUtils.java:logGet(43)) - raft.server.retrycache.expirytime = 600000ms (custom)
2019-10-12 10:41:19,764 [pool-149-thread-1] INFO  impl.RaftServerImpl (RaftServerImpl.java:start(181)) - 3e303de4-627b-4a84-82db-195dcd8c66ae@group-2316E062DCBB: start as a follower, conf=-1: [3e303de4-627b-4a84-82db-195dcd8c66ae:192.168.5.134:33739], old=null
2019-10-12 10:41:19,764 [pool-149-thread-1] INFO  impl.RaftServerImpl (RaftServerImpl.java:setRole(170)) - 3e303de4-627b-4a84-82db-195dcd8c66ae@group-2316E062DCBB: changes role from      null to FOLLOWER at term 0 for startAsFollower
2019-10-12 10:41:19,764 [pool-149-thread-1] INFO  impl.RoleInfo (RoleInfo.java:updateAndGet(143)) - 3e303de4-627b-4a84-82db-195dcd8c66ae: start FollowerState
2019-10-12 10:41:19,765 [pool-169-thread-1] INFO  storage.RaftStorageDirectory (RaftStorageDirectory.java:tryLock(328)) - Lock on /workdir/hadoop-ozone/integration-test/target/test-dir/MiniOzoneClusterImpl-cf0cf180-5432-4e6c-a6d7-fa1470a5ccd4/datanode-5/data/ratis/1f1d9a25-1f8b-4484-9800-f6230f0684e0/in_use.lock acquired by nodename 22103@pr-hdds-2034-qjlc4-3656631144
2019-10-12 10:41:19,765 [pool-149-thread-1] INFO  util.JmxRegister (JmxRegister.java:tryRegister(44)) - Successfully registered JMX Bean with object name Ratis:service=RaftServer,group=group-2316E062DCBB,id=3e303de4-627b-4a84-82db-195dcd8c66ae
2019-10-12 10:41:19,765 [pool-159-thread-1] INFO  storage.RaftStorageDirectory (RaftStorageDirectory.java:tryLock(328)) - Lock on /workdir/hadoop-ozone/integration-test/target/test-dir/MiniOzoneClusterImpl-cf0cf180-5432-4e6c-a6d7-fa1470a5ccd4/datanode-4/data/ratis/f0359a43-79f4-40dc-a0cd-f085e0c28b04/in_use.lock acquired by nodename 22103@pr-hdds-2034-qjlc4-3656631144
2019-10-12 10:41:19,765 [pool-179-thread-1] INFO  storage.RaftStorageDirectory (RaftStorageDirectory.java:tryLock(328)) - Lock on /workdir/hadoop-ozone/integration-test/target/test-dir/MiniOzoneClusterImpl-cf0cf180-5432-4e6c-a6d7-fa1470a5ccd4/datanode-6/data/ratis/a35540e7-00e9-4756-ac02-938689596661/in_use.lock acquired by nodename 22103@pr-hdds-2034-qjlc4-3656631144
2019-10-12 10:41:19,767 [Command processor thread] INFO  commandhandler.CreatePipelineCommandHandler (CreatePipelineCommandHandler.java:handle(86)) - Create Pipeline RATIS ONE #id: "71a8161d-8092-4d8e-8a87-2316e062dcbb"
 command succeed on datanode 3e303de4-627b-4a84-82db-195dcd8c66ae.
2019-10-12 10:41:19,770 [Command processor thread] INFO  impl.RaftServerProxy (RaftServerProxy.java:addNew(89)) - 3e303de4-627b-4a84-82db-195dcd8c66ae: addNew group-BCE11E1A6885:[3e303de4-627b-4a84-82db-195dcd8c66ae:192.168.5.134:33739, fc1c4701-b87c-4596-89e6-9d7f14f3dc27:192.168.5.134:46294, c99c1d44-e107-4576-970c-049b31509362:192.168.5.134:45754] returns group-BCE11E1A6885:java.util.concurrent.CompletableFuture@7d5ab6db[Not completed]
2019-10-12 10:41:19,771 [EventQueue-PipelineReportForPipelineReportHandler] INFO  pipeline.PipelineReportHandler (PipelineReportHandler.java:processPipelineReport(104)) - Pipeline ONE PipelineID=71a8161d-8092-4d8e-8a87-2316e062dcbb reported by 3e303de4-627b-4a84-82db-195dcd8c66ae{ip: 192.168.5.134, host: pr-hdds-2034-qjlc4-3656631144, networkLocation: /default-rack, certSerialId: null}
2019-10-12 10:41:19,771 [EventQueue-PipelineReportForPipelineReportHandler] INFO  pipeline.PipelineStateManager (PipelineStateManager.java:openPipeline(134)) - Pipeline Pipeline[ Id: 71a8161d-8092-4d8e-8a87-2316e062dcbb, Nodes: 3e303de4-627b-4a84-82db-195dcd8c66ae{ip: 192.168.5.134, host: pr-hdds-2034-qjlc4-3656631144, networkLocation: /default-rack, certSerialId: null}, Type:RATIS, Factor:ONE, State:ALLOCATED] moved to OPEN state
2019-10-12 10:41:19,771 [pool-149-thread-1] INFO  impl.RaftServerImpl (RaftServerImpl.java:<init>(95)) - 3e303de4-627b-4a84-82db-195dcd8c66ae: new RaftServerImpl for group-BCE11E1A6885:[3e303de4-627b-4a84-82db-195dcd8c66ae:192.168.5.134:33739, fc1c4701-b87c-4596-89e6-9d7f14f3dc27:192.168.5.134:46294, c99c1d44-e107-4576-970c-049b31509362:192.168.5.134:45754] with ContainerStateMachine:uninitialized
2019-10-12 10:41:19,771 [pool-149-thread-1] INFO  server.RaftServerConfigKeys (ConfUtils.java:logGet(43)) - raft.server.rpc.timeout.min = 5s (custom)
2019-10-12 10:41:19,772 [pool-149-thread-1] INFO  server.RaftServerConfigKeys (ConfUtils.java:logGet(43)) - raft.server.rpc.timeout.max = 5200ms (custom)
2019-10-12 10:41:19,772 [pool-149-thread-1] INFO  server.RaftServerConfigKeys (ConfUtils.java:logGet(43)) - raft.server.rpcslowness.timeout = 120s (custom)
2019-10-12 10:41:19,772 [pool-149-thread-1] INFO  server.RaftServerConfigKeys (ConfUtils.java:logGet(43)) - raft.server.sleep.deviation.threshold = 300 (default)
2019-10-12 10:41:19,772 [pool-149-thread-1] INFO  server.RaftServerConfigKeys (ConfUtils.java:logGet(43)) - raft.server.log.appender.install.snapshot.enabled = false (custom)
2019-10-12 10:41:19,772 [pool-149-thread-1] INFO  impl.RaftServerImpl (ServerState.java:<init>(103)) - 3e303de4-627b-4a84-82db-195dcd8c66ae@group-BCE11E1A6885: ConfigurationManager, init=-1: [3e303de4-627b-4a84-82db-195dcd8c66ae:192.168.5.134:33739, fc1c4701-b87c-4596-89e6-9d7f14f3dc27:192.168.5.134:46294, c99c1d44-e107-4576-970c-049b31509362:192.168.5.134:45754], old=null, confs=<EMPTY_MAP>
2019-10-12 10:41:19,772 [pool-149-thread-1] INFO  server.RaftServerConfigKeys (ConfUtils.java:logGet(43)) - raft.server.storage.dir = [/workdir/hadoop-ozone/integration-test/target/test-dir/MiniOzoneClusterImpl-cf0cf180-5432-4e6c-a6d7-fa1470a5ccd4/datanode-3/data/ratis] (custom)
2019-10-12 10:41:19,772 [pool-149-thread-1] INFO  server.RaftServerConfigKeys (ConfUtils.java:logGet(43)) - raft.server.log.corruption.policy = EXCEPTION (default)
2019-10-12 10:41:19,773 [pool-149-thread-1] INFO  storage.RaftStorageDirectory (RaftStorageDirectory.java:analyzeStorage(246)) - The storage directory /workdir/hadoop-ozone/integration-test/target/test-dir/MiniOzoneClusterImpl-cf0cf180-5432-4e6c-a6d7-fa1470a5ccd4/datanode-3/data/ratis/df023564-c3df-4a55-be70-bce11e1a6885 does not exist. Creating ...
2019-10-12 10:41:19,779 [pool-149-thread-1] INFO  storage.RaftStorageDirectory (RaftStorageDirectory.java:tryLock(328)) - Lock on /workdir/hadoop-ozone/integration-test/target/test-dir/MiniOzoneClusterImpl-cf0cf180-5432-4e6c-a6d7-fa1470a5ccd4/datanode-3/data/ratis/df023564-c3df-4a55-be70-bce11e1a6885/in_use.lock acquired by nodename 22103@pr-hdds-2034-qjlc4-3656631144
2019-10-12 10:41:19,779 [pool-169-thread-1] INFO  storage.RaftStorage (RaftStorage.java:format(84)) - Storage directory /workdir/hadoop-ozone/integration-test/target/test-dir/MiniOzoneClusterImpl-cf0cf180-5432-4e6c-a6d7-fa1470a5ccd4/datanode-5/data/ratis/1f1d9a25-1f8b-4484-9800-f6230f0684e0 has been successfully formatted.
2019-10-12 10:41:19,779 [pool-159-thread-1] INFO  storage.RaftStorage (RaftStorage.java:format(84)) - Storage directory /workdir/hadoop-ozone/integration-test/target/test-dir/MiniOzoneClusterImpl-cf0cf180-5432-4e6c-a6d7-fa1470a5ccd4/datanode-4/data/ratis/f0359a43-79f4-40dc-a0cd-f085e0c28b04 has been successfully formatted.
2019-10-12 10:41:19,779 [pool-169-thread-1] INFO  ratis.ContainerStateMachine (ContainerStateMachine.java:loadSnapshot(231)) - group-F6230F0684E0: The snapshot info is null. Setting the last applied indexto:(t:0, i:~)
2019-10-12 10:41:19,779 [pool-179-thread-1] INFO  storage.RaftStorage (RaftStorage.java:format(84)) - Storage directory /workdir/hadoop-ozone/integration-test/target/test-dir/MiniOzoneClusterImpl-cf0cf180-5432-4e6c-a6d7-fa1470a5ccd4/datanode-6/data/ratis/a35540e7-00e9-4756-ac02-938689596661 has been successfully formatted.
2019-10-12 10:41:19,779 [pool-169-thread-1] INFO  server.RaftServerConfigKeys (ConfUtils.java:logGet(43)) - raft.server.notification.no-leader.timeout = 120s (custom)
2019-10-12 10:41:19,779 [pool-159-thread-1] INFO  ratis.ContainerStateMachine (ContainerStateMachine.java:loadSnapshot(231)) - group-F085E0C28B04: The snapshot info is null. Setting the last applied indexto:(t:0, i:~)
2019-10-12 10:41:19,780 [pool-169-thread-1] INFO  server.RaftServerConfigKeys (ConfUtils.java:logGet(43)) - raft.server.log.use.memory = false (default)
2019-10-12 10:41:19,780 [pool-179-thread-1] INFO  ratis.ContainerStateMachine (ContainerStateMachine.java:loadSnapshot(231)) - group-938689596661: The snapshot info is null. Setting the last applied indexto:(t:0, i:~)
2019-10-12 10:41:19,780 [pool-169-thread-1] INFO  server.RaftServerConfigKeys (ConfUtils.java:logGet(43)) - raft.server.log.purge.gap = 1000000 (custom)
2019-10-12 10:41:19,780 [pool-159-thread-1] INFO  server.RaftServerConfigKeys (ConfUtils.java:logGet(43)) - raft.server.notification.no-leader.timeout = 120s (custom)
2019-10-12 10:41:19,780 [pool-169-thread-1] INFO  server.RaftServerConfigKeys (ConfUtils.java:logGet(43)) - raft.server.log.appender.buffer.byte-limit = 33554432 (custom)
2019-10-12 10:41:19,780 [pool-179-thread-1] INFO  server.RaftServerConfigKeys (ConfUtils.java:logGet(43)) - raft.server.notification.no-leader.timeout = 120s (custom)
2019-10-12 10:41:19,780 [pool-169-thread-1] INFO  server.RaftServerConfigKeys (ConfUtils.java:logGet(43)) - raft.server.log.segment.size.max = 1048576 (custom)
2019-10-12 10:41:19,780 [pool-159-thread-1] INFO  server.RaftServerConfigKeys (ConfUtils.java:logGet(43)) - raft.server.log.use.memory = false (default)
2019-10-12 10:41:19,780 [pool-179-thread-1] INFO  server.RaftServerConfigKeys (ConfUtils.java:logGet(43)) - raft.server.log.use.memory = false (default)
2019-10-12 10:41:19,781 [pool-159-thread-1] INFO  server.RaftServerConfigKeys (ConfUtils.java:logGet(43)) - raft.server.log.purge.gap = 1000000 (custom)
2019-10-12 10:41:19,781 [pool-179-thread-1] INFO  server.RaftServerConfigKeys (ConfUtils.java:logGet(43)) - raft.server.log.purge.gap = 1000000 (custom)
2019-10-12 10:41:19,781 [pool-159-thread-1] INFO  server.RaftServerConfigKeys (ConfUtils.java:logGet(43)) - raft.server.log.appender.buffer.byte-limit = 33554432 (custom)
2019-10-12 10:41:19,781 [pool-179-thread-1] INFO  server.RaftServerConfigKeys (ConfUtils.java:logGet(43)) - raft.server.log.appender.buffer.byte-limit = 33554432 (custom)
2019-10-12 10:41:19,781 [pool-159-thread-1] INFO  server.RaftServerConfigKeys (ConfUtils.java:logGet(43)) - raft.server.log.segment.size.max = 1048576 (custom)
2019-10-12 10:41:19,781 [pool-179-thread-1] INFO  server.RaftServerConfigKeys (ConfUtils.java:logGet(43)) - raft.server.log.segment.size.max = 1048576 (custom)
2019-10-12 10:41:19,784 [pool-169-thread-1] INFO  server.RaftServerConfigKeys (ConfUtils.java:logGet(43)) - raft.server.log.segment.cache.num.max = 2 (custom)
2019-10-12 10:41:19,784 [pool-169-thread-1] INFO  segmented.SegmentedRaftLogWorker (SegmentedRaftLogWorker.java:<init>(173)) - new fc1c4701-b87c-4596-89e6-9d7f14f3dc27@group-F6230F0684E0-SegmentedRaftLogWorker for RaftStorage:Storage Directory /workdir/hadoop-ozone/integration-test/target/test-dir/MiniOzoneClusterImpl-cf0cf180-5432-4e6c-a6d7-fa1470a5ccd4/datanode-5/data/ratis/1f1d9a25-1f8b-4484-9800-f6230f0684e0
2019-10-12 10:41:19,784 [pool-169-thread-1] INFO  server.RaftServerConfigKeys (ConfUtils.java:logGet(43)) - raft.server.log.queue.byte-limit = 2147483647 (custom)
2019-10-12 10:41:19,784 [pool-169-thread-1] INFO  server.RaftServerConfigKeys (ConfUtils.java:logGet(43)) - raft.server.log.queue.element-limit = 1024 (custom)
2019-10-12 10:41:19,784 [pool-169-thread-1] INFO  server.RaftServerConfigKeys (ConfUtils.java:logGet(43)) - raft.server.log.segment.size.max = 1048576 (custom)
2019-10-12 10:41:19,785 [pool-169-thread-1] INFO  server.RaftServerConfigKeys (ConfUtils.java:logGet(43)) - raft.server.log.preallocated.size = 16384 (custom)
2019-10-12 10:41:19,785 [pool-169-thread-1] INFO  server.RaftServerConfigKeys (ConfUtils.java:logGet(43)) - raft.server.log.write.buffer.size = 33554432 (custom)
2019-10-12 10:41:19,785 [pool-169-thread-1] INFO  server.RaftServerConfigKeys (ConfUtils.java:logGet(43)) - raft.server.log.force.sync.num = 128 (default)
2019-10-12 10:41:19,785 [pool-169-thread-1] INFO  server.RaftServerConfigKeys (ConfUtils.java:logGet(43)) - raft.server.log.statemachine.data.sync = true (default)
2019-10-12 10:41:19,785 [pool-159-thread-1] INFO  server.RaftServerConfigKeys (ConfUtils.java:logGet(43)) - raft.server.log.segment.cache.num.max = 2 (custom)
2019-10-12 10:41:19,785 [pool-169-thread-1] INFO  server.RaftServerConfigKeys (ConfUtils.java:logGet(43)) - raft.server.log.statemachine.data.sync.timeout = 10s (default)
2019-10-12 10:41:19,785 [pool-179-thread-1] INFO  server.RaftServerConfigKeys (ConfUtils.java:logGet(43)) - raft.server.log.segment.cache.num.max = 2 (custom)
2019-10-12 10:41:19,786 [pool-169-thread-1] INFO  server.RaftServerConfigKeys (ConfUtils.java:logGet(43)) - raft.server.log.statemachine.data.sync.timeout.retry = -1 (default)
2019-10-12 10:41:19,785 [pool-159-thread-1] INFO  segmented.SegmentedRaftLogWorker (SegmentedRaftLogWorker.java:<init>(173)) - new c99c1d44-e107-4576-970c-049b31509362@group-F085E0C28B04-SegmentedRaftLogWorker for RaftStorage:Storage Directory /workdir/hadoop-ozone/integration-test/target/test-dir/MiniOzoneClusterImpl-cf0cf180-5432-4e6c-a6d7-fa1470a5ccd4/datanode-4/data/ratis/f0359a43-79f4-40dc-a0cd-f085e0c28b04
2019-10-12 10:41:19,786 [pool-179-thread-1] INFO  segmented.SegmentedRaftLogWorker (SegmentedRaftLogWorker.java:<init>(173)) - new 773db779-bc95-4000-bcf3-5bb0ad76e127@group-938689596661-SegmentedRaftLogWorker for RaftStorage:Storage Directory /workdir/hadoop-ozone/integration-test/target/test-dir/MiniOzoneClusterImpl-cf0cf180-5432-4e6c-a6d7-fa1470a5ccd4/datanode-6/data/ratis/a35540e7-00e9-4756-ac02-938689596661
2019-10-12 10:41:19,786 [pool-159-thread-1] INFO  server.RaftServerConfigKeys (ConfUtils.java:logGet(43)) - raft.server.log.queue.byte-limit = 2147483647 (custom)
2019-10-12 10:41:19,786 [pool-169-thread-1] INFO  server.RaftServerConfigKeys (ConfUtils.java:logGet(43)) - raft.server.log.statemachine.data.caching.enabled = true (custom)
2019-10-12 10:41:19,786 [pool-179-thread-1] INFO  server.RaftServerConfigKeys (ConfUtils.java:logGet(43)) - raft.server.log.queue.byte-limit = 2147483647 (custom)
2019-10-12 10:41:19,786 [pool-159-thread-1] INFO  server.RaftServerConfigKeys (ConfUtils.java:logGet(43)) - raft.server.log.queue.element-limit = 1024 (custom)
2019-10-12 10:41:19,787 [pool-169-thread-1] INFO  segmented.SegmentedRaftLogWorker (SegmentedRaftLogWorker.java:lambda$new$0(128)) - fc1c4701-b87c-4596-89e6-9d7f14f3dc27@group-F6230F0684E0-SegmentedRaftLogWorker: flushIndex: setUnconditionally 0 -> -1
2019-10-12 10:41:19,787 [pool-179-thread-1] INFO  server.RaftServerConfigKeys (ConfUtils.java:logGet(43)) - raft.server.log.queue.element-limit = 1024 (custom)
2019-10-12 10:41:19,787 [pool-159-thread-1] INFO  server.RaftServerConfigKeys (ConfUtils.java:logGet(43)) - raft.server.log.segment.size.max = 1048576 (custom)
2019-10-12 10:41:19,787 [pool-169-thread-1] INFO  server.RaftServerConfigKeys (ConfUtils.java:logGet(43)) - raft.server.snapshot.auto.trigger.enabled = true (custom)
2019-10-12 10:41:19,787 [pool-179-thread-1] INFO  server.RaftServerConfigKeys (ConfUtils.java:logGet(43)) - raft.server.log.segment.size.max = 1048576 (custom)
2019-10-12 10:41:19,787 [pool-169-thread-1] INFO  server.RaftServerConfigKeys (ConfUtils.java:logGet(43)) - raft.server.snapshot.auto.trigger.threshold = 10000 (custom)
2019-10-12 10:41:19,787 [pool-159-thread-1] INFO  server.RaftServerConfigKeys (ConfUtils.java:logGet(43)) - raft.server.log.preallocated.size = 16384 (custom)
2019-10-12 10:41:19,787 [pool-169-thread-1] INFO  server.RaftServerConfigKeys (ConfUtils.java:logGet(43)) - raft.server.snapshot.retention.file.num = 5 (custom)
2019-10-12 10:41:19,787 [pool-179-thread-1] INFO  server.RaftServerConfigKeys (ConfUtils.java:logGet(43)) - raft.server.log.preallocated.size = 16384 (custom)
2019-10-12 10:41:19,788 [pool-169-thread-1] INFO  server.RaftServerConfigKeys (ConfUtils.java:logGet(43)) - raft.server.retrycache.expirytime = 600000ms (custom)
2019-10-12 10:41:19,788 [pool-159-thread-1] INFO  server.RaftServerConfigKeys (ConfUtils.java:logGet(43)) - raft.server.log.write.buffer.size = 33554432 (custom)
2019-10-12 10:41:19,788 [pool-179-thread-1] INFO  server.RaftServerConfigKeys (ConfUtils.java:logGet(43)) - raft.server.log.write.buffer.size = 33554432 (custom)
2019-10-12 10:41:19,788 [pool-159-thread-1] INFO  server.RaftServerConfigKeys (ConfUtils.java:logGet(43)) - raft.server.log.force.sync.num = 128 (default)
2019-10-12 10:41:19,788 [pool-179-thread-1] INFO  server.RaftServerConfigKeys (ConfUtils.java:logGet(43)) - raft.server.log.force.sync.num = 128 (default)
2019-10-12 10:41:19,788 [pool-159-thread-1] INFO  server.RaftServerConfigKeys (ConfUtils.java:logGet(43)) - raft.server.log.statemachine.data.sync = true (default)
2019-10-12 10:41:19,789 [pool-179-thread-1] INFO  server.RaftServerConfigKeys (ConfUtils.java:logGet(43)) - raft.server.log.statemachine.data.sync = true (default)
2019-10-12 10:41:19,789 [pool-159-thread-1] INFO  server.RaftServerConfigKeys (ConfUtils.java:logGet(43)) - raft.server.log.statemachine.data.sync.timeout = 10s (default)
2019-10-12 10:41:19,789 [pool-179-thread-1] INFO  server.RaftServerConfigKeys (ConfUtils.java:logGet(43)) - raft.server.log.statemachine.data.sync.timeout = 10s (default)
2019-10-12 10:41:19,789 [pool-159-thread-1] INFO  server.RaftServerConfigKeys (ConfUtils.java:logGet(43)) - raft.server.log.statemachine.data.sync.timeout.retry = -1 (default)
2019-10-12 10:41:19,789 [pool-179-thread-1] INFO  server.RaftServerConfigKeys (ConfUtils.java:logGet(43)) - raft.server.log.statemachine.data.sync.timeout.retry = -1 (default)
2019-10-12 10:41:19,790 [pool-159-thread-1] INFO  server.RaftServerConfigKeys (ConfUtils.java:logGet(43)) - raft.server.log.statemachine.data.caching.enabled = true (custom)
2019-10-12 10:41:19,790 [pool-179-thread-1] INFO  server.RaftServerConfigKeys (ConfUtils.java:logGet(43)) - raft.server.log.statemachine.data.caching.enabled = true (custom)
2019-10-12 10:41:19,790 [pool-159-thread-1] INFO  segmented.SegmentedRaftLogWorker (SegmentedRaftLogWorker.java:lambda$new$0(128)) - c99c1d44-e107-4576-970c-049b31509362@group-F085E0C28B04-SegmentedRaftLogWorker: flushIndex: setUnconditionally 0 -> -1
2019-10-12 10:41:19,790 [pool-169-thread-1] INFO  impl.RaftServerImpl (RaftServerImpl.java:start(181)) - fc1c4701-b87c-4596-89e6-9d7f14f3dc27@group-F6230F0684E0: start as a follower, conf=-1: [fc1c4701-b87c-4596-89e6-9d7f14f3dc27:192.168.5.134:46294], old=null
2019-10-12 10:41:19,790 [pool-179-thread-1] INFO  segmented.SegmentedRaftLogWorker (SegmentedRaftLogWorker.java:lambda$new$0(128)) - 773db779-bc95-4000-bcf3-5bb0ad76e127@group-938689596661-SegmentedRaftLogWorker: flushIndex: setUnconditionally 0 -> -1
2019-10-12 10:41:19,790 [pool-159-thread-1] INFO  server.RaftServerConfigKeys (ConfUtils.java:logGet(43)) - raft.server.snapshot.auto.trigger.enabled = true (custom)
2019-10-12 10:41:19,791 [pool-179-thread-1] INFO  server.RaftServerConfigKeys (ConfUtils.java:logGet(43)) - raft.server.snapshot.auto.trigger.enabled = true (custom)
2019-10-12 10:41:19,790 [pool-169-thread-1] INFO  impl.RaftServerImpl (RaftServerImpl.java:setRole(170)) - fc1c4701-b87c-4596-89e6-9d7f14f3dc27@group-F6230F0684E0: changes role from      null to FOLLOWER at term 0 for startAsFollower
2019-10-12 10:41:19,791 [pool-179-thread-1] INFO  server.RaftServerConfigKeys (ConfUtils.java:logGet(43)) - raft.server.snapshot.auto.trigger.threshold = 10000 (custom)
2019-10-12 10:41:19,791 [pool-159-thread-1] INFO  server.RaftServerConfigKeys (ConfUtils.java:logGet(43)) - raft.server.snapshot.auto.trigger.threshold = 10000 (custom)
2019-10-12 10:41:19,791 [pool-179-thread-1] INFO  server.RaftServerConfigKeys (ConfUtils.java:logGet(43)) - raft.server.snapshot.retention.file.num = 5 (custom)
2019-10-12 10:41:19,791 [pool-169-thread-1] INFO  impl.RoleInfo (RoleInfo.java:updateAndGet(143)) - fc1c4701-b87c-4596-89e6-9d7f14f3dc27: start FollowerState
2019-10-12 10:41:19,791 [pool-179-thread-1] INFO  server.RaftServerConfigKeys (ConfUtils.java:logGet(43)) - raft.server.retrycache.expirytime = 600000ms (custom)
2019-10-12 10:41:19,791 [pool-159-thread-1] INFO  server.RaftServerConfigKeys (ConfUtils.java:logGet(43)) - raft.server.snapshot.retention.file.num = 5 (custom)
2019-10-12 10:41:19,792 [pool-159-thread-1] INFO  server.RaftServerConfigKeys (ConfUtils.java:logGet(43)) - raft.server.retrycache.expirytime = 600000ms (custom)
2019-10-12 10:41:19,792 [pool-169-thread-1] INFO  util.JmxRegister (JmxRegister.java:tryRegister(44)) - Successfully registered JMX Bean with object name Ratis:service=RaftServer,group=group-F6230F0684E0,id=fc1c4701-b87c-4596-89e6-9d7f14f3dc27
2019-10-12 10:41:19,792 [pool-149-thread-1] INFO  storage.RaftStorage (RaftStorage.java:format(84)) - Storage directory /workdir/hadoop-ozone/integration-test/target/test-dir/MiniOzoneClusterImpl-cf0cf180-5432-4e6c-a6d7-fa1470a5ccd4/datanode-3/data/ratis/df023564-c3df-4a55-be70-bce11e1a6885 has been successfully formatted.
2019-10-12 10:41:19,792 [pool-149-thread-1] INFO  ratis.ContainerStateMachine (ContainerStateMachine.java:loadSnapshot(231)) - group-BCE11E1A6885: The snapshot info is null. Setting the last applied indexto:(t:0, i:~)
2019-10-12 10:41:19,792 [pool-149-thread-1] INFO  server.RaftServerConfigKeys (ConfUtils.java:logGet(43)) - raft.server.notification.no-leader.timeout = 120s (custom)
2019-10-12 10:41:19,793 [pool-149-thread-1] INFO  server.RaftServerConfigKeys (ConfUtils.java:logGet(43)) - raft.server.log.use.memory = false (default)
2019-10-12 10:41:19,793 [pool-149-thread-1] INFO  server.RaftServerConfigKeys (ConfUtils.java:logGet(43)) - raft.server.log.purge.gap = 1000000 (custom)
2019-10-12 10:41:19,793 [pool-149-thread-1] INFO  server.RaftServerConfigKeys (ConfUtils.java:logGet(43)) - raft.server.log.appender.buffer.byte-limit = 33554432 (custom)
2019-10-12 10:41:19,793 [pool-149-thread-1] INFO  server.RaftServerConfigKeys (ConfUtils.java:logGet(43)) - raft.server.log.segment.size.max = 1048576 (custom)
2019-10-12 10:41:19,793 [pool-149-thread-1] INFO  server.RaftServerConfigKeys (ConfUtils.java:logGet(43)) - raft.server.log.segment.cache.num.max = 2 (custom)
2019-10-12 10:41:19,793 [pool-149-thread-1] INFO  segmented.SegmentedRaftLogWorker (SegmentedRaftLogWorker.java:<init>(173)) - new 3e303de4-627b-4a84-82db-195dcd8c66ae@group-BCE11E1A6885-SegmentedRaftLogWorker for RaftStorage:Storage Directory /workdir/hadoop-ozone/integration-test/target/test-dir/MiniOzoneClusterImpl-cf0cf180-5432-4e6c-a6d7-fa1470a5ccd4/datanode-3/data/ratis/df023564-c3df-4a55-be70-bce11e1a6885
2019-10-12 10:41:19,793 [pool-149-thread-1] INFO  server.RaftServerConfigKeys (ConfUtils.java:logGet(43)) - raft.server.log.queue.byte-limit = 2147483647 (custom)
2019-10-12 10:41:19,794 [pool-149-thread-1] INFO  server.RaftServerConfigKeys (ConfUtils.java:logGet(43)) - raft.server.log.queue.element-limit = 1024 (custom)
2019-10-12 10:41:19,794 [pool-149-thread-1] INFO  server.RaftServerConfigKeys (ConfUtils.java:logGet(43)) - raft.server.log.segment.size.max = 1048576 (custom)
2019-10-12 10:41:19,794 [pool-149-thread-1] INFO  server.RaftServerConfigKeys (ConfUtils.java:logGet(43)) - raft.server.log.preallocated.size = 16384 (custom)
2019-10-12 10:41:19,794 [pool-149-thread-1] INFO  server.RaftServerConfigKeys (ConfUtils.java:logGet(43)) - raft.server.log.write.buffer.size = 33554432 (custom)
2019-10-12 10:41:19,794 [pool-149-thread-1] INFO  server.RaftServerConfigKeys (ConfUtils.java:logGet(43)) - raft.server.log.force.sync.num = 128 (default)
2019-10-12 10:41:19,794 [pool-149-thread-1] INFO  server.RaftServerConfigKeys (ConfUtils.java:logGet(43)) - raft.server.log.statemachine.data.sync = true (default)
2019-10-12 10:41:19,794 [pool-149-thread-1] INFO  server.RaftServerConfigKeys (ConfUtils.java:logGet(43)) - raft.server.log.statemachine.data.sync.timeout = 10s (default)
2019-10-12 10:41:19,795 [pool-149-thread-1] INFO  server.RaftServerConfigKeys (ConfUtils.java:logGet(43)) - raft.server.log.statemachine.data.sync.timeout.retry = -1 (default)
2019-10-12 10:41:19,795 [pool-149-thread-1] INFO  server.RaftServerConfigKeys (ConfUtils.java:logGet(43)) - raft.server.log.statemachine.data.caching.enabled = true (custom)
2019-10-12 10:41:19,795 [pool-149-thread-1] INFO  segmented.SegmentedRaftLogWorker (SegmentedRaftLogWorker.java:lambda$new$0(128)) - 3e303de4-627b-4a84-82db-195dcd8c66ae@group-BCE11E1A6885-SegmentedRaftLogWorker: flushIndex: setUnconditionally 0 -> -1
2019-10-12 10:41:19,795 [pool-149-thread-1] INFO  server.RaftServerConfigKeys (ConfUtils.java:logGet(43)) - raft.server.snapshot.auto.trigger.enabled = true (custom)
2019-10-12 10:41:19,796 [pool-149-thread-1] INFO  server.RaftServerConfigKeys (ConfUtils.java:logGet(43)) - raft.server.snapshot.auto.trigger.threshold = 10000 (custom)
2019-10-12 10:41:19,796 [pool-149-thread-1] INFO  server.RaftServerConfigKeys (ConfUtils.java:logGet(43)) - raft.server.snapshot.retention.file.num = 5 (custom)
2019-10-12 10:41:19,796 [pool-179-thread-1] INFO  impl.RaftServerImpl (RaftServerImpl.java:start(181)) - 773db779-bc95-4000-bcf3-5bb0ad76e127@group-938689596661: start as a follower, conf=-1: [773db779-bc95-4000-bcf3-5bb0ad76e127:192.168.5.134:46293], old=null
2019-10-12 10:41:19,796 [pool-149-thread-1] INFO  server.RaftServerConfigKeys (ConfUtils.java:logGet(43)) - raft.server.retrycache.expirytime = 600000ms (custom)
2019-10-12 10:41:19,796 [pool-179-thread-1] INFO  impl.RaftServerImpl (RaftServerImpl.java:setRole(170)) - 773db779-bc95-4000-bcf3-5bb0ad76e127@group-938689596661: changes role from      null to FOLLOWER at term 0 for startAsFollower
2019-10-12 10:41:19,796 [pool-179-thread-1] INFO  impl.RoleInfo (RoleInfo.java:updateAndGet(143)) - 773db779-bc95-4000-bcf3-5bb0ad76e127: start FollowerState
2019-10-12 10:41:19,796 [pool-179-thread-1] INFO  util.JmxRegister (JmxRegister.java:tryRegister(44)) - Successfully registered JMX Bean with object name Ratis:service=RaftServer,group=group-938689596661,id=773db779-bc95-4000-bcf3-5bb0ad76e127
2019-10-12 10:41:19,797 [pool-159-thread-1] INFO  impl.RaftServerImpl (RaftServerImpl.java:start(181)) - c99c1d44-e107-4576-970c-049b31509362@group-F085E0C28B04: start as a follower, conf=-1: [c99c1d44-e107-4576-970c-049b31509362:192.168.5.134:45754], old=null
2019-10-12 10:41:19,797 [pool-159-thread-1] INFO  impl.RaftServerImpl (RaftServerImpl.java:setRole(170)) - c99c1d44-e107-4576-970c-049b31509362@group-F085E0C28B04: changes role from      null to FOLLOWER at term 0 for startAsFollower
2019-10-12 10:41:19,797 [pool-159-thread-1] INFO  impl.RoleInfo (RoleInfo.java:updateAndGet(143)) - c99c1d44-e107-4576-970c-049b31509362: start FollowerState
2019-10-12 10:41:19,797 [Command processor thread] INFO  commandhandler.CreatePipelineCommandHandler (CreatePipelineCommandHandler.java:handle(86)) - Create Pipeline RATIS ONE #id: "1f1d9a25-1f8b-4484-9800-f6230f0684e0"
 command succeed on datanode fc1c4701-b87c-4596-89e6-9d7f14f3dc27.
2019-10-12 10:41:19,799 [pool-159-thread-1] INFO  util.JmxRegister (JmxRegister.java:tryRegister(44)) - Successfully registered JMX Bean with object name Ratis:service=RaftServer,group=group-F085E0C28B04,id=c99c1d44-e107-4576-970c-049b31509362
2019-10-12 10:41:19,799 [Command processor thread] INFO  impl.RaftServerProxy (RaftServerProxy.java:addNew(89)) - fc1c4701-b87c-4596-89e6-9d7f14f3dc27: addNew group-BCE11E1A6885:[3e303de4-627b-4a84-82db-195dcd8c66ae:192.168.5.134:33739, fc1c4701-b87c-4596-89e6-9d7f14f3dc27:192.168.5.134:46294, c99c1d44-e107-4576-970c-049b31509362:192.168.5.134:45754] returns group-BCE11E1A6885:java.util.concurrent.CompletableFuture@31a19dda[Not completed]
2019-10-12 10:41:19,800 [EventQueue-PipelineReportForPipelineReportHandler] INFO  pipeline.PipelineReportHandler (PipelineReportHandler.java:processPipelineReport(104)) - Pipeline ONE PipelineID=1f1d9a25-1f8b-4484-9800-f6230f0684e0 reported by fc1c4701-b87c-4596-89e6-9d7f14f3dc27{ip: 192.168.5.134, host: pr-hdds-2034-qjlc4-3656631144, networkLocation: /default-rack, certSerialId: null}
2019-10-12 10:41:19,801 [EventQueue-PipelineReportForPipelineReportHandler] INFO  pipeline.PipelineStateManager (PipelineStateManager.java:openPipeline(134)) - Pipeline Pipeline[ Id: 1f1d9a25-1f8b-4484-9800-f6230f0684e0, Nodes: fc1c4701-b87c-4596-89e6-9d7f14f3dc27{ip: 192.168.5.134, host: pr-hdds-2034-qjlc4-3656631144, networkLocation: /default-rack, certSerialId: null}, Type:RATIS, Factor:ONE, State:ALLOCATED] moved to OPEN state
2019-10-12 10:41:19,801 [pool-169-thread-1] INFO  impl.RaftServerImpl (RaftServerImpl.java:<init>(95)) - fc1c4701-b87c-4596-89e6-9d7f14f3dc27: new RaftServerImpl for group-BCE11E1A6885:[3e303de4-627b-4a84-82db-195dcd8c66ae:192.168.5.134:33739, fc1c4701-b87c-4596-89e6-9d7f14f3dc27:192.168.5.134:46294, c99c1d44-e107-4576-970c-049b31509362:192.168.5.134:45754] with ContainerStateMachine:uninitialized
2019-10-12 10:41:19,801 [pool-149-thread-1] INFO  impl.RaftServerImpl (RaftServerImpl.java:start(181)) - 3e303de4-627b-4a84-82db-195dcd8c66ae@group-BCE11E1A6885: start as a follower, conf=-1: [3e303de4-627b-4a84-82db-195dcd8c66ae:192.168.5.134:33739, fc1c4701-b87c-4596-89e6-9d7f14f3dc27:192.168.5.134:46294, c99c1d44-e107-4576-970c-049b31509362:192.168.5.134:45754], old=null
2019-10-12 10:41:19,802 [pool-169-thread-1] INFO  server.RaftServerConfigKeys (ConfUtils.java:logGet(43)) - raft.server.rpc.timeout.min = 5s (custom)
2019-10-12 10:41:19,802 [pool-149-thread-1] INFO  impl.RaftServerImpl (RaftServerImpl.java:setRole(170)) - 3e303de4-627b-4a84-82db-195dcd8c66ae@group-BCE11E1A6885: changes role from      null to FOLLOWER at term 0 for startAsFollower
2019-10-12 10:41:19,802 [pool-169-thread-1] INFO  server.RaftServerConfigKeys (ConfUtils.java:logGet(43)) - raft.server.rpc.timeout.max = 5200ms (custom)
2019-10-12 10:41:19,802 [pool-149-thread-1] INFO  impl.RoleInfo (RoleInfo.java:updateAndGet(143)) - 3e303de4-627b-4a84-82db-195dcd8c66ae: start FollowerState
2019-10-12 10:41:19,802 [pool-169-thread-1] INFO  server.RaftServerConfigKeys (ConfUtils.java:logGet(43)) - raft.server.rpcslowness.timeout = 120s (custom)
2019-10-12 10:41:19,802 [pool-169-thread-1] INFO  server.RaftServerConfigKeys (ConfUtils.java:logGet(43)) - raft.server.sleep.deviation.threshold = 300 (default)
2019-10-12 10:41:19,803 [pool-149-thread-1] INFO  util.JmxRegister (JmxRegister.java:tryRegister(44)) - Successfully registered JMX Bean with object name Ratis:service=RaftServer,group=group-BCE11E1A6885,id=3e303de4-627b-4a84-82db-195dcd8c66ae
2019-10-12 10:41:19,802 [Command processor thread] INFO  commandhandler.CreatePipelineCommandHandler (CreatePipelineCommandHandler.java:handle(86)) - Create Pipeline RATIS ONE #id: "a35540e7-00e9-4756-ac02-938689596661"
 command succeed on datanode 773db779-bc95-4000-bcf3-5bb0ad76e127.
2019-10-12 10:41:19,803 [pool-169-thread-1] INFO  server.RaftServerConfigKeys (ConfUtils.java:logGet(43)) - raft.server.log.appender.install.snapshot.enabled = false (custom)
2019-10-12 10:41:19,804 [Command processor thread] INFO  commandhandler.CreatePipelineCommandHandler (CreatePipelineCommandHandler.java:handle(86)) - Create Pipeline RATIS ONE #id: "f0359a43-79f4-40dc-a0cd-f085e0c28b04"
 command succeed on datanode c99c1d44-e107-4576-970c-049b31509362.
2019-10-12 10:41:19,804 [pool-169-thread-1] INFO  impl.RaftServerImpl (ServerState.java:<init>(103)) - fc1c4701-b87c-4596-89e6-9d7f14f3dc27@group-BCE11E1A6885: ConfigurationManager, init=-1: [3e303de4-627b-4a84-82db-195dcd8c66ae:192.168.5.134:33739, fc1c4701-b87c-4596-89e6-9d7f14f3dc27:192.168.5.134:46294, c99c1d44-e107-4576-970c-049b31509362:192.168.5.134:45754], old=null, confs=<EMPTY_MAP>
2019-10-12 10:41:19,806 [pool-169-thread-1] INFO  server.RaftServerConfigKeys (ConfUtils.java:logGet(43)) - raft.server.storage.dir = [/workdir/hadoop-ozone/integration-test/target/test-dir/MiniOzoneClusterImpl-cf0cf180-5432-4e6c-a6d7-fa1470a5ccd4/datanode-5/data/ratis] (custom)
2019-10-12 10:41:19,806 [Command processor thread] INFO  impl.RaftServerProxy (RaftServerProxy.java:addNew(89)) - c99c1d44-e107-4576-970c-049b31509362: addNew group-BCE11E1A6885:[3e303de4-627b-4a84-82db-195dcd8c66ae:192.168.5.134:33739, fc1c4701-b87c-4596-89e6-9d7f14f3dc27:192.168.5.134:46294, c99c1d44-e107-4576-970c-049b31509362:192.168.5.134:45754] returns group-BCE11E1A6885:java.util.concurrent.CompletableFuture@c7bde6b[Not completed]
2019-10-12 10:41:19,807 [pool-169-thread-1] INFO  server.RaftServerConfigKeys (ConfUtils.java:logGet(43)) - raft.server.log.corruption.policy = EXCEPTION (default)
2019-10-12 10:41:19,807 [pool-169-thread-1] INFO  storage.RaftStorageDirectory (RaftStorageDirectory.java:analyzeStorage(246)) - The storage directory /workdir/hadoop-ozone/integration-test/target/test-dir/MiniOzoneClusterImpl-cf0cf180-5432-4e6c-a6d7-fa1470a5ccd4/datanode-5/data/ratis/df023564-c3df-4a55-be70-bce11e1a6885 does not exist. Creating ...
2019-10-12 10:41:19,807 [EventQueue-PipelineReportForPipelineReportHandler] INFO  pipeline.PipelineReportHandler (PipelineReportHandler.java:processPipelineReport(104)) - Pipeline ONE PipelineID=f0359a43-79f4-40dc-a0cd-f085e0c28b04 reported by c99c1d44-e107-4576-970c-049b31509362{ip: 192.168.5.134, host: pr-hdds-2034-qjlc4-3656631144, networkLocation: /default-rack, certSerialId: null}
2019-10-12 10:41:19,808 [EventQueue-PipelineReportForPipelineReportHandler] INFO  pipeline.PipelineStateManager (PipelineStateManager.java:openPipeline(134)) - Pipeline Pipeline[ Id: f0359a43-79f4-40dc-a0cd-f085e0c28b04, Nodes: c99c1d44-e107-4576-970c-049b31509362{ip: 192.168.5.134, host: pr-hdds-2034-qjlc4-3656631144, networkLocation: /default-rack, certSerialId: null}, Type:RATIS, Factor:ONE, State:ALLOCATED] moved to OPEN state
2019-10-12 10:41:19,808 [EventQueue-PipelineReportForPipelineReportHandler] INFO  pipeline.PipelineReportHandler (PipelineReportHandler.java:processPipelineReport(104)) - Pipeline ONE PipelineID=a35540e7-00e9-4756-ac02-938689596661 reported by 773db779-bc95-4000-bcf3-5bb0ad76e127{ip: 192.168.5.134, host: pr-hdds-2034-qjlc4-3656631144, networkLocation: /default-rack, certSerialId: null}
2019-10-12 10:41:19,808 [EventQueue-PipelineReportForPipelineReportHandler] INFO  pipeline.PipelineStateManager (PipelineStateManager.java:openPipeline(134)) - Pipeline Pipeline[ Id: a35540e7-00e9-4756-ac02-938689596661, Nodes: 773db779-bc95-4000-bcf3-5bb0ad76e127{ip: 192.168.5.134, host: pr-hdds-2034-qjlc4-3656631144, networkLocation: /default-rack, certSerialId: null}, Type:RATIS, Factor:ONE, State:ALLOCATED] moved to OPEN state
2019-10-12 10:41:19,808 [pool-159-thread-1] INFO  impl.RaftServerImpl (RaftServerImpl.java:<init>(95)) - c99c1d44-e107-4576-970c-049b31509362: new RaftServerImpl for group-BCE11E1A6885:[3e303de4-627b-4a84-82db-195dcd8c66ae:192.168.5.134:33739, fc1c4701-b87c-4596-89e6-9d7f14f3dc27:192.168.5.134:46294, c99c1d44-e107-4576-970c-049b31509362:192.168.5.134:45754] with ContainerStateMachine:uninitialized
2019-10-12 10:41:19,809 [pool-159-thread-1] INFO  server.RaftServerConfigKeys (ConfUtils.java:logGet(43)) - raft.server.rpc.timeout.min = 5s (custom)
2019-10-12 10:41:19,809 [pool-159-thread-1] INFO  server.RaftServerConfigKeys (ConfUtils.java:logGet(43)) - raft.server.rpc.timeout.max = 5200ms (custom)
2019-10-12 10:41:19,809 [pool-159-thread-1] INFO  server.RaftServerConfigKeys (ConfUtils.java:logGet(43)) - raft.server.rpcslowness.timeout = 120s (custom)
2019-10-12 10:41:19,809 [Command processor thread] INFO  commandhandler.CreatePipelineCommandHandler (CreatePipelineCommandHandler.java:handle(86)) - Create Pipeline RATIS THREE #id: "df023564-c3df-4a55-be70-bce11e1a6885"
 command succeed on datanode 3e303de4-627b-4a84-82db-195dcd8c66ae.
2019-10-12 10:41:19,809 [pool-159-thread-1] INFO  server.RaftServerConfigKeys (ConfUtils.java:logGet(43)) - raft.server.sleep.deviation.threshold = 300 (default)
2019-10-12 10:41:19,809 [pool-159-thread-1] INFO  server.RaftServerConfigKeys (ConfUtils.java:logGet(43)) - raft.server.log.appender.install.snapshot.enabled = false (custom)
2019-10-12 10:41:19,810 [pool-159-thread-1] INFO  impl.RaftServerImpl (ServerState.java:<init>(103)) - c99c1d44-e107-4576-970c-049b31509362@group-BCE11E1A6885: ConfigurationManager, init=-1: [3e303de4-627b-4a84-82db-195dcd8c66ae:192.168.5.134:33739, fc1c4701-b87c-4596-89e6-9d7f14f3dc27:192.168.5.134:46294, c99c1d44-e107-4576-970c-049b31509362:192.168.5.134:45754], old=null, confs=<EMPTY_MAP>
2019-10-12 10:41:19,810 [pool-159-thread-1] INFO  server.RaftServerConfigKeys (ConfUtils.java:logGet(43)) - raft.server.storage.dir = [/workdir/hadoop-ozone/integration-test/target/test-dir/MiniOzoneClusterImpl-cf0cf180-5432-4e6c-a6d7-fa1470a5ccd4/datanode-4/data/ratis] (custom)
2019-10-12 10:41:19,810 [pool-159-thread-1] INFO  server.RaftServerConfigKeys (ConfUtils.java:logGet(43)) - raft.server.log.corruption.policy = EXCEPTION (default)
2019-10-12 10:41:19,810 [EventQueue-PipelineReportForPipelineReportHandler] INFO  pipeline.PipelineReportHandler (PipelineReportHandler.java:processPipelineReport(104)) - Pipeline THREE PipelineID=df023564-c3df-4a55-be70-bce11e1a6885 reported by 3e303de4-627b-4a84-82db-195dcd8c66ae{ip: 192.168.5.134, host: pr-hdds-2034-qjlc4-3656631144, networkLocation: /default-rack, certSerialId: null}
2019-10-12 10:41:19,810 [pool-159-thread-1] INFO  storage.RaftStorageDirectory (RaftStorageDirectory.java:analyzeStorage(246)) - The storage directory /workdir/hadoop-ozone/integration-test/target/test-dir/MiniOzoneClusterImpl-cf0cf180-5432-4e6c-a6d7-fa1470a5ccd4/datanode-4/data/ratis/df023564-c3df-4a55-be70-bce11e1a6885 does not exist. Creating ...
2019-10-12 10:41:19,829 [pool-169-thread-1] INFO  storage.RaftStorageDirectory (RaftStorageDirectory.java:tryLock(328)) - Lock on /workdir/hadoop-ozone/integration-test/target/test-dir/MiniOzoneClusterImpl-cf0cf180-5432-4e6c-a6d7-fa1470a5ccd4/datanode-5/data/ratis/df023564-c3df-4a55-be70-bce11e1a6885/in_use.lock acquired by nodename 22103@pr-hdds-2034-qjlc4-3656631144
2019-10-12 10:41:19,829 [pool-159-thread-1] INFO  storage.RaftStorageDirectory (RaftStorageDirectory.java:tryLock(328)) - Lock on /workdir/hadoop-ozone/integration-test/target/test-dir/MiniOzoneClusterImpl-cf0cf180-5432-4e6c-a6d7-fa1470a5ccd4/datanode-4/data/ratis/df023564-c3df-4a55-be70-bce11e1a6885/in_use.lock acquired by nodename 22103@pr-hdds-2034-qjlc4-3656631144
2019-10-12 10:41:19,849 [pool-169-thread-1] INFO  storage.RaftStorage (RaftStorage.java:format(84)) - Storage directory /workdir/hadoop-ozone/integration-test/target/test-dir/MiniOzoneClusterImpl-cf0cf180-5432-4e6c-a6d7-fa1470a5ccd4/datanode-5/data/ratis/df023564-c3df-4a55-be70-bce11e1a6885 has been successfully formatted.
2019-10-12 10:41:19,849 [pool-159-thread-1] INFO  storage.RaftStorage (RaftStorage.java:format(84)) - Storage directory /workdir/hadoop-ozone/integration-test/target/test-dir/MiniOzoneClusterImpl-cf0cf180-5432-4e6c-a6d7-fa1470a5ccd4/datanode-4/data/ratis/df023564-c3df-4a55-be70-bce11e1a6885 has been successfully formatted.
2019-10-12 10:41:19,849 [pool-169-thread-1] INFO  ratis.ContainerStateMachine (ContainerStateMachine.java:loadSnapshot(231)) - group-BCE11E1A6885: The snapshot info is null. Setting the last applied indexto:(t:0, i:~)
2019-10-12 10:41:19,849 [pool-159-thread-1] INFO  ratis.ContainerStateMachine (ContainerStateMachine.java:loadSnapshot(231)) - group-BCE11E1A6885: The snapshot info is null. Setting the last applied indexto:(t:0, i:~)
2019-10-12 10:41:19,849 [pool-169-thread-1] INFO  server.RaftServerConfigKeys (ConfUtils.java:logGet(43)) - raft.server.notification.no-leader.timeout = 120s (custom)
2019-10-12 10:41:19,849 [pool-159-thread-1] INFO  server.RaftServerConfigKeys (ConfUtils.java:logGet(43)) - raft.server.notification.no-leader.timeout = 120s (custom)
2019-10-12 10:41:19,849 [pool-169-thread-1] INFO  server.RaftServerConfigKeys (ConfUtils.java:logGet(43)) - raft.server.log.use.memory = false (default)
2019-10-12 10:41:19,850 [pool-159-thread-1] INFO  server.RaftServerConfigKeys (ConfUtils.java:logGet(43)) - raft.server.log.use.memory = false (default)
2019-10-12 10:41:19,850 [pool-169-thread-1] INFO  server.RaftServerConfigKeys (ConfUtils.java:logGet(43)) - raft.server.log.purge.gap = 1000000 (custom)
2019-10-12 10:41:19,850 [pool-159-thread-1] INFO  server.RaftServerConfigKeys (ConfUtils.java:logGet(43)) - raft.server.log.purge.gap = 1000000 (custom)
2019-10-12 10:41:19,850 [pool-169-thread-1] INFO  server.RaftServerConfigKeys (ConfUtils.java:logGet(43)) - raft.server.log.appender.buffer.byte-limit = 33554432 (custom)
2019-10-12 10:41:19,850 [pool-159-thread-1] INFO  server.RaftServerConfigKeys (ConfUtils.java:logGet(43)) - raft.server.log.appender.buffer.byte-limit = 33554432 (custom)
2019-10-12 10:41:19,850 [pool-169-thread-1] INFO  server.RaftServerConfigKeys (ConfUtils.java:logGet(43)) - raft.server.log.segment.size.max = 1048576 (custom)
2019-10-12 10:41:19,850 [pool-159-thread-1] INFO  server.RaftServerConfigKeys (ConfUtils.java:logGet(43)) - raft.server.log.segment.size.max = 1048576 (custom)
2019-10-12 10:41:19,851 [pool-169-thread-1] INFO  server.RaftServerConfigKeys (ConfUtils.java:logGet(43)) - raft.server.log.segment.cache.num.max = 2 (custom)
2019-10-12 10:41:19,851 [pool-159-thread-1] INFO  server.RaftServerConfigKeys (ConfUtils.java:logGet(43)) - raft.server.log.segment.cache.num.max = 2 (custom)
2019-10-12 10:41:19,851 [pool-169-thread-1] INFO  segmented.SegmentedRaftLogWorker (SegmentedRaftLogWorker.java:<init>(173)) - new fc1c4701-b87c-4596-89e6-9d7f14f3dc27@group-BCE11E1A6885-SegmentedRaftLogWorker for RaftStorage:Storage Directory /workdir/hadoop-ozone/integration-test/target/test-dir/MiniOzoneClusterImpl-cf0cf180-5432-4e6c-a6d7-fa1470a5ccd4/datanode-5/data/ratis/df023564-c3df-4a55-be70-bce11e1a6885
2019-10-12 10:41:19,851 [pool-159-thread-1] INFO  segmented.SegmentedRaftLogWorker (SegmentedRaftLogWorker.java:<init>(173)) - new c99c1d44-e107-4576-970c-049b31509362@group-BCE11E1A6885-SegmentedRaftLogWorker for RaftStorage:Storage Directory /workdir/hadoop-ozone/integration-test/target/test-dir/MiniOzoneClusterImpl-cf0cf180-5432-4e6c-a6d7-fa1470a5ccd4/datanode-4/data/ratis/df023564-c3df-4a55-be70-bce11e1a6885
2019-10-12 10:41:19,851 [pool-169-thread-1] INFO  server.RaftServerConfigKeys (ConfUtils.java:logGet(43)) - raft.server.log.queue.byte-limit = 2147483647 (custom)
2019-10-12 10:41:19,851 [pool-159-thread-1] INFO  server.RaftServerConfigKeys (ConfUtils.java:logGet(43)) - raft.server.log.queue.byte-limit = 2147483647 (custom)
2019-10-12 10:41:19,852 [pool-169-thread-1] INFO  server.RaftServerConfigKeys (ConfUtils.java:logGet(43)) - raft.server.log.queue.element-limit = 1024 (custom)
2019-10-12 10:41:19,852 [pool-159-thread-1] INFO  server.RaftServerConfigKeys (ConfUtils.java:logGet(43)) - raft.server.log.queue.element-limit = 1024 (custom)
2019-10-12 10:41:19,852 [pool-169-thread-1] INFO  server.RaftServerConfigKeys (ConfUtils.java:logGet(43)) - raft.server.log.segment.size.max = 1048576 (custom)
2019-10-12 10:41:19,852 [pool-159-thread-1] INFO  server.RaftServerConfigKeys (ConfUtils.java:logGet(43)) - raft.server.log.segment.size.max = 1048576 (custom)
2019-10-12 10:41:19,852 [pool-169-thread-1] INFO  server.RaftServerConfigKeys (ConfUtils.java:logGet(43)) - raft.server.log.preallocated.size = 16384 (custom)
2019-10-12 10:41:19,852 [pool-159-thread-1] INFO  server.RaftServerConfigKeys (ConfUtils.java:logGet(43)) - raft.server.log.preallocated.size = 16384 (custom)
2019-10-12 10:41:19,852 [pool-169-thread-1] INFO  server.RaftServerConfigKeys (ConfUtils.java:logGet(43)) - raft.server.log.write.buffer.size = 33554432 (custom)
2019-10-12 10:41:19,853 [pool-159-thread-1] INFO  server.RaftServerConfigKeys (ConfUtils.java:logGet(43)) - raft.server.log.write.buffer.size = 33554432 (custom)
2019-10-12 10:41:19,853 [pool-169-thread-1] INFO  server.RaftServerConfigKeys (ConfUtils.java:logGet(43)) - raft.server.log.force.sync.num = 128 (default)
2019-10-12 10:41:19,853 [pool-159-thread-1] INFO  server.RaftServerConfigKeys (ConfUtils.java:logGet(43)) - raft.server.log.force.sync.num = 128 (default)
2019-10-12 10:41:19,853 [pool-169-thread-1] INFO  server.RaftServerConfigKeys (ConfUtils.java:logGet(43)) - raft.server.log.statemachine.data.sync = true (default)
2019-10-12 10:41:19,853 [pool-159-thread-1] INFO  server.RaftServerConfigKeys (ConfUtils.java:logGet(43)) - raft.server.log.statemachine.data.sync = true (default)
2019-10-12 10:41:19,853 [pool-169-thread-1] INFO  server.RaftServerConfigKeys (ConfUtils.java:logGet(43)) - raft.server.log.statemachine.data.sync.timeout = 10s (default)
2019-10-12 10:41:19,853 [pool-159-thread-1] INFO  server.RaftServerConfigKeys (ConfUtils.java:logGet(43)) - raft.server.log.statemachine.data.sync.timeout = 10s (default)
2019-10-12 10:41:19,854 [pool-169-thread-1] INFO  server.RaftServerConfigKeys (ConfUtils.java:logGet(43)) - raft.server.log.statemachine.data.sync.timeout.retry = -1 (default)
2019-10-12 10:41:19,854 [pool-159-thread-1] INFO  server.RaftServerConfigKeys (ConfUtils.java:logGet(43)) - raft.server.log.statemachine.data.sync.timeout.retry = -1 (default)
2019-10-12 10:41:19,854 [pool-169-thread-1] INFO  server.RaftServerConfigKeys (ConfUtils.java:logGet(43)) - raft.server.log.statemachine.data.caching.enabled = true (custom)
2019-10-12 10:41:19,854 [pool-159-thread-1] INFO  server.RaftServerConfigKeys (ConfUtils.java:logGet(43)) - raft.server.log.statemachine.data.caching.enabled = true (custom)
2019-10-12 10:41:19,854 [pool-169-thread-1] INFO  segmented.SegmentedRaftLogWorker (SegmentedRaftLogWorker.java:lambda$new$0(128)) - fc1c4701-b87c-4596-89e6-9d7f14f3dc27@group-BCE11E1A6885-SegmentedRaftLogWorker: flushIndex: setUnconditionally 0 -> -1
2019-10-12 10:41:19,854 [pool-159-thread-1] INFO  segmented.SegmentedRaftLogWorker (SegmentedRaftLogWorker.java:lambda$new$0(128)) - c99c1d44-e107-4576-970c-049b31509362@group-BCE11E1A6885-SegmentedRaftLogWorker: flushIndex: setUnconditionally 0 -> -1
2019-10-12 10:41:19,855 [pool-169-thread-1] INFO  server.RaftServerConfigKeys (ConfUtils.java:logGet(43)) - raft.server.snapshot.auto.trigger.enabled = true (custom)
2019-10-12 10:41:19,855 [pool-169-thread-1] INFO  server.RaftServerConfigKeys (ConfUtils.java:logGet(43)) - raft.server.snapshot.auto.trigger.threshold = 10000 (custom)
2019-10-12 10:41:19,855 [pool-159-thread-1] INFO  server.RaftServerConfigKeys (ConfUtils.java:logGet(43)) - raft.server.snapshot.auto.trigger.enabled = true (custom)
2019-10-12 10:41:19,855 [pool-169-thread-1] INFO  server.RaftServerConfigKeys (ConfUtils.java:logGet(43)) - raft.server.snapshot.retention.file.num = 5 (custom)
2019-10-12 10:41:19,855 [pool-159-thread-1] INFO  server.RaftServerConfigKeys (ConfUtils.java:logGet(43)) - raft.server.snapshot.auto.trigger.threshold = 10000 (custom)
2019-10-12 10:41:19,855 [pool-169-thread-1] INFO  server.RaftServerConfigKeys (ConfUtils.java:logGet(43)) - raft.server.retrycache.expirytime = 600000ms (custom)
2019-10-12 10:41:19,855 [pool-159-thread-1] INFO  server.RaftServerConfigKeys (ConfUtils.java:logGet(43)) - raft.server.snapshot.retention.file.num = 5 (custom)
2019-10-12 10:41:19,856 [pool-159-thread-1] INFO  server.RaftServerConfigKeys (ConfUtils.java:logGet(43)) - raft.server.retrycache.expirytime = 600000ms (custom)
2019-10-12 10:41:19,858 [pool-169-thread-1] INFO  impl.RaftServerImpl (RaftServerImpl.java:start(181)) - fc1c4701-b87c-4596-89e6-9d7f14f3dc27@group-BCE11E1A6885: start as a follower, conf=-1: [3e303de4-627b-4a84-82db-195dcd8c66ae:192.168.5.134:33739, fc1c4701-b87c-4596-89e6-9d7f14f3dc27:192.168.5.134:46294, c99c1d44-e107-4576-970c-049b31509362:192.168.5.134:45754], old=null
2019-10-12 10:41:19,859 [pool-169-thread-1] INFO  impl.RaftServerImpl (RaftServerImpl.java:setRole(170)) - fc1c4701-b87c-4596-89e6-9d7f14f3dc27@group-BCE11E1A6885: changes role from      null to FOLLOWER at term 0 for startAsFollower
2019-10-12 10:41:19,859 [pool-169-thread-1] INFO  impl.RoleInfo (RoleInfo.java:updateAndGet(143)) - fc1c4701-b87c-4596-89e6-9d7f14f3dc27: start FollowerState
2019-10-12 10:41:19,859 [pool-169-thread-1] INFO  util.JmxRegister (JmxRegister.java:tryRegister(44)) - Successfully registered JMX Bean with object name Ratis:service=RaftServer,group=group-BCE11E1A6885,id=fc1c4701-b87c-4596-89e6-9d7f14f3dc27
2019-10-12 10:41:19,859 [pool-159-thread-1] INFO  impl.RaftServerImpl (RaftServerImpl.java:start(181)) - c99c1d44-e107-4576-970c-049b31509362@group-BCE11E1A6885: start as a follower, conf=-1: [3e303de4-627b-4a84-82db-195dcd8c66ae:192.168.5.134:33739, fc1c4701-b87c-4596-89e6-9d7f14f3dc27:192.168.5.134:46294, c99c1d44-e107-4576-970c-049b31509362:192.168.5.134:45754], old=null
2019-10-12 10:41:19,859 [pool-159-thread-1] INFO  impl.RaftServerImpl (RaftServerImpl.java:setRole(170)) - c99c1d44-e107-4576-970c-049b31509362@group-BCE11E1A6885: changes role from      null to FOLLOWER at term 0 for startAsFollower
2019-10-12 10:41:19,860 [pool-159-thread-1] INFO  impl.RoleInfo (RoleInfo.java:updateAndGet(143)) - c99c1d44-e107-4576-970c-049b31509362: start FollowerState
2019-10-12 10:41:19,860 [pool-159-thread-1] INFO  util.JmxRegister (JmxRegister.java:tryRegister(44)) - Successfully registered JMX Bean with object name Ratis:service=RaftServer,group=group-BCE11E1A6885,id=c99c1d44-e107-4576-970c-049b31509362
2019-10-12 10:41:19,862 [Command processor thread] INFO  commandhandler.CreatePipelineCommandHandler (CreatePipelineCommandHandler.java:handle(86)) - Create Pipeline RATIS THREE #id: "df023564-c3df-4a55-be70-bce11e1a6885"
 command succeed on datanode fc1c4701-b87c-4596-89e6-9d7f14f3dc27.
2019-10-12 10:41:19,863 [EventQueue-PipelineReportForPipelineReportHandler] INFO  pipeline.PipelineReportHandler (PipelineReportHandler.java:processPipelineReport(104)) - Pipeline THREE PipelineID=df023564-c3df-4a55-be70-bce11e1a6885 reported by fc1c4701-b87c-4596-89e6-9d7f14f3dc27{ip: 192.168.5.134, host: pr-hdds-2034-qjlc4-3656631144, networkLocation: /default-rack, certSerialId: null}
2019-10-12 10:41:19,864 [Command processor thread] INFO  commandhandler.CreatePipelineCommandHandler (CreatePipelineCommandHandler.java:handle(86)) - Create Pipeline RATIS THREE #id: "df023564-c3df-4a55-be70-bce11e1a6885"
 command succeed on datanode c99c1d44-e107-4576-970c-049b31509362.
2019-10-12 10:41:19,865 [EventQueue-PipelineReportForPipelineReportHandler] INFO  pipeline.PipelineReportHandler (PipelineReportHandler.java:processPipelineReport(104)) - Pipeline THREE PipelineID=df023564-c3df-4a55-be70-bce11e1a6885 reported by c99c1d44-e107-4576-970c-049b31509362{ip: 192.168.5.134, host: pr-hdds-2034-qjlc4-3656631144, networkLocation: /default-rack, certSerialId: null}
2019-10-12 10:41:19,865 [EventQueue-PipelineReportForPipelineReportHandler] INFO  pipeline.PipelineStateManager (PipelineStateManager.java:openPipeline(134)) - Pipeline Pipeline[ Id: df023564-c3df-4a55-be70-bce11e1a6885, Nodes: fc1c4701-b87c-4596-89e6-9d7f14f3dc27{ip: 192.168.5.134, host: pr-hdds-2034-qjlc4-3656631144, networkLocation: /default-rack, certSerialId: null}c99c1d44-e107-4576-970c-049b31509362{ip: 192.168.5.134, host: pr-hdds-2034-qjlc4-3656631144, networkLocation: /default-rack, certSerialId: null}3e303de4-627b-4a84-82db-195dcd8c66ae{ip: 192.168.5.134, host: pr-hdds-2034-qjlc4-3656631144, networkLocation: /default-rack, certSerialId: null}, Type:RATIS, Factor:THREE, State:ALLOCATED] moved to OPEN state
2019-10-12 10:41:20,753 [main] INFO  ozone.MiniOzoneClusterImpl (MiniOzoneClusterImpl.java:lambda$waitForClusterToBeReady$0(149)) - Nodes are ready. Got 7 of 7 DN Heartbeats.
2019-10-12 10:41:20,753 [main] INFO  ozone.MiniOzoneClusterImpl (MiniOzoneClusterImpl.java:lambda$waitForClusterToBeReady$0(152)) - Waiting for cluster to exit safe mode
2019-10-12 10:41:21,754 [main] INFO  ozone.MiniOzoneClusterImpl (MiniOzoneClusterImpl.java:lambda$waitForClusterToBeReady$0(149)) - Nodes are ready. Got 7 of 7 DN Heartbeats.
2019-10-12 10:41:21,755 [main] INFO  ozone.MiniOzoneClusterImpl (MiniOzoneClusterImpl.java:lambda$waitForClusterToBeReady$0(152)) - Waiting for cluster to exit safe mode
2019-10-12 10:41:22,339 [EventQueue-OpenPipelineForHealthyPipelineSafeModeRule] INFO  safemode.SCMSafeModeManager (SCMSafeModeManager.java:exitSafeMode(211)) - SCM exiting safe mode.
2019-10-12 10:41:22,345 [EventQueue-OpenPipelineForOneReplicaPipelineSafeModeRule] INFO  safemode.SCMSafeModeManager (SCMSafeModeManager.java:validateSafeModeExitRules(174)) - AtleastOneDatanodeReportedRule rule is successfully validated
2019-10-12 10:41:22,345 [EventQueue-OpenPipelineForOneReplicaPipelineSafeModeRule] INFO  safemode.SCMSafeModeManager (SCMSafeModeManager.java:validateSafeModeExitRules(183)) - ScmSafeModeManager, all rules are successfully validated
2019-10-12 10:41:22,756 [main] INFO  ozone.MiniOzoneClusterImpl (MiniOzoneClusterImpl.java:lambda$waitForClusterToBeReady$0(149)) - Nodes are ready. Got 7 of 7 DN Heartbeats.
2019-10-12 10:41:22,756 [main] INFO  ozone.MiniOzoneClusterImpl (MiniOzoneClusterImpl.java:lambda$waitForClusterToBeReady$0(152)) - Cluster exits safe mode
2019-10-12 10:41:22,798 [main] INFO  rpc.RpcClient (RpcClient.java:createVolume(272)) - Creating Volume: testblockoutputstreamwithretries, with jenkins1000 as owner.
2019-10-12 10:41:22,803 [IPC Server handler 2 on 46221] INFO  volume.OMVolumeCreateRequest (OMVolumeCreateRequest.java:validateAndUpdateCache(193)) - created volume:testblockoutputstreamwithretries for user:jenkins1000
2019-10-12 10:41:22,832 [main] INFO  rpc.RpcClient (RpcClient.java:createBucket(411)) - Creating Bucket: testblockoutputstreamwithretries/testblockoutputstreamwithretries, with Versioning false and Storage Type set to DISK and Encryption set to false 
2019-10-12 10:41:24,328 [Thread-695] INFO  impl.FollowerState (FollowerState.java:run(108)) - 613f4f72-aa2b-4fc8-96c5-2be837cde81d@group-5CF2593432BF-FollowerState: change to CANDIDATE, lastRpcTime:5001ms, electionTimeout:5001ms
2019-10-12 10:41:24,329 [Thread-695] INFO  impl.RoleInfo (RoleInfo.java:shutdownFollowerState(121)) - 613f4f72-aa2b-4fc8-96c5-2be837cde81d: shutdown FollowerState
2019-10-12 10:41:24,329 [Thread-695] INFO  impl.RaftServerImpl (RaftServerImpl.java:setRole(170)) - 613f4f72-aa2b-4fc8-96c5-2be837cde81d@group-5CF2593432BF: changes role from  FOLLOWER to CANDIDATE at term 0 for changeToCandidate
2019-10-12 10:41:24,329 [Thread-695] INFO  impl.RoleInfo (RoleInfo.java:updateAndGet(143)) - 613f4f72-aa2b-4fc8-96c5-2be837cde81d: start LeaderElection
2019-10-12 10:41:24,349 [613f4f72-aa2b-4fc8-96c5-2be837cde81d@group-5CF2593432BF-LeaderElection25] INFO  impl.LeaderElection (LeaderElection.java:askForVotes(178)) - 613f4f72-aa2b-4fc8-96c5-2be837cde81d@group-5CF2593432BF-LeaderElection25: begin an election at term 1 for -1: [613f4f72-aa2b-4fc8-96c5-2be837cde81d:192.168.5.134:37914], old=null
2019-10-12 10:41:24,349 [613f4f72-aa2b-4fc8-96c5-2be837cde81d@group-5CF2593432BF-LeaderElection25] INFO  impl.RoleInfo (RoleInfo.java:shutdownLeaderElection(134)) - 613f4f72-aa2b-4fc8-96c5-2be837cde81d: shutdown LeaderElection
2019-10-12 10:41:24,350 [613f4f72-aa2b-4fc8-96c5-2be837cde81d@group-5CF2593432BF-LeaderElection25] INFO  impl.RaftServerImpl (RaftServerImpl.java:setRole(170)) - 613f4f72-aa2b-4fc8-96c5-2be837cde81d@group-5CF2593432BF: changes role from CANDIDATE to LEADER at term 1 for changeToLeader
2019-10-12 10:41:24,350 [613f4f72-aa2b-4fc8-96c5-2be837cde81d@group-5CF2593432BF-LeaderElection25] INFO  impl.RaftServerImpl (ServerState.java:setLeader(255)) - 613f4f72-aa2b-4fc8-96c5-2be837cde81d@group-5CF2593432BF: change Leader from null to 613f4f72-aa2b-4fc8-96c5-2be837cde81d at term 1 for becomeLeader, leader elected after 5034ms
2019-10-12 10:41:24,350 [613f4f72-aa2b-4fc8-96c5-2be837cde81d@group-5CF2593432BF-LeaderElection25] INFO  server.RaftServerConfigKeys (ConfUtils.java:logGet(43)) - raft.server.staging.catchup.gap = 1000 (default)
2019-10-12 10:41:24,350 [613f4f72-aa2b-4fc8-96c5-2be837cde81d@group-5CF2593432BF-LeaderElection25] INFO  server.RaftServerConfigKeys (ConfUtils.java:logGet(43)) - raft.server.rpc.sleep.time = 25ms (default)
2019-10-12 10:41:24,350 [613f4f72-aa2b-4fc8-96c5-2be837cde81d@group-5CF2593432BF-LeaderElection25] INFO  server.RaftServerConfigKeys (ConfUtils.java:logGet(43)) - raft.server.write.element-limit = 4096 (default)
2019-10-12 10:41:24,350 [613f4f72-aa2b-4fc8-96c5-2be837cde81d@group-5CF2593432BF-LeaderElection25] INFO  server.RaftServerConfigKeys (ConfUtils.java:logGet(43)) - raft.server.watch.timeout = 10s (default)
2019-10-12 10:41:24,351 [613f4f72-aa2b-4fc8-96c5-2be837cde81d@group-5CF2593432BF-LeaderElection25] INFO  server.RaftServerConfigKeys (ConfUtils.java:logGet(43)) - raft.server.watch.timeout.denomination = 1s (default)
2019-10-12 10:41:24,351 [613f4f72-aa2b-4fc8-96c5-2be837cde81d@group-5CF2593432BF-LeaderElection25] INFO  server.RaftServerConfigKeys (ConfUtils.java:logGet(43)) - raft.server.watch.element-limit = 65536 (default)
2019-10-12 10:41:24,354 [613f4f72-aa2b-4fc8-96c5-2be837cde81d@group-5CF2593432BF-LeaderElection25] INFO  impl.RoleInfo (RoleInfo.java:updateAndGet(143)) - 613f4f72-aa2b-4fc8-96c5-2be837cde81d: start LeaderState
2019-10-12 10:41:24,355 [613f4f72-aa2b-4fc8-96c5-2be837cde81d@group-5CF2593432BF-LeaderElection25] INFO  segmented.SegmentedRaftLogWorker (SegmentedRaftLogWorker.java:startLogSegment(385)) - 613f4f72-aa2b-4fc8-96c5-2be837cde81d@group-5CF2593432BF-SegmentedRaftLogWorker: Starting segment from index:0
2019-10-12 10:41:24,355 [613f4f72-aa2b-4fc8-96c5-2be837cde81d@group-5CF2593432BF-LeaderElection25] INFO  impl.RaftServerImpl (ServerState.java:setRaftConf(356)) - 613f4f72-aa2b-4fc8-96c5-2be837cde81d@group-5CF2593432BF: set configuration 0: [613f4f72-aa2b-4fc8-96c5-2be837cde81d:192.168.5.134:37914], old=null at 0
2019-10-12 10:41:24,404 [613f4f72-aa2b-4fc8-96c5-2be837cde81d@group-5CF2593432BF-SegmentedRaftLogWorker] INFO  segmented.SegmentedRaftLogWorker (SegmentedRaftLogWorker.java:execute(574)) - 613f4f72-aa2b-4fc8-96c5-2be837cde81d@group-5CF2593432BF-SegmentedRaftLogWorker: created new log segment /workdir/hadoop-ozone/integration-test/target/test-dir/MiniOzoneClusterImpl-cf0cf180-5432-4e6c-a6d7-fa1470a5ccd4/datanode-0/data/ratis/d3c2c78f-36a4-49f0-b256-5cf2593432bf/current/log_inprogress_0
2019-10-12 10:41:24,468 [Thread-703] INFO  impl.FollowerState (FollowerState.java:run(108)) - 0ef3defa-20aa-4816-9881-210631c2b677@group-2943DE0C8191-FollowerState: change to CANDIDATE, lastRpcTime:5034ms, electionTimeout:5018ms
2019-10-12 10:41:24,468 [Thread-703] INFO  impl.RoleInfo (RoleInfo.java:shutdownFollowerState(121)) - 0ef3defa-20aa-4816-9881-210631c2b677: shutdown FollowerState
2019-10-12 10:41:24,468 [Thread-703] INFO  impl.RaftServerImpl (RaftServerImpl.java:setRole(170)) - 0ef3defa-20aa-4816-9881-210631c2b677@group-2943DE0C8191: changes role from  FOLLOWER to CANDIDATE at term 0 for changeToCandidate
2019-10-12 10:41:24,469 [Thread-703] INFO  impl.RoleInfo (RoleInfo.java:updateAndGet(143)) - 0ef3defa-20aa-4816-9881-210631c2b677: start LeaderElection
2019-10-12 10:41:24,485 [0ef3defa-20aa-4816-9881-210631c2b677@group-2943DE0C8191-LeaderElection26] INFO  impl.LeaderElection (LeaderElection.java:askForVotes(178)) - 0ef3defa-20aa-4816-9881-210631c2b677@group-2943DE0C8191-LeaderElection26: begin an election at term 1 for -1: [0ef3defa-20aa-4816-9881-210631c2b677:192.168.5.134:34597, 14556118-8144-4117-8324-1126ac1cb2a6:192.168.5.134:39835, 613f4f72-aa2b-4fc8-96c5-2be837cde81d:192.168.5.134:37914], old=null
2019-10-12 10:41:24,498 [grpc-default-executor-12] INFO  impl.RaftServerImpl (RaftServerImpl.java:setRole(170)) - 613f4f72-aa2b-4fc8-96c5-2be837cde81d@group-2943DE0C8191: changes role from  FOLLOWER to FOLLOWER at term 1 for recognizeCandidate:0ef3defa-20aa-4816-9881-210631c2b677
2019-10-12 10:41:24,498 [grpc-default-executor-12] INFO  impl.RoleInfo (RoleInfo.java:shutdownFollowerState(121)) - 613f4f72-aa2b-4fc8-96c5-2be837cde81d: shutdown FollowerState
2019-10-12 10:41:24,507 [grpc-default-executor-4] INFO  impl.RaftServerImpl (RaftServerImpl.java:setRole(170)) - 14556118-8144-4117-8324-1126ac1cb2a6@group-2943DE0C8191: changes role from  FOLLOWER to FOLLOWER at term 1 for recognizeCandidate:0ef3defa-20aa-4816-9881-210631c2b677
2019-10-12 10:41:24,507 [grpc-default-executor-12] INFO  impl.RoleInfo (RoleInfo.java:updateAndGet(143)) - 613f4f72-aa2b-4fc8-96c5-2be837cde81d: start FollowerState
2019-10-12 10:41:24,507 [grpc-default-executor-4] INFO  impl.RoleInfo (RoleInfo.java:shutdownFollowerState(121)) - 14556118-8144-4117-8324-1126ac1cb2a6: shutdown FollowerState
2019-10-12 10:41:24,507 [Thread-699] INFO  impl.FollowerState (FollowerState.java:run(117)) - 613f4f72-aa2b-4fc8-96c5-2be837cde81d@group-2943DE0C8191-FollowerState was interrupted: java.lang.InterruptedException: sleep interrupted
2019-10-12 10:41:24,508 [grpc-default-executor-4] INFO  impl.RoleInfo (RoleInfo.java:updateAndGet(143)) - 14556118-8144-4117-8324-1126ac1cb2a6: start FollowerState
2019-10-12 10:41:24,510 [Thread-707] INFO  impl.FollowerState (FollowerState.java:run(117)) - 14556118-8144-4117-8324-1126ac1cb2a6@group-2943DE0C8191-FollowerState was interrupted: java.lang.InterruptedException: sleep interrupted
2019-10-12 10:41:24,513 [Thread-701] INFO  impl.FollowerState (FollowerState.java:run(108)) - 0ef3defa-20aa-4816-9881-210631c2b677@group-6696C2EE2425-FollowerState: change to CANDIDATE, lastRpcTime:5123ms, electionTimeout:5121ms
2019-10-12 10:41:24,513 [Thread-701] INFO  impl.RoleInfo (RoleInfo.java:shutdownFollowerState(121)) - 0ef3defa-20aa-4816-9881-210631c2b677: shutdown FollowerState
2019-10-12 10:41:24,513 [Thread-701] INFO  impl.RaftServerImpl (RaftServerImpl.java:setRole(170)) - 0ef3defa-20aa-4816-9881-210631c2b677@group-6696C2EE2425: changes role from  FOLLOWER to CANDIDATE at term 0 for changeToCandidate
2019-10-12 10:41:24,513 [Thread-701] INFO  impl.RoleInfo (RoleInfo.java:updateAndGet(143)) - 0ef3defa-20aa-4816-9881-210631c2b677: start LeaderElection
2019-10-12 10:41:24,526 [0ef3defa-20aa-4816-9881-210631c2b677@group-6696C2EE2425-LeaderElection27] INFO  impl.LeaderElection (LeaderElection.java:askForVotes(178)) - 0ef3defa-20aa-4816-9881-210631c2b677@group-6696C2EE2425-LeaderElection27: begin an election at term 1 for -1: [0ef3defa-20aa-4816-9881-210631c2b677:192.168.5.134:34597], old=null
2019-10-12 10:41:24,526 [0ef3defa-20aa-4816-9881-210631c2b677@group-6696C2EE2425-LeaderElection27] INFO  impl.RoleInfo (RoleInfo.java:shutdownLeaderElection(134)) - 0ef3defa-20aa-4816-9881-210631c2b677: shutdown LeaderElection
2019-10-12 10:41:24,526 [0ef3defa-20aa-4816-9881-210631c2b677@group-6696C2EE2425-LeaderElection27] INFO  impl.RaftServerImpl (RaftServerImpl.java:setRole(170)) - 0ef3defa-20aa-4816-9881-210631c2b677@group-6696C2EE2425: changes role from CANDIDATE to LEADER at term 1 for changeToLeader
2019-10-12 10:41:24,527 [0ef3defa-20aa-4816-9881-210631c2b677@group-6696C2EE2425-LeaderElection27] INFO  impl.RaftServerImpl (ServerState.java:setLeader(255)) - 0ef3defa-20aa-4816-9881-210631c2b677@group-6696C2EE2425: change Leader from null to 0ef3defa-20aa-4816-9881-210631c2b677 at term 1 for becomeLeader, leader elected after 5147ms
2019-10-12 10:41:24,527 [0ef3defa-20aa-4816-9881-210631c2b677@group-6696C2EE2425-LeaderElection27] INFO  server.RaftServerConfigKeys (ConfUtils.java:logGet(43)) - raft.server.staging.catchup.gap = 1000 (default)
2019-10-12 10:41:24,527 [0ef3defa-20aa-4816-9881-210631c2b677@group-6696C2EE2425-LeaderElection27] INFO  server.RaftServerConfigKeys (ConfUtils.java:logGet(43)) - raft.server.rpc.sleep.time = 25ms (default)
2019-10-12 10:41:24,527 [0ef3defa-20aa-4816-9881-210631c2b677@group-6696C2EE2425-LeaderElection27] INFO  server.RaftServerConfigKeys (ConfUtils.java:logGet(43)) - raft.server.write.element-limit = 4096 (default)
2019-10-12 10:41:24,530 [0ef3defa-20aa-4816-9881-210631c2b677@group-6696C2EE2425-LeaderElection27] INFO  server.RaftServerConfigKeys (ConfUtils.java:logGet(43)) - raft.server.watch.timeout = 10s (default)
2019-10-12 10:41:24,531 [0ef3defa-20aa-4816-9881-210631c2b677@group-6696C2EE2425-LeaderElection27] INFO  server.RaftServerConfigKeys (ConfUtils.java:logGet(43)) - raft.server.watch.timeout.denomination = 1s (default)
2019-10-12 10:41:24,531 [0ef3defa-20aa-4816-9881-210631c2b677@group-6696C2EE2425-LeaderElection27] INFO  server.RaftServerConfigKeys (ConfUtils.java:logGet(43)) - raft.server.watch.element-limit = 65536 (default)
2019-10-12 10:41:24,531 [0ef3defa-20aa-4816-9881-210631c2b677@group-2943DE0C8191-LeaderElection26] INFO  impl.LeaderElection (LeaderElection.java:logAndReturn(56)) - 0ef3defa-20aa-4816-9881-210631c2b677@group-2943DE0C8191-LeaderElection26: Election PASSED; received 1 response(s) [0ef3defa-20aa-4816-9881-210631c2b677<-613f4f72-aa2b-4fc8-96c5-2be837cde81d#0:OK-t1] and 0 exception(s); 0ef3defa-20aa-4816-9881-210631c2b677@group-2943DE0C8191:t1, leader=null, voted=0ef3defa-20aa-4816-9881-210631c2b677, raftlog=0ef3defa-20aa-4816-9881-210631c2b677@group-2943DE0C8191-SegmentedRaftLog:OPENED:c-1,f-1,i0, conf=-1: [0ef3defa-20aa-4816-9881-210631c2b677:192.168.5.134:34597, 14556118-8144-4117-8324-1126ac1cb2a6:192.168.5.134:39835, 613f4f72-aa2b-4fc8-96c5-2be837cde81d:192.168.5.134:37914], old=null
2019-10-12 10:41:24,531 [0ef3defa-20aa-4816-9881-210631c2b677@group-2943DE0C8191-LeaderElection26] INFO  impl.RoleInfo (RoleInfo.java:shutdownLeaderElection(134)) - 0ef3defa-20aa-4816-9881-210631c2b677: shutdown LeaderElection
2019-10-12 10:41:24,531 [0ef3defa-20aa-4816-9881-210631c2b677@group-2943DE0C8191-LeaderElection26] INFO  impl.RaftServerImpl (RaftServerImpl.java:setRole(170)) - 0ef3defa-20aa-4816-9881-210631c2b677@group-2943DE0C8191: changes role from CANDIDATE to LEADER at term 1 for changeToLeader
2019-10-12 10:41:24,531 [0ef3defa-20aa-4816-9881-210631c2b677@group-2943DE0C8191-LeaderElection26] INFO  impl.RaftServerImpl (ServerState.java:setLeader(255)) - 0ef3defa-20aa-4816-9881-210631c2b677@group-2943DE0C8191: change Leader from null to 0ef3defa-20aa-4816-9881-210631c2b677 at term 1 for becomeLeader, leader elected after 5103ms
2019-10-12 10:41:24,532 [0ef3defa-20aa-4816-9881-210631c2b677@group-2943DE0C8191-LeaderElection26] INFO  server.RaftServerConfigKeys (ConfUtils.java:logGet(43)) - raft.server.staging.catchup.gap = 1000 (default)
2019-10-12 10:41:24,532 [0ef3defa-20aa-4816-9881-210631c2b677@group-2943DE0C8191-LeaderElection26] INFO  server.RaftServerConfigKeys (ConfUtils.java:logGet(43)) - raft.server.rpc.sleep.time = 25ms (default)
2019-10-12 10:41:24,532 [0ef3defa-20aa-4816-9881-210631c2b677@group-2943DE0C8191-LeaderElection26] INFO  server.RaftServerConfigKeys (ConfUtils.java:logGet(43)) - raft.server.write.element-limit = 4096 (default)
2019-10-12 10:41:24,532 [0ef3defa-20aa-4816-9881-210631c2b677@group-2943DE0C8191-LeaderElection26] INFO  server.RaftServerConfigKeys (ConfUtils.java:logGet(43)) - raft.server.watch.timeout = 10s (default)
2019-10-12 10:41:24,532 [0ef3defa-20aa-4816-9881-210631c2b677@group-2943DE0C8191-LeaderElection26] INFO  server.RaftServerConfigKeys (ConfUtils.java:logGet(43)) - raft.server.watch.timeout.denomination = 1s (default)
2019-10-12 10:41:24,532 [0ef3defa-20aa-4816-9881-210631c2b677@group-2943DE0C8191-LeaderElection26] INFO  server.RaftServerConfigKeys (ConfUtils.java:logGet(43)) - raft.server.watch.element-limit = 65536 (default)
2019-10-12 10:41:24,534 [0ef3defa-20aa-4816-9881-210631c2b677@group-6696C2EE2425-LeaderElection27] INFO  impl.RoleInfo (RoleInfo.java:updateAndGet(143)) - 0ef3defa-20aa-4816-9881-210631c2b677: start LeaderState
2019-10-12 10:41:24,538 [0ef3defa-20aa-4816-9881-210631c2b677@group-6696C2EE2425-LeaderElection27] INFO  segmented.SegmentedRaftLogWorker (SegmentedRaftLogWorker.java:startLogSegment(385)) - 0ef3defa-20aa-4816-9881-210631c2b677@group-6696C2EE2425-SegmentedRaftLogWorker: Starting segment from index:0
2019-10-12 10:41:24,538 [0ef3defa-20aa-4816-9881-210631c2b677@group-2943DE0C8191-LeaderElection26] INFO  server.RaftServerConfigKeys (ConfUtils.java:logGet(43)) - raft.server.log.appender.snapshot.chunk.size.max = 16MB (=16777216) (default)
2019-10-12 10:41:24,538 [0ef3defa-20aa-4816-9881-210631c2b677@group-2943DE0C8191-LeaderElection26] INFO  server.RaftServerConfigKeys (ConfUtils.java:logGet(43)) - raft.server.log.appender.buffer.byte-limit = 33554432 (custom)
2019-10-12 10:41:24,538 [0ef3defa-20aa-4816-9881-210631c2b677@group-2943DE0C8191-LeaderElection26] INFO  server.RaftServerConfigKeys (ConfUtils.java:logGet(43)) - raft.server.log.appender.buffer.element-limit = 1 (custom)
2019-10-12 10:41:24,538 [0ef3defa-20aa-4816-9881-210631c2b677@group-6696C2EE2425-LeaderElection27] INFO  impl.RaftServerImpl (ServerState.java:setRaftConf(356)) - 0ef3defa-20aa-4816-9881-210631c2b677@group-6696C2EE2425: set configuration 0: [0ef3defa-20aa-4816-9881-210631c2b677:192.168.5.134:34597], old=null at 0
2019-10-12 10:41:24,538 [0ef3defa-20aa-4816-9881-210631c2b677@group-2943DE0C8191-LeaderElection26] INFO  grpc.GrpcConfigKeys$Server (ConfUtils.java:logGet(43)) - raft.grpc.server.leader.outstanding.appends.max = 128 (default)
2019-10-12 10:41:24,571 [Thread-705] INFO  impl.FollowerState (FollowerState.java:run(108)) - 14556118-8144-4117-8324-1126ac1cb2a6@group-195B4753F061-FollowerState: change to CANDIDATE, lastRpcTime:5104ms, electionTimeout:5084ms
2019-10-12 10:41:24,572 [0ef3defa-20aa-4816-9881-210631c2b677@group-2943DE0C8191-LeaderElection26] INFO  server.RaftServerConfigKeys (ConfUtils.java:logGet(43)) - raft.server.rpc.request.timeout = 3000ms (default)
2019-10-12 10:41:24,572 [Thread-705] INFO  impl.RoleInfo (RoleInfo.java:shutdownFollowerState(121)) - 14556118-8144-4117-8324-1126ac1cb2a6: shutdown FollowerState
2019-10-12 10:41:24,572 [0ef3defa-20aa-4816-9881-210631c2b677@group-2943DE0C8191-LeaderElection26] INFO  server.RaftServerConfigKeys (ConfUtils.java:logGet(43)) - raft.server.log.appender.install.snapshot.enabled = false (custom)
2019-10-12 10:41:24,572 [Thread-705] INFO  impl.RaftServerImpl (RaftServerImpl.java:setRole(170)) - 14556118-8144-4117-8324-1126ac1cb2a6@group-195B4753F061: changes role from  FOLLOWER to CANDIDATE at term 0 for changeToCandidate
2019-10-12 10:41:24,572 [0ef3defa-20aa-4816-9881-210631c2b677@group-2943DE0C8191-LeaderElection26] INFO  server.RaftServerConfigKeys (ConfUtils.java:logGet(43)) - raft.server.log.appender.snapshot.chunk.size.max = 16MB (=16777216) (default)
2019-10-12 10:41:24,573 [Thread-705] INFO  impl.RoleInfo (RoleInfo.java:updateAndGet(143)) - 14556118-8144-4117-8324-1126ac1cb2a6: start LeaderElection
2019-10-12 10:41:24,573 [0ef3defa-20aa-4816-9881-210631c2b677@group-2943DE0C8191-LeaderElection26] INFO  server.RaftServerConfigKeys (ConfUtils.java:logGet(43)) - raft.server.log.appender.buffer.byte-limit = 33554432 (custom)
2019-10-12 10:41:24,573 [0ef3defa-20aa-4816-9881-210631c2b677@group-2943DE0C8191-LeaderElection26] INFO  server.RaftServerConfigKeys (ConfUtils.java:logGet(43)) - raft.server.log.appender.buffer.element-limit = 1 (custom)
2019-10-12 10:41:24,585 [0ef3defa-20aa-4816-9881-210631c2b677@group-6696C2EE2425-SegmentedRaftLogWorker] INFO  segmented.SegmentedRaftLogWorker (SegmentedRaftLogWorker.java:execute(574)) - 0ef3defa-20aa-4816-9881-210631c2b677@group-6696C2EE2425-SegmentedRaftLogWorker: created new log segment /workdir/hadoop-ozone/integration-test/target/test-dir/MiniOzoneClusterImpl-cf0cf180-5432-4e6c-a6d7-fa1470a5ccd4/datanode-1/data/ratis/16edaab9-1608-499f-abaf-6696c2ee2425/current/log_inprogress_0
2019-10-12 10:41:24,585 [0ef3defa-20aa-4816-9881-210631c2b677@group-2943DE0C8191-LeaderElection26] INFO  grpc.GrpcConfigKeys$Server (ConfUtils.java:logGet(43)) - raft.grpc.server.leader.outstanding.appends.max = 128 (default)
2019-10-12 10:41:24,585 [0ef3defa-20aa-4816-9881-210631c2b677@group-2943DE0C8191-LeaderElection26] INFO  server.RaftServerConfigKeys (ConfUtils.java:logGet(43)) - raft.server.rpc.request.timeout = 3000ms (default)
2019-10-12 10:41:24,586 [0ef3defa-20aa-4816-9881-210631c2b677@group-2943DE0C8191-LeaderElection26] INFO  server.RaftServerConfigKeys (ConfUtils.java:logGet(43)) - raft.server.log.appender.install.snapshot.enabled = false (custom)
2019-10-12 10:41:24,586 [0ef3defa-20aa-4816-9881-210631c2b677@group-2943DE0C8191-LeaderElection26] INFO  impl.RoleInfo (RoleInfo.java:updateAndGet(143)) - 0ef3defa-20aa-4816-9881-210631c2b677: start LeaderState
2019-10-12 10:41:24,586 [0ef3defa-20aa-4816-9881-210631c2b677@group-2943DE0C8191-LeaderElection26] INFO  segmented.SegmentedRaftLogWorker (SegmentedRaftLogWorker.java:startLogSegment(385)) - 0ef3defa-20aa-4816-9881-210631c2b677@group-2943DE0C8191-SegmentedRaftLogWorker: Starting segment from index:0
2019-10-12 10:41:24,587 [0ef3defa-20aa-4816-9881-210631c2b677@group-2943DE0C8191-LeaderElection26] INFO  impl.RaftServerImpl (ServerState.java:setRaftConf(356)) - 0ef3defa-20aa-4816-9881-210631c2b677@group-2943DE0C8191: set configuration 0: [0ef3defa-20aa-4816-9881-210631c2b677:192.168.5.134:34597, 14556118-8144-4117-8324-1126ac1cb2a6:192.168.5.134:39835, 613f4f72-aa2b-4fc8-96c5-2be837cde81d:192.168.5.134:37914], old=null at 0
2019-10-12 10:41:24,617 [14556118-8144-4117-8324-1126ac1cb2a6@group-195B4753F061-LeaderElection28] INFO  impl.LeaderElection (LeaderElection.java:askForVotes(178)) - 14556118-8144-4117-8324-1126ac1cb2a6@group-195B4753F061-LeaderElection28: begin an election at term 1 for -1: [14556118-8144-4117-8324-1126ac1cb2a6:192.168.5.134:39835], old=null
2019-10-12 10:41:24,617 [14556118-8144-4117-8324-1126ac1cb2a6@group-195B4753F061-LeaderElection28] INFO  impl.RoleInfo (RoleInfo.java:shutdownLeaderElection(134)) - 14556118-8144-4117-8324-1126ac1cb2a6: shutdown LeaderElection
2019-10-12 10:41:24,617 [14556118-8144-4117-8324-1126ac1cb2a6@group-195B4753F061-LeaderElection28] INFO  impl.RaftServerImpl (RaftServerImpl.java:setRole(170)) - 14556118-8144-4117-8324-1126ac1cb2a6@group-195B4753F061: changes role from CANDIDATE to LEADER at term 1 for changeToLeader
2019-10-12 10:41:24,618 [14556118-8144-4117-8324-1126ac1cb2a6@group-195B4753F061-LeaderElection28] INFO  impl.RaftServerImpl (ServerState.java:setLeader(255)) - 14556118-8144-4117-8324-1126ac1cb2a6@group-195B4753F061: change Leader from null to 14556118-8144-4117-8324-1126ac1cb2a6 at term 1 for becomeLeader, leader elected after 5167ms
2019-10-12 10:41:24,618 [14556118-8144-4117-8324-1126ac1cb2a6@group-195B4753F061-LeaderElection28] INFO  server.RaftServerConfigKeys (ConfUtils.java:logGet(43)) - raft.server.staging.catchup.gap = 1000 (default)
2019-10-12 10:41:24,618 [14556118-8144-4117-8324-1126ac1cb2a6@group-195B4753F061-LeaderElection28] INFO  server.RaftServerConfigKeys (ConfUtils.java:logGet(43)) - raft.server.rpc.sleep.time = 25ms (default)
2019-10-12 10:41:24,618 [14556118-8144-4117-8324-1126ac1cb2a6@group-195B4753F061-LeaderElection28] INFO  server.RaftServerConfigKeys (ConfUtils.java:logGet(43)) - raft.server.write.element-limit = 4096 (default)
2019-10-12 10:41:24,618 [14556118-8144-4117-8324-1126ac1cb2a6@group-195B4753F061-LeaderElection28] INFO  server.RaftServerConfigKeys (ConfUtils.java:logGet(43)) - raft.server.watch.timeout = 10s (default)
2019-10-12 10:41:24,618 [14556118-8144-4117-8324-1126ac1cb2a6@group-195B4753F061-LeaderElection28] INFO  server.RaftServerConfigKeys (ConfUtils.java:logGet(43)) - raft.server.watch.timeout.denomination = 1s (default)
2019-10-12 10:41:24,619 [14556118-8144-4117-8324-1126ac1cb2a6@group-195B4753F061-LeaderElection28] INFO  server.RaftServerConfigKeys (ConfUtils.java:logGet(43)) - raft.server.watch.element-limit = 65536 (default)
2019-10-12 10:41:24,619 [grpc-default-executor-4] INFO  impl.RaftServerImpl (ServerState.java:setLeader(255)) - 14556118-8144-4117-8324-1126ac1cb2a6@group-2943DE0C8191: change Leader from null to 0ef3defa-20aa-4816-9881-210631c2b677 at term 1 for appendEntries, leader elected after 5137ms
2019-10-12 10:41:24,619 [grpc-default-executor-12] INFO  impl.RaftServerImpl (ServerState.java:setLeader(255)) - 613f4f72-aa2b-4fc8-96c5-2be837cde81d@group-2943DE0C8191: change Leader from null to 0ef3defa-20aa-4816-9881-210631c2b677 at term 1 for appendEntries, leader elected after 5252ms
2019-10-12 10:41:24,627 [14556118-8144-4117-8324-1126ac1cb2a6@group-195B4753F061-LeaderElection28] INFO  impl.RoleInfo (RoleInfo.java:updateAndGet(143)) - 14556118-8144-4117-8324-1126ac1cb2a6: start LeaderState
2019-10-12 10:41:24,627 [14556118-8144-4117-8324-1126ac1cb2a6@group-195B4753F061-LeaderElection28] INFO  segmented.SegmentedRaftLogWorker (SegmentedRaftLogWorker.java:startLogSegment(385)) - 14556118-8144-4117-8324-1126ac1cb2a6@group-195B4753F061-SegmentedRaftLogWorker: Starting segment from index:0
2019-10-12 10:41:24,628 [14556118-8144-4117-8324-1126ac1cb2a6@group-195B4753F061-LeaderElection28] INFO  impl.RaftServerImpl (ServerState.java:setRaftConf(356)) - 14556118-8144-4117-8324-1126ac1cb2a6@group-195B4753F061: set configuration 0: [14556118-8144-4117-8324-1126ac1cb2a6:192.168.5.134:39835], old=null at 0
2019-10-12 10:41:24,630 [0ef3defa-20aa-4816-9881-210631c2b677@group-2943DE0C8191-SegmentedRaftLogWorker] INFO  segmented.SegmentedRaftLogWorker (SegmentedRaftLogWorker.java:execute(574)) - 0ef3defa-20aa-4816-9881-210631c2b677@group-2943DE0C8191-SegmentedRaftLogWorker: created new log segment /workdir/hadoop-ozone/integration-test/target/test-dir/MiniOzoneClusterImpl-cf0cf180-5432-4e6c-a6d7-fa1470a5ccd4/datanode-1/data/ratis/f4a9a7f0-f047-41ce-8c90-2943de0c8191/current/log_inprogress_0
2019-10-12 10:41:24,667 [grpc-default-executor-4] INFO  impl.RaftServerImpl (ServerState.java:setRaftConf(356)) - 14556118-8144-4117-8324-1126ac1cb2a6@group-2943DE0C8191: set configuration 0: [0ef3defa-20aa-4816-9881-210631c2b677:192.168.5.134:34597, 14556118-8144-4117-8324-1126ac1cb2a6:192.168.5.134:39835, 613f4f72-aa2b-4fc8-96c5-2be837cde81d:192.168.5.134:37914], old=null at 0
2019-10-12 10:41:24,667 [grpc-default-executor-12] INFO  impl.RaftServerImpl (ServerState.java:setRaftConf(356)) - 613f4f72-aa2b-4fc8-96c5-2be837cde81d@group-2943DE0C8191: set configuration 0: [0ef3defa-20aa-4816-9881-210631c2b677:192.168.5.134:34597, 14556118-8144-4117-8324-1126ac1cb2a6:192.168.5.134:39835, 613f4f72-aa2b-4fc8-96c5-2be837cde81d:192.168.5.134:37914], old=null at 0
2019-10-12 10:41:24,668 [grpc-default-executor-4] INFO  segmented.SegmentedRaftLogWorker (SegmentedRaftLogWorker.java:startLogSegment(385)) - 14556118-8144-4117-8324-1126ac1cb2a6@group-2943DE0C8191-SegmentedRaftLogWorker: Starting segment from index:0
2019-10-12 10:41:24,668 [grpc-default-executor-12] INFO  segmented.SegmentedRaftLogWorker (SegmentedRaftLogWorker.java:startLogSegment(385)) - 613f4f72-aa2b-4fc8-96c5-2be837cde81d@group-2943DE0C8191-SegmentedRaftLogWorker: Starting segment from index:0
2019-10-12 10:41:24,678 [14556118-8144-4117-8324-1126ac1cb2a6@group-195B4753F061-SegmentedRaftLogWorker] INFO  segmented.SegmentedRaftLogWorker (SegmentedRaftLogWorker.java:execute(574)) - 14556118-8144-4117-8324-1126ac1cb2a6@group-195B4753F061-SegmentedRaftLogWorker: created new log segment /workdir/hadoop-ozone/integration-test/target/test-dir/MiniOzoneClusterImpl-cf0cf180-5432-4e6c-a6d7-fa1470a5ccd4/datanode-2/data/ratis/32ef7a16-84f0-4863-b3f4-195b4753f061/current/log_inprogress_0
2019-10-12 10:41:24,714 [613f4f72-aa2b-4fc8-96c5-2be837cde81d@group-2943DE0C8191-SegmentedRaftLogWorker] INFO  segmented.SegmentedRaftLogWorker (SegmentedRaftLogWorker.java:execute(574)) - 613f4f72-aa2b-4fc8-96c5-2be837cde81d@group-2943DE0C8191-SegmentedRaftLogWorker: created new log segment /workdir/hadoop-ozone/integration-test/target/test-dir/MiniOzoneClusterImpl-cf0cf180-5432-4e6c-a6d7-fa1470a5ccd4/datanode-0/data/ratis/f4a9a7f0-f047-41ce-8c90-2943de0c8191/current/log_inprogress_0
2019-10-12 10:41:24,714 [14556118-8144-4117-8324-1126ac1cb2a6@group-2943DE0C8191-SegmentedRaftLogWorker] INFO  segmented.SegmentedRaftLogWorker (SegmentedRaftLogWorker.java:execute(574)) - 14556118-8144-4117-8324-1126ac1cb2a6@group-2943DE0C8191-SegmentedRaftLogWorker: created new log segment /workdir/hadoop-ozone/integration-test/target/test-dir/MiniOzoneClusterImpl-cf0cf180-5432-4e6c-a6d7-fa1470a5ccd4/datanode-2/data/ratis/f4a9a7f0-f047-41ce-8c90-2943de0c8191/current/log_inprogress_0
2019-10-12 10:41:24,801 [Thread-709] INFO  impl.FollowerState (FollowerState.java:run(108)) - 3e303de4-627b-4a84-82db-195dcd8c66ae@group-2316E062DCBB-FollowerState: change to CANDIDATE, lastRpcTime:5036ms, electionTimeout:5036ms
2019-10-12 10:41:24,801 [Thread-709] INFO  impl.RoleInfo (RoleInfo.java:shutdownFollowerState(121)) - 3e303de4-627b-4a84-82db-195dcd8c66ae: shutdown FollowerState
2019-10-12 10:41:24,801 [Thread-709] INFO  impl.RaftServerImpl (RaftServerImpl.java:setRole(170)) - 3e303de4-627b-4a84-82db-195dcd8c66ae@group-2316E062DCBB: changes role from  FOLLOWER to CANDIDATE at term 0 for changeToCandidate
2019-10-12 10:41:24,802 [Thread-709] INFO  impl.RoleInfo (RoleInfo.java:updateAndGet(143)) - 3e303de4-627b-4a84-82db-195dcd8c66ae: start LeaderElection
2019-10-12 10:41:24,820 [3e303de4-627b-4a84-82db-195dcd8c66ae@group-2316E062DCBB-LeaderElection29] INFO  impl.LeaderElection (LeaderElection.java:askForVotes(178)) - 3e303de4-627b-4a84-82db-195dcd8c66ae@group-2316E062DCBB-LeaderElection29: begin an election at term 1 for -1: [3e303de4-627b-4a84-82db-195dcd8c66ae:192.168.5.134:33739], old=null
2019-10-12 10:41:24,821 [3e303de4-627b-4a84-82db-195dcd8c66ae@group-2316E062DCBB-LeaderElection29] INFO  impl.RoleInfo (RoleInfo.java:shutdownLeaderElection(134)) - 3e303de4-627b-4a84-82db-195dcd8c66ae: shutdown LeaderElection
2019-10-12 10:41:24,821 [3e303de4-627b-4a84-82db-195dcd8c66ae@group-2316E062DCBB-LeaderElection29] INFO  impl.RaftServerImpl (RaftServerImpl.java:setRole(170)) - 3e303de4-627b-4a84-82db-195dcd8c66ae@group-2316E062DCBB: changes role from CANDIDATE to LEADER at term 1 for changeToLeader
2019-10-12 10:41:24,821 [3e303de4-627b-4a84-82db-195dcd8c66ae@group-2316E062DCBB-LeaderElection29] INFO  impl.RaftServerImpl (ServerState.java:setLeader(255)) - 3e303de4-627b-4a84-82db-195dcd8c66ae@group-2316E062DCBB: change Leader from null to 3e303de4-627b-4a84-82db-195dcd8c66ae at term 1 for becomeLeader, leader elected after 5068ms
2019-10-12 10:41:24,821 [3e303de4-627b-4a84-82db-195dcd8c66ae@group-2316E062DCBB-LeaderElection29] INFO  server.RaftServerConfigKeys (ConfUtils.java:logGet(43)) - raft.server.staging.catchup.gap = 1000 (default)
2019-10-12 10:41:24,821 [3e303de4-627b-4a84-82db-195dcd8c66ae@group-2316E062DCBB-LeaderElection29] INFO  server.RaftServerConfigKeys (ConfUtils.java:logGet(43)) - raft.server.rpc.sleep.time = 25ms (default)
2019-10-12 10:41:24,821 [3e303de4-627b-4a84-82db-195dcd8c66ae@group-2316E062DCBB-LeaderElection29] INFO  server.RaftServerConfigKeys (ConfUtils.java:logGet(43)) - raft.server.write.element-limit = 4096 (default)
2019-10-12 10:41:24,821 [3e303de4-627b-4a84-82db-195dcd8c66ae@group-2316E062DCBB-LeaderElection29] INFO  server.RaftServerConfigKeys (ConfUtils.java:logGet(43)) - raft.server.watch.timeout = 10s (default)
2019-10-12 10:41:24,821 [3e303de4-627b-4a84-82db-195dcd8c66ae@group-2316E062DCBB-LeaderElection29] INFO  server.RaftServerConfigKeys (ConfUtils.java:logGet(43)) - raft.server.watch.timeout.denomination = 1s (default)
2019-10-12 10:41:24,822 [3e303de4-627b-4a84-82db-195dcd8c66ae@group-2316E062DCBB-LeaderElection29] INFO  server.RaftServerConfigKeys (ConfUtils.java:logGet(43)) - raft.server.watch.element-limit = 65536 (default)
2019-10-12 10:41:24,823 [3e303de4-627b-4a84-82db-195dcd8c66ae@group-2316E062DCBB-LeaderElection29] INFO  impl.RoleInfo (RoleInfo.java:updateAndGet(143)) - 3e303de4-627b-4a84-82db-195dcd8c66ae: start LeaderState
2019-10-12 10:41:24,824 [3e303de4-627b-4a84-82db-195dcd8c66ae@group-2316E062DCBB-LeaderElection29] INFO  segmented.SegmentedRaftLogWorker (SegmentedRaftLogWorker.java:startLogSegment(385)) - 3e303de4-627b-4a84-82db-195dcd8c66ae@group-2316E062DCBB-SegmentedRaftLogWorker: Starting segment from index:0
2019-10-12 10:41:24,824 [3e303de4-627b-4a84-82db-195dcd8c66ae@group-2316E062DCBB-LeaderElection29] INFO  impl.RaftServerImpl (ServerState.java:setRaftConf(356)) - 3e303de4-627b-4a84-82db-195dcd8c66ae@group-2316E062DCBB: set configuration 0: [3e303de4-627b-4a84-82db-195dcd8c66ae:192.168.5.134:33739], old=null at 0
2019-10-12 10:41:24,845 [Thread-715] INFO  impl.FollowerState (FollowerState.java:run(108)) - 773db779-bc95-4000-bcf3-5bb0ad76e127@group-938689596661-FollowerState: change to CANDIDATE, lastRpcTime:5048ms, electionTimeout:5048ms
2019-10-12 10:41:24,845 [Thread-715] INFO  impl.RoleInfo (RoleInfo.java:shutdownFollowerState(121)) - 773db779-bc95-4000-bcf3-5bb0ad76e127: shutdown FollowerState
2019-10-12 10:41:24,845 [Thread-715] INFO  impl.RaftServerImpl (RaftServerImpl.java:setRole(170)) - 773db779-bc95-4000-bcf3-5bb0ad76e127@group-938689596661: changes role from  FOLLOWER to CANDIDATE at term 0 for changeToCandidate
2019-10-12 10:41:24,845 [Thread-715] INFO  impl.RoleInfo (RoleInfo.java:updateAndGet(143)) - 773db779-bc95-4000-bcf3-5bb0ad76e127: start LeaderElection
2019-10-12 10:41:24,863 [Thread-711] INFO  impl.FollowerState (FollowerState.java:run(108)) - fc1c4701-b87c-4596-89e6-9d7f14f3dc27@group-F6230F0684E0-FollowerState: change to CANDIDATE, lastRpcTime:5072ms, electionTimeout:5060ms
2019-10-12 10:41:24,866 [Thread-711] INFO  impl.RoleInfo (RoleInfo.java:shutdownFollowerState(121)) - fc1c4701-b87c-4596-89e6-9d7f14f3dc27: shutdown FollowerState
2019-10-12 10:41:24,867 [Thread-711] INFO  impl.RaftServerImpl (RaftServerImpl.java:setRole(170)) - fc1c4701-b87c-4596-89e6-9d7f14f3dc27@group-F6230F0684E0: changes role from  FOLLOWER to CANDIDATE at term 0 for changeToCandidate
2019-10-12 10:41:24,867 [Thread-711] INFO  impl.RoleInfo (RoleInfo.java:updateAndGet(143)) - fc1c4701-b87c-4596-89e6-9d7f14f3dc27: start LeaderElection
2019-10-12 10:41:24,876 [3e303de4-627b-4a84-82db-195dcd8c66ae@group-2316E062DCBB-SegmentedRaftLogWorker] INFO  segmented.SegmentedRaftLogWorker (SegmentedRaftLogWorker.java:execute(574)) - 3e303de4-627b-4a84-82db-195dcd8c66ae@group-2316E062DCBB-SegmentedRaftLogWorker: created new log segment /workdir/hadoop-ozone/integration-test/target/test-dir/MiniOzoneClusterImpl-cf0cf180-5432-4e6c-a6d7-fa1470a5ccd4/datanode-3/data/ratis/71a8161d-8092-4d8e-8a87-2316e062dcbb/current/log_inprogress_0
2019-10-12 10:41:24,877 [fc1c4701-b87c-4596-89e6-9d7f14f3dc27@group-F6230F0684E0-LeaderElection31] INFO  impl.LeaderElection (LeaderElection.java:askForVotes(178)) - fc1c4701-b87c-4596-89e6-9d7f14f3dc27@group-F6230F0684E0-LeaderElection31: begin an election at term 1 for -1: [fc1c4701-b87c-4596-89e6-9d7f14f3dc27:192.168.5.134:46294], old=null
2019-10-12 10:41:24,877 [773db779-bc95-4000-bcf3-5bb0ad76e127@group-938689596661-LeaderElection30] INFO  impl.LeaderElection (LeaderElection.java:askForVotes(178)) - 773db779-bc95-4000-bcf3-5bb0ad76e127@group-938689596661-LeaderElection30: begin an election at term 1 for -1: [773db779-bc95-4000-bcf3-5bb0ad76e127:192.168.5.134:46293], old=null
2019-10-12 10:41:24,877 [fc1c4701-b87c-4596-89e6-9d7f14f3dc27@group-F6230F0684E0-LeaderElection31] INFO  impl.RoleInfo (RoleInfo.java:shutdownLeaderElection(134)) - fc1c4701-b87c-4596-89e6-9d7f14f3dc27: shutdown LeaderElection
2019-10-12 10:41:24,877 [773db779-bc95-4000-bcf3-5bb0ad76e127@group-938689596661-LeaderElection30] INFO  impl.RoleInfo (RoleInfo.java:shutdownLeaderElection(134)) - 773db779-bc95-4000-bcf3-5bb0ad76e127: shutdown LeaderElection
2019-10-12 10:41:24,877 [fc1c4701-b87c-4596-89e6-9d7f14f3dc27@group-F6230F0684E0-LeaderElection31] INFO  impl.RaftServerImpl (RaftServerImpl.java:setRole(170)) - fc1c4701-b87c-4596-89e6-9d7f14f3dc27@group-F6230F0684E0: changes role from CANDIDATE to LEADER at term 1 for changeToLeader
2019-10-12 10:41:24,877 [773db779-bc95-4000-bcf3-5bb0ad76e127@group-938689596661-LeaderElection30] INFO  impl.RaftServerImpl (RaftServerImpl.java:setRole(170)) - 773db779-bc95-4000-bcf3-5bb0ad76e127@group-938689596661: changes role from CANDIDATE to LEADER at term 1 for changeToLeader
2019-10-12 10:41:24,877 [fc1c4701-b87c-4596-89e6-9d7f14f3dc27@group-F6230F0684E0-LeaderElection31] INFO  impl.RaftServerImpl (ServerState.java:setLeader(255)) - fc1c4701-b87c-4596-89e6-9d7f14f3dc27@group-F6230F0684E0: change Leader from null to fc1c4701-b87c-4596-89e6-9d7f14f3dc27 at term 1 for becomeLeader, leader elected after 5097ms
2019-10-12 10:41:24,877 [773db779-bc95-4000-bcf3-5bb0ad76e127@group-938689596661-LeaderElection30] INFO  impl.RaftServerImpl (ServerState.java:setLeader(255)) - 773db779-bc95-4000-bcf3-5bb0ad76e127@group-938689596661: change Leader from null to 773db779-bc95-4000-bcf3-5bb0ad76e127 at term 1 for becomeLeader, leader elected after 5097ms
2019-10-12 10:41:24,877 [fc1c4701-b87c-4596-89e6-9d7f14f3dc27@group-F6230F0684E0-LeaderElection31] INFO  server.RaftServerConfigKeys (ConfUtils.java:logGet(43)) - raft.server.staging.catchup.gap = 1000 (default)
2019-10-12 10:41:24,878 [773db779-bc95-4000-bcf3-5bb0ad76e127@group-938689596661-LeaderElection30] INFO  server.RaftServerConfigKeys (ConfUtils.java:logGet(43)) - raft.server.staging.catchup.gap = 1000 (default)
2019-10-12 10:41:24,878 [fc1c4701-b87c-4596-89e6-9d7f14f3dc27@group-F6230F0684E0-LeaderElection31] INFO  server.RaftServerConfigKeys (ConfUtils.java:logGet(43)) - raft.server.rpc.sleep.time = 25ms (default)
2019-10-12 10:41:24,878 [773db779-bc95-4000-bcf3-5bb0ad76e127@group-938689596661-LeaderElection30] INFO  server.RaftServerConfigKeys (ConfUtils.java:logGet(43)) - raft.server.rpc.sleep.time = 25ms (default)
2019-10-12 10:41:24,878 [fc1c4701-b87c-4596-89e6-9d7f14f3dc27@group-F6230F0684E0-LeaderElection31] INFO  server.RaftServerConfigKeys (ConfUtils.java:logGet(43)) - raft.server.write.element-limit = 4096 (default)
2019-10-12 10:41:24,878 [773db779-bc95-4000-bcf3-5bb0ad76e127@group-938689596661-LeaderElection30] INFO  server.RaftServerConfigKeys (ConfUtils.java:logGet(43)) - raft.server.write.element-limit = 4096 (default)
2019-10-12 10:41:24,878 [fc1c4701-b87c-4596-89e6-9d7f14f3dc27@group-F6230F0684E0-LeaderElection31] INFO  server.RaftServerConfigKeys (ConfUtils.java:logGet(43)) - raft.server.watch.timeout = 10s (default)
2019-10-12 10:41:24,878 [773db779-bc95-4000-bcf3-5bb0ad76e127@group-938689596661-LeaderElection30] INFO  server.RaftServerConfigKeys (ConfUtils.java:logGet(43)) - raft.server.watch.timeout = 10s (default)
2019-10-12 10:41:24,878 [fc1c4701-b87c-4596-89e6-9d7f14f3dc27@group-F6230F0684E0-LeaderElection31] INFO  server.RaftServerConfigKeys (ConfUtils.java:logGet(43)) - raft.server.watch.timeout.denomination = 1s (default)
2019-10-12 10:41:24,878 [773db779-bc95-4000-bcf3-5bb0ad76e127@group-938689596661-LeaderElection30] INFO  server.RaftServerConfigKeys (ConfUtils.java:logGet(43)) - raft.server.watch.timeout.denomination = 1s (default)
2019-10-12 10:41:24,878 [fc1c4701-b87c-4596-89e6-9d7f14f3dc27@group-F6230F0684E0-LeaderElection31] INFO  server.RaftServerConfigKeys (ConfUtils.java:logGet(43)) - raft.server.watch.element-limit = 65536 (default)
2019-10-12 10:41:24,878 [773db779-bc95-4000-bcf3-5bb0ad76e127@group-938689596661-LeaderElection30] INFO  server.RaftServerConfigKeys (ConfUtils.java:logGet(43)) - raft.server.watch.element-limit = 65536 (default)
2019-10-12 10:41:24,881 [fc1c4701-b87c-4596-89e6-9d7f14f3dc27@group-F6230F0684E0-LeaderElection31] INFO  impl.RoleInfo (RoleInfo.java:updateAndGet(143)) - fc1c4701-b87c-4596-89e6-9d7f14f3dc27: start LeaderState
2019-10-12 10:41:24,881 [773db779-bc95-4000-bcf3-5bb0ad76e127@group-938689596661-LeaderElection30] INFO  impl.RoleInfo (RoleInfo.java:updateAndGet(143)) - 773db779-bc95-4000-bcf3-5bb0ad76e127: start LeaderState
2019-10-12 10:41:24,881 [fc1c4701-b87c-4596-89e6-9d7f14f3dc27@group-F6230F0684E0-LeaderElection31] INFO  segmented.SegmentedRaftLogWorker (SegmentedRaftLogWorker.java:startLogSegment(385)) - fc1c4701-b87c-4596-89e6-9d7f14f3dc27@group-F6230F0684E0-SegmentedRaftLogWorker: Starting segment from index:0
2019-10-12 10:41:24,881 [773db779-bc95-4000-bcf3-5bb0ad76e127@group-938689596661-LeaderElection30] INFO  segmented.SegmentedRaftLogWorker (SegmentedRaftLogWorker.java:startLogSegment(385)) - 773db779-bc95-4000-bcf3-5bb0ad76e127@group-938689596661-SegmentedRaftLogWorker: Starting segment from index:0
2019-10-12 10:41:24,882 [fc1c4701-b87c-4596-89e6-9d7f14f3dc27@group-F6230F0684E0-LeaderElection31] INFO  impl.RaftServerImpl (ServerState.java:setRaftConf(356)) - fc1c4701-b87c-4596-89e6-9d7f14f3dc27@group-F6230F0684E0: set configuration 0: [fc1c4701-b87c-4596-89e6-9d7f14f3dc27:192.168.5.134:46294], old=null at 0
2019-10-12 10:41:24,882 [773db779-bc95-4000-bcf3-5bb0ad76e127@group-938689596661-LeaderElection30] INFO  impl.RaftServerImpl (ServerState.java:setRaftConf(356)) - 773db779-bc95-4000-bcf3-5bb0ad76e127@group-938689596661: set configuration 0: [773db779-bc95-4000-bcf3-5bb0ad76e127:192.168.5.134:46293], old=null at 0
2019-10-12 10:41:24,896 [Thread-716] INFO  impl.FollowerState (FollowerState.java:run(108)) - c99c1d44-e107-4576-970c-049b31509362@group-F085E0C28B04-FollowerState: change to CANDIDATE, lastRpcTime:5098ms, electionTimeout:5098ms
2019-10-12 10:41:24,896 [Thread-716] INFO  impl.RoleInfo (RoleInfo.java:shutdownFollowerState(121)) - c99c1d44-e107-4576-970c-049b31509362: shutdown FollowerState
2019-10-12 10:41:24,896 [Thread-716] INFO  impl.RaftServerImpl (RaftServerImpl.java:setRole(170)) - c99c1d44-e107-4576-970c-049b31509362@group-F085E0C28B04: changes role from  FOLLOWER to CANDIDATE at term 0 for changeToCandidate
2019-10-12 10:41:24,896 [Thread-716] INFO  impl.RoleInfo (RoleInfo.java:updateAndGet(143)) - c99c1d44-e107-4576-970c-049b31509362: start LeaderElection
2019-10-12 10:41:24,923 [Thread-721] INFO  impl.FollowerState (FollowerState.java:run(108)) - c99c1d44-e107-4576-970c-049b31509362@group-BCE11E1A6885-FollowerState: change to CANDIDATE, lastRpcTime:5062ms, electionTimeout:5049ms
2019-10-12 10:41:24,923 [Thread-717] INFO  impl.FollowerState (FollowerState.java:run(108)) - 3e303de4-627b-4a84-82db-195dcd8c66ae@group-BCE11E1A6885-FollowerState: change to CANDIDATE, lastRpcTime:5120ms, electionTimeout:5102ms
2019-10-12 10:41:24,925 [Thread-721] INFO  impl.RoleInfo (RoleInfo.java:shutdownFollowerState(121)) - c99c1d44-e107-4576-970c-049b31509362: shutdown FollowerState
2019-10-12 10:41:24,925 [Thread-717] INFO  impl.RoleInfo (RoleInfo.java:shutdownFollowerState(121)) - 3e303de4-627b-4a84-82db-195dcd8c66ae: shutdown FollowerState
2019-10-12 10:41:24,925 [Thread-721] INFO  impl.RaftServerImpl (RaftServerImpl.java:setRole(170)) - c99c1d44-e107-4576-970c-049b31509362@group-BCE11E1A6885: changes role from  FOLLOWER to CANDIDATE at term 0 for changeToCandidate
2019-10-12 10:41:24,925 [Thread-717] INFO  impl.RaftServerImpl (RaftServerImpl.java:setRole(170)) - 3e303de4-627b-4a84-82db-195dcd8c66ae@group-BCE11E1A6885: changes role from  FOLLOWER to CANDIDATE at term 0 for changeToCandidate
2019-10-12 10:41:24,925 [Thread-721] INFO  impl.RoleInfo (RoleInfo.java:updateAndGet(143)) - c99c1d44-e107-4576-970c-049b31509362: start LeaderElection
2019-10-12 10:41:24,925 [Thread-717] INFO  impl.RoleInfo (RoleInfo.java:updateAndGet(143)) - 3e303de4-627b-4a84-82db-195dcd8c66ae: start LeaderElection
2019-10-12 10:41:24,928 [Thread-720] INFO  impl.FollowerState (FollowerState.java:run(108)) - fc1c4701-b87c-4596-89e6-9d7f14f3dc27@group-BCE11E1A6885-FollowerState: change to CANDIDATE, lastRpcTime:5068ms, electionTimeout:5068ms
2019-10-12 10:41:24,928 [Thread-720] INFO  impl.RoleInfo (RoleInfo.java:shutdownFollowerState(121)) - fc1c4701-b87c-4596-89e6-9d7f14f3dc27: shutdown FollowerState
2019-10-12 10:41:24,930 [Thread-720] INFO  impl.RaftServerImpl (RaftServerImpl.java:setRole(170)) - fc1c4701-b87c-4596-89e6-9d7f14f3dc27@group-BCE11E1A6885: changes role from  FOLLOWER to CANDIDATE at term 0 for changeToCandidate
2019-10-12 10:41:24,931 [Thread-720] INFO  impl.RoleInfo (RoleInfo.java:updateAndGet(143)) - fc1c4701-b87c-4596-89e6-9d7f14f3dc27: start LeaderElection
2019-10-12 10:41:24,936 [fc1c4701-b87c-4596-89e6-9d7f14f3dc27@group-F6230F0684E0-SegmentedRaftLogWorker] INFO  segmented.SegmentedRaftLogWorker (SegmentedRaftLogWorker.java:execute(574)) - fc1c4701-b87c-4596-89e6-9d7f14f3dc27@group-F6230F0684E0-SegmentedRaftLogWorker: created new log segment /workdir/hadoop-ozone/integration-test/target/test-dir/MiniOzoneClusterImpl-cf0cf180-5432-4e6c-a6d7-fa1470a5ccd4/datanode-5/data/ratis/1f1d9a25-1f8b-4484-9800-f6230f0684e0/current/log_inprogress_0
2019-10-12 10:41:24,936 [773db779-bc95-4000-bcf3-5bb0ad76e127@group-938689596661-SegmentedRaftLogWorker] INFO  segmented.SegmentedRaftLogWorker (SegmentedRaftLogWorker.java:execute(574)) - 773db779-bc95-4000-bcf3-5bb0ad76e127@group-938689596661-SegmentedRaftLogWorker: created new log segment /workdir/hadoop-ozone/integration-test/target/test-dir/MiniOzoneClusterImpl-cf0cf180-5432-4e6c-a6d7-fa1470a5ccd4/datanode-6/data/ratis/a35540e7-00e9-4756-ac02-938689596661/current/log_inprogress_0
2019-10-12 10:41:24,936 [c99c1d44-e107-4576-970c-049b31509362@group-F085E0C28B04-LeaderElection32] INFO  impl.LeaderElection (LeaderElection.java:askForVotes(178)) - c99c1d44-e107-4576-970c-049b31509362@group-F085E0C28B04-LeaderElection32: begin an election at term 1 for -1: [c99c1d44-e107-4576-970c-049b31509362:192.168.5.134:45754], old=null
2019-10-12 10:41:24,936 [c99c1d44-e107-4576-970c-049b31509362@group-F085E0C28B04-LeaderElection32] INFO  impl.RoleInfo (RoleInfo.java:shutdownLeaderElection(134)) - c99c1d44-e107-4576-970c-049b31509362: shutdown LeaderElection
2019-10-12 10:41:24,936 [c99c1d44-e107-4576-970c-049b31509362@group-F085E0C28B04-LeaderElection32] INFO  impl.RaftServerImpl (RaftServerImpl.java:setRole(170)) - c99c1d44-e107-4576-970c-049b31509362@group-F085E0C28B04: changes role from CANDIDATE to LEADER at term 1 for changeToLeader
2019-10-12 10:41:24,936 [c99c1d44-e107-4576-970c-049b31509362@group-F085E0C28B04-LeaderElection32] INFO  impl.RaftServerImpl (ServerState.java:setLeader(255)) - c99c1d44-e107-4576-970c-049b31509362@group-F085E0C28B04: change Leader from null to c99c1d44-e107-4576-970c-049b31509362 at term 1 for becomeLeader, leader elected after 5156ms
2019-10-12 10:41:24,936 [c99c1d44-e107-4576-970c-049b31509362@group-F085E0C28B04-LeaderElection32] INFO  server.RaftServerConfigKeys (ConfUtils.java:logGet(43)) - raft.server.staging.catchup.gap = 1000 (default)
2019-10-12 10:41:24,937 [c99c1d44-e107-4576-970c-049b31509362@group-F085E0C28B04-LeaderElection32] INFO  server.RaftServerConfigKeys (ConfUtils.java:logGet(43)) - raft.server.rpc.sleep.time = 25ms (default)
2019-10-12 10:41:24,937 [c99c1d44-e107-4576-970c-049b31509362@group-F085E0C28B04-LeaderElection32] INFO  server.RaftServerConfigKeys (ConfUtils.java:logGet(43)) - raft.server.write.element-limit = 4096 (default)
2019-10-12 10:41:24,937 [c99c1d44-e107-4576-970c-049b31509362@group-F085E0C28B04-LeaderElection32] INFO  server.RaftServerConfigKeys (ConfUtils.java:logGet(43)) - raft.server.watch.timeout = 10s (default)
2019-10-12 10:41:24,937 [c99c1d44-e107-4576-970c-049b31509362@group-F085E0C28B04-LeaderElection32] INFO  server.RaftServerConfigKeys (ConfUtils.java:logGet(43)) - raft.server.watch.timeout.denomination = 1s (default)
2019-10-12 10:41:24,937 [c99c1d44-e107-4576-970c-049b31509362@group-F085E0C28B04-LeaderElection32] INFO  server.RaftServerConfigKeys (ConfUtils.java:logGet(43)) - raft.server.watch.element-limit = 65536 (default)
2019-10-12 10:41:24,939 [3e303de4-627b-4a84-82db-195dcd8c66ae@group-BCE11E1A6885-LeaderElection34] INFO  impl.LeaderElection (LeaderElection.java:askForVotes(178)) - 3e303de4-627b-4a84-82db-195dcd8c66ae@group-BCE11E1A6885-LeaderElection34: begin an election at term 1 for -1: [3e303de4-627b-4a84-82db-195dcd8c66ae:192.168.5.134:33739, fc1c4701-b87c-4596-89e6-9d7f14f3dc27:192.168.5.134:46294, c99c1d44-e107-4576-970c-049b31509362:192.168.5.134:45754], old=null
2019-10-12 10:41:24,939 [c99c1d44-e107-4576-970c-049b31509362@group-BCE11E1A6885-LeaderElection33] INFO  impl.LeaderElection (LeaderElection.java:askForVotes(178)) - c99c1d44-e107-4576-970c-049b31509362@group-BCE11E1A6885-LeaderElection33: begin an election at term 1 for -1: [3e303de4-627b-4a84-82db-195dcd8c66ae:192.168.5.134:33739, fc1c4701-b87c-4596-89e6-9d7f14f3dc27:192.168.5.134:46294, c99c1d44-e107-4576-970c-049b31509362:192.168.5.134:45754], old=null
2019-10-12 10:41:24,939 [fc1c4701-b87c-4596-89e6-9d7f14f3dc27@group-BCE11E1A6885-LeaderElection35] INFO  impl.LeaderElection (LeaderElection.java:askForVotes(178)) - fc1c4701-b87c-4596-89e6-9d7f14f3dc27@group-BCE11E1A6885-LeaderElection35: begin an election at term 1 for -1: [3e303de4-627b-4a84-82db-195dcd8c66ae:192.168.5.134:33739, fc1c4701-b87c-4596-89e6-9d7f14f3dc27:192.168.5.134:46294, c99c1d44-e107-4576-970c-049b31509362:192.168.5.134:45754], old=null
2019-10-12 10:41:24,940 [c99c1d44-e107-4576-970c-049b31509362@group-F085E0C28B04-LeaderElection32] INFO  impl.RoleInfo (RoleInfo.java:updateAndGet(143)) - c99c1d44-e107-4576-970c-049b31509362: start LeaderState
2019-10-12 10:41:24,947 [c99c1d44-e107-4576-970c-049b31509362@group-F085E0C28B04-LeaderElection32] INFO  segmented.SegmentedRaftLogWorker (SegmentedRaftLogWorker.java:startLogSegment(385)) - c99c1d44-e107-4576-970c-049b31509362@group-F085E0C28B04-SegmentedRaftLogWorker: Starting segment from index:0
2019-10-12 10:41:24,950 [c99c1d44-e107-4576-970c-049b31509362@group-F085E0C28B04-LeaderElection32] INFO  impl.RaftServerImpl (ServerState.java:setRaftConf(356)) - c99c1d44-e107-4576-970c-049b31509362@group-F085E0C28B04: set configuration 0: [c99c1d44-e107-4576-970c-049b31509362:192.168.5.134:45754], old=null at 0
2019-10-12 10:41:24,990 [c99c1d44-e107-4576-970c-049b31509362@group-F085E0C28B04-SegmentedRaftLogWorker] INFO  segmented.SegmentedRaftLogWorker (SegmentedRaftLogWorker.java:execute(574)) - c99c1d44-e107-4576-970c-049b31509362@group-F085E0C28B04-SegmentedRaftLogWorker: created new log segment /workdir/hadoop-ozone/integration-test/target/test-dir/MiniOzoneClusterImpl-cf0cf180-5432-4e6c-a6d7-fa1470a5ccd4/datanode-4/data/ratis/f0359a43-79f4-40dc-a0cd-f085e0c28b04/current/log_inprogress_0
2019-10-12 10:41:24,999 [fc1c4701-b87c-4596-89e6-9d7f14f3dc27@group-BCE11E1A6885-LeaderElection35] INFO  impl.LeaderElection (LeaderElection.java:logAndReturn(56)) - fc1c4701-b87c-4596-89e6-9d7f14f3dc27@group-BCE11E1A6885-LeaderElection35: Election REJECTED; received 2 response(s) [fc1c4701-b87c-4596-89e6-9d7f14f3dc27<-3e303de4-627b-4a84-82db-195dcd8c66ae#0:FAIL-t1, fc1c4701-b87c-4596-89e6-9d7f14f3dc27<-c99c1d44-e107-4576-970c-049b31509362#0:FAIL-t1] and 0 exception(s); fc1c4701-b87c-4596-89e6-9d7f14f3dc27@group-BCE11E1A6885:t1, leader=null, voted=fc1c4701-b87c-4596-89e6-9d7f14f3dc27, raftlog=fc1c4701-b87c-4596-89e6-9d7f14f3dc27@group-BCE11E1A6885-SegmentedRaftLog:OPENED:c-1,f-1,i0, conf=-1: [3e303de4-627b-4a84-82db-195dcd8c66ae:192.168.5.134:33739, fc1c4701-b87c-4596-89e6-9d7f14f3dc27:192.168.5.134:46294, c99c1d44-e107-4576-970c-049b31509362:192.168.5.134:45754], old=null
2019-10-12 10:41:25,001 [fc1c4701-b87c-4596-89e6-9d7f14f3dc27@group-BCE11E1A6885-LeaderElection35] INFO  impl.RaftServerImpl (RaftServerImpl.java:setRole(170)) - fc1c4701-b87c-4596-89e6-9d7f14f3dc27@group-BCE11E1A6885: changes role from CANDIDATE to FOLLOWER at term 1 for DISCOVERED_A_NEW_TERM
2019-10-12 10:41:25,001 [fc1c4701-b87c-4596-89e6-9d7f14f3dc27@group-BCE11E1A6885-LeaderElection35] INFO  impl.RoleInfo (RoleInfo.java:shutdownLeaderElection(134)) - fc1c4701-b87c-4596-89e6-9d7f14f3dc27: shutdown LeaderElection
2019-10-12 10:41:25,002 [fc1c4701-b87c-4596-89e6-9d7f14f3dc27@group-BCE11E1A6885-LeaderElection35] INFO  impl.RoleInfo (RoleInfo.java:updateAndGet(143)) - fc1c4701-b87c-4596-89e6-9d7f14f3dc27: start FollowerState
2019-10-12 10:41:25,006 [3e303de4-627b-4a84-82db-195dcd8c66ae@group-BCE11E1A6885-LeaderElection34] INFO  impl.LeaderElection (LeaderElection.java:logAndReturn(56)) - 3e303de4-627b-4a84-82db-195dcd8c66ae@group-BCE11E1A6885-LeaderElection34: Election REJECTED; received 2 response(s) [3e303de4-627b-4a84-82db-195dcd8c66ae<-fc1c4701-b87c-4596-89e6-9d7f14f3dc27#0:FAIL-t1, 3e303de4-627b-4a84-82db-195dcd8c66ae<-c99c1d44-e107-4576-970c-049b31509362#0:FAIL-t1] and 0 exception(s); 3e303de4-627b-4a84-82db-195dcd8c66ae@group-BCE11E1A6885:t1, leader=null, voted=3e303de4-627b-4a84-82db-195dcd8c66ae, raftlog=3e303de4-627b-4a84-82db-195dcd8c66ae@group-BCE11E1A6885-SegmentedRaftLog:OPENED:c-1,f-1,i0, conf=-1: [3e303de4-627b-4a84-82db-195dcd8c66ae:192.168.5.134:33739, fc1c4701-b87c-4596-89e6-9d7f14f3dc27:192.168.5.134:46294, c99c1d44-e107-4576-970c-049b31509362:192.168.5.134:45754], old=null
2019-10-12 10:41:25,007 [c99c1d44-e107-4576-970c-049b31509362@group-BCE11E1A6885-LeaderElection33] INFO  impl.LeaderElection (LeaderElection.java:logAndReturn(56)) - c99c1d44-e107-4576-970c-049b31509362@group-BCE11E1A6885-LeaderElection33: Election REJECTED; received 2 response(s) [c99c1d44-e107-4576-970c-049b31509362<-3e303de4-627b-4a84-82db-195dcd8c66ae#0:FAIL-t1, c99c1d44-e107-4576-970c-049b31509362<-fc1c4701-b87c-4596-89e6-9d7f14f3dc27#0:FAIL-t1] and 0 exception(s); c99c1d44-e107-4576-970c-049b31509362@group-BCE11E1A6885:t1, leader=null, voted=c99c1d44-e107-4576-970c-049b31509362, raftlog=c99c1d44-e107-4576-970c-049b31509362@group-BCE11E1A6885-SegmentedRaftLog:OPENED:c-1,f-1,i0, conf=-1: [3e303de4-627b-4a84-82db-195dcd8c66ae:192.168.5.134:33739, fc1c4701-b87c-4596-89e6-9d7f14f3dc27:192.168.5.134:46294, c99c1d44-e107-4576-970c-049b31509362:192.168.5.134:45754], old=null
2019-10-12 10:41:25,007 [3e303de4-627b-4a84-82db-195dcd8c66ae@group-BCE11E1A6885-LeaderElection34] INFO  impl.RaftServerImpl (RaftServerImpl.java:setRole(170)) - 3e303de4-627b-4a84-82db-195dcd8c66ae@group-BCE11E1A6885: changes role from CANDIDATE to FOLLOWER at term 1 for DISCOVERED_A_NEW_TERM
2019-10-12 10:41:25,015 [c99c1d44-e107-4576-970c-049b31509362@group-BCE11E1A6885-LeaderElection33] INFO  impl.RaftServerImpl (RaftServerImpl.java:setRole(170)) - c99c1d44-e107-4576-970c-049b31509362@group-BCE11E1A6885: changes role from CANDIDATE to FOLLOWER at term 1 for DISCOVERED_A_NEW_TERM
2019-10-12 10:41:25,017 [c99c1d44-e107-4576-970c-049b31509362@group-BCE11E1A6885-LeaderElection33] INFO  impl.RoleInfo (RoleInfo.java:shutdownLeaderElection(134)) - c99c1d44-e107-4576-970c-049b31509362: shutdown LeaderElection
2019-10-12 10:41:25,015 [3e303de4-627b-4a84-82db-195dcd8c66ae@group-BCE11E1A6885-LeaderElection34] INFO  impl.RoleInfo (RoleInfo.java:shutdownLeaderElection(134)) - 3e303de4-627b-4a84-82db-195dcd8c66ae: shutdown LeaderElection
2019-10-12 10:41:25,017 [c99c1d44-e107-4576-970c-049b31509362@group-BCE11E1A6885-LeaderElection33] INFO  impl.RoleInfo (RoleInfo.java:updateAndGet(143)) - c99c1d44-e107-4576-970c-049b31509362: start FollowerState
2019-10-12 10:41:25,017 [3e303de4-627b-4a84-82db-195dcd8c66ae@group-BCE11E1A6885-LeaderElection34] INFO  impl.RoleInfo (RoleInfo.java:updateAndGet(143)) - 3e303de4-627b-4a84-82db-195dcd8c66ae: start FollowerState
2019-10-12 10:41:25,307 [RatisApplyTransactionExecutor 1] ERROR ratis.ContainerStateMachine (ContainerStateMachine.java:lambda$applyTransaction$6(739)) - gid group-2943DE0C8191 : ApplyTransaction failed. cmd CreateContainer logIndex 7 exception {}
java.lang.IllegalArgumentException
	at com.google.common.base.Preconditions.checkArgument(Preconditions.java:72)
	at org.apache.hadoop.ozone.container.keyvalue.KeyValueHandler.handleCreateContainer(KeyValueHandler.java:217)
	at org.apache.hadoop.ozone.container.keyvalue.KeyValueHandler.handle(KeyValueHandler.java:152)
	at org.apache.hadoop.ozone.container.common.impl.HddsDispatcher.dispatchRequest(HddsDispatcher.java:277)
	at org.apache.hadoop.ozone.container.common.impl.HddsDispatcher.dispatch(HddsDispatcher.java:150)
	at org.apache.hadoop.ozone.container.common.transport.server.ratis.ContainerStateMachine.dispatchCommand(ContainerStateMachine.java:413)
	at org.apache.hadoop.ozone.container.common.transport.server.ratis.ContainerStateMachine.runCommand(ContainerStateMachine.java:423)
	at org.apache.hadoop.ozone.container.common.transport.server.ratis.ContainerStateMachine.lambda$applyTransaction$6(ContainerStateMachine.java:737)
	at java.util.concurrent.CompletableFuture$AsyncSupply.run(CompletableFuture.java:1590)
	at java.util.concurrent.ThreadPoolExecutor.runWorker(ThreadPoolExecutor.java:1149)
	at java.util.concurrent.ThreadPoolExecutor$Worker.run(ThreadPoolExecutor.java:624)
	at java.lang.Thread.run(Thread.java:748)
2019-10-12 10:41:25,321 [RatisApplyTransactionExecutor 1] ERROR ratis.ContainerStateMachine (ContainerStateMachine.java:lambda$applyTransaction$6(739)) - gid group-2943DE0C8191 : ApplyTransaction failed. cmd CreateContainer logIndex 7 exception {}
java.lang.IllegalArgumentException
	at com.google.common.base.Preconditions.checkArgument(Preconditions.java:72)
	at org.apache.hadoop.ozone.container.keyvalue.KeyValueHandler.handleCreateContainer(KeyValueHandler.java:217)
	at org.apache.hadoop.ozone.container.keyvalue.KeyValueHandler.handle(KeyValueHandler.java:152)
	at org.apache.hadoop.ozone.container.common.impl.HddsDispatcher.dispatchRequest(HddsDispatcher.java:277)
	at org.apache.hadoop.ozone.container.common.impl.HddsDispatcher.dispatch(HddsDispatcher.java:150)
	at org.apache.hadoop.ozone.container.common.transport.server.ratis.ContainerStateMachine.dispatchCommand(ContainerStateMachine.java:413)
	at org.apache.hadoop.ozone.container.common.transport.server.ratis.ContainerStateMachine.runCommand(ContainerStateMachine.java:423)
	at org.apache.hadoop.ozone.container.common.transport.server.ratis.ContainerStateMachine.lambda$applyTransaction$6(ContainerStateMachine.java:737)
	at java.util.concurrent.CompletableFuture$AsyncSupply.run(CompletableFuture.java:1590)
	at java.util.concurrent.ThreadPoolExecutor.runWorker(ThreadPoolExecutor.java:1149)
	at java.util.concurrent.ThreadPoolExecutor$Worker.run(ThreadPoolExecutor.java:624)
	at java.lang.Thread.run(Thread.java:748)
2019-10-12 10:41:25,321 [RatisApplyTransactionExecutor 1] ERROR ratis.ContainerStateMachine (ContainerStateMachine.java:lambda$applyTransaction$6(739)) - gid group-2943DE0C8191 : ApplyTransaction failed. cmd CreateContainer logIndex 7 exception {}
java.lang.IllegalArgumentException
	at com.google.common.base.Preconditions.checkArgument(Preconditions.java:72)
	at org.apache.hadoop.ozone.container.keyvalue.KeyValueHandler.handleCreateContainer(KeyValueHandler.java:217)
	at org.apache.hadoop.ozone.container.keyvalue.KeyValueHandler.handle(KeyValueHandler.java:152)
	at org.apache.hadoop.ozone.container.common.impl.HddsDispatcher.dispatchRequest(HddsDispatcher.java:277)
	at org.apache.hadoop.ozone.container.common.impl.HddsDispatcher.dispatch(HddsDispatcher.java:150)
	at org.apache.hadoop.ozone.container.common.transport.server.ratis.ContainerStateMachine.dispatchCommand(ContainerStateMachine.java:413)
	at org.apache.hadoop.ozone.container.common.transport.server.ratis.ContainerStateMachine.runCommand(ContainerStateMachine.java:423)
	at org.apache.hadoop.ozone.container.common.transport.server.ratis.ContainerStateMachine.lambda$applyTransaction$6(ContainerStateMachine.java:737)
	at java.util.concurrent.CompletableFuture$AsyncSupply.run(CompletableFuture.java:1590)
	at java.util.concurrent.ThreadPoolExecutor.runWorker(ThreadPoolExecutor.java:1149)
	at java.util.concurrent.ThreadPoolExecutor$Worker.run(ThreadPoolExecutor.java:624)
	at java.lang.Thread.run(Thread.java:748)
2019-10-12 10:41:25,345 [EventQueue-OpenPipelineForOneReplicaPipelineSafeModeRule] INFO  safemode.SCMSafeModeManager (SCMSafeModeManager.java:exitSafeMode(211)) - SCM exiting safe mode.
2019-10-12 10:41:25,346 [Thread-723] INFO  container.ReplicationManager (ReplicationManager.java:start(162)) - Starting Replication Monitor Thread.
2019-10-12 10:41:25,348 [ReplicationMonitor] INFO  container.ReplicationManager (ReplicationManager.java:run(225)) - Replication Monitor Thread took 1 milliseconds for processing 3 containers.
2019-10-12 10:41:28,346 [Thread-805] INFO  container.ReplicationManager (ReplicationManager.java:start(169)) - Replication Monitor Thread is already running.
2019-10-12 10:41:30,062 [Thread-772] INFO  impl.FollowerState (FollowerState.java:run(108)) - c99c1d44-e107-4576-970c-049b31509362@group-BCE11E1A6885-FollowerState: change to CANDIDATE, lastRpcTime:5044ms, electionTimeout:5042ms
2019-10-12 10:41:30,062 [Thread-772] INFO  impl.RoleInfo (RoleInfo.java:shutdownFollowerState(121)) - c99c1d44-e107-4576-970c-049b31509362: shutdown FollowerState
2019-10-12 10:41:30,062 [Thread-772] INFO  impl.RaftServerImpl (RaftServerImpl.java:setRole(170)) - c99c1d44-e107-4576-970c-049b31509362@group-BCE11E1A6885: changes role from  FOLLOWER to CANDIDATE at term 1 for changeToCandidate
2019-10-12 10:41:30,062 [Thread-772] INFO  impl.RoleInfo (RoleInfo.java:updateAndGet(143)) - c99c1d44-e107-4576-970c-049b31509362: start LeaderElection
2019-10-12 10:41:30,081 [c99c1d44-e107-4576-970c-049b31509362@group-BCE11E1A6885-LeaderElection36] INFO  impl.LeaderElection (LeaderElection.java:askForVotes(178)) - c99c1d44-e107-4576-970c-049b31509362@group-BCE11E1A6885-LeaderElection36: begin an election at term 2 for -1: [3e303de4-627b-4a84-82db-195dcd8c66ae:192.168.5.134:33739, fc1c4701-b87c-4596-89e6-9d7f14f3dc27:192.168.5.134:46294, c99c1d44-e107-4576-970c-049b31509362:192.168.5.134:45754], old=null
2019-10-12 10:41:30,085 [grpc-default-executor-10] INFO  impl.RaftServerImpl (RaftServerImpl.java:setRole(170)) - fc1c4701-b87c-4596-89e6-9d7f14f3dc27@group-BCE11E1A6885: changes role from  FOLLOWER to FOLLOWER at term 2 for recognizeCandidate:c99c1d44-e107-4576-970c-049b31509362
2019-10-12 10:41:30,085 [grpc-default-executor-0] INFO  impl.RaftServerImpl (RaftServerImpl.java:setRole(170)) - 3e303de4-627b-4a84-82db-195dcd8c66ae@group-BCE11E1A6885: changes role from  FOLLOWER to FOLLOWER at term 2 for recognizeCandidate:c99c1d44-e107-4576-970c-049b31509362
2019-10-12 10:41:30,085 [grpc-default-executor-10] INFO  impl.RoleInfo (RoleInfo.java:shutdownFollowerState(121)) - fc1c4701-b87c-4596-89e6-9d7f14f3dc27: shutdown FollowerState
2019-10-12 10:41:30,085 [grpc-default-executor-0] INFO  impl.RoleInfo (RoleInfo.java:shutdownFollowerState(121)) - 3e303de4-627b-4a84-82db-195dcd8c66ae: shutdown FollowerState
2019-10-12 10:41:30,086 [grpc-default-executor-10] INFO  impl.RoleInfo (RoleInfo.java:updateAndGet(143)) - fc1c4701-b87c-4596-89e6-9d7f14f3dc27: start FollowerState
2019-10-12 10:41:30,086 [Thread-771] INFO  impl.FollowerState (FollowerState.java:run(117)) - fc1c4701-b87c-4596-89e6-9d7f14f3dc27@group-BCE11E1A6885-FollowerState was interrupted: java.lang.InterruptedException: sleep interrupted
2019-10-12 10:41:30,086 [Thread-773] INFO  impl.FollowerState (FollowerState.java:run(117)) - 3e303de4-627b-4a84-82db-195dcd8c66ae@group-BCE11E1A6885-FollowerState was interrupted: java.lang.InterruptedException: sleep interrupted
2019-10-12 10:41:30,086 [grpc-default-executor-0] INFO  impl.RoleInfo (RoleInfo.java:updateAndGet(143)) - 3e303de4-627b-4a84-82db-195dcd8c66ae: start FollowerState
2019-10-12 10:41:30,107 [c99c1d44-e107-4576-970c-049b31509362@group-BCE11E1A6885-LeaderElection36] INFO  impl.LeaderElection (LeaderElection.java:logAndReturn(56)) - c99c1d44-e107-4576-970c-049b31509362@group-BCE11E1A6885-LeaderElection36: Election PASSED; received 1 response(s) [c99c1d44-e107-4576-970c-049b31509362<-fc1c4701-b87c-4596-89e6-9d7f14f3dc27#0:OK-t2] and 0 exception(s); c99c1d44-e107-4576-970c-049b31509362@group-BCE11E1A6885:t2, leader=null, voted=c99c1d44-e107-4576-970c-049b31509362, raftlog=c99c1d44-e107-4576-970c-049b31509362@group-BCE11E1A6885-SegmentedRaftLog:OPENED:c-1,f-1,i0, conf=-1: [3e303de4-627b-4a84-82db-195dcd8c66ae:192.168.5.134:33739, fc1c4701-b87c-4596-89e6-9d7f14f3dc27:192.168.5.134:46294, c99c1d44-e107-4576-970c-049b31509362:192.168.5.134:45754], old=null
2019-10-12 10:41:30,107 [c99c1d44-e107-4576-970c-049b31509362@group-BCE11E1A6885-LeaderElection36] INFO  impl.RoleInfo (RoleInfo.java:shutdownLeaderElection(134)) - c99c1d44-e107-4576-970c-049b31509362: shutdown LeaderElection
2019-10-12 10:41:30,107 [c99c1d44-e107-4576-970c-049b31509362@group-BCE11E1A6885-LeaderElection36] INFO  impl.RaftServerImpl (RaftServerImpl.java:setRole(170)) - c99c1d44-e107-4576-970c-049b31509362@group-BCE11E1A6885: changes role from CANDIDATE to LEADER at term 2 for changeToLeader
2019-10-12 10:41:30,107 [c99c1d44-e107-4576-970c-049b31509362@group-BCE11E1A6885-LeaderElection36] INFO  impl.RaftServerImpl (ServerState.java:setLeader(255)) - c99c1d44-e107-4576-970c-049b31509362@group-BCE11E1A6885: change Leader from null to c99c1d44-e107-4576-970c-049b31509362 at term 2 for becomeLeader, leader elected after 10258ms
2019-10-12 10:41:30,108 [c99c1d44-e107-4576-970c-049b31509362@group-BCE11E1A6885-LeaderElection36] INFO  server.RaftServerConfigKeys (ConfUtils.java:logGet(43)) - raft.server.staging.catchup.gap = 1000 (default)
2019-10-12 10:41:30,108 [c99c1d44-e107-4576-970c-049b31509362@group-BCE11E1A6885-LeaderElection36] INFO  server.RaftServerConfigKeys (ConfUtils.java:logGet(43)) - raft.server.rpc.sleep.time = 25ms (default)
2019-10-12 10:41:30,108 [c99c1d44-e107-4576-970c-049b31509362@group-BCE11E1A6885-LeaderElection36] INFO  server.RaftServerConfigKeys (ConfUtils.java:logGet(43)) - raft.server.write.element-limit = 4096 (default)
2019-10-12 10:41:30,108 [c99c1d44-e107-4576-970c-049b31509362@group-BCE11E1A6885-LeaderElection36] INFO  server.RaftServerConfigKeys (ConfUtils.java:logGet(43)) - raft.server.watch.timeout = 10s (default)
2019-10-12 10:41:30,108 [c99c1d44-e107-4576-970c-049b31509362@group-BCE11E1A6885-LeaderElection36] INFO  server.RaftServerConfigKeys (ConfUtils.java:logGet(43)) - raft.server.watch.timeout.denomination = 1s (default)
2019-10-12 10:41:30,108 [c99c1d44-e107-4576-970c-049b31509362@group-BCE11E1A6885-LeaderElection36] INFO  server.RaftServerConfigKeys (ConfUtils.java:logGet(43)) - raft.server.watch.element-limit = 65536 (default)
2019-10-12 10:41:30,112 [c99c1d44-e107-4576-970c-049b31509362@group-BCE11E1A6885-LeaderElection36] INFO  server.RaftServerConfigKeys (ConfUtils.java:logGet(43)) - raft.server.log.appender.snapshot.chunk.size.max = 16MB (=16777216) (default)
2019-10-12 10:41:30,112 [c99c1d44-e107-4576-970c-049b31509362@group-BCE11E1A6885-LeaderElection36] INFO  server.RaftServerConfigKeys (ConfUtils.java:logGet(43)) - raft.server.log.appender.buffer.byte-limit = 33554432 (custom)
2019-10-12 10:41:30,112 [c99c1d44-e107-4576-970c-049b31509362@group-BCE11E1A6885-LeaderElection36] INFO  server.RaftServerConfigKeys (ConfUtils.java:logGet(43)) - raft.server.log.appender.buffer.element-limit = 1 (custom)
2019-10-12 10:41:30,113 [c99c1d44-e107-4576-970c-049b31509362@group-BCE11E1A6885-LeaderElection36] INFO  grpc.GrpcConfigKeys$Server (ConfUtils.java:logGet(43)) - raft.grpc.server.leader.outstanding.appends.max = 128 (default)
2019-10-12 10:41:30,113 [c99c1d44-e107-4576-970c-049b31509362@group-BCE11E1A6885-LeaderElection36] INFO  server.RaftServerConfigKeys (ConfUtils.java:logGet(43)) - raft.server.rpc.request.timeout = 3000ms (default)
2019-10-12 10:41:30,113 [c99c1d44-e107-4576-970c-049b31509362@group-BCE11E1A6885-LeaderElection36] INFO  server.RaftServerConfigKeys (ConfUtils.java:logGet(43)) - raft.server.log.appender.install.snapshot.enabled = false (custom)
2019-10-12 10:41:30,113 [c99c1d44-e107-4576-970c-049b31509362@group-BCE11E1A6885-LeaderElection36] INFO  server.RaftServerConfigKeys (ConfUtils.java:logGet(43)) - raft.server.log.appender.snapshot.chunk.size.max = 16MB (=16777216) (default)
2019-10-12 10:41:30,113 [c99c1d44-e107-4576-970c-049b31509362@group-BCE11E1A6885-LeaderElection36] INFO  server.RaftServerConfigKeys (ConfUtils.java:logGet(43)) - raft.server.log.appender.buffer.byte-limit = 33554432 (custom)
2019-10-12 10:41:30,114 [c99c1d44-e107-4576-970c-049b31509362@group-BCE11E1A6885-LeaderElection36] INFO  server.RaftServerConfigKeys (ConfUtils.java:logGet(43)) - raft.server.log.appender.buffer.element-limit = 1 (custom)
2019-10-12 10:41:30,114 [c99c1d44-e107-4576-970c-049b31509362@group-BCE11E1A6885-LeaderElection36] INFO  grpc.GrpcConfigKeys$Server (ConfUtils.java:logGet(43)) - raft.grpc.server.leader.outstanding.appends.max = 128 (default)
2019-10-12 10:41:30,114 [c99c1d44-e107-4576-970c-049b31509362@group-BCE11E1A6885-LeaderElection36] INFO  server.RaftServerConfigKeys (ConfUtils.java:logGet(43)) - raft.server.rpc.request.timeout = 3000ms (default)
2019-10-12 10:41:30,114 [c99c1d44-e107-4576-970c-049b31509362@group-BCE11E1A6885-LeaderElection36] INFO  server.RaftServerConfigKeys (ConfUtils.java:logGet(43)) - raft.server.log.appender.install.snapshot.enabled = false (custom)
2019-10-12 10:41:30,115 [c99c1d44-e107-4576-970c-049b31509362@group-BCE11E1A6885-LeaderElection36] INFO  impl.RoleInfo (RoleInfo.java:updateAndGet(143)) - c99c1d44-e107-4576-970c-049b31509362: start LeaderState
2019-10-12 10:41:30,115 [c99c1d44-e107-4576-970c-049b31509362@group-BCE11E1A6885-LeaderElection36] INFO  segmented.SegmentedRaftLogWorker (SegmentedRaftLogWorker.java:startLogSegment(385)) - c99c1d44-e107-4576-970c-049b31509362@group-BCE11E1A6885-SegmentedRaftLogWorker: Starting segment from index:0
2019-10-12 10:41:30,116 [c99c1d44-e107-4576-970c-049b31509362@group-BCE11E1A6885-LeaderElection36] INFO  impl.RaftServerImpl (ServerState.java:setRaftConf(356)) - c99c1d44-e107-4576-970c-049b31509362@group-BCE11E1A6885: set configuration 0: [3e303de4-627b-4a84-82db-195dcd8c66ae:192.168.5.134:33739, fc1c4701-b87c-4596-89e6-9d7f14f3dc27:192.168.5.134:46294, c99c1d44-e107-4576-970c-049b31509362:192.168.5.134:45754], old=null at 0
2019-10-12 10:41:30,155 [grpc-default-executor-0] INFO  impl.RaftServerImpl (ServerState.java:setLeader(255)) - fc1c4701-b87c-4596-89e6-9d7f14f3dc27@group-BCE11E1A6885: change Leader from null to c99c1d44-e107-4576-970c-049b31509362 at term 2 for appendEntries, leader elected after 10306ms
2019-10-12 10:41:30,155 [grpc-default-executor-10] INFO  impl.RaftServerImpl (ServerState.java:setLeader(255)) - 3e303de4-627b-4a84-82db-195dcd8c66ae@group-BCE11E1A6885: change Leader from null to c99c1d44-e107-4576-970c-049b31509362 at term 2 for appendEntries, leader elected after 10363ms
2019-10-12 10:41:30,162 [grpc-default-executor-0] INFO  impl.RaftServerImpl (ServerState.java:setRaftConf(356)) - fc1c4701-b87c-4596-89e6-9d7f14f3dc27@group-BCE11E1A6885: set configuration 0: [3e303de4-627b-4a84-82db-195dcd8c66ae:192.168.5.134:33739, fc1c4701-b87c-4596-89e6-9d7f14f3dc27:192.168.5.134:46294, c99c1d44-e107-4576-970c-049b31509362:192.168.5.134:45754], old=null at 0
2019-10-12 10:41:30,162 [grpc-default-executor-10] INFO  impl.RaftServerImpl (ServerState.java:setRaftConf(356)) - 3e303de4-627b-4a84-82db-195dcd8c66ae@group-BCE11E1A6885: set configuration 0: [3e303de4-627b-4a84-82db-195dcd8c66ae:192.168.5.134:33739, fc1c4701-b87c-4596-89e6-9d7f14f3dc27:192.168.5.134:46294, c99c1d44-e107-4576-970c-049b31509362:192.168.5.134:45754], old=null at 0
2019-10-12 10:41:30,163 [grpc-default-executor-0] INFO  segmented.SegmentedRaftLogWorker (SegmentedRaftLogWorker.java:startLogSegment(385)) - fc1c4701-b87c-4596-89e6-9d7f14f3dc27@group-BCE11E1A6885-SegmentedRaftLogWorker: Starting segment from index:0
2019-10-12 10:41:30,163 [grpc-default-executor-10] INFO  segmented.SegmentedRaftLogWorker (SegmentedRaftLogWorker.java:startLogSegment(385)) - 3e303de4-627b-4a84-82db-195dcd8c66ae@group-BCE11E1A6885-SegmentedRaftLogWorker: Starting segment from index:0
2019-10-12 10:41:30,165 [c99c1d44-e107-4576-970c-049b31509362@group-BCE11E1A6885-SegmentedRaftLogWorker] INFO  segmented.SegmentedRaftLogWorker (SegmentedRaftLogWorker.java:execute(574)) - c99c1d44-e107-4576-970c-049b31509362@group-BCE11E1A6885-SegmentedRaftLogWorker: created new log segment /workdir/hadoop-ozone/integration-test/target/test-dir/MiniOzoneClusterImpl-cf0cf180-5432-4e6c-a6d7-fa1470a5ccd4/datanode-4/data/ratis/df023564-c3df-4a55-be70-bce11e1a6885/current/log_inprogress_0
2019-10-12 10:41:30,203 [fc1c4701-b87c-4596-89e6-9d7f14f3dc27@group-BCE11E1A6885-SegmentedRaftLogWorker] INFO  segmented.SegmentedRaftLogWorker (SegmentedRaftLogWorker.java:execute(574)) - fc1c4701-b87c-4596-89e6-9d7f14f3dc27@group-BCE11E1A6885-SegmentedRaftLogWorker: created new log segment /workdir/hadoop-ozone/integration-test/target/test-dir/MiniOzoneClusterImpl-cf0cf180-5432-4e6c-a6d7-fa1470a5ccd4/datanode-5/data/ratis/df023564-c3df-4a55-be70-bce11e1a6885/current/log_inprogress_0
2019-10-12 10:41:30,203 [3e303de4-627b-4a84-82db-195dcd8c66ae@group-BCE11E1A6885-SegmentedRaftLogWorker] INFO  segmented.SegmentedRaftLogWorker (SegmentedRaftLogWorker.java:execute(574)) - 3e303de4-627b-4a84-82db-195dcd8c66ae@group-BCE11E1A6885-SegmentedRaftLogWorker: created new log segment /workdir/hadoop-ozone/integration-test/target/test-dir/MiniOzoneClusterImpl-cf0cf180-5432-4e6c-a6d7-fa1470a5ccd4/datanode-3/data/ratis/df023564-c3df-4a55-be70-bce11e1a6885/current/log_inprogress_0
Pipeline Report Generate
Pipeline Report Generate
Pipeline Report Generate
Pipeline Report Generate
Pipeline Report Generate
Pipeline Report Generate
Pipeline Report Generate
Pipeline Report Generate
Pipeline Report Generate
Pipeline Report Generate
Pipeline Report Generate
Pipeline Report Generate
2019-10-12 10:42:57,628 [main] INFO  ozone.MiniOzoneClusterImpl (MiniOzoneClusterImpl.java:shutdown(319)) - Shutting down the Mini Ozone Cluster
2019-10-12 10:42:57,629 [main] INFO  ozone.MiniOzoneClusterImpl (MiniOzoneClusterImpl.java:stop(335)) - Stopping the Mini Ozone Cluster
2019-10-12 10:42:57,630 [main] INFO  ozone.MiniOzoneClusterImpl (MiniOzoneClusterImpl.java:stopOM(405)) - Stopping the OzoneManager
2019-10-12 10:42:57,630 [main] INFO  ipc.Server (Server.java:stop(3082)) - Stopping server on 46221
2019-10-12 10:42:57,641 [IPC Server listener on 46221] INFO  ipc.Server (Server.java:run(1185)) - Stopping IPC Server listener on 46221
2019-10-12 10:42:57,646 [main] INFO  ratis.OzoneManagerDoubleBuffer (OzoneManagerDoubleBuffer.java:stop(250)) - Stopping OMDoubleBuffer flush thread
2019-10-12 10:42:57,646 [IPC Server Responder] INFO  ipc.Server (Server.java:run(1319)) - Stopping IPC Server Responder
2019-10-12 10:42:57,674 [OMDoubleBufferFlushThread] INFO  ratis.OzoneManagerDoubleBuffer (OzoneManagerDoubleBuffer.java:flushTransactions(193)) - OMDoubleBuffer flush thread OMDoubleBufferFlushThread is interrupted and will exit. OMDoubleBufferFlushThread
2019-10-12 10:42:57,675 [main] INFO  utils.BackgroundService (BackgroundService.java:shutdown(151)) - Shutting down service KeyDeletingService
2019-10-12 10:42:57,676 [main] INFO  handler.ContextHandler (ContextHandler.java:doStop(910)) - Stopped o.e.j.w.WebAppContext@315105f{/,null,UNAVAILABLE}{/ozoneManager}
2019-10-12 10:42:57,678 [main] INFO  server.AbstractConnector (AbstractConnector.java:doStop(318)) - Stopped ServerConnector@7b61bf11{HTTP/1.1,[http/1.1]}{0.0.0.0:0}
2019-10-12 10:42:57,678 [main] INFO  handler.ContextHandler (ContextHandler.java:doStop(910)) - Stopped o.e.j.s.ServletContextHandler@3aaa3c39{/static,file:///workdir/hadoop-ozone/integration-test/target/test-classes/webapps/static,UNAVAILABLE}
2019-10-12 10:42:57,679 [main] INFO  handler.ContextHandler (ContextHandler.java:doStop(910)) - Stopped o.e.j.s.ServletContextHandler@6fff46bf{/logs,file:///workdir/hadoop-ozone/integration-test/target/log,UNAVAILABLE}
2019-10-12 10:42:57,682 [main] INFO  ozone.MiniOzoneClusterImpl (MiniOzoneClusterImpl.java:stopDatanodes(382)) - Stopping the HddsDatanodes
2019-10-12 10:42:57,884 [Datanode State Machine Thread - 0] INFO  statemachine.DatanodeStateMachine (DatanodeStateMachine.java:lambda$startDaemon$0(356)) - Ozone container server started.
2019-10-12 10:42:58,312 [Datanode State Machine Thread - 0] INFO  statemachine.DatanodeStateMachine (DatanodeStateMachine.java:lambda$startDaemon$0(356)) - Ozone container server started.
Pipeline Report Generate
2019-10-12 10:43:02,684 [ForkJoinPool.commonPool-worker-1] INFO  ozoneimpl.OzoneContainer (OzoneContainer.java:stop(227)) - Attempting to stop container services.
2019-10-12 10:43:02,684 [main] INFO  ozoneimpl.OzoneContainer (OzoneContainer.java:stop(227)) - Attempting to stop container services.
2019-10-12 10:43:02,686 [ForkJoinPool.commonPool-worker-1] INFO  impl.RaftServerProxy (RaftServerProxy.java:lambda$close$4(314)) - 0ef3defa-20aa-4816-9881-210631c2b677: close
2019-10-12 10:43:02,687 [main] INFO  impl.RaftServerProxy (RaftServerProxy.java:lambda$close$4(314)) - c99c1d44-e107-4576-970c-049b31509362: close
2019-10-12 10:43:02,687 [ForkJoinPool.commonPool-worker-1] INFO  impl.RaftServerImpl (RaftServerImpl.java:lambda$shutdown$3(247)) - 0ef3defa-20aa-4816-9881-210631c2b677@group-6696C2EE2425: shutdown
2019-10-12 10:43:02,687 [main] INFO  impl.RaftServerImpl (RaftServerImpl.java:lambda$shutdown$3(247)) - c99c1d44-e107-4576-970c-049b31509362@group-F085E0C28B04: shutdown
2019-10-12 10:43:02,688 [ForkJoinPool.commonPool-worker-1] INFO  util.JmxRegister (JmxRegister.java:unregister(73)) - Successfully un-registered JMX Bean with object name Ratis:service=RaftServer,group=group-6696C2EE2425,id=0ef3defa-20aa-4816-9881-210631c2b677
2019-10-12 10:43:02,688 [main] INFO  util.JmxRegister (JmxRegister.java:unregister(73)) - Successfully un-registered JMX Bean with object name Ratis:service=RaftServer,group=group-F085E0C28B04,id=c99c1d44-e107-4576-970c-049b31509362
2019-10-12 10:43:02,689 [ForkJoinPool.commonPool-worker-1] INFO  impl.RoleInfo (RoleInfo.java:shutdownLeaderState(104)) - 0ef3defa-20aa-4816-9881-210631c2b677: shutdown LeaderState
2019-10-12 10:43:02,689 [main] INFO  impl.RoleInfo (RoleInfo.java:shutdownLeaderState(104)) - c99c1d44-e107-4576-970c-049b31509362: shutdown LeaderState
2019-10-12 10:43:02,690 [ForkJoinPool.commonPool-worker-1] INFO  impl.PendingRequests (PendingRequests.java:sendNotLeaderResponses(202)) - 0ef3defa-20aa-4816-9881-210631c2b677@group-6696C2EE2425-PendingRequests: sendNotLeaderResponses
2019-10-12 10:43:02,690 [main] INFO  impl.PendingRequests (PendingRequests.java:sendNotLeaderResponses(202)) - c99c1d44-e107-4576-970c-049b31509362@group-F085E0C28B04-PendingRequests: sendNotLeaderResponses
2019-10-12 10:43:02,691 [ForkJoinPool.commonPool-worker-1] INFO  impl.StateMachineUpdater (StateMachineUpdater.java:stopAndJoin(136)) - 0ef3defa-20aa-4816-9881-210631c2b677@group-6696C2EE2425-StateMachineUpdater: set stopIndex = 0
2019-10-12 10:43:02,691 [main] INFO  impl.StateMachineUpdater (StateMachineUpdater.java:stopAndJoin(136)) - c99c1d44-e107-4576-970c-049b31509362@group-F085E0C28B04-StateMachineUpdater: set stopIndex = 0
2019-10-12 10:43:02,695 [main] INFO  impl.RaftServerImpl (ServerState.java:close(387)) - c99c1d44-e107-4576-970c-049b31509362@group-F085E0C28B04: closes. applyIndex: 0
2019-10-12 10:43:02,691 [ForkJoinPool.commonPool-worker-1] INFO  impl.RaftServerImpl (ServerState.java:close(387)) - 0ef3defa-20aa-4816-9881-210631c2b677@group-6696C2EE2425: closes. applyIndex: 0
2019-10-12 10:43:02,696 [c99c1d44-e107-4576-970c-049b31509362@group-F085E0C28B04-SegmentedRaftLogWorker] INFO  segmented.SegmentedRaftLogWorker (SegmentedRaftLogWorker.java:run(316)) - c99c1d44-e107-4576-970c-049b31509362@group-F085E0C28B04-SegmentedRaftLogWorker was interrupted, exiting. There are 0 tasks remaining in the queue.
2019-10-12 10:43:02,696 [0ef3defa-20aa-4816-9881-210631c2b677@group-6696C2EE2425-SegmentedRaftLogWorker] INFO  segmented.SegmentedRaftLogWorker (SegmentedRaftLogWorker.java:run(316)) - 0ef3defa-20aa-4816-9881-210631c2b677@group-6696C2EE2425-SegmentedRaftLogWorker was interrupted, exiting. There are 0 tasks remaining in the queue.
2019-10-12 10:43:02,702 [ForkJoinPool.commonPool-worker-1] INFO  segmented.SegmentedRaftLogWorker (SegmentedRaftLogWorker.java:close(224)) - 0ef3defa-20aa-4816-9881-210631c2b677@group-6696C2EE2425-SegmentedRaftLogWorker close()
2019-10-12 10:43:02,702 [main] INFO  segmented.SegmentedRaftLogWorker (SegmentedRaftLogWorker.java:close(224)) - c99c1d44-e107-4576-970c-049b31509362@group-F085E0C28B04-SegmentedRaftLogWorker close()
2019-10-12 10:43:02,707 [ForkJoinPool.commonPool-worker-1] INFO  impl.RaftServerImpl (RaftServerImpl.java:lambda$shutdown$3(247)) - 0ef3defa-20aa-4816-9881-210631c2b677@group-2943DE0C8191: shutdown
2019-10-12 10:43:02,713 [main] INFO  impl.RaftServerImpl (RaftServerImpl.java:lambda$shutdown$3(247)) - c99c1d44-e107-4576-970c-049b31509362@group-BCE11E1A6885: shutdown
2019-10-12 10:43:02,713 [ForkJoinPool.commonPool-worker-1] INFO  util.JmxRegister (JmxRegister.java:unregister(73)) - Successfully un-registered JMX Bean with object name Ratis:service=RaftServer,group=group-2943DE0C8191,id=0ef3defa-20aa-4816-9881-210631c2b677
2019-10-12 10:43:02,713 [main] INFO  util.JmxRegister (JmxRegister.java:unregister(73)) - Successfully un-registered JMX Bean with object name Ratis:service=RaftServer,group=group-BCE11E1A6885,id=c99c1d44-e107-4576-970c-049b31509362
2019-10-12 10:43:02,714 [ForkJoinPool.commonPool-worker-1] INFO  impl.RoleInfo (RoleInfo.java:shutdownLeaderState(104)) - 0ef3defa-20aa-4816-9881-210631c2b677: shutdown LeaderState
2019-10-12 10:43:02,714 [main] INFO  impl.RoleInfo (RoleInfo.java:shutdownLeaderState(104)) - c99c1d44-e107-4576-970c-049b31509362: shutdown LeaderState
2019-10-12 10:43:02,719 [ForkJoinPool.commonPool-worker-1] INFO  impl.PendingRequests (PendingRequests.java:sendNotLeaderResponses(202)) - 0ef3defa-20aa-4816-9881-210631c2b677@group-2943DE0C8191-PendingRequests: sendNotLeaderResponses
2019-10-12 10:43:02,724 [org.apache.ratis.server.impl.LogAppender$AppenderDaemon$$Lambda$950/2025505050@21d39c4f] WARN  server.GrpcLogAppender (GrpcLogAppender.java:mayWait(143)) - c99c1d44-e107-4576-970c-049b31509362@group-BCE11E1A6885->3e303de4-627b-4a84-82db-195dcd8c66ae-GrpcLogAppender: Wait interrupted by java.lang.InterruptedException
2019-10-12 10:43:02,724 [org.apache.ratis.server.impl.LogAppender$AppenderDaemon$$Lambda$950/2025505050@4f1e2d9] WARN  server.GrpcLogAppender (GrpcLogAppender.java:mayWait(143)) - c99c1d44-e107-4576-970c-049b31509362@group-BCE11E1A6885->fc1c4701-b87c-4596-89e6-9d7f14f3dc27-GrpcLogAppender: Wait interrupted by java.lang.InterruptedException
2019-10-12 10:43:02,729 [0ef3defa-20aa-4816-9881-210631c2b677@group-2943DE0C8191-StateMachineUpdater] INFO  ratis.ContainerStateMachine (ContainerStateMachine.java:takeSnapshot(294)) - group-2943DE0C8191: Taking a snapshot at:(t:1, i:6) file /workdir/hadoop-ozone/integration-test/target/test-dir/MiniOzoneClusterImpl-cf0cf180-5432-4e6c-a6d7-fa1470a5ccd4/datanode-1/data/ratis/f4a9a7f0-f047-41ce-8c90-2943de0c8191/sm/snapshot.1_6
2019-10-12 10:43:02,724 [main] INFO  impl.PendingRequests (PendingRequests.java:sendNotLeaderResponses(202)) - c99c1d44-e107-4576-970c-049b31509362@group-BCE11E1A6885-PendingRequests: sendNotLeaderResponses
2019-10-12 10:43:02,719 [org.apache.ratis.server.impl.LogAppender$AppenderDaemon$$Lambda$950/2025505050@5e2cf23b] WARN  server.GrpcLogAppender (GrpcLogAppender.java:mayWait(143)) - 0ef3defa-20aa-4816-9881-210631c2b677@group-2943DE0C8191->613f4f72-aa2b-4fc8-96c5-2be837cde81d-GrpcLogAppender: Wait interrupted by java.lang.InterruptedException
2019-10-12 10:43:02,730 [main] INFO  impl.StateMachineUpdater (StateMachineUpdater.java:stopAndJoin(136)) - c99c1d44-e107-4576-970c-049b31509362@group-BCE11E1A6885-StateMachineUpdater: set stopIndex = 0
2019-10-12 10:43:02,719 [org.apache.ratis.server.impl.LogAppender$AppenderDaemon$$Lambda$950/2025505050@7538cca7] WARN  server.GrpcLogAppender (GrpcLogAppender.java:mayWait(143)) - 0ef3defa-20aa-4816-9881-210631c2b677@group-2943DE0C8191->14556118-8144-4117-8324-1126ac1cb2a6-GrpcLogAppender: Wait interrupted by java.lang.InterruptedException
2019-10-12 10:43:02,730 [main] INFO  impl.RaftServerImpl (ServerState.java:close(387)) - c99c1d44-e107-4576-970c-049b31509362@group-BCE11E1A6885: closes. applyIndex: 0
2019-10-12 10:43:02,728 [ForkJoinPool.commonPool-worker-1] INFO  impl.StateMachineUpdater (StateMachineUpdater.java:stopAndJoin(136)) - 0ef3defa-20aa-4816-9881-210631c2b677@group-2943DE0C8191-StateMachineUpdater: set stopIndex = 8
2019-10-12 10:43:02,731 [c99c1d44-e107-4576-970c-049b31509362@group-BCE11E1A6885-SegmentedRaftLogWorker] INFO  segmented.SegmentedRaftLogWorker (SegmentedRaftLogWorker.java:run(316)) - c99c1d44-e107-4576-970c-049b31509362@group-BCE11E1A6885-SegmentedRaftLogWorker was interrupted, exiting. There are 0 tasks remaining in the queue.
2019-10-12 10:43:02,731 [grpc-default-executor-0] INFO  server.GrpcServerProtocolService (GrpcServerProtocolService.java:onCompleted(113)) - 613f4f72-aa2b-4fc8-96c5-2be837cde81d: Completed APPEND_ENTRIES, lastRequest: 0ef3defa-20aa-4816-9881-210631c2b677->613f4f72-aa2b-4fc8-96c5-2be837cde81d#47-t1, previous=(t:1, i:8), leaderCommit=8, initializing? false, entries: <empty>
2019-10-12 10:43:02,731 [grpc-default-executor-1] INFO  server.GrpcServerProtocolService (GrpcServerProtocolService.java:onCompleted(113)) - 3e303de4-627b-4a84-82db-195dcd8c66ae: Completed APPEND_ENTRIES, lastRequest: c99c1d44-e107-4576-970c-049b31509362->3e303de4-627b-4a84-82db-195dcd8c66ae#37-t2, previous=(t:2, i:0), leaderCommit=0, initializing? false, entries: <empty>
2019-10-12 10:43:02,731 [grpc-default-executor-10] INFO  server.GrpcServerProtocolService (GrpcServerProtocolService.java:onCompleted(113)) - fc1c4701-b87c-4596-89e6-9d7f14f3dc27: Completed APPEND_ENTRIES, lastRequest: c99c1d44-e107-4576-970c-049b31509362->fc1c4701-b87c-4596-89e6-9d7f14f3dc27#37-t2, previous=(t:2, i:0), leaderCommit=0, initializing? false, entries: <empty>
2019-10-12 10:43:02,734 [main] INFO  segmented.SegmentedRaftLogWorker (SegmentedRaftLogWorker.java:close(224)) - c99c1d44-e107-4576-970c-049b31509362@group-BCE11E1A6885-SegmentedRaftLogWorker close()
2019-10-12 10:43:02,735 [grpc-default-executor-13] INFO  server.GrpcServerProtocolService (GrpcServerProtocolService.java:onCompleted(113)) - 14556118-8144-4117-8324-1126ac1cb2a6: Completed APPEND_ENTRIES, lastRequest: 0ef3defa-20aa-4816-9881-210631c2b677->14556118-8144-4117-8324-1126ac1cb2a6#47-t1, previous=(t:1, i:8), leaderCommit=8, initializing? false, entries: <empty>
2019-10-12 10:43:02,740 [main] INFO  server.GrpcService (GrpcService.java:closeImpl(164)) - c99c1d44-e107-4576-970c-049b31509362: shutdown server with port 45754 now
2019-10-12 10:43:02,741 [grpc-default-executor-10] INFO  server.GrpcLogAppender (GrpcLogAppender.java:onCompleted(293)) - c99c1d44-e107-4576-970c-049b31509362@group-BCE11E1A6885->fc1c4701-b87c-4596-89e6-9d7f14f3dc27-AppendLogResponseHandler: follower responses appendEntries COMPLETED
2019-10-12 10:43:02,741 [grpc-default-executor-13] INFO  server.GrpcLogAppender (GrpcLogAppender.java:onCompleted(293)) - 0ef3defa-20aa-4816-9881-210631c2b677@group-2943DE0C8191->613f4f72-aa2b-4fc8-96c5-2be837cde81d-AppendLogResponseHandler: follower responses appendEntries COMPLETED
2019-10-12 10:43:02,741 [grpc-default-executor-1] INFO  server.GrpcLogAppender (GrpcLogAppender.java:onCompleted(293)) - 0ef3defa-20aa-4816-9881-210631c2b677@group-2943DE0C8191->14556118-8144-4117-8324-1126ac1cb2a6-AppendLogResponseHandler: follower responses appendEntries COMPLETED
2019-10-12 10:43:02,741 [grpc-default-executor-0] INFO  server.GrpcLogAppender (GrpcLogAppender.java:onCompleted(293)) - c99c1d44-e107-4576-970c-049b31509362@group-BCE11E1A6885->3e303de4-627b-4a84-82db-195dcd8c66ae-AppendLogResponseHandler: follower responses appendEntries COMPLETED
2019-10-12 10:43:02,742 [grpc-default-executor-10] INFO  impl.FollowerInfo (FollowerInfo.java:lambda$new$0(51)) - c99c1d44-e107-4576-970c-049b31509362@group-BCE11E1A6885->fc1c4701-b87c-4596-89e6-9d7f14f3dc27: nextIndex: updateUnconditionally 1 -> 0
2019-10-12 10:43:02,742 [grpc-default-executor-0] INFO  impl.FollowerInfo (FollowerInfo.java:lambda$new$0(51)) - c99c1d44-e107-4576-970c-049b31509362@group-BCE11E1A6885->3e303de4-627b-4a84-82db-195dcd8c66ae: nextIndex: updateUnconditionally 1 -> 0
2019-10-12 10:43:02,742 [grpc-default-executor-13] INFO  impl.FollowerInfo (FollowerInfo.java:lambda$new$0(51)) - 0ef3defa-20aa-4816-9881-210631c2b677@group-2943DE0C8191->613f4f72-aa2b-4fc8-96c5-2be837cde81d: nextIndex: updateUnconditionally 9 -> 8
2019-10-12 10:43:02,742 [main] INFO  server.GrpcService (GrpcService.java:closeImpl(172)) - c99c1d44-e107-4576-970c-049b31509362: shutdown server with port 45754 successfully
2019-10-12 10:43:02,743 [grpc-default-executor-1] INFO  impl.FollowerInfo (FollowerInfo.java:lambda$new$0(51)) - 0ef3defa-20aa-4816-9881-210631c2b677@group-2943DE0C8191->14556118-8144-4117-8324-1126ac1cb2a6: nextIndex: updateUnconditionally 9 -> 8
2019-10-12 10:43:02,744 [0ef3defa-20aa-4816-9881-210631c2b677@group-2943DE0C8191-StateMachineUpdater] INFO  ratis.ContainerStateMachine (ContainerStateMachine.java:takeSnapshot(305)) - group-2943DE0C8191: Finished taking a snapshot at:(t:1, i:6) file:/workdir/hadoop-ozone/integration-test/target/test-dir/MiniOzoneClusterImpl-cf0cf180-5432-4e6c-a6d7-fa1470a5ccd4/datanode-1/data/ratis/f4a9a7f0-f047-41ce-8c90-2943de0c8191/sm/snapshot.1_6 time:16
2019-10-12 10:43:02,744 [0ef3defa-20aa-4816-9881-210631c2b677@group-2943DE0C8191-StateMachineUpdater] INFO  impl.StateMachineUpdater (StateMachineUpdater.java:takeSnapshot(269)) - 0ef3defa-20aa-4816-9881-210631c2b677@group-2943DE0C8191-StateMachineUpdater: Took a snapshot at index 6
2019-10-12 10:43:02,744 [0ef3defa-20aa-4816-9881-210631c2b677@group-2943DE0C8191-StateMachineUpdater] INFO  impl.StateMachineUpdater (StateMachineUpdater.java:lambda$new$0(84)) - 0ef3defa-20aa-4816-9881-210631c2b677@group-2943DE0C8191-StateMachineUpdater: snapshotIndex: updateIncreasingly -1 -> 6
2019-10-12 10:43:02,745 [0ef3defa-20aa-4816-9881-210631c2b677@group-2943DE0C8191-StateMachineUpdater] INFO  ratis.ContainerStateMachine (ContainerStateMachine.java:takeSnapshot(294)) - group-2943DE0C8191: Taking a snapshot at:(t:1, i:6) file /workdir/hadoop-ozone/integration-test/target/test-dir/MiniOzoneClusterImpl-cf0cf180-5432-4e6c-a6d7-fa1470a5ccd4/datanode-1/data/ratis/f4a9a7f0-f047-41ce-8c90-2943de0c8191/sm/snapshot.1_6
2019-10-12 10:43:02,745 [refreshUsed-/workdir/hadoop-ozone/integration-test/target/test-dir/MiniOzoneClusterImpl-cf0cf180-5432-4e6c-a6d7-fa1470a5ccd4/datanode-4/data/containers] WARN  fs.CachingGetSpaceUsed (CachingGetSpaceUsed.java:run(183)) - Thread Interrupted waiting to refresh disk information: sleep interrupted
2019-10-12 10:43:02,758 [0ef3defa-20aa-4816-9881-210631c2b677@group-2943DE0C8191-StateMachineUpdater] INFO  ratis.ContainerStateMachine (ContainerStateMachine.java:takeSnapshot(305)) - group-2943DE0C8191: Finished taking a snapshot at:(t:1, i:6) file:/workdir/hadoop-ozone/integration-test/target/test-dir/MiniOzoneClusterImpl-cf0cf180-5432-4e6c-a6d7-fa1470a5ccd4/datanode-1/data/ratis/f4a9a7f0-f047-41ce-8c90-2943de0c8191/sm/snapshot.1_6 time:12
2019-10-12 10:43:02,758 [0ef3defa-20aa-4816-9881-210631c2b677@group-2943DE0C8191-StateMachineUpdater] INFO  impl.StateMachineUpdater (StateMachineUpdater.java:takeSnapshot(269)) - 0ef3defa-20aa-4816-9881-210631c2b677@group-2943DE0C8191-StateMachineUpdater: Took a snapshot at index 6
2019-10-12 10:43:02,758 [0ef3defa-20aa-4816-9881-210631c2b677@group-2943DE0C8191-StateMachineUpdater] INFO  impl.StateMachineUpdater (StateMachineUpdater.java:lambda$new$0(84)) - 0ef3defa-20aa-4816-9881-210631c2b677@group-2943DE0C8191-StateMachineUpdater: snapshotIndex: updateIncreasingly 6 -> 6
2019-10-12 10:43:02,759 [ForkJoinPool.commonPool-worker-1] INFO  impl.RaftServerImpl (ServerState.java:close(387)) - 0ef3defa-20aa-4816-9881-210631c2b677@group-2943DE0C8191: closes. applyIndex: 8
2019-10-12 10:43:02,759 [0ef3defa-20aa-4816-9881-210631c2b677@group-2943DE0C8191-SegmentedRaftLogWorker] INFO  segmented.SegmentedRaftLogWorker (SegmentedRaftLogWorker.java:run(316)) - 0ef3defa-20aa-4816-9881-210631c2b677@group-2943DE0C8191-SegmentedRaftLogWorker was interrupted, exiting. There are 0 tasks remaining in the queue.
2019-10-12 10:43:02,762 [ForkJoinPool.commonPool-worker-1] INFO  segmented.SegmentedRaftLogWorker (SegmentedRaftLogWorker.java:close(224)) - 0ef3defa-20aa-4816-9881-210631c2b677@group-2943DE0C8191-SegmentedRaftLogWorker close()
2019-10-12 10:43:02,777 [ForkJoinPool.commonPool-worker-1] INFO  server.GrpcService (GrpcService.java:closeImpl(164)) - 0ef3defa-20aa-4816-9881-210631c2b677: shutdown server with port 34597 now
2019-10-12 10:43:02,777 [ForkJoinPool.commonPool-worker-1] INFO  server.GrpcService (GrpcService.java:closeImpl(172)) - 0ef3defa-20aa-4816-9881-210631c2b677: shutdown server with port 34597 successfully
2019-10-12 10:43:02,780 [refreshUsed-/workdir/hadoop-ozone/integration-test/target/test-dir/MiniOzoneClusterImpl-cf0cf180-5432-4e6c-a6d7-fa1470a5ccd4/datanode-1/data/containers] WARN  fs.CachingGetSpaceUsed (CachingGetSpaceUsed.java:run(183)) - Thread Interrupted waiting to refresh disk information: sleep interrupted
2019-10-12 10:43:02,791 [main] INFO  utils.BackgroundService (BackgroundService.java:shutdown(151)) - Shutting down service BlockDeletingService
2019-10-12 10:43:02,798 [main] INFO  statemachine.DatanodeStateMachine (DatanodeStateMachine.java:stopDaemon(401)) - Ozone container server stopped.
2019-10-12 10:43:02,806 [ForkJoinPool.commonPool-worker-1] INFO  utils.BackgroundService (BackgroundService.java:shutdown(151)) - Shutting down service BlockDeletingService
2019-10-12 10:43:02,812 [ForkJoinPool.commonPool-worker-1] INFO  statemachine.DatanodeStateMachine (DatanodeStateMachine.java:stopDaemon(401)) - Ozone container server stopped.
2019-10-12 10:43:02,816 [main] INFO  handler.ContextHandler (ContextHandler.java:doStop(910)) - Stopped o.e.j.w.WebAppContext@65bb6275{/,null,UNAVAILABLE}{/hddsDatanode}
2019-10-12 10:43:02,818 [ForkJoinPool.commonPool-worker-1] INFO  handler.ContextHandler (ContextHandler.java:doStop(910)) - Stopped o.e.j.w.WebAppContext@60a7e509{/,null,UNAVAILABLE}{/hddsDatanode}
2019-10-12 10:43:02,819 [main] INFO  server.AbstractConnector (AbstractConnector.java:doStop(318)) - Stopped ServerConnector@64da6cbd{HTTP/1.1,[http/1.1]}{0.0.0.0:0}
2019-10-12 10:43:02,819 [ForkJoinPool.commonPool-worker-1] INFO  server.AbstractConnector (AbstractConnector.java:doStop(318)) - Stopped ServerConnector@2e13f304{HTTP/1.1,[http/1.1]}{0.0.0.0:0}
2019-10-12 10:43:02,819 [main] INFO  handler.ContextHandler (ContextHandler.java:doStop(910)) - Stopped o.e.j.s.ServletContextHandler@4e224df5{/static,jar:file:/home/user/.m2/repository/org/apache/hadoop/hadoop-hdds-container-service/0.5.0-SNAPSHOT/hadoop-hdds-container-service-0.5.0-SNAPSHOT.jar!/webapps/static,UNAVAILABLE}
2019-10-12 10:43:02,821 [ForkJoinPool.commonPool-worker-1] INFO  handler.ContextHandler (ContextHandler.java:doStop(910)) - Stopped o.e.j.s.ServletContextHandler@550e9be6{/static,jar:file:/home/user/.m2/repository/org/apache/hadoop/hadoop-hdds-container-service/0.5.0-SNAPSHOT/hadoop-hdds-container-service-0.5.0-SNAPSHOT.jar!/webapps/static,UNAVAILABLE}
2019-10-12 10:43:02,821 [main] INFO  handler.ContextHandler (ContextHandler.java:doStop(910)) - Stopped o.e.j.s.ServletContextHandler@69909c14{/logs,file:///workdir/hadoop-ozone/integration-test/target/log,UNAVAILABLE}
2019-10-12 10:43:02,823 [ForkJoinPool.commonPool-worker-1] INFO  handler.ContextHandler (ContextHandler.java:doStop(910)) - Stopped o.e.j.s.ServletContextHandler@16736040{/logs,file:///workdir/hadoop-ozone/integration-test/target/log,UNAVAILABLE}
2019-10-12 10:43:02,854 [Datanode State Machine Thread - 0] INFO  statemachine.DatanodeStateMachine (DatanodeStateMachine.java:lambda$startDaemon$0(356)) - Ozone container server started.
Pipeline Report Generate
2019-10-12 10:43:03,319 [Datanode State Machine Thread - 0] INFO  statemachine.DatanodeStateMachine (DatanodeStateMachine.java:lambda$startDaemon$0(356)) - Ozone container server started.
2019-10-12 10:43:06,414 [Thread-737] INFO  impl.FollowerState (FollowerState.java:run(108)) - 613f4f72-aa2b-4fc8-96c5-2be837cde81d@group-2943DE0C8191-FollowerState: change to CANDIDATE, lastRpcTime:5970ms, electionTimeout:5076ms
2019-10-12 10:43:06,416 [Thread-737] INFO  impl.RoleInfo (RoleInfo.java:shutdownFollowerState(121)) - 613f4f72-aa2b-4fc8-96c5-2be837cde81d: shutdown FollowerState
2019-10-12 10:43:06,416 [Thread-737] INFO  impl.RaftServerImpl (RaftServerImpl.java:setRole(170)) - 613f4f72-aa2b-4fc8-96c5-2be837cde81d@group-2943DE0C8191: changes role from  FOLLOWER to CANDIDATE at term 1 for changeToCandidate
2019-10-12 10:43:06,417 [Thread-737] INFO  impl.RoleInfo (RoleInfo.java:updateAndGet(143)) - 613f4f72-aa2b-4fc8-96c5-2be837cde81d: start LeaderElection
2019-10-12 10:43:06,424 [613f4f72-aa2b-4fc8-96c5-2be837cde81d@group-2943DE0C8191-LeaderElection37] INFO  impl.RaftServerImpl (ServerState.java:setLeader(255)) - 613f4f72-aa2b-4fc8-96c5-2be837cde81d@group-2943DE0C8191: change Leader from 0ef3defa-20aa-4816-9881-210631c2b677 to null at term 1 for initElection
2019-10-12 10:43:06,439 [613f4f72-aa2b-4fc8-96c5-2be837cde81d@group-2943DE0C8191-LeaderElection37] INFO  impl.LeaderElection (LeaderElection.java:askForVotes(178)) - 613f4f72-aa2b-4fc8-96c5-2be837cde81d@group-2943DE0C8191-LeaderElection37: begin an election at term 2 for 0: [0ef3defa-20aa-4816-9881-210631c2b677:192.168.5.134:34597, 14556118-8144-4117-8324-1126ac1cb2a6:192.168.5.134:39835, 613f4f72-aa2b-4fc8-96c5-2be837cde81d:192.168.5.134:37914], old=null
2019-10-12 10:43:06,446 [613f4f72-aa2b-4fc8-96c5-2be837cde81d@group-2943DE0C8191-LeaderElection37] INFO  impl.LeaderElection (LogUtils.java:infoOrTrace(149)) - 613f4f72-aa2b-4fc8-96c5-2be837cde81d@group-2943DE0C8191-LeaderElection37 got exception when requesting votes: {}
java.util.concurrent.ExecutionException: org.apache.ratis.thirdparty.io.grpc.StatusRuntimeException: UNAVAILABLE: io exception
	at java.util.concurrent.FutureTask.report(FutureTask.java:122)
	at java.util.concurrent.FutureTask.get(FutureTask.java:192)
	at org.apache.ratis.server.impl.LeaderElection.waitForResults(LeaderElection.java:259)
	at org.apache.ratis.server.impl.LeaderElection.askForVotes(LeaderElection.java:197)
	at org.apache.ratis.server.impl.LeaderElection.run(LeaderElection.java:133)
	at java.lang.Thread.run(Thread.java:748)
Caused by: org.apache.ratis.thirdparty.io.grpc.StatusRuntimeException: UNAVAILABLE: io exception
	at org.apache.ratis.thirdparty.io.grpc.stub.ClientCalls.toStatusRuntimeException(ClientCalls.java:233)
	at org.apache.ratis.thirdparty.io.grpc.stub.ClientCalls.getUnchecked(ClientCalls.java:214)
	at org.apache.ratis.thirdparty.io.grpc.stub.ClientCalls.blockingUnaryCall(ClientCalls.java:139)
	at org.apache.ratis.proto.grpc.RaftServerProtocolServiceGrpc$RaftServerProtocolServiceBlockingStub.requestVote(RaftServerProtocolServiceGrpc.java:265)
	at org.apache.ratis.grpc.server.GrpcServerProtocolClient.requestVote(GrpcServerProtocolClient.java:99)
	at org.apache.ratis.grpc.server.GrpcService.requestVote(GrpcService.java:204)
	at org.apache.ratis.server.impl.LeaderElection.lambda$submitRequests$1(LeaderElection.java:234)
	at java.util.concurrent.FutureTask.run(FutureTask.java:266)
	at java.util.concurrent.Executors$RunnableAdapter.call(Executors.java:511)
	at java.util.concurrent.FutureTask.run(FutureTask.java:266)
	at java.util.concurrent.ThreadPoolExecutor.runWorker(ThreadPoolExecutor.java:1149)
	at java.util.concurrent.ThreadPoolExecutor$Worker.run(ThreadPoolExecutor.java:624)
	... 1 more
Caused by: org.apache.ratis.thirdparty.io.netty.channel.AbstractChannel$AnnotatedConnectException: Connection refused: /192.168.5.134:34597
	at sun.nio.ch.SocketChannelImpl.checkConnect(Native Method)
	at sun.nio.ch.SocketChannelImpl.finishConnect(SocketChannelImpl.java:717)
	at org.apache.ratis.thirdparty.io.netty.channel.socket.nio.NioSocketChannel.doFinishConnect(NioSocketChannel.java:327)
	at org.apache.ratis.thirdparty.io.netty.channel.nio.AbstractNioChannel$AbstractNioUnsafe.finishConnect(AbstractNioChannel.java:340)
	at org.apache.ratis.thirdparty.io.netty.channel.nio.NioEventLoop.processSelectedKey(NioEventLoop.java:632)
	at org.apache.ratis.thirdparty.io.netty.channel.nio.NioEventLoop.processSelectedKeysOptimized(NioEventLoop.java:579)
	at org.apache.ratis.thirdparty.io.netty.channel.nio.NioEventLoop.processSelectedKeys(NioEventLoop.java:496)
	at org.apache.ratis.thirdparty.io.netty.channel.nio.NioEventLoop.run(NioEventLoop.java:458)
	at org.apache.ratis.thirdparty.io.netty.util.concurrent.SingleThreadEventExecutor$5.run(SingleThreadEventExecutor.java:897)
	at org.apache.ratis.thirdparty.io.netty.util.concurrent.FastThreadLocalRunnable.run(FastThreadLocalRunnable.java:30)
	... 1 more
Caused by: java.net.ConnectException: Connection refused
	... 11 more
2019-10-12 10:43:06,451 [grpc-default-executor-14] INFO  impl.RaftServerImpl (ServerState.java:setLeader(255)) - 14556118-8144-4117-8324-1126ac1cb2a6@group-2943DE0C8191: change Leader from 0ef3defa-20aa-4816-9881-210631c2b677 to null at term 2 for updateCurrentTerm
2019-10-12 10:43:06,451 [grpc-default-executor-14] INFO  impl.RaftServerImpl (RaftServerImpl.java:setRole(170)) - 14556118-8144-4117-8324-1126ac1cb2a6@group-2943DE0C8191: changes role from  FOLLOWER to FOLLOWER at term 2 for recognizeCandidate:613f4f72-aa2b-4fc8-96c5-2be837cde81d
2019-10-12 10:43:06,451 [grpc-default-executor-14] INFO  impl.RoleInfo (RoleInfo.java:shutdownFollowerState(121)) - 14556118-8144-4117-8324-1126ac1cb2a6: shutdown FollowerState
2019-10-12 10:43:06,451 [grpc-default-executor-14] INFO  impl.RoleInfo (RoleInfo.java:updateAndGet(143)) - 14556118-8144-4117-8324-1126ac1cb2a6: start FollowerState
2019-10-12 10:43:06,452 [Thread-738] INFO  impl.FollowerState (FollowerState.java:run(117)) - 14556118-8144-4117-8324-1126ac1cb2a6@group-2943DE0C8191-FollowerState was interrupted: java.lang.InterruptedException: sleep interrupted
2019-10-12 10:43:06,469 [613f4f72-aa2b-4fc8-96c5-2be837cde81d@group-2943DE0C8191-LeaderElection37] INFO  impl.LeaderElection (LeaderElection.java:logAndReturn(56)) - 613f4f72-aa2b-4fc8-96c5-2be837cde81d@group-2943DE0C8191-LeaderElection37: Election PASSED; received 1 response(s) [613f4f72-aa2b-4fc8-96c5-2be837cde81d<-14556118-8144-4117-8324-1126ac1cb2a6#0:OK-t2] and 1 exception(s); 613f4f72-aa2b-4fc8-96c5-2be837cde81d@group-2943DE0C8191:t2, leader=null, voted=613f4f72-aa2b-4fc8-96c5-2be837cde81d, raftlog=613f4f72-aa2b-4fc8-96c5-2be837cde81d@group-2943DE0C8191-SegmentedRaftLog:OPENED:c8,f8,i8, conf=0: [0ef3defa-20aa-4816-9881-210631c2b677:192.168.5.134:34597, 14556118-8144-4117-8324-1126ac1cb2a6:192.168.5.134:39835, 613f4f72-aa2b-4fc8-96c5-2be837cde81d:192.168.5.134:37914], old=null
2019-10-12 10:43:06,469 [613f4f72-aa2b-4fc8-96c5-2be837cde81d@group-2943DE0C8191-LeaderElection37] INFO  impl.LeaderElection (LogUtils.java:infoOrTrace(149)) -   Exception 0: {}
java.util.concurrent.ExecutionException: org.apache.ratis.thirdparty.io.grpc.StatusRuntimeException: UNAVAILABLE: io exception
	at java.util.concurrent.FutureTask.report(FutureTask.java:122)
	at java.util.concurrent.FutureTask.get(FutureTask.java:192)
	at org.apache.ratis.server.impl.LeaderElection.waitForResults(LeaderElection.java:259)
	at org.apache.ratis.server.impl.LeaderElection.askForVotes(LeaderElection.java:197)
	at org.apache.ratis.server.impl.LeaderElection.run(LeaderElection.java:133)
	at java.lang.Thread.run(Thread.java:748)
Caused by: org.apache.ratis.thirdparty.io.grpc.StatusRuntimeException: UNAVAILABLE: io exception
	at org.apache.ratis.thirdparty.io.grpc.stub.ClientCalls.toStatusRuntimeException(ClientCalls.java:233)
	at org.apache.ratis.thirdparty.io.grpc.stub.ClientCalls.getUnchecked(ClientCalls.java:214)
	at org.apache.ratis.thirdparty.io.grpc.stub.ClientCalls.blockingUnaryCall(ClientCalls.java:139)
	at org.apache.ratis.proto.grpc.RaftServerProtocolServiceGrpc$RaftServerProtocolServiceBlockingStub.requestVote(RaftServerProtocolServiceGrpc.java:265)
	at org.apache.ratis.grpc.server.GrpcServerProtocolClient.requestVote(GrpcServerProtocolClient.java:99)
	at org.apache.ratis.grpc.server.GrpcService.requestVote(GrpcService.java:204)
	at org.apache.ratis.server.impl.LeaderElection.lambda$submitRequests$1(LeaderElection.java:234)
	at java.util.concurrent.FutureTask.run(FutureTask.java:266)
	at java.util.concurrent.Executors$RunnableAdapter.call(Executors.java:511)
	at java.util.concurrent.FutureTask.run(FutureTask.java:266)
	at java.util.concurrent.ThreadPoolExecutor.runWorker(ThreadPoolExecutor.java:1149)
	at java.util.concurrent.ThreadPoolExecutor$Worker.run(ThreadPoolExecutor.java:624)
	... 1 more
Caused by: org.apache.ratis.thirdparty.io.netty.channel.AbstractChannel$AnnotatedConnectException: Connection refused: /192.168.5.134:34597
	at sun.nio.ch.SocketChannelImpl.checkConnect(Native Method)
	at sun.nio.ch.SocketChannelImpl.finishConnect(SocketChannelImpl.java:717)
	at org.apache.ratis.thirdparty.io.netty.channel.socket.nio.NioSocketChannel.doFinishConnect(NioSocketChannel.java:327)
	at org.apache.ratis.thirdparty.io.netty.channel.nio.AbstractNioChannel$AbstractNioUnsafe.finishConnect(AbstractNioChannel.java:340)
	at org.apache.ratis.thirdparty.io.netty.channel.nio.NioEventLoop.processSelectedKey(NioEventLoop.java:632)
	at org.apache.ratis.thirdparty.io.netty.channel.nio.NioEventLoop.processSelectedKeysOptimized(NioEventLoop.java:579)
	at org.apache.ratis.thirdparty.io.netty.channel.nio.NioEventLoop.processSelectedKeys(NioEventLoop.java:496)
	at org.apache.ratis.thirdparty.io.netty.channel.nio.NioEventLoop.run(NioEventLoop.java:458)
	at org.apache.ratis.thirdparty.io.netty.util.concurrent.SingleThreadEventExecutor$5.run(SingleThreadEventExecutor.java:897)
	at org.apache.ratis.thirdparty.io.netty.util.concurrent.FastThreadLocalRunnable.run(FastThreadLocalRunnable.java:30)
	... 1 more
Caused by: java.net.ConnectException: Connection refused
	... 11 more
2019-10-12 10:43:06,470 [613f4f72-aa2b-4fc8-96c5-2be837cde81d@group-2943DE0C8191-LeaderElection37] INFO  impl.RoleInfo (RoleInfo.java:shutdownLeaderElection(134)) - 613f4f72-aa2b-4fc8-96c5-2be837cde81d: shutdown LeaderElection
2019-10-12 10:43:06,470 [613f4f72-aa2b-4fc8-96c5-2be837cde81d@group-2943DE0C8191-LeaderElection37] INFO  impl.RaftServerImpl (RaftServerImpl.java:setRole(170)) - 613f4f72-aa2b-4fc8-96c5-2be837cde81d@group-2943DE0C8191: changes role from CANDIDATE to LEADER at term 2 for changeToLeader
2019-10-12 10:43:06,470 [613f4f72-aa2b-4fc8-96c5-2be837cde81d@group-2943DE0C8191-LeaderElection37] INFO  impl.RaftServerImpl (ServerState.java:setLeader(255)) - 613f4f72-aa2b-4fc8-96c5-2be837cde81d@group-2943DE0C8191: change Leader from null to 613f4f72-aa2b-4fc8-96c5-2be837cde81d at term 2 for becomeLeader, leader elected after 46ms
2019-10-12 10:43:06,471 [613f4f72-aa2b-4fc8-96c5-2be837cde81d@group-2943DE0C8191-LeaderElection37] INFO  server.RaftServerConfigKeys (ConfUtils.java:logGet(43)) - raft.server.staging.catchup.gap = 1000 (default)
2019-10-12 10:43:06,471 [613f4f72-aa2b-4fc8-96c5-2be837cde81d@group-2943DE0C8191-LeaderElection37] INFO  server.RaftServerConfigKeys (ConfUtils.java:logGet(43)) - raft.server.rpc.sleep.time = 25ms (default)
2019-10-12 10:43:06,471 [613f4f72-aa2b-4fc8-96c5-2be837cde81d@group-2943DE0C8191-LeaderElection37] INFO  server.RaftServerConfigKeys (ConfUtils.java:logGet(43)) - raft.server.write.element-limit = 4096 (default)
2019-10-12 10:43:06,471 [613f4f72-aa2b-4fc8-96c5-2be837cde81d@group-2943DE0C8191-LeaderElection37] INFO  server.RaftServerConfigKeys (ConfUtils.java:logGet(43)) - raft.server.watch.timeout = 10s (default)
2019-10-12 10:43:06,472 [613f4f72-aa2b-4fc8-96c5-2be837cde81d@group-2943DE0C8191-LeaderElection37] INFO  server.RaftServerConfigKeys (ConfUtils.java:logGet(43)) - raft.server.watch.timeout.denomination = 1s (default)
2019-10-12 10:43:06,472 [613f4f72-aa2b-4fc8-96c5-2be837cde81d@group-2943DE0C8191-LeaderElection37] INFO  server.RaftServerConfigKeys (ConfUtils.java:logGet(43)) - raft.server.watch.element-limit = 65536 (default)
2019-10-12 10:43:06,476 [613f4f72-aa2b-4fc8-96c5-2be837cde81d@group-2943DE0C8191-LeaderElection37] INFO  server.RaftServerConfigKeys (ConfUtils.java:logGet(43)) - raft.server.log.appender.snapshot.chunk.size.max = 16MB (=16777216) (default)
2019-10-12 10:43:06,476 [613f4f72-aa2b-4fc8-96c5-2be837cde81d@group-2943DE0C8191-LeaderElection37] INFO  server.RaftServerConfigKeys (ConfUtils.java:logGet(43)) - raft.server.log.appender.buffer.byte-limit = 33554432 (custom)
2019-10-12 10:43:06,476 [613f4f72-aa2b-4fc8-96c5-2be837cde81d@group-2943DE0C8191-LeaderElection37] INFO  server.RaftServerConfigKeys (ConfUtils.java:logGet(43)) - raft.server.log.appender.buffer.element-limit = 1 (custom)
2019-10-12 10:43:06,476 [613f4f72-aa2b-4fc8-96c5-2be837cde81d@group-2943DE0C8191-LeaderElection37] INFO  grpc.GrpcConfigKeys$Server (ConfUtils.java:logGet(43)) - raft.grpc.server.leader.outstanding.appends.max = 128 (default)
2019-10-12 10:43:06,477 [613f4f72-aa2b-4fc8-96c5-2be837cde81d@group-2943DE0C8191-LeaderElection37] INFO  server.RaftServerConfigKeys (ConfUtils.java:logGet(43)) - raft.server.rpc.request.timeout = 3000ms (default)
2019-10-12 10:43:06,477 [613f4f72-aa2b-4fc8-96c5-2be837cde81d@group-2943DE0C8191-LeaderElection37] INFO  server.RaftServerConfigKeys (ConfUtils.java:logGet(43)) - raft.server.log.appender.install.snapshot.enabled = false (custom)
2019-10-12 10:43:06,477 [613f4f72-aa2b-4fc8-96c5-2be837cde81d@group-2943DE0C8191-LeaderElection37] INFO  server.RaftServerConfigKeys (ConfUtils.java:logGet(43)) - raft.server.log.appender.snapshot.chunk.size.max = 16MB (=16777216) (default)
2019-10-12 10:43:06,477 [613f4f72-aa2b-4fc8-96c5-2be837cde81d@group-2943DE0C8191-LeaderElection37] INFO  server.RaftServerConfigKeys (ConfUtils.java:logGet(43)) - raft.server.log.appender.buffer.byte-limit = 33554432 (custom)
2019-10-12 10:43:06,477 [613f4f72-aa2b-4fc8-96c5-2be837cde81d@group-2943DE0C8191-LeaderElection37] INFO  server.RaftServerConfigKeys (ConfUtils.java:logGet(43)) - raft.server.log.appender.buffer.element-limit = 1 (custom)
2019-10-12 10:43:06,478 [613f4f72-aa2b-4fc8-96c5-2be837cde81d@group-2943DE0C8191-LeaderElection37] INFO  grpc.GrpcConfigKeys$Server (ConfUtils.java:logGet(43)) - raft.grpc.server.leader.outstanding.appends.max = 128 (default)
2019-10-12 10:43:06,478 [613f4f72-aa2b-4fc8-96c5-2be837cde81d@group-2943DE0C8191-LeaderElection37] INFO  server.RaftServerConfigKeys (ConfUtils.java:logGet(43)) - raft.server.rpc.request.timeout = 3000ms (default)
2019-10-12 10:43:06,478 [613f4f72-aa2b-4fc8-96c5-2be837cde81d@group-2943DE0C8191-LeaderElection37] INFO  server.RaftServerConfigKeys (ConfUtils.java:logGet(43)) - raft.server.log.appender.install.snapshot.enabled = false (custom)
2019-10-12 10:43:06,478 [613f4f72-aa2b-4fc8-96c5-2be837cde81d@group-2943DE0C8191-LeaderElection37] INFO  impl.RoleInfo (RoleInfo.java:updateAndGet(143)) - 613f4f72-aa2b-4fc8-96c5-2be837cde81d: start LeaderState
2019-10-12 10:43:06,479 [613f4f72-aa2b-4fc8-96c5-2be837cde81d@group-2943DE0C8191-LeaderElection37] INFO  segmented.SegmentedRaftLogWorker (SegmentedRaftLogWorker.java:rollLogSegment(390)) - 613f4f72-aa2b-4fc8-96c5-2be837cde81d@group-2943DE0C8191-SegmentedRaftLogWorker: Rolling segment log-0_8 to index:8
2019-10-12 10:43:06,483 [613f4f72-aa2b-4fc8-96c5-2be837cde81d@group-2943DE0C8191-LeaderElection37] INFO  impl.RaftServerImpl (ServerState.java:setRaftConf(356)) - 613f4f72-aa2b-4fc8-96c5-2be837cde81d@group-2943DE0C8191: set configuration 9: [0ef3defa-20aa-4816-9881-210631c2b677:192.168.5.134:34597, 14556118-8144-4117-8324-1126ac1cb2a6:192.168.5.134:39835, 613f4f72-aa2b-4fc8-96c5-2be837cde81d:192.168.5.134:37914], old=null at 9
2019-10-12 10:43:06,483 [grpc-default-executor-14] WARN  server.GrpcLogAppender (LogUtils.java:warn(134)) - 613f4f72-aa2b-4fc8-96c5-2be837cde81d@group-2943DE0C8191->0ef3defa-20aa-4816-9881-210631c2b677-AppendLogResponseHandler: Failed appendEntries: org.apache.ratis.thirdparty.io.grpc.StatusRuntimeException: UNAVAILABLE: io exception
2019-10-12 10:43:06,486 [613f4f72-aa2b-4fc8-96c5-2be837cde81d@group-2943DE0C8191-SegmentedRaftLogWorker] INFO  segmented.SegmentedRaftLogWorker (SegmentedRaftLogWorker.java:execute(531)) - 613f4f72-aa2b-4fc8-96c5-2be837cde81d@group-2943DE0C8191-SegmentedRaftLogWorker: Rolled log segment from /workdir/hadoop-ozone/integration-test/target/test-dir/MiniOzoneClusterImpl-cf0cf180-5432-4e6c-a6d7-fa1470a5ccd4/datanode-0/data/ratis/f4a9a7f0-f047-41ce-8c90-2943de0c8191/current/log_inprogress_0 to /workdir/hadoop-ozone/integration-test/target/test-dir/MiniOzoneClusterImpl-cf0cf180-5432-4e6c-a6d7-fa1470a5ccd4/datanode-0/data/ratis/f4a9a7f0-f047-41ce-8c90-2943de0c8191/current/log_0-8
2019-10-12 10:43:06,486 [grpc-default-executor-14] INFO  impl.FollowerInfo (FollowerInfo.java:lambda$new$0(51)) - 613f4f72-aa2b-4fc8-96c5-2be837cde81d@group-2943DE0C8191->0ef3defa-20aa-4816-9881-210631c2b677: nextIndex: updateUnconditionally 9 -> 1
2019-10-12 10:43:06,487 [grpc-default-executor-1] INFO  impl.RaftServerImpl (ServerState.java:setLeader(255)) - 14556118-8144-4117-8324-1126ac1cb2a6@group-2943DE0C8191: change Leader from null to 613f4f72-aa2b-4fc8-96c5-2be837cde81d at term 2 for appendEntries, leader elected after 36ms
2019-10-12 10:43:06,492 [grpc-default-executor-1] INFO  impl.RaftServerImpl (ServerState.java:setRaftConf(356)) - 14556118-8144-4117-8324-1126ac1cb2a6@group-2943DE0C8191: set configuration 9: [0ef3defa-20aa-4816-9881-210631c2b677:192.168.5.134:34597, 14556118-8144-4117-8324-1126ac1cb2a6:192.168.5.134:39835, 613f4f72-aa2b-4fc8-96c5-2be837cde81d:192.168.5.134:37914], old=null at 9
2019-10-12 10:43:06,493 [grpc-default-executor-1] INFO  segmented.SegmentedRaftLogWorker (SegmentedRaftLogWorker.java:rollLogSegment(390)) - 14556118-8144-4117-8324-1126ac1cb2a6@group-2943DE0C8191-SegmentedRaftLogWorker: Rolling segment log-0_8 to index:8
2019-10-12 10:43:06,494 [14556118-8144-4117-8324-1126ac1cb2a6@group-2943DE0C8191-SegmentedRaftLogWorker] INFO  segmented.SegmentedRaftLogWorker (SegmentedRaftLogWorker.java:execute(531)) - 14556118-8144-4117-8324-1126ac1cb2a6@group-2943DE0C8191-SegmentedRaftLogWorker: Rolled log segment from /workdir/hadoop-ozone/integration-test/target/test-dir/MiniOzoneClusterImpl-cf0cf180-5432-4e6c-a6d7-fa1470a5ccd4/datanode-2/data/ratis/f4a9a7f0-f047-41ce-8c90-2943de0c8191/current/log_inprogress_0 to /workdir/hadoop-ozone/integration-test/target/test-dir/MiniOzoneClusterImpl-cf0cf180-5432-4e6c-a6d7-fa1470a5ccd4/datanode-2/data/ratis/f4a9a7f0-f047-41ce-8c90-2943de0c8191/current/log_0-8
2019-10-12 10:43:06,539 [613f4f72-aa2b-4fc8-96c5-2be837cde81d@group-2943DE0C8191-SegmentedRaftLogWorker] INFO  segmented.SegmentedRaftLogWorker (SegmentedRaftLogWorker.java:execute(574)) - 613f4f72-aa2b-4fc8-96c5-2be837cde81d@group-2943DE0C8191-SegmentedRaftLogWorker: created new log segment /workdir/hadoop-ozone/integration-test/target/test-dir/MiniOzoneClusterImpl-cf0cf180-5432-4e6c-a6d7-fa1470a5ccd4/datanode-0/data/ratis/f4a9a7f0-f047-41ce-8c90-2943de0c8191/current/log_inprogress_9
2019-10-12 10:43:06,539 [14556118-8144-4117-8324-1126ac1cb2a6@group-2943DE0C8191-SegmentedRaftLogWorker] INFO  segmented.SegmentedRaftLogWorker (SegmentedRaftLogWorker.java:execute(574)) - 14556118-8144-4117-8324-1126ac1cb2a6@group-2943DE0C8191-SegmentedRaftLogWorker: created new log segment /workdir/hadoop-ozone/integration-test/target/test-dir/MiniOzoneClusterImpl-cf0cf180-5432-4e6c-a6d7-fa1470a5ccd4/datanode-2/data/ratis/f4a9a7f0-f047-41ce-8c90-2943de0c8191/current/log_inprogress_9
2019-10-12 10:43:06,562 [grpc-default-executor-10] WARN  server.GrpcLogAppender (LogUtils.java:warn(134)) - 613f4f72-aa2b-4fc8-96c5-2be837cde81d@group-2943DE0C8191->0ef3defa-20aa-4816-9881-210631c2b677-AppendLogResponseHandler: Failed appendEntries: org.apache.ratis.thirdparty.io.grpc.StatusRuntimeException: UNAVAILABLE: io exception
2019-10-12 10:43:06,562 [grpc-default-executor-10] INFO  impl.FollowerInfo (FollowerInfo.java:lambda$new$0(51)) - 613f4f72-aa2b-4fc8-96c5-2be837cde81d@group-2943DE0C8191->0ef3defa-20aa-4816-9881-210631c2b677: nextIndex: updateUnconditionally 2 -> 1
2019-10-12 10:43:06,593 [Thread-828] INFO  impl.FollowerState (FollowerState.java:run(108)) - fc1c4701-b87c-4596-89e6-9d7f14f3dc27@group-BCE11E1A6885-FollowerState: change to CANDIDATE, lastRpcTime:6238ms, electionTimeout:5008ms
2019-10-12 10:43:06,594 [Thread-828] INFO  impl.RoleInfo (RoleInfo.java:shutdownFollowerState(121)) - fc1c4701-b87c-4596-89e6-9d7f14f3dc27: shutdown FollowerState
2019-10-12 10:43:06,594 [grpc-default-executor-1] WARN  server.GrpcLogAppender (LogUtils.java:warn(134)) - 613f4f72-aa2b-4fc8-96c5-2be837cde81d@group-2943DE0C8191->0ef3defa-20aa-4816-9881-210631c2b677-AppendLogResponseHandler: Failed appendEntries: org.apache.ratis.thirdparty.io.grpc.StatusRuntimeException: UNAVAILABLE: io exception
2019-10-12 10:43:06,594 [Thread-828] INFO  impl.RaftServerImpl (RaftServerImpl.java:setRole(170)) - fc1c4701-b87c-4596-89e6-9d7f14f3dc27@group-BCE11E1A6885: changes role from  FOLLOWER to CANDIDATE at term 2 for changeToCandidate
2019-10-12 10:43:06,594 [Thread-828] INFO  impl.RoleInfo (RoleInfo.java:updateAndGet(143)) - fc1c4701-b87c-4596-89e6-9d7f14f3dc27: start LeaderElection
2019-10-12 10:43:06,594 [grpc-default-executor-1] INFO  impl.FollowerInfo (FollowerInfo.java:lambda$new$0(51)) - 613f4f72-aa2b-4fc8-96c5-2be837cde81d@group-2943DE0C8191->0ef3defa-20aa-4816-9881-210631c2b677: nextIndex: updateUnconditionally 2 -> 1
2019-10-12 10:43:06,597 [fc1c4701-b87c-4596-89e6-9d7f14f3dc27@group-BCE11E1A6885-LeaderElection38] INFO  impl.RaftServerImpl (ServerState.java:setLeader(255)) - fc1c4701-b87c-4596-89e6-9d7f14f3dc27@group-BCE11E1A6885: change Leader from c99c1d44-e107-4576-970c-049b31509362 to null at term 2 for initElection
2019-10-12 10:43:06,610 [fc1c4701-b87c-4596-89e6-9d7f14f3dc27@group-BCE11E1A6885-LeaderElection38] INFO  impl.LeaderElection (LeaderElection.java:askForVotes(178)) - fc1c4701-b87c-4596-89e6-9d7f14f3dc27@group-BCE11E1A6885-LeaderElection38: begin an election at term 3 for 0: [3e303de4-627b-4a84-82db-195dcd8c66ae:192.168.5.134:33739, fc1c4701-b87c-4596-89e6-9d7f14f3dc27:192.168.5.134:46294, c99c1d44-e107-4576-970c-049b31509362:192.168.5.134:45754], old=null
2019-10-12 10:43:06,613 [fc1c4701-b87c-4596-89e6-9d7f14f3dc27@group-BCE11E1A6885-LeaderElection38] INFO  impl.LeaderElection (LogUtils.java:infoOrTrace(149)) - fc1c4701-b87c-4596-89e6-9d7f14f3dc27@group-BCE11E1A6885-LeaderElection38 got exception when requesting votes: {}
java.util.concurrent.ExecutionException: org.apache.ratis.thirdparty.io.grpc.StatusRuntimeException: UNAVAILABLE: io exception
	at java.util.concurrent.FutureTask.report(FutureTask.java:122)
	at java.util.concurrent.FutureTask.get(FutureTask.java:192)
	at org.apache.ratis.server.impl.LeaderElection.waitForResults(LeaderElection.java:259)
	at org.apache.ratis.server.impl.LeaderElection.askForVotes(LeaderElection.java:197)
	at org.apache.ratis.server.impl.LeaderElection.run(LeaderElection.java:133)
	at java.lang.Thread.run(Thread.java:748)
Caused by: org.apache.ratis.thirdparty.io.grpc.StatusRuntimeException: UNAVAILABLE: io exception
	at org.apache.ratis.thirdparty.io.grpc.stub.ClientCalls.toStatusRuntimeException(ClientCalls.java:233)
	at org.apache.ratis.thirdparty.io.grpc.stub.ClientCalls.getUnchecked(ClientCalls.java:214)
	at org.apache.ratis.thirdparty.io.grpc.stub.ClientCalls.blockingUnaryCall(ClientCalls.java:139)
	at org.apache.ratis.proto.grpc.RaftServerProtocolServiceGrpc$RaftServerProtocolServiceBlockingStub.requestVote(RaftServerProtocolServiceGrpc.java:265)
	at org.apache.ratis.grpc.server.GrpcServerProtocolClient.requestVote(GrpcServerProtocolClient.java:99)
	at org.apache.ratis.grpc.server.GrpcService.requestVote(GrpcService.java:204)
	at org.apache.ratis.server.impl.LeaderElection.lambda$submitRequests$1(LeaderElection.java:234)
	at java.util.concurrent.FutureTask.run(FutureTask.java:266)
	at java.util.concurrent.Executors$RunnableAdapter.call(Executors.java:511)
	at java.util.concurrent.FutureTask.run(FutureTask.java:266)
	at java.util.concurrent.ThreadPoolExecutor.runWorker(ThreadPoolExecutor.java:1149)
	at java.util.concurrent.ThreadPoolExecutor$Worker.run(ThreadPoolExecutor.java:624)
	... 1 more
Caused by: org.apache.ratis.thirdparty.io.netty.channel.AbstractChannel$AnnotatedConnectException: Connection refused: /192.168.5.134:45754
	at sun.nio.ch.SocketChannelImpl.checkConnect(Native Method)
	at sun.nio.ch.SocketChannelImpl.finishConnect(SocketChannelImpl.java:717)
	at org.apache.ratis.thirdparty.io.netty.channel.socket.nio.NioSocketChannel.doFinishConnect(NioSocketChannel.java:327)
	at org.apache.ratis.thirdparty.io.netty.channel.nio.AbstractNioChannel$AbstractNioUnsafe.finishConnect(AbstractNioChannel.java:340)
	at org.apache.ratis.thirdparty.io.netty.channel.nio.NioEventLoop.processSelectedKey(NioEventLoop.java:632)
	at org.apache.ratis.thirdparty.io.netty.channel.nio.NioEventLoop.processSelectedKeysOptimized(NioEventLoop.java:579)
	at org.apache.ratis.thirdparty.io.netty.channel.nio.NioEventLoop.processSelectedKeys(NioEventLoop.java:496)
	at org.apache.ratis.thirdparty.io.netty.channel.nio.NioEventLoop.run(NioEventLoop.java:458)
	at org.apache.ratis.thirdparty.io.netty.util.concurrent.SingleThreadEventExecutor$5.run(SingleThreadEventExecutor.java:897)
	at org.apache.ratis.thirdparty.io.netty.util.concurrent.FastThreadLocalRunnable.run(FastThreadLocalRunnable.java:30)
	... 1 more
Caused by: java.net.ConnectException: Connection refused
	... 11 more
2019-10-12 10:43:06,616 [grpc-default-executor-1] INFO  impl.RaftServerImpl (ServerState.java:setLeader(255)) - 3e303de4-627b-4a84-82db-195dcd8c66ae@group-BCE11E1A6885: change Leader from c99c1d44-e107-4576-970c-049b31509362 to null at term 3 for updateCurrentTerm
2019-10-12 10:43:06,616 [grpc-default-executor-1] INFO  impl.RaftServerImpl (RaftServerImpl.java:setRole(170)) - 3e303de4-627b-4a84-82db-195dcd8c66ae@group-BCE11E1A6885: changes role from  FOLLOWER to FOLLOWER at term 3 for recognizeCandidate:fc1c4701-b87c-4596-89e6-9d7f14f3dc27
2019-10-12 10:43:06,616 [grpc-default-executor-1] INFO  impl.RoleInfo (RoleInfo.java:shutdownFollowerState(121)) - 3e303de4-627b-4a84-82db-195dcd8c66ae: shutdown FollowerState
2019-10-12 10:43:06,616 [grpc-default-executor-1] INFO  impl.RoleInfo (RoleInfo.java:updateAndGet(143)) - 3e303de4-627b-4a84-82db-195dcd8c66ae: start FollowerState
2019-10-12 10:43:06,616 [Thread-829] INFO  impl.FollowerState (FollowerState.java:run(117)) - 3e303de4-627b-4a84-82db-195dcd8c66ae@group-BCE11E1A6885-FollowerState was interrupted: java.lang.InterruptedException: sleep interrupted
2019-10-12 10:43:06,638 [fc1c4701-b87c-4596-89e6-9d7f14f3dc27@group-BCE11E1A6885-LeaderElection38] INFO  impl.LeaderElection (LeaderElection.java:logAndReturn(56)) - fc1c4701-b87c-4596-89e6-9d7f14f3dc27@group-BCE11E1A6885-LeaderElection38: Election PASSED; received 1 response(s) [fc1c4701-b87c-4596-89e6-9d7f14f3dc27<-3e303de4-627b-4a84-82db-195dcd8c66ae#0:OK-t3] and 1 exception(s); fc1c4701-b87c-4596-89e6-9d7f14f3dc27@group-BCE11E1A6885:t3, leader=null, voted=fc1c4701-b87c-4596-89e6-9d7f14f3dc27, raftlog=fc1c4701-b87c-4596-89e6-9d7f14f3dc27@group-BCE11E1A6885-SegmentedRaftLog:OPENED:c0,f0,i0, conf=0: [3e303de4-627b-4a84-82db-195dcd8c66ae:192.168.5.134:33739, fc1c4701-b87c-4596-89e6-9d7f14f3dc27:192.168.5.134:46294, c99c1d44-e107-4576-970c-049b31509362:192.168.5.134:45754], old=null
2019-10-12 10:43:06,638 [fc1c4701-b87c-4596-89e6-9d7f14f3dc27@group-BCE11E1A6885-LeaderElection38] INFO  impl.LeaderElection (LogUtils.java:infoOrTrace(149)) -   Exception 0: {}
java.util.concurrent.ExecutionException: org.apache.ratis.thirdparty.io.grpc.StatusRuntimeException: UNAVAILABLE: io exception
	at java.util.concurrent.FutureTask.report(FutureTask.java:122)
	at java.util.concurrent.FutureTask.get(FutureTask.java:192)
	at org.apache.ratis.server.impl.LeaderElection.waitForResults(LeaderElection.java:259)
	at org.apache.ratis.server.impl.LeaderElection.askForVotes(LeaderElection.java:197)
	at org.apache.ratis.server.impl.LeaderElection.run(LeaderElection.java:133)
	at java.lang.Thread.run(Thread.java:748)
Caused by: org.apache.ratis.thirdparty.io.grpc.StatusRuntimeException: UNAVAILABLE: io exception
	at org.apache.ratis.thirdparty.io.grpc.stub.ClientCalls.toStatusRuntimeException(ClientCalls.java:233)
	at org.apache.ratis.thirdparty.io.grpc.stub.ClientCalls.getUnchecked(ClientCalls.java:214)
	at org.apache.ratis.thirdparty.io.grpc.stub.ClientCalls.blockingUnaryCall(ClientCalls.java:139)
	at org.apache.ratis.proto.grpc.RaftServerProtocolServiceGrpc$RaftServerProtocolServiceBlockingStub.requestVote(RaftServerProtocolServiceGrpc.java:265)
	at org.apache.ratis.grpc.server.GrpcServerProtocolClient.requestVote(GrpcServerProtocolClient.java:99)
	at org.apache.ratis.grpc.server.GrpcService.requestVote(GrpcService.java:204)
	at org.apache.ratis.server.impl.LeaderElection.lambda$submitRequests$1(LeaderElection.java:234)
	at java.util.concurrent.FutureTask.run(FutureTask.java:266)
	at java.util.concurrent.Executors$RunnableAdapter.call(Executors.java:511)
	at java.util.concurrent.FutureTask.run(FutureTask.java:266)
	at java.util.concurrent.ThreadPoolExecutor.runWorker(ThreadPoolExecutor.java:1149)
	at java.util.concurrent.ThreadPoolExecutor$Worker.run(ThreadPoolExecutor.java:624)
	... 1 more
Caused by: org.apache.ratis.thirdparty.io.netty.channel.AbstractChannel$AnnotatedConnectException: Connection refused: /192.168.5.134:45754
	at sun.nio.ch.SocketChannelImpl.checkConnect(Native Method)
	at sun.nio.ch.SocketChannelImpl.finishConnect(SocketChannelImpl.java:717)
	at org.apache.ratis.thirdparty.io.netty.channel.socket.nio.NioSocketChannel.doFinishConnect(NioSocketChannel.java:327)
	at org.apache.ratis.thirdparty.io.netty.channel.nio.AbstractNioChannel$AbstractNioUnsafe.finishConnect(AbstractNioChannel.java:340)
	at org.apache.ratis.thirdparty.io.netty.channel.nio.NioEventLoop.processSelectedKey(NioEventLoop.java:632)
	at org.apache.ratis.thirdparty.io.netty.channel.nio.NioEventLoop.processSelectedKeysOptimized(NioEventLoop.java:579)
	at org.apache.ratis.thirdparty.io.netty.channel.nio.NioEventLoop.processSelectedKeys(NioEventLoop.java:496)
	at org.apache.ratis.thirdparty.io.netty.channel.nio.NioEventLoop.run(NioEventLoop.java:458)
	at org.apache.ratis.thirdparty.io.netty.util.concurrent.SingleThreadEventExecutor$5.run(SingleThreadEventExecutor.java:897)
	at org.apache.ratis.thirdparty.io.netty.util.concurrent.FastThreadLocalRunnable.run(FastThreadLocalRunnable.java:30)
	... 1 more
Caused by: java.net.ConnectException: Connection refused
	... 11 more
2019-10-12 10:43:06,638 [fc1c4701-b87c-4596-89e6-9d7f14f3dc27@group-BCE11E1A6885-LeaderElection38] INFO  impl.RoleInfo (RoleInfo.java:shutdownLeaderElection(134)) - fc1c4701-b87c-4596-89e6-9d7f14f3dc27: shutdown LeaderElection
2019-10-12 10:43:06,639 [fc1c4701-b87c-4596-89e6-9d7f14f3dc27@group-BCE11E1A6885-LeaderElection38] INFO  impl.RaftServerImpl (RaftServerImpl.java:setRole(170)) - fc1c4701-b87c-4596-89e6-9d7f14f3dc27@group-BCE11E1A6885: changes role from CANDIDATE to LEADER at term 3 for changeToLeader
2019-10-12 10:43:06,639 [fc1c4701-b87c-4596-89e6-9d7f14f3dc27@group-BCE11E1A6885-LeaderElection38] INFO  impl.RaftServerImpl (ServerState.java:setLeader(255)) - fc1c4701-b87c-4596-89e6-9d7f14f3dc27@group-BCE11E1A6885: change Leader from null to fc1c4701-b87c-4596-89e6-9d7f14f3dc27 at term 3 for becomeLeader, leader elected after 42ms
2019-10-12 10:43:06,639 [fc1c4701-b87c-4596-89e6-9d7f14f3dc27@group-BCE11E1A6885-LeaderElection38] INFO  server.RaftServerConfigKeys (ConfUtils.java:logGet(43)) - raft.server.staging.catchup.gap = 1000 (default)
2019-10-12 10:43:06,639 [fc1c4701-b87c-4596-89e6-9d7f14f3dc27@group-BCE11E1A6885-LeaderElection38] INFO  server.RaftServerConfigKeys (ConfUtils.java:logGet(43)) - raft.server.rpc.sleep.time = 25ms (default)
2019-10-12 10:43:06,639 [fc1c4701-b87c-4596-89e6-9d7f14f3dc27@group-BCE11E1A6885-LeaderElection38] INFO  server.RaftServerConfigKeys (ConfUtils.java:logGet(43)) - raft.server.write.element-limit = 4096 (default)
2019-10-12 10:43:06,640 [fc1c4701-b87c-4596-89e6-9d7f14f3dc27@group-BCE11E1A6885-LeaderElection38] INFO  server.RaftServerConfigKeys (ConfUtils.java:logGet(43)) - raft.server.watch.timeout = 10s (default)
2019-10-12 10:43:06,640 [fc1c4701-b87c-4596-89e6-9d7f14f3dc27@group-BCE11E1A6885-LeaderElection38] INFO  server.RaftServerConfigKeys (ConfUtils.java:logGet(43)) - raft.server.watch.timeout.denomination = 1s (default)
2019-10-12 10:43:06,640 [fc1c4701-b87c-4596-89e6-9d7f14f3dc27@group-BCE11E1A6885-LeaderElection38] INFO  server.RaftServerConfigKeys (ConfUtils.java:logGet(43)) - raft.server.watch.element-limit = 65536 (default)
2019-10-12 10:43:06,642 [fc1c4701-b87c-4596-89e6-9d7f14f3dc27@group-BCE11E1A6885-LeaderElection38] INFO  server.RaftServerConfigKeys (ConfUtils.java:logGet(43)) - raft.server.log.appender.snapshot.chunk.size.max = 16MB (=16777216) (default)
2019-10-12 10:43:06,642 [fc1c4701-b87c-4596-89e6-9d7f14f3dc27@group-BCE11E1A6885-LeaderElection38] INFO  server.RaftServerConfigKeys (ConfUtils.java:logGet(43)) - raft.server.log.appender.buffer.byte-limit = 33554432 (custom)
2019-10-12 10:43:06,643 [fc1c4701-b87c-4596-89e6-9d7f14f3dc27@group-BCE11E1A6885-LeaderElection38] INFO  server.RaftServerConfigKeys (ConfUtils.java:logGet(43)) - raft.server.log.appender.buffer.element-limit = 1 (custom)
2019-10-12 10:43:06,643 [fc1c4701-b87c-4596-89e6-9d7f14f3dc27@group-BCE11E1A6885-LeaderElection38] INFO  grpc.GrpcConfigKeys$Server (ConfUtils.java:logGet(43)) - raft.grpc.server.leader.outstanding.appends.max = 128 (default)
2019-10-12 10:43:06,643 [fc1c4701-b87c-4596-89e6-9d7f14f3dc27@group-BCE11E1A6885-LeaderElection38] INFO  server.RaftServerConfigKeys (ConfUtils.java:logGet(43)) - raft.server.rpc.request.timeout = 3000ms (default)
2019-10-12 10:43:06,643 [fc1c4701-b87c-4596-89e6-9d7f14f3dc27@group-BCE11E1A6885-LeaderElection38] INFO  server.RaftServerConfigKeys (ConfUtils.java:logGet(43)) - raft.server.log.appender.install.snapshot.enabled = false (custom)
2019-10-12 10:43:06,643 [fc1c4701-b87c-4596-89e6-9d7f14f3dc27@group-BCE11E1A6885-LeaderElection38] INFO  server.RaftServerConfigKeys (ConfUtils.java:logGet(43)) - raft.server.log.appender.snapshot.chunk.size.max = 16MB (=16777216) (default)
2019-10-12 10:43:06,644 [fc1c4701-b87c-4596-89e6-9d7f14f3dc27@group-BCE11E1A6885-LeaderElection38] INFO  server.RaftServerConfigKeys (ConfUtils.java:logGet(43)) - raft.server.log.appender.buffer.byte-limit = 33554432 (custom)
2019-10-12 10:43:06,644 [fc1c4701-b87c-4596-89e6-9d7f14f3dc27@group-BCE11E1A6885-LeaderElection38] INFO  server.RaftServerConfigKeys (ConfUtils.java:logGet(43)) - raft.server.log.appender.buffer.element-limit = 1 (custom)
2019-10-12 10:43:06,644 [fc1c4701-b87c-4596-89e6-9d7f14f3dc27@group-BCE11E1A6885-LeaderElection38] INFO  grpc.GrpcConfigKeys$Server (ConfUtils.java:logGet(43)) - raft.grpc.server.leader.outstanding.appends.max = 128 (default)
2019-10-12 10:43:06,644 [fc1c4701-b87c-4596-89e6-9d7f14f3dc27@group-BCE11E1A6885-LeaderElection38] INFO  server.RaftServerConfigKeys (ConfUtils.java:logGet(43)) - raft.server.rpc.request.timeout = 3000ms (default)
2019-10-12 10:43:06,644 [fc1c4701-b87c-4596-89e6-9d7f14f3dc27@group-BCE11E1A6885-LeaderElection38] INFO  server.RaftServerConfigKeys (ConfUtils.java:logGet(43)) - raft.server.log.appender.install.snapshot.enabled = false (custom)
2019-10-12 10:43:06,645 [fc1c4701-b87c-4596-89e6-9d7f14f3dc27@group-BCE11E1A6885-LeaderElection38] INFO  impl.RoleInfo (RoleInfo.java:updateAndGet(143)) - fc1c4701-b87c-4596-89e6-9d7f14f3dc27: start LeaderState
2019-10-12 10:43:06,645 [fc1c4701-b87c-4596-89e6-9d7f14f3dc27@group-BCE11E1A6885-LeaderElection38] INFO  segmented.SegmentedRaftLogWorker (SegmentedRaftLogWorker.java:rollLogSegment(390)) - fc1c4701-b87c-4596-89e6-9d7f14f3dc27@group-BCE11E1A6885-SegmentedRaftLogWorker: Rolling segment log-0_0 to index:0
2019-10-12 10:43:06,646 [fc1c4701-b87c-4596-89e6-9d7f14f3dc27@group-BCE11E1A6885-LeaderElection38] INFO  impl.RaftServerImpl (ServerState.java:setRaftConf(356)) - fc1c4701-b87c-4596-89e6-9d7f14f3dc27@group-BCE11E1A6885: set configuration 1: [3e303de4-627b-4a84-82db-195dcd8c66ae:192.168.5.134:33739, fc1c4701-b87c-4596-89e6-9d7f14f3dc27:192.168.5.134:46294, c99c1d44-e107-4576-970c-049b31509362:192.168.5.134:45754], old=null at 1
2019-10-12 10:43:06,646 [fc1c4701-b87c-4596-89e6-9d7f14f3dc27@group-BCE11E1A6885-SegmentedRaftLogWorker] INFO  segmented.SegmentedRaftLogWorker (SegmentedRaftLogWorker.java:execute(531)) - fc1c4701-b87c-4596-89e6-9d7f14f3dc27@group-BCE11E1A6885-SegmentedRaftLogWorker: Rolled log segment from /workdir/hadoop-ozone/integration-test/target/test-dir/MiniOzoneClusterImpl-cf0cf180-5432-4e6c-a6d7-fa1470a5ccd4/datanode-5/data/ratis/df023564-c3df-4a55-be70-bce11e1a6885/current/log_inprogress_0 to /workdir/hadoop-ozone/integration-test/target/test-dir/MiniOzoneClusterImpl-cf0cf180-5432-4e6c-a6d7-fa1470a5ccd4/datanode-5/data/ratis/df023564-c3df-4a55-be70-bce11e1a6885/current/log_0-0
2019-10-12 10:43:06,649 [grpc-default-executor-1] WARN  server.GrpcLogAppender (LogUtils.java:warn(134)) - fc1c4701-b87c-4596-89e6-9d7f14f3dc27@group-BCE11E1A6885->c99c1d44-e107-4576-970c-049b31509362-AppendLogResponseHandler: Failed appendEntries: org.apache.ratis.thirdparty.io.grpc.StatusRuntimeException: UNAVAILABLE: io exception
2019-10-12 10:43:06,649 [grpc-default-executor-1] INFO  impl.FollowerInfo (FollowerInfo.java:lambda$new$0(51)) - fc1c4701-b87c-4596-89e6-9d7f14f3dc27@group-BCE11E1A6885->c99c1d44-e107-4576-970c-049b31509362: nextIndex: updateUnconditionally 1 -> 0
2019-10-12 10:43:06,650 [grpc-default-executor-10] INFO  impl.RaftServerImpl (ServerState.java:setLeader(255)) - 3e303de4-627b-4a84-82db-195dcd8c66ae@group-BCE11E1A6885: change Leader from null to fc1c4701-b87c-4596-89e6-9d7f14f3dc27 at term 3 for appendEntries, leader elected after 34ms
2019-10-12 10:43:06,689 [grpc-default-executor-10] INFO  impl.RaftServerImpl (ServerState.java:setRaftConf(356)) - 3e303de4-627b-4a84-82db-195dcd8c66ae@group-BCE11E1A6885: set configuration 1: [3e303de4-627b-4a84-82db-195dcd8c66ae:192.168.5.134:33739, fc1c4701-b87c-4596-89e6-9d7f14f3dc27:192.168.5.134:46294, c99c1d44-e107-4576-970c-049b31509362:192.168.5.134:45754], old=null at 1
2019-10-12 10:43:06,690 [grpc-default-executor-10] INFO  segmented.SegmentedRaftLogWorker (SegmentedRaftLogWorker.java:rollLogSegment(390)) - 3e303de4-627b-4a84-82db-195dcd8c66ae@group-BCE11E1A6885-SegmentedRaftLogWorker: Rolling segment log-0_0 to index:0
2019-10-12 10:43:06,691 [3e303de4-627b-4a84-82db-195dcd8c66ae@group-BCE11E1A6885-SegmentedRaftLogWorker] INFO  segmented.SegmentedRaftLogWorker (SegmentedRaftLogWorker.java:execute(531)) - 3e303de4-627b-4a84-82db-195dcd8c66ae@group-BCE11E1A6885-SegmentedRaftLogWorker: Rolled log segment from /workdir/hadoop-ozone/integration-test/target/test-dir/MiniOzoneClusterImpl-cf0cf180-5432-4e6c-a6d7-fa1470a5ccd4/datanode-3/data/ratis/df023564-c3df-4a55-be70-bce11e1a6885/current/log_inprogress_0 to /workdir/hadoop-ozone/integration-test/target/test-dir/MiniOzoneClusterImpl-cf0cf180-5432-4e6c-a6d7-fa1470a5ccd4/datanode-3/data/ratis/df023564-c3df-4a55-be70-bce11e1a6885/current/log_0-0
2019-10-12 10:43:06,698 [fc1c4701-b87c-4596-89e6-9d7f14f3dc27@group-BCE11E1A6885-SegmentedRaftLogWorker] INFO  segmented.SegmentedRaftLogWorker (SegmentedRaftLogWorker.java:execute(574)) - fc1c4701-b87c-4596-89e6-9d7f14f3dc27@group-BCE11E1A6885-SegmentedRaftLogWorker: created new log segment /workdir/hadoop-ozone/integration-test/target/test-dir/MiniOzoneClusterImpl-cf0cf180-5432-4e6c-a6d7-fa1470a5ccd4/datanode-5/data/ratis/df023564-c3df-4a55-be70-bce11e1a6885/current/log_inprogress_1
2019-10-12 10:43:06,734 [3e303de4-627b-4a84-82db-195dcd8c66ae@group-BCE11E1A6885-SegmentedRaftLogWorker] INFO  segmented.SegmentedRaftLogWorker (SegmentedRaftLogWorker.java:execute(574)) - 3e303de4-627b-4a84-82db-195dcd8c66ae@group-BCE11E1A6885-SegmentedRaftLogWorker: created new log segment /workdir/hadoop-ozone/integration-test/target/test-dir/MiniOzoneClusterImpl-cf0cf180-5432-4e6c-a6d7-fa1470a5ccd4/datanode-3/data/ratis/df023564-c3df-4a55-be70-bce11e1a6885/current/log_inprogress_1
2019-10-12 10:43:06,754 [grpc-default-executor-14] WARN  server.GrpcLogAppender (LogUtils.java:warn(134)) - fc1c4701-b87c-4596-89e6-9d7f14f3dc27@group-BCE11E1A6885->c99c1d44-e107-4576-970c-049b31509362-AppendLogResponseHandler: Failed appendEntries: org.apache.ratis.thirdparty.io.grpc.StatusRuntimeException: UNAVAILABLE: io exception
2019-10-12 10:43:06,755 [grpc-default-executor-14] INFO  impl.FollowerInfo (FollowerInfo.java:lambda$new$0(51)) - fc1c4701-b87c-4596-89e6-9d7f14f3dc27@group-BCE11E1A6885->c99c1d44-e107-4576-970c-049b31509362: nextIndex: updateUnconditionally 1 -> 0
2019-10-12 10:43:06,766 [grpc-default-executor-10] WARN  server.GrpcLogAppender (LogUtils.java:warn(134)) - fc1c4701-b87c-4596-89e6-9d7f14f3dc27@group-BCE11E1A6885->c99c1d44-e107-4576-970c-049b31509362-AppendLogResponseHandler: Failed appendEntries: org.apache.ratis.thirdparty.io.grpc.StatusRuntimeException: UNAVAILABLE: io exception
2019-10-12 10:43:06,767 [grpc-default-executor-10] INFO  impl.FollowerInfo (FollowerInfo.java:lambda$new$0(51)) - fc1c4701-b87c-4596-89e6-9d7f14f3dc27@group-BCE11E1A6885->c99c1d44-e107-4576-970c-049b31509362: nextIndex: updateUnconditionally 1 -> 0
2019-10-12 10:43:07,832 [ForkJoinPool.commonPool-worker-1] INFO  ozoneimpl.OzoneContainer (OzoneContainer.java:stop(227)) - Attempting to stop container services.
2019-10-12 10:43:07,833 [main] INFO  ozoneimpl.OzoneContainer (OzoneContainer.java:stop(227)) - Attempting to stop container services.
2019-10-12 10:43:07,833 [ForkJoinPool.commonPool-worker-1] INFO  impl.RaftServerProxy (RaftServerProxy.java:lambda$close$4(314)) - 14556118-8144-4117-8324-1126ac1cb2a6: close
2019-10-12 10:43:07,834 [main] INFO  impl.RaftServerProxy (RaftServerProxy.java:lambda$close$4(314)) - 3e303de4-627b-4a84-82db-195dcd8c66ae: close
2019-10-12 10:43:07,834 [ForkJoinPool.commonPool-worker-1] INFO  impl.RaftServerImpl (RaftServerImpl.java:lambda$shutdown$3(247)) - 14556118-8144-4117-8324-1126ac1cb2a6@group-195B4753F061: shutdown
2019-10-12 10:43:07,834 [main] INFO  impl.RaftServerImpl (RaftServerImpl.java:lambda$shutdown$3(247)) - 3e303de4-627b-4a84-82db-195dcd8c66ae@group-2316E062DCBB: shutdown
2019-10-12 10:43:07,835 [ForkJoinPool.commonPool-worker-1] INFO  util.JmxRegister (JmxRegister.java:unregister(73)) - Successfully un-registered JMX Bean with object name Ratis:service=RaftServer,group=group-195B4753F061,id=14556118-8144-4117-8324-1126ac1cb2a6
2019-10-12 10:43:07,835 [main] INFO  util.JmxRegister (JmxRegister.java:unregister(73)) - Successfully un-registered JMX Bean with object name Ratis:service=RaftServer,group=group-2316E062DCBB,id=3e303de4-627b-4a84-82db-195dcd8c66ae
2019-10-12 10:43:07,835 [ForkJoinPool.commonPool-worker-1] INFO  impl.RoleInfo (RoleInfo.java:shutdownLeaderState(104)) - 14556118-8144-4117-8324-1126ac1cb2a6: shutdown LeaderState
2019-10-12 10:43:07,836 [main] INFO  impl.RoleInfo (RoleInfo.java:shutdownLeaderState(104)) - 3e303de4-627b-4a84-82db-195dcd8c66ae: shutdown LeaderState
2019-10-12 10:43:07,836 [ForkJoinPool.commonPool-worker-1] INFO  impl.PendingRequests (PendingRequests.java:sendNotLeaderResponses(202)) - 14556118-8144-4117-8324-1126ac1cb2a6@group-195B4753F061-PendingRequests: sendNotLeaderResponses
2019-10-12 10:43:07,837 [main] INFO  impl.PendingRequests (PendingRequests.java:sendNotLeaderResponses(202)) - 3e303de4-627b-4a84-82db-195dcd8c66ae@group-2316E062DCBB-PendingRequests: sendNotLeaderResponses
2019-10-12 10:43:07,837 [ForkJoinPool.commonPool-worker-1] INFO  impl.StateMachineUpdater (StateMachineUpdater.java:stopAndJoin(136)) - 14556118-8144-4117-8324-1126ac1cb2a6@group-195B4753F061-StateMachineUpdater: set stopIndex = 0
2019-10-12 10:43:07,838 [main] INFO  impl.StateMachineUpdater (StateMachineUpdater.java:stopAndJoin(136)) - 3e303de4-627b-4a84-82db-195dcd8c66ae@group-2316E062DCBB-StateMachineUpdater: set stopIndex = 0
2019-10-12 10:43:07,838 [main] INFO  impl.RaftServerImpl (ServerState.java:close(387)) - 3e303de4-627b-4a84-82db-195dcd8c66ae@group-2316E062DCBB: closes. applyIndex: 0
2019-10-12 10:43:07,838 [ForkJoinPool.commonPool-worker-1] INFO  impl.RaftServerImpl (ServerState.java:close(387)) - 14556118-8144-4117-8324-1126ac1cb2a6@group-195B4753F061: closes. applyIndex: 0
2019-10-12 10:43:07,839 [3e303de4-627b-4a84-82db-195dcd8c66ae@group-2316E062DCBB-SegmentedRaftLogWorker] INFO  segmented.SegmentedRaftLogWorker (SegmentedRaftLogWorker.java:run(316)) - 3e303de4-627b-4a84-82db-195dcd8c66ae@group-2316E062DCBB-SegmentedRaftLogWorker was interrupted, exiting. There are 0 tasks remaining in the queue.
2019-10-12 10:43:07,842 [14556118-8144-4117-8324-1126ac1cb2a6@group-195B4753F061-SegmentedRaftLogWorker] INFO  segmented.SegmentedRaftLogWorker (SegmentedRaftLogWorker.java:run(316)) - 14556118-8144-4117-8324-1126ac1cb2a6@group-195B4753F061-SegmentedRaftLogWorker was interrupted, exiting. There are 0 tasks remaining in the queue.
2019-10-12 10:43:07,842 [main] INFO  segmented.SegmentedRaftLogWorker (SegmentedRaftLogWorker.java:close(224)) - 3e303de4-627b-4a84-82db-195dcd8c66ae@group-2316E062DCBB-SegmentedRaftLogWorker close()
2019-10-12 10:43:07,845 [ForkJoinPool.commonPool-worker-1] INFO  segmented.SegmentedRaftLogWorker (SegmentedRaftLogWorker.java:close(224)) - 14556118-8144-4117-8324-1126ac1cb2a6@group-195B4753F061-SegmentedRaftLogWorker close()
2019-10-12 10:43:07,847 [main] INFO  impl.RaftServerImpl (RaftServerImpl.java:lambda$shutdown$3(247)) - 3e303de4-627b-4a84-82db-195dcd8c66ae@group-BCE11E1A6885: shutdown
2019-10-12 10:43:07,849 [ForkJoinPool.commonPool-worker-1] INFO  impl.RaftServerImpl (RaftServerImpl.java:lambda$shutdown$3(247)) - 14556118-8144-4117-8324-1126ac1cb2a6@group-2943DE0C8191: shutdown
2019-10-12 10:43:07,850 [main] INFO  util.JmxRegister (JmxRegister.java:unregister(73)) - Successfully un-registered JMX Bean with object name Ratis:service=RaftServer,group=group-BCE11E1A6885,id=3e303de4-627b-4a84-82db-195dcd8c66ae
2019-10-12 10:43:07,851 [main] INFO  impl.RoleInfo (RoleInfo.java:shutdownFollowerState(121)) - 3e303de4-627b-4a84-82db-195dcd8c66ae: shutdown FollowerState
2019-10-12 10:43:07,850 [ForkJoinPool.commonPool-worker-1] INFO  util.JmxRegister (JmxRegister.java:unregister(73)) - Successfully un-registered JMX Bean with object name Ratis:service=RaftServer,group=group-2943DE0C8191,id=14556118-8144-4117-8324-1126ac1cb2a6
2019-10-12 10:43:07,851 [Thread-1350] INFO  impl.FollowerState (FollowerState.java:run(117)) - 3e303de4-627b-4a84-82db-195dcd8c66ae@group-BCE11E1A6885-FollowerState was interrupted: java.lang.InterruptedException: sleep interrupted
2019-10-12 10:43:07,851 [main] INFO  impl.StateMachineUpdater (StateMachineUpdater.java:stopAndJoin(136)) - 3e303de4-627b-4a84-82db-195dcd8c66ae@group-BCE11E1A6885-StateMachineUpdater: set stopIndex = 1
2019-10-12 10:43:07,851 [ForkJoinPool.commonPool-worker-1] INFO  impl.RoleInfo (RoleInfo.java:shutdownFollowerState(121)) - 14556118-8144-4117-8324-1126ac1cb2a6: shutdown FollowerState
2019-10-12 10:43:07,854 [main] INFO  impl.RaftServerImpl (ServerState.java:close(387)) - 3e303de4-627b-4a84-82db-195dcd8c66ae@group-BCE11E1A6885: closes. applyIndex: 1
2019-10-12 10:43:07,854 [14556118-8144-4117-8324-1126ac1cb2a6@group-2943DE0C8191-StateMachineUpdater] INFO  ratis.ContainerStateMachine (ContainerStateMachine.java:takeSnapshot(294)) - group-2943DE0C8191: Taking a snapshot at:(t:1, i:6) file /workdir/hadoop-ozone/integration-test/target/test-dir/MiniOzoneClusterImpl-cf0cf180-5432-4e6c-a6d7-fa1470a5ccd4/datanode-2/data/ratis/f4a9a7f0-f047-41ce-8c90-2943de0c8191/sm/snapshot.1_6
2019-10-12 10:43:07,854 [Thread-1338] INFO  impl.FollowerState (FollowerState.java:run(117)) - 14556118-8144-4117-8324-1126ac1cb2a6@group-2943DE0C8191-FollowerState was interrupted: java.lang.InterruptedException: sleep interrupted
2019-10-12 10:43:07,854 [ForkJoinPool.commonPool-worker-1] INFO  impl.StateMachineUpdater (StateMachineUpdater.java:stopAndJoin(136)) - 14556118-8144-4117-8324-1126ac1cb2a6@group-2943DE0C8191-StateMachineUpdater: set stopIndex = 9
2019-10-12 10:43:07,855 [3e303de4-627b-4a84-82db-195dcd8c66ae@group-BCE11E1A6885-SegmentedRaftLogWorker] INFO  segmented.SegmentedRaftLogWorker (SegmentedRaftLogWorker.java:run(316)) - 3e303de4-627b-4a84-82db-195dcd8c66ae@group-BCE11E1A6885-SegmentedRaftLogWorker was interrupted, exiting. There are 0 tasks remaining in the queue.
2019-10-12 10:43:07,858 [main] INFO  segmented.SegmentedRaftLogWorker (SegmentedRaftLogWorker.java:close(224)) - 3e303de4-627b-4a84-82db-195dcd8c66ae@group-BCE11E1A6885-SegmentedRaftLogWorker close()
2019-10-12 10:43:07,860 [main] INFO  server.GrpcService (GrpcService.java:closeImpl(164)) - 3e303de4-627b-4a84-82db-195dcd8c66ae: shutdown server with port 33739 now
2019-10-12 10:43:07,861 [grpc-default-executor-14] WARN  server.GrpcServerProtocolService (LogUtils.java:warn(134)) - 3e303de4-627b-4a84-82db-195dcd8c66ae: installSnapshot onError, lastRequest: fc1c4701-b87c-4596-89e6-9d7f14f3dc27->3e303de4-627b-4a84-82db-195dcd8c66ae#2-t3, previous=(t:3, i:1), leaderCommit=1, initializing? false, entries: size=1, first=(t:3, i:2), METADATAENTRY(c1): org.apache.ratis.thirdparty.io.grpc.StatusRuntimeException: CANCELLED: cancelled before receiving half close
2019-10-12 10:43:07,861 [main] INFO  server.GrpcService (GrpcService.java:closeImpl(172)) - 3e303de4-627b-4a84-82db-195dcd8c66ae: shutdown server with port 33739 successfully
2019-10-12 10:43:07,862 [grpc-default-executor-1] WARN  server.GrpcLogAppender (LogUtils.java:warn(134)) - fc1c4701-b87c-4596-89e6-9d7f14f3dc27@group-BCE11E1A6885->3e303de4-627b-4a84-82db-195dcd8c66ae-AppendLogResponseHandler: Failed appendEntries: org.apache.ratis.thirdparty.io.grpc.StatusRuntimeException: CANCELLED: HTTP/2 error code: CANCEL
Received Rst Stream
2019-10-12 10:43:07,863 [grpc-default-executor-1] INFO  impl.FollowerInfo (FollowerInfo.java:lambda$new$0(51)) - fc1c4701-b87c-4596-89e6-9d7f14f3dc27@group-BCE11E1A6885->3e303de4-627b-4a84-82db-195dcd8c66ae: nextIndex: updateUnconditionally 3 -> 2
2019-10-12 10:43:07,864 [refreshUsed-/workdir/hadoop-ozone/integration-test/target/test-dir/MiniOzoneClusterImpl-cf0cf180-5432-4e6c-a6d7-fa1470a5ccd4/datanode-3/data/containers] WARN  fs.CachingGetSpaceUsed (CachingGetSpaceUsed.java:run(183)) - Thread Interrupted waiting to refresh disk information: sleep interrupted
2019-10-12 10:43:07,868 [14556118-8144-4117-8324-1126ac1cb2a6@group-2943DE0C8191-StateMachineUpdater] INFO  ratis.ContainerStateMachine (ContainerStateMachine.java:takeSnapshot(305)) - group-2943DE0C8191: Finished taking a snapshot at:(t:1, i:6) file:/workdir/hadoop-ozone/integration-test/target/test-dir/MiniOzoneClusterImpl-cf0cf180-5432-4e6c-a6d7-fa1470a5ccd4/datanode-2/data/ratis/f4a9a7f0-f047-41ce-8c90-2943de0c8191/sm/snapshot.1_6 time:14
2019-10-12 10:43:07,870 [14556118-8144-4117-8324-1126ac1cb2a6@group-2943DE0C8191-StateMachineUpdater] INFO  impl.StateMachineUpdater (StateMachineUpdater.java:takeSnapshot(269)) - 14556118-8144-4117-8324-1126ac1cb2a6@group-2943DE0C8191-StateMachineUpdater: Took a snapshot at index 6
2019-10-12 10:43:07,870 [14556118-8144-4117-8324-1126ac1cb2a6@group-2943DE0C8191-StateMachineUpdater] INFO  impl.StateMachineUpdater (StateMachineUpdater.java:lambda$new$0(84)) - 14556118-8144-4117-8324-1126ac1cb2a6@group-2943DE0C8191-StateMachineUpdater: snapshotIndex: updateIncreasingly -1 -> 6
2019-10-12 10:43:07,870 [14556118-8144-4117-8324-1126ac1cb2a6@group-2943DE0C8191-StateMachineUpdater] INFO  ratis.ContainerStateMachine (ContainerStateMachine.java:takeSnapshot(294)) - group-2943DE0C8191: Taking a snapshot at:(t:1, i:6) file /workdir/hadoop-ozone/integration-test/target/test-dir/MiniOzoneClusterImpl-cf0cf180-5432-4e6c-a6d7-fa1470a5ccd4/datanode-2/data/ratis/f4a9a7f0-f047-41ce-8c90-2943de0c8191/sm/snapshot.1_6
2019-10-12 10:43:07,883 [14556118-8144-4117-8324-1126ac1cb2a6@group-2943DE0C8191-StateMachineUpdater] INFO  ratis.ContainerStateMachine (ContainerStateMachine.java:takeSnapshot(305)) - group-2943DE0C8191: Finished taking a snapshot at:(t:1, i:6) file:/workdir/hadoop-ozone/integration-test/target/test-dir/MiniOzoneClusterImpl-cf0cf180-5432-4e6c-a6d7-fa1470a5ccd4/datanode-2/data/ratis/f4a9a7f0-f047-41ce-8c90-2943de0c8191/sm/snapshot.1_6 time:12
2019-10-12 10:43:07,883 [14556118-8144-4117-8324-1126ac1cb2a6@group-2943DE0C8191-StateMachineUpdater] INFO  impl.StateMachineUpdater (StateMachineUpdater.java:takeSnapshot(269)) - 14556118-8144-4117-8324-1126ac1cb2a6@group-2943DE0C8191-StateMachineUpdater: Took a snapshot at index 6
2019-10-12 10:43:07,883 [14556118-8144-4117-8324-1126ac1cb2a6@group-2943DE0C8191-StateMachineUpdater] INFO  impl.StateMachineUpdater (StateMachineUpdater.java:lambda$new$0(84)) - 14556118-8144-4117-8324-1126ac1cb2a6@group-2943DE0C8191-StateMachineUpdater: snapshotIndex: updateIncreasingly 6 -> 6
2019-10-12 10:43:07,883 [ForkJoinPool.commonPool-worker-1] INFO  impl.RaftServerImpl (ServerState.java:close(387)) - 14556118-8144-4117-8324-1126ac1cb2a6@group-2943DE0C8191: closes. applyIndex: 9
2019-10-12 10:43:07,884 [main] INFO  utils.BackgroundService (BackgroundService.java:shutdown(151)) - Shutting down service BlockDeletingService
2019-10-12 10:43:07,884 [14556118-8144-4117-8324-1126ac1cb2a6@group-2943DE0C8191-SegmentedRaftLogWorker] INFO  segmented.SegmentedRaftLogWorker (SegmentedRaftLogWorker.java:run(316)) - 14556118-8144-4117-8324-1126ac1cb2a6@group-2943DE0C8191-SegmentedRaftLogWorker was interrupted, exiting. There are 0 tasks remaining in the queue.
2019-10-12 10:43:07,887 [ForkJoinPool.commonPool-worker-1] INFO  segmented.SegmentedRaftLogWorker (SegmentedRaftLogWorker.java:close(224)) - 14556118-8144-4117-8324-1126ac1cb2a6@group-2943DE0C8191-SegmentedRaftLogWorker close()
2019-10-12 10:43:07,892 [ForkJoinPool.commonPool-worker-1] INFO  server.GrpcService (GrpcService.java:closeImpl(164)) - 14556118-8144-4117-8324-1126ac1cb2a6: shutdown server with port 39835 now
2019-10-12 10:43:07,894 [main] INFO  statemachine.DatanodeStateMachine (DatanodeStateMachine.java:stopDaemon(401)) - Ozone container server stopped.
2019-10-12 10:43:07,894 [grpc-default-executor-1] WARN  server.GrpcServerProtocolService (LogUtils.java:warn(134)) - 14556118-8144-4117-8324-1126ac1cb2a6: installSnapshot onError, lastRequest: 613f4f72-aa2b-4fc8-96c5-2be837cde81d->14556118-8144-4117-8324-1126ac1cb2a6#2-t2, previous=(t:2, i:9), leaderCommit=9, initializing? false, entries: size=1, first=(t:2, i:10), METADATAENTRY(c9): org.apache.ratis.thirdparty.io.grpc.StatusRuntimeException: CANCELLED: cancelled before receiving half close
2019-10-12 10:43:07,895 [grpc-default-executor-10] WARN  server.GrpcLogAppender (LogUtils.java:warn(134)) - 613f4f72-aa2b-4fc8-96c5-2be837cde81d@group-2943DE0C8191->14556118-8144-4117-8324-1126ac1cb2a6-AppendLogResponseHandler: Failed appendEntries: org.apache.ratis.thirdparty.io.grpc.StatusRuntimeException: CANCELLED: HTTP/2 error code: CANCEL
Received Rst Stream
2019-10-12 10:43:07,894 [ForkJoinPool.commonPool-worker-1] INFO  server.GrpcService (GrpcService.java:closeImpl(172)) - 14556118-8144-4117-8324-1126ac1cb2a6: shutdown server with port 39835 successfully
2019-10-12 10:43:07,895 [grpc-default-executor-10] INFO  impl.FollowerInfo (FollowerInfo.java:lambda$new$0(51)) - 613f4f72-aa2b-4fc8-96c5-2be837cde81d@group-2943DE0C8191->14556118-8144-4117-8324-1126ac1cb2a6: nextIndex: updateUnconditionally 11 -> 10
2019-10-12 10:43:07,897 [refreshUsed-/workdir/hadoop-ozone/integration-test/target/test-dir/MiniOzoneClusterImpl-cf0cf180-5432-4e6c-a6d7-fa1470a5ccd4/datanode-2/data/containers] WARN  fs.CachingGetSpaceUsed (CachingGetSpaceUsed.java:run(183)) - Thread Interrupted waiting to refresh disk information: sleep interrupted
2019-10-12 10:43:07,907 [main] INFO  handler.ContextHandler (ContextHandler.java:doStop(910)) - Stopped o.e.j.w.WebAppContext@5ba03c82{/,null,UNAVAILABLE}{/hddsDatanode}
2019-10-12 10:43:07,908 [main] INFO  server.AbstractConnector (AbstractConnector.java:doStop(318)) - Stopped ServerConnector@60df7989{HTTP/1.1,[http/1.1]}{0.0.0.0:0}
2019-10-12 10:43:07,909 [main] INFO  handler.ContextHandler (ContextHandler.java:doStop(910)) - Stopped o.e.j.s.ServletContextHandler@1da4b3f9{/static,jar:file:/home/user/.m2/repository/org/apache/hadoop/hadoop-hdds-container-service/0.5.0-SNAPSHOT/hadoop-hdds-container-service-0.5.0-SNAPSHOT.jar!/webapps/static,UNAVAILABLE}
2019-10-12 10:43:07,910 [main] INFO  handler.ContextHandler (ContextHandler.java:doStop(910)) - Stopped o.e.j.s.ServletContextHandler@45545e7a{/logs,file:///workdir/hadoop-ozone/integration-test/target/log,UNAVAILABLE}
2019-10-12 10:43:07,917 [ForkJoinPool.commonPool-worker-1] INFO  utils.BackgroundService (BackgroundService.java:shutdown(151)) - Shutting down service BlockDeletingService
2019-10-12 10:43:07,923 [ForkJoinPool.commonPool-worker-1] INFO  statemachine.DatanodeStateMachine (DatanodeStateMachine.java:stopDaemon(401)) - Ozone container server stopped.
2019-10-12 10:43:07,928 [ForkJoinPool.commonPool-worker-1] INFO  handler.ContextHandler (ContextHandler.java:doStop(910)) - Stopped o.e.j.w.WebAppContext@427a12b6{/,null,UNAVAILABLE}{/hddsDatanode}
2019-10-12 10:43:07,929 [ForkJoinPool.commonPool-worker-1] INFO  server.AbstractConnector (AbstractConnector.java:doStop(318)) - Stopped ServerConnector@6025d790{HTTP/1.1,[http/1.1]}{0.0.0.0:0}
2019-10-12 10:43:07,930 [ForkJoinPool.commonPool-worker-1] INFO  handler.ContextHandler (ContextHandler.java:doStop(910)) - Stopped o.e.j.s.ServletContextHandler@610d28b8{/static,jar:file:/home/user/.m2/repository/org/apache/hadoop/hadoop-hdds-container-service/0.5.0-SNAPSHOT/hadoop-hdds-container-service-0.5.0-SNAPSHOT.jar!/webapps/static,UNAVAILABLE}
2019-10-12 10:43:07,932 [ForkJoinPool.commonPool-worker-1] INFO  handler.ContextHandler (ContextHandler.java:doStop(910)) - Stopped o.e.j.s.ServletContextHandler@6dd36ab6{/logs,file:///workdir/hadoop-ozone/integration-test/target/log,UNAVAILABLE}
2019-10-12 10:43:08,339 [Datanode State Machine Thread - 0] INFO  statemachine.DatanodeStateMachine (DatanodeStateMachine.java:lambda$startDaemon$0(356)) - Ozone container server started.
2019-10-12 10:43:08,858 [Datanode State Machine Thread - 0] INFO  statemachine.DatanodeStateMachine (DatanodeStateMachine.java:lambda$startDaemon$0(356)) - Ozone container server started.
2019-10-12 10:43:09,075 [grpc-default-executor-13] WARN  server.GrpcLogAppender (LogUtils.java:warn(134)) - 613f4f72-aa2b-4fc8-96c5-2be837cde81d@group-2943DE0C8191->14556118-8144-4117-8324-1126ac1cb2a6-AppendLogResponseHandler: Failed appendEntries: org.apache.ratis.thirdparty.io.grpc.StatusRuntimeException: UNAVAILABLE: io exception
2019-10-12 10:43:09,075 [grpc-default-executor-13] INFO  impl.FollowerInfo (FollowerInfo.java:lambda$new$0(51)) - 613f4f72-aa2b-4fc8-96c5-2be837cde81d@group-2943DE0C8191->14556118-8144-4117-8324-1126ac1cb2a6: nextIndex: updateUnconditionally 10 -> 9
2019-10-12 10:43:09,076 [grpc-default-executor-13] WARN  server.GrpcLogAppender (LogUtils.java:warn(134)) - 613f4f72-aa2b-4fc8-96c5-2be837cde81d@group-2943DE0C8191->0ef3defa-20aa-4816-9881-210631c2b677-AppendLogResponseHandler: Failed appendEntries: org.apache.ratis.thirdparty.io.grpc.StatusRuntimeException: UNAVAILABLE: io exception
2019-10-12 10:43:09,076 [grpc-default-executor-13] INFO  impl.FollowerInfo (FollowerInfo.java:lambda$new$0(51)) - 613f4f72-aa2b-4fc8-96c5-2be837cde81d@group-2943DE0C8191->0ef3defa-20aa-4816-9881-210631c2b677: nextIndex: updateUnconditionally 1 -> 0
2019-10-12 10:43:09,267 [grpc-default-executor-10] WARN  server.GrpcLogAppender (LogUtils.java:warn(134)) - fc1c4701-b87c-4596-89e6-9d7f14f3dc27@group-BCE11E1A6885->c99c1d44-e107-4576-970c-049b31509362-AppendLogResponseHandler: Failed appendEntries: org.apache.ratis.thirdparty.io.grpc.StatusRuntimeException: UNAVAILABLE: io exception
2019-10-12 10:43:09,267 [grpc-default-executor-14] WARN  server.GrpcLogAppender (LogUtils.java:warn(134)) - fc1c4701-b87c-4596-89e6-9d7f14f3dc27@group-BCE11E1A6885->3e303de4-627b-4a84-82db-195dcd8c66ae-AppendLogResponseHandler: Failed appendEntries: org.apache.ratis.thirdparty.io.grpc.StatusRuntimeException: UNAVAILABLE: io exception
2019-10-12 10:43:09,268 [grpc-default-executor-10] INFO  impl.FollowerInfo (FollowerInfo.java:lambda$new$0(51)) - fc1c4701-b87c-4596-89e6-9d7f14f3dc27@group-BCE11E1A6885->c99c1d44-e107-4576-970c-049b31509362: nextIndex: updateUnconditionally 0 -> 0
2019-10-12 10:43:09,268 [grpc-default-executor-14] INFO  impl.FollowerInfo (FollowerInfo.java:lambda$new$0(51)) - fc1c4701-b87c-4596-89e6-9d7f14f3dc27@group-BCE11E1A6885->3e303de4-627b-4a84-82db-195dcd8c66ae: nextIndex: updateUnconditionally 2 -> 1
2019-10-12 10:43:11,578 [grpc-default-executor-1] WARN  server.GrpcLogAppender (LogUtils.java:warn(134)) - 613f4f72-aa2b-4fc8-96c5-2be837cde81d@group-2943DE0C8191->0ef3defa-20aa-4816-9881-210631c2b677-AppendLogResponseHandler: Failed appendEntries: org.apache.ratis.thirdparty.io.grpc.StatusRuntimeException: UNAVAILABLE: io exception
2019-10-12 10:43:11,578 [grpc-default-executor-10] WARN  server.GrpcLogAppender (LogUtils.java:warn(134)) - 613f4f72-aa2b-4fc8-96c5-2be837cde81d@group-2943DE0C8191->14556118-8144-4117-8324-1126ac1cb2a6-AppendLogResponseHandler: Failed appendEntries: org.apache.ratis.thirdparty.io.grpc.StatusRuntimeException: UNAVAILABLE: io exception
2019-10-12 10:43:11,579 [grpc-default-executor-1] INFO  impl.FollowerInfo (FollowerInfo.java:lambda$new$0(51)) - 613f4f72-aa2b-4fc8-96c5-2be837cde81d@group-2943DE0C8191->0ef3defa-20aa-4816-9881-210631c2b677: nextIndex: updateUnconditionally 0 -> 0
2019-10-12 10:43:11,579 [grpc-default-executor-10] INFO  impl.FollowerInfo (FollowerInfo.java:lambda$new$0(51)) - 613f4f72-aa2b-4fc8-96c5-2be837cde81d@group-2943DE0C8191->14556118-8144-4117-8324-1126ac1cb2a6: nextIndex: updateUnconditionally 9 -> 8
2019-10-12 10:43:11,768 [grpc-default-executor-0] WARN  server.GrpcLogAppender (LogUtils.java:warn(134)) - fc1c4701-b87c-4596-89e6-9d7f14f3dc27@group-BCE11E1A6885->3e303de4-627b-4a84-82db-195dcd8c66ae-AppendLogResponseHandler: Failed appendEntries: org.apache.ratis.thirdparty.io.grpc.StatusRuntimeException: UNAVAILABLE: io exception
2019-10-12 10:43:11,769 [grpc-default-executor-0] INFO  impl.FollowerInfo (FollowerInfo.java:lambda$new$0(51)) - fc1c4701-b87c-4596-89e6-9d7f14f3dc27@group-BCE11E1A6885->3e303de4-627b-4a84-82db-195dcd8c66ae: nextIndex: updateUnconditionally 1 -> 0
2019-10-12 10:43:11,769 [grpc-default-executor-15] WARN  server.GrpcLogAppender (LogUtils.java:warn(134)) - fc1c4701-b87c-4596-89e6-9d7f14f3dc27@group-BCE11E1A6885->c99c1d44-e107-4576-970c-049b31509362-AppendLogResponseHandler: Failed appendEntries: org.apache.ratis.thirdparty.io.grpc.StatusRuntimeException: UNAVAILABLE: io exception
2019-10-12 10:43:11,770 [grpc-default-executor-15] INFO  impl.FollowerInfo (FollowerInfo.java:lambda$new$0(51)) - fc1c4701-b87c-4596-89e6-9d7f14f3dc27@group-BCE11E1A6885->c99c1d44-e107-4576-970c-049b31509362: nextIndex: updateUnconditionally 0 -> 0
2019-10-12 10:43:12,912 [main] INFO  ozoneimpl.OzoneContainer (OzoneContainer.java:stop(227)) - Attempting to stop container services.
2019-10-12 10:43:12,913 [main] INFO  impl.RaftServerProxy (RaftServerProxy.java:lambda$close$4(314)) - 773db779-bc95-4000-bcf3-5bb0ad76e127: close
2019-10-12 10:43:12,914 [main] INFO  impl.RaftServerImpl (RaftServerImpl.java:lambda$shutdown$3(247)) - 773db779-bc95-4000-bcf3-5bb0ad76e127@group-938689596661: shutdown
2019-10-12 10:43:12,914 [main] INFO  util.JmxRegister (JmxRegister.java:unregister(73)) - Successfully un-registered JMX Bean with object name Ratis:service=RaftServer,group=group-938689596661,id=773db779-bc95-4000-bcf3-5bb0ad76e127
2019-10-12 10:43:12,914 [main] INFO  impl.RoleInfo (RoleInfo.java:shutdownLeaderState(104)) - 773db779-bc95-4000-bcf3-5bb0ad76e127: shutdown LeaderState
2019-10-12 10:43:12,914 [main] INFO  impl.PendingRequests (PendingRequests.java:sendNotLeaderResponses(202)) - 773db779-bc95-4000-bcf3-5bb0ad76e127@group-938689596661-PendingRequests: sendNotLeaderResponses
2019-10-12 10:43:12,915 [main] INFO  impl.StateMachineUpdater (StateMachineUpdater.java:stopAndJoin(136)) - 773db779-bc95-4000-bcf3-5bb0ad76e127@group-938689596661-StateMachineUpdater: set stopIndex = 0
2019-10-12 10:43:12,917 [main] INFO  impl.RaftServerImpl (ServerState.java:close(387)) - 773db779-bc95-4000-bcf3-5bb0ad76e127@group-938689596661: closes. applyIndex: 0
2019-10-12 10:43:12,917 [773db779-bc95-4000-bcf3-5bb0ad76e127@group-938689596661-SegmentedRaftLogWorker] INFO  segmented.SegmentedRaftLogWorker (SegmentedRaftLogWorker.java:run(316)) - 773db779-bc95-4000-bcf3-5bb0ad76e127@group-938689596661-SegmentedRaftLogWorker was interrupted, exiting. There are 0 tasks remaining in the queue.
2019-10-12 10:43:12,922 [main] INFO  segmented.SegmentedRaftLogWorker (SegmentedRaftLogWorker.java:close(224)) - 773db779-bc95-4000-bcf3-5bb0ad76e127@group-938689596661-SegmentedRaftLogWorker close()
2019-10-12 10:43:12,924 [main] INFO  server.GrpcService (GrpcService.java:closeImpl(164)) - 773db779-bc95-4000-bcf3-5bb0ad76e127: shutdown server with port 46293 now
2019-10-12 10:43:12,925 [main] INFO  server.GrpcService (GrpcService.java:closeImpl(172)) - 773db779-bc95-4000-bcf3-5bb0ad76e127: shutdown server with port 46293 successfully
2019-10-12 10:43:12,934 [ForkJoinPool.commonPool-worker-1] INFO  ozoneimpl.OzoneContainer (OzoneContainer.java:stop(227)) - Attempting to stop container services.
2019-10-12 10:43:12,935 [refreshUsed-/workdir/hadoop-ozone/integration-test/target/test-dir/MiniOzoneClusterImpl-cf0cf180-5432-4e6c-a6d7-fa1470a5ccd4/datanode-6/data/containers] WARN  fs.CachingGetSpaceUsed (CachingGetSpaceUsed.java:run(183)) - Thread Interrupted waiting to refresh disk information: sleep interrupted
2019-10-12 10:43:12,935 [ForkJoinPool.commonPool-worker-1] INFO  impl.RaftServerProxy (RaftServerProxy.java:lambda$close$4(314)) - 613f4f72-aa2b-4fc8-96c5-2be837cde81d: close
2019-10-12 10:43:12,935 [ForkJoinPool.commonPool-worker-1] INFO  impl.RaftServerImpl (RaftServerImpl.java:lambda$shutdown$3(247)) - 613f4f72-aa2b-4fc8-96c5-2be837cde81d@group-5CF2593432BF: shutdown
2019-10-12 10:43:12,936 [ForkJoinPool.commonPool-worker-1] INFO  util.JmxRegister (JmxRegister.java:unregister(73)) - Successfully un-registered JMX Bean with object name Ratis:service=RaftServer,group=group-5CF2593432BF,id=613f4f72-aa2b-4fc8-96c5-2be837cde81d
2019-10-12 10:43:12,936 [ForkJoinPool.commonPool-worker-1] INFO  impl.RoleInfo (RoleInfo.java:shutdownLeaderState(104)) - 613f4f72-aa2b-4fc8-96c5-2be837cde81d: shutdown LeaderState
2019-10-12 10:43:12,936 [ForkJoinPool.commonPool-worker-1] INFO  impl.PendingRequests (PendingRequests.java:sendNotLeaderResponses(202)) - 613f4f72-aa2b-4fc8-96c5-2be837cde81d@group-5CF2593432BF-PendingRequests: sendNotLeaderResponses
2019-10-12 10:43:12,937 [ForkJoinPool.commonPool-worker-1] INFO  impl.StateMachineUpdater (StateMachineUpdater.java:stopAndJoin(136)) - 613f4f72-aa2b-4fc8-96c5-2be837cde81d@group-5CF2593432BF-StateMachineUpdater: set stopIndex = 0
2019-10-12 10:43:12,937 [ForkJoinPool.commonPool-worker-1] INFO  impl.RaftServerImpl (ServerState.java:close(387)) - 613f4f72-aa2b-4fc8-96c5-2be837cde81d@group-5CF2593432BF: closes. applyIndex: 0
2019-10-12 10:43:12,938 [613f4f72-aa2b-4fc8-96c5-2be837cde81d@group-5CF2593432BF-SegmentedRaftLogWorker] INFO  segmented.SegmentedRaftLogWorker (SegmentedRaftLogWorker.java:run(316)) - 613f4f72-aa2b-4fc8-96c5-2be837cde81d@group-5CF2593432BF-SegmentedRaftLogWorker was interrupted, exiting. There are 0 tasks remaining in the queue.
2019-10-12 10:43:12,939 [ForkJoinPool.commonPool-worker-1] INFO  segmented.SegmentedRaftLogWorker (SegmentedRaftLogWorker.java:close(224)) - 613f4f72-aa2b-4fc8-96c5-2be837cde81d@group-5CF2593432BF-SegmentedRaftLogWorker close()
2019-10-12 10:43:12,949 [ForkJoinPool.commonPool-worker-1] INFO  impl.RaftServerImpl (RaftServerImpl.java:lambda$shutdown$3(247)) - 613f4f72-aa2b-4fc8-96c5-2be837cde81d@group-2943DE0C8191: shutdown
2019-10-12 10:43:12,949 [ForkJoinPool.commonPool-worker-1] INFO  util.JmxRegister (JmxRegister.java:unregister(73)) - Successfully un-registered JMX Bean with object name Ratis:service=RaftServer,group=group-2943DE0C8191,id=613f4f72-aa2b-4fc8-96c5-2be837cde81d
2019-10-12 10:43:12,950 [ForkJoinPool.commonPool-worker-1] INFO  impl.RoleInfo (RoleInfo.java:shutdownLeaderState(104)) - 613f4f72-aa2b-4fc8-96c5-2be837cde81d: shutdown LeaderState
2019-10-12 10:43:12,953 [ForkJoinPool.commonPool-worker-1] INFO  impl.PendingRequests (PendingRequests.java:sendNotLeaderResponses(202)) - 613f4f72-aa2b-4fc8-96c5-2be837cde81d@group-2943DE0C8191-PendingRequests: sendNotLeaderResponses
2019-10-12 10:43:12,953 [org.apache.ratis.server.impl.LogAppender$AppenderDaemon$$Lambda$950/2025505050@39e879d4] WARN  server.GrpcLogAppender (GrpcLogAppender.java:mayWait(143)) - 613f4f72-aa2b-4fc8-96c5-2be837cde81d@group-2943DE0C8191->0ef3defa-20aa-4816-9881-210631c2b677-GrpcLogAppender: Wait interrupted by java.lang.InterruptedException
2019-10-12 10:43:12,953 [org.apache.ratis.server.impl.LogAppender$AppenderDaemon$$Lambda$950/2025505050@35d4f551] WARN  server.GrpcLogAppender (GrpcLogAppender.java:mayWait(143)) - 613f4f72-aa2b-4fc8-96c5-2be837cde81d@group-2943DE0C8191->14556118-8144-4117-8324-1126ac1cb2a6-GrpcLogAppender: Wait interrupted by java.lang.InterruptedException
2019-10-12 10:43:12,953 [ForkJoinPool.commonPool-worker-1] INFO  impl.StateMachineUpdater (StateMachineUpdater.java:stopAndJoin(136)) - 613f4f72-aa2b-4fc8-96c5-2be837cde81d@group-2943DE0C8191-StateMachineUpdater: set stopIndex = 10
2019-10-12 10:43:12,954 [613f4f72-aa2b-4fc8-96c5-2be837cde81d@group-2943DE0C8191-StateMachineUpdater] INFO  ratis.ContainerStateMachine (ContainerStateMachine.java:takeSnapshot(294)) - group-2943DE0C8191: Taking a snapshot at:(t:1, i:6) file /workdir/hadoop-ozone/integration-test/target/test-dir/MiniOzoneClusterImpl-cf0cf180-5432-4e6c-a6d7-fa1470a5ccd4/datanode-0/data/ratis/f4a9a7f0-f047-41ce-8c90-2943de0c8191/sm/snapshot.1_6
2019-10-12 10:43:12,965 [main] INFO  utils.BackgroundService (BackgroundService.java:shutdown(151)) - Shutting down service BlockDeletingService
2019-10-12 10:43:12,970 [main] INFO  statemachine.DatanodeStateMachine (DatanodeStateMachine.java:stopDaemon(401)) - Ozone container server stopped.
2019-10-12 10:43:12,980 [613f4f72-aa2b-4fc8-96c5-2be837cde81d@group-2943DE0C8191-StateMachineUpdater] INFO  ratis.ContainerStateMachine (ContainerStateMachine.java:takeSnapshot(305)) - group-2943DE0C8191: Finished taking a snapshot at:(t:1, i:6) file:/workdir/hadoop-ozone/integration-test/target/test-dir/MiniOzoneClusterImpl-cf0cf180-5432-4e6c-a6d7-fa1470a5ccd4/datanode-0/data/ratis/f4a9a7f0-f047-41ce-8c90-2943de0c8191/sm/snapshot.1_6 time:27
2019-10-12 10:43:12,980 [613f4f72-aa2b-4fc8-96c5-2be837cde81d@group-2943DE0C8191-StateMachineUpdater] INFO  impl.StateMachineUpdater (StateMachineUpdater.java:takeSnapshot(269)) - 613f4f72-aa2b-4fc8-96c5-2be837cde81d@group-2943DE0C8191-StateMachineUpdater: Took a snapshot at index 6
2019-10-12 10:43:12,980 [613f4f72-aa2b-4fc8-96c5-2be837cde81d@group-2943DE0C8191-StateMachineUpdater] INFO  impl.StateMachineUpdater (StateMachineUpdater.java:lambda$new$0(84)) - 613f4f72-aa2b-4fc8-96c5-2be837cde81d@group-2943DE0C8191-StateMachineUpdater: snapshotIndex: updateIncreasingly -1 -> 6
2019-10-12 10:43:12,981 [613f4f72-aa2b-4fc8-96c5-2be837cde81d@group-2943DE0C8191-StateMachineUpdater] INFO  ratis.ContainerStateMachine (ContainerStateMachine.java:takeSnapshot(294)) - group-2943DE0C8191: Taking a snapshot at:(t:1, i:6) file /workdir/hadoop-ozone/integration-test/target/test-dir/MiniOzoneClusterImpl-cf0cf180-5432-4e6c-a6d7-fa1470a5ccd4/datanode-0/data/ratis/f4a9a7f0-f047-41ce-8c90-2943de0c8191/sm/snapshot.1_6
2019-10-12 10:43:12,983 [main] INFO  handler.ContextHandler (ContextHandler.java:doStop(910)) - Stopped o.e.j.w.WebAppContext@54b2fc58{/,null,UNAVAILABLE}{/hddsDatanode}
2019-10-12 10:43:12,985 [main] INFO  server.AbstractConnector (AbstractConnector.java:doStop(318)) - Stopped ServerConnector@daf22f0{HTTP/1.1,[http/1.1]}{0.0.0.0:0}
2019-10-12 10:43:12,985 [main] INFO  handler.ContextHandler (ContextHandler.java:doStop(910)) - Stopped o.e.j.s.ServletContextHandler@626c19cf{/static,jar:file:/home/user/.m2/repository/org/apache/hadoop/hadoop-hdds-container-service/0.5.0-SNAPSHOT/hadoop-hdds-container-service-0.5.0-SNAPSHOT.jar!/webapps/static,UNAVAILABLE}
2019-10-12 10:43:12,986 [main] INFO  handler.ContextHandler (ContextHandler.java:doStop(910)) - Stopped o.e.j.s.ServletContextHandler@56cc9f29{/logs,file:///workdir/hadoop-ozone/integration-test/target/log,UNAVAILABLE}
2019-10-12 10:43:12,993 [613f4f72-aa2b-4fc8-96c5-2be837cde81d@group-2943DE0C8191-StateMachineUpdater] INFO  ratis.ContainerStateMachine (ContainerStateMachine.java:takeSnapshot(305)) - group-2943DE0C8191: Finished taking a snapshot at:(t:1, i:6) file:/workdir/hadoop-ozone/integration-test/target/test-dir/MiniOzoneClusterImpl-cf0cf180-5432-4e6c-a6d7-fa1470a5ccd4/datanode-0/data/ratis/f4a9a7f0-f047-41ce-8c90-2943de0c8191/sm/snapshot.1_6 time:12
2019-10-12 10:43:12,993 [613f4f72-aa2b-4fc8-96c5-2be837cde81d@group-2943DE0C8191-StateMachineUpdater] INFO  impl.StateMachineUpdater (StateMachineUpdater.java:takeSnapshot(269)) - 613f4f72-aa2b-4fc8-96c5-2be837cde81d@group-2943DE0C8191-StateMachineUpdater: Took a snapshot at index 6
2019-10-12 10:43:12,993 [613f4f72-aa2b-4fc8-96c5-2be837cde81d@group-2943DE0C8191-StateMachineUpdater] INFO  impl.StateMachineUpdater (StateMachineUpdater.java:lambda$new$0(84)) - 613f4f72-aa2b-4fc8-96c5-2be837cde81d@group-2943DE0C8191-StateMachineUpdater: snapshotIndex: updateIncreasingly 6 -> 6
2019-10-12 10:43:12,994 [ForkJoinPool.commonPool-worker-1] INFO  impl.RaftServerImpl (ServerState.java:close(387)) - 613f4f72-aa2b-4fc8-96c5-2be837cde81d@group-2943DE0C8191: closes. applyIndex: 10
2019-10-12 10:43:12,994 [613f4f72-aa2b-4fc8-96c5-2be837cde81d@group-2943DE0C8191-SegmentedRaftLogWorker] INFO  segmented.SegmentedRaftLogWorker (SegmentedRaftLogWorker.java:run(316)) - 613f4f72-aa2b-4fc8-96c5-2be837cde81d@group-2943DE0C8191-SegmentedRaftLogWorker was interrupted, exiting. There are 0 tasks remaining in the queue.
2019-10-12 10:43:12,995 [ForkJoinPool.commonPool-worker-1] INFO  segmented.SegmentedRaftLogWorker (SegmentedRaftLogWorker.java:close(224)) - 613f4f72-aa2b-4fc8-96c5-2be837cde81d@group-2943DE0C8191-SegmentedRaftLogWorker close()
2019-10-12 10:43:12,995 [ForkJoinPool.commonPool-worker-1] INFO  server.GrpcService (GrpcService.java:closeImpl(164)) - 613f4f72-aa2b-4fc8-96c5-2be837cde81d: shutdown server with port 37914 now
2019-10-12 10:43:12,996 [ForkJoinPool.commonPool-worker-1] INFO  server.GrpcService (GrpcService.java:closeImpl(172)) - 613f4f72-aa2b-4fc8-96c5-2be837cde81d: shutdown server with port 37914 successfully
2019-10-12 10:43:13,002 [refreshUsed-/workdir/hadoop-ozone/integration-test/target/test-dir/MiniOzoneClusterImpl-cf0cf180-5432-4e6c-a6d7-fa1470a5ccd4/datanode-0/data/containers] WARN  fs.CachingGetSpaceUsed (CachingGetSpaceUsed.java:run(183)) - Thread Interrupted waiting to refresh disk information: sleep interrupted
2019-10-12 10:43:13,018 [ForkJoinPool.commonPool-worker-1] INFO  utils.BackgroundService (BackgroundService.java:shutdown(151)) - Shutting down service BlockDeletingService
2019-10-12 10:43:13,022 [ForkJoinPool.commonPool-worker-1] INFO  statemachine.DatanodeStateMachine (DatanodeStateMachine.java:stopDaemon(401)) - Ozone container server stopped.
2019-10-12 10:43:13,026 [ForkJoinPool.commonPool-worker-1] INFO  handler.ContextHandler (ContextHandler.java:doStop(910)) - Stopped o.e.j.w.WebAppContext@7235f92b{/,null,UNAVAILABLE}{/hddsDatanode}
2019-10-12 10:43:13,027 [ForkJoinPool.commonPool-worker-1] INFO  server.AbstractConnector (AbstractConnector.java:doStop(318)) - Stopped ServerConnector@7885776b{HTTP/1.1,[http/1.1]}{0.0.0.0:0}
2019-10-12 10:43:13,028 [ForkJoinPool.commonPool-worker-1] INFO  handler.ContextHandler (ContextHandler.java:doStop(910)) - Stopped o.e.j.s.ServletContextHandler@e280403{/static,jar:file:/home/user/.m2/repository/org/apache/hadoop/hadoop-hdds-container-service/0.5.0-SNAPSHOT/hadoop-hdds-container-service-0.5.0-SNAPSHOT.jar!/webapps/static,UNAVAILABLE}
2019-10-12 10:43:13,030 [ForkJoinPool.commonPool-worker-1] INFO  handler.ContextHandler (ContextHandler.java:doStop(910)) - Stopped o.e.j.s.ServletContextHandler@726934e2{/logs,file:///workdir/hadoop-ozone/integration-test/target/log,UNAVAILABLE}
2019-10-12 10:43:13,882 [Datanode State Machine Thread - 0] INFO  statemachine.DatanodeStateMachine (DatanodeStateMachine.java:lambda$startDaemon$0(356)) - Ozone container server started.
2019-10-12 10:43:14,270 [grpc-default-executor-15] WARN  server.GrpcLogAppender (LogUtils.java:warn(134)) - fc1c4701-b87c-4596-89e6-9d7f14f3dc27@group-BCE11E1A6885->3e303de4-627b-4a84-82db-195dcd8c66ae-AppendLogResponseHandler: Failed appendEntries: org.apache.ratis.thirdparty.io.grpc.StatusRuntimeException: UNAVAILABLE: io exception
2019-10-12 10:43:14,270 [grpc-default-executor-10] WARN  server.GrpcLogAppender (LogUtils.java:warn(134)) - fc1c4701-b87c-4596-89e6-9d7f14f3dc27@group-BCE11E1A6885->c99c1d44-e107-4576-970c-049b31509362-AppendLogResponseHandler: Failed appendEntries: org.apache.ratis.thirdparty.io.grpc.StatusRuntimeException: UNAVAILABLE: io exception
2019-10-12 10:43:14,270 [grpc-default-executor-15] INFO  impl.FollowerInfo (FollowerInfo.java:lambda$new$0(51)) - fc1c4701-b87c-4596-89e6-9d7f14f3dc27@group-BCE11E1A6885->3e303de4-627b-4a84-82db-195dcd8c66ae: nextIndex: updateUnconditionally 0 -> 0
2019-10-12 10:43:14,270 [grpc-default-executor-10] INFO  impl.FollowerInfo (FollowerInfo.java:lambda$new$0(51)) - fc1c4701-b87c-4596-89e6-9d7f14f3dc27@group-BCE11E1A6885->c99c1d44-e107-4576-970c-049b31509362: nextIndex: updateUnconditionally 0 -> 0
2019-10-12 10:43:16,778 [grpc-default-executor-15] WARN  server.GrpcLogAppender (LogUtils.java:warn(134)) - fc1c4701-b87c-4596-89e6-9d7f14f3dc27@group-BCE11E1A6885->c99c1d44-e107-4576-970c-049b31509362-AppendLogResponseHandler: Failed appendEntries: org.apache.ratis.thirdparty.io.grpc.StatusRuntimeException: UNAVAILABLE: io exception
2019-10-12 10:43:16,778 [grpc-default-executor-10] WARN  server.GrpcLogAppender (LogUtils.java:warn(134)) - fc1c4701-b87c-4596-89e6-9d7f14f3dc27@group-BCE11E1A6885->3e303de4-627b-4a84-82db-195dcd8c66ae-AppendLogResponseHandler: Failed appendEntries: org.apache.ratis.thirdparty.io.grpc.StatusRuntimeException: UNAVAILABLE: io exception
2019-10-12 10:43:16,779 [grpc-default-executor-15] INFO  impl.FollowerInfo (FollowerInfo.java:lambda$new$0(51)) - fc1c4701-b87c-4596-89e6-9d7f14f3dc27@group-BCE11E1A6885->c99c1d44-e107-4576-970c-049b31509362: nextIndex: updateUnconditionally 0 -> 0
2019-10-12 10:43:16,779 [grpc-default-executor-10] INFO  impl.FollowerInfo (FollowerInfo.java:lambda$new$0(51)) - fc1c4701-b87c-4596-89e6-9d7f14f3dc27@group-BCE11E1A6885->3e303de4-627b-4a84-82db-195dcd8c66ae: nextIndex: updateUnconditionally 0 -> 0
2019-10-12 10:43:17,990 [main] INFO  ozoneimpl.OzoneContainer (OzoneContainer.java:stop(227)) - Attempting to stop container services.
2019-10-12 10:43:17,993 [main] INFO  impl.RaftServerProxy (RaftServerProxy.java:lambda$close$4(314)) - fc1c4701-b87c-4596-89e6-9d7f14f3dc27: close
2019-10-12 10:43:17,995 [main] INFO  impl.RaftServerImpl (RaftServerImpl.java:lambda$shutdown$3(247)) - fc1c4701-b87c-4596-89e6-9d7f14f3dc27@group-F6230F0684E0: shutdown
2019-10-12 10:43:17,995 [main] INFO  util.JmxRegister (JmxRegister.java:unregister(73)) - Successfully un-registered JMX Bean with object name Ratis:service=RaftServer,group=group-F6230F0684E0,id=fc1c4701-b87c-4596-89e6-9d7f14f3dc27
2019-10-12 10:43:17,996 [main] INFO  impl.RoleInfo (RoleInfo.java:shutdownLeaderState(104)) - fc1c4701-b87c-4596-89e6-9d7f14f3dc27: shutdown LeaderState
2019-10-12 10:43:17,997 [main] INFO  impl.PendingRequests (PendingRequests.java:sendNotLeaderResponses(202)) - fc1c4701-b87c-4596-89e6-9d7f14f3dc27@group-F6230F0684E0-PendingRequests: sendNotLeaderResponses
2019-10-12 10:43:17,999 [main] INFO  impl.StateMachineUpdater (StateMachineUpdater.java:stopAndJoin(136)) - fc1c4701-b87c-4596-89e6-9d7f14f3dc27@group-F6230F0684E0-StateMachineUpdater: set stopIndex = 0
2019-10-12 10:43:18,001 [main] INFO  impl.RaftServerImpl (ServerState.java:close(387)) - fc1c4701-b87c-4596-89e6-9d7f14f3dc27@group-F6230F0684E0: closes. applyIndex: 0
2019-10-12 10:43:18,002 [fc1c4701-b87c-4596-89e6-9d7f14f3dc27@group-F6230F0684E0-SegmentedRaftLogWorker] INFO  segmented.SegmentedRaftLogWorker (SegmentedRaftLogWorker.java:run(316)) - fc1c4701-b87c-4596-89e6-9d7f14f3dc27@group-F6230F0684E0-SegmentedRaftLogWorker was interrupted, exiting. There are 0 tasks remaining in the queue.
2019-10-12 10:43:18,002 [main] INFO  segmented.SegmentedRaftLogWorker (SegmentedRaftLogWorker.java:close(224)) - fc1c4701-b87c-4596-89e6-9d7f14f3dc27@group-F6230F0684E0-SegmentedRaftLogWorker close()
2019-10-12 10:43:18,003 [main] INFO  impl.RaftServerImpl (RaftServerImpl.java:lambda$shutdown$3(247)) - fc1c4701-b87c-4596-89e6-9d7f14f3dc27@group-BCE11E1A6885: shutdown
2019-10-12 10:43:18,003 [main] INFO  util.JmxRegister (JmxRegister.java:unregister(73)) - Successfully un-registered JMX Bean with object name Ratis:service=RaftServer,group=group-BCE11E1A6885,id=fc1c4701-b87c-4596-89e6-9d7f14f3dc27
2019-10-12 10:43:18,004 [main] INFO  impl.RoleInfo (RoleInfo.java:shutdownLeaderState(104)) - fc1c4701-b87c-4596-89e6-9d7f14f3dc27: shutdown LeaderState
2019-10-12 10:43:18,008 [main] INFO  impl.PendingRequests (PendingRequests.java:sendNotLeaderResponses(202)) - fc1c4701-b87c-4596-89e6-9d7f14f3dc27@group-BCE11E1A6885-PendingRequests: sendNotLeaderResponses
2019-10-12 10:43:18,008 [org.apache.ratis.server.impl.LogAppender$AppenderDaemon$$Lambda$950/2025505050@70b690c7] WARN  server.GrpcLogAppender (GrpcLogAppender.java:mayWait(143)) - fc1c4701-b87c-4596-89e6-9d7f14f3dc27@group-BCE11E1A6885->3e303de4-627b-4a84-82db-195dcd8c66ae-GrpcLogAppender: Wait interrupted by java.lang.InterruptedException
2019-10-12 10:43:18,008 [org.apache.ratis.server.impl.LogAppender$AppenderDaemon$$Lambda$950/2025505050@8991c0f] WARN  server.GrpcLogAppender (GrpcLogAppender.java:mayWait(143)) - fc1c4701-b87c-4596-89e6-9d7f14f3dc27@group-BCE11E1A6885->c99c1d44-e107-4576-970c-049b31509362-GrpcLogAppender: Wait interrupted by java.lang.InterruptedException
2019-10-12 10:43:18,011 [main] INFO  impl.StateMachineUpdater (StateMachineUpdater.java:stopAndJoin(136)) - fc1c4701-b87c-4596-89e6-9d7f14f3dc27@group-BCE11E1A6885-StateMachineUpdater: set stopIndex = 2
2019-10-12 10:43:18,011 [main] INFO  impl.RaftServerImpl (ServerState.java:close(387)) - fc1c4701-b87c-4596-89e6-9d7f14f3dc27@group-BCE11E1A6885: closes. applyIndex: 2
2019-10-12 10:43:18,012 [fc1c4701-b87c-4596-89e6-9d7f14f3dc27@group-BCE11E1A6885-SegmentedRaftLogWorker] INFO  segmented.SegmentedRaftLogWorker (SegmentedRaftLogWorker.java:run(316)) - fc1c4701-b87c-4596-89e6-9d7f14f3dc27@group-BCE11E1A6885-SegmentedRaftLogWorker was interrupted, exiting. There are 0 tasks remaining in the queue.
2019-10-12 10:43:18,012 [main] INFO  segmented.SegmentedRaftLogWorker (SegmentedRaftLogWorker.java:close(224)) - fc1c4701-b87c-4596-89e6-9d7f14f3dc27@group-BCE11E1A6885-SegmentedRaftLogWorker close()
2019-10-12 10:43:18,013 [main] INFO  server.GrpcService (GrpcService.java:closeImpl(164)) - fc1c4701-b87c-4596-89e6-9d7f14f3dc27: shutdown server with port 46294 now
2019-10-12 10:43:18,014 [main] INFO  server.GrpcService (GrpcService.java:closeImpl(172)) - fc1c4701-b87c-4596-89e6-9d7f14f3dc27: shutdown server with port 46294 successfully
2019-10-12 10:43:18,021 [refreshUsed-/workdir/hadoop-ozone/integration-test/target/test-dir/MiniOzoneClusterImpl-cf0cf180-5432-4e6c-a6d7-fa1470a5ccd4/datanode-5/data/containers] WARN  fs.CachingGetSpaceUsed (CachingGetSpaceUsed.java:run(183)) - Thread Interrupted waiting to refresh disk information: sleep interrupted
2019-10-12 10:43:18,039 [main] INFO  utils.BackgroundService (BackgroundService.java:shutdown(151)) - Shutting down service BlockDeletingService
2019-10-12 10:43:18,043 [main] INFO  statemachine.DatanodeStateMachine (DatanodeStateMachine.java:stopDaemon(401)) - Ozone container server stopped.
2019-10-12 10:43:18,057 [main] INFO  handler.ContextHandler (ContextHandler.java:doStop(910)) - Stopped o.e.j.w.WebAppContext@3913f206{/,null,UNAVAILABLE}{/hddsDatanode}
2019-10-12 10:43:18,058 [main] INFO  server.AbstractConnector (AbstractConnector.java:doStop(318)) - Stopped ServerConnector@3e8799f{HTTP/1.1,[http/1.1]}{0.0.0.0:0}
2019-10-12 10:43:18,059 [main] INFO  handler.ContextHandler (ContextHandler.java:doStop(910)) - Stopped o.e.j.s.ServletContextHandler@3d9f5016{/static,jar:file:/home/user/.m2/repository/org/apache/hadoop/hadoop-hdds-container-service/0.5.0-SNAPSHOT/hadoop-hdds-container-service-0.5.0-SNAPSHOT.jar!/webapps/static,UNAVAILABLE}
2019-10-12 10:43:18,060 [main] INFO  handler.ContextHandler (ContextHandler.java:doStop(910)) - Stopped o.e.j.s.ServletContextHandler@72b6832e{/logs,file:///workdir/hadoop-ozone/integration-test/target/log,UNAVAILABLE}
2019-10-12 10:43:18,061 [main] INFO  ozone.MiniOzoneClusterImpl (MiniOzoneClusterImpl.java:stopSCM(397)) - Stopping the StorageContainerManager
2019-10-12 10:43:18,061 [main] INFO  server.StorageContainerManager (StorageContainerManager.java:stop(809)) - Stopping Replication Manager Service.
2019-10-12 10:43:18,061 [main] INFO  container.ReplicationManager (ReplicationManager.java:stop(203)) - Stopping Replication Monitor Thread.
2019-10-12 10:43:18,062 [main] INFO  server.StorageContainerManager (StorageContainerManager.java:stop(816)) - Stopping Lease Manager of the command watchers
2019-10-12 10:43:18,062 [main] INFO  server.StorageContainerManager (StorageContainerManager.java:stop(823)) - Stopping datanode service RPC server
2019-10-12 10:43:18,062 [main] INFO  server.SCMDatanodeProtocolServer (SCMDatanodeProtocolServer.java:stop(366)) - Stopping the RPC server for DataNodes
2019-10-12 10:43:18,063 [main] INFO  ipc.Server (Server.java:stop(3082)) - Stopping server on 45648
2019-10-12 10:43:18,065 [IPC Server listener on 45648] INFO  ipc.Server (Server.java:run(1185)) - Stopping IPC Server listener on 45648
2019-10-12 10:43:18,066 [IPC Server Responder] INFO  ipc.Server (Server.java:run(1319)) - Stopping IPC Server Responder
2019-10-12 10:43:18,158 [SCM Heartbeat Processing Thread - 0] WARN  node.NodeStateManager (NodeStateManager.java:scheduleNextHealthCheck(646)) - Current Thread is interrupted, shutting down HB processing thread for Node Manager.
2019-10-12 10:43:18,158 [main] INFO  server.StorageContainerManager (StorageContainerManager.java:stop(831)) - Stopping block service RPC server
2019-10-12 10:43:18,159 [main] INFO  server.SCMBlockProtocolServer (SCMBlockProtocolServer.java:stop(155)) - Stopping the RPC server for Block Protocol
2019-10-12 10:43:18,159 [main] INFO  ipc.Server (Server.java:stop(3082)) - Stopping server on 41701
2019-10-12 10:43:18,161 [main] INFO  server.StorageContainerManager (StorageContainerManager.java:stop(838)) - Stopping the StorageContainerLocationProtocol RPC server
2019-10-12 10:43:18,161 [IPC Server listener on 41701] INFO  ipc.Server (Server.java:run(1185)) - Stopping IPC Server listener on 41701
2019-10-12 10:43:18,162 [IPC Server Responder] INFO  ipc.Server (Server.java:run(1319)) - Stopping IPC Server Responder
2019-10-12 10:43:18,162 [main] INFO  server.SCMClientProtocolServer (SCMClientProtocolServer.java:stop(168)) - Stopping the RPC server for Client Protocol
2019-10-12 10:43:18,164 [main] INFO  ipc.Server (Server.java:stop(3082)) - Stopping server on 44643
2019-10-12 10:43:18,166 [IPC Server listener on 44643] INFO  ipc.Server (Server.java:run(1185)) - Stopping IPC Server listener on 44643
2019-10-12 10:43:18,166 [main] INFO  server.StorageContainerManager (StorageContainerManager.java:stop(845)) - Stopping Storage Container Manager HTTP server.
2019-10-12 10:43:18,167 [IPC Server Responder] INFO  ipc.Server (Server.java:run(1319)) - Stopping IPC Server Responder
2019-10-12 10:43:18,169 [main] INFO  handler.ContextHandler (ContextHandler.java:doStop(910)) - Stopped o.e.j.w.WebAppContext@2ffb3aec{/,null,UNAVAILABLE}{/scm}
2019-10-12 10:43:18,170 [main] INFO  server.AbstractConnector (AbstractConnector.java:doStop(318)) - Stopped ServerConnector@786ff1cb{HTTP/1.1,[http/1.1]}{0.0.0.0:0}
2019-10-12 10:43:18,170 [main] INFO  handler.ContextHandler (ContextHandler.java:doStop(910)) - Stopped o.e.j.s.ServletContextHandler@2e32fc22{/static,file:///workdir/hadoop-ozone/integration-test/target/test-classes/webapps/static,UNAVAILABLE}
2019-10-12 10:43:18,171 [main] INFO  handler.ContextHandler (ContextHandler.java:doStop(910)) - Stopped o.e.j.s.ServletContextHandler@2b1cd7bc{/logs,file:///workdir/hadoop-ozone/integration-test/target/log,UNAVAILABLE}
2019-10-12 10:43:18,172 [main] INFO  server.StorageContainerManager (StorageContainerManager.java:stop(856)) - Stopping Block Manager Service.
2019-10-12 10:43:18,172 [main] INFO  utils.BackgroundService (BackgroundService.java:shutdown(151)) - Shutting down service SCMBlockDeletingService
2019-10-12 10:43:18,172 [main] INFO  utils.BackgroundService (BackgroundService.java:shutdown(151)) - Shutting down service SCMBlockDeletingService
2019-10-12 10:43:18,173 [main] INFO  server.StorageContainerManager (StorageContainerManager.java:stop(878)) - Stopping SCM Event Queue.
2019-10-12 10:43:18,180 [main] INFO  impl.MetricsSystemImpl (MetricsSystemImpl.java:stop(210)) - Stopping HddsDatanode metrics system...
2019-10-12 10:43:18,201 [main] INFO  impl.MetricsSystemImpl (MetricsSystemImpl.java:stop(216)) - HddsDatanode metrics system stopped.
]]></system-out>
    <system-err><![CDATA[Oct 12, 2019 10:43:07 AM org.apache.ratis.thirdparty.io.grpc.internal.SerializingExecutor run
SEVERE: Exception while executing runnable org.apache.ratis.thirdparty.io.grpc.internal.ServerImpl$JumpToApplicationThreadServerStreamListener$1Closed@b5cebf6
org.apache.ratis.thirdparty.io.grpc.StatusRuntimeException: CANCELLED: call already cancelled
	at org.apache.ratis.thirdparty.io.grpc.Status.asRuntimeException(Status.java:517)
	at org.apache.ratis.thirdparty.io.grpc.stub.ServerCalls$ServerCallStreamObserverImpl.onCompleted(ServerCalls.java:356)
	at org.apache.ratis.grpc.server.GrpcServerProtocolService$ServerRequestStreamObserver.onError(GrpcServerProtocolService.java:121)
	at org.apache.ratis.thirdparty.io.grpc.stub.ServerCalls$StreamingServerCallHandler$StreamingServerCallListener.onCancel(ServerCalls.java:269)
	at org.apache.ratis.thirdparty.io.grpc.internal.ServerCallImpl$ServerStreamListenerImpl.closed(ServerCallImpl.java:293)
	at org.apache.ratis.thirdparty.io.grpc.internal.ServerImpl$JumpToApplicationThreadServerStreamListener$1Closed.runInContext(ServerImpl.java:741)
	at org.apache.ratis.thirdparty.io.grpc.internal.ContextRunnable.run(ContextRunnable.java:37)
	at org.apache.ratis.thirdparty.io.grpc.internal.SerializingExecutor.run(SerializingExecutor.java:123)
	at java.util.concurrent.ThreadPoolExecutor.runWorker(ThreadPoolExecutor.java:1149)
	at java.util.concurrent.ThreadPoolExecutor$Worker.run(ThreadPoolExecutor.java:624)
	at java.lang.Thread.run(Thread.java:748)

Oct 12, 2019 10:43:07 AM org.apache.ratis.thirdparty.io.grpc.internal.SerializingExecutor run
SEVERE: Exception while executing runnable org.apache.ratis.thirdparty.io.grpc.internal.ServerImpl$JumpToApplicationThreadServerStreamListener$1Closed@290774b4
org.apache.ratis.thirdparty.io.grpc.StatusRuntimeException: CANCELLED: call already cancelled
	at org.apache.ratis.thirdparty.io.grpc.Status.asRuntimeException(Status.java:517)
	at org.apache.ratis.thirdparty.io.grpc.stub.ServerCalls$ServerCallStreamObserverImpl.onCompleted(ServerCalls.java:356)
	at org.apache.ratis.grpc.server.GrpcServerProtocolService$ServerRequestStreamObserver.onError(GrpcServerProtocolService.java:121)
	at org.apache.ratis.thirdparty.io.grpc.stub.ServerCalls$StreamingServerCallHandler$StreamingServerCallListener.onCancel(ServerCalls.java:269)
	at org.apache.ratis.thirdparty.io.grpc.internal.ServerCallImpl$ServerStreamListenerImpl.closed(ServerCallImpl.java:293)
	at org.apache.ratis.thirdparty.io.grpc.internal.ServerImpl$JumpToApplicationThreadServerStreamListener$1Closed.runInContext(ServerImpl.java:741)
	at org.apache.ratis.thirdparty.io.grpc.internal.ContextRunnable.run(ContextRunnable.java:37)
	at org.apache.ratis.thirdparty.io.grpc.internal.SerializingExecutor.run(SerializingExecutor.java:123)
	at java.util.concurrent.ThreadPoolExecutor.runWorker(ThreadPoolExecutor.java:1149)
	at java.util.concurrent.ThreadPoolExecutor$Worker.run(ThreadPoolExecutor.java:624)
	at java.lang.Thread.run(Thread.java:748)

]]></system-err>
  </testcase>
</testsuite>