<?xml version="1.0" encoding="UTF-8"?>
<testsuite xmlns:xsi="http://www.w3.org/2001/XMLSchema-instance" xsi:noNamespaceSchemaLocation="https://maven.apache.org/surefire/maven-surefire-plugin/xsd/surefire-test-report.xsd" name="org.apache.hadoop.ozone.scm.TestXceiverClientManager" time="91.455" tests="4" errors="0" skipped="0" failures="3">
  <properties>
    <property name="awt.toolkit" value="sun.awt.X11.XToolkit"/>
    <property name="file.encoding.pkg" value="sun.io"/>
    <property name="java.specification.version" value="1.8"/>
    <property name="sun.cpu.isalist" value=""/>
    <property name="sun.jnu.encoding" value="UTF-8"/>
    <property name="java.class.path" value="/workdir/hadoop-ozone/integration-test/target/test-classes:/workdir/hadoop-ozone/integration-test/target/classes:/home/user/.m2/repository/org/apache/hadoop/hadoop-ozone-common/0.5.0-SNAPSHOT/hadoop-ozone-common-0.5.0-SNAPSHOT.jar:/home/user/.m2/repository/org/apache/commons/commons-compress/1.4.1/commons-compress-1.4.1.jar:/home/user/.m2/repository/org/tukaani/xz/1.0/xz-1.0.jar:/home/user/.m2/repository/org/apache/hadoop/hadoop-common/3.2.0/hadoop-common-3.2.0.jar:/home/user/.m2/repository/org/apache/hadoop/hadoop-hdfs/3.2.0/hadoop-hdfs-3.2.0.jar:/home/user/.m2/repository/org/apache/hadoop/hadoop-hdfs-client/3.2.0/hadoop-hdfs-client-3.2.0.jar:/home/user/.m2/repository/com/fasterxml/jackson/core/jackson-annotations/2.9.9/jackson-annotations-2.9.9.jar:/home/user/.m2/repository/org/apache/hadoop/hadoop-hdds-common/0.5.0-SNAPSHOT/hadoop-hdds-common-0.5.0-SNAPSHOT.jar:/home/user/.m2/repository/javax/annotation/javax.annotation-api/1.2/javax.annotation-api-1.2.jar:/home/user/.m2/repository/org/apache/ratis/ratis-server/0.5.0-201fc85-SNAPSHOT/ratis-server-0.5.0-201fc85-SNAPSHOT.jar:/home/user/.m2/repository/org/apache/ratis/ratis-thirdparty-misc/0.2.0/ratis-thirdparty-misc-0.2.0.jar:/home/user/.m2/repository/org/apache/ratis/ratis-proto/0.5.0-201fc85-SNAPSHOT/ratis-proto-0.5.0-201fc85-SNAPSHOT.jar:/home/user/.m2/repository/org/apache/ratis/ratis-common/0.5.0-201fc85-SNAPSHOT/ratis-common-0.5.0-201fc85-SNAPSHOT.jar:/home/user/.m2/repository/org/apache/ratis/ratis-client/0.5.0-201fc85-SNAPSHOT/ratis-client-0.5.0-201fc85-SNAPSHOT.jar:/home/user/.m2/repository/org/apache/ratis/ratis-metrics/0.5.0-201fc85-SNAPSHOT/ratis-metrics-0.5.0-201fc85-SNAPSHOT.jar:/home/user/.m2/repository/com/github/joshelser/dropwizard-metrics-hadoop-metrics2-reporter/0.1.2/dropwizard-metrics-hadoop-metrics2-reporter-0.1.2.jar:/home/user/.m2/repository/io/dropwizard/metrics/metrics-jvm/3.2.5/metrics-jvm-3.2.5.jar:/home/user/.m2/repository/io/dropwizard/metrics/metrics-ganglia/3.2.5/metrics-ganglia-3.2.5.jar:/home/user/.m2/repository/info/ganglia/gmetric4j/gmetric4j/1.0.7/gmetric4j-1.0.7.jar:/home/user/.m2/repository/org/apache/ratis/ratis-netty/0.5.0-201fc85-SNAPSHOT/ratis-netty-0.5.0-201fc85-SNAPSHOT.jar:/home/user/.m2/repository/org/apache/ratis/ratis-grpc/0.5.0-201fc85-SNAPSHOT/ratis-grpc-0.5.0-201fc85-SNAPSHOT.jar:/home/user/.m2/repository/org/rocksdb/rocksdbjni/6.0.1/rocksdbjni-6.0.1.jar:/home/user/.m2/repository/org/apache/logging/log4j/log4j-api/2.11.0/log4j-api-2.11.0.jar:/home/user/.m2/repository/org/apache/logging/log4j/log4j-core/2.11.0/log4j-core-2.11.0.jar:/home/user/.m2/repository/com/lmax/disruptor/3.4.2/disruptor-3.4.2.jar:/home/user/.m2/repository/org/apache/commons/commons-pool2/2.6.0/commons-pool2-2.6.0.jar:/home/user/.m2/repository/org/bouncycastle/bcpkix-jdk15on/1.60/bcpkix-jdk15on-1.60.jar:/home/user/.m2/repository/commons-validator/commons-validator/1.6/commons-validator-1.6.jar:/home/user/.m2/repository/commons-digester/commons-digester/1.8.1/commons-digester-1.8.1.jar:/home/user/.m2/repository/io/jaegertracing/jaeger-client/0.34.0/jaeger-client-0.34.0.jar:/home/user/.m2/repository/io/jaegertracing/jaeger-thrift/0.34.0/jaeger-thrift-0.34.0.jar:/home/user/.m2/repository/org/apache/thrift/libthrift/0.12.0/libthrift-0.12.0.jar:/home/user/.m2/repository/com/squareup/okhttp3/okhttp/3.9.0/okhttp-3.9.0.jar:/home/user/.m2/repository/com/squareup/okio/okio/1.13.0/okio-1.13.0.jar:/home/user/.m2/repository/io/jaegertracing/jaeger-core/0.34.0/jaeger-core-0.34.0.jar:/home/user/.m2/repository/io/jaegertracing/jaeger-tracerresolver/0.34.0/jaeger-tracerresolver-0.34.0.jar:/home/user/.m2/repository/io/opentracing/contrib/opentracing-tracerresolver/0.1.5/opentracing-tracerresolver-0.1.5.jar:/home/user/.m2/repository/io/opentracing/opentracing-util/0.31.0/opentracing-util-0.31.0.jar:/home/user/.m2/repository/io/opentracing/opentracing-api/0.31.0/opentracing-api-0.31.0.jar:/home/user/.m2/repository/io/opentracing/opentracing-noop/0.31.0/opentracing-noop-0.31.0.jar:/home/user/.m2/repository/org/apache/hadoop/hadoop-hdds-server-framework/0.5.0-SNAPSHOT/hadoop-hdds-server-framework-0.5.0-SNAPSHOT.jar:/home/user/.m2/repository/org/apache/hadoop/hadoop-hdds-container-service/0.5.0-SNAPSHOT/hadoop-hdds-container-service-0.5.0-SNAPSHOT.jar:/home/user/.m2/repository/org/apache/hadoop/hadoop-hdds-client/0.5.0-SNAPSHOT/hadoop-hdds-client-0.5.0-SNAPSHOT.jar:/home/user/.m2/repository/org/apache/hadoop/hadoop-hdds-tools/0.5.0-SNAPSHOT/hadoop-hdds-tools-0.5.0-SNAPSHOT.jar:/home/user/.m2/repository/org/apache/hadoop/hadoop-hdds-server-scm/0.5.0-SNAPSHOT/hadoop-hdds-server-scm-0.5.0-SNAPSHOT.jar:/home/user/.m2/repository/org/apache/hadoop/hadoop-hdds-docs/0.5.0-SNAPSHOT/hadoop-hdds-docs-0.5.0-SNAPSHOT.jar:/home/user/.m2/repository/io/dropwizard/metrics/metrics-core/3.2.4/metrics-core-3.2.4.jar:/home/user/.m2/repository/org/hamcrest/hamcrest-all/1.3/hamcrest-all-1.3.jar:/home/user/.m2/repository/org/bouncycastle/bcprov-jdk15on/1.60/bcprov-jdk15on-1.60.jar:/home/user/.m2/repository/info/picocli/picocli/3.9.6/picocli-3.9.6.jar:/home/user/.m2/repository/com/google/protobuf/protobuf-java/2.5.0/protobuf-java-2.5.0.jar:/home/user/.m2/repository/com/google/guava/guava/11.0.2/guava-11.0.2.jar:/home/user/.m2/repository/org/apache/hadoop/hadoop-ozone-ozone-manager/0.5.0-SNAPSHOT/hadoop-ozone-ozone-manager-0.5.0-SNAPSHOT.jar:/home/user/.m2/repository/org/apache/hadoop/hadoop-minikdc/3.2.0/hadoop-minikdc-3.2.0.jar:/home/user/.m2/repository/commons-io/commons-io/2.5/commons-io-2.5.jar:/home/user/.m2/repository/org/apache/kerby/kerb-simplekdc/1.0.1/kerb-simplekdc-1.0.1.jar:/home/user/.m2/repository/org/apache/kerby/kerb-client/1.0.1/kerb-client-1.0.1.jar:/home/user/.m2/repository/org/apache/kerby/kerby-config/1.0.1/kerby-config-1.0.1.jar:/home/user/.m2/repository/org/apache/kerby/kerb-core/1.0.1/kerb-core-1.0.1.jar:/home/user/.m2/repository/org/apache/kerby/kerby-pkix/1.0.1/kerby-pkix-1.0.1.jar:/home/user/.m2/repository/org/apache/kerby/kerby-asn1/1.0.1/kerby-asn1-1.0.1.jar:/home/user/.m2/repository/org/apache/kerby/kerby-util/1.0.1/kerby-util-1.0.1.jar:/home/user/.m2/repository/org/apache/kerby/kerb-common/1.0.1/kerb-common-1.0.1.jar:/home/user/.m2/repository/org/apache/kerby/kerb-crypto/1.0.1/kerb-crypto-1.0.1.jar:/home/user/.m2/repository/org/apache/kerby/kerb-util/1.0.1/kerb-util-1.0.1.jar:/home/user/.m2/repository/org/apache/kerby/token-provider/1.0.1/token-provider-1.0.1.jar:/home/user/.m2/repository/org/apache/kerby/kerb-admin/1.0.1/kerb-admin-1.0.1.jar:/home/user/.m2/repository/org/apache/kerby/kerb-server/1.0.1/kerb-server-1.0.1.jar:/home/user/.m2/repository/org/apache/kerby/kerb-identity/1.0.1/kerb-identity-1.0.1.jar:/home/user/.m2/repository/org/apache/kerby/kerby-xdr/1.0.1/kerby-xdr-1.0.1.jar:/home/user/.m2/repository/org/slf4j/slf4j-log4j12/1.7.25/slf4j-log4j12-1.7.25.jar:/home/user/.m2/repository/org/apache/hadoop/hadoop-ozone-s3gateway/0.5.0-SNAPSHOT/hadoop-ozone-s3gateway-0.5.0-SNAPSHOT.jar:/home/user/.m2/repository/org/jboss/weld/servlet/weld-servlet/2.4.7.Final/weld-servlet-2.4.7.Final.jar:/home/user/.m2/repository/org/glassfish/jersey/containers/jersey-container-servlet-core/2.27/jersey-container-servlet-core-2.27.jar:/home/user/.m2/repository/org/glassfish/hk2/external/javax.inject/2.5.0-b42/javax.inject-2.5.0-b42.jar:/home/user/.m2/repository/org/glassfish/jersey/core/jersey-common/2.27/jersey-common-2.27.jar:/home/user/.m2/repository/org/glassfish/hk2/osgi-resource-locator/1.0.1/osgi-resource-locator-1.0.1.jar:/home/user/.m2/repository/javax/ws/rs/javax.ws.rs-api/2.1/javax.ws.rs-api-2.1.jar:/home/user/.m2/repository/org/glassfish/jersey/ext/cdi/jersey-cdi1x/2.27/jersey-cdi1x-2.27.jar:/home/user/.m2/repository/org/glassfish/jersey/inject/jersey-hk2/2.27/jersey-hk2-2.27.jar:/home/user/.m2/repository/org/glassfish/hk2/hk2-locator/2.5.0-b42/hk2-locator-2.5.0-b42.jar:/home/user/.m2/repository/org/javassist/javassist/3.22.0-CR2/javassist-3.22.0-CR2.jar:/home/user/.m2/repository/org/glassfish/hk2/hk2-api/2.5.0/hk2-api-2.5.0.jar:/home/user/.m2/repository/org/glassfish/hk2/external/jakarta.inject/2.5.0/jakarta.inject-2.5.0.jar:/home/user/.m2/repository/org/glassfish/hk2/hk2-utils/2.5.0/hk2-utils-2.5.0.jar:/home/user/.m2/repository/jakarta/annotation/jakarta.annotation-api/1.3.4/jakarta.annotation-api-1.3.4.jar:/home/user/.m2/repository/org/glassfish/hk2/external/aopalliance-repackaged/2.5.0/aopalliance-repackaged-2.5.0.jar:/home/user/.m2/repository/com/fasterxml/jackson/dataformat/jackson-dataformat-xml/2.9.0/jackson-dataformat-xml-2.9.0.jar:/home/user/.m2/repository/com/fasterxml/jackson/core/jackson-core/2.9.9/jackson-core-2.9.9.jar:/home/user/.m2/repository/com/fasterxml/jackson/module/jackson-module-jaxb-annotations/2.9.9/jackson-module-jaxb-annotations-2.9.9.jar:/home/user/.m2/repository/javax/enterprise/cdi-api/1.2/cdi-api-1.2.jar:/home/user/.m2/repository/javax/el/javax.el-api/3.0.0/javax.el-api-3.0.0.jar:/home/user/.m2/repository/javax/interceptor/javax.interceptor-api/1.2/javax.interceptor-api-1.2.jar:/home/user/.m2/repository/javax/inject/javax.inject/1/javax.inject-1.jar:/home/user/.m2/repository/com/sun/xml/bind/jaxb-impl/2.3.0.1/jaxb-impl-2.3.0.1.jar:/home/user/.m2/repository/com/sun/xml/bind/jaxb-core/2.3.0.1/jaxb-core-2.3.0.1.jar:/home/user/.m2/repository/javax/xml/bind/jaxb-api/2.3.0/jaxb-api-2.3.0.jar:/home/user/.m2/repository/javax/activation/activation/1.1.1/activation-1.1.1.jar:/home/user/.m2/repository/org/apache/hadoop/hadoop-ozone-csi/0.5.0-SNAPSHOT/hadoop-ozone-csi-0.5.0-SNAPSHOT.jar:/home/user/.m2/repository/com/google/protobuf/protobuf-java-util/3.5.1/protobuf-java-util-3.5.1.jar:/home/user/.m2/repository/org/apache/hadoop/hadoop-hdds-config/0.5.0-SNAPSHOT/hadoop-hdds-config-0.5.0-SNAPSHOT.jar:/home/user/.m2/repository/io/grpc/grpc-netty/1.17.1/grpc-netty-1.17.1.jar:/home/user/.m2/repository/io/grpc/grpc-core/1.17.1/grpc-core-1.17.1.jar:/home/user/.m2/repository/io/grpc/grpc-context/1.17.1/grpc-context-1.17.1.jar:/home/user/.m2/repository/com/google/errorprone/error_prone_annotations/2.2.0/error_prone_annotations-2.2.0.jar:/home/user/.m2/repository/org/codehaus/mojo/animal-sniffer-annotations/1.17/animal-sniffer-annotations-1.17.jar:/home/user/.m2/repository/io/opencensus/opencensus-api/0.17.0/opencensus-api-0.17.0.jar:/home/user/.m2/repository/io/opencensus/opencensus-contrib-grpc-metrics/0.17.0/opencensus-contrib-grpc-metrics-0.17.0.jar:/home/user/.m2/repository/io/netty/netty-codec-http2/4.1.30.Final/netty-codec-http2-4.1.30.Final.jar:/home/user/.m2/repository/io/netty/netty-codec-http/4.1.30.Final/netty-codec-http-4.1.30.Final.jar:/home/user/.m2/repository/io/netty/netty-codec/4.1.30.Final/netty-codec-4.1.30.Final.jar:/home/user/.m2/repository/io/netty/netty-handler/4.1.30.Final/netty-handler-4.1.30.Final.jar:/home/user/.m2/repository/io/netty/netty-handler-proxy/4.1.30.Final/netty-handler-proxy-4.1.30.Final.jar:/home/user/.m2/repository/io/netty/netty-codec-socks/4.1.30.Final/netty-codec-socks-4.1.30.Final.jar:/home/user/.m2/repository/io/netty/netty-transport-native-epoll/4.1.30.Final/netty-transport-native-epoll-4.1.30.Final.jar:/home/user/.m2/repository/io/netty/netty-common/4.1.30.Final/netty-common-4.1.30.Final.jar:/home/user/.m2/repository/io/netty/netty-buffer/4.1.30.Final/netty-buffer-4.1.30.Final.jar:/home/user/.m2/repository/io/netty/netty-transport/4.1.30.Final/netty-transport-4.1.30.Final.jar:/home/user/.m2/repository/io/netty/netty-resolver/4.1.30.Final/netty-resolver-4.1.30.Final.jar:/home/user/.m2/repository/io/netty/netty-transport-native-unix-common/4.1.30.Final/netty-transport-native-unix-common-4.1.30.Final.jar:/home/user/.m2/repository/io/grpc/grpc-protobuf/1.17.1/grpc-protobuf-1.17.1.jar:/home/user/.m2/repository/com/google/api/grpc/proto-google-common-protos/1.0.0/proto-google-common-protos-1.0.0.jar:/home/user/.m2/repository/io/grpc/grpc-protobuf-lite/1.17.1/grpc-protobuf-lite-1.17.1.jar:/home/user/.m2/repository/io/grpc/grpc-stub/1.17.1/grpc-stub-1.17.1.jar:/home/user/.m2/repository/org/apache/hadoop/hadoop-ozone-recon/0.5.0-SNAPSHOT/hadoop-ozone-recon-0.5.0-SNAPSHOT.jar:/home/user/.m2/repository/org/apache/hadoop/hadoop-ozone-reconcodegen/0.5.0-SNAPSHOT/hadoop-ozone-reconcodegen-0.5.0-SNAPSHOT.jar:/home/user/.m2/repository/com/google/inject/extensions/guice-multibindings/4.0/guice-multibindings-4.0.jar:/home/user/.m2/repository/com/google/inject/guice/4.0/guice-4.0.jar:/home/user/.m2/repository/aopalliance/aopalliance/1.0/aopalliance-1.0.jar:/home/user/.m2/repository/com/google/inject/extensions/guice-servlet/4.0/guice-servlet-4.0.jar:/home/user/.m2/repository/org/glassfish/jersey/containers/jersey-container-servlet/2.27/jersey-container-servlet-2.27.jar:/home/user/.m2/repository/org/glassfish/hk2/guice-bridge/2.5.0/guice-bridge-2.5.0.jar:/home/user/.m2/repository/org/glassfish/jersey/core/jersey-server/2.27/jersey-server-2.27.jar:/home/user/.m2/repository/org/glassfish/jersey/core/jersey-client/2.27/jersey-client-2.27.jar:/home/user/.m2/repository/org/glassfish/jersey/media/jersey-media-jaxb/2.27/jersey-media-jaxb-2.27.jar:/home/user/.m2/repository/javax/validation/validation-api/1.1.0.Final/validation-api-1.1.0.Final.jar:/home/user/.m2/repository/org/glassfish/jersey/media/jersey-media-json-jackson/2.27/jersey-media-json-jackson-2.27.jar:/home/user/.m2/repository/org/glassfish/jersey/ext/jersey-entity-filtering/2.27/jersey-entity-filtering-2.27.jar:/home/user/.m2/repository/com/google/inject/extensions/guice-assistedinject/4.0/guice-assistedinject-4.0.jar:/home/user/.m2/repository/org/jooq/jooq/3.11.10/jooq-3.11.10.jar:/home/user/.m2/repository/org/jooq/jooq-meta/3.11.10/jooq-meta-3.11.10.jar:/home/user/.m2/repository/org/jooq/jooq-codegen/3.11.10/jooq-codegen-3.11.10.jar:/home/user/.m2/repository/com/jolbox/bonecp/0.8.0.RELEASE/bonecp-0.8.0.RELEASE.jar:/home/user/.m2/repository/org/xerial/sqlite-jdbc/3.25.2/sqlite-jdbc-3.25.2.jar:/home/user/.m2/repository/org/springframework/spring-jdbc/5.1.3.RELEASE/spring-jdbc-5.1.3.RELEASE.jar:/home/user/.m2/repository/org/springframework/spring-beans/5.1.3.RELEASE/spring-beans-5.1.3.RELEASE.jar:/home/user/.m2/repository/org/springframework/spring-core/5.1.3.RELEASE/spring-core-5.1.3.RELEASE.jar:/home/user/.m2/repository/org/springframework/spring-jcl/5.1.3.RELEASE/spring-jcl-5.1.3.RELEASE.jar:/home/user/.m2/repository/org/springframework/spring-tx/5.1.3.RELEASE/spring-tx-5.1.3.RELEASE.jar:/home/user/.m2/repository/org/apache/hadoop/hadoop-ozone-client/0.5.0-SNAPSHOT/hadoop-ozone-client-0.5.0-SNAPSHOT.jar:/home/user/.m2/repository/commons-lang/commons-lang/2.6/commons-lang-2.6.jar:/home/user/.m2/repository/org/apache/hadoop/hadoop-ozone-ozone-manager/0.5.0-SNAPSHOT/hadoop-ozone-ozone-manager-0.5.0-SNAPSHOT-tests.jar:/home/user/.m2/repository/junit/junit/4.11/junit-4.11.jar:/home/user/.m2/repository/org/hamcrest/hamcrest-core/1.3/hamcrest-core-1.3.jar:/home/user/.m2/repository/org/openjdk/jmh/jmh-core/1.19/jmh-core-1.19.jar:/home/user/.m2/repository/net/sf/jopt-simple/jopt-simple/4.6/jopt-simple-4.6.jar:/home/user/.m2/repository/org/apache/commons/commons-math3/3.1.1/commons-math3-3.1.1.jar:/home/user/.m2/repository/org/openjdk/jmh/jmh-generator-annprocess/1.19/jmh-generator-annprocess-1.19.jar:/home/user/.m2/repository/org/mockito/mockito-all/1.8.5/mockito-all-1.8.5.jar:/home/user/.m2/repository/org/apache/hadoop/hadoop-kms/3.2.0/hadoop-kms-3.2.0.jar:/home/user/.m2/repository/org/apache/hadoop/hadoop-auth/3.2.0/hadoop-auth-3.2.0.jar:/home/user/.m2/repository/com/nimbusds/nimbus-jose-jwt/4.41.1/nimbus-jose-jwt-4.41.1.jar:/home/user/.m2/repository/com/github/stephenc/jcip/jcip-annotations/1.0-1/jcip-annotations-1.0-1.jar:/home/user/.m2/repository/net/minidev/json-smart/2.3/json-smart-2.3.jar:/home/user/.m2/repository/net/minidev/accessors-smart/1.2/accessors-smart-1.2.jar:/home/user/.m2/repository/org/ow2/asm/asm/5.0.4/asm-5.0.4.jar:/home/user/.m2/repository/org/apache/curator/curator-framework/2.12.0/curator-framework-2.12.0.jar:/home/user/.m2/repository/com/sun/jersey/jersey-core/1.19/jersey-core-1.19.jar:/home/user/.m2/repository/javax/ws/rs/jsr311-api/1.1.1/jsr311-api-1.1.1.jar:/home/user/.m2/repository/com/sun/jersey/jersey-server/1.19/jersey-server-1.19.jar:/home/user/.m2/repository/javax/servlet/javax.servlet-api/3.1.0/javax.servlet-api-3.1.0.jar:/home/user/.m2/repository/org/eclipse/jetty/jetty-server/9.3.25.v20180904/jetty-server-9.3.25.v20180904.jar:/home/user/.m2/repository/org/eclipse/jetty/jetty-http/9.3.25.v20180904/jetty-http-9.3.25.v20180904.jar:/home/user/.m2/repository/org/eclipse/jetty/jetty-io/9.3.25.v20180904/jetty-io-9.3.25.v20180904.jar:/home/user/.m2/repository/org/eclipse/jetty/jetty-webapp/9.3.25.v20180904/jetty-webapp-9.3.25.v20180904.jar:/home/user/.m2/repository/org/eclipse/jetty/jetty-xml/9.3.25.v20180904/jetty-xml-9.3.25.v20180904.jar:/home/user/.m2/repository/log4j/log4j/1.2.17/log4j-1.2.17.jar:/home/user/.m2/repository/org/slf4j/slf4j-api/1.7.25/slf4j-api-1.7.25.jar:/home/user/.m2/repository/org/slf4j/jul-to-slf4j/1.7.25/jul-to-slf4j-1.7.25.jar:/home/user/.m2/repository/org/eclipse/jetty/jetty-util/9.3.25.v20180904/jetty-util-9.3.25.v20180904.jar:/home/user/.m2/repository/com/fasterxml/jackson/core/jackson-databind/2.9.9/jackson-databind-2.9.9.jar:/home/user/.m2/repository/org/apache/hadoop/hadoop-kms/3.2.0/hadoop-kms-3.2.0-tests.jar:/home/user/.m2/repository/org/apache/hadoop/hadoop-hdds-server-scm/0.5.0-SNAPSHOT/hadoop-hdds-server-scm-0.5.0-SNAPSHOT-tests.jar:/home/user/.m2/repository/org/apache/hadoop/hadoop-hdds-container-service/0.5.0-SNAPSHOT/hadoop-hdds-container-service-0.5.0-SNAPSHOT-tests.jar:/home/user/.m2/repository/org/yaml/snakeyaml/1.16/snakeyaml-1.16.jar:/home/user/.m2/repository/org/apache/hadoop/hadoop-common/3.2.0/hadoop-common-3.2.0-tests.jar:/home/user/.m2/repository/org/apache/hadoop/hadoop-annotations/3.2.0/hadoop-annotations-3.2.0.jar:/usr/lib/jvm/java-1.8-openjdk/jre/../lib/tools.jar:/home/user/.m2/repository/commons-cli/commons-cli/1.2/commons-cli-1.2.jar:/home/user/.m2/repository/org/apache/httpcomponents/httpclient/4.5.2/httpclient-4.5.2.jar:/home/user/.m2/repository/org/apache/httpcomponents/httpcore/4.4.4/httpcore-4.4.4.jar:/home/user/.m2/repository/commons-codec/commons-codec/1.11/commons-codec-1.11.jar:/home/user/.m2/repository/commons-net/commons-net/3.6/commons-net-3.6.jar:/home/user/.m2/repository/commons-collections/commons-collections/3.2.2/commons-collections-3.2.2.jar:/home/user/.m2/repository/org/eclipse/jetty/jetty-servlet/9.3.25.v20180904/jetty-servlet-9.3.25.v20180904.jar:/home/user/.m2/repository/org/eclipse/jetty/jetty-security/9.3.25.v20180904/jetty-security-9.3.25.v20180904.jar:/home/user/.m2/repository/javax/servlet/jsp/jsp-api/2.1/jsp-api-2.1.jar:/home/user/.m2/repository/com/sun/jersey/jersey-servlet/1.19/jersey-servlet-1.19.jar:/home/user/.m2/repository/com/sun/jersey/jersey-json/1.19/jersey-json-1.19.jar:/home/user/.m2/repository/org/codehaus/jettison/jettison/1.1/jettison-1.1.jar:/home/user/.m2/repository/org/codehaus/jackson/jackson-core-asl/1.9.13/jackson-core-asl-1.9.13.jar:/home/user/.m2/repository/org/codehaus/jackson/jackson-mapper-asl/1.9.13/jackson-mapper-asl-1.9.13.jar:/home/user/.m2/repository/org/codehaus/jackson/jackson-jaxrs/1.9.13/jackson-jaxrs-1.9.13.jar:/home/user/.m2/repository/org/codehaus/jackson/jackson-xc/1.9.13/jackson-xc-1.9.13.jar:/home/user/.m2/repository/commons-logging/commons-logging/1.1.3/commons-logging-1.1.3.jar:/home/user/.m2/repository/commons-beanutils/commons-beanutils/1.9.4/commons-beanutils-1.9.4.jar:/home/user/.m2/repository/org/apache/commons/commons-configuration2/2.1.1/commons-configuration2-2.1.1.jar:/home/user/.m2/repository/org/apache/commons/commons-lang3/3.7/commons-lang3-3.7.jar:/home/user/.m2/repository/org/apache/commons/commons-text/1.4/commons-text-1.4.jar:/home/user/.m2/repository/org/apache/avro/avro/1.7.7/avro-1.7.7.jar:/home/user/.m2/repository/com/thoughtworks/paranamer/paranamer/2.3/paranamer-2.3.jar:/home/user/.m2/repository/org/xerial/snappy/snappy-java/1.0.5/snappy-java-1.0.5.jar:/home/user/.m2/repository/com/google/re2j/re2j/1.1/re2j-1.1.jar:/home/user/.m2/repository/com/google/code/gson/gson/2.2.4/gson-2.2.4.jar:/home/user/.m2/repository/com/jcraft/jsch/0.1.54/jsch-0.1.54.jar:/home/user/.m2/repository/org/apache/curator/curator-client/2.12.0/curator-client-2.12.0.jar:/home/user/.m2/repository/org/apache/curator/curator-recipes/2.12.0/curator-recipes-2.12.0.jar:/home/user/.m2/repository/com/google/code/findbugs/jsr305/3.0.0/jsr305-3.0.0.jar:/home/user/.m2/repository/org/apache/htrace/htrace-core4/4.1.0-incubating/htrace-core4-4.1.0-incubating.jar:/home/user/.m2/repository/org/apache/zookeeper/zookeeper/3.4.13/zookeeper-3.4.13.jar:/home/user/.m2/repository/jline/jline/0.9.94/jline-0.9.94.jar:/home/user/.m2/repository/org/apache/yetus/audience-annotations/0.5.0/audience-annotations-0.5.0.jar:/home/user/.m2/repository/org/codehaus/woodstox/stax2-api/3.1.4/stax2-api-3.1.4.jar:/home/user/.m2/repository/com/fasterxml/woodstox/woodstox-core/5.0.3/woodstox-core-5.0.3.jar:/home/user/.m2/repository/dnsjava/dnsjava/2.1.7/dnsjava-2.1.7.jar:/home/user/.m2/repository/org/apache/hadoop/hadoop-hdfs/3.2.0/hadoop-hdfs-3.2.0-tests.jar:/home/user/.m2/repository/org/eclipse/jetty/jetty-util-ajax/9.3.25.v20180904/jetty-util-ajax-9.3.25.v20180904.jar:/home/user/.m2/repository/commons-daemon/commons-daemon/1.0.13/commons-daemon-1.0.13.jar:/home/user/.m2/repository/io/netty/netty/3.10.5.Final/netty-3.10.5.Final.jar:/home/user/.m2/repository/io/netty/netty-all/4.0.52.Final/netty-all-4.0.52.Final.jar:/home/user/.m2/repository/org/fusesource/leveldbjni/leveldbjni-all/1.8/leveldbjni-all-1.8.jar:"/>
    <property name="java.vm.vendor" value="IcedTea"/>
    <property name="sun.arch.data.model" value="64"/>
    <property name="test.build.dir" value="/workdir/hadoop-ozone/integration-test/target/test-dir"/>
    <property name="test.cache.data" value=""/>
    <property name="java.vendor.url" value="https://icedtea.classpath.org"/>
    <property name="user.timezone" value=""/>
    <property name="java.vm.specification.version" value="1.8"/>
    <property name="os.name" value="Linux"/>
    <property name="test.build.data" value="/workdir/hadoop-ozone/integration-test/target/test-dir"/>
    <property name="user.country" value="US"/>
    <property name="sun.java.launcher" value="SUN_STANDARD"/>
    <property name="sun.boot.library.path" value="/usr/lib/jvm/java-1.8-openjdk/jre/lib/amd64"/>
    <property name="sun.java.command" value="/workdir/hadoop-ozone/integration-test/target/surefire/surefirebooter1660964215318072352.jar /workdir/hadoop-ozone/integration-test/target/surefire 2019-10-12T09-59-21_147-jvmRun1 surefire3229371276992849099tmp surefire_32262504799754859908tmp"/>
    <property name="test" value="!TestMiniChaosOzoneCluster"/>
    <property name="surefire.test.class.path" value="/workdir/hadoop-ozone/integration-test/target/test-classes:/workdir/hadoop-ozone/integration-test/target/classes:/home/user/.m2/repository/org/apache/hadoop/hadoop-ozone-common/0.5.0-SNAPSHOT/hadoop-ozone-common-0.5.0-SNAPSHOT.jar:/home/user/.m2/repository/org/apache/commons/commons-compress/1.4.1/commons-compress-1.4.1.jar:/home/user/.m2/repository/org/tukaani/xz/1.0/xz-1.0.jar:/home/user/.m2/repository/org/apache/hadoop/hadoop-common/3.2.0/hadoop-common-3.2.0.jar:/home/user/.m2/repository/org/apache/hadoop/hadoop-hdfs/3.2.0/hadoop-hdfs-3.2.0.jar:/home/user/.m2/repository/org/apache/hadoop/hadoop-hdfs-client/3.2.0/hadoop-hdfs-client-3.2.0.jar:/home/user/.m2/repository/com/fasterxml/jackson/core/jackson-annotations/2.9.9/jackson-annotations-2.9.9.jar:/home/user/.m2/repository/org/apache/hadoop/hadoop-hdds-common/0.5.0-SNAPSHOT/hadoop-hdds-common-0.5.0-SNAPSHOT.jar:/home/user/.m2/repository/javax/annotation/javax.annotation-api/1.2/javax.annotation-api-1.2.jar:/home/user/.m2/repository/org/apache/ratis/ratis-server/0.5.0-201fc85-SNAPSHOT/ratis-server-0.5.0-201fc85-SNAPSHOT.jar:/home/user/.m2/repository/org/apache/ratis/ratis-thirdparty-misc/0.2.0/ratis-thirdparty-misc-0.2.0.jar:/home/user/.m2/repository/org/apache/ratis/ratis-proto/0.5.0-201fc85-SNAPSHOT/ratis-proto-0.5.0-201fc85-SNAPSHOT.jar:/home/user/.m2/repository/org/apache/ratis/ratis-common/0.5.0-201fc85-SNAPSHOT/ratis-common-0.5.0-201fc85-SNAPSHOT.jar:/home/user/.m2/repository/org/apache/ratis/ratis-client/0.5.0-201fc85-SNAPSHOT/ratis-client-0.5.0-201fc85-SNAPSHOT.jar:/home/user/.m2/repository/org/apache/ratis/ratis-metrics/0.5.0-201fc85-SNAPSHOT/ratis-metrics-0.5.0-201fc85-SNAPSHOT.jar:/home/user/.m2/repository/com/github/joshelser/dropwizard-metrics-hadoop-metrics2-reporter/0.1.2/dropwizard-metrics-hadoop-metrics2-reporter-0.1.2.jar:/home/user/.m2/repository/io/dropwizard/metrics/metrics-jvm/3.2.5/metrics-jvm-3.2.5.jar:/home/user/.m2/repository/io/dropwizard/metrics/metrics-ganglia/3.2.5/metrics-ganglia-3.2.5.jar:/home/user/.m2/repository/info/ganglia/gmetric4j/gmetric4j/1.0.7/gmetric4j-1.0.7.jar:/home/user/.m2/repository/org/apache/ratis/ratis-netty/0.5.0-201fc85-SNAPSHOT/ratis-netty-0.5.0-201fc85-SNAPSHOT.jar:/home/user/.m2/repository/org/apache/ratis/ratis-grpc/0.5.0-201fc85-SNAPSHOT/ratis-grpc-0.5.0-201fc85-SNAPSHOT.jar:/home/user/.m2/repository/org/rocksdb/rocksdbjni/6.0.1/rocksdbjni-6.0.1.jar:/home/user/.m2/repository/org/apache/logging/log4j/log4j-api/2.11.0/log4j-api-2.11.0.jar:/home/user/.m2/repository/org/apache/logging/log4j/log4j-core/2.11.0/log4j-core-2.11.0.jar:/home/user/.m2/repository/com/lmax/disruptor/3.4.2/disruptor-3.4.2.jar:/home/user/.m2/repository/org/apache/commons/commons-pool2/2.6.0/commons-pool2-2.6.0.jar:/home/user/.m2/repository/org/bouncycastle/bcpkix-jdk15on/1.60/bcpkix-jdk15on-1.60.jar:/home/user/.m2/repository/commons-validator/commons-validator/1.6/commons-validator-1.6.jar:/home/user/.m2/repository/commons-digester/commons-digester/1.8.1/commons-digester-1.8.1.jar:/home/user/.m2/repository/io/jaegertracing/jaeger-client/0.34.0/jaeger-client-0.34.0.jar:/home/user/.m2/repository/io/jaegertracing/jaeger-thrift/0.34.0/jaeger-thrift-0.34.0.jar:/home/user/.m2/repository/org/apache/thrift/libthrift/0.12.0/libthrift-0.12.0.jar:/home/user/.m2/repository/com/squareup/okhttp3/okhttp/3.9.0/okhttp-3.9.0.jar:/home/user/.m2/repository/com/squareup/okio/okio/1.13.0/okio-1.13.0.jar:/home/user/.m2/repository/io/jaegertracing/jaeger-core/0.34.0/jaeger-core-0.34.0.jar:/home/user/.m2/repository/io/jaegertracing/jaeger-tracerresolver/0.34.0/jaeger-tracerresolver-0.34.0.jar:/home/user/.m2/repository/io/opentracing/contrib/opentracing-tracerresolver/0.1.5/opentracing-tracerresolver-0.1.5.jar:/home/user/.m2/repository/io/opentracing/opentracing-util/0.31.0/opentracing-util-0.31.0.jar:/home/user/.m2/repository/io/opentracing/opentracing-api/0.31.0/opentracing-api-0.31.0.jar:/home/user/.m2/repository/io/opentracing/opentracing-noop/0.31.0/opentracing-noop-0.31.0.jar:/home/user/.m2/repository/org/apache/hadoop/hadoop-hdds-server-framework/0.5.0-SNAPSHOT/hadoop-hdds-server-framework-0.5.0-SNAPSHOT.jar:/home/user/.m2/repository/org/apache/hadoop/hadoop-hdds-container-service/0.5.0-SNAPSHOT/hadoop-hdds-container-service-0.5.0-SNAPSHOT.jar:/home/user/.m2/repository/org/apache/hadoop/hadoop-hdds-client/0.5.0-SNAPSHOT/hadoop-hdds-client-0.5.0-SNAPSHOT.jar:/home/user/.m2/repository/org/apache/hadoop/hadoop-hdds-tools/0.5.0-SNAPSHOT/hadoop-hdds-tools-0.5.0-SNAPSHOT.jar:/home/user/.m2/repository/org/apache/hadoop/hadoop-hdds-server-scm/0.5.0-SNAPSHOT/hadoop-hdds-server-scm-0.5.0-SNAPSHOT.jar:/home/user/.m2/repository/org/apache/hadoop/hadoop-hdds-docs/0.5.0-SNAPSHOT/hadoop-hdds-docs-0.5.0-SNAPSHOT.jar:/home/user/.m2/repository/io/dropwizard/metrics/metrics-core/3.2.4/metrics-core-3.2.4.jar:/home/user/.m2/repository/org/hamcrest/hamcrest-all/1.3/hamcrest-all-1.3.jar:/home/user/.m2/repository/org/bouncycastle/bcprov-jdk15on/1.60/bcprov-jdk15on-1.60.jar:/home/user/.m2/repository/info/picocli/picocli/3.9.6/picocli-3.9.6.jar:/home/user/.m2/repository/com/google/protobuf/protobuf-java/2.5.0/protobuf-java-2.5.0.jar:/home/user/.m2/repository/com/google/guava/guava/11.0.2/guava-11.0.2.jar:/home/user/.m2/repository/org/apache/hadoop/hadoop-ozone-ozone-manager/0.5.0-SNAPSHOT/hadoop-ozone-ozone-manager-0.5.0-SNAPSHOT.jar:/home/user/.m2/repository/org/apache/hadoop/hadoop-minikdc/3.2.0/hadoop-minikdc-3.2.0.jar:/home/user/.m2/repository/commons-io/commons-io/2.5/commons-io-2.5.jar:/home/user/.m2/repository/org/apache/kerby/kerb-simplekdc/1.0.1/kerb-simplekdc-1.0.1.jar:/home/user/.m2/repository/org/apache/kerby/kerb-client/1.0.1/kerb-client-1.0.1.jar:/home/user/.m2/repository/org/apache/kerby/kerby-config/1.0.1/kerby-config-1.0.1.jar:/home/user/.m2/repository/org/apache/kerby/kerb-core/1.0.1/kerb-core-1.0.1.jar:/home/user/.m2/repository/org/apache/kerby/kerby-pkix/1.0.1/kerby-pkix-1.0.1.jar:/home/user/.m2/repository/org/apache/kerby/kerby-asn1/1.0.1/kerby-asn1-1.0.1.jar:/home/user/.m2/repository/org/apache/kerby/kerby-util/1.0.1/kerby-util-1.0.1.jar:/home/user/.m2/repository/org/apache/kerby/kerb-common/1.0.1/kerb-common-1.0.1.jar:/home/user/.m2/repository/org/apache/kerby/kerb-crypto/1.0.1/kerb-crypto-1.0.1.jar:/home/user/.m2/repository/org/apache/kerby/kerb-util/1.0.1/kerb-util-1.0.1.jar:/home/user/.m2/repository/org/apache/kerby/token-provider/1.0.1/token-provider-1.0.1.jar:/home/user/.m2/repository/org/apache/kerby/kerb-admin/1.0.1/kerb-admin-1.0.1.jar:/home/user/.m2/repository/org/apache/kerby/kerb-server/1.0.1/kerb-server-1.0.1.jar:/home/user/.m2/repository/org/apache/kerby/kerb-identity/1.0.1/kerb-identity-1.0.1.jar:/home/user/.m2/repository/org/apache/kerby/kerby-xdr/1.0.1/kerby-xdr-1.0.1.jar:/home/user/.m2/repository/org/slf4j/slf4j-log4j12/1.7.25/slf4j-log4j12-1.7.25.jar:/home/user/.m2/repository/org/apache/hadoop/hadoop-ozone-s3gateway/0.5.0-SNAPSHOT/hadoop-ozone-s3gateway-0.5.0-SNAPSHOT.jar:/home/user/.m2/repository/org/jboss/weld/servlet/weld-servlet/2.4.7.Final/weld-servlet-2.4.7.Final.jar:/home/user/.m2/repository/org/glassfish/jersey/containers/jersey-container-servlet-core/2.27/jersey-container-servlet-core-2.27.jar:/home/user/.m2/repository/org/glassfish/hk2/external/javax.inject/2.5.0-b42/javax.inject-2.5.0-b42.jar:/home/user/.m2/repository/org/glassfish/jersey/core/jersey-common/2.27/jersey-common-2.27.jar:/home/user/.m2/repository/org/glassfish/hk2/osgi-resource-locator/1.0.1/osgi-resource-locator-1.0.1.jar:/home/user/.m2/repository/javax/ws/rs/javax.ws.rs-api/2.1/javax.ws.rs-api-2.1.jar:/home/user/.m2/repository/org/glassfish/jersey/ext/cdi/jersey-cdi1x/2.27/jersey-cdi1x-2.27.jar:/home/user/.m2/repository/org/glassfish/jersey/inject/jersey-hk2/2.27/jersey-hk2-2.27.jar:/home/user/.m2/repository/org/glassfish/hk2/hk2-locator/2.5.0-b42/hk2-locator-2.5.0-b42.jar:/home/user/.m2/repository/org/javassist/javassist/3.22.0-CR2/javassist-3.22.0-CR2.jar:/home/user/.m2/repository/org/glassfish/hk2/hk2-api/2.5.0/hk2-api-2.5.0.jar:/home/user/.m2/repository/org/glassfish/hk2/external/jakarta.inject/2.5.0/jakarta.inject-2.5.0.jar:/home/user/.m2/repository/org/glassfish/hk2/hk2-utils/2.5.0/hk2-utils-2.5.0.jar:/home/user/.m2/repository/jakarta/annotation/jakarta.annotation-api/1.3.4/jakarta.annotation-api-1.3.4.jar:/home/user/.m2/repository/org/glassfish/hk2/external/aopalliance-repackaged/2.5.0/aopalliance-repackaged-2.5.0.jar:/home/user/.m2/repository/com/fasterxml/jackson/dataformat/jackson-dataformat-xml/2.9.0/jackson-dataformat-xml-2.9.0.jar:/home/user/.m2/repository/com/fasterxml/jackson/core/jackson-core/2.9.9/jackson-core-2.9.9.jar:/home/user/.m2/repository/com/fasterxml/jackson/module/jackson-module-jaxb-annotations/2.9.9/jackson-module-jaxb-annotations-2.9.9.jar:/home/user/.m2/repository/javax/enterprise/cdi-api/1.2/cdi-api-1.2.jar:/home/user/.m2/repository/javax/el/javax.el-api/3.0.0/javax.el-api-3.0.0.jar:/home/user/.m2/repository/javax/interceptor/javax.interceptor-api/1.2/javax.interceptor-api-1.2.jar:/home/user/.m2/repository/javax/inject/javax.inject/1/javax.inject-1.jar:/home/user/.m2/repository/com/sun/xml/bind/jaxb-impl/2.3.0.1/jaxb-impl-2.3.0.1.jar:/home/user/.m2/repository/com/sun/xml/bind/jaxb-core/2.3.0.1/jaxb-core-2.3.0.1.jar:/home/user/.m2/repository/javax/xml/bind/jaxb-api/2.3.0/jaxb-api-2.3.0.jar:/home/user/.m2/repository/javax/activation/activation/1.1.1/activation-1.1.1.jar:/home/user/.m2/repository/org/apache/hadoop/hadoop-ozone-csi/0.5.0-SNAPSHOT/hadoop-ozone-csi-0.5.0-SNAPSHOT.jar:/home/user/.m2/repository/com/google/protobuf/protobuf-java-util/3.5.1/protobuf-java-util-3.5.1.jar:/home/user/.m2/repository/org/apache/hadoop/hadoop-hdds-config/0.5.0-SNAPSHOT/hadoop-hdds-config-0.5.0-SNAPSHOT.jar:/home/user/.m2/repository/io/grpc/grpc-netty/1.17.1/grpc-netty-1.17.1.jar:/home/user/.m2/repository/io/grpc/grpc-core/1.17.1/grpc-core-1.17.1.jar:/home/user/.m2/repository/io/grpc/grpc-context/1.17.1/grpc-context-1.17.1.jar:/home/user/.m2/repository/com/google/errorprone/error_prone_annotations/2.2.0/error_prone_annotations-2.2.0.jar:/home/user/.m2/repository/org/codehaus/mojo/animal-sniffer-annotations/1.17/animal-sniffer-annotations-1.17.jar:/home/user/.m2/repository/io/opencensus/opencensus-api/0.17.0/opencensus-api-0.17.0.jar:/home/user/.m2/repository/io/opencensus/opencensus-contrib-grpc-metrics/0.17.0/opencensus-contrib-grpc-metrics-0.17.0.jar:/home/user/.m2/repository/io/netty/netty-codec-http2/4.1.30.Final/netty-codec-http2-4.1.30.Final.jar:/home/user/.m2/repository/io/netty/netty-codec-http/4.1.30.Final/netty-codec-http-4.1.30.Final.jar:/home/user/.m2/repository/io/netty/netty-codec/4.1.30.Final/netty-codec-4.1.30.Final.jar:/home/user/.m2/repository/io/netty/netty-handler/4.1.30.Final/netty-handler-4.1.30.Final.jar:/home/user/.m2/repository/io/netty/netty-handler-proxy/4.1.30.Final/netty-handler-proxy-4.1.30.Final.jar:/home/user/.m2/repository/io/netty/netty-codec-socks/4.1.30.Final/netty-codec-socks-4.1.30.Final.jar:/home/user/.m2/repository/io/netty/netty-transport-native-epoll/4.1.30.Final/netty-transport-native-epoll-4.1.30.Final.jar:/home/user/.m2/repository/io/netty/netty-common/4.1.30.Final/netty-common-4.1.30.Final.jar:/home/user/.m2/repository/io/netty/netty-buffer/4.1.30.Final/netty-buffer-4.1.30.Final.jar:/home/user/.m2/repository/io/netty/netty-transport/4.1.30.Final/netty-transport-4.1.30.Final.jar:/home/user/.m2/repository/io/netty/netty-resolver/4.1.30.Final/netty-resolver-4.1.30.Final.jar:/home/user/.m2/repository/io/netty/netty-transport-native-unix-common/4.1.30.Final/netty-transport-native-unix-common-4.1.30.Final.jar:/home/user/.m2/repository/io/grpc/grpc-protobuf/1.17.1/grpc-protobuf-1.17.1.jar:/home/user/.m2/repository/com/google/api/grpc/proto-google-common-protos/1.0.0/proto-google-common-protos-1.0.0.jar:/home/user/.m2/repository/io/grpc/grpc-protobuf-lite/1.17.1/grpc-protobuf-lite-1.17.1.jar:/home/user/.m2/repository/io/grpc/grpc-stub/1.17.1/grpc-stub-1.17.1.jar:/home/user/.m2/repository/org/apache/hadoop/hadoop-ozone-recon/0.5.0-SNAPSHOT/hadoop-ozone-recon-0.5.0-SNAPSHOT.jar:/home/user/.m2/repository/org/apache/hadoop/hadoop-ozone-reconcodegen/0.5.0-SNAPSHOT/hadoop-ozone-reconcodegen-0.5.0-SNAPSHOT.jar:/home/user/.m2/repository/com/google/inject/extensions/guice-multibindings/4.0/guice-multibindings-4.0.jar:/home/user/.m2/repository/com/google/inject/guice/4.0/guice-4.0.jar:/home/user/.m2/repository/aopalliance/aopalliance/1.0/aopalliance-1.0.jar:/home/user/.m2/repository/com/google/inject/extensions/guice-servlet/4.0/guice-servlet-4.0.jar:/home/user/.m2/repository/org/glassfish/jersey/containers/jersey-container-servlet/2.27/jersey-container-servlet-2.27.jar:/home/user/.m2/repository/org/glassfish/hk2/guice-bridge/2.5.0/guice-bridge-2.5.0.jar:/home/user/.m2/repository/org/glassfish/jersey/core/jersey-server/2.27/jersey-server-2.27.jar:/home/user/.m2/repository/org/glassfish/jersey/core/jersey-client/2.27/jersey-client-2.27.jar:/home/user/.m2/repository/org/glassfish/jersey/media/jersey-media-jaxb/2.27/jersey-media-jaxb-2.27.jar:/home/user/.m2/repository/javax/validation/validation-api/1.1.0.Final/validation-api-1.1.0.Final.jar:/home/user/.m2/repository/org/glassfish/jersey/media/jersey-media-json-jackson/2.27/jersey-media-json-jackson-2.27.jar:/home/user/.m2/repository/org/glassfish/jersey/ext/jersey-entity-filtering/2.27/jersey-entity-filtering-2.27.jar:/home/user/.m2/repository/com/google/inject/extensions/guice-assistedinject/4.0/guice-assistedinject-4.0.jar:/home/user/.m2/repository/org/jooq/jooq/3.11.10/jooq-3.11.10.jar:/home/user/.m2/repository/org/jooq/jooq-meta/3.11.10/jooq-meta-3.11.10.jar:/home/user/.m2/repository/org/jooq/jooq-codegen/3.11.10/jooq-codegen-3.11.10.jar:/home/user/.m2/repository/com/jolbox/bonecp/0.8.0.RELEASE/bonecp-0.8.0.RELEASE.jar:/home/user/.m2/repository/org/xerial/sqlite-jdbc/3.25.2/sqlite-jdbc-3.25.2.jar:/home/user/.m2/repository/org/springframework/spring-jdbc/5.1.3.RELEASE/spring-jdbc-5.1.3.RELEASE.jar:/home/user/.m2/repository/org/springframework/spring-beans/5.1.3.RELEASE/spring-beans-5.1.3.RELEASE.jar:/home/user/.m2/repository/org/springframework/spring-core/5.1.3.RELEASE/spring-core-5.1.3.RELEASE.jar:/home/user/.m2/repository/org/springframework/spring-jcl/5.1.3.RELEASE/spring-jcl-5.1.3.RELEASE.jar:/home/user/.m2/repository/org/springframework/spring-tx/5.1.3.RELEASE/spring-tx-5.1.3.RELEASE.jar:/home/user/.m2/repository/org/apache/hadoop/hadoop-ozone-client/0.5.0-SNAPSHOT/hadoop-ozone-client-0.5.0-SNAPSHOT.jar:/home/user/.m2/repository/commons-lang/commons-lang/2.6/commons-lang-2.6.jar:/home/user/.m2/repository/org/apache/hadoop/hadoop-ozone-ozone-manager/0.5.0-SNAPSHOT/hadoop-ozone-ozone-manager-0.5.0-SNAPSHOT-tests.jar:/home/user/.m2/repository/junit/junit/4.11/junit-4.11.jar:/home/user/.m2/repository/org/hamcrest/hamcrest-core/1.3/hamcrest-core-1.3.jar:/home/user/.m2/repository/org/openjdk/jmh/jmh-core/1.19/jmh-core-1.19.jar:/home/user/.m2/repository/net/sf/jopt-simple/jopt-simple/4.6/jopt-simple-4.6.jar:/home/user/.m2/repository/org/apache/commons/commons-math3/3.1.1/commons-math3-3.1.1.jar:/home/user/.m2/repository/org/openjdk/jmh/jmh-generator-annprocess/1.19/jmh-generator-annprocess-1.19.jar:/home/user/.m2/repository/org/mockito/mockito-all/1.8.5/mockito-all-1.8.5.jar:/home/user/.m2/repository/org/apache/hadoop/hadoop-kms/3.2.0/hadoop-kms-3.2.0.jar:/home/user/.m2/repository/org/apache/hadoop/hadoop-auth/3.2.0/hadoop-auth-3.2.0.jar:/home/user/.m2/repository/com/nimbusds/nimbus-jose-jwt/4.41.1/nimbus-jose-jwt-4.41.1.jar:/home/user/.m2/repository/com/github/stephenc/jcip/jcip-annotations/1.0-1/jcip-annotations-1.0-1.jar:/home/user/.m2/repository/net/minidev/json-smart/2.3/json-smart-2.3.jar:/home/user/.m2/repository/net/minidev/accessors-smart/1.2/accessors-smart-1.2.jar:/home/user/.m2/repository/org/ow2/asm/asm/5.0.4/asm-5.0.4.jar:/home/user/.m2/repository/org/apache/curator/curator-framework/2.12.0/curator-framework-2.12.0.jar:/home/user/.m2/repository/com/sun/jersey/jersey-core/1.19/jersey-core-1.19.jar:/home/user/.m2/repository/javax/ws/rs/jsr311-api/1.1.1/jsr311-api-1.1.1.jar:/home/user/.m2/repository/com/sun/jersey/jersey-server/1.19/jersey-server-1.19.jar:/home/user/.m2/repository/javax/servlet/javax.servlet-api/3.1.0/javax.servlet-api-3.1.0.jar:/home/user/.m2/repository/org/eclipse/jetty/jetty-server/9.3.25.v20180904/jetty-server-9.3.25.v20180904.jar:/home/user/.m2/repository/org/eclipse/jetty/jetty-http/9.3.25.v20180904/jetty-http-9.3.25.v20180904.jar:/home/user/.m2/repository/org/eclipse/jetty/jetty-io/9.3.25.v20180904/jetty-io-9.3.25.v20180904.jar:/home/user/.m2/repository/org/eclipse/jetty/jetty-webapp/9.3.25.v20180904/jetty-webapp-9.3.25.v20180904.jar:/home/user/.m2/repository/org/eclipse/jetty/jetty-xml/9.3.25.v20180904/jetty-xml-9.3.25.v20180904.jar:/home/user/.m2/repository/log4j/log4j/1.2.17/log4j-1.2.17.jar:/home/user/.m2/repository/org/slf4j/slf4j-api/1.7.25/slf4j-api-1.7.25.jar:/home/user/.m2/repository/org/slf4j/jul-to-slf4j/1.7.25/jul-to-slf4j-1.7.25.jar:/home/user/.m2/repository/org/eclipse/jetty/jetty-util/9.3.25.v20180904/jetty-util-9.3.25.v20180904.jar:/home/user/.m2/repository/com/fasterxml/jackson/core/jackson-databind/2.9.9/jackson-databind-2.9.9.jar:/home/user/.m2/repository/org/apache/hadoop/hadoop-kms/3.2.0/hadoop-kms-3.2.0-tests.jar:/home/user/.m2/repository/org/apache/hadoop/hadoop-hdds-server-scm/0.5.0-SNAPSHOT/hadoop-hdds-server-scm-0.5.0-SNAPSHOT-tests.jar:/home/user/.m2/repository/org/apache/hadoop/hadoop-hdds-container-service/0.5.0-SNAPSHOT/hadoop-hdds-container-service-0.5.0-SNAPSHOT-tests.jar:/home/user/.m2/repository/org/yaml/snakeyaml/1.16/snakeyaml-1.16.jar:/home/user/.m2/repository/org/apache/hadoop/hadoop-common/3.2.0/hadoop-common-3.2.0-tests.jar:/home/user/.m2/repository/org/apache/hadoop/hadoop-annotations/3.2.0/hadoop-annotations-3.2.0.jar:/usr/lib/jvm/java-1.8-openjdk/jre/../lib/tools.jar:/home/user/.m2/repository/commons-cli/commons-cli/1.2/commons-cli-1.2.jar:/home/user/.m2/repository/org/apache/httpcomponents/httpclient/4.5.2/httpclient-4.5.2.jar:/home/user/.m2/repository/org/apache/httpcomponents/httpcore/4.4.4/httpcore-4.4.4.jar:/home/user/.m2/repository/commons-codec/commons-codec/1.11/commons-codec-1.11.jar:/home/user/.m2/repository/commons-net/commons-net/3.6/commons-net-3.6.jar:/home/user/.m2/repository/commons-collections/commons-collections/3.2.2/commons-collections-3.2.2.jar:/home/user/.m2/repository/org/eclipse/jetty/jetty-servlet/9.3.25.v20180904/jetty-servlet-9.3.25.v20180904.jar:/home/user/.m2/repository/org/eclipse/jetty/jetty-security/9.3.25.v20180904/jetty-security-9.3.25.v20180904.jar:/home/user/.m2/repository/javax/servlet/jsp/jsp-api/2.1/jsp-api-2.1.jar:/home/user/.m2/repository/com/sun/jersey/jersey-servlet/1.19/jersey-servlet-1.19.jar:/home/user/.m2/repository/com/sun/jersey/jersey-json/1.19/jersey-json-1.19.jar:/home/user/.m2/repository/org/codehaus/jettison/jettison/1.1/jettison-1.1.jar:/home/user/.m2/repository/org/codehaus/jackson/jackson-core-asl/1.9.13/jackson-core-asl-1.9.13.jar:/home/user/.m2/repository/org/codehaus/jackson/jackson-mapper-asl/1.9.13/jackson-mapper-asl-1.9.13.jar:/home/user/.m2/repository/org/codehaus/jackson/jackson-jaxrs/1.9.13/jackson-jaxrs-1.9.13.jar:/home/user/.m2/repository/org/codehaus/jackson/jackson-xc/1.9.13/jackson-xc-1.9.13.jar:/home/user/.m2/repository/commons-logging/commons-logging/1.1.3/commons-logging-1.1.3.jar:/home/user/.m2/repository/commons-beanutils/commons-beanutils/1.9.4/commons-beanutils-1.9.4.jar:/home/user/.m2/repository/org/apache/commons/commons-configuration2/2.1.1/commons-configuration2-2.1.1.jar:/home/user/.m2/repository/org/apache/commons/commons-lang3/3.7/commons-lang3-3.7.jar:/home/user/.m2/repository/org/apache/commons/commons-text/1.4/commons-text-1.4.jar:/home/user/.m2/repository/org/apache/avro/avro/1.7.7/avro-1.7.7.jar:/home/user/.m2/repository/com/thoughtworks/paranamer/paranamer/2.3/paranamer-2.3.jar:/home/user/.m2/repository/org/xerial/snappy/snappy-java/1.0.5/snappy-java-1.0.5.jar:/home/user/.m2/repository/com/google/re2j/re2j/1.1/re2j-1.1.jar:/home/user/.m2/repository/com/google/code/gson/gson/2.2.4/gson-2.2.4.jar:/home/user/.m2/repository/com/jcraft/jsch/0.1.54/jsch-0.1.54.jar:/home/user/.m2/repository/org/apache/curator/curator-client/2.12.0/curator-client-2.12.0.jar:/home/user/.m2/repository/org/apache/curator/curator-recipes/2.12.0/curator-recipes-2.12.0.jar:/home/user/.m2/repository/com/google/code/findbugs/jsr305/3.0.0/jsr305-3.0.0.jar:/home/user/.m2/repository/org/apache/htrace/htrace-core4/4.1.0-incubating/htrace-core4-4.1.0-incubating.jar:/home/user/.m2/repository/org/apache/zookeeper/zookeeper/3.4.13/zookeeper-3.4.13.jar:/home/user/.m2/repository/jline/jline/0.9.94/jline-0.9.94.jar:/home/user/.m2/repository/org/apache/yetus/audience-annotations/0.5.0/audience-annotations-0.5.0.jar:/home/user/.m2/repository/org/codehaus/woodstox/stax2-api/3.1.4/stax2-api-3.1.4.jar:/home/user/.m2/repository/com/fasterxml/woodstox/woodstox-core/5.0.3/woodstox-core-5.0.3.jar:/home/user/.m2/repository/dnsjava/dnsjava/2.1.7/dnsjava-2.1.7.jar:/home/user/.m2/repository/org/apache/hadoop/hadoop-hdfs/3.2.0/hadoop-hdfs-3.2.0-tests.jar:/home/user/.m2/repository/org/eclipse/jetty/jetty-util-ajax/9.3.25.v20180904/jetty-util-ajax-9.3.25.v20180904.jar:/home/user/.m2/repository/commons-daemon/commons-daemon/1.0.13/commons-daemon-1.0.13.jar:/home/user/.m2/repository/io/netty/netty/3.10.5.Final/netty-3.10.5.Final.jar:/home/user/.m2/repository/io/netty/netty-all/4.0.52.Final/netty-all-4.0.52.Final.jar:/home/user/.m2/repository/org/fusesource/leveldbjni/leveldbjni-all/1.8/leveldbjni-all-1.8.jar:"/>
    <property name="sun.cpu.endian" value="little"/>
    <property name="user.home" value="/home/user"/>
    <property name="user.language" value="en"/>
    <property name="java.specification.vendor" value="Oracle Corporation"/>
    <property name="java.home" value="/usr/lib/jvm/java-1.8-openjdk/jre"/>
    <property name="java.security.krb5.conf" value="/workdir/hadoop-ozone/integration-test/target/test-classes/krb5.conf"/>
    <property name="basedir" value="/workdir/hadoop-ozone/integration-test"/>
    <property name="file.separator" value="/"/>
    <property name="line.separator" value="&#10;"/>
    <property name="java.vm.specification.vendor" value="Oracle Corporation"/>
    <property name="java.specification.name" value="Java Platform API Specification"/>
    <property name="java.awt.graphicsenv" value="sun.awt.X11GraphicsEnvironment"/>
    <property name="surefire.real.class.path" value="/workdir/hadoop-ozone/integration-test/target/surefire/surefirebooter1660964215318072352.jar"/>
    <property name="hadoop.log.dir" value="/workdir/hadoop-ozone/integration-test/target/log"/>
    <property name="sun.boot.class.path" value="/usr/lib/jvm/java-1.8-openjdk/jre/lib/resources.jar:/usr/lib/jvm/java-1.8-openjdk/jre/lib/rt.jar:/usr/lib/jvm/java-1.8-openjdk/jre/lib/sunrsasign.jar:/usr/lib/jvm/java-1.8-openjdk/jre/lib/jsse.jar:/usr/lib/jvm/java-1.8-openjdk/jre/lib/jce.jar:/usr/lib/jvm/java-1.8-openjdk/jre/lib/charsets.jar:/usr/lib/jvm/java-1.8-openjdk/jre/lib/jfr.jar:/usr/lib/jvm/java-1.8-openjdk/jre/classes"/>
    <property name="sun.management.compiler" value="HotSpot 64-Bit Tiered Compilers"/>
    <property name="java.runtime.version" value="1.8.0_212-b04"/>
    <property name="java.net.preferIPv4Stack" value="true"/>
    <property name="user.name" value="jenkins1000"/>
    <property name="path.separator" value=":"/>
    <property name="java.security.egd" value="file:///dev/urandom"/>
    <property name="os.version" value="3.10.0-957.12.2.el7.x86_64"/>
    <property name="java.endorsed.dirs" value="/usr/lib/jvm/java-1.8-openjdk/jre/lib/endorsed"/>
    <property name="java.runtime.name" value="OpenJDK Runtime Environment"/>
    <property name="file.encoding" value="UTF-8"/>
    <property name="java.vm.name" value="OpenJDK 64-Bit Server VM"/>
    <property name="test.build.webapps" value=""/>
    <property name="localRepository" value="/home/user/.m2/repository"/>
    <property name="java.vendor.url.bug" value="https://icedtea.classpath.org/bugzilla"/>
    <property name="java.io.tmpdir" value="/tmp"/>
    <property name="require.test.libhadoop" value=""/>
    <property name="java.version" value="1.8.0_212"/>
    <property name="user.dir" value="/workdir/hadoop-ozone/integration-test"/>
    <property name="os.arch" value="amd64"/>
    <property name="java.vm.specification.name" value="Java Virtual Machine Specification"/>
    <property name="test.build.classes" value="/workdir/hadoop-ozone/integration-test/target/test-classes"/>
    <property name="java.awt.printerjob" value="sun.print.PSPrinterJob"/>
    <property name="sun.os.patch.level" value="unknown"/>
    <property name="hadoop.tmp.dir" value="/workdir/hadoop-ozone/integration-test/target/tmp"/>
    <property name="java.library.path" value="/usr/lib/jvm/java-1.8-openjdk/jre/lib/amd64/server:/usr/lib/jvm/java-1.8-openjdk/jre/lib/amd64:/usr/lib/jvm/java-1.8-openjdk/jre/../lib/amd64:/workdir/hadoop-ozone/integration-test/target/native/target/usr/local/lib:/workdir/hadoop-ozone/integration-test/../../hadoop-common-project/hadoop-common/target/native/target/usr/local/lib:/usr/java/packages/lib/amd64:/usr/lib64:/lib64:/lib:/usr/lib"/>
    <property name="java.vm.info" value="mixed mode"/>
    <property name="java.vendor" value="IcedTea"/>
    <property name="java.vm.version" value="25.212-b04"/>
    <property name="java.ext.dirs" value="/usr/lib/jvm/java-1.8-openjdk/jre/lib/ext:/usr/java/packages/lib/ext"/>
    <property name="sun.io.unicode.encoding" value="UnicodeLittle"/>
    <property name="java.class.version" value="52.0"/>
  </properties>
  <testcase name="testFreeByReference" classname="org.apache.hadoop.ozone.scm.TestXceiverClientManager" time="26.719">
    <failure message="expected:&lt;1&gt; but was:&lt;2&gt;" type="java.lang.AssertionError"><![CDATA[java.lang.AssertionError: expected:<1> but was:<2>
	at org.junit.Assert.fail(Assert.java:88)
	at org.junit.Assert.failNotEquals(Assert.java:743)
	at org.junit.Assert.assertEquals(Assert.java:118)
	at org.junit.Assert.assertEquals(Assert.java:555)
	at org.junit.Assert.assertEquals(Assert.java:542)
	at org.apache.hadoop.ozone.scm.TestXceiverClientManager.testFreeByReference(TestXceiverClientManager.java:138)
	at sun.reflect.NativeMethodAccessorImpl.invoke0(Native Method)
	at sun.reflect.NativeMethodAccessorImpl.invoke(NativeMethodAccessorImpl.java:62)
	at sun.reflect.DelegatingMethodAccessorImpl.invoke(DelegatingMethodAccessorImpl.java:43)
	at java.lang.reflect.Method.invoke(Method.java:498)
	at org.junit.runners.model.FrameworkMethod$1.runReflectiveCall(FrameworkMethod.java:47)
	at org.junit.internal.runners.model.ReflectiveCallable.run(ReflectiveCallable.java:12)
	at org.junit.runners.model.FrameworkMethod.invokeExplosively(FrameworkMethod.java:44)
	at org.junit.internal.runners.statements.InvokeMethod.evaluate(InvokeMethod.java:17)
	at org.junit.internal.runners.statements.RunBefores.evaluate(RunBefores.java:26)
	at org.junit.internal.runners.statements.RunAfters.evaluate(RunAfters.java:27)
	at org.junit.rules.ExpectedException$ExpectedExceptionStatement.evaluate(ExpectedException.java:168)
	at org.junit.rules.RunRules.evaluate(RunRules.java:20)
	at org.junit.runners.ParentRunner.runLeaf(ParentRunner.java:271)
	at org.junit.runners.BlockJUnit4ClassRunner.runChild(BlockJUnit4ClassRunner.java:70)
	at org.junit.runners.BlockJUnit4ClassRunner.runChild(BlockJUnit4ClassRunner.java:50)
	at org.junit.runners.ParentRunner$3.run(ParentRunner.java:238)
	at org.junit.runners.ParentRunner$1.schedule(ParentRunner.java:63)
	at org.junit.runners.ParentRunner.runChildren(ParentRunner.java:236)
	at org.junit.runners.ParentRunner.access$000(ParentRunner.java:53)
	at org.junit.runners.ParentRunner$2.evaluate(ParentRunner.java:229)
	at org.junit.runners.ParentRunner.run(ParentRunner.java:309)
	at org.apache.maven.surefire.junit4.JUnit4Provider.execute(JUnit4Provider.java:365)
	at org.apache.maven.surefire.junit4.JUnit4Provider.executeWithRerun(JUnit4Provider.java:273)
	at org.apache.maven.surefire.junit4.JUnit4Provider.executeTestSet(JUnit4Provider.java:238)
	at org.apache.maven.surefire.junit4.JUnit4Provider.invoke(JUnit4Provider.java:159)
	at org.apache.maven.surefire.booter.ForkedBooter.invokeProviderInSameClassLoader(ForkedBooter.java:384)
	at org.apache.maven.surefire.booter.ForkedBooter.runSuitesInProcess(ForkedBooter.java:345)
	at org.apache.maven.surefire.booter.ForkedBooter.execute(ForkedBooter.java:126)
	at org.apache.maven.surefire.booter.ForkedBooter.main(ForkedBooter.java:418)
]]></failure>
    <system-out><![CDATA[2019-10-12 10:01:24,330 [main] WARN  server.ServerUtils (ServerUtils.java:getScmDbDir(145)) - ozone.scm.db.dirs is not configured. We recommend adding this setting. Falling back to ozone.metadata.dirs instead.
2019-10-12 10:01:24,430 [main] WARN  server.ServerUtils (ServerUtils.java:getScmDbDir(145)) - ozone.scm.db.dirs is not configured. We recommend adding this setting. Falling back to ozone.metadata.dirs instead.
2019-10-12 10:01:24,433 [main] WARN  server.ServerUtils (ServerUtils.java:getScmDbDir(145)) - ozone.scm.db.dirs is not configured. We recommend adding this setting. Falling back to ozone.metadata.dirs instead.
2019-10-12 10:01:24,460 [main] INFO  util.log (Log.java:initialized(192)) - Logging initialized @941ms
2019-10-12 10:01:24,562 [main] INFO  db.DBStoreBuilder (DBStoreBuilder.java:addTable(117)) - using custom profile for table: deletedBlocks
2019-10-12 10:01:24,563 [main] INFO  db.DBStoreBuilder (DBStoreBuilder.java:processTables(168)) - Using default column profile:DBProfile.DISK for Table:deletedBlocks
2019-10-12 10:01:24,563 [main] INFO  db.DBStoreBuilder (DBStoreBuilder.java:addTable(117)) - using custom profile for table: validCerts
2019-10-12 10:01:24,563 [main] INFO  db.DBStoreBuilder (DBStoreBuilder.java:processTables(168)) - Using default column profile:DBProfile.DISK for Table:validCerts
2019-10-12 10:01:24,564 [main] INFO  db.DBStoreBuilder (DBStoreBuilder.java:addTable(117)) - using custom profile for table: revokedCerts
2019-10-12 10:01:24,564 [main] INFO  db.DBStoreBuilder (DBStoreBuilder.java:processTables(168)) - Using default column profile:DBProfile.DISK for Table:revokedCerts
2019-10-12 10:01:24,577 [main] INFO  db.DBStoreBuilder (DBStoreBuilder.java:addTable(117)) - using custom profile for table: default
2019-10-12 10:01:24,577 [main] INFO  db.DBStoreBuilder (DBStoreBuilder.java:processTables(174)) - Using default column profile:DBProfile.DISK for Table:default
2019-10-12 10:01:24,578 [main] INFO  db.DBStoreBuilder (DBStoreBuilder.java:getDbProfile(205)) - Using default options. DBProfile.DISK
2019-10-12 10:01:24,805 [main] INFO  net.NodeSchemaLoader (NodeSchemaLoader.java:loadSchemaFromFile(125)) - Loading file from sun.misc.CompoundEnumeration@28701274
2019-10-12 10:01:24,807 [main] INFO  net.NodeSchemaLoader (NodeSchemaLoader.java:loadSchema(171)) - Loading network topology layer schema file
2019-10-12 10:01:24,881 [main] WARN  server.ServerUtils (ServerUtils.java:sanitizeUserArgs(70)) - ozone.scm.stale.node.interval value = 300000 is larger than max = 100000 based on the key value of ozone.scm.heartbeat.thread.interval, reset to the max value 100000.
2019-10-12 10:01:24,883 [main] WARN  server.ServerUtils (ServerUtils.java:sanitizeUserArgs(70)) - ozone.scm.stale.node.interval value = 300000 is larger than max = 100000 based on the key value of ozone.scm.heartbeat.thread.interval, reset to the max value 100000.
2019-10-12 10:01:24,885 [main] INFO  node.SCMNodeManager (SCMNodeManager.java:<init>(116)) - Entering startup safe mode.
2019-10-12 10:01:24,958 [main] INFO  algorithms.ContainerPlacementPolicyFactory (ContainerPlacementPolicyFactory.java:getPolicy(57)) - Create container placement policy of type org.apache.hadoop.hdds.scm.container.placement.algorithms.SCMContainerPlacementRandom
2019-10-12 10:01:24,974 [main] WARN  server.ServerUtils (ServerUtils.java:getScmDbDir(145)) - ozone.scm.db.dirs is not configured. We recommend adding this setting. Falling back to ozone.metadata.dirs instead.
2019-10-12 10:01:25,037 [main] INFO  pipeline.SCMPipelineManager (SCMPipelineManager.java:initializePipelineState(150)) - No pipeline exists in current db
2019-10-12 10:01:25,042 [main] WARN  server.ServerUtils (ServerUtils.java:getScmDbDir(145)) - ozone.scm.db.dirs is not configured. We recommend adding this setting. Falling back to ozone.metadata.dirs instead.
2019-10-12 10:01:25,158 [main] INFO  safemode.HealthyPipelineSafeModeRule (HealthyPipelineSafeModeRule.java:<init>(89)) -  Total pipeline count is 0, healthy pipeline threshold count is 1
2019-10-12 10:01:25,160 [main] INFO  safemode.OneReplicaPipelineSafeModeRule (OneReplicaPipelineSafeModeRule.java:<init>(88)) - Total pipeline count is 0, pipeline's with at least one datanode reported threshold count is 0
2019-10-12 10:01:25,160 [main] WARN  events.EventQueue (EventQueue.java:fireEvent(183)) - No event handler registered for event TypedEvent{payloadType=SafeModeStatus, name='SafeModeStatus'}
2019-10-12 10:01:25,527 [main] INFO  ipc.CallQueueManager (CallQueueManager.java:<init>(84)) - Using callQueue: class java.util.concurrent.LinkedBlockingQueue, queueCapacity: 2000, scheduler: class org.apache.hadoop.ipc.DefaultRpcScheduler, ipcBackoff: false.
2019-10-12 10:01:25,680 [Socket Reader #1 for port 38459] INFO  ipc.Server (Server.java:run(1074)) - Starting Socket Reader #1 for port 38459
2019-10-12 10:01:25,715 [main] INFO  ipc.CallQueueManager (CallQueueManager.java:<init>(84)) - Using callQueue: class java.util.concurrent.LinkedBlockingQueue, queueCapacity: 2000, scheduler: class org.apache.hadoop.ipc.DefaultRpcScheduler, ipcBackoff: false.
2019-10-12 10:01:25,717 [Socket Reader #1 for port 40698] INFO  ipc.Server (Server.java:run(1074)) - Starting Socket Reader #1 for port 40698
2019-10-12 10:01:25,731 [main] INFO  ipc.CallQueueManager (CallQueueManager.java:<init>(84)) - Using callQueue: class java.util.concurrent.LinkedBlockingQueue, queueCapacity: 2000, scheduler: class org.apache.hadoop.ipc.DefaultRpcScheduler, ipcBackoff: false.
2019-10-12 10:01:25,732 [Socket Reader #1 for port 40022] INFO  ipc.Server (Server.java:run(1074)) - Starting Socket Reader #1 for port 40022
2019-10-12 10:01:25,764 [main] INFO  hdfs.DFSUtil (DFSUtil.java:httpServerTemplateForNNAndJN(1641)) - Starting Web-server for scm at: http://0.0.0.0:0
2019-10-12 10:01:25,961 [main] INFO  server.AuthenticationFilter (AuthenticationFilter.java:constructSecretProvider(240)) - Unable to initialize FileSignerSecretProvider, falling back to use random secrets.
2019-10-12 10:01:25,971 [main] WARN  http.HttpRequestLog (HttpRequestLog.java:getRequestLog(97)) - Jetty request log can only be enabled using Log4j
2019-10-12 10:01:25,981 [main] INFO  http.HttpServer2 (HttpServer2.java:addGlobalFilter(975)) - Added global filter 'safety' (class=org.apache.hadoop.http.HttpServer2$QuotingInputFilter)
2019-10-12 10:01:25,984 [main] INFO  http.HttpServer2 (HttpServer2.java:addFilter(948)) - Added filter static_user_filter (class=org.apache.hadoop.http.lib.StaticUserWebFilter$StaticUserFilter) to context scm
2019-10-12 10:01:25,984 [main] INFO  http.HttpServer2 (HttpServer2.java:addFilter(958)) - Added filter static_user_filter (class=org.apache.hadoop.http.lib.StaticUserWebFilter$StaticUserFilter) to context static
2019-10-12 10:01:25,984 [main] INFO  http.HttpServer2 (HttpServer2.java:addFilter(958)) - Added filter static_user_filter (class=org.apache.hadoop.http.lib.StaticUserWebFilter$StaticUserFilter) to context logs
2019-10-12 10:01:26,018 [main] INFO  server.StorageContainerManager (StorageContainerManager.java:start(771)) - StorageContainerLocationProtocol RPC server is listening at /0.0.0.0:40022
2019-10-12 10:01:26,082 [main] WARN  impl.MetricsConfig (MetricsConfig.java:loadFirst(134)) - Cannot locate configuration: tried hadoop-metrics2-storagecontainermanager.properties,hadoop-metrics2.properties
2019-10-12 10:01:26,095 [main] INFO  impl.MetricsSystemImpl (MetricsSystemImpl.java:startTimer(374)) - Scheduled Metric snapshot period at 10 second(s).
2019-10-12 10:01:26,095 [main] INFO  impl.MetricsSystemImpl (MetricsSystemImpl.java:start(191)) - StorageContainerManager metrics system started
2019-10-12 10:01:26,320 [main] INFO  server.SCMClientProtocolServer (SCMClientProtocolServer.java:start(159)) - RPC server for Client  is listening at /0.0.0.0:40022
2019-10-12 10:01:26,321 [IPC Server Responder] INFO  ipc.Server (Server.java:run(1314)) - IPC Server Responder: starting
2019-10-12 10:01:26,321 [IPC Server listener on 40022] INFO  ipc.Server (Server.java:run(1153)) - IPC Server listener on 40022: starting
2019-10-12 10:01:26,324 [main] INFO  server.StorageContainerManager (StorageContainerManager.java:start(781)) - ScmBlockLocationProtocol RPC server is listening at /0.0.0.0:40698
2019-10-12 10:01:26,325 [main] INFO  server.SCMBlockProtocolServer (SCMBlockProtocolServer.java:start(146)) - RPC server for Block Protocol is listening at /0.0.0.0:40698
2019-10-12 10:01:26,325 [IPC Server Responder] INFO  ipc.Server (Server.java:run(1314)) - IPC Server Responder: starting
2019-10-12 10:01:26,325 [IPC Server listener on 40698] INFO  ipc.Server (Server.java:run(1153)) - IPC Server listener on 40698: starting
2019-10-12 10:01:26,327 [main] INFO  server.StorageContainerManager (StorageContainerManager.java:start(785)) - ScmDatanodeProtocl RPC server is listening at /0.0.0.0:38459
2019-10-12 10:01:26,328 [main] INFO  server.SCMDatanodeProtocolServer (SCMDatanodeProtocolServer.java:start(177)) - RPC server for DataNodes is listening at /0.0.0.0:38459
2019-10-12 10:01:26,329 [IPC Server Responder] INFO  ipc.Server (Server.java:run(1314)) - IPC Server Responder: starting
2019-10-12 10:01:26,329 [IPC Server listener on 38459] INFO  ipc.Server (Server.java:run(1153)) - IPC Server listener on 38459: starting
2019-10-12 10:01:26,333 [main] INFO  http.HttpServer2 (HttpServer2.java:bindListener(1191)) - Jetty bound to port 40899
2019-10-12 10:01:26,334 [main] INFO  server.Server (Server.java:doStart(351)) - jetty-9.3.25.v20180904, build timestamp: 2018-09-04T21:11:46Z, git hash: 3ce520221d0240229c862b122d2b06c12a625732
2019-10-12 10:01:26,373 [main] INFO  handler.ContextHandler (ContextHandler.java:doStart(781)) - Started o.e.j.s.ServletContextHandler@2320fa6f{/logs,file:///workdir/hadoop-ozone/integration-test/target/log,AVAILABLE}
2019-10-12 10:01:26,373 [main] INFO  handler.ContextHandler (ContextHandler.java:doStart(781)) - Started o.e.j.s.ServletContextHandler@4d722ac9{/static,file:///workdir/hadoop-ozone/integration-test/target/test-classes/webapps/static,AVAILABLE}
2019-10-12 10:01:26,407 [main] INFO  handler.ContextHandler (ContextHandler.java:doStart(781)) - Started o.e.j.w.WebAppContext@51f49060{/,file:///workdir/hadoop-ozone/integration-test/target/test-classes/webapps/scm/,AVAILABLE}{/scm}
2019-10-12 10:01:26,413 [main] INFO  server.AbstractConnector (AbstractConnector.java:doStart(278)) - Started ServerConnector@46cc127b{HTTP/1.1,[http/1.1]}{0.0.0.0:40899}
2019-10-12 10:01:26,413 [main] INFO  server.Server (Server.java:doStart(419)) - Started @2895ms
2019-10-12 10:01:26,415 [main] INFO  impl.MetricsSinkAdapter (MetricsSinkAdapter.java:start(204)) - Sink prometheus started
2019-10-12 10:01:26,416 [main] INFO  impl.MetricsSystemImpl (MetricsSystemImpl.java:registerSink(301)) - Registered sink prometheus
2019-10-12 10:01:26,417 [main] INFO  server.BaseHttpServer (BaseHttpServer.java:updateConnectorAddress(215)) - HTTP server of SCM is listening at http://0.0.0.0:40899
2019-10-12 10:01:26,426 [org.apache.hadoop.util.JvmPauseMonitor$Monitor@2af616d3] INFO  util.JvmPauseMonitor (JvmPauseMonitor.java:run(188)) - Starting JVM pause monitor
2019-10-12 10:01:26,433 [main] WARN  server.ServerUtils (ServerUtils.java:getDBPath(222)) - ozone.om.db.dirs is not configured. We recommend adding this setting. Falling back to ozone.metadata.dirs instead.
2019-10-12 10:01:26,579 [main] INFO  ha.OMHANodeDetails (OMHANodeDetails.java:loadOMHAConfig(190)) - Configuration either no ozone.om.address set. Falling back to the default OM address /127.0.0.1:0
2019-10-12 10:01:26,579 [main] INFO  ha.OMHANodeDetails (OMHANodeDetails.java:getOMNodeDetails(220)) - OM Service ID is not set. Setting it to the default ID: omServiceIdDefault
2019-10-12 10:01:26,581 [main] WARN  server.ServerUtils (ServerUtils.java:getDBPath(222)) - ozone.om.db.dirs is not configured. We recommend adding this setting. Falling back to ozone.metadata.dirs instead.
2019-10-12 10:01:26,582 [main] WARN  server.ServerUtils (ServerUtils.java:getDBPath(222)) - ozone.om.db.dirs is not configured. We recommend adding this setting. Falling back to ozone.metadata.dirs instead.
2019-10-12 10:01:27,364 [main] WARN  server.ServerUtils (ServerUtils.java:getDBPath(222)) - ozone.om.db.dirs is not configured. We recommend adding this setting. Falling back to ozone.metadata.dirs instead.
2019-10-12 10:01:27,372 [main] INFO  db.DBStoreBuilder (DBStoreBuilder.java:addTable(117)) - using custom profile for table: userTable
2019-10-12 10:01:27,372 [main] INFO  db.DBStoreBuilder (DBStoreBuilder.java:processTables(168)) - Using default column profile:DBProfile.DISK for Table:userTable
2019-10-12 10:01:27,373 [main] INFO  db.DBStoreBuilder (DBStoreBuilder.java:addTable(117)) - using custom profile for table: volumeTable
2019-10-12 10:01:27,373 [main] INFO  db.DBStoreBuilder (DBStoreBuilder.java:processTables(168)) - Using default column profile:DBProfile.DISK for Table:volumeTable
2019-10-12 10:01:27,373 [main] INFO  db.DBStoreBuilder (DBStoreBuilder.java:addTable(117)) - using custom profile for table: bucketTable
2019-10-12 10:01:27,374 [main] INFO  db.DBStoreBuilder (DBStoreBuilder.java:processTables(168)) - Using default column profile:DBProfile.DISK for Table:bucketTable
2019-10-12 10:01:27,374 [main] INFO  db.DBStoreBuilder (DBStoreBuilder.java:addTable(117)) - using custom profile for table: keyTable
2019-10-12 10:01:27,374 [main] INFO  db.DBStoreBuilder (DBStoreBuilder.java:processTables(168)) - Using default column profile:DBProfile.DISK for Table:keyTable
2019-10-12 10:01:27,374 [main] INFO  db.DBStoreBuilder (DBStoreBuilder.java:addTable(117)) - using custom profile for table: deletedTable
2019-10-12 10:01:27,375 [main] INFO  db.DBStoreBuilder (DBStoreBuilder.java:processTables(168)) - Using default column profile:DBProfile.DISK for Table:deletedTable
2019-10-12 10:01:27,375 [main] INFO  db.DBStoreBuilder (DBStoreBuilder.java:addTable(117)) - using custom profile for table: openKeyTable
2019-10-12 10:01:27,375 [main] INFO  db.DBStoreBuilder (DBStoreBuilder.java:processTables(168)) - Using default column profile:DBProfile.DISK for Table:openKeyTable
2019-10-12 10:01:27,375 [main] INFO  db.DBStoreBuilder (DBStoreBuilder.java:addTable(117)) - using custom profile for table: s3Table
2019-10-12 10:01:27,376 [main] INFO  db.DBStoreBuilder (DBStoreBuilder.java:processTables(168)) - Using default column profile:DBProfile.DISK for Table:s3Table
2019-10-12 10:01:27,376 [main] INFO  db.DBStoreBuilder (DBStoreBuilder.java:addTable(117)) - using custom profile for table: multipartInfoTable
2019-10-12 10:01:27,376 [main] INFO  db.DBStoreBuilder (DBStoreBuilder.java:processTables(168)) - Using default column profile:DBProfile.DISK for Table:multipartInfoTable
2019-10-12 10:01:27,376 [main] INFO  db.DBStoreBuilder (DBStoreBuilder.java:addTable(117)) - using custom profile for table: dTokenTable
2019-10-12 10:01:27,377 [main] INFO  db.DBStoreBuilder (DBStoreBuilder.java:processTables(168)) - Using default column profile:DBProfile.DISK for Table:dTokenTable
2019-10-12 10:01:27,377 [main] INFO  db.DBStoreBuilder (DBStoreBuilder.java:addTable(117)) - using custom profile for table: s3SecretTable
2019-10-12 10:01:27,377 [main] INFO  db.DBStoreBuilder (DBStoreBuilder.java:processTables(168)) - Using default column profile:DBProfile.DISK for Table:s3SecretTable
2019-10-12 10:01:27,378 [main] INFO  db.DBStoreBuilder (DBStoreBuilder.java:addTable(117)) - using custom profile for table: prefixTable
2019-10-12 10:01:27,378 [main] INFO  db.DBStoreBuilder (DBStoreBuilder.java:processTables(168)) - Using default column profile:DBProfile.DISK for Table:prefixTable
2019-10-12 10:01:27,378 [main] INFO  db.DBStoreBuilder (DBStoreBuilder.java:addTable(117)) - using custom profile for table: default
2019-10-12 10:01:27,378 [main] INFO  db.DBStoreBuilder (DBStoreBuilder.java:processTables(174)) - Using default column profile:DBProfile.DISK for Table:default
2019-10-12 10:01:27,379 [main] INFO  db.DBStoreBuilder (DBStoreBuilder.java:getDbProfile(205)) - Using default options. DBProfile.DISK
2019-10-12 10:01:27,805 [main] INFO  ipc.CallQueueManager (CallQueueManager.java:<init>(84)) - Using callQueue: class java.util.concurrent.LinkedBlockingQueue, queueCapacity: 2000, scheduler: class org.apache.hadoop.ipc.DefaultRpcScheduler, ipcBackoff: false.
2019-10-12 10:01:27,806 [Socket Reader #1 for port 42489] INFO  ipc.Server (Server.java:run(1074)) - Starting Socket Reader #1 for port 42489
2019-10-12 10:01:27,826 [main] INFO  om.OzoneManager (OzoneManager.java:start(1071)) - OzoneManager RPC server is listening at localhost/127.0.0.1:42489
2019-10-12 10:01:27,826 [main] INFO  impl.MetricsSystemImpl (MetricsSystemImpl.java:init(158)) - OzoneManager metrics system started (again)
2019-10-12 10:01:27,834 [IPC Server Responder] INFO  ipc.Server (Server.java:run(1314)) - IPC Server Responder: starting
2019-10-12 10:01:27,834 [IPC Server listener on 42489] INFO  ipc.Server (Server.java:run(1153)) - IPC Server listener on 42489: starting
2019-10-12 10:01:27,841 [main] INFO  hdfs.DFSUtil (DFSUtil.java:httpServerTemplateForNNAndJN(1641)) - Starting Web-server for ozoneManager at: http://0.0.0.0:0
2019-10-12 10:01:27,844 [main] INFO  server.AuthenticationFilter (AuthenticationFilter.java:constructSecretProvider(240)) - Unable to initialize FileSignerSecretProvider, falling back to use random secrets.
2019-10-12 10:01:27,844 [main] WARN  http.HttpRequestLog (HttpRequestLog.java:getRequestLog(97)) - Jetty request log can only be enabled using Log4j
2019-10-12 10:01:27,848 [main] INFO  http.HttpServer2 (HttpServer2.java:addGlobalFilter(975)) - Added global filter 'safety' (class=org.apache.hadoop.http.HttpServer2$QuotingInputFilter)
2019-10-12 10:01:27,849 [main] INFO  http.HttpServer2 (HttpServer2.java:addFilter(948)) - Added filter static_user_filter (class=org.apache.hadoop.http.lib.StaticUserWebFilter$StaticUserFilter) to context ozoneManager
2019-10-12 10:01:27,849 [main] INFO  http.HttpServer2 (HttpServer2.java:addFilter(958)) - Added filter static_user_filter (class=org.apache.hadoop.http.lib.StaticUserWebFilter$StaticUserFilter) to context static
2019-10-12 10:01:27,850 [main] INFO  http.HttpServer2 (HttpServer2.java:addFilter(958)) - Added filter static_user_filter (class=org.apache.hadoop.http.lib.StaticUserWebFilter$StaticUserFilter) to context logs
2019-10-12 10:01:27,852 [main] INFO  http.HttpServer2 (HttpServer2.java:bindListener(1191)) - Jetty bound to port 33463
2019-10-12 10:01:27,853 [main] INFO  server.Server (Server.java:doStart(351)) - jetty-9.3.25.v20180904, build timestamp: 2018-09-04T21:11:46Z, git hash: 3ce520221d0240229c862b122d2b06c12a625732
2019-10-12 10:01:27,855 [main] INFO  handler.ContextHandler (ContextHandler.java:doStart(781)) - Started o.e.j.s.ServletContextHandler@3adbe50f{/logs,file:///workdir/hadoop-ozone/integration-test/target/log,AVAILABLE}
2019-10-12 10:01:27,856 [main] INFO  handler.ContextHandler (ContextHandler.java:doStart(781)) - Started o.e.j.s.ServletContextHandler@49aa766b{/static,file:///workdir/hadoop-ozone/integration-test/target/test-classes/webapps/static,AVAILABLE}
2019-10-12 10:01:27,863 [main] INFO  handler.ContextHandler (ContextHandler.java:doStart(781)) - Started o.e.j.w.WebAppContext@393881f0{/,file:///workdir/hadoop-ozone/integration-test/target/test-classes/webapps/ozoneManager/,AVAILABLE}{/ozoneManager}
2019-10-12 10:01:27,864 [main] INFO  server.AbstractConnector (AbstractConnector.java:doStart(278)) - Started ServerConnector@4af46df3{HTTP/1.1,[http/1.1]}{0.0.0.0:33463}
2019-10-12 10:01:27,865 [main] INFO  server.Server (Server.java:doStart(419)) - Started @4346ms
2019-10-12 10:01:27,865 [main] WARN  impl.MetricsSystemImpl (MetricsSystemImpl.java:register(276)) - Sink prometheus already exists!
2019-10-12 10:01:27,866 [main] INFO  server.BaseHttpServer (BaseHttpServer.java:updateConnectorAddress(215)) - HTTP server of OZONEMANAGER is listening at http://0.0.0.0:33463
2019-10-12 10:01:28,192 [main] INFO  impl.MetricsSystemImpl (MetricsSystemImpl.java:init(158)) - HddsDatanode metrics system started (again)
2019-10-12 10:01:28,242 [main] INFO  ozone.HddsDatanodeService (HddsDatanodeService.java:start(184)) - HddsDatanodeService host:pr-hdds-2034-qjlc4-3656631144 ip:192.168.5.134
2019-10-12 10:01:28,276 [main] INFO  volume.HddsVolume (HddsVolume.java:<init>(176)) - Creating Volume: /workdir/hadoop-ozone/integration-test/target/test-dir/MiniOzoneClusterImpl-d25b9cda-a646-4d2e-96a4-4218688eca8d/datanode-0/data/containers/hdds of  storage type : DISK and capacity : 1482555576320
2019-10-12 10:01:28,277 [main] INFO  volume.VolumeSet (VolumeSet.java:initializeVolumeSet(170)) - Added Volume : /workdir/hadoop-ozone/integration-test/target/test-dir/MiniOzoneClusterImpl-d25b9cda-a646-4d2e-96a4-4218688eca8d/datanode-0/data/containers/hdds to VolumeSet
2019-10-12 10:01:28,280 [main] INFO  volume.ThrottledAsyncChecker (ThrottledAsyncChecker.java:schedule(141)) - Scheduling a check for org.apache.hadoop.ozone.container.common.volume.HddsVolume@73ad4ecc
2019-10-12 10:01:28,298 [main] INFO  volume.HddsVolumeChecker (HddsVolumeChecker.java:checkAllVolumes(204)) - Scheduled health check for volume org.apache.hadoop.ozone.container.common.volume.HddsVolume@73ad4ecc
2019-10-12 10:01:28,424 [main] INFO  impl.RaftServerProxy (ConfUtils.java:logGet(43)) - raft.rpc.type = GRPC (default)
2019-10-12 10:01:28,508 [main] INFO  grpc.GrpcFactory (GrpcFactory.java:checkPooledByteBufAllocatorUseCacheForAllThreads(45)) - PERFORMANCE WARNING: useCacheForAllThreads is true that may cause Netty to create a lot garbage objects and, as a result, trigger GC.
	It is recommended to disable useCacheForAllThreads by setting -Dorg.apache.ratis.thirdparty.io.netty.allocator.useCacheForAllThreads=false in command line.
2019-10-12 10:01:28,514 [main] INFO  grpc.GrpcConfigKeys$Server (ConfUtils.java:logGet(43)) - raft.grpc.server.port = 0 (default)
2019-10-12 10:01:28,515 [main] INFO  server.GrpcService (ConfUtils.java:logGet(43)) - raft.grpc.message.size.max = 33570816 (custom)
2019-10-12 10:01:28,517 [main] INFO  server.RaftServerConfigKeys (ConfUtils.java:logGet(43)) - raft.server.log.appender.buffer.byte-limit = 33554432 (custom)
2019-10-12 10:01:28,518 [main] INFO  server.GrpcService (ConfUtils.java:logGet(43)) - raft.grpc.flow.control.window = 1MB (=1048576) (default)
2019-10-12 10:01:28,519 [main] INFO  server.RaftServerConfigKeys (ConfUtils.java:logGet(43)) - raft.server.rpc.request.timeout = 3000ms (default)
2019-10-12 10:01:28,701 [main] INFO  server.RaftServerConfigKeys (ConfUtils.java:logGet(43)) - raft.server.storage.dir = [/workdir/hadoop-ozone/integration-test/target/test-dir/MiniOzoneClusterImpl-d25b9cda-a646-4d2e-96a4-4218688eca8d/datanode-0/data/ratis] (custom)
2019-10-12 10:01:28,755 [main] INFO  hdfs.DFSUtil (DFSUtil.java:httpServerTemplateForNNAndJN(1641)) - Starting Web-server for hddsDatanode at: http://0.0.0.0:0
2019-10-12 10:01:28,758 [main] INFO  server.AuthenticationFilter (AuthenticationFilter.java:constructSecretProvider(240)) - Unable to initialize FileSignerSecretProvider, falling back to use random secrets.
2019-10-12 10:01:28,760 [main] WARN  http.HttpRequestLog (HttpRequestLog.java:getRequestLog(97)) - Jetty request log can only be enabled using Log4j
2019-10-12 10:01:28,764 [main] INFO  http.HttpServer2 (HttpServer2.java:addGlobalFilter(975)) - Added global filter 'safety' (class=org.apache.hadoop.http.HttpServer2$QuotingInputFilter)
2019-10-12 10:01:28,765 [main] INFO  http.HttpServer2 (HttpServer2.java:addFilter(948)) - Added filter static_user_filter (class=org.apache.hadoop.http.lib.StaticUserWebFilter$StaticUserFilter) to context hddsDatanode
2019-10-12 10:01:28,766 [main] INFO  http.HttpServer2 (HttpServer2.java:addFilter(958)) - Added filter static_user_filter (class=org.apache.hadoop.http.lib.StaticUserWebFilter$StaticUserFilter) to context logs
2019-10-12 10:01:28,766 [main] INFO  http.HttpServer2 (HttpServer2.java:addFilter(958)) - Added filter static_user_filter (class=org.apache.hadoop.http.lib.StaticUserWebFilter$StaticUserFilter) to context static
2019-10-12 10:01:28,768 [main] INFO  http.HttpServer2 (HttpServer2.java:bindListener(1191)) - Jetty bound to port 38443
2019-10-12 10:01:28,769 [main] INFO  server.Server (Server.java:doStart(351)) - jetty-9.3.25.v20180904, build timestamp: 2018-09-04T21:11:46Z, git hash: 3ce520221d0240229c862b122d2b06c12a625732
2019-10-12 10:01:28,773 [main] INFO  handler.ContextHandler (ContextHandler.java:doStart(781)) - Started o.e.j.s.ServletContextHandler@26dc9bd5{/logs,file:///workdir/hadoop-ozone/integration-test/target/log,AVAILABLE}
2019-10-12 10:01:28,774 [main] INFO  handler.ContextHandler (ContextHandler.java:doStart(781)) - Started o.e.j.s.ServletContextHandler@43045f9f{/static,jar:file:/home/user/.m2/repository/org/apache/hadoop/hadoop-hdds-container-service/0.5.0-SNAPSHOT/hadoop-hdds-container-service-0.5.0-SNAPSHOT.jar!/webapps/static,AVAILABLE}
2019-10-12 10:01:28,826 [main] INFO  handler.ContextHandler (ContextHandler.java:doStart(781)) - Started o.e.j.w.WebAppContext@2f5ac102{/,file:///tmp/jetty-0.0.0.0-38443-hddsDatanode-_-any-3128183790095151821.dir/webapp/,AVAILABLE}{/hddsDatanode}
2019-10-12 10:01:28,827 [main] INFO  server.AbstractConnector (AbstractConnector.java:doStart(278)) - Started ServerConnector@5df778c3{HTTP/1.1,[http/1.1]}{0.0.0.0:38443}
2019-10-12 10:01:28,828 [main] INFO  server.Server (Server.java:doStart(419)) - Started @5310ms
2019-10-12 10:01:28,829 [main] WARN  impl.MetricsSystemImpl (MetricsSystemImpl.java:register(276)) - Sink prometheus already exists!
2019-10-12 10:01:28,830 [main] INFO  server.BaseHttpServer (BaseHttpServer.java:updateConnectorAddress(215)) - HTTP server of HDDSDATANODE is listening at http://0.0.0.0:38443
2019-10-12 10:01:28,832 [main] INFO  impl.MetricsSystemImpl (MetricsSystemImpl.java:init(158)) - HddsDatanode metrics system started (again)
2019-10-12 10:01:28,838 [main] INFO  ozone.HddsDatanodeService (HddsDatanodeService.java:start(184)) - HddsDatanodeService host:pr-hdds-2034-qjlc4-3656631144 ip:192.168.5.134
2019-10-12 10:01:28,846 [org.apache.hadoop.util.JvmPauseMonitor$Monitor@4ad7f808] INFO  util.JvmPauseMonitor (JvmPauseMonitor.java:run(188)) - Starting JVM pause monitor
2019-10-12 10:01:28,857 [main] INFO  volume.HddsVolume (HddsVolume.java:<init>(176)) - Creating Volume: /workdir/hadoop-ozone/integration-test/target/test-dir/MiniOzoneClusterImpl-d25b9cda-a646-4d2e-96a4-4218688eca8d/datanode-1/data/containers/hdds of  storage type : DISK and capacity : 1482555576320
2019-10-12 10:01:28,858 [main] INFO  volume.VolumeSet (VolumeSet.java:initializeVolumeSet(170)) - Added Volume : /workdir/hadoop-ozone/integration-test/target/test-dir/MiniOzoneClusterImpl-d25b9cda-a646-4d2e-96a4-4218688eca8d/datanode-1/data/containers/hdds to VolumeSet
2019-10-12 10:01:28,858 [main] INFO  volume.ThrottledAsyncChecker (ThrottledAsyncChecker.java:schedule(141)) - Scheduling a check for org.apache.hadoop.ozone.container.common.volume.HddsVolume@22a6e998
2019-10-12 10:01:28,860 [main] INFO  volume.HddsVolumeChecker (HddsVolumeChecker.java:checkAllVolumes(204)) - Scheduled health check for volume org.apache.hadoop.ozone.container.common.volume.HddsVolume@22a6e998
2019-10-12 10:01:28,881 [main] INFO  impl.RaftServerProxy (ConfUtils.java:logGet(43)) - raft.rpc.type = GRPC (default)
2019-10-12 10:01:28,881 [main] INFO  grpc.GrpcFactory (GrpcFactory.java:checkPooledByteBufAllocatorUseCacheForAllThreads(45)) - PERFORMANCE WARNING: useCacheForAllThreads is true that may cause Netty to create a lot garbage objects and, as a result, trigger GC.
	It is recommended to disable useCacheForAllThreads by setting -Dorg.apache.ratis.thirdparty.io.netty.allocator.useCacheForAllThreads=false in command line.
2019-10-12 10:01:28,882 [main] INFO  grpc.GrpcConfigKeys$Server (ConfUtils.java:logGet(43)) - raft.grpc.server.port = 0 (default)
2019-10-12 10:01:28,882 [main] INFO  server.GrpcService (ConfUtils.java:logGet(43)) - raft.grpc.message.size.max = 33570816 (custom)
2019-10-12 10:01:28,883 [main] INFO  server.RaftServerConfigKeys (ConfUtils.java:logGet(43)) - raft.server.log.appender.buffer.byte-limit = 33554432 (custom)
2019-10-12 10:01:28,883 [main] INFO  server.GrpcService (ConfUtils.java:logGet(43)) - raft.grpc.flow.control.window = 1MB (=1048576) (default)
2019-10-12 10:01:28,883 [main] INFO  server.RaftServerConfigKeys (ConfUtils.java:logGet(43)) - raft.server.rpc.request.timeout = 3000ms (default)
2019-10-12 10:01:28,884 [main] INFO  server.RaftServerConfigKeys (ConfUtils.java:logGet(43)) - raft.server.storage.dir = [/workdir/hadoop-ozone/integration-test/target/test-dir/MiniOzoneClusterImpl-d25b9cda-a646-4d2e-96a4-4218688eca8d/datanode-1/data/ratis] (custom)
2019-10-12 10:01:28,887 [main] INFO  hdfs.DFSUtil (DFSUtil.java:httpServerTemplateForNNAndJN(1641)) - Starting Web-server for hddsDatanode at: http://0.0.0.0:0
2019-10-12 10:01:28,889 [main] INFO  server.AuthenticationFilter (AuthenticationFilter.java:constructSecretProvider(240)) - Unable to initialize FileSignerSecretProvider, falling back to use random secrets.
2019-10-12 10:01:28,890 [main] WARN  http.HttpRequestLog (HttpRequestLog.java:getRequestLog(97)) - Jetty request log can only be enabled using Log4j
2019-10-12 10:01:28,892 [main] INFO  http.HttpServer2 (HttpServer2.java:addGlobalFilter(975)) - Added global filter 'safety' (class=org.apache.hadoop.http.HttpServer2$QuotingInputFilter)
2019-10-12 10:01:28,893 [main] INFO  http.HttpServer2 (HttpServer2.java:addFilter(948)) - Added filter static_user_filter (class=org.apache.hadoop.http.lib.StaticUserWebFilter$StaticUserFilter) to context hddsDatanode
2019-10-12 10:01:28,893 [main] INFO  http.HttpServer2 (HttpServer2.java:addFilter(958)) - Added filter static_user_filter (class=org.apache.hadoop.http.lib.StaticUserWebFilter$StaticUserFilter) to context logs
2019-10-12 10:01:28,894 [main] INFO  http.HttpServer2 (HttpServer2.java:addFilter(958)) - Added filter static_user_filter (class=org.apache.hadoop.http.lib.StaticUserWebFilter$StaticUserFilter) to context static
2019-10-12 10:01:28,895 [main] INFO  http.HttpServer2 (HttpServer2.java:bindListener(1191)) - Jetty bound to port 41010
2019-10-12 10:01:28,895 [main] INFO  server.Server (Server.java:doStart(351)) - jetty-9.3.25.v20180904, build timestamp: 2018-09-04T21:11:46Z, git hash: 3ce520221d0240229c862b122d2b06c12a625732
2019-10-12 10:01:28,902 [main] INFO  handler.ContextHandler (ContextHandler.java:doStart(781)) - Started o.e.j.s.ServletContextHandler@5460b754{/logs,file:///workdir/hadoop-ozone/integration-test/target/log,AVAILABLE}
2019-10-12 10:01:28,903 [main] INFO  handler.ContextHandler (ContextHandler.java:doStart(781)) - Started o.e.j.s.ServletContextHandler@c27a3a2{/static,jar:file:/home/user/.m2/repository/org/apache/hadoop/hadoop-hdds-container-service/0.5.0-SNAPSHOT/hadoop-hdds-container-service-0.5.0-SNAPSHOT.jar!/webapps/static,AVAILABLE}
2019-10-12 10:01:28,950 [main] INFO  handler.ContextHandler (ContextHandler.java:doStart(781)) - Started o.e.j.w.WebAppContext@53e800f9{/,file:///tmp/jetty-0.0.0.0-41010-hddsDatanode-_-any-4997561924421720537.dir/webapp/,AVAILABLE}{/hddsDatanode}
2019-10-12 10:01:28,951 [main] INFO  server.AbstractConnector (AbstractConnector.java:doStart(278)) - Started ServerConnector@337bbfdf{HTTP/1.1,[http/1.1]}{0.0.0.0:41010}
2019-10-12 10:01:28,951 [main] INFO  server.Server (Server.java:doStart(419)) - Started @5433ms
2019-10-12 10:01:28,953 [main] WARN  impl.MetricsSystemImpl (MetricsSystemImpl.java:register(276)) - Sink prometheus already exists!
2019-10-12 10:01:28,954 [main] INFO  server.BaseHttpServer (BaseHttpServer.java:updateConnectorAddress(215)) - HTTP server of HDDSDATANODE is listening at http://0.0.0.0:41010
2019-10-12 10:01:28,954 [main] INFO  impl.MetricsSystemImpl (MetricsSystemImpl.java:init(158)) - HddsDatanode metrics system started (again)
2019-10-12 10:01:28,958 [org.apache.hadoop.util.JvmPauseMonitor$Monitor@13ad032b] INFO  util.JvmPauseMonitor (JvmPauseMonitor.java:run(188)) - Starting JVM pause monitor
2019-10-12 10:01:28,958 [main] INFO  ozone.HddsDatanodeService (HddsDatanodeService.java:start(184)) - HddsDatanodeService host:pr-hdds-2034-qjlc4-3656631144 ip:192.168.5.134
2019-10-12 10:01:28,968 [main] INFO  volume.HddsVolume (HddsVolume.java:<init>(176)) - Creating Volume: /workdir/hadoop-ozone/integration-test/target/test-dir/MiniOzoneClusterImpl-d25b9cda-a646-4d2e-96a4-4218688eca8d/datanode-2/data/containers/hdds of  storage type : DISK and capacity : 1482555576320
2019-10-12 10:01:28,969 [main] INFO  volume.VolumeSet (VolumeSet.java:initializeVolumeSet(170)) - Added Volume : /workdir/hadoop-ozone/integration-test/target/test-dir/MiniOzoneClusterImpl-d25b9cda-a646-4d2e-96a4-4218688eca8d/datanode-2/data/containers/hdds to VolumeSet
2019-10-12 10:01:28,969 [main] INFO  volume.ThrottledAsyncChecker (ThrottledAsyncChecker.java:schedule(141)) - Scheduling a check for org.apache.hadoop.ozone.container.common.volume.HddsVolume@7fe82967
2019-10-12 10:01:28,970 [main] INFO  volume.HddsVolumeChecker (HddsVolumeChecker.java:checkAllVolumes(204)) - Scheduled health check for volume org.apache.hadoop.ozone.container.common.volume.HddsVolume@7fe82967
2019-10-12 10:01:28,990 [main] INFO  impl.RaftServerProxy (ConfUtils.java:logGet(43)) - raft.rpc.type = GRPC (default)
2019-10-12 10:01:28,991 [main] INFO  grpc.GrpcFactory (GrpcFactory.java:checkPooledByteBufAllocatorUseCacheForAllThreads(45)) - PERFORMANCE WARNING: useCacheForAllThreads is true that may cause Netty to create a lot garbage objects and, as a result, trigger GC.
	It is recommended to disable useCacheForAllThreads by setting -Dorg.apache.ratis.thirdparty.io.netty.allocator.useCacheForAllThreads=false in command line.
2019-10-12 10:01:28,991 [main] INFO  grpc.GrpcConfigKeys$Server (ConfUtils.java:logGet(43)) - raft.grpc.server.port = 0 (default)
2019-10-12 10:01:28,992 [main] INFO  server.GrpcService (ConfUtils.java:logGet(43)) - raft.grpc.message.size.max = 33570816 (custom)
2019-10-12 10:01:28,992 [main] INFO  server.RaftServerConfigKeys (ConfUtils.java:logGet(43)) - raft.server.log.appender.buffer.byte-limit = 33554432 (custom)
2019-10-12 10:01:28,992 [main] INFO  server.GrpcService (ConfUtils.java:logGet(43)) - raft.grpc.flow.control.window = 1MB (=1048576) (default)
2019-10-12 10:01:28,993 [main] INFO  server.RaftServerConfigKeys (ConfUtils.java:logGet(43)) - raft.server.rpc.request.timeout = 3000ms (default)
2019-10-12 10:01:28,994 [main] INFO  server.RaftServerConfigKeys (ConfUtils.java:logGet(43)) - raft.server.storage.dir = [/workdir/hadoop-ozone/integration-test/target/test-dir/MiniOzoneClusterImpl-d25b9cda-a646-4d2e-96a4-4218688eca8d/datanode-2/data/ratis] (custom)
2019-10-12 10:01:28,996 [Datanode State Machine Thread - 0] INFO  datanode.InitDatanodeState (InitDatanodeState.java:persistContainerDatanodeDetails(140)) - DatanodeDetails is persisted to /workdir/hadoop-ozone/integration-test/target/test-dir/MiniOzoneClusterImpl-d25b9cda-a646-4d2e-96a4-4218688eca8d/datanode-0/meta/datanode.id
2019-10-12 10:01:28,997 [main] INFO  hdfs.DFSUtil (DFSUtil.java:httpServerTemplateForNNAndJN(1641)) - Starting Web-server for hddsDatanode at: http://0.0.0.0:0
2019-10-12 10:01:29,001 [main] INFO  server.AuthenticationFilter (AuthenticationFilter.java:constructSecretProvider(240)) - Unable to initialize FileSignerSecretProvider, falling back to use random secrets.
2019-10-12 10:01:29,001 [Datanode State Machine Thread - 0] INFO  datanode.InitDatanodeState (InitDatanodeState.java:persistContainerDatanodeDetails(140)) - DatanodeDetails is persisted to /workdir/hadoop-ozone/integration-test/target/test-dir/MiniOzoneClusterImpl-d25b9cda-a646-4d2e-96a4-4218688eca8d/datanode-1/meta/datanode.id
2019-10-12 10:01:29,002 [main] WARN  http.HttpRequestLog (HttpRequestLog.java:getRequestLog(97)) - Jetty request log can only be enabled using Log4j
2019-10-12 10:01:29,004 [main] INFO  http.HttpServer2 (HttpServer2.java:addGlobalFilter(975)) - Added global filter 'safety' (class=org.apache.hadoop.http.HttpServer2$QuotingInputFilter)
2019-10-12 10:01:29,005 [main] INFO  http.HttpServer2 (HttpServer2.java:addFilter(948)) - Added filter static_user_filter (class=org.apache.hadoop.http.lib.StaticUserWebFilter$StaticUserFilter) to context hddsDatanode
2019-10-12 10:01:29,006 [main] INFO  http.HttpServer2 (HttpServer2.java:addFilter(958)) - Added filter static_user_filter (class=org.apache.hadoop.http.lib.StaticUserWebFilter$StaticUserFilter) to context static
2019-10-12 10:01:29,006 [main] INFO  http.HttpServer2 (HttpServer2.java:addFilter(958)) - Added filter static_user_filter (class=org.apache.hadoop.http.lib.StaticUserWebFilter$StaticUserFilter) to context logs
2019-10-12 10:01:29,007 [main] INFO  http.HttpServer2 (HttpServer2.java:bindListener(1191)) - Jetty bound to port 33896
2019-10-12 10:01:29,007 [main] INFO  server.Server (Server.java:doStart(351)) - jetty-9.3.25.v20180904, build timestamp: 2018-09-04T21:11:46Z, git hash: 3ce520221d0240229c862b122d2b06c12a625732
2019-10-12 10:01:29,010 [main] INFO  handler.ContextHandler (ContextHandler.java:doStart(781)) - Started o.e.j.s.ServletContextHandler@4d21c56e{/logs,file:///workdir/hadoop-ozone/integration-test/target/log,AVAILABLE}
2019-10-12 10:01:29,011 [main] INFO  handler.ContextHandler (ContextHandler.java:doStart(781)) - Started o.e.j.s.ServletContextHandler@7100dea{/static,jar:file:/home/user/.m2/repository/org/apache/hadoop/hadoop-hdds-container-service/0.5.0-SNAPSHOT/hadoop-hdds-container-service-0.5.0-SNAPSHOT.jar!/webapps/static,AVAILABLE}
2019-10-12 10:01:29,057 [main] INFO  handler.ContextHandler (ContextHandler.java:doStart(781)) - Started o.e.j.w.WebAppContext@6b350309{/,file:///tmp/jetty-0.0.0.0-33896-hddsDatanode-_-any-6309138281255813507.dir/webapp/,AVAILABLE}{/hddsDatanode}
2019-10-12 10:01:29,059 [main] INFO  server.AbstractConnector (AbstractConnector.java:doStart(278)) - Started ServerConnector@7ecec90d{HTTP/1.1,[http/1.1]}{0.0.0.0:33896}
2019-10-12 10:01:29,060 [main] INFO  server.Server (Server.java:doStart(419)) - Started @5541ms
2019-10-12 10:01:29,060 [main] WARN  impl.MetricsSystemImpl (MetricsSystemImpl.java:register(276)) - Sink prometheus already exists!
2019-10-12 10:01:29,061 [main] INFO  server.BaseHttpServer (BaseHttpServer.java:updateConnectorAddress(215)) - HTTP server of HDDSDATANODE is listening at http://0.0.0.0:33896
2019-10-12 10:01:29,063 [main] INFO  ozone.MiniOzoneClusterImpl (MiniOzoneClusterImpl.java:lambda$waitForClusterToBeReady$0(149)) - Waiting for nodes to be ready. Got 0 of 3 DN Heartbeats.
2019-10-12 10:01:29,063 [main] INFO  ozone.MiniOzoneClusterImpl (MiniOzoneClusterImpl.java:lambda$waitForClusterToBeReady$0(152)) - Waiting for cluster to exit safe mode
2019-10-12 10:01:29,064 [org.apache.hadoop.util.JvmPauseMonitor$Monitor@30b68c2] INFO  util.JvmPauseMonitor (JvmPauseMonitor.java:run(188)) - Starting JVM pause monitor
2019-10-12 10:01:29,068 [Datanode State Machine Thread - 0] INFO  datanode.InitDatanodeState (InitDatanodeState.java:persistContainerDatanodeDetails(140)) - DatanodeDetails is persisted to /workdir/hadoop-ozone/integration-test/target/test-dir/MiniOzoneClusterImpl-d25b9cda-a646-4d2e-96a4-4218688eca8d/datanode-2/meta/datanode.id
2019-10-12 10:01:30,064 [main] INFO  ozone.MiniOzoneClusterImpl (MiniOzoneClusterImpl.java:lambda$waitForClusterToBeReady$0(149)) - Waiting for nodes to be ready. Got 0 of 3 DN Heartbeats.
2019-10-12 10:01:30,064 [main] INFO  ozone.MiniOzoneClusterImpl (MiniOzoneClusterImpl.java:lambda$waitForClusterToBeReady$0(152)) - Waiting for cluster to exit safe mode
2019-10-12 10:01:30,946 [Datanode State Machine Thread - 0] INFO  ozoneimpl.OzoneContainer (OzoneContainer.java:start(213)) - Attempting to start container services.
2019-10-12 10:01:30,949 [Datanode State Machine Thread - 0] INFO  ozoneimpl.OzoneContainer (OzoneContainer.java:startContainerScrub(177)) - Background container scanner has been disabled.
2019-10-12 10:01:30,950 [Datanode State Machine Thread - 0] INFO  ratis.XceiverServerRatis (XceiverServerRatis.java:start(419)) - Starting XceiverServerRatis 7800d8eb-5bdd-41a4-b407-b29fbb3a298a at port 0
2019-10-12 10:01:30,978 [Datanode State Machine Thread - 0] INFO  ozoneimpl.OzoneContainer (OzoneContainer.java:start(213)) - Attempting to start container services.
2019-10-12 10:01:30,980 [Datanode State Machine Thread - 0] INFO  impl.RaftServerProxy (RaftServerProxy.java:lambda$start$3(299)) - 7800d8eb-5bdd-41a4-b407-b29fbb3a298a: start RPC server
2019-10-12 10:01:30,987 [Datanode State Machine Thread - 0] INFO  ozoneimpl.OzoneContainer (OzoneContainer.java:startContainerScrub(177)) - Background container scanner has been disabled.
2019-10-12 10:01:30,987 [Datanode State Machine Thread - 0] INFO  ratis.XceiverServerRatis (XceiverServerRatis.java:start(419)) - Starting XceiverServerRatis bc74ff60-a8aa-4cd5-8308-aeae1f81ef17 at port 0
2019-10-12 10:01:31,000 [Datanode State Machine Thread - 0] INFO  impl.RaftServerProxy (RaftServerProxy.java:lambda$start$3(299)) - bc74ff60-a8aa-4cd5-8308-aeae1f81ef17: start RPC server
2019-10-12 10:01:31,066 [main] INFO  ozone.MiniOzoneClusterImpl (MiniOzoneClusterImpl.java:lambda$waitForClusterToBeReady$0(149)) - Waiting for nodes to be ready. Got 0 of 3 DN Heartbeats.
2019-10-12 10:01:31,068 [main] INFO  ozone.MiniOzoneClusterImpl (MiniOzoneClusterImpl.java:lambda$waitForClusterToBeReady$0(152)) - Waiting for cluster to exit safe mode
2019-10-12 10:01:31,083 [Datanode State Machine Thread - 0] INFO  ozoneimpl.OzoneContainer (OzoneContainer.java:start(213)) - Attempting to start container services.
2019-10-12 10:01:31,085 [Datanode State Machine Thread - 0] INFO  ozoneimpl.OzoneContainer (OzoneContainer.java:startContainerScrub(177)) - Background container scanner has been disabled.
2019-10-12 10:01:31,085 [Datanode State Machine Thread - 0] INFO  ratis.XceiverServerRatis (XceiverServerRatis.java:start(419)) - Starting XceiverServerRatis 518b21fe-982e-45c3-bb95-bd086922df62 at port 0
2019-10-12 10:01:31,095 [Datanode State Machine Thread - 0] INFO  impl.RaftServerProxy (RaftServerProxy.java:lambda$start$3(299)) - 518b21fe-982e-45c3-bb95-bd086922df62: start RPC server
2019-10-12 10:01:31,129 [Datanode State Machine Thread - 0] INFO  server.GrpcService (GrpcService.java:startImpl(158)) - 518b21fe-982e-45c3-bb95-bd086922df62: GrpcService started, listening on 0.0.0.0/0.0.0.0:43503
2019-10-12 10:01:31,129 [Datanode State Machine Thread - 0] INFO  server.GrpcService (GrpcService.java:startImpl(158)) - bc74ff60-a8aa-4cd5-8308-aeae1f81ef17: GrpcService started, listening on 0.0.0.0/0.0.0.0:37192
2019-10-12 10:01:31,130 [Datanode State Machine Thread - 0] INFO  ratis.XceiverServerRatis (XceiverServerRatis.java:start(429)) - XceiverServerRatis 518b21fe-982e-45c3-bb95-bd086922df62 is started using port 43503
2019-10-12 10:01:31,129 [Datanode State Machine Thread - 0] INFO  server.GrpcService (GrpcService.java:startImpl(158)) - 7800d8eb-5bdd-41a4-b407-b29fbb3a298a: GrpcService started, listening on 0.0.0.0/0.0.0.0:37562
2019-10-12 10:01:31,131 [Datanode State Machine Thread - 0] INFO  ratis.XceiverServerRatis (XceiverServerRatis.java:start(429)) - XceiverServerRatis bc74ff60-a8aa-4cd5-8308-aeae1f81ef17 is started using port 37192
2019-10-12 10:01:31,131 [Datanode State Machine Thread - 0] INFO  ratis.XceiverServerRatis (XceiverServerRatis.java:start(429)) - XceiverServerRatis 7800d8eb-5bdd-41a4-b407-b29fbb3a298a is started using port 37562
2019-10-12 10:01:31,137 [Datanode State Machine Thread - 0] INFO  server.XceiverServerGrpc (XceiverServerGrpc.java:start(149)) - XceiverServerGrpc 7800d8eb-5bdd-41a4-b407-b29fbb3a298a is started using port 36072
2019-10-12 10:01:31,138 [Datanode State Machine Thread - 0] INFO  server.XceiverServerGrpc (XceiverServerGrpc.java:start(149)) - XceiverServerGrpc bc74ff60-a8aa-4cd5-8308-aeae1f81ef17 is started using port 46432
2019-10-12 10:01:31,137 [Datanode State Machine Thread - 0] INFO  server.XceiverServerGrpc (XceiverServerGrpc.java:start(149)) - XceiverServerGrpc 518b21fe-982e-45c3-bb95-bd086922df62 is started using port 43995
2019-10-12 10:01:32,069 [main] INFO  ozone.MiniOzoneClusterImpl (MiniOzoneClusterImpl.java:lambda$waitForClusterToBeReady$0(149)) - Waiting for nodes to be ready. Got 0 of 3 DN Heartbeats.
2019-10-12 10:01:32,072 [main] INFO  ozone.MiniOzoneClusterImpl (MiniOzoneClusterImpl.java:lambda$waitForClusterToBeReady$0(152)) - Waiting for cluster to exit safe mode
2019-10-12 10:01:32,885 [IPC Server handler 0 on 38459] INFO  net.NetworkTopology (NetworkTopologyImpl.java:add(111)) - Added a new node: /default-rack/7800d8eb-5bdd-41a4-b407-b29fbb3a298a
2019-10-12 10:01:32,886 [IPC Server handler 0 on 38459] INFO  node.SCMNodeManager (SCMNodeManager.java:register(268)) - Registered Data node : 7800d8eb-5bdd-41a4-b407-b29fbb3a298a{ip: 192.168.5.134, host: pr-hdds-2034-qjlc4-3656631144, networkLocation: /default-rack, certSerialId: null}
2019-10-12 10:01:32,889 [EventQueue-NodeRegistrationContainerReportForContainerSafeModeRule] INFO  safemode.SCMSafeModeManager (SCMSafeModeManager.java:validateSafeModeExitRules(174)) - ContainerSafeModeRule rule is successfully validated
2019-10-12 10:01:32,889 [EventQueue-NodeRegistrationContainerReportForDataNodeSafeModeRule] INFO  safemode.SCMSafeModeManager (DataNodeSafeModeRule.java:process(71)) - SCM in safe mode. 1 DataNodes registered, 1 required.
2019-10-12 10:01:32,890 [EventQueue-NodeRegistrationContainerReportForDataNodeSafeModeRule] INFO  safemode.SCMSafeModeManager (SCMSafeModeManager.java:validateSafeModeExitRules(174)) - DataNodeSafeModeRule rule is successfully validated
2019-10-12 10:01:32,894 [RatisPipelineUtilsThread] INFO  pipeline.RatisPipelineProvider (RatisPipelineProvider.java:lambda$create$4(163)) - Send pipeline:PipelineID=e538e958-6f3d-4d9d-9883-9569d5444e27 create command to datanode 7800d8eb-5bdd-41a4-b407-b29fbb3a298a
2019-10-12 10:01:32,961 [IPC Server handler 1 on 38459] INFO  net.NetworkTopology (NetworkTopologyImpl.java:add(111)) - Added a new node: /default-rack/bc74ff60-a8aa-4cd5-8308-aeae1f81ef17
2019-10-12 10:01:32,962 [IPC Server handler 1 on 38459] INFO  node.SCMNodeManager (SCMNodeManager.java:register(268)) - Registered Data node : bc74ff60-a8aa-4cd5-8308-aeae1f81ef17{ip: 192.168.5.134, host: pr-hdds-2034-qjlc4-3656631144, networkLocation: /default-rack, certSerialId: null}
2019-10-12 10:01:32,962 [EventQueue-NodeRegistrationContainerReportForDataNodeSafeModeRule] INFO  safemode.SCMSafeModeManager (SCMSafeModeManager.java:validateSafeModeExitRules(174)) - DataNodeSafeModeRule rule is successfully validated
2019-10-12 10:01:32,962 [EventQueue-NodeRegistrationContainerReportForContainerSafeModeRule] INFO  safemode.SCMSafeModeManager (SCMSafeModeManager.java:validateSafeModeExitRules(174)) - ContainerSafeModeRule rule is successfully validated
2019-10-12 10:01:32,963 [RatisPipelineUtilsThread] INFO  pipeline.RatisPipelineProvider (RatisPipelineProvider.java:lambda$create$4(163)) - Send pipeline:PipelineID=17401763-e125-42bb-806f-ac69667b6433 create command to datanode bc74ff60-a8aa-4cd5-8308-aeae1f81ef17
2019-10-12 10:01:33,068 [IPC Server handler 4 on 38459] INFO  net.NetworkTopology (NetworkTopologyImpl.java:add(111)) - Added a new node: /default-rack/518b21fe-982e-45c3-bb95-bd086922df62
2019-10-12 10:01:33,068 [IPC Server handler 4 on 38459] INFO  node.SCMNodeManager (SCMNodeManager.java:register(268)) - Registered Data node : 518b21fe-982e-45c3-bb95-bd086922df62{ip: 192.168.5.134, host: pr-hdds-2034-qjlc4-3656631144, networkLocation: /default-rack, certSerialId: null}
2019-10-12 10:01:33,069 [RatisPipelineUtilsThread] INFO  pipeline.RatisPipelineProvider (RatisPipelineProvider.java:lambda$create$4(163)) - Send pipeline:PipelineID=f11e5ef2-54b1-4c25-a729-498a0d6b9843 create command to datanode 518b21fe-982e-45c3-bb95-bd086922df62
2019-10-12 10:01:33,069 [EventQueue-NodeRegistrationContainerReportForDataNodeSafeModeRule] INFO  safemode.SCMSafeModeManager (SCMSafeModeManager.java:validateSafeModeExitRules(174)) - DataNodeSafeModeRule rule is successfully validated
2019-10-12 10:01:33,070 [EventQueue-NodeRegistrationContainerReportForContainerSafeModeRule] INFO  safemode.SCMSafeModeManager (SCMSafeModeManager.java:validateSafeModeExitRules(174)) - ContainerSafeModeRule rule is successfully validated
2019-10-12 10:01:33,071 [RatisPipelineUtilsThread] INFO  pipeline.RatisPipelineProvider (RatisPipelineProvider.java:lambda$create$4(163)) - Send pipeline:PipelineID=952e269a-b9ed-42ff-9317-5751c3551726 create command to datanode 518b21fe-982e-45c3-bb95-bd086922df62
2019-10-12 10:01:33,072 [RatisPipelineUtilsThread] INFO  pipeline.RatisPipelineProvider (RatisPipelineProvider.java:lambda$create$4(163)) - Send pipeline:PipelineID=952e269a-b9ed-42ff-9317-5751c3551726 create command to datanode 7800d8eb-5bdd-41a4-b407-b29fbb3a298a
2019-10-12 10:01:33,072 [RatisPipelineUtilsThread] INFO  pipeline.RatisPipelineProvider (RatisPipelineProvider.java:lambda$create$4(163)) - Send pipeline:PipelineID=952e269a-b9ed-42ff-9317-5751c3551726 create command to datanode bc74ff60-a8aa-4cd5-8308-aeae1f81ef17
2019-10-12 10:01:33,073 [main] INFO  ozone.MiniOzoneClusterImpl (MiniOzoneClusterImpl.java:lambda$waitForClusterToBeReady$0(149)) - Nodes are ready. Got 3 of 3 DN Heartbeats.
2019-10-12 10:01:33,073 [main] INFO  ozone.MiniOzoneClusterImpl (MiniOzoneClusterImpl.java:lambda$waitForClusterToBeReady$0(152)) - Waiting for cluster to exit safe mode
2019-10-12 10:01:34,073 [main] INFO  ozone.MiniOzoneClusterImpl (MiniOzoneClusterImpl.java:lambda$waitForClusterToBeReady$0(149)) - Nodes are ready. Got 3 of 3 DN Heartbeats.
2019-10-12 10:01:34,074 [main] INFO  ozone.MiniOzoneClusterImpl (MiniOzoneClusterImpl.java:lambda$waitForClusterToBeReady$0(152)) - Waiting for cluster to exit safe mode
2019-10-12 10:01:35,074 [main] INFO  ozone.MiniOzoneClusterImpl (MiniOzoneClusterImpl.java:lambda$waitForClusterToBeReady$0(149)) - Nodes are ready. Got 3 of 3 DN Heartbeats.
2019-10-12 10:01:35,076 [main] INFO  ozone.MiniOzoneClusterImpl (MiniOzoneClusterImpl.java:lambda$waitForClusterToBeReady$0(152)) - Waiting for cluster to exit safe mode
2019-10-12 10:01:35,869 [Command processor thread] INFO  impl.RaftServerProxy (RaftServerProxy.java:addNew(89)) - 7800d8eb-5bdd-41a4-b407-b29fbb3a298a: addNew group-9569D5444E27:[7800d8eb-5bdd-41a4-b407-b29fbb3a298a:192.168.5.134:37562] returns group-9569D5444E27:java.util.concurrent.CompletableFuture@3328ae29[Not completed]
2019-10-12 10:01:35,898 [pool-27-thread-1] INFO  impl.RaftServerImpl (RaftServerImpl.java:<init>(95)) - 7800d8eb-5bdd-41a4-b407-b29fbb3a298a: new RaftServerImpl for group-9569D5444E27:[7800d8eb-5bdd-41a4-b407-b29fbb3a298a:192.168.5.134:37562] with ContainerStateMachine:uninitialized
2019-10-12 10:01:35,901 [pool-27-thread-1] INFO  server.RaftServerConfigKeys (ConfUtils.java:logGet(43)) - raft.server.rpc.timeout.min = 5s (custom)
2019-10-12 10:01:35,903 [pool-27-thread-1] INFO  server.RaftServerConfigKeys (ConfUtils.java:logGet(43)) - raft.server.rpc.timeout.max = 5200ms (custom)
2019-10-12 10:01:35,903 [pool-27-thread-1] INFO  server.RaftServerConfigKeys (ConfUtils.java:logGet(43)) - raft.server.rpcslowness.timeout = 120s (custom)
2019-10-12 10:01:35,904 [pool-27-thread-1] INFO  server.RaftServerConfigKeys (ConfUtils.java:logGet(43)) - raft.server.sleep.deviation.threshold = 300 (default)
2019-10-12 10:01:35,906 [pool-27-thread-1] INFO  server.RaftServerConfigKeys (ConfUtils.java:logGet(43)) - raft.server.log.appender.install.snapshot.enabled = false (custom)
2019-10-12 10:01:35,917 [pool-27-thread-1] INFO  impl.RaftServerImpl (ServerState.java:<init>(103)) - 7800d8eb-5bdd-41a4-b407-b29fbb3a298a@group-9569D5444E27: ConfigurationManager, init=-1: [7800d8eb-5bdd-41a4-b407-b29fbb3a298a:192.168.5.134:37562], old=null, confs=<EMPTY_MAP>
2019-10-12 10:01:35,917 [pool-27-thread-1] INFO  server.RaftServerConfigKeys (ConfUtils.java:logGet(43)) - raft.server.storage.dir = [/workdir/hadoop-ozone/integration-test/target/test-dir/MiniOzoneClusterImpl-d25b9cda-a646-4d2e-96a4-4218688eca8d/datanode-0/data/ratis] (custom)
2019-10-12 10:01:35,926 [pool-27-thread-1] INFO  server.RaftServerConfigKeys (ConfUtils.java:logGet(43)) - raft.server.log.corruption.policy = EXCEPTION (default)
2019-10-12 10:01:35,929 [pool-27-thread-1] INFO  storage.RaftStorageDirectory (RaftStorageDirectory.java:analyzeStorage(246)) - The storage directory /workdir/hadoop-ozone/integration-test/target/test-dir/MiniOzoneClusterImpl-d25b9cda-a646-4d2e-96a4-4218688eca8d/datanode-0/data/ratis/e538e958-6f3d-4d9d-9883-9569d5444e27 does not exist. Creating ...
2019-10-12 10:01:35,950 [pool-27-thread-1] INFO  storage.RaftStorageDirectory (RaftStorageDirectory.java:tryLock(328)) - Lock on /workdir/hadoop-ozone/integration-test/target/test-dir/MiniOzoneClusterImpl-d25b9cda-a646-4d2e-96a4-4218688eca8d/datanode-0/data/ratis/e538e958-6f3d-4d9d-9883-9569d5444e27/in_use.lock acquired by nodename 3239@pr-hdds-2034-qjlc4-3656631144
2019-10-12 10:01:35,962 [Command processor thread] INFO  impl.RaftServerProxy (RaftServerProxy.java:addNew(89)) - bc74ff60-a8aa-4cd5-8308-aeae1f81ef17: addNew group-AC69667B6433:[bc74ff60-a8aa-4cd5-8308-aeae1f81ef17:192.168.5.134:37192] returns group-AC69667B6433:java.util.concurrent.CompletableFuture@1d373190[Not completed]
2019-10-12 10:01:35,968 [pool-27-thread-1] INFO  storage.RaftStorage (RaftStorage.java:format(84)) - Storage directory /workdir/hadoop-ozone/integration-test/target/test-dir/MiniOzoneClusterImpl-d25b9cda-a646-4d2e-96a4-4218688eca8d/datanode-0/data/ratis/e538e958-6f3d-4d9d-9883-9569d5444e27 has been successfully formatted.
2019-10-12 10:01:36,001 [pool-37-thread-1] INFO  impl.RaftServerImpl (RaftServerImpl.java:<init>(95)) - bc74ff60-a8aa-4cd5-8308-aeae1f81ef17: new RaftServerImpl for group-AC69667B6433:[bc74ff60-a8aa-4cd5-8308-aeae1f81ef17:192.168.5.134:37192] with ContainerStateMachine:uninitialized
2019-10-12 10:01:36,003 [pool-27-thread-1] INFO  ratis.ContainerStateMachine (ContainerStateMachine.java:loadSnapshot(231)) - group-9569D5444E27: The snapshot info is null. Setting the last applied indexto:(t:0, i:~)
2019-10-12 10:01:36,004 [pool-37-thread-1] INFO  server.RaftServerConfigKeys (ConfUtils.java:logGet(43)) - raft.server.rpc.timeout.min = 5s (custom)
2019-10-12 10:01:36,004 [pool-27-thread-1] INFO  server.RaftServerConfigKeys (ConfUtils.java:logGet(43)) - raft.server.notification.no-leader.timeout = 120s (custom)
2019-10-12 10:01:36,004 [pool-37-thread-1] INFO  server.RaftServerConfigKeys (ConfUtils.java:logGet(43)) - raft.server.rpc.timeout.max = 5200ms (custom)
2019-10-12 10:01:36,004 [pool-37-thread-1] INFO  server.RaftServerConfigKeys (ConfUtils.java:logGet(43)) - raft.server.rpcslowness.timeout = 120s (custom)
2019-10-12 10:01:36,005 [pool-37-thread-1] INFO  server.RaftServerConfigKeys (ConfUtils.java:logGet(43)) - raft.server.sleep.deviation.threshold = 300 (default)
2019-10-12 10:01:36,005 [pool-37-thread-1] INFO  server.RaftServerConfigKeys (ConfUtils.java:logGet(43)) - raft.server.log.appender.install.snapshot.enabled = false (custom)
2019-10-12 10:01:36,005 [pool-37-thread-1] INFO  impl.RaftServerImpl (ServerState.java:<init>(103)) - bc74ff60-a8aa-4cd5-8308-aeae1f81ef17@group-AC69667B6433: ConfigurationManager, init=-1: [bc74ff60-a8aa-4cd5-8308-aeae1f81ef17:192.168.5.134:37192], old=null, confs=<EMPTY_MAP>
2019-10-12 10:01:36,005 [pool-37-thread-1] INFO  server.RaftServerConfigKeys (ConfUtils.java:logGet(43)) - raft.server.storage.dir = [/workdir/hadoop-ozone/integration-test/target/test-dir/MiniOzoneClusterImpl-d25b9cda-a646-4d2e-96a4-4218688eca8d/datanode-1/data/ratis] (custom)
2019-10-12 10:01:36,006 [pool-37-thread-1] INFO  server.RaftServerConfigKeys (ConfUtils.java:logGet(43)) - raft.server.log.corruption.policy = EXCEPTION (default)
2019-10-12 10:01:36,006 [pool-37-thread-1] INFO  storage.RaftStorageDirectory (RaftStorageDirectory.java:analyzeStorage(246)) - The storage directory /workdir/hadoop-ozone/integration-test/target/test-dir/MiniOzoneClusterImpl-d25b9cda-a646-4d2e-96a4-4218688eca8d/datanode-1/data/ratis/17401763-e125-42bb-806f-ac69667b6433 does not exist. Creating ...
2019-10-12 10:01:36,009 [pool-27-thread-1] INFO  server.RaftServerConfigKeys (ConfUtils.java:logGet(43)) - raft.server.log.use.memory = false (default)
2019-10-12 10:01:36,017 [pool-27-thread-1] INFO  server.RaftServerConfigKeys (ConfUtils.java:logGet(43)) - raft.server.log.purge.gap = 1000000 (custom)
2019-10-12 10:01:36,017 [pool-27-thread-1] INFO  server.RaftServerConfigKeys (ConfUtils.java:logGet(43)) - raft.server.log.appender.buffer.byte-limit = 33554432 (custom)
2019-10-12 10:01:36,020 [pool-37-thread-1] INFO  storage.RaftStorageDirectory (RaftStorageDirectory.java:tryLock(328)) - Lock on /workdir/hadoop-ozone/integration-test/target/test-dir/MiniOzoneClusterImpl-d25b9cda-a646-4d2e-96a4-4218688eca8d/datanode-1/data/ratis/17401763-e125-42bb-806f-ac69667b6433/in_use.lock acquired by nodename 3239@pr-hdds-2034-qjlc4-3656631144
2019-10-12 10:01:36,021 [pool-27-thread-1] INFO  server.RaftServerConfigKeys (ConfUtils.java:logGet(43)) - raft.server.log.segment.size.max = 1048576 (custom)
2019-10-12 10:01:36,023 [pool-27-thread-1] INFO  impl.MetricsSystemImpl (MetricsSystemImpl.java:init(158)) - ratis metrics system started (again)
2019-10-12 10:01:36,030 [pool-27-thread-1] INFO  metrics.MetricRegistries (MetricRegistriesLoader.java:load(64)) - Loaded MetricRegistries class org.apache.ratis.metrics.impl.MetricRegistriesImpl
2019-10-12 10:01:36,034 [pool-37-thread-1] INFO  storage.RaftStorage (RaftStorage.java:format(84)) - Storage directory /workdir/hadoop-ozone/integration-test/target/test-dir/MiniOzoneClusterImpl-d25b9cda-a646-4d2e-96a4-4218688eca8d/datanode-1/data/ratis/17401763-e125-42bb-806f-ac69667b6433 has been successfully formatted.
2019-10-12 10:01:36,035 [pool-37-thread-1] INFO  ratis.ContainerStateMachine (ContainerStateMachine.java:loadSnapshot(231)) - group-AC69667B6433: The snapshot info is null. Setting the last applied indexto:(t:0, i:~)
2019-10-12 10:01:36,037 [pool-37-thread-1] INFO  server.RaftServerConfigKeys (ConfUtils.java:logGet(43)) - raft.server.notification.no-leader.timeout = 120s (custom)
2019-10-12 10:01:36,037 [pool-37-thread-1] INFO  server.RaftServerConfigKeys (ConfUtils.java:logGet(43)) - raft.server.log.use.memory = false (default)
2019-10-12 10:01:36,037 [pool-37-thread-1] INFO  server.RaftServerConfigKeys (ConfUtils.java:logGet(43)) - raft.server.log.purge.gap = 1000000 (custom)
2019-10-12 10:01:36,037 [pool-37-thread-1] INFO  server.RaftServerConfigKeys (ConfUtils.java:logGet(43)) - raft.server.log.appender.buffer.byte-limit = 33554432 (custom)
2019-10-12 10:01:36,038 [pool-37-thread-1] INFO  server.RaftServerConfigKeys (ConfUtils.java:logGet(43)) - raft.server.log.segment.size.max = 1048576 (custom)
2019-10-12 10:01:36,080 [main] INFO  ozone.MiniOzoneClusterImpl (MiniOzoneClusterImpl.java:lambda$waitForClusterToBeReady$0(149)) - Nodes are ready. Got 3 of 3 DN Heartbeats.
2019-10-12 10:01:36,090 [main] INFO  ozone.MiniOzoneClusterImpl (MiniOzoneClusterImpl.java:lambda$waitForClusterToBeReady$0(152)) - Waiting for cluster to exit safe mode
2019-10-12 10:01:36,090 [Command processor thread] INFO  impl.RaftServerProxy (RaftServerProxy.java:addNew(89)) - 518b21fe-982e-45c3-bb95-bd086922df62: addNew group-498A0D6B9843:[518b21fe-982e-45c3-bb95-bd086922df62:192.168.5.134:43503] returns group-498A0D6B9843:java.util.concurrent.CompletableFuture@6a16e5f6[Not completed]
2019-10-12 10:01:36,104 [pool-47-thread-1] INFO  impl.RaftServerImpl (RaftServerImpl.java:<init>(95)) - 518b21fe-982e-45c3-bb95-bd086922df62: new RaftServerImpl for group-498A0D6B9843:[518b21fe-982e-45c3-bb95-bd086922df62:192.168.5.134:43503] with ContainerStateMachine:uninitialized
2019-10-12 10:01:36,106 [pool-47-thread-1] INFO  server.RaftServerConfigKeys (ConfUtils.java:logGet(43)) - raft.server.rpc.timeout.min = 5s (custom)
2019-10-12 10:01:36,106 [pool-47-thread-1] INFO  server.RaftServerConfigKeys (ConfUtils.java:logGet(43)) - raft.server.rpc.timeout.max = 5200ms (custom)
2019-10-12 10:01:36,106 [pool-47-thread-1] INFO  server.RaftServerConfigKeys (ConfUtils.java:logGet(43)) - raft.server.rpcslowness.timeout = 120s (custom)
2019-10-12 10:01:36,106 [pool-47-thread-1] INFO  server.RaftServerConfigKeys (ConfUtils.java:logGet(43)) - raft.server.sleep.deviation.threshold = 300 (default)
2019-10-12 10:01:36,106 [pool-47-thread-1] INFO  server.RaftServerConfigKeys (ConfUtils.java:logGet(43)) - raft.server.log.appender.install.snapshot.enabled = false (custom)
2019-10-12 10:01:36,107 [pool-47-thread-1] INFO  impl.RaftServerImpl (ServerState.java:<init>(103)) - 518b21fe-982e-45c3-bb95-bd086922df62@group-498A0D6B9843: ConfigurationManager, init=-1: [518b21fe-982e-45c3-bb95-bd086922df62:192.168.5.134:43503], old=null, confs=<EMPTY_MAP>
2019-10-12 10:01:36,107 [pool-47-thread-1] INFO  server.RaftServerConfigKeys (ConfUtils.java:logGet(43)) - raft.server.storage.dir = [/workdir/hadoop-ozone/integration-test/target/test-dir/MiniOzoneClusterImpl-d25b9cda-a646-4d2e-96a4-4218688eca8d/datanode-2/data/ratis] (custom)
2019-10-12 10:01:36,108 [pool-47-thread-1] INFO  server.RaftServerConfigKeys (ConfUtils.java:logGet(43)) - raft.server.log.corruption.policy = EXCEPTION (default)
2019-10-12 10:01:36,108 [pool-47-thread-1] INFO  storage.RaftStorageDirectory (RaftStorageDirectory.java:analyzeStorage(246)) - The storage directory /workdir/hadoop-ozone/integration-test/target/test-dir/MiniOzoneClusterImpl-d25b9cda-a646-4d2e-96a4-4218688eca8d/datanode-2/data/ratis/f11e5ef2-54b1-4c25-a729-498a0d6b9843 does not exist. Creating ...
2019-10-12 10:01:36,124 [pool-47-thread-1] INFO  storage.RaftStorageDirectory (RaftStorageDirectory.java:tryLock(328)) - Lock on /workdir/hadoop-ozone/integration-test/target/test-dir/MiniOzoneClusterImpl-d25b9cda-a646-4d2e-96a4-4218688eca8d/datanode-2/data/ratis/f11e5ef2-54b1-4c25-a729-498a0d6b9843/in_use.lock acquired by nodename 3239@pr-hdds-2034-qjlc4-3656631144
2019-10-12 10:01:36,140 [pool-47-thread-1] INFO  storage.RaftStorage (RaftStorage.java:format(84)) - Storage directory /workdir/hadoop-ozone/integration-test/target/test-dir/MiniOzoneClusterImpl-d25b9cda-a646-4d2e-96a4-4218688eca8d/datanode-2/data/ratis/f11e5ef2-54b1-4c25-a729-498a0d6b9843 has been successfully formatted.
2019-10-12 10:01:36,144 [pool-47-thread-1] INFO  ratis.ContainerStateMachine (ContainerStateMachine.java:loadSnapshot(231)) - group-498A0D6B9843: The snapshot info is null. Setting the last applied indexto:(t:0, i:~)
2019-10-12 10:01:36,144 [pool-47-thread-1] INFO  server.RaftServerConfigKeys (ConfUtils.java:logGet(43)) - raft.server.notification.no-leader.timeout = 120s (custom)
2019-10-12 10:01:36,144 [pool-47-thread-1] INFO  server.RaftServerConfigKeys (ConfUtils.java:logGet(43)) - raft.server.log.use.memory = false (default)
2019-10-12 10:01:36,144 [pool-47-thread-1] INFO  server.RaftServerConfigKeys (ConfUtils.java:logGet(43)) - raft.server.log.purge.gap = 1000000 (custom)
2019-10-12 10:01:36,145 [pool-47-thread-1] INFO  server.RaftServerConfigKeys (ConfUtils.java:logGet(43)) - raft.server.log.appender.buffer.byte-limit = 33554432 (custom)
2019-10-12 10:01:36,145 [pool-47-thread-1] INFO  server.RaftServerConfigKeys (ConfUtils.java:logGet(43)) - raft.server.log.segment.size.max = 1048576 (custom)
2019-10-12 10:01:36,175 [pool-27-thread-1] INFO  server.RaftServerConfigKeys (ConfUtils.java:logGet(43)) - raft.server.log.segment.cache.num.max = 2 (custom)
2019-10-12 10:01:36,175 [pool-37-thread-1] INFO  server.RaftServerConfigKeys (ConfUtils.java:logGet(43)) - raft.server.log.segment.cache.num.max = 2 (custom)
2019-10-12 10:01:36,192 [pool-37-thread-1] INFO  segmented.SegmentedRaftLogWorker (SegmentedRaftLogWorker.java:<init>(173)) - new bc74ff60-a8aa-4cd5-8308-aeae1f81ef17@group-AC69667B6433-SegmentedRaftLogWorker for RaftStorage:Storage Directory /workdir/hadoop-ozone/integration-test/target/test-dir/MiniOzoneClusterImpl-d25b9cda-a646-4d2e-96a4-4218688eca8d/datanode-1/data/ratis/17401763-e125-42bb-806f-ac69667b6433
2019-10-12 10:01:36,192 [pool-27-thread-1] INFO  segmented.SegmentedRaftLogWorker (SegmentedRaftLogWorker.java:<init>(173)) - new 7800d8eb-5bdd-41a4-b407-b29fbb3a298a@group-9569D5444E27-SegmentedRaftLogWorker for RaftStorage:Storage Directory /workdir/hadoop-ozone/integration-test/target/test-dir/MiniOzoneClusterImpl-d25b9cda-a646-4d2e-96a4-4218688eca8d/datanode-0/data/ratis/e538e958-6f3d-4d9d-9883-9569d5444e27
2019-10-12 10:01:36,193 [pool-37-thread-1] INFO  server.RaftServerConfigKeys (ConfUtils.java:logGet(43)) - raft.server.log.queue.byte-limit = 2147483647 (custom)
2019-10-12 10:01:36,193 [pool-27-thread-1] INFO  server.RaftServerConfigKeys (ConfUtils.java:logGet(43)) - raft.server.log.queue.byte-limit = 2147483647 (custom)
2019-10-12 10:01:36,194 [pool-37-thread-1] INFO  server.RaftServerConfigKeys (ConfUtils.java:logGet(43)) - raft.server.log.queue.element-limit = 1024 (custom)
2019-10-12 10:01:36,194 [pool-27-thread-1] INFO  server.RaftServerConfigKeys (ConfUtils.java:logGet(43)) - raft.server.log.queue.element-limit = 1024 (custom)
2019-10-12 10:01:36,196 [pool-27-thread-1] INFO  server.RaftServerConfigKeys (ConfUtils.java:logGet(43)) - raft.server.log.segment.size.max = 1048576 (custom)
2019-10-12 10:01:36,196 [pool-37-thread-1] INFO  server.RaftServerConfigKeys (ConfUtils.java:logGet(43)) - raft.server.log.segment.size.max = 1048576 (custom)
2019-10-12 10:01:36,197 [pool-27-thread-1] INFO  server.RaftServerConfigKeys (ConfUtils.java:logGet(43)) - raft.server.log.preallocated.size = 16384 (custom)
2019-10-12 10:01:36,197 [pool-37-thread-1] INFO  server.RaftServerConfigKeys (ConfUtils.java:logGet(43)) - raft.server.log.preallocated.size = 16384 (custom)
2019-10-12 10:01:36,198 [pool-27-thread-1] INFO  server.RaftServerConfigKeys (ConfUtils.java:logGet(43)) - raft.server.log.write.buffer.size = 33554432 (custom)
2019-10-12 10:01:36,198 [pool-37-thread-1] INFO  server.RaftServerConfigKeys (ConfUtils.java:logGet(43)) - raft.server.log.write.buffer.size = 33554432 (custom)
2019-10-12 10:01:36,198 [pool-27-thread-1] INFO  server.RaftServerConfigKeys (ConfUtils.java:logGet(43)) - raft.server.log.force.sync.num = 128 (default)
2019-10-12 10:01:36,199 [pool-37-thread-1] INFO  server.RaftServerConfigKeys (ConfUtils.java:logGet(43)) - raft.server.log.force.sync.num = 128 (default)
2019-10-12 10:01:36,200 [pool-47-thread-1] INFO  server.RaftServerConfigKeys (ConfUtils.java:logGet(43)) - raft.server.log.segment.cache.num.max = 2 (custom)
2019-10-12 10:01:36,200 [pool-47-thread-1] INFO  segmented.SegmentedRaftLogWorker (SegmentedRaftLogWorker.java:<init>(173)) - new 518b21fe-982e-45c3-bb95-bd086922df62@group-498A0D6B9843-SegmentedRaftLogWorker for RaftStorage:Storage Directory /workdir/hadoop-ozone/integration-test/target/test-dir/MiniOzoneClusterImpl-d25b9cda-a646-4d2e-96a4-4218688eca8d/datanode-2/data/ratis/f11e5ef2-54b1-4c25-a729-498a0d6b9843
2019-10-12 10:01:36,200 [pool-27-thread-1] INFO  server.RaftServerConfigKeys (ConfUtils.java:logGet(43)) - raft.server.log.statemachine.data.sync = true (default)
2019-10-12 10:01:36,200 [pool-47-thread-1] INFO  server.RaftServerConfigKeys (ConfUtils.java:logGet(43)) - raft.server.log.queue.byte-limit = 2147483647 (custom)
2019-10-12 10:01:36,200 [pool-37-thread-1] INFO  server.RaftServerConfigKeys (ConfUtils.java:logGet(43)) - raft.server.log.statemachine.data.sync = true (default)
2019-10-12 10:01:36,201 [pool-47-thread-1] INFO  server.RaftServerConfigKeys (ConfUtils.java:logGet(43)) - raft.server.log.queue.element-limit = 1024 (custom)
2019-10-12 10:01:36,200 [pool-27-thread-1] INFO  server.RaftServerConfigKeys (ConfUtils.java:logGet(43)) - raft.server.log.statemachine.data.sync.timeout = 10s (default)
2019-10-12 10:01:36,201 [pool-47-thread-1] INFO  server.RaftServerConfigKeys (ConfUtils.java:logGet(43)) - raft.server.log.segment.size.max = 1048576 (custom)
2019-10-12 10:01:36,201 [pool-37-thread-1] INFO  server.RaftServerConfigKeys (ConfUtils.java:logGet(43)) - raft.server.log.statemachine.data.sync.timeout = 10s (default)
2019-10-12 10:01:36,202 [pool-47-thread-1] INFO  server.RaftServerConfigKeys (ConfUtils.java:logGet(43)) - raft.server.log.preallocated.size = 16384 (custom)
2019-10-12 10:01:36,202 [pool-27-thread-1] INFO  server.RaftServerConfigKeys (ConfUtils.java:logGet(43)) - raft.server.log.statemachine.data.sync.timeout.retry = -1 (default)
2019-10-12 10:01:36,202 [pool-47-thread-1] INFO  server.RaftServerConfigKeys (ConfUtils.java:logGet(43)) - raft.server.log.write.buffer.size = 33554432 (custom)
2019-10-12 10:01:36,202 [pool-37-thread-1] INFO  server.RaftServerConfigKeys (ConfUtils.java:logGet(43)) - raft.server.log.statemachine.data.sync.timeout.retry = -1 (default)
2019-10-12 10:01:36,202 [pool-47-thread-1] INFO  server.RaftServerConfigKeys (ConfUtils.java:logGet(43)) - raft.server.log.force.sync.num = 128 (default)
2019-10-12 10:01:36,203 [pool-47-thread-1] INFO  server.RaftServerConfigKeys (ConfUtils.java:logGet(43)) - raft.server.log.statemachine.data.sync = true (default)
2019-10-12 10:01:36,203 [pool-47-thread-1] INFO  server.RaftServerConfigKeys (ConfUtils.java:logGet(43)) - raft.server.log.statemachine.data.sync.timeout = 10s (default)
2019-10-12 10:01:36,203 [pool-47-thread-1] INFO  server.RaftServerConfigKeys (ConfUtils.java:logGet(43)) - raft.server.log.statemachine.data.sync.timeout.retry = -1 (default)
2019-10-12 10:01:36,218 [pool-27-thread-1] INFO  server.RaftServerConfigKeys (ConfUtils.java:logGet(43)) - raft.server.log.statemachine.data.caching.enabled = true (custom)
2019-10-12 10:01:36,218 [pool-37-thread-1] INFO  server.RaftServerConfigKeys (ConfUtils.java:logGet(43)) - raft.server.log.statemachine.data.caching.enabled = true (custom)
2019-10-12 10:01:36,218 [pool-47-thread-1] INFO  server.RaftServerConfigKeys (ConfUtils.java:logGet(43)) - raft.server.log.statemachine.data.caching.enabled = true (custom)
2019-10-12 10:01:36,228 [pool-27-thread-1] INFO  segmented.SegmentedRaftLogWorker (SegmentedRaftLogWorker.java:lambda$new$0(128)) - 7800d8eb-5bdd-41a4-b407-b29fbb3a298a@group-9569D5444E27-SegmentedRaftLogWorker: flushIndex: setUnconditionally 0 -> -1
2019-10-12 10:01:36,228 [pool-47-thread-1] INFO  segmented.SegmentedRaftLogWorker (SegmentedRaftLogWorker.java:lambda$new$0(128)) - 518b21fe-982e-45c3-bb95-bd086922df62@group-498A0D6B9843-SegmentedRaftLogWorker: flushIndex: setUnconditionally 0 -> -1
2019-10-12 10:01:36,228 [pool-37-thread-1] INFO  segmented.SegmentedRaftLogWorker (SegmentedRaftLogWorker.java:lambda$new$0(128)) - bc74ff60-a8aa-4cd5-8308-aeae1f81ef17@group-AC69667B6433-SegmentedRaftLogWorker: flushIndex: setUnconditionally 0 -> -1
2019-10-12 10:01:36,233 [pool-27-thread-1] INFO  server.RaftServerConfigKeys (ConfUtils.java:logGet(43)) - raft.server.snapshot.auto.trigger.enabled = true (custom)
2019-10-12 10:01:36,233 [pool-47-thread-1] INFO  server.RaftServerConfigKeys (ConfUtils.java:logGet(43)) - raft.server.snapshot.auto.trigger.enabled = true (custom)
2019-10-12 10:01:36,233 [pool-37-thread-1] INFO  server.RaftServerConfigKeys (ConfUtils.java:logGet(43)) - raft.server.snapshot.auto.trigger.enabled = true (custom)
2019-10-12 10:01:36,236 [pool-27-thread-1] INFO  server.RaftServerConfigKeys (ConfUtils.java:logGet(43)) - raft.server.snapshot.auto.trigger.threshold = 10000 (custom)
2019-10-12 10:01:36,236 [pool-37-thread-1] INFO  server.RaftServerConfigKeys (ConfUtils.java:logGet(43)) - raft.server.snapshot.auto.trigger.threshold = 10000 (custom)
2019-10-12 10:01:36,236 [pool-47-thread-1] INFO  server.RaftServerConfigKeys (ConfUtils.java:logGet(43)) - raft.server.snapshot.auto.trigger.threshold = 10000 (custom)
2019-10-12 10:01:36,236 [pool-27-thread-1] INFO  server.RaftServerConfigKeys (ConfUtils.java:logGet(43)) - raft.server.snapshot.retention.file.num = 5 (custom)
2019-10-12 10:01:36,236 [pool-37-thread-1] INFO  server.RaftServerConfigKeys (ConfUtils.java:logGet(43)) - raft.server.snapshot.retention.file.num = 5 (custom)
2019-10-12 10:01:36,237 [pool-47-thread-1] INFO  server.RaftServerConfigKeys (ConfUtils.java:logGet(43)) - raft.server.snapshot.retention.file.num = 5 (custom)
2019-10-12 10:01:36,237 [pool-27-thread-1] INFO  server.RaftServerConfigKeys (ConfUtils.java:logGet(43)) - raft.server.retrycache.expirytime = 600000ms (custom)
2019-10-12 10:01:36,237 [pool-47-thread-1] INFO  server.RaftServerConfigKeys (ConfUtils.java:logGet(43)) - raft.server.retrycache.expirytime = 600000ms (custom)
2019-10-12 10:01:36,237 [pool-37-thread-1] INFO  server.RaftServerConfigKeys (ConfUtils.java:logGet(43)) - raft.server.retrycache.expirytime = 600000ms (custom)
2019-10-12 10:01:36,273 [pool-27-thread-1] INFO  impl.RaftServerImpl (RaftServerImpl.java:start(181)) - 7800d8eb-5bdd-41a4-b407-b29fbb3a298a@group-9569D5444E27: start as a follower, conf=-1: [7800d8eb-5bdd-41a4-b407-b29fbb3a298a:192.168.5.134:37562], old=null
2019-10-12 10:01:36,273 [pool-37-thread-1] INFO  impl.RaftServerImpl (RaftServerImpl.java:start(181)) - bc74ff60-a8aa-4cd5-8308-aeae1f81ef17@group-AC69667B6433: start as a follower, conf=-1: [bc74ff60-a8aa-4cd5-8308-aeae1f81ef17:192.168.5.134:37192], old=null
2019-10-12 10:01:36,273 [pool-47-thread-1] INFO  impl.RaftServerImpl (RaftServerImpl.java:start(181)) - 518b21fe-982e-45c3-bb95-bd086922df62@group-498A0D6B9843: start as a follower, conf=-1: [518b21fe-982e-45c3-bb95-bd086922df62:192.168.5.134:43503], old=null
2019-10-12 10:01:36,274 [pool-47-thread-1] INFO  impl.RaftServerImpl (RaftServerImpl.java:setRole(170)) - 518b21fe-982e-45c3-bb95-bd086922df62@group-498A0D6B9843: changes role from      null to FOLLOWER at term 0 for startAsFollower
2019-10-12 10:01:36,274 [pool-37-thread-1] INFO  impl.RaftServerImpl (RaftServerImpl.java:setRole(170)) - bc74ff60-a8aa-4cd5-8308-aeae1f81ef17@group-AC69667B6433: changes role from      null to FOLLOWER at term 0 for startAsFollower
2019-10-12 10:01:36,274 [pool-27-thread-1] INFO  impl.RaftServerImpl (RaftServerImpl.java:setRole(170)) - 7800d8eb-5bdd-41a4-b407-b29fbb3a298a@group-9569D5444E27: changes role from      null to FOLLOWER at term 0 for startAsFollower
2019-10-12 10:01:36,276 [pool-27-thread-1] INFO  impl.RoleInfo (RoleInfo.java:updateAndGet(143)) - 7800d8eb-5bdd-41a4-b407-b29fbb3a298a: start FollowerState
2019-10-12 10:01:36,276 [pool-37-thread-1] INFO  impl.RoleInfo (RoleInfo.java:updateAndGet(143)) - bc74ff60-a8aa-4cd5-8308-aeae1f81ef17: start FollowerState
2019-10-12 10:01:36,276 [pool-47-thread-1] INFO  impl.RoleInfo (RoleInfo.java:updateAndGet(143)) - 518b21fe-982e-45c3-bb95-bd086922df62: start FollowerState
2019-10-12 10:01:36,279 [pool-27-thread-1] INFO  util.JmxRegister (JmxRegister.java:tryRegister(44)) - Successfully registered JMX Bean with object name Ratis:service=RaftServer,group=group-9569D5444E27,id=7800d8eb-5bdd-41a4-b407-b29fbb3a298a
2019-10-12 10:01:36,279 [pool-47-thread-1] INFO  util.JmxRegister (JmxRegister.java:tryRegister(44)) - Successfully registered JMX Bean with object name Ratis:service=RaftServer,group=group-498A0D6B9843,id=518b21fe-982e-45c3-bb95-bd086922df62
2019-10-12 10:01:36,279 [pool-37-thread-1] INFO  util.JmxRegister (JmxRegister.java:tryRegister(44)) - Successfully registered JMX Bean with object name Ratis:service=RaftServer,group=group-AC69667B6433,id=bc74ff60-a8aa-4cd5-8308-aeae1f81ef17
2019-10-12 10:01:36,308 [Command processor thread] INFO  commandhandler.CreatePipelineCommandHandler (CreatePipelineCommandHandler.java:handle(86)) - Create Pipeline RATIS ONE #id: "e538e958-6f3d-4d9d-9883-9569d5444e27"
 command succeed on datanode 7800d8eb-5bdd-41a4-b407-b29fbb3a298a.
2019-10-12 10:01:36,308 [Command processor thread] INFO  commandhandler.CreatePipelineCommandHandler (CreatePipelineCommandHandler.java:handle(86)) - Create Pipeline RATIS ONE #id: "17401763-e125-42bb-806f-ac69667b6433"
 command succeed on datanode bc74ff60-a8aa-4cd5-8308-aeae1f81ef17.
2019-10-12 10:01:36,308 [Command processor thread] INFO  commandhandler.CreatePipelineCommandHandler (CreatePipelineCommandHandler.java:handle(86)) - Create Pipeline RATIS ONE #id: "f11e5ef2-54b1-4c25-a729-498a0d6b9843"
 command succeed on datanode 518b21fe-982e-45c3-bb95-bd086922df62.
2019-10-12 10:01:36,319 [Command processor thread] INFO  impl.RaftServerProxy (RaftServerProxy.java:addNew(89)) - bc74ff60-a8aa-4cd5-8308-aeae1f81ef17: addNew group-5751C3551726:[518b21fe-982e-45c3-bb95-bd086922df62:192.168.5.134:43503, 7800d8eb-5bdd-41a4-b407-b29fbb3a298a:192.168.5.134:37562, bc74ff60-a8aa-4cd5-8308-aeae1f81ef17:192.168.5.134:37192] returns group-5751C3551726:java.util.concurrent.CompletableFuture@1908a6ee[Not completed]
2019-10-12 10:01:36,319 [Command processor thread] INFO  impl.RaftServerProxy (RaftServerProxy.java:addNew(89)) - 7800d8eb-5bdd-41a4-b407-b29fbb3a298a: addNew group-5751C3551726:[518b21fe-982e-45c3-bb95-bd086922df62:192.168.5.134:43503, 7800d8eb-5bdd-41a4-b407-b29fbb3a298a:192.168.5.134:37562, bc74ff60-a8aa-4cd5-8308-aeae1f81ef17:192.168.5.134:37192] returns group-5751C3551726:java.util.concurrent.CompletableFuture@3ad2176f[Not completed]
2019-10-12 10:01:36,319 [Command processor thread] INFO  impl.RaftServerProxy (RaftServerProxy.java:addNew(89)) - 518b21fe-982e-45c3-bb95-bd086922df62: addNew group-5751C3551726:[518b21fe-982e-45c3-bb95-bd086922df62:192.168.5.134:43503, 7800d8eb-5bdd-41a4-b407-b29fbb3a298a:192.168.5.134:37562, bc74ff60-a8aa-4cd5-8308-aeae1f81ef17:192.168.5.134:37192] returns group-5751C3551726:java.util.concurrent.CompletableFuture@6e296c6c[Not completed]
2019-10-12 10:01:36,322 [pool-27-thread-1] INFO  impl.RaftServerImpl (RaftServerImpl.java:<init>(95)) - 7800d8eb-5bdd-41a4-b407-b29fbb3a298a: new RaftServerImpl for group-5751C3551726:[518b21fe-982e-45c3-bb95-bd086922df62:192.168.5.134:43503, 7800d8eb-5bdd-41a4-b407-b29fbb3a298a:192.168.5.134:37562, bc74ff60-a8aa-4cd5-8308-aeae1f81ef17:192.168.5.134:37192] with ContainerStateMachine:uninitialized
2019-10-12 10:01:36,322 [pool-27-thread-1] INFO  server.RaftServerConfigKeys (ConfUtils.java:logGet(43)) - raft.server.rpc.timeout.min = 5s (custom)
2019-10-12 10:01:36,323 [pool-27-thread-1] INFO  server.RaftServerConfigKeys (ConfUtils.java:logGet(43)) - raft.server.rpc.timeout.max = 5200ms (custom)
2019-10-12 10:01:36,323 [pool-27-thread-1] INFO  server.RaftServerConfigKeys (ConfUtils.java:logGet(43)) - raft.server.rpcslowness.timeout = 120s (custom)
2019-10-12 10:01:36,323 [pool-27-thread-1] INFO  server.RaftServerConfigKeys (ConfUtils.java:logGet(43)) - raft.server.sleep.deviation.threshold = 300 (default)
2019-10-12 10:01:36,323 [pool-27-thread-1] INFO  server.RaftServerConfigKeys (ConfUtils.java:logGet(43)) - raft.server.log.appender.install.snapshot.enabled = false (custom)
2019-10-12 10:01:36,323 [pool-27-thread-1] INFO  impl.RaftServerImpl (ServerState.java:<init>(103)) - 7800d8eb-5bdd-41a4-b407-b29fbb3a298a@group-5751C3551726: ConfigurationManager, init=-1: [518b21fe-982e-45c3-bb95-bd086922df62:192.168.5.134:43503, 7800d8eb-5bdd-41a4-b407-b29fbb3a298a:192.168.5.134:37562, bc74ff60-a8aa-4cd5-8308-aeae1f81ef17:192.168.5.134:37192], old=null, confs=<EMPTY_MAP>
2019-10-12 10:01:36,323 [pool-27-thread-1] INFO  server.RaftServerConfigKeys (ConfUtils.java:logGet(43)) - raft.server.storage.dir = [/workdir/hadoop-ozone/integration-test/target/test-dir/MiniOzoneClusterImpl-d25b9cda-a646-4d2e-96a4-4218688eca8d/datanode-0/data/ratis] (custom)
2019-10-12 10:01:36,323 [pool-47-thread-1] INFO  impl.RaftServerImpl (RaftServerImpl.java:<init>(95)) - 518b21fe-982e-45c3-bb95-bd086922df62: new RaftServerImpl for group-5751C3551726:[518b21fe-982e-45c3-bb95-bd086922df62:192.168.5.134:43503, 7800d8eb-5bdd-41a4-b407-b29fbb3a298a:192.168.5.134:37562, bc74ff60-a8aa-4cd5-8308-aeae1f81ef17:192.168.5.134:37192] with ContainerStateMachine:uninitialized
2019-10-12 10:01:36,324 [pool-27-thread-1] INFO  server.RaftServerConfigKeys (ConfUtils.java:logGet(43)) - raft.server.log.corruption.policy = EXCEPTION (default)
2019-10-12 10:01:36,324 [pool-47-thread-1] INFO  server.RaftServerConfigKeys (ConfUtils.java:logGet(43)) - raft.server.rpc.timeout.min = 5s (custom)
2019-10-12 10:01:36,324 [pool-27-thread-1] INFO  storage.RaftStorageDirectory (RaftStorageDirectory.java:analyzeStorage(246)) - The storage directory /workdir/hadoop-ozone/integration-test/target/test-dir/MiniOzoneClusterImpl-d25b9cda-a646-4d2e-96a4-4218688eca8d/datanode-0/data/ratis/952e269a-b9ed-42ff-9317-5751c3551726 does not exist. Creating ...
2019-10-12 10:01:36,324 [pool-47-thread-1] INFO  server.RaftServerConfigKeys (ConfUtils.java:logGet(43)) - raft.server.rpc.timeout.max = 5200ms (custom)
2019-10-12 10:01:36,324 [pool-47-thread-1] INFO  server.RaftServerConfigKeys (ConfUtils.java:logGet(43)) - raft.server.rpcslowness.timeout = 120s (custom)
2019-10-12 10:01:36,324 [pool-37-thread-1] INFO  impl.RaftServerImpl (RaftServerImpl.java:<init>(95)) - bc74ff60-a8aa-4cd5-8308-aeae1f81ef17: new RaftServerImpl for group-5751C3551726:[518b21fe-982e-45c3-bb95-bd086922df62:192.168.5.134:43503, 7800d8eb-5bdd-41a4-b407-b29fbb3a298a:192.168.5.134:37562, bc74ff60-a8aa-4cd5-8308-aeae1f81ef17:192.168.5.134:37192] with ContainerStateMachine:uninitialized
2019-10-12 10:01:36,324 [pool-47-thread-1] INFO  server.RaftServerConfigKeys (ConfUtils.java:logGet(43)) - raft.server.sleep.deviation.threshold = 300 (default)
2019-10-12 10:01:36,324 [pool-37-thread-1] INFO  server.RaftServerConfigKeys (ConfUtils.java:logGet(43)) - raft.server.rpc.timeout.min = 5s (custom)
2019-10-12 10:01:36,325 [pool-47-thread-1] INFO  server.RaftServerConfigKeys (ConfUtils.java:logGet(43)) - raft.server.log.appender.install.snapshot.enabled = false (custom)
2019-10-12 10:01:36,325 [pool-37-thread-1] INFO  server.RaftServerConfigKeys (ConfUtils.java:logGet(43)) - raft.server.rpc.timeout.max = 5200ms (custom)
2019-10-12 10:01:36,325 [pool-47-thread-1] INFO  impl.RaftServerImpl (ServerState.java:<init>(103)) - 518b21fe-982e-45c3-bb95-bd086922df62@group-5751C3551726: ConfigurationManager, init=-1: [518b21fe-982e-45c3-bb95-bd086922df62:192.168.5.134:43503, 7800d8eb-5bdd-41a4-b407-b29fbb3a298a:192.168.5.134:37562, bc74ff60-a8aa-4cd5-8308-aeae1f81ef17:192.168.5.134:37192], old=null, confs=<EMPTY_MAP>
2019-10-12 10:01:36,325 [pool-37-thread-1] INFO  server.RaftServerConfigKeys (ConfUtils.java:logGet(43)) - raft.server.rpcslowness.timeout = 120s (custom)
2019-10-12 10:01:36,325 [pool-47-thread-1] INFO  server.RaftServerConfigKeys (ConfUtils.java:logGet(43)) - raft.server.storage.dir = [/workdir/hadoop-ozone/integration-test/target/test-dir/MiniOzoneClusterImpl-d25b9cda-a646-4d2e-96a4-4218688eca8d/datanode-2/data/ratis] (custom)
2019-10-12 10:01:36,325 [pool-37-thread-1] INFO  server.RaftServerConfigKeys (ConfUtils.java:logGet(43)) - raft.server.sleep.deviation.threshold = 300 (default)
2019-10-12 10:01:36,326 [pool-47-thread-1] INFO  server.RaftServerConfigKeys (ConfUtils.java:logGet(43)) - raft.server.log.corruption.policy = EXCEPTION (default)
2019-10-12 10:01:36,326 [pool-37-thread-1] INFO  server.RaftServerConfigKeys (ConfUtils.java:logGet(43)) - raft.server.log.appender.install.snapshot.enabled = false (custom)
2019-10-12 10:01:36,326 [pool-47-thread-1] INFO  storage.RaftStorageDirectory (RaftStorageDirectory.java:analyzeStorage(246)) - The storage directory /workdir/hadoop-ozone/integration-test/target/test-dir/MiniOzoneClusterImpl-d25b9cda-a646-4d2e-96a4-4218688eca8d/datanode-2/data/ratis/952e269a-b9ed-42ff-9317-5751c3551726 does not exist. Creating ...
2019-10-12 10:01:36,326 [pool-37-thread-1] INFO  impl.RaftServerImpl (ServerState.java:<init>(103)) - bc74ff60-a8aa-4cd5-8308-aeae1f81ef17@group-5751C3551726: ConfigurationManager, init=-1: [518b21fe-982e-45c3-bb95-bd086922df62:192.168.5.134:43503, 7800d8eb-5bdd-41a4-b407-b29fbb3a298a:192.168.5.134:37562, bc74ff60-a8aa-4cd5-8308-aeae1f81ef17:192.168.5.134:37192], old=null, confs=<EMPTY_MAP>
2019-10-12 10:01:36,326 [pool-37-thread-1] INFO  server.RaftServerConfigKeys (ConfUtils.java:logGet(43)) - raft.server.storage.dir = [/workdir/hadoop-ozone/integration-test/target/test-dir/MiniOzoneClusterImpl-d25b9cda-a646-4d2e-96a4-4218688eca8d/datanode-1/data/ratis] (custom)
2019-10-12 10:01:36,327 [pool-37-thread-1] INFO  server.RaftServerConfigKeys (ConfUtils.java:logGet(43)) - raft.server.log.corruption.policy = EXCEPTION (default)
2019-10-12 10:01:36,327 [pool-37-thread-1] INFO  storage.RaftStorageDirectory (RaftStorageDirectory.java:analyzeStorage(246)) - The storage directory /workdir/hadoop-ozone/integration-test/target/test-dir/MiniOzoneClusterImpl-d25b9cda-a646-4d2e-96a4-4218688eca8d/datanode-1/data/ratis/952e269a-b9ed-42ff-9317-5751c3551726 does not exist. Creating ...
2019-10-12 10:01:36,339 [pool-27-thread-1] INFO  storage.RaftStorageDirectory (RaftStorageDirectory.java:tryLock(328)) - Lock on /workdir/hadoop-ozone/integration-test/target/test-dir/MiniOzoneClusterImpl-d25b9cda-a646-4d2e-96a4-4218688eca8d/datanode-0/data/ratis/952e269a-b9ed-42ff-9317-5751c3551726/in_use.lock acquired by nodename 3239@pr-hdds-2034-qjlc4-3656631144
2019-10-12 10:01:36,339 [pool-47-thread-1] INFO  storage.RaftStorageDirectory (RaftStorageDirectory.java:tryLock(328)) - Lock on /workdir/hadoop-ozone/integration-test/target/test-dir/MiniOzoneClusterImpl-d25b9cda-a646-4d2e-96a4-4218688eca8d/datanode-2/data/ratis/952e269a-b9ed-42ff-9317-5751c3551726/in_use.lock acquired by nodename 3239@pr-hdds-2034-qjlc4-3656631144
2019-10-12 10:01:36,339 [pool-37-thread-1] INFO  storage.RaftStorageDirectory (RaftStorageDirectory.java:tryLock(328)) - Lock on /workdir/hadoop-ozone/integration-test/target/test-dir/MiniOzoneClusterImpl-d25b9cda-a646-4d2e-96a4-4218688eca8d/datanode-1/data/ratis/952e269a-b9ed-42ff-9317-5751c3551726/in_use.lock acquired by nodename 3239@pr-hdds-2034-qjlc4-3656631144
2019-10-12 10:01:36,340 [EventQueue-PipelineReportForPipelineReportHandler] INFO  pipeline.PipelineReportHandler (PipelineReportHandler.java:processPipelineReport(104)) - Pipeline ONE PipelineID=e538e958-6f3d-4d9d-9883-9569d5444e27 reported by 7800d8eb-5bdd-41a4-b407-b29fbb3a298a{ip: 192.168.5.134, host: pr-hdds-2034-qjlc4-3656631144, networkLocation: /default-rack, certSerialId: null}
2019-10-12 10:01:36,341 [EventQueue-PipelineReportForPipelineReportHandler] INFO  pipeline.PipelineStateManager (PipelineStateManager.java:openPipeline(134)) - Pipeline Pipeline[ Id: e538e958-6f3d-4d9d-9883-9569d5444e27, Nodes: 7800d8eb-5bdd-41a4-b407-b29fbb3a298a{ip: 192.168.5.134, host: pr-hdds-2034-qjlc4-3656631144, networkLocation: /default-rack, certSerialId: null}, Type:RATIS, Factor:ONE, State:ALLOCATED] moved to OPEN state
2019-10-12 10:01:36,344 [EventQueue-OpenPipelineForHealthyPipelineSafeModeRule] INFO  safemode.SCMSafeModeManager (HealthyPipelineSafeModeRule.java:process(122)) - SCM in safe mode. Healthy pipelines reported count is 1, required healthy pipeline reported count is 1
2019-10-12 10:01:36,344 [EventQueue-OpenPipelineForHealthyPipelineSafeModeRule] INFO  safemode.SCMSafeModeManager (SCMSafeModeManager.java:validateSafeModeExitRules(174)) - HealthyPipelineSafeModeRule rule is successfully validated
2019-10-12 10:01:36,344 [EventQueue-PipelineReportForPipelineReportHandler] INFO  pipeline.PipelineReportHandler (PipelineReportHandler.java:processPipelineReport(104)) - Pipeline ONE PipelineID=f11e5ef2-54b1-4c25-a729-498a0d6b9843 reported by 518b21fe-982e-45c3-bb95-bd086922df62{ip: 192.168.5.134, host: pr-hdds-2034-qjlc4-3656631144, networkLocation: /default-rack, certSerialId: null}
2019-10-12 10:01:36,344 [EventQueue-OpenPipelineForOneReplicaPipelineSafeModeRule] INFO  safemode.SCMSafeModeManager (SCMSafeModeManager.java:validateSafeModeExitRules(174)) - AtleastOneDatanodeReportedRule rule is successfully validated
2019-10-12 10:01:36,345 [EventQueue-PipelineReportForPipelineReportHandler] INFO  pipeline.PipelineStateManager (PipelineStateManager.java:openPipeline(134)) - Pipeline Pipeline[ Id: f11e5ef2-54b1-4c25-a729-498a0d6b9843, Nodes: 518b21fe-982e-45c3-bb95-bd086922df62{ip: 192.168.5.134, host: pr-hdds-2034-qjlc4-3656631144, networkLocation: /default-rack, certSerialId: null}, Type:RATIS, Factor:ONE, State:ALLOCATED] moved to OPEN state
2019-10-12 10:01:36,345 [EventQueue-OpenPipelineForOneReplicaPipelineSafeModeRule] INFO  safemode.SCMSafeModeManager (SCMSafeModeManager.java:validateSafeModeExitRules(183)) - ScmSafeModeManager, all rules are successfully validated
2019-10-12 10:01:36,345 [EventQueue-PipelineReportForPipelineReportHandler] INFO  pipeline.PipelineReportHandler (PipelineReportHandler.java:processPipelineReport(104)) - Pipeline ONE PipelineID=17401763-e125-42bb-806f-ac69667b6433 reported by bc74ff60-a8aa-4cd5-8308-aeae1f81ef17{ip: 192.168.5.134, host: pr-hdds-2034-qjlc4-3656631144, networkLocation: /default-rack, certSerialId: null}
2019-10-12 10:01:36,345 [EventQueue-PipelineReportForPipelineReportHandler] INFO  pipeline.PipelineStateManager (PipelineStateManager.java:openPipeline(134)) - Pipeline Pipeline[ Id: 17401763-e125-42bb-806f-ac69667b6433, Nodes: bc74ff60-a8aa-4cd5-8308-aeae1f81ef17{ip: 192.168.5.134, host: pr-hdds-2034-qjlc4-3656631144, networkLocation: /default-rack, certSerialId: null}, Type:RATIS, Factor:ONE, State:ALLOCATED] moved to OPEN state
2019-10-12 10:01:36,352 [pool-37-thread-1] INFO  storage.RaftStorage (RaftStorage.java:format(84)) - Storage directory /workdir/hadoop-ozone/integration-test/target/test-dir/MiniOzoneClusterImpl-d25b9cda-a646-4d2e-96a4-4218688eca8d/datanode-1/data/ratis/952e269a-b9ed-42ff-9317-5751c3551726 has been successfully formatted.
2019-10-12 10:01:36,352 [pool-27-thread-1] INFO  storage.RaftStorage (RaftStorage.java:format(84)) - Storage directory /workdir/hadoop-ozone/integration-test/target/test-dir/MiniOzoneClusterImpl-d25b9cda-a646-4d2e-96a4-4218688eca8d/datanode-0/data/ratis/952e269a-b9ed-42ff-9317-5751c3551726 has been successfully formatted.
2019-10-12 10:01:36,352 [pool-47-thread-1] INFO  storage.RaftStorage (RaftStorage.java:format(84)) - Storage directory /workdir/hadoop-ozone/integration-test/target/test-dir/MiniOzoneClusterImpl-d25b9cda-a646-4d2e-96a4-4218688eca8d/datanode-2/data/ratis/952e269a-b9ed-42ff-9317-5751c3551726 has been successfully formatted.
2019-10-12 10:01:36,353 [pool-37-thread-1] INFO  ratis.ContainerStateMachine (ContainerStateMachine.java:loadSnapshot(231)) - group-5751C3551726: The snapshot info is null. Setting the last applied indexto:(t:0, i:~)
2019-10-12 10:01:36,353 [pool-27-thread-1] INFO  ratis.ContainerStateMachine (ContainerStateMachine.java:loadSnapshot(231)) - group-5751C3551726: The snapshot info is null. Setting the last applied indexto:(t:0, i:~)
2019-10-12 10:01:36,353 [pool-37-thread-1] INFO  server.RaftServerConfigKeys (ConfUtils.java:logGet(43)) - raft.server.notification.no-leader.timeout = 120s (custom)
2019-10-12 10:01:36,353 [pool-47-thread-1] INFO  ratis.ContainerStateMachine (ContainerStateMachine.java:loadSnapshot(231)) - group-5751C3551726: The snapshot info is null. Setting the last applied indexto:(t:0, i:~)
2019-10-12 10:01:36,353 [pool-37-thread-1] INFO  server.RaftServerConfigKeys (ConfUtils.java:logGet(43)) - raft.server.log.use.memory = false (default)
2019-10-12 10:01:36,353 [pool-27-thread-1] INFO  server.RaftServerConfigKeys (ConfUtils.java:logGet(43)) - raft.server.notification.no-leader.timeout = 120s (custom)
2019-10-12 10:01:36,354 [pool-37-thread-1] INFO  server.RaftServerConfigKeys (ConfUtils.java:logGet(43)) - raft.server.log.purge.gap = 1000000 (custom)
2019-10-12 10:01:36,354 [pool-47-thread-1] INFO  server.RaftServerConfigKeys (ConfUtils.java:logGet(43)) - raft.server.notification.no-leader.timeout = 120s (custom)
2019-10-12 10:01:36,354 [pool-37-thread-1] INFO  server.RaftServerConfigKeys (ConfUtils.java:logGet(43)) - raft.server.log.appender.buffer.byte-limit = 33554432 (custom)
2019-10-12 10:01:36,354 [pool-27-thread-1] INFO  server.RaftServerConfigKeys (ConfUtils.java:logGet(43)) - raft.server.log.use.memory = false (default)
2019-10-12 10:01:36,354 [pool-37-thread-1] INFO  server.RaftServerConfigKeys (ConfUtils.java:logGet(43)) - raft.server.log.segment.size.max = 1048576 (custom)
2019-10-12 10:01:36,354 [pool-47-thread-1] INFO  server.RaftServerConfigKeys (ConfUtils.java:logGet(43)) - raft.server.log.use.memory = false (default)
2019-10-12 10:01:36,355 [pool-37-thread-1] INFO  server.RaftServerConfigKeys (ConfUtils.java:logGet(43)) - raft.server.log.segment.cache.num.max = 2 (custom)
2019-10-12 10:01:36,355 [pool-27-thread-1] INFO  server.RaftServerConfigKeys (ConfUtils.java:logGet(43)) - raft.server.log.purge.gap = 1000000 (custom)
2019-10-12 10:01:36,355 [pool-37-thread-1] INFO  segmented.SegmentedRaftLogWorker (SegmentedRaftLogWorker.java:<init>(173)) - new bc74ff60-a8aa-4cd5-8308-aeae1f81ef17@group-5751C3551726-SegmentedRaftLogWorker for RaftStorage:Storage Directory /workdir/hadoop-ozone/integration-test/target/test-dir/MiniOzoneClusterImpl-d25b9cda-a646-4d2e-96a4-4218688eca8d/datanode-1/data/ratis/952e269a-b9ed-42ff-9317-5751c3551726
2019-10-12 10:01:36,355 [pool-47-thread-1] INFO  server.RaftServerConfigKeys (ConfUtils.java:logGet(43)) - raft.server.log.purge.gap = 1000000 (custom)
2019-10-12 10:01:36,355 [pool-37-thread-1] INFO  server.RaftServerConfigKeys (ConfUtils.java:logGet(43)) - raft.server.log.queue.byte-limit = 2147483647 (custom)
2019-10-12 10:01:36,355 [pool-27-thread-1] INFO  server.RaftServerConfigKeys (ConfUtils.java:logGet(43)) - raft.server.log.appender.buffer.byte-limit = 33554432 (custom)
2019-10-12 10:01:36,355 [pool-37-thread-1] INFO  server.RaftServerConfigKeys (ConfUtils.java:logGet(43)) - raft.server.log.queue.element-limit = 1024 (custom)
2019-10-12 10:01:36,355 [pool-47-thread-1] INFO  server.RaftServerConfigKeys (ConfUtils.java:logGet(43)) - raft.server.log.appender.buffer.byte-limit = 33554432 (custom)
2019-10-12 10:01:36,356 [pool-37-thread-1] INFO  server.RaftServerConfigKeys (ConfUtils.java:logGet(43)) - raft.server.log.segment.size.max = 1048576 (custom)
2019-10-12 10:01:36,356 [pool-27-thread-1] INFO  server.RaftServerConfigKeys (ConfUtils.java:logGet(43)) - raft.server.log.segment.size.max = 1048576 (custom)
2019-10-12 10:01:36,356 [pool-37-thread-1] INFO  server.RaftServerConfigKeys (ConfUtils.java:logGet(43)) - raft.server.log.preallocated.size = 16384 (custom)
2019-10-12 10:01:36,356 [pool-47-thread-1] INFO  server.RaftServerConfigKeys (ConfUtils.java:logGet(43)) - raft.server.log.segment.size.max = 1048576 (custom)
2019-10-12 10:01:36,356 [pool-37-thread-1] INFO  server.RaftServerConfigKeys (ConfUtils.java:logGet(43)) - raft.server.log.write.buffer.size = 33554432 (custom)
2019-10-12 10:01:36,356 [pool-27-thread-1] INFO  server.RaftServerConfigKeys (ConfUtils.java:logGet(43)) - raft.server.log.segment.cache.num.max = 2 (custom)
2019-10-12 10:01:36,356 [pool-37-thread-1] INFO  server.RaftServerConfigKeys (ConfUtils.java:logGet(43)) - raft.server.log.force.sync.num = 128 (default)
2019-10-12 10:01:36,356 [pool-47-thread-1] INFO  server.RaftServerConfigKeys (ConfUtils.java:logGet(43)) - raft.server.log.segment.cache.num.max = 2 (custom)
2019-10-12 10:01:36,357 [pool-37-thread-1] INFO  server.RaftServerConfigKeys (ConfUtils.java:logGet(43)) - raft.server.log.statemachine.data.sync = true (default)
2019-10-12 10:01:36,357 [pool-27-thread-1] INFO  segmented.SegmentedRaftLogWorker (SegmentedRaftLogWorker.java:<init>(173)) - new 7800d8eb-5bdd-41a4-b407-b29fbb3a298a@group-5751C3551726-SegmentedRaftLogWorker for RaftStorage:Storage Directory /workdir/hadoop-ozone/integration-test/target/test-dir/MiniOzoneClusterImpl-d25b9cda-a646-4d2e-96a4-4218688eca8d/datanode-0/data/ratis/952e269a-b9ed-42ff-9317-5751c3551726
2019-10-12 10:01:36,357 [pool-37-thread-1] INFO  server.RaftServerConfigKeys (ConfUtils.java:logGet(43)) - raft.server.log.statemachine.data.sync.timeout = 10s (default)
2019-10-12 10:01:36,357 [pool-47-thread-1] INFO  segmented.SegmentedRaftLogWorker (SegmentedRaftLogWorker.java:<init>(173)) - new 518b21fe-982e-45c3-bb95-bd086922df62@group-5751C3551726-SegmentedRaftLogWorker for RaftStorage:Storage Directory /workdir/hadoop-ozone/integration-test/target/test-dir/MiniOzoneClusterImpl-d25b9cda-a646-4d2e-96a4-4218688eca8d/datanode-2/data/ratis/952e269a-b9ed-42ff-9317-5751c3551726
2019-10-12 10:01:36,357 [pool-37-thread-1] INFO  server.RaftServerConfigKeys (ConfUtils.java:logGet(43)) - raft.server.log.statemachine.data.sync.timeout.retry = -1 (default)
2019-10-12 10:01:36,357 [pool-27-thread-1] INFO  server.RaftServerConfigKeys (ConfUtils.java:logGet(43)) - raft.server.log.queue.byte-limit = 2147483647 (custom)
2019-10-12 10:01:36,358 [pool-37-thread-1] INFO  server.RaftServerConfigKeys (ConfUtils.java:logGet(43)) - raft.server.log.statemachine.data.caching.enabled = true (custom)
2019-10-12 10:01:36,357 [pool-47-thread-1] INFO  server.RaftServerConfigKeys (ConfUtils.java:logGet(43)) - raft.server.log.queue.byte-limit = 2147483647 (custom)
2019-10-12 10:01:36,358 [pool-27-thread-1] INFO  server.RaftServerConfigKeys (ConfUtils.java:logGet(43)) - raft.server.log.queue.element-limit = 1024 (custom)
2019-10-12 10:01:36,358 [pool-47-thread-1] INFO  server.RaftServerConfigKeys (ConfUtils.java:logGet(43)) - raft.server.log.queue.element-limit = 1024 (custom)
2019-10-12 10:01:36,358 [pool-37-thread-1] INFO  segmented.SegmentedRaftLogWorker (SegmentedRaftLogWorker.java:lambda$new$0(128)) - bc74ff60-a8aa-4cd5-8308-aeae1f81ef17@group-5751C3551726-SegmentedRaftLogWorker: flushIndex: setUnconditionally 0 -> -1
2019-10-12 10:01:36,358 [pool-47-thread-1] INFO  server.RaftServerConfigKeys (ConfUtils.java:logGet(43)) - raft.server.log.segment.size.max = 1048576 (custom)
2019-10-12 10:01:36,358 [pool-27-thread-1] INFO  server.RaftServerConfigKeys (ConfUtils.java:logGet(43)) - raft.server.log.segment.size.max = 1048576 (custom)
2019-10-12 10:01:36,359 [pool-47-thread-1] INFO  server.RaftServerConfigKeys (ConfUtils.java:logGet(43)) - raft.server.log.preallocated.size = 16384 (custom)
2019-10-12 10:01:36,359 [pool-37-thread-1] INFO  server.RaftServerConfigKeys (ConfUtils.java:logGet(43)) - raft.server.snapshot.auto.trigger.enabled = true (custom)
2019-10-12 10:01:36,359 [pool-47-thread-1] INFO  server.RaftServerConfigKeys (ConfUtils.java:logGet(43)) - raft.server.log.write.buffer.size = 33554432 (custom)
2019-10-12 10:01:36,359 [pool-27-thread-1] INFO  server.RaftServerConfigKeys (ConfUtils.java:logGet(43)) - raft.server.log.preallocated.size = 16384 (custom)
2019-10-12 10:01:36,359 [pool-47-thread-1] INFO  server.RaftServerConfigKeys (ConfUtils.java:logGet(43)) - raft.server.log.force.sync.num = 128 (default)
2019-10-12 10:01:36,359 [pool-37-thread-1] INFO  server.RaftServerConfigKeys (ConfUtils.java:logGet(43)) - raft.server.snapshot.auto.trigger.threshold = 10000 (custom)
2019-10-12 10:01:36,360 [pool-47-thread-1] INFO  server.RaftServerConfigKeys (ConfUtils.java:logGet(43)) - raft.server.log.statemachine.data.sync = true (default)
2019-10-12 10:01:36,359 [pool-27-thread-1] INFO  server.RaftServerConfigKeys (ConfUtils.java:logGet(43)) - raft.server.log.write.buffer.size = 33554432 (custom)
2019-10-12 10:01:36,360 [pool-47-thread-1] INFO  server.RaftServerConfigKeys (ConfUtils.java:logGet(43)) - raft.server.log.statemachine.data.sync.timeout = 10s (default)
2019-10-12 10:01:36,360 [pool-37-thread-1] INFO  server.RaftServerConfigKeys (ConfUtils.java:logGet(43)) - raft.server.snapshot.retention.file.num = 5 (custom)
2019-10-12 10:01:36,360 [pool-47-thread-1] INFO  server.RaftServerConfigKeys (ConfUtils.java:logGet(43)) - raft.server.log.statemachine.data.sync.timeout.retry = -1 (default)
2019-10-12 10:01:36,360 [pool-27-thread-1] INFO  server.RaftServerConfigKeys (ConfUtils.java:logGet(43)) - raft.server.log.force.sync.num = 128 (default)
2019-10-12 10:01:36,360 [pool-47-thread-1] INFO  server.RaftServerConfigKeys (ConfUtils.java:logGet(43)) - raft.server.log.statemachine.data.caching.enabled = true (custom)
2019-10-12 10:01:36,360 [pool-37-thread-1] INFO  server.RaftServerConfigKeys (ConfUtils.java:logGet(43)) - raft.server.retrycache.expirytime = 600000ms (custom)
2019-10-12 10:01:36,361 [pool-27-thread-1] INFO  server.RaftServerConfigKeys (ConfUtils.java:logGet(43)) - raft.server.log.statemachine.data.sync = true (default)
2019-10-12 10:01:36,361 [pool-47-thread-1] INFO  segmented.SegmentedRaftLogWorker (SegmentedRaftLogWorker.java:lambda$new$0(128)) - 518b21fe-982e-45c3-bb95-bd086922df62@group-5751C3551726-SegmentedRaftLogWorker: flushIndex: setUnconditionally 0 -> -1
2019-10-12 10:01:36,361 [pool-27-thread-1] INFO  server.RaftServerConfigKeys (ConfUtils.java:logGet(43)) - raft.server.log.statemachine.data.sync.timeout = 10s (default)
2019-10-12 10:01:36,361 [pool-47-thread-1] INFO  server.RaftServerConfigKeys (ConfUtils.java:logGet(43)) - raft.server.snapshot.auto.trigger.enabled = true (custom)
2019-10-12 10:01:36,361 [pool-27-thread-1] INFO  server.RaftServerConfigKeys (ConfUtils.java:logGet(43)) - raft.server.log.statemachine.data.sync.timeout.retry = -1 (default)
2019-10-12 10:01:36,362 [pool-47-thread-1] INFO  server.RaftServerConfigKeys (ConfUtils.java:logGet(43)) - raft.server.snapshot.auto.trigger.threshold = 10000 (custom)
2019-10-12 10:01:36,362 [pool-27-thread-1] INFO  server.RaftServerConfigKeys (ConfUtils.java:logGet(43)) - raft.server.log.statemachine.data.caching.enabled = true (custom)
2019-10-12 10:01:36,362 [pool-47-thread-1] INFO  server.RaftServerConfigKeys (ConfUtils.java:logGet(43)) - raft.server.snapshot.retention.file.num = 5 (custom)
2019-10-12 10:01:36,362 [pool-47-thread-1] INFO  server.RaftServerConfigKeys (ConfUtils.java:logGet(43)) - raft.server.retrycache.expirytime = 600000ms (custom)
2019-10-12 10:01:36,362 [pool-27-thread-1] INFO  segmented.SegmentedRaftLogWorker (SegmentedRaftLogWorker.java:lambda$new$0(128)) - 7800d8eb-5bdd-41a4-b407-b29fbb3a298a@group-5751C3551726-SegmentedRaftLogWorker: flushIndex: setUnconditionally 0 -> -1
2019-10-12 10:01:36,363 [pool-27-thread-1] INFO  server.RaftServerConfigKeys (ConfUtils.java:logGet(43)) - raft.server.snapshot.auto.trigger.enabled = true (custom)
2019-10-12 10:01:36,363 [pool-27-thread-1] INFO  server.RaftServerConfigKeys (ConfUtils.java:logGet(43)) - raft.server.snapshot.auto.trigger.threshold = 10000 (custom)
2019-10-12 10:01:36,363 [pool-27-thread-1] INFO  server.RaftServerConfigKeys (ConfUtils.java:logGet(43)) - raft.server.snapshot.retention.file.num = 5 (custom)
2019-10-12 10:01:36,363 [pool-27-thread-1] INFO  server.RaftServerConfigKeys (ConfUtils.java:logGet(43)) - raft.server.retrycache.expirytime = 600000ms (custom)
2019-10-12 10:01:36,365 [pool-37-thread-1] INFO  impl.RaftServerImpl (RaftServerImpl.java:start(181)) - bc74ff60-a8aa-4cd5-8308-aeae1f81ef17@group-5751C3551726: start as a follower, conf=-1: [518b21fe-982e-45c3-bb95-bd086922df62:192.168.5.134:43503, 7800d8eb-5bdd-41a4-b407-b29fbb3a298a:192.168.5.134:37562, bc74ff60-a8aa-4cd5-8308-aeae1f81ef17:192.168.5.134:37192], old=null
2019-10-12 10:01:36,365 [pool-37-thread-1] INFO  impl.RaftServerImpl (RaftServerImpl.java:setRole(170)) - bc74ff60-a8aa-4cd5-8308-aeae1f81ef17@group-5751C3551726: changes role from      null to FOLLOWER at term 0 for startAsFollower
2019-10-12 10:01:36,365 [pool-37-thread-1] INFO  impl.RoleInfo (RoleInfo.java:updateAndGet(143)) - bc74ff60-a8aa-4cd5-8308-aeae1f81ef17: start FollowerState
2019-10-12 10:01:36,365 [pool-37-thread-1] INFO  util.JmxRegister (JmxRegister.java:tryRegister(44)) - Successfully registered JMX Bean with object name Ratis:service=RaftServer,group=group-5751C3551726,id=bc74ff60-a8aa-4cd5-8308-aeae1f81ef17
2019-10-12 10:01:36,367 [pool-47-thread-1] INFO  impl.RaftServerImpl (RaftServerImpl.java:start(181)) - 518b21fe-982e-45c3-bb95-bd086922df62@group-5751C3551726: start as a follower, conf=-1: [518b21fe-982e-45c3-bb95-bd086922df62:192.168.5.134:43503, 7800d8eb-5bdd-41a4-b407-b29fbb3a298a:192.168.5.134:37562, bc74ff60-a8aa-4cd5-8308-aeae1f81ef17:192.168.5.134:37192], old=null
2019-10-12 10:01:36,367 [pool-47-thread-1] INFO  impl.RaftServerImpl (RaftServerImpl.java:setRole(170)) - 518b21fe-982e-45c3-bb95-bd086922df62@group-5751C3551726: changes role from      null to FOLLOWER at term 0 for startAsFollower
2019-10-12 10:01:36,367 [pool-47-thread-1] INFO  impl.RoleInfo (RoleInfo.java:updateAndGet(143)) - 518b21fe-982e-45c3-bb95-bd086922df62: start FollowerState
2019-10-12 10:01:36,368 [pool-47-thread-1] INFO  util.JmxRegister (JmxRegister.java:tryRegister(44)) - Successfully registered JMX Bean with object name Ratis:service=RaftServer,group=group-5751C3551726,id=518b21fe-982e-45c3-bb95-bd086922df62
2019-10-12 10:01:36,369 [pool-27-thread-1] INFO  impl.RaftServerImpl (RaftServerImpl.java:start(181)) - 7800d8eb-5bdd-41a4-b407-b29fbb3a298a@group-5751C3551726: start as a follower, conf=-1: [518b21fe-982e-45c3-bb95-bd086922df62:192.168.5.134:43503, 7800d8eb-5bdd-41a4-b407-b29fbb3a298a:192.168.5.134:37562, bc74ff60-a8aa-4cd5-8308-aeae1f81ef17:192.168.5.134:37192], old=null
2019-10-12 10:01:36,369 [pool-27-thread-1] INFO  impl.RaftServerImpl (RaftServerImpl.java:setRole(170)) - 7800d8eb-5bdd-41a4-b407-b29fbb3a298a@group-5751C3551726: changes role from      null to FOLLOWER at term 0 for startAsFollower
2019-10-12 10:01:36,369 [pool-27-thread-1] INFO  impl.RoleInfo (RoleInfo.java:updateAndGet(143)) - 7800d8eb-5bdd-41a4-b407-b29fbb3a298a: start FollowerState
2019-10-12 10:01:36,370 [pool-27-thread-1] INFO  util.JmxRegister (JmxRegister.java:tryRegister(44)) - Successfully registered JMX Bean with object name Ratis:service=RaftServer,group=group-5751C3551726,id=7800d8eb-5bdd-41a4-b407-b29fbb3a298a
2019-10-12 10:01:36,370 [Command processor thread] INFO  commandhandler.CreatePipelineCommandHandler (CreatePipelineCommandHandler.java:handle(86)) - Create Pipeline RATIS THREE #id: "952e269a-b9ed-42ff-9317-5751c3551726"
 command succeed on datanode bc74ff60-a8aa-4cd5-8308-aeae1f81ef17.
2019-10-12 10:01:36,374 [EventQueue-PipelineReportForPipelineReportHandler] INFO  pipeline.PipelineReportHandler (PipelineReportHandler.java:processPipelineReport(104)) - Pipeline THREE PipelineID=952e269a-b9ed-42ff-9317-5751c3551726 reported by bc74ff60-a8aa-4cd5-8308-aeae1f81ef17{ip: 192.168.5.134, host: pr-hdds-2034-qjlc4-3656631144, networkLocation: /default-rack, certSerialId: null}
2019-10-12 10:01:36,374 [Command processor thread] INFO  commandhandler.CreatePipelineCommandHandler (CreatePipelineCommandHandler.java:handle(86)) - Create Pipeline RATIS THREE #id: "952e269a-b9ed-42ff-9317-5751c3551726"
 command succeed on datanode 518b21fe-982e-45c3-bb95-bd086922df62.
2019-10-12 10:01:36,377 [Command processor thread] INFO  commandhandler.CreatePipelineCommandHandler (CreatePipelineCommandHandler.java:handle(86)) - Create Pipeline RATIS THREE #id: "952e269a-b9ed-42ff-9317-5751c3551726"
 command succeed on datanode 7800d8eb-5bdd-41a4-b407-b29fbb3a298a.
2019-10-12 10:01:36,377 [EventQueue-PipelineReportForPipelineReportHandler] INFO  pipeline.PipelineReportHandler (PipelineReportHandler.java:processPipelineReport(104)) - Pipeline THREE PipelineID=952e269a-b9ed-42ff-9317-5751c3551726 reported by 518b21fe-982e-45c3-bb95-bd086922df62{ip: 192.168.5.134, host: pr-hdds-2034-qjlc4-3656631144, networkLocation: /default-rack, certSerialId: null}
2019-10-12 10:01:36,379 [EventQueue-PipelineReportForPipelineReportHandler] INFO  pipeline.PipelineReportHandler (PipelineReportHandler.java:processPipelineReport(104)) - Pipeline THREE PipelineID=952e269a-b9ed-42ff-9317-5751c3551726 reported by 7800d8eb-5bdd-41a4-b407-b29fbb3a298a{ip: 192.168.5.134, host: pr-hdds-2034-qjlc4-3656631144, networkLocation: /default-rack, certSerialId: null}
2019-10-12 10:01:36,380 [EventQueue-PipelineReportForPipelineReportHandler] INFO  pipeline.PipelineStateManager (PipelineStateManager.java:openPipeline(134)) - Pipeline Pipeline[ Id: 952e269a-b9ed-42ff-9317-5751c3551726, Nodes: 518b21fe-982e-45c3-bb95-bd086922df62{ip: 192.168.5.134, host: pr-hdds-2034-qjlc4-3656631144, networkLocation: /default-rack, certSerialId: null}7800d8eb-5bdd-41a4-b407-b29fbb3a298a{ip: 192.168.5.134, host: pr-hdds-2034-qjlc4-3656631144, networkLocation: /default-rack, certSerialId: null}bc74ff60-a8aa-4cd5-8308-aeae1f81ef17{ip: 192.168.5.134, host: pr-hdds-2034-qjlc4-3656631144, networkLocation: /default-rack, certSerialId: null}, Type:RATIS, Factor:THREE, State:ALLOCATED] moved to OPEN state
2019-10-12 10:01:37,102 [main] INFO  ozone.MiniOzoneClusterImpl (MiniOzoneClusterImpl.java:lambda$waitForClusterToBeReady$0(149)) - Nodes are ready. Got 3 of 3 DN Heartbeats.
2019-10-12 10:01:37,103 [main] INFO  ozone.MiniOzoneClusterImpl (MiniOzoneClusterImpl.java:lambda$waitForClusterToBeReady$0(152)) - Waiting for cluster to exit safe mode
2019-10-12 10:01:38,103 [main] INFO  ozone.MiniOzoneClusterImpl (MiniOzoneClusterImpl.java:lambda$waitForClusterToBeReady$0(149)) - Nodes are ready. Got 3 of 3 DN Heartbeats.
2019-10-12 10:01:38,104 [main] INFO  ozone.MiniOzoneClusterImpl (MiniOzoneClusterImpl.java:lambda$waitForClusterToBeReady$0(152)) - Waiting for cluster to exit safe mode
2019-10-12 10:01:39,104 [main] INFO  ozone.MiniOzoneClusterImpl (MiniOzoneClusterImpl.java:lambda$waitForClusterToBeReady$0(149)) - Nodes are ready. Got 3 of 3 DN Heartbeats.
2019-10-12 10:01:39,105 [main] INFO  ozone.MiniOzoneClusterImpl (MiniOzoneClusterImpl.java:lambda$waitForClusterToBeReady$0(152)) - Waiting for cluster to exit safe mode
2019-10-12 10:01:39,345 [EventQueue-OpenPipelineForOneReplicaPipelineSafeModeRule] INFO  safemode.SCMSafeModeManager (SCMSafeModeManager.java:exitSafeMode(211)) - SCM exiting safe mode.
2019-10-12 10:01:39,347 [EventQueue-OpenPipelineForHealthyPipelineSafeModeRule] INFO  safemode.SCMSafeModeManager (SCMSafeModeManager.java:validateSafeModeExitRules(174)) - HealthyPipelineSafeModeRule rule is successfully validated
2019-10-12 10:01:39,348 [EventQueue-OpenPipelineForHealthyPipelineSafeModeRule] INFO  safemode.SCMSafeModeManager (SCMSafeModeManager.java:validateSafeModeExitRules(183)) - ScmSafeModeManager, all rules are successfully validated
2019-10-12 10:01:40,105 [main] INFO  ozone.MiniOzoneClusterImpl (MiniOzoneClusterImpl.java:lambda$waitForClusterToBeReady$0(149)) - Nodes are ready. Got 3 of 3 DN Heartbeats.
2019-10-12 10:01:40,106 [main] INFO  ozone.MiniOzoneClusterImpl (MiniOzoneClusterImpl.java:lambda$waitForClusterToBeReady$0(152)) - Cluster exits safe mode
2019-10-12 10:01:40,106 [main] INFO  ozone.MiniOzoneClusterImpl (MiniOzoneClusterImpl.java:getStorageContainerLocationClient(239)) - Creating StorageContainerLocationProtocol RPC client with address /0.0.0.0:40022
2019-10-12 10:01:40,228 [IPC Server handler 2 on 40022] INFO  pipeline.PipelineStateManager (PipelineStateManager.java:addPipeline(56)) - Created pipeline Pipeline[ Id: b451daff-91df-467a-933b-2c4f0c284f5e, Nodes: bc74ff60-a8aa-4cd5-8308-aeae1f81ef17{ip: 192.168.5.134, host: pr-hdds-2034-qjlc4-3656631144, networkLocation: /default-rack, certSerialId: null}, Type:STAND_ALONE, Factor:ONE, State:OPEN]
2019-10-12 10:01:40,257 [main] INFO  impl.MetricsSystemImpl (MetricsSystemImpl.java:init(158)) - XceiverClientMetrics metrics system started (again)
2019-10-12 10:01:40,267 [main] INFO  ozone.MiniOzoneClusterImpl (MiniOzoneClusterImpl.java:shutdown(319)) - Shutting down the Mini Ozone Cluster
2019-10-12 10:01:40,267 [main] INFO  ozone.MiniOzoneClusterImpl (MiniOzoneClusterImpl.java:stop(335)) - Stopping the Mini Ozone Cluster
2019-10-12 10:01:40,268 [main] INFO  ozone.MiniOzoneClusterImpl (MiniOzoneClusterImpl.java:stopOM(405)) - Stopping the OzoneManager
2019-10-12 10:01:40,268 [main] INFO  ipc.Server (Server.java:stop(3082)) - Stopping server on 42489
2019-10-12 10:01:40,283 [IPC Server listener on 42489] INFO  ipc.Server (Server.java:run(1185)) - Stopping IPC Server listener on 42489
2019-10-12 10:01:40,287 [main] INFO  ratis.OzoneManagerDoubleBuffer (OzoneManagerDoubleBuffer.java:stop(250)) - Stopping OMDoubleBuffer flush thread
2019-10-12 10:01:40,287 [IPC Server Responder] INFO  ipc.Server (Server.java:run(1319)) - Stopping IPC Server Responder
2019-10-12 10:01:40,298 [OMDoubleBufferFlushThread] INFO  ratis.OzoneManagerDoubleBuffer (OzoneManagerDoubleBuffer.java:flushTransactions(193)) - OMDoubleBuffer flush thread OMDoubleBufferFlushThread is interrupted and will exit. OMDoubleBufferFlushThread
2019-10-12 10:01:40,300 [main] INFO  utils.BackgroundService (BackgroundService.java:shutdown(151)) - Shutting down service KeyDeletingService
2019-10-12 10:01:40,316 [main] INFO  handler.ContextHandler (ContextHandler.java:doStop(910)) - Stopped o.e.j.w.WebAppContext@393881f0{/,null,UNAVAILABLE}{/ozoneManager}
2019-10-12 10:01:40,323 [main] INFO  server.AbstractConnector (AbstractConnector.java:doStop(318)) - Stopped ServerConnector@4af46df3{HTTP/1.1,[http/1.1]}{0.0.0.0:0}
2019-10-12 10:01:40,324 [main] INFO  handler.ContextHandler (ContextHandler.java:doStop(910)) - Stopped o.e.j.s.ServletContextHandler@49aa766b{/static,file:///workdir/hadoop-ozone/integration-test/target/test-classes/webapps/static,UNAVAILABLE}
2019-10-12 10:01:40,325 [main] INFO  handler.ContextHandler (ContextHandler.java:doStop(910)) - Stopped o.e.j.s.ServletContextHandler@3adbe50f{/logs,file:///workdir/hadoop-ozone/integration-test/target/log,UNAVAILABLE}
2019-10-12 10:01:40,331 [main] INFO  ozone.MiniOzoneClusterImpl (MiniOzoneClusterImpl.java:stopDatanodes(382)) - Stopping the HddsDatanodes
2019-10-12 10:01:40,372 [Datanode State Machine Thread - 0] INFO  statemachine.DatanodeStateMachine (DatanodeStateMachine.java:lambda$startDaemon$0(356)) - Ozone container server started.
2019-10-12 10:01:40,380 [Datanode State Machine Thread - 0] INFO  statemachine.DatanodeStateMachine (DatanodeStateMachine.java:lambda$startDaemon$0(356)) - Ozone container server started.
2019-10-12 10:01:41,350 [Thread-182] INFO  impl.FollowerState (FollowerState.java:run(108)) - 7800d8eb-5bdd-41a4-b407-b29fbb3a298a@group-9569D5444E27-FollowerState: change to CANDIDATE, lastRpcTime:5074ms, electionTimeout:5072ms
2019-10-12 10:01:41,353 [Thread-182] INFO  impl.RoleInfo (RoleInfo.java:shutdownFollowerState(121)) - 7800d8eb-5bdd-41a4-b407-b29fbb3a298a: shutdown FollowerState
2019-10-12 10:01:41,353 [Thread-182] INFO  impl.RaftServerImpl (RaftServerImpl.java:setRole(170)) - 7800d8eb-5bdd-41a4-b407-b29fbb3a298a@group-9569D5444E27: changes role from  FOLLOWER to CANDIDATE at term 0 for changeToCandidate
2019-10-12 10:01:41,357 [Thread-182] INFO  impl.RoleInfo (RoleInfo.java:updateAndGet(143)) - 7800d8eb-5bdd-41a4-b407-b29fbb3a298a: start LeaderElection
2019-10-12 10:01:41,362 [Thread-181] INFO  impl.FollowerState (FollowerState.java:run(108)) - 518b21fe-982e-45c3-bb95-bd086922df62@group-498A0D6B9843-FollowerState: change to CANDIDATE, lastRpcTime:5086ms, electionTimeout:5084ms
2019-10-12 10:01:41,364 [Thread-181] INFO  impl.RoleInfo (RoleInfo.java:shutdownFollowerState(121)) - 518b21fe-982e-45c3-bb95-bd086922df62: shutdown FollowerState
2019-10-12 10:01:41,364 [Thread-181] INFO  impl.RaftServerImpl (RaftServerImpl.java:setRole(170)) - 518b21fe-982e-45c3-bb95-bd086922df62@group-498A0D6B9843: changes role from  FOLLOWER to CANDIDATE at term 0 for changeToCandidate
2019-10-12 10:01:41,364 [Thread-181] INFO  impl.RoleInfo (RoleInfo.java:updateAndGet(143)) - 518b21fe-982e-45c3-bb95-bd086922df62: start LeaderElection
2019-10-12 10:01:41,377 [518b21fe-982e-45c3-bb95-bd086922df62@group-498A0D6B9843-LeaderElection2] INFO  impl.LeaderElection (LeaderElection.java:askForVotes(178)) - 518b21fe-982e-45c3-bb95-bd086922df62@group-498A0D6B9843-LeaderElection2: begin an election at term 1 for -1: [518b21fe-982e-45c3-bb95-bd086922df62:192.168.5.134:43503], old=null
2019-10-12 10:01:41,377 [7800d8eb-5bdd-41a4-b407-b29fbb3a298a@group-9569D5444E27-LeaderElection1] INFO  impl.LeaderElection (LeaderElection.java:askForVotes(178)) - 7800d8eb-5bdd-41a4-b407-b29fbb3a298a@group-9569D5444E27-LeaderElection1: begin an election at term 1 for -1: [7800d8eb-5bdd-41a4-b407-b29fbb3a298a:192.168.5.134:37562], old=null
2019-10-12 10:01:41,383 [518b21fe-982e-45c3-bb95-bd086922df62@group-498A0D6B9843-LeaderElection2] INFO  impl.RoleInfo (RoleInfo.java:shutdownLeaderElection(134)) - 518b21fe-982e-45c3-bb95-bd086922df62: shutdown LeaderElection
2019-10-12 10:01:41,383 [7800d8eb-5bdd-41a4-b407-b29fbb3a298a@group-9569D5444E27-LeaderElection1] INFO  impl.RoleInfo (RoleInfo.java:shutdownLeaderElection(134)) - 7800d8eb-5bdd-41a4-b407-b29fbb3a298a: shutdown LeaderElection
2019-10-12 10:01:41,384 [518b21fe-982e-45c3-bb95-bd086922df62@group-498A0D6B9843-LeaderElection2] INFO  impl.RaftServerImpl (RaftServerImpl.java:setRole(170)) - 518b21fe-982e-45c3-bb95-bd086922df62@group-498A0D6B9843: changes role from CANDIDATE to LEADER at term 1 for changeToLeader
2019-10-12 10:01:41,384 [7800d8eb-5bdd-41a4-b407-b29fbb3a298a@group-9569D5444E27-LeaderElection1] INFO  impl.RaftServerImpl (RaftServerImpl.java:setRole(170)) - 7800d8eb-5bdd-41a4-b407-b29fbb3a298a@group-9569D5444E27: changes role from CANDIDATE to LEADER at term 1 for changeToLeader
2019-10-12 10:01:41,384 [518b21fe-982e-45c3-bb95-bd086922df62@group-498A0D6B9843-LeaderElection2] INFO  impl.RaftServerImpl (ServerState.java:setLeader(255)) - 518b21fe-982e-45c3-bb95-bd086922df62@group-498A0D6B9843: change Leader from null to 518b21fe-982e-45c3-bb95-bd086922df62 at term 1 for becomeLeader, leader elected after 5240ms
2019-10-12 10:01:41,385 [7800d8eb-5bdd-41a4-b407-b29fbb3a298a@group-9569D5444E27-LeaderElection1] INFO  impl.RaftServerImpl (ServerState.java:setLeader(255)) - 7800d8eb-5bdd-41a4-b407-b29fbb3a298a@group-9569D5444E27: change Leader from null to 7800d8eb-5bdd-41a4-b407-b29fbb3a298a at term 1 for becomeLeader, leader elected after 5380ms
2019-10-12 10:01:41,391 [518b21fe-982e-45c3-bb95-bd086922df62@group-498A0D6B9843-LeaderElection2] INFO  server.RaftServerConfigKeys (ConfUtils.java:logGet(43)) - raft.server.staging.catchup.gap = 1000 (default)
2019-10-12 10:01:41,391 [7800d8eb-5bdd-41a4-b407-b29fbb3a298a@group-9569D5444E27-LeaderElection1] INFO  server.RaftServerConfigKeys (ConfUtils.java:logGet(43)) - raft.server.staging.catchup.gap = 1000 (default)
2019-10-12 10:01:41,392 [518b21fe-982e-45c3-bb95-bd086922df62@group-498A0D6B9843-LeaderElection2] INFO  server.RaftServerConfigKeys (ConfUtils.java:logGet(43)) - raft.server.rpc.sleep.time = 25ms (default)
2019-10-12 10:01:41,392 [7800d8eb-5bdd-41a4-b407-b29fbb3a298a@group-9569D5444E27-LeaderElection1] INFO  server.RaftServerConfigKeys (ConfUtils.java:logGet(43)) - raft.server.rpc.sleep.time = 25ms (default)
2019-10-12 10:01:41,396 [518b21fe-982e-45c3-bb95-bd086922df62@group-498A0D6B9843-LeaderElection2] INFO  server.RaftServerConfigKeys (ConfUtils.java:logGet(43)) - raft.server.write.element-limit = 4096 (default)
2019-10-12 10:01:41,396 [7800d8eb-5bdd-41a4-b407-b29fbb3a298a@group-9569D5444E27-LeaderElection1] INFO  server.RaftServerConfigKeys (ConfUtils.java:logGet(43)) - raft.server.write.element-limit = 4096 (default)
2019-10-12 10:01:41,401 [518b21fe-982e-45c3-bb95-bd086922df62@group-498A0D6B9843-LeaderElection2] INFO  server.RaftServerConfigKeys (ConfUtils.java:logGet(43)) - raft.server.watch.timeout = 10s (default)
2019-10-12 10:01:41,401 [7800d8eb-5bdd-41a4-b407-b29fbb3a298a@group-9569D5444E27-LeaderElection1] INFO  server.RaftServerConfigKeys (ConfUtils.java:logGet(43)) - raft.server.watch.timeout = 10s (default)
2019-10-12 10:01:41,401 [518b21fe-982e-45c3-bb95-bd086922df62@group-498A0D6B9843-LeaderElection2] INFO  server.RaftServerConfigKeys (ConfUtils.java:logGet(43)) - raft.server.watch.timeout.denomination = 1s (default)
2019-10-12 10:01:41,401 [7800d8eb-5bdd-41a4-b407-b29fbb3a298a@group-9569D5444E27-LeaderElection1] INFO  server.RaftServerConfigKeys (ConfUtils.java:logGet(43)) - raft.server.watch.timeout.denomination = 1s (default)
2019-10-12 10:01:41,402 [518b21fe-982e-45c3-bb95-bd086922df62@group-498A0D6B9843-LeaderElection2] INFO  server.RaftServerConfigKeys (ConfUtils.java:logGet(43)) - raft.server.watch.element-limit = 65536 (default)
2019-10-12 10:01:41,402 [7800d8eb-5bdd-41a4-b407-b29fbb3a298a@group-9569D5444E27-LeaderElection1] INFO  server.RaftServerConfigKeys (ConfUtils.java:logGet(43)) - raft.server.watch.element-limit = 65536 (default)
2019-10-12 10:01:41,419 [518b21fe-982e-45c3-bb95-bd086922df62@group-498A0D6B9843-LeaderElection2] INFO  impl.RoleInfo (RoleInfo.java:updateAndGet(143)) - 518b21fe-982e-45c3-bb95-bd086922df62: start LeaderState
2019-10-12 10:01:41,419 [7800d8eb-5bdd-41a4-b407-b29fbb3a298a@group-9569D5444E27-LeaderElection1] INFO  impl.RoleInfo (RoleInfo.java:updateAndGet(143)) - 7800d8eb-5bdd-41a4-b407-b29fbb3a298a: start LeaderState
2019-10-12 10:01:41,439 [Thread-190] INFO  impl.FollowerState (FollowerState.java:run(108)) - 518b21fe-982e-45c3-bb95-bd086922df62@group-5751C3551726-FollowerState: change to CANDIDATE, lastRpcTime:5071ms, electionTimeout:5071ms
2019-10-12 10:01:41,439 [Thread-190] INFO  impl.RoleInfo (RoleInfo.java:shutdownFollowerState(121)) - 518b21fe-982e-45c3-bb95-bd086922df62: shutdown FollowerState
2019-10-12 10:01:41,440 [Thread-190] INFO  impl.RaftServerImpl (RaftServerImpl.java:setRole(170)) - 518b21fe-982e-45c3-bb95-bd086922df62@group-5751C3551726: changes role from  FOLLOWER to CANDIDATE at term 0 for changeToCandidate
2019-10-12 10:01:41,440 [Thread-190] INFO  impl.RoleInfo (RoleInfo.java:updateAndGet(143)) - 518b21fe-982e-45c3-bb95-bd086922df62: start LeaderElection
2019-10-12 10:01:41,445 [518b21fe-982e-45c3-bb95-bd086922df62@group-498A0D6B9843-LeaderElection2] INFO  segmented.SegmentedRaftLogWorker (SegmentedRaftLogWorker.java:startLogSegment(385)) - 518b21fe-982e-45c3-bb95-bd086922df62@group-498A0D6B9843-SegmentedRaftLogWorker: Starting segment from index:0
2019-10-12 10:01:41,445 [7800d8eb-5bdd-41a4-b407-b29fbb3a298a@group-9569D5444E27-LeaderElection1] INFO  segmented.SegmentedRaftLogWorker (SegmentedRaftLogWorker.java:startLogSegment(385)) - 7800d8eb-5bdd-41a4-b407-b29fbb3a298a@group-9569D5444E27-SegmentedRaftLogWorker: Starting segment from index:0
2019-10-12 10:01:41,451 [Thread-183] INFO  impl.FollowerState (FollowerState.java:run(108)) - bc74ff60-a8aa-4cd5-8308-aeae1f81ef17@group-AC69667B6433-FollowerState: change to CANDIDATE, lastRpcTime:5175ms, electionTimeout:5173ms
2019-10-12 10:01:41,451 [Thread-183] INFO  impl.RoleInfo (RoleInfo.java:shutdownFollowerState(121)) - bc74ff60-a8aa-4cd5-8308-aeae1f81ef17: shutdown FollowerState
2019-10-12 10:01:41,451 [Thread-183] INFO  impl.RaftServerImpl (RaftServerImpl.java:setRole(170)) - bc74ff60-a8aa-4cd5-8308-aeae1f81ef17@group-AC69667B6433: changes role from  FOLLOWER to CANDIDATE at term 0 for changeToCandidate
2019-10-12 10:01:41,451 [Thread-183] INFO  impl.RoleInfo (RoleInfo.java:updateAndGet(143)) - bc74ff60-a8aa-4cd5-8308-aeae1f81ef17: start LeaderElection
2019-10-12 10:01:41,457 [bc74ff60-a8aa-4cd5-8308-aeae1f81ef17@group-AC69667B6433-LeaderElection4] INFO  impl.LeaderElection (LeaderElection.java:askForVotes(178)) - bc74ff60-a8aa-4cd5-8308-aeae1f81ef17@group-AC69667B6433-LeaderElection4: begin an election at term 1 for -1: [bc74ff60-a8aa-4cd5-8308-aeae1f81ef17:192.168.5.134:37192], old=null
2019-10-12 10:01:41,457 [518b21fe-982e-45c3-bb95-bd086922df62@group-5751C3551726-LeaderElection3] INFO  impl.LeaderElection (LeaderElection.java:askForVotes(178)) - 518b21fe-982e-45c3-bb95-bd086922df62@group-5751C3551726-LeaderElection3: begin an election at term 1 for -1: [518b21fe-982e-45c3-bb95-bd086922df62:192.168.5.134:43503, 7800d8eb-5bdd-41a4-b407-b29fbb3a298a:192.168.5.134:37562, bc74ff60-a8aa-4cd5-8308-aeae1f81ef17:192.168.5.134:37192], old=null
2019-10-12 10:01:41,457 [bc74ff60-a8aa-4cd5-8308-aeae1f81ef17@group-AC69667B6433-LeaderElection4] INFO  impl.RoleInfo (RoleInfo.java:shutdownLeaderElection(134)) - bc74ff60-a8aa-4cd5-8308-aeae1f81ef17: shutdown LeaderElection
2019-10-12 10:01:41,457 [bc74ff60-a8aa-4cd5-8308-aeae1f81ef17@group-AC69667B6433-LeaderElection4] INFO  impl.RaftServerImpl (RaftServerImpl.java:setRole(170)) - bc74ff60-a8aa-4cd5-8308-aeae1f81ef17@group-AC69667B6433: changes role from CANDIDATE to LEADER at term 1 for changeToLeader
2019-10-12 10:01:41,458 [bc74ff60-a8aa-4cd5-8308-aeae1f81ef17@group-AC69667B6433-LeaderElection4] INFO  impl.RaftServerImpl (ServerState.java:setLeader(255)) - bc74ff60-a8aa-4cd5-8308-aeae1f81ef17@group-AC69667B6433: change Leader from null to bc74ff60-a8aa-4cd5-8308-aeae1f81ef17 at term 1 for becomeLeader, leader elected after 5421ms
2019-10-12 10:01:41,458 [bc74ff60-a8aa-4cd5-8308-aeae1f81ef17@group-AC69667B6433-LeaderElection4] INFO  server.RaftServerConfigKeys (ConfUtils.java:logGet(43)) - raft.server.staging.catchup.gap = 1000 (default)
2019-10-12 10:01:41,458 [bc74ff60-a8aa-4cd5-8308-aeae1f81ef17@group-AC69667B6433-LeaderElection4] INFO  server.RaftServerConfigKeys (ConfUtils.java:logGet(43)) - raft.server.rpc.sleep.time = 25ms (default)
2019-10-12 10:01:41,458 [bc74ff60-a8aa-4cd5-8308-aeae1f81ef17@group-AC69667B6433-LeaderElection4] INFO  server.RaftServerConfigKeys (ConfUtils.java:logGet(43)) - raft.server.write.element-limit = 4096 (default)
2019-10-12 10:01:41,458 [bc74ff60-a8aa-4cd5-8308-aeae1f81ef17@group-AC69667B6433-LeaderElection4] INFO  server.RaftServerConfigKeys (ConfUtils.java:logGet(43)) - raft.server.watch.timeout = 10s (default)
2019-10-12 10:01:41,458 [bc74ff60-a8aa-4cd5-8308-aeae1f81ef17@group-AC69667B6433-LeaderElection4] INFO  server.RaftServerConfigKeys (ConfUtils.java:logGet(43)) - raft.server.watch.timeout.denomination = 1s (default)
2019-10-12 10:01:41,459 [bc74ff60-a8aa-4cd5-8308-aeae1f81ef17@group-AC69667B6433-LeaderElection4] INFO  server.RaftServerConfigKeys (ConfUtils.java:logGet(43)) - raft.server.watch.element-limit = 65536 (default)
2019-10-12 10:01:41,462 [bc74ff60-a8aa-4cd5-8308-aeae1f81ef17@group-AC69667B6433-LeaderElection4] INFO  impl.RoleInfo (RoleInfo.java:updateAndGet(143)) - bc74ff60-a8aa-4cd5-8308-aeae1f81ef17: start LeaderState
2019-10-12 10:01:41,462 [bc74ff60-a8aa-4cd5-8308-aeae1f81ef17@group-AC69667B6433-LeaderElection4] INFO  segmented.SegmentedRaftLogWorker (SegmentedRaftLogWorker.java:startLogSegment(385)) - bc74ff60-a8aa-4cd5-8308-aeae1f81ef17@group-AC69667B6433-SegmentedRaftLogWorker: Starting segment from index:0
2019-10-12 10:01:41,468 [518b21fe-982e-45c3-bb95-bd086922df62@group-498A0D6B9843-LeaderElection2] INFO  impl.RaftServerImpl (ServerState.java:setRaftConf(356)) - 518b21fe-982e-45c3-bb95-bd086922df62@group-498A0D6B9843: set configuration 0: [518b21fe-982e-45c3-bb95-bd086922df62:192.168.5.134:43503], old=null at 0
2019-10-12 10:01:41,468 [7800d8eb-5bdd-41a4-b407-b29fbb3a298a@group-9569D5444E27-LeaderElection1] INFO  impl.RaftServerImpl (ServerState.java:setRaftConf(356)) - 7800d8eb-5bdd-41a4-b407-b29fbb3a298a@group-9569D5444E27: set configuration 0: [7800d8eb-5bdd-41a4-b407-b29fbb3a298a:192.168.5.134:37562], old=null at 0
2019-10-12 10:01:41,468 [bc74ff60-a8aa-4cd5-8308-aeae1f81ef17@group-AC69667B6433-LeaderElection4] INFO  impl.RaftServerImpl (ServerState.java:setRaftConf(356)) - bc74ff60-a8aa-4cd5-8308-aeae1f81ef17@group-AC69667B6433: set configuration 0: [bc74ff60-a8aa-4cd5-8308-aeae1f81ef17:192.168.5.134:37192], old=null at 0
2019-10-12 10:01:41,483 [Thread-191] INFO  impl.FollowerState (FollowerState.java:run(108)) - 7800d8eb-5bdd-41a4-b407-b29fbb3a298a@group-5751C3551726-FollowerState: change to CANDIDATE, lastRpcTime:5113ms, electionTimeout:5113ms
2019-10-12 10:01:41,483 [Thread-191] INFO  impl.RoleInfo (RoleInfo.java:shutdownFollowerState(121)) - 7800d8eb-5bdd-41a4-b407-b29fbb3a298a: shutdown FollowerState
2019-10-12 10:01:41,483 [Thread-191] INFO  impl.RaftServerImpl (RaftServerImpl.java:setRole(170)) - 7800d8eb-5bdd-41a4-b407-b29fbb3a298a@group-5751C3551726: changes role from  FOLLOWER to CANDIDATE at term 0 for changeToCandidate
2019-10-12 10:01:41,483 [Thread-191] INFO  impl.RoleInfo (RoleInfo.java:updateAndGet(143)) - 7800d8eb-5bdd-41a4-b407-b29fbb3a298a: start LeaderElection
2019-10-12 10:01:41,499 [7800d8eb-5bdd-41a4-b407-b29fbb3a298a@group-5751C3551726-LeaderElection5] INFO  impl.LeaderElection (LeaderElection.java:askForVotes(178)) - 7800d8eb-5bdd-41a4-b407-b29fbb3a298a@group-5751C3551726-LeaderElection5: begin an election at term 1 for -1: [518b21fe-982e-45c3-bb95-bd086922df62:192.168.5.134:43503, 7800d8eb-5bdd-41a4-b407-b29fbb3a298a:192.168.5.134:37562, bc74ff60-a8aa-4cd5-8308-aeae1f81ef17:192.168.5.134:37192], old=null
2019-10-12 10:01:41,543 [Thread-189] INFO  impl.FollowerState (FollowerState.java:run(108)) - bc74ff60-a8aa-4cd5-8308-aeae1f81ef17@group-5751C3551726-FollowerState: change to CANDIDATE, lastRpcTime:5178ms, electionTimeout:5178ms
2019-10-12 10:01:41,544 [Thread-189] INFO  impl.RoleInfo (RoleInfo.java:shutdownFollowerState(121)) - bc74ff60-a8aa-4cd5-8308-aeae1f81ef17: shutdown FollowerState
2019-10-12 10:01:41,544 [Thread-189] INFO  impl.RaftServerImpl (RaftServerImpl.java:setRole(170)) - bc74ff60-a8aa-4cd5-8308-aeae1f81ef17@group-5751C3551726: changes role from  FOLLOWER to CANDIDATE at term 0 for changeToCandidate
2019-10-12 10:01:41,544 [Thread-189] INFO  impl.RoleInfo (RoleInfo.java:updateAndGet(143)) - bc74ff60-a8aa-4cd5-8308-aeae1f81ef17: start LeaderElection
2019-10-12 10:01:41,560 [bc74ff60-a8aa-4cd5-8308-aeae1f81ef17@group-5751C3551726-LeaderElection6] INFO  impl.LeaderElection (LeaderElection.java:askForVotes(178)) - bc74ff60-a8aa-4cd5-8308-aeae1f81ef17@group-5751C3551726-LeaderElection6: begin an election at term 1 for -1: [518b21fe-982e-45c3-bb95-bd086922df62:192.168.5.134:43503, 7800d8eb-5bdd-41a4-b407-b29fbb3a298a:192.168.5.134:37562, bc74ff60-a8aa-4cd5-8308-aeae1f81ef17:192.168.5.134:37192], old=null
2019-10-12 10:01:41,713 [518b21fe-982e-45c3-bb95-bd086922df62@group-498A0D6B9843-SegmentedRaftLogWorker] INFO  segmented.SegmentedRaftLogWorker (SegmentedRaftLogWorker.java:execute(574)) - 518b21fe-982e-45c3-bb95-bd086922df62@group-498A0D6B9843-SegmentedRaftLogWorker: created new log segment /workdir/hadoop-ozone/integration-test/target/test-dir/MiniOzoneClusterImpl-d25b9cda-a646-4d2e-96a4-4218688eca8d/datanode-2/data/ratis/f11e5ef2-54b1-4c25-a729-498a0d6b9843/current/log_inprogress_0
2019-10-12 10:01:41,713 [bc74ff60-a8aa-4cd5-8308-aeae1f81ef17@group-AC69667B6433-SegmentedRaftLogWorker] INFO  segmented.SegmentedRaftLogWorker (SegmentedRaftLogWorker.java:execute(574)) - bc74ff60-a8aa-4cd5-8308-aeae1f81ef17@group-AC69667B6433-SegmentedRaftLogWorker: created new log segment /workdir/hadoop-ozone/integration-test/target/test-dir/MiniOzoneClusterImpl-d25b9cda-a646-4d2e-96a4-4218688eca8d/datanode-1/data/ratis/17401763-e125-42bb-806f-ac69667b6433/current/log_inprogress_0
2019-10-12 10:01:41,713 [7800d8eb-5bdd-41a4-b407-b29fbb3a298a@group-9569D5444E27-SegmentedRaftLogWorker] INFO  segmented.SegmentedRaftLogWorker (SegmentedRaftLogWorker.java:execute(574)) - 7800d8eb-5bdd-41a4-b407-b29fbb3a298a@group-9569D5444E27-SegmentedRaftLogWorker: created new log segment /workdir/hadoop-ozone/integration-test/target/test-dir/MiniOzoneClusterImpl-d25b9cda-a646-4d2e-96a4-4218688eca8d/datanode-0/data/ratis/e538e958-6f3d-4d9d-9883-9569d5444e27/current/log_inprogress_0
2019-10-12 10:01:41,947 [518b21fe-982e-45c3-bb95-bd086922df62@group-5751C3551726-LeaderElection3] INFO  impl.LeaderElection (LeaderElection.java:logAndReturn(56)) - 518b21fe-982e-45c3-bb95-bd086922df62@group-5751C3551726-LeaderElection3: Election REJECTED; received 2 response(s) [518b21fe-982e-45c3-bb95-bd086922df62<-7800d8eb-5bdd-41a4-b407-b29fbb3a298a#0:FAIL-t1, 518b21fe-982e-45c3-bb95-bd086922df62<-bc74ff60-a8aa-4cd5-8308-aeae1f81ef17#0:FAIL-t1] and 0 exception(s); 518b21fe-982e-45c3-bb95-bd086922df62@group-5751C3551726:t1, leader=null, voted=518b21fe-982e-45c3-bb95-bd086922df62, raftlog=518b21fe-982e-45c3-bb95-bd086922df62@group-5751C3551726-SegmentedRaftLog:OPENED:c-1,f-1,i0, conf=-1: [518b21fe-982e-45c3-bb95-bd086922df62:192.168.5.134:43503, 7800d8eb-5bdd-41a4-b407-b29fbb3a298a:192.168.5.134:37562, bc74ff60-a8aa-4cd5-8308-aeae1f81ef17:192.168.5.134:37192], old=null
2019-10-12 10:01:41,947 [7800d8eb-5bdd-41a4-b407-b29fbb3a298a@group-5751C3551726-LeaderElection5] INFO  impl.LeaderElection (LeaderElection.java:logAndReturn(56)) - 7800d8eb-5bdd-41a4-b407-b29fbb3a298a@group-5751C3551726-LeaderElection5: Election REJECTED; received 2 response(s) [7800d8eb-5bdd-41a4-b407-b29fbb3a298a<-518b21fe-982e-45c3-bb95-bd086922df62#0:FAIL-t1, 7800d8eb-5bdd-41a4-b407-b29fbb3a298a<-bc74ff60-a8aa-4cd5-8308-aeae1f81ef17#0:FAIL-t1] and 0 exception(s); 7800d8eb-5bdd-41a4-b407-b29fbb3a298a@group-5751C3551726:t1, leader=null, voted=7800d8eb-5bdd-41a4-b407-b29fbb3a298a, raftlog=7800d8eb-5bdd-41a4-b407-b29fbb3a298a@group-5751C3551726-SegmentedRaftLog:OPENED:c-1,f-1,i0, conf=-1: [518b21fe-982e-45c3-bb95-bd086922df62:192.168.5.134:43503, 7800d8eb-5bdd-41a4-b407-b29fbb3a298a:192.168.5.134:37562, bc74ff60-a8aa-4cd5-8308-aeae1f81ef17:192.168.5.134:37192], old=null
2019-10-12 10:01:41,947 [bc74ff60-a8aa-4cd5-8308-aeae1f81ef17@group-5751C3551726-LeaderElection6] INFO  impl.LeaderElection (LeaderElection.java:logAndReturn(56)) - bc74ff60-a8aa-4cd5-8308-aeae1f81ef17@group-5751C3551726-LeaderElection6: Election REJECTED; received 2 response(s) [bc74ff60-a8aa-4cd5-8308-aeae1f81ef17<-518b21fe-982e-45c3-bb95-bd086922df62#0:FAIL-t1, bc74ff60-a8aa-4cd5-8308-aeae1f81ef17<-7800d8eb-5bdd-41a4-b407-b29fbb3a298a#0:FAIL-t1] and 0 exception(s); bc74ff60-a8aa-4cd5-8308-aeae1f81ef17@group-5751C3551726:t1, leader=null, voted=bc74ff60-a8aa-4cd5-8308-aeae1f81ef17, raftlog=bc74ff60-a8aa-4cd5-8308-aeae1f81ef17@group-5751C3551726-SegmentedRaftLog:OPENED:c-1,f-1,i0, conf=-1: [518b21fe-982e-45c3-bb95-bd086922df62:192.168.5.134:43503, 7800d8eb-5bdd-41a4-b407-b29fbb3a298a:192.168.5.134:37562, bc74ff60-a8aa-4cd5-8308-aeae1f81ef17:192.168.5.134:37192], old=null
2019-10-12 10:01:41,950 [518b21fe-982e-45c3-bb95-bd086922df62@group-5751C3551726-LeaderElection3] INFO  impl.RaftServerImpl (RaftServerImpl.java:setRole(170)) - 518b21fe-982e-45c3-bb95-bd086922df62@group-5751C3551726: changes role from CANDIDATE to FOLLOWER at term 1 for DISCOVERED_A_NEW_TERM
2019-10-12 10:01:41,951 [bc74ff60-a8aa-4cd5-8308-aeae1f81ef17@group-5751C3551726-LeaderElection6] INFO  impl.RaftServerImpl (RaftServerImpl.java:setRole(170)) - bc74ff60-a8aa-4cd5-8308-aeae1f81ef17@group-5751C3551726: changes role from CANDIDATE to FOLLOWER at term 1 for DISCOVERED_A_NEW_TERM
2019-10-12 10:01:41,953 [bc74ff60-a8aa-4cd5-8308-aeae1f81ef17@group-5751C3551726-LeaderElection6] INFO  impl.RoleInfo (RoleInfo.java:shutdownLeaderElection(134)) - bc74ff60-a8aa-4cd5-8308-aeae1f81ef17: shutdown LeaderElection
2019-10-12 10:01:41,950 [7800d8eb-5bdd-41a4-b407-b29fbb3a298a@group-5751C3551726-LeaderElection5] INFO  impl.RaftServerImpl (RaftServerImpl.java:setRole(170)) - 7800d8eb-5bdd-41a4-b407-b29fbb3a298a@group-5751C3551726: changes role from CANDIDATE to FOLLOWER at term 1 for DISCOVERED_A_NEW_TERM
2019-10-12 10:01:41,953 [bc74ff60-a8aa-4cd5-8308-aeae1f81ef17@group-5751C3551726-LeaderElection6] INFO  impl.RoleInfo (RoleInfo.java:updateAndGet(143)) - bc74ff60-a8aa-4cd5-8308-aeae1f81ef17: start FollowerState
2019-10-12 10:01:41,951 [518b21fe-982e-45c3-bb95-bd086922df62@group-5751C3551726-LeaderElection3] INFO  impl.RoleInfo (RoleInfo.java:shutdownLeaderElection(134)) - 518b21fe-982e-45c3-bb95-bd086922df62: shutdown LeaderElection
2019-10-12 10:01:41,954 [7800d8eb-5bdd-41a4-b407-b29fbb3a298a@group-5751C3551726-LeaderElection5] INFO  impl.RoleInfo (RoleInfo.java:shutdownLeaderElection(134)) - 7800d8eb-5bdd-41a4-b407-b29fbb3a298a: shutdown LeaderElection
2019-10-12 10:01:41,955 [518b21fe-982e-45c3-bb95-bd086922df62@group-5751C3551726-LeaderElection3] INFO  impl.RoleInfo (RoleInfo.java:updateAndGet(143)) - 518b21fe-982e-45c3-bb95-bd086922df62: start FollowerState
2019-10-12 10:01:41,955 [7800d8eb-5bdd-41a4-b407-b29fbb3a298a@group-5751C3551726-LeaderElection5] INFO  impl.RoleInfo (RoleInfo.java:updateAndGet(143)) - 7800d8eb-5bdd-41a4-b407-b29fbb3a298a: start FollowerState
2019-10-12 10:01:42,348 [EventQueue-OpenPipelineForHealthyPipelineSafeModeRule] INFO  safemode.SCMSafeModeManager (SCMSafeModeManager.java:exitSafeMode(211)) - SCM exiting safe mode.
2019-10-12 10:01:42,354 [Thread-193] INFO  container.ReplicationManager (ReplicationManager.java:start(162)) - Starting Replication Monitor Thread.
2019-10-12 10:01:42,368 [ReplicationMonitor] INFO  container.ReplicationManager (ReplicationManager.java:run(225)) - Replication Monitor Thread took 12 milliseconds for processing 2 containers.
2019-10-12 10:01:45,337 [ForkJoinPool.commonPool-worker-0] INFO  ozoneimpl.OzoneContainer (OzoneContainer.java:stop(227)) - Attempting to stop container services.
2019-10-12 10:01:45,337 [main] INFO  ozoneimpl.OzoneContainer (OzoneContainer.java:stop(227)) - Attempting to stop container services.
2019-10-12 10:01:45,343 [main] INFO  impl.RaftServerProxy (RaftServerProxy.java:lambda$close$4(314)) - bc74ff60-a8aa-4cd5-8308-aeae1f81ef17: close
2019-10-12 10:01:45,343 [ForkJoinPool.commonPool-worker-0] INFO  impl.RaftServerProxy (RaftServerProxy.java:lambda$close$4(314)) - 7800d8eb-5bdd-41a4-b407-b29fbb3a298a: close
2019-10-12 10:01:45,347 [main] INFO  impl.RaftServerImpl (RaftServerImpl.java:lambda$shutdown$3(247)) - bc74ff60-a8aa-4cd5-8308-aeae1f81ef17@group-AC69667B6433: shutdown
2019-10-12 10:01:45,347 [ForkJoinPool.commonPool-worker-0] INFO  impl.RaftServerImpl (RaftServerImpl.java:lambda$shutdown$3(247)) - 7800d8eb-5bdd-41a4-b407-b29fbb3a298a@group-5751C3551726: shutdown
2019-10-12 10:01:45,347 [main] INFO  util.JmxRegister (JmxRegister.java:unregister(73)) - Successfully un-registered JMX Bean with object name Ratis:service=RaftServer,group=group-AC69667B6433,id=bc74ff60-a8aa-4cd5-8308-aeae1f81ef17
2019-10-12 10:01:45,348 [ForkJoinPool.commonPool-worker-0] INFO  util.JmxRegister (JmxRegister.java:unregister(73)) - Successfully un-registered JMX Bean with object name Ratis:service=RaftServer,group=group-5751C3551726,id=7800d8eb-5bdd-41a4-b407-b29fbb3a298a
2019-10-12 10:01:45,348 [main] INFO  impl.RoleInfo (RoleInfo.java:shutdownLeaderState(104)) - bc74ff60-a8aa-4cd5-8308-aeae1f81ef17: shutdown LeaderState
2019-10-12 10:01:45,348 [ForkJoinPool.commonPool-worker-0] INFO  impl.RoleInfo (RoleInfo.java:shutdownFollowerState(121)) - 7800d8eb-5bdd-41a4-b407-b29fbb3a298a: shutdown FollowerState
2019-10-12 10:01:45,349 [Thread-213] INFO  container.ReplicationManager (ReplicationManager.java:start(169)) - Replication Monitor Thread is already running.
2019-10-12 10:01:45,349 [ForkJoinPool.commonPool-worker-0] INFO  impl.StateMachineUpdater (StateMachineUpdater.java:stopAndJoin(136)) - 7800d8eb-5bdd-41a4-b407-b29fbb3a298a@group-5751C3551726-StateMachineUpdater: set stopIndex = -1
2019-10-12 10:01:45,349 [Thread-212] INFO  impl.FollowerState (FollowerState.java:run(117)) - 7800d8eb-5bdd-41a4-b407-b29fbb3a298a@group-5751C3551726-FollowerState was interrupted: java.lang.InterruptedException: sleep interrupted
2019-10-12 10:01:45,351 [ForkJoinPool.commonPool-worker-0] INFO  impl.RaftServerImpl (ServerState.java:close(387)) - 7800d8eb-5bdd-41a4-b407-b29fbb3a298a@group-5751C3551726: closes. applyIndex: -1
2019-10-12 10:01:45,352 [main] INFO  impl.PendingRequests (PendingRequests.java:sendNotLeaderResponses(202)) - bc74ff60-a8aa-4cd5-8308-aeae1f81ef17@group-AC69667B6433-PendingRequests: sendNotLeaderResponses
2019-10-12 10:01:45,355 [main] INFO  impl.StateMachineUpdater (StateMachineUpdater.java:stopAndJoin(136)) - bc74ff60-a8aa-4cd5-8308-aeae1f81ef17@group-AC69667B6433-StateMachineUpdater: set stopIndex = 0
2019-10-12 10:01:45,356 [7800d8eb-5bdd-41a4-b407-b29fbb3a298a@group-5751C3551726-SegmentedRaftLogWorker] INFO  segmented.SegmentedRaftLogWorker (SegmentedRaftLogWorker.java:run(316)) - 7800d8eb-5bdd-41a4-b407-b29fbb3a298a@group-5751C3551726-SegmentedRaftLogWorker was interrupted, exiting. There are 0 tasks remaining in the queue.
2019-10-12 10:01:45,357 [main] INFO  impl.RaftServerImpl (ServerState.java:close(387)) - bc74ff60-a8aa-4cd5-8308-aeae1f81ef17@group-AC69667B6433: closes. applyIndex: 0
2019-10-12 10:01:45,357 [ForkJoinPool.commonPool-worker-0] INFO  segmented.SegmentedRaftLogWorker (SegmentedRaftLogWorker.java:close(224)) - 7800d8eb-5bdd-41a4-b407-b29fbb3a298a@group-5751C3551726-SegmentedRaftLogWorker close()
2019-10-12 10:01:45,358 [bc74ff60-a8aa-4cd5-8308-aeae1f81ef17@group-AC69667B6433-SegmentedRaftLogWorker] INFO  segmented.SegmentedRaftLogWorker (SegmentedRaftLogWorker.java:run(316)) - bc74ff60-a8aa-4cd5-8308-aeae1f81ef17@group-AC69667B6433-SegmentedRaftLogWorker was interrupted, exiting. There are 0 tasks remaining in the queue.
2019-10-12 10:01:45,361 [ForkJoinPool.commonPool-worker-0] INFO  impl.RaftServerImpl (RaftServerImpl.java:lambda$shutdown$3(247)) - 7800d8eb-5bdd-41a4-b407-b29fbb3a298a@group-9569D5444E27: shutdown
2019-10-12 10:01:45,362 [main] INFO  segmented.SegmentedRaftLogWorker (SegmentedRaftLogWorker.java:close(224)) - bc74ff60-a8aa-4cd5-8308-aeae1f81ef17@group-AC69667B6433-SegmentedRaftLogWorker close()
2019-10-12 10:01:45,363 [ForkJoinPool.commonPool-worker-0] INFO  util.JmxRegister (JmxRegister.java:unregister(73)) - Successfully un-registered JMX Bean with object name Ratis:service=RaftServer,group=group-9569D5444E27,id=7800d8eb-5bdd-41a4-b407-b29fbb3a298a
2019-10-12 10:01:45,365 [main] INFO  impl.RaftServerImpl (RaftServerImpl.java:lambda$shutdown$3(247)) - bc74ff60-a8aa-4cd5-8308-aeae1f81ef17@group-5751C3551726: shutdown
2019-10-12 10:01:45,365 [ForkJoinPool.commonPool-worker-0] INFO  impl.RoleInfo (RoleInfo.java:shutdownLeaderState(104)) - 7800d8eb-5bdd-41a4-b407-b29fbb3a298a: shutdown LeaderState
2019-10-12 10:01:45,365 [main] INFO  util.JmxRegister (JmxRegister.java:unregister(73)) - Successfully un-registered JMX Bean with object name Ratis:service=RaftServer,group=group-5751C3551726,id=bc74ff60-a8aa-4cd5-8308-aeae1f81ef17
2019-10-12 10:01:45,367 [main] INFO  impl.RoleInfo (RoleInfo.java:shutdownFollowerState(121)) - bc74ff60-a8aa-4cd5-8308-aeae1f81ef17: shutdown FollowerState
2019-10-12 10:01:45,366 [ForkJoinPool.commonPool-worker-0] INFO  impl.PendingRequests (PendingRequests.java:sendNotLeaderResponses(202)) - 7800d8eb-5bdd-41a4-b407-b29fbb3a298a@group-9569D5444E27-PendingRequests: sendNotLeaderResponses
2019-10-12 10:01:45,368 [Thread-210] INFO  impl.FollowerState (FollowerState.java:run(117)) - bc74ff60-a8aa-4cd5-8308-aeae1f81ef17@group-5751C3551726-FollowerState was interrupted: java.lang.InterruptedException: sleep interrupted
2019-10-12 10:01:45,368 [main] INFO  impl.StateMachineUpdater (StateMachineUpdater.java:stopAndJoin(136)) - bc74ff60-a8aa-4cd5-8308-aeae1f81ef17@group-5751C3551726-StateMachineUpdater: set stopIndex = -1
2019-10-12 10:01:45,369 [ForkJoinPool.commonPool-worker-0] INFO  impl.StateMachineUpdater (StateMachineUpdater.java:stopAndJoin(136)) - 7800d8eb-5bdd-41a4-b407-b29fbb3a298a@group-9569D5444E27-StateMachineUpdater: set stopIndex = 0
2019-10-12 10:01:45,370 [main] INFO  impl.RaftServerImpl (ServerState.java:close(387)) - bc74ff60-a8aa-4cd5-8308-aeae1f81ef17@group-5751C3551726: closes. applyIndex: -1
2019-10-12 10:01:45,371 [ForkJoinPool.commonPool-worker-0] INFO  impl.RaftServerImpl (ServerState.java:close(387)) - 7800d8eb-5bdd-41a4-b407-b29fbb3a298a@group-9569D5444E27: closes. applyIndex: 0
2019-10-12 10:01:45,372 [bc74ff60-a8aa-4cd5-8308-aeae1f81ef17@group-5751C3551726-SegmentedRaftLogWorker] INFO  segmented.SegmentedRaftLogWorker (SegmentedRaftLogWorker.java:run(316)) - bc74ff60-a8aa-4cd5-8308-aeae1f81ef17@group-5751C3551726-SegmentedRaftLogWorker was interrupted, exiting. There are 0 tasks remaining in the queue.
2019-10-12 10:01:45,372 [7800d8eb-5bdd-41a4-b407-b29fbb3a298a@group-9569D5444E27-SegmentedRaftLogWorker] INFO  segmented.SegmentedRaftLogWorker (SegmentedRaftLogWorker.java:run(316)) - 7800d8eb-5bdd-41a4-b407-b29fbb3a298a@group-9569D5444E27-SegmentedRaftLogWorker was interrupted, exiting. There are 0 tasks remaining in the queue.
2019-10-12 10:01:45,372 [main] INFO  segmented.SegmentedRaftLogWorker (SegmentedRaftLogWorker.java:close(224)) - bc74ff60-a8aa-4cd5-8308-aeae1f81ef17@group-5751C3551726-SegmentedRaftLogWorker close()
2019-10-12 10:01:45,374 [ForkJoinPool.commonPool-worker-0] INFO  segmented.SegmentedRaftLogWorker (SegmentedRaftLogWorker.java:close(224)) - 7800d8eb-5bdd-41a4-b407-b29fbb3a298a@group-9569D5444E27-SegmentedRaftLogWorker close()
2019-10-12 10:01:45,380 [ForkJoinPool.commonPool-worker-0] INFO  server.GrpcService (GrpcService.java:closeImpl(164)) - 7800d8eb-5bdd-41a4-b407-b29fbb3a298a: shutdown server with port 37562 now
2019-10-12 10:01:45,380 [main] INFO  server.GrpcService (GrpcService.java:closeImpl(164)) - bc74ff60-a8aa-4cd5-8308-aeae1f81ef17: shutdown server with port 37192 now
2019-10-12 10:01:45,396 [main] INFO  server.GrpcService (GrpcService.java:closeImpl(172)) - bc74ff60-a8aa-4cd5-8308-aeae1f81ef17: shutdown server with port 37192 successfully
2019-10-12 10:01:45,396 [ForkJoinPool.commonPool-worker-0] INFO  server.GrpcService (GrpcService.java:closeImpl(172)) - 7800d8eb-5bdd-41a4-b407-b29fbb3a298a: shutdown server with port 37562 successfully
2019-10-12 10:01:45,404 [refreshUsed-/workdir/hadoop-ozone/integration-test/target/test-dir/MiniOzoneClusterImpl-d25b9cda-a646-4d2e-96a4-4218688eca8d/datanode-1/data/containers] WARN  fs.CachingGetSpaceUsed (CachingGetSpaceUsed.java:run(183)) - Thread Interrupted waiting to refresh disk information: sleep interrupted
2019-10-12 10:01:45,411 [refreshUsed-/workdir/hadoop-ozone/integration-test/target/test-dir/MiniOzoneClusterImpl-d25b9cda-a646-4d2e-96a4-4218688eca8d/datanode-0/data/containers] WARN  fs.CachingGetSpaceUsed (CachingGetSpaceUsed.java:run(183)) - Thread Interrupted waiting to refresh disk information: sleep interrupted
2019-10-12 10:01:45,430 [main] INFO  utils.BackgroundService (BackgroundService.java:shutdown(151)) - Shutting down service BlockDeletingService
2019-10-12 10:01:45,433 [ForkJoinPool.commonPool-worker-0] INFO  utils.BackgroundService (BackgroundService.java:shutdown(151)) - Shutting down service BlockDeletingService
2019-10-12 10:01:45,434 [main] INFO  statemachine.DatanodeStateMachine (DatanodeStateMachine.java:stopDaemon(401)) - Ozone container server stopped.
2019-10-12 10:01:45,436 [ForkJoinPool.commonPool-worker-0] INFO  statemachine.DatanodeStateMachine (DatanodeStateMachine.java:stopDaemon(401)) - Ozone container server stopped.
2019-10-12 10:01:45,438 [main] INFO  handler.ContextHandler (ContextHandler.java:doStop(910)) - Stopped o.e.j.w.WebAppContext@53e800f9{/,null,UNAVAILABLE}{/hddsDatanode}
2019-10-12 10:01:45,439 [ForkJoinPool.commonPool-worker-0] INFO  handler.ContextHandler (ContextHandler.java:doStop(910)) - Stopped o.e.j.w.WebAppContext@2f5ac102{/,null,UNAVAILABLE}{/hddsDatanode}
2019-10-12 10:01:45,439 [main] INFO  server.AbstractConnector (AbstractConnector.java:doStop(318)) - Stopped ServerConnector@337bbfdf{HTTP/1.1,[http/1.1]}{0.0.0.0:0}
2019-10-12 10:01:45,440 [ForkJoinPool.commonPool-worker-0] INFO  server.AbstractConnector (AbstractConnector.java:doStop(318)) - Stopped ServerConnector@5df778c3{HTTP/1.1,[http/1.1]}{0.0.0.0:0}
2019-10-12 10:01:45,440 [main] INFO  handler.ContextHandler (ContextHandler.java:doStop(910)) - Stopped o.e.j.s.ServletContextHandler@c27a3a2{/static,jar:file:/home/user/.m2/repository/org/apache/hadoop/hadoop-hdds-container-service/0.5.0-SNAPSHOT/hadoop-hdds-container-service-0.5.0-SNAPSHOT.jar!/webapps/static,UNAVAILABLE}
2019-10-12 10:01:45,441 [ForkJoinPool.commonPool-worker-0] INFO  handler.ContextHandler (ContextHandler.java:doStop(910)) - Stopped o.e.j.s.ServletContextHandler@43045f9f{/static,jar:file:/home/user/.m2/repository/org/apache/hadoop/hadoop-hdds-container-service/0.5.0-SNAPSHOT/hadoop-hdds-container-service-0.5.0-SNAPSHOT.jar!/webapps/static,UNAVAILABLE}
2019-10-12 10:01:45,441 [main] INFO  handler.ContextHandler (ContextHandler.java:doStop(910)) - Stopped o.e.j.s.ServletContextHandler@5460b754{/logs,file:///workdir/hadoop-ozone/integration-test/target/log,UNAVAILABLE}
2019-10-12 10:01:45,442 [ForkJoinPool.commonPool-worker-0] INFO  handler.ContextHandler (ContextHandler.java:doStop(910)) - Stopped o.e.j.s.ServletContextHandler@26dc9bd5{/logs,file:///workdir/hadoop-ozone/integration-test/target/log,UNAVAILABLE}
2019-10-12 10:01:46,377 [Datanode State Machine Thread - 0] INFO  statemachine.DatanodeStateMachine (DatanodeStateMachine.java:lambda$startDaemon$0(356)) - Ozone container server started.
2019-10-12 10:01:47,071 [Thread-211] INFO  impl.FollowerState (FollowerState.java:run(108)) - 518b21fe-982e-45c3-bb95-bd086922df62@group-5751C3551726-FollowerState: change to CANDIDATE, lastRpcTime:5116ms, electionTimeout:5114ms
2019-10-12 10:01:47,072 [Thread-211] INFO  impl.RoleInfo (RoleInfo.java:shutdownFollowerState(121)) - 518b21fe-982e-45c3-bb95-bd086922df62: shutdown FollowerState
2019-10-12 10:01:47,072 [Thread-211] INFO  impl.RaftServerImpl (RaftServerImpl.java:setRole(170)) - 518b21fe-982e-45c3-bb95-bd086922df62@group-5751C3551726: changes role from  FOLLOWER to CANDIDATE at term 1 for changeToCandidate
2019-10-12 10:01:47,072 [Thread-211] INFO  impl.RoleInfo (RoleInfo.java:updateAndGet(143)) - 518b21fe-982e-45c3-bb95-bd086922df62: start LeaderElection
2019-10-12 10:01:47,089 [518b21fe-982e-45c3-bb95-bd086922df62@group-5751C3551726-LeaderElection7] INFO  impl.LeaderElection (LeaderElection.java:askForVotes(178)) - 518b21fe-982e-45c3-bb95-bd086922df62@group-5751C3551726-LeaderElection7: begin an election at term 2 for -1: [518b21fe-982e-45c3-bb95-bd086922df62:192.168.5.134:43503, 7800d8eb-5bdd-41a4-b407-b29fbb3a298a:192.168.5.134:37562, bc74ff60-a8aa-4cd5-8308-aeae1f81ef17:192.168.5.134:37192], old=null
2019-10-12 10:01:47,111 [518b21fe-982e-45c3-bb95-bd086922df62@group-5751C3551726-LeaderElection7] INFO  impl.LeaderElection (LogUtils.java:infoOrTrace(149)) - 518b21fe-982e-45c3-bb95-bd086922df62@group-5751C3551726-LeaderElection7 got exception when requesting votes: {}
java.util.concurrent.ExecutionException: org.apache.ratis.thirdparty.io.grpc.StatusRuntimeException: UNAVAILABLE: io exception
	at java.util.concurrent.FutureTask.report(FutureTask.java:122)
	at java.util.concurrent.FutureTask.get(FutureTask.java:192)
	at org.apache.ratis.server.impl.LeaderElection.waitForResults(LeaderElection.java:259)
	at org.apache.ratis.server.impl.LeaderElection.askForVotes(LeaderElection.java:197)
	at org.apache.ratis.server.impl.LeaderElection.run(LeaderElection.java:133)
	at java.lang.Thread.run(Thread.java:748)
Caused by: org.apache.ratis.thirdparty.io.grpc.StatusRuntimeException: UNAVAILABLE: io exception
	at org.apache.ratis.thirdparty.io.grpc.stub.ClientCalls.toStatusRuntimeException(ClientCalls.java:233)
	at org.apache.ratis.thirdparty.io.grpc.stub.ClientCalls.getUnchecked(ClientCalls.java:214)
	at org.apache.ratis.thirdparty.io.grpc.stub.ClientCalls.blockingUnaryCall(ClientCalls.java:139)
	at org.apache.ratis.proto.grpc.RaftServerProtocolServiceGrpc$RaftServerProtocolServiceBlockingStub.requestVote(RaftServerProtocolServiceGrpc.java:265)
	at org.apache.ratis.grpc.server.GrpcServerProtocolClient.requestVote(GrpcServerProtocolClient.java:99)
	at org.apache.ratis.grpc.server.GrpcService.requestVote(GrpcService.java:204)
	at org.apache.ratis.server.impl.LeaderElection.lambda$submitRequests$1(LeaderElection.java:234)
	at java.util.concurrent.FutureTask.run(FutureTask.java:266)
	at java.util.concurrent.Executors$RunnableAdapter.call(Executors.java:511)
	at java.util.concurrent.FutureTask.run(FutureTask.java:266)
	at java.util.concurrent.ThreadPoolExecutor.runWorker(ThreadPoolExecutor.java:1149)
	at java.util.concurrent.ThreadPoolExecutor$Worker.run(ThreadPoolExecutor.java:624)
	... 1 more
Caused by: org.apache.ratis.thirdparty.io.netty.channel.AbstractChannel$AnnotatedConnectException: Connection refused: /192.168.5.134:37192
	at sun.nio.ch.SocketChannelImpl.checkConnect(Native Method)
	at sun.nio.ch.SocketChannelImpl.finishConnect(SocketChannelImpl.java:717)
	at org.apache.ratis.thirdparty.io.netty.channel.socket.nio.NioSocketChannel.doFinishConnect(NioSocketChannel.java:327)
	at org.apache.ratis.thirdparty.io.netty.channel.nio.AbstractNioChannel$AbstractNioUnsafe.finishConnect(AbstractNioChannel.java:340)
	at org.apache.ratis.thirdparty.io.netty.channel.nio.NioEventLoop.processSelectedKey(NioEventLoop.java:632)
	at org.apache.ratis.thirdparty.io.netty.channel.nio.NioEventLoop.processSelectedKeysOptimized(NioEventLoop.java:579)
	at org.apache.ratis.thirdparty.io.netty.channel.nio.NioEventLoop.processSelectedKeys(NioEventLoop.java:496)
	at org.apache.ratis.thirdparty.io.netty.channel.nio.NioEventLoop.run(NioEventLoop.java:458)
	at org.apache.ratis.thirdparty.io.netty.util.concurrent.SingleThreadEventExecutor$5.run(SingleThreadEventExecutor.java:897)
	at org.apache.ratis.thirdparty.io.netty.util.concurrent.FastThreadLocalRunnable.run(FastThreadLocalRunnable.java:30)
	... 1 more
Caused by: java.net.ConnectException: Connection refused
	... 11 more
2019-10-12 10:01:47,115 [518b21fe-982e-45c3-bb95-bd086922df62@group-5751C3551726-LeaderElection7] INFO  impl.LeaderElection (LogUtils.java:infoOrTrace(149)) - 518b21fe-982e-45c3-bb95-bd086922df62@group-5751C3551726-LeaderElection7 got exception when requesting votes: {}
java.util.concurrent.ExecutionException: org.apache.ratis.thirdparty.io.grpc.StatusRuntimeException: UNAVAILABLE: io exception
	at java.util.concurrent.FutureTask.report(FutureTask.java:122)
	at java.util.concurrent.FutureTask.get(FutureTask.java:192)
	at org.apache.ratis.server.impl.LeaderElection.waitForResults(LeaderElection.java:259)
	at org.apache.ratis.server.impl.LeaderElection.askForVotes(LeaderElection.java:197)
	at org.apache.ratis.server.impl.LeaderElection.run(LeaderElection.java:133)
	at java.lang.Thread.run(Thread.java:748)
Caused by: org.apache.ratis.thirdparty.io.grpc.StatusRuntimeException: UNAVAILABLE: io exception
	at org.apache.ratis.thirdparty.io.grpc.stub.ClientCalls.toStatusRuntimeException(ClientCalls.java:233)
	at org.apache.ratis.thirdparty.io.grpc.stub.ClientCalls.getUnchecked(ClientCalls.java:214)
	at org.apache.ratis.thirdparty.io.grpc.stub.ClientCalls.blockingUnaryCall(ClientCalls.java:139)
	at org.apache.ratis.proto.grpc.RaftServerProtocolServiceGrpc$RaftServerProtocolServiceBlockingStub.requestVote(RaftServerProtocolServiceGrpc.java:265)
	at org.apache.ratis.grpc.server.GrpcServerProtocolClient.requestVote(GrpcServerProtocolClient.java:99)
	at org.apache.ratis.grpc.server.GrpcService.requestVote(GrpcService.java:204)
	at org.apache.ratis.server.impl.LeaderElection.lambda$submitRequests$1(LeaderElection.java:234)
	at java.util.concurrent.FutureTask.run(FutureTask.java:266)
	at java.util.concurrent.Executors$RunnableAdapter.call(Executors.java:511)
	at java.util.concurrent.FutureTask.run(FutureTask.java:266)
	at java.util.concurrent.ThreadPoolExecutor.runWorker(ThreadPoolExecutor.java:1149)
	at java.util.concurrent.ThreadPoolExecutor$Worker.run(ThreadPoolExecutor.java:624)
	... 1 more
Caused by: org.apache.ratis.thirdparty.io.netty.channel.AbstractChannel$AnnotatedConnectException: Connection refused: /192.168.5.134:37562
	at sun.nio.ch.SocketChannelImpl.checkConnect(Native Method)
	at sun.nio.ch.SocketChannelImpl.finishConnect(SocketChannelImpl.java:717)
	at org.apache.ratis.thirdparty.io.netty.channel.socket.nio.NioSocketChannel.doFinishConnect(NioSocketChannel.java:327)
	at org.apache.ratis.thirdparty.io.netty.channel.nio.AbstractNioChannel$AbstractNioUnsafe.finishConnect(AbstractNioChannel.java:340)
	at org.apache.ratis.thirdparty.io.netty.channel.nio.NioEventLoop.processSelectedKey(NioEventLoop.java:632)
	at org.apache.ratis.thirdparty.io.netty.channel.nio.NioEventLoop.processSelectedKeysOptimized(NioEventLoop.java:579)
	at org.apache.ratis.thirdparty.io.netty.channel.nio.NioEventLoop.processSelectedKeys(NioEventLoop.java:496)
	at org.apache.ratis.thirdparty.io.netty.channel.nio.NioEventLoop.run(NioEventLoop.java:458)
	at org.apache.ratis.thirdparty.io.netty.util.concurrent.SingleThreadEventExecutor$5.run(SingleThreadEventExecutor.java:897)
	at org.apache.ratis.thirdparty.io.netty.util.concurrent.FastThreadLocalRunnable.run(FastThreadLocalRunnable.java:30)
	... 1 more
Caused by: java.net.ConnectException: Connection refused
	... 11 more
2019-10-12 10:01:47,117 [518b21fe-982e-45c3-bb95-bd086922df62@group-5751C3551726-LeaderElection7] INFO  impl.LeaderElection (LeaderElection.java:logAndReturn(56)) - 518b21fe-982e-45c3-bb95-bd086922df62@group-5751C3551726-LeaderElection7: Election REJECTED; received 0 response(s) [] and 2 exception(s); 518b21fe-982e-45c3-bb95-bd086922df62@group-5751C3551726:t2, leader=null, voted=518b21fe-982e-45c3-bb95-bd086922df62, raftlog=518b21fe-982e-45c3-bb95-bd086922df62@group-5751C3551726-SegmentedRaftLog:OPENED:c-1,f-1,i0, conf=-1: [518b21fe-982e-45c3-bb95-bd086922df62:192.168.5.134:43503, 7800d8eb-5bdd-41a4-b407-b29fbb3a298a:192.168.5.134:37562, bc74ff60-a8aa-4cd5-8308-aeae1f81ef17:192.168.5.134:37192], old=null
2019-10-12 10:01:47,118 [518b21fe-982e-45c3-bb95-bd086922df62@group-5751C3551726-LeaderElection7] INFO  impl.LeaderElection (LogUtils.java:infoOrTrace(149)) -   Exception 0: {}
java.util.concurrent.ExecutionException: org.apache.ratis.thirdparty.io.grpc.StatusRuntimeException: UNAVAILABLE: io exception
	at java.util.concurrent.FutureTask.report(FutureTask.java:122)
	at java.util.concurrent.FutureTask.get(FutureTask.java:192)
	at org.apache.ratis.server.impl.LeaderElection.waitForResults(LeaderElection.java:259)
	at org.apache.ratis.server.impl.LeaderElection.askForVotes(LeaderElection.java:197)
	at org.apache.ratis.server.impl.LeaderElection.run(LeaderElection.java:133)
	at java.lang.Thread.run(Thread.java:748)
Caused by: org.apache.ratis.thirdparty.io.grpc.StatusRuntimeException: UNAVAILABLE: io exception
	at org.apache.ratis.thirdparty.io.grpc.stub.ClientCalls.toStatusRuntimeException(ClientCalls.java:233)
	at org.apache.ratis.thirdparty.io.grpc.stub.ClientCalls.getUnchecked(ClientCalls.java:214)
	at org.apache.ratis.thirdparty.io.grpc.stub.ClientCalls.blockingUnaryCall(ClientCalls.java:139)
	at org.apache.ratis.proto.grpc.RaftServerProtocolServiceGrpc$RaftServerProtocolServiceBlockingStub.requestVote(RaftServerProtocolServiceGrpc.java:265)
	at org.apache.ratis.grpc.server.GrpcServerProtocolClient.requestVote(GrpcServerProtocolClient.java:99)
	at org.apache.ratis.grpc.server.GrpcService.requestVote(GrpcService.java:204)
	at org.apache.ratis.server.impl.LeaderElection.lambda$submitRequests$1(LeaderElection.java:234)
	at java.util.concurrent.FutureTask.run(FutureTask.java:266)
	at java.util.concurrent.Executors$RunnableAdapter.call(Executors.java:511)
	at java.util.concurrent.FutureTask.run(FutureTask.java:266)
	at java.util.concurrent.ThreadPoolExecutor.runWorker(ThreadPoolExecutor.java:1149)
	at java.util.concurrent.ThreadPoolExecutor$Worker.run(ThreadPoolExecutor.java:624)
	... 1 more
Caused by: org.apache.ratis.thirdparty.io.netty.channel.AbstractChannel$AnnotatedConnectException: Connection refused: /192.168.5.134:37192
	at sun.nio.ch.SocketChannelImpl.checkConnect(Native Method)
	at sun.nio.ch.SocketChannelImpl.finishConnect(SocketChannelImpl.java:717)
	at org.apache.ratis.thirdparty.io.netty.channel.socket.nio.NioSocketChannel.doFinishConnect(NioSocketChannel.java:327)
	at org.apache.ratis.thirdparty.io.netty.channel.nio.AbstractNioChannel$AbstractNioUnsafe.finishConnect(AbstractNioChannel.java:340)
	at org.apache.ratis.thirdparty.io.netty.channel.nio.NioEventLoop.processSelectedKey(NioEventLoop.java:632)
	at org.apache.ratis.thirdparty.io.netty.channel.nio.NioEventLoop.processSelectedKeysOptimized(NioEventLoop.java:579)
	at org.apache.ratis.thirdparty.io.netty.channel.nio.NioEventLoop.processSelectedKeys(NioEventLoop.java:496)
	at org.apache.ratis.thirdparty.io.netty.channel.nio.NioEventLoop.run(NioEventLoop.java:458)
	at org.apache.ratis.thirdparty.io.netty.util.concurrent.SingleThreadEventExecutor$5.run(SingleThreadEventExecutor.java:897)
	at org.apache.ratis.thirdparty.io.netty.util.concurrent.FastThreadLocalRunnable.run(FastThreadLocalRunnable.java:30)
	... 1 more
Caused by: java.net.ConnectException: Connection refused
	... 11 more
2019-10-12 10:01:47,119 [518b21fe-982e-45c3-bb95-bd086922df62@group-5751C3551726-LeaderElection7] INFO  impl.LeaderElection (LogUtils.java:infoOrTrace(149)) -   Exception 1: {}
java.util.concurrent.ExecutionException: org.apache.ratis.thirdparty.io.grpc.StatusRuntimeException: UNAVAILABLE: io exception
	at java.util.concurrent.FutureTask.report(FutureTask.java:122)
	at java.util.concurrent.FutureTask.get(FutureTask.java:192)
	at org.apache.ratis.server.impl.LeaderElection.waitForResults(LeaderElection.java:259)
	at org.apache.ratis.server.impl.LeaderElection.askForVotes(LeaderElection.java:197)
	at org.apache.ratis.server.impl.LeaderElection.run(LeaderElection.java:133)
	at java.lang.Thread.run(Thread.java:748)
Caused by: org.apache.ratis.thirdparty.io.grpc.StatusRuntimeException: UNAVAILABLE: io exception
	at org.apache.ratis.thirdparty.io.grpc.stub.ClientCalls.toStatusRuntimeException(ClientCalls.java:233)
	at org.apache.ratis.thirdparty.io.grpc.stub.ClientCalls.getUnchecked(ClientCalls.java:214)
	at org.apache.ratis.thirdparty.io.grpc.stub.ClientCalls.blockingUnaryCall(ClientCalls.java:139)
	at org.apache.ratis.proto.grpc.RaftServerProtocolServiceGrpc$RaftServerProtocolServiceBlockingStub.requestVote(RaftServerProtocolServiceGrpc.java:265)
	at org.apache.ratis.grpc.server.GrpcServerProtocolClient.requestVote(GrpcServerProtocolClient.java:99)
	at org.apache.ratis.grpc.server.GrpcService.requestVote(GrpcService.java:204)
	at org.apache.ratis.server.impl.LeaderElection.lambda$submitRequests$1(LeaderElection.java:234)
	at java.util.concurrent.FutureTask.run(FutureTask.java:266)
	at java.util.concurrent.Executors$RunnableAdapter.call(Executors.java:511)
	at java.util.concurrent.FutureTask.run(FutureTask.java:266)
	at java.util.concurrent.ThreadPoolExecutor.runWorker(ThreadPoolExecutor.java:1149)
	at java.util.concurrent.ThreadPoolExecutor$Worker.run(ThreadPoolExecutor.java:624)
	... 1 more
Caused by: org.apache.ratis.thirdparty.io.netty.channel.AbstractChannel$AnnotatedConnectException: Connection refused: /192.168.5.134:37562
	at sun.nio.ch.SocketChannelImpl.checkConnect(Native Method)
	at sun.nio.ch.SocketChannelImpl.finishConnect(SocketChannelImpl.java:717)
	at org.apache.ratis.thirdparty.io.netty.channel.socket.nio.NioSocketChannel.doFinishConnect(NioSocketChannel.java:327)
	at org.apache.ratis.thirdparty.io.netty.channel.nio.AbstractNioChannel$AbstractNioUnsafe.finishConnect(AbstractNioChannel.java:340)
	at org.apache.ratis.thirdparty.io.netty.channel.nio.NioEventLoop.processSelectedKey(NioEventLoop.java:632)
	at org.apache.ratis.thirdparty.io.netty.channel.nio.NioEventLoop.processSelectedKeysOptimized(NioEventLoop.java:579)
	at org.apache.ratis.thirdparty.io.netty.channel.nio.NioEventLoop.processSelectedKeys(NioEventLoop.java:496)
	at org.apache.ratis.thirdparty.io.netty.channel.nio.NioEventLoop.run(NioEventLoop.java:458)
	at org.apache.ratis.thirdparty.io.netty.util.concurrent.SingleThreadEventExecutor$5.run(SingleThreadEventExecutor.java:897)
	at org.apache.ratis.thirdparty.io.netty.util.concurrent.FastThreadLocalRunnable.run(FastThreadLocalRunnable.java:30)
	... 1 more
Caused by: java.net.ConnectException: Connection refused
	... 11 more
2019-10-12 10:01:47,120 [518b21fe-982e-45c3-bb95-bd086922df62@group-5751C3551726-LeaderElection7] INFO  impl.RaftServerImpl (RaftServerImpl.java:setRole(170)) - 518b21fe-982e-45c3-bb95-bd086922df62@group-5751C3551726: changes role from CANDIDATE to FOLLOWER at term 2 for DISCOVERED_A_NEW_TERM
2019-10-12 10:01:47,121 [518b21fe-982e-45c3-bb95-bd086922df62@group-5751C3551726-LeaderElection7] INFO  impl.RoleInfo (RoleInfo.java:shutdownLeaderElection(134)) - 518b21fe-982e-45c3-bb95-bd086922df62: shutdown LeaderElection
2019-10-12 10:01:47,121 [518b21fe-982e-45c3-bb95-bd086922df62@group-5751C3551726-LeaderElection7] INFO  impl.RoleInfo (RoleInfo.java:updateAndGet(143)) - 518b21fe-982e-45c3-bb95-bd086922df62: start FollowerState
2019-10-12 10:01:50,444 [main] INFO  ozoneimpl.OzoneContainer (OzoneContainer.java:stop(227)) - Attempting to stop container services.
2019-10-12 10:01:50,446 [main] INFO  impl.RaftServerProxy (RaftServerProxy.java:lambda$close$4(314)) - 518b21fe-982e-45c3-bb95-bd086922df62: close
2019-10-12 10:01:50,447 [main] INFO  impl.RaftServerImpl (RaftServerImpl.java:lambda$shutdown$3(247)) - 518b21fe-982e-45c3-bb95-bd086922df62@group-498A0D6B9843: shutdown
2019-10-12 10:01:50,448 [main] INFO  util.JmxRegister (JmxRegister.java:unregister(73)) - Successfully un-registered JMX Bean with object name Ratis:service=RaftServer,group=group-498A0D6B9843,id=518b21fe-982e-45c3-bb95-bd086922df62
2019-10-12 10:01:50,448 [main] INFO  impl.RoleInfo (RoleInfo.java:shutdownLeaderState(104)) - 518b21fe-982e-45c3-bb95-bd086922df62: shutdown LeaderState
2019-10-12 10:01:50,448 [main] INFO  impl.PendingRequests (PendingRequests.java:sendNotLeaderResponses(202)) - 518b21fe-982e-45c3-bb95-bd086922df62@group-498A0D6B9843-PendingRequests: sendNotLeaderResponses
2019-10-12 10:01:50,449 [main] INFO  impl.StateMachineUpdater (StateMachineUpdater.java:stopAndJoin(136)) - 518b21fe-982e-45c3-bb95-bd086922df62@group-498A0D6B9843-StateMachineUpdater: set stopIndex = 0
2019-10-12 10:01:50,450 [main] INFO  impl.RaftServerImpl (ServerState.java:close(387)) - 518b21fe-982e-45c3-bb95-bd086922df62@group-498A0D6B9843: closes. applyIndex: 0
2019-10-12 10:01:50,450 [518b21fe-982e-45c3-bb95-bd086922df62@group-498A0D6B9843-SegmentedRaftLogWorker] INFO  segmented.SegmentedRaftLogWorker (SegmentedRaftLogWorker.java:run(316)) - 518b21fe-982e-45c3-bb95-bd086922df62@group-498A0D6B9843-SegmentedRaftLogWorker was interrupted, exiting. There are 0 tasks remaining in the queue.
2019-10-12 10:01:50,452 [main] INFO  segmented.SegmentedRaftLogWorker (SegmentedRaftLogWorker.java:close(224)) - 518b21fe-982e-45c3-bb95-bd086922df62@group-498A0D6B9843-SegmentedRaftLogWorker close()
2019-10-12 10:01:50,454 [main] INFO  impl.RaftServerImpl (RaftServerImpl.java:lambda$shutdown$3(247)) - 518b21fe-982e-45c3-bb95-bd086922df62@group-5751C3551726: shutdown
2019-10-12 10:01:50,454 [main] INFO  util.JmxRegister (JmxRegister.java:unregister(73)) - Successfully un-registered JMX Bean with object name Ratis:service=RaftServer,group=group-5751C3551726,id=518b21fe-982e-45c3-bb95-bd086922df62
2019-10-12 10:01:50,455 [main] INFO  impl.RoleInfo (RoleInfo.java:shutdownFollowerState(121)) - 518b21fe-982e-45c3-bb95-bd086922df62: shutdown FollowerState
2019-10-12 10:01:50,455 [main] INFO  impl.StateMachineUpdater (StateMachineUpdater.java:stopAndJoin(136)) - 518b21fe-982e-45c3-bb95-bd086922df62@group-5751C3551726-StateMachineUpdater: set stopIndex = -1
2019-10-12 10:01:50,455 [Thread-218] INFO  impl.FollowerState (FollowerState.java:run(117)) - 518b21fe-982e-45c3-bb95-bd086922df62@group-5751C3551726-FollowerState was interrupted: java.lang.InterruptedException: sleep interrupted
2019-10-12 10:01:50,456 [main] INFO  impl.RaftServerImpl (ServerState.java:close(387)) - 518b21fe-982e-45c3-bb95-bd086922df62@group-5751C3551726: closes. applyIndex: -1
2019-10-12 10:01:50,457 [518b21fe-982e-45c3-bb95-bd086922df62@group-5751C3551726-SegmentedRaftLogWorker] INFO  segmented.SegmentedRaftLogWorker (SegmentedRaftLogWorker.java:run(316)) - 518b21fe-982e-45c3-bb95-bd086922df62@group-5751C3551726-SegmentedRaftLogWorker was interrupted, exiting. There are 0 tasks remaining in the queue.
2019-10-12 10:01:50,457 [main] INFO  segmented.SegmentedRaftLogWorker (SegmentedRaftLogWorker.java:close(224)) - 518b21fe-982e-45c3-bb95-bd086922df62@group-5751C3551726-SegmentedRaftLogWorker close()
2019-10-12 10:01:50,459 [main] INFO  server.GrpcService (GrpcService.java:closeImpl(164)) - 518b21fe-982e-45c3-bb95-bd086922df62: shutdown server with port 43503 now
2019-10-12 10:01:50,465 [main] INFO  server.GrpcService (GrpcService.java:closeImpl(172)) - 518b21fe-982e-45c3-bb95-bd086922df62: shutdown server with port 43503 successfully
2019-10-12 10:01:50,470 [refreshUsed-/workdir/hadoop-ozone/integration-test/target/test-dir/MiniOzoneClusterImpl-d25b9cda-a646-4d2e-96a4-4218688eca8d/datanode-2/data/containers] WARN  fs.CachingGetSpaceUsed (CachingGetSpaceUsed.java:run(183)) - Thread Interrupted waiting to refresh disk information: sleep interrupted
2019-10-12 10:01:50,490 [main] INFO  utils.BackgroundService (BackgroundService.java:shutdown(151)) - Shutting down service BlockDeletingService
2019-10-12 10:01:50,493 [main] INFO  statemachine.DatanodeStateMachine (DatanodeStateMachine.java:stopDaemon(401)) - Ozone container server stopped.
2019-10-12 10:01:50,505 [main] INFO  handler.ContextHandler (ContextHandler.java:doStop(910)) - Stopped o.e.j.w.WebAppContext@6b350309{/,null,UNAVAILABLE}{/hddsDatanode}
2019-10-12 10:01:50,506 [main] INFO  server.AbstractConnector (AbstractConnector.java:doStop(318)) - Stopped ServerConnector@7ecec90d{HTTP/1.1,[http/1.1]}{0.0.0.0:0}
2019-10-12 10:01:50,507 [main] INFO  handler.ContextHandler (ContextHandler.java:doStop(910)) - Stopped o.e.j.s.ServletContextHandler@7100dea{/static,jar:file:/home/user/.m2/repository/org/apache/hadoop/hadoop-hdds-container-service/0.5.0-SNAPSHOT/hadoop-hdds-container-service-0.5.0-SNAPSHOT.jar!/webapps/static,UNAVAILABLE}
2019-10-12 10:01:50,507 [main] INFO  handler.ContextHandler (ContextHandler.java:doStop(910)) - Stopped o.e.j.s.ServletContextHandler@4d21c56e{/logs,file:///workdir/hadoop-ozone/integration-test/target/log,UNAVAILABLE}
2019-10-12 10:01:50,509 [main] INFO  ozone.MiniOzoneClusterImpl (MiniOzoneClusterImpl.java:stopSCM(397)) - Stopping the StorageContainerManager
2019-10-12 10:01:50,509 [main] INFO  server.StorageContainerManager (StorageContainerManager.java:stop(809)) - Stopping Replication Manager Service.
2019-10-12 10:01:50,509 [main] INFO  container.ReplicationManager (ReplicationManager.java:stop(203)) - Stopping Replication Monitor Thread.
2019-10-12 10:01:50,509 [main] INFO  server.StorageContainerManager (StorageContainerManager.java:stop(816)) - Stopping Lease Manager of the command watchers
2019-10-12 10:01:50,510 [main] INFO  server.StorageContainerManager (StorageContainerManager.java:stop(823)) - Stopping datanode service RPC server
2019-10-12 10:01:50,510 [main] INFO  server.SCMDatanodeProtocolServer (SCMDatanodeProtocolServer.java:stop(366)) - Stopping the RPC server for DataNodes
2019-10-12 10:01:50,510 [main] INFO  ipc.Server (Server.java:stop(3082)) - Stopping server on 38459
2019-10-12 10:01:50,511 [IPC Server listener on 38459] INFO  ipc.Server (Server.java:run(1185)) - Stopping IPC Server listener on 38459
2019-10-12 10:01:50,512 [IPC Server Responder] INFO  ipc.Server (Server.java:run(1319)) - Stopping IPC Server Responder
2019-10-12 10:01:50,594 [SCM Heartbeat Processing Thread - 0] WARN  node.NodeStateManager (NodeStateManager.java:scheduleNextHealthCheck(646)) - Current Thread is interrupted, shutting down HB processing thread for Node Manager.
2019-10-12 10:01:50,594 [main] INFO  server.StorageContainerManager (StorageContainerManager.java:stop(831)) - Stopping block service RPC server
2019-10-12 10:01:50,595 [main] INFO  server.SCMBlockProtocolServer (SCMBlockProtocolServer.java:stop(155)) - Stopping the RPC server for Block Protocol
2019-10-12 10:01:50,595 [main] INFO  ipc.Server (Server.java:stop(3082)) - Stopping server on 40698
2019-10-12 10:01:50,596 [main] INFO  server.StorageContainerManager (StorageContainerManager.java:stop(838)) - Stopping the StorageContainerLocationProtocol RPC server
2019-10-12 10:01:50,598 [main] INFO  server.SCMClientProtocolServer (SCMClientProtocolServer.java:stop(168)) - Stopping the RPC server for Client Protocol
2019-10-12 10:01:50,598 [IPC Server listener on 40698] INFO  ipc.Server (Server.java:run(1185)) - Stopping IPC Server listener on 40698
2019-10-12 10:01:50,598 [IPC Server Responder] INFO  ipc.Server (Server.java:run(1319)) - Stopping IPC Server Responder
2019-10-12 10:01:50,598 [main] INFO  ipc.Server (Server.java:stop(3082)) - Stopping server on 40022
2019-10-12 10:01:50,599 [IPC Server listener on 40022] INFO  ipc.Server (Server.java:run(1185)) - Stopping IPC Server listener on 40022
2019-10-12 10:01:50,599 [main] INFO  server.StorageContainerManager (StorageContainerManager.java:stop(845)) - Stopping Storage Container Manager HTTP server.
2019-10-12 10:01:50,601 [IPC Server Responder] INFO  ipc.Server (Server.java:run(1319)) - Stopping IPC Server Responder
2019-10-12 10:01:50,602 [main] INFO  handler.ContextHandler (ContextHandler.java:doStop(910)) - Stopped o.e.j.w.WebAppContext@51f49060{/,null,UNAVAILABLE}{/scm}
2019-10-12 10:01:50,603 [main] INFO  server.AbstractConnector (AbstractConnector.java:doStop(318)) - Stopped ServerConnector@46cc127b{HTTP/1.1,[http/1.1]}{0.0.0.0:0}
2019-10-12 10:01:50,603 [main] INFO  handler.ContextHandler (ContextHandler.java:doStop(910)) - Stopped o.e.j.s.ServletContextHandler@4d722ac9{/static,file:///workdir/hadoop-ozone/integration-test/target/test-classes/webapps/static,UNAVAILABLE}
2019-10-12 10:01:50,604 [main] INFO  handler.ContextHandler (ContextHandler.java:doStop(910)) - Stopped o.e.j.s.ServletContextHandler@2320fa6f{/logs,file:///workdir/hadoop-ozone/integration-test/target/log,UNAVAILABLE}
2019-10-12 10:01:50,606 [main] INFO  server.StorageContainerManager (StorageContainerManager.java:stop(856)) - Stopping Block Manager Service.
2019-10-12 10:01:50,606 [main] INFO  utils.BackgroundService (BackgroundService.java:shutdown(151)) - Shutting down service SCMBlockDeletingService
2019-10-12 10:01:50,607 [main] INFO  utils.BackgroundService (BackgroundService.java:shutdown(151)) - Shutting down service SCMBlockDeletingService
2019-10-12 10:01:50,608 [main] INFO  server.StorageContainerManager (StorageContainerManager.java:stop(878)) - Stopping SCM Event Queue.
2019-10-12 10:01:50,616 [main] INFO  impl.MetricsSystemImpl (MetricsSystemImpl.java:stop(210)) - Stopping XceiverClientMetrics metrics system...
2019-10-12 10:01:50,625 [prometheus] INFO  impl.MetricsSinkAdapter (MetricsSinkAdapter.java:publishMetricsFromQueue(141)) - prometheus thread interrupted.
2019-10-12 10:01:50,625 [main] INFO  impl.MetricsSystemImpl (MetricsSystemImpl.java:stop(216)) - XceiverClientMetrics metrics system stopped.
]]></system-out>
    <system-err><![CDATA[ERROR StatusLogger No Log4j 2 configuration file found. Using default configuration (logging only errors to the console), or user programmatically provided configurations. Set system property 'log4j2.debug' to show Log4j 2 internal initialization logging. See https://logging.apache.org/log4j/2.x/manual/configuration.html for instructions on how to configure Log4j 2
]]></system-err>
  </testcase>
  <testcase name="testFreeByEviction" classname="org.apache.hadoop.ozone.scm.TestXceiverClientManager" time="21.611">
    <failure message="Values should be different. Actual: org.apache.hadoop.hdds.scm.XceiverClientGrpc@fe7b6b0" type="java.lang.AssertionError">java.lang.AssertionError: Values should be different. Actual: org.apache.hadoop.hdds.scm.XceiverClientGrpc@fe7b6b0
	at org.junit.Assert.fail(Assert.java:88)
	at org.junit.Assert.failEquals(Assert.java:185)
	at org.junit.Assert.assertNotEquals(Assert.java:161)
	at org.junit.Assert.assertNotEquals(Assert.java:175)
	at org.apache.hadoop.ozone.scm.TestXceiverClientManager.testFreeByEviction(TestXceiverClientManager.java:197)
	at sun.reflect.NativeMethodAccessorImpl.invoke0(Native Method)
	at sun.reflect.NativeMethodAccessorImpl.invoke(NativeMethodAccessorImpl.java:62)
	at sun.reflect.DelegatingMethodAccessorImpl.invoke(DelegatingMethodAccessorImpl.java:43)
	at java.lang.reflect.Method.invoke(Method.java:498)
	at org.junit.runners.model.FrameworkMethod$1.runReflectiveCall(FrameworkMethod.java:47)
	at org.junit.internal.runners.model.ReflectiveCallable.run(ReflectiveCallable.java:12)
	at org.junit.runners.model.FrameworkMethod.invokeExplosively(FrameworkMethod.java:44)
	at org.junit.internal.runners.statements.InvokeMethod.evaluate(InvokeMethod.java:17)
	at org.junit.internal.runners.statements.RunBefores.evaluate(RunBefores.java:26)
	at org.junit.internal.runners.statements.RunAfters.evaluate(RunAfters.java:27)
	at org.junit.rules.ExpectedException$ExpectedExceptionStatement.evaluate(ExpectedException.java:168)
	at org.junit.rules.RunRules.evaluate(RunRules.java:20)
	at org.junit.runners.ParentRunner.runLeaf(ParentRunner.java:271)
	at org.junit.runners.BlockJUnit4ClassRunner.runChild(BlockJUnit4ClassRunner.java:70)
	at org.junit.runners.BlockJUnit4ClassRunner.runChild(BlockJUnit4ClassRunner.java:50)
	at org.junit.runners.ParentRunner$3.run(ParentRunner.java:238)
	at org.junit.runners.ParentRunner$1.schedule(ParentRunner.java:63)
	at org.junit.runners.ParentRunner.runChildren(ParentRunner.java:236)
	at org.junit.runners.ParentRunner.access$000(ParentRunner.java:53)
	at org.junit.runners.ParentRunner$2.evaluate(ParentRunner.java:229)
	at org.junit.runners.ParentRunner.run(ParentRunner.java:309)
	at org.apache.maven.surefire.junit4.JUnit4Provider.execute(JUnit4Provider.java:365)
	at org.apache.maven.surefire.junit4.JUnit4Provider.executeWithRerun(JUnit4Provider.java:273)
	at org.apache.maven.surefire.junit4.JUnit4Provider.executeTestSet(JUnit4Provider.java:238)
	at org.apache.maven.surefire.junit4.JUnit4Provider.invoke(JUnit4Provider.java:159)
	at org.apache.maven.surefire.booter.ForkedBooter.invokeProviderInSameClassLoader(ForkedBooter.java:384)
	at org.apache.maven.surefire.booter.ForkedBooter.runSuitesInProcess(ForkedBooter.java:345)
	at org.apache.maven.surefire.booter.ForkedBooter.execute(ForkedBooter.java:126)
	at org.apache.maven.surefire.booter.ForkedBooter.main(ForkedBooter.java:418)
</failure>
    <system-out><![CDATA[2019-10-12 10:01:50,692 [main] WARN  server.ServerUtils (ServerUtils.java:getScmDbDir(145)) - ozone.scm.db.dirs is not configured. We recommend adding this setting. Falling back to ozone.metadata.dirs instead.
2019-10-12 10:01:50,715 [main] WARN  server.ServerUtils (ServerUtils.java:getScmDbDir(145)) - ozone.scm.db.dirs is not configured. We recommend adding this setting. Falling back to ozone.metadata.dirs instead.
2019-10-12 10:01:50,716 [main] WARN  server.ServerUtils (ServerUtils.java:getScmDbDir(145)) - ozone.scm.db.dirs is not configured. We recommend adding this setting. Falling back to ozone.metadata.dirs instead.
2019-10-12 10:01:50,716 [main] INFO  db.DBStoreBuilder (DBStoreBuilder.java:addTable(117)) - using custom profile for table: deletedBlocks
2019-10-12 10:01:50,717 [main] INFO  db.DBStoreBuilder (DBStoreBuilder.java:processTables(168)) - Using default column profile:DBProfile.DISK for Table:deletedBlocks
2019-10-12 10:01:50,717 [main] INFO  db.DBStoreBuilder (DBStoreBuilder.java:addTable(117)) - using custom profile for table: validCerts
2019-10-12 10:01:50,717 [main] INFO  db.DBStoreBuilder (DBStoreBuilder.java:processTables(168)) - Using default column profile:DBProfile.DISK for Table:validCerts
2019-10-12 10:01:50,717 [main] INFO  db.DBStoreBuilder (DBStoreBuilder.java:addTable(117)) - using custom profile for table: revokedCerts
2019-10-12 10:01:50,718 [main] INFO  db.DBStoreBuilder (DBStoreBuilder.java:processTables(168)) - Using default column profile:DBProfile.DISK for Table:revokedCerts
2019-10-12 10:01:50,718 [main] INFO  db.DBStoreBuilder (DBStoreBuilder.java:addTable(117)) - using custom profile for table: default
2019-10-12 10:01:50,718 [main] INFO  db.DBStoreBuilder (DBStoreBuilder.java:processTables(174)) - Using default column profile:DBProfile.DISK for Table:default
2019-10-12 10:01:50,718 [main] INFO  db.DBStoreBuilder (DBStoreBuilder.java:getDbProfile(205)) - Using default options. DBProfile.DISK
2019-10-12 10:01:50,868 [main] INFO  net.NodeSchemaLoader (NodeSchemaLoader.java:loadSchemaFromFile(125)) - Loading file from sun.misc.CompoundEnumeration@173a6728
2019-10-12 10:01:50,869 [main] INFO  net.NodeSchemaLoader (NodeSchemaLoader.java:loadSchema(171)) - Loading network topology layer schema file
2019-10-12 10:01:50,876 [main] WARN  server.ServerUtils (ServerUtils.java:sanitizeUserArgs(70)) - ozone.scm.stale.node.interval value = 300000 is larger than max = 100000 based on the key value of ozone.scm.heartbeat.thread.interval, reset to the max value 100000.
2019-10-12 10:01:50,876 [main] WARN  server.ServerUtils (ServerUtils.java:sanitizeUserArgs(70)) - ozone.scm.stale.node.interval value = 300000 is larger than max = 100000 based on the key value of ozone.scm.heartbeat.thread.interval, reset to the max value 100000.
2019-10-12 10:01:50,877 [main] INFO  node.SCMNodeManager (SCMNodeManager.java:<init>(116)) - Entering startup safe mode.
2019-10-12 10:01:50,878 [main] INFO  algorithms.ContainerPlacementPolicyFactory (ContainerPlacementPolicyFactory.java:getPolicy(57)) - Create container placement policy of type org.apache.hadoop.hdds.scm.container.placement.algorithms.SCMContainerPlacementRandom
2019-10-12 10:01:50,879 [main] WARN  server.ServerUtils (ServerUtils.java:getScmDbDir(145)) - ozone.scm.db.dirs is not configured. We recommend adding this setting. Falling back to ozone.metadata.dirs instead.
2019-10-12 10:01:50,901 [main] INFO  pipeline.SCMPipelineManager (SCMPipelineManager.java:initializePipelineState(150)) - No pipeline exists in current db
2019-10-12 10:01:50,902 [main] WARN  server.ServerUtils (ServerUtils.java:getScmDbDir(145)) - ozone.scm.db.dirs is not configured. We recommend adding this setting. Falling back to ozone.metadata.dirs instead.
2019-10-12 10:01:50,928 [main] INFO  safemode.HealthyPipelineSafeModeRule (HealthyPipelineSafeModeRule.java:<init>(89)) -  Total pipeline count is 0, healthy pipeline threshold count is 1
2019-10-12 10:01:50,928 [main] INFO  safemode.OneReplicaPipelineSafeModeRule (OneReplicaPipelineSafeModeRule.java:<init>(88)) - Total pipeline count is 0, pipeline's with at least one datanode reported threshold count is 0
2019-10-12 10:01:50,929 [main] WARN  events.EventQueue (EventQueue.java:fireEvent(183)) - No event handler registered for event TypedEvent{payloadType=SafeModeStatus, name='SafeModeStatus'}
2019-10-12 10:01:50,930 [main] INFO  ipc.CallQueueManager (CallQueueManager.java:<init>(84)) - Using callQueue: class java.util.concurrent.LinkedBlockingQueue, queueCapacity: 2000, scheduler: class org.apache.hadoop.ipc.DefaultRpcScheduler, ipcBackoff: false.
2019-10-12 10:01:50,931 [Socket Reader #1 for port 33767] INFO  ipc.Server (Server.java:run(1074)) - Starting Socket Reader #1 for port 33767
2019-10-12 10:01:50,933 [main] INFO  ipc.CallQueueManager (CallQueueManager.java:<init>(84)) - Using callQueue: class java.util.concurrent.LinkedBlockingQueue, queueCapacity: 2000, scheduler: class org.apache.hadoop.ipc.DefaultRpcScheduler, ipcBackoff: false.
2019-10-12 10:01:50,934 [Socket Reader #1 for port 39872] INFO  ipc.Server (Server.java:run(1074)) - Starting Socket Reader #1 for port 39872
2019-10-12 10:01:50,936 [main] INFO  ipc.CallQueueManager (CallQueueManager.java:<init>(84)) - Using callQueue: class java.util.concurrent.LinkedBlockingQueue, queueCapacity: 2000, scheduler: class org.apache.hadoop.ipc.DefaultRpcScheduler, ipcBackoff: false.
2019-10-12 10:01:50,937 [Socket Reader #1 for port 44852] INFO  ipc.Server (Server.java:run(1074)) - Starting Socket Reader #1 for port 44852
2019-10-12 10:01:50,940 [main] INFO  hdfs.DFSUtil (DFSUtil.java:httpServerTemplateForNNAndJN(1641)) - Starting Web-server for scm at: http://0.0.0.0:0
2019-10-12 10:01:50,943 [main] INFO  server.AuthenticationFilter (AuthenticationFilter.java:constructSecretProvider(240)) - Unable to initialize FileSignerSecretProvider, falling back to use random secrets.
2019-10-12 10:01:50,944 [main] WARN  http.HttpRequestLog (HttpRequestLog.java:getRequestLog(97)) - Jetty request log can only be enabled using Log4j
2019-10-12 10:01:50,947 [main] INFO  http.HttpServer2 (HttpServer2.java:addGlobalFilter(975)) - Added global filter 'safety' (class=org.apache.hadoop.http.HttpServer2$QuotingInputFilter)
2019-10-12 10:01:50,948 [main] INFO  http.HttpServer2 (HttpServer2.java:addFilter(948)) - Added filter static_user_filter (class=org.apache.hadoop.http.lib.StaticUserWebFilter$StaticUserFilter) to context scm
2019-10-12 10:01:50,948 [main] INFO  http.HttpServer2 (HttpServer2.java:addFilter(958)) - Added filter static_user_filter (class=org.apache.hadoop.http.lib.StaticUserWebFilter$StaticUserFilter) to context static
2019-10-12 10:01:50,949 [main] INFO  http.HttpServer2 (HttpServer2.java:addFilter(958)) - Added filter static_user_filter (class=org.apache.hadoop.http.lib.StaticUserWebFilter$StaticUserFilter) to context logs
2019-10-12 10:01:50,953 [main] INFO  server.StorageContainerManager (StorageContainerManager.java:start(771)) - StorageContainerLocationProtocol RPC server is listening at /0.0.0.0:44852
2019-10-12 10:01:50,956 [main] WARN  impl.MetricsConfig (MetricsConfig.java:loadFirst(134)) - Cannot locate configuration: tried hadoop-metrics2-storagecontainermanager.properties,hadoop-metrics2.properties
2019-10-12 10:01:50,957 [main] INFO  impl.MetricsSystemImpl (MetricsSystemImpl.java:startTimer(374)) - Scheduled Metric snapshot period at 10 second(s).
2019-10-12 10:01:50,958 [main] INFO  impl.MetricsSystemImpl (MetricsSystemImpl.java:start(191)) - StorageContainerManager metrics system started
2019-10-12 10:01:50,982 [main] WARN  impl.MetricsSystemImpl (MetricsSystemImpl.java:register(276)) - Sink prometheus already exists!
2019-10-12 10:01:50,991 [main] INFO  server.SCMClientProtocolServer (SCMClientProtocolServer.java:start(159)) - RPC server for Client  is listening at /0.0.0.0:44852
2019-10-12 10:01:50,991 [IPC Server Responder] INFO  ipc.Server (Server.java:run(1314)) - IPC Server Responder: starting
2019-10-12 10:01:50,991 [IPC Server listener on 44852] INFO  ipc.Server (Server.java:run(1153)) - IPC Server listener on 44852: starting
2019-10-12 10:01:50,996 [main] INFO  server.StorageContainerManager (StorageContainerManager.java:start(781)) - ScmBlockLocationProtocol RPC server is listening at /0.0.0.0:39872
2019-10-12 10:01:50,996 [main] INFO  server.SCMBlockProtocolServer (SCMBlockProtocolServer.java:start(146)) - RPC server for Block Protocol is listening at /0.0.0.0:39872
2019-10-12 10:01:50,997 [IPC Server Responder] INFO  ipc.Server (Server.java:run(1314)) - IPC Server Responder: starting
2019-10-12 10:01:50,997 [IPC Server listener on 39872] INFO  ipc.Server (Server.java:run(1153)) - IPC Server listener on 39872: starting
2019-10-12 10:01:51,001 [main] INFO  server.StorageContainerManager (StorageContainerManager.java:start(785)) - ScmDatanodeProtocl RPC server is listening at /0.0.0.0:33767
2019-10-12 10:01:51,001 [main] INFO  server.SCMDatanodeProtocolServer (SCMDatanodeProtocolServer.java:start(177)) - RPC server for DataNodes is listening at /0.0.0.0:33767
2019-10-12 10:01:51,002 [IPC Server Responder] INFO  ipc.Server (Server.java:run(1314)) - IPC Server Responder: starting
2019-10-12 10:01:51,002 [IPC Server listener on 33767] INFO  ipc.Server (Server.java:run(1153)) - IPC Server listener on 33767: starting
2019-10-12 10:01:51,006 [main] INFO  http.HttpServer2 (HttpServer2.java:bindListener(1191)) - Jetty bound to port 46636
2019-10-12 10:01:51,006 [main] INFO  server.Server (Server.java:doStart(351)) - jetty-9.3.25.v20180904, build timestamp: 2018-09-04T21:11:46Z, git hash: 3ce520221d0240229c862b122d2b06c12a625732
2019-10-12 10:01:51,008 [main] INFO  handler.ContextHandler (ContextHandler.java:doStart(781)) - Started o.e.j.s.ServletContextHandler@3240b2a4{/logs,file:///workdir/hadoop-ozone/integration-test/target/log,AVAILABLE}
2019-10-12 10:01:51,009 [main] INFO  handler.ContextHandler (ContextHandler.java:doStart(781)) - Started o.e.j.s.ServletContextHandler@7d3fb0ef{/static,file:///workdir/hadoop-ozone/integration-test/target/test-classes/webapps/static,AVAILABLE}
2019-10-12 10:01:51,014 [main] INFO  handler.ContextHandler (ContextHandler.java:doStart(781)) - Started o.e.j.w.WebAppContext@7fb66650{/,file:///workdir/hadoop-ozone/integration-test/target/test-classes/webapps/scm/,AVAILABLE}{/scm}
2019-10-12 10:01:51,015 [main] INFO  server.AbstractConnector (AbstractConnector.java:doStart(278)) - Started ServerConnector@1a96d94c{HTTP/1.1,[http/1.1]}{0.0.0.0:46636}
2019-10-12 10:01:51,015 [main] INFO  server.Server (Server.java:doStart(419)) - Started @27497ms
2019-10-12 10:01:51,015 [main] WARN  impl.MetricsSystemImpl (MetricsSystemImpl.java:register(276)) - Sink prometheus already exists!
2019-10-12 10:01:51,016 [main] INFO  server.BaseHttpServer (BaseHttpServer.java:updateConnectorAddress(215)) - HTTP server of SCM is listening at http://0.0.0.0:46636
2019-10-12 10:01:51,018 [org.apache.hadoop.util.JvmPauseMonitor$Monitor@ae202c6] INFO  util.JvmPauseMonitor (JvmPauseMonitor.java:run(188)) - Starting JVM pause monitor
2019-10-12 10:01:51,018 [main] WARN  server.ServerUtils (ServerUtils.java:getDBPath(222)) - ozone.om.db.dirs is not configured. We recommend adding this setting. Falling back to ozone.metadata.dirs instead.
2019-10-12 10:01:51,037 [main] INFO  ha.OMHANodeDetails (OMHANodeDetails.java:loadOMHAConfig(190)) - Configuration either no ozone.om.address set. Falling back to the default OM address /127.0.0.1:0
2019-10-12 10:01:51,038 [main] INFO  ha.OMHANodeDetails (OMHANodeDetails.java:getOMNodeDetails(220)) - OM Service ID is not set. Setting it to the default ID: omServiceIdDefault
2019-10-12 10:01:51,038 [main] WARN  server.ServerUtils (ServerUtils.java:getDBPath(222)) - ozone.om.db.dirs is not configured. We recommend adding this setting. Falling back to ozone.metadata.dirs instead.
2019-10-12 10:01:51,039 [main] WARN  server.ServerUtils (ServerUtils.java:getDBPath(222)) - ozone.om.db.dirs is not configured. We recommend adding this setting. Falling back to ozone.metadata.dirs instead.
2019-10-12 10:01:51,051 [main] WARN  server.ServerUtils (ServerUtils.java:getDBPath(222)) - ozone.om.db.dirs is not configured. We recommend adding this setting. Falling back to ozone.metadata.dirs instead.
2019-10-12 10:01:51,052 [main] INFO  db.DBStoreBuilder (DBStoreBuilder.java:addTable(117)) - using custom profile for table: userTable
2019-10-12 10:01:51,052 [main] INFO  db.DBStoreBuilder (DBStoreBuilder.java:processTables(168)) - Using default column profile:DBProfile.DISK for Table:userTable
2019-10-12 10:01:51,053 [main] INFO  db.DBStoreBuilder (DBStoreBuilder.java:addTable(117)) - using custom profile for table: volumeTable
2019-10-12 10:01:51,053 [main] INFO  db.DBStoreBuilder (DBStoreBuilder.java:processTables(168)) - Using default column profile:DBProfile.DISK for Table:volumeTable
2019-10-12 10:01:51,053 [main] INFO  db.DBStoreBuilder (DBStoreBuilder.java:addTable(117)) - using custom profile for table: bucketTable
2019-10-12 10:01:51,054 [main] INFO  db.DBStoreBuilder (DBStoreBuilder.java:processTables(168)) - Using default column profile:DBProfile.DISK for Table:bucketTable
2019-10-12 10:01:51,054 [main] INFO  db.DBStoreBuilder (DBStoreBuilder.java:addTable(117)) - using custom profile for table: keyTable
2019-10-12 10:01:51,054 [main] INFO  db.DBStoreBuilder (DBStoreBuilder.java:processTables(168)) - Using default column profile:DBProfile.DISK for Table:keyTable
2019-10-12 10:01:51,054 [main] INFO  db.DBStoreBuilder (DBStoreBuilder.java:addTable(117)) - using custom profile for table: deletedTable
2019-10-12 10:01:51,055 [main] INFO  db.DBStoreBuilder (DBStoreBuilder.java:processTables(168)) - Using default column profile:DBProfile.DISK for Table:deletedTable
2019-10-12 10:01:51,055 [main] INFO  db.DBStoreBuilder (DBStoreBuilder.java:addTable(117)) - using custom profile for table: openKeyTable
2019-10-12 10:01:51,055 [main] INFO  db.DBStoreBuilder (DBStoreBuilder.java:processTables(168)) - Using default column profile:DBProfile.DISK for Table:openKeyTable
2019-10-12 10:01:51,056 [main] INFO  db.DBStoreBuilder (DBStoreBuilder.java:addTable(117)) - using custom profile for table: s3Table
2019-10-12 10:01:51,056 [main] INFO  db.DBStoreBuilder (DBStoreBuilder.java:processTables(168)) - Using default column profile:DBProfile.DISK for Table:s3Table
2019-10-12 10:01:51,056 [main] INFO  db.DBStoreBuilder (DBStoreBuilder.java:addTable(117)) - using custom profile for table: multipartInfoTable
2019-10-12 10:01:51,056 [main] INFO  db.DBStoreBuilder (DBStoreBuilder.java:processTables(168)) - Using default column profile:DBProfile.DISK for Table:multipartInfoTable
2019-10-12 10:01:51,057 [main] INFO  db.DBStoreBuilder (DBStoreBuilder.java:addTable(117)) - using custom profile for table: dTokenTable
2019-10-12 10:01:51,057 [main] INFO  db.DBStoreBuilder (DBStoreBuilder.java:processTables(168)) - Using default column profile:DBProfile.DISK for Table:dTokenTable
2019-10-12 10:01:51,057 [main] INFO  db.DBStoreBuilder (DBStoreBuilder.java:addTable(117)) - using custom profile for table: s3SecretTable
2019-10-12 10:01:51,057 [main] INFO  db.DBStoreBuilder (DBStoreBuilder.java:processTables(168)) - Using default column profile:DBProfile.DISK for Table:s3SecretTable
2019-10-12 10:01:51,058 [main] INFO  db.DBStoreBuilder (DBStoreBuilder.java:addTable(117)) - using custom profile for table: prefixTable
2019-10-12 10:01:51,058 [main] INFO  db.DBStoreBuilder (DBStoreBuilder.java:processTables(168)) - Using default column profile:DBProfile.DISK for Table:prefixTable
2019-10-12 10:01:51,058 [main] INFO  db.DBStoreBuilder (DBStoreBuilder.java:addTable(117)) - using custom profile for table: default
2019-10-12 10:01:51,058 [main] INFO  db.DBStoreBuilder (DBStoreBuilder.java:processTables(174)) - Using default column profile:DBProfile.DISK for Table:default
2019-10-12 10:01:51,059 [main] INFO  db.DBStoreBuilder (DBStoreBuilder.java:getDbProfile(205)) - Using default options. DBProfile.DISK
2019-10-12 10:01:51,464 [main] INFO  ipc.CallQueueManager (CallQueueManager.java:<init>(84)) - Using callQueue: class java.util.concurrent.LinkedBlockingQueue, queueCapacity: 2000, scheduler: class org.apache.hadoop.ipc.DefaultRpcScheduler, ipcBackoff: false.
2019-10-12 10:01:51,466 [Socket Reader #1 for port 42794] INFO  ipc.Server (Server.java:run(1074)) - Starting Socket Reader #1 for port 42794
2019-10-12 10:01:51,493 [main] INFO  om.OzoneManager (OzoneManager.java:start(1071)) - OzoneManager RPC server is listening at localhost/127.0.0.1:42794
2019-10-12 10:01:51,494 [main] INFO  impl.MetricsSystemImpl (MetricsSystemImpl.java:init(158)) - OzoneManager metrics system started (again)
2019-10-12 10:01:51,495 [IPC Server Responder] INFO  ipc.Server (Server.java:run(1314)) - IPC Server Responder: starting
2019-10-12 10:01:51,495 [IPC Server listener on 42794] INFO  ipc.Server (Server.java:run(1153)) - IPC Server listener on 42794: starting
2019-10-12 10:01:51,502 [main] INFO  hdfs.DFSUtil (DFSUtil.java:httpServerTemplateForNNAndJN(1641)) - Starting Web-server for ozoneManager at: http://0.0.0.0:0
2019-10-12 10:01:51,504 [main] INFO  server.AuthenticationFilter (AuthenticationFilter.java:constructSecretProvider(240)) - Unable to initialize FileSignerSecretProvider, falling back to use random secrets.
2019-10-12 10:01:51,505 [main] WARN  http.HttpRequestLog (HttpRequestLog.java:getRequestLog(97)) - Jetty request log can only be enabled using Log4j
2019-10-12 10:01:51,508 [main] INFO  http.HttpServer2 (HttpServer2.java:addGlobalFilter(975)) - Added global filter 'safety' (class=org.apache.hadoop.http.HttpServer2$QuotingInputFilter)
2019-10-12 10:01:51,509 [main] INFO  http.HttpServer2 (HttpServer2.java:addFilter(948)) - Added filter static_user_filter (class=org.apache.hadoop.http.lib.StaticUserWebFilter$StaticUserFilter) to context ozoneManager
2019-10-12 10:01:51,509 [main] INFO  http.HttpServer2 (HttpServer2.java:addFilter(958)) - Added filter static_user_filter (class=org.apache.hadoop.http.lib.StaticUserWebFilter$StaticUserFilter) to context static
2019-10-12 10:01:51,509 [main] INFO  http.HttpServer2 (HttpServer2.java:addFilter(958)) - Added filter static_user_filter (class=org.apache.hadoop.http.lib.StaticUserWebFilter$StaticUserFilter) to context logs
2019-10-12 10:01:51,511 [main] INFO  http.HttpServer2 (HttpServer2.java:bindListener(1191)) - Jetty bound to port 36148
2019-10-12 10:01:51,511 [main] INFO  server.Server (Server.java:doStart(351)) - jetty-9.3.25.v20180904, build timestamp: 2018-09-04T21:11:46Z, git hash: 3ce520221d0240229c862b122d2b06c12a625732
2019-10-12 10:01:51,514 [main] INFO  handler.ContextHandler (ContextHandler.java:doStart(781)) - Started o.e.j.s.ServletContextHandler@70730db{/logs,file:///workdir/hadoop-ozone/integration-test/target/log,AVAILABLE}
2019-10-12 10:01:51,515 [main] INFO  handler.ContextHandler (ContextHandler.java:doStart(781)) - Started o.e.j.s.ServletContextHandler@12704e15{/static,file:///workdir/hadoop-ozone/integration-test/target/test-classes/webapps/static,AVAILABLE}
2019-10-12 10:01:51,521 [main] INFO  handler.ContextHandler (ContextHandler.java:doStart(781)) - Started o.e.j.w.WebAppContext@5578be42{/,file:///workdir/hadoop-ozone/integration-test/target/test-classes/webapps/ozoneManager/,AVAILABLE}{/ozoneManager}
2019-10-12 10:01:51,522 [main] INFO  server.AbstractConnector (AbstractConnector.java:doStart(278)) - Started ServerConnector@4e49ce2b{HTTP/1.1,[http/1.1]}{0.0.0.0:36148}
2019-10-12 10:01:51,523 [main] INFO  server.Server (Server.java:doStart(419)) - Started @28004ms
2019-10-12 10:01:51,523 [main] WARN  impl.MetricsSystemImpl (MetricsSystemImpl.java:register(276)) - Sink prometheus already exists!
2019-10-12 10:01:51,524 [main] INFO  server.BaseHttpServer (BaseHttpServer.java:updateConnectorAddress(215)) - HTTP server of OZONEMANAGER is listening at http://0.0.0.0:36148
2019-10-12 10:01:51,538 [main] INFO  impl.MetricsSystemImpl (MetricsSystemImpl.java:init(158)) - HddsDatanode metrics system started (again)
2019-10-12 10:01:51,542 [main] INFO  ozone.HddsDatanodeService (HddsDatanodeService.java:start(184)) - HddsDatanodeService host:pr-hdds-2034-qjlc4-3656631144 ip:192.168.5.134
2019-10-12 10:01:51,552 [main] INFO  volume.HddsVolume (HddsVolume.java:<init>(176)) - Creating Volume: /workdir/hadoop-ozone/integration-test/target/test-dir/MiniOzoneClusterImpl-4cb53824-6e96-47a6-8d5a-f4ff5b9ad058/datanode-0/data/containers/hdds of  storage type : DISK and capacity : 1482555576320
2019-10-12 10:01:51,552 [main] INFO  volume.VolumeSet (VolumeSet.java:initializeVolumeSet(170)) - Added Volume : /workdir/hadoop-ozone/integration-test/target/test-dir/MiniOzoneClusterImpl-4cb53824-6e96-47a6-8d5a-f4ff5b9ad058/datanode-0/data/containers/hdds to VolumeSet
2019-10-12 10:01:51,553 [main] INFO  volume.ThrottledAsyncChecker (ThrottledAsyncChecker.java:schedule(141)) - Scheduling a check for org.apache.hadoop.ozone.container.common.volume.HddsVolume@529c2a9a
2019-10-12 10:01:51,553 [main] INFO  volume.HddsVolumeChecker (HddsVolumeChecker.java:checkAllVolumes(204)) - Scheduled health check for volume org.apache.hadoop.ozone.container.common.volume.HddsVolume@529c2a9a
2019-10-12 10:01:51,580 [main] INFO  impl.RaftServerProxy (ConfUtils.java:logGet(43)) - raft.rpc.type = GRPC (default)
2019-10-12 10:01:51,581 [main] INFO  grpc.GrpcFactory (GrpcFactory.java:checkPooledByteBufAllocatorUseCacheForAllThreads(45)) - PERFORMANCE WARNING: useCacheForAllThreads is true that may cause Netty to create a lot garbage objects and, as a result, trigger GC.
	It is recommended to disable useCacheForAllThreads by setting -Dorg.apache.ratis.thirdparty.io.netty.allocator.useCacheForAllThreads=false in command line.
2019-10-12 10:01:51,581 [main] INFO  grpc.GrpcConfigKeys$Server (ConfUtils.java:logGet(43)) - raft.grpc.server.port = 0 (default)
2019-10-12 10:01:51,582 [main] INFO  server.GrpcService (ConfUtils.java:logGet(43)) - raft.grpc.message.size.max = 33570816 (custom)
2019-10-12 10:01:51,582 [main] INFO  server.RaftServerConfigKeys (ConfUtils.java:logGet(43)) - raft.server.log.appender.buffer.byte-limit = 33554432 (custom)
2019-10-12 10:01:51,583 [main] INFO  server.GrpcService (ConfUtils.java:logGet(43)) - raft.grpc.flow.control.window = 1MB (=1048576) (default)
2019-10-12 10:01:51,583 [main] INFO  server.RaftServerConfigKeys (ConfUtils.java:logGet(43)) - raft.server.rpc.request.timeout = 3000ms (default)
2019-10-12 10:01:51,584 [main] INFO  server.RaftServerConfigKeys (ConfUtils.java:logGet(43)) - raft.server.storage.dir = [/workdir/hadoop-ozone/integration-test/target/test-dir/MiniOzoneClusterImpl-4cb53824-6e96-47a6-8d5a-f4ff5b9ad058/datanode-0/data/ratis] (custom)
2019-10-12 10:01:51,587 [main] INFO  hdfs.DFSUtil (DFSUtil.java:httpServerTemplateForNNAndJN(1641)) - Starting Web-server for hddsDatanode at: http://0.0.0.0:0
2019-10-12 10:01:51,589 [main] INFO  server.AuthenticationFilter (AuthenticationFilter.java:constructSecretProvider(240)) - Unable to initialize FileSignerSecretProvider, falling back to use random secrets.
2019-10-12 10:01:51,590 [main] WARN  http.HttpRequestLog (HttpRequestLog.java:getRequestLog(97)) - Jetty request log can only be enabled using Log4j
2019-10-12 10:01:51,593 [main] INFO  http.HttpServer2 (HttpServer2.java:addGlobalFilter(975)) - Added global filter 'safety' (class=org.apache.hadoop.http.HttpServer2$QuotingInputFilter)
2019-10-12 10:01:51,594 [main] INFO  http.HttpServer2 (HttpServer2.java:addFilter(948)) - Added filter static_user_filter (class=org.apache.hadoop.http.lib.StaticUserWebFilter$StaticUserFilter) to context hddsDatanode
2019-10-12 10:01:51,594 [main] INFO  http.HttpServer2 (HttpServer2.java:addFilter(958)) - Added filter static_user_filter (class=org.apache.hadoop.http.lib.StaticUserWebFilter$StaticUserFilter) to context static
2019-10-12 10:01:51,594 [main] INFO  http.HttpServer2 (HttpServer2.java:addFilter(958)) - Added filter static_user_filter (class=org.apache.hadoop.http.lib.StaticUserWebFilter$StaticUserFilter) to context logs
2019-10-12 10:01:51,596 [main] INFO  http.HttpServer2 (HttpServer2.java:bindListener(1191)) - Jetty bound to port 38059
2019-10-12 10:01:51,596 [main] INFO  server.Server (Server.java:doStart(351)) - jetty-9.3.25.v20180904, build timestamp: 2018-09-04T21:11:46Z, git hash: 3ce520221d0240229c862b122d2b06c12a625732
2019-10-12 10:01:51,599 [main] INFO  handler.ContextHandler (ContextHandler.java:doStart(781)) - Started o.e.j.s.ServletContextHandler@440e3ce6{/logs,file:///workdir/hadoop-ozone/integration-test/target/log,AVAILABLE}
2019-10-12 10:01:51,600 [main] INFO  handler.ContextHandler (ContextHandler.java:doStart(781)) - Started o.e.j.s.ServletContextHandler@fd53053{/static,jar:file:/home/user/.m2/repository/org/apache/hadoop/hadoop-hdds-container-service/0.5.0-SNAPSHOT/hadoop-hdds-container-service-0.5.0-SNAPSHOT.jar!/webapps/static,AVAILABLE}
2019-10-12 10:01:51,651 [main] INFO  handler.ContextHandler (ContextHandler.java:doStart(781)) - Started o.e.j.w.WebAppContext@68ac9ec5{/,file:///tmp/jetty-0.0.0.0-38059-hddsDatanode-_-any-8170706154821166738.dir/webapp/,AVAILABLE}{/hddsDatanode}
2019-10-12 10:01:51,652 [main] INFO  server.AbstractConnector (AbstractConnector.java:doStart(278)) - Started ServerConnector@a50d709{HTTP/1.1,[http/1.1]}{0.0.0.0:38059}
2019-10-12 10:01:51,653 [main] INFO  server.Server (Server.java:doStart(419)) - Started @28135ms
2019-10-12 10:01:51,653 [main] WARN  impl.MetricsSystemImpl (MetricsSystemImpl.java:register(276)) - Sink prometheus already exists!
2019-10-12 10:01:51,654 [main] INFO  server.BaseHttpServer (BaseHttpServer.java:updateConnectorAddress(215)) - HTTP server of HDDSDATANODE is listening at http://0.0.0.0:38059
2019-10-12 10:01:51,655 [main] INFO  impl.MetricsSystemImpl (MetricsSystemImpl.java:init(158)) - HddsDatanode metrics system started (again)
2019-10-12 10:01:51,658 [org.apache.hadoop.util.JvmPauseMonitor$Monitor@5130bb46] INFO  util.JvmPauseMonitor (JvmPauseMonitor.java:run(188)) - Starting JVM pause monitor
2019-10-12 10:01:51,659 [main] INFO  ozone.HddsDatanodeService (HddsDatanodeService.java:start(184)) - HddsDatanodeService host:pr-hdds-2034-qjlc4-3656631144 ip:192.168.5.134
2019-10-12 10:01:51,662 [Datanode State Machine Thread - 0] INFO  datanode.InitDatanodeState (InitDatanodeState.java:persistContainerDatanodeDetails(140)) - DatanodeDetails is persisted to /workdir/hadoop-ozone/integration-test/target/test-dir/MiniOzoneClusterImpl-4cb53824-6e96-47a6-8d5a-f4ff5b9ad058/datanode-0/meta/datanode.id
2019-10-12 10:01:51,670 [main] INFO  volume.HddsVolume (HddsVolume.java:<init>(176)) - Creating Volume: /workdir/hadoop-ozone/integration-test/target/test-dir/MiniOzoneClusterImpl-4cb53824-6e96-47a6-8d5a-f4ff5b9ad058/datanode-1/data/containers/hdds of  storage type : DISK and capacity : 1482555576320
2019-10-12 10:01:51,670 [main] INFO  volume.VolumeSet (VolumeSet.java:initializeVolumeSet(170)) - Added Volume : /workdir/hadoop-ozone/integration-test/target/test-dir/MiniOzoneClusterImpl-4cb53824-6e96-47a6-8d5a-f4ff5b9ad058/datanode-1/data/containers/hdds to VolumeSet
2019-10-12 10:01:51,671 [main] INFO  volume.ThrottledAsyncChecker (ThrottledAsyncChecker.java:schedule(141)) - Scheduling a check for org.apache.hadoop.ozone.container.common.volume.HddsVolume@3bbf6abe
2019-10-12 10:01:51,671 [main] INFO  volume.HddsVolumeChecker (HddsVolumeChecker.java:checkAllVolumes(204)) - Scheduled health check for volume org.apache.hadoop.ozone.container.common.volume.HddsVolume@3bbf6abe
2019-10-12 10:01:51,694 [main] INFO  impl.RaftServerProxy (ConfUtils.java:logGet(43)) - raft.rpc.type = GRPC (default)
2019-10-12 10:01:51,694 [main] INFO  grpc.GrpcFactory (GrpcFactory.java:checkPooledByteBufAllocatorUseCacheForAllThreads(45)) - PERFORMANCE WARNING: useCacheForAllThreads is true that may cause Netty to create a lot garbage objects and, as a result, trigger GC.
	It is recommended to disable useCacheForAllThreads by setting -Dorg.apache.ratis.thirdparty.io.netty.allocator.useCacheForAllThreads=false in command line.
2019-10-12 10:01:51,694 [main] INFO  grpc.GrpcConfigKeys$Server (ConfUtils.java:logGet(43)) - raft.grpc.server.port = 0 (default)
2019-10-12 10:01:51,695 [main] INFO  server.GrpcService (ConfUtils.java:logGet(43)) - raft.grpc.message.size.max = 33570816 (custom)
2019-10-12 10:01:51,695 [main] INFO  server.RaftServerConfigKeys (ConfUtils.java:logGet(43)) - raft.server.log.appender.buffer.byte-limit = 33554432 (custom)
2019-10-12 10:01:51,695 [main] INFO  server.GrpcService (ConfUtils.java:logGet(43)) - raft.grpc.flow.control.window = 1MB (=1048576) (default)
2019-10-12 10:01:51,696 [main] INFO  server.RaftServerConfigKeys (ConfUtils.java:logGet(43)) - raft.server.rpc.request.timeout = 3000ms (default)
2019-10-12 10:01:51,696 [main] INFO  server.RaftServerConfigKeys (ConfUtils.java:logGet(43)) - raft.server.storage.dir = [/workdir/hadoop-ozone/integration-test/target/test-dir/MiniOzoneClusterImpl-4cb53824-6e96-47a6-8d5a-f4ff5b9ad058/datanode-1/data/ratis] (custom)
2019-10-12 10:01:51,699 [main] INFO  hdfs.DFSUtil (DFSUtil.java:httpServerTemplateForNNAndJN(1641)) - Starting Web-server for hddsDatanode at: http://0.0.0.0:0
2019-10-12 10:01:51,701 [main] INFO  server.AuthenticationFilter (AuthenticationFilter.java:constructSecretProvider(240)) - Unable to initialize FileSignerSecretProvider, falling back to use random secrets.
2019-10-12 10:01:51,701 [main] WARN  http.HttpRequestLog (HttpRequestLog.java:getRequestLog(97)) - Jetty request log can only be enabled using Log4j
2019-10-12 10:01:51,704 [main] INFO  http.HttpServer2 (HttpServer2.java:addGlobalFilter(975)) - Added global filter 'safety' (class=org.apache.hadoop.http.HttpServer2$QuotingInputFilter)
2019-10-12 10:01:51,705 [main] INFO  http.HttpServer2 (HttpServer2.java:addFilter(948)) - Added filter static_user_filter (class=org.apache.hadoop.http.lib.StaticUserWebFilter$StaticUserFilter) to context hddsDatanode
2019-10-12 10:01:51,705 [main] INFO  http.HttpServer2 (HttpServer2.java:addFilter(958)) - Added filter static_user_filter (class=org.apache.hadoop.http.lib.StaticUserWebFilter$StaticUserFilter) to context static
2019-10-12 10:01:51,705 [main] INFO  http.HttpServer2 (HttpServer2.java:addFilter(958)) - Added filter static_user_filter (class=org.apache.hadoop.http.lib.StaticUserWebFilter$StaticUserFilter) to context logs
2019-10-12 10:01:51,706 [main] INFO  http.HttpServer2 (HttpServer2.java:bindListener(1191)) - Jetty bound to port 38129
2019-10-12 10:01:51,707 [main] INFO  server.Server (Server.java:doStart(351)) - jetty-9.3.25.v20180904, build timestamp: 2018-09-04T21:11:46Z, git hash: 3ce520221d0240229c862b122d2b06c12a625732
2019-10-12 10:01:51,812 [main] INFO  handler.ContextHandler (ContextHandler.java:doStart(781)) - Started o.e.j.s.ServletContextHandler@20d87335{/logs,file:///workdir/hadoop-ozone/integration-test/target/log,AVAILABLE}
2019-10-12 10:01:51,814 [main] INFO  handler.ContextHandler (ContextHandler.java:doStart(781)) - Started o.e.j.s.ServletContextHandler@26c89563{/static,jar:file:/home/user/.m2/repository/org/apache/hadoop/hadoop-hdds-container-service/0.5.0-SNAPSHOT/hadoop-hdds-container-service-0.5.0-SNAPSHOT.jar!/webapps/static,AVAILABLE}
2019-10-12 10:01:51,876 [main] INFO  handler.ContextHandler (ContextHandler.java:doStart(781)) - Started o.e.j.w.WebAppContext@4b4eced1{/,file:///tmp/jetty-0.0.0.0-38129-hddsDatanode-_-any-8493061940687066794.dir/webapp/,AVAILABLE}{/hddsDatanode}
2019-10-12 10:01:51,877 [main] INFO  server.AbstractConnector (AbstractConnector.java:doStart(278)) - Started ServerConnector@71926a36{HTTP/1.1,[http/1.1]}{0.0.0.0:38129}
2019-10-12 10:01:51,878 [main] INFO  server.Server (Server.java:doStart(419)) - Started @28359ms
2019-10-12 10:01:51,878 [main] WARN  impl.MetricsSystemImpl (MetricsSystemImpl.java:register(276)) - Sink prometheus already exists!
2019-10-12 10:01:51,879 [main] INFO  server.BaseHttpServer (BaseHttpServer.java:updateConnectorAddress(215)) - HTTP server of HDDSDATANODE is listening at http://0.0.0.0:38129
2019-10-12 10:01:51,880 [main] INFO  impl.MetricsSystemImpl (MetricsSystemImpl.java:init(158)) - HddsDatanode metrics system started (again)
2019-10-12 10:01:51,884 [org.apache.hadoop.util.JvmPauseMonitor$Monitor@37a81720] INFO  util.JvmPauseMonitor (JvmPauseMonitor.java:run(188)) - Starting JVM pause monitor
2019-10-12 10:01:51,885 [main] INFO  ozone.HddsDatanodeService (HddsDatanodeService.java:start(184)) - HddsDatanodeService host:pr-hdds-2034-qjlc4-3656631144 ip:192.168.5.134
2019-10-12 10:01:51,887 [Datanode State Machine Thread - 0] INFO  datanode.InitDatanodeState (InitDatanodeState.java:persistContainerDatanodeDetails(140)) - DatanodeDetails is persisted to /workdir/hadoop-ozone/integration-test/target/test-dir/MiniOzoneClusterImpl-4cb53824-6e96-47a6-8d5a-f4ff5b9ad058/datanode-1/meta/datanode.id
2019-10-12 10:01:51,895 [main] INFO  volume.HddsVolume (HddsVolume.java:<init>(176)) - Creating Volume: /workdir/hadoop-ozone/integration-test/target/test-dir/MiniOzoneClusterImpl-4cb53824-6e96-47a6-8d5a-f4ff5b9ad058/datanode-2/data/containers/hdds of  storage type : DISK and capacity : 1482555576320
2019-10-12 10:01:51,895 [main] INFO  volume.VolumeSet (VolumeSet.java:initializeVolumeSet(170)) - Added Volume : /workdir/hadoop-ozone/integration-test/target/test-dir/MiniOzoneClusterImpl-4cb53824-6e96-47a6-8d5a-f4ff5b9ad058/datanode-2/data/containers/hdds to VolumeSet
2019-10-12 10:01:51,896 [main] INFO  volume.ThrottledAsyncChecker (ThrottledAsyncChecker.java:schedule(141)) - Scheduling a check for org.apache.hadoop.ozone.container.common.volume.HddsVolume@69d23296
2019-10-12 10:01:51,896 [main] INFO  volume.HddsVolumeChecker (HddsVolumeChecker.java:checkAllVolumes(204)) - Scheduled health check for volume org.apache.hadoop.ozone.container.common.volume.HddsVolume@69d23296
2019-10-12 10:01:51,919 [main] INFO  impl.RaftServerProxy (ConfUtils.java:logGet(43)) - raft.rpc.type = GRPC (default)
2019-10-12 10:01:51,920 [main] INFO  grpc.GrpcFactory (GrpcFactory.java:checkPooledByteBufAllocatorUseCacheForAllThreads(45)) - PERFORMANCE WARNING: useCacheForAllThreads is true that may cause Netty to create a lot garbage objects and, as a result, trigger GC.
	It is recommended to disable useCacheForAllThreads by setting -Dorg.apache.ratis.thirdparty.io.netty.allocator.useCacheForAllThreads=false in command line.
2019-10-12 10:01:51,920 [main] INFO  grpc.GrpcConfigKeys$Server (ConfUtils.java:logGet(43)) - raft.grpc.server.port = 0 (default)
2019-10-12 10:01:51,920 [main] INFO  server.GrpcService (ConfUtils.java:logGet(43)) - raft.grpc.message.size.max = 33570816 (custom)
2019-10-12 10:01:51,920 [main] INFO  server.RaftServerConfigKeys (ConfUtils.java:logGet(43)) - raft.server.log.appender.buffer.byte-limit = 33554432 (custom)
2019-10-12 10:01:51,921 [main] INFO  server.GrpcService (ConfUtils.java:logGet(43)) - raft.grpc.flow.control.window = 1MB (=1048576) (default)
2019-10-12 10:01:51,921 [main] INFO  server.RaftServerConfigKeys (ConfUtils.java:logGet(43)) - raft.server.rpc.request.timeout = 3000ms (default)
2019-10-12 10:01:51,922 [main] INFO  server.RaftServerConfigKeys (ConfUtils.java:logGet(43)) - raft.server.storage.dir = [/workdir/hadoop-ozone/integration-test/target/test-dir/MiniOzoneClusterImpl-4cb53824-6e96-47a6-8d5a-f4ff5b9ad058/datanode-2/data/ratis] (custom)
2019-10-12 10:01:51,924 [main] INFO  hdfs.DFSUtil (DFSUtil.java:httpServerTemplateForNNAndJN(1641)) - Starting Web-server for hddsDatanode at: http://0.0.0.0:0
2019-10-12 10:01:51,926 [main] INFO  server.AuthenticationFilter (AuthenticationFilter.java:constructSecretProvider(240)) - Unable to initialize FileSignerSecretProvider, falling back to use random secrets.
2019-10-12 10:01:51,926 [main] WARN  http.HttpRequestLog (HttpRequestLog.java:getRequestLog(97)) - Jetty request log can only be enabled using Log4j
2019-10-12 10:01:51,928 [main] INFO  http.HttpServer2 (HttpServer2.java:addGlobalFilter(975)) - Added global filter 'safety' (class=org.apache.hadoop.http.HttpServer2$QuotingInputFilter)
2019-10-12 10:01:51,929 [main] INFO  http.HttpServer2 (HttpServer2.java:addFilter(948)) - Added filter static_user_filter (class=org.apache.hadoop.http.lib.StaticUserWebFilter$StaticUserFilter) to context hddsDatanode
2019-10-12 10:01:51,929 [main] INFO  http.HttpServer2 (HttpServer2.java:addFilter(958)) - Added filter static_user_filter (class=org.apache.hadoop.http.lib.StaticUserWebFilter$StaticUserFilter) to context static
2019-10-12 10:01:51,930 [main] INFO  http.HttpServer2 (HttpServer2.java:addFilter(958)) - Added filter static_user_filter (class=org.apache.hadoop.http.lib.StaticUserWebFilter$StaticUserFilter) to context logs
2019-10-12 10:01:51,931 [main] INFO  http.HttpServer2 (HttpServer2.java:bindListener(1191)) - Jetty bound to port 45758
2019-10-12 10:01:51,931 [main] INFO  server.Server (Server.java:doStart(351)) - jetty-9.3.25.v20180904, build timestamp: 2018-09-04T21:11:46Z, git hash: 3ce520221d0240229c862b122d2b06c12a625732
2019-10-12 10:01:51,933 [main] INFO  handler.ContextHandler (ContextHandler.java:doStart(781)) - Started o.e.j.s.ServletContextHandler@24a86066{/logs,file:///workdir/hadoop-ozone/integration-test/target/log,AVAILABLE}
2019-10-12 10:01:51,934 [main] INFO  handler.ContextHandler (ContextHandler.java:doStart(781)) - Started o.e.j.s.ServletContextHandler@5b3bb1f7{/static,jar:file:/home/user/.m2/repository/org/apache/hadoop/hadoop-hdds-container-service/0.5.0-SNAPSHOT/hadoop-hdds-container-service-0.5.0-SNAPSHOT.jar!/webapps/static,AVAILABLE}
2019-10-12 10:01:51,974 [main] INFO  handler.ContextHandler (ContextHandler.java:doStart(781)) - Started o.e.j.w.WebAppContext@534e58b6{/,file:///tmp/jetty-0.0.0.0-45758-hddsDatanode-_-any-7350245182908348504.dir/webapp/,AVAILABLE}{/hddsDatanode}
2019-10-12 10:01:51,975 [main] INFO  server.AbstractConnector (AbstractConnector.java:doStart(278)) - Started ServerConnector@3bb87d36{HTTP/1.1,[http/1.1]}{0.0.0.0:45758}
2019-10-12 10:01:51,976 [main] INFO  server.Server (Server.java:doStart(419)) - Started @28457ms
2019-10-12 10:01:51,976 [main] WARN  impl.MetricsSystemImpl (MetricsSystemImpl.java:register(276)) - Sink prometheus already exists!
2019-10-12 10:01:51,977 [main] INFO  server.BaseHttpServer (BaseHttpServer.java:updateConnectorAddress(215)) - HTTP server of HDDSDATANODE is listening at http://0.0.0.0:45758
2019-10-12 10:01:51,977 [main] INFO  ozone.MiniOzoneClusterImpl (MiniOzoneClusterImpl.java:lambda$waitForClusterToBeReady$0(149)) - Waiting for nodes to be ready. Got 0 of 3 DN Heartbeats.
2019-10-12 10:01:51,977 [main] INFO  ozone.MiniOzoneClusterImpl (MiniOzoneClusterImpl.java:lambda$waitForClusterToBeReady$0(152)) - Waiting for cluster to exit safe mode
2019-10-12 10:01:51,980 [org.apache.hadoop.util.JvmPauseMonitor$Monitor@41de49fb] INFO  util.JvmPauseMonitor (JvmPauseMonitor.java:run(188)) - Starting JVM pause monitor
2019-10-12 10:01:51,983 [Datanode State Machine Thread - 0] INFO  datanode.InitDatanodeState (InitDatanodeState.java:persistContainerDatanodeDetails(140)) - DatanodeDetails is persisted to /workdir/hadoop-ozone/integration-test/target/test-dir/MiniOzoneClusterImpl-4cb53824-6e96-47a6-8d5a-f4ff5b9ad058/datanode-2/meta/datanode.id
2019-10-12 10:01:52,979 [main] INFO  ozone.MiniOzoneClusterImpl (MiniOzoneClusterImpl.java:lambda$waitForClusterToBeReady$0(149)) - Waiting for nodes to be ready. Got 0 of 3 DN Heartbeats.
2019-10-12 10:01:52,979 [main] INFO  ozone.MiniOzoneClusterImpl (MiniOzoneClusterImpl.java:lambda$waitForClusterToBeReady$0(152)) - Waiting for cluster to exit safe mode
2019-10-12 10:01:53,681 [Datanode State Machine Thread - 0] INFO  ozoneimpl.OzoneContainer (OzoneContainer.java:start(213)) - Attempting to start container services.
2019-10-12 10:01:53,683 [Datanode State Machine Thread - 0] INFO  ozoneimpl.OzoneContainer (OzoneContainer.java:startContainerScrub(177)) - Background container scanner has been disabled.
2019-10-12 10:01:53,684 [Datanode State Machine Thread - 0] INFO  ratis.XceiverServerRatis (XceiverServerRatis.java:start(419)) - Starting XceiverServerRatis 80a646ee-857d-4116-81d6-dd3325e893f6 at port 0
2019-10-12 10:01:53,694 [Datanode State Machine Thread - 0] INFO  impl.RaftServerProxy (RaftServerProxy.java:lambda$start$3(299)) - 80a646ee-857d-4116-81d6-dd3325e893f6: start RPC server
2019-10-12 10:01:53,702 [Datanode State Machine Thread - 0] INFO  server.GrpcService (GrpcService.java:startImpl(158)) - 80a646ee-857d-4116-81d6-dd3325e893f6: GrpcService started, listening on 0.0.0.0/0.0.0.0:35250
2019-10-12 10:01:53,702 [Datanode State Machine Thread - 0] INFO  ratis.XceiverServerRatis (XceiverServerRatis.java:start(429)) - XceiverServerRatis 80a646ee-857d-4116-81d6-dd3325e893f6 is started using port 35250
2019-10-12 10:01:53,704 [Datanode State Machine Thread - 0] INFO  server.XceiverServerGrpc (XceiverServerGrpc.java:start(149)) - XceiverServerGrpc 80a646ee-857d-4116-81d6-dd3325e893f6 is started using port 34613
2019-10-12 10:01:53,901 [Datanode State Machine Thread - 0] INFO  ozoneimpl.OzoneContainer (OzoneContainer.java:start(213)) - Attempting to start container services.
2019-10-12 10:01:53,903 [Datanode State Machine Thread - 0] INFO  ozoneimpl.OzoneContainer (OzoneContainer.java:startContainerScrub(177)) - Background container scanner has been disabled.
2019-10-12 10:01:53,904 [Datanode State Machine Thread - 0] INFO  ratis.XceiverServerRatis (XceiverServerRatis.java:start(419)) - Starting XceiverServerRatis 7da1345c-bffa-488f-9c16-928d9fca41c9 at port 0
2019-10-12 10:01:53,911 [Datanode State Machine Thread - 0] INFO  impl.RaftServerProxy (RaftServerProxy.java:lambda$start$3(299)) - 7da1345c-bffa-488f-9c16-928d9fca41c9: start RPC server
2019-10-12 10:01:53,913 [Datanode State Machine Thread - 0] INFO  server.GrpcService (GrpcService.java:startImpl(158)) - 7da1345c-bffa-488f-9c16-928d9fca41c9: GrpcService started, listening on 0.0.0.0/0.0.0.0:35541
2019-10-12 10:01:53,913 [Datanode State Machine Thread - 0] INFO  ratis.XceiverServerRatis (XceiverServerRatis.java:start(429)) - XceiverServerRatis 7da1345c-bffa-488f-9c16-928d9fca41c9 is started using port 35541
2019-10-12 10:01:53,917 [Datanode State Machine Thread - 0] INFO  server.XceiverServerGrpc (XceiverServerGrpc.java:start(149)) - XceiverServerGrpc 7da1345c-bffa-488f-9c16-928d9fca41c9 is started using port 38375
2019-10-12 10:01:53,980 [main] INFO  ozone.MiniOzoneClusterImpl (MiniOzoneClusterImpl.java:lambda$waitForClusterToBeReady$0(149)) - Waiting for nodes to be ready. Got 0 of 3 DN Heartbeats.
2019-10-12 10:01:53,980 [main] INFO  ozone.MiniOzoneClusterImpl (MiniOzoneClusterImpl.java:lambda$waitForClusterToBeReady$0(152)) - Waiting for cluster to exit safe mode
2019-10-12 10:01:53,998 [Datanode State Machine Thread - 0] INFO  ozoneimpl.OzoneContainer (OzoneContainer.java:start(213)) - Attempting to start container services.
2019-10-12 10:01:54,000 [Datanode State Machine Thread - 0] INFO  ozoneimpl.OzoneContainer (OzoneContainer.java:startContainerScrub(177)) - Background container scanner has been disabled.
2019-10-12 10:01:54,000 [Datanode State Machine Thread - 0] INFO  ratis.XceiverServerRatis (XceiverServerRatis.java:start(419)) - Starting XceiverServerRatis 2c8e1bff-2b59-4c15-bc70-21af7309fc2c at port 0
2019-10-12 10:01:54,009 [Datanode State Machine Thread - 0] INFO  impl.RaftServerProxy (RaftServerProxy.java:lambda$start$3(299)) - 2c8e1bff-2b59-4c15-bc70-21af7309fc2c: start RPC server
2019-10-12 10:01:54,013 [Datanode State Machine Thread - 0] INFO  server.GrpcService (GrpcService.java:startImpl(158)) - 2c8e1bff-2b59-4c15-bc70-21af7309fc2c: GrpcService started, listening on 0.0.0.0/0.0.0.0:46208
2019-10-12 10:01:54,013 [Datanode State Machine Thread - 0] INFO  ratis.XceiverServerRatis (XceiverServerRatis.java:start(429)) - XceiverServerRatis 2c8e1bff-2b59-4c15-bc70-21af7309fc2c is started using port 46208
2019-10-12 10:01:54,016 [Datanode State Machine Thread - 0] INFO  server.XceiverServerGrpc (XceiverServerGrpc.java:start(149)) - XceiverServerGrpc 2c8e1bff-2b59-4c15-bc70-21af7309fc2c is started using port 41489
2019-10-12 10:01:54,981 [main] INFO  ozone.MiniOzoneClusterImpl (MiniOzoneClusterImpl.java:lambda$waitForClusterToBeReady$0(149)) - Waiting for nodes to be ready. Got 0 of 3 DN Heartbeats.
2019-10-12 10:01:54,985 [main] INFO  ozone.MiniOzoneClusterImpl (MiniOzoneClusterImpl.java:lambda$waitForClusterToBeReady$0(152)) - Waiting for cluster to exit safe mode
2019-10-12 10:01:55,671 [IPC Server handler 1 on 33767] INFO  net.NetworkTopology (NetworkTopologyImpl.java:add(111)) - Added a new node: /default-rack/80a646ee-857d-4116-81d6-dd3325e893f6
2019-10-12 10:01:55,672 [IPC Server handler 1 on 33767] INFO  node.SCMNodeManager (SCMNodeManager.java:register(268)) - Registered Data node : 80a646ee-857d-4116-81d6-dd3325e893f6{ip: 192.168.5.134, host: pr-hdds-2034-qjlc4-3656631144, networkLocation: /default-rack, certSerialId: null}
2019-10-12 10:01:55,672 [RatisPipelineUtilsThread] INFO  pipeline.RatisPipelineProvider (RatisPipelineProvider.java:lambda$create$4(163)) - Send pipeline:PipelineID=6ff04ac0-1659-4301-97d5-00b04d1fd9e0 create command to datanode 80a646ee-857d-4116-81d6-dd3325e893f6
2019-10-12 10:01:55,673 [EventQueue-NodeRegistrationContainerReportForContainerSafeModeRule] INFO  safemode.SCMSafeModeManager (SCMSafeModeManager.java:validateSafeModeExitRules(174)) - ContainerSafeModeRule rule is successfully validated
2019-10-12 10:01:55,673 [EventQueue-NodeRegistrationContainerReportForDataNodeSafeModeRule] INFO  safemode.SCMSafeModeManager (DataNodeSafeModeRule.java:process(71)) - SCM in safe mode. 1 DataNodes registered, 1 required.
2019-10-12 10:01:55,675 [EventQueue-NodeRegistrationContainerReportForDataNodeSafeModeRule] INFO  safemode.SCMSafeModeManager (SCMSafeModeManager.java:validateSafeModeExitRules(174)) - DataNodeSafeModeRule rule is successfully validated
2019-10-12 10:01:55,886 [IPC Server handler 3 on 33767] INFO  net.NetworkTopology (NetworkTopologyImpl.java:add(111)) - Added a new node: /default-rack/7da1345c-bffa-488f-9c16-928d9fca41c9
2019-10-12 10:01:55,887 [IPC Server handler 3 on 33767] INFO  node.SCMNodeManager (SCMNodeManager.java:register(268)) - Registered Data node : 7da1345c-bffa-488f-9c16-928d9fca41c9{ip: 192.168.5.134, host: pr-hdds-2034-qjlc4-3656631144, networkLocation: /default-rack, certSerialId: null}
2019-10-12 10:01:55,887 [EventQueue-NodeRegistrationContainerReportForDataNodeSafeModeRule] INFO  safemode.SCMSafeModeManager (SCMSafeModeManager.java:validateSafeModeExitRules(174)) - DataNodeSafeModeRule rule is successfully validated
2019-10-12 10:01:55,888 [EventQueue-NodeRegistrationContainerReportForContainerSafeModeRule] INFO  safemode.SCMSafeModeManager (SCMSafeModeManager.java:validateSafeModeExitRules(174)) - ContainerSafeModeRule rule is successfully validated
2019-10-12 10:01:55,888 [RatisPipelineUtilsThread] INFO  pipeline.RatisPipelineProvider (RatisPipelineProvider.java:lambda$create$4(163)) - Send pipeline:PipelineID=22545fc6-9294-4b40-bfde-f907fd37953e create command to datanode 7da1345c-bffa-488f-9c16-928d9fca41c9
2019-10-12 10:01:55,983 [IPC Server handler 2 on 33767] INFO  net.NetworkTopology (NetworkTopologyImpl.java:add(111)) - Added a new node: /default-rack/2c8e1bff-2b59-4c15-bc70-21af7309fc2c
2019-10-12 10:01:55,983 [IPC Server handler 2 on 33767] INFO  node.SCMNodeManager (SCMNodeManager.java:register(268)) - Registered Data node : 2c8e1bff-2b59-4c15-bc70-21af7309fc2c{ip: 192.168.5.134, host: pr-hdds-2034-qjlc4-3656631144, networkLocation: /default-rack, certSerialId: null}
2019-10-12 10:01:55,985 [main] INFO  ozone.MiniOzoneClusterImpl (MiniOzoneClusterImpl.java:lambda$waitForClusterToBeReady$0(149)) - Nodes are ready. Got 3 of 3 DN Heartbeats.
2019-10-12 10:01:55,986 [EventQueue-NodeRegistrationContainerReportForContainerSafeModeRule] INFO  safemode.SCMSafeModeManager (SCMSafeModeManager.java:validateSafeModeExitRules(174)) - ContainerSafeModeRule rule is successfully validated
2019-10-12 10:01:55,986 [main] INFO  ozone.MiniOzoneClusterImpl (MiniOzoneClusterImpl.java:lambda$waitForClusterToBeReady$0(152)) - Waiting for cluster to exit safe mode
2019-10-12 10:01:55,986 [RatisPipelineUtilsThread] INFO  pipeline.RatisPipelineProvider (RatisPipelineProvider.java:lambda$create$4(163)) - Send pipeline:PipelineID=5b2f4d9e-df3d-4226-8ec6-8653683ed28d create command to datanode 2c8e1bff-2b59-4c15-bc70-21af7309fc2c
2019-10-12 10:01:55,986 [EventQueue-NodeRegistrationContainerReportForDataNodeSafeModeRule] INFO  safemode.SCMSafeModeManager (SCMSafeModeManager.java:validateSafeModeExitRules(174)) - DataNodeSafeModeRule rule is successfully validated
2019-10-12 10:01:55,989 [RatisPipelineUtilsThread] INFO  pipeline.RatisPipelineProvider (RatisPipelineProvider.java:lambda$create$4(163)) - Send pipeline:PipelineID=55c10c1b-9309-41a6-aed3-da439d3d0d84 create command to datanode 7da1345c-bffa-488f-9c16-928d9fca41c9
2019-10-12 10:01:55,989 [RatisPipelineUtilsThread] INFO  pipeline.RatisPipelineProvider (RatisPipelineProvider.java:lambda$create$4(163)) - Send pipeline:PipelineID=55c10c1b-9309-41a6-aed3-da439d3d0d84 create command to datanode 2c8e1bff-2b59-4c15-bc70-21af7309fc2c
2019-10-12 10:01:55,990 [RatisPipelineUtilsThread] INFO  pipeline.RatisPipelineProvider (RatisPipelineProvider.java:lambda$create$4(163)) - Send pipeline:PipelineID=55c10c1b-9309-41a6-aed3-da439d3d0d84 create command to datanode 80a646ee-857d-4116-81d6-dd3325e893f6
2019-10-12 10:01:56,986 [main] INFO  ozone.MiniOzoneClusterImpl (MiniOzoneClusterImpl.java:lambda$waitForClusterToBeReady$0(149)) - Nodes are ready. Got 3 of 3 DN Heartbeats.
2019-10-12 10:01:56,987 [main] INFO  ozone.MiniOzoneClusterImpl (MiniOzoneClusterImpl.java:lambda$waitForClusterToBeReady$0(152)) - Waiting for cluster to exit safe mode
2019-10-12 10:01:57,987 [main] INFO  ozone.MiniOzoneClusterImpl (MiniOzoneClusterImpl.java:lambda$waitForClusterToBeReady$0(149)) - Nodes are ready. Got 3 of 3 DN Heartbeats.
2019-10-12 10:01:57,988 [main] INFO  ozone.MiniOzoneClusterImpl (MiniOzoneClusterImpl.java:lambda$waitForClusterToBeReady$0(152)) - Waiting for cluster to exit safe mode
2019-10-12 10:01:58,662 [Command processor thread] INFO  impl.RaftServerProxy (RaftServerProxy.java:addNew(89)) - 80a646ee-857d-4116-81d6-dd3325e893f6: addNew group-00B04D1FD9E0:[80a646ee-857d-4116-81d6-dd3325e893f6:192.168.5.134:35250] returns group-00B04D1FD9E0:java.util.concurrent.CompletableFuture@17f4fe89[Not completed]
2019-10-12 10:01:58,665 [pool-77-thread-1] INFO  impl.RaftServerImpl (RaftServerImpl.java:<init>(95)) - 80a646ee-857d-4116-81d6-dd3325e893f6: new RaftServerImpl for group-00B04D1FD9E0:[80a646ee-857d-4116-81d6-dd3325e893f6:192.168.5.134:35250] with ContainerStateMachine:uninitialized
2019-10-12 10:01:58,667 [pool-77-thread-1] INFO  server.RaftServerConfigKeys (ConfUtils.java:logGet(43)) - raft.server.rpc.timeout.min = 5s (custom)
2019-10-12 10:01:58,667 [pool-77-thread-1] INFO  server.RaftServerConfigKeys (ConfUtils.java:logGet(43)) - raft.server.rpc.timeout.max = 5200ms (custom)
2019-10-12 10:01:58,667 [pool-77-thread-1] INFO  server.RaftServerConfigKeys (ConfUtils.java:logGet(43)) - raft.server.rpcslowness.timeout = 120s (custom)
2019-10-12 10:01:58,667 [pool-77-thread-1] INFO  server.RaftServerConfigKeys (ConfUtils.java:logGet(43)) - raft.server.sleep.deviation.threshold = 300 (default)
2019-10-12 10:01:58,668 [pool-77-thread-1] INFO  server.RaftServerConfigKeys (ConfUtils.java:logGet(43)) - raft.server.log.appender.install.snapshot.enabled = false (custom)
2019-10-12 10:01:58,668 [pool-77-thread-1] INFO  impl.RaftServerImpl (ServerState.java:<init>(103)) - 80a646ee-857d-4116-81d6-dd3325e893f6@group-00B04D1FD9E0: ConfigurationManager, init=-1: [80a646ee-857d-4116-81d6-dd3325e893f6:192.168.5.134:35250], old=null, confs=<EMPTY_MAP>
2019-10-12 10:01:58,668 [pool-77-thread-1] INFO  server.RaftServerConfigKeys (ConfUtils.java:logGet(43)) - raft.server.storage.dir = [/workdir/hadoop-ozone/integration-test/target/test-dir/MiniOzoneClusterImpl-4cb53824-6e96-47a6-8d5a-f4ff5b9ad058/datanode-0/data/ratis] (custom)
2019-10-12 10:01:58,669 [pool-77-thread-1] INFO  server.RaftServerConfigKeys (ConfUtils.java:logGet(43)) - raft.server.log.corruption.policy = EXCEPTION (default)
2019-10-12 10:01:58,669 [pool-77-thread-1] INFO  storage.RaftStorageDirectory (RaftStorageDirectory.java:analyzeStorage(246)) - The storage directory /workdir/hadoop-ozone/integration-test/target/test-dir/MiniOzoneClusterImpl-4cb53824-6e96-47a6-8d5a-f4ff5b9ad058/datanode-0/data/ratis/6ff04ac0-1659-4301-97d5-00b04d1fd9e0 does not exist. Creating ...
2019-10-12 10:01:58,683 [pool-77-thread-1] INFO  storage.RaftStorageDirectory (RaftStorageDirectory.java:tryLock(328)) - Lock on /workdir/hadoop-ozone/integration-test/target/test-dir/MiniOzoneClusterImpl-4cb53824-6e96-47a6-8d5a-f4ff5b9ad058/datanode-0/data/ratis/6ff04ac0-1659-4301-97d5-00b04d1fd9e0/in_use.lock acquired by nodename 3239@pr-hdds-2034-qjlc4-3656631144
2019-10-12 10:01:58,696 [pool-77-thread-1] INFO  storage.RaftStorage (RaftStorage.java:format(84)) - Storage directory /workdir/hadoop-ozone/integration-test/target/test-dir/MiniOzoneClusterImpl-4cb53824-6e96-47a6-8d5a-f4ff5b9ad058/datanode-0/data/ratis/6ff04ac0-1659-4301-97d5-00b04d1fd9e0 has been successfully formatted.
2019-10-12 10:01:58,697 [pool-77-thread-1] INFO  ratis.ContainerStateMachine (ContainerStateMachine.java:loadSnapshot(231)) - group-00B04D1FD9E0: The snapshot info is null. Setting the last applied indexto:(t:0, i:~)
2019-10-12 10:01:58,697 [pool-77-thread-1] INFO  server.RaftServerConfigKeys (ConfUtils.java:logGet(43)) - raft.server.notification.no-leader.timeout = 120s (custom)
2019-10-12 10:01:58,697 [pool-77-thread-1] INFO  server.RaftServerConfigKeys (ConfUtils.java:logGet(43)) - raft.server.log.use.memory = false (default)
2019-10-12 10:01:58,698 [pool-77-thread-1] INFO  server.RaftServerConfigKeys (ConfUtils.java:logGet(43)) - raft.server.log.purge.gap = 1000000 (custom)
2019-10-12 10:01:58,698 [pool-77-thread-1] INFO  server.RaftServerConfigKeys (ConfUtils.java:logGet(43)) - raft.server.log.appender.buffer.byte-limit = 33554432 (custom)
2019-10-12 10:01:58,698 [pool-77-thread-1] INFO  server.RaftServerConfigKeys (ConfUtils.java:logGet(43)) - raft.server.log.segment.size.max = 1048576 (custom)
2019-10-12 10:01:58,702 [pool-77-thread-1] INFO  server.RaftServerConfigKeys (ConfUtils.java:logGet(43)) - raft.server.log.segment.cache.num.max = 2 (custom)
2019-10-12 10:01:58,702 [pool-77-thread-1] INFO  segmented.SegmentedRaftLogWorker (SegmentedRaftLogWorker.java:<init>(173)) - new 80a646ee-857d-4116-81d6-dd3325e893f6@group-00B04D1FD9E0-SegmentedRaftLogWorker for RaftStorage:Storage Directory /workdir/hadoop-ozone/integration-test/target/test-dir/MiniOzoneClusterImpl-4cb53824-6e96-47a6-8d5a-f4ff5b9ad058/datanode-0/data/ratis/6ff04ac0-1659-4301-97d5-00b04d1fd9e0
2019-10-12 10:01:58,702 [pool-77-thread-1] INFO  server.RaftServerConfigKeys (ConfUtils.java:logGet(43)) - raft.server.log.queue.byte-limit = 2147483647 (custom)
2019-10-12 10:01:58,703 [pool-77-thread-1] INFO  server.RaftServerConfigKeys (ConfUtils.java:logGet(43)) - raft.server.log.queue.element-limit = 1024 (custom)
2019-10-12 10:01:58,703 [pool-77-thread-1] INFO  server.RaftServerConfigKeys (ConfUtils.java:logGet(43)) - raft.server.log.segment.size.max = 1048576 (custom)
2019-10-12 10:01:58,703 [pool-77-thread-1] INFO  server.RaftServerConfigKeys (ConfUtils.java:logGet(43)) - raft.server.log.preallocated.size = 16384 (custom)
2019-10-12 10:01:58,703 [pool-77-thread-1] INFO  server.RaftServerConfigKeys (ConfUtils.java:logGet(43)) - raft.server.log.write.buffer.size = 33554432 (custom)
2019-10-12 10:01:58,703 [pool-77-thread-1] INFO  server.RaftServerConfigKeys (ConfUtils.java:logGet(43)) - raft.server.log.force.sync.num = 128 (default)
2019-10-12 10:01:58,704 [pool-77-thread-1] INFO  server.RaftServerConfigKeys (ConfUtils.java:logGet(43)) - raft.server.log.statemachine.data.sync = true (default)
2019-10-12 10:01:58,704 [pool-77-thread-1] INFO  server.RaftServerConfigKeys (ConfUtils.java:logGet(43)) - raft.server.log.statemachine.data.sync.timeout = 10s (default)
2019-10-12 10:01:58,704 [pool-77-thread-1] INFO  server.RaftServerConfigKeys (ConfUtils.java:logGet(43)) - raft.server.log.statemachine.data.sync.timeout.retry = -1 (default)
2019-10-12 10:01:58,705 [pool-77-thread-1] INFO  server.RaftServerConfigKeys (ConfUtils.java:logGet(43)) - raft.server.log.statemachine.data.caching.enabled = true (custom)
2019-10-12 10:01:58,706 [pool-77-thread-1] INFO  segmented.SegmentedRaftLogWorker (SegmentedRaftLogWorker.java:lambda$new$0(128)) - 80a646ee-857d-4116-81d6-dd3325e893f6@group-00B04D1FD9E0-SegmentedRaftLogWorker: flushIndex: setUnconditionally 0 -> -1
2019-10-12 10:01:58,706 [pool-77-thread-1] INFO  server.RaftServerConfigKeys (ConfUtils.java:logGet(43)) - raft.server.snapshot.auto.trigger.enabled = true (custom)
2019-10-12 10:01:58,706 [pool-77-thread-1] INFO  server.RaftServerConfigKeys (ConfUtils.java:logGet(43)) - raft.server.snapshot.auto.trigger.threshold = 10000 (custom)
2019-10-12 10:01:58,706 [pool-77-thread-1] INFO  server.RaftServerConfigKeys (ConfUtils.java:logGet(43)) - raft.server.snapshot.retention.file.num = 5 (custom)
2019-10-12 10:01:58,707 [pool-77-thread-1] INFO  server.RaftServerConfigKeys (ConfUtils.java:logGet(43)) - raft.server.retrycache.expirytime = 600000ms (custom)
2019-10-12 10:01:58,711 [pool-77-thread-1] INFO  impl.RaftServerImpl (RaftServerImpl.java:start(181)) - 80a646ee-857d-4116-81d6-dd3325e893f6@group-00B04D1FD9E0: start as a follower, conf=-1: [80a646ee-857d-4116-81d6-dd3325e893f6:192.168.5.134:35250], old=null
2019-10-12 10:01:58,711 [pool-77-thread-1] INFO  impl.RaftServerImpl (RaftServerImpl.java:setRole(170)) - 80a646ee-857d-4116-81d6-dd3325e893f6@group-00B04D1FD9E0: changes role from      null to FOLLOWER at term 0 for startAsFollower
2019-10-12 10:01:58,711 [pool-77-thread-1] INFO  impl.RoleInfo (RoleInfo.java:updateAndGet(143)) - 80a646ee-857d-4116-81d6-dd3325e893f6: start FollowerState
2019-10-12 10:01:58,712 [pool-77-thread-1] INFO  util.JmxRegister (JmxRegister.java:tryRegister(44)) - Successfully registered JMX Bean with object name Ratis:service=RaftServer,group=group-00B04D1FD9E0,id=80a646ee-857d-4116-81d6-dd3325e893f6
2019-10-12 10:01:58,716 [Command processor thread] INFO  commandhandler.CreatePipelineCommandHandler (CreatePipelineCommandHandler.java:handle(86)) - Create Pipeline RATIS ONE #id: "6ff04ac0-1659-4301-97d5-00b04d1fd9e0"
 command succeed on datanode 80a646ee-857d-4116-81d6-dd3325e893f6.
2019-10-12 10:01:58,719 [Command processor thread] INFO  impl.RaftServerProxy (RaftServerProxy.java:addNew(89)) - 80a646ee-857d-4116-81d6-dd3325e893f6: addNew group-DA439D3D0D84:[7da1345c-bffa-488f-9c16-928d9fca41c9:192.168.5.134:35541, 2c8e1bff-2b59-4c15-bc70-21af7309fc2c:192.168.5.134:46208, 80a646ee-857d-4116-81d6-dd3325e893f6:192.168.5.134:35250] returns group-DA439D3D0D84:java.util.concurrent.CompletableFuture@13cb78af[Not completed]
2019-10-12 10:01:58,720 [EventQueue-PipelineReportForPipelineReportHandler] INFO  pipeline.PipelineReportHandler (PipelineReportHandler.java:processPipelineReport(104)) - Pipeline ONE PipelineID=6ff04ac0-1659-4301-97d5-00b04d1fd9e0 reported by 80a646ee-857d-4116-81d6-dd3325e893f6{ip: 192.168.5.134, host: pr-hdds-2034-qjlc4-3656631144, networkLocation: /default-rack, certSerialId: null}
2019-10-12 10:01:58,720 [EventQueue-PipelineReportForPipelineReportHandler] INFO  pipeline.PipelineStateManager (PipelineStateManager.java:openPipeline(134)) - Pipeline Pipeline[ Id: 6ff04ac0-1659-4301-97d5-00b04d1fd9e0, Nodes: 80a646ee-857d-4116-81d6-dd3325e893f6{ip: 192.168.5.134, host: pr-hdds-2034-qjlc4-3656631144, networkLocation: /default-rack, certSerialId: null}, Type:RATIS, Factor:ONE, State:ALLOCATED] moved to OPEN state
2019-10-12 10:01:58,722 [pool-77-thread-1] INFO  impl.RaftServerImpl (RaftServerImpl.java:<init>(95)) - 80a646ee-857d-4116-81d6-dd3325e893f6: new RaftServerImpl for group-DA439D3D0D84:[7da1345c-bffa-488f-9c16-928d9fca41c9:192.168.5.134:35541, 2c8e1bff-2b59-4c15-bc70-21af7309fc2c:192.168.5.134:46208, 80a646ee-857d-4116-81d6-dd3325e893f6:192.168.5.134:35250] with ContainerStateMachine:uninitialized
2019-10-12 10:01:58,723 [pool-77-thread-1] INFO  server.RaftServerConfigKeys (ConfUtils.java:logGet(43)) - raft.server.rpc.timeout.min = 5s (custom)
2019-10-12 10:01:58,723 [EventQueue-OpenPipelineForHealthyPipelineSafeModeRule] INFO  safemode.SCMSafeModeManager (HealthyPipelineSafeModeRule.java:process(122)) - SCM in safe mode. Healthy pipelines reported count is 1, required healthy pipeline reported count is 1
2019-10-12 10:01:58,723 [EventQueue-OpenPipelineForOneReplicaPipelineSafeModeRule] INFO  safemode.SCMSafeModeManager (SCMSafeModeManager.java:validateSafeModeExitRules(174)) - AtleastOneDatanodeReportedRule rule is successfully validated
2019-10-12 10:01:58,723 [pool-77-thread-1] INFO  server.RaftServerConfigKeys (ConfUtils.java:logGet(43)) - raft.server.rpc.timeout.max = 5200ms (custom)
2019-10-12 10:01:58,723 [EventQueue-OpenPipelineForHealthyPipelineSafeModeRule] INFO  safemode.SCMSafeModeManager (SCMSafeModeManager.java:validateSafeModeExitRules(174)) - HealthyPipelineSafeModeRule rule is successfully validated
2019-10-12 10:01:58,723 [EventQueue-OpenPipelineForHealthyPipelineSafeModeRule] INFO  safemode.SCMSafeModeManager (SCMSafeModeManager.java:validateSafeModeExitRules(183)) - ScmSafeModeManager, all rules are successfully validated
2019-10-12 10:01:58,723 [pool-77-thread-1] INFO  server.RaftServerConfigKeys (ConfUtils.java:logGet(43)) - raft.server.rpcslowness.timeout = 120s (custom)
2019-10-12 10:01:58,724 [pool-77-thread-1] INFO  server.RaftServerConfigKeys (ConfUtils.java:logGet(43)) - raft.server.sleep.deviation.threshold = 300 (default)
2019-10-12 10:01:58,724 [pool-77-thread-1] INFO  server.RaftServerConfigKeys (ConfUtils.java:logGet(43)) - raft.server.log.appender.install.snapshot.enabled = false (custom)
2019-10-12 10:01:58,724 [pool-77-thread-1] INFO  impl.RaftServerImpl (ServerState.java:<init>(103)) - 80a646ee-857d-4116-81d6-dd3325e893f6@group-DA439D3D0D84: ConfigurationManager, init=-1: [7da1345c-bffa-488f-9c16-928d9fca41c9:192.168.5.134:35541, 2c8e1bff-2b59-4c15-bc70-21af7309fc2c:192.168.5.134:46208, 80a646ee-857d-4116-81d6-dd3325e893f6:192.168.5.134:35250], old=null, confs=<EMPTY_MAP>
2019-10-12 10:01:58,724 [pool-77-thread-1] INFO  server.RaftServerConfigKeys (ConfUtils.java:logGet(43)) - raft.server.storage.dir = [/workdir/hadoop-ozone/integration-test/target/test-dir/MiniOzoneClusterImpl-4cb53824-6e96-47a6-8d5a-f4ff5b9ad058/datanode-0/data/ratis] (custom)
2019-10-12 10:01:58,725 [pool-77-thread-1] INFO  server.RaftServerConfigKeys (ConfUtils.java:logGet(43)) - raft.server.log.corruption.policy = EXCEPTION (default)
2019-10-12 10:01:58,725 [pool-77-thread-1] INFO  storage.RaftStorageDirectory (RaftStorageDirectory.java:analyzeStorage(246)) - The storage directory /workdir/hadoop-ozone/integration-test/target/test-dir/MiniOzoneClusterImpl-4cb53824-6e96-47a6-8d5a-f4ff5b9ad058/datanode-0/data/ratis/55c10c1b-9309-41a6-aed3-da439d3d0d84 does not exist. Creating ...
2019-10-12 10:01:58,738 [pool-77-thread-1] INFO  storage.RaftStorageDirectory (RaftStorageDirectory.java:tryLock(328)) - Lock on /workdir/hadoop-ozone/integration-test/target/test-dir/MiniOzoneClusterImpl-4cb53824-6e96-47a6-8d5a-f4ff5b9ad058/datanode-0/data/ratis/55c10c1b-9309-41a6-aed3-da439d3d0d84/in_use.lock acquired by nodename 3239@pr-hdds-2034-qjlc4-3656631144
2019-10-12 10:01:58,751 [pool-77-thread-1] INFO  storage.RaftStorage (RaftStorage.java:format(84)) - Storage directory /workdir/hadoop-ozone/integration-test/target/test-dir/MiniOzoneClusterImpl-4cb53824-6e96-47a6-8d5a-f4ff5b9ad058/datanode-0/data/ratis/55c10c1b-9309-41a6-aed3-da439d3d0d84 has been successfully formatted.
2019-10-12 10:01:58,751 [pool-77-thread-1] INFO  ratis.ContainerStateMachine (ContainerStateMachine.java:loadSnapshot(231)) - group-DA439D3D0D84: The snapshot info is null. Setting the last applied indexto:(t:0, i:~)
2019-10-12 10:01:58,751 [pool-77-thread-1] INFO  server.RaftServerConfigKeys (ConfUtils.java:logGet(43)) - raft.server.notification.no-leader.timeout = 120s (custom)
2019-10-12 10:01:58,752 [pool-77-thread-1] INFO  server.RaftServerConfigKeys (ConfUtils.java:logGet(43)) - raft.server.log.use.memory = false (default)
2019-10-12 10:01:58,752 [pool-77-thread-1] INFO  server.RaftServerConfigKeys (ConfUtils.java:logGet(43)) - raft.server.log.purge.gap = 1000000 (custom)
2019-10-12 10:01:58,752 [pool-77-thread-1] INFO  server.RaftServerConfigKeys (ConfUtils.java:logGet(43)) - raft.server.log.appender.buffer.byte-limit = 33554432 (custom)
2019-10-12 10:01:58,752 [pool-77-thread-1] INFO  server.RaftServerConfigKeys (ConfUtils.java:logGet(43)) - raft.server.log.segment.size.max = 1048576 (custom)
2019-10-12 10:01:58,753 [pool-77-thread-1] INFO  server.RaftServerConfigKeys (ConfUtils.java:logGet(43)) - raft.server.log.segment.cache.num.max = 2 (custom)
2019-10-12 10:01:58,753 [pool-77-thread-1] INFO  segmented.SegmentedRaftLogWorker (SegmentedRaftLogWorker.java:<init>(173)) - new 80a646ee-857d-4116-81d6-dd3325e893f6@group-DA439D3D0D84-SegmentedRaftLogWorker for RaftStorage:Storage Directory /workdir/hadoop-ozone/integration-test/target/test-dir/MiniOzoneClusterImpl-4cb53824-6e96-47a6-8d5a-f4ff5b9ad058/datanode-0/data/ratis/55c10c1b-9309-41a6-aed3-da439d3d0d84
2019-10-12 10:01:58,753 [pool-77-thread-1] INFO  server.RaftServerConfigKeys (ConfUtils.java:logGet(43)) - raft.server.log.queue.byte-limit = 2147483647 (custom)
2019-10-12 10:01:58,753 [pool-77-thread-1] INFO  server.RaftServerConfigKeys (ConfUtils.java:logGet(43)) - raft.server.log.queue.element-limit = 1024 (custom)
2019-10-12 10:01:58,753 [pool-77-thread-1] INFO  server.RaftServerConfigKeys (ConfUtils.java:logGet(43)) - raft.server.log.segment.size.max = 1048576 (custom)
2019-10-12 10:01:58,754 [pool-77-thread-1] INFO  server.RaftServerConfigKeys (ConfUtils.java:logGet(43)) - raft.server.log.preallocated.size = 16384 (custom)
2019-10-12 10:01:58,754 [pool-77-thread-1] INFO  server.RaftServerConfigKeys (ConfUtils.java:logGet(43)) - raft.server.log.write.buffer.size = 33554432 (custom)
2019-10-12 10:01:58,754 [pool-77-thread-1] INFO  server.RaftServerConfigKeys (ConfUtils.java:logGet(43)) - raft.server.log.force.sync.num = 128 (default)
2019-10-12 10:01:58,754 [pool-77-thread-1] INFO  server.RaftServerConfigKeys (ConfUtils.java:logGet(43)) - raft.server.log.statemachine.data.sync = true (default)
2019-10-12 10:01:58,754 [pool-77-thread-1] INFO  server.RaftServerConfigKeys (ConfUtils.java:logGet(43)) - raft.server.log.statemachine.data.sync.timeout = 10s (default)
2019-10-12 10:01:58,755 [pool-77-thread-1] INFO  server.RaftServerConfigKeys (ConfUtils.java:logGet(43)) - raft.server.log.statemachine.data.sync.timeout.retry = -1 (default)
2019-10-12 10:01:58,755 [pool-77-thread-1] INFO  server.RaftServerConfigKeys (ConfUtils.java:logGet(43)) - raft.server.log.statemachine.data.caching.enabled = true (custom)
2019-10-12 10:01:58,755 [pool-77-thread-1] INFO  segmented.SegmentedRaftLogWorker (SegmentedRaftLogWorker.java:lambda$new$0(128)) - 80a646ee-857d-4116-81d6-dd3325e893f6@group-DA439D3D0D84-SegmentedRaftLogWorker: flushIndex: setUnconditionally 0 -> -1
2019-10-12 10:01:58,756 [pool-77-thread-1] INFO  server.RaftServerConfigKeys (ConfUtils.java:logGet(43)) - raft.server.snapshot.auto.trigger.enabled = true (custom)
2019-10-12 10:01:58,756 [pool-77-thread-1] INFO  server.RaftServerConfigKeys (ConfUtils.java:logGet(43)) - raft.server.snapshot.auto.trigger.threshold = 10000 (custom)
2019-10-12 10:01:58,756 [pool-77-thread-1] INFO  server.RaftServerConfigKeys (ConfUtils.java:logGet(43)) - raft.server.snapshot.retention.file.num = 5 (custom)
2019-10-12 10:01:58,756 [pool-77-thread-1] INFO  server.RaftServerConfigKeys (ConfUtils.java:logGet(43)) - raft.server.retrycache.expirytime = 600000ms (custom)
2019-10-12 10:01:58,759 [pool-77-thread-1] INFO  impl.RaftServerImpl (RaftServerImpl.java:start(181)) - 80a646ee-857d-4116-81d6-dd3325e893f6@group-DA439D3D0D84: start as a follower, conf=-1: [7da1345c-bffa-488f-9c16-928d9fca41c9:192.168.5.134:35541, 2c8e1bff-2b59-4c15-bc70-21af7309fc2c:192.168.5.134:46208, 80a646ee-857d-4116-81d6-dd3325e893f6:192.168.5.134:35250], old=null
2019-10-12 10:01:58,759 [pool-77-thread-1] INFO  impl.RaftServerImpl (RaftServerImpl.java:setRole(170)) - 80a646ee-857d-4116-81d6-dd3325e893f6@group-DA439D3D0D84: changes role from      null to FOLLOWER at term 0 for startAsFollower
2019-10-12 10:01:58,759 [pool-77-thread-1] INFO  impl.RoleInfo (RoleInfo.java:updateAndGet(143)) - 80a646ee-857d-4116-81d6-dd3325e893f6: start FollowerState
2019-10-12 10:01:58,760 [pool-77-thread-1] INFO  util.JmxRegister (JmxRegister.java:tryRegister(44)) - Successfully registered JMX Bean with object name Ratis:service=RaftServer,group=group-DA439D3D0D84,id=80a646ee-857d-4116-81d6-dd3325e893f6
2019-10-12 10:01:58,763 [Command processor thread] INFO  commandhandler.CreatePipelineCommandHandler (CreatePipelineCommandHandler.java:handle(86)) - Create Pipeline RATIS THREE #id: "55c10c1b-9309-41a6-aed3-da439d3d0d84"
 command succeed on datanode 80a646ee-857d-4116-81d6-dd3325e893f6.
2019-10-12 10:01:58,764 [EventQueue-PipelineReportForPipelineReportHandler] INFO  pipeline.PipelineReportHandler (PipelineReportHandler.java:processPipelineReport(104)) - Pipeline THREE PipelineID=55c10c1b-9309-41a6-aed3-da439d3d0d84 reported by 80a646ee-857d-4116-81d6-dd3325e893f6{ip: 192.168.5.134, host: pr-hdds-2034-qjlc4-3656631144, networkLocation: /default-rack, certSerialId: null}
2019-10-12 10:01:58,887 [Command processor thread] INFO  impl.RaftServerProxy (RaftServerProxy.java:addNew(89)) - 7da1345c-bffa-488f-9c16-928d9fca41c9: addNew group-F907FD37953E:[7da1345c-bffa-488f-9c16-928d9fca41c9:192.168.5.134:35541] returns group-F907FD37953E:java.util.concurrent.CompletableFuture@292312dd[Not completed]
2019-10-12 10:01:58,889 [pool-87-thread-1] INFO  impl.RaftServerImpl (RaftServerImpl.java:<init>(95)) - 7da1345c-bffa-488f-9c16-928d9fca41c9: new RaftServerImpl for group-F907FD37953E:[7da1345c-bffa-488f-9c16-928d9fca41c9:192.168.5.134:35541] with ContainerStateMachine:uninitialized
2019-10-12 10:01:58,891 [pool-87-thread-1] INFO  server.RaftServerConfigKeys (ConfUtils.java:logGet(43)) - raft.server.rpc.timeout.min = 5s (custom)
2019-10-12 10:01:58,891 [pool-87-thread-1] INFO  server.RaftServerConfigKeys (ConfUtils.java:logGet(43)) - raft.server.rpc.timeout.max = 5200ms (custom)
2019-10-12 10:01:58,891 [pool-87-thread-1] INFO  server.RaftServerConfigKeys (ConfUtils.java:logGet(43)) - raft.server.rpcslowness.timeout = 120s (custom)
2019-10-12 10:01:58,892 [pool-87-thread-1] INFO  server.RaftServerConfigKeys (ConfUtils.java:logGet(43)) - raft.server.sleep.deviation.threshold = 300 (default)
2019-10-12 10:01:58,892 [pool-87-thread-1] INFO  server.RaftServerConfigKeys (ConfUtils.java:logGet(43)) - raft.server.log.appender.install.snapshot.enabled = false (custom)
2019-10-12 10:01:58,892 [pool-87-thread-1] INFO  impl.RaftServerImpl (ServerState.java:<init>(103)) - 7da1345c-bffa-488f-9c16-928d9fca41c9@group-F907FD37953E: ConfigurationManager, init=-1: [7da1345c-bffa-488f-9c16-928d9fca41c9:192.168.5.134:35541], old=null, confs=<EMPTY_MAP>
2019-10-12 10:01:58,892 [pool-87-thread-1] INFO  server.RaftServerConfigKeys (ConfUtils.java:logGet(43)) - raft.server.storage.dir = [/workdir/hadoop-ozone/integration-test/target/test-dir/MiniOzoneClusterImpl-4cb53824-6e96-47a6-8d5a-f4ff5b9ad058/datanode-1/data/ratis] (custom)
2019-10-12 10:01:58,893 [pool-87-thread-1] INFO  server.RaftServerConfigKeys (ConfUtils.java:logGet(43)) - raft.server.log.corruption.policy = EXCEPTION (default)
2019-10-12 10:01:58,893 [pool-87-thread-1] INFO  storage.RaftStorageDirectory (RaftStorageDirectory.java:analyzeStorage(246)) - The storage directory /workdir/hadoop-ozone/integration-test/target/test-dir/MiniOzoneClusterImpl-4cb53824-6e96-47a6-8d5a-f4ff5b9ad058/datanode-1/data/ratis/22545fc6-9294-4b40-bfde-f907fd37953e does not exist. Creating ...
2019-10-12 10:01:58,906 [pool-87-thread-1] INFO  storage.RaftStorageDirectory (RaftStorageDirectory.java:tryLock(328)) - Lock on /workdir/hadoop-ozone/integration-test/target/test-dir/MiniOzoneClusterImpl-4cb53824-6e96-47a6-8d5a-f4ff5b9ad058/datanode-1/data/ratis/22545fc6-9294-4b40-bfde-f907fd37953e/in_use.lock acquired by nodename 3239@pr-hdds-2034-qjlc4-3656631144
2019-10-12 10:01:58,909 [pool-87-thread-1] INFO  storage.RaftStorage (RaftStorage.java:format(84)) - Storage directory /workdir/hadoop-ozone/integration-test/target/test-dir/MiniOzoneClusterImpl-4cb53824-6e96-47a6-8d5a-f4ff5b9ad058/datanode-1/data/ratis/22545fc6-9294-4b40-bfde-f907fd37953e has been successfully formatted.
2019-10-12 10:01:58,909 [pool-87-thread-1] INFO  ratis.ContainerStateMachine (ContainerStateMachine.java:loadSnapshot(231)) - group-F907FD37953E: The snapshot info is null. Setting the last applied indexto:(t:0, i:~)
2019-10-12 10:01:58,910 [pool-87-thread-1] INFO  server.RaftServerConfigKeys (ConfUtils.java:logGet(43)) - raft.server.notification.no-leader.timeout = 120s (custom)
2019-10-12 10:01:58,910 [pool-87-thread-1] INFO  server.RaftServerConfigKeys (ConfUtils.java:logGet(43)) - raft.server.log.use.memory = false (default)
2019-10-12 10:01:58,910 [pool-87-thread-1] INFO  server.RaftServerConfigKeys (ConfUtils.java:logGet(43)) - raft.server.log.purge.gap = 1000000 (custom)
2019-10-12 10:01:58,910 [pool-87-thread-1] INFO  server.RaftServerConfigKeys (ConfUtils.java:logGet(43)) - raft.server.log.appender.buffer.byte-limit = 33554432 (custom)
2019-10-12 10:01:58,910 [pool-87-thread-1] INFO  server.RaftServerConfigKeys (ConfUtils.java:logGet(43)) - raft.server.log.segment.size.max = 1048576 (custom)
2019-10-12 10:01:58,914 [pool-87-thread-1] INFO  server.RaftServerConfigKeys (ConfUtils.java:logGet(43)) - raft.server.log.segment.cache.num.max = 2 (custom)
2019-10-12 10:01:58,914 [pool-87-thread-1] INFO  segmented.SegmentedRaftLogWorker (SegmentedRaftLogWorker.java:<init>(173)) - new 7da1345c-bffa-488f-9c16-928d9fca41c9@group-F907FD37953E-SegmentedRaftLogWorker for RaftStorage:Storage Directory /workdir/hadoop-ozone/integration-test/target/test-dir/MiniOzoneClusterImpl-4cb53824-6e96-47a6-8d5a-f4ff5b9ad058/datanode-1/data/ratis/22545fc6-9294-4b40-bfde-f907fd37953e
2019-10-12 10:01:58,914 [pool-87-thread-1] INFO  server.RaftServerConfigKeys (ConfUtils.java:logGet(43)) - raft.server.log.queue.byte-limit = 2147483647 (custom)
2019-10-12 10:01:58,914 [pool-87-thread-1] INFO  server.RaftServerConfigKeys (ConfUtils.java:logGet(43)) - raft.server.log.queue.element-limit = 1024 (custom)
2019-10-12 10:01:58,914 [pool-87-thread-1] INFO  server.RaftServerConfigKeys (ConfUtils.java:logGet(43)) - raft.server.log.segment.size.max = 1048576 (custom)
2019-10-12 10:01:58,914 [pool-87-thread-1] INFO  server.RaftServerConfigKeys (ConfUtils.java:logGet(43)) - raft.server.log.preallocated.size = 16384 (custom)
2019-10-12 10:01:58,915 [pool-87-thread-1] INFO  server.RaftServerConfigKeys (ConfUtils.java:logGet(43)) - raft.server.log.write.buffer.size = 33554432 (custom)
2019-10-12 10:01:58,915 [pool-87-thread-1] INFO  server.RaftServerConfigKeys (ConfUtils.java:logGet(43)) - raft.server.log.force.sync.num = 128 (default)
2019-10-12 10:01:58,915 [pool-87-thread-1] INFO  server.RaftServerConfigKeys (ConfUtils.java:logGet(43)) - raft.server.log.statemachine.data.sync = true (default)
2019-10-12 10:01:58,915 [pool-87-thread-1] INFO  server.RaftServerConfigKeys (ConfUtils.java:logGet(43)) - raft.server.log.statemachine.data.sync.timeout = 10s (default)
2019-10-12 10:01:58,915 [pool-87-thread-1] INFO  server.RaftServerConfigKeys (ConfUtils.java:logGet(43)) - raft.server.log.statemachine.data.sync.timeout.retry = -1 (default)
2019-10-12 10:01:58,916 [pool-87-thread-1] INFO  server.RaftServerConfigKeys (ConfUtils.java:logGet(43)) - raft.server.log.statemachine.data.caching.enabled = true (custom)
2019-10-12 10:01:58,916 [pool-87-thread-1] INFO  segmented.SegmentedRaftLogWorker (SegmentedRaftLogWorker.java:lambda$new$0(128)) - 7da1345c-bffa-488f-9c16-928d9fca41c9@group-F907FD37953E-SegmentedRaftLogWorker: flushIndex: setUnconditionally 0 -> -1
2019-10-12 10:01:58,917 [pool-87-thread-1] INFO  server.RaftServerConfigKeys (ConfUtils.java:logGet(43)) - raft.server.snapshot.auto.trigger.enabled = true (custom)
2019-10-12 10:01:58,917 [pool-87-thread-1] INFO  server.RaftServerConfigKeys (ConfUtils.java:logGet(43)) - raft.server.snapshot.auto.trigger.threshold = 10000 (custom)
2019-10-12 10:01:58,917 [pool-87-thread-1] INFO  server.RaftServerConfigKeys (ConfUtils.java:logGet(43)) - raft.server.snapshot.retention.file.num = 5 (custom)
2019-10-12 10:01:58,917 [pool-87-thread-1] INFO  server.RaftServerConfigKeys (ConfUtils.java:logGet(43)) - raft.server.retrycache.expirytime = 600000ms (custom)
2019-10-12 10:01:58,920 [pool-87-thread-1] INFO  impl.RaftServerImpl (RaftServerImpl.java:start(181)) - 7da1345c-bffa-488f-9c16-928d9fca41c9@group-F907FD37953E: start as a follower, conf=-1: [7da1345c-bffa-488f-9c16-928d9fca41c9:192.168.5.134:35541], old=null
2019-10-12 10:01:58,920 [pool-87-thread-1] INFO  impl.RaftServerImpl (RaftServerImpl.java:setRole(170)) - 7da1345c-bffa-488f-9c16-928d9fca41c9@group-F907FD37953E: changes role from      null to FOLLOWER at term 0 for startAsFollower
2019-10-12 10:01:58,920 [pool-87-thread-1] INFO  impl.RoleInfo (RoleInfo.java:updateAndGet(143)) - 7da1345c-bffa-488f-9c16-928d9fca41c9: start FollowerState
2019-10-12 10:01:58,921 [pool-87-thread-1] INFO  util.JmxRegister (JmxRegister.java:tryRegister(44)) - Successfully registered JMX Bean with object name Ratis:service=RaftServer,group=group-F907FD37953E,id=7da1345c-bffa-488f-9c16-928d9fca41c9
2019-10-12 10:01:58,924 [Command processor thread] INFO  commandhandler.CreatePipelineCommandHandler (CreatePipelineCommandHandler.java:handle(86)) - Create Pipeline RATIS ONE #id: "22545fc6-9294-4b40-bfde-f907fd37953e"
 command succeed on datanode 7da1345c-bffa-488f-9c16-928d9fca41c9.
2019-10-12 10:01:58,925 [Command processor thread] INFO  impl.RaftServerProxy (RaftServerProxy.java:addNew(89)) - 7da1345c-bffa-488f-9c16-928d9fca41c9: addNew group-DA439D3D0D84:[7da1345c-bffa-488f-9c16-928d9fca41c9:192.168.5.134:35541, 2c8e1bff-2b59-4c15-bc70-21af7309fc2c:192.168.5.134:46208, 80a646ee-857d-4116-81d6-dd3325e893f6:192.168.5.134:35250] returns group-DA439D3D0D84:java.util.concurrent.CompletableFuture@2d1c8321[Not completed]
2019-10-12 10:01:58,927 [EventQueue-PipelineReportForPipelineReportHandler] INFO  pipeline.PipelineReportHandler (PipelineReportHandler.java:processPipelineReport(104)) - Pipeline ONE PipelineID=22545fc6-9294-4b40-bfde-f907fd37953e reported by 7da1345c-bffa-488f-9c16-928d9fca41c9{ip: 192.168.5.134, host: pr-hdds-2034-qjlc4-3656631144, networkLocation: /default-rack, certSerialId: null}
2019-10-12 10:01:58,927 [pool-87-thread-1] INFO  impl.RaftServerImpl (RaftServerImpl.java:<init>(95)) - 7da1345c-bffa-488f-9c16-928d9fca41c9: new RaftServerImpl for group-DA439D3D0D84:[7da1345c-bffa-488f-9c16-928d9fca41c9:192.168.5.134:35541, 2c8e1bff-2b59-4c15-bc70-21af7309fc2c:192.168.5.134:46208, 80a646ee-857d-4116-81d6-dd3325e893f6:192.168.5.134:35250] with ContainerStateMachine:uninitialized
2019-10-12 10:01:58,927 [EventQueue-PipelineReportForPipelineReportHandler] INFO  pipeline.PipelineStateManager (PipelineStateManager.java:openPipeline(134)) - Pipeline Pipeline[ Id: 22545fc6-9294-4b40-bfde-f907fd37953e, Nodes: 7da1345c-bffa-488f-9c16-928d9fca41c9{ip: 192.168.5.134, host: pr-hdds-2034-qjlc4-3656631144, networkLocation: /default-rack, certSerialId: null}, Type:RATIS, Factor:ONE, State:ALLOCATED] moved to OPEN state
2019-10-12 10:01:58,927 [pool-87-thread-1] INFO  server.RaftServerConfigKeys (ConfUtils.java:logGet(43)) - raft.server.rpc.timeout.min = 5s (custom)
2019-10-12 10:01:58,927 [pool-87-thread-1] INFO  server.RaftServerConfigKeys (ConfUtils.java:logGet(43)) - raft.server.rpc.timeout.max = 5200ms (custom)
2019-10-12 10:01:58,927 [pool-87-thread-1] INFO  server.RaftServerConfigKeys (ConfUtils.java:logGet(43)) - raft.server.rpcslowness.timeout = 120s (custom)
2019-10-12 10:01:58,928 [pool-87-thread-1] INFO  server.RaftServerConfigKeys (ConfUtils.java:logGet(43)) - raft.server.sleep.deviation.threshold = 300 (default)
2019-10-12 10:01:58,928 [pool-87-thread-1] INFO  server.RaftServerConfigKeys (ConfUtils.java:logGet(43)) - raft.server.log.appender.install.snapshot.enabled = false (custom)
2019-10-12 10:01:58,928 [pool-87-thread-1] INFO  impl.RaftServerImpl (ServerState.java:<init>(103)) - 7da1345c-bffa-488f-9c16-928d9fca41c9@group-DA439D3D0D84: ConfigurationManager, init=-1: [7da1345c-bffa-488f-9c16-928d9fca41c9:192.168.5.134:35541, 2c8e1bff-2b59-4c15-bc70-21af7309fc2c:192.168.5.134:46208, 80a646ee-857d-4116-81d6-dd3325e893f6:192.168.5.134:35250], old=null, confs=<EMPTY_MAP>
2019-10-12 10:01:58,928 [pool-87-thread-1] INFO  server.RaftServerConfigKeys (ConfUtils.java:logGet(43)) - raft.server.storage.dir = [/workdir/hadoop-ozone/integration-test/target/test-dir/MiniOzoneClusterImpl-4cb53824-6e96-47a6-8d5a-f4ff5b9ad058/datanode-1/data/ratis] (custom)
2019-10-12 10:01:58,928 [pool-87-thread-1] INFO  server.RaftServerConfigKeys (ConfUtils.java:logGet(43)) - raft.server.log.corruption.policy = EXCEPTION (default)
2019-10-12 10:01:58,929 [pool-87-thread-1] INFO  storage.RaftStorageDirectory (RaftStorageDirectory.java:analyzeStorage(246)) - The storage directory /workdir/hadoop-ozone/integration-test/target/test-dir/MiniOzoneClusterImpl-4cb53824-6e96-47a6-8d5a-f4ff5b9ad058/datanode-1/data/ratis/55c10c1b-9309-41a6-aed3-da439d3d0d84 does not exist. Creating ...
2019-10-12 10:01:58,932 [pool-87-thread-1] INFO  storage.RaftStorageDirectory (RaftStorageDirectory.java:tryLock(328)) - Lock on /workdir/hadoop-ozone/integration-test/target/test-dir/MiniOzoneClusterImpl-4cb53824-6e96-47a6-8d5a-f4ff5b9ad058/datanode-1/data/ratis/55c10c1b-9309-41a6-aed3-da439d3d0d84/in_use.lock acquired by nodename 3239@pr-hdds-2034-qjlc4-3656631144
2019-10-12 10:01:58,935 [pool-87-thread-1] INFO  storage.RaftStorage (RaftStorage.java:format(84)) - Storage directory /workdir/hadoop-ozone/integration-test/target/test-dir/MiniOzoneClusterImpl-4cb53824-6e96-47a6-8d5a-f4ff5b9ad058/datanode-1/data/ratis/55c10c1b-9309-41a6-aed3-da439d3d0d84 has been successfully formatted.
2019-10-12 10:01:58,935 [pool-87-thread-1] INFO  ratis.ContainerStateMachine (ContainerStateMachine.java:loadSnapshot(231)) - group-DA439D3D0D84: The snapshot info is null. Setting the last applied indexto:(t:0, i:~)
2019-10-12 10:01:58,935 [pool-87-thread-1] INFO  server.RaftServerConfigKeys (ConfUtils.java:logGet(43)) - raft.server.notification.no-leader.timeout = 120s (custom)
2019-10-12 10:01:58,936 [pool-87-thread-1] INFO  server.RaftServerConfigKeys (ConfUtils.java:logGet(43)) - raft.server.log.use.memory = false (default)
2019-10-12 10:01:58,936 [pool-87-thread-1] INFO  server.RaftServerConfigKeys (ConfUtils.java:logGet(43)) - raft.server.log.purge.gap = 1000000 (custom)
2019-10-12 10:01:58,936 [pool-87-thread-1] INFO  server.RaftServerConfigKeys (ConfUtils.java:logGet(43)) - raft.server.log.appender.buffer.byte-limit = 33554432 (custom)
2019-10-12 10:01:58,936 [pool-87-thread-1] INFO  server.RaftServerConfigKeys (ConfUtils.java:logGet(43)) - raft.server.log.segment.size.max = 1048576 (custom)
2019-10-12 10:01:58,936 [pool-87-thread-1] INFO  server.RaftServerConfigKeys (ConfUtils.java:logGet(43)) - raft.server.log.segment.cache.num.max = 2 (custom)
2019-10-12 10:01:58,936 [pool-87-thread-1] INFO  segmented.SegmentedRaftLogWorker (SegmentedRaftLogWorker.java:<init>(173)) - new 7da1345c-bffa-488f-9c16-928d9fca41c9@group-DA439D3D0D84-SegmentedRaftLogWorker for RaftStorage:Storage Directory /workdir/hadoop-ozone/integration-test/target/test-dir/MiniOzoneClusterImpl-4cb53824-6e96-47a6-8d5a-f4ff5b9ad058/datanode-1/data/ratis/55c10c1b-9309-41a6-aed3-da439d3d0d84
2019-10-12 10:01:58,937 [pool-87-thread-1] INFO  server.RaftServerConfigKeys (ConfUtils.java:logGet(43)) - raft.server.log.queue.byte-limit = 2147483647 (custom)
2019-10-12 10:01:58,937 [pool-87-thread-1] INFO  server.RaftServerConfigKeys (ConfUtils.java:logGet(43)) - raft.server.log.queue.element-limit = 1024 (custom)
2019-10-12 10:01:58,937 [pool-87-thread-1] INFO  server.RaftServerConfigKeys (ConfUtils.java:logGet(43)) - raft.server.log.segment.size.max = 1048576 (custom)
2019-10-12 10:01:58,937 [pool-87-thread-1] INFO  server.RaftServerConfigKeys (ConfUtils.java:logGet(43)) - raft.server.log.preallocated.size = 16384 (custom)
2019-10-12 10:01:58,937 [pool-87-thread-1] INFO  server.RaftServerConfigKeys (ConfUtils.java:logGet(43)) - raft.server.log.write.buffer.size = 33554432 (custom)
2019-10-12 10:01:58,937 [pool-87-thread-1] INFO  server.RaftServerConfigKeys (ConfUtils.java:logGet(43)) - raft.server.log.force.sync.num = 128 (default)
2019-10-12 10:01:58,938 [pool-87-thread-1] INFO  server.RaftServerConfigKeys (ConfUtils.java:logGet(43)) - raft.server.log.statemachine.data.sync = true (default)
2019-10-12 10:01:58,938 [pool-87-thread-1] INFO  server.RaftServerConfigKeys (ConfUtils.java:logGet(43)) - raft.server.log.statemachine.data.sync.timeout = 10s (default)
2019-10-12 10:01:58,938 [pool-87-thread-1] INFO  server.RaftServerConfigKeys (ConfUtils.java:logGet(43)) - raft.server.log.statemachine.data.sync.timeout.retry = -1 (default)
2019-10-12 10:01:58,938 [pool-87-thread-1] INFO  server.RaftServerConfigKeys (ConfUtils.java:logGet(43)) - raft.server.log.statemachine.data.caching.enabled = true (custom)
2019-10-12 10:01:58,938 [pool-87-thread-1] INFO  segmented.SegmentedRaftLogWorker (SegmentedRaftLogWorker.java:lambda$new$0(128)) - 7da1345c-bffa-488f-9c16-928d9fca41c9@group-DA439D3D0D84-SegmentedRaftLogWorker: flushIndex: setUnconditionally 0 -> -1
2019-10-12 10:01:58,939 [pool-87-thread-1] INFO  server.RaftServerConfigKeys (ConfUtils.java:logGet(43)) - raft.server.snapshot.auto.trigger.enabled = true (custom)
2019-10-12 10:01:58,939 [pool-87-thread-1] INFO  server.RaftServerConfigKeys (ConfUtils.java:logGet(43)) - raft.server.snapshot.auto.trigger.threshold = 10000 (custom)
2019-10-12 10:01:58,939 [pool-87-thread-1] INFO  server.RaftServerConfigKeys (ConfUtils.java:logGet(43)) - raft.server.snapshot.retention.file.num = 5 (custom)
2019-10-12 10:01:58,939 [pool-87-thread-1] INFO  server.RaftServerConfigKeys (ConfUtils.java:logGet(43)) - raft.server.retrycache.expirytime = 600000ms (custom)
2019-10-12 10:01:58,942 [pool-87-thread-1] INFO  impl.RaftServerImpl (RaftServerImpl.java:start(181)) - 7da1345c-bffa-488f-9c16-928d9fca41c9@group-DA439D3D0D84: start as a follower, conf=-1: [7da1345c-bffa-488f-9c16-928d9fca41c9:192.168.5.134:35541, 2c8e1bff-2b59-4c15-bc70-21af7309fc2c:192.168.5.134:46208, 80a646ee-857d-4116-81d6-dd3325e893f6:192.168.5.134:35250], old=null
2019-10-12 10:01:58,942 [pool-87-thread-1] INFO  impl.RaftServerImpl (RaftServerImpl.java:setRole(170)) - 7da1345c-bffa-488f-9c16-928d9fca41c9@group-DA439D3D0D84: changes role from      null to FOLLOWER at term 0 for startAsFollower
2019-10-12 10:01:58,942 [pool-87-thread-1] INFO  impl.RoleInfo (RoleInfo.java:updateAndGet(143)) - 7da1345c-bffa-488f-9c16-928d9fca41c9: start FollowerState
2019-10-12 10:01:58,943 [pool-87-thread-1] INFO  util.JmxRegister (JmxRegister.java:tryRegister(44)) - Successfully registered JMX Bean with object name Ratis:service=RaftServer,group=group-DA439D3D0D84,id=7da1345c-bffa-488f-9c16-928d9fca41c9
2019-10-12 10:01:58,945 [Command processor thread] INFO  commandhandler.CreatePipelineCommandHandler (CreatePipelineCommandHandler.java:handle(86)) - Create Pipeline RATIS THREE #id: "55c10c1b-9309-41a6-aed3-da439d3d0d84"
 command succeed on datanode 7da1345c-bffa-488f-9c16-928d9fca41c9.
2019-10-12 10:01:58,947 [EventQueue-PipelineReportForPipelineReportHandler] INFO  pipeline.PipelineReportHandler (PipelineReportHandler.java:processPipelineReport(104)) - Pipeline THREE PipelineID=55c10c1b-9309-41a6-aed3-da439d3d0d84 reported by 7da1345c-bffa-488f-9c16-928d9fca41c9{ip: 192.168.5.134, host: pr-hdds-2034-qjlc4-3656631144, networkLocation: /default-rack, certSerialId: null}
2019-10-12 10:01:58,982 [Command processor thread] INFO  impl.RaftServerProxy (RaftServerProxy.java:addNew(89)) - 2c8e1bff-2b59-4c15-bc70-21af7309fc2c: addNew group-8653683ED28D:[2c8e1bff-2b59-4c15-bc70-21af7309fc2c:192.168.5.134:46208] returns group-8653683ED28D:java.util.concurrent.CompletableFuture@2700f974[Not completed]
2019-10-12 10:01:58,984 [pool-97-thread-1] INFO  impl.RaftServerImpl (RaftServerImpl.java:<init>(95)) - 2c8e1bff-2b59-4c15-bc70-21af7309fc2c: new RaftServerImpl for group-8653683ED28D:[2c8e1bff-2b59-4c15-bc70-21af7309fc2c:192.168.5.134:46208] with ContainerStateMachine:uninitialized
2019-10-12 10:01:58,986 [pool-97-thread-1] INFO  server.RaftServerConfigKeys (ConfUtils.java:logGet(43)) - raft.server.rpc.timeout.min = 5s (custom)
2019-10-12 10:01:58,986 [pool-97-thread-1] INFO  server.RaftServerConfigKeys (ConfUtils.java:logGet(43)) - raft.server.rpc.timeout.max = 5200ms (custom)
2019-10-12 10:01:58,986 [pool-97-thread-1] INFO  server.RaftServerConfigKeys (ConfUtils.java:logGet(43)) - raft.server.rpcslowness.timeout = 120s (custom)
2019-10-12 10:01:58,986 [pool-97-thread-1] INFO  server.RaftServerConfigKeys (ConfUtils.java:logGet(43)) - raft.server.sleep.deviation.threshold = 300 (default)
2019-10-12 10:01:58,987 [pool-97-thread-1] INFO  server.RaftServerConfigKeys (ConfUtils.java:logGet(43)) - raft.server.log.appender.install.snapshot.enabled = false (custom)
2019-10-12 10:01:58,987 [pool-97-thread-1] INFO  impl.RaftServerImpl (ServerState.java:<init>(103)) - 2c8e1bff-2b59-4c15-bc70-21af7309fc2c@group-8653683ED28D: ConfigurationManager, init=-1: [2c8e1bff-2b59-4c15-bc70-21af7309fc2c:192.168.5.134:46208], old=null, confs=<EMPTY_MAP>
2019-10-12 10:01:58,987 [pool-97-thread-1] INFO  server.RaftServerConfigKeys (ConfUtils.java:logGet(43)) - raft.server.storage.dir = [/workdir/hadoop-ozone/integration-test/target/test-dir/MiniOzoneClusterImpl-4cb53824-6e96-47a6-8d5a-f4ff5b9ad058/datanode-2/data/ratis] (custom)
2019-10-12 10:01:58,987 [pool-97-thread-1] INFO  server.RaftServerConfigKeys (ConfUtils.java:logGet(43)) - raft.server.log.corruption.policy = EXCEPTION (default)
2019-10-12 10:01:58,988 [pool-97-thread-1] INFO  storage.RaftStorageDirectory (RaftStorageDirectory.java:analyzeStorage(246)) - The storage directory /workdir/hadoop-ozone/integration-test/target/test-dir/MiniOzoneClusterImpl-4cb53824-6e96-47a6-8d5a-f4ff5b9ad058/datanode-2/data/ratis/5b2f4d9e-df3d-4226-8ec6-8653683ed28d does not exist. Creating ...
2019-10-12 10:01:58,988 [main] INFO  ozone.MiniOzoneClusterImpl (MiniOzoneClusterImpl.java:lambda$waitForClusterToBeReady$0(149)) - Nodes are ready. Got 3 of 3 DN Heartbeats.
2019-10-12 10:01:58,989 [main] INFO  ozone.MiniOzoneClusterImpl (MiniOzoneClusterImpl.java:lambda$waitForClusterToBeReady$0(152)) - Waiting for cluster to exit safe mode
2019-10-12 10:01:59,001 [pool-97-thread-1] INFO  storage.RaftStorageDirectory (RaftStorageDirectory.java:tryLock(328)) - Lock on /workdir/hadoop-ozone/integration-test/target/test-dir/MiniOzoneClusterImpl-4cb53824-6e96-47a6-8d5a-f4ff5b9ad058/datanode-2/data/ratis/5b2f4d9e-df3d-4226-8ec6-8653683ed28d/in_use.lock acquired by nodename 3239@pr-hdds-2034-qjlc4-3656631144
2019-10-12 10:01:59,014 [pool-97-thread-1] INFO  storage.RaftStorage (RaftStorage.java:format(84)) - Storage directory /workdir/hadoop-ozone/integration-test/target/test-dir/MiniOzoneClusterImpl-4cb53824-6e96-47a6-8d5a-f4ff5b9ad058/datanode-2/data/ratis/5b2f4d9e-df3d-4226-8ec6-8653683ed28d has been successfully formatted.
2019-10-12 10:01:59,015 [pool-97-thread-1] INFO  ratis.ContainerStateMachine (ContainerStateMachine.java:loadSnapshot(231)) - group-8653683ED28D: The snapshot info is null. Setting the last applied indexto:(t:0, i:~)
2019-10-12 10:01:59,015 [pool-97-thread-1] INFO  server.RaftServerConfigKeys (ConfUtils.java:logGet(43)) - raft.server.notification.no-leader.timeout = 120s (custom)
2019-10-12 10:01:59,015 [pool-97-thread-1] INFO  server.RaftServerConfigKeys (ConfUtils.java:logGet(43)) - raft.server.log.use.memory = false (default)
2019-10-12 10:01:59,015 [pool-97-thread-1] INFO  server.RaftServerConfigKeys (ConfUtils.java:logGet(43)) - raft.server.log.purge.gap = 1000000 (custom)
2019-10-12 10:01:59,016 [pool-97-thread-1] INFO  server.RaftServerConfigKeys (ConfUtils.java:logGet(43)) - raft.server.log.appender.buffer.byte-limit = 33554432 (custom)
2019-10-12 10:01:59,016 [pool-97-thread-1] INFO  server.RaftServerConfigKeys (ConfUtils.java:logGet(43)) - raft.server.log.segment.size.max = 1048576 (custom)
2019-10-12 10:01:59,019 [pool-97-thread-1] INFO  server.RaftServerConfigKeys (ConfUtils.java:logGet(43)) - raft.server.log.segment.cache.num.max = 2 (custom)
2019-10-12 10:01:59,019 [pool-97-thread-1] INFO  segmented.SegmentedRaftLogWorker (SegmentedRaftLogWorker.java:<init>(173)) - new 2c8e1bff-2b59-4c15-bc70-21af7309fc2c@group-8653683ED28D-SegmentedRaftLogWorker for RaftStorage:Storage Directory /workdir/hadoop-ozone/integration-test/target/test-dir/MiniOzoneClusterImpl-4cb53824-6e96-47a6-8d5a-f4ff5b9ad058/datanode-2/data/ratis/5b2f4d9e-df3d-4226-8ec6-8653683ed28d
2019-10-12 10:01:59,019 [pool-97-thread-1] INFO  server.RaftServerConfigKeys (ConfUtils.java:logGet(43)) - raft.server.log.queue.byte-limit = 2147483647 (custom)
2019-10-12 10:01:59,019 [pool-97-thread-1] INFO  server.RaftServerConfigKeys (ConfUtils.java:logGet(43)) - raft.server.log.queue.element-limit = 1024 (custom)
2019-10-12 10:01:59,019 [pool-97-thread-1] INFO  server.RaftServerConfigKeys (ConfUtils.java:logGet(43)) - raft.server.log.segment.size.max = 1048576 (custom)
2019-10-12 10:01:59,020 [pool-97-thread-1] INFO  server.RaftServerConfigKeys (ConfUtils.java:logGet(43)) - raft.server.log.preallocated.size = 16384 (custom)
2019-10-12 10:01:59,020 [pool-97-thread-1] INFO  server.RaftServerConfigKeys (ConfUtils.java:logGet(43)) - raft.server.log.write.buffer.size = 33554432 (custom)
2019-10-12 10:01:59,020 [pool-97-thread-1] INFO  server.RaftServerConfigKeys (ConfUtils.java:logGet(43)) - raft.server.log.force.sync.num = 128 (default)
2019-10-12 10:01:59,020 [pool-97-thread-1] INFO  server.RaftServerConfigKeys (ConfUtils.java:logGet(43)) - raft.server.log.statemachine.data.sync = true (default)
2019-10-12 10:01:59,020 [pool-97-thread-1] INFO  server.RaftServerConfigKeys (ConfUtils.java:logGet(43)) - raft.server.log.statemachine.data.sync.timeout = 10s (default)
2019-10-12 10:01:59,020 [pool-97-thread-1] INFO  server.RaftServerConfigKeys (ConfUtils.java:logGet(43)) - raft.server.log.statemachine.data.sync.timeout.retry = -1 (default)
2019-10-12 10:01:59,021 [pool-97-thread-1] INFO  server.RaftServerConfigKeys (ConfUtils.java:logGet(43)) - raft.server.log.statemachine.data.caching.enabled = true (custom)
2019-10-12 10:01:59,021 [pool-97-thread-1] INFO  segmented.SegmentedRaftLogWorker (SegmentedRaftLogWorker.java:lambda$new$0(128)) - 2c8e1bff-2b59-4c15-bc70-21af7309fc2c@group-8653683ED28D-SegmentedRaftLogWorker: flushIndex: setUnconditionally 0 -> -1
2019-10-12 10:01:59,022 [pool-97-thread-1] INFO  server.RaftServerConfigKeys (ConfUtils.java:logGet(43)) - raft.server.snapshot.auto.trigger.enabled = true (custom)
2019-10-12 10:01:59,022 [pool-97-thread-1] INFO  server.RaftServerConfigKeys (ConfUtils.java:logGet(43)) - raft.server.snapshot.auto.trigger.threshold = 10000 (custom)
2019-10-12 10:01:59,022 [pool-97-thread-1] INFO  server.RaftServerConfigKeys (ConfUtils.java:logGet(43)) - raft.server.snapshot.retention.file.num = 5 (custom)
2019-10-12 10:01:59,022 [pool-97-thread-1] INFO  server.RaftServerConfigKeys (ConfUtils.java:logGet(43)) - raft.server.retrycache.expirytime = 600000ms (custom)
2019-10-12 10:01:59,025 [pool-97-thread-1] INFO  impl.RaftServerImpl (RaftServerImpl.java:start(181)) - 2c8e1bff-2b59-4c15-bc70-21af7309fc2c@group-8653683ED28D: start as a follower, conf=-1: [2c8e1bff-2b59-4c15-bc70-21af7309fc2c:192.168.5.134:46208], old=null
2019-10-12 10:01:59,025 [pool-97-thread-1] INFO  impl.RaftServerImpl (RaftServerImpl.java:setRole(170)) - 2c8e1bff-2b59-4c15-bc70-21af7309fc2c@group-8653683ED28D: changes role from      null to FOLLOWER at term 0 for startAsFollower
2019-10-12 10:01:59,025 [pool-97-thread-1] INFO  impl.RoleInfo (RoleInfo.java:updateAndGet(143)) - 2c8e1bff-2b59-4c15-bc70-21af7309fc2c: start FollowerState
2019-10-12 10:01:59,026 [pool-97-thread-1] INFO  util.JmxRegister (JmxRegister.java:tryRegister(44)) - Successfully registered JMX Bean with object name Ratis:service=RaftServer,group=group-8653683ED28D,id=2c8e1bff-2b59-4c15-bc70-21af7309fc2c
2019-10-12 10:01:59,029 [Command processor thread] INFO  commandhandler.CreatePipelineCommandHandler (CreatePipelineCommandHandler.java:handle(86)) - Create Pipeline RATIS ONE #id: "5b2f4d9e-df3d-4226-8ec6-8653683ed28d"
 command succeed on datanode 2c8e1bff-2b59-4c15-bc70-21af7309fc2c.
2019-10-12 10:01:59,031 [Command processor thread] INFO  impl.RaftServerProxy (RaftServerProxy.java:addNew(89)) - 2c8e1bff-2b59-4c15-bc70-21af7309fc2c: addNew group-DA439D3D0D84:[7da1345c-bffa-488f-9c16-928d9fca41c9:192.168.5.134:35541, 2c8e1bff-2b59-4c15-bc70-21af7309fc2c:192.168.5.134:46208, 80a646ee-857d-4116-81d6-dd3325e893f6:192.168.5.134:35250] returns group-DA439D3D0D84:java.util.concurrent.CompletableFuture@233f794c[Not completed]
2019-10-12 10:01:59,032 [EventQueue-PipelineReportForPipelineReportHandler] INFO  pipeline.PipelineReportHandler (PipelineReportHandler.java:processPipelineReport(104)) - Pipeline ONE PipelineID=5b2f4d9e-df3d-4226-8ec6-8653683ed28d reported by 2c8e1bff-2b59-4c15-bc70-21af7309fc2c{ip: 192.168.5.134, host: pr-hdds-2034-qjlc4-3656631144, networkLocation: /default-rack, certSerialId: null}
2019-10-12 10:01:59,032 [EventQueue-PipelineReportForPipelineReportHandler] INFO  pipeline.PipelineStateManager (PipelineStateManager.java:openPipeline(134)) - Pipeline Pipeline[ Id: 5b2f4d9e-df3d-4226-8ec6-8653683ed28d, Nodes: 2c8e1bff-2b59-4c15-bc70-21af7309fc2c{ip: 192.168.5.134, host: pr-hdds-2034-qjlc4-3656631144, networkLocation: /default-rack, certSerialId: null}, Type:RATIS, Factor:ONE, State:ALLOCATED] moved to OPEN state
2019-10-12 10:01:59,032 [pool-97-thread-1] INFO  impl.RaftServerImpl (RaftServerImpl.java:<init>(95)) - 2c8e1bff-2b59-4c15-bc70-21af7309fc2c: new RaftServerImpl for group-DA439D3D0D84:[7da1345c-bffa-488f-9c16-928d9fca41c9:192.168.5.134:35541, 2c8e1bff-2b59-4c15-bc70-21af7309fc2c:192.168.5.134:46208, 80a646ee-857d-4116-81d6-dd3325e893f6:192.168.5.134:35250] with ContainerStateMachine:uninitialized
2019-10-12 10:01:59,032 [pool-97-thread-1] INFO  server.RaftServerConfigKeys (ConfUtils.java:logGet(43)) - raft.server.rpc.timeout.min = 5s (custom)
2019-10-12 10:01:59,033 [pool-97-thread-1] INFO  server.RaftServerConfigKeys (ConfUtils.java:logGet(43)) - raft.server.rpc.timeout.max = 5200ms (custom)
2019-10-12 10:01:59,033 [pool-97-thread-1] INFO  server.RaftServerConfigKeys (ConfUtils.java:logGet(43)) - raft.server.rpcslowness.timeout = 120s (custom)
2019-10-12 10:01:59,033 [pool-97-thread-1] INFO  server.RaftServerConfigKeys (ConfUtils.java:logGet(43)) - raft.server.sleep.deviation.threshold = 300 (default)
2019-10-12 10:01:59,033 [pool-97-thread-1] INFO  server.RaftServerConfigKeys (ConfUtils.java:logGet(43)) - raft.server.log.appender.install.snapshot.enabled = false (custom)
2019-10-12 10:01:59,033 [pool-97-thread-1] INFO  impl.RaftServerImpl (ServerState.java:<init>(103)) - 2c8e1bff-2b59-4c15-bc70-21af7309fc2c@group-DA439D3D0D84: ConfigurationManager, init=-1: [7da1345c-bffa-488f-9c16-928d9fca41c9:192.168.5.134:35541, 2c8e1bff-2b59-4c15-bc70-21af7309fc2c:192.168.5.134:46208, 80a646ee-857d-4116-81d6-dd3325e893f6:192.168.5.134:35250], old=null, confs=<EMPTY_MAP>
2019-10-12 10:01:59,033 [pool-97-thread-1] INFO  server.RaftServerConfigKeys (ConfUtils.java:logGet(43)) - raft.server.storage.dir = [/workdir/hadoop-ozone/integration-test/target/test-dir/MiniOzoneClusterImpl-4cb53824-6e96-47a6-8d5a-f4ff5b9ad058/datanode-2/data/ratis] (custom)
2019-10-12 10:01:59,034 [pool-97-thread-1] INFO  server.RaftServerConfigKeys (ConfUtils.java:logGet(43)) - raft.server.log.corruption.policy = EXCEPTION (default)
2019-10-12 10:01:59,034 [pool-97-thread-1] INFO  storage.RaftStorageDirectory (RaftStorageDirectory.java:analyzeStorage(246)) - The storage directory /workdir/hadoop-ozone/integration-test/target/test-dir/MiniOzoneClusterImpl-4cb53824-6e96-47a6-8d5a-f4ff5b9ad058/datanode-2/data/ratis/55c10c1b-9309-41a6-aed3-da439d3d0d84 does not exist. Creating ...
2019-10-12 10:01:59,047 [pool-97-thread-1] INFO  storage.RaftStorageDirectory (RaftStorageDirectory.java:tryLock(328)) - Lock on /workdir/hadoop-ozone/integration-test/target/test-dir/MiniOzoneClusterImpl-4cb53824-6e96-47a6-8d5a-f4ff5b9ad058/datanode-2/data/ratis/55c10c1b-9309-41a6-aed3-da439d3d0d84/in_use.lock acquired by nodename 3239@pr-hdds-2034-qjlc4-3656631144
2019-10-12 10:01:59,060 [pool-97-thread-1] INFO  storage.RaftStorage (RaftStorage.java:format(84)) - Storage directory /workdir/hadoop-ozone/integration-test/target/test-dir/MiniOzoneClusterImpl-4cb53824-6e96-47a6-8d5a-f4ff5b9ad058/datanode-2/data/ratis/55c10c1b-9309-41a6-aed3-da439d3d0d84 has been successfully formatted.
2019-10-12 10:01:59,060 [pool-97-thread-1] INFO  ratis.ContainerStateMachine (ContainerStateMachine.java:loadSnapshot(231)) - group-DA439D3D0D84: The snapshot info is null. Setting the last applied indexto:(t:0, i:~)
2019-10-12 10:01:59,060 [pool-97-thread-1] INFO  server.RaftServerConfigKeys (ConfUtils.java:logGet(43)) - raft.server.notification.no-leader.timeout = 120s (custom)
2019-10-12 10:01:59,061 [pool-97-thread-1] INFO  server.RaftServerConfigKeys (ConfUtils.java:logGet(43)) - raft.server.log.use.memory = false (default)
2019-10-12 10:01:59,061 [pool-97-thread-1] INFO  server.RaftServerConfigKeys (ConfUtils.java:logGet(43)) - raft.server.log.purge.gap = 1000000 (custom)
2019-10-12 10:01:59,061 [pool-97-thread-1] INFO  server.RaftServerConfigKeys (ConfUtils.java:logGet(43)) - raft.server.log.appender.buffer.byte-limit = 33554432 (custom)
2019-10-12 10:01:59,061 [pool-97-thread-1] INFO  server.RaftServerConfigKeys (ConfUtils.java:logGet(43)) - raft.server.log.segment.size.max = 1048576 (custom)
2019-10-12 10:01:59,061 [pool-97-thread-1] INFO  server.RaftServerConfigKeys (ConfUtils.java:logGet(43)) - raft.server.log.segment.cache.num.max = 2 (custom)
2019-10-12 10:01:59,061 [pool-97-thread-1] INFO  segmented.SegmentedRaftLogWorker (SegmentedRaftLogWorker.java:<init>(173)) - new 2c8e1bff-2b59-4c15-bc70-21af7309fc2c@group-DA439D3D0D84-SegmentedRaftLogWorker for RaftStorage:Storage Directory /workdir/hadoop-ozone/integration-test/target/test-dir/MiniOzoneClusterImpl-4cb53824-6e96-47a6-8d5a-f4ff5b9ad058/datanode-2/data/ratis/55c10c1b-9309-41a6-aed3-da439d3d0d84
2019-10-12 10:01:59,062 [pool-97-thread-1] INFO  server.RaftServerConfigKeys (ConfUtils.java:logGet(43)) - raft.server.log.queue.byte-limit = 2147483647 (custom)
2019-10-12 10:01:59,062 [pool-97-thread-1] INFO  server.RaftServerConfigKeys (ConfUtils.java:logGet(43)) - raft.server.log.queue.element-limit = 1024 (custom)
2019-10-12 10:01:59,062 [pool-97-thread-1] INFO  server.RaftServerConfigKeys (ConfUtils.java:logGet(43)) - raft.server.log.segment.size.max = 1048576 (custom)
2019-10-12 10:01:59,062 [pool-97-thread-1] INFO  server.RaftServerConfigKeys (ConfUtils.java:logGet(43)) - raft.server.log.preallocated.size = 16384 (custom)
2019-10-12 10:01:59,062 [pool-97-thread-1] INFO  server.RaftServerConfigKeys (ConfUtils.java:logGet(43)) - raft.server.log.write.buffer.size = 33554432 (custom)
2019-10-12 10:01:59,062 [pool-97-thread-1] INFO  server.RaftServerConfigKeys (ConfUtils.java:logGet(43)) - raft.server.log.force.sync.num = 128 (default)
2019-10-12 10:01:59,062 [pool-97-thread-1] INFO  server.RaftServerConfigKeys (ConfUtils.java:logGet(43)) - raft.server.log.statemachine.data.sync = true (default)
2019-10-12 10:01:59,063 [pool-97-thread-1] INFO  server.RaftServerConfigKeys (ConfUtils.java:logGet(43)) - raft.server.log.statemachine.data.sync.timeout = 10s (default)
2019-10-12 10:01:59,063 [pool-97-thread-1] INFO  server.RaftServerConfigKeys (ConfUtils.java:logGet(43)) - raft.server.log.statemachine.data.sync.timeout.retry = -1 (default)
2019-10-12 10:01:59,063 [pool-97-thread-1] INFO  server.RaftServerConfigKeys (ConfUtils.java:logGet(43)) - raft.server.log.statemachine.data.caching.enabled = true (custom)
2019-10-12 10:01:59,063 [pool-97-thread-1] INFO  segmented.SegmentedRaftLogWorker (SegmentedRaftLogWorker.java:lambda$new$0(128)) - 2c8e1bff-2b59-4c15-bc70-21af7309fc2c@group-DA439D3D0D84-SegmentedRaftLogWorker: flushIndex: setUnconditionally 0 -> -1
2019-10-12 10:01:59,064 [pool-97-thread-1] INFO  server.RaftServerConfigKeys (ConfUtils.java:logGet(43)) - raft.server.snapshot.auto.trigger.enabled = true (custom)
2019-10-12 10:01:59,064 [pool-97-thread-1] INFO  server.RaftServerConfigKeys (ConfUtils.java:logGet(43)) - raft.server.snapshot.auto.trigger.threshold = 10000 (custom)
2019-10-12 10:01:59,064 [pool-97-thread-1] INFO  server.RaftServerConfigKeys (ConfUtils.java:logGet(43)) - raft.server.snapshot.retention.file.num = 5 (custom)
2019-10-12 10:01:59,064 [pool-97-thread-1] INFO  server.RaftServerConfigKeys (ConfUtils.java:logGet(43)) - raft.server.retrycache.expirytime = 600000ms (custom)
2019-10-12 10:01:59,067 [pool-97-thread-1] INFO  impl.RaftServerImpl (RaftServerImpl.java:start(181)) - 2c8e1bff-2b59-4c15-bc70-21af7309fc2c@group-DA439D3D0D84: start as a follower, conf=-1: [7da1345c-bffa-488f-9c16-928d9fca41c9:192.168.5.134:35541, 2c8e1bff-2b59-4c15-bc70-21af7309fc2c:192.168.5.134:46208, 80a646ee-857d-4116-81d6-dd3325e893f6:192.168.5.134:35250], old=null
2019-10-12 10:01:59,067 [pool-97-thread-1] INFO  impl.RaftServerImpl (RaftServerImpl.java:setRole(170)) - 2c8e1bff-2b59-4c15-bc70-21af7309fc2c@group-DA439D3D0D84: changes role from      null to FOLLOWER at term 0 for startAsFollower
2019-10-12 10:01:59,067 [pool-97-thread-1] INFO  impl.RoleInfo (RoleInfo.java:updateAndGet(143)) - 2c8e1bff-2b59-4c15-bc70-21af7309fc2c: start FollowerState
2019-10-12 10:01:59,067 [pool-97-thread-1] INFO  util.JmxRegister (JmxRegister.java:tryRegister(44)) - Successfully registered JMX Bean with object name Ratis:service=RaftServer,group=group-DA439D3D0D84,id=2c8e1bff-2b59-4c15-bc70-21af7309fc2c
2019-10-12 10:01:59,070 [Command processor thread] INFO  commandhandler.CreatePipelineCommandHandler (CreatePipelineCommandHandler.java:handle(86)) - Create Pipeline RATIS THREE #id: "55c10c1b-9309-41a6-aed3-da439d3d0d84"
 command succeed on datanode 2c8e1bff-2b59-4c15-bc70-21af7309fc2c.
2019-10-12 10:01:59,072 [EventQueue-PipelineReportForPipelineReportHandler] INFO  pipeline.PipelineReportHandler (PipelineReportHandler.java:processPipelineReport(104)) - Pipeline THREE PipelineID=55c10c1b-9309-41a6-aed3-da439d3d0d84 reported by 2c8e1bff-2b59-4c15-bc70-21af7309fc2c{ip: 192.168.5.134, host: pr-hdds-2034-qjlc4-3656631144, networkLocation: /default-rack, certSerialId: null}
2019-10-12 10:01:59,072 [EventQueue-PipelineReportForPipelineReportHandler] INFO  pipeline.PipelineStateManager (PipelineStateManager.java:openPipeline(134)) - Pipeline Pipeline[ Id: 55c10c1b-9309-41a6-aed3-da439d3d0d84, Nodes: 7da1345c-bffa-488f-9c16-928d9fca41c9{ip: 192.168.5.134, host: pr-hdds-2034-qjlc4-3656631144, networkLocation: /default-rack, certSerialId: null}2c8e1bff-2b59-4c15-bc70-21af7309fc2c{ip: 192.168.5.134, host: pr-hdds-2034-qjlc4-3656631144, networkLocation: /default-rack, certSerialId: null}80a646ee-857d-4116-81d6-dd3325e893f6{ip: 192.168.5.134, host: pr-hdds-2034-qjlc4-3656631144, networkLocation: /default-rack, certSerialId: null}, Type:RATIS, Factor:THREE, State:ALLOCATED] moved to OPEN state
2019-10-12 10:01:59,989 [main] INFO  ozone.MiniOzoneClusterImpl (MiniOzoneClusterImpl.java:lambda$waitForClusterToBeReady$0(149)) - Nodes are ready. Got 3 of 3 DN Heartbeats.
2019-10-12 10:01:59,989 [main] INFO  ozone.MiniOzoneClusterImpl (MiniOzoneClusterImpl.java:lambda$waitForClusterToBeReady$0(152)) - Waiting for cluster to exit safe mode
2019-10-12 10:02:00,990 [main] INFO  ozone.MiniOzoneClusterImpl (MiniOzoneClusterImpl.java:lambda$waitForClusterToBeReady$0(149)) - Nodes are ready. Got 3 of 3 DN Heartbeats.
2019-10-12 10:02:00,990 [main] INFO  ozone.MiniOzoneClusterImpl (MiniOzoneClusterImpl.java:lambda$waitForClusterToBeReady$0(152)) - Waiting for cluster to exit safe mode
2019-10-12 10:02:01,724 [EventQueue-OpenPipelineForHealthyPipelineSafeModeRule] INFO  safemode.SCMSafeModeManager (SCMSafeModeManager.java:exitSafeMode(211)) - SCM exiting safe mode.
2019-10-12 10:02:01,727 [EventQueue-OpenPipelineForOneReplicaPipelineSafeModeRule] INFO  safemode.SCMSafeModeManager (SCMSafeModeManager.java:validateSafeModeExitRules(174)) - AtleastOneDatanodeReportedRule rule is successfully validated
2019-10-12 10:02:01,727 [EventQueue-OpenPipelineForOneReplicaPipelineSafeModeRule] INFO  safemode.SCMSafeModeManager (SCMSafeModeManager.java:validateSafeModeExitRules(183)) - ScmSafeModeManager, all rules are successfully validated
2019-10-12 10:02:01,991 [main] INFO  ozone.MiniOzoneClusterImpl (MiniOzoneClusterImpl.java:lambda$waitForClusterToBeReady$0(149)) - Nodes are ready. Got 3 of 3 DN Heartbeats.
2019-10-12 10:02:01,991 [main] INFO  ozone.MiniOzoneClusterImpl (MiniOzoneClusterImpl.java:lambda$waitForClusterToBeReady$0(152)) - Cluster exits safe mode
2019-10-12 10:02:01,992 [main] INFO  ozone.MiniOzoneClusterImpl (MiniOzoneClusterImpl.java:getStorageContainerLocationClient(239)) - Creating StorageContainerLocationProtocol RPC client with address /0.0.0.0:44852
2019-10-12 10:02:02,019 [IPC Server handler 0 on 44852] INFO  pipeline.PipelineStateManager (PipelineStateManager.java:addPipeline(56)) - Created pipeline Pipeline[ Id: 8d71cc2e-27cb-4a2e-9f04-e93e1f4aa035, Nodes: 80a646ee-857d-4116-81d6-dd3325e893f6{ip: 192.168.5.134, host: pr-hdds-2034-qjlc4-3656631144, networkLocation: /default-rack, certSerialId: null}, Type:STAND_ALONE, Factor:ONE, State:OPEN]
2019-10-12 10:02:02,026 [main] INFO  ozone.MiniOzoneClusterImpl (MiniOzoneClusterImpl.java:shutdown(319)) - Shutting down the Mini Ozone Cluster
2019-10-12 10:02:02,027 [main] INFO  ozone.MiniOzoneClusterImpl (MiniOzoneClusterImpl.java:stop(335)) - Stopping the Mini Ozone Cluster
2019-10-12 10:02:02,027 [main] INFO  ozone.MiniOzoneClusterImpl (MiniOzoneClusterImpl.java:stopOM(405)) - Stopping the OzoneManager
2019-10-12 10:02:02,027 [main] INFO  ipc.Server (Server.java:stop(3082)) - Stopping server on 42794
2019-10-12 10:02:02,036 [IPC Server listener on 42794] INFO  ipc.Server (Server.java:run(1185)) - Stopping IPC Server listener on 42794
2019-10-12 10:02:02,036 [main] INFO  ratis.OzoneManagerDoubleBuffer (OzoneManagerDoubleBuffer.java:stop(250)) - Stopping OMDoubleBuffer flush thread
2019-10-12 10:02:02,037 [IPC Server Responder] INFO  ipc.Server (Server.java:run(1319)) - Stopping IPC Server Responder
2019-10-12 10:02:02,043 [OMDoubleBufferFlushThread] INFO  ratis.OzoneManagerDoubleBuffer (OzoneManagerDoubleBuffer.java:flushTransactions(193)) - OMDoubleBuffer flush thread OMDoubleBufferFlushThread is interrupted and will exit. OMDoubleBufferFlushThread
2019-10-12 10:02:02,050 [main] INFO  utils.BackgroundService (BackgroundService.java:shutdown(151)) - Shutting down service KeyDeletingService
2019-10-12 10:02:02,051 [main] INFO  handler.ContextHandler (ContextHandler.java:doStop(910)) - Stopped o.e.j.w.WebAppContext@5578be42{/,null,UNAVAILABLE}{/ozoneManager}
2019-10-12 10:02:02,052 [main] INFO  server.AbstractConnector (AbstractConnector.java:doStop(318)) - Stopped ServerConnector@4e49ce2b{HTTP/1.1,[http/1.1]}{0.0.0.0:0}
2019-10-12 10:02:02,052 [main] INFO  handler.ContextHandler (ContextHandler.java:doStop(910)) - Stopped o.e.j.s.ServletContextHandler@12704e15{/static,file:///workdir/hadoop-ozone/integration-test/target/test-classes/webapps/static,UNAVAILABLE}
2019-10-12 10:02:02,052 [main] INFO  handler.ContextHandler (ContextHandler.java:doStop(910)) - Stopped o.e.j.s.ServletContextHandler@70730db{/logs,file:///workdir/hadoop-ozone/integration-test/target/log,UNAVAILABLE}
2019-10-12 10:02:02,054 [main] INFO  ozone.MiniOzoneClusterImpl (MiniOzoneClusterImpl.java:stopDatanodes(382)) - Stopping the HddsDatanodes
2019-10-12 10:02:02,765 [Datanode State Machine Thread - 0] INFO  statemachine.DatanodeStateMachine (DatanodeStateMachine.java:lambda$startDaemon$0(356)) - Ozone container server started.
2019-10-12 10:02:02,945 [Datanode State Machine Thread - 0] INFO  statemachine.DatanodeStateMachine (DatanodeStateMachine.java:lambda$startDaemon$0(356)) - Ozone container server started.
2019-10-12 10:02:03,731 [Thread-391] INFO  impl.FollowerState (FollowerState.java:run(108)) - 80a646ee-857d-4116-81d6-dd3325e893f6@group-00B04D1FD9E0-FollowerState: change to CANDIDATE, lastRpcTime:5019ms, electionTimeout:5019ms
2019-10-12 10:02:03,731 [Thread-391] INFO  impl.RoleInfo (RoleInfo.java:shutdownFollowerState(121)) - 80a646ee-857d-4116-81d6-dd3325e893f6: shutdown FollowerState
2019-10-12 10:02:03,731 [Thread-391] INFO  impl.RaftServerImpl (RaftServerImpl.java:setRole(170)) - 80a646ee-857d-4116-81d6-dd3325e893f6@group-00B04D1FD9E0: changes role from  FOLLOWER to CANDIDATE at term 0 for changeToCandidate
2019-10-12 10:02:03,732 [Thread-391] INFO  impl.RoleInfo (RoleInfo.java:updateAndGet(143)) - 80a646ee-857d-4116-81d6-dd3325e893f6: start LeaderElection
2019-10-12 10:02:03,750 [80a646ee-857d-4116-81d6-dd3325e893f6@group-00B04D1FD9E0-LeaderElection8] INFO  impl.LeaderElection (LeaderElection.java:askForVotes(178)) - 80a646ee-857d-4116-81d6-dd3325e893f6@group-00B04D1FD9E0-LeaderElection8: begin an election at term 1 for -1: [80a646ee-857d-4116-81d6-dd3325e893f6:192.168.5.134:35250], old=null
2019-10-12 10:02:03,750 [80a646ee-857d-4116-81d6-dd3325e893f6@group-00B04D1FD9E0-LeaderElection8] INFO  impl.RoleInfo (RoleInfo.java:shutdownLeaderElection(134)) - 80a646ee-857d-4116-81d6-dd3325e893f6: shutdown LeaderElection
2019-10-12 10:02:03,750 [80a646ee-857d-4116-81d6-dd3325e893f6@group-00B04D1FD9E0-LeaderElection8] INFO  impl.RaftServerImpl (RaftServerImpl.java:setRole(170)) - 80a646ee-857d-4116-81d6-dd3325e893f6@group-00B04D1FD9E0: changes role from CANDIDATE to LEADER at term 1 for changeToLeader
2019-10-12 10:02:03,751 [80a646ee-857d-4116-81d6-dd3325e893f6@group-00B04D1FD9E0-LeaderElection8] INFO  impl.RaftServerImpl (ServerState.java:setLeader(255)) - 80a646ee-857d-4116-81d6-dd3325e893f6@group-00B04D1FD9E0: change Leader from null to 80a646ee-857d-4116-81d6-dd3325e893f6 at term 1 for becomeLeader, leader elected after 5053ms
2019-10-12 10:02:03,751 [80a646ee-857d-4116-81d6-dd3325e893f6@group-00B04D1FD9E0-LeaderElection8] INFO  server.RaftServerConfigKeys (ConfUtils.java:logGet(43)) - raft.server.staging.catchup.gap = 1000 (default)
2019-10-12 10:02:03,751 [80a646ee-857d-4116-81d6-dd3325e893f6@group-00B04D1FD9E0-LeaderElection8] INFO  server.RaftServerConfigKeys (ConfUtils.java:logGet(43)) - raft.server.rpc.sleep.time = 25ms (default)
2019-10-12 10:02:03,751 [80a646ee-857d-4116-81d6-dd3325e893f6@group-00B04D1FD9E0-LeaderElection8] INFO  server.RaftServerConfigKeys (ConfUtils.java:logGet(43)) - raft.server.write.element-limit = 4096 (default)
2019-10-12 10:02:03,752 [80a646ee-857d-4116-81d6-dd3325e893f6@group-00B04D1FD9E0-LeaderElection8] INFO  server.RaftServerConfigKeys (ConfUtils.java:logGet(43)) - raft.server.watch.timeout = 10s (default)
2019-10-12 10:02:03,752 [80a646ee-857d-4116-81d6-dd3325e893f6@group-00B04D1FD9E0-LeaderElection8] INFO  server.RaftServerConfigKeys (ConfUtils.java:logGet(43)) - raft.server.watch.timeout.denomination = 1s (default)
2019-10-12 10:02:03,752 [80a646ee-857d-4116-81d6-dd3325e893f6@group-00B04D1FD9E0-LeaderElection8] INFO  server.RaftServerConfigKeys (ConfUtils.java:logGet(43)) - raft.server.watch.element-limit = 65536 (default)
2019-10-12 10:02:03,756 [80a646ee-857d-4116-81d6-dd3325e893f6@group-00B04D1FD9E0-LeaderElection8] INFO  impl.RoleInfo (RoleInfo.java:updateAndGet(143)) - 80a646ee-857d-4116-81d6-dd3325e893f6: start LeaderState
2019-10-12 10:02:03,756 [80a646ee-857d-4116-81d6-dd3325e893f6@group-00B04D1FD9E0-LeaderElection8] INFO  segmented.SegmentedRaftLogWorker (SegmentedRaftLogWorker.java:startLogSegment(385)) - 80a646ee-857d-4116-81d6-dd3325e893f6@group-00B04D1FD9E0-SegmentedRaftLogWorker: Starting segment from index:0
2019-10-12 10:02:03,757 [80a646ee-857d-4116-81d6-dd3325e893f6@group-00B04D1FD9E0-LeaderElection8] INFO  impl.RaftServerImpl (ServerState.java:setRaftConf(356)) - 80a646ee-857d-4116-81d6-dd3325e893f6@group-00B04D1FD9E0: set configuration 0: [80a646ee-857d-4116-81d6-dd3325e893f6:192.168.5.134:35250], old=null at 0
2019-10-12 10:02:03,808 [80a646ee-857d-4116-81d6-dd3325e893f6@group-00B04D1FD9E0-SegmentedRaftLogWorker] INFO  segmented.SegmentedRaftLogWorker (SegmentedRaftLogWorker.java:execute(574)) - 80a646ee-857d-4116-81d6-dd3325e893f6@group-00B04D1FD9E0-SegmentedRaftLogWorker: created new log segment /workdir/hadoop-ozone/integration-test/target/test-dir/MiniOzoneClusterImpl-4cb53824-6e96-47a6-8d5a-f4ff5b9ad058/datanode-0/data/ratis/6ff04ac0-1659-4301-97d5-00b04d1fd9e0/current/log_inprogress_0
2019-10-12 10:02:03,843 [Thread-395] INFO  impl.FollowerState (FollowerState.java:run(108)) - 80a646ee-857d-4116-81d6-dd3325e893f6@group-DA439D3D0D84-FollowerState: change to CANDIDATE, lastRpcTime:5083ms, electionTimeout:5083ms
2019-10-12 10:02:03,843 [Thread-395] INFO  impl.RoleInfo (RoleInfo.java:shutdownFollowerState(121)) - 80a646ee-857d-4116-81d6-dd3325e893f6: shutdown FollowerState
2019-10-12 10:02:03,843 [Thread-395] INFO  impl.RaftServerImpl (RaftServerImpl.java:setRole(170)) - 80a646ee-857d-4116-81d6-dd3325e893f6@group-DA439D3D0D84: changes role from  FOLLOWER to CANDIDATE at term 0 for changeToCandidate
2019-10-12 10:02:03,843 [Thread-395] INFO  impl.RoleInfo (RoleInfo.java:updateAndGet(143)) - 80a646ee-857d-4116-81d6-dd3325e893f6: start LeaderElection
2019-10-12 10:02:03,860 [80a646ee-857d-4116-81d6-dd3325e893f6@group-DA439D3D0D84-LeaderElection9] INFO  impl.LeaderElection (LeaderElection.java:askForVotes(178)) - 80a646ee-857d-4116-81d6-dd3325e893f6@group-DA439D3D0D84-LeaderElection9: begin an election at term 1 for -1: [7da1345c-bffa-488f-9c16-928d9fca41c9:192.168.5.134:35541, 2c8e1bff-2b59-4c15-bc70-21af7309fc2c:192.168.5.134:46208, 80a646ee-857d-4116-81d6-dd3325e893f6:192.168.5.134:35250], old=null
2019-10-12 10:02:03,903 [grpc-default-executor-0] INFO  impl.RaftServerImpl (RaftServerImpl.java:setRole(170)) - 2c8e1bff-2b59-4c15-bc70-21af7309fc2c@group-DA439D3D0D84: changes role from  FOLLOWER to FOLLOWER at term 1 for recognizeCandidate:80a646ee-857d-4116-81d6-dd3325e893f6
2019-10-12 10:02:03,903 [grpc-default-executor-1] INFO  impl.RaftServerImpl (RaftServerImpl.java:setRole(170)) - 7da1345c-bffa-488f-9c16-928d9fca41c9@group-DA439D3D0D84: changes role from  FOLLOWER to FOLLOWER at term 1 for recognizeCandidate:80a646ee-857d-4116-81d6-dd3325e893f6
2019-10-12 10:02:03,904 [grpc-default-executor-0] INFO  impl.RoleInfo (RoleInfo.java:shutdownFollowerState(121)) - 2c8e1bff-2b59-4c15-bc70-21af7309fc2c: shutdown FollowerState
2019-10-12 10:02:03,904 [grpc-default-executor-1] INFO  impl.RoleInfo (RoleInfo.java:shutdownFollowerState(121)) - 7da1345c-bffa-488f-9c16-928d9fca41c9: shutdown FollowerState
2019-10-12 10:02:03,904 [grpc-default-executor-0] INFO  impl.RoleInfo (RoleInfo.java:updateAndGet(143)) - 2c8e1bff-2b59-4c15-bc70-21af7309fc2c: start FollowerState
2019-10-12 10:02:03,904 [Thread-399] INFO  impl.FollowerState (FollowerState.java:run(117)) - 7da1345c-bffa-488f-9c16-928d9fca41c9@group-DA439D3D0D84-FollowerState was interrupted: java.lang.InterruptedException: sleep interrupted
2019-10-12 10:02:03,904 [Thread-403] INFO  impl.FollowerState (FollowerState.java:run(117)) - 2c8e1bff-2b59-4c15-bc70-21af7309fc2c@group-DA439D3D0D84-FollowerState was interrupted: java.lang.InterruptedException: sleep interrupted
2019-10-12 10:02:03,904 [grpc-default-executor-1] INFO  impl.RoleInfo (RoleInfo.java:updateAndGet(143)) - 7da1345c-bffa-488f-9c16-928d9fca41c9: start FollowerState
2019-10-12 10:02:03,931 [80a646ee-857d-4116-81d6-dd3325e893f6@group-DA439D3D0D84-LeaderElection9] INFO  impl.LeaderElection (LeaderElection.java:logAndReturn(56)) - 80a646ee-857d-4116-81d6-dd3325e893f6@group-DA439D3D0D84-LeaderElection9: Election PASSED; received 1 response(s) [80a646ee-857d-4116-81d6-dd3325e893f6<-7da1345c-bffa-488f-9c16-928d9fca41c9#0:OK-t1] and 0 exception(s); 80a646ee-857d-4116-81d6-dd3325e893f6@group-DA439D3D0D84:t1, leader=null, voted=80a646ee-857d-4116-81d6-dd3325e893f6, raftlog=80a646ee-857d-4116-81d6-dd3325e893f6@group-DA439D3D0D84-SegmentedRaftLog:OPENED:c-1,f-1,i0, conf=-1: [7da1345c-bffa-488f-9c16-928d9fca41c9:192.168.5.134:35541, 2c8e1bff-2b59-4c15-bc70-21af7309fc2c:192.168.5.134:46208, 80a646ee-857d-4116-81d6-dd3325e893f6:192.168.5.134:35250], old=null
2019-10-12 10:02:03,931 [80a646ee-857d-4116-81d6-dd3325e893f6@group-DA439D3D0D84-LeaderElection9] INFO  impl.RoleInfo (RoleInfo.java:shutdownLeaderElection(134)) - 80a646ee-857d-4116-81d6-dd3325e893f6: shutdown LeaderElection
2019-10-12 10:02:03,933 [80a646ee-857d-4116-81d6-dd3325e893f6@group-DA439D3D0D84-LeaderElection9] INFO  impl.RaftServerImpl (RaftServerImpl.java:setRole(170)) - 80a646ee-857d-4116-81d6-dd3325e893f6@group-DA439D3D0D84: changes role from CANDIDATE to LEADER at term 1 for changeToLeader
2019-10-12 10:02:03,933 [80a646ee-857d-4116-81d6-dd3325e893f6@group-DA439D3D0D84-LeaderElection9] INFO  impl.RaftServerImpl (ServerState.java:setLeader(255)) - 80a646ee-857d-4116-81d6-dd3325e893f6@group-DA439D3D0D84: change Leader from null to 80a646ee-857d-4116-81d6-dd3325e893f6 at term 1 for becomeLeader, leader elected after 5181ms
2019-10-12 10:02:03,933 [80a646ee-857d-4116-81d6-dd3325e893f6@group-DA439D3D0D84-LeaderElection9] INFO  server.RaftServerConfigKeys (ConfUtils.java:logGet(43)) - raft.server.staging.catchup.gap = 1000 (default)
2019-10-12 10:02:03,934 [80a646ee-857d-4116-81d6-dd3325e893f6@group-DA439D3D0D84-LeaderElection9] INFO  server.RaftServerConfigKeys (ConfUtils.java:logGet(43)) - raft.server.rpc.sleep.time = 25ms (default)
2019-10-12 10:02:03,934 [80a646ee-857d-4116-81d6-dd3325e893f6@group-DA439D3D0D84-LeaderElection9] INFO  server.RaftServerConfigKeys (ConfUtils.java:logGet(43)) - raft.server.write.element-limit = 4096 (default)
2019-10-12 10:02:03,934 [80a646ee-857d-4116-81d6-dd3325e893f6@group-DA439D3D0D84-LeaderElection9] INFO  server.RaftServerConfigKeys (ConfUtils.java:logGet(43)) - raft.server.watch.timeout = 10s (default)
2019-10-12 10:02:03,934 [80a646ee-857d-4116-81d6-dd3325e893f6@group-DA439D3D0D84-LeaderElection9] INFO  server.RaftServerConfigKeys (ConfUtils.java:logGet(43)) - raft.server.watch.timeout.denomination = 1s (default)
2019-10-12 10:02:03,934 [80a646ee-857d-4116-81d6-dd3325e893f6@group-DA439D3D0D84-LeaderElection9] INFO  server.RaftServerConfigKeys (ConfUtils.java:logGet(43)) - raft.server.watch.element-limit = 65536 (default)
2019-10-12 10:02:03,943 [80a646ee-857d-4116-81d6-dd3325e893f6@group-DA439D3D0D84-LeaderElection9] INFO  server.RaftServerConfigKeys (ConfUtils.java:logGet(43)) - raft.server.log.appender.snapshot.chunk.size.max = 16MB (=16777216) (default)
2019-10-12 10:02:03,943 [80a646ee-857d-4116-81d6-dd3325e893f6@group-DA439D3D0D84-LeaderElection9] INFO  server.RaftServerConfigKeys (ConfUtils.java:logGet(43)) - raft.server.log.appender.buffer.byte-limit = 33554432 (custom)
2019-10-12 10:02:03,944 [80a646ee-857d-4116-81d6-dd3325e893f6@group-DA439D3D0D84-LeaderElection9] INFO  server.RaftServerConfigKeys (ConfUtils.java:logGet(43)) - raft.server.log.appender.buffer.element-limit = 1 (custom)
2019-10-12 10:02:03,948 [80a646ee-857d-4116-81d6-dd3325e893f6@group-DA439D3D0D84-LeaderElection9] INFO  grpc.GrpcConfigKeys$Server (ConfUtils.java:logGet(43)) - raft.grpc.server.leader.outstanding.appends.max = 128 (default)
2019-10-12 10:02:03,950 [80a646ee-857d-4116-81d6-dd3325e893f6@group-DA439D3D0D84-LeaderElection9] INFO  server.RaftServerConfigKeys (ConfUtils.java:logGet(43)) - raft.server.rpc.request.timeout = 3000ms (default)
2019-10-12 10:02:03,950 [80a646ee-857d-4116-81d6-dd3325e893f6@group-DA439D3D0D84-LeaderElection9] INFO  server.RaftServerConfigKeys (ConfUtils.java:logGet(43)) - raft.server.log.appender.install.snapshot.enabled = false (custom)
2019-10-12 10:02:03,951 [80a646ee-857d-4116-81d6-dd3325e893f6@group-DA439D3D0D84-LeaderElection9] INFO  server.RaftServerConfigKeys (ConfUtils.java:logGet(43)) - raft.server.log.appender.snapshot.chunk.size.max = 16MB (=16777216) (default)
2019-10-12 10:02:03,951 [80a646ee-857d-4116-81d6-dd3325e893f6@group-DA439D3D0D84-LeaderElection9] INFO  server.RaftServerConfigKeys (ConfUtils.java:logGet(43)) - raft.server.log.appender.buffer.byte-limit = 33554432 (custom)
2019-10-12 10:02:03,952 [80a646ee-857d-4116-81d6-dd3325e893f6@group-DA439D3D0D84-LeaderElection9] INFO  server.RaftServerConfigKeys (ConfUtils.java:logGet(43)) - raft.server.log.appender.buffer.element-limit = 1 (custom)
2019-10-12 10:02:03,952 [80a646ee-857d-4116-81d6-dd3325e893f6@group-DA439D3D0D84-LeaderElection9] INFO  grpc.GrpcConfigKeys$Server (ConfUtils.java:logGet(43)) - raft.grpc.server.leader.outstanding.appends.max = 128 (default)
2019-10-12 10:02:03,952 [80a646ee-857d-4116-81d6-dd3325e893f6@group-DA439D3D0D84-LeaderElection9] INFO  server.RaftServerConfigKeys (ConfUtils.java:logGet(43)) - raft.server.rpc.request.timeout = 3000ms (default)
2019-10-12 10:02:03,952 [80a646ee-857d-4116-81d6-dd3325e893f6@group-DA439D3D0D84-LeaderElection9] INFO  server.RaftServerConfigKeys (ConfUtils.java:logGet(43)) - raft.server.log.appender.install.snapshot.enabled = false (custom)
2019-10-12 10:02:03,956 [80a646ee-857d-4116-81d6-dd3325e893f6@group-DA439D3D0D84-LeaderElection9] INFO  impl.RoleInfo (RoleInfo.java:updateAndGet(143)) - 80a646ee-857d-4116-81d6-dd3325e893f6: start LeaderState
2019-10-12 10:02:03,957 [80a646ee-857d-4116-81d6-dd3325e893f6@group-DA439D3D0D84-LeaderElection9] INFO  segmented.SegmentedRaftLogWorker (SegmentedRaftLogWorker.java:startLogSegment(385)) - 80a646ee-857d-4116-81d6-dd3325e893f6@group-DA439D3D0D84-SegmentedRaftLogWorker: Starting segment from index:0
2019-10-12 10:02:03,958 [80a646ee-857d-4116-81d6-dd3325e893f6@group-DA439D3D0D84-LeaderElection9] INFO  impl.RaftServerImpl (ServerState.java:setRaftConf(356)) - 80a646ee-857d-4116-81d6-dd3325e893f6@group-DA439D3D0D84: set configuration 0: [7da1345c-bffa-488f-9c16-928d9fca41c9:192.168.5.134:35541, 2c8e1bff-2b59-4c15-bc70-21af7309fc2c:192.168.5.134:46208, 80a646ee-857d-4116-81d6-dd3325e893f6:192.168.5.134:35250], old=null at 0
2019-10-12 10:02:04,006 [80a646ee-857d-4116-81d6-dd3325e893f6@group-DA439D3D0D84-SegmentedRaftLogWorker] INFO  segmented.SegmentedRaftLogWorker (SegmentedRaftLogWorker.java:execute(574)) - 80a646ee-857d-4116-81d6-dd3325e893f6@group-DA439D3D0D84-SegmentedRaftLogWorker: created new log segment /workdir/hadoop-ozone/integration-test/target/test-dir/MiniOzoneClusterImpl-4cb53824-6e96-47a6-8d5a-f4ff5b9ad058/datanode-0/data/ratis/55c10c1b-9309-41a6-aed3-da439d3d0d84/current/log_inprogress_0
2019-10-12 10:02:04,020 [grpc-default-executor-0] INFO  impl.RaftServerImpl (ServerState.java:setLeader(255)) - 7da1345c-bffa-488f-9c16-928d9fca41c9@group-DA439D3D0D84: change Leader from null to 80a646ee-857d-4116-81d6-dd3325e893f6 at term 1 for appendEntries, leader elected after 5084ms
2019-10-12 10:02:04,020 [grpc-default-executor-1] INFO  impl.RaftServerImpl (ServerState.java:setLeader(255)) - 2c8e1bff-2b59-4c15-bc70-21af7309fc2c@group-DA439D3D0D84: change Leader from null to 80a646ee-857d-4116-81d6-dd3325e893f6 at term 1 for appendEntries, leader elected after 4959ms
2019-10-12 10:02:04,046 [grpc-default-executor-1] INFO  impl.RaftServerImpl (ServerState.java:setRaftConf(356)) - 7da1345c-bffa-488f-9c16-928d9fca41c9@group-DA439D3D0D84: set configuration 0: [7da1345c-bffa-488f-9c16-928d9fca41c9:192.168.5.134:35541, 2c8e1bff-2b59-4c15-bc70-21af7309fc2c:192.168.5.134:46208, 80a646ee-857d-4116-81d6-dd3325e893f6:192.168.5.134:35250], old=null at 0
2019-10-12 10:02:04,046 [grpc-default-executor-0] INFO  impl.RaftServerImpl (ServerState.java:setRaftConf(356)) - 2c8e1bff-2b59-4c15-bc70-21af7309fc2c@group-DA439D3D0D84: set configuration 0: [7da1345c-bffa-488f-9c16-928d9fca41c9:192.168.5.134:35541, 2c8e1bff-2b59-4c15-bc70-21af7309fc2c:192.168.5.134:46208, 80a646ee-857d-4116-81d6-dd3325e893f6:192.168.5.134:35250], old=null at 0
2019-10-12 10:02:04,046 [grpc-default-executor-1] INFO  segmented.SegmentedRaftLogWorker (SegmentedRaftLogWorker.java:startLogSegment(385)) - 7da1345c-bffa-488f-9c16-928d9fca41c9@group-DA439D3D0D84-SegmentedRaftLogWorker: Starting segment from index:0
2019-10-12 10:02:04,046 [grpc-default-executor-0] INFO  segmented.SegmentedRaftLogWorker (SegmentedRaftLogWorker.java:startLogSegment(385)) - 2c8e1bff-2b59-4c15-bc70-21af7309fc2c@group-DA439D3D0D84-SegmentedRaftLogWorker: Starting segment from index:0
2019-10-12 10:02:04,083 [Thread-401] INFO  impl.FollowerState (FollowerState.java:run(108)) - 2c8e1bff-2b59-4c15-bc70-21af7309fc2c@group-8653683ED28D-FollowerState: change to CANDIDATE, lastRpcTime:5057ms, electionTimeout:5057ms
2019-10-12 10:02:04,083 [Thread-401] INFO  impl.RoleInfo (RoleInfo.java:shutdownFollowerState(121)) - 2c8e1bff-2b59-4c15-bc70-21af7309fc2c: shutdown FollowerState
2019-10-12 10:02:04,084 [Thread-401] INFO  impl.RaftServerImpl (RaftServerImpl.java:setRole(170)) - 2c8e1bff-2b59-4c15-bc70-21af7309fc2c@group-8653683ED28D: changes role from  FOLLOWER to CANDIDATE at term 0 for changeToCandidate
2019-10-12 10:02:04,084 [Thread-401] INFO  impl.RoleInfo (RoleInfo.java:updateAndGet(143)) - 2c8e1bff-2b59-4c15-bc70-21af7309fc2c: start LeaderElection
2019-10-12 10:02:04,092 [7da1345c-bffa-488f-9c16-928d9fca41c9@group-DA439D3D0D84-SegmentedRaftLogWorker] INFO  segmented.SegmentedRaftLogWorker (SegmentedRaftLogWorker.java:execute(574)) - 7da1345c-bffa-488f-9c16-928d9fca41c9@group-DA439D3D0D84-SegmentedRaftLogWorker: created new log segment /workdir/hadoop-ozone/integration-test/target/test-dir/MiniOzoneClusterImpl-4cb53824-6e96-47a6-8d5a-f4ff5b9ad058/datanode-1/data/ratis/55c10c1b-9309-41a6-aed3-da439d3d0d84/current/log_inprogress_0
2019-10-12 10:02:04,092 [2c8e1bff-2b59-4c15-bc70-21af7309fc2c@group-8653683ED28D-LeaderElection10] INFO  impl.LeaderElection (LeaderElection.java:askForVotes(178)) - 2c8e1bff-2b59-4c15-bc70-21af7309fc2c@group-8653683ED28D-LeaderElection10: begin an election at term 1 for -1: [2c8e1bff-2b59-4c15-bc70-21af7309fc2c:192.168.5.134:46208], old=null
2019-10-12 10:02:04,092 [2c8e1bff-2b59-4c15-bc70-21af7309fc2c@group-DA439D3D0D84-SegmentedRaftLogWorker] INFO  segmented.SegmentedRaftLogWorker (SegmentedRaftLogWorker.java:execute(574)) - 2c8e1bff-2b59-4c15-bc70-21af7309fc2c@group-DA439D3D0D84-SegmentedRaftLogWorker: created new log segment /workdir/hadoop-ozone/integration-test/target/test-dir/MiniOzoneClusterImpl-4cb53824-6e96-47a6-8d5a-f4ff5b9ad058/datanode-2/data/ratis/55c10c1b-9309-41a6-aed3-da439d3d0d84/current/log_inprogress_0
2019-10-12 10:02:04,092 [2c8e1bff-2b59-4c15-bc70-21af7309fc2c@group-8653683ED28D-LeaderElection10] INFO  impl.RoleInfo (RoleInfo.java:shutdownLeaderElection(134)) - 2c8e1bff-2b59-4c15-bc70-21af7309fc2c: shutdown LeaderElection
2019-10-12 10:02:04,093 [2c8e1bff-2b59-4c15-bc70-21af7309fc2c@group-8653683ED28D-LeaderElection10] INFO  impl.RaftServerImpl (RaftServerImpl.java:setRole(170)) - 2c8e1bff-2b59-4c15-bc70-21af7309fc2c@group-8653683ED28D: changes role from CANDIDATE to LEADER at term 1 for changeToLeader
2019-10-12 10:02:04,093 [2c8e1bff-2b59-4c15-bc70-21af7309fc2c@group-8653683ED28D-LeaderElection10] INFO  impl.RaftServerImpl (ServerState.java:setLeader(255)) - 2c8e1bff-2b59-4c15-bc70-21af7309fc2c@group-8653683ED28D: change Leader from null to 2c8e1bff-2b59-4c15-bc70-21af7309fc2c at term 1 for becomeLeader, leader elected after 5077ms
2019-10-12 10:02:04,093 [2c8e1bff-2b59-4c15-bc70-21af7309fc2c@group-8653683ED28D-LeaderElection10] INFO  server.RaftServerConfigKeys (ConfUtils.java:logGet(43)) - raft.server.staging.catchup.gap = 1000 (default)
2019-10-12 10:02:04,093 [2c8e1bff-2b59-4c15-bc70-21af7309fc2c@group-8653683ED28D-LeaderElection10] INFO  server.RaftServerConfigKeys (ConfUtils.java:logGet(43)) - raft.server.rpc.sleep.time = 25ms (default)
2019-10-12 10:02:04,094 [2c8e1bff-2b59-4c15-bc70-21af7309fc2c@group-8653683ED28D-LeaderElection10] INFO  server.RaftServerConfigKeys (ConfUtils.java:logGet(43)) - raft.server.write.element-limit = 4096 (default)
2019-10-12 10:02:04,094 [2c8e1bff-2b59-4c15-bc70-21af7309fc2c@group-8653683ED28D-LeaderElection10] INFO  server.RaftServerConfigKeys (ConfUtils.java:logGet(43)) - raft.server.watch.timeout = 10s (default)
2019-10-12 10:02:04,094 [2c8e1bff-2b59-4c15-bc70-21af7309fc2c@group-8653683ED28D-LeaderElection10] INFO  server.RaftServerConfigKeys (ConfUtils.java:logGet(43)) - raft.server.watch.timeout.denomination = 1s (default)
2019-10-12 10:02:04,094 [2c8e1bff-2b59-4c15-bc70-21af7309fc2c@group-8653683ED28D-LeaderElection10] INFO  server.RaftServerConfigKeys (ConfUtils.java:logGet(43)) - raft.server.watch.element-limit = 65536 (default)
2019-10-12 10:02:04,097 [2c8e1bff-2b59-4c15-bc70-21af7309fc2c@group-8653683ED28D-LeaderElection10] INFO  impl.RoleInfo (RoleInfo.java:updateAndGet(143)) - 2c8e1bff-2b59-4c15-bc70-21af7309fc2c: start LeaderState
2019-10-12 10:02:04,098 [2c8e1bff-2b59-4c15-bc70-21af7309fc2c@group-8653683ED28D-LeaderElection10] INFO  segmented.SegmentedRaftLogWorker (SegmentedRaftLogWorker.java:startLogSegment(385)) - 2c8e1bff-2b59-4c15-bc70-21af7309fc2c@group-8653683ED28D-SegmentedRaftLogWorker: Starting segment from index:0
2019-10-12 10:02:04,098 [2c8e1bff-2b59-4c15-bc70-21af7309fc2c@group-8653683ED28D-LeaderElection10] INFO  impl.RaftServerImpl (ServerState.java:setRaftConf(356)) - 2c8e1bff-2b59-4c15-bc70-21af7309fc2c@group-8653683ED28D: set configuration 0: [2c8e1bff-2b59-4c15-bc70-21af7309fc2c:192.168.5.134:46208], old=null at 0
2019-10-12 10:02:04,133 [Thread-397] INFO  impl.FollowerState (FollowerState.java:run(108)) - 7da1345c-bffa-488f-9c16-928d9fca41c9@group-F907FD37953E-FollowerState: change to CANDIDATE, lastRpcTime:5212ms, electionTimeout:5181ms
2019-10-12 10:02:04,133 [Thread-397] INFO  impl.RoleInfo (RoleInfo.java:shutdownFollowerState(121)) - 7da1345c-bffa-488f-9c16-928d9fca41c9: shutdown FollowerState
2019-10-12 10:02:04,133 [Thread-397] INFO  impl.RaftServerImpl (RaftServerImpl.java:setRole(170)) - 7da1345c-bffa-488f-9c16-928d9fca41c9@group-F907FD37953E: changes role from  FOLLOWER to CANDIDATE at term 0 for changeToCandidate
2019-10-12 10:02:04,134 [Thread-397] INFO  impl.RoleInfo (RoleInfo.java:updateAndGet(143)) - 7da1345c-bffa-488f-9c16-928d9fca41c9: start LeaderElection
2019-10-12 10:02:04,146 [2c8e1bff-2b59-4c15-bc70-21af7309fc2c@group-8653683ED28D-SegmentedRaftLogWorker] INFO  segmented.SegmentedRaftLogWorker (SegmentedRaftLogWorker.java:execute(574)) - 2c8e1bff-2b59-4c15-bc70-21af7309fc2c@group-8653683ED28D-SegmentedRaftLogWorker: created new log segment /workdir/hadoop-ozone/integration-test/target/test-dir/MiniOzoneClusterImpl-4cb53824-6e96-47a6-8d5a-f4ff5b9ad058/datanode-2/data/ratis/5b2f4d9e-df3d-4226-8ec6-8653683ed28d/current/log_inprogress_0
2019-10-12 10:02:04,146 [7da1345c-bffa-488f-9c16-928d9fca41c9@group-F907FD37953E-LeaderElection11] INFO  impl.LeaderElection (LeaderElection.java:askForVotes(178)) - 7da1345c-bffa-488f-9c16-928d9fca41c9@group-F907FD37953E-LeaderElection11: begin an election at term 1 for -1: [7da1345c-bffa-488f-9c16-928d9fca41c9:192.168.5.134:35541], old=null
2019-10-12 10:02:04,146 [7da1345c-bffa-488f-9c16-928d9fca41c9@group-F907FD37953E-LeaderElection11] INFO  impl.RoleInfo (RoleInfo.java:shutdownLeaderElection(134)) - 7da1345c-bffa-488f-9c16-928d9fca41c9: shutdown LeaderElection
2019-10-12 10:02:04,146 [7da1345c-bffa-488f-9c16-928d9fca41c9@group-F907FD37953E-LeaderElection11] INFO  impl.RaftServerImpl (RaftServerImpl.java:setRole(170)) - 7da1345c-bffa-488f-9c16-928d9fca41c9@group-F907FD37953E: changes role from CANDIDATE to LEADER at term 1 for changeToLeader
2019-10-12 10:02:04,147 [7da1345c-bffa-488f-9c16-928d9fca41c9@group-F907FD37953E-LeaderElection11] INFO  impl.RaftServerImpl (ServerState.java:setLeader(255)) - 7da1345c-bffa-488f-9c16-928d9fca41c9@group-F907FD37953E: change Leader from null to 7da1345c-bffa-488f-9c16-928d9fca41c9 at term 1 for becomeLeader, leader elected after 5236ms
2019-10-12 10:02:04,147 [7da1345c-bffa-488f-9c16-928d9fca41c9@group-F907FD37953E-LeaderElection11] INFO  server.RaftServerConfigKeys (ConfUtils.java:logGet(43)) - raft.server.staging.catchup.gap = 1000 (default)
2019-10-12 10:02:04,147 [7da1345c-bffa-488f-9c16-928d9fca41c9@group-F907FD37953E-LeaderElection11] INFO  server.RaftServerConfigKeys (ConfUtils.java:logGet(43)) - raft.server.rpc.sleep.time = 25ms (default)
2019-10-12 10:02:04,147 [7da1345c-bffa-488f-9c16-928d9fca41c9@group-F907FD37953E-LeaderElection11] INFO  server.RaftServerConfigKeys (ConfUtils.java:logGet(43)) - raft.server.write.element-limit = 4096 (default)
2019-10-12 10:02:04,147 [7da1345c-bffa-488f-9c16-928d9fca41c9@group-F907FD37953E-LeaderElection11] INFO  server.RaftServerConfigKeys (ConfUtils.java:logGet(43)) - raft.server.watch.timeout = 10s (default)
2019-10-12 10:02:04,148 [7da1345c-bffa-488f-9c16-928d9fca41c9@group-F907FD37953E-LeaderElection11] INFO  server.RaftServerConfigKeys (ConfUtils.java:logGet(43)) - raft.server.watch.timeout.denomination = 1s (default)
2019-10-12 10:02:04,148 [7da1345c-bffa-488f-9c16-928d9fca41c9@group-F907FD37953E-LeaderElection11] INFO  server.RaftServerConfigKeys (ConfUtils.java:logGet(43)) - raft.server.watch.element-limit = 65536 (default)
2019-10-12 10:02:04,151 [7da1345c-bffa-488f-9c16-928d9fca41c9@group-F907FD37953E-LeaderElection11] INFO  impl.RoleInfo (RoleInfo.java:updateAndGet(143)) - 7da1345c-bffa-488f-9c16-928d9fca41c9: start LeaderState
2019-10-12 10:02:04,152 [7da1345c-bffa-488f-9c16-928d9fca41c9@group-F907FD37953E-LeaderElection11] INFO  segmented.SegmentedRaftLogWorker (SegmentedRaftLogWorker.java:startLogSegment(385)) - 7da1345c-bffa-488f-9c16-928d9fca41c9@group-F907FD37953E-SegmentedRaftLogWorker: Starting segment from index:0
2019-10-12 10:02:04,153 [7da1345c-bffa-488f-9c16-928d9fca41c9@group-F907FD37953E-LeaderElection11] INFO  impl.RaftServerImpl (ServerState.java:setRaftConf(356)) - 7da1345c-bffa-488f-9c16-928d9fca41c9@group-F907FD37953E: set configuration 0: [7da1345c-bffa-488f-9c16-928d9fca41c9:192.168.5.134:35541], old=null at 0
2019-10-12 10:02:04,204 [7da1345c-bffa-488f-9c16-928d9fca41c9@group-F907FD37953E-SegmentedRaftLogWorker] INFO  segmented.SegmentedRaftLogWorker (SegmentedRaftLogWorker.java:execute(574)) - 7da1345c-bffa-488f-9c16-928d9fca41c9@group-F907FD37953E-SegmentedRaftLogWorker: created new log segment /workdir/hadoop-ozone/integration-test/target/test-dir/MiniOzoneClusterImpl-4cb53824-6e96-47a6-8d5a-f4ff5b9ad058/datanode-1/data/ratis/22545fc6-9294-4b40-bfde-f907fd37953e/current/log_inprogress_0
2019-10-12 10:02:04,728 [EventQueue-OpenPipelineForOneReplicaPipelineSafeModeRule] INFO  safemode.SCMSafeModeManager (SCMSafeModeManager.java:exitSafeMode(211)) - SCM exiting safe mode.
2019-10-12 10:02:04,728 [Thread-405] INFO  container.ReplicationManager (ReplicationManager.java:start(162)) - Starting Replication Monitor Thread.
2019-10-12 10:02:04,731 [ReplicationMonitor] INFO  container.ReplicationManager (ReplicationManager.java:run(225)) - Replication Monitor Thread took 1 milliseconds for processing 2 containers.
2019-10-12 10:02:07,055 [main] INFO  ozoneimpl.OzoneContainer (OzoneContainer.java:stop(227)) - Attempting to stop container services.
2019-10-12 10:02:07,056 [ForkJoinPool.commonPool-worker-1] INFO  ozoneimpl.OzoneContainer (OzoneContainer.java:stop(227)) - Attempting to stop container services.
2019-10-12 10:02:07,057 [main] INFO  impl.RaftServerProxy (RaftServerProxy.java:lambda$close$4(314)) - 7da1345c-bffa-488f-9c16-928d9fca41c9: close
2019-10-12 10:02:07,057 [ForkJoinPool.commonPool-worker-1] INFO  impl.RaftServerProxy (RaftServerProxy.java:lambda$close$4(314)) - 80a646ee-857d-4116-81d6-dd3325e893f6: close
2019-10-12 10:02:07,057 [main] INFO  impl.RaftServerImpl (RaftServerImpl.java:lambda$shutdown$3(247)) - 7da1345c-bffa-488f-9c16-928d9fca41c9@group-F907FD37953E: shutdown
2019-10-12 10:02:07,058 [ForkJoinPool.commonPool-worker-1] INFO  impl.RaftServerImpl (RaftServerImpl.java:lambda$shutdown$3(247)) - 80a646ee-857d-4116-81d6-dd3325e893f6@group-00B04D1FD9E0: shutdown
2019-10-12 10:02:07,058 [main] INFO  util.JmxRegister (JmxRegister.java:unregister(73)) - Successfully un-registered JMX Bean with object name Ratis:service=RaftServer,group=group-F907FD37953E,id=7da1345c-bffa-488f-9c16-928d9fca41c9
2019-10-12 10:02:07,058 [ForkJoinPool.commonPool-worker-1] INFO  util.JmxRegister (JmxRegister.java:unregister(73)) - Successfully un-registered JMX Bean with object name Ratis:service=RaftServer,group=group-00B04D1FD9E0,id=80a646ee-857d-4116-81d6-dd3325e893f6
2019-10-12 10:02:07,059 [main] INFO  impl.RoleInfo (RoleInfo.java:shutdownLeaderState(104)) - 7da1345c-bffa-488f-9c16-928d9fca41c9: shutdown LeaderState
2019-10-12 10:02:07,059 [ForkJoinPool.commonPool-worker-1] INFO  impl.RoleInfo (RoleInfo.java:shutdownLeaderState(104)) - 80a646ee-857d-4116-81d6-dd3325e893f6: shutdown LeaderState
2019-10-12 10:02:07,060 [main] INFO  impl.PendingRequests (PendingRequests.java:sendNotLeaderResponses(202)) - 7da1345c-bffa-488f-9c16-928d9fca41c9@group-F907FD37953E-PendingRequests: sendNotLeaderResponses
2019-10-12 10:02:07,061 [ForkJoinPool.commonPool-worker-1] INFO  impl.PendingRequests (PendingRequests.java:sendNotLeaderResponses(202)) - 80a646ee-857d-4116-81d6-dd3325e893f6@group-00B04D1FD9E0-PendingRequests: sendNotLeaderResponses
2019-10-12 10:02:07,061 [main] INFO  impl.StateMachineUpdater (StateMachineUpdater.java:stopAndJoin(136)) - 7da1345c-bffa-488f-9c16-928d9fca41c9@group-F907FD37953E-StateMachineUpdater: set stopIndex = 0
2019-10-12 10:02:07,062 [ForkJoinPool.commonPool-worker-1] INFO  impl.StateMachineUpdater (StateMachineUpdater.java:stopAndJoin(136)) - 80a646ee-857d-4116-81d6-dd3325e893f6@group-00B04D1FD9E0-StateMachineUpdater: set stopIndex = 0
2019-10-12 10:02:07,065 [main] INFO  impl.RaftServerImpl (ServerState.java:close(387)) - 7da1345c-bffa-488f-9c16-928d9fca41c9@group-F907FD37953E: closes. applyIndex: 0
2019-10-12 10:02:07,065 [ForkJoinPool.commonPool-worker-1] INFO  impl.RaftServerImpl (ServerState.java:close(387)) - 80a646ee-857d-4116-81d6-dd3325e893f6@group-00B04D1FD9E0: closes. applyIndex: 0
2019-10-12 10:02:07,066 [7da1345c-bffa-488f-9c16-928d9fca41c9@group-F907FD37953E-SegmentedRaftLogWorker] INFO  segmented.SegmentedRaftLogWorker (SegmentedRaftLogWorker.java:run(316)) - 7da1345c-bffa-488f-9c16-928d9fca41c9@group-F907FD37953E-SegmentedRaftLogWorker was interrupted, exiting. There are 0 tasks remaining in the queue.
2019-10-12 10:02:07,066 [80a646ee-857d-4116-81d6-dd3325e893f6@group-00B04D1FD9E0-SegmentedRaftLogWorker] INFO  segmented.SegmentedRaftLogWorker (SegmentedRaftLogWorker.java:run(316)) - 80a646ee-857d-4116-81d6-dd3325e893f6@group-00B04D1FD9E0-SegmentedRaftLogWorker was interrupted, exiting. There are 0 tasks remaining in the queue.
2019-10-12 10:02:07,069 [ForkJoinPool.commonPool-worker-1] INFO  segmented.SegmentedRaftLogWorker (SegmentedRaftLogWorker.java:close(224)) - 80a646ee-857d-4116-81d6-dd3325e893f6@group-00B04D1FD9E0-SegmentedRaftLogWorker close()
2019-10-12 10:02:07,069 [main] INFO  segmented.SegmentedRaftLogWorker (SegmentedRaftLogWorker.java:close(224)) - 7da1345c-bffa-488f-9c16-928d9fca41c9@group-F907FD37953E-SegmentedRaftLogWorker close()
2019-10-12 10:02:07,072 [ForkJoinPool.commonPool-worker-1] INFO  impl.RaftServerImpl (RaftServerImpl.java:lambda$shutdown$3(247)) - 80a646ee-857d-4116-81d6-dd3325e893f6@group-DA439D3D0D84: shutdown
2019-10-12 10:02:07,075 [main] INFO  impl.RaftServerImpl (RaftServerImpl.java:lambda$shutdown$3(247)) - 7da1345c-bffa-488f-9c16-928d9fca41c9@group-DA439D3D0D84: shutdown
2019-10-12 10:02:07,076 [ForkJoinPool.commonPool-worker-1] INFO  util.JmxRegister (JmxRegister.java:unregister(73)) - Successfully un-registered JMX Bean with object name Ratis:service=RaftServer,group=group-DA439D3D0D84,id=80a646ee-857d-4116-81d6-dd3325e893f6
2019-10-12 10:02:07,076 [main] INFO  util.JmxRegister (JmxRegister.java:unregister(73)) - Successfully un-registered JMX Bean with object name Ratis:service=RaftServer,group=group-DA439D3D0D84,id=7da1345c-bffa-488f-9c16-928d9fca41c9
2019-10-12 10:02:07,077 [ForkJoinPool.commonPool-worker-1] INFO  impl.RoleInfo (RoleInfo.java:shutdownLeaderState(104)) - 80a646ee-857d-4116-81d6-dd3325e893f6: shutdown LeaderState
2019-10-12 10:02:07,077 [main] INFO  impl.RoleInfo (RoleInfo.java:shutdownFollowerState(121)) - 7da1345c-bffa-488f-9c16-928d9fca41c9: shutdown FollowerState
2019-10-12 10:02:07,080 [org.apache.ratis.server.impl.LogAppender$AppenderDaemon$$Lambda$574/1043517888@564d8b6a] WARN  server.GrpcLogAppender (GrpcLogAppender.java:mayWait(143)) - 80a646ee-857d-4116-81d6-dd3325e893f6@group-DA439D3D0D84->2c8e1bff-2b59-4c15-bc70-21af7309fc2c-GrpcLogAppender: Wait interrupted by java.lang.InterruptedException
2019-10-12 10:02:07,080 [ForkJoinPool.commonPool-worker-1] INFO  impl.PendingRequests (PendingRequests.java:sendNotLeaderResponses(202)) - 80a646ee-857d-4116-81d6-dd3325e893f6@group-DA439D3D0D84-PendingRequests: sendNotLeaderResponses
2019-10-12 10:02:07,080 [org.apache.ratis.server.impl.LogAppender$AppenderDaemon$$Lambda$574/1043517888@61d775b] WARN  server.GrpcLogAppender (GrpcLogAppender.java:mayWait(143)) - 80a646ee-857d-4116-81d6-dd3325e893f6@group-DA439D3D0D84->7da1345c-bffa-488f-9c16-928d9fca41c9-GrpcLogAppender: Wait interrupted by java.lang.InterruptedException
2019-10-12 10:02:07,084 [ForkJoinPool.commonPool-worker-1] INFO  impl.StateMachineUpdater (StateMachineUpdater.java:stopAndJoin(136)) - 80a646ee-857d-4116-81d6-dd3325e893f6@group-DA439D3D0D84-StateMachineUpdater: set stopIndex = 0
2019-10-12 10:02:07,082 [main] INFO  impl.StateMachineUpdater (StateMachineUpdater.java:stopAndJoin(136)) - 7da1345c-bffa-488f-9c16-928d9fca41c9@group-DA439D3D0D84-StateMachineUpdater: set stopIndex = 0
2019-10-12 10:02:07,089 [main] INFO  impl.RaftServerImpl (ServerState.java:close(387)) - 7da1345c-bffa-488f-9c16-928d9fca41c9@group-DA439D3D0D84: closes. applyIndex: 0
2019-10-12 10:02:07,082 [Thread-413] INFO  impl.FollowerState (FollowerState.java:run(117)) - 7da1345c-bffa-488f-9c16-928d9fca41c9@group-DA439D3D0D84-FollowerState was interrupted: java.lang.InterruptedException: sleep interrupted
2019-10-12 10:02:07,089 [7da1345c-bffa-488f-9c16-928d9fca41c9@group-DA439D3D0D84-SegmentedRaftLogWorker] INFO  segmented.SegmentedRaftLogWorker (SegmentedRaftLogWorker.java:run(316)) - 7da1345c-bffa-488f-9c16-928d9fca41c9@group-DA439D3D0D84-SegmentedRaftLogWorker was interrupted, exiting. There are 0 tasks remaining in the queue.
2019-10-12 10:02:07,085 [ForkJoinPool.commonPool-worker-1] INFO  impl.RaftServerImpl (ServerState.java:close(387)) - 80a646ee-857d-4116-81d6-dd3325e893f6@group-DA439D3D0D84: closes. applyIndex: 0
2019-10-12 10:02:07,092 [main] INFO  segmented.SegmentedRaftLogWorker (SegmentedRaftLogWorker.java:close(224)) - 7da1345c-bffa-488f-9c16-928d9fca41c9@group-DA439D3D0D84-SegmentedRaftLogWorker close()
2019-10-12 10:02:07,093 [80a646ee-857d-4116-81d6-dd3325e893f6@group-DA439D3D0D84-SegmentedRaftLogWorker] INFO  segmented.SegmentedRaftLogWorker (SegmentedRaftLogWorker.java:run(316)) - 80a646ee-857d-4116-81d6-dd3325e893f6@group-DA439D3D0D84-SegmentedRaftLogWorker was interrupted, exiting. There are 0 tasks remaining in the queue.
2019-10-12 10:02:07,095 [main] INFO  server.GrpcService (GrpcService.java:closeImpl(164)) - 7da1345c-bffa-488f-9c16-928d9fca41c9: shutdown server with port 35541 now
2019-10-12 10:02:07,097 [ForkJoinPool.commonPool-worker-1] INFO  segmented.SegmentedRaftLogWorker (SegmentedRaftLogWorker.java:close(224)) - 80a646ee-857d-4116-81d6-dd3325e893f6@group-DA439D3D0D84-SegmentedRaftLogWorker close()
2019-10-12 10:02:07,097 [grpc-default-executor-0] INFO  server.GrpcServerProtocolService (GrpcServerProtocolService.java:onCompleted(113)) - 7da1345c-bffa-488f-9c16-928d9fca41c9: Completed APPEND_ENTRIES, lastRequest: 80a646ee-857d-4116-81d6-dd3325e893f6->7da1345c-bffa-488f-9c16-928d9fca41c9#2-t1, previous=(t:1, i:0), leaderCommit=0, initializing? false, entries: <empty>
2019-10-12 10:02:07,097 [grpc-default-executor-1] INFO  server.GrpcServerProtocolService (GrpcServerProtocolService.java:onCompleted(113)) - 2c8e1bff-2b59-4c15-bc70-21af7309fc2c: Completed APPEND_ENTRIES, lastRequest: 80a646ee-857d-4116-81d6-dd3325e893f6->2c8e1bff-2b59-4c15-bc70-21af7309fc2c#2-t1, previous=(t:1, i:0), leaderCommit=0, initializing? false, entries: <empty>
2019-10-12 10:02:07,102 [ForkJoinPool.commonPool-worker-1] INFO  server.GrpcService (GrpcService.java:closeImpl(164)) - 80a646ee-857d-4116-81d6-dd3325e893f6: shutdown server with port 35250 now
2019-10-12 10:02:07,108 [grpc-default-executor-0] INFO  server.GrpcLogAppender (GrpcLogAppender.java:onCompleted(293)) - 80a646ee-857d-4116-81d6-dd3325e893f6@group-DA439D3D0D84->2c8e1bff-2b59-4c15-bc70-21af7309fc2c-AppendLogResponseHandler: follower responses appendEntries COMPLETED
2019-10-12 10:02:07,111 [main] INFO  server.GrpcService (GrpcService.java:closeImpl(172)) - 7da1345c-bffa-488f-9c16-928d9fca41c9: shutdown server with port 35541 successfully
2019-10-12 10:02:07,112 [grpc-default-executor-1] INFO  server.GrpcLogAppender (GrpcLogAppender.java:onError(282)) - 80a646ee-857d-4116-81d6-dd3325e893f6@group-DA439D3D0D84->7da1345c-bffa-488f-9c16-928d9fca41c9-GrpcLogAppender is stopped
2019-10-12 10:02:07,113 [ForkJoinPool.commonPool-worker-1] INFO  server.GrpcService (GrpcService.java:closeImpl(172)) - 80a646ee-857d-4116-81d6-dd3325e893f6: shutdown server with port 35250 successfully
2019-10-12 10:02:07,113 [grpc-default-executor-0] INFO  impl.FollowerInfo (FollowerInfo.java:lambda$new$0(51)) - 80a646ee-857d-4116-81d6-dd3325e893f6@group-DA439D3D0D84->2c8e1bff-2b59-4c15-bc70-21af7309fc2c: nextIndex: updateUnconditionally 1 -> 0
2019-10-12 10:02:07,113 [refreshUsed-/workdir/hadoop-ozone/integration-test/target/test-dir/MiniOzoneClusterImpl-4cb53824-6e96-47a6-8d5a-f4ff5b9ad058/datanode-1/data/containers] WARN  fs.CachingGetSpaceUsed (CachingGetSpaceUsed.java:run(183)) - Thread Interrupted waiting to refresh disk information: sleep interrupted
2019-10-12 10:02:07,116 [refreshUsed-/workdir/hadoop-ozone/integration-test/target/test-dir/MiniOzoneClusterImpl-4cb53824-6e96-47a6-8d5a-f4ff5b9ad058/datanode-0/data/containers] WARN  fs.CachingGetSpaceUsed (CachingGetSpaceUsed.java:run(183)) - Thread Interrupted waiting to refresh disk information: sleep interrupted
2019-10-12 10:02:07,138 [ForkJoinPool.commonPool-worker-1] INFO  utils.BackgroundService (BackgroundService.java:shutdown(151)) - Shutting down service BlockDeletingService
2019-10-12 10:02:07,141 [main] INFO  utils.BackgroundService (BackgroundService.java:shutdown(151)) - Shutting down service BlockDeletingService
2019-10-12 10:02:07,142 [ForkJoinPool.commonPool-worker-1] INFO  statemachine.DatanodeStateMachine (DatanodeStateMachine.java:stopDaemon(401)) - Ozone container server stopped.
2019-10-12 10:02:07,145 [main] INFO  statemachine.DatanodeStateMachine (DatanodeStateMachine.java:stopDaemon(401)) - Ozone container server stopped.
2019-10-12 10:02:07,148 [ForkJoinPool.commonPool-worker-1] INFO  handler.ContextHandler (ContextHandler.java:doStop(910)) - Stopped o.e.j.w.WebAppContext@68ac9ec5{/,null,UNAVAILABLE}{/hddsDatanode}
2019-10-12 10:02:07,148 [main] INFO  handler.ContextHandler (ContextHandler.java:doStop(910)) - Stopped o.e.j.w.WebAppContext@4b4eced1{/,null,UNAVAILABLE}{/hddsDatanode}
2019-10-12 10:02:07,148 [ForkJoinPool.commonPool-worker-1] INFO  server.AbstractConnector (AbstractConnector.java:doStop(318)) - Stopped ServerConnector@a50d709{HTTP/1.1,[http/1.1]}{0.0.0.0:0}
2019-10-12 10:02:07,150 [ForkJoinPool.commonPool-worker-1] INFO  handler.ContextHandler (ContextHandler.java:doStop(910)) - Stopped o.e.j.s.ServletContextHandler@fd53053{/static,jar:file:/home/user/.m2/repository/org/apache/hadoop/hadoop-hdds-container-service/0.5.0-SNAPSHOT/hadoop-hdds-container-service-0.5.0-SNAPSHOT.jar!/webapps/static,UNAVAILABLE}
2019-10-12 10:02:07,150 [main] INFO  server.AbstractConnector (AbstractConnector.java:doStop(318)) - Stopped ServerConnector@71926a36{HTTP/1.1,[http/1.1]}{0.0.0.0:0}
2019-10-12 10:02:07,151 [ForkJoinPool.commonPool-worker-1] INFO  handler.ContextHandler (ContextHandler.java:doStop(910)) - Stopped o.e.j.s.ServletContextHandler@440e3ce6{/logs,file:///workdir/hadoop-ozone/integration-test/target/log,UNAVAILABLE}
2019-10-12 10:02:07,151 [main] INFO  handler.ContextHandler (ContextHandler.java:doStop(910)) - Stopped o.e.j.s.ServletContextHandler@26c89563{/static,jar:file:/home/user/.m2/repository/org/apache/hadoop/hadoop-hdds-container-service/0.5.0-SNAPSHOT/hadoop-hdds-container-service-0.5.0-SNAPSHOT.jar!/webapps/static,UNAVAILABLE}
2019-10-12 10:02:07,152 [main] INFO  handler.ContextHandler (ContextHandler.java:doStop(910)) - Stopped o.e.j.s.ServletContextHandler@20d87335{/logs,file:///workdir/hadoop-ozone/integration-test/target/log,UNAVAILABLE}
2019-10-12 10:02:07,729 [Thread-427] INFO  container.ReplicationManager (ReplicationManager.java:start(169)) - Replication Monitor Thread is already running.
2019-10-12 10:02:08,075 [Datanode State Machine Thread - 0] INFO  statemachine.DatanodeStateMachine (DatanodeStateMachine.java:lambda$startDaemon$0(356)) - Ozone container server started.
2019-10-12 10:02:12,153 [ForkJoinPool.commonPool-worker-1] INFO  ozoneimpl.OzoneContainer (OzoneContainer.java:stop(227)) - Attempting to stop container services.
2019-10-12 10:02:12,154 [ForkJoinPool.commonPool-worker-1] INFO  impl.RaftServerProxy (RaftServerProxy.java:lambda$close$4(314)) - 2c8e1bff-2b59-4c15-bc70-21af7309fc2c: close
2019-10-12 10:02:12,154 [ForkJoinPool.commonPool-worker-1] INFO  impl.RaftServerImpl (RaftServerImpl.java:lambda$shutdown$3(247)) - 2c8e1bff-2b59-4c15-bc70-21af7309fc2c@group-8653683ED28D: shutdown
2019-10-12 10:02:12,155 [ForkJoinPool.commonPool-worker-1] INFO  util.JmxRegister (JmxRegister.java:unregister(73)) - Successfully un-registered JMX Bean with object name Ratis:service=RaftServer,group=group-8653683ED28D,id=2c8e1bff-2b59-4c15-bc70-21af7309fc2c
2019-10-12 10:02:12,155 [ForkJoinPool.commonPool-worker-1] INFO  impl.RoleInfo (RoleInfo.java:shutdownLeaderState(104)) - 2c8e1bff-2b59-4c15-bc70-21af7309fc2c: shutdown LeaderState
2019-10-12 10:02:12,156 [ForkJoinPool.commonPool-worker-1] INFO  impl.PendingRequests (PendingRequests.java:sendNotLeaderResponses(202)) - 2c8e1bff-2b59-4c15-bc70-21af7309fc2c@group-8653683ED28D-PendingRequests: sendNotLeaderResponses
2019-10-12 10:02:12,156 [ForkJoinPool.commonPool-worker-1] INFO  impl.StateMachineUpdater (StateMachineUpdater.java:stopAndJoin(136)) - 2c8e1bff-2b59-4c15-bc70-21af7309fc2c@group-8653683ED28D-StateMachineUpdater: set stopIndex = 0
2019-10-12 10:02:12,158 [ForkJoinPool.commonPool-worker-1] INFO  impl.RaftServerImpl (ServerState.java:close(387)) - 2c8e1bff-2b59-4c15-bc70-21af7309fc2c@group-8653683ED28D: closes. applyIndex: 0
2019-10-12 10:02:12,159 [2c8e1bff-2b59-4c15-bc70-21af7309fc2c@group-8653683ED28D-SegmentedRaftLogWorker] INFO  segmented.SegmentedRaftLogWorker (SegmentedRaftLogWorker.java:run(316)) - 2c8e1bff-2b59-4c15-bc70-21af7309fc2c@group-8653683ED28D-SegmentedRaftLogWorker was interrupted, exiting. There are 0 tasks remaining in the queue.
2019-10-12 10:02:12,160 [ForkJoinPool.commonPool-worker-1] INFO  segmented.SegmentedRaftLogWorker (SegmentedRaftLogWorker.java:close(224)) - 2c8e1bff-2b59-4c15-bc70-21af7309fc2c@group-8653683ED28D-SegmentedRaftLogWorker close()
2019-10-12 10:02:12,162 [ForkJoinPool.commonPool-worker-1] INFO  impl.RaftServerImpl (RaftServerImpl.java:lambda$shutdown$3(247)) - 2c8e1bff-2b59-4c15-bc70-21af7309fc2c@group-DA439D3D0D84: shutdown
2019-10-12 10:02:12,162 [ForkJoinPool.commonPool-worker-1] INFO  util.JmxRegister (JmxRegister.java:unregister(73)) - Successfully un-registered JMX Bean with object name Ratis:service=RaftServer,group=group-DA439D3D0D84,id=2c8e1bff-2b59-4c15-bc70-21af7309fc2c
2019-10-12 10:02:12,163 [ForkJoinPool.commonPool-worker-1] INFO  impl.RoleInfo (RoleInfo.java:shutdownFollowerState(121)) - 2c8e1bff-2b59-4c15-bc70-21af7309fc2c: shutdown FollowerState
2019-10-12 10:02:12,163 [ForkJoinPool.commonPool-worker-1] INFO  impl.StateMachineUpdater (StateMachineUpdater.java:stopAndJoin(136)) - 2c8e1bff-2b59-4c15-bc70-21af7309fc2c@group-DA439D3D0D84-StateMachineUpdater: set stopIndex = 0
2019-10-12 10:02:12,163 [Thread-412] INFO  impl.FollowerState (FollowerState.java:run(117)) - 2c8e1bff-2b59-4c15-bc70-21af7309fc2c@group-DA439D3D0D84-FollowerState was interrupted: java.lang.InterruptedException: sleep interrupted
2019-10-12 10:02:12,165 [ForkJoinPool.commonPool-worker-1] INFO  impl.RaftServerImpl (ServerState.java:close(387)) - 2c8e1bff-2b59-4c15-bc70-21af7309fc2c@group-DA439D3D0D84: closes. applyIndex: 0
2019-10-12 10:02:12,166 [2c8e1bff-2b59-4c15-bc70-21af7309fc2c@group-DA439D3D0D84-SegmentedRaftLogWorker] INFO  segmented.SegmentedRaftLogWorker (SegmentedRaftLogWorker.java:run(316)) - 2c8e1bff-2b59-4c15-bc70-21af7309fc2c@group-DA439D3D0D84-SegmentedRaftLogWorker was interrupted, exiting. There are 0 tasks remaining in the queue.
2019-10-12 10:02:12,170 [ForkJoinPool.commonPool-worker-1] INFO  segmented.SegmentedRaftLogWorker (SegmentedRaftLogWorker.java:close(224)) - 2c8e1bff-2b59-4c15-bc70-21af7309fc2c@group-DA439D3D0D84-SegmentedRaftLogWorker close()
2019-10-12 10:02:12,172 [ForkJoinPool.commonPool-worker-1] INFO  server.GrpcService (GrpcService.java:closeImpl(164)) - 2c8e1bff-2b59-4c15-bc70-21af7309fc2c: shutdown server with port 46208 now
2019-10-12 10:02:12,173 [ForkJoinPool.commonPool-worker-1] INFO  server.GrpcService (GrpcService.java:closeImpl(172)) - 2c8e1bff-2b59-4c15-bc70-21af7309fc2c: shutdown server with port 46208 successfully
2019-10-12 10:02:12,177 [refreshUsed-/workdir/hadoop-ozone/integration-test/target/test-dir/MiniOzoneClusterImpl-4cb53824-6e96-47a6-8d5a-f4ff5b9ad058/datanode-2/data/containers] WARN  fs.CachingGetSpaceUsed (CachingGetSpaceUsed.java:run(183)) - Thread Interrupted waiting to refresh disk information: sleep interrupted
2019-10-12 10:02:12,200 [ForkJoinPool.commonPool-worker-1] INFO  utils.BackgroundService (BackgroundService.java:shutdown(151)) - Shutting down service BlockDeletingService
2019-10-12 10:02:12,203 [ForkJoinPool.commonPool-worker-1] INFO  statemachine.DatanodeStateMachine (DatanodeStateMachine.java:stopDaemon(401)) - Ozone container server stopped.
2019-10-12 10:02:12,205 [ForkJoinPool.commonPool-worker-1] INFO  handler.ContextHandler (ContextHandler.java:doStop(910)) - Stopped o.e.j.w.WebAppContext@534e58b6{/,null,UNAVAILABLE}{/hddsDatanode}
2019-10-12 10:02:12,206 [ForkJoinPool.commonPool-worker-1] INFO  server.AbstractConnector (AbstractConnector.java:doStop(318)) - Stopped ServerConnector@3bb87d36{HTTP/1.1,[http/1.1]}{0.0.0.0:0}
2019-10-12 10:02:12,207 [ForkJoinPool.commonPool-worker-1] INFO  handler.ContextHandler (ContextHandler.java:doStop(910)) - Stopped o.e.j.s.ServletContextHandler@5b3bb1f7{/static,jar:file:/home/user/.m2/repository/org/apache/hadoop/hadoop-hdds-container-service/0.5.0-SNAPSHOT/hadoop-hdds-container-service-0.5.0-SNAPSHOT.jar!/webapps/static,UNAVAILABLE}
2019-10-12 10:02:12,208 [ForkJoinPool.commonPool-worker-1] INFO  handler.ContextHandler (ContextHandler.java:doStop(910)) - Stopped o.e.j.s.ServletContextHandler@24a86066{/logs,file:///workdir/hadoop-ozone/integration-test/target/log,UNAVAILABLE}
2019-10-12 10:02:12,209 [main] INFO  ozone.MiniOzoneClusterImpl (MiniOzoneClusterImpl.java:stopSCM(397)) - Stopping the StorageContainerManager
2019-10-12 10:02:12,210 [main] INFO  server.StorageContainerManager (StorageContainerManager.java:stop(809)) - Stopping Replication Manager Service.
2019-10-12 10:02:12,210 [main] INFO  container.ReplicationManager (ReplicationManager.java:stop(203)) - Stopping Replication Monitor Thread.
2019-10-12 10:02:12,210 [main] INFO  server.StorageContainerManager (StorageContainerManager.java:stop(816)) - Stopping Lease Manager of the command watchers
2019-10-12 10:02:12,210 [main] INFO  server.StorageContainerManager (StorageContainerManager.java:stop(823)) - Stopping datanode service RPC server
2019-10-12 10:02:12,211 [main] INFO  server.SCMDatanodeProtocolServer (SCMDatanodeProtocolServer.java:stop(366)) - Stopping the RPC server for DataNodes
2019-10-12 10:02:12,211 [main] INFO  ipc.Server (Server.java:stop(3082)) - Stopping server on 33767
2019-10-12 10:02:12,213 [IPC Server listener on 33767] INFO  ipc.Server (Server.java:run(1185)) - Stopping IPC Server listener on 33767
2019-10-12 10:02:12,213 [IPC Server Responder] INFO  ipc.Server (Server.java:run(1319)) - Stopping IPC Server Responder
2019-10-12 10:02:12,246 [SCM Heartbeat Processing Thread - 0] WARN  node.NodeStateManager (NodeStateManager.java:scheduleNextHealthCheck(646)) - Current Thread is interrupted, shutting down HB processing thread for Node Manager.
2019-10-12 10:02:12,246 [main] INFO  server.StorageContainerManager (StorageContainerManager.java:stop(831)) - Stopping block service RPC server
2019-10-12 10:02:12,247 [main] INFO  server.SCMBlockProtocolServer (SCMBlockProtocolServer.java:stop(155)) - Stopping the RPC server for Block Protocol
2019-10-12 10:02:12,247 [main] INFO  ipc.Server (Server.java:stop(3082)) - Stopping server on 39872
2019-10-12 10:02:12,249 [IPC Server listener on 39872] INFO  ipc.Server (Server.java:run(1185)) - Stopping IPC Server listener on 39872
2019-10-12 10:02:12,249 [IPC Server Responder] INFO  ipc.Server (Server.java:run(1319)) - Stopping IPC Server Responder
2019-10-12 10:02:12,249 [main] INFO  server.StorageContainerManager (StorageContainerManager.java:stop(838)) - Stopping the StorageContainerLocationProtocol RPC server
2019-10-12 10:02:12,250 [main] INFO  server.SCMClientProtocolServer (SCMClientProtocolServer.java:stop(168)) - Stopping the RPC server for Client Protocol
2019-10-12 10:02:12,250 [main] INFO  ipc.Server (Server.java:stop(3082)) - Stopping server on 44852
2019-10-12 10:02:12,252 [IPC Server listener on 44852] INFO  ipc.Server (Server.java:run(1185)) - Stopping IPC Server listener on 44852
2019-10-12 10:02:12,252 [main] INFO  server.StorageContainerManager (StorageContainerManager.java:stop(845)) - Stopping Storage Container Manager HTTP server.
2019-10-12 10:02:12,253 [IPC Server Responder] INFO  ipc.Server (Server.java:run(1319)) - Stopping IPC Server Responder
2019-10-12 10:02:12,255 [main] INFO  handler.ContextHandler (ContextHandler.java:doStop(910)) - Stopped o.e.j.w.WebAppContext@7fb66650{/,null,UNAVAILABLE}{/scm}
2019-10-12 10:02:12,255 [main] INFO  server.AbstractConnector (AbstractConnector.java:doStop(318)) - Stopped ServerConnector@1a96d94c{HTTP/1.1,[http/1.1]}{0.0.0.0:0}
2019-10-12 10:02:12,256 [main] INFO  handler.ContextHandler (ContextHandler.java:doStop(910)) - Stopped o.e.j.s.ServletContextHandler@7d3fb0ef{/static,file:///workdir/hadoop-ozone/integration-test/target/test-classes/webapps/static,UNAVAILABLE}
2019-10-12 10:02:12,257 [main] INFO  handler.ContextHandler (ContextHandler.java:doStop(910)) - Stopped o.e.j.s.ServletContextHandler@3240b2a4{/logs,file:///workdir/hadoop-ozone/integration-test/target/log,UNAVAILABLE}
2019-10-12 10:02:12,258 [main] INFO  server.StorageContainerManager (StorageContainerManager.java:stop(856)) - Stopping Block Manager Service.
2019-10-12 10:02:12,258 [main] INFO  utils.BackgroundService (BackgroundService.java:shutdown(151)) - Shutting down service SCMBlockDeletingService
2019-10-12 10:02:12,259 [main] INFO  utils.BackgroundService (BackgroundService.java:shutdown(151)) - Shutting down service SCMBlockDeletingService
2019-10-12 10:02:12,259 [main] INFO  server.StorageContainerManager (StorageContainerManager.java:stop(878)) - Stopping SCM Event Queue.
2019-10-12 10:02:12,264 [main] INFO  impl.MetricsSystemImpl (MetricsSystemImpl.java:stop(210)) - Stopping HddsDatanode metrics system...
2019-10-12 10:02:12,273 [main] INFO  impl.MetricsSystemImpl (MetricsSystemImpl.java:stop(216)) - HddsDatanode metrics system stopped.
]]></system-out>
  </testcase>
  <testcase name="testCaching" classname="org.apache.hadoop.ozone.scm.TestXceiverClientManager" time="21.586">
    <failure message="expected:&lt;1&gt; but was:&lt;2&gt;" type="java.lang.AssertionError"><![CDATA[java.lang.AssertionError: expected:<1> but was:<2>
	at org.junit.Assert.fail(Assert.java:88)
	at org.junit.Assert.failNotEquals(Assert.java:743)
	at org.junit.Assert.assertEquals(Assert.java:118)
	at org.junit.Assert.assertEquals(Assert.java:555)
	at org.junit.Assert.assertEquals(Assert.java:542)
	at org.apache.hadoop.ozone.scm.TestXceiverClientManager.testCaching(TestXceiverClientManager.java:97)
	at sun.reflect.NativeMethodAccessorImpl.invoke0(Native Method)
	at sun.reflect.NativeMethodAccessorImpl.invoke(NativeMethodAccessorImpl.java:62)
	at sun.reflect.DelegatingMethodAccessorImpl.invoke(DelegatingMethodAccessorImpl.java:43)
	at java.lang.reflect.Method.invoke(Method.java:498)
	at org.junit.runners.model.FrameworkMethod$1.runReflectiveCall(FrameworkMethod.java:47)
	at org.junit.internal.runners.model.ReflectiveCallable.run(ReflectiveCallable.java:12)
	at org.junit.runners.model.FrameworkMethod.invokeExplosively(FrameworkMethod.java:44)
	at org.junit.internal.runners.statements.InvokeMethod.evaluate(InvokeMethod.java:17)
	at org.junit.internal.runners.statements.RunBefores.evaluate(RunBefores.java:26)
	at org.junit.internal.runners.statements.RunAfters.evaluate(RunAfters.java:27)
	at org.junit.rules.ExpectedException$ExpectedExceptionStatement.evaluate(ExpectedException.java:168)
	at org.junit.rules.RunRules.evaluate(RunRules.java:20)
	at org.junit.runners.ParentRunner.runLeaf(ParentRunner.java:271)
	at org.junit.runners.BlockJUnit4ClassRunner.runChild(BlockJUnit4ClassRunner.java:70)
	at org.junit.runners.BlockJUnit4ClassRunner.runChild(BlockJUnit4ClassRunner.java:50)
	at org.junit.runners.ParentRunner$3.run(ParentRunner.java:238)
	at org.junit.runners.ParentRunner$1.schedule(ParentRunner.java:63)
	at org.junit.runners.ParentRunner.runChildren(ParentRunner.java:236)
	at org.junit.runners.ParentRunner.access$000(ParentRunner.java:53)
	at org.junit.runners.ParentRunner$2.evaluate(ParentRunner.java:229)
	at org.junit.runners.ParentRunner.run(ParentRunner.java:309)
	at org.apache.maven.surefire.junit4.JUnit4Provider.execute(JUnit4Provider.java:365)
	at org.apache.maven.surefire.junit4.JUnit4Provider.executeWithRerun(JUnit4Provider.java:273)
	at org.apache.maven.surefire.junit4.JUnit4Provider.executeTestSet(JUnit4Provider.java:238)
	at org.apache.maven.surefire.junit4.JUnit4Provider.invoke(JUnit4Provider.java:159)
	at org.apache.maven.surefire.booter.ForkedBooter.invokeProviderInSameClassLoader(ForkedBooter.java:384)
	at org.apache.maven.surefire.booter.ForkedBooter.runSuitesInProcess(ForkedBooter.java:345)
	at org.apache.maven.surefire.booter.ForkedBooter.execute(ForkedBooter.java:126)
	at org.apache.maven.surefire.booter.ForkedBooter.main(ForkedBooter.java:418)
]]></failure>
    <system-out><![CDATA[2019-10-12 10:02:12,309 [main] WARN  server.ServerUtils (ServerUtils.java:getScmDbDir(145)) - ozone.scm.db.dirs is not configured. We recommend adding this setting. Falling back to ozone.metadata.dirs instead.
2019-10-12 10:02:12,323 [main] WARN  server.ServerUtils (ServerUtils.java:getScmDbDir(145)) - ozone.scm.db.dirs is not configured. We recommend adding this setting. Falling back to ozone.metadata.dirs instead.
2019-10-12 10:02:12,323 [main] WARN  server.ServerUtils (ServerUtils.java:getScmDbDir(145)) - ozone.scm.db.dirs is not configured. We recommend adding this setting. Falling back to ozone.metadata.dirs instead.
2019-10-12 10:02:12,324 [main] INFO  db.DBStoreBuilder (DBStoreBuilder.java:addTable(117)) - using custom profile for table: deletedBlocks
2019-10-12 10:02:12,324 [main] INFO  db.DBStoreBuilder (DBStoreBuilder.java:processTables(168)) - Using default column profile:DBProfile.DISK for Table:deletedBlocks
2019-10-12 10:02:12,325 [main] INFO  db.DBStoreBuilder (DBStoreBuilder.java:addTable(117)) - using custom profile for table: validCerts
2019-10-12 10:02:12,325 [main] INFO  db.DBStoreBuilder (DBStoreBuilder.java:processTables(168)) - Using default column profile:DBProfile.DISK for Table:validCerts
2019-10-12 10:02:12,325 [main] INFO  db.DBStoreBuilder (DBStoreBuilder.java:addTable(117)) - using custom profile for table: revokedCerts
2019-10-12 10:02:12,325 [main] INFO  db.DBStoreBuilder (DBStoreBuilder.java:processTables(168)) - Using default column profile:DBProfile.DISK for Table:revokedCerts
2019-10-12 10:02:12,326 [main] INFO  db.DBStoreBuilder (DBStoreBuilder.java:addTable(117)) - using custom profile for table: default
2019-10-12 10:02:12,326 [main] INFO  db.DBStoreBuilder (DBStoreBuilder.java:processTables(174)) - Using default column profile:DBProfile.DISK for Table:default
2019-10-12 10:02:12,326 [main] INFO  db.DBStoreBuilder (DBStoreBuilder.java:getDbProfile(205)) - Using default options. DBProfile.DISK
2019-10-12 10:02:12,476 [main] INFO  net.NodeSchemaLoader (NodeSchemaLoader.java:loadSchemaFromFile(125)) - Loading file from sun.misc.CompoundEnumeration@44b21f9f
2019-10-12 10:02:12,476 [main] INFO  net.NodeSchemaLoader (NodeSchemaLoader.java:loadSchema(171)) - Loading network topology layer schema file
2019-10-12 10:02:12,482 [main] WARN  server.ServerUtils (ServerUtils.java:sanitizeUserArgs(70)) - ozone.scm.stale.node.interval value = 300000 is larger than max = 100000 based on the key value of ozone.scm.heartbeat.thread.interval, reset to the max value 100000.
2019-10-12 10:02:12,482 [main] WARN  server.ServerUtils (ServerUtils.java:sanitizeUserArgs(70)) - ozone.scm.stale.node.interval value = 300000 is larger than max = 100000 based on the key value of ozone.scm.heartbeat.thread.interval, reset to the max value 100000.
2019-10-12 10:02:12,483 [main] INFO  node.SCMNodeManager (SCMNodeManager.java:<init>(116)) - Entering startup safe mode.
2019-10-12 10:02:12,484 [main] INFO  algorithms.ContainerPlacementPolicyFactory (ContainerPlacementPolicyFactory.java:getPolicy(57)) - Create container placement policy of type org.apache.hadoop.hdds.scm.container.placement.algorithms.SCMContainerPlacementRandom
2019-10-12 10:02:12,484 [main] WARN  server.ServerUtils (ServerUtils.java:getScmDbDir(145)) - ozone.scm.db.dirs is not configured. We recommend adding this setting. Falling back to ozone.metadata.dirs instead.
2019-10-12 10:02:12,508 [main] INFO  pipeline.SCMPipelineManager (SCMPipelineManager.java:initializePipelineState(150)) - No pipeline exists in current db
2019-10-12 10:02:12,509 [main] WARN  server.ServerUtils (ServerUtils.java:getScmDbDir(145)) - ozone.scm.db.dirs is not configured. We recommend adding this setting. Falling back to ozone.metadata.dirs instead.
2019-10-12 10:02:12,536 [main] INFO  safemode.HealthyPipelineSafeModeRule (HealthyPipelineSafeModeRule.java:<init>(89)) -  Total pipeline count is 0, healthy pipeline threshold count is 1
2019-10-12 10:02:12,537 [main] INFO  safemode.OneReplicaPipelineSafeModeRule (OneReplicaPipelineSafeModeRule.java:<init>(88)) - Total pipeline count is 0, pipeline's with at least one datanode reported threshold count is 0
2019-10-12 10:02:12,537 [main] WARN  events.EventQueue (EventQueue.java:fireEvent(183)) - No event handler registered for event TypedEvent{payloadType=SafeModeStatus, name='SafeModeStatus'}
2019-10-12 10:02:12,538 [main] INFO  ipc.CallQueueManager (CallQueueManager.java:<init>(84)) - Using callQueue: class java.util.concurrent.LinkedBlockingQueue, queueCapacity: 2000, scheduler: class org.apache.hadoop.ipc.DefaultRpcScheduler, ipcBackoff: false.
2019-10-12 10:02:12,539 [Socket Reader #1 for port 32848] INFO  ipc.Server (Server.java:run(1074)) - Starting Socket Reader #1 for port 32848
2019-10-12 10:02:12,541 [main] INFO  ipc.CallQueueManager (CallQueueManager.java:<init>(84)) - Using callQueue: class java.util.concurrent.LinkedBlockingQueue, queueCapacity: 2000, scheduler: class org.apache.hadoop.ipc.DefaultRpcScheduler, ipcBackoff: false.
2019-10-12 10:02:12,542 [Socket Reader #1 for port 44019] INFO  ipc.Server (Server.java:run(1074)) - Starting Socket Reader #1 for port 44019
2019-10-12 10:02:12,544 [main] INFO  ipc.CallQueueManager (CallQueueManager.java:<init>(84)) - Using callQueue: class java.util.concurrent.LinkedBlockingQueue, queueCapacity: 2000, scheduler: class org.apache.hadoop.ipc.DefaultRpcScheduler, ipcBackoff: false.
2019-10-12 10:02:12,545 [Socket Reader #1 for port 40368] INFO  ipc.Server (Server.java:run(1074)) - Starting Socket Reader #1 for port 40368
2019-10-12 10:02:12,548 [main] INFO  hdfs.DFSUtil (DFSUtil.java:httpServerTemplateForNNAndJN(1641)) - Starting Web-server for scm at: http://0.0.0.0:0
2019-10-12 10:02:12,551 [main] INFO  server.AuthenticationFilter (AuthenticationFilter.java:constructSecretProvider(240)) - Unable to initialize FileSignerSecretProvider, falling back to use random secrets.
2019-10-12 10:02:12,551 [main] WARN  http.HttpRequestLog (HttpRequestLog.java:getRequestLog(97)) - Jetty request log can only be enabled using Log4j
2019-10-12 10:02:12,554 [main] INFO  http.HttpServer2 (HttpServer2.java:addGlobalFilter(975)) - Added global filter 'safety' (class=org.apache.hadoop.http.HttpServer2$QuotingInputFilter)
2019-10-12 10:02:12,555 [main] INFO  http.HttpServer2 (HttpServer2.java:addFilter(948)) - Added filter static_user_filter (class=org.apache.hadoop.http.lib.StaticUserWebFilter$StaticUserFilter) to context scm
2019-10-12 10:02:12,556 [main] INFO  http.HttpServer2 (HttpServer2.java:addFilter(958)) - Added filter static_user_filter (class=org.apache.hadoop.http.lib.StaticUserWebFilter$StaticUserFilter) to context static
2019-10-12 10:02:12,556 [main] INFO  http.HttpServer2 (HttpServer2.java:addFilter(958)) - Added filter static_user_filter (class=org.apache.hadoop.http.lib.StaticUserWebFilter$StaticUserFilter) to context logs
2019-10-12 10:02:12,560 [main] INFO  server.StorageContainerManager (StorageContainerManager.java:start(771)) - StorageContainerLocationProtocol RPC server is listening at /0.0.0.0:40368
2019-10-12 10:02:12,563 [main] WARN  impl.MetricsConfig (MetricsConfig.java:loadFirst(134)) - Cannot locate configuration: tried hadoop-metrics2-storagecontainermanager.properties,hadoop-metrics2.properties
2019-10-12 10:02:12,564 [main] INFO  impl.MetricsSystemImpl (MetricsSystemImpl.java:startTimer(374)) - Scheduled Metric snapshot period at 10 second(s).
2019-10-12 10:02:12,564 [main] INFO  impl.MetricsSystemImpl (MetricsSystemImpl.java:start(191)) - StorageContainerManager metrics system started
2019-10-12 10:02:12,625 [main] WARN  impl.MetricsSystemImpl (MetricsSystemImpl.java:register(276)) - Sink prometheus already exists!
2019-10-12 10:02:12,635 [main] INFO  server.SCMClientProtocolServer (SCMClientProtocolServer.java:start(159)) - RPC server for Client  is listening at /0.0.0.0:40368
2019-10-12 10:02:12,636 [IPC Server Responder] INFO  ipc.Server (Server.java:run(1314)) - IPC Server Responder: starting
2019-10-12 10:02:12,636 [IPC Server listener on 40368] INFO  ipc.Server (Server.java:run(1153)) - IPC Server listener on 40368: starting
2019-10-12 10:02:12,642 [main] INFO  server.StorageContainerManager (StorageContainerManager.java:start(781)) - ScmBlockLocationProtocol RPC server is listening at /0.0.0.0:44019
2019-10-12 10:02:12,643 [main] INFO  server.SCMBlockProtocolServer (SCMBlockProtocolServer.java:start(146)) - RPC server for Block Protocol is listening at /0.0.0.0:44019
2019-10-12 10:02:12,643 [IPC Server Responder] INFO  ipc.Server (Server.java:run(1314)) - IPC Server Responder: starting
2019-10-12 10:02:12,643 [IPC Server listener on 44019] INFO  ipc.Server (Server.java:run(1153)) - IPC Server listener on 44019: starting
2019-10-12 10:02:12,650 [main] INFO  server.StorageContainerManager (StorageContainerManager.java:start(785)) - ScmDatanodeProtocl RPC server is listening at /0.0.0.0:32848
2019-10-12 10:02:12,650 [main] INFO  server.SCMDatanodeProtocolServer (SCMDatanodeProtocolServer.java:start(177)) - RPC server for DataNodes is listening at /0.0.0.0:32848
2019-10-12 10:02:12,651 [IPC Server Responder] INFO  ipc.Server (Server.java:run(1314)) - IPC Server Responder: starting
2019-10-12 10:02:12,651 [IPC Server listener on 32848] INFO  ipc.Server (Server.java:run(1153)) - IPC Server listener on 32848: starting
2019-10-12 10:02:12,656 [main] INFO  http.HttpServer2 (HttpServer2.java:bindListener(1191)) - Jetty bound to port 41390
2019-10-12 10:02:12,657 [main] INFO  server.Server (Server.java:doStart(351)) - jetty-9.3.25.v20180904, build timestamp: 2018-09-04T21:11:46Z, git hash: 3ce520221d0240229c862b122d2b06c12a625732
2019-10-12 10:02:12,660 [main] INFO  handler.ContextHandler (ContextHandler.java:doStart(781)) - Started o.e.j.s.ServletContextHandler@4fa822ad{/logs,file:///workdir/hadoop-ozone/integration-test/target/log,AVAILABLE}
2019-10-12 10:02:12,661 [main] INFO  handler.ContextHandler (ContextHandler.java:doStart(781)) - Started o.e.j.s.ServletContextHandler@7ad1caa2{/static,file:///workdir/hadoop-ozone/integration-test/target/test-classes/webapps/static,AVAILABLE}
2019-10-12 10:02:12,668 [main] INFO  handler.ContextHandler (ContextHandler.java:doStart(781)) - Started o.e.j.w.WebAppContext@18f55704{/,file:///workdir/hadoop-ozone/integration-test/target/test-classes/webapps/scm/,AVAILABLE}{/scm}
2019-10-12 10:02:12,669 [main] INFO  server.AbstractConnector (AbstractConnector.java:doStart(278)) - Started ServerConnector@67cefd84{HTTP/1.1,[http/1.1]}{0.0.0.0:41390}
2019-10-12 10:02:12,669 [main] INFO  server.Server (Server.java:doStart(419)) - Started @49151ms
2019-10-12 10:02:12,670 [main] WARN  impl.MetricsSystemImpl (MetricsSystemImpl.java:register(276)) - Sink prometheus already exists!
2019-10-12 10:02:12,671 [main] INFO  server.BaseHttpServer (BaseHttpServer.java:updateConnectorAddress(215)) - HTTP server of SCM is listening at http://0.0.0.0:41390
2019-10-12 10:02:12,672 [main] WARN  server.ServerUtils (ServerUtils.java:getDBPath(222)) - ozone.om.db.dirs is not configured. We recommend adding this setting. Falling back to ozone.metadata.dirs instead.
2019-10-12 10:02:12,672 [org.apache.hadoop.util.JvmPauseMonitor$Monitor@6add8e3f] INFO  util.JvmPauseMonitor (JvmPauseMonitor.java:run(188)) - Starting JVM pause monitor
2019-10-12 10:02:12,686 [main] INFO  ha.OMHANodeDetails (OMHANodeDetails.java:loadOMHAConfig(190)) - Configuration either no ozone.om.address set. Falling back to the default OM address /127.0.0.1:0
2019-10-12 10:02:12,686 [main] INFO  ha.OMHANodeDetails (OMHANodeDetails.java:getOMNodeDetails(220)) - OM Service ID is not set. Setting it to the default ID: omServiceIdDefault
2019-10-12 10:02:12,686 [main] WARN  server.ServerUtils (ServerUtils.java:getDBPath(222)) - ozone.om.db.dirs is not configured. We recommend adding this setting. Falling back to ozone.metadata.dirs instead.
2019-10-12 10:02:12,687 [main] WARN  server.ServerUtils (ServerUtils.java:getDBPath(222)) - ozone.om.db.dirs is not configured. We recommend adding this setting. Falling back to ozone.metadata.dirs instead.
2019-10-12 10:02:12,697 [main] WARN  server.ServerUtils (ServerUtils.java:getDBPath(222)) - ozone.om.db.dirs is not configured. We recommend adding this setting. Falling back to ozone.metadata.dirs instead.
2019-10-12 10:02:12,698 [main] INFO  db.DBStoreBuilder (DBStoreBuilder.java:addTable(117)) - using custom profile for table: userTable
2019-10-12 10:02:12,698 [main] INFO  db.DBStoreBuilder (DBStoreBuilder.java:processTables(168)) - Using default column profile:DBProfile.DISK for Table:userTable
2019-10-12 10:02:12,698 [main] INFO  db.DBStoreBuilder (DBStoreBuilder.java:addTable(117)) - using custom profile for table: volumeTable
2019-10-12 10:02:12,699 [main] INFO  db.DBStoreBuilder (DBStoreBuilder.java:processTables(168)) - Using default column profile:DBProfile.DISK for Table:volumeTable
2019-10-12 10:02:12,699 [main] INFO  db.DBStoreBuilder (DBStoreBuilder.java:addTable(117)) - using custom profile for table: bucketTable
2019-10-12 10:02:12,699 [main] INFO  db.DBStoreBuilder (DBStoreBuilder.java:processTables(168)) - Using default column profile:DBProfile.DISK for Table:bucketTable
2019-10-12 10:02:12,699 [main] INFO  db.DBStoreBuilder (DBStoreBuilder.java:addTable(117)) - using custom profile for table: keyTable
2019-10-12 10:02:12,700 [main] INFO  db.DBStoreBuilder (DBStoreBuilder.java:processTables(168)) - Using default column profile:DBProfile.DISK for Table:keyTable
2019-10-12 10:02:12,700 [main] INFO  db.DBStoreBuilder (DBStoreBuilder.java:addTable(117)) - using custom profile for table: deletedTable
2019-10-12 10:02:12,700 [main] INFO  db.DBStoreBuilder (DBStoreBuilder.java:processTables(168)) - Using default column profile:DBProfile.DISK for Table:deletedTable
2019-10-12 10:02:12,701 [main] INFO  db.DBStoreBuilder (DBStoreBuilder.java:addTable(117)) - using custom profile for table: openKeyTable
2019-10-12 10:02:12,701 [main] INFO  db.DBStoreBuilder (DBStoreBuilder.java:processTables(168)) - Using default column profile:DBProfile.DISK for Table:openKeyTable
2019-10-12 10:02:12,701 [main] INFO  db.DBStoreBuilder (DBStoreBuilder.java:addTable(117)) - using custom profile for table: s3Table
2019-10-12 10:02:12,701 [main] INFO  db.DBStoreBuilder (DBStoreBuilder.java:processTables(168)) - Using default column profile:DBProfile.DISK for Table:s3Table
2019-10-12 10:02:12,702 [main] INFO  db.DBStoreBuilder (DBStoreBuilder.java:addTable(117)) - using custom profile for table: multipartInfoTable
2019-10-12 10:02:12,702 [main] INFO  db.DBStoreBuilder (DBStoreBuilder.java:processTables(168)) - Using default column profile:DBProfile.DISK for Table:multipartInfoTable
2019-10-12 10:02:12,702 [main] INFO  db.DBStoreBuilder (DBStoreBuilder.java:addTable(117)) - using custom profile for table: dTokenTable
2019-10-12 10:02:12,702 [main] INFO  db.DBStoreBuilder (DBStoreBuilder.java:processTables(168)) - Using default column profile:DBProfile.DISK for Table:dTokenTable
2019-10-12 10:02:12,703 [main] INFO  db.DBStoreBuilder (DBStoreBuilder.java:addTable(117)) - using custom profile for table: s3SecretTable
2019-10-12 10:02:12,703 [main] INFO  db.DBStoreBuilder (DBStoreBuilder.java:processTables(168)) - Using default column profile:DBProfile.DISK for Table:s3SecretTable
2019-10-12 10:02:12,703 [main] INFO  db.DBStoreBuilder (DBStoreBuilder.java:addTable(117)) - using custom profile for table: prefixTable
2019-10-12 10:02:12,703 [main] INFO  db.DBStoreBuilder (DBStoreBuilder.java:processTables(168)) - Using default column profile:DBProfile.DISK for Table:prefixTable
2019-10-12 10:02:12,703 [main] INFO  db.DBStoreBuilder (DBStoreBuilder.java:addTable(117)) - using custom profile for table: default
2019-10-12 10:02:12,704 [main] INFO  db.DBStoreBuilder (DBStoreBuilder.java:processTables(174)) - Using default column profile:DBProfile.DISK for Table:default
2019-10-12 10:02:12,704 [main] INFO  db.DBStoreBuilder (DBStoreBuilder.java:getDbProfile(205)) - Using default options. DBProfile.DISK
2019-10-12 10:02:13,243 [main] INFO  ipc.CallQueueManager (CallQueueManager.java:<init>(84)) - Using callQueue: class java.util.concurrent.LinkedBlockingQueue, queueCapacity: 2000, scheduler: class org.apache.hadoop.ipc.DefaultRpcScheduler, ipcBackoff: false.
2019-10-12 10:02:13,245 [Socket Reader #1 for port 44235] INFO  ipc.Server (Server.java:run(1074)) - Starting Socket Reader #1 for port 44235
2019-10-12 10:02:13,270 [main] INFO  om.OzoneManager (OzoneManager.java:start(1071)) - OzoneManager RPC server is listening at localhost/127.0.0.1:44235
2019-10-12 10:02:13,270 [main] INFO  impl.MetricsSystemImpl (MetricsSystemImpl.java:init(158)) - OzoneManager metrics system started (again)
2019-10-12 10:02:13,272 [IPC Server Responder] INFO  ipc.Server (Server.java:run(1314)) - IPC Server Responder: starting
2019-10-12 10:02:13,273 [IPC Server listener on 44235] INFO  ipc.Server (Server.java:run(1153)) - IPC Server listener on 44235: starting
2019-10-12 10:02:13,280 [main] INFO  hdfs.DFSUtil (DFSUtil.java:httpServerTemplateForNNAndJN(1641)) - Starting Web-server for ozoneManager at: http://0.0.0.0:0
2019-10-12 10:02:13,283 [main] INFO  server.AuthenticationFilter (AuthenticationFilter.java:constructSecretProvider(240)) - Unable to initialize FileSignerSecretProvider, falling back to use random secrets.
2019-10-12 10:02:13,284 [main] WARN  http.HttpRequestLog (HttpRequestLog.java:getRequestLog(97)) - Jetty request log can only be enabled using Log4j
2019-10-12 10:02:13,286 [main] INFO  http.HttpServer2 (HttpServer2.java:addGlobalFilter(975)) - Added global filter 'safety' (class=org.apache.hadoop.http.HttpServer2$QuotingInputFilter)
2019-10-12 10:02:13,287 [main] INFO  http.HttpServer2 (HttpServer2.java:addFilter(948)) - Added filter static_user_filter (class=org.apache.hadoop.http.lib.StaticUserWebFilter$StaticUserFilter) to context ozoneManager
2019-10-12 10:02:13,288 [main] INFO  http.HttpServer2 (HttpServer2.java:addFilter(958)) - Added filter static_user_filter (class=org.apache.hadoop.http.lib.StaticUserWebFilter$StaticUserFilter) to context logs
2019-10-12 10:02:13,288 [main] INFO  http.HttpServer2 (HttpServer2.java:addFilter(958)) - Added filter static_user_filter (class=org.apache.hadoop.http.lib.StaticUserWebFilter$StaticUserFilter) to context static
2019-10-12 10:02:13,289 [main] INFO  http.HttpServer2 (HttpServer2.java:bindListener(1191)) - Jetty bound to port 38211
2019-10-12 10:02:13,289 [main] INFO  server.Server (Server.java:doStart(351)) - jetty-9.3.25.v20180904, build timestamp: 2018-09-04T21:11:46Z, git hash: 3ce520221d0240229c862b122d2b06c12a625732
2019-10-12 10:02:13,291 [main] INFO  handler.ContextHandler (ContextHandler.java:doStart(781)) - Started o.e.j.s.ServletContextHandler@541179e7{/logs,file:///workdir/hadoop-ozone/integration-test/target/log,AVAILABLE}
2019-10-12 10:02:13,292 [main] INFO  handler.ContextHandler (ContextHandler.java:doStart(781)) - Started o.e.j.s.ServletContextHandler@7b32b129{/static,file:///workdir/hadoop-ozone/integration-test/target/test-classes/webapps/static,AVAILABLE}
2019-10-12 10:02:13,298 [main] INFO  handler.ContextHandler (ContextHandler.java:doStart(781)) - Started o.e.j.w.WebAppContext@123d7057{/,file:///workdir/hadoop-ozone/integration-test/target/test-classes/webapps/ozoneManager/,AVAILABLE}{/ozoneManager}
2019-10-12 10:02:13,299 [main] INFO  server.AbstractConnector (AbstractConnector.java:doStart(278)) - Started ServerConnector@1d247525{HTTP/1.1,[http/1.1]}{0.0.0.0:38211}
2019-10-12 10:02:13,300 [main] INFO  server.Server (Server.java:doStart(419)) - Started @49781ms
2019-10-12 10:02:13,300 [main] WARN  impl.MetricsSystemImpl (MetricsSystemImpl.java:register(276)) - Sink prometheus already exists!
2019-10-12 10:02:13,301 [main] INFO  server.BaseHttpServer (BaseHttpServer.java:updateConnectorAddress(215)) - HTTP server of OZONEMANAGER is listening at http://0.0.0.0:38211
2019-10-12 10:02:13,312 [main] INFO  impl.MetricsSystemImpl (MetricsSystemImpl.java:init(158)) - HddsDatanode metrics system started (again)
2019-10-12 10:02:13,314 [main] INFO  ozone.HddsDatanodeService (HddsDatanodeService.java:start(184)) - HddsDatanodeService host:pr-hdds-2034-qjlc4-3656631144 ip:192.168.5.134
2019-10-12 10:02:13,321 [main] INFO  volume.HddsVolume (HddsVolume.java:<init>(176)) - Creating Volume: /workdir/hadoop-ozone/integration-test/target/test-dir/MiniOzoneClusterImpl-6a1a5177-142d-45ca-a3ae-ca7983fa4e43/datanode-0/data/containers/hdds of  storage type : DISK and capacity : 1482555576320
2019-10-12 10:02:13,322 [main] INFO  volume.VolumeSet (VolumeSet.java:initializeVolumeSet(170)) - Added Volume : /workdir/hadoop-ozone/integration-test/target/test-dir/MiniOzoneClusterImpl-6a1a5177-142d-45ca-a3ae-ca7983fa4e43/datanode-0/data/containers/hdds to VolumeSet
2019-10-12 10:02:13,322 [main] INFO  volume.ThrottledAsyncChecker (ThrottledAsyncChecker.java:schedule(141)) - Scheduling a check for org.apache.hadoop.ozone.container.common.volume.HddsVolume@61bcbcce
2019-10-12 10:02:13,323 [main] INFO  volume.HddsVolumeChecker (HddsVolumeChecker.java:checkAllVolumes(204)) - Scheduled health check for volume org.apache.hadoop.ozone.container.common.volume.HddsVolume@61bcbcce
2019-10-12 10:02:13,340 [main] INFO  impl.RaftServerProxy (ConfUtils.java:logGet(43)) - raft.rpc.type = GRPC (default)
2019-10-12 10:02:13,340 [main] INFO  grpc.GrpcFactory (GrpcFactory.java:checkPooledByteBufAllocatorUseCacheForAllThreads(45)) - PERFORMANCE WARNING: useCacheForAllThreads is true that may cause Netty to create a lot garbage objects and, as a result, trigger GC.
	It is recommended to disable useCacheForAllThreads by setting -Dorg.apache.ratis.thirdparty.io.netty.allocator.useCacheForAllThreads=false in command line.
2019-10-12 10:02:13,340 [main] INFO  grpc.GrpcConfigKeys$Server (ConfUtils.java:logGet(43)) - raft.grpc.server.port = 0 (default)
2019-10-12 10:02:13,341 [main] INFO  server.GrpcService (ConfUtils.java:logGet(43)) - raft.grpc.message.size.max = 33570816 (custom)
2019-10-12 10:02:13,341 [main] INFO  server.RaftServerConfigKeys (ConfUtils.java:logGet(43)) - raft.server.log.appender.buffer.byte-limit = 33554432 (custom)
2019-10-12 10:02:13,341 [main] INFO  server.GrpcService (ConfUtils.java:logGet(43)) - raft.grpc.flow.control.window = 1MB (=1048576) (default)
2019-10-12 10:02:13,341 [main] INFO  server.RaftServerConfigKeys (ConfUtils.java:logGet(43)) - raft.server.rpc.request.timeout = 3000ms (default)
2019-10-12 10:02:13,342 [main] INFO  server.RaftServerConfigKeys (ConfUtils.java:logGet(43)) - raft.server.storage.dir = [/workdir/hadoop-ozone/integration-test/target/test-dir/MiniOzoneClusterImpl-6a1a5177-142d-45ca-a3ae-ca7983fa4e43/datanode-0/data/ratis] (custom)
2019-10-12 10:02:13,344 [main] INFO  hdfs.DFSUtil (DFSUtil.java:httpServerTemplateForNNAndJN(1641)) - Starting Web-server for hddsDatanode at: http://0.0.0.0:0
2019-10-12 10:02:13,346 [main] INFO  server.AuthenticationFilter (AuthenticationFilter.java:constructSecretProvider(240)) - Unable to initialize FileSignerSecretProvider, falling back to use random secrets.
2019-10-12 10:02:13,346 [main] WARN  http.HttpRequestLog (HttpRequestLog.java:getRequestLog(97)) - Jetty request log can only be enabled using Log4j
2019-10-12 10:02:13,348 [main] INFO  http.HttpServer2 (HttpServer2.java:addGlobalFilter(975)) - Added global filter 'safety' (class=org.apache.hadoop.http.HttpServer2$QuotingInputFilter)
2019-10-12 10:02:13,349 [main] INFO  http.HttpServer2 (HttpServer2.java:addFilter(948)) - Added filter static_user_filter (class=org.apache.hadoop.http.lib.StaticUserWebFilter$StaticUserFilter) to context hddsDatanode
2019-10-12 10:02:13,349 [main] INFO  http.HttpServer2 (HttpServer2.java:addFilter(958)) - Added filter static_user_filter (class=org.apache.hadoop.http.lib.StaticUserWebFilter$StaticUserFilter) to context static
2019-10-12 10:02:13,349 [main] INFO  http.HttpServer2 (HttpServer2.java:addFilter(958)) - Added filter static_user_filter (class=org.apache.hadoop.http.lib.StaticUserWebFilter$StaticUserFilter) to context logs
2019-10-12 10:02:13,350 [main] INFO  http.HttpServer2 (HttpServer2.java:bindListener(1191)) - Jetty bound to port 37899
2019-10-12 10:02:13,350 [main] INFO  server.Server (Server.java:doStart(351)) - jetty-9.3.25.v20180904, build timestamp: 2018-09-04T21:11:46Z, git hash: 3ce520221d0240229c862b122d2b06c12a625732
2019-10-12 10:02:13,352 [main] INFO  handler.ContextHandler (ContextHandler.java:doStart(781)) - Started o.e.j.s.ServletContextHandler@69afa141{/logs,file:///workdir/hadoop-ozone/integration-test/target/log,AVAILABLE}
2019-10-12 10:02:13,353 [main] INFO  handler.ContextHandler (ContextHandler.java:doStart(781)) - Started o.e.j.s.ServletContextHandler@643d2dae{/static,jar:file:/home/user/.m2/repository/org/apache/hadoop/hadoop-hdds-container-service/0.5.0-SNAPSHOT/hadoop-hdds-container-service-0.5.0-SNAPSHOT.jar!/webapps/static,AVAILABLE}
2019-10-12 10:02:13,398 [main] INFO  handler.ContextHandler (ContextHandler.java:doStart(781)) - Started o.e.j.w.WebAppContext@3b705be7{/,file:///tmp/jetty-0.0.0.0-37899-hddsDatanode-_-any-6149567402154019901.dir/webapp/,AVAILABLE}{/hddsDatanode}
2019-10-12 10:02:13,398 [main] INFO  server.AbstractConnector (AbstractConnector.java:doStart(278)) - Started ServerConnector@3a790e40{HTTP/1.1,[http/1.1]}{0.0.0.0:37899}
2019-10-12 10:02:13,400 [main] INFO  server.Server (Server.java:doStart(419)) - Started @49881ms
2019-10-12 10:02:13,400 [main] WARN  impl.MetricsSystemImpl (MetricsSystemImpl.java:register(276)) - Sink prometheus already exists!
2019-10-12 10:02:13,401 [main] INFO  server.BaseHttpServer (BaseHttpServer.java:updateConnectorAddress(215)) - HTTP server of HDDSDATANODE is listening at http://0.0.0.0:37899
2019-10-12 10:02:13,402 [main] INFO  impl.MetricsSystemImpl (MetricsSystemImpl.java:init(158)) - HddsDatanode metrics system started (again)
2019-10-12 10:02:13,404 [org.apache.hadoop.util.JvmPauseMonitor$Monitor@3ff691a3] INFO  util.JvmPauseMonitor (JvmPauseMonitor.java:run(188)) - Starting JVM pause monitor
2019-10-12 10:02:13,404 [main] INFO  ozone.HddsDatanodeService (HddsDatanodeService.java:start(184)) - HddsDatanodeService host:pr-hdds-2034-qjlc4-3656631144 ip:192.168.5.134
2019-10-12 10:02:13,407 [Datanode State Machine Thread - 0] INFO  datanode.InitDatanodeState (InitDatanodeState.java:persistContainerDatanodeDetails(140)) - DatanodeDetails is persisted to /workdir/hadoop-ozone/integration-test/target/test-dir/MiniOzoneClusterImpl-6a1a5177-142d-45ca-a3ae-ca7983fa4e43/datanode-0/meta/datanode.id
2019-10-12 10:02:13,410 [main] INFO  volume.HddsVolume (HddsVolume.java:<init>(176)) - Creating Volume: /workdir/hadoop-ozone/integration-test/target/test-dir/MiniOzoneClusterImpl-6a1a5177-142d-45ca-a3ae-ca7983fa4e43/datanode-1/data/containers/hdds of  storage type : DISK and capacity : 1482555576320
2019-10-12 10:02:13,410 [main] INFO  volume.VolumeSet (VolumeSet.java:initializeVolumeSet(170)) - Added Volume : /workdir/hadoop-ozone/integration-test/target/test-dir/MiniOzoneClusterImpl-6a1a5177-142d-45ca-a3ae-ca7983fa4e43/datanode-1/data/containers/hdds to VolumeSet
2019-10-12 10:02:13,411 [main] INFO  volume.ThrottledAsyncChecker (ThrottledAsyncChecker.java:schedule(141)) - Scheduling a check for org.apache.hadoop.ozone.container.common.volume.HddsVolume@1f67761b
2019-10-12 10:02:13,411 [main] INFO  volume.HddsVolumeChecker (HddsVolumeChecker.java:checkAllVolumes(204)) - Scheduled health check for volume org.apache.hadoop.ozone.container.common.volume.HddsVolume@1f67761b
2019-10-12 10:02:13,425 [main] INFO  impl.RaftServerProxy (ConfUtils.java:logGet(43)) - raft.rpc.type = GRPC (default)
2019-10-12 10:02:13,425 [main] INFO  grpc.GrpcFactory (GrpcFactory.java:checkPooledByteBufAllocatorUseCacheForAllThreads(45)) - PERFORMANCE WARNING: useCacheForAllThreads is true that may cause Netty to create a lot garbage objects and, as a result, trigger GC.
	It is recommended to disable useCacheForAllThreads by setting -Dorg.apache.ratis.thirdparty.io.netty.allocator.useCacheForAllThreads=false in command line.
2019-10-12 10:02:13,425 [main] INFO  grpc.GrpcConfigKeys$Server (ConfUtils.java:logGet(43)) - raft.grpc.server.port = 0 (default)
2019-10-12 10:02:13,426 [main] INFO  server.GrpcService (ConfUtils.java:logGet(43)) - raft.grpc.message.size.max = 33570816 (custom)
2019-10-12 10:02:13,426 [main] INFO  server.RaftServerConfigKeys (ConfUtils.java:logGet(43)) - raft.server.log.appender.buffer.byte-limit = 33554432 (custom)
2019-10-12 10:02:13,426 [main] INFO  server.GrpcService (ConfUtils.java:logGet(43)) - raft.grpc.flow.control.window = 1MB (=1048576) (default)
2019-10-12 10:02:13,426 [main] INFO  server.RaftServerConfigKeys (ConfUtils.java:logGet(43)) - raft.server.rpc.request.timeout = 3000ms (default)
2019-10-12 10:02:13,427 [main] INFO  server.RaftServerConfigKeys (ConfUtils.java:logGet(43)) - raft.server.storage.dir = [/workdir/hadoop-ozone/integration-test/target/test-dir/MiniOzoneClusterImpl-6a1a5177-142d-45ca-a3ae-ca7983fa4e43/datanode-1/data/ratis] (custom)
2019-10-12 10:02:13,428 [main] INFO  hdfs.DFSUtil (DFSUtil.java:httpServerTemplateForNNAndJN(1641)) - Starting Web-server for hddsDatanode at: http://0.0.0.0:0
2019-10-12 10:02:13,430 [main] INFO  server.AuthenticationFilter (AuthenticationFilter.java:constructSecretProvider(240)) - Unable to initialize FileSignerSecretProvider, falling back to use random secrets.
2019-10-12 10:02:13,432 [main] WARN  http.HttpRequestLog (HttpRequestLog.java:getRequestLog(97)) - Jetty request log can only be enabled using Log4j
2019-10-12 10:02:13,434 [main] INFO  http.HttpServer2 (HttpServer2.java:addGlobalFilter(975)) - Added global filter 'safety' (class=org.apache.hadoop.http.HttpServer2$QuotingInputFilter)
2019-10-12 10:02:13,435 [main] INFO  http.HttpServer2 (HttpServer2.java:addFilter(948)) - Added filter static_user_filter (class=org.apache.hadoop.http.lib.StaticUserWebFilter$StaticUserFilter) to context hddsDatanode
2019-10-12 10:02:13,435 [main] INFO  http.HttpServer2 (HttpServer2.java:addFilter(958)) - Added filter static_user_filter (class=org.apache.hadoop.http.lib.StaticUserWebFilter$StaticUserFilter) to context static
2019-10-12 10:02:13,435 [main] INFO  http.HttpServer2 (HttpServer2.java:addFilter(958)) - Added filter static_user_filter (class=org.apache.hadoop.http.lib.StaticUserWebFilter$StaticUserFilter) to context logs
2019-10-12 10:02:13,436 [main] INFO  http.HttpServer2 (HttpServer2.java:bindListener(1191)) - Jetty bound to port 43610
2019-10-12 10:02:13,436 [main] INFO  server.Server (Server.java:doStart(351)) - jetty-9.3.25.v20180904, build timestamp: 2018-09-04T21:11:46Z, git hash: 3ce520221d0240229c862b122d2b06c12a625732
2019-10-12 10:02:13,438 [main] INFO  handler.ContextHandler (ContextHandler.java:doStart(781)) - Started o.e.j.s.ServletContextHandler@56b859a6{/logs,file:///workdir/hadoop-ozone/integration-test/target/log,AVAILABLE}
2019-10-12 10:02:13,439 [main] INFO  handler.ContextHandler (ContextHandler.java:doStart(781)) - Started o.e.j.s.ServletContextHandler@42aae04d{/static,jar:file:/home/user/.m2/repository/org/apache/hadoop/hadoop-hdds-container-service/0.5.0-SNAPSHOT/hadoop-hdds-container-service-0.5.0-SNAPSHOT.jar!/webapps/static,AVAILABLE}
2019-10-12 10:02:13,470 [main] INFO  handler.ContextHandler (ContextHandler.java:doStart(781)) - Started o.e.j.w.WebAppContext@54755dd9{/,file:///tmp/jetty-0.0.0.0-43610-hddsDatanode-_-any-6127345849920168198.dir/webapp/,AVAILABLE}{/hddsDatanode}
2019-10-12 10:02:13,471 [main] INFO  server.AbstractConnector (AbstractConnector.java:doStart(278)) - Started ServerConnector@f1f7db2{HTTP/1.1,[http/1.1]}{0.0.0.0:43610}
2019-10-12 10:02:13,472 [main] INFO  server.Server (Server.java:doStart(419)) - Started @49953ms
2019-10-12 10:02:13,472 [main] WARN  impl.MetricsSystemImpl (MetricsSystemImpl.java:register(276)) - Sink prometheus already exists!
2019-10-12 10:02:13,473 [main] INFO  server.BaseHttpServer (BaseHttpServer.java:updateConnectorAddress(215)) - HTTP server of HDDSDATANODE is listening at http://0.0.0.0:43610
2019-10-12 10:02:13,473 [main] INFO  impl.MetricsSystemImpl (MetricsSystemImpl.java:init(158)) - HddsDatanode metrics system started (again)
2019-10-12 10:02:13,476 [org.apache.hadoop.util.JvmPauseMonitor$Monitor@35c4a8b] INFO  util.JvmPauseMonitor (JvmPauseMonitor.java:run(188)) - Starting JVM pause monitor
2019-10-12 10:02:13,477 [main] INFO  ozone.HddsDatanodeService (HddsDatanodeService.java:start(184)) - HddsDatanodeService host:pr-hdds-2034-qjlc4-3656631144 ip:192.168.5.134
2019-10-12 10:02:13,479 [Datanode State Machine Thread - 0] INFO  datanode.InitDatanodeState (InitDatanodeState.java:persistContainerDatanodeDetails(140)) - DatanodeDetails is persisted to /workdir/hadoop-ozone/integration-test/target/test-dir/MiniOzoneClusterImpl-6a1a5177-142d-45ca-a3ae-ca7983fa4e43/datanode-1/meta/datanode.id
2019-10-12 10:02:13,484 [main] INFO  volume.HddsVolume (HddsVolume.java:<init>(176)) - Creating Volume: /workdir/hadoop-ozone/integration-test/target/test-dir/MiniOzoneClusterImpl-6a1a5177-142d-45ca-a3ae-ca7983fa4e43/datanode-2/data/containers/hdds of  storage type : DISK and capacity : 1482555576320
2019-10-12 10:02:13,484 [main] INFO  volume.VolumeSet (VolumeSet.java:initializeVolumeSet(170)) - Added Volume : /workdir/hadoop-ozone/integration-test/target/test-dir/MiniOzoneClusterImpl-6a1a5177-142d-45ca-a3ae-ca7983fa4e43/datanode-2/data/containers/hdds to VolumeSet
2019-10-12 10:02:13,485 [main] INFO  volume.ThrottledAsyncChecker (ThrottledAsyncChecker.java:schedule(141)) - Scheduling a check for org.apache.hadoop.ozone.container.common.volume.HddsVolume@3d1f558a
2019-10-12 10:02:13,485 [main] INFO  volume.HddsVolumeChecker (HddsVolumeChecker.java:checkAllVolumes(204)) - Scheduled health check for volume org.apache.hadoop.ozone.container.common.volume.HddsVolume@3d1f558a
2019-10-12 10:02:13,502 [main] INFO  impl.RaftServerProxy (ConfUtils.java:logGet(43)) - raft.rpc.type = GRPC (default)
2019-10-12 10:02:13,502 [main] INFO  grpc.GrpcFactory (GrpcFactory.java:checkPooledByteBufAllocatorUseCacheForAllThreads(45)) - PERFORMANCE WARNING: useCacheForAllThreads is true that may cause Netty to create a lot garbage objects and, as a result, trigger GC.
	It is recommended to disable useCacheForAllThreads by setting -Dorg.apache.ratis.thirdparty.io.netty.allocator.useCacheForAllThreads=false in command line.
2019-10-12 10:02:13,502 [main] INFO  grpc.GrpcConfigKeys$Server (ConfUtils.java:logGet(43)) - raft.grpc.server.port = 0 (default)
2019-10-12 10:02:13,502 [main] INFO  server.GrpcService (ConfUtils.java:logGet(43)) - raft.grpc.message.size.max = 33570816 (custom)
2019-10-12 10:02:13,503 [main] INFO  server.RaftServerConfigKeys (ConfUtils.java:logGet(43)) - raft.server.log.appender.buffer.byte-limit = 33554432 (custom)
2019-10-12 10:02:13,503 [main] INFO  server.GrpcService (ConfUtils.java:logGet(43)) - raft.grpc.flow.control.window = 1MB (=1048576) (default)
2019-10-12 10:02:13,503 [main] INFO  server.RaftServerConfigKeys (ConfUtils.java:logGet(43)) - raft.server.rpc.request.timeout = 3000ms (default)
2019-10-12 10:02:13,504 [main] INFO  server.RaftServerConfigKeys (ConfUtils.java:logGet(43)) - raft.server.storage.dir = [/workdir/hadoop-ozone/integration-test/target/test-dir/MiniOzoneClusterImpl-6a1a5177-142d-45ca-a3ae-ca7983fa4e43/datanode-2/data/ratis] (custom)
2019-10-12 10:02:13,505 [main] INFO  hdfs.DFSUtil (DFSUtil.java:httpServerTemplateForNNAndJN(1641)) - Starting Web-server for hddsDatanode at: http://0.0.0.0:0
2019-10-12 10:02:13,507 [main] INFO  server.AuthenticationFilter (AuthenticationFilter.java:constructSecretProvider(240)) - Unable to initialize FileSignerSecretProvider, falling back to use random secrets.
2019-10-12 10:02:13,507 [main] WARN  http.HttpRequestLog (HttpRequestLog.java:getRequestLog(97)) - Jetty request log can only be enabled using Log4j
2019-10-12 10:02:13,509 [main] INFO  http.HttpServer2 (HttpServer2.java:addGlobalFilter(975)) - Added global filter 'safety' (class=org.apache.hadoop.http.HttpServer2$QuotingInputFilter)
2019-10-12 10:02:13,510 [main] INFO  http.HttpServer2 (HttpServer2.java:addFilter(948)) - Added filter static_user_filter (class=org.apache.hadoop.http.lib.StaticUserWebFilter$StaticUserFilter) to context hddsDatanode
2019-10-12 10:02:13,510 [main] INFO  http.HttpServer2 (HttpServer2.java:addFilter(958)) - Added filter static_user_filter (class=org.apache.hadoop.http.lib.StaticUserWebFilter$StaticUserFilter) to context logs
2019-10-12 10:02:13,510 [main] INFO  http.HttpServer2 (HttpServer2.java:addFilter(958)) - Added filter static_user_filter (class=org.apache.hadoop.http.lib.StaticUserWebFilter$StaticUserFilter) to context static
2019-10-12 10:02:13,511 [main] INFO  http.HttpServer2 (HttpServer2.java:bindListener(1191)) - Jetty bound to port 41499
2019-10-12 10:02:13,511 [main] INFO  server.Server (Server.java:doStart(351)) - jetty-9.3.25.v20180904, build timestamp: 2018-09-04T21:11:46Z, git hash: 3ce520221d0240229c862b122d2b06c12a625732
2019-10-12 10:02:13,513 [main] INFO  handler.ContextHandler (ContextHandler.java:doStart(781)) - Started o.e.j.s.ServletContextHandler@44fff386{/logs,file:///workdir/hadoop-ozone/integration-test/target/log,AVAILABLE}
2019-10-12 10:02:13,514 [main] INFO  handler.ContextHandler (ContextHandler.java:doStart(781)) - Started o.e.j.s.ServletContextHandler@7301eebe{/static,jar:file:/home/user/.m2/repository/org/apache/hadoop/hadoop-hdds-container-service/0.5.0-SNAPSHOT/hadoop-hdds-container-service-0.5.0-SNAPSHOT.jar!/webapps/static,AVAILABLE}
2019-10-12 10:02:13,546 [main] INFO  handler.ContextHandler (ContextHandler.java:doStart(781)) - Started o.e.j.w.WebAppContext@290e8cab{/,file:///tmp/jetty-0.0.0.0-41499-hddsDatanode-_-any-8614030922783149999.dir/webapp/,AVAILABLE}{/hddsDatanode}
2019-10-12 10:02:13,546 [main] INFO  server.AbstractConnector (AbstractConnector.java:doStart(278)) - Started ServerConnector@6e3ecf5c{HTTP/1.1,[http/1.1]}{0.0.0.0:41499}
2019-10-12 10:02:13,548 [main] INFO  server.Server (Server.java:doStart(419)) - Started @50030ms
2019-10-12 10:02:13,549 [main] WARN  impl.MetricsSystemImpl (MetricsSystemImpl.java:register(276)) - Sink prometheus already exists!
2019-10-12 10:02:13,549 [main] INFO  server.BaseHttpServer (BaseHttpServer.java:updateConnectorAddress(215)) - HTTP server of HDDSDATANODE is listening at http://0.0.0.0:41499
2019-10-12 10:02:13,550 [main] INFO  ozone.MiniOzoneClusterImpl (MiniOzoneClusterImpl.java:lambda$waitForClusterToBeReady$0(149)) - Waiting for nodes to be ready. Got 0 of 3 DN Heartbeats.
2019-10-12 10:02:13,550 [main] INFO  ozone.MiniOzoneClusterImpl (MiniOzoneClusterImpl.java:lambda$waitForClusterToBeReady$0(152)) - Waiting for cluster to exit safe mode
2019-10-12 10:02:13,551 [org.apache.hadoop.util.JvmPauseMonitor$Monitor@68dda73e] INFO  util.JvmPauseMonitor (JvmPauseMonitor.java:run(188)) - Starting JVM pause monitor
2019-10-12 10:02:13,554 [Datanode State Machine Thread - 0] INFO  datanode.InitDatanodeState (InitDatanodeState.java:persistContainerDatanodeDetails(140)) - DatanodeDetails is persisted to /workdir/hadoop-ozone/integration-test/target/test-dir/MiniOzoneClusterImpl-6a1a5177-142d-45ca-a3ae-ca7983fa4e43/datanode-2/meta/datanode.id
2019-10-12 10:02:14,550 [main] INFO  ozone.MiniOzoneClusterImpl (MiniOzoneClusterImpl.java:lambda$waitForClusterToBeReady$0(149)) - Waiting for nodes to be ready. Got 0 of 3 DN Heartbeats.
2019-10-12 10:02:14,551 [main] INFO  ozone.MiniOzoneClusterImpl (MiniOzoneClusterImpl.java:lambda$waitForClusterToBeReady$0(152)) - Waiting for cluster to exit safe mode
2019-10-12 10:02:15,425 [Datanode State Machine Thread - 0] INFO  ozoneimpl.OzoneContainer (OzoneContainer.java:start(213)) - Attempting to start container services.
2019-10-12 10:02:15,426 [Datanode State Machine Thread - 0] INFO  ozoneimpl.OzoneContainer (OzoneContainer.java:startContainerScrub(177)) - Background container scanner has been disabled.
2019-10-12 10:02:15,426 [Datanode State Machine Thread - 0] INFO  ratis.XceiverServerRatis (XceiverServerRatis.java:start(419)) - Starting XceiverServerRatis 2462678a-718a-4e8d-88df-884cdbd5ce23 at port 0
2019-10-12 10:02:15,433 [Datanode State Machine Thread - 0] INFO  impl.RaftServerProxy (RaftServerProxy.java:lambda$start$3(299)) - 2462678a-718a-4e8d-88df-884cdbd5ce23: start RPC server
2019-10-12 10:02:15,440 [Datanode State Machine Thread - 0] INFO  server.GrpcService (GrpcService.java:startImpl(158)) - 2462678a-718a-4e8d-88df-884cdbd5ce23: GrpcService started, listening on 0.0.0.0/0.0.0.0:33229
2019-10-12 10:02:15,440 [Datanode State Machine Thread - 0] INFO  ratis.XceiverServerRatis (XceiverServerRatis.java:start(429)) - XceiverServerRatis 2462678a-718a-4e8d-88df-884cdbd5ce23 is started using port 33229
2019-10-12 10:02:15,443 [Datanode State Machine Thread - 0] INFO  server.XceiverServerGrpc (XceiverServerGrpc.java:start(149)) - XceiverServerGrpc 2462678a-718a-4e8d-88df-884cdbd5ce23 is started using port 41425
2019-10-12 10:02:15,495 [Datanode State Machine Thread - 0] INFO  ozoneimpl.OzoneContainer (OzoneContainer.java:start(213)) - Attempting to start container services.
2019-10-12 10:02:15,496 [Datanode State Machine Thread - 0] INFO  ozoneimpl.OzoneContainer (OzoneContainer.java:startContainerScrub(177)) - Background container scanner has been disabled.
2019-10-12 10:02:15,496 [Datanode State Machine Thread - 0] INFO  ratis.XceiverServerRatis (XceiverServerRatis.java:start(419)) - Starting XceiverServerRatis 5e92d7a2-3fd9-439a-8cdd-dcb17af043b6 at port 0
2019-10-12 10:02:15,503 [Datanode State Machine Thread - 0] INFO  impl.RaftServerProxy (RaftServerProxy.java:lambda$start$3(299)) - 5e92d7a2-3fd9-439a-8cdd-dcb17af043b6: start RPC server
2019-10-12 10:02:15,506 [Datanode State Machine Thread - 0] INFO  server.GrpcService (GrpcService.java:startImpl(158)) - 5e92d7a2-3fd9-439a-8cdd-dcb17af043b6: GrpcService started, listening on 0.0.0.0/0.0.0.0:35903
2019-10-12 10:02:15,506 [Datanode State Machine Thread - 0] INFO  ratis.XceiverServerRatis (XceiverServerRatis.java:start(429)) - XceiverServerRatis 5e92d7a2-3fd9-439a-8cdd-dcb17af043b6 is started using port 35903
2019-10-12 10:02:15,513 [Datanode State Machine Thread - 0] INFO  server.XceiverServerGrpc (XceiverServerGrpc.java:start(149)) - XceiverServerGrpc 5e92d7a2-3fd9-439a-8cdd-dcb17af043b6 is started using port 36535
2019-10-12 10:02:15,551 [main] INFO  ozone.MiniOzoneClusterImpl (MiniOzoneClusterImpl.java:lambda$waitForClusterToBeReady$0(149)) - Waiting for nodes to be ready. Got 0 of 3 DN Heartbeats.
2019-10-12 10:02:15,552 [main] INFO  ozone.MiniOzoneClusterImpl (MiniOzoneClusterImpl.java:lambda$waitForClusterToBeReady$0(152)) - Waiting for cluster to exit safe mode
2019-10-12 10:02:15,567 [Datanode State Machine Thread - 0] INFO  ozoneimpl.OzoneContainer (OzoneContainer.java:start(213)) - Attempting to start container services.
2019-10-12 10:02:15,567 [Datanode State Machine Thread - 0] INFO  ozoneimpl.OzoneContainer (OzoneContainer.java:startContainerScrub(177)) - Background container scanner has been disabled.
2019-10-12 10:02:15,567 [Datanode State Machine Thread - 0] INFO  ratis.XceiverServerRatis (XceiverServerRatis.java:start(419)) - Starting XceiverServerRatis 58dcbc52-a83b-4380-9235-78c1f3240b4d at port 0
2019-10-12 10:02:15,575 [Datanode State Machine Thread - 0] INFO  impl.RaftServerProxy (RaftServerProxy.java:lambda$start$3(299)) - 58dcbc52-a83b-4380-9235-78c1f3240b4d: start RPC server
2019-10-12 10:02:15,577 [Datanode State Machine Thread - 0] INFO  server.GrpcService (GrpcService.java:startImpl(158)) - 58dcbc52-a83b-4380-9235-78c1f3240b4d: GrpcService started, listening on 0.0.0.0/0.0.0.0:44432
2019-10-12 10:02:15,577 [Datanode State Machine Thread - 0] INFO  ratis.XceiverServerRatis (XceiverServerRatis.java:start(429)) - XceiverServerRatis 58dcbc52-a83b-4380-9235-78c1f3240b4d is started using port 44432
2019-10-12 10:02:15,579 [Datanode State Machine Thread - 0] INFO  server.XceiverServerGrpc (XceiverServerGrpc.java:start(149)) - XceiverServerGrpc 58dcbc52-a83b-4380-9235-78c1f3240b4d is started using port 42022
2019-10-12 10:02:16,552 [main] INFO  ozone.MiniOzoneClusterImpl (MiniOzoneClusterImpl.java:lambda$waitForClusterToBeReady$0(149)) - Waiting for nodes to be ready. Got 0 of 3 DN Heartbeats.
2019-10-12 10:02:16,553 [main] INFO  ozone.MiniOzoneClusterImpl (MiniOzoneClusterImpl.java:lambda$waitForClusterToBeReady$0(152)) - Waiting for cluster to exit safe mode
2019-10-12 10:02:17,409 [IPC Server handler 0 on 32848] INFO  net.NetworkTopology (NetworkTopologyImpl.java:add(111)) - Added a new node: /default-rack/2462678a-718a-4e8d-88df-884cdbd5ce23
2019-10-12 10:02:17,410 [IPC Server handler 0 on 32848] INFO  node.SCMNodeManager (SCMNodeManager.java:register(268)) - Registered Data node : 2462678a-718a-4e8d-88df-884cdbd5ce23{ip: 192.168.5.134, host: pr-hdds-2034-qjlc4-3656631144, networkLocation: /default-rack, certSerialId: null}
2019-10-12 10:02:17,410 [RatisPipelineUtilsThread] INFO  pipeline.RatisPipelineProvider (RatisPipelineProvider.java:lambda$create$4(163)) - Send pipeline:PipelineID=6a76692a-b798-442e-92cb-cc13bbc2b71c create command to datanode 2462678a-718a-4e8d-88df-884cdbd5ce23
2019-10-12 10:02:17,411 [EventQueue-NodeRegistrationContainerReportForContainerSafeModeRule] INFO  safemode.SCMSafeModeManager (SCMSafeModeManager.java:validateSafeModeExitRules(174)) - ContainerSafeModeRule rule is successfully validated
2019-10-12 10:02:17,412 [EventQueue-NodeRegistrationContainerReportForDataNodeSafeModeRule] INFO  safemode.SCMSafeModeManager (DataNodeSafeModeRule.java:process(71)) - SCM in safe mode. 1 DataNodes registered, 1 required.
2019-10-12 10:02:17,413 [EventQueue-NodeRegistrationContainerReportForDataNodeSafeModeRule] INFO  safemode.SCMSafeModeManager (SCMSafeModeManager.java:validateSafeModeExitRules(174)) - DataNodeSafeModeRule rule is successfully validated
2019-10-12 10:02:17,478 [IPC Server handler 1 on 32848] INFO  net.NetworkTopology (NetworkTopologyImpl.java:add(111)) - Added a new node: /default-rack/5e92d7a2-3fd9-439a-8cdd-dcb17af043b6
2019-10-12 10:02:17,478 [IPC Server handler 1 on 32848] INFO  node.SCMNodeManager (SCMNodeManager.java:register(268)) - Registered Data node : 5e92d7a2-3fd9-439a-8cdd-dcb17af043b6{ip: 192.168.5.134, host: pr-hdds-2034-qjlc4-3656631144, networkLocation: /default-rack, certSerialId: null}
2019-10-12 10:02:17,479 [EventQueue-NodeRegistrationContainerReportForContainerSafeModeRule] INFO  safemode.SCMSafeModeManager (SCMSafeModeManager.java:validateSafeModeExitRules(174)) - ContainerSafeModeRule rule is successfully validated
2019-10-12 10:02:17,479 [EventQueue-NodeRegistrationContainerReportForDataNodeSafeModeRule] INFO  safemode.SCMSafeModeManager (SCMSafeModeManager.java:validateSafeModeExitRules(174)) - DataNodeSafeModeRule rule is successfully validated
2019-10-12 10:02:17,479 [RatisPipelineUtilsThread] INFO  pipeline.RatisPipelineProvider (RatisPipelineProvider.java:lambda$create$4(163)) - Send pipeline:PipelineID=f6cf12ef-5b85-44ca-a232-2d35faa31840 create command to datanode 5e92d7a2-3fd9-439a-8cdd-dcb17af043b6
2019-10-12 10:02:17,553 [main] INFO  ozone.MiniOzoneClusterImpl (MiniOzoneClusterImpl.java:lambda$waitForClusterToBeReady$0(149)) - Waiting for nodes to be ready. Got 2 of 3 DN Heartbeats.
2019-10-12 10:02:17,554 [main] INFO  ozone.MiniOzoneClusterImpl (MiniOzoneClusterImpl.java:lambda$waitForClusterToBeReady$0(152)) - Waiting for cluster to exit safe mode
2019-10-12 10:02:17,554 [IPC Server handler 2 on 32848] INFO  net.NetworkTopology (NetworkTopologyImpl.java:add(111)) - Added a new node: /default-rack/58dcbc52-a83b-4380-9235-78c1f3240b4d
2019-10-12 10:02:17,554 [RatisPipelineUtilsThread] INFO  pipeline.RatisPipelineProvider (RatisPipelineProvider.java:lambda$create$4(163)) - Send pipeline:PipelineID=2c831789-a7be-4e49-9320-0501e79a3e6d create command to datanode 58dcbc52-a83b-4380-9235-78c1f3240b4d
2019-10-12 10:02:17,554 [IPC Server handler 2 on 32848] INFO  node.SCMNodeManager (SCMNodeManager.java:register(268)) - Registered Data node : 58dcbc52-a83b-4380-9235-78c1f3240b4d{ip: 192.168.5.134, host: pr-hdds-2034-qjlc4-3656631144, networkLocation: /default-rack, certSerialId: null}
2019-10-12 10:02:17,555 [EventQueue-NodeRegistrationContainerReportForContainerSafeModeRule] INFO  safemode.SCMSafeModeManager (SCMSafeModeManager.java:validateSafeModeExitRules(174)) - ContainerSafeModeRule rule is successfully validated
2019-10-12 10:02:17,555 [EventQueue-NodeRegistrationContainerReportForDataNodeSafeModeRule] INFO  safemode.SCMSafeModeManager (SCMSafeModeManager.java:validateSafeModeExitRules(174)) - DataNodeSafeModeRule rule is successfully validated
2019-10-12 10:02:17,557 [RatisPipelineUtilsThread] INFO  pipeline.RatisPipelineProvider (RatisPipelineProvider.java:lambda$create$4(163)) - Send pipeline:PipelineID=d3ab7924-4900-4c24-9b33-3d93945a9cdf create command to datanode 58dcbc52-a83b-4380-9235-78c1f3240b4d
2019-10-12 10:02:17,558 [RatisPipelineUtilsThread] INFO  pipeline.RatisPipelineProvider (RatisPipelineProvider.java:lambda$create$4(163)) - Send pipeline:PipelineID=d3ab7924-4900-4c24-9b33-3d93945a9cdf create command to datanode 5e92d7a2-3fd9-439a-8cdd-dcb17af043b6
2019-10-12 10:02:17,558 [RatisPipelineUtilsThread] INFO  pipeline.RatisPipelineProvider (RatisPipelineProvider.java:lambda$create$4(163)) - Send pipeline:PipelineID=d3ab7924-4900-4c24-9b33-3d93945a9cdf create command to datanode 2462678a-718a-4e8d-88df-884cdbd5ce23
2019-10-12 10:02:18,554 [main] INFO  ozone.MiniOzoneClusterImpl (MiniOzoneClusterImpl.java:lambda$waitForClusterToBeReady$0(149)) - Nodes are ready. Got 3 of 3 DN Heartbeats.
2019-10-12 10:02:18,555 [main] INFO  ozone.MiniOzoneClusterImpl (MiniOzoneClusterImpl.java:lambda$waitForClusterToBeReady$0(152)) - Waiting for cluster to exit safe mode
2019-10-12 10:02:19,555 [main] INFO  ozone.MiniOzoneClusterImpl (MiniOzoneClusterImpl.java:lambda$waitForClusterToBeReady$0(149)) - Nodes are ready. Got 3 of 3 DN Heartbeats.
2019-10-12 10:02:19,556 [main] INFO  ozone.MiniOzoneClusterImpl (MiniOzoneClusterImpl.java:lambda$waitForClusterToBeReady$0(152)) - Waiting for cluster to exit safe mode
2019-10-12 10:02:20,406 [Command processor thread] INFO  impl.RaftServerProxy (RaftServerProxy.java:addNew(89)) - 2462678a-718a-4e8d-88df-884cdbd5ce23: addNew group-CC13BBC2B71C:[2462678a-718a-4e8d-88df-884cdbd5ce23:192.168.5.134:33229] returns group-CC13BBC2B71C:java.util.concurrent.CompletableFuture@72bb4281[Not completed]
2019-10-12 10:02:20,409 [pool-127-thread-1] INFO  impl.RaftServerImpl (RaftServerImpl.java:<init>(95)) - 2462678a-718a-4e8d-88df-884cdbd5ce23: new RaftServerImpl for group-CC13BBC2B71C:[2462678a-718a-4e8d-88df-884cdbd5ce23:192.168.5.134:33229] with ContainerStateMachine:uninitialized
2019-10-12 10:02:20,410 [pool-127-thread-1] INFO  server.RaftServerConfigKeys (ConfUtils.java:logGet(43)) - raft.server.rpc.timeout.min = 5s (custom)
2019-10-12 10:02:20,410 [pool-127-thread-1] INFO  server.RaftServerConfigKeys (ConfUtils.java:logGet(43)) - raft.server.rpc.timeout.max = 5200ms (custom)
2019-10-12 10:02:20,410 [pool-127-thread-1] INFO  server.RaftServerConfigKeys (ConfUtils.java:logGet(43)) - raft.server.rpcslowness.timeout = 120s (custom)
2019-10-12 10:02:20,410 [pool-127-thread-1] INFO  server.RaftServerConfigKeys (ConfUtils.java:logGet(43)) - raft.server.sleep.deviation.threshold = 300 (default)
2019-10-12 10:02:20,411 [pool-127-thread-1] INFO  server.RaftServerConfigKeys (ConfUtils.java:logGet(43)) - raft.server.log.appender.install.snapshot.enabled = false (custom)
2019-10-12 10:02:20,411 [pool-127-thread-1] INFO  impl.RaftServerImpl (ServerState.java:<init>(103)) - 2462678a-718a-4e8d-88df-884cdbd5ce23@group-CC13BBC2B71C: ConfigurationManager, init=-1: [2462678a-718a-4e8d-88df-884cdbd5ce23:192.168.5.134:33229], old=null, confs=<EMPTY_MAP>
2019-10-12 10:02:20,411 [pool-127-thread-1] INFO  server.RaftServerConfigKeys (ConfUtils.java:logGet(43)) - raft.server.storage.dir = [/workdir/hadoop-ozone/integration-test/target/test-dir/MiniOzoneClusterImpl-6a1a5177-142d-45ca-a3ae-ca7983fa4e43/datanode-0/data/ratis] (custom)
2019-10-12 10:02:20,412 [pool-127-thread-1] INFO  server.RaftServerConfigKeys (ConfUtils.java:logGet(43)) - raft.server.log.corruption.policy = EXCEPTION (default)
2019-10-12 10:02:20,412 [pool-127-thread-1] INFO  storage.RaftStorageDirectory (RaftStorageDirectory.java:analyzeStorage(246)) - The storage directory /workdir/hadoop-ozone/integration-test/target/test-dir/MiniOzoneClusterImpl-6a1a5177-142d-45ca-a3ae-ca7983fa4e43/datanode-0/data/ratis/6a76692a-b798-442e-92cb-cc13bbc2b71c does not exist. Creating ...
2019-10-12 10:02:20,437 [pool-127-thread-1] INFO  storage.RaftStorageDirectory (RaftStorageDirectory.java:tryLock(328)) - Lock on /workdir/hadoop-ozone/integration-test/target/test-dir/MiniOzoneClusterImpl-6a1a5177-142d-45ca-a3ae-ca7983fa4e43/datanode-0/data/ratis/6a76692a-b798-442e-92cb-cc13bbc2b71c/in_use.lock acquired by nodename 3239@pr-hdds-2034-qjlc4-3656631144
2019-10-12 10:02:20,451 [pool-127-thread-1] INFO  storage.RaftStorage (RaftStorage.java:format(84)) - Storage directory /workdir/hadoop-ozone/integration-test/target/test-dir/MiniOzoneClusterImpl-6a1a5177-142d-45ca-a3ae-ca7983fa4e43/datanode-0/data/ratis/6a76692a-b798-442e-92cb-cc13bbc2b71c has been successfully formatted.
2019-10-12 10:02:20,451 [pool-127-thread-1] INFO  ratis.ContainerStateMachine (ContainerStateMachine.java:loadSnapshot(231)) - group-CC13BBC2B71C: The snapshot info is null. Setting the last applied indexto:(t:0, i:~)
2019-10-12 10:02:20,451 [pool-127-thread-1] INFO  server.RaftServerConfigKeys (ConfUtils.java:logGet(43)) - raft.server.notification.no-leader.timeout = 120s (custom)
2019-10-12 10:02:20,452 [pool-127-thread-1] INFO  server.RaftServerConfigKeys (ConfUtils.java:logGet(43)) - raft.server.log.use.memory = false (default)
2019-10-12 10:02:20,452 [pool-127-thread-1] INFO  server.RaftServerConfigKeys (ConfUtils.java:logGet(43)) - raft.server.log.purge.gap = 1000000 (custom)
2019-10-12 10:02:20,452 [pool-127-thread-1] INFO  server.RaftServerConfigKeys (ConfUtils.java:logGet(43)) - raft.server.log.appender.buffer.byte-limit = 33554432 (custom)
2019-10-12 10:02:20,453 [pool-127-thread-1] INFO  server.RaftServerConfigKeys (ConfUtils.java:logGet(43)) - raft.server.log.segment.size.max = 1048576 (custom)
2019-10-12 10:02:20,457 [pool-127-thread-1] INFO  server.RaftServerConfigKeys (ConfUtils.java:logGet(43)) - raft.server.log.segment.cache.num.max = 2 (custom)
2019-10-12 10:02:20,458 [pool-127-thread-1] INFO  segmented.SegmentedRaftLogWorker (SegmentedRaftLogWorker.java:<init>(173)) - new 2462678a-718a-4e8d-88df-884cdbd5ce23@group-CC13BBC2B71C-SegmentedRaftLogWorker for RaftStorage:Storage Directory /workdir/hadoop-ozone/integration-test/target/test-dir/MiniOzoneClusterImpl-6a1a5177-142d-45ca-a3ae-ca7983fa4e43/datanode-0/data/ratis/6a76692a-b798-442e-92cb-cc13bbc2b71c
2019-10-12 10:02:20,458 [pool-127-thread-1] INFO  server.RaftServerConfigKeys (ConfUtils.java:logGet(43)) - raft.server.log.queue.byte-limit = 2147483647 (custom)
2019-10-12 10:02:20,458 [pool-127-thread-1] INFO  server.RaftServerConfigKeys (ConfUtils.java:logGet(43)) - raft.server.log.queue.element-limit = 1024 (custom)
2019-10-12 10:02:20,458 [pool-127-thread-1] INFO  server.RaftServerConfigKeys (ConfUtils.java:logGet(43)) - raft.server.log.segment.size.max = 1048576 (custom)
2019-10-12 10:02:20,459 [pool-127-thread-1] INFO  server.RaftServerConfigKeys (ConfUtils.java:logGet(43)) - raft.server.log.preallocated.size = 16384 (custom)
2019-10-12 10:02:20,459 [pool-127-thread-1] INFO  server.RaftServerConfigKeys (ConfUtils.java:logGet(43)) - raft.server.log.write.buffer.size = 33554432 (custom)
2019-10-12 10:02:20,459 [pool-127-thread-1] INFO  server.RaftServerConfigKeys (ConfUtils.java:logGet(43)) - raft.server.log.force.sync.num = 128 (default)
2019-10-12 10:02:20,459 [pool-127-thread-1] INFO  server.RaftServerConfigKeys (ConfUtils.java:logGet(43)) - raft.server.log.statemachine.data.sync = true (default)
2019-10-12 10:02:20,460 [pool-127-thread-1] INFO  server.RaftServerConfigKeys (ConfUtils.java:logGet(43)) - raft.server.log.statemachine.data.sync.timeout = 10s (default)
2019-10-12 10:02:20,460 [pool-127-thread-1] INFO  server.RaftServerConfigKeys (ConfUtils.java:logGet(43)) - raft.server.log.statemachine.data.sync.timeout.retry = -1 (default)
2019-10-12 10:02:20,461 [pool-127-thread-1] INFO  server.RaftServerConfigKeys (ConfUtils.java:logGet(43)) - raft.server.log.statemachine.data.caching.enabled = true (custom)
2019-10-12 10:02:20,461 [pool-127-thread-1] INFO  segmented.SegmentedRaftLogWorker (SegmentedRaftLogWorker.java:lambda$new$0(128)) - 2462678a-718a-4e8d-88df-884cdbd5ce23@group-CC13BBC2B71C-SegmentedRaftLogWorker: flushIndex: setUnconditionally 0 -> -1
2019-10-12 10:02:20,462 [pool-127-thread-1] INFO  server.RaftServerConfigKeys (ConfUtils.java:logGet(43)) - raft.server.snapshot.auto.trigger.enabled = true (custom)
2019-10-12 10:02:20,462 [pool-127-thread-1] INFO  server.RaftServerConfigKeys (ConfUtils.java:logGet(43)) - raft.server.snapshot.auto.trigger.threshold = 10000 (custom)
2019-10-12 10:02:20,463 [pool-127-thread-1] INFO  server.RaftServerConfigKeys (ConfUtils.java:logGet(43)) - raft.server.snapshot.retention.file.num = 5 (custom)
2019-10-12 10:02:20,463 [pool-127-thread-1] INFO  server.RaftServerConfigKeys (ConfUtils.java:logGet(43)) - raft.server.retrycache.expirytime = 600000ms (custom)
2019-10-12 10:02:20,467 [pool-127-thread-1] INFO  impl.RaftServerImpl (RaftServerImpl.java:start(181)) - 2462678a-718a-4e8d-88df-884cdbd5ce23@group-CC13BBC2B71C: start as a follower, conf=-1: [2462678a-718a-4e8d-88df-884cdbd5ce23:192.168.5.134:33229], old=null
2019-10-12 10:02:20,467 [pool-127-thread-1] INFO  impl.RaftServerImpl (RaftServerImpl.java:setRole(170)) - 2462678a-718a-4e8d-88df-884cdbd5ce23@group-CC13BBC2B71C: changes role from      null to FOLLOWER at term 0 for startAsFollower
2019-10-12 10:02:20,467 [pool-127-thread-1] INFO  impl.RoleInfo (RoleInfo.java:updateAndGet(143)) - 2462678a-718a-4e8d-88df-884cdbd5ce23: start FollowerState
2019-10-12 10:02:20,468 [pool-127-thread-1] INFO  util.JmxRegister (JmxRegister.java:tryRegister(44)) - Successfully registered JMX Bean with object name Ratis:service=RaftServer,group=group-CC13BBC2B71C,id=2462678a-718a-4e8d-88df-884cdbd5ce23
2019-10-12 10:02:20,472 [Command processor thread] INFO  commandhandler.CreatePipelineCommandHandler (CreatePipelineCommandHandler.java:handle(86)) - Create Pipeline RATIS ONE #id: "6a76692a-b798-442e-92cb-cc13bbc2b71c"
 command succeed on datanode 2462678a-718a-4e8d-88df-884cdbd5ce23.
2019-10-12 10:02:20,475 [Command processor thread] INFO  impl.RaftServerProxy (RaftServerProxy.java:addNew(89)) - 2462678a-718a-4e8d-88df-884cdbd5ce23: addNew group-3D93945A9CDF:[58dcbc52-a83b-4380-9235-78c1f3240b4d:192.168.5.134:44432, 5e92d7a2-3fd9-439a-8cdd-dcb17af043b6:192.168.5.134:35903, 2462678a-718a-4e8d-88df-884cdbd5ce23:192.168.5.134:33229] returns group-3D93945A9CDF:java.util.concurrent.CompletableFuture@7684d80e[Not completed]
2019-10-12 10:02:20,476 [EventQueue-PipelineReportForPipelineReportHandler] INFO  pipeline.PipelineReportHandler (PipelineReportHandler.java:processPipelineReport(104)) - Pipeline ONE PipelineID=6a76692a-b798-442e-92cb-cc13bbc2b71c reported by 2462678a-718a-4e8d-88df-884cdbd5ce23{ip: 192.168.5.134, host: pr-hdds-2034-qjlc4-3656631144, networkLocation: /default-rack, certSerialId: null}
2019-10-12 10:02:20,476 [EventQueue-PipelineReportForPipelineReportHandler] INFO  pipeline.PipelineStateManager (PipelineStateManager.java:openPipeline(134)) - Pipeline Pipeline[ Id: 6a76692a-b798-442e-92cb-cc13bbc2b71c, Nodes: 2462678a-718a-4e8d-88df-884cdbd5ce23{ip: 192.168.5.134, host: pr-hdds-2034-qjlc4-3656631144, networkLocation: /default-rack, certSerialId: null}, Type:RATIS, Factor:ONE, State:ALLOCATED] moved to OPEN state
2019-10-12 10:02:20,478 [Command processor thread] INFO  impl.RaftServerProxy (RaftServerProxy.java:addNew(89)) - 5e92d7a2-3fd9-439a-8cdd-dcb17af043b6: addNew group-2D35FAA31840:[5e92d7a2-3fd9-439a-8cdd-dcb17af043b6:192.168.5.134:35903] returns group-2D35FAA31840:java.util.concurrent.CompletableFuture@5a07f5ca[Not completed]
2019-10-12 10:02:20,480 [pool-127-thread-1] INFO  impl.RaftServerImpl (RaftServerImpl.java:<init>(95)) - 2462678a-718a-4e8d-88df-884cdbd5ce23: new RaftServerImpl for group-3D93945A9CDF:[58dcbc52-a83b-4380-9235-78c1f3240b4d:192.168.5.134:44432, 5e92d7a2-3fd9-439a-8cdd-dcb17af043b6:192.168.5.134:35903, 2462678a-718a-4e8d-88df-884cdbd5ce23:192.168.5.134:33229] with ContainerStateMachine:uninitialized
2019-10-12 10:02:20,480 [EventQueue-OpenPipelineForOneReplicaPipelineSafeModeRule] INFO  safemode.SCMSafeModeManager (SCMSafeModeManager.java:validateSafeModeExitRules(174)) - AtleastOneDatanodeReportedRule rule is successfully validated
2019-10-12 10:02:20,481 [EventQueue-OpenPipelineForHealthyPipelineSafeModeRule] INFO  safemode.SCMSafeModeManager (HealthyPipelineSafeModeRule.java:process(122)) - SCM in safe mode. Healthy pipelines reported count is 1, required healthy pipeline reported count is 1
2019-10-12 10:02:20,480 [pool-127-thread-1] INFO  server.RaftServerConfigKeys (ConfUtils.java:logGet(43)) - raft.server.rpc.timeout.min = 5s (custom)
2019-10-12 10:02:20,481 [EventQueue-OpenPipelineForHealthyPipelineSafeModeRule] INFO  safemode.SCMSafeModeManager (SCMSafeModeManager.java:validateSafeModeExitRules(174)) - HealthyPipelineSafeModeRule rule is successfully validated
2019-10-12 10:02:20,481 [EventQueue-OpenPipelineForHealthyPipelineSafeModeRule] INFO  safemode.SCMSafeModeManager (SCMSafeModeManager.java:validateSafeModeExitRules(183)) - ScmSafeModeManager, all rules are successfully validated
2019-10-12 10:02:20,481 [pool-127-thread-1] INFO  server.RaftServerConfigKeys (ConfUtils.java:logGet(43)) - raft.server.rpc.timeout.max = 5200ms (custom)
2019-10-12 10:02:20,481 [pool-127-thread-1] INFO  server.RaftServerConfigKeys (ConfUtils.java:logGet(43)) - raft.server.rpcslowness.timeout = 120s (custom)
2019-10-12 10:02:20,482 [pool-127-thread-1] INFO  server.RaftServerConfigKeys (ConfUtils.java:logGet(43)) - raft.server.sleep.deviation.threshold = 300 (default)
2019-10-12 10:02:20,482 [pool-137-thread-1] INFO  impl.RaftServerImpl (RaftServerImpl.java:<init>(95)) - 5e92d7a2-3fd9-439a-8cdd-dcb17af043b6: new RaftServerImpl for group-2D35FAA31840:[5e92d7a2-3fd9-439a-8cdd-dcb17af043b6:192.168.5.134:35903] with ContainerStateMachine:uninitialized
2019-10-12 10:02:20,482 [pool-127-thread-1] INFO  server.RaftServerConfigKeys (ConfUtils.java:logGet(43)) - raft.server.log.appender.install.snapshot.enabled = false (custom)
2019-10-12 10:02:20,482 [pool-137-thread-1] INFO  server.RaftServerConfigKeys (ConfUtils.java:logGet(43)) - raft.server.rpc.timeout.min = 5s (custom)
2019-10-12 10:02:20,482 [pool-127-thread-1] INFO  impl.RaftServerImpl (ServerState.java:<init>(103)) - 2462678a-718a-4e8d-88df-884cdbd5ce23@group-3D93945A9CDF: ConfigurationManager, init=-1: [58dcbc52-a83b-4380-9235-78c1f3240b4d:192.168.5.134:44432, 5e92d7a2-3fd9-439a-8cdd-dcb17af043b6:192.168.5.134:35903, 2462678a-718a-4e8d-88df-884cdbd5ce23:192.168.5.134:33229], old=null, confs=<EMPTY_MAP>
2019-10-12 10:02:20,482 [pool-137-thread-1] INFO  server.RaftServerConfigKeys (ConfUtils.java:logGet(43)) - raft.server.rpc.timeout.max = 5200ms (custom)
2019-10-12 10:02:20,483 [pool-127-thread-1] INFO  server.RaftServerConfigKeys (ConfUtils.java:logGet(43)) - raft.server.storage.dir = [/workdir/hadoop-ozone/integration-test/target/test-dir/MiniOzoneClusterImpl-6a1a5177-142d-45ca-a3ae-ca7983fa4e43/datanode-0/data/ratis] (custom)
2019-10-12 10:02:20,483 [pool-137-thread-1] INFO  server.RaftServerConfigKeys (ConfUtils.java:logGet(43)) - raft.server.rpcslowness.timeout = 120s (custom)
2019-10-12 10:02:20,483 [pool-137-thread-1] INFO  server.RaftServerConfigKeys (ConfUtils.java:logGet(43)) - raft.server.sleep.deviation.threshold = 300 (default)
2019-10-12 10:02:20,483 [pool-127-thread-1] INFO  server.RaftServerConfigKeys (ConfUtils.java:logGet(43)) - raft.server.log.corruption.policy = EXCEPTION (default)
2019-10-12 10:02:20,483 [pool-137-thread-1] INFO  server.RaftServerConfigKeys (ConfUtils.java:logGet(43)) - raft.server.log.appender.install.snapshot.enabled = false (custom)
2019-10-12 10:02:20,483 [pool-127-thread-1] INFO  storage.RaftStorageDirectory (RaftStorageDirectory.java:analyzeStorage(246)) - The storage directory /workdir/hadoop-ozone/integration-test/target/test-dir/MiniOzoneClusterImpl-6a1a5177-142d-45ca-a3ae-ca7983fa4e43/datanode-0/data/ratis/d3ab7924-4900-4c24-9b33-3d93945a9cdf does not exist. Creating ...
2019-10-12 10:02:20,483 [pool-137-thread-1] INFO  impl.RaftServerImpl (ServerState.java:<init>(103)) - 5e92d7a2-3fd9-439a-8cdd-dcb17af043b6@group-2D35FAA31840: ConfigurationManager, init=-1: [5e92d7a2-3fd9-439a-8cdd-dcb17af043b6:192.168.5.134:35903], old=null, confs=<EMPTY_MAP>
2019-10-12 10:02:20,484 [pool-137-thread-1] INFO  server.RaftServerConfigKeys (ConfUtils.java:logGet(43)) - raft.server.storage.dir = [/workdir/hadoop-ozone/integration-test/target/test-dir/MiniOzoneClusterImpl-6a1a5177-142d-45ca-a3ae-ca7983fa4e43/datanode-1/data/ratis] (custom)
2019-10-12 10:02:20,484 [pool-137-thread-1] INFO  server.RaftServerConfigKeys (ConfUtils.java:logGet(43)) - raft.server.log.corruption.policy = EXCEPTION (default)
2019-10-12 10:02:20,484 [pool-137-thread-1] INFO  storage.RaftStorageDirectory (RaftStorageDirectory.java:analyzeStorage(246)) - The storage directory /workdir/hadoop-ozone/integration-test/target/test-dir/MiniOzoneClusterImpl-6a1a5177-142d-45ca-a3ae-ca7983fa4e43/datanode-1/data/ratis/f6cf12ef-5b85-44ca-a232-2d35faa31840 does not exist. Creating ...
2019-10-12 10:02:20,497 [pool-137-thread-1] INFO  storage.RaftStorageDirectory (RaftStorageDirectory.java:tryLock(328)) - Lock on /workdir/hadoop-ozone/integration-test/target/test-dir/MiniOzoneClusterImpl-6a1a5177-142d-45ca-a3ae-ca7983fa4e43/datanode-1/data/ratis/f6cf12ef-5b85-44ca-a232-2d35faa31840/in_use.lock acquired by nodename 3239@pr-hdds-2034-qjlc4-3656631144
2019-10-12 10:02:20,497 [pool-127-thread-1] INFO  storage.RaftStorageDirectory (RaftStorageDirectory.java:tryLock(328)) - Lock on /workdir/hadoop-ozone/integration-test/target/test-dir/MiniOzoneClusterImpl-6a1a5177-142d-45ca-a3ae-ca7983fa4e43/datanode-0/data/ratis/d3ab7924-4900-4c24-9b33-3d93945a9cdf/in_use.lock acquired by nodename 3239@pr-hdds-2034-qjlc4-3656631144
2019-10-12 10:02:20,511 [pool-137-thread-1] INFO  storage.RaftStorage (RaftStorage.java:format(84)) - Storage directory /workdir/hadoop-ozone/integration-test/target/test-dir/MiniOzoneClusterImpl-6a1a5177-142d-45ca-a3ae-ca7983fa4e43/datanode-1/data/ratis/f6cf12ef-5b85-44ca-a232-2d35faa31840 has been successfully formatted.
2019-10-12 10:02:20,511 [pool-127-thread-1] INFO  storage.RaftStorage (RaftStorage.java:format(84)) - Storage directory /workdir/hadoop-ozone/integration-test/target/test-dir/MiniOzoneClusterImpl-6a1a5177-142d-45ca-a3ae-ca7983fa4e43/datanode-0/data/ratis/d3ab7924-4900-4c24-9b33-3d93945a9cdf has been successfully formatted.
2019-10-12 10:02:20,511 [pool-137-thread-1] INFO  ratis.ContainerStateMachine (ContainerStateMachine.java:loadSnapshot(231)) - group-2D35FAA31840: The snapshot info is null. Setting the last applied indexto:(t:0, i:~)
2019-10-12 10:02:20,511 [pool-127-thread-1] INFO  ratis.ContainerStateMachine (ContainerStateMachine.java:loadSnapshot(231)) - group-3D93945A9CDF: The snapshot info is null. Setting the last applied indexto:(t:0, i:~)
2019-10-12 10:02:20,512 [pool-137-thread-1] INFO  server.RaftServerConfigKeys (ConfUtils.java:logGet(43)) - raft.server.notification.no-leader.timeout = 120s (custom)
2019-10-12 10:02:20,512 [pool-127-thread-1] INFO  server.RaftServerConfigKeys (ConfUtils.java:logGet(43)) - raft.server.notification.no-leader.timeout = 120s (custom)
2019-10-12 10:02:20,512 [pool-137-thread-1] INFO  server.RaftServerConfigKeys (ConfUtils.java:logGet(43)) - raft.server.log.use.memory = false (default)
2019-10-12 10:02:20,512 [pool-127-thread-1] INFO  server.RaftServerConfigKeys (ConfUtils.java:logGet(43)) - raft.server.log.use.memory = false (default)
2019-10-12 10:02:20,512 [pool-137-thread-1] INFO  server.RaftServerConfigKeys (ConfUtils.java:logGet(43)) - raft.server.log.purge.gap = 1000000 (custom)
2019-10-12 10:02:20,512 [pool-127-thread-1] INFO  server.RaftServerConfigKeys (ConfUtils.java:logGet(43)) - raft.server.log.purge.gap = 1000000 (custom)
2019-10-12 10:02:20,513 [pool-137-thread-1] INFO  server.RaftServerConfigKeys (ConfUtils.java:logGet(43)) - raft.server.log.appender.buffer.byte-limit = 33554432 (custom)
2019-10-12 10:02:20,513 [pool-127-thread-1] INFO  server.RaftServerConfigKeys (ConfUtils.java:logGet(43)) - raft.server.log.appender.buffer.byte-limit = 33554432 (custom)
2019-10-12 10:02:20,513 [pool-137-thread-1] INFO  server.RaftServerConfigKeys (ConfUtils.java:logGet(43)) - raft.server.log.segment.size.max = 1048576 (custom)
2019-10-12 10:02:20,513 [pool-127-thread-1] INFO  server.RaftServerConfigKeys (ConfUtils.java:logGet(43)) - raft.server.log.segment.size.max = 1048576 (custom)
2019-10-12 10:02:20,514 [pool-127-thread-1] INFO  server.RaftServerConfigKeys (ConfUtils.java:logGet(43)) - raft.server.log.segment.cache.num.max = 2 (custom)
2019-10-12 10:02:20,514 [pool-127-thread-1] INFO  segmented.SegmentedRaftLogWorker (SegmentedRaftLogWorker.java:<init>(173)) - new 2462678a-718a-4e8d-88df-884cdbd5ce23@group-3D93945A9CDF-SegmentedRaftLogWorker for RaftStorage:Storage Directory /workdir/hadoop-ozone/integration-test/target/test-dir/MiniOzoneClusterImpl-6a1a5177-142d-45ca-a3ae-ca7983fa4e43/datanode-0/data/ratis/d3ab7924-4900-4c24-9b33-3d93945a9cdf
2019-10-12 10:02:20,514 [pool-127-thread-1] INFO  server.RaftServerConfigKeys (ConfUtils.java:logGet(43)) - raft.server.log.queue.byte-limit = 2147483647 (custom)
2019-10-12 10:02:20,514 [pool-127-thread-1] INFO  server.RaftServerConfigKeys (ConfUtils.java:logGet(43)) - raft.server.log.queue.element-limit = 1024 (custom)
2019-10-12 10:02:20,514 [pool-127-thread-1] INFO  server.RaftServerConfigKeys (ConfUtils.java:logGet(43)) - raft.server.log.segment.size.max = 1048576 (custom)
2019-10-12 10:02:20,515 [pool-127-thread-1] INFO  server.RaftServerConfigKeys (ConfUtils.java:logGet(43)) - raft.server.log.preallocated.size = 16384 (custom)
2019-10-12 10:02:20,515 [pool-127-thread-1] INFO  server.RaftServerConfigKeys (ConfUtils.java:logGet(43)) - raft.server.log.write.buffer.size = 33554432 (custom)
2019-10-12 10:02:20,515 [pool-127-thread-1] INFO  server.RaftServerConfigKeys (ConfUtils.java:logGet(43)) - raft.server.log.force.sync.num = 128 (default)
2019-10-12 10:02:20,515 [pool-127-thread-1] INFO  server.RaftServerConfigKeys (ConfUtils.java:logGet(43)) - raft.server.log.statemachine.data.sync = true (default)
2019-10-12 10:02:20,515 [pool-127-thread-1] INFO  server.RaftServerConfigKeys (ConfUtils.java:logGet(43)) - raft.server.log.statemachine.data.sync.timeout = 10s (default)
2019-10-12 10:02:20,516 [pool-127-thread-1] INFO  server.RaftServerConfigKeys (ConfUtils.java:logGet(43)) - raft.server.log.statemachine.data.sync.timeout.retry = -1 (default)
2019-10-12 10:02:20,516 [pool-127-thread-1] INFO  server.RaftServerConfigKeys (ConfUtils.java:logGet(43)) - raft.server.log.statemachine.data.caching.enabled = true (custom)
2019-10-12 10:02:20,516 [pool-137-thread-1] INFO  server.RaftServerConfigKeys (ConfUtils.java:logGet(43)) - raft.server.log.segment.cache.num.max = 2 (custom)
2019-10-12 10:02:20,516 [pool-137-thread-1] INFO  segmented.SegmentedRaftLogWorker (SegmentedRaftLogWorker.java:<init>(173)) - new 5e92d7a2-3fd9-439a-8cdd-dcb17af043b6@group-2D35FAA31840-SegmentedRaftLogWorker for RaftStorage:Storage Directory /workdir/hadoop-ozone/integration-test/target/test-dir/MiniOzoneClusterImpl-6a1a5177-142d-45ca-a3ae-ca7983fa4e43/datanode-1/data/ratis/f6cf12ef-5b85-44ca-a232-2d35faa31840
2019-10-12 10:02:20,516 [pool-127-thread-1] INFO  segmented.SegmentedRaftLogWorker (SegmentedRaftLogWorker.java:lambda$new$0(128)) - 2462678a-718a-4e8d-88df-884cdbd5ce23@group-3D93945A9CDF-SegmentedRaftLogWorker: flushIndex: setUnconditionally 0 -> -1
2019-10-12 10:02:20,517 [pool-137-thread-1] INFO  server.RaftServerConfigKeys (ConfUtils.java:logGet(43)) - raft.server.log.queue.byte-limit = 2147483647 (custom)
2019-10-12 10:02:20,517 [pool-137-thread-1] INFO  server.RaftServerConfigKeys (ConfUtils.java:logGet(43)) - raft.server.log.queue.element-limit = 1024 (custom)
2019-10-12 10:02:20,517 [pool-127-thread-1] INFO  server.RaftServerConfigKeys (ConfUtils.java:logGet(43)) - raft.server.snapshot.auto.trigger.enabled = true (custom)
2019-10-12 10:02:20,517 [pool-137-thread-1] INFO  server.RaftServerConfigKeys (ConfUtils.java:logGet(43)) - raft.server.log.segment.size.max = 1048576 (custom)
2019-10-12 10:02:20,517 [pool-127-thread-1] INFO  server.RaftServerConfigKeys (ConfUtils.java:logGet(43)) - raft.server.snapshot.auto.trigger.threshold = 10000 (custom)
2019-10-12 10:02:20,518 [pool-137-thread-1] INFO  server.RaftServerConfigKeys (ConfUtils.java:logGet(43)) - raft.server.log.preallocated.size = 16384 (custom)
2019-10-12 10:02:20,518 [pool-127-thread-1] INFO  server.RaftServerConfigKeys (ConfUtils.java:logGet(43)) - raft.server.snapshot.retention.file.num = 5 (custom)
2019-10-12 10:02:20,518 [pool-137-thread-1] INFO  server.RaftServerConfigKeys (ConfUtils.java:logGet(43)) - raft.server.log.write.buffer.size = 33554432 (custom)
2019-10-12 10:02:20,518 [pool-127-thread-1] INFO  server.RaftServerConfigKeys (ConfUtils.java:logGet(43)) - raft.server.retrycache.expirytime = 600000ms (custom)
2019-10-12 10:02:20,518 [pool-137-thread-1] INFO  server.RaftServerConfigKeys (ConfUtils.java:logGet(43)) - raft.server.log.force.sync.num = 128 (default)
2019-10-12 10:02:20,519 [pool-137-thread-1] INFO  server.RaftServerConfigKeys (ConfUtils.java:logGet(43)) - raft.server.log.statemachine.data.sync = true (default)
2019-10-12 10:02:20,519 [pool-137-thread-1] INFO  server.RaftServerConfigKeys (ConfUtils.java:logGet(43)) - raft.server.log.statemachine.data.sync.timeout = 10s (default)
2019-10-12 10:02:20,519 [pool-137-thread-1] INFO  server.RaftServerConfigKeys (ConfUtils.java:logGet(43)) - raft.server.log.statemachine.data.sync.timeout.retry = -1 (default)
2019-10-12 10:02:20,520 [pool-137-thread-1] INFO  server.RaftServerConfigKeys (ConfUtils.java:logGet(43)) - raft.server.log.statemachine.data.caching.enabled = true (custom)
2019-10-12 10:02:20,520 [pool-137-thread-1] INFO  segmented.SegmentedRaftLogWorker (SegmentedRaftLogWorker.java:lambda$new$0(128)) - 5e92d7a2-3fd9-439a-8cdd-dcb17af043b6@group-2D35FAA31840-SegmentedRaftLogWorker: flushIndex: setUnconditionally 0 -> -1
2019-10-12 10:02:20,520 [pool-137-thread-1] INFO  server.RaftServerConfigKeys (ConfUtils.java:logGet(43)) - raft.server.snapshot.auto.trigger.enabled = true (custom)
2019-10-12 10:02:20,521 [pool-137-thread-1] INFO  server.RaftServerConfigKeys (ConfUtils.java:logGet(43)) - raft.server.snapshot.auto.trigger.threshold = 10000 (custom)
2019-10-12 10:02:20,521 [pool-137-thread-1] INFO  server.RaftServerConfigKeys (ConfUtils.java:logGet(43)) - raft.server.snapshot.retention.file.num = 5 (custom)
2019-10-12 10:02:20,521 [pool-137-thread-1] INFO  server.RaftServerConfigKeys (ConfUtils.java:logGet(43)) - raft.server.retrycache.expirytime = 600000ms (custom)
2019-10-12 10:02:20,522 [pool-127-thread-1] INFO  impl.RaftServerImpl (RaftServerImpl.java:start(181)) - 2462678a-718a-4e8d-88df-884cdbd5ce23@group-3D93945A9CDF: start as a follower, conf=-1: [58dcbc52-a83b-4380-9235-78c1f3240b4d:192.168.5.134:44432, 5e92d7a2-3fd9-439a-8cdd-dcb17af043b6:192.168.5.134:35903, 2462678a-718a-4e8d-88df-884cdbd5ce23:192.168.5.134:33229], old=null
2019-10-12 10:02:20,522 [pool-127-thread-1] INFO  impl.RaftServerImpl (RaftServerImpl.java:setRole(170)) - 2462678a-718a-4e8d-88df-884cdbd5ce23@group-3D93945A9CDF: changes role from      null to FOLLOWER at term 0 for startAsFollower
2019-10-12 10:02:20,522 [pool-127-thread-1] INFO  impl.RoleInfo (RoleInfo.java:updateAndGet(143)) - 2462678a-718a-4e8d-88df-884cdbd5ce23: start FollowerState
2019-10-12 10:02:20,523 [pool-127-thread-1] INFO  util.JmxRegister (JmxRegister.java:tryRegister(44)) - Successfully registered JMX Bean with object name Ratis:service=RaftServer,group=group-3D93945A9CDF,id=2462678a-718a-4e8d-88df-884cdbd5ce23
2019-10-12 10:02:20,524 [pool-137-thread-1] INFO  impl.RaftServerImpl (RaftServerImpl.java:start(181)) - 5e92d7a2-3fd9-439a-8cdd-dcb17af043b6@group-2D35FAA31840: start as a follower, conf=-1: [5e92d7a2-3fd9-439a-8cdd-dcb17af043b6:192.168.5.134:35903], old=null
2019-10-12 10:02:20,524 [pool-137-thread-1] INFO  impl.RaftServerImpl (RaftServerImpl.java:setRole(170)) - 5e92d7a2-3fd9-439a-8cdd-dcb17af043b6@group-2D35FAA31840: changes role from      null to FOLLOWER at term 0 for startAsFollower
2019-10-12 10:02:20,524 [pool-137-thread-1] INFO  impl.RoleInfo (RoleInfo.java:updateAndGet(143)) - 5e92d7a2-3fd9-439a-8cdd-dcb17af043b6: start FollowerState
2019-10-12 10:02:20,525 [pool-137-thread-1] INFO  util.JmxRegister (JmxRegister.java:tryRegister(44)) - Successfully registered JMX Bean with object name Ratis:service=RaftServer,group=group-2D35FAA31840,id=5e92d7a2-3fd9-439a-8cdd-dcb17af043b6
2019-10-12 10:02:20,526 [Command processor thread] INFO  commandhandler.CreatePipelineCommandHandler (CreatePipelineCommandHandler.java:handle(86)) - Create Pipeline RATIS THREE #id: "d3ab7924-4900-4c24-9b33-3d93945a9cdf"
 command succeed on datanode 2462678a-718a-4e8d-88df-884cdbd5ce23.
2019-10-12 10:02:20,528 [Command processor thread] INFO  commandhandler.CreatePipelineCommandHandler (CreatePipelineCommandHandler.java:handle(86)) - Create Pipeline RATIS ONE #id: "f6cf12ef-5b85-44ca-a232-2d35faa31840"
 command succeed on datanode 5e92d7a2-3fd9-439a-8cdd-dcb17af043b6.
2019-10-12 10:02:20,528 [EventQueue-PipelineReportForPipelineReportHandler] INFO  pipeline.PipelineReportHandler (PipelineReportHandler.java:processPipelineReport(104)) - Pipeline THREE PipelineID=d3ab7924-4900-4c24-9b33-3d93945a9cdf reported by 2462678a-718a-4e8d-88df-884cdbd5ce23{ip: 192.168.5.134, host: pr-hdds-2034-qjlc4-3656631144, networkLocation: /default-rack, certSerialId: null}
2019-10-12 10:02:20,530 [Command processor thread] INFO  impl.RaftServerProxy (RaftServerProxy.java:addNew(89)) - 5e92d7a2-3fd9-439a-8cdd-dcb17af043b6: addNew group-3D93945A9CDF:[58dcbc52-a83b-4380-9235-78c1f3240b4d:192.168.5.134:44432, 5e92d7a2-3fd9-439a-8cdd-dcb17af043b6:192.168.5.134:35903, 2462678a-718a-4e8d-88df-884cdbd5ce23:192.168.5.134:33229] returns group-3D93945A9CDF:java.util.concurrent.CompletableFuture@5e386a52[Not completed]
2019-10-12 10:02:20,531 [EventQueue-PipelineReportForPipelineReportHandler] INFO  pipeline.PipelineReportHandler (PipelineReportHandler.java:processPipelineReport(104)) - Pipeline ONE PipelineID=f6cf12ef-5b85-44ca-a232-2d35faa31840 reported by 5e92d7a2-3fd9-439a-8cdd-dcb17af043b6{ip: 192.168.5.134, host: pr-hdds-2034-qjlc4-3656631144, networkLocation: /default-rack, certSerialId: null}
2019-10-12 10:02:20,531 [EventQueue-PipelineReportForPipelineReportHandler] INFO  pipeline.PipelineStateManager (PipelineStateManager.java:openPipeline(134)) - Pipeline Pipeline[ Id: f6cf12ef-5b85-44ca-a232-2d35faa31840, Nodes: 5e92d7a2-3fd9-439a-8cdd-dcb17af043b6{ip: 192.168.5.134, host: pr-hdds-2034-qjlc4-3656631144, networkLocation: /default-rack, certSerialId: null}, Type:RATIS, Factor:ONE, State:ALLOCATED] moved to OPEN state
2019-10-12 10:02:20,531 [pool-137-thread-1] INFO  impl.RaftServerImpl (RaftServerImpl.java:<init>(95)) - 5e92d7a2-3fd9-439a-8cdd-dcb17af043b6: new RaftServerImpl for group-3D93945A9CDF:[58dcbc52-a83b-4380-9235-78c1f3240b4d:192.168.5.134:44432, 5e92d7a2-3fd9-439a-8cdd-dcb17af043b6:192.168.5.134:35903, 2462678a-718a-4e8d-88df-884cdbd5ce23:192.168.5.134:33229] with ContainerStateMachine:uninitialized
2019-10-12 10:02:20,532 [pool-137-thread-1] INFO  server.RaftServerConfigKeys (ConfUtils.java:logGet(43)) - raft.server.rpc.timeout.min = 5s (custom)
2019-10-12 10:02:20,532 [pool-137-thread-1] INFO  server.RaftServerConfigKeys (ConfUtils.java:logGet(43)) - raft.server.rpc.timeout.max = 5200ms (custom)
2019-10-12 10:02:20,532 [pool-137-thread-1] INFO  server.RaftServerConfigKeys (ConfUtils.java:logGet(43)) - raft.server.rpcslowness.timeout = 120s (custom)
2019-10-12 10:02:20,532 [pool-137-thread-1] INFO  server.RaftServerConfigKeys (ConfUtils.java:logGet(43)) - raft.server.sleep.deviation.threshold = 300 (default)
2019-10-12 10:02:20,532 [pool-137-thread-1] INFO  server.RaftServerConfigKeys (ConfUtils.java:logGet(43)) - raft.server.log.appender.install.snapshot.enabled = false (custom)
2019-10-12 10:02:20,533 [pool-137-thread-1] INFO  impl.RaftServerImpl (ServerState.java:<init>(103)) - 5e92d7a2-3fd9-439a-8cdd-dcb17af043b6@group-3D93945A9CDF: ConfigurationManager, init=-1: [58dcbc52-a83b-4380-9235-78c1f3240b4d:192.168.5.134:44432, 5e92d7a2-3fd9-439a-8cdd-dcb17af043b6:192.168.5.134:35903, 2462678a-718a-4e8d-88df-884cdbd5ce23:192.168.5.134:33229], old=null, confs=<EMPTY_MAP>
2019-10-12 10:02:20,533 [pool-137-thread-1] INFO  server.RaftServerConfigKeys (ConfUtils.java:logGet(43)) - raft.server.storage.dir = [/workdir/hadoop-ozone/integration-test/target/test-dir/MiniOzoneClusterImpl-6a1a5177-142d-45ca-a3ae-ca7983fa4e43/datanode-1/data/ratis] (custom)
2019-10-12 10:02:20,533 [pool-137-thread-1] INFO  server.RaftServerConfigKeys (ConfUtils.java:logGet(43)) - raft.server.log.corruption.policy = EXCEPTION (default)
2019-10-12 10:02:20,533 [pool-137-thread-1] INFO  storage.RaftStorageDirectory (RaftStorageDirectory.java:analyzeStorage(246)) - The storage directory /workdir/hadoop-ozone/integration-test/target/test-dir/MiniOzoneClusterImpl-6a1a5177-142d-45ca-a3ae-ca7983fa4e43/datanode-1/data/ratis/d3ab7924-4900-4c24-9b33-3d93945a9cdf does not exist. Creating ...
2019-10-12 10:02:20,545 [pool-137-thread-1] INFO  storage.RaftStorageDirectory (RaftStorageDirectory.java:tryLock(328)) - Lock on /workdir/hadoop-ozone/integration-test/target/test-dir/MiniOzoneClusterImpl-6a1a5177-142d-45ca-a3ae-ca7983fa4e43/datanode-1/data/ratis/d3ab7924-4900-4c24-9b33-3d93945a9cdf/in_use.lock acquired by nodename 3239@pr-hdds-2034-qjlc4-3656631144
2019-10-12 10:02:20,554 [Command processor thread] INFO  impl.RaftServerProxy (RaftServerProxy.java:addNew(89)) - 58dcbc52-a83b-4380-9235-78c1f3240b4d: addNew group-0501E79A3E6D:[58dcbc52-a83b-4380-9235-78c1f3240b4d:192.168.5.134:44432] returns group-0501E79A3E6D:java.util.concurrent.CompletableFuture@1f7976ef[Not completed]
2019-10-12 10:02:20,556 [pool-147-thread-1] INFO  impl.RaftServerImpl (RaftServerImpl.java:<init>(95)) - 58dcbc52-a83b-4380-9235-78c1f3240b4d: new RaftServerImpl for group-0501E79A3E6D:[58dcbc52-a83b-4380-9235-78c1f3240b4d:192.168.5.134:44432] with ContainerStateMachine:uninitialized
2019-10-12 10:02:20,556 [pool-147-thread-1] INFO  server.RaftServerConfigKeys (ConfUtils.java:logGet(43)) - raft.server.rpc.timeout.min = 5s (custom)
2019-10-12 10:02:20,556 [main] INFO  ozone.MiniOzoneClusterImpl (MiniOzoneClusterImpl.java:lambda$waitForClusterToBeReady$0(149)) - Nodes are ready. Got 3 of 3 DN Heartbeats.
2019-10-12 10:02:20,556 [main] INFO  ozone.MiniOzoneClusterImpl (MiniOzoneClusterImpl.java:lambda$waitForClusterToBeReady$0(152)) - Waiting for cluster to exit safe mode
2019-10-12 10:02:20,556 [pool-147-thread-1] INFO  server.RaftServerConfigKeys (ConfUtils.java:logGet(43)) - raft.server.rpc.timeout.max = 5200ms (custom)
2019-10-12 10:02:20,557 [pool-147-thread-1] INFO  server.RaftServerConfigKeys (ConfUtils.java:logGet(43)) - raft.server.rpcslowness.timeout = 120s (custom)
2019-10-12 10:02:20,557 [pool-147-thread-1] INFO  server.RaftServerConfigKeys (ConfUtils.java:logGet(43)) - raft.server.sleep.deviation.threshold = 300 (default)
2019-10-12 10:02:20,557 [pool-147-thread-1] INFO  server.RaftServerConfigKeys (ConfUtils.java:logGet(43)) - raft.server.log.appender.install.snapshot.enabled = false (custom)
2019-10-12 10:02:20,557 [pool-147-thread-1] INFO  impl.RaftServerImpl (ServerState.java:<init>(103)) - 58dcbc52-a83b-4380-9235-78c1f3240b4d@group-0501E79A3E6D: ConfigurationManager, init=-1: [58dcbc52-a83b-4380-9235-78c1f3240b4d:192.168.5.134:44432], old=null, confs=<EMPTY_MAP>
2019-10-12 10:02:20,557 [pool-147-thread-1] INFO  server.RaftServerConfigKeys (ConfUtils.java:logGet(43)) - raft.server.storage.dir = [/workdir/hadoop-ozone/integration-test/target/test-dir/MiniOzoneClusterImpl-6a1a5177-142d-45ca-a3ae-ca7983fa4e43/datanode-2/data/ratis] (custom)
2019-10-12 10:02:20,558 [pool-147-thread-1] INFO  server.RaftServerConfigKeys (ConfUtils.java:logGet(43)) - raft.server.log.corruption.policy = EXCEPTION (default)
2019-10-12 10:02:20,558 [pool-147-thread-1] INFO  storage.RaftStorageDirectory (RaftStorageDirectory.java:analyzeStorage(246)) - The storage directory /workdir/hadoop-ozone/integration-test/target/test-dir/MiniOzoneClusterImpl-6a1a5177-142d-45ca-a3ae-ca7983fa4e43/datanode-2/data/ratis/2c831789-a7be-4e49-9320-0501e79a3e6d does not exist. Creating ...
2019-10-12 10:02:20,558 [pool-137-thread-1] INFO  storage.RaftStorage (RaftStorage.java:format(84)) - Storage directory /workdir/hadoop-ozone/integration-test/target/test-dir/MiniOzoneClusterImpl-6a1a5177-142d-45ca-a3ae-ca7983fa4e43/datanode-1/data/ratis/d3ab7924-4900-4c24-9b33-3d93945a9cdf has been successfully formatted.
2019-10-12 10:02:20,558 [pool-137-thread-1] INFO  ratis.ContainerStateMachine (ContainerStateMachine.java:loadSnapshot(231)) - group-3D93945A9CDF: The snapshot info is null. Setting the last applied indexto:(t:0, i:~)
2019-10-12 10:02:20,559 [pool-137-thread-1] INFO  server.RaftServerConfigKeys (ConfUtils.java:logGet(43)) - raft.server.notification.no-leader.timeout = 120s (custom)
2019-10-12 10:02:20,559 [pool-137-thread-1] INFO  server.RaftServerConfigKeys (ConfUtils.java:logGet(43)) - raft.server.log.use.memory = false (default)
2019-10-12 10:02:20,559 [pool-137-thread-1] INFO  server.RaftServerConfigKeys (ConfUtils.java:logGet(43)) - raft.server.log.purge.gap = 1000000 (custom)
2019-10-12 10:02:20,559 [pool-137-thread-1] INFO  server.RaftServerConfigKeys (ConfUtils.java:logGet(43)) - raft.server.log.appender.buffer.byte-limit = 33554432 (custom)
2019-10-12 10:02:20,559 [pool-137-thread-1] INFO  server.RaftServerConfigKeys (ConfUtils.java:logGet(43)) - raft.server.log.segment.size.max = 1048576 (custom)
2019-10-12 10:02:20,560 [pool-137-thread-1] INFO  server.RaftServerConfigKeys (ConfUtils.java:logGet(43)) - raft.server.log.segment.cache.num.max = 2 (custom)
2019-10-12 10:02:20,560 [pool-137-thread-1] INFO  segmented.SegmentedRaftLogWorker (SegmentedRaftLogWorker.java:<init>(173)) - new 5e92d7a2-3fd9-439a-8cdd-dcb17af043b6@group-3D93945A9CDF-SegmentedRaftLogWorker for RaftStorage:Storage Directory /workdir/hadoop-ozone/integration-test/target/test-dir/MiniOzoneClusterImpl-6a1a5177-142d-45ca-a3ae-ca7983fa4e43/datanode-1/data/ratis/d3ab7924-4900-4c24-9b33-3d93945a9cdf
2019-10-12 10:02:20,560 [pool-147-thread-1] INFO  storage.RaftStorageDirectory (RaftStorageDirectory.java:tryLock(328)) - Lock on /workdir/hadoop-ozone/integration-test/target/test-dir/MiniOzoneClusterImpl-6a1a5177-142d-45ca-a3ae-ca7983fa4e43/datanode-2/data/ratis/2c831789-a7be-4e49-9320-0501e79a3e6d/in_use.lock acquired by nodename 3239@pr-hdds-2034-qjlc4-3656631144
2019-10-12 10:02:20,560 [pool-137-thread-1] INFO  server.RaftServerConfigKeys (ConfUtils.java:logGet(43)) - raft.server.log.queue.byte-limit = 2147483647 (custom)
2019-10-12 10:02:20,560 [pool-137-thread-1] INFO  server.RaftServerConfigKeys (ConfUtils.java:logGet(43)) - raft.server.log.queue.element-limit = 1024 (custom)
2019-10-12 10:02:20,561 [pool-137-thread-1] INFO  server.RaftServerConfigKeys (ConfUtils.java:logGet(43)) - raft.server.log.segment.size.max = 1048576 (custom)
2019-10-12 10:02:20,561 [pool-137-thread-1] INFO  server.RaftServerConfigKeys (ConfUtils.java:logGet(43)) - raft.server.log.preallocated.size = 16384 (custom)
2019-10-12 10:02:20,561 [pool-137-thread-1] INFO  server.RaftServerConfigKeys (ConfUtils.java:logGet(43)) - raft.server.log.write.buffer.size = 33554432 (custom)
2019-10-12 10:02:20,561 [pool-137-thread-1] INFO  server.RaftServerConfigKeys (ConfUtils.java:logGet(43)) - raft.server.log.force.sync.num = 128 (default)
2019-10-12 10:02:20,561 [pool-137-thread-1] INFO  server.RaftServerConfigKeys (ConfUtils.java:logGet(43)) - raft.server.log.statemachine.data.sync = true (default)
2019-10-12 10:02:20,561 [pool-137-thread-1] INFO  server.RaftServerConfigKeys (ConfUtils.java:logGet(43)) - raft.server.log.statemachine.data.sync.timeout = 10s (default)
2019-10-12 10:02:20,562 [pool-137-thread-1] INFO  server.RaftServerConfigKeys (ConfUtils.java:logGet(43)) - raft.server.log.statemachine.data.sync.timeout.retry = -1 (default)
2019-10-12 10:02:20,562 [pool-137-thread-1] INFO  server.RaftServerConfigKeys (ConfUtils.java:logGet(43)) - raft.server.log.statemachine.data.caching.enabled = true (custom)
2019-10-12 10:02:20,562 [pool-137-thread-1] INFO  segmented.SegmentedRaftLogWorker (SegmentedRaftLogWorker.java:lambda$new$0(128)) - 5e92d7a2-3fd9-439a-8cdd-dcb17af043b6@group-3D93945A9CDF-SegmentedRaftLogWorker: flushIndex: setUnconditionally 0 -> -1
2019-10-12 10:02:20,562 [pool-137-thread-1] INFO  server.RaftServerConfigKeys (ConfUtils.java:logGet(43)) - raft.server.snapshot.auto.trigger.enabled = true (custom)
2019-10-12 10:02:20,563 [pool-137-thread-1] INFO  server.RaftServerConfigKeys (ConfUtils.java:logGet(43)) - raft.server.snapshot.auto.trigger.threshold = 10000 (custom)
2019-10-12 10:02:20,563 [pool-137-thread-1] INFO  server.RaftServerConfigKeys (ConfUtils.java:logGet(43)) - raft.server.snapshot.retention.file.num = 5 (custom)
2019-10-12 10:02:20,563 [pool-137-thread-1] INFO  server.RaftServerConfigKeys (ConfUtils.java:logGet(43)) - raft.server.retrycache.expirytime = 600000ms (custom)
2019-10-12 10:02:20,566 [pool-137-thread-1] INFO  impl.RaftServerImpl (RaftServerImpl.java:start(181)) - 5e92d7a2-3fd9-439a-8cdd-dcb17af043b6@group-3D93945A9CDF: start as a follower, conf=-1: [58dcbc52-a83b-4380-9235-78c1f3240b4d:192.168.5.134:44432, 5e92d7a2-3fd9-439a-8cdd-dcb17af043b6:192.168.5.134:35903, 2462678a-718a-4e8d-88df-884cdbd5ce23:192.168.5.134:33229], old=null
2019-10-12 10:02:20,566 [pool-137-thread-1] INFO  impl.RaftServerImpl (RaftServerImpl.java:setRole(170)) - 5e92d7a2-3fd9-439a-8cdd-dcb17af043b6@group-3D93945A9CDF: changes role from      null to FOLLOWER at term 0 for startAsFollower
2019-10-12 10:02:20,566 [pool-137-thread-1] INFO  impl.RoleInfo (RoleInfo.java:updateAndGet(143)) - 5e92d7a2-3fd9-439a-8cdd-dcb17af043b6: start FollowerState
2019-10-12 10:02:20,567 [pool-137-thread-1] INFO  util.JmxRegister (JmxRegister.java:tryRegister(44)) - Successfully registered JMX Bean with object name Ratis:service=RaftServer,group=group-3D93945A9CDF,id=5e92d7a2-3fd9-439a-8cdd-dcb17af043b6
2019-10-12 10:02:20,570 [Command processor thread] INFO  commandhandler.CreatePipelineCommandHandler (CreatePipelineCommandHandler.java:handle(86)) - Create Pipeline RATIS THREE #id: "d3ab7924-4900-4c24-9b33-3d93945a9cdf"
 command succeed on datanode 5e92d7a2-3fd9-439a-8cdd-dcb17af043b6.
2019-10-12 10:02:20,572 [EventQueue-PipelineReportForPipelineReportHandler] INFO  pipeline.PipelineReportHandler (PipelineReportHandler.java:processPipelineReport(104)) - Pipeline THREE PipelineID=d3ab7924-4900-4c24-9b33-3d93945a9cdf reported by 5e92d7a2-3fd9-439a-8cdd-dcb17af043b6{ip: 192.168.5.134, host: pr-hdds-2034-qjlc4-3656631144, networkLocation: /default-rack, certSerialId: null}
2019-10-12 10:02:20,573 [pool-147-thread-1] INFO  storage.RaftStorage (RaftStorage.java:format(84)) - Storage directory /workdir/hadoop-ozone/integration-test/target/test-dir/MiniOzoneClusterImpl-6a1a5177-142d-45ca-a3ae-ca7983fa4e43/datanode-2/data/ratis/2c831789-a7be-4e49-9320-0501e79a3e6d has been successfully formatted.
2019-10-12 10:02:20,574 [pool-147-thread-1] INFO  ratis.ContainerStateMachine (ContainerStateMachine.java:loadSnapshot(231)) - group-0501E79A3E6D: The snapshot info is null. Setting the last applied indexto:(t:0, i:~)
2019-10-12 10:02:20,574 [pool-147-thread-1] INFO  server.RaftServerConfigKeys (ConfUtils.java:logGet(43)) - raft.server.notification.no-leader.timeout = 120s (custom)
2019-10-12 10:02:20,574 [pool-147-thread-1] INFO  server.RaftServerConfigKeys (ConfUtils.java:logGet(43)) - raft.server.log.use.memory = false (default)
2019-10-12 10:02:20,574 [pool-147-thread-1] INFO  server.RaftServerConfigKeys (ConfUtils.java:logGet(43)) - raft.server.log.purge.gap = 1000000 (custom)
2019-10-12 10:02:20,574 [pool-147-thread-1] INFO  server.RaftServerConfigKeys (ConfUtils.java:logGet(43)) - raft.server.log.appender.buffer.byte-limit = 33554432 (custom)
2019-10-12 10:02:20,574 [pool-147-thread-1] INFO  server.RaftServerConfigKeys (ConfUtils.java:logGet(43)) - raft.server.log.segment.size.max = 1048576 (custom)
2019-10-12 10:02:20,577 [pool-147-thread-1] INFO  server.RaftServerConfigKeys (ConfUtils.java:logGet(43)) - raft.server.log.segment.cache.num.max = 2 (custom)
2019-10-12 10:02:20,578 [pool-147-thread-1] INFO  segmented.SegmentedRaftLogWorker (SegmentedRaftLogWorker.java:<init>(173)) - new 58dcbc52-a83b-4380-9235-78c1f3240b4d@group-0501E79A3E6D-SegmentedRaftLogWorker for RaftStorage:Storage Directory /workdir/hadoop-ozone/integration-test/target/test-dir/MiniOzoneClusterImpl-6a1a5177-142d-45ca-a3ae-ca7983fa4e43/datanode-2/data/ratis/2c831789-a7be-4e49-9320-0501e79a3e6d
2019-10-12 10:02:20,578 [pool-147-thread-1] INFO  server.RaftServerConfigKeys (ConfUtils.java:logGet(43)) - raft.server.log.queue.byte-limit = 2147483647 (custom)
2019-10-12 10:02:20,578 [pool-147-thread-1] INFO  server.RaftServerConfigKeys (ConfUtils.java:logGet(43)) - raft.server.log.queue.element-limit = 1024 (custom)
2019-10-12 10:02:20,578 [pool-147-thread-1] INFO  server.RaftServerConfigKeys (ConfUtils.java:logGet(43)) - raft.server.log.segment.size.max = 1048576 (custom)
2019-10-12 10:02:20,578 [pool-147-thread-1] INFO  server.RaftServerConfigKeys (ConfUtils.java:logGet(43)) - raft.server.log.preallocated.size = 16384 (custom)
2019-10-12 10:02:20,579 [pool-147-thread-1] INFO  server.RaftServerConfigKeys (ConfUtils.java:logGet(43)) - raft.server.log.write.buffer.size = 33554432 (custom)
2019-10-12 10:02:20,579 [pool-147-thread-1] INFO  server.RaftServerConfigKeys (ConfUtils.java:logGet(43)) - raft.server.log.force.sync.num = 128 (default)
2019-10-12 10:02:20,579 [pool-147-thread-1] INFO  server.RaftServerConfigKeys (ConfUtils.java:logGet(43)) - raft.server.log.statemachine.data.sync = true (default)
2019-10-12 10:02:20,579 [pool-147-thread-1] INFO  server.RaftServerConfigKeys (ConfUtils.java:logGet(43)) - raft.server.log.statemachine.data.sync.timeout = 10s (default)
2019-10-12 10:02:20,579 [pool-147-thread-1] INFO  server.RaftServerConfigKeys (ConfUtils.java:logGet(43)) - raft.server.log.statemachine.data.sync.timeout.retry = -1 (default)
2019-10-12 10:02:20,580 [pool-147-thread-1] INFO  server.RaftServerConfigKeys (ConfUtils.java:logGet(43)) - raft.server.log.statemachine.data.caching.enabled = true (custom)
2019-10-12 10:02:20,580 [pool-147-thread-1] INFO  segmented.SegmentedRaftLogWorker (SegmentedRaftLogWorker.java:lambda$new$0(128)) - 58dcbc52-a83b-4380-9235-78c1f3240b4d@group-0501E79A3E6D-SegmentedRaftLogWorker: flushIndex: setUnconditionally 0 -> -1
2019-10-12 10:02:20,581 [pool-147-thread-1] INFO  server.RaftServerConfigKeys (ConfUtils.java:logGet(43)) - raft.server.snapshot.auto.trigger.enabled = true (custom)
2019-10-12 10:02:20,581 [pool-147-thread-1] INFO  server.RaftServerConfigKeys (ConfUtils.java:logGet(43)) - raft.server.snapshot.auto.trigger.threshold = 10000 (custom)
2019-10-12 10:02:20,581 [pool-147-thread-1] INFO  server.RaftServerConfigKeys (ConfUtils.java:logGet(43)) - raft.server.snapshot.retention.file.num = 5 (custom)
2019-10-12 10:02:20,581 [pool-147-thread-1] INFO  server.RaftServerConfigKeys (ConfUtils.java:logGet(43)) - raft.server.retrycache.expirytime = 600000ms (custom)
2019-10-12 10:02:20,583 [pool-147-thread-1] INFO  impl.RaftServerImpl (RaftServerImpl.java:start(181)) - 58dcbc52-a83b-4380-9235-78c1f3240b4d@group-0501E79A3E6D: start as a follower, conf=-1: [58dcbc52-a83b-4380-9235-78c1f3240b4d:192.168.5.134:44432], old=null
2019-10-12 10:02:20,583 [pool-147-thread-1] INFO  impl.RaftServerImpl (RaftServerImpl.java:setRole(170)) - 58dcbc52-a83b-4380-9235-78c1f3240b4d@group-0501E79A3E6D: changes role from      null to FOLLOWER at term 0 for startAsFollower
2019-10-12 10:02:20,583 [pool-147-thread-1] INFO  impl.RoleInfo (RoleInfo.java:updateAndGet(143)) - 58dcbc52-a83b-4380-9235-78c1f3240b4d: start FollowerState
2019-10-12 10:02:20,584 [pool-147-thread-1] INFO  util.JmxRegister (JmxRegister.java:tryRegister(44)) - Successfully registered JMX Bean with object name Ratis:service=RaftServer,group=group-0501E79A3E6D,id=58dcbc52-a83b-4380-9235-78c1f3240b4d
2019-10-12 10:02:20,586 [Command processor thread] INFO  commandhandler.CreatePipelineCommandHandler (CreatePipelineCommandHandler.java:handle(86)) - Create Pipeline RATIS ONE #id: "2c831789-a7be-4e49-9320-0501e79a3e6d"
 command succeed on datanode 58dcbc52-a83b-4380-9235-78c1f3240b4d.
2019-10-12 10:02:20,588 [Command processor thread] INFO  impl.RaftServerProxy (RaftServerProxy.java:addNew(89)) - 58dcbc52-a83b-4380-9235-78c1f3240b4d: addNew group-3D93945A9CDF:[58dcbc52-a83b-4380-9235-78c1f3240b4d:192.168.5.134:44432, 5e92d7a2-3fd9-439a-8cdd-dcb17af043b6:192.168.5.134:35903, 2462678a-718a-4e8d-88df-884cdbd5ce23:192.168.5.134:33229] returns group-3D93945A9CDF:java.util.concurrent.CompletableFuture@1b46f1d8[Not completed]
2019-10-12 10:02:20,589 [EventQueue-PipelineReportForPipelineReportHandler] INFO  pipeline.PipelineReportHandler (PipelineReportHandler.java:processPipelineReport(104)) - Pipeline ONE PipelineID=2c831789-a7be-4e49-9320-0501e79a3e6d reported by 58dcbc52-a83b-4380-9235-78c1f3240b4d{ip: 192.168.5.134, host: pr-hdds-2034-qjlc4-3656631144, networkLocation: /default-rack, certSerialId: null}
2019-10-12 10:02:20,589 [EventQueue-PipelineReportForPipelineReportHandler] INFO  pipeline.PipelineStateManager (PipelineStateManager.java:openPipeline(134)) - Pipeline Pipeline[ Id: 2c831789-a7be-4e49-9320-0501e79a3e6d, Nodes: 58dcbc52-a83b-4380-9235-78c1f3240b4d{ip: 192.168.5.134, host: pr-hdds-2034-qjlc4-3656631144, networkLocation: /default-rack, certSerialId: null}, Type:RATIS, Factor:ONE, State:ALLOCATED] moved to OPEN state
2019-10-12 10:02:20,590 [pool-147-thread-1] INFO  impl.RaftServerImpl (RaftServerImpl.java:<init>(95)) - 58dcbc52-a83b-4380-9235-78c1f3240b4d: new RaftServerImpl for group-3D93945A9CDF:[58dcbc52-a83b-4380-9235-78c1f3240b4d:192.168.5.134:44432, 5e92d7a2-3fd9-439a-8cdd-dcb17af043b6:192.168.5.134:35903, 2462678a-718a-4e8d-88df-884cdbd5ce23:192.168.5.134:33229] with ContainerStateMachine:uninitialized
2019-10-12 10:02:20,590 [pool-147-thread-1] INFO  server.RaftServerConfigKeys (ConfUtils.java:logGet(43)) - raft.server.rpc.timeout.min = 5s (custom)
2019-10-12 10:02:20,590 [pool-147-thread-1] INFO  server.RaftServerConfigKeys (ConfUtils.java:logGet(43)) - raft.server.rpc.timeout.max = 5200ms (custom)
2019-10-12 10:02:20,590 [pool-147-thread-1] INFO  server.RaftServerConfigKeys (ConfUtils.java:logGet(43)) - raft.server.rpcslowness.timeout = 120s (custom)
2019-10-12 10:02:20,590 [pool-147-thread-1] INFO  server.RaftServerConfigKeys (ConfUtils.java:logGet(43)) - raft.server.sleep.deviation.threshold = 300 (default)
2019-10-12 10:02:20,590 [pool-147-thread-1] INFO  server.RaftServerConfigKeys (ConfUtils.java:logGet(43)) - raft.server.log.appender.install.snapshot.enabled = false (custom)
2019-10-12 10:02:20,590 [pool-147-thread-1] INFO  impl.RaftServerImpl (ServerState.java:<init>(103)) - 58dcbc52-a83b-4380-9235-78c1f3240b4d@group-3D93945A9CDF: ConfigurationManager, init=-1: [58dcbc52-a83b-4380-9235-78c1f3240b4d:192.168.5.134:44432, 5e92d7a2-3fd9-439a-8cdd-dcb17af043b6:192.168.5.134:35903, 2462678a-718a-4e8d-88df-884cdbd5ce23:192.168.5.134:33229], old=null, confs=<EMPTY_MAP>
2019-10-12 10:02:20,590 [pool-147-thread-1] INFO  server.RaftServerConfigKeys (ConfUtils.java:logGet(43)) - raft.server.storage.dir = [/workdir/hadoop-ozone/integration-test/target/test-dir/MiniOzoneClusterImpl-6a1a5177-142d-45ca-a3ae-ca7983fa4e43/datanode-2/data/ratis] (custom)
2019-10-12 10:02:20,591 [pool-147-thread-1] INFO  server.RaftServerConfigKeys (ConfUtils.java:logGet(43)) - raft.server.log.corruption.policy = EXCEPTION (default)
2019-10-12 10:02:20,591 [pool-147-thread-1] INFO  storage.RaftStorageDirectory (RaftStorageDirectory.java:analyzeStorage(246)) - The storage directory /workdir/hadoop-ozone/integration-test/target/test-dir/MiniOzoneClusterImpl-6a1a5177-142d-45ca-a3ae-ca7983fa4e43/datanode-2/data/ratis/d3ab7924-4900-4c24-9b33-3d93945a9cdf does not exist. Creating ...
2019-10-12 10:02:20,603 [pool-147-thread-1] INFO  storage.RaftStorageDirectory (RaftStorageDirectory.java:tryLock(328)) - Lock on /workdir/hadoop-ozone/integration-test/target/test-dir/MiniOzoneClusterImpl-6a1a5177-142d-45ca-a3ae-ca7983fa4e43/datanode-2/data/ratis/d3ab7924-4900-4c24-9b33-3d93945a9cdf/in_use.lock acquired by nodename 3239@pr-hdds-2034-qjlc4-3656631144
2019-10-12 10:02:20,606 [pool-147-thread-1] INFO  storage.RaftStorage (RaftStorage.java:format(84)) - Storage directory /workdir/hadoop-ozone/integration-test/target/test-dir/MiniOzoneClusterImpl-6a1a5177-142d-45ca-a3ae-ca7983fa4e43/datanode-2/data/ratis/d3ab7924-4900-4c24-9b33-3d93945a9cdf has been successfully formatted.
2019-10-12 10:02:20,606 [pool-147-thread-1] INFO  ratis.ContainerStateMachine (ContainerStateMachine.java:loadSnapshot(231)) - group-3D93945A9CDF: The snapshot info is null. Setting the last applied indexto:(t:0, i:~)
2019-10-12 10:02:20,607 [pool-147-thread-1] INFO  server.RaftServerConfigKeys (ConfUtils.java:logGet(43)) - raft.server.notification.no-leader.timeout = 120s (custom)
2019-10-12 10:02:20,607 [pool-147-thread-1] INFO  server.RaftServerConfigKeys (ConfUtils.java:logGet(43)) - raft.server.log.use.memory = false (default)
2019-10-12 10:02:20,607 [pool-147-thread-1] INFO  server.RaftServerConfigKeys (ConfUtils.java:logGet(43)) - raft.server.log.purge.gap = 1000000 (custom)
2019-10-12 10:02:20,607 [pool-147-thread-1] INFO  server.RaftServerConfigKeys (ConfUtils.java:logGet(43)) - raft.server.log.appender.buffer.byte-limit = 33554432 (custom)
2019-10-12 10:02:20,607 [pool-147-thread-1] INFO  server.RaftServerConfigKeys (ConfUtils.java:logGet(43)) - raft.server.log.segment.size.max = 1048576 (custom)
2019-10-12 10:02:20,607 [pool-147-thread-1] INFO  server.RaftServerConfigKeys (ConfUtils.java:logGet(43)) - raft.server.log.segment.cache.num.max = 2 (custom)
2019-10-12 10:02:20,607 [pool-147-thread-1] INFO  segmented.SegmentedRaftLogWorker (SegmentedRaftLogWorker.java:<init>(173)) - new 58dcbc52-a83b-4380-9235-78c1f3240b4d@group-3D93945A9CDF-SegmentedRaftLogWorker for RaftStorage:Storage Directory /workdir/hadoop-ozone/integration-test/target/test-dir/MiniOzoneClusterImpl-6a1a5177-142d-45ca-a3ae-ca7983fa4e43/datanode-2/data/ratis/d3ab7924-4900-4c24-9b33-3d93945a9cdf
2019-10-12 10:02:20,607 [pool-147-thread-1] INFO  server.RaftServerConfigKeys (ConfUtils.java:logGet(43)) - raft.server.log.queue.byte-limit = 2147483647 (custom)
2019-10-12 10:02:20,608 [pool-147-thread-1] INFO  server.RaftServerConfigKeys (ConfUtils.java:logGet(43)) - raft.server.log.queue.element-limit = 1024 (custom)
2019-10-12 10:02:20,608 [pool-147-thread-1] INFO  server.RaftServerConfigKeys (ConfUtils.java:logGet(43)) - raft.server.log.segment.size.max = 1048576 (custom)
2019-10-12 10:02:20,608 [pool-147-thread-1] INFO  server.RaftServerConfigKeys (ConfUtils.java:logGet(43)) - raft.server.log.preallocated.size = 16384 (custom)
2019-10-12 10:02:20,608 [pool-147-thread-1] INFO  server.RaftServerConfigKeys (ConfUtils.java:logGet(43)) - raft.server.log.write.buffer.size = 33554432 (custom)
2019-10-12 10:02:20,608 [pool-147-thread-1] INFO  server.RaftServerConfigKeys (ConfUtils.java:logGet(43)) - raft.server.log.force.sync.num = 128 (default)
2019-10-12 10:02:20,608 [pool-147-thread-1] INFO  server.RaftServerConfigKeys (ConfUtils.java:logGet(43)) - raft.server.log.statemachine.data.sync = true (default)
2019-10-12 10:02:20,608 [pool-147-thread-1] INFO  server.RaftServerConfigKeys (ConfUtils.java:logGet(43)) - raft.server.log.statemachine.data.sync.timeout = 10s (default)
2019-10-12 10:02:20,608 [pool-147-thread-1] INFO  server.RaftServerConfigKeys (ConfUtils.java:logGet(43)) - raft.server.log.statemachine.data.sync.timeout.retry = -1 (default)
2019-10-12 10:02:20,608 [pool-147-thread-1] INFO  server.RaftServerConfigKeys (ConfUtils.java:logGet(43)) - raft.server.log.statemachine.data.caching.enabled = true (custom)
2019-10-12 10:02:20,609 [pool-147-thread-1] INFO  segmented.SegmentedRaftLogWorker (SegmentedRaftLogWorker.java:lambda$new$0(128)) - 58dcbc52-a83b-4380-9235-78c1f3240b4d@group-3D93945A9CDF-SegmentedRaftLogWorker: flushIndex: setUnconditionally 0 -> -1
2019-10-12 10:02:20,609 [pool-147-thread-1] INFO  server.RaftServerConfigKeys (ConfUtils.java:logGet(43)) - raft.server.snapshot.auto.trigger.enabled = true (custom)
2019-10-12 10:02:20,609 [pool-147-thread-1] INFO  server.RaftServerConfigKeys (ConfUtils.java:logGet(43)) - raft.server.snapshot.auto.trigger.threshold = 10000 (custom)
2019-10-12 10:02:20,609 [pool-147-thread-1] INFO  server.RaftServerConfigKeys (ConfUtils.java:logGet(43)) - raft.server.snapshot.retention.file.num = 5 (custom)
2019-10-12 10:02:20,610 [pool-147-thread-1] INFO  server.RaftServerConfigKeys (ConfUtils.java:logGet(43)) - raft.server.retrycache.expirytime = 600000ms (custom)
2019-10-12 10:02:20,612 [pool-147-thread-1] INFO  impl.RaftServerImpl (RaftServerImpl.java:start(181)) - 58dcbc52-a83b-4380-9235-78c1f3240b4d@group-3D93945A9CDF: start as a follower, conf=-1: [58dcbc52-a83b-4380-9235-78c1f3240b4d:192.168.5.134:44432, 5e92d7a2-3fd9-439a-8cdd-dcb17af043b6:192.168.5.134:35903, 2462678a-718a-4e8d-88df-884cdbd5ce23:192.168.5.134:33229], old=null
2019-10-12 10:02:20,612 [pool-147-thread-1] INFO  impl.RaftServerImpl (RaftServerImpl.java:setRole(170)) - 58dcbc52-a83b-4380-9235-78c1f3240b4d@group-3D93945A9CDF: changes role from      null to FOLLOWER at term 0 for startAsFollower
2019-10-12 10:02:20,612 [pool-147-thread-1] INFO  impl.RoleInfo (RoleInfo.java:updateAndGet(143)) - 58dcbc52-a83b-4380-9235-78c1f3240b4d: start FollowerState
2019-10-12 10:02:20,612 [pool-147-thread-1] INFO  util.JmxRegister (JmxRegister.java:tryRegister(44)) - Successfully registered JMX Bean with object name Ratis:service=RaftServer,group=group-3D93945A9CDF,id=58dcbc52-a83b-4380-9235-78c1f3240b4d
2019-10-12 10:02:20,614 [Command processor thread] INFO  commandhandler.CreatePipelineCommandHandler (CreatePipelineCommandHandler.java:handle(86)) - Create Pipeline RATIS THREE #id: "d3ab7924-4900-4c24-9b33-3d93945a9cdf"
 command succeed on datanode 58dcbc52-a83b-4380-9235-78c1f3240b4d.
2019-10-12 10:02:20,616 [EventQueue-PipelineReportForPipelineReportHandler] INFO  pipeline.PipelineReportHandler (PipelineReportHandler.java:processPipelineReport(104)) - Pipeline THREE PipelineID=d3ab7924-4900-4c24-9b33-3d93945a9cdf reported by 58dcbc52-a83b-4380-9235-78c1f3240b4d{ip: 192.168.5.134, host: pr-hdds-2034-qjlc4-3656631144, networkLocation: /default-rack, certSerialId: null}
2019-10-12 10:02:20,616 [EventQueue-PipelineReportForPipelineReportHandler] INFO  pipeline.PipelineStateManager (PipelineStateManager.java:openPipeline(134)) - Pipeline Pipeline[ Id: d3ab7924-4900-4c24-9b33-3d93945a9cdf, Nodes: 58dcbc52-a83b-4380-9235-78c1f3240b4d{ip: 192.168.5.134, host: pr-hdds-2034-qjlc4-3656631144, networkLocation: /default-rack, certSerialId: null}5e92d7a2-3fd9-439a-8cdd-dcb17af043b6{ip: 192.168.5.134, host: pr-hdds-2034-qjlc4-3656631144, networkLocation: /default-rack, certSerialId: null}2462678a-718a-4e8d-88df-884cdbd5ce23{ip: 192.168.5.134, host: pr-hdds-2034-qjlc4-3656631144, networkLocation: /default-rack, certSerialId: null}, Type:RATIS, Factor:THREE, State:ALLOCATED] moved to OPEN state
2019-10-12 10:02:21,557 [main] INFO  ozone.MiniOzoneClusterImpl (MiniOzoneClusterImpl.java:lambda$waitForClusterToBeReady$0(149)) - Nodes are ready. Got 3 of 3 DN Heartbeats.
2019-10-12 10:02:21,557 [main] INFO  ozone.MiniOzoneClusterImpl (MiniOzoneClusterImpl.java:lambda$waitForClusterToBeReady$0(152)) - Waiting for cluster to exit safe mode
2019-10-12 10:02:22,558 [main] INFO  ozone.MiniOzoneClusterImpl (MiniOzoneClusterImpl.java:lambda$waitForClusterToBeReady$0(149)) - Nodes are ready. Got 3 of 3 DN Heartbeats.
2019-10-12 10:02:22,558 [main] INFO  ozone.MiniOzoneClusterImpl (MiniOzoneClusterImpl.java:lambda$waitForClusterToBeReady$0(152)) - Waiting for cluster to exit safe mode
2019-10-12 10:02:23,481 [EventQueue-OpenPipelineForHealthyPipelineSafeModeRule] INFO  safemode.SCMSafeModeManager (SCMSafeModeManager.java:exitSafeMode(211)) - SCM exiting safe mode.
2019-10-12 10:02:23,485 [EventQueue-OpenPipelineForOneReplicaPipelineSafeModeRule] INFO  safemode.SCMSafeModeManager (SCMSafeModeManager.java:validateSafeModeExitRules(174)) - AtleastOneDatanodeReportedRule rule is successfully validated
2019-10-12 10:02:23,485 [EventQueue-OpenPipelineForOneReplicaPipelineSafeModeRule] INFO  safemode.SCMSafeModeManager (SCMSafeModeManager.java:validateSafeModeExitRules(183)) - ScmSafeModeManager, all rules are successfully validated
2019-10-12 10:02:23,559 [main] INFO  ozone.MiniOzoneClusterImpl (MiniOzoneClusterImpl.java:lambda$waitForClusterToBeReady$0(149)) - Nodes are ready. Got 3 of 3 DN Heartbeats.
2019-10-12 10:02:23,559 [main] INFO  ozone.MiniOzoneClusterImpl (MiniOzoneClusterImpl.java:lambda$waitForClusterToBeReady$0(152)) - Cluster exits safe mode
2019-10-12 10:02:23,559 [main] INFO  ozone.MiniOzoneClusterImpl (MiniOzoneClusterImpl.java:getStorageContainerLocationClient(239)) - Creating StorageContainerLocationProtocol RPC client with address /0.0.0.0:40368
2019-10-12 10:02:23,591 [IPC Server handler 0 on 40368] INFO  pipeline.PipelineStateManager (PipelineStateManager.java:addPipeline(56)) - Created pipeline Pipeline[ Id: 03107423-648a-4e82-bca1-4aa0cd42f82b, Nodes: 5e92d7a2-3fd9-439a-8cdd-dcb17af043b6{ip: 192.168.5.134, host: pr-hdds-2034-qjlc4-3656631144, networkLocation: /default-rack, certSerialId: null}, Type:STAND_ALONE, Factor:ONE, State:OPEN]
2019-10-12 10:02:23,600 [main] INFO  ozone.MiniOzoneClusterImpl (MiniOzoneClusterImpl.java:shutdown(319)) - Shutting down the Mini Ozone Cluster
2019-10-12 10:02:23,600 [main] INFO  ozone.MiniOzoneClusterImpl (MiniOzoneClusterImpl.java:stop(335)) - Stopping the Mini Ozone Cluster
2019-10-12 10:02:23,600 [main] INFO  ozone.MiniOzoneClusterImpl (MiniOzoneClusterImpl.java:stopOM(405)) - Stopping the OzoneManager
2019-10-12 10:02:23,600 [main] INFO  ipc.Server (Server.java:stop(3082)) - Stopping server on 44235
2019-10-12 10:02:23,604 [IPC Server listener on 44235] INFO  ipc.Server (Server.java:run(1185)) - Stopping IPC Server listener on 44235
2019-10-12 10:02:23,605 [main] INFO  ratis.OzoneManagerDoubleBuffer (OzoneManagerDoubleBuffer.java:stop(250)) - Stopping OMDoubleBuffer flush thread
2019-10-12 10:02:23,605 [IPC Server Responder] INFO  ipc.Server (Server.java:run(1319)) - Stopping IPC Server Responder
2019-10-12 10:02:23,607 [OMDoubleBufferFlushThread] INFO  ratis.OzoneManagerDoubleBuffer (OzoneManagerDoubleBuffer.java:flushTransactions(193)) - OMDoubleBuffer flush thread OMDoubleBufferFlushThread is interrupted and will exit. OMDoubleBufferFlushThread
2019-10-12 10:02:23,608 [main] INFO  utils.BackgroundService (BackgroundService.java:shutdown(151)) - Shutting down service KeyDeletingService
2019-10-12 10:02:23,609 [main] INFO  handler.ContextHandler (ContextHandler.java:doStop(910)) - Stopped o.e.j.w.WebAppContext@123d7057{/,null,UNAVAILABLE}{/ozoneManager}
2019-10-12 10:02:23,610 [main] INFO  server.AbstractConnector (AbstractConnector.java:doStop(318)) - Stopped ServerConnector@1d247525{HTTP/1.1,[http/1.1]}{0.0.0.0:0}
2019-10-12 10:02:23,610 [main] INFO  handler.ContextHandler (ContextHandler.java:doStop(910)) - Stopped o.e.j.s.ServletContextHandler@7b32b129{/static,file:///workdir/hadoop-ozone/integration-test/target/test-classes/webapps/static,UNAVAILABLE}
2019-10-12 10:02:23,611 [main] INFO  handler.ContextHandler (ContextHandler.java:doStop(910)) - Stopped o.e.j.s.ServletContextHandler@541179e7{/logs,file:///workdir/hadoop-ozone/integration-test/target/log,UNAVAILABLE}
2019-10-12 10:02:23,613 [main] INFO  ozone.MiniOzoneClusterImpl (MiniOzoneClusterImpl.java:stopDatanodes(382)) - Stopping the HddsDatanodes
2019-10-12 10:02:24,526 [Datanode State Machine Thread - 0] INFO  statemachine.DatanodeStateMachine (DatanodeStateMachine.java:lambda$startDaemon$0(356)) - Ozone container server started.
2019-10-12 10:02:24,570 [Datanode State Machine Thread - 0] INFO  statemachine.DatanodeStateMachine (DatanodeStateMachine.java:lambda$startDaemon$0(356)) - Ozone container server started.
2019-10-12 10:02:25,541 [Thread-603] INFO  impl.FollowerState (FollowerState.java:run(108)) - 2462678a-718a-4e8d-88df-884cdbd5ce23@group-CC13BBC2B71C-FollowerState: change to CANDIDATE, lastRpcTime:5073ms, electionTimeout:5073ms
2019-10-12 10:02:25,541 [Thread-603] INFO  impl.RoleInfo (RoleInfo.java:shutdownFollowerState(121)) - 2462678a-718a-4e8d-88df-884cdbd5ce23: shutdown FollowerState
2019-10-12 10:02:25,542 [Thread-603] INFO  impl.RaftServerImpl (RaftServerImpl.java:setRole(170)) - 2462678a-718a-4e8d-88df-884cdbd5ce23@group-CC13BBC2B71C: changes role from  FOLLOWER to CANDIDATE at term 0 for changeToCandidate
2019-10-12 10:02:25,542 [Thread-603] INFO  impl.RoleInfo (RoleInfo.java:updateAndGet(143)) - 2462678a-718a-4e8d-88df-884cdbd5ce23: start LeaderElection
2019-10-12 10:02:25,561 [2462678a-718a-4e8d-88df-884cdbd5ce23@group-CC13BBC2B71C-LeaderElection12] INFO  impl.LeaderElection (LeaderElection.java:askForVotes(178)) - 2462678a-718a-4e8d-88df-884cdbd5ce23@group-CC13BBC2B71C-LeaderElection12: begin an election at term 1 for -1: [2462678a-718a-4e8d-88df-884cdbd5ce23:192.168.5.134:33229], old=null
2019-10-12 10:02:25,561 [2462678a-718a-4e8d-88df-884cdbd5ce23@group-CC13BBC2B71C-LeaderElection12] INFO  impl.RoleInfo (RoleInfo.java:shutdownLeaderElection(134)) - 2462678a-718a-4e8d-88df-884cdbd5ce23: shutdown LeaderElection
2019-10-12 10:02:25,562 [2462678a-718a-4e8d-88df-884cdbd5ce23@group-CC13BBC2B71C-LeaderElection12] INFO  impl.RaftServerImpl (RaftServerImpl.java:setRole(170)) - 2462678a-718a-4e8d-88df-884cdbd5ce23@group-CC13BBC2B71C: changes role from CANDIDATE to LEADER at term 1 for changeToLeader
2019-10-12 10:02:25,562 [2462678a-718a-4e8d-88df-884cdbd5ce23@group-CC13BBC2B71C-LeaderElection12] INFO  impl.RaftServerImpl (ServerState.java:setLeader(255)) - 2462678a-718a-4e8d-88df-884cdbd5ce23@group-CC13BBC2B71C: change Leader from null to 2462678a-718a-4e8d-88df-884cdbd5ce23 at term 1 for becomeLeader, leader elected after 5110ms
2019-10-12 10:02:25,562 [2462678a-718a-4e8d-88df-884cdbd5ce23@group-CC13BBC2B71C-LeaderElection12] INFO  server.RaftServerConfigKeys (ConfUtils.java:logGet(43)) - raft.server.staging.catchup.gap = 1000 (default)
2019-10-12 10:02:25,562 [2462678a-718a-4e8d-88df-884cdbd5ce23@group-CC13BBC2B71C-LeaderElection12] INFO  server.RaftServerConfigKeys (ConfUtils.java:logGet(43)) - raft.server.rpc.sleep.time = 25ms (default)
2019-10-12 10:02:25,562 [2462678a-718a-4e8d-88df-884cdbd5ce23@group-CC13BBC2B71C-LeaderElection12] INFO  server.RaftServerConfigKeys (ConfUtils.java:logGet(43)) - raft.server.write.element-limit = 4096 (default)
2019-10-12 10:02:25,563 [2462678a-718a-4e8d-88df-884cdbd5ce23@group-CC13BBC2B71C-LeaderElection12] INFO  server.RaftServerConfigKeys (ConfUtils.java:logGet(43)) - raft.server.watch.timeout = 10s (default)
2019-10-12 10:02:25,563 [2462678a-718a-4e8d-88df-884cdbd5ce23@group-CC13BBC2B71C-LeaderElection12] INFO  server.RaftServerConfigKeys (ConfUtils.java:logGet(43)) - raft.server.watch.timeout.denomination = 1s (default)
2019-10-12 10:02:25,563 [2462678a-718a-4e8d-88df-884cdbd5ce23@group-CC13BBC2B71C-LeaderElection12] INFO  server.RaftServerConfigKeys (ConfUtils.java:logGet(43)) - raft.server.watch.element-limit = 65536 (default)
2019-10-12 10:02:25,567 [2462678a-718a-4e8d-88df-884cdbd5ce23@group-CC13BBC2B71C-LeaderElection12] INFO  impl.RoleInfo (RoleInfo.java:updateAndGet(143)) - 2462678a-718a-4e8d-88df-884cdbd5ce23: start LeaderState
2019-10-12 10:02:25,567 [2462678a-718a-4e8d-88df-884cdbd5ce23@group-CC13BBC2B71C-LeaderElection12] INFO  segmented.SegmentedRaftLogWorker (SegmentedRaftLogWorker.java:startLogSegment(385)) - 2462678a-718a-4e8d-88df-884cdbd5ce23@group-CC13BBC2B71C-SegmentedRaftLogWorker: Starting segment from index:0
2019-10-12 10:02:25,568 [2462678a-718a-4e8d-88df-884cdbd5ce23@group-CC13BBC2B71C-LeaderElection12] INFO  impl.RaftServerImpl (ServerState.java:setRaftConf(356)) - 2462678a-718a-4e8d-88df-884cdbd5ce23@group-CC13BBC2B71C: set configuration 0: [2462678a-718a-4e8d-88df-884cdbd5ce23:192.168.5.134:33229], old=null at 0
2019-10-12 10:02:25,606 [Thread-608] INFO  impl.FollowerState (FollowerState.java:run(108)) - 2462678a-718a-4e8d-88df-884cdbd5ce23@group-3D93945A9CDF-FollowerState: change to CANDIDATE, lastRpcTime:5083ms, electionTimeout:5083ms
2019-10-12 10:02:25,606 [Thread-608] INFO  impl.RoleInfo (RoleInfo.java:shutdownFollowerState(121)) - 2462678a-718a-4e8d-88df-884cdbd5ce23: shutdown FollowerState
2019-10-12 10:02:25,606 [Thread-608] INFO  impl.RaftServerImpl (RaftServerImpl.java:setRole(170)) - 2462678a-718a-4e8d-88df-884cdbd5ce23@group-3D93945A9CDF: changes role from  FOLLOWER to CANDIDATE at term 0 for changeToCandidate
2019-10-12 10:02:25,607 [Thread-608] INFO  impl.RoleInfo (RoleInfo.java:updateAndGet(143)) - 2462678a-718a-4e8d-88df-884cdbd5ce23: start LeaderElection
2019-10-12 10:02:25,621 [2462678a-718a-4e8d-88df-884cdbd5ce23@group-CC13BBC2B71C-SegmentedRaftLogWorker] INFO  segmented.SegmentedRaftLogWorker (SegmentedRaftLogWorker.java:execute(574)) - 2462678a-718a-4e8d-88df-884cdbd5ce23@group-CC13BBC2B71C-SegmentedRaftLogWorker: created new log segment /workdir/hadoop-ozone/integration-test/target/test-dir/MiniOzoneClusterImpl-6a1a5177-142d-45ca-a3ae-ca7983fa4e43/datanode-0/data/ratis/6a76692a-b798-442e-92cb-cc13bbc2b71c/current/log_inprogress_0
2019-10-12 10:02:25,621 [2462678a-718a-4e8d-88df-884cdbd5ce23@group-3D93945A9CDF-LeaderElection13] INFO  impl.LeaderElection (LeaderElection.java:askForVotes(178)) - 2462678a-718a-4e8d-88df-884cdbd5ce23@group-3D93945A9CDF-LeaderElection13: begin an election at term 1 for -1: [58dcbc52-a83b-4380-9235-78c1f3240b4d:192.168.5.134:44432, 5e92d7a2-3fd9-439a-8cdd-dcb17af043b6:192.168.5.134:35903, 2462678a-718a-4e8d-88df-884cdbd5ce23:192.168.5.134:33229], old=null
2019-10-12 10:02:25,622 [Thread-615] INFO  impl.FollowerState (FollowerState.java:run(108)) - 58dcbc52-a83b-4380-9235-78c1f3240b4d@group-3D93945A9CDF-FollowerState: change to CANDIDATE, lastRpcTime:5010ms, electionTimeout:5010ms
2019-10-12 10:02:25,623 [Thread-615] INFO  impl.RoleInfo (RoleInfo.java:shutdownFollowerState(121)) - 58dcbc52-a83b-4380-9235-78c1f3240b4d: shutdown FollowerState
2019-10-12 10:02:25,623 [Thread-615] INFO  impl.RaftServerImpl (RaftServerImpl.java:setRole(170)) - 58dcbc52-a83b-4380-9235-78c1f3240b4d@group-3D93945A9CDF: changes role from  FOLLOWER to CANDIDATE at term 0 for changeToCandidate
2019-10-12 10:02:25,623 [Thread-615] INFO  impl.RoleInfo (RoleInfo.java:updateAndGet(143)) - 58dcbc52-a83b-4380-9235-78c1f3240b4d: start LeaderElection
2019-10-12 10:02:25,635 [58dcbc52-a83b-4380-9235-78c1f3240b4d@group-3D93945A9CDF-LeaderElection14] INFO  impl.LeaderElection (LeaderElection.java:askForVotes(178)) - 58dcbc52-a83b-4380-9235-78c1f3240b4d@group-3D93945A9CDF-LeaderElection14: begin an election at term 1 for -1: [58dcbc52-a83b-4380-9235-78c1f3240b4d:192.168.5.134:44432, 5e92d7a2-3fd9-439a-8cdd-dcb17af043b6:192.168.5.134:35903, 2462678a-718a-4e8d-88df-884cdbd5ce23:192.168.5.134:33229], old=null
2019-10-12 10:02:25,638 [Thread-609] INFO  impl.FollowerState (FollowerState.java:run(108)) - 5e92d7a2-3fd9-439a-8cdd-dcb17af043b6@group-2D35FAA31840-FollowerState: change to CANDIDATE, lastRpcTime:5113ms, electionTimeout:5112ms
2019-10-12 10:02:25,638 [Thread-609] INFO  impl.RoleInfo (RoleInfo.java:shutdownFollowerState(121)) - 5e92d7a2-3fd9-439a-8cdd-dcb17af043b6: shutdown FollowerState
2019-10-12 10:02:25,640 [Thread-609] INFO  impl.RaftServerImpl (RaftServerImpl.java:setRole(170)) - 5e92d7a2-3fd9-439a-8cdd-dcb17af043b6@group-2D35FAA31840: changes role from  FOLLOWER to CANDIDATE at term 0 for changeToCandidate
2019-10-12 10:02:25,641 [Thread-609] INFO  impl.RoleInfo (RoleInfo.java:updateAndGet(143)) - 5e92d7a2-3fd9-439a-8cdd-dcb17af043b6: start LeaderElection
2019-10-12 10:02:25,644 [Thread-611] INFO  impl.FollowerState (FollowerState.java:run(108)) - 5e92d7a2-3fd9-439a-8cdd-dcb17af043b6@group-3D93945A9CDF-FollowerState: change to CANDIDATE, lastRpcTime:5077ms, electionTimeout:5077ms
2019-10-12 10:02:25,646 [Thread-611] INFO  impl.RoleInfo (RoleInfo.java:shutdownFollowerState(121)) - 5e92d7a2-3fd9-439a-8cdd-dcb17af043b6: shutdown FollowerState
2019-10-12 10:02:25,648 [Thread-611] INFO  impl.RaftServerImpl (RaftServerImpl.java:setRole(170)) - 5e92d7a2-3fd9-439a-8cdd-dcb17af043b6@group-3D93945A9CDF: changes role from  FOLLOWER to CANDIDATE at term 0 for changeToCandidate
2019-10-12 10:02:25,648 [Thread-611] INFO  impl.RoleInfo (RoleInfo.java:updateAndGet(143)) - 5e92d7a2-3fd9-439a-8cdd-dcb17af043b6: start LeaderElection
2019-10-12 10:02:25,662 [5e92d7a2-3fd9-439a-8cdd-dcb17af043b6@group-2D35FAA31840-LeaderElection15] INFO  impl.LeaderElection (LeaderElection.java:askForVotes(178)) - 5e92d7a2-3fd9-439a-8cdd-dcb17af043b6@group-2D35FAA31840-LeaderElection15: begin an election at term 1 for -1: [5e92d7a2-3fd9-439a-8cdd-dcb17af043b6:192.168.5.134:35903], old=null
2019-10-12 10:02:25,662 [5e92d7a2-3fd9-439a-8cdd-dcb17af043b6@group-3D93945A9CDF-LeaderElection16] INFO  impl.LeaderElection (LeaderElection.java:askForVotes(178)) - 5e92d7a2-3fd9-439a-8cdd-dcb17af043b6@group-3D93945A9CDF-LeaderElection16: begin an election at term 1 for -1: [58dcbc52-a83b-4380-9235-78c1f3240b4d:192.168.5.134:44432, 5e92d7a2-3fd9-439a-8cdd-dcb17af043b6:192.168.5.134:35903, 2462678a-718a-4e8d-88df-884cdbd5ce23:192.168.5.134:33229], old=null
2019-10-12 10:02:25,663 [5e92d7a2-3fd9-439a-8cdd-dcb17af043b6@group-2D35FAA31840-LeaderElection15] INFO  impl.RoleInfo (RoleInfo.java:shutdownLeaderElection(134)) - 5e92d7a2-3fd9-439a-8cdd-dcb17af043b6: shutdown LeaderElection
2019-10-12 10:02:25,663 [5e92d7a2-3fd9-439a-8cdd-dcb17af043b6@group-2D35FAA31840-LeaderElection15] INFO  impl.RaftServerImpl (RaftServerImpl.java:setRole(170)) - 5e92d7a2-3fd9-439a-8cdd-dcb17af043b6@group-2D35FAA31840: changes role from CANDIDATE to LEADER at term 1 for changeToLeader
2019-10-12 10:02:25,664 [5e92d7a2-3fd9-439a-8cdd-dcb17af043b6@group-2D35FAA31840-LeaderElection15] INFO  impl.RaftServerImpl (ServerState.java:setLeader(255)) - 5e92d7a2-3fd9-439a-8cdd-dcb17af043b6@group-2D35FAA31840: change Leader from null to 5e92d7a2-3fd9-439a-8cdd-dcb17af043b6 at term 1 for becomeLeader, leader elected after 5151ms
2019-10-12 10:02:25,665 [5e92d7a2-3fd9-439a-8cdd-dcb17af043b6@group-2D35FAA31840-LeaderElection15] INFO  server.RaftServerConfigKeys (ConfUtils.java:logGet(43)) - raft.server.staging.catchup.gap = 1000 (default)
2019-10-12 10:02:25,665 [5e92d7a2-3fd9-439a-8cdd-dcb17af043b6@group-2D35FAA31840-LeaderElection15] INFO  server.RaftServerConfigKeys (ConfUtils.java:logGet(43)) - raft.server.rpc.sleep.time = 25ms (default)
2019-10-12 10:02:25,665 [5e92d7a2-3fd9-439a-8cdd-dcb17af043b6@group-2D35FAA31840-LeaderElection15] INFO  server.RaftServerConfigKeys (ConfUtils.java:logGet(43)) - raft.server.write.element-limit = 4096 (default)
2019-10-12 10:02:25,665 [5e92d7a2-3fd9-439a-8cdd-dcb17af043b6@group-2D35FAA31840-LeaderElection15] INFO  server.RaftServerConfigKeys (ConfUtils.java:logGet(43)) - raft.server.watch.timeout = 10s (default)
2019-10-12 10:02:25,667 [5e92d7a2-3fd9-439a-8cdd-dcb17af043b6@group-2D35FAA31840-LeaderElection15] INFO  server.RaftServerConfigKeys (ConfUtils.java:logGet(43)) - raft.server.watch.timeout.denomination = 1s (default)
2019-10-12 10:02:25,667 [5e92d7a2-3fd9-439a-8cdd-dcb17af043b6@group-2D35FAA31840-LeaderElection15] INFO  server.RaftServerConfigKeys (ConfUtils.java:logGet(43)) - raft.server.watch.element-limit = 65536 (default)
2019-10-12 10:02:25,681 [Thread-613] INFO  impl.FollowerState (FollowerState.java:run(108)) - 58dcbc52-a83b-4380-9235-78c1f3240b4d@group-0501E79A3E6D-FollowerState: change to CANDIDATE, lastRpcTime:5097ms, electionTimeout:5097ms
2019-10-12 10:02:25,682 [Thread-613] INFO  impl.RoleInfo (RoleInfo.java:shutdownFollowerState(121)) - 58dcbc52-a83b-4380-9235-78c1f3240b4d: shutdown FollowerState
2019-10-12 10:02:25,682 [5e92d7a2-3fd9-439a-8cdd-dcb17af043b6@group-2D35FAA31840-LeaderElection15] INFO  impl.RoleInfo (RoleInfo.java:updateAndGet(143)) - 5e92d7a2-3fd9-439a-8cdd-dcb17af043b6: start LeaderState
2019-10-12 10:02:25,683 [Thread-613] INFO  impl.RaftServerImpl (RaftServerImpl.java:setRole(170)) - 58dcbc52-a83b-4380-9235-78c1f3240b4d@group-0501E79A3E6D: changes role from  FOLLOWER to CANDIDATE at term 0 for changeToCandidate
2019-10-12 10:02:25,684 [Thread-613] INFO  impl.RoleInfo (RoleInfo.java:updateAndGet(143)) - 58dcbc52-a83b-4380-9235-78c1f3240b4d: start LeaderElection
2019-10-12 10:02:25,684 [5e92d7a2-3fd9-439a-8cdd-dcb17af043b6@group-2D35FAA31840-LeaderElection15] INFO  segmented.SegmentedRaftLogWorker (SegmentedRaftLogWorker.java:startLogSegment(385)) - 5e92d7a2-3fd9-439a-8cdd-dcb17af043b6@group-2D35FAA31840-SegmentedRaftLogWorker: Starting segment from index:0
2019-10-12 10:02:25,689 [5e92d7a2-3fd9-439a-8cdd-dcb17af043b6@group-2D35FAA31840-LeaderElection15] INFO  impl.RaftServerImpl (ServerState.java:setRaftConf(356)) - 5e92d7a2-3fd9-439a-8cdd-dcb17af043b6@group-2D35FAA31840: set configuration 0: [5e92d7a2-3fd9-439a-8cdd-dcb17af043b6:192.168.5.134:35903], old=null at 0
2019-10-12 10:02:25,726 [58dcbc52-a83b-4380-9235-78c1f3240b4d@group-0501E79A3E6D-LeaderElection17] INFO  impl.LeaderElection (LeaderElection.java:askForVotes(178)) - 58dcbc52-a83b-4380-9235-78c1f3240b4d@group-0501E79A3E6D-LeaderElection17: begin an election at term 1 for -1: [58dcbc52-a83b-4380-9235-78c1f3240b4d:192.168.5.134:44432], old=null
2019-10-12 10:02:25,729 [58dcbc52-a83b-4380-9235-78c1f3240b4d@group-0501E79A3E6D-LeaderElection17] INFO  impl.RoleInfo (RoleInfo.java:shutdownLeaderElection(134)) - 58dcbc52-a83b-4380-9235-78c1f3240b4d: shutdown LeaderElection
2019-10-12 10:02:25,732 [58dcbc52-a83b-4380-9235-78c1f3240b4d@group-0501E79A3E6D-LeaderElection17] INFO  impl.RaftServerImpl (RaftServerImpl.java:setRole(170)) - 58dcbc52-a83b-4380-9235-78c1f3240b4d@group-0501E79A3E6D: changes role from CANDIDATE to LEADER at term 1 for changeToLeader
2019-10-12 10:02:25,732 [58dcbc52-a83b-4380-9235-78c1f3240b4d@group-0501E79A3E6D-LeaderElection17] INFO  impl.RaftServerImpl (ServerState.java:setLeader(255)) - 58dcbc52-a83b-4380-9235-78c1f3240b4d@group-0501E79A3E6D: change Leader from null to 58dcbc52-a83b-4380-9235-78c1f3240b4d at term 1 for becomeLeader, leader elected after 5158ms
2019-10-12 10:02:25,733 [58dcbc52-a83b-4380-9235-78c1f3240b4d@group-0501E79A3E6D-LeaderElection17] INFO  server.RaftServerConfigKeys (ConfUtils.java:logGet(43)) - raft.server.staging.catchup.gap = 1000 (default)
2019-10-12 10:02:25,735 [58dcbc52-a83b-4380-9235-78c1f3240b4d@group-0501E79A3E6D-LeaderElection17] INFO  server.RaftServerConfigKeys (ConfUtils.java:logGet(43)) - raft.server.rpc.sleep.time = 25ms (default)
2019-10-12 10:02:25,739 [58dcbc52-a83b-4380-9235-78c1f3240b4d@group-0501E79A3E6D-LeaderElection17] INFO  server.RaftServerConfigKeys (ConfUtils.java:logGet(43)) - raft.server.write.element-limit = 4096 (default)
2019-10-12 10:02:25,741 [58dcbc52-a83b-4380-9235-78c1f3240b4d@group-0501E79A3E6D-LeaderElection17] INFO  server.RaftServerConfigKeys (ConfUtils.java:logGet(43)) - raft.server.watch.timeout = 10s (default)
2019-10-12 10:02:25,741 [58dcbc52-a83b-4380-9235-78c1f3240b4d@group-0501E79A3E6D-LeaderElection17] INFO  server.RaftServerConfigKeys (ConfUtils.java:logGet(43)) - raft.server.watch.timeout.denomination = 1s (default)
2019-10-12 10:02:25,741 [58dcbc52-a83b-4380-9235-78c1f3240b4d@group-0501E79A3E6D-LeaderElection17] INFO  server.RaftServerConfigKeys (ConfUtils.java:logGet(43)) - raft.server.watch.element-limit = 65536 (default)
2019-10-12 10:02:25,746 [2462678a-718a-4e8d-88df-884cdbd5ce23@group-3D93945A9CDF-LeaderElection13] INFO  impl.LeaderElection (LeaderElection.java:logAndReturn(56)) - 2462678a-718a-4e8d-88df-884cdbd5ce23@group-3D93945A9CDF-LeaderElection13: Election REJECTED; received 2 response(s) [2462678a-718a-4e8d-88df-884cdbd5ce23<-58dcbc52-a83b-4380-9235-78c1f3240b4d#0:FAIL-t1, 2462678a-718a-4e8d-88df-884cdbd5ce23<-5e92d7a2-3fd9-439a-8cdd-dcb17af043b6#0:FAIL-t1] and 0 exception(s); 2462678a-718a-4e8d-88df-884cdbd5ce23@group-3D93945A9CDF:t1, leader=null, voted=2462678a-718a-4e8d-88df-884cdbd5ce23, raftlog=2462678a-718a-4e8d-88df-884cdbd5ce23@group-3D93945A9CDF-SegmentedRaftLog:OPENED:c-1,f-1,i0, conf=-1: [58dcbc52-a83b-4380-9235-78c1f3240b4d:192.168.5.134:44432, 5e92d7a2-3fd9-439a-8cdd-dcb17af043b6:192.168.5.134:35903, 2462678a-718a-4e8d-88df-884cdbd5ce23:192.168.5.134:33229], old=null
2019-10-12 10:02:25,751 [2462678a-718a-4e8d-88df-884cdbd5ce23@group-3D93945A9CDF-LeaderElection13] INFO  impl.RaftServerImpl (RaftServerImpl.java:setRole(170)) - 2462678a-718a-4e8d-88df-884cdbd5ce23@group-3D93945A9CDF: changes role from CANDIDATE to FOLLOWER at term 1 for DISCOVERED_A_NEW_TERM
2019-10-12 10:02:25,754 [5e92d7a2-3fd9-439a-8cdd-dcb17af043b6@group-2D35FAA31840-SegmentedRaftLogWorker] INFO  segmented.SegmentedRaftLogWorker (SegmentedRaftLogWorker.java:execute(574)) - 5e92d7a2-3fd9-439a-8cdd-dcb17af043b6@group-2D35FAA31840-SegmentedRaftLogWorker: created new log segment /workdir/hadoop-ozone/integration-test/target/test-dir/MiniOzoneClusterImpl-6a1a5177-142d-45ca-a3ae-ca7983fa4e43/datanode-1/data/ratis/f6cf12ef-5b85-44ca-a232-2d35faa31840/current/log_inprogress_0
2019-10-12 10:02:25,754 [2462678a-718a-4e8d-88df-884cdbd5ce23@group-3D93945A9CDF-LeaderElection13] INFO  impl.RoleInfo (RoleInfo.java:shutdownLeaderElection(134)) - 2462678a-718a-4e8d-88df-884cdbd5ce23: shutdown LeaderElection
2019-10-12 10:02:25,756 [2462678a-718a-4e8d-88df-884cdbd5ce23@group-3D93945A9CDF-LeaderElection13] INFO  impl.RoleInfo (RoleInfo.java:updateAndGet(143)) - 2462678a-718a-4e8d-88df-884cdbd5ce23: start FollowerState
2019-10-12 10:02:25,757 [58dcbc52-a83b-4380-9235-78c1f3240b4d@group-0501E79A3E6D-LeaderElection17] INFO  impl.RoleInfo (RoleInfo.java:updateAndGet(143)) - 58dcbc52-a83b-4380-9235-78c1f3240b4d: start LeaderState
2019-10-12 10:02:25,759 [58dcbc52-a83b-4380-9235-78c1f3240b4d@group-0501E79A3E6D-LeaderElection17] INFO  segmented.SegmentedRaftLogWorker (SegmentedRaftLogWorker.java:startLogSegment(385)) - 58dcbc52-a83b-4380-9235-78c1f3240b4d@group-0501E79A3E6D-SegmentedRaftLogWorker: Starting segment from index:0
2019-10-12 10:02:25,761 [58dcbc52-a83b-4380-9235-78c1f3240b4d@group-0501E79A3E6D-LeaderElection17] INFO  impl.RaftServerImpl (ServerState.java:setRaftConf(356)) - 58dcbc52-a83b-4380-9235-78c1f3240b4d@group-0501E79A3E6D: set configuration 0: [58dcbc52-a83b-4380-9235-78c1f3240b4d:192.168.5.134:44432], old=null at 0
2019-10-12 10:02:25,801 [58dcbc52-a83b-4380-9235-78c1f3240b4d@group-3D93945A9CDF-LeaderElection14] INFO  impl.LeaderElection (LeaderElection.java:logAndReturn(56)) - 58dcbc52-a83b-4380-9235-78c1f3240b4d@group-3D93945A9CDF-LeaderElection14: Election REJECTED; received 2 response(s) [58dcbc52-a83b-4380-9235-78c1f3240b4d<-5e92d7a2-3fd9-439a-8cdd-dcb17af043b6#0:FAIL-t1, 58dcbc52-a83b-4380-9235-78c1f3240b4d<-2462678a-718a-4e8d-88df-884cdbd5ce23#0:FAIL-t1] and 0 exception(s); 58dcbc52-a83b-4380-9235-78c1f3240b4d@group-3D93945A9CDF:t1, leader=null, voted=58dcbc52-a83b-4380-9235-78c1f3240b4d, raftlog=58dcbc52-a83b-4380-9235-78c1f3240b4d@group-3D93945A9CDF-SegmentedRaftLog:OPENED:c-1,f-1,i0, conf=-1: [58dcbc52-a83b-4380-9235-78c1f3240b4d:192.168.5.134:44432, 5e92d7a2-3fd9-439a-8cdd-dcb17af043b6:192.168.5.134:35903, 2462678a-718a-4e8d-88df-884cdbd5ce23:192.168.5.134:33229], old=null
2019-10-12 10:02:25,801 [58dcbc52-a83b-4380-9235-78c1f3240b4d@group-3D93945A9CDF-LeaderElection14] INFO  impl.RaftServerImpl (RaftServerImpl.java:setRole(170)) - 58dcbc52-a83b-4380-9235-78c1f3240b4d@group-3D93945A9CDF: changes role from CANDIDATE to FOLLOWER at term 1 for DISCOVERED_A_NEW_TERM
2019-10-12 10:02:25,803 [58dcbc52-a83b-4380-9235-78c1f3240b4d@group-3D93945A9CDF-LeaderElection14] INFO  impl.RoleInfo (RoleInfo.java:shutdownLeaderElection(134)) - 58dcbc52-a83b-4380-9235-78c1f3240b4d: shutdown LeaderElection
2019-10-12 10:02:25,803 [58dcbc52-a83b-4380-9235-78c1f3240b4d@group-3D93945A9CDF-LeaderElection14] INFO  impl.RoleInfo (RoleInfo.java:updateAndGet(143)) - 58dcbc52-a83b-4380-9235-78c1f3240b4d: start FollowerState
2019-10-12 10:02:25,810 [5e92d7a2-3fd9-439a-8cdd-dcb17af043b6@group-3D93945A9CDF-LeaderElection16] INFO  impl.LeaderElection (LeaderElection.java:logAndReturn(56)) - 5e92d7a2-3fd9-439a-8cdd-dcb17af043b6@group-3D93945A9CDF-LeaderElection16: Election REJECTED; received 2 response(s) [5e92d7a2-3fd9-439a-8cdd-dcb17af043b6<-58dcbc52-a83b-4380-9235-78c1f3240b4d#0:FAIL-t1, 5e92d7a2-3fd9-439a-8cdd-dcb17af043b6<-2462678a-718a-4e8d-88df-884cdbd5ce23#0:FAIL-t1] and 0 exception(s); 5e92d7a2-3fd9-439a-8cdd-dcb17af043b6@group-3D93945A9CDF:t1, leader=null, voted=5e92d7a2-3fd9-439a-8cdd-dcb17af043b6, raftlog=5e92d7a2-3fd9-439a-8cdd-dcb17af043b6@group-3D93945A9CDF-SegmentedRaftLog:OPENED:c-1,f-1,i0, conf=-1: [58dcbc52-a83b-4380-9235-78c1f3240b4d:192.168.5.134:44432, 5e92d7a2-3fd9-439a-8cdd-dcb17af043b6:192.168.5.134:35903, 2462678a-718a-4e8d-88df-884cdbd5ce23:192.168.5.134:33229], old=null
2019-10-12 10:02:25,811 [5e92d7a2-3fd9-439a-8cdd-dcb17af043b6@group-3D93945A9CDF-LeaderElection16] INFO  impl.RaftServerImpl (RaftServerImpl.java:setRole(170)) - 5e92d7a2-3fd9-439a-8cdd-dcb17af043b6@group-3D93945A9CDF: changes role from CANDIDATE to FOLLOWER at term 1 for DISCOVERED_A_NEW_TERM
2019-10-12 10:02:25,814 [5e92d7a2-3fd9-439a-8cdd-dcb17af043b6@group-3D93945A9CDF-LeaderElection16] INFO  impl.RoleInfo (RoleInfo.java:shutdownLeaderElection(134)) - 5e92d7a2-3fd9-439a-8cdd-dcb17af043b6: shutdown LeaderElection
2019-10-12 10:02:25,814 [58dcbc52-a83b-4380-9235-78c1f3240b4d@group-0501E79A3E6D-SegmentedRaftLogWorker] INFO  segmented.SegmentedRaftLogWorker (SegmentedRaftLogWorker.java:execute(574)) - 58dcbc52-a83b-4380-9235-78c1f3240b4d@group-0501E79A3E6D-SegmentedRaftLogWorker: created new log segment /workdir/hadoop-ozone/integration-test/target/test-dir/MiniOzoneClusterImpl-6a1a5177-142d-45ca-a3ae-ca7983fa4e43/datanode-2/data/ratis/2c831789-a7be-4e49-9320-0501e79a3e6d/current/log_inprogress_0
2019-10-12 10:02:25,815 [5e92d7a2-3fd9-439a-8cdd-dcb17af043b6@group-3D93945A9CDF-LeaderElection16] INFO  impl.RoleInfo (RoleInfo.java:updateAndGet(143)) - 5e92d7a2-3fd9-439a-8cdd-dcb17af043b6: start FollowerState
2019-10-12 10:02:26,485 [EventQueue-OpenPipelineForOneReplicaPipelineSafeModeRule] INFO  safemode.SCMSafeModeManager (SCMSafeModeManager.java:exitSafeMode(211)) - SCM exiting safe mode.
2019-10-12 10:02:26,486 [Thread-617] INFO  container.ReplicationManager (ReplicationManager.java:start(162)) - Starting Replication Monitor Thread.
2019-10-12 10:02:26,489 [ReplicationMonitor] INFO  container.ReplicationManager (ReplicationManager.java:run(225)) - Replication Monitor Thread took 0 milliseconds for processing 2 containers.
2019-10-12 10:02:28,613 [main] INFO  ozoneimpl.OzoneContainer (OzoneContainer.java:stop(227)) - Attempting to stop container services.
2019-10-12 10:02:28,614 [ForkJoinPool.commonPool-worker-1] INFO  ozoneimpl.OzoneContainer (OzoneContainer.java:stop(227)) - Attempting to stop container services.
2019-10-12 10:02:28,614 [main] INFO  impl.RaftServerProxy (RaftServerProxy.java:lambda$close$4(314)) - 5e92d7a2-3fd9-439a-8cdd-dcb17af043b6: close
2019-10-12 10:02:28,615 [ForkJoinPool.commonPool-worker-1] INFO  impl.RaftServerProxy (RaftServerProxy.java:lambda$close$4(314)) - 2462678a-718a-4e8d-88df-884cdbd5ce23: close
2019-10-12 10:02:28,615 [main] INFO  impl.RaftServerImpl (RaftServerImpl.java:lambda$shutdown$3(247)) - 5e92d7a2-3fd9-439a-8cdd-dcb17af043b6@group-2D35FAA31840: shutdown
2019-10-12 10:02:28,616 [ForkJoinPool.commonPool-worker-1] INFO  impl.RaftServerImpl (RaftServerImpl.java:lambda$shutdown$3(247)) - 2462678a-718a-4e8d-88df-884cdbd5ce23@group-CC13BBC2B71C: shutdown
2019-10-12 10:02:28,616 [main] INFO  util.JmxRegister (JmxRegister.java:unregister(73)) - Successfully un-registered JMX Bean with object name Ratis:service=RaftServer,group=group-2D35FAA31840,id=5e92d7a2-3fd9-439a-8cdd-dcb17af043b6
2019-10-12 10:02:28,616 [ForkJoinPool.commonPool-worker-1] INFO  util.JmxRegister (JmxRegister.java:unregister(73)) - Successfully un-registered JMX Bean with object name Ratis:service=RaftServer,group=group-CC13BBC2B71C,id=2462678a-718a-4e8d-88df-884cdbd5ce23
2019-10-12 10:02:28,617 [main] INFO  impl.RoleInfo (RoleInfo.java:shutdownLeaderState(104)) - 5e92d7a2-3fd9-439a-8cdd-dcb17af043b6: shutdown LeaderState
2019-10-12 10:02:28,617 [ForkJoinPool.commonPool-worker-1] INFO  impl.RoleInfo (RoleInfo.java:shutdownLeaderState(104)) - 2462678a-718a-4e8d-88df-884cdbd5ce23: shutdown LeaderState
2019-10-12 10:02:28,618 [main] INFO  impl.PendingRequests (PendingRequests.java:sendNotLeaderResponses(202)) - 5e92d7a2-3fd9-439a-8cdd-dcb17af043b6@group-2D35FAA31840-PendingRequests: sendNotLeaderResponses
2019-10-12 10:02:28,618 [ForkJoinPool.commonPool-worker-1] INFO  impl.PendingRequests (PendingRequests.java:sendNotLeaderResponses(202)) - 2462678a-718a-4e8d-88df-884cdbd5ce23@group-CC13BBC2B71C-PendingRequests: sendNotLeaderResponses
2019-10-12 10:02:28,619 [main] INFO  impl.StateMachineUpdater (StateMachineUpdater.java:stopAndJoin(136)) - 5e92d7a2-3fd9-439a-8cdd-dcb17af043b6@group-2D35FAA31840-StateMachineUpdater: set stopIndex = 0
2019-10-12 10:02:28,619 [ForkJoinPool.commonPool-worker-1] INFO  impl.StateMachineUpdater (StateMachineUpdater.java:stopAndJoin(136)) - 2462678a-718a-4e8d-88df-884cdbd5ce23@group-CC13BBC2B71C-StateMachineUpdater: set stopIndex = 0
2019-10-12 10:02:28,626 [ForkJoinPool.commonPool-worker-1] INFO  impl.RaftServerImpl (ServerState.java:close(387)) - 2462678a-718a-4e8d-88df-884cdbd5ce23@group-CC13BBC2B71C: closes. applyIndex: 0
2019-10-12 10:02:28,623 [main] INFO  impl.RaftServerImpl (ServerState.java:close(387)) - 5e92d7a2-3fd9-439a-8cdd-dcb17af043b6@group-2D35FAA31840: closes. applyIndex: 0
2019-10-12 10:02:28,626 [2462678a-718a-4e8d-88df-884cdbd5ce23@group-CC13BBC2B71C-SegmentedRaftLogWorker] INFO  segmented.SegmentedRaftLogWorker (SegmentedRaftLogWorker.java:run(316)) - 2462678a-718a-4e8d-88df-884cdbd5ce23@group-CC13BBC2B71C-SegmentedRaftLogWorker was interrupted, exiting. There are 0 tasks remaining in the queue.
2019-10-12 10:02:28,627 [5e92d7a2-3fd9-439a-8cdd-dcb17af043b6@group-2D35FAA31840-SegmentedRaftLogWorker] INFO  segmented.SegmentedRaftLogWorker (SegmentedRaftLogWorker.java:run(316)) - 5e92d7a2-3fd9-439a-8cdd-dcb17af043b6@group-2D35FAA31840-SegmentedRaftLogWorker was interrupted, exiting. There are 0 tasks remaining in the queue.
2019-10-12 10:02:28,631 [ForkJoinPool.commonPool-worker-1] INFO  segmented.SegmentedRaftLogWorker (SegmentedRaftLogWorker.java:close(224)) - 2462678a-718a-4e8d-88df-884cdbd5ce23@group-CC13BBC2B71C-SegmentedRaftLogWorker close()
2019-10-12 10:02:28,631 [main] INFO  segmented.SegmentedRaftLogWorker (SegmentedRaftLogWorker.java:close(224)) - 5e92d7a2-3fd9-439a-8cdd-dcb17af043b6@group-2D35FAA31840-SegmentedRaftLogWorker close()
2019-10-12 10:02:28,636 [ForkJoinPool.commonPool-worker-1] INFO  impl.RaftServerImpl (RaftServerImpl.java:lambda$shutdown$3(247)) - 2462678a-718a-4e8d-88df-884cdbd5ce23@group-3D93945A9CDF: shutdown
2019-10-12 10:02:28,640 [main] INFO  impl.RaftServerImpl (RaftServerImpl.java:lambda$shutdown$3(247)) - 5e92d7a2-3fd9-439a-8cdd-dcb17af043b6@group-3D93945A9CDF: shutdown
2019-10-12 10:02:28,640 [ForkJoinPool.commonPool-worker-1] INFO  util.JmxRegister (JmxRegister.java:unregister(73)) - Successfully un-registered JMX Bean with object name Ratis:service=RaftServer,group=group-3D93945A9CDF,id=2462678a-718a-4e8d-88df-884cdbd5ce23
2019-10-12 10:02:28,641 [main] INFO  util.JmxRegister (JmxRegister.java:unregister(73)) - Successfully un-registered JMX Bean with object name Ratis:service=RaftServer,group=group-3D93945A9CDF,id=5e92d7a2-3fd9-439a-8cdd-dcb17af043b6
2019-10-12 10:02:28,642 [main] INFO  impl.RoleInfo (RoleInfo.java:shutdownFollowerState(121)) - 5e92d7a2-3fd9-439a-8cdd-dcb17af043b6: shutdown FollowerState
2019-10-12 10:02:28,641 [ForkJoinPool.commonPool-worker-1] INFO  impl.RoleInfo (RoleInfo.java:shutdownFollowerState(121)) - 2462678a-718a-4e8d-88df-884cdbd5ce23: shutdown FollowerState
2019-10-12 10:02:28,642 [Thread-636] INFO  impl.FollowerState (FollowerState.java:run(117)) - 5e92d7a2-3fd9-439a-8cdd-dcb17af043b6@group-3D93945A9CDF-FollowerState was interrupted: java.lang.InterruptedException: sleep interrupted
2019-10-12 10:02:28,642 [main] INFO  impl.StateMachineUpdater (StateMachineUpdater.java:stopAndJoin(136)) - 5e92d7a2-3fd9-439a-8cdd-dcb17af043b6@group-3D93945A9CDF-StateMachineUpdater: set stopIndex = -1
2019-10-12 10:02:28,648 [main] INFO  impl.RaftServerImpl (ServerState.java:close(387)) - 5e92d7a2-3fd9-439a-8cdd-dcb17af043b6@group-3D93945A9CDF: closes. applyIndex: -1
2019-10-12 10:02:28,645 [Thread-634] INFO  impl.FollowerState (FollowerState.java:run(117)) - 2462678a-718a-4e8d-88df-884cdbd5ce23@group-3D93945A9CDF-FollowerState was interrupted: java.lang.InterruptedException: sleep interrupted
2019-10-12 10:02:28,645 [ForkJoinPool.commonPool-worker-1] INFO  impl.StateMachineUpdater (StateMachineUpdater.java:stopAndJoin(136)) - 2462678a-718a-4e8d-88df-884cdbd5ce23@group-3D93945A9CDF-StateMachineUpdater: set stopIndex = -1
2019-10-12 10:02:28,650 [ForkJoinPool.commonPool-worker-1] INFO  impl.RaftServerImpl (ServerState.java:close(387)) - 2462678a-718a-4e8d-88df-884cdbd5ce23@group-3D93945A9CDF: closes. applyIndex: -1
2019-10-12 10:02:28,648 [5e92d7a2-3fd9-439a-8cdd-dcb17af043b6@group-3D93945A9CDF-SegmentedRaftLogWorker] INFO  segmented.SegmentedRaftLogWorker (SegmentedRaftLogWorker.java:run(316)) - 5e92d7a2-3fd9-439a-8cdd-dcb17af043b6@group-3D93945A9CDF-SegmentedRaftLogWorker was interrupted, exiting. There are 0 tasks remaining in the queue.
2019-10-12 10:02:28,651 [2462678a-718a-4e8d-88df-884cdbd5ce23@group-3D93945A9CDF-SegmentedRaftLogWorker] INFO  segmented.SegmentedRaftLogWorker (SegmentedRaftLogWorker.java:run(316)) - 2462678a-718a-4e8d-88df-884cdbd5ce23@group-3D93945A9CDF-SegmentedRaftLogWorker was interrupted, exiting. There are 0 tasks remaining in the queue.
2019-10-12 10:02:28,651 [main] INFO  segmented.SegmentedRaftLogWorker (SegmentedRaftLogWorker.java:close(224)) - 5e92d7a2-3fd9-439a-8cdd-dcb17af043b6@group-3D93945A9CDF-SegmentedRaftLogWorker close()
2019-10-12 10:02:28,651 [ForkJoinPool.commonPool-worker-1] INFO  segmented.SegmentedRaftLogWorker (SegmentedRaftLogWorker.java:close(224)) - 2462678a-718a-4e8d-88df-884cdbd5ce23@group-3D93945A9CDF-SegmentedRaftLogWorker close()
2019-10-12 10:02:28,656 [main] INFO  server.GrpcService (GrpcService.java:closeImpl(164)) - 5e92d7a2-3fd9-439a-8cdd-dcb17af043b6: shutdown server with port 35903 now
2019-10-12 10:02:28,659 [ForkJoinPool.commonPool-worker-1] INFO  server.GrpcService (GrpcService.java:closeImpl(164)) - 2462678a-718a-4e8d-88df-884cdbd5ce23: shutdown server with port 33229 now
2019-10-12 10:02:28,676 [ForkJoinPool.commonPool-worker-1] INFO  server.GrpcService (GrpcService.java:closeImpl(172)) - 2462678a-718a-4e8d-88df-884cdbd5ce23: shutdown server with port 33229 successfully
2019-10-12 10:02:28,677 [main] INFO  server.GrpcService (GrpcService.java:closeImpl(172)) - 5e92d7a2-3fd9-439a-8cdd-dcb17af043b6: shutdown server with port 35903 successfully
2019-10-12 10:02:28,679 [refreshUsed-/workdir/hadoop-ozone/integration-test/target/test-dir/MiniOzoneClusterImpl-6a1a5177-142d-45ca-a3ae-ca7983fa4e43/datanode-0/data/containers] WARN  fs.CachingGetSpaceUsed (CachingGetSpaceUsed.java:run(183)) - Thread Interrupted waiting to refresh disk information: sleep interrupted
2019-10-12 10:02:28,680 [refreshUsed-/workdir/hadoop-ozone/integration-test/target/test-dir/MiniOzoneClusterImpl-6a1a5177-142d-45ca-a3ae-ca7983fa4e43/datanode-1/data/containers] WARN  fs.CachingGetSpaceUsed (CachingGetSpaceUsed.java:run(183)) - Thread Interrupted waiting to refresh disk information: sleep interrupted
2019-10-12 10:02:28,702 [main] INFO  utils.BackgroundService (BackgroundService.java:shutdown(151)) - Shutting down service BlockDeletingService
2019-10-12 10:02:28,706 [main] INFO  statemachine.DatanodeStateMachine (DatanodeStateMachine.java:stopDaemon(401)) - Ozone container server stopped.
2019-10-12 10:02:28,706 [ForkJoinPool.commonPool-worker-1] INFO  utils.BackgroundService (BackgroundService.java:shutdown(151)) - Shutting down service BlockDeletingService
2019-10-12 10:02:28,708 [main] INFO  handler.ContextHandler (ContextHandler.java:doStop(910)) - Stopped o.e.j.w.WebAppContext@54755dd9{/,null,UNAVAILABLE}{/hddsDatanode}
2019-10-12 10:02:28,710 [ForkJoinPool.commonPool-worker-1] INFO  statemachine.DatanodeStateMachine (DatanodeStateMachine.java:stopDaemon(401)) - Ozone container server stopped.
2019-10-12 10:02:28,712 [main] INFO  server.AbstractConnector (AbstractConnector.java:doStop(318)) - Stopped ServerConnector@f1f7db2{HTTP/1.1,[http/1.1]}{0.0.0.0:0}
2019-10-12 10:02:28,714 [ForkJoinPool.commonPool-worker-1] INFO  handler.ContextHandler (ContextHandler.java:doStop(910)) - Stopped o.e.j.w.WebAppContext@3b705be7{/,null,UNAVAILABLE}{/hddsDatanode}
2019-10-12 10:02:28,714 [main] INFO  handler.ContextHandler (ContextHandler.java:doStop(910)) - Stopped o.e.j.s.ServletContextHandler@42aae04d{/static,jar:file:/home/user/.m2/repository/org/apache/hadoop/hadoop-hdds-container-service/0.5.0-SNAPSHOT/hadoop-hdds-container-service-0.5.0-SNAPSHOT.jar!/webapps/static,UNAVAILABLE}
2019-10-12 10:02:28,715 [main] INFO  handler.ContextHandler (ContextHandler.java:doStop(910)) - Stopped o.e.j.s.ServletContextHandler@56b859a6{/logs,file:///workdir/hadoop-ozone/integration-test/target/log,UNAVAILABLE}
2019-10-12 10:02:28,715 [ForkJoinPool.commonPool-worker-1] INFO  server.AbstractConnector (AbstractConnector.java:doStop(318)) - Stopped ServerConnector@3a790e40{HTTP/1.1,[http/1.1]}{0.0.0.0:0}
2019-10-12 10:02:28,717 [ForkJoinPool.commonPool-worker-1] INFO  handler.ContextHandler (ContextHandler.java:doStop(910)) - Stopped o.e.j.s.ServletContextHandler@643d2dae{/static,jar:file:/home/user/.m2/repository/org/apache/hadoop/hadoop-hdds-container-service/0.5.0-SNAPSHOT/hadoop-hdds-container-service-0.5.0-SNAPSHOT.jar!/webapps/static,UNAVAILABLE}
2019-10-12 10:02:28,718 [ForkJoinPool.commonPool-worker-1] INFO  handler.ContextHandler (ContextHandler.java:doStop(910)) - Stopped o.e.j.s.ServletContextHandler@69afa141{/logs,file:///workdir/hadoop-ozone/integration-test/target/log,UNAVAILABLE}
2019-10-12 10:02:29,486 [Thread-637] INFO  container.ReplicationManager (ReplicationManager.java:start(169)) - Replication Monitor Thread is already running.
2019-10-12 10:02:29,617 [Datanode State Machine Thread - 0] INFO  statemachine.DatanodeStateMachine (DatanodeStateMachine.java:lambda$startDaemon$0(356)) - Ozone container server started.
2019-10-12 10:02:30,912 [Thread-635] INFO  impl.FollowerState (FollowerState.java:run(108)) - 58dcbc52-a83b-4380-9235-78c1f3240b4d@group-3D93945A9CDF-FollowerState: change to CANDIDATE, lastRpcTime:5108ms, electionTimeout:5107ms
2019-10-12 10:02:30,912 [Thread-635] INFO  impl.RoleInfo (RoleInfo.java:shutdownFollowerState(121)) - 58dcbc52-a83b-4380-9235-78c1f3240b4d: shutdown FollowerState
2019-10-12 10:02:30,913 [Thread-635] INFO  impl.RaftServerImpl (RaftServerImpl.java:setRole(170)) - 58dcbc52-a83b-4380-9235-78c1f3240b4d@group-3D93945A9CDF: changes role from  FOLLOWER to CANDIDATE at term 1 for changeToCandidate
2019-10-12 10:02:30,915 [Thread-635] INFO  impl.RoleInfo (RoleInfo.java:updateAndGet(143)) - 58dcbc52-a83b-4380-9235-78c1f3240b4d: start LeaderElection
2019-10-12 10:02:30,933 [58dcbc52-a83b-4380-9235-78c1f3240b4d@group-3D93945A9CDF-LeaderElection18] INFO  impl.LeaderElection (LeaderElection.java:askForVotes(178)) - 58dcbc52-a83b-4380-9235-78c1f3240b4d@group-3D93945A9CDF-LeaderElection18: begin an election at term 2 for -1: [58dcbc52-a83b-4380-9235-78c1f3240b4d:192.168.5.134:44432, 5e92d7a2-3fd9-439a-8cdd-dcb17af043b6:192.168.5.134:35903, 2462678a-718a-4e8d-88df-884cdbd5ce23:192.168.5.134:33229], old=null
2019-10-12 10:02:30,944 [58dcbc52-a83b-4380-9235-78c1f3240b4d@group-3D93945A9CDF-LeaderElection18] INFO  impl.LeaderElection (LogUtils.java:infoOrTrace(149)) - 58dcbc52-a83b-4380-9235-78c1f3240b4d@group-3D93945A9CDF-LeaderElection18 got exception when requesting votes: {}
java.util.concurrent.ExecutionException: org.apache.ratis.thirdparty.io.grpc.StatusRuntimeException: UNAVAILABLE: io exception
	at java.util.concurrent.FutureTask.report(FutureTask.java:122)
	at java.util.concurrent.FutureTask.get(FutureTask.java:192)
	at org.apache.ratis.server.impl.LeaderElection.waitForResults(LeaderElection.java:259)
	at org.apache.ratis.server.impl.LeaderElection.askForVotes(LeaderElection.java:197)
	at org.apache.ratis.server.impl.LeaderElection.run(LeaderElection.java:133)
	at java.lang.Thread.run(Thread.java:748)
Caused by: org.apache.ratis.thirdparty.io.grpc.StatusRuntimeException: UNAVAILABLE: io exception
	at org.apache.ratis.thirdparty.io.grpc.stub.ClientCalls.toStatusRuntimeException(ClientCalls.java:233)
	at org.apache.ratis.thirdparty.io.grpc.stub.ClientCalls.getUnchecked(ClientCalls.java:214)
	at org.apache.ratis.thirdparty.io.grpc.stub.ClientCalls.blockingUnaryCall(ClientCalls.java:139)
	at org.apache.ratis.proto.grpc.RaftServerProtocolServiceGrpc$RaftServerProtocolServiceBlockingStub.requestVote(RaftServerProtocolServiceGrpc.java:265)
	at org.apache.ratis.grpc.server.GrpcServerProtocolClient.requestVote(GrpcServerProtocolClient.java:99)
	at org.apache.ratis.grpc.server.GrpcService.requestVote(GrpcService.java:204)
	at org.apache.ratis.server.impl.LeaderElection.lambda$submitRequests$1(LeaderElection.java:234)
	at java.util.concurrent.FutureTask.run(FutureTask.java:266)
	at java.util.concurrent.Executors$RunnableAdapter.call(Executors.java:511)
	at java.util.concurrent.FutureTask.run(FutureTask.java:266)
	at java.util.concurrent.ThreadPoolExecutor.runWorker(ThreadPoolExecutor.java:1149)
	at java.util.concurrent.ThreadPoolExecutor$Worker.run(ThreadPoolExecutor.java:624)
	... 1 more
Caused by: org.apache.ratis.thirdparty.io.netty.channel.AbstractChannel$AnnotatedConnectException: Connection refused: /192.168.5.134:35903
	at sun.nio.ch.SocketChannelImpl.checkConnect(Native Method)
	at sun.nio.ch.SocketChannelImpl.finishConnect(SocketChannelImpl.java:717)
	at org.apache.ratis.thirdparty.io.netty.channel.socket.nio.NioSocketChannel.doFinishConnect(NioSocketChannel.java:327)
	at org.apache.ratis.thirdparty.io.netty.channel.nio.AbstractNioChannel$AbstractNioUnsafe.finishConnect(AbstractNioChannel.java:340)
	at org.apache.ratis.thirdparty.io.netty.channel.nio.NioEventLoop.processSelectedKey(NioEventLoop.java:632)
	at org.apache.ratis.thirdparty.io.netty.channel.nio.NioEventLoop.processSelectedKeysOptimized(NioEventLoop.java:579)
	at org.apache.ratis.thirdparty.io.netty.channel.nio.NioEventLoop.processSelectedKeys(NioEventLoop.java:496)
	at org.apache.ratis.thirdparty.io.netty.channel.nio.NioEventLoop.run(NioEventLoop.java:458)
	at org.apache.ratis.thirdparty.io.netty.util.concurrent.SingleThreadEventExecutor$5.run(SingleThreadEventExecutor.java:897)
	at org.apache.ratis.thirdparty.io.netty.util.concurrent.FastThreadLocalRunnable.run(FastThreadLocalRunnable.java:30)
	... 1 more
Caused by: java.net.ConnectException: Connection refused
	... 11 more
2019-10-12 10:02:30,946 [58dcbc52-a83b-4380-9235-78c1f3240b4d@group-3D93945A9CDF-LeaderElection18] INFO  impl.LeaderElection (LogUtils.java:infoOrTrace(149)) - 58dcbc52-a83b-4380-9235-78c1f3240b4d@group-3D93945A9CDF-LeaderElection18 got exception when requesting votes: {}
java.util.concurrent.ExecutionException: org.apache.ratis.thirdparty.io.grpc.StatusRuntimeException: UNAVAILABLE: io exception
	at java.util.concurrent.FutureTask.report(FutureTask.java:122)
	at java.util.concurrent.FutureTask.get(FutureTask.java:192)
	at org.apache.ratis.server.impl.LeaderElection.waitForResults(LeaderElection.java:259)
	at org.apache.ratis.server.impl.LeaderElection.askForVotes(LeaderElection.java:197)
	at org.apache.ratis.server.impl.LeaderElection.run(LeaderElection.java:133)
	at java.lang.Thread.run(Thread.java:748)
Caused by: org.apache.ratis.thirdparty.io.grpc.StatusRuntimeException: UNAVAILABLE: io exception
	at org.apache.ratis.thirdparty.io.grpc.stub.ClientCalls.toStatusRuntimeException(ClientCalls.java:233)
	at org.apache.ratis.thirdparty.io.grpc.stub.ClientCalls.getUnchecked(ClientCalls.java:214)
	at org.apache.ratis.thirdparty.io.grpc.stub.ClientCalls.blockingUnaryCall(ClientCalls.java:139)
	at org.apache.ratis.proto.grpc.RaftServerProtocolServiceGrpc$RaftServerProtocolServiceBlockingStub.requestVote(RaftServerProtocolServiceGrpc.java:265)
	at org.apache.ratis.grpc.server.GrpcServerProtocolClient.requestVote(GrpcServerProtocolClient.java:99)
	at org.apache.ratis.grpc.server.GrpcService.requestVote(GrpcService.java:204)
	at org.apache.ratis.server.impl.LeaderElection.lambda$submitRequests$1(LeaderElection.java:234)
	at java.util.concurrent.FutureTask.run(FutureTask.java:266)
	at java.util.concurrent.Executors$RunnableAdapter.call(Executors.java:511)
	at java.util.concurrent.FutureTask.run(FutureTask.java:266)
	at java.util.concurrent.ThreadPoolExecutor.runWorker(ThreadPoolExecutor.java:1149)
	at java.util.concurrent.ThreadPoolExecutor$Worker.run(ThreadPoolExecutor.java:624)
	... 1 more
Caused by: org.apache.ratis.thirdparty.io.netty.channel.AbstractChannel$AnnotatedConnectException: Connection refused: /192.168.5.134:33229
	at sun.nio.ch.SocketChannelImpl.checkConnect(Native Method)
	at sun.nio.ch.SocketChannelImpl.finishConnect(SocketChannelImpl.java:717)
	at org.apache.ratis.thirdparty.io.netty.channel.socket.nio.NioSocketChannel.doFinishConnect(NioSocketChannel.java:327)
	at org.apache.ratis.thirdparty.io.netty.channel.nio.AbstractNioChannel$AbstractNioUnsafe.finishConnect(AbstractNioChannel.java:340)
	at org.apache.ratis.thirdparty.io.netty.channel.nio.NioEventLoop.processSelectedKey(NioEventLoop.java:632)
	at org.apache.ratis.thirdparty.io.netty.channel.nio.NioEventLoop.processSelectedKeysOptimized(NioEventLoop.java:579)
	at org.apache.ratis.thirdparty.io.netty.channel.nio.NioEventLoop.processSelectedKeys(NioEventLoop.java:496)
	at org.apache.ratis.thirdparty.io.netty.channel.nio.NioEventLoop.run(NioEventLoop.java:458)
	at org.apache.ratis.thirdparty.io.netty.util.concurrent.SingleThreadEventExecutor$5.run(SingleThreadEventExecutor.java:897)
	at org.apache.ratis.thirdparty.io.netty.util.concurrent.FastThreadLocalRunnable.run(FastThreadLocalRunnable.java:30)
	... 1 more
Caused by: java.net.ConnectException: Connection refused
	... 11 more
2019-10-12 10:02:30,947 [58dcbc52-a83b-4380-9235-78c1f3240b4d@group-3D93945A9CDF-LeaderElection18] INFO  impl.LeaderElection (LeaderElection.java:logAndReturn(56)) - 58dcbc52-a83b-4380-9235-78c1f3240b4d@group-3D93945A9CDF-LeaderElection18: Election REJECTED; received 0 response(s) [] and 2 exception(s); 58dcbc52-a83b-4380-9235-78c1f3240b4d@group-3D93945A9CDF:t2, leader=null, voted=58dcbc52-a83b-4380-9235-78c1f3240b4d, raftlog=58dcbc52-a83b-4380-9235-78c1f3240b4d@group-3D93945A9CDF-SegmentedRaftLog:OPENED:c-1,f-1,i0, conf=-1: [58dcbc52-a83b-4380-9235-78c1f3240b4d:192.168.5.134:44432, 5e92d7a2-3fd9-439a-8cdd-dcb17af043b6:192.168.5.134:35903, 2462678a-718a-4e8d-88df-884cdbd5ce23:192.168.5.134:33229], old=null
2019-10-12 10:02:30,947 [58dcbc52-a83b-4380-9235-78c1f3240b4d@group-3D93945A9CDF-LeaderElection18] INFO  impl.LeaderElection (LogUtils.java:infoOrTrace(149)) -   Exception 0: {}
java.util.concurrent.ExecutionException: org.apache.ratis.thirdparty.io.grpc.StatusRuntimeException: UNAVAILABLE: io exception
	at java.util.concurrent.FutureTask.report(FutureTask.java:122)
	at java.util.concurrent.FutureTask.get(FutureTask.java:192)
	at org.apache.ratis.server.impl.LeaderElection.waitForResults(LeaderElection.java:259)
	at org.apache.ratis.server.impl.LeaderElection.askForVotes(LeaderElection.java:197)
	at org.apache.ratis.server.impl.LeaderElection.run(LeaderElection.java:133)
	at java.lang.Thread.run(Thread.java:748)
Caused by: org.apache.ratis.thirdparty.io.grpc.StatusRuntimeException: UNAVAILABLE: io exception
	at org.apache.ratis.thirdparty.io.grpc.stub.ClientCalls.toStatusRuntimeException(ClientCalls.java:233)
	at org.apache.ratis.thirdparty.io.grpc.stub.ClientCalls.getUnchecked(ClientCalls.java:214)
	at org.apache.ratis.thirdparty.io.grpc.stub.ClientCalls.blockingUnaryCall(ClientCalls.java:139)
	at org.apache.ratis.proto.grpc.RaftServerProtocolServiceGrpc$RaftServerProtocolServiceBlockingStub.requestVote(RaftServerProtocolServiceGrpc.java:265)
	at org.apache.ratis.grpc.server.GrpcServerProtocolClient.requestVote(GrpcServerProtocolClient.java:99)
	at org.apache.ratis.grpc.server.GrpcService.requestVote(GrpcService.java:204)
	at org.apache.ratis.server.impl.LeaderElection.lambda$submitRequests$1(LeaderElection.java:234)
	at java.util.concurrent.FutureTask.run(FutureTask.java:266)
	at java.util.concurrent.Executors$RunnableAdapter.call(Executors.java:511)
	at java.util.concurrent.FutureTask.run(FutureTask.java:266)
	at java.util.concurrent.ThreadPoolExecutor.runWorker(ThreadPoolExecutor.java:1149)
	at java.util.concurrent.ThreadPoolExecutor$Worker.run(ThreadPoolExecutor.java:624)
	... 1 more
Caused by: org.apache.ratis.thirdparty.io.netty.channel.AbstractChannel$AnnotatedConnectException: Connection refused: /192.168.5.134:35903
	at sun.nio.ch.SocketChannelImpl.checkConnect(Native Method)
	at sun.nio.ch.SocketChannelImpl.finishConnect(SocketChannelImpl.java:717)
	at org.apache.ratis.thirdparty.io.netty.channel.socket.nio.NioSocketChannel.doFinishConnect(NioSocketChannel.java:327)
	at org.apache.ratis.thirdparty.io.netty.channel.nio.AbstractNioChannel$AbstractNioUnsafe.finishConnect(AbstractNioChannel.java:340)
	at org.apache.ratis.thirdparty.io.netty.channel.nio.NioEventLoop.processSelectedKey(NioEventLoop.java:632)
	at org.apache.ratis.thirdparty.io.netty.channel.nio.NioEventLoop.processSelectedKeysOptimized(NioEventLoop.java:579)
	at org.apache.ratis.thirdparty.io.netty.channel.nio.NioEventLoop.processSelectedKeys(NioEventLoop.java:496)
	at org.apache.ratis.thirdparty.io.netty.channel.nio.NioEventLoop.run(NioEventLoop.java:458)
	at org.apache.ratis.thirdparty.io.netty.util.concurrent.SingleThreadEventExecutor$5.run(SingleThreadEventExecutor.java:897)
	at org.apache.ratis.thirdparty.io.netty.util.concurrent.FastThreadLocalRunnable.run(FastThreadLocalRunnable.java:30)
	... 1 more
Caused by: java.net.ConnectException: Connection refused
	... 11 more
2019-10-12 10:02:30,948 [58dcbc52-a83b-4380-9235-78c1f3240b4d@group-3D93945A9CDF-LeaderElection18] INFO  impl.LeaderElection (LogUtils.java:infoOrTrace(149)) -   Exception 1: {}
java.util.concurrent.ExecutionException: org.apache.ratis.thirdparty.io.grpc.StatusRuntimeException: UNAVAILABLE: io exception
	at java.util.concurrent.FutureTask.report(FutureTask.java:122)
	at java.util.concurrent.FutureTask.get(FutureTask.java:192)
	at org.apache.ratis.server.impl.LeaderElection.waitForResults(LeaderElection.java:259)
	at org.apache.ratis.server.impl.LeaderElection.askForVotes(LeaderElection.java:197)
	at org.apache.ratis.server.impl.LeaderElection.run(LeaderElection.java:133)
	at java.lang.Thread.run(Thread.java:748)
Caused by: org.apache.ratis.thirdparty.io.grpc.StatusRuntimeException: UNAVAILABLE: io exception
	at org.apache.ratis.thirdparty.io.grpc.stub.ClientCalls.toStatusRuntimeException(ClientCalls.java:233)
	at org.apache.ratis.thirdparty.io.grpc.stub.ClientCalls.getUnchecked(ClientCalls.java:214)
	at org.apache.ratis.thirdparty.io.grpc.stub.ClientCalls.blockingUnaryCall(ClientCalls.java:139)
	at org.apache.ratis.proto.grpc.RaftServerProtocolServiceGrpc$RaftServerProtocolServiceBlockingStub.requestVote(RaftServerProtocolServiceGrpc.java:265)
	at org.apache.ratis.grpc.server.GrpcServerProtocolClient.requestVote(GrpcServerProtocolClient.java:99)
	at org.apache.ratis.grpc.server.GrpcService.requestVote(GrpcService.java:204)
	at org.apache.ratis.server.impl.LeaderElection.lambda$submitRequests$1(LeaderElection.java:234)
	at java.util.concurrent.FutureTask.run(FutureTask.java:266)
	at java.util.concurrent.Executors$RunnableAdapter.call(Executors.java:511)
	at java.util.concurrent.FutureTask.run(FutureTask.java:266)
	at java.util.concurrent.ThreadPoolExecutor.runWorker(ThreadPoolExecutor.java:1149)
	at java.util.concurrent.ThreadPoolExecutor$Worker.run(ThreadPoolExecutor.java:624)
	... 1 more
Caused by: org.apache.ratis.thirdparty.io.netty.channel.AbstractChannel$AnnotatedConnectException: Connection refused: /192.168.5.134:33229
	at sun.nio.ch.SocketChannelImpl.checkConnect(Native Method)
	at sun.nio.ch.SocketChannelImpl.finishConnect(SocketChannelImpl.java:717)
	at org.apache.ratis.thirdparty.io.netty.channel.socket.nio.NioSocketChannel.doFinishConnect(NioSocketChannel.java:327)
	at org.apache.ratis.thirdparty.io.netty.channel.nio.AbstractNioChannel$AbstractNioUnsafe.finishConnect(AbstractNioChannel.java:340)
	at org.apache.ratis.thirdparty.io.netty.channel.nio.NioEventLoop.processSelectedKey(NioEventLoop.java:632)
	at org.apache.ratis.thirdparty.io.netty.channel.nio.NioEventLoop.processSelectedKeysOptimized(NioEventLoop.java:579)
	at org.apache.ratis.thirdparty.io.netty.channel.nio.NioEventLoop.processSelectedKeys(NioEventLoop.java:496)
	at org.apache.ratis.thirdparty.io.netty.channel.nio.NioEventLoop.run(NioEventLoop.java:458)
	at org.apache.ratis.thirdparty.io.netty.util.concurrent.SingleThreadEventExecutor$5.run(SingleThreadEventExecutor.java:897)
	at org.apache.ratis.thirdparty.io.netty.util.concurrent.FastThreadLocalRunnable.run(FastThreadLocalRunnable.java:30)
	... 1 more
Caused by: java.net.ConnectException: Connection refused
	... 11 more
2019-10-12 10:02:30,949 [58dcbc52-a83b-4380-9235-78c1f3240b4d@group-3D93945A9CDF-LeaderElection18] INFO  impl.RaftServerImpl (RaftServerImpl.java:setRole(170)) - 58dcbc52-a83b-4380-9235-78c1f3240b4d@group-3D93945A9CDF: changes role from CANDIDATE to FOLLOWER at term 2 for DISCOVERED_A_NEW_TERM
2019-10-12 10:02:30,951 [58dcbc52-a83b-4380-9235-78c1f3240b4d@group-3D93945A9CDF-LeaderElection18] INFO  impl.RoleInfo (RoleInfo.java:shutdownLeaderElection(134)) - 58dcbc52-a83b-4380-9235-78c1f3240b4d: shutdown LeaderElection
2019-10-12 10:02:30,951 [58dcbc52-a83b-4380-9235-78c1f3240b4d@group-3D93945A9CDF-LeaderElection18] INFO  impl.RoleInfo (RoleInfo.java:updateAndGet(143)) - 58dcbc52-a83b-4380-9235-78c1f3240b4d: start FollowerState
2019-10-12 10:02:33,717 [main] INFO  ozoneimpl.OzoneContainer (OzoneContainer.java:stop(227)) - Attempting to stop container services.
2019-10-12 10:02:33,721 [main] INFO  impl.RaftServerProxy (RaftServerProxy.java:lambda$close$4(314)) - 58dcbc52-a83b-4380-9235-78c1f3240b4d: close
2019-10-12 10:02:33,722 [main] INFO  impl.RaftServerImpl (RaftServerImpl.java:lambda$shutdown$3(247)) - 58dcbc52-a83b-4380-9235-78c1f3240b4d@group-0501E79A3E6D: shutdown
2019-10-12 10:02:33,722 [main] INFO  util.JmxRegister (JmxRegister.java:unregister(73)) - Successfully un-registered JMX Bean with object name Ratis:service=RaftServer,group=group-0501E79A3E6D,id=58dcbc52-a83b-4380-9235-78c1f3240b4d
2019-10-12 10:02:33,723 [main] INFO  impl.RoleInfo (RoleInfo.java:shutdownLeaderState(104)) - 58dcbc52-a83b-4380-9235-78c1f3240b4d: shutdown LeaderState
2019-10-12 10:02:33,723 [main] INFO  impl.PendingRequests (PendingRequests.java:sendNotLeaderResponses(202)) - 58dcbc52-a83b-4380-9235-78c1f3240b4d@group-0501E79A3E6D-PendingRequests: sendNotLeaderResponses
2019-10-12 10:02:33,724 [main] INFO  impl.StateMachineUpdater (StateMachineUpdater.java:stopAndJoin(136)) - 58dcbc52-a83b-4380-9235-78c1f3240b4d@group-0501E79A3E6D-StateMachineUpdater: set stopIndex = 0
2019-10-12 10:02:33,726 [main] INFO  impl.RaftServerImpl (ServerState.java:close(387)) - 58dcbc52-a83b-4380-9235-78c1f3240b4d@group-0501E79A3E6D: closes. applyIndex: 0
2019-10-12 10:02:33,726 [58dcbc52-a83b-4380-9235-78c1f3240b4d@group-0501E79A3E6D-SegmentedRaftLogWorker] INFO  segmented.SegmentedRaftLogWorker (SegmentedRaftLogWorker.java:run(316)) - 58dcbc52-a83b-4380-9235-78c1f3240b4d@group-0501E79A3E6D-SegmentedRaftLogWorker was interrupted, exiting. There are 0 tasks remaining in the queue.
2019-10-12 10:02:33,727 [main] INFO  segmented.SegmentedRaftLogWorker (SegmentedRaftLogWorker.java:close(224)) - 58dcbc52-a83b-4380-9235-78c1f3240b4d@group-0501E79A3E6D-SegmentedRaftLogWorker close()
2019-10-12 10:02:33,729 [main] INFO  impl.RaftServerImpl (RaftServerImpl.java:lambda$shutdown$3(247)) - 58dcbc52-a83b-4380-9235-78c1f3240b4d@group-3D93945A9CDF: shutdown
2019-10-12 10:02:33,730 [main] INFO  util.JmxRegister (JmxRegister.java:unregister(73)) - Successfully un-registered JMX Bean with object name Ratis:service=RaftServer,group=group-3D93945A9CDF,id=58dcbc52-a83b-4380-9235-78c1f3240b4d
2019-10-12 10:02:33,730 [main] INFO  impl.RoleInfo (RoleInfo.java:shutdownFollowerState(121)) - 58dcbc52-a83b-4380-9235-78c1f3240b4d: shutdown FollowerState
2019-10-12 10:02:33,731 [main] INFO  impl.StateMachineUpdater (StateMachineUpdater.java:stopAndJoin(136)) - 58dcbc52-a83b-4380-9235-78c1f3240b4d@group-3D93945A9CDF-StateMachineUpdater: set stopIndex = -1
2019-10-12 10:02:33,731 [main] INFO  impl.RaftServerImpl (ServerState.java:close(387)) - 58dcbc52-a83b-4380-9235-78c1f3240b4d@group-3D93945A9CDF: closes. applyIndex: -1
2019-10-12 10:02:33,731 [Thread-642] INFO  impl.FollowerState (FollowerState.java:run(117)) - 58dcbc52-a83b-4380-9235-78c1f3240b4d@group-3D93945A9CDF-FollowerState was interrupted: java.lang.InterruptedException: sleep interrupted
2019-10-12 10:02:33,732 [58dcbc52-a83b-4380-9235-78c1f3240b4d@group-3D93945A9CDF-SegmentedRaftLogWorker] INFO  segmented.SegmentedRaftLogWorker (SegmentedRaftLogWorker.java:run(316)) - 58dcbc52-a83b-4380-9235-78c1f3240b4d@group-3D93945A9CDF-SegmentedRaftLogWorker was interrupted, exiting. There are 0 tasks remaining in the queue.
2019-10-12 10:02:33,733 [main] INFO  segmented.SegmentedRaftLogWorker (SegmentedRaftLogWorker.java:close(224)) - 58dcbc52-a83b-4380-9235-78c1f3240b4d@group-3D93945A9CDF-SegmentedRaftLogWorker close()
2019-10-12 10:02:33,735 [main] INFO  server.GrpcService (GrpcService.java:closeImpl(164)) - 58dcbc52-a83b-4380-9235-78c1f3240b4d: shutdown server with port 44432 now
2019-10-12 10:02:33,743 [main] INFO  server.GrpcService (GrpcService.java:closeImpl(172)) - 58dcbc52-a83b-4380-9235-78c1f3240b4d: shutdown server with port 44432 successfully
2019-10-12 10:02:33,746 [refreshUsed-/workdir/hadoop-ozone/integration-test/target/test-dir/MiniOzoneClusterImpl-6a1a5177-142d-45ca-a3ae-ca7983fa4e43/datanode-2/data/containers] WARN  fs.CachingGetSpaceUsed (CachingGetSpaceUsed.java:run(183)) - Thread Interrupted waiting to refresh disk information: sleep interrupted
2019-10-12 10:02:33,767 [main] INFO  utils.BackgroundService (BackgroundService.java:shutdown(151)) - Shutting down service BlockDeletingService
2019-10-12 10:02:33,769 [main] INFO  statemachine.DatanodeStateMachine (DatanodeStateMachine.java:stopDaemon(401)) - Ozone container server stopped.
2019-10-12 10:02:33,771 [main] INFO  handler.ContextHandler (ContextHandler.java:doStop(910)) - Stopped o.e.j.w.WebAppContext@290e8cab{/,null,UNAVAILABLE}{/hddsDatanode}
2019-10-12 10:02:33,772 [main] INFO  server.AbstractConnector (AbstractConnector.java:doStop(318)) - Stopped ServerConnector@6e3ecf5c{HTTP/1.1,[http/1.1]}{0.0.0.0:0}
2019-10-12 10:02:33,772 [main] INFO  handler.ContextHandler (ContextHandler.java:doStop(910)) - Stopped o.e.j.s.ServletContextHandler@7301eebe{/static,jar:file:/home/user/.m2/repository/org/apache/hadoop/hadoop-hdds-container-service/0.5.0-SNAPSHOT/hadoop-hdds-container-service-0.5.0-SNAPSHOT.jar!/webapps/static,UNAVAILABLE}
2019-10-12 10:02:33,773 [main] INFO  handler.ContextHandler (ContextHandler.java:doStop(910)) - Stopped o.e.j.s.ServletContextHandler@44fff386{/logs,file:///workdir/hadoop-ozone/integration-test/target/log,UNAVAILABLE}
2019-10-12 10:02:33,774 [main] INFO  ozone.MiniOzoneClusterImpl (MiniOzoneClusterImpl.java:stopSCM(397)) - Stopping the StorageContainerManager
2019-10-12 10:02:33,774 [main] INFO  server.StorageContainerManager (StorageContainerManager.java:stop(809)) - Stopping Replication Manager Service.
2019-10-12 10:02:33,774 [main] INFO  container.ReplicationManager (ReplicationManager.java:stop(203)) - Stopping Replication Monitor Thread.
2019-10-12 10:02:33,774 [main] INFO  server.StorageContainerManager (StorageContainerManager.java:stop(816)) - Stopping Lease Manager of the command watchers
2019-10-12 10:02:33,775 [main] INFO  server.StorageContainerManager (StorageContainerManager.java:stop(823)) - Stopping datanode service RPC server
2019-10-12 10:02:33,775 [main] INFO  server.SCMDatanodeProtocolServer (SCMDatanodeProtocolServer.java:stop(366)) - Stopping the RPC server for DataNodes
2019-10-12 10:02:33,775 [main] INFO  ipc.Server (Server.java:stop(3082)) - Stopping server on 32848
2019-10-12 10:02:33,776 [IPC Server listener on 32848] INFO  ipc.Server (Server.java:run(1185)) - Stopping IPC Server listener on 32848
2019-10-12 10:02:33,777 [IPC Server Responder] INFO  ipc.Server (Server.java:run(1319)) - Stopping IPC Server Responder
2019-10-12 10:02:33,840 [SCM Heartbeat Processing Thread - 0] WARN  node.NodeStateManager (NodeStateManager.java:scheduleNextHealthCheck(646)) - Current Thread is interrupted, shutting down HB processing thread for Node Manager.
2019-10-12 10:02:33,840 [main] INFO  server.StorageContainerManager (StorageContainerManager.java:stop(831)) - Stopping block service RPC server
2019-10-12 10:02:33,841 [main] INFO  server.SCMBlockProtocolServer (SCMBlockProtocolServer.java:stop(155)) - Stopping the RPC server for Block Protocol
2019-10-12 10:02:33,841 [main] INFO  ipc.Server (Server.java:stop(3082)) - Stopping server on 44019
2019-10-12 10:02:33,843 [IPC Server listener on 44019] INFO  ipc.Server (Server.java:run(1185)) - Stopping IPC Server listener on 44019
2019-10-12 10:02:33,843 [main] INFO  server.StorageContainerManager (StorageContainerManager.java:stop(838)) - Stopping the StorageContainerLocationProtocol RPC server
2019-10-12 10:02:33,843 [IPC Server Responder] INFO  ipc.Server (Server.java:run(1319)) - Stopping IPC Server Responder
2019-10-12 10:02:33,844 [main] INFO  server.SCMClientProtocolServer (SCMClientProtocolServer.java:stop(168)) - Stopping the RPC server for Client Protocol
2019-10-12 10:02:33,845 [main] INFO  ipc.Server (Server.java:stop(3082)) - Stopping server on 40368
2019-10-12 10:02:33,846 [IPC Server listener on 40368] INFO  ipc.Server (Server.java:run(1185)) - Stopping IPC Server listener on 40368
2019-10-12 10:02:33,846 [main] INFO  server.StorageContainerManager (StorageContainerManager.java:stop(845)) - Stopping Storage Container Manager HTTP server.
2019-10-12 10:02:33,846 [IPC Server Responder] INFO  ipc.Server (Server.java:run(1319)) - Stopping IPC Server Responder
2019-10-12 10:02:33,849 [main] INFO  handler.ContextHandler (ContextHandler.java:doStop(910)) - Stopped o.e.j.w.WebAppContext@18f55704{/,null,UNAVAILABLE}{/scm}
2019-10-12 10:02:33,850 [main] INFO  server.AbstractConnector (AbstractConnector.java:doStop(318)) - Stopped ServerConnector@67cefd84{HTTP/1.1,[http/1.1]}{0.0.0.0:0}
2019-10-12 10:02:33,850 [main] INFO  handler.ContextHandler (ContextHandler.java:doStop(910)) - Stopped o.e.j.s.ServletContextHandler@7ad1caa2{/static,file:///workdir/hadoop-ozone/integration-test/target/test-classes/webapps/static,UNAVAILABLE}
2019-10-12 10:02:33,851 [main] INFO  handler.ContextHandler (ContextHandler.java:doStop(910)) - Stopped o.e.j.s.ServletContextHandler@4fa822ad{/logs,file:///workdir/hadoop-ozone/integration-test/target/log,UNAVAILABLE}
2019-10-12 10:02:33,852 [main] INFO  server.StorageContainerManager (StorageContainerManager.java:stop(856)) - Stopping Block Manager Service.
2019-10-12 10:02:33,852 [main] INFO  utils.BackgroundService (BackgroundService.java:shutdown(151)) - Shutting down service SCMBlockDeletingService
2019-10-12 10:02:33,852 [main] INFO  utils.BackgroundService (BackgroundService.java:shutdown(151)) - Shutting down service SCMBlockDeletingService
2019-10-12 10:02:33,853 [main] INFO  server.StorageContainerManager (StorageContainerManager.java:stop(878)) - Stopping SCM Event Queue.
2019-10-12 10:02:33,856 [main] INFO  impl.MetricsSystemImpl (MetricsSystemImpl.java:stop(210)) - Stopping HddsDatanode metrics system...
2019-10-12 10:02:33,861 [main] INFO  impl.MetricsSystemImpl (MetricsSystemImpl.java:stop(216)) - HddsDatanode metrics system stopped.
]]></system-out>
  </testcase>
  <testcase name="testFreeByRetryFailure" classname="org.apache.hadoop.ozone.scm.TestXceiverClientManager" time="21.467"/>
</testsuite>