<?xml version="1.0" encoding="UTF-8"?>
<testsuite xmlns:xsi="http://www.w3.org/2001/XMLSchema-instance" xsi:noNamespaceSchemaLocation="https://maven.apache.org/surefire/maven-surefire-plugin/xsd/surefire-test-report.xsd" name="org.apache.hadoop.ozone.client.rpc.TestWatchForCommit" time="261.062" tests="5" errors="1" skipped="0" failures="0">
  <properties>
    <property name="awt.toolkit" value="sun.awt.X11.XToolkit"/>
    <property name="file.encoding.pkg" value="sun.io"/>
    <property name="java.specification.version" value="1.8"/>
    <property name="sun.cpu.isalist" value=""/>
    <property name="sun.jnu.encoding" value="UTF-8"/>
    <property name="java.class.path" value="/workdir/hadoop-ozone/integration-test/target/test-classes:/workdir/hadoop-ozone/integration-test/target/classes:/home/user/.m2/repository/org/apache/hadoop/hadoop-ozone-common/0.5.0-SNAPSHOT/hadoop-ozone-common-0.5.0-SNAPSHOT.jar:/home/user/.m2/repository/org/apache/commons/commons-compress/1.4.1/commons-compress-1.4.1.jar:/home/user/.m2/repository/org/tukaani/xz/1.0/xz-1.0.jar:/home/user/.m2/repository/org/apache/hadoop/hadoop-common/3.2.0/hadoop-common-3.2.0.jar:/home/user/.m2/repository/org/apache/hadoop/hadoop-hdfs/3.2.0/hadoop-hdfs-3.2.0.jar:/home/user/.m2/repository/org/apache/hadoop/hadoop-hdfs-client/3.2.0/hadoop-hdfs-client-3.2.0.jar:/home/user/.m2/repository/com/fasterxml/jackson/core/jackson-annotations/2.9.9/jackson-annotations-2.9.9.jar:/home/user/.m2/repository/org/apache/hadoop/hadoop-hdds-common/0.5.0-SNAPSHOT/hadoop-hdds-common-0.5.0-SNAPSHOT.jar:/home/user/.m2/repository/javax/annotation/javax.annotation-api/1.2/javax.annotation-api-1.2.jar:/home/user/.m2/repository/org/apache/ratis/ratis-server/0.5.0-201fc85-SNAPSHOT/ratis-server-0.5.0-201fc85-SNAPSHOT.jar:/home/user/.m2/repository/org/apache/ratis/ratis-thirdparty-misc/0.2.0/ratis-thirdparty-misc-0.2.0.jar:/home/user/.m2/repository/org/apache/ratis/ratis-proto/0.5.0-201fc85-SNAPSHOT/ratis-proto-0.5.0-201fc85-SNAPSHOT.jar:/home/user/.m2/repository/org/apache/ratis/ratis-common/0.5.0-201fc85-SNAPSHOT/ratis-common-0.5.0-201fc85-SNAPSHOT.jar:/home/user/.m2/repository/org/apache/ratis/ratis-client/0.5.0-201fc85-SNAPSHOT/ratis-client-0.5.0-201fc85-SNAPSHOT.jar:/home/user/.m2/repository/org/apache/ratis/ratis-metrics/0.5.0-201fc85-SNAPSHOT/ratis-metrics-0.5.0-201fc85-SNAPSHOT.jar:/home/user/.m2/repository/com/github/joshelser/dropwizard-metrics-hadoop-metrics2-reporter/0.1.2/dropwizard-metrics-hadoop-metrics2-reporter-0.1.2.jar:/home/user/.m2/repository/io/dropwizard/metrics/metrics-jvm/3.2.5/metrics-jvm-3.2.5.jar:/home/user/.m2/repository/io/dropwizard/metrics/metrics-ganglia/3.2.5/metrics-ganglia-3.2.5.jar:/home/user/.m2/repository/info/ganglia/gmetric4j/gmetric4j/1.0.7/gmetric4j-1.0.7.jar:/home/user/.m2/repository/org/apache/ratis/ratis-netty/0.5.0-201fc85-SNAPSHOT/ratis-netty-0.5.0-201fc85-SNAPSHOT.jar:/home/user/.m2/repository/org/apache/ratis/ratis-grpc/0.5.0-201fc85-SNAPSHOT/ratis-grpc-0.5.0-201fc85-SNAPSHOT.jar:/home/user/.m2/repository/org/rocksdb/rocksdbjni/6.0.1/rocksdbjni-6.0.1.jar:/home/user/.m2/repository/org/apache/logging/log4j/log4j-api/2.11.0/log4j-api-2.11.0.jar:/home/user/.m2/repository/org/apache/logging/log4j/log4j-core/2.11.0/log4j-core-2.11.0.jar:/home/user/.m2/repository/com/lmax/disruptor/3.4.2/disruptor-3.4.2.jar:/home/user/.m2/repository/org/apache/commons/commons-pool2/2.6.0/commons-pool2-2.6.0.jar:/home/user/.m2/repository/org/bouncycastle/bcpkix-jdk15on/1.60/bcpkix-jdk15on-1.60.jar:/home/user/.m2/repository/commons-validator/commons-validator/1.6/commons-validator-1.6.jar:/home/user/.m2/repository/commons-digester/commons-digester/1.8.1/commons-digester-1.8.1.jar:/home/user/.m2/repository/io/jaegertracing/jaeger-client/0.34.0/jaeger-client-0.34.0.jar:/home/user/.m2/repository/io/jaegertracing/jaeger-thrift/0.34.0/jaeger-thrift-0.34.0.jar:/home/user/.m2/repository/org/apache/thrift/libthrift/0.12.0/libthrift-0.12.0.jar:/home/user/.m2/repository/com/squareup/okhttp3/okhttp/3.9.0/okhttp-3.9.0.jar:/home/user/.m2/repository/com/squareup/okio/okio/1.13.0/okio-1.13.0.jar:/home/user/.m2/repository/io/jaegertracing/jaeger-core/0.34.0/jaeger-core-0.34.0.jar:/home/user/.m2/repository/io/jaegertracing/jaeger-tracerresolver/0.34.0/jaeger-tracerresolver-0.34.0.jar:/home/user/.m2/repository/io/opentracing/contrib/opentracing-tracerresolver/0.1.5/opentracing-tracerresolver-0.1.5.jar:/home/user/.m2/repository/io/opentracing/opentracing-util/0.31.0/opentracing-util-0.31.0.jar:/home/user/.m2/repository/io/opentracing/opentracing-api/0.31.0/opentracing-api-0.31.0.jar:/home/user/.m2/repository/io/opentracing/opentracing-noop/0.31.0/opentracing-noop-0.31.0.jar:/home/user/.m2/repository/org/apache/hadoop/hadoop-hdds-server-framework/0.5.0-SNAPSHOT/hadoop-hdds-server-framework-0.5.0-SNAPSHOT.jar:/home/user/.m2/repository/org/apache/hadoop/hadoop-hdds-container-service/0.5.0-SNAPSHOT/hadoop-hdds-container-service-0.5.0-SNAPSHOT.jar:/home/user/.m2/repository/org/apache/hadoop/hadoop-hdds-client/0.5.0-SNAPSHOT/hadoop-hdds-client-0.5.0-SNAPSHOT.jar:/home/user/.m2/repository/org/apache/hadoop/hadoop-hdds-tools/0.5.0-SNAPSHOT/hadoop-hdds-tools-0.5.0-SNAPSHOT.jar:/home/user/.m2/repository/org/apache/hadoop/hadoop-hdds-server-scm/0.5.0-SNAPSHOT/hadoop-hdds-server-scm-0.5.0-SNAPSHOT.jar:/home/user/.m2/repository/org/apache/hadoop/hadoop-hdds-docs/0.5.0-SNAPSHOT/hadoop-hdds-docs-0.5.0-SNAPSHOT.jar:/home/user/.m2/repository/io/dropwizard/metrics/metrics-core/3.2.4/metrics-core-3.2.4.jar:/home/user/.m2/repository/org/hamcrest/hamcrest-all/1.3/hamcrest-all-1.3.jar:/home/user/.m2/repository/org/bouncycastle/bcprov-jdk15on/1.60/bcprov-jdk15on-1.60.jar:/home/user/.m2/repository/info/picocli/picocli/3.9.6/picocli-3.9.6.jar:/home/user/.m2/repository/com/google/protobuf/protobuf-java/2.5.0/protobuf-java-2.5.0.jar:/home/user/.m2/repository/com/google/guava/guava/11.0.2/guava-11.0.2.jar:/home/user/.m2/repository/org/apache/hadoop/hadoop-ozone-ozone-manager/0.5.0-SNAPSHOT/hadoop-ozone-ozone-manager-0.5.0-SNAPSHOT.jar:/home/user/.m2/repository/org/apache/hadoop/hadoop-minikdc/3.2.0/hadoop-minikdc-3.2.0.jar:/home/user/.m2/repository/commons-io/commons-io/2.5/commons-io-2.5.jar:/home/user/.m2/repository/org/apache/kerby/kerb-simplekdc/1.0.1/kerb-simplekdc-1.0.1.jar:/home/user/.m2/repository/org/apache/kerby/kerb-client/1.0.1/kerb-client-1.0.1.jar:/home/user/.m2/repository/org/apache/kerby/kerby-config/1.0.1/kerby-config-1.0.1.jar:/home/user/.m2/repository/org/apache/kerby/kerb-core/1.0.1/kerb-core-1.0.1.jar:/home/user/.m2/repository/org/apache/kerby/kerby-pkix/1.0.1/kerby-pkix-1.0.1.jar:/home/user/.m2/repository/org/apache/kerby/kerby-asn1/1.0.1/kerby-asn1-1.0.1.jar:/home/user/.m2/repository/org/apache/kerby/kerby-util/1.0.1/kerby-util-1.0.1.jar:/home/user/.m2/repository/org/apache/kerby/kerb-common/1.0.1/kerb-common-1.0.1.jar:/home/user/.m2/repository/org/apache/kerby/kerb-crypto/1.0.1/kerb-crypto-1.0.1.jar:/home/user/.m2/repository/org/apache/kerby/kerb-util/1.0.1/kerb-util-1.0.1.jar:/home/user/.m2/repository/org/apache/kerby/token-provider/1.0.1/token-provider-1.0.1.jar:/home/user/.m2/repository/org/apache/kerby/kerb-admin/1.0.1/kerb-admin-1.0.1.jar:/home/user/.m2/repository/org/apache/kerby/kerb-server/1.0.1/kerb-server-1.0.1.jar:/home/user/.m2/repository/org/apache/kerby/kerb-identity/1.0.1/kerb-identity-1.0.1.jar:/home/user/.m2/repository/org/apache/kerby/kerby-xdr/1.0.1/kerby-xdr-1.0.1.jar:/home/user/.m2/repository/org/slf4j/slf4j-log4j12/1.7.25/slf4j-log4j12-1.7.25.jar:/home/user/.m2/repository/org/apache/hadoop/hadoop-ozone-s3gateway/0.5.0-SNAPSHOT/hadoop-ozone-s3gateway-0.5.0-SNAPSHOT.jar:/home/user/.m2/repository/org/jboss/weld/servlet/weld-servlet/2.4.7.Final/weld-servlet-2.4.7.Final.jar:/home/user/.m2/repository/org/glassfish/jersey/containers/jersey-container-servlet-core/2.27/jersey-container-servlet-core-2.27.jar:/home/user/.m2/repository/org/glassfish/hk2/external/javax.inject/2.5.0-b42/javax.inject-2.5.0-b42.jar:/home/user/.m2/repository/org/glassfish/jersey/core/jersey-common/2.27/jersey-common-2.27.jar:/home/user/.m2/repository/org/glassfish/hk2/osgi-resource-locator/1.0.1/osgi-resource-locator-1.0.1.jar:/home/user/.m2/repository/javax/ws/rs/javax.ws.rs-api/2.1/javax.ws.rs-api-2.1.jar:/home/user/.m2/repository/org/glassfish/jersey/ext/cdi/jersey-cdi1x/2.27/jersey-cdi1x-2.27.jar:/home/user/.m2/repository/org/glassfish/jersey/inject/jersey-hk2/2.27/jersey-hk2-2.27.jar:/home/user/.m2/repository/org/glassfish/hk2/hk2-locator/2.5.0-b42/hk2-locator-2.5.0-b42.jar:/home/user/.m2/repository/org/javassist/javassist/3.22.0-CR2/javassist-3.22.0-CR2.jar:/home/user/.m2/repository/org/glassfish/hk2/hk2-api/2.5.0/hk2-api-2.5.0.jar:/home/user/.m2/repository/org/glassfish/hk2/external/jakarta.inject/2.5.0/jakarta.inject-2.5.0.jar:/home/user/.m2/repository/org/glassfish/hk2/hk2-utils/2.5.0/hk2-utils-2.5.0.jar:/home/user/.m2/repository/jakarta/annotation/jakarta.annotation-api/1.3.4/jakarta.annotation-api-1.3.4.jar:/home/user/.m2/repository/org/glassfish/hk2/external/aopalliance-repackaged/2.5.0/aopalliance-repackaged-2.5.0.jar:/home/user/.m2/repository/com/fasterxml/jackson/dataformat/jackson-dataformat-xml/2.9.0/jackson-dataformat-xml-2.9.0.jar:/home/user/.m2/repository/com/fasterxml/jackson/core/jackson-core/2.9.9/jackson-core-2.9.9.jar:/home/user/.m2/repository/com/fasterxml/jackson/module/jackson-module-jaxb-annotations/2.9.9/jackson-module-jaxb-annotations-2.9.9.jar:/home/user/.m2/repository/javax/enterprise/cdi-api/1.2/cdi-api-1.2.jar:/home/user/.m2/repository/javax/el/javax.el-api/3.0.0/javax.el-api-3.0.0.jar:/home/user/.m2/repository/javax/interceptor/javax.interceptor-api/1.2/javax.interceptor-api-1.2.jar:/home/user/.m2/repository/javax/inject/javax.inject/1/javax.inject-1.jar:/home/user/.m2/repository/com/sun/xml/bind/jaxb-impl/2.3.0.1/jaxb-impl-2.3.0.1.jar:/home/user/.m2/repository/com/sun/xml/bind/jaxb-core/2.3.0.1/jaxb-core-2.3.0.1.jar:/home/user/.m2/repository/javax/xml/bind/jaxb-api/2.3.0/jaxb-api-2.3.0.jar:/home/user/.m2/repository/javax/activation/activation/1.1.1/activation-1.1.1.jar:/home/user/.m2/repository/org/apache/hadoop/hadoop-ozone-csi/0.5.0-SNAPSHOT/hadoop-ozone-csi-0.5.0-SNAPSHOT.jar:/home/user/.m2/repository/com/google/protobuf/protobuf-java-util/3.5.1/protobuf-java-util-3.5.1.jar:/home/user/.m2/repository/org/apache/hadoop/hadoop-hdds-config/0.5.0-SNAPSHOT/hadoop-hdds-config-0.5.0-SNAPSHOT.jar:/home/user/.m2/repository/io/grpc/grpc-netty/1.17.1/grpc-netty-1.17.1.jar:/home/user/.m2/repository/io/grpc/grpc-core/1.17.1/grpc-core-1.17.1.jar:/home/user/.m2/repository/io/grpc/grpc-context/1.17.1/grpc-context-1.17.1.jar:/home/user/.m2/repository/com/google/errorprone/error_prone_annotations/2.2.0/error_prone_annotations-2.2.0.jar:/home/user/.m2/repository/org/codehaus/mojo/animal-sniffer-annotations/1.17/animal-sniffer-annotations-1.17.jar:/home/user/.m2/repository/io/opencensus/opencensus-api/0.17.0/opencensus-api-0.17.0.jar:/home/user/.m2/repository/io/opencensus/opencensus-contrib-grpc-metrics/0.17.0/opencensus-contrib-grpc-metrics-0.17.0.jar:/home/user/.m2/repository/io/netty/netty-codec-http2/4.1.30.Final/netty-codec-http2-4.1.30.Final.jar:/home/user/.m2/repository/io/netty/netty-codec-http/4.1.30.Final/netty-codec-http-4.1.30.Final.jar:/home/user/.m2/repository/io/netty/netty-codec/4.1.30.Final/netty-codec-4.1.30.Final.jar:/home/user/.m2/repository/io/netty/netty-handler/4.1.30.Final/netty-handler-4.1.30.Final.jar:/home/user/.m2/repository/io/netty/netty-handler-proxy/4.1.30.Final/netty-handler-proxy-4.1.30.Final.jar:/home/user/.m2/repository/io/netty/netty-codec-socks/4.1.30.Final/netty-codec-socks-4.1.30.Final.jar:/home/user/.m2/repository/io/netty/netty-transport-native-epoll/4.1.30.Final/netty-transport-native-epoll-4.1.30.Final.jar:/home/user/.m2/repository/io/netty/netty-common/4.1.30.Final/netty-common-4.1.30.Final.jar:/home/user/.m2/repository/io/netty/netty-buffer/4.1.30.Final/netty-buffer-4.1.30.Final.jar:/home/user/.m2/repository/io/netty/netty-transport/4.1.30.Final/netty-transport-4.1.30.Final.jar:/home/user/.m2/repository/io/netty/netty-resolver/4.1.30.Final/netty-resolver-4.1.30.Final.jar:/home/user/.m2/repository/io/netty/netty-transport-native-unix-common/4.1.30.Final/netty-transport-native-unix-common-4.1.30.Final.jar:/home/user/.m2/repository/io/grpc/grpc-protobuf/1.17.1/grpc-protobuf-1.17.1.jar:/home/user/.m2/repository/com/google/api/grpc/proto-google-common-protos/1.0.0/proto-google-common-protos-1.0.0.jar:/home/user/.m2/repository/io/grpc/grpc-protobuf-lite/1.17.1/grpc-protobuf-lite-1.17.1.jar:/home/user/.m2/repository/io/grpc/grpc-stub/1.17.1/grpc-stub-1.17.1.jar:/home/user/.m2/repository/org/apache/hadoop/hadoop-ozone-recon/0.5.0-SNAPSHOT/hadoop-ozone-recon-0.5.0-SNAPSHOT.jar:/home/user/.m2/repository/org/apache/hadoop/hadoop-ozone-reconcodegen/0.5.0-SNAPSHOT/hadoop-ozone-reconcodegen-0.5.0-SNAPSHOT.jar:/home/user/.m2/repository/com/google/inject/extensions/guice-multibindings/4.0/guice-multibindings-4.0.jar:/home/user/.m2/repository/com/google/inject/guice/4.0/guice-4.0.jar:/home/user/.m2/repository/aopalliance/aopalliance/1.0/aopalliance-1.0.jar:/home/user/.m2/repository/com/google/inject/extensions/guice-servlet/4.0/guice-servlet-4.0.jar:/home/user/.m2/repository/org/glassfish/jersey/containers/jersey-container-servlet/2.27/jersey-container-servlet-2.27.jar:/home/user/.m2/repository/org/glassfish/hk2/guice-bridge/2.5.0/guice-bridge-2.5.0.jar:/home/user/.m2/repository/org/glassfish/jersey/core/jersey-server/2.27/jersey-server-2.27.jar:/home/user/.m2/repository/org/glassfish/jersey/core/jersey-client/2.27/jersey-client-2.27.jar:/home/user/.m2/repository/org/glassfish/jersey/media/jersey-media-jaxb/2.27/jersey-media-jaxb-2.27.jar:/home/user/.m2/repository/javax/validation/validation-api/1.1.0.Final/validation-api-1.1.0.Final.jar:/home/user/.m2/repository/org/glassfish/jersey/media/jersey-media-json-jackson/2.27/jersey-media-json-jackson-2.27.jar:/home/user/.m2/repository/org/glassfish/jersey/ext/jersey-entity-filtering/2.27/jersey-entity-filtering-2.27.jar:/home/user/.m2/repository/com/google/inject/extensions/guice-assistedinject/4.0/guice-assistedinject-4.0.jar:/home/user/.m2/repository/org/jooq/jooq/3.11.10/jooq-3.11.10.jar:/home/user/.m2/repository/org/jooq/jooq-meta/3.11.10/jooq-meta-3.11.10.jar:/home/user/.m2/repository/org/jooq/jooq-codegen/3.11.10/jooq-codegen-3.11.10.jar:/home/user/.m2/repository/com/jolbox/bonecp/0.8.0.RELEASE/bonecp-0.8.0.RELEASE.jar:/home/user/.m2/repository/org/xerial/sqlite-jdbc/3.25.2/sqlite-jdbc-3.25.2.jar:/home/user/.m2/repository/org/springframework/spring-jdbc/5.1.3.RELEASE/spring-jdbc-5.1.3.RELEASE.jar:/home/user/.m2/repository/org/springframework/spring-beans/5.1.3.RELEASE/spring-beans-5.1.3.RELEASE.jar:/home/user/.m2/repository/org/springframework/spring-core/5.1.3.RELEASE/spring-core-5.1.3.RELEASE.jar:/home/user/.m2/repository/org/springframework/spring-jcl/5.1.3.RELEASE/spring-jcl-5.1.3.RELEASE.jar:/home/user/.m2/repository/org/springframework/spring-tx/5.1.3.RELEASE/spring-tx-5.1.3.RELEASE.jar:/home/user/.m2/repository/org/apache/hadoop/hadoop-ozone-client/0.5.0-SNAPSHOT/hadoop-ozone-client-0.5.0-SNAPSHOT.jar:/home/user/.m2/repository/commons-lang/commons-lang/2.6/commons-lang-2.6.jar:/home/user/.m2/repository/org/apache/hadoop/hadoop-ozone-ozone-manager/0.5.0-SNAPSHOT/hadoop-ozone-ozone-manager-0.5.0-SNAPSHOT-tests.jar:/home/user/.m2/repository/junit/junit/4.11/junit-4.11.jar:/home/user/.m2/repository/org/hamcrest/hamcrest-core/1.3/hamcrest-core-1.3.jar:/home/user/.m2/repository/org/openjdk/jmh/jmh-core/1.19/jmh-core-1.19.jar:/home/user/.m2/repository/net/sf/jopt-simple/jopt-simple/4.6/jopt-simple-4.6.jar:/home/user/.m2/repository/org/apache/commons/commons-math3/3.1.1/commons-math3-3.1.1.jar:/home/user/.m2/repository/org/openjdk/jmh/jmh-generator-annprocess/1.19/jmh-generator-annprocess-1.19.jar:/home/user/.m2/repository/org/mockito/mockito-all/1.8.5/mockito-all-1.8.5.jar:/home/user/.m2/repository/org/apache/hadoop/hadoop-kms/3.2.0/hadoop-kms-3.2.0.jar:/home/user/.m2/repository/org/apache/hadoop/hadoop-auth/3.2.0/hadoop-auth-3.2.0.jar:/home/user/.m2/repository/com/nimbusds/nimbus-jose-jwt/4.41.1/nimbus-jose-jwt-4.41.1.jar:/home/user/.m2/repository/com/github/stephenc/jcip/jcip-annotations/1.0-1/jcip-annotations-1.0-1.jar:/home/user/.m2/repository/net/minidev/json-smart/2.3/json-smart-2.3.jar:/home/user/.m2/repository/net/minidev/accessors-smart/1.2/accessors-smart-1.2.jar:/home/user/.m2/repository/org/ow2/asm/asm/5.0.4/asm-5.0.4.jar:/home/user/.m2/repository/org/apache/curator/curator-framework/2.12.0/curator-framework-2.12.0.jar:/home/user/.m2/repository/com/sun/jersey/jersey-core/1.19/jersey-core-1.19.jar:/home/user/.m2/repository/javax/ws/rs/jsr311-api/1.1.1/jsr311-api-1.1.1.jar:/home/user/.m2/repository/com/sun/jersey/jersey-server/1.19/jersey-server-1.19.jar:/home/user/.m2/repository/javax/servlet/javax.servlet-api/3.1.0/javax.servlet-api-3.1.0.jar:/home/user/.m2/repository/org/eclipse/jetty/jetty-server/9.3.25.v20180904/jetty-server-9.3.25.v20180904.jar:/home/user/.m2/repository/org/eclipse/jetty/jetty-http/9.3.25.v20180904/jetty-http-9.3.25.v20180904.jar:/home/user/.m2/repository/org/eclipse/jetty/jetty-io/9.3.25.v20180904/jetty-io-9.3.25.v20180904.jar:/home/user/.m2/repository/org/eclipse/jetty/jetty-webapp/9.3.25.v20180904/jetty-webapp-9.3.25.v20180904.jar:/home/user/.m2/repository/org/eclipse/jetty/jetty-xml/9.3.25.v20180904/jetty-xml-9.3.25.v20180904.jar:/home/user/.m2/repository/log4j/log4j/1.2.17/log4j-1.2.17.jar:/home/user/.m2/repository/org/slf4j/slf4j-api/1.7.25/slf4j-api-1.7.25.jar:/home/user/.m2/repository/org/slf4j/jul-to-slf4j/1.7.25/jul-to-slf4j-1.7.25.jar:/home/user/.m2/repository/org/eclipse/jetty/jetty-util/9.3.25.v20180904/jetty-util-9.3.25.v20180904.jar:/home/user/.m2/repository/com/fasterxml/jackson/core/jackson-databind/2.9.9/jackson-databind-2.9.9.jar:/home/user/.m2/repository/org/apache/hadoop/hadoop-kms/3.2.0/hadoop-kms-3.2.0-tests.jar:/home/user/.m2/repository/org/apache/hadoop/hadoop-hdds-server-scm/0.5.0-SNAPSHOT/hadoop-hdds-server-scm-0.5.0-SNAPSHOT-tests.jar:/home/user/.m2/repository/org/apache/hadoop/hadoop-hdds-container-service/0.5.0-SNAPSHOT/hadoop-hdds-container-service-0.5.0-SNAPSHOT-tests.jar:/home/user/.m2/repository/org/yaml/snakeyaml/1.16/snakeyaml-1.16.jar:/home/user/.m2/repository/org/apache/hadoop/hadoop-common/3.2.0/hadoop-common-3.2.0-tests.jar:/home/user/.m2/repository/org/apache/hadoop/hadoop-annotations/3.2.0/hadoop-annotations-3.2.0.jar:/usr/lib/jvm/java-1.8-openjdk/jre/../lib/tools.jar:/home/user/.m2/repository/commons-cli/commons-cli/1.2/commons-cli-1.2.jar:/home/user/.m2/repository/org/apache/httpcomponents/httpclient/4.5.2/httpclient-4.5.2.jar:/home/user/.m2/repository/org/apache/httpcomponents/httpcore/4.4.4/httpcore-4.4.4.jar:/home/user/.m2/repository/commons-codec/commons-codec/1.11/commons-codec-1.11.jar:/home/user/.m2/repository/commons-net/commons-net/3.6/commons-net-3.6.jar:/home/user/.m2/repository/commons-collections/commons-collections/3.2.2/commons-collections-3.2.2.jar:/home/user/.m2/repository/org/eclipse/jetty/jetty-servlet/9.3.25.v20180904/jetty-servlet-9.3.25.v20180904.jar:/home/user/.m2/repository/org/eclipse/jetty/jetty-security/9.3.25.v20180904/jetty-security-9.3.25.v20180904.jar:/home/user/.m2/repository/javax/servlet/jsp/jsp-api/2.1/jsp-api-2.1.jar:/home/user/.m2/repository/com/sun/jersey/jersey-servlet/1.19/jersey-servlet-1.19.jar:/home/user/.m2/repository/com/sun/jersey/jersey-json/1.19/jersey-json-1.19.jar:/home/user/.m2/repository/org/codehaus/jettison/jettison/1.1/jettison-1.1.jar:/home/user/.m2/repository/org/codehaus/jackson/jackson-core-asl/1.9.13/jackson-core-asl-1.9.13.jar:/home/user/.m2/repository/org/codehaus/jackson/jackson-mapper-asl/1.9.13/jackson-mapper-asl-1.9.13.jar:/home/user/.m2/repository/org/codehaus/jackson/jackson-jaxrs/1.9.13/jackson-jaxrs-1.9.13.jar:/home/user/.m2/repository/org/codehaus/jackson/jackson-xc/1.9.13/jackson-xc-1.9.13.jar:/home/user/.m2/repository/commons-logging/commons-logging/1.1.3/commons-logging-1.1.3.jar:/home/user/.m2/repository/commons-beanutils/commons-beanutils/1.9.4/commons-beanutils-1.9.4.jar:/home/user/.m2/repository/org/apache/commons/commons-configuration2/2.1.1/commons-configuration2-2.1.1.jar:/home/user/.m2/repository/org/apache/commons/commons-lang3/3.7/commons-lang3-3.7.jar:/home/user/.m2/repository/org/apache/commons/commons-text/1.4/commons-text-1.4.jar:/home/user/.m2/repository/org/apache/avro/avro/1.7.7/avro-1.7.7.jar:/home/user/.m2/repository/com/thoughtworks/paranamer/paranamer/2.3/paranamer-2.3.jar:/home/user/.m2/repository/org/xerial/snappy/snappy-java/1.0.5/snappy-java-1.0.5.jar:/home/user/.m2/repository/com/google/re2j/re2j/1.1/re2j-1.1.jar:/home/user/.m2/repository/com/google/code/gson/gson/2.2.4/gson-2.2.4.jar:/home/user/.m2/repository/com/jcraft/jsch/0.1.54/jsch-0.1.54.jar:/home/user/.m2/repository/org/apache/curator/curator-client/2.12.0/curator-client-2.12.0.jar:/home/user/.m2/repository/org/apache/curator/curator-recipes/2.12.0/curator-recipes-2.12.0.jar:/home/user/.m2/repository/com/google/code/findbugs/jsr305/3.0.0/jsr305-3.0.0.jar:/home/user/.m2/repository/org/apache/htrace/htrace-core4/4.1.0-incubating/htrace-core4-4.1.0-incubating.jar:/home/user/.m2/repository/org/apache/zookeeper/zookeeper/3.4.13/zookeeper-3.4.13.jar:/home/user/.m2/repository/jline/jline/0.9.94/jline-0.9.94.jar:/home/user/.m2/repository/org/apache/yetus/audience-annotations/0.5.0/audience-annotations-0.5.0.jar:/home/user/.m2/repository/org/codehaus/woodstox/stax2-api/3.1.4/stax2-api-3.1.4.jar:/home/user/.m2/repository/com/fasterxml/woodstox/woodstox-core/5.0.3/woodstox-core-5.0.3.jar:/home/user/.m2/repository/dnsjava/dnsjava/2.1.7/dnsjava-2.1.7.jar:/home/user/.m2/repository/org/apache/hadoop/hadoop-hdfs/3.2.0/hadoop-hdfs-3.2.0-tests.jar:/home/user/.m2/repository/org/eclipse/jetty/jetty-util-ajax/9.3.25.v20180904/jetty-util-ajax-9.3.25.v20180904.jar:/home/user/.m2/repository/commons-daemon/commons-daemon/1.0.13/commons-daemon-1.0.13.jar:/home/user/.m2/repository/io/netty/netty/3.10.5.Final/netty-3.10.5.Final.jar:/home/user/.m2/repository/io/netty/netty-all/4.0.52.Final/netty-all-4.0.52.Final.jar:/home/user/.m2/repository/org/fusesource/leveldbjni/leveldbjni-all/1.8/leveldbjni-all-1.8.jar:"/>
    <property name="java.vm.vendor" value="IcedTea"/>
    <property name="sun.arch.data.model" value="64"/>
    <property name="test.build.dir" value="/workdir/hadoop-ozone/integration-test/target/test-dir"/>
    <property name="test.cache.data" value=""/>
    <property name="java.vendor.url" value="https://icedtea.classpath.org"/>
    <property name="user.timezone" value=""/>
    <property name="java.vm.specification.version" value="1.8"/>
    <property name="os.name" value="Linux"/>
    <property name="test.build.data" value="/workdir/hadoop-ozone/integration-test/target/test-dir"/>
    <property name="user.country" value="US"/>
    <property name="sun.java.launcher" value="SUN_STANDARD"/>
    <property name="sun.boot.library.path" value="/usr/lib/jvm/java-1.8-openjdk/jre/lib/amd64"/>
    <property name="sun.java.command" value="/workdir/hadoop-ozone/integration-test/target/surefire/surefirebooter8381069529424427790.jar /workdir/hadoop-ozone/integration-test/target/surefire 2019-10-12T09-59-21_147-jvmRun1 surefire2443452569859076308tmp surefire_204486125126510124562tmp"/>
    <property name="test" value="!TestMiniChaosOzoneCluster"/>
    <property name="surefire.test.class.path" value="/workdir/hadoop-ozone/integration-test/target/test-classes:/workdir/hadoop-ozone/integration-test/target/classes:/home/user/.m2/repository/org/apache/hadoop/hadoop-ozone-common/0.5.0-SNAPSHOT/hadoop-ozone-common-0.5.0-SNAPSHOT.jar:/home/user/.m2/repository/org/apache/commons/commons-compress/1.4.1/commons-compress-1.4.1.jar:/home/user/.m2/repository/org/tukaani/xz/1.0/xz-1.0.jar:/home/user/.m2/repository/org/apache/hadoop/hadoop-common/3.2.0/hadoop-common-3.2.0.jar:/home/user/.m2/repository/org/apache/hadoop/hadoop-hdfs/3.2.0/hadoop-hdfs-3.2.0.jar:/home/user/.m2/repository/org/apache/hadoop/hadoop-hdfs-client/3.2.0/hadoop-hdfs-client-3.2.0.jar:/home/user/.m2/repository/com/fasterxml/jackson/core/jackson-annotations/2.9.9/jackson-annotations-2.9.9.jar:/home/user/.m2/repository/org/apache/hadoop/hadoop-hdds-common/0.5.0-SNAPSHOT/hadoop-hdds-common-0.5.0-SNAPSHOT.jar:/home/user/.m2/repository/javax/annotation/javax.annotation-api/1.2/javax.annotation-api-1.2.jar:/home/user/.m2/repository/org/apache/ratis/ratis-server/0.5.0-201fc85-SNAPSHOT/ratis-server-0.5.0-201fc85-SNAPSHOT.jar:/home/user/.m2/repository/org/apache/ratis/ratis-thirdparty-misc/0.2.0/ratis-thirdparty-misc-0.2.0.jar:/home/user/.m2/repository/org/apache/ratis/ratis-proto/0.5.0-201fc85-SNAPSHOT/ratis-proto-0.5.0-201fc85-SNAPSHOT.jar:/home/user/.m2/repository/org/apache/ratis/ratis-common/0.5.0-201fc85-SNAPSHOT/ratis-common-0.5.0-201fc85-SNAPSHOT.jar:/home/user/.m2/repository/org/apache/ratis/ratis-client/0.5.0-201fc85-SNAPSHOT/ratis-client-0.5.0-201fc85-SNAPSHOT.jar:/home/user/.m2/repository/org/apache/ratis/ratis-metrics/0.5.0-201fc85-SNAPSHOT/ratis-metrics-0.5.0-201fc85-SNAPSHOT.jar:/home/user/.m2/repository/com/github/joshelser/dropwizard-metrics-hadoop-metrics2-reporter/0.1.2/dropwizard-metrics-hadoop-metrics2-reporter-0.1.2.jar:/home/user/.m2/repository/io/dropwizard/metrics/metrics-jvm/3.2.5/metrics-jvm-3.2.5.jar:/home/user/.m2/repository/io/dropwizard/metrics/metrics-ganglia/3.2.5/metrics-ganglia-3.2.5.jar:/home/user/.m2/repository/info/ganglia/gmetric4j/gmetric4j/1.0.7/gmetric4j-1.0.7.jar:/home/user/.m2/repository/org/apache/ratis/ratis-netty/0.5.0-201fc85-SNAPSHOT/ratis-netty-0.5.0-201fc85-SNAPSHOT.jar:/home/user/.m2/repository/org/apache/ratis/ratis-grpc/0.5.0-201fc85-SNAPSHOT/ratis-grpc-0.5.0-201fc85-SNAPSHOT.jar:/home/user/.m2/repository/org/rocksdb/rocksdbjni/6.0.1/rocksdbjni-6.0.1.jar:/home/user/.m2/repository/org/apache/logging/log4j/log4j-api/2.11.0/log4j-api-2.11.0.jar:/home/user/.m2/repository/org/apache/logging/log4j/log4j-core/2.11.0/log4j-core-2.11.0.jar:/home/user/.m2/repository/com/lmax/disruptor/3.4.2/disruptor-3.4.2.jar:/home/user/.m2/repository/org/apache/commons/commons-pool2/2.6.0/commons-pool2-2.6.0.jar:/home/user/.m2/repository/org/bouncycastle/bcpkix-jdk15on/1.60/bcpkix-jdk15on-1.60.jar:/home/user/.m2/repository/commons-validator/commons-validator/1.6/commons-validator-1.6.jar:/home/user/.m2/repository/commons-digester/commons-digester/1.8.1/commons-digester-1.8.1.jar:/home/user/.m2/repository/io/jaegertracing/jaeger-client/0.34.0/jaeger-client-0.34.0.jar:/home/user/.m2/repository/io/jaegertracing/jaeger-thrift/0.34.0/jaeger-thrift-0.34.0.jar:/home/user/.m2/repository/org/apache/thrift/libthrift/0.12.0/libthrift-0.12.0.jar:/home/user/.m2/repository/com/squareup/okhttp3/okhttp/3.9.0/okhttp-3.9.0.jar:/home/user/.m2/repository/com/squareup/okio/okio/1.13.0/okio-1.13.0.jar:/home/user/.m2/repository/io/jaegertracing/jaeger-core/0.34.0/jaeger-core-0.34.0.jar:/home/user/.m2/repository/io/jaegertracing/jaeger-tracerresolver/0.34.0/jaeger-tracerresolver-0.34.0.jar:/home/user/.m2/repository/io/opentracing/contrib/opentracing-tracerresolver/0.1.5/opentracing-tracerresolver-0.1.5.jar:/home/user/.m2/repository/io/opentracing/opentracing-util/0.31.0/opentracing-util-0.31.0.jar:/home/user/.m2/repository/io/opentracing/opentracing-api/0.31.0/opentracing-api-0.31.0.jar:/home/user/.m2/repository/io/opentracing/opentracing-noop/0.31.0/opentracing-noop-0.31.0.jar:/home/user/.m2/repository/org/apache/hadoop/hadoop-hdds-server-framework/0.5.0-SNAPSHOT/hadoop-hdds-server-framework-0.5.0-SNAPSHOT.jar:/home/user/.m2/repository/org/apache/hadoop/hadoop-hdds-container-service/0.5.0-SNAPSHOT/hadoop-hdds-container-service-0.5.0-SNAPSHOT.jar:/home/user/.m2/repository/org/apache/hadoop/hadoop-hdds-client/0.5.0-SNAPSHOT/hadoop-hdds-client-0.5.0-SNAPSHOT.jar:/home/user/.m2/repository/org/apache/hadoop/hadoop-hdds-tools/0.5.0-SNAPSHOT/hadoop-hdds-tools-0.5.0-SNAPSHOT.jar:/home/user/.m2/repository/org/apache/hadoop/hadoop-hdds-server-scm/0.5.0-SNAPSHOT/hadoop-hdds-server-scm-0.5.0-SNAPSHOT.jar:/home/user/.m2/repository/org/apache/hadoop/hadoop-hdds-docs/0.5.0-SNAPSHOT/hadoop-hdds-docs-0.5.0-SNAPSHOT.jar:/home/user/.m2/repository/io/dropwizard/metrics/metrics-core/3.2.4/metrics-core-3.2.4.jar:/home/user/.m2/repository/org/hamcrest/hamcrest-all/1.3/hamcrest-all-1.3.jar:/home/user/.m2/repository/org/bouncycastle/bcprov-jdk15on/1.60/bcprov-jdk15on-1.60.jar:/home/user/.m2/repository/info/picocli/picocli/3.9.6/picocli-3.9.6.jar:/home/user/.m2/repository/com/google/protobuf/protobuf-java/2.5.0/protobuf-java-2.5.0.jar:/home/user/.m2/repository/com/google/guava/guava/11.0.2/guava-11.0.2.jar:/home/user/.m2/repository/org/apache/hadoop/hadoop-ozone-ozone-manager/0.5.0-SNAPSHOT/hadoop-ozone-ozone-manager-0.5.0-SNAPSHOT.jar:/home/user/.m2/repository/org/apache/hadoop/hadoop-minikdc/3.2.0/hadoop-minikdc-3.2.0.jar:/home/user/.m2/repository/commons-io/commons-io/2.5/commons-io-2.5.jar:/home/user/.m2/repository/org/apache/kerby/kerb-simplekdc/1.0.1/kerb-simplekdc-1.0.1.jar:/home/user/.m2/repository/org/apache/kerby/kerb-client/1.0.1/kerb-client-1.0.1.jar:/home/user/.m2/repository/org/apache/kerby/kerby-config/1.0.1/kerby-config-1.0.1.jar:/home/user/.m2/repository/org/apache/kerby/kerb-core/1.0.1/kerb-core-1.0.1.jar:/home/user/.m2/repository/org/apache/kerby/kerby-pkix/1.0.1/kerby-pkix-1.0.1.jar:/home/user/.m2/repository/org/apache/kerby/kerby-asn1/1.0.1/kerby-asn1-1.0.1.jar:/home/user/.m2/repository/org/apache/kerby/kerby-util/1.0.1/kerby-util-1.0.1.jar:/home/user/.m2/repository/org/apache/kerby/kerb-common/1.0.1/kerb-common-1.0.1.jar:/home/user/.m2/repository/org/apache/kerby/kerb-crypto/1.0.1/kerb-crypto-1.0.1.jar:/home/user/.m2/repository/org/apache/kerby/kerb-util/1.0.1/kerb-util-1.0.1.jar:/home/user/.m2/repository/org/apache/kerby/token-provider/1.0.1/token-provider-1.0.1.jar:/home/user/.m2/repository/org/apache/kerby/kerb-admin/1.0.1/kerb-admin-1.0.1.jar:/home/user/.m2/repository/org/apache/kerby/kerb-server/1.0.1/kerb-server-1.0.1.jar:/home/user/.m2/repository/org/apache/kerby/kerb-identity/1.0.1/kerb-identity-1.0.1.jar:/home/user/.m2/repository/org/apache/kerby/kerby-xdr/1.0.1/kerby-xdr-1.0.1.jar:/home/user/.m2/repository/org/slf4j/slf4j-log4j12/1.7.25/slf4j-log4j12-1.7.25.jar:/home/user/.m2/repository/org/apache/hadoop/hadoop-ozone-s3gateway/0.5.0-SNAPSHOT/hadoop-ozone-s3gateway-0.5.0-SNAPSHOT.jar:/home/user/.m2/repository/org/jboss/weld/servlet/weld-servlet/2.4.7.Final/weld-servlet-2.4.7.Final.jar:/home/user/.m2/repository/org/glassfish/jersey/containers/jersey-container-servlet-core/2.27/jersey-container-servlet-core-2.27.jar:/home/user/.m2/repository/org/glassfish/hk2/external/javax.inject/2.5.0-b42/javax.inject-2.5.0-b42.jar:/home/user/.m2/repository/org/glassfish/jersey/core/jersey-common/2.27/jersey-common-2.27.jar:/home/user/.m2/repository/org/glassfish/hk2/osgi-resource-locator/1.0.1/osgi-resource-locator-1.0.1.jar:/home/user/.m2/repository/javax/ws/rs/javax.ws.rs-api/2.1/javax.ws.rs-api-2.1.jar:/home/user/.m2/repository/org/glassfish/jersey/ext/cdi/jersey-cdi1x/2.27/jersey-cdi1x-2.27.jar:/home/user/.m2/repository/org/glassfish/jersey/inject/jersey-hk2/2.27/jersey-hk2-2.27.jar:/home/user/.m2/repository/org/glassfish/hk2/hk2-locator/2.5.0-b42/hk2-locator-2.5.0-b42.jar:/home/user/.m2/repository/org/javassist/javassist/3.22.0-CR2/javassist-3.22.0-CR2.jar:/home/user/.m2/repository/org/glassfish/hk2/hk2-api/2.5.0/hk2-api-2.5.0.jar:/home/user/.m2/repository/org/glassfish/hk2/external/jakarta.inject/2.5.0/jakarta.inject-2.5.0.jar:/home/user/.m2/repository/org/glassfish/hk2/hk2-utils/2.5.0/hk2-utils-2.5.0.jar:/home/user/.m2/repository/jakarta/annotation/jakarta.annotation-api/1.3.4/jakarta.annotation-api-1.3.4.jar:/home/user/.m2/repository/org/glassfish/hk2/external/aopalliance-repackaged/2.5.0/aopalliance-repackaged-2.5.0.jar:/home/user/.m2/repository/com/fasterxml/jackson/dataformat/jackson-dataformat-xml/2.9.0/jackson-dataformat-xml-2.9.0.jar:/home/user/.m2/repository/com/fasterxml/jackson/core/jackson-core/2.9.9/jackson-core-2.9.9.jar:/home/user/.m2/repository/com/fasterxml/jackson/module/jackson-module-jaxb-annotations/2.9.9/jackson-module-jaxb-annotations-2.9.9.jar:/home/user/.m2/repository/javax/enterprise/cdi-api/1.2/cdi-api-1.2.jar:/home/user/.m2/repository/javax/el/javax.el-api/3.0.0/javax.el-api-3.0.0.jar:/home/user/.m2/repository/javax/interceptor/javax.interceptor-api/1.2/javax.interceptor-api-1.2.jar:/home/user/.m2/repository/javax/inject/javax.inject/1/javax.inject-1.jar:/home/user/.m2/repository/com/sun/xml/bind/jaxb-impl/2.3.0.1/jaxb-impl-2.3.0.1.jar:/home/user/.m2/repository/com/sun/xml/bind/jaxb-core/2.3.0.1/jaxb-core-2.3.0.1.jar:/home/user/.m2/repository/javax/xml/bind/jaxb-api/2.3.0/jaxb-api-2.3.0.jar:/home/user/.m2/repository/javax/activation/activation/1.1.1/activation-1.1.1.jar:/home/user/.m2/repository/org/apache/hadoop/hadoop-ozone-csi/0.5.0-SNAPSHOT/hadoop-ozone-csi-0.5.0-SNAPSHOT.jar:/home/user/.m2/repository/com/google/protobuf/protobuf-java-util/3.5.1/protobuf-java-util-3.5.1.jar:/home/user/.m2/repository/org/apache/hadoop/hadoop-hdds-config/0.5.0-SNAPSHOT/hadoop-hdds-config-0.5.0-SNAPSHOT.jar:/home/user/.m2/repository/io/grpc/grpc-netty/1.17.1/grpc-netty-1.17.1.jar:/home/user/.m2/repository/io/grpc/grpc-core/1.17.1/grpc-core-1.17.1.jar:/home/user/.m2/repository/io/grpc/grpc-context/1.17.1/grpc-context-1.17.1.jar:/home/user/.m2/repository/com/google/errorprone/error_prone_annotations/2.2.0/error_prone_annotations-2.2.0.jar:/home/user/.m2/repository/org/codehaus/mojo/animal-sniffer-annotations/1.17/animal-sniffer-annotations-1.17.jar:/home/user/.m2/repository/io/opencensus/opencensus-api/0.17.0/opencensus-api-0.17.0.jar:/home/user/.m2/repository/io/opencensus/opencensus-contrib-grpc-metrics/0.17.0/opencensus-contrib-grpc-metrics-0.17.0.jar:/home/user/.m2/repository/io/netty/netty-codec-http2/4.1.30.Final/netty-codec-http2-4.1.30.Final.jar:/home/user/.m2/repository/io/netty/netty-codec-http/4.1.30.Final/netty-codec-http-4.1.30.Final.jar:/home/user/.m2/repository/io/netty/netty-codec/4.1.30.Final/netty-codec-4.1.30.Final.jar:/home/user/.m2/repository/io/netty/netty-handler/4.1.30.Final/netty-handler-4.1.30.Final.jar:/home/user/.m2/repository/io/netty/netty-handler-proxy/4.1.30.Final/netty-handler-proxy-4.1.30.Final.jar:/home/user/.m2/repository/io/netty/netty-codec-socks/4.1.30.Final/netty-codec-socks-4.1.30.Final.jar:/home/user/.m2/repository/io/netty/netty-transport-native-epoll/4.1.30.Final/netty-transport-native-epoll-4.1.30.Final.jar:/home/user/.m2/repository/io/netty/netty-common/4.1.30.Final/netty-common-4.1.30.Final.jar:/home/user/.m2/repository/io/netty/netty-buffer/4.1.30.Final/netty-buffer-4.1.30.Final.jar:/home/user/.m2/repository/io/netty/netty-transport/4.1.30.Final/netty-transport-4.1.30.Final.jar:/home/user/.m2/repository/io/netty/netty-resolver/4.1.30.Final/netty-resolver-4.1.30.Final.jar:/home/user/.m2/repository/io/netty/netty-transport-native-unix-common/4.1.30.Final/netty-transport-native-unix-common-4.1.30.Final.jar:/home/user/.m2/repository/io/grpc/grpc-protobuf/1.17.1/grpc-protobuf-1.17.1.jar:/home/user/.m2/repository/com/google/api/grpc/proto-google-common-protos/1.0.0/proto-google-common-protos-1.0.0.jar:/home/user/.m2/repository/io/grpc/grpc-protobuf-lite/1.17.1/grpc-protobuf-lite-1.17.1.jar:/home/user/.m2/repository/io/grpc/grpc-stub/1.17.1/grpc-stub-1.17.1.jar:/home/user/.m2/repository/org/apache/hadoop/hadoop-ozone-recon/0.5.0-SNAPSHOT/hadoop-ozone-recon-0.5.0-SNAPSHOT.jar:/home/user/.m2/repository/org/apache/hadoop/hadoop-ozone-reconcodegen/0.5.0-SNAPSHOT/hadoop-ozone-reconcodegen-0.5.0-SNAPSHOT.jar:/home/user/.m2/repository/com/google/inject/extensions/guice-multibindings/4.0/guice-multibindings-4.0.jar:/home/user/.m2/repository/com/google/inject/guice/4.0/guice-4.0.jar:/home/user/.m2/repository/aopalliance/aopalliance/1.0/aopalliance-1.0.jar:/home/user/.m2/repository/com/google/inject/extensions/guice-servlet/4.0/guice-servlet-4.0.jar:/home/user/.m2/repository/org/glassfish/jersey/containers/jersey-container-servlet/2.27/jersey-container-servlet-2.27.jar:/home/user/.m2/repository/org/glassfish/hk2/guice-bridge/2.5.0/guice-bridge-2.5.0.jar:/home/user/.m2/repository/org/glassfish/jersey/core/jersey-server/2.27/jersey-server-2.27.jar:/home/user/.m2/repository/org/glassfish/jersey/core/jersey-client/2.27/jersey-client-2.27.jar:/home/user/.m2/repository/org/glassfish/jersey/media/jersey-media-jaxb/2.27/jersey-media-jaxb-2.27.jar:/home/user/.m2/repository/javax/validation/validation-api/1.1.0.Final/validation-api-1.1.0.Final.jar:/home/user/.m2/repository/org/glassfish/jersey/media/jersey-media-json-jackson/2.27/jersey-media-json-jackson-2.27.jar:/home/user/.m2/repository/org/glassfish/jersey/ext/jersey-entity-filtering/2.27/jersey-entity-filtering-2.27.jar:/home/user/.m2/repository/com/google/inject/extensions/guice-assistedinject/4.0/guice-assistedinject-4.0.jar:/home/user/.m2/repository/org/jooq/jooq/3.11.10/jooq-3.11.10.jar:/home/user/.m2/repository/org/jooq/jooq-meta/3.11.10/jooq-meta-3.11.10.jar:/home/user/.m2/repository/org/jooq/jooq-codegen/3.11.10/jooq-codegen-3.11.10.jar:/home/user/.m2/repository/com/jolbox/bonecp/0.8.0.RELEASE/bonecp-0.8.0.RELEASE.jar:/home/user/.m2/repository/org/xerial/sqlite-jdbc/3.25.2/sqlite-jdbc-3.25.2.jar:/home/user/.m2/repository/org/springframework/spring-jdbc/5.1.3.RELEASE/spring-jdbc-5.1.3.RELEASE.jar:/home/user/.m2/repository/org/springframework/spring-beans/5.1.3.RELEASE/spring-beans-5.1.3.RELEASE.jar:/home/user/.m2/repository/org/springframework/spring-core/5.1.3.RELEASE/spring-core-5.1.3.RELEASE.jar:/home/user/.m2/repository/org/springframework/spring-jcl/5.1.3.RELEASE/spring-jcl-5.1.3.RELEASE.jar:/home/user/.m2/repository/org/springframework/spring-tx/5.1.3.RELEASE/spring-tx-5.1.3.RELEASE.jar:/home/user/.m2/repository/org/apache/hadoop/hadoop-ozone-client/0.5.0-SNAPSHOT/hadoop-ozone-client-0.5.0-SNAPSHOT.jar:/home/user/.m2/repository/commons-lang/commons-lang/2.6/commons-lang-2.6.jar:/home/user/.m2/repository/org/apache/hadoop/hadoop-ozone-ozone-manager/0.5.0-SNAPSHOT/hadoop-ozone-ozone-manager-0.5.0-SNAPSHOT-tests.jar:/home/user/.m2/repository/junit/junit/4.11/junit-4.11.jar:/home/user/.m2/repository/org/hamcrest/hamcrest-core/1.3/hamcrest-core-1.3.jar:/home/user/.m2/repository/org/openjdk/jmh/jmh-core/1.19/jmh-core-1.19.jar:/home/user/.m2/repository/net/sf/jopt-simple/jopt-simple/4.6/jopt-simple-4.6.jar:/home/user/.m2/repository/org/apache/commons/commons-math3/3.1.1/commons-math3-3.1.1.jar:/home/user/.m2/repository/org/openjdk/jmh/jmh-generator-annprocess/1.19/jmh-generator-annprocess-1.19.jar:/home/user/.m2/repository/org/mockito/mockito-all/1.8.5/mockito-all-1.8.5.jar:/home/user/.m2/repository/org/apache/hadoop/hadoop-kms/3.2.0/hadoop-kms-3.2.0.jar:/home/user/.m2/repository/org/apache/hadoop/hadoop-auth/3.2.0/hadoop-auth-3.2.0.jar:/home/user/.m2/repository/com/nimbusds/nimbus-jose-jwt/4.41.1/nimbus-jose-jwt-4.41.1.jar:/home/user/.m2/repository/com/github/stephenc/jcip/jcip-annotations/1.0-1/jcip-annotations-1.0-1.jar:/home/user/.m2/repository/net/minidev/json-smart/2.3/json-smart-2.3.jar:/home/user/.m2/repository/net/minidev/accessors-smart/1.2/accessors-smart-1.2.jar:/home/user/.m2/repository/org/ow2/asm/asm/5.0.4/asm-5.0.4.jar:/home/user/.m2/repository/org/apache/curator/curator-framework/2.12.0/curator-framework-2.12.0.jar:/home/user/.m2/repository/com/sun/jersey/jersey-core/1.19/jersey-core-1.19.jar:/home/user/.m2/repository/javax/ws/rs/jsr311-api/1.1.1/jsr311-api-1.1.1.jar:/home/user/.m2/repository/com/sun/jersey/jersey-server/1.19/jersey-server-1.19.jar:/home/user/.m2/repository/javax/servlet/javax.servlet-api/3.1.0/javax.servlet-api-3.1.0.jar:/home/user/.m2/repository/org/eclipse/jetty/jetty-server/9.3.25.v20180904/jetty-server-9.3.25.v20180904.jar:/home/user/.m2/repository/org/eclipse/jetty/jetty-http/9.3.25.v20180904/jetty-http-9.3.25.v20180904.jar:/home/user/.m2/repository/org/eclipse/jetty/jetty-io/9.3.25.v20180904/jetty-io-9.3.25.v20180904.jar:/home/user/.m2/repository/org/eclipse/jetty/jetty-webapp/9.3.25.v20180904/jetty-webapp-9.3.25.v20180904.jar:/home/user/.m2/repository/org/eclipse/jetty/jetty-xml/9.3.25.v20180904/jetty-xml-9.3.25.v20180904.jar:/home/user/.m2/repository/log4j/log4j/1.2.17/log4j-1.2.17.jar:/home/user/.m2/repository/org/slf4j/slf4j-api/1.7.25/slf4j-api-1.7.25.jar:/home/user/.m2/repository/org/slf4j/jul-to-slf4j/1.7.25/jul-to-slf4j-1.7.25.jar:/home/user/.m2/repository/org/eclipse/jetty/jetty-util/9.3.25.v20180904/jetty-util-9.3.25.v20180904.jar:/home/user/.m2/repository/com/fasterxml/jackson/core/jackson-databind/2.9.9/jackson-databind-2.9.9.jar:/home/user/.m2/repository/org/apache/hadoop/hadoop-kms/3.2.0/hadoop-kms-3.2.0-tests.jar:/home/user/.m2/repository/org/apache/hadoop/hadoop-hdds-server-scm/0.5.0-SNAPSHOT/hadoop-hdds-server-scm-0.5.0-SNAPSHOT-tests.jar:/home/user/.m2/repository/org/apache/hadoop/hadoop-hdds-container-service/0.5.0-SNAPSHOT/hadoop-hdds-container-service-0.5.0-SNAPSHOT-tests.jar:/home/user/.m2/repository/org/yaml/snakeyaml/1.16/snakeyaml-1.16.jar:/home/user/.m2/repository/org/apache/hadoop/hadoop-common/3.2.0/hadoop-common-3.2.0-tests.jar:/home/user/.m2/repository/org/apache/hadoop/hadoop-annotations/3.2.0/hadoop-annotations-3.2.0.jar:/usr/lib/jvm/java-1.8-openjdk/jre/../lib/tools.jar:/home/user/.m2/repository/commons-cli/commons-cli/1.2/commons-cli-1.2.jar:/home/user/.m2/repository/org/apache/httpcomponents/httpclient/4.5.2/httpclient-4.5.2.jar:/home/user/.m2/repository/org/apache/httpcomponents/httpcore/4.4.4/httpcore-4.4.4.jar:/home/user/.m2/repository/commons-codec/commons-codec/1.11/commons-codec-1.11.jar:/home/user/.m2/repository/commons-net/commons-net/3.6/commons-net-3.6.jar:/home/user/.m2/repository/commons-collections/commons-collections/3.2.2/commons-collections-3.2.2.jar:/home/user/.m2/repository/org/eclipse/jetty/jetty-servlet/9.3.25.v20180904/jetty-servlet-9.3.25.v20180904.jar:/home/user/.m2/repository/org/eclipse/jetty/jetty-security/9.3.25.v20180904/jetty-security-9.3.25.v20180904.jar:/home/user/.m2/repository/javax/servlet/jsp/jsp-api/2.1/jsp-api-2.1.jar:/home/user/.m2/repository/com/sun/jersey/jersey-servlet/1.19/jersey-servlet-1.19.jar:/home/user/.m2/repository/com/sun/jersey/jersey-json/1.19/jersey-json-1.19.jar:/home/user/.m2/repository/org/codehaus/jettison/jettison/1.1/jettison-1.1.jar:/home/user/.m2/repository/org/codehaus/jackson/jackson-core-asl/1.9.13/jackson-core-asl-1.9.13.jar:/home/user/.m2/repository/org/codehaus/jackson/jackson-mapper-asl/1.9.13/jackson-mapper-asl-1.9.13.jar:/home/user/.m2/repository/org/codehaus/jackson/jackson-jaxrs/1.9.13/jackson-jaxrs-1.9.13.jar:/home/user/.m2/repository/org/codehaus/jackson/jackson-xc/1.9.13/jackson-xc-1.9.13.jar:/home/user/.m2/repository/commons-logging/commons-logging/1.1.3/commons-logging-1.1.3.jar:/home/user/.m2/repository/commons-beanutils/commons-beanutils/1.9.4/commons-beanutils-1.9.4.jar:/home/user/.m2/repository/org/apache/commons/commons-configuration2/2.1.1/commons-configuration2-2.1.1.jar:/home/user/.m2/repository/org/apache/commons/commons-lang3/3.7/commons-lang3-3.7.jar:/home/user/.m2/repository/org/apache/commons/commons-text/1.4/commons-text-1.4.jar:/home/user/.m2/repository/org/apache/avro/avro/1.7.7/avro-1.7.7.jar:/home/user/.m2/repository/com/thoughtworks/paranamer/paranamer/2.3/paranamer-2.3.jar:/home/user/.m2/repository/org/xerial/snappy/snappy-java/1.0.5/snappy-java-1.0.5.jar:/home/user/.m2/repository/com/google/re2j/re2j/1.1/re2j-1.1.jar:/home/user/.m2/repository/com/google/code/gson/gson/2.2.4/gson-2.2.4.jar:/home/user/.m2/repository/com/jcraft/jsch/0.1.54/jsch-0.1.54.jar:/home/user/.m2/repository/org/apache/curator/curator-client/2.12.0/curator-client-2.12.0.jar:/home/user/.m2/repository/org/apache/curator/curator-recipes/2.12.0/curator-recipes-2.12.0.jar:/home/user/.m2/repository/com/google/code/findbugs/jsr305/3.0.0/jsr305-3.0.0.jar:/home/user/.m2/repository/org/apache/htrace/htrace-core4/4.1.0-incubating/htrace-core4-4.1.0-incubating.jar:/home/user/.m2/repository/org/apache/zookeeper/zookeeper/3.4.13/zookeeper-3.4.13.jar:/home/user/.m2/repository/jline/jline/0.9.94/jline-0.9.94.jar:/home/user/.m2/repository/org/apache/yetus/audience-annotations/0.5.0/audience-annotations-0.5.0.jar:/home/user/.m2/repository/org/codehaus/woodstox/stax2-api/3.1.4/stax2-api-3.1.4.jar:/home/user/.m2/repository/com/fasterxml/woodstox/woodstox-core/5.0.3/woodstox-core-5.0.3.jar:/home/user/.m2/repository/dnsjava/dnsjava/2.1.7/dnsjava-2.1.7.jar:/home/user/.m2/repository/org/apache/hadoop/hadoop-hdfs/3.2.0/hadoop-hdfs-3.2.0-tests.jar:/home/user/.m2/repository/org/eclipse/jetty/jetty-util-ajax/9.3.25.v20180904/jetty-util-ajax-9.3.25.v20180904.jar:/home/user/.m2/repository/commons-daemon/commons-daemon/1.0.13/commons-daemon-1.0.13.jar:/home/user/.m2/repository/io/netty/netty/3.10.5.Final/netty-3.10.5.Final.jar:/home/user/.m2/repository/io/netty/netty-all/4.0.52.Final/netty-all-4.0.52.Final.jar:/home/user/.m2/repository/org/fusesource/leveldbjni/leveldbjni-all/1.8/leveldbjni-all-1.8.jar:"/>
    <property name="sun.cpu.endian" value="little"/>
    <property name="user.home" value="/home/user"/>
    <property name="user.language" value="en"/>
    <property name="java.specification.vendor" value="Oracle Corporation"/>
    <property name="java.home" value="/usr/lib/jvm/java-1.8-openjdk/jre"/>
    <property name="java.security.krb5.conf" value="/workdir/hadoop-ozone/integration-test/target/test-classes/krb5.conf"/>
    <property name="basedir" value="/workdir/hadoop-ozone/integration-test"/>
    <property name="file.separator" value="/"/>
    <property name="line.separator" value="&#10;"/>
    <property name="java.vm.specification.vendor" value="Oracle Corporation"/>
    <property name="java.specification.name" value="Java Platform API Specification"/>
    <property name="java.awt.graphicsenv" value="sun.awt.X11GraphicsEnvironment"/>
    <property name="surefire.real.class.path" value="/workdir/hadoop-ozone/integration-test/target/surefire/surefirebooter8381069529424427790.jar"/>
    <property name="hadoop.log.dir" value="/workdir/hadoop-ozone/integration-test/target/log"/>
    <property name="sun.boot.class.path" value="/usr/lib/jvm/java-1.8-openjdk/jre/lib/resources.jar:/usr/lib/jvm/java-1.8-openjdk/jre/lib/rt.jar:/usr/lib/jvm/java-1.8-openjdk/jre/lib/sunrsasign.jar:/usr/lib/jvm/java-1.8-openjdk/jre/lib/jsse.jar:/usr/lib/jvm/java-1.8-openjdk/jre/lib/jce.jar:/usr/lib/jvm/java-1.8-openjdk/jre/lib/charsets.jar:/usr/lib/jvm/java-1.8-openjdk/jre/lib/jfr.jar:/usr/lib/jvm/java-1.8-openjdk/jre/classes"/>
    <property name="sun.management.compiler" value="HotSpot 64-Bit Tiered Compilers"/>
    <property name="java.runtime.version" value="1.8.0_212-b04"/>
    <property name="java.net.preferIPv4Stack" value="true"/>
    <property name="user.name" value="jenkins1000"/>
    <property name="path.separator" value=":"/>
    <property name="java.security.egd" value="file:///dev/urandom"/>
    <property name="os.version" value="3.10.0-957.12.2.el7.x86_64"/>
    <property name="java.endorsed.dirs" value="/usr/lib/jvm/java-1.8-openjdk/jre/lib/endorsed"/>
    <property name="java.runtime.name" value="OpenJDK Runtime Environment"/>
    <property name="file.encoding" value="UTF-8"/>
    <property name="java.vm.name" value="OpenJDK 64-Bit Server VM"/>
    <property name="test.build.webapps" value=""/>
    <property name="localRepository" value="/home/user/.m2/repository"/>
    <property name="java.vendor.url.bug" value="https://icedtea.classpath.org/bugzilla"/>
    <property name="java.io.tmpdir" value="/tmp"/>
    <property name="require.test.libhadoop" value=""/>
    <property name="java.version" value="1.8.0_212"/>
    <property name="user.dir" value="/workdir/hadoop-ozone/integration-test"/>
    <property name="os.arch" value="amd64"/>
    <property name="java.vm.specification.name" value="Java Virtual Machine Specification"/>
    <property name="test.build.classes" value="/workdir/hadoop-ozone/integration-test/target/test-classes"/>
    <property name="java.awt.printerjob" value="sun.print.PSPrinterJob"/>
    <property name="sun.os.patch.level" value="unknown"/>
    <property name="hadoop.tmp.dir" value="/workdir/hadoop-ozone/integration-test/target/tmp"/>
    <property name="java.library.path" value="/usr/lib/jvm/java-1.8-openjdk/jre/lib/amd64/server:/usr/lib/jvm/java-1.8-openjdk/jre/lib/amd64:/usr/lib/jvm/java-1.8-openjdk/jre/../lib/amd64:/workdir/hadoop-ozone/integration-test/target/native/target/usr/local/lib:/workdir/hadoop-ozone/integration-test/../../hadoop-common-project/hadoop-common/target/native/target/usr/local/lib:/usr/java/packages/lib/amd64:/usr/lib64:/lib64:/lib:/usr/lib"/>
    <property name="java.vm.info" value="mixed mode"/>
    <property name="java.vendor" value="IcedTea"/>
    <property name="java.vm.version" value="25.212-b04"/>
    <property name="java.ext.dirs" value="/usr/lib/jvm/java-1.8-openjdk/jre/lib/ext:/usr/java/packages/lib/ext"/>
    <property name="sun.io.unicode.encoding" value="UnicodeLittle"/>
    <property name="java.class.version" value="52.0"/>
  </properties>
  <testcase name="testWatchForCommitWithKeyWrite" classname="org.apache.hadoop.ozone.client.rpc.TestWatchForCommit" time="64.424"/>
  <testcase name="testWatchForCommitWithSmallerTimeoutValue" classname="org.apache.hadoop.ozone.client.rpc.TestWatchForCommit" time="45.407"/>
  <testcase name="testWatchForCommitForRetryfailure" classname="org.apache.hadoop.ozone.client.rpc.TestWatchForCommit" time="81.086"/>
  <testcase name="testWatchForCommitForGroupMismatchException" classname="org.apache.hadoop.ozone.client.rpc.TestWatchForCommit" time="35.926"/>
  <testcase name="test2WayCommitForTimeoutException" classname="org.apache.hadoop.ozone.client.rpc.TestWatchForCommit" time="34.152">
    <error message="org.apache.ratis.protocol.RaftRetryFailureException: Failed RaftClientRequest:client-3DB340A7AF7B-&gt;cf91553c-1d08-47b5-9609-e12b61a10915@group-6674C1167E0C, cid=33, seq=2*, RW, cmdType: CloseContainer&#10;traceID: &quot;fec6583a4f95de7b:fec6583a4f95de7b:0:0&quot;&#10;containerID: 1&#10;datanodeUuid: &quot;51deee32-efc8-49a8-a097-12875679bec7&quot;&#10;closeContainer {&#10;}&#10;, data.size=0 for 20 attempts with RetryLimited(maxAttempts=20, sleepTime=1000ms)" type="java.util.concurrent.ExecutionException">java.util.concurrent.ExecutionException: 
org.apache.ratis.protocol.RaftRetryFailureException: Failed RaftClientRequest:client-3DB340A7AF7B->cf91553c-1d08-47b5-9609-e12b61a10915@group-6674C1167E0C, cid=33, seq=2*, RW, cmdType: CloseContainer
traceID: "fec6583a4f95de7b:fec6583a4f95de7b:0:0"
containerID: 1
datanodeUuid: "51deee32-efc8-49a8-a097-12875679bec7"
closeContainer {
}
, data.size=0 for 20 attempts with RetryLimited(maxAttempts=20, sleepTime=1000ms)
	at java.util.concurrent.CompletableFuture.reportGet(CompletableFuture.java:357)
	at java.util.concurrent.CompletableFuture.get(CompletableFuture.java:1895)
	at org.apache.hadoop.ozone.client.rpc.TestWatchForCommit.test2WayCommitForTimeoutException(TestWatchForCommit.java:390)
	at sun.reflect.NativeMethodAccessorImpl.invoke0(Native Method)
	at sun.reflect.NativeMethodAccessorImpl.invoke(NativeMethodAccessorImpl.java:62)
	at sun.reflect.DelegatingMethodAccessorImpl.invoke(DelegatingMethodAccessorImpl.java:43)
	at java.lang.reflect.Method.invoke(Method.java:498)
	at org.junit.runners.model.FrameworkMethod$1.runReflectiveCall(FrameworkMethod.java:47)
	at org.junit.internal.runners.model.ReflectiveCallable.run(ReflectiveCallable.java:12)
	at org.junit.runners.model.FrameworkMethod.invokeExplosively(FrameworkMethod.java:44)
	at org.junit.internal.runners.statements.InvokeMethod.evaluate(InvokeMethod.java:17)
	at org.junit.runners.ParentRunner.runLeaf(ParentRunner.java:271)
	at org.junit.runners.BlockJUnit4ClassRunner.runChild(BlockJUnit4ClassRunner.java:70)
	at org.junit.runners.BlockJUnit4ClassRunner.runChild(BlockJUnit4ClassRunner.java:50)
	at org.junit.runners.ParentRunner$3.run(ParentRunner.java:238)
	at org.junit.runners.ParentRunner$1.schedule(ParentRunner.java:63)
	at org.junit.runners.ParentRunner.runChildren(ParentRunner.java:236)
	at org.junit.runners.ParentRunner.access$000(ParentRunner.java:53)
	at org.junit.runners.ParentRunner$2.evaluate(ParentRunner.java:229)
	at org.junit.runners.ParentRunner.run(ParentRunner.java:309)
	at org.apache.maven.surefire.junit4.JUnit4Provider.execute(JUnit4Provider.java:365)
	at org.apache.maven.surefire.junit4.JUnit4Provider.executeWithRerun(JUnit4Provider.java:273)
	at org.apache.maven.surefire.junit4.JUnit4Provider.executeTestSet(JUnit4Provider.java:238)
	at org.apache.maven.surefire.junit4.JUnit4Provider.invoke(JUnit4Provider.java:159)
	at org.apache.maven.surefire.booter.ForkedBooter.invokeProviderInSameClassLoader(ForkedBooter.java:384)
	at org.apache.maven.surefire.booter.ForkedBooter.runSuitesInProcess(ForkedBooter.java:345)
	at org.apache.maven.surefire.booter.ForkedBooter.execute(ForkedBooter.java:126)
	at org.apache.maven.surefire.booter.ForkedBooter.main(ForkedBooter.java:418)
Caused by: org.apache.ratis.protocol.RaftRetryFailureException: Failed RaftClientRequest:client-3DB340A7AF7B->cf91553c-1d08-47b5-9609-e12b61a10915@group-6674C1167E0C, cid=33, seq=2*, RW, cmdType: CloseContainer
traceID: "fec6583a4f95de7b:fec6583a4f95de7b:0:0"
containerID: 1
datanodeUuid: "51deee32-efc8-49a8-a097-12875679bec7"
closeContainer {
}
, data.size=0 for 20 attempts with RetryLimited(maxAttempts=20, sleepTime=1000ms)
	at org.apache.ratis.client.impl.RaftClientImpl.noMoreRetries(RaftClientImpl.java:271)
	at org.apache.ratis.client.impl.OrderedAsync.handleAsyncRetryFailure(OrderedAsync.java:138)
	at org.apache.ratis.client.impl.OrderedAsync.lambda$sendRequest$10(OrderedAsync.java:230)
	at java.util.concurrent.CompletableFuture.uniExceptionally(CompletableFuture.java:870)
	at java.util.concurrent.CompletableFuture$UniExceptionally.tryFire(CompletableFuture.java:852)
	at java.util.concurrent.CompletableFuture.postComplete(CompletableFuture.java:474)
	at java.util.concurrent.CompletableFuture.completeExceptionally(CompletableFuture.java:1977)
	at org.apache.ratis.grpc.client.GrpcClientProtocolClient$AsyncStreamObservers.completeReplyExceptionally(GrpcClientProtocolClient.java:345)
	at org.apache.ratis.grpc.client.GrpcClientProtocolClient$AsyncStreamObservers.access$000(GrpcClientProtocolClient.java:261)
	at org.apache.ratis.grpc.client.GrpcClientProtocolClient$AsyncStreamObservers$1.onNext(GrpcClientProtocolClient.java:273)
	at org.apache.ratis.grpc.client.GrpcClientProtocolClient$AsyncStreamObservers$1.onNext(GrpcClientProtocolClient.java:264)
	at org.apache.ratis.thirdparty.io.grpc.stub.ClientCalls$StreamObserverToCallListenerAdapter.onMessage(ClientCalls.java:421)
	at org.apache.ratis.thirdparty.io.grpc.ForwardingClientCallListener.onMessage(ForwardingClientCallListener.java:33)
	at org.apache.ratis.thirdparty.io.grpc.ForwardingClientCallListener.onMessage(ForwardingClientCallListener.java:33)
	at org.apache.ratis.thirdparty.io.grpc.internal.ClientCallImpl$ClientStreamListenerImpl$1MessagesAvailable.runInContext(ClientCallImpl.java:519)
	at org.apache.ratis.thirdparty.io.grpc.internal.ContextRunnable.run(ContextRunnable.java:37)
	at org.apache.ratis.thirdparty.io.grpc.internal.SerializingExecutor.run(SerializingExecutor.java:123)
	at java.util.concurrent.ThreadPoolExecutor.runWorker(ThreadPoolExecutor.java:1149)
	at java.util.concurrent.ThreadPoolExecutor$Worker.run(ThreadPoolExecutor.java:624)
	at java.lang.Thread.run(Thread.java:748)
Caused by: org.apache.ratis.protocol.NotLeaderException: Server cf91553c-1d08-47b5-9609-e12b61a10915@group-6674C1167E0C is not the leader 90ad4614-55d2-4680-b42d-d3edb0fdc15d:192.168.5.134:43140
	at org.apache.ratis.client.impl.ClientProtoUtils.toRaftClientReply(ClientProtoUtils.java:243)
	at org.apache.ratis.grpc.client.GrpcClientProtocolClient$AsyncStreamObservers$1.onNext(GrpcClientProtocolClient.java:269)
	... 10 more
</error>
    <system-out><![CDATA[2019-10-12 10:21:40,611 [main] WARN  server.ServerUtils (ServerUtils.java:getScmDbDir(145)) - ozone.scm.db.dirs is not configured. We recommend adding this setting. Falling back to ozone.metadata.dirs instead.
2019-10-12 10:21:40,625 [main] WARN  server.ServerUtils (ServerUtils.java:getScmDbDir(145)) - ozone.scm.db.dirs is not configured. We recommend adding this setting. Falling back to ozone.metadata.dirs instead.
2019-10-12 10:21:40,626 [main] WARN  server.ServerUtils (ServerUtils.java:getScmDbDir(145)) - ozone.scm.db.dirs is not configured. We recommend adding this setting. Falling back to ozone.metadata.dirs instead.
2019-10-12 10:21:40,626 [main] INFO  db.DBStoreBuilder (DBStoreBuilder.java:addTable(117)) - using custom profile for table: deletedBlocks
2019-10-12 10:21:40,627 [main] INFO  db.DBStoreBuilder (DBStoreBuilder.java:processTables(168)) - Using default column profile:DBProfile.DISK for Table:deletedBlocks
2019-10-12 10:21:40,627 [main] INFO  db.DBStoreBuilder (DBStoreBuilder.java:addTable(117)) - using custom profile for table: validCerts
2019-10-12 10:21:40,627 [main] INFO  db.DBStoreBuilder (DBStoreBuilder.java:processTables(168)) - Using default column profile:DBProfile.DISK for Table:validCerts
2019-10-12 10:21:40,627 [main] INFO  db.DBStoreBuilder (DBStoreBuilder.java:addTable(117)) - using custom profile for table: revokedCerts
2019-10-12 10:21:40,627 [main] INFO  db.DBStoreBuilder (DBStoreBuilder.java:processTables(168)) - Using default column profile:DBProfile.DISK for Table:revokedCerts
2019-10-12 10:21:40,628 [main] INFO  db.DBStoreBuilder (DBStoreBuilder.java:addTable(117)) - using custom profile for table: default
2019-10-12 10:21:40,628 [main] INFO  db.DBStoreBuilder (DBStoreBuilder.java:processTables(174)) - Using default column profile:DBProfile.DISK for Table:default
2019-10-12 10:21:40,628 [main] INFO  db.DBStoreBuilder (DBStoreBuilder.java:getDbProfile(205)) - Using default options. DBProfile.DISK
2019-10-12 10:21:40,769 [main] INFO  net.NodeSchemaLoader (NodeSchemaLoader.java:loadSchemaFromFile(125)) - Loading file from sun.misc.CompoundEnumeration@3b435211
2019-10-12 10:21:40,769 [main] INFO  net.NodeSchemaLoader (NodeSchemaLoader.java:loadSchema(171)) - Loading network topology layer schema file
2019-10-12 10:21:40,774 [main] WARN  server.ServerUtils (ServerUtils.java:sanitizeUserArgs(70)) - ozone.scm.stale.node.interval value = 300000 is larger than max = 100000 based on the key value of ozone.scm.heartbeat.thread.interval, reset to the max value 100000.
2019-10-12 10:21:40,775 [main] WARN  server.ServerUtils (ServerUtils.java:sanitizeUserArgs(70)) - ozone.scm.stale.node.interval value = 300000 is larger than max = 100000 based on the key value of ozone.scm.heartbeat.thread.interval, reset to the max value 100000.
2019-10-12 10:21:40,775 [main] INFO  node.SCMNodeManager (SCMNodeManager.java:<init>(116)) - Entering startup safe mode.
2019-10-12 10:21:40,776 [main] INFO  algorithms.ContainerPlacementPolicyFactory (ContainerPlacementPolicyFactory.java:getPolicy(57)) - Create container placement policy of type org.apache.hadoop.hdds.scm.container.placement.algorithms.SCMContainerPlacementRandom
2019-10-12 10:21:40,776 [main] WARN  server.ServerUtils (ServerUtils.java:getScmDbDir(145)) - ozone.scm.db.dirs is not configured. We recommend adding this setting. Falling back to ozone.metadata.dirs instead.
2019-10-12 10:21:40,799 [main] INFO  pipeline.SCMPipelineManager (SCMPipelineManager.java:initializePipelineState(150)) - No pipeline exists in current db
2019-10-12 10:21:40,800 [main] WARN  server.ServerUtils (ServerUtils.java:getScmDbDir(145)) - ozone.scm.db.dirs is not configured. We recommend adding this setting. Falling back to ozone.metadata.dirs instead.
2019-10-12 10:21:40,826 [main] INFO  safemode.HealthyPipelineSafeModeRule (HealthyPipelineSafeModeRule.java:<init>(89)) -  Total pipeline count is 0, healthy pipeline threshold count is 1
2019-10-12 10:21:40,826 [main] INFO  safemode.OneReplicaPipelineSafeModeRule (OneReplicaPipelineSafeModeRule.java:<init>(88)) - Total pipeline count is 0, pipeline's with at least one datanode reported threshold count is 0
2019-10-12 10:21:40,827 [main] WARN  events.EventQueue (EventQueue.java:fireEvent(183)) - No event handler registered for event TypedEvent{payloadType=SafeModeStatus, name='SafeModeStatus'}
2019-10-12 10:21:40,828 [main] INFO  ipc.CallQueueManager (CallQueueManager.java:<init>(84)) - Using callQueue: class java.util.concurrent.LinkedBlockingQueue, queueCapacity: 2000, scheduler: class org.apache.hadoop.ipc.DefaultRpcScheduler, ipcBackoff: false.
2019-10-12 10:21:40,830 [Socket Reader #1 for port 38441] INFO  ipc.Server (Server.java:run(1074)) - Starting Socket Reader #1 for port 38441
2019-10-12 10:21:40,832 [main] INFO  ipc.CallQueueManager (CallQueueManager.java:<init>(84)) - Using callQueue: class java.util.concurrent.LinkedBlockingQueue, queueCapacity: 2000, scheduler: class org.apache.hadoop.ipc.DefaultRpcScheduler, ipcBackoff: false.
2019-10-12 10:21:40,833 [Socket Reader #1 for port 33640] INFO  ipc.Server (Server.java:run(1074)) - Starting Socket Reader #1 for port 33640
2019-10-12 10:21:40,835 [main] INFO  ipc.CallQueueManager (CallQueueManager.java:<init>(84)) - Using callQueue: class java.util.concurrent.LinkedBlockingQueue, queueCapacity: 2000, scheduler: class org.apache.hadoop.ipc.DefaultRpcScheduler, ipcBackoff: false.
2019-10-12 10:21:40,837 [Socket Reader #1 for port 41305] INFO  ipc.Server (Server.java:run(1074)) - Starting Socket Reader #1 for port 41305
2019-10-12 10:21:40,840 [main] INFO  hdfs.DFSUtil (DFSUtil.java:httpServerTemplateForNNAndJN(1641)) - Starting Web-server for scm at: http://0.0.0.0:0
2019-10-12 10:21:40,842 [main] INFO  server.AuthenticationFilter (AuthenticationFilter.java:constructSecretProvider(240)) - Unable to initialize FileSignerSecretProvider, falling back to use random secrets.
2019-10-12 10:21:40,842 [main] WARN  http.HttpRequestLog (HttpRequestLog.java:getRequestLog(97)) - Jetty request log can only be enabled using Log4j
2019-10-12 10:21:40,844 [main] INFO  http.HttpServer2 (HttpServer2.java:addGlobalFilter(975)) - Added global filter 'safety' (class=org.apache.hadoop.http.HttpServer2$QuotingInputFilter)
2019-10-12 10:21:40,844 [main] INFO  http.HttpServer2 (HttpServer2.java:addFilter(948)) - Added filter static_user_filter (class=org.apache.hadoop.http.lib.StaticUserWebFilter$StaticUserFilter) to context scm
2019-10-12 10:21:40,844 [main] INFO  http.HttpServer2 (HttpServer2.java:addFilter(958)) - Added filter static_user_filter (class=org.apache.hadoop.http.lib.StaticUserWebFilter$StaticUserFilter) to context logs
2019-10-12 10:21:40,844 [main] INFO  http.HttpServer2 (HttpServer2.java:addFilter(958)) - Added filter static_user_filter (class=org.apache.hadoop.http.lib.StaticUserWebFilter$StaticUserFilter) to context static
2019-10-12 10:21:40,846 [main] INFO  server.StorageContainerManager (StorageContainerManager.java:start(771)) - StorageContainerLocationProtocol RPC server is listening at /0.0.0.0:41305
2019-10-12 10:21:40,848 [main] WARN  impl.MetricsConfig (MetricsConfig.java:loadFirst(134)) - Cannot locate configuration: tried hadoop-metrics2-storagecontainermanager.properties,hadoop-metrics2.properties
2019-10-12 10:21:40,848 [main] INFO  impl.MetricsSystemImpl (MetricsSystemImpl.java:startTimer(374)) - Scheduled Metric snapshot period at 10 second(s).
2019-10-12 10:21:40,849 [main] INFO  impl.MetricsSystemImpl (MetricsSystemImpl.java:start(191)) - StorageContainerManager metrics system started
2019-10-12 10:21:40,896 [main] WARN  impl.MetricsSystemImpl (MetricsSystemImpl.java:register(276)) - Sink prometheus already exists!
2019-10-12 10:21:40,993 [main] INFO  server.SCMClientProtocolServer (SCMClientProtocolServer.java:start(159)) - RPC server for Client  is listening at /0.0.0.0:41305
2019-10-12 10:21:40,993 [IPC Server Responder] INFO  ipc.Server (Server.java:run(1314)) - IPC Server Responder: starting
2019-10-12 10:21:40,993 [IPC Server listener on 41305] INFO  ipc.Server (Server.java:run(1153)) - IPC Server listener on 41305: starting
2019-10-12 10:21:40,999 [main] INFO  server.StorageContainerManager (StorageContainerManager.java:start(781)) - ScmBlockLocationProtocol RPC server is listening at /0.0.0.0:33640
2019-10-12 10:21:40,999 [main] INFO  server.SCMBlockProtocolServer (SCMBlockProtocolServer.java:start(146)) - RPC server for Block Protocol is listening at /0.0.0.0:33640
2019-10-12 10:21:40,999 [IPC Server Responder] INFO  ipc.Server (Server.java:run(1314)) - IPC Server Responder: starting
2019-10-12 10:21:41,000 [IPC Server listener on 33640] INFO  ipc.Server (Server.java:run(1153)) - IPC Server listener on 33640: starting
2019-10-12 10:21:41,007 [main] INFO  server.StorageContainerManager (StorageContainerManager.java:start(785)) - ScmDatanodeProtocl RPC server is listening at /0.0.0.0:38441
2019-10-12 10:21:41,007 [main] INFO  server.SCMDatanodeProtocolServer (SCMDatanodeProtocolServer.java:start(177)) - RPC server for DataNodes is listening at /0.0.0.0:38441
2019-10-12 10:21:41,008 [IPC Server listener on 38441] INFO  ipc.Server (Server.java:run(1153)) - IPC Server listener on 38441: starting
2019-10-12 10:21:41,008 [IPC Server Responder] INFO  ipc.Server (Server.java:run(1314)) - IPC Server Responder: starting
2019-10-12 10:21:41,010 [main] INFO  http.HttpServer2 (HttpServer2.java:bindListener(1191)) - Jetty bound to port 40006
2019-10-12 10:21:41,010 [main] INFO  server.Server (Server.java:doStart(351)) - jetty-9.3.25.v20180904, build timestamp: 2018-09-04T21:11:46Z, git hash: 3ce520221d0240229c862b122d2b06c12a625732
2019-10-12 10:21:41,012 [main] INFO  handler.ContextHandler (ContextHandler.java:doStart(781)) - Started o.e.j.s.ServletContextHandler@1f129467{/logs,file:///workdir/hadoop-ozone/integration-test/target/log,AVAILABLE}
2019-10-12 10:21:41,012 [main] INFO  handler.ContextHandler (ContextHandler.java:doStart(781)) - Started o.e.j.s.ServletContextHandler@57151b3a{/static,file:///workdir/hadoop-ozone/integration-test/target/test-classes/webapps/static,AVAILABLE}
2019-10-12 10:21:41,016 [main] INFO  handler.ContextHandler (ContextHandler.java:doStart(781)) - Started o.e.j.w.WebAppContext@3af2f846{/,file:///workdir/hadoop-ozone/integration-test/target/test-classes/webapps/scm/,AVAILABLE}{/scm}
2019-10-12 10:21:41,016 [main] INFO  server.AbstractConnector (AbstractConnector.java:doStart(278)) - Started ServerConnector@6af65f29{HTTP/1.1,[http/1.1]}{0.0.0.0:40006}
2019-10-12 10:21:41,018 [main] INFO  server.Server (Server.java:doStart(419)) - Started @227706ms
2019-10-12 10:21:41,018 [main] WARN  impl.MetricsSystemImpl (MetricsSystemImpl.java:register(276)) - Sink prometheus already exists!
2019-10-12 10:21:41,020 [main] INFO  server.BaseHttpServer (BaseHttpServer.java:updateConnectorAddress(215)) - HTTP server of SCM is listening at http://0.0.0.0:40006
2019-10-12 10:21:41,020 [main] WARN  server.ServerUtils (ServerUtils.java:getDBPath(222)) - ozone.om.db.dirs is not configured. We recommend adding this setting. Falling back to ozone.metadata.dirs instead.
2019-10-12 10:21:41,022 [org.apache.hadoop.util.JvmPauseMonitor$Monitor@3c81cd82] INFO  util.JvmPauseMonitor (JvmPauseMonitor.java:run(188)) - Starting JVM pause monitor
2019-10-12 10:21:41,034 [main] INFO  ha.OMHANodeDetails (OMHANodeDetails.java:loadOMHAConfig(190)) - Configuration either no ozone.om.address set. Falling back to the default OM address /127.0.0.1:0
2019-10-12 10:21:41,035 [main] INFO  ha.OMHANodeDetails (OMHANodeDetails.java:getOMNodeDetails(220)) - OM Service ID is not set. Setting it to the default ID: omServiceIdDefault
2019-10-12 10:21:41,035 [main] WARN  server.ServerUtils (ServerUtils.java:getDBPath(222)) - ozone.om.db.dirs is not configured. We recommend adding this setting. Falling back to ozone.metadata.dirs instead.
2019-10-12 10:21:41,035 [main] WARN  server.ServerUtils (ServerUtils.java:getDBPath(222)) - ozone.om.db.dirs is not configured. We recommend adding this setting. Falling back to ozone.metadata.dirs instead.
2019-10-12 10:21:41,056 [main] WARN  server.ServerUtils (ServerUtils.java:getDBPath(222)) - ozone.om.db.dirs is not configured. We recommend adding this setting. Falling back to ozone.metadata.dirs instead.
2019-10-12 10:21:41,056 [main] INFO  db.DBStoreBuilder (DBStoreBuilder.java:addTable(117)) - using custom profile for table: userTable
2019-10-12 10:21:41,056 [main] INFO  db.DBStoreBuilder (DBStoreBuilder.java:processTables(168)) - Using default column profile:DBProfile.DISK for Table:userTable
2019-10-12 10:21:41,057 [main] INFO  db.DBStoreBuilder (DBStoreBuilder.java:addTable(117)) - using custom profile for table: volumeTable
2019-10-12 10:21:41,057 [main] INFO  db.DBStoreBuilder (DBStoreBuilder.java:processTables(168)) - Using default column profile:DBProfile.DISK for Table:volumeTable
2019-10-12 10:21:41,057 [main] INFO  db.DBStoreBuilder (DBStoreBuilder.java:addTable(117)) - using custom profile for table: bucketTable
2019-10-12 10:21:41,057 [main] INFO  db.DBStoreBuilder (DBStoreBuilder.java:processTables(168)) - Using default column profile:DBProfile.DISK for Table:bucketTable
2019-10-12 10:21:41,057 [main] INFO  db.DBStoreBuilder (DBStoreBuilder.java:addTable(117)) - using custom profile for table: keyTable
2019-10-12 10:21:41,057 [main] INFO  db.DBStoreBuilder (DBStoreBuilder.java:processTables(168)) - Using default column profile:DBProfile.DISK for Table:keyTable
2019-10-12 10:21:41,058 [main] INFO  db.DBStoreBuilder (DBStoreBuilder.java:addTable(117)) - using custom profile for table: deletedTable
2019-10-12 10:21:41,058 [main] INFO  db.DBStoreBuilder (DBStoreBuilder.java:processTables(168)) - Using default column profile:DBProfile.DISK for Table:deletedTable
2019-10-12 10:21:41,058 [main] INFO  db.DBStoreBuilder (DBStoreBuilder.java:addTable(117)) - using custom profile for table: openKeyTable
2019-10-12 10:21:41,058 [main] INFO  db.DBStoreBuilder (DBStoreBuilder.java:processTables(168)) - Using default column profile:DBProfile.DISK for Table:openKeyTable
2019-10-12 10:21:41,058 [main] INFO  db.DBStoreBuilder (DBStoreBuilder.java:addTable(117)) - using custom profile for table: s3Table
2019-10-12 10:21:41,058 [main] INFO  db.DBStoreBuilder (DBStoreBuilder.java:processTables(168)) - Using default column profile:DBProfile.DISK for Table:s3Table
2019-10-12 10:21:41,059 [main] INFO  db.DBStoreBuilder (DBStoreBuilder.java:addTable(117)) - using custom profile for table: multipartInfoTable
2019-10-12 10:21:41,059 [main] INFO  db.DBStoreBuilder (DBStoreBuilder.java:processTables(168)) - Using default column profile:DBProfile.DISK for Table:multipartInfoTable
2019-10-12 10:21:41,059 [main] INFO  db.DBStoreBuilder (DBStoreBuilder.java:addTable(117)) - using custom profile for table: dTokenTable
2019-10-12 10:21:41,059 [main] INFO  db.DBStoreBuilder (DBStoreBuilder.java:processTables(168)) - Using default column profile:DBProfile.DISK for Table:dTokenTable
2019-10-12 10:21:41,059 [main] INFO  db.DBStoreBuilder (DBStoreBuilder.java:addTable(117)) - using custom profile for table: s3SecretTable
2019-10-12 10:21:41,059 [main] INFO  db.DBStoreBuilder (DBStoreBuilder.java:processTables(168)) - Using default column profile:DBProfile.DISK for Table:s3SecretTable
2019-10-12 10:21:41,060 [main] INFO  db.DBStoreBuilder (DBStoreBuilder.java:addTable(117)) - using custom profile for table: prefixTable
2019-10-12 10:21:41,060 [main] INFO  db.DBStoreBuilder (DBStoreBuilder.java:processTables(168)) - Using default column profile:DBProfile.DISK for Table:prefixTable
2019-10-12 10:21:41,060 [main] INFO  db.DBStoreBuilder (DBStoreBuilder.java:addTable(117)) - using custom profile for table: default
2019-10-12 10:21:41,060 [main] INFO  db.DBStoreBuilder (DBStoreBuilder.java:processTables(174)) - Using default column profile:DBProfile.DISK for Table:default
2019-10-12 10:21:41,060 [main] INFO  db.DBStoreBuilder (DBStoreBuilder.java:getDbProfile(205)) - Using default options. DBProfile.DISK
Pipeline Report Generate
2019-10-12 10:21:41,419 [main] INFO  ipc.CallQueueManager (CallQueueManager.java:<init>(84)) - Using callQueue: class java.util.concurrent.LinkedBlockingQueue, queueCapacity: 2000, scheduler: class org.apache.hadoop.ipc.DefaultRpcScheduler, ipcBackoff: false.
2019-10-12 10:21:41,420 [Socket Reader #1 for port 42883] INFO  ipc.Server (Server.java:run(1074)) - Starting Socket Reader #1 for port 42883
2019-10-12 10:21:41,432 [main] INFO  om.OzoneManager (OzoneManager.java:start(1071)) - OzoneManager RPC server is listening at localhost/127.0.0.1:42883
2019-10-12 10:21:41,432 [main] INFO  impl.MetricsSystemImpl (MetricsSystemImpl.java:init(158)) - OzoneManager metrics system started (again)
2019-10-12 10:21:41,433 [IPC Server Responder] INFO  ipc.Server (Server.java:run(1314)) - IPC Server Responder: starting
2019-10-12 10:21:41,434 [IPC Server listener on 42883] INFO  ipc.Server (Server.java:run(1153)) - IPC Server listener on 42883: starting
2019-10-12 10:21:41,441 [main] INFO  hdfs.DFSUtil (DFSUtil.java:httpServerTemplateForNNAndJN(1641)) - Starting Web-server for ozoneManager at: http://0.0.0.0:0
2019-10-12 10:21:41,442 [main] INFO  server.AuthenticationFilter (AuthenticationFilter.java:constructSecretProvider(240)) - Unable to initialize FileSignerSecretProvider, falling back to use random secrets.
2019-10-12 10:21:41,443 [main] WARN  http.HttpRequestLog (HttpRequestLog.java:getRequestLog(97)) - Jetty request log can only be enabled using Log4j
2019-10-12 10:21:41,445 [main] INFO  http.HttpServer2 (HttpServer2.java:addGlobalFilter(975)) - Added global filter 'safety' (class=org.apache.hadoop.http.HttpServer2$QuotingInputFilter)
2019-10-12 10:21:41,446 [main] INFO  http.HttpServer2 (HttpServer2.java:addFilter(948)) - Added filter static_user_filter (class=org.apache.hadoop.http.lib.StaticUserWebFilter$StaticUserFilter) to context ozoneManager
2019-10-12 10:21:41,446 [main] INFO  http.HttpServer2 (HttpServer2.java:addFilter(958)) - Added filter static_user_filter (class=org.apache.hadoop.http.lib.StaticUserWebFilter$StaticUserFilter) to context static
2019-10-12 10:21:41,446 [main] INFO  http.HttpServer2 (HttpServer2.java:addFilter(958)) - Added filter static_user_filter (class=org.apache.hadoop.http.lib.StaticUserWebFilter$StaticUserFilter) to context logs
2019-10-12 10:21:41,447 [main] INFO  http.HttpServer2 (HttpServer2.java:bindListener(1191)) - Jetty bound to port 33509
2019-10-12 10:21:41,447 [main] INFO  server.Server (Server.java:doStart(351)) - jetty-9.3.25.v20180904, build timestamp: 2018-09-04T21:11:46Z, git hash: 3ce520221d0240229c862b122d2b06c12a625732
2019-10-12 10:21:41,449 [main] INFO  handler.ContextHandler (ContextHandler.java:doStart(781)) - Started o.e.j.s.ServletContextHandler@299b9851{/logs,file:///workdir/hadoop-ozone/integration-test/target/log,AVAILABLE}
2019-10-12 10:21:41,450 [main] INFO  handler.ContextHandler (ContextHandler.java:doStart(781)) - Started o.e.j.s.ServletContextHandler@67328bcb{/static,file:///workdir/hadoop-ozone/integration-test/target/test-classes/webapps/static,AVAILABLE}
2019-10-12 10:21:41,455 [main] INFO  handler.ContextHandler (ContextHandler.java:doStart(781)) - Started o.e.j.w.WebAppContext@1cd2143b{/,file:///workdir/hadoop-ozone/integration-test/target/test-classes/webapps/ozoneManager/,AVAILABLE}{/ozoneManager}
2019-10-12 10:21:41,455 [main] INFO  server.AbstractConnector (AbstractConnector.java:doStart(278)) - Started ServerConnector@1118d539{HTTP/1.1,[http/1.1]}{0.0.0.0:33509}
2019-10-12 10:21:41,457 [main] INFO  server.Server (Server.java:doStart(419)) - Started @228145ms
2019-10-12 10:21:41,457 [main] WARN  impl.MetricsSystemImpl (MetricsSystemImpl.java:register(276)) - Sink prometheus already exists!
2019-10-12 10:21:41,458 [main] INFO  server.BaseHttpServer (BaseHttpServer.java:updateConnectorAddress(215)) - HTTP server of OZONEMANAGER is listening at http://0.0.0.0:33509
2019-10-12 10:21:41,479 [main] INFO  impl.MetricsSystemImpl (MetricsSystemImpl.java:init(158)) - HddsDatanode metrics system started (again)
2019-10-12 10:21:41,483 [main] INFO  ozone.HddsDatanodeService (HddsDatanodeService.java:start(184)) - HddsDatanodeService host:pr-hdds-2034-qjlc4-3656631144 ip:192.168.5.134
2019-10-12 10:21:41,491 [main] INFO  volume.HddsVolume (HddsVolume.java:<init>(176)) - Creating Volume: /workdir/hadoop-ozone/integration-test/target/test-dir/MiniOzoneClusterImpl-f9931351-52ec-4503-b9cc-8bf63e1cd39f/datanode-0/data/containers/hdds of  storage type : DISK and capacity : 1482555576320
2019-10-12 10:21:41,491 [main] INFO  volume.VolumeSet (VolumeSet.java:initializeVolumeSet(170)) - Added Volume : /workdir/hadoop-ozone/integration-test/target/test-dir/MiniOzoneClusterImpl-f9931351-52ec-4503-b9cc-8bf63e1cd39f/datanode-0/data/containers/hdds to VolumeSet
2019-10-12 10:21:41,492 [main] INFO  volume.ThrottledAsyncChecker (ThrottledAsyncChecker.java:schedule(141)) - Scheduling a check for org.apache.hadoop.ozone.container.common.volume.HddsVolume@3e5beab5
2019-10-12 10:21:41,492 [main] INFO  volume.HddsVolumeChecker (HddsVolumeChecker.java:checkAllVolumes(204)) - Scheduled health check for volume org.apache.hadoop.ozone.container.common.volume.HddsVolume@3e5beab5
2019-10-12 10:21:41,509 [main] INFO  impl.RaftServerProxy (ConfUtils.java:logGet(43)) - raft.rpc.type = GRPC (default)
2019-10-12 10:21:41,509 [main] INFO  grpc.GrpcFactory (GrpcFactory.java:checkPooledByteBufAllocatorUseCacheForAllThreads(45)) - PERFORMANCE WARNING: useCacheForAllThreads is true that may cause Netty to create a lot garbage objects and, as a result, trigger GC.
	It is recommended to disable useCacheForAllThreads by setting -Dorg.apache.ratis.thirdparty.io.netty.allocator.useCacheForAllThreads=false in command line.
2019-10-12 10:21:41,509 [main] INFO  grpc.GrpcConfigKeys$Server (ConfUtils.java:logGet(43)) - raft.grpc.server.port = 0 (default)
2019-10-12 10:21:41,510 [main] INFO  server.GrpcService (ConfUtils.java:logGet(43)) - raft.grpc.message.size.max = 33570816 (custom)
2019-10-12 10:21:41,510 [main] INFO  server.RaftServerConfigKeys (ConfUtils.java:logGet(43)) - raft.server.log.appender.buffer.byte-limit = 33554432 (custom)
2019-10-12 10:21:41,510 [main] INFO  server.GrpcService (ConfUtils.java:logGet(43)) - raft.grpc.flow.control.window = 1MB (=1048576) (default)
2019-10-12 10:21:41,510 [main] INFO  server.RaftServerConfigKeys (ConfUtils.java:logGet(43)) - raft.server.rpc.request.timeout = 3000ms (default)
2019-10-12 10:21:41,511 [main] INFO  server.RaftServerConfigKeys (ConfUtils.java:logGet(43)) - raft.server.storage.dir = [/workdir/hadoop-ozone/integration-test/target/test-dir/MiniOzoneClusterImpl-f9931351-52ec-4503-b9cc-8bf63e1cd39f/datanode-0/data/ratis] (custom)
2019-10-12 10:21:41,512 [main] INFO  hdfs.DFSUtil (DFSUtil.java:httpServerTemplateForNNAndJN(1641)) - Starting Web-server for hddsDatanode at: http://0.0.0.0:0
2019-10-12 10:21:41,513 [main] INFO  server.AuthenticationFilter (AuthenticationFilter.java:constructSecretProvider(240)) - Unable to initialize FileSignerSecretProvider, falling back to use random secrets.
2019-10-12 10:21:41,514 [main] WARN  http.HttpRequestLog (HttpRequestLog.java:getRequestLog(97)) - Jetty request log can only be enabled using Log4j
2019-10-12 10:21:41,515 [main] INFO  http.HttpServer2 (HttpServer2.java:addGlobalFilter(975)) - Added global filter 'safety' (class=org.apache.hadoop.http.HttpServer2$QuotingInputFilter)
2019-10-12 10:21:41,516 [main] INFO  http.HttpServer2 (HttpServer2.java:addFilter(948)) - Added filter static_user_filter (class=org.apache.hadoop.http.lib.StaticUserWebFilter$StaticUserFilter) to context hddsDatanode
2019-10-12 10:21:41,516 [main] INFO  http.HttpServer2 (HttpServer2.java:addFilter(958)) - Added filter static_user_filter (class=org.apache.hadoop.http.lib.StaticUserWebFilter$StaticUserFilter) to context static
2019-10-12 10:21:41,516 [main] INFO  http.HttpServer2 (HttpServer2.java:addFilter(958)) - Added filter static_user_filter (class=org.apache.hadoop.http.lib.StaticUserWebFilter$StaticUserFilter) to context logs
2019-10-12 10:21:41,517 [main] INFO  http.HttpServer2 (HttpServer2.java:bindListener(1191)) - Jetty bound to port 36238
2019-10-12 10:21:41,517 [main] INFO  server.Server (Server.java:doStart(351)) - jetty-9.3.25.v20180904, build timestamp: 2018-09-04T21:11:46Z, git hash: 3ce520221d0240229c862b122d2b06c12a625732
2019-10-12 10:21:41,519 [main] INFO  handler.ContextHandler (ContextHandler.java:doStart(781)) - Started o.e.j.s.ServletContextHandler@24134cbc{/logs,file:///workdir/hadoop-ozone/integration-test/target/log,AVAILABLE}
2019-10-12 10:21:41,519 [main] INFO  handler.ContextHandler (ContextHandler.java:doStart(781)) - Started o.e.j.s.ServletContextHandler@22f02996{/static,jar:file:/home/user/.m2/repository/org/apache/hadoop/hadoop-hdds-container-service/0.5.0-SNAPSHOT/hadoop-hdds-container-service-0.5.0-SNAPSHOT.jar!/webapps/static,AVAILABLE}
2019-10-12 10:21:41,551 [main] INFO  handler.ContextHandler (ContextHandler.java:doStart(781)) - Started o.e.j.w.WebAppContext@22a6d75c{/,file:///tmp/jetty-0.0.0.0-36238-hddsDatanode-_-any-2150849034068338909.dir/webapp/,AVAILABLE}{/hddsDatanode}
2019-10-12 10:21:41,551 [main] INFO  server.AbstractConnector (AbstractConnector.java:doStart(278)) - Started ServerConnector@5a9840f3{HTTP/1.1,[http/1.1]}{0.0.0.0:36238}
2019-10-12 10:21:41,553 [main] INFO  server.Server (Server.java:doStart(419)) - Started @228242ms
2019-10-12 10:21:41,553 [main] WARN  impl.MetricsSystemImpl (MetricsSystemImpl.java:register(276)) - Sink prometheus already exists!
2019-10-12 10:21:41,554 [main] INFO  server.BaseHttpServer (BaseHttpServer.java:updateConnectorAddress(215)) - HTTP server of HDDSDATANODE is listening at http://0.0.0.0:36238
2019-10-12 10:21:41,554 [main] INFO  impl.MetricsSystemImpl (MetricsSystemImpl.java:init(158)) - HddsDatanode metrics system started (again)
2019-10-12 10:21:41,559 [org.apache.hadoop.util.JvmPauseMonitor$Monitor@1aa3135a] INFO  util.JvmPauseMonitor (JvmPauseMonitor.java:run(188)) - Starting JVM pause monitor
2019-10-12 10:21:41,559 [main] INFO  ozone.HddsDatanodeService (HddsDatanodeService.java:start(184)) - HddsDatanodeService host:pr-hdds-2034-qjlc4-3656631144 ip:192.168.5.134
2019-10-12 10:21:41,560 [Datanode State Machine Thread - 0] INFO  datanode.InitDatanodeState (InitDatanodeState.java:persistContainerDatanodeDetails(140)) - DatanodeDetails is persisted to /workdir/hadoop-ozone/integration-test/target/test-dir/MiniOzoneClusterImpl-f9931351-52ec-4503-b9cc-8bf63e1cd39f/datanode-0/meta/datanode.id
2019-10-12 10:21:41,566 [main] INFO  volume.HddsVolume (HddsVolume.java:<init>(176)) - Creating Volume: /workdir/hadoop-ozone/integration-test/target/test-dir/MiniOzoneClusterImpl-f9931351-52ec-4503-b9cc-8bf63e1cd39f/datanode-1/data/containers/hdds of  storage type : DISK and capacity : 1482555576320
2019-10-12 10:21:41,566 [main] INFO  volume.VolumeSet (VolumeSet.java:initializeVolumeSet(170)) - Added Volume : /workdir/hadoop-ozone/integration-test/target/test-dir/MiniOzoneClusterImpl-f9931351-52ec-4503-b9cc-8bf63e1cd39f/datanode-1/data/containers/hdds to VolumeSet
2019-10-12 10:21:41,566 [main] INFO  volume.ThrottledAsyncChecker (ThrottledAsyncChecker.java:schedule(141)) - Scheduling a check for org.apache.hadoop.ozone.container.common.volume.HddsVolume@437ed416
2019-10-12 10:21:41,567 [main] INFO  volume.HddsVolumeChecker (HddsVolumeChecker.java:checkAllVolumes(204)) - Scheduled health check for volume org.apache.hadoop.ozone.container.common.volume.HddsVolume@437ed416
2019-10-12 10:21:41,580 [main] INFO  impl.RaftServerProxy (ConfUtils.java:logGet(43)) - raft.rpc.type = GRPC (default)
2019-10-12 10:21:41,580 [main] INFO  grpc.GrpcFactory (GrpcFactory.java:checkPooledByteBufAllocatorUseCacheForAllThreads(45)) - PERFORMANCE WARNING: useCacheForAllThreads is true that may cause Netty to create a lot garbage objects and, as a result, trigger GC.
	It is recommended to disable useCacheForAllThreads by setting -Dorg.apache.ratis.thirdparty.io.netty.allocator.useCacheForAllThreads=false in command line.
2019-10-12 10:21:41,581 [main] INFO  grpc.GrpcConfigKeys$Server (ConfUtils.java:logGet(43)) - raft.grpc.server.port = 0 (default)
2019-10-12 10:21:41,581 [main] INFO  server.GrpcService (ConfUtils.java:logGet(43)) - raft.grpc.message.size.max = 33570816 (custom)
2019-10-12 10:21:41,581 [main] INFO  server.RaftServerConfigKeys (ConfUtils.java:logGet(43)) - raft.server.log.appender.buffer.byte-limit = 33554432 (custom)
2019-10-12 10:21:41,581 [main] INFO  server.GrpcService (ConfUtils.java:logGet(43)) - raft.grpc.flow.control.window = 1MB (=1048576) (default)
2019-10-12 10:21:41,581 [main] INFO  server.RaftServerConfigKeys (ConfUtils.java:logGet(43)) - raft.server.rpc.request.timeout = 3000ms (default)
2019-10-12 10:21:41,582 [main] INFO  server.RaftServerConfigKeys (ConfUtils.java:logGet(43)) - raft.server.storage.dir = [/workdir/hadoop-ozone/integration-test/target/test-dir/MiniOzoneClusterImpl-f9931351-52ec-4503-b9cc-8bf63e1cd39f/datanode-1/data/ratis] (custom)
2019-10-12 10:21:41,583 [main] INFO  hdfs.DFSUtil (DFSUtil.java:httpServerTemplateForNNAndJN(1641)) - Starting Web-server for hddsDatanode at: http://0.0.0.0:0
2019-10-12 10:21:41,584 [main] INFO  server.AuthenticationFilter (AuthenticationFilter.java:constructSecretProvider(240)) - Unable to initialize FileSignerSecretProvider, falling back to use random secrets.
2019-10-12 10:21:41,584 [main] WARN  http.HttpRequestLog (HttpRequestLog.java:getRequestLog(97)) - Jetty request log can only be enabled using Log4j
2019-10-12 10:21:41,585 [main] INFO  http.HttpServer2 (HttpServer2.java:addGlobalFilter(975)) - Added global filter 'safety' (class=org.apache.hadoop.http.HttpServer2$QuotingInputFilter)
2019-10-12 10:21:41,586 [main] INFO  http.HttpServer2 (HttpServer2.java:addFilter(948)) - Added filter static_user_filter (class=org.apache.hadoop.http.lib.StaticUserWebFilter$StaticUserFilter) to context hddsDatanode
2019-10-12 10:21:41,586 [main] INFO  http.HttpServer2 (HttpServer2.java:addFilter(958)) - Added filter static_user_filter (class=org.apache.hadoop.http.lib.StaticUserWebFilter$StaticUserFilter) to context static
2019-10-12 10:21:41,586 [main] INFO  http.HttpServer2 (HttpServer2.java:addFilter(958)) - Added filter static_user_filter (class=org.apache.hadoop.http.lib.StaticUserWebFilter$StaticUserFilter) to context logs
2019-10-12 10:21:41,587 [main] INFO  http.HttpServer2 (HttpServer2.java:bindListener(1191)) - Jetty bound to port 46210
2019-10-12 10:21:41,587 [main] INFO  server.Server (Server.java:doStart(351)) - jetty-9.3.25.v20180904, build timestamp: 2018-09-04T21:11:46Z, git hash: 3ce520221d0240229c862b122d2b06c12a625732
2019-10-12 10:21:41,589 [main] INFO  handler.ContextHandler (ContextHandler.java:doStart(781)) - Started o.e.j.s.ServletContextHandler@2589d787{/logs,file:///workdir/hadoop-ozone/integration-test/target/log,AVAILABLE}
2019-10-12 10:21:41,589 [main] INFO  handler.ContextHandler (ContextHandler.java:doStart(781)) - Started o.e.j.s.ServletContextHandler@16d431b4{/static,jar:file:/home/user/.m2/repository/org/apache/hadoop/hadoop-hdds-container-service/0.5.0-SNAPSHOT/hadoop-hdds-container-service-0.5.0-SNAPSHOT.jar!/webapps/static,AVAILABLE}
2019-10-12 10:21:41,618 [main] INFO  handler.ContextHandler (ContextHandler.java:doStart(781)) - Started o.e.j.w.WebAppContext@37606fee{/,file:///tmp/jetty-0.0.0.0-46210-hddsDatanode-_-any-8794894313110456598.dir/webapp/,AVAILABLE}{/hddsDatanode}
2019-10-12 10:21:41,618 [main] INFO  server.AbstractConnector (AbstractConnector.java:doStart(278)) - Started ServerConnector@33d28f0a{HTTP/1.1,[http/1.1]}{0.0.0.0:46210}
2019-10-12 10:21:41,620 [main] INFO  server.Server (Server.java:doStart(419)) - Started @228308ms
2019-10-12 10:21:41,620 [main] WARN  impl.MetricsSystemImpl (MetricsSystemImpl.java:register(276)) - Sink prometheus already exists!
2019-10-12 10:21:41,621 [main] INFO  server.BaseHttpServer (BaseHttpServer.java:updateConnectorAddress(215)) - HTTP server of HDDSDATANODE is listening at http://0.0.0.0:46210
2019-10-12 10:21:41,621 [main] INFO  impl.MetricsSystemImpl (MetricsSystemImpl.java:init(158)) - HddsDatanode metrics system started (again)
2019-10-12 10:21:41,625 [org.apache.hadoop.util.JvmPauseMonitor$Monitor@74abf0e2] INFO  util.JvmPauseMonitor (JvmPauseMonitor.java:run(188)) - Starting JVM pause monitor
2019-10-12 10:21:41,626 [main] INFO  ozone.HddsDatanodeService (HddsDatanodeService.java:start(184)) - HddsDatanodeService host:pr-hdds-2034-qjlc4-3656631144 ip:192.168.5.134
2019-10-12 10:21:41,627 [Datanode State Machine Thread - 0] INFO  datanode.InitDatanodeState (InitDatanodeState.java:persistContainerDatanodeDetails(140)) - DatanodeDetails is persisted to /workdir/hadoop-ozone/integration-test/target/test-dir/MiniOzoneClusterImpl-f9931351-52ec-4503-b9cc-8bf63e1cd39f/datanode-1/meta/datanode.id
2019-10-12 10:21:41,632 [main] INFO  volume.HddsVolume (HddsVolume.java:<init>(176)) - Creating Volume: /workdir/hadoop-ozone/integration-test/target/test-dir/MiniOzoneClusterImpl-f9931351-52ec-4503-b9cc-8bf63e1cd39f/datanode-2/data/containers/hdds of  storage type : DISK and capacity : 1482555576320
2019-10-12 10:21:41,632 [main] INFO  volume.VolumeSet (VolumeSet.java:initializeVolumeSet(170)) - Added Volume : /workdir/hadoop-ozone/integration-test/target/test-dir/MiniOzoneClusterImpl-f9931351-52ec-4503-b9cc-8bf63e1cd39f/datanode-2/data/containers/hdds to VolumeSet
2019-10-12 10:21:41,633 [main] INFO  volume.ThrottledAsyncChecker (ThrottledAsyncChecker.java:schedule(141)) - Scheduling a check for org.apache.hadoop.ozone.container.common.volume.HddsVolume@8641b7d
2019-10-12 10:21:41,633 [main] INFO  volume.HddsVolumeChecker (HddsVolumeChecker.java:checkAllVolumes(204)) - Scheduled health check for volume org.apache.hadoop.ozone.container.common.volume.HddsVolume@8641b7d
2019-10-12 10:21:41,645 [main] INFO  impl.RaftServerProxy (ConfUtils.java:logGet(43)) - raft.rpc.type = GRPC (default)
2019-10-12 10:21:41,645 [main] INFO  grpc.GrpcFactory (GrpcFactory.java:checkPooledByteBufAllocatorUseCacheForAllThreads(45)) - PERFORMANCE WARNING: useCacheForAllThreads is true that may cause Netty to create a lot garbage objects and, as a result, trigger GC.
	It is recommended to disable useCacheForAllThreads by setting -Dorg.apache.ratis.thirdparty.io.netty.allocator.useCacheForAllThreads=false in command line.
2019-10-12 10:21:41,645 [main] INFO  grpc.GrpcConfigKeys$Server (ConfUtils.java:logGet(43)) - raft.grpc.server.port = 0 (default)
2019-10-12 10:21:41,646 [main] INFO  server.GrpcService (ConfUtils.java:logGet(43)) - raft.grpc.message.size.max = 33570816 (custom)
2019-10-12 10:21:41,646 [main] INFO  server.RaftServerConfigKeys (ConfUtils.java:logGet(43)) - raft.server.log.appender.buffer.byte-limit = 33554432 (custom)
2019-10-12 10:21:41,646 [main] INFO  server.GrpcService (ConfUtils.java:logGet(43)) - raft.grpc.flow.control.window = 1MB (=1048576) (default)
2019-10-12 10:21:41,646 [main] INFO  server.RaftServerConfigKeys (ConfUtils.java:logGet(43)) - raft.server.rpc.request.timeout = 3000ms (default)
2019-10-12 10:21:41,647 [main] INFO  server.RaftServerConfigKeys (ConfUtils.java:logGet(43)) - raft.server.storage.dir = [/workdir/hadoop-ozone/integration-test/target/test-dir/MiniOzoneClusterImpl-f9931351-52ec-4503-b9cc-8bf63e1cd39f/datanode-2/data/ratis] (custom)
2019-10-12 10:21:41,648 [main] INFO  hdfs.DFSUtil (DFSUtil.java:httpServerTemplateForNNAndJN(1641)) - Starting Web-server for hddsDatanode at: http://0.0.0.0:0
2019-10-12 10:21:41,649 [main] INFO  server.AuthenticationFilter (AuthenticationFilter.java:constructSecretProvider(240)) - Unable to initialize FileSignerSecretProvider, falling back to use random secrets.
2019-10-12 10:21:41,649 [main] WARN  http.HttpRequestLog (HttpRequestLog.java:getRequestLog(97)) - Jetty request log can only be enabled using Log4j
2019-10-12 10:21:41,650 [main] INFO  http.HttpServer2 (HttpServer2.java:addGlobalFilter(975)) - Added global filter 'safety' (class=org.apache.hadoop.http.HttpServer2$QuotingInputFilter)
2019-10-12 10:21:41,650 [main] INFO  http.HttpServer2 (HttpServer2.java:addFilter(948)) - Added filter static_user_filter (class=org.apache.hadoop.http.lib.StaticUserWebFilter$StaticUserFilter) to context hddsDatanode
2019-10-12 10:21:41,651 [main] INFO  http.HttpServer2 (HttpServer2.java:addFilter(958)) - Added filter static_user_filter (class=org.apache.hadoop.http.lib.StaticUserWebFilter$StaticUserFilter) to context logs
2019-10-12 10:21:41,651 [main] INFO  http.HttpServer2 (HttpServer2.java:addFilter(958)) - Added filter static_user_filter (class=org.apache.hadoop.http.lib.StaticUserWebFilter$StaticUserFilter) to context static
2019-10-12 10:21:41,651 [main] INFO  http.HttpServer2 (HttpServer2.java:bindListener(1191)) - Jetty bound to port 33234
2019-10-12 10:21:41,651 [main] INFO  server.Server (Server.java:doStart(351)) - jetty-9.3.25.v20180904, build timestamp: 2018-09-04T21:11:46Z, git hash: 3ce520221d0240229c862b122d2b06c12a625732
2019-10-12 10:21:41,653 [main] INFO  handler.ContextHandler (ContextHandler.java:doStart(781)) - Started o.e.j.s.ServletContextHandler@6629643d{/logs,file:///workdir/hadoop-ozone/integration-test/target/log,AVAILABLE}
2019-10-12 10:21:41,653 [main] INFO  handler.ContextHandler (ContextHandler.java:doStart(781)) - Started o.e.j.s.ServletContextHandler@64656b9e{/static,jar:file:/home/user/.m2/repository/org/apache/hadoop/hadoop-hdds-container-service/0.5.0-SNAPSHOT/hadoop-hdds-container-service-0.5.0-SNAPSHOT.jar!/webapps/static,AVAILABLE}
2019-10-12 10:21:41,682 [main] INFO  handler.ContextHandler (ContextHandler.java:doStart(781)) - Started o.e.j.w.WebAppContext@1a914089{/,file:///tmp/jetty-0.0.0.0-33234-hddsDatanode-_-any-402389722908876192.dir/webapp/,AVAILABLE}{/hddsDatanode}
2019-10-12 10:21:41,683 [main] INFO  server.AbstractConnector (AbstractConnector.java:doStart(278)) - Started ServerConnector@43d76a92{HTTP/1.1,[http/1.1]}{0.0.0.0:33234}
2019-10-12 10:21:41,684 [main] INFO  server.Server (Server.java:doStart(419)) - Started @228373ms
2019-10-12 10:21:41,684 [main] WARN  impl.MetricsSystemImpl (MetricsSystemImpl.java:register(276)) - Sink prometheus already exists!
2019-10-12 10:21:41,685 [main] INFO  server.BaseHttpServer (BaseHttpServer.java:updateConnectorAddress(215)) - HTTP server of HDDSDATANODE is listening at http://0.0.0.0:33234
2019-10-12 10:21:41,685 [main] INFO  impl.MetricsSystemImpl (MetricsSystemImpl.java:init(158)) - HddsDatanode metrics system started (again)
2019-10-12 10:21:41,690 [org.apache.hadoop.util.JvmPauseMonitor$Monitor@eaa5903] INFO  util.JvmPauseMonitor (JvmPauseMonitor.java:run(188)) - Starting JVM pause monitor
2019-10-12 10:21:41,690 [main] INFO  ozone.HddsDatanodeService (HddsDatanodeService.java:start(184)) - HddsDatanodeService host:pr-hdds-2034-qjlc4-3656631144 ip:192.168.5.134
2019-10-12 10:21:41,691 [Datanode State Machine Thread - 0] INFO  datanode.InitDatanodeState (InitDatanodeState.java:persistContainerDatanodeDetails(140)) - DatanodeDetails is persisted to /workdir/hadoop-ozone/integration-test/target/test-dir/MiniOzoneClusterImpl-f9931351-52ec-4503-b9cc-8bf63e1cd39f/datanode-2/meta/datanode.id
2019-10-12 10:21:41,697 [main] INFO  volume.HddsVolume (HddsVolume.java:<init>(176)) - Creating Volume: /workdir/hadoop-ozone/integration-test/target/test-dir/MiniOzoneClusterImpl-f9931351-52ec-4503-b9cc-8bf63e1cd39f/datanode-3/data/containers/hdds of  storage type : DISK and capacity : 1482555576320
2019-10-12 10:21:41,697 [main] INFO  volume.VolumeSet (VolumeSet.java:initializeVolumeSet(170)) - Added Volume : /workdir/hadoop-ozone/integration-test/target/test-dir/MiniOzoneClusterImpl-f9931351-52ec-4503-b9cc-8bf63e1cd39f/datanode-3/data/containers/hdds to VolumeSet
2019-10-12 10:21:41,698 [main] INFO  volume.ThrottledAsyncChecker (ThrottledAsyncChecker.java:schedule(141)) - Scheduling a check for org.apache.hadoop.ozone.container.common.volume.HddsVolume@6075b369
2019-10-12 10:21:41,698 [main] INFO  volume.HddsVolumeChecker (HddsVolumeChecker.java:checkAllVolumes(204)) - Scheduled health check for volume org.apache.hadoop.ozone.container.common.volume.HddsVolume@6075b369
2019-10-12 10:21:41,718 [main] INFO  impl.RaftServerProxy (ConfUtils.java:logGet(43)) - raft.rpc.type = GRPC (default)
2019-10-12 10:21:41,718 [main] INFO  grpc.GrpcFactory (GrpcFactory.java:checkPooledByteBufAllocatorUseCacheForAllThreads(45)) - PERFORMANCE WARNING: useCacheForAllThreads is true that may cause Netty to create a lot garbage objects and, as a result, trigger GC.
	It is recommended to disable useCacheForAllThreads by setting -Dorg.apache.ratis.thirdparty.io.netty.allocator.useCacheForAllThreads=false in command line.
2019-10-12 10:21:41,718 [main] INFO  grpc.GrpcConfigKeys$Server (ConfUtils.java:logGet(43)) - raft.grpc.server.port = 0 (default)
2019-10-12 10:21:41,719 [main] INFO  server.GrpcService (ConfUtils.java:logGet(43)) - raft.grpc.message.size.max = 33570816 (custom)
2019-10-12 10:21:41,719 [main] INFO  server.RaftServerConfigKeys (ConfUtils.java:logGet(43)) - raft.server.log.appender.buffer.byte-limit = 33554432 (custom)
2019-10-12 10:21:41,719 [main] INFO  server.GrpcService (ConfUtils.java:logGet(43)) - raft.grpc.flow.control.window = 1MB (=1048576) (default)
2019-10-12 10:21:41,719 [main] INFO  server.RaftServerConfigKeys (ConfUtils.java:logGet(43)) - raft.server.rpc.request.timeout = 3000ms (default)
2019-10-12 10:21:41,720 [main] INFO  server.RaftServerConfigKeys (ConfUtils.java:logGet(43)) - raft.server.storage.dir = [/workdir/hadoop-ozone/integration-test/target/test-dir/MiniOzoneClusterImpl-f9931351-52ec-4503-b9cc-8bf63e1cd39f/datanode-3/data/ratis] (custom)
2019-10-12 10:21:41,721 [main] INFO  hdfs.DFSUtil (DFSUtil.java:httpServerTemplateForNNAndJN(1641)) - Starting Web-server for hddsDatanode at: http://0.0.0.0:0
2019-10-12 10:21:41,723 [main] INFO  server.AuthenticationFilter (AuthenticationFilter.java:constructSecretProvider(240)) - Unable to initialize FileSignerSecretProvider, falling back to use random secrets.
2019-10-12 10:21:41,723 [main] WARN  http.HttpRequestLog (HttpRequestLog.java:getRequestLog(97)) - Jetty request log can only be enabled using Log4j
2019-10-12 10:21:41,725 [main] INFO  http.HttpServer2 (HttpServer2.java:addGlobalFilter(975)) - Added global filter 'safety' (class=org.apache.hadoop.http.HttpServer2$QuotingInputFilter)
2019-10-12 10:21:41,726 [main] INFO  http.HttpServer2 (HttpServer2.java:addFilter(948)) - Added filter static_user_filter (class=org.apache.hadoop.http.lib.StaticUserWebFilter$StaticUserFilter) to context hddsDatanode
2019-10-12 10:21:41,726 [main] INFO  http.HttpServer2 (HttpServer2.java:addFilter(958)) - Added filter static_user_filter (class=org.apache.hadoop.http.lib.StaticUserWebFilter$StaticUserFilter) to context logs
2019-10-12 10:21:41,726 [main] INFO  http.HttpServer2 (HttpServer2.java:addFilter(958)) - Added filter static_user_filter (class=org.apache.hadoop.http.lib.StaticUserWebFilter$StaticUserFilter) to context static
2019-10-12 10:21:41,727 [main] INFO  http.HttpServer2 (HttpServer2.java:bindListener(1191)) - Jetty bound to port 40685
2019-10-12 10:21:41,727 [main] INFO  server.Server (Server.java:doStart(351)) - jetty-9.3.25.v20180904, build timestamp: 2018-09-04T21:11:46Z, git hash: 3ce520221d0240229c862b122d2b06c12a625732
2019-10-12 10:21:41,729 [main] INFO  handler.ContextHandler (ContextHandler.java:doStart(781)) - Started o.e.j.s.ServletContextHandler@581c9bb7{/logs,file:///workdir/hadoop-ozone/integration-test/target/log,AVAILABLE}
2019-10-12 10:21:41,730 [main] INFO  handler.ContextHandler (ContextHandler.java:doStart(781)) - Started o.e.j.s.ServletContextHandler@212fafd1{/static,jar:file:/home/user/.m2/repository/org/apache/hadoop/hadoop-hdds-container-service/0.5.0-SNAPSHOT/hadoop-hdds-container-service-0.5.0-SNAPSHOT.jar!/webapps/static,AVAILABLE}
2019-10-12 10:21:41,769 [main] INFO  handler.ContextHandler (ContextHandler.java:doStart(781)) - Started o.e.j.w.WebAppContext@22cb3d59{/,file:///tmp/jetty-0.0.0.0-40685-hddsDatanode-_-any-7179252747963327964.dir/webapp/,AVAILABLE}{/hddsDatanode}
2019-10-12 10:21:41,769 [main] INFO  server.AbstractConnector (AbstractConnector.java:doStart(278)) - Started ServerConnector@33e4b9c4{HTTP/1.1,[http/1.1]}{0.0.0.0:40685}
2019-10-12 10:21:41,772 [main] INFO  server.Server (Server.java:doStart(419)) - Started @228460ms
2019-10-12 10:21:41,772 [main] WARN  impl.MetricsSystemImpl (MetricsSystemImpl.java:register(276)) - Sink prometheus already exists!
2019-10-12 10:21:41,773 [main] INFO  server.BaseHttpServer (BaseHttpServer.java:updateConnectorAddress(215)) - HTTP server of HDDSDATANODE is listening at http://0.0.0.0:40685
2019-10-12 10:21:41,773 [main] INFO  impl.MetricsSystemImpl (MetricsSystemImpl.java:init(158)) - HddsDatanode metrics system started (again)
2019-10-12 10:21:41,779 [org.apache.hadoop.util.JvmPauseMonitor$Monitor@2a14a4cb] INFO  util.JvmPauseMonitor (JvmPauseMonitor.java:run(188)) - Starting JVM pause monitor
2019-10-12 10:21:41,780 [main] INFO  ozone.HddsDatanodeService (HddsDatanodeService.java:start(184)) - HddsDatanodeService host:pr-hdds-2034-qjlc4-3656631144 ip:192.168.5.134
2019-10-12 10:21:41,780 [Datanode State Machine Thread - 0] INFO  datanode.InitDatanodeState (InitDatanodeState.java:persistContainerDatanodeDetails(140)) - DatanodeDetails is persisted to /workdir/hadoop-ozone/integration-test/target/test-dir/MiniOzoneClusterImpl-f9931351-52ec-4503-b9cc-8bf63e1cd39f/datanode-3/meta/datanode.id
2019-10-12 10:21:41,787 [main] INFO  volume.HddsVolume (HddsVolume.java:<init>(176)) - Creating Volume: /workdir/hadoop-ozone/integration-test/target/test-dir/MiniOzoneClusterImpl-f9931351-52ec-4503-b9cc-8bf63e1cd39f/datanode-4/data/containers/hdds of  storage type : DISK and capacity : 1482555576320
2019-10-12 10:21:41,787 [main] INFO  volume.VolumeSet (VolumeSet.java:initializeVolumeSet(170)) - Added Volume : /workdir/hadoop-ozone/integration-test/target/test-dir/MiniOzoneClusterImpl-f9931351-52ec-4503-b9cc-8bf63e1cd39f/datanode-4/data/containers/hdds to VolumeSet
2019-10-12 10:21:41,788 [main] INFO  volume.ThrottledAsyncChecker (ThrottledAsyncChecker.java:schedule(141)) - Scheduling a check for org.apache.hadoop.ozone.container.common.volume.HddsVolume@31ab1e67
2019-10-12 10:21:41,788 [main] INFO  volume.HddsVolumeChecker (HddsVolumeChecker.java:checkAllVolumes(204)) - Scheduled health check for volume org.apache.hadoop.ozone.container.common.volume.HddsVolume@31ab1e67
2019-10-12 10:21:41,804 [main] INFO  impl.RaftServerProxy (ConfUtils.java:logGet(43)) - raft.rpc.type = GRPC (default)
2019-10-12 10:21:41,804 [main] INFO  grpc.GrpcFactory (GrpcFactory.java:checkPooledByteBufAllocatorUseCacheForAllThreads(45)) - PERFORMANCE WARNING: useCacheForAllThreads is true that may cause Netty to create a lot garbage objects and, as a result, trigger GC.
	It is recommended to disable useCacheForAllThreads by setting -Dorg.apache.ratis.thirdparty.io.netty.allocator.useCacheForAllThreads=false in command line.
2019-10-12 10:21:41,804 [main] INFO  grpc.GrpcConfigKeys$Server (ConfUtils.java:logGet(43)) - raft.grpc.server.port = 0 (default)
2019-10-12 10:21:41,805 [main] INFO  server.GrpcService (ConfUtils.java:logGet(43)) - raft.grpc.message.size.max = 33570816 (custom)
2019-10-12 10:21:41,805 [main] INFO  server.RaftServerConfigKeys (ConfUtils.java:logGet(43)) - raft.server.log.appender.buffer.byte-limit = 33554432 (custom)
2019-10-12 10:21:41,805 [main] INFO  server.GrpcService (ConfUtils.java:logGet(43)) - raft.grpc.flow.control.window = 1MB (=1048576) (default)
2019-10-12 10:21:41,805 [main] INFO  server.RaftServerConfigKeys (ConfUtils.java:logGet(43)) - raft.server.rpc.request.timeout = 3000ms (default)
2019-10-12 10:21:41,806 [main] INFO  server.RaftServerConfigKeys (ConfUtils.java:logGet(43)) - raft.server.storage.dir = [/workdir/hadoop-ozone/integration-test/target/test-dir/MiniOzoneClusterImpl-f9931351-52ec-4503-b9cc-8bf63e1cd39f/datanode-4/data/ratis] (custom)
2019-10-12 10:21:41,807 [main] INFO  hdfs.DFSUtil (DFSUtil.java:httpServerTemplateForNNAndJN(1641)) - Starting Web-server for hddsDatanode at: http://0.0.0.0:0
2019-10-12 10:21:41,808 [main] INFO  server.AuthenticationFilter (AuthenticationFilter.java:constructSecretProvider(240)) - Unable to initialize FileSignerSecretProvider, falling back to use random secrets.
2019-10-12 10:21:41,809 [main] WARN  http.HttpRequestLog (HttpRequestLog.java:getRequestLog(97)) - Jetty request log can only be enabled using Log4j
2019-10-12 10:21:41,810 [main] INFO  http.HttpServer2 (HttpServer2.java:addGlobalFilter(975)) - Added global filter 'safety' (class=org.apache.hadoop.http.HttpServer2$QuotingInputFilter)
2019-10-12 10:21:41,811 [main] INFO  http.HttpServer2 (HttpServer2.java:addFilter(948)) - Added filter static_user_filter (class=org.apache.hadoop.http.lib.StaticUserWebFilter$StaticUserFilter) to context hddsDatanode
2019-10-12 10:21:41,811 [main] INFO  http.HttpServer2 (HttpServer2.java:addFilter(958)) - Added filter static_user_filter (class=org.apache.hadoop.http.lib.StaticUserWebFilter$StaticUserFilter) to context logs
2019-10-12 10:21:41,811 [main] INFO  http.HttpServer2 (HttpServer2.java:addFilter(958)) - Added filter static_user_filter (class=org.apache.hadoop.http.lib.StaticUserWebFilter$StaticUserFilter) to context static
2019-10-12 10:21:41,812 [main] INFO  http.HttpServer2 (HttpServer2.java:bindListener(1191)) - Jetty bound to port 41448
2019-10-12 10:21:41,812 [main] INFO  server.Server (Server.java:doStart(351)) - jetty-9.3.25.v20180904, build timestamp: 2018-09-04T21:11:46Z, git hash: 3ce520221d0240229c862b122d2b06c12a625732
2019-10-12 10:21:41,814 [main] INFO  handler.ContextHandler (ContextHandler.java:doStart(781)) - Started o.e.j.s.ServletContextHandler@5d1bdd4a{/logs,file:///workdir/hadoop-ozone/integration-test/target/log,AVAILABLE}
2019-10-12 10:21:41,815 [main] INFO  handler.ContextHandler (ContextHandler.java:doStart(781)) - Started o.e.j.s.ServletContextHandler@3457cc8d{/static,jar:file:/home/user/.m2/repository/org/apache/hadoop/hadoop-hdds-container-service/0.5.0-SNAPSHOT/hadoop-hdds-container-service-0.5.0-SNAPSHOT.jar!/webapps/static,AVAILABLE}
2019-10-12 10:21:41,847 [main] INFO  handler.ContextHandler (ContextHandler.java:doStart(781)) - Started o.e.j.w.WebAppContext@5939e24{/,file:///tmp/jetty-0.0.0.0-41448-hddsDatanode-_-any-2165720901430622625.dir/webapp/,AVAILABLE}{/hddsDatanode}
2019-10-12 10:21:41,848 [main] INFO  server.AbstractConnector (AbstractConnector.java:doStart(278)) - Started ServerConnector@595f9916{HTTP/1.1,[http/1.1]}{0.0.0.0:41448}
2019-10-12 10:21:41,850 [main] INFO  server.Server (Server.java:doStart(419)) - Started @228538ms
2019-10-12 10:21:41,850 [main] WARN  impl.MetricsSystemImpl (MetricsSystemImpl.java:register(276)) - Sink prometheus already exists!
2019-10-12 10:21:41,851 [main] INFO  server.BaseHttpServer (BaseHttpServer.java:updateConnectorAddress(215)) - HTTP server of HDDSDATANODE is listening at http://0.0.0.0:41448
2019-10-12 10:21:41,851 [main] INFO  impl.MetricsSystemImpl (MetricsSystemImpl.java:init(158)) - HddsDatanode metrics system started (again)
2019-10-12 10:21:41,857 [org.apache.hadoop.util.JvmPauseMonitor$Monitor@464f1e8e] INFO  util.JvmPauseMonitor (JvmPauseMonitor.java:run(188)) - Starting JVM pause monitor
2019-10-12 10:21:41,858 [main] INFO  ozone.HddsDatanodeService (HddsDatanodeService.java:start(184)) - HddsDatanodeService host:pr-hdds-2034-qjlc4-3656631144 ip:192.168.5.134
2019-10-12 10:21:41,859 [Datanode State Machine Thread - 0] INFO  datanode.InitDatanodeState (InitDatanodeState.java:persistContainerDatanodeDetails(140)) - DatanodeDetails is persisted to /workdir/hadoop-ozone/integration-test/target/test-dir/MiniOzoneClusterImpl-f9931351-52ec-4503-b9cc-8bf63e1cd39f/datanode-4/meta/datanode.id
2019-10-12 10:21:41,865 [main] INFO  volume.HddsVolume (HddsVolume.java:<init>(176)) - Creating Volume: /workdir/hadoop-ozone/integration-test/target/test-dir/MiniOzoneClusterImpl-f9931351-52ec-4503-b9cc-8bf63e1cd39f/datanode-5/data/containers/hdds of  storage type : DISK and capacity : 1482555576320
2019-10-12 10:21:41,865 [main] INFO  volume.VolumeSet (VolumeSet.java:initializeVolumeSet(170)) - Added Volume : /workdir/hadoop-ozone/integration-test/target/test-dir/MiniOzoneClusterImpl-f9931351-52ec-4503-b9cc-8bf63e1cd39f/datanode-5/data/containers/hdds to VolumeSet
2019-10-12 10:21:41,865 [main] INFO  volume.ThrottledAsyncChecker (ThrottledAsyncChecker.java:schedule(141)) - Scheduling a check for org.apache.hadoop.ozone.container.common.volume.HddsVolume@539c4830
2019-10-12 10:21:41,866 [main] INFO  volume.HddsVolumeChecker (HddsVolumeChecker.java:checkAllVolumes(204)) - Scheduled health check for volume org.apache.hadoop.ozone.container.common.volume.HddsVolume@539c4830
2019-10-12 10:21:41,880 [main] INFO  impl.RaftServerProxy (ConfUtils.java:logGet(43)) - raft.rpc.type = GRPC (default)
2019-10-12 10:21:41,881 [main] INFO  grpc.GrpcFactory (GrpcFactory.java:checkPooledByteBufAllocatorUseCacheForAllThreads(45)) - PERFORMANCE WARNING: useCacheForAllThreads is true that may cause Netty to create a lot garbage objects and, as a result, trigger GC.
	It is recommended to disable useCacheForAllThreads by setting -Dorg.apache.ratis.thirdparty.io.netty.allocator.useCacheForAllThreads=false in command line.
2019-10-12 10:21:41,881 [main] INFO  grpc.GrpcConfigKeys$Server (ConfUtils.java:logGet(43)) - raft.grpc.server.port = 0 (default)
2019-10-12 10:21:41,881 [main] INFO  server.GrpcService (ConfUtils.java:logGet(43)) - raft.grpc.message.size.max = 33570816 (custom)
2019-10-12 10:21:41,881 [main] INFO  server.RaftServerConfigKeys (ConfUtils.java:logGet(43)) - raft.server.log.appender.buffer.byte-limit = 33554432 (custom)
2019-10-12 10:21:41,881 [main] INFO  server.GrpcService (ConfUtils.java:logGet(43)) - raft.grpc.flow.control.window = 1MB (=1048576) (default)
2019-10-12 10:21:41,882 [main] INFO  server.RaftServerConfigKeys (ConfUtils.java:logGet(43)) - raft.server.rpc.request.timeout = 3000ms (default)
2019-10-12 10:21:41,882 [main] INFO  server.RaftServerConfigKeys (ConfUtils.java:logGet(43)) - raft.server.storage.dir = [/workdir/hadoop-ozone/integration-test/target/test-dir/MiniOzoneClusterImpl-f9931351-52ec-4503-b9cc-8bf63e1cd39f/datanode-5/data/ratis] (custom)
2019-10-12 10:21:41,883 [main] INFO  hdfs.DFSUtil (DFSUtil.java:httpServerTemplateForNNAndJN(1641)) - Starting Web-server for hddsDatanode at: http://0.0.0.0:0
2019-10-12 10:21:41,884 [main] INFO  server.AuthenticationFilter (AuthenticationFilter.java:constructSecretProvider(240)) - Unable to initialize FileSignerSecretProvider, falling back to use random secrets.
2019-10-12 10:21:41,885 [main] WARN  http.HttpRequestLog (HttpRequestLog.java:getRequestLog(97)) - Jetty request log can only be enabled using Log4j
2019-10-12 10:21:41,886 [main] INFO  http.HttpServer2 (HttpServer2.java:addGlobalFilter(975)) - Added global filter 'safety' (class=org.apache.hadoop.http.HttpServer2$QuotingInputFilter)
2019-10-12 10:21:41,886 [main] INFO  http.HttpServer2 (HttpServer2.java:addFilter(948)) - Added filter static_user_filter (class=org.apache.hadoop.http.lib.StaticUserWebFilter$StaticUserFilter) to context hddsDatanode
2019-10-12 10:21:41,886 [main] INFO  http.HttpServer2 (HttpServer2.java:addFilter(958)) - Added filter static_user_filter (class=org.apache.hadoop.http.lib.StaticUserWebFilter$StaticUserFilter) to context static
2019-10-12 10:21:41,887 [main] INFO  http.HttpServer2 (HttpServer2.java:addFilter(958)) - Added filter static_user_filter (class=org.apache.hadoop.http.lib.StaticUserWebFilter$StaticUserFilter) to context logs
2019-10-12 10:21:41,887 [main] INFO  http.HttpServer2 (HttpServer2.java:bindListener(1191)) - Jetty bound to port 43051
2019-10-12 10:21:41,887 [main] INFO  server.Server (Server.java:doStart(351)) - jetty-9.3.25.v20180904, build timestamp: 2018-09-04T21:11:46Z, git hash: 3ce520221d0240229c862b122d2b06c12a625732
2019-10-12 10:21:41,889 [main] INFO  handler.ContextHandler (ContextHandler.java:doStart(781)) - Started o.e.j.s.ServletContextHandler@4652c74d{/logs,file:///workdir/hadoop-ozone/integration-test/target/log,AVAILABLE}
2019-10-12 10:21:41,889 [main] INFO  handler.ContextHandler (ContextHandler.java:doStart(781)) - Started o.e.j.s.ServletContextHandler@5ea7bc4{/static,jar:file:/home/user/.m2/repository/org/apache/hadoop/hadoop-hdds-container-service/0.5.0-SNAPSHOT/hadoop-hdds-container-service-0.5.0-SNAPSHOT.jar!/webapps/static,AVAILABLE}
2019-10-12 10:21:41,918 [main] INFO  handler.ContextHandler (ContextHandler.java:doStart(781)) - Started o.e.j.w.WebAppContext@69a5c6be{/,file:///tmp/jetty-0.0.0.0-43051-hddsDatanode-_-any-655633738983702572.dir/webapp/,AVAILABLE}{/hddsDatanode}
2019-10-12 10:21:41,919 [main] INFO  server.AbstractConnector (AbstractConnector.java:doStart(278)) - Started ServerConnector@451e2fa9{HTTP/1.1,[http/1.1]}{0.0.0.0:43051}
2019-10-12 10:21:41,920 [main] INFO  server.Server (Server.java:doStart(419)) - Started @228608ms
2019-10-12 10:21:41,920 [main] WARN  impl.MetricsSystemImpl (MetricsSystemImpl.java:register(276)) - Sink prometheus already exists!
2019-10-12 10:21:41,921 [main] INFO  server.BaseHttpServer (BaseHttpServer.java:updateConnectorAddress(215)) - HTTP server of HDDSDATANODE is listening at http://0.0.0.0:43051
2019-10-12 10:21:41,921 [main] INFO  impl.MetricsSystemImpl (MetricsSystemImpl.java:init(158)) - HddsDatanode metrics system started (again)
2019-10-12 10:21:41,927 [org.apache.hadoop.util.JvmPauseMonitor$Monitor@443c18f3] INFO  util.JvmPauseMonitor (JvmPauseMonitor.java:run(188)) - Starting JVM pause monitor
2019-10-12 10:21:41,928 [main] INFO  ozone.HddsDatanodeService (HddsDatanodeService.java:start(184)) - HddsDatanodeService host:pr-hdds-2034-qjlc4-3656631144 ip:192.168.5.134
2019-10-12 10:21:41,929 [Datanode State Machine Thread - 0] INFO  datanode.InitDatanodeState (InitDatanodeState.java:persistContainerDatanodeDetails(140)) - DatanodeDetails is persisted to /workdir/hadoop-ozone/integration-test/target/test-dir/MiniOzoneClusterImpl-f9931351-52ec-4503-b9cc-8bf63e1cd39f/datanode-5/meta/datanode.id
2019-10-12 10:21:41,935 [main] INFO  volume.HddsVolume (HddsVolume.java:<init>(176)) - Creating Volume: /workdir/hadoop-ozone/integration-test/target/test-dir/MiniOzoneClusterImpl-f9931351-52ec-4503-b9cc-8bf63e1cd39f/datanode-6/data/containers/hdds of  storage type : DISK and capacity : 1482555576320
2019-10-12 10:21:41,935 [main] INFO  volume.VolumeSet (VolumeSet.java:initializeVolumeSet(170)) - Added Volume : /workdir/hadoop-ozone/integration-test/target/test-dir/MiniOzoneClusterImpl-f9931351-52ec-4503-b9cc-8bf63e1cd39f/datanode-6/data/containers/hdds to VolumeSet
2019-10-12 10:21:41,935 [main] INFO  volume.ThrottledAsyncChecker (ThrottledAsyncChecker.java:schedule(141)) - Scheduling a check for org.apache.hadoop.ozone.container.common.volume.HddsVolume@3009eed7
2019-10-12 10:21:41,936 [main] INFO  volume.HddsVolumeChecker (HddsVolumeChecker.java:checkAllVolumes(204)) - Scheduled health check for volume org.apache.hadoop.ozone.container.common.volume.HddsVolume@3009eed7
2019-10-12 10:21:41,952 [main] INFO  impl.RaftServerProxy (ConfUtils.java:logGet(43)) - raft.rpc.type = GRPC (default)
2019-10-12 10:21:41,952 [main] INFO  grpc.GrpcFactory (GrpcFactory.java:checkPooledByteBufAllocatorUseCacheForAllThreads(45)) - PERFORMANCE WARNING: useCacheForAllThreads is true that may cause Netty to create a lot garbage objects and, as a result, trigger GC.
	It is recommended to disable useCacheForAllThreads by setting -Dorg.apache.ratis.thirdparty.io.netty.allocator.useCacheForAllThreads=false in command line.
2019-10-12 10:21:41,953 [main] INFO  grpc.GrpcConfigKeys$Server (ConfUtils.java:logGet(43)) - raft.grpc.server.port = 0 (default)
2019-10-12 10:21:41,953 [main] INFO  server.GrpcService (ConfUtils.java:logGet(43)) - raft.grpc.message.size.max = 33570816 (custom)
2019-10-12 10:21:41,953 [main] INFO  server.RaftServerConfigKeys (ConfUtils.java:logGet(43)) - raft.server.log.appender.buffer.byte-limit = 33554432 (custom)
2019-10-12 10:21:41,953 [main] INFO  server.GrpcService (ConfUtils.java:logGet(43)) - raft.grpc.flow.control.window = 1MB (=1048576) (default)
2019-10-12 10:21:41,953 [main] INFO  server.RaftServerConfigKeys (ConfUtils.java:logGet(43)) - raft.server.rpc.request.timeout = 3000ms (default)
2019-10-12 10:21:41,954 [main] INFO  server.RaftServerConfigKeys (ConfUtils.java:logGet(43)) - raft.server.storage.dir = [/workdir/hadoop-ozone/integration-test/target/test-dir/MiniOzoneClusterImpl-f9931351-52ec-4503-b9cc-8bf63e1cd39f/datanode-6/data/ratis] (custom)
2019-10-12 10:21:41,955 [main] INFO  hdfs.DFSUtil (DFSUtil.java:httpServerTemplateForNNAndJN(1641)) - Starting Web-server for hddsDatanode at: http://0.0.0.0:0
2019-10-12 10:21:41,956 [main] INFO  server.AuthenticationFilter (AuthenticationFilter.java:constructSecretProvider(240)) - Unable to initialize FileSignerSecretProvider, falling back to use random secrets.
2019-10-12 10:21:41,956 [main] WARN  http.HttpRequestLog (HttpRequestLog.java:getRequestLog(97)) - Jetty request log can only be enabled using Log4j
2019-10-12 10:21:41,959 [main] INFO  http.HttpServer2 (HttpServer2.java:addGlobalFilter(975)) - Added global filter 'safety' (class=org.apache.hadoop.http.HttpServer2$QuotingInputFilter)
2019-10-12 10:21:41,960 [main] INFO  http.HttpServer2 (HttpServer2.java:addFilter(948)) - Added filter static_user_filter (class=org.apache.hadoop.http.lib.StaticUserWebFilter$StaticUserFilter) to context hddsDatanode
2019-10-12 10:21:41,960 [main] INFO  http.HttpServer2 (HttpServer2.java:addFilter(958)) - Added filter static_user_filter (class=org.apache.hadoop.http.lib.StaticUserWebFilter$StaticUserFilter) to context static
2019-10-12 10:21:41,960 [main] INFO  http.HttpServer2 (HttpServer2.java:addFilter(958)) - Added filter static_user_filter (class=org.apache.hadoop.http.lib.StaticUserWebFilter$StaticUserFilter) to context logs
2019-10-12 10:21:41,961 [main] INFO  http.HttpServer2 (HttpServer2.java:bindListener(1191)) - Jetty bound to port 36810
2019-10-12 10:21:41,962 [main] INFO  server.Server (Server.java:doStart(351)) - jetty-9.3.25.v20180904, build timestamp: 2018-09-04T21:11:46Z, git hash: 3ce520221d0240229c862b122d2b06c12a625732
2019-10-12 10:21:41,964 [main] INFO  handler.ContextHandler (ContextHandler.java:doStart(781)) - Started o.e.j.s.ServletContextHandler@5fd43e58{/logs,file:///workdir/hadoop-ozone/integration-test/target/log,AVAILABLE}
2019-10-12 10:21:41,965 [main] INFO  handler.ContextHandler (ContextHandler.java:doStart(781)) - Started o.e.j.s.ServletContextHandler@68dfda77{/static,jar:file:/home/user/.m2/repository/org/apache/hadoop/hadoop-hdds-container-service/0.5.0-SNAPSHOT/hadoop-hdds-container-service-0.5.0-SNAPSHOT.jar!/webapps/static,AVAILABLE}
2019-10-12 10:21:42,007 [main] INFO  handler.ContextHandler (ContextHandler.java:doStart(781)) - Started o.e.j.w.WebAppContext@a3cba3a{/,file:///tmp/jetty-0.0.0.0-36810-hddsDatanode-_-any-5933276185176190958.dir/webapp/,AVAILABLE}{/hddsDatanode}
2019-10-12 10:21:42,008 [main] INFO  server.AbstractConnector (AbstractConnector.java:doStart(278)) - Started ServerConnector@2aea717c{HTTP/1.1,[http/1.1]}{0.0.0.0:36810}
2019-10-12 10:21:42,011 [main] INFO  server.Server (Server.java:doStart(419)) - Started @228700ms
2019-10-12 10:21:42,011 [main] WARN  impl.MetricsSystemImpl (MetricsSystemImpl.java:register(276)) - Sink prometheus already exists!
2019-10-12 10:21:42,012 [main] INFO  server.BaseHttpServer (BaseHttpServer.java:updateConnectorAddress(215)) - HTTP server of HDDSDATANODE is listening at http://0.0.0.0:36810
2019-10-12 10:21:42,013 [main] INFO  ozone.MiniOzoneClusterImpl (MiniOzoneClusterImpl.java:lambda$waitForClusterToBeReady$0(149)) - Waiting for nodes to be ready. Got 0 of 7 DN Heartbeats.
2019-10-12 10:21:42,013 [main] INFO  ozone.MiniOzoneClusterImpl (MiniOzoneClusterImpl.java:lambda$waitForClusterToBeReady$0(152)) - Waiting for cluster to exit safe mode
2019-10-12 10:21:42,014 [org.apache.hadoop.util.JvmPauseMonitor$Monitor@62052405] INFO  util.JvmPauseMonitor (JvmPauseMonitor.java:run(188)) - Starting JVM pause monitor
2019-10-12 10:21:42,015 [Datanode State Machine Thread - 0] INFO  datanode.InitDatanodeState (InitDatanodeState.java:persistContainerDatanodeDetails(140)) - DatanodeDetails is persisted to /workdir/hadoop-ozone/integration-test/target/test-dir/MiniOzoneClusterImpl-f9931351-52ec-4503-b9cc-8bf63e1cd39f/datanode-6/meta/datanode.id
2019-10-12 10:21:43,013 [main] INFO  ozone.MiniOzoneClusterImpl (MiniOzoneClusterImpl.java:lambda$waitForClusterToBeReady$0(149)) - Waiting for nodes to be ready. Got 0 of 7 DN Heartbeats.
2019-10-12 10:21:43,013 [main] INFO  ozone.MiniOzoneClusterImpl (MiniOzoneClusterImpl.java:lambda$waitForClusterToBeReady$0(152)) - Waiting for cluster to exit safe mode
Pipeline Report Generate
2019-10-12 10:21:43,585 [Datanode State Machine Thread - 0] INFO  ozoneimpl.OzoneContainer (OzoneContainer.java:start(213)) - Attempting to start container services.
2019-10-12 10:21:43,585 [Datanode State Machine Thread - 0] INFO  ozoneimpl.OzoneContainer (OzoneContainer.java:startContainerScrub(177)) - Background container scanner has been disabled.
2019-10-12 10:21:43,586 [Datanode State Machine Thread - 0] INFO  ratis.XceiverServerRatis (XceiverServerRatis.java:start(419)) - Starting XceiverServerRatis 51deee32-efc8-49a8-a097-12875679bec7 at port 0
2019-10-12 10:21:43,592 [Datanode State Machine Thread - 0] INFO  impl.RaftServerProxy (RaftServerProxy.java:lambda$start$3(299)) - 51deee32-efc8-49a8-a097-12875679bec7: start RPC server
2019-10-12 10:21:43,594 [Datanode State Machine Thread - 0] INFO  server.GrpcService (GrpcService.java:startImpl(158)) - 51deee32-efc8-49a8-a097-12875679bec7: GrpcService started, listening on 0.0.0.0/0.0.0.0:35443
2019-10-12 10:21:43,594 [Datanode State Machine Thread - 0] INFO  ratis.XceiverServerRatis (XceiverServerRatis.java:start(429)) - XceiverServerRatis 51deee32-efc8-49a8-a097-12875679bec7 is started using port 35443
2019-10-12 10:21:43,596 [Datanode State Machine Thread - 0] INFO  server.XceiverServerGrpc (XceiverServerGrpc.java:start(149)) - XceiverServerGrpc 51deee32-efc8-49a8-a097-12875679bec7 is started using port 36156
2019-10-12 10:21:43,641 [Datanode State Machine Thread - 0] INFO  ozoneimpl.OzoneContainer (OzoneContainer.java:start(213)) - Attempting to start container services.
2019-10-12 10:21:43,641 [Datanode State Machine Thread - 0] INFO  ozoneimpl.OzoneContainer (OzoneContainer.java:startContainerScrub(177)) - Background container scanner has been disabled.
2019-10-12 10:21:43,641 [Datanode State Machine Thread - 0] INFO  ratis.XceiverServerRatis (XceiverServerRatis.java:start(419)) - Starting XceiverServerRatis 90ad4614-55d2-4680-b42d-d3edb0fdc15d at port 0
2019-10-12 10:21:43,648 [Datanode State Machine Thread - 0] INFO  impl.RaftServerProxy (RaftServerProxy.java:lambda$start$3(299)) - 90ad4614-55d2-4680-b42d-d3edb0fdc15d: start RPC server
2019-10-12 10:21:43,649 [Datanode State Machine Thread - 0] INFO  server.GrpcService (GrpcService.java:startImpl(158)) - 90ad4614-55d2-4680-b42d-d3edb0fdc15d: GrpcService started, listening on 0.0.0.0/0.0.0.0:43140
2019-10-12 10:21:43,649 [Datanode State Machine Thread - 0] INFO  ratis.XceiverServerRatis (XceiverServerRatis.java:start(429)) - XceiverServerRatis 90ad4614-55d2-4680-b42d-d3edb0fdc15d is started using port 43140
2019-10-12 10:21:43,649 [Datanode State Machine Thread - 0] INFO  server.XceiverServerGrpc (XceiverServerGrpc.java:start(149)) - XceiverServerGrpc 90ad4614-55d2-4680-b42d-d3edb0fdc15d is started using port 44146
2019-10-12 10:21:43,704 [Datanode State Machine Thread - 0] INFO  ozoneimpl.OzoneContainer (OzoneContainer.java:start(213)) - Attempting to start container services.
2019-10-12 10:21:43,704 [Datanode State Machine Thread - 0] INFO  ozoneimpl.OzoneContainer (OzoneContainer.java:startContainerScrub(177)) - Background container scanner has been disabled.
2019-10-12 10:21:43,704 [Datanode State Machine Thread - 0] INFO  ratis.XceiverServerRatis (XceiverServerRatis.java:start(419)) - Starting XceiverServerRatis cf91553c-1d08-47b5-9609-e12b61a10915 at port 0
2019-10-12 10:21:43,711 [Datanode State Machine Thread - 0] INFO  impl.RaftServerProxy (RaftServerProxy.java:lambda$start$3(299)) - cf91553c-1d08-47b5-9609-e12b61a10915: start RPC server
2019-10-12 10:21:43,715 [Datanode State Machine Thread - 0] INFO  server.GrpcService (GrpcService.java:startImpl(158)) - cf91553c-1d08-47b5-9609-e12b61a10915: GrpcService started, listening on 0.0.0.0/0.0.0.0:42337
2019-10-12 10:21:43,715 [Datanode State Machine Thread - 0] INFO  ratis.XceiverServerRatis (XceiverServerRatis.java:start(429)) - XceiverServerRatis cf91553c-1d08-47b5-9609-e12b61a10915 is started using port 42337
2019-10-12 10:21:43,715 [Datanode State Machine Thread - 0] INFO  server.XceiverServerGrpc (XceiverServerGrpc.java:start(149)) - XceiverServerGrpc cf91553c-1d08-47b5-9609-e12b61a10915 is started using port 34020
2019-10-12 10:21:43,795 [Datanode State Machine Thread - 0] INFO  ozoneimpl.OzoneContainer (OzoneContainer.java:start(213)) - Attempting to start container services.
2019-10-12 10:21:43,795 [Datanode State Machine Thread - 0] INFO  ozoneimpl.OzoneContainer (OzoneContainer.java:startContainerScrub(177)) - Background container scanner has been disabled.
2019-10-12 10:21:43,795 [Datanode State Machine Thread - 0] INFO  ratis.XceiverServerRatis (XceiverServerRatis.java:start(419)) - Starting XceiverServerRatis 47cc5d93-2c95-4ed7-84b7-52463b84dd59 at port 0
2019-10-12 10:21:43,804 [Datanode State Machine Thread - 0] INFO  impl.RaftServerProxy (RaftServerProxy.java:lambda$start$3(299)) - 47cc5d93-2c95-4ed7-84b7-52463b84dd59: start RPC server
2019-10-12 10:21:43,805 [Datanode State Machine Thread - 0] INFO  server.GrpcService (GrpcService.java:startImpl(158)) - 47cc5d93-2c95-4ed7-84b7-52463b84dd59: GrpcService started, listening on 0.0.0.0/0.0.0.0:33049
2019-10-12 10:21:43,805 [Datanode State Machine Thread - 0] INFO  ratis.XceiverServerRatis (XceiverServerRatis.java:start(429)) - XceiverServerRatis 47cc5d93-2c95-4ed7-84b7-52463b84dd59 is started using port 33049
2019-10-12 10:21:43,805 [Datanode State Machine Thread - 0] INFO  server.XceiverServerGrpc (XceiverServerGrpc.java:start(149)) - XceiverServerGrpc 47cc5d93-2c95-4ed7-84b7-52463b84dd59 is started using port 42629
2019-10-12 10:21:43,869 [Datanode State Machine Thread - 0] INFO  ozoneimpl.OzoneContainer (OzoneContainer.java:start(213)) - Attempting to start container services.
2019-10-12 10:21:43,870 [Datanode State Machine Thread - 0] INFO  ozoneimpl.OzoneContainer (OzoneContainer.java:startContainerScrub(177)) - Background container scanner has been disabled.
2019-10-12 10:21:43,870 [Datanode State Machine Thread - 0] INFO  ratis.XceiverServerRatis (XceiverServerRatis.java:start(419)) - Starting XceiverServerRatis 92bb78cc-3f8c-47d7-bf7f-e36e5b3e7b36 at port 0
2019-10-12 10:21:43,877 [Datanode State Machine Thread - 0] INFO  impl.RaftServerProxy (RaftServerProxy.java:lambda$start$3(299)) - 92bb78cc-3f8c-47d7-bf7f-e36e5b3e7b36: start RPC server
2019-10-12 10:21:43,878 [Datanode State Machine Thread - 0] INFO  server.GrpcService (GrpcService.java:startImpl(158)) - 92bb78cc-3f8c-47d7-bf7f-e36e5b3e7b36: GrpcService started, listening on 0.0.0.0/0.0.0.0:46522
2019-10-12 10:21:43,878 [Datanode State Machine Thread - 0] INFO  ratis.XceiverServerRatis (XceiverServerRatis.java:start(429)) - XceiverServerRatis 92bb78cc-3f8c-47d7-bf7f-e36e5b3e7b36 is started using port 46522
2019-10-12 10:21:43,879 [Datanode State Machine Thread - 0] INFO  server.XceiverServerGrpc (XceiverServerGrpc.java:start(149)) - XceiverServerGrpc 92bb78cc-3f8c-47d7-bf7f-e36e5b3e7b36 is started using port 39152
2019-10-12 10:21:43,945 [Datanode State Machine Thread - 0] INFO  ozoneimpl.OzoneContainer (OzoneContainer.java:start(213)) - Attempting to start container services.
2019-10-12 10:21:43,945 [Datanode State Machine Thread - 0] INFO  ozoneimpl.OzoneContainer (OzoneContainer.java:startContainerScrub(177)) - Background container scanner has been disabled.
2019-10-12 10:21:43,945 [Datanode State Machine Thread - 0] INFO  ratis.XceiverServerRatis (XceiverServerRatis.java:start(419)) - Starting XceiverServerRatis f555cbac-5274-466e-9328-20197bae6a01 at port 0
2019-10-12 10:21:43,952 [Datanode State Machine Thread - 0] INFO  impl.RaftServerProxy (RaftServerProxy.java:lambda$start$3(299)) - f555cbac-5274-466e-9328-20197bae6a01: start RPC server
2019-10-12 10:21:43,953 [Datanode State Machine Thread - 0] INFO  server.GrpcService (GrpcService.java:startImpl(158)) - f555cbac-5274-466e-9328-20197bae6a01: GrpcService started, listening on 0.0.0.0/0.0.0.0:39487
2019-10-12 10:21:43,953 [Datanode State Machine Thread - 0] INFO  ratis.XceiverServerRatis (XceiverServerRatis.java:start(429)) - XceiverServerRatis f555cbac-5274-466e-9328-20197bae6a01 is started using port 39487
2019-10-12 10:21:43,953 [Datanode State Machine Thread - 0] INFO  server.XceiverServerGrpc (XceiverServerGrpc.java:start(149)) - XceiverServerGrpc f555cbac-5274-466e-9328-20197bae6a01 is started using port 46776
2019-10-12 10:21:44,014 [main] INFO  ozone.MiniOzoneClusterImpl (MiniOzoneClusterImpl.java:lambda$waitForClusterToBeReady$0(149)) - Waiting for nodes to be ready. Got 0 of 7 DN Heartbeats.
2019-10-12 10:21:44,014 [main] INFO  ozone.MiniOzoneClusterImpl (MiniOzoneClusterImpl.java:lambda$waitForClusterToBeReady$0(152)) - Waiting for cluster to exit safe mode
2019-10-12 10:21:44,027 [Datanode State Machine Thread - 0] INFO  ozoneimpl.OzoneContainer (OzoneContainer.java:start(213)) - Attempting to start container services.
2019-10-12 10:21:44,027 [Datanode State Machine Thread - 0] INFO  ozoneimpl.OzoneContainer (OzoneContainer.java:startContainerScrub(177)) - Background container scanner has been disabled.
2019-10-12 10:21:44,028 [Datanode State Machine Thread - 0] INFO  ratis.XceiverServerRatis (XceiverServerRatis.java:start(419)) - Starting XceiverServerRatis d147de71-dabc-4e33-ade9-c1697c33eae6 at port 0
2019-10-12 10:21:44,033 [Datanode State Machine Thread - 0] INFO  impl.RaftServerProxy (RaftServerProxy.java:lambda$start$3(299)) - d147de71-dabc-4e33-ade9-c1697c33eae6: start RPC server
2019-10-12 10:21:44,034 [Datanode State Machine Thread - 0] INFO  server.GrpcService (GrpcService.java:startImpl(158)) - d147de71-dabc-4e33-ade9-c1697c33eae6: GrpcService started, listening on 0.0.0.0/0.0.0.0:45130
2019-10-12 10:21:44,034 [Datanode State Machine Thread - 0] INFO  ratis.XceiverServerRatis (XceiverServerRatis.java:start(429)) - XceiverServerRatis d147de71-dabc-4e33-ade9-c1697c33eae6 is started using port 45130
2019-10-12 10:21:44,034 [Datanode State Machine Thread - 0] INFO  server.XceiverServerGrpc (XceiverServerGrpc.java:start(149)) - XceiverServerGrpc d147de71-dabc-4e33-ade9-c1697c33eae6 is started using port 36967
2019-10-12 10:21:45,014 [main] INFO  ozone.MiniOzoneClusterImpl (MiniOzoneClusterImpl.java:lambda$waitForClusterToBeReady$0(149)) - Waiting for nodes to be ready. Got 0 of 7 DN Heartbeats.
2019-10-12 10:21:45,015 [main] INFO  ozone.MiniOzoneClusterImpl (MiniOzoneClusterImpl.java:lambda$waitForClusterToBeReady$0(152)) - Waiting for cluster to exit safe mode
2019-10-12 10:21:45,565 [IPC Server handler 1 on 38441] INFO  net.NetworkTopology (NetworkTopologyImpl.java:add(111)) - Added a new node: /default-rack/51deee32-efc8-49a8-a097-12875679bec7
2019-10-12 10:21:45,565 [IPC Server handler 1 on 38441] INFO  node.SCMNodeManager (SCMNodeManager.java:register(268)) - Registered Data node : 51deee32-efc8-49a8-a097-12875679bec7{ip: 192.168.5.134, host: pr-hdds-2034-qjlc4-3656631144, networkLocation: /default-rack, certSerialId: null}
2019-10-12 10:21:45,566 [RatisPipelineUtilsThread] INFO  pipeline.RatisPipelineProvider (RatisPipelineProvider.java:lambda$create$4(163)) - Send pipeline:PipelineID=2777541f-f33b-4373-8902-aaa020db2dce create command to datanode 51deee32-efc8-49a8-a097-12875679bec7
2019-10-12 10:21:45,566 [EventQueue-NodeRegistrationContainerReportForDataNodeSafeModeRule] INFO  safemode.SCMSafeModeManager (DataNodeSafeModeRule.java:process(71)) - SCM in safe mode. 1 DataNodes registered, 1 required.
2019-10-12 10:21:45,566 [EventQueue-NodeRegistrationContainerReportForContainerSafeModeRule] INFO  safemode.SCMSafeModeManager (SCMSafeModeManager.java:validateSafeModeExitRules(174)) - ContainerSafeModeRule rule is successfully validated
2019-10-12 10:21:45,570 [EventQueue-NodeRegistrationContainerReportForDataNodeSafeModeRule] INFO  safemode.SCMSafeModeManager (SCMSafeModeManager.java:validateSafeModeExitRules(174)) - DataNodeSafeModeRule rule is successfully validated
2019-10-12 10:21:45,626 [IPC Server handler 2 on 38441] INFO  net.NetworkTopology (NetworkTopologyImpl.java:add(111)) - Added a new node: /default-rack/90ad4614-55d2-4680-b42d-d3edb0fdc15d
2019-10-12 10:21:45,626 [IPC Server handler 2 on 38441] INFO  node.SCMNodeManager (SCMNodeManager.java:register(268)) - Registered Data node : 90ad4614-55d2-4680-b42d-d3edb0fdc15d{ip: 192.168.5.134, host: pr-hdds-2034-qjlc4-3656631144, networkLocation: /default-rack, certSerialId: null}
2019-10-12 10:21:45,626 [EventQueue-NodeRegistrationContainerReportForDataNodeSafeModeRule] INFO  safemode.SCMSafeModeManager (SCMSafeModeManager.java:validateSafeModeExitRules(174)) - DataNodeSafeModeRule rule is successfully validated
2019-10-12 10:21:45,626 [RatisPipelineUtilsThread] INFO  pipeline.RatisPipelineProvider (RatisPipelineProvider.java:lambda$create$4(163)) - Send pipeline:PipelineID=d19d50e9-f4e7-4819-922a-1cd9c17c571d create command to datanode 90ad4614-55d2-4680-b42d-d3edb0fdc15d
2019-10-12 10:21:45,627 [EventQueue-NodeRegistrationContainerReportForContainerSafeModeRule] INFO  safemode.SCMSafeModeManager (SCMSafeModeManager.java:validateSafeModeExitRules(174)) - ContainerSafeModeRule rule is successfully validated
2019-10-12 10:21:45,690 [IPC Server handler 19 on 38441] INFO  net.NetworkTopology (NetworkTopologyImpl.java:add(111)) - Added a new node: /default-rack/cf91553c-1d08-47b5-9609-e12b61a10915
2019-10-12 10:21:45,691 [IPC Server handler 19 on 38441] INFO  node.SCMNodeManager (SCMNodeManager.java:register(268)) - Registered Data node : cf91553c-1d08-47b5-9609-e12b61a10915{ip: 192.168.5.134, host: pr-hdds-2034-qjlc4-3656631144, networkLocation: /default-rack, certSerialId: null}
2019-10-12 10:21:45,691 [EventQueue-NodeRegistrationContainerReportForDataNodeSafeModeRule] INFO  safemode.SCMSafeModeManager (SCMSafeModeManager.java:validateSafeModeExitRules(174)) - DataNodeSafeModeRule rule is successfully validated
2019-10-12 10:21:45,691 [RatisPipelineUtilsThread] INFO  pipeline.RatisPipelineProvider (RatisPipelineProvider.java:lambda$create$4(163)) - Send pipeline:PipelineID=fd193b79-8f66-4156-afa6-a1d7d66d0a22 create command to datanode cf91553c-1d08-47b5-9609-e12b61a10915
2019-10-12 10:21:45,691 [EventQueue-NodeRegistrationContainerReportForContainerSafeModeRule] INFO  safemode.SCMSafeModeManager (SCMSafeModeManager.java:validateSafeModeExitRules(174)) - ContainerSafeModeRule rule is successfully validated
2019-10-12 10:21:45,692 [RatisPipelineUtilsThread] INFO  pipeline.RatisPipelineProvider (RatisPipelineProvider.java:lambda$create$4(163)) - Send pipeline:PipelineID=67e912d9-b5da-47e3-b225-6674c1167e0c create command to datanode 51deee32-efc8-49a8-a097-12875679bec7
2019-10-12 10:21:45,692 [RatisPipelineUtilsThread] INFO  pipeline.RatisPipelineProvider (RatisPipelineProvider.java:lambda$create$4(163)) - Send pipeline:PipelineID=67e912d9-b5da-47e3-b225-6674c1167e0c create command to datanode cf91553c-1d08-47b5-9609-e12b61a10915
2019-10-12 10:21:45,692 [RatisPipelineUtilsThread] INFO  pipeline.RatisPipelineProvider (RatisPipelineProvider.java:lambda$create$4(163)) - Send pipeline:PipelineID=67e912d9-b5da-47e3-b225-6674c1167e0c create command to datanode 90ad4614-55d2-4680-b42d-d3edb0fdc15d
2019-10-12 10:21:45,780 [IPC Server handler 17 on 38441] INFO  net.NetworkTopology (NetworkTopologyImpl.java:add(111)) - Added a new node: /default-rack/47cc5d93-2c95-4ed7-84b7-52463b84dd59
2019-10-12 10:21:45,780 [IPC Server handler 17 on 38441] INFO  node.SCMNodeManager (SCMNodeManager.java:register(268)) - Registered Data node : 47cc5d93-2c95-4ed7-84b7-52463b84dd59{ip: 192.168.5.134, host: pr-hdds-2034-qjlc4-3656631144, networkLocation: /default-rack, certSerialId: null}
2019-10-12 10:21:45,780 [RatisPipelineUtilsThread] INFO  pipeline.RatisPipelineProvider (RatisPipelineProvider.java:lambda$create$4(163)) - Send pipeline:PipelineID=54bf51b1-bc03-4ff4-bdf1-7526cd8b2110 create command to datanode 47cc5d93-2c95-4ed7-84b7-52463b84dd59
2019-10-12 10:21:45,781 [EventQueue-NodeRegistrationContainerReportForDataNodeSafeModeRule] INFO  safemode.SCMSafeModeManager (SCMSafeModeManager.java:validateSafeModeExitRules(174)) - DataNodeSafeModeRule rule is successfully validated
2019-10-12 10:21:45,781 [EventQueue-NodeRegistrationContainerReportForContainerSafeModeRule] INFO  safemode.SCMSafeModeManager (SCMSafeModeManager.java:validateSafeModeExitRules(174)) - ContainerSafeModeRule rule is successfully validated
2019-10-12 10:21:45,858 [IPC Server handler 18 on 38441] INFO  net.NetworkTopology (NetworkTopologyImpl.java:add(111)) - Added a new node: /default-rack/92bb78cc-3f8c-47d7-bf7f-e36e5b3e7b36
2019-10-12 10:21:45,859 [IPC Server handler 18 on 38441] INFO  node.SCMNodeManager (SCMNodeManager.java:register(268)) - Registered Data node : 92bb78cc-3f8c-47d7-bf7f-e36e5b3e7b36{ip: 192.168.5.134, host: pr-hdds-2034-qjlc4-3656631144, networkLocation: /default-rack, certSerialId: null}
2019-10-12 10:21:45,859 [RatisPipelineUtilsThread] INFO  pipeline.RatisPipelineProvider (RatisPipelineProvider.java:lambda$create$4(163)) - Send pipeline:PipelineID=fb3d4bfd-146a-4011-95b0-41dee84d8837 create command to datanode 92bb78cc-3f8c-47d7-bf7f-e36e5b3e7b36
2019-10-12 10:21:45,859 [EventQueue-NodeRegistrationContainerReportForContainerSafeModeRule] INFO  safemode.SCMSafeModeManager (SCMSafeModeManager.java:validateSafeModeExitRules(174)) - ContainerSafeModeRule rule is successfully validated
2019-10-12 10:21:45,859 [EventQueue-NodeRegistrationContainerReportForDataNodeSafeModeRule] INFO  safemode.SCMSafeModeManager (SCMSafeModeManager.java:validateSafeModeExitRules(174)) - DataNodeSafeModeRule rule is successfully validated
2019-10-12 10:21:45,929 [IPC Server handler 16 on 38441] INFO  net.NetworkTopology (NetworkTopologyImpl.java:add(111)) - Added a new node: /default-rack/f555cbac-5274-466e-9328-20197bae6a01
2019-10-12 10:21:45,929 [IPC Server handler 16 on 38441] INFO  node.SCMNodeManager (SCMNodeManager.java:register(268)) - Registered Data node : f555cbac-5274-466e-9328-20197bae6a01{ip: 192.168.5.134, host: pr-hdds-2034-qjlc4-3656631144, networkLocation: /default-rack, certSerialId: null}
2019-10-12 10:21:45,929 [RatisPipelineUtilsThread] INFO  pipeline.RatisPipelineProvider (RatisPipelineProvider.java:lambda$create$4(163)) - Send pipeline:PipelineID=1ebbccd9-cc0c-453f-bc82-2ecc61c0d42a create command to datanode f555cbac-5274-466e-9328-20197bae6a01
2019-10-12 10:21:45,929 [EventQueue-NodeRegistrationContainerReportForDataNodeSafeModeRule] INFO  safemode.SCMSafeModeManager (SCMSafeModeManager.java:validateSafeModeExitRules(174)) - DataNodeSafeModeRule rule is successfully validated
2019-10-12 10:21:45,930 [EventQueue-NodeRegistrationContainerReportForContainerSafeModeRule] INFO  safemode.SCMSafeModeManager (SCMSafeModeManager.java:validateSafeModeExitRules(174)) - ContainerSafeModeRule rule is successfully validated
2019-10-12 10:21:45,933 [RatisPipelineUtilsThread] INFO  pipeline.RatisPipelineProvider (RatisPipelineProvider.java:lambda$create$4(163)) - Send pipeline:PipelineID=a3e1016a-a9fb-441a-ae57-76af3572c800 create command to datanode 47cc5d93-2c95-4ed7-84b7-52463b84dd59
2019-10-12 10:21:45,933 [RatisPipelineUtilsThread] INFO  pipeline.RatisPipelineProvider (RatisPipelineProvider.java:lambda$create$4(163)) - Send pipeline:PipelineID=a3e1016a-a9fb-441a-ae57-76af3572c800 create command to datanode 92bb78cc-3f8c-47d7-bf7f-e36e5b3e7b36
2019-10-12 10:21:45,933 [RatisPipelineUtilsThread] INFO  pipeline.RatisPipelineProvider (RatisPipelineProvider.java:lambda$create$4(163)) - Send pipeline:PipelineID=a3e1016a-a9fb-441a-ae57-76af3572c800 create command to datanode f555cbac-5274-466e-9328-20197bae6a01
2019-10-12 10:21:46,015 [main] INFO  ozone.MiniOzoneClusterImpl (MiniOzoneClusterImpl.java:lambda$waitForClusterToBeReady$0(149)) - Waiting for nodes to be ready. Got 6 of 7 DN Heartbeats.
2019-10-12 10:21:46,015 [main] INFO  ozone.MiniOzoneClusterImpl (MiniOzoneClusterImpl.java:lambda$waitForClusterToBeReady$0(152)) - Waiting for cluster to exit safe mode
2019-10-12 10:21:46,016 [IPC Server handler 1 on 38441] INFO  net.NetworkTopology (NetworkTopologyImpl.java:add(111)) - Added a new node: /default-rack/d147de71-dabc-4e33-ade9-c1697c33eae6
2019-10-12 10:21:46,016 [RatisPipelineUtilsThread] INFO  pipeline.RatisPipelineProvider (RatisPipelineProvider.java:lambda$create$4(163)) - Send pipeline:PipelineID=b47d3e04-eb08-444b-aad7-e487bfaa822f create command to datanode d147de71-dabc-4e33-ade9-c1697c33eae6
2019-10-12 10:21:46,016 [IPC Server handler 1 on 38441] INFO  node.SCMNodeManager (SCMNodeManager.java:register(268)) - Registered Data node : d147de71-dabc-4e33-ade9-c1697c33eae6{ip: 192.168.5.134, host: pr-hdds-2034-qjlc4-3656631144, networkLocation: /default-rack, certSerialId: null}
2019-10-12 10:21:46,016 [EventQueue-NodeRegistrationContainerReportForContainerSafeModeRule] INFO  safemode.SCMSafeModeManager (SCMSafeModeManager.java:validateSafeModeExitRules(174)) - ContainerSafeModeRule rule is successfully validated
2019-10-12 10:21:46,016 [EventQueue-NodeRegistrationContainerReportForDataNodeSafeModeRule] INFO  safemode.SCMSafeModeManager (SCMSafeModeManager.java:validateSafeModeExitRules(174)) - DataNodeSafeModeRule rule is successfully validated
2019-10-12 10:21:47,016 [main] INFO  ozone.MiniOzoneClusterImpl (MiniOzoneClusterImpl.java:lambda$waitForClusterToBeReady$0(149)) - Nodes are ready. Got 7 of 7 DN Heartbeats.
2019-10-12 10:21:47,016 [main] INFO  ozone.MiniOzoneClusterImpl (MiniOzoneClusterImpl.java:lambda$waitForClusterToBeReady$0(152)) - Waiting for cluster to exit safe mode
2019-10-12 10:21:48,017 [main] INFO  ozone.MiniOzoneClusterImpl (MiniOzoneClusterImpl.java:lambda$waitForClusterToBeReady$0(149)) - Nodes are ready. Got 7 of 7 DN Heartbeats.
2019-10-12 10:21:48,020 [main] INFO  ozone.MiniOzoneClusterImpl (MiniOzoneClusterImpl.java:lambda$waitForClusterToBeReady$0(152)) - Waiting for cluster to exit safe mode
2019-10-12 10:21:48,570 [Command processor thread] INFO  impl.RaftServerProxy (RaftServerProxy.java:addNew(89)) - 51deee32-efc8-49a8-a097-12875679bec7: addNew group-AAA020DB2DCE:[51deee32-efc8-49a8-a097-12875679bec7:192.168.5.134:35443] returns group-AAA020DB2DCE:java.util.concurrent.CompletableFuture@5d5d4329[Not completed]
2019-10-12 10:21:48,574 [pool-383-thread-1] INFO  impl.RaftServerImpl (RaftServerImpl.java:<init>(95)) - 51deee32-efc8-49a8-a097-12875679bec7: new RaftServerImpl for group-AAA020DB2DCE:[51deee32-efc8-49a8-a097-12875679bec7:192.168.5.134:35443] with ContainerStateMachine:uninitialized
2019-10-12 10:21:48,574 [pool-383-thread-1] INFO  server.RaftServerConfigKeys (ConfUtils.java:logGet(43)) - raft.server.rpc.timeout.min = 5s (custom)
2019-10-12 10:21:48,575 [pool-383-thread-1] INFO  server.RaftServerConfigKeys (ConfUtils.java:logGet(43)) - raft.server.rpc.timeout.max = 5200ms (custom)
2019-10-12 10:21:48,575 [pool-383-thread-1] INFO  server.RaftServerConfigKeys (ConfUtils.java:logGet(43)) - raft.server.rpcslowness.timeout = 120s (custom)
2019-10-12 10:21:48,575 [pool-383-thread-1] INFO  server.RaftServerConfigKeys (ConfUtils.java:logGet(43)) - raft.server.sleep.deviation.threshold = 300 (default)
2019-10-12 10:21:48,575 [pool-383-thread-1] INFO  server.RaftServerConfigKeys (ConfUtils.java:logGet(43)) - raft.server.log.appender.install.snapshot.enabled = false (custom)
2019-10-12 10:21:48,576 [pool-383-thread-1] INFO  impl.RaftServerImpl (ServerState.java:<init>(103)) - 51deee32-efc8-49a8-a097-12875679bec7@group-AAA020DB2DCE: ConfigurationManager, init=-1: [51deee32-efc8-49a8-a097-12875679bec7:192.168.5.134:35443], old=null, confs=<EMPTY_MAP>
2019-10-12 10:21:48,576 [pool-383-thread-1] INFO  server.RaftServerConfigKeys (ConfUtils.java:logGet(43)) - raft.server.storage.dir = [/workdir/hadoop-ozone/integration-test/target/test-dir/MiniOzoneClusterImpl-f9931351-52ec-4503-b9cc-8bf63e1cd39f/datanode-0/data/ratis] (custom)
2019-10-12 10:21:48,577 [pool-383-thread-1] INFO  server.RaftServerConfigKeys (ConfUtils.java:logGet(43)) - raft.server.log.corruption.policy = EXCEPTION (default)
2019-10-12 10:21:48,577 [pool-383-thread-1] INFO  storage.RaftStorageDirectory (RaftStorageDirectory.java:analyzeStorage(246)) - The storage directory /workdir/hadoop-ozone/integration-test/target/test-dir/MiniOzoneClusterImpl-f9931351-52ec-4503-b9cc-8bf63e1cd39f/datanode-0/data/ratis/2777541f-f33b-4373-8902-aaa020db2dce does not exist. Creating ...
2019-10-12 10:21:48,591 [pool-383-thread-1] INFO  storage.RaftStorageDirectory (RaftStorageDirectory.java:tryLock(328)) - Lock on /workdir/hadoop-ozone/integration-test/target/test-dir/MiniOzoneClusterImpl-f9931351-52ec-4503-b9cc-8bf63e1cd39f/datanode-0/data/ratis/2777541f-f33b-4373-8902-aaa020db2dce/in_use.lock acquired by nodename 23782@pr-hdds-2034-qjlc4-3656631144
2019-10-12 10:21:48,604 [pool-383-thread-1] INFO  storage.RaftStorage (RaftStorage.java:format(84)) - Storage directory /workdir/hadoop-ozone/integration-test/target/test-dir/MiniOzoneClusterImpl-f9931351-52ec-4503-b9cc-8bf63e1cd39f/datanode-0/data/ratis/2777541f-f33b-4373-8902-aaa020db2dce has been successfully formatted.
2019-10-12 10:21:48,605 [pool-383-thread-1] INFO  ratis.ContainerStateMachine (ContainerStateMachine.java:loadSnapshot(231)) - group-AAA020DB2DCE: The snapshot info is null. Setting the last applied indexto:(t:0, i:~)
2019-10-12 10:21:48,605 [pool-383-thread-1] INFO  server.RaftServerConfigKeys (ConfUtils.java:logGet(43)) - raft.server.notification.no-leader.timeout = 120s (custom)
2019-10-12 10:21:48,605 [pool-383-thread-1] INFO  server.RaftServerConfigKeys (ConfUtils.java:logGet(43)) - raft.server.log.use.memory = false (default)
2019-10-12 10:21:48,605 [pool-383-thread-1] INFO  server.RaftServerConfigKeys (ConfUtils.java:logGet(43)) - raft.server.log.purge.gap = 1000000 (custom)
2019-10-12 10:21:48,606 [pool-383-thread-1] INFO  server.RaftServerConfigKeys (ConfUtils.java:logGet(43)) - raft.server.log.appender.buffer.byte-limit = 33554432 (custom)
2019-10-12 10:21:48,606 [pool-383-thread-1] INFO  server.RaftServerConfigKeys (ConfUtils.java:logGet(43)) - raft.server.log.segment.size.max = 1048576 (custom)
2019-10-12 10:21:48,609 [pool-383-thread-1] INFO  server.RaftServerConfigKeys (ConfUtils.java:logGet(43)) - raft.server.log.segment.cache.num.max = 2 (custom)
2019-10-12 10:21:48,609 [pool-383-thread-1] INFO  segmented.SegmentedRaftLogWorker (SegmentedRaftLogWorker.java:<init>(173)) - new 51deee32-efc8-49a8-a097-12875679bec7@group-AAA020DB2DCE-SegmentedRaftLogWorker for RaftStorage:Storage Directory /workdir/hadoop-ozone/integration-test/target/test-dir/MiniOzoneClusterImpl-f9931351-52ec-4503-b9cc-8bf63e1cd39f/datanode-0/data/ratis/2777541f-f33b-4373-8902-aaa020db2dce
2019-10-12 10:21:48,609 [pool-383-thread-1] INFO  server.RaftServerConfigKeys (ConfUtils.java:logGet(43)) - raft.server.log.queue.byte-limit = 2147483647 (custom)
2019-10-12 10:21:48,609 [pool-383-thread-1] INFO  server.RaftServerConfigKeys (ConfUtils.java:logGet(43)) - raft.server.log.queue.element-limit = 1024 (custom)
2019-10-12 10:21:48,609 [pool-383-thread-1] INFO  server.RaftServerConfigKeys (ConfUtils.java:logGet(43)) - raft.server.log.segment.size.max = 1048576 (custom)
2019-10-12 10:21:48,610 [pool-383-thread-1] INFO  server.RaftServerConfigKeys (ConfUtils.java:logGet(43)) - raft.server.log.preallocated.size = 16384 (custom)
2019-10-12 10:21:48,610 [pool-383-thread-1] INFO  server.RaftServerConfigKeys (ConfUtils.java:logGet(43)) - raft.server.log.write.buffer.size = 33554432 (custom)
2019-10-12 10:21:48,610 [pool-383-thread-1] INFO  server.RaftServerConfigKeys (ConfUtils.java:logGet(43)) - raft.server.log.force.sync.num = 128 (default)
2019-10-12 10:21:48,610 [pool-383-thread-1] INFO  server.RaftServerConfigKeys (ConfUtils.java:logGet(43)) - raft.server.log.statemachine.data.sync = true (default)
2019-10-12 10:21:48,610 [pool-383-thread-1] INFO  server.RaftServerConfigKeys (ConfUtils.java:logGet(43)) - raft.server.log.statemachine.data.sync.timeout = 10s (default)
2019-10-12 10:21:48,610 [pool-383-thread-1] INFO  server.RaftServerConfigKeys (ConfUtils.java:logGet(43)) - raft.server.log.statemachine.data.sync.timeout.retry = -1 (default)
2019-10-12 10:21:48,611 [pool-383-thread-1] INFO  server.RaftServerConfigKeys (ConfUtils.java:logGet(43)) - raft.server.log.statemachine.data.caching.enabled = true (custom)
2019-10-12 10:21:48,612 [pool-383-thread-1] INFO  segmented.SegmentedRaftLogWorker (SegmentedRaftLogWorker.java:lambda$new$0(128)) - 51deee32-efc8-49a8-a097-12875679bec7@group-AAA020DB2DCE-SegmentedRaftLogWorker: flushIndex: setUnconditionally 0 -> -1
2019-10-12 10:21:48,612 [pool-383-thread-1] INFO  server.RaftServerConfigKeys (ConfUtils.java:logGet(43)) - raft.server.snapshot.auto.trigger.enabled = true (custom)
2019-10-12 10:21:48,613 [pool-383-thread-1] INFO  server.RaftServerConfigKeys (ConfUtils.java:logGet(43)) - raft.server.snapshot.auto.trigger.threshold = 10000 (custom)
2019-10-12 10:21:48,613 [pool-383-thread-1] INFO  server.RaftServerConfigKeys (ConfUtils.java:logGet(43)) - raft.server.snapshot.retention.file.num = 5 (custom)
2019-10-12 10:21:48,613 [pool-383-thread-1] INFO  server.RaftServerConfigKeys (ConfUtils.java:logGet(43)) - raft.server.retrycache.expirytime = 600000ms (custom)
2019-10-12 10:21:48,615 [pool-383-thread-1] INFO  impl.RaftServerImpl (RaftServerImpl.java:start(181)) - 51deee32-efc8-49a8-a097-12875679bec7@group-AAA020DB2DCE: start as a follower, conf=-1: [51deee32-efc8-49a8-a097-12875679bec7:192.168.5.134:35443], old=null
2019-10-12 10:21:48,615 [pool-383-thread-1] INFO  impl.RaftServerImpl (RaftServerImpl.java:setRole(170)) - 51deee32-efc8-49a8-a097-12875679bec7@group-AAA020DB2DCE: changes role from      null to FOLLOWER at term 0 for startAsFollower
2019-10-12 10:21:48,616 [pool-383-thread-1] INFO  impl.RoleInfo (RoleInfo.java:updateAndGet(143)) - 51deee32-efc8-49a8-a097-12875679bec7: start FollowerState
2019-10-12 10:21:48,616 [pool-383-thread-1] INFO  util.JmxRegister (JmxRegister.java:tryRegister(44)) - Successfully registered JMX Bean with object name Ratis:service=RaftServer,group=group-AAA020DB2DCE,id=51deee32-efc8-49a8-a097-12875679bec7
2019-10-12 10:21:48,619 [Command processor thread] INFO  commandhandler.CreatePipelineCommandHandler (CreatePipelineCommandHandler.java:handle(86)) - Create Pipeline RATIS ONE #id: "2777541f-f33b-4373-8902-aaa020db2dce"
 command succeed on datanode 51deee32-efc8-49a8-a097-12875679bec7.
2019-10-12 10:21:48,624 [Command processor thread] INFO  impl.RaftServerProxy (RaftServerProxy.java:addNew(89)) - 51deee32-efc8-49a8-a097-12875679bec7: addNew group-6674C1167E0C:[90ad4614-55d2-4680-b42d-d3edb0fdc15d:192.168.5.134:43140, 51deee32-efc8-49a8-a097-12875679bec7:192.168.5.134:35443, cf91553c-1d08-47b5-9609-e12b61a10915:192.168.5.134:42337] returns group-6674C1167E0C:java.util.concurrent.CompletableFuture@5962dc5a[Not completed]
2019-10-12 10:21:48,625 [EventQueue-PipelineReportForPipelineReportHandler] INFO  pipeline.PipelineReportHandler (PipelineReportHandler.java:processPipelineReport(104)) - Pipeline ONE PipelineID=2777541f-f33b-4373-8902-aaa020db2dce reported by 51deee32-efc8-49a8-a097-12875679bec7{ip: 192.168.5.134, host: pr-hdds-2034-qjlc4-3656631144, networkLocation: /default-rack, certSerialId: null}
2019-10-12 10:21:48,625 [pool-383-thread-1] INFO  impl.RaftServerImpl (RaftServerImpl.java:<init>(95)) - 51deee32-efc8-49a8-a097-12875679bec7: new RaftServerImpl for group-6674C1167E0C:[90ad4614-55d2-4680-b42d-d3edb0fdc15d:192.168.5.134:43140, 51deee32-efc8-49a8-a097-12875679bec7:192.168.5.134:35443, cf91553c-1d08-47b5-9609-e12b61a10915:192.168.5.134:42337] with ContainerStateMachine:uninitialized
2019-10-12 10:21:48,625 [EventQueue-PipelineReportForPipelineReportHandler] INFO  pipeline.PipelineStateManager (PipelineStateManager.java:openPipeline(134)) - Pipeline Pipeline[ Id: 2777541f-f33b-4373-8902-aaa020db2dce, Nodes: 51deee32-efc8-49a8-a097-12875679bec7{ip: 192.168.5.134, host: pr-hdds-2034-qjlc4-3656631144, networkLocation: /default-rack, certSerialId: null}, Type:RATIS, Factor:ONE, State:ALLOCATED] moved to OPEN state
2019-10-12 10:21:48,625 [pool-383-thread-1] INFO  server.RaftServerConfigKeys (ConfUtils.java:logGet(43)) - raft.server.rpc.timeout.min = 5s (custom)
2019-10-12 10:21:48,629 [Command processor thread] INFO  impl.RaftServerProxy (RaftServerProxy.java:addNew(89)) - 90ad4614-55d2-4680-b42d-d3edb0fdc15d: addNew group-1CD9C17C571D:[90ad4614-55d2-4680-b42d-d3edb0fdc15d:192.168.5.134:43140] returns group-1CD9C17C571D:java.util.concurrent.CompletableFuture@77862864[Not completed]
2019-10-12 10:21:48,629 [pool-383-thread-1] INFO  server.RaftServerConfigKeys (ConfUtils.java:logGet(43)) - raft.server.rpc.timeout.max = 5200ms (custom)
2019-10-12 10:21:48,632 [pool-383-thread-1] INFO  server.RaftServerConfigKeys (ConfUtils.java:logGet(43)) - raft.server.rpcslowness.timeout = 120s (custom)
2019-10-12 10:21:48,632 [pool-383-thread-1] INFO  server.RaftServerConfigKeys (ConfUtils.java:logGet(43)) - raft.server.sleep.deviation.threshold = 300 (default)
2019-10-12 10:21:48,632 [pool-383-thread-1] INFO  server.RaftServerConfigKeys (ConfUtils.java:logGet(43)) - raft.server.log.appender.install.snapshot.enabled = false (custom)
2019-10-12 10:21:48,633 [EventQueue-OpenPipelineForOneReplicaPipelineSafeModeRule] INFO  safemode.SCMSafeModeManager (SCMSafeModeManager.java:validateSafeModeExitRules(174)) - AtleastOneDatanodeReportedRule rule is successfully validated
2019-10-12 10:21:48,633 [pool-393-thread-1] INFO  impl.RaftServerImpl (RaftServerImpl.java:<init>(95)) - 90ad4614-55d2-4680-b42d-d3edb0fdc15d: new RaftServerImpl for group-1CD9C17C571D:[90ad4614-55d2-4680-b42d-d3edb0fdc15d:192.168.5.134:43140] with ContainerStateMachine:uninitialized
2019-10-12 10:21:48,632 [EventQueue-OpenPipelineForHealthyPipelineSafeModeRule] INFO  safemode.SCMSafeModeManager (HealthyPipelineSafeModeRule.java:process(122)) - SCM in safe mode. Healthy pipelines reported count is 1, required healthy pipeline reported count is 1
2019-10-12 10:21:48,633 [pool-393-thread-1] INFO  server.RaftServerConfigKeys (ConfUtils.java:logGet(43)) - raft.server.rpc.timeout.min = 5s (custom)
2019-10-12 10:21:48,633 [pool-383-thread-1] INFO  impl.RaftServerImpl (ServerState.java:<init>(103)) - 51deee32-efc8-49a8-a097-12875679bec7@group-6674C1167E0C: ConfigurationManager, init=-1: [90ad4614-55d2-4680-b42d-d3edb0fdc15d:192.168.5.134:43140, 51deee32-efc8-49a8-a097-12875679bec7:192.168.5.134:35443, cf91553c-1d08-47b5-9609-e12b61a10915:192.168.5.134:42337], old=null, confs=<EMPTY_MAP>
2019-10-12 10:21:48,633 [pool-393-thread-1] INFO  server.RaftServerConfigKeys (ConfUtils.java:logGet(43)) - raft.server.rpc.timeout.max = 5200ms (custom)
2019-10-12 10:21:48,633 [EventQueue-OpenPipelineForHealthyPipelineSafeModeRule] INFO  safemode.SCMSafeModeManager (SCMSafeModeManager.java:validateSafeModeExitRules(174)) - HealthyPipelineSafeModeRule rule is successfully validated
2019-10-12 10:21:48,634 [EventQueue-OpenPipelineForHealthyPipelineSafeModeRule] INFO  safemode.SCMSafeModeManager (SCMSafeModeManager.java:validateSafeModeExitRules(183)) - ScmSafeModeManager, all rules are successfully validated
2019-10-12 10:21:48,634 [pool-393-thread-1] INFO  server.RaftServerConfigKeys (ConfUtils.java:logGet(43)) - raft.server.rpcslowness.timeout = 120s (custom)
2019-10-12 10:21:48,634 [pool-383-thread-1] INFO  server.RaftServerConfigKeys (ConfUtils.java:logGet(43)) - raft.server.storage.dir = [/workdir/hadoop-ozone/integration-test/target/test-dir/MiniOzoneClusterImpl-f9931351-52ec-4503-b9cc-8bf63e1cd39f/datanode-0/data/ratis] (custom)
2019-10-12 10:21:48,634 [pool-393-thread-1] INFO  server.RaftServerConfigKeys (ConfUtils.java:logGet(43)) - raft.server.sleep.deviation.threshold = 300 (default)
2019-10-12 10:21:48,634 [pool-393-thread-1] INFO  server.RaftServerConfigKeys (ConfUtils.java:logGet(43)) - raft.server.log.appender.install.snapshot.enabled = false (custom)
2019-10-12 10:21:48,634 [pool-383-thread-1] INFO  server.RaftServerConfigKeys (ConfUtils.java:logGet(43)) - raft.server.log.corruption.policy = EXCEPTION (default)
2019-10-12 10:21:48,634 [pool-393-thread-1] INFO  impl.RaftServerImpl (ServerState.java:<init>(103)) - 90ad4614-55d2-4680-b42d-d3edb0fdc15d@group-1CD9C17C571D: ConfigurationManager, init=-1: [90ad4614-55d2-4680-b42d-d3edb0fdc15d:192.168.5.134:43140], old=null, confs=<EMPTY_MAP>
2019-10-12 10:21:48,635 [pool-383-thread-1] INFO  storage.RaftStorageDirectory (RaftStorageDirectory.java:analyzeStorage(246)) - The storage directory /workdir/hadoop-ozone/integration-test/target/test-dir/MiniOzoneClusterImpl-f9931351-52ec-4503-b9cc-8bf63e1cd39f/datanode-0/data/ratis/67e912d9-b5da-47e3-b225-6674c1167e0c does not exist. Creating ...
2019-10-12 10:21:48,635 [pool-393-thread-1] INFO  server.RaftServerConfigKeys (ConfUtils.java:logGet(43)) - raft.server.storage.dir = [/workdir/hadoop-ozone/integration-test/target/test-dir/MiniOzoneClusterImpl-f9931351-52ec-4503-b9cc-8bf63e1cd39f/datanode-1/data/ratis] (custom)
2019-10-12 10:21:48,635 [pool-393-thread-1] INFO  server.RaftServerConfigKeys (ConfUtils.java:logGet(43)) - raft.server.log.corruption.policy = EXCEPTION (default)
2019-10-12 10:21:48,635 [pool-393-thread-1] INFO  storage.RaftStorageDirectory (RaftStorageDirectory.java:analyzeStorage(246)) - The storage directory /workdir/hadoop-ozone/integration-test/target/test-dir/MiniOzoneClusterImpl-f9931351-52ec-4503-b9cc-8bf63e1cd39f/datanode-1/data/ratis/d19d50e9-f4e7-4819-922a-1cd9c17c571d does not exist. Creating ...
2019-10-12 10:21:48,648 [pool-393-thread-1] INFO  storage.RaftStorageDirectory (RaftStorageDirectory.java:tryLock(328)) - Lock on /workdir/hadoop-ozone/integration-test/target/test-dir/MiniOzoneClusterImpl-f9931351-52ec-4503-b9cc-8bf63e1cd39f/datanode-1/data/ratis/d19d50e9-f4e7-4819-922a-1cd9c17c571d/in_use.lock acquired by nodename 23782@pr-hdds-2034-qjlc4-3656631144
2019-10-12 10:21:48,648 [pool-383-thread-1] INFO  storage.RaftStorageDirectory (RaftStorageDirectory.java:tryLock(328)) - Lock on /workdir/hadoop-ozone/integration-test/target/test-dir/MiniOzoneClusterImpl-f9931351-52ec-4503-b9cc-8bf63e1cd39f/datanode-0/data/ratis/67e912d9-b5da-47e3-b225-6674c1167e0c/in_use.lock acquired by nodename 23782@pr-hdds-2034-qjlc4-3656631144
2019-10-12 10:21:48,694 [Command processor thread] INFO  impl.RaftServerProxy (RaftServerProxy.java:addNew(89)) - cf91553c-1d08-47b5-9609-e12b61a10915: addNew group-A1D7D66D0A22:[cf91553c-1d08-47b5-9609-e12b61a10915:192.168.5.134:42337] returns group-A1D7D66D0A22:java.util.concurrent.CompletableFuture@b576db6[Not completed]
2019-10-12 10:21:48,695 [pool-393-thread-1] INFO  storage.RaftStorage (RaftStorage.java:format(84)) - Storage directory /workdir/hadoop-ozone/integration-test/target/test-dir/MiniOzoneClusterImpl-f9931351-52ec-4503-b9cc-8bf63e1cd39f/datanode-1/data/ratis/d19d50e9-f4e7-4819-922a-1cd9c17c571d has been successfully formatted.
2019-10-12 10:21:48,695 [pool-383-thread-1] INFO  storage.RaftStorage (RaftStorage.java:format(84)) - Storage directory /workdir/hadoop-ozone/integration-test/target/test-dir/MiniOzoneClusterImpl-f9931351-52ec-4503-b9cc-8bf63e1cd39f/datanode-0/data/ratis/67e912d9-b5da-47e3-b225-6674c1167e0c has been successfully formatted.
2019-10-12 10:21:48,695 [pool-403-thread-1] INFO  impl.RaftServerImpl (RaftServerImpl.java:<init>(95)) - cf91553c-1d08-47b5-9609-e12b61a10915: new RaftServerImpl for group-A1D7D66D0A22:[cf91553c-1d08-47b5-9609-e12b61a10915:192.168.5.134:42337] with ContainerStateMachine:uninitialized
2019-10-12 10:21:48,695 [pool-393-thread-1] INFO  ratis.ContainerStateMachine (ContainerStateMachine.java:loadSnapshot(231)) - group-1CD9C17C571D: The snapshot info is null. Setting the last applied indexto:(t:0, i:~)
2019-10-12 10:21:48,696 [pool-403-thread-1] INFO  server.RaftServerConfigKeys (ConfUtils.java:logGet(43)) - raft.server.rpc.timeout.min = 5s (custom)
2019-10-12 10:21:48,696 [pool-383-thread-1] INFO  ratis.ContainerStateMachine (ContainerStateMachine.java:loadSnapshot(231)) - group-6674C1167E0C: The snapshot info is null. Setting the last applied indexto:(t:0, i:~)
2019-10-12 10:21:48,696 [pool-403-thread-1] INFO  server.RaftServerConfigKeys (ConfUtils.java:logGet(43)) - raft.server.rpc.timeout.max = 5200ms (custom)
2019-10-12 10:21:48,696 [pool-393-thread-1] INFO  server.RaftServerConfigKeys (ConfUtils.java:logGet(43)) - raft.server.notification.no-leader.timeout = 120s (custom)
2019-10-12 10:21:48,696 [pool-403-thread-1] INFO  server.RaftServerConfigKeys (ConfUtils.java:logGet(43)) - raft.server.rpcslowness.timeout = 120s (custom)
2019-10-12 10:21:48,696 [pool-383-thread-1] INFO  server.RaftServerConfigKeys (ConfUtils.java:logGet(43)) - raft.server.notification.no-leader.timeout = 120s (custom)
2019-10-12 10:21:48,697 [pool-403-thread-1] INFO  server.RaftServerConfigKeys (ConfUtils.java:logGet(43)) - raft.server.sleep.deviation.threshold = 300 (default)
2019-10-12 10:21:48,696 [pool-393-thread-1] INFO  server.RaftServerConfigKeys (ConfUtils.java:logGet(43)) - raft.server.log.use.memory = false (default)
2019-10-12 10:21:48,697 [pool-403-thread-1] INFO  server.RaftServerConfigKeys (ConfUtils.java:logGet(43)) - raft.server.log.appender.install.snapshot.enabled = false (custom)
2019-10-12 10:21:48,697 [pool-383-thread-1] INFO  server.RaftServerConfigKeys (ConfUtils.java:logGet(43)) - raft.server.log.use.memory = false (default)
2019-10-12 10:21:48,697 [pool-403-thread-1] INFO  impl.RaftServerImpl (ServerState.java:<init>(103)) - cf91553c-1d08-47b5-9609-e12b61a10915@group-A1D7D66D0A22: ConfigurationManager, init=-1: [cf91553c-1d08-47b5-9609-e12b61a10915:192.168.5.134:42337], old=null, confs=<EMPTY_MAP>
2019-10-12 10:21:48,697 [pool-393-thread-1] INFO  server.RaftServerConfigKeys (ConfUtils.java:logGet(43)) - raft.server.log.purge.gap = 1000000 (custom)
2019-10-12 10:21:48,698 [pool-403-thread-1] INFO  server.RaftServerConfigKeys (ConfUtils.java:logGet(43)) - raft.server.storage.dir = [/workdir/hadoop-ozone/integration-test/target/test-dir/MiniOzoneClusterImpl-f9931351-52ec-4503-b9cc-8bf63e1cd39f/datanode-2/data/ratis] (custom)
2019-10-12 10:21:48,697 [pool-383-thread-1] INFO  server.RaftServerConfigKeys (ConfUtils.java:logGet(43)) - raft.server.log.purge.gap = 1000000 (custom)
2019-10-12 10:21:48,698 [pool-403-thread-1] INFO  server.RaftServerConfigKeys (ConfUtils.java:logGet(43)) - raft.server.log.corruption.policy = EXCEPTION (default)
2019-10-12 10:21:48,698 [pool-393-thread-1] INFO  server.RaftServerConfigKeys (ConfUtils.java:logGet(43)) - raft.server.log.appender.buffer.byte-limit = 33554432 (custom)
2019-10-12 10:21:48,698 [pool-403-thread-1] INFO  storage.RaftStorageDirectory (RaftStorageDirectory.java:analyzeStorage(246)) - The storage directory /workdir/hadoop-ozone/integration-test/target/test-dir/MiniOzoneClusterImpl-f9931351-52ec-4503-b9cc-8bf63e1cd39f/datanode-2/data/ratis/fd193b79-8f66-4156-afa6-a1d7d66d0a22 does not exist. Creating ...
2019-10-12 10:21:48,698 [pool-383-thread-1] INFO  server.RaftServerConfigKeys (ConfUtils.java:logGet(43)) - raft.server.log.appender.buffer.byte-limit = 33554432 (custom)
2019-10-12 10:21:48,698 [pool-393-thread-1] INFO  server.RaftServerConfigKeys (ConfUtils.java:logGet(43)) - raft.server.log.segment.size.max = 1048576 (custom)
2019-10-12 10:21:48,699 [pool-383-thread-1] INFO  server.RaftServerConfigKeys (ConfUtils.java:logGet(43)) - raft.server.log.segment.size.max = 1048576 (custom)
2019-10-12 10:21:48,699 [pool-383-thread-1] INFO  server.RaftServerConfigKeys (ConfUtils.java:logGet(43)) - raft.server.log.segment.cache.num.max = 2 (custom)
2019-10-12 10:21:48,699 [pool-383-thread-1] INFO  segmented.SegmentedRaftLogWorker (SegmentedRaftLogWorker.java:<init>(173)) - new 51deee32-efc8-49a8-a097-12875679bec7@group-6674C1167E0C-SegmentedRaftLogWorker for RaftStorage:Storage Directory /workdir/hadoop-ozone/integration-test/target/test-dir/MiniOzoneClusterImpl-f9931351-52ec-4503-b9cc-8bf63e1cd39f/datanode-0/data/ratis/67e912d9-b5da-47e3-b225-6674c1167e0c
2019-10-12 10:21:48,700 [pool-383-thread-1] INFO  server.RaftServerConfigKeys (ConfUtils.java:logGet(43)) - raft.server.log.queue.byte-limit = 2147483647 (custom)
2019-10-12 10:21:48,700 [pool-383-thread-1] INFO  server.RaftServerConfigKeys (ConfUtils.java:logGet(43)) - raft.server.log.queue.element-limit = 1024 (custom)
2019-10-12 10:21:48,700 [pool-383-thread-1] INFO  server.RaftServerConfigKeys (ConfUtils.java:logGet(43)) - raft.server.log.segment.size.max = 1048576 (custom)
2019-10-12 10:21:48,700 [pool-383-thread-1] INFO  server.RaftServerConfigKeys (ConfUtils.java:logGet(43)) - raft.server.log.preallocated.size = 16384 (custom)
2019-10-12 10:21:48,700 [pool-383-thread-1] INFO  server.RaftServerConfigKeys (ConfUtils.java:logGet(43)) - raft.server.log.write.buffer.size = 33554432 (custom)
2019-10-12 10:21:48,700 [pool-383-thread-1] INFO  server.RaftServerConfigKeys (ConfUtils.java:logGet(43)) - raft.server.log.force.sync.num = 128 (default)
2019-10-12 10:21:48,700 [pool-383-thread-1] INFO  server.RaftServerConfigKeys (ConfUtils.java:logGet(43)) - raft.server.log.statemachine.data.sync = true (default)
2019-10-12 10:21:48,701 [pool-383-thread-1] INFO  server.RaftServerConfigKeys (ConfUtils.java:logGet(43)) - raft.server.log.statemachine.data.sync.timeout = 10s (default)
2019-10-12 10:21:48,701 [pool-393-thread-1] INFO  server.RaftServerConfigKeys (ConfUtils.java:logGet(43)) - raft.server.log.segment.cache.num.max = 2 (custom)
2019-10-12 10:21:48,701 [pool-383-thread-1] INFO  server.RaftServerConfigKeys (ConfUtils.java:logGet(43)) - raft.server.log.statemachine.data.sync.timeout.retry = -1 (default)
2019-10-12 10:21:48,701 [pool-393-thread-1] INFO  segmented.SegmentedRaftLogWorker (SegmentedRaftLogWorker.java:<init>(173)) - new 90ad4614-55d2-4680-b42d-d3edb0fdc15d@group-1CD9C17C571D-SegmentedRaftLogWorker for RaftStorage:Storage Directory /workdir/hadoop-ozone/integration-test/target/test-dir/MiniOzoneClusterImpl-f9931351-52ec-4503-b9cc-8bf63e1cd39f/datanode-1/data/ratis/d19d50e9-f4e7-4819-922a-1cd9c17c571d
2019-10-12 10:21:48,701 [pool-383-thread-1] INFO  server.RaftServerConfigKeys (ConfUtils.java:logGet(43)) - raft.server.log.statemachine.data.caching.enabled = true (custom)
2019-10-12 10:21:48,701 [pool-393-thread-1] INFO  server.RaftServerConfigKeys (ConfUtils.java:logGet(43)) - raft.server.log.queue.byte-limit = 2147483647 (custom)
2019-10-12 10:21:48,702 [pool-393-thread-1] INFO  server.RaftServerConfigKeys (ConfUtils.java:logGet(43)) - raft.server.log.queue.element-limit = 1024 (custom)
2019-10-12 10:21:48,702 [pool-383-thread-1] INFO  segmented.SegmentedRaftLogWorker (SegmentedRaftLogWorker.java:lambda$new$0(128)) - 51deee32-efc8-49a8-a097-12875679bec7@group-6674C1167E0C-SegmentedRaftLogWorker: flushIndex: setUnconditionally 0 -> -1
2019-10-12 10:21:48,702 [pool-393-thread-1] INFO  server.RaftServerConfigKeys (ConfUtils.java:logGet(43)) - raft.server.log.segment.size.max = 1048576 (custom)
2019-10-12 10:21:48,702 [pool-393-thread-1] INFO  server.RaftServerConfigKeys (ConfUtils.java:logGet(43)) - raft.server.log.preallocated.size = 16384 (custom)
2019-10-12 10:21:48,702 [pool-383-thread-1] INFO  server.RaftServerConfigKeys (ConfUtils.java:logGet(43)) - raft.server.snapshot.auto.trigger.enabled = true (custom)
2019-10-12 10:21:48,702 [pool-393-thread-1] INFO  server.RaftServerConfigKeys (ConfUtils.java:logGet(43)) - raft.server.log.write.buffer.size = 33554432 (custom)
2019-10-12 10:21:48,702 [pool-383-thread-1] INFO  server.RaftServerConfigKeys (ConfUtils.java:logGet(43)) - raft.server.snapshot.auto.trigger.threshold = 10000 (custom)
2019-10-12 10:21:48,702 [pool-393-thread-1] INFO  server.RaftServerConfigKeys (ConfUtils.java:logGet(43)) - raft.server.log.force.sync.num = 128 (default)
2019-10-12 10:21:48,703 [pool-383-thread-1] INFO  server.RaftServerConfigKeys (ConfUtils.java:logGet(43)) - raft.server.snapshot.retention.file.num = 5 (custom)
2019-10-12 10:21:48,703 [pool-393-thread-1] INFO  server.RaftServerConfigKeys (ConfUtils.java:logGet(43)) - raft.server.log.statemachine.data.sync = true (default)
2019-10-12 10:21:48,703 [pool-403-thread-1] INFO  storage.RaftStorageDirectory (RaftStorageDirectory.java:tryLock(328)) - Lock on /workdir/hadoop-ozone/integration-test/target/test-dir/MiniOzoneClusterImpl-f9931351-52ec-4503-b9cc-8bf63e1cd39f/datanode-2/data/ratis/fd193b79-8f66-4156-afa6-a1d7d66d0a22/in_use.lock acquired by nodename 23782@pr-hdds-2034-qjlc4-3656631144
2019-10-12 10:21:48,703 [pool-383-thread-1] INFO  server.RaftServerConfigKeys (ConfUtils.java:logGet(43)) - raft.server.retrycache.expirytime = 600000ms (custom)
2019-10-12 10:21:48,703 [pool-393-thread-1] INFO  server.RaftServerConfigKeys (ConfUtils.java:logGet(43)) - raft.server.log.statemachine.data.sync.timeout = 10s (default)
2019-10-12 10:21:48,703 [pool-393-thread-1] INFO  server.RaftServerConfigKeys (ConfUtils.java:logGet(43)) - raft.server.log.statemachine.data.sync.timeout.retry = -1 (default)
2019-10-12 10:21:48,704 [pool-393-thread-1] INFO  server.RaftServerConfigKeys (ConfUtils.java:logGet(43)) - raft.server.log.statemachine.data.caching.enabled = true (custom)
2019-10-12 10:21:48,704 [pool-393-thread-1] INFO  segmented.SegmentedRaftLogWorker (SegmentedRaftLogWorker.java:lambda$new$0(128)) - 90ad4614-55d2-4680-b42d-d3edb0fdc15d@group-1CD9C17C571D-SegmentedRaftLogWorker: flushIndex: setUnconditionally 0 -> -1
2019-10-12 10:21:48,705 [pool-393-thread-1] INFO  server.RaftServerConfigKeys (ConfUtils.java:logGet(43)) - raft.server.snapshot.auto.trigger.enabled = true (custom)
2019-10-12 10:21:48,705 [pool-393-thread-1] INFO  server.RaftServerConfigKeys (ConfUtils.java:logGet(43)) - raft.server.snapshot.auto.trigger.threshold = 10000 (custom)
2019-10-12 10:21:48,705 [pool-393-thread-1] INFO  server.RaftServerConfigKeys (ConfUtils.java:logGet(43)) - raft.server.snapshot.retention.file.num = 5 (custom)
2019-10-12 10:21:48,705 [pool-393-thread-1] INFO  server.RaftServerConfigKeys (ConfUtils.java:logGet(43)) - raft.server.retrycache.expirytime = 600000ms (custom)
2019-10-12 10:21:48,705 [pool-383-thread-1] INFO  impl.RaftServerImpl (RaftServerImpl.java:start(181)) - 51deee32-efc8-49a8-a097-12875679bec7@group-6674C1167E0C: start as a follower, conf=-1: [90ad4614-55d2-4680-b42d-d3edb0fdc15d:192.168.5.134:43140, 51deee32-efc8-49a8-a097-12875679bec7:192.168.5.134:35443, cf91553c-1d08-47b5-9609-e12b61a10915:192.168.5.134:42337], old=null
2019-10-12 10:21:48,705 [pool-383-thread-1] INFO  impl.RaftServerImpl (RaftServerImpl.java:setRole(170)) - 51deee32-efc8-49a8-a097-12875679bec7@group-6674C1167E0C: changes role from      null to FOLLOWER at term 0 for startAsFollower
2019-10-12 10:21:48,705 [pool-383-thread-1] INFO  impl.RoleInfo (RoleInfo.java:updateAndGet(143)) - 51deee32-efc8-49a8-a097-12875679bec7: start FollowerState
2019-10-12 10:21:48,706 [pool-383-thread-1] INFO  util.JmxRegister (JmxRegister.java:tryRegister(44)) - Successfully registered JMX Bean with object name Ratis:service=RaftServer,group=group-6674C1167E0C,id=51deee32-efc8-49a8-a097-12875679bec7
2019-10-12 10:21:48,707 [pool-403-thread-1] INFO  storage.RaftStorage (RaftStorage.java:format(84)) - Storage directory /workdir/hadoop-ozone/integration-test/target/test-dir/MiniOzoneClusterImpl-f9931351-52ec-4503-b9cc-8bf63e1cd39f/datanode-2/data/ratis/fd193b79-8f66-4156-afa6-a1d7d66d0a22 has been successfully formatted.
2019-10-12 10:21:48,707 [pool-403-thread-1] INFO  ratis.ContainerStateMachine (ContainerStateMachine.java:loadSnapshot(231)) - group-A1D7D66D0A22: The snapshot info is null. Setting the last applied indexto:(t:0, i:~)
2019-10-12 10:21:48,707 [pool-393-thread-1] INFO  impl.RaftServerImpl (RaftServerImpl.java:start(181)) - 90ad4614-55d2-4680-b42d-d3edb0fdc15d@group-1CD9C17C571D: start as a follower, conf=-1: [90ad4614-55d2-4680-b42d-d3edb0fdc15d:192.168.5.134:43140], old=null
2019-10-12 10:21:48,707 [pool-403-thread-1] INFO  server.RaftServerConfigKeys (ConfUtils.java:logGet(43)) - raft.server.notification.no-leader.timeout = 120s (custom)
2019-10-12 10:21:48,707 [pool-393-thread-1] INFO  impl.RaftServerImpl (RaftServerImpl.java:setRole(170)) - 90ad4614-55d2-4680-b42d-d3edb0fdc15d@group-1CD9C17C571D: changes role from      null to FOLLOWER at term 0 for startAsFollower
2019-10-12 10:21:48,708 [pool-403-thread-1] INFO  server.RaftServerConfigKeys (ConfUtils.java:logGet(43)) - raft.server.log.use.memory = false (default)
2019-10-12 10:21:48,708 [pool-393-thread-1] INFO  impl.RoleInfo (RoleInfo.java:updateAndGet(143)) - 90ad4614-55d2-4680-b42d-d3edb0fdc15d: start FollowerState
2019-10-12 10:21:48,708 [pool-403-thread-1] INFO  server.RaftServerConfigKeys (ConfUtils.java:logGet(43)) - raft.server.log.purge.gap = 1000000 (custom)
2019-10-12 10:21:48,708 [pool-403-thread-1] INFO  server.RaftServerConfigKeys (ConfUtils.java:logGet(43)) - raft.server.log.appender.buffer.byte-limit = 33554432 (custom)
2019-10-12 10:21:48,708 [pool-393-thread-1] INFO  util.JmxRegister (JmxRegister.java:tryRegister(44)) - Successfully registered JMX Bean with object name Ratis:service=RaftServer,group=group-1CD9C17C571D,id=90ad4614-55d2-4680-b42d-d3edb0fdc15d
2019-10-12 10:21:48,709 [pool-403-thread-1] INFO  server.RaftServerConfigKeys (ConfUtils.java:logGet(43)) - raft.server.log.segment.size.max = 1048576 (custom)
2019-10-12 10:21:48,709 [Command processor thread] INFO  commandhandler.CreatePipelineCommandHandler (CreatePipelineCommandHandler.java:handle(86)) - Create Pipeline RATIS THREE #id: "67e912d9-b5da-47e3-b225-6674c1167e0c"
 command succeed on datanode 51deee32-efc8-49a8-a097-12875679bec7.
2019-10-12 10:21:48,710 [EventQueue-PipelineReportForPipelineReportHandler] INFO  pipeline.PipelineReportHandler (PipelineReportHandler.java:processPipelineReport(104)) - Pipeline THREE PipelineID=67e912d9-b5da-47e3-b225-6674c1167e0c reported by 51deee32-efc8-49a8-a097-12875679bec7{ip: 192.168.5.134, host: pr-hdds-2034-qjlc4-3656631144, networkLocation: /default-rack, certSerialId: null}
2019-10-12 10:21:48,712 [pool-403-thread-1] INFO  server.RaftServerConfigKeys (ConfUtils.java:logGet(43)) - raft.server.log.segment.cache.num.max = 2 (custom)
2019-10-12 10:21:48,712 [Command processor thread] INFO  commandhandler.CreatePipelineCommandHandler (CreatePipelineCommandHandler.java:handle(86)) - Create Pipeline RATIS ONE #id: "d19d50e9-f4e7-4819-922a-1cd9c17c571d"
 command succeed on datanode 90ad4614-55d2-4680-b42d-d3edb0fdc15d.
2019-10-12 10:21:48,712 [pool-403-thread-1] INFO  segmented.SegmentedRaftLogWorker (SegmentedRaftLogWorker.java:<init>(173)) - new cf91553c-1d08-47b5-9609-e12b61a10915@group-A1D7D66D0A22-SegmentedRaftLogWorker for RaftStorage:Storage Directory /workdir/hadoop-ozone/integration-test/target/test-dir/MiniOzoneClusterImpl-f9931351-52ec-4503-b9cc-8bf63e1cd39f/datanode-2/data/ratis/fd193b79-8f66-4156-afa6-a1d7d66d0a22
2019-10-12 10:21:48,715 [pool-403-thread-1] INFO  server.RaftServerConfigKeys (ConfUtils.java:logGet(43)) - raft.server.log.queue.byte-limit = 2147483647 (custom)
2019-10-12 10:21:48,716 [pool-403-thread-1] INFO  server.RaftServerConfigKeys (ConfUtils.java:logGet(43)) - raft.server.log.queue.element-limit = 1024 (custom)
2019-10-12 10:21:48,716 [Command processor thread] INFO  impl.RaftServerProxy (RaftServerProxy.java:addNew(89)) - 90ad4614-55d2-4680-b42d-d3edb0fdc15d: addNew group-6674C1167E0C:[90ad4614-55d2-4680-b42d-d3edb0fdc15d:192.168.5.134:43140, 51deee32-efc8-49a8-a097-12875679bec7:192.168.5.134:35443, cf91553c-1d08-47b5-9609-e12b61a10915:192.168.5.134:42337] returns group-6674C1167E0C:java.util.concurrent.CompletableFuture@73b9b24c[Not completed]
2019-10-12 10:21:48,716 [pool-403-thread-1] INFO  server.RaftServerConfigKeys (ConfUtils.java:logGet(43)) - raft.server.log.segment.size.max = 1048576 (custom)
2019-10-12 10:21:48,716 [pool-403-thread-1] INFO  server.RaftServerConfigKeys (ConfUtils.java:logGet(43)) - raft.server.log.preallocated.size = 16384 (custom)
2019-10-12 10:21:48,716 [pool-403-thread-1] INFO  server.RaftServerConfigKeys (ConfUtils.java:logGet(43)) - raft.server.log.write.buffer.size = 33554432 (custom)
2019-10-12 10:21:48,716 [EventQueue-PipelineReportForPipelineReportHandler] INFO  pipeline.PipelineReportHandler (PipelineReportHandler.java:processPipelineReport(104)) - Pipeline ONE PipelineID=d19d50e9-f4e7-4819-922a-1cd9c17c571d reported by 90ad4614-55d2-4680-b42d-d3edb0fdc15d{ip: 192.168.5.134, host: pr-hdds-2034-qjlc4-3656631144, networkLocation: /default-rack, certSerialId: null}
2019-10-12 10:21:48,717 [pool-403-thread-1] INFO  server.RaftServerConfigKeys (ConfUtils.java:logGet(43)) - raft.server.log.force.sync.num = 128 (default)
2019-10-12 10:21:48,717 [EventQueue-PipelineReportForPipelineReportHandler] INFO  pipeline.PipelineStateManager (PipelineStateManager.java:openPipeline(134)) - Pipeline Pipeline[ Id: d19d50e9-f4e7-4819-922a-1cd9c17c571d, Nodes: 90ad4614-55d2-4680-b42d-d3edb0fdc15d{ip: 192.168.5.134, host: pr-hdds-2034-qjlc4-3656631144, networkLocation: /default-rack, certSerialId: null}, Type:RATIS, Factor:ONE, State:ALLOCATED] moved to OPEN state
2019-10-12 10:21:48,717 [pool-393-thread-1] INFO  impl.RaftServerImpl (RaftServerImpl.java:<init>(95)) - 90ad4614-55d2-4680-b42d-d3edb0fdc15d: new RaftServerImpl for group-6674C1167E0C:[90ad4614-55d2-4680-b42d-d3edb0fdc15d:192.168.5.134:43140, 51deee32-efc8-49a8-a097-12875679bec7:192.168.5.134:35443, cf91553c-1d08-47b5-9609-e12b61a10915:192.168.5.134:42337] with ContainerStateMachine:uninitialized
2019-10-12 10:21:48,717 [pool-403-thread-1] INFO  server.RaftServerConfigKeys (ConfUtils.java:logGet(43)) - raft.server.log.statemachine.data.sync = true (default)
2019-10-12 10:21:48,717 [pool-393-thread-1] INFO  server.RaftServerConfigKeys (ConfUtils.java:logGet(43)) - raft.server.rpc.timeout.min = 5s (custom)
2019-10-12 10:21:48,717 [pool-403-thread-1] INFO  server.RaftServerConfigKeys (ConfUtils.java:logGet(43)) - raft.server.log.statemachine.data.sync.timeout = 10s (default)
2019-10-12 10:21:48,718 [pool-393-thread-1] INFO  server.RaftServerConfigKeys (ConfUtils.java:logGet(43)) - raft.server.rpc.timeout.max = 5200ms (custom)
2019-10-12 10:21:48,718 [pool-403-thread-1] INFO  server.RaftServerConfigKeys (ConfUtils.java:logGet(43)) - raft.server.log.statemachine.data.sync.timeout.retry = -1 (default)
2019-10-12 10:21:48,718 [pool-393-thread-1] INFO  server.RaftServerConfigKeys (ConfUtils.java:logGet(43)) - raft.server.rpcslowness.timeout = 120s (custom)
2019-10-12 10:21:48,718 [pool-393-thread-1] INFO  server.RaftServerConfigKeys (ConfUtils.java:logGet(43)) - raft.server.sleep.deviation.threshold = 300 (default)
2019-10-12 10:21:48,718 [pool-393-thread-1] INFO  server.RaftServerConfigKeys (ConfUtils.java:logGet(43)) - raft.server.log.appender.install.snapshot.enabled = false (custom)
2019-10-12 10:21:48,718 [pool-403-thread-1] INFO  server.RaftServerConfigKeys (ConfUtils.java:logGet(43)) - raft.server.log.statemachine.data.caching.enabled = true (custom)
2019-10-12 10:21:48,718 [pool-393-thread-1] INFO  impl.RaftServerImpl (ServerState.java:<init>(103)) - 90ad4614-55d2-4680-b42d-d3edb0fdc15d@group-6674C1167E0C: ConfigurationManager, init=-1: [90ad4614-55d2-4680-b42d-d3edb0fdc15d:192.168.5.134:43140, 51deee32-efc8-49a8-a097-12875679bec7:192.168.5.134:35443, cf91553c-1d08-47b5-9609-e12b61a10915:192.168.5.134:42337], old=null, confs=<EMPTY_MAP>
2019-10-12 10:21:48,719 [pool-403-thread-1] INFO  segmented.SegmentedRaftLogWorker (SegmentedRaftLogWorker.java:lambda$new$0(128)) - cf91553c-1d08-47b5-9609-e12b61a10915@group-A1D7D66D0A22-SegmentedRaftLogWorker: flushIndex: setUnconditionally 0 -> -1
2019-10-12 10:21:48,719 [pool-393-thread-1] INFO  server.RaftServerConfigKeys (ConfUtils.java:logGet(43)) - raft.server.storage.dir = [/workdir/hadoop-ozone/integration-test/target/test-dir/MiniOzoneClusterImpl-f9931351-52ec-4503-b9cc-8bf63e1cd39f/datanode-1/data/ratis] (custom)
2019-10-12 10:21:48,719 [pool-403-thread-1] INFO  server.RaftServerConfigKeys (ConfUtils.java:logGet(43)) - raft.server.snapshot.auto.trigger.enabled = true (custom)
2019-10-12 10:21:48,719 [pool-393-thread-1] INFO  server.RaftServerConfigKeys (ConfUtils.java:logGet(43)) - raft.server.log.corruption.policy = EXCEPTION (default)
2019-10-12 10:21:48,719 [pool-403-thread-1] INFO  server.RaftServerConfigKeys (ConfUtils.java:logGet(43)) - raft.server.snapshot.auto.trigger.threshold = 10000 (custom)
2019-10-12 10:21:48,719 [pool-393-thread-1] INFO  storage.RaftStorageDirectory (RaftStorageDirectory.java:analyzeStorage(246)) - The storage directory /workdir/hadoop-ozone/integration-test/target/test-dir/MiniOzoneClusterImpl-f9931351-52ec-4503-b9cc-8bf63e1cd39f/datanode-1/data/ratis/67e912d9-b5da-47e3-b225-6674c1167e0c does not exist. Creating ...
2019-10-12 10:21:48,719 [pool-403-thread-1] INFO  server.RaftServerConfigKeys (ConfUtils.java:logGet(43)) - raft.server.snapshot.retention.file.num = 5 (custom)
2019-10-12 10:21:48,720 [pool-403-thread-1] INFO  server.RaftServerConfigKeys (ConfUtils.java:logGet(43)) - raft.server.retrycache.expirytime = 600000ms (custom)
2019-10-12 10:21:48,722 [pool-403-thread-1] INFO  impl.RaftServerImpl (RaftServerImpl.java:start(181)) - cf91553c-1d08-47b5-9609-e12b61a10915@group-A1D7D66D0A22: start as a follower, conf=-1: [cf91553c-1d08-47b5-9609-e12b61a10915:192.168.5.134:42337], old=null
2019-10-12 10:21:48,722 [pool-403-thread-1] INFO  impl.RaftServerImpl (RaftServerImpl.java:setRole(170)) - cf91553c-1d08-47b5-9609-e12b61a10915@group-A1D7D66D0A22: changes role from      null to FOLLOWER at term 0 for startAsFollower
2019-10-12 10:21:48,722 [pool-403-thread-1] INFO  impl.RoleInfo (RoleInfo.java:updateAndGet(143)) - cf91553c-1d08-47b5-9609-e12b61a10915: start FollowerState
2019-10-12 10:21:48,722 [pool-403-thread-1] INFO  util.JmxRegister (JmxRegister.java:tryRegister(44)) - Successfully registered JMX Bean with object name Ratis:service=RaftServer,group=group-A1D7D66D0A22,id=cf91553c-1d08-47b5-9609-e12b61a10915
2019-10-12 10:21:48,723 [pool-393-thread-1] INFO  storage.RaftStorageDirectory (RaftStorageDirectory.java:tryLock(328)) - Lock on /workdir/hadoop-ozone/integration-test/target/test-dir/MiniOzoneClusterImpl-f9931351-52ec-4503-b9cc-8bf63e1cd39f/datanode-1/data/ratis/67e912d9-b5da-47e3-b225-6674c1167e0c/in_use.lock acquired by nodename 23782@pr-hdds-2034-qjlc4-3656631144
2019-10-12 10:21:48,725 [Command processor thread] INFO  commandhandler.CreatePipelineCommandHandler (CreatePipelineCommandHandler.java:handle(86)) - Create Pipeline RATIS ONE #id: "fd193b79-8f66-4156-afa6-a1d7d66d0a22"
 command succeed on datanode cf91553c-1d08-47b5-9609-e12b61a10915.
2019-10-12 10:21:48,728 [pool-393-thread-1] INFO  storage.RaftStorage (RaftStorage.java:format(84)) - Storage directory /workdir/hadoop-ozone/integration-test/target/test-dir/MiniOzoneClusterImpl-f9931351-52ec-4503-b9cc-8bf63e1cd39f/datanode-1/data/ratis/67e912d9-b5da-47e3-b225-6674c1167e0c has been successfully formatted.
2019-10-12 10:21:48,728 [pool-393-thread-1] INFO  ratis.ContainerStateMachine (ContainerStateMachine.java:loadSnapshot(231)) - group-6674C1167E0C: The snapshot info is null. Setting the last applied indexto:(t:0, i:~)
2019-10-12 10:21:48,728 [Command processor thread] INFO  impl.RaftServerProxy (RaftServerProxy.java:addNew(89)) - cf91553c-1d08-47b5-9609-e12b61a10915: addNew group-6674C1167E0C:[90ad4614-55d2-4680-b42d-d3edb0fdc15d:192.168.5.134:43140, 51deee32-efc8-49a8-a097-12875679bec7:192.168.5.134:35443, cf91553c-1d08-47b5-9609-e12b61a10915:192.168.5.134:42337] returns group-6674C1167E0C:java.util.concurrent.CompletableFuture@f68e804[Not completed]
2019-10-12 10:21:48,728 [pool-393-thread-1] INFO  server.RaftServerConfigKeys (ConfUtils.java:logGet(43)) - raft.server.notification.no-leader.timeout = 120s (custom)
2019-10-12 10:21:48,728 [pool-393-thread-1] INFO  server.RaftServerConfigKeys (ConfUtils.java:logGet(43)) - raft.server.log.use.memory = false (default)
2019-10-12 10:21:48,728 [EventQueue-PipelineReportForPipelineReportHandler] INFO  pipeline.PipelineReportHandler (PipelineReportHandler.java:processPipelineReport(104)) - Pipeline ONE PipelineID=fd193b79-8f66-4156-afa6-a1d7d66d0a22 reported by cf91553c-1d08-47b5-9609-e12b61a10915{ip: 192.168.5.134, host: pr-hdds-2034-qjlc4-3656631144, networkLocation: /default-rack, certSerialId: null}
2019-10-12 10:21:48,729 [pool-393-thread-1] INFO  server.RaftServerConfigKeys (ConfUtils.java:logGet(43)) - raft.server.log.purge.gap = 1000000 (custom)
2019-10-12 10:21:48,729 [EventQueue-PipelineReportForPipelineReportHandler] INFO  pipeline.PipelineStateManager (PipelineStateManager.java:openPipeline(134)) - Pipeline Pipeline[ Id: fd193b79-8f66-4156-afa6-a1d7d66d0a22, Nodes: cf91553c-1d08-47b5-9609-e12b61a10915{ip: 192.168.5.134, host: pr-hdds-2034-qjlc4-3656631144, networkLocation: /default-rack, certSerialId: null}, Type:RATIS, Factor:ONE, State:ALLOCATED] moved to OPEN state
2019-10-12 10:21:48,729 [pool-403-thread-1] INFO  impl.RaftServerImpl (RaftServerImpl.java:<init>(95)) - cf91553c-1d08-47b5-9609-e12b61a10915: new RaftServerImpl for group-6674C1167E0C:[90ad4614-55d2-4680-b42d-d3edb0fdc15d:192.168.5.134:43140, 51deee32-efc8-49a8-a097-12875679bec7:192.168.5.134:35443, cf91553c-1d08-47b5-9609-e12b61a10915:192.168.5.134:42337] with ContainerStateMachine:uninitialized
2019-10-12 10:21:48,729 [pool-393-thread-1] INFO  server.RaftServerConfigKeys (ConfUtils.java:logGet(43)) - raft.server.log.appender.buffer.byte-limit = 33554432 (custom)
2019-10-12 10:21:48,729 [pool-403-thread-1] INFO  server.RaftServerConfigKeys (ConfUtils.java:logGet(43)) - raft.server.rpc.timeout.min = 5s (custom)
2019-10-12 10:21:48,729 [pool-393-thread-1] INFO  server.RaftServerConfigKeys (ConfUtils.java:logGet(43)) - raft.server.log.segment.size.max = 1048576 (custom)
2019-10-12 10:21:48,729 [pool-403-thread-1] INFO  server.RaftServerConfigKeys (ConfUtils.java:logGet(43)) - raft.server.rpc.timeout.max = 5200ms (custom)
2019-10-12 10:21:48,730 [pool-393-thread-1] INFO  server.RaftServerConfigKeys (ConfUtils.java:logGet(43)) - raft.server.log.segment.cache.num.max = 2 (custom)
2019-10-12 10:21:48,730 [pool-403-thread-1] INFO  server.RaftServerConfigKeys (ConfUtils.java:logGet(43)) - raft.server.rpcslowness.timeout = 120s (custom)
2019-10-12 10:21:48,730 [pool-393-thread-1] INFO  segmented.SegmentedRaftLogWorker (SegmentedRaftLogWorker.java:<init>(173)) - new 90ad4614-55d2-4680-b42d-d3edb0fdc15d@group-6674C1167E0C-SegmentedRaftLogWorker for RaftStorage:Storage Directory /workdir/hadoop-ozone/integration-test/target/test-dir/MiniOzoneClusterImpl-f9931351-52ec-4503-b9cc-8bf63e1cd39f/datanode-1/data/ratis/67e912d9-b5da-47e3-b225-6674c1167e0c
2019-10-12 10:21:48,730 [pool-403-thread-1] INFO  server.RaftServerConfigKeys (ConfUtils.java:logGet(43)) - raft.server.sleep.deviation.threshold = 300 (default)
2019-10-12 10:21:48,730 [pool-393-thread-1] INFO  server.RaftServerConfigKeys (ConfUtils.java:logGet(43)) - raft.server.log.queue.byte-limit = 2147483647 (custom)
2019-10-12 10:21:48,730 [pool-403-thread-1] INFO  server.RaftServerConfigKeys (ConfUtils.java:logGet(43)) - raft.server.log.appender.install.snapshot.enabled = false (custom)
2019-10-12 10:21:48,730 [pool-393-thread-1] INFO  server.RaftServerConfigKeys (ConfUtils.java:logGet(43)) - raft.server.log.queue.element-limit = 1024 (custom)
2019-10-12 10:21:48,730 [pool-403-thread-1] INFO  impl.RaftServerImpl (ServerState.java:<init>(103)) - cf91553c-1d08-47b5-9609-e12b61a10915@group-6674C1167E0C: ConfigurationManager, init=-1: [90ad4614-55d2-4680-b42d-d3edb0fdc15d:192.168.5.134:43140, 51deee32-efc8-49a8-a097-12875679bec7:192.168.5.134:35443, cf91553c-1d08-47b5-9609-e12b61a10915:192.168.5.134:42337], old=null, confs=<EMPTY_MAP>
2019-10-12 10:21:48,730 [pool-393-thread-1] INFO  server.RaftServerConfigKeys (ConfUtils.java:logGet(43)) - raft.server.log.segment.size.max = 1048576 (custom)
2019-10-12 10:21:48,731 [pool-403-thread-1] INFO  server.RaftServerConfigKeys (ConfUtils.java:logGet(43)) - raft.server.storage.dir = [/workdir/hadoop-ozone/integration-test/target/test-dir/MiniOzoneClusterImpl-f9931351-52ec-4503-b9cc-8bf63e1cd39f/datanode-2/data/ratis] (custom)
2019-10-12 10:21:48,731 [pool-393-thread-1] INFO  server.RaftServerConfigKeys (ConfUtils.java:logGet(43)) - raft.server.log.preallocated.size = 16384 (custom)
2019-10-12 10:21:48,731 [pool-393-thread-1] INFO  server.RaftServerConfigKeys (ConfUtils.java:logGet(43)) - raft.server.log.write.buffer.size = 33554432 (custom)
2019-10-12 10:21:48,731 [pool-403-thread-1] INFO  server.RaftServerConfigKeys (ConfUtils.java:logGet(43)) - raft.server.log.corruption.policy = EXCEPTION (default)
2019-10-12 10:21:48,731 [pool-393-thread-1] INFO  server.RaftServerConfigKeys (ConfUtils.java:logGet(43)) - raft.server.log.force.sync.num = 128 (default)
2019-10-12 10:21:48,731 [pool-403-thread-1] INFO  storage.RaftStorageDirectory (RaftStorageDirectory.java:analyzeStorage(246)) - The storage directory /workdir/hadoop-ozone/integration-test/target/test-dir/MiniOzoneClusterImpl-f9931351-52ec-4503-b9cc-8bf63e1cd39f/datanode-2/data/ratis/67e912d9-b5da-47e3-b225-6674c1167e0c does not exist. Creating ...
2019-10-12 10:21:48,731 [pool-393-thread-1] INFO  server.RaftServerConfigKeys (ConfUtils.java:logGet(43)) - raft.server.log.statemachine.data.sync = true (default)
2019-10-12 10:21:48,732 [pool-393-thread-1] INFO  server.RaftServerConfigKeys (ConfUtils.java:logGet(43)) - raft.server.log.statemachine.data.sync.timeout = 10s (default)
2019-10-12 10:21:48,732 [pool-393-thread-1] INFO  server.RaftServerConfigKeys (ConfUtils.java:logGet(43)) - raft.server.log.statemachine.data.sync.timeout.retry = -1 (default)
2019-10-12 10:21:48,732 [pool-393-thread-1] INFO  server.RaftServerConfigKeys (ConfUtils.java:logGet(43)) - raft.server.log.statemachine.data.caching.enabled = true (custom)
2019-10-12 10:21:48,732 [pool-393-thread-1] INFO  segmented.SegmentedRaftLogWorker (SegmentedRaftLogWorker.java:lambda$new$0(128)) - 90ad4614-55d2-4680-b42d-d3edb0fdc15d@group-6674C1167E0C-SegmentedRaftLogWorker: flushIndex: setUnconditionally 0 -> -1
2019-10-12 10:21:48,732 [pool-393-thread-1] INFO  server.RaftServerConfigKeys (ConfUtils.java:logGet(43)) - raft.server.snapshot.auto.trigger.enabled = true (custom)
2019-10-12 10:21:48,732 [pool-393-thread-1] INFO  server.RaftServerConfigKeys (ConfUtils.java:logGet(43)) - raft.server.snapshot.auto.trigger.threshold = 10000 (custom)
2019-10-12 10:21:48,733 [pool-393-thread-1] INFO  server.RaftServerConfigKeys (ConfUtils.java:logGet(43)) - raft.server.snapshot.retention.file.num = 5 (custom)
2019-10-12 10:21:48,733 [pool-393-thread-1] INFO  server.RaftServerConfigKeys (ConfUtils.java:logGet(43)) - raft.server.retrycache.expirytime = 600000ms (custom)
2019-10-12 10:21:48,734 [pool-393-thread-1] INFO  impl.RaftServerImpl (RaftServerImpl.java:start(181)) - 90ad4614-55d2-4680-b42d-d3edb0fdc15d@group-6674C1167E0C: start as a follower, conf=-1: [90ad4614-55d2-4680-b42d-d3edb0fdc15d:192.168.5.134:43140, 51deee32-efc8-49a8-a097-12875679bec7:192.168.5.134:35443, cf91553c-1d08-47b5-9609-e12b61a10915:192.168.5.134:42337], old=null
2019-10-12 10:21:48,734 [pool-403-thread-1] INFO  storage.RaftStorageDirectory (RaftStorageDirectory.java:tryLock(328)) - Lock on /workdir/hadoop-ozone/integration-test/target/test-dir/MiniOzoneClusterImpl-f9931351-52ec-4503-b9cc-8bf63e1cd39f/datanode-2/data/ratis/67e912d9-b5da-47e3-b225-6674c1167e0c/in_use.lock acquired by nodename 23782@pr-hdds-2034-qjlc4-3656631144
2019-10-12 10:21:48,734 [pool-393-thread-1] INFO  impl.RaftServerImpl (RaftServerImpl.java:setRole(170)) - 90ad4614-55d2-4680-b42d-d3edb0fdc15d@group-6674C1167E0C: changes role from      null to FOLLOWER at term 0 for startAsFollower
2019-10-12 10:21:48,735 [pool-393-thread-1] INFO  impl.RoleInfo (RoleInfo.java:updateAndGet(143)) - 90ad4614-55d2-4680-b42d-d3edb0fdc15d: start FollowerState
2019-10-12 10:21:48,735 [pool-393-thread-1] INFO  util.JmxRegister (JmxRegister.java:tryRegister(44)) - Successfully registered JMX Bean with object name Ratis:service=RaftServer,group=group-6674C1167E0C,id=90ad4614-55d2-4680-b42d-d3edb0fdc15d
2019-10-12 10:21:48,737 [Command processor thread] INFO  commandhandler.CreatePipelineCommandHandler (CreatePipelineCommandHandler.java:handle(86)) - Create Pipeline RATIS THREE #id: "67e912d9-b5da-47e3-b225-6674c1167e0c"
 command succeed on datanode 90ad4614-55d2-4680-b42d-d3edb0fdc15d.
2019-10-12 10:21:48,738 [pool-403-thread-1] INFO  storage.RaftStorage (RaftStorage.java:format(84)) - Storage directory /workdir/hadoop-ozone/integration-test/target/test-dir/MiniOzoneClusterImpl-f9931351-52ec-4503-b9cc-8bf63e1cd39f/datanode-2/data/ratis/67e912d9-b5da-47e3-b225-6674c1167e0c has been successfully formatted.
2019-10-12 10:21:48,738 [EventQueue-PipelineReportForPipelineReportHandler] INFO  pipeline.PipelineReportHandler (PipelineReportHandler.java:processPipelineReport(104)) - Pipeline THREE PipelineID=67e912d9-b5da-47e3-b225-6674c1167e0c reported by 90ad4614-55d2-4680-b42d-d3edb0fdc15d{ip: 192.168.5.134, host: pr-hdds-2034-qjlc4-3656631144, networkLocation: /default-rack, certSerialId: null}
2019-10-12 10:21:48,738 [pool-403-thread-1] INFO  ratis.ContainerStateMachine (ContainerStateMachine.java:loadSnapshot(231)) - group-6674C1167E0C: The snapshot info is null. Setting the last applied indexto:(t:0, i:~)
2019-10-12 10:21:48,738 [pool-403-thread-1] INFO  server.RaftServerConfigKeys (ConfUtils.java:logGet(43)) - raft.server.notification.no-leader.timeout = 120s (custom)
2019-10-12 10:21:48,738 [pool-403-thread-1] INFO  server.RaftServerConfigKeys (ConfUtils.java:logGet(43)) - raft.server.log.use.memory = false (default)
2019-10-12 10:21:48,738 [pool-403-thread-1] INFO  server.RaftServerConfigKeys (ConfUtils.java:logGet(43)) - raft.server.log.purge.gap = 1000000 (custom)
2019-10-12 10:21:48,738 [pool-403-thread-1] INFO  server.RaftServerConfigKeys (ConfUtils.java:logGet(43)) - raft.server.log.appender.buffer.byte-limit = 33554432 (custom)
2019-10-12 10:21:48,739 [pool-403-thread-1] INFO  server.RaftServerConfigKeys (ConfUtils.java:logGet(43)) - raft.server.log.segment.size.max = 1048576 (custom)
2019-10-12 10:21:48,739 [pool-403-thread-1] INFO  server.RaftServerConfigKeys (ConfUtils.java:logGet(43)) - raft.server.log.segment.cache.num.max = 2 (custom)
2019-10-12 10:21:48,739 [pool-403-thread-1] INFO  segmented.SegmentedRaftLogWorker (SegmentedRaftLogWorker.java:<init>(173)) - new cf91553c-1d08-47b5-9609-e12b61a10915@group-6674C1167E0C-SegmentedRaftLogWorker for RaftStorage:Storage Directory /workdir/hadoop-ozone/integration-test/target/test-dir/MiniOzoneClusterImpl-f9931351-52ec-4503-b9cc-8bf63e1cd39f/datanode-2/data/ratis/67e912d9-b5da-47e3-b225-6674c1167e0c
2019-10-12 10:21:48,739 [pool-403-thread-1] INFO  server.RaftServerConfigKeys (ConfUtils.java:logGet(43)) - raft.server.log.queue.byte-limit = 2147483647 (custom)
2019-10-12 10:21:48,739 [pool-403-thread-1] INFO  server.RaftServerConfigKeys (ConfUtils.java:logGet(43)) - raft.server.log.queue.element-limit = 1024 (custom)
2019-10-12 10:21:48,739 [pool-403-thread-1] INFO  server.RaftServerConfigKeys (ConfUtils.java:logGet(43)) - raft.server.log.segment.size.max = 1048576 (custom)
2019-10-12 10:21:48,739 [pool-403-thread-1] INFO  server.RaftServerConfigKeys (ConfUtils.java:logGet(43)) - raft.server.log.preallocated.size = 16384 (custom)
2019-10-12 10:21:48,739 [pool-403-thread-1] INFO  server.RaftServerConfigKeys (ConfUtils.java:logGet(43)) - raft.server.log.write.buffer.size = 33554432 (custom)
2019-10-12 10:21:48,740 [pool-403-thread-1] INFO  server.RaftServerConfigKeys (ConfUtils.java:logGet(43)) - raft.server.log.force.sync.num = 128 (default)
2019-10-12 10:21:48,740 [pool-403-thread-1] INFO  server.RaftServerConfigKeys (ConfUtils.java:logGet(43)) - raft.server.log.statemachine.data.sync = true (default)
2019-10-12 10:21:48,740 [pool-403-thread-1] INFO  server.RaftServerConfigKeys (ConfUtils.java:logGet(43)) - raft.server.log.statemachine.data.sync.timeout = 10s (default)
2019-10-12 10:21:48,740 [pool-403-thread-1] INFO  server.RaftServerConfigKeys (ConfUtils.java:logGet(43)) - raft.server.log.statemachine.data.sync.timeout.retry = -1 (default)
2019-10-12 10:21:48,740 [pool-403-thread-1] INFO  server.RaftServerConfigKeys (ConfUtils.java:logGet(43)) - raft.server.log.statemachine.data.caching.enabled = true (custom)
2019-10-12 10:21:48,740 [pool-403-thread-1] INFO  segmented.SegmentedRaftLogWorker (SegmentedRaftLogWorker.java:lambda$new$0(128)) - cf91553c-1d08-47b5-9609-e12b61a10915@group-6674C1167E0C-SegmentedRaftLogWorker: flushIndex: setUnconditionally 0 -> -1
2019-10-12 10:21:48,741 [pool-403-thread-1] INFO  server.RaftServerConfigKeys (ConfUtils.java:logGet(43)) - raft.server.snapshot.auto.trigger.enabled = true (custom)
2019-10-12 10:21:48,741 [pool-403-thread-1] INFO  server.RaftServerConfigKeys (ConfUtils.java:logGet(43)) - raft.server.snapshot.auto.trigger.threshold = 10000 (custom)
2019-10-12 10:21:48,741 [pool-403-thread-1] INFO  server.RaftServerConfigKeys (ConfUtils.java:logGet(43)) - raft.server.snapshot.retention.file.num = 5 (custom)
2019-10-12 10:21:48,741 [pool-403-thread-1] INFO  server.RaftServerConfigKeys (ConfUtils.java:logGet(43)) - raft.server.retrycache.expirytime = 600000ms (custom)
2019-10-12 10:21:48,742 [pool-403-thread-1] INFO  impl.RaftServerImpl (RaftServerImpl.java:start(181)) - cf91553c-1d08-47b5-9609-e12b61a10915@group-6674C1167E0C: start as a follower, conf=-1: [90ad4614-55d2-4680-b42d-d3edb0fdc15d:192.168.5.134:43140, 51deee32-efc8-49a8-a097-12875679bec7:192.168.5.134:35443, cf91553c-1d08-47b5-9609-e12b61a10915:192.168.5.134:42337], old=null
2019-10-12 10:21:48,743 [pool-403-thread-1] INFO  impl.RaftServerImpl (RaftServerImpl.java:setRole(170)) - cf91553c-1d08-47b5-9609-e12b61a10915@group-6674C1167E0C: changes role from      null to FOLLOWER at term 0 for startAsFollower
2019-10-12 10:21:48,743 [pool-403-thread-1] INFO  impl.RoleInfo (RoleInfo.java:updateAndGet(143)) - cf91553c-1d08-47b5-9609-e12b61a10915: start FollowerState
2019-10-12 10:21:48,743 [pool-403-thread-1] INFO  util.JmxRegister (JmxRegister.java:tryRegister(44)) - Successfully registered JMX Bean with object name Ratis:service=RaftServer,group=group-6674C1167E0C,id=cf91553c-1d08-47b5-9609-e12b61a10915
2019-10-12 10:21:48,745 [Command processor thread] INFO  commandhandler.CreatePipelineCommandHandler (CreatePipelineCommandHandler.java:handle(86)) - Create Pipeline RATIS THREE #id: "67e912d9-b5da-47e3-b225-6674c1167e0c"
 command succeed on datanode cf91553c-1d08-47b5-9609-e12b61a10915.
2019-10-12 10:21:48,746 [EventQueue-PipelineReportForPipelineReportHandler] INFO  pipeline.PipelineReportHandler (PipelineReportHandler.java:processPipelineReport(104)) - Pipeline THREE PipelineID=67e912d9-b5da-47e3-b225-6674c1167e0c reported by cf91553c-1d08-47b5-9609-e12b61a10915{ip: 192.168.5.134, host: pr-hdds-2034-qjlc4-3656631144, networkLocation: /default-rack, certSerialId: null}
2019-10-12 10:21:48,746 [EventQueue-PipelineReportForPipelineReportHandler] INFO  pipeline.PipelineStateManager (PipelineStateManager.java:openPipeline(134)) - Pipeline Pipeline[ Id: 67e912d9-b5da-47e3-b225-6674c1167e0c, Nodes: 51deee32-efc8-49a8-a097-12875679bec7{ip: 192.168.5.134, host: pr-hdds-2034-qjlc4-3656631144, networkLocation: /default-rack, certSerialId: null}cf91553c-1d08-47b5-9609-e12b61a10915{ip: 192.168.5.134, host: pr-hdds-2034-qjlc4-3656631144, networkLocation: /default-rack, certSerialId: null}90ad4614-55d2-4680-b42d-d3edb0fdc15d{ip: 192.168.5.134, host: pr-hdds-2034-qjlc4-3656631144, networkLocation: /default-rack, certSerialId: null}, Type:RATIS, Factor:THREE, State:ALLOCATED] moved to OPEN state
2019-10-12 10:21:48,785 [Command processor thread] INFO  impl.RaftServerProxy (RaftServerProxy.java:addNew(89)) - 47cc5d93-2c95-4ed7-84b7-52463b84dd59: addNew group-7526CD8B2110:[47cc5d93-2c95-4ed7-84b7-52463b84dd59:192.168.5.134:33049] returns group-7526CD8B2110:java.util.concurrent.CompletableFuture@6ecb6196[Not completed]
2019-10-12 10:21:48,787 [pool-413-thread-1] INFO  impl.RaftServerImpl (RaftServerImpl.java:<init>(95)) - 47cc5d93-2c95-4ed7-84b7-52463b84dd59: new RaftServerImpl for group-7526CD8B2110:[47cc5d93-2c95-4ed7-84b7-52463b84dd59:192.168.5.134:33049] with ContainerStateMachine:uninitialized
2019-10-12 10:21:48,788 [pool-413-thread-1] INFO  server.RaftServerConfigKeys (ConfUtils.java:logGet(43)) - raft.server.rpc.timeout.min = 5s (custom)
2019-10-12 10:21:48,788 [pool-413-thread-1] INFO  server.RaftServerConfigKeys (ConfUtils.java:logGet(43)) - raft.server.rpc.timeout.max = 5200ms (custom)
2019-10-12 10:21:48,788 [pool-413-thread-1] INFO  server.RaftServerConfigKeys (ConfUtils.java:logGet(43)) - raft.server.rpcslowness.timeout = 120s (custom)
2019-10-12 10:21:48,788 [pool-413-thread-1] INFO  server.RaftServerConfigKeys (ConfUtils.java:logGet(43)) - raft.server.sleep.deviation.threshold = 300 (default)
2019-10-12 10:21:48,789 [pool-413-thread-1] INFO  server.RaftServerConfigKeys (ConfUtils.java:logGet(43)) - raft.server.log.appender.install.snapshot.enabled = false (custom)
2019-10-12 10:21:48,789 [pool-413-thread-1] INFO  impl.RaftServerImpl (ServerState.java:<init>(103)) - 47cc5d93-2c95-4ed7-84b7-52463b84dd59@group-7526CD8B2110: ConfigurationManager, init=-1: [47cc5d93-2c95-4ed7-84b7-52463b84dd59:192.168.5.134:33049], old=null, confs=<EMPTY_MAP>
2019-10-12 10:21:48,789 [pool-413-thread-1] INFO  server.RaftServerConfigKeys (ConfUtils.java:logGet(43)) - raft.server.storage.dir = [/workdir/hadoop-ozone/integration-test/target/test-dir/MiniOzoneClusterImpl-f9931351-52ec-4503-b9cc-8bf63e1cd39f/datanode-3/data/ratis] (custom)
2019-10-12 10:21:48,790 [pool-413-thread-1] INFO  server.RaftServerConfigKeys (ConfUtils.java:logGet(43)) - raft.server.log.corruption.policy = EXCEPTION (default)
2019-10-12 10:21:48,790 [pool-413-thread-1] INFO  storage.RaftStorageDirectory (RaftStorageDirectory.java:analyzeStorage(246)) - The storage directory /workdir/hadoop-ozone/integration-test/target/test-dir/MiniOzoneClusterImpl-f9931351-52ec-4503-b9cc-8bf63e1cd39f/datanode-3/data/ratis/54bf51b1-bc03-4ff4-bdf1-7526cd8b2110 does not exist. Creating ...
2019-10-12 10:21:48,802 [pool-413-thread-1] INFO  storage.RaftStorageDirectory (RaftStorageDirectory.java:tryLock(328)) - Lock on /workdir/hadoop-ozone/integration-test/target/test-dir/MiniOzoneClusterImpl-f9931351-52ec-4503-b9cc-8bf63e1cd39f/datanode-3/data/ratis/54bf51b1-bc03-4ff4-bdf1-7526cd8b2110/in_use.lock acquired by nodename 23782@pr-hdds-2034-qjlc4-3656631144
2019-10-12 10:21:48,814 [pool-413-thread-1] INFO  storage.RaftStorage (RaftStorage.java:format(84)) - Storage directory /workdir/hadoop-ozone/integration-test/target/test-dir/MiniOzoneClusterImpl-f9931351-52ec-4503-b9cc-8bf63e1cd39f/datanode-3/data/ratis/54bf51b1-bc03-4ff4-bdf1-7526cd8b2110 has been successfully formatted.
2019-10-12 10:21:48,814 [pool-413-thread-1] INFO  ratis.ContainerStateMachine (ContainerStateMachine.java:loadSnapshot(231)) - group-7526CD8B2110: The snapshot info is null. Setting the last applied indexto:(t:0, i:~)
2019-10-12 10:21:48,814 [pool-413-thread-1] INFO  server.RaftServerConfigKeys (ConfUtils.java:logGet(43)) - raft.server.notification.no-leader.timeout = 120s (custom)
2019-10-12 10:21:48,814 [pool-413-thread-1] INFO  server.RaftServerConfigKeys (ConfUtils.java:logGet(43)) - raft.server.log.use.memory = false (default)
2019-10-12 10:21:48,814 [pool-413-thread-1] INFO  server.RaftServerConfigKeys (ConfUtils.java:logGet(43)) - raft.server.log.purge.gap = 1000000 (custom)
2019-10-12 10:21:48,814 [pool-413-thread-1] INFO  server.RaftServerConfigKeys (ConfUtils.java:logGet(43)) - raft.server.log.appender.buffer.byte-limit = 33554432 (custom)
2019-10-12 10:21:48,815 [pool-413-thread-1] INFO  server.RaftServerConfigKeys (ConfUtils.java:logGet(43)) - raft.server.log.segment.size.max = 1048576 (custom)
2019-10-12 10:21:48,817 [pool-413-thread-1] INFO  server.RaftServerConfigKeys (ConfUtils.java:logGet(43)) - raft.server.log.segment.cache.num.max = 2 (custom)
2019-10-12 10:21:48,817 [pool-413-thread-1] INFO  segmented.SegmentedRaftLogWorker (SegmentedRaftLogWorker.java:<init>(173)) - new 47cc5d93-2c95-4ed7-84b7-52463b84dd59@group-7526CD8B2110-SegmentedRaftLogWorker for RaftStorage:Storage Directory /workdir/hadoop-ozone/integration-test/target/test-dir/MiniOzoneClusterImpl-f9931351-52ec-4503-b9cc-8bf63e1cd39f/datanode-3/data/ratis/54bf51b1-bc03-4ff4-bdf1-7526cd8b2110
2019-10-12 10:21:48,817 [pool-413-thread-1] INFO  server.RaftServerConfigKeys (ConfUtils.java:logGet(43)) - raft.server.log.queue.byte-limit = 2147483647 (custom)
2019-10-12 10:21:48,817 [pool-413-thread-1] INFO  server.RaftServerConfigKeys (ConfUtils.java:logGet(43)) - raft.server.log.queue.element-limit = 1024 (custom)
2019-10-12 10:21:48,818 [pool-413-thread-1] INFO  server.RaftServerConfigKeys (ConfUtils.java:logGet(43)) - raft.server.log.segment.size.max = 1048576 (custom)
2019-10-12 10:21:48,818 [pool-413-thread-1] INFO  server.RaftServerConfigKeys (ConfUtils.java:logGet(43)) - raft.server.log.preallocated.size = 16384 (custom)
2019-10-12 10:21:48,818 [pool-413-thread-1] INFO  server.RaftServerConfigKeys (ConfUtils.java:logGet(43)) - raft.server.log.write.buffer.size = 33554432 (custom)
2019-10-12 10:21:48,818 [pool-413-thread-1] INFO  server.RaftServerConfigKeys (ConfUtils.java:logGet(43)) - raft.server.log.force.sync.num = 128 (default)
2019-10-12 10:21:48,818 [pool-413-thread-1] INFO  server.RaftServerConfigKeys (ConfUtils.java:logGet(43)) - raft.server.log.statemachine.data.sync = true (default)
2019-10-12 10:21:48,818 [pool-413-thread-1] INFO  server.RaftServerConfigKeys (ConfUtils.java:logGet(43)) - raft.server.log.statemachine.data.sync.timeout = 10s (default)
2019-10-12 10:21:48,818 [pool-413-thread-1] INFO  server.RaftServerConfigKeys (ConfUtils.java:logGet(43)) - raft.server.log.statemachine.data.sync.timeout.retry = -1 (default)
2019-10-12 10:21:48,819 [pool-413-thread-1] INFO  server.RaftServerConfigKeys (ConfUtils.java:logGet(43)) - raft.server.log.statemachine.data.caching.enabled = true (custom)
2019-10-12 10:21:48,819 [pool-413-thread-1] INFO  segmented.SegmentedRaftLogWorker (SegmentedRaftLogWorker.java:lambda$new$0(128)) - 47cc5d93-2c95-4ed7-84b7-52463b84dd59@group-7526CD8B2110-SegmentedRaftLogWorker: flushIndex: setUnconditionally 0 -> -1
2019-10-12 10:21:48,819 [pool-413-thread-1] INFO  server.RaftServerConfigKeys (ConfUtils.java:logGet(43)) - raft.server.snapshot.auto.trigger.enabled = true (custom)
2019-10-12 10:21:48,820 [pool-413-thread-1] INFO  server.RaftServerConfigKeys (ConfUtils.java:logGet(43)) - raft.server.snapshot.auto.trigger.threshold = 10000 (custom)
2019-10-12 10:21:48,820 [pool-413-thread-1] INFO  server.RaftServerConfigKeys (ConfUtils.java:logGet(43)) - raft.server.snapshot.retention.file.num = 5 (custom)
2019-10-12 10:21:48,820 [pool-413-thread-1] INFO  server.RaftServerConfigKeys (ConfUtils.java:logGet(43)) - raft.server.retrycache.expirytime = 600000ms (custom)
2019-10-12 10:21:48,822 [pool-413-thread-1] INFO  impl.RaftServerImpl (RaftServerImpl.java:start(181)) - 47cc5d93-2c95-4ed7-84b7-52463b84dd59@group-7526CD8B2110: start as a follower, conf=-1: [47cc5d93-2c95-4ed7-84b7-52463b84dd59:192.168.5.134:33049], old=null
2019-10-12 10:21:48,822 [pool-413-thread-1] INFO  impl.RaftServerImpl (RaftServerImpl.java:setRole(170)) - 47cc5d93-2c95-4ed7-84b7-52463b84dd59@group-7526CD8B2110: changes role from      null to FOLLOWER at term 0 for startAsFollower
2019-10-12 10:21:48,823 [pool-413-thread-1] INFO  impl.RoleInfo (RoleInfo.java:updateAndGet(143)) - 47cc5d93-2c95-4ed7-84b7-52463b84dd59: start FollowerState
2019-10-12 10:21:48,823 [pool-413-thread-1] INFO  util.JmxRegister (JmxRegister.java:tryRegister(44)) - Successfully registered JMX Bean with object name Ratis:service=RaftServer,group=group-7526CD8B2110,id=47cc5d93-2c95-4ed7-84b7-52463b84dd59
2019-10-12 10:21:48,826 [Command processor thread] INFO  commandhandler.CreatePipelineCommandHandler (CreatePipelineCommandHandler.java:handle(86)) - Create Pipeline RATIS ONE #id: "54bf51b1-bc03-4ff4-bdf1-7526cd8b2110"
 command succeed on datanode 47cc5d93-2c95-4ed7-84b7-52463b84dd59.
2019-10-12 10:21:48,829 [Command processor thread] INFO  impl.RaftServerProxy (RaftServerProxy.java:addNew(89)) - 47cc5d93-2c95-4ed7-84b7-52463b84dd59: addNew group-76AF3572C800:[92bb78cc-3f8c-47d7-bf7f-e36e5b3e7b36:192.168.5.134:46522, f555cbac-5274-466e-9328-20197bae6a01:192.168.5.134:39487, 47cc5d93-2c95-4ed7-84b7-52463b84dd59:192.168.5.134:33049] returns group-76AF3572C800:java.util.concurrent.CompletableFuture@6af4f897[Not completed]
2019-10-12 10:21:48,830 [EventQueue-PipelineReportForPipelineReportHandler] INFO  pipeline.PipelineReportHandler (PipelineReportHandler.java:processPipelineReport(104)) - Pipeline ONE PipelineID=54bf51b1-bc03-4ff4-bdf1-7526cd8b2110 reported by 47cc5d93-2c95-4ed7-84b7-52463b84dd59{ip: 192.168.5.134, host: pr-hdds-2034-qjlc4-3656631144, networkLocation: /default-rack, certSerialId: null}
2019-10-12 10:21:48,830 [EventQueue-PipelineReportForPipelineReportHandler] INFO  pipeline.PipelineStateManager (PipelineStateManager.java:openPipeline(134)) - Pipeline Pipeline[ Id: 54bf51b1-bc03-4ff4-bdf1-7526cd8b2110, Nodes: 47cc5d93-2c95-4ed7-84b7-52463b84dd59{ip: 192.168.5.134, host: pr-hdds-2034-qjlc4-3656631144, networkLocation: /default-rack, certSerialId: null}, Type:RATIS, Factor:ONE, State:ALLOCATED] moved to OPEN state
2019-10-12 10:21:48,833 [pool-413-thread-1] INFO  impl.RaftServerImpl (RaftServerImpl.java:<init>(95)) - 47cc5d93-2c95-4ed7-84b7-52463b84dd59: new RaftServerImpl for group-76AF3572C800:[92bb78cc-3f8c-47d7-bf7f-e36e5b3e7b36:192.168.5.134:46522, f555cbac-5274-466e-9328-20197bae6a01:192.168.5.134:39487, 47cc5d93-2c95-4ed7-84b7-52463b84dd59:192.168.5.134:33049] with ContainerStateMachine:uninitialized
2019-10-12 10:21:48,834 [pool-413-thread-1] INFO  server.RaftServerConfigKeys (ConfUtils.java:logGet(43)) - raft.server.rpc.timeout.min = 5s (custom)
2019-10-12 10:21:48,834 [pool-413-thread-1] INFO  server.RaftServerConfigKeys (ConfUtils.java:logGet(43)) - raft.server.rpc.timeout.max = 5200ms (custom)
2019-10-12 10:21:48,834 [pool-413-thread-1] INFO  server.RaftServerConfigKeys (ConfUtils.java:logGet(43)) - raft.server.rpcslowness.timeout = 120s (custom)
2019-10-12 10:21:48,834 [pool-413-thread-1] INFO  server.RaftServerConfigKeys (ConfUtils.java:logGet(43)) - raft.server.sleep.deviation.threshold = 300 (default)
2019-10-12 10:21:48,834 [pool-413-thread-1] INFO  server.RaftServerConfigKeys (ConfUtils.java:logGet(43)) - raft.server.log.appender.install.snapshot.enabled = false (custom)
2019-10-12 10:21:48,834 [pool-413-thread-1] INFO  impl.RaftServerImpl (ServerState.java:<init>(103)) - 47cc5d93-2c95-4ed7-84b7-52463b84dd59@group-76AF3572C800: ConfigurationManager, init=-1: [92bb78cc-3f8c-47d7-bf7f-e36e5b3e7b36:192.168.5.134:46522, f555cbac-5274-466e-9328-20197bae6a01:192.168.5.134:39487, 47cc5d93-2c95-4ed7-84b7-52463b84dd59:192.168.5.134:33049], old=null, confs=<EMPTY_MAP>
2019-10-12 10:21:48,835 [pool-413-thread-1] INFO  server.RaftServerConfigKeys (ConfUtils.java:logGet(43)) - raft.server.storage.dir = [/workdir/hadoop-ozone/integration-test/target/test-dir/MiniOzoneClusterImpl-f9931351-52ec-4503-b9cc-8bf63e1cd39f/datanode-3/data/ratis] (custom)
2019-10-12 10:21:48,835 [pool-413-thread-1] INFO  server.RaftServerConfigKeys (ConfUtils.java:logGet(43)) - raft.server.log.corruption.policy = EXCEPTION (default)
2019-10-12 10:21:48,835 [pool-413-thread-1] INFO  storage.RaftStorageDirectory (RaftStorageDirectory.java:analyzeStorage(246)) - The storage directory /workdir/hadoop-ozone/integration-test/target/test-dir/MiniOzoneClusterImpl-f9931351-52ec-4503-b9cc-8bf63e1cd39f/datanode-3/data/ratis/a3e1016a-a9fb-441a-ae57-76af3572c800 does not exist. Creating ...
2019-10-12 10:21:48,839 [pool-413-thread-1] INFO  storage.RaftStorageDirectory (RaftStorageDirectory.java:tryLock(328)) - Lock on /workdir/hadoop-ozone/integration-test/target/test-dir/MiniOzoneClusterImpl-f9931351-52ec-4503-b9cc-8bf63e1cd39f/datanode-3/data/ratis/a3e1016a-a9fb-441a-ae57-76af3572c800/in_use.lock acquired by nodename 23782@pr-hdds-2034-qjlc4-3656631144
2019-10-12 10:21:48,842 [pool-413-thread-1] INFO  storage.RaftStorage (RaftStorage.java:format(84)) - Storage directory /workdir/hadoop-ozone/integration-test/target/test-dir/MiniOzoneClusterImpl-f9931351-52ec-4503-b9cc-8bf63e1cd39f/datanode-3/data/ratis/a3e1016a-a9fb-441a-ae57-76af3572c800 has been successfully formatted.
2019-10-12 10:21:48,843 [pool-413-thread-1] INFO  ratis.ContainerStateMachine (ContainerStateMachine.java:loadSnapshot(231)) - group-76AF3572C800: The snapshot info is null. Setting the last applied indexto:(t:0, i:~)
2019-10-12 10:21:48,843 [pool-413-thread-1] INFO  server.RaftServerConfigKeys (ConfUtils.java:logGet(43)) - raft.server.notification.no-leader.timeout = 120s (custom)
2019-10-12 10:21:48,843 [pool-413-thread-1] INFO  server.RaftServerConfigKeys (ConfUtils.java:logGet(43)) - raft.server.log.use.memory = false (default)
2019-10-12 10:21:48,843 [pool-413-thread-1] INFO  server.RaftServerConfigKeys (ConfUtils.java:logGet(43)) - raft.server.log.purge.gap = 1000000 (custom)
2019-10-12 10:21:48,843 [pool-413-thread-1] INFO  server.RaftServerConfigKeys (ConfUtils.java:logGet(43)) - raft.server.log.appender.buffer.byte-limit = 33554432 (custom)
2019-10-12 10:21:48,843 [pool-413-thread-1] INFO  server.RaftServerConfigKeys (ConfUtils.java:logGet(43)) - raft.server.log.segment.size.max = 1048576 (custom)
2019-10-12 10:21:48,844 [pool-413-thread-1] INFO  server.RaftServerConfigKeys (ConfUtils.java:logGet(43)) - raft.server.log.segment.cache.num.max = 2 (custom)
2019-10-12 10:21:48,844 [pool-413-thread-1] INFO  segmented.SegmentedRaftLogWorker (SegmentedRaftLogWorker.java:<init>(173)) - new 47cc5d93-2c95-4ed7-84b7-52463b84dd59@group-76AF3572C800-SegmentedRaftLogWorker for RaftStorage:Storage Directory /workdir/hadoop-ozone/integration-test/target/test-dir/MiniOzoneClusterImpl-f9931351-52ec-4503-b9cc-8bf63e1cd39f/datanode-3/data/ratis/a3e1016a-a9fb-441a-ae57-76af3572c800
2019-10-12 10:21:48,844 [pool-413-thread-1] INFO  server.RaftServerConfigKeys (ConfUtils.java:logGet(43)) - raft.server.log.queue.byte-limit = 2147483647 (custom)
2019-10-12 10:21:48,844 [pool-413-thread-1] INFO  server.RaftServerConfigKeys (ConfUtils.java:logGet(43)) - raft.server.log.queue.element-limit = 1024 (custom)
2019-10-12 10:21:48,844 [pool-413-thread-1] INFO  server.RaftServerConfigKeys (ConfUtils.java:logGet(43)) - raft.server.log.segment.size.max = 1048576 (custom)
2019-10-12 10:21:48,844 [pool-413-thread-1] INFO  server.RaftServerConfigKeys (ConfUtils.java:logGet(43)) - raft.server.log.preallocated.size = 16384 (custom)
2019-10-12 10:21:48,844 [pool-413-thread-1] INFO  server.RaftServerConfigKeys (ConfUtils.java:logGet(43)) - raft.server.log.write.buffer.size = 33554432 (custom)
2019-10-12 10:21:48,845 [pool-413-thread-1] INFO  server.RaftServerConfigKeys (ConfUtils.java:logGet(43)) - raft.server.log.force.sync.num = 128 (default)
2019-10-12 10:21:48,845 [pool-413-thread-1] INFO  server.RaftServerConfigKeys (ConfUtils.java:logGet(43)) - raft.server.log.statemachine.data.sync = true (default)
2019-10-12 10:21:48,845 [pool-413-thread-1] INFO  server.RaftServerConfigKeys (ConfUtils.java:logGet(43)) - raft.server.log.statemachine.data.sync.timeout = 10s (default)
2019-10-12 10:21:48,845 [pool-413-thread-1] INFO  server.RaftServerConfigKeys (ConfUtils.java:logGet(43)) - raft.server.log.statemachine.data.sync.timeout.retry = -1 (default)
2019-10-12 10:21:48,845 [pool-413-thread-1] INFO  server.RaftServerConfigKeys (ConfUtils.java:logGet(43)) - raft.server.log.statemachine.data.caching.enabled = true (custom)
2019-10-12 10:21:48,845 [pool-413-thread-1] INFO  segmented.SegmentedRaftLogWorker (SegmentedRaftLogWorker.java:lambda$new$0(128)) - 47cc5d93-2c95-4ed7-84b7-52463b84dd59@group-76AF3572C800-SegmentedRaftLogWorker: flushIndex: setUnconditionally 0 -> -1
2019-10-12 10:21:48,846 [pool-413-thread-1] INFO  server.RaftServerConfigKeys (ConfUtils.java:logGet(43)) - raft.server.snapshot.auto.trigger.enabled = true (custom)
2019-10-12 10:21:48,846 [pool-413-thread-1] INFO  server.RaftServerConfigKeys (ConfUtils.java:logGet(43)) - raft.server.snapshot.auto.trigger.threshold = 10000 (custom)
2019-10-12 10:21:48,846 [pool-413-thread-1] INFO  server.RaftServerConfigKeys (ConfUtils.java:logGet(43)) - raft.server.snapshot.retention.file.num = 5 (custom)
2019-10-12 10:21:48,846 [pool-413-thread-1] INFO  server.RaftServerConfigKeys (ConfUtils.java:logGet(43)) - raft.server.retrycache.expirytime = 600000ms (custom)
2019-10-12 10:21:48,849 [pool-413-thread-1] INFO  impl.RaftServerImpl (RaftServerImpl.java:start(181)) - 47cc5d93-2c95-4ed7-84b7-52463b84dd59@group-76AF3572C800: start as a follower, conf=-1: [92bb78cc-3f8c-47d7-bf7f-e36e5b3e7b36:192.168.5.134:46522, f555cbac-5274-466e-9328-20197bae6a01:192.168.5.134:39487, 47cc5d93-2c95-4ed7-84b7-52463b84dd59:192.168.5.134:33049], old=null
2019-10-12 10:21:48,849 [pool-413-thread-1] INFO  impl.RaftServerImpl (RaftServerImpl.java:setRole(170)) - 47cc5d93-2c95-4ed7-84b7-52463b84dd59@group-76AF3572C800: changes role from      null to FOLLOWER at term 0 for startAsFollower
2019-10-12 10:21:48,849 [pool-413-thread-1] INFO  impl.RoleInfo (RoleInfo.java:updateAndGet(143)) - 47cc5d93-2c95-4ed7-84b7-52463b84dd59: start FollowerState
2019-10-12 10:21:48,850 [pool-413-thread-1] INFO  util.JmxRegister (JmxRegister.java:tryRegister(44)) - Successfully registered JMX Bean with object name Ratis:service=RaftServer,group=group-76AF3572C800,id=47cc5d93-2c95-4ed7-84b7-52463b84dd59
2019-10-12 10:21:48,852 [Command processor thread] INFO  commandhandler.CreatePipelineCommandHandler (CreatePipelineCommandHandler.java:handle(86)) - Create Pipeline RATIS THREE #id: "a3e1016a-a9fb-441a-ae57-76af3572c800"
 command succeed on datanode 47cc5d93-2c95-4ed7-84b7-52463b84dd59.
2019-10-12 10:21:48,853 [EventQueue-PipelineReportForPipelineReportHandler] INFO  pipeline.PipelineReportHandler (PipelineReportHandler.java:processPipelineReport(104)) - Pipeline THREE PipelineID=a3e1016a-a9fb-441a-ae57-76af3572c800 reported by 47cc5d93-2c95-4ed7-84b7-52463b84dd59{ip: 192.168.5.134, host: pr-hdds-2034-qjlc4-3656631144, networkLocation: /default-rack, certSerialId: null}
2019-10-12 10:21:48,861 [Command processor thread] INFO  impl.RaftServerProxy (RaftServerProxy.java:addNew(89)) - 92bb78cc-3f8c-47d7-bf7f-e36e5b3e7b36: addNew group-41DEE84D8837:[92bb78cc-3f8c-47d7-bf7f-e36e5b3e7b36:192.168.5.134:46522] returns group-41DEE84D8837:java.util.concurrent.CompletableFuture@2c20d1a4[Not completed]
2019-10-12 10:21:48,863 [pool-423-thread-1] INFO  impl.RaftServerImpl (RaftServerImpl.java:<init>(95)) - 92bb78cc-3f8c-47d7-bf7f-e36e5b3e7b36: new RaftServerImpl for group-41DEE84D8837:[92bb78cc-3f8c-47d7-bf7f-e36e5b3e7b36:192.168.5.134:46522] with ContainerStateMachine:uninitialized
2019-10-12 10:21:48,863 [pool-423-thread-1] INFO  server.RaftServerConfigKeys (ConfUtils.java:logGet(43)) - raft.server.rpc.timeout.min = 5s (custom)
2019-10-12 10:21:48,863 [pool-423-thread-1] INFO  server.RaftServerConfigKeys (ConfUtils.java:logGet(43)) - raft.server.rpc.timeout.max = 5200ms (custom)
2019-10-12 10:21:48,863 [pool-423-thread-1] INFO  server.RaftServerConfigKeys (ConfUtils.java:logGet(43)) - raft.server.rpcslowness.timeout = 120s (custom)
2019-10-12 10:21:48,864 [pool-423-thread-1] INFO  server.RaftServerConfigKeys (ConfUtils.java:logGet(43)) - raft.server.sleep.deviation.threshold = 300 (default)
2019-10-12 10:21:48,864 [pool-423-thread-1] INFO  server.RaftServerConfigKeys (ConfUtils.java:logGet(43)) - raft.server.log.appender.install.snapshot.enabled = false (custom)
2019-10-12 10:21:48,864 [pool-423-thread-1] INFO  impl.RaftServerImpl (ServerState.java:<init>(103)) - 92bb78cc-3f8c-47d7-bf7f-e36e5b3e7b36@group-41DEE84D8837: ConfigurationManager, init=-1: [92bb78cc-3f8c-47d7-bf7f-e36e5b3e7b36:192.168.5.134:46522], old=null, confs=<EMPTY_MAP>
2019-10-12 10:21:48,864 [pool-423-thread-1] INFO  server.RaftServerConfigKeys (ConfUtils.java:logGet(43)) - raft.server.storage.dir = [/workdir/hadoop-ozone/integration-test/target/test-dir/MiniOzoneClusterImpl-f9931351-52ec-4503-b9cc-8bf63e1cd39f/datanode-4/data/ratis] (custom)
2019-10-12 10:21:48,864 [pool-423-thread-1] INFO  server.RaftServerConfigKeys (ConfUtils.java:logGet(43)) - raft.server.log.corruption.policy = EXCEPTION (default)
2019-10-12 10:21:48,865 [pool-423-thread-1] INFO  storage.RaftStorageDirectory (RaftStorageDirectory.java:analyzeStorage(246)) - The storage directory /workdir/hadoop-ozone/integration-test/target/test-dir/MiniOzoneClusterImpl-f9931351-52ec-4503-b9cc-8bf63e1cd39f/datanode-4/data/ratis/fb3d4bfd-146a-4011-95b0-41dee84d8837 does not exist. Creating ...
2019-10-12 10:21:48,877 [pool-423-thread-1] INFO  storage.RaftStorageDirectory (RaftStorageDirectory.java:tryLock(328)) - Lock on /workdir/hadoop-ozone/integration-test/target/test-dir/MiniOzoneClusterImpl-f9931351-52ec-4503-b9cc-8bf63e1cd39f/datanode-4/data/ratis/fb3d4bfd-146a-4011-95b0-41dee84d8837/in_use.lock acquired by nodename 23782@pr-hdds-2034-qjlc4-3656631144
2019-10-12 10:21:48,890 [pool-423-thread-1] INFO  storage.RaftStorage (RaftStorage.java:format(84)) - Storage directory /workdir/hadoop-ozone/integration-test/target/test-dir/MiniOzoneClusterImpl-f9931351-52ec-4503-b9cc-8bf63e1cd39f/datanode-4/data/ratis/fb3d4bfd-146a-4011-95b0-41dee84d8837 has been successfully formatted.
2019-10-12 10:21:48,890 [pool-423-thread-1] INFO  ratis.ContainerStateMachine (ContainerStateMachine.java:loadSnapshot(231)) - group-41DEE84D8837: The snapshot info is null. Setting the last applied indexto:(t:0, i:~)
2019-10-12 10:21:48,890 [pool-423-thread-1] INFO  server.RaftServerConfigKeys (ConfUtils.java:logGet(43)) - raft.server.notification.no-leader.timeout = 120s (custom)
2019-10-12 10:21:48,891 [pool-423-thread-1] INFO  server.RaftServerConfigKeys (ConfUtils.java:logGet(43)) - raft.server.log.use.memory = false (default)
2019-10-12 10:21:48,891 [pool-423-thread-1] INFO  server.RaftServerConfigKeys (ConfUtils.java:logGet(43)) - raft.server.log.purge.gap = 1000000 (custom)
2019-10-12 10:21:48,891 [pool-423-thread-1] INFO  server.RaftServerConfigKeys (ConfUtils.java:logGet(43)) - raft.server.log.appender.buffer.byte-limit = 33554432 (custom)
2019-10-12 10:21:48,891 [pool-423-thread-1] INFO  server.RaftServerConfigKeys (ConfUtils.java:logGet(43)) - raft.server.log.segment.size.max = 1048576 (custom)
2019-10-12 10:21:48,893 [pool-423-thread-1] INFO  server.RaftServerConfigKeys (ConfUtils.java:logGet(43)) - raft.server.log.segment.cache.num.max = 2 (custom)
2019-10-12 10:21:48,893 [pool-423-thread-1] INFO  segmented.SegmentedRaftLogWorker (SegmentedRaftLogWorker.java:<init>(173)) - new 92bb78cc-3f8c-47d7-bf7f-e36e5b3e7b36@group-41DEE84D8837-SegmentedRaftLogWorker for RaftStorage:Storage Directory /workdir/hadoop-ozone/integration-test/target/test-dir/MiniOzoneClusterImpl-f9931351-52ec-4503-b9cc-8bf63e1cd39f/datanode-4/data/ratis/fb3d4bfd-146a-4011-95b0-41dee84d8837
2019-10-12 10:21:48,893 [pool-423-thread-1] INFO  server.RaftServerConfigKeys (ConfUtils.java:logGet(43)) - raft.server.log.queue.byte-limit = 2147483647 (custom)
2019-10-12 10:21:48,893 [pool-423-thread-1] INFO  server.RaftServerConfigKeys (ConfUtils.java:logGet(43)) - raft.server.log.queue.element-limit = 1024 (custom)
2019-10-12 10:21:48,893 [pool-423-thread-1] INFO  server.RaftServerConfigKeys (ConfUtils.java:logGet(43)) - raft.server.log.segment.size.max = 1048576 (custom)
2019-10-12 10:21:48,893 [pool-423-thread-1] INFO  server.RaftServerConfigKeys (ConfUtils.java:logGet(43)) - raft.server.log.preallocated.size = 16384 (custom)
2019-10-12 10:21:48,894 [pool-423-thread-1] INFO  server.RaftServerConfigKeys (ConfUtils.java:logGet(43)) - raft.server.log.write.buffer.size = 33554432 (custom)
2019-10-12 10:21:48,894 [pool-423-thread-1] INFO  server.RaftServerConfigKeys (ConfUtils.java:logGet(43)) - raft.server.log.force.sync.num = 128 (default)
2019-10-12 10:21:48,894 [pool-423-thread-1] INFO  server.RaftServerConfigKeys (ConfUtils.java:logGet(43)) - raft.server.log.statemachine.data.sync = true (default)
2019-10-12 10:21:48,894 [pool-423-thread-1] INFO  server.RaftServerConfigKeys (ConfUtils.java:logGet(43)) - raft.server.log.statemachine.data.sync.timeout = 10s (default)
2019-10-12 10:21:48,894 [pool-423-thread-1] INFO  server.RaftServerConfigKeys (ConfUtils.java:logGet(43)) - raft.server.log.statemachine.data.sync.timeout.retry = -1 (default)
2019-10-12 10:21:48,894 [pool-423-thread-1] INFO  server.RaftServerConfigKeys (ConfUtils.java:logGet(43)) - raft.server.log.statemachine.data.caching.enabled = true (custom)
2019-10-12 10:21:48,895 [pool-423-thread-1] INFO  segmented.SegmentedRaftLogWorker (SegmentedRaftLogWorker.java:lambda$new$0(128)) - 92bb78cc-3f8c-47d7-bf7f-e36e5b3e7b36@group-41DEE84D8837-SegmentedRaftLogWorker: flushIndex: setUnconditionally 0 -> -1
2019-10-12 10:21:48,895 [pool-423-thread-1] INFO  server.RaftServerConfigKeys (ConfUtils.java:logGet(43)) - raft.server.snapshot.auto.trigger.enabled = true (custom)
2019-10-12 10:21:48,895 [pool-423-thread-1] INFO  server.RaftServerConfigKeys (ConfUtils.java:logGet(43)) - raft.server.snapshot.auto.trigger.threshold = 10000 (custom)
2019-10-12 10:21:48,896 [pool-423-thread-1] INFO  server.RaftServerConfigKeys (ConfUtils.java:logGet(43)) - raft.server.snapshot.retention.file.num = 5 (custom)
2019-10-12 10:21:48,896 [pool-423-thread-1] INFO  server.RaftServerConfigKeys (ConfUtils.java:logGet(43)) - raft.server.retrycache.expirytime = 600000ms (custom)
2019-10-12 10:21:48,898 [pool-423-thread-1] INFO  impl.RaftServerImpl (RaftServerImpl.java:start(181)) - 92bb78cc-3f8c-47d7-bf7f-e36e5b3e7b36@group-41DEE84D8837: start as a follower, conf=-1: [92bb78cc-3f8c-47d7-bf7f-e36e5b3e7b36:192.168.5.134:46522], old=null
2019-10-12 10:21:48,898 [pool-423-thread-1] INFO  impl.RaftServerImpl (RaftServerImpl.java:setRole(170)) - 92bb78cc-3f8c-47d7-bf7f-e36e5b3e7b36@group-41DEE84D8837: changes role from      null to FOLLOWER at term 0 for startAsFollower
2019-10-12 10:21:48,899 [pool-423-thread-1] INFO  impl.RoleInfo (RoleInfo.java:updateAndGet(143)) - 92bb78cc-3f8c-47d7-bf7f-e36e5b3e7b36: start FollowerState
2019-10-12 10:21:48,899 [pool-423-thread-1] INFO  util.JmxRegister (JmxRegister.java:tryRegister(44)) - Successfully registered JMX Bean with object name Ratis:service=RaftServer,group=group-41DEE84D8837,id=92bb78cc-3f8c-47d7-bf7f-e36e5b3e7b36
2019-10-12 10:21:48,902 [Command processor thread] INFO  commandhandler.CreatePipelineCommandHandler (CreatePipelineCommandHandler.java:handle(86)) - Create Pipeline RATIS ONE #id: "fb3d4bfd-146a-4011-95b0-41dee84d8837"
 command succeed on datanode 92bb78cc-3f8c-47d7-bf7f-e36e5b3e7b36.
2019-10-12 10:21:48,905 [Command processor thread] INFO  impl.RaftServerProxy (RaftServerProxy.java:addNew(89)) - 92bb78cc-3f8c-47d7-bf7f-e36e5b3e7b36: addNew group-76AF3572C800:[92bb78cc-3f8c-47d7-bf7f-e36e5b3e7b36:192.168.5.134:46522, f555cbac-5274-466e-9328-20197bae6a01:192.168.5.134:39487, 47cc5d93-2c95-4ed7-84b7-52463b84dd59:192.168.5.134:33049] returns group-76AF3572C800:java.util.concurrent.CompletableFuture@281f40f8[Not completed]
2019-10-12 10:21:48,906 [EventQueue-PipelineReportForPipelineReportHandler] INFO  pipeline.PipelineReportHandler (PipelineReportHandler.java:processPipelineReport(104)) - Pipeline ONE PipelineID=fb3d4bfd-146a-4011-95b0-41dee84d8837 reported by 92bb78cc-3f8c-47d7-bf7f-e36e5b3e7b36{ip: 192.168.5.134, host: pr-hdds-2034-qjlc4-3656631144, networkLocation: /default-rack, certSerialId: null}
2019-10-12 10:21:48,906 [EventQueue-PipelineReportForPipelineReportHandler] INFO  pipeline.PipelineStateManager (PipelineStateManager.java:openPipeline(134)) - Pipeline Pipeline[ Id: fb3d4bfd-146a-4011-95b0-41dee84d8837, Nodes: 92bb78cc-3f8c-47d7-bf7f-e36e5b3e7b36{ip: 192.168.5.134, host: pr-hdds-2034-qjlc4-3656631144, networkLocation: /default-rack, certSerialId: null}, Type:RATIS, Factor:ONE, State:ALLOCATED] moved to OPEN state
2019-10-12 10:21:48,906 [pool-423-thread-1] INFO  impl.RaftServerImpl (RaftServerImpl.java:<init>(95)) - 92bb78cc-3f8c-47d7-bf7f-e36e5b3e7b36: new RaftServerImpl for group-76AF3572C800:[92bb78cc-3f8c-47d7-bf7f-e36e5b3e7b36:192.168.5.134:46522, f555cbac-5274-466e-9328-20197bae6a01:192.168.5.134:39487, 47cc5d93-2c95-4ed7-84b7-52463b84dd59:192.168.5.134:33049] with ContainerStateMachine:uninitialized
2019-10-12 10:21:48,907 [pool-423-thread-1] INFO  server.RaftServerConfigKeys (ConfUtils.java:logGet(43)) - raft.server.rpc.timeout.min = 5s (custom)
2019-10-12 10:21:48,907 [pool-423-thread-1] INFO  server.RaftServerConfigKeys (ConfUtils.java:logGet(43)) - raft.server.rpc.timeout.max = 5200ms (custom)
2019-10-12 10:21:48,907 [pool-423-thread-1] INFO  server.RaftServerConfigKeys (ConfUtils.java:logGet(43)) - raft.server.rpcslowness.timeout = 120s (custom)
2019-10-12 10:21:48,907 [pool-423-thread-1] INFO  server.RaftServerConfigKeys (ConfUtils.java:logGet(43)) - raft.server.sleep.deviation.threshold = 300 (default)
2019-10-12 10:21:48,907 [pool-423-thread-1] INFO  server.RaftServerConfigKeys (ConfUtils.java:logGet(43)) - raft.server.log.appender.install.snapshot.enabled = false (custom)
2019-10-12 10:21:48,907 [pool-423-thread-1] INFO  impl.RaftServerImpl (ServerState.java:<init>(103)) - 92bb78cc-3f8c-47d7-bf7f-e36e5b3e7b36@group-76AF3572C800: ConfigurationManager, init=-1: [92bb78cc-3f8c-47d7-bf7f-e36e5b3e7b36:192.168.5.134:46522, f555cbac-5274-466e-9328-20197bae6a01:192.168.5.134:39487, 47cc5d93-2c95-4ed7-84b7-52463b84dd59:192.168.5.134:33049], old=null, confs=<EMPTY_MAP>
2019-10-12 10:21:48,907 [pool-423-thread-1] INFO  server.RaftServerConfigKeys (ConfUtils.java:logGet(43)) - raft.server.storage.dir = [/workdir/hadoop-ozone/integration-test/target/test-dir/MiniOzoneClusterImpl-f9931351-52ec-4503-b9cc-8bf63e1cd39f/datanode-4/data/ratis] (custom)
2019-10-12 10:21:48,908 [pool-423-thread-1] INFO  server.RaftServerConfigKeys (ConfUtils.java:logGet(43)) - raft.server.log.corruption.policy = EXCEPTION (default)
2019-10-12 10:21:48,908 [pool-423-thread-1] INFO  storage.RaftStorageDirectory (RaftStorageDirectory.java:analyzeStorage(246)) - The storage directory /workdir/hadoop-ozone/integration-test/target/test-dir/MiniOzoneClusterImpl-f9931351-52ec-4503-b9cc-8bf63e1cd39f/datanode-4/data/ratis/a3e1016a-a9fb-441a-ae57-76af3572c800 does not exist. Creating ...
2019-10-12 10:21:48,921 [pool-423-thread-1] INFO  storage.RaftStorageDirectory (RaftStorageDirectory.java:tryLock(328)) - Lock on /workdir/hadoop-ozone/integration-test/target/test-dir/MiniOzoneClusterImpl-f9931351-52ec-4503-b9cc-8bf63e1cd39f/datanode-4/data/ratis/a3e1016a-a9fb-441a-ae57-76af3572c800/in_use.lock acquired by nodename 23782@pr-hdds-2034-qjlc4-3656631144
2019-10-12 10:21:48,931 [Command processor thread] INFO  impl.RaftServerProxy (RaftServerProxy.java:addNew(89)) - f555cbac-5274-466e-9328-20197bae6a01: addNew group-2ECC61C0D42A:[f555cbac-5274-466e-9328-20197bae6a01:192.168.5.134:39487] returns group-2ECC61C0D42A:java.util.concurrent.CompletableFuture@605157d5[Not completed]
2019-10-12 10:21:48,933 [pool-433-thread-1] INFO  impl.RaftServerImpl (RaftServerImpl.java:<init>(95)) - f555cbac-5274-466e-9328-20197bae6a01: new RaftServerImpl for group-2ECC61C0D42A:[f555cbac-5274-466e-9328-20197bae6a01:192.168.5.134:39487] with ContainerStateMachine:uninitialized
2019-10-12 10:21:48,933 [pool-433-thread-1] INFO  server.RaftServerConfigKeys (ConfUtils.java:logGet(43)) - raft.server.rpc.timeout.min = 5s (custom)
2019-10-12 10:21:48,933 [pool-433-thread-1] INFO  server.RaftServerConfigKeys (ConfUtils.java:logGet(43)) - raft.server.rpc.timeout.max = 5200ms (custom)
2019-10-12 10:21:48,933 [pool-433-thread-1] INFO  server.RaftServerConfigKeys (ConfUtils.java:logGet(43)) - raft.server.rpcslowness.timeout = 120s (custom)
2019-10-12 10:21:48,934 [pool-433-thread-1] INFO  server.RaftServerConfigKeys (ConfUtils.java:logGet(43)) - raft.server.sleep.deviation.threshold = 300 (default)
2019-10-12 10:21:48,934 [pool-433-thread-1] INFO  server.RaftServerConfigKeys (ConfUtils.java:logGet(43)) - raft.server.log.appender.install.snapshot.enabled = false (custom)
2019-10-12 10:21:48,934 [pool-433-thread-1] INFO  impl.RaftServerImpl (ServerState.java:<init>(103)) - f555cbac-5274-466e-9328-20197bae6a01@group-2ECC61C0D42A: ConfigurationManager, init=-1: [f555cbac-5274-466e-9328-20197bae6a01:192.168.5.134:39487], old=null, confs=<EMPTY_MAP>
2019-10-12 10:21:48,934 [pool-423-thread-1] INFO  storage.RaftStorage (RaftStorage.java:format(84)) - Storage directory /workdir/hadoop-ozone/integration-test/target/test-dir/MiniOzoneClusterImpl-f9931351-52ec-4503-b9cc-8bf63e1cd39f/datanode-4/data/ratis/a3e1016a-a9fb-441a-ae57-76af3572c800 has been successfully formatted.
2019-10-12 10:21:48,934 [pool-433-thread-1] INFO  server.RaftServerConfigKeys (ConfUtils.java:logGet(43)) - raft.server.storage.dir = [/workdir/hadoop-ozone/integration-test/target/test-dir/MiniOzoneClusterImpl-f9931351-52ec-4503-b9cc-8bf63e1cd39f/datanode-5/data/ratis] (custom)
2019-10-12 10:21:48,934 [pool-423-thread-1] INFO  ratis.ContainerStateMachine (ContainerStateMachine.java:loadSnapshot(231)) - group-76AF3572C800: The snapshot info is null. Setting the last applied indexto:(t:0, i:~)
2019-10-12 10:21:48,935 [pool-423-thread-1] INFO  server.RaftServerConfigKeys (ConfUtils.java:logGet(43)) - raft.server.notification.no-leader.timeout = 120s (custom)
2019-10-12 10:21:48,935 [pool-433-thread-1] INFO  server.RaftServerConfigKeys (ConfUtils.java:logGet(43)) - raft.server.log.corruption.policy = EXCEPTION (default)
2019-10-12 10:21:48,935 [pool-423-thread-1] INFO  server.RaftServerConfigKeys (ConfUtils.java:logGet(43)) - raft.server.log.use.memory = false (default)
2019-10-12 10:21:48,935 [pool-433-thread-1] INFO  storage.RaftStorageDirectory (RaftStorageDirectory.java:analyzeStorage(246)) - The storage directory /workdir/hadoop-ozone/integration-test/target/test-dir/MiniOzoneClusterImpl-f9931351-52ec-4503-b9cc-8bf63e1cd39f/datanode-5/data/ratis/1ebbccd9-cc0c-453f-bc82-2ecc61c0d42a does not exist. Creating ...
2019-10-12 10:21:48,935 [pool-423-thread-1] INFO  server.RaftServerConfigKeys (ConfUtils.java:logGet(43)) - raft.server.log.purge.gap = 1000000 (custom)
2019-10-12 10:21:48,935 [pool-423-thread-1] INFO  server.RaftServerConfigKeys (ConfUtils.java:logGet(43)) - raft.server.log.appender.buffer.byte-limit = 33554432 (custom)
2019-10-12 10:21:48,935 [pool-423-thread-1] INFO  server.RaftServerConfigKeys (ConfUtils.java:logGet(43)) - raft.server.log.segment.size.max = 1048576 (custom)
2019-10-12 10:21:48,936 [pool-423-thread-1] INFO  server.RaftServerConfigKeys (ConfUtils.java:logGet(43)) - raft.server.log.segment.cache.num.max = 2 (custom)
2019-10-12 10:21:48,936 [pool-423-thread-1] INFO  segmented.SegmentedRaftLogWorker (SegmentedRaftLogWorker.java:<init>(173)) - new 92bb78cc-3f8c-47d7-bf7f-e36e5b3e7b36@group-76AF3572C800-SegmentedRaftLogWorker for RaftStorage:Storage Directory /workdir/hadoop-ozone/integration-test/target/test-dir/MiniOzoneClusterImpl-f9931351-52ec-4503-b9cc-8bf63e1cd39f/datanode-4/data/ratis/a3e1016a-a9fb-441a-ae57-76af3572c800
2019-10-12 10:21:48,936 [pool-423-thread-1] INFO  server.RaftServerConfigKeys (ConfUtils.java:logGet(43)) - raft.server.log.queue.byte-limit = 2147483647 (custom)
2019-10-12 10:21:48,936 [pool-423-thread-1] INFO  server.RaftServerConfigKeys (ConfUtils.java:logGet(43)) - raft.server.log.queue.element-limit = 1024 (custom)
2019-10-12 10:21:48,936 [pool-423-thread-1] INFO  server.RaftServerConfigKeys (ConfUtils.java:logGet(43)) - raft.server.log.segment.size.max = 1048576 (custom)
2019-10-12 10:21:48,936 [pool-423-thread-1] INFO  server.RaftServerConfigKeys (ConfUtils.java:logGet(43)) - raft.server.log.preallocated.size = 16384 (custom)
2019-10-12 10:21:48,936 [pool-423-thread-1] INFO  server.RaftServerConfigKeys (ConfUtils.java:logGet(43)) - raft.server.log.write.buffer.size = 33554432 (custom)
2019-10-12 10:21:48,936 [pool-423-thread-1] INFO  server.RaftServerConfigKeys (ConfUtils.java:logGet(43)) - raft.server.log.force.sync.num = 128 (default)
2019-10-12 10:21:48,936 [pool-423-thread-1] INFO  server.RaftServerConfigKeys (ConfUtils.java:logGet(43)) - raft.server.log.statemachine.data.sync = true (default)
2019-10-12 10:21:48,937 [pool-423-thread-1] INFO  server.RaftServerConfigKeys (ConfUtils.java:logGet(43)) - raft.server.log.statemachine.data.sync.timeout = 10s (default)
2019-10-12 10:21:48,937 [pool-423-thread-1] INFO  server.RaftServerConfigKeys (ConfUtils.java:logGet(43)) - raft.server.log.statemachine.data.sync.timeout.retry = -1 (default)
2019-10-12 10:21:48,937 [pool-423-thread-1] INFO  server.RaftServerConfigKeys (ConfUtils.java:logGet(43)) - raft.server.log.statemachine.data.caching.enabled = true (custom)
2019-10-12 10:21:48,937 [pool-423-thread-1] INFO  segmented.SegmentedRaftLogWorker (SegmentedRaftLogWorker.java:lambda$new$0(128)) - 92bb78cc-3f8c-47d7-bf7f-e36e5b3e7b36@group-76AF3572C800-SegmentedRaftLogWorker: flushIndex: setUnconditionally 0 -> -1
2019-10-12 10:21:48,937 [pool-423-thread-1] INFO  server.RaftServerConfigKeys (ConfUtils.java:logGet(43)) - raft.server.snapshot.auto.trigger.enabled = true (custom)
2019-10-12 10:21:48,938 [pool-423-thread-1] INFO  server.RaftServerConfigKeys (ConfUtils.java:logGet(43)) - raft.server.snapshot.auto.trigger.threshold = 10000 (custom)
2019-10-12 10:21:48,938 [pool-423-thread-1] INFO  server.RaftServerConfigKeys (ConfUtils.java:logGet(43)) - raft.server.snapshot.retention.file.num = 5 (custom)
2019-10-12 10:21:48,938 [pool-423-thread-1] INFO  server.RaftServerConfigKeys (ConfUtils.java:logGet(43)) - raft.server.retrycache.expirytime = 600000ms (custom)
2019-10-12 10:21:48,940 [pool-423-thread-1] INFO  impl.RaftServerImpl (RaftServerImpl.java:start(181)) - 92bb78cc-3f8c-47d7-bf7f-e36e5b3e7b36@group-76AF3572C800: start as a follower, conf=-1: [92bb78cc-3f8c-47d7-bf7f-e36e5b3e7b36:192.168.5.134:46522, f555cbac-5274-466e-9328-20197bae6a01:192.168.5.134:39487, 47cc5d93-2c95-4ed7-84b7-52463b84dd59:192.168.5.134:33049], old=null
2019-10-12 10:21:48,940 [pool-423-thread-1] INFO  impl.RaftServerImpl (RaftServerImpl.java:setRole(170)) - 92bb78cc-3f8c-47d7-bf7f-e36e5b3e7b36@group-76AF3572C800: changes role from      null to FOLLOWER at term 0 for startAsFollower
2019-10-12 10:21:48,940 [pool-423-thread-1] INFO  impl.RoleInfo (RoleInfo.java:updateAndGet(143)) - 92bb78cc-3f8c-47d7-bf7f-e36e5b3e7b36: start FollowerState
2019-10-12 10:21:48,940 [pool-423-thread-1] INFO  util.JmxRegister (JmxRegister.java:tryRegister(44)) - Successfully registered JMX Bean with object name Ratis:service=RaftServer,group=group-76AF3572C800,id=92bb78cc-3f8c-47d7-bf7f-e36e5b3e7b36
2019-10-12 10:21:48,942 [Command processor thread] INFO  commandhandler.CreatePipelineCommandHandler (CreatePipelineCommandHandler.java:handle(86)) - Create Pipeline RATIS THREE #id: "a3e1016a-a9fb-441a-ae57-76af3572c800"
 command succeed on datanode 92bb78cc-3f8c-47d7-bf7f-e36e5b3e7b36.
2019-10-12 10:21:48,943 [EventQueue-PipelineReportForPipelineReportHandler] INFO  pipeline.PipelineReportHandler (PipelineReportHandler.java:processPipelineReport(104)) - Pipeline THREE PipelineID=a3e1016a-a9fb-441a-ae57-76af3572c800 reported by 92bb78cc-3f8c-47d7-bf7f-e36e5b3e7b36{ip: 192.168.5.134, host: pr-hdds-2034-qjlc4-3656631144, networkLocation: /default-rack, certSerialId: null}
2019-10-12 10:21:48,948 [pool-433-thread-1] INFO  storage.RaftStorageDirectory (RaftStorageDirectory.java:tryLock(328)) - Lock on /workdir/hadoop-ozone/integration-test/target/test-dir/MiniOzoneClusterImpl-f9931351-52ec-4503-b9cc-8bf63e1cd39f/datanode-5/data/ratis/1ebbccd9-cc0c-453f-bc82-2ecc61c0d42a/in_use.lock acquired by nodename 23782@pr-hdds-2034-qjlc4-3656631144
2019-10-12 10:21:48,973 [pool-433-thread-1] INFO  storage.RaftStorage (RaftStorage.java:format(84)) - Storage directory /workdir/hadoop-ozone/integration-test/target/test-dir/MiniOzoneClusterImpl-f9931351-52ec-4503-b9cc-8bf63e1cd39f/datanode-5/data/ratis/1ebbccd9-cc0c-453f-bc82-2ecc61c0d42a has been successfully formatted.
2019-10-12 10:21:48,974 [pool-433-thread-1] INFO  ratis.ContainerStateMachine (ContainerStateMachine.java:loadSnapshot(231)) - group-2ECC61C0D42A: The snapshot info is null. Setting the last applied indexto:(t:0, i:~)
2019-10-12 10:21:48,974 [pool-433-thread-1] INFO  server.RaftServerConfigKeys (ConfUtils.java:logGet(43)) - raft.server.notification.no-leader.timeout = 120s (custom)
2019-10-12 10:21:48,974 [pool-433-thread-1] INFO  server.RaftServerConfigKeys (ConfUtils.java:logGet(43)) - raft.server.log.use.memory = false (default)
2019-10-12 10:21:48,974 [pool-433-thread-1] INFO  server.RaftServerConfigKeys (ConfUtils.java:logGet(43)) - raft.server.log.purge.gap = 1000000 (custom)
2019-10-12 10:21:48,975 [pool-433-thread-1] INFO  server.RaftServerConfigKeys (ConfUtils.java:logGet(43)) - raft.server.log.appender.buffer.byte-limit = 33554432 (custom)
2019-10-12 10:21:48,975 [pool-433-thread-1] INFO  server.RaftServerConfigKeys (ConfUtils.java:logGet(43)) - raft.server.log.segment.size.max = 1048576 (custom)
2019-10-12 10:21:48,977 [pool-433-thread-1] INFO  server.RaftServerConfigKeys (ConfUtils.java:logGet(43)) - raft.server.log.segment.cache.num.max = 2 (custom)
2019-10-12 10:21:48,977 [pool-433-thread-1] INFO  segmented.SegmentedRaftLogWorker (SegmentedRaftLogWorker.java:<init>(173)) - new f555cbac-5274-466e-9328-20197bae6a01@group-2ECC61C0D42A-SegmentedRaftLogWorker for RaftStorage:Storage Directory /workdir/hadoop-ozone/integration-test/target/test-dir/MiniOzoneClusterImpl-f9931351-52ec-4503-b9cc-8bf63e1cd39f/datanode-5/data/ratis/1ebbccd9-cc0c-453f-bc82-2ecc61c0d42a
2019-10-12 10:21:48,977 [pool-433-thread-1] INFO  server.RaftServerConfigKeys (ConfUtils.java:logGet(43)) - raft.server.log.queue.byte-limit = 2147483647 (custom)
2019-10-12 10:21:48,977 [pool-433-thread-1] INFO  server.RaftServerConfigKeys (ConfUtils.java:logGet(43)) - raft.server.log.queue.element-limit = 1024 (custom)
2019-10-12 10:21:48,977 [pool-433-thread-1] INFO  server.RaftServerConfigKeys (ConfUtils.java:logGet(43)) - raft.server.log.segment.size.max = 1048576 (custom)
2019-10-12 10:21:48,977 [pool-433-thread-1] INFO  server.RaftServerConfigKeys (ConfUtils.java:logGet(43)) - raft.server.log.preallocated.size = 16384 (custom)
2019-10-12 10:21:48,977 [pool-433-thread-1] INFO  server.RaftServerConfigKeys (ConfUtils.java:logGet(43)) - raft.server.log.write.buffer.size = 33554432 (custom)
2019-10-12 10:21:48,978 [pool-433-thread-1] INFO  server.RaftServerConfigKeys (ConfUtils.java:logGet(43)) - raft.server.log.force.sync.num = 128 (default)
2019-10-12 10:21:48,978 [pool-433-thread-1] INFO  server.RaftServerConfigKeys (ConfUtils.java:logGet(43)) - raft.server.log.statemachine.data.sync = true (default)
2019-10-12 10:21:48,978 [pool-433-thread-1] INFO  server.RaftServerConfigKeys (ConfUtils.java:logGet(43)) - raft.server.log.statemachine.data.sync.timeout = 10s (default)
2019-10-12 10:21:48,978 [pool-433-thread-1] INFO  server.RaftServerConfigKeys (ConfUtils.java:logGet(43)) - raft.server.log.statemachine.data.sync.timeout.retry = -1 (default)
2019-10-12 10:21:48,978 [pool-433-thread-1] INFO  server.RaftServerConfigKeys (ConfUtils.java:logGet(43)) - raft.server.log.statemachine.data.caching.enabled = true (custom)
2019-10-12 10:21:48,979 [pool-433-thread-1] INFO  segmented.SegmentedRaftLogWorker (SegmentedRaftLogWorker.java:lambda$new$0(128)) - f555cbac-5274-466e-9328-20197bae6a01@group-2ECC61C0D42A-SegmentedRaftLogWorker: flushIndex: setUnconditionally 0 -> -1
2019-10-12 10:21:48,979 [pool-433-thread-1] INFO  server.RaftServerConfigKeys (ConfUtils.java:logGet(43)) - raft.server.snapshot.auto.trigger.enabled = true (custom)
2019-10-12 10:21:48,979 [pool-433-thread-1] INFO  server.RaftServerConfigKeys (ConfUtils.java:logGet(43)) - raft.server.snapshot.auto.trigger.threshold = 10000 (custom)
2019-10-12 10:21:48,979 [pool-433-thread-1] INFO  server.RaftServerConfigKeys (ConfUtils.java:logGet(43)) - raft.server.snapshot.retention.file.num = 5 (custom)
2019-10-12 10:21:48,980 [pool-433-thread-1] INFO  server.RaftServerConfigKeys (ConfUtils.java:logGet(43)) - raft.server.retrycache.expirytime = 600000ms (custom)
2019-10-12 10:21:48,981 [pool-433-thread-1] INFO  impl.RaftServerImpl (RaftServerImpl.java:start(181)) - f555cbac-5274-466e-9328-20197bae6a01@group-2ECC61C0D42A: start as a follower, conf=-1: [f555cbac-5274-466e-9328-20197bae6a01:192.168.5.134:39487], old=null
2019-10-12 10:21:48,982 [pool-433-thread-1] INFO  impl.RaftServerImpl (RaftServerImpl.java:setRole(170)) - f555cbac-5274-466e-9328-20197bae6a01@group-2ECC61C0D42A: changes role from      null to FOLLOWER at term 0 for startAsFollower
2019-10-12 10:21:48,982 [pool-433-thread-1] INFO  impl.RoleInfo (RoleInfo.java:updateAndGet(143)) - f555cbac-5274-466e-9328-20197bae6a01: start FollowerState
2019-10-12 10:21:48,982 [pool-433-thread-1] INFO  util.JmxRegister (JmxRegister.java:tryRegister(44)) - Successfully registered JMX Bean with object name Ratis:service=RaftServer,group=group-2ECC61C0D42A,id=f555cbac-5274-466e-9328-20197bae6a01
2019-10-12 10:21:48,984 [Command processor thread] INFO  commandhandler.CreatePipelineCommandHandler (CreatePipelineCommandHandler.java:handle(86)) - Create Pipeline RATIS ONE #id: "1ebbccd9-cc0c-453f-bc82-2ecc61c0d42a"
 command succeed on datanode f555cbac-5274-466e-9328-20197bae6a01.
2019-10-12 10:21:48,987 [Command processor thread] INFO  impl.RaftServerProxy (RaftServerProxy.java:addNew(89)) - f555cbac-5274-466e-9328-20197bae6a01: addNew group-76AF3572C800:[92bb78cc-3f8c-47d7-bf7f-e36e5b3e7b36:192.168.5.134:46522, f555cbac-5274-466e-9328-20197bae6a01:192.168.5.134:39487, 47cc5d93-2c95-4ed7-84b7-52463b84dd59:192.168.5.134:33049] returns group-76AF3572C800:java.util.concurrent.CompletableFuture@646ecf07[Not completed]
2019-10-12 10:21:48,988 [EventQueue-PipelineReportForPipelineReportHandler] INFO  pipeline.PipelineReportHandler (PipelineReportHandler.java:processPipelineReport(104)) - Pipeline ONE PipelineID=1ebbccd9-cc0c-453f-bc82-2ecc61c0d42a reported by f555cbac-5274-466e-9328-20197bae6a01{ip: 192.168.5.134, host: pr-hdds-2034-qjlc4-3656631144, networkLocation: /default-rack, certSerialId: null}
2019-10-12 10:21:48,988 [EventQueue-PipelineReportForPipelineReportHandler] INFO  pipeline.PipelineStateManager (PipelineStateManager.java:openPipeline(134)) - Pipeline Pipeline[ Id: 1ebbccd9-cc0c-453f-bc82-2ecc61c0d42a, Nodes: f555cbac-5274-466e-9328-20197bae6a01{ip: 192.168.5.134, host: pr-hdds-2034-qjlc4-3656631144, networkLocation: /default-rack, certSerialId: null}, Type:RATIS, Factor:ONE, State:ALLOCATED] moved to OPEN state
2019-10-12 10:21:48,989 [pool-433-thread-1] INFO  impl.RaftServerImpl (RaftServerImpl.java:<init>(95)) - f555cbac-5274-466e-9328-20197bae6a01: new RaftServerImpl for group-76AF3572C800:[92bb78cc-3f8c-47d7-bf7f-e36e5b3e7b36:192.168.5.134:46522, f555cbac-5274-466e-9328-20197bae6a01:192.168.5.134:39487, 47cc5d93-2c95-4ed7-84b7-52463b84dd59:192.168.5.134:33049] with ContainerStateMachine:uninitialized
2019-10-12 10:21:48,989 [pool-433-thread-1] INFO  server.RaftServerConfigKeys (ConfUtils.java:logGet(43)) - raft.server.rpc.timeout.min = 5s (custom)
2019-10-12 10:21:48,989 [pool-433-thread-1] INFO  server.RaftServerConfigKeys (ConfUtils.java:logGet(43)) - raft.server.rpc.timeout.max = 5200ms (custom)
2019-10-12 10:21:48,989 [pool-433-thread-1] INFO  server.RaftServerConfigKeys (ConfUtils.java:logGet(43)) - raft.server.rpcslowness.timeout = 120s (custom)
2019-10-12 10:21:48,989 [pool-433-thread-1] INFO  server.RaftServerConfigKeys (ConfUtils.java:logGet(43)) - raft.server.sleep.deviation.threshold = 300 (default)
2019-10-12 10:21:48,989 [pool-433-thread-1] INFO  server.RaftServerConfigKeys (ConfUtils.java:logGet(43)) - raft.server.log.appender.install.snapshot.enabled = false (custom)
2019-10-12 10:21:48,990 [pool-433-thread-1] INFO  impl.RaftServerImpl (ServerState.java:<init>(103)) - f555cbac-5274-466e-9328-20197bae6a01@group-76AF3572C800: ConfigurationManager, init=-1: [92bb78cc-3f8c-47d7-bf7f-e36e5b3e7b36:192.168.5.134:46522, f555cbac-5274-466e-9328-20197bae6a01:192.168.5.134:39487, 47cc5d93-2c95-4ed7-84b7-52463b84dd59:192.168.5.134:33049], old=null, confs=<EMPTY_MAP>
2019-10-12 10:21:48,990 [pool-433-thread-1] INFO  server.RaftServerConfigKeys (ConfUtils.java:logGet(43)) - raft.server.storage.dir = [/workdir/hadoop-ozone/integration-test/target/test-dir/MiniOzoneClusterImpl-f9931351-52ec-4503-b9cc-8bf63e1cd39f/datanode-5/data/ratis] (custom)
2019-10-12 10:21:48,990 [pool-433-thread-1] INFO  server.RaftServerConfigKeys (ConfUtils.java:logGet(43)) - raft.server.log.corruption.policy = EXCEPTION (default)
2019-10-12 10:21:48,990 [pool-433-thread-1] INFO  storage.RaftStorageDirectory (RaftStorageDirectory.java:analyzeStorage(246)) - The storage directory /workdir/hadoop-ozone/integration-test/target/test-dir/MiniOzoneClusterImpl-f9931351-52ec-4503-b9cc-8bf63e1cd39f/datanode-5/data/ratis/a3e1016a-a9fb-441a-ae57-76af3572c800 does not exist. Creating ...
2019-10-12 10:21:49,002 [pool-433-thread-1] INFO  storage.RaftStorageDirectory (RaftStorageDirectory.java:tryLock(328)) - Lock on /workdir/hadoop-ozone/integration-test/target/test-dir/MiniOzoneClusterImpl-f9931351-52ec-4503-b9cc-8bf63e1cd39f/datanode-5/data/ratis/a3e1016a-a9fb-441a-ae57-76af3572c800/in_use.lock acquired by nodename 23782@pr-hdds-2034-qjlc4-3656631144
2019-10-12 10:21:49,016 [pool-433-thread-1] INFO  storage.RaftStorage (RaftStorage.java:format(84)) - Storage directory /workdir/hadoop-ozone/integration-test/target/test-dir/MiniOzoneClusterImpl-f9931351-52ec-4503-b9cc-8bf63e1cd39f/datanode-5/data/ratis/a3e1016a-a9fb-441a-ae57-76af3572c800 has been successfully formatted.
2019-10-12 10:21:49,016 [Command processor thread] INFO  impl.RaftServerProxy (RaftServerProxy.java:addNew(89)) - d147de71-dabc-4e33-ade9-c1697c33eae6: addNew group-E487BFAA822F:[d147de71-dabc-4e33-ade9-c1697c33eae6:192.168.5.134:45130] returns group-E487BFAA822F:java.util.concurrent.CompletableFuture@4f4d7a03[Not completed]
2019-10-12 10:21:49,017 [pool-433-thread-1] INFO  ratis.ContainerStateMachine (ContainerStateMachine.java:loadSnapshot(231)) - group-76AF3572C800: The snapshot info is null. Setting the last applied indexto:(t:0, i:~)
2019-10-12 10:21:49,017 [pool-433-thread-1] INFO  server.RaftServerConfigKeys (ConfUtils.java:logGet(43)) - raft.server.notification.no-leader.timeout = 120s (custom)
2019-10-12 10:21:49,017 [pool-433-thread-1] INFO  server.RaftServerConfigKeys (ConfUtils.java:logGet(43)) - raft.server.log.use.memory = false (default)
2019-10-12 10:21:49,017 [pool-433-thread-1] INFO  server.RaftServerConfigKeys (ConfUtils.java:logGet(43)) - raft.server.log.purge.gap = 1000000 (custom)
2019-10-12 10:21:49,017 [pool-433-thread-1] INFO  server.RaftServerConfigKeys (ConfUtils.java:logGet(43)) - raft.server.log.appender.buffer.byte-limit = 33554432 (custom)
2019-10-12 10:21:49,017 [pool-433-thread-1] INFO  server.RaftServerConfigKeys (ConfUtils.java:logGet(43)) - raft.server.log.segment.size.max = 1048576 (custom)
2019-10-12 10:21:49,018 [pool-433-thread-1] INFO  server.RaftServerConfigKeys (ConfUtils.java:logGet(43)) - raft.server.log.segment.cache.num.max = 2 (custom)
2019-10-12 10:21:49,018 [pool-433-thread-1] INFO  segmented.SegmentedRaftLogWorker (SegmentedRaftLogWorker.java:<init>(173)) - new f555cbac-5274-466e-9328-20197bae6a01@group-76AF3572C800-SegmentedRaftLogWorker for RaftStorage:Storage Directory /workdir/hadoop-ozone/integration-test/target/test-dir/MiniOzoneClusterImpl-f9931351-52ec-4503-b9cc-8bf63e1cd39f/datanode-5/data/ratis/a3e1016a-a9fb-441a-ae57-76af3572c800
2019-10-12 10:21:49,018 [pool-443-thread-1] INFO  impl.RaftServerImpl (RaftServerImpl.java:<init>(95)) - d147de71-dabc-4e33-ade9-c1697c33eae6: new RaftServerImpl for group-E487BFAA822F:[d147de71-dabc-4e33-ade9-c1697c33eae6:192.168.5.134:45130] with ContainerStateMachine:uninitialized
2019-10-12 10:21:49,018 [pool-433-thread-1] INFO  server.RaftServerConfigKeys (ConfUtils.java:logGet(43)) - raft.server.log.queue.byte-limit = 2147483647 (custom)
2019-10-12 10:21:49,018 [pool-443-thread-1] INFO  server.RaftServerConfigKeys (ConfUtils.java:logGet(43)) - raft.server.rpc.timeout.min = 5s (custom)
2019-10-12 10:21:49,018 [pool-433-thread-1] INFO  server.RaftServerConfigKeys (ConfUtils.java:logGet(43)) - raft.server.log.queue.element-limit = 1024 (custom)
2019-10-12 10:21:49,018 [pool-443-thread-1] INFO  server.RaftServerConfigKeys (ConfUtils.java:logGet(43)) - raft.server.rpc.timeout.max = 5200ms (custom)
2019-10-12 10:21:49,019 [pool-433-thread-1] INFO  server.RaftServerConfigKeys (ConfUtils.java:logGet(43)) - raft.server.log.segment.size.max = 1048576 (custom)
2019-10-12 10:21:49,019 [pool-443-thread-1] INFO  server.RaftServerConfigKeys (ConfUtils.java:logGet(43)) - raft.server.rpcslowness.timeout = 120s (custom)
2019-10-12 10:21:49,019 [pool-433-thread-1] INFO  server.RaftServerConfigKeys (ConfUtils.java:logGet(43)) - raft.server.log.preallocated.size = 16384 (custom)
2019-10-12 10:21:49,019 [pool-443-thread-1] INFO  server.RaftServerConfigKeys (ConfUtils.java:logGet(43)) - raft.server.sleep.deviation.threshold = 300 (default)
2019-10-12 10:21:49,019 [pool-433-thread-1] INFO  server.RaftServerConfigKeys (ConfUtils.java:logGet(43)) - raft.server.log.write.buffer.size = 33554432 (custom)
2019-10-12 10:21:49,019 [pool-443-thread-1] INFO  server.RaftServerConfigKeys (ConfUtils.java:logGet(43)) - raft.server.log.appender.install.snapshot.enabled = false (custom)
2019-10-12 10:21:49,020 [pool-433-thread-1] INFO  server.RaftServerConfigKeys (ConfUtils.java:logGet(43)) - raft.server.log.force.sync.num = 128 (default)
2019-10-12 10:21:49,020 [pool-443-thread-1] INFO  impl.RaftServerImpl (ServerState.java:<init>(103)) - d147de71-dabc-4e33-ade9-c1697c33eae6@group-E487BFAA822F: ConfigurationManager, init=-1: [d147de71-dabc-4e33-ade9-c1697c33eae6:192.168.5.134:45130], old=null, confs=<EMPTY_MAP>
2019-10-12 10:21:49,020 [pool-433-thread-1] INFO  server.RaftServerConfigKeys (ConfUtils.java:logGet(43)) - raft.server.log.statemachine.data.sync = true (default)
2019-10-12 10:21:49,020 [main] INFO  ozone.MiniOzoneClusterImpl (MiniOzoneClusterImpl.java:lambda$waitForClusterToBeReady$0(149)) - Nodes are ready. Got 7 of 7 DN Heartbeats.
2019-10-12 10:21:49,020 [main] INFO  ozone.MiniOzoneClusterImpl (MiniOzoneClusterImpl.java:lambda$waitForClusterToBeReady$0(152)) - Waiting for cluster to exit safe mode
2019-10-12 10:21:49,020 [pool-443-thread-1] INFO  server.RaftServerConfigKeys (ConfUtils.java:logGet(43)) - raft.server.storage.dir = [/workdir/hadoop-ozone/integration-test/target/test-dir/MiniOzoneClusterImpl-f9931351-52ec-4503-b9cc-8bf63e1cd39f/datanode-6/data/ratis] (custom)
2019-10-12 10:21:49,020 [pool-433-thread-1] INFO  server.RaftServerConfigKeys (ConfUtils.java:logGet(43)) - raft.server.log.statemachine.data.sync.timeout = 10s (default)
2019-10-12 10:21:49,021 [pool-433-thread-1] INFO  server.RaftServerConfigKeys (ConfUtils.java:logGet(43)) - raft.server.log.statemachine.data.sync.timeout.retry = -1 (default)
2019-10-12 10:21:49,021 [pool-443-thread-1] INFO  server.RaftServerConfigKeys (ConfUtils.java:logGet(43)) - raft.server.log.corruption.policy = EXCEPTION (default)
2019-10-12 10:21:49,021 [pool-433-thread-1] INFO  server.RaftServerConfigKeys (ConfUtils.java:logGet(43)) - raft.server.log.statemachine.data.caching.enabled = true (custom)
2019-10-12 10:21:49,021 [pool-443-thread-1] INFO  storage.RaftStorageDirectory (RaftStorageDirectory.java:analyzeStorage(246)) - The storage directory /workdir/hadoop-ozone/integration-test/target/test-dir/MiniOzoneClusterImpl-f9931351-52ec-4503-b9cc-8bf63e1cd39f/datanode-6/data/ratis/b47d3e04-eb08-444b-aad7-e487bfaa822f does not exist. Creating ...
2019-10-12 10:21:49,022 [pool-433-thread-1] INFO  segmented.SegmentedRaftLogWorker (SegmentedRaftLogWorker.java:lambda$new$0(128)) - f555cbac-5274-466e-9328-20197bae6a01@group-76AF3572C800-SegmentedRaftLogWorker: flushIndex: setUnconditionally 0 -> -1
2019-10-12 10:21:49,022 [pool-433-thread-1] INFO  server.RaftServerConfigKeys (ConfUtils.java:logGet(43)) - raft.server.snapshot.auto.trigger.enabled = true (custom)
2019-10-12 10:21:49,022 [pool-433-thread-1] INFO  server.RaftServerConfigKeys (ConfUtils.java:logGet(43)) - raft.server.snapshot.auto.trigger.threshold = 10000 (custom)
2019-10-12 10:21:49,022 [pool-433-thread-1] INFO  server.RaftServerConfigKeys (ConfUtils.java:logGet(43)) - raft.server.snapshot.retention.file.num = 5 (custom)
2019-10-12 10:21:49,022 [pool-433-thread-1] INFO  server.RaftServerConfigKeys (ConfUtils.java:logGet(43)) - raft.server.retrycache.expirytime = 600000ms (custom)
2019-10-12 10:21:49,024 [pool-433-thread-1] INFO  impl.RaftServerImpl (RaftServerImpl.java:start(181)) - f555cbac-5274-466e-9328-20197bae6a01@group-76AF3572C800: start as a follower, conf=-1: [92bb78cc-3f8c-47d7-bf7f-e36e5b3e7b36:192.168.5.134:46522, f555cbac-5274-466e-9328-20197bae6a01:192.168.5.134:39487, 47cc5d93-2c95-4ed7-84b7-52463b84dd59:192.168.5.134:33049], old=null
2019-10-12 10:21:49,024 [pool-433-thread-1] INFO  impl.RaftServerImpl (RaftServerImpl.java:setRole(170)) - f555cbac-5274-466e-9328-20197bae6a01@group-76AF3572C800: changes role from      null to FOLLOWER at term 0 for startAsFollower
2019-10-12 10:21:49,024 [pool-433-thread-1] INFO  impl.RoleInfo (RoleInfo.java:updateAndGet(143)) - f555cbac-5274-466e-9328-20197bae6a01: start FollowerState
2019-10-12 10:21:49,025 [pool-433-thread-1] INFO  util.JmxRegister (JmxRegister.java:tryRegister(44)) - Successfully registered JMX Bean with object name Ratis:service=RaftServer,group=group-76AF3572C800,id=f555cbac-5274-466e-9328-20197bae6a01
2019-10-12 10:21:49,027 [Command processor thread] INFO  commandhandler.CreatePipelineCommandHandler (CreatePipelineCommandHandler.java:handle(86)) - Create Pipeline RATIS THREE #id: "a3e1016a-a9fb-441a-ae57-76af3572c800"
 command succeed on datanode f555cbac-5274-466e-9328-20197bae6a01.
2019-10-12 10:21:49,027 [EventQueue-PipelineReportForPipelineReportHandler] INFO  pipeline.PipelineReportHandler (PipelineReportHandler.java:processPipelineReport(104)) - Pipeline THREE PipelineID=a3e1016a-a9fb-441a-ae57-76af3572c800 reported by f555cbac-5274-466e-9328-20197bae6a01{ip: 192.168.5.134, host: pr-hdds-2034-qjlc4-3656631144, networkLocation: /default-rack, certSerialId: null}
2019-10-12 10:21:49,028 [EventQueue-PipelineReportForPipelineReportHandler] INFO  pipeline.PipelineStateManager (PipelineStateManager.java:openPipeline(134)) - Pipeline Pipeline[ Id: a3e1016a-a9fb-441a-ae57-76af3572c800, Nodes: 47cc5d93-2c95-4ed7-84b7-52463b84dd59{ip: 192.168.5.134, host: pr-hdds-2034-qjlc4-3656631144, networkLocation: /default-rack, certSerialId: null}92bb78cc-3f8c-47d7-bf7f-e36e5b3e7b36{ip: 192.168.5.134, host: pr-hdds-2034-qjlc4-3656631144, networkLocation: /default-rack, certSerialId: null}f555cbac-5274-466e-9328-20197bae6a01{ip: 192.168.5.134, host: pr-hdds-2034-qjlc4-3656631144, networkLocation: /default-rack, certSerialId: null}, Type:RATIS, Factor:THREE, State:ALLOCATED] moved to OPEN state
2019-10-12 10:21:49,034 [pool-443-thread-1] INFO  storage.RaftStorageDirectory (RaftStorageDirectory.java:tryLock(328)) - Lock on /workdir/hadoop-ozone/integration-test/target/test-dir/MiniOzoneClusterImpl-f9931351-52ec-4503-b9cc-8bf63e1cd39f/datanode-6/data/ratis/b47d3e04-eb08-444b-aad7-e487bfaa822f/in_use.lock acquired by nodename 23782@pr-hdds-2034-qjlc4-3656631144
2019-10-12 10:21:49,048 [pool-443-thread-1] INFO  storage.RaftStorage (RaftStorage.java:format(84)) - Storage directory /workdir/hadoop-ozone/integration-test/target/test-dir/MiniOzoneClusterImpl-f9931351-52ec-4503-b9cc-8bf63e1cd39f/datanode-6/data/ratis/b47d3e04-eb08-444b-aad7-e487bfaa822f has been successfully formatted.
2019-10-12 10:21:49,048 [pool-443-thread-1] INFO  ratis.ContainerStateMachine (ContainerStateMachine.java:loadSnapshot(231)) - group-E487BFAA822F: The snapshot info is null. Setting the last applied indexto:(t:0, i:~)
2019-10-12 10:21:49,048 [pool-443-thread-1] INFO  server.RaftServerConfigKeys (ConfUtils.java:logGet(43)) - raft.server.notification.no-leader.timeout = 120s (custom)
2019-10-12 10:21:49,048 [pool-443-thread-1] INFO  server.RaftServerConfigKeys (ConfUtils.java:logGet(43)) - raft.server.log.use.memory = false (default)
2019-10-12 10:21:49,049 [pool-443-thread-1] INFO  server.RaftServerConfigKeys (ConfUtils.java:logGet(43)) - raft.server.log.purge.gap = 1000000 (custom)
2019-10-12 10:21:49,049 [pool-443-thread-1] INFO  server.RaftServerConfigKeys (ConfUtils.java:logGet(43)) - raft.server.log.appender.buffer.byte-limit = 33554432 (custom)
2019-10-12 10:21:49,049 [pool-443-thread-1] INFO  server.RaftServerConfigKeys (ConfUtils.java:logGet(43)) - raft.server.log.segment.size.max = 1048576 (custom)
2019-10-12 10:21:49,051 [pool-443-thread-1] INFO  server.RaftServerConfigKeys (ConfUtils.java:logGet(43)) - raft.server.log.segment.cache.num.max = 2 (custom)
2019-10-12 10:21:49,051 [pool-443-thread-1] INFO  segmented.SegmentedRaftLogWorker (SegmentedRaftLogWorker.java:<init>(173)) - new d147de71-dabc-4e33-ade9-c1697c33eae6@group-E487BFAA822F-SegmentedRaftLogWorker for RaftStorage:Storage Directory /workdir/hadoop-ozone/integration-test/target/test-dir/MiniOzoneClusterImpl-f9931351-52ec-4503-b9cc-8bf63e1cd39f/datanode-6/data/ratis/b47d3e04-eb08-444b-aad7-e487bfaa822f
2019-10-12 10:21:49,051 [pool-443-thread-1] INFO  server.RaftServerConfigKeys (ConfUtils.java:logGet(43)) - raft.server.log.queue.byte-limit = 2147483647 (custom)
2019-10-12 10:21:49,052 [pool-443-thread-1] INFO  server.RaftServerConfigKeys (ConfUtils.java:logGet(43)) - raft.server.log.queue.element-limit = 1024 (custom)
2019-10-12 10:21:49,052 [pool-443-thread-1] INFO  server.RaftServerConfigKeys (ConfUtils.java:logGet(43)) - raft.server.log.segment.size.max = 1048576 (custom)
2019-10-12 10:21:49,052 [pool-443-thread-1] INFO  server.RaftServerConfigKeys (ConfUtils.java:logGet(43)) - raft.server.log.preallocated.size = 16384 (custom)
2019-10-12 10:21:49,052 [pool-443-thread-1] INFO  server.RaftServerConfigKeys (ConfUtils.java:logGet(43)) - raft.server.log.write.buffer.size = 33554432 (custom)
2019-10-12 10:21:49,052 [pool-443-thread-1] INFO  server.RaftServerConfigKeys (ConfUtils.java:logGet(43)) - raft.server.log.force.sync.num = 128 (default)
2019-10-12 10:21:49,052 [pool-443-thread-1] INFO  server.RaftServerConfigKeys (ConfUtils.java:logGet(43)) - raft.server.log.statemachine.data.sync = true (default)
2019-10-12 10:21:49,053 [pool-443-thread-1] INFO  server.RaftServerConfigKeys (ConfUtils.java:logGet(43)) - raft.server.log.statemachine.data.sync.timeout = 10s (default)
2019-10-12 10:21:49,053 [pool-443-thread-1] INFO  server.RaftServerConfigKeys (ConfUtils.java:logGet(43)) - raft.server.log.statemachine.data.sync.timeout.retry = -1 (default)
2019-10-12 10:21:49,053 [pool-443-thread-1] INFO  server.RaftServerConfigKeys (ConfUtils.java:logGet(43)) - raft.server.log.statemachine.data.caching.enabled = true (custom)
2019-10-12 10:21:49,054 [pool-443-thread-1] INFO  segmented.SegmentedRaftLogWorker (SegmentedRaftLogWorker.java:lambda$new$0(128)) - d147de71-dabc-4e33-ade9-c1697c33eae6@group-E487BFAA822F-SegmentedRaftLogWorker: flushIndex: setUnconditionally 0 -> -1
2019-10-12 10:21:49,054 [pool-443-thread-1] INFO  server.RaftServerConfigKeys (ConfUtils.java:logGet(43)) - raft.server.snapshot.auto.trigger.enabled = true (custom)
2019-10-12 10:21:49,054 [pool-443-thread-1] INFO  server.RaftServerConfigKeys (ConfUtils.java:logGet(43)) - raft.server.snapshot.auto.trigger.threshold = 10000 (custom)
2019-10-12 10:21:49,054 [pool-443-thread-1] INFO  server.RaftServerConfigKeys (ConfUtils.java:logGet(43)) - raft.server.snapshot.retention.file.num = 5 (custom)
2019-10-12 10:21:49,054 [pool-443-thread-1] INFO  server.RaftServerConfigKeys (ConfUtils.java:logGet(43)) - raft.server.retrycache.expirytime = 600000ms (custom)
2019-10-12 10:21:49,056 [pool-443-thread-1] INFO  impl.RaftServerImpl (RaftServerImpl.java:start(181)) - d147de71-dabc-4e33-ade9-c1697c33eae6@group-E487BFAA822F: start as a follower, conf=-1: [d147de71-dabc-4e33-ade9-c1697c33eae6:192.168.5.134:45130], old=null
2019-10-12 10:21:49,056 [pool-443-thread-1] INFO  impl.RaftServerImpl (RaftServerImpl.java:setRole(170)) - d147de71-dabc-4e33-ade9-c1697c33eae6@group-E487BFAA822F: changes role from      null to FOLLOWER at term 0 for startAsFollower
2019-10-12 10:21:49,057 [pool-443-thread-1] INFO  impl.RoleInfo (RoleInfo.java:updateAndGet(143)) - d147de71-dabc-4e33-ade9-c1697c33eae6: start FollowerState
2019-10-12 10:21:49,057 [pool-443-thread-1] INFO  util.JmxRegister (JmxRegister.java:tryRegister(44)) - Successfully registered JMX Bean with object name Ratis:service=RaftServer,group=group-E487BFAA822F,id=d147de71-dabc-4e33-ade9-c1697c33eae6
2019-10-12 10:21:49,059 [Command processor thread] INFO  commandhandler.CreatePipelineCommandHandler (CreatePipelineCommandHandler.java:handle(86)) - Create Pipeline RATIS ONE #id: "b47d3e04-eb08-444b-aad7-e487bfaa822f"
 command succeed on datanode d147de71-dabc-4e33-ade9-c1697c33eae6.
2019-10-12 10:21:49,062 [EventQueue-PipelineReportForPipelineReportHandler] INFO  pipeline.PipelineReportHandler (PipelineReportHandler.java:processPipelineReport(104)) - Pipeline ONE PipelineID=b47d3e04-eb08-444b-aad7-e487bfaa822f reported by d147de71-dabc-4e33-ade9-c1697c33eae6{ip: 192.168.5.134, host: pr-hdds-2034-qjlc4-3656631144, networkLocation: /default-rack, certSerialId: null}
2019-10-12 10:21:49,062 [EventQueue-PipelineReportForPipelineReportHandler] INFO  pipeline.PipelineStateManager (PipelineStateManager.java:openPipeline(134)) - Pipeline Pipeline[ Id: b47d3e04-eb08-444b-aad7-e487bfaa822f, Nodes: d147de71-dabc-4e33-ade9-c1697c33eae6{ip: 192.168.5.134, host: pr-hdds-2034-qjlc4-3656631144, networkLocation: /default-rack, certSerialId: null}, Type:RATIS, Factor:ONE, State:ALLOCATED] moved to OPEN state
2019-10-12 10:21:50,021 [main] INFO  ozone.MiniOzoneClusterImpl (MiniOzoneClusterImpl.java:lambda$waitForClusterToBeReady$0(149)) - Nodes are ready. Got 7 of 7 DN Heartbeats.
2019-10-12 10:21:50,022 [main] INFO  ozone.MiniOzoneClusterImpl (MiniOzoneClusterImpl.java:lambda$waitForClusterToBeReady$0(152)) - Waiting for cluster to exit safe mode
2019-10-12 10:21:51,023 [main] INFO  ozone.MiniOzoneClusterImpl (MiniOzoneClusterImpl.java:lambda$waitForClusterToBeReady$0(149)) - Nodes are ready. Got 7 of 7 DN Heartbeats.
2019-10-12 10:21:51,023 [main] INFO  ozone.MiniOzoneClusterImpl (MiniOzoneClusterImpl.java:lambda$waitForClusterToBeReady$0(152)) - Waiting for cluster to exit safe mode
2019-10-12 10:21:51,634 [EventQueue-OpenPipelineForHealthyPipelineSafeModeRule] INFO  safemode.SCMSafeModeManager (SCMSafeModeManager.java:exitSafeMode(211)) - SCM exiting safe mode.
2019-10-12 10:21:51,635 [EventQueue-OpenPipelineForOneReplicaPipelineSafeModeRule] INFO  safemode.SCMSafeModeManager (SCMSafeModeManager.java:validateSafeModeExitRules(174)) - AtleastOneDatanodeReportedRule rule is successfully validated
2019-10-12 10:21:51,636 [EventQueue-OpenPipelineForOneReplicaPipelineSafeModeRule] INFO  safemode.SCMSafeModeManager (SCMSafeModeManager.java:validateSafeModeExitRules(183)) - ScmSafeModeManager, all rules are successfully validated
2019-10-12 10:21:52,023 [main] INFO  ozone.MiniOzoneClusterImpl (MiniOzoneClusterImpl.java:lambda$waitForClusterToBeReady$0(149)) - Nodes are ready. Got 7 of 7 DN Heartbeats.
2019-10-12 10:21:52,024 [main] INFO  ozone.MiniOzoneClusterImpl (MiniOzoneClusterImpl.java:lambda$waitForClusterToBeReady$0(152)) - Cluster exits safe mode
2019-10-12 10:21:52,067 [main] INFO  rpc.RpcClient (RpcClient.java:createVolume(272)) - Creating Volume: watchforcommithandlingtest, with jenkins1000 as owner.
2019-10-12 10:21:52,071 [IPC Server handler 4 on 42883] INFO  volume.OMVolumeCreateRequest (OMVolumeCreateRequest.java:validateAndUpdateCache(193)) - created volume:watchforcommithandlingtest for user:jenkins1000
2019-10-12 10:21:52,092 [main] INFO  rpc.RpcClient (RpcClient.java:createBucket(411)) - Creating Bucket: watchforcommithandlingtest/watchforcommithandlingtest, with Versioning false and Storage Type set to DISK and Encryption set to false 
2019-10-12 10:21:52,097 [main] INFO  ozone.MiniOzoneClusterImpl (MiniOzoneClusterImpl.java:getStorageContainerLocationClient(239)) - Creating StorageContainerLocationProtocol RPC client with address /0.0.0.0:41305
2019-10-12 10:21:53,756 [Thread-2351] INFO  impl.FollowerState (FollowerState.java:run(108)) - 51deee32-efc8-49a8-a097-12875679bec7@group-6674C1167E0C-FollowerState: change to CANDIDATE, lastRpcTime:5050ms, electionTimeout:5050ms
2019-10-12 10:21:53,757 [Thread-2351] INFO  impl.RoleInfo (RoleInfo.java:shutdownFollowerState(121)) - 51deee32-efc8-49a8-a097-12875679bec7: shutdown FollowerState
2019-10-12 10:21:53,757 [Thread-2351] INFO  impl.RaftServerImpl (RaftServerImpl.java:setRole(170)) - 51deee32-efc8-49a8-a097-12875679bec7@group-6674C1167E0C: changes role from  FOLLOWER to CANDIDATE at term 0 for changeToCandidate
2019-10-12 10:21:53,757 [Thread-2351] INFO  impl.RoleInfo (RoleInfo.java:updateAndGet(143)) - 51deee32-efc8-49a8-a097-12875679bec7: start LeaderElection
2019-10-12 10:21:53,761 [Thread-2354] INFO  impl.FollowerState (FollowerState.java:run(108)) - cf91553c-1d08-47b5-9609-e12b61a10915@group-A1D7D66D0A22-FollowerState: change to CANDIDATE, lastRpcTime:5038ms, electionTimeout:5036ms
2019-10-12 10:21:53,763 [Thread-2354] INFO  impl.RoleInfo (RoleInfo.java:shutdownFollowerState(121)) - cf91553c-1d08-47b5-9609-e12b61a10915: shutdown FollowerState
2019-10-12 10:21:53,763 [Thread-2354] INFO  impl.RaftServerImpl (RaftServerImpl.java:setRole(170)) - cf91553c-1d08-47b5-9609-e12b61a10915@group-A1D7D66D0A22: changes role from  FOLLOWER to CANDIDATE at term 0 for changeToCandidate
2019-10-12 10:21:53,763 [Thread-2354] INFO  impl.RoleInfo (RoleInfo.java:updateAndGet(143)) - cf91553c-1d08-47b5-9609-e12b61a10915: start LeaderElection
2019-10-12 10:21:53,769 [Thread-2358] INFO  impl.FollowerState (FollowerState.java:run(108)) - cf91553c-1d08-47b5-9609-e12b61a10915@group-6674C1167E0C-FollowerState: change to CANDIDATE, lastRpcTime:5025ms, electionTimeout:5025ms
2019-10-12 10:21:53,769 [Thread-2358] INFO  impl.RoleInfo (RoleInfo.java:shutdownFollowerState(121)) - cf91553c-1d08-47b5-9609-e12b61a10915: shutdown FollowerState
2019-10-12 10:21:53,769 [Thread-2358] INFO  impl.RaftServerImpl (RaftServerImpl.java:setRole(170)) - cf91553c-1d08-47b5-9609-e12b61a10915@group-6674C1167E0C: changes role from  FOLLOWER to CANDIDATE at term 0 for changeToCandidate
2019-10-12 10:21:53,769 [Thread-2358] INFO  impl.RoleInfo (RoleInfo.java:updateAndGet(143)) - cf91553c-1d08-47b5-9609-e12b61a10915: start LeaderElection
2019-10-12 10:21:53,782 [cf91553c-1d08-47b5-9609-e12b61a10915@group-A1D7D66D0A22-LeaderElection92] INFO  impl.LeaderElection (LeaderElection.java:askForVotes(178)) - cf91553c-1d08-47b5-9609-e12b61a10915@group-A1D7D66D0A22-LeaderElection92: begin an election at term 1 for -1: [cf91553c-1d08-47b5-9609-e12b61a10915:192.168.5.134:42337], old=null
2019-10-12 10:21:53,782 [cf91553c-1d08-47b5-9609-e12b61a10915@group-6674C1167E0C-LeaderElection93] INFO  impl.LeaderElection (LeaderElection.java:askForVotes(178)) - cf91553c-1d08-47b5-9609-e12b61a10915@group-6674C1167E0C-LeaderElection93: begin an election at term 1 for -1: [90ad4614-55d2-4680-b42d-d3edb0fdc15d:192.168.5.134:43140, 51deee32-efc8-49a8-a097-12875679bec7:192.168.5.134:35443, cf91553c-1d08-47b5-9609-e12b61a10915:192.168.5.134:42337], old=null
2019-10-12 10:21:53,782 [cf91553c-1d08-47b5-9609-e12b61a10915@group-A1D7D66D0A22-LeaderElection92] INFO  impl.RoleInfo (RoleInfo.java:shutdownLeaderElection(134)) - cf91553c-1d08-47b5-9609-e12b61a10915: shutdown LeaderElection
2019-10-12 10:21:53,782 [51deee32-efc8-49a8-a097-12875679bec7@group-6674C1167E0C-LeaderElection91] INFO  impl.LeaderElection (LeaderElection.java:askForVotes(178)) - 51deee32-efc8-49a8-a097-12875679bec7@group-6674C1167E0C-LeaderElection91: begin an election at term 1 for -1: [90ad4614-55d2-4680-b42d-d3edb0fdc15d:192.168.5.134:43140, 51deee32-efc8-49a8-a097-12875679bec7:192.168.5.134:35443, cf91553c-1d08-47b5-9609-e12b61a10915:192.168.5.134:42337], old=null
2019-10-12 10:21:53,782 [cf91553c-1d08-47b5-9609-e12b61a10915@group-A1D7D66D0A22-LeaderElection92] INFO  impl.RaftServerImpl (RaftServerImpl.java:setRole(170)) - cf91553c-1d08-47b5-9609-e12b61a10915@group-A1D7D66D0A22: changes role from CANDIDATE to LEADER at term 1 for changeToLeader
2019-10-12 10:21:53,783 [cf91553c-1d08-47b5-9609-e12b61a10915@group-A1D7D66D0A22-LeaderElection92] INFO  impl.RaftServerImpl (ServerState.java:setLeader(255)) - cf91553c-1d08-47b5-9609-e12b61a10915@group-A1D7D66D0A22: change Leader from null to cf91553c-1d08-47b5-9609-e12b61a10915 at term 1 for becomeLeader, leader elected after 5075ms
2019-10-12 10:21:53,783 [cf91553c-1d08-47b5-9609-e12b61a10915@group-A1D7D66D0A22-LeaderElection92] INFO  server.RaftServerConfigKeys (ConfUtils.java:logGet(43)) - raft.server.staging.catchup.gap = 1000 (default)
2019-10-12 10:21:53,783 [cf91553c-1d08-47b5-9609-e12b61a10915@group-A1D7D66D0A22-LeaderElection92] INFO  server.RaftServerConfigKeys (ConfUtils.java:logGet(43)) - raft.server.rpc.sleep.time = 25ms (default)
2019-10-12 10:21:53,783 [cf91553c-1d08-47b5-9609-e12b61a10915@group-A1D7D66D0A22-LeaderElection92] INFO  server.RaftServerConfigKeys (ConfUtils.java:logGet(43)) - raft.server.write.element-limit = 4096 (default)
2019-10-12 10:21:53,783 [cf91553c-1d08-47b5-9609-e12b61a10915@group-A1D7D66D0A22-LeaderElection92] INFO  server.RaftServerConfigKeys (ConfUtils.java:logGet(43)) - raft.server.watch.timeout = 10s (default)
2019-10-12 10:21:53,784 [cf91553c-1d08-47b5-9609-e12b61a10915@group-A1D7D66D0A22-LeaderElection92] INFO  server.RaftServerConfigKeys (ConfUtils.java:logGet(43)) - raft.server.watch.timeout.denomination = 1s (default)
2019-10-12 10:21:53,784 [cf91553c-1d08-47b5-9609-e12b61a10915@group-A1D7D66D0A22-LeaderElection92] INFO  server.RaftServerConfigKeys (ConfUtils.java:logGet(43)) - raft.server.watch.element-limit = 65536 (default)
2019-10-12 10:21:53,789 [Thread-2352] INFO  impl.FollowerState (FollowerState.java:run(108)) - 90ad4614-55d2-4680-b42d-d3edb0fdc15d@group-1CD9C17C571D-FollowerState: change to CANDIDATE, lastRpcTime:5081ms, electionTimeout:5080ms
2019-10-12 10:21:53,789 [Thread-2352] INFO  impl.RoleInfo (RoleInfo.java:shutdownFollowerState(121)) - 90ad4614-55d2-4680-b42d-d3edb0fdc15d: shutdown FollowerState
2019-10-12 10:21:53,790 [Thread-2352] INFO  impl.RaftServerImpl (RaftServerImpl.java:setRole(170)) - 90ad4614-55d2-4680-b42d-d3edb0fdc15d@group-1CD9C17C571D: changes role from  FOLLOWER to CANDIDATE at term 0 for changeToCandidate
2019-10-12 10:21:53,790 [Thread-2352] INFO  impl.RoleInfo (RoleInfo.java:updateAndGet(143)) - 90ad4614-55d2-4680-b42d-d3edb0fdc15d: start LeaderElection
2019-10-12 10:21:53,792 [cf91553c-1d08-47b5-9609-e12b61a10915@group-A1D7D66D0A22-LeaderElection92] INFO  impl.RoleInfo (RoleInfo.java:updateAndGet(143)) - cf91553c-1d08-47b5-9609-e12b61a10915: start LeaderState
2019-10-12 10:21:53,796 [cf91553c-1d08-47b5-9609-e12b61a10915@group-A1D7D66D0A22-LeaderElection92] INFO  segmented.SegmentedRaftLogWorker (SegmentedRaftLogWorker.java:startLogSegment(385)) - cf91553c-1d08-47b5-9609-e12b61a10915@group-A1D7D66D0A22-SegmentedRaftLogWorker: Starting segment from index:0
2019-10-12 10:21:53,796 [cf91553c-1d08-47b5-9609-e12b61a10915@group-A1D7D66D0A22-LeaderElection92] INFO  impl.RaftServerImpl (ServerState.java:setRaftConf(356)) - cf91553c-1d08-47b5-9609-e12b61a10915@group-A1D7D66D0A22: set configuration 0: [cf91553c-1d08-47b5-9609-e12b61a10915:192.168.5.134:42337], old=null at 0
2019-10-12 10:21:53,824 [Thread-2356] INFO  impl.FollowerState (FollowerState.java:run(108)) - 90ad4614-55d2-4680-b42d-d3edb0fdc15d@group-6674C1167E0C-FollowerState: change to CANDIDATE, lastRpcTime:5089ms, electionTimeout:5068ms
2019-10-12 10:21:53,824 [90ad4614-55d2-4680-b42d-d3edb0fdc15d@group-1CD9C17C571D-LeaderElection94] INFO  impl.LeaderElection (LeaderElection.java:askForVotes(178)) - 90ad4614-55d2-4680-b42d-d3edb0fdc15d@group-1CD9C17C571D-LeaderElection94: begin an election at term 1 for -1: [90ad4614-55d2-4680-b42d-d3edb0fdc15d:192.168.5.134:43140], old=null
2019-10-12 10:21:53,824 [Thread-2346] INFO  impl.FollowerState (FollowerState.java:run(108)) - 51deee32-efc8-49a8-a097-12875679bec7@group-AAA020DB2DCE-FollowerState: change to CANDIDATE, lastRpcTime:5208ms, electionTimeout:5185ms
2019-10-12 10:21:53,824 [Thread-2356] INFO  impl.RoleInfo (RoleInfo.java:shutdownFollowerState(121)) - 90ad4614-55d2-4680-b42d-d3edb0fdc15d: shutdown FollowerState
2019-10-12 10:21:53,824 [90ad4614-55d2-4680-b42d-d3edb0fdc15d@group-1CD9C17C571D-LeaderElection94] INFO  impl.RoleInfo (RoleInfo.java:shutdownLeaderElection(134)) - 90ad4614-55d2-4680-b42d-d3edb0fdc15d: shutdown LeaderElection
2019-10-12 10:21:53,825 [Thread-2356] INFO  impl.RaftServerImpl (RaftServerImpl.java:setRole(170)) - 90ad4614-55d2-4680-b42d-d3edb0fdc15d@group-6674C1167E0C: changes role from  FOLLOWER to CANDIDATE at term 0 for changeToCandidate
2019-10-12 10:21:53,824 [Thread-2346] INFO  impl.RoleInfo (RoleInfo.java:shutdownFollowerState(121)) - 51deee32-efc8-49a8-a097-12875679bec7: shutdown FollowerState
2019-10-12 10:21:53,825 [Thread-2356] INFO  impl.RoleInfo (RoleInfo.java:updateAndGet(143)) - 90ad4614-55d2-4680-b42d-d3edb0fdc15d: start LeaderElection
2019-10-12 10:21:53,825 [90ad4614-55d2-4680-b42d-d3edb0fdc15d@group-1CD9C17C571D-LeaderElection94] INFO  impl.RaftServerImpl (RaftServerImpl.java:setRole(170)) - 90ad4614-55d2-4680-b42d-d3edb0fdc15d@group-1CD9C17C571D: changes role from CANDIDATE to LEADER at term 1 for changeToLeader
2019-10-12 10:21:53,828 [Thread-2346] INFO  impl.RaftServerImpl (RaftServerImpl.java:setRole(170)) - 51deee32-efc8-49a8-a097-12875679bec7@group-AAA020DB2DCE: changes role from  FOLLOWER to CANDIDATE at term 0 for changeToCandidate
2019-10-12 10:21:53,828 [Thread-2360] INFO  impl.FollowerState (FollowerState.java:run(108)) - 47cc5d93-2c95-4ed7-84b7-52463b84dd59@group-7526CD8B2110-FollowerState: change to CANDIDATE, lastRpcTime:5005ms, electionTimeout:5004ms
2019-10-12 10:21:53,840 [Thread-2346] INFO  impl.RoleInfo (RoleInfo.java:updateAndGet(143)) - 51deee32-efc8-49a8-a097-12875679bec7: start LeaderElection
2019-10-12 10:21:53,840 [cf91553c-1d08-47b5-9609-e12b61a10915@group-A1D7D66D0A22-SegmentedRaftLogWorker] INFO  segmented.SegmentedRaftLogWorker (SegmentedRaftLogWorker.java:execute(574)) - cf91553c-1d08-47b5-9609-e12b61a10915@group-A1D7D66D0A22-SegmentedRaftLogWorker: created new log segment /workdir/hadoop-ozone/integration-test/target/test-dir/MiniOzoneClusterImpl-f9931351-52ec-4503-b9cc-8bf63e1cd39f/datanode-2/data/ratis/fd193b79-8f66-4156-afa6-a1d7d66d0a22/current/log_inprogress_0
2019-10-12 10:21:53,829 [grpc-default-executor-0] INFO  impl.RaftServerImpl (RaftServerImpl.java:setRole(170)) - 90ad4614-55d2-4680-b42d-d3edb0fdc15d@group-6674C1167E0C: changes role from CANDIDATE to FOLLOWER at term 1 for recognizeCandidate:cf91553c-1d08-47b5-9609-e12b61a10915
2019-10-12 10:21:53,846 [grpc-default-executor-0] INFO  impl.RoleInfo (RoleInfo.java:shutdownLeaderElection(134)) - 90ad4614-55d2-4680-b42d-d3edb0fdc15d: shutdown LeaderElection
2019-10-12 10:21:53,829 [90ad4614-55d2-4680-b42d-d3edb0fdc15d@group-1CD9C17C571D-LeaderElection94] INFO  impl.RaftServerImpl (ServerState.java:setLeader(255)) - 90ad4614-55d2-4680-b42d-d3edb0fdc15d@group-1CD9C17C571D: change Leader from null to 90ad4614-55d2-4680-b42d-d3edb0fdc15d at term 1 for becomeLeader, leader elected after 5132ms
2019-10-12 10:21:53,848 [grpc-default-executor-0] INFO  impl.RoleInfo (RoleInfo.java:updateAndGet(143)) - 90ad4614-55d2-4680-b42d-d3edb0fdc15d: start FollowerState
2019-10-12 10:21:53,840 [Thread-2360] INFO  impl.RoleInfo (RoleInfo.java:shutdownFollowerState(121)) - 47cc5d93-2c95-4ed7-84b7-52463b84dd59: shutdown FollowerState
2019-10-12 10:21:53,850 [Thread-2360] INFO  impl.RaftServerImpl (RaftServerImpl.java:setRole(170)) - 47cc5d93-2c95-4ed7-84b7-52463b84dd59@group-7526CD8B2110: changes role from  FOLLOWER to CANDIDATE at term 0 for changeToCandidate
2019-10-12 10:21:53,848 [90ad4614-55d2-4680-b42d-d3edb0fdc15d@group-1CD9C17C571D-LeaderElection94] INFO  server.RaftServerConfigKeys (ConfUtils.java:logGet(43)) - raft.server.staging.catchup.gap = 1000 (default)
2019-10-12 10:21:53,850 [Thread-2360] INFO  impl.RoleInfo (RoleInfo.java:updateAndGet(143)) - 47cc5d93-2c95-4ed7-84b7-52463b84dd59: start LeaderElection
2019-10-12 10:21:53,851 [90ad4614-55d2-4680-b42d-d3edb0fdc15d@group-1CD9C17C571D-LeaderElection94] INFO  server.RaftServerConfigKeys (ConfUtils.java:logGet(43)) - raft.server.rpc.sleep.time = 25ms (default)
2019-10-12 10:21:53,858 [90ad4614-55d2-4680-b42d-d3edb0fdc15d@group-1CD9C17C571D-LeaderElection94] INFO  server.RaftServerConfigKeys (ConfUtils.java:logGet(43)) - raft.server.write.element-limit = 4096 (default)
2019-10-12 10:21:53,862 [90ad4614-55d2-4680-b42d-d3edb0fdc15d@group-1CD9C17C571D-LeaderElection94] INFO  server.RaftServerConfigKeys (ConfUtils.java:logGet(43)) - raft.server.watch.timeout = 10s (default)
2019-10-12 10:21:53,862 [90ad4614-55d2-4680-b42d-d3edb0fdc15d@group-1CD9C17C571D-LeaderElection94] INFO  server.RaftServerConfigKeys (ConfUtils.java:logGet(43)) - raft.server.watch.timeout.denomination = 1s (default)
2019-10-12 10:21:53,862 [grpc-default-executor-13] INFO  impl.RaftServerImpl (RaftServerImpl.java:setRole(170)) - 90ad4614-55d2-4680-b42d-d3edb0fdc15d@group-6674C1167E0C: changes role from  FOLLOWER to FOLLOWER at term 1 for recognizeCandidate:51deee32-efc8-49a8-a097-12875679bec7
2019-10-12 10:21:53,862 [90ad4614-55d2-4680-b42d-d3edb0fdc15d@group-1CD9C17C571D-LeaderElection94] INFO  server.RaftServerConfigKeys (ConfUtils.java:logGet(43)) - raft.server.watch.element-limit = 65536 (default)
2019-10-12 10:21:53,862 [51deee32-efc8-49a8-a097-12875679bec7@group-AAA020DB2DCE-LeaderElection96] INFO  impl.LeaderElection (LeaderElection.java:askForVotes(178)) - 51deee32-efc8-49a8-a097-12875679bec7@group-AAA020DB2DCE-LeaderElection96: begin an election at term 1 for -1: [51deee32-efc8-49a8-a097-12875679bec7:192.168.5.134:35443], old=null
2019-10-12 10:21:53,862 [grpc-default-executor-13] INFO  impl.RoleInfo (RoleInfo.java:shutdownFollowerState(121)) - 90ad4614-55d2-4680-b42d-d3edb0fdc15d: shutdown FollowerState
2019-10-12 10:21:53,862 [51deee32-efc8-49a8-a097-12875679bec7@group-AAA020DB2DCE-LeaderElection96] INFO  impl.RoleInfo (RoleInfo.java:shutdownLeaderElection(134)) - 51deee32-efc8-49a8-a097-12875679bec7: shutdown LeaderElection
2019-10-12 10:21:53,863 [grpc-default-executor-13] INFO  impl.RoleInfo (RoleInfo.java:updateAndGet(143)) - 90ad4614-55d2-4680-b42d-d3edb0fdc15d: start FollowerState
2019-10-12 10:21:53,863 [Thread-2393] INFO  impl.FollowerState (FollowerState.java:run(117)) - 90ad4614-55d2-4680-b42d-d3edb0fdc15d@group-6674C1167E0C-FollowerState was interrupted: java.lang.InterruptedException: sleep interrupted
2019-10-12 10:21:53,863 [51deee32-efc8-49a8-a097-12875679bec7@group-AAA020DB2DCE-LeaderElection96] INFO  impl.RaftServerImpl (RaftServerImpl.java:setRole(170)) - 51deee32-efc8-49a8-a097-12875679bec7@group-AAA020DB2DCE: changes role from CANDIDATE to LEADER at term 1 for changeToLeader
2019-10-12 10:21:53,863 [cf91553c-1d08-47b5-9609-e12b61a10915@group-6674C1167E0C-LeaderElection93] INFO  impl.LeaderElection (LeaderElection.java:logAndReturn(56)) - cf91553c-1d08-47b5-9609-e12b61a10915@group-6674C1167E0C-LeaderElection93: Election REJECTED; received 2 response(s) [cf91553c-1d08-47b5-9609-e12b61a10915<-90ad4614-55d2-4680-b42d-d3edb0fdc15d#0:FAIL-t1, cf91553c-1d08-47b5-9609-e12b61a10915<-51deee32-efc8-49a8-a097-12875679bec7#0:FAIL-t1] and 0 exception(s); cf91553c-1d08-47b5-9609-e12b61a10915@group-6674C1167E0C:t1, leader=null, voted=cf91553c-1d08-47b5-9609-e12b61a10915, raftlog=cf91553c-1d08-47b5-9609-e12b61a10915@group-6674C1167E0C-SegmentedRaftLog:OPENED:c-1,f-1,i0, conf=-1: [90ad4614-55d2-4680-b42d-d3edb0fdc15d:192.168.5.134:43140, 51deee32-efc8-49a8-a097-12875679bec7:192.168.5.134:35443, cf91553c-1d08-47b5-9609-e12b61a10915:192.168.5.134:42337], old=null
2019-10-12 10:21:53,865 [51deee32-efc8-49a8-a097-12875679bec7@group-AAA020DB2DCE-LeaderElection96] INFO  impl.RaftServerImpl (ServerState.java:setLeader(255)) - 51deee32-efc8-49a8-a097-12875679bec7@group-AAA020DB2DCE: change Leader from null to 51deee32-efc8-49a8-a097-12875679bec7 at term 1 for becomeLeader, leader elected after 5259ms
2019-10-12 10:21:53,865 [cf91553c-1d08-47b5-9609-e12b61a10915@group-6674C1167E0C-LeaderElection93] INFO  impl.RaftServerImpl (RaftServerImpl.java:setRole(170)) - cf91553c-1d08-47b5-9609-e12b61a10915@group-6674C1167E0C: changes role from CANDIDATE to FOLLOWER at term 1 for DISCOVERED_A_NEW_TERM
2019-10-12 10:21:53,865 [51deee32-efc8-49a8-a097-12875679bec7@group-AAA020DB2DCE-LeaderElection96] INFO  server.RaftServerConfigKeys (ConfUtils.java:logGet(43)) - raft.server.staging.catchup.gap = 1000 (default)
2019-10-12 10:21:53,866 [cf91553c-1d08-47b5-9609-e12b61a10915@group-6674C1167E0C-LeaderElection93] INFO  impl.RoleInfo (RoleInfo.java:shutdownLeaderElection(134)) - cf91553c-1d08-47b5-9609-e12b61a10915: shutdown LeaderElection
2019-10-12 10:21:53,866 [51deee32-efc8-49a8-a097-12875679bec7@group-AAA020DB2DCE-LeaderElection96] INFO  server.RaftServerConfigKeys (ConfUtils.java:logGet(43)) - raft.server.rpc.sleep.time = 25ms (default)
2019-10-12 10:21:53,866 [cf91553c-1d08-47b5-9609-e12b61a10915@group-6674C1167E0C-LeaderElection93] INFO  impl.RoleInfo (RoleInfo.java:updateAndGet(143)) - cf91553c-1d08-47b5-9609-e12b61a10915: start FollowerState
2019-10-12 10:21:53,866 [51deee32-efc8-49a8-a097-12875679bec7@group-AAA020DB2DCE-LeaderElection96] INFO  server.RaftServerConfigKeys (ConfUtils.java:logGet(43)) - raft.server.write.element-limit = 4096 (default)
2019-10-12 10:21:53,866 [51deee32-efc8-49a8-a097-12875679bec7@group-AAA020DB2DCE-LeaderElection96] INFO  server.RaftServerConfigKeys (ConfUtils.java:logGet(43)) - raft.server.watch.timeout = 10s (default)
2019-10-12 10:21:53,866 [51deee32-efc8-49a8-a097-12875679bec7@group-AAA020DB2DCE-LeaderElection96] INFO  server.RaftServerConfigKeys (ConfUtils.java:logGet(43)) - raft.server.watch.timeout.denomination = 1s (default)
2019-10-12 10:21:53,867 [51deee32-efc8-49a8-a097-12875679bec7@group-AAA020DB2DCE-LeaderElection96] INFO  server.RaftServerConfigKeys (ConfUtils.java:logGet(43)) - raft.server.watch.element-limit = 65536 (default)
2019-10-12 10:21:53,867 [90ad4614-55d2-4680-b42d-d3edb0fdc15d@group-1CD9C17C571D-LeaderElection94] INFO  impl.RoleInfo (RoleInfo.java:updateAndGet(143)) - 90ad4614-55d2-4680-b42d-d3edb0fdc15d: start LeaderState
2019-10-12 10:21:53,867 [90ad4614-55d2-4680-b42d-d3edb0fdc15d@group-1CD9C17C571D-LeaderElection94] INFO  segmented.SegmentedRaftLogWorker (SegmentedRaftLogWorker.java:startLogSegment(385)) - 90ad4614-55d2-4680-b42d-d3edb0fdc15d@group-1CD9C17C571D-SegmentedRaftLogWorker: Starting segment from index:0
2019-10-12 10:21:53,868 [90ad4614-55d2-4680-b42d-d3edb0fdc15d@group-1CD9C17C571D-LeaderElection94] INFO  impl.RaftServerImpl (ServerState.java:setRaftConf(356)) - 90ad4614-55d2-4680-b42d-d3edb0fdc15d@group-1CD9C17C571D: set configuration 0: [90ad4614-55d2-4680-b42d-d3edb0fdc15d:192.168.5.134:43140], old=null at 0
2019-10-12 10:21:53,869 [51deee32-efc8-49a8-a097-12875679bec7@group-AAA020DB2DCE-LeaderElection96] INFO  impl.RoleInfo (RoleInfo.java:updateAndGet(143)) - 51deee32-efc8-49a8-a097-12875679bec7: start LeaderState
2019-10-12 10:21:53,869 [51deee32-efc8-49a8-a097-12875679bec7@group-AAA020DB2DCE-LeaderElection96] INFO  segmented.SegmentedRaftLogWorker (SegmentedRaftLogWorker.java:startLogSegment(385)) - 51deee32-efc8-49a8-a097-12875679bec7@group-AAA020DB2DCE-SegmentedRaftLogWorker: Starting segment from index:0
2019-10-12 10:21:53,870 [51deee32-efc8-49a8-a097-12875679bec7@group-AAA020DB2DCE-LeaderElection96] INFO  impl.RaftServerImpl (ServerState.java:setRaftConf(356)) - 51deee32-efc8-49a8-a097-12875679bec7@group-AAA020DB2DCE: set configuration 0: [51deee32-efc8-49a8-a097-12875679bec7:192.168.5.134:35443], old=null at 0
2019-10-12 10:21:53,876 [47cc5d93-2c95-4ed7-84b7-52463b84dd59@group-7526CD8B2110-LeaderElection97] INFO  impl.LeaderElection (LeaderElection.java:askForVotes(178)) - 47cc5d93-2c95-4ed7-84b7-52463b84dd59@group-7526CD8B2110-LeaderElection97: begin an election at term 1 for -1: [47cc5d93-2c95-4ed7-84b7-52463b84dd59:192.168.5.134:33049], old=null
2019-10-12 10:21:53,876 [47cc5d93-2c95-4ed7-84b7-52463b84dd59@group-7526CD8B2110-LeaderElection97] INFO  impl.RoleInfo (RoleInfo.java:shutdownLeaderElection(134)) - 47cc5d93-2c95-4ed7-84b7-52463b84dd59: shutdown LeaderElection
2019-10-12 10:21:53,876 [47cc5d93-2c95-4ed7-84b7-52463b84dd59@group-7526CD8B2110-LeaderElection97] INFO  impl.RaftServerImpl (RaftServerImpl.java:setRole(170)) - 47cc5d93-2c95-4ed7-84b7-52463b84dd59@group-7526CD8B2110: changes role from CANDIDATE to LEADER at term 1 for changeToLeader
2019-10-12 10:21:53,876 [47cc5d93-2c95-4ed7-84b7-52463b84dd59@group-7526CD8B2110-LeaderElection97] INFO  impl.RaftServerImpl (ServerState.java:setLeader(255)) - 47cc5d93-2c95-4ed7-84b7-52463b84dd59@group-7526CD8B2110: change Leader from null to 47cc5d93-2c95-4ed7-84b7-52463b84dd59 at term 1 for becomeLeader, leader elected after 5062ms
2019-10-12 10:21:53,877 [47cc5d93-2c95-4ed7-84b7-52463b84dd59@group-7526CD8B2110-LeaderElection97] INFO  server.RaftServerConfigKeys (ConfUtils.java:logGet(43)) - raft.server.staging.catchup.gap = 1000 (default)
2019-10-12 10:21:53,877 [51deee32-efc8-49a8-a097-12875679bec7@group-6674C1167E0C-LeaderElection91] INFO  impl.LeaderElection (LeaderElection.java:logAndReturn(56)) - 51deee32-efc8-49a8-a097-12875679bec7@group-6674C1167E0C-LeaderElection91: Election PASSED; received 2 response(s) [51deee32-efc8-49a8-a097-12875679bec7<-90ad4614-55d2-4680-b42d-d3edb0fdc15d#0:OK-t1, 51deee32-efc8-49a8-a097-12875679bec7<-cf91553c-1d08-47b5-9609-e12b61a10915#0:FAIL-t1] and 0 exception(s); 51deee32-efc8-49a8-a097-12875679bec7@group-6674C1167E0C:t1, leader=null, voted=51deee32-efc8-49a8-a097-12875679bec7, raftlog=51deee32-efc8-49a8-a097-12875679bec7@group-6674C1167E0C-SegmentedRaftLog:OPENED:c-1,f-1,i0, conf=-1: [90ad4614-55d2-4680-b42d-d3edb0fdc15d:192.168.5.134:43140, 51deee32-efc8-49a8-a097-12875679bec7:192.168.5.134:35443, cf91553c-1d08-47b5-9609-e12b61a10915:192.168.5.134:42337], old=null
2019-10-12 10:21:53,877 [47cc5d93-2c95-4ed7-84b7-52463b84dd59@group-7526CD8B2110-LeaderElection97] INFO  server.RaftServerConfigKeys (ConfUtils.java:logGet(43)) - raft.server.rpc.sleep.time = 25ms (default)
2019-10-12 10:21:53,877 [51deee32-efc8-49a8-a097-12875679bec7@group-6674C1167E0C-LeaderElection91] INFO  impl.RoleInfo (RoleInfo.java:shutdownLeaderElection(134)) - 51deee32-efc8-49a8-a097-12875679bec7: shutdown LeaderElection
2019-10-12 10:21:53,877 [51deee32-efc8-49a8-a097-12875679bec7@group-6674C1167E0C-LeaderElection91] INFO  impl.RaftServerImpl (RaftServerImpl.java:setRole(170)) - 51deee32-efc8-49a8-a097-12875679bec7@group-6674C1167E0C: changes role from CANDIDATE to LEADER at term 1 for changeToLeader
2019-10-12 10:21:53,877 [47cc5d93-2c95-4ed7-84b7-52463b84dd59@group-7526CD8B2110-LeaderElection97] INFO  server.RaftServerConfigKeys (ConfUtils.java:logGet(43)) - raft.server.write.element-limit = 4096 (default)
2019-10-12 10:21:53,877 [51deee32-efc8-49a8-a097-12875679bec7@group-6674C1167E0C-LeaderElection91] INFO  impl.RaftServerImpl (ServerState.java:setLeader(255)) - 51deee32-efc8-49a8-a097-12875679bec7@group-6674C1167E0C: change Leader from null to 51deee32-efc8-49a8-a097-12875679bec7 at term 1 for becomeLeader, leader elected after 5181ms
2019-10-12 10:21:53,878 [47cc5d93-2c95-4ed7-84b7-52463b84dd59@group-7526CD8B2110-LeaderElection97] INFO  server.RaftServerConfigKeys (ConfUtils.java:logGet(43)) - raft.server.watch.timeout = 10s (default)
2019-10-12 10:21:53,878 [51deee32-efc8-49a8-a097-12875679bec7@group-6674C1167E0C-LeaderElection91] INFO  server.RaftServerConfigKeys (ConfUtils.java:logGet(43)) - raft.server.staging.catchup.gap = 1000 (default)
2019-10-12 10:21:53,878 [47cc5d93-2c95-4ed7-84b7-52463b84dd59@group-7526CD8B2110-LeaderElection97] INFO  server.RaftServerConfigKeys (ConfUtils.java:logGet(43)) - raft.server.watch.timeout.denomination = 1s (default)
2019-10-12 10:21:53,878 [51deee32-efc8-49a8-a097-12875679bec7@group-6674C1167E0C-LeaderElection91] INFO  server.RaftServerConfigKeys (ConfUtils.java:logGet(43)) - raft.server.rpc.sleep.time = 25ms (default)
2019-10-12 10:21:53,878 [47cc5d93-2c95-4ed7-84b7-52463b84dd59@group-7526CD8B2110-LeaderElection97] INFO  server.RaftServerConfigKeys (ConfUtils.java:logGet(43)) - raft.server.watch.element-limit = 65536 (default)
2019-10-12 10:21:53,878 [51deee32-efc8-49a8-a097-12875679bec7@group-6674C1167E0C-LeaderElection91] INFO  server.RaftServerConfigKeys (ConfUtils.java:logGet(43)) - raft.server.write.element-limit = 4096 (default)
2019-10-12 10:21:53,879 [51deee32-efc8-49a8-a097-12875679bec7@group-6674C1167E0C-LeaderElection91] INFO  server.RaftServerConfigKeys (ConfUtils.java:logGet(43)) - raft.server.watch.timeout = 10s (default)
2019-10-12 10:21:53,879 [51deee32-efc8-49a8-a097-12875679bec7@group-6674C1167E0C-LeaderElection91] INFO  server.RaftServerConfigKeys (ConfUtils.java:logGet(43)) - raft.server.watch.timeout.denomination = 1s (default)
2019-10-12 10:21:53,879 [51deee32-efc8-49a8-a097-12875679bec7@group-6674C1167E0C-LeaderElection91] INFO  server.RaftServerConfigKeys (ConfUtils.java:logGet(43)) - raft.server.watch.element-limit = 65536 (default)
2019-10-12 10:21:53,882 [51deee32-efc8-49a8-a097-12875679bec7@group-6674C1167E0C-LeaderElection91] INFO  server.RaftServerConfigKeys (ConfUtils.java:logGet(43)) - raft.server.log.appender.snapshot.chunk.size.max = 16MB (=16777216) (default)
2019-10-12 10:21:53,883 [51deee32-efc8-49a8-a097-12875679bec7@group-6674C1167E0C-LeaderElection91] INFO  server.RaftServerConfigKeys (ConfUtils.java:logGet(43)) - raft.server.log.appender.buffer.byte-limit = 33554432 (custom)
2019-10-12 10:21:53,883 [51deee32-efc8-49a8-a097-12875679bec7@group-6674C1167E0C-LeaderElection91] INFO  server.RaftServerConfigKeys (ConfUtils.java:logGet(43)) - raft.server.log.appender.buffer.element-limit = 1 (custom)
2019-10-12 10:21:53,883 [47cc5d93-2c95-4ed7-84b7-52463b84dd59@group-7526CD8B2110-LeaderElection97] INFO  impl.RoleInfo (RoleInfo.java:updateAndGet(143)) - 47cc5d93-2c95-4ed7-84b7-52463b84dd59: start LeaderState
2019-10-12 10:21:53,883 [51deee32-efc8-49a8-a097-12875679bec7@group-6674C1167E0C-LeaderElection91] INFO  grpc.GrpcConfigKeys$Server (ConfUtils.java:logGet(43)) - raft.grpc.server.leader.outstanding.appends.max = 128 (default)
2019-10-12 10:21:53,883 [51deee32-efc8-49a8-a097-12875679bec7@group-6674C1167E0C-LeaderElection91] INFO  server.RaftServerConfigKeys (ConfUtils.java:logGet(43)) - raft.server.rpc.request.timeout = 3000ms (default)
2019-10-12 10:21:53,884 [51deee32-efc8-49a8-a097-12875679bec7@group-6674C1167E0C-LeaderElection91] INFO  server.RaftServerConfigKeys (ConfUtils.java:logGet(43)) - raft.server.log.appender.install.snapshot.enabled = false (custom)
2019-10-12 10:21:53,884 [47cc5d93-2c95-4ed7-84b7-52463b84dd59@group-7526CD8B2110-LeaderElection97] INFO  segmented.SegmentedRaftLogWorker (SegmentedRaftLogWorker.java:startLogSegment(385)) - 47cc5d93-2c95-4ed7-84b7-52463b84dd59@group-7526CD8B2110-SegmentedRaftLogWorker: Starting segment from index:0
2019-10-12 10:21:53,884 [51deee32-efc8-49a8-a097-12875679bec7@group-6674C1167E0C-LeaderElection91] INFO  server.RaftServerConfigKeys (ConfUtils.java:logGet(43)) - raft.server.log.appender.snapshot.chunk.size.max = 16MB (=16777216) (default)
2019-10-12 10:21:53,884 [51deee32-efc8-49a8-a097-12875679bec7@group-6674C1167E0C-LeaderElection91] INFO  server.RaftServerConfigKeys (ConfUtils.java:logGet(43)) - raft.server.log.appender.buffer.byte-limit = 33554432 (custom)
2019-10-12 10:21:53,884 [51deee32-efc8-49a8-a097-12875679bec7@group-6674C1167E0C-LeaderElection91] INFO  server.RaftServerConfigKeys (ConfUtils.java:logGet(43)) - raft.server.log.appender.buffer.element-limit = 1 (custom)
2019-10-12 10:21:53,885 [47cc5d93-2c95-4ed7-84b7-52463b84dd59@group-7526CD8B2110-LeaderElection97] INFO  impl.RaftServerImpl (ServerState.java:setRaftConf(356)) - 47cc5d93-2c95-4ed7-84b7-52463b84dd59@group-7526CD8B2110: set configuration 0: [47cc5d93-2c95-4ed7-84b7-52463b84dd59:192.168.5.134:33049], old=null at 0
2019-10-12 10:21:53,885 [51deee32-efc8-49a8-a097-12875679bec7@group-6674C1167E0C-LeaderElection91] INFO  grpc.GrpcConfigKeys$Server (ConfUtils.java:logGet(43)) - raft.grpc.server.leader.outstanding.appends.max = 128 (default)
2019-10-12 10:21:53,885 [51deee32-efc8-49a8-a097-12875679bec7@group-6674C1167E0C-LeaderElection91] INFO  server.RaftServerConfigKeys (ConfUtils.java:logGet(43)) - raft.server.rpc.request.timeout = 3000ms (default)
2019-10-12 10:21:53,885 [51deee32-efc8-49a8-a097-12875679bec7@group-6674C1167E0C-LeaderElection91] INFO  server.RaftServerConfigKeys (ConfUtils.java:logGet(43)) - raft.server.log.appender.install.snapshot.enabled = false (custom)
2019-10-12 10:21:53,885 [51deee32-efc8-49a8-a097-12875679bec7@group-6674C1167E0C-LeaderElection91] INFO  impl.RoleInfo (RoleInfo.java:updateAndGet(143)) - 51deee32-efc8-49a8-a097-12875679bec7: start LeaderState
2019-10-12 10:21:53,886 [51deee32-efc8-49a8-a097-12875679bec7@group-6674C1167E0C-LeaderElection91] INFO  segmented.SegmentedRaftLogWorker (SegmentedRaftLogWorker.java:startLogSegment(385)) - 51deee32-efc8-49a8-a097-12875679bec7@group-6674C1167E0C-SegmentedRaftLogWorker: Starting segment from index:0
2019-10-12 10:21:53,886 [51deee32-efc8-49a8-a097-12875679bec7@group-6674C1167E0C-LeaderElection91] INFO  impl.RaftServerImpl (ServerState.java:setRaftConf(356)) - 51deee32-efc8-49a8-a097-12875679bec7@group-6674C1167E0C: set configuration 0: [90ad4614-55d2-4680-b42d-d3edb0fdc15d:192.168.5.134:43140, 51deee32-efc8-49a8-a097-12875679bec7:192.168.5.134:35443, cf91553c-1d08-47b5-9609-e12b61a10915:192.168.5.134:42337], old=null at 0
2019-10-12 10:21:53,917 [90ad4614-55d2-4680-b42d-d3edb0fdc15d@group-6674C1167E0C-LeaderElection95] INFO  impl.LeaderElection (LeaderElection.java:askForVotes(178)) - 90ad4614-55d2-4680-b42d-d3edb0fdc15d@group-6674C1167E0C-LeaderElection95: begin an election at term 2 for -1: [90ad4614-55d2-4680-b42d-d3edb0fdc15d:192.168.5.134:43140, 51deee32-efc8-49a8-a097-12875679bec7:192.168.5.134:35443, cf91553c-1d08-47b5-9609-e12b61a10915:192.168.5.134:42337], old=null
2019-10-12 10:21:53,917 [90ad4614-55d2-4680-b42d-d3edb0fdc15d@group-6674C1167E0C-LeaderElection95] INFO  impl.LeaderElection (LeaderElection.java:logAndReturn(56)) - 90ad4614-55d2-4680-b42d-d3edb0fdc15d@group-6674C1167E0C-LeaderElection95: Election REJECTED; received 0 response(s) [] and 0 exception(s); 90ad4614-55d2-4680-b42d-d3edb0fdc15d@group-6674C1167E0C:t2, leader=null, voted=90ad4614-55d2-4680-b42d-d3edb0fdc15d, raftlog=90ad4614-55d2-4680-b42d-d3edb0fdc15d@group-6674C1167E0C-SegmentedRaftLog:OPENED:c-1,f-1,i0, conf=-1: [90ad4614-55d2-4680-b42d-d3edb0fdc15d:192.168.5.134:43140, 51deee32-efc8-49a8-a097-12875679bec7:192.168.5.134:35443, cf91553c-1d08-47b5-9609-e12b61a10915:192.168.5.134:42337], old=null
2019-10-12 10:21:53,917 [grpc-default-executor-13] INFO  impl.RaftServerImpl (ServerState.java:setLeader(255)) - cf91553c-1d08-47b5-9609-e12b61a10915@group-6674C1167E0C: change Leader from null to 51deee32-efc8-49a8-a097-12875679bec7 at term 1 for appendEntries, leader elected after 5179ms
2019-10-12 10:21:53,919 [Thread-2400] INFO  impl.RaftServerImpl (ServerState.java:setLeader(255)) - 51deee32-efc8-49a8-a097-12875679bec7@group-6674C1167E0C: change Leader from 51deee32-efc8-49a8-a097-12875679bec7 to null at term 2 for updateCurrentTerm
2019-10-12 10:21:53,919 [Thread-2400] INFO  impl.RaftServerImpl (RaftServerImpl.java:setRole(170)) - 51deee32-efc8-49a8-a097-12875679bec7@group-6674C1167E0C: changes role from    LEADER to FOLLOWER at term 2 for stepDown
2019-10-12 10:21:53,919 [Thread-2400] INFO  impl.RoleInfo (RoleInfo.java:shutdownLeaderState(104)) - 51deee32-efc8-49a8-a097-12875679bec7: shutdown LeaderState
2019-10-12 10:21:53,924 [org.apache.ratis.server.impl.LogAppender$AppenderDaemon$$Lambda$877/172084877@75a4f59c] WARN  server.GrpcLogAppender (GrpcLogAppender.java:mayWait(143)) - 51deee32-efc8-49a8-a097-12875679bec7@group-6674C1167E0C->cf91553c-1d08-47b5-9609-e12b61a10915-GrpcLogAppender: Wait interrupted by java.lang.InterruptedException
2019-10-12 10:21:53,924 [Thread-2400] INFO  impl.PendingRequests (PendingRequests.java:sendNotLeaderResponses(202)) - 51deee32-efc8-49a8-a097-12875679bec7@group-6674C1167E0C-PendingRequests: sendNotLeaderResponses
2019-10-12 10:21:53,927 [Thread-2400] INFO  impl.RoleInfo (RoleInfo.java:updateAndGet(143)) - 51deee32-efc8-49a8-a097-12875679bec7: start FollowerState
2019-10-12 10:21:53,927 [org.apache.ratis.server.impl.LogAppender$AppenderDaemon$$Lambda$877/172084877@2c1db8d8] WARN  server.GrpcLogAppender (GrpcLogAppender.java:mayWait(143)) - 51deee32-efc8-49a8-a097-12875679bec7@group-6674C1167E0C->90ad4614-55d2-4680-b42d-d3edb0fdc15d-GrpcLogAppender: Wait interrupted by java.lang.InterruptedException
2019-10-12 10:21:53,927 [grpc-default-executor-6] INFO  server.GrpcServerProtocolService (GrpcServerProtocolService.java:onCompleted(113)) - cf91553c-1d08-47b5-9609-e12b61a10915: Completed APPEND_ENTRIES, lastRequest: 51deee32-efc8-49a8-a097-12875679bec7->cf91553c-1d08-47b5-9609-e12b61a10915#0-t1, previous=(t:0, i:0), leaderCommit=-1, initializing? false, entries: <empty>
2019-10-12 10:21:53,927 [grpc-default-executor-0] INFO  server.GrpcServerProtocolService (GrpcServerProtocolService.java:onCompleted(113)) - 90ad4614-55d2-4680-b42d-d3edb0fdc15d: Completed APPEND_ENTRIES, lastRequest: 51deee32-efc8-49a8-a097-12875679bec7->90ad4614-55d2-4680-b42d-d3edb0fdc15d#0-t1, previous=(t:0, i:0), leaderCommit=-1, initializing? false, entries: <empty>
2019-10-12 10:21:53,930 [51deee32-efc8-49a8-a097-12875679bec7@group-6674C1167E0C-SegmentedRaftLogWorker] INFO  segmented.SegmentedRaftLogWorker (SegmentedRaftLogWorker.java:execute(574)) - 51deee32-efc8-49a8-a097-12875679bec7@group-6674C1167E0C-SegmentedRaftLogWorker: created new log segment /workdir/hadoop-ozone/integration-test/target/test-dir/MiniOzoneClusterImpl-f9931351-52ec-4503-b9cc-8bf63e1cd39f/datanode-0/data/ratis/67e912d9-b5da-47e3-b225-6674c1167e0c/current/log_inprogress_0
2019-10-12 10:21:53,930 [51deee32-efc8-49a8-a097-12875679bec7@group-AAA020DB2DCE-SegmentedRaftLogWorker] INFO  segmented.SegmentedRaftLogWorker (SegmentedRaftLogWorker.java:execute(574)) - 51deee32-efc8-49a8-a097-12875679bec7@group-AAA020DB2DCE-SegmentedRaftLogWorker: created new log segment /workdir/hadoop-ozone/integration-test/target/test-dir/MiniOzoneClusterImpl-f9931351-52ec-4503-b9cc-8bf63e1cd39f/datanode-0/data/ratis/2777541f-f33b-4373-8902-aaa020db2dce/current/log_inprogress_0
2019-10-12 10:21:53,930 [47cc5d93-2c95-4ed7-84b7-52463b84dd59@group-7526CD8B2110-SegmentedRaftLogWorker] INFO  segmented.SegmentedRaftLogWorker (SegmentedRaftLogWorker.java:execute(574)) - 47cc5d93-2c95-4ed7-84b7-52463b84dd59@group-7526CD8B2110-SegmentedRaftLogWorker: created new log segment /workdir/hadoop-ozone/integration-test/target/test-dir/MiniOzoneClusterImpl-f9931351-52ec-4503-b9cc-8bf63e1cd39f/datanode-3/data/ratis/54bf51b1-bc03-4ff4-bdf1-7526cd8b2110/current/log_inprogress_0
2019-10-12 10:21:53,930 [90ad4614-55d2-4680-b42d-d3edb0fdc15d@group-1CD9C17C571D-SegmentedRaftLogWorker] INFO  segmented.SegmentedRaftLogWorker (SegmentedRaftLogWorker.java:execute(574)) - 90ad4614-55d2-4680-b42d-d3edb0fdc15d@group-1CD9C17C571D-SegmentedRaftLogWorker: created new log segment /workdir/hadoop-ozone/integration-test/target/test-dir/MiniOzoneClusterImpl-f9931351-52ec-4503-b9cc-8bf63e1cd39f/datanode-1/data/ratis/d19d50e9-f4e7-4819-922a-1cd9c17c571d/current/log_inprogress_0
2019-10-12 10:21:53,930 [grpc-default-executor-6] INFO  server.GrpcLogAppender (GrpcLogAppender.java:onCompleted(293)) - 51deee32-efc8-49a8-a097-12875679bec7@group-6674C1167E0C->90ad4614-55d2-4680-b42d-d3edb0fdc15d-AppendLogResponseHandler: follower responses appendEntries COMPLETED
2019-10-12 10:21:53,930 [grpc-default-executor-0] INFO  server.GrpcLogAppender (GrpcLogAppender.java:onCompleted(293)) - 51deee32-efc8-49a8-a097-12875679bec7@group-6674C1167E0C->cf91553c-1d08-47b5-9609-e12b61a10915-AppendLogResponseHandler: follower responses appendEntries COMPLETED
2019-10-12 10:21:53,931 [grpc-default-executor-6] INFO  impl.FollowerInfo (FollowerInfo.java:lambda$new$0(51)) - 51deee32-efc8-49a8-a097-12875679bec7@group-6674C1167E0C->90ad4614-55d2-4680-b42d-d3edb0fdc15d: nextIndex: updateUnconditionally 0 -> 0
2019-10-12 10:21:53,931 [grpc-default-executor-0] INFO  impl.FollowerInfo (FollowerInfo.java:lambda$new$0(51)) - 51deee32-efc8-49a8-a097-12875679bec7@group-6674C1167E0C->cf91553c-1d08-47b5-9609-e12b61a10915: nextIndex: updateUnconditionally 0 -> 0
2019-10-12 10:21:53,933 [grpc-default-executor-6] INFO  impl.RaftServerImpl (ServerState.java:setLeader(255)) - cf91553c-1d08-47b5-9609-e12b61a10915@group-6674C1167E0C: change Leader from 51deee32-efc8-49a8-a097-12875679bec7 to null at term 2 for updateCurrentTerm
2019-10-12 10:21:53,933 [grpc-default-executor-6] INFO  impl.RaftServerImpl (RaftServerImpl.java:setRole(170)) - cf91553c-1d08-47b5-9609-e12b61a10915@group-6674C1167E0C: changes role from  FOLLOWER to FOLLOWER at term 2 for recognizeCandidate:90ad4614-55d2-4680-b42d-d3edb0fdc15d
2019-10-12 10:21:53,934 [grpc-default-executor-6] INFO  impl.RoleInfo (RoleInfo.java:shutdownFollowerState(121)) - cf91553c-1d08-47b5-9609-e12b61a10915: shutdown FollowerState
2019-10-12 10:21:53,934 [grpc-default-executor-6] INFO  impl.RoleInfo (RoleInfo.java:updateAndGet(143)) - cf91553c-1d08-47b5-9609-e12b61a10915: start FollowerState
2019-10-12 10:21:53,934 [Thread-2397] INFO  impl.FollowerState (FollowerState.java:run(117)) - cf91553c-1d08-47b5-9609-e12b61a10915@group-6674C1167E0C-FollowerState was interrupted: java.lang.InterruptedException: sleep interrupted
2019-10-12 10:21:53,943 [grpc-default-executor-0] INFO  impl.RaftServerImpl (RaftServerImpl.java:setRole(170)) - 51deee32-efc8-49a8-a097-12875679bec7@group-6674C1167E0C: changes role from  FOLLOWER to FOLLOWER at term 2 for recognizeCandidate:90ad4614-55d2-4680-b42d-d3edb0fdc15d
2019-10-12 10:21:53,946 [grpc-default-executor-0] INFO  impl.RoleInfo (RoleInfo.java:shutdownFollowerState(121)) - 51deee32-efc8-49a8-a097-12875679bec7: shutdown FollowerState
2019-10-12 10:21:53,949 [grpc-default-executor-0] INFO  impl.RoleInfo (RoleInfo.java:updateAndGet(143)) - 51deee32-efc8-49a8-a097-12875679bec7: start FollowerState
2019-10-12 10:21:53,949 [Thread-2408] INFO  impl.FollowerState (FollowerState.java:run(117)) - 51deee32-efc8-49a8-a097-12875679bec7@group-6674C1167E0C-FollowerState was interrupted: java.lang.InterruptedException: sleep interrupted
2019-10-12 10:21:53,972 [Thread-2366] INFO  impl.FollowerState (FollowerState.java:run(108)) - 92bb78cc-3f8c-47d7-bf7f-e36e5b3e7b36@group-76AF3572C800-FollowerState: change to CANDIDATE, lastRpcTime:5031ms, electionTimeout:5031ms
2019-10-12 10:21:53,972 [Thread-2366] INFO  impl.RoleInfo (RoleInfo.java:shutdownFollowerState(121)) - 92bb78cc-3f8c-47d7-bf7f-e36e5b3e7b36: shutdown FollowerState
2019-10-12 10:21:53,972 [Thread-2366] INFO  impl.RaftServerImpl (RaftServerImpl.java:setRole(170)) - 92bb78cc-3f8c-47d7-bf7f-e36e5b3e7b36@group-76AF3572C800: changes role from  FOLLOWER to CANDIDATE at term 0 for changeToCandidate
2019-10-12 10:21:53,972 [Thread-2366] INFO  impl.RoleInfo (RoleInfo.java:updateAndGet(143)) - 92bb78cc-3f8c-47d7-bf7f-e36e5b3e7b36: start LeaderElection
2019-10-12 10:21:53,991 [92bb78cc-3f8c-47d7-bf7f-e36e5b3e7b36@group-76AF3572C800-LeaderElection98] INFO  impl.LeaderElection (LeaderElection.java:askForVotes(178)) - 92bb78cc-3f8c-47d7-bf7f-e36e5b3e7b36@group-76AF3572C800-LeaderElection98: begin an election at term 1 for -1: [92bb78cc-3f8c-47d7-bf7f-e36e5b3e7b36:192.168.5.134:46522, f555cbac-5274-466e-9328-20197bae6a01:192.168.5.134:39487, 47cc5d93-2c95-4ed7-84b7-52463b84dd59:192.168.5.134:33049], old=null
2019-10-12 10:21:53,999 [grpc-default-executor-0] INFO  impl.RaftServerImpl (RaftServerImpl.java:setRole(170)) - 47cc5d93-2c95-4ed7-84b7-52463b84dd59@group-76AF3572C800: changes role from  FOLLOWER to FOLLOWER at term 1 for recognizeCandidate:92bb78cc-3f8c-47d7-bf7f-e36e5b3e7b36
2019-10-12 10:21:53,999 [grpc-default-executor-0] INFO  impl.RoleInfo (RoleInfo.java:shutdownFollowerState(121)) - 47cc5d93-2c95-4ed7-84b7-52463b84dd59: shutdown FollowerState
2019-10-12 10:21:54,002 [grpc-default-executor-0] INFO  impl.RoleInfo (RoleInfo.java:updateAndGet(143)) - 47cc5d93-2c95-4ed7-84b7-52463b84dd59: start FollowerState
2019-10-12 10:21:54,005 [grpc-default-executor-6] INFO  impl.RaftServerImpl (RaftServerImpl.java:setRole(170)) - f555cbac-5274-466e-9328-20197bae6a01@group-76AF3572C800: changes role from  FOLLOWER to FOLLOWER at term 1 for recognizeCandidate:92bb78cc-3f8c-47d7-bf7f-e36e5b3e7b36
2019-10-12 10:21:54,006 [grpc-default-executor-6] INFO  impl.RoleInfo (RoleInfo.java:shutdownFollowerState(121)) - f555cbac-5274-466e-9328-20197bae6a01: shutdown FollowerState
2019-10-12 10:21:54,002 [Thread-2362] INFO  impl.FollowerState (FollowerState.java:run(117)) - 47cc5d93-2c95-4ed7-84b7-52463b84dd59@group-76AF3572C800-FollowerState was interrupted: java.lang.InterruptedException: sleep interrupted
2019-10-12 10:21:54,006 [Thread-2370] INFO  impl.FollowerState (FollowerState.java:run(117)) - f555cbac-5274-466e-9328-20197bae6a01@group-76AF3572C800-FollowerState was interrupted: java.lang.InterruptedException: sleep interrupted
2019-10-12 10:21:54,006 [grpc-default-executor-6] INFO  impl.RoleInfo (RoleInfo.java:updateAndGet(143)) - f555cbac-5274-466e-9328-20197bae6a01: start FollowerState
2019-10-12 10:21:54,018 [92bb78cc-3f8c-47d7-bf7f-e36e5b3e7b36@group-76AF3572C800-LeaderElection98] INFO  impl.LeaderElection (LeaderElection.java:logAndReturn(56)) - 92bb78cc-3f8c-47d7-bf7f-e36e5b3e7b36@group-76AF3572C800-LeaderElection98: Election PASSED; received 1 response(s) [92bb78cc-3f8c-47d7-bf7f-e36e5b3e7b36<-47cc5d93-2c95-4ed7-84b7-52463b84dd59#0:OK-t1] and 0 exception(s); 92bb78cc-3f8c-47d7-bf7f-e36e5b3e7b36@group-76AF3572C800:t1, leader=null, voted=92bb78cc-3f8c-47d7-bf7f-e36e5b3e7b36, raftlog=92bb78cc-3f8c-47d7-bf7f-e36e5b3e7b36@group-76AF3572C800-SegmentedRaftLog:OPENED:c-1,f-1,i0, conf=-1: [92bb78cc-3f8c-47d7-bf7f-e36e5b3e7b36:192.168.5.134:46522, f555cbac-5274-466e-9328-20197bae6a01:192.168.5.134:39487, 47cc5d93-2c95-4ed7-84b7-52463b84dd59:192.168.5.134:33049], old=null
2019-10-12 10:21:54,019 [92bb78cc-3f8c-47d7-bf7f-e36e5b3e7b36@group-76AF3572C800-LeaderElection98] INFO  impl.RoleInfo (RoleInfo.java:shutdownLeaderElection(134)) - 92bb78cc-3f8c-47d7-bf7f-e36e5b3e7b36: shutdown LeaderElection
2019-10-12 10:21:54,019 [92bb78cc-3f8c-47d7-bf7f-e36e5b3e7b36@group-76AF3572C800-LeaderElection98] INFO  impl.RaftServerImpl (RaftServerImpl.java:setRole(170)) - 92bb78cc-3f8c-47d7-bf7f-e36e5b3e7b36@group-76AF3572C800: changes role from CANDIDATE to LEADER at term 1 for changeToLeader
2019-10-12 10:21:54,019 [92bb78cc-3f8c-47d7-bf7f-e36e5b3e7b36@group-76AF3572C800-LeaderElection98] INFO  impl.RaftServerImpl (ServerState.java:setLeader(255)) - 92bb78cc-3f8c-47d7-bf7f-e36e5b3e7b36@group-76AF3572C800: change Leader from null to 92bb78cc-3f8c-47d7-bf7f-e36e5b3e7b36 at term 1 for becomeLeader, leader elected after 5084ms
2019-10-12 10:21:54,019 [92bb78cc-3f8c-47d7-bf7f-e36e5b3e7b36@group-76AF3572C800-LeaderElection98] INFO  server.RaftServerConfigKeys (ConfUtils.java:logGet(43)) - raft.server.staging.catchup.gap = 1000 (default)
2019-10-12 10:21:54,019 [92bb78cc-3f8c-47d7-bf7f-e36e5b3e7b36@group-76AF3572C800-LeaderElection98] INFO  server.RaftServerConfigKeys (ConfUtils.java:logGet(43)) - raft.server.rpc.sleep.time = 25ms (default)
2019-10-12 10:21:54,019 [92bb78cc-3f8c-47d7-bf7f-e36e5b3e7b36@group-76AF3572C800-LeaderElection98] INFO  server.RaftServerConfigKeys (ConfUtils.java:logGet(43)) - raft.server.write.element-limit = 4096 (default)
2019-10-12 10:21:54,019 [92bb78cc-3f8c-47d7-bf7f-e36e5b3e7b36@group-76AF3572C800-LeaderElection98] INFO  server.RaftServerConfigKeys (ConfUtils.java:logGet(43)) - raft.server.watch.timeout = 10s (default)
2019-10-12 10:21:54,019 [92bb78cc-3f8c-47d7-bf7f-e36e5b3e7b36@group-76AF3572C800-LeaderElection98] INFO  server.RaftServerConfigKeys (ConfUtils.java:logGet(43)) - raft.server.watch.timeout.denomination = 1s (default)
2019-10-12 10:21:54,019 [92bb78cc-3f8c-47d7-bf7f-e36e5b3e7b36@group-76AF3572C800-LeaderElection98] INFO  server.RaftServerConfigKeys (ConfUtils.java:logGet(43)) - raft.server.watch.element-limit = 65536 (default)
2019-10-12 10:21:54,021 [92bb78cc-3f8c-47d7-bf7f-e36e5b3e7b36@group-76AF3572C800-LeaderElection98] INFO  server.RaftServerConfigKeys (ConfUtils.java:logGet(43)) - raft.server.log.appender.snapshot.chunk.size.max = 16MB (=16777216) (default)
2019-10-12 10:21:54,021 [92bb78cc-3f8c-47d7-bf7f-e36e5b3e7b36@group-76AF3572C800-LeaderElection98] INFO  server.RaftServerConfigKeys (ConfUtils.java:logGet(43)) - raft.server.log.appender.buffer.byte-limit = 33554432 (custom)
2019-10-12 10:21:54,021 [92bb78cc-3f8c-47d7-bf7f-e36e5b3e7b36@group-76AF3572C800-LeaderElection98] INFO  server.RaftServerConfigKeys (ConfUtils.java:logGet(43)) - raft.server.log.appender.buffer.element-limit = 1 (custom)
2019-10-12 10:21:54,021 [92bb78cc-3f8c-47d7-bf7f-e36e5b3e7b36@group-76AF3572C800-LeaderElection98] INFO  grpc.GrpcConfigKeys$Server (ConfUtils.java:logGet(43)) - raft.grpc.server.leader.outstanding.appends.max = 128 (default)
2019-10-12 10:21:54,021 [92bb78cc-3f8c-47d7-bf7f-e36e5b3e7b36@group-76AF3572C800-LeaderElection98] INFO  server.RaftServerConfigKeys (ConfUtils.java:logGet(43)) - raft.server.rpc.request.timeout = 3000ms (default)
2019-10-12 10:21:54,021 [92bb78cc-3f8c-47d7-bf7f-e36e5b3e7b36@group-76AF3572C800-LeaderElection98] INFO  server.RaftServerConfigKeys (ConfUtils.java:logGet(43)) - raft.server.log.appender.install.snapshot.enabled = false (custom)
2019-10-12 10:21:54,022 [92bb78cc-3f8c-47d7-bf7f-e36e5b3e7b36@group-76AF3572C800-LeaderElection98] INFO  server.RaftServerConfigKeys (ConfUtils.java:logGet(43)) - raft.server.log.appender.snapshot.chunk.size.max = 16MB (=16777216) (default)
2019-10-12 10:21:54,022 [92bb78cc-3f8c-47d7-bf7f-e36e5b3e7b36@group-76AF3572C800-LeaderElection98] INFO  server.RaftServerConfigKeys (ConfUtils.java:logGet(43)) - raft.server.log.appender.buffer.byte-limit = 33554432 (custom)
2019-10-12 10:21:54,022 [92bb78cc-3f8c-47d7-bf7f-e36e5b3e7b36@group-76AF3572C800-LeaderElection98] INFO  server.RaftServerConfigKeys (ConfUtils.java:logGet(43)) - raft.server.log.appender.buffer.element-limit = 1 (custom)
2019-10-12 10:21:54,022 [92bb78cc-3f8c-47d7-bf7f-e36e5b3e7b36@group-76AF3572C800-LeaderElection98] INFO  grpc.GrpcConfigKeys$Server (ConfUtils.java:logGet(43)) - raft.grpc.server.leader.outstanding.appends.max = 128 (default)
2019-10-12 10:21:54,022 [92bb78cc-3f8c-47d7-bf7f-e36e5b3e7b36@group-76AF3572C800-LeaderElection98] INFO  server.RaftServerConfigKeys (ConfUtils.java:logGet(43)) - raft.server.rpc.request.timeout = 3000ms (default)
2019-10-12 10:21:54,022 [92bb78cc-3f8c-47d7-bf7f-e36e5b3e7b36@group-76AF3572C800-LeaderElection98] INFO  server.RaftServerConfigKeys (ConfUtils.java:logGet(43)) - raft.server.log.appender.install.snapshot.enabled = false (custom)
2019-10-12 10:21:54,022 [92bb78cc-3f8c-47d7-bf7f-e36e5b3e7b36@group-76AF3572C800-LeaderElection98] INFO  impl.RoleInfo (RoleInfo.java:updateAndGet(143)) - 92bb78cc-3f8c-47d7-bf7f-e36e5b3e7b36: start LeaderState
2019-10-12 10:21:54,022 [92bb78cc-3f8c-47d7-bf7f-e36e5b3e7b36@group-76AF3572C800-LeaderElection98] INFO  segmented.SegmentedRaftLogWorker (SegmentedRaftLogWorker.java:startLogSegment(385)) - 92bb78cc-3f8c-47d7-bf7f-e36e5b3e7b36@group-76AF3572C800-SegmentedRaftLogWorker: Starting segment from index:0
2019-10-12 10:21:54,023 [92bb78cc-3f8c-47d7-bf7f-e36e5b3e7b36@group-76AF3572C800-LeaderElection98] INFO  impl.RaftServerImpl (ServerState.java:setRaftConf(356)) - 92bb78cc-3f8c-47d7-bf7f-e36e5b3e7b36@group-76AF3572C800: set configuration 0: [92bb78cc-3f8c-47d7-bf7f-e36e5b3e7b36:192.168.5.134:46522, f555cbac-5274-466e-9328-20197bae6a01:192.168.5.134:39487, 47cc5d93-2c95-4ed7-84b7-52463b84dd59:192.168.5.134:33049], old=null at 0
2019-10-12 10:21:54,058 [grpc-default-executor-6] INFO  impl.RaftServerImpl (ServerState.java:setLeader(255)) - 47cc5d93-2c95-4ed7-84b7-52463b84dd59@group-76AF3572C800: change Leader from null to 92bb78cc-3f8c-47d7-bf7f-e36e5b3e7b36 at term 1 for appendEntries, leader elected after 5215ms
2019-10-12 10:21:54,058 [grpc-default-executor-0] INFO  impl.RaftServerImpl (ServerState.java:setLeader(255)) - f555cbac-5274-466e-9328-20197bae6a01@group-76AF3572C800: change Leader from null to 92bb78cc-3f8c-47d7-bf7f-e36e5b3e7b36 at term 1 for appendEntries, leader elected after 5041ms
2019-10-12 10:21:54,061 [grpc-default-executor-0] INFO  impl.RaftServerImpl (ServerState.java:setRaftConf(356)) - f555cbac-5274-466e-9328-20197bae6a01@group-76AF3572C800: set configuration 0: [92bb78cc-3f8c-47d7-bf7f-e36e5b3e7b36:192.168.5.134:46522, f555cbac-5274-466e-9328-20197bae6a01:192.168.5.134:39487, 47cc5d93-2c95-4ed7-84b7-52463b84dd59:192.168.5.134:33049], old=null at 0
2019-10-12 10:21:54,061 [grpc-default-executor-6] INFO  impl.RaftServerImpl (ServerState.java:setRaftConf(356)) - 47cc5d93-2c95-4ed7-84b7-52463b84dd59@group-76AF3572C800: set configuration 0: [92bb78cc-3f8c-47d7-bf7f-e36e5b3e7b36:192.168.5.134:46522, f555cbac-5274-466e-9328-20197bae6a01:192.168.5.134:39487, 47cc5d93-2c95-4ed7-84b7-52463b84dd59:192.168.5.134:33049], old=null at 0
2019-10-12 10:21:54,061 [grpc-default-executor-0] INFO  segmented.SegmentedRaftLogWorker (SegmentedRaftLogWorker.java:startLogSegment(385)) - f555cbac-5274-466e-9328-20197bae6a01@group-76AF3572C800-SegmentedRaftLogWorker: Starting segment from index:0
2019-10-12 10:21:54,062 [grpc-default-executor-6] INFO  segmented.SegmentedRaftLogWorker (SegmentedRaftLogWorker.java:startLogSegment(385)) - 47cc5d93-2c95-4ed7-84b7-52463b84dd59@group-76AF3572C800-SegmentedRaftLogWorker: Starting segment from index:0
2019-10-12 10:21:54,070 [Thread-2364] INFO  impl.FollowerState (FollowerState.java:run(108)) - 92bb78cc-3f8c-47d7-bf7f-e36e5b3e7b36@group-41DEE84D8837-FollowerState: change to CANDIDATE, lastRpcTime:5171ms, electionTimeout:5171ms
2019-10-12 10:21:54,070 [Thread-2364] INFO  impl.RoleInfo (RoleInfo.java:shutdownFollowerState(121)) - 92bb78cc-3f8c-47d7-bf7f-e36e5b3e7b36: shutdown FollowerState
2019-10-12 10:21:54,070 [Thread-2364] INFO  impl.RaftServerImpl (RaftServerImpl.java:setRole(170)) - 92bb78cc-3f8c-47d7-bf7f-e36e5b3e7b36@group-41DEE84D8837: changes role from  FOLLOWER to CANDIDATE at term 0 for changeToCandidate
2019-10-12 10:21:54,071 [Thread-2364] INFO  impl.RoleInfo (RoleInfo.java:updateAndGet(143)) - 92bb78cc-3f8c-47d7-bf7f-e36e5b3e7b36: start LeaderElection
2019-10-12 10:21:54,116 [92bb78cc-3f8c-47d7-bf7f-e36e5b3e7b36@group-76AF3572C800-SegmentedRaftLogWorker] INFO  segmented.SegmentedRaftLogWorker (SegmentedRaftLogWorker.java:execute(574)) - 92bb78cc-3f8c-47d7-bf7f-e36e5b3e7b36@group-76AF3572C800-SegmentedRaftLogWorker: created new log segment /workdir/hadoop-ozone/integration-test/target/test-dir/MiniOzoneClusterImpl-f9931351-52ec-4503-b9cc-8bf63e1cd39f/datanode-4/data/ratis/a3e1016a-a9fb-441a-ae57-76af3572c800/current/log_inprogress_0
2019-10-12 10:21:54,121 [Thread-2368] INFO  impl.FollowerState (FollowerState.java:run(108)) - f555cbac-5274-466e-9328-20197bae6a01@group-2ECC61C0D42A-FollowerState: change to CANDIDATE, lastRpcTime:5139ms, electionTimeout:5135ms
2019-10-12 10:21:54,122 [Thread-2368] INFO  impl.RoleInfo (RoleInfo.java:shutdownFollowerState(121)) - f555cbac-5274-466e-9328-20197bae6a01: shutdown FollowerState
2019-10-12 10:21:54,122 [Thread-2368] INFO  impl.RaftServerImpl (RaftServerImpl.java:setRole(170)) - f555cbac-5274-466e-9328-20197bae6a01@group-2ECC61C0D42A: changes role from  FOLLOWER to CANDIDATE at term 0 for changeToCandidate
2019-10-12 10:21:54,122 [Thread-2368] INFO  impl.RoleInfo (RoleInfo.java:updateAndGet(143)) - f555cbac-5274-466e-9328-20197bae6a01: start LeaderElection
2019-10-12 10:21:54,140 [f555cbac-5274-466e-9328-20197bae6a01@group-76AF3572C800-SegmentedRaftLogWorker] INFO  segmented.SegmentedRaftLogWorker (SegmentedRaftLogWorker.java:execute(574)) - f555cbac-5274-466e-9328-20197bae6a01@group-76AF3572C800-SegmentedRaftLogWorker: created new log segment /workdir/hadoop-ozone/integration-test/target/test-dir/MiniOzoneClusterImpl-f9931351-52ec-4503-b9cc-8bf63e1cd39f/datanode-5/data/ratis/a3e1016a-a9fb-441a-ae57-76af3572c800/current/log_inprogress_0
2019-10-12 10:21:54,140 [92bb78cc-3f8c-47d7-bf7f-e36e5b3e7b36@group-41DEE84D8837-LeaderElection99] INFO  impl.LeaderElection (LeaderElection.java:askForVotes(178)) - 92bb78cc-3f8c-47d7-bf7f-e36e5b3e7b36@group-41DEE84D8837-LeaderElection99: begin an election at term 1 for -1: [92bb78cc-3f8c-47d7-bf7f-e36e5b3e7b36:192.168.5.134:46522], old=null
2019-10-12 10:21:54,140 [47cc5d93-2c95-4ed7-84b7-52463b84dd59@group-76AF3572C800-SegmentedRaftLogWorker] INFO  segmented.SegmentedRaftLogWorker (SegmentedRaftLogWorker.java:execute(574)) - 47cc5d93-2c95-4ed7-84b7-52463b84dd59@group-76AF3572C800-SegmentedRaftLogWorker: created new log segment /workdir/hadoop-ozone/integration-test/target/test-dir/MiniOzoneClusterImpl-f9931351-52ec-4503-b9cc-8bf63e1cd39f/datanode-3/data/ratis/a3e1016a-a9fb-441a-ae57-76af3572c800/current/log_inprogress_0
2019-10-12 10:21:54,140 [92bb78cc-3f8c-47d7-bf7f-e36e5b3e7b36@group-41DEE84D8837-LeaderElection99] INFO  impl.RoleInfo (RoleInfo.java:shutdownLeaderElection(134)) - 92bb78cc-3f8c-47d7-bf7f-e36e5b3e7b36: shutdown LeaderElection
2019-10-12 10:21:54,140 [92bb78cc-3f8c-47d7-bf7f-e36e5b3e7b36@group-41DEE84D8837-LeaderElection99] INFO  impl.RaftServerImpl (RaftServerImpl.java:setRole(170)) - 92bb78cc-3f8c-47d7-bf7f-e36e5b3e7b36@group-41DEE84D8837: changes role from CANDIDATE to LEADER at term 1 for changeToLeader
2019-10-12 10:21:54,141 [92bb78cc-3f8c-47d7-bf7f-e36e5b3e7b36@group-41DEE84D8837-LeaderElection99] INFO  impl.RaftServerImpl (ServerState.java:setLeader(255)) - 92bb78cc-3f8c-47d7-bf7f-e36e5b3e7b36@group-41DEE84D8837: change Leader from null to 92bb78cc-3f8c-47d7-bf7f-e36e5b3e7b36 at term 1 for becomeLeader, leader elected after 5250ms
2019-10-12 10:21:54,141 [92bb78cc-3f8c-47d7-bf7f-e36e5b3e7b36@group-41DEE84D8837-LeaderElection99] INFO  server.RaftServerConfigKeys (ConfUtils.java:logGet(43)) - raft.server.staging.catchup.gap = 1000 (default)
2019-10-12 10:21:54,141 [92bb78cc-3f8c-47d7-bf7f-e36e5b3e7b36@group-41DEE84D8837-LeaderElection99] INFO  server.RaftServerConfigKeys (ConfUtils.java:logGet(43)) - raft.server.rpc.sleep.time = 25ms (default)
2019-10-12 10:21:54,141 [92bb78cc-3f8c-47d7-bf7f-e36e5b3e7b36@group-41DEE84D8837-LeaderElection99] INFO  server.RaftServerConfigKeys (ConfUtils.java:logGet(43)) - raft.server.write.element-limit = 4096 (default)
2019-10-12 10:21:54,141 [92bb78cc-3f8c-47d7-bf7f-e36e5b3e7b36@group-41DEE84D8837-LeaderElection99] INFO  server.RaftServerConfigKeys (ConfUtils.java:logGet(43)) - raft.server.watch.timeout = 10s (default)
2019-10-12 10:21:54,141 [92bb78cc-3f8c-47d7-bf7f-e36e5b3e7b36@group-41DEE84D8837-LeaderElection99] INFO  server.RaftServerConfigKeys (ConfUtils.java:logGet(43)) - raft.server.watch.timeout.denomination = 1s (default)
2019-10-12 10:21:54,141 [92bb78cc-3f8c-47d7-bf7f-e36e5b3e7b36@group-41DEE84D8837-LeaderElection99] INFO  server.RaftServerConfigKeys (ConfUtils.java:logGet(43)) - raft.server.watch.element-limit = 65536 (default)
2019-10-12 10:21:54,143 [92bb78cc-3f8c-47d7-bf7f-e36e5b3e7b36@group-41DEE84D8837-LeaderElection99] INFO  impl.RoleInfo (RoleInfo.java:updateAndGet(143)) - 92bb78cc-3f8c-47d7-bf7f-e36e5b3e7b36: start LeaderState
2019-10-12 10:21:54,143 [f555cbac-5274-466e-9328-20197bae6a01@group-2ECC61C0D42A-LeaderElection100] INFO  impl.LeaderElection (LeaderElection.java:askForVotes(178)) - f555cbac-5274-466e-9328-20197bae6a01@group-2ECC61C0D42A-LeaderElection100: begin an election at term 1 for -1: [f555cbac-5274-466e-9328-20197bae6a01:192.168.5.134:39487], old=null
2019-10-12 10:21:54,143 [92bb78cc-3f8c-47d7-bf7f-e36e5b3e7b36@group-41DEE84D8837-LeaderElection99] INFO  segmented.SegmentedRaftLogWorker (SegmentedRaftLogWorker.java:startLogSegment(385)) - 92bb78cc-3f8c-47d7-bf7f-e36e5b3e7b36@group-41DEE84D8837-SegmentedRaftLogWorker: Starting segment from index:0
2019-10-12 10:21:54,143 [f555cbac-5274-466e-9328-20197bae6a01@group-2ECC61C0D42A-LeaderElection100] INFO  impl.RoleInfo (RoleInfo.java:shutdownLeaderElection(134)) - f555cbac-5274-466e-9328-20197bae6a01: shutdown LeaderElection
2019-10-12 10:21:54,143 [f555cbac-5274-466e-9328-20197bae6a01@group-2ECC61C0D42A-LeaderElection100] INFO  impl.RaftServerImpl (RaftServerImpl.java:setRole(170)) - f555cbac-5274-466e-9328-20197bae6a01@group-2ECC61C0D42A: changes role from CANDIDATE to LEADER at term 1 for changeToLeader
2019-10-12 10:21:54,143 [f555cbac-5274-466e-9328-20197bae6a01@group-2ECC61C0D42A-LeaderElection100] INFO  impl.RaftServerImpl (ServerState.java:setLeader(255)) - f555cbac-5274-466e-9328-20197bae6a01@group-2ECC61C0D42A: change Leader from null to f555cbac-5274-466e-9328-20197bae6a01 at term 1 for becomeLeader, leader elected after 5169ms
2019-10-12 10:21:54,143 [92bb78cc-3f8c-47d7-bf7f-e36e5b3e7b36@group-41DEE84D8837-LeaderElection99] INFO  impl.RaftServerImpl (ServerState.java:setRaftConf(356)) - 92bb78cc-3f8c-47d7-bf7f-e36e5b3e7b36@group-41DEE84D8837: set configuration 0: [92bb78cc-3f8c-47d7-bf7f-e36e5b3e7b36:192.168.5.134:46522], old=null at 0
2019-10-12 10:21:54,143 [f555cbac-5274-466e-9328-20197bae6a01@group-2ECC61C0D42A-LeaderElection100] INFO  server.RaftServerConfigKeys (ConfUtils.java:logGet(43)) - raft.server.staging.catchup.gap = 1000 (default)
2019-10-12 10:21:54,144 [f555cbac-5274-466e-9328-20197bae6a01@group-2ECC61C0D42A-LeaderElection100] INFO  server.RaftServerConfigKeys (ConfUtils.java:logGet(43)) - raft.server.rpc.sleep.time = 25ms (default)
2019-10-12 10:21:54,144 [f555cbac-5274-466e-9328-20197bae6a01@group-2ECC61C0D42A-LeaderElection100] INFO  server.RaftServerConfigKeys (ConfUtils.java:logGet(43)) - raft.server.write.element-limit = 4096 (default)
2019-10-12 10:21:54,144 [f555cbac-5274-466e-9328-20197bae6a01@group-2ECC61C0D42A-LeaderElection100] INFO  server.RaftServerConfigKeys (ConfUtils.java:logGet(43)) - raft.server.watch.timeout = 10s (default)
2019-10-12 10:21:54,144 [f555cbac-5274-466e-9328-20197bae6a01@group-2ECC61C0D42A-LeaderElection100] INFO  server.RaftServerConfigKeys (ConfUtils.java:logGet(43)) - raft.server.watch.timeout.denomination = 1s (default)
2019-10-12 10:21:54,144 [f555cbac-5274-466e-9328-20197bae6a01@group-2ECC61C0D42A-LeaderElection100] INFO  server.RaftServerConfigKeys (ConfUtils.java:logGet(43)) - raft.server.watch.element-limit = 65536 (default)
2019-10-12 10:21:54,146 [f555cbac-5274-466e-9328-20197bae6a01@group-2ECC61C0D42A-LeaderElection100] INFO  impl.RoleInfo (RoleInfo.java:updateAndGet(143)) - f555cbac-5274-466e-9328-20197bae6a01: start LeaderState
2019-10-12 10:21:54,146 [f555cbac-5274-466e-9328-20197bae6a01@group-2ECC61C0D42A-LeaderElection100] INFO  segmented.SegmentedRaftLogWorker (SegmentedRaftLogWorker.java:startLogSegment(385)) - f555cbac-5274-466e-9328-20197bae6a01@group-2ECC61C0D42A-SegmentedRaftLogWorker: Starting segment from index:0
2019-10-12 10:21:54,147 [f555cbac-5274-466e-9328-20197bae6a01@group-2ECC61C0D42A-LeaderElection100] INFO  impl.RaftServerImpl (ServerState.java:setRaftConf(356)) - f555cbac-5274-466e-9328-20197bae6a01@group-2ECC61C0D42A: set configuration 0: [f555cbac-5274-466e-9328-20197bae6a01:192.168.5.134:39487], old=null at 0
2019-10-12 10:21:54,188 [f555cbac-5274-466e-9328-20197bae6a01@group-2ECC61C0D42A-SegmentedRaftLogWorker] INFO  segmented.SegmentedRaftLogWorker (SegmentedRaftLogWorker.java:execute(574)) - f555cbac-5274-466e-9328-20197bae6a01@group-2ECC61C0D42A-SegmentedRaftLogWorker: created new log segment /workdir/hadoop-ozone/integration-test/target/test-dir/MiniOzoneClusterImpl-f9931351-52ec-4503-b9cc-8bf63e1cd39f/datanode-5/data/ratis/1ebbccd9-cc0c-453f-bc82-2ecc61c0d42a/current/log_inprogress_0
2019-10-12 10:21:54,188 [92bb78cc-3f8c-47d7-bf7f-e36e5b3e7b36@group-41DEE84D8837-SegmentedRaftLogWorker] INFO  segmented.SegmentedRaftLogWorker (SegmentedRaftLogWorker.java:execute(574)) - 92bb78cc-3f8c-47d7-bf7f-e36e5b3e7b36@group-41DEE84D8837-SegmentedRaftLogWorker: created new log segment /workdir/hadoop-ozone/integration-test/target/test-dir/MiniOzoneClusterImpl-f9931351-52ec-4503-b9cc-8bf63e1cd39f/datanode-4/data/ratis/fb3d4bfd-146a-4011-95b0-41dee84d8837/current/log_inprogress_0
2019-10-12 10:21:54,223 [Thread-2372] INFO  impl.FollowerState (FollowerState.java:run(108)) - d147de71-dabc-4e33-ade9-c1697c33eae6@group-E487BFAA822F-FollowerState: change to CANDIDATE, lastRpcTime:5166ms, electionTimeout:5166ms
2019-10-12 10:21:54,223 [Thread-2372] INFO  impl.RoleInfo (RoleInfo.java:shutdownFollowerState(121)) - d147de71-dabc-4e33-ade9-c1697c33eae6: shutdown FollowerState
2019-10-12 10:21:54,223 [Thread-2372] INFO  impl.RaftServerImpl (RaftServerImpl.java:setRole(170)) - d147de71-dabc-4e33-ade9-c1697c33eae6@group-E487BFAA822F: changes role from  FOLLOWER to CANDIDATE at term 0 for changeToCandidate
2019-10-12 10:21:54,223 [Thread-2372] INFO  impl.RoleInfo (RoleInfo.java:updateAndGet(143)) - d147de71-dabc-4e33-ade9-c1697c33eae6: start LeaderElection
2019-10-12 10:21:54,242 [d147de71-dabc-4e33-ade9-c1697c33eae6@group-E487BFAA822F-LeaderElection101] INFO  impl.LeaderElection (LeaderElection.java:askForVotes(178)) - d147de71-dabc-4e33-ade9-c1697c33eae6@group-E487BFAA822F-LeaderElection101: begin an election at term 1 for -1: [d147de71-dabc-4e33-ade9-c1697c33eae6:192.168.5.134:45130], old=null
2019-10-12 10:21:54,242 [d147de71-dabc-4e33-ade9-c1697c33eae6@group-E487BFAA822F-LeaderElection101] INFO  impl.RoleInfo (RoleInfo.java:shutdownLeaderElection(134)) - d147de71-dabc-4e33-ade9-c1697c33eae6: shutdown LeaderElection
2019-10-12 10:21:54,243 [d147de71-dabc-4e33-ade9-c1697c33eae6@group-E487BFAA822F-LeaderElection101] INFO  impl.RaftServerImpl (RaftServerImpl.java:setRole(170)) - d147de71-dabc-4e33-ade9-c1697c33eae6@group-E487BFAA822F: changes role from CANDIDATE to LEADER at term 1 for changeToLeader
2019-10-12 10:21:54,243 [d147de71-dabc-4e33-ade9-c1697c33eae6@group-E487BFAA822F-LeaderElection101] INFO  impl.RaftServerImpl (ServerState.java:setLeader(255)) - d147de71-dabc-4e33-ade9-c1697c33eae6@group-E487BFAA822F: change Leader from null to d147de71-dabc-4e33-ade9-c1697c33eae6 at term 1 for becomeLeader, leader elected after 5194ms
2019-10-12 10:21:54,243 [d147de71-dabc-4e33-ade9-c1697c33eae6@group-E487BFAA822F-LeaderElection101] INFO  server.RaftServerConfigKeys (ConfUtils.java:logGet(43)) - raft.server.staging.catchup.gap = 1000 (default)
2019-10-12 10:21:54,243 [d147de71-dabc-4e33-ade9-c1697c33eae6@group-E487BFAA822F-LeaderElection101] INFO  server.RaftServerConfigKeys (ConfUtils.java:logGet(43)) - raft.server.rpc.sleep.time = 25ms (default)
2019-10-12 10:21:54,243 [d147de71-dabc-4e33-ade9-c1697c33eae6@group-E487BFAA822F-LeaderElection101] INFO  server.RaftServerConfigKeys (ConfUtils.java:logGet(43)) - raft.server.write.element-limit = 4096 (default)
2019-10-12 10:21:54,243 [d147de71-dabc-4e33-ade9-c1697c33eae6@group-E487BFAA822F-LeaderElection101] INFO  server.RaftServerConfigKeys (ConfUtils.java:logGet(43)) - raft.server.watch.timeout = 10s (default)
2019-10-12 10:21:54,243 [d147de71-dabc-4e33-ade9-c1697c33eae6@group-E487BFAA822F-LeaderElection101] INFO  server.RaftServerConfigKeys (ConfUtils.java:logGet(43)) - raft.server.watch.timeout.denomination = 1s (default)
2019-10-12 10:21:54,244 [d147de71-dabc-4e33-ade9-c1697c33eae6@group-E487BFAA822F-LeaderElection101] INFO  server.RaftServerConfigKeys (ConfUtils.java:logGet(43)) - raft.server.watch.element-limit = 65536 (default)
2019-10-12 10:21:54,245 [d147de71-dabc-4e33-ade9-c1697c33eae6@group-E487BFAA822F-LeaderElection101] INFO  impl.RoleInfo (RoleInfo.java:updateAndGet(143)) - d147de71-dabc-4e33-ade9-c1697c33eae6: start LeaderState
2019-10-12 10:21:54,245 [d147de71-dabc-4e33-ade9-c1697c33eae6@group-E487BFAA822F-LeaderElection101] INFO  segmented.SegmentedRaftLogWorker (SegmentedRaftLogWorker.java:startLogSegment(385)) - d147de71-dabc-4e33-ade9-c1697c33eae6@group-E487BFAA822F-SegmentedRaftLogWorker: Starting segment from index:0
2019-10-12 10:21:54,246 [d147de71-dabc-4e33-ade9-c1697c33eae6@group-E487BFAA822F-LeaderElection101] INFO  impl.RaftServerImpl (ServerState.java:setRaftConf(356)) - d147de71-dabc-4e33-ade9-c1697c33eae6@group-E487BFAA822F: set configuration 0: [d147de71-dabc-4e33-ade9-c1697c33eae6:192.168.5.134:45130], old=null at 0
2019-10-12 10:21:54,293 [d147de71-dabc-4e33-ade9-c1697c33eae6@group-E487BFAA822F-SegmentedRaftLogWorker] INFO  segmented.SegmentedRaftLogWorker (SegmentedRaftLogWorker.java:execute(574)) - d147de71-dabc-4e33-ade9-c1697c33eae6@group-E487BFAA822F-SegmentedRaftLogWorker: created new log segment /workdir/hadoop-ozone/integration-test/target/test-dir/MiniOzoneClusterImpl-f9931351-52ec-4503-b9cc-8bf63e1cd39f/datanode-6/data/ratis/b47d3e04-eb08-444b-aad7-e487bfaa822f/current/log_inprogress_0
2019-10-12 10:21:54,636 [EventQueue-OpenPipelineForOneReplicaPipelineSafeModeRule] INFO  safemode.SCMSafeModeManager (SCMSafeModeManager.java:exitSafeMode(211)) - SCM exiting safe mode.
2019-10-12 10:21:54,636 [Thread-2374] INFO  container.ReplicationManager (ReplicationManager.java:start(162)) - Starting Replication Monitor Thread.
2019-10-12 10:21:54,641 [ReplicationMonitor] INFO  container.ReplicationManager (ReplicationManager.java:run(225)) - Replication Monitor Thread took 0 milliseconds for processing 1 containers.
2019-10-12 10:21:57,637 [Thread-2433] INFO  container.ReplicationManager (ReplicationManager.java:start(169)) - Replication Monitor Thread is already running.
2019-10-12 10:21:58,990 [Thread-2410] INFO  impl.FollowerState (FollowerState.java:run(108)) - 51deee32-efc8-49a8-a097-12875679bec7@group-6674C1167E0C-FollowerState: change to CANDIDATE, lastRpcTime:5040ms, electionTimeout:5037ms
2019-10-12 10:21:58,991 [Thread-2410] INFO  impl.RoleInfo (RoleInfo.java:shutdownFollowerState(121)) - 51deee32-efc8-49a8-a097-12875679bec7: shutdown FollowerState
2019-10-12 10:21:58,991 [Thread-2410] INFO  impl.RaftServerImpl (RaftServerImpl.java:setRole(170)) - 51deee32-efc8-49a8-a097-12875679bec7@group-6674C1167E0C: changes role from  FOLLOWER to CANDIDATE at term 2 for changeToCandidate
2019-10-12 10:21:58,991 [Thread-2410] INFO  impl.RoleInfo (RoleInfo.java:updateAndGet(143)) - 51deee32-efc8-49a8-a097-12875679bec7: start LeaderElection
2019-10-12 10:21:59,011 [51deee32-efc8-49a8-a097-12875679bec7@group-6674C1167E0C-LeaderElection102] INFO  impl.LeaderElection (LeaderElection.java:askForVotes(178)) - 51deee32-efc8-49a8-a097-12875679bec7@group-6674C1167E0C-LeaderElection102: begin an election at term 3 for 0: [90ad4614-55d2-4680-b42d-d3edb0fdc15d:192.168.5.134:43140, 51deee32-efc8-49a8-a097-12875679bec7:192.168.5.134:35443, cf91553c-1d08-47b5-9609-e12b61a10915:192.168.5.134:42337], old=null
2019-10-12 10:21:59,011 [Thread-2409] INFO  impl.FollowerState (FollowerState.java:run(108)) - cf91553c-1d08-47b5-9609-e12b61a10915@group-6674C1167E0C-FollowerState: change to CANDIDATE, lastRpcTime:5077ms, electionTimeout:5077ms
2019-10-12 10:21:59,012 [Thread-2409] INFO  impl.RoleInfo (RoleInfo.java:shutdownFollowerState(121)) - cf91553c-1d08-47b5-9609-e12b61a10915: shutdown FollowerState
2019-10-12 10:21:59,012 [Thread-2409] INFO  impl.RaftServerImpl (RaftServerImpl.java:setRole(170)) - cf91553c-1d08-47b5-9609-e12b61a10915@group-6674C1167E0C: changes role from  FOLLOWER to CANDIDATE at term 2 for changeToCandidate
2019-10-12 10:21:59,012 [Thread-2409] INFO  impl.RoleInfo (RoleInfo.java:updateAndGet(143)) - cf91553c-1d08-47b5-9609-e12b61a10915: start LeaderElection
2019-10-12 10:21:59,027 [grpc-default-executor-0] INFO  impl.RaftServerImpl (RaftServerImpl.java:setRole(170)) - 90ad4614-55d2-4680-b42d-d3edb0fdc15d@group-6674C1167E0C: changes role from  FOLLOWER to FOLLOWER at term 3 for recognizeCandidate:51deee32-efc8-49a8-a097-12875679bec7
2019-10-12 10:21:59,027 [grpc-default-executor-0] INFO  impl.RoleInfo (RoleInfo.java:shutdownFollowerState(121)) - 90ad4614-55d2-4680-b42d-d3edb0fdc15d: shutdown FollowerState
2019-10-12 10:21:59,028 [grpc-default-executor-0] INFO  impl.RoleInfo (RoleInfo.java:updateAndGet(143)) - 90ad4614-55d2-4680-b42d-d3edb0fdc15d: start FollowerState
2019-10-12 10:21:59,028 [Thread-2396] INFO  impl.FollowerState (FollowerState.java:run(117)) - 90ad4614-55d2-4680-b42d-d3edb0fdc15d@group-6674C1167E0C-FollowerState was interrupted: java.lang.InterruptedException: sleep interrupted
2019-10-12 10:21:59,031 [cf91553c-1d08-47b5-9609-e12b61a10915@group-6674C1167E0C-LeaderElection103] INFO  impl.LeaderElection (LeaderElection.java:askForVotes(178)) - cf91553c-1d08-47b5-9609-e12b61a10915@group-6674C1167E0C-LeaderElection103: begin an election at term 3 for -1: [90ad4614-55d2-4680-b42d-d3edb0fdc15d:192.168.5.134:43140, 51deee32-efc8-49a8-a097-12875679bec7:192.168.5.134:35443, cf91553c-1d08-47b5-9609-e12b61a10915:192.168.5.134:42337], old=null
2019-10-12 10:21:59,048 [51deee32-efc8-49a8-a097-12875679bec7@group-6674C1167E0C-LeaderElection102] INFO  impl.LeaderElection (LeaderElection.java:logAndReturn(56)) - 51deee32-efc8-49a8-a097-12875679bec7@group-6674C1167E0C-LeaderElection102: Election PASSED; received 2 response(s) [51deee32-efc8-49a8-a097-12875679bec7<-90ad4614-55d2-4680-b42d-d3edb0fdc15d#0:OK-t3, 51deee32-efc8-49a8-a097-12875679bec7<-cf91553c-1d08-47b5-9609-e12b61a10915#0:FAIL-t3] and 0 exception(s); 51deee32-efc8-49a8-a097-12875679bec7@group-6674C1167E0C:t3, leader=null, voted=51deee32-efc8-49a8-a097-12875679bec7, raftlog=51deee32-efc8-49a8-a097-12875679bec7@group-6674C1167E0C-SegmentedRaftLog:OPENED:c-1,f0,i0, conf=0: [90ad4614-55d2-4680-b42d-d3edb0fdc15d:192.168.5.134:43140, 51deee32-efc8-49a8-a097-12875679bec7:192.168.5.134:35443, cf91553c-1d08-47b5-9609-e12b61a10915:192.168.5.134:42337], old=null
2019-10-12 10:21:59,048 [cf91553c-1d08-47b5-9609-e12b61a10915@group-6674C1167E0C-LeaderElection103] INFO  impl.LeaderElection (LeaderElection.java:logAndReturn(56)) - cf91553c-1d08-47b5-9609-e12b61a10915@group-6674C1167E0C-LeaderElection103: Election REJECTED; received 2 response(s) [cf91553c-1d08-47b5-9609-e12b61a10915<-90ad4614-55d2-4680-b42d-d3edb0fdc15d#0:FAIL-t3, cf91553c-1d08-47b5-9609-e12b61a10915<-51deee32-efc8-49a8-a097-12875679bec7#0:FAIL-t3] and 0 exception(s); cf91553c-1d08-47b5-9609-e12b61a10915@group-6674C1167E0C:t3, leader=null, voted=cf91553c-1d08-47b5-9609-e12b61a10915, raftlog=cf91553c-1d08-47b5-9609-e12b61a10915@group-6674C1167E0C-SegmentedRaftLog:OPENED:c-1,f-1,i0, conf=-1: [90ad4614-55d2-4680-b42d-d3edb0fdc15d:192.168.5.134:43140, 51deee32-efc8-49a8-a097-12875679bec7:192.168.5.134:35443, cf91553c-1d08-47b5-9609-e12b61a10915:192.168.5.134:42337], old=null
2019-10-12 10:21:59,048 [51deee32-efc8-49a8-a097-12875679bec7@group-6674C1167E0C-LeaderElection102] INFO  impl.RoleInfo (RoleInfo.java:shutdownLeaderElection(134)) - 51deee32-efc8-49a8-a097-12875679bec7: shutdown LeaderElection
2019-10-12 10:21:59,048 [cf91553c-1d08-47b5-9609-e12b61a10915@group-6674C1167E0C-LeaderElection103] INFO  impl.RaftServerImpl (RaftServerImpl.java:setRole(170)) - cf91553c-1d08-47b5-9609-e12b61a10915@group-6674C1167E0C: changes role from CANDIDATE to FOLLOWER at term 3 for DISCOVERED_A_NEW_TERM
2019-10-12 10:21:59,048 [51deee32-efc8-49a8-a097-12875679bec7@group-6674C1167E0C-LeaderElection102] INFO  impl.RaftServerImpl (RaftServerImpl.java:setRole(170)) - 51deee32-efc8-49a8-a097-12875679bec7@group-6674C1167E0C: changes role from CANDIDATE to LEADER at term 3 for changeToLeader
2019-10-12 10:21:59,049 [cf91553c-1d08-47b5-9609-e12b61a10915@group-6674C1167E0C-LeaderElection103] INFO  impl.RoleInfo (RoleInfo.java:shutdownLeaderElection(134)) - cf91553c-1d08-47b5-9609-e12b61a10915: shutdown LeaderElection
2019-10-12 10:21:59,049 [51deee32-efc8-49a8-a097-12875679bec7@group-6674C1167E0C-LeaderElection102] INFO  impl.RaftServerImpl (ServerState.java:setLeader(255)) - 51deee32-efc8-49a8-a097-12875679bec7@group-6674C1167E0C: change Leader from null to 51deee32-efc8-49a8-a097-12875679bec7 at term 3 for becomeLeader, leader elected after 5129ms
2019-10-12 10:21:59,049 [cf91553c-1d08-47b5-9609-e12b61a10915@group-6674C1167E0C-LeaderElection103] INFO  impl.RoleInfo (RoleInfo.java:updateAndGet(143)) - cf91553c-1d08-47b5-9609-e12b61a10915: start FollowerState
2019-10-12 10:21:59,049 [51deee32-efc8-49a8-a097-12875679bec7@group-6674C1167E0C-LeaderElection102] INFO  server.RaftServerConfigKeys (ConfUtils.java:logGet(43)) - raft.server.staging.catchup.gap = 1000 (default)
2019-10-12 10:21:59,049 [51deee32-efc8-49a8-a097-12875679bec7@group-6674C1167E0C-LeaderElection102] INFO  server.RaftServerConfigKeys (ConfUtils.java:logGet(43)) - raft.server.rpc.sleep.time = 25ms (default)
2019-10-12 10:21:59,050 [51deee32-efc8-49a8-a097-12875679bec7@group-6674C1167E0C-LeaderElection102] INFO  server.RaftServerConfigKeys (ConfUtils.java:logGet(43)) - raft.server.write.element-limit = 4096 (default)
2019-10-12 10:21:59,050 [51deee32-efc8-49a8-a097-12875679bec7@group-6674C1167E0C-LeaderElection102] INFO  server.RaftServerConfigKeys (ConfUtils.java:logGet(43)) - raft.server.watch.timeout = 10s (default)
2019-10-12 10:21:59,050 [51deee32-efc8-49a8-a097-12875679bec7@group-6674C1167E0C-LeaderElection102] INFO  server.RaftServerConfigKeys (ConfUtils.java:logGet(43)) - raft.server.watch.timeout.denomination = 1s (default)
2019-10-12 10:21:59,050 [51deee32-efc8-49a8-a097-12875679bec7@group-6674C1167E0C-LeaderElection102] INFO  server.RaftServerConfigKeys (ConfUtils.java:logGet(43)) - raft.server.watch.element-limit = 65536 (default)
2019-10-12 10:21:59,051 [51deee32-efc8-49a8-a097-12875679bec7@group-6674C1167E0C-LeaderElection102] INFO  server.RaftServerConfigKeys (ConfUtils.java:logGet(43)) - raft.server.log.appender.snapshot.chunk.size.max = 16MB (=16777216) (default)
2019-10-12 10:21:59,051 [51deee32-efc8-49a8-a097-12875679bec7@group-6674C1167E0C-LeaderElection102] INFO  server.RaftServerConfigKeys (ConfUtils.java:logGet(43)) - raft.server.log.appender.buffer.byte-limit = 33554432 (custom)
2019-10-12 10:21:59,051 [51deee32-efc8-49a8-a097-12875679bec7@group-6674C1167E0C-LeaderElection102] INFO  server.RaftServerConfigKeys (ConfUtils.java:logGet(43)) - raft.server.log.appender.buffer.element-limit = 1 (custom)
2019-10-12 10:21:59,051 [51deee32-efc8-49a8-a097-12875679bec7@group-6674C1167E0C-LeaderElection102] INFO  grpc.GrpcConfigKeys$Server (ConfUtils.java:logGet(43)) - raft.grpc.server.leader.outstanding.appends.max = 128 (default)
2019-10-12 10:21:59,052 [51deee32-efc8-49a8-a097-12875679bec7@group-6674C1167E0C-LeaderElection102] INFO  server.RaftServerConfigKeys (ConfUtils.java:logGet(43)) - raft.server.rpc.request.timeout = 3000ms (default)
2019-10-12 10:21:59,052 [51deee32-efc8-49a8-a097-12875679bec7@group-6674C1167E0C-LeaderElection102] INFO  server.RaftServerConfigKeys (ConfUtils.java:logGet(43)) - raft.server.log.appender.install.snapshot.enabled = false (custom)
2019-10-12 10:21:59,052 [51deee32-efc8-49a8-a097-12875679bec7@group-6674C1167E0C-LeaderElection102] INFO  server.RaftServerConfigKeys (ConfUtils.java:logGet(43)) - raft.server.log.appender.snapshot.chunk.size.max = 16MB (=16777216) (default)
2019-10-12 10:21:59,052 [51deee32-efc8-49a8-a097-12875679bec7@group-6674C1167E0C-LeaderElection102] INFO  server.RaftServerConfigKeys (ConfUtils.java:logGet(43)) - raft.server.log.appender.buffer.byte-limit = 33554432 (custom)
2019-10-12 10:21:59,052 [51deee32-efc8-49a8-a097-12875679bec7@group-6674C1167E0C-LeaderElection102] INFO  server.RaftServerConfigKeys (ConfUtils.java:logGet(43)) - raft.server.log.appender.buffer.element-limit = 1 (custom)
2019-10-12 10:21:59,052 [51deee32-efc8-49a8-a097-12875679bec7@group-6674C1167E0C-LeaderElection102] INFO  grpc.GrpcConfigKeys$Server (ConfUtils.java:logGet(43)) - raft.grpc.server.leader.outstanding.appends.max = 128 (default)
2019-10-12 10:21:59,053 [51deee32-efc8-49a8-a097-12875679bec7@group-6674C1167E0C-LeaderElection102] INFO  server.RaftServerConfigKeys (ConfUtils.java:logGet(43)) - raft.server.rpc.request.timeout = 3000ms (default)
2019-10-12 10:21:59,053 [51deee32-efc8-49a8-a097-12875679bec7@group-6674C1167E0C-LeaderElection102] INFO  server.RaftServerConfigKeys (ConfUtils.java:logGet(43)) - raft.server.log.appender.install.snapshot.enabled = false (custom)
2019-10-12 10:21:59,053 [51deee32-efc8-49a8-a097-12875679bec7@group-6674C1167E0C-LeaderElection102] INFO  impl.RoleInfo (RoleInfo.java:updateAndGet(143)) - 51deee32-efc8-49a8-a097-12875679bec7: start LeaderState
2019-10-12 10:21:59,053 [51deee32-efc8-49a8-a097-12875679bec7@group-6674C1167E0C-LeaderElection102] INFO  segmented.SegmentedRaftLogWorker (SegmentedRaftLogWorker.java:rollLogSegment(390)) - 51deee32-efc8-49a8-a097-12875679bec7@group-6674C1167E0C-SegmentedRaftLogWorker: Rolling segment log-0_0 to index:0
2019-10-12 10:21:59,055 [51deee32-efc8-49a8-a097-12875679bec7@group-6674C1167E0C-LeaderElection102] INFO  impl.RaftServerImpl (ServerState.java:setRaftConf(356)) - 51deee32-efc8-49a8-a097-12875679bec7@group-6674C1167E0C: set configuration 1: [90ad4614-55d2-4680-b42d-d3edb0fdc15d:192.168.5.134:43140, 51deee32-efc8-49a8-a097-12875679bec7:192.168.5.134:35443, cf91553c-1d08-47b5-9609-e12b61a10915:192.168.5.134:42337], old=null at 1
2019-10-12 10:21:59,055 [51deee32-efc8-49a8-a097-12875679bec7@group-6674C1167E0C-SegmentedRaftLogWorker] INFO  segmented.SegmentedRaftLogWorker (SegmentedRaftLogWorker.java:execute(531)) - 51deee32-efc8-49a8-a097-12875679bec7@group-6674C1167E0C-SegmentedRaftLogWorker: Rolled log segment from /workdir/hadoop-ozone/integration-test/target/test-dir/MiniOzoneClusterImpl-f9931351-52ec-4503-b9cc-8bf63e1cd39f/datanode-0/data/ratis/67e912d9-b5da-47e3-b225-6674c1167e0c/current/log_inprogress_0 to /workdir/hadoop-ozone/integration-test/target/test-dir/MiniOzoneClusterImpl-f9931351-52ec-4503-b9cc-8bf63e1cd39f/datanode-0/data/ratis/67e912d9-b5da-47e3-b225-6674c1167e0c/current/log_0-0
2019-10-12 10:21:59,057 [grpc-default-executor-0] INFO  impl.RaftServerImpl (ServerState.java:setLeader(255)) - 90ad4614-55d2-4680-b42d-d3edb0fdc15d@group-6674C1167E0C: change Leader from null to 51deee32-efc8-49a8-a097-12875679bec7 at term 3 for appendEntries, leader elected after 10328ms
2019-10-12 10:21:59,058 [grpc-default-executor-0] INFO  impl.RaftServerImpl (RaftServerImpl.java:checkInconsistentAppendEntries(999)) - 90ad4614-55d2-4680-b42d-d3edb0fdc15d@group-6674C1167E0C: Failed appendEntries as previous log entry ((t:1, i:0)) is not found
2019-10-12 10:21:59,058 [grpc-default-executor-6] INFO  impl.RaftServerImpl (ServerState.java:setLeader(255)) - cf91553c-1d08-47b5-9609-e12b61a10915@group-6674C1167E0C: change Leader from null to 51deee32-efc8-49a8-a097-12875679bec7 at term 3 for appendEntries, leader elected after 5124ms
2019-10-12 10:21:59,058 [grpc-default-executor-0] INFO  impl.RaftServerImpl (RaftServerImpl.java:checkInconsistentAppendEntries(972)) - 90ad4614-55d2-4680-b42d-d3edb0fdc15d@group-6674C1167E0C: inconsistency entries. Reply:51deee32-efc8-49a8-a097-12875679bec7<-90ad4614-55d2-4680-b42d-d3edb0fdc15d#0:FAIL,INCONSISTENCY,nextIndex:0,term:3,followerCommit:-1
2019-10-12 10:21:59,058 [grpc-default-executor-6] INFO  impl.RaftServerImpl (RaftServerImpl.java:checkInconsistentAppendEntries(999)) - cf91553c-1d08-47b5-9609-e12b61a10915@group-6674C1167E0C: Failed appendEntries as previous log entry ((t:1, i:0)) is not found
2019-10-12 10:21:59,058 [grpc-default-executor-6] INFO  impl.RaftServerImpl (RaftServerImpl.java:checkInconsistentAppendEntries(972)) - cf91553c-1d08-47b5-9609-e12b61a10915@group-6674C1167E0C: inconsistency entries. Reply:51deee32-efc8-49a8-a097-12875679bec7<-cf91553c-1d08-47b5-9609-e12b61a10915#0:FAIL,INCONSISTENCY,nextIndex:0,term:3,followerCommit:-1
2019-10-12 10:21:59,061 [grpc-default-executor-0] INFO  impl.FollowerInfo (FollowerInfo.java:lambda$new$0(51)) - 51deee32-efc8-49a8-a097-12875679bec7@group-6674C1167E0C->90ad4614-55d2-4680-b42d-d3edb0fdc15d: nextIndex: updateUnconditionally 1 -> 0
2019-10-12 10:21:59,061 [grpc-default-executor-6] INFO  impl.FollowerInfo (FollowerInfo.java:lambda$new$0(51)) - 51deee32-efc8-49a8-a097-12875679bec7@group-6674C1167E0C->cf91553c-1d08-47b5-9609-e12b61a10915: nextIndex: updateUnconditionally 1 -> 0
2019-10-12 10:21:59,062 [grpc-default-executor-6] INFO  impl.RaftServerImpl (ServerState.java:setRaftConf(356)) - 90ad4614-55d2-4680-b42d-d3edb0fdc15d@group-6674C1167E0C: set configuration 0: [90ad4614-55d2-4680-b42d-d3edb0fdc15d:192.168.5.134:43140, 51deee32-efc8-49a8-a097-12875679bec7:192.168.5.134:35443, cf91553c-1d08-47b5-9609-e12b61a10915:192.168.5.134:42337], old=null at 0
2019-10-12 10:21:59,062 [grpc-default-executor-0] INFO  impl.RaftServerImpl (ServerState.java:setRaftConf(356)) - cf91553c-1d08-47b5-9609-e12b61a10915@group-6674C1167E0C: set configuration 0: [90ad4614-55d2-4680-b42d-d3edb0fdc15d:192.168.5.134:43140, 51deee32-efc8-49a8-a097-12875679bec7:192.168.5.134:35443, cf91553c-1d08-47b5-9609-e12b61a10915:192.168.5.134:42337], old=null at 0
2019-10-12 10:21:59,063 [grpc-default-executor-6] INFO  segmented.SegmentedRaftLogWorker (SegmentedRaftLogWorker.java:startLogSegment(385)) - 90ad4614-55d2-4680-b42d-d3edb0fdc15d@group-6674C1167E0C-SegmentedRaftLogWorker: Starting segment from index:0
2019-10-12 10:21:59,063 [grpc-default-executor-0] INFO  segmented.SegmentedRaftLogWorker (SegmentedRaftLogWorker.java:startLogSegment(385)) - cf91553c-1d08-47b5-9609-e12b61a10915@group-6674C1167E0C-SegmentedRaftLogWorker: Starting segment from index:0
2019-10-12 10:21:59,063 [grpc-default-executor-6] INFO  impl.RaftServerImpl (ServerState.java:setRaftConf(356)) - 90ad4614-55d2-4680-b42d-d3edb0fdc15d@group-6674C1167E0C: set configuration 1: [90ad4614-55d2-4680-b42d-d3edb0fdc15d:192.168.5.134:43140, 51deee32-efc8-49a8-a097-12875679bec7:192.168.5.134:35443, cf91553c-1d08-47b5-9609-e12b61a10915:192.168.5.134:42337], old=null at 1
2019-10-12 10:21:59,064 [grpc-default-executor-6] INFO  segmented.SegmentedRaftLogWorker (SegmentedRaftLogWorker.java:rollLogSegment(390)) - 90ad4614-55d2-4680-b42d-d3edb0fdc15d@group-6674C1167E0C-SegmentedRaftLogWorker: Rolling segment log-0_0 to index:0
2019-10-12 10:21:59,064 [grpc-default-executor-0] INFO  impl.RaftServerImpl (ServerState.java:setRaftConf(356)) - cf91553c-1d08-47b5-9609-e12b61a10915@group-6674C1167E0C: set configuration 1: [90ad4614-55d2-4680-b42d-d3edb0fdc15d:192.168.5.134:43140, 51deee32-efc8-49a8-a097-12875679bec7:192.168.5.134:35443, cf91553c-1d08-47b5-9609-e12b61a10915:192.168.5.134:42337], old=null at 1
2019-10-12 10:21:59,064 [grpc-default-executor-0] INFO  segmented.SegmentedRaftLogWorker (SegmentedRaftLogWorker.java:rollLogSegment(390)) - cf91553c-1d08-47b5-9609-e12b61a10915@group-6674C1167E0C-SegmentedRaftLogWorker: Rolling segment log-0_0 to index:0
2019-10-12 10:21:59,101 [90ad4614-55d2-4680-b42d-d3edb0fdc15d@group-6674C1167E0C-SegmentedRaftLogWorker] INFO  segmented.SegmentedRaftLogWorker (SegmentedRaftLogWorker.java:execute(574)) - 90ad4614-55d2-4680-b42d-d3edb0fdc15d@group-6674C1167E0C-SegmentedRaftLogWorker: created new log segment /workdir/hadoop-ozone/integration-test/target/test-dir/MiniOzoneClusterImpl-f9931351-52ec-4503-b9cc-8bf63e1cd39f/datanode-1/data/ratis/67e912d9-b5da-47e3-b225-6674c1167e0c/current/log_inprogress_0
2019-10-12 10:21:59,101 [cf91553c-1d08-47b5-9609-e12b61a10915@group-6674C1167E0C-SegmentedRaftLogWorker] INFO  segmented.SegmentedRaftLogWorker (SegmentedRaftLogWorker.java:execute(574)) - cf91553c-1d08-47b5-9609-e12b61a10915@group-6674C1167E0C-SegmentedRaftLogWorker: created new log segment /workdir/hadoop-ozone/integration-test/target/test-dir/MiniOzoneClusterImpl-f9931351-52ec-4503-b9cc-8bf63e1cd39f/datanode-2/data/ratis/67e912d9-b5da-47e3-b225-6674c1167e0c/current/log_inprogress_0
2019-10-12 10:21:59,101 [51deee32-efc8-49a8-a097-12875679bec7@group-6674C1167E0C-SegmentedRaftLogWorker] INFO  segmented.SegmentedRaftLogWorker (SegmentedRaftLogWorker.java:execute(574)) - 51deee32-efc8-49a8-a097-12875679bec7@group-6674C1167E0C-SegmentedRaftLogWorker: created new log segment /workdir/hadoop-ozone/integration-test/target/test-dir/MiniOzoneClusterImpl-f9931351-52ec-4503-b9cc-8bf63e1cd39f/datanode-0/data/ratis/67e912d9-b5da-47e3-b225-6674c1167e0c/current/log_inprogress_1
2019-10-12 10:21:59,113 [90ad4614-55d2-4680-b42d-d3edb0fdc15d@group-6674C1167E0C-SegmentedRaftLogWorker] INFO  segmented.SegmentedRaftLogWorker (SegmentedRaftLogWorker.java:execute(531)) - 90ad4614-55d2-4680-b42d-d3edb0fdc15d@group-6674C1167E0C-SegmentedRaftLogWorker: Rolled log segment from /workdir/hadoop-ozone/integration-test/target/test-dir/MiniOzoneClusterImpl-f9931351-52ec-4503-b9cc-8bf63e1cd39f/datanode-1/data/ratis/67e912d9-b5da-47e3-b225-6674c1167e0c/current/log_inprogress_0 to /workdir/hadoop-ozone/integration-test/target/test-dir/MiniOzoneClusterImpl-f9931351-52ec-4503-b9cc-8bf63e1cd39f/datanode-1/data/ratis/67e912d9-b5da-47e3-b225-6674c1167e0c/current/log_0-0
2019-10-12 10:21:59,114 [cf91553c-1d08-47b5-9609-e12b61a10915@group-6674C1167E0C-SegmentedRaftLogWorker] INFO  segmented.SegmentedRaftLogWorker (SegmentedRaftLogWorker.java:execute(531)) - cf91553c-1d08-47b5-9609-e12b61a10915@group-6674C1167E0C-SegmentedRaftLogWorker: Rolled log segment from /workdir/hadoop-ozone/integration-test/target/test-dir/MiniOzoneClusterImpl-f9931351-52ec-4503-b9cc-8bf63e1cd39f/datanode-2/data/ratis/67e912d9-b5da-47e3-b225-6674c1167e0c/current/log_inprogress_0 to /workdir/hadoop-ozone/integration-test/target/test-dir/MiniOzoneClusterImpl-f9931351-52ec-4503-b9cc-8bf63e1cd39f/datanode-2/data/ratis/67e912d9-b5da-47e3-b225-6674c1167e0c/current/log_0-0
2019-10-12 10:21:59,149 [90ad4614-55d2-4680-b42d-d3edb0fdc15d@group-6674C1167E0C-SegmentedRaftLogWorker] INFO  segmented.SegmentedRaftLogWorker (SegmentedRaftLogWorker.java:execute(574)) - 90ad4614-55d2-4680-b42d-d3edb0fdc15d@group-6674C1167E0C-SegmentedRaftLogWorker: created new log segment /workdir/hadoop-ozone/integration-test/target/test-dir/MiniOzoneClusterImpl-f9931351-52ec-4503-b9cc-8bf63e1cd39f/datanode-1/data/ratis/67e912d9-b5da-47e3-b225-6674c1167e0c/current/log_inprogress_1
2019-10-12 10:21:59,149 [cf91553c-1d08-47b5-9609-e12b61a10915@group-6674C1167E0C-SegmentedRaftLogWorker] INFO  segmented.SegmentedRaftLogWorker (SegmentedRaftLogWorker.java:execute(574)) - cf91553c-1d08-47b5-9609-e12b61a10915@group-6674C1167E0C-SegmentedRaftLogWorker: created new log segment /workdir/hadoop-ozone/integration-test/target/test-dir/MiniOzoneClusterImpl-f9931351-52ec-4503-b9cc-8bf63e1cd39f/datanode-2/data/ratis/67e912d9-b5da-47e3-b225-6674c1167e0c/current/log_inprogress_1
2019-10-12 10:22:00,379 [Datanode State Machine Thread - 0] INFO  statemachine.DatanodeStateMachine (DatanodeStateMachine.java:lambda$startDaemon$0(356)) - Ozone container server started.
2019-10-12 10:22:04,388 [main] INFO  ozoneimpl.OzoneContainer (OzoneContainer.java:stop(227)) - Attempting to stop container services.
2019-10-12 10:22:04,389 [main] INFO  impl.RaftServerProxy (RaftServerProxy.java:lambda$close$4(314)) - 51deee32-efc8-49a8-a097-12875679bec7: close
2019-10-12 10:22:04,390 [main] INFO  impl.RaftServerImpl (RaftServerImpl.java:lambda$shutdown$3(247)) - 51deee32-efc8-49a8-a097-12875679bec7@group-6674C1167E0C: shutdown
2019-10-12 10:22:04,390 [main] INFO  util.JmxRegister (JmxRegister.java:unregister(73)) - Successfully un-registered JMX Bean with object name Ratis:service=RaftServer,group=group-6674C1167E0C,id=51deee32-efc8-49a8-a097-12875679bec7
2019-10-12 10:22:04,391 [main] INFO  impl.RoleInfo (RoleInfo.java:shutdownLeaderState(104)) - 51deee32-efc8-49a8-a097-12875679bec7: shutdown LeaderState
2019-10-12 10:22:04,397 [main] INFO  impl.PendingRequests (PendingRequests.java:sendNotLeaderResponses(202)) - 51deee32-efc8-49a8-a097-12875679bec7@group-6674C1167E0C-PendingRequests: sendNotLeaderResponses
2019-10-12 10:22:04,397 [org.apache.ratis.server.impl.LogAppender$AppenderDaemon$$Lambda$877/172084877@ac94350] WARN  server.GrpcLogAppender (GrpcLogAppender.java:mayWait(143)) - 51deee32-efc8-49a8-a097-12875679bec7@group-6674C1167E0C->90ad4614-55d2-4680-b42d-d3edb0fdc15d-GrpcLogAppender: Wait interrupted by java.lang.InterruptedException
2019-10-12 10:22:04,397 [org.apache.ratis.server.impl.LogAppender$AppenderDaemon$$Lambda$877/172084877@4fcbdc6d] WARN  server.GrpcLogAppender (GrpcLogAppender.java:mayWait(143)) - 51deee32-efc8-49a8-a097-12875679bec7@group-6674C1167E0C->cf91553c-1d08-47b5-9609-e12b61a10915-GrpcLogAppender: Wait interrupted by java.lang.InterruptedException
2019-10-12 10:22:04,406 [51deee32-efc8-49a8-a097-12875679bec7@group-6674C1167E0C-StateMachineUpdater] INFO  ratis.ContainerStateMachine (ContainerStateMachine.java:takeSnapshot(294)) - group-6674C1167E0C: Taking a snapshot at:(t:3, i:4) file /workdir/hadoop-ozone/integration-test/target/test-dir/MiniOzoneClusterImpl-f9931351-52ec-4503-b9cc-8bf63e1cd39f/datanode-0/data/ratis/67e912d9-b5da-47e3-b225-6674c1167e0c/sm/snapshot.3_4
2019-10-12 10:22:04,406 [main] INFO  impl.StateMachineUpdater (StateMachineUpdater.java:stopAndJoin(136)) - 51deee32-efc8-49a8-a097-12875679bec7@group-6674C1167E0C-StateMachineUpdater: set stopIndex = 4
2019-10-12 10:22:04,410 [grpc-default-executor-6] INFO  server.GrpcServerProtocolService (GrpcServerProtocolService.java:onCompleted(113)) - 90ad4614-55d2-4680-b42d-d3edb0fdc15d: Completed APPEND_ENTRIES, lastRequest: 51deee32-efc8-49a8-a097-12875679bec7->90ad4614-55d2-4680-b42d-d3edb0fdc15d#7-t3, previous=(t:3, i:4), leaderCommit=4, initializing? false, entries: <empty>
2019-10-12 10:22:04,410 [grpc-default-executor-0] INFO  server.GrpcServerProtocolService (GrpcServerProtocolService.java:onCompleted(113)) - cf91553c-1d08-47b5-9609-e12b61a10915: Completed APPEND_ENTRIES, lastRequest: 51deee32-efc8-49a8-a097-12875679bec7->cf91553c-1d08-47b5-9609-e12b61a10915#7-t3, previous=(t:3, i:4), leaderCommit=4, initializing? false, entries: <empty>
2019-10-12 10:22:04,413 [grpc-default-executor-0] INFO  server.GrpcLogAppender (GrpcLogAppender.java:onCompleted(293)) - 51deee32-efc8-49a8-a097-12875679bec7@group-6674C1167E0C->cf91553c-1d08-47b5-9609-e12b61a10915-AppendLogResponseHandler: follower responses appendEntries COMPLETED
2019-10-12 10:22:04,413 [grpc-default-executor-15] INFO  server.GrpcLogAppender (GrpcLogAppender.java:onCompleted(293)) - 51deee32-efc8-49a8-a097-12875679bec7@group-6674C1167E0C->90ad4614-55d2-4680-b42d-d3edb0fdc15d-AppendLogResponseHandler: follower responses appendEntries COMPLETED
2019-10-12 10:22:04,416 [grpc-default-executor-0] INFO  impl.FollowerInfo (FollowerInfo.java:lambda$new$0(51)) - 51deee32-efc8-49a8-a097-12875679bec7@group-6674C1167E0C->cf91553c-1d08-47b5-9609-e12b61a10915: nextIndex: updateUnconditionally 5 -> 4
2019-10-12 10:22:04,417 [grpc-default-executor-15] INFO  impl.FollowerInfo (FollowerInfo.java:lambda$new$0(51)) - 51deee32-efc8-49a8-a097-12875679bec7@group-6674C1167E0C->90ad4614-55d2-4680-b42d-d3edb0fdc15d: nextIndex: updateUnconditionally 5 -> 4
2019-10-12 10:22:04,422 [51deee32-efc8-49a8-a097-12875679bec7@group-6674C1167E0C-StateMachineUpdater] INFO  ratis.ContainerStateMachine (ContainerStateMachine.java:takeSnapshot(305)) - group-6674C1167E0C: Finished taking a snapshot at:(t:3, i:4) file:/workdir/hadoop-ozone/integration-test/target/test-dir/MiniOzoneClusterImpl-f9931351-52ec-4503-b9cc-8bf63e1cd39f/datanode-0/data/ratis/67e912d9-b5da-47e3-b225-6674c1167e0c/sm/snapshot.3_4 time:16
2019-10-12 10:22:04,423 [51deee32-efc8-49a8-a097-12875679bec7@group-6674C1167E0C-StateMachineUpdater] INFO  impl.StateMachineUpdater (StateMachineUpdater.java:takeSnapshot(269)) - 51deee32-efc8-49a8-a097-12875679bec7@group-6674C1167E0C-StateMachineUpdater: Took a snapshot at index 4
2019-10-12 10:22:04,423 [51deee32-efc8-49a8-a097-12875679bec7@group-6674C1167E0C-StateMachineUpdater] INFO  impl.StateMachineUpdater (StateMachineUpdater.java:lambda$new$0(84)) - 51deee32-efc8-49a8-a097-12875679bec7@group-6674C1167E0C-StateMachineUpdater: snapshotIndex: updateIncreasingly -1 -> 4
2019-10-12 10:22:04,423 [main] INFO  impl.RaftServerImpl (ServerState.java:close(387)) - 51deee32-efc8-49a8-a097-12875679bec7@group-6674C1167E0C: closes. applyIndex: 4
2019-10-12 10:22:04,424 [51deee32-efc8-49a8-a097-12875679bec7@group-6674C1167E0C-SegmentedRaftLogWorker] INFO  segmented.SegmentedRaftLogWorker (SegmentedRaftLogWorker.java:run(316)) - 51deee32-efc8-49a8-a097-12875679bec7@group-6674C1167E0C-SegmentedRaftLogWorker was interrupted, exiting. There are 0 tasks remaining in the queue.
2019-10-12 10:22:04,426 [main] INFO  segmented.SegmentedRaftLogWorker (SegmentedRaftLogWorker.java:close(224)) - 51deee32-efc8-49a8-a097-12875679bec7@group-6674C1167E0C-SegmentedRaftLogWorker close()
2019-10-12 10:22:04,443 [main] INFO  impl.RaftServerImpl (RaftServerImpl.java:lambda$shutdown$3(247)) - 51deee32-efc8-49a8-a097-12875679bec7@group-AAA020DB2DCE: shutdown
2019-10-12 10:22:04,444 [main] INFO  util.JmxRegister (JmxRegister.java:unregister(73)) - Successfully un-registered JMX Bean with object name Ratis:service=RaftServer,group=group-AAA020DB2DCE,id=51deee32-efc8-49a8-a097-12875679bec7
2019-10-12 10:22:04,444 [main] INFO  impl.RoleInfo (RoleInfo.java:shutdownLeaderState(104)) - 51deee32-efc8-49a8-a097-12875679bec7: shutdown LeaderState
2019-10-12 10:22:04,444 [main] INFO  impl.PendingRequests (PendingRequests.java:sendNotLeaderResponses(202)) - 51deee32-efc8-49a8-a097-12875679bec7@group-AAA020DB2DCE-PendingRequests: sendNotLeaderResponses
2019-10-12 10:22:04,444 [main] INFO  impl.StateMachineUpdater (StateMachineUpdater.java:stopAndJoin(136)) - 51deee32-efc8-49a8-a097-12875679bec7@group-AAA020DB2DCE-StateMachineUpdater: set stopIndex = 0
2019-10-12 10:22:04,445 [main] INFO  impl.RaftServerImpl (ServerState.java:close(387)) - 51deee32-efc8-49a8-a097-12875679bec7@group-AAA020DB2DCE: closes. applyIndex: 0
2019-10-12 10:22:04,445 [51deee32-efc8-49a8-a097-12875679bec7@group-AAA020DB2DCE-SegmentedRaftLogWorker] INFO  segmented.SegmentedRaftLogWorker (SegmentedRaftLogWorker.java:run(316)) - 51deee32-efc8-49a8-a097-12875679bec7@group-AAA020DB2DCE-SegmentedRaftLogWorker was interrupted, exiting. There are 0 tasks remaining in the queue.
2019-10-12 10:22:04,445 [main] INFO  segmented.SegmentedRaftLogWorker (SegmentedRaftLogWorker.java:close(224)) - 51deee32-efc8-49a8-a097-12875679bec7@group-AAA020DB2DCE-SegmentedRaftLogWorker close()
2019-10-12 10:22:04,448 [main] INFO  server.GrpcService (GrpcService.java:closeImpl(164)) - 51deee32-efc8-49a8-a097-12875679bec7: shutdown server with port 35443 now
2019-10-12 10:22:04,449 [main] INFO  server.GrpcService (GrpcService.java:closeImpl(172)) - 51deee32-efc8-49a8-a097-12875679bec7: shutdown server with port 35443 successfully
2019-10-12 10:22:04,450 [refreshUsed-/workdir/hadoop-ozone/integration-test/target/test-dir/MiniOzoneClusterImpl-f9931351-52ec-4503-b9cc-8bf63e1cd39f/datanode-0/data/containers] WARN  fs.CachingGetSpaceUsed (CachingGetSpaceUsed.java:run(183)) - Thread Interrupted waiting to refresh disk information: sleep interrupted
2019-10-12 10:22:04,469 [main] INFO  utils.BackgroundService (BackgroundService.java:shutdown(151)) - Shutting down service BlockDeletingService
2019-10-12 10:22:04,476 [main] INFO  statemachine.DatanodeStateMachine (DatanodeStateMachine.java:stopDaemon(401)) - Ozone container server stopped.
2019-10-12 10:22:04,477 [main] INFO  handler.ContextHandler (ContextHandler.java:doStop(910)) - Stopped o.e.j.w.WebAppContext@22a6d75c{/,null,UNAVAILABLE}{/hddsDatanode}
2019-10-12 10:22:04,478 [main] INFO  server.AbstractConnector (AbstractConnector.java:doStop(318)) - Stopped ServerConnector@5a9840f3{HTTP/1.1,[http/1.1]}{0.0.0.0:0}
2019-10-12 10:22:04,478 [main] INFO  handler.ContextHandler (ContextHandler.java:doStop(910)) - Stopped o.e.j.s.ServletContextHandler@22f02996{/static,jar:file:/home/user/.m2/repository/org/apache/hadoop/hadoop-hdds-container-service/0.5.0-SNAPSHOT/hadoop-hdds-container-service-0.5.0-SNAPSHOT.jar!/webapps/static,UNAVAILABLE}
2019-10-12 10:22:04,479 [main] INFO  handler.ContextHandler (ContextHandler.java:doStop(910)) - Stopped o.e.j.s.ServletContextHandler@24134cbc{/logs,file:///workdir/hadoop-ozone/integration-test/target/log,UNAVAILABLE}
Pipeline Report Generate
Pipeline Report Generate
2019-10-12 10:22:14,284 [Thread-2449] INFO  impl.FollowerState (FollowerState.java:run(108)) - 90ad4614-55d2-4680-b42d-d3edb0fdc15d@group-6674C1167E0C-FollowerState: change to CANDIDATE, lastRpcTime:9965ms, electionTimeout:5163ms
2019-10-12 10:22:14,285 [Thread-2449] INFO  impl.RoleInfo (RoleInfo.java:shutdownFollowerState(121)) - 90ad4614-55d2-4680-b42d-d3edb0fdc15d: shutdown FollowerState
2019-10-12 10:22:14,285 [Thread-2449] INFO  impl.RaftServerImpl (RaftServerImpl.java:setRole(170)) - 90ad4614-55d2-4680-b42d-d3edb0fdc15d@group-6674C1167E0C: changes role from  FOLLOWER to CANDIDATE at term 3 for changeToCandidate
2019-10-12 10:22:14,286 [Thread-2449] INFO  impl.RoleInfo (RoleInfo.java:updateAndGet(143)) - 90ad4614-55d2-4680-b42d-d3edb0fdc15d: start LeaderElection
2019-10-12 10:22:14,301 [90ad4614-55d2-4680-b42d-d3edb0fdc15d@group-6674C1167E0C-LeaderElection104] INFO  impl.RaftServerImpl (ServerState.java:setLeader(255)) - 90ad4614-55d2-4680-b42d-d3edb0fdc15d@group-6674C1167E0C: change Leader from 51deee32-efc8-49a8-a097-12875679bec7 to null at term 3 for initElection
2019-10-12 10:22:14,316 [90ad4614-55d2-4680-b42d-d3edb0fdc15d@group-6674C1167E0C-LeaderElection104] INFO  impl.LeaderElection (LeaderElection.java:askForVotes(178)) - 90ad4614-55d2-4680-b42d-d3edb0fdc15d@group-6674C1167E0C-LeaderElection104: begin an election at term 4 for 1: [90ad4614-55d2-4680-b42d-d3edb0fdc15d:192.168.5.134:43140, 51deee32-efc8-49a8-a097-12875679bec7:192.168.5.134:35443, cf91553c-1d08-47b5-9609-e12b61a10915:192.168.5.134:42337], old=null
2019-10-12 10:22:14,320 [90ad4614-55d2-4680-b42d-d3edb0fdc15d@group-6674C1167E0C-LeaderElection104] INFO  impl.LeaderElection (LogUtils.java:infoOrTrace(149)) - 90ad4614-55d2-4680-b42d-d3edb0fdc15d@group-6674C1167E0C-LeaderElection104 got exception when requesting votes: {}
java.util.concurrent.ExecutionException: org.apache.ratis.thirdparty.io.grpc.StatusRuntimeException: UNAVAILABLE: io exception
	at java.util.concurrent.FutureTask.report(FutureTask.java:122)
	at java.util.concurrent.FutureTask.get(FutureTask.java:192)
	at org.apache.ratis.server.impl.LeaderElection.waitForResults(LeaderElection.java:259)
	at org.apache.ratis.server.impl.LeaderElection.askForVotes(LeaderElection.java:197)
	at org.apache.ratis.server.impl.LeaderElection.run(LeaderElection.java:133)
	at java.lang.Thread.run(Thread.java:748)
Caused by: org.apache.ratis.thirdparty.io.grpc.StatusRuntimeException: UNAVAILABLE: io exception
	at org.apache.ratis.thirdparty.io.grpc.stub.ClientCalls.toStatusRuntimeException(ClientCalls.java:233)
	at org.apache.ratis.thirdparty.io.grpc.stub.ClientCalls.getUnchecked(ClientCalls.java:214)
	at org.apache.ratis.thirdparty.io.grpc.stub.ClientCalls.blockingUnaryCall(ClientCalls.java:139)
	at org.apache.ratis.proto.grpc.RaftServerProtocolServiceGrpc$RaftServerProtocolServiceBlockingStub.requestVote(RaftServerProtocolServiceGrpc.java:265)
	at org.apache.ratis.grpc.server.GrpcServerProtocolClient.requestVote(GrpcServerProtocolClient.java:99)
	at org.apache.ratis.grpc.server.GrpcService.requestVote(GrpcService.java:204)
	at org.apache.ratis.server.impl.LeaderElection.lambda$submitRequests$1(LeaderElection.java:234)
	at java.util.concurrent.FutureTask.run(FutureTask.java:266)
	at java.util.concurrent.Executors$RunnableAdapter.call(Executors.java:511)
	at java.util.concurrent.FutureTask.run(FutureTask.java:266)
	at java.util.concurrent.ThreadPoolExecutor.runWorker(ThreadPoolExecutor.java:1149)
	at java.util.concurrent.ThreadPoolExecutor$Worker.run(ThreadPoolExecutor.java:624)
	... 1 more
Caused by: org.apache.ratis.thirdparty.io.netty.channel.AbstractChannel$AnnotatedConnectException: Connection refused: /192.168.5.134:35443
	at sun.nio.ch.SocketChannelImpl.checkConnect(Native Method)
	at sun.nio.ch.SocketChannelImpl.finishConnect(SocketChannelImpl.java:717)
	at org.apache.ratis.thirdparty.io.netty.channel.socket.nio.NioSocketChannel.doFinishConnect(NioSocketChannel.java:327)
	at org.apache.ratis.thirdparty.io.netty.channel.nio.AbstractNioChannel$AbstractNioUnsafe.finishConnect(AbstractNioChannel.java:340)
	at org.apache.ratis.thirdparty.io.netty.channel.nio.NioEventLoop.processSelectedKey(NioEventLoop.java:632)
	at org.apache.ratis.thirdparty.io.netty.channel.nio.NioEventLoop.processSelectedKeysOptimized(NioEventLoop.java:579)
	at org.apache.ratis.thirdparty.io.netty.channel.nio.NioEventLoop.processSelectedKeys(NioEventLoop.java:496)
	at org.apache.ratis.thirdparty.io.netty.channel.nio.NioEventLoop.run(NioEventLoop.java:458)
	at org.apache.ratis.thirdparty.io.netty.util.concurrent.SingleThreadEventExecutor$5.run(SingleThreadEventExecutor.java:897)
	at org.apache.ratis.thirdparty.io.netty.util.concurrent.FastThreadLocalRunnable.run(FastThreadLocalRunnable.java:30)
	... 1 more
Caused by: java.net.ConnectException: Connection refused
	... 11 more
2019-10-12 10:22:14,320 [grpc-default-executor-0] INFO  impl.RaftServerImpl (ServerState.java:setLeader(255)) - cf91553c-1d08-47b5-9609-e12b61a10915@group-6674C1167E0C: change Leader from 51deee32-efc8-49a8-a097-12875679bec7 to null at term 4 for updateCurrentTerm
2019-10-12 10:22:14,321 [grpc-default-executor-0] INFO  impl.RaftServerImpl (RaftServerImpl.java:setRole(170)) - cf91553c-1d08-47b5-9609-e12b61a10915@group-6674C1167E0C: changes role from  FOLLOWER to FOLLOWER at term 4 for recognizeCandidate:90ad4614-55d2-4680-b42d-d3edb0fdc15d
2019-10-12 10:22:14,321 [grpc-default-executor-0] INFO  impl.RoleInfo (RoleInfo.java:shutdownFollowerState(121)) - cf91553c-1d08-47b5-9609-e12b61a10915: shutdown FollowerState
2019-10-12 10:22:14,321 [grpc-default-executor-0] INFO  impl.RoleInfo (RoleInfo.java:updateAndGet(143)) - cf91553c-1d08-47b5-9609-e12b61a10915: start FollowerState
2019-10-12 10:22:14,321 [Thread-2452] INFO  impl.FollowerState (FollowerState.java:run(117)) - cf91553c-1d08-47b5-9609-e12b61a10915@group-6674C1167E0C-FollowerState was interrupted: java.lang.InterruptedException: sleep interrupted
2019-10-12 10:22:14,337 [90ad4614-55d2-4680-b42d-d3edb0fdc15d@group-6674C1167E0C-LeaderElection104] INFO  impl.LeaderElection (LeaderElection.java:logAndReturn(56)) - 90ad4614-55d2-4680-b42d-d3edb0fdc15d@group-6674C1167E0C-LeaderElection104: Election PASSED; received 1 response(s) [90ad4614-55d2-4680-b42d-d3edb0fdc15d<-cf91553c-1d08-47b5-9609-e12b61a10915#0:OK-t4] and 1 exception(s); 90ad4614-55d2-4680-b42d-d3edb0fdc15d@group-6674C1167E0C:t4, leader=null, voted=90ad4614-55d2-4680-b42d-d3edb0fdc15d, raftlog=90ad4614-55d2-4680-b42d-d3edb0fdc15d@group-6674C1167E0C-SegmentedRaftLog:OPENED:c4,f4,i4, conf=1: [90ad4614-55d2-4680-b42d-d3edb0fdc15d:192.168.5.134:43140, 51deee32-efc8-49a8-a097-12875679bec7:192.168.5.134:35443, cf91553c-1d08-47b5-9609-e12b61a10915:192.168.5.134:42337], old=null
2019-10-12 10:22:14,337 [90ad4614-55d2-4680-b42d-d3edb0fdc15d@group-6674C1167E0C-LeaderElection104] INFO  impl.LeaderElection (LogUtils.java:infoOrTrace(149)) -   Exception 0: {}
java.util.concurrent.ExecutionException: org.apache.ratis.thirdparty.io.grpc.StatusRuntimeException: UNAVAILABLE: io exception
	at java.util.concurrent.FutureTask.report(FutureTask.java:122)
	at java.util.concurrent.FutureTask.get(FutureTask.java:192)
	at org.apache.ratis.server.impl.LeaderElection.waitForResults(LeaderElection.java:259)
	at org.apache.ratis.server.impl.LeaderElection.askForVotes(LeaderElection.java:197)
	at org.apache.ratis.server.impl.LeaderElection.run(LeaderElection.java:133)
	at java.lang.Thread.run(Thread.java:748)
Caused by: org.apache.ratis.thirdparty.io.grpc.StatusRuntimeException: UNAVAILABLE: io exception
	at org.apache.ratis.thirdparty.io.grpc.stub.ClientCalls.toStatusRuntimeException(ClientCalls.java:233)
	at org.apache.ratis.thirdparty.io.grpc.stub.ClientCalls.getUnchecked(ClientCalls.java:214)
	at org.apache.ratis.thirdparty.io.grpc.stub.ClientCalls.blockingUnaryCall(ClientCalls.java:139)
	at org.apache.ratis.proto.grpc.RaftServerProtocolServiceGrpc$RaftServerProtocolServiceBlockingStub.requestVote(RaftServerProtocolServiceGrpc.java:265)
	at org.apache.ratis.grpc.server.GrpcServerProtocolClient.requestVote(GrpcServerProtocolClient.java:99)
	at org.apache.ratis.grpc.server.GrpcService.requestVote(GrpcService.java:204)
	at org.apache.ratis.server.impl.LeaderElection.lambda$submitRequests$1(LeaderElection.java:234)
	at java.util.concurrent.FutureTask.run(FutureTask.java:266)
	at java.util.concurrent.Executors$RunnableAdapter.call(Executors.java:511)
	at java.util.concurrent.FutureTask.run(FutureTask.java:266)
	at java.util.concurrent.ThreadPoolExecutor.runWorker(ThreadPoolExecutor.java:1149)
	at java.util.concurrent.ThreadPoolExecutor$Worker.run(ThreadPoolExecutor.java:624)
	... 1 more
Caused by: org.apache.ratis.thirdparty.io.netty.channel.AbstractChannel$AnnotatedConnectException: Connection refused: /192.168.5.134:35443
	at sun.nio.ch.SocketChannelImpl.checkConnect(Native Method)
	at sun.nio.ch.SocketChannelImpl.finishConnect(SocketChannelImpl.java:717)
	at org.apache.ratis.thirdparty.io.netty.channel.socket.nio.NioSocketChannel.doFinishConnect(NioSocketChannel.java:327)
	at org.apache.ratis.thirdparty.io.netty.channel.nio.AbstractNioChannel$AbstractNioUnsafe.finishConnect(AbstractNioChannel.java:340)
	at org.apache.ratis.thirdparty.io.netty.channel.nio.NioEventLoop.processSelectedKey(NioEventLoop.java:632)
	at org.apache.ratis.thirdparty.io.netty.channel.nio.NioEventLoop.processSelectedKeysOptimized(NioEventLoop.java:579)
	at org.apache.ratis.thirdparty.io.netty.channel.nio.NioEventLoop.processSelectedKeys(NioEventLoop.java:496)
	at org.apache.ratis.thirdparty.io.netty.channel.nio.NioEventLoop.run(NioEventLoop.java:458)
	at org.apache.ratis.thirdparty.io.netty.util.concurrent.SingleThreadEventExecutor$5.run(SingleThreadEventExecutor.java:897)
	at org.apache.ratis.thirdparty.io.netty.util.concurrent.FastThreadLocalRunnable.run(FastThreadLocalRunnable.java:30)
	... 1 more
Caused by: java.net.ConnectException: Connection refused
	... 11 more
2019-10-12 10:22:14,337 [90ad4614-55d2-4680-b42d-d3edb0fdc15d@group-6674C1167E0C-LeaderElection104] INFO  impl.RoleInfo (RoleInfo.java:shutdownLeaderElection(134)) - 90ad4614-55d2-4680-b42d-d3edb0fdc15d: shutdown LeaderElection
2019-10-12 10:22:14,337 [90ad4614-55d2-4680-b42d-d3edb0fdc15d@group-6674C1167E0C-LeaderElection104] INFO  impl.RaftServerImpl (RaftServerImpl.java:setRole(170)) - 90ad4614-55d2-4680-b42d-d3edb0fdc15d@group-6674C1167E0C: changes role from CANDIDATE to LEADER at term 4 for changeToLeader
2019-10-12 10:22:14,337 [90ad4614-55d2-4680-b42d-d3edb0fdc15d@group-6674C1167E0C-LeaderElection104] INFO  impl.RaftServerImpl (ServerState.java:setLeader(255)) - 90ad4614-55d2-4680-b42d-d3edb0fdc15d@group-6674C1167E0C: change Leader from null to 90ad4614-55d2-4680-b42d-d3edb0fdc15d at term 4 for becomeLeader, leader elected after 36ms
2019-10-12 10:22:14,337 [90ad4614-55d2-4680-b42d-d3edb0fdc15d@group-6674C1167E0C-LeaderElection104] INFO  server.RaftServerConfigKeys (ConfUtils.java:logGet(43)) - raft.server.staging.catchup.gap = 1000 (default)
2019-10-12 10:22:14,338 [90ad4614-55d2-4680-b42d-d3edb0fdc15d@group-6674C1167E0C-LeaderElection104] INFO  server.RaftServerConfigKeys (ConfUtils.java:logGet(43)) - raft.server.rpc.sleep.time = 25ms (default)
2019-10-12 10:22:14,338 [90ad4614-55d2-4680-b42d-d3edb0fdc15d@group-6674C1167E0C-LeaderElection104] INFO  server.RaftServerConfigKeys (ConfUtils.java:logGet(43)) - raft.server.write.element-limit = 4096 (default)
2019-10-12 10:22:14,338 [90ad4614-55d2-4680-b42d-d3edb0fdc15d@group-6674C1167E0C-LeaderElection104] INFO  server.RaftServerConfigKeys (ConfUtils.java:logGet(43)) - raft.server.watch.timeout = 10s (default)
2019-10-12 10:22:14,338 [90ad4614-55d2-4680-b42d-d3edb0fdc15d@group-6674C1167E0C-LeaderElection104] INFO  server.RaftServerConfigKeys (ConfUtils.java:logGet(43)) - raft.server.watch.timeout.denomination = 1s (default)
2019-10-12 10:22:14,338 [90ad4614-55d2-4680-b42d-d3edb0fdc15d@group-6674C1167E0C-LeaderElection104] INFO  server.RaftServerConfigKeys (ConfUtils.java:logGet(43)) - raft.server.watch.element-limit = 65536 (default)
2019-10-12 10:22:14,341 [90ad4614-55d2-4680-b42d-d3edb0fdc15d@group-6674C1167E0C-LeaderElection104] INFO  server.RaftServerConfigKeys (ConfUtils.java:logGet(43)) - raft.server.log.appender.snapshot.chunk.size.max = 16MB (=16777216) (default)
2019-10-12 10:22:14,341 [90ad4614-55d2-4680-b42d-d3edb0fdc15d@group-6674C1167E0C-LeaderElection104] INFO  server.RaftServerConfigKeys (ConfUtils.java:logGet(43)) - raft.server.log.appender.buffer.byte-limit = 33554432 (custom)
2019-10-12 10:22:14,341 [90ad4614-55d2-4680-b42d-d3edb0fdc15d@group-6674C1167E0C-LeaderElection104] INFO  server.RaftServerConfigKeys (ConfUtils.java:logGet(43)) - raft.server.log.appender.buffer.element-limit = 1 (custom)
2019-10-12 10:22:14,341 [90ad4614-55d2-4680-b42d-d3edb0fdc15d@group-6674C1167E0C-LeaderElection104] INFO  grpc.GrpcConfigKeys$Server (ConfUtils.java:logGet(43)) - raft.grpc.server.leader.outstanding.appends.max = 128 (default)
2019-10-12 10:22:14,341 [90ad4614-55d2-4680-b42d-d3edb0fdc15d@group-6674C1167E0C-LeaderElection104] INFO  server.RaftServerConfigKeys (ConfUtils.java:logGet(43)) - raft.server.rpc.request.timeout = 3000ms (default)
2019-10-12 10:22:14,341 [90ad4614-55d2-4680-b42d-d3edb0fdc15d@group-6674C1167E0C-LeaderElection104] INFO  server.RaftServerConfigKeys (ConfUtils.java:logGet(43)) - raft.server.log.appender.install.snapshot.enabled = false (custom)
2019-10-12 10:22:14,342 [90ad4614-55d2-4680-b42d-d3edb0fdc15d@group-6674C1167E0C-LeaderElection104] INFO  server.RaftServerConfigKeys (ConfUtils.java:logGet(43)) - raft.server.log.appender.snapshot.chunk.size.max = 16MB (=16777216) (default)
2019-10-12 10:22:14,342 [90ad4614-55d2-4680-b42d-d3edb0fdc15d@group-6674C1167E0C-LeaderElection104] INFO  server.RaftServerConfigKeys (ConfUtils.java:logGet(43)) - raft.server.log.appender.buffer.byte-limit = 33554432 (custom)
2019-10-12 10:22:14,342 [90ad4614-55d2-4680-b42d-d3edb0fdc15d@group-6674C1167E0C-LeaderElection104] INFO  server.RaftServerConfigKeys (ConfUtils.java:logGet(43)) - raft.server.log.appender.buffer.element-limit = 1 (custom)
2019-10-12 10:22:14,342 [90ad4614-55d2-4680-b42d-d3edb0fdc15d@group-6674C1167E0C-LeaderElection104] INFO  grpc.GrpcConfigKeys$Server (ConfUtils.java:logGet(43)) - raft.grpc.server.leader.outstanding.appends.max = 128 (default)
2019-10-12 10:22:14,342 [90ad4614-55d2-4680-b42d-d3edb0fdc15d@group-6674C1167E0C-LeaderElection104] INFO  server.RaftServerConfigKeys (ConfUtils.java:logGet(43)) - raft.server.rpc.request.timeout = 3000ms (default)
2019-10-12 10:22:14,342 [90ad4614-55d2-4680-b42d-d3edb0fdc15d@group-6674C1167E0C-LeaderElection104] INFO  server.RaftServerConfigKeys (ConfUtils.java:logGet(43)) - raft.server.log.appender.install.snapshot.enabled = false (custom)
2019-10-12 10:22:14,342 [90ad4614-55d2-4680-b42d-d3edb0fdc15d@group-6674C1167E0C-LeaderElection104] INFO  impl.RoleInfo (RoleInfo.java:updateAndGet(143)) - 90ad4614-55d2-4680-b42d-d3edb0fdc15d: start LeaderState
2019-10-12 10:22:14,343 [90ad4614-55d2-4680-b42d-d3edb0fdc15d@group-6674C1167E0C-LeaderElection104] INFO  segmented.SegmentedRaftLogWorker (SegmentedRaftLogWorker.java:rollLogSegment(390)) - 90ad4614-55d2-4680-b42d-d3edb0fdc15d@group-6674C1167E0C-SegmentedRaftLogWorker: Rolling segment log-1_4 to index:4
2019-10-12 10:22:14,344 [90ad4614-55d2-4680-b42d-d3edb0fdc15d@group-6674C1167E0C-LeaderElection104] INFO  impl.RaftServerImpl (ServerState.java:setRaftConf(356)) - 90ad4614-55d2-4680-b42d-d3edb0fdc15d@group-6674C1167E0C: set configuration 5: [90ad4614-55d2-4680-b42d-d3edb0fdc15d:192.168.5.134:43140, 51deee32-efc8-49a8-a097-12875679bec7:192.168.5.134:35443, cf91553c-1d08-47b5-9609-e12b61a10915:192.168.5.134:42337], old=null at 5
2019-10-12 10:22:14,344 [grpc-default-executor-0] WARN  server.GrpcLogAppender (LogUtils.java:warn(134)) - 90ad4614-55d2-4680-b42d-d3edb0fdc15d@group-6674C1167E0C->51deee32-efc8-49a8-a097-12875679bec7-AppendLogResponseHandler: Failed appendEntries: org.apache.ratis.thirdparty.io.grpc.StatusRuntimeException: UNAVAILABLE: io exception
2019-10-12 10:22:14,344 [90ad4614-55d2-4680-b42d-d3edb0fdc15d@group-6674C1167E0C-SegmentedRaftLogWorker] INFO  segmented.SegmentedRaftLogWorker (SegmentedRaftLogWorker.java:execute(531)) - 90ad4614-55d2-4680-b42d-d3edb0fdc15d@group-6674C1167E0C-SegmentedRaftLogWorker: Rolled log segment from /workdir/hadoop-ozone/integration-test/target/test-dir/MiniOzoneClusterImpl-f9931351-52ec-4503-b9cc-8bf63e1cd39f/datanode-1/data/ratis/67e912d9-b5da-47e3-b225-6674c1167e0c/current/log_inprogress_1 to /workdir/hadoop-ozone/integration-test/target/test-dir/MiniOzoneClusterImpl-f9931351-52ec-4503-b9cc-8bf63e1cd39f/datanode-1/data/ratis/67e912d9-b5da-47e3-b225-6674c1167e0c/current/log_1-4
2019-10-12 10:22:14,345 [grpc-default-executor-15] INFO  impl.RaftServerImpl (ServerState.java:setLeader(255)) - cf91553c-1d08-47b5-9609-e12b61a10915@group-6674C1167E0C: change Leader from null to 90ad4614-55d2-4680-b42d-d3edb0fdc15d at term 4 for appendEntries, leader elected after 24ms
2019-10-12 10:22:14,345 [grpc-default-executor-0] INFO  impl.FollowerInfo (FollowerInfo.java:lambda$new$0(51)) - 90ad4614-55d2-4680-b42d-d3edb0fdc15d@group-6674C1167E0C->51deee32-efc8-49a8-a097-12875679bec7: nextIndex: updateUnconditionally 5 -> 1
2019-10-12 10:22:14,347 [grpc-default-executor-0] INFO  impl.RaftServerImpl (ServerState.java:setRaftConf(356)) - cf91553c-1d08-47b5-9609-e12b61a10915@group-6674C1167E0C: set configuration 5: [90ad4614-55d2-4680-b42d-d3edb0fdc15d:192.168.5.134:43140, 51deee32-efc8-49a8-a097-12875679bec7:192.168.5.134:35443, cf91553c-1d08-47b5-9609-e12b61a10915:192.168.5.134:42337], old=null at 5
2019-10-12 10:22:14,348 [grpc-default-executor-0] INFO  segmented.SegmentedRaftLogWorker (SegmentedRaftLogWorker.java:rollLogSegment(390)) - cf91553c-1d08-47b5-9609-e12b61a10915@group-6674C1167E0C-SegmentedRaftLogWorker: Rolling segment log-1_4 to index:4
2019-10-12 10:22:14,349 [cf91553c-1d08-47b5-9609-e12b61a10915@group-6674C1167E0C-SegmentedRaftLogWorker] INFO  segmented.SegmentedRaftLogWorker (SegmentedRaftLogWorker.java:execute(531)) - cf91553c-1d08-47b5-9609-e12b61a10915@group-6674C1167E0C-SegmentedRaftLogWorker: Rolled log segment from /workdir/hadoop-ozone/integration-test/target/test-dir/MiniOzoneClusterImpl-f9931351-52ec-4503-b9cc-8bf63e1cd39f/datanode-2/data/ratis/67e912d9-b5da-47e3-b225-6674c1167e0c/current/log_inprogress_1 to /workdir/hadoop-ozone/integration-test/target/test-dir/MiniOzoneClusterImpl-f9931351-52ec-4503-b9cc-8bf63e1cd39f/datanode-2/data/ratis/67e912d9-b5da-47e3-b225-6674c1167e0c/current/log_1-4
2019-10-12 10:22:14,391 [cf91553c-1d08-47b5-9609-e12b61a10915@group-6674C1167E0C-SegmentedRaftLogWorker] INFO  segmented.SegmentedRaftLogWorker (SegmentedRaftLogWorker.java:execute(574)) - cf91553c-1d08-47b5-9609-e12b61a10915@group-6674C1167E0C-SegmentedRaftLogWorker: created new log segment /workdir/hadoop-ozone/integration-test/target/test-dir/MiniOzoneClusterImpl-f9931351-52ec-4503-b9cc-8bf63e1cd39f/datanode-2/data/ratis/67e912d9-b5da-47e3-b225-6674c1167e0c/current/log_inprogress_5
2019-10-12 10:22:14,391 [90ad4614-55d2-4680-b42d-d3edb0fdc15d@group-6674C1167E0C-SegmentedRaftLogWorker] INFO  segmented.SegmentedRaftLogWorker (SegmentedRaftLogWorker.java:execute(574)) - 90ad4614-55d2-4680-b42d-d3edb0fdc15d@group-6674C1167E0C-SegmentedRaftLogWorker: created new log segment /workdir/hadoop-ozone/integration-test/target/test-dir/MiniOzoneClusterImpl-f9931351-52ec-4503-b9cc-8bf63e1cd39f/datanode-1/data/ratis/67e912d9-b5da-47e3-b225-6674c1167e0c/current/log_inprogress_5
2019-10-12 10:22:14,410 [grpc-default-executor-6] WARN  server.GrpcLogAppender (LogUtils.java:warn(134)) - 90ad4614-55d2-4680-b42d-d3edb0fdc15d@group-6674C1167E0C->51deee32-efc8-49a8-a097-12875679bec7-AppendLogResponseHandler: Failed appendEntries: org.apache.ratis.thirdparty.io.grpc.StatusRuntimeException: UNAVAILABLE: io exception
2019-10-12 10:22:14,410 [grpc-default-executor-6] INFO  impl.FollowerInfo (FollowerInfo.java:lambda$new$0(51)) - 90ad4614-55d2-4680-b42d-d3edb0fdc15d@group-6674C1167E0C->51deee32-efc8-49a8-a097-12875679bec7: nextIndex: updateUnconditionally 2 -> 1
2019-10-12 10:22:14,430 [grpc-default-executor-0] WARN  server.GrpcLogAppender (LogUtils.java:warn(134)) - 90ad4614-55d2-4680-b42d-d3edb0fdc15d@group-6674C1167E0C->51deee32-efc8-49a8-a097-12875679bec7-AppendLogResponseHandler: Failed appendEntries: org.apache.ratis.thirdparty.io.grpc.StatusRuntimeException: UNAVAILABLE: io exception
2019-10-12 10:22:14,430 [grpc-default-executor-0] INFO  impl.FollowerInfo (FollowerInfo.java:lambda$new$0(51)) - 90ad4614-55d2-4680-b42d-d3edb0fdc15d@group-6674C1167E0C->51deee32-efc8-49a8-a097-12875679bec7: nextIndex: updateUnconditionally 2 -> 1
]]></system-out>
  </testcase>
</testsuite>